[{"Plan": {"Node Type": "Sort","Parallel Aware": false,"Async Capable": false,"Startup Cost": 88442.96,"Total Cost": 88443.23,"Plan Rows": 108,"Plan Width": 51,"Actual Startup Time": 894.306,"Actual Total Time": 894.341,"Actual Rows": 189,"Actual Loops": 1,"Sort Key": ["supplier.s_name"],"Sort Method": "quicksort","Sort Space Used": 42,"Sort Space Type": "Memory","Plans": [{"Node Type": "Hash Join","Parent Relationship": "Outer","Parallel Aware": false,"Async Capable": false,"Join Type": "Semi","Startup Cost": 88199.59,"Total Cost": 88439.31,"Plan Rows": 108,"Plan Width": 51,"Actual Startup Time": 890.123,"Actual Total Time": 893.967,"Actual Rows": 189,"Actual Loops": 1,"Inner Unique": false,"Hash Cond": "(supplier.s_suppkey = partsupp.ps_suppkey)","Plans": [{"Node Type": "Nested Loop","Parent Relationship": "Outer","Parallel Aware": false,"Async Capable": false,"Join Type": "Inner","Startup Cost": 7.38,"Total Cost": 244.58,"Plan Rows": 400,"Plan Width": 55,"Actual Startup Time": 0.236,"Actual Total Time": 3.947,"Actual Rows": 411,"Actual Loops": 1,"Inner Unique": false,"Plans": [{"Node Type": "Seq Scan","Parent Relationship": "Outer","Parallel Aware": false,"Async Capable": false,"Relation Name": "nation","Alias": "nation","Startup Cost": 0.00,"Total Cost": 1.31,"Plan Rows": 1,"Plan Width": 4,"Actual Startup Time": 0.064,"Actual Total Time": 0.083,"Actual Rows": 1,"Actual Loops": 1,"Filter": "(n_name = 'SAUDI ARABIA'::bpchar)","Rows Removed by Filter": 24},{"Node Type": "Bitmap Heap Scan","Parent Relationship": "Inner","Parallel Aware": false,"Async Capable": false,"Relation Name": "supplier","Alias": "supplier","Startup Cost": 7.38,"Total Cost": 239.27,"Plan Rows": 400,"Plan Width": 59,"Actual Startup Time": 0.165,"Actual Total Time": 3.802,"Actual Rows": 411,"Actual Loops": 1,"Recheck Cond": "(s_nationkey = nation.n_nationkey)","Rows Removed by Index Recheck": 0,"Exact Heap Blocks": 182,"Lossy Heap Blocks": 0,"Plans": [{"Node Type": "Bitmap Index Scan","Parent Relationship": "Outer","Parallel Aware": false,"Async Capable": false,"Index Name": "idx_supplier_nation_key","Startup Cost": 0.00,"Total Cost": 7.29,"Plan Rows": 400,"Plan Width": 0,"Actual Startup Time": 0.113,"Actual Total Time": 0.116,"Actual Rows": 411,"Actual Loops": 1,"Index Cond": "(s_nationkey = nation.n_nationkey)"}]}]},{"Node Type": "Hash","Parent Relationship": "Inner","Parallel Aware": false,"Async Capable": false,"Startup Cost": 88158.53,"Total Cost": 88158.53,"Plan Rows": 2694,"Plan Width": 4,"Actual Startup Time": 889.824,"Actual Total Time": 889.838,"Actual Rows": 5838,"Actual Loops": 1,"Hash Buckets": 8192,"Original Hash Buckets": 4096,"Hash Batches": 1,"Original Hash Batches": 1,"Peak Memory Usage": 270,"Plans": [{"Node Type": "Nested Loop","Parent Relationship": "Outer","Parallel Aware": false,"Async Capable": false,"Join Type": "Inner","Startup Cost": 0.42,"Total Cost": 88158.53,"Plan Rows": 2694,"Plan Width": 4,"Actual Startup Time": 0.818,"Actual Total Time": 885.260,"Actual Rows": 5838,"Actual Loops": 1,"Inner Unique": false,"Plans": [{"Node Type": "Seq Scan","Parent Relationship": "Outer","Parallel Aware": false,"Async Capable": false,"Relation Name": "part","Alias": "part","Startup Cost": 0.00,"Total Cost": 6597.00,"Plan Rows": 2020,"Plan Width": 4,"Actual Startup Time": 0.208,"Actual Total Time": 196.403,"Actual Rows": 2147,"Actual Loops": 1,"Filter": "((p_name)::text ~~ 'peru%'::text)","Rows Removed by Filter": 197853},{"Node Type": "Index Scan","Parent Relationship": "Inner","Parallel Aware": false,"Async Capable": false,"Scan Direction": "Forward","Index Name": "idx_partsupp_partkey","Relation Name": "partsupp","Alias": "partsupp","Startup Cost": 0.42,"Total Cost": 40.36,"Plan Rows": 1,"Plan Width": 8,"Actual Startup Time": 0.136,"Actual Total Time": 0.320,"Actual Rows": 3,"Actual Loops": 2147,"Index Cond": "(ps_partkey = part.p_partkey)","Rows Removed by Index Recheck": 0,"Filter": "((ps_availqty)::numeric > (SubPlan 1))","Rows Removed by Filter": 1,"Plans": [{"Node Type": "Aggregate","Strategy": "Plain","Partial Mode": "Simple","Parent Relationship": "SubPlan","Subplan Name": "SubPlan 1","Parallel Aware": false,"Async Capable": false,"Startup Cost": 8.46,"Total Cost": 8.47,"Plan Rows": 1,"Plan Width": 32,"Actual Startup Time": 0.072,"Actual Total Time": 0.072,"Actual Rows": 1,"Actual Loops": 8588,"Plans": [{"Node Type": "Index Scan","Parent Relationship": "Outer","Parallel Aware": false,"Async Capable": false,"Scan Direction": "Forward","Index Name": "idx_lineitem_part_supp","Relation Name": "lineitem","Alias": "lineitem","Startup Cost": 0.43,"Total Cost": 8.46,"Plan Rows": 0,"Plan Width": 5,"Actual Startup Time": 0.044,"Actual Total Time": 0.071,"Actual Rows": 1,"Actual Loops": 8588,"Index Cond": "((l_partkey = partsupp.ps_partkey) AND (l_suppkey = partsupp.ps_suppkey))","Rows Removed by Index Recheck": 0,"Filter": "((l_shipdate >= '1997-01-01'::date) AND (l_shipdate < '1998-01-01 00:00:00'::timestamp without time zone))","Rows Removed by Filter": 6}]}]}]}]}]}]},"Planning Time": 7.476,"Triggers": [],"Execution Time": 894.568}]
[{"Plan": {"Node Type": "Sort","Parallel Aware": false,"Async Capable": false,"Startup Cost": 88442.96,"Total Cost": 88443.23,"Plan Rows": 108,"Plan Width": 51,"Actual Startup Time": 972.659,"Actual Total Time": 972.696,"Actual Rows": 181,"Actual Loops": 1,"Sort Key": ["supplier.s_name"],"Sort Method": "quicksort","Sort Space Used": 42,"Sort Space Type": "Memory","Plans": [{"Node Type": "Hash Join","Parent Relationship": "Outer","Parallel Aware": false,"Async Capable": false,"Join Type": "Semi","Startup Cost": 88199.59,"Total Cost": 88439.31,"Plan Rows": 108,"Plan Width": 51,"Actual Startup Time": 968.489,"Actual Total Time": 972.335,"Actual Rows": 181,"Actual Loops": 1,"Inner Unique": false,"Hash Cond": "(supplier.s_suppkey = partsupp.ps_suppkey)","Plans": [{"Node Type": "Nested Loop","Parent Relationship": "Outer","Parallel Aware": false,"Async Capable": false,"Join Type": "Inner","Startup Cost": 7.38,"Total Cost": 244.58,"Plan Rows": 400,"Plan Width": 55,"Actual Startup Time": 0.260,"Actual Total Time": 4.020,"Actual Rows": 393,"Actual Loops": 1,"Inner Unique": false,"Plans": [{"Node Type": "Seq Scan","Parent Relationship": "Outer","Parallel Aware": false,"Async Capable": false,"Relation Name": "nation","Alias": "nation","Startup Cost": 0.00,"Total Cost": 1.31,"Plan Rows": 1,"Plan Width": 4,"Actual Startup Time": 0.065,"Actual Total Time": 0.101,"Actual Rows": 1,"Actual Loops": 1,"Filter": "(n_name = 'IRAN'::bpchar)","Rows Removed by Filter": 24},{"Node Type": "Bitmap Heap Scan","Parent Relationship": "Inner","Parallel Aware": false,"Async Capable": false,"Relation Name": "supplier","Alias": "supplier","Startup Cost": 7.38,"Total Cost": 239.27,"Plan Rows": 400,"Plan Width": 59,"Actual Startup Time": 0.191,"Actual Total Time": 3.849,"Actual Rows": 393,"Actual Loops": 1,"Recheck Cond": "(s_nationkey = nation.n_nationkey)","Rows Removed by Index Recheck": 0,"Exact Heap Blocks": 179,"Lossy Heap Blocks": 0,"Plans": [{"Node Type": "Bitmap Index Scan","Parent Relationship": "Outer","Parallel Aware": false,"Async Capable": false,"Index Name": "idx_supplier_nation_key","Startup Cost": 0.00,"Total Cost": 7.29,"Plan Rows": 400,"Plan Width": 0,"Actual Startup Time": 0.118,"Actual Total Time": 0.121,"Actual Rows": 393,"Actual Loops": 1,"Index Cond": "(s_nationkey = nation.n_nationkey)"}]}]},{"Node Type": "Hash","Parent Relationship": "Inner","Parallel Aware": false,"Async Capable": false,"Startup Cost": 88158.53,"Total Cost": 88158.53,"Plan Rows": 2694,"Plan Width": 4,"Actual Startup Time": 968.151,"Actual Total Time": 968.161,"Actual Rows": 5917,"Actual Loops": 1,"Hash Buckets": 8192,"Original Hash Buckets": 4096,"Hash Batches": 1,"Original Hash Batches": 1,"Peak Memory Usage": 273,"Plans": [{"Node Type": "Nested Loop","Parent Relationship": "Outer","Parallel Aware": false,"Async Capable": false,"Join Type": "Inner","Startup Cost": 0.42,"Total Cost": 88158.53,"Plan Rows": 2694,"Plan Width": 4,"Actual Startup Time": 0.845,"Actual Total Time": 964.206,"Actual Rows": 5917,"Actual Loops": 1,"Inner Unique": false,"Plans": [{"Node Type": "Seq Scan","Parent Relationship": "Outer","Parallel Aware": false,"Async Capable": false,"Relation Name": "part","Alias": "part","Startup Cost": 0.00,"Total Cost": 6597.00,"Plan Rows": 2020,"Plan Width": 4,"Actual Startup Time": 0.214,"Actual Total Time": 179.967,"Actual Rows": 2176,"Actual Loops": 1,"Filter": "((p_name)::text ~~ 'yellow%'::text)","Rows Removed by Filter": 197824},{"Node Type": "Index Scan","Parent Relationship": "Inner","Parallel Aware": false,"Async Capable": false,"Scan Direction": "Forward","Index Name": "idx_partsupp_partkey","Relation Name": "partsupp","Alias": "partsupp","Startup Cost": 0.42,"Total Cost": 40.36,"Plan Rows": 1,"Plan Width": 8,"Actual Startup Time": 0.150,"Actual Total Time": 0.360,"Actual Rows": 3,"Actual Loops": 2176,"Index Cond": "(ps_partkey = part.p_partkey)","Rows Removed by Index Recheck": 0,"Filter": "((ps_availqty)::numeric > (SubPlan 1))","Rows Removed by Filter": 1,"Plans": [{"Node Type": "Aggregate","Strategy": "Plain","Partial Mode": "Simple","Parent Relationship": "SubPlan","Subplan Name": "SubPlan 1","Parallel Aware": false,"Async Capable": false,"Startup Cost": 8.46,"Total Cost": 8.47,"Plan Rows": 1,"Plan Width": 32,"Actual Startup Time": 0.082,"Actual Total Time": 0.082,"Actual Rows": 1,"Actual Loops": 8704,"Plans": [{"Node Type": "Index Scan","Parent Relationship": "Outer","Parallel Aware": false,"Async Capable": false,"Scan Direction": "Forward","Index Name": "idx_lineitem_part_supp","Relation Name": "lineitem","Alias": "lineitem","Startup Cost": 0.43,"Total Cost": 8.46,"Plan Rows": 0,"Plan Width": 5,"Actual Startup Time": 0.050,"Actual Total Time": 0.081,"Actual Rows": 1,"Actual Loops": 8704,"Index Cond": "((l_partkey = partsupp.ps_partkey) AND (l_suppkey = partsupp.ps_suppkey))","Rows Removed by Index Recheck": 0,"Filter": "((l_shipdate >= '1994-01-01'::date) AND (l_shipdate < '1995-01-01 00:00:00'::timestamp without time zone))","Rows Removed by Filter": 6}]}]}]}]}]}]},"Planning Time": 5.930,"Triggers": [],"Execution Time": 972.989}]
[{"Plan": {"Node Type": "Sort","Parallel Aware": false,"Async Capable": false,"Startup Cost": 88442.96,"Total Cost": 88443.23,"Plan Rows": 108,"Plan Width": 51,"Actual Startup Time": 964.199,"Actual Total Time": 964.237,"Actual Rows": 207,"Actual Loops": 1,"Sort Key": ["supplier.s_name"],"Sort Method": "quicksort","Sort Space Used": 44,"Sort Space Type": "Memory","Plans": [{"Node Type": "Hash Join","Parent Relationship": "Outer","Parallel Aware": false,"Async Capable": false,"Join Type": "Semi","Startup Cost": 88199.59,"Total Cost": 88439.31,"Plan Rows": 108,"Plan Width": 51,"Actual Startup Time": 959.855,"Actual Total Time": 963.880,"Actual Rows": 207,"Actual Loops": 1,"Inner Unique": false,"Hash Cond": "(supplier.s_suppkey = partsupp.ps_suppkey)","Plans": [{"Node Type": "Nested Loop","Parent Relationship": "Outer","Parallel Aware": false,"Async Capable": false,"Join Type": "Inner","Startup Cost": 7.38,"Total Cost": 244.58,"Plan Rows": 400,"Plan Width": 55,"Actual Startup Time": 0.340,"Actual Total Time": 4.270,"Actual Rows": 438,"Actual Loops": 1,"Inner Unique": false,"Plans": [{"Node Type": "Seq Scan","Parent Relationship": "Outer","Parallel Aware": false,"Async Capable": false,"Relation Name": "nation","Alias": "nation","Startup Cost": 0.00,"Total Cost": 1.31,"Plan Rows": 1,"Plan Width": 4,"Actual Startup Time": 0.081,"Actual Total Time": 0.117,"Actual Rows": 1,"Actual Loops": 1,"Filter": "(n_name = 'IRAQ'::bpchar)","Rows Removed by Filter": 24},{"Node Type": "Bitmap Heap Scan","Parent Relationship": "Inner","Parallel Aware": false,"Async Capable": false,"Relation Name": "supplier","Alias": "supplier","Startup Cost": 7.38,"Total Cost": 239.27,"Plan Rows": 400,"Plan Width": 59,"Actual Startup Time": 0.251,"Actual Total Time": 4.091,"Actual Rows": 438,"Actual Loops": 1,"Recheck Cond": "(s_nationkey = nation.n_nationkey)","Rows Removed by Index Recheck": 0,"Exact Heap Blocks": 194,"Lossy Heap Blocks": 0,"Plans": [{"Node Type": "Bitmap Index Scan","Parent Relationship": "Outer","Parallel Aware": false,"Async Capable": false,"Index Name": "idx_supplier_nation_key","Startup Cost": 0.00,"Total Cost": 7.29,"Plan Rows": 400,"Plan Width": 0,"Actual Startup Time": 0.176,"Actual Total Time": 0.182,"Actual Rows": 438,"Actual Loops": 1,"Index Cond": "(s_nationkey = nation.n_nationkey)"}]}]},{"Node Type": "Hash","Parent Relationship": "Inner","Parallel Aware": false,"Async Capable": false,"Startup Cost": 88158.53,"Total Cost": 88158.53,"Plan Rows": 2694,"Plan Width": 4,"Actual Startup Time": 959.393,"Actual Total Time": 959.405,"Actual Rows": 5880,"Actual Loops": 1,"Hash Buckets": 8192,"Original Hash Buckets": 4096,"Hash Batches": 1,"Original Hash Batches": 1,"Peak Memory Usage": 271,"Plans": [{"Node Type": "Nested Loop","Parent Relationship": "Outer","Parallel Aware": false,"Async Capable": false,"Join Type": "Inner","Startup Cost": 0.42,"Total Cost": 88158.53,"Plan Rows": 2694,"Plan Width": 4,"Actual Startup Time": 0.930,"Actual Total Time": 955.069,"Actual Rows": 5880,"Actual Loops": 1,"Inner Unique": false,"Plans": [{"Node Type": "Seq Scan","Parent Relationship": "Outer","Parallel Aware": false,"Async Capable": false,"Relation Name": "part","Alias": "part","Startup Cost": 0.00,"Total Cost": 6597.00,"Plan Rows": 2020,"Plan Width": 4,"Actual Startup Time": 0.330,"Actual Total Time": 179.290,"Actual Rows": 2176,"Actual Loops": 1,"Filter": "((p_name)::text ~~ 'sienna%'::text)","Rows Removed by Filter": 197824},{"Node Type": "Index Scan","Parent Relationship": "Inner","Parallel Aware": false,"Async Capable": false,"Scan Direction": "Forward","Index Name": "idx_partsupp_partkey","Relation Name": "partsupp","Alias": "partsupp","Startup Cost": 0.42,"Total Cost": 40.36,"Plan Rows": 1,"Plan Width": 8,"Actual Startup Time": 0.150,"Actual Total Time": 0.356,"Actual Rows": 3,"Actual Loops": 2176,"Index Cond": "(ps_partkey = part.p_partkey)","Rows Removed by Index Recheck": 0,"Filter": "((ps_availqty)::numeric > (SubPlan 1))","Rows Removed by Filter": 1,"Plans": [{"Node Type": "Aggregate","Strategy": "Plain","Partial Mode": "Simple","Parent Relationship": "SubPlan","Subplan Name": "SubPlan 1","Parallel Aware": false,"Async Capable": false,"Startup Cost": 8.46,"Total Cost": 8.47,"Plan Rows": 1,"Plan Width": 32,"Actual Startup Time": 0.081,"Actual Total Time": 0.081,"Actual Rows": 1,"Actual Loops": 8704,"Plans": [{"Node Type": "Index Scan","Parent Relationship": "Outer","Parallel Aware": false,"Async Capable": false,"Scan Direction": "Forward","Index Name": "idx_lineitem_part_supp","Relation Name": "lineitem","Alias": "lineitem","Startup Cost": 0.43,"Total Cost": 8.46,"Plan Rows": 0,"Plan Width": 5,"Actual Startup Time": 0.050,"Actual Total Time": 0.080,"Actual Rows": 1,"Actual Loops": 8704,"Index Cond": "((l_partkey = partsupp.ps_partkey) AND (l_suppkey = partsupp.ps_suppkey))","Rows Removed by Index Recheck": 0,"Filter": "((l_shipdate >= '1993-01-01'::date) AND (l_shipdate < '1994-01-01 00:00:00'::timestamp without time zone))","Rows Removed by Filter": 6}]}]}]}]}]}]},"Planning Time": 6.527,"Triggers": [],"Execution Time": 964.495}]
[{"Plan": {"Node Type": "Sort","Parallel Aware": false,"Async Capable": false,"Startup Cost": 88442.96,"Total Cost": 88443.23,"Plan Rows": 108,"Plan Width": 51,"Actual Startup Time": 962.141,"Actual Total Time": 962.179,"Actual Rows": 170,"Actual Loops": 1,"Sort Key": ["supplier.s_name"],"Sort Method": "quicksort","Sort Space Used": 41,"Sort Space Type": "Memory","Plans": [{"Node Type": "Hash Join","Parent Relationship": "Outer","Parallel Aware": false,"Async Capable": false,"Join Type": "Semi","Startup Cost": 88199.59,"Total Cost": 88439.31,"Plan Rows": 108,"Plan Width": 51,"Actual Startup Time": 958.016,"Actual Total Time": 961.827,"Actual Rows": 170,"Actual Loops": 1,"Inner Unique": false,"Hash Cond": "(supplier.s_suppkey = partsupp.ps_suppkey)","Plans": [{"Node Type": "Nested Loop","Parent Relationship": "Outer","Parallel Aware": false,"Async Capable": false,"Join Type": "Inner","Startup Cost": 7.38,"Total Cost": 244.58,"Plan Rows": 400,"Plan Width": 55,"Actual Startup Time": 0.262,"Actual Total Time": 3.992,"Actual Rows": 373,"Actual Loops": 1,"Inner Unique": false,"Plans": [{"Node Type": "Seq Scan","Parent Relationship": "Outer","Parallel Aware": false,"Async Capable": false,"Relation Name": "nation","Alias": "nation","Startup Cost": 0.00,"Total Cost": 1.31,"Plan Rows": 1,"Plan Width": 4,"Actual Startup Time": 0.063,"Actual Total Time": 0.092,"Actual Rows": 1,"Actual Loops": 1,"Filter": "(n_name = 'MOROCCO'::bpchar)","Rows Removed by Filter": 24},{"Node Type": "Bitmap Heap Scan","Parent Relationship": "Inner","Parallel Aware": false,"Async Capable": false,"Relation Name": "supplier","Alias": "supplier","Startup Cost": 7.38,"Total Cost": 239.27,"Plan Rows": 400,"Plan Width": 59,"Actual Startup Time": 0.196,"Actual Total Time": 3.847,"Actual Rows": 373,"Actual Loops": 1,"Recheck Cond": "(s_nationkey = nation.n_nationkey)","Rows Removed by Index Recheck": 0,"Exact Heap Blocks": 180,"Lossy Heap Blocks": 0,"Plans": [{"Node Type": "Bitmap Index Scan","Parent Relationship": "Outer","Parallel Aware": false,"Async Capable": false,"Index Name": "idx_supplier_nation_key","Startup Cost": 0.00,"Total Cost": 7.29,"Plan Rows": 400,"Plan Width": 0,"Actual Startup Time": 0.142,"Actual Total Time": 0.149,"Actual Rows": 373,"Actual Loops": 1,"Index Cond": "(s_nationkey = nation.n_nationkey)"}]}]},{"Node Type": "Hash","Parent Relationship": "Inner","Parallel Aware": false,"Async Capable": false,"Startup Cost": 88158.53,"Total Cost": 88158.53,"Plan Rows": 2694,"Plan Width": 4,"Actual Startup Time": 957.686,"Actual Total Time": 957.694,"Actual Rows": 5807,"Actual Loops": 1,"Hash Buckets": 8192,"Original Hash Buckets": 4096,"Hash Batches": 1,"Original Hash Batches": 1,"Peak Memory Usage": 269,"Plans": [{"Node Type": "Nested Loop","Parent Relationship": "Outer","Parallel Aware": false,"Async Capable": false,"Join Type": "Inner","Startup Cost": 0.42,"Total Cost": 88158.53,"Plan Rows": 2694,"Plan Width": 4,"Actual Startup Time": 0.978,"Actual Total Time": 953.639,"Actual Rows": 5807,"Actual Loops": 1,"Inner Unique": false,"Plans": [{"Node Type": "Seq Scan","Parent Relationship": "Outer","Parallel Aware": false,"Async Capable": false,"Relation Name": "part","Alias": "part","Startup Cost": 0.00,"Total Cost": 6597.00,"Plan Rows": 2020,"Plan Width": 4,"Actual Startup Time": 0.065,"Actual Total Time": 179.172,"Actual Rows": 2153,"Actual Loops": 1,"Filter": "((p_name)::text ~~ 'ghost%'::text)","Rows Removed by Filter": 197847},{"Node Type": "Index Scan","Parent Relationship": "Inner","Parallel Aware": false,"Async Capable": false,"Scan Direction": "Forward","Index Name": "idx_partsupp_partkey","Relation Name": "partsupp","Alias": "partsupp","Startup Cost": 0.42,"Total Cost": 40.36,"Plan Rows": 1,"Plan Width": 8,"Actual Startup Time": 0.150,"Actual Total Time": 0.359,"Actual Rows": 3,"Actual Loops": 2153,"Index Cond": "(ps_partkey = part.p_partkey)","Rows Removed by Index Recheck": 0,"Filter": "((ps_availqty)::numeric > (SubPlan 1))","Rows Removed by Filter": 1,"Plans": [{"Node Type": "Aggregate","Strategy": "Plain","Partial Mode": "Simple","Parent Relationship": "SubPlan","Subplan Name": "SubPlan 1","Parallel Aware": false,"Async Capable": false,"Startup Cost": 8.46,"Total Cost": 8.47,"Plan Rows": 1,"Plan Width": 32,"Actual Startup Time": 0.082,"Actual Total Time": 0.082,"Actual Rows": 1,"Actual Loops": 8612,"Plans": [{"Node Type": "Index Scan","Parent Relationship": "Outer","Parallel Aware": false,"Async Capable": false,"Scan Direction": "Forward","Index Name": "idx_lineitem_part_supp","Relation Name": "lineitem","Alias": "lineitem","Startup Cost": 0.43,"Total Cost": 8.46,"Plan Rows": 0,"Plan Width": 5,"Actual Startup Time": 0.050,"Actual Total Time": 0.081,"Actual Rows": 1,"Actual Loops": 8612,"Index Cond": "((l_partkey = partsupp.ps_partkey) AND (l_suppkey = partsupp.ps_suppkey))","Rows Removed by Index Recheck": 0,"Filter": "((l_shipdate >= '1996-01-01'::date) AND (l_shipdate < '1997-01-01 00:00:00'::timestamp without time zone))","Rows Removed by Filter": 6}]}]}]}]}]}]},"Planning Time": 6.300,"Triggers": [],"Execution Time": 962.441}]
[{"Plan": {"Node Type": "Sort","Parallel Aware": false,"Async Capable": false,"Startup Cost": 88442.96,"Total Cost": 88443.23,"Plan Rows": 108,"Plan Width": 51,"Actual Startup Time": 979.525,"Actual Total Time": 979.568,"Actual Rows": 192,"Actual Loops": 1,"Sort Key": ["supplier.s_name"],"Sort Method": "quicksort","Sort Space Used": 42,"Sort Space Type": "Memory","Plans": [{"Node Type": "Hash Join","Parent Relationship": "Outer","Parallel Aware": false,"Async Capable": false,"Join Type": "Semi","Startup Cost": 88199.59,"Total Cost": 88439.31,"Plan Rows": 108,"Plan Width": 51,"Actual Startup Time": 975.262,"Actual Total Time": 979.209,"Actual Rows": 192,"Actual Loops": 1,"Inner Unique": false,"Hash Cond": "(supplier.s_suppkey = partsupp.ps_suppkey)","Plans": [{"Node Type": "Nested Loop","Parent Relationship": "Outer","Parallel Aware": false,"Async Capable": false,"Join Type": "Inner","Startup Cost": 7.38,"Total Cost": 244.58,"Plan Rows": 400,"Plan Width": 55,"Actual Startup Time": 0.296,"Actual Total Time": 4.148,"Actual Rows": 421,"Actual Loops": 1,"Inner Unique": false,"Plans": [{"Node Type": "Seq Scan","Parent Relationship": "Outer","Parallel Aware": false,"Async Capable": false,"Relation Name": "nation","Alias": "nation","Startup Cost": 0.00,"Total Cost": 1.31,"Plan Rows": 1,"Plan Width": 4,"Actual Startup Time": 0.060,"Actual Total Time": 0.082,"Actual Rows": 1,"Actual Loops": 1,"Filter": "(n_name = 'PERU'::bpchar)","Rows Removed by Filter": 24},{"Node Type": "Bitmap Heap Scan","Parent Relationship": "Inner","Parallel Aware": false,"Async Capable": false,"Relation Name": "supplier","Alias": "supplier","Startup Cost": 7.38,"Total Cost": 239.27,"Plan Rows": 400,"Plan Width": 59,"Actual Startup Time": 0.227,"Actual Total Time": 3.992,"Actual Rows": 421,"Actual Loops": 1,"Recheck Cond": "(s_nationkey = nation.n_nationkey)","Rows Removed by Index Recheck": 0,"Exact Heap Blocks": 187,"Lossy Heap Blocks": 0,"Plans": [{"Node Type": "Bitmap Index Scan","Parent Relationship": "Outer","Parallel Aware": false,"Async Capable": false,"Index Name": "idx_supplier_nation_key","Startup Cost": 0.00,"Total Cost": 7.29,"Plan Rows": 400,"Plan Width": 0,"Actual Startup Time": 0.158,"Actual Total Time": 0.161,"Actual Rows": 421,"Actual Loops": 1,"Index Cond": "(s_nationkey = nation.n_nationkey)"}]}]},{"Node Type": "Hash","Parent Relationship": "Inner","Parallel Aware": false,"Async Capable": false,"Startup Cost": 88158.53,"Total Cost": 88158.53,"Plan Rows": 2694,"Plan Width": 4,"Actual Startup Time": 974.859,"Actual Total Time": 974.873,"Actual Rows": 6068,"Actual Loops": 1,"Hash Buckets": 8192,"Original Hash Buckets": 4096,"Hash Batches": 1,"Original Hash Batches": 1,"Peak Memory Usage": 278,"Plans": [{"Node Type": "Nested Loop","Parent Relationship": "Outer","Parallel Aware": false,"Async Capable": false,"Join Type": "Inner","Startup Cost": 0.42,"Total Cost": 88158.53,"Plan Rows": 2694,"Plan Width": 4,"Actual Startup Time": 0.356,"Actual Total Time": 970.562,"Actual Rows": 6068,"Actual Loops": 1,"Inner Unique": false,"Plans": [{"Node Type": "Seq Scan","Parent Relationship": "Outer","Parallel Aware": false,"Async Capable": false,"Relation Name": "part","Alias": "part","Startup Cost": 0.00,"Total Cost": 6597.00,"Plan Rows": 2020,"Plan Width": 4,"Actual Startup Time": 0.070,"Actual Total Time": 179.790,"Actual Rows": 2210,"Actual Loops": 1,"Filter": "((p_name)::text ~~ 'medium%'::text)","Rows Removed by Filter": 197790},{"Node Type": "Index Scan","Parent Relationship": "Inner","Parallel Aware": false,"Async Capable": false,"Scan Direction": "Forward","Index Name": "idx_partsupp_partkey","Relation Name": "partsupp","Alias": "partsupp","Startup Cost": 0.42,"Total Cost": 40.36,"Plan Rows": 1,"Plan Width": 8,"Actual Startup Time": 0.149,"Actual Total Time": 0.357,"Actual Rows": 3,"Actual Loops": 2210,"Index Cond": "(ps_partkey = part.p_partkey)","Rows Removed by Index Recheck": 0,"Filter": "((ps_availqty)::numeric > (SubPlan 1))","Rows Removed by Filter": 1,"Plans": [{"Node Type": "Aggregate","Strategy": "Plain","Partial Mode": "Simple","Parent Relationship": "SubPlan","Subplan Name": "SubPlan 1","Parallel Aware": false,"Async Capable": false,"Startup Cost": 8.46,"Total Cost": 8.47,"Plan Rows": 1,"Plan Width": 32,"Actual Startup Time": 0.081,"Actual Total Time": 0.081,"Actual Rows": 1,"Actual Loops": 8840,"Plans": [{"Node Type": "Index Scan","Parent Relationship": "Outer","Parallel Aware": false,"Async Capable": false,"Scan Direction": "Forward","Index Name": "idx_lineitem_part_supp","Relation Name": "lineitem","Alias": "lineitem","Startup Cost": 0.43,"Total Cost": 8.46,"Plan Rows": 0,"Plan Width": 5,"Actual Startup Time": 0.049,"Actual Total Time": 0.080,"Actual Rows": 1,"Actual Loops": 8840,"Index Cond": "((l_partkey = partsupp.ps_partkey) AND (l_suppkey = partsupp.ps_suppkey))","Rows Removed by Index Recheck": 0,"Filter": "((l_shipdate >= '1996-01-01'::date) AND (l_shipdate < '1997-01-01 00:00:00'::timestamp without time zone))","Rows Removed by Filter": 6}]}]}]}]}]}]},"Planning Time": 5.457,"Triggers": [],"Execution Time": 979.845}]
[{"Plan": {"Node Type": "Sort","Parallel Aware": false,"Async Capable": false,"Startup Cost": 88442.96,"Total Cost": 88443.23,"Plan Rows": 108,"Plan Width": 51,"Actual Startup Time": 907.580,"Actual Total Time": 907.614,"Actual Rows": 189,"Actual Loops": 1,"Sort Key": ["supplier.s_name"],"Sort Method": "quicksort","Sort Space Used": 42,"Sort Space Type": "Memory","Plans": [{"Node Type": "Hash Join","Parent Relationship": "Outer","Parallel Aware": false,"Async Capable": false,"Join Type": "Semi","Startup Cost": 88199.59,"Total Cost": 88439.31,"Plan Rows": 108,"Plan Width": 51,"Actual Startup Time": 903.081,"Actual Total Time": 907.228,"Actual Rows": 189,"Actual Loops": 1,"Inner Unique": false,"Hash Cond": "(supplier.s_suppkey = partsupp.ps_suppkey)","Plans": [{"Node Type": "Nested Loop","Parent Relationship": "Outer","Parallel Aware": false,"Async Capable": false,"Join Type": "Inner","Startup Cost": 7.38,"Total Cost": 244.58,"Plan Rows": 400,"Plan Width": 55,"Actual Startup Time": 0.279,"Actual Total Time": 4.340,"Actual Rows": 438,"Actual Loops": 1,"Inner Unique": false,"Plans": [{"Node Type": "Seq Scan","Parent Relationship": "Outer","Parallel Aware": false,"Async Capable": false,"Relation Name": "nation","Alias": "nation","Startup Cost": 0.00,"Total Cost": 1.31,"Plan Rows": 1,"Plan Width": 4,"Actual Startup Time": 0.073,"Actual Total Time": 0.107,"Actual Rows": 1,"Actual Loops": 1,"Filter": "(n_name = 'IRAQ'::bpchar)","Rows Removed by Filter": 24},{"Node Type": "Bitmap Heap Scan","Parent Relationship": "Inner","Parallel Aware": false,"Async Capable": false,"Relation Name": "supplier","Alias": "supplier","Startup Cost": 7.38,"Total Cost": 239.27,"Plan Rows": 400,"Plan Width": 59,"Actual Startup Time": 0.201,"Actual Total Time": 4.173,"Actual Rows": 438,"Actual Loops": 1,"Recheck Cond": "(s_nationkey = nation.n_nationkey)","Rows Removed by Index Recheck": 0,"Exact Heap Blocks": 194,"Lossy Heap Blocks": 0,"Plans": [{"Node Type": "Bitmap Index Scan","Parent Relationship": "Outer","Parallel Aware": false,"Async Capable": false,"Index Name": "idx_supplier_nation_key","Startup Cost": 0.00,"Total Cost": 7.29,"Plan Rows": 400,"Plan Width": 0,"Actual Startup Time": 0.146,"Actual Total Time": 0.152,"Actual Rows": 438,"Actual Loops": 1,"Index Cond": "(s_nationkey = nation.n_nationkey)"}]}]},{"Node Type": "Hash","Parent Relationship": "Inner","Parallel Aware": false,"Async Capable": false,"Startup Cost": 88158.53,"Total Cost": 88158.53,"Plan Rows": 2694,"Plan Width": 4,"Actual Startup Time": 902.747,"Actual Total Time": 902.755,"Actual Rows": 5923,"Actual Loops": 1,"Hash Buckets": 8192,"Original Hash Buckets": 4096,"Hash Batches": 1,"Original Hash Batches": 1,"Peak Memory Usage": 273,"Plans": [{"Node Type": "Nested Loop","Parent Relationship": "Outer","Parallel Aware": false,"Async Capable": false,"Join Type": "Inner","Startup Cost": 0.42,"Total Cost": 88158.53,"Plan Rows": 2694,"Plan Width": 4,"Actual Startup Time": 0.581,"Actual Total Time": 898.093,"Actual Rows": 5923,"Actual Loops": 1,"Inner Unique": false,"Plans": [{"Node Type": "Seq Scan","Parent Relationship": "Outer","Parallel Aware": false,"Async Capable": false,"Relation Name": "part","Alias": "part","Startup Cost": 0.00,"Total Cost": 6597.00,"Plan Rows": 2020,"Plan Width": 4,"Actual Startup Time": 0.059,"Actual Total Time": 196.539,"Actual Rows": 2210,"Actual Loops": 1,"Filter": "((p_name)::text ~~ 'medium%'::text)","Rows Removed by Filter": 197790},{"Node Type": "Index Scan","Parent Relationship": "Inner","Parallel Aware": false,"Async Capable": false,"Scan Direction": "Forward","Index Name": "idx_partsupp_partkey","Relation Name": "partsupp","Alias": "partsupp","Startup Cost": 0.42,"Total Cost": 40.36,"Plan Rows": 1,"Plan Width": 8,"Actual Startup Time": 0.134,"Actual Total Time": 0.317,"Actual Rows": 3,"Actual Loops": 2210,"Index Cond": "(ps_partkey = part.p_partkey)","Rows Removed by Index Recheck": 0,"Filter": "((ps_availqty)::numeric > (SubPlan 1))","Rows Removed by Filter": 1,"Plans": [{"Node Type": "Aggregate","Strategy": "Plain","Partial Mode": "Simple","Parent Relationship": "SubPlan","Subplan Name": "SubPlan 1","Parallel Aware": false,"Async Capable": false,"Startup Cost": 8.46,"Total Cost": 8.47,"Plan Rows": 1,"Plan Width": 32,"Actual Startup Time": 0.071,"Actual Total Time": 0.071,"Actual Rows": 1,"Actual Loops": 8840,"Plans": [{"Node Type": "Index Scan","Parent Relationship": "Outer","Parallel Aware": false,"Async Capable": false,"Scan Direction": "Forward","Index Name": "idx_lineitem_part_supp","Relation Name": "lineitem","Alias": "lineitem","Startup Cost": 0.43,"Total Cost": 8.46,"Plan Rows": 0,"Plan Width": 5,"Actual Startup Time": 0.044,"Actual Total Time": 0.070,"Actual Rows": 1,"Actual Loops": 8840,"Index Cond": "((l_partkey = partsupp.ps_partkey) AND (l_suppkey = partsupp.ps_suppkey))","Rows Removed by Index Recheck": 0,"Filter": "((l_shipdate >= '1994-01-01'::date) AND (l_shipdate < '1995-01-01 00:00:00'::timestamp without time zone))","Rows Removed by Filter": 6}]}]}]}]}]}]},"Planning Time": 7.426,"Triggers": [],"Execution Time": 907.843}]
[{"Plan": {"Node Type": "Sort","Parallel Aware": false,"Async Capable": false,"Startup Cost": 88442.96,"Total Cost": 88443.23,"Plan Rows": 108,"Plan Width": 51,"Actual Startup Time": 959.235,"Actual Total Time": 959.273,"Actual Rows": 187,"Actual Loops": 1,"Sort Key": ["supplier.s_name"],"Sort Method": "quicksort","Sort Space Used": 42,"Sort Space Type": "Memory","Plans": [{"Node Type": "Hash Join","Parent Relationship": "Outer","Parallel Aware": false,"Async Capable": false,"Join Type": "Semi","Startup Cost": 88199.59,"Total Cost": 88439.31,"Plan Rows": 108,"Plan Width": 51,"Actual Startup Time": 954.649,"Actual Total Time": 958.703,"Actual Rows": 187,"Actual Loops": 1,"Inner Unique": false,"Hash Cond": "(supplier.s_suppkey = partsupp.ps_suppkey)","Plans": [{"Node Type": "Nested Loop","Parent Relationship": "Outer","Parallel Aware": false,"Async Capable": false,"Join Type": "Inner","Startup Cost": 7.38,"Total Cost": 244.58,"Plan Rows": 400,"Plan Width": 55,"Actual Startup Time": 0.272,"Actual Total Time": 4.196,"Actual Rows": 402,"Actual Loops": 1,"Inner Unique": false,"Plans": [{"Node Type": "Seq Scan","Parent Relationship": "Outer","Parallel Aware": false,"Async Capable": false,"Relation Name": "nation","Alias": "nation","Startup Cost": 0.00,"Total Cost": 1.31,"Plan Rows": 1,"Plan Width": 4,"Actual Startup Time": 0.063,"Actual Total Time": 0.077,"Actual Rows": 1,"Actual Loops": 1,"Filter": "(n_name = 'FRANCE'::bpchar)","Rows Removed by Filter": 24},{"Node Type": "Bitmap Heap Scan","Parent Relationship": "Inner","Parallel Aware": false,"Async Capable": false,"Relation Name": "supplier","Alias": "supplier","Startup Cost": 7.38,"Total Cost": 239.27,"Plan Rows": 400,"Plan Width": 59,"Actual Startup Time": 0.200,"Actual Total Time": 4.059,"Actual Rows": 402,"Actual Loops": 1,"Recheck Cond": "(s_nationkey = nation.n_nationkey)","Rows Removed by Index Recheck": 0,"Exact Heap Blocks": 184,"Lossy Heap Blocks": 0,"Plans": [{"Node Type": "Bitmap Index Scan","Parent Relationship": "Outer","Parallel Aware": false,"Async Capable": false,"Index Name": "idx_supplier_nation_key","Startup Cost": 0.00,"Total Cost": 7.29,"Plan Rows": 400,"Plan Width": 0,"Actual Startup Time": 0.100,"Actual Total Time": 0.106,"Actual Rows": 402,"Actual Loops": 1,"Index Cond": "(s_nationkey = nation.n_nationkey)"}]}]},{"Node Type": "Hash","Parent Relationship": "Inner","Parallel Aware": false,"Async Capable": false,"Startup Cost": 88158.53,"Total Cost": 88158.53,"Plan Rows": 2694,"Plan Width": 4,"Actual Startup Time": 954.327,"Actual Total Time": 954.335,"Actual Rows": 5924,"Actual Loops": 1,"Hash Buckets": 8192,"Original Hash Buckets": 4096,"Hash Batches": 1,"Original Hash Batches": 1,"Peak Memory Usage": 273,"Plans": [{"Node Type": "Nested Loop","Parent Relationship": "Outer","Parallel Aware": false,"Async Capable": false,"Join Type": "Inner","Startup Cost": 0.42,"Total Cost": 88158.53,"Plan Rows": 2694,"Plan Width": 4,"Actual Startup Time": 0.806,"Actual Total Time": 950.192,"Actual Rows": 5924,"Actual Loops": 1,"Inner Unique": false,"Plans": [{"Node Type": "Seq Scan","Parent Relationship": "Outer","Parallel Aware": false,"Async Capable": false,"Relation Name": "part","Alias": "part","Startup Cost": 0.00,"Total Cost": 6597.00,"Plan Rows": 2020,"Plan Width": 4,"Actual Startup Time": 0.078,"Actual Total Time": 181.457,"Actual Rows": 2138,"Actual Loops": 1,"Filter": "((p_name)::text ~~ 'royal%'::text)","Rows Removed by Filter": 197862},{"Node Type": "Index Scan","Parent Relationship": "Inner","Parallel Aware": false,"Async Capable": false,"Scan Direction": "Forward","Index Name": "idx_partsupp_partkey","Relation Name": "partsupp","Alias": "partsupp","Startup Cost": 0.42,"Total Cost": 40.36,"Plan Rows": 1,"Plan Width": 8,"Actual Startup Time": 0.148,"Actual Total Time": 0.359,"Actual Rows": 3,"Actual Loops": 2138,"Index Cond": "(ps_partkey = part.p_partkey)","Rows Removed by Index Recheck": 0,"Filter": "((ps_availqty)::numeric > (SubPlan 1))","Rows Removed by Filter": 1,"Plans": [{"Node Type": "Aggregate","Strategy": "Plain","Partial Mode": "Simple","Parent Relationship": "SubPlan","Subplan Name": "SubPlan 1","Parallel Aware": false,"Async Capable": false,"Startup Cost": 8.46,"Total Cost": 8.47,"Plan Rows": 1,"Plan Width": 32,"Actual Startup Time": 0.082,"Actual Total Time": 0.082,"Actual Rows": 1,"Actual Loops": 8552,"Plans": [{"Node Type": "Index Scan","Parent Relationship": "Outer","Parallel Aware": false,"Async Capable": false,"Scan Direction": "Forward","Index Name": "idx_lineitem_part_supp","Relation Name": "lineitem","Alias": "lineitem","Startup Cost": 0.43,"Total Cost": 8.46,"Plan Rows": 0,"Plan Width": 5,"Actual Startup Time": 0.049,"Actual Total Time": 0.081,"Actual Rows": 1,"Actual Loops": 8552,"Index Cond": "((l_partkey = partsupp.ps_partkey) AND (l_suppkey = partsupp.ps_suppkey))","Rows Removed by Index Recheck": 0,"Filter": "((l_shipdate >= '1993-01-01'::date) AND (l_shipdate < '1994-01-01 00:00:00'::timestamp without time zone))","Rows Removed by Filter": 6}]}]}]}]}]}]},"Planning Time": 5.767,"Triggers": [],"Execution Time": 959.503}]
[{"Plan": {"Node Type": "Sort","Parallel Aware": false,"Async Capable": false,"Startup Cost": 88442.96,"Total Cost": 88443.23,"Plan Rows": 108,"Plan Width": 51,"Actual Startup Time": 910.601,"Actual Total Time": 910.634,"Actual Rows": 163,"Actual Loops": 1,"Sort Key": ["supplier.s_name"],"Sort Method": "quicksort","Sort Space Used": 39,"Sort Space Type": "Memory","Plans": [{"Node Type": "Hash Join","Parent Relationship": "Outer","Parallel Aware": false,"Async Capable": false,"Join Type": "Semi","Startup Cost": 88199.59,"Total Cost": 88439.31,"Plan Rows": 108,"Plan Width": 51,"Actual Startup Time": 906.464,"Actual Total Time": 910.308,"Actual Rows": 163,"Actual Loops": 1,"Inner Unique": false,"Hash Cond": "(supplier.s_suppkey = partsupp.ps_suppkey)","Plans": [{"Node Type": "Nested Loop","Parent Relationship": "Outer","Parallel Aware": false,"Async Capable": false,"Join Type": "Inner","Startup Cost": 7.38,"Total Cost": 244.58,"Plan Rows": 400,"Plan Width": 55,"Actual Startup Time": 0.287,"Actual Total Time": 4.058,"Actual Rows": 380,"Actual Loops": 1,"Inner Unique": false,"Plans": [{"Node Type": "Seq Scan","Parent Relationship": "Outer","Parallel Aware": false,"Async Capable": false,"Relation Name": "nation","Alias": "nation","Startup Cost": 0.00,"Total Cost": 1.31,"Plan Rows": 1,"Plan Width": 4,"Actual Startup Time": 0.063,"Actual Total Time": 0.091,"Actual Rows": 1,"Actual Loops": 1,"Filter": "(n_name = 'ETHIOPIA'::bpchar)","Rows Removed by Filter": 24},{"Node Type": "Bitmap Heap Scan","Parent Relationship": "Inner","Parallel Aware": false,"Async Capable": false,"Relation Name": "supplier","Alias": "supplier","Startup Cost": 7.38,"Total Cost": 239.27,"Plan Rows": 400,"Plan Width": 59,"Actual Startup Time": 0.216,"Actual Total Time": 3.905,"Actual Rows": 380,"Actual Loops": 1,"Recheck Cond": "(s_nationkey = nation.n_nationkey)","Rows Removed by Index Recheck": 0,"Exact Heap Blocks": 192,"Lossy Heap Blocks": 0,"Plans": [{"Node Type": "Bitmap Index Scan","Parent Relationship": "Outer","Parallel Aware": false,"Async Capable": false,"Index Name": "idx_supplier_nation_key","Startup Cost": 0.00,"Total Cost": 7.29,"Plan Rows": 400,"Plan Width": 0,"Actual Startup Time": 0.145,"Actual Total Time": 0.150,"Actual Rows": 380,"Actual Loops": 1,"Index Cond": "(s_nationkey = nation.n_nationkey)"}]}]},{"Node Type": "Hash","Parent Relationship": "Inner","Parallel Aware": false,"Async Capable": false,"Startup Cost": 88158.53,"Total Cost": 88158.53,"Plan Rows": 2694,"Plan Width": 4,"Actual Startup Time": 906.106,"Actual Total Time": 906.112,"Actual Rows": 5867,"Actual Loops": 1,"Hash Buckets": 8192,"Original Hash Buckets": 4096,"Hash Batches": 1,"Original Hash Batches": 1,"Peak Memory Usage": 271,"Plans": [{"Node Type": "Nested Loop","Parent Relationship": "Outer","Parallel Aware": false,"Async Capable": false,"Join Type": "Inner","Startup Cost": 0.42,"Total Cost": 88158.53,"Plan Rows": 2694,"Plan Width": 4,"Actual Startup Time": 0.988,"Actual Total Time": 900.994,"Actual Rows": 5867,"Actual Loops": 1,"Inner Unique": false,"Plans": [{"Node Type": "Seq Scan","Parent Relationship": "Outer","Parallel Aware": false,"Async Capable": false,"Relation Name": "part","Alias": "part","Startup Cost": 0.00,"Total Cost": 6597.00,"Plan Rows": 2020,"Plan Width": 4,"Actual Startup Time": 0.191,"Actual Total Time": 197.160,"Actual Rows": 2187,"Actual Loops": 1,"Filter": "((p_name)::text ~~ 'olive%'::text)","Rows Removed by Filter": 197813},{"Node Type": "Index Scan","Parent Relationship": "Inner","Parallel Aware": false,"Async Capable": false,"Scan Direction": "Forward","Index Name": "idx_partsupp_partkey","Relation Name": "partsupp","Alias": "partsupp","Startup Cost": 0.42,"Total Cost": 40.36,"Plan Rows": 1,"Plan Width": 8,"Actual Startup Time": 0.136,"Actual Total Time": 0.321,"Actual Rows": 3,"Actual Loops": 2187,"Index Cond": "(ps_partkey = part.p_partkey)","Rows Removed by Index Recheck": 0,"Filter": "((ps_availqty)::numeric > (SubPlan 1))","Rows Removed by Filter": 1,"Plans": [{"Node Type": "Aggregate","Strategy": "Plain","Partial Mode": "Simple","Parent Relationship": "SubPlan","Subplan Name": "SubPlan 1","Parallel Aware": false,"Async Capable": false,"Startup Cost": 8.46,"Total Cost": 8.47,"Plan Rows": 1,"Plan Width": 32,"Actual Startup Time": 0.072,"Actual Total Time": 0.072,"Actual Rows": 1,"Actual Loops": 8748,"Plans": [{"Node Type": "Index Scan","Parent Relationship": "Outer","Parallel Aware": false,"Async Capable": false,"Scan Direction": "Forward","Index Name": "idx_lineitem_part_supp","Relation Name": "lineitem","Alias": "lineitem","Startup Cost": 0.43,"Total Cost": 8.46,"Plan Rows": 0,"Plan Width": 5,"Actual Startup Time": 0.044,"Actual Total Time": 0.071,"Actual Rows": 1,"Actual Loops": 8748,"Index Cond": "((l_partkey = partsupp.ps_partkey) AND (l_suppkey = partsupp.ps_suppkey))","Rows Removed by Index Recheck": 0,"Filter": "((l_shipdate >= '1995-01-01'::date) AND (l_shipdate < '1996-01-01 00:00:00'::timestamp without time zone))","Rows Removed by Filter": 6}]}]}]}]}]}]},"Planning Time": 5.868,"Triggers": [],"Execution Time": 910.902}]
[{"Plan": {"Node Type": "Sort","Parallel Aware": false,"Async Capable": false,"Startup Cost": 165280.99,"Total Cost": 165281.52,"Plan Rows": 215,"Plan Width": 51,"Actual Startup Time": 994.782,"Actual Total Time": 994.809,"Actual Rows": 171,"Actual Loops": 1,"Sort Key": ["supplier.s_name"],"Sort Method": "quicksort","Sort Space Used": 40,"Sort Space Type": "Memory","Plans": [{"Node Type": "Hash Join","Parent Relationship": "Outer","Parallel Aware": false,"Async Capable": false,"Join Type": "Semi","Startup Cost": 165030.68,"Total Cost": 165272.66,"Plan Rows": 215,"Plan Width": 51,"Actual Startup Time": 989.971,"Actual Total Time": 994.243,"Actual Rows": 171,"Actual Loops": 1,"Inner Unique": false,"Hash Cond": "(supplier.s_suppkey = partsupp.ps_suppkey)","Plans": [{"Node Type": "Nested Loop","Parent Relationship": "Outer","Parallel Aware": false,"Async Capable": false,"Join Type": "Inner","Startup Cost": 7.38,"Total Cost": 244.58,"Plan Rows": 400,"Plan Width": 55,"Actual Startup Time": 0.335,"Actual Total Time": 4.100,"Actual Rows": 376,"Actual Loops": 1,"Inner Unique": false,"Plans": [{"Node Type": "Seq Scan","Parent Relationship": "Outer","Parallel Aware": false,"Async Capable": false,"Relation Name": "nation","Alias": "nation","Startup Cost": 0.00,"Total Cost": 1.31,"Plan Rows": 1,"Plan Width": 4,"Actual Startup Time": 0.070,"Actual Total Time": 0.098,"Actual Rows": 1,"Actual Loops": 1,"Filter": "(n_name = 'KENYA'::bpchar)","Rows Removed by Filter": 24},{"Node Type": "Bitmap Heap Scan","Parent Relationship": "Inner","Parallel Aware": false,"Async Capable": false,"Relation Name": "supplier","Alias": "supplier","Startup Cost": 7.38,"Total Cost": 239.27,"Plan Rows": 400,"Plan Width": 59,"Actual Startup Time": 0.256,"Actual Total Time": 3.920,"Actual Rows": 376,"Actual Loops": 1,"Recheck Cond": "(s_nationkey = nation.n_nationkey)","Rows Removed by Index Recheck": 0,"Exact Heap Blocks": 179,"Lossy Heap Blocks": 0,"Plans": [{"Node Type": "Bitmap Index Scan","Parent Relationship": "Outer","Parallel Aware": false,"Async Capable": false,"Index Name": "idx_supplier_nation_key","Startup Cost": 0.00,"Total Cost": 7.29,"Plan Rows": 400,"Plan Width": 0,"Actual Startup Time": 0.172,"Actual Total Time": 0.176,"Actual Rows": 376,"Actual Loops": 1,"Index Cond": "(s_nationkey = nation.n_nationkey)"}]}]},{"Node Type": "Hash","Parent Relationship": "Inner","Parallel Aware": false,"Async Capable": false,"Startup Cost": 164955.96,"Total Cost": 164955.96,"Plan Rows": 5387,"Plan Width": 4,"Actual Startup Time": 989.455,"Actual Total Time": 989.462,"Actual Rows": 6065,"Actual Loops": 1,"Hash Buckets": 8192,"Original Hash Buckets": 8192,"Hash Batches": 1,"Original Hash Batches": 1,"Peak Memory Usage": 278,"Plans": [{"Node Type": "Nested Loop","Parent Relationship": "Outer","Parallel Aware": false,"Async Capable": false,"Join Type": "Inner","Startup Cost": 0.42,"Total Cost": 164955.96,"Plan Rows": 5387,"Plan Width": 4,"Actual Startup Time": 1.201,"Actual Total Time": 983.753,"Actual Rows": 6065,"Actual Loops": 1,"Inner Unique": false,"Plans": [{"Node Type": "Seq Scan","Parent Relationship": "Outer","Parallel Aware": false,"Async Capable": false,"Relation Name": "part","Alias": "part","Startup Cost": 0.00,"Total Cost": 6597.00,"Plan Rows": 4040,"Plan Width": 4,"Actual Startup Time": 0.187,"Actual Total Time": 181.481,"Actual Rows": 2228,"Actual Loops": 1,"Filter": "((p_name)::text ~~ 'dim%'::text)","Rows Removed by Filter": 197772},{"Node Type": "Index Scan","Parent Relationship": "Inner","Parallel Aware": false,"Async Capable": false,"Scan Direction": "Forward","Index Name": "idx_partsupp_partkey","Relation Name": "partsupp","Alias": "partsupp","Startup Cost": 0.42,"Total Cost": 39.18,"Plan Rows": 1,"Plan Width": 8,"Actual Startup Time": 0.152,"Actual Total Time": 0.360,"Actual Rows": 3,"Actual Loops": 2228,"Index Cond": "(ps_partkey = part.p_partkey)","Rows Removed by Index Recheck": 0,"Filter": "((ps_availqty)::numeric > (SubPlan 1))","Rows Removed by Filter": 1,"Plans": [{"Node Type": "Aggregate","Strategy": "Plain","Partial Mode": "Simple","Parent Relationship": "SubPlan","Subplan Name": "SubPlan 1","Parallel Aware": false,"Async Capable": false,"Startup Cost": 8.46,"Total Cost": 8.47,"Plan Rows": 1,"Plan Width": 32,"Actual Startup Time": 0.082,"Actual Total Time": 0.082,"Actual Rows": 1,"Actual Loops": 8912,"Plans": [{"Node Type": "Index Scan","Parent Relationship": "Outer","Parallel Aware": false,"Async Capable": false,"Scan Direction": "Forward","Index Name": "idx_lineitem_part_supp","Relation Name": "lineitem","Alias": "lineitem","Startup Cost": 0.43,"Total Cost": 8.46,"Plan Rows": 0,"Plan Width": 5,"Actual Startup Time": 0.050,"Actual Total Time": 0.081,"Actual Rows": 1,"Actual Loops": 8912,"Index Cond": "((l_partkey = partsupp.ps_partkey) AND (l_suppkey = partsupp.ps_suppkey))","Rows Removed by Index Recheck": 0,"Filter": "((l_shipdate >= '1996-01-01'::date) AND (l_shipdate < '1997-01-01 00:00:00'::timestamp without time zone))","Rows Removed by Filter": 6}]}]}]}]}]}]},"Planning Time": 6.533,"Triggers": [],"Execution Time": 995.111}]
[{"Plan": {"Node Type": "Sort","Parallel Aware": false,"Async Capable": false,"Startup Cost": 88442.96,"Total Cost": 88443.23,"Plan Rows": 108,"Plan Width": 51,"Actual Startup Time": 911.506,"Actual Total Time": 911.548,"Actual Rows": 193,"Actual Loops": 1,"Sort Key": ["supplier.s_name"],"Sort Method": "quicksort","Sort Space Used": 42,"Sort Space Type": "Memory","Plans": [{"Node Type": "Hash Join","Parent Relationship": "Outer","Parallel Aware": false,"Async Capable": false,"Join Type": "Semi","Startup Cost": 88199.59,"Total Cost": 88439.31,"Plan Rows": 108,"Plan Width": 51,"Actual Startup Time": 907.033,"Actual Total Time": 911.145,"Actual Rows": 193,"Actual Loops": 1,"Inner Unique": false,"Hash Cond": "(supplier.s_suppkey = partsupp.ps_suppkey)","Plans": [{"Node Type": "Nested Loop","Parent Relationship": "Outer","Parallel Aware": false,"Async Capable": false,"Join Type": "Inner","Startup Cost": 7.38,"Total Cost": 244.58,"Plan Rows": 400,"Plan Width": 55,"Actual Startup Time": 0.299,"Actual Total Time": 4.306,"Actual Rows": 415,"Actual Loops": 1,"Inner Unique": false,"Plans": [{"Node Type": "Seq Scan","Parent Relationship": "Outer","Parallel Aware": false,"Async Capable": false,"Relation Name": "nation","Alias": "nation","Startup Cost": 0.00,"Total Cost": 1.31,"Plan Rows": 1,"Plan Width": 4,"Actual Startup Time": 0.077,"Actual Total Time": 0.108,"Actual Rows": 1,"Actual Loops": 1,"Filter": "(n_name = 'INDIA'::bpchar)","Rows Removed by Filter": 24},{"Node Type": "Bitmap Heap Scan","Parent Relationship": "Inner","Parallel Aware": false,"Async Capable": false,"Relation Name": "supplier","Alias": "supplier","Startup Cost": 7.38,"Total Cost": 239.27,"Plan Rows": 400,"Plan Width": 59,"Actual Startup Time": 0.216,"Actual Total Time": 4.126,"Actual Rows": 415,"Actual Loops": 1,"Recheck Cond": "(s_nationkey = nation.n_nationkey)","Rows Removed by Index Recheck": 0,"Exact Heap Blocks": 186,"Lossy Heap Blocks": 0,"Plans": [{"Node Type": "Bitmap Index Scan","Parent Relationship": "Outer","Parallel Aware": false,"Async Capable": false,"Index Name": "idx_supplier_nation_key","Startup Cost": 0.00,"Total Cost": 7.29,"Plan Rows": 400,"Plan Width": 0,"Actual Startup Time": 0.146,"Actual Total Time": 0.154,"Actual Rows": 415,"Actual Loops": 1,"Index Cond": "(s_nationkey = nation.n_nationkey)"}]}]},{"Node Type": "Hash","Parent Relationship": "Inner","Parallel Aware": false,"Async Capable": false,"Startup Cost": 88158.53,"Total Cost": 88158.53,"Plan Rows": 2694,"Plan Width": 4,"Actual Startup Time": 906.657,"Actual Total Time": 906.666,"Actual Rows": 5991,"Actual Loops": 1,"Hash Buckets": 8192,"Original Hash Buckets": 4096,"Hash Batches": 1,"Original Hash Batches": 1,"Peak Memory Usage": 275,"Plans": [{"Node Type": "Nested Loop","Parent Relationship": "Outer","Parallel Aware": false,"Async Capable": false,"Join Type": "Inner","Startup Cost": 0.42,"Total Cost": 88158.53,"Plan Rows": 2694,"Plan Width": 4,"Actual Startup Time": 0.660,"Actual Total Time": 902.053,"Actual Rows": 5991,"Actual Loops": 1,"Inner Unique": false,"Plans": [{"Node Type": "Seq Scan","Parent Relationship": "Outer","Parallel Aware": false,"Async Capable": false,"Relation Name": "part","Alias": "part","Startup Cost": 0.00,"Total Cost": 6597.00,"Plan Rows": 2020,"Plan Width": 4,"Actual Startup Time": 0.131,"Actual Total Time": 195.458,"Actual Rows": 2218,"Actual Loops": 1,"Filter": "((p_name)::text ~~ 'tan%'::text)","Rows Removed by Filter": 197782},{"Node Type": "Index Scan","Parent Relationship": "Inner","Parallel Aware": false,"Async Capable": false,"Scan Direction": "Forward","Index Name": "idx_partsupp_partkey","Relation Name": "partsupp","Alias": "partsupp","Startup Cost": 0.42,"Total Cost": 40.36,"Plan Rows": 1,"Plan Width": 8,"Actual Startup Time": 0.136,"Actual Total Time": 0.318,"Actual Rows": 3,"Actual Loops": 2218,"Index Cond": "(ps_partkey = part.p_partkey)","Rows Removed by Index Recheck": 0,"Filter": "((ps_availqty)::numeric > (SubPlan 1))","Rows Removed by Filter": 1,"Plans": [{"Node Type": "Aggregate","Strategy": "Plain","Partial Mode": "Simple","Parent Relationship": "SubPlan","Subplan Name": "SubPlan 1","Parallel Aware": false,"Async Capable": false,"Startup Cost": 8.46,"Total Cost": 8.47,"Plan Rows": 1,"Plan Width": 32,"Actual Startup Time": 0.071,"Actual Total Time": 0.071,"Actual Rows": 1,"Actual Loops": 8872,"Plans": [{"Node Type": "Index Scan","Parent Relationship": "Outer","Parallel Aware": false,"Async Capable": false,"Scan Direction": "Forward","Index Name": "idx_lineitem_part_supp","Relation Name": "lineitem","Alias": "lineitem","Startup Cost": 0.43,"Total Cost": 8.46,"Plan Rows": 0,"Plan Width": 5,"Actual Startup Time": 0.043,"Actual Total Time": 0.070,"Actual Rows": 1,"Actual Loops": 8872,"Index Cond": "((l_partkey = partsupp.ps_partkey) AND (l_suppkey = partsupp.ps_suppkey))","Rows Removed by Index Recheck": 0,"Filter": "((l_shipdate >= '1994-01-01'::date) AND (l_shipdate < '1995-01-01 00:00:00'::timestamp without time zone))","Rows Removed by Filter": 6}]}]}]}]}]}]},"Planning Time": 6.402,"Triggers": [],"Execution Time": 911.854}]
[{"Plan": {"Node Type": "Sort","Parallel Aware": false,"Async Capable": false,"Startup Cost": 88442.96,"Total Cost": 88443.23,"Plan Rows": 108,"Plan Width": 51,"Actual Startup Time": 974.216,"Actual Total Time": 974.259,"Actual Rows": 159,"Actual Loops": 1,"Sort Key": ["supplier.s_name"],"Sort Method": "quicksort","Sort Space Used": 39,"Sort Space Type": "Memory","Plans": [{"Node Type": "Hash Join","Parent Relationship": "Outer","Parallel Aware": false,"Async Capable": false,"Join Type": "Semi","Startup Cost": 88199.59,"Total Cost": 88439.31,"Plan Rows": 108,"Plan Width": 51,"Actual Startup Time": 970.002,"Actual Total Time": 973.935,"Actual Rows": 159,"Actual Loops": 1,"Inner Unique": false,"Hash Cond": "(supplier.s_suppkey = partsupp.ps_suppkey)","Plans": [{"Node Type": "Nested Loop","Parent Relationship": "Outer","Parallel Aware": false,"Async Capable": false,"Join Type": "Inner","Startup Cost": 7.38,"Total Cost": 244.58,"Plan Rows": 400,"Plan Width": 55,"Actual Startup Time": 0.296,"Actual Total Time": 4.148,"Actual Rows": 376,"Actual Loops": 1,"Inner Unique": false,"Plans": [{"Node Type": "Seq Scan","Parent Relationship": "Outer","Parallel Aware": false,"Async Capable": false,"Relation Name": "nation","Alias": "nation","Startup Cost": 0.00,"Total Cost": 1.31,"Plan Rows": 1,"Plan Width": 4,"Actual Startup Time": 0.069,"Actual Total Time": 0.099,"Actual Rows": 1,"Actual Loops": 1,"Filter": "(n_name = 'KENYA'::bpchar)","Rows Removed by Filter": 24},{"Node Type": "Bitmap Heap Scan","Parent Relationship": "Inner","Parallel Aware": false,"Async Capable": false,"Relation Name": "supplier","Alias": "supplier","Startup Cost": 7.38,"Total Cost": 239.27,"Plan Rows": 400,"Plan Width": 59,"Actual Startup Time": 0.215,"Actual Total Time": 3.971,"Actual Rows": 376,"Actual Loops": 1,"Recheck Cond": "(s_nationkey = nation.n_nationkey)","Rows Removed by Index Recheck": 0,"Exact Heap Blocks": 179,"Lossy Heap Blocks": 0,"Plans": [{"Node Type": "Bitmap Index Scan","Parent Relationship": "Outer","Parallel Aware": false,"Async Capable": false,"Index Name": "idx_supplier_nation_key","Startup Cost": 0.00,"Total Cost": 7.29,"Plan Rows": 400,"Plan Width": 0,"Actual Startup Time": 0.146,"Actual Total Time": 0.152,"Actual Rows": 376,"Actual Loops": 1,"Index Cond": "(s_nationkey = nation.n_nationkey)"}]}]},{"Node Type": "Hash","Parent Relationship": "Inner","Parallel Aware": false,"Async Capable": false,"Startup Cost": 88158.53,"Total Cost": 88158.53,"Plan Rows": 2694,"Plan Width": 4,"Actual Startup Time": 969.597,"Actual Total Time": 969.612,"Actual Rows": 5892,"Actual Loops": 1,"Hash Buckets": 8192,"Original Hash Buckets": 4096,"Hash Batches": 1,"Original Hash Batches": 1,"Peak Memory Usage": 272,"Plans": [{"Node Type": "Nested Loop","Parent Relationship": "Outer","Parallel Aware": false,"Async Capable": false,"Join Type": "Inner","Startup Cost": 0.42,"Total Cost": 88158.53,"Plan Rows": 2694,"Plan Width": 4,"Actual Startup Time": 0.672,"Actual Total Time": 965.225,"Actual Rows": 5892,"Actual Loops": 1,"Inner Unique": false,"Plans": [{"Node Type": "Seq Scan","Parent Relationship": "Outer","Parallel Aware": false,"Async Capable": false,"Relation Name": "part","Alias": "part","Startup Cost": 0.00,"Total Cost": 6597.00,"Plan Rows": 2020,"Plan Width": 4,"Actual Startup Time": 0.057,"Actual Total Time": 182.154,"Actual Rows": 2170,"Actual Loops": 1,"Filter": "((p_name)::text ~~ 'cream%'::text)","Rows Removed by Filter": 197830},{"Node Type": "Index Scan","Parent Relationship": "Inner","Parallel Aware": false,"Async Capable": false,"Scan Direction": "Forward","Index Name": "idx_partsupp_partkey","Relation Name": "partsupp","Alias": "partsupp","Startup Cost": 0.42,"Total Cost": 40.36,"Plan Rows": 1,"Plan Width": 8,"Actual Startup Time": 0.151,"Actual Total Time": 0.360,"Actual Rows": 3,"Actual Loops": 2170,"Index Cond": "(ps_partkey = part.p_partkey)","Rows Removed by Index Recheck": 0,"Filter": "((ps_availqty)::numeric > (SubPlan 1))","Rows Removed by Filter": 1,"Plans": [{"Node Type": "Aggregate","Strategy": "Plain","Partial Mode": "Simple","Parent Relationship": "SubPlan","Subplan Name": "SubPlan 1","Parallel Aware": false,"Async Capable": false,"Startup Cost": 8.46,"Total Cost": 8.47,"Plan Rows": 1,"Plan Width": 32,"Actual Startup Time": 0.082,"Actual Total Time": 0.082,"Actual Rows": 1,"Actual Loops": 8680,"Plans": [{"Node Type": "Index Scan","Parent Relationship": "Outer","Parallel Aware": false,"Async Capable": false,"Scan Direction": "Forward","Index Name": "idx_lineitem_part_supp","Relation Name": "lineitem","Alias": "lineitem","Startup Cost": 0.43,"Total Cost": 8.46,"Plan Rows": 0,"Plan Width": 5,"Actual Startup Time": 0.050,"Actual Total Time": 0.081,"Actual Rows": 1,"Actual Loops": 8680,"Index Cond": "((l_partkey = partsupp.ps_partkey) AND (l_suppkey = partsupp.ps_suppkey))","Rows Removed by Index Recheck": 0,"Filter": "((l_shipdate >= '1997-01-01'::date) AND (l_shipdate < '1998-01-01 00:00:00'::timestamp without time zone))","Rows Removed by Filter": 6}]}]}]}]}]}]},"Planning Time": 6.809,"Triggers": [],"Execution Time": 974.529}]
[{"Plan": {"Node Type": "Sort","Parallel Aware": false,"Async Capable": false,"Startup Cost": 88442.96,"Total Cost": 88443.23,"Plan Rows": 108,"Plan Width": 51,"Actual Startup Time": 968.437,"Actual Total Time": 968.478,"Actual Rows": 178,"Actual Loops": 1,"Sort Key": ["supplier.s_name"],"Sort Method": "quicksort","Sort Space Used": 41,"Sort Space Type": "Memory","Plans": [{"Node Type": "Hash Join","Parent Relationship": "Outer","Parallel Aware": false,"Async Capable": false,"Join Type": "Semi","Startup Cost": 88199.59,"Total Cost": 88439.31,"Plan Rows": 108,"Plan Width": 51,"Actual Startup Time": 964.019,"Actual Total Time": 967.975,"Actual Rows": 178,"Actual Loops": 1,"Inner Unique": false,"Hash Cond": "(supplier.s_suppkey = partsupp.ps_suppkey)","Plans": [{"Node Type": "Nested Loop","Parent Relationship": "Outer","Parallel Aware": false,"Async Capable": false,"Join Type": "Inner","Startup Cost": 7.38,"Total Cost": 244.58,"Plan Rows": 400,"Plan Width": 55,"Actual Startup Time": 0.281,"Actual Total Time": 4.135,"Actual Rows": 398,"Actual Loops": 1,"Inner Unique": false,"Plans": [{"Node Type": "Seq Scan","Parent Relationship": "Outer","Parallel Aware": false,"Async Capable": false,"Relation Name": "nation","Alias": "nation","Startup Cost": 0.00,"Total Cost": 1.31,"Plan Rows": 1,"Plan Width": 4,"Actual Startup Time": 0.075,"Actual Total Time": 0.094,"Actual Rows": 1,"Actual Loops": 1,"Filter": "(n_name = 'ROMANIA'::bpchar)","Rows Removed by Filter": 24},{"Node Type": "Bitmap Heap Scan","Parent Relationship": "Inner","Parallel Aware": false,"Async Capable": false,"Relation Name": "supplier","Alias": "supplier","Startup Cost": 7.38,"Total Cost": 239.27,"Plan Rows": 400,"Plan Width": 59,"Actual Startup Time": 0.203,"Actual Total Time": 3.982,"Actual Rows": 398,"Actual Loops": 1,"Recheck Cond": "(s_nationkey = nation.n_nationkey)","Rows Removed by Index Recheck": 0,"Exact Heap Blocks": 186,"Lossy Heap Blocks": 0,"Plans": [{"Node Type": "Bitmap Index Scan","Parent Relationship": "Outer","Parallel Aware": false,"Async Capable": false,"Index Name": "idx_supplier_nation_key","Startup Cost": 0.00,"Total Cost": 7.29,"Plan Rows": 400,"Plan Width": 0,"Actual Startup Time": 0.135,"Actual Total Time": 0.141,"Actual Rows": 398,"Actual Loops": 1,"Index Cond": "(s_nationkey = nation.n_nationkey)"}]}]},{"Node Type": "Hash","Parent Relationship": "Inner","Parallel Aware": false,"Async Capable": false,"Startup Cost": 88158.53,"Total Cost": 88158.53,"Plan Rows": 2694,"Plan Width": 4,"Actual Startup Time": 963.670,"Actual Total Time": 963.682,"Actual Rows": 5828,"Actual Loops": 1,"Hash Buckets": 8192,"Original Hash Buckets": 4096,"Hash Batches": 1,"Original Hash Batches": 1,"Peak Memory Usage": 269,"Plans": [{"Node Type": "Nested Loop","Parent Relationship": "Outer","Parallel Aware": false,"Async Capable": false,"Join Type": "Inner","Startup Cost": 0.42,"Total Cost": 88158.53,"Plan Rows": 2694,"Plan Width": 4,"Actual Startup Time": 0.837,"Actual Total Time": 959.681,"Actual Rows": 5828,"Actual Loops": 1,"Inner Unique": false,"Plans": [{"Node Type": "Seq Scan","Parent Relationship": "Outer","Parallel Aware": false,"Async Capable": false,"Relation Name": "part","Alias": "part","Startup Cost": 0.00,"Total Cost": 6597.00,"Plan Rows": 2020,"Plan Width": 4,"Actual Startup Time": 0.219,"Actual Total Time": 180.807,"Actual Rows": 2183,"Actual Loops": 1,"Filter": "((p_name)::text ~~ 'drab%'::text)","Rows Removed by Filter": 197817},{"Node Type": "Index Scan","Parent Relationship": "Inner","Parallel Aware": false,"Async Capable": false,"Scan Direction": "Forward","Index Name": "idx_partsupp_partkey","Relation Name": "partsupp","Alias": "partsupp","Startup Cost": 0.42,"Total Cost": 40.36,"Plan Rows": 1,"Plan Width": 8,"Actual Startup Time": 0.152,"Actual Total Time": 0.356,"Actual Rows": 3,"Actual Loops": 2183,"Index Cond": "(ps_partkey = part.p_partkey)","Rows Removed by Index Recheck": 0,"Filter": "((ps_availqty)::numeric > (SubPlan 1))","Rows Removed by Filter": 1,"Plans": [{"Node Type": "Aggregate","Strategy": "Plain","Partial Mode": "Simple","Parent Relationship": "SubPlan","Subplan Name": "SubPlan 1","Parallel Aware": false,"Async Capable": false,"Startup Cost": 8.46,"Total Cost": 8.47,"Plan Rows": 1,"Plan Width": 32,"Actual Startup Time": 0.081,"Actual Total Time": 0.081,"Actual Rows": 1,"Actual Loops": 8732,"Plans": [{"Node Type": "Index Scan","Parent Relationship": "Outer","Parallel Aware": false,"Async Capable": false,"Scan Direction": "Forward","Index Name": "idx_lineitem_part_supp","Relation Name": "lineitem","Alias": "lineitem","Startup Cost": 0.43,"Total Cost": 8.46,"Plan Rows": 0,"Plan Width": 5,"Actual Startup Time": 0.049,"Actual Total Time": 0.080,"Actual Rows": 1,"Actual Loops": 8732,"Index Cond": "((l_partkey = partsupp.ps_partkey) AND (l_suppkey = partsupp.ps_suppkey))","Rows Removed by Index Recheck": 0,"Filter": "((l_shipdate >= '1993-01-01'::date) AND (l_shipdate < '1994-01-01 00:00:00'::timestamp without time zone))","Rows Removed by Filter": 6}]}]}]}]}]}]},"Planning Time": 6.661,"Triggers": [],"Execution Time": 968.706}]
[{"Plan": {"Node Type": "Sort","Parallel Aware": false,"Async Capable": false,"Startup Cost": 88442.96,"Total Cost": 88443.23,"Plan Rows": 108,"Plan Width": 51,"Actual Startup Time": 984.832,"Actual Total Time": 984.863,"Actual Rows": 192,"Actual Loops": 1,"Sort Key": ["supplier.s_name"],"Sort Method": "quicksort","Sort Space Used": 43,"Sort Space Type": "Memory","Plans": [{"Node Type": "Hash Join","Parent Relationship": "Outer","Parallel Aware": false,"Async Capable": false,"Join Type": "Semi","Startup Cost": 88199.59,"Total Cost": 88439.31,"Plan Rows": 108,"Plan Width": 51,"Actual Startup Time": 980.365,"Actual Total Time": 984.299,"Actual Rows": 192,"Actual Loops": 1,"Inner Unique": false,"Hash Cond": "(supplier.s_suppkey = partsupp.ps_suppkey)","Plans": [{"Node Type": "Nested Loop","Parent Relationship": "Outer","Parallel Aware": false,"Async Capable": false,"Join Type": "Inner","Startup Cost": 7.38,"Total Cost": 244.58,"Plan Rows": 400,"Plan Width": 55,"Actual Startup Time": 0.304,"Actual Total Time": 4.165,"Actual Rows": 413,"Actual Loops": 1,"Inner Unique": false,"Plans": [{"Node Type": "Seq Scan","Parent Relationship": "Outer","Parallel Aware": false,"Async Capable": false,"Relation Name": "nation","Alias": "nation","Startup Cost": 0.00,"Total Cost": 1.31,"Plan Rows": 1,"Plan Width": 4,"Actual Startup Time": 0.076,"Actual Total Time": 0.103,"Actual Rows": 1,"Actual Loops": 1,"Filter": "(n_name = 'ARGENTINA'::bpchar)","Rows Removed by Filter": 24},{"Node Type": "Bitmap Heap Scan","Parent Relationship": "Inner","Parallel Aware": false,"Async Capable": false,"Relation Name": "supplier","Alias": "supplier","Startup Cost": 7.38,"Total Cost": 239.27,"Plan Rows": 400,"Plan Width": 59,"Actual Startup Time": 0.221,"Actual Total Time": 4.000,"Actual Rows": 413,"Actual Loops": 1,"Recheck Cond": "(s_nationkey = nation.n_nationkey)","Rows Removed by Index Recheck": 0,"Exact Heap Blocks": 190,"Lossy Heap Blocks": 0,"Plans": [{"Node Type": "Bitmap Index Scan","Parent Relationship": "Outer","Parallel Aware": false,"Async Capable": false,"Index Name": "idx_supplier_nation_key","Startup Cost": 0.00,"Total Cost": 7.29,"Plan Rows": 400,"Plan Width": 0,"Actual Startup Time": 0.144,"Actual Total Time": 0.148,"Actual Rows": 413,"Actual Loops": 1,"Index Cond": "(s_nationkey = nation.n_nationkey)"}]}]},{"Node Type": "Hash","Parent Relationship": "Inner","Parallel Aware": false,"Async Capable": false,"Startup Cost": 88158.53,"Total Cost": 88158.53,"Plan Rows": 2694,"Plan Width": 4,"Actual Startup Time": 979.927,"Actual Total Time": 979.936,"Actual Rows": 6001,"Actual Loops": 1,"Hash Buckets": 8192,"Original Hash Buckets": 4096,"Hash Batches": 1,"Original Hash Batches": 1,"Peak Memory Usage": 275,"Plans": [{"Node Type": "Nested Loop","Parent Relationship": "Outer","Parallel Aware": false,"Async Capable": false,"Join Type": "Inner","Startup Cost": 0.42,"Total Cost": 88158.53,"Plan Rows": 2694,"Plan Width": 4,"Actual Startup Time": 0.547,"Actual Total Time": 975.281,"Actual Rows": 6001,"Actual Loops": 1,"Inner Unique": false,"Plans": [{"Node Type": "Seq Scan","Parent Relationship": "Outer","Parallel Aware": false,"Async Capable": false,"Relation Name": "part","Alias": "part","Startup Cost": 0.00,"Total Cost": 6597.00,"Plan Rows": 2020,"Plan Width": 4,"Actual Startup Time": 0.084,"Actual Total Time": 180.451,"Actual Rows": 2235,"Actual Loops": 1,"Filter": "((p_name)::text ~~ 'seashell%'::text)","Rows Removed by Filter": 197765},{"Node Type": "Index Scan","Parent Relationship": "Inner","Parallel Aware": false,"Async Capable": false,"Scan Direction": "Forward","Index Name": "idx_partsupp_partkey","Relation Name": "partsupp","Alias": "partsupp","Startup Cost": 0.42,"Total Cost": 40.36,"Plan Rows": 1,"Plan Width": 8,"Actual Startup Time": 0.148,"Actual Total Time": 0.355,"Actual Rows": 3,"Actual Loops": 2235,"Index Cond": "(ps_partkey = part.p_partkey)","Rows Removed by Index Recheck": 0,"Filter": "((ps_availqty)::numeric > (SubPlan 1))","Rows Removed by Filter": 1,"Plans": [{"Node Type": "Aggregate","Strategy": "Plain","Partial Mode": "Simple","Parent Relationship": "SubPlan","Subplan Name": "SubPlan 1","Parallel Aware": false,"Async Capable": false,"Startup Cost": 8.46,"Total Cost": 8.47,"Plan Rows": 1,"Plan Width": 32,"Actual Startup Time": 0.081,"Actual Total Time": 0.081,"Actual Rows": 1,"Actual Loops": 8940,"Plans": [{"Node Type": "Index Scan","Parent Relationship": "Outer","Parallel Aware": false,"Async Capable": false,"Scan Direction": "Forward","Index Name": "idx_lineitem_part_supp","Relation Name": "lineitem","Alias": "lineitem","Startup Cost": 0.43,"Total Cost": 8.46,"Plan Rows": 0,"Plan Width": 5,"Actual Startup Time": 0.049,"Actual Total Time": 0.080,"Actual Rows": 1,"Actual Loops": 8940,"Index Cond": "((l_partkey = partsupp.ps_partkey) AND (l_suppkey = partsupp.ps_suppkey))","Rows Removed by Index Recheck": 0,"Filter": "((l_shipdate >= '1994-01-01'::date) AND (l_shipdate < '1995-01-01 00:00:00'::timestamp without time zone))","Rows Removed by Filter": 6}]}]}]}]}]}]},"Planning Time": 6.996,"Triggers": [],"Execution Time": 985.164}]
[{"Plan": {"Node Type": "Sort","Parallel Aware": false,"Async Capable": false,"Startup Cost": 88442.96,"Total Cost": 88443.23,"Plan Rows": 108,"Plan Width": 51,"Actual Startup Time": 967.564,"Actual Total Time": 967.608,"Actual Rows": 161,"Actual Loops": 1,"Sort Key": ["supplier.s_name"],"Sort Method": "quicksort","Sort Space Used": 39,"Sort Space Type": "Memory","Plans": [{"Node Type": "Hash Join","Parent Relationship": "Outer","Parallel Aware": false,"Async Capable": false,"Join Type": "Semi","Startup Cost": 88199.59,"Total Cost": 88439.31,"Plan Rows": 108,"Plan Width": 51,"Actual Startup Time": 963.183,"Actual Total Time": 967.147,"Actual Rows": 161,"Actual Loops": 1,"Inner Unique": false,"Hash Cond": "(supplier.s_suppkey = partsupp.ps_suppkey)","Plans": [{"Node Type": "Nested Loop","Parent Relationship": "Outer","Parallel Aware": false,"Async Capable": false,"Join Type": "Inner","Startup Cost": 7.38,"Total Cost": 244.58,"Plan Rows": 400,"Plan Width": 55,"Actual Startup Time": 0.270,"Actual Total Time": 4.174,"Actual Rows": 377,"Actual Loops": 1,"Inner Unique": false,"Plans": [{"Node Type": "Seq Scan","Parent Relationship": "Outer","Parallel Aware": false,"Async Capable": false,"Relation Name": "nation","Alias": "nation","Startup Cost": 0.00,"Total Cost": 1.31,"Plan Rows": 1,"Plan Width": 4,"Actual Startup Time": 0.085,"Actual Total Time": 0.103,"Actual Rows": 1,"Actual Loops": 1,"Filter": "(n_name = 'JAPAN'::bpchar)","Rows Removed by Filter": 24},{"Node Type": "Bitmap Heap Scan","Parent Relationship": "Inner","Parallel Aware": false,"Async Capable": false,"Relation Name": "supplier","Alias": "supplier","Startup Cost": 7.38,"Total Cost": 239.27,"Plan Rows": 400,"Plan Width": 59,"Actual Startup Time": 0.181,"Actual Total Time": 4.001,"Actual Rows": 377,"Actual Loops": 1,"Recheck Cond": "(s_nationkey = nation.n_nationkey)","Rows Removed by Index Recheck": 0,"Exact Heap Blocks": 180,"Lossy Heap Blocks": 0,"Plans": [{"Node Type": "Bitmap Index Scan","Parent Relationship": "Outer","Parallel Aware": false,"Async Capable": false,"Index Name": "idx_supplier_nation_key","Startup Cost": 0.00,"Total Cost": 7.29,"Plan Rows": 400,"Plan Width": 0,"Actual Startup Time": 0.108,"Actual Total Time": 0.114,"Actual Rows": 377,"Actual Loops": 1,"Index Cond": "(s_nationkey = nation.n_nationkey)"}]}]},{"Node Type": "Hash","Parent Relationship": "Inner","Parallel Aware": false,"Async Capable": false,"Startup Cost": 88158.53,"Total Cost": 88158.53,"Plan Rows": 2694,"Plan Width": 4,"Actual Startup Time": 962.793,"Actual Total Time": 962.805,"Actual Rows": 5801,"Actual Loops": 1,"Hash Buckets": 8192,"Original Hash Buckets": 4096,"Hash Batches": 1,"Original Hash Batches": 1,"Peak Memory Usage": 268,"Plans": [{"Node Type": "Nested Loop","Parent Relationship": "Outer","Parallel Aware": false,"Async Capable": false,"Join Type": "Inner","Startup Cost": 0.42,"Total Cost": 88158.53,"Plan Rows": 2694,"Plan Width": 4,"Actual Startup Time": 0.802,"Actual Total Time": 958.725,"Actual Rows": 5801,"Actual Loops": 1,"Inner Unique": false,"Plans": [{"Node Type": "Seq Scan","Parent Relationship": "Outer","Parallel Aware": false,"Async Capable": false,"Relation Name": "part","Alias": "part","Startup Cost": 0.00,"Total Cost": 6597.00,"Plan Rows": 2020,"Plan Width": 4,"Actual Startup Time": 0.050,"Actual Total Time": 179.279,"Actual Rows": 2169,"Actual Loops": 1,"Filter": "((p_name)::text ~~ 'misty%'::text)","Rows Removed by Filter": 197831},{"Node Type": "Index Scan","Parent Relationship": "Inner","Parallel Aware": false,"Async Capable": false,"Scan Direction": "Forward","Index Name": "idx_partsupp_partkey","Relation Name": "partsupp","Alias": "partsupp","Startup Cost": 0.42,"Total Cost": 40.36,"Plan Rows": 1,"Plan Width": 8,"Actual Startup Time": 0.153,"Actual Total Time": 0.359,"Actual Rows": 3,"Actual Loops": 2169,"Index Cond": "(ps_partkey = part.p_partkey)","Rows Removed by Index Recheck": 0,"Filter": "((ps_availqty)::numeric > (SubPlan 1))","Rows Removed by Filter": 1,"Plans": [{"Node Type": "Aggregate","Strategy": "Plain","Partial Mode": "Simple","Parent Relationship": "SubPlan","Subplan Name": "SubPlan 1","Parallel Aware": false,"Async Capable": false,"Startup Cost": 8.46,"Total Cost": 8.47,"Plan Rows": 1,"Plan Width": 32,"Actual Startup Time": 0.082,"Actual Total Time": 0.082,"Actual Rows": 1,"Actual Loops": 8676,"Plans": [{"Node Type": "Index Scan","Parent Relationship": "Outer","Parallel Aware": false,"Async Capable": false,"Scan Direction": "Forward","Index Name": "idx_lineitem_part_supp","Relation Name": "lineitem","Alias": "lineitem","Startup Cost": 0.43,"Total Cost": 8.46,"Plan Rows": 0,"Plan Width": 5,"Actual Startup Time": 0.050,"Actual Total Time": 0.081,"Actual Rows": 1,"Actual Loops": 8676,"Index Cond": "((l_partkey = partsupp.ps_partkey) AND (l_suppkey = partsupp.ps_suppkey))","Rows Removed by Index Recheck": 0,"Filter": "((l_shipdate >= '1994-01-01'::date) AND (l_shipdate < '1995-01-01 00:00:00'::timestamp without time zone))","Rows Removed by Filter": 6}]}]}]}]}]}]},"Planning Time": 7.194,"Triggers": [],"Execution Time": 967.890}]
[{"Plan": {"Node Type": "Sort","Parallel Aware": false,"Async Capable": false,"Startup Cost": 88442.96,"Total Cost": 88443.23,"Plan Rows": 108,"Plan Width": 51,"Actual Startup Time": 913.517,"Actual Total Time": 913.554,"Actual Rows": 174,"Actual Loops": 1,"Sort Key": ["supplier.s_name"],"Sort Method": "quicksort","Sort Space Used": 41,"Sort Space Type": "Memory","Plans": [{"Node Type": "Hash Join","Parent Relationship": "Outer","Parallel Aware": false,"Async Capable": false,"Join Type": "Semi","Startup Cost": 88199.59,"Total Cost": 88439.31,"Plan Rows": 108,"Plan Width": 51,"Actual Startup Time": 909.470,"Actual Total Time": 913.189,"Actual Rows": 174,"Actual Loops": 1,"Inner Unique": false,"Hash Cond": "(supplier.s_suppkey = partsupp.ps_suppkey)","Plans": [{"Node Type": "Nested Loop","Parent Relationship": "Outer","Parallel Aware": false,"Async Capable": false,"Join Type": "Inner","Startup Cost": 7.38,"Total Cost": 244.58,"Plan Rows": 400,"Plan Width": 55,"Actual Startup Time": 0.288,"Actual Total Time": 3.879,"Actual Rows": 373,"Actual Loops": 1,"Inner Unique": false,"Plans": [{"Node Type": "Seq Scan","Parent Relationship": "Outer","Parallel Aware": false,"Async Capable": false,"Relation Name": "nation","Alias": "nation","Startup Cost": 0.00,"Total Cost": 1.31,"Plan Rows": 1,"Plan Width": 4,"Actual Startup Time": 0.077,"Actual Total Time": 0.100,"Actual Rows": 1,"Actual Loops": 1,"Filter": "(n_name = 'MOROCCO'::bpchar)","Rows Removed by Filter": 24},{"Node Type": "Bitmap Heap Scan","Parent Relationship": "Inner","Parallel Aware": false,"Async Capable": false,"Relation Name": "supplier","Alias": "supplier","Startup Cost": 7.38,"Total Cost": 239.27,"Plan Rows": 400,"Plan Width": 59,"Actual Startup Time": 0.204,"Actual Total Time": 3.714,"Actual Rows": 373,"Actual Loops": 1,"Recheck Cond": "(s_nationkey = nation.n_nationkey)","Rows Removed by Index Recheck": 0,"Exact Heap Blocks": 180,"Lossy Heap Blocks": 0,"Plans": [{"Node Type": "Bitmap Index Scan","Parent Relationship": "Outer","Parallel Aware": false,"Async Capable": false,"Index Name": "idx_supplier_nation_key","Startup Cost": 0.00,"Total Cost": 7.29,"Plan Rows": 400,"Plan Width": 0,"Actual Startup Time": 0.135,"Actual Total Time": 0.139,"Actual Rows": 373,"Actual Loops": 1,"Index Cond": "(s_nationkey = nation.n_nationkey)"}]}]},{"Node Type": "Hash","Parent Relationship": "Inner","Parallel Aware": false,"Async Capable": false,"Startup Cost": 88158.53,"Total Cost": 88158.53,"Plan Rows": 2694,"Plan Width": 4,"Actual Startup Time": 909.115,"Actual Total Time": 909.127,"Actual Rows": 6068,"Actual Loops": 1,"Hash Buckets": 8192,"Original Hash Buckets": 4096,"Hash Batches": 1,"Original Hash Batches": 1,"Peak Memory Usage": 278,"Plans": [{"Node Type": "Nested Loop","Parent Relationship": "Outer","Parallel Aware": false,"Async Capable": false,"Join Type": "Inner","Startup Cost": 0.42,"Total Cost": 88158.53,"Plan Rows": 2694,"Plan Width": 4,"Actual Startup Time": 0.319,"Actual Total Time": 904.837,"Actual Rows": 6068,"Actual Loops": 1,"Inner Unique": false,"Plans": [{"Node Type": "Seq Scan","Parent Relationship": "Outer","Parallel Aware": false,"Async Capable": false,"Relation Name": "part","Alias": "part","Startup Cost": 0.00,"Total Cost": 6597.00,"Plan Rows": 2020,"Plan Width": 4,"Actual Startup Time": 0.067,"Actual Total Time": 198.100,"Actual Rows": 2210,"Actual Loops": 1,"Filter": "((p_name)::text ~~ 'medium%'::text)","Rows Removed by Filter": 197790},{"Node Type": "Index Scan","Parent Relationship": "Inner","Parallel Aware": false,"Async Capable": false,"Scan Direction": "Forward","Index Name": "idx_partsupp_partkey","Relation Name": "partsupp","Alias": "partsupp","Startup Cost": 0.42,"Total Cost": 40.36,"Plan Rows": 1,"Plan Width": 8,"Actual Startup Time": 0.135,"Actual Total Time": 0.319,"Actual Rows": 3,"Actual Loops": 2210,"Index Cond": "(ps_partkey = part.p_partkey)","Rows Removed by Index Recheck": 0,"Filter": "((ps_availqty)::numeric > (SubPlan 1))","Rows Removed by Filter": 1,"Plans": [{"Node Type": "Aggregate","Strategy": "Plain","Partial Mode": "Simple","Parent Relationship": "SubPlan","Subplan Name": "SubPlan 1","Parallel Aware": false,"Async Capable": false,"Startup Cost": 8.46,"Total Cost": 8.47,"Plan Rows": 1,"Plan Width": 32,"Actual Startup Time": 0.072,"Actual Total Time": 0.072,"Actual Rows": 1,"Actual Loops": 8840,"Plans": [{"Node Type": "Index Scan","Parent Relationship": "Outer","Parallel Aware": false,"Async Capable": false,"Scan Direction": "Forward","Index Name": "idx_lineitem_part_supp","Relation Name": "lineitem","Alias": "lineitem","Startup Cost": 0.43,"Total Cost": 8.46,"Plan Rows": 0,"Plan Width": 5,"Actual Startup Time": 0.043,"Actual Total Time": 0.071,"Actual Rows": 1,"Actual Loops": 8840,"Index Cond": "((l_partkey = partsupp.ps_partkey) AND (l_suppkey = partsupp.ps_suppkey))","Rows Removed by Index Recheck": 0,"Filter": "((l_shipdate >= '1996-01-01'::date) AND (l_shipdate < '1997-01-01 00:00:00'::timestamp without time zone))","Rows Removed by Filter": 6}]}]}]}]}]}]},"Planning Time": 6.096,"Triggers": [],"Execution Time": 913.842}]
[{"Plan": {"Node Type": "Sort","Parallel Aware": false,"Async Capable": false,"Startup Cost": 165280.99,"Total Cost": 165281.52,"Plan Rows": 215,"Plan Width": 51,"Actual Startup Time": 971.225,"Actual Total Time": 971.263,"Actual Rows": 185,"Actual Loops": 1,"Sort Key": ["supplier.s_name"],"Sort Method": "quicksort","Sort Space Used": 42,"Sort Space Type": "Memory","Plans": [{"Node Type": "Hash Join","Parent Relationship": "Outer","Parallel Aware": false,"Async Capable": false,"Join Type": "Semi","Startup Cost": 165030.68,"Total Cost": 165272.66,"Plan Rows": 215,"Plan Width": 51,"Actual Startup Time": 966.338,"Actual Total Time": 970.899,"Actual Rows": 185,"Actual Loops": 1,"Inner Unique": false,"Hash Cond": "(supplier.s_suppkey = partsupp.ps_suppkey)","Plans": [{"Node Type": "Nested Loop","Parent Relationship": "Outer","Parallel Aware": false,"Async Capable": false,"Join Type": "Inner","Startup Cost": 7.38,"Total Cost": 244.58,"Plan Rows": 400,"Plan Width": 55,"Actual Startup Time": 0.220,"Actual Total Time": 4.311,"Actual Rows": 390,"Actual Loops": 1,"Inner Unique": false,"Plans": [{"Node Type": "Seq Scan","Parent Relationship": "Outer","Parallel Aware": false,"Async Capable": false,"Relation Name": "nation","Alias": "nation","Startup Cost": 0.00,"Total Cost": 1.31,"Plan Rows": 1,"Plan Width": 4,"Actual Startup Time": 0.074,"Actual Total Time": 0.097,"Actual Rows": 1,"Actual Loops": 1,"Filter": "(n_name = 'UNITED KINGDOM'::bpchar)","Rows Removed by Filter": 24},{"Node Type": "Bitmap Heap Scan","Parent Relationship": "Inner","Parallel Aware": false,"Async Capable": false,"Relation Name": "supplier","Alias": "supplier","Startup Cost": 7.38,"Total Cost": 239.27,"Plan Rows": 400,"Plan Width": 59,"Actual Startup Time": 0.142,"Actual Total Time": 4.139,"Actual Rows": 390,"Actual Loops": 1,"Recheck Cond": "(s_nationkey = nation.n_nationkey)","Rows Removed by Index Recheck": 0,"Exact Heap Blocks": 190,"Lossy Heap Blocks": 0,"Plans": [{"Node Type": "Bitmap Index Scan","Parent Relationship": "Outer","Parallel Aware": false,"Async Capable": false,"Index Name": "idx_supplier_nation_key","Startup Cost": 0.00,"Total Cost": 7.29,"Plan Rows": 400,"Plan Width": 0,"Actual Startup Time": 0.100,"Actual Total Time": 0.105,"Actual Rows": 390,"Actual Loops": 1,"Index Cond": "(s_nationkey = nation.n_nationkey)"}]}]},{"Node Type": "Hash","Parent Relationship": "Inner","Parallel Aware": false,"Async Capable": false,"Startup Cost": 164955.96,"Total Cost": 164955.96,"Plan Rows": 5387,"Plan Width": 4,"Actual Startup Time": 965.948,"Actual Total Time": 965.956,"Actual Rows": 5934,"Actual Loops": 1,"Hash Buckets": 8192,"Original Hash Buckets": 8192,"Hash Batches": 1,"Original Hash Batches": 1,"Peak Memory Usage": 273,"Plans": [{"Node Type": "Nested Loop","Parent Relationship": "Outer","Parallel Aware": false,"Async Capable": false,"Join Type": "Inner","Startup Cost": 0.42,"Total Cost": 164955.96,"Plan Rows": 5387,"Plan Width": 4,"Actual Startup Time": 0.587,"Actual Total Time": 960.571,"Actual Rows": 5934,"Actual Loops": 1,"Inner Unique": false,"Plans": [{"Node Type": "Seq Scan","Parent Relationship": "Outer","Parallel Aware": false,"Async Capable": false,"Relation Name": "part","Alias": "part","Startup Cost": 0.00,"Total Cost": 6597.00,"Plan Rows": 4040,"Plan Width": 4,"Actual Startup Time": 0.145,"Actual Total Time": 181.994,"Actual Rows": 2158,"Actual Loops": 1,"Filter": "((p_name)::text ~~ 'burnished%'::text)","Rows Removed by Filter": 197842},{"Node Type": "Index Scan","Parent Relationship": "Inner","Parallel Aware": false,"Async Capable": false,"Scan Direction": "Forward","Index Name": "idx_partsupp_partkey","Relation Name": "partsupp","Alias": "partsupp","Startup Cost": 0.42,"Total Cost": 39.18,"Plan Rows": 1,"Plan Width": 8,"Actual Startup Time": 0.148,"Actual Total Time": 0.360,"Actual Rows": 3,"Actual Loops": 2158,"Index Cond": "(ps_partkey = part.p_partkey)","Rows Removed by Index Recheck": 0,"Filter": "((ps_availqty)::numeric > (SubPlan 1))","Rows Removed by Filter": 1,"Plans": [{"Node Type": "Aggregate","Strategy": "Plain","Partial Mode": "Simple","Parent Relationship": "SubPlan","Subplan Name": "SubPlan 1","Parallel Aware": false,"Async Capable": false,"Startup Cost": 8.46,"Total Cost": 8.47,"Plan Rows": 1,"Plan Width": 32,"Actual Startup Time": 0.082,"Actual Total Time": 0.082,"Actual Rows": 1,"Actual Loops": 8632,"Plans": [{"Node Type": "Index Scan","Parent Relationship": "Outer","Parallel Aware": false,"Async Capable": false,"Scan Direction": "Forward","Index Name": "idx_lineitem_part_supp","Relation Name": "lineitem","Alias": "lineitem","Startup Cost": 0.43,"Total Cost": 8.46,"Plan Rows": 0,"Plan Width": 5,"Actual Startup Time": 0.049,"Actual Total Time": 0.081,"Actual Rows": 1,"Actual Loops": 8632,"Index Cond": "((l_partkey = partsupp.ps_partkey) AND (l_suppkey = partsupp.ps_suppkey))","Rows Removed by Index Recheck": 0,"Filter": "((l_shipdate >= '1996-01-01'::date) AND (l_shipdate < '1997-01-01 00:00:00'::timestamp without time zone))","Rows Removed by Filter": 6}]}]}]}]}]}]},"Planning Time": 7.236,"Triggers": [],"Execution Time": 971.541}]
[{"Plan": {"Node Type": "Sort","Parallel Aware": false,"Async Capable": false,"Startup Cost": 88442.96,"Total Cost": 88443.23,"Plan Rows": 108,"Plan Width": 51,"Actual Startup Time": 894.769,"Actual Total Time": 894.807,"Actual Rows": 178,"Actual Loops": 1,"Sort Key": ["supplier.s_name"],"Sort Method": "quicksort","Sort Space Used": 41,"Sort Space Type": "Memory","Plans": [{"Node Type": "Hash Join","Parent Relationship": "Outer","Parallel Aware": false,"Async Capable": false,"Join Type": "Semi","Startup Cost": 88199.59,"Total Cost": 88439.31,"Plan Rows": 108,"Plan Width": 51,"Actual Startup Time": 890.582,"Actual Total Time": 894.436,"Actual Rows": 178,"Actual Loops": 1,"Inner Unique": false,"Hash Cond": "(supplier.s_suppkey = partsupp.ps_suppkey)","Plans": [{"Node Type": "Nested Loop","Parent Relationship": "Outer","Parallel Aware": false,"Async Capable": false,"Join Type": "Inner","Startup Cost": 7.38,"Total Cost": 244.58,"Plan Rows": 400,"Plan Width": 55,"Actual Startup Time": 0.333,"Actual Total Time": 4.066,"Actual Rows": 412,"Actual Loops": 1,"Inner Unique": false,"Plans": [{"Node Type": "Seq Scan","Parent Relationship": "Outer","Parallel Aware": false,"Async Capable": false,"Relation Name": "nation","Alias": "nation","Startup Cost": 0.00,"Total Cost": 1.31,"Plan Rows": 1,"Plan Width": 4,"Actual Startup Time": 0.076,"Actual Total Time": 0.099,"Actual Rows": 1,"Actual Loops": 1,"Filter": "(n_name = 'CANADA'::bpchar)","Rows Removed by Filter": 24},{"Node Type": "Bitmap Heap Scan","Parent Relationship": "Inner","Parallel Aware": false,"Async Capable": false,"Relation Name": "supplier","Alias": "supplier","Startup Cost": 7.38,"Total Cost": 239.27,"Plan Rows": 400,"Plan Width": 59,"Actual Startup Time": 0.248,"Actual Total Time": 3.893,"Actual Rows": 412,"Actual Loops": 1,"Recheck Cond": "(s_nationkey = nation.n_nationkey)","Rows Removed by Index Recheck": 0,"Exact Heap Blocks": 189,"Lossy Heap Blocks": 0,"Plans": [{"Node Type": "Bitmap Index Scan","Parent Relationship": "Outer","Parallel Aware": false,"Async Capable": false,"Index Name": "idx_supplier_nation_key","Startup Cost": 0.00,"Total Cost": 7.29,"Plan Rows": 400,"Plan Width": 0,"Actual Startup Time": 0.154,"Actual Total Time": 0.159,"Actual Rows": 412,"Actual Loops": 1,"Index Cond": "(s_nationkey = nation.n_nationkey)"}]}]},{"Node Type": "Hash","Parent Relationship": "Inner","Parallel Aware": false,"Async Capable": false,"Startup Cost": 88158.53,"Total Cost": 88158.53,"Plan Rows": 2694,"Plan Width": 4,"Actual Startup Time": 890.183,"Actual Total Time": 890.197,"Actual Rows": 5872,"Actual Loops": 1,"Hash Buckets": 8192,"Original Hash Buckets": 4096,"Hash Batches": 1,"Original Hash Batches": 1,"Peak Memory Usage": 271,"Plans": [{"Node Type": "Nested Loop","Parent Relationship": "Outer","Parallel Aware": false,"Async Capable": false,"Join Type": "Inner","Startup Cost": 0.42,"Total Cost": 88158.53,"Plan Rows": 2694,"Plan Width": 4,"Actual Startup Time": 0.500,"Actual Total Time": 885.668,"Actual Rows": 5872,"Actual Loops": 1,"Inner Unique": false,"Plans": [{"Node Type": "Seq Scan","Parent Relationship": "Outer","Parallel Aware": false,"Async Capable": false,"Relation Name": "part","Alias": "part","Startup Cost": 0.00,"Total Cost": 6597.00,"Plan Rows": 2020,"Plan Width": 4,"Actual Startup Time": 0.066,"Actual Total Time": 193.929,"Actual Rows": 2158,"Actual Loops": 1,"Filter": "((p_name)::text ~~ 'lemon%'::text)","Rows Removed by Filter": 197842},{"Node Type": "Index Scan","Parent Relationship": "Inner","Parallel Aware": false,"Async Capable": false,"Scan Direction": "Forward","Index Name": "idx_partsupp_partkey","Relation Name": "partsupp","Alias": "partsupp","Startup Cost": 0.42,"Total Cost": 40.36,"Plan Rows": 1,"Plan Width": 8,"Actual Startup Time": 0.133,"Actual Total Time": 0.320,"Actual Rows": 3,"Actual Loops": 2158,"Index Cond": "(ps_partkey = part.p_partkey)","Rows Removed by Index Recheck": 0,"Filter": "((ps_availqty)::numeric > (SubPlan 1))","Rows Removed by Filter": 1,"Plans": [{"Node Type": "Aggregate","Strategy": "Plain","Partial Mode": "Simple","Parent Relationship": "SubPlan","Subplan Name": "SubPlan 1","Parallel Aware": false,"Async Capable": false,"Startup Cost": 8.46,"Total Cost": 8.47,"Plan Rows": 1,"Plan Width": 32,"Actual Startup Time": 0.072,"Actual Total Time": 0.072,"Actual Rows": 1,"Actual Loops": 8632,"Plans": [{"Node Type": "Index Scan","Parent Relationship": "Outer","Parallel Aware": false,"Async Capable": false,"Scan Direction": "Forward","Index Name": "idx_lineitem_part_supp","Relation Name": "lineitem","Alias": "lineitem","Startup Cost": 0.43,"Total Cost": 8.46,"Plan Rows": 0,"Plan Width": 5,"Actual Startup Time": 0.044,"Actual Total Time": 0.071,"Actual Rows": 1,"Actual Loops": 8632,"Index Cond": "((l_partkey = partsupp.ps_partkey) AND (l_suppkey = partsupp.ps_suppkey))","Rows Removed by Index Recheck": 0,"Filter": "((l_shipdate >= '1994-01-01'::date) AND (l_shipdate < '1995-01-01 00:00:00'::timestamp without time zone))","Rows Removed by Filter": 6}]}]}]}]}]}]},"Planning Time": 7.363,"Triggers": [],"Execution Time": 895.095}]
[{"Plan": {"Node Type": "Sort","Parallel Aware": false,"Async Capable": false,"Startup Cost": 88442.96,"Total Cost": 88443.23,"Plan Rows": 108,"Plan Width": 51,"Actual Startup Time": 966.728,"Actual Total Time": 966.769,"Actual Rows": 177,"Actual Loops": 1,"Sort Key": ["supplier.s_name"],"Sort Method": "quicksort","Sort Space Used": 41,"Sort Space Type": "Memory","Plans": [{"Node Type": "Hash Join","Parent Relationship": "Outer","Parallel Aware": false,"Async Capable": false,"Join Type": "Semi","Startup Cost": 88199.59,"Total Cost": 88439.31,"Plan Rows": 108,"Plan Width": 51,"Actual Startup Time": 962.445,"Actual Total Time": 966.405,"Actual Rows": 177,"Actual Loops": 1,"Inner Unique": false,"Hash Cond": "(supplier.s_suppkey = partsupp.ps_suppkey)","Plans": [{"Node Type": "Nested Loop","Parent Relationship": "Outer","Parallel Aware": false,"Async Capable": false,"Join Type": "Inner","Startup Cost": 7.38,"Total Cost": 244.58,"Plan Rows": 400,"Plan Width": 55,"Actual Startup Time": 0.314,"Actual Total Time": 4.191,"Actual Rows": 415,"Actual Loops": 1,"Inner Unique": false,"Plans": [{"Node Type": "Seq Scan","Parent Relationship": "Outer","Parallel Aware": false,"Async Capable": false,"Relation Name": "nation","Alias": "nation","Startup Cost": 0.00,"Total Cost": 1.31,"Plan Rows": 1,"Plan Width": 4,"Actual Startup Time": 0.065,"Actual Total Time": 0.087,"Actual Rows": 1,"Actual Loops": 1,"Filter": "(n_name = 'INDIA'::bpchar)","Rows Removed by Filter": 24},{"Node Type": "Bitmap Heap Scan","Parent Relationship": "Inner","Parallel Aware": false,"Async Capable": false,"Relation Name": "supplier","Alias": "supplier","Startup Cost": 7.38,"Total Cost": 239.27,"Plan Rows": 400,"Plan Width": 59,"Actual Startup Time": 0.245,"Actual Total Time": 4.031,"Actual Rows": 415,"Actual Loops": 1,"Recheck Cond": "(s_nationkey = nation.n_nationkey)","Rows Removed by Index Recheck": 0,"Exact Heap Blocks": 186,"Lossy Heap Blocks": 0,"Plans": [{"Node Type": "Bitmap Index Scan","Parent Relationship": "Outer","Parallel Aware": false,"Async Capable": false,"Index Name": "idx_supplier_nation_key","Startup Cost": 0.00,"Total Cost": 7.29,"Plan Rows": 400,"Plan Width": 0,"Actual Startup Time": 0.143,"Actual Total Time": 0.149,"Actual Rows": 415,"Actual Loops": 1,"Index Cond": "(s_nationkey = nation.n_nationkey)"}]}]},{"Node Type": "Hash","Parent Relationship": "Inner","Parallel Aware": false,"Async Capable": false,"Startup Cost": 88158.53,"Total Cost": 88158.53,"Plan Rows": 2694,"Plan Width": 4,"Actual Startup Time": 962.061,"Actual Total Time": 962.074,"Actual Rows": 5821,"Actual Loops": 1,"Hash Buckets": 8192,"Original Hash Buckets": 4096,"Hash Batches": 1,"Original Hash Batches": 1,"Peak Memory Usage": 269,"Plans": [{"Node Type": "Nested Loop","Parent Relationship": "Outer","Parallel Aware": false,"Async Capable": false,"Join Type": "Inner","Startup Cost": 0.42,"Total Cost": 88158.53,"Plan Rows": 2694,"Plan Width": 4,"Actual Startup Time": 0.950,"Actual Total Time": 957.781,"Actual Rows": 5821,"Actual Loops": 1,"Inner Unique": false,"Plans": [{"Node Type": "Seq Scan","Parent Relationship": "Outer","Parallel Aware": false,"Async Capable": false,"Relation Name": "part","Alias": "part","Startup Cost": 0.00,"Total Cost": 6597.00,"Plan Rows": 2020,"Plan Width": 4,"Actual Startup Time": 0.200,"Actual Total Time": 179.529,"Actual Rows": 2157,"Actual Loops": 1,"Filter": "((p_name)::text ~~ 'dark%'::text)","Rows Removed by Filter": 197843},{"Node Type": "Index Scan","Parent Relationship": "Inner","Parallel Aware": false,"Async Capable": false,"Scan Direction": "Forward","Index Name": "idx_partsupp_partkey","Relation Name": "partsupp","Alias": "partsupp","Startup Cost": 0.42,"Total Cost": 40.36,"Plan Rows": 1,"Plan Width": 8,"Actual Startup Time": 0.150,"Actual Total Time": 0.360,"Actual Rows": 3,"Actual Loops": 2157,"Index Cond": "(ps_partkey = part.p_partkey)","Rows Removed by Index Recheck": 0,"Filter": "((ps_availqty)::numeric > (SubPlan 1))","Rows Removed by Filter": 1,"Plans": [{"Node Type": "Aggregate","Strategy": "Plain","Partial Mode": "Simple","Parent Relationship": "SubPlan","Subplan Name": "SubPlan 1","Parallel Aware": false,"Async Capable": false,"Startup Cost": 8.46,"Total Cost": 8.47,"Plan Rows": 1,"Plan Width": 32,"Actual Startup Time": 0.082,"Actual Total Time": 0.082,"Actual Rows": 1,"Actual Loops": 8628,"Plans": [{"Node Type": "Index Scan","Parent Relationship": "Outer","Parallel Aware": false,"Async Capable": false,"Scan Direction": "Forward","Index Name": "idx_lineitem_part_supp","Relation Name": "lineitem","Alias": "lineitem","Startup Cost": 0.43,"Total Cost": 8.46,"Plan Rows": 0,"Plan Width": 5,"Actual Startup Time": 0.050,"Actual Total Time": 0.081,"Actual Rows": 1,"Actual Loops": 8628,"Index Cond": "((l_partkey = partsupp.ps_partkey) AND (l_suppkey = partsupp.ps_suppkey))","Rows Removed by Index Recheck": 0,"Filter": "((l_shipdate >= '1996-01-01'::date) AND (l_shipdate < '1997-01-01 00:00:00'::timestamp without time zone))","Rows Removed by Filter": 6}]}]}]}]}]}]},"Planning Time": 6.686,"Triggers": [],"Execution Time": 967.017}]
[{"Plan": {"Node Type": "Sort","Parallel Aware": false,"Async Capable": false,"Startup Cost": 88442.96,"Total Cost": 88443.23,"Plan Rows": 108,"Plan Width": 51,"Actual Startup Time": 899.011,"Actual Total Time": 899.046,"Actual Rows": 180,"Actual Loops": 1,"Sort Key": ["supplier.s_name"],"Sort Method": "quicksort","Sort Space Used": 41,"Sort Space Type": "Memory","Plans": [{"Node Type": "Hash Join","Parent Relationship": "Outer","Parallel Aware": false,"Async Capable": false,"Join Type": "Semi","Startup Cost": 88199.59,"Total Cost": 88439.31,"Plan Rows": 108,"Plan Width": 51,"Actual Startup Time": 894.606,"Actual Total Time": 898.669,"Actual Rows": 180,"Actual Loops": 1,"Inner Unique": false,"Hash Cond": "(supplier.s_suppkey = partsupp.ps_suppkey)","Plans": [{"Node Type": "Nested Loop","Parent Relationship": "Outer","Parallel Aware": false,"Async Capable": false,"Join Type": "Inner","Startup Cost": 7.38,"Total Cost": 244.58,"Plan Rows": 400,"Plan Width": 55,"Actual Startup Time": 0.354,"Actual Total Time": 4.267,"Actual Rows": 438,"Actual Loops": 1,"Inner Unique": false,"Plans": [{"Node Type": "Seq Scan","Parent Relationship": "Outer","Parallel Aware": false,"Async Capable": false,"Relation Name": "nation","Alias": "nation","Startup Cost": 0.00,"Total Cost": 1.31,"Plan Rows": 1,"Plan Width": 4,"Actual Startup Time": 0.081,"Actual Total Time": 0.108,"Actual Rows": 1,"Actual Loops": 1,"Filter": "(n_name = 'IRAQ'::bpchar)","Rows Removed by Filter": 24},{"Node Type": "Bitmap Heap Scan","Parent Relationship": "Inner","Parallel Aware": false,"Async Capable": false,"Relation Name": "supplier","Alias": "supplier","Startup Cost": 7.38,"Total Cost": 239.27,"Plan Rows": 400,"Plan Width": 59,"Actual Startup Time": 0.260,"Actual Total Time": 4.090,"Actual Rows": 438,"Actual Loops": 1,"Recheck Cond": "(s_nationkey = nation.n_nationkey)","Rows Removed by Index Recheck": 0,"Exact Heap Blocks": 194,"Lossy Heap Blocks": 0,"Plans": [{"Node Type": "Bitmap Index Scan","Parent Relationship": "Outer","Parallel Aware": false,"Async Capable": false,"Index Name": "idx_supplier_nation_key","Startup Cost": 0.00,"Total Cost": 7.29,"Plan Rows": 400,"Plan Width": 0,"Actual Startup Time": 0.167,"Actual Total Time": 0.169,"Actual Rows": 438,"Actual Loops": 1,"Index Cond": "(s_nationkey = nation.n_nationkey)"}]}]},{"Node Type": "Hash","Parent Relationship": "Inner","Parallel Aware": false,"Async Capable": false,"Startup Cost": 88158.53,"Total Cost": 88158.53,"Plan Rows": 2694,"Plan Width": 4,"Actual Startup Time": 894.189,"Actual Total Time": 894.198,"Actual Rows": 5844,"Actual Loops": 1,"Hash Buckets": 8192,"Original Hash Buckets": 4096,"Hash Batches": 1,"Original Hash Batches": 1,"Peak Memory Usage": 270,"Plans": [{"Node Type": "Nested Loop","Parent Relationship": "Outer","Parallel Aware": false,"Async Capable": false,"Join Type": "Inner","Startup Cost": 0.42,"Total Cost": 88158.53,"Plan Rows": 2694,"Plan Width": 4,"Actual Startup Time": 0.769,"Actual Total Time": 888.847,"Actual Rows": 5844,"Actual Loops": 1,"Inner Unique": false,"Plans": [{"Node Type": "Seq Scan","Parent Relationship": "Outer","Parallel Aware": false,"Async Capable": false,"Relation Name": "part","Alias": "part","Startup Cost": 0.00,"Total Cost": 6597.00,"Plan Rows": 2020,"Plan Width": 4,"Actual Startup Time": 0.222,"Actual Total Time": 196.152,"Actual Rows": 2157,"Actual Loops": 1,"Filter": "((p_name)::text ~~ 'wheat%'::text)","Rows Removed by Filter": 197843},{"Node Type": "Index Scan","Parent Relationship": "Inner","Parallel Aware": false,"Async Capable": false,"Scan Direction": "Forward","Index Name": "idx_partsupp_partkey","Relation Name": "partsupp","Alias": "partsupp","Startup Cost": 0.42,"Total Cost": 40.36,"Plan Rows": 1,"Plan Width": 8,"Actual Startup Time": 0.135,"Actual Total Time": 0.321,"Actual Rows": 3,"Actual Loops": 2157,"Index Cond": "(ps_partkey = part.p_partkey)","Rows Removed by Index Recheck": 0,"Filter": "((ps_availqty)::numeric > (SubPlan 1))","Rows Removed by Filter": 1,"Plans": [{"Node Type": "Aggregate","Strategy": "Plain","Partial Mode": "Simple","Parent Relationship": "SubPlan","Subplan Name": "SubPlan 1","Parallel Aware": false,"Async Capable": false,"Startup Cost": 8.46,"Total Cost": 8.47,"Plan Rows": 1,"Plan Width": 32,"Actual Startup Time": 0.072,"Actual Total Time": 0.072,"Actual Rows": 1,"Actual Loops": 8628,"Plans": [{"Node Type": "Index Scan","Parent Relationship": "Outer","Parallel Aware": false,"Async Capable": false,"Scan Direction": "Forward","Index Name": "idx_lineitem_part_supp","Relation Name": "lineitem","Alias": "lineitem","Startup Cost": 0.43,"Total Cost": 8.46,"Plan Rows": 0,"Plan Width": 5,"Actual Startup Time": 0.044,"Actual Total Time": 0.071,"Actual Rows": 1,"Actual Loops": 8628,"Index Cond": "((l_partkey = partsupp.ps_partkey) AND (l_suppkey = partsupp.ps_suppkey))","Rows Removed by Index Recheck": 0,"Filter": "((l_shipdate >= '1995-01-01'::date) AND (l_shipdate < '1996-01-01 00:00:00'::timestamp without time zone))","Rows Removed by Filter": 6}]}]}]}]}]}]},"Planning Time": 7.158,"Triggers": [],"Execution Time": 899.342}]
[{"Plan": {"Node Type": "Sort","Parallel Aware": false,"Async Capable": false,"Startup Cost": 88442.96,"Total Cost": 88443.23,"Plan Rows": 108,"Plan Width": 51,"Actual Startup Time": 911.530,"Actual Total Time": 911.565,"Actual Rows": 179,"Actual Loops": 1,"Sort Key": ["supplier.s_name"],"Sort Method": "quicksort","Sort Space Used": 41,"Sort Space Type": "Memory","Plans": [{"Node Type": "Hash Join","Parent Relationship": "Outer","Parallel Aware": false,"Async Capable": false,"Join Type": "Semi","Startup Cost": 88199.59,"Total Cost": 88439.31,"Plan Rows": 108,"Plan Width": 51,"Actual Startup Time": 907.329,"Actual Total Time": 911.206,"Actual Rows": 179,"Actual Loops": 1,"Inner Unique": false,"Hash Cond": "(supplier.s_suppkey = partsupp.ps_suppkey)","Plans": [{"Node Type": "Nested Loop","Parent Relationship": "Outer","Parallel Aware": false,"Async Capable": false,"Join Type": "Inner","Startup Cost": 7.38,"Total Cost": 244.58,"Plan Rows": 400,"Plan Width": 55,"Actual Startup Time": 0.253,"Actual Total Time": 4.088,"Actual Rows": 393,"Actual Loops": 1,"Inner Unique": false,"Plans": [{"Node Type": "Seq Scan","Parent Relationship": "Outer","Parallel Aware": false,"Async Capable": false,"Relation Name": "nation","Alias": "nation","Startup Cost": 0.00,"Total Cost": 1.31,"Plan Rows": 1,"Plan Width": 4,"Actual Startup Time": 0.067,"Actual Total Time": 0.090,"Actual Rows": 1,"Actual Loops": 1,"Filter": "(n_name = 'IRAN'::bpchar)","Rows Removed by Filter": 24},{"Node Type": "Bitmap Heap Scan","Parent Relationship": "Inner","Parallel Aware": false,"Async Capable": false,"Relation Name": "supplier","Alias": "supplier","Startup Cost": 7.38,"Total Cost": 239.27,"Plan Rows": 400,"Plan Width": 59,"Actual Startup Time": 0.183,"Actual Total Time": 3.937,"Actual Rows": 393,"Actual Loops": 1,"Recheck Cond": "(s_nationkey = nation.n_nationkey)","Rows Removed by Index Recheck": 0,"Exact Heap Blocks": 179,"Lossy Heap Blocks": 0,"Plans": [{"Node Type": "Bitmap Index Scan","Parent Relationship": "Outer","Parallel Aware": false,"Async Capable": false,"Index Name": "idx_supplier_nation_key","Startup Cost": 0.00,"Total Cost": 7.29,"Plan Rows": 400,"Plan Width": 0,"Actual Startup Time": 0.125,"Actual Total Time": 0.129,"Actual Rows": 393,"Actual Loops": 1,"Index Cond": "(s_nationkey = nation.n_nationkey)"}]}]},{"Node Type": "Hash","Parent Relationship": "Inner","Parallel Aware": false,"Async Capable": false,"Startup Cost": 88158.53,"Total Cost": 88158.53,"Plan Rows": 2694,"Plan Width": 4,"Actual Startup Time": 906.965,"Actual Total Time": 906.975,"Actual Rows": 5859,"Actual Loops": 1,"Hash Buckets": 8192,"Original Hash Buckets": 4096,"Hash Batches": 1,"Original Hash Batches": 1,"Peak Memory Usage": 270,"Plans": [{"Node Type": "Nested Loop","Parent Relationship": "Outer","Parallel Aware": false,"Async Capable": false,"Join Type": "Inner","Startup Cost": 0.42,"Total Cost": 88158.53,"Plan Rows": 2694,"Plan Width": 4,"Actual Startup Time": 0.757,"Actual Total Time": 902.123,"Actual Rows": 5859,"Actual Loops": 1,"Inner Unique": false,"Plans": [{"Node Type": "Seq Scan","Parent Relationship": "Outer","Parallel Aware": false,"Async Capable": false,"Relation Name": "part","Alias": "part","Startup Cost": 0.00,"Total Cost": 6597.00,"Plan Rows": 2020,"Plan Width": 4,"Actual Startup Time": 0.132,"Actual Total Time": 201.189,"Actual Rows": 2180,"Actual Loops": 1,"Filter": "((p_name)::text ~~ 'gainsboro%'::text)","Rows Removed by Filter": 197820},{"Node Type": "Index Scan","Parent Relationship": "Inner","Parallel Aware": false,"Async Capable": false,"Scan Direction": "Forward","Index Name": "idx_partsupp_partkey","Relation Name": "partsupp","Alias": "partsupp","Startup Cost": 0.42,"Total Cost": 40.36,"Plan Rows": 1,"Plan Width": 8,"Actual Startup Time": 0.137,"Actual Total Time": 0.321,"Actual Rows": 3,"Actual Loops": 2180,"Index Cond": "(ps_partkey = part.p_partkey)","Rows Removed by Index Recheck": 0,"Filter": "((ps_availqty)::numeric > (SubPlan 1))","Rows Removed by Filter": 1,"Plans": [{"Node Type": "Aggregate","Strategy": "Plain","Partial Mode": "Simple","Parent Relationship": "SubPlan","Subplan Name": "SubPlan 1","Parallel Aware": false,"Async Capable": false,"Startup Cost": 8.46,"Total Cost": 8.47,"Plan Rows": 1,"Plan Width": 32,"Actual Startup Time": 0.072,"Actual Total Time": 0.072,"Actual Rows": 1,"Actual Loops": 8720,"Plans": [{"Node Type": "Index Scan","Parent Relationship": "Outer","Parallel Aware": false,"Async Capable": false,"Scan Direction": "Forward","Index Name": "idx_lineitem_part_supp","Relation Name": "lineitem","Alias": "lineitem","Startup Cost": 0.43,"Total Cost": 8.46,"Plan Rows": 0,"Plan Width": 5,"Actual Startup Time": 0.044,"Actual Total Time": 0.071,"Actual Rows": 1,"Actual Loops": 8720,"Index Cond": "((l_partkey = partsupp.ps_partkey) AND (l_suppkey = partsupp.ps_suppkey))","Rows Removed by Index Recheck": 0,"Filter": "((l_shipdate >= '1996-01-01'::date) AND (l_shipdate < '1997-01-01 00:00:00'::timestamp without time zone))","Rows Removed by Filter": 6}]}]}]}]}]}]},"Planning Time": 6.150,"Triggers": [],"Execution Time": 911.830}]
[{"Plan": {"Node Type": "Sort","Parallel Aware": false,"Async Capable": false,"Startup Cost": 88442.96,"Total Cost": 88443.23,"Plan Rows": 108,"Plan Width": 51,"Actual Startup Time": 911.297,"Actual Total Time": 911.335,"Actual Rows": 193,"Actual Loops": 1,"Sort Key": ["supplier.s_name"],"Sort Method": "quicksort","Sort Space Used": 43,"Sort Space Type": "Memory","Plans": [{"Node Type": "Hash Join","Parent Relationship": "Outer","Parallel Aware": false,"Async Capable": false,"Join Type": "Semi","Startup Cost": 88199.59,"Total Cost": 88439.31,"Plan Rows": 108,"Plan Width": 51,"Actual Startup Time": 906.712,"Actual Total Time": 910.770,"Actual Rows": 193,"Actual Loops": 1,"Inner Unique": false,"Hash Cond": "(supplier.s_suppkey = partsupp.ps_suppkey)","Plans": [{"Node Type": "Nested Loop","Parent Relationship": "Outer","Parallel Aware": false,"Async Capable": false,"Join Type": "Inner","Startup Cost": 7.38,"Total Cost": 244.58,"Plan Rows": 400,"Plan Width": 55,"Actual Startup Time": 0.256,"Actual Total Time": 4.222,"Actual Rows": 390,"Actual Loops": 1,"Inner Unique": false,"Plans": [{"Node Type": "Seq Scan","Parent Relationship": "Outer","Parallel Aware": false,"Async Capable": false,"Relation Name": "nation","Alias": "nation","Startup Cost": 0.00,"Total Cost": 1.31,"Plan Rows": 1,"Plan Width": 4,"Actual Startup Time": 0.073,"Actual Total Time": 0.096,"Actual Rows": 1,"Actual Loops": 1,"Filter": "(n_name = 'UNITED KINGDOM'::bpchar)","Rows Removed by Filter": 24},{"Node Type": "Bitmap Heap Scan","Parent Relationship": "Inner","Parallel Aware": false,"Async Capable": false,"Relation Name": "supplier","Alias": "supplier","Startup Cost": 7.38,"Total Cost": 239.27,"Plan Rows": 400,"Plan Width": 59,"Actual Startup Time": 0.174,"Actual Total Time": 4.041,"Actual Rows": 390,"Actual Loops": 1,"Recheck Cond": "(s_nationkey = nation.n_nationkey)","Rows Removed by Index Recheck": 0,"Exact Heap Blocks": 190,"Lossy Heap Blocks": 0,"Plans": [{"Node Type": "Bitmap Index Scan","Parent Relationship": "Outer","Parallel Aware": false,"Async Capable": false,"Index Name": "idx_supplier_nation_key","Startup Cost": 0.00,"Total Cost": 7.29,"Plan Rows": 400,"Plan Width": 0,"Actual Startup Time": 0.119,"Actual Total Time": 0.123,"Actual Rows": 390,"Actual Loops": 1,"Index Cond": "(s_nationkey = nation.n_nationkey)"}]}]},{"Node Type": "Hash","Parent Relationship": "Inner","Parallel Aware": false,"Async Capable": false,"Startup Cost": 88158.53,"Total Cost": 88158.53,"Plan Rows": 2694,"Plan Width": 4,"Actual Startup Time": 906.376,"Actual Total Time": 906.384,"Actual Rows": 5824,"Actual Loops": 1,"Hash Buckets": 8192,"Original Hash Buckets": 4096,"Hash Batches": 1,"Original Hash Batches": 1,"Peak Memory Usage": 269,"Plans": [{"Node Type": "Nested Loop","Parent Relationship": "Outer","Parallel Aware": false,"Async Capable": false,"Join Type": "Inner","Startup Cost": 0.42,"Total Cost": 88158.53,"Plan Rows": 2694,"Plan Width": 4,"Actual Startup Time": 0.784,"Actual Total Time": 902.161,"Actual Rows": 5824,"Actual Loops": 1,"Inner Unique": false,"Plans": [{"Node Type": "Seq Scan","Parent Relationship": "Outer","Parallel Aware": false,"Async Capable": false,"Relation Name": "part","Alias": "part","Startup Cost": 0.00,"Total Cost": 6597.00,"Plan Rows": 2020,"Plan Width": 4,"Actual Startup Time": 0.119,"Actual Total Time": 202.419,"Actual Rows": 2152,"Actual Loops": 1,"Filter": "((p_name)::text ~~ 'snow%'::text)","Rows Removed by Filter": 197848},{"Node Type": "Index Scan","Parent Relationship": "Inner","Parallel Aware": false,"Async Capable": false,"Scan Direction": "Forward","Index Name": "idx_partsupp_partkey","Relation Name": "partsupp","Alias": "partsupp","Startup Cost": 0.42,"Total Cost": 40.36,"Plan Rows": 1,"Plan Width": 8,"Actual Startup Time": 0.138,"Actual Total Time": 0.325,"Actual Rows": 3,"Actual Loops": 2152,"Index Cond": "(ps_partkey = part.p_partkey)","Rows Removed by Index Recheck": 0,"Filter": "((ps_availqty)::numeric > (SubPlan 1))","Rows Removed by Filter": 1,"Plans": [{"Node Type": "Aggregate","Strategy": "Plain","Partial Mode": "Simple","Parent Relationship": "SubPlan","Subplan Name": "SubPlan 1","Parallel Aware": false,"Async Capable": false,"Startup Cost": 8.46,"Total Cost": 8.47,"Plan Rows": 1,"Plan Width": 32,"Actual Startup Time": 0.073,"Actual Total Time": 0.073,"Actual Rows": 1,"Actual Loops": 8608,"Plans": [{"Node Type": "Index Scan","Parent Relationship": "Outer","Parallel Aware": false,"Async Capable": false,"Scan Direction": "Forward","Index Name": "idx_lineitem_part_supp","Relation Name": "lineitem","Alias": "lineitem","Startup Cost": 0.43,"Total Cost": 8.46,"Plan Rows": 0,"Plan Width": 5,"Actual Startup Time": 0.044,"Actual Total Time": 0.072,"Actual Rows": 1,"Actual Loops": 8608,"Index Cond": "((l_partkey = partsupp.ps_partkey) AND (l_suppkey = partsupp.ps_suppkey))","Rows Removed by Index Recheck": 0,"Filter": "((l_shipdate >= '1995-01-01'::date) AND (l_shipdate < '1996-01-01 00:00:00'::timestamp without time zone))","Rows Removed by Filter": 6}]}]}]}]}]}]},"Planning Time": 6.795,"Triggers": [],"Execution Time": 911.591}]
[{"Plan": {"Node Type": "Sort","Parallel Aware": false,"Async Capable": false,"Startup Cost": 88442.96,"Total Cost": 88443.23,"Plan Rows": 108,"Plan Width": 51,"Actual Startup Time": 980.411,"Actual Total Time": 980.444,"Actual Rows": 167,"Actual Loops": 1,"Sort Key": ["supplier.s_name"],"Sort Method": "quicksort","Sort Space Used": 40,"Sort Space Type": "Memory","Plans": [{"Node Type": "Hash Join","Parent Relationship": "Outer","Parallel Aware": false,"Async Capable": false,"Join Type": "Semi","Startup Cost": 88199.59,"Total Cost": 88439.31,"Plan Rows": 108,"Plan Width": 51,"Actual Startup Time": 976.309,"Actual Total Time": 980.102,"Actual Rows": 167,"Actual Loops": 1,"Inner Unique": false,"Hash Cond": "(supplier.s_suppkey = partsupp.ps_suppkey)","Plans": [{"Node Type": "Nested Loop","Parent Relationship": "Outer","Parallel Aware": false,"Async Capable": false,"Join Type": "Inner","Startup Cost": 7.38,"Total Cost": 244.58,"Plan Rows": 400,"Plan Width": 55,"Actual Startup Time": 0.282,"Actual Total Time": 4.003,"Actual Rows": 393,"Actual Loops": 1,"Inner Unique": false,"Plans": [{"Node Type": "Seq Scan","Parent Relationship": "Outer","Parallel Aware": false,"Async Capable": false,"Relation Name": "nation","Alias": "nation","Startup Cost": 0.00,"Total Cost": 1.31,"Plan Rows": 1,"Plan Width": 4,"Actual Startup Time": 0.069,"Actual Total Time": 0.099,"Actual Rows": 1,"Actual Loops": 1,"Filter": "(n_name = 'IRAN'::bpchar)","Rows Removed by Filter": 24},{"Node Type": "Bitmap Heap Scan","Parent Relationship": "Inner","Parallel Aware": false,"Async Capable": false,"Relation Name": "supplier","Alias": "supplier","Startup Cost": 7.38,"Total Cost": 239.27,"Plan Rows": 400,"Plan Width": 59,"Actual Startup Time": 0.206,"Actual Total Time": 3.831,"Actual Rows": 393,"Actual Loops": 1,"Recheck Cond": "(s_nationkey = nation.n_nationkey)","Rows Removed by Index Recheck": 0,"Exact Heap Blocks": 179,"Lossy Heap Blocks": 0,"Plans": [{"Node Type": "Bitmap Index Scan","Parent Relationship": "Outer","Parallel Aware": false,"Async Capable": false,"Index Name": "idx_supplier_nation_key","Startup Cost": 0.00,"Total Cost": 7.29,"Plan Rows": 400,"Plan Width": 0,"Actual Startup Time": 0.137,"Actual Total Time": 0.142,"Actual Rows": 393,"Actual Loops": 1,"Index Cond": "(s_nationkey = nation.n_nationkey)"}]}]},{"Node Type": "Hash","Parent Relationship": "Inner","Parallel Aware": false,"Async Capable": false,"Startup Cost": 88158.53,"Total Cost": 88158.53,"Plan Rows": 2694,"Plan Width": 4,"Actual Startup Time": 975.958,"Actual Total Time": 975.967,"Actual Rows": 5981,"Actual Loops": 1,"Hash Buckets": 8192,"Original Hash Buckets": 4096,"Hash Batches": 1,"Original Hash Batches": 1,"Peak Memory Usage": 275,"Plans": [{"Node Type": "Nested Loop","Parent Relationship": "Outer","Parallel Aware": false,"Async Capable": false,"Join Type": "Inner","Startup Cost": 0.42,"Total Cost": 88158.53,"Plan Rows": 2694,"Plan Width": 4,"Actual Startup Time": 0.516,"Actual Total Time": 971.987,"Actual Rows": 5981,"Actual Loops": 1,"Inner Unique": false,"Plans": [{"Node Type": "Seq Scan","Parent Relationship": "Outer","Parallel Aware": false,"Async Capable": false,"Relation Name": "part","Alias": "part","Startup Cost": 0.00,"Total Cost": 6597.00,"Plan Rows": 2020,"Plan Width": 4,"Actual Startup Time": 0.073,"Actual Total Time": 180.707,"Actual Rows": 2209,"Actual Loops": 1,"Filter": "((p_name)::text ~~ 'turquoise%'::text)","Rows Removed by Filter": 197791},{"Node Type": "Index Scan","Parent Relationship": "Inner","Parallel Aware": false,"Async Capable": false,"Scan Direction": "Forward","Index Name": "idx_partsupp_partkey","Relation Name": "partsupp","Alias": "partsupp","Startup Cost": 0.42,"Total Cost": 40.36,"Plan Rows": 1,"Plan Width": 8,"Actual Startup Time": 0.148,"Actual Total Time": 0.358,"Actual Rows": 3,"Actual Loops": 2209,"Index Cond": "(ps_partkey = part.p_partkey)","Rows Removed by Index Recheck": 0,"Filter": "((ps_availqty)::numeric > (SubPlan 1))","Rows Removed by Filter": 1,"Plans": [{"Node Type": "Aggregate","Strategy": "Plain","Partial Mode": "Simple","Parent Relationship": "SubPlan","Subplan Name": "SubPlan 1","Parallel Aware": false,"Async Capable": false,"Startup Cost": 8.46,"Total Cost": 8.47,"Plan Rows": 1,"Plan Width": 32,"Actual Startup Time": 0.081,"Actual Total Time": 0.081,"Actual Rows": 1,"Actual Loops": 8836,"Plans": [{"Node Type": "Index Scan","Parent Relationship": "Outer","Parallel Aware": false,"Async Capable": false,"Scan Direction": "Forward","Index Name": "idx_lineitem_part_supp","Relation Name": "lineitem","Alias": "lineitem","Startup Cost": 0.43,"Total Cost": 8.46,"Plan Rows": 0,"Plan Width": 5,"Actual Startup Time": 0.050,"Actual Total Time": 0.081,"Actual Rows": 1,"Actual Loops": 8836,"Index Cond": "((l_partkey = partsupp.ps_partkey) AND (l_suppkey = partsupp.ps_suppkey))","Rows Removed by Index Recheck": 0,"Filter": "((l_shipdate >= '1997-01-01'::date) AND (l_shipdate < '1998-01-01 00:00:00'::timestamp without time zone))","Rows Removed by Filter": 6}]}]}]}]}]}]},"Planning Time": 6.445,"Triggers": [],"Execution Time": 980.692}]
[{"Plan": {"Node Type": "Sort","Parallel Aware": false,"Async Capable": false,"Startup Cost": 88442.96,"Total Cost": 88443.23,"Plan Rows": 108,"Plan Width": 51,"Actual Startup Time": 913.035,"Actual Total Time": 913.067,"Actual Rows": 172,"Actual Loops": 1,"Sort Key": ["supplier.s_name"],"Sort Method": "quicksort","Sort Space Used": 41,"Sort Space Type": "Memory","Plans": [{"Node Type": "Hash Join","Parent Relationship": "Outer","Parallel Aware": false,"Async Capable": false,"Join Type": "Semi","Startup Cost": 88199.59,"Total Cost": 88439.31,"Plan Rows": 108,"Plan Width": 51,"Actual Startup Time": 908.819,"Actual Total Time": 912.587,"Actual Rows": 172,"Actual Loops": 1,"Inner Unique": false,"Hash Cond": "(supplier.s_suppkey = partsupp.ps_suppkey)","Plans": [{"Node Type": "Nested Loop","Parent Relationship": "Outer","Parallel Aware": false,"Async Capable": false,"Join Type": "Inner","Startup Cost": 7.38,"Total Cost": 244.58,"Plan Rows": 400,"Plan Width": 55,"Actual Startup Time": 0.262,"Actual Total Time": 3.946,"Actual Rows": 393,"Actual Loops": 1,"Inner Unique": false,"Plans": [{"Node Type": "Seq Scan","Parent Relationship": "Outer","Parallel Aware": false,"Async Capable": false,"Relation Name": "nation","Alias": "nation","Startup Cost": 0.00,"Total Cost": 1.31,"Plan Rows": 1,"Plan Width": 4,"Actual Startup Time": 0.064,"Actual Total Time": 0.068,"Actual Rows": 1,"Actual Loops": 1,"Filter": "(n_name = 'UNITED STATES'::bpchar)","Rows Removed by Filter": 24},{"Node Type": "Bitmap Heap Scan","Parent Relationship": "Inner","Parallel Aware": false,"Async Capable": false,"Relation Name": "supplier","Alias": "supplier","Startup Cost": 7.38,"Total Cost": 239.27,"Plan Rows": 400,"Plan Width": 59,"Actual Startup Time": 0.190,"Actual Total Time": 3.791,"Actual Rows": 393,"Actual Loops": 1,"Recheck Cond": "(s_nationkey = nation.n_nationkey)","Rows Removed by Index Recheck": 0,"Exact Heap Blocks": 181,"Lossy Heap Blocks": 0,"Plans": [{"Node Type": "Bitmap Index Scan","Parent Relationship": "Outer","Parallel Aware": false,"Async Capable": false,"Index Name": "idx_supplier_nation_key","Startup Cost": 0.00,"Total Cost": 7.29,"Plan Rows": 400,"Plan Width": 0,"Actual Startup Time": 0.120,"Actual Total Time": 0.124,"Actual Rows": 393,"Actual Loops": 1,"Index Cond": "(s_nationkey = nation.n_nationkey)"}]}]},{"Node Type": "Hash","Parent Relationship": "Inner","Parallel Aware": false,"Async Capable": false,"Startup Cost": 88158.53,"Total Cost": 88158.53,"Plan Rows": 2694,"Plan Width": 4,"Actual Startup Time": 908.451,"Actual Total Time": 908.463,"Actual Rows": 6063,"Actual Loops": 1,"Hash Buckets": 8192,"Original Hash Buckets": 4096,"Hash Batches": 1,"Original Hash Batches": 1,"Peak Memory Usage": 278,"Plans": [{"Node Type": "Nested Loop","Parent Relationship": "Outer","Parallel Aware": false,"Async Capable": false,"Join Type": "Inner","Startup Cost": 0.42,"Total Cost": 88158.53,"Plan Rows": 2694,"Plan Width": 4,"Actual Startup Time": 0.808,"Actual Total Time": 903.801,"Actual Rows": 6063,"Actual Loops": 1,"Inner Unique": false,"Plans": [{"Node Type": "Seq Scan","Parent Relationship": "Outer","Parallel Aware": false,"Async Capable": false,"Relation Name": "part","Alias": "part","Startup Cost": 0.00,"Total Cost": 6597.00,"Plan Rows": 2020,"Plan Width": 4,"Actual Startup Time": 0.158,"Actual Total Time": 196.386,"Actual Rows": 2224,"Actual Loops": 1,"Filter": "((p_name)::text ~~ 'almond%'::text)","Rows Removed by Filter": 197776},{"Node Type": "Index Scan","Parent Relationship": "Inner","Parallel Aware": false,"Async Capable": false,"Scan Direction": "Forward","Index Name": "idx_partsupp_partkey","Relation Name": "partsupp","Alias": "partsupp","Startup Cost": 0.42,"Total Cost": 40.36,"Plan Rows": 1,"Plan Width": 8,"Actual Startup Time": 0.135,"Actual Total Time": 0.318,"Actual Rows": 3,"Actual Loops": 2224,"Index Cond": "(ps_partkey = part.p_partkey)","Rows Removed by Index Recheck": 0,"Filter": "((ps_availqty)::numeric > (SubPlan 1))","Rows Removed by Filter": 1,"Plans": [{"Node Type": "Aggregate","Strategy": "Plain","Partial Mode": "Simple","Parent Relationship": "SubPlan","Subplan Name": "SubPlan 1","Parallel Aware": false,"Async Capable": false,"Startup Cost": 8.46,"Total Cost": 8.47,"Plan Rows": 1,"Plan Width": 32,"Actual Startup Time": 0.071,"Actual Total Time": 0.071,"Actual Rows": 1,"Actual Loops": 8896,"Plans": [{"Node Type": "Index Scan","Parent Relationship": "Outer","Parallel Aware": false,"Async Capable": false,"Scan Direction": "Forward","Index Name": "idx_lineitem_part_supp","Relation Name": "lineitem","Alias": "lineitem","Startup Cost": 0.43,"Total Cost": 8.46,"Plan Rows": 0,"Plan Width": 5,"Actual Startup Time": 0.043,"Actual Total Time": 0.070,"Actual Rows": 1,"Actual Loops": 8896,"Index Cond": "((l_partkey = partsupp.ps_partkey) AND (l_suppkey = partsupp.ps_suppkey))","Rows Removed by Index Recheck": 0,"Filter": "((l_shipdate >= '1995-01-01'::date) AND (l_shipdate < '1996-01-01 00:00:00'::timestamp without time zone))","Rows Removed by Filter": 6}]}]}]}]}]}]},"Planning Time": 5.794,"Triggers": [],"Execution Time": 913.303}]
[{"Plan": {"Node Type": "Sort","Parallel Aware": false,"Async Capable": false,"Startup Cost": 88442.96,"Total Cost": 88443.23,"Plan Rows": 108,"Plan Width": 51,"Actual Startup Time": 954.575,"Actual Total Time": 954.614,"Actual Rows": 165,"Actual Loops": 1,"Sort Key": ["supplier.s_name"],"Sort Method": "quicksort","Sort Space Used": 40,"Sort Space Type": "Memory","Plans": [{"Node Type": "Hash Join","Parent Relationship": "Outer","Parallel Aware": false,"Async Capable": false,"Join Type": "Semi","Startup Cost": 88199.59,"Total Cost": 88439.31,"Plan Rows": 108,"Plan Width": 51,"Actual Startup Time": 950.304,"Actual Total Time": 954.291,"Actual Rows": 165,"Actual Loops": 1,"Inner Unique": false,"Hash Cond": "(supplier.s_suppkey = partsupp.ps_suppkey)","Plans": [{"Node Type": "Nested Loop","Parent Relationship": "Outer","Parallel Aware": false,"Async Capable": false,"Join Type": "Inner","Startup Cost": 7.38,"Total Cost": 244.58,"Plan Rows": 400,"Plan Width": 55,"Actual Startup Time": 0.218,"Actual Total Time": 4.108,"Actual Rows": 396,"Actual Loops": 1,"Inner Unique": false,"Plans": [{"Node Type": "Seq Scan","Parent Relationship": "Outer","Parallel Aware": false,"Async Capable": false,"Relation Name": "nation","Alias": "nation","Startup Cost": 0.00,"Total Cost": 1.31,"Plan Rows": 1,"Plan Width": 4,"Actual Startup Time": 0.068,"Actual Total Time": 0.088,"Actual Rows": 1,"Actual Loops": 1,"Filter": "(n_name = 'GERMANY'::bpchar)","Rows Removed by Filter": 24},{"Node Type": "Bitmap Heap Scan","Parent Relationship": "Inner","Parallel Aware": false,"Async Capable": false,"Relation Name": "supplier","Alias": "supplier","Startup Cost": 7.38,"Total Cost": 239.27,"Plan Rows": 400,"Plan Width": 59,"Actual Startup Time": 0.144,"Actual Total Time": 3.958,"Actual Rows": 396,"Actual Loops": 1,"Recheck Cond": "(s_nationkey = nation.n_nationkey)","Rows Removed by Index Recheck": 0,"Exact Heap Blocks": 191,"Lossy Heap Blocks": 0,"Plans": [{"Node Type": "Bitmap Index Scan","Parent Relationship": "Outer","Parallel Aware": false,"Async Capable": false,"Index Name": "idx_supplier_nation_key","Startup Cost": 0.00,"Total Cost": 7.29,"Plan Rows": 400,"Plan Width": 0,"Actual Startup Time": 0.080,"Actual Total Time": 0.084,"Actual Rows": 396,"Actual Loops": 1,"Index Cond": "(s_nationkey = nation.n_nationkey)"}]}]},{"Node Type": "Hash","Parent Relationship": "Inner","Parallel Aware": false,"Async Capable": false,"Startup Cost": 88158.53,"Total Cost": 88158.53,"Plan Rows": 2694,"Plan Width": 4,"Actual Startup Time": 950.025,"Actual Total Time": 950.036,"Actual Rows": 5734,"Actual Loops": 1,"Hash Buckets": 8192,"Original Hash Buckets": 4096,"Hash Batches": 1,"Original Hash Batches": 1,"Peak Memory Usage": 266,"Plans": [{"Node Type": "Nested Loop","Parent Relationship": "Outer","Parallel Aware": false,"Async Capable": false,"Join Type": "Inner","Startup Cost": 0.42,"Total Cost": 88158.53,"Plan Rows": 2694,"Plan Width": 4,"Actual Startup Time": 0.578,"Actual Total Time": 945.692,"Actual Rows": 5734,"Actual Loops": 1,"Inner Unique": false,"Plans": [{"Node Type": "Seq Scan","Parent Relationship": "Outer","Parallel Aware": false,"Async Capable": false,"Relation Name": "part","Alias": "part","Startup Cost": 0.00,"Total Cost": 6597.00,"Plan Rows": 2020,"Plan Width": 4,"Actual Startup Time": 0.168,"Actual Total Time": 181.890,"Actual Rows": 2115,"Actual Loops": 1,"Filter": "((p_name)::text ~~ 'dodger%'::text)","Rows Removed by Filter": 197885},{"Node Type": "Index Scan","Parent Relationship": "Inner","Parallel Aware": false,"Async Capable": false,"Scan Direction": "Forward","Index Name": "idx_partsupp_partkey","Relation Name": "partsupp","Alias": "partsupp","Startup Cost": 0.42,"Total Cost": 40.36,"Plan Rows": 1,"Plan Width": 8,"Actual Startup Time": 0.152,"Actual Total Time": 0.361,"Actual Rows": 3,"Actual Loops": 2115,"Index Cond": "(ps_partkey = part.p_partkey)","Rows Removed by Index Recheck": 0,"Filter": "((ps_availqty)::numeric > (SubPlan 1))","Rows Removed by Filter": 1,"Plans": [{"Node Type": "Aggregate","Strategy": "Plain","Partial Mode": "Simple","Parent Relationship": "SubPlan","Subplan Name": "SubPlan 1","Parallel Aware": false,"Async Capable": false,"Startup Cost": 8.46,"Total Cost": 8.47,"Plan Rows": 1,"Plan Width": 32,"Actual Startup Time": 0.082,"Actual Total Time": 0.082,"Actual Rows": 1,"Actual Loops": 8460,"Plans": [{"Node Type": "Index Scan","Parent Relationship": "Outer","Parallel Aware": false,"Async Capable": false,"Scan Direction": "Forward","Index Name": "idx_lineitem_part_supp","Relation Name": "lineitem","Alias": "lineitem","Startup Cost": 0.43,"Total Cost": 8.46,"Plan Rows": 0,"Plan Width": 5,"Actual Startup Time": 0.050,"Actual Total Time": 0.081,"Actual Rows": 1,"Actual Loops": 8460,"Index Cond": "((l_partkey = partsupp.ps_partkey) AND (l_suppkey = partsupp.ps_suppkey))","Rows Removed by Index Recheck": 0,"Filter": "((l_shipdate >= '1995-01-01'::date) AND (l_shipdate < '1996-01-01 00:00:00'::timestamp without time zone))","Rows Removed by Filter": 6}]}]}]}]}]}]},"Planning Time": 6.749,"Triggers": [],"Execution Time": 954.893}]
[{"Plan": {"Node Type": "Sort","Parallel Aware": false,"Async Capable": false,"Startup Cost": 88442.96,"Total Cost": 88443.23,"Plan Rows": 108,"Plan Width": 51,"Actual Startup Time": 872.047,"Actual Total Time": 872.071,"Actual Rows": 162,"Actual Loops": 1,"Sort Key": ["supplier.s_name"],"Sort Method": "quicksort","Sort Space Used": 39,"Sort Space Type": "Memory","Plans": [{"Node Type": "Hash Join","Parent Relationship": "Outer","Parallel Aware": false,"Async Capable": false,"Join Type": "Semi","Startup Cost": 88199.59,"Total Cost": 88439.31,"Plan Rows": 108,"Plan Width": 51,"Actual Startup Time": 867.625,"Actual Total Time": 871.725,"Actual Rows": 162,"Actual Loops": 1,"Inner Unique": false,"Hash Cond": "(supplier.s_suppkey = partsupp.ps_suppkey)","Plans": [{"Node Type": "Nested Loop","Parent Relationship": "Outer","Parallel Aware": false,"Async Capable": false,"Join Type": "Inner","Startup Cost": 7.38,"Total Cost": 244.58,"Plan Rows": 400,"Plan Width": 55,"Actual Startup Time": 0.237,"Actual Total Time": 4.257,"Actual Rows": 420,"Actual Loops": 1,"Inner Unique": false,"Plans": [{"Node Type": "Seq Scan","Parent Relationship": "Outer","Parallel Aware": false,"Async Capable": false,"Relation Name": "nation","Alias": "nation","Startup Cost": 0.00,"Total Cost": 1.31,"Plan Rows": 1,"Plan Width": 4,"Actual Startup Time": 0.066,"Actual Total Time": 0.085,"Actual Rows": 1,"Actual Loops": 1,"Filter": "(n_name = 'ALGERIA'::bpchar)","Rows Removed by Filter": 24},{"Node Type": "Bitmap Heap Scan","Parent Relationship": "Inner","Parallel Aware": false,"Async Capable": false,"Relation Name": "supplier","Alias": "supplier","Startup Cost": 7.38,"Total Cost": 239.27,"Plan Rows": 400,"Plan Width": 59,"Actual Startup Time": 0.163,"Actual Total Time": 4.092,"Actual Rows": 420,"Actual Loops": 1,"Recheck Cond": "(s_nationkey = nation.n_nationkey)","Rows Removed by Index Recheck": 0,"Exact Heap Blocks": 197,"Lossy Heap Blocks": 0,"Plans": [{"Node Type": "Bitmap Index Scan","Parent Relationship": "Outer","Parallel Aware": false,"Async Capable": false,"Index Name": "idx_supplier_nation_key","Startup Cost": 0.00,"Total Cost": 7.29,"Plan Rows": 400,"Plan Width": 0,"Actual Startup Time": 0.089,"Actual Total Time": 0.090,"Actual Rows": 420,"Actual Loops": 1,"Index Cond": "(s_nationkey = nation.n_nationkey)"}]}]},{"Node Type": "Hash","Parent Relationship": "Inner","Parallel Aware": false,"Async Capable": false,"Startup Cost": 88158.53,"Total Cost": 88158.53,"Plan Rows": 2694,"Plan Width": 4,"Actual Startup Time": 867.282,"Actual Total Time": 867.291,"Actual Rows": 5582,"Actual Loops": 1,"Hash Buckets": 8192,"Original Hash Buckets": 4096,"Hash Batches": 1,"Original Hash Batches": 1,"Peak Memory Usage": 261,"Plans": [{"Node Type": "Nested Loop","Parent Relationship": "Outer","Parallel Aware": false,"Async Capable": false,"Join Type": "Inner","Startup Cost": 0.42,"Total Cost": 88158.53,"Plan Rows": 2694,"Plan Width": 4,"Actual Startup Time": 0.607,"Actual Total Time": 863.096,"Actual Rows": 5582,"Actual Loops": 1,"Inner Unique": false,"Plans": [{"Node Type": "Seq Scan","Parent Relationship": "Outer","Parallel Aware": false,"Async Capable": false,"Relation Name": "part","Alias": "part","Startup Cost": 0.00,"Total Cost": 6597.00,"Plan Rows": 2020,"Plan Width": 4,"Actual Startup Time": 0.215,"Actual Total Time": 194.869,"Actual Rows": 2071,"Actual Loops": 1,"Filter": "((p_name)::text ~~ 'steel%'::text)","Rows Removed by Filter": 197929},{"Node Type": "Index Scan","Parent Relationship": "Inner","Parallel Aware": false,"Async Capable": false,"Scan Direction": "Forward","Index Name": "idx_partsupp_partkey","Relation Name": "partsupp","Alias": "partsupp","Startup Cost": 0.42,"Total Cost": 40.36,"Plan Rows": 1,"Plan Width": 8,"Actual Startup Time": 0.137,"Actual Total Time": 0.322,"Actual Rows": 3,"Actual Loops": 2071,"Index Cond": "(ps_partkey = part.p_partkey)","Rows Removed by Index Recheck": 0,"Filter": "((ps_availqty)::numeric > (SubPlan 1))","Rows Removed by Filter": 1,"Plans": [{"Node Type": "Aggregate","Strategy": "Plain","Partial Mode": "Simple","Parent Relationship": "SubPlan","Subplan Name": "SubPlan 1","Parallel Aware": false,"Async Capable": false,"Startup Cost": 8.46,"Total Cost": 8.47,"Plan Rows": 1,"Plan Width": 32,"Actual Startup Time": 0.072,"Actual Total Time": 0.072,"Actual Rows": 1,"Actual Loops": 8284,"Plans": [{"Node Type": "Index Scan","Parent Relationship": "Outer","Parallel Aware": false,"Async Capable": false,"Scan Direction": "Forward","Index Name": "idx_lineitem_part_supp","Relation Name": "lineitem","Alias": "lineitem","Startup Cost": 0.43,"Total Cost": 8.46,"Plan Rows": 0,"Plan Width": 5,"Actual Startup Time": 0.044,"Actual Total Time": 0.071,"Actual Rows": 1,"Actual Loops": 8284,"Index Cond": "((l_partkey = partsupp.ps_partkey) AND (l_suppkey = partsupp.ps_suppkey))","Rows Removed by Index Recheck": 0,"Filter": "((l_shipdate >= '1996-01-01'::date) AND (l_shipdate < '1997-01-01 00:00:00'::timestamp without time zone))","Rows Removed by Filter": 6}]}]}]}]}]}]},"Planning Time": 7.217,"Triggers": [],"Execution Time": 872.309}]
[{"Plan": {"Node Type": "Sort","Parallel Aware": false,"Async Capable": false,"Startup Cost": 88442.96,"Total Cost": 88443.23,"Plan Rows": 108,"Plan Width": 51,"Actual Startup Time": 963.598,"Actual Total Time": 963.640,"Actual Rows": 199,"Actual Loops": 1,"Sort Key": ["supplier.s_name"],"Sort Method": "quicksort","Sort Space Used": 43,"Sort Space Type": "Memory","Plans": [{"Node Type": "Hash Join","Parent Relationship": "Outer","Parallel Aware": false,"Async Capable": false,"Join Type": "Semi","Startup Cost": 88199.59,"Total Cost": 88439.31,"Plan Rows": 108,"Plan Width": 51,"Actual Startup Time": 959.124,"Actual Total Time": 963.053,"Actual Rows": 199,"Actual Loops": 1,"Inner Unique": false,"Hash Cond": "(supplier.s_suppkey = partsupp.ps_suppkey)","Plans": [{"Node Type": "Nested Loop","Parent Relationship": "Outer","Parallel Aware": false,"Async Capable": false,"Join Type": "Inner","Startup Cost": 7.38,"Total Cost": 244.58,"Plan Rows": 400,"Plan Width": 55,"Actual Startup Time": 0.203,"Actual Total Time": 4.025,"Actual Rows": 402,"Actual Loops": 1,"Inner Unique": false,"Plans": [{"Node Type": "Seq Scan","Parent Relationship": "Outer","Parallel Aware": false,"Async Capable": false,"Relation Name": "nation","Alias": "nation","Startup Cost": 0.00,"Total Cost": 1.31,"Plan Rows": 1,"Plan Width": 4,"Actual Startup Time": 0.039,"Actual Total Time": 0.066,"Actual Rows": 1,"Actual Loops": 1,"Filter": "(n_name = 'FRANCE'::bpchar)","Rows Removed by Filter": 24},{"Node Type": "Bitmap Heap Scan","Parent Relationship": "Inner","Parallel Aware": false,"Async Capable": false,"Relation Name": "supplier","Alias": "supplier","Startup Cost": 7.38,"Total Cost": 239.27,"Plan Rows": 400,"Plan Width": 59,"Actual Startup Time": 0.159,"Actual Total Time": 3.900,"Actual Rows": 402,"Actual Loops": 1,"Recheck Cond": "(s_nationkey = nation.n_nationkey)","Rows Removed by Index Recheck": 0,"Exact Heap Blocks": 184,"Lossy Heap Blocks": 0,"Plans": [{"Node Type": "Bitmap Index Scan","Parent Relationship": "Outer","Parallel Aware": false,"Async Capable": false,"Index Name": "idx_supplier_nation_key","Startup Cost": 0.00,"Total Cost": 7.29,"Plan Rows": 400,"Plan Width": 0,"Actual Startup Time": 0.091,"Actual Total Time": 0.096,"Actual Rows": 402,"Actual Loops": 1,"Index Cond": "(s_nationkey = nation.n_nationkey)"}]}]},{"Node Type": "Hash","Parent Relationship": "Inner","Parallel Aware": false,"Async Capable": false,"Startup Cost": 88158.53,"Total Cost": 88158.53,"Plan Rows": 2694,"Plan Width": 4,"Actual Startup Time": 958.843,"Actual Total Time": 958.852,"Actual Rows": 5787,"Actual Loops": 1,"Hash Buckets": 8192,"Original Hash Buckets": 4096,"Hash Batches": 1,"Original Hash Batches": 1,"Peak Memory Usage": 268,"Plans": [{"Node Type": "Nested Loop","Parent Relationship": "Outer","Parallel Aware": false,"Async Capable": false,"Join Type": "Inner","Startup Cost": 0.42,"Total Cost": 88158.53,"Plan Rows": 2694,"Plan Width": 4,"Actual Startup Time": 0.575,"Actual Total Time": 955.032,"Actual Rows": 5787,"Actual Loops": 1,"Inner Unique": false,"Plans": [{"Node Type": "Seq Scan","Parent Relationship": "Outer","Parallel Aware": false,"Async Capable": false,"Relation Name": "part","Alias": "part","Startup Cost": 0.00,"Total Cost": 6597.00,"Plan Rows": 2020,"Plan Width": 4,"Actual Startup Time": 0.076,"Actual Total Time": 180.986,"Actual Rows": 2146,"Actual Loops": 1,"Filter": "((p_name)::text ~~ 'chocolate%'::text)","Rows Removed by Filter": 197854},{"Node Type": "Index Scan","Parent Relationship": "Inner","Parallel Aware": false,"Async Capable": false,"Scan Direction": "Forward","Index Name": "idx_partsupp_partkey","Relation Name": "partsupp","Alias": "partsupp","Startup Cost": 0.42,"Total Cost": 40.36,"Plan Rows": 1,"Plan Width": 8,"Actual Startup Time": 0.151,"Actual Total Time": 0.360,"Actual Rows": 3,"Actual Loops": 2146,"Index Cond": "(ps_partkey = part.p_partkey)","Rows Removed by Index Recheck": 0,"Filter": "((ps_availqty)::numeric > (SubPlan 1))","Rows Removed by Filter": 1,"Plans": [{"Node Type": "Aggregate","Strategy": "Plain","Partial Mode": "Simple","Parent Relationship": "SubPlan","Subplan Name": "SubPlan 1","Parallel Aware": false,"Async Capable": false,"Startup Cost": 8.46,"Total Cost": 8.47,"Plan Rows": 1,"Plan Width": 32,"Actual Startup Time": 0.082,"Actual Total Time": 0.082,"Actual Rows": 1,"Actual Loops": 8584,"Plans": [{"Node Type": "Index Scan","Parent Relationship": "Outer","Parallel Aware": false,"Async Capable": false,"Scan Direction": "Forward","Index Name": "idx_lineitem_part_supp","Relation Name": "lineitem","Alias": "lineitem","Startup Cost": 0.43,"Total Cost": 8.46,"Plan Rows": 0,"Plan Width": 5,"Actual Startup Time": 0.050,"Actual Total Time": 0.081,"Actual Rows": 1,"Actual Loops": 8584,"Index Cond": "((l_partkey = partsupp.ps_partkey) AND (l_suppkey = partsupp.ps_suppkey))","Rows Removed by Index Recheck": 0,"Filter": "((l_shipdate >= '1993-01-01'::date) AND (l_shipdate < '1994-01-01 00:00:00'::timestamp without time zone))","Rows Removed by Filter": 6}]}]}]}]}]}]},"Planning Time": 6.116,"Triggers": [],"Execution Time": 963.975}]
[{"Plan": {"Node Type": "Sort","Parallel Aware": false,"Async Capable": false,"Startup Cost": 88442.96,"Total Cost": 88443.23,"Plan Rows": 108,"Plan Width": 51,"Actual Startup Time": 914.899,"Actual Total Time": 914.926,"Actual Rows": 175,"Actual Loops": 1,"Sort Key": ["supplier.s_name"],"Sort Method": "quicksort","Sort Space Used": 41,"Sort Space Type": "Memory","Plans": [{"Node Type": "Hash Join","Parent Relationship": "Outer","Parallel Aware": false,"Async Capable": false,"Join Type": "Semi","Startup Cost": 88199.59,"Total Cost": 88439.31,"Plan Rows": 108,"Plan Width": 51,"Actual Startup Time": 910.652,"Actual Total Time": 914.437,"Actual Rows": 175,"Actual Loops": 1,"Inner Unique": false,"Hash Cond": "(supplier.s_suppkey = partsupp.ps_suppkey)","Plans": [{"Node Type": "Nested Loop","Parent Relationship": "Outer","Parallel Aware": false,"Async Capable": false,"Join Type": "Inner","Startup Cost": 7.38,"Total Cost": 244.58,"Plan Rows": 400,"Plan Width": 55,"Actual Startup Time": 0.260,"Actual Total Time": 3.916,"Actual Rows": 397,"Actual Loops": 1,"Inner Unique": false,"Plans": [{"Node Type": "Seq Scan","Parent Relationship": "Outer","Parallel Aware": false,"Async Capable": false,"Relation Name": "nation","Alias": "nation","Startup Cost": 0.00,"Total Cost": 1.31,"Plan Rows": 1,"Plan Width": 4,"Actual Startup Time": 0.065,"Actual Total Time": 0.091,"Actual Rows": 1,"Actual Loops": 1,"Filter": "(n_name = 'BRAZIL'::bpchar)","Rows Removed by Filter": 24},{"Node Type": "Bitmap Heap Scan","Parent Relationship": "Inner","Parallel Aware": false,"Async Capable": false,"Relation Name": "supplier","Alias": "supplier","Startup Cost": 7.38,"Total Cost": 239.27,"Plan Rows": 400,"Plan Width": 59,"Actual Startup Time": 0.186,"Actual Total Time": 3.753,"Actual Rows": 397,"Actual Loops": 1,"Recheck Cond": "(s_nationkey = nation.n_nationkey)","Rows Removed by Index Recheck": 0,"Exact Heap Blocks": 187,"Lossy Heap Blocks": 0,"Plans": [{"Node Type": "Bitmap Index Scan","Parent Relationship": "Outer","Parallel Aware": false,"Async Capable": false,"Index Name": "idx_supplier_nation_key","Startup Cost": 0.00,"Total Cost": 7.29,"Plan Rows": 400,"Plan Width": 0,"Actual Startup Time": 0.129,"Actual Total Time": 0.130,"Actual Rows": 397,"Actual Loops": 1,"Index Cond": "(s_nationkey = nation.n_nationkey)"}]}]},{"Node Type": "Hash","Parent Relationship": "Inner","Parallel Aware": false,"Async Capable": false,"Startup Cost": 88158.53,"Total Cost": 88158.53,"Plan Rows": 2694,"Plan Width": 4,"Actual Startup Time": 910.325,"Actual Total Time": 910.333,"Actual Rows": 6039,"Actual Loops": 1,"Hash Buckets": 8192,"Original Hash Buckets": 4096,"Hash Batches": 1,"Original Hash Batches": 1,"Peak Memory Usage": 277,"Plans": [{"Node Type": "Nested Loop","Parent Relationship": "Outer","Parallel Aware": false,"Async Capable": false,"Join Type": "Inner","Startup Cost": 0.42,"Total Cost": 88158.53,"Plan Rows": 2694,"Plan Width": 4,"Actual Startup Time": 0.406,"Actual Total Time": 904.840,"Actual Rows": 6039,"Actual Loops": 1,"Inner Unique": false,"Plans": [{"Node Type": "Seq Scan","Parent Relationship": "Outer","Parallel Aware": false,"Async Capable": false,"Relation Name": "part","Alias": "part","Startup Cost": 0.00,"Total Cost": 6597.00,"Plan Rows": 2020,"Plan Width": 4,"Actual Startup Time": 0.063,"Actual Total Time": 195.900,"Actual Rows": 2216,"Actual Loops": 1,"Filter": "((p_name)::text ~~ 'blanched%'::text)","Rows Removed by Filter": 197784},{"Node Type": "Index Scan","Parent Relationship": "Inner","Parallel Aware": false,"Async Capable": false,"Scan Direction": "Forward","Index Name": "idx_partsupp_partkey","Relation Name": "partsupp","Alias": "partsupp","Startup Cost": 0.42,"Total Cost": 40.36,"Plan Rows": 1,"Plan Width": 8,"Actual Startup Time": 0.135,"Actual Total Time": 0.319,"Actual Rows": 3,"Actual Loops": 2216,"Index Cond": "(ps_partkey = part.p_partkey)","Rows Removed by Index Recheck": 0,"Filter": "((ps_availqty)::numeric > (SubPlan 1))","Rows Removed by Filter": 1,"Plans": [{"Node Type": "Aggregate","Strategy": "Plain","Partial Mode": "Simple","Parent Relationship": "SubPlan","Subplan Name": "SubPlan 1","Parallel Aware": false,"Async Capable": false,"Startup Cost": 8.46,"Total Cost": 8.47,"Plan Rows": 1,"Plan Width": 32,"Actual Startup Time": 0.072,"Actual Total Time": 0.072,"Actual Rows": 1,"Actual Loops": 8864,"Plans": [{"Node Type": "Index Scan","Parent Relationship": "Outer","Parallel Aware": false,"Async Capable": false,"Scan Direction": "Forward","Index Name": "idx_lineitem_part_supp","Relation Name": "lineitem","Alias": "lineitem","Startup Cost": 0.43,"Total Cost": 8.46,"Plan Rows": 0,"Plan Width": 5,"Actual Startup Time": 0.044,"Actual Total Time": 0.071,"Actual Rows": 1,"Actual Loops": 8864,"Index Cond": "((l_partkey = partsupp.ps_partkey) AND (l_suppkey = partsupp.ps_suppkey))","Rows Removed by Index Recheck": 0,"Filter": "((l_shipdate >= '1997-01-01'::date) AND (l_shipdate < '1998-01-01 00:00:00'::timestamp without time zone))","Rows Removed by Filter": 6}]}]}]}]}]}]},"Planning Time": 6.113,"Triggers": [],"Execution Time": 915.158}]
[{"Plan": {"Node Type": "Sort","Parallel Aware": false,"Async Capable": false,"Startup Cost": 88442.96,"Total Cost": 88443.23,"Plan Rows": 108,"Plan Width": 51,"Actual Startup Time": 961.263,"Actual Total Time": 961.306,"Actual Rows": 200,"Actual Loops": 1,"Sort Key": ["supplier.s_name"],"Sort Method": "quicksort","Sort Space Used": 43,"Sort Space Type": "Memory","Plans": [{"Node Type": "Hash Join","Parent Relationship": "Outer","Parallel Aware": false,"Async Capable": false,"Join Type": "Semi","Startup Cost": 88199.59,"Total Cost": 88439.31,"Plan Rows": 108,"Plan Width": 51,"Actual Startup Time": 957.241,"Actual Total Time": 960.922,"Actual Rows": 200,"Actual Loops": 1,"Inner Unique": false,"Hash Cond": "(supplier.s_suppkey = partsupp.ps_suppkey)","Plans": [{"Node Type": "Nested Loop","Parent Relationship": "Outer","Parallel Aware": false,"Async Capable": false,"Join Type": "Inner","Startup Cost": 7.38,"Total Cost": 244.58,"Plan Rows": 400,"Plan Width": 55,"Actual Startup Time": 0.267,"Actual Total Time": 3.862,"Actual Rows": 415,"Actual Loops": 1,"Inner Unique": false,"Plans": [{"Node Type": "Seq Scan","Parent Relationship": "Outer","Parallel Aware": false,"Async Capable": false,"Relation Name": "nation","Alias": "nation","Startup Cost": 0.00,"Total Cost": 1.31,"Plan Rows": 1,"Plan Width": 4,"Actual Startup Time": 0.078,"Actual Total Time": 0.100,"Actual Rows": 1,"Actual Loops": 1,"Filter": "(n_name = 'INDIA'::bpchar)","Rows Removed by Filter": 24},{"Node Type": "Bitmap Heap Scan","Parent Relationship": "Inner","Parallel Aware": false,"Async Capable": false,"Relation Name": "supplier","Alias": "supplier","Startup Cost": 7.38,"Total Cost": 239.27,"Plan Rows": 400,"Plan Width": 59,"Actual Startup Time": 0.185,"Actual Total Time": 3.691,"Actual Rows": 415,"Actual Loops": 1,"Recheck Cond": "(s_nationkey = nation.n_nationkey)","Rows Removed by Index Recheck": 0,"Exact Heap Blocks": 186,"Lossy Heap Blocks": 0,"Plans": [{"Node Type": "Bitmap Index Scan","Parent Relationship": "Outer","Parallel Aware": false,"Async Capable": false,"Index Name": "idx_supplier_nation_key","Startup Cost": 0.00,"Total Cost": 7.29,"Plan Rows": 400,"Plan Width": 0,"Actual Startup Time": 0.108,"Actual Total Time": 0.114,"Actual Rows": 415,"Actual Loops": 1,"Index Cond": "(s_nationkey = nation.n_nationkey)"}]}]},{"Node Type": "Hash","Parent Relationship": "Inner","Parallel Aware": false,"Async Capable": false,"Startup Cost": 88158.53,"Total Cost": 88158.53,"Plan Rows": 2694,"Plan Width": 4,"Actual Startup Time": 956.889,"Actual Total Time": 956.898,"Actual Rows": 5824,"Actual Loops": 1,"Hash Buckets": 8192,"Original Hash Buckets": 4096,"Hash Batches": 1,"Original Hash Batches": 1,"Peak Memory Usage": 269,"Plans": [{"Node Type": "Nested Loop","Parent Relationship": "Outer","Parallel Aware": false,"Async Capable": false,"Join Type": "Inner","Startup Cost": 0.42,"Total Cost": 88158.53,"Plan Rows": 2694,"Plan Width": 4,"Actual Startup Time": 0.910,"Actual Total Time": 952.578,"Actual Rows": 5824,"Actual Loops": 1,"Inner Unique": false,"Plans": [{"Node Type": "Seq Scan","Parent Relationship": "Outer","Parallel Aware": false,"Async Capable": false,"Relation Name": "part","Alias": "part","Startup Cost": 0.00,"Total Cost": 6597.00,"Plan Rows": 2020,"Plan Width": 4,"Actual Startup Time": 0.160,"Actual Total Time": 181.571,"Actual Rows": 2152,"Actual Loops": 1,"Filter": "((p_name)::text ~~ 'snow%'::text)","Rows Removed by Filter": 197848},{"Node Type": "Index Scan","Parent Relationship": "Inner","Parallel Aware": false,"Async Capable": false,"Scan Direction": "Forward","Index Name": "idx_partsupp_partkey","Relation Name": "partsupp","Alias": "partsupp","Startup Cost": 0.42,"Total Cost": 40.36,"Plan Rows": 1,"Plan Width": 8,"Actual Startup Time": 0.150,"Actual Total Time": 0.358,"Actual Rows": 3,"Actual Loops": 2152,"Index Cond": "(ps_partkey = part.p_partkey)","Rows Removed by Index Recheck": 0,"Filter": "((ps_availqty)::numeric > (SubPlan 1))","Rows Removed by Filter": 1,"Plans": [{"Node Type": "Aggregate","Strategy": "Plain","Partial Mode": "Simple","Parent Relationship": "SubPlan","Subplan Name": "SubPlan 1","Parallel Aware": false,"Async Capable": false,"Startup Cost": 8.46,"Total Cost": 8.47,"Plan Rows": 1,"Plan Width": 32,"Actual Startup Time": 0.081,"Actual Total Time": 0.081,"Actual Rows": 1,"Actual Loops": 8608,"Plans": [{"Node Type": "Index Scan","Parent Relationship": "Outer","Parallel Aware": false,"Async Capable": false,"Scan Direction": "Forward","Index Name": "idx_lineitem_part_supp","Relation Name": "lineitem","Alias": "lineitem","Startup Cost": 0.43,"Total Cost": 8.46,"Plan Rows": 0,"Plan Width": 5,"Actual Startup Time": 0.049,"Actual Total Time": 0.080,"Actual Rows": 1,"Actual Loops": 8608,"Index Cond": "((l_partkey = partsupp.ps_partkey) AND (l_suppkey = partsupp.ps_suppkey))","Rows Removed by Index Recheck": 0,"Filter": "((l_shipdate >= '1995-01-01'::date) AND (l_shipdate < '1996-01-01 00:00:00'::timestamp without time zone))","Rows Removed by Filter": 6}]}]}]}]}]}]},"Planning Time": 6.934,"Triggers": [],"Execution Time": 961.559}]
[{"Plan": {"Node Type": "Sort","Parallel Aware": false,"Async Capable": false,"Startup Cost": 88442.96,"Total Cost": 88443.23,"Plan Rows": 108,"Plan Width": 51,"Actual Startup Time": 898.234,"Actual Total Time": 898.264,"Actual Rows": 176,"Actual Loops": 1,"Sort Key": ["supplier.s_name"],"Sort Method": "quicksort","Sort Space Used": 41,"Sort Space Type": "Memory","Plans": [{"Node Type": "Hash Join","Parent Relationship": "Outer","Parallel Aware": false,"Async Capable": false,"Join Type": "Semi","Startup Cost": 88199.59,"Total Cost": 88439.31,"Plan Rows": 108,"Plan Width": 51,"Actual Startup Time": 893.785,"Actual Total Time": 897.897,"Actual Rows": 176,"Actual Loops": 1,"Inner Unique": false,"Hash Cond": "(supplier.s_suppkey = partsupp.ps_suppkey)","Plans": [{"Node Type": "Nested Loop","Parent Relationship": "Outer","Parallel Aware": false,"Async Capable": false,"Join Type": "Inner","Startup Cost": 7.38,"Total Cost": 244.58,"Plan Rows": 400,"Plan Width": 55,"Actual Startup Time": 0.290,"Actual Total Time": 4.270,"Actual Rows": 399,"Actual Loops": 1,"Inner Unique": false,"Plans": [{"Node Type": "Seq Scan","Parent Relationship": "Outer","Parallel Aware": false,"Async Capable": false,"Relation Name": "nation","Alias": "nation","Startup Cost": 0.00,"Total Cost": 1.31,"Plan Rows": 1,"Plan Width": 4,"Actual Startup Time": 0.073,"Actual Total Time": 0.084,"Actual Rows": 1,"Actual Loops": 1,"Filter": "(n_name = 'VIETNAM'::bpchar)","Rows Removed by Filter": 24},{"Node Type": "Bitmap Heap Scan","Parent Relationship": "Inner","Parallel Aware": false,"Async Capable": false,"Relation Name": "supplier","Alias": "supplier","Startup Cost": 7.38,"Total Cost": 239.27,"Plan Rows": 400,"Plan Width": 59,"Actual Startup Time": 0.208,"Actual Total Time": 4.119,"Actual Rows": 399,"Actual Loops": 1,"Recheck Cond": "(s_nationkey = nation.n_nationkey)","Rows Removed by Index Recheck": 0,"Exact Heap Blocks": 191,"Lossy Heap Blocks": 0,"Plans": [{"Node Type": "Bitmap Index Scan","Parent Relationship": "Outer","Parallel Aware": false,"Async Capable": false,"Index Name": "idx_supplier_nation_key","Startup Cost": 0.00,"Total Cost": 7.29,"Plan Rows": 400,"Plan Width": 0,"Actual Startup Time": 0.133,"Actual Total Time": 0.139,"Actual Rows": 399,"Actual Loops": 1,"Index Cond": "(s_nationkey = nation.n_nationkey)"}]}]},{"Node Type": "Hash","Parent Relationship": "Inner","Parallel Aware": false,"Async Capable": false,"Startup Cost": 88158.53,"Total Cost": 88158.53,"Plan Rows": 2694,"Plan Width": 4,"Actual Startup Time": 893.433,"Actual Total Time": 893.444,"Actual Rows": 5803,"Actual Loops": 1,"Hash Buckets": 8192,"Original Hash Buckets": 4096,"Hash Batches": 1,"Original Hash Batches": 1,"Peak Memory Usage": 269,"Plans": [{"Node Type": "Nested Loop","Parent Relationship": "Outer","Parallel Aware": false,"Async Capable": false,"Join Type": "Inner","Startup Cost": 0.42,"Total Cost": 88158.53,"Plan Rows": 2694,"Plan Width": 4,"Actual Startup Time": 0.741,"Actual Total Time": 888.993,"Actual Rows": 5803,"Actual Loops": 1,"Inner Unique": false,"Plans": [{"Node Type": "Seq Scan","Parent Relationship": "Outer","Parallel Aware": false,"Async Capable": false,"Relation Name": "part","Alias": "part","Startup Cost": 0.00,"Total Cost": 6597.00,"Plan Rows": 2020,"Plan Width": 4,"Actual Startup Time": 0.134,"Actual Total Time": 196.946,"Actual Rows": 2165,"Actual Loops": 1,"Filter": "((p_name)::text ~~ 'sky%'::text)","Rows Removed by Filter": 197835},{"Node Type": "Index Scan","Parent Relationship": "Inner","Parallel Aware": false,"Async Capable": false,"Scan Direction": "Forward","Index Name": "idx_partsupp_partkey","Relation Name": "partsupp","Alias": "partsupp","Startup Cost": 0.42,"Total Cost": 40.36,"Plan Rows": 1,"Plan Width": 8,"Actual Startup Time": 0.135,"Actual Total Time": 0.319,"Actual Rows": 3,"Actual Loops": 2165,"Index Cond": "(ps_partkey = part.p_partkey)","Rows Removed by Index Recheck": 0,"Filter": "((ps_availqty)::numeric > (SubPlan 1))","Rows Removed by Filter": 1,"Plans": [{"Node Type": "Aggregate","Strategy": "Plain","Partial Mode": "Simple","Parent Relationship": "SubPlan","Subplan Name": "SubPlan 1","Parallel Aware": false,"Async Capable": false,"Startup Cost": 8.46,"Total Cost": 8.47,"Plan Rows": 1,"Plan Width": 32,"Actual Startup Time": 0.072,"Actual Total Time": 0.072,"Actual Rows": 1,"Actual Loops": 8660,"Plans": [{"Node Type": "Index Scan","Parent Relationship": "Outer","Parallel Aware": false,"Async Capable": false,"Scan Direction": "Forward","Index Name": "idx_lineitem_part_supp","Relation Name": "lineitem","Alias": "lineitem","Startup Cost": 0.43,"Total Cost": 8.46,"Plan Rows": 0,"Plan Width": 5,"Actual Startup Time": 0.044,"Actual Total Time": 0.071,"Actual Rows": 1,"Actual Loops": 8660,"Index Cond": "((l_partkey = partsupp.ps_partkey) AND (l_suppkey = partsupp.ps_suppkey))","Rows Removed by Index Recheck": 0,"Filter": "((l_shipdate >= '1997-01-01'::date) AND (l_shipdate < '1998-01-01 00:00:00'::timestamp without time zone))","Rows Removed by Filter": 6}]}]}]}]}]}]},"Planning Time": 6.022,"Triggers": [],"Execution Time": 898.527}]
[{"Plan": {"Node Type": "Sort","Parallel Aware": false,"Async Capable": false,"Startup Cost": 88442.96,"Total Cost": 88443.23,"Plan Rows": 108,"Plan Width": 51,"Actual Startup Time": 910.332,"Actual Total Time": 910.369,"Actual Rows": 176,"Actual Loops": 1,"Sort Key": ["supplier.s_name"],"Sort Method": "quicksort","Sort Space Used": 41,"Sort Space Type": "Memory","Plans": [{"Node Type": "Hash Join","Parent Relationship": "Outer","Parallel Aware": false,"Async Capable": false,"Join Type": "Semi","Startup Cost": 88199.59,"Total Cost": 88439.31,"Plan Rows": 108,"Plan Width": 51,"Actual Startup Time": 905.881,"Actual Total Time": 909.984,"Actual Rows": 176,"Actual Loops": 1,"Inner Unique": false,"Hash Cond": "(supplier.s_suppkey = partsupp.ps_suppkey)","Plans": [{"Node Type": "Nested Loop","Parent Relationship": "Outer","Parallel Aware": false,"Async Capable": false,"Join Type": "Inner","Startup Cost": 7.38,"Total Cost": 244.58,"Plan Rows": 400,"Plan Width": 55,"Actual Startup Time": 0.311,"Actual Total Time": 4.351,"Actual Rows": 397,"Actual Loops": 1,"Inner Unique": false,"Plans": [{"Node Type": "Seq Scan","Parent Relationship": "Outer","Parallel Aware": false,"Async Capable": false,"Relation Name": "nation","Alias": "nation","Startup Cost": 0.00,"Total Cost": 1.31,"Plan Rows": 1,"Plan Width": 4,"Actual Startup Time": 0.074,"Actual Total Time": 0.097,"Actual Rows": 1,"Actual Loops": 1,"Filter": "(n_name = 'BRAZIL'::bpchar)","Rows Removed by Filter": 24},{"Node Type": "Bitmap Heap Scan","Parent Relationship": "Inner","Parallel Aware": false,"Async Capable": false,"Relation Name": "supplier","Alias": "supplier","Startup Cost": 7.38,"Total Cost": 239.27,"Plan Rows": 400,"Plan Width": 59,"Actual Startup Time": 0.230,"Actual Total Time": 4.182,"Actual Rows": 397,"Actual Loops": 1,"Recheck Cond": "(s_nationkey = nation.n_nationkey)","Rows Removed by Index Recheck": 0,"Exact Heap Blocks": 187,"Lossy Heap Blocks": 0,"Plans": [{"Node Type": "Bitmap Index Scan","Parent Relationship": "Outer","Parallel Aware": false,"Async Capable": false,"Index Name": "idx_supplier_nation_key","Startup Cost": 0.00,"Total Cost": 7.29,"Plan Rows": 400,"Plan Width": 0,"Actual Startup Time": 0.147,"Actual Total Time": 0.150,"Actual Rows": 397,"Actual Loops": 1,"Index Cond": "(s_nationkey = nation.n_nationkey)"}]}]},{"Node Type": "Hash","Parent Relationship": "Inner","Parallel Aware": false,"Async Capable": false,"Startup Cost": 88158.53,"Total Cost": 88158.53,"Plan Rows": 2694,"Plan Width": 4,"Actual Startup Time": 905.466,"Actual Total Time": 905.476,"Actual Rows": 5801,"Actual Loops": 1,"Hash Buckets": 8192,"Original Hash Buckets": 4096,"Hash Batches": 1,"Original Hash Batches": 1,"Peak Memory Usage": 268,"Plans": [{"Node Type": "Nested Loop","Parent Relationship": "Outer","Parallel Aware": false,"Async Capable": false,"Join Type": "Inner","Startup Cost": 0.42,"Total Cost": 88158.53,"Plan Rows": 2694,"Plan Width": 4,"Actual Startup Time": 0.697,"Actual Total Time": 901.093,"Actual Rows": 5801,"Actual Loops": 1,"Inner Unique": false,"Plans": [{"Node Type": "Seq Scan","Parent Relationship": "Outer","Parallel Aware": false,"Async Capable": false,"Relation Name": "part","Alias": "part","Startup Cost": 0.00,"Total Cost": 6597.00,"Plan Rows": 2020,"Plan Width": 4,"Actual Startup Time": 0.055,"Actual Total Time": 201.695,"Actual Rows": 2169,"Actual Loops": 1,"Filter": "((p_name)::text ~~ 'misty%'::text)","Rows Removed by Filter": 197831},{"Node Type": "Index Scan","Parent Relationship": "Inner","Parallel Aware": false,"Async Capable": false,"Scan Direction": "Forward","Index Name": "idx_partsupp_partkey","Relation Name": "partsupp","Alias": "partsupp","Startup Cost": 0.42,"Total Cost": 40.36,"Plan Rows": 1,"Plan Width": 8,"Actual Startup Time": 0.138,"Actual Total Time": 0.322,"Actual Rows": 3,"Actual Loops": 2169,"Index Cond": "(ps_partkey = part.p_partkey)","Rows Removed by Index Recheck": 0,"Filter": "((ps_availqty)::numeric > (SubPlan 1))","Rows Removed by Filter": 1,"Plans": [{"Node Type": "Aggregate","Strategy": "Plain","Partial Mode": "Simple","Parent Relationship": "SubPlan","Subplan Name": "SubPlan 1","Parallel Aware": false,"Async Capable": false,"Startup Cost": 8.46,"Total Cost": 8.47,"Plan Rows": 1,"Plan Width": 32,"Actual Startup Time": 0.072,"Actual Total Time": 0.072,"Actual Rows": 1,"Actual Loops": 8676,"Plans": [{"Node Type": "Index Scan","Parent Relationship": "Outer","Parallel Aware": false,"Async Capable": false,"Scan Direction": "Forward","Index Name": "idx_lineitem_part_supp","Relation Name": "lineitem","Alias": "lineitem","Startup Cost": 0.43,"Total Cost": 8.46,"Plan Rows": 0,"Plan Width": 5,"Actual Startup Time": 0.044,"Actual Total Time": 0.071,"Actual Rows": 1,"Actual Loops": 8676,"Index Cond": "((l_partkey = partsupp.ps_partkey) AND (l_suppkey = partsupp.ps_suppkey))","Rows Removed by Index Recheck": 0,"Filter": "((l_shipdate >= '1994-01-01'::date) AND (l_shipdate < '1995-01-01 00:00:00'::timestamp without time zone))","Rows Removed by Filter": 6}]}]}]}]}]}]},"Planning Time": 7.074,"Triggers": [],"Execution Time": 910.642}]
[{"Plan": {"Node Type": "Sort","Parallel Aware": false,"Async Capable": false,"Startup Cost": 88442.96,"Total Cost": 88443.23,"Plan Rows": 108,"Plan Width": 51,"Actual Startup Time": 930.262,"Actual Total Time": 930.305,"Actual Rows": 156,"Actual Loops": 1,"Sort Key": ["supplier.s_name"],"Sort Method": "quicksort","Sort Space Used": 39,"Sort Space Type": "Memory","Plans": [{"Node Type": "Hash Join","Parent Relationship": "Outer","Parallel Aware": false,"Async Capable": false,"Join Type": "Semi","Startup Cost": 88199.59,"Total Cost": 88439.31,"Plan Rows": 108,"Plan Width": 51,"Actual Startup Time": 925.830,"Actual Total Time": 929.819,"Actual Rows": 156,"Actual Loops": 1,"Inner Unique": false,"Hash Cond": "(supplier.s_suppkey = partsupp.ps_suppkey)","Plans": [{"Node Type": "Nested Loop","Parent Relationship": "Outer","Parallel Aware": false,"Async Capable": false,"Join Type": "Inner","Startup Cost": 7.38,"Total Cost": 244.58,"Plan Rows": 400,"Plan Width": 55,"Actual Startup Time": 0.364,"Actual Total Time": 4.250,"Actual Rows": 380,"Actual Loops": 1,"Inner Unique": false,"Plans": [{"Node Type": "Seq Scan","Parent Relationship": "Outer","Parallel Aware": false,"Async Capable": false,"Relation Name": "nation","Alias": "nation","Startup Cost": 0.00,"Total Cost": 1.31,"Plan Rows": 1,"Plan Width": 4,"Actual Startup Time": 0.074,"Actual Total Time": 0.106,"Actual Rows": 1,"Actual Loops": 1,"Filter": "(n_name = 'ETHIOPIA'::bpchar)","Rows Removed by Filter": 24},{"Node Type": "Bitmap Heap Scan","Parent Relationship": "Inner","Parallel Aware": false,"Async Capable": false,"Relation Name": "supplier","Alias": "supplier","Startup Cost": 7.38,"Total Cost": 239.27,"Plan Rows": 400,"Plan Width": 59,"Actual Startup Time": 0.281,"Actual Total Time": 4.084,"Actual Rows": 380,"Actual Loops": 1,"Recheck Cond": "(s_nationkey = nation.n_nationkey)","Rows Removed by Index Recheck": 0,"Exact Heap Blocks": 192,"Lossy Heap Blocks": 0,"Plans": [{"Node Type": "Bitmap Index Scan","Parent Relationship": "Outer","Parallel Aware": false,"Async Capable": false,"Index Name": "idx_supplier_nation_key","Startup Cost": 0.00,"Total Cost": 7.29,"Plan Rows": 400,"Plan Width": 0,"Actual Startup Time": 0.182,"Actual Total Time": 0.189,"Actual Rows": 380,"Actual Loops": 1,"Index Cond": "(s_nationkey = nation.n_nationkey)"}]}]},{"Node Type": "Hash","Parent Relationship": "Inner","Parallel Aware": false,"Async Capable": false,"Startup Cost": 88158.53,"Total Cost": 88158.53,"Plan Rows": 2694,"Plan Width": 4,"Actual Startup Time": 925.390,"Actual Total Time": 925.403,"Actual Rows": 6079,"Actual Loops": 1,"Hash Buckets": 8192,"Original Hash Buckets": 4096,"Hash Batches": 1,"Original Hash Batches": 1,"Peak Memory Usage": 278,"Plans": [{"Node Type": "Nested Loop","Parent Relationship": "Outer","Parallel Aware": false,"Async Capable": false,"Join Type": "Inner","Startup Cost": 0.42,"Total Cost": 88158.53,"Plan Rows": 2694,"Plan Width": 4,"Actual Startup Time": 0.346,"Actual Total Time": 920.782,"Actual Rows": 6079,"Actual Loops": 1,"Inner Unique": false,"Plans": [{"Node Type": "Seq Scan","Parent Relationship": "Outer","Parallel Aware": false,"Async Capable": false,"Relation Name": "part","Alias": "part","Startup Cost": 0.00,"Total Cost": 6597.00,"Plan Rows": 2020,"Plan Width": 4,"Actual Startup Time": 0.048,"Actual Total Time": 200.681,"Actual Rows": 2216,"Actual Loops": 1,"Filter": "((p_name)::text ~~ 'blanched%'::text)","Rows Removed by Filter": 197784},{"Node Type": "Index Scan","Parent Relationship": "Inner","Parallel Aware": false,"Async Capable": false,"Scan Direction": "Forward","Index Name": "idx_partsupp_partkey","Relation Name": "partsupp","Alias": "partsupp","Startup Cost": 0.42,"Total Cost": 40.36,"Plan Rows": 1,"Plan Width": 8,"Actual Startup Time": 0.137,"Actual Total Time": 0.324,"Actual Rows": 3,"Actual Loops": 2216,"Index Cond": "(ps_partkey = part.p_partkey)","Rows Removed by Index Recheck": 0,"Filter": "((ps_availqty)::numeric > (SubPlan 1))","Rows Removed by Filter": 1,"Plans": [{"Node Type": "Aggregate","Strategy": "Plain","Partial Mode": "Simple","Parent Relationship": "SubPlan","Subplan Name": "SubPlan 1","Parallel Aware": false,"Async Capable": false,"Startup Cost": 8.46,"Total Cost": 8.47,"Plan Rows": 1,"Plan Width": 32,"Actual Startup Time": 0.073,"Actual Total Time": 0.073,"Actual Rows": 1,"Actual Loops": 8864,"Plans": [{"Node Type": "Index Scan","Parent Relationship": "Outer","Parallel Aware": false,"Async Capable": false,"Scan Direction": "Forward","Index Name": "idx_lineitem_part_supp","Relation Name": "lineitem","Alias": "lineitem","Startup Cost": 0.43,"Total Cost": 8.46,"Plan Rows": 0,"Plan Width": 5,"Actual Startup Time": 0.044,"Actual Total Time": 0.072,"Actual Rows": 1,"Actual Loops": 8864,"Index Cond": "((l_partkey = partsupp.ps_partkey) AND (l_suppkey = partsupp.ps_suppkey))","Rows Removed by Index Recheck": 0,"Filter": "((l_shipdate >= '1994-01-01'::date) AND (l_shipdate < '1995-01-01 00:00:00'::timestamp without time zone))","Rows Removed by Filter": 6}]}]}]}]}]}]},"Planning Time": 7.132,"Triggers": [],"Execution Time": 930.597}]
[{"Plan": {"Node Type": "Sort","Parallel Aware": false,"Async Capable": false,"Startup Cost": 88442.96,"Total Cost": 88443.23,"Plan Rows": 108,"Plan Width": 51,"Actual Startup Time": 964.269,"Actual Total Time": 964.307,"Actual Rows": 183,"Actual Loops": 1,"Sort Key": ["supplier.s_name"],"Sort Method": "quicksort","Sort Space Used": 42,"Sort Space Type": "Memory","Plans": [{"Node Type": "Hash Join","Parent Relationship": "Outer","Parallel Aware": false,"Async Capable": false,"Join Type": "Semi","Startup Cost": 88199.59,"Total Cost": 88439.31,"Plan Rows": 108,"Plan Width": 51,"Actual Startup Time": 959.900,"Actual Total Time": 963.784,"Actual Rows": 183,"Actual Loops": 1,"Inner Unique": false,"Hash Cond": "(supplier.s_suppkey = partsupp.ps_suppkey)","Plans": [{"Node Type": "Nested Loop","Parent Relationship": "Outer","Parallel Aware": false,"Async Capable": false,"Join Type": "Inner","Startup Cost": 7.38,"Total Cost": 244.58,"Plan Rows": 400,"Plan Width": 55,"Actual Startup Time": 0.281,"Actual Total Time": 4.142,"Actual Rows": 413,"Actual Loops": 1,"Inner Unique": false,"Plans": [{"Node Type": "Seq Scan","Parent Relationship": "Outer","Parallel Aware": false,"Async Capable": false,"Relation Name": "nation","Alias": "nation","Startup Cost": 0.00,"Total Cost": 1.31,"Plan Rows": 1,"Plan Width": 4,"Actual Startup Time": 0.073,"Actual Total Time": 0.100,"Actual Rows": 1,"Actual Loops": 1,"Filter": "(n_name = 'ARGENTINA'::bpchar)","Rows Removed by Filter": 24},{"Node Type": "Bitmap Heap Scan","Parent Relationship": "Inner","Parallel Aware": false,"Async Capable": false,"Relation Name": "supplier","Alias": "supplier","Startup Cost": 7.38,"Total Cost": 239.27,"Plan Rows": 400,"Plan Width": 59,"Actual Startup Time": 0.205,"Actual Total Time": 3.977,"Actual Rows": 413,"Actual Loops": 1,"Recheck Cond": "(s_nationkey = nation.n_nationkey)","Rows Removed by Index Recheck": 0,"Exact Heap Blocks": 190,"Lossy Heap Blocks": 0,"Plans": [{"Node Type": "Bitmap Index Scan","Parent Relationship": "Outer","Parallel Aware": false,"Async Capable": false,"Index Name": "idx_supplier_nation_key","Startup Cost": 0.00,"Total Cost": 7.29,"Plan Rows": 400,"Plan Width": 0,"Actual Startup Time": 0.129,"Actual Total Time": 0.135,"Actual Rows": 413,"Actual Loops": 1,"Index Cond": "(s_nationkey = nation.n_nationkey)"}]}]},{"Node Type": "Hash","Parent Relationship": "Inner","Parallel Aware": false,"Async Capable": false,"Startup Cost": 88158.53,"Total Cost": 88158.53,"Plan Rows": 2694,"Plan Width": 4,"Actual Startup Time": 959.480,"Actual Total Time": 959.492,"Actual Rows": 5801,"Actual Loops": 1,"Hash Buckets": 8192,"Original Hash Buckets": 4096,"Hash Batches": 1,"Original Hash Batches": 1,"Peak Memory Usage": 268,"Plans": [{"Node Type": "Nested Loop","Parent Relationship": "Outer","Parallel Aware": false,"Async Capable": false,"Join Type": "Inner","Startup Cost": 0.42,"Total Cost": 88158.53,"Plan Rows": 2694,"Plan Width": 4,"Actual Startup Time": 0.532,"Actual Total Time": 955.374,"Actual Rows": 5801,"Actual Loops": 1,"Inner Unique": false,"Plans": [{"Node Type": "Seq Scan","Parent Relationship": "Outer","Parallel Aware": false,"Async Capable": false,"Relation Name": "part","Alias": "part","Startup Cost": 0.00,"Total Cost": 6597.00,"Plan Rows": 2020,"Plan Width": 4,"Actual Startup Time": 0.049,"Actual Total Time": 178.802,"Actual Rows": 2144,"Actual Loops": 1,"Filter": "((p_name)::text ~~ 'green%'::text)","Rows Removed by Filter": 197856},{"Node Type": "Index Scan","Parent Relationship": "Inner","Parallel Aware": false,"Async Capable": false,"Scan Direction": "Forward","Index Name": "idx_partsupp_partkey","Relation Name": "partsupp","Alias": "partsupp","Startup Cost": 0.42,"Total Cost": 40.36,"Plan Rows": 1,"Plan Width": 8,"Actual Startup Time": 0.151,"Actual Total Time": 0.362,"Actual Rows": 3,"Actual Loops": 2144,"Index Cond": "(ps_partkey = part.p_partkey)","Rows Removed by Index Recheck": 0,"Filter": "((ps_availqty)::numeric > (SubPlan 1))","Rows Removed by Filter": 1,"Plans": [{"Node Type": "Aggregate","Strategy": "Plain","Partial Mode": "Simple","Parent Relationship": "SubPlan","Subplan Name": "SubPlan 1","Parallel Aware": false,"Async Capable": false,"Startup Cost": 8.46,"Total Cost": 8.47,"Plan Rows": 1,"Plan Width": 32,"Actual Startup Time": 0.082,"Actual Total Time": 0.082,"Actual Rows": 1,"Actual Loops": 8576,"Plans": [{"Node Type": "Index Scan","Parent Relationship": "Outer","Parallel Aware": false,"Async Capable": false,"Scan Direction": "Forward","Index Name": "idx_lineitem_part_supp","Relation Name": "lineitem","Alias": "lineitem","Startup Cost": 0.43,"Total Cost": 8.46,"Plan Rows": 0,"Plan Width": 5,"Actual Startup Time": 0.050,"Actual Total Time": 0.081,"Actual Rows": 1,"Actual Loops": 8576,"Index Cond": "((l_partkey = partsupp.ps_partkey) AND (l_suppkey = partsupp.ps_suppkey))","Rows Removed by Index Recheck": 0,"Filter": "((l_shipdate >= '1996-01-01'::date) AND (l_shipdate < '1997-01-01 00:00:00'::timestamp without time zone))","Rows Removed by Filter": 6}]}]}]}]}]}]},"Planning Time": 6.059,"Triggers": [],"Execution Time": 964.552}]
[{"Plan": {"Node Type": "Sort","Parallel Aware": false,"Async Capable": false,"Startup Cost": 88442.96,"Total Cost": 88443.23,"Plan Rows": 108,"Plan Width": 51,"Actual Startup Time": 897.421,"Actual Total Time": 897.462,"Actual Rows": 175,"Actual Loops": 1,"Sort Key": ["supplier.s_name"],"Sort Method": "quicksort","Sort Space Used": 41,"Sort Space Type": "Memory","Plans": [{"Node Type": "Hash Join","Parent Relationship": "Outer","Parallel Aware": false,"Async Capable": false,"Join Type": "Semi","Startup Cost": 88199.59,"Total Cost": 88439.31,"Plan Rows": 108,"Plan Width": 51,"Actual Startup Time": 893.538,"Actual Total Time": 897.123,"Actual Rows": 175,"Actual Loops": 1,"Inner Unique": false,"Hash Cond": "(supplier.s_suppkey = partsupp.ps_suppkey)","Plans": [{"Node Type": "Nested Loop","Parent Relationship": "Outer","Parallel Aware": false,"Async Capable": false,"Join Type": "Inner","Startup Cost": 7.38,"Total Cost": 244.58,"Plan Rows": 400,"Plan Width": 55,"Actual Startup Time": 0.274,"Actual Total Time": 3.762,"Actual Rows": 377,"Actual Loops": 1,"Inner Unique": false,"Plans": [{"Node Type": "Seq Scan","Parent Relationship": "Outer","Parallel Aware": false,"Async Capable": false,"Relation Name": "nation","Alias": "nation","Startup Cost": 0.00,"Total Cost": 1.31,"Plan Rows": 1,"Plan Width": 4,"Actual Startup Time": 0.071,"Actual Total Time": 0.100,"Actual Rows": 1,"Actual Loops": 1,"Filter": "(n_name = 'JAPAN'::bpchar)","Rows Removed by Filter": 24},{"Node Type": "Bitmap Heap Scan","Parent Relationship": "Inner","Parallel Aware": false,"Async Capable": false,"Relation Name": "supplier","Alias": "supplier","Startup Cost": 7.38,"Total Cost": 239.27,"Plan Rows": 400,"Plan Width": 59,"Actual Startup Time": 0.193,"Actual Total Time": 3.598,"Actual Rows": 377,"Actual Loops": 1,"Recheck Cond": "(s_nationkey = nation.n_nationkey)","Rows Removed by Index Recheck": 0,"Exact Heap Blocks": 180,"Lossy Heap Blocks": 0,"Plans": [{"Node Type": "Bitmap Index Scan","Parent Relationship": "Outer","Parallel Aware": false,"Async Capable": false,"Index Name": "idx_supplier_nation_key","Startup Cost": 0.00,"Total Cost": 7.29,"Plan Rows": 400,"Plan Width": 0,"Actual Startup Time": 0.114,"Actual Total Time": 0.121,"Actual Rows": 377,"Actual Loops": 1,"Index Cond": "(s_nationkey = nation.n_nationkey)"}]}]},{"Node Type": "Hash","Parent Relationship": "Inner","Parallel Aware": false,"Async Capable": false,"Startup Cost": 88158.53,"Total Cost": 88158.53,"Plan Rows": 2694,"Plan Width": 4,"Actual Startup Time": 893.162,"Actual Total Time": 893.174,"Actual Rows": 5852,"Actual Loops": 1,"Hash Buckets": 8192,"Original Hash Buckets": 4096,"Hash Batches": 1,"Original Hash Batches": 1,"Peak Memory Usage": 270,"Plans": [{"Node Type": "Nested Loop","Parent Relationship": "Outer","Parallel Aware": false,"Async Capable": false,"Join Type": "Inner","Startup Cost": 0.42,"Total Cost": 88158.53,"Plan Rows": 2694,"Plan Width": 4,"Actual Startup Time": 0.646,"Actual Total Time": 888.589,"Actual Rows": 5852,"Actual Loops": 1,"Inner Unique": false,"Plans": [{"Node Type": "Seq Scan","Parent Relationship": "Outer","Parallel Aware": false,"Async Capable": false,"Relation Name": "part","Alias": "part","Startup Cost": 0.00,"Total Cost": 6597.00,"Plan Rows": 2020,"Plan Width": 4,"Actual Startup Time": 0.180,"Actual Total Time": 195.137,"Actual Rows": 2178,"Actual Loops": 1,"Filter": "((p_name)::text ~~ 'salmon%'::text)","Rows Removed by Filter": 197822},{"Node Type": "Index Scan","Parent Relationship": "Inner","Parallel Aware": false,"Async Capable": false,"Scan Direction": "Forward","Index Name": "idx_partsupp_partkey","Relation Name": "partsupp","Alias": "partsupp","Startup Cost": 0.42,"Total Cost": 40.36,"Plan Rows": 1,"Plan Width": 8,"Actual Startup Time": 0.136,"Actual Total Time": 0.318,"Actual Rows": 3,"Actual Loops": 2178,"Index Cond": "(ps_partkey = part.p_partkey)","Rows Removed by Index Recheck": 0,"Filter": "((ps_availqty)::numeric > (SubPlan 1))","Rows Removed by Filter": 1,"Plans": [{"Node Type": "Aggregate","Strategy": "Plain","Partial Mode": "Simple","Parent Relationship": "SubPlan","Subplan Name": "SubPlan 1","Parallel Aware": false,"Async Capable": false,"Startup Cost": 8.46,"Total Cost": 8.47,"Plan Rows": 1,"Plan Width": 32,"Actual Startup Time": 0.071,"Actual Total Time": 0.071,"Actual Rows": 1,"Actual Loops": 8712,"Plans": [{"Node Type": "Index Scan","Parent Relationship": "Outer","Parallel Aware": false,"Async Capable": false,"Scan Direction": "Forward","Index Name": "idx_lineitem_part_supp","Relation Name": "lineitem","Alias": "lineitem","Startup Cost": 0.43,"Total Cost": 8.46,"Plan Rows": 0,"Plan Width": 5,"Actual Startup Time": 0.044,"Actual Total Time": 0.070,"Actual Rows": 1,"Actual Loops": 8712,"Index Cond": "((l_partkey = partsupp.ps_partkey) AND (l_suppkey = partsupp.ps_suppkey))","Rows Removed by Index Recheck": 0,"Filter": "((l_shipdate >= '1993-01-01'::date) AND (l_shipdate < '1994-01-01 00:00:00'::timestamp without time zone))","Rows Removed by Filter": 6}]}]}]}]}]}]},"Planning Time": 6.245,"Triggers": [],"Execution Time": 897.731}]
[{"Plan": {"Node Type": "Sort","Parallel Aware": false,"Async Capable": false,"Startup Cost": 88442.96,"Total Cost": 88443.23,"Plan Rows": 108,"Plan Width": 51,"Actual Startup Time": 918.656,"Actual Total Time": 918.692,"Actual Rows": 188,"Actual Loops": 1,"Sort Key": ["supplier.s_name"],"Sort Method": "quicksort","Sort Space Used": 42,"Sort Space Type": "Memory","Plans": [{"Node Type": "Hash Join","Parent Relationship": "Outer","Parallel Aware": false,"Async Capable": false,"Join Type": "Semi","Startup Cost": 88199.59,"Total Cost": 88439.31,"Plan Rows": 108,"Plan Width": 51,"Actual Startup Time": 914.142,"Actual Total Time": 918.174,"Actual Rows": 188,"Actual Loops": 1,"Inner Unique": false,"Hash Cond": "(supplier.s_suppkey = partsupp.ps_suppkey)","Plans": [{"Node Type": "Nested Loop","Parent Relationship": "Outer","Parallel Aware": false,"Async Capable": false,"Join Type": "Inner","Startup Cost": 7.38,"Total Cost": 244.58,"Plan Rows": 400,"Plan Width": 55,"Actual Startup Time": 0.254,"Actual Total Time": 4.198,"Actual Rows": 406,"Actual Loops": 1,"Inner Unique": false,"Plans": [{"Node Type": "Seq Scan","Parent Relationship": "Outer","Parallel Aware": false,"Async Capable": false,"Relation Name": "nation","Alias": "nation","Startup Cost": 0.00,"Total Cost": 1.31,"Plan Rows": 1,"Plan Width": 4,"Actual Startup Time": 0.078,"Actual Total Time": 0.105,"Actual Rows": 1,"Actual Loops": 1,"Filter": "(n_name = 'MOZAMBIQUE'::bpchar)","Rows Removed by Filter": 24},{"Node Type": "Bitmap Heap Scan","Parent Relationship": "Inner","Parallel Aware": false,"Async Capable": false,"Relation Name": "supplier","Alias": "supplier","Startup Cost": 7.38,"Total Cost": 239.27,"Plan Rows": 400,"Plan Width": 59,"Actual Startup Time": 0.173,"Actual Total Time": 4.035,"Actual Rows": 406,"Actual Loops": 1,"Recheck Cond": "(s_nationkey = nation.n_nationkey)","Rows Removed by Index Recheck": 0,"Exact Heap Blocks": 186,"Lossy Heap Blocks": 0,"Plans": [{"Node Type": "Bitmap Index Scan","Parent Relationship": "Outer","Parallel Aware": false,"Async Capable": false,"Index Name": "idx_supplier_nation_key","Startup Cost": 0.00,"Total Cost": 7.29,"Plan Rows": 400,"Plan Width": 0,"Actual Startup Time": 0.111,"Actual Total Time": 0.115,"Actual Rows": 406,"Actual Loops": 1,"Index Cond": "(s_nationkey = nation.n_nationkey)"}]}]},{"Node Type": "Hash","Parent Relationship": "Inner","Parallel Aware": false,"Async Capable": false,"Startup Cost": 88158.53,"Total Cost": 88158.53,"Plan Rows": 2694,"Plan Width": 4,"Actual Startup Time": 913.830,"Actual Total Time": 913.841,"Actual Rows": 6029,"Actual Loops": 1,"Hash Buckets": 8192,"Original Hash Buckets": 4096,"Hash Batches": 1,"Original Hash Batches": 1,"Peak Memory Usage": 276,"Plans": [{"Node Type": "Nested Loop","Parent Relationship": "Outer","Parallel Aware": false,"Async Capable": false,"Join Type": "Inner","Startup Cost": 0.42,"Total Cost": 88158.53,"Plan Rows": 2694,"Plan Width": 4,"Actual Startup Time": 0.410,"Actual Total Time": 909.488,"Actual Rows": 6029,"Actual Loops": 1,"Inner Unique": false,"Plans": [{"Node Type": "Seq Scan","Parent Relationship": "Outer","Parallel Aware": false,"Async Capable": false,"Relation Name": "part","Alias": "part","Startup Cost": 0.00,"Total Cost": 6597.00,"Plan Rows": 2020,"Plan Width": 4,"Actual Startup Time": 0.060,"Actual Total Time": 202.262,"Actual Rows": 2233,"Actual Loops": 1,"Filter": "((p_name)::text ~~ 'chiffon%'::text)","Rows Removed by Filter": 197767},{"Node Type": "Index Scan","Parent Relationship": "Inner","Parallel Aware": false,"Async Capable": false,"Scan Direction": "Forward","Index Name": "idx_partsupp_partkey","Relation Name": "partsupp","Alias": "partsupp","Startup Cost": 0.42,"Total Cost": 40.36,"Plan Rows": 1,"Plan Width": 8,"Actual Startup Time": 0.135,"Actual Total Time": 0.316,"Actual Rows": 3,"Actual Loops": 2233,"Index Cond": "(ps_partkey = part.p_partkey)","Rows Removed by Index Recheck": 0,"Filter": "((ps_availqty)::numeric > (SubPlan 1))","Rows Removed by Filter": 1,"Plans": [{"Node Type": "Aggregate","Strategy": "Plain","Partial Mode": "Simple","Parent Relationship": "SubPlan","Subplan Name": "SubPlan 1","Parallel Aware": false,"Async Capable": false,"Startup Cost": 8.46,"Total Cost": 8.47,"Plan Rows": 1,"Plan Width": 32,"Actual Startup Time": 0.071,"Actual Total Time": 0.071,"Actual Rows": 1,"Actual Loops": 8932,"Plans": [{"Node Type": "Index Scan","Parent Relationship": "Outer","Parallel Aware": false,"Async Capable": false,"Scan Direction": "Forward","Index Name": "idx_lineitem_part_supp","Relation Name": "lineitem","Alias": "lineitem","Startup Cost": 0.43,"Total Cost": 8.46,"Plan Rows": 0,"Plan Width": 5,"Actual Startup Time": 0.043,"Actual Total Time": 0.070,"Actual Rows": 1,"Actual Loops": 8932,"Index Cond": "((l_partkey = partsupp.ps_partkey) AND (l_suppkey = partsupp.ps_suppkey))","Rows Removed by Index Recheck": 0,"Filter": "((l_shipdate >= '1996-01-01'::date) AND (l_shipdate < '1997-01-01 00:00:00'::timestamp without time zone))","Rows Removed by Filter": 6}]}]}]}]}]}]},"Planning Time": 7.628,"Triggers": [],"Execution Time": 918.928}]
[{"Plan": {"Node Type": "Sort","Parallel Aware": false,"Async Capable": false,"Startup Cost": 88442.96,"Total Cost": 88443.23,"Plan Rows": 108,"Plan Width": 51,"Actual Startup Time": 952.779,"Actual Total Time": 952.813,"Actual Rows": 198,"Actual Loops": 1,"Sort Key": ["supplier.s_name"],"Sort Method": "quicksort","Sort Space Used": 43,"Sort Space Type": "Memory","Plans": [{"Node Type": "Hash Join","Parent Relationship": "Outer","Parallel Aware": false,"Async Capable": false,"Join Type": "Semi","Startup Cost": 88199.59,"Total Cost": 88439.31,"Plan Rows": 108,"Plan Width": 51,"Actual Startup Time": 948.443,"Actual Total Time": 952.427,"Actual Rows": 198,"Actual Loops": 1,"Inner Unique": false,"Hash Cond": "(supplier.s_suppkey = partsupp.ps_suppkey)","Plans": [{"Node Type": "Nested Loop","Parent Relationship": "Outer","Parallel Aware": false,"Async Capable": false,"Join Type": "Inner","Startup Cost": 7.38,"Total Cost": 244.58,"Plan Rows": 400,"Plan Width": 55,"Actual Startup Time": 0.389,"Actual Total Time": 4.284,"Actual Rows": 421,"Actual Loops": 1,"Inner Unique": false,"Plans": [{"Node Type": "Seq Scan","Parent Relationship": "Outer","Parallel Aware": false,"Async Capable": false,"Relation Name": "nation","Alias": "nation","Startup Cost": 0.00,"Total Cost": 1.31,"Plan Rows": 1,"Plan Width": 4,"Actual Startup Time": 0.081,"Actual Total Time": 0.101,"Actual Rows": 1,"Actual Loops": 1,"Filter": "(n_name = 'PERU'::bpchar)","Rows Removed by Filter": 24},{"Node Type": "Bitmap Heap Scan","Parent Relationship": "Inner","Parallel Aware": false,"Async Capable": false,"Relation Name": "supplier","Alias": "supplier","Startup Cost": 7.38,"Total Cost": 239.27,"Plan Rows": 400,"Plan Width": 59,"Actual Startup Time": 0.299,"Actual Total Time": 4.105,"Actual Rows": 421,"Actual Loops": 1,"Recheck Cond": "(s_nationkey = nation.n_nationkey)","Rows Removed by Index Recheck": 0,"Exact Heap Blocks": 187,"Lossy Heap Blocks": 0,"Plans": [{"Node Type": "Bitmap Index Scan","Parent Relationship": "Outer","Parallel Aware": false,"Async Capable": false,"Index Name": "idx_supplier_nation_key","Startup Cost": 0.00,"Total Cost": 7.29,"Plan Rows": 400,"Plan Width": 0,"Actual Startup Time": 0.212,"Actual Total Time": 0.217,"Actual Rows": 421,"Actual Loops": 1,"Index Cond": "(s_nationkey = nation.n_nationkey)"}]}]},{"Node Type": "Hash","Parent Relationship": "Inner","Parallel Aware": false,"Async Capable": false,"Startup Cost": 88158.53,"Total Cost": 88158.53,"Plan Rows": 2694,"Plan Width": 4,"Actual Startup Time": 947.952,"Actual Total Time": 947.960,"Actual Rows": 5808,"Actual Loops": 1,"Hash Buckets": 8192,"Original Hash Buckets": 4096,"Hash Batches": 1,"Original Hash Batches": 1,"Peak Memory Usage": 269,"Plans": [{"Node Type": "Nested Loop","Parent Relationship": "Outer","Parallel Aware": false,"Async Capable": false,"Join Type": "Inner","Startup Cost": 0.42,"Total Cost": 88158.53,"Plan Rows": 2694,"Plan Width": 4,"Actual Startup Time": 0.745,"Actual Total Time": 943.658,"Actual Rows": 5808,"Actual Loops": 1,"Inner Unique": false,"Plans": [{"Node Type": "Seq Scan","Parent Relationship": "Outer","Parallel Aware": false,"Async Capable": false,"Relation Name": "part","Alias": "part","Startup Cost": 0.00,"Total Cost": 6597.00,"Plan Rows": 2020,"Plan Width": 4,"Actual Startup Time": 0.192,"Actual Total Time": 179.819,"Actual Rows": 2128,"Actual Loops": 1,"Filter": "((p_name)::text ~~ 'pink%'::text)","Rows Removed by Filter": 197872},{"Node Type": "Index Scan","Parent Relationship": "Inner","Parallel Aware": false,"Async Capable": false,"Scan Direction": "Forward","Index Name": "idx_partsupp_partkey","Relation Name": "partsupp","Alias": "partsupp","Startup Cost": 0.42,"Total Cost": 40.36,"Plan Rows": 1,"Plan Width": 8,"Actual Startup Time": 0.148,"Actual Total Time": 0.358,"Actual Rows": 3,"Actual Loops": 2128,"Index Cond": "(ps_partkey = part.p_partkey)","Rows Removed by Index Recheck": 0,"Filter": "((ps_availqty)::numeric > (SubPlan 1))","Rows Removed by Filter": 1,"Plans": [{"Node Type": "Aggregate","Strategy": "Plain","Partial Mode": "Simple","Parent Relationship": "SubPlan","Subplan Name": "SubPlan 1","Parallel Aware": false,"Async Capable": false,"Startup Cost": 8.46,"Total Cost": 8.47,"Plan Rows": 1,"Plan Width": 32,"Actual Startup Time": 0.081,"Actual Total Time": 0.082,"Actual Rows": 1,"Actual Loops": 8512,"Plans": [{"Node Type": "Index Scan","Parent Relationship": "Outer","Parallel Aware": false,"Async Capable": false,"Scan Direction": "Forward","Index Name": "idx_lineitem_part_supp","Relation Name": "lineitem","Alias": "lineitem","Startup Cost": 0.43,"Total Cost": 8.46,"Plan Rows": 0,"Plan Width": 5,"Actual Startup Time": 0.049,"Actual Total Time": 0.081,"Actual Rows": 1,"Actual Loops": 8512,"Index Cond": "((l_partkey = partsupp.ps_partkey) AND (l_suppkey = partsupp.ps_suppkey))","Rows Removed by Index Recheck": 0,"Filter": "((l_shipdate >= '1994-01-01'::date) AND (l_shipdate < '1995-01-01 00:00:00'::timestamp without time zone))","Rows Removed by Filter": 6}]}]}]}]}]}]},"Planning Time": 6.321,"Triggers": [],"Execution Time": 953.111}]
[{"Plan": {"Node Type": "Sort","Parallel Aware": false,"Async Capable": false,"Startup Cost": 88442.96,"Total Cost": 88443.23,"Plan Rows": 108,"Plan Width": 51,"Actual Startup Time": 959.125,"Actual Total Time": 959.167,"Actual Rows": 140,"Actual Loops": 1,"Sort Key": ["supplier.s_name"],"Sort Method": "quicksort","Sort Space Used": 38,"Sort Space Type": "Memory","Plans": [{"Node Type": "Hash Join","Parent Relationship": "Outer","Parallel Aware": false,"Async Capable": false,"Join Type": "Semi","Startup Cost": 88199.59,"Total Cost": 88439.31,"Plan Rows": 108,"Plan Width": 51,"Actual Startup Time": 955.027,"Actual Total Time": 958.849,"Actual Rows": 140,"Actual Loops": 1,"Inner Unique": false,"Hash Cond": "(supplier.s_suppkey = partsupp.ps_suppkey)","Plans": [{"Node Type": "Nested Loop","Parent Relationship": "Outer","Parallel Aware": false,"Async Capable": false,"Join Type": "Inner","Startup Cost": 7.38,"Total Cost": 244.58,"Plan Rows": 400,"Plan Width": 55,"Actual Startup Time": 0.243,"Actual Total Time": 3.986,"Actual Rows": 373,"Actual Loops": 1,"Inner Unique": false,"Plans": [{"Node Type": "Seq Scan","Parent Relationship": "Outer","Parallel Aware": false,"Async Capable": false,"Relation Name": "nation","Alias": "nation","Startup Cost": 0.00,"Total Cost": 1.31,"Plan Rows": 1,"Plan Width": 4,"Actual Startup Time": 0.066,"Actual Total Time": 0.101,"Actual Rows": 1,"Actual Loops": 1,"Filter": "(n_name = 'MOROCCO'::bpchar)","Rows Removed by Filter": 24},{"Node Type": "Bitmap Heap Scan","Parent Relationship": "Inner","Parallel Aware": false,"Async Capable": false,"Relation Name": "supplier","Alias": "supplier","Startup Cost": 7.38,"Total Cost": 239.27,"Plan Rows": 400,"Plan Width": 59,"Actual Startup Time": 0.170,"Actual Total Time": 3.809,"Actual Rows": 373,"Actual Loops": 1,"Recheck Cond": "(s_nationkey = nation.n_nationkey)","Rows Removed by Index Recheck": 0,"Exact Heap Blocks": 180,"Lossy Heap Blocks": 0,"Plans": [{"Node Type": "Bitmap Index Scan","Parent Relationship": "Outer","Parallel Aware": false,"Async Capable": false,"Index Name": "idx_supplier_nation_key","Startup Cost": 0.00,"Total Cost": 7.29,"Plan Rows": 400,"Plan Width": 0,"Actual Startup Time": 0.106,"Actual Total Time": 0.112,"Actual Rows": 373,"Actual Loops": 1,"Index Cond": "(s_nationkey = nation.n_nationkey)"}]}]},{"Node Type": "Hash","Parent Relationship": "Inner","Parallel Aware": false,"Async Capable": false,"Startup Cost": 88158.53,"Total Cost": 88158.53,"Plan Rows": 2694,"Plan Width": 4,"Actual Startup Time": 954.707,"Actual Total Time": 954.717,"Actual Rows": 5842,"Actual Loops": 1,"Hash Buckets": 8192,"Original Hash Buckets": 4096,"Hash Batches": 1,"Original Hash Batches": 1,"Peak Memory Usage": 270,"Plans": [{"Node Type": "Nested Loop","Parent Relationship": "Outer","Parallel Aware": false,"Async Capable": false,"Join Type": "Inner","Startup Cost": 0.42,"Total Cost": 88158.53,"Plan Rows": 2694,"Plan Width": 4,"Actual Startup Time": 0.493,"Actual Total Time": 950.693,"Actual Rows": 5842,"Actual Loops": 1,"Inner Unique": false,"Plans": [{"Node Type": "Seq Scan","Parent Relationship": "Outer","Parallel Aware": false,"Async Capable": false,"Relation Name": "part","Alias": "part","Startup Cost": 0.00,"Total Cost": 6597.00,"Plan Rows": 2020,"Plan Width": 4,"Actual Startup Time": 0.070,"Actual Total Time": 179.305,"Actual Rows": 2146,"Actual Loops": 1,"Filter": "((p_name)::text ~~ 'chocolate%'::text)","Rows Removed by Filter": 197854},{"Node Type": "Index Scan","Parent Relationship": "Inner","Parallel Aware": false,"Async Capable": false,"Scan Direction": "Forward","Index Name": "idx_partsupp_partkey","Relation Name": "partsupp","Alias": "partsupp","Startup Cost": 0.42,"Total Cost": 40.36,"Plan Rows": 1,"Plan Width": 8,"Actual Startup Time": 0.150,"Actual Total Time": 0.359,"Actual Rows": 3,"Actual Loops": 2146,"Index Cond": "(ps_partkey = part.p_partkey)","Rows Removed by Index Recheck": 0,"Filter": "((ps_availqty)::numeric > (SubPlan 1))","Rows Removed by Filter": 1,"Plans": [{"Node Type": "Aggregate","Strategy": "Plain","Partial Mode": "Simple","Parent Relationship": "SubPlan","Subplan Name": "SubPlan 1","Parallel Aware": false,"Async Capable": false,"Startup Cost": 8.46,"Total Cost": 8.47,"Plan Rows": 1,"Plan Width": 32,"Actual Startup Time": 0.082,"Actual Total Time": 0.082,"Actual Rows": 1,"Actual Loops": 8584,"Plans": [{"Node Type": "Index Scan","Parent Relationship": "Outer","Parallel Aware": false,"Async Capable": false,"Scan Direction": "Forward","Index Name": "idx_lineitem_part_supp","Relation Name": "lineitem","Alias": "lineitem","Startup Cost": 0.43,"Total Cost": 8.46,"Plan Rows": 0,"Plan Width": 5,"Actual Startup Time": 0.049,"Actual Total Time": 0.081,"Actual Rows": 1,"Actual Loops": 8584,"Index Cond": "((l_partkey = partsupp.ps_partkey) AND (l_suppkey = partsupp.ps_suppkey))","Rows Removed by Index Recheck": 0,"Filter": "((l_shipdate >= '1996-01-01'::date) AND (l_shipdate < '1997-01-01 00:00:00'::timestamp without time zone))","Rows Removed by Filter": 6}]}]}]}]}]}]},"Planning Time": 5.682,"Triggers": [],"Execution Time": 959.420}]
[{"Plan": {"Node Type": "Sort","Parallel Aware": false,"Async Capable": false,"Startup Cost": 88442.96,"Total Cost": 88443.23,"Plan Rows": 108,"Plan Width": 51,"Actual Startup Time": 899.164,"Actual Total Time": 899.204,"Actual Rows": 178,"Actual Loops": 1,"Sort Key": ["supplier.s_name"],"Sort Method": "quicksort","Sort Space Used": 41,"Sort Space Type": "Memory","Plans": [{"Node Type": "Hash Join","Parent Relationship": "Outer","Parallel Aware": false,"Async Capable": false,"Join Type": "Semi","Startup Cost": 88199.59,"Total Cost": 88439.31,"Plan Rows": 108,"Plan Width": 51,"Actual Startup Time": 894.795,"Actual Total Time": 898.831,"Actual Rows": 178,"Actual Loops": 1,"Inner Unique": false,"Hash Cond": "(supplier.s_suppkey = partsupp.ps_suppkey)","Plans": [{"Node Type": "Nested Loop","Parent Relationship": "Outer","Parallel Aware": false,"Async Capable": false,"Join Type": "Inner","Startup Cost": 7.38,"Total Cost": 244.58,"Plan Rows": 400,"Plan Width": 55,"Actual Startup Time": 0.267,"Actual Total Time": 4.168,"Actual Rows": 412,"Actual Loops": 1,"Inner Unique": false,"Plans": [{"Node Type": "Seq Scan","Parent Relationship": "Outer","Parallel Aware": false,"Async Capable": false,"Relation Name": "nation","Alias": "nation","Startup Cost": 0.00,"Total Cost": 1.31,"Plan Rows": 1,"Plan Width": 4,"Actual Startup Time": 0.064,"Actual Total Time": 0.093,"Actual Rows": 1,"Actual Loops": 1,"Filter": "(n_name = 'CANADA'::bpchar)","Rows Removed by Filter": 24},{"Node Type": "Bitmap Heap Scan","Parent Relationship": "Inner","Parallel Aware": false,"Async Capable": false,"Relation Name": "supplier","Alias": "supplier","Startup Cost": 7.38,"Total Cost": 239.27,"Plan Rows": 400,"Plan Width": 59,"Actual Startup Time": 0.195,"Actual Total Time": 3.995,"Actual Rows": 412,"Actual Loops": 1,"Recheck Cond": "(s_nationkey = nation.n_nationkey)","Rows Removed by Index Recheck": 0,"Exact Heap Blocks": 189,"Lossy Heap Blocks": 0,"Plans": [{"Node Type": "Bitmap Index Scan","Parent Relationship": "Outer","Parallel Aware": false,"Async Capable": false,"Index Name": "idx_supplier_nation_key","Startup Cost": 0.00,"Total Cost": 7.29,"Plan Rows": 400,"Plan Width": 0,"Actual Startup Time": 0.131,"Actual Total Time": 0.135,"Actual Rows": 412,"Actual Loops": 1,"Index Cond": "(s_nationkey = nation.n_nationkey)"}]}]},{"Node Type": "Hash","Parent Relationship": "Inner","Parallel Aware": false,"Async Capable": false,"Startup Cost": 88158.53,"Total Cost": 88158.53,"Plan Rows": 2694,"Plan Width": 4,"Actual Startup Time": 894.452,"Actual Total Time": 894.465,"Actual Rows": 5755,"Actual Loops": 1,"Hash Buckets": 8192,"Original Hash Buckets": 4096,"Hash Batches": 1,"Original Hash Batches": 1,"Peak Memory Usage": 267,"Plans": [{"Node Type": "Nested Loop","Parent Relationship": "Outer","Parallel Aware": false,"Async Capable": false,"Join Type": "Inner","Startup Cost": 0.42,"Total Cost": 88158.53,"Plan Rows": 2694,"Plan Width": 4,"Actual Startup Time": 0.525,"Actual Total Time": 889.736,"Actual Rows": 5755,"Actual Loops": 1,"Inner Unique": false,"Plans": [{"Node Type": "Seq Scan","Parent Relationship": "Outer","Parallel Aware": false,"Async Capable": false,"Relation Name": "part","Alias": "part","Startup Cost": 0.00,"Total Cost": 6597.00,"Plan Rows": 2020,"Plan Width": 4,"Actual Startup Time": 0.241,"Actual Total Time": 196.191,"Actual Rows": 2147,"Actual Loops": 1,"Filter": "((p_name)::text ~~ 'peru%'::text)","Rows Removed by Filter": 197853},{"Node Type": "Index Scan","Parent Relationship": "Inner","Parallel Aware": false,"Async Capable": false,"Scan Direction": "Forward","Index Name": "idx_partsupp_partkey","Relation Name": "partsupp","Alias": "partsupp","Startup Cost": 0.42,"Total Cost": 40.36,"Plan Rows": 1,"Plan Width": 8,"Actual Startup Time": 0.138,"Actual Total Time": 0.323,"Actual Rows": 3,"Actual Loops": 2147,"Index Cond": "(ps_partkey = part.p_partkey)","Rows Removed by Index Recheck": 0,"Filter": "((ps_availqty)::numeric > (SubPlan 1))","Rows Removed by Filter": 1,"Plans": [{"Node Type": "Aggregate","Strategy": "Plain","Partial Mode": "Simple","Parent Relationship": "SubPlan","Subplan Name": "SubPlan 1","Parallel Aware": false,"Async Capable": false,"Startup Cost": 8.46,"Total Cost": 8.47,"Plan Rows": 1,"Plan Width": 32,"Actual Startup Time": 0.072,"Actual Total Time": 0.072,"Actual Rows": 1,"Actual Loops": 8588,"Plans": [{"Node Type": "Index Scan","Parent Relationship": "Outer","Parallel Aware": false,"Async Capable": false,"Scan Direction": "Forward","Index Name": "idx_lineitem_part_supp","Relation Name": "lineitem","Alias": "lineitem","Startup Cost": 0.43,"Total Cost": 8.46,"Plan Rows": 0,"Plan Width": 5,"Actual Startup Time": 0.045,"Actual Total Time": 0.072,"Actual Rows": 1,"Actual Loops": 8588,"Index Cond": "((l_partkey = partsupp.ps_partkey) AND (l_suppkey = partsupp.ps_suppkey))","Rows Removed by Index Recheck": 0,"Filter": "((l_shipdate >= '1993-01-01'::date) AND (l_shipdate < '1994-01-01 00:00:00'::timestamp without time zone))","Rows Removed by Filter": 6}]}]}]}]}]}]},"Planning Time": 6.356,"Triggers": [],"Execution Time": 899.440}]
[{"Plan": {"Node Type": "Sort","Parallel Aware": false,"Async Capable": false,"Startup Cost": 88442.96,"Total Cost": 88443.23,"Plan Rows": 108,"Plan Width": 51,"Actual Startup Time": 901.985,"Actual Total Time": 902.025,"Actual Rows": 174,"Actual Loops": 1,"Sort Key": ["supplier.s_name"],"Sort Method": "quicksort","Sort Space Used": 41,"Sort Space Type": "Memory","Plans": [{"Node Type": "Hash Join","Parent Relationship": "Outer","Parallel Aware": false,"Async Capable": false,"Join Type": "Semi","Startup Cost": 88199.59,"Total Cost": 88439.31,"Plan Rows": 108,"Plan Width": 51,"Actual Startup Time": 897.492,"Actual Total Time": 901.644,"Actual Rows": 174,"Actual Loops": 1,"Inner Unique": false,"Hash Cond": "(supplier.s_suppkey = partsupp.ps_suppkey)","Plans": [{"Node Type": "Nested Loop","Parent Relationship": "Outer","Parallel Aware": false,"Async Capable": false,"Join Type": "Inner","Startup Cost": 7.38,"Total Cost": 244.58,"Plan Rows": 400,"Plan Width": 55,"Actual Startup Time": 0.249,"Actual Total Time": 4.331,"Actual Rows": 405,"Actual Loops": 1,"Inner Unique": false,"Plans": [{"Node Type": "Seq Scan","Parent Relationship": "Outer","Parallel Aware": false,"Async Capable": false,"Relation Name": "nation","Alias": "nation","Startup Cost": 0.00,"Total Cost": 1.31,"Plan Rows": 1,"Plan Width": 4,"Actual Startup Time": 0.062,"Actual Total Time": 0.098,"Actual Rows": 1,"Actual Loops": 1,"Filter": "(n_name = 'INDONESIA'::bpchar)","Rows Removed by Filter": 24},{"Node Type": "Bitmap Heap Scan","Parent Relationship": "Inner","Parallel Aware": false,"Async Capable": false,"Relation Name": "supplier","Alias": "supplier","Startup Cost": 7.38,"Total Cost": 239.27,"Plan Rows": 400,"Plan Width": 59,"Actual Startup Time": 0.184,"Actual Total Time": 4.175,"Actual Rows": 405,"Actual Loops": 1,"Recheck Cond": "(s_nationkey = nation.n_nationkey)","Rows Removed by Index Recheck": 0,"Exact Heap Blocks": 192,"Lossy Heap Blocks": 0,"Plans": [{"Node Type": "Bitmap Index Scan","Parent Relationship": "Outer","Parallel Aware": false,"Async Capable": false,"Index Name": "idx_supplier_nation_key","Startup Cost": 0.00,"Total Cost": 7.29,"Plan Rows": 400,"Plan Width": 0,"Actual Startup Time": 0.119,"Actual Total Time": 0.123,"Actual Rows": 405,"Actual Loops": 1,"Index Cond": "(s_nationkey = nation.n_nationkey)"}]}]},{"Node Type": "Hash","Parent Relationship": "Inner","Parallel Aware": false,"Async Capable": false,"Startup Cost": 88158.53,"Total Cost": 88158.53,"Plan Rows": 2694,"Plan Width": 4,"Actual Startup Time": 897.154,"Actual Total Time": 897.164,"Actual Rows": 5833,"Actual Loops": 1,"Hash Buckets": 8192,"Original Hash Buckets": 4096,"Hash Batches": 1,"Original Hash Batches": 1,"Peak Memory Usage": 270,"Plans": [{"Node Type": "Nested Loop","Parent Relationship": "Outer","Parallel Aware": false,"Async Capable": false,"Join Type": "Inner","Startup Cost": 0.42,"Total Cost": 88158.53,"Plan Rows": 2694,"Plan Width": 4,"Actual Startup Time": 0.511,"Actual Total Time": 893.085,"Actual Rows": 5833,"Actual Loops": 1,"Inner Unique": false,"Plans": [{"Node Type": "Seq Scan","Parent Relationship": "Outer","Parallel Aware": false,"Async Capable": false,"Relation Name": "part","Alias": "part","Startup Cost": 0.00,"Total Cost": 6597.00,"Plan Rows": 2020,"Plan Width": 4,"Actual Startup Time": 0.046,"Actual Total Time": 200.476,"Actual Rows": 2127,"Actual Loops": 1,"Filter": "((p_name)::text ~~ 'forest%'::text)","Rows Removed by Filter": 197873},{"Node Type": "Index Scan","Parent Relationship": "Inner","Parallel Aware": false,"Async Capable": false,"Scan Direction": "Forward","Index Name": "idx_partsupp_partkey","Relation Name": "partsupp","Alias": "partsupp","Startup Cost": 0.42,"Total Cost": 40.36,"Plan Rows": 1,"Plan Width": 8,"Actual Startup Time": 0.136,"Actual Total Time": 0.325,"Actual Rows": 3,"Actual Loops": 2127,"Index Cond": "(ps_partkey = part.p_partkey)","Rows Removed by Index Recheck": 0,"Filter": "((ps_availqty)::numeric > (SubPlan 1))","Rows Removed by Filter": 1,"Plans": [{"Node Type": "Aggregate","Strategy": "Plain","Partial Mode": "Simple","Parent Relationship": "SubPlan","Subplan Name": "SubPlan 1","Parallel Aware": false,"Async Capable": false,"Startup Cost": 8.46,"Total Cost": 8.47,"Plan Rows": 1,"Plan Width": 32,"Actual Startup Time": 0.073,"Actual Total Time": 0.073,"Actual Rows": 1,"Actual Loops": 8508,"Plans": [{"Node Type": "Index Scan","Parent Relationship": "Outer","Parallel Aware": false,"Async Capable": false,"Scan Direction": "Forward","Index Name": "idx_lineitem_part_supp","Relation Name": "lineitem","Alias": "lineitem","Startup Cost": 0.43,"Total Cost": 8.46,"Plan Rows": 0,"Plan Width": 5,"Actual Startup Time": 0.044,"Actual Total Time": 0.072,"Actual Rows": 1,"Actual Loops": 8508,"Index Cond": "((l_partkey = partsupp.ps_partkey) AND (l_suppkey = partsupp.ps_suppkey))","Rows Removed by Index Recheck": 0,"Filter": "((l_shipdate >= '1994-01-01'::date) AND (l_shipdate < '1995-01-01 00:00:00'::timestamp without time zone))","Rows Removed by Filter": 6}]}]}]}]}]}]},"Planning Time": 5.927,"Triggers": [],"Execution Time": 902.296}]
[{"Plan": {"Node Type": "Sort","Parallel Aware": false,"Async Capable": false,"Startup Cost": 88442.96,"Total Cost": 88443.23,"Plan Rows": 108,"Plan Width": 51,"Actual Startup Time": 959.363,"Actual Total Time": 959.393,"Actual Rows": 164,"Actual Loops": 1,"Sort Key": ["supplier.s_name"],"Sort Method": "quicksort","Sort Space Used": 40,"Sort Space Type": "Memory","Plans": [{"Node Type": "Hash Join","Parent Relationship": "Outer","Parallel Aware": false,"Async Capable": false,"Join Type": "Semi","Startup Cost": 88199.59,"Total Cost": 88439.31,"Plan Rows": 108,"Plan Width": 51,"Actual Startup Time": 955.046,"Actual Total Time": 959.063,"Actual Rows": 164,"Actual Loops": 1,"Inner Unique": false,"Hash Cond": "(supplier.s_suppkey = partsupp.ps_suppkey)","Plans": [{"Node Type": "Nested Loop","Parent Relationship": "Outer","Parallel Aware": false,"Async Capable": false,"Join Type": "Inner","Startup Cost": 7.38,"Total Cost": 244.58,"Plan Rows": 400,"Plan Width": 55,"Actual Startup Time": 0.243,"Actual Total Time": 4.148,"Actual Rows": 411,"Actual Loops": 1,"Inner Unique": false,"Plans": [{"Node Type": "Seq Scan","Parent Relationship": "Outer","Parallel Aware": false,"Async Capable": false,"Relation Name": "nation","Alias": "nation","Startup Cost": 0.00,"Total Cost": 1.31,"Plan Rows": 1,"Plan Width": 4,"Actual Startup Time": 0.079,"Actual Total Time": 0.096,"Actual Rows": 1,"Actual Loops": 1,"Filter": "(n_name = 'SAUDI ARABIA'::bpchar)","Rows Removed by Filter": 24},{"Node Type": "Bitmap Heap Scan","Parent Relationship": "Inner","Parallel Aware": false,"Async Capable": false,"Relation Name": "supplier","Alias": "supplier","Startup Cost": 7.38,"Total Cost": 239.27,"Plan Rows": 400,"Plan Width": 59,"Actual Startup Time": 0.156,"Actual Total Time": 3.981,"Actual Rows": 411,"Actual Loops": 1,"Recheck Cond": "(s_nationkey = nation.n_nationkey)","Rows Removed by Index Recheck": 0,"Exact Heap Blocks": 182,"Lossy Heap Blocks": 0,"Plans": [{"Node Type": "Bitmap Index Scan","Parent Relationship": "Outer","Parallel Aware": false,"Async Capable": false,"Index Name": "idx_supplier_nation_key","Startup Cost": 0.00,"Total Cost": 7.29,"Plan Rows": 400,"Plan Width": 0,"Actual Startup Time": 0.104,"Actual Total Time": 0.110,"Actual Rows": 411,"Actual Loops": 1,"Index Cond": "(s_nationkey = nation.n_nationkey)"}]}]},{"Node Type": "Hash","Parent Relationship": "Inner","Parallel Aware": false,"Async Capable": false,"Startup Cost": 88158.53,"Total Cost": 88158.53,"Plan Rows": 2694,"Plan Width": 4,"Actual Startup Time": 954.745,"Actual Total Time": 954.751,"Actual Rows": 5924,"Actual Loops": 1,"Hash Buckets": 8192,"Original Hash Buckets": 4096,"Hash Batches": 1,"Original Hash Batches": 1,"Peak Memory Usage": 273,"Plans": [{"Node Type": "Nested Loop","Parent Relationship": "Outer","Parallel Aware": false,"Async Capable": false,"Join Type": "Inner","Startup Cost": 0.42,"Total Cost": 88158.53,"Plan Rows": 2694,"Plan Width": 4,"Actual Startup Time": 0.779,"Actual Total Time": 950.627,"Actual Rows": 5924,"Actual Loops": 1,"Inner Unique": false,"Plans": [{"Node Type": "Seq Scan","Parent Relationship": "Outer","Parallel Aware": false,"Async Capable": false,"Relation Name": "part","Alias": "part","Startup Cost": 0.00,"Total Cost": 6597.00,"Plan Rows": 2020,"Plan Width": 4,"Actual Startup Time": 0.059,"Actual Total Time": 180.295,"Actual Rows": 2138,"Actual Loops": 1,"Filter": "((p_name)::text ~~ 'royal%'::text)","Rows Removed by Filter": 197862},{"Node Type": "Index Scan","Parent Relationship": "Inner","Parallel Aware": false,"Async Capable": false,"Scan Direction": "Forward","Index Name": "idx_partsupp_partkey","Relation Name": "partsupp","Alias": "partsupp","Startup Cost": 0.42,"Total Cost": 40.36,"Plan Rows": 1,"Plan Width": 8,"Actual Startup Time": 0.149,"Actual Total Time": 0.360,"Actual Rows": 3,"Actual Loops": 2138,"Index Cond": "(ps_partkey = part.p_partkey)","Rows Removed by Index Recheck": 0,"Filter": "((ps_availqty)::numeric > (SubPlan 1))","Rows Removed by Filter": 1,"Plans": [{"Node Type": "Aggregate","Strategy": "Plain","Partial Mode": "Simple","Parent Relationship": "SubPlan","Subplan Name": "SubPlan 1","Parallel Aware": false,"Async Capable": false,"Startup Cost": 8.46,"Total Cost": 8.47,"Plan Rows": 1,"Plan Width": 32,"Actual Startup Time": 0.082,"Actual Total Time": 0.082,"Actual Rows": 1,"Actual Loops": 8552,"Plans": [{"Node Type": "Index Scan","Parent Relationship": "Outer","Parallel Aware": false,"Async Capable": false,"Scan Direction": "Forward","Index Name": "idx_lineitem_part_supp","Relation Name": "lineitem","Alias": "lineitem","Startup Cost": 0.43,"Total Cost": 8.46,"Plan Rows": 0,"Plan Width": 5,"Actual Startup Time": 0.049,"Actual Total Time": 0.081,"Actual Rows": 1,"Actual Loops": 8552,"Index Cond": "((l_partkey = partsupp.ps_partkey) AND (l_suppkey = partsupp.ps_suppkey))","Rows Removed by Index Recheck": 0,"Filter": "((l_shipdate >= '1993-01-01'::date) AND (l_shipdate < '1994-01-01 00:00:00'::timestamp without time zone))","Rows Removed by Filter": 6}]}]}]}]}]}]},"Planning Time": 6.220,"Triggers": [],"Execution Time": 959.625}]
[{"Plan": {"Node Type": "Sort","Parallel Aware": false,"Async Capable": false,"Startup Cost": 88442.96,"Total Cost": 88443.23,"Plan Rows": 108,"Plan Width": 51,"Actual Startup Time": 915.960,"Actual Total Time": 916.001,"Actual Rows": 186,"Actual Loops": 1,"Sort Key": ["supplier.s_name"],"Sort Method": "quicksort","Sort Space Used": 42,"Sort Space Type": "Memory","Plans": [{"Node Type": "Hash Join","Parent Relationship": "Outer","Parallel Aware": false,"Async Capable": false,"Join Type": "Semi","Startup Cost": 88199.59,"Total Cost": 88439.31,"Plan Rows": 108,"Plan Width": 51,"Actual Startup Time": 911.714,"Actual Total Time": 915.629,"Actual Rows": 186,"Actual Loops": 1,"Inner Unique": false,"Hash Cond": "(supplier.s_suppkey = partsupp.ps_suppkey)","Plans": [{"Node Type": "Nested Loop","Parent Relationship": "Outer","Parallel Aware": false,"Async Capable": false,"Join Type": "Inner","Startup Cost": 7.38,"Total Cost": 244.58,"Plan Rows": 400,"Plan Width": 55,"Actual Startup Time": 0.306,"Actual Total Time": 4.141,"Actual Rows": 421,"Actual Loops": 1,"Inner Unique": false,"Plans": [{"Node Type": "Seq Scan","Parent Relationship": "Outer","Parallel Aware": false,"Async Capable": false,"Relation Name": "nation","Alias": "nation","Startup Cost": 0.00,"Total Cost": 1.31,"Plan Rows": 1,"Plan Width": 4,"Actual Startup Time": 0.074,"Actual Total Time": 0.104,"Actual Rows": 1,"Actual Loops": 1,"Filter": "(n_name = 'PERU'::bpchar)","Rows Removed by Filter": 24},{"Node Type": "Bitmap Heap Scan","Parent Relationship": "Inner","Parallel Aware": false,"Async Capable": false,"Relation Name": "supplier","Alias": "supplier","Startup Cost": 7.38,"Total Cost": 239.27,"Plan Rows": 400,"Plan Width": 59,"Actual Startup Time": 0.226,"Actual Total Time": 3.967,"Actual Rows": 421,"Actual Loops": 1,"Recheck Cond": "(s_nationkey = nation.n_nationkey)","Rows Removed by Index Recheck": 0,"Exact Heap Blocks": 187,"Lossy Heap Blocks": 0,"Plans": [{"Node Type": "Bitmap Index Scan","Parent Relationship": "Outer","Parallel Aware": false,"Async Capable": false,"Index Name": "idx_supplier_nation_key","Startup Cost": 0.00,"Total Cost": 7.29,"Plan Rows": 400,"Plan Width": 0,"Actual Startup Time": 0.159,"Actual Total Time": 0.163,"Actual Rows": 421,"Actual Loops": 1,"Index Cond": "(s_nationkey = nation.n_nationkey)"}]}]},{"Node Type": "Hash","Parent Relationship": "Inner","Parallel Aware": false,"Async Capable": false,"Startup Cost": 88158.53,"Total Cost": 88158.53,"Plan Rows": 2694,"Plan Width": 4,"Actual Startup Time": 911.336,"Actual Total Time": 911.347,"Actual Rows": 5982,"Actual Loops": 1,"Hash Buckets": 8192,"Original Hash Buckets": 4096,"Hash Batches": 1,"Original Hash Batches": 1,"Peak Memory Usage": 275,"Plans": [{"Node Type": "Nested Loop","Parent Relationship": "Outer","Parallel Aware": false,"Async Capable": false,"Join Type": "Inner","Startup Cost": 0.42,"Total Cost": 88158.53,"Plan Rows": 2694,"Plan Width": 4,"Actual Startup Time": 1.361,"Actual Total Time": 907.166,"Actual Rows": 5982,"Actual Loops": 1,"Inner Unique": false,"Plans": [{"Node Type": "Seq Scan","Parent Relationship": "Outer","Parallel Aware": false,"Async Capable": false,"Relation Name": "part","Alias": "part","Startup Cost": 0.00,"Total Cost": 6597.00,"Plan Rows": 2020,"Plan Width": 4,"Actual Startup Time": 0.069,"Actual Total Time": 197.053,"Actual Rows": 2209,"Actual Loops": 1,"Filter": "((p_name)::text ~~ 'turquoise%'::text)","Rows Removed by Filter": 197791},{"Node Type": "Index Scan","Parent Relationship": "Inner","Parallel Aware": false,"Async Capable": false,"Scan Direction": "Forward","Index Name": "idx_partsupp_partkey","Relation Name": "partsupp","Alias": "partsupp","Startup Cost": 0.42,"Total Cost": 40.36,"Plan Rows": 1,"Plan Width": 8,"Actual Startup Time": 0.135,"Actual Total Time": 0.321,"Actual Rows": 3,"Actual Loops": 2209,"Index Cond": "(ps_partkey = part.p_partkey)","Rows Removed by Index Recheck": 0,"Filter": "((ps_availqty)::numeric > (SubPlan 1))","Rows Removed by Filter": 1,"Plans": [{"Node Type": "Aggregate","Strategy": "Plain","Partial Mode": "Simple","Parent Relationship": "SubPlan","Subplan Name": "SubPlan 1","Parallel Aware": false,"Async Capable": false,"Startup Cost": 8.46,"Total Cost": 8.47,"Plan Rows": 1,"Plan Width": 32,"Actual Startup Time": 0.072,"Actual Total Time": 0.072,"Actual Rows": 1,"Actual Loops": 8836,"Plans": [{"Node Type": "Index Scan","Parent Relationship": "Outer","Parallel Aware": false,"Async Capable": false,"Scan Direction": "Forward","Index Name": "idx_lineitem_part_supp","Relation Name": "lineitem","Alias": "lineitem","Startup Cost": 0.43,"Total Cost": 8.46,"Plan Rows": 0,"Plan Width": 5,"Actual Startup Time": 0.044,"Actual Total Time": 0.071,"Actual Rows": 1,"Actual Loops": 8836,"Index Cond": "((l_partkey = partsupp.ps_partkey) AND (l_suppkey = partsupp.ps_suppkey))","Rows Removed by Index Recheck": 0,"Filter": "((l_shipdate >= '1996-01-01'::date) AND (l_shipdate < '1997-01-01 00:00:00'::timestamp without time zone))","Rows Removed by Filter": 6}]}]}]}]}]}]},"Planning Time": 5.912,"Triggers": [],"Execution Time": 916.275}]
[{"Plan": {"Node Type": "Sort","Parallel Aware": false,"Async Capable": false,"Startup Cost": 165280.99,"Total Cost": 165281.52,"Plan Rows": 215,"Plan Width": 51,"Actual Startup Time": 999.109,"Actual Total Time": 999.143,"Actual Rows": 198,"Actual Loops": 1,"Sort Key": ["supplier.s_name"],"Sort Method": "quicksort","Sort Space Used": 43,"Sort Space Type": "Memory","Plans": [{"Node Type": "Hash Join","Parent Relationship": "Outer","Parallel Aware": false,"Async Capable": false,"Join Type": "Semi","Startup Cost": 165030.68,"Total Cost": 165272.66,"Plan Rows": 215,"Plan Width": 51,"Actual Startup Time": 994.321,"Actual Total Time": 998.727,"Actual Rows": 198,"Actual Loops": 1,"Inner Unique": false,"Hash Cond": "(supplier.s_suppkey = partsupp.ps_suppkey)","Plans": [{"Node Type": "Nested Loop","Parent Relationship": "Outer","Parallel Aware": false,"Async Capable": false,"Join Type": "Inner","Startup Cost": 7.38,"Total Cost": 244.58,"Plan Rows": 400,"Plan Width": 55,"Actual Startup Time": 0.258,"Actual Total Time": 4.071,"Actual Rows": 415,"Actual Loops": 1,"Inner Unique": false,"Plans": [{"Node Type": "Seq Scan","Parent Relationship": "Outer","Parallel Aware": false,"Async Capable": false,"Relation Name": "nation","Alias": "nation","Startup Cost": 0.00,"Total Cost": 1.31,"Plan Rows": 1,"Plan Width": 4,"Actual Startup Time": 0.056,"Actual Total Time": 0.081,"Actual Rows": 1,"Actual Loops": 1,"Filter": "(n_name = 'INDIA'::bpchar)","Rows Removed by Filter": 24},{"Node Type": "Bitmap Heap Scan","Parent Relationship": "Inner","Parallel Aware": false,"Async Capable": false,"Relation Name": "supplier","Alias": "supplier","Startup Cost": 7.38,"Total Cost": 239.27,"Plan Rows": 400,"Plan Width": 59,"Actual Startup Time": 0.195,"Actual Total Time": 3.913,"Actual Rows": 415,"Actual Loops": 1,"Recheck Cond": "(s_nationkey = nation.n_nationkey)","Rows Removed by Index Recheck": 0,"Exact Heap Blocks": 186,"Lossy Heap Blocks": 0,"Plans": [{"Node Type": "Bitmap Index Scan","Parent Relationship": "Outer","Parallel Aware": false,"Async Capable": false,"Index Name": "idx_supplier_nation_key","Startup Cost": 0.00,"Total Cost": 7.29,"Plan Rows": 400,"Plan Width": 0,"Actual Startup Time": 0.131,"Actual Total Time": 0.135,"Actual Rows": 415,"Actual Loops": 1,"Index Cond": "(s_nationkey = nation.n_nationkey)"}]}]},{"Node Type": "Hash","Parent Relationship": "Inner","Parallel Aware": false,"Async Capable": false,"Startup Cost": 164955.96,"Total Cost": 164955.96,"Plan Rows": 5387,"Plan Width": 4,"Actual Startup Time": 993.953,"Actual Total Time": 993.957,"Actual Rows": 6127,"Actual Loops": 1,"Hash Buckets": 8192,"Original Hash Buckets": 8192,"Hash Batches": 1,"Original Hash Batches": 1,"Peak Memory Usage": 280,"Plans": [{"Node Type": "Nested Loop","Parent Relationship": "Outer","Parallel Aware": false,"Async Capable": false,"Join Type": "Inner","Startup Cost": 0.42,"Total Cost": 164955.96,"Plan Rows": 5387,"Plan Width": 4,"Actual Startup Time": 0.553,"Actual Total Time": 988.196,"Actual Rows": 6127,"Actual Loops": 1,"Inner Unique": false,"Plans": [{"Node Type": "Seq Scan","Parent Relationship": "Outer","Parallel Aware": false,"Async Capable": false,"Relation Name": "part","Alias": "part","Startup Cost": 0.00,"Total Cost": 6597.00,"Plan Rows": 4040,"Plan Width": 4,"Actual Startup Time": 0.167,"Actual Total Time": 184.200,"Actual Rows": 2249,"Actual Loops": 1,"Filter": "((p_name)::text ~~ 'orchid%'::text)","Rows Removed by Filter": 197751},{"Node Type": "Index Scan","Parent Relationship": "Inner","Parallel Aware": false,"Async Capable": false,"Scan Direction": "Forward","Index Name": "idx_partsupp_partkey","Relation Name": "partsupp","Alias": "partsupp","Startup Cost": 0.42,"Total Cost": 39.18,"Plan Rows": 1,"Plan Width": 8,"Actual Startup Time": 0.150,"Actual Total Time": 0.357,"Actual Rows": 3,"Actual Loops": 2249,"Index Cond": "(ps_partkey = part.p_partkey)","Rows Removed by Index Recheck": 0,"Filter": "((ps_availqty)::numeric > (SubPlan 1))","Rows Removed by Filter": 1,"Plans": [{"Node Type": "Aggregate","Strategy": "Plain","Partial Mode": "Simple","Parent Relationship": "SubPlan","Subplan Name": "SubPlan 1","Parallel Aware": false,"Async Capable": false,"Startup Cost": 8.46,"Total Cost": 8.47,"Plan Rows": 1,"Plan Width": 32,"Actual Startup Time": 0.081,"Actual Total Time": 0.081,"Actual Rows": 1,"Actual Loops": 8996,"Plans": [{"Node Type": "Index Scan","Parent Relationship": "Outer","Parallel Aware": false,"Async Capable": false,"Scan Direction": "Forward","Index Name": "idx_lineitem_part_supp","Relation Name": "lineitem","Alias": "lineitem","Startup Cost": 0.43,"Total Cost": 8.46,"Plan Rows": 0,"Plan Width": 5,"Actual Startup Time": 0.049,"Actual Total Time": 0.080,"Actual Rows": 1,"Actual Loops": 8996,"Index Cond": "((l_partkey = partsupp.ps_partkey) AND (l_suppkey = partsupp.ps_suppkey))","Rows Removed by Index Recheck": 0,"Filter": "((l_shipdate >= '1994-01-01'::date) AND (l_shipdate < '1995-01-01 00:00:00'::timestamp without time zone))","Rows Removed by Filter": 6}]}]}]}]}]}]},"Planning Time": 5.300,"Triggers": [],"Execution Time": 999.403}]
[{"Plan": {"Node Type": "Sort","Parallel Aware": false,"Async Capable": false,"Startup Cost": 88442.96,"Total Cost": 88443.23,"Plan Rows": 108,"Plan Width": 51,"Actual Startup Time": 896.517,"Actual Total Time": 896.555,"Actual Rows": 197,"Actual Loops": 1,"Sort Key": ["supplier.s_name"],"Sort Method": "quicksort","Sort Space Used": 43,"Sort Space Type": "Memory","Plans": [{"Node Type": "Hash Join","Parent Relationship": "Outer","Parallel Aware": false,"Async Capable": false,"Join Type": "Semi","Startup Cost": 88199.59,"Total Cost": 88439.31,"Plan Rows": 108,"Plan Width": 51,"Actual Startup Time": 892.509,"Actual Total Time": 896.176,"Actual Rows": 197,"Actual Loops": 1,"Inner Unique": false,"Hash Cond": "(supplier.s_suppkey = partsupp.ps_suppkey)","Plans": [{"Node Type": "Nested Loop","Parent Relationship": "Outer","Parallel Aware": false,"Async Capable": false,"Join Type": "Inner","Startup Cost": 7.38,"Total Cost": 244.58,"Plan Rows": 400,"Plan Width": 55,"Actual Startup Time": 0.260,"Actual Total Time": 3.882,"Actual Rows": 411,"Actual Loops": 1,"Inner Unique": false,"Plans": [{"Node Type": "Seq Scan","Parent Relationship": "Outer","Parallel Aware": false,"Async Capable": false,"Relation Name": "nation","Alias": "nation","Startup Cost": 0.00,"Total Cost": 1.31,"Plan Rows": 1,"Plan Width": 4,"Actual Startup Time": 0.072,"Actual Total Time": 0.095,"Actual Rows": 1,"Actual Loops": 1,"Filter": "(n_name = 'SAUDI ARABIA'::bpchar)","Rows Removed by Filter": 24},{"Node Type": "Bitmap Heap Scan","Parent Relationship": "Inner","Parallel Aware": false,"Async Capable": false,"Relation Name": "supplier","Alias": "supplier","Startup Cost": 7.38,"Total Cost": 239.27,"Plan Rows": 400,"Plan Width": 59,"Actual Startup Time": 0.185,"Actual Total Time": 3.724,"Actual Rows": 411,"Actual Loops": 1,"Recheck Cond": "(s_nationkey = nation.n_nationkey)","Rows Removed by Index Recheck": 0,"Exact Heap Blocks": 182,"Lossy Heap Blocks": 0,"Plans": [{"Node Type": "Bitmap Index Scan","Parent Relationship": "Outer","Parallel Aware": false,"Async Capable": false,"Index Name": "idx_supplier_nation_key","Startup Cost": 0.00,"Total Cost": 7.29,"Plan Rows": 400,"Plan Width": 0,"Actual Startup Time": 0.135,"Actual Total Time": 0.142,"Actual Rows": 411,"Actual Loops": 1,"Index Cond": "(s_nationkey = nation.n_nationkey)"}]}]},{"Node Type": "Hash","Parent Relationship": "Inner","Parallel Aware": false,"Async Capable": false,"Startup Cost": 88158.53,"Total Cost": 88158.53,"Plan Rows": 2694,"Plan Width": 4,"Actual Startup Time": 892.160,"Actual Total Time": 892.168,"Actual Rows": 5939,"Actual Loops": 1,"Hash Buckets": 8192,"Original Hash Buckets": 4096,"Hash Batches": 1,"Original Hash Batches": 1,"Peak Memory Usage": 273,"Plans": [{"Node Type": "Nested Loop","Parent Relationship": "Outer","Parallel Aware": false,"Async Capable": false,"Join Type": "Inner","Startup Cost": 0.42,"Total Cost": 88158.53,"Plan Rows": 2694,"Plan Width": 4,"Actual Startup Time": 0.487,"Actual Total Time": 887.750,"Actual Rows": 5939,"Actual Loops": 1,"Inner Unique": false,"Plans": [{"Node Type": "Seq Scan","Parent Relationship": "Outer","Parallel Aware": false,"Async Capable": false,"Relation Name": "part","Alias": "part","Startup Cost": 0.00,"Total Cost": 6597.00,"Plan Rows": 2020,"Plan Width": 4,"Actual Startup Time": 0.070,"Actual Total Time": 195.311,"Actual Rows": 2178,"Actual Loops": 1,"Filter": "((p_name)::text ~~ 'sandy%'::text)","Rows Removed by Filter": 197822},{"Node Type": "Index Scan","Parent Relationship": "Inner","Parallel Aware": false,"Async Capable": false,"Scan Direction": "Forward","Index Name": "idx_partsupp_partkey","Relation Name": "partsupp","Alias": "partsupp","Startup Cost": 0.42,"Total Cost": 40.36,"Plan Rows": 1,"Plan Width": 8,"Actual Startup Time": 0.133,"Actual Total Time": 0.317,"Actual Rows": 3,"Actual Loops": 2178,"Index Cond": "(ps_partkey = part.p_partkey)","Rows Removed by Index Recheck": 0,"Filter": "((ps_availqty)::numeric > (SubPlan 1))","Rows Removed by Filter": 1,"Plans": [{"Node Type": "Aggregate","Strategy": "Plain","Partial Mode": "Simple","Parent Relationship": "SubPlan","Subplan Name": "SubPlan 1","Parallel Aware": false,"Async Capable": false,"Startup Cost": 8.46,"Total Cost": 8.47,"Plan Rows": 1,"Plan Width": 32,"Actual Startup Time": 0.071,"Actual Total Time": 0.071,"Actual Rows": 1,"Actual Loops": 8712,"Plans": [{"Node Type": "Index Scan","Parent Relationship": "Outer","Parallel Aware": false,"Async Capable": false,"Scan Direction": "Forward","Index Name": "idx_lineitem_part_supp","Relation Name": "lineitem","Alias": "lineitem","Startup Cost": 0.43,"Total Cost": 8.46,"Plan Rows": 0,"Plan Width": 5,"Actual Startup Time": 0.043,"Actual Total Time": 0.070,"Actual Rows": 1,"Actual Loops": 8712,"Index Cond": "((l_partkey = partsupp.ps_partkey) AND (l_suppkey = partsupp.ps_suppkey))","Rows Removed by Index Recheck": 0,"Filter": "((l_shipdate >= '1997-01-01'::date) AND (l_shipdate < '1998-01-01 00:00:00'::timestamp without time zone))","Rows Removed by Filter": 6}]}]}]}]}]}]},"Planning Time": 5.961,"Triggers": [],"Execution Time": 896.820}]
[{"Plan": {"Node Type": "Sort","Parallel Aware": false,"Async Capable": false,"Startup Cost": 88442.96,"Total Cost": 88443.23,"Plan Rows": 108,"Plan Width": 51,"Actual Startup Time": 912.283,"Actual Total Time": 912.317,"Actual Rows": 184,"Actual Loops": 1,"Sort Key": ["supplier.s_name"],"Sort Method": "quicksort","Sort Space Used": 41,"Sort Space Type": "Memory","Plans": [{"Node Type": "Hash Join","Parent Relationship": "Outer","Parallel Aware": false,"Async Capable": false,"Join Type": "Semi","Startup Cost": 88199.59,"Total Cost": 88439.31,"Plan Rows": 108,"Plan Width": 51,"Actual Startup Time": 907.865,"Actual Total Time": 911.937,"Actual Rows": 184,"Actual Loops": 1,"Inner Unique": false,"Hash Cond": "(supplier.s_suppkey = partsupp.ps_suppkey)","Plans": [{"Node Type": "Nested Loop","Parent Relationship": "Outer","Parallel Aware": false,"Async Capable": false,"Join Type": "Inner","Startup Cost": 7.38,"Total Cost": 244.58,"Plan Rows": 400,"Plan Width": 55,"Actual Startup Time": 0.279,"Actual Total Time": 4.261,"Actual Rows": 401,"Actual Loops": 1,"Inner Unique": false,"Plans": [{"Node Type": "Seq Scan","Parent Relationship": "Outer","Parallel Aware": false,"Async Capable": false,"Relation Name": "nation","Alias": "nation","Startup Cost": 0.00,"Total Cost": 1.31,"Plan Rows": 1,"Plan Width": 4,"Actual Startup Time": 0.069,"Actual Total Time": 0.088,"Actual Rows": 1,"Actual Loops": 1,"Filter": "(n_name = 'RUSSIA'::bpchar)","Rows Removed by Filter": 24},{"Node Type": "Bitmap Heap Scan","Parent Relationship": "Inner","Parallel Aware": false,"Async Capable": false,"Relation Name": "supplier","Alias": "supplier","Startup Cost": 7.38,"Total Cost": 239.27,"Plan Rows": 400,"Plan Width": 59,"Actual Startup Time": 0.202,"Actual Total Time": 4.103,"Actual Rows": 401,"Actual Loops": 1,"Recheck Cond": "(s_nationkey = nation.n_nationkey)","Rows Removed by Index Recheck": 0,"Exact Heap Blocks": 180,"Lossy Heap Blocks": 0,"Plans": [{"Node Type": "Bitmap Index Scan","Parent Relationship": "Outer","Parallel Aware": false,"Async Capable": false,"Index Name": "idx_supplier_nation_key","Startup Cost": 0.00,"Total Cost": 7.29,"Plan Rows": 400,"Plan Width": 0,"Actual Startup Time": 0.139,"Actual Total Time": 0.144,"Actual Rows": 401,"Actual Loops": 1,"Index Cond": "(s_nationkey = nation.n_nationkey)"}]}]},{"Node Type": "Hash","Parent Relationship": "Inner","Parallel Aware": false,"Async Capable": false,"Startup Cost": 88158.53,"Total Cost": 88158.53,"Plan Rows": 2694,"Plan Width": 4,"Actual Startup Time": 907.501,"Actual Total Time": 907.508,"Actual Rows": 5973,"Actual Loops": 1,"Hash Buckets": 8192,"Original Hash Buckets": 4096,"Hash Batches": 1,"Original Hash Batches": 1,"Peak Memory Usage": 274,"Plans": [{"Node Type": "Nested Loop","Parent Relationship": "Outer","Parallel Aware": false,"Async Capable": false,"Join Type": "Inner","Startup Cost": 0.42,"Total Cost": 88158.53,"Plan Rows": 2694,"Plan Width": 4,"Actual Startup Time": 0.865,"Actual Total Time": 902.718,"Actual Rows": 5973,"Actual Loops": 1,"Inner Unique": false,"Plans": [{"Node Type": "Seq Scan","Parent Relationship": "Outer","Parallel Aware": false,"Async Capable": false,"Relation Name": "part","Alias": "part","Startup Cost": 0.00,"Total Cost": 6597.00,"Plan Rows": 2020,"Plan Width": 4,"Actual Startup Time": 0.057,"Actual Total Time": 202.789,"Actual Rows": 2190,"Actual Loops": 1,"Filter": "((p_name)::text ~~ 'beige%'::text)","Rows Removed by Filter": 197810},{"Node Type": "Index Scan","Parent Relationship": "Inner","Parallel Aware": false,"Async Capable": false,"Scan Direction": "Forward","Index Name": "idx_partsupp_partkey","Relation Name": "partsupp","Alias": "partsupp","Startup Cost": 0.42,"Total Cost": 40.36,"Plan Rows": 1,"Plan Width": 8,"Actual Startup Time": 0.135,"Actual Total Time": 0.319,"Actual Rows": 3,"Actual Loops": 2190,"Index Cond": "(ps_partkey = part.p_partkey)","Rows Removed by Index Recheck": 0,"Filter": "((ps_availqty)::numeric > (SubPlan 1))","Rows Removed by Filter": 1,"Plans": [{"Node Type": "Aggregate","Strategy": "Plain","Partial Mode": "Simple","Parent Relationship": "SubPlan","Subplan Name": "SubPlan 1","Parallel Aware": false,"Async Capable": false,"Startup Cost": 8.46,"Total Cost": 8.47,"Plan Rows": 1,"Plan Width": 32,"Actual Startup Time": 0.071,"Actual Total Time": 0.071,"Actual Rows": 1,"Actual Loops": 8760,"Plans": [{"Node Type": "Index Scan","Parent Relationship": "Outer","Parallel Aware": false,"Async Capable": false,"Scan Direction": "Forward","Index Name": "idx_lineitem_part_supp","Relation Name": "lineitem","Alias": "lineitem","Startup Cost": 0.43,"Total Cost": 8.46,"Plan Rows": 0,"Plan Width": 5,"Actual Startup Time": 0.044,"Actual Total Time": 0.071,"Actual Rows": 1,"Actual Loops": 8760,"Index Cond": "((l_partkey = partsupp.ps_partkey) AND (l_suppkey = partsupp.ps_suppkey))","Rows Removed by Index Recheck": 0,"Filter": "((l_shipdate >= '1995-01-01'::date) AND (l_shipdate < '1996-01-01 00:00:00'::timestamp without time zone))","Rows Removed by Filter": 6}]}]}]}]}]}]},"Planning Time": 5.411,"Triggers": [],"Execution Time": 912.553}]
[{"Plan": {"Node Type": "Sort","Parallel Aware": false,"Async Capable": false,"Startup Cost": 88442.96,"Total Cost": 88443.23,"Plan Rows": 108,"Plan Width": 51,"Actual Startup Time": 974.456,"Actual Total Time": 974.494,"Actual Rows": 193,"Actual Loops": 1,"Sort Key": ["supplier.s_name"],"Sort Method": "quicksort","Sort Space Used": 43,"Sort Space Type": "Memory","Plans": [{"Node Type": "Hash Join","Parent Relationship": "Outer","Parallel Aware": false,"Async Capable": false,"Join Type": "Semi","Startup Cost": 88199.59,"Total Cost": 88439.31,"Plan Rows": 108,"Plan Width": 51,"Actual Startup Time": 970.148,"Actual Total Time": 974.128,"Actual Rows": 193,"Actual Loops": 1,"Inner Unique": false,"Hash Cond": "(supplier.s_suppkey = partsupp.ps_suppkey)","Plans": [{"Node Type": "Nested Loop","Parent Relationship": "Outer","Parallel Aware": false,"Async Capable": false,"Join Type": "Inner","Startup Cost": 7.38,"Total Cost": 244.58,"Plan Rows": 400,"Plan Width": 55,"Actual Startup Time": 0.279,"Actual Total Time": 4.179,"Actual Rows": 411,"Actual Loops": 1,"Inner Unique": false,"Plans": [{"Node Type": "Seq Scan","Parent Relationship": "Outer","Parallel Aware": false,"Async Capable": false,"Relation Name": "nation","Alias": "nation","Startup Cost": 0.00,"Total Cost": 1.31,"Plan Rows": 1,"Plan Width": 4,"Actual Startup Time": 0.073,"Actual Total Time": 0.093,"Actual Rows": 1,"Actual Loops": 1,"Filter": "(n_name = 'SAUDI ARABIA'::bpchar)","Rows Removed by Filter": 24},{"Node Type": "Bitmap Heap Scan","Parent Relationship": "Inner","Parallel Aware": false,"Async Capable": false,"Relation Name": "supplier","Alias": "supplier","Startup Cost": 7.38,"Total Cost": 239.27,"Plan Rows": 400,"Plan Width": 59,"Actual Startup Time": 0.202,"Actual Total Time": 4.019,"Actual Rows": 411,"Actual Loops": 1,"Recheck Cond": "(s_nationkey = nation.n_nationkey)","Rows Removed by Index Recheck": 0,"Exact Heap Blocks": 182,"Lossy Heap Blocks": 0,"Plans": [{"Node Type": "Bitmap Index Scan","Parent Relationship": "Outer","Parallel Aware": false,"Async Capable": false,"Index Name": "idx_supplier_nation_key","Startup Cost": 0.00,"Total Cost": 7.29,"Plan Rows": 400,"Plan Width": 0,"Actual Startup Time": 0.132,"Actual Total Time": 0.134,"Actual Rows": 411,"Actual Loops": 1,"Index Cond": "(s_nationkey = nation.n_nationkey)"}]}]},{"Node Type": "Hash","Parent Relationship": "Inner","Parallel Aware": false,"Async Capable": false,"Startup Cost": 88158.53,"Total Cost": 88158.53,"Plan Rows": 2694,"Plan Width": 4,"Actual Startup Time": 969.797,"Actual Total Time": 969.809,"Actual Rows": 5950,"Actual Loops": 1,"Hash Buckets": 8192,"Original Hash Buckets": 4096,"Hash Batches": 1,"Original Hash Batches": 1,"Peak Memory Usage": 274,"Plans": [{"Node Type": "Nested Loop","Parent Relationship": "Outer","Parallel Aware": false,"Async Capable": false,"Join Type": "Inner","Startup Cost": 0.42,"Total Cost": 88158.53,"Plan Rows": 2694,"Plan Width": 4,"Actual Startup Time": 0.480,"Actual Total Time": 965.618,"Actual Rows": 5950,"Actual Loops": 1,"Inner Unique": false,"Plans": [{"Node Type": "Seq Scan","Parent Relationship": "Outer","Parallel Aware": false,"Async Capable": false,"Relation Name": "part","Alias": "part","Startup Cost": 0.00,"Total Cost": 6597.00,"Plan Rows": 2020,"Plan Width": 4,"Actual Startup Time": 0.182,"Actual Total Time": 180.174,"Actual Rows": 2186,"Actual Loops": 1,"Filter": "((p_name)::text ~~ 'floral%'::text)","Rows Removed by Filter": 197814},{"Node Type": "Index Scan","Parent Relationship": "Inner","Parallel Aware": false,"Async Capable": false,"Scan Direction": "Forward","Index Name": "idx_partsupp_partkey","Relation Name": "partsupp","Alias": "partsupp","Startup Cost": 0.42,"Total Cost": 40.36,"Plan Rows": 1,"Plan Width": 8,"Actual Startup Time": 0.151,"Actual Total Time": 0.359,"Actual Rows": 3,"Actual Loops": 2186,"Index Cond": "(ps_partkey = part.p_partkey)","Rows Removed by Index Recheck": 0,"Filter": "((ps_availqty)::numeric > (SubPlan 1))","Rows Removed by Filter": 1,"Plans": [{"Node Type": "Aggregate","Strategy": "Plain","Partial Mode": "Simple","Parent Relationship": "SubPlan","Subplan Name": "SubPlan 1","Parallel Aware": false,"Async Capable": false,"Startup Cost": 8.46,"Total Cost": 8.47,"Plan Rows": 1,"Plan Width": 32,"Actual Startup Time": 0.082,"Actual Total Time": 0.082,"Actual Rows": 1,"Actual Loops": 8744,"Plans": [{"Node Type": "Index Scan","Parent Relationship": "Outer","Parallel Aware": false,"Async Capable": false,"Scan Direction": "Forward","Index Name": "idx_lineitem_part_supp","Relation Name": "lineitem","Alias": "lineitem","Startup Cost": 0.43,"Total Cost": 8.46,"Plan Rows": 0,"Plan Width": 5,"Actual Startup Time": 0.049,"Actual Total Time": 0.081,"Actual Rows": 1,"Actual Loops": 8744,"Index Cond": "((l_partkey = partsupp.ps_partkey) AND (l_suppkey = partsupp.ps_suppkey))","Rows Removed by Index Recheck": 0,"Filter": "((l_shipdate >= '1995-01-01'::date) AND (l_shipdate < '1996-01-01 00:00:00'::timestamp without time zone))","Rows Removed by Filter": 6}]}]}]}]}]}]},"Planning Time": 6.555,"Triggers": [],"Execution Time": 974.746}]
[{"Plan": {"Node Type": "Sort","Parallel Aware": false,"Async Capable": false,"Startup Cost": 88442.96,"Total Cost": 88443.23,"Plan Rows": 108,"Plan Width": 51,"Actual Startup Time": 966.209,"Actual Total Time": 966.251,"Actual Rows": 167,"Actual Loops": 1,"Sort Key": ["supplier.s_name"],"Sort Method": "quicksort","Sort Space Used": 40,"Sort Space Type": "Memory","Plans": [{"Node Type": "Hash Join","Parent Relationship": "Outer","Parallel Aware": false,"Async Capable": false,"Join Type": "Semi","Startup Cost": 88199.59,"Total Cost": 88439.31,"Plan Rows": 108,"Plan Width": 51,"Actual Startup Time": 961.838,"Actual Total Time": 965.920,"Actual Rows": 167,"Actual Loops": 1,"Inner Unique": false,"Hash Cond": "(supplier.s_suppkey = partsupp.ps_suppkey)","Plans": [{"Node Type": "Nested Loop","Parent Relationship": "Outer","Parallel Aware": false,"Async Capable": false,"Join Type": "Inner","Startup Cost": 7.38,"Total Cost": 244.58,"Plan Rows": 400,"Plan Width": 55,"Actual Startup Time": 0.275,"Actual Total Time": 4.245,"Actual Rows": 407,"Actual Loops": 1,"Inner Unique": false,"Plans": [{"Node Type": "Seq Scan","Parent Relationship": "Outer","Parallel Aware": false,"Async Capable": false,"Relation Name": "nation","Alias": "nation","Startup Cost": 0.00,"Total Cost": 1.31,"Plan Rows": 1,"Plan Width": 4,"Actual Startup Time": 0.074,"Actual Total Time": 0.096,"Actual Rows": 1,"Actual Loops": 1,"Filter": "(n_name = 'CHINA'::bpchar)","Rows Removed by Filter": 24},{"Node Type": "Bitmap Heap Scan","Parent Relationship": "Inner","Parallel Aware": false,"Async Capable": false,"Relation Name": "supplier","Alias": "supplier","Startup Cost": 7.38,"Total Cost": 239.27,"Plan Rows": 400,"Plan Width": 59,"Actual Startup Time": 0.194,"Actual Total Time": 4.076,"Actual Rows": 407,"Actual Loops": 1,"Recheck Cond": "(s_nationkey = nation.n_nationkey)","Rows Removed by Index Recheck": 0,"Exact Heap Blocks": 186,"Lossy Heap Blocks": 0,"Plans": [{"Node Type": "Bitmap Index Scan","Parent Relationship": "Outer","Parallel Aware": false,"Async Capable": false,"Index Name": "idx_supplier_nation_key","Startup Cost": 0.00,"Total Cost": 7.29,"Plan Rows": 400,"Plan Width": 0,"Actual Startup Time": 0.134,"Actual Total Time": 0.140,"Actual Rows": 407,"Actual Loops": 1,"Index Cond": "(s_nationkey = nation.n_nationkey)"}]}]},{"Node Type": "Hash","Parent Relationship": "Inner","Parallel Aware": false,"Async Capable": false,"Startup Cost": 88158.53,"Total Cost": 88158.53,"Plan Rows": 2694,"Plan Width": 4,"Actual Startup Time": 961.503,"Actual Total Time": 961.517,"Actual Rows": 5923,"Actual Loops": 1,"Hash Buckets": 8192,"Original Hash Buckets": 4096,"Hash Batches": 1,"Original Hash Batches": 1,"Peak Memory Usage": 273,"Plans": [{"Node Type": "Nested Loop","Parent Relationship": "Outer","Parallel Aware": false,"Async Capable": false,"Join Type": "Inner","Startup Cost": 0.42,"Total Cost": 88158.53,"Plan Rows": 2694,"Plan Width": 4,"Actual Startup Time": 0.611,"Actual Total Time": 957.213,"Actual Rows": 5923,"Actual Loops": 1,"Inner Unique": false,"Plans": [{"Node Type": "Seq Scan","Parent Relationship": "Outer","Parallel Aware": false,"Async Capable": false,"Relation Name": "part","Alias": "part","Startup Cost": 0.00,"Total Cost": 6597.00,"Plan Rows": 2020,"Plan Width": 4,"Actual Startup Time": 0.051,"Actual Total Time": 179.842,"Actual Rows": 2170,"Actual Loops": 1,"Filter": "((p_name)::text ~~ 'cream%'::text)","Rows Removed by Filter": 197830},{"Node Type": "Index Scan","Parent Relationship": "Inner","Parallel Aware": false,"Async Capable": false,"Scan Direction": "Forward","Index Name": "idx_partsupp_partkey","Relation Name": "partsupp","Alias": "partsupp","Startup Cost": 0.42,"Total Cost": 40.36,"Plan Rows": 1,"Plan Width": 8,"Actual Startup Time": 0.151,"Actual Total Time": 0.358,"Actual Rows": 3,"Actual Loops": 2170,"Index Cond": "(ps_partkey = part.p_partkey)","Rows Removed by Index Recheck": 0,"Filter": "((ps_availqty)::numeric > (SubPlan 1))","Rows Removed by Filter": 1,"Plans": [{"Node Type": "Aggregate","Strategy": "Plain","Partial Mode": "Simple","Parent Relationship": "SubPlan","Subplan Name": "SubPlan 1","Parallel Aware": false,"Async Capable": false,"Startup Cost": 8.46,"Total Cost": 8.47,"Plan Rows": 1,"Plan Width": 32,"Actual Startup Time": 0.081,"Actual Total Time": 0.081,"Actual Rows": 1,"Actual Loops": 8680,"Plans": [{"Node Type": "Index Scan","Parent Relationship": "Outer","Parallel Aware": false,"Async Capable": false,"Scan Direction": "Forward","Index Name": "idx_lineitem_part_supp","Relation Name": "lineitem","Alias": "lineitem","Startup Cost": 0.43,"Total Cost": 8.46,"Plan Rows": 0,"Plan Width": 5,"Actual Startup Time": 0.049,"Actual Total Time": 0.080,"Actual Rows": 1,"Actual Loops": 8680,"Index Cond": "((l_partkey = partsupp.ps_partkey) AND (l_suppkey = partsupp.ps_suppkey))","Rows Removed by Index Recheck": 0,"Filter": "((l_shipdate >= '1993-01-01'::date) AND (l_shipdate < '1994-01-01 00:00:00'::timestamp without time zone))","Rows Removed by Filter": 6}]}]}]}]}]}]},"Planning Time": 6.222,"Triggers": [],"Execution Time": 966.513}]
[{"Plan": {"Node Type": "Sort","Parallel Aware": false,"Async Capable": false,"Startup Cost": 88442.96,"Total Cost": 88443.23,"Plan Rows": 108,"Plan Width": 51,"Actual Startup Time": 970.113,"Actual Total Time": 970.153,"Actual Rows": 193,"Actual Loops": 1,"Sort Key": ["supplier.s_name"],"Sort Method": "quicksort","Sort Space Used": 42,"Sort Space Type": "Memory","Plans": [{"Node Type": "Hash Join","Parent Relationship": "Outer","Parallel Aware": false,"Async Capable": false,"Join Type": "Semi","Startup Cost": 88199.59,"Total Cost": 88439.31,"Plan Rows": 108,"Plan Width": 51,"Actual Startup Time": 965.891,"Actual Total Time": 969.796,"Actual Rows": 193,"Actual Loops": 1,"Inner Unique": false,"Hash Cond": "(supplier.s_suppkey = partsupp.ps_suppkey)","Plans": [{"Node Type": "Nested Loop","Parent Relationship": "Outer","Parallel Aware": false,"Async Capable": false,"Join Type": "Inner","Startup Cost": 7.38,"Total Cost": 244.58,"Plan Rows": 400,"Plan Width": 55,"Actual Startup Time": 0.311,"Actual Total Time": 4.144,"Actual Rows": 401,"Actual Loops": 1,"Inner Unique": false,"Plans": [{"Node Type": "Seq Scan","Parent Relationship": "Outer","Parallel Aware": false,"Async Capable": false,"Relation Name": "nation","Alias": "nation","Startup Cost": 0.00,"Total Cost": 1.31,"Plan Rows": 1,"Plan Width": 4,"Actual Startup Time": 0.115,"Actual Total Time": 0.135,"Actual Rows": 1,"Actual Loops": 1,"Filter": "(n_name = 'RUSSIA'::bpchar)","Rows Removed by Filter": 24},{"Node Type": "Bitmap Heap Scan","Parent Relationship": "Inner","Parallel Aware": false,"Async Capable": false,"Relation Name": "supplier","Alias": "supplier","Startup Cost": 7.38,"Total Cost": 239.27,"Plan Rows": 400,"Plan Width": 59,"Actual Startup Time": 0.192,"Actual Total Time": 3.948,"Actual Rows": 401,"Actual Loops": 1,"Recheck Cond": "(s_nationkey = nation.n_nationkey)","Rows Removed by Index Recheck": 0,"Exact Heap Blocks": 180,"Lossy Heap Blocks": 0,"Plans": [{"Node Type": "Bitmap Index Scan","Parent Relationship": "Outer","Parallel Aware": false,"Async Capable": false,"Index Name": "idx_supplier_nation_key","Startup Cost": 0.00,"Total Cost": 7.29,"Plan Rows": 400,"Plan Width": 0,"Actual Startup Time": 0.131,"Actual Total Time": 0.134,"Actual Rows": 401,"Actual Loops": 1,"Index Cond": "(s_nationkey = nation.n_nationkey)"}]}]},{"Node Type": "Hash","Parent Relationship": "Inner","Parallel Aware": false,"Async Capable": false,"Startup Cost": 88158.53,"Total Cost": 88158.53,"Plan Rows": 2694,"Plan Width": 4,"Actual Startup Time": 965.494,"Actual Total Time": 965.505,"Actual Rows": 5879,"Actual Loops": 1,"Hash Buckets": 8192,"Original Hash Buckets": 4096,"Hash Batches": 1,"Original Hash Batches": 1,"Peak Memory Usage": 271,"Plans": [{"Node Type": "Nested Loop","Parent Relationship": "Outer","Parallel Aware": false,"Async Capable": false,"Join Type": "Inner","Startup Cost": 0.42,"Total Cost": 88158.53,"Plan Rows": 2694,"Plan Width": 4,"Actual Startup Time": 1.428,"Actual Total Time": 961.561,"Actual Rows": 5879,"Actual Loops": 1,"Inner Unique": false,"Plans": [{"Node Type": "Seq Scan","Parent Relationship": "Outer","Parallel Aware": false,"Async Capable": false,"Relation Name": "part","Alias": "part","Startup Cost": 0.00,"Total Cost": 6597.00,"Plan Rows": 2020,"Plan Width": 4,"Actual Startup Time": 0.052,"Actual Total Time": 178.925,"Actual Rows": 2168,"Actual Loops": 1,"Filter": "((p_name)::text ~~ 'indian%'::text)","Rows Removed by Filter": 197832},{"Node Type": "Index Scan","Parent Relationship": "Inner","Parallel Aware": false,"Async Capable": false,"Scan Direction": "Forward","Index Name": "idx_partsupp_partkey","Relation Name": "partsupp","Alias": "partsupp","Startup Cost": 0.42,"Total Cost": 40.36,"Plan Rows": 1,"Plan Width": 8,"Actual Startup Time": 0.152,"Actual Total Time": 0.360,"Actual Rows": 3,"Actual Loops": 2168,"Index Cond": "(ps_partkey = part.p_partkey)","Rows Removed by Index Recheck": 0,"Filter": "((ps_availqty)::numeric > (SubPlan 1))","Rows Removed by Filter": 1,"Plans": [{"Node Type": "Aggregate","Strategy": "Plain","Partial Mode": "Simple","Parent Relationship": "SubPlan","Subplan Name": "SubPlan 1","Parallel Aware": false,"Async Capable": false,"Startup Cost": 8.46,"Total Cost": 8.47,"Plan Rows": 1,"Plan Width": 32,"Actual Startup Time": 0.082,"Actual Total Time": 0.082,"Actual Rows": 1,"Actual Loops": 8672,"Plans": [{"Node Type": "Index Scan","Parent Relationship": "Outer","Parallel Aware": false,"Async Capable": false,"Scan Direction": "Forward","Index Name": "idx_lineitem_part_supp","Relation Name": "lineitem","Alias": "lineitem","Startup Cost": 0.43,"Total Cost": 8.46,"Plan Rows": 0,"Plan Width": 5,"Actual Startup Time": 0.050,"Actual Total Time": 0.081,"Actual Rows": 1,"Actual Loops": 8672,"Index Cond": "((l_partkey = partsupp.ps_partkey) AND (l_suppkey = partsupp.ps_suppkey))","Rows Removed by Index Recheck": 0,"Filter": "((l_shipdate >= '1994-01-01'::date) AND (l_shipdate < '1995-01-01 00:00:00'::timestamp without time zone))","Rows Removed by Filter": 6}]}]}]}]}]}]},"Planning Time": 5.899,"Triggers": [],"Execution Time": 970.455}]
[{"Plan": {"Node Type": "Sort","Parallel Aware": false,"Async Capable": false,"Startup Cost": 165280.99,"Total Cost": 165281.52,"Plan Rows": 215,"Plan Width": 51,"Actual Startup Time": 918.983,"Actual Total Time": 919.026,"Actual Rows": 194,"Actual Loops": 1,"Sort Key": ["supplier.s_name"],"Sort Method": "quicksort","Sort Space Used": 43,"Sort Space Type": "Memory","Plans": [{"Node Type": "Hash Join","Parent Relationship": "Outer","Parallel Aware": false,"Async Capable": false,"Join Type": "Semi","Startup Cost": 165030.68,"Total Cost": 165272.66,"Plan Rows": 215,"Plan Width": 51,"Actual Startup Time": 914.159,"Actual Total Time": 918.593,"Actual Rows": 194,"Actual Loops": 1,"Inner Unique": false,"Hash Cond": "(supplier.s_suppkey = partsupp.ps_suppkey)","Plans": [{"Node Type": "Nested Loop","Parent Relationship": "Outer","Parallel Aware": false,"Async Capable": false,"Join Type": "Inner","Startup Cost": 7.38,"Total Cost": 244.58,"Plan Rows": 400,"Plan Width": 55,"Actual Startup Time": 0.292,"Actual Total Time": 4.090,"Actual Rows": 415,"Actual Loops": 1,"Inner Unique": false,"Plans": [{"Node Type": "Seq Scan","Parent Relationship": "Outer","Parallel Aware": false,"Async Capable": false,"Relation Name": "nation","Alias": "nation","Startup Cost": 0.00,"Total Cost": 1.31,"Plan Rows": 1,"Plan Width": 4,"Actual Startup Time": 0.077,"Actual Total Time": 0.109,"Actual Rows": 1,"Actual Loops": 1,"Filter": "(n_name = 'EGYPT'::bpchar)","Rows Removed by Filter": 24},{"Node Type": "Bitmap Heap Scan","Parent Relationship": "Inner","Parallel Aware": false,"Async Capable": false,"Relation Name": "supplier","Alias": "supplier","Startup Cost": 7.38,"Total Cost": 239.27,"Plan Rows": 400,"Plan Width": 59,"Actual Startup Time": 0.205,"Actual Total Time": 3.901,"Actual Rows": 415,"Actual Loops": 1,"Recheck Cond": "(s_nationkey = nation.n_nationkey)","Rows Removed by Index Recheck": 0,"Exact Heap Blocks": 183,"Lossy Heap Blocks": 0,"Plans": [{"Node Type": "Bitmap Index Scan","Parent Relationship": "Outer","Parallel Aware": false,"Async Capable": false,"Index Name": "idx_supplier_nation_key","Startup Cost": 0.00,"Total Cost": 7.29,"Plan Rows": 400,"Plan Width": 0,"Actual Startup Time": 0.127,"Actual Total Time": 0.131,"Actual Rows": 415,"Actual Loops": 1,"Index Cond": "(s_nationkey = nation.n_nationkey)"}]}]},{"Node Type": "Hash","Parent Relationship": "Inner","Parallel Aware": false,"Async Capable": false,"Startup Cost": 164955.96,"Total Cost": 164955.96,"Plan Rows": 5387,"Plan Width": 4,"Actual Startup Time": 913.751,"Actual Total Time": 913.762,"Actual Rows": 6084,"Actual Loops": 1,"Hash Buckets": 8192,"Original Hash Buckets": 8192,"Hash Batches": 1,"Original Hash Batches": 1,"Peak Memory Usage": 278,"Plans": [{"Node Type": "Nested Loop","Parent Relationship": "Outer","Parallel Aware": false,"Async Capable": false,"Join Type": "Inner","Startup Cost": 0.42,"Total Cost": 164955.96,"Plan Rows": 5387,"Plan Width": 4,"Actual Startup Time": 1.036,"Actual Total Time": 906.969,"Actual Rows": 6084,"Actual Loops": 1,"Inner Unique": false,"Plans": [{"Node Type": "Seq Scan","Parent Relationship": "Outer","Parallel Aware": false,"Async Capable": false,"Relation Name": "part","Alias": "part","Startup Cost": 0.00,"Total Cost": 6597.00,"Plan Rows": 4040,"Plan Width": 4,"Actual Startup Time": 0.174,"Actual Total Time": 196.550,"Actual Rows": 2228,"Actual Loops": 1,"Filter": "((p_name)::text ~~ 'dim%'::text)","Rows Removed by Filter": 197772},{"Node Type": "Index Scan","Parent Relationship": "Inner","Parallel Aware": false,"Async Capable": false,"Scan Direction": "Forward","Index Name": "idx_partsupp_partkey","Relation Name": "partsupp","Alias": "partsupp","Startup Cost": 0.42,"Total Cost": 39.18,"Plan Rows": 1,"Plan Width": 8,"Actual Startup Time": 0.134,"Actual Total Time": 0.318,"Actual Rows": 3,"Actual Loops": 2228,"Index Cond": "(ps_partkey = part.p_partkey)","Rows Removed by Index Recheck": 0,"Filter": "((ps_availqty)::numeric > (SubPlan 1))","Rows Removed by Filter": 1,"Plans": [{"Node Type": "Aggregate","Strategy": "Plain","Partial Mode": "Simple","Parent Relationship": "SubPlan","Subplan Name": "SubPlan 1","Parallel Aware": false,"Async Capable": false,"Startup Cost": 8.46,"Total Cost": 8.47,"Plan Rows": 1,"Plan Width": 32,"Actual Startup Time": 0.071,"Actual Total Time": 0.071,"Actual Rows": 1,"Actual Loops": 8912,"Plans": [{"Node Type": "Index Scan","Parent Relationship": "Outer","Parallel Aware": false,"Async Capable": false,"Scan Direction": "Forward","Index Name": "idx_lineitem_part_supp","Relation Name": "lineitem","Alias": "lineitem","Startup Cost": 0.43,"Total Cost": 8.46,"Plan Rows": 0,"Plan Width": 5,"Actual Startup Time": 0.043,"Actual Total Time": 0.070,"Actual Rows": 1,"Actual Loops": 8912,"Index Cond": "((l_partkey = partsupp.ps_partkey) AND (l_suppkey = partsupp.ps_suppkey))","Rows Removed by Index Recheck": 0,"Filter": "((l_shipdate >= '1997-01-01'::date) AND (l_shipdate < '1998-01-01 00:00:00'::timestamp without time zone))","Rows Removed by Filter": 6}]}]}]}]}]}]},"Planning Time": 5.986,"Triggers": [],"Execution Time": 919.303}]
[{"Plan": {"Node Type": "Sort","Parallel Aware": false,"Async Capable": false,"Startup Cost": 88442.96,"Total Cost": 88443.23,"Plan Rows": 108,"Plan Width": 51,"Actual Startup Time": 970.635,"Actual Total Time": 970.668,"Actual Rows": 182,"Actual Loops": 1,"Sort Key": ["supplier.s_name"],"Sort Method": "quicksort","Sort Space Used": 41,"Sort Space Type": "Memory","Plans": [{"Node Type": "Hash Join","Parent Relationship": "Outer","Parallel Aware": false,"Async Capable": false,"Join Type": "Semi","Startup Cost": 88199.59,"Total Cost": 88439.31,"Plan Rows": 108,"Plan Width": 51,"Actual Startup Time": 966.060,"Actual Total Time": 970.327,"Actual Rows": 182,"Actual Loops": 1,"Inner Unique": false,"Hash Cond": "(supplier.s_suppkey = partsupp.ps_suppkey)","Plans": [{"Node Type": "Nested Loop","Parent Relationship": "Outer","Parallel Aware": false,"Async Capable": false,"Join Type": "Inner","Startup Cost": 7.38,"Total Cost": 244.58,"Plan Rows": 400,"Plan Width": 55,"Actual Startup Time": 0.303,"Actual Total Time": 4.463,"Actual Rows": 438,"Actual Loops": 1,"Inner Unique": false,"Plans": [{"Node Type": "Seq Scan","Parent Relationship": "Outer","Parallel Aware": false,"Async Capable": false,"Relation Name": "nation","Alias": "nation","Startup Cost": 0.00,"Total Cost": 1.31,"Plan Rows": 1,"Plan Width": 4,"Actual Startup Time": 0.065,"Actual Total Time": 0.094,"Actual Rows": 1,"Actual Loops": 1,"Filter": "(n_name = 'IRAQ'::bpchar)","Rows Removed by Filter": 24},{"Node Type": "Bitmap Heap Scan","Parent Relationship": "Inner","Parallel Aware": false,"Async Capable": false,"Relation Name": "supplier","Alias": "supplier","Startup Cost": 7.38,"Total Cost": 239.27,"Plan Rows": 400,"Plan Width": 59,"Actual Startup Time": 0.232,"Actual Total Time": 4.296,"Actual Rows": 438,"Actual Loops": 1,"Recheck Cond": "(s_nationkey = nation.n_nationkey)","Rows Removed by Index Recheck": 0,"Exact Heap Blocks": 194,"Lossy Heap Blocks": 0,"Plans": [{"Node Type": "Bitmap Index Scan","Parent Relationship": "Outer","Parallel Aware": false,"Async Capable": false,"Index Name": "idx_supplier_nation_key","Startup Cost": 0.00,"Total Cost": 7.29,"Plan Rows": 400,"Plan Width": 0,"Actual Startup Time": 0.167,"Actual Total Time": 0.173,"Actual Rows": 438,"Actual Loops": 1,"Index Cond": "(s_nationkey = nation.n_nationkey)"}]}]},{"Node Type": "Hash","Parent Relationship": "Inner","Parallel Aware": false,"Async Capable": false,"Startup Cost": 88158.53,"Total Cost": 88158.53,"Plan Rows": 2694,"Plan Width": 4,"Actual Startup Time": 965.685,"Actual Total Time": 965.694,"Actual Rows": 5920,"Actual Loops": 1,"Hash Buckets": 8192,"Original Hash Buckets": 4096,"Hash Batches": 1,"Original Hash Batches": 1,"Peak Memory Usage": 273,"Plans": [{"Node Type": "Nested Loop","Parent Relationship": "Outer","Parallel Aware": false,"Async Capable": false,"Join Type": "Inner","Startup Cost": 0.42,"Total Cost": 88158.53,"Plan Rows": 2694,"Plan Width": 4,"Actual Startup Time": 1.010,"Actual Total Time": 961.344,"Actual Rows": 5920,"Actual Loops": 1,"Inner Unique": false,"Plans": [{"Node Type": "Seq Scan","Parent Relationship": "Outer","Parallel Aware": false,"Async Capable": false,"Relation Name": "part","Alias": "part","Startup Cost": 0.00,"Total Cost": 6597.00,"Plan Rows": 2020,"Plan Width": 4,"Actual Startup Time": 0.242,"Actual Total Time": 179.505,"Actual Rows": 2171,"Actual Loops": 1,"Filter": "((p_name)::text ~~ 'brown%'::text)","Rows Removed by Filter": 197829},{"Node Type": "Index Scan","Parent Relationship": "Inner","Parallel Aware": false,"Async Capable": false,"Scan Direction": "Forward","Index Name": "idx_partsupp_partkey","Relation Name": "partsupp","Alias": "partsupp","Startup Cost": 0.42,"Total Cost": 40.36,"Plan Rows": 1,"Plan Width": 8,"Actual Startup Time": 0.149,"Actual Total Time": 0.360,"Actual Rows": 3,"Actual Loops": 2171,"Index Cond": "(ps_partkey = part.p_partkey)","Rows Removed by Index Recheck": 0,"Filter": "((ps_availqty)::numeric > (SubPlan 1))","Rows Removed by Filter": 1,"Plans": [{"Node Type": "Aggregate","Strategy": "Plain","Partial Mode": "Simple","Parent Relationship": "SubPlan","Subplan Name": "SubPlan 1","Parallel Aware": false,"Async Capable": false,"Startup Cost": 8.46,"Total Cost": 8.47,"Plan Rows": 1,"Plan Width": 32,"Actual Startup Time": 0.082,"Actual Total Time": 0.082,"Actual Rows": 1,"Actual Loops": 8684,"Plans": [{"Node Type": "Index Scan","Parent Relationship": "Outer","Parallel Aware": false,"Async Capable": false,"Scan Direction": "Forward","Index Name": "idx_lineitem_part_supp","Relation Name": "lineitem","Alias": "lineitem","Startup Cost": 0.43,"Total Cost": 8.46,"Plan Rows": 0,"Plan Width": 5,"Actual Startup Time": 0.049,"Actual Total Time": 0.081,"Actual Rows": 1,"Actual Loops": 8684,"Index Cond": "((l_partkey = partsupp.ps_partkey) AND (l_suppkey = partsupp.ps_suppkey))","Rows Removed by Index Recheck": 0,"Filter": "((l_shipdate >= '1997-01-01'::date) AND (l_shipdate < '1998-01-01 00:00:00'::timestamp without time zone))","Rows Removed by Filter": 6}]}]}]}]}]}]},"Planning Time": 7.569,"Triggers": [],"Execution Time": 970.939}]
[{"Plan": {"Node Type": "Sort","Parallel Aware": false,"Async Capable": false,"Startup Cost": 88442.96,"Total Cost": 88443.23,"Plan Rows": 108,"Plan Width": 51,"Actual Startup Time": 912.433,"Actual Total Time": 912.467,"Actual Rows": 175,"Actual Loops": 1,"Sort Key": ["supplier.s_name"],"Sort Method": "quicksort","Sort Space Used": 41,"Sort Space Type": "Memory","Plans": [{"Node Type": "Hash Join","Parent Relationship": "Outer","Parallel Aware": false,"Async Capable": false,"Join Type": "Semi","Startup Cost": 88199.59,"Total Cost": 88439.31,"Plan Rows": 108,"Plan Width": 51,"Actual Startup Time": 908.201,"Actual Total Time": 912.107,"Actual Rows": 175,"Actual Loops": 1,"Inner Unique": false,"Hash Cond": "(supplier.s_suppkey = partsupp.ps_suppkey)","Plans": [{"Node Type": "Nested Loop","Parent Relationship": "Outer","Parallel Aware": false,"Async Capable": false,"Join Type": "Inner","Startup Cost": 7.38,"Total Cost": 244.58,"Plan Rows": 400,"Plan Width": 55,"Actual Startup Time": 0.253,"Actual Total Time": 4.033,"Actual Rows": 402,"Actual Loops": 1,"Inner Unique": false,"Plans": [{"Node Type": "Seq Scan","Parent Relationship": "Outer","Parallel Aware": false,"Async Capable": false,"Relation Name": "nation","Alias": "nation","Startup Cost": 0.00,"Total Cost": 1.31,"Plan Rows": 1,"Plan Width": 4,"Actual Startup Time": 0.070,"Actual Total Time": 0.088,"Actual Rows": 1,"Actual Loops": 1,"Filter": "(n_name = 'FRANCE'::bpchar)","Rows Removed by Filter": 24},{"Node Type": "Bitmap Heap Scan","Parent Relationship": "Inner","Parallel Aware": false,"Async Capable": false,"Relation Name": "supplier","Alias": "supplier","Startup Cost": 7.38,"Total Cost": 239.27,"Plan Rows": 400,"Plan Width": 59,"Actual Startup Time": 0.174,"Actual Total Time": 3.881,"Actual Rows": 402,"Actual Loops": 1,"Recheck Cond": "(s_nationkey = nation.n_nationkey)","Rows Removed by Index Recheck": 0,"Exact Heap Blocks": 184,"Lossy Heap Blocks": 0,"Plans": [{"Node Type": "Bitmap Index Scan","Parent Relationship": "Outer","Parallel Aware": false,"Async Capable": false,"Index Name": "idx_supplier_nation_key","Startup Cost": 0.00,"Total Cost": 7.29,"Plan Rows": 400,"Plan Width": 0,"Actual Startup Time": 0.103,"Actual Total Time": 0.109,"Actual Rows": 402,"Actual Loops": 1,"Index Cond": "(s_nationkey = nation.n_nationkey)"}]}]},{"Node Type": "Hash","Parent Relationship": "Inner","Parallel Aware": false,"Async Capable": false,"Startup Cost": 88158.53,"Total Cost": 88158.53,"Plan Rows": 2694,"Plan Width": 4,"Actual Startup Time": 907.885,"Actual Total Time": 907.892,"Actual Rows": 5990,"Actual Loops": 1,"Hash Buckets": 8192,"Original Hash Buckets": 4096,"Hash Batches": 1,"Original Hash Batches": 1,"Peak Memory Usage": 275,"Plans": [{"Node Type": "Nested Loop","Parent Relationship": "Outer","Parallel Aware": false,"Async Capable": false,"Join Type": "Inner","Startup Cost": 0.42,"Total Cost": 88158.53,"Plan Rows": 2694,"Plan Width": 4,"Actual Startup Time": 0.869,"Actual Total Time": 902.822,"Actual Rows": 5990,"Actual Loops": 1,"Inner Unique": false,"Plans": [{"Node Type": "Seq Scan","Parent Relationship": "Outer","Parallel Aware": false,"Async Capable": false,"Relation Name": "part","Alias": "part","Startup Cost": 0.00,"Total Cost": 6597.00,"Plan Rows": 2020,"Plan Width": 4,"Actual Startup Time": 0.194,"Actual Total Time": 196.361,"Actual Rows": 2204,"Actual Loops": 1,"Filter": "((p_name)::text ~~ 'orange%'::text)","Rows Removed by Filter": 197796},{"Node Type": "Index Scan","Parent Relationship": "Inner","Parallel Aware": false,"Async Capable": false,"Scan Direction": "Forward","Index Name": "idx_partsupp_partkey","Relation Name": "partsupp","Alias": "partsupp","Startup Cost": 0.42,"Total Cost": 40.36,"Plan Rows": 1,"Plan Width": 8,"Actual Startup Time": 0.134,"Actual Total Time": 0.320,"Actual Rows": 3,"Actual Loops": 2204,"Index Cond": "(ps_partkey = part.p_partkey)","Rows Removed by Index Recheck": 0,"Filter": "((ps_availqty)::numeric > (SubPlan 1))","Rows Removed by Filter": 1,"Plans": [{"Node Type": "Aggregate","Strategy": "Plain","Partial Mode": "Simple","Parent Relationship": "SubPlan","Subplan Name": "SubPlan 1","Parallel Aware": false,"Async Capable": false,"Startup Cost": 8.46,"Total Cost": 8.47,"Plan Rows": 1,"Plan Width": 32,"Actual Startup Time": 0.072,"Actual Total Time": 0.072,"Actual Rows": 1,"Actual Loops": 8816,"Plans": [{"Node Type": "Index Scan","Parent Relationship": "Outer","Parallel Aware": false,"Async Capable": false,"Scan Direction": "Forward","Index Name": "idx_lineitem_part_supp","Relation Name": "lineitem","Alias": "lineitem","Startup Cost": 0.43,"Total Cost": 8.46,"Plan Rows": 0,"Plan Width": 5,"Actual Startup Time": 0.044,"Actual Total Time": 0.071,"Actual Rows": 1,"Actual Loops": 8816,"Index Cond": "((l_partkey = partsupp.ps_partkey) AND (l_suppkey = partsupp.ps_suppkey))","Rows Removed by Index Recheck": 0,"Filter": "((l_shipdate >= '1997-01-01'::date) AND (l_shipdate < '1998-01-01 00:00:00'::timestamp without time zone))","Rows Removed by Filter": 6}]}]}]}]}]}]},"Planning Time": 5.782,"Triggers": [],"Execution Time": 912.715}]
[{"Plan": {"Node Type": "Sort","Parallel Aware": false,"Async Capable": false,"Startup Cost": 88442.96,"Total Cost": 88443.23,"Plan Rows": 108,"Plan Width": 51,"Actual Startup Time": 986.919,"Actual Total Time": 986.955,"Actual Rows": 190,"Actual Loops": 1,"Sort Key": ["supplier.s_name"],"Sort Method": "quicksort","Sort Space Used": 42,"Sort Space Type": "Memory","Plans": [{"Node Type": "Hash Join","Parent Relationship": "Outer","Parallel Aware": false,"Async Capable": false,"Join Type": "Semi","Startup Cost": 88199.59,"Total Cost": 88439.31,"Plan Rows": 108,"Plan Width": 51,"Actual Startup Time": 981.917,"Actual Total Time": 986.423,"Actual Rows": 190,"Actual Loops": 1,"Inner Unique": false,"Hash Cond": "(supplier.s_suppkey = partsupp.ps_suppkey)","Plans": [{"Node Type": "Nested Loop","Parent Relationship": "Outer","Parallel Aware": false,"Async Capable": false,"Join Type": "Inner","Startup Cost": 7.38,"Total Cost": 244.58,"Plan Rows": 400,"Plan Width": 55,"Actual Startup Time": 0.299,"Actual Total Time": 4.724,"Actual Rows": 406,"Actual Loops": 1,"Inner Unique": false,"Plans": [{"Node Type": "Seq Scan","Parent Relationship": "Outer","Parallel Aware": false,"Async Capable": false,"Relation Name": "nation","Alias": "nation","Startup Cost": 0.00,"Total Cost": 1.31,"Plan Rows": 1,"Plan Width": 4,"Actual Startup Time": 0.079,"Actual Total Time": 0.105,"Actual Rows": 1,"Actual Loops": 1,"Filter": "(n_name = 'MOZAMBIQUE'::bpchar)","Rows Removed by Filter": 24},{"Node Type": "Bitmap Heap Scan","Parent Relationship": "Inner","Parallel Aware": false,"Async Capable": false,"Relation Name": "supplier","Alias": "supplier","Startup Cost": 7.38,"Total Cost": 239.27,"Plan Rows": 400,"Plan Width": 59,"Actual Startup Time": 0.217,"Actual Total Time": 4.553,"Actual Rows": 406,"Actual Loops": 1,"Recheck Cond": "(s_nationkey = nation.n_nationkey)","Rows Removed by Index Recheck": 0,"Exact Heap Blocks": 186,"Lossy Heap Blocks": 0,"Plans": [{"Node Type": "Bitmap Index Scan","Parent Relationship": "Outer","Parallel Aware": false,"Async Capable": false,"Index Name": "idx_supplier_nation_key","Startup Cost": 0.00,"Total Cost": 7.29,"Plan Rows": 400,"Plan Width": 0,"Actual Startup Time": 0.137,"Actual Total Time": 0.141,"Actual Rows": 406,"Actual Loops": 1,"Index Cond": "(s_nationkey = nation.n_nationkey)"}]}]},{"Node Type": "Hash","Parent Relationship": "Inner","Parallel Aware": false,"Async Capable": false,"Startup Cost": 88158.53,"Total Cost": 88158.53,"Plan Rows": 2694,"Plan Width": 4,"Actual Startup Time": 981.535,"Actual Total Time": 981.542,"Actual Rows": 6064,"Actual Loops": 1,"Hash Buckets": 8192,"Original Hash Buckets": 4096,"Hash Batches": 1,"Original Hash Batches": 1,"Peak Memory Usage": 278,"Plans": [{"Node Type": "Nested Loop","Parent Relationship": "Outer","Parallel Aware": false,"Async Capable": false,"Join Type": "Inner","Startup Cost": 0.42,"Total Cost": 88158.53,"Plan Rows": 2694,"Plan Width": 4,"Actual Startup Time": 1.087,"Actual Total Time": 977.140,"Actual Rows": 6064,"Actual Loops": 1,"Inner Unique": false,"Plans": [{"Node Type": "Seq Scan","Parent Relationship": "Outer","Parallel Aware": false,"Async Capable": false,"Relation Name": "part","Alias": "part","Startup Cost": 0.00,"Total Cost": 6597.00,"Plan Rows": 2020,"Plan Width": 4,"Actual Startup Time": 0.186,"Actual Total Time": 182.570,"Actual Rows": 2234,"Actual Loops": 1,"Filter": "((p_name)::text ~~ 'cyan%'::text)","Rows Removed by Filter": 197766},{"Node Type": "Index Scan","Parent Relationship": "Inner","Parallel Aware": false,"Async Capable": false,"Scan Direction": "Forward","Index Name": "idx_partsupp_partkey","Relation Name": "partsupp","Alias": "partsupp","Startup Cost": 0.42,"Total Cost": 40.36,"Plan Rows": 1,"Plan Width": 8,"Actual Startup Time": 0.147,"Actual Total Time": 0.355,"Actual Rows": 3,"Actual Loops": 2234,"Index Cond": "(ps_partkey = part.p_partkey)","Rows Removed by Index Recheck": 0,"Filter": "((ps_availqty)::numeric > (SubPlan 1))","Rows Removed by Filter": 1,"Plans": [{"Node Type": "Aggregate","Strategy": "Plain","Partial Mode": "Simple","Parent Relationship": "SubPlan","Subplan Name": "SubPlan 1","Parallel Aware": false,"Async Capable": false,"Startup Cost": 8.46,"Total Cost": 8.47,"Plan Rows": 1,"Plan Width": 32,"Actual Startup Time": 0.081,"Actual Total Time": 0.081,"Actual Rows": 1,"Actual Loops": 8936,"Plans": [{"Node Type": "Index Scan","Parent Relationship": "Outer","Parallel Aware": false,"Async Capable": false,"Scan Direction": "Forward","Index Name": "idx_lineitem_part_supp","Relation Name": "lineitem","Alias": "lineitem","Startup Cost": 0.43,"Total Cost": 8.46,"Plan Rows": 0,"Plan Width": 5,"Actual Startup Time": 0.048,"Actual Total Time": 0.080,"Actual Rows": 1,"Actual Loops": 8936,"Index Cond": "((l_partkey = partsupp.ps_partkey) AND (l_suppkey = partsupp.ps_suppkey))","Rows Removed by Index Recheck": 0,"Filter": "((l_shipdate >= '1995-01-01'::date) AND (l_shipdate < '1996-01-01 00:00:00'::timestamp without time zone))","Rows Removed by Filter": 6}]}]}]}]}]}]},"Planning Time": 6.720,"Triggers": [],"Execution Time": 987.211}]
[{"Plan": {"Node Type": "Sort","Parallel Aware": false,"Async Capable": false,"Startup Cost": 165280.99,"Total Cost": 165281.53,"Plan Rows": 215,"Plan Width": 51,"Actual Startup Time": 930.477,"Actual Total Time": 930.519,"Actual Rows": 192,"Actual Loops": 1,"Sort Key": ["supplier.s_name"],"Sort Method": "quicksort","Sort Space Used": 42,"Sort Space Type": "Memory","Plans": [{"Node Type": "Hash Join","Parent Relationship": "Outer","Parallel Aware": false,"Async Capable": false,"Join Type": "Semi","Startup Cost": 165030.68,"Total Cost": 165272.66,"Plan Rows": 215,"Plan Width": 51,"Actual Startup Time": 925.599,"Actual Total Time": 930.136,"Actual Rows": 192,"Actual Loops": 1,"Inner Unique": false,"Hash Cond": "(supplier.s_suppkey = partsupp.ps_suppkey)","Plans": [{"Node Type": "Nested Loop","Parent Relationship": "Outer","Parallel Aware": false,"Async Capable": false,"Join Type": "Inner","Startup Cost": 7.38,"Total Cost": 244.58,"Plan Rows": 400,"Plan Width": 55,"Actual Startup Time": 0.265,"Actual Total Time": 4.245,"Actual Rows": 396,"Actual Loops": 1,"Inner Unique": false,"Plans": [{"Node Type": "Seq Scan","Parent Relationship": "Outer","Parallel Aware": false,"Async Capable": false,"Relation Name": "nation","Alias": "nation","Startup Cost": 0.00,"Total Cost": 1.31,"Plan Rows": 1,"Plan Width": 4,"Actual Startup Time": 0.076,"Actual Total Time": 0.103,"Actual Rows": 1,"Actual Loops": 1,"Filter": "(n_name = 'GERMANY'::bpchar)","Rows Removed by Filter": 24},{"Node Type": "Bitmap Heap Scan","Parent Relationship": "Inner","Parallel Aware": false,"Async Capable": false,"Relation Name": "supplier","Alias": "supplier","Startup Cost": 7.38,"Total Cost": 239.27,"Plan Rows": 400,"Plan Width": 59,"Actual Startup Time": 0.180,"Actual Total Time": 4.068,"Actual Rows": 396,"Actual Loops": 1,"Recheck Cond": "(s_nationkey = nation.n_nationkey)","Rows Removed by Index Recheck": 0,"Exact Heap Blocks": 191,"Lossy Heap Blocks": 0,"Plans": [{"Node Type": "Bitmap Index Scan","Parent Relationship": "Outer","Parallel Aware": false,"Async Capable": false,"Index Name": "idx_supplier_nation_key","Startup Cost": 0.00,"Total Cost": 7.29,"Plan Rows": 400,"Plan Width": 0,"Actual Startup Time": 0.101,"Actual Total Time": 0.107,"Actual Rows": 396,"Actual Loops": 1,"Index Cond": "(s_nationkey = nation.n_nationkey)"}]}]},{"Node Type": "Hash","Parent Relationship": "Inner","Parallel Aware": false,"Async Capable": false,"Startup Cost": 164955.96,"Total Cost": 164955.96,"Plan Rows": 5387,"Plan Width": 4,"Actual Startup Time": 925.210,"Actual Total Time": 925.221,"Actual Rows": 6087,"Actual Loops": 1,"Hash Buckets": 8192,"Original Hash Buckets": 8192,"Hash Batches": 1,"Original Hash Batches": 1,"Peak Memory Usage": 278,"Plans": [{"Node Type": "Nested Loop","Parent Relationship": "Outer","Parallel Aware": false,"Async Capable": false,"Join Type": "Inner","Startup Cost": 0.42,"Total Cost": 164955.96,"Plan Rows": 5387,"Plan Width": 4,"Actual Startup Time": 0.629,"Actual Total Time": 918.380,"Actual Rows": 6087,"Actual Loops": 1,"Inner Unique": false,"Plans": [{"Node Type": "Seq Scan","Parent Relationship": "Outer","Parallel Aware": false,"Async Capable": false,"Relation Name": "part","Alias": "part","Startup Cost": 0.00,"Total Cost": 6597.00,"Plan Rows": 4040,"Plan Width": 4,"Actual Startup Time": 0.168,"Actual Total Time": 204.712,"Actual Rows": 2228,"Actual Loops": 1,"Filter": "((p_name)::text ~~ 'dim%'::text)","Rows Removed by Filter": 197772},{"Node Type": "Index Scan","Parent Relationship": "Inner","Parallel Aware": false,"Async Capable": false,"Scan Direction": "Forward","Index Name": "idx_partsupp_partkey","Relation Name": "partsupp","Alias": "partsupp","Startup Cost": 0.42,"Total Cost": 39.18,"Plan Rows": 1,"Plan Width": 8,"Actual Startup Time": 0.136,"Actual Total Time": 0.320,"Actual Rows": 3,"Actual Loops": 2228,"Index Cond": "(ps_partkey = part.p_partkey)","Rows Removed by Index Recheck": 0,"Filter": "((ps_availqty)::numeric > (SubPlan 1))","Rows Removed by Filter": 1,"Plans": [{"Node Type": "Aggregate","Strategy": "Plain","Partial Mode": "Simple","Parent Relationship": "SubPlan","Subplan Name": "SubPlan 1","Parallel Aware": false,"Async Capable": false,"Startup Cost": 8.46,"Total Cost": 8.47,"Plan Rows": 1,"Plan Width": 32,"Actual Startup Time": 0.072,"Actual Total Time": 0.072,"Actual Rows": 1,"Actual Loops": 8912,"Plans": [{"Node Type": "Index Scan","Parent Relationship": "Outer","Parallel Aware": false,"Async Capable": false,"Scan Direction": "Forward","Index Name": "idx_lineitem_part_supp","Relation Name": "lineitem","Alias": "lineitem","Startup Cost": 0.43,"Total Cost": 8.46,"Plan Rows": 0,"Plan Width": 5,"Actual Startup Time": 0.044,"Actual Total Time": 0.071,"Actual Rows": 1,"Actual Loops": 8912,"Index Cond": "((l_partkey = partsupp.ps_partkey) AND (l_suppkey = partsupp.ps_suppkey))","Rows Removed by Index Recheck": 0,"Filter": "((l_shipdate >= '1995-01-01'::date) AND (l_shipdate < '1996-01-01 00:00:00'::timestamp without time zone))","Rows Removed by Filter": 6}]}]}]}]}]}]},"Planning Time": 6.127,"Triggers": [],"Execution Time": 930.792}]
[{"Plan": {"Node Type": "Sort","Parallel Aware": false,"Async Capable": false,"Startup Cost": 88442.96,"Total Cost": 88443.23,"Plan Rows": 108,"Plan Width": 51,"Actual Startup Time": 916.169,"Actual Total Time": 916.208,"Actual Rows": 184,"Actual Loops": 1,"Sort Key": ["supplier.s_name"],"Sort Method": "quicksort","Sort Space Used": 42,"Sort Space Type": "Memory","Plans": [{"Node Type": "Hash Join","Parent Relationship": "Outer","Parallel Aware": false,"Async Capable": false,"Join Type": "Semi","Startup Cost": 88199.59,"Total Cost": 88439.31,"Plan Rows": 108,"Plan Width": 51,"Actual Startup Time": 912.009,"Actual Total Time": 915.834,"Actual Rows": 184,"Actual Loops": 1,"Inner Unique": false,"Hash Cond": "(supplier.s_suppkey = partsupp.ps_suppkey)","Plans": [{"Node Type": "Nested Loop","Parent Relationship": "Outer","Parallel Aware": false,"Async Capable": false,"Join Type": "Inner","Startup Cost": 7.38,"Total Cost": 244.58,"Plan Rows": 400,"Plan Width": 55,"Actual Startup Time": 0.268,"Actual Total Time": 4.056,"Actual Rows": 415,"Actual Loops": 1,"Inner Unique": false,"Plans": [{"Node Type": "Seq Scan","Parent Relationship": "Outer","Parallel Aware": false,"Async Capable": false,"Relation Name": "nation","Alias": "nation","Startup Cost": 0.00,"Total Cost": 1.31,"Plan Rows": 1,"Plan Width": 4,"Actual Startup Time": 0.068,"Actual Total Time": 0.094,"Actual Rows": 1,"Actual Loops": 1,"Filter": "(n_name = 'EGYPT'::bpchar)","Rows Removed by Filter": 24},{"Node Type": "Bitmap Heap Scan","Parent Relationship": "Inner","Parallel Aware": false,"Async Capable": false,"Relation Name": "supplier","Alias": "supplier","Startup Cost": 7.38,"Total Cost": 239.27,"Plan Rows": 400,"Plan Width": 59,"Actual Startup Time": 0.194,"Actual Total Time": 3.894,"Actual Rows": 415,"Actual Loops": 1,"Recheck Cond": "(s_nationkey = nation.n_nationkey)","Rows Removed by Index Recheck": 0,"Exact Heap Blocks": 183,"Lossy Heap Blocks": 0,"Plans": [{"Node Type": "Bitmap Index Scan","Parent Relationship": "Outer","Parallel Aware": false,"Async Capable": false,"Index Name": "idx_supplier_nation_key","Startup Cost": 0.00,"Total Cost": 7.29,"Plan Rows": 400,"Plan Width": 0,"Actual Startup Time": 0.120,"Actual Total Time": 0.124,"Actual Rows": 415,"Actual Loops": 1,"Index Cond": "(s_nationkey = nation.n_nationkey)"}]}]},{"Node Type": "Hash","Parent Relationship": "Inner","Parallel Aware": false,"Async Capable": false,"Startup Cost": 88158.53,"Total Cost": 88158.53,"Plan Rows": 2694,"Plan Width": 4,"Actual Startup Time": 911.626,"Actual Total Time": 911.636,"Actual Rows": 5956,"Actual Loops": 1,"Hash Buckets": 8192,"Original Hash Buckets": 4096,"Hash Batches": 1,"Original Hash Batches": 1,"Peak Memory Usage": 274,"Plans": [{"Node Type": "Nested Loop","Parent Relationship": "Outer","Parallel Aware": false,"Async Capable": false,"Join Type": "Inner","Startup Cost": 0.42,"Total Cost": 88158.53,"Plan Rows": 2694,"Plan Width": 4,"Actual Startup Time": 1.008,"Actual Total Time": 906.468,"Actual Rows": 5956,"Actual Loops": 1,"Inner Unique": false,"Plans": [{"Node Type": "Seq Scan","Parent Relationship": "Outer","Parallel Aware": false,"Async Capable": false,"Relation Name": "part","Alias": "part","Startup Cost": 0.00,"Total Cost": 6597.00,"Plan Rows": 2020,"Plan Width": 4,"Actual Startup Time": 0.073,"Actual Total Time": 201.062,"Actual Rows": 2205,"Actual Loops": 1,"Filter": "((p_name)::text ~~ 'rose%'::text)","Rows Removed by Filter": 197795},{"Node Type": "Index Scan","Parent Relationship": "Inner","Parallel Aware": false,"Async Capable": false,"Scan Direction": "Forward","Index Name": "idx_partsupp_partkey","Relation Name": "partsupp","Alias": "partsupp","Startup Cost": 0.42,"Total Cost": 40.36,"Plan Rows": 1,"Plan Width": 8,"Actual Startup Time": 0.135,"Actual Total Time": 0.319,"Actual Rows": 3,"Actual Loops": 2205,"Index Cond": "(ps_partkey = part.p_partkey)","Rows Removed by Index Recheck": 0,"Filter": "((ps_availqty)::numeric > (SubPlan 1))","Rows Removed by Filter": 1,"Plans": [{"Node Type": "Aggregate","Strategy": "Plain","Partial Mode": "Simple","Parent Relationship": "SubPlan","Subplan Name": "SubPlan 1","Parallel Aware": false,"Async Capable": false,"Startup Cost": 8.46,"Total Cost": 8.47,"Plan Rows": 1,"Plan Width": 32,"Actual Startup Time": 0.072,"Actual Total Time": 0.072,"Actual Rows": 1,"Actual Loops": 8820,"Plans": [{"Node Type": "Index Scan","Parent Relationship": "Outer","Parallel Aware": false,"Async Capable": false,"Scan Direction": "Forward","Index Name": "idx_lineitem_part_supp","Relation Name": "lineitem","Alias": "lineitem","Startup Cost": 0.43,"Total Cost": 8.46,"Plan Rows": 0,"Plan Width": 5,"Actual Startup Time": 0.044,"Actual Total Time": 0.071,"Actual Rows": 1,"Actual Loops": 8820,"Index Cond": "((l_partkey = partsupp.ps_partkey) AND (l_suppkey = partsupp.ps_suppkey))","Rows Removed by Index Recheck": 0,"Filter": "((l_shipdate >= '1997-01-01'::date) AND (l_shipdate < '1998-01-01 00:00:00'::timestamp without time zone))","Rows Removed by Filter": 6}]}]}]}]}]}]},"Planning Time": 5.912,"Triggers": [],"Execution Time": 916.455}]
[{"Plan": {"Node Type": "Sort","Parallel Aware": false,"Async Capable": false,"Startup Cost": 88442.96,"Total Cost": 88443.23,"Plan Rows": 108,"Plan Width": 51,"Actual Startup Time": 975.536,"Actual Total Time": 975.582,"Actual Rows": 174,"Actual Loops": 1,"Sort Key": ["supplier.s_name"],"Sort Method": "quicksort","Sort Space Used": 41,"Sort Space Type": "Memory","Plans": [{"Node Type": "Hash Join","Parent Relationship": "Outer","Parallel Aware": false,"Async Capable": false,"Join Type": "Semi","Startup Cost": 88199.59,"Total Cost": 88439.31,"Plan Rows": 108,"Plan Width": 51,"Actual Startup Time": 971.383,"Actual Total Time": 975.252,"Actual Rows": 174,"Actual Loops": 1,"Inner Unique": false,"Hash Cond": "(supplier.s_suppkey = partsupp.ps_suppkey)","Plans": [{"Node Type": "Nested Loop","Parent Relationship": "Outer","Parallel Aware": false,"Async Capable": false,"Join Type": "Inner","Startup Cost": 7.38,"Total Cost": 244.58,"Plan Rows": 400,"Plan Width": 55,"Actual Startup Time": 0.290,"Actual Total Time": 4.013,"Actual Rows": 377,"Actual Loops": 1,"Inner Unique": false,"Plans": [{"Node Type": "Seq Scan","Parent Relationship": "Outer","Parallel Aware": false,"Async Capable": false,"Relation Name": "nation","Alias": "nation","Startup Cost": 0.00,"Total Cost": 1.31,"Plan Rows": 1,"Plan Width": 4,"Actual Startup Time": 0.073,"Actual Total Time": 0.103,"Actual Rows": 1,"Actual Loops": 1,"Filter": "(n_name = 'JAPAN'::bpchar)","Rows Removed by Filter": 24},{"Node Type": "Bitmap Heap Scan","Parent Relationship": "Inner","Parallel Aware": false,"Async Capable": false,"Relation Name": "supplier","Alias": "supplier","Startup Cost": 7.38,"Total Cost": 239.27,"Plan Rows": 400,"Plan Width": 59,"Actual Startup Time": 0.206,"Actual Total Time": 3.831,"Actual Rows": 377,"Actual Loops": 1,"Recheck Cond": "(s_nationkey = nation.n_nationkey)","Rows Removed by Index Recheck": 0,"Exact Heap Blocks": 180,"Lossy Heap Blocks": 0,"Plans": [{"Node Type": "Bitmap Index Scan","Parent Relationship": "Outer","Parallel Aware": false,"Async Capable": false,"Index Name": "idx_supplier_nation_key","Startup Cost": 0.00,"Total Cost": 7.29,"Plan Rows": 400,"Plan Width": 0,"Actual Startup Time": 0.129,"Actual Total Time": 0.133,"Actual Rows": 377,"Actual Loops": 1,"Index Cond": "(s_nationkey = nation.n_nationkey)"}]}]},{"Node Type": "Hash","Parent Relationship": "Inner","Parallel Aware": false,"Async Capable": false,"Startup Cost": 88158.53,"Total Cost": 88158.53,"Plan Rows": 2694,"Plan Width": 4,"Actual Startup Time": 970.998,"Actual Total Time": 971.012,"Actual Rows": 5876,"Actual Loops": 1,"Hash Buckets": 8192,"Original Hash Buckets": 4096,"Hash Batches": 1,"Original Hash Batches": 1,"Peak Memory Usage": 271,"Plans": [{"Node Type": "Nested Loop","Parent Relationship": "Outer","Parallel Aware": false,"Async Capable": false,"Join Type": "Inner","Startup Cost": 0.42,"Total Cost": 88158.53,"Plan Rows": 2694,"Plan Width": 4,"Actual Startup Time": 0.912,"Actual Total Time": 966.840,"Actual Rows": 5876,"Actual Loops": 1,"Inner Unique": false,"Plans": [{"Node Type": "Seq Scan","Parent Relationship": "Outer","Parallel Aware": false,"Async Capable": false,"Relation Name": "part","Alias": "part","Startup Cost": 0.00,"Total Cost": 6597.00,"Plan Rows": 2020,"Plan Width": 4,"Actual Startup Time": 0.187,"Actual Total Time": 182.355,"Actual Rows": 2176,"Actual Loops": 1,"Filter": "((p_name)::text ~~ 'yellow%'::text)","Rows Removed by Filter": 197824},{"Node Type": "Index Scan","Parent Relationship": "Inner","Parallel Aware": false,"Async Capable": false,"Scan Direction": "Forward","Index Name": "idx_partsupp_partkey","Relation Name": "partsupp","Alias": "partsupp","Startup Cost": 0.42,"Total Cost": 40.36,"Plan Rows": 1,"Plan Width": 8,"Actual Startup Time": 0.152,"Actual Total Time": 0.360,"Actual Rows": 3,"Actual Loops": 2176,"Index Cond": "(ps_partkey = part.p_partkey)","Rows Removed by Index Recheck": 0,"Filter": "((ps_availqty)::numeric > (SubPlan 1))","Rows Removed by Filter": 1,"Plans": [{"Node Type": "Aggregate","Strategy": "Plain","Partial Mode": "Simple","Parent Relationship": "SubPlan","Subplan Name": "SubPlan 1","Parallel Aware": false,"Async Capable": false,"Startup Cost": 8.46,"Total Cost": 8.47,"Plan Rows": 1,"Plan Width": 32,"Actual Startup Time": 0.082,"Actual Total Time": 0.082,"Actual Rows": 1,"Actual Loops": 8704,"Plans": [{"Node Type": "Index Scan","Parent Relationship": "Outer","Parallel Aware": false,"Async Capable": false,"Scan Direction": "Forward","Index Name": "idx_lineitem_part_supp","Relation Name": "lineitem","Alias": "lineitem","Startup Cost": 0.43,"Total Cost": 8.46,"Plan Rows": 0,"Plan Width": 5,"Actual Startup Time": 0.050,"Actual Total Time": 0.081,"Actual Rows": 1,"Actual Loops": 8704,"Index Cond": "((l_partkey = partsupp.ps_partkey) AND (l_suppkey = partsupp.ps_suppkey))","Rows Removed by Index Recheck": 0,"Filter": "((l_shipdate >= '1993-01-01'::date) AND (l_shipdate < '1994-01-01 00:00:00'::timestamp without time zone))","Rows Removed by Filter": 6}]}]}]}]}]}]},"Planning Time": 7.029,"Triggers": [],"Execution Time": 975.870}]
[{"Plan": {"Node Type": "Sort","Parallel Aware": false,"Async Capable": false,"Startup Cost": 88442.96,"Total Cost": 88443.23,"Plan Rows": 108,"Plan Width": 51,"Actual Startup Time": 879.622,"Actual Total Time": 879.658,"Actual Rows": 160,"Actual Loops": 1,"Sort Key": ["supplier.s_name"],"Sort Method": "quicksort","Sort Space Used": 39,"Sort Space Type": "Memory","Plans": [{"Node Type": "Hash Join","Parent Relationship": "Outer","Parallel Aware": false,"Async Capable": false,"Join Type": "Semi","Startup Cost": 88199.59,"Total Cost": 88439.31,"Plan Rows": 108,"Plan Width": 51,"Actual Startup Time": 875.512,"Actual Total Time": 879.335,"Actual Rows": 160,"Actual Loops": 1,"Inner Unique": false,"Hash Cond": "(supplier.s_suppkey = partsupp.ps_suppkey)","Plans": [{"Node Type": "Nested Loop","Parent Relationship": "Outer","Parallel Aware": false,"Async Capable": false,"Join Type": "Inner","Startup Cost": 7.38,"Total Cost": 244.58,"Plan Rows": 400,"Plan Width": 55,"Actual Startup Time": 0.319,"Actual Total Time": 4.091,"Actual Rows": 396,"Actual Loops": 1,"Inner Unique": false,"Plans": [{"Node Type": "Seq Scan","Parent Relationship": "Outer","Parallel Aware": false,"Async Capable": false,"Relation Name": "nation","Alias": "nation","Startup Cost": 0.00,"Total Cost": 1.31,"Plan Rows": 1,"Plan Width": 4,"Actual Startup Time": 0.080,"Actual Total Time": 0.104,"Actual Rows": 1,"Actual Loops": 1,"Filter": "(n_name = 'GERMANY'::bpchar)","Rows Removed by Filter": 24},{"Node Type": "Bitmap Heap Scan","Parent Relationship": "Inner","Parallel Aware": false,"Async Capable": false,"Relation Name": "supplier","Alias": "supplier","Startup Cost": 7.38,"Total Cost": 239.27,"Plan Rows": 400,"Plan Width": 59,"Actual Startup Time": 0.233,"Actual Total Time": 3.919,"Actual Rows": 396,"Actual Loops": 1,"Recheck Cond": "(s_nationkey = nation.n_nationkey)","Rows Removed by Index Recheck": 0,"Exact Heap Blocks": 191,"Lossy Heap Blocks": 0,"Plans": [{"Node Type": "Bitmap Index Scan","Parent Relationship": "Outer","Parallel Aware": false,"Async Capable": false,"Index Name": "idx_supplier_nation_key","Startup Cost": 0.00,"Total Cost": 7.29,"Plan Rows": 400,"Plan Width": 0,"Actual Startup Time": 0.136,"Actual Total Time": 0.142,"Actual Rows": 396,"Actual Loops": 1,"Index Cond": "(s_nationkey = nation.n_nationkey)"}]}]},{"Node Type": "Hash","Parent Relationship": "Inner","Parallel Aware": false,"Async Capable": false,"Startup Cost": 88158.53,"Total Cost": 88158.53,"Plan Rows": 2694,"Plan Width": 4,"Actual Startup Time": 875.087,"Actual Total Time": 875.095,"Actual Rows": 5717,"Actual Loops": 1,"Hash Buckets": 8192,"Original Hash Buckets": 4096,"Hash Batches": 1,"Original Hash Batches": 1,"Peak Memory Usage": 265,"Plans": [{"Node Type": "Nested Loop","Parent Relationship": "Outer","Parallel Aware": false,"Async Capable": false,"Join Type": "Inner","Startup Cost": 0.42,"Total Cost": 88158.53,"Plan Rows": 2694,"Plan Width": 4,"Actual Startup Time": 0.656,"Actual Total Time": 870.354,"Actual Rows": 5717,"Actual Loops": 1,"Inner Unique": false,"Plans": [{"Node Type": "Seq Scan","Parent Relationship": "Outer","Parallel Aware": false,"Async Capable": false,"Relation Name": "part","Alias": "part","Startup Cost": 0.00,"Total Cost": 6597.00,"Plan Rows": 2020,"Plan Width": 4,"Actual Startup Time": 0.184,"Actual Total Time": 195.396,"Actual Rows": 2115,"Actual Loops": 1,"Filter": "((p_name)::text ~~ 'dodger%'::text)","Rows Removed by Filter": 197885},{"Node Type": "Index Scan","Parent Relationship": "Inner","Parallel Aware": false,"Async Capable": false,"Scan Direction": "Forward","Index Name": "idx_partsupp_partkey","Relation Name": "partsupp","Alias": "partsupp","Startup Cost": 0.42,"Total Cost": 40.36,"Plan Rows": 1,"Plan Width": 8,"Actual Startup Time": 0.135,"Actual Total Time": 0.319,"Actual Rows": 3,"Actual Loops": 2115,"Index Cond": "(ps_partkey = part.p_partkey)","Rows Removed by Index Recheck": 0,"Filter": "((ps_availqty)::numeric > (SubPlan 1))","Rows Removed by Filter": 1,"Plans": [{"Node Type": "Aggregate","Strategy": "Plain","Partial Mode": "Simple","Parent Relationship": "SubPlan","Subplan Name": "SubPlan 1","Parallel Aware": false,"Async Capable": false,"Startup Cost": 8.46,"Total Cost": 8.47,"Plan Rows": 1,"Plan Width": 32,"Actual Startup Time": 0.071,"Actual Total Time": 0.071,"Actual Rows": 1,"Actual Loops": 8460,"Plans": [{"Node Type": "Index Scan","Parent Relationship": "Outer","Parallel Aware": false,"Async Capable": false,"Scan Direction": "Forward","Index Name": "idx_lineitem_part_supp","Relation Name": "lineitem","Alias": "lineitem","Startup Cost": 0.43,"Total Cost": 8.46,"Plan Rows": 0,"Plan Width": 5,"Actual Startup Time": 0.044,"Actual Total Time": 0.071,"Actual Rows": 1,"Actual Loops": 8460,"Index Cond": "((l_partkey = partsupp.ps_partkey) AND (l_suppkey = partsupp.ps_suppkey))","Rows Removed by Index Recheck": 0,"Filter": "((l_shipdate >= '1997-01-01'::date) AND (l_shipdate < '1998-01-01 00:00:00'::timestamp without time zone))","Rows Removed by Filter": 6}]}]}]}]}]}]},"Planning Time": 7.133,"Triggers": [],"Execution Time": 879.962}]
[{"Plan": {"Node Type": "Sort","Parallel Aware": false,"Async Capable": false,"Startup Cost": 88442.96,"Total Cost": 88443.23,"Plan Rows": 108,"Plan Width": 51,"Actual Startup Time": 912.958,"Actual Total Time": 913.000,"Actual Rows": 178,"Actual Loops": 1,"Sort Key": ["supplier.s_name"],"Sort Method": "quicksort","Sort Space Used": 41,"Sort Space Type": "Memory","Plans": [{"Node Type": "Hash Join","Parent Relationship": "Outer","Parallel Aware": false,"Async Capable": false,"Join Type": "Semi","Startup Cost": 88199.59,"Total Cost": 88439.31,"Plan Rows": 108,"Plan Width": 51,"Actual Startup Time": 908.831,"Actual Total Time": 912.626,"Actual Rows": 178,"Actual Loops": 1,"Inner Unique": false,"Hash Cond": "(supplier.s_suppkey = partsupp.ps_suppkey)","Plans": [{"Node Type": "Nested Loop","Parent Relationship": "Outer","Parallel Aware": false,"Async Capable": false,"Join Type": "Inner","Startup Cost": 7.38,"Total Cost": 244.58,"Plan Rows": 400,"Plan Width": 55,"Actual Startup Time": 0.293,"Actual Total Time": 4.056,"Actual Rows": 401,"Actual Loops": 1,"Inner Unique": false,"Plans": [{"Node Type": "Seq Scan","Parent Relationship": "Outer","Parallel Aware": false,"Async Capable": false,"Relation Name": "nation","Alias": "nation","Startup Cost": 0.00,"Total Cost": 1.31,"Plan Rows": 1,"Plan Width": 4,"Actual Startup Time": 0.064,"Actual Total Time": 0.086,"Actual Rows": 1,"Actual Loops": 1,"Filter": "(n_name = 'RUSSIA'::bpchar)","Rows Removed by Filter": 24},{"Node Type": "Bitmap Heap Scan","Parent Relationship": "Inner","Parallel Aware": false,"Async Capable": false,"Relation Name": "supplier","Alias": "supplier","Startup Cost": 7.38,"Total Cost": 239.27,"Plan Rows": 400,"Plan Width": 59,"Actual Startup Time": 0.219,"Actual Total Time": 3.887,"Actual Rows": 401,"Actual Loops": 1,"Recheck Cond": "(s_nationkey = nation.n_nationkey)","Rows Removed by Index Recheck": 0,"Exact Heap Blocks": 180,"Lossy Heap Blocks": 0,"Plans": [{"Node Type": "Bitmap Index Scan","Parent Relationship": "Outer","Parallel Aware": false,"Async Capable": false,"Index Name": "idx_supplier_nation_key","Startup Cost": 0.00,"Total Cost": 7.29,"Plan Rows": 400,"Plan Width": 0,"Actual Startup Time": 0.148,"Actual Total Time": 0.152,"Actual Rows": 401,"Actual Loops": 1,"Index Cond": "(s_nationkey = nation.n_nationkey)"}]}]},{"Node Type": "Hash","Parent Relationship": "Inner","Parallel Aware": false,"Async Capable": false,"Startup Cost": 88158.53,"Total Cost": 88158.53,"Plan Rows": 2694,"Plan Width": 4,"Actual Startup Time": 908.374,"Actual Total Time": 908.385,"Actual Rows": 5778,"Actual Loops": 1,"Hash Buckets": 8192,"Original Hash Buckets": 4096,"Hash Batches": 1,"Original Hash Batches": 1,"Peak Memory Usage": 268,"Plans": [{"Node Type": "Nested Loop","Parent Relationship": "Outer","Parallel Aware": false,"Async Capable": false,"Join Type": "Inner","Startup Cost": 0.42,"Total Cost": 88158.53,"Plan Rows": 2694,"Plan Width": 4,"Actual Startup Time": 1.118,"Actual Total Time": 903.403,"Actual Rows": 5778,"Actual Loops": 1,"Inner Unique": false,"Plans": [{"Node Type": "Seq Scan","Parent Relationship": "Outer","Parallel Aware": false,"Async Capable": false,"Relation Name": "part","Alias": "part","Startup Cost": 0.00,"Total Cost": 6597.00,"Plan Rows": 2020,"Plan Width": 4,"Actual Startup Time": 0.381,"Actual Total Time": 201.900,"Actual Rows": 2176,"Actual Loops": 1,"Filter": "((p_name)::text ~~ 'sienna%'::text)","Rows Removed by Filter": 197824},{"Node Type": "Index Scan","Parent Relationship": "Inner","Parallel Aware": false,"Async Capable": false,"Scan Direction": "Forward","Index Name": "idx_partsupp_partkey","Relation Name": "partsupp","Alias": "partsupp","Startup Cost": 0.42,"Total Cost": 40.36,"Plan Rows": 1,"Plan Width": 8,"Actual Startup Time": 0.138,"Actual Total Time": 0.322,"Actual Rows": 3,"Actual Loops": 2176,"Index Cond": "(ps_partkey = part.p_partkey)","Rows Removed by Index Recheck": 0,"Filter": "((ps_availqty)::numeric > (SubPlan 1))","Rows Removed by Filter": 1,"Plans": [{"Node Type": "Aggregate","Strategy": "Plain","Partial Mode": "Simple","Parent Relationship": "SubPlan","Subplan Name": "SubPlan 1","Parallel Aware": false,"Async Capable": false,"Startup Cost": 8.46,"Total Cost": 8.47,"Plan Rows": 1,"Plan Width": 32,"Actual Startup Time": 0.072,"Actual Total Time": 0.072,"Actual Rows": 1,"Actual Loops": 8704,"Plans": [{"Node Type": "Index Scan","Parent Relationship": "Outer","Parallel Aware": false,"Async Capable": false,"Scan Direction": "Forward","Index Name": "idx_lineitem_part_supp","Relation Name": "lineitem","Alias": "lineitem","Startup Cost": 0.43,"Total Cost": 8.46,"Plan Rows": 0,"Plan Width": 5,"Actual Startup Time": 0.045,"Actual Total Time": 0.071,"Actual Rows": 1,"Actual Loops": 8704,"Index Cond": "((l_partkey = partsupp.ps_partkey) AND (l_suppkey = partsupp.ps_suppkey))","Rows Removed by Index Recheck": 0,"Filter": "((l_shipdate >= '1994-01-01'::date) AND (l_shipdate < '1995-01-01 00:00:00'::timestamp without time zone))","Rows Removed by Filter": 6}]}]}]}]}]}]},"Planning Time": 6.951,"Triggers": [],"Execution Time": 913.261}]
[{"Plan": {"Node Type": "Sort","Parallel Aware": false,"Async Capable": false,"Startup Cost": 88442.96,"Total Cost": 88443.23,"Plan Rows": 108,"Plan Width": 51,"Actual Startup Time": 915.869,"Actual Total Time": 915.900,"Actual Rows": 165,"Actual Loops": 1,"Sort Key": ["supplier.s_name"],"Sort Method": "quicksort","Sort Space Used": 40,"Sort Space Type": "Memory","Plans": [{"Node Type": "Hash Join","Parent Relationship": "Outer","Parallel Aware": false,"Async Capable": false,"Join Type": "Semi","Startup Cost": 88199.59,"Total Cost": 88439.31,"Plan Rows": 108,"Plan Width": 51,"Actual Startup Time": 911.577,"Actual Total Time": 915.572,"Actual Rows": 165,"Actual Loops": 1,"Inner Unique": false,"Hash Cond": "(supplier.s_suppkey = partsupp.ps_suppkey)","Plans": [{"Node Type": "Nested Loop","Parent Relationship": "Outer","Parallel Aware": false,"Async Capable": false,"Join Type": "Inner","Startup Cost": 7.38,"Total Cost": 244.58,"Plan Rows": 400,"Plan Width": 55,"Actual Startup Time": 0.270,"Actual Total Time": 4.181,"Actual Rows": 390,"Actual Loops": 1,"Inner Unique": false,"Plans": [{"Node Type": "Seq Scan","Parent Relationship": "Outer","Parallel Aware": false,"Async Capable": false,"Relation Name": "nation","Alias": "nation","Startup Cost": 0.00,"Total Cost": 1.31,"Plan Rows": 1,"Plan Width": 4,"Actual Startup Time": 0.072,"Actual Total Time": 0.087,"Actual Rows": 1,"Actual Loops": 1,"Filter": "(n_name = 'UNITED KINGDOM'::bpchar)","Rows Removed by Filter": 24},{"Node Type": "Bitmap Heap Scan","Parent Relationship": "Inner","Parallel Aware": false,"Async Capable": false,"Relation Name": "supplier","Alias": "supplier","Startup Cost": 7.38,"Total Cost": 239.27,"Plan Rows": 400,"Plan Width": 59,"Actual Startup Time": 0.195,"Actual Total Time": 4.020,"Actual Rows": 390,"Actual Loops": 1,"Recheck Cond": "(s_nationkey = nation.n_nationkey)","Rows Removed by Index Recheck": 0,"Exact Heap Blocks": 190,"Lossy Heap Blocks": 0,"Plans": [{"Node Type": "Bitmap Index Scan","Parent Relationship": "Outer","Parallel Aware": false,"Async Capable": false,"Index Name": "idx_supplier_nation_key","Startup Cost": 0.00,"Total Cost": 7.29,"Plan Rows": 400,"Plan Width": 0,"Actual Startup Time": 0.137,"Actual Total Time": 0.140,"Actual Rows": 390,"Actual Loops": 1,"Index Cond": "(s_nationkey = nation.n_nationkey)"}]}]},{"Node Type": "Hash","Parent Relationship": "Inner","Parallel Aware": false,"Async Capable": false,"Startup Cost": 88158.53,"Total Cost": 88158.53,"Plan Rows": 2694,"Plan Width": 4,"Actual Startup Time": 911.245,"Actual Total Time": 911.253,"Actual Rows": 5882,"Actual Loops": 1,"Hash Buckets": 8192,"Original Hash Buckets": 4096,"Hash Batches": 1,"Original Hash Batches": 1,"Peak Memory Usage": 271,"Plans": [{"Node Type": "Nested Loop","Parent Relationship": "Outer","Parallel Aware": false,"Async Capable": false,"Join Type": "Inner","Startup Cost": 0.42,"Total Cost": 88158.53,"Plan Rows": 2694,"Plan Width": 4,"Actual Startup Time": 0.550,"Actual Total Time": 907.187,"Actual Rows": 5882,"Actual Loops": 1,"Inner Unique": false,"Plans": [{"Node Type": "Seq Scan","Parent Relationship": "Outer","Parallel Aware": false,"Async Capable": false,"Relation Name": "part","Alias": "part","Startup Cost": 0.00,"Total Cost": 6597.00,"Plan Rows": 2020,"Plan Width": 4,"Actual Startup Time": 0.156,"Actual Total Time": 203.849,"Actual Rows": 2184,"Actual Loops": 1,"Filter": "((p_name)::text ~~ 'powder%'::text)","Rows Removed by Filter": 197816},{"Node Type": "Index Scan","Parent Relationship": "Inner","Parallel Aware": false,"Async Capable": false,"Scan Direction": "Forward","Index Name": "idx_partsupp_partkey","Relation Name": "partsupp","Alias": "partsupp","Startup Cost": 0.42,"Total Cost": 40.36,"Plan Rows": 1,"Plan Width": 8,"Actual Startup Time": 0.138,"Actual Total Time": 0.322,"Actual Rows": 3,"Actual Loops": 2184,"Index Cond": "(ps_partkey = part.p_partkey)","Rows Removed by Index Recheck": 0,"Filter": "((ps_availqty)::numeric > (SubPlan 1))","Rows Removed by Filter": 1,"Plans": [{"Node Type": "Aggregate","Strategy": "Plain","Partial Mode": "Simple","Parent Relationship": "SubPlan","Subplan Name": "SubPlan 1","Parallel Aware": false,"Async Capable": false,"Startup Cost": 8.46,"Total Cost": 8.47,"Plan Rows": 1,"Plan Width": 32,"Actual Startup Time": 0.072,"Actual Total Time": 0.072,"Actual Rows": 1,"Actual Loops": 8736,"Plans": [{"Node Type": "Index Scan","Parent Relationship": "Outer","Parallel Aware": false,"Async Capable": false,"Scan Direction": "Forward","Index Name": "idx_lineitem_part_supp","Relation Name": "lineitem","Alias": "lineitem","Startup Cost": 0.43,"Total Cost": 8.46,"Plan Rows": 0,"Plan Width": 5,"Actual Startup Time": 0.044,"Actual Total Time": 0.071,"Actual Rows": 1,"Actual Loops": 8736,"Index Cond": "((l_partkey = partsupp.ps_partkey) AND (l_suppkey = partsupp.ps_suppkey))","Rows Removed by Index Recheck": 0,"Filter": "((l_shipdate >= '1996-01-01'::date) AND (l_shipdate < '1997-01-01 00:00:00'::timestamp without time zone))","Rows Removed by Filter": 6}]}]}]}]}]}]},"Planning Time": 7.143,"Triggers": [],"Execution Time": 916.152}]
[{"Plan": {"Node Type": "Sort","Parallel Aware": false,"Async Capable": false,"Startup Cost": 88442.96,"Total Cost": 88443.23,"Plan Rows": 108,"Plan Width": 51,"Actual Startup Time": 964.766,"Actual Total Time": 964.803,"Actual Rows": 182,"Actual Loops": 1,"Sort Key": ["supplier.s_name"],"Sort Method": "quicksort","Sort Space Used": 41,"Sort Space Type": "Memory","Plans": [{"Node Type": "Hash Join","Parent Relationship": "Outer","Parallel Aware": false,"Async Capable": false,"Join Type": "Semi","Startup Cost": 88199.59,"Total Cost": 88439.31,"Plan Rows": 108,"Plan Width": 51,"Actual Startup Time": 960.435,"Actual Total Time": 964.450,"Actual Rows": 182,"Actual Loops": 1,"Inner Unique": false,"Hash Cond": "(supplier.s_suppkey = partsupp.ps_suppkey)","Plans": [{"Node Type": "Nested Loop","Parent Relationship": "Outer","Parallel Aware": false,"Async Capable": false,"Join Type": "Inner","Startup Cost": 7.38,"Total Cost": 244.58,"Plan Rows": 400,"Plan Width": 55,"Actual Startup Time": 0.341,"Actual Total Time": 4.271,"Actual Rows": 412,"Actual Loops": 1,"Inner Unique": false,"Plans": [{"Node Type": "Seq Scan","Parent Relationship": "Outer","Parallel Aware": false,"Async Capable": false,"Relation Name": "nation","Alias": "nation","Startup Cost": 0.00,"Total Cost": 1.31,"Plan Rows": 1,"Plan Width": 4,"Actual Startup Time": 0.085,"Actual Total Time": 0.112,"Actual Rows": 1,"Actual Loops": 1,"Filter": "(n_name = 'CANADA'::bpchar)","Rows Removed by Filter": 24},{"Node Type": "Bitmap Heap Scan","Parent Relationship": "Inner","Parallel Aware": false,"Async Capable": false,"Relation Name": "supplier","Alias": "supplier","Startup Cost": 7.38,"Total Cost": 239.27,"Plan Rows": 400,"Plan Width": 59,"Actual Startup Time": 0.247,"Actual Total Time": 4.063,"Actual Rows": 412,"Actual Loops": 1,"Recheck Cond": "(s_nationkey = nation.n_nationkey)","Rows Removed by Index Recheck": 0,"Exact Heap Blocks": 189,"Lossy Heap Blocks": 0,"Plans": [{"Node Type": "Bitmap Index Scan","Parent Relationship": "Outer","Parallel Aware": false,"Async Capable": false,"Index Name": "idx_supplier_nation_key","Startup Cost": 0.00,"Total Cost": 7.29,"Plan Rows": 400,"Plan Width": 0,"Actual Startup Time": 0.153,"Actual Total Time": 0.156,"Actual Rows": 412,"Actual Loops": 1,"Index Cond": "(s_nationkey = nation.n_nationkey)"}]}]},{"Node Type": "Hash","Parent Relationship": "Inner","Parallel Aware": false,"Async Capable": false,"Startup Cost": 88158.53,"Total Cost": 88158.53,"Plan Rows": 2694,"Plan Width": 4,"Actual Startup Time": 959.978,"Actual Total Time": 959.988,"Actual Rows": 5874,"Actual Loops": 1,"Hash Buckets": 8192,"Original Hash Buckets": 4096,"Hash Batches": 1,"Original Hash Batches": 1,"Peak Memory Usage": 271,"Plans": [{"Node Type": "Nested Loop","Parent Relationship": "Outer","Parallel Aware": false,"Async Capable": false,"Join Type": "Inner","Startup Cost": 0.42,"Total Cost": 88158.53,"Plan Rows": 2694,"Plan Width": 4,"Actual Startup Time": 0.825,"Actual Total Time": 955.889,"Actual Rows": 5874,"Actual Loops": 1,"Inner Unique": false,"Plans": [{"Node Type": "Seq Scan","Parent Relationship": "Outer","Parallel Aware": false,"Async Capable": false,"Relation Name": "part","Alias": "part","Startup Cost": 0.00,"Total Cost": 6597.00,"Plan Rows": 2020,"Plan Width": 4,"Actual Startup Time": 0.319,"Actual Total Time": 180.479,"Actual Rows": 2176,"Actual Loops": 1,"Filter": "((p_name)::text ~~ 'sienna%'::text)","Rows Removed by Filter": 197824},{"Node Type": "Index Scan","Parent Relationship": "Inner","Parallel Aware": false,"Async Capable": false,"Scan Direction": "Forward","Index Name": "idx_partsupp_partkey","Relation Name": "partsupp","Alias": "partsupp","Startup Cost": 0.42,"Total Cost": 40.36,"Plan Rows": 1,"Plan Width": 8,"Actual Startup Time": 0.148,"Actual Total Time": 0.356,"Actual Rows": 3,"Actual Loops": 2176,"Index Cond": "(ps_partkey = part.p_partkey)","Rows Removed by Index Recheck": 0,"Filter": "((ps_availqty)::numeric > (SubPlan 1))","Rows Removed by Filter": 1,"Plans": [{"Node Type": "Aggregate","Strategy": "Plain","Partial Mode": "Simple","Parent Relationship": "SubPlan","Subplan Name": "SubPlan 1","Parallel Aware": false,"Async Capable": false,"Startup Cost": 8.46,"Total Cost": 8.47,"Plan Rows": 1,"Plan Width": 32,"Actual Startup Time": 0.081,"Actual Total Time": 0.081,"Actual Rows": 1,"Actual Loops": 8704,"Plans": [{"Node Type": "Index Scan","Parent Relationship": "Outer","Parallel Aware": false,"Async Capable": false,"Scan Direction": "Forward","Index Name": "idx_lineitem_part_supp","Relation Name": "lineitem","Alias": "lineitem","Startup Cost": 0.43,"Total Cost": 8.46,"Plan Rows": 0,"Plan Width": 5,"Actual Startup Time": 0.049,"Actual Total Time": 0.080,"Actual Rows": 1,"Actual Loops": 8704,"Index Cond": "((l_partkey = partsupp.ps_partkey) AND (l_suppkey = partsupp.ps_suppkey))","Rows Removed by Index Recheck": 0,"Filter": "((l_shipdate >= '1997-01-01'::date) AND (l_shipdate < '1998-01-01 00:00:00'::timestamp without time zone))","Rows Removed by Filter": 6}]}]}]}]}]}]},"Planning Time": 7.021,"Triggers": [],"Execution Time": 965.084}]
[{"Plan": {"Node Type": "Sort","Parallel Aware": false,"Async Capable": false,"Startup Cost": 88442.96,"Total Cost": 88443.23,"Plan Rows": 108,"Plan Width": 51,"Actual Startup Time": 974.009,"Actual Total Time": 974.051,"Actual Rows": 177,"Actual Loops": 1,"Sort Key": ["supplier.s_name"],"Sort Method": "quicksort","Sort Space Used": 41,"Sort Space Type": "Memory","Plans": [{"Node Type": "Hash Join","Parent Relationship": "Outer","Parallel Aware": false,"Async Capable": false,"Join Type": "Semi","Startup Cost": 88199.59,"Total Cost": 88439.31,"Plan Rows": 108,"Plan Width": 51,"Actual Startup Time": 969.770,"Actual Total Time": 973.728,"Actual Rows": 177,"Actual Loops": 1,"Inner Unique": false,"Hash Cond": "(supplier.s_suppkey = partsupp.ps_suppkey)","Plans": [{"Node Type": "Nested Loop","Parent Relationship": "Outer","Parallel Aware": false,"Async Capable": false,"Join Type": "Inner","Startup Cost": 7.38,"Total Cost": 244.58,"Plan Rows": 400,"Plan Width": 55,"Actual Startup Time": 0.302,"Actual Total Time": 4.207,"Actual Rows": 405,"Actual Loops": 1,"Inner Unique": false,"Plans": [{"Node Type": "Seq Scan","Parent Relationship": "Outer","Parallel Aware": false,"Async Capable": false,"Relation Name": "nation","Alias": "nation","Startup Cost": 0.00,"Total Cost": 1.31,"Plan Rows": 1,"Plan Width": 4,"Actual Startup Time": 0.079,"Actual Total Time": 0.111,"Actual Rows": 1,"Actual Loops": 1,"Filter": "(n_name = 'INDONESIA'::bpchar)","Rows Removed by Filter": 24},{"Node Type": "Bitmap Heap Scan","Parent Relationship": "Inner","Parallel Aware": false,"Async Capable": false,"Relation Name": "supplier","Alias": "supplier","Startup Cost": 7.38,"Total Cost": 239.27,"Plan Rows": 400,"Plan Width": 59,"Actual Startup Time": 0.215,"Actual Total Time": 4.024,"Actual Rows": 405,"Actual Loops": 1,"Recheck Cond": "(s_nationkey = nation.n_nationkey)","Rows Removed by Index Recheck": 0,"Exact Heap Blocks": 192,"Lossy Heap Blocks": 0,"Plans": [{"Node Type": "Bitmap Index Scan","Parent Relationship": "Outer","Parallel Aware": false,"Async Capable": false,"Index Name": "idx_supplier_nation_key","Startup Cost": 0.00,"Total Cost": 7.29,"Plan Rows": 400,"Plan Width": 0,"Actual Startup Time": 0.147,"Actual Total Time": 0.151,"Actual Rows": 405,"Actual Loops": 1,"Index Cond": "(s_nationkey = nation.n_nationkey)"}]}]},{"Node Type": "Hash","Parent Relationship": "Inner","Parallel Aware": false,"Async Capable": false,"Startup Cost": 88158.53,"Total Cost": 88158.53,"Plan Rows": 2694,"Plan Width": 4,"Actual Startup Time": 969.377,"Actual Total Time": 969.389,"Actual Rows": 5864,"Actual Loops": 1,"Hash Buckets": 8192,"Original Hash Buckets": 4096,"Hash Batches": 1,"Original Hash Batches": 1,"Peak Memory Usage": 271,"Plans": [{"Node Type": "Nested Loop","Parent Relationship": "Outer","Parallel Aware": false,"Async Capable": false,"Join Type": "Inner","Startup Cost": 0.42,"Total Cost": 88158.53,"Plan Rows": 2694,"Plan Width": 4,"Actual Startup Time": 0.911,"Actual Total Time": 965.197,"Actual Rows": 5864,"Actual Loops": 1,"Inner Unique": false,"Plans": [{"Node Type": "Seq Scan","Parent Relationship": "Outer","Parallel Aware": false,"Async Capable": false,"Relation Name": "part","Alias": "part","Startup Cost": 0.00,"Total Cost": 6597.00,"Plan Rows": 2020,"Plan Width": 4,"Actual Startup Time": 0.135,"Actual Total Time": 179.629,"Actual Rows": 2186,"Actual Loops": 1,"Filter": "((p_name)::text ~~ 'purple%'::text)","Rows Removed by Filter": 197814},{"Node Type": "Index Scan","Parent Relationship": "Inner","Parallel Aware": false,"Async Capable": false,"Scan Direction": "Forward","Index Name": "idx_partsupp_partkey","Relation Name": "partsupp","Alias": "partsupp","Startup Cost": 0.42,"Total Cost": 40.36,"Plan Rows": 1,"Plan Width": 8,"Actual Startup Time": 0.151,"Actual Total Time": 0.359,"Actual Rows": 3,"Actual Loops": 2186,"Index Cond": "(ps_partkey = part.p_partkey)","Rows Removed by Index Recheck": 0,"Filter": "((ps_availqty)::numeric > (SubPlan 1))","Rows Removed by Filter": 1,"Plans": [{"Node Type": "Aggregate","Strategy": "Plain","Partial Mode": "Simple","Parent Relationship": "SubPlan","Subplan Name": "SubPlan 1","Parallel Aware": false,"Async Capable": false,"Startup Cost": 8.46,"Total Cost": 8.47,"Plan Rows": 1,"Plan Width": 32,"Actual Startup Time": 0.082,"Actual Total Time": 0.082,"Actual Rows": 1,"Actual Loops": 8744,"Plans": [{"Node Type": "Index Scan","Parent Relationship": "Outer","Parallel Aware": false,"Async Capable": false,"Scan Direction": "Forward","Index Name": "idx_lineitem_part_supp","Relation Name": "lineitem","Alias": "lineitem","Startup Cost": 0.43,"Total Cost": 8.46,"Plan Rows": 0,"Plan Width": 5,"Actual Startup Time": 0.050,"Actual Total Time": 0.081,"Actual Rows": 1,"Actual Loops": 8744,"Index Cond": "((l_partkey = partsupp.ps_partkey) AND (l_suppkey = partsupp.ps_suppkey))","Rows Removed by Index Recheck": 0,"Filter": "((l_shipdate >= '1997-01-01'::date) AND (l_shipdate < '1998-01-01 00:00:00'::timestamp without time zone))","Rows Removed by Filter": 6}]}]}]}]}]}]},"Planning Time": 6.036,"Triggers": [],"Execution Time": 974.318}]
[{"Plan": {"Node Type": "Sort","Parallel Aware": false,"Async Capable": false,"Startup Cost": 88442.96,"Total Cost": 88443.23,"Plan Rows": 108,"Plan Width": 51,"Actual Startup Time": 889.204,"Actual Total Time": 889.238,"Actual Rows": 172,"Actual Loops": 1,"Sort Key": ["supplier.s_name"],"Sort Method": "quicksort","Sort Space Used": 41,"Sort Space Type": "Memory","Plans": [{"Node Type": "Hash Join","Parent Relationship": "Outer","Parallel Aware": false,"Async Capable": false,"Join Type": "Semi","Startup Cost": 88199.59,"Total Cost": 88439.31,"Plan Rows": 108,"Plan Width": 51,"Actual Startup Time": 884.949,"Actual Total Time": 888.879,"Actual Rows": 172,"Actual Loops": 1,"Inner Unique": false,"Hash Cond": "(supplier.s_suppkey = partsupp.ps_suppkey)","Plans": [{"Node Type": "Nested Loop","Parent Relationship": "Outer","Parallel Aware": false,"Async Capable": false,"Join Type": "Inner","Startup Cost": 7.38,"Total Cost": 244.58,"Plan Rows": 400,"Plan Width": 55,"Actual Startup Time": 0.289,"Actual Total Time": 4.096,"Actual Rows": 402,"Actual Loops": 1,"Inner Unique": false,"Plans": [{"Node Type": "Seq Scan","Parent Relationship": "Outer","Parallel Aware": false,"Async Capable": false,"Relation Name": "nation","Alias": "nation","Startup Cost": 0.00,"Total Cost": 1.31,"Plan Rows": 1,"Plan Width": 4,"Actual Startup Time": 0.077,"Actual Total Time": 0.098,"Actual Rows": 1,"Actual Loops": 1,"Filter": "(n_name = 'FRANCE'::bpchar)","Rows Removed by Filter": 24},{"Node Type": "Bitmap Heap Scan","Parent Relationship": "Inner","Parallel Aware": false,"Async Capable": false,"Relation Name": "supplier","Alias": "supplier","Startup Cost": 7.38,"Total Cost": 239.27,"Plan Rows": 400,"Plan Width": 59,"Actual Startup Time": 0.202,"Actual Total Time": 3.937,"Actual Rows": 402,"Actual Loops": 1,"Recheck Cond": "(s_nationkey = nation.n_nationkey)","Rows Removed by Index Recheck": 0,"Exact Heap Blocks": 184,"Lossy Heap Blocks": 0,"Plans": [{"Node Type": "Bitmap Index Scan","Parent Relationship": "Outer","Parallel Aware": false,"Async Capable": false,"Index Name": "idx_supplier_nation_key","Startup Cost": 0.00,"Total Cost": 7.29,"Plan Rows": 400,"Plan Width": 0,"Actual Startup Time": 0.132,"Actual Total Time": 0.136,"Actual Rows": 402,"Actual Loops": 1,"Index Cond": "(s_nationkey = nation.n_nationkey)"}]}]},{"Node Type": "Hash","Parent Relationship": "Inner","Parallel Aware": false,"Async Capable": false,"Startup Cost": 88158.53,"Total Cost": 88158.53,"Plan Rows": 2694,"Plan Width": 4,"Actual Startup Time": 884.596,"Actual Total Time": 884.607,"Actual Rows": 5849,"Actual Loops": 1,"Hash Buckets": 8192,"Original Hash Buckets": 4096,"Hash Batches": 1,"Original Hash Batches": 1,"Peak Memory Usage": 270,"Plans": [{"Node Type": "Nested Loop","Parent Relationship": "Outer","Parallel Aware": false,"Async Capable": false,"Join Type": "Inner","Startup Cost": 0.42,"Total Cost": 88158.53,"Plan Rows": 2694,"Plan Width": 4,"Actual Startup Time": 0.484,"Actual Total Time": 880.238,"Actual Rows": 5849,"Actual Loops": 1,"Inner Unique": false,"Plans": [{"Node Type": "Seq Scan","Parent Relationship": "Outer","Parallel Aware": false,"Async Capable": false,"Relation Name": "part","Alias": "part","Startup Cost": 0.00,"Total Cost": 6597.00,"Plan Rows": 2020,"Plan Width": 4,"Actual Startup Time": 0.181,"Actual Total Time": 193.525,"Actual Rows": 2126,"Actual Loops": 1,"Filter": "((p_name)::text ~~ 'navy%'::text)","Rows Removed by Filter": 197874},{"Node Type": "Index Scan","Parent Relationship": "Inner","Parallel Aware": false,"Async Capable": false,"Scan Direction": "Forward","Index Name": "idx_partsupp_partkey","Relation Name": "partsupp","Alias": "partsupp","Startup Cost": 0.42,"Total Cost": 40.36,"Plan Rows": 1,"Plan Width": 8,"Actual Startup Time": 0.135,"Actual Total Time": 0.323,"Actual Rows": 3,"Actual Loops": 2126,"Index Cond": "(ps_partkey = part.p_partkey)","Rows Removed by Index Recheck": 0,"Filter": "((ps_availqty)::numeric > (SubPlan 1))","Rows Removed by Filter": 1,"Plans": [{"Node Type": "Aggregate","Strategy": "Plain","Partial Mode": "Simple","Parent Relationship": "SubPlan","Subplan Name": "SubPlan 1","Parallel Aware": false,"Async Capable": false,"Startup Cost": 8.46,"Total Cost": 8.47,"Plan Rows": 1,"Plan Width": 32,"Actual Startup Time": 0.072,"Actual Total Time": 0.072,"Actual Rows": 1,"Actual Loops": 8504,"Plans": [{"Node Type": "Index Scan","Parent Relationship": "Outer","Parallel Aware": false,"Async Capable": false,"Scan Direction": "Forward","Index Name": "idx_lineitem_part_supp","Relation Name": "lineitem","Alias": "lineitem","Startup Cost": 0.43,"Total Cost": 8.46,"Plan Rows": 0,"Plan Width": 5,"Actual Startup Time": 0.044,"Actual Total Time": 0.071,"Actual Rows": 1,"Actual Loops": 8504,"Index Cond": "((l_partkey = partsupp.ps_partkey) AND (l_suppkey = partsupp.ps_suppkey))","Rows Removed by Index Recheck": 0,"Filter": "((l_shipdate >= '1993-01-01'::date) AND (l_shipdate < '1994-01-01 00:00:00'::timestamp without time zone))","Rows Removed by Filter": 6}]}]}]}]}]}]},"Planning Time": 6.904,"Triggers": [],"Execution Time": 889.516}]
[{"Plan": {"Node Type": "Sort","Parallel Aware": false,"Async Capable": false,"Startup Cost": 88442.96,"Total Cost": 88443.23,"Plan Rows": 108,"Plan Width": 51,"Actual Startup Time": 988.682,"Actual Total Time": 988.724,"Actual Rows": 167,"Actual Loops": 1,"Sort Key": ["supplier.s_name"],"Sort Method": "quicksort","Sort Space Used": 40,"Sort Space Type": "Memory","Plans": [{"Node Type": "Hash Join","Parent Relationship": "Outer","Parallel Aware": false,"Async Capable": false,"Join Type": "Semi","Startup Cost": 88199.59,"Total Cost": 88439.31,"Plan Rows": 108,"Plan Width": 51,"Actual Startup Time": 984.023,"Actual Total Time": 988.389,"Actual Rows": 167,"Actual Loops": 1,"Inner Unique": false,"Hash Cond": "(supplier.s_suppkey = partsupp.ps_suppkey)","Plans": [{"Node Type": "Nested Loop","Parent Relationship": "Outer","Parallel Aware": false,"Async Capable": false,"Join Type": "Inner","Startup Cost": 7.38,"Total Cost": 244.58,"Plan Rows": 400,"Plan Width": 55,"Actual Startup Time": 0.220,"Actual Total Time": 4.478,"Actual Rows": 393,"Actual Loops": 1,"Inner Unique": false,"Plans": [{"Node Type": "Seq Scan","Parent Relationship": "Outer","Parallel Aware": false,"Async Capable": false,"Relation Name": "nation","Alias": "nation","Startup Cost": 0.00,"Total Cost": 1.31,"Plan Rows": 1,"Plan Width": 4,"Actual Startup Time": 0.066,"Actual Total Time": 0.085,"Actual Rows": 1,"Actual Loops": 1,"Filter": "(n_name = 'IRAN'::bpchar)","Rows Removed by Filter": 24},{"Node Type": "Bitmap Heap Scan","Parent Relationship": "Inner","Parallel Aware": false,"Async Capable": false,"Relation Name": "supplier","Alias": "supplier","Startup Cost": 7.38,"Total Cost": 239.27,"Plan Rows": 400,"Plan Width": 59,"Actual Startup Time": 0.148,"Actual Total Time": 4.325,"Actual Rows": 393,"Actual Loops": 1,"Recheck Cond": "(s_nationkey = nation.n_nationkey)","Rows Removed by Index Recheck": 0,"Exact Heap Blocks": 179,"Lossy Heap Blocks": 0,"Plans": [{"Node Type": "Bitmap Index Scan","Parent Relationship": "Outer","Parallel Aware": false,"Async Capable": false,"Index Name": "idx_supplier_nation_key","Startup Cost": 0.00,"Total Cost": 7.29,"Plan Rows": 400,"Plan Width": 0,"Actual Startup Time": 0.097,"Actual Total Time": 0.101,"Actual Rows": 393,"Actual Loops": 1,"Index Cond": "(s_nationkey = nation.n_nationkey)"}]}]},{"Node Type": "Hash","Parent Relationship": "Inner","Parallel Aware": false,"Async Capable": false,"Startup Cost": 88158.53,"Total Cost": 88158.53,"Plan Rows": 2694,"Plan Width": 4,"Actual Startup Time": 983.728,"Actual Total Time": 983.742,"Actual Rows": 5998,"Actual Loops": 1,"Hash Buckets": 8192,"Original Hash Buckets": 4096,"Hash Batches": 1,"Original Hash Batches": 1,"Peak Memory Usage": 275,"Plans": [{"Node Type": "Nested Loop","Parent Relationship": "Outer","Parallel Aware": false,"Async Capable": false,"Join Type": "Inner","Startup Cost": 0.42,"Total Cost": 88158.53,"Plan Rows": 2694,"Plan Width": 4,"Actual Startup Time": 0.508,"Actual Total Time": 979.264,"Actual Rows": 5998,"Actual Loops": 1,"Inner Unique": false,"Plans": [{"Node Type": "Seq Scan","Parent Relationship": "Outer","Parallel Aware": false,"Async Capable": false,"Relation Name": "part","Alias": "part","Startup Cost": 0.00,"Total Cost": 6597.00,"Plan Rows": 2020,"Plan Width": 4,"Actual Startup Time": 0.203,"Actual Total Time": 181.049,"Actual Rows": 2202,"Actual Loops": 1,"Filter": "((p_name)::text ~~ 'magenta%'::text)","Rows Removed by Filter": 197798},{"Node Type": "Index Scan","Parent Relationship": "Inner","Parallel Aware": false,"Async Capable": false,"Scan Direction": "Forward","Index Name": "idx_partsupp_partkey","Relation Name": "partsupp","Alias": "partsupp","Startup Cost": 0.42,"Total Cost": 40.36,"Plan Rows": 1,"Plan Width": 8,"Actual Startup Time": 0.151,"Actual Total Time": 0.362,"Actual Rows": 3,"Actual Loops": 2202,"Index Cond": "(ps_partkey = part.p_partkey)","Rows Removed by Index Recheck": 0,"Filter": "((ps_availqty)::numeric > (SubPlan 1))","Rows Removed by Filter": 1,"Plans": [{"Node Type": "Aggregate","Strategy": "Plain","Partial Mode": "Simple","Parent Relationship": "SubPlan","Subplan Name": "SubPlan 1","Parallel Aware": false,"Async Capable": false,"Startup Cost": 8.46,"Total Cost": 8.47,"Plan Rows": 1,"Plan Width": 32,"Actual Startup Time": 0.082,"Actual Total Time": 0.082,"Actual Rows": 1,"Actual Loops": 8808,"Plans": [{"Node Type": "Index Scan","Parent Relationship": "Outer","Parallel Aware": false,"Async Capable": false,"Scan Direction": "Forward","Index Name": "idx_lineitem_part_supp","Relation Name": "lineitem","Alias": "lineitem","Startup Cost": 0.43,"Total Cost": 8.46,"Plan Rows": 0,"Plan Width": 5,"Actual Startup Time": 0.050,"Actual Total Time": 0.082,"Actual Rows": 1,"Actual Loops": 8808,"Index Cond": "((l_partkey = partsupp.ps_partkey) AND (l_suppkey = partsupp.ps_suppkey))","Rows Removed by Index Recheck": 0,"Filter": "((l_shipdate >= '1995-01-01'::date) AND (l_shipdate < '1996-01-01 00:00:00'::timestamp without time zone))","Rows Removed by Filter": 6}]}]}]}]}]}]},"Planning Time": 7.424,"Triggers": [],"Execution Time": 988.978}]
[{"Plan": {"Node Type": "Sort","Parallel Aware": false,"Async Capable": false,"Startup Cost": 88442.96,"Total Cost": 88443.23,"Plan Rows": 108,"Plan Width": 51,"Actual Startup Time": 972.488,"Actual Total Time": 972.521,"Actual Rows": 158,"Actual Loops": 1,"Sort Key": ["supplier.s_name"],"Sort Method": "quicksort","Sort Space Used": 39,"Sort Space Type": "Memory","Plans": [{"Node Type": "Hash Join","Parent Relationship": "Outer","Parallel Aware": false,"Async Capable": false,"Join Type": "Semi","Startup Cost": 88199.59,"Total Cost": 88439.31,"Plan Rows": 108,"Plan Width": 51,"Actual Startup Time": 968.250,"Actual Total Time": 972.107,"Actual Rows": 158,"Actual Loops": 1,"Inner Unique": false,"Hash Cond": "(supplier.s_suppkey = partsupp.ps_suppkey)","Plans": [{"Node Type": "Nested Loop","Parent Relationship": "Outer","Parallel Aware": false,"Async Capable": false,"Join Type": "Inner","Startup Cost": 7.38,"Total Cost": 244.58,"Plan Rows": 400,"Plan Width": 55,"Actual Startup Time": 0.262,"Actual Total Time": 4.038,"Actual Rows": 397,"Actual Loops": 1,"Inner Unique": false,"Plans": [{"Node Type": "Seq Scan","Parent Relationship": "Outer","Parallel Aware": false,"Async Capable": false,"Relation Name": "nation","Alias": "nation","Startup Cost": 0.00,"Total Cost": 1.31,"Plan Rows": 1,"Plan Width": 4,"Actual Startup Time": 0.061,"Actual Total Time": 0.082,"Actual Rows": 1,"Actual Loops": 1,"Filter": "(n_name = 'BRAZIL'::bpchar)","Rows Removed by Filter": 24},{"Node Type": "Bitmap Heap Scan","Parent Relationship": "Inner","Parallel Aware": false,"Async Capable": false,"Relation Name": "supplier","Alias": "supplier","Startup Cost": 7.38,"Total Cost": 239.27,"Plan Rows": 400,"Plan Width": 59,"Actual Startup Time": 0.193,"Actual Total Time": 3.884,"Actual Rows": 397,"Actual Loops": 1,"Recheck Cond": "(s_nationkey = nation.n_nationkey)","Rows Removed by Index Recheck": 0,"Exact Heap Blocks": 187,"Lossy Heap Blocks": 0,"Plans": [{"Node Type": "Bitmap Index Scan","Parent Relationship": "Outer","Parallel Aware": false,"Async Capable": false,"Index Name": "idx_supplier_nation_key","Startup Cost": 0.00,"Total Cost": 7.29,"Plan Rows": 400,"Plan Width": 0,"Actual Startup Time": 0.135,"Actual Total Time": 0.139,"Actual Rows": 397,"Actual Loops": 1,"Index Cond": "(s_nationkey = nation.n_nationkey)"}]}]},{"Node Type": "Hash","Parent Relationship": "Inner","Parallel Aware": false,"Async Capable": false,"Startup Cost": 88158.53,"Total Cost": 88158.53,"Plan Rows": 2694,"Plan Width": 4,"Actual Startup Time": 967.888,"Actual Total Time": 967.897,"Actual Rows": 5902,"Actual Loops": 1,"Hash Buckets": 8192,"Original Hash Buckets": 4096,"Hash Batches": 1,"Original Hash Batches": 1,"Peak Memory Usage": 272,"Plans": [{"Node Type": "Nested Loop","Parent Relationship": "Outer","Parallel Aware": false,"Async Capable": false,"Join Type": "Inner","Startup Cost": 0.42,"Total Cost": 88158.53,"Plan Rows": 2694,"Plan Width": 4,"Actual Startup Time": 1.451,"Actual Total Time": 963.626,"Actual Rows": 5902,"Actual Loops": 1,"Inner Unique": false,"Plans": [{"Node Type": "Seq Scan","Parent Relationship": "Outer","Parallel Aware": false,"Async Capable": false,"Relation Name": "part","Alias": "part","Startup Cost": 0.00,"Total Cost": 6597.00,"Plan Rows": 2020,"Plan Width": 4,"Actual Startup Time": 0.129,"Actual Total Time": 179.187,"Actual Rows": 2186,"Actual Loops": 1,"Filter": "((p_name)::text ~~ 'purple%'::text)","Rows Removed by Filter": 197814},{"Node Type": "Index Scan","Parent Relationship": "Inner","Parallel Aware": false,"Async Capable": false,"Scan Direction": "Forward","Index Name": "idx_partsupp_partkey","Relation Name": "partsupp","Alias": "partsupp","Startup Cost": 0.42,"Total Cost": 40.36,"Plan Rows": 1,"Plan Width": 8,"Actual Startup Time": 0.150,"Actual Total Time": 0.358,"Actual Rows": 3,"Actual Loops": 2186,"Index Cond": "(ps_partkey = part.p_partkey)","Rows Removed by Index Recheck": 0,"Filter": "((ps_availqty)::numeric > (SubPlan 1))","Rows Removed by Filter": 1,"Plans": [{"Node Type": "Aggregate","Strategy": "Plain","Partial Mode": "Simple","Parent Relationship": "SubPlan","Subplan Name": "SubPlan 1","Parallel Aware": false,"Async Capable": false,"Startup Cost": 8.46,"Total Cost": 8.47,"Plan Rows": 1,"Plan Width": 32,"Actual Startup Time": 0.082,"Actual Total Time": 0.082,"Actual Rows": 1,"Actual Loops": 8744,"Plans": [{"Node Type": "Index Scan","Parent Relationship": "Outer","Parallel Aware": false,"Async Capable": false,"Scan Direction": "Forward","Index Name": "idx_lineitem_part_supp","Relation Name": "lineitem","Alias": "lineitem","Startup Cost": 0.43,"Total Cost": 8.46,"Plan Rows": 0,"Plan Width": 5,"Actual Startup Time": 0.050,"Actual Total Time": 0.081,"Actual Rows": 1,"Actual Loops": 8744,"Index Cond": "((l_partkey = partsupp.ps_partkey) AND (l_suppkey = partsupp.ps_suppkey))","Rows Removed by Index Recheck": 0,"Filter": "((l_shipdate >= '1993-01-01'::date) AND (l_shipdate < '1994-01-01 00:00:00'::timestamp without time zone))","Rows Removed by Filter": 6}]}]}]}]}]}]},"Planning Time": 6.514,"Triggers": [],"Execution Time": 972.774}]
[{"Plan": {"Node Type": "Sort","Parallel Aware": false,"Async Capable": false,"Startup Cost": 88442.96,"Total Cost": 88443.23,"Plan Rows": 108,"Plan Width": 51,"Actual Startup Time": 910.524,"Actual Total Time": 910.567,"Actual Rows": 196,"Actual Loops": 1,"Sort Key": ["supplier.s_name"],"Sort Method": "quicksort","Sort Space Used": 43,"Sort Space Type": "Memory","Plans": [{"Node Type": "Hash Join","Parent Relationship": "Outer","Parallel Aware": false,"Async Capable": false,"Join Type": "Semi","Startup Cost": 88199.59,"Total Cost": 88439.31,"Plan Rows": 108,"Plan Width": 51,"Actual Startup Time": 906.153,"Actual Total Time": 910.197,"Actual Rows": 196,"Actual Loops": 1,"Inner Unique": false,"Hash Cond": "(supplier.s_suppkey = partsupp.ps_suppkey)","Plans": [{"Node Type": "Nested Loop","Parent Relationship": "Outer","Parallel Aware": false,"Async Capable": false,"Join Type": "Inner","Startup Cost": 7.38,"Total Cost": 244.58,"Plan Rows": 400,"Plan Width": 55,"Actual Startup Time": 0.307,"Actual Total Time": 4.265,"Actual Rows": 438,"Actual Loops": 1,"Inner Unique": false,"Plans": [{"Node Type": "Seq Scan","Parent Relationship": "Outer","Parallel Aware": false,"Async Capable": false,"Relation Name": "nation","Alias": "nation","Startup Cost": 0.00,"Total Cost": 1.31,"Plan Rows": 1,"Plan Width": 4,"Actual Startup Time": 0.068,"Actual Total Time": 0.095,"Actual Rows": 1,"Actual Loops": 1,"Filter": "(n_name = 'IRAQ'::bpchar)","Rows Removed by Filter": 24},{"Node Type": "Bitmap Heap Scan","Parent Relationship": "Inner","Parallel Aware": false,"Async Capable": false,"Relation Name": "supplier","Alias": "supplier","Startup Cost": 7.38,"Total Cost": 239.27,"Plan Rows": 400,"Plan Width": 59,"Actual Startup Time": 0.234,"Actual Total Time": 4.098,"Actual Rows": 438,"Actual Loops": 1,"Recheck Cond": "(s_nationkey = nation.n_nationkey)","Rows Removed by Index Recheck": 0,"Exact Heap Blocks": 194,"Lossy Heap Blocks": 0,"Plans": [{"Node Type": "Bitmap Index Scan","Parent Relationship": "Outer","Parallel Aware": false,"Async Capable": false,"Index Name": "idx_supplier_nation_key","Startup Cost": 0.00,"Total Cost": 7.29,"Plan Rows": 400,"Plan Width": 0,"Actual Startup Time": 0.156,"Actual Total Time": 0.160,"Actual Rows": 438,"Actual Loops": 1,"Index Cond": "(s_nationkey = nation.n_nationkey)"}]}]},{"Node Type": "Hash","Parent Relationship": "Inner","Parallel Aware": false,"Async Capable": false,"Startup Cost": 88158.53,"Total Cost": 88158.53,"Plan Rows": 2694,"Plan Width": 4,"Actual Startup Time": 905.775,"Actual Total Time": 905.789,"Actual Rows": 5995,"Actual Loops": 1,"Hash Buckets": 8192,"Original Hash Buckets": 4096,"Hash Batches": 1,"Original Hash Batches": 1,"Peak Memory Usage": 275,"Plans": [{"Node Type": "Nested Loop","Parent Relationship": "Outer","Parallel Aware": false,"Async Capable": false,"Join Type": "Inner","Startup Cost": 0.42,"Total Cost": 88158.53,"Plan Rows": 2694,"Plan Width": 4,"Actual Startup Time": 0.502,"Actual Total Time": 901.541,"Actual Rows": 5995,"Actual Loops": 1,"Inner Unique": false,"Plans": [{"Node Type": "Seq Scan","Parent Relationship": "Outer","Parallel Aware": false,"Async Capable": false,"Relation Name": "part","Alias": "part","Startup Cost": 0.00,"Total Cost": 6597.00,"Plan Rows": 2020,"Plan Width": 4,"Actual Startup Time": 0.059,"Actual Total Time": 196.994,"Actual Rows": 2201,"Actual Loops": 1,"Filter": "((p_name)::text ~~ 'thistle%'::text)","Rows Removed by Filter": 197799},{"Node Type": "Index Scan","Parent Relationship": "Inner","Parallel Aware": false,"Async Capable": false,"Scan Direction": "Forward","Index Name": "idx_partsupp_partkey","Relation Name": "partsupp","Alias": "partsupp","Startup Cost": 0.42,"Total Cost": 40.36,"Plan Rows": 1,"Plan Width": 8,"Actual Startup Time": 0.135,"Actual Total Time": 0.320,"Actual Rows": 3,"Actual Loops": 2201,"Index Cond": "(ps_partkey = part.p_partkey)","Rows Removed by Index Recheck": 0,"Filter": "((ps_availqty)::numeric > (SubPlan 1))","Rows Removed by Filter": 1,"Plans": [{"Node Type": "Aggregate","Strategy": "Plain","Partial Mode": "Simple","Parent Relationship": "SubPlan","Subplan Name": "SubPlan 1","Parallel Aware": false,"Async Capable": false,"Startup Cost": 8.46,"Total Cost": 8.47,"Plan Rows": 1,"Plan Width": 32,"Actual Startup Time": 0.072,"Actual Total Time": 0.072,"Actual Rows": 1,"Actual Loops": 8804,"Plans": [{"Node Type": "Index Scan","Parent Relationship": "Outer","Parallel Aware": false,"Async Capable": false,"Scan Direction": "Forward","Index Name": "idx_lineitem_part_supp","Relation Name": "lineitem","Alias": "lineitem","Startup Cost": 0.43,"Total Cost": 8.46,"Plan Rows": 0,"Plan Width": 5,"Actual Startup Time": 0.044,"Actual Total Time": 0.071,"Actual Rows": 1,"Actual Loops": 8804,"Index Cond": "((l_partkey = partsupp.ps_partkey) AND (l_suppkey = partsupp.ps_suppkey))","Rows Removed by Index Recheck": 0,"Filter": "((l_shipdate >= '1997-01-01'::date) AND (l_shipdate < '1998-01-01 00:00:00'::timestamp without time zone))","Rows Removed by Filter": 6}]}]}]}]}]}]},"Planning Time": 7.066,"Triggers": [],"Execution Time": 910.789}]
[{"Plan": {"Node Type": "Sort","Parallel Aware": false,"Async Capable": false,"Startup Cost": 88442.96,"Total Cost": 88443.23,"Plan Rows": 108,"Plan Width": 51,"Actual Startup Time": 957.108,"Actual Total Time": 957.143,"Actual Rows": 176,"Actual Loops": 1,"Sort Key": ["supplier.s_name"],"Sort Method": "quicksort","Sort Space Used": 41,"Sort Space Type": "Memory","Plans": [{"Node Type": "Hash Join","Parent Relationship": "Outer","Parallel Aware": false,"Async Capable": false,"Join Type": "Semi","Startup Cost": 88199.59,"Total Cost": 88439.31,"Plan Rows": 108,"Plan Width": 51,"Actual Startup Time": 952.901,"Actual Total Time": 956.796,"Actual Rows": 176,"Actual Loops": 1,"Inner Unique": false,"Hash Cond": "(supplier.s_suppkey = partsupp.ps_suppkey)","Plans": [{"Node Type": "Nested Loop","Parent Relationship": "Outer","Parallel Aware": false,"Async Capable": false,"Join Type": "Inner","Startup Cost": 7.38,"Total Cost": 244.58,"Plan Rows": 400,"Plan Width": 55,"Actual Startup Time": 0.227,"Actual Total Time": 3.986,"Actual Rows": 377,"Actual Loops": 1,"Inner Unique": false,"Plans": [{"Node Type": "Seq Scan","Parent Relationship": "Outer","Parallel Aware": false,"Async Capable": false,"Relation Name": "nation","Alias": "nation","Startup Cost": 0.00,"Total Cost": 1.31,"Plan Rows": 1,"Plan Width": 4,"Actual Startup Time": 0.067,"Actual Total Time": 0.088,"Actual Rows": 1,"Actual Loops": 1,"Filter": "(n_name = 'JAPAN'::bpchar)","Rows Removed by Filter": 24},{"Node Type": "Bitmap Heap Scan","Parent Relationship": "Inner","Parallel Aware": false,"Async Capable": false,"Relation Name": "supplier","Alias": "supplier","Startup Cost": 7.38,"Total Cost": 239.27,"Plan Rows": 400,"Plan Width": 59,"Actual Startup Time": 0.151,"Actual Total Time": 3.818,"Actual Rows": 377,"Actual Loops": 1,"Recheck Cond": "(s_nationkey = nation.n_nationkey)","Rows Removed by Index Recheck": 0,"Exact Heap Blocks": 180,"Lossy Heap Blocks": 0,"Plans": [{"Node Type": "Bitmap Index Scan","Parent Relationship": "Outer","Parallel Aware": false,"Async Capable": false,"Index Name": "idx_supplier_nation_key","Startup Cost": 0.00,"Total Cost": 7.29,"Plan Rows": 400,"Plan Width": 0,"Actual Startup Time": 0.102,"Actual Total Time": 0.106,"Actual Rows": 377,"Actual Loops": 1,"Index Cond": "(s_nationkey = nation.n_nationkey)"}]}]},{"Node Type": "Hash","Parent Relationship": "Inner","Parallel Aware": false,"Async Capable": false,"Startup Cost": 88158.53,"Total Cost": 88158.53,"Plan Rows": 2694,"Plan Width": 4,"Actual Startup Time": 952.607,"Actual Total Time": 952.620,"Actual Rows": 5771,"Actual Loops": 1,"Hash Buckets": 8192,"Original Hash Buckets": 4096,"Hash Batches": 1,"Original Hash Batches": 1,"Peak Memory Usage": 267,"Plans": [{"Node Type": "Nested Loop","Parent Relationship": "Outer","Parallel Aware": false,"Async Capable": false,"Join Type": "Inner","Startup Cost": 0.42,"Total Cost": 88158.53,"Plan Rows": 2694,"Plan Width": 4,"Actual Startup Time": 1.023,"Actual Total Time": 948.469,"Actual Rows": 5771,"Actual Loops": 1,"Inner Unique": false,"Plans": [{"Node Type": "Seq Scan","Parent Relationship": "Outer","Parallel Aware": false,"Async Capable": false,"Relation Name": "part","Alias": "part","Startup Cost": 0.00,"Total Cost": 6597.00,"Plan Rows": 2020,"Plan Width": 4,"Actual Startup Time": 0.340,"Actual Total Time": 182.080,"Actual Rows": 2118,"Actual Loops": 1,"Filter": "((p_name)::text ~~ 'smoke%'::text)","Rows Removed by Filter": 197882},{"Node Type": "Index Scan","Parent Relationship": "Inner","Parallel Aware": false,"Async Capable": false,"Scan Direction": "Forward","Index Name": "idx_partsupp_partkey","Relation Name": "partsupp","Alias": "partsupp","Startup Cost": 0.42,"Total Cost": 40.36,"Plan Rows": 1,"Plan Width": 8,"Actual Startup Time": 0.153,"Actual Total Time": 0.361,"Actual Rows": 3,"Actual Loops": 2118,"Index Cond": "(ps_partkey = part.p_partkey)","Rows Removed by Index Recheck": 0,"Filter": "((ps_availqty)::numeric > (SubPlan 1))","Rows Removed by Filter": 1,"Plans": [{"Node Type": "Aggregate","Strategy": "Plain","Partial Mode": "Simple","Parent Relationship": "SubPlan","Subplan Name": "SubPlan 1","Parallel Aware": false,"Async Capable": false,"Startup Cost": 8.46,"Total Cost": 8.47,"Plan Rows": 1,"Plan Width": 32,"Actual Startup Time": 0.082,"Actual Total Time": 0.082,"Actual Rows": 1,"Actual Loops": 8472,"Plans": [{"Node Type": "Index Scan","Parent Relationship": "Outer","Parallel Aware": false,"Async Capable": false,"Scan Direction": "Forward","Index Name": "idx_lineitem_part_supp","Relation Name": "lineitem","Alias": "lineitem","Startup Cost": 0.43,"Total Cost": 8.46,"Plan Rows": 0,"Plan Width": 5,"Actual Startup Time": 0.049,"Actual Total Time": 0.081,"Actual Rows": 1,"Actual Loops": 8472,"Index Cond": "((l_partkey = partsupp.ps_partkey) AND (l_suppkey = partsupp.ps_suppkey))","Rows Removed by Index Recheck": 0,"Filter": "((l_shipdate >= '1994-01-01'::date) AND (l_shipdate < '1995-01-01 00:00:00'::timestamp without time zone))","Rows Removed by Filter": 6}]}]}]}]}]}]},"Planning Time": 7.185,"Triggers": [],"Execution Time": 957.409}]
[{"Plan": {"Node Type": "Sort","Parallel Aware": false,"Async Capable": false,"Startup Cost": 165280.99,"Total Cost": 165281.52,"Plan Rows": 215,"Plan Width": 51,"Actual Startup Time": 910.608,"Actual Total Time": 910.648,"Actual Rows": 161,"Actual Loops": 1,"Sort Key": ["supplier.s_name"],"Sort Method": "quicksort","Sort Space Used": 40,"Sort Space Type": "Memory","Plans": [{"Node Type": "Hash Join","Parent Relationship": "Outer","Parallel Aware": false,"Async Capable": false,"Join Type": "Semi","Startup Cost": 165030.68,"Total Cost": 165272.66,"Plan Rows": 215,"Plan Width": 51,"Actual Startup Time": 905.856,"Actual Total Time": 910.082,"Actual Rows": 161,"Actual Loops": 1,"Inner Unique": false,"Hash Cond": "(supplier.s_suppkey = partsupp.ps_suppkey)","Plans": [{"Node Type": "Nested Loop","Parent Relationship": "Outer","Parallel Aware": false,"Async Capable": false,"Join Type": "Inner","Startup Cost": 7.38,"Total Cost": 244.58,"Plan Rows": 400,"Plan Width": 55,"Actual Startup Time": 0.294,"Actual Total Time": 3.970,"Actual Rows": 376,"Actual Loops": 1,"Inner Unique": false,"Plans": [{"Node Type": "Seq Scan","Parent Relationship": "Outer","Parallel Aware": false,"Async Capable": false,"Relation Name": "nation","Alias": "nation","Startup Cost": 0.00,"Total Cost": 1.31,"Plan Rows": 1,"Plan Width": 4,"Actual Startup Time": 0.077,"Actual Total Time": 0.105,"Actual Rows": 1,"Actual Loops": 1,"Filter": "(n_name = 'KENYA'::bpchar)","Rows Removed by Filter": 24},{"Node Type": "Bitmap Heap Scan","Parent Relationship": "Inner","Parallel Aware": false,"Async Capable": false,"Relation Name": "supplier","Alias": "supplier","Startup Cost": 7.38,"Total Cost": 239.27,"Plan Rows": 400,"Plan Width": 59,"Actual Startup Time": 0.207,"Actual Total Time": 3.791,"Actual Rows": 376,"Actual Loops": 1,"Recheck Cond": "(s_nationkey = nation.n_nationkey)","Rows Removed by Index Recheck": 0,"Exact Heap Blocks": 179,"Lossy Heap Blocks": 0,"Plans": [{"Node Type": "Bitmap Index Scan","Parent Relationship": "Outer","Parallel Aware": false,"Async Capable": false,"Index Name": "idx_supplier_nation_key","Startup Cost": 0.00,"Total Cost": 7.29,"Plan Rows": 400,"Plan Width": 0,"Actual Startup Time": 0.158,"Actual Total Time": 0.160,"Actual Rows": 376,"Actual Loops": 1,"Index Cond": "(s_nationkey = nation.n_nationkey)"}]}]},{"Node Type": "Hash","Parent Relationship": "Inner","Parallel Aware": false,"Async Capable": false,"Startup Cost": 164955.96,"Total Cost": 164955.96,"Plan Rows": 5387,"Plan Width": 4,"Actual Startup Time": 905.463,"Actual Total Time": 905.474,"Actual Rows": 5854,"Actual Loops": 1,"Hash Buckets": 8192,"Original Hash Buckets": 8192,"Hash Batches": 1,"Original Hash Batches": 1,"Peak Memory Usage": 270,"Plans": [{"Node Type": "Nested Loop","Parent Relationship": "Outer","Parallel Aware": false,"Async Capable": false,"Join Type": "Inner","Startup Cost": 0.42,"Total Cost": 164955.96,"Plan Rows": 5387,"Plan Width": 4,"Actual Startup Time": 0.575,"Actual Total Time": 899.417,"Actual Rows": 5854,"Actual Loops": 1,"Inner Unique": false,"Plans": [{"Node Type": "Seq Scan","Parent Relationship": "Outer","Parallel Aware": false,"Async Capable": false,"Relation Name": "part","Alias": "part","Startup Cost": 0.00,"Total Cost": 6597.00,"Plan Rows": 4040,"Plan Width": 4,"Actual Startup Time": 0.208,"Actual Total Time": 197.492,"Actual Rows": 2163,"Actual Loops": 1,"Filter": "((p_name)::text ~~ 'metallic%'::text)","Rows Removed by Filter": 197837},{"Node Type": "Index Scan","Parent Relationship": "Inner","Parallel Aware": false,"Async Capable": false,"Scan Direction": "Forward","Index Name": "idx_partsupp_partkey","Relation Name": "partsupp","Alias": "partsupp","Startup Cost": 0.42,"Total Cost": 39.18,"Plan Rows": 1,"Plan Width": 8,"Actual Startup Time": 0.138,"Actual Total Time": 0.324,"Actual Rows": 3,"Actual Loops": 2163,"Index Cond": "(ps_partkey = part.p_partkey)","Rows Removed by Index Recheck": 0,"Filter": "((ps_availqty)::numeric > (SubPlan 1))","Rows Removed by Filter": 1,"Plans": [{"Node Type": "Aggregate","Strategy": "Plain","Partial Mode": "Simple","Parent Relationship": "SubPlan","Subplan Name": "SubPlan 1","Parallel Aware": false,"Async Capable": false,"Startup Cost": 8.46,"Total Cost": 8.47,"Plan Rows": 1,"Plan Width": 32,"Actual Startup Time": 0.073,"Actual Total Time": 0.073,"Actual Rows": 1,"Actual Loops": 8652,"Plans": [{"Node Type": "Index Scan","Parent Relationship": "Outer","Parallel Aware": false,"Async Capable": false,"Scan Direction": "Forward","Index Name": "idx_lineitem_part_supp","Relation Name": "lineitem","Alias": "lineitem","Startup Cost": 0.43,"Total Cost": 8.46,"Plan Rows": 0,"Plan Width": 5,"Actual Startup Time": 0.044,"Actual Total Time": 0.072,"Actual Rows": 1,"Actual Loops": 8652,"Index Cond": "((l_partkey = partsupp.ps_partkey) AND (l_suppkey = partsupp.ps_suppkey))","Rows Removed by Index Recheck": 0,"Filter": "((l_shipdate >= '1993-01-01'::date) AND (l_shipdate < '1994-01-01 00:00:00'::timestamp without time zone))","Rows Removed by Filter": 6}]}]}]}]}]}]},"Planning Time": 5.701,"Triggers": [],"Execution Time": 910.908}]
[{"Plan": {"Node Type": "Sort","Parallel Aware": false,"Async Capable": false,"Startup Cost": 88442.96,"Total Cost": 88443.23,"Plan Rows": 108,"Plan Width": 51,"Actual Startup Time": 989.418,"Actual Total Time": 989.454,"Actual Rows": 192,"Actual Loops": 1,"Sort Key": ["supplier.s_name"],"Sort Method": "quicksort","Sort Space Used": 42,"Sort Space Type": "Memory","Plans": [{"Node Type": "Hash Join","Parent Relationship": "Outer","Parallel Aware": false,"Async Capable": false,"Join Type": "Semi","Startup Cost": 88199.59,"Total Cost": 88439.31,"Plan Rows": 108,"Plan Width": 51,"Actual Startup Time": 984.635,"Actual Total Time": 989.063,"Actual Rows": 192,"Actual Loops": 1,"Inner Unique": false,"Hash Cond": "(supplier.s_suppkey = partsupp.ps_suppkey)","Plans": [{"Node Type": "Nested Loop","Parent Relationship": "Outer","Parallel Aware": false,"Async Capable": false,"Join Type": "Inner","Startup Cost": 7.38,"Total Cost": 244.58,"Plan Rows": 400,"Plan Width": 55,"Actual Startup Time": 0.267,"Actual Total Time": 4.583,"Actual Rows": 412,"Actual Loops": 1,"Inner Unique": false,"Plans": [{"Node Type": "Seq Scan","Parent Relationship": "Outer","Parallel Aware": false,"Async Capable": false,"Relation Name": "nation","Alias": "nation","Startup Cost": 0.00,"Total Cost": 1.31,"Plan Rows": 1,"Plan Width": 4,"Actual Startup Time": 0.071,"Actual Total Time": 0.093,"Actual Rows": 1,"Actual Loops": 1,"Filter": "(n_name = 'CANADA'::bpchar)","Rows Removed by Filter": 24},{"Node Type": "Bitmap Heap Scan","Parent Relationship": "Inner","Parallel Aware": false,"Async Capable": false,"Relation Name": "supplier","Alias": "supplier","Startup Cost": 7.38,"Total Cost": 239.27,"Plan Rows": 400,"Plan Width": 59,"Actual Startup Time": 0.184,"Actual Total Time": 4.397,"Actual Rows": 412,"Actual Loops": 1,"Recheck Cond": "(s_nationkey = nation.n_nationkey)","Rows Removed by Index Recheck": 0,"Exact Heap Blocks": 189,"Lossy Heap Blocks": 0,"Plans": [{"Node Type": "Bitmap Index Scan","Parent Relationship": "Outer","Parallel Aware": false,"Async Capable": false,"Index Name": "idx_supplier_nation_key","Startup Cost": 0.00,"Total Cost": 7.29,"Plan Rows": 400,"Plan Width": 0,"Actual Startup Time": 0.115,"Actual Total Time": 0.118,"Actual Rows": 412,"Actual Loops": 1,"Index Cond": "(s_nationkey = nation.n_nationkey)"}]}]},{"Node Type": "Hash","Parent Relationship": "Inner","Parallel Aware": false,"Async Capable": false,"Startup Cost": 88158.53,"Total Cost": 88158.53,"Plan Rows": 2694,"Plan Width": 4,"Actual Startup Time": 984.272,"Actual Total Time": 984.280,"Actual Rows": 6055,"Actual Loops": 1,"Hash Buckets": 8192,"Original Hash Buckets": 4096,"Hash Batches": 1,"Original Hash Batches": 1,"Peak Memory Usage": 277,"Plans": [{"Node Type": "Nested Loop","Parent Relationship": "Outer","Parallel Aware": false,"Async Capable": false,"Join Type": "Inner","Startup Cost": 0.42,"Total Cost": 88158.53,"Plan Rows": 2694,"Plan Width": 4,"Actual Startup Time": 0.405,"Actual Total Time": 979.611,"Actual Rows": 6055,"Actual Loops": 1,"Inner Unique": false,"Plans": [{"Node Type": "Seq Scan","Parent Relationship": "Outer","Parallel Aware": false,"Async Capable": false,"Relation Name": "part","Alias": "part","Startup Cost": 0.00,"Total Cost": 6597.00,"Plan Rows": 2020,"Plan Width": 4,"Actual Startup Time": 0.046,"Actual Total Time": 181.896,"Actual Rows": 2216,"Actual Loops": 1,"Filter": "((p_name)::text ~~ 'blanched%'::text)","Rows Removed by Filter": 197784},{"Node Type": "Index Scan","Parent Relationship": "Inner","Parallel Aware": false,"Async Capable": false,"Scan Direction": "Forward","Index Name": "idx_partsupp_partkey","Relation Name": "partsupp","Alias": "partsupp","Startup Cost": 0.42,"Total Cost": 40.36,"Plan Rows": 1,"Plan Width": 8,"Actual Startup Time": 0.148,"Actual Total Time": 0.359,"Actual Rows": 3,"Actual Loops": 2216,"Index Cond": "(ps_partkey = part.p_partkey)","Rows Removed by Index Recheck": 0,"Filter": "((ps_availqty)::numeric > (SubPlan 1))","Rows Removed by Filter": 1,"Plans": [{"Node Type": "Aggregate","Strategy": "Plain","Partial Mode": "Simple","Parent Relationship": "SubPlan","Subplan Name": "SubPlan 1","Parallel Aware": false,"Async Capable": false,"Startup Cost": 8.46,"Total Cost": 8.47,"Plan Rows": 1,"Plan Width": 32,"Actual Startup Time": 0.082,"Actual Total Time": 0.082,"Actual Rows": 1,"Actual Loops": 8864,"Plans": [{"Node Type": "Index Scan","Parent Relationship": "Outer","Parallel Aware": false,"Async Capable": false,"Scan Direction": "Forward","Index Name": "idx_lineitem_part_supp","Relation Name": "lineitem","Alias": "lineitem","Startup Cost": 0.43,"Total Cost": 8.46,"Plan Rows": 0,"Plan Width": 5,"Actual Startup Time": 0.049,"Actual Total Time": 0.081,"Actual Rows": 1,"Actual Loops": 8864,"Index Cond": "((l_partkey = partsupp.ps_partkey) AND (l_suppkey = partsupp.ps_suppkey))","Rows Removed by Index Recheck": 0,"Filter": "((l_shipdate >= '1996-01-01'::date) AND (l_shipdate < '1997-01-01 00:00:00'::timestamp without time zone))","Rows Removed by Filter": 6}]}]}]}]}]}]},"Planning Time": 6.077,"Triggers": [],"Execution Time": 989.713}]
[{"Plan": {"Node Type": "Sort","Parallel Aware": false,"Async Capable": false,"Startup Cost": 88442.96,"Total Cost": 88443.23,"Plan Rows": 108,"Plan Width": 51,"Actual Startup Time": 902.426,"Actual Total Time": 902.457,"Actual Rows": 188,"Actual Loops": 1,"Sort Key": ["supplier.s_name"],"Sort Method": "quicksort","Sort Space Used": 42,"Sort Space Type": "Memory","Plans": [{"Node Type": "Hash Join","Parent Relationship": "Outer","Parallel Aware": false,"Async Capable": false,"Join Type": "Semi","Startup Cost": 88199.59,"Total Cost": 88439.31,"Plan Rows": 108,"Plan Width": 51,"Actual Startup Time": 898.115,"Actual Total Time": 901.913,"Actual Rows": 188,"Actual Loops": 1,"Inner Unique": false,"Hash Cond": "(supplier.s_suppkey = partsupp.ps_suppkey)","Plans": [{"Node Type": "Nested Loop","Parent Relationship": "Outer","Parallel Aware": false,"Async Capable": false,"Join Type": "Inner","Startup Cost": 7.38,"Total Cost": 244.58,"Plan Rows": 400,"Plan Width": 55,"Actual Startup Time": 0.261,"Actual Total Time": 4.000,"Actual Rows": 415,"Actual Loops": 1,"Inner Unique": false,"Plans": [{"Node Type": "Seq Scan","Parent Relationship": "Outer","Parallel Aware": false,"Async Capable": false,"Relation Name": "nation","Alias": "nation","Startup Cost": 0.00,"Total Cost": 1.31,"Plan Rows": 1,"Plan Width": 4,"Actual Startup Time": 0.072,"Actual Total Time": 0.095,"Actual Rows": 1,"Actual Loops": 1,"Filter": "(n_name = 'EGYPT'::bpchar)","Rows Removed by Filter": 24},{"Node Type": "Bitmap Heap Scan","Parent Relationship": "Inner","Parallel Aware": false,"Async Capable": false,"Relation Name": "supplier","Alias": "supplier","Startup Cost": 7.38,"Total Cost": 239.27,"Plan Rows": 400,"Plan Width": 59,"Actual Startup Time": 0.186,"Actual Total Time": 3.841,"Actual Rows": 415,"Actual Loops": 1,"Recheck Cond": "(s_nationkey = nation.n_nationkey)","Rows Removed by Index Recheck": 0,"Exact Heap Blocks": 183,"Lossy Heap Blocks": 0,"Plans": [{"Node Type": "Bitmap Index Scan","Parent Relationship": "Outer","Parallel Aware": false,"Async Capable": false,"Index Name": "idx_supplier_nation_key","Startup Cost": 0.00,"Total Cost": 7.29,"Plan Rows": 400,"Plan Width": 0,"Actual Startup Time": 0.129,"Actual Total Time": 0.132,"Actual Rows": 415,"Actual Loops": 1,"Index Cond": "(s_nationkey = nation.n_nationkey)"}]}]},{"Node Type": "Hash","Parent Relationship": "Inner","Parallel Aware": false,"Async Capable": false,"Startup Cost": 88158.53,"Total Cost": 88158.53,"Plan Rows": 2694,"Plan Width": 4,"Actual Startup Time": 897.763,"Actual Total Time": 897.771,"Actual Rows": 5929,"Actual Loops": 1,"Hash Buckets": 8192,"Original Hash Buckets": 4096,"Hash Batches": 1,"Original Hash Batches": 1,"Peak Memory Usage": 273,"Plans": [{"Node Type": "Nested Loop","Parent Relationship": "Outer","Parallel Aware": false,"Async Capable": false,"Join Type": "Inner","Startup Cost": 0.42,"Total Cost": 88158.53,"Plan Rows": 2694,"Plan Width": 4,"Actual Startup Time": 0.501,"Actual Total Time": 893.416,"Actual Rows": 5929,"Actual Loops": 1,"Inner Unique": false,"Plans": [{"Node Type": "Seq Scan","Parent Relationship": "Outer","Parallel Aware": false,"Async Capable": false,"Relation Name": "part","Alias": "part","Startup Cost": 0.00,"Total Cost": 6597.00,"Plan Rows": 2020,"Plan Width": 4,"Actual Startup Time": 0.071,"Actual Total Time": 194.139,"Actual Rows": 2178,"Actual Loops": 1,"Filter": "((p_name)::text ~~ 'sandy%'::text)","Rows Removed by Filter": 197822},{"Node Type": "Index Scan","Parent Relationship": "Inner","Parallel Aware": false,"Async Capable": false,"Scan Direction": "Forward","Index Name": "idx_partsupp_partkey","Relation Name": "partsupp","Alias": "partsupp","Startup Cost": 0.42,"Total Cost": 40.36,"Plan Rows": 1,"Plan Width": 8,"Actual Startup Time": 0.135,"Actual Total Time": 0.321,"Actual Rows": 3,"Actual Loops": 2178,"Index Cond": "(ps_partkey = part.p_partkey)","Rows Removed by Index Recheck": 0,"Filter": "((ps_availqty)::numeric > (SubPlan 1))","Rows Removed by Filter": 1,"Plans": [{"Node Type": "Aggregate","Strategy": "Plain","Partial Mode": "Simple","Parent Relationship": "SubPlan","Subplan Name": "SubPlan 1","Parallel Aware": false,"Async Capable": false,"Startup Cost": 8.46,"Total Cost": 8.47,"Plan Rows": 1,"Plan Width": 32,"Actual Startup Time": 0.072,"Actual Total Time": 0.072,"Actual Rows": 1,"Actual Loops": 8712,"Plans": [{"Node Type": "Index Scan","Parent Relationship": "Outer","Parallel Aware": false,"Async Capable": false,"Scan Direction": "Forward","Index Name": "idx_lineitem_part_supp","Relation Name": "lineitem","Alias": "lineitem","Startup Cost": 0.43,"Total Cost": 8.46,"Plan Rows": 0,"Plan Width": 5,"Actual Startup Time": 0.044,"Actual Total Time": 0.071,"Actual Rows": 1,"Actual Loops": 8712,"Index Cond": "((l_partkey = partsupp.ps_partkey) AND (l_suppkey = partsupp.ps_suppkey))","Rows Removed by Index Recheck": 0,"Filter": "((l_shipdate >= '1993-01-01'::date) AND (l_shipdate < '1994-01-01 00:00:00'::timestamp without time zone))","Rows Removed by Filter": 6}]}]}]}]}]}]},"Planning Time": 5.683,"Triggers": [],"Execution Time": 902.706}]
[{"Plan": {"Node Type": "Sort","Parallel Aware": false,"Async Capable": false,"Startup Cost": 88442.96,"Total Cost": 88443.23,"Plan Rows": 108,"Plan Width": 51,"Actual Startup Time": 913.517,"Actual Total Time": 913.554,"Actual Rows": 174,"Actual Loops": 1,"Sort Key": ["supplier.s_name"],"Sort Method": "quicksort","Sort Space Used": 41,"Sort Space Type": "Memory","Plans": [{"Node Type": "Hash Join","Parent Relationship": "Outer","Parallel Aware": false,"Async Capable": false,"Join Type": "Semi","Startup Cost": 88199.59,"Total Cost": 88439.31,"Plan Rows": 108,"Plan Width": 51,"Actual Startup Time": 909.470,"Actual Total Time": 913.189,"Actual Rows": 174,"Actual Loops": 1,"Inner Unique": false,"Hash Cond": "(supplier.s_suppkey = partsupp.ps_suppkey)","Plans": [{"Node Type": "Nested Loop","Parent Relationship": "Outer","Parallel Aware": false,"Async Capable": false,"Join Type": "Inner","Startup Cost": 7.38,"Total Cost": 244.58,"Plan Rows": 400,"Plan Width": 55,"Actual Startup Time": 0.288,"Actual Total Time": 3.879,"Actual Rows": 373,"Actual Loops": 1,"Inner Unique": false,"Plans": [{"Node Type": "Seq Scan","Parent Relationship": "Outer","Parallel Aware": false,"Async Capable": false,"Relation Name": "nation","Alias": "nation","Startup Cost": 0.00,"Total Cost": 1.31,"Plan Rows": 1,"Plan Width": 4,"Actual Startup Time": 0.077,"Actual Total Time": 0.100,"Actual Rows": 1,"Actual Loops": 1,"Filter": "(n_name = 'MOROCCO'::bpchar)","Rows Removed by Filter": 24},{"Node Type": "Bitmap Heap Scan","Parent Relationship": "Inner","Parallel Aware": false,"Async Capable": false,"Relation Name": "supplier","Alias": "supplier","Startup Cost": 7.38,"Total Cost": 239.27,"Plan Rows": 400,"Plan Width": 59,"Actual Startup Time": 0.204,"Actual Total Time": 3.714,"Actual Rows": 373,"Actual Loops": 1,"Recheck Cond": "(s_nationkey = nation.n_nationkey)","Rows Removed by Index Recheck": 0,"Exact Heap Blocks": 180,"Lossy Heap Blocks": 0,"Plans": [{"Node Type": "Bitmap Index Scan","Parent Relationship": "Outer","Parallel Aware": false,"Async Capable": false,"Index Name": "idx_supplier_nation_key","Startup Cost": 0.00,"Total Cost": 7.29,"Plan Rows": 400,"Plan Width": 0,"Actual Startup Time": 0.135,"Actual Total Time": 0.139,"Actual Rows": 373,"Actual Loops": 1,"Index Cond": "(s_nationkey = nation.n_nationkey)"}]}]},{"Node Type": "Hash","Parent Relationship": "Inner","Parallel Aware": false,"Async Capable": false,"Startup Cost": 88158.53,"Total Cost": 88158.53,"Plan Rows": 2694,"Plan Width": 4,"Actual Startup Time": 909.115,"Actual Total Time": 909.127,"Actual Rows": 6068,"Actual Loops": 1,"Hash Buckets": 8192,"Original Hash Buckets": 4096,"Hash Batches": 1,"Original Hash Batches": 1,"Peak Memory Usage": 278,"Plans": [{"Node Type": "Nested Loop","Parent Relationship": "Outer","Parallel Aware": false,"Async Capable": false,"Join Type": "Inner","Startup Cost": 0.42,"Total Cost": 88158.53,"Plan Rows": 2694,"Plan Width": 4,"Actual Startup Time": 0.319,"Actual Total Time": 904.837,"Actual Rows": 6068,"Actual Loops": 1,"Inner Unique": false,"Plans": [{"Node Type": "Seq Scan","Parent Relationship": "Outer","Parallel Aware": false,"Async Capable": false,"Relation Name": "part","Alias": "part","Startup Cost": 0.00,"Total Cost": 6597.00,"Plan Rows": 2020,"Plan Width": 4,"Actual Startup Time": 0.067,"Actual Total Time": 198.100,"Actual Rows": 2210,"Actual Loops": 1,"Filter": "((p_name)::text ~~ 'medium%'::text)","Rows Removed by Filter": 197790},{"Node Type": "Index Scan","Parent Relationship": "Inner","Parallel Aware": false,"Async Capable": false,"Scan Direction": "Forward","Index Name": "idx_partsupp_partkey","Relation Name": "partsupp","Alias": "partsupp","Startup Cost": 0.42,"Total Cost": 40.36,"Plan Rows": 1,"Plan Width": 8,"Actual Startup Time": 0.135,"Actual Total Time": 0.319,"Actual Rows": 3,"Actual Loops": 2210,"Index Cond": "(ps_partkey = part.p_partkey)","Rows Removed by Index Recheck": 0,"Filter": "((ps_availqty)::numeric > (SubPlan 1))","Rows Removed by Filter": 1,"Plans": [{"Node Type": "Aggregate","Strategy": "Plain","Partial Mode": "Simple","Parent Relationship": "SubPlan","Subplan Name": "SubPlan 1","Parallel Aware": false,"Async Capable": false,"Startup Cost": 8.46,"Total Cost": 8.47,"Plan Rows": 1,"Plan Width": 32,"Actual Startup Time": 0.072,"Actual Total Time": 0.072,"Actual Rows": 1,"Actual Loops": 8840,"Plans": [{"Node Type": "Index Scan","Parent Relationship": "Outer","Parallel Aware": false,"Async Capable": false,"Scan Direction": "Forward","Index Name": "idx_lineitem_part_supp","Relation Name": "lineitem","Alias": "lineitem","Startup Cost": 0.43,"Total Cost": 8.46,"Plan Rows": 0,"Plan Width": 5,"Actual Startup Time": 0.043,"Actual Total Time": 0.071,"Actual Rows": 1,"Actual Loops": 8840,"Index Cond": "((l_partkey = partsupp.ps_partkey) AND (l_suppkey = partsupp.ps_suppkey))","Rows Removed by Index Recheck": 0,"Filter": "((l_shipdate >= '1996-01-01'::date) AND (l_shipdate < '1997-01-01 00:00:00'::timestamp without time zone))","Rows Removed by Filter": 6}]}]}]}]}]}]},"Planning Time": 6.096,"Triggers": [],"Execution Time": 913.842}]
[{"Plan": {"Node Type": "Sort","Parallel Aware": false,"Async Capable": false,"Startup Cost": 165280.99,"Total Cost": 165281.52,"Plan Rows": 215,"Plan Width": 51,"Actual Startup Time": 922.175,"Actual Total Time": 922.205,"Actual Rows": 208,"Actual Loops": 1,"Sort Key": ["supplier.s_name"],"Sort Method": "quicksort","Sort Space Used": 44,"Sort Space Type": "Memory","Plans": [{"Node Type": "Hash Join","Parent Relationship": "Outer","Parallel Aware": false,"Async Capable": false,"Join Type": "Semi","Startup Cost": 165030.68,"Total Cost": 165272.66,"Plan Rows": 215,"Plan Width": 51,"Actual Startup Time": 916.794,"Actual Total Time": 921.545,"Actual Rows": 208,"Actual Loops": 1,"Inner Unique": false,"Hash Cond": "(supplier.s_suppkey = partsupp.ps_suppkey)","Plans": [{"Node Type": "Nested Loop","Parent Relationship": "Outer","Parallel Aware": false,"Async Capable": false,"Join Type": "Inner","Startup Cost": 7.38,"Total Cost": 244.58,"Plan Rows": 400,"Plan Width": 55,"Actual Startup Time": 0.254,"Actual Total Time": 4.371,"Actual Rows": 402,"Actual Loops": 1,"Inner Unique": false,"Plans": [{"Node Type": "Seq Scan","Parent Relationship": "Outer","Parallel Aware": false,"Async Capable": false,"Relation Name": "nation","Alias": "nation","Startup Cost": 0.00,"Total Cost": 1.31,"Plan Rows": 1,"Plan Width": 4,"Actual Startup Time": 0.074,"Actual Total Time": 0.097,"Actual Rows": 1,"Actual Loops": 1,"Filter": "(n_name = 'FRANCE'::bpchar)","Rows Removed by Filter": 24},{"Node Type": "Bitmap Heap Scan","Parent Relationship": "Inner","Parallel Aware": false,"Async Capable": false,"Relation Name": "supplier","Alias": "supplier","Startup Cost": 7.38,"Total Cost": 239.27,"Plan Rows": 400,"Plan Width": 59,"Actual Startup Time": 0.169,"Actual Total Time": 4.207,"Actual Rows": 402,"Actual Loops": 1,"Recheck Cond": "(s_nationkey = nation.n_nationkey)","Rows Removed by Index Recheck": 0,"Exact Heap Blocks": 184,"Lossy Heap Blocks": 0,"Plans": [{"Node Type": "Bitmap Index Scan","Parent Relationship": "Outer","Parallel Aware": false,"Async Capable": false,"Index Name": "idx_supplier_nation_key","Startup Cost": 0.00,"Total Cost": 7.29,"Plan Rows": 400,"Plan Width": 0,"Actual Startup Time": 0.104,"Actual Total Time": 0.107,"Actual Rows": 402,"Actual Loops": 1,"Index Cond": "(s_nationkey = nation.n_nationkey)"}]}]},{"Node Type": "Hash","Parent Relationship": "Inner","Parallel Aware": false,"Async Capable": false,"Startup Cost": 164955.96,"Total Cost": 164955.96,"Plan Rows": 5387,"Plan Width": 4,"Actual Startup Time": 916.445,"Actual Total Time": 916.453,"Actual Rows": 5960,"Actual Loops": 1,"Hash Buckets": 8192,"Original Hash Buckets": 8192,"Hash Batches": 1,"Original Hash Batches": 1,"Peak Memory Usage": 274,"Plans": [{"Node Type": "Nested Loop","Parent Relationship": "Outer","Parallel Aware": false,"Async Capable": false,"Join Type": "Inner","Startup Cost": 0.42,"Total Cost": 164955.96,"Plan Rows": 5387,"Plan Width": 4,"Actual Startup Time": 0.595,"Actual Total Time": 910.663,"Actual Rows": 5960,"Actual Loops": 1,"Inner Unique": false,"Plans": [{"Node Type": "Seq Scan","Parent Relationship": "Outer","Parallel Aware": false,"Async Capable": false,"Relation Name": "part","Alias": "part","Startup Cost": 0.00,"Total Cost": 6597.00,"Plan Rows": 4040,"Plan Width": 4,"Actual Startup Time": 0.158,"Actual Total Time": 203.238,"Actual Rows": 2198,"Actual Loops": 1,"Filter": "((p_name)::text ~~ 'rosy%'::text)","Rows Removed by Filter": 197802},{"Node Type": "Index Scan","Parent Relationship": "Inner","Parallel Aware": false,"Async Capable": false,"Scan Direction": "Forward","Index Name": "idx_partsupp_partkey","Relation Name": "partsupp","Alias": "partsupp","Startup Cost": 0.42,"Total Cost": 39.18,"Plan Rows": 1,"Plan Width": 8,"Actual Startup Time": 0.137,"Actual Total Time": 0.321,"Actual Rows": 3,"Actual Loops": 2198,"Index Cond": "(ps_partkey = part.p_partkey)","Rows Removed by Index Recheck": 0,"Filter": "((ps_availqty)::numeric > (SubPlan 1))","Rows Removed by Filter": 1,"Plans": [{"Node Type": "Aggregate","Strategy": "Plain","Partial Mode": "Simple","Parent Relationship": "SubPlan","Subplan Name": "SubPlan 1","Parallel Aware": false,"Async Capable": false,"Startup Cost": 8.46,"Total Cost": 8.47,"Plan Rows": 1,"Plan Width": 32,"Actual Startup Time": 0.072,"Actual Total Time": 0.072,"Actual Rows": 1,"Actual Loops": 8792,"Plans": [{"Node Type": "Index Scan","Parent Relationship": "Outer","Parallel Aware": false,"Async Capable": false,"Scan Direction": "Forward","Index Name": "idx_lineitem_part_supp","Relation Name": "lineitem","Alias": "lineitem","Startup Cost": 0.43,"Total Cost": 8.46,"Plan Rows": 0,"Plan Width": 5,"Actual Startup Time": 0.044,"Actual Total Time": 0.071,"Actual Rows": 1,"Actual Loops": 8792,"Index Cond": "((l_partkey = partsupp.ps_partkey) AND (l_suppkey = partsupp.ps_suppkey))","Rows Removed by Index Recheck": 0,"Filter": "((l_shipdate >= '1997-01-01'::date) AND (l_shipdate < '1998-01-01 00:00:00'::timestamp without time zone))","Rows Removed by Filter": 6}]}]}]}]}]}]},"Planning Time": 6.022,"Triggers": [],"Execution Time": 922.492}]
[{"Plan": {"Node Type": "Sort","Parallel Aware": false,"Async Capable": false,"Startup Cost": 88442.96,"Total Cost": 88443.23,"Plan Rows": 108,"Plan Width": 51,"Actual Startup Time": 985.946,"Actual Total Time": 985.982,"Actual Rows": 169,"Actual Loops": 1,"Sort Key": ["supplier.s_name"],"Sort Method": "quicksort","Sort Space Used": 40,"Sort Space Type": "Memory","Plans": [{"Node Type": "Hash Join","Parent Relationship": "Outer","Parallel Aware": false,"Async Capable": false,"Join Type": "Semi","Startup Cost": 88199.59,"Total Cost": 88439.31,"Plan Rows": 108,"Plan Width": 51,"Actual Startup Time": 981.882,"Actual Total Time": 985.631,"Actual Rows": 169,"Actual Loops": 1,"Inner Unique": false,"Hash Cond": "(supplier.s_suppkey = partsupp.ps_suppkey)","Plans": [{"Node Type": "Nested Loop","Parent Relationship": "Outer","Parallel Aware": false,"Async Capable": false,"Join Type": "Inner","Startup Cost": 7.38,"Total Cost": 244.58,"Plan Rows": 400,"Plan Width": 55,"Actual Startup Time": 0.351,"Actual Total Time": 4.020,"Actual Rows": 376,"Actual Loops": 1,"Inner Unique": false,"Plans": [{"Node Type": "Seq Scan","Parent Relationship": "Outer","Parallel Aware": false,"Async Capable": false,"Relation Name": "nation","Alias": "nation","Startup Cost": 0.00,"Total Cost": 1.31,"Plan Rows": 1,"Plan Width": 4,"Actual Startup Time": 0.077,"Actual Total Time": 0.105,"Actual Rows": 1,"Actual Loops": 1,"Filter": "(n_name = 'KENYA'::bpchar)","Rows Removed by Filter": 24},{"Node Type": "Bitmap Heap Scan","Parent Relationship": "Inner","Parallel Aware": false,"Async Capable": false,"Relation Name": "supplier","Alias": "supplier","Startup Cost": 7.38,"Total Cost": 239.27,"Plan Rows": 400,"Plan Width": 59,"Actual Startup Time": 0.269,"Actual Total Time": 3.848,"Actual Rows": 376,"Actual Loops": 1,"Recheck Cond": "(s_nationkey = nation.n_nationkey)","Rows Removed by Index Recheck": 0,"Exact Heap Blocks": 179,"Lossy Heap Blocks": 0,"Plans": [{"Node Type": "Bitmap Index Scan","Parent Relationship": "Outer","Parallel Aware": false,"Async Capable": false,"Index Name": "idx_supplier_nation_key","Startup Cost": 0.00,"Total Cost": 7.29,"Plan Rows": 400,"Plan Width": 0,"Actual Startup Time": 0.189,"Actual Total Time": 0.193,"Actual Rows": 376,"Actual Loops": 1,"Index Cond": "(s_nationkey = nation.n_nationkey)"}]}]},{"Node Type": "Hash","Parent Relationship": "Inner","Parallel Aware": false,"Async Capable": false,"Startup Cost": 88158.53,"Total Cost": 88158.53,"Plan Rows": 2694,"Plan Width": 4,"Actual Startup Time": 981.450,"Actual Total Time": 981.460,"Actual Rows": 6096,"Actual Loops": 1,"Hash Buckets": 8192,"Original Hash Buckets": 4096,"Hash Batches": 1,"Original Hash Batches": 1,"Peak Memory Usage": 279,"Plans": [{"Node Type": "Nested Loop","Parent Relationship": "Outer","Parallel Aware": false,"Async Capable": false,"Join Type": "Inner","Startup Cost": 0.42,"Total Cost": 88158.53,"Plan Rows": 2694,"Plan Width": 4,"Actual Startup Time": 0.997,"Actual Total Time": 977.591,"Actual Rows": 6096,"Actual Loops": 1,"Inner Unique": false,"Plans": [{"Node Type": "Seq Scan","Parent Relationship": "Outer","Parallel Aware": false,"Async Capable": false,"Relation Name": "part","Alias": "part","Startup Cost": 0.00,"Total Cost": 6597.00,"Plan Rows": 2020,"Plan Width": 4,"Actual Startup Time": 0.070,"Actual Total Time": 181.764,"Actual Rows": 2218,"Actual Loops": 1,"Filter": "((p_name)::text ~~ 'burlywood%'::text)","Rows Removed by Filter": 197782},{"Node Type": "Index Scan","Parent Relationship": "Inner","Parallel Aware": false,"Async Capable": false,"Scan Direction": "Forward","Index Name": "idx_partsupp_partkey","Relation Name": "partsupp","Alias": "partsupp","Startup Cost": 0.42,"Total Cost": 40.36,"Plan Rows": 1,"Plan Width": 8,"Actual Startup Time": 0.148,"Actual Total Time": 0.358,"Actual Rows": 3,"Actual Loops": 2218,"Index Cond": "(ps_partkey = part.p_partkey)","Rows Removed by Index Recheck": 0,"Filter": "((ps_availqty)::numeric > (SubPlan 1))","Rows Removed by Filter": 1,"Plans": [{"Node Type": "Aggregate","Strategy": "Plain","Partial Mode": "Simple","Parent Relationship": "SubPlan","Subplan Name": "SubPlan 1","Parallel Aware": false,"Async Capable": false,"Startup Cost": 8.46,"Total Cost": 8.47,"Plan Rows": 1,"Plan Width": 32,"Actual Startup Time": 0.081,"Actual Total Time": 0.082,"Actual Rows": 1,"Actual Loops": 8872,"Plans": [{"Node Type": "Index Scan","Parent Relationship": "Outer","Parallel Aware": false,"Async Capable": false,"Scan Direction": "Forward","Index Name": "idx_lineitem_part_supp","Relation Name": "lineitem","Alias": "lineitem","Startup Cost": 0.43,"Total Cost": 8.46,"Plan Rows": 0,"Plan Width": 5,"Actual Startup Time": 0.049,"Actual Total Time": 0.081,"Actual Rows": 1,"Actual Loops": 8872,"Index Cond": "((l_partkey = partsupp.ps_partkey) AND (l_suppkey = partsupp.ps_suppkey))","Rows Removed by Index Recheck": 0,"Filter": "((l_shipdate >= '1995-01-01'::date) AND (l_shipdate < '1996-01-01 00:00:00'::timestamp without time zone))","Rows Removed by Filter": 6}]}]}]}]}]}]},"Planning Time": 6.158,"Triggers": [],"Execution Time": 986.252}]
[{"Plan": {"Node Type": "Sort","Parallel Aware": false,"Async Capable": false,"Startup Cost": 88442.96,"Total Cost": 88443.23,"Plan Rows": 108,"Plan Width": 51,"Actual Startup Time": 976.904,"Actual Total Time": 976.945,"Actual Rows": 186,"Actual Loops": 1,"Sort Key": ["supplier.s_name"],"Sort Method": "quicksort","Sort Space Used": 42,"Sort Space Type": "Memory","Plans": [{"Node Type": "Hash Join","Parent Relationship": "Outer","Parallel Aware": false,"Async Capable": false,"Join Type": "Semi","Startup Cost": 88199.59,"Total Cost": 88439.31,"Plan Rows": 108,"Plan Width": 51,"Actual Startup Time": 972.365,"Actual Total Time": 976.578,"Actual Rows": 186,"Actual Loops": 1,"Inner Unique": false,"Hash Cond": "(supplier.s_suppkey = partsupp.ps_suppkey)","Plans": [{"Node Type": "Nested Loop","Parent Relationship": "Outer","Parallel Aware": false,"Async Capable": false,"Join Type": "Inner","Startup Cost": 7.38,"Total Cost": 244.58,"Plan Rows": 400,"Plan Width": 55,"Actual Startup Time": 0.363,"Actual Total Time": 4.447,"Actual Rows": 438,"Actual Loops": 1,"Inner Unique": false,"Plans": [{"Node Type": "Seq Scan","Parent Relationship": "Outer","Parallel Aware": false,"Async Capable": false,"Relation Name": "nation","Alias": "nation","Startup Cost": 0.00,"Total Cost": 1.31,"Plan Rows": 1,"Plan Width": 4,"Actual Startup Time": 0.081,"Actual Total Time": 0.109,"Actual Rows": 1,"Actual Loops": 1,"Filter": "(n_name = 'IRAQ'::bpchar)","Rows Removed by Filter": 24},{"Node Type": "Bitmap Heap Scan","Parent Relationship": "Inner","Parallel Aware": false,"Async Capable": false,"Relation Name": "supplier","Alias": "supplier","Startup Cost": 7.38,"Total Cost": 239.27,"Plan Rows": 400,"Plan Width": 59,"Actual Startup Time": 0.260,"Actual Total Time": 4.263,"Actual Rows": 438,"Actual Loops": 1,"Recheck Cond": "(s_nationkey = nation.n_nationkey)","Rows Removed by Index Recheck": 0,"Exact Heap Blocks": 194,"Lossy Heap Blocks": 0,"Plans": [{"Node Type": "Bitmap Index Scan","Parent Relationship": "Outer","Parallel Aware": false,"Async Capable": false,"Index Name": "idx_supplier_nation_key","Startup Cost": 0.00,"Total Cost": 7.29,"Plan Rows": 400,"Plan Width": 0,"Actual Startup Time": 0.198,"Actual Total Time": 0.203,"Actual Rows": 438,"Actual Loops": 1,"Index Cond": "(s_nationkey = nation.n_nationkey)"}]}]},{"Node Type": "Hash","Parent Relationship": "Inner","Parallel Aware": false,"Async Capable": false,"Startup Cost": 88158.53,"Total Cost": 88158.53,"Plan Rows": 2694,"Plan Width": 4,"Actual Startup Time": 971.937,"Actual Total Time": 971.951,"Actual Rows": 5955,"Actual Loops": 1,"Hash Buckets": 8192,"Original Hash Buckets": 4096,"Hash Batches": 1,"Original Hash Batches": 1,"Peak Memory Usage": 274,"Plans": [{"Node Type": "Nested Loop","Parent Relationship": "Outer","Parallel Aware": false,"Async Capable": false,"Join Type": "Inner","Startup Cost": 0.42,"Total Cost": 88158.53,"Plan Rows": 2694,"Plan Width": 4,"Actual Startup Time": 0.511,"Actual Total Time": 967.941,"Actual Rows": 5955,"Actual Loops": 1,"Inner Unique": false,"Plans": [{"Node Type": "Seq Scan","Parent Relationship": "Outer","Parallel Aware": false,"Async Capable": false,"Relation Name": "part","Alias": "part","Startup Cost": 0.00,"Total Cost": 6597.00,"Plan Rows": 2020,"Plan Width": 4,"Actual Startup Time": 0.150,"Actual Total Time": 182.184,"Actual Rows": 2180,"Actual Loops": 1,"Filter": "((p_name)::text ~~ 'gainsboro%'::text)","Rows Removed by Filter": 197820},{"Node Type": "Index Scan","Parent Relationship": "Inner","Parallel Aware": false,"Async Capable": false,"Scan Direction": "Forward","Index Name": "idx_partsupp_partkey","Relation Name": "partsupp","Alias": "partsupp","Startup Cost": 0.42,"Total Cost": 40.36,"Plan Rows": 1,"Plan Width": 8,"Actual Startup Time": 0.149,"Actual Total Time": 0.360,"Actual Rows": 3,"Actual Loops": 2180,"Index Cond": "(ps_partkey = part.p_partkey)","Rows Removed by Index Recheck": 0,"Filter": "((ps_availqty)::numeric > (SubPlan 1))","Rows Removed by Filter": 1,"Plans": [{"Node Type": "Aggregate","Strategy": "Plain","Partial Mode": "Simple","Parent Relationship": "SubPlan","Subplan Name": "SubPlan 1","Parallel Aware": false,"Async Capable": false,"Startup Cost": 8.46,"Total Cost": 8.47,"Plan Rows": 1,"Plan Width": 32,"Actual Startup Time": 0.082,"Actual Total Time": 0.082,"Actual Rows": 1,"Actual Loops": 8720,"Plans": [{"Node Type": "Index Scan","Parent Relationship": "Outer","Parallel Aware": false,"Async Capable": false,"Scan Direction": "Forward","Index Name": "idx_lineitem_part_supp","Relation Name": "lineitem","Alias": "lineitem","Startup Cost": 0.43,"Total Cost": 8.46,"Plan Rows": 0,"Plan Width": 5,"Actual Startup Time": 0.050,"Actual Total Time": 0.081,"Actual Rows": 1,"Actual Loops": 8720,"Index Cond": "((l_partkey = partsupp.ps_partkey) AND (l_suppkey = partsupp.ps_suppkey))","Rows Removed by Index Recheck": 0,"Filter": "((l_shipdate >= '1997-01-01'::date) AND (l_shipdate < '1998-01-01 00:00:00'::timestamp without time zone))","Rows Removed by Filter": 6}]}]}]}]}]}]},"Planning Time": 7.493,"Triggers": [],"Execution Time": 977.266}]
[{"Plan": {"Node Type": "Sort","Parallel Aware": false,"Async Capable": false,"Startup Cost": 88442.96,"Total Cost": 88443.23,"Plan Rows": 108,"Plan Width": 51,"Actual Startup Time": 916.519,"Actual Total Time": 916.558,"Actual Rows": 194,"Actual Loops": 1,"Sort Key": ["supplier.s_name"],"Sort Method": "quicksort","Sort Space Used": 43,"Sort Space Type": "Memory","Plans": [{"Node Type": "Hash Join","Parent Relationship": "Outer","Parallel Aware": false,"Async Capable": false,"Join Type": "Semi","Startup Cost": 88199.59,"Total Cost": 88439.31,"Plan Rows": 108,"Plan Width": 51,"Actual Startup Time": 912.166,"Actual Total Time": 916.190,"Actual Rows": 194,"Actual Loops": 1,"Inner Unique": false,"Hash Cond": "(supplier.s_suppkey = partsupp.ps_suppkey)","Plans": [{"Node Type": "Nested Loop","Parent Relationship": "Outer","Parallel Aware": false,"Async Capable": false,"Join Type": "Inner","Startup Cost": 7.38,"Total Cost": 244.58,"Plan Rows": 400,"Plan Width": 55,"Actual Startup Time": 0.240,"Actual Total Time": 4.207,"Actual Rows": 405,"Actual Loops": 1,"Inner Unique": false,"Plans": [{"Node Type": "Seq Scan","Parent Relationship": "Outer","Parallel Aware": false,"Async Capable": false,"Relation Name": "nation","Alias": "nation","Startup Cost": 0.00,"Total Cost": 1.31,"Plan Rows": 1,"Plan Width": 4,"Actual Startup Time": 0.067,"Actual Total Time": 0.085,"Actual Rows": 1,"Actual Loops": 1,"Filter": "(n_name = 'INDONESIA'::bpchar)","Rows Removed by Filter": 24},{"Node Type": "Bitmap Heap Scan","Parent Relationship": "Inner","Parallel Aware": false,"Async Capable": false,"Relation Name": "supplier","Alias": "supplier","Startup Cost": 7.38,"Total Cost": 239.27,"Plan Rows": 400,"Plan Width": 59,"Actual Startup Time": 0.168,"Actual Total Time": 4.056,"Actual Rows": 405,"Actual Loops": 1,"Recheck Cond": "(s_nationkey = nation.n_nationkey)","Rows Removed by Index Recheck": 0,"Exact Heap Blocks": 192,"Lossy Heap Blocks": 0,"Plans": [{"Node Type": "Bitmap Index Scan","Parent Relationship": "Outer","Parallel Aware": false,"Async Capable": false,"Index Name": "idx_supplier_nation_key","Startup Cost": 0.00,"Total Cost": 7.29,"Plan Rows": 400,"Plan Width": 0,"Actual Startup Time": 0.110,"Actual Total Time": 0.115,"Actual Rows": 405,"Actual Loops": 1,"Index Cond": "(s_nationkey = nation.n_nationkey)"}]}]},{"Node Type": "Hash","Parent Relationship": "Inner","Parallel Aware": false,"Async Capable": false,"Startup Cost": 88158.53,"Total Cost": 88158.53,"Plan Rows": 2694,"Plan Width": 4,"Actual Startup Time": 911.840,"Actual Total Time": 911.849,"Actual Rows": 5923,"Actual Loops": 1,"Hash Buckets": 8192,"Original Hash Buckets": 4096,"Hash Batches": 1,"Original Hash Batches": 1,"Peak Memory Usage": 273,"Plans": [{"Node Type": "Nested Loop","Parent Relationship": "Outer","Parallel Aware": false,"Async Capable": false,"Join Type": "Inner","Startup Cost": 0.42,"Total Cost": 88158.53,"Plan Rows": 2694,"Plan Width": 4,"Actual Startup Time": 0.470,"Actual Total Time": 907.663,"Actual Rows": 5923,"Actual Loops": 1,"Inner Unique": false,"Plans": [{"Node Type": "Seq Scan","Parent Relationship": "Outer","Parallel Aware": false,"Async Capable": false,"Relation Name": "part","Alias": "part","Startup Cost": 0.00,"Total Cost": 6597.00,"Plan Rows": 2020,"Plan Width": 4,"Actual Startup Time": 0.060,"Actual Total Time": 196.480,"Actual Rows": 2210,"Actual Loops": 1,"Filter": "((p_name)::text ~~ 'medium%'::text)","Rows Removed by Filter": 197790},{"Node Type": "Index Scan","Parent Relationship": "Inner","Parallel Aware": false,"Async Capable": false,"Scan Direction": "Forward","Index Name": "idx_partsupp_partkey","Relation Name": "partsupp","Alias": "partsupp","Startup Cost": 0.42,"Total Cost": 40.36,"Plan Rows": 1,"Plan Width": 8,"Actual Startup Time": 0.136,"Actual Total Time": 0.321,"Actual Rows": 3,"Actual Loops": 2210,"Index Cond": "(ps_partkey = part.p_partkey)","Rows Removed by Index Recheck": 0,"Filter": "((ps_availqty)::numeric > (SubPlan 1))","Rows Removed by Filter": 1,"Plans": [{"Node Type": "Aggregate","Strategy": "Plain","Partial Mode": "Simple","Parent Relationship": "SubPlan","Subplan Name": "SubPlan 1","Parallel Aware": false,"Async Capable": false,"Startup Cost": 8.46,"Total Cost": 8.47,"Plan Rows": 1,"Plan Width": 32,"Actual Startup Time": 0.072,"Actual Total Time": 0.072,"Actual Rows": 1,"Actual Loops": 8840,"Plans": [{"Node Type": "Index Scan","Parent Relationship": "Outer","Parallel Aware": false,"Async Capable": false,"Scan Direction": "Forward","Index Name": "idx_lineitem_part_supp","Relation Name": "lineitem","Alias": "lineitem","Startup Cost": 0.43,"Total Cost": 8.46,"Plan Rows": 0,"Plan Width": 5,"Actual Startup Time": 0.044,"Actual Total Time": 0.071,"Actual Rows": 1,"Actual Loops": 8840,"Index Cond": "((l_partkey = partsupp.ps_partkey) AND (l_suppkey = partsupp.ps_suppkey))","Rows Removed by Index Recheck": 0,"Filter": "((l_shipdate >= '1994-01-01'::date) AND (l_shipdate < '1995-01-01 00:00:00'::timestamp without time zone))","Rows Removed by Filter": 6}]}]}]}]}]}]},"Planning Time": 7.385,"Triggers": [],"Execution Time": 916.778}]
[{"Plan": {"Node Type": "Sort","Parallel Aware": false,"Async Capable": false,"Startup Cost": 165280.99,"Total Cost": 165281.52,"Plan Rows": 215,"Plan Width": 51,"Actual Startup Time": 981.804,"Actual Total Time": 981.844,"Actual Rows": 161,"Actual Loops": 1,"Sort Key": ["supplier.s_name"],"Sort Method": "quicksort","Sort Space Used": 39,"Sort Space Type": "Memory","Plans": [{"Node Type": "Hash Join","Parent Relationship": "Outer","Parallel Aware": false,"Async Capable": false,"Join Type": "Semi","Startup Cost": 165030.68,"Total Cost": 165272.66,"Plan Rows": 215,"Plan Width": 51,"Actual Startup Time": 977.015,"Actual Total Time": 981.500,"Actual Rows": 161,"Actual Loops": 1,"Inner Unique": false,"Hash Cond": "(supplier.s_suppkey = partsupp.ps_suppkey)","Plans": [{"Node Type": "Nested Loop","Parent Relationship": "Outer","Parallel Aware": false,"Async Capable": false,"Join Type": "Inner","Startup Cost": 7.38,"Total Cost": 244.58,"Plan Rows": 400,"Plan Width": 55,"Actual Startup Time": 0.328,"Actual Total Time": 4.239,"Actual Rows": 401,"Actual Loops": 1,"Inner Unique": false,"Plans": [{"Node Type": "Seq Scan","Parent Relationship": "Outer","Parallel Aware": false,"Async Capable": false,"Relation Name": "nation","Alias": "nation","Startup Cost": 0.00,"Total Cost": 1.31,"Plan Rows": 1,"Plan Width": 4,"Actual Startup Time": 0.090,"Actual Total Time": 0.109,"Actual Rows": 1,"Actual Loops": 1,"Filter": "(n_name = 'RUSSIA'::bpchar)","Rows Removed by Filter": 24},{"Node Type": "Bitmap Heap Scan","Parent Relationship": "Inner","Parallel Aware": false,"Async Capable": false,"Relation Name": "supplier","Alias": "supplier","Startup Cost": 7.38,"Total Cost": 239.27,"Plan Rows": 400,"Plan Width": 59,"Actual Startup Time": 0.229,"Actual Total Time": 4.052,"Actual Rows": 401,"Actual Loops": 1,"Recheck Cond": "(s_nationkey = nation.n_nationkey)","Rows Removed by Index Recheck": 0,"Exact Heap Blocks": 180,"Lossy Heap Blocks": 0,"Plans": [{"Node Type": "Bitmap Index Scan","Parent Relationship": "Outer","Parallel Aware": false,"Async Capable": false,"Index Name": "idx_supplier_nation_key","Startup Cost": 0.00,"Total Cost": 7.29,"Plan Rows": 400,"Plan Width": 0,"Actual Startup Time": 0.166,"Actual Total Time": 0.171,"Actual Rows": 401,"Actual Loops": 1,"Index Cond": "(s_nationkey = nation.n_nationkey)"}]}]},{"Node Type": "Hash","Parent Relationship": "Inner","Parallel Aware": false,"Async Capable": false,"Startup Cost": 164955.96,"Total Cost": 164955.96,"Plan Rows": 5387,"Plan Width": 4,"Actual Startup Time": 976.587,"Actual Total Time": 976.596,"Actual Rows": 5960,"Actual Loops": 1,"Hash Buckets": 8192,"Original Hash Buckets": 8192,"Hash Batches": 1,"Original Hash Batches": 1,"Peak Memory Usage": 274,"Plans": [{"Node Type": "Nested Loop","Parent Relationship": "Outer","Parallel Aware": false,"Async Capable": false,"Join Type": "Inner","Startup Cost": 0.42,"Total Cost": 164955.96,"Plan Rows": 5387,"Plan Width": 4,"Actual Startup Time": 0.538,"Actual Total Time": 970.860,"Actual Rows": 5960,"Actual Loops": 1,"Inner Unique": false,"Plans": [{"Node Type": "Seq Scan","Parent Relationship": "Outer","Parallel Aware": false,"Async Capable": false,"Relation Name": "part","Alias": "part","Startup Cost": 0.00,"Total Cost": 6597.00,"Plan Rows": 4040,"Plan Width": 4,"Actual Startup Time": 0.143,"Actual Total Time": 182.417,"Actual Rows": 2198,"Actual Loops": 1,"Filter": "((p_name)::text ~~ 'rosy%'::text)","Rows Removed by Filter": 197802},{"Node Type": "Index Scan","Parent Relationship": "Inner","Parallel Aware": false,"Async Capable": false,"Scan Direction": "Forward","Index Name": "idx_partsupp_partkey","Relation Name": "partsupp","Alias": "partsupp","Startup Cost": 0.42,"Total Cost": 39.18,"Plan Rows": 1,"Plan Width": 8,"Actual Startup Time": 0.150,"Actual Total Time": 0.358,"Actual Rows": 3,"Actual Loops": 2198,"Index Cond": "(ps_partkey = part.p_partkey)","Rows Removed by Index Recheck": 0,"Filter": "((ps_availqty)::numeric > (SubPlan 1))","Rows Removed by Filter": 1,"Plans": [{"Node Type": "Aggregate","Strategy": "Plain","Partial Mode": "Simple","Parent Relationship": "SubPlan","Subplan Name": "SubPlan 1","Parallel Aware": false,"Async Capable": false,"Startup Cost": 8.46,"Total Cost": 8.47,"Plan Rows": 1,"Plan Width": 32,"Actual Startup Time": 0.081,"Actual Total Time": 0.081,"Actual Rows": 1,"Actual Loops": 8792,"Plans": [{"Node Type": "Index Scan","Parent Relationship": "Outer","Parallel Aware": false,"Async Capable": false,"Scan Direction": "Forward","Index Name": "idx_lineitem_part_supp","Relation Name": "lineitem","Alias": "lineitem","Startup Cost": 0.43,"Total Cost": 8.46,"Plan Rows": 0,"Plan Width": 5,"Actual Startup Time": 0.049,"Actual Total Time": 0.081,"Actual Rows": 1,"Actual Loops": 8792,"Index Cond": "((l_partkey = partsupp.ps_partkey) AND (l_suppkey = partsupp.ps_suppkey))","Rows Removed by Index Recheck": 0,"Filter": "((l_shipdate >= '1997-01-01'::date) AND (l_shipdate < '1998-01-01 00:00:00'::timestamp without time zone))","Rows Removed by Filter": 6}]}]}]}]}]}]},"Planning Time": 7.002,"Triggers": [],"Execution Time": 982.144}]
[{"Plan": {"Node Type": "Sort","Parallel Aware": false,"Async Capable": false,"Startup Cost": 88442.96,"Total Cost": 88443.23,"Plan Rows": 108,"Plan Width": 51,"Actual Startup Time": 878.197,"Actual Total Time": 878.236,"Actual Rows": 165,"Actual Loops": 1,"Sort Key": ["supplier.s_name"],"Sort Method": "quicksort","Sort Space Used": 40,"Sort Space Type": "Memory","Plans": [{"Node Type": "Hash Join","Parent Relationship": "Outer","Parallel Aware": false,"Async Capable": false,"Join Type": "Semi","Startup Cost": 88199.59,"Total Cost": 88439.31,"Plan Rows": 108,"Plan Width": 51,"Actual Startup Time": 873.750,"Actual Total Time": 877.884,"Actual Rows": 165,"Actual Loops": 1,"Inner Unique": false,"Hash Cond": "(supplier.s_suppkey = partsupp.ps_suppkey)","Plans": [{"Node Type": "Nested Loop","Parent Relationship": "Outer","Parallel Aware": false,"Async Capable": false,"Join Type": "Inner","Startup Cost": 7.38,"Total Cost": 244.58,"Plan Rows": 400,"Plan Width": 55,"Actual Startup Time": 0.257,"Actual Total Time": 4.356,"Actual Rows": 396,"Actual Loops": 1,"Inner Unique": false,"Plans": [{"Node Type": "Seq Scan","Parent Relationship": "Outer","Parallel Aware": false,"Async Capable": false,"Relation Name": "nation","Alias": "nation","Startup Cost": 0.00,"Total Cost": 1.31,"Plan Rows": 1,"Plan Width": 4,"Actual Startup Time": 0.068,"Actual Total Time": 0.097,"Actual Rows": 1,"Actual Loops": 1,"Filter": "(n_name = 'GERMANY'::bpchar)","Rows Removed by Filter": 24},{"Node Type": "Bitmap Heap Scan","Parent Relationship": "Inner","Parallel Aware": false,"Async Capable": false,"Relation Name": "supplier","Alias": "supplier","Startup Cost": 7.38,"Total Cost": 239.27,"Plan Rows": 400,"Plan Width": 59,"Actual Startup Time": 0.183,"Actual Total Time": 4.186,"Actual Rows": 396,"Actual Loops": 1,"Recheck Cond": "(s_nationkey = nation.n_nationkey)","Rows Removed by Index Recheck": 0,"Exact Heap Blocks": 191,"Lossy Heap Blocks": 0,"Plans": [{"Node Type": "Bitmap Index Scan","Parent Relationship": "Outer","Parallel Aware": false,"Async Capable": false,"Index Name": "idx_supplier_nation_key","Startup Cost": 0.00,"Total Cost": 7.29,"Plan Rows": 400,"Plan Width": 0,"Actual Startup Time": 0.111,"Actual Total Time": 0.115,"Actual Rows": 396,"Actual Loops": 1,"Index Cond": "(s_nationkey = nation.n_nationkey)"}]}]},{"Node Type": "Hash","Parent Relationship": "Inner","Parallel Aware": false,"Async Capable": false,"Startup Cost": 88158.53,"Total Cost": 88158.53,"Plan Rows": 2694,"Plan Width": 4,"Actual Startup Time": 873.390,"Actual Total Time": 873.398,"Actual Rows": 5654,"Actual Loops": 1,"Hash Buckets": 8192,"Original Hash Buckets": 4096,"Hash Batches": 1,"Original Hash Batches": 1,"Peak Memory Usage": 263,"Plans": [{"Node Type": "Nested Loop","Parent Relationship": "Outer","Parallel Aware": false,"Async Capable": false,"Join Type": "Inner","Startup Cost": 0.42,"Total Cost": 88158.53,"Plan Rows": 2694,"Plan Width": 4,"Actual Startup Time": 0.612,"Actual Total Time": 869.263,"Actual Rows": 5654,"Actual Loops": 1,"Inner Unique": false,"Plans": [{"Node Type": "Seq Scan","Parent Relationship": "Outer","Parallel Aware": false,"Async Capable": false,"Relation Name": "part","Alias": "part","Startup Cost": 0.00,"Total Cost": 6597.00,"Plan Rows": 2020,"Plan Width": 4,"Actual Startup Time": 0.094,"Actual Total Time": 197.013,"Actual Rows": 2071,"Actual Loops": 1,"Filter": "((p_name)::text ~~ 'honeydew%'::text)","Rows Removed by Filter": 197929},{"Node Type": "Index Scan","Parent Relationship": "Inner","Parallel Aware": false,"Async Capable": false,"Scan Direction": "Forward","Index Name": "idx_partsupp_partkey","Relation Name": "partsupp","Alias": "partsupp","Startup Cost": 0.42,"Total Cost": 40.36,"Plan Rows": 1,"Plan Width": 8,"Actual Startup Time": 0.137,"Actual Total Time": 0.324,"Actual Rows": 3,"Actual Loops": 2071,"Index Cond": "(ps_partkey = part.p_partkey)","Rows Removed by Index Recheck": 0,"Filter": "((ps_availqty)::numeric > (SubPlan 1))","Rows Removed by Filter": 1,"Plans": [{"Node Type": "Aggregate","Strategy": "Plain","Partial Mode": "Simple","Parent Relationship": "SubPlan","Subplan Name": "SubPlan 1","Parallel Aware": false,"Async Capable": false,"Startup Cost": 8.46,"Total Cost": 8.47,"Plan Rows": 1,"Plan Width": 32,"Actual Startup Time": 0.073,"Actual Total Time": 0.073,"Actual Rows": 1,"Actual Loops": 8284,"Plans": [{"Node Type": "Index Scan","Parent Relationship": "Outer","Parallel Aware": false,"Async Capable": false,"Scan Direction": "Forward","Index Name": "idx_lineitem_part_supp","Relation Name": "lineitem","Alias": "lineitem","Startup Cost": 0.43,"Total Cost": 8.46,"Plan Rows": 0,"Plan Width": 5,"Actual Startup Time": 0.044,"Actual Total Time": 0.072,"Actual Rows": 1,"Actual Loops": 8284,"Index Cond": "((l_partkey = partsupp.ps_partkey) AND (l_suppkey = partsupp.ps_suppkey))","Rows Removed by Index Recheck": 0,"Filter": "((l_shipdate >= '1994-01-01'::date) AND (l_shipdate < '1995-01-01 00:00:00'::timestamp without time zone))","Rows Removed by Filter": 6}]}]}]}]}]}]},"Planning Time": 5.562,"Triggers": [],"Execution Time": 878.508}]
[{"Plan": {"Node Type": "Sort","Parallel Aware": false,"Async Capable": false,"Startup Cost": 88442.96,"Total Cost": 88443.23,"Plan Rows": 108,"Plan Width": 51,"Actual Startup Time": 924.166,"Actual Total Time": 924.209,"Actual Rows": 188,"Actual Loops": 1,"Sort Key": ["supplier.s_name"],"Sort Method": "quicksort","Sort Space Used": 42,"Sort Space Type": "Memory","Plans": [{"Node Type": "Hash Join","Parent Relationship": "Outer","Parallel Aware": false,"Async Capable": false,"Join Type": "Semi","Startup Cost": 88199.59,"Total Cost": 88439.31,"Plan Rows": 108,"Plan Width": 51,"Actual Startup Time": 919.793,"Actual Total Time": 923.841,"Actual Rows": 188,"Actual Loops": 1,"Inner Unique": false,"Hash Cond": "(supplier.s_suppkey = partsupp.ps_suppkey)","Plans": [{"Node Type": "Nested Loop","Parent Relationship": "Outer","Parallel Aware": false,"Async Capable": false,"Join Type": "Inner","Startup Cost": 7.38,"Total Cost": 244.58,"Plan Rows": 400,"Plan Width": 55,"Actual Startup Time": 0.298,"Actual Total Time": 4.229,"Actual Rows": 421,"Actual Loops": 1,"Inner Unique": false,"Plans": [{"Node Type": "Seq Scan","Parent Relationship": "Outer","Parallel Aware": false,"Async Capable": false,"Relation Name": "nation","Alias": "nation","Startup Cost": 0.00,"Total Cost": 1.31,"Plan Rows": 1,"Plan Width": 4,"Actual Startup Time": 0.058,"Actual Total Time": 0.084,"Actual Rows": 1,"Actual Loops": 1,"Filter": "(n_name = 'PERU'::bpchar)","Rows Removed by Filter": 24},{"Node Type": "Bitmap Heap Scan","Parent Relationship": "Inner","Parallel Aware": false,"Async Capable": false,"Relation Name": "supplier","Alias": "supplier","Startup Cost": 7.38,"Total Cost": 239.27,"Plan Rows": 400,"Plan Width": 59,"Actual Startup Time": 0.227,"Actual Total Time": 4.069,"Actual Rows": 421,"Actual Loops": 1,"Recheck Cond": "(s_nationkey = nation.n_nationkey)","Rows Removed by Index Recheck": 0,"Exact Heap Blocks": 187,"Lossy Heap Blocks": 0,"Plans": [{"Node Type": "Bitmap Index Scan","Parent Relationship": "Outer","Parallel Aware": false,"Async Capable": false,"Index Name": "idx_supplier_nation_key","Startup Cost": 0.00,"Total Cost": 7.29,"Plan Rows": 400,"Plan Width": 0,"Actual Startup Time": 0.159,"Actual Total Time": 0.165,"Actual Rows": 421,"Actual Loops": 1,"Index Cond": "(s_nationkey = nation.n_nationkey)"}]}]},{"Node Type": "Hash","Parent Relationship": "Inner","Parallel Aware": false,"Async Capable": false,"Startup Cost": 88158.53,"Total Cost": 88158.53,"Plan Rows": 2694,"Plan Width": 4,"Actual Startup Time": 919.409,"Actual Total Time": 919.423,"Actual Rows": 5992,"Actual Loops": 1,"Hash Buckets": 8192,"Original Hash Buckets": 4096,"Hash Batches": 1,"Original Hash Batches": 1,"Peak Memory Usage": 275,"Plans": [{"Node Type": "Nested Loop","Parent Relationship": "Outer","Parallel Aware": false,"Async Capable": false,"Join Type": "Inner","Startup Cost": 0.42,"Total Cost": 88158.53,"Plan Rows": 2694,"Plan Width": 4,"Actual Startup Time": 0.463,"Actual Total Time": 914.910,"Actual Rows": 5992,"Actual Loops": 1,"Inner Unique": false,"Plans": [{"Node Type": "Seq Scan","Parent Relationship": "Outer","Parallel Aware": false,"Async Capable": false,"Relation Name": "part","Alias": "part","Startup Cost": 0.00,"Total Cost": 6597.00,"Plan Rows": 2020,"Plan Width": 4,"Actual Startup Time": 0.169,"Actual Total Time": 201.341,"Actual Rows": 2222,"Actual Loops": 1,"Filter": "((p_name)::text ~~ 'hot%'::text)","Rows Removed by Filter": 197778},{"Node Type": "Index Scan","Parent Relationship": "Inner","Parallel Aware": false,"Async Capable": false,"Scan Direction": "Forward","Index Name": "idx_partsupp_partkey","Relation Name": "partsupp","Alias": "partsupp","Startup Cost": 0.42,"Total Cost": 40.36,"Plan Rows": 1,"Plan Width": 8,"Actual Startup Time": 0.138,"Actual Total Time": 0.321,"Actual Rows": 3,"Actual Loops": 2222,"Index Cond": "(ps_partkey = part.p_partkey)","Rows Removed by Index Recheck": 0,"Filter": "((ps_availqty)::numeric > (SubPlan 1))","Rows Removed by Filter": 1,"Plans": [{"Node Type": "Aggregate","Strategy": "Plain","Partial Mode": "Simple","Parent Relationship": "SubPlan","Subplan Name": "SubPlan 1","Parallel Aware": false,"Async Capable": false,"Startup Cost": 8.46,"Total Cost": 8.47,"Plan Rows": 1,"Plan Width": 32,"Actual Startup Time": 0.072,"Actual Total Time": 0.072,"Actual Rows": 1,"Actual Loops": 8888,"Plans": [{"Node Type": "Index Scan","Parent Relationship": "Outer","Parallel Aware": false,"Async Capable": false,"Scan Direction": "Forward","Index Name": "idx_lineitem_part_supp","Relation Name": "lineitem","Alias": "lineitem","Startup Cost": 0.43,"Total Cost": 8.46,"Plan Rows": 0,"Plan Width": 5,"Actual Startup Time": 0.044,"Actual Total Time": 0.071,"Actual Rows": 1,"Actual Loops": 8888,"Index Cond": "((l_partkey = partsupp.ps_partkey) AND (l_suppkey = partsupp.ps_suppkey))","Rows Removed by Index Recheck": 0,"Filter": "((l_shipdate >= '1996-01-01'::date) AND (l_shipdate < '1997-01-01 00:00:00'::timestamp without time zone))","Rows Removed by Filter": 6}]}]}]}]}]}]},"Planning Time": 6.092,"Triggers": [],"Execution Time": 924.506}]
[{"Plan": {"Node Type": "Sort","Parallel Aware": false,"Async Capable": false,"Startup Cost": 165280.99,"Total Cost": 165281.52,"Plan Rows": 215,"Plan Width": 51,"Actual Startup Time": 973.065,"Actual Total Time": 973.113,"Actual Rows": 176,"Actual Loops": 1,"Sort Key": ["supplier.s_name"],"Sort Method": "quicksort","Sort Space Used": 41,"Sort Space Type": "Memory","Plans": [{"Node Type": "Hash Join","Parent Relationship": "Outer","Parallel Aware": false,"Async Capable": false,"Join Type": "Semi","Startup Cost": 165030.68,"Total Cost": 165272.66,"Plan Rows": 215,"Plan Width": 51,"Actual Startup Time": 968.241,"Actual Total Time": 972.734,"Actual Rows": 176,"Actual Loops": 1,"Inner Unique": false,"Hash Cond": "(supplier.s_suppkey = partsupp.ps_suppkey)","Plans": [{"Node Type": "Nested Loop","Parent Relationship": "Outer","Parallel Aware": false,"Async Capable": false,"Join Type": "Inner","Startup Cost": 7.38,"Total Cost": 244.58,"Plan Rows": 400,"Plan Width": 55,"Actual Startup Time": 0.268,"Actual Total Time": 4.180,"Actual Rows": 412,"Actual Loops": 1,"Inner Unique": false,"Plans": [{"Node Type": "Seq Scan","Parent Relationship": "Outer","Parallel Aware": false,"Async Capable": false,"Relation Name": "nation","Alias": "nation","Startup Cost": 0.00,"Total Cost": 1.31,"Plan Rows": 1,"Plan Width": 4,"Actual Startup Time": 0.073,"Actual Total Time": 0.097,"Actual Rows": 1,"Actual Loops": 1,"Filter": "(n_name = 'CANADA'::bpchar)","Rows Removed by Filter": 24},{"Node Type": "Bitmap Heap Scan","Parent Relationship": "Inner","Parallel Aware": false,"Async Capable": false,"Relation Name": "supplier","Alias": "supplier","Startup Cost": 7.38,"Total Cost": 239.27,"Plan Rows": 400,"Plan Width": 59,"Actual Startup Time": 0.191,"Actual Total Time": 4.001,"Actual Rows": 412,"Actual Loops": 1,"Recheck Cond": "(s_nationkey = nation.n_nationkey)","Rows Removed by Index Recheck": 0,"Exact Heap Blocks": 189,"Lossy Heap Blocks": 0,"Plans": [{"Node Type": "Bitmap Index Scan","Parent Relationship": "Outer","Parallel Aware": false,"Async Capable": false,"Index Name": "idx_supplier_nation_key","Startup Cost": 0.00,"Total Cost": 7.29,"Plan Rows": 400,"Plan Width": 0,"Actual Startup Time": 0.130,"Actual Total Time": 0.136,"Actual Rows": 412,"Actual Loops": 1,"Index Cond": "(s_nationkey = nation.n_nationkey)"}]}]},{"Node Type": "Hash","Parent Relationship": "Inner","Parallel Aware": false,"Async Capable": false,"Startup Cost": 164955.96,"Total Cost": 164955.96,"Plan Rows": 5387,"Plan Width": 4,"Actual Startup Time": 967.856,"Actual Total Time": 967.873,"Actual Rows": 5916,"Actual Loops": 1,"Hash Buckets": 8192,"Original Hash Buckets": 8192,"Hash Batches": 1,"Original Hash Batches": 1,"Peak Memory Usage": 272,"Plans": [{"Node Type": "Nested Loop","Parent Relationship": "Outer","Parallel Aware": false,"Async Capable": false,"Join Type": "Inner","Startup Cost": 0.42,"Total Cost": 164955.96,"Plan Rows": 5387,"Plan Width": 4,"Actual Startup Time": 0.578,"Actual Total Time": 962.229,"Actual Rows": 5916,"Actual Loops": 1,"Inner Unique": false,"Plans": [{"Node Type": "Seq Scan","Parent Relationship": "Outer","Parallel Aware": false,"Async Capable": false,"Relation Name": "part","Alias": "part","Startup Cost": 0.00,"Total Cost": 6597.00,"Plan Rows": 4040,"Plan Width": 4,"Actual Startup Time": 0.050,"Actual Total Time": 182.827,"Actual Rows": 2157,"Actual Loops": 1,"Filter": "((p_name)::text ~~ 'spring%'::text)","Rows Removed by Filter": 197843},{"Node Type": "Index Scan","Parent Relationship": "Inner","Parallel Aware": false,"Async Capable": false,"Scan Direction": "Forward","Index Name": "idx_partsupp_partkey","Relation Name": "partsupp","Alias": "partsupp","Startup Cost": 0.42,"Total Cost": 39.18,"Plan Rows": 1,"Plan Width": 8,"Actual Startup Time": 0.152,"Actual Total Time": 0.361,"Actual Rows": 3,"Actual Loops": 2157,"Index Cond": "(ps_partkey = part.p_partkey)","Rows Removed by Index Recheck": 0,"Filter": "((ps_availqty)::numeric > (SubPlan 1))","Rows Removed by Filter": 1,"Plans": [{"Node Type": "Aggregate","Strategy": "Plain","Partial Mode": "Simple","Parent Relationship": "SubPlan","Subplan Name": "SubPlan 1","Parallel Aware": false,"Async Capable": false,"Startup Cost": 8.46,"Total Cost": 8.47,"Plan Rows": 1,"Plan Width": 32,"Actual Startup Time": 0.082,"Actual Total Time": 0.082,"Actual Rows": 1,"Actual Loops": 8628,"Plans": [{"Node Type": "Index Scan","Parent Relationship": "Outer","Parallel Aware": false,"Async Capable": false,"Scan Direction": "Forward","Index Name": "idx_lineitem_part_supp","Relation Name": "lineitem","Alias": "lineitem","Startup Cost": 0.43,"Total Cost": 8.46,"Plan Rows": 0,"Plan Width": 5,"Actual Startup Time": 0.050,"Actual Total Time": 0.081,"Actual Rows": 1,"Actual Loops": 8628,"Index Cond": "((l_partkey = partsupp.ps_partkey) AND (l_suppkey = partsupp.ps_suppkey))","Rows Removed by Index Recheck": 0,"Filter": "((l_shipdate >= '1993-01-01'::date) AND (l_shipdate < '1994-01-01 00:00:00'::timestamp without time zone))","Rows Removed by Filter": 6}]}]}]}]}]}]},"Planning Time": 6.145,"Triggers": [],"Execution Time": 973.399}]
[{"Plan": {"Node Type": "Sort","Parallel Aware": false,"Async Capable": false,"Startup Cost": 88442.96,"Total Cost": 88443.23,"Plan Rows": 108,"Plan Width": 51,"Actual Startup Time": 927.786,"Actual Total Time": 927.818,"Actual Rows": 171,"Actual Loops": 1,"Sort Key": ["supplier.s_name"],"Sort Method": "quicksort","Sort Space Used": 40,"Sort Space Type": "Memory","Plans": [{"Node Type": "Hash Join","Parent Relationship": "Outer","Parallel Aware": false,"Async Capable": false,"Join Type": "Semi","Startup Cost": 88199.59,"Total Cost": 88439.31,"Plan Rows": 108,"Plan Width": 51,"Actual Startup Time": 922.920,"Actual Total Time": 927.305,"Actual Rows": 171,"Actual Loops": 1,"Inner Unique": false,"Hash Cond": "(supplier.s_suppkey = partsupp.ps_suppkey)","Plans": [{"Node Type": "Nested Loop","Parent Relationship": "Outer","Parallel Aware": false,"Async Capable": false,"Join Type": "Inner","Startup Cost": 7.38,"Total Cost": 244.58,"Plan Rows": 400,"Plan Width": 55,"Actual Startup Time": 0.248,"Actual Total Time": 4.556,"Actual Rows": 420,"Actual Loops": 1,"Inner Unique": false,"Plans": [{"Node Type": "Seq Scan","Parent Relationship": "Outer","Parallel Aware": false,"Async Capable": false,"Relation Name": "nation","Alias": "nation","Startup Cost": 0.00,"Total Cost": 1.31,"Plan Rows": 1,"Plan Width": 4,"Actual Startup Time": 0.063,"Actual Total Time": 0.096,"Actual Rows": 1,"Actual Loops": 1,"Filter": "(n_name = 'ALGERIA'::bpchar)","Rows Removed by Filter": 24},{"Node Type": "Bitmap Heap Scan","Parent Relationship": "Inner","Parallel Aware": false,"Async Capable": false,"Relation Name": "supplier","Alias": "supplier","Startup Cost": 7.38,"Total Cost": 239.27,"Plan Rows": 400,"Plan Width": 59,"Actual Startup Time": 0.178,"Actual Total Time": 4.387,"Actual Rows": 420,"Actual Loops": 1,"Recheck Cond": "(s_nationkey = nation.n_nationkey)","Rows Removed by Index Recheck": 0,"Exact Heap Blocks": 197,"Lossy Heap Blocks": 0,"Plans": [{"Node Type": "Bitmap Index Scan","Parent Relationship": "Outer","Parallel Aware": false,"Async Capable": false,"Index Name": "idx_supplier_nation_key","Startup Cost": 0.00,"Total Cost": 7.29,"Plan Rows": 400,"Plan Width": 0,"Actual Startup Time": 0.112,"Actual Total Time": 0.115,"Actual Rows": 420,"Actual Loops": 1,"Index Cond": "(s_nationkey = nation.n_nationkey)"}]}]},{"Node Type": "Hash","Parent Relationship": "Inner","Parallel Aware": false,"Async Capable": false,"Startup Cost": 88158.53,"Total Cost": 88158.53,"Plan Rows": 2694,"Plan Width": 4,"Actual Startup Time": 922.556,"Actual Total Time": 922.568,"Actual Rows": 6107,"Actual Loops": 1,"Hash Buckets": 8192,"Original Hash Buckets": 4096,"Hash Batches": 1,"Original Hash Batches": 1,"Peak Memory Usage": 279,"Plans": [{"Node Type": "Nested Loop","Parent Relationship": "Outer","Parallel Aware": false,"Async Capable": false,"Join Type": "Inner","Startup Cost": 0.42,"Total Cost": 88158.53,"Plan Rows": 2694,"Plan Width": 4,"Actual Startup Time": 0.546,"Actual Total Time": 917.814,"Actual Rows": 6107,"Actual Loops": 1,"Inner Unique": false,"Plans": [{"Node Type": "Seq Scan","Parent Relationship": "Outer","Parallel Aware": false,"Async Capable": false,"Relation Name": "part","Alias": "part","Startup Cost": 0.00,"Total Cost": 6597.00,"Plan Rows": 2020,"Plan Width": 4,"Actual Startup Time": 0.070,"Actual Total Time": 196.504,"Actual Rows": 2255,"Actual Loops": 1,"Filter": "((p_name)::text ~~ 'navajo%'::text)","Rows Removed by Filter": 197745},{"Node Type": "Index Scan","Parent Relationship": "Inner","Parallel Aware": false,"Async Capable": false,"Scan Direction": "Forward","Index Name": "idx_partsupp_partkey","Relation Name": "partsupp","Alias": "partsupp","Startup Cost": 0.42,"Total Cost": 40.36,"Plan Rows": 1,"Plan Width": 8,"Actual Startup Time": 0.136,"Actual Total Time": 0.319,"Actual Rows": 3,"Actual Loops": 2255,"Index Cond": "(ps_partkey = part.p_partkey)","Rows Removed by Index Recheck": 0,"Filter": "((ps_availqty)::numeric > (SubPlan 1))","Rows Removed by Filter": 1,"Plans": [{"Node Type": "Aggregate","Strategy": "Plain","Partial Mode": "Simple","Parent Relationship": "SubPlan","Subplan Name": "SubPlan 1","Parallel Aware": false,"Async Capable": false,"Startup Cost": 8.46,"Total Cost": 8.47,"Plan Rows": 1,"Plan Width": 32,"Actual Startup Time": 0.071,"Actual Total Time": 0.071,"Actual Rows": 1,"Actual Loops": 9020,"Plans": [{"Node Type": "Index Scan","Parent Relationship": "Outer","Parallel Aware": false,"Async Capable": false,"Scan Direction": "Forward","Index Name": "idx_lineitem_part_supp","Relation Name": "lineitem","Alias": "lineitem","Startup Cost": 0.43,"Total Cost": 8.46,"Plan Rows": 0,"Plan Width": 5,"Actual Startup Time": 0.043,"Actual Total Time": 0.071,"Actual Rows": 1,"Actual Loops": 9020,"Index Cond": "((l_partkey = partsupp.ps_partkey) AND (l_suppkey = partsupp.ps_suppkey))","Rows Removed by Index Recheck": 0,"Filter": "((l_shipdate >= '1994-01-01'::date) AND (l_shipdate < '1995-01-01 00:00:00'::timestamp without time zone))","Rows Removed by Filter": 6}]}]}]}]}]}]},"Planning Time": 5.784,"Triggers": [],"Execution Time": 928.067}]
[{"Plan": {"Node Type": "Sort","Parallel Aware": false,"Async Capable": false,"Startup Cost": 88442.96,"Total Cost": 88443.23,"Plan Rows": 108,"Plan Width": 51,"Actual Startup Time": 988.890,"Actual Total Time": 988.932,"Actual Rows": 167,"Actual Loops": 1,"Sort Key": ["supplier.s_name"],"Sort Method": "quicksort","Sort Space Used": 40,"Sort Space Type": "Memory","Plans": [{"Node Type": "Hash Join","Parent Relationship": "Outer","Parallel Aware": false,"Async Capable": false,"Join Type": "Semi","Startup Cost": 88199.59,"Total Cost": 88439.31,"Plan Rows": 108,"Plan Width": 51,"Actual Startup Time": 984.073,"Actual Total Time": 988.433,"Actual Rows": 167,"Actual Loops": 1,"Inner Unique": false,"Hash Cond": "(supplier.s_suppkey = partsupp.ps_suppkey)","Plans": [{"Node Type": "Nested Loop","Parent Relationship": "Outer","Parallel Aware": false,"Async Capable": false,"Join Type": "Inner","Startup Cost": 7.38,"Total Cost": 244.58,"Plan Rows": 400,"Plan Width": 55,"Actual Startup Time": 0.257,"Actual Total Time": 4.549,"Actual Rows": 380,"Actual Loops": 1,"Inner Unique": false,"Plans": [{"Node Type": "Seq Scan","Parent Relationship": "Outer","Parallel Aware": false,"Async Capable": false,"Relation Name": "nation","Alias": "nation","Startup Cost": 0.00,"Total Cost": 1.31,"Plan Rows": 1,"Plan Width": 4,"Actual Startup Time": 0.064,"Actual Total Time": 0.094,"Actual Rows": 1,"Actual Loops": 1,"Filter": "(n_name = 'ETHIOPIA'::bpchar)","Rows Removed by Filter": 24},{"Node Type": "Bitmap Heap Scan","Parent Relationship": "Inner","Parallel Aware": false,"Async Capable": false,"Relation Name": "supplier","Alias": "supplier","Startup Cost": 7.38,"Total Cost": 239.27,"Plan Rows": 400,"Plan Width": 59,"Actual Startup Time": 0.190,"Actual Total Time": 4.393,"Actual Rows": 380,"Actual Loops": 1,"Recheck Cond": "(s_nationkey = nation.n_nationkey)","Rows Removed by Index Recheck": 0,"Exact Heap Blocks": 192,"Lossy Heap Blocks": 0,"Plans": [{"Node Type": "Bitmap Index Scan","Parent Relationship": "Outer","Parallel Aware": false,"Async Capable": false,"Index Name": "idx_supplier_nation_key","Startup Cost": 0.00,"Total Cost": 7.29,"Plan Rows": 400,"Plan Width": 0,"Actual Startup Time": 0.140,"Actual Total Time": 0.144,"Actual Rows": 380,"Actual Loops": 1,"Index Cond": "(s_nationkey = nation.n_nationkey)"}]}]},{"Node Type": "Hash","Parent Relationship": "Inner","Parallel Aware": false,"Async Capable": false,"Startup Cost": 88158.53,"Total Cost": 88158.53,"Plan Rows": 2694,"Plan Width": 4,"Actual Startup Time": 983.685,"Actual Total Time": 983.697,"Actual Rows": 6103,"Actual Loops": 1,"Hash Buckets": 8192,"Original Hash Buckets": 4096,"Hash Batches": 1,"Original Hash Batches": 1,"Peak Memory Usage": 279,"Plans": [{"Node Type": "Nested Loop","Parent Relationship": "Outer","Parallel Aware": false,"Async Capable": false,"Join Type": "Inner","Startup Cost": 0.42,"Total Cost": 88158.53,"Plan Rows": 2694,"Plan Width": 4,"Actual Startup Time": 0.765,"Actual Total Time": 979.305,"Actual Rows": 6103,"Actual Loops": 1,"Inner Unique": false,"Plans": [{"Node Type": "Seq Scan","Parent Relationship": "Outer","Parallel Aware": false,"Async Capable": false,"Relation Name": "part","Alias": "part","Startup Cost": 0.00,"Total Cost": 6597.00,"Plan Rows": 2020,"Plan Width": 4,"Actual Startup Time": 0.222,"Actual Total Time": 183.941,"Actual Rows": 2234,"Actual Loops": 1,"Filter": "((p_name)::text ~~ 'cyan%'::text)","Rows Removed by Filter": 197766},{"Node Type": "Index Scan","Parent Relationship": "Inner","Parallel Aware": false,"Async Capable": false,"Scan Direction": "Forward","Index Name": "idx_partsupp_partkey","Relation Name": "partsupp","Alias": "partsupp","Startup Cost": 0.42,"Total Cost": 40.36,"Plan Rows": 1,"Plan Width": 8,"Actual Startup Time": 0.149,"Actual Total Time": 0.356,"Actual Rows": 3,"Actual Loops": 2234,"Index Cond": "(ps_partkey = part.p_partkey)","Rows Removed by Index Recheck": 0,"Filter": "((ps_availqty)::numeric > (SubPlan 1))","Rows Removed by Filter": 1,"Plans": [{"Node Type": "Aggregate","Strategy": "Plain","Partial Mode": "Simple","Parent Relationship": "SubPlan","Subplan Name": "SubPlan 1","Parallel Aware": false,"Async Capable": false,"Startup Cost": 8.46,"Total Cost": 8.47,"Plan Rows": 1,"Plan Width": 32,"Actual Startup Time": 0.081,"Actual Total Time": 0.081,"Actual Rows": 1,"Actual Loops": 8936,"Plans": [{"Node Type": "Index Scan","Parent Relationship": "Outer","Parallel Aware": false,"Async Capable": false,"Scan Direction": "Forward","Index Name": "idx_lineitem_part_supp","Relation Name": "lineitem","Alias": "lineitem","Startup Cost": 0.43,"Total Cost": 8.46,"Plan Rows": 0,"Plan Width": 5,"Actual Startup Time": 0.049,"Actual Total Time": 0.080,"Actual Rows": 1,"Actual Loops": 8936,"Index Cond": "((l_partkey = partsupp.ps_partkey) AND (l_suppkey = partsupp.ps_suppkey))","Rows Removed by Index Recheck": 0,"Filter": "((l_shipdate >= '1996-01-01'::date) AND (l_shipdate < '1997-01-01 00:00:00'::timestamp without time zone))","Rows Removed by Filter": 6}]}]}]}]}]}]},"Planning Time": 6.389,"Triggers": [],"Execution Time": 989.213}]
[{"Plan": {"Node Type": "Sort","Parallel Aware": false,"Async Capable": false,"Startup Cost": 88442.96,"Total Cost": 88443.23,"Plan Rows": 108,"Plan Width": 51,"Actual Startup Time": 915.664,"Actual Total Time": 915.706,"Actual Rows": 183,"Actual Loops": 1,"Sort Key": ["supplier.s_name"],"Sort Method": "quicksort","Sort Space Used": 41,"Sort Space Type": "Memory","Plans": [{"Node Type": "Hash Join","Parent Relationship": "Outer","Parallel Aware": false,"Async Capable": false,"Join Type": "Semi","Startup Cost": 88199.59,"Total Cost": 88439.31,"Plan Rows": 108,"Plan Width": 51,"Actual Startup Time": 911.437,"Actual Total Time": 915.353,"Actual Rows": 183,"Actual Loops": 1,"Inner Unique": false,"Hash Cond": "(supplier.s_suppkey = partsupp.ps_suppkey)","Plans": [{"Node Type": "Nested Loop","Parent Relationship": "Outer","Parallel Aware": false,"Async Capable": false,"Join Type": "Inner","Startup Cost": 7.38,"Total Cost": 244.58,"Plan Rows": 400,"Plan Width": 55,"Actual Startup Time": 0.250,"Actual Total Time": 4.015,"Actual Rows": 396,"Actual Loops": 1,"Inner Unique": false,"Plans": [{"Node Type": "Seq Scan","Parent Relationship": "Outer","Parallel Aware": false,"Async Capable": false,"Relation Name": "nation","Alias": "nation","Startup Cost": 0.00,"Total Cost": 1.31,"Plan Rows": 1,"Plan Width": 4,"Actual Startup Time": 0.057,"Actual Total Time": 0.087,"Actual Rows": 1,"Actual Loops": 1,"Filter": "(n_name = 'GERMANY'::bpchar)","Rows Removed by Filter": 24},{"Node Type": "Bitmap Heap Scan","Parent Relationship": "Inner","Parallel Aware": false,"Async Capable": false,"Relation Name": "supplier","Alias": "supplier","Startup Cost": 7.38,"Total Cost": 239.27,"Plan Rows": 400,"Plan Width": 59,"Actual Startup Time": 0.184,"Actual Total Time": 3.870,"Actual Rows": 396,"Actual Loops": 1,"Recheck Cond": "(s_nationkey = nation.n_nationkey)","Rows Removed by Index Recheck": 0,"Exact Heap Blocks": 191,"Lossy Heap Blocks": 0,"Plans": [{"Node Type": "Bitmap Index Scan","Parent Relationship": "Outer","Parallel Aware": false,"Async Capable": false,"Index Name": "idx_supplier_nation_key","Startup Cost": 0.00,"Total Cost": 7.29,"Plan Rows": 400,"Plan Width": 0,"Actual Startup Time": 0.112,"Actual Total Time": 0.119,"Actual Rows": 396,"Actual Loops": 1,"Index Cond": "(s_nationkey = nation.n_nationkey)"}]}]},{"Node Type": "Hash","Parent Relationship": "Inner","Parallel Aware": false,"Async Capable": false,"Startup Cost": 88158.53,"Total Cost": 88158.53,"Plan Rows": 2694,"Plan Width": 4,"Actual Startup Time": 911.133,"Actual Total Time": 911.147,"Actual Rows": 5976,"Actual Loops": 1,"Hash Buckets": 8192,"Original Hash Buckets": 4096,"Hash Batches": 1,"Original Hash Batches": 1,"Peak Memory Usage": 275,"Plans": [{"Node Type": "Nested Loop","Parent Relationship": "Outer","Parallel Aware": false,"Async Capable": false,"Join Type": "Inner","Startup Cost": 0.42,"Total Cost": 88158.53,"Plan Rows": 2694,"Plan Width": 4,"Actual Startup Time": 1.115,"Actual Total Time": 906.256,"Actual Rows": 5976,"Actual Loops": 1,"Inner Unique": false,"Plans": [{"Node Type": "Seq Scan","Parent Relationship": "Outer","Parallel Aware": false,"Async Capable": false,"Relation Name": "part","Alias": "part","Startup Cost": 0.00,"Total Cost": 6597.00,"Plan Rows": 2020,"Plan Width": 4,"Actual Startup Time": 0.222,"Actual Total Time": 196.686,"Actual Rows": 2216,"Actual Loops": 1,"Filter": "((p_name)::text ~~ 'chartreuse%'::text)","Rows Removed by Filter": 197784},{"Node Type": "Index Scan","Parent Relationship": "Inner","Parallel Aware": false,"Async Capable": false,"Scan Direction": "Forward","Index Name": "idx_partsupp_partkey","Relation Name": "partsupp","Alias": "partsupp","Startup Cost": 0.42,"Total Cost": 40.36,"Plan Rows": 1,"Plan Width": 8,"Actual Startup Time": 0.138,"Actual Total Time": 0.320,"Actual Rows": 3,"Actual Loops": 2216,"Index Cond": "(ps_partkey = part.p_partkey)","Rows Removed by Index Recheck": 0,"Filter": "((ps_availqty)::numeric > (SubPlan 1))","Rows Removed by Filter": 1,"Plans": [{"Node Type": "Aggregate","Strategy": "Plain","Partial Mode": "Simple","Parent Relationship": "SubPlan","Subplan Name": "SubPlan 1","Parallel Aware": false,"Async Capable": false,"Startup Cost": 8.46,"Total Cost": 8.47,"Plan Rows": 1,"Plan Width": 32,"Actual Startup Time": 0.072,"Actual Total Time": 0.072,"Actual Rows": 1,"Actual Loops": 8864,"Plans": [{"Node Type": "Index Scan","Parent Relationship": "Outer","Parallel Aware": false,"Async Capable": false,"Scan Direction": "Forward","Index Name": "idx_lineitem_part_supp","Relation Name": "lineitem","Alias": "lineitem","Startup Cost": 0.43,"Total Cost": 8.46,"Plan Rows": 0,"Plan Width": 5,"Actual Startup Time": 0.044,"Actual Total Time": 0.071,"Actual Rows": 1,"Actual Loops": 8864,"Index Cond": "((l_partkey = partsupp.ps_partkey) AND (l_suppkey = partsupp.ps_suppkey))","Rows Removed by Index Recheck": 0,"Filter": "((l_shipdate >= '1993-01-01'::date) AND (l_shipdate < '1994-01-01 00:00:00'::timestamp without time zone))","Rows Removed by Filter": 6}]}]}]}]}]}]},"Planning Time": 6.398,"Triggers": [],"Execution Time": 915.951}]
[{"Plan": {"Node Type": "Sort","Parallel Aware": false,"Async Capable": false,"Startup Cost": 88442.96,"Total Cost": 88443.23,"Plan Rows": 108,"Plan Width": 51,"Actual Startup Time": 979.949,"Actual Total Time": 979.994,"Actual Rows": 210,"Actual Loops": 1,"Sort Key": ["supplier.s_name"],"Sort Method": "quicksort","Sort Space Used": 44,"Sort Space Type": "Memory","Plans": [{"Node Type": "Hash Join","Parent Relationship": "Outer","Parallel Aware": false,"Async Capable": false,"Join Type": "Semi","Startup Cost": 88199.59,"Total Cost": 88439.31,"Plan Rows": 108,"Plan Width": 51,"Actual Startup Time": 975.375,"Actual Total Time": 979.604,"Actual Rows": 210,"Actual Loops": 1,"Inner Unique": false,"Hash Cond": "(supplier.s_suppkey = partsupp.ps_suppkey)","Plans": [{"Node Type": "Nested Loop","Parent Relationship": "Outer","Parallel Aware": false,"Async Capable": false,"Join Type": "Inner","Startup Cost": 7.38,"Total Cost": 244.58,"Plan Rows": 400,"Plan Width": 55,"Actual Startup Time": 0.329,"Actual Total Time": 4.442,"Actual Rows": 438,"Actual Loops": 1,"Inner Unique": false,"Plans": [{"Node Type": "Seq Scan","Parent Relationship": "Outer","Parallel Aware": false,"Async Capable": false,"Relation Name": "nation","Alias": "nation","Startup Cost": 0.00,"Total Cost": 1.31,"Plan Rows": 1,"Plan Width": 4,"Actual Startup Time": 0.073,"Actual Total Time": 0.110,"Actual Rows": 1,"Actual Loops": 1,"Filter": "(n_name = 'IRAQ'::bpchar)","Rows Removed by Filter": 24},{"Node Type": "Bitmap Heap Scan","Parent Relationship": "Inner","Parallel Aware": false,"Async Capable": false,"Relation Name": "supplier","Alias": "supplier","Startup Cost": 7.38,"Total Cost": 239.27,"Plan Rows": 400,"Plan Width": 59,"Actual Startup Time": 0.253,"Actual Total Time": 4.267,"Actual Rows": 438,"Actual Loops": 1,"Recheck Cond": "(s_nationkey = nation.n_nationkey)","Rows Removed by Index Recheck": 0,"Exact Heap Blocks": 194,"Lossy Heap Blocks": 0,"Plans": [{"Node Type": "Bitmap Index Scan","Parent Relationship": "Outer","Parallel Aware": false,"Async Capable": false,"Index Name": "idx_supplier_nation_key","Startup Cost": 0.00,"Total Cost": 7.29,"Plan Rows": 400,"Plan Width": 0,"Actual Startup Time": 0.181,"Actual Total Time": 0.185,"Actual Rows": 438,"Actual Loops": 1,"Index Cond": "(s_nationkey = nation.n_nationkey)"}]}]},{"Node Type": "Hash","Parent Relationship": "Inner","Parallel Aware": false,"Async Capable": false,"Startup Cost": 88158.53,"Total Cost": 88158.53,"Plan Rows": 2694,"Plan Width": 4,"Actual Startup Time": 974.967,"Actual Total Time": 974.981,"Actual Rows": 5931,"Actual Loops": 1,"Hash Buckets": 8192,"Original Hash Buckets": 4096,"Hash Batches": 1,"Original Hash Batches": 1,"Peak Memory Usage": 273,"Plans": [{"Node Type": "Nested Loop","Parent Relationship": "Outer","Parallel Aware": false,"Async Capable": false,"Join Type": "Inner","Startup Cost": 0.42,"Total Cost": 88158.53,"Plan Rows": 2694,"Plan Width": 4,"Actual Startup Time": 1.331,"Actual Total Time": 970.613,"Actual Rows": 5931,"Actual Loops": 1,"Inner Unique": false,"Plans": [{"Node Type": "Seq Scan","Parent Relationship": "Outer","Parallel Aware": false,"Async Capable": false,"Relation Name": "part","Alias": "part","Startup Cost": 0.00,"Total Cost": 6597.00,"Plan Rows": 2020,"Plan Width": 4,"Actual Startup Time": 0.163,"Actual Total Time": 180.984,"Actual Rows": 2200,"Actual Loops": 1,"Filter": "((p_name)::text ~~ 'plum%'::text)","Rows Removed by Filter": 197800},{"Node Type": "Index Scan","Parent Relationship": "Inner","Parallel Aware": false,"Async Capable": false,"Scan Direction": "Forward","Index Name": "idx_partsupp_partkey","Relation Name": "partsupp","Alias": "partsupp","Startup Cost": 0.42,"Total Cost": 40.36,"Plan Rows": 1,"Plan Width": 8,"Actual Startup Time": 0.150,"Actual Total Time": 0.358,"Actual Rows": 3,"Actual Loops": 2200,"Index Cond": "(ps_partkey = part.p_partkey)","Rows Removed by Index Recheck": 0,"Filter": "((ps_availqty)::numeric > (SubPlan 1))","Rows Removed by Filter": 1,"Plans": [{"Node Type": "Aggregate","Strategy": "Plain","Partial Mode": "Simple","Parent Relationship": "SubPlan","Subplan Name": "SubPlan 1","Parallel Aware": false,"Async Capable": false,"Startup Cost": 8.46,"Total Cost": 8.47,"Plan Rows": 1,"Plan Width": 32,"Actual Startup Time": 0.082,"Actual Total Time": 0.082,"Actual Rows": 1,"Actual Loops": 8800,"Plans": [{"Node Type": "Index Scan","Parent Relationship": "Outer","Parallel Aware": false,"Async Capable": false,"Scan Direction": "Forward","Index Name": "idx_lineitem_part_supp","Relation Name": "lineitem","Alias": "lineitem","Startup Cost": 0.43,"Total Cost": 8.46,"Plan Rows": 0,"Plan Width": 5,"Actual Startup Time": 0.050,"Actual Total Time": 0.081,"Actual Rows": 1,"Actual Loops": 8800,"Index Cond": "((l_partkey = partsupp.ps_partkey) AND (l_suppkey = partsupp.ps_suppkey))","Rows Removed by Index Recheck": 0,"Filter": "((l_shipdate >= '1994-01-01'::date) AND (l_shipdate < '1995-01-01 00:00:00'::timestamp without time zone))","Rows Removed by Filter": 6}]}]}]}]}]}]},"Planning Time": 6.605,"Triggers": [],"Execution Time": 980.252}]
[{"Plan": {"Node Type": "Sort","Parallel Aware": false,"Async Capable": false,"Startup Cost": 88442.96,"Total Cost": 88443.23,"Plan Rows": 108,"Plan Width": 51,"Actual Startup Time": 899.092,"Actual Total Time": 899.123,"Actual Rows": 184,"Actual Loops": 1,"Sort Key": ["supplier.s_name"],"Sort Method": "quicksort","Sort Space Used": 42,"Sort Space Type": "Memory","Plans": [{"Node Type": "Hash Join","Parent Relationship": "Outer","Parallel Aware": false,"Async Capable": false,"Join Type": "Semi","Startup Cost": 88199.59,"Total Cost": 88439.31,"Plan Rows": 108,"Plan Width": 51,"Actual Startup Time": 894.683,"Actual Total Time": 898.579,"Actual Rows": 184,"Actual Loops": 1,"Inner Unique": false,"Hash Cond": "(supplier.s_suppkey = partsupp.ps_suppkey)","Plans": [{"Node Type": "Nested Loop","Parent Relationship": "Outer","Parallel Aware": false,"Async Capable": false,"Join Type": "Inner","Startup Cost": 7.38,"Total Cost": 244.58,"Plan Rows": 400,"Plan Width": 55,"Actual Startup Time": 0.260,"Actual Total Time": 4.039,"Actual Rows": 401,"Actual Loops": 1,"Inner Unique": false,"Plans": [{"Node Type": "Seq Scan","Parent Relationship": "Outer","Parallel Aware": false,"Async Capable": false,"Relation Name": "nation","Alias": "nation","Startup Cost": 0.00,"Total Cost": 1.31,"Plan Rows": 1,"Plan Width": 4,"Actual Startup Time": 0.064,"Actual Total Time": 0.079,"Actual Rows": 1,"Actual Loops": 1,"Filter": "(n_name = 'RUSSIA'::bpchar)","Rows Removed by Filter": 24},{"Node Type": "Bitmap Heap Scan","Parent Relationship": "Inner","Parallel Aware": false,"Async Capable": false,"Relation Name": "supplier","Alias": "supplier","Startup Cost": 7.38,"Total Cost": 239.27,"Plan Rows": 400,"Plan Width": 59,"Actual Startup Time": 0.186,"Actual Total Time": 3.889,"Actual Rows": 401,"Actual Loops": 1,"Recheck Cond": "(s_nationkey = nation.n_nationkey)","Rows Removed by Index Recheck": 0,"Exact Heap Blocks": 180,"Lossy Heap Blocks": 0,"Plans": [{"Node Type": "Bitmap Index Scan","Parent Relationship": "Outer","Parallel Aware": false,"Async Capable": false,"Index Name": "idx_supplier_nation_key","Startup Cost": 0.00,"Total Cost": 7.29,"Plan Rows": 400,"Plan Width": 0,"Actual Startup Time": 0.119,"Actual Total Time": 0.119,"Actual Rows": 401,"Actual Loops": 1,"Index Cond": "(s_nationkey = nation.n_nationkey)"}]}]},{"Node Type": "Hash","Parent Relationship": "Inner","Parallel Aware": false,"Async Capable": false,"Startup Cost": 88158.53,"Total Cost": 88158.53,"Plan Rows": 2694,"Plan Width": 4,"Actual Startup Time": 894.337,"Actual Total Time": 894.349,"Actual Rows": 5886,"Actual Loops": 1,"Hash Buckets": 8192,"Original Hash Buckets": 4096,"Hash Batches": 1,"Original Hash Batches": 1,"Peak Memory Usage": 271,"Plans": [{"Node Type": "Nested Loop","Parent Relationship": "Outer","Parallel Aware": false,"Async Capable": false,"Join Type": "Inner","Startup Cost": 0.42,"Total Cost": 88158.53,"Plan Rows": 2694,"Plan Width": 4,"Actual Startup Time": 0.656,"Actual Total Time": 890.164,"Actual Rows": 5886,"Actual Loops": 1,"Inner Unique": false,"Plans": [{"Node Type": "Seq Scan","Parent Relationship": "Outer","Parallel Aware": false,"Async Capable": false,"Relation Name": "part","Alias": "part","Startup Cost": 0.00,"Total Cost": 6597.00,"Plan Rows": 2020,"Plan Width": 4,"Actual Startup Time": 0.278,"Actual Total Time": 196.651,"Actual Rows": 2157,"Actual Loops": 1,"Filter": "((p_name)::text ~~ 'peach%'::text)","Rows Removed by Filter": 197843},{"Node Type": "Index Scan","Parent Relationship": "Inner","Parallel Aware": false,"Async Capable": false,"Scan Direction": "Forward","Index Name": "idx_partsupp_partkey","Relation Name": "partsupp","Alias": "partsupp","Startup Cost": 0.42,"Total Cost": 40.36,"Plan Rows": 1,"Plan Width": 8,"Actual Startup Time": 0.134,"Actual Total Time": 0.321,"Actual Rows": 3,"Actual Loops": 2157,"Index Cond": "(ps_partkey = part.p_partkey)","Rows Removed by Index Recheck": 0,"Filter": "((ps_availqty)::numeric > (SubPlan 1))","Rows Removed by Filter": 1,"Plans": [{"Node Type": "Aggregate","Strategy": "Plain","Partial Mode": "Simple","Parent Relationship": "SubPlan","Subplan Name": "SubPlan 1","Parallel Aware": false,"Async Capable": false,"Startup Cost": 8.46,"Total Cost": 8.47,"Plan Rows": 1,"Plan Width": 32,"Actual Startup Time": 0.072,"Actual Total Time": 0.072,"Actual Rows": 1,"Actual Loops": 8628,"Plans": [{"Node Type": "Index Scan","Parent Relationship": "Outer","Parallel Aware": false,"Async Capable": false,"Scan Direction": "Forward","Index Name": "idx_lineitem_part_supp","Relation Name": "lineitem","Alias": "lineitem","Startup Cost": 0.43,"Total Cost": 8.46,"Plan Rows": 0,"Plan Width": 5,"Actual Startup Time": 0.044,"Actual Total Time": 0.071,"Actual Rows": 1,"Actual Loops": 8628,"Index Cond": "((l_partkey = partsupp.ps_partkey) AND (l_suppkey = partsupp.ps_suppkey))","Rows Removed by Index Recheck": 0,"Filter": "((l_shipdate >= '1995-01-01'::date) AND (l_shipdate < '1996-01-01 00:00:00'::timestamp without time zone))","Rows Removed by Filter": 6}]}]}]}]}]}]},"Planning Time": 7.370,"Triggers": [],"Execution Time": 899.360}]
[{"Plan": {"Node Type": "Sort","Parallel Aware": false,"Async Capable": false,"Startup Cost": 88442.96,"Total Cost": 88443.23,"Plan Rows": 108,"Plan Width": 51,"Actual Startup Time": 957.558,"Actual Total Time": 957.605,"Actual Rows": 178,"Actual Loops": 1,"Sort Key": ["supplier.s_name"],"Sort Method": "quicksort","Sort Space Used": 41,"Sort Space Type": "Memory","Plans": [{"Node Type": "Hash Join","Parent Relationship": "Outer","Parallel Aware": false,"Async Capable": false,"Join Type": "Semi","Startup Cost": 88199.59,"Total Cost": 88439.31,"Plan Rows": 108,"Plan Width": 51,"Actual Startup Time": 953.351,"Actual Total Time": 957.283,"Actual Rows": 178,"Actual Loops": 1,"Inner Unique": false,"Hash Cond": "(supplier.s_suppkey = partsupp.ps_suppkey)","Plans": [{"Node Type": "Nested Loop","Parent Relationship": "Outer","Parallel Aware": false,"Async Capable": false,"Join Type": "Inner","Startup Cost": 7.38,"Total Cost": 244.58,"Plan Rows": 400,"Plan Width": 55,"Actual Startup Time": 0.255,"Actual Total Time": 4.138,"Actual Rows": 390,"Actual Loops": 1,"Inner Unique": false,"Plans": [{"Node Type": "Seq Scan","Parent Relationship": "Outer","Parallel Aware": false,"Async Capable": false,"Relation Name": "nation","Alias": "nation","Startup Cost": 0.00,"Total Cost": 1.31,"Plan Rows": 1,"Plan Width": 4,"Actual Startup Time": 0.073,"Actual Total Time": 0.091,"Actual Rows": 1,"Actual Loops": 1,"Filter": "(n_name = 'UNITED KINGDOM'::bpchar)","Rows Removed by Filter": 24},{"Node Type": "Bitmap Heap Scan","Parent Relationship": "Inner","Parallel Aware": false,"Async Capable": false,"Relation Name": "supplier","Alias": "supplier","Startup Cost": 7.38,"Total Cost": 239.27,"Plan Rows": 400,"Plan Width": 59,"Actual Startup Time": 0.174,"Actual Total Time": 3.953,"Actual Rows": 390,"Actual Loops": 1,"Recheck Cond": "(s_nationkey = nation.n_nationkey)","Rows Removed by Index Recheck": 0,"Exact Heap Blocks": 190,"Lossy Heap Blocks": 0,"Plans": [{"Node Type": "Bitmap Index Scan","Parent Relationship": "Outer","Parallel Aware": false,"Async Capable": false,"Index Name": "idx_supplier_nation_key","Startup Cost": 0.00,"Total Cost": 7.29,"Plan Rows": 400,"Plan Width": 0,"Actual Startup Time": 0.112,"Actual Total Time": 0.120,"Actual Rows": 390,"Actual Loops": 1,"Index Cond": "(s_nationkey = nation.n_nationkey)"}]}]},{"Node Type": "Hash","Parent Relationship": "Inner","Parallel Aware": false,"Async Capable": false,"Startup Cost": 88158.53,"Total Cost": 88158.53,"Plan Rows": 2694,"Plan Width": 4,"Actual Startup Time": 952.983,"Actual Total Time": 952.994,"Actual Rows": 5772,"Actual Loops": 1,"Hash Buckets": 8192,"Original Hash Buckets": 4096,"Hash Batches": 1,"Original Hash Batches": 1,"Peak Memory Usage": 267,"Plans": [{"Node Type": "Nested Loop","Parent Relationship": "Outer","Parallel Aware": false,"Async Capable": false,"Join Type": "Inner","Startup Cost": 0.42,"Total Cost": 88158.53,"Plan Rows": 2694,"Plan Width": 4,"Actual Startup Time": 0.699,"Actual Total Time": 948.993,"Actual Rows": 5772,"Actual Loops": 1,"Inner Unique": false,"Plans": [{"Node Type": "Seq Scan","Parent Relationship": "Outer","Parallel Aware": false,"Async Capable": false,"Relation Name": "part","Alias": "part","Startup Cost": 0.00,"Total Cost": 6597.00,"Plan Rows": 2020,"Plan Width": 4,"Actual Startup Time": 0.183,"Actual Total Time": 180.917,"Actual Rows": 2108,"Actual Loops": 1,"Filter": "((p_name)::text ~~ 'grey%'::text)","Rows Removed by Filter": 197892},{"Node Type": "Index Scan","Parent Relationship": "Inner","Parallel Aware": false,"Async Capable": false,"Scan Direction": "Forward","Index Name": "idx_partsupp_partkey","Relation Name": "partsupp","Alias": "partsupp","Startup Cost": 0.42,"Total Cost": 40.36,"Plan Rows": 1,"Plan Width": 8,"Actual Startup Time": 0.151,"Actual Total Time": 0.364,"Actual Rows": 3,"Actual Loops": 2108,"Index Cond": "(ps_partkey = part.p_partkey)","Rows Removed by Index Recheck": 0,"Filter": "((ps_availqty)::numeric > (SubPlan 1))","Rows Removed by Filter": 1,"Plans": [{"Node Type": "Aggregate","Strategy": "Plain","Partial Mode": "Simple","Parent Relationship": "SubPlan","Subplan Name": "SubPlan 1","Parallel Aware": false,"Async Capable": false,"Startup Cost": 8.46,"Total Cost": 8.47,"Plan Rows": 1,"Plan Width": 32,"Actual Startup Time": 0.083,"Actual Total Time": 0.083,"Actual Rows": 1,"Actual Loops": 8432,"Plans": [{"Node Type": "Index Scan","Parent Relationship": "Outer","Parallel Aware": false,"Async Capable": false,"Scan Direction": "Forward","Index Name": "idx_lineitem_part_supp","Relation Name": "lineitem","Alias": "lineitem","Startup Cost": 0.43,"Total Cost": 8.46,"Plan Rows": 0,"Plan Width": 5,"Actual Startup Time": 0.050,"Actual Total Time": 0.082,"Actual Rows": 1,"Actual Loops": 8432,"Index Cond": "((l_partkey = partsupp.ps_partkey) AND (l_suppkey = partsupp.ps_suppkey))","Rows Removed by Index Recheck": 0,"Filter": "((l_shipdate >= '1995-01-01'::date) AND (l_shipdate < '1996-01-01 00:00:00'::timestamp without time zone))","Rows Removed by Filter": 6}]}]}]}]}]}]},"Planning Time": 6.967,"Triggers": [],"Execution Time": 957.855}]
[{"Plan": {"Node Type": "Sort","Parallel Aware": false,"Async Capable": false,"Startup Cost": 88442.96,"Total Cost": 88443.23,"Plan Rows": 108,"Plan Width": 51,"Actual Startup Time": 938.386,"Actual Total Time": 938.431,"Actual Rows": 177,"Actual Loops": 1,"Sort Key": ["supplier.s_name"],"Sort Method": "quicksort","Sort Space Used": 41,"Sort Space Type": "Memory","Plans": [{"Node Type": "Hash Join","Parent Relationship": "Outer","Parallel Aware": false,"Async Capable": false,"Join Type": "Semi","Startup Cost": 88199.59,"Total Cost": 88439.31,"Plan Rows": 108,"Plan Width": 51,"Actual Startup Time": 933.857,"Actual Total Time": 938.087,"Actual Rows": 177,"Actual Loops": 1,"Inner Unique": false,"Hash Cond": "(supplier.s_suppkey = partsupp.ps_suppkey)","Plans": [{"Node Type": "Nested Loop","Parent Relationship": "Outer","Parallel Aware": false,"Async Capable": false,"Join Type": "Inner","Startup Cost": 7.38,"Total Cost": 244.58,"Plan Rows": 400,"Plan Width": 55,"Actual Startup Time": 0.309,"Actual Total Time": 4.421,"Actual Rows": 405,"Actual Loops": 1,"Inner Unique": false,"Plans": [{"Node Type": "Seq Scan","Parent Relationship": "Outer","Parallel Aware": false,"Async Capable": false,"Relation Name": "nation","Alias": "nation","Startup Cost": 0.00,"Total Cost": 1.31,"Plan Rows": 1,"Plan Width": 4,"Actual Startup Time": 0.075,"Actual Total Time": 0.107,"Actual Rows": 1,"Actual Loops": 1,"Filter": "(n_name = 'INDONESIA'::bpchar)","Rows Removed by Filter": 24},{"Node Type": "Bitmap Heap Scan","Parent Relationship": "Inner","Parallel Aware": false,"Async Capable": false,"Relation Name": "supplier","Alias": "supplier","Startup Cost": 7.38,"Total Cost": 239.27,"Plan Rows": 400,"Plan Width": 59,"Actual Startup Time": 0.224,"Actual Total Time": 4.249,"Actual Rows": 405,"Actual Loops": 1,"Recheck Cond": "(s_nationkey = nation.n_nationkey)","Rows Removed by Index Recheck": 0,"Exact Heap Blocks": 192,"Lossy Heap Blocks": 0,"Plans": [{"Node Type": "Bitmap Index Scan","Parent Relationship": "Outer","Parallel Aware": false,"Async Capable": false,"Index Name": "idx_supplier_nation_key","Startup Cost": 0.00,"Total Cost": 7.29,"Plan Rows": 400,"Plan Width": 0,"Actual Startup Time": 0.146,"Actual Total Time": 0.152,"Actual Rows": 405,"Actual Loops": 1,"Index Cond": "(s_nationkey = nation.n_nationkey)"}]}]},{"Node Type": "Hash","Parent Relationship": "Inner","Parallel Aware": false,"Async Capable": false,"Startup Cost": 88158.53,"Total Cost": 88158.53,"Plan Rows": 2694,"Plan Width": 4,"Actual Startup Time": 933.482,"Actual Total Time": 933.494,"Actual Rows": 5567,"Actual Loops": 1,"Hash Buckets": 8192,"Original Hash Buckets": 4096,"Hash Batches": 1,"Original Hash Batches": 1,"Peak Memory Usage": 260,"Plans": [{"Node Type": "Nested Loop","Parent Relationship": "Outer","Parallel Aware": false,"Async Capable": false,"Join Type": "Inner","Startup Cost": 0.42,"Total Cost": 88158.53,"Plan Rows": 2694,"Plan Width": 4,"Actual Startup Time": 0.743,"Actual Total Time": 929.316,"Actual Rows": 5567,"Actual Loops": 1,"Inner Unique": false,"Plans": [{"Node Type": "Seq Scan","Parent Relationship": "Outer","Parallel Aware": false,"Async Capable": false,"Relation Name": "part","Alias": "part","Startup Cost": 0.00,"Total Cost": 6597.00,"Plan Rows": 2020,"Plan Width": 4,"Actual Startup Time": 0.104,"Actual Total Time": 177.944,"Actual Rows": 2071,"Actual Loops": 1,"Filter": "((p_name)::text ~~ 'honeydew%'::text)","Rows Removed by Filter": 197929},{"Node Type": "Index Scan","Parent Relationship": "Inner","Parallel Aware": false,"Async Capable": false,"Scan Direction": "Forward","Index Name": "idx_partsupp_partkey","Relation Name": "partsupp","Alias": "partsupp","Startup Cost": 0.42,"Total Cost": 40.36,"Plan Rows": 1,"Plan Width": 8,"Actual Startup Time": 0.153,"Actual Total Time": 0.362,"Actual Rows": 3,"Actual Loops": 2071,"Index Cond": "(ps_partkey = part.p_partkey)","Rows Removed by Index Recheck": 0,"Filter": "((ps_availqty)::numeric > (SubPlan 1))","Rows Removed by Filter": 1,"Plans": [{"Node Type": "Aggregate","Strategy": "Plain","Partial Mode": "Simple","Parent Relationship": "SubPlan","Subplan Name": "SubPlan 1","Parallel Aware": false,"Async Capable": false,"Startup Cost": 8.46,"Total Cost": 8.47,"Plan Rows": 1,"Plan Width": 32,"Actual Startup Time": 0.082,"Actual Total Time": 0.082,"Actual Rows": 1,"Actual Loops": 8284,"Plans": [{"Node Type": "Index Scan","Parent Relationship": "Outer","Parallel Aware": false,"Async Capable": false,"Scan Direction": "Forward","Index Name": "idx_lineitem_part_supp","Relation Name": "lineitem","Alias": "lineitem","Startup Cost": 0.43,"Total Cost": 8.46,"Plan Rows": 0,"Plan Width": 5,"Actual Startup Time": 0.051,"Actual Total Time": 0.082,"Actual Rows": 1,"Actual Loops": 8284,"Index Cond": "((l_partkey = partsupp.ps_partkey) AND (l_suppkey = partsupp.ps_suppkey))","Rows Removed by Index Recheck": 0,"Filter": "((l_shipdate >= '1995-01-01'::date) AND (l_shipdate < '1996-01-01 00:00:00'::timestamp without time zone))","Rows Removed by Filter": 6}]}]}]}]}]}]},"Planning Time": 6.725,"Triggers": [],"Execution Time": 938.713}]
[{"Plan": {"Node Type": "Sort","Parallel Aware": false,"Async Capable": false,"Startup Cost": 88442.96,"Total Cost": 88443.23,"Plan Rows": 108,"Plan Width": 51,"Actual Startup Time": 964.738,"Actual Total Time": 964.779,"Actual Rows": 158,"Actual Loops": 1,"Sort Key": ["supplier.s_name"],"Sort Method": "quicksort","Sort Space Used": 39,"Sort Space Type": "Memory","Plans": [{"Node Type": "Hash Join","Parent Relationship": "Outer","Parallel Aware": false,"Async Capable": false,"Join Type": "Semi","Startup Cost": 88199.59,"Total Cost": 88439.31,"Plan Rows": 108,"Plan Width": 51,"Actual Startup Time": 960.490,"Actual Total Time": 964.356,"Actual Rows": 158,"Actual Loops": 1,"Inner Unique": false,"Hash Cond": "(supplier.s_suppkey = partsupp.ps_suppkey)","Plans": [{"Node Type": "Nested Loop","Parent Relationship": "Outer","Parallel Aware": false,"Async Capable": false,"Join Type": "Inner","Startup Cost": 7.38,"Total Cost": 244.58,"Plan Rows": 400,"Plan Width": 55,"Actual Startup Time": 0.266,"Actual Total Time": 4.103,"Actual Rows": 397,"Actual Loops": 1,"Inner Unique": false,"Plans": [{"Node Type": "Seq Scan","Parent Relationship": "Outer","Parallel Aware": false,"Async Capable": false,"Relation Name": "nation","Alias": "nation","Startup Cost": 0.00,"Total Cost": 1.31,"Plan Rows": 1,"Plan Width": 4,"Actual Startup Time": 0.058,"Actual Total Time": 0.086,"Actual Rows": 1,"Actual Loops": 1,"Filter": "(n_name = 'BRAZIL'::bpchar)","Rows Removed by Filter": 24},{"Node Type": "Bitmap Heap Scan","Parent Relationship": "Inner","Parallel Aware": false,"Async Capable": false,"Relation Name": "supplier","Alias": "supplier","Startup Cost": 7.38,"Total Cost": 239.27,"Plan Rows": 400,"Plan Width": 59,"Actual Startup Time": 0.202,"Actual Total Time": 3.948,"Actual Rows": 397,"Actual Loops": 1,"Recheck Cond": "(s_nationkey = nation.n_nationkey)","Rows Removed by Index Recheck": 0,"Exact Heap Blocks": 187,"Lossy Heap Blocks": 0,"Plans": [{"Node Type": "Bitmap Index Scan","Parent Relationship": "Outer","Parallel Aware": false,"Async Capable": false,"Index Name": "idx_supplier_nation_key","Startup Cost": 0.00,"Total Cost": 7.29,"Plan Rows": 400,"Plan Width": 0,"Actual Startup Time": 0.136,"Actual Total Time": 0.142,"Actual Rows": 397,"Actual Loops": 1,"Index Cond": "(s_nationkey = nation.n_nationkey)"}]}]},{"Node Type": "Hash","Parent Relationship": "Inner","Parallel Aware": false,"Async Capable": false,"Startup Cost": 88158.53,"Total Cost": 88158.53,"Plan Rows": 2694,"Plan Width": 4,"Actual Startup Time": 960.128,"Actual Total Time": 960.134,"Actual Rows": 5815,"Actual Loops": 1,"Hash Buckets": 8192,"Original Hash Buckets": 4096,"Hash Batches": 1,"Original Hash Batches": 1,"Peak Memory Usage": 269,"Plans": [{"Node Type": "Nested Loop","Parent Relationship": "Outer","Parallel Aware": false,"Async Capable": false,"Join Type": "Inner","Startup Cost": 0.42,"Total Cost": 88158.53,"Plan Rows": 2694,"Plan Width": 4,"Actual Startup Time": 0.492,"Actual Total Time": 955.682,"Actual Rows": 5815,"Actual Loops": 1,"Inner Unique": false,"Plans": [{"Node Type": "Seq Scan","Parent Relationship": "Outer","Parallel Aware": false,"Async Capable": false,"Relation Name": "part","Alias": "part","Startup Cost": 0.00,"Total Cost": 6597.00,"Plan Rows": 2020,"Plan Width": 4,"Actual Startup Time": 0.156,"Actual Total Time": 180.839,"Actual Rows": 2171,"Actual Loops": 1,"Filter": "((p_name)::text ~~ 'lace%'::text)","Rows Removed by Filter": 197829},{"Node Type": "Index Scan","Parent Relationship": "Inner","Parallel Aware": false,"Async Capable": false,"Scan Direction": "Forward","Index Name": "idx_partsupp_partkey","Relation Name": "partsupp","Alias": "partsupp","Startup Cost": 0.42,"Total Cost": 40.36,"Plan Rows": 1,"Plan Width": 8,"Actual Startup Time": 0.150,"Actual Total Time": 0.356,"Actual Rows": 3,"Actual Loops": 2171,"Index Cond": "(ps_partkey = part.p_partkey)","Rows Removed by Index Recheck": 0,"Filter": "((ps_availqty)::numeric > (SubPlan 1))","Rows Removed by Filter": 1,"Plans": [{"Node Type": "Aggregate","Strategy": "Plain","Partial Mode": "Simple","Parent Relationship": "SubPlan","Subplan Name": "SubPlan 1","Parallel Aware": false,"Async Capable": false,"Startup Cost": 8.46,"Total Cost": 8.47,"Plan Rows": 1,"Plan Width": 32,"Actual Startup Time": 0.081,"Actual Total Time": 0.081,"Actual Rows": 1,"Actual Loops": 8684,"Plans": [{"Node Type": "Index Scan","Parent Relationship": "Outer","Parallel Aware": false,"Async Capable": false,"Scan Direction": "Forward","Index Name": "idx_lineitem_part_supp","Relation Name": "lineitem","Alias": "lineitem","Startup Cost": 0.43,"Total Cost": 8.46,"Plan Rows": 0,"Plan Width": 5,"Actual Startup Time": 0.049,"Actual Total Time": 0.080,"Actual Rows": 1,"Actual Loops": 8684,"Index Cond": "((l_partkey = partsupp.ps_partkey) AND (l_suppkey = partsupp.ps_suppkey))","Rows Removed by Index Recheck": 0,"Filter": "((l_shipdate >= '1994-01-01'::date) AND (l_shipdate < '1995-01-01 00:00:00'::timestamp without time zone))","Rows Removed by Filter": 6}]}]}]}]}]}]},"Planning Time": 5.912,"Triggers": [],"Execution Time": 965.014}]
[{"Plan": {"Node Type": "Sort","Parallel Aware": false,"Async Capable": false,"Startup Cost": 88442.96,"Total Cost": 88443.23,"Plan Rows": 108,"Plan Width": 51,"Actual Startup Time": 925.621,"Actual Total Time": 925.651,"Actual Rows": 186,"Actual Loops": 1,"Sort Key": ["supplier.s_name"],"Sort Method": "quicksort","Sort Space Used": 42,"Sort Space Type": "Memory","Plans": [{"Node Type": "Hash Join","Parent Relationship": "Outer","Parallel Aware": false,"Async Capable": false,"Join Type": "Semi","Startup Cost": 88199.59,"Total Cost": 88439.31,"Plan Rows": 108,"Plan Width": 51,"Actual Startup Time": 921.101,"Actual Total Time": 925.259,"Actual Rows": 186,"Actual Loops": 1,"Inner Unique": false,"Hash Cond": "(supplier.s_suppkey = partsupp.ps_suppkey)","Plans": [{"Node Type": "Nested Loop","Parent Relationship": "Outer","Parallel Aware": false,"Async Capable": false,"Join Type": "Inner","Startup Cost": 7.38,"Total Cost": 244.58,"Plan Rows": 400,"Plan Width": 55,"Actual Startup Time": 0.303,"Actual Total Time": 4.367,"Actual Rows": 438,"Actual Loops": 1,"Inner Unique": false,"Plans": [{"Node Type": "Seq Scan","Parent Relationship": "Outer","Parallel Aware": false,"Async Capable": false,"Relation Name": "nation","Alias": "nation","Startup Cost": 0.00,"Total Cost": 1.31,"Plan Rows": 1,"Plan Width": 4,"Actual Startup Time": 0.096,"Actual Total Time": 0.113,"Actual Rows": 1,"Actual Loops": 1,"Filter": "(n_name = 'IRAQ'::bpchar)","Rows Removed by Filter": 24},{"Node Type": "Bitmap Heap Scan","Parent Relationship": "Inner","Parallel Aware": false,"Async Capable": false,"Relation Name": "supplier","Alias": "supplier","Startup Cost": 7.38,"Total Cost": 239.27,"Plan Rows": 400,"Plan Width": 59,"Actual Startup Time": 0.198,"Actual Total Time": 4.194,"Actual Rows": 438,"Actual Loops": 1,"Recheck Cond": "(s_nationkey = nation.n_nationkey)","Rows Removed by Index Recheck": 0,"Exact Heap Blocks": 194,"Lossy Heap Blocks": 0,"Plans": [{"Node Type": "Bitmap Index Scan","Parent Relationship": "Outer","Parallel Aware": false,"Async Capable": false,"Index Name": "idx_supplier_nation_key","Startup Cost": 0.00,"Total Cost": 7.29,"Plan Rows": 400,"Plan Width": 0,"Actual Startup Time": 0.141,"Actual Total Time": 0.142,"Actual Rows": 438,"Actual Loops": 1,"Index Cond": "(s_nationkey = nation.n_nationkey)"}]}]},{"Node Type": "Hash","Parent Relationship": "Inner","Parallel Aware": false,"Async Capable": false,"Startup Cost": 88158.53,"Total Cost": 88158.53,"Plan Rows": 2694,"Plan Width": 4,"Actual Startup Time": 920.695,"Actual Total Time": 920.710,"Actual Rows": 6107,"Actual Loops": 1,"Hash Buckets": 8192,"Original Hash Buckets": 4096,"Hash Batches": 1,"Original Hash Batches": 1,"Peak Memory Usage": 279,"Plans": [{"Node Type": "Nested Loop","Parent Relationship": "Outer","Parallel Aware": false,"Async Capable": false,"Join Type": "Inner","Startup Cost": 0.42,"Total Cost": 88158.53,"Plan Rows": 2694,"Plan Width": 4,"Actual Startup Time": 0.463,"Actual Total Time": 915.920,"Actual Rows": 6107,"Actual Loops": 1,"Inner Unique": false,"Plans": [{"Node Type": "Seq Scan","Parent Relationship": "Outer","Parallel Aware": false,"Async Capable": false,"Relation Name": "part","Alias": "part","Startup Cost": 0.00,"Total Cost": 6597.00,"Plan Rows": 2020,"Plan Width": 4,"Actual Startup Time": 0.067,"Actual Total Time": 197.832,"Actual Rows": 2255,"Actual Loops": 1,"Filter": "((p_name)::text ~~ 'navajo%'::text)","Rows Removed by Filter": 197745},{"Node Type": "Index Scan","Parent Relationship": "Inner","Parallel Aware": false,"Async Capable": false,"Scan Direction": "Forward","Index Name": "idx_partsupp_partkey","Relation Name": "partsupp","Alias": "partsupp","Startup Cost": 0.42,"Total Cost": 40.36,"Plan Rows": 1,"Plan Width": 8,"Actual Startup Time": 0.136,"Actual Total Time": 0.318,"Actual Rows": 3,"Actual Loops": 2255,"Index Cond": "(ps_partkey = part.p_partkey)","Rows Removed by Index Recheck": 0,"Filter": "((ps_availqty)::numeric > (SubPlan 1))","Rows Removed by Filter": 1,"Plans": [{"Node Type": "Aggregate","Strategy": "Plain","Partial Mode": "Simple","Parent Relationship": "SubPlan","Subplan Name": "SubPlan 1","Parallel Aware": false,"Async Capable": false,"Startup Cost": 8.46,"Total Cost": 8.47,"Plan Rows": 1,"Plan Width": 32,"Actual Startup Time": 0.071,"Actual Total Time": 0.071,"Actual Rows": 1,"Actual Loops": 9020,"Plans": [{"Node Type": "Index Scan","Parent Relationship": "Outer","Parallel Aware": false,"Async Capable": false,"Scan Direction": "Forward","Index Name": "idx_lineitem_part_supp","Relation Name": "lineitem","Alias": "lineitem","Startup Cost": 0.43,"Total Cost": 8.46,"Plan Rows": 0,"Plan Width": 5,"Actual Startup Time": 0.043,"Actual Total Time": 0.070,"Actual Rows": 1,"Actual Loops": 9020,"Index Cond": "((l_partkey = partsupp.ps_partkey) AND (l_suppkey = partsupp.ps_suppkey))","Rows Removed by Index Recheck": 0,"Filter": "((l_shipdate >= '1994-01-01'::date) AND (l_shipdate < '1995-01-01 00:00:00'::timestamp without time zone))","Rows Removed by Filter": 6}]}]}]}]}]}]},"Planning Time": 7.219,"Triggers": [],"Execution Time": 925.946}]
[{"Plan": {"Node Type": "Sort","Parallel Aware": false,"Async Capable": false,"Startup Cost": 88442.96,"Total Cost": 88443.23,"Plan Rows": 108,"Plan Width": 51,"Actual Startup Time": 969.130,"Actual Total Time": 969.164,"Actual Rows": 183,"Actual Loops": 1,"Sort Key": ["supplier.s_name"],"Sort Method": "quicksort","Sort Space Used": 42,"Sort Space Type": "Memory","Plans": [{"Node Type": "Hash Join","Parent Relationship": "Outer","Parallel Aware": false,"Async Capable": false,"Join Type": "Semi","Startup Cost": 88199.59,"Total Cost": 88439.31,"Plan Rows": 108,"Plan Width": 51,"Actual Startup Time": 964.713,"Actual Total Time": 968.669,"Actual Rows": 183,"Actual Loops": 1,"Inner Unique": false,"Hash Cond": "(supplier.s_suppkey = partsupp.ps_suppkey)","Plans": [{"Node Type": "Nested Loop","Parent Relationship": "Outer","Parallel Aware": false,"Async Capable": false,"Join Type": "Inner","Startup Cost": 7.38,"Total Cost": 244.58,"Plan Rows": 400,"Plan Width": 55,"Actual Startup Time": 0.275,"Actual Total Time": 4.165,"Actual Rows": 413,"Actual Loops": 1,"Inner Unique": false,"Plans": [{"Node Type": "Seq Scan","Parent Relationship": "Outer","Parallel Aware": false,"Async Capable": false,"Relation Name": "nation","Alias": "nation","Startup Cost": 0.00,"Total Cost": 1.31,"Plan Rows": 1,"Plan Width": 4,"Actual Startup Time": 0.072,"Actual Total Time": 0.088,"Actual Rows": 1,"Actual Loops": 1,"Filter": "(n_name = 'ARGENTINA'::bpchar)","Rows Removed by Filter": 24},{"Node Type": "Bitmap Heap Scan","Parent Relationship": "Inner","Parallel Aware": false,"Async Capable": false,"Relation Name": "supplier","Alias": "supplier","Startup Cost": 7.38,"Total Cost": 239.27,"Plan Rows": 400,"Plan Width": 59,"Actual Startup Time": 0.200,"Actual Total Time": 4.012,"Actual Rows": 413,"Actual Loops": 1,"Recheck Cond": "(s_nationkey = nation.n_nationkey)","Rows Removed by Index Recheck": 0,"Exact Heap Blocks": 190,"Lossy Heap Blocks": 0,"Plans": [{"Node Type": "Bitmap Index Scan","Parent Relationship": "Outer","Parallel Aware": false,"Async Capable": false,"Index Name": "idx_supplier_nation_key","Startup Cost": 0.00,"Total Cost": 7.29,"Plan Rows": 400,"Plan Width": 0,"Actual Startup Time": 0.122,"Actual Total Time": 0.126,"Actual Rows": 413,"Actual Loops": 1,"Index Cond": "(s_nationkey = nation.n_nationkey)"}]}]},{"Node Type": "Hash","Parent Relationship": "Inner","Parallel Aware": false,"Async Capable": false,"Startup Cost": 88158.53,"Total Cost": 88158.53,"Plan Rows": 2694,"Plan Width": 4,"Actual Startup Time": 964.334,"Actual Total Time": 964.344,"Actual Rows": 5872,"Actual Loops": 1,"Hash Buckets": 8192,"Original Hash Buckets": 4096,"Hash Batches": 1,"Original Hash Batches": 1,"Peak Memory Usage": 271,"Plans": [{"Node Type": "Nested Loop","Parent Relationship": "Outer","Parallel Aware": false,"Async Capable": false,"Join Type": "Inner","Startup Cost": 0.42,"Total Cost": 88158.53,"Plan Rows": 2694,"Plan Width": 4,"Actual Startup Time": 0.549,"Actual Total Time": 960.161,"Actual Rows": 5872,"Actual Loops": 1,"Inner Unique": false,"Plans": [{"Node Type": "Seq Scan","Parent Relationship": "Outer","Parallel Aware": false,"Async Capable": false,"Relation Name": "part","Alias": "part","Startup Cost": 0.00,"Total Cost": 6597.00,"Plan Rows": 2020,"Plan Width": 4,"Actual Startup Time": 0.075,"Actual Total Time": 180.090,"Actual Rows": 2158,"Actual Loops": 1,"Filter": "((p_name)::text ~~ 'lemon%'::text)","Rows Removed by Filter": 197842},{"Node Type": "Index Scan","Parent Relationship": "Inner","Parallel Aware": false,"Async Capable": false,"Scan Direction": "Forward","Index Name": "idx_partsupp_partkey","Relation Name": "partsupp","Alias": "partsupp","Startup Cost": 0.42,"Total Cost": 40.36,"Plan Rows": 1,"Plan Width": 8,"Actual Startup Time": 0.149,"Actual Total Time": 0.361,"Actual Rows": 3,"Actual Loops": 2158,"Index Cond": "(ps_partkey = part.p_partkey)","Rows Removed by Index Recheck": 0,"Filter": "((ps_availqty)::numeric > (SubPlan 1))","Rows Removed by Filter": 1,"Plans": [{"Node Type": "Aggregate","Strategy": "Plain","Partial Mode": "Simple","Parent Relationship": "SubPlan","Subplan Name": "SubPlan 1","Parallel Aware": false,"Async Capable": false,"Startup Cost": 8.46,"Total Cost": 8.47,"Plan Rows": 1,"Plan Width": 32,"Actual Startup Time": 0.082,"Actual Total Time": 0.082,"Actual Rows": 1,"Actual Loops": 8632,"Plans": [{"Node Type": "Index Scan","Parent Relationship": "Outer","Parallel Aware": false,"Async Capable": false,"Scan Direction": "Forward","Index Name": "idx_lineitem_part_supp","Relation Name": "lineitem","Alias": "lineitem","Startup Cost": 0.43,"Total Cost": 8.46,"Plan Rows": 0,"Plan Width": 5,"Actual Startup Time": 0.050,"Actual Total Time": 0.081,"Actual Rows": 1,"Actual Loops": 8632,"Index Cond": "((l_partkey = partsupp.ps_partkey) AND (l_suppkey = partsupp.ps_suppkey))","Rows Removed by Index Recheck": 0,"Filter": "((l_shipdate >= '1994-01-01'::date) AND (l_shipdate < '1995-01-01 00:00:00'::timestamp without time zone))","Rows Removed by Filter": 6}]}]}]}]}]}]},"Planning Time": 6.046,"Triggers": [],"Execution Time": 969.433}]
[{"Plan": {"Node Type": "Sort","Parallel Aware": false,"Async Capable": false,"Startup Cost": 88442.96,"Total Cost": 88443.23,"Plan Rows": 108,"Plan Width": 51,"Actual Startup Time": 956.215,"Actual Total Time": 956.251,"Actual Rows": 164,"Actual Loops": 1,"Sort Key": ["supplier.s_name"],"Sort Method": "quicksort","Sort Space Used": 40,"Sort Space Type": "Memory","Plans": [{"Node Type": "Hash Join","Parent Relationship": "Outer","Parallel Aware": false,"Async Capable": false,"Join Type": "Semi","Startup Cost": 88199.59,"Total Cost": 88439.31,"Plan Rows": 108,"Plan Width": 51,"Actual Startup Time": 951.987,"Actual Total Time": 955.792,"Actual Rows": 164,"Actual Loops": 1,"Inner Unique": false,"Hash Cond": "(supplier.s_suppkey = partsupp.ps_suppkey)","Plans": [{"Node Type": "Nested Loop","Parent Relationship": "Outer","Parallel Aware": false,"Async Capable": false,"Join Type": "Inner","Startup Cost": 7.38,"Total Cost": 244.58,"Plan Rows": 400,"Plan Width": 55,"Actual Startup Time": 0.285,"Actual Total Time": 4.019,"Actual Rows": 376,"Actual Loops": 1,"Inner Unique": false,"Plans": [{"Node Type": "Seq Scan","Parent Relationship": "Outer","Parallel Aware": false,"Async Capable": false,"Relation Name": "nation","Alias": "nation","Startup Cost": 0.00,"Total Cost": 1.31,"Plan Rows": 1,"Plan Width": 4,"Actual Startup Time": 0.086,"Actual Total Time": 0.119,"Actual Rows": 1,"Actual Loops": 1,"Filter": "(n_name = 'KENYA'::bpchar)","Rows Removed by Filter": 24},{"Node Type": "Bitmap Heap Scan","Parent Relationship": "Inner","Parallel Aware": false,"Async Capable": false,"Relation Name": "supplier","Alias": "supplier","Startup Cost": 7.38,"Total Cost": 239.27,"Plan Rows": 400,"Plan Width": 59,"Actual Startup Time": 0.189,"Actual Total Time": 3.819,"Actual Rows": 376,"Actual Loops": 1,"Recheck Cond": "(s_nationkey = nation.n_nationkey)","Rows Removed by Index Recheck": 0,"Exact Heap Blocks": 179,"Lossy Heap Blocks": 0,"Plans": [{"Node Type": "Bitmap Index Scan","Parent Relationship": "Outer","Parallel Aware": false,"Async Capable": false,"Index Name": "idx_supplier_nation_key","Startup Cost": 0.00,"Total Cost": 7.29,"Plan Rows": 400,"Plan Width": 0,"Actual Startup Time": 0.131,"Actual Total Time": 0.136,"Actual Rows": 376,"Actual Loops": 1,"Index Cond": "(s_nationkey = nation.n_nationkey)"}]}]},{"Node Type": "Hash","Parent Relationship": "Inner","Parallel Aware": false,"Async Capable": false,"Startup Cost": 88158.53,"Total Cost": 88158.53,"Plan Rows": 2694,"Plan Width": 4,"Actual Startup Time": 951.602,"Actual Total Time": 951.611,"Actual Rows": 5716,"Actual Loops": 1,"Hash Buckets": 8192,"Original Hash Buckets": 4096,"Hash Batches": 1,"Original Hash Batches": 1,"Peak Memory Usage": 265,"Plans": [{"Node Type": "Nested Loop","Parent Relationship": "Outer","Parallel Aware": false,"Async Capable": false,"Join Type": "Inner","Startup Cost": 0.42,"Total Cost": 88158.53,"Plan Rows": 2694,"Plan Width": 4,"Actual Startup Time": 0.616,"Actual Total Time": 947.468,"Actual Rows": 5716,"Actual Loops": 1,"Inner Unique": false,"Plans": [{"Node Type": "Seq Scan","Parent Relationship": "Outer","Parallel Aware": false,"Async Capable": false,"Relation Name": "part","Alias": "part","Startup Cost": 0.00,"Total Cost": 6597.00,"Plan Rows": 2020,"Plan Width": 4,"Actual Startup Time": 0.135,"Actual Total Time": 179.069,"Actual Rows": 2128,"Actual Loops": 1,"Filter": "((p_name)::text ~~ 'pink%'::text)","Rows Removed by Filter": 197872},{"Node Type": "Index Scan","Parent Relationship": "Inner","Parallel Aware": false,"Async Capable": false,"Scan Direction": "Forward","Index Name": "idx_partsupp_partkey","Relation Name": "partsupp","Alias": "partsupp","Startup Cost": 0.42,"Total Cost": 40.36,"Plan Rows": 1,"Plan Width": 8,"Actual Startup Time": 0.154,"Actual Total Time": 0.361,"Actual Rows": 3,"Actual Loops": 2128,"Index Cond": "(ps_partkey = part.p_partkey)","Rows Removed by Index Recheck": 0,"Filter": "((ps_availqty)::numeric > (SubPlan 1))","Rows Removed by Filter": 1,"Plans": [{"Node Type": "Aggregate","Strategy": "Plain","Partial Mode": "Simple","Parent Relationship": "SubPlan","Subplan Name": "SubPlan 1","Parallel Aware": false,"Async Capable": false,"Startup Cost": 8.46,"Total Cost": 8.47,"Plan Rows": 1,"Plan Width": 32,"Actual Startup Time": 0.082,"Actual Total Time": 0.082,"Actual Rows": 1,"Actual Loops": 8512,"Plans": [{"Node Type": "Index Scan","Parent Relationship": "Outer","Parallel Aware": false,"Async Capable": false,"Scan Direction": "Forward","Index Name": "idx_lineitem_part_supp","Relation Name": "lineitem","Alias": "lineitem","Startup Cost": 0.43,"Total Cost": 8.46,"Plan Rows": 0,"Plan Width": 5,"Actual Startup Time": 0.050,"Actual Total Time": 0.081,"Actual Rows": 1,"Actual Loops": 8512,"Index Cond": "((l_partkey = partsupp.ps_partkey) AND (l_suppkey = partsupp.ps_suppkey))","Rows Removed by Index Recheck": 0,"Filter": "((l_shipdate >= '1993-01-01'::date) AND (l_shipdate < '1994-01-01 00:00:00'::timestamp without time zone))","Rows Removed by Filter": 6}]}]}]}]}]}]},"Planning Time": 6.531,"Triggers": [],"Execution Time": 956.501}]
[{"Plan": {"Node Type": "Sort","Parallel Aware": false,"Async Capable": false,"Startup Cost": 88442.96,"Total Cost": 88443.23,"Plan Rows": 108,"Plan Width": 51,"Actual Startup Time": 905.970,"Actual Total Time": 906.008,"Actual Rows": 163,"Actual Loops": 1,"Sort Key": ["supplier.s_name"],"Sort Method": "quicksort","Sort Space Used": 40,"Sort Space Type": "Memory","Plans": [{"Node Type": "Hash Join","Parent Relationship": "Outer","Parallel Aware": false,"Async Capable": false,"Join Type": "Semi","Startup Cost": 88199.59,"Total Cost": 88439.31,"Plan Rows": 108,"Plan Width": 51,"Actual Startup Time": 901.778,"Actual Total Time": 905.701,"Actual Rows": 163,"Actual Loops": 1,"Inner Unique": false,"Hash Cond": "(supplier.s_suppkey = partsupp.ps_suppkey)","Plans": [{"Node Type": "Nested Loop","Parent Relationship": "Outer","Parallel Aware": false,"Async Capable": false,"Join Type": "Inner","Startup Cost": 7.38,"Total Cost": 244.58,"Plan Rows": 400,"Plan Width": 55,"Actual Startup Time": 0.250,"Actual Total Time": 4.101,"Actual Rows": 405,"Actual Loops": 1,"Inner Unique": false,"Plans": [{"Node Type": "Seq Scan","Parent Relationship": "Outer","Parallel Aware": false,"Async Capable": false,"Relation Name": "nation","Alias": "nation","Startup Cost": 0.00,"Total Cost": 1.31,"Plan Rows": 1,"Plan Width": 4,"Actual Startup Time": 0.068,"Actual Total Time": 0.092,"Actual Rows": 1,"Actual Loops": 1,"Filter": "(n_name = 'INDONESIA'::bpchar)","Rows Removed by Filter": 24},{"Node Type": "Bitmap Heap Scan","Parent Relationship": "Inner","Parallel Aware": false,"Async Capable": false,"Relation Name": "supplier","Alias": "supplier","Startup Cost": 7.38,"Total Cost": 239.27,"Plan Rows": 400,"Plan Width": 59,"Actual Startup Time": 0.179,"Actual Total Time": 3.944,"Actual Rows": 405,"Actual Loops": 1,"Recheck Cond": "(s_nationkey = nation.n_nationkey)","Rows Removed by Index Recheck": 0,"Exact Heap Blocks": 192,"Lossy Heap Blocks": 0,"Plans": [{"Node Type": "Bitmap Index Scan","Parent Relationship": "Outer","Parallel Aware": false,"Async Capable": false,"Index Name": "idx_supplier_nation_key","Startup Cost": 0.00,"Total Cost": 7.29,"Plan Rows": 400,"Plan Width": 0,"Actual Startup Time": 0.116,"Actual Total Time": 0.124,"Actual Rows": 405,"Actual Loops": 1,"Index Cond": "(s_nationkey = nation.n_nationkey)"}]}]},{"Node Type": "Hash","Parent Relationship": "Inner","Parallel Aware": false,"Async Capable": false,"Startup Cost": 88158.53,"Total Cost": 88158.53,"Plan Rows": 2694,"Plan Width": 4,"Actual Startup Time": 901.450,"Actual Total Time": 901.457,"Actual Rows": 5915,"Actual Loops": 1,"Hash Buckets": 8192,"Original Hash Buckets": 4096,"Hash Batches": 1,"Original Hash Batches": 1,"Peak Memory Usage": 272,"Plans": [{"Node Type": "Nested Loop","Parent Relationship": "Outer","Parallel Aware": false,"Async Capable": false,"Join Type": "Inner","Startup Cost": 0.42,"Total Cost": 88158.53,"Plan Rows": 2694,"Plan Width": 4,"Actual Startup Time": 0.490,"Actual Total Time": 896.745,"Actual Rows": 5915,"Actual Loops": 1,"Inner Unique": false,"Plans": [{"Node Type": "Seq Scan","Parent Relationship": "Outer","Parallel Aware": false,"Async Capable": false,"Relation Name": "part","Alias": "part","Startup Cost": 0.00,"Total Cost": 6597.00,"Plan Rows": 2020,"Plan Width": 4,"Actual Startup Time": 0.157,"Actual Total Time": 196.672,"Actual Rows": 2170,"Actual Loops": 1,"Filter": "((p_name)::text ~~ 'frosted%'::text)","Rows Removed by Filter": 197830},{"Node Type": "Index Scan","Parent Relationship": "Inner","Parallel Aware": false,"Async Capable": false,"Scan Direction": "Forward","Index Name": "idx_partsupp_partkey","Relation Name": "partsupp","Alias": "partsupp","Startup Cost": 0.42,"Total Cost": 40.36,"Plan Rows": 1,"Plan Width": 8,"Actual Startup Time": 0.136,"Actual Total Time": 0.322,"Actual Rows": 3,"Actual Loops": 2170,"Index Cond": "(ps_partkey = part.p_partkey)","Rows Removed by Index Recheck": 0,"Filter": "((ps_availqty)::numeric > (SubPlan 1))","Rows Removed by Filter": 1,"Plans": [{"Node Type": "Aggregate","Strategy": "Plain","Partial Mode": "Simple","Parent Relationship": "SubPlan","Subplan Name": "SubPlan 1","Parallel Aware": false,"Async Capable": false,"Startup Cost": 8.46,"Total Cost": 8.47,"Plan Rows": 1,"Plan Width": 32,"Actual Startup Time": 0.072,"Actual Total Time": 0.072,"Actual Rows": 1,"Actual Loops": 8680,"Plans": [{"Node Type": "Index Scan","Parent Relationship": "Outer","Parallel Aware": false,"Async Capable": false,"Scan Direction": "Forward","Index Name": "idx_lineitem_part_supp","Relation Name": "lineitem","Alias": "lineitem","Startup Cost": 0.43,"Total Cost": 8.46,"Plan Rows": 0,"Plan Width": 5,"Actual Startup Time": 0.044,"Actual Total Time": 0.071,"Actual Rows": 1,"Actual Loops": 8680,"Index Cond": "((l_partkey = partsupp.ps_partkey) AND (l_suppkey = partsupp.ps_suppkey))","Rows Removed by Index Recheck": 0,"Filter": "((l_shipdate >= '1997-01-01'::date) AND (l_shipdate < '1998-01-01 00:00:00'::timestamp without time zone))","Rows Removed by Filter": 6}]}]}]}]}]}]},"Planning Time": 5.811,"Triggers": [],"Execution Time": 906.230}]
[{"Plan": {"Node Type": "Sort","Parallel Aware": false,"Async Capable": false,"Startup Cost": 88442.96,"Total Cost": 88443.23,"Plan Rows": 108,"Plan Width": 51,"Actual Startup Time": 969.616,"Actual Total Time": 969.655,"Actual Rows": 183,"Actual Loops": 1,"Sort Key": ["supplier.s_name"],"Sort Method": "quicksort","Sort Space Used": 42,"Sort Space Type": "Memory","Plans": [{"Node Type": "Hash Join","Parent Relationship": "Outer","Parallel Aware": false,"Async Capable": false,"Join Type": "Semi","Startup Cost": 88199.59,"Total Cost": 88439.31,"Plan Rows": 108,"Plan Width": 51,"Actual Startup Time": 965.067,"Actual Total Time": 969.157,"Actual Rows": 183,"Actual Loops": 1,"Inner Unique": false,"Hash Cond": "(supplier.s_suppkey = partsupp.ps_suppkey)","Plans": [{"Node Type": "Nested Loop","Parent Relationship": "Outer","Parallel Aware": false,"Async Capable": false,"Join Type": "Inner","Startup Cost": 7.38,"Total Cost": 244.58,"Plan Rows": 400,"Plan Width": 55,"Actual Startup Time": 0.288,"Actual Total Time": 4.244,"Actual Rows": 380,"Actual Loops": 1,"Inner Unique": false,"Plans": [{"Node Type": "Seq Scan","Parent Relationship": "Outer","Parallel Aware": false,"Async Capable": false,"Relation Name": "nation","Alias": "nation","Startup Cost": 0.00,"Total Cost": 1.31,"Plan Rows": 1,"Plan Width": 4,"Actual Startup Time": 0.056,"Actual Total Time": 0.081,"Actual Rows": 1,"Actual Loops": 1,"Filter": "(n_name = 'ETHIOPIA'::bpchar)","Rows Removed by Filter": 24},{"Node Type": "Bitmap Heap Scan","Parent Relationship": "Inner","Parallel Aware": false,"Async Capable": false,"Relation Name": "supplier","Alias": "supplier","Startup Cost": 7.38,"Total Cost": 239.27,"Plan Rows": 400,"Plan Width": 59,"Actual Startup Time": 0.222,"Actual Total Time": 4.090,"Actual Rows": 380,"Actual Loops": 1,"Recheck Cond": "(s_nationkey = nation.n_nationkey)","Rows Removed by Index Recheck": 0,"Exact Heap Blocks": 192,"Lossy Heap Blocks": 0,"Plans": [{"Node Type": "Bitmap Index Scan","Parent Relationship": "Outer","Parallel Aware": false,"Async Capable": false,"Index Name": "idx_supplier_nation_key","Startup Cost": 0.00,"Total Cost": 7.29,"Plan Rows": 400,"Plan Width": 0,"Actual Startup Time": 0.149,"Actual Total Time": 0.151,"Actual Rows": 380,"Actual Loops": 1,"Index Cond": "(s_nationkey = nation.n_nationkey)"}]}]},{"Node Type": "Hash","Parent Relationship": "Inner","Parallel Aware": false,"Async Capable": false,"Startup Cost": 88158.53,"Total Cost": 88158.53,"Plan Rows": 2694,"Plan Width": 4,"Actual Startup Time": 964.721,"Actual Total Time": 964.735,"Actual Rows": 5892,"Actual Loops": 1,"Hash Buckets": 8192,"Original Hash Buckets": 4096,"Hash Batches": 1,"Original Hash Batches": 1,"Peak Memory Usage": 272,"Plans": [{"Node Type": "Nested Loop","Parent Relationship": "Outer","Parallel Aware": false,"Async Capable": false,"Join Type": "Inner","Startup Cost": 0.42,"Total Cost": 88158.53,"Plan Rows": 2694,"Plan Width": 4,"Actual Startup Time": 0.555,"Actual Total Time": 960.383,"Actual Rows": 5892,"Actual Loops": 1,"Inner Unique": false,"Plans": [{"Node Type": "Seq Scan","Parent Relationship": "Outer","Parallel Aware": false,"Async Capable": false,"Relation Name": "part","Alias": "part","Startup Cost": 0.00,"Total Cost": 6597.00,"Plan Rows": 2020,"Plan Width": 4,"Actual Startup Time": 0.160,"Actual Total Time": 181.154,"Actual Rows": 2170,"Actual Loops": 1,"Filter": "((p_name)::text ~~ 'frosted%'::text)","Rows Removed by Filter": 197830},{"Node Type": "Index Scan","Parent Relationship": "Inner","Parallel Aware": false,"Async Capable": false,"Scan Direction": "Forward","Index Name": "idx_partsupp_partkey","Relation Name": "partsupp","Alias": "partsupp","Startup Cost": 0.42,"Total Cost": 40.36,"Plan Rows": 1,"Plan Width": 8,"Actual Startup Time": 0.151,"Actual Total Time": 0.359,"Actual Rows": 3,"Actual Loops": 2170,"Index Cond": "(ps_partkey = part.p_partkey)","Rows Removed by Index Recheck": 0,"Filter": "((ps_availqty)::numeric > (SubPlan 1))","Rows Removed by Filter": 1,"Plans": [{"Node Type": "Aggregate","Strategy": "Plain","Partial Mode": "Simple","Parent Relationship": "SubPlan","Subplan Name": "SubPlan 1","Parallel Aware": false,"Async Capable": false,"Startup Cost": 8.46,"Total Cost": 8.47,"Plan Rows": 1,"Plan Width": 32,"Actual Startup Time": 0.082,"Actual Total Time": 0.082,"Actual Rows": 1,"Actual Loops": 8680,"Plans": [{"Node Type": "Index Scan","Parent Relationship": "Outer","Parallel Aware": false,"Async Capable": false,"Scan Direction": "Forward","Index Name": "idx_lineitem_part_supp","Relation Name": "lineitem","Alias": "lineitem","Startup Cost": 0.43,"Total Cost": 8.46,"Plan Rows": 0,"Plan Width": 5,"Actual Startup Time": 0.050,"Actual Total Time": 0.081,"Actual Rows": 1,"Actual Loops": 8680,"Index Cond": "((l_partkey = partsupp.ps_partkey) AND (l_suppkey = partsupp.ps_suppkey))","Rows Removed by Index Recheck": 0,"Filter": "((l_shipdate >= '1993-01-01'::date) AND (l_shipdate < '1994-01-01 00:00:00'::timestamp without time zone))","Rows Removed by Filter": 6}]}]}]}]}]}]},"Planning Time": 6.647,"Triggers": [],"Execution Time": 969.906}]
[{"Plan": {"Node Type": "Sort","Parallel Aware": false,"Async Capable": false,"Startup Cost": 88442.96,"Total Cost": 88443.23,"Plan Rows": 108,"Plan Width": 51,"Actual Startup Time": 907.066,"Actual Total Time": 907.102,"Actual Rows": 182,"Actual Loops": 1,"Sort Key": ["supplier.s_name"],"Sort Method": "quicksort","Sort Space Used": 41,"Sort Space Type": "Memory","Plans": [{"Node Type": "Hash Join","Parent Relationship": "Outer","Parallel Aware": false,"Async Capable": false,"Join Type": "Semi","Startup Cost": 88199.59,"Total Cost": 88439.31,"Plan Rows": 108,"Plan Width": 51,"Actual Startup Time": 902.817,"Actual Total Time": 906.711,"Actual Rows": 182,"Actual Loops": 1,"Inner Unique": false,"Hash Cond": "(supplier.s_suppkey = partsupp.ps_suppkey)","Plans": [{"Node Type": "Nested Loop","Parent Relationship": "Outer","Parallel Aware": false,"Async Capable": false,"Join Type": "Inner","Startup Cost": 7.38,"Total Cost": 244.58,"Plan Rows": 400,"Plan Width": 55,"Actual Startup Time": 0.272,"Actual Total Time": 4.093,"Actual Rows": 393,"Actual Loops": 1,"Inner Unique": false,"Plans": [{"Node Type": "Seq Scan","Parent Relationship": "Outer","Parallel Aware": false,"Async Capable": false,"Relation Name": "nation","Alias": "nation","Startup Cost": 0.00,"Total Cost": 1.31,"Plan Rows": 1,"Plan Width": 4,"Actual Startup Time": 0.067,"Actual Total Time": 0.076,"Actual Rows": 1,"Actual Loops": 1,"Filter": "(n_name = 'UNITED STATES'::bpchar)","Rows Removed by Filter": 24},{"Node Type": "Bitmap Heap Scan","Parent Relationship": "Inner","Parallel Aware": false,"Async Capable": false,"Relation Name": "supplier","Alias": "supplier","Startup Cost": 7.38,"Total Cost": 239.27,"Plan Rows": 400,"Plan Width": 59,"Actual Startup Time": 0.199,"Actual Total Time": 3.960,"Actual Rows": 393,"Actual Loops": 1,"Recheck Cond": "(s_nationkey = nation.n_nationkey)","Rows Removed by Index Recheck": 0,"Exact Heap Blocks": 181,"Lossy Heap Blocks": 0,"Plans": [{"Node Type": "Bitmap Index Scan","Parent Relationship": "Outer","Parallel Aware": false,"Async Capable": false,"Index Name": "idx_supplier_nation_key","Startup Cost": 0.00,"Total Cost": 7.29,"Plan Rows": 400,"Plan Width": 0,"Actual Startup Time": 0.129,"Actual Total Time": 0.133,"Actual Rows": 393,"Actual Loops": 1,"Index Cond": "(s_nationkey = nation.n_nationkey)"}]}]},{"Node Type": "Hash","Parent Relationship": "Inner","Parallel Aware": false,"Async Capable": false,"Startup Cost": 88158.53,"Total Cost": 88158.53,"Plan Rows": 2694,"Plan Width": 4,"Actual Startup Time": 902.482,"Actual Total Time": 902.490,"Actual Rows": 5875,"Actual Loops": 1,"Hash Buckets": 8192,"Original Hash Buckets": 4096,"Hash Batches": 1,"Original Hash Batches": 1,"Peak Memory Usage": 271,"Plans": [{"Node Type": "Nested Loop","Parent Relationship": "Outer","Parallel Aware": false,"Async Capable": false,"Join Type": "Inner","Startup Cost": 0.42,"Total Cost": 88158.53,"Plan Rows": 2694,"Plan Width": 4,"Actual Startup Time": 1.084,"Actual Total Time": 898.391,"Actual Rows": 5875,"Actual Loops": 1,"Inner Unique": false,"Plans": [{"Node Type": "Seq Scan","Parent Relationship": "Outer","Parallel Aware": false,"Async Capable": false,"Relation Name": "part","Alias": "part","Startup Cost": 0.00,"Total Cost": 6597.00,"Plan Rows": 2020,"Plan Width": 4,"Actual Startup Time": 0.489,"Actual Total Time": 195.843,"Actual Rows": 2155,"Actual Loops": 1,"Filter": "((p_name)::text ~~ 'lavender%'::text)","Rows Removed by Filter": 197845},{"Node Type": "Index Scan","Parent Relationship": "Inner","Parallel Aware": false,"Async Capable": false,"Scan Direction": "Forward","Index Name": "idx_partsupp_partkey","Relation Name": "partsupp","Alias": "partsupp","Startup Cost": 0.42,"Total Cost": 40.36,"Plan Rows": 1,"Plan Width": 8,"Actual Startup Time": 0.138,"Actual Total Time": 0.325,"Actual Rows": 3,"Actual Loops": 2155,"Index Cond": "(ps_partkey = part.p_partkey)","Rows Removed by Index Recheck": 0,"Filter": "((ps_availqty)::numeric > (SubPlan 1))","Rows Removed by Filter": 1,"Plans": [{"Node Type": "Aggregate","Strategy": "Plain","Partial Mode": "Simple","Parent Relationship": "SubPlan","Subplan Name": "SubPlan 1","Parallel Aware": false,"Async Capable": false,"Startup Cost": 8.46,"Total Cost": 8.47,"Plan Rows": 1,"Plan Width": 32,"Actual Startup Time": 0.073,"Actual Total Time": 0.073,"Actual Rows": 1,"Actual Loops": 8620,"Plans": [{"Node Type": "Index Scan","Parent Relationship": "Outer","Parallel Aware": false,"Async Capable": false,"Scan Direction": "Forward","Index Name": "idx_lineitem_part_supp","Relation Name": "lineitem","Alias": "lineitem","Startup Cost": 0.43,"Total Cost": 8.46,"Plan Rows": 0,"Plan Width": 5,"Actual Startup Time": 0.044,"Actual Total Time": 0.072,"Actual Rows": 1,"Actual Loops": 8620,"Index Cond": "((l_partkey = partsupp.ps_partkey) AND (l_suppkey = partsupp.ps_suppkey))","Rows Removed by Index Recheck": 0,"Filter": "((l_shipdate >= '1993-01-01'::date) AND (l_shipdate < '1994-01-01 00:00:00'::timestamp without time zone))","Rows Removed by Filter": 6}]}]}]}]}]}]},"Planning Time": 5.949,"Triggers": [],"Execution Time": 907.370}]
[{"Plan": {"Node Type": "Sort","Parallel Aware": false,"Async Capable": false,"Startup Cost": 88442.96,"Total Cost": 88443.23,"Plan Rows": 108,"Plan Width": 51,"Actual Startup Time": 908.101,"Actual Total Time": 908.144,"Actual Rows": 183,"Actual Loops": 1,"Sort Key": ["supplier.s_name"],"Sort Method": "quicksort","Sort Space Used": 42,"Sort Space Type": "Memory","Plans": [{"Node Type": "Hash Join","Parent Relationship": "Outer","Parallel Aware": false,"Async Capable": false,"Join Type": "Semi","Startup Cost": 88199.59,"Total Cost": 88439.31,"Plan Rows": 108,"Plan Width": 51,"Actual Startup Time": 903.765,"Actual Total Time": 907.793,"Actual Rows": 183,"Actual Loops": 1,"Inner Unique": false,"Hash Cond": "(supplier.s_suppkey = partsupp.ps_suppkey)","Plans": [{"Node Type": "Nested Loop","Parent Relationship": "Outer","Parallel Aware": false,"Async Capable": false,"Join Type": "Inner","Startup Cost": 7.38,"Total Cost": 244.58,"Plan Rows": 400,"Plan Width": 55,"Actual Startup Time": 0.219,"Actual Total Time": 4.122,"Actual Rows": 406,"Actual Loops": 1,"Inner Unique": false,"Plans": [{"Node Type": "Seq Scan","Parent Relationship": "Outer","Parallel Aware": false,"Async Capable": false,"Relation Name": "nation","Alias": "nation","Startup Cost": 0.00,"Total Cost": 1.31,"Plan Rows": 1,"Plan Width": 4,"Actual Startup Time": 0.061,"Actual Total Time": 0.089,"Actual Rows": 1,"Actual Loops": 1,"Filter": "(n_name = 'MOZAMBIQUE'::bpchar)","Rows Removed by Filter": 24},{"Node Type": "Bitmap Heap Scan","Parent Relationship": "Inner","Parallel Aware": false,"Async Capable": false,"Relation Name": "supplier","Alias": "supplier","Startup Cost": 7.38,"Total Cost": 239.27,"Plan Rows": 400,"Plan Width": 59,"Actual Startup Time": 0.151,"Actual Total Time": 3.962,"Actual Rows": 406,"Actual Loops": 1,"Recheck Cond": "(s_nationkey = nation.n_nationkey)","Rows Removed by Index Recheck": 0,"Exact Heap Blocks": 186,"Lossy Heap Blocks": 0,"Plans": [{"Node Type": "Bitmap Index Scan","Parent Relationship": "Outer","Parallel Aware": false,"Async Capable": false,"Index Name": "idx_supplier_nation_key","Startup Cost": 0.00,"Total Cost": 7.29,"Plan Rows": 400,"Plan Width": 0,"Actual Startup Time": 0.115,"Actual Total Time": 0.121,"Actual Rows": 406,"Actual Loops": 1,"Index Cond": "(s_nationkey = nation.n_nationkey)"}]}]},{"Node Type": "Hash","Parent Relationship": "Inner","Parallel Aware": false,"Async Capable": false,"Startup Cost": 88158.53,"Total Cost": 88158.53,"Plan Rows": 2694,"Plan Width": 4,"Actual Startup Time": 903.493,"Actual Total Time": 903.505,"Actual Rows": 5842,"Actual Loops": 1,"Hash Buckets": 8192,"Original Hash Buckets": 4096,"Hash Batches": 1,"Original Hash Batches": 1,"Peak Memory Usage": 270,"Plans": [{"Node Type": "Nested Loop","Parent Relationship": "Outer","Parallel Aware": false,"Async Capable": false,"Join Type": "Inner","Startup Cost": 0.42,"Total Cost": 88158.53,"Plan Rows": 2694,"Plan Width": 4,"Actual Startup Time": 0.400,"Actual Total Time": 899.363,"Actual Rows": 5842,"Actual Loops": 1,"Inner Unique": false,"Plans": [{"Node Type": "Seq Scan","Parent Relationship": "Outer","Parallel Aware": false,"Async Capable": false,"Relation Name": "part","Alias": "part","Startup Cost": 0.00,"Total Cost": 6597.00,"Plan Rows": 2020,"Plan Width": 4,"Actual Startup Time": 0.059,"Actual Total Time": 200.739,"Actual Rows": 2146,"Actual Loops": 1,"Filter": "((p_name)::text ~~ 'chocolate%'::text)","Rows Removed by Filter": 197854},{"Node Type": "Index Scan","Parent Relationship": "Inner","Parallel Aware": false,"Async Capable": false,"Scan Direction": "Forward","Index Name": "idx_partsupp_partkey","Relation Name": "partsupp","Alias": "partsupp","Startup Cost": 0.42,"Total Cost": 40.36,"Plan Rows": 1,"Plan Width": 8,"Actual Startup Time": 0.138,"Actual Total Time": 0.325,"Actual Rows": 3,"Actual Loops": 2146,"Index Cond": "(ps_partkey = part.p_partkey)","Rows Removed by Index Recheck": 0,"Filter": "((ps_availqty)::numeric > (SubPlan 1))","Rows Removed by Filter": 1,"Plans": [{"Node Type": "Aggregate","Strategy": "Plain","Partial Mode": "Simple","Parent Relationship": "SubPlan","Subplan Name": "SubPlan 1","Parallel Aware": false,"Async Capable": false,"Startup Cost": 8.46,"Total Cost": 8.47,"Plan Rows": 1,"Plan Width": 32,"Actual Startup Time": 0.073,"Actual Total Time": 0.073,"Actual Rows": 1,"Actual Loops": 8584,"Plans": [{"Node Type": "Index Scan","Parent Relationship": "Outer","Parallel Aware": false,"Async Capable": false,"Scan Direction": "Forward","Index Name": "idx_lineitem_part_supp","Relation Name": "lineitem","Alias": "lineitem","Startup Cost": 0.43,"Total Cost": 8.46,"Plan Rows": 0,"Plan Width": 5,"Actual Startup Time": 0.044,"Actual Total Time": 0.072,"Actual Rows": 1,"Actual Loops": 8584,"Index Cond": "((l_partkey = partsupp.ps_partkey) AND (l_suppkey = partsupp.ps_suppkey))","Rows Removed by Index Recheck": 0,"Filter": "((l_shipdate >= '1996-01-01'::date) AND (l_shipdate < '1997-01-01 00:00:00'::timestamp without time zone))","Rows Removed by Filter": 6}]}]}]}]}]}]},"Planning Time": 7.747,"Triggers": [],"Execution Time": 908.377}]
[{"Plan": {"Node Type": "Sort","Parallel Aware": false,"Async Capable": false,"Startup Cost": 88442.96,"Total Cost": 88443.23,"Plan Rows": 108,"Plan Width": 51,"Actual Startup Time": 912.949,"Actual Total Time": 912.987,"Actual Rows": 189,"Actual Loops": 1,"Sort Key": ["supplier.s_name"],"Sort Method": "quicksort","Sort Space Used": 42,"Sort Space Type": "Memory","Plans": [{"Node Type": "Hash Join","Parent Relationship": "Outer","Parallel Aware": false,"Async Capable": false,"Join Type": "Semi","Startup Cost": 88199.59,"Total Cost": 88439.31,"Plan Rows": 108,"Plan Width": 51,"Actual Startup Time": 908.297,"Actual Total Time": 912.624,"Actual Rows": 189,"Actual Loops": 1,"Inner Unique": false,"Hash Cond": "(supplier.s_suppkey = partsupp.ps_suppkey)","Plans": [{"Node Type": "Nested Loop","Parent Relationship": "Outer","Parallel Aware": false,"Async Capable": false,"Join Type": "Inner","Startup Cost": 7.38,"Total Cost": 244.58,"Plan Rows": 400,"Plan Width": 55,"Actual Startup Time": 0.248,"Actual Total Time": 4.494,"Actual Rows": 420,"Actual Loops": 1,"Inner Unique": false,"Plans": [{"Node Type": "Seq Scan","Parent Relationship": "Outer","Parallel Aware": false,"Async Capable": false,"Relation Name": "nation","Alias": "nation","Startup Cost": 0.00,"Total Cost": 1.31,"Plan Rows": 1,"Plan Width": 4,"Actual Startup Time": 0.060,"Actual Total Time": 0.092,"Actual Rows": 1,"Actual Loops": 1,"Filter": "(n_name = 'ALGERIA'::bpchar)","Rows Removed by Filter": 24},{"Node Type": "Bitmap Heap Scan","Parent Relationship": "Inner","Parallel Aware": false,"Async Capable": false,"Relation Name": "supplier","Alias": "supplier","Startup Cost": 7.38,"Total Cost": 239.27,"Plan Rows": 400,"Plan Width": 59,"Actual Startup Time": 0.185,"Actual Total Time": 4.337,"Actual Rows": 420,"Actual Loops": 1,"Recheck Cond": "(s_nationkey = nation.n_nationkey)","Rows Removed by Index Recheck": 0,"Exact Heap Blocks": 197,"Lossy Heap Blocks": 0,"Plans": [{"Node Type": "Bitmap Index Scan","Parent Relationship": "Outer","Parallel Aware": false,"Async Capable": false,"Index Name": "idx_supplier_nation_key","Startup Cost": 0.00,"Total Cost": 7.29,"Plan Rows": 400,"Plan Width": 0,"Actual Startup Time": 0.130,"Actual Total Time": 0.135,"Actual Rows": 420,"Actual Loops": 1,"Index Cond": "(s_nationkey = nation.n_nationkey)"}]}]},{"Node Type": "Hash","Parent Relationship": "Inner","Parallel Aware": false,"Async Capable": false,"Startup Cost": 88158.53,"Total Cost": 88158.53,"Plan Rows": 2694,"Plan Width": 4,"Actual Startup Time": 907.983,"Actual Total Time": 907.995,"Actual Rows": 5886,"Actual Loops": 1,"Hash Buckets": 8192,"Original Hash Buckets": 4096,"Hash Batches": 1,"Original Hash Batches": 1,"Peak Memory Usage": 271,"Plans": [{"Node Type": "Nested Loop","Parent Relationship": "Outer","Parallel Aware": false,"Async Capable": false,"Join Type": "Inner","Startup Cost": 0.42,"Total Cost": 88158.53,"Plan Rows": 2694,"Plan Width": 4,"Actual Startup Time": 1.054,"Actual Total Time": 903.447,"Actual Rows": 5886,"Actual Loops": 1,"Inner Unique": false,"Plans": [{"Node Type": "Seq Scan","Parent Relationship": "Outer","Parallel Aware": false,"Async Capable": false,"Relation Name": "part","Alias": "part","Startup Cost": 0.00,"Total Cost": 6597.00,"Plan Rows": 2020,"Plan Width": 4,"Actual Startup Time": 0.116,"Actual Total Time": 202.163,"Actual Rows": 2186,"Actual Loops": 1,"Filter": "((p_name)::text ~~ 'pale%'::text)","Rows Removed by Filter": 197814},{"Node Type": "Index Scan","Parent Relationship": "Inner","Parallel Aware": false,"Async Capable": false,"Scan Direction": "Forward","Index Name": "idx_partsupp_partkey","Relation Name": "partsupp","Alias": "partsupp","Startup Cost": 0.42,"Total Cost": 40.36,"Plan Rows": 1,"Plan Width": 8,"Actual Startup Time": 0.137,"Actual Total Time": 0.320,"Actual Rows": 3,"Actual Loops": 2186,"Index Cond": "(ps_partkey = part.p_partkey)","Rows Removed by Index Recheck": 0,"Filter": "((ps_availqty)::numeric > (SubPlan 1))","Rows Removed by Filter": 1,"Plans": [{"Node Type": "Aggregate","Strategy": "Plain","Partial Mode": "Simple","Parent Relationship": "SubPlan","Subplan Name": "SubPlan 1","Parallel Aware": false,"Async Capable": false,"Startup Cost": 8.46,"Total Cost": 8.47,"Plan Rows": 1,"Plan Width": 32,"Actual Startup Time": 0.072,"Actual Total Time": 0.072,"Actual Rows": 1,"Actual Loops": 8744,"Plans": [{"Node Type": "Index Scan","Parent Relationship": "Outer","Parallel Aware": false,"Async Capable": false,"Scan Direction": "Forward","Index Name": "idx_lineitem_part_supp","Relation Name": "lineitem","Alias": "lineitem","Startup Cost": 0.43,"Total Cost": 8.46,"Plan Rows": 0,"Plan Width": 5,"Actual Startup Time": 0.044,"Actual Total Time": 0.071,"Actual Rows": 1,"Actual Loops": 8744,"Index Cond": "((l_partkey = partsupp.ps_partkey) AND (l_suppkey = partsupp.ps_suppkey))","Rows Removed by Index Recheck": 0,"Filter": "((l_shipdate >= '1995-01-01'::date) AND (l_shipdate < '1996-01-01 00:00:00'::timestamp without time zone))","Rows Removed by Filter": 6}]}]}]}]}]}]},"Planning Time": 5.803,"Triggers": [],"Execution Time": 913.245}]
[{"Plan": {"Node Type": "Sort","Parallel Aware": false,"Async Capable": false,"Startup Cost": 88442.96,"Total Cost": 88443.23,"Plan Rows": 108,"Plan Width": 51,"Actual Startup Time": 982.371,"Actual Total Time": 982.406,"Actual Rows": 178,"Actual Loops": 1,"Sort Key": ["supplier.s_name"],"Sort Method": "quicksort","Sort Space Used": 41,"Sort Space Type": "Memory","Plans": [{"Node Type": "Hash Join","Parent Relationship": "Outer","Parallel Aware": false,"Async Capable": false,"Join Type": "Semi","Startup Cost": 88199.59,"Total Cost": 88439.31,"Plan Rows": 108,"Plan Width": 51,"Actual Startup Time": 977.665,"Actual Total Time": 982.031,"Actual Rows": 178,"Actual Loops": 1,"Inner Unique": false,"Hash Cond": "(supplier.s_suppkey = partsupp.ps_suppkey)","Plans": [{"Node Type": "Nested Loop","Parent Relationship": "Outer","Parallel Aware": false,"Async Capable": false,"Join Type": "Inner","Startup Cost": 7.38,"Total Cost": 244.58,"Plan Rows": 400,"Plan Width": 55,"Actual Startup Time": 0.311,"Actual Total Time": 4.530,"Actual Rows": 438,"Actual Loops": 1,"Inner Unique": false,"Plans": [{"Node Type": "Seq Scan","Parent Relationship": "Outer","Parallel Aware": false,"Async Capable": false,"Relation Name": "nation","Alias": "nation","Startup Cost": 0.00,"Total Cost": 1.31,"Plan Rows": 1,"Plan Width": 4,"Actual Startup Time": 0.069,"Actual Total Time": 0.100,"Actual Rows": 1,"Actual Loops": 1,"Filter": "(n_name = 'IRAQ'::bpchar)","Rows Removed by Filter": 24},{"Node Type": "Bitmap Heap Scan","Parent Relationship": "Inner","Parallel Aware": false,"Async Capable": false,"Relation Name": "supplier","Alias": "supplier","Startup Cost": 7.38,"Total Cost": 239.27,"Plan Rows": 400,"Plan Width": 59,"Actual Startup Time": 0.234,"Actual Total Time": 4.365,"Actual Rows": 438,"Actual Loops": 1,"Recheck Cond": "(s_nationkey = nation.n_nationkey)","Rows Removed by Index Recheck": 0,"Exact Heap Blocks": 194,"Lossy Heap Blocks": 0,"Plans": [{"Node Type": "Bitmap Index Scan","Parent Relationship": "Outer","Parallel Aware": false,"Async Capable": false,"Index Name": "idx_supplier_nation_key","Startup Cost": 0.00,"Total Cost": 7.29,"Plan Rows": 400,"Plan Width": 0,"Actual Startup Time": 0.154,"Actual Total Time": 0.160,"Actual Rows": 438,"Actual Loops": 1,"Index Cond": "(s_nationkey = nation.n_nationkey)"}]}]},{"Node Type": "Hash","Parent Relationship": "Inner","Parallel Aware": false,"Async Capable": false,"Startup Cost": 88158.53,"Total Cost": 88158.53,"Plan Rows": 2694,"Plan Width": 4,"Actual Startup Time": 977.289,"Actual Total Time": 977.296,"Actual Rows": 6028,"Actual Loops": 1,"Hash Buckets": 8192,"Original Hash Buckets": 4096,"Hash Batches": 1,"Original Hash Batches": 1,"Peak Memory Usage": 276,"Plans": [{"Node Type": "Nested Loop","Parent Relationship": "Outer","Parallel Aware": false,"Async Capable": false,"Join Type": "Inner","Startup Cost": 0.42,"Total Cost": 88158.53,"Plan Rows": 2694,"Plan Width": 4,"Actual Startup Time": 0.628,"Actual Total Time": 973.375,"Actual Rows": 6028,"Actual Loops": 1,"Inner Unique": false,"Plans": [{"Node Type": "Seq Scan","Parent Relationship": "Outer","Parallel Aware": false,"Async Capable": false,"Relation Name": "part","Alias": "part","Startup Cost": 0.00,"Total Cost": 6597.00,"Plan Rows": 2020,"Plan Width": 4,"Actual Startup Time": 0.204,"Actual Total Time": 180.706,"Actual Rows": 2224,"Actual Loops": 1,"Filter": "((p_name)::text ~~ 'almond%'::text)","Rows Removed by Filter": 197776},{"Node Type": "Index Scan","Parent Relationship": "Inner","Parallel Aware": false,"Async Capable": false,"Scan Direction": "Forward","Index Name": "idx_partsupp_partkey","Relation Name": "partsupp","Alias": "partsupp","Startup Cost": 0.42,"Total Cost": 40.36,"Plan Rows": 1,"Plan Width": 8,"Actual Startup Time": 0.148,"Actual Total Time": 0.356,"Actual Rows": 3,"Actual Loops": 2224,"Index Cond": "(ps_partkey = part.p_partkey)","Rows Removed by Index Recheck": 0,"Filter": "((ps_availqty)::numeric > (SubPlan 1))","Rows Removed by Filter": 1,"Plans": [{"Node Type": "Aggregate","Strategy": "Plain","Partial Mode": "Simple","Parent Relationship": "SubPlan","Subplan Name": "SubPlan 1","Parallel Aware": false,"Async Capable": false,"Startup Cost": 8.46,"Total Cost": 8.47,"Plan Rows": 1,"Plan Width": 32,"Actual Startup Time": 0.081,"Actual Total Time": 0.081,"Actual Rows": 1,"Actual Loops": 8896,"Plans": [{"Node Type": "Index Scan","Parent Relationship": "Outer","Parallel Aware": false,"Async Capable": false,"Scan Direction": "Forward","Index Name": "idx_lineitem_part_supp","Relation Name": "lineitem","Alias": "lineitem","Startup Cost": 0.43,"Total Cost": 8.46,"Plan Rows": 0,"Plan Width": 5,"Actual Startup Time": 0.049,"Actual Total Time": 0.080,"Actual Rows": 1,"Actual Loops": 8896,"Index Cond": "((l_partkey = partsupp.ps_partkey) AND (l_suppkey = partsupp.ps_suppkey))","Rows Removed by Index Recheck": 0,"Filter": "((l_shipdate >= '1993-01-01'::date) AND (l_shipdate < '1994-01-01 00:00:00'::timestamp without time zone))","Rows Removed by Filter": 6}]}]}]}]}]}]},"Planning Time": 6.179,"Triggers": [],"Execution Time": 982.638}]
[{"Plan": {"Node Type": "Sort","Parallel Aware": false,"Async Capable": false,"Startup Cost": 88442.96,"Total Cost": 88443.23,"Plan Rows": 108,"Plan Width": 51,"Actual Startup Time": 908.183,"Actual Total Time": 908.217,"Actual Rows": 187,"Actual Loops": 1,"Sort Key": ["supplier.s_name"],"Sort Method": "quicksort","Sort Space Used": 42,"Sort Space Type": "Memory","Plans": [{"Node Type": "Hash Join","Parent Relationship": "Outer","Parallel Aware": false,"Async Capable": false,"Join Type": "Semi","Startup Cost": 88199.59,"Total Cost": 88439.31,"Plan Rows": 108,"Plan Width": 51,"Actual Startup Time": 903.839,"Actual Total Time": 907.819,"Actual Rows": 187,"Actual Loops": 1,"Inner Unique": false,"Hash Cond": "(supplier.s_suppkey = partsupp.ps_suppkey)","Plans": [{"Node Type": "Nested Loop","Parent Relationship": "Outer","Parallel Aware": false,"Async Capable": false,"Join Type": "Inner","Startup Cost": 7.38,"Total Cost": 244.58,"Plan Rows": 400,"Plan Width": 55,"Actual Startup Time": 0.237,"Actual Total Time": 4.125,"Actual Rows": 412,"Actual Loops": 1,"Inner Unique": false,"Plans": [{"Node Type": "Seq Scan","Parent Relationship": "Outer","Parallel Aware": false,"Async Capable": false,"Relation Name": "nation","Alias": "nation","Startup Cost": 0.00,"Total Cost": 1.31,"Plan Rows": 1,"Plan Width": 4,"Actual Startup Time": 0.066,"Actual Total Time": 0.086,"Actual Rows": 1,"Actual Loops": 1,"Filter": "(n_name = 'CANADA'::bpchar)","Rows Removed by Filter": 24},{"Node Type": "Bitmap Heap Scan","Parent Relationship": "Inner","Parallel Aware": false,"Async Capable": false,"Relation Name": "supplier","Alias": "supplier","Startup Cost": 7.38,"Total Cost": 239.27,"Plan Rows": 400,"Plan Width": 59,"Actual Startup Time": 0.166,"Actual Total Time": 3.954,"Actual Rows": 412,"Actual Loops": 1,"Recheck Cond": "(s_nationkey = nation.n_nationkey)","Rows Removed by Index Recheck": 0,"Exact Heap Blocks": 189,"Lossy Heap Blocks": 0,"Plans": [{"Node Type": "Bitmap Index Scan","Parent Relationship": "Outer","Parallel Aware": false,"Async Capable": false,"Index Name": "idx_supplier_nation_key","Startup Cost": 0.00,"Total Cost": 7.29,"Plan Rows": 400,"Plan Width": 0,"Actual Startup Time": 0.101,"Actual Total Time": 0.103,"Actual Rows": 412,"Actual Loops": 1,"Index Cond": "(s_nationkey = nation.n_nationkey)"}]}]},{"Node Type": "Hash","Parent Relationship": "Inner","Parallel Aware": false,"Async Capable": false,"Startup Cost": 88158.53,"Total Cost": 88158.53,"Plan Rows": 2694,"Plan Width": 4,"Actual Startup Time": 903.547,"Actual Total Time": 903.560,"Actual Rows": 6109,"Actual Loops": 1,"Hash Buckets": 8192,"Original Hash Buckets": 4096,"Hash Batches": 1,"Original Hash Batches": 1,"Peak Memory Usage": 279,"Plans": [{"Node Type": "Nested Loop","Parent Relationship": "Outer","Parallel Aware": false,"Async Capable": false,"Join Type": "Inner","Startup Cost": 0.42,"Total Cost": 88158.53,"Plan Rows": 2694,"Plan Width": 4,"Actual Startup Time": 0.746,"Actual Total Time": 899.545,"Actual Rows": 6109,"Actual Loops": 1,"Inner Unique": false,"Plans": [{"Node Type": "Seq Scan","Parent Relationship": "Outer","Parallel Aware": false,"Async Capable": false,"Relation Name": "part","Alias": "part","Startup Cost": 0.00,"Total Cost": 6597.00,"Plan Rows": 2020,"Plan Width": 4,"Actual Startup Time": 0.297,"Actual Total Time": 196.927,"Actual Rows": 2223,"Actual Loops": 1,"Filter": "((p_name)::text ~~ 'blue%'::text)","Rows Removed by Filter": 197777},{"Node Type": "Index Scan","Parent Relationship": "Inner","Parallel Aware": false,"Async Capable": false,"Scan Direction": "Forward","Index Name": "idx_partsupp_partkey","Relation Name": "partsupp","Alias": "partsupp","Startup Cost": 0.42,"Total Cost": 40.36,"Plan Rows": 1,"Plan Width": 8,"Actual Startup Time": 0.133,"Actual Total Time": 0.316,"Actual Rows": 3,"Actual Loops": 2223,"Index Cond": "(ps_partkey = part.p_partkey)","Rows Removed by Index Recheck": 0,"Filter": "((ps_availqty)::numeric > (SubPlan 1))","Rows Removed by Filter": 1,"Plans": [{"Node Type": "Aggregate","Strategy": "Plain","Partial Mode": "Simple","Parent Relationship": "SubPlan","Subplan Name": "SubPlan 1","Parallel Aware": false,"Async Capable": false,"Startup Cost": 8.46,"Total Cost": 8.47,"Plan Rows": 1,"Plan Width": 32,"Actual Startup Time": 0.071,"Actual Total Time": 0.071,"Actual Rows": 1,"Actual Loops": 8892,"Plans": [{"Node Type": "Index Scan","Parent Relationship": "Outer","Parallel Aware": false,"Async Capable": false,"Scan Direction": "Forward","Index Name": "idx_lineitem_part_supp","Relation Name": "lineitem","Alias": "lineitem","Startup Cost": 0.43,"Total Cost": 8.46,"Plan Rows": 0,"Plan Width": 5,"Actual Startup Time": 0.043,"Actual Total Time": 0.070,"Actual Rows": 1,"Actual Loops": 8892,"Index Cond": "((l_partkey = partsupp.ps_partkey) AND (l_suppkey = partsupp.ps_suppkey))","Rows Removed by Index Recheck": 0,"Filter": "((l_shipdate >= '1995-01-01'::date) AND (l_shipdate < '1996-01-01 00:00:00'::timestamp without time zone))","Rows Removed by Filter": 6}]}]}]}]}]}]},"Planning Time": 6.291,"Triggers": [],"Execution Time": 908.478}]
[{"Plan": {"Node Type": "Sort","Parallel Aware": false,"Async Capable": false,"Startup Cost": 88442.96,"Total Cost": 88443.23,"Plan Rows": 108,"Plan Width": 51,"Actual Startup Time": 921.161,"Actual Total Time": 921.178,"Actual Rows": 177,"Actual Loops": 1,"Sort Key": ["supplier.s_name"],"Sort Method": "quicksort","Sort Space Used": 41,"Sort Space Type": "Memory","Plans": [{"Node Type": "Hash Join","Parent Relationship": "Outer","Parallel Aware": false,"Async Capable": false,"Join Type": "Semi","Startup Cost": 88199.59,"Total Cost": 88439.31,"Plan Rows": 108,"Plan Width": 51,"Actual Startup Time": 916.989,"Actual Total Time": 920.832,"Actual Rows": 177,"Actual Loops": 1,"Inner Unique": false,"Hash Cond": "(supplier.s_suppkey = partsupp.ps_suppkey)","Plans": [{"Node Type": "Nested Loop","Parent Relationship": "Outer","Parallel Aware": false,"Async Capable": false,"Join Type": "Inner","Startup Cost": 7.38,"Total Cost": 244.58,"Plan Rows": 400,"Plan Width": 55,"Actual Startup Time": 0.295,"Actual Total Time": 4.042,"Actual Rows": 412,"Actual Loops": 1,"Inner Unique": false,"Plans": [{"Node Type": "Seq Scan","Parent Relationship": "Outer","Parallel Aware": false,"Async Capable": false,"Relation Name": "nation","Alias": "nation","Startup Cost": 0.00,"Total Cost": 1.31,"Plan Rows": 1,"Plan Width": 4,"Actual Startup Time": 0.074,"Actual Total Time": 0.103,"Actual Rows": 1,"Actual Loops": 1,"Filter": "(n_name = 'CANADA'::bpchar)","Rows Removed by Filter": 24},{"Node Type": "Bitmap Heap Scan","Parent Relationship": "Inner","Parallel Aware": false,"Async Capable": false,"Relation Name": "supplier","Alias": "supplier","Startup Cost": 7.38,"Total Cost": 239.27,"Plan Rows": 400,"Plan Width": 59,"Actual Startup Time": 0.212,"Actual Total Time": 3.856,"Actual Rows": 412,"Actual Loops": 1,"Recheck Cond": "(s_nationkey = nation.n_nationkey)","Rows Removed by Index Recheck": 0,"Exact Heap Blocks": 189,"Lossy Heap Blocks": 0,"Plans": [{"Node Type": "Bitmap Index Scan","Parent Relationship": "Outer","Parallel Aware": false,"Async Capable": false,"Index Name": "idx_supplier_nation_key","Startup Cost": 0.00,"Total Cost": 7.29,"Plan Rows": 400,"Plan Width": 0,"Actual Startup Time": 0.137,"Actual Total Time": 0.137,"Actual Rows": 412,"Actual Loops": 1,"Index Cond": "(s_nationkey = nation.n_nationkey)"}]}]},{"Node Type": "Hash","Parent Relationship": "Inner","Parallel Aware": false,"Async Capable": false,"Startup Cost": 88158.53,"Total Cost": 88158.53,"Plan Rows": 2694,"Plan Width": 4,"Actual Startup Time": 916.607,"Actual Total Time": 916.611,"Actual Rows": 6080,"Actual Loops": 1,"Hash Buckets": 8192,"Original Hash Buckets": 4096,"Hash Batches": 1,"Original Hash Batches": 1,"Peak Memory Usage": 278,"Plans": [{"Node Type": "Nested Loop","Parent Relationship": "Outer","Parallel Aware": false,"Async Capable": false,"Join Type": "Inner","Startup Cost": 0.42,"Total Cost": 88158.53,"Plan Rows": 2694,"Plan Width": 4,"Actual Startup Time": 0.787,"Actual Total Time": 912.209,"Actual Rows": 6080,"Actual Loops": 1,"Inner Unique": false,"Plans": [{"Node Type": "Seq Scan","Parent Relationship": "Outer","Parallel Aware": false,"Async Capable": false,"Relation Name": "part","Alias": "part","Startup Cost": 0.00,"Total Cost": 6597.00,"Plan Rows": 2020,"Plan Width": 4,"Actual Startup Time": 0.077,"Actual Total Time": 202.092,"Actual Rows": 2209,"Actual Loops": 1,"Filter": "((p_name)::text ~~ 'turquoise%'::text)","Rows Removed by Filter": 197791},{"Node Type": "Index Scan","Parent Relationship": "Inner","Parallel Aware": false,"Async Capable": false,"Scan Direction": "Forward","Index Name": "idx_partsupp_partkey","Relation Name": "partsupp","Alias": "partsupp","Startup Cost": 0.42,"Total Cost": 40.36,"Plan Rows": 1,"Plan Width": 8,"Actual Startup Time": 0.136,"Actual Total Time": 0.321,"Actual Rows": 3,"Actual Loops": 2209,"Index Cond": "(ps_partkey = part.p_partkey)","Rows Removed by Index Recheck": 0,"Filter": "((ps_availqty)::numeric > (SubPlan 1))","Rows Removed by Filter": 1,"Plans": [{"Node Type": "Aggregate","Strategy": "Plain","Partial Mode": "Simple","Parent Relationship": "SubPlan","Subplan Name": "SubPlan 1","Parallel Aware": false,"Async Capable": false,"Startup Cost": 8.46,"Total Cost": 8.47,"Plan Rows": 1,"Plan Width": 32,"Actual Startup Time": 0.072,"Actual Total Time": 0.072,"Actual Rows": 1,"Actual Loops": 8836,"Plans": [{"Node Type": "Index Scan","Parent Relationship": "Outer","Parallel Aware": false,"Async Capable": false,"Scan Direction": "Forward","Index Name": "idx_lineitem_part_supp","Relation Name": "lineitem","Alias": "lineitem","Startup Cost": 0.43,"Total Cost": 8.46,"Plan Rows": 0,"Plan Width": 5,"Actual Startup Time": 0.044,"Actual Total Time": 0.071,"Actual Rows": 1,"Actual Loops": 8836,"Index Cond": "((l_partkey = partsupp.ps_partkey) AND (l_suppkey = partsupp.ps_suppkey))","Rows Removed by Index Recheck": 0,"Filter": "((l_shipdate >= '1995-01-01'::date) AND (l_shipdate < '1996-01-01 00:00:00'::timestamp without time zone))","Rows Removed by Filter": 6}]}]}]}]}]}]},"Planning Time": 6.332,"Triggers": [],"Execution Time": 921.444}]
[{"Plan": {"Node Type": "Sort","Parallel Aware": false,"Async Capable": false,"Startup Cost": 88442.96,"Total Cost": 88443.23,"Plan Rows": 108,"Plan Width": 51,"Actual Startup Time": 957.137,"Actual Total Time": 957.180,"Actual Rows": 184,"Actual Loops": 1,"Sort Key": ["supplier.s_name"],"Sort Method": "quicksort","Sort Space Used": 42,"Sort Space Type": "Memory","Plans": [{"Node Type": "Hash Join","Parent Relationship": "Outer","Parallel Aware": false,"Async Capable": false,"Join Type": "Semi","Startup Cost": 88199.59,"Total Cost": 88439.31,"Plan Rows": 108,"Plan Width": 51,"Actual Startup Time": 952.542,"Actual Total Time": 956.801,"Actual Rows": 184,"Actual Loops": 1,"Inner Unique": false,"Hash Cond": "(supplier.s_suppkey = partsupp.ps_suppkey)","Plans": [{"Node Type": "Nested Loop","Parent Relationship": "Outer","Parallel Aware": false,"Async Capable": false,"Join Type": "Inner","Startup Cost": 7.38,"Total Cost": 244.58,"Plan Rows": 400,"Plan Width": 55,"Actual Startup Time": 0.359,"Actual Total Time": 4.558,"Actual Rows": 438,"Actual Loops": 1,"Inner Unique": false,"Plans": [{"Node Type": "Seq Scan","Parent Relationship": "Outer","Parallel Aware": false,"Async Capable": false,"Relation Name": "nation","Alias": "nation","Startup Cost": 0.00,"Total Cost": 1.31,"Plan Rows": 1,"Plan Width": 4,"Actual Startup Time": 0.081,"Actual Total Time": 0.102,"Actual Rows": 1,"Actual Loops": 1,"Filter": "(n_name = 'IRAQ'::bpchar)","Rows Removed by Filter": 24},{"Node Type": "Bitmap Heap Scan","Parent Relationship": "Inner","Parallel Aware": false,"Async Capable": false,"Relation Name": "supplier","Alias": "supplier","Startup Cost": 7.38,"Total Cost": 239.27,"Plan Rows": 400,"Plan Width": 59,"Actual Startup Time": 0.272,"Actual Total Time": 4.384,"Actual Rows": 438,"Actual Loops": 1,"Recheck Cond": "(s_nationkey = nation.n_nationkey)","Rows Removed by Index Recheck": 0,"Exact Heap Blocks": 194,"Lossy Heap Blocks": 0,"Plans": [{"Node Type": "Bitmap Index Scan","Parent Relationship": "Outer","Parallel Aware": false,"Async Capable": false,"Index Name": "idx_supplier_nation_key","Startup Cost": 0.00,"Total Cost": 7.29,"Plan Rows": 400,"Plan Width": 0,"Actual Startup Time": 0.188,"Actual Total Time": 0.194,"Actual Rows": 438,"Actual Loops": 1,"Index Cond": "(s_nationkey = nation.n_nationkey)"}]}]},{"Node Type": "Hash","Parent Relationship": "Inner","Parallel Aware": false,"Async Capable": false,"Startup Cost": 88158.53,"Total Cost": 88158.53,"Plan Rows": 2694,"Plan Width": 4,"Actual Startup Time": 952.056,"Actual Total Time": 952.070,"Actual Rows": 5730,"Actual Loops": 1,"Hash Buckets": 8192,"Original Hash Buckets": 4096,"Hash Batches": 1,"Original Hash Batches": 1,"Peak Memory Usage": 266,"Plans": [{"Node Type": "Nested Loop","Parent Relationship": "Outer","Parallel Aware": false,"Async Capable": false,"Join Type": "Inner","Startup Cost": 0.42,"Total Cost": 88158.53,"Plan Rows": 2694,"Plan Width": 4,"Actual Startup Time": 0.837,"Actual Total Time": 947.702,"Actual Rows": 5730,"Actual Loops": 1,"Inner Unique": false,"Plans": [{"Node Type": "Seq Scan","Parent Relationship": "Outer","Parallel Aware": false,"Async Capable": false,"Relation Name": "part","Alias": "part","Startup Cost": 0.00,"Total Cost": 6597.00,"Plan Rows": 2020,"Plan Width": 4,"Actual Startup Time": 0.227,"Actual Total Time": 180.604,"Actual Rows": 2108,"Actual Loops": 1,"Filter": "((p_name)::text ~~ 'grey%'::text)","Rows Removed by Filter": 197892},{"Node Type": "Index Scan","Parent Relationship": "Inner","Parallel Aware": false,"Async Capable": false,"Scan Direction": "Forward","Index Name": "idx_partsupp_partkey","Relation Name": "partsupp","Alias": "partsupp","Startup Cost": 0.42,"Total Cost": 40.36,"Plan Rows": 1,"Plan Width": 8,"Actual Startup Time": 0.152,"Actual Total Time": 0.363,"Actual Rows": 3,"Actual Loops": 2108,"Index Cond": "(ps_partkey = part.p_partkey)","Rows Removed by Index Recheck": 0,"Filter": "((ps_availqty)::numeric > (SubPlan 1))","Rows Removed by Filter": 1,"Plans": [{"Node Type": "Aggregate","Strategy": "Plain","Partial Mode": "Simple","Parent Relationship": "SubPlan","Subplan Name": "SubPlan 1","Parallel Aware": false,"Async Capable": false,"Startup Cost": 8.46,"Total Cost": 8.47,"Plan Rows": 1,"Plan Width": 32,"Actual Startup Time": 0.083,"Actual Total Time": 0.083,"Actual Rows": 1,"Actual Loops": 8432,"Plans": [{"Node Type": "Index Scan","Parent Relationship": "Outer","Parallel Aware": false,"Async Capable": false,"Scan Direction": "Forward","Index Name": "idx_lineitem_part_supp","Relation Name": "lineitem","Alias": "lineitem","Startup Cost": 0.43,"Total Cost": 8.46,"Plan Rows": 0,"Plan Width": 5,"Actual Startup Time": 0.050,"Actual Total Time": 0.082,"Actual Rows": 1,"Actual Loops": 8432,"Index Cond": "((l_partkey = partsupp.ps_partkey) AND (l_suppkey = partsupp.ps_suppkey))","Rows Removed by Index Recheck": 0,"Filter": "((l_shipdate >= '1997-01-01'::date) AND (l_shipdate < '1998-01-01 00:00:00'::timestamp without time zone))","Rows Removed by Filter": 6}]}]}]}]}]}]},"Planning Time": 6.974,"Triggers": [],"Execution Time": 957.484}]
[{"Plan": {"Node Type": "Sort","Parallel Aware": false,"Async Capable": false,"Startup Cost": 88442.96,"Total Cost": 88443.23,"Plan Rows": 108,"Plan Width": 51,"Actual Startup Time": 897.708,"Actual Total Time": 897.737,"Actual Rows": 201,"Actual Loops": 1,"Sort Key": ["supplier.s_name"],"Sort Method": "quicksort","Sort Space Used": 43,"Sort Space Type": "Memory","Plans": [{"Node Type": "Hash Join","Parent Relationship": "Outer","Parallel Aware": false,"Async Capable": false,"Join Type": "Semi","Startup Cost": 88199.59,"Total Cost": 88439.31,"Plan Rows": 108,"Plan Width": 51,"Actual Startup Time": 893.168,"Actual Total Time": 897.136,"Actual Rows": 201,"Actual Loops": 1,"Inner Unique": false,"Hash Cond": "(supplier.s_suppkey = partsupp.ps_suppkey)","Plans": [{"Node Type": "Nested Loop","Parent Relationship": "Outer","Parallel Aware": false,"Async Capable": false,"Join Type": "Inner","Startup Cost": 7.38,"Total Cost": 244.58,"Plan Rows": 400,"Plan Width": 55,"Actual Startup Time": 0.228,"Actual Total Time": 4.075,"Actual Rows": 402,"Actual Loops": 1,"Inner Unique": false,"Plans": [{"Node Type": "Seq Scan","Parent Relationship": "Outer","Parallel Aware": false,"Async Capable": false,"Relation Name": "nation","Alias": "nation","Startup Cost": 0.00,"Total Cost": 1.31,"Plan Rows": 1,"Plan Width": 4,"Actual Startup Time": 0.077,"Actual Total Time": 0.099,"Actual Rows": 1,"Actual Loops": 1,"Filter": "(n_name = 'FRANCE'::bpchar)","Rows Removed by Filter": 24},{"Node Type": "Bitmap Heap Scan","Parent Relationship": "Inner","Parallel Aware": false,"Async Capable": false,"Relation Name": "supplier","Alias": "supplier","Startup Cost": 7.38,"Total Cost": 239.27,"Plan Rows": 400,"Plan Width": 59,"Actual Startup Time": 0.143,"Actual Total Time": 3.914,"Actual Rows": 402,"Actual Loops": 1,"Recheck Cond": "(s_nationkey = nation.n_nationkey)","Rows Removed by Index Recheck": 0,"Exact Heap Blocks": 184,"Lossy Heap Blocks": 0,"Plans": [{"Node Type": "Bitmap Index Scan","Parent Relationship": "Outer","Parallel Aware": false,"Async Capable": false,"Index Name": "idx_supplier_nation_key","Startup Cost": 0.00,"Total Cost": 7.29,"Plan Rows": 400,"Plan Width": 0,"Actual Startup Time": 0.081,"Actual Total Time": 0.083,"Actual Rows": 402,"Actual Loops": 1,"Index Cond": "(s_nationkey = nation.n_nationkey)"}]}]},{"Node Type": "Hash","Parent Relationship": "Inner","Parallel Aware": false,"Async Capable": false,"Startup Cost": 88158.53,"Total Cost": 88158.53,"Plan Rows": 2694,"Plan Width": 4,"Actual Startup Time": 892.878,"Actual Total Time": 892.884,"Actual Rows": 5795,"Actual Loops": 1,"Hash Buckets": 8192,"Original Hash Buckets": 4096,"Hash Batches": 1,"Original Hash Batches": 1,"Peak Memory Usage": 268,"Plans": [{"Node Type": "Nested Loop","Parent Relationship": "Outer","Parallel Aware": false,"Async Capable": false,"Join Type": "Inner","Startup Cost": 0.42,"Total Cost": 88158.53,"Plan Rows": 2694,"Plan Width": 4,"Actual Startup Time": 0.506,"Actual Total Time": 888.348,"Actual Rows": 5795,"Actual Loops": 1,"Inner Unique": false,"Plans": [{"Node Type": "Seq Scan","Parent Relationship": "Outer","Parallel Aware": false,"Async Capable": false,"Relation Name": "part","Alias": "part","Startup Cost": 0.00,"Total Cost": 6597.00,"Plan Rows": 2020,"Plan Width": 4,"Actual Startup Time": 0.065,"Actual Total Time": 196.580,"Actual Rows": 2146,"Actual Loops": 1,"Filter": "((p_name)::text ~~ 'chocolate%'::text)","Rows Removed by Filter": 197854},{"Node Type": "Index Scan","Parent Relationship": "Inner","Parallel Aware": false,"Async Capable": false,"Scan Direction": "Forward","Index Name": "idx_partsupp_partkey","Relation Name": "partsupp","Alias": "partsupp","Startup Cost": 0.42,"Total Cost": 40.36,"Plan Rows": 1,"Plan Width": 8,"Actual Startup Time": 0.138,"Actual Total Time": 0.322,"Actual Rows": 3,"Actual Loops": 2146,"Index Cond": "(ps_partkey = part.p_partkey)","Rows Removed by Index Recheck": 0,"Filter": "((ps_availqty)::numeric > (SubPlan 1))","Rows Removed by Filter": 1,"Plans": [{"Node Type": "Aggregate","Strategy": "Plain","Partial Mode": "Simple","Parent Relationship": "SubPlan","Subplan Name": "SubPlan 1","Parallel Aware": false,"Async Capable": false,"Startup Cost": 8.46,"Total Cost": 8.47,"Plan Rows": 1,"Plan Width": 32,"Actual Startup Time": 0.072,"Actual Total Time": 0.072,"Actual Rows": 1,"Actual Loops": 8584,"Plans": [{"Node Type": "Index Scan","Parent Relationship": "Outer","Parallel Aware": false,"Async Capable": false,"Scan Direction": "Forward","Index Name": "idx_lineitem_part_supp","Relation Name": "lineitem","Alias": "lineitem","Startup Cost": 0.43,"Total Cost": 8.46,"Plan Rows": 0,"Plan Width": 5,"Actual Startup Time": 0.044,"Actual Total Time": 0.071,"Actual Rows": 1,"Actual Loops": 8584,"Index Cond": "((l_partkey = partsupp.ps_partkey) AND (l_suppkey = partsupp.ps_suppkey))","Rows Removed by Index Recheck": 0,"Filter": "((l_shipdate >= '1994-01-01'::date) AND (l_shipdate < '1995-01-01 00:00:00'::timestamp without time zone))","Rows Removed by Filter": 6}]}]}]}]}]}]},"Planning Time": 6.196,"Triggers": [],"Execution Time": 897.988}]
[{"Plan": {"Node Type": "Sort","Parallel Aware": false,"Async Capable": false,"Startup Cost": 88442.96,"Total Cost": 88443.23,"Plan Rows": 108,"Plan Width": 51,"Actual Startup Time": 979.254,"Actual Total Time": 979.298,"Actual Rows": 172,"Actual Loops": 1,"Sort Key": ["supplier.s_name"],"Sort Method": "quicksort","Sort Space Used": 40,"Sort Space Type": "Memory","Plans": [{"Node Type": "Hash Join","Parent Relationship": "Outer","Parallel Aware": false,"Async Capable": false,"Join Type": "Semi","Startup Cost": 88199.59,"Total Cost": 88439.31,"Plan Rows": 108,"Plan Width": 51,"Actual Startup Time": 974.919,"Actual Total Time": 978.956,"Actual Rows": 172,"Actual Loops": 1,"Inner Unique": false,"Hash Cond": "(supplier.s_suppkey = partsupp.ps_suppkey)","Plans": [{"Node Type": "Nested Loop","Parent Relationship": "Outer","Parallel Aware": false,"Async Capable": false,"Join Type": "Inner","Startup Cost": 7.38,"Total Cost": 244.58,"Plan Rows": 400,"Plan Width": 55,"Actual Startup Time": 0.278,"Actual Total Time": 4.226,"Actual Rows": 396,"Actual Loops": 1,"Inner Unique": false,"Plans": [{"Node Type": "Seq Scan","Parent Relationship": "Outer","Parallel Aware": false,"Async Capable": false,"Relation Name": "nation","Alias": "nation","Startup Cost": 0.00,"Total Cost": 1.31,"Plan Rows": 1,"Plan Width": 4,"Actual Startup Time": 0.099,"Actual Total Time": 0.136,"Actual Rows": 1,"Actual Loops": 1,"Filter": "(n_name = 'GERMANY'::bpchar)","Rows Removed by Filter": 24},{"Node Type": "Bitmap Heap Scan","Parent Relationship": "Inner","Parallel Aware": false,"Async Capable": false,"Relation Name": "supplier","Alias": "supplier","Startup Cost": 7.38,"Total Cost": 239.27,"Plan Rows": 400,"Plan Width": 59,"Actual Startup Time": 0.173,"Actual Total Time": 4.020,"Actual Rows": 396,"Actual Loops": 1,"Recheck Cond": "(s_nationkey = nation.n_nationkey)","Rows Removed by Index Recheck": 0,"Exact Heap Blocks": 191,"Lossy Heap Blocks": 0,"Plans": [{"Node Type": "Bitmap Index Scan","Parent Relationship": "Outer","Parallel Aware": false,"Async Capable": false,"Index Name": "idx_supplier_nation_key","Startup Cost": 0.00,"Total Cost": 7.29,"Plan Rows": 400,"Plan Width": 0,"Actual Startup Time": 0.096,"Actual Total Time": 0.103,"Actual Rows": 396,"Actual Loops": 1,"Index Cond": "(s_nationkey = nation.n_nationkey)"}]}]},{"Node Type": "Hash","Parent Relationship": "Inner","Parallel Aware": false,"Async Capable": false,"Startup Cost": 88158.53,"Total Cost": 88158.53,"Plan Rows": 2694,"Plan Width": 4,"Actual Startup Time": 974.563,"Actual Total Time": 974.573,"Actual Rows": 5970,"Actual Loops": 1,"Hash Buckets": 8192,"Original Hash Buckets": 4096,"Hash Batches": 1,"Original Hash Batches": 1,"Peak Memory Usage": 274,"Plans": [{"Node Type": "Nested Loop","Parent Relationship": "Outer","Parallel Aware": false,"Async Capable": false,"Join Type": "Inner","Startup Cost": 0.42,"Total Cost": 88158.53,"Plan Rows": 2694,"Plan Width": 4,"Actual Startup Time": 0.445,"Actual Total Time": 970.521,"Actual Rows": 5970,"Actual Loops": 1,"Inner Unique": false,"Plans": [{"Node Type": "Seq Scan","Parent Relationship": "Outer","Parallel Aware": false,"Async Capable": false,"Relation Name": "part","Alias": "part","Startup Cost": 0.00,"Total Cost": 6597.00,"Plan Rows": 2020,"Plan Width": 4,"Actual Startup Time": 0.066,"Actual Total Time": 181.231,"Actual Rows": 2205,"Actual Loops": 1,"Filter": "((p_name)::text ~~ 'rose%'::text)","Rows Removed by Filter": 197795},{"Node Type": "Index Scan","Parent Relationship": "Inner","Parallel Aware": false,"Async Capable": false,"Scan Direction": "Forward","Index Name": "idx_partsupp_partkey","Relation Name": "partsupp","Alias": "partsupp","Startup Cost": 0.42,"Total Cost": 40.36,"Plan Rows": 1,"Plan Width": 8,"Actual Startup Time": 0.150,"Actual Total Time": 0.357,"Actual Rows": 3,"Actual Loops": 2205,"Index Cond": "(ps_partkey = part.p_partkey)","Rows Removed by Index Recheck": 0,"Filter": "((ps_availqty)::numeric > (SubPlan 1))","Rows Removed by Filter": 1,"Plans": [{"Node Type": "Aggregate","Strategy": "Plain","Partial Mode": "Simple","Parent Relationship": "SubPlan","Subplan Name": "SubPlan 1","Parallel Aware": false,"Async Capable": false,"Startup Cost": 8.46,"Total Cost": 8.47,"Plan Rows": 1,"Plan Width": 32,"Actual Startup Time": 0.081,"Actual Total Time": 0.081,"Actual Rows": 1,"Actual Loops": 8820,"Plans": [{"Node Type": "Index Scan","Parent Relationship": "Outer","Parallel Aware": false,"Async Capable": false,"Scan Direction": "Forward","Index Name": "idx_lineitem_part_supp","Relation Name": "lineitem","Alias": "lineitem","Startup Cost": 0.43,"Total Cost": 8.46,"Plan Rows": 0,"Plan Width": 5,"Actual Startup Time": 0.049,"Actual Total Time": 0.080,"Actual Rows": 1,"Actual Loops": 8820,"Index Cond": "((l_partkey = partsupp.ps_partkey) AND (l_suppkey = partsupp.ps_suppkey))","Rows Removed by Index Recheck": 0,"Filter": "((l_shipdate >= '1996-01-01'::date) AND (l_shipdate < '1997-01-01 00:00:00'::timestamp without time zone))","Rows Removed by Filter": 6}]}]}]}]}]}]},"Planning Time": 6.923,"Triggers": [],"Execution Time": 979.570}]
[{"Plan": {"Node Type": "Sort","Parallel Aware": false,"Async Capable": false,"Startup Cost": 88442.96,"Total Cost": 88443.23,"Plan Rows": 108,"Plan Width": 51,"Actual Startup Time": 911.540,"Actual Total Time": 911.573,"Actual Rows": 184,"Actual Loops": 1,"Sort Key": ["supplier.s_name"],"Sort Method": "quicksort","Sort Space Used": 42,"Sort Space Type": "Memory","Plans": [{"Node Type": "Hash Join","Parent Relationship": "Outer","Parallel Aware": false,"Async Capable": false,"Join Type": "Semi","Startup Cost": 88199.59,"Total Cost": 88439.31,"Plan Rows": 108,"Plan Width": 51,"Actual Startup Time": 907.150,"Actual Total Time": 911.068,"Actual Rows": 184,"Actual Loops": 1,"Inner Unique": false,"Hash Cond": "(supplier.s_suppkey = partsupp.ps_suppkey)","Plans": [{"Node Type": "Nested Loop","Parent Relationship": "Outer","Parallel Aware": false,"Async Capable": false,"Join Type": "Inner","Startup Cost": 7.38,"Total Cost": 244.58,"Plan Rows": 400,"Plan Width": 55,"Actual Startup Time": 0.306,"Actual Total Time": 4.144,"Actual Rows": 397,"Actual Loops": 1,"Inner Unique": false,"Plans": [{"Node Type": "Seq Scan","Parent Relationship": "Outer","Parallel Aware": false,"Async Capable": false,"Relation Name": "nation","Alias": "nation","Startup Cost": 0.00,"Total Cost": 1.31,"Plan Rows": 1,"Plan Width": 4,"Actual Startup Time": 0.065,"Actual Total Time": 0.085,"Actual Rows": 1,"Actual Loops": 1,"Filter": "(n_name = 'BRAZIL'::bpchar)","Rows Removed by Filter": 24},{"Node Type": "Bitmap Heap Scan","Parent Relationship": "Inner","Parallel Aware": false,"Async Capable": false,"Relation Name": "supplier","Alias": "supplier","Startup Cost": 7.38,"Total Cost": 239.27,"Plan Rows": 400,"Plan Width": 59,"Actual Startup Time": 0.232,"Actual Total Time": 3.981,"Actual Rows": 397,"Actual Loops": 1,"Recheck Cond": "(s_nationkey = nation.n_nationkey)","Rows Removed by Index Recheck": 0,"Exact Heap Blocks": 187,"Lossy Heap Blocks": 0,"Plans": [{"Node Type": "Bitmap Index Scan","Parent Relationship": "Outer","Parallel Aware": false,"Async Capable": false,"Index Name": "idx_supplier_nation_key","Startup Cost": 0.00,"Total Cost": 7.29,"Plan Rows": 400,"Plan Width": 0,"Actual Startup Time": 0.150,"Actual Total Time": 0.156,"Actual Rows": 397,"Actual Loops": 1,"Index Cond": "(s_nationkey = nation.n_nationkey)"}]}]},{"Node Type": "Hash","Parent Relationship": "Inner","Parallel Aware": false,"Async Capable": false,"Startup Cost": 88158.53,"Total Cost": 88158.53,"Plan Rows": 2694,"Plan Width": 4,"Actual Startup Time": 906.728,"Actual Total Time": 906.734,"Actual Rows": 6062,"Actual Loops": 1,"Hash Buckets": 8192,"Original Hash Buckets": 4096,"Hash Batches": 1,"Original Hash Batches": 1,"Peak Memory Usage": 278,"Plans": [{"Node Type": "Nested Loop","Parent Relationship": "Outer","Parallel Aware": false,"Async Capable": false,"Join Type": "Inner","Startup Cost": 0.42,"Total Cost": 88158.53,"Plan Rows": 2694,"Plan Width": 4,"Actual Startup Time": 0.848,"Actual Total Time": 902.410,"Actual Rows": 6062,"Actual Loops": 1,"Inner Unique": false,"Plans": [{"Node Type": "Seq Scan","Parent Relationship": "Outer","Parallel Aware": false,"Async Capable": false,"Relation Name": "part","Alias": "part","Startup Cost": 0.00,"Total Cost": 6597.00,"Plan Rows": 2020,"Plan Width": 4,"Actual Startup Time": 0.156,"Actual Total Time": 195.497,"Actual Rows": 2218,"Actual Loops": 1,"Filter": "((p_name)::text ~~ 'tan%'::text)","Rows Removed by Filter": 197782},{"Node Type": "Index Scan","Parent Relationship": "Inner","Parallel Aware": false,"Async Capable": false,"Scan Direction": "Forward","Index Name": "idx_partsupp_partkey","Relation Name": "partsupp","Alias": "partsupp","Startup Cost": 0.42,"Total Cost": 40.36,"Plan Rows": 1,"Plan Width": 8,"Actual Startup Time": 0.135,"Actual Total Time": 0.318,"Actual Rows": 3,"Actual Loops": 2218,"Index Cond": "(ps_partkey = part.p_partkey)","Rows Removed by Index Recheck": 0,"Filter": "((ps_availqty)::numeric > (SubPlan 1))","Rows Removed by Filter": 1,"Plans": [{"Node Type": "Aggregate","Strategy": "Plain","Partial Mode": "Simple","Parent Relationship": "SubPlan","Subplan Name": "SubPlan 1","Parallel Aware": false,"Async Capable": false,"Startup Cost": 8.46,"Total Cost": 8.47,"Plan Rows": 1,"Plan Width": 32,"Actual Startup Time": 0.071,"Actual Total Time": 0.071,"Actual Rows": 1,"Actual Loops": 8872,"Plans": [{"Node Type": "Index Scan","Parent Relationship": "Outer","Parallel Aware": false,"Async Capable": false,"Scan Direction": "Forward","Index Name": "idx_lineitem_part_supp","Relation Name": "lineitem","Alias": "lineitem","Startup Cost": 0.43,"Total Cost": 8.46,"Plan Rows": 0,"Plan Width": 5,"Actual Startup Time": 0.044,"Actual Total Time": 0.071,"Actual Rows": 1,"Actual Loops": 8872,"Index Cond": "((l_partkey = partsupp.ps_partkey) AND (l_suppkey = partsupp.ps_suppkey))","Rows Removed by Index Recheck": 0,"Filter": "((l_shipdate >= '1996-01-01'::date) AND (l_shipdate < '1997-01-01 00:00:00'::timestamp without time zone))","Rows Removed by Filter": 6}]}]}]}]}]}]},"Planning Time": 6.943,"Triggers": [],"Execution Time": 911.866}]
[{"Plan": {"Node Type": "Sort","Parallel Aware": false,"Async Capable": false,"Startup Cost": 88442.96,"Total Cost": 88443.23,"Plan Rows": 108,"Plan Width": 51,"Actual Startup Time": 916.848,"Actual Total Time": 916.892,"Actual Rows": 170,"Actual Loops": 1,"Sort Key": ["supplier.s_name"],"Sort Method": "quicksort","Sort Space Used": 41,"Sort Space Type": "Memory","Plans": [{"Node Type": "Hash Join","Parent Relationship": "Outer","Parallel Aware": false,"Async Capable": false,"Join Type": "Semi","Startup Cost": 88199.59,"Total Cost": 88439.31,"Plan Rows": 108,"Plan Width": 51,"Actual Startup Time": 912.230,"Actual Total Time": 916.341,"Actual Rows": 170,"Actual Loops": 1,"Inner Unique": false,"Hash Cond": "(supplier.s_suppkey = partsupp.ps_suppkey)","Plans": [{"Node Type": "Nested Loop","Parent Relationship": "Outer","Parallel Aware": false,"Async Capable": false,"Join Type": "Inner","Startup Cost": 7.38,"Total Cost": 244.58,"Plan Rows": 400,"Plan Width": 55,"Actual Startup Time": 0.250,"Actual Total Time": 4.295,"Actual Rows": 390,"Actual Loops": 1,"Inner Unique": false,"Plans": [{"Node Type": "Seq Scan","Parent Relationship": "Outer","Parallel Aware": false,"Async Capable": false,"Relation Name": "nation","Alias": "nation","Startup Cost": 0.00,"Total Cost": 1.31,"Plan Rows": 1,"Plan Width": 4,"Actual Startup Time": 0.066,"Actual Total Time": 0.085,"Actual Rows": 1,"Actual Loops": 1,"Filter": "(n_name = 'UNITED KINGDOM'::bpchar)","Rows Removed by Filter": 24},{"Node Type": "Bitmap Heap Scan","Parent Relationship": "Inner","Parallel Aware": false,"Async Capable": false,"Relation Name": "supplier","Alias": "supplier","Startup Cost": 7.38,"Total Cost": 239.27,"Plan Rows": 400,"Plan Width": 59,"Actual Startup Time": 0.180,"Actual Total Time": 4.131,"Actual Rows": 390,"Actual Loops": 1,"Recheck Cond": "(s_nationkey = nation.n_nationkey)","Rows Removed by Index Recheck": 0,"Exact Heap Blocks": 190,"Lossy Heap Blocks": 0,"Plans": [{"Node Type": "Bitmap Index Scan","Parent Relationship": "Outer","Parallel Aware": false,"Async Capable": false,"Index Name": "idx_supplier_nation_key","Startup Cost": 0.00,"Total Cost": 7.29,"Plan Rows": 400,"Plan Width": 0,"Actual Startup Time": 0.116,"Actual Total Time": 0.122,"Actual Rows": 390,"Actual Loops": 1,"Index Cond": "(s_nationkey = nation.n_nationkey)"}]}]},{"Node Type": "Hash","Parent Relationship": "Inner","Parallel Aware": false,"Async Capable": false,"Startup Cost": 88158.53,"Total Cost": 88158.53,"Plan Rows": 2694,"Plan Width": 4,"Actual Startup Time": 911.893,"Actual Total Time": 911.907,"Actual Rows": 5956,"Actual Loops": 1,"Hash Buckets": 8192,"Original Hash Buckets": 4096,"Hash Batches": 1,"Original Hash Batches": 1,"Peak Memory Usage": 274,"Plans": [{"Node Type": "Nested Loop","Parent Relationship": "Outer","Parallel Aware": false,"Async Capable": false,"Join Type": "Inner","Startup Cost": 0.42,"Total Cost": 88158.53,"Plan Rows": 2694,"Plan Width": 4,"Actual Startup Time": 0.928,"Actual Total Time": 907.209,"Actual Rows": 5956,"Actual Loops": 1,"Inner Unique": false,"Plans": [{"Node Type": "Seq Scan","Parent Relationship": "Outer","Parallel Aware": false,"Async Capable": false,"Relation Name": "part","Alias": "part","Startup Cost": 0.00,"Total Cost": 6597.00,"Plan Rows": 2020,"Plan Width": 4,"Actual Startup Time": 0.065,"Actual Total Time": 200.825,"Actual Rows": 2205,"Actual Loops": 1,"Filter": "((p_name)::text ~~ 'rose%'::text)","Rows Removed by Filter": 197795},{"Node Type": "Index Scan","Parent Relationship": "Inner","Parallel Aware": false,"Async Capable": false,"Scan Direction": "Forward","Index Name": "idx_partsupp_partkey","Relation Name": "partsupp","Alias": "partsupp","Startup Cost": 0.42,"Total Cost": 40.36,"Plan Rows": 1,"Plan Width": 8,"Actual Startup Time": 0.135,"Actual Total Time": 0.320,"Actual Rows": 3,"Actual Loops": 2205,"Index Cond": "(ps_partkey = part.p_partkey)","Rows Removed by Index Recheck": 0,"Filter": "((ps_availqty)::numeric > (SubPlan 1))","Rows Removed by Filter": 1,"Plans": [{"Node Type": "Aggregate","Strategy": "Plain","Partial Mode": "Simple","Parent Relationship": "SubPlan","Subplan Name": "SubPlan 1","Parallel Aware": false,"Async Capable": false,"Startup Cost": 8.46,"Total Cost": 8.47,"Plan Rows": 1,"Plan Width": 32,"Actual Startup Time": 0.072,"Actual Total Time": 0.072,"Actual Rows": 1,"Actual Loops": 8820,"Plans": [{"Node Type": "Index Scan","Parent Relationship": "Outer","Parallel Aware": false,"Async Capable": false,"Scan Direction": "Forward","Index Name": "idx_lineitem_part_supp","Relation Name": "lineitem","Alias": "lineitem","Startup Cost": 0.43,"Total Cost": 8.46,"Plan Rows": 0,"Plan Width": 5,"Actual Startup Time": 0.044,"Actual Total Time": 0.071,"Actual Rows": 1,"Actual Loops": 8820,"Index Cond": "((l_partkey = partsupp.ps_partkey) AND (l_suppkey = partsupp.ps_suppkey))","Rows Removed by Index Recheck": 0,"Filter": "((l_shipdate >= '1997-01-01'::date) AND (l_shipdate < '1998-01-01 00:00:00'::timestamp without time zone))","Rows Removed by Filter": 6}]}]}]}]}]}]},"Planning Time": 6.387,"Triggers": [],"Execution Time": 917.140}]
[{"Plan": {"Node Type": "Sort","Parallel Aware": false,"Async Capable": false,"Startup Cost": 165280.99,"Total Cost": 165281.52,"Plan Rows": 215,"Plan Width": 51,"Actual Startup Time": 971.234,"Actual Total Time": 971.274,"Actual Rows": 181,"Actual Loops": 1,"Sort Key": ["supplier.s_name"],"Sort Method": "quicksort","Sort Space Used": 41,"Sort Space Type": "Memory","Plans": [{"Node Type": "Hash Join","Parent Relationship": "Outer","Parallel Aware": false,"Async Capable": false,"Join Type": "Semi","Startup Cost": 165030.68,"Total Cost": 165272.66,"Plan Rows": 215,"Plan Width": 51,"Actual Startup Time": 966.723,"Actual Total Time": 970.885,"Actual Rows": 181,"Actual Loops": 1,"Inner Unique": false,"Hash Cond": "(supplier.s_suppkey = partsupp.ps_suppkey)","Plans": [{"Node Type": "Nested Loop","Parent Relationship": "Outer","Parallel Aware": false,"Async Capable": false,"Join Type": "Inner","Startup Cost": 7.38,"Total Cost": 244.58,"Plan Rows": 400,"Plan Width": 55,"Actual Startup Time": 0.283,"Actual Total Time": 3.971,"Actual Rows": 401,"Actual Loops": 1,"Inner Unique": false,"Plans": [{"Node Type": "Seq Scan","Parent Relationship": "Outer","Parallel Aware": false,"Async Capable": false,"Relation Name": "nation","Alias": "nation","Startup Cost": 0.00,"Total Cost": 1.31,"Plan Rows": 1,"Plan Width": 4,"Actual Startup Time": 0.061,"Actual Total Time": 0.081,"Actual Rows": 1,"Actual Loops": 1,"Filter": "(n_name = 'RUSSIA'::bpchar)","Rows Removed by Filter": 24},{"Node Type": "Bitmap Heap Scan","Parent Relationship": "Inner","Parallel Aware": false,"Async Capable": false,"Relation Name": "supplier","Alias": "supplier","Startup Cost": 7.38,"Total Cost": 239.27,"Plan Rows": 400,"Plan Width": 59,"Actual Startup Time": 0.212,"Actual Total Time": 3.813,"Actual Rows": 401,"Actual Loops": 1,"Recheck Cond": "(s_nationkey = nation.n_nationkey)","Rows Removed by Index Recheck": 0,"Exact Heap Blocks": 180,"Lossy Heap Blocks": 0,"Plans": [{"Node Type": "Bitmap Index Scan","Parent Relationship": "Outer","Parallel Aware": false,"Async Capable": false,"Index Name": "idx_supplier_nation_key","Startup Cost": 0.00,"Total Cost": 7.29,"Plan Rows": 400,"Plan Width": 0,"Actual Startup Time": 0.141,"Actual Total Time": 0.145,"Actual Rows": 401,"Actual Loops": 1,"Index Cond": "(s_nationkey = nation.n_nationkey)"}]}]},{"Node Type": "Hash","Parent Relationship": "Inner","Parallel Aware": false,"Async Capable": false,"Startup Cost": 164955.96,"Total Cost": 164955.96,"Plan Rows": 5387,"Plan Width": 4,"Actual Startup Time": 966.294,"Actual Total Time": 966.300,"Actual Rows": 5916,"Actual Loops": 1,"Hash Buckets": 8192,"Original Hash Buckets": 8192,"Hash Batches": 1,"Original Hash Batches": 1,"Peak Memory Usage": 272,"Plans": [{"Node Type": "Nested Loop","Parent Relationship": "Outer","Parallel Aware": false,"Async Capable": false,"Join Type": "Inner","Startup Cost": 0.42,"Total Cost": 164955.96,"Plan Rows": 5387,"Plan Width": 4,"Actual Startup Time": 0.526,"Actual Total Time": 960.692,"Actual Rows": 5916,"Actual Loops": 1,"Inner Unique": false,"Plans": [{"Node Type": "Seq Scan","Parent Relationship": "Outer","Parallel Aware": false,"Async Capable": false,"Relation Name": "part","Alias": "part","Startup Cost": 0.00,"Total Cost": 6597.00,"Plan Rows": 4040,"Plan Width": 4,"Actual Startup Time": 0.054,"Actual Total Time": 181.057,"Actual Rows": 2157,"Actual Loops": 1,"Filter": "((p_name)::text ~~ 'spring%'::text)","Rows Removed by Filter": 197843},{"Node Type": "Index Scan","Parent Relationship": "Inner","Parallel Aware": false,"Async Capable": false,"Scan Direction": "Forward","Index Name": "idx_partsupp_partkey","Relation Name": "partsupp","Alias": "partsupp","Startup Cost": 0.42,"Total Cost": 39.18,"Plan Rows": 1,"Plan Width": 8,"Actual Startup Time": 0.151,"Actual Total Time": 0.361,"Actual Rows": 3,"Actual Loops": 2157,"Index Cond": "(ps_partkey = part.p_partkey)","Rows Removed by Index Recheck": 0,"Filter": "((ps_availqty)::numeric > (SubPlan 1))","Rows Removed by Filter": 1,"Plans": [{"Node Type": "Aggregate","Strategy": "Plain","Partial Mode": "Simple","Parent Relationship": "SubPlan","Subplan Name": "SubPlan 1","Parallel Aware": false,"Async Capable": false,"Startup Cost": 8.46,"Total Cost": 8.47,"Plan Rows": 1,"Plan Width": 32,"Actual Startup Time": 0.082,"Actual Total Time": 0.082,"Actual Rows": 1,"Actual Loops": 8628,"Plans": [{"Node Type": "Index Scan","Parent Relationship": "Outer","Parallel Aware": false,"Async Capable": false,"Scan Direction": "Forward","Index Name": "idx_lineitem_part_supp","Relation Name": "lineitem","Alias": "lineitem","Startup Cost": 0.43,"Total Cost": 8.46,"Plan Rows": 0,"Plan Width": 5,"Actual Startup Time": 0.050,"Actual Total Time": 0.081,"Actual Rows": 1,"Actual Loops": 8628,"Index Cond": "((l_partkey = partsupp.ps_partkey) AND (l_suppkey = partsupp.ps_suppkey))","Rows Removed by Index Recheck": 0,"Filter": "((l_shipdate >= '1993-01-01'::date) AND (l_shipdate < '1994-01-01 00:00:00'::timestamp without time zone))","Rows Removed by Filter": 6}]}]}]}]}]}]},"Planning Time": 7.195,"Triggers": [],"Execution Time": 971.538}]
[{"Plan": {"Node Type": "Sort","Parallel Aware": false,"Async Capable": false,"Startup Cost": 88442.96,"Total Cost": 88443.23,"Plan Rows": 108,"Plan Width": 51,"Actual Startup Time": 906.374,"Actual Total Time": 906.414,"Actual Rows": 204,"Actual Loops": 1,"Sort Key": ["supplier.s_name"],"Sort Method": "quicksort","Sort Space Used": 44,"Sort Space Type": "Memory","Plans": [{"Node Type": "Hash Join","Parent Relationship": "Outer","Parallel Aware": false,"Async Capable": false,"Join Type": "Semi","Startup Cost": 88199.59,"Total Cost": 88439.31,"Plan Rows": 108,"Plan Width": 51,"Actual Startup Time": 902.179,"Actual Total Time": 905.890,"Actual Rows": 204,"Actual Loops": 1,"Inner Unique": false,"Hash Cond": "(supplier.s_suppkey = partsupp.ps_suppkey)","Plans": [{"Node Type": "Nested Loop","Parent Relationship": "Outer","Parallel Aware": false,"Async Capable": false,"Join Type": "Inner","Startup Cost": 7.38,"Total Cost": 244.58,"Plan Rows": 400,"Plan Width": 55,"Actual Startup Time": 0.273,"Actual Total Time": 3.895,"Actual Rows": 415,"Actual Loops": 1,"Inner Unique": false,"Plans": [{"Node Type": "Seq Scan","Parent Relationship": "Outer","Parallel Aware": false,"Async Capable": false,"Relation Name": "nation","Alias": "nation","Startup Cost": 0.00,"Total Cost": 1.31,"Plan Rows": 1,"Plan Width": 4,"Actual Startup Time": 0.071,"Actual Total Time": 0.109,"Actual Rows": 1,"Actual Loops": 1,"Filter": "(n_name = 'EGYPT'::bpchar)","Rows Removed by Filter": 24},{"Node Type": "Bitmap Heap Scan","Parent Relationship": "Inner","Parallel Aware": false,"Async Capable": false,"Relation Name": "supplier","Alias": "supplier","Startup Cost": 7.38,"Total Cost": 239.27,"Plan Rows": 400,"Plan Width": 59,"Actual Startup Time": 0.198,"Actual Total Time": 3.712,"Actual Rows": 415,"Actual Loops": 1,"Recheck Cond": "(s_nationkey = nation.n_nationkey)","Rows Removed by Index Recheck": 0,"Exact Heap Blocks": 183,"Lossy Heap Blocks": 0,"Plans": [{"Node Type": "Bitmap Index Scan","Parent Relationship": "Outer","Parallel Aware": false,"Async Capable": false,"Index Name": "idx_supplier_nation_key","Startup Cost": 0.00,"Total Cost": 7.29,"Plan Rows": 400,"Plan Width": 0,"Actual Startup Time": 0.130,"Actual Total Time": 0.134,"Actual Rows": 415,"Actual Loops": 1,"Index Cond": "(s_nationkey = nation.n_nationkey)"}]}]},{"Node Type": "Hash","Parent Relationship": "Inner","Parallel Aware": false,"Async Capable": false,"Startup Cost": 88158.53,"Total Cost": 88158.53,"Plan Rows": 2694,"Plan Width": 4,"Actual Startup Time": 901.839,"Actual Total Time": 901.848,"Actual Rows": 5914,"Actual Loops": 1,"Hash Buckets": 8192,"Original Hash Buckets": 4096,"Hash Batches": 1,"Original Hash Batches": 1,"Peak Memory Usage": 272,"Plans": [{"Node Type": "Nested Loop","Parent Relationship": "Outer","Parallel Aware": false,"Async Capable": false,"Join Type": "Inner","Startup Cost": 0.42,"Total Cost": 88158.53,"Plan Rows": 2694,"Plan Width": 4,"Actual Startup Time": 0.812,"Actual Total Time": 897.311,"Actual Rows": 5914,"Actual Loops": 1,"Inner Unique": false,"Plans": [{"Node Type": "Seq Scan","Parent Relationship": "Outer","Parallel Aware": false,"Async Capable": false,"Relation Name": "part","Alias": "part","Startup Cost": 0.00,"Total Cost": 6597.00,"Plan Rows": 2020,"Plan Width": 4,"Actual Startup Time": 0.186,"Actual Total Time": 196.910,"Actual Rows": 2183,"Actual Loops": 1,"Filter": "((p_name)::text ~~ 'papaya%'::text)","Rows Removed by Filter": 197817},{"Node Type": "Index Scan","Parent Relationship": "Inner","Parallel Aware": false,"Async Capable": false,"Scan Direction": "Forward","Index Name": "idx_partsupp_partkey","Relation Name": "partsupp","Alias": "partsupp","Startup Cost": 0.42,"Total Cost": 40.36,"Plan Rows": 1,"Plan Width": 8,"Actual Startup Time": 0.136,"Actual Total Time": 0.320,"Actual Rows": 3,"Actual Loops": 2183,"Index Cond": "(ps_partkey = part.p_partkey)","Rows Removed by Index Recheck": 0,"Filter": "((ps_availqty)::numeric > (SubPlan 1))","Rows Removed by Filter": 1,"Plans": [{"Node Type": "Aggregate","Strategy": "Plain","Partial Mode": "Simple","Parent Relationship": "SubPlan","Subplan Name": "SubPlan 1","Parallel Aware": false,"Async Capable": false,"Startup Cost": 8.46,"Total Cost": 8.47,"Plan Rows": 1,"Plan Width": 32,"Actual Startup Time": 0.072,"Actual Total Time": 0.072,"Actual Rows": 1,"Actual Loops": 8732,"Plans": [{"Node Type": "Index Scan","Parent Relationship": "Outer","Parallel Aware": false,"Async Capable": false,"Scan Direction": "Forward","Index Name": "idx_lineitem_part_supp","Relation Name": "lineitem","Alias": "lineitem","Startup Cost": 0.43,"Total Cost": 8.46,"Plan Rows": 0,"Plan Width": 5,"Actual Startup Time": 0.044,"Actual Total Time": 0.071,"Actual Rows": 1,"Actual Loops": 8732,"Index Cond": "((l_partkey = partsupp.ps_partkey) AND (l_suppkey = partsupp.ps_suppkey))","Rows Removed by Index Recheck": 0,"Filter": "((l_shipdate >= '1993-01-01'::date) AND (l_shipdate < '1994-01-01 00:00:00'::timestamp without time zone))","Rows Removed by Filter": 6}]}]}]}]}]}]},"Planning Time": 5.527,"Triggers": [],"Execution Time": 906.665}]
[{"Plan": {"Node Type": "Sort","Parallel Aware": false,"Async Capable": false,"Startup Cost": 88442.96,"Total Cost": 88443.23,"Plan Rows": 108,"Plan Width": 51,"Actual Startup Time": 987.259,"Actual Total Time": 987.291,"Actual Rows": 180,"Actual Loops": 1,"Sort Key": ["supplier.s_name"],"Sort Method": "quicksort","Sort Space Used": 41,"Sort Space Type": "Memory","Plans": [{"Node Type": "Hash Join","Parent Relationship": "Outer","Parallel Aware": false,"Async Capable": false,"Join Type": "Semi","Startup Cost": 88199.59,"Total Cost": 88439.31,"Plan Rows": 108,"Plan Width": 51,"Actual Startup Time": 982.533,"Actual Total Time": 986.776,"Actual Rows": 180,"Actual Loops": 1,"Inner Unique": false,"Hash Cond": "(supplier.s_suppkey = partsupp.ps_suppkey)","Plans": [{"Node Type": "Nested Loop","Parent Relationship": "Outer","Parallel Aware": false,"Async Capable": false,"Join Type": "Inner","Startup Cost": 7.38,"Total Cost": 244.58,"Plan Rows": 400,"Plan Width": 55,"Actual Startup Time": 0.273,"Actual Total Time": 4.410,"Actual Rows": 398,"Actual Loops": 1,"Inner Unique": false,"Plans": [{"Node Type": "Seq Scan","Parent Relationship": "Outer","Parallel Aware": false,"Async Capable": false,"Relation Name": "nation","Alias": "nation","Startup Cost": 0.00,"Total Cost": 1.31,"Plan Rows": 1,"Plan Width": 4,"Actual Startup Time": 0.068,"Actual Total Time": 0.089,"Actual Rows": 1,"Actual Loops": 1,"Filter": "(n_name = 'ROMANIA'::bpchar)","Rows Removed by Filter": 24},{"Node Type": "Bitmap Heap Scan","Parent Relationship": "Inner","Parallel Aware": false,"Async Capable": false,"Relation Name": "supplier","Alias": "supplier","Startup Cost": 7.38,"Total Cost": 239.27,"Plan Rows": 400,"Plan Width": 59,"Actual Startup Time": 0.197,"Actual Total Time": 4.251,"Actual Rows": 398,"Actual Loops": 1,"Recheck Cond": "(s_nationkey = nation.n_nationkey)","Rows Removed by Index Recheck": 0,"Exact Heap Blocks": 186,"Lossy Heap Blocks": 0,"Plans": [{"Node Type": "Bitmap Index Scan","Parent Relationship": "Outer","Parallel Aware": false,"Async Capable": false,"Index Name": "idx_supplier_nation_key","Startup Cost": 0.00,"Total Cost": 7.29,"Plan Rows": 400,"Plan Width": 0,"Actual Startup Time": 0.126,"Actual Total Time": 0.129,"Actual Rows": 398,"Actual Loops": 1,"Index Cond": "(s_nationkey = nation.n_nationkey)"}]}]},{"Node Type": "Hash","Parent Relationship": "Inner","Parallel Aware": false,"Async Capable": false,"Startup Cost": 88158.53,"Total Cost": 88158.53,"Plan Rows": 2694,"Plan Width": 4,"Actual Startup Time": 982.156,"Actual Total Time": 982.161,"Actual Rows": 6111,"Actual Loops": 1,"Hash Buckets": 8192,"Original Hash Buckets": 4096,"Hash Batches": 1,"Original Hash Batches": 1,"Peak Memory Usage": 279,"Plans": [{"Node Type": "Nested Loop","Parent Relationship": "Outer","Parallel Aware": false,"Async Capable": false,"Join Type": "Inner","Startup Cost": 0.42,"Total Cost": 88158.53,"Plan Rows": 2694,"Plan Width": 4,"Actual Startup Time": 0.561,"Actual Total Time": 977.961,"Actual Rows": 6111,"Actual Loops": 1,"Inner Unique": false,"Plans": [{"Node Type": "Seq Scan","Parent Relationship": "Outer","Parallel Aware": false,"Async Capable": false,"Relation Name": "part","Alias": "part","Startup Cost": 0.00,"Total Cost": 6597.00,"Plan Rows": 2020,"Plan Width": 4,"Actual Startup Time": 0.082,"Actual Total Time": 180.246,"Actual Rows": 2218,"Actual Loops": 1,"Filter": "((p_name)::text ~~ 'burlywood%'::text)","Rows Removed by Filter": 197782},{"Node Type": "Index Scan","Parent Relationship": "Inner","Parallel Aware": false,"Async Capable": false,"Scan Direction": "Forward","Index Name": "idx_partsupp_partkey","Relation Name": "partsupp","Alias": "partsupp","Startup Cost": 0.42,"Total Cost": 40.36,"Plan Rows": 1,"Plan Width": 8,"Actual Startup Time": 0.149,"Actual Total Time": 0.359,"Actual Rows": 3,"Actual Loops": 2218,"Index Cond": "(ps_partkey = part.p_partkey)","Rows Removed by Index Recheck": 0,"Filter": "((ps_availqty)::numeric > (SubPlan 1))","Rows Removed by Filter": 1,"Plans": [{"Node Type": "Aggregate","Strategy": "Plain","Partial Mode": "Simple","Parent Relationship": "SubPlan","Subplan Name": "SubPlan 1","Parallel Aware": false,"Async Capable": false,"Startup Cost": 8.46,"Total Cost": 8.47,"Plan Rows": 1,"Plan Width": 32,"Actual Startup Time": 0.082,"Actual Total Time": 0.082,"Actual Rows": 1,"Actual Loops": 8872,"Plans": [{"Node Type": "Index Scan","Parent Relationship": "Outer","Parallel Aware": false,"Async Capable": false,"Scan Direction": "Forward","Index Name": "idx_lineitem_part_supp","Relation Name": "lineitem","Alias": "lineitem","Startup Cost": 0.43,"Total Cost": 8.46,"Plan Rows": 0,"Plan Width": 5,"Actual Startup Time": 0.049,"Actual Total Time": 0.081,"Actual Rows": 1,"Actual Loops": 8872,"Index Cond": "((l_partkey = partsupp.ps_partkey) AND (l_suppkey = partsupp.ps_suppkey))","Rows Removed by Index Recheck": 0,"Filter": "((l_shipdate >= '1993-01-01'::date) AND (l_shipdate < '1994-01-01 00:00:00'::timestamp without time zone))","Rows Removed by Filter": 6}]}]}]}]}]}]},"Planning Time": 6.991,"Triggers": [],"Execution Time": 987.555}]
[{"Plan": {"Node Type": "Sort","Parallel Aware": false,"Async Capable": false,"Startup Cost": 88442.96,"Total Cost": 88443.23,"Plan Rows": 108,"Plan Width": 51,"Actual Startup Time": 881.111,"Actual Total Time": 881.149,"Actual Rows": 165,"Actual Loops": 1,"Sort Key": ["supplier.s_name"],"Sort Method": "quicksort","Sort Space Used": 40,"Sort Space Type": "Memory","Plans": [{"Node Type": "Hash Join","Parent Relationship": "Outer","Parallel Aware": false,"Async Capable": false,"Join Type": "Semi","Startup Cost": 88199.59,"Total Cost": 88439.31,"Plan Rows": 108,"Plan Width": 51,"Actual Startup Time": 877.241,"Actual Total Time": 880.827,"Actual Rows": 165,"Actual Loops": 1,"Inner Unique": false,"Hash Cond": "(supplier.s_suppkey = partsupp.ps_suppkey)","Plans": [{"Node Type": "Nested Loop","Parent Relationship": "Outer","Parallel Aware": false,"Async Capable": false,"Join Type": "Inner","Startup Cost": 7.38,"Total Cost": 244.58,"Plan Rows": 400,"Plan Width": 55,"Actual Startup Time": 0.284,"Actual Total Time": 3.805,"Actual Rows": 411,"Actual Loops": 1,"Inner Unique": false,"Plans": [{"Node Type": "Seq Scan","Parent Relationship": "Outer","Parallel Aware": false,"Async Capable": false,"Relation Name": "nation","Alias": "nation","Startup Cost": 0.00,"Total Cost": 1.31,"Plan Rows": 1,"Plan Width": 4,"Actual Startup Time": 0.074,"Actual Total Time": 0.091,"Actual Rows": 1,"Actual Loops": 1,"Filter": "(n_name = 'SAUDI ARABIA'::bpchar)","Rows Removed by Filter": 24},{"Node Type": "Bitmap Heap Scan","Parent Relationship": "Inner","Parallel Aware": false,"Async Capable": false,"Relation Name": "supplier","Alias": "supplier","Startup Cost": 7.38,"Total Cost": 239.27,"Plan Rows": 400,"Plan Width": 59,"Actual Startup Time": 0.207,"Actual Total Time": 3.655,"Actual Rows": 411,"Actual Loops": 1,"Recheck Cond": "(s_nationkey = nation.n_nationkey)","Rows Removed by Index Recheck": 0,"Exact Heap Blocks": 182,"Lossy Heap Blocks": 0,"Plans": [{"Node Type": "Bitmap Index Scan","Parent Relationship": "Outer","Parallel Aware": false,"Async Capable": false,"Index Name": "idx_supplier_nation_key","Startup Cost": 0.00,"Total Cost": 7.29,"Plan Rows": 400,"Plan Width": 0,"Actual Startup Time": 0.135,"Actual Total Time": 0.139,"Actual Rows": 411,"Actual Loops": 1,"Index Cond": "(s_nationkey = nation.n_nationkey)"}]}]},{"Node Type": "Hash","Parent Relationship": "Inner","Parallel Aware": false,"Async Capable": false,"Startup Cost": 88158.53,"Total Cost": 88158.53,"Plan Rows": 2694,"Plan Width": 4,"Actual Startup Time": 876.847,"Actual Total Time": 876.854,"Actual Rows": 5663,"Actual Loops": 1,"Hash Buckets": 8192,"Original Hash Buckets": 4096,"Hash Batches": 1,"Original Hash Batches": 1,"Peak Memory Usage": 264,"Plans": [{"Node Type": "Nested Loop","Parent Relationship": "Outer","Parallel Aware": false,"Async Capable": false,"Join Type": "Inner","Startup Cost": 0.42,"Total Cost": 88158.53,"Plan Rows": 2694,"Plan Width": 4,"Actual Startup Time": 0.572,"Actual Total Time": 872.216,"Actual Rows": 5663,"Actual Loops": 1,"Inner Unique": false,"Plans": [{"Node Type": "Seq Scan","Parent Relationship": "Outer","Parallel Aware": false,"Async Capable": false,"Relation Name": "part","Alias": "part","Startup Cost": 0.00,"Total Cost": 6597.00,"Plan Rows": 2020,"Plan Width": 4,"Actual Startup Time": 0.177,"Actual Total Time": 195.680,"Actual Rows": 2071,"Actual Loops": 1,"Filter": "((p_name)::text ~~ 'steel%'::text)","Rows Removed by Filter": 197929},{"Node Type": "Index Scan","Parent Relationship": "Inner","Parallel Aware": false,"Async Capable": false,"Scan Direction": "Forward","Index Name": "idx_partsupp_partkey","Relation Name": "partsupp","Alias": "partsupp","Startup Cost": 0.42,"Total Cost": 40.36,"Plan Rows": 1,"Plan Width": 8,"Actual Startup Time": 0.135,"Actual Total Time": 0.326,"Actual Rows": 3,"Actual Loops": 2071,"Index Cond": "(ps_partkey = part.p_partkey)","Rows Removed by Index Recheck": 0,"Filter": "((ps_availqty)::numeric > (SubPlan 1))","Rows Removed by Filter": 1,"Plans": [{"Node Type": "Aggregate","Strategy": "Plain","Partial Mode": "Simple","Parent Relationship": "SubPlan","Subplan Name": "SubPlan 1","Parallel Aware": false,"Async Capable": false,"Startup Cost": 8.46,"Total Cost": 8.47,"Plan Rows": 1,"Plan Width": 32,"Actual Startup Time": 0.073,"Actual Total Time": 0.073,"Actual Rows": 1,"Actual Loops": 8284,"Plans": [{"Node Type": "Index Scan","Parent Relationship": "Outer","Parallel Aware": false,"Async Capable": false,"Scan Direction": "Forward","Index Name": "idx_lineitem_part_supp","Relation Name": "lineitem","Alias": "lineitem","Startup Cost": 0.43,"Total Cost": 8.46,"Plan Rows": 0,"Plan Width": 5,"Actual Startup Time": 0.044,"Actual Total Time": 0.072,"Actual Rows": 1,"Actual Loops": 8284,"Index Cond": "((l_partkey = partsupp.ps_partkey) AND (l_suppkey = partsupp.ps_suppkey))","Rows Removed by Index Recheck": 0,"Filter": "((l_shipdate >= '1995-01-01'::date) AND (l_shipdate < '1996-01-01 00:00:00'::timestamp without time zone))","Rows Removed by Filter": 6}]}]}]}]}]}]},"Planning Time": 6.681,"Triggers": [],"Execution Time": 881.418}]
[{"Plan": {"Node Type": "Sort","Parallel Aware": false,"Async Capable": false,"Startup Cost": 88442.96,"Total Cost": 88443.23,"Plan Rows": 108,"Plan Width": 51,"Actual Startup Time": 973.723,"Actual Total Time": 973.761,"Actual Rows": 194,"Actual Loops": 1,"Sort Key": ["supplier.s_name"],"Sort Method": "quicksort","Sort Space Used": 42,"Sort Space Type": "Memory","Plans": [{"Node Type": "Hash Join","Parent Relationship": "Outer","Parallel Aware": false,"Async Capable": false,"Join Type": "Semi","Startup Cost": 88199.59,"Total Cost": 88439.31,"Plan Rows": 108,"Plan Width": 51,"Actual Startup Time": 969.048,"Actual Total Time": 973.386,"Actual Rows": 194,"Actual Loops": 1,"Inner Unique": false,"Hash Cond": "(supplier.s_suppkey = partsupp.ps_suppkey)","Plans": [{"Node Type": "Nested Loop","Parent Relationship": "Outer","Parallel Aware": false,"Async Capable": false,"Join Type": "Inner","Startup Cost": 7.38,"Total Cost": 244.58,"Plan Rows": 400,"Plan Width": 55,"Actual Startup Time": 0.306,"Actual Total Time": 4.499,"Actual Rows": 438,"Actual Loops": 1,"Inner Unique": false,"Plans": [{"Node Type": "Seq Scan","Parent Relationship": "Outer","Parallel Aware": false,"Async Capable": false,"Relation Name": "nation","Alias": "nation","Startup Cost": 0.00,"Total Cost": 1.31,"Plan Rows": 1,"Plan Width": 4,"Actual Startup Time": 0.072,"Actual Total Time": 0.101,"Actual Rows": 1,"Actual Loops": 1,"Filter": "(n_name = 'IRAQ'::bpchar)","Rows Removed by Filter": 24},{"Node Type": "Bitmap Heap Scan","Parent Relationship": "Inner","Parallel Aware": false,"Async Capable": false,"Relation Name": "supplier","Alias": "supplier","Startup Cost": 7.38,"Total Cost": 239.27,"Plan Rows": 400,"Plan Width": 59,"Actual Startup Time": 0.224,"Actual Total Time": 4.328,"Actual Rows": 438,"Actual Loops": 1,"Recheck Cond": "(s_nationkey = nation.n_nationkey)","Rows Removed by Index Recheck": 0,"Exact Heap Blocks": 194,"Lossy Heap Blocks": 0,"Plans": [{"Node Type": "Bitmap Index Scan","Parent Relationship": "Outer","Parallel Aware": false,"Async Capable": false,"Index Name": "idx_supplier_nation_key","Startup Cost": 0.00,"Total Cost": 7.29,"Plan Rows": 400,"Plan Width": 0,"Actual Startup Time": 0.157,"Actual Total Time": 0.163,"Actual Rows": 438,"Actual Loops": 1,"Index Cond": "(s_nationkey = nation.n_nationkey)"}]}]},{"Node Type": "Hash","Parent Relationship": "Inner","Parallel Aware": false,"Async Capable": false,"Startup Cost": 88158.53,"Total Cost": 88158.53,"Plan Rows": 2694,"Plan Width": 4,"Actual Startup Time": 968.675,"Actual Total Time": 968.683,"Actual Rows": 5927,"Actual Loops": 1,"Hash Buckets": 8192,"Original Hash Buckets": 4096,"Hash Batches": 1,"Original Hash Batches": 1,"Peak Memory Usage": 273,"Plans": [{"Node Type": "Nested Loop","Parent Relationship": "Outer","Parallel Aware": false,"Async Capable": false,"Join Type": "Inner","Startup Cost": 0.42,"Total Cost": 88158.53,"Plan Rows": 2694,"Plan Width": 4,"Actual Startup Time": 0.524,"Actual Total Time": 964.550,"Actual Rows": 5927,"Actual Loops": 1,"Inner Unique": false,"Plans": [{"Node Type": "Seq Scan","Parent Relationship": "Outer","Parallel Aware": false,"Async Capable": false,"Relation Name": "part","Alias": "part","Startup Cost": 0.00,"Total Cost": 6597.00,"Plan Rows": 2020,"Plan Width": 4,"Actual Startup Time": 0.053,"Actual Total Time": 181.618,"Actual Rows": 2190,"Actual Loops": 1,"Filter": "((p_name)::text ~~ 'beige%'::text)","Rows Removed by Filter": 197810},{"Node Type": "Index Scan","Parent Relationship": "Inner","Parallel Aware": false,"Async Capable": false,"Scan Direction": "Forward","Index Name": "idx_partsupp_partkey","Relation Name": "partsupp","Alias": "partsupp","Startup Cost": 0.42,"Total Cost": 40.36,"Plan Rows": 1,"Plan Width": 8,"Actual Startup Time": 0.150,"Actual Total Time": 0.357,"Actual Rows": 3,"Actual Loops": 2190,"Index Cond": "(ps_partkey = part.p_partkey)","Rows Removed by Index Recheck": 0,"Filter": "((ps_availqty)::numeric > (SubPlan 1))","Rows Removed by Filter": 1,"Plans": [{"Node Type": "Aggregate","Strategy": "Plain","Partial Mode": "Simple","Parent Relationship": "SubPlan","Subplan Name": "SubPlan 1","Parallel Aware": false,"Async Capable": false,"Startup Cost": 8.46,"Total Cost": 8.47,"Plan Rows": 1,"Plan Width": 32,"Actual Startup Time": 0.081,"Actual Total Time": 0.081,"Actual Rows": 1,"Actual Loops": 8760,"Plans": [{"Node Type": "Index Scan","Parent Relationship": "Outer","Parallel Aware": false,"Async Capable": false,"Scan Direction": "Forward","Index Name": "idx_lineitem_part_supp","Relation Name": "lineitem","Alias": "lineitem","Startup Cost": 0.43,"Total Cost": 8.46,"Plan Rows": 0,"Plan Width": 5,"Actual Startup Time": 0.049,"Actual Total Time": 0.080,"Actual Rows": 1,"Actual Loops": 8760,"Index Cond": "((l_partkey = partsupp.ps_partkey) AND (l_suppkey = partsupp.ps_suppkey))","Rows Removed by Index Recheck": 0,"Filter": "((l_shipdate >= '1994-01-01'::date) AND (l_shipdate < '1995-01-01 00:00:00'::timestamp without time zone))","Rows Removed by Filter": 6}]}]}]}]}]}]},"Planning Time": 6.410,"Triggers": [],"Execution Time": 974.038}]
[{"Plan": {"Node Type": "Sort","Parallel Aware": false,"Async Capable": false,"Startup Cost": 88442.96,"Total Cost": 88443.23,"Plan Rows": 108,"Plan Width": 51,"Actual Startup Time": 905.521,"Actual Total Time": 905.563,"Actual Rows": 176,"Actual Loops": 1,"Sort Key": ["supplier.s_name"],"Sort Method": "quicksort","Sort Space Used": 41,"Sort Space Type": "Memory","Plans": [{"Node Type": "Hash Join","Parent Relationship": "Outer","Parallel Aware": false,"Async Capable": false,"Join Type": "Semi","Startup Cost": 88199.59,"Total Cost": 88439.31,"Plan Rows": 108,"Plan Width": 51,"Actual Startup Time": 901.209,"Actual Total Time": 905.216,"Actual Rows": 176,"Actual Loops": 1,"Inner Unique": false,"Hash Cond": "(supplier.s_suppkey = partsupp.ps_suppkey)","Plans": [{"Node Type": "Nested Loop","Parent Relationship": "Outer","Parallel Aware": false,"Async Capable": false,"Join Type": "Inner","Startup Cost": 7.38,"Total Cost": 244.58,"Plan Rows": 400,"Plan Width": 55,"Actual Startup Time": 0.236,"Actual Total Time": 4.198,"Actual Rows": 438,"Actual Loops": 1,"Inner Unique": false,"Plans": [{"Node Type": "Seq Scan","Parent Relationship": "Outer","Parallel Aware": false,"Async Capable": false,"Relation Name": "nation","Alias": "nation","Startup Cost": 0.00,"Total Cost": 1.31,"Plan Rows": 1,"Plan Width": 4,"Actual Startup Time": 0.061,"Actual Total Time": 0.079,"Actual Rows": 1,"Actual Loops": 1,"Filter": "(n_name = 'IRAQ'::bpchar)","Rows Removed by Filter": 24},{"Node Type": "Bitmap Heap Scan","Parent Relationship": "Inner","Parallel Aware": false,"Async Capable": false,"Relation Name": "supplier","Alias": "supplier","Startup Cost": 7.38,"Total Cost": 239.27,"Plan Rows": 400,"Plan Width": 59,"Actual Startup Time": 0.171,"Actual Total Time": 4.057,"Actual Rows": 438,"Actual Loops": 1,"Recheck Cond": "(s_nationkey = nation.n_nationkey)","Rows Removed by Index Recheck": 0,"Exact Heap Blocks": 194,"Lossy Heap Blocks": 0,"Plans": [{"Node Type": "Bitmap Index Scan","Parent Relationship": "Outer","Parallel Aware": false,"Async Capable": false,"Index Name": "idx_supplier_nation_key","Startup Cost": 0.00,"Total Cost": 7.29,"Plan Rows": 400,"Plan Width": 0,"Actual Startup Time": 0.119,"Actual Total Time": 0.126,"Actual Rows": 438,"Actual Loops": 1,"Index Cond": "(s_nationkey = nation.n_nationkey)"}]}]},{"Node Type": "Hash","Parent Relationship": "Inner","Parallel Aware": false,"Async Capable": false,"Startup Cost": 88158.53,"Total Cost": 88158.53,"Plan Rows": 2694,"Plan Width": 4,"Actual Startup Time": 900.874,"Actual Total Time": 900.886,"Actual Rows": 5958,"Actual Loops": 1,"Hash Buckets": 8192,"Original Hash Buckets": 4096,"Hash Batches": 1,"Original Hash Batches": 1,"Peak Memory Usage": 274,"Plans": [{"Node Type": "Nested Loop","Parent Relationship": "Outer","Parallel Aware": false,"Async Capable": false,"Join Type": "Inner","Startup Cost": 0.42,"Total Cost": 88158.53,"Plan Rows": 2694,"Plan Width": 4,"Actual Startup Time": 0.765,"Actual Total Time": 896.024,"Actual Rows": 5958,"Actual Loops": 1,"Inner Unique": false,"Plans": [{"Node Type": "Seq Scan","Parent Relationship": "Outer","Parallel Aware": false,"Async Capable": false,"Relation Name": "part","Alias": "part","Startup Cost": 0.00,"Total Cost": 6597.00,"Plan Rows": 2020,"Plan Width": 4,"Actual Startup Time": 0.218,"Actual Total Time": 196.673,"Actual Rows": 2202,"Actual Loops": 1,"Filter": "((p_name)::text ~~ 'magenta%'::text)","Rows Removed by Filter": 197798},{"Node Type": "Index Scan","Parent Relationship": "Inner","Parallel Aware": false,"Async Capable": false,"Scan Direction": "Forward","Index Name": "idx_partsupp_partkey","Relation Name": "partsupp","Alias": "partsupp","Startup Cost": 0.42,"Total Cost": 40.36,"Plan Rows": 1,"Plan Width": 8,"Actual Startup Time": 0.133,"Actual Total Time": 0.317,"Actual Rows": 3,"Actual Loops": 2202,"Index Cond": "(ps_partkey = part.p_partkey)","Rows Removed by Index Recheck": 0,"Filter": "((ps_availqty)::numeric > (SubPlan 1))","Rows Removed by Filter": 1,"Plans": [{"Node Type": "Aggregate","Strategy": "Plain","Partial Mode": "Simple","Parent Relationship": "SubPlan","Subplan Name": "SubPlan 1","Parallel Aware": false,"Async Capable": false,"Startup Cost": 8.46,"Total Cost": 8.47,"Plan Rows": 1,"Plan Width": 32,"Actual Startup Time": 0.071,"Actual Total Time": 0.071,"Actual Rows": 1,"Actual Loops": 8808,"Plans": [{"Node Type": "Index Scan","Parent Relationship": "Outer","Parallel Aware": false,"Async Capable": false,"Scan Direction": "Forward","Index Name": "idx_lineitem_part_supp","Relation Name": "lineitem","Alias": "lineitem","Startup Cost": 0.43,"Total Cost": 8.46,"Plan Rows": 0,"Plan Width": 5,"Actual Startup Time": 0.043,"Actual Total Time": 0.070,"Actual Rows": 1,"Actual Loops": 8808,"Index Cond": "((l_partkey = partsupp.ps_partkey) AND (l_suppkey = partsupp.ps_suppkey))","Rows Removed by Index Recheck": 0,"Filter": "((l_shipdate >= '1997-01-01'::date) AND (l_shipdate < '1998-01-01 00:00:00'::timestamp without time zone))","Rows Removed by Filter": 6}]}]}]}]}]}]},"Planning Time": 7.598,"Triggers": [],"Execution Time": 905.816}]
[{"Plan": {"Node Type": "Sort","Parallel Aware": false,"Async Capable": false,"Startup Cost": 88442.96,"Total Cost": 88443.23,"Plan Rows": 108,"Plan Width": 51,"Actual Startup Time": 914.947,"Actual Total Time": 914.987,"Actual Rows": 166,"Actual Loops": 1,"Sort Key": ["supplier.s_name"],"Sort Method": "quicksort","Sort Space Used": 40,"Sort Space Type": "Memory","Plans": [{"Node Type": "Hash Join","Parent Relationship": "Outer","Parallel Aware": false,"Async Capable": false,"Join Type": "Semi","Startup Cost": 88199.59,"Total Cost": 88439.31,"Plan Rows": 108,"Plan Width": 51,"Actual Startup Time": 910.432,"Actual Total Time": 914.483,"Actual Rows": 166,"Actual Loops": 1,"Inner Unique": false,"Hash Cond": "(supplier.s_suppkey = partsupp.ps_suppkey)","Plans": [{"Node Type": "Nested Loop","Parent Relationship": "Outer","Parallel Aware": false,"Async Capable": false,"Join Type": "Inner","Startup Cost": 7.38,"Total Cost": 244.58,"Plan Rows": 400,"Plan Width": 55,"Actual Startup Time": 0.292,"Actual Total Time": 4.207,"Actual Rows": 390,"Actual Loops": 1,"Inner Unique": false,"Plans": [{"Node Type": "Seq Scan","Parent Relationship": "Outer","Parallel Aware": false,"Async Capable": false,"Relation Name": "nation","Alias": "nation","Startup Cost": 0.00,"Total Cost": 1.31,"Plan Rows": 1,"Plan Width": 4,"Actual Startup Time": 0.076,"Actual Total Time": 0.093,"Actual Rows": 1,"Actual Loops": 1,"Filter": "(n_name = 'UNITED KINGDOM'::bpchar)","Rows Removed by Filter": 24},{"Node Type": "Bitmap Heap Scan","Parent Relationship": "Inner","Parallel Aware": false,"Async Capable": false,"Relation Name": "supplier","Alias": "supplier","Startup Cost": 7.38,"Total Cost": 239.27,"Plan Rows": 400,"Plan Width": 59,"Actual Startup Time": 0.207,"Actual Total Time": 4.038,"Actual Rows": 390,"Actual Loops": 1,"Recheck Cond": "(s_nationkey = nation.n_nationkey)","Rows Removed by Index Recheck": 0,"Exact Heap Blocks": 190,"Lossy Heap Blocks": 0,"Plans": [{"Node Type": "Bitmap Index Scan","Parent Relationship": "Outer","Parallel Aware": false,"Async Capable": false,"Index Name": "idx_supplier_nation_key","Startup Cost": 0.00,"Total Cost": 7.29,"Plan Rows": 400,"Plan Width": 0,"Actual Startup Time": 0.140,"Actual Total Time": 0.147,"Actual Rows": 390,"Actual Loops": 1,"Index Cond": "(s_nationkey = nation.n_nationkey)"}]}]},{"Node Type": "Hash","Parent Relationship": "Inner","Parallel Aware": false,"Async Capable": false,"Startup Cost": 88158.53,"Total Cost": 88158.53,"Plan Rows": 2694,"Plan Width": 4,"Actual Startup Time": 910.089,"Actual Total Time": 910.098,"Actual Rows": 5983,"Actual Loops": 1,"Hash Buckets": 8192,"Original Hash Buckets": 4096,"Hash Batches": 1,"Original Hash Batches": 1,"Peak Memory Usage": 275,"Plans": [{"Node Type": "Nested Loop","Parent Relationship": "Outer","Parallel Aware": false,"Async Capable": false,"Join Type": "Inner","Startup Cost": 0.42,"Total Cost": 88158.53,"Plan Rows": 2694,"Plan Width": 4,"Actual Startup Time": 0.548,"Actual Total Time": 905.838,"Actual Rows": 5983,"Actual Loops": 1,"Inner Unique": false,"Plans": [{"Node Type": "Seq Scan","Parent Relationship": "Outer","Parallel Aware": false,"Async Capable": false,"Relation Name": "part","Alias": "part","Startup Cost": 0.00,"Total Cost": 6597.00,"Plan Rows": 2020,"Plan Width": 4,"Actual Startup Time": 0.162,"Actual Total Time": 199.886,"Actual Rows": 2178,"Actual Loops": 1,"Filter": "((p_name)::text ~~ 'salmon%'::text)","Rows Removed by Filter": 197822},{"Node Type": "Index Scan","Parent Relationship": "Inner","Parallel Aware": false,"Async Capable": false,"Scan Direction": "Forward","Index Name": "idx_partsupp_partkey","Relation Name": "partsupp","Alias": "partsupp","Startup Cost": 0.42,"Total Cost": 40.36,"Plan Rows": 1,"Plan Width": 8,"Actual Startup Time": 0.136,"Actual Total Time": 0.324,"Actual Rows": 3,"Actual Loops": 2178,"Index Cond": "(ps_partkey = part.p_partkey)","Rows Removed by Index Recheck": 0,"Filter": "((ps_availqty)::numeric > (SubPlan 1))","Rows Removed by Filter": 1,"Plans": [{"Node Type": "Aggregate","Strategy": "Plain","Partial Mode": "Simple","Parent Relationship": "SubPlan","Subplan Name": "SubPlan 1","Parallel Aware": false,"Async Capable": false,"Startup Cost": 8.46,"Total Cost": 8.47,"Plan Rows": 1,"Plan Width": 32,"Actual Startup Time": 0.072,"Actual Total Time": 0.072,"Actual Rows": 1,"Actual Loops": 8712,"Plans": [{"Node Type": "Index Scan","Parent Relationship": "Outer","Parallel Aware": false,"Async Capable": false,"Scan Direction": "Forward","Index Name": "idx_lineitem_part_supp","Relation Name": "lineitem","Alias": "lineitem","Startup Cost": 0.43,"Total Cost": 8.46,"Plan Rows": 0,"Plan Width": 5,"Actual Startup Time": 0.044,"Actual Total Time": 0.072,"Actual Rows": 1,"Actual Loops": 8712,"Index Cond": "((l_partkey = partsupp.ps_partkey) AND (l_suppkey = partsupp.ps_suppkey))","Rows Removed by Index Recheck": 0,"Filter": "((l_shipdate >= '1995-01-01'::date) AND (l_shipdate < '1996-01-01 00:00:00'::timestamp without time zone))","Rows Removed by Filter": 6}]}]}]}]}]}]},"Planning Time": 6.944,"Triggers": [],"Execution Time": 915.229}]
[{"Plan": {"Node Type": "Sort","Parallel Aware": false,"Async Capable": false,"Startup Cost": 88442.96,"Total Cost": 88443.23,"Plan Rows": 108,"Plan Width": 51,"Actual Startup Time": 968.983,"Actual Total Time": 969.022,"Actual Rows": 181,"Actual Loops": 1,"Sort Key": ["supplier.s_name"],"Sort Method": "quicksort","Sort Space Used": 41,"Sort Space Type": "Memory","Plans": [{"Node Type": "Hash Join","Parent Relationship": "Outer","Parallel Aware": false,"Async Capable": false,"Join Type": "Semi","Startup Cost": 88199.59,"Total Cost": 88439.31,"Plan Rows": 108,"Plan Width": 51,"Actual Startup Time": 964.981,"Actual Total Time": 968.664,"Actual Rows": 181,"Actual Loops": 1,"Inner Unique": false,"Hash Cond": "(supplier.s_suppkey = partsupp.ps_suppkey)","Plans": [{"Node Type": "Nested Loop","Parent Relationship": "Outer","Parallel Aware": false,"Async Capable": false,"Join Type": "Inner","Startup Cost": 7.38,"Total Cost": 244.58,"Plan Rows": 400,"Plan Width": 55,"Actual Startup Time": 0.255,"Actual Total Time": 3.890,"Actual Rows": 401,"Actual Loops": 1,"Inner Unique": false,"Plans": [{"Node Type": "Seq Scan","Parent Relationship": "Outer","Parallel Aware": false,"Async Capable": false,"Relation Name": "nation","Alias": "nation","Startup Cost": 0.00,"Total Cost": 1.31,"Plan Rows": 1,"Plan Width": 4,"Actual Startup Time": 0.066,"Actual Total Time": 0.082,"Actual Rows": 1,"Actual Loops": 1,"Filter": "(n_name = 'RUSSIA'::bpchar)","Rows Removed by Filter": 24},{"Node Type": "Bitmap Heap Scan","Parent Relationship": "Inner","Parallel Aware": false,"Async Capable": false,"Relation Name": "supplier","Alias": "supplier","Startup Cost": 7.38,"Total Cost": 239.27,"Plan Rows": 400,"Plan Width": 59,"Actual Startup Time": 0.185,"Actual Total Time": 3.737,"Actual Rows": 401,"Actual Loops": 1,"Recheck Cond": "(s_nationkey = nation.n_nationkey)","Rows Removed by Index Recheck": 0,"Exact Heap Blocks": 180,"Lossy Heap Blocks": 0,"Plans": [{"Node Type": "Bitmap Index Scan","Parent Relationship": "Outer","Parallel Aware": false,"Async Capable": false,"Index Name": "idx_supplier_nation_key","Startup Cost": 0.00,"Total Cost": 7.29,"Plan Rows": 400,"Plan Width": 0,"Actual Startup Time": 0.120,"Actual Total Time": 0.126,"Actual Rows": 401,"Actual Loops": 1,"Index Cond": "(s_nationkey = nation.n_nationkey)"}]}]},{"Node Type": "Hash","Parent Relationship": "Inner","Parallel Aware": false,"Async Capable": false,"Startup Cost": 88158.53,"Total Cost": 88158.53,"Plan Rows": 2694,"Plan Width": 4,"Actual Startup Time": 964.634,"Actual Total Time": 964.647,"Actual Rows": 5895,"Actual Loops": 1,"Hash Buckets": 8192,"Original Hash Buckets": 4096,"Hash Batches": 1,"Original Hash Batches": 1,"Peak Memory Usage": 272,"Plans": [{"Node Type": "Nested Loop","Parent Relationship": "Outer","Parallel Aware": false,"Async Capable": false,"Join Type": "Inner","Startup Cost": 0.42,"Total Cost": 88158.53,"Plan Rows": 2694,"Plan Width": 4,"Actual Startup Time": 0.548,"Actual Total Time": 960.500,"Actual Rows": 5895,"Actual Loops": 1,"Inner Unique": false,"Plans": [{"Node Type": "Seq Scan","Parent Relationship": "Outer","Parallel Aware": false,"Async Capable": false,"Relation Name": "part","Alias": "part","Startup Cost": 0.00,"Total Cost": 6597.00,"Plan Rows": 2020,"Plan Width": 4,"Actual Startup Time": 0.059,"Actual Total Time": 180.574,"Actual Rows": 2158,"Actual Loops": 1,"Filter": "((p_name)::text ~~ 'lemon%'::text)","Rows Removed by Filter": 197842},{"Node Type": "Index Scan","Parent Relationship": "Inner","Parallel Aware": false,"Async Capable": false,"Scan Direction": "Forward","Index Name": "idx_partsupp_partkey","Relation Name": "partsupp","Alias": "partsupp","Startup Cost": 0.42,"Total Cost": 40.36,"Plan Rows": 1,"Plan Width": 8,"Actual Startup Time": 0.151,"Actual Total Time": 0.361,"Actual Rows": 3,"Actual Loops": 2158,"Index Cond": "(ps_partkey = part.p_partkey)","Rows Removed by Index Recheck": 0,"Filter": "((ps_availqty)::numeric > (SubPlan 1))","Rows Removed by Filter": 1,"Plans": [{"Node Type": "Aggregate","Strategy": "Plain","Partial Mode": "Simple","Parent Relationship": "SubPlan","Subplan Name": "SubPlan 1","Parallel Aware": false,"Async Capable": false,"Startup Cost": 8.46,"Total Cost": 8.47,"Plan Rows": 1,"Plan Width": 32,"Actual Startup Time": 0.082,"Actual Total Time": 0.082,"Actual Rows": 1,"Actual Loops": 8632,"Plans": [{"Node Type": "Index Scan","Parent Relationship": "Outer","Parallel Aware": false,"Async Capable": false,"Scan Direction": "Forward","Index Name": "idx_lineitem_part_supp","Relation Name": "lineitem","Alias": "lineitem","Startup Cost": 0.43,"Total Cost": 8.46,"Plan Rows": 0,"Plan Width": 5,"Actual Startup Time": 0.050,"Actual Total Time": 0.081,"Actual Rows": 1,"Actual Loops": 8632,"Index Cond": "((l_partkey = partsupp.ps_partkey) AND (l_suppkey = partsupp.ps_suppkey))","Rows Removed by Index Recheck": 0,"Filter": "((l_shipdate >= '1995-01-01'::date) AND (l_shipdate < '1996-01-01 00:00:00'::timestamp without time zone))","Rows Removed by Filter": 6}]}]}]}]}]}]},"Planning Time": 7.232,"Triggers": [],"Execution Time": 969.282}]
[{"Plan": {"Node Type": "Sort","Parallel Aware": false,"Async Capable": false,"Startup Cost": 88442.96,"Total Cost": 88443.23,"Plan Rows": 108,"Plan Width": 51,"Actual Startup Time": 967.841,"Actual Total Time": 967.881,"Actual Rows": 192,"Actual Loops": 1,"Sort Key": ["supplier.s_name"],"Sort Method": "quicksort","Sort Space Used": 43,"Sort Space Type": "Memory","Plans": [{"Node Type": "Hash Join","Parent Relationship": "Outer","Parallel Aware": false,"Async Capable": false,"Join Type": "Semi","Startup Cost": 88199.59,"Total Cost": 88439.31,"Plan Rows": 108,"Plan Width": 51,"Actual Startup Time": 963.206,"Actual Total Time": 967.369,"Actual Rows": 192,"Actual Loops": 1,"Inner Unique": false,"Hash Cond": "(supplier.s_suppkey = partsupp.ps_suppkey)","Plans": [{"Node Type": "Nested Loop","Parent Relationship": "Outer","Parallel Aware": false,"Async Capable": false,"Join Type": "Inner","Startup Cost": 7.38,"Total Cost": 244.58,"Plan Rows": 400,"Plan Width": 55,"Actual Startup Time": 0.264,"Actual Total Time": 4.297,"Actual Rows": 397,"Actual Loops": 1,"Inner Unique": false,"Plans": [{"Node Type": "Seq Scan","Parent Relationship": "Outer","Parallel Aware": false,"Async Capable": false,"Relation Name": "nation","Alias": "nation","Startup Cost": 0.00,"Total Cost": 1.31,"Plan Rows": 1,"Plan Width": 4,"Actual Startup Time": 0.059,"Actual Total Time": 0.083,"Actual Rows": 1,"Actual Loops": 1,"Filter": "(n_name = 'BRAZIL'::bpchar)","Rows Removed by Filter": 24},{"Node Type": "Bitmap Heap Scan","Parent Relationship": "Inner","Parallel Aware": false,"Async Capable": false,"Relation Name": "supplier","Alias": "supplier","Startup Cost": 7.38,"Total Cost": 239.27,"Plan Rows": 400,"Plan Width": 59,"Actual Startup Time": 0.197,"Actual Total Time": 4.143,"Actual Rows": 397,"Actual Loops": 1,"Recheck Cond": "(s_nationkey = nation.n_nationkey)","Rows Removed by Index Recheck": 0,"Exact Heap Blocks": 187,"Lossy Heap Blocks": 0,"Plans": [{"Node Type": "Bitmap Index Scan","Parent Relationship": "Outer","Parallel Aware": false,"Async Capable": false,"Index Name": "idx_supplier_nation_key","Startup Cost": 0.00,"Total Cost": 7.29,"Plan Rows": 400,"Plan Width": 0,"Actual Startup Time": 0.126,"Actual Total Time": 0.129,"Actual Rows": 397,"Actual Loops": 1,"Index Cond": "(s_nationkey = nation.n_nationkey)"}]}]},{"Node Type": "Hash","Parent Relationship": "Inner","Parallel Aware": false,"Async Capable": false,"Startup Cost": 88158.53,"Total Cost": 88158.53,"Plan Rows": 2694,"Plan Width": 4,"Actual Startup Time": 962.876,"Actual Total Time": 962.886,"Actual Rows": 5980,"Actual Loops": 1,"Hash Buckets": 8192,"Original Hash Buckets": 4096,"Hash Batches": 1,"Original Hash Batches": 1,"Peak Memory Usage": 275,"Plans": [{"Node Type": "Nested Loop","Parent Relationship": "Outer","Parallel Aware": false,"Async Capable": false,"Join Type": "Inner","Startup Cost": 0.42,"Total Cost": 88158.53,"Plan Rows": 2694,"Plan Width": 4,"Actual Startup Time": 0.554,"Actual Total Time": 958.851,"Actual Rows": 5980,"Actual Loops": 1,"Inner Unique": false,"Plans": [{"Node Type": "Seq Scan","Parent Relationship": "Outer","Parallel Aware": false,"Async Capable": false,"Relation Name": "part","Alias": "part","Startup Cost": 0.00,"Total Cost": 6597.00,"Plan Rows": 2020,"Plan Width": 4,"Actual Startup Time": 0.089,"Actual Total Time": 177.429,"Actual Rows": 2194,"Actual Loops": 1,"Filter": "((p_name)::text ~~ 'midnight%'::text)","Rows Removed by Filter": 197806},{"Node Type": "Index Scan","Parent Relationship": "Inner","Parallel Aware": false,"Async Capable": false,"Scan Direction": "Forward","Index Name": "idx_partsupp_partkey","Relation Name": "partsupp","Alias": "partsupp","Startup Cost": 0.42,"Total Cost": 40.36,"Plan Rows": 1,"Plan Width": 8,"Actual Startup Time": 0.150,"Actual Total Time": 0.356,"Actual Rows": 3,"Actual Loops": 2194,"Index Cond": "(ps_partkey = part.p_partkey)","Rows Removed by Index Recheck": 0,"Filter": "((ps_availqty)::numeric > (SubPlan 1))","Rows Removed by Filter": 1,"Plans": [{"Node Type": "Aggregate","Strategy": "Plain","Partial Mode": "Simple","Parent Relationship": "SubPlan","Subplan Name": "SubPlan 1","Parallel Aware": false,"Async Capable": false,"Startup Cost": 8.46,"Total Cost": 8.47,"Plan Rows": 1,"Plan Width": 32,"Actual Startup Time": 0.081,"Actual Total Time": 0.081,"Actual Rows": 1,"Actual Loops": 8776,"Plans": [{"Node Type": "Index Scan","Parent Relationship": "Outer","Parallel Aware": false,"Async Capable": false,"Scan Direction": "Forward","Index Name": "idx_lineitem_part_supp","Relation Name": "lineitem","Alias": "lineitem","Startup Cost": 0.43,"Total Cost": 8.46,"Plan Rows": 0,"Plan Width": 5,"Actual Startup Time": 0.049,"Actual Total Time": 0.080,"Actual Rows": 1,"Actual Loops": 8776,"Index Cond": "((l_partkey = partsupp.ps_partkey) AND (l_suppkey = partsupp.ps_suppkey))","Rows Removed by Index Recheck": 0,"Filter": "((l_shipdate >= '1994-01-01'::date) AND (l_shipdate < '1995-01-01 00:00:00'::timestamp without time zone))","Rows Removed by Filter": 6}]}]}]}]}]}]},"Planning Time": 7.389,"Triggers": [],"Execution Time": 968.148}]
[{"Plan": {"Node Type": "Sort","Parallel Aware": false,"Async Capable": false,"Startup Cost": 88442.96,"Total Cost": 88443.23,"Plan Rows": 108,"Plan Width": 51,"Actual Startup Time": 888.325,"Actual Total Time": 888.369,"Actual Rows": 186,"Actual Loops": 1,"Sort Key": ["supplier.s_name"],"Sort Method": "quicksort","Sort Space Used": 42,"Sort Space Type": "Memory","Plans": [{"Node Type": "Hash Join","Parent Relationship": "Outer","Parallel Aware": false,"Async Capable": false,"Join Type": "Semi","Startup Cost": 88199.59,"Total Cost": 88439.31,"Plan Rows": 108,"Plan Width": 51,"Actual Startup Time": 884.106,"Actual Total Time": 887.772,"Actual Rows": 186,"Actual Loops": 1,"Inner Unique": false,"Hash Cond": "(supplier.s_suppkey = partsupp.ps_suppkey)","Plans": [{"Node Type": "Nested Loop","Parent Relationship": "Outer","Parallel Aware": false,"Async Capable": false,"Join Type": "Inner","Startup Cost": 7.38,"Total Cost": 244.58,"Plan Rows": 400,"Plan Width": 55,"Actual Startup Time": 0.239,"Actual Total Time": 3.819,"Actual Rows": 402,"Actual Loops": 1,"Inner Unique": false,"Plans": [{"Node Type": "Seq Scan","Parent Relationship": "Outer","Parallel Aware": false,"Async Capable": false,"Relation Name": "nation","Alias": "nation","Startup Cost": 0.00,"Total Cost": 1.31,"Plan Rows": 1,"Plan Width": 4,"Actual Startup Time": 0.068,"Actual Total Time": 0.097,"Actual Rows": 1,"Actual Loops": 1,"Filter": "(n_name = 'FRANCE'::bpchar)","Rows Removed by Filter": 24},{"Node Type": "Bitmap Heap Scan","Parent Relationship": "Inner","Parallel Aware": false,"Async Capable": false,"Relation Name": "supplier","Alias": "supplier","Startup Cost": 7.38,"Total Cost": 239.27,"Plan Rows": 400,"Plan Width": 59,"Actual Startup Time": 0.168,"Actual Total Time": 3.658,"Actual Rows": 402,"Actual Loops": 1,"Recheck Cond": "(s_nationkey = nation.n_nationkey)","Rows Removed by Index Recheck": 0,"Exact Heap Blocks": 184,"Lossy Heap Blocks": 0,"Plans": [{"Node Type": "Bitmap Index Scan","Parent Relationship": "Outer","Parallel Aware": false,"Async Capable": false,"Index Name": "idx_supplier_nation_key","Startup Cost": 0.00,"Total Cost": 7.29,"Plan Rows": 400,"Plan Width": 0,"Actual Startup Time": 0.104,"Actual Total Time": 0.108,"Actual Rows": 402,"Actual Loops": 1,"Index Cond": "(s_nationkey = nation.n_nationkey)"}]}]},{"Node Type": "Hash","Parent Relationship": "Inner","Parallel Aware": false,"Async Capable": false,"Startup Cost": 88158.53,"Total Cost": 88158.53,"Plan Rows": 2694,"Plan Width": 4,"Actual Startup Time": 883.802,"Actual Total Time": 883.813,"Actual Rows": 5921,"Actual Loops": 1,"Hash Buckets": 8192,"Original Hash Buckets": 4096,"Hash Batches": 1,"Original Hash Batches": 1,"Peak Memory Usage": 273,"Plans": [{"Node Type": "Nested Loop","Parent Relationship": "Outer","Parallel Aware": false,"Async Capable": false,"Join Type": "Inner","Startup Cost": 0.42,"Total Cost": 88158.53,"Plan Rows": 2694,"Plan Width": 4,"Actual Startup Time": 0.450,"Actual Total Time": 879.154,"Actual Rows": 5921,"Actual Loops": 1,"Inner Unique": false,"Plans": [{"Node Type": "Seq Scan","Parent Relationship": "Outer","Parallel Aware": false,"Async Capable": false,"Relation Name": "part","Alias": "part","Startup Cost": 0.00,"Total Cost": 6597.00,"Plan Rows": 2020,"Plan Width": 4,"Actual Startup Time": 0.041,"Actual Total Time": 194.335,"Actual Rows": 2152,"Actual Loops": 1,"Filter": "((p_name)::text ~~ 'cornflower%'::text)","Rows Removed by Filter": 197848},{"Node Type": "Index Scan","Parent Relationship": "Inner","Parallel Aware": false,"Async Capable": false,"Scan Direction": "Forward","Index Name": "idx_partsupp_partkey","Relation Name": "partsupp","Alias": "partsupp","Startup Cost": 0.42,"Total Cost": 40.36,"Plan Rows": 1,"Plan Width": 8,"Actual Startup Time": 0.133,"Actual Total Time": 0.318,"Actual Rows": 3,"Actual Loops": 2152,"Index Cond": "(ps_partkey = part.p_partkey)","Rows Removed by Index Recheck": 0,"Filter": "((ps_availqty)::numeric > (SubPlan 1))","Rows Removed by Filter": 1,"Plans": [{"Node Type": "Aggregate","Strategy": "Plain","Partial Mode": "Simple","Parent Relationship": "SubPlan","Subplan Name": "SubPlan 1","Parallel Aware": false,"Async Capable": false,"Startup Cost": 8.46,"Total Cost": 8.47,"Plan Rows": 1,"Plan Width": 32,"Actual Startup Time": 0.071,"Actual Total Time": 0.071,"Actual Rows": 1,"Actual Loops": 8608,"Plans": [{"Node Type": "Index Scan","Parent Relationship": "Outer","Parallel Aware": false,"Async Capable": false,"Scan Direction": "Forward","Index Name": "idx_lineitem_part_supp","Relation Name": "lineitem","Alias": "lineitem","Startup Cost": 0.43,"Total Cost": 8.46,"Plan Rows": 0,"Plan Width": 5,"Actual Startup Time": 0.043,"Actual Total Time": 0.070,"Actual Rows": 1,"Actual Loops": 8608,"Index Cond": "((l_partkey = partsupp.ps_partkey) AND (l_suppkey = partsupp.ps_suppkey))","Rows Removed by Index Recheck": 0,"Filter": "((l_shipdate >= '1993-01-01'::date) AND (l_shipdate < '1994-01-01 00:00:00'::timestamp without time zone))","Rows Removed by Filter": 6}]}]}]}]}]}]},"Planning Time": 5.971,"Triggers": [],"Execution Time": 888.625}]
[{"Plan": {"Node Type": "Sort","Parallel Aware": false,"Async Capable": false,"Startup Cost": 88442.96,"Total Cost": 88443.23,"Plan Rows": 108,"Plan Width": 51,"Actual Startup Time": 946.314,"Actual Total Time": 946.344,"Actual Rows": 192,"Actual Loops": 1,"Sort Key": ["supplier.s_name"],"Sort Method": "quicksort","Sort Space Used": 43,"Sort Space Type": "Memory","Plans": [{"Node Type": "Hash Join","Parent Relationship": "Outer","Parallel Aware": false,"Async Capable": false,"Join Type": "Semi","Startup Cost": 88199.59,"Total Cost": 88439.31,"Plan Rows": 108,"Plan Width": 51,"Actual Startup Time": 941.806,"Actual Total Time": 945.932,"Actual Rows": 192,"Actual Loops": 1,"Inner Unique": false,"Hash Cond": "(supplier.s_suppkey = partsupp.ps_suppkey)","Plans": [{"Node Type": "Nested Loop","Parent Relationship": "Outer","Parallel Aware": false,"Async Capable": false,"Join Type": "Inner","Startup Cost": 7.38,"Total Cost": 244.58,"Plan Rows": 400,"Plan Width": 55,"Actual Startup Time": 0.257,"Actual Total Time": 4.305,"Actual Rows": 390,"Actual Loops": 1,"Inner Unique": false,"Plans": [{"Node Type": "Seq Scan","Parent Relationship": "Outer","Parallel Aware": false,"Async Capable": false,"Relation Name": "nation","Alias": "nation","Startup Cost": 0.00,"Total Cost": 1.31,"Plan Rows": 1,"Plan Width": 4,"Actual Startup Time": 0.070,"Actual Total Time": 0.093,"Actual Rows": 1,"Actual Loops": 1,"Filter": "(n_name = 'UNITED KINGDOM'::bpchar)","Rows Removed by Filter": 24},{"Node Type": "Bitmap Heap Scan","Parent Relationship": "Inner","Parallel Aware": false,"Async Capable": false,"Relation Name": "supplier","Alias": "supplier","Startup Cost": 7.38,"Total Cost": 239.27,"Plan Rows": 400,"Plan Width": 59,"Actual Startup Time": 0.180,"Actual Total Time": 4.139,"Actual Rows": 390,"Actual Loops": 1,"Recheck Cond": "(s_nationkey = nation.n_nationkey)","Rows Removed by Index Recheck": 0,"Exact Heap Blocks": 190,"Lossy Heap Blocks": 0,"Plans": [{"Node Type": "Bitmap Index Scan","Parent Relationship": "Outer","Parallel Aware": false,"Async Capable": false,"Index Name": "idx_supplier_nation_key","Startup Cost": 0.00,"Total Cost": 7.29,"Plan Rows": 400,"Plan Width": 0,"Actual Startup Time": 0.117,"Actual Total Time": 0.120,"Actual Rows": 390,"Actual Loops": 1,"Index Cond": "(s_nationkey = nation.n_nationkey)"}]}]},{"Node Type": "Hash","Parent Relationship": "Inner","Parallel Aware": false,"Async Capable": false,"Startup Cost": 88158.53,"Total Cost": 88158.53,"Plan Rows": 2694,"Plan Width": 4,"Actual Startup Time": 941.445,"Actual Total Time": 941.451,"Actual Rows": 6107,"Actual Loops": 1,"Hash Buckets": 8192,"Original Hash Buckets": 4096,"Hash Batches": 1,"Original Hash Batches": 1,"Peak Memory Usage": 279,"Plans": [{"Node Type": "Nested Loop","Parent Relationship": "Outer","Parallel Aware": false,"Async Capable": false,"Join Type": "Inner","Startup Cost": 0.42,"Total Cost": 88158.53,"Plan Rows": 2694,"Plan Width": 4,"Actual Startup Time": 0.561,"Actual Total Time": 936.169,"Actual Rows": 6107,"Actual Loops": 1,"Inner Unique": false,"Plans": [{"Node Type": "Seq Scan","Parent Relationship": "Outer","Parallel Aware": false,"Async Capable": false,"Relation Name": "part","Alias": "part","Startup Cost": 0.00,"Total Cost": 6597.00,"Plan Rows": 2020,"Plan Width": 4,"Actual Startup Time": 0.073,"Actual Total Time": 202.215,"Actual Rows": 2255,"Actual Loops": 1,"Filter": "((p_name)::text ~~ 'navajo%'::text)","Rows Removed by Filter": 197745},{"Node Type": "Index Scan","Parent Relationship": "Inner","Parallel Aware": false,"Async Capable": false,"Scan Direction": "Forward","Index Name": "idx_partsupp_partkey","Relation Name": "partsupp","Alias": "partsupp","Startup Cost": 0.42,"Total Cost": 40.36,"Plan Rows": 1,"Plan Width": 8,"Actual Startup Time": 0.139,"Actual Total Time": 0.325,"Actual Rows": 3,"Actual Loops": 2255,"Index Cond": "(ps_partkey = part.p_partkey)","Rows Removed by Index Recheck": 0,"Filter": "((ps_availqty)::numeric > (SubPlan 1))","Rows Removed by Filter": 1,"Plans": [{"Node Type": "Aggregate","Strategy": "Plain","Partial Mode": "Simple","Parent Relationship": "SubPlan","Subplan Name": "SubPlan 1","Parallel Aware": false,"Async Capable": false,"Startup Cost": 8.46,"Total Cost": 8.47,"Plan Rows": 1,"Plan Width": 32,"Actual Startup Time": 0.073,"Actual Total Time": 0.073,"Actual Rows": 1,"Actual Loops": 9020,"Plans": [{"Node Type": "Index Scan","Parent Relationship": "Outer","Parallel Aware": false,"Async Capable": false,"Scan Direction": "Forward","Index Name": "idx_lineitem_part_supp","Relation Name": "lineitem","Alias": "lineitem","Startup Cost": 0.43,"Total Cost": 8.46,"Plan Rows": 0,"Plan Width": 5,"Actual Startup Time": 0.044,"Actual Total Time": 0.072,"Actual Rows": 1,"Actual Loops": 9020,"Index Cond": "((l_partkey = partsupp.ps_partkey) AND (l_suppkey = partsupp.ps_suppkey))","Rows Removed by Index Recheck": 0,"Filter": "((l_shipdate >= '1994-01-01'::date) AND (l_shipdate < '1995-01-01 00:00:00'::timestamp without time zone))","Rows Removed by Filter": 6}]}]}]}]}]}]},"Planning Time": 6.080,"Triggers": [],"Execution Time": 946.607}]
[{"Plan": {"Node Type": "Sort","Parallel Aware": false,"Async Capable": false,"Startup Cost": 88442.96,"Total Cost": 88443.23,"Plan Rows": 108,"Plan Width": 51,"Actual Startup Time": 904.134,"Actual Total Time": 904.176,"Actual Rows": 169,"Actual Loops": 1,"Sort Key": ["supplier.s_name"],"Sort Method": "quicksort","Sort Space Used": 40,"Sort Space Type": "Memory","Plans": [{"Node Type": "Hash Join","Parent Relationship": "Outer","Parallel Aware": false,"Async Capable": false,"Join Type": "Semi","Startup Cost": 88199.59,"Total Cost": 88439.31,"Plan Rows": 108,"Plan Width": 51,"Actual Startup Time": 899.910,"Actual Total Time": 903.636,"Actual Rows": 169,"Actual Loops": 1,"Inner Unique": false,"Hash Cond": "(supplier.s_suppkey = partsupp.ps_suppkey)","Plans": [{"Node Type": "Nested Loop","Parent Relationship": "Outer","Parallel Aware": false,"Async Capable": false,"Join Type": "Inner","Startup Cost": 7.38,"Total Cost": 244.58,"Plan Rows": 400,"Plan Width": 55,"Actual Startup Time": 0.235,"Actual Total Time": 3.889,"Actual Rows": 393,"Actual Loops": 1,"Inner Unique": false,"Plans": [{"Node Type": "Seq Scan","Parent Relationship": "Outer","Parallel Aware": false,"Async Capable": false,"Relation Name": "nation","Alias": "nation","Startup Cost": 0.00,"Total Cost": 1.31,"Plan Rows": 1,"Plan Width": 4,"Actual Startup Time": 0.079,"Actual Total Time": 0.087,"Actual Rows": 1,"Actual Loops": 1,"Filter": "(n_name = 'UNITED STATES'::bpchar)","Rows Removed by Filter": 24},{"Node Type": "Bitmap Heap Scan","Parent Relationship": "Inner","Parallel Aware": false,"Async Capable": false,"Relation Name": "supplier","Alias": "supplier","Startup Cost": 7.38,"Total Cost": 239.27,"Plan Rows": 400,"Plan Width": 59,"Actual Startup Time": 0.153,"Actual Total Time": 3.743,"Actual Rows": 393,"Actual Loops": 1,"Recheck Cond": "(s_nationkey = nation.n_nationkey)","Rows Removed by Index Recheck": 0,"Exact Heap Blocks": 181,"Lossy Heap Blocks": 0,"Plans": [{"Node Type": "Bitmap Index Scan","Parent Relationship": "Outer","Parallel Aware": false,"Async Capable": false,"Index Name": "idx_supplier_nation_key","Startup Cost": 0.00,"Total Cost": 7.29,"Plan Rows": 400,"Plan Width": 0,"Actual Startup Time": 0.097,"Actual Total Time": 0.102,"Actual Rows": 393,"Actual Loops": 1,"Index Cond": "(s_nationkey = nation.n_nationkey)"}]}]},{"Node Type": "Hash","Parent Relationship": "Inner","Parallel Aware": false,"Async Capable": false,"Startup Cost": 88158.53,"Total Cost": 88158.53,"Plan Rows": 2694,"Plan Width": 4,"Actual Startup Time": 899.587,"Actual Total Time": 899.597,"Actual Rows": 5763,"Actual Loops": 1,"Hash Buckets": 8192,"Original Hash Buckets": 4096,"Hash Batches": 1,"Original Hash Batches": 1,"Peak Memory Usage": 267,"Plans": [{"Node Type": "Nested Loop","Parent Relationship": "Outer","Parallel Aware": false,"Async Capable": false,"Join Type": "Inner","Startup Cost": 0.42,"Total Cost": 88158.53,"Plan Rows": 2694,"Plan Width": 4,"Actual Startup Time": 0.878,"Actual Total Time": 894.810,"Actual Rows": 5763,"Actual Loops": 1,"Inner Unique": false,"Plans": [{"Node Type": "Seq Scan","Parent Relationship": "Outer","Parallel Aware": false,"Async Capable": false,"Relation Name": "part","Alias": "part","Startup Cost": 0.00,"Total Cost": 6597.00,"Plan Rows": 2020,"Plan Width": 4,"Actual Startup Time": 0.097,"Actual Total Time": 201.655,"Actual Rows": 2123,"Actual Loops": 1,"Filter": "((p_name)::text ~~ 'light%'::text)","Rows Removed by Filter": 197877},{"Node Type": "Index Scan","Parent Relationship": "Inner","Parallel Aware": false,"Async Capable": false,"Scan Direction": "Forward","Index Name": "idx_partsupp_partkey","Relation Name": "partsupp","Alias": "partsupp","Startup Cost": 0.42,"Total Cost": 40.36,"Plan Rows": 1,"Plan Width": 8,"Actual Startup Time": 0.138,"Actual Total Time": 0.326,"Actual Rows": 3,"Actual Loops": 2123,"Index Cond": "(ps_partkey = part.p_partkey)","Rows Removed by Index Recheck": 0,"Filter": "((ps_availqty)::numeric > (SubPlan 1))","Rows Removed by Filter": 1,"Plans": [{"Node Type": "Aggregate","Strategy": "Plain","Partial Mode": "Simple","Parent Relationship": "SubPlan","Subplan Name": "SubPlan 1","Parallel Aware": false,"Async Capable": false,"Startup Cost": 8.46,"Total Cost": 8.47,"Plan Rows": 1,"Plan Width": 32,"Actual Startup Time": 0.073,"Actual Total Time": 0.073,"Actual Rows": 1,"Actual Loops": 8492,"Plans": [{"Node Type": "Index Scan","Parent Relationship": "Outer","Parallel Aware": false,"Async Capable": false,"Scan Direction": "Forward","Index Name": "idx_lineitem_part_supp","Relation Name": "lineitem","Alias": "lineitem","Startup Cost": 0.43,"Total Cost": 8.46,"Plan Rows": 0,"Plan Width": 5,"Actual Startup Time": 0.045,"Actual Total Time": 0.072,"Actual Rows": 1,"Actual Loops": 8492,"Index Cond": "((l_partkey = partsupp.ps_partkey) AND (l_suppkey = partsupp.ps_suppkey))","Rows Removed by Index Recheck": 0,"Filter": "((l_shipdate >= '1994-01-01'::date) AND (l_shipdate < '1995-01-01 00:00:00'::timestamp without time zone))","Rows Removed by Filter": 6}]}]}]}]}]}]},"Planning Time": 5.965,"Triggers": [],"Execution Time": 904.464}]
[{"Plan": {"Node Type": "Sort","Parallel Aware": false,"Async Capable": false,"Startup Cost": 88442.96,"Total Cost": 88443.23,"Plan Rows": 108,"Plan Width": 51,"Actual Startup Time": 888.102,"Actual Total Time": 888.136,"Actual Rows": 177,"Actual Loops": 1,"Sort Key": ["supplier.s_name"],"Sort Method": "quicksort","Sort Space Used": 41,"Sort Space Type": "Memory","Plans": [{"Node Type": "Hash Join","Parent Relationship": "Outer","Parallel Aware": false,"Async Capable": false,"Join Type": "Semi","Startup Cost": 88199.59,"Total Cost": 88439.31,"Plan Rows": 108,"Plan Width": 51,"Actual Startup Time": 883.565,"Actual Total Time": 887.779,"Actual Rows": 177,"Actual Loops": 1,"Inner Unique": false,"Hash Cond": "(supplier.s_suppkey = partsupp.ps_suppkey)","Plans": [{"Node Type": "Nested Loop","Parent Relationship": "Outer","Parallel Aware": false,"Async Capable": false,"Join Type": "Inner","Startup Cost": 7.38,"Total Cost": 244.58,"Plan Rows": 400,"Plan Width": 55,"Actual Startup Time": 0.332,"Actual Total Time": 4.414,"Actual Rows": 373,"Actual Loops": 1,"Inner Unique": false,"Plans": [{"Node Type": "Seq Scan","Parent Relationship": "Outer","Parallel Aware": false,"Async Capable": false,"Relation Name": "nation","Alias": "nation","Startup Cost": 0.00,"Total Cost": 1.31,"Plan Rows": 1,"Plan Width": 4,"Actual Startup Time": 0.086,"Actual Total Time": 0.109,"Actual Rows": 1,"Actual Loops": 1,"Filter": "(n_name = 'MOROCCO'::bpchar)","Rows Removed by Filter": 24},{"Node Type": "Bitmap Heap Scan","Parent Relationship": "Inner","Parallel Aware": false,"Async Capable": false,"Relation Name": "supplier","Alias": "supplier","Startup Cost": 7.38,"Total Cost": 239.27,"Plan Rows": 400,"Plan Width": 59,"Actual Startup Time": 0.237,"Actual Total Time": 4.245,"Actual Rows": 373,"Actual Loops": 1,"Recheck Cond": "(s_nationkey = nation.n_nationkey)","Rows Removed by Index Recheck": 0,"Exact Heap Blocks": 180,"Lossy Heap Blocks": 0,"Plans": [{"Node Type": "Bitmap Index Scan","Parent Relationship": "Outer","Parallel Aware": false,"Async Capable": false,"Index Name": "idx_supplier_nation_key","Startup Cost": 0.00,"Total Cost": 7.29,"Plan Rows": 400,"Plan Width": 0,"Actual Startup Time": 0.157,"Actual Total Time": 0.160,"Actual Rows": 373,"Actual Loops": 1,"Index Cond": "(s_nationkey = nation.n_nationkey)"}]}]},{"Node Type": "Hash","Parent Relationship": "Inner","Parallel Aware": false,"Async Capable": false,"Startup Cost": 88158.53,"Total Cost": 88158.53,"Plan Rows": 2694,"Plan Width": 4,"Actual Startup Time": 883.170,"Actual Total Time": 883.183,"Actual Rows": 5567,"Actual Loops": 1,"Hash Buckets": 8192,"Original Hash Buckets": 4096,"Hash Batches": 1,"Original Hash Batches": 1,"Peak Memory Usage": 260,"Plans": [{"Node Type": "Nested Loop","Parent Relationship": "Outer","Parallel Aware": false,"Async Capable": false,"Join Type": "Inner","Startup Cost": 0.42,"Total Cost": 88158.53,"Plan Rows": 2694,"Plan Width": 4,"Actual Startup Time": 0.614,"Actual Total Time": 878.807,"Actual Rows": 5567,"Actual Loops": 1,"Inner Unique": false,"Plans": [{"Node Type": "Seq Scan","Parent Relationship": "Outer","Parallel Aware": false,"Async Capable": false,"Relation Name": "part","Alias": "part","Startup Cost": 0.00,"Total Cost": 6597.00,"Plan Rows": 2020,"Plan Width": 4,"Actual Startup Time": 0.100,"Actual Total Time": 200.587,"Actual Rows": 2071,"Actual Loops": 1,"Filter": "((p_name)::text ~~ 'honeydew%'::text)","Rows Removed by Filter": 197929},{"Node Type": "Index Scan","Parent Relationship": "Inner","Parallel Aware": false,"Async Capable": false,"Scan Direction": "Forward","Index Name": "idx_partsupp_partkey","Relation Name": "partsupp","Alias": "partsupp","Startup Cost": 0.42,"Total Cost": 40.36,"Plan Rows": 1,"Plan Width": 8,"Actual Startup Time": 0.141,"Actual Total Time": 0.327,"Actual Rows": 3,"Actual Loops": 2071,"Index Cond": "(ps_partkey = part.p_partkey)","Rows Removed by Index Recheck": 0,"Filter": "((ps_availqty)::numeric > (SubPlan 1))","Rows Removed by Filter": 1,"Plans": [{"Node Type": "Aggregate","Strategy": "Plain","Partial Mode": "Simple","Parent Relationship": "SubPlan","Subplan Name": "SubPlan 1","Parallel Aware": false,"Async Capable": false,"Startup Cost": 8.46,"Total Cost": 8.47,"Plan Rows": 1,"Plan Width": 32,"Actual Startup Time": 0.073,"Actual Total Time": 0.073,"Actual Rows": 1,"Actual Loops": 8284,"Plans": [{"Node Type": "Index Scan","Parent Relationship": "Outer","Parallel Aware": false,"Async Capable": false,"Scan Direction": "Forward","Index Name": "idx_lineitem_part_supp","Relation Name": "lineitem","Alias": "lineitem","Startup Cost": 0.43,"Total Cost": 8.46,"Plan Rows": 0,"Plan Width": 5,"Actual Startup Time": 0.045,"Actual Total Time": 0.073,"Actual Rows": 1,"Actual Loops": 8284,"Index Cond": "((l_partkey = partsupp.ps_partkey) AND (l_suppkey = partsupp.ps_suppkey))","Rows Removed by Index Recheck": 0,"Filter": "((l_shipdate >= '1995-01-01'::date) AND (l_shipdate < '1996-01-01 00:00:00'::timestamp without time zone))","Rows Removed by Filter": 6}]}]}]}]}]}]},"Planning Time": 7.130,"Triggers": [],"Execution Time": 888.411}]
[{"Plan": {"Node Type": "Sort","Parallel Aware": false,"Async Capable": false,"Startup Cost": 88442.96,"Total Cost": 88443.23,"Plan Rows": 108,"Plan Width": 51,"Actual Startup Time": 975.342,"Actual Total Time": 975.386,"Actual Rows": 191,"Actual Loops": 1,"Sort Key": ["supplier.s_name"],"Sort Method": "quicksort","Sort Space Used": 42,"Sort Space Type": "Memory","Plans": [{"Node Type": "Hash Join","Parent Relationship": "Outer","Parallel Aware": false,"Async Capable": false,"Join Type": "Semi","Startup Cost": 88199.59,"Total Cost": 88439.31,"Plan Rows": 108,"Plan Width": 51,"Actual Startup Time": 970.941,"Actual Total Time": 975.010,"Actual Rows": 191,"Actual Loops": 1,"Inner Unique": false,"Hash Cond": "(supplier.s_suppkey = partsupp.ps_suppkey)","Plans": [{"Node Type": "Nested Loop","Parent Relationship": "Outer","Parallel Aware": false,"Async Capable": false,"Join Type": "Inner","Startup Cost": 7.38,"Total Cost": 244.58,"Plan Rows": 400,"Plan Width": 55,"Actual Startup Time": 0.320,"Actual Total Time": 4.337,"Actual Rows": 421,"Actual Loops": 1,"Inner Unique": false,"Plans": [{"Node Type": "Seq Scan","Parent Relationship": "Outer","Parallel Aware": false,"Async Capable": false,"Relation Name": "nation","Alias": "nation","Startup Cost": 0.00,"Total Cost": 1.31,"Plan Rows": 1,"Plan Width": 4,"Actual Startup Time": 0.069,"Actual Total Time": 0.093,"Actual Rows": 1,"Actual Loops": 1,"Filter": "(n_name = 'PERU'::bpchar)","Rows Removed by Filter": 24},{"Node Type": "Bitmap Heap Scan","Parent Relationship": "Inner","Parallel Aware": false,"Async Capable": false,"Relation Name": "supplier","Alias": "supplier","Startup Cost": 7.38,"Total Cost": 239.27,"Plan Rows": 400,"Plan Width": 59,"Actual Startup Time": 0.247,"Actual Total Time": 4.174,"Actual Rows": 421,"Actual Loops": 1,"Recheck Cond": "(s_nationkey = nation.n_nationkey)","Rows Removed by Index Recheck": 0,"Exact Heap Blocks": 187,"Lossy Heap Blocks": 0,"Plans": [{"Node Type": "Bitmap Index Scan","Parent Relationship": "Outer","Parallel Aware": false,"Async Capable": false,"Index Name": "idx_supplier_nation_key","Startup Cost": 0.00,"Total Cost": 7.29,"Plan Rows": 400,"Plan Width": 0,"Actual Startup Time": 0.183,"Actual Total Time": 0.189,"Actual Rows": 421,"Actual Loops": 1,"Index Cond": "(s_nationkey = nation.n_nationkey)"}]}]},{"Node Type": "Hash","Parent Relationship": "Inner","Parallel Aware": false,"Async Capable": false,"Startup Cost": 88158.53,"Total Cost": 88158.53,"Plan Rows": 2694,"Plan Width": 4,"Actual Startup Time": 970.519,"Actual Total Time": 970.531,"Actual Rows": 5980,"Actual Loops": 1,"Hash Buckets": 8192,"Original Hash Buckets": 4096,"Hash Batches": 1,"Original Hash Batches": 1,"Peak Memory Usage": 275,"Plans": [{"Node Type": "Nested Loop","Parent Relationship": "Outer","Parallel Aware": false,"Async Capable": false,"Join Type": "Inner","Startup Cost": 0.42,"Total Cost": 88158.53,"Plan Rows": 2694,"Plan Width": 4,"Actual Startup Time": 1.035,"Actual Total Time": 966.384,"Actual Rows": 5980,"Actual Loops": 1,"Inner Unique": false,"Plans": [{"Node Type": "Seq Scan","Parent Relationship": "Outer","Parallel Aware": false,"Async Capable": false,"Relation Name": "part","Alias": "part","Startup Cost": 0.00,"Total Cost": 6597.00,"Plan Rows": 2020,"Plan Width": 4,"Actual Startup Time": 0.150,"Actual Total Time": 180.326,"Actual Rows": 2178,"Actual Loops": 1,"Filter": "((p_name)::text ~~ 'salmon%'::text)","Rows Removed by Filter": 197822},{"Node Type": "Index Scan","Parent Relationship": "Inner","Parallel Aware": false,"Async Capable": false,"Scan Direction": "Forward","Index Name": "idx_partsupp_partkey","Relation Name": "partsupp","Alias": "partsupp","Startup Cost": 0.42,"Total Cost": 40.36,"Plan Rows": 1,"Plan Width": 8,"Actual Startup Time": 0.149,"Actual Total Time": 0.360,"Actual Rows": 3,"Actual Loops": 2178,"Index Cond": "(ps_partkey = part.p_partkey)","Rows Removed by Index Recheck": 0,"Filter": "((ps_availqty)::numeric > (SubPlan 1))","Rows Removed by Filter": 1,"Plans": [{"Node Type": "Aggregate","Strategy": "Plain","Partial Mode": "Simple","Parent Relationship": "SubPlan","Subplan Name": "SubPlan 1","Parallel Aware": false,"Async Capable": false,"Startup Cost": 8.46,"Total Cost": 8.47,"Plan Rows": 1,"Plan Width": 32,"Actual Startup Time": 0.082,"Actual Total Time": 0.082,"Actual Rows": 1,"Actual Loops": 8712,"Plans": [{"Node Type": "Index Scan","Parent Relationship": "Outer","Parallel Aware": false,"Async Capable": false,"Scan Direction": "Forward","Index Name": "idx_lineitem_part_supp","Relation Name": "lineitem","Alias": "lineitem","Startup Cost": 0.43,"Total Cost": 8.46,"Plan Rows": 0,"Plan Width": 5,"Actual Startup Time": 0.049,"Actual Total Time": 0.081,"Actual Rows": 1,"Actual Loops": 8712,"Index Cond": "((l_partkey = partsupp.ps_partkey) AND (l_suppkey = partsupp.ps_suppkey))","Rows Removed by Index Recheck": 0,"Filter": "((l_shipdate >= '1996-01-01'::date) AND (l_shipdate < '1997-01-01 00:00:00'::timestamp without time zone))","Rows Removed by Filter": 6}]}]}]}]}]}]},"Planning Time": 6.475,"Triggers": [],"Execution Time": 975.646}]
[{"Plan": {"Node Type": "Sort","Parallel Aware": false,"Async Capable": false,"Startup Cost": 88442.96,"Total Cost": 88443.23,"Plan Rows": 108,"Plan Width": 51,"Actual Startup Time": 912.589,"Actual Total Time": 912.615,"Actual Rows": 190,"Actual Loops": 1,"Sort Key": ["supplier.s_name"],"Sort Method": "quicksort","Sort Space Used": 42,"Sort Space Type": "Memory","Plans": [{"Node Type": "Hash Join","Parent Relationship": "Outer","Parallel Aware": false,"Async Capable": false,"Join Type": "Semi","Startup Cost": 88199.59,"Total Cost": 88439.31,"Plan Rows": 108,"Plan Width": 51,"Actual Startup Time": 908.077,"Actual Total Time": 912.043,"Actual Rows": 190,"Actual Loops": 1,"Inner Unique": false,"Hash Cond": "(supplier.s_suppkey = partsupp.ps_suppkey)","Plans": [{"Node Type": "Nested Loop","Parent Relationship": "Outer","Parallel Aware": false,"Async Capable": false,"Join Type": "Inner","Startup Cost": 7.38,"Total Cost": 244.58,"Plan Rows": 400,"Plan Width": 55,"Actual Startup Time": 0.281,"Actual Total Time": 4.105,"Actual Rows": 413,"Actual Loops": 1,"Inner Unique": false,"Plans": [{"Node Type": "Seq Scan","Parent Relationship": "Outer","Parallel Aware": false,"Async Capable": false,"Relation Name": "nation","Alias": "nation","Startup Cost": 0.00,"Total Cost": 1.31,"Plan Rows": 1,"Plan Width": 4,"Actual Startup Time": 0.065,"Actual Total Time": 0.084,"Actual Rows": 1,"Actual Loops": 1,"Filter": "(n_name = 'ARGENTINA'::bpchar)","Rows Removed by Filter": 24},{"Node Type": "Bitmap Heap Scan","Parent Relationship": "Inner","Parallel Aware": false,"Async Capable": false,"Relation Name": "supplier","Alias": "supplier","Startup Cost": 7.38,"Total Cost": 239.27,"Plan Rows": 400,"Plan Width": 59,"Actual Startup Time": 0.208,"Actual Total Time": 3.958,"Actual Rows": 413,"Actual Loops": 1,"Recheck Cond": "(s_nationkey = nation.n_nationkey)","Rows Removed by Index Recheck": 0,"Exact Heap Blocks": 190,"Lossy Heap Blocks": 0,"Plans": [{"Node Type": "Bitmap Index Scan","Parent Relationship": "Outer","Parallel Aware": false,"Async Capable": false,"Index Name": "idx_supplier_nation_key","Startup Cost": 0.00,"Total Cost": 7.29,"Plan Rows": 400,"Plan Width": 0,"Actual Startup Time": 0.133,"Actual Total Time": 0.134,"Actual Rows": 413,"Actual Loops": 1,"Index Cond": "(s_nationkey = nation.n_nationkey)"}]}]},{"Node Type": "Hash","Parent Relationship": "Inner","Parallel Aware": false,"Async Capable": false,"Startup Cost": 88158.53,"Total Cost": 88158.53,"Plan Rows": 2694,"Plan Width": 4,"Actual Startup Time": 907.741,"Actual Total Time": 907.754,"Actual Rows": 6062,"Actual Loops": 1,"Hash Buckets": 8192,"Original Hash Buckets": 4096,"Hash Batches": 1,"Original Hash Batches": 1,"Peak Memory Usage": 278,"Plans": [{"Node Type": "Nested Loop","Parent Relationship": "Outer","Parallel Aware": false,"Async Capable": false,"Join Type": "Inner","Startup Cost": 0.42,"Total Cost": 88158.53,"Plan Rows": 2694,"Plan Width": 4,"Actual Startup Time": 0.755,"Actual Total Time": 902.530,"Actual Rows": 6062,"Actual Loops": 1,"Inner Unique": false,"Plans": [{"Node Type": "Seq Scan","Parent Relationship": "Outer","Parallel Aware": false,"Async Capable": false,"Relation Name": "part","Alias": "part","Startup Cost": 0.00,"Total Cost": 6597.00,"Plan Rows": 2020,"Plan Width": 4,"Actual Startup Time": 0.116,"Actual Total Time": 195.757,"Actual Rows": 2218,"Actual Loops": 1,"Filter": "((p_name)::text ~~ 'tan%'::text)","Rows Removed by Filter": 197782},{"Node Type": "Index Scan","Parent Relationship": "Inner","Parallel Aware": false,"Async Capable": false,"Scan Direction": "Forward","Index Name": "idx_partsupp_partkey","Relation Name": "partsupp","Alias": "partsupp","Startup Cost": 0.42,"Total Cost": 40.36,"Plan Rows": 1,"Plan Width": 8,"Actual Startup Time": 0.134,"Actual Total Time": 0.318,"Actual Rows": 3,"Actual Loops": 2218,"Index Cond": "(ps_partkey = part.p_partkey)","Rows Removed by Index Recheck": 0,"Filter": "((ps_availqty)::numeric > (SubPlan 1))","Rows Removed by Filter": 1,"Plans": [{"Node Type": "Aggregate","Strategy": "Plain","Partial Mode": "Simple","Parent Relationship": "SubPlan","Subplan Name": "SubPlan 1","Parallel Aware": false,"Async Capable": false,"Startup Cost": 8.46,"Total Cost": 8.47,"Plan Rows": 1,"Plan Width": 32,"Actual Startup Time": 0.071,"Actual Total Time": 0.071,"Actual Rows": 1,"Actual Loops": 8872,"Plans": [{"Node Type": "Index Scan","Parent Relationship": "Outer","Parallel Aware": false,"Async Capable": false,"Scan Direction": "Forward","Index Name": "idx_lineitem_part_supp","Relation Name": "lineitem","Alias": "lineitem","Startup Cost": 0.43,"Total Cost": 8.46,"Plan Rows": 0,"Plan Width": 5,"Actual Startup Time": 0.043,"Actual Total Time": 0.071,"Actual Rows": 1,"Actual Loops": 8872,"Index Cond": "((l_partkey = partsupp.ps_partkey) AND (l_suppkey = partsupp.ps_suppkey))","Rows Removed by Index Recheck": 0,"Filter": "((l_shipdate >= '1996-01-01'::date) AND (l_shipdate < '1997-01-01 00:00:00'::timestamp without time zone))","Rows Removed by Filter": 6}]}]}]}]}]}]},"Planning Time": 6.215,"Triggers": [],"Execution Time": 912.906}]
[{"Plan": {"Node Type": "Sort","Parallel Aware": false,"Async Capable": false,"Startup Cost": 88442.96,"Total Cost": 88443.23,"Plan Rows": 108,"Plan Width": 51,"Actual Startup Time": 988.518,"Actual Total Time": 988.560,"Actual Rows": 187,"Actual Loops": 1,"Sort Key": ["supplier.s_name"],"Sort Method": "quicksort","Sort Space Used": 42,"Sort Space Type": "Memory","Plans": [{"Node Type": "Hash Join","Parent Relationship": "Outer","Parallel Aware": false,"Async Capable": false,"Join Type": "Semi","Startup Cost": 88199.59,"Total Cost": 88439.31,"Plan Rows": 108,"Plan Width": 51,"Actual Startup Time": 983.498,"Actual Total Time": 988.047,"Actual Rows": 187,"Actual Loops": 1,"Inner Unique": false,"Hash Cond": "(supplier.s_suppkey = partsupp.ps_suppkey)","Plans": [{"Node Type": "Nested Loop","Parent Relationship": "Outer","Parallel Aware": false,"Async Capable": false,"Join Type": "Inner","Startup Cost": 7.38,"Total Cost": 244.58,"Plan Rows": 400,"Plan Width": 55,"Actual Startup Time": 0.247,"Actual Total Time": 4.666,"Actual Rows": 413,"Actual Loops": 1,"Inner Unique": false,"Plans": [{"Node Type": "Seq Scan","Parent Relationship": "Outer","Parallel Aware": false,"Async Capable": false,"Relation Name": "nation","Alias": "nation","Startup Cost": 0.00,"Total Cost": 1.31,"Plan Rows": 1,"Plan Width": 4,"Actual Startup Time": 0.062,"Actual Total Time": 0.093,"Actual Rows": 1,"Actual Loops": 1,"Filter": "(n_name = 'ARGENTINA'::bpchar)","Rows Removed by Filter": 24},{"Node Type": "Bitmap Heap Scan","Parent Relationship": "Inner","Parallel Aware": false,"Async Capable": false,"Relation Name": "supplier","Alias": "supplier","Startup Cost": 7.38,"Total Cost": 239.27,"Plan Rows": 400,"Plan Width": 59,"Actual Startup Time": 0.181,"Actual Total Time": 4.518,"Actual Rows": 413,"Actual Loops": 1,"Recheck Cond": "(s_nationkey = nation.n_nationkey)","Rows Removed by Index Recheck": 0,"Exact Heap Blocks": 190,"Lossy Heap Blocks": 0,"Plans": [{"Node Type": "Bitmap Index Scan","Parent Relationship": "Outer","Parallel Aware": false,"Async Capable": false,"Index Name": "idx_supplier_nation_key","Startup Cost": 0.00,"Total Cost": 7.29,"Plan Rows": 400,"Plan Width": 0,"Actual Startup Time": 0.118,"Actual Total Time": 0.122,"Actual Rows": 413,"Actual Loops": 1,"Index Cond": "(s_nationkey = nation.n_nationkey)"}]}]},{"Node Type": "Hash","Parent Relationship": "Inner","Parallel Aware": false,"Async Capable": false,"Startup Cost": 88158.53,"Total Cost": 88158.53,"Plan Rows": 2694,"Plan Width": 4,"Actual Startup Time": 983.170,"Actual Total Time": 983.181,"Actual Rows": 6036,"Actual Loops": 1,"Hash Buckets": 8192,"Original Hash Buckets": 4096,"Hash Batches": 1,"Original Hash Batches": 1,"Peak Memory Usage": 277,"Plans": [{"Node Type": "Nested Loop","Parent Relationship": "Outer","Parallel Aware": false,"Async Capable": false,"Join Type": "Inner","Startup Cost": 0.42,"Total Cost": 88158.53,"Plan Rows": 2694,"Plan Width": 4,"Actual Startup Time": 0.504,"Actual Total Time": 978.885,"Actual Rows": 6036,"Actual Loops": 1,"Inner Unique": false,"Plans": [{"Node Type": "Seq Scan","Parent Relationship": "Outer","Parallel Aware": false,"Async Capable": false,"Relation Name": "part","Alias": "part","Startup Cost": 0.00,"Total Cost": 6597.00,"Plan Rows": 2020,"Plan Width": 4,"Actual Startup Time": 0.227,"Actual Total Time": 180.471,"Actual Rows": 2238,"Actual Loops": 1,"Filter": "((p_name)::text ~~ 'white%'::text)","Rows Removed by Filter": 197762},{"Node Type": "Index Scan","Parent Relationship": "Inner","Parallel Aware": false,"Async Capable": false,"Scan Direction": "Forward","Index Name": "idx_partsupp_partkey","Relation Name": "partsupp","Alias": "partsupp","Startup Cost": 0.42,"Total Cost": 40.36,"Plan Rows": 1,"Plan Width": 8,"Actual Startup Time": 0.149,"Actual Total Time": 0.356,"Actual Rows": 3,"Actual Loops": 2238,"Index Cond": "(ps_partkey = part.p_partkey)","Rows Removed by Index Recheck": 0,"Filter": "((ps_availqty)::numeric > (SubPlan 1))","Rows Removed by Filter": 1,"Plans": [{"Node Type": "Aggregate","Strategy": "Plain","Partial Mode": "Simple","Parent Relationship": "SubPlan","Subplan Name": "SubPlan 1","Parallel Aware": false,"Async Capable": false,"Startup Cost": 8.46,"Total Cost": 8.47,"Plan Rows": 1,"Plan Width": 32,"Actual Startup Time": 0.081,"Actual Total Time": 0.081,"Actual Rows": 1,"Actual Loops": 8952,"Plans": [{"Node Type": "Index Scan","Parent Relationship": "Outer","Parallel Aware": false,"Async Capable": false,"Scan Direction": "Forward","Index Name": "idx_lineitem_part_supp","Relation Name": "lineitem","Alias": "lineitem","Startup Cost": 0.43,"Total Cost": 8.46,"Plan Rows": 0,"Plan Width": 5,"Actual Startup Time": 0.049,"Actual Total Time": 0.080,"Actual Rows": 1,"Actual Loops": 8952,"Index Cond": "((l_partkey = partsupp.ps_partkey) AND (l_suppkey = partsupp.ps_suppkey))","Rows Removed by Index Recheck": 0,"Filter": "((l_shipdate >= '1996-01-01'::date) AND (l_shipdate < '1997-01-01 00:00:00'::timestamp without time zone))","Rows Removed by Filter": 6}]}]}]}]}]}]},"Planning Time": 7.454,"Triggers": [],"Execution Time": 988.786}]
[{"Plan": {"Node Type": "Sort","Parallel Aware": false,"Async Capable": false,"Startup Cost": 88442.96,"Total Cost": 88443.23,"Plan Rows": 108,"Plan Width": 51,"Actual Startup Time": 972.385,"Actual Total Time": 972.421,"Actual Rows": 178,"Actual Loops": 1,"Sort Key": ["supplier.s_name"],"Sort Method": "quicksort","Sort Space Used": 41,"Sort Space Type": "Memory","Plans": [{"Node Type": "Hash Join","Parent Relationship": "Outer","Parallel Aware": false,"Async Capable": false,"Join Type": "Semi","Startup Cost": 88199.59,"Total Cost": 88439.31,"Plan Rows": 108,"Plan Width": 51,"Actual Startup Time": 968.045,"Actual Total Time": 972.075,"Actual Rows": 178,"Actual Loops": 1,"Inner Unique": false,"Hash Cond": "(supplier.s_suppkey = partsupp.ps_suppkey)","Plans": [{"Node Type": "Nested Loop","Parent Relationship": "Outer","Parallel Aware": false,"Async Capable": false,"Join Type": "Inner","Startup Cost": 7.38,"Total Cost": 244.58,"Plan Rows": 400,"Plan Width": 55,"Actual Startup Time": 0.212,"Actual Total Time": 4.138,"Actual Rows": 398,"Actual Loops": 1,"Inner Unique": false,"Plans": [{"Node Type": "Seq Scan","Parent Relationship": "Outer","Parallel Aware": false,"Async Capable": false,"Relation Name": "nation","Alias": "nation","Startup Cost": 0.00,"Total Cost": 1.31,"Plan Rows": 1,"Plan Width": 4,"Actual Startup Time": 0.059,"Actual Total Time": 0.084,"Actual Rows": 1,"Actual Loops": 1,"Filter": "(n_name = 'ROMANIA'::bpchar)","Rows Removed by Filter": 24},{"Node Type": "Bitmap Heap Scan","Parent Relationship": "Inner","Parallel Aware": false,"Async Capable": false,"Relation Name": "supplier","Alias": "supplier","Startup Cost": 7.38,"Total Cost": 239.27,"Plan Rows": 400,"Plan Width": 59,"Actual Startup Time": 0.145,"Actual Total Time": 3.993,"Actual Rows": 398,"Actual Loops": 1,"Recheck Cond": "(s_nationkey = nation.n_nationkey)","Rows Removed by Index Recheck": 0,"Exact Heap Blocks": 186,"Lossy Heap Blocks": 0,"Plans": [{"Node Type": "Bitmap Index Scan","Parent Relationship": "Outer","Parallel Aware": false,"Async Capable": false,"Index Name": "idx_supplier_nation_key","Startup Cost": 0.00,"Total Cost": 7.29,"Plan Rows": 400,"Plan Width": 0,"Actual Startup Time": 0.096,"Actual Total Time": 0.101,"Actual Rows": 398,"Actual Loops": 1,"Index Cond": "(s_nationkey = nation.n_nationkey)"}]}]},{"Node Type": "Hash","Parent Relationship": "Inner","Parallel Aware": false,"Async Capable": false,"Startup Cost": 88158.53,"Total Cost": 88158.53,"Plan Rows": 2694,"Plan Width": 4,"Actual Startup Time": 967.781,"Actual Total Time": 967.790,"Actual Rows": 5884,"Actual Loops": 1,"Hash Buckets": 8192,"Original Hash Buckets": 4096,"Hash Batches": 1,"Original Hash Batches": 1,"Peak Memory Usage": 271,"Plans": [{"Node Type": "Nested Loop","Parent Relationship": "Outer","Parallel Aware": false,"Async Capable": false,"Join Type": "Inner","Startup Cost": 0.42,"Total Cost": 88158.53,"Plan Rows": 2694,"Plan Width": 4,"Actual Startup Time": 0.694,"Actual Total Time": 963.816,"Actual Rows": 5884,"Actual Loops": 1,"Inner Unique": false,"Plans": [{"Node Type": "Seq Scan","Parent Relationship": "Outer","Parallel Aware": false,"Async Capable": false,"Relation Name": "part","Alias": "part","Startup Cost": 0.00,"Total Cost": 6597.00,"Plan Rows": 2020,"Plan Width": 4,"Actual Startup Time": 0.198,"Actual Total Time": 181.017,"Actual Rows": 2183,"Actual Loops": 1,"Filter": "((p_name)::text ~~ 'drab%'::text)","Rows Removed by Filter": 197817},{"Node Type": "Index Scan","Parent Relationship": "Inner","Parallel Aware": false,"Async Capable": false,"Scan Direction": "Forward","Index Name": "idx_partsupp_partkey","Relation Name": "partsupp","Alias": "partsupp","Startup Cost": 0.42,"Total Cost": 40.36,"Plan Rows": 1,"Plan Width": 8,"Actual Startup Time": 0.151,"Actual Total Time": 0.358,"Actual Rows": 3,"Actual Loops": 2183,"Index Cond": "(ps_partkey = part.p_partkey)","Rows Removed by Index Recheck": 0,"Filter": "((ps_availqty)::numeric > (SubPlan 1))","Rows Removed by Filter": 1,"Plans": [{"Node Type": "Aggregate","Strategy": "Plain","Partial Mode": "Simple","Parent Relationship": "SubPlan","Subplan Name": "SubPlan 1","Parallel Aware": false,"Async Capable": false,"Startup Cost": 8.46,"Total Cost": 8.47,"Plan Rows": 1,"Plan Width": 32,"Actual Startup Time": 0.081,"Actual Total Time": 0.081,"Actual Rows": 1,"Actual Loops": 8732,"Plans": [{"Node Type": "Index Scan","Parent Relationship": "Outer","Parallel Aware": false,"Async Capable": false,"Scan Direction": "Forward","Index Name": "idx_lineitem_part_supp","Relation Name": "lineitem","Alias": "lineitem","Startup Cost": 0.43,"Total Cost": 8.46,"Plan Rows": 0,"Plan Width": 5,"Actual Startup Time": 0.050,"Actual Total Time": 0.081,"Actual Rows": 1,"Actual Loops": 8732,"Index Cond": "((l_partkey = partsupp.ps_partkey) AND (l_suppkey = partsupp.ps_suppkey))","Rows Removed by Index Recheck": 0,"Filter": "((l_shipdate >= '1997-01-01'::date) AND (l_shipdate < '1998-01-01 00:00:00'::timestamp without time zone))","Rows Removed by Filter": 6}]}]}]}]}]}]},"Planning Time": 7.470,"Triggers": [],"Execution Time": 972.718}]
[{"Plan": {"Node Type": "Sort","Parallel Aware": false,"Async Capable": false,"Startup Cost": 88442.96,"Total Cost": 88443.23,"Plan Rows": 108,"Plan Width": 51,"Actual Startup Time": 963.694,"Actual Total Time": 963.735,"Actual Rows": 193,"Actual Loops": 1,"Sort Key": ["supplier.s_name"],"Sort Method": "quicksort","Sort Space Used": 43,"Sort Space Type": "Memory","Plans": [{"Node Type": "Hash Join","Parent Relationship": "Outer","Parallel Aware": false,"Async Capable": false,"Join Type": "Semi","Startup Cost": 88199.59,"Total Cost": 88439.31,"Plan Rows": 108,"Plan Width": 51,"Actual Startup Time": 959.193,"Actual Total Time": 963.194,"Actual Rows": 193,"Actual Loops": 1,"Inner Unique": false,"Hash Cond": "(supplier.s_suppkey = partsupp.ps_suppkey)","Plans": [{"Node Type": "Nested Loop","Parent Relationship": "Outer","Parallel Aware": false,"Async Capable": false,"Join Type": "Inner","Startup Cost": 7.38,"Total Cost": 244.58,"Plan Rows": 400,"Plan Width": 55,"Actual Startup Time": 0.273,"Actual Total Time": 4.220,"Actual Rows": 413,"Actual Loops": 1,"Inner Unique": false,"Plans": [{"Node Type": "Seq Scan","Parent Relationship": "Outer","Parallel Aware": false,"Async Capable": false,"Relation Name": "nation","Alias": "nation","Startup Cost": 0.00,"Total Cost": 1.31,"Plan Rows": 1,"Plan Width": 4,"Actual Startup Time": 0.066,"Actual Total Time": 0.086,"Actual Rows": 1,"Actual Loops": 1,"Filter": "(n_name = 'ARGENTINA'::bpchar)","Rows Removed by Filter": 24},{"Node Type": "Bitmap Heap Scan","Parent Relationship": "Inner","Parallel Aware": false,"Async Capable": false,"Relation Name": "supplier","Alias": "supplier","Startup Cost": 7.38,"Total Cost": 239.27,"Plan Rows": 400,"Plan Width": 59,"Actual Startup Time": 0.204,"Actual Total Time": 4.057,"Actual Rows": 413,"Actual Loops": 1,"Recheck Cond": "(s_nationkey = nation.n_nationkey)","Rows Removed by Index Recheck": 0,"Exact Heap Blocks": 190,"Lossy Heap Blocks": 0,"Plans": [{"Node Type": "Bitmap Index Scan","Parent Relationship": "Outer","Parallel Aware": false,"Async Capable": false,"Index Name": "idx_supplier_nation_key","Startup Cost": 0.00,"Total Cost": 7.29,"Plan Rows": 400,"Plan Width": 0,"Actual Startup Time": 0.131,"Actual Total Time": 0.136,"Actual Rows": 413,"Actual Loops": 1,"Index Cond": "(s_nationkey = nation.n_nationkey)"}]}]},{"Node Type": "Hash","Parent Relationship": "Inner","Parallel Aware": false,"Async Capable": false,"Startup Cost": 88158.53,"Total Cost": 88158.53,"Plan Rows": 2694,"Plan Width": 4,"Actual Startup Time": 958.821,"Actual Total Time": 958.833,"Actual Rows": 5919,"Actual Loops": 1,"Hash Buckets": 8192,"Original Hash Buckets": 4096,"Hash Batches": 1,"Original Hash Batches": 1,"Peak Memory Usage": 273,"Plans": [{"Node Type": "Nested Loop","Parent Relationship": "Outer","Parallel Aware": false,"Async Capable": false,"Join Type": "Inner","Startup Cost": 0.42,"Total Cost": 88158.53,"Plan Rows": 2694,"Plan Width": 4,"Actual Startup Time": 0.657,"Actual Total Time": 954.990,"Actual Rows": 5919,"Actual Loops": 1,"Inner Unique": false,"Plans": [{"Node Type": "Seq Scan","Parent Relationship": "Outer","Parallel Aware": false,"Async Capable": false,"Relation Name": "part","Alias": "part","Startup Cost": 0.00,"Total Cost": 6597.00,"Plan Rows": 2020,"Plan Width": 4,"Actual Startup Time": 0.153,"Actual Total Time": 179.312,"Actual Rows": 2171,"Actual Loops": 1,"Filter": "((p_name)::text ~~ 'lace%'::text)","Rows Removed by Filter": 197829},{"Node Type": "Index Scan","Parent Relationship": "Inner","Parallel Aware": false,"Async Capable": false,"Scan Direction": "Forward","Index Name": "idx_partsupp_partkey","Relation Name": "partsupp","Alias": "partsupp","Startup Cost": 0.42,"Total Cost": 40.36,"Plan Rows": 1,"Plan Width": 8,"Actual Startup Time": 0.149,"Actual Total Time": 0.357,"Actual Rows": 3,"Actual Loops": 2171,"Index Cond": "(ps_partkey = part.p_partkey)","Rows Removed by Index Recheck": 0,"Filter": "((ps_availqty)::numeric > (SubPlan 1))","Rows Removed by Filter": 1,"Plans": [{"Node Type": "Aggregate","Strategy": "Plain","Partial Mode": "Simple","Parent Relationship": "SubPlan","Subplan Name": "SubPlan 1","Parallel Aware": false,"Async Capable": false,"Startup Cost": 8.46,"Total Cost": 8.47,"Plan Rows": 1,"Plan Width": 32,"Actual Startup Time": 0.081,"Actual Total Time": 0.081,"Actual Rows": 1,"Actual Loops": 8684,"Plans": [{"Node Type": "Index Scan","Parent Relationship": "Outer","Parallel Aware": false,"Async Capable": false,"Scan Direction": "Forward","Index Name": "idx_lineitem_part_supp","Relation Name": "lineitem","Alias": "lineitem","Startup Cost": 0.43,"Total Cost": 8.46,"Plan Rows": 0,"Plan Width": 5,"Actual Startup Time": 0.049,"Actual Total Time": 0.080,"Actual Rows": 1,"Actual Loops": 8684,"Index Cond": "((l_partkey = partsupp.ps_partkey) AND (l_suppkey = partsupp.ps_suppkey))","Rows Removed by Index Recheck": 0,"Filter": "((l_shipdate >= '1996-01-01'::date) AND (l_shipdate < '1997-01-01 00:00:00'::timestamp without time zone))","Rows Removed by Filter": 6}]}]}]}]}]}]},"Planning Time": 5.474,"Triggers": [],"Execution Time": 963.965}]
[{"Plan": {"Node Type": "Sort","Parallel Aware": false,"Async Capable": false,"Startup Cost": 88442.96,"Total Cost": 88443.23,"Plan Rows": 108,"Plan Width": 51,"Actual Startup Time": 903.301,"Actual Total Time": 903.332,"Actual Rows": 180,"Actual Loops": 1,"Sort Key": ["supplier.s_name"],"Sort Method": "quicksort","Sort Space Used": 41,"Sort Space Type": "Memory","Plans": [{"Node Type": "Hash Join","Parent Relationship": "Outer","Parallel Aware": false,"Async Capable": false,"Join Type": "Semi","Startup Cost": 88199.59,"Total Cost": 88439.31,"Plan Rows": 108,"Plan Width": 51,"Actual Startup Time": 898.830,"Actual Total Time": 902.973,"Actual Rows": 180,"Actual Loops": 1,"Inner Unique": false,"Hash Cond": "(supplier.s_suppkey = partsupp.ps_suppkey)","Plans": [{"Node Type": "Nested Loop","Parent Relationship": "Outer","Parallel Aware": false,"Async Capable": false,"Join Type": "Inner","Startup Cost": 7.38,"Total Cost": 244.58,"Plan Rows": 400,"Plan Width": 55,"Actual Startup Time": 0.308,"Actual Total Time": 4.327,"Actual Rows": 420,"Actual Loops": 1,"Inner Unique": false,"Plans": [{"Node Type": "Seq Scan","Parent Relationship": "Outer","Parallel Aware": false,"Async Capable": false,"Relation Name": "nation","Alias": "nation","Startup Cost": 0.00,"Total Cost": 1.31,"Plan Rows": 1,"Plan Width": 4,"Actual Startup Time": 0.071,"Actual Total Time": 0.100,"Actual Rows": 1,"Actual Loops": 1,"Filter": "(n_name = 'ALGERIA'::bpchar)","Rows Removed by Filter": 24},{"Node Type": "Bitmap Heap Scan","Parent Relationship": "Inner","Parallel Aware": false,"Async Capable": false,"Relation Name": "supplier","Alias": "supplier","Startup Cost": 7.38,"Total Cost": 239.27,"Plan Rows": 400,"Plan Width": 59,"Actual Startup Time": 0.228,"Actual Total Time": 4.148,"Actual Rows": 420,"Actual Loops": 1,"Recheck Cond": "(s_nationkey = nation.n_nationkey)","Rows Removed by Index Recheck": 0,"Exact Heap Blocks": 197,"Lossy Heap Blocks": 0,"Plans": [{"Node Type": "Bitmap Index Scan","Parent Relationship": "Outer","Parallel Aware": false,"Async Capable": false,"Index Name": "idx_supplier_nation_key","Startup Cost": 0.00,"Total Cost": 7.29,"Plan Rows": 400,"Plan Width": 0,"Actual Startup Time": 0.142,"Actual Total Time": 0.144,"Actual Rows": 420,"Actual Loops": 1,"Index Cond": "(s_nationkey = nation.n_nationkey)"}]}]},{"Node Type": "Hash","Parent Relationship": "Inner","Parallel Aware": false,"Async Capable": false,"Startup Cost": 88158.53,"Total Cost": 88158.53,"Plan Rows": 2694,"Plan Width": 4,"Actual Startup Time": 898.465,"Actual Total Time": 898.475,"Actual Rows": 5902,"Actual Loops": 1,"Hash Buckets": 8192,"Original Hash Buckets": 4096,"Hash Batches": 1,"Original Hash Batches": 1,"Peak Memory Usage": 272,"Plans": [{"Node Type": "Nested Loop","Parent Relationship": "Outer","Parallel Aware": false,"Async Capable": false,"Join Type": "Inner","Startup Cost": 0.42,"Total Cost": 88158.53,"Plan Rows": 2694,"Plan Width": 4,"Actual Startup Time": 0.714,"Actual Total Time": 893.881,"Actual Rows": 5902,"Actual Loops": 1,"Inner Unique": false,"Plans": [{"Node Type": "Seq Scan","Parent Relationship": "Outer","Parallel Aware": false,"Async Capable": false,"Relation Name": "part","Alias": "part","Startup Cost": 0.00,"Total Cost": 6597.00,"Plan Rows": 2020,"Plan Width": 4,"Actual Startup Time": 0.203,"Actual Total Time": 197.526,"Actual Rows": 2184,"Actual Loops": 1,"Filter": "((p_name)::text ~~ 'powder%'::text)","Rows Removed by Filter": 197816},{"Node Type": "Index Scan","Parent Relationship": "Inner","Parallel Aware": false,"Async Capable": false,"Scan Direction": "Forward","Index Name": "idx_partsupp_partkey","Relation Name": "partsupp","Alias": "partsupp","Startup Cost": 0.42,"Total Cost": 40.36,"Plan Rows": 1,"Plan Width": 8,"Actual Startup Time": 0.136,"Actual Total Time": 0.318,"Actual Rows": 3,"Actual Loops": 2184,"Index Cond": "(ps_partkey = part.p_partkey)","Rows Removed by Index Recheck": 0,"Filter": "((ps_availqty)::numeric > (SubPlan 1))","Rows Removed by Filter": 1,"Plans": [{"Node Type": "Aggregate","Strategy": "Plain","Partial Mode": "Simple","Parent Relationship": "SubPlan","Subplan Name": "SubPlan 1","Parallel Aware": false,"Async Capable": false,"Startup Cost": 8.46,"Total Cost": 8.47,"Plan Rows": 1,"Plan Width": 32,"Actual Startup Time": 0.071,"Actual Total Time": 0.071,"Actual Rows": 1,"Actual Loops": 8736,"Plans": [{"Node Type": "Index Scan","Parent Relationship": "Outer","Parallel Aware": false,"Async Capable": false,"Scan Direction": "Forward","Index Name": "idx_lineitem_part_supp","Relation Name": "lineitem","Alias": "lineitem","Startup Cost": 0.43,"Total Cost": 8.46,"Plan Rows": 0,"Plan Width": 5,"Actual Startup Time": 0.044,"Actual Total Time": 0.071,"Actual Rows": 1,"Actual Loops": 8736,"Index Cond": "((l_partkey = partsupp.ps_partkey) AND (l_suppkey = partsupp.ps_suppkey))","Rows Removed by Index Recheck": 0,"Filter": "((l_shipdate >= '1994-01-01'::date) AND (l_shipdate < '1995-01-01 00:00:00'::timestamp without time zone))","Rows Removed by Filter": 6}]}]}]}]}]}]},"Planning Time": 7.171,"Triggers": [],"Execution Time": 903.609}]
[{"Plan": {"Node Type": "Sort","Parallel Aware": false,"Async Capable": false,"Startup Cost": 88442.96,"Total Cost": 88443.23,"Plan Rows": 108,"Plan Width": 51,"Actual Startup Time": 928.768,"Actual Total Time": 928.808,"Actual Rows": 183,"Actual Loops": 1,"Sort Key": ["supplier.s_name"],"Sort Method": "quicksort","Sort Space Used": 42,"Sort Space Type": "Memory","Plans": [{"Node Type": "Hash Join","Parent Relationship": "Outer","Parallel Aware": false,"Async Capable": false,"Join Type": "Semi","Startup Cost": 88199.59,"Total Cost": 88439.31,"Plan Rows": 108,"Plan Width": 51,"Actual Startup Time": 924.699,"Actual Total Time": 928.416,"Actual Rows": 183,"Actual Loops": 1,"Inner Unique": false,"Hash Cond": "(supplier.s_suppkey = partsupp.ps_suppkey)","Plans": [{"Node Type": "Nested Loop","Parent Relationship": "Outer","Parallel Aware": false,"Async Capable": false,"Join Type": "Inner","Startup Cost": 7.38,"Total Cost": 244.58,"Plan Rows": 400,"Plan Width": 55,"Actual Startup Time": 0.241,"Actual Total Time": 3.878,"Actual Rows": 393,"Actual Loops": 1,"Inner Unique": false,"Plans": [{"Node Type": "Seq Scan","Parent Relationship": "Outer","Parallel Aware": false,"Async Capable": false,"Relation Name": "nation","Alias": "nation","Startup Cost": 0.00,"Total Cost": 1.31,"Plan Rows": 1,"Plan Width": 4,"Actual Startup Time": 0.071,"Actual Total Time": 0.074,"Actual Rows": 1,"Actual Loops": 1,"Filter": "(n_name = 'UNITED STATES'::bpchar)","Rows Removed by Filter": 24},{"Node Type": "Bitmap Heap Scan","Parent Relationship": "Inner","Parallel Aware": false,"Async Capable": false,"Relation Name": "supplier","Alias": "supplier","Startup Cost": 7.38,"Total Cost": 239.27,"Plan Rows": 400,"Plan Width": 59,"Actual Startup Time": 0.166,"Actual Total Time": 3.740,"Actual Rows": 393,"Actual Loops": 1,"Recheck Cond": "(s_nationkey = nation.n_nationkey)","Rows Removed by Index Recheck": 0,"Exact Heap Blocks": 181,"Lossy Heap Blocks": 0,"Plans": [{"Node Type": "Bitmap Index Scan","Parent Relationship": "Outer","Parallel Aware": false,"Async Capable": false,"Index Name": "idx_supplier_nation_key","Startup Cost": 0.00,"Total Cost": 7.29,"Plan Rows": 400,"Plan Width": 0,"Actual Startup Time": 0.114,"Actual Total Time": 0.117,"Actual Rows": 393,"Actual Loops": 1,"Index Cond": "(s_nationkey = nation.n_nationkey)"}]}]},{"Node Type": "Hash","Parent Relationship": "Inner","Parallel Aware": false,"Async Capable": false,"Startup Cost": 88158.53,"Total Cost": 88158.53,"Plan Rows": 2694,"Plan Width": 4,"Actual Startup Time": 924.382,"Actual Total Time": 924.395,"Actual Rows": 6090,"Actual Loops": 1,"Hash Buckets": 8192,"Original Hash Buckets": 4096,"Hash Batches": 1,"Original Hash Batches": 1,"Peak Memory Usage": 279,"Plans": [{"Node Type": "Nested Loop","Parent Relationship": "Outer","Parallel Aware": false,"Async Capable": false,"Join Type": "Inner","Startup Cost": 0.42,"Total Cost": 88158.53,"Plan Rows": 2694,"Plan Width": 4,"Actual Startup Time": 0.749,"Actual Total Time": 919.843,"Actual Rows": 6090,"Actual Loops": 1,"Inner Unique": false,"Plans": [{"Node Type": "Seq Scan","Parent Relationship": "Outer","Parallel Aware": false,"Async Capable": false,"Relation Name": "part","Alias": "part","Startup Cost": 0.00,"Total Cost": 6597.00,"Plan Rows": 2020,"Plan Width": 4,"Actual Startup Time": 0.047,"Actual Total Time": 202.826,"Actual Rows": 2235,"Actual Loops": 1,"Filter": "((p_name)::text ~~ 'seashell%'::text)","Rows Removed by Filter": 197765},{"Node Type": "Index Scan","Parent Relationship": "Inner","Parallel Aware": false,"Async Capable": false,"Scan Direction": "Forward","Index Name": "idx_partsupp_partkey","Relation Name": "partsupp","Alias": "partsupp","Startup Cost": 0.42,"Total Cost": 40.36,"Plan Rows": 1,"Plan Width": 8,"Actual Startup Time": 0.138,"Actual Total Time": 0.320,"Actual Rows": 3,"Actual Loops": 2235,"Index Cond": "(ps_partkey = part.p_partkey)","Rows Removed by Index Recheck": 0,"Filter": "((ps_availqty)::numeric > (SubPlan 1))","Rows Removed by Filter": 1,"Plans": [{"Node Type": "Aggregate","Strategy": "Plain","Partial Mode": "Simple","Parent Relationship": "SubPlan","Subplan Name": "SubPlan 1","Parallel Aware": false,"Async Capable": false,"Startup Cost": 8.46,"Total Cost": 8.47,"Plan Rows": 1,"Plan Width": 32,"Actual Startup Time": 0.072,"Actual Total Time": 0.072,"Actual Rows": 1,"Actual Loops": 8940,"Plans": [{"Node Type": "Index Scan","Parent Relationship": "Outer","Parallel Aware": false,"Async Capable": false,"Scan Direction": "Forward","Index Name": "idx_lineitem_part_supp","Relation Name": "lineitem","Alias": "lineitem","Startup Cost": 0.43,"Total Cost": 8.46,"Plan Rows": 0,"Plan Width": 5,"Actual Startup Time": 0.044,"Actual Total Time": 0.071,"Actual Rows": 1,"Actual Loops": 8940,"Index Cond": "((l_partkey = partsupp.ps_partkey) AND (l_suppkey = partsupp.ps_suppkey))","Rows Removed by Index Recheck": 0,"Filter": "((l_shipdate >= '1995-01-01'::date) AND (l_shipdate < '1996-01-01 00:00:00'::timestamp without time zone))","Rows Removed by Filter": 6}]}]}]}]}]}]},"Planning Time": 5.801,"Triggers": [],"Execution Time": 929.060}]
[{"Plan": {"Node Type": "Sort","Parallel Aware": false,"Async Capable": false,"Startup Cost": 88442.96,"Total Cost": 88443.23,"Plan Rows": 108,"Plan Width": 51,"Actual Startup Time": 916.182,"Actual Total Time": 916.206,"Actual Rows": 158,"Actual Loops": 1,"Sort Key": ["supplier.s_name"],"Sort Method": "quicksort","Sort Space Used": 39,"Sort Space Type": "Memory","Plans": [{"Node Type": "Hash Join","Parent Relationship": "Outer","Parallel Aware": false,"Async Capable": false,"Join Type": "Semi","Startup Cost": 88199.59,"Total Cost": 88439.31,"Plan Rows": 108,"Plan Width": 51,"Actual Startup Time": 912.015,"Actual Total Time": 915.866,"Actual Rows": 158,"Actual Loops": 1,"Inner Unique": false,"Hash Cond": "(supplier.s_suppkey = partsupp.ps_suppkey)","Plans": [{"Node Type": "Nested Loop","Parent Relationship": "Outer","Parallel Aware": false,"Async Capable": false,"Join Type": "Inner","Startup Cost": 7.38,"Total Cost": 244.58,"Plan Rows": 400,"Plan Width": 55,"Actual Startup Time": 0.260,"Actual Total Time": 4.013,"Actual Rows": 373,"Actual Loops": 1,"Inner Unique": false,"Plans": [{"Node Type": "Seq Scan","Parent Relationship": "Outer","Parallel Aware": false,"Async Capable": false,"Relation Name": "nation","Alias": "nation","Startup Cost": 0.00,"Total Cost": 1.31,"Plan Rows": 1,"Plan Width": 4,"Actual Startup Time": 0.075,"Actual Total Time": 0.103,"Actual Rows": 1,"Actual Loops": 1,"Filter": "(n_name = 'MOROCCO'::bpchar)","Rows Removed by Filter": 24},{"Node Type": "Bitmap Heap Scan","Parent Relationship": "Inner","Parallel Aware": false,"Async Capable": false,"Relation Name": "supplier","Alias": "supplier","Startup Cost": 7.38,"Total Cost": 239.27,"Plan Rows": 400,"Plan Width": 59,"Actual Startup Time": 0.178,"Actual Total Time": 3.851,"Actual Rows": 373,"Actual Loops": 1,"Recheck Cond": "(s_nationkey = nation.n_nationkey)","Rows Removed by Index Recheck": 0,"Exact Heap Blocks": 180,"Lossy Heap Blocks": 0,"Plans": [{"Node Type": "Bitmap Index Scan","Parent Relationship": "Outer","Parallel Aware": false,"Async Capable": false,"Index Name": "idx_supplier_nation_key","Startup Cost": 0.00,"Total Cost": 7.29,"Plan Rows": 400,"Plan Width": 0,"Actual Startup Time": 0.119,"Actual Total Time": 0.119,"Actual Rows": 373,"Actual Loops": 1,"Index Cond": "(s_nationkey = nation.n_nationkey)"}]}]},{"Node Type": "Hash","Parent Relationship": "Inner","Parallel Aware": false,"Async Capable": false,"Startup Cost": 88158.53,"Total Cost": 88158.53,"Plan Rows": 2694,"Plan Width": 4,"Actual Startup Time": 911.650,"Actual Total Time": 911.661,"Actual Rows": 5950,"Actual Loops": 1,"Hash Buckets": 8192,"Original Hash Buckets": 4096,"Hash Batches": 1,"Original Hash Batches": 1,"Peak Memory Usage": 274,"Plans": [{"Node Type": "Nested Loop","Parent Relationship": "Outer","Parallel Aware": false,"Async Capable": false,"Join Type": "Inner","Startup Cost": 0.42,"Total Cost": 88158.53,"Plan Rows": 2694,"Plan Width": 4,"Actual Startup Time": 0.410,"Actual Total Time": 906.305,"Actual Rows": 5950,"Actual Loops": 1,"Inner Unique": false,"Plans": [{"Node Type": "Seq Scan","Parent Relationship": "Outer","Parallel Aware": false,"Async Capable": false,"Relation Name": "part","Alias": "part","Startup Cost": 0.00,"Total Cost": 6597.00,"Plan Rows": 2020,"Plan Width": 4,"Actual Startup Time": 0.162,"Actual Total Time": 202.166,"Actual Rows": 2186,"Actual Loops": 1,"Filter": "((p_name)::text ~~ 'floral%'::text)","Rows Removed by Filter": 197814},{"Node Type": "Index Scan","Parent Relationship": "Inner","Parallel Aware": false,"Async Capable": false,"Scan Direction": "Forward","Index Name": "idx_partsupp_partkey","Relation Name": "partsupp","Alias": "partsupp","Startup Cost": 0.42,"Total Cost": 40.36,"Plan Rows": 1,"Plan Width": 8,"Actual Startup Time": 0.137,"Actual Total Time": 0.322,"Actual Rows": 3,"Actual Loops": 2186,"Index Cond": "(ps_partkey = part.p_partkey)","Rows Removed by Index Recheck": 0,"Filter": "((ps_availqty)::numeric > (SubPlan 1))","Rows Removed by Filter": 1,"Plans": [{"Node Type": "Aggregate","Strategy": "Plain","Partial Mode": "Simple","Parent Relationship": "SubPlan","Subplan Name": "SubPlan 1","Parallel Aware": false,"Async Capable": false,"Startup Cost": 8.46,"Total Cost": 8.47,"Plan Rows": 1,"Plan Width": 32,"Actual Startup Time": 0.072,"Actual Total Time": 0.072,"Actual Rows": 1,"Actual Loops": 8744,"Plans": [{"Node Type": "Index Scan","Parent Relationship": "Outer","Parallel Aware": false,"Async Capable": false,"Scan Direction": "Forward","Index Name": "idx_lineitem_part_supp","Relation Name": "lineitem","Alias": "lineitem","Startup Cost": 0.43,"Total Cost": 8.46,"Plan Rows": 0,"Plan Width": 5,"Actual Startup Time": 0.044,"Actual Total Time": 0.071,"Actual Rows": 1,"Actual Loops": 8744,"Index Cond": "((l_partkey = partsupp.ps_partkey) AND (l_suppkey = partsupp.ps_suppkey))","Rows Removed by Index Recheck": 0,"Filter": "((l_shipdate >= '1995-01-01'::date) AND (l_shipdate < '1996-01-01 00:00:00'::timestamp without time zone))","Rows Removed by Filter": 6}]}]}]}]}]}]},"Planning Time": 6.843,"Triggers": [],"Execution Time": 916.471}]
[{"Plan": {"Node Type": "Sort","Parallel Aware": false,"Async Capable": false,"Startup Cost": 165280.99,"Total Cost": 165281.52,"Plan Rows": 215,"Plan Width": 51,"Actual Startup Time": 969.195,"Actual Total Time": 969.238,"Actual Rows": 204,"Actual Loops": 1,"Sort Key": ["supplier.s_name"],"Sort Method": "quicksort","Sort Space Used": 44,"Sort Space Type": "Memory","Plans": [{"Node Type": "Hash Join","Parent Relationship": "Outer","Parallel Aware": false,"Async Capable": false,"Join Type": "Semi","Startup Cost": 165030.68,"Total Cost": 165272.66,"Plan Rows": 215,"Plan Width": 51,"Actual Startup Time": 964.261,"Actual Total Time": 968.627,"Actual Rows": 204,"Actual Loops": 1,"Inner Unique": false,"Hash Cond": "(supplier.s_suppkey = partsupp.ps_suppkey)","Plans": [{"Node Type": "Nested Loop","Parent Relationship": "Outer","Parallel Aware": false,"Async Capable": false,"Join Type": "Inner","Startup Cost": 7.38,"Total Cost": 244.58,"Plan Rows": 400,"Plan Width": 55,"Actual Startup Time": 0.256,"Actual Total Time": 4.098,"Actual Rows": 406,"Actual Loops": 1,"Inner Unique": false,"Plans": [{"Node Type": "Seq Scan","Parent Relationship": "Outer","Parallel Aware": false,"Async Capable": false,"Relation Name": "nation","Alias": "nation","Startup Cost": 0.00,"Total Cost": 1.31,"Plan Rows": 1,"Plan Width": 4,"Actual Startup Time": 0.068,"Actual Total Time": 0.097,"Actual Rows": 1,"Actual Loops": 1,"Filter": "(n_name = 'MOZAMBIQUE'::bpchar)","Rows Removed by Filter": 24},{"Node Type": "Bitmap Heap Scan","Parent Relationship": "Inner","Parallel Aware": false,"Async Capable": false,"Relation Name": "supplier","Alias": "supplier","Startup Cost": 7.38,"Total Cost": 239.27,"Plan Rows": 400,"Plan Width": 59,"Actual Startup Time": 0.185,"Actual Total Time": 3.943,"Actual Rows": 406,"Actual Loops": 1,"Recheck Cond": "(s_nationkey = nation.n_nationkey)","Rows Removed by Index Recheck": 0,"Exact Heap Blocks": 186,"Lossy Heap Blocks": 0,"Plans": [{"Node Type": "Bitmap Index Scan","Parent Relationship": "Outer","Parallel Aware": false,"Async Capable": false,"Index Name": "idx_supplier_nation_key","Startup Cost": 0.00,"Total Cost": 7.29,"Plan Rows": 400,"Plan Width": 0,"Actual Startup Time": 0.113,"Actual Total Time": 0.120,"Actual Rows": 406,"Actual Loops": 1,"Index Cond": "(s_nationkey = nation.n_nationkey)"}]}]},{"Node Type": "Hash","Parent Relationship": "Inner","Parallel Aware": false,"Async Capable": false,"Startup Cost": 164955.96,"Total Cost": 164955.96,"Plan Rows": 5387,"Plan Width": 4,"Actual Startup Time": 963.887,"Actual Total Time": 963.898,"Actual Rows": 5870,"Actual Loops": 1,"Hash Buckets": 8192,"Original Hash Buckets": 8192,"Hash Batches": 1,"Original Hash Batches": 1,"Peak Memory Usage": 271,"Plans": [{"Node Type": "Nested Loop","Parent Relationship": "Outer","Parallel Aware": false,"Async Capable": false,"Join Type": "Inner","Startup Cost": 0.42,"Total Cost": 164955.96,"Plan Rows": 5387,"Plan Width": 4,"Actual Startup Time": 0.984,"Actual Total Time": 958.340,"Actual Rows": 5870,"Actual Loops": 1,"Inner Unique": false,"Plans": [{"Node Type": "Seq Scan","Parent Relationship": "Outer","Parallel Aware": false,"Async Capable": false,"Relation Name": "part","Alias": "part","Startup Cost": 0.00,"Total Cost": 6597.00,"Plan Rows": 4040,"Plan Width": 4,"Actual Startup Time": 0.055,"Actual Total Time": 182.808,"Actual Rows": 2157,"Actual Loops": 1,"Filter": "((p_name)::text ~~ 'spring%'::text)","Rows Removed by Filter": 197843},{"Node Type": "Index Scan","Parent Relationship": "Inner","Parallel Aware": false,"Async Capable": false,"Scan Direction": "Forward","Index Name": "idx_partsupp_partkey","Relation Name": "partsupp","Alias": "partsupp","Startup Cost": 0.42,"Total Cost": 39.18,"Plan Rows": 1,"Plan Width": 8,"Actual Startup Time": 0.151,"Actual Total Time": 0.359,"Actual Rows": 3,"Actual Loops": 2157,"Index Cond": "(ps_partkey = part.p_partkey)","Rows Removed by Index Recheck": 0,"Filter": "((ps_availqty)::numeric > (SubPlan 1))","Rows Removed by Filter": 1,"Plans": [{"Node Type": "Aggregate","Strategy": "Plain","Partial Mode": "Simple","Parent Relationship": "SubPlan","Subplan Name": "SubPlan 1","Parallel Aware": false,"Async Capable": false,"Startup Cost": 8.46,"Total Cost": 8.47,"Plan Rows": 1,"Plan Width": 32,"Actual Startup Time": 0.082,"Actual Total Time": 0.082,"Actual Rows": 1,"Actual Loops": 8628,"Plans": [{"Node Type": "Index Scan","Parent Relationship": "Outer","Parallel Aware": false,"Async Capable": false,"Scan Direction": "Forward","Index Name": "idx_lineitem_part_supp","Relation Name": "lineitem","Alias": "lineitem","Startup Cost": 0.43,"Total Cost": 8.46,"Plan Rows": 0,"Plan Width": 5,"Actual Startup Time": 0.049,"Actual Total Time": 0.081,"Actual Rows": 1,"Actual Loops": 8628,"Index Cond": "((l_partkey = partsupp.ps_partkey) AND (l_suppkey = partsupp.ps_suppkey))","Rows Removed by Index Recheck": 0,"Filter": "((l_shipdate >= '1997-01-01'::date) AND (l_shipdate < '1998-01-01 00:00:00'::timestamp without time zone))","Rows Removed by Filter": 6}]}]}]}]}]}]},"Planning Time": 8.420,"Triggers": [],"Execution Time": 969.510}]
[{"Plan": {"Node Type": "Sort","Parallel Aware": false,"Async Capable": false,"Startup Cost": 88442.96,"Total Cost": 88443.23,"Plan Rows": 108,"Plan Width": 51,"Actual Startup Time": 896.367,"Actual Total Time": 896.400,"Actual Rows": 178,"Actual Loops": 1,"Sort Key": ["supplier.s_name"],"Sort Method": "quicksort","Sort Space Used": 41,"Sort Space Type": "Memory","Plans": [{"Node Type": "Hash Join","Parent Relationship": "Outer","Parallel Aware": false,"Async Capable": false,"Join Type": "Semi","Startup Cost": 88199.59,"Total Cost": 88439.31,"Plan Rows": 108,"Plan Width": 51,"Actual Startup Time": 892.254,"Actual Total Time": 896.042,"Actual Rows": 178,"Actual Loops": 1,"Inner Unique": false,"Hash Cond": "(supplier.s_suppkey = partsupp.ps_suppkey)","Plans": [{"Node Type": "Nested Loop","Parent Relationship": "Outer","Parallel Aware": false,"Async Capable": false,"Join Type": "Inner","Startup Cost": 7.38,"Total Cost": 244.58,"Plan Rows": 400,"Plan Width": 55,"Actual Startup Time": 0.239,"Actual Total Time": 3.940,"Actual Rows": 393,"Actual Loops": 1,"Inner Unique": false,"Plans": [{"Node Type": "Seq Scan","Parent Relationship": "Outer","Parallel Aware": false,"Async Capable": false,"Relation Name": "nation","Alias": "nation","Startup Cost": 0.00,"Total Cost": 1.31,"Plan Rows": 1,"Plan Width": 4,"Actual Startup Time": 0.063,"Actual Total Time": 0.093,"Actual Rows": 1,"Actual Loops": 1,"Filter": "(n_name = 'IRAN'::bpchar)","Rows Removed by Filter": 24},{"Node Type": "Bitmap Heap Scan","Parent Relationship": "Inner","Parallel Aware": false,"Async Capable": false,"Relation Name": "supplier","Alias": "supplier","Startup Cost": 7.38,"Total Cost": 239.27,"Plan Rows": 400,"Plan Width": 59,"Actual Startup Time": 0.170,"Actual Total Time": 3.782,"Actual Rows": 393,"Actual Loops": 1,"Recheck Cond": "(s_nationkey = nation.n_nationkey)","Rows Removed by Index Recheck": 0,"Exact Heap Blocks": 179,"Lossy Heap Blocks": 0,"Plans": [{"Node Type": "Bitmap Index Scan","Parent Relationship": "Outer","Parallel Aware": false,"Async Capable": false,"Index Name": "idx_supplier_nation_key","Startup Cost": 0.00,"Total Cost": 7.29,"Plan Rows": 400,"Plan Width": 0,"Actual Startup Time": 0.117,"Actual Total Time": 0.121,"Actual Rows": 393,"Actual Loops": 1,"Index Cond": "(s_nationkey = nation.n_nationkey)"}]}]},{"Node Type": "Hash","Parent Relationship": "Inner","Parallel Aware": false,"Async Capable": false,"Startup Cost": 88158.53,"Total Cost": 88158.53,"Plan Rows": 2694,"Plan Width": 4,"Actual Startup Time": 891.922,"Actual Total Time": 891.932,"Actual Rows": 5970,"Actual Loops": 1,"Hash Buckets": 8192,"Original Hash Buckets": 4096,"Hash Batches": 1,"Original Hash Batches": 1,"Peak Memory Usage": 274,"Plans": [{"Node Type": "Nested Loop","Parent Relationship": "Outer","Parallel Aware": false,"Async Capable": false,"Join Type": "Inner","Startup Cost": 0.42,"Total Cost": 88158.53,"Plan Rows": 2694,"Plan Width": 4,"Actual Startup Time": 0.784,"Actual Total Time": 886.933,"Actual Rows": 5970,"Actual Loops": 1,"Inner Unique": false,"Plans": [{"Node Type": "Seq Scan","Parent Relationship": "Outer","Parallel Aware": false,"Async Capable": false,"Relation Name": "part","Alias": "part","Startup Cost": 0.00,"Total Cost": 6597.00,"Plan Rows": 2020,"Plan Width": 4,"Actual Startup Time": 0.169,"Actual Total Time": 192.760,"Actual Rows": 2186,"Actual Loops": 1,"Filter": "((p_name)::text ~~ 'floral%'::text)","Rows Removed by Filter": 197814},{"Node Type": "Index Scan","Parent Relationship": "Inner","Parallel Aware": false,"Async Capable": false,"Scan Direction": "Forward","Index Name": "idx_partsupp_partkey","Relation Name": "partsupp","Alias": "partsupp","Startup Cost": 0.42,"Total Cost": 40.36,"Plan Rows": 1,"Plan Width": 8,"Actual Startup Time": 0.133,"Actual Total Time": 0.317,"Actual Rows": 3,"Actual Loops": 2186,"Index Cond": "(ps_partkey = part.p_partkey)","Rows Removed by Index Recheck": 0,"Filter": "((ps_availqty)::numeric > (SubPlan 1))","Rows Removed by Filter": 1,"Plans": [{"Node Type": "Aggregate","Strategy": "Plain","Partial Mode": "Simple","Parent Relationship": "SubPlan","Subplan Name": "SubPlan 1","Parallel Aware": false,"Async Capable": false,"Startup Cost": 8.46,"Total Cost": 8.47,"Plan Rows": 1,"Plan Width": 32,"Actual Startup Time": 0.071,"Actual Total Time": 0.071,"Actual Rows": 1,"Actual Loops": 8744,"Plans": [{"Node Type": "Index Scan","Parent Relationship": "Outer","Parallel Aware": false,"Async Capable": false,"Scan Direction": "Forward","Index Name": "idx_lineitem_part_supp","Relation Name": "lineitem","Alias": "lineitem","Startup Cost": 0.43,"Total Cost": 8.46,"Plan Rows": 0,"Plan Width": 5,"Actual Startup Time": 0.043,"Actual Total Time": 0.070,"Actual Rows": 1,"Actual Loops": 8744,"Index Cond": "((l_partkey = partsupp.ps_partkey) AND (l_suppkey = partsupp.ps_suppkey))","Rows Removed by Index Recheck": 0,"Filter": "((l_shipdate >= '1996-01-01'::date) AND (l_shipdate < '1997-01-01 00:00:00'::timestamp without time zone))","Rows Removed by Filter": 6}]}]}]}]}]}]},"Planning Time": 4.723,"Triggers": [],"Execution Time": 896.643}]
[{"Plan": {"Node Type": "Sort","Parallel Aware": false,"Async Capable": false,"Startup Cost": 88442.96,"Total Cost": 88443.23,"Plan Rows": 108,"Plan Width": 51,"Actual Startup Time": 902.521,"Actual Total Time": 902.561,"Actual Rows": 189,"Actual Loops": 1,"Sort Key": ["supplier.s_name"],"Sort Method": "quicksort","Sort Space Used": 42,"Sort Space Type": "Memory","Plans": [{"Node Type": "Hash Join","Parent Relationship": "Outer","Parallel Aware": false,"Async Capable": false,"Join Type": "Semi","Startup Cost": 88199.59,"Total Cost": 88439.31,"Plan Rows": 108,"Plan Width": 51,"Actual Startup Time": 898.159,"Actual Total Time": 902.051,"Actual Rows": 189,"Actual Loops": 1,"Inner Unique": false,"Hash Cond": "(supplier.s_suppkey = partsupp.ps_suppkey)","Plans": [{"Node Type": "Nested Loop","Parent Relationship": "Outer","Parallel Aware": false,"Async Capable": false,"Join Type": "Inner","Startup Cost": 7.38,"Total Cost": 244.58,"Plan Rows": 400,"Plan Width": 55,"Actual Startup Time": 0.236,"Actual Total Time": 4.080,"Actual Rows": 413,"Actual Loops": 1,"Inner Unique": false,"Plans": [{"Node Type": "Seq Scan","Parent Relationship": "Outer","Parallel Aware": false,"Async Capable": false,"Relation Name": "nation","Alias": "nation","Startup Cost": 0.00,"Total Cost": 1.31,"Plan Rows": 1,"Plan Width": 4,"Actual Startup Time": 0.064,"Actual Total Time": 0.094,"Actual Rows": 1,"Actual Loops": 1,"Filter": "(n_name = 'ARGENTINA'::bpchar)","Rows Removed by Filter": 24},{"Node Type": "Bitmap Heap Scan","Parent Relationship": "Inner","Parallel Aware": false,"Async Capable": false,"Relation Name": "supplier","Alias": "supplier","Startup Cost": 7.38,"Total Cost": 239.27,"Plan Rows": 400,"Plan Width": 59,"Actual Startup Time": 0.170,"Actual Total Time": 3.918,"Actual Rows": 413,"Actual Loops": 1,"Recheck Cond": "(s_nationkey = nation.n_nationkey)","Rows Removed by Index Recheck": 0,"Exact Heap Blocks": 190,"Lossy Heap Blocks": 0,"Plans": [{"Node Type": "Bitmap Index Scan","Parent Relationship": "Outer","Parallel Aware": false,"Async Capable": false,"Index Name": "idx_supplier_nation_key","Startup Cost": 0.00,"Total Cost": 7.29,"Plan Rows": 400,"Plan Width": 0,"Actual Startup Time": 0.115,"Actual Total Time": 0.118,"Actual Rows": 413,"Actual Loops": 1,"Index Cond": "(s_nationkey = nation.n_nationkey)"}]}]},{"Node Type": "Hash","Parent Relationship": "Inner","Parallel Aware": false,"Async Capable": false,"Startup Cost": 88158.53,"Total Cost": 88158.53,"Plan Rows": 2694,"Plan Width": 4,"Actual Startup Time": 897.825,"Actual Total Time": 897.837,"Actual Rows": 5806,"Actual Loops": 1,"Hash Buckets": 8192,"Original Hash Buckets": 4096,"Hash Batches": 1,"Original Hash Batches": 1,"Peak Memory Usage": 269,"Plans": [{"Node Type": "Nested Loop","Parent Relationship": "Outer","Parallel Aware": false,"Async Capable": false,"Join Type": "Inner","Startup Cost": 0.42,"Total Cost": 88158.53,"Plan Rows": 2694,"Plan Width": 4,"Actual Startup Time": 0.417,"Actual Total Time": 892.846,"Actual Rows": 5806,"Actual Loops": 1,"Inner Unique": false,"Plans": [{"Node Type": "Seq Scan","Parent Relationship": "Outer","Parallel Aware": false,"Async Capable": false,"Relation Name": "part","Alias": "part","Startup Cost": 0.00,"Total Cost": 6597.00,"Plan Rows": 2020,"Plan Width": 4,"Actual Startup Time": 0.032,"Actual Total Time": 200.172,"Actual Rows": 2127,"Actual Loops": 1,"Filter": "((p_name)::text ~~ 'forest%'::text)","Rows Removed by Filter": 197873},{"Node Type": "Index Scan","Parent Relationship": "Inner","Parallel Aware": false,"Async Capable": false,"Scan Direction": "Forward","Index Name": "idx_partsupp_partkey","Relation Name": "partsupp","Alias": "partsupp","Startup Cost": 0.42,"Total Cost": 40.36,"Plan Rows": 1,"Plan Width": 8,"Actual Startup Time": 0.137,"Actual Total Time": 0.325,"Actual Rows": 3,"Actual Loops": 2127,"Index Cond": "(ps_partkey = part.p_partkey)","Rows Removed by Index Recheck": 0,"Filter": "((ps_availqty)::numeric > (SubPlan 1))","Rows Removed by Filter": 1,"Plans": [{"Node Type": "Aggregate","Strategy": "Plain","Partial Mode": "Simple","Parent Relationship": "SubPlan","Subplan Name": "SubPlan 1","Parallel Aware": false,"Async Capable": false,"Startup Cost": 8.46,"Total Cost": 8.47,"Plan Rows": 1,"Plan Width": 32,"Actual Startup Time": 0.073,"Actual Total Time": 0.073,"Actual Rows": 1,"Actual Loops": 8508,"Plans": [{"Node Type": "Index Scan","Parent Relationship": "Outer","Parallel Aware": false,"Async Capable": false,"Scan Direction": "Forward","Index Name": "idx_lineitem_part_supp","Relation Name": "lineitem","Alias": "lineitem","Startup Cost": 0.43,"Total Cost": 8.46,"Plan Rows": 0,"Plan Width": 5,"Actual Startup Time": 0.044,"Actual Total Time": 0.072,"Actual Rows": 1,"Actual Loops": 8508,"Index Cond": "((l_partkey = partsupp.ps_partkey) AND (l_suppkey = partsupp.ps_suppkey))","Rows Removed by Index Recheck": 0,"Filter": "((l_shipdate >= '1995-01-01'::date) AND (l_shipdate < '1996-01-01 00:00:00'::timestamp without time zone))","Rows Removed by Filter": 6}]}]}]}]}]}]},"Planning Time": 7.481,"Triggers": [],"Execution Time": 902.790}]
[{"Plan": {"Node Type": "Sort","Parallel Aware": false,"Async Capable": false,"Startup Cost": 88442.96,"Total Cost": 88443.23,"Plan Rows": 108,"Plan Width": 51,"Actual Startup Time": 973.852,"Actual Total Time": 973.878,"Actual Rows": 178,"Actual Loops": 1,"Sort Key": ["supplier.s_name"],"Sort Method": "quicksort","Sort Space Used": 41,"Sort Space Type": "Memory","Plans": [{"Node Type": "Hash Join","Parent Relationship": "Outer","Parallel Aware": false,"Async Capable": false,"Join Type": "Semi","Startup Cost": 88199.59,"Total Cost": 88439.31,"Plan Rows": 108,"Plan Width": 51,"Actual Startup Time": 969.434,"Actual Total Time": 973.383,"Actual Rows": 178,"Actual Loops": 1,"Inner Unique": false,"Hash Cond": "(supplier.s_suppkey = partsupp.ps_suppkey)","Plans": [{"Node Type": "Nested Loop","Parent Relationship": "Outer","Parallel Aware": false,"Async Capable": false,"Join Type": "Inner","Startup Cost": 7.38,"Total Cost": 244.58,"Plan Rows": 400,"Plan Width": 55,"Actual Startup Time": 0.242,"Actual Total Time": 4.116,"Actual Rows": 380,"Actual Loops": 1,"Inner Unique": false,"Plans": [{"Node Type": "Seq Scan","Parent Relationship": "Outer","Parallel Aware": false,"Async Capable": false,"Relation Name": "nation","Alias": "nation","Startup Cost": 0.00,"Total Cost": 1.31,"Plan Rows": 1,"Plan Width": 4,"Actual Startup Time": 0.059,"Actual Total Time": 0.076,"Actual Rows": 1,"Actual Loops": 1,"Filter": "(n_name = 'ETHIOPIA'::bpchar)","Rows Removed by Filter": 24},{"Node Type": "Bitmap Heap Scan","Parent Relationship": "Inner","Parallel Aware": false,"Async Capable": false,"Relation Name": "supplier","Alias": "supplier","Startup Cost": 7.38,"Total Cost": 239.27,"Plan Rows": 400,"Plan Width": 59,"Actual Startup Time": 0.175,"Actual Total Time": 3.979,"Actual Rows": 380,"Actual Loops": 1,"Recheck Cond": "(s_nationkey = nation.n_nationkey)","Rows Removed by Index Recheck": 0,"Exact Heap Blocks": 192,"Lossy Heap Blocks": 0,"Plans": [{"Node Type": "Bitmap Index Scan","Parent Relationship": "Outer","Parallel Aware": false,"Async Capable": false,"Index Name": "idx_supplier_nation_key","Startup Cost": 0.00,"Total Cost": 7.29,"Plan Rows": 400,"Plan Width": 0,"Actual Startup Time": 0.116,"Actual Total Time": 0.121,"Actual Rows": 380,"Actual Loops": 1,"Index Cond": "(s_nationkey = nation.n_nationkey)"}]}]},{"Node Type": "Hash","Parent Relationship": "Inner","Parallel Aware": false,"Async Capable": false,"Startup Cost": 88158.53,"Total Cost": 88158.53,"Plan Rows": 2694,"Plan Width": 4,"Actual Startup Time": 969.088,"Actual Total Time": 969.095,"Actual Rows": 5824,"Actual Loops": 1,"Hash Buckets": 8192,"Original Hash Buckets": 4096,"Hash Batches": 1,"Original Hash Batches": 1,"Peak Memory Usage": 269,"Plans": [{"Node Type": "Nested Loop","Parent Relationship": "Outer","Parallel Aware": false,"Async Capable": false,"Join Type": "Inner","Startup Cost": 0.42,"Total Cost": 88158.53,"Plan Rows": 2694,"Plan Width": 4,"Actual Startup Time": 0.591,"Actual Total Time": 964.979,"Actual Rows": 5824,"Actual Loops": 1,"Inner Unique": false,"Plans": [{"Node Type": "Seq Scan","Parent Relationship": "Outer","Parallel Aware": false,"Async Capable": false,"Relation Name": "part","Alias": "part","Startup Cost": 0.00,"Total Cost": 6597.00,"Plan Rows": 2020,"Plan Width": 4,"Actual Startup Time": 0.174,"Actual Total Time": 181.836,"Actual Rows": 2178,"Actual Loops": 1,"Filter": "((p_name)::text ~~ 'salmon%'::text)","Rows Removed by Filter": 197822},{"Node Type": "Index Scan","Parent Relationship": "Inner","Parallel Aware": false,"Async Capable": false,"Scan Direction": "Forward","Index Name": "idx_partsupp_partkey","Relation Name": "partsupp","Alias": "partsupp","Startup Cost": 0.42,"Total Cost": 40.36,"Plan Rows": 1,"Plan Width": 8,"Actual Startup Time": 0.153,"Actual Total Time": 0.359,"Actual Rows": 3,"Actual Loops": 2178,"Index Cond": "(ps_partkey = part.p_partkey)","Rows Removed by Index Recheck": 0,"Filter": "((ps_availqty)::numeric > (SubPlan 1))","Rows Removed by Filter": 1,"Plans": [{"Node Type": "Aggregate","Strategy": "Plain","Partial Mode": "Simple","Parent Relationship": "SubPlan","Subplan Name": "SubPlan 1","Parallel Aware": false,"Async Capable": false,"Startup Cost": 8.46,"Total Cost": 8.47,"Plan Rows": 1,"Plan Width": 32,"Actual Startup Time": 0.082,"Actual Total Time": 0.082,"Actual Rows": 1,"Actual Loops": 8712,"Plans": [{"Node Type": "Index Scan","Parent Relationship": "Outer","Parallel Aware": false,"Async Capable": false,"Scan Direction": "Forward","Index Name": "idx_lineitem_part_supp","Relation Name": "lineitem","Alias": "lineitem","Startup Cost": 0.43,"Total Cost": 8.46,"Plan Rows": 0,"Plan Width": 5,"Actual Startup Time": 0.050,"Actual Total Time": 0.081,"Actual Rows": 1,"Actual Loops": 8712,"Index Cond": "((l_partkey = partsupp.ps_partkey) AND (l_suppkey = partsupp.ps_suppkey))","Rows Removed by Index Recheck": 0,"Filter": "((l_shipdate >= '1994-01-01'::date) AND (l_shipdate < '1995-01-01 00:00:00'::timestamp without time zone))","Rows Removed by Filter": 6}]}]}]}]}]}]},"Planning Time": 7.526,"Triggers": [],"Execution Time": 974.105}]
[{"Plan": {"Node Type": "Sort","Parallel Aware": false,"Async Capable": false,"Startup Cost": 165280.99,"Total Cost": 165281.52,"Plan Rows": 215,"Plan Width": 51,"Actual Startup Time": 994.543,"Actual Total Time": 994.580,"Actual Rows": 157,"Actual Loops": 1,"Sort Key": ["supplier.s_name"],"Sort Method": "quicksort","Sort Space Used": 39,"Sort Space Type": "Memory","Plans": [{"Node Type": "Hash Join","Parent Relationship": "Outer","Parallel Aware": false,"Async Capable": false,"Join Type": "Semi","Startup Cost": 165030.68,"Total Cost": 165272.66,"Plan Rows": 215,"Plan Width": 51,"Actual Startup Time": 990.253,"Actual Total Time": 994.223,"Actual Rows": 157,"Actual Loops": 1,"Inner Unique": false,"Hash Cond": "(supplier.s_suppkey = partsupp.ps_suppkey)","Plans": [{"Node Type": "Nested Loop","Parent Relationship": "Outer","Parallel Aware": false,"Async Capable": false,"Join Type": "Inner","Startup Cost": 7.38,"Total Cost": 244.58,"Plan Rows": 400,"Plan Width": 55,"Actual Startup Time": 0.277,"Actual Total Time": 3.838,"Actual Rows": 362,"Actual Loops": 1,"Inner Unique": false,"Plans": [{"Node Type": "Seq Scan","Parent Relationship": "Outer","Parallel Aware": false,"Async Capable": false,"Relation Name": "nation","Alias": "nation","Startup Cost": 0.00,"Total Cost": 1.31,"Plan Rows": 1,"Plan Width": 4,"Actual Startup Time": 0.068,"Actual Total Time": 0.100,"Actual Rows": 1,"Actual Loops": 1,"Filter": "(n_name = 'JORDAN'::bpchar)","Rows Removed by Filter": 24},{"Node Type": "Bitmap Heap Scan","Parent Relationship": "Inner","Parallel Aware": false,"Async Capable": false,"Relation Name": "supplier","Alias": "supplier","Startup Cost": 7.38,"Total Cost": 239.27,"Plan Rows": 400,"Plan Width": 59,"Actual Startup Time": 0.204,"Actual Total Time": 3.674,"Actual Rows": 362,"Actual Loops": 1,"Recheck Cond": "(s_nationkey = nation.n_nationkey)","Rows Removed by Index Recheck": 0,"Exact Heap Blocks": 166,"Lossy Heap Blocks": 0,"Plans": [{"Node Type": "Bitmap Index Scan","Parent Relationship": "Outer","Parallel Aware": false,"Async Capable": false,"Index Name": "idx_supplier_nation_key","Startup Cost": 0.00,"Total Cost": 7.29,"Plan Rows": 400,"Plan Width": 0,"Actual Startup Time": 0.128,"Actual Total Time": 0.130,"Actual Rows": 362,"Actual Loops": 1,"Index Cond": "(s_nationkey = nation.n_nationkey)"}]}]},{"Node Type": "Hash","Parent Relationship": "Inner","Parallel Aware": false,"Async Capable": false,"Startup Cost": 164955.96,"Total Cost": 164955.96,"Plan Rows": 5387,"Plan Width": 4,"Actual Startup Time": 989.836,"Actual Total Time": 989.843,"Actual Rows": 6102,"Actual Loops": 1,"Hash Buckets": 8192,"Original Hash Buckets": 8192,"Hash Batches": 1,"Original Hash Batches": 1,"Peak Memory Usage": 279,"Plans": [{"Node Type": "Nested Loop","Parent Relationship": "Outer","Parallel Aware": false,"Async Capable": false,"Join Type": "Inner","Startup Cost": 0.42,"Total Cost": 164955.96,"Plan Rows": 5387,"Plan Width": 4,"Actual Startup Time": 0.664,"Actual Total Time": 984.460,"Actual Rows": 6102,"Actual Loops": 1,"Inner Unique": false,"Plans": [{"Node Type": "Seq Scan","Parent Relationship": "Outer","Parallel Aware": false,"Async Capable": false,"Relation Name": "part","Alias": "part","Startup Cost": 0.00,"Total Cost": 6597.00,"Plan Rows": 4040,"Plan Width": 4,"Actual Startup Time": 0.170,"Actual Total Time": 181.708,"Actual Rows": 2228,"Actual Loops": 1,"Filter": "((p_name)::text ~~ 'dim%'::text)","Rows Removed by Filter": 197772},{"Node Type": "Index Scan","Parent Relationship": "Inner","Parallel Aware": false,"Async Capable": false,"Scan Direction": "Forward","Index Name": "idx_partsupp_partkey","Relation Name": "partsupp","Alias": "partsupp","Startup Cost": 0.42,"Total Cost": 39.18,"Plan Rows": 1,"Plan Width": 8,"Actual Startup Time": 0.149,"Actual Total Time": 0.360,"Actual Rows": 3,"Actual Loops": 2228,"Index Cond": "(ps_partkey = part.p_partkey)","Rows Removed by Index Recheck": 0,"Filter": "((ps_availqty)::numeric > (SubPlan 1))","Rows Removed by Filter": 1,"Plans": [{"Node Type": "Aggregate","Strategy": "Plain","Partial Mode": "Simple","Parent Relationship": "SubPlan","Subplan Name": "SubPlan 1","Parallel Aware": false,"Async Capable": false,"Startup Cost": 8.46,"Total Cost": 8.47,"Plan Rows": 1,"Plan Width": 32,"Actual Startup Time": 0.082,"Actual Total Time": 0.082,"Actual Rows": 1,"Actual Loops": 8912,"Plans": [{"Node Type": "Index Scan","Parent Relationship": "Outer","Parallel Aware": false,"Async Capable": false,"Scan Direction": "Forward","Index Name": "idx_lineitem_part_supp","Relation Name": "lineitem","Alias": "lineitem","Startup Cost": 0.43,"Total Cost": 8.46,"Plan Rows": 0,"Plan Width": 5,"Actual Startup Time": 0.050,"Actual Total Time": 0.081,"Actual Rows": 1,"Actual Loops": 8912,"Index Cond": "((l_partkey = partsupp.ps_partkey) AND (l_suppkey = partsupp.ps_suppkey))","Rows Removed by Index Recheck": 0,"Filter": "((l_shipdate >= '1993-01-01'::date) AND (l_shipdate < '1994-01-01 00:00:00'::timestamp without time zone))","Rows Removed by Filter": 6}]}]}]}]}]}]},"Planning Time": 6.294,"Triggers": [],"Execution Time": 994.868}]
[{"Plan": {"Node Type": "Sort","Parallel Aware": false,"Async Capable": false,"Startup Cost": 88442.96,"Total Cost": 88443.23,"Plan Rows": 108,"Plan Width": 51,"Actual Startup Time": 901.981,"Actual Total Time": 902.012,"Actual Rows": 159,"Actual Loops": 1,"Sort Key": ["supplier.s_name"],"Sort Method": "quicksort","Sort Space Used": 39,"Sort Space Type": "Memory","Plans": [{"Node Type": "Hash Join","Parent Relationship": "Outer","Parallel Aware": false,"Async Capable": false,"Join Type": "Semi","Startup Cost": 88199.59,"Total Cost": 88439.31,"Plan Rows": 108,"Plan Width": 51,"Actual Startup Time": 897.835,"Actual Total Time": 901.690,"Actual Rows": 159,"Actual Loops": 1,"Inner Unique": false,"Hash Cond": "(supplier.s_suppkey = partsupp.ps_suppkey)","Plans": [{"Node Type": "Nested Loop","Parent Relationship": "Outer","Parallel Aware": false,"Async Capable": false,"Join Type": "Inner","Startup Cost": 7.38,"Total Cost": 244.58,"Plan Rows": 400,"Plan Width": 55,"Actual Startup Time": 0.245,"Actual Total Time": 3.989,"Actual Rows": 412,"Actual Loops": 1,"Inner Unique": false,"Plans": [{"Node Type": "Seq Scan","Parent Relationship": "Outer","Parallel Aware": false,"Async Capable": false,"Relation Name": "nation","Alias": "nation","Startup Cost": 0.00,"Total Cost": 1.31,"Plan Rows": 1,"Plan Width": 4,"Actual Startup Time": 0.058,"Actual Total Time": 0.086,"Actual Rows": 1,"Actual Loops": 1,"Filter": "(n_name = 'CANADA'::bpchar)","Rows Removed by Filter": 24},{"Node Type": "Bitmap Heap Scan","Parent Relationship": "Inner","Parallel Aware": false,"Async Capable": false,"Relation Name": "supplier","Alias": "supplier","Startup Cost": 7.38,"Total Cost": 239.27,"Plan Rows": 400,"Plan Width": 59,"Actual Startup Time": 0.178,"Actual Total Time": 3.818,"Actual Rows": 412,"Actual Loops": 1,"Recheck Cond": "(s_nationkey = nation.n_nationkey)","Rows Removed by Index Recheck": 0,"Exact Heap Blocks": 189,"Lossy Heap Blocks": 0,"Plans": [{"Node Type": "Bitmap Index Scan","Parent Relationship": "Outer","Parallel Aware": false,"Async Capable": false,"Index Name": "idx_supplier_nation_key","Startup Cost": 0.00,"Total Cost": 7.29,"Plan Rows": 400,"Plan Width": 0,"Actual Startup Time": 0.120,"Actual Total Time": 0.124,"Actual Rows": 412,"Actual Loops": 1,"Index Cond": "(s_nationkey = nation.n_nationkey)"}]}]},{"Node Type": "Hash","Parent Relationship": "Inner","Parallel Aware": false,"Async Capable": false,"Startup Cost": 88158.53,"Total Cost": 88158.53,"Plan Rows": 2694,"Plan Width": 4,"Actual Startup Time": 897.532,"Actual Total Time": 897.540,"Actual Rows": 5780,"Actual Loops": 1,"Hash Buckets": 8192,"Original Hash Buckets": 4096,"Hash Batches": 1,"Original Hash Batches": 1,"Peak Memory Usage": 268,"Plans": [{"Node Type": "Nested Loop","Parent Relationship": "Outer","Parallel Aware": false,"Async Capable": false,"Join Type": "Inner","Startup Cost": 0.42,"Total Cost": 88158.53,"Plan Rows": 2694,"Plan Width": 4,"Actual Startup Time": 0.676,"Actual Total Time": 892.878,"Actual Rows": 5780,"Actual Loops": 1,"Inner Unique": false,"Plans": [{"Node Type": "Seq Scan","Parent Relationship": "Outer","Parallel Aware": false,"Async Capable": false,"Relation Name": "part","Alias": "part","Startup Cost": 0.00,"Total Cost": 6597.00,"Plan Rows": 2020,"Plan Width": 4,"Actual Startup Time": 0.042,"Actual Total Time": 194.763,"Actual Rows": 2166,"Actual Loops": 1,"Filter": "((p_name)::text ~~ 'blush%'::text)","Rows Removed by Filter": 197834},{"Node Type": "Index Scan","Parent Relationship": "Inner","Parallel Aware": false,"Async Capable": false,"Scan Direction": "Forward","Index Name": "idx_partsupp_partkey","Relation Name": "partsupp","Alias": "partsupp","Startup Cost": 0.42,"Total Cost": 40.36,"Plan Rows": 1,"Plan Width": 8,"Actual Startup Time": 0.137,"Actual Total Time": 0.322,"Actual Rows": 3,"Actual Loops": 2166,"Index Cond": "(ps_partkey = part.p_partkey)","Rows Removed by Index Recheck": 0,"Filter": "((ps_availqty)::numeric > (SubPlan 1))","Rows Removed by Filter": 1,"Plans": [{"Node Type": "Aggregate","Strategy": "Plain","Partial Mode": "Simple","Parent Relationship": "SubPlan","Subplan Name": "SubPlan 1","Parallel Aware": false,"Async Capable": false,"Startup Cost": 8.46,"Total Cost": 8.47,"Plan Rows": 1,"Plan Width": 32,"Actual Startup Time": 0.072,"Actual Total Time": 0.072,"Actual Rows": 1,"Actual Loops": 8664,"Plans": [{"Node Type": "Index Scan","Parent Relationship": "Outer","Parallel Aware": false,"Async Capable": false,"Scan Direction": "Forward","Index Name": "idx_lineitem_part_supp","Relation Name": "lineitem","Alias": "lineitem","Startup Cost": 0.43,"Total Cost": 8.46,"Plan Rows": 0,"Plan Width": 5,"Actual Startup Time": 0.044,"Actual Total Time": 0.071,"Actual Rows": 1,"Actual Loops": 8664,"Index Cond": "((l_partkey = partsupp.ps_partkey) AND (l_suppkey = partsupp.ps_suppkey))","Rows Removed by Index Recheck": 0,"Filter": "((l_shipdate >= '1994-01-01'::date) AND (l_shipdate < '1995-01-01 00:00:00'::timestamp without time zone))","Rows Removed by Filter": 6}]}]}]}]}]}]},"Planning Time": 7.629,"Triggers": [],"Execution Time": 902.230}]
[{"Plan": {"Node Type": "Sort","Parallel Aware": false,"Async Capable": false,"Startup Cost": 88442.96,"Total Cost": 88443.23,"Plan Rows": 108,"Plan Width": 51,"Actual Startup Time": 983.628,"Actual Total Time": 983.666,"Actual Rows": 197,"Actual Loops": 1,"Sort Key": ["supplier.s_name"],"Sort Method": "quicksort","Sort Space Used": 43,"Sort Space Type": "Memory","Plans": [{"Node Type": "Hash Join","Parent Relationship": "Outer","Parallel Aware": false,"Async Capable": false,"Join Type": "Semi","Startup Cost": 88199.59,"Total Cost": 88439.31,"Plan Rows": 108,"Plan Width": 51,"Actual Startup Time": 979.158,"Actual Total Time": 983.075,"Actual Rows": 197,"Actual Loops": 1,"Inner Unique": false,"Hash Cond": "(supplier.s_suppkey = partsupp.ps_suppkey)","Plans": [{"Node Type": "Nested Loop","Parent Relationship": "Outer","Parallel Aware": false,"Async Capable": false,"Join Type": "Inner","Startup Cost": 7.38,"Total Cost": 244.58,"Plan Rows": 400,"Plan Width": 55,"Actual Startup Time": 0.309,"Actual Total Time": 4.162,"Actual Rows": 401,"Actual Loops": 1,"Inner Unique": false,"Plans": [{"Node Type": "Seq Scan","Parent Relationship": "Outer","Parallel Aware": false,"Async Capable": false,"Relation Name": "nation","Alias": "nation","Startup Cost": 0.00,"Total Cost": 1.31,"Plan Rows": 1,"Plan Width": 4,"Actual Startup Time": 0.083,"Actual Total Time": 0.095,"Actual Rows": 1,"Actual Loops": 1,"Filter": "(n_name = 'RUSSIA'::bpchar)","Rows Removed by Filter": 24},{"Node Type": "Bitmap Heap Scan","Parent Relationship": "Inner","Parallel Aware": false,"Async Capable": false,"Relation Name": "supplier","Alias": "supplier","Startup Cost": 7.38,"Total Cost": 239.27,"Plan Rows": 400,"Plan Width": 59,"Actual Startup Time": 0.222,"Actual Total Time": 4.000,"Actual Rows": 401,"Actual Loops": 1,"Recheck Cond": "(s_nationkey = nation.n_nationkey)","Rows Removed by Index Recheck": 0,"Exact Heap Blocks": 180,"Lossy Heap Blocks": 0,"Plans": [{"Node Type": "Bitmap Index Scan","Parent Relationship": "Outer","Parallel Aware": false,"Async Capable": false,"Index Name": "idx_supplier_nation_key","Startup Cost": 0.00,"Total Cost": 7.29,"Plan Rows": 400,"Plan Width": 0,"Actual Startup Time": 0.154,"Actual Total Time": 0.159,"Actual Rows": 401,"Actual Loops": 1,"Index Cond": "(s_nationkey = nation.n_nationkey)"}]}]},{"Node Type": "Hash","Parent Relationship": "Inner","Parallel Aware": false,"Async Capable": false,"Startup Cost": 88158.53,"Total Cost": 88158.53,"Plan Rows": 2694,"Plan Width": 4,"Actual Startup Time": 978.766,"Actual Total Time": 978.773,"Actual Rows": 5993,"Actual Loops": 1,"Hash Buckets": 8192,"Original Hash Buckets": 4096,"Hash Batches": 1,"Original Hash Batches": 1,"Peak Memory Usage": 275,"Plans": [{"Node Type": "Nested Loop","Parent Relationship": "Outer","Parallel Aware": false,"Async Capable": false,"Join Type": "Inner","Startup Cost": 0.42,"Total Cost": 88158.53,"Plan Rows": 2694,"Plan Width": 4,"Actual Startup Time": 0.719,"Actual Total Time": 974.718,"Actual Rows": 5993,"Actual Loops": 1,"Inner Unique": false,"Plans": [{"Node Type": "Seq Scan","Parent Relationship": "Outer","Parallel Aware": false,"Async Capable": false,"Relation Name": "part","Alias": "part","Startup Cost": 0.00,"Total Cost": 6597.00,"Plan Rows": 2020,"Plan Width": 4,"Actual Startup Time": 0.077,"Actual Total Time": 182.213,"Actual Rows": 2231,"Actual Loops": 1,"Filter": "((p_name)::text ~~ 'saddle%'::text)","Rows Removed by Filter": 197769},{"Node Type": "Index Scan","Parent Relationship": "Inner","Parallel Aware": false,"Async Capable": false,"Scan Direction": "Forward","Index Name": "idx_partsupp_partkey","Relation Name": "partsupp","Alias": "partsupp","Startup Cost": 0.42,"Total Cost": 40.36,"Plan Rows": 1,"Plan Width": 8,"Actual Startup Time": 0.149,"Actual Total Time": 0.355,"Actual Rows": 3,"Actual Loops": 2231,"Index Cond": "(ps_partkey = part.p_partkey)","Rows Removed by Index Recheck": 0,"Filter": "((ps_availqty)::numeric > (SubPlan 1))","Rows Removed by Filter": 1,"Plans": [{"Node Type": "Aggregate","Strategy": "Plain","Partial Mode": "Simple","Parent Relationship": "SubPlan","Subplan Name": "SubPlan 1","Parallel Aware": false,"Async Capable": false,"Startup Cost": 8.46,"Total Cost": 8.47,"Plan Rows": 1,"Plan Width": 32,"Actual Startup Time": 0.081,"Actual Total Time": 0.081,"Actual Rows": 1,"Actual Loops": 8924,"Plans": [{"Node Type": "Index Scan","Parent Relationship": "Outer","Parallel Aware": false,"Async Capable": false,"Scan Direction": "Forward","Index Name": "idx_lineitem_part_supp","Relation Name": "lineitem","Alias": "lineitem","Startup Cost": 0.43,"Total Cost": 8.46,"Plan Rows": 0,"Plan Width": 5,"Actual Startup Time": 0.049,"Actual Total Time": 0.080,"Actual Rows": 1,"Actual Loops": 8924,"Index Cond": "((l_partkey = partsupp.ps_partkey) AND (l_suppkey = partsupp.ps_suppkey))","Rows Removed by Index Recheck": 0,"Filter": "((l_shipdate >= '1995-01-01'::date) AND (l_shipdate < '1996-01-01 00:00:00'::timestamp without time zone))","Rows Removed by Filter": 6}]}]}]}]}]}]},"Planning Time": 5.895,"Triggers": [],"Execution Time": 983.925}]
[{"Plan": {"Node Type": "Sort","Parallel Aware": false,"Async Capable": false,"Startup Cost": 88442.96,"Total Cost": 88443.23,"Plan Rows": 108,"Plan Width": 51,"Actual Startup Time": 890.687,"Actual Total Time": 890.713,"Actual Rows": 167,"Actual Loops": 1,"Sort Key": ["supplier.s_name"],"Sort Method": "quicksort","Sort Space Used": 40,"Sort Space Type": "Memory","Plans": [{"Node Type": "Hash Join","Parent Relationship": "Outer","Parallel Aware": false,"Async Capable": false,"Join Type": "Semi","Startup Cost": 88199.59,"Total Cost": 88439.31,"Plan Rows": 108,"Plan Width": 51,"Actual Startup Time": 886.282,"Actual Total Time": 890.370,"Actual Rows": 167,"Actual Loops": 1,"Inner Unique": false,"Hash Cond": "(supplier.s_suppkey = partsupp.ps_suppkey)","Plans": [{"Node Type": "Nested Loop","Parent Relationship": "Outer","Parallel Aware": false,"Async Capable": false,"Join Type": "Inner","Startup Cost": 7.38,"Total Cost": 244.58,"Plan Rows": 400,"Plan Width": 55,"Actual Startup Time": 0.261,"Actual Total Time": 4.243,"Actual Rows": 399,"Actual Loops": 1,"Inner Unique": false,"Plans": [{"Node Type": "Seq Scan","Parent Relationship": "Outer","Parallel Aware": false,"Async Capable": false,"Relation Name": "nation","Alias": "nation","Startup Cost": 0.00,"Total Cost": 1.31,"Plan Rows": 1,"Plan Width": 4,"Actual Startup Time": 0.071,"Actual Total Time": 0.085,"Actual Rows": 1,"Actual Loops": 1,"Filter": "(n_name = 'VIETNAM'::bpchar)","Rows Removed by Filter": 24},{"Node Type": "Bitmap Heap Scan","Parent Relationship": "Inner","Parallel Aware": false,"Async Capable": false,"Relation Name": "supplier","Alias": "supplier","Startup Cost": 7.38,"Total Cost": 239.27,"Plan Rows": 400,"Plan Width": 59,"Actual Startup Time": 0.180,"Actual Total Time": 4.086,"Actual Rows": 399,"Actual Loops": 1,"Recheck Cond": "(s_nationkey = nation.n_nationkey)","Rows Removed by Index Recheck": 0,"Exact Heap Blocks": 191,"Lossy Heap Blocks": 0,"Plans": [{"Node Type": "Bitmap Index Scan","Parent Relationship": "Outer","Parallel Aware": false,"Async Capable": false,"Index Name": "idx_supplier_nation_key","Startup Cost": 0.00,"Total Cost": 7.29,"Plan Rows": 400,"Plan Width": 0,"Actual Startup Time": 0.116,"Actual Total Time": 0.119,"Actual Rows": 399,"Actual Loops": 1,"Index Cond": "(s_nationkey = nation.n_nationkey)"}]}]},{"Node Type": "Hash","Parent Relationship": "Inner","Parallel Aware": false,"Async Capable": false,"Startup Cost": 88158.53,"Total Cost": 88158.53,"Plan Rows": 2694,"Plan Width": 4,"Actual Startup Time": 885.961,"Actual Total Time": 885.967,"Actual Rows": 5732,"Actual Loops": 1,"Hash Buckets": 8192,"Original Hash Buckets": 4096,"Hash Batches": 1,"Original Hash Batches": 1,"Peak Memory Usage": 266,"Plans": [{"Node Type": "Nested Loop","Parent Relationship": "Outer","Parallel Aware": false,"Async Capable": false,"Join Type": "Inner","Startup Cost": 0.42,"Total Cost": 88158.53,"Plan Rows": 2694,"Plan Width": 4,"Actual Startup Time": 0.368,"Actual Total Time": 881.731,"Actual Rows": 5732,"Actual Loops": 1,"Inner Unique": false,"Plans": [{"Node Type": "Seq Scan","Parent Relationship": "Outer","Parallel Aware": false,"Async Capable": false,"Relation Name": "part","Alias": "part","Startup Cost": 0.00,"Total Cost": 6597.00,"Plan Rows": 2020,"Plan Width": 4,"Actual Startup Time": 0.067,"Actual Total Time": 197.190,"Actual Rows": 2106,"Actual Loops": 1,"Filter": "((p_name)::text ~~ 'aquamarine%'::text)","Rows Removed by Filter": 197894},{"Node Type": "Index Scan","Parent Relationship": "Inner","Parallel Aware": false,"Async Capable": false,"Scan Direction": "Forward","Index Name": "idx_partsupp_partkey","Relation Name": "partsupp","Alias": "partsupp","Startup Cost": 0.42,"Total Cost": 40.36,"Plan Rows": 1,"Plan Width": 8,"Actual Startup Time": 0.135,"Actual Total Time": 0.325,"Actual Rows": 3,"Actual Loops": 2106,"Index Cond": "(ps_partkey = part.p_partkey)","Rows Removed by Index Recheck": 0,"Filter": "((ps_availqty)::numeric > (SubPlan 1))","Rows Removed by Filter": 1,"Plans": [{"Node Type": "Aggregate","Strategy": "Plain","Partial Mode": "Simple","Parent Relationship": "SubPlan","Subplan Name": "SubPlan 1","Parallel Aware": false,"Async Capable": false,"Startup Cost": 8.46,"Total Cost": 8.47,"Plan Rows": 1,"Plan Width": 32,"Actual Startup Time": 0.073,"Actual Total Time": 0.073,"Actual Rows": 1,"Actual Loops": 8424,"Plans": [{"Node Type": "Index Scan","Parent Relationship": "Outer","Parallel Aware": false,"Async Capable": false,"Scan Direction": "Forward","Index Name": "idx_lineitem_part_supp","Relation Name": "lineitem","Alias": "lineitem","Startup Cost": 0.43,"Total Cost": 8.46,"Plan Rows": 0,"Plan Width": 5,"Actual Startup Time": 0.044,"Actual Total Time": 0.072,"Actual Rows": 1,"Actual Loops": 8424,"Index Cond": "((l_partkey = partsupp.ps_partkey) AND (l_suppkey = partsupp.ps_suppkey))","Rows Removed by Index Recheck": 0,"Filter": "((l_shipdate >= '1997-01-01'::date) AND (l_shipdate < '1998-01-01 00:00:00'::timestamp without time zone))","Rows Removed by Filter": 6}]}]}]}]}]}]},"Planning Time": 6.644,"Triggers": [],"Execution Time": 890.989}]
[{"Plan": {"Node Type": "Sort","Parallel Aware": false,"Async Capable": false,"Startup Cost": 88442.96,"Total Cost": 88443.23,"Plan Rows": 108,"Plan Width": 51,"Actual Startup Time": 953.867,"Actual Total Time": 953.907,"Actual Rows": 170,"Actual Loops": 1,"Sort Key": ["supplier.s_name"],"Sort Method": "quicksort","Sort Space Used": 41,"Sort Space Type": "Memory","Plans": [{"Node Type": "Hash Join","Parent Relationship": "Outer","Parallel Aware": false,"Async Capable": false,"Join Type": "Semi","Startup Cost": 88199.59,"Total Cost": 88439.31,"Plan Rows": 108,"Plan Width": 51,"Actual Startup Time": 949.507,"Actual Total Time": 953.426,"Actual Rows": 170,"Actual Loops": 1,"Inner Unique": false,"Hash Cond": "(supplier.s_suppkey = partsupp.ps_suppkey)","Plans": [{"Node Type": "Nested Loop","Parent Relationship": "Outer","Parallel Aware": false,"Async Capable": false,"Join Type": "Inner","Startup Cost": 7.38,"Total Cost": 244.58,"Plan Rows": 400,"Plan Width": 55,"Actual Startup Time": 0.234,"Actual Total Time": 4.126,"Actual Rows": 402,"Actual Loops": 1,"Inner Unique": false,"Plans": [{"Node Type": "Seq Scan","Parent Relationship": "Outer","Parallel Aware": false,"Async Capable": false,"Relation Name": "nation","Alias": "nation","Startup Cost": 0.00,"Total Cost": 1.31,"Plan Rows": 1,"Plan Width": 4,"Actual Startup Time": 0.063,"Actual Total Time": 0.088,"Actual Rows": 1,"Actual Loops": 1,"Filter": "(n_name = 'FRANCE'::bpchar)","Rows Removed by Filter": 24},{"Node Type": "Bitmap Heap Scan","Parent Relationship": "Inner","Parallel Aware": false,"Async Capable": false,"Relation Name": "supplier","Alias": "supplier","Startup Cost": 7.38,"Total Cost": 239.27,"Plan Rows": 400,"Plan Width": 59,"Actual Startup Time": 0.169,"Actual Total Time": 3.982,"Actual Rows": 402,"Actual Loops": 1,"Recheck Cond": "(s_nationkey = nation.n_nationkey)","Rows Removed by Index Recheck": 0,"Exact Heap Blocks": 184,"Lossy Heap Blocks": 0,"Plans": [{"Node Type": "Bitmap Index Scan","Parent Relationship": "Outer","Parallel Aware": false,"Async Capable": false,"Index Name": "idx_supplier_nation_key","Startup Cost": 0.00,"Total Cost": 7.29,"Plan Rows": 400,"Plan Width": 0,"Actual Startup Time": 0.110,"Actual Total Time": 0.115,"Actual Rows": 402,"Actual Loops": 1,"Index Cond": "(s_nationkey = nation.n_nationkey)"}]}]},{"Node Type": "Hash","Parent Relationship": "Inner","Parallel Aware": false,"Async Capable": false,"Startup Cost": 88158.53,"Total Cost": 88158.53,"Plan Rows": 2694,"Plan Width": 4,"Actual Startup Time": 949.145,"Actual Total Time": 949.155,"Actual Rows": 5732,"Actual Loops": 1,"Hash Buckets": 8192,"Original Hash Buckets": 4096,"Hash Batches": 1,"Original Hash Batches": 1,"Peak Memory Usage": 266,"Plans": [{"Node Type": "Nested Loop","Parent Relationship": "Outer","Parallel Aware": false,"Async Capable": false,"Join Type": "Inner","Startup Cost": 0.42,"Total Cost": 88158.53,"Plan Rows": 2694,"Plan Width": 4,"Actual Startup Time": 0.509,"Actual Total Time": 944.825,"Actual Rows": 5732,"Actual Loops": 1,"Inner Unique": false,"Plans": [{"Node Type": "Seq Scan","Parent Relationship": "Outer","Parallel Aware": false,"Async Capable": false,"Relation Name": "part","Alias": "part","Startup Cost": 0.00,"Total Cost": 6597.00,"Plan Rows": 2020,"Plan Width": 4,"Actual Startup Time": 0.078,"Actual Total Time": 179.607,"Actual Rows": 2106,"Actual Loops": 1,"Filter": "((p_name)::text ~~ 'aquamarine%'::text)","Rows Removed by Filter": 197894},{"Node Type": "Index Scan","Parent Relationship": "Inner","Parallel Aware": false,"Async Capable": false,"Scan Direction": "Forward","Index Name": "idx_partsupp_partkey","Relation Name": "partsupp","Alias": "partsupp","Startup Cost": 0.42,"Total Cost": 40.36,"Plan Rows": 1,"Plan Width": 8,"Actual Startup Time": 0.149,"Actual Total Time": 0.363,"Actual Rows": 3,"Actual Loops": 2106,"Index Cond": "(ps_partkey = part.p_partkey)","Rows Removed by Index Recheck": 0,"Filter": "((ps_availqty)::numeric > (SubPlan 1))","Rows Removed by Filter": 1,"Plans": [{"Node Type": "Aggregate","Strategy": "Plain","Partial Mode": "Simple","Parent Relationship": "SubPlan","Subplan Name": "SubPlan 1","Parallel Aware": false,"Async Capable": false,"Startup Cost": 8.46,"Total Cost": 8.47,"Plan Rows": 1,"Plan Width": 32,"Actual Startup Time": 0.083,"Actual Total Time": 0.083,"Actual Rows": 1,"Actual Loops": 8424,"Plans": [{"Node Type": "Index Scan","Parent Relationship": "Outer","Parallel Aware": false,"Async Capable": false,"Scan Direction": "Forward","Index Name": "idx_lineitem_part_supp","Relation Name": "lineitem","Alias": "lineitem","Startup Cost": 0.43,"Total Cost": 8.46,"Plan Rows": 0,"Plan Width": 5,"Actual Startup Time": 0.050,"Actual Total Time": 0.082,"Actual Rows": 1,"Actual Loops": 8424,"Index Cond": "((l_partkey = partsupp.ps_partkey) AND (l_suppkey = partsupp.ps_suppkey))","Rows Removed by Index Recheck": 0,"Filter": "((l_shipdate >= '1997-01-01'::date) AND (l_shipdate < '1998-01-01 00:00:00'::timestamp without time zone))","Rows Removed by Filter": 6}]}]}]}]}]}]},"Planning Time": 5.613,"Triggers": [],"Execution Time": 954.151}]
[{"Plan": {"Node Type": "Sort","Parallel Aware": false,"Async Capable": false,"Startup Cost": 88442.96,"Total Cost": 88443.23,"Plan Rows": 108,"Plan Width": 51,"Actual Startup Time": 894.421,"Actual Total Time": 894.445,"Actual Rows": 180,"Actual Loops": 1,"Sort Key": ["supplier.s_name"],"Sort Method": "quicksort","Sort Space Used": 41,"Sort Space Type": "Memory","Plans": [{"Node Type": "Hash Join","Parent Relationship": "Outer","Parallel Aware": false,"Async Capable": false,"Join Type": "Semi","Startup Cost": 88199.59,"Total Cost": 88439.31,"Plan Rows": 108,"Plan Width": 51,"Actual Startup Time": 890.084,"Actual Total Time": 894.116,"Actual Rows": 180,"Actual Loops": 1,"Inner Unique": false,"Hash Cond": "(supplier.s_suppkey = partsupp.ps_suppkey)","Plans": [{"Node Type": "Nested Loop","Parent Relationship": "Outer","Parallel Aware": false,"Async Capable": false,"Join Type": "Inner","Startup Cost": 7.38,"Total Cost": 244.58,"Plan Rows": 400,"Plan Width": 55,"Actual Startup Time": 0.245,"Actual Total Time": 4.137,"Actual Rows": 399,"Actual Loops": 1,"Inner Unique": false,"Plans": [{"Node Type": "Seq Scan","Parent Relationship": "Outer","Parallel Aware": false,"Async Capable": false,"Relation Name": "nation","Alias": "nation","Startup Cost": 0.00,"Total Cost": 1.31,"Plan Rows": 1,"Plan Width": 4,"Actual Startup Time": 0.068,"Actual Total Time": 0.078,"Actual Rows": 1,"Actual Loops": 1,"Filter": "(n_name = 'VIETNAM'::bpchar)","Rows Removed by Filter": 24},{"Node Type": "Bitmap Heap Scan","Parent Relationship": "Inner","Parallel Aware": false,"Async Capable": false,"Relation Name": "supplier","Alias": "supplier","Startup Cost": 7.38,"Total Cost": 239.27,"Plan Rows": 400,"Plan Width": 59,"Actual Startup Time": 0.170,"Actual Total Time": 3.987,"Actual Rows": 399,"Actual Loops": 1,"Recheck Cond": "(s_nationkey = nation.n_nationkey)","Rows Removed by Index Recheck": 0,"Exact Heap Blocks": 191,"Lossy Heap Blocks": 0,"Plans": [{"Node Type": "Bitmap Index Scan","Parent Relationship": "Outer","Parallel Aware": false,"Async Capable": false,"Index Name": "idx_supplier_nation_key","Startup Cost": 0.00,"Total Cost": 7.29,"Plan Rows": 400,"Plan Width": 0,"Actual Startup Time": 0.118,"Actual Total Time": 0.118,"Actual Rows": 399,"Actual Loops": 1,"Index Cond": "(s_nationkey = nation.n_nationkey)"}]}]},{"Node Type": "Hash","Parent Relationship": "Inner","Parallel Aware": false,"Async Capable": false,"Startup Cost": 88158.53,"Total Cost": 88158.53,"Plan Rows": 2694,"Plan Width": 4,"Actual Startup Time": 889.776,"Actual Total Time": 889.784,"Actual Rows": 5980,"Actual Loops": 1,"Hash Buckets": 8192,"Original Hash Buckets": 4096,"Hash Batches": 1,"Original Hash Batches": 1,"Peak Memory Usage": 275,"Plans": [{"Node Type": "Nested Loop","Parent Relationship": "Outer","Parallel Aware": false,"Async Capable": false,"Join Type": "Inner","Startup Cost": 0.42,"Total Cost": 88158.53,"Plan Rows": 2694,"Plan Width": 4,"Actual Startup Time": 0.510,"Actual Total Time": 885.378,"Actual Rows": 5980,"Actual Loops": 1,"Inner Unique": false,"Plans": [{"Node Type": "Seq Scan","Parent Relationship": "Outer","Parallel Aware": false,"Async Capable": false,"Relation Name": "part","Alias": "part","Startup Cost": 0.00,"Total Cost": 6597.00,"Plan Rows": 2020,"Plan Width": 4,"Actual Startup Time": 0.082,"Actual Total Time": 194.656,"Actual Rows": 2194,"Actual Loops": 1,"Filter": "((p_name)::text ~~ 'midnight%'::text)","Rows Removed by Filter": 197806},{"Node Type": "Index Scan","Parent Relationship": "Inner","Parallel Aware": false,"Async Capable": false,"Scan Direction": "Forward","Index Name": "idx_partsupp_partkey","Relation Name": "partsupp","Alias": "partsupp","Startup Cost": 0.42,"Total Cost": 40.36,"Plan Rows": 1,"Plan Width": 8,"Actual Startup Time": 0.134,"Actual Total Time": 0.314,"Actual Rows": 3,"Actual Loops": 2194,"Index Cond": "(ps_partkey = part.p_partkey)","Rows Removed by Index Recheck": 0,"Filter": "((ps_availqty)::numeric > (SubPlan 1))","Rows Removed by Filter": 1,"Plans": [{"Node Type": "Aggregate","Strategy": "Plain","Partial Mode": "Simple","Parent Relationship": "SubPlan","Subplan Name": "SubPlan 1","Parallel Aware": false,"Async Capable": false,"Startup Cost": 8.46,"Total Cost": 8.47,"Plan Rows": 1,"Plan Width": 32,"Actual Startup Time": 0.070,"Actual Total Time": 0.070,"Actual Rows": 1,"Actual Loops": 8776,"Plans": [{"Node Type": "Index Scan","Parent Relationship": "Outer","Parallel Aware": false,"Async Capable": false,"Scan Direction": "Forward","Index Name": "idx_lineitem_part_supp","Relation Name": "lineitem","Alias": "lineitem","Startup Cost": 0.43,"Total Cost": 8.46,"Plan Rows": 0,"Plan Width": 5,"Actual Startup Time": 0.043,"Actual Total Time": 0.070,"Actual Rows": 1,"Actual Loops": 8776,"Index Cond": "((l_partkey = partsupp.ps_partkey) AND (l_suppkey = partsupp.ps_suppkey))","Rows Removed by Index Recheck": 0,"Filter": "((l_shipdate >= '1994-01-01'::date) AND (l_shipdate < '1995-01-01 00:00:00'::timestamp without time zone))","Rows Removed by Filter": 6}]}]}]}]}]}]},"Planning Time": 7.830,"Triggers": [],"Execution Time": 894.665}]
[{"Plan": {"Node Type": "Sort","Parallel Aware": false,"Async Capable": false,"Startup Cost": 88442.96,"Total Cost": 88443.23,"Plan Rows": 108,"Plan Width": 51,"Actual Startup Time": 922.429,"Actual Total Time": 922.471,"Actual Rows": 176,"Actual Loops": 1,"Sort Key": ["supplier.s_name"],"Sort Method": "quicksort","Sort Space Used": 41,"Sort Space Type": "Memory","Plans": [{"Node Type": "Hash Join","Parent Relationship": "Outer","Parallel Aware": false,"Async Capable": false,"Join Type": "Semi","Startup Cost": 88199.59,"Total Cost": 88439.31,"Plan Rows": 108,"Plan Width": 51,"Actual Startup Time": 918.243,"Actual Total Time": 922.142,"Actual Rows": 176,"Actual Loops": 1,"Inner Unique": false,"Hash Cond": "(supplier.s_suppkey = partsupp.ps_suppkey)","Plans": [{"Node Type": "Nested Loop","Parent Relationship": "Outer","Parallel Aware": false,"Async Capable": false,"Join Type": "Inner","Startup Cost": 7.38,"Total Cost": 244.58,"Plan Rows": 400,"Plan Width": 55,"Actual Startup Time": 0.257,"Actual Total Time": 4.058,"Actual Rows": 398,"Actual Loops": 1,"Inner Unique": false,"Plans": [{"Node Type": "Seq Scan","Parent Relationship": "Outer","Parallel Aware": false,"Async Capable": false,"Relation Name": "nation","Alias": "nation","Startup Cost": 0.00,"Total Cost": 1.31,"Plan Rows": 1,"Plan Width": 4,"Actual Startup Time": 0.068,"Actual Total Time": 0.092,"Actual Rows": 1,"Actual Loops": 1,"Filter": "(n_name = 'ROMANIA'::bpchar)","Rows Removed by Filter": 24},{"Node Type": "Bitmap Heap Scan","Parent Relationship": "Inner","Parallel Aware": false,"Async Capable": false,"Relation Name": "supplier","Alias": "supplier","Startup Cost": 7.38,"Total Cost": 239.27,"Plan Rows": 400,"Plan Width": 59,"Actual Startup Time": 0.186,"Actual Total Time": 3.906,"Actual Rows": 398,"Actual Loops": 1,"Recheck Cond": "(s_nationkey = nation.n_nationkey)","Rows Removed by Index Recheck": 0,"Exact Heap Blocks": 186,"Lossy Heap Blocks": 0,"Plans": [{"Node Type": "Bitmap Index Scan","Parent Relationship": "Outer","Parallel Aware": false,"Async Capable": false,"Index Name": "idx_supplier_nation_key","Startup Cost": 0.00,"Total Cost": 7.29,"Plan Rows": 400,"Plan Width": 0,"Actual Startup Time": 0.126,"Actual Total Time": 0.128,"Actual Rows": 398,"Actual Loops": 1,"Index Cond": "(s_nationkey = nation.n_nationkey)"}]}]},{"Node Type": "Hash","Parent Relationship": "Inner","Parallel Aware": false,"Async Capable": false,"Startup Cost": 88158.53,"Total Cost": 88158.53,"Plan Rows": 2694,"Plan Width": 4,"Actual Startup Time": 917.924,"Actual Total Time": 917.936,"Actual Rows": 6080,"Actual Loops": 1,"Hash Buckets": 8192,"Original Hash Buckets": 4096,"Hash Batches": 1,"Original Hash Batches": 1,"Peak Memory Usage": 278,"Plans": [{"Node Type": "Nested Loop","Parent Relationship": "Outer","Parallel Aware": false,"Async Capable": false,"Join Type": "Inner","Startup Cost": 0.42,"Total Cost": 88158.53,"Plan Rows": 2694,"Plan Width": 4,"Actual Startup Time": 0.414,"Actual Total Time": 913.230,"Actual Rows": 6080,"Actual Loops": 1,"Inner Unique": false,"Plans": [{"Node Type": "Seq Scan","Parent Relationship": "Outer","Parallel Aware": false,"Async Capable": false,"Relation Name": "part","Alias": "part","Startup Cost": 0.00,"Total Cost": 6597.00,"Plan Rows": 2020,"Plan Width": 4,"Actual Startup Time": 0.023,"Actual Total Time": 201.996,"Actual Rows": 2233,"Actual Loops": 1,"Filter": "((p_name)::text ~~ 'chiffon%'::text)","Rows Removed by Filter": 197767},{"Node Type": "Index Scan","Parent Relationship": "Inner","Parallel Aware": false,"Async Capable": false,"Scan Direction": "Forward","Index Name": "idx_partsupp_partkey","Relation Name": "partsupp","Alias": "partsupp","Startup Cost": 0.42,"Total Cost": 40.36,"Plan Rows": 1,"Plan Width": 8,"Actual Startup Time": 0.134,"Actual Total Time": 0.318,"Actual Rows": 3,"Actual Loops": 2233,"Index Cond": "(ps_partkey = part.p_partkey)","Rows Removed by Index Recheck": 0,"Filter": "((ps_availqty)::numeric > (SubPlan 1))","Rows Removed by Filter": 1,"Plans": [{"Node Type": "Aggregate","Strategy": "Plain","Partial Mode": "Simple","Parent Relationship": "SubPlan","Subplan Name": "SubPlan 1","Parallel Aware": false,"Async Capable": false,"Startup Cost": 8.46,"Total Cost": 8.47,"Plan Rows": 1,"Plan Width": 32,"Actual Startup Time": 0.071,"Actual Total Time": 0.071,"Actual Rows": 1,"Actual Loops": 8932,"Plans": [{"Node Type": "Index Scan","Parent Relationship": "Outer","Parallel Aware": false,"Async Capable": false,"Scan Direction": "Forward","Index Name": "idx_lineitem_part_supp","Relation Name": "lineitem","Alias": "lineitem","Startup Cost": 0.43,"Total Cost": 8.46,"Plan Rows": 0,"Plan Width": 5,"Actual Startup Time": 0.043,"Actual Total Time": 0.070,"Actual Rows": 1,"Actual Loops": 8932,"Index Cond": "((l_partkey = partsupp.ps_partkey) AND (l_suppkey = partsupp.ps_suppkey))","Rows Removed by Index Recheck": 0,"Filter": "((l_shipdate >= '1994-01-01'::date) AND (l_shipdate < '1995-01-01 00:00:00'::timestamp without time zone))","Rows Removed by Filter": 6}]}]}]}]}]}]},"Planning Time": 7.269,"Triggers": [],"Execution Time": 922.740}]
[{"Plan": {"Node Type": "Sort","Parallel Aware": false,"Async Capable": false,"Startup Cost": 88442.96,"Total Cost": 88443.23,"Plan Rows": 108,"Plan Width": 51,"Actual Startup Time": 988.355,"Actual Total Time": 988.388,"Actual Rows": 170,"Actual Loops": 1,"Sort Key": ["supplier.s_name"],"Sort Method": "quicksort","Sort Space Used": 40,"Sort Space Type": "Memory","Plans": [{"Node Type": "Hash Join","Parent Relationship": "Outer","Parallel Aware": false,"Async Capable": false,"Join Type": "Semi","Startup Cost": 88199.59,"Total Cost": 88439.31,"Plan Rows": 108,"Plan Width": 51,"Actual Startup Time": 983.709,"Actual Total Time": 988.058,"Actual Rows": 170,"Actual Loops": 1,"Inner Unique": false,"Hash Cond": "(supplier.s_suppkey = partsupp.ps_suppkey)","Plans": [{"Node Type": "Nested Loop","Parent Relationship": "Outer","Parallel Aware": false,"Async Capable": false,"Join Type": "Inner","Startup Cost": 7.38,"Total Cost": 244.58,"Plan Rows": 400,"Plan Width": 55,"Actual Startup Time": 0.277,"Actual Total Time": 4.482,"Actual Rows": 411,"Actual Loops": 1,"Inner Unique": false,"Plans": [{"Node Type": "Seq Scan","Parent Relationship": "Outer","Parallel Aware": false,"Async Capable": false,"Relation Name": "nation","Alias": "nation","Startup Cost": 0.00,"Total Cost": 1.31,"Plan Rows": 1,"Plan Width": 4,"Actual Startup Time": 0.076,"Actual Total Time": 0.093,"Actual Rows": 1,"Actual Loops": 1,"Filter": "(n_name = 'SAUDI ARABIA'::bpchar)","Rows Removed by Filter": 24},{"Node Type": "Bitmap Heap Scan","Parent Relationship": "Inner","Parallel Aware": false,"Async Capable": false,"Relation Name": "supplier","Alias": "supplier","Startup Cost": 7.38,"Total Cost": 239.27,"Plan Rows": 400,"Plan Width": 59,"Actual Startup Time": 0.194,"Actual Total Time": 4.316,"Actual Rows": 411,"Actual Loops": 1,"Recheck Cond": "(s_nationkey = nation.n_nationkey)","Rows Removed by Index Recheck": 0,"Exact Heap Blocks": 182,"Lossy Heap Blocks": 0,"Plans": [{"Node Type": "Bitmap Index Scan","Parent Relationship": "Outer","Parallel Aware": false,"Async Capable": false,"Index Name": "idx_supplier_nation_key","Startup Cost": 0.00,"Total Cost": 7.29,"Plan Rows": 400,"Plan Width": 0,"Actual Startup Time": 0.137,"Actual Total Time": 0.140,"Actual Rows": 411,"Actual Loops": 1,"Index Cond": "(s_nationkey = nation.n_nationkey)"}]}]},{"Node Type": "Hash","Parent Relationship": "Inner","Parallel Aware": false,"Async Capable": false,"Startup Cost": 88158.53,"Total Cost": 88158.53,"Plan Rows": 2694,"Plan Width": 4,"Actual Startup Time": 983.368,"Actual Total Time": 983.379,"Actual Rows": 5958,"Actual Loops": 1,"Hash Buckets": 8192,"Original Hash Buckets": 4096,"Hash Batches": 1,"Original Hash Batches": 1,"Peak Memory Usage": 274,"Plans": [{"Node Type": "Nested Loop","Parent Relationship": "Outer","Parallel Aware": false,"Async Capable": false,"Join Type": "Inner","Startup Cost": 0.42,"Total Cost": 88158.53,"Plan Rows": 2694,"Plan Width": 4,"Actual Startup Time": 0.962,"Actual Total Time": 979.154,"Actual Rows": 5958,"Actual Loops": 1,"Inner Unique": false,"Plans": [{"Node Type": "Seq Scan","Parent Relationship": "Outer","Parallel Aware": false,"Async Capable": false,"Relation Name": "part","Alias": "part","Startup Cost": 0.00,"Total Cost": 6597.00,"Plan Rows": 2020,"Plan Width": 4,"Actual Startup Time": 0.220,"Actual Total Time": 181.898,"Actual Rows": 2202,"Actual Loops": 1,"Filter": "((p_name)::text ~~ 'magenta%'::text)","Rows Removed by Filter": 197798},{"Node Type": "Index Scan","Parent Relationship": "Inner","Parallel Aware": false,"Async Capable": false,"Scan Direction": "Forward","Index Name": "idx_partsupp_partkey","Relation Name": "partsupp","Alias": "partsupp","Startup Cost": 0.42,"Total Cost": 40.36,"Plan Rows": 1,"Plan Width": 8,"Actual Startup Time": 0.150,"Actual Total Time": 0.362,"Actual Rows": 3,"Actual Loops": 2202,"Index Cond": "(ps_partkey = part.p_partkey)","Rows Removed by Index Recheck": 0,"Filter": "((ps_availqty)::numeric > (SubPlan 1))","Rows Removed by Filter": 1,"Plans": [{"Node Type": "Aggregate","Strategy": "Plain","Partial Mode": "Simple","Parent Relationship": "SubPlan","Subplan Name": "SubPlan 1","Parallel Aware": false,"Async Capable": false,"Startup Cost": 8.46,"Total Cost": 8.47,"Plan Rows": 1,"Plan Width": 32,"Actual Startup Time": 0.082,"Actual Total Time": 0.082,"Actual Rows": 1,"Actual Loops": 8808,"Plans": [{"Node Type": "Index Scan","Parent Relationship": "Outer","Parallel Aware": false,"Async Capable": false,"Scan Direction": "Forward","Index Name": "idx_lineitem_part_supp","Relation Name": "lineitem","Alias": "lineitem","Startup Cost": 0.43,"Total Cost": 8.46,"Plan Rows": 0,"Plan Width": 5,"Actual Startup Time": 0.050,"Actual Total Time": 0.081,"Actual Rows": 1,"Actual Loops": 8808,"Index Cond": "((l_partkey = partsupp.ps_partkey) AND (l_suppkey = partsupp.ps_suppkey))","Rows Removed by Index Recheck": 0,"Filter": "((l_shipdate >= '1997-01-01'::date) AND (l_shipdate < '1998-01-01 00:00:00'::timestamp without time zone))","Rows Removed by Filter": 6}]}]}]}]}]}]},"Planning Time": 6.421,"Triggers": [],"Execution Time": 988.660}]
[{"Plan": {"Node Type": "Sort","Parallel Aware": false,"Async Capable": false,"Startup Cost": 88442.96,"Total Cost": 88443.23,"Plan Rows": 108,"Plan Width": 51,"Actual Startup Time": 960.776,"Actual Total Time": 960.822,"Actual Rows": 203,"Actual Loops": 1,"Sort Key": ["supplier.s_name"],"Sort Method": "quicksort","Sort Space Used": 44,"Sort Space Type": "Memory","Plans": [{"Node Type": "Hash Join","Parent Relationship": "Outer","Parallel Aware": false,"Async Capable": false,"Join Type": "Semi","Startup Cost": 88199.59,"Total Cost": 88439.31,"Plan Rows": 108,"Plan Width": 51,"Actual Startup Time": 955.837,"Actual Total Time": 960.268,"Actual Rows": 203,"Actual Loops": 1,"Inner Unique": false,"Hash Cond": "(supplier.s_suppkey = partsupp.ps_suppkey)","Plans": [{"Node Type": "Nested Loop","Parent Relationship": "Outer","Parallel Aware": false,"Async Capable": false,"Join Type": "Inner","Startup Cost": 7.38,"Total Cost": 244.58,"Plan Rows": 400,"Plan Width": 55,"Actual Startup Time": 0.268,"Actual Total Time": 4.615,"Actual Rows": 420,"Actual Loops": 1,"Inner Unique": false,"Plans": [{"Node Type": "Seq Scan","Parent Relationship": "Outer","Parallel Aware": false,"Async Capable": false,"Relation Name": "nation","Alias": "nation","Startup Cost": 0.00,"Total Cost": 1.31,"Plan Rows": 1,"Plan Width": 4,"Actual Startup Time": 0.073,"Actual Total Time": 0.100,"Actual Rows": 1,"Actual Loops": 1,"Filter": "(n_name = 'ALGERIA'::bpchar)","Rows Removed by Filter": 24},{"Node Type": "Bitmap Heap Scan","Parent Relationship": "Inner","Parallel Aware": false,"Async Capable": false,"Relation Name": "supplier","Alias": "supplier","Startup Cost": 7.38,"Total Cost": 239.27,"Plan Rows": 400,"Plan Width": 59,"Actual Startup Time": 0.192,"Actual Total Time": 4.447,"Actual Rows": 420,"Actual Loops": 1,"Recheck Cond": "(s_nationkey = nation.n_nationkey)","Rows Removed by Index Recheck": 0,"Exact Heap Blocks": 197,"Lossy Heap Blocks": 0,"Plans": [{"Node Type": "Bitmap Index Scan","Parent Relationship": "Outer","Parallel Aware": false,"Async Capable": false,"Index Name": "idx_supplier_nation_key","Startup Cost": 0.00,"Total Cost": 7.29,"Plan Rows": 400,"Plan Width": 0,"Actual Startup Time": 0.124,"Actual Total Time": 0.130,"Actual Rows": 420,"Actual Loops": 1,"Index Cond": "(s_nationkey = nation.n_nationkey)"}]}]},{"Node Type": "Hash","Parent Relationship": "Inner","Parallel Aware": false,"Async Capable": false,"Startup Cost": 88158.53,"Total Cost": 88158.53,"Plan Rows": 2694,"Plan Width": 4,"Actual Startup Time": 955.456,"Actual Total Time": 955.468,"Actual Rows": 5857,"Actual Loops": 1,"Hash Buckets": 8192,"Original Hash Buckets": 4096,"Hash Batches": 1,"Original Hash Batches": 1,"Peak Memory Usage": 270,"Plans": [{"Node Type": "Nested Loop","Parent Relationship": "Outer","Parallel Aware": false,"Async Capable": false,"Join Type": "Inner","Startup Cost": 0.42,"Total Cost": 88158.53,"Plan Rows": 2694,"Plan Width": 4,"Actual Startup Time": 0.580,"Actual Total Time": 951.396,"Actual Rows": 5857,"Actual Loops": 1,"Inner Unique": false,"Plans": [{"Node Type": "Seq Scan","Parent Relationship": "Outer","Parallel Aware": false,"Async Capable": false,"Relation Name": "part","Alias": "part","Startup Cost": 0.00,"Total Cost": 6597.00,"Plan Rows": 2020,"Plan Width": 4,"Actual Startup Time": 0.142,"Actual Total Time": 179.184,"Actual Rows": 2161,"Actual Loops": 1,"Filter": "((p_name)::text ~~ 'lime%'::text)","Rows Removed by Filter": 197839},{"Node Type": "Index Scan","Parent Relationship": "Inner","Parallel Aware": false,"Async Capable": false,"Scan Direction": "Forward","Index Name": "idx_partsupp_partkey","Relation Name": "partsupp","Alias": "partsupp","Startup Cost": 0.42,"Total Cost": 40.36,"Plan Rows": 1,"Plan Width": 8,"Actual Startup Time": 0.146,"Actual Total Time": 0.357,"Actual Rows": 3,"Actual Loops": 2161,"Index Cond": "(ps_partkey = part.p_partkey)","Rows Removed by Index Recheck": 0,"Filter": "((ps_availqty)::numeric > (SubPlan 1))","Rows Removed by Filter": 1,"Plans": [{"Node Type": "Aggregate","Strategy": "Plain","Partial Mode": "Simple","Parent Relationship": "SubPlan","Subplan Name": "SubPlan 1","Parallel Aware": false,"Async Capable": false,"Startup Cost": 8.46,"Total Cost": 8.47,"Plan Rows": 1,"Plan Width": 32,"Actual Startup Time": 0.081,"Actual Total Time": 0.081,"Actual Rows": 1,"Actual Loops": 8644,"Plans": [{"Node Type": "Index Scan","Parent Relationship": "Outer","Parallel Aware": false,"Async Capable": false,"Scan Direction": "Forward","Index Name": "idx_lineitem_part_supp","Relation Name": "lineitem","Alias": "lineitem","Startup Cost": 0.43,"Total Cost": 8.46,"Plan Rows": 0,"Plan Width": 5,"Actual Startup Time": 0.049,"Actual Total Time": 0.080,"Actual Rows": 1,"Actual Loops": 8644,"Index Cond": "((l_partkey = partsupp.ps_partkey) AND (l_suppkey = partsupp.ps_suppkey))","Rows Removed by Index Recheck": 0,"Filter": "((l_shipdate >= '1994-01-01'::date) AND (l_shipdate < '1995-01-01 00:00:00'::timestamp without time zone))","Rows Removed by Filter": 6}]}]}]}]}]}]},"Planning Time": 5.882,"Triggers": [],"Execution Time": 961.090}]
[{"Plan": {"Node Type": "Sort","Parallel Aware": false,"Async Capable": false,"Startup Cost": 88442.96,"Total Cost": 88443.23,"Plan Rows": 108,"Plan Width": 51,"Actual Startup Time": 979.322,"Actual Total Time": 979.356,"Actual Rows": 166,"Actual Loops": 1,"Sort Key": ["supplier.s_name"],"Sort Method": "quicksort","Sort Space Used": 40,"Sort Space Type": "Memory","Plans": [{"Node Type": "Hash Join","Parent Relationship": "Outer","Parallel Aware": false,"Async Capable": false,"Join Type": "Semi","Startup Cost": 88199.59,"Total Cost": 88439.31,"Plan Rows": 108,"Plan Width": 51,"Actual Startup Time": 975.149,"Actual Total Time": 979.032,"Actual Rows": 166,"Actual Loops": 1,"Inner Unique": false,"Hash Cond": "(supplier.s_suppkey = partsupp.ps_suppkey)","Plans": [{"Node Type": "Nested Loop","Parent Relationship": "Outer","Parallel Aware": false,"Async Capable": false,"Join Type": "Inner","Startup Cost": 7.38,"Total Cost": 244.58,"Plan Rows": 400,"Plan Width": 55,"Actual Startup Time": 0.327,"Actual Total Time": 4.087,"Actual Rows": 373,"Actual Loops": 1,"Inner Unique": false,"Plans": [{"Node Type": "Seq Scan","Parent Relationship": "Outer","Parallel Aware": false,"Async Capable": false,"Relation Name": "nation","Alias": "nation","Startup Cost": 0.00,"Total Cost": 1.31,"Plan Rows": 1,"Plan Width": 4,"Actual Startup Time": 0.094,"Actual Total Time": 0.111,"Actual Rows": 1,"Actual Loops": 1,"Filter": "(n_name = 'MOROCCO'::bpchar)","Rows Removed by Filter": 24},{"Node Type": "Bitmap Heap Scan","Parent Relationship": "Inner","Parallel Aware": false,"Async Capable": false,"Relation Name": "supplier","Alias": "supplier","Startup Cost": 7.38,"Total Cost": 239.27,"Plan Rows": 400,"Plan Width": 59,"Actual Startup Time": 0.225,"Actual Total Time": 3.919,"Actual Rows": 373,"Actual Loops": 1,"Recheck Cond": "(s_nationkey = nation.n_nationkey)","Rows Removed by Index Recheck": 0,"Exact Heap Blocks": 180,"Lossy Heap Blocks": 0,"Plans": [{"Node Type": "Bitmap Index Scan","Parent Relationship": "Outer","Parallel Aware": false,"Async Capable": false,"Index Name": "idx_supplier_nation_key","Startup Cost": 0.00,"Total Cost": 7.29,"Plan Rows": 400,"Plan Width": 0,"Actual Startup Time": 0.156,"Actual Total Time": 0.160,"Actual Rows": 373,"Actual Loops": 1,"Index Cond": "(s_nationkey = nation.n_nationkey)"}]}]},{"Node Type": "Hash","Parent Relationship": "Inner","Parallel Aware": false,"Async Capable": false,"Startup Cost": 88158.53,"Total Cost": 88158.53,"Plan Rows": 2694,"Plan Width": 4,"Actual Startup Time": 974.761,"Actual Total Time": 974.772,"Actual Rows": 6017,"Actual Loops": 1,"Hash Buckets": 8192,"Original Hash Buckets": 4096,"Hash Batches": 1,"Original Hash Batches": 1,"Peak Memory Usage": 276,"Plans": [{"Node Type": "Nested Loop","Parent Relationship": "Outer","Parallel Aware": false,"Async Capable": false,"Join Type": "Inner","Startup Cost": 0.42,"Total Cost": 88158.53,"Plan Rows": 2694,"Plan Width": 4,"Actual Startup Time": 0.827,"Actual Total Time": 970.529,"Actual Rows": 6017,"Actual Loops": 1,"Inner Unique": false,"Plans": [{"Node Type": "Seq Scan","Parent Relationship": "Outer","Parallel Aware": false,"Async Capable": false,"Relation Name": "part","Alias": "part","Startup Cost": 0.00,"Total Cost": 6597.00,"Plan Rows": 2020,"Plan Width": 4,"Actual Startup Time": 0.336,"Actual Total Time": 179.613,"Actual Rows": 2212,"Actual Loops": 1,"Filter": "((p_name)::text ~~ 'black%'::text)","Rows Removed by Filter": 197788},{"Node Type": "Index Scan","Parent Relationship": "Inner","Parallel Aware": false,"Async Capable": false,"Scan Direction": "Forward","Index Name": "idx_partsupp_partkey","Relation Name": "partsupp","Alias": "partsupp","Startup Cost": 0.42,"Total Cost": 40.36,"Plan Rows": 1,"Plan Width": 8,"Actual Startup Time": 0.149,"Actual Total Time": 0.357,"Actual Rows": 3,"Actual Loops": 2212,"Index Cond": "(ps_partkey = part.p_partkey)","Rows Removed by Index Recheck": 0,"Filter": "((ps_availqty)::numeric > (SubPlan 1))","Rows Removed by Filter": 1,"Plans": [{"Node Type": "Aggregate","Strategy": "Plain","Partial Mode": "Simple","Parent Relationship": "SubPlan","Subplan Name": "SubPlan 1","Parallel Aware": false,"Async Capable": false,"Startup Cost": 8.46,"Total Cost": 8.47,"Plan Rows": 1,"Plan Width": 32,"Actual Startup Time": 0.081,"Actual Total Time": 0.081,"Actual Rows": 1,"Actual Loops": 8848,"Plans": [{"Node Type": "Index Scan","Parent Relationship": "Outer","Parallel Aware": false,"Async Capable": false,"Scan Direction": "Forward","Index Name": "idx_lineitem_part_supp","Relation Name": "lineitem","Alias": "lineitem","Startup Cost": 0.43,"Total Cost": 8.46,"Plan Rows": 0,"Plan Width": 5,"Actual Startup Time": 0.049,"Actual Total Time": 0.080,"Actual Rows": 1,"Actual Loops": 8848,"Index Cond": "((l_partkey = partsupp.ps_partkey) AND (l_suppkey = partsupp.ps_suppkey))","Rows Removed by Index Recheck": 0,"Filter": "((l_shipdate >= '1996-01-01'::date) AND (l_shipdate < '1997-01-01 00:00:00'::timestamp without time zone))","Rows Removed by Filter": 6}]}]}]}]}]}]},"Planning Time": 7.047,"Triggers": [],"Execution Time": 979.617}]
[{"Plan": {"Node Type": "Sort","Parallel Aware": false,"Async Capable": false,"Startup Cost": 88442.96,"Total Cost": 88443.23,"Plan Rows": 108,"Plan Width": 51,"Actual Startup Time": 868.541,"Actual Total Time": 868.578,"Actual Rows": 186,"Actual Loops": 1,"Sort Key": ["supplier.s_name"],"Sort Method": "quicksort","Sort Space Used": 42,"Sort Space Type": "Memory","Plans": [{"Node Type": "Hash Join","Parent Relationship": "Outer","Parallel Aware": false,"Async Capable": false,"Join Type": "Semi","Startup Cost": 88199.59,"Total Cost": 88439.31,"Plan Rows": 108,"Plan Width": 51,"Actual Startup Time": 864.308,"Actual Total Time": 868.197,"Actual Rows": 186,"Actual Loops": 1,"Inner Unique": false,"Hash Cond": "(supplier.s_suppkey = partsupp.ps_suppkey)","Plans": [{"Node Type": "Nested Loop","Parent Relationship": "Outer","Parallel Aware": false,"Async Capable": false,"Join Type": "Inner","Startup Cost": 7.38,"Total Cost": 244.58,"Plan Rows": 400,"Plan Width": 55,"Actual Startup Time": 0.316,"Actual Total Time": 4.119,"Actual Rows": 421,"Actual Loops": 1,"Inner Unique": false,"Plans": [{"Node Type": "Seq Scan","Parent Relationship": "Outer","Parallel Aware": false,"Async Capable": false,"Relation Name": "nation","Alias": "nation","Startup Cost": 0.00,"Total Cost": 1.31,"Plan Rows": 1,"Plan Width": 4,"Actual Startup Time": 0.072,"Actual Total Time": 0.095,"Actual Rows": 1,"Actual Loops": 1,"Filter": "(n_name = 'PERU'::bpchar)","Rows Removed by Filter": 24},{"Node Type": "Bitmap Heap Scan","Parent Relationship": "Inner","Parallel Aware": false,"Async Capable": false,"Relation Name": "supplier","Alias": "supplier","Startup Cost": 7.38,"Total Cost": 239.27,"Plan Rows": 400,"Plan Width": 59,"Actual Startup Time": 0.238,"Actual Total Time": 3.963,"Actual Rows": 421,"Actual Loops": 1,"Recheck Cond": "(s_nationkey = nation.n_nationkey)","Rows Removed by Index Recheck": 0,"Exact Heap Blocks": 187,"Lossy Heap Blocks": 0,"Plans": [{"Node Type": "Bitmap Index Scan","Parent Relationship": "Outer","Parallel Aware": false,"Async Capable": false,"Index Name": "idx_supplier_nation_key","Startup Cost": 0.00,"Total Cost": 7.29,"Plan Rows": 400,"Plan Width": 0,"Actual Startup Time": 0.162,"Actual Total Time": 0.168,"Actual Rows": 421,"Actual Loops": 1,"Index Cond": "(s_nationkey = nation.n_nationkey)"}]}]},{"Node Type": "Hash","Parent Relationship": "Inner","Parallel Aware": false,"Async Capable": false,"Startup Cost": 88158.53,"Total Cost": 88158.53,"Plan Rows": 2694,"Plan Width": 4,"Actual Startup Time": 863.915,"Actual Total Time": 863.926,"Actual Rows": 5697,"Actual Loops": 1,"Hash Buckets": 8192,"Original Hash Buckets": 4096,"Hash Batches": 1,"Original Hash Batches": 1,"Peak Memory Usage": 265,"Plans": [{"Node Type": "Nested Loop","Parent Relationship": "Outer","Parallel Aware": false,"Async Capable": false,"Join Type": "Inner","Startup Cost": 0.42,"Total Cost": 88158.53,"Plan Rows": 2694,"Plan Width": 4,"Actual Startup Time": 0.604,"Actual Total Time": 859.140,"Actual Rows": 5697,"Actual Loops": 1,"Inner Unique": false,"Plans": [{"Node Type": "Seq Scan","Parent Relationship": "Outer","Parallel Aware": false,"Async Capable": false,"Relation Name": "part","Alias": "part","Startup Cost": 0.00,"Total Cost": 6597.00,"Plan Rows": 2020,"Plan Width": 4,"Actual Startup Time": 0.093,"Actual Total Time": 193.548,"Actual Rows": 2071,"Actual Loops": 1,"Filter": "((p_name)::text ~~ 'honeydew%'::text)","Rows Removed by Filter": 197929},{"Node Type": "Index Scan","Parent Relationship": "Inner","Parallel Aware": false,"Async Capable": false,"Scan Direction": "Forward","Index Name": "idx_partsupp_partkey","Relation Name": "partsupp","Alias": "partsupp","Startup Cost": 0.42,"Total Cost": 40.36,"Plan Rows": 1,"Plan Width": 8,"Actual Startup Time": 0.135,"Actual Total Time": 0.321,"Actual Rows": 3,"Actual Loops": 2071,"Index Cond": "(ps_partkey = part.p_partkey)","Rows Removed by Index Recheck": 0,"Filter": "((ps_availqty)::numeric > (SubPlan 1))","Rows Removed by Filter": 1,"Plans": [{"Node Type": "Aggregate","Strategy": "Plain","Partial Mode": "Simple","Parent Relationship": "SubPlan","Subplan Name": "SubPlan 1","Parallel Aware": false,"Async Capable": false,"Startup Cost": 8.46,"Total Cost": 8.47,"Plan Rows": 1,"Plan Width": 32,"Actual Startup Time": 0.072,"Actual Total Time": 0.072,"Actual Rows": 1,"Actual Loops": 8284,"Plans": [{"Node Type": "Index Scan","Parent Relationship": "Outer","Parallel Aware": false,"Async Capable": false,"Scan Direction": "Forward","Index Name": "idx_lineitem_part_supp","Relation Name": "lineitem","Alias": "lineitem","Startup Cost": 0.43,"Total Cost": 8.46,"Plan Rows": 0,"Plan Width": 5,"Actual Startup Time": 0.044,"Actual Total Time": 0.071,"Actual Rows": 1,"Actual Loops": 8284,"Index Cond": "((l_partkey = partsupp.ps_partkey) AND (l_suppkey = partsupp.ps_suppkey))","Rows Removed by Index Recheck": 0,"Filter": "((l_shipdate >= '1993-01-01'::date) AND (l_shipdate < '1994-01-01 00:00:00'::timestamp without time zone))","Rows Removed by Filter": 6}]}]}]}]}]}]},"Planning Time": 5.917,"Triggers": [],"Execution Time": 868.839}]
[{"Plan": {"Node Type": "Sort","Parallel Aware": false,"Async Capable": false,"Startup Cost": 88442.96,"Total Cost": 88443.23,"Plan Rows": 108,"Plan Width": 51,"Actual Startup Time": 969.869,"Actual Total Time": 969.905,"Actual Rows": 173,"Actual Loops": 1,"Sort Key": ["supplier.s_name"],"Sort Method": "quicksort","Sort Space Used": 41,"Sort Space Type": "Memory","Plans": [{"Node Type": "Hash Join","Parent Relationship": "Outer","Parallel Aware": false,"Async Capable": false,"Join Type": "Semi","Startup Cost": 88199.59,"Total Cost": 88439.31,"Plan Rows": 108,"Plan Width": 51,"Actual Startup Time": 965.686,"Actual Total Time": 969.549,"Actual Rows": 173,"Actual Loops": 1,"Inner Unique": false,"Hash Cond": "(supplier.s_suppkey = partsupp.ps_suppkey)","Plans": [{"Node Type": "Nested Loop","Parent Relationship": "Outer","Parallel Aware": false,"Async Capable": false,"Join Type": "Inner","Startup Cost": 7.38,"Total Cost": 244.58,"Plan Rows": 400,"Plan Width": 55,"Actual Startup Time": 0.309,"Actual Total Time": 4.058,"Actual Rows": 401,"Actual Loops": 1,"Inner Unique": false,"Plans": [{"Node Type": "Seq Scan","Parent Relationship": "Outer","Parallel Aware": false,"Async Capable": false,"Relation Name": "nation","Alias": "nation","Startup Cost": 0.00,"Total Cost": 1.31,"Plan Rows": 1,"Plan Width": 4,"Actual Startup Time": 0.073,"Actual Total Time": 0.091,"Actual Rows": 1,"Actual Loops": 1,"Filter": "(n_name = 'RUSSIA'::bpchar)","Rows Removed by Filter": 24},{"Node Type": "Bitmap Heap Scan","Parent Relationship": "Inner","Parallel Aware": false,"Async Capable": false,"Relation Name": "supplier","Alias": "supplier","Startup Cost": 7.38,"Total Cost": 239.27,"Plan Rows": 400,"Plan Width": 59,"Actual Startup Time": 0.225,"Actual Total Time": 3.886,"Actual Rows": 401,"Actual Loops": 1,"Recheck Cond": "(s_nationkey = nation.n_nationkey)","Rows Removed by Index Recheck": 0,"Exact Heap Blocks": 180,"Lossy Heap Blocks": 0,"Plans": [{"Node Type": "Bitmap Index Scan","Parent Relationship": "Outer","Parallel Aware": false,"Async Capable": false,"Index Name": "idx_supplier_nation_key","Startup Cost": 0.00,"Total Cost": 7.29,"Plan Rows": 400,"Plan Width": 0,"Actual Startup Time": 0.153,"Actual Total Time": 0.158,"Actual Rows": 401,"Actual Loops": 1,"Index Cond": "(s_nationkey = nation.n_nationkey)"}]}]},{"Node Type": "Hash","Parent Relationship": "Inner","Parallel Aware": false,"Async Capable": false,"Startup Cost": 88158.53,"Total Cost": 88158.53,"Plan Rows": 2694,"Plan Width": 4,"Actual Startup Time": 965.286,"Actual Total Time": 965.295,"Actual Rows": 5874,"Actual Loops": 1,"Hash Buckets": 8192,"Original Hash Buckets": 4096,"Hash Batches": 1,"Original Hash Batches": 1,"Peak Memory Usage": 271,"Plans": [{"Node Type": "Nested Loop","Parent Relationship": "Outer","Parallel Aware": false,"Async Capable": false,"Join Type": "Inner","Startup Cost": 0.42,"Total Cost": 88158.53,"Plan Rows": 2694,"Plan Width": 4,"Actual Startup Time": 0.865,"Actual Total Time": 960.777,"Actual Rows": 5874,"Actual Loops": 1,"Inner Unique": false,"Plans": [{"Node Type": "Seq Scan","Parent Relationship": "Outer","Parallel Aware": false,"Async Capable": false,"Relation Name": "part","Alias": "part","Startup Cost": 0.00,"Total Cost": 6597.00,"Plan Rows": 2020,"Plan Width": 4,"Actual Startup Time": 0.329,"Actual Total Time": 180.883,"Actual Rows": 2176,"Actual Loops": 1,"Filter": "((p_name)::text ~~ 'sienna%'::text)","Rows Removed by Filter": 197824},{"Node Type": "Index Scan","Parent Relationship": "Inner","Parallel Aware": false,"Async Capable": false,"Scan Direction": "Forward","Index Name": "idx_partsupp_partkey","Relation Name": "partsupp","Alias": "partsupp","Startup Cost": 0.42,"Total Cost": 40.36,"Plan Rows": 1,"Plan Width": 8,"Actual Startup Time": 0.149,"Actual Total Time": 0.358,"Actual Rows": 3,"Actual Loops": 2176,"Index Cond": "(ps_partkey = part.p_partkey)","Rows Removed by Index Recheck": 0,"Filter": "((ps_availqty)::numeric > (SubPlan 1))","Rows Removed by Filter": 1,"Plans": [{"Node Type": "Aggregate","Strategy": "Plain","Partial Mode": "Simple","Parent Relationship": "SubPlan","Subplan Name": "SubPlan 1","Parallel Aware": false,"Async Capable": false,"Startup Cost": 8.46,"Total Cost": 8.47,"Plan Rows": 1,"Plan Width": 32,"Actual Startup Time": 0.081,"Actual Total Time": 0.081,"Actual Rows": 1,"Actual Loops": 8704,"Plans": [{"Node Type": "Index Scan","Parent Relationship": "Outer","Parallel Aware": false,"Async Capable": false,"Scan Direction": "Forward","Index Name": "idx_lineitem_part_supp","Relation Name": "lineitem","Alias": "lineitem","Startup Cost": 0.43,"Total Cost": 8.46,"Plan Rows": 0,"Plan Width": 5,"Actual Startup Time": 0.049,"Actual Total Time": 0.081,"Actual Rows": 1,"Actual Loops": 8704,"Index Cond": "((l_partkey = partsupp.ps_partkey) AND (l_suppkey = partsupp.ps_suppkey))","Rows Removed by Index Recheck": 0,"Filter": "((l_shipdate >= '1997-01-01'::date) AND (l_shipdate < '1998-01-01 00:00:00'::timestamp without time zone))","Rows Removed by Filter": 6}]}]}]}]}]}]},"Planning Time": 6.658,"Triggers": [],"Execution Time": 970.139}]
[{"Plan": {"Node Type": "Sort","Parallel Aware": false,"Async Capable": false,"Startup Cost": 88442.96,"Total Cost": 88443.23,"Plan Rows": 108,"Plan Width": 51,"Actual Startup Time": 894.756,"Actual Total Time": 894.799,"Actual Rows": 173,"Actual Loops": 1,"Sort Key": ["supplier.s_name"],"Sort Method": "quicksort","Sort Space Used": 41,"Sort Space Type": "Memory","Plans": [{"Node Type": "Hash Join","Parent Relationship": "Outer","Parallel Aware": false,"Async Capable": false,"Join Type": "Semi","Startup Cost": 88199.59,"Total Cost": 88439.31,"Plan Rows": 108,"Plan Width": 51,"Actual Startup Time": 890.588,"Actual Total Time": 894.317,"Actual Rows": 173,"Actual Loops": 1,"Inner Unique": false,"Hash Cond": "(supplier.s_suppkey = partsupp.ps_suppkey)","Plans": [{"Node Type": "Nested Loop","Parent Relationship": "Outer","Parallel Aware": false,"Async Capable": false,"Join Type": "Inner","Startup Cost": 7.38,"Total Cost": 244.58,"Plan Rows": 400,"Plan Width": 55,"Actual Startup Time": 0.314,"Actual Total Time": 3.993,"Actual Rows": 393,"Actual Loops": 1,"Inner Unique": false,"Plans": [{"Node Type": "Seq Scan","Parent Relationship": "Outer","Parallel Aware": false,"Async Capable": false,"Relation Name": "nation","Alias": "nation","Startup Cost": 0.00,"Total Cost": 1.31,"Plan Rows": 1,"Plan Width": 4,"Actual Startup Time": 0.083,"Actual Total Time": 0.093,"Actual Rows": 1,"Actual Loops": 1,"Filter": "(n_name = 'UNITED STATES'::bpchar)","Rows Removed by Filter": 24},{"Node Type": "Bitmap Heap Scan","Parent Relationship": "Inner","Parallel Aware": false,"Async Capable": false,"Relation Name": "supplier","Alias": "supplier","Startup Cost": 7.38,"Total Cost": 239.27,"Plan Rows": 400,"Plan Width": 59,"Actual Startup Time": 0.227,"Actual Total Time": 3.826,"Actual Rows": 393,"Actual Loops": 1,"Recheck Cond": "(s_nationkey = nation.n_nationkey)","Rows Removed by Index Recheck": 0,"Exact Heap Blocks": 181,"Lossy Heap Blocks": 0,"Plans": [{"Node Type": "Bitmap Index Scan","Parent Relationship": "Outer","Parallel Aware": false,"Async Capable": false,"Index Name": "idx_supplier_nation_key","Startup Cost": 0.00,"Total Cost": 7.29,"Plan Rows": 400,"Plan Width": 0,"Actual Startup Time": 0.151,"Actual Total Time": 0.156,"Actual Rows": 393,"Actual Loops": 1,"Index Cond": "(s_nationkey = nation.n_nationkey)"}]}]},{"Node Type": "Hash","Parent Relationship": "Inner","Parallel Aware": false,"Async Capable": false,"Startup Cost": 88158.53,"Total Cost": 88158.53,"Plan Rows": 2694,"Plan Width": 4,"Actual Startup Time": 890.155,"Actual Total Time": 890.166,"Actual Rows": 5716,"Actual Loops": 1,"Hash Buckets": 8192,"Original Hash Buckets": 4096,"Hash Batches": 1,"Original Hash Batches": 1,"Peak Memory Usage": 265,"Plans": [{"Node Type": "Nested Loop","Parent Relationship": "Outer","Parallel Aware": false,"Async Capable": false,"Join Type": "Inner","Startup Cost": 0.42,"Total Cost": 88158.53,"Plan Rows": 2694,"Plan Width": 4,"Actual Startup Time": 0.753,"Actual Total Time": 885.374,"Actual Rows": 5716,"Actual Loops": 1,"Inner Unique": false,"Plans": [{"Node Type": "Seq Scan","Parent Relationship": "Outer","Parallel Aware": false,"Async Capable": false,"Relation Name": "part","Alias": "part","Startup Cost": 0.00,"Total Cost": 6597.00,"Plan Rows": 2020,"Plan Width": 4,"Actual Startup Time": 0.208,"Actual Total Time": 197.133,"Actual Rows": 2128,"Actual Loops": 1,"Filter": "((p_name)::text ~~ 'pink%'::text)","Rows Removed by Filter": 197872},{"Node Type": "Index Scan","Parent Relationship": "Inner","Parallel Aware": false,"Async Capable": false,"Scan Direction": "Forward","Index Name": "idx_partsupp_partkey","Relation Name": "partsupp","Alias": "partsupp","Startup Cost": 0.42,"Total Cost": 40.36,"Plan Rows": 1,"Plan Width": 8,"Actual Startup Time": 0.139,"Actual Total Time": 0.323,"Actual Rows": 3,"Actual Loops": 2128,"Index Cond": "(ps_partkey = part.p_partkey)","Rows Removed by Index Recheck": 0,"Filter": "((ps_availqty)::numeric > (SubPlan 1))","Rows Removed by Filter": 1,"Plans": [{"Node Type": "Aggregate","Strategy": "Plain","Partial Mode": "Simple","Parent Relationship": "SubPlan","Subplan Name": "SubPlan 1","Parallel Aware": false,"Async Capable": false,"Startup Cost": 8.46,"Total Cost": 8.47,"Plan Rows": 1,"Plan Width": 32,"Actual Startup Time": 0.072,"Actual Total Time": 0.072,"Actual Rows": 1,"Actual Loops": 8512,"Plans": [{"Node Type": "Index Scan","Parent Relationship": "Outer","Parallel Aware": false,"Async Capable": false,"Scan Direction": "Forward","Index Name": "idx_lineitem_part_supp","Relation Name": "lineitem","Alias": "lineitem","Startup Cost": 0.43,"Total Cost": 8.46,"Plan Rows": 0,"Plan Width": 5,"Actual Startup Time": 0.044,"Actual Total Time": 0.072,"Actual Rows": 1,"Actual Loops": 8512,"Index Cond": "((l_partkey = partsupp.ps_partkey) AND (l_suppkey = partsupp.ps_suppkey))","Rows Removed by Index Recheck": 0,"Filter": "((l_shipdate >= '1993-01-01'::date) AND (l_shipdate < '1994-01-01 00:00:00'::timestamp without time zone))","Rows Removed by Filter": 6}]}]}]}]}]}]},"Planning Time": 6.586,"Triggers": [],"Execution Time": 895.079}]
[{"Plan": {"Node Type": "Sort","Parallel Aware": false,"Async Capable": false,"Startup Cost": 88442.96,"Total Cost": 88443.23,"Plan Rows": 108,"Plan Width": 51,"Actual Startup Time": 976.836,"Actual Total Time": 976.867,"Actual Rows": 163,"Actual Loops": 1,"Sort Key": ["supplier.s_name"],"Sort Method": "quicksort","Sort Space Used": 40,"Sort Space Type": "Memory","Plans": [{"Node Type": "Hash Join","Parent Relationship": "Outer","Parallel Aware": false,"Async Capable": false,"Join Type": "Semi","Startup Cost": 88199.59,"Total Cost": 88439.31,"Plan Rows": 108,"Plan Width": 51,"Actual Startup Time": 972.724,"Actual Total Time": 976.353,"Actual Rows": 163,"Actual Loops": 1,"Inner Unique": false,"Hash Cond": "(supplier.s_suppkey = partsupp.ps_suppkey)","Plans": [{"Node Type": "Nested Loop","Parent Relationship": "Outer","Parallel Aware": false,"Async Capable": false,"Join Type": "Inner","Startup Cost": 7.38,"Total Cost": 244.58,"Plan Rows": 400,"Plan Width": 55,"Actual Startup Time": 0.301,"Actual Total Time": 3.882,"Actual Rows": 376,"Actual Loops": 1,"Inner Unique": false,"Plans": [{"Node Type": "Seq Scan","Parent Relationship": "Outer","Parallel Aware": false,"Async Capable": false,"Relation Name": "nation","Alias": "nation","Startup Cost": 0.00,"Total Cost": 1.31,"Plan Rows": 1,"Plan Width": 4,"Actual Startup Time": 0.076,"Actual Total Time": 0.104,"Actual Rows": 1,"Actual Loops": 1,"Filter": "(n_name = 'KENYA'::bpchar)","Rows Removed by Filter": 24},{"Node Type": "Bitmap Heap Scan","Parent Relationship": "Inner","Parallel Aware": false,"Async Capable": false,"Relation Name": "supplier","Alias": "supplier","Startup Cost": 7.38,"Total Cost": 239.27,"Plan Rows": 400,"Plan Width": 59,"Actual Startup Time": 0.212,"Actual Total Time": 3.691,"Actual Rows": 376,"Actual Loops": 1,"Recheck Cond": "(s_nationkey = nation.n_nationkey)","Rows Removed by Index Recheck": 0,"Exact Heap Blocks": 179,"Lossy Heap Blocks": 0,"Plans": [{"Node Type": "Bitmap Index Scan","Parent Relationship": "Outer","Parallel Aware": false,"Async Capable": false,"Index Name": "idx_supplier_nation_key","Startup Cost": 0.00,"Total Cost": 7.29,"Plan Rows": 400,"Plan Width": 0,"Actual Startup Time": 0.150,"Actual Total Time": 0.154,"Actual Rows": 376,"Actual Loops": 1,"Index Cond": "(s_nationkey = nation.n_nationkey)"}]}]},{"Node Type": "Hash","Parent Relationship": "Inner","Parallel Aware": false,"Async Capable": false,"Startup Cost": 88158.53,"Total Cost": 88158.53,"Plan Rows": 2694,"Plan Width": 4,"Actual Startup Time": 972.301,"Actual Total Time": 972.312,"Actual Rows": 5892,"Actual Loops": 1,"Hash Buckets": 8192,"Original Hash Buckets": 4096,"Hash Batches": 1,"Original Hash Batches": 1,"Peak Memory Usage": 272,"Plans": [{"Node Type": "Nested Loop","Parent Relationship": "Outer","Parallel Aware": false,"Async Capable": false,"Join Type": "Inner","Startup Cost": 0.42,"Total Cost": 88158.53,"Plan Rows": 2694,"Plan Width": 4,"Actual Startup Time": 0.447,"Actual Total Time": 967.865,"Actual Rows": 5892,"Actual Loops": 1,"Inner Unique": false,"Plans": [{"Node Type": "Seq Scan","Parent Relationship": "Outer","Parallel Aware": false,"Async Capable": false,"Relation Name": "part","Alias": "part","Startup Cost": 0.00,"Total Cost": 6597.00,"Plan Rows": 2020,"Plan Width": 4,"Actual Startup Time": 0.033,"Actual Total Time": 181.596,"Actual Rows": 2166,"Actual Loops": 1,"Filter": "((p_name)::text ~~ 'blush%'::text)","Rows Removed by Filter": 197834},{"Node Type": "Index Scan","Parent Relationship": "Inner","Parallel Aware": false,"Async Capable": false,"Scan Direction": "Forward","Index Name": "idx_partsupp_partkey","Relation Name": "partsupp","Alias": "partsupp","Startup Cost": 0.42,"Total Cost": 40.36,"Plan Rows": 1,"Plan Width": 8,"Actual Startup Time": 0.150,"Actual Total Time": 0.363,"Actual Rows": 3,"Actual Loops": 2166,"Index Cond": "(ps_partkey = part.p_partkey)","Rows Removed by Index Recheck": 0,"Filter": "((ps_availqty)::numeric > (SubPlan 1))","Rows Removed by Filter": 1,"Plans": [{"Node Type": "Aggregate","Strategy": "Plain","Partial Mode": "Simple","Parent Relationship": "SubPlan","Subplan Name": "SubPlan 1","Parallel Aware": false,"Async Capable": false,"Startup Cost": 8.46,"Total Cost": 8.47,"Plan Rows": 1,"Plan Width": 32,"Actual Startup Time": 0.082,"Actual Total Time": 0.082,"Actual Rows": 1,"Actual Loops": 8664,"Plans": [{"Node Type": "Index Scan","Parent Relationship": "Outer","Parallel Aware": false,"Async Capable": false,"Scan Direction": "Forward","Index Name": "idx_lineitem_part_supp","Relation Name": "lineitem","Alias": "lineitem","Startup Cost": 0.43,"Total Cost": 8.46,"Plan Rows": 0,"Plan Width": 5,"Actual Startup Time": 0.050,"Actual Total Time": 0.082,"Actual Rows": 1,"Actual Loops": 8664,"Index Cond": "((l_partkey = partsupp.ps_partkey) AND (l_suppkey = partsupp.ps_suppkey))","Rows Removed by Index Recheck": 0,"Filter": "((l_shipdate >= '1993-01-01'::date) AND (l_shipdate < '1994-01-01 00:00:00'::timestamp without time zone))","Rows Removed by Filter": 6}]}]}]}]}]}]},"Planning Time": 7.342,"Triggers": [],"Execution Time": 977.117}]
[{"Plan": {"Node Type": "Sort","Parallel Aware": false,"Async Capable": false,"Startup Cost": 88442.96,"Total Cost": 88443.23,"Plan Rows": 108,"Plan Width": 51,"Actual Startup Time": 902.062,"Actual Total Time": 902.100,"Actual Rows": 168,"Actual Loops": 1,"Sort Key": ["supplier.s_name"],"Sort Method": "quicksort","Sort Space Used": 40,"Sort Space Type": "Memory","Plans": [{"Node Type": "Hash Join","Parent Relationship": "Outer","Parallel Aware": false,"Async Capable": false,"Join Type": "Semi","Startup Cost": 88199.59,"Total Cost": 88439.31,"Plan Rows": 108,"Plan Width": 51,"Actual Startup Time": 897.960,"Actual Total Time": 901.608,"Actual Rows": 168,"Actual Loops": 1,"Inner Unique": false,"Hash Cond": "(supplier.s_suppkey = partsupp.ps_suppkey)","Plans": [{"Node Type": "Nested Loop","Parent Relationship": "Outer","Parallel Aware": false,"Async Capable": false,"Join Type": "Inner","Startup Cost": 7.38,"Total Cost": 244.58,"Plan Rows": 400,"Plan Width": 55,"Actual Startup Time": 0.295,"Actual Total Time": 3.907,"Actual Rows": 376,"Actual Loops": 1,"Inner Unique": false,"Plans": [{"Node Type": "Seq Scan","Parent Relationship": "Outer","Parallel Aware": false,"Async Capable": false,"Relation Name": "nation","Alias": "nation","Startup Cost": 0.00,"Total Cost": 1.31,"Plan Rows": 1,"Plan Width": 4,"Actual Startup Time": 0.071,"Actual Total Time": 0.096,"Actual Rows": 1,"Actual Loops": 1,"Filter": "(n_name = 'KENYA'::bpchar)","Rows Removed by Filter": 24},{"Node Type": "Bitmap Heap Scan","Parent Relationship": "Inner","Parallel Aware": false,"Async Capable": false,"Relation Name": "supplier","Alias": "supplier","Startup Cost": 7.38,"Total Cost": 239.27,"Plan Rows": 400,"Plan Width": 59,"Actual Startup Time": 0.220,"Actual Total Time": 3.740,"Actual Rows": 376,"Actual Loops": 1,"Recheck Cond": "(s_nationkey = nation.n_nationkey)","Rows Removed by Index Recheck": 0,"Exact Heap Blocks": 179,"Lossy Heap Blocks": 0,"Plans": [{"Node Type": "Bitmap Index Scan","Parent Relationship": "Outer","Parallel Aware": false,"Async Capable": false,"Index Name": "idx_supplier_nation_key","Startup Cost": 0.00,"Total Cost": 7.29,"Plan Rows": 400,"Plan Width": 0,"Actual Startup Time": 0.165,"Actual Total Time": 0.171,"Actual Rows": 376,"Actual Loops": 1,"Index Cond": "(s_nationkey = nation.n_nationkey)"}]}]},{"Node Type": "Hash","Parent Relationship": "Inner","Parallel Aware": false,"Async Capable": false,"Startup Cost": 88158.53,"Total Cost": 88158.53,"Plan Rows": 2694,"Plan Width": 4,"Actual Startup Time": 897.556,"Actual Total Time": 897.568,"Actual Rows": 5929,"Actual Loops": 1,"Hash Buckets": 8192,"Original Hash Buckets": 4096,"Hash Batches": 1,"Original Hash Batches": 1,"Peak Memory Usage": 273,"Plans": [{"Node Type": "Nested Loop","Parent Relationship": "Outer","Parallel Aware": false,"Async Capable": false,"Join Type": "Inner","Startup Cost": 0.42,"Total Cost": 88158.53,"Plan Rows": 2694,"Plan Width": 4,"Actual Startup Time": 0.533,"Actual Total Time": 892.798,"Actual Rows": 5929,"Actual Loops": 1,"Inner Unique": false,"Plans": [{"Node Type": "Seq Scan","Parent Relationship": "Outer","Parallel Aware": false,"Async Capable": false,"Relation Name": "part","Alias": "part","Startup Cost": 0.00,"Total Cost": 6597.00,"Plan Rows": 2020,"Plan Width": 4,"Actual Startup Time": 0.071,"Actual Total Time": 196.046,"Actual Rows": 2178,"Actual Loops": 1,"Filter": "((p_name)::text ~~ 'sandy%'::text)","Rows Removed by Filter": 197822},{"Node Type": "Index Scan","Parent Relationship": "Inner","Parallel Aware": false,"Async Capable": false,"Scan Direction": "Forward","Index Name": "idx_partsupp_partkey","Relation Name": "partsupp","Alias": "partsupp","Startup Cost": 0.42,"Total Cost": 40.36,"Plan Rows": 1,"Plan Width": 8,"Actual Startup Time": 0.134,"Actual Total Time": 0.319,"Actual Rows": 3,"Actual Loops": 2178,"Index Cond": "(ps_partkey = part.p_partkey)","Rows Removed by Index Recheck": 0,"Filter": "((ps_availqty)::numeric > (SubPlan 1))","Rows Removed by Filter": 1,"Plans": [{"Node Type": "Aggregate","Strategy": "Plain","Partial Mode": "Simple","Parent Relationship": "SubPlan","Subplan Name": "SubPlan 1","Parallel Aware": false,"Async Capable": false,"Startup Cost": 8.46,"Total Cost": 8.47,"Plan Rows": 1,"Plan Width": 32,"Actual Startup Time": 0.072,"Actual Total Time": 0.072,"Actual Rows": 1,"Actual Loops": 8712,"Plans": [{"Node Type": "Index Scan","Parent Relationship": "Outer","Parallel Aware": false,"Async Capable": false,"Scan Direction": "Forward","Index Name": "idx_lineitem_part_supp","Relation Name": "lineitem","Alias": "lineitem","Startup Cost": 0.43,"Total Cost": 8.46,"Plan Rows": 0,"Plan Width": 5,"Actual Startup Time": 0.044,"Actual Total Time": 0.071,"Actual Rows": 1,"Actual Loops": 8712,"Index Cond": "((l_partkey = partsupp.ps_partkey) AND (l_suppkey = partsupp.ps_suppkey))","Rows Removed by Index Recheck": 0,"Filter": "((l_shipdate >= '1993-01-01'::date) AND (l_shipdate < '1994-01-01 00:00:00'::timestamp without time zone))","Rows Removed by Filter": 6}]}]}]}]}]}]},"Planning Time": 7.012,"Triggers": [],"Execution Time": 902.337}]
[{"Plan": {"Node Type": "Sort","Parallel Aware": false,"Async Capable": false,"Startup Cost": 165280.99,"Total Cost": 165281.52,"Plan Rows": 215,"Plan Width": 51,"Actual Startup Time": 973.756,"Actual Total Time": 973.787,"Actual Rows": 163,"Actual Loops": 1,"Sort Key": ["supplier.s_name"],"Sort Method": "quicksort","Sort Space Used": 40,"Sort Space Type": "Memory","Plans": [{"Node Type": "Hash Join","Parent Relationship": "Outer","Parallel Aware": false,"Async Capable": false,"Join Type": "Semi","Startup Cost": 165030.68,"Total Cost": 165272.66,"Plan Rows": 215,"Plan Width": 51,"Actual Startup Time": 968.812,"Actual Total Time": 973.290,"Actual Rows": 163,"Actual Loops": 1,"Inner Unique": false,"Hash Cond": "(supplier.s_suppkey = partsupp.ps_suppkey)","Plans": [{"Node Type": "Nested Loop","Parent Relationship": "Outer","Parallel Aware": false,"Async Capable": false,"Join Type": "Inner","Startup Cost": 7.38,"Total Cost": 244.58,"Plan Rows": 400,"Plan Width": 55,"Actual Startup Time": 0.348,"Actual Total Time": 4.306,"Actual Rows": 380,"Actual Loops": 1,"Inner Unique": false,"Plans": [{"Node Type": "Seq Scan","Parent Relationship": "Outer","Parallel Aware": false,"Async Capable": false,"Relation Name": "nation","Alias": "nation","Startup Cost": 0.00,"Total Cost": 1.31,"Plan Rows": 1,"Plan Width": 4,"Actual Startup Time": 0.081,"Actual Total Time": 0.098,"Actual Rows": 1,"Actual Loops": 1,"Filter": "(n_name = 'ETHIOPIA'::bpchar)","Rows Removed by Filter": 24},{"Node Type": "Bitmap Heap Scan","Parent Relationship": "Inner","Parallel Aware": false,"Async Capable": false,"Relation Name": "supplier","Alias": "supplier","Startup Cost": 7.38,"Total Cost": 239.27,"Plan Rows": 400,"Plan Width": 59,"Actual Startup Time": 0.258,"Actual Total Time": 4.140,"Actual Rows": 380,"Actual Loops": 1,"Recheck Cond": "(s_nationkey = nation.n_nationkey)","Rows Removed by Index Recheck": 0,"Exact Heap Blocks": 192,"Lossy Heap Blocks": 0,"Plans": [{"Node Type": "Bitmap Index Scan","Parent Relationship": "Outer","Parallel Aware": false,"Async Capable": false,"Index Name": "idx_supplier_nation_key","Startup Cost": 0.00,"Total Cost": 7.29,"Plan Rows": 400,"Plan Width": 0,"Actual Startup Time": 0.173,"Actual Total Time": 0.177,"Actual Rows": 380,"Actual Loops": 1,"Index Cond": "(s_nationkey = nation.n_nationkey)"}]}]},{"Node Type": "Hash","Parent Relationship": "Inner","Parallel Aware": false,"Async Capable": false,"Startup Cost": 164955.96,"Total Cost": 164955.96,"Plan Rows": 5387,"Plan Width": 4,"Actual Startup Time": 968.251,"Actual Total Time": 968.261,"Actual Rows": 5916,"Actual Loops": 1,"Hash Buckets": 8192,"Original Hash Buckets": 8192,"Hash Batches": 1,"Original Hash Batches": 1,"Peak Memory Usage": 272,"Plans": [{"Node Type": "Nested Loop","Parent Relationship": "Outer","Parallel Aware": false,"Async Capable": false,"Join Type": "Inner","Startup Cost": 0.42,"Total Cost": 164955.96,"Plan Rows": 5387,"Plan Width": 4,"Actual Startup Time": 0.603,"Actual Total Time": 962.457,"Actual Rows": 5916,"Actual Loops": 1,"Inner Unique": false,"Plans": [{"Node Type": "Seq Scan","Parent Relationship": "Outer","Parallel Aware": false,"Async Capable": false,"Relation Name": "part","Alias": "part","Startup Cost": 0.00,"Total Cost": 6597.00,"Plan Rows": 4040,"Plan Width": 4,"Actual Startup Time": 0.065,"Actual Total Time": 180.928,"Actual Rows": 2157,"Actual Loops": 1,"Filter": "((p_name)::text ~~ 'spring%'::text)","Rows Removed by Filter": 197843},{"Node Type": "Index Scan","Parent Relationship": "Inner","Parallel Aware": false,"Async Capable": false,"Scan Direction": "Forward","Index Name": "idx_partsupp_partkey","Relation Name": "partsupp","Alias": "partsupp","Startup Cost": 0.42,"Total Cost": 39.18,"Plan Rows": 1,"Plan Width": 8,"Actual Startup Time": 0.152,"Actual Total Time": 0.362,"Actual Rows": 3,"Actual Loops": 2157,"Index Cond": "(ps_partkey = part.p_partkey)","Rows Removed by Index Recheck": 0,"Filter": "((ps_availqty)::numeric > (SubPlan 1))","Rows Removed by Filter": 1,"Plans": [{"Node Type": "Aggregate","Strategy": "Plain","Partial Mode": "Simple","Parent Relationship": "SubPlan","Subplan Name": "SubPlan 1","Parallel Aware": false,"Async Capable": false,"Startup Cost": 8.46,"Total Cost": 8.47,"Plan Rows": 1,"Plan Width": 32,"Actual Startup Time": 0.082,"Actual Total Time": 0.082,"Actual Rows": 1,"Actual Loops": 8628,"Plans": [{"Node Type": "Index Scan","Parent Relationship": "Outer","Parallel Aware": false,"Async Capable": false,"Scan Direction": "Forward","Index Name": "idx_lineitem_part_supp","Relation Name": "lineitem","Alias": "lineitem","Startup Cost": 0.43,"Total Cost": 8.46,"Plan Rows": 0,"Plan Width": 5,"Actual Startup Time": 0.050,"Actual Total Time": 0.081,"Actual Rows": 1,"Actual Loops": 8628,"Index Cond": "((l_partkey = partsupp.ps_partkey) AND (l_suppkey = partsupp.ps_suppkey))","Rows Removed by Index Recheck": 0,"Filter": "((l_shipdate >= '1993-01-01'::date) AND (l_shipdate < '1994-01-01 00:00:00'::timestamp without time zone))","Rows Removed by Filter": 6}]}]}]}]}]}]},"Planning Time": 6.609,"Triggers": [],"Execution Time": 974.072}]
[{"Plan": {"Node Type": "Sort","Parallel Aware": false,"Async Capable": false,"Startup Cost": 88442.96,"Total Cost": 88443.23,"Plan Rows": 108,"Plan Width": 51,"Actual Startup Time": 886.686,"Actual Total Time": 886.716,"Actual Rows": 169,"Actual Loops": 1,"Sort Key": ["supplier.s_name"],"Sort Method": "quicksort","Sort Space Used": 40,"Sort Space Type": "Memory","Plans": [{"Node Type": "Hash Join","Parent Relationship": "Outer","Parallel Aware": false,"Async Capable": false,"Join Type": "Semi","Startup Cost": 88199.59,"Total Cost": 88439.31,"Plan Rows": 108,"Plan Width": 51,"Actual Startup Time": 882.948,"Actual Total Time": 886.347,"Actual Rows": 169,"Actual Loops": 1,"Inner Unique": false,"Hash Cond": "(supplier.s_suppkey = partsupp.ps_suppkey)","Plans": [{"Node Type": "Nested Loop","Parent Relationship": "Outer","Parallel Aware": false,"Async Capable": false,"Join Type": "Inner","Startup Cost": 7.38,"Total Cost": 244.58,"Plan Rows": 400,"Plan Width": 55,"Actual Startup Time": 0.271,"Actual Total Time": 3.591,"Actual Rows": 362,"Actual Loops": 1,"Inner Unique": false,"Plans": [{"Node Type": "Seq Scan","Parent Relationship": "Outer","Parallel Aware": false,"Async Capable": false,"Relation Name": "nation","Alias": "nation","Startup Cost": 0.00,"Total Cost": 1.31,"Plan Rows": 1,"Plan Width": 4,"Actual Startup Time": 0.069,"Actual Total Time": 0.100,"Actual Rows": 1,"Actual Loops": 1,"Filter": "(n_name = 'JORDAN'::bpchar)","Rows Removed by Filter": 24},{"Node Type": "Bitmap Heap Scan","Parent Relationship": "Inner","Parallel Aware": false,"Async Capable": false,"Relation Name": "supplier","Alias": "supplier","Startup Cost": 7.38,"Total Cost": 239.27,"Plan Rows": 400,"Plan Width": 59,"Actual Startup Time": 0.198,"Actual Total Time": 3.435,"Actual Rows": 362,"Actual Loops": 1,"Recheck Cond": "(s_nationkey = nation.n_nationkey)","Rows Removed by Index Recheck": 0,"Exact Heap Blocks": 166,"Lossy Heap Blocks": 0,"Plans": [{"Node Type": "Bitmap Index Scan","Parent Relationship": "Outer","Parallel Aware": false,"Async Capable": false,"Index Name": "idx_supplier_nation_key","Startup Cost": 0.00,"Total Cost": 7.29,"Plan Rows": 400,"Plan Width": 0,"Actual Startup Time": 0.134,"Actual Total Time": 0.135,"Actual Rows": 362,"Actual Loops": 1,"Index Cond": "(s_nationkey = nation.n_nationkey)"}]}]},{"Node Type": "Hash","Parent Relationship": "Inner","Parallel Aware": false,"Async Capable": false,"Startup Cost": 88158.53,"Total Cost": 88158.53,"Plan Rows": 2694,"Plan Width": 4,"Actual Startup Time": 882.594,"Actual Total Time": 882.603,"Actual Rows": 5808,"Actual Loops": 1,"Hash Buckets": 8192,"Original Hash Buckets": 4096,"Hash Batches": 1,"Original Hash Batches": 1,"Peak Memory Usage": 269,"Plans": [{"Node Type": "Nested Loop","Parent Relationship": "Outer","Parallel Aware": false,"Async Capable": false,"Join Type": "Inner","Startup Cost": 0.42,"Total Cost": 88158.53,"Plan Rows": 2694,"Plan Width": 4,"Actual Startup Time": 0.739,"Actual Total Time": 877.815,"Actual Rows": 5808,"Actual Loops": 1,"Inner Unique": false,"Plans": [{"Node Type": "Seq Scan","Parent Relationship": "Outer","Parallel Aware": false,"Async Capable": false,"Relation Name": "part","Alias": "part","Startup Cost": 0.00,"Total Cost": 6597.00,"Plan Rows": 2020,"Plan Width": 4,"Actual Startup Time": 0.202,"Actual Total Time": 193.947,"Actual Rows": 2128,"Actual Loops": 1,"Filter": "((p_name)::text ~~ 'pink%'::text)","Rows Removed by Filter": 197872},{"Node Type": "Index Scan","Parent Relationship": "Inner","Parallel Aware": false,"Async Capable": false,"Scan Direction": "Forward","Index Name": "idx_partsupp_partkey","Relation Name": "partsupp","Alias": "partsupp","Startup Cost": 0.42,"Total Cost": 40.36,"Plan Rows": 1,"Plan Width": 8,"Actual Startup Time": 0.134,"Actual Total Time": 0.321,"Actual Rows": 3,"Actual Loops": 2128,"Index Cond": "(ps_partkey = part.p_partkey)","Rows Removed by Index Recheck": 0,"Filter": "((ps_availqty)::numeric > (SubPlan 1))","Rows Removed by Filter": 1,"Plans": [{"Node Type": "Aggregate","Strategy": "Plain","Partial Mode": "Simple","Parent Relationship": "SubPlan","Subplan Name": "SubPlan 1","Parallel Aware": false,"Async Capable": false,"Startup Cost": 8.46,"Total Cost": 8.47,"Plan Rows": 1,"Plan Width": 32,"Actual Startup Time": 0.072,"Actual Total Time": 0.072,"Actual Rows": 1,"Actual Loops": 8512,"Plans": [{"Node Type": "Index Scan","Parent Relationship": "Outer","Parallel Aware": false,"Async Capable": false,"Scan Direction": "Forward","Index Name": "idx_lineitem_part_supp","Relation Name": "lineitem","Alias": "lineitem","Startup Cost": 0.43,"Total Cost": 8.46,"Plan Rows": 0,"Plan Width": 5,"Actual Startup Time": 0.043,"Actual Total Time": 0.071,"Actual Rows": 1,"Actual Loops": 8512,"Index Cond": "((l_partkey = partsupp.ps_partkey) AND (l_suppkey = partsupp.ps_suppkey))","Rows Removed by Index Recheck": 0,"Filter": "((l_shipdate >= '1994-01-01'::date) AND (l_shipdate < '1995-01-01 00:00:00'::timestamp without time zone))","Rows Removed by Filter": 6}]}]}]}]}]}]},"Planning Time": 6.535,"Triggers": [],"Execution Time": 886.981}]
[{"Plan": {"Node Type": "Sort","Parallel Aware": false,"Async Capable": false,"Startup Cost": 88442.96,"Total Cost": 88443.23,"Plan Rows": 108,"Plan Width": 51,"Actual Startup Time": 975.066,"Actual Total Time": 975.107,"Actual Rows": 173,"Actual Loops": 1,"Sort Key": ["supplier.s_name"],"Sort Method": "quicksort","Sort Space Used": 41,"Sort Space Type": "Memory","Plans": [{"Node Type": "Hash Join","Parent Relationship": "Outer","Parallel Aware": false,"Async Capable": false,"Join Type": "Semi","Startup Cost": 88199.59,"Total Cost": 88439.31,"Plan Rows": 108,"Plan Width": 51,"Actual Startup Time": 970.610,"Actual Total Time": 974.581,"Actual Rows": 173,"Actual Loops": 1,"Inner Unique": false,"Hash Cond": "(supplier.s_suppkey = partsupp.ps_suppkey)","Plans": [{"Node Type": "Nested Loop","Parent Relationship": "Outer","Parallel Aware": false,"Async Capable": false,"Join Type": "Inner","Startup Cost": 7.38,"Total Cost": 244.58,"Plan Rows": 400,"Plan Width": 55,"Actual Startup Time": 0.306,"Actual Total Time": 4.147,"Actual Rows": 376,"Actual Loops": 1,"Inner Unique": false,"Plans": [{"Node Type": "Seq Scan","Parent Relationship": "Outer","Parallel Aware": false,"Async Capable": false,"Relation Name": "nation","Alias": "nation","Startup Cost": 0.00,"Total Cost": 1.31,"Plan Rows": 1,"Plan Width": 4,"Actual Startup Time": 0.073,"Actual Total Time": 0.107,"Actual Rows": 1,"Actual Loops": 1,"Filter": "(n_name = 'KENYA'::bpchar)","Rows Removed by Filter": 24},{"Node Type": "Bitmap Heap Scan","Parent Relationship": "Inner","Parallel Aware": false,"Async Capable": false,"Relation Name": "supplier","Alias": "supplier","Startup Cost": 7.38,"Total Cost": 239.27,"Plan Rows": 400,"Plan Width": 59,"Actual Startup Time": 0.225,"Actual Total Time": 3.958,"Actual Rows": 376,"Actual Loops": 1,"Recheck Cond": "(s_nationkey = nation.n_nationkey)","Rows Removed by Index Recheck": 0,"Exact Heap Blocks": 179,"Lossy Heap Blocks": 0,"Plans": [{"Node Type": "Bitmap Index Scan","Parent Relationship": "Outer","Parallel Aware": false,"Async Capable": false,"Index Name": "idx_supplier_nation_key","Startup Cost": 0.00,"Total Cost": 7.29,"Plan Rows": 400,"Plan Width": 0,"Actual Startup Time": 0.157,"Actual Total Time": 0.161,"Actual Rows": 376,"Actual Loops": 1,"Index Cond": "(s_nationkey = nation.n_nationkey)"}]}]},{"Node Type": "Hash","Parent Relationship": "Inner","Parallel Aware": false,"Async Capable": false,"Startup Cost": 88158.53,"Total Cost": 88158.53,"Plan Rows": 2694,"Plan Width": 4,"Actual Startup Time": 970.234,"Actual Total Time": 970.247,"Actual Rows": 5950,"Actual Loops": 1,"Hash Buckets": 8192,"Original Hash Buckets": 4096,"Hash Batches": 1,"Original Hash Batches": 1,"Peak Memory Usage": 274,"Plans": [{"Node Type": "Nested Loop","Parent Relationship": "Outer","Parallel Aware": false,"Async Capable": false,"Join Type": "Inner","Startup Cost": 0.42,"Total Cost": 88158.53,"Plan Rows": 2694,"Plan Width": 4,"Actual Startup Time": 0.473,"Actual Total Time": 965.840,"Actual Rows": 5950,"Actual Loops": 1,"Inner Unique": false,"Plans": [{"Node Type": "Seq Scan","Parent Relationship": "Outer","Parallel Aware": false,"Async Capable": false,"Relation Name": "part","Alias": "part","Startup Cost": 0.00,"Total Cost": 6597.00,"Plan Rows": 2020,"Plan Width": 4,"Actual Startup Time": 0.163,"Actual Total Time": 179.514,"Actual Rows": 2186,"Actual Loops": 1,"Filter": "((p_name)::text ~~ 'floral%'::text)","Rows Removed by Filter": 197814},{"Node Type": "Index Scan","Parent Relationship": "Inner","Parallel Aware": false,"Async Capable": false,"Scan Direction": "Forward","Index Name": "idx_partsupp_partkey","Relation Name": "partsupp","Alias": "partsupp","Startup Cost": 0.42,"Total Cost": 40.36,"Plan Rows": 1,"Plan Width": 8,"Actual Startup Time": 0.152,"Actual Total Time": 0.359,"Actual Rows": 3,"Actual Loops": 2186,"Index Cond": "(ps_partkey = part.p_partkey)","Rows Removed by Index Recheck": 0,"Filter": "((ps_availqty)::numeric > (SubPlan 1))","Rows Removed by Filter": 1,"Plans": [{"Node Type": "Aggregate","Strategy": "Plain","Partial Mode": "Simple","Parent Relationship": "SubPlan","Subplan Name": "SubPlan 1","Parallel Aware": false,"Async Capable": false,"Startup Cost": 8.46,"Total Cost": 8.47,"Plan Rows": 1,"Plan Width": 32,"Actual Startup Time": 0.082,"Actual Total Time": 0.082,"Actual Rows": 1,"Actual Loops": 8744,"Plans": [{"Node Type": "Index Scan","Parent Relationship": "Outer","Parallel Aware": false,"Async Capable": false,"Scan Direction": "Forward","Index Name": "idx_lineitem_part_supp","Relation Name": "lineitem","Alias": "lineitem","Startup Cost": 0.43,"Total Cost": 8.46,"Plan Rows": 0,"Plan Width": 5,"Actual Startup Time": 0.049,"Actual Total Time": 0.081,"Actual Rows": 1,"Actual Loops": 8744,"Index Cond": "((l_partkey = partsupp.ps_partkey) AND (l_suppkey = partsupp.ps_suppkey))","Rows Removed by Index Recheck": 0,"Filter": "((l_shipdate >= '1995-01-01'::date) AND (l_shipdate < '1996-01-01 00:00:00'::timestamp without time zone))","Rows Removed by Filter": 6}]}]}]}]}]}]},"Planning Time": 5.911,"Triggers": [],"Execution Time": 975.363}]
[{"Plan": {"Node Type": "Sort","Parallel Aware": false,"Async Capable": false,"Startup Cost": 88442.96,"Total Cost": 88443.23,"Plan Rows": 108,"Plan Width": 51,"Actual Startup Time": 883.791,"Actual Total Time": 883.831,"Actual Rows": 198,"Actual Loops": 1,"Sort Key": ["supplier.s_name"],"Sort Method": "quicksort","Sort Space Used": 43,"Sort Space Type": "Memory","Plans": [{"Node Type": "Hash Join","Parent Relationship": "Outer","Parallel Aware": false,"Async Capable": false,"Join Type": "Semi","Startup Cost": 88199.59,"Total Cost": 88439.31,"Plan Rows": 108,"Plan Width": 51,"Actual Startup Time": 879.521,"Actual Total Time": 883.439,"Actual Rows": 198,"Actual Loops": 1,"Inner Unique": false,"Hash Cond": "(supplier.s_suppkey = partsupp.ps_suppkey)","Plans": [{"Node Type": "Nested Loop","Parent Relationship": "Outer","Parallel Aware": false,"Async Capable": false,"Join Type": "Inner","Startup Cost": 7.38,"Total Cost": 244.58,"Plan Rows": 400,"Plan Width": 55,"Actual Startup Time": 0.295,"Actual Total Time": 4.120,"Actual Rows": 438,"Actual Loops": 1,"Inner Unique": false,"Plans": [{"Node Type": "Seq Scan","Parent Relationship": "Outer","Parallel Aware": false,"Async Capable": false,"Relation Name": "nation","Alias": "nation","Startup Cost": 0.00,"Total Cost": 1.31,"Plan Rows": 1,"Plan Width": 4,"Actual Startup Time": 0.068,"Actual Total Time": 0.088,"Actual Rows": 1,"Actual Loops": 1,"Filter": "(n_name = 'IRAQ'::bpchar)","Rows Removed by Filter": 24},{"Node Type": "Bitmap Heap Scan","Parent Relationship": "Inner","Parallel Aware": false,"Async Capable": false,"Relation Name": "supplier","Alias": "supplier","Startup Cost": 7.38,"Total Cost": 239.27,"Plan Rows": 400,"Plan Width": 59,"Actual Startup Time": 0.223,"Actual Total Time": 3.965,"Actual Rows": 438,"Actual Loops": 1,"Recheck Cond": "(s_nationkey = nation.n_nationkey)","Rows Removed by Index Recheck": 0,"Exact Heap Blocks": 194,"Lossy Heap Blocks": 0,"Plans": [{"Node Type": "Bitmap Index Scan","Parent Relationship": "Outer","Parallel Aware": false,"Async Capable": false,"Index Name": "idx_supplier_nation_key","Startup Cost": 0.00,"Total Cost": 7.29,"Plan Rows": 400,"Plan Width": 0,"Actual Startup Time": 0.144,"Actual Total Time": 0.152,"Actual Rows": 438,"Actual Loops": 1,"Index Cond": "(s_nationkey = nation.n_nationkey)"}]}]},{"Node Type": "Hash","Parent Relationship": "Inner","Parallel Aware": false,"Async Capable": false,"Startup Cost": 88158.53,"Total Cost": 88158.53,"Plan Rows": 2694,"Plan Width": 4,"Actual Startup Time": 879.145,"Actual Total Time": 879.152,"Actual Rows": 5808,"Actual Loops": 1,"Hash Buckets": 8192,"Original Hash Buckets": 4096,"Hash Batches": 1,"Original Hash Batches": 1,"Peak Memory Usage": 269,"Plans": [{"Node Type": "Nested Loop","Parent Relationship": "Outer","Parallel Aware": false,"Async Capable": false,"Join Type": "Inner","Startup Cost": 0.42,"Total Cost": 88158.53,"Plan Rows": 2694,"Plan Width": 4,"Actual Startup Time": 0.711,"Actual Total Time": 874.574,"Actual Rows": 5808,"Actual Loops": 1,"Inner Unique": false,"Plans": [{"Node Type": "Seq Scan","Parent Relationship": "Outer","Parallel Aware": false,"Async Capable": false,"Relation Name": "part","Alias": "part","Startup Cost": 0.00,"Total Cost": 6597.00,"Plan Rows": 2020,"Plan Width": 4,"Actual Startup Time": 0.211,"Actual Total Time": 196.653,"Actual Rows": 2128,"Actual Loops": 1,"Filter": "((p_name)::text ~~ 'pink%'::text)","Rows Removed by Filter": 197872},{"Node Type": "Index Scan","Parent Relationship": "Inner","Parallel Aware": false,"Async Capable": false,"Scan Direction": "Forward","Index Name": "idx_partsupp_partkey","Relation Name": "partsupp","Alias": "partsupp","Startup Cost": 0.42,"Total Cost": 40.36,"Plan Rows": 1,"Plan Width": 8,"Actual Startup Time": 0.133,"Actual Total Time": 0.318,"Actual Rows": 3,"Actual Loops": 2128,"Index Cond": "(ps_partkey = part.p_partkey)","Rows Removed by Index Recheck": 0,"Filter": "((ps_availqty)::numeric > (SubPlan 1))","Rows Removed by Filter": 1,"Plans": [{"Node Type": "Aggregate","Strategy": "Plain","Partial Mode": "Simple","Parent Relationship": "SubPlan","Subplan Name": "SubPlan 1","Parallel Aware": false,"Async Capable": false,"Startup Cost": 8.46,"Total Cost": 8.47,"Plan Rows": 1,"Plan Width": 32,"Actual Startup Time": 0.071,"Actual Total Time": 0.071,"Actual Rows": 1,"Actual Loops": 8512,"Plans": [{"Node Type": "Index Scan","Parent Relationship": "Outer","Parallel Aware": false,"Async Capable": false,"Scan Direction": "Forward","Index Name": "idx_lineitem_part_supp","Relation Name": "lineitem","Alias": "lineitem","Startup Cost": 0.43,"Total Cost": 8.46,"Plan Rows": 0,"Plan Width": 5,"Actual Startup Time": 0.043,"Actual Total Time": 0.071,"Actual Rows": 1,"Actual Loops": 8512,"Index Cond": "((l_partkey = partsupp.ps_partkey) AND (l_suppkey = partsupp.ps_suppkey))","Rows Removed by Index Recheck": 0,"Filter": "((l_shipdate >= '1994-01-01'::date) AND (l_shipdate < '1995-01-01 00:00:00'::timestamp without time zone))","Rows Removed by Filter": 6}]}]}]}]}]}]},"Planning Time": 6.193,"Triggers": [],"Execution Time": 884.106}]
[{"Plan": {"Node Type": "Sort","Parallel Aware": false,"Async Capable": false,"Startup Cost": 88442.96,"Total Cost": 88443.23,"Plan Rows": 108,"Plan Width": 51,"Actual Startup Time": 906.659,"Actual Total Time": 906.690,"Actual Rows": 180,"Actual Loops": 1,"Sort Key": ["supplier.s_name"],"Sort Method": "quicksort","Sort Space Used": 41,"Sort Space Type": "Memory","Plans": [{"Node Type": "Hash Join","Parent Relationship": "Outer","Parallel Aware": false,"Async Capable": false,"Join Type": "Semi","Startup Cost": 88199.59,"Total Cost": 88439.31,"Plan Rows": 108,"Plan Width": 51,"Actual Startup Time": 902.420,"Actual Total Time": 906.321,"Actual Rows": 180,"Actual Loops": 1,"Inner Unique": false,"Hash Cond": "(supplier.s_suppkey = partsupp.ps_suppkey)","Plans": [{"Node Type": "Nested Loop","Parent Relationship": "Outer","Parallel Aware": false,"Async Capable": false,"Join Type": "Inner","Startup Cost": 7.38,"Total Cost": 244.58,"Plan Rows": 400,"Plan Width": 55,"Actual Startup Time": 0.306,"Actual Total Time": 4.082,"Actual Rows": 406,"Actual Loops": 1,"Inner Unique": false,"Plans": [{"Node Type": "Seq Scan","Parent Relationship": "Outer","Parallel Aware": false,"Async Capable": false,"Relation Name": "nation","Alias": "nation","Startup Cost": 0.00,"Total Cost": 1.31,"Plan Rows": 1,"Plan Width": 4,"Actual Startup Time": 0.087,"Actual Total Time": 0.111,"Actual Rows": 1,"Actual Loops": 1,"Filter": "(n_name = 'MOZAMBIQUE'::bpchar)","Rows Removed by Filter": 24},{"Node Type": "Bitmap Heap Scan","Parent Relationship": "Inner","Parallel Aware": false,"Async Capable": false,"Relation Name": "supplier","Alias": "supplier","Startup Cost": 7.38,"Total Cost": 239.27,"Plan Rows": 400,"Plan Width": 59,"Actual Startup Time": 0.207,"Actual Total Time": 3.903,"Actual Rows": 406,"Actual Loops": 1,"Recheck Cond": "(s_nationkey = nation.n_nationkey)","Rows Removed by Index Recheck": 0,"Exact Heap Blocks": 186,"Lossy Heap Blocks": 0,"Plans": [{"Node Type": "Bitmap Index Scan","Parent Relationship": "Outer","Parallel Aware": false,"Async Capable": false,"Index Name": "idx_supplier_nation_key","Startup Cost": 0.00,"Total Cost": 7.29,"Plan Rows": 400,"Plan Width": 0,"Actual Startup Time": 0.129,"Actual Total Time": 0.131,"Actual Rows": 406,"Actual Loops": 1,"Index Cond": "(s_nationkey = nation.n_nationkey)"}]}]},{"Node Type": "Hash","Parent Relationship": "Inner","Parallel Aware": false,"Async Capable": false,"Startup Cost": 88158.53,"Total Cost": 88158.53,"Plan Rows": 2694,"Plan Width": 4,"Actual Startup Time": 902.052,"Actual Total Time": 902.065,"Actual Rows": 5955,"Actual Loops": 1,"Hash Buckets": 8192,"Original Hash Buckets": 4096,"Hash Batches": 1,"Original Hash Batches": 1,"Peak Memory Usage": 274,"Plans": [{"Node Type": "Nested Loop","Parent Relationship": "Outer","Parallel Aware": false,"Async Capable": false,"Join Type": "Inner","Startup Cost": 0.42,"Total Cost": 88158.53,"Plan Rows": 2694,"Plan Width": 4,"Actual Startup Time": 0.551,"Actual Total Time": 897.494,"Actual Rows": 5955,"Actual Loops": 1,"Inner Unique": false,"Plans": [{"Node Type": "Seq Scan","Parent Relationship": "Outer","Parallel Aware": false,"Async Capable": false,"Relation Name": "part","Alias": "part","Startup Cost": 0.00,"Total Cost": 6597.00,"Plan Rows": 2020,"Plan Width": 4,"Actual Startup Time": 0.148,"Actual Total Time": 196.529,"Actual Rows": 2180,"Actual Loops": 1,"Filter": "((p_name)::text ~~ 'gainsboro%'::text)","Rows Removed by Filter": 197820},{"Node Type": "Index Scan","Parent Relationship": "Inner","Parallel Aware": false,"Async Capable": false,"Scan Direction": "Forward","Index Name": "idx_partsupp_partkey","Relation Name": "partsupp","Alias": "partsupp","Startup Cost": 0.42,"Total Cost": 40.36,"Plan Rows": 1,"Plan Width": 8,"Actual Startup Time": 0.135,"Actual Total Time": 0.321,"Actual Rows": 3,"Actual Loops": 2180,"Index Cond": "(ps_partkey = part.p_partkey)","Rows Removed by Index Recheck": 0,"Filter": "((ps_availqty)::numeric > (SubPlan 1))","Rows Removed by Filter": 1,"Plans": [{"Node Type": "Aggregate","Strategy": "Plain","Partial Mode": "Simple","Parent Relationship": "SubPlan","Subplan Name": "SubPlan 1","Parallel Aware": false,"Async Capable": false,"Startup Cost": 8.46,"Total Cost": 8.47,"Plan Rows": 1,"Plan Width": 32,"Actual Startup Time": 0.072,"Actual Total Time": 0.072,"Actual Rows": 1,"Actual Loops": 8720,"Plans": [{"Node Type": "Index Scan","Parent Relationship": "Outer","Parallel Aware": false,"Async Capable": false,"Scan Direction": "Forward","Index Name": "idx_lineitem_part_supp","Relation Name": "lineitem","Alias": "lineitem","Startup Cost": 0.43,"Total Cost": 8.46,"Plan Rows": 0,"Plan Width": 5,"Actual Startup Time": 0.044,"Actual Total Time": 0.071,"Actual Rows": 1,"Actual Loops": 8720,"Index Cond": "((l_partkey = partsupp.ps_partkey) AND (l_suppkey = partsupp.ps_suppkey))","Rows Removed by Index Recheck": 0,"Filter": "((l_shipdate >= '1997-01-01'::date) AND (l_shipdate < '1998-01-01 00:00:00'::timestamp without time zone))","Rows Removed by Filter": 6}]}]}]}]}]}]},"Planning Time": 6.212,"Triggers": [],"Execution Time": 906.950}]
[{"Plan": {"Node Type": "Sort","Parallel Aware": false,"Async Capable": false,"Startup Cost": 88442.96,"Total Cost": 88443.23,"Plan Rows": 108,"Plan Width": 51,"Actual Startup Time": 958.188,"Actual Total Time": 958.226,"Actual Rows": 175,"Actual Loops": 1,"Sort Key": ["supplier.s_name"],"Sort Method": "quicksort","Sort Space Used": 41,"Sort Space Type": "Memory","Plans": [{"Node Type": "Hash Join","Parent Relationship": "Outer","Parallel Aware": false,"Async Capable": false,"Join Type": "Semi","Startup Cost": 88199.59,"Total Cost": 88439.31,"Plan Rows": 108,"Plan Width": 51,"Actual Startup Time": 953.791,"Actual Total Time": 957.867,"Actual Rows": 175,"Actual Loops": 1,"Inner Unique": false,"Hash Cond": "(supplier.s_suppkey = partsupp.ps_suppkey)","Plans": [{"Node Type": "Nested Loop","Parent Relationship": "Outer","Parallel Aware": false,"Async Capable": false,"Join Type": "Inner","Startup Cost": 7.38,"Total Cost": 244.58,"Plan Rows": 400,"Plan Width": 55,"Actual Startup Time": 0.258,"Actual Total Time": 4.250,"Actual Rows": 413,"Actual Loops": 1,"Inner Unique": false,"Plans": [{"Node Type": "Seq Scan","Parent Relationship": "Outer","Parallel Aware": false,"Async Capable": false,"Relation Name": "nation","Alias": "nation","Startup Cost": 0.00,"Total Cost": 1.31,"Plan Rows": 1,"Plan Width": 4,"Actual Startup Time": 0.065,"Actual Total Time": 0.101,"Actual Rows": 1,"Actual Loops": 1,"Filter": "(n_name = 'ARGENTINA'::bpchar)","Rows Removed by Filter": 24},{"Node Type": "Bitmap Heap Scan","Parent Relationship": "Inner","Parallel Aware": false,"Async Capable": false,"Relation Name": "supplier","Alias": "supplier","Startup Cost": 7.38,"Total Cost": 239.27,"Plan Rows": 400,"Plan Width": 59,"Actual Startup Time": 0.189,"Actual Total Time": 4.084,"Actual Rows": 413,"Actual Loops": 1,"Recheck Cond": "(s_nationkey = nation.n_nationkey)","Rows Removed by Index Recheck": 0,"Exact Heap Blocks": 190,"Lossy Heap Blocks": 0,"Plans": [{"Node Type": "Bitmap Index Scan","Parent Relationship": "Outer","Parallel Aware": false,"Async Capable": false,"Index Name": "idx_supplier_nation_key","Startup Cost": 0.00,"Total Cost": 7.29,"Plan Rows": 400,"Plan Width": 0,"Actual Startup Time": 0.127,"Actual Total Time": 0.130,"Actual Rows": 413,"Actual Loops": 1,"Index Cond": "(s_nationkey = nation.n_nationkey)"}]}]},{"Node Type": "Hash","Parent Relationship": "Inner","Parallel Aware": false,"Async Capable": false,"Startup Cost": 88158.53,"Total Cost": 88158.53,"Plan Rows": 2694,"Plan Width": 4,"Actual Startup Time": 953.464,"Actual Total Time": 953.472,"Actual Rows": 5840,"Actual Loops": 1,"Hash Buckets": 8192,"Original Hash Buckets": 4096,"Hash Batches": 1,"Original Hash Batches": 1,"Peak Memory Usage": 270,"Plans": [{"Node Type": "Nested Loop","Parent Relationship": "Outer","Parallel Aware": false,"Async Capable": false,"Join Type": "Inner","Startup Cost": 0.42,"Total Cost": 88158.53,"Plan Rows": 2694,"Plan Width": 4,"Actual Startup Time": 0.804,"Actual Total Time": 949.413,"Actual Rows": 5840,"Actual Loops": 1,"Inner Unique": false,"Plans": [{"Node Type": "Seq Scan","Parent Relationship": "Outer","Parallel Aware": false,"Async Capable": false,"Relation Name": "part","Alias": "part","Startup Cost": 0.00,"Total Cost": 6597.00,"Plan Rows": 2020,"Plan Width": 4,"Actual Startup Time": 0.195,"Actual Total Time": 178.499,"Actual Rows": 2154,"Actual Loops": 1,"Filter": "((p_name)::text ~~ 'azure%'::text)","Rows Removed by Filter": 197846},{"Node Type": "Index Scan","Parent Relationship": "Inner","Parallel Aware": false,"Async Capable": false,"Scan Direction": "Forward","Index Name": "idx_partsupp_partkey","Relation Name": "partsupp","Alias": "partsupp","Startup Cost": 0.42,"Total Cost": 40.36,"Plan Rows": 1,"Plan Width": 8,"Actual Startup Time": 0.152,"Actual Total Time": 0.357,"Actual Rows": 3,"Actual Loops": 2154,"Index Cond": "(ps_partkey = part.p_partkey)","Rows Removed by Index Recheck": 0,"Filter": "((ps_availqty)::numeric > (SubPlan 1))","Rows Removed by Filter": 1,"Plans": [{"Node Type": "Aggregate","Strategy": "Plain","Partial Mode": "Simple","Parent Relationship": "SubPlan","Subplan Name": "SubPlan 1","Parallel Aware": false,"Async Capable": false,"Startup Cost": 8.46,"Total Cost": 8.47,"Plan Rows": 1,"Plan Width": 32,"Actual Startup Time": 0.081,"Actual Total Time": 0.081,"Actual Rows": 1,"Actual Loops": 8616,"Plans": [{"Node Type": "Index Scan","Parent Relationship": "Outer","Parallel Aware": false,"Async Capable": false,"Scan Direction": "Forward","Index Name": "idx_lineitem_part_supp","Relation Name": "lineitem","Alias": "lineitem","Startup Cost": 0.43,"Total Cost": 8.46,"Plan Rows": 0,"Plan Width": 5,"Actual Startup Time": 0.049,"Actual Total Time": 0.080,"Actual Rows": 1,"Actual Loops": 8616,"Index Cond": "((l_partkey = partsupp.ps_partkey) AND (l_suppkey = partsupp.ps_suppkey))","Rows Removed by Index Recheck": 0,"Filter": "((l_shipdate >= '1997-01-01'::date) AND (l_shipdate < '1998-01-01 00:00:00'::timestamp without time zone))","Rows Removed by Filter": 6}]}]}]}]}]}]},"Planning Time": 5.945,"Triggers": [],"Execution Time": 958.467}]
[{"Plan": {"Node Type": "Sort","Parallel Aware": false,"Async Capable": false,"Startup Cost": 88442.96,"Total Cost": 88443.23,"Plan Rows": 108,"Plan Width": 51,"Actual Startup Time": 889.271,"Actual Total Time": 889.289,"Actual Rows": 153,"Actual Loops": 1,"Sort Key": ["supplier.s_name"],"Sort Method": "quicksort","Sort Space Used": 39,"Sort Space Type": "Memory","Plans": [{"Node Type": "Hash Join","Parent Relationship": "Outer","Parallel Aware": false,"Async Capable": false,"Join Type": "Semi","Startup Cost": 88199.59,"Total Cost": 88439.31,"Plan Rows": 108,"Plan Width": 51,"Actual Startup Time": 884.945,"Actual Total Time": 888.958,"Actual Rows": 153,"Actual Loops": 1,"Inner Unique": false,"Hash Cond": "(supplier.s_suppkey = partsupp.ps_suppkey)","Plans": [{"Node Type": "Nested Loop","Parent Relationship": "Outer","Parallel Aware": false,"Async Capable": false,"Join Type": "Inner","Startup Cost": 7.38,"Total Cost": 244.58,"Plan Rows": 400,"Plan Width": 55,"Actual Startup Time": 0.291,"Actual Total Time": 4.208,"Actual Rows": 390,"Actual Loops": 1,"Inner Unique": false,"Plans": [{"Node Type": "Seq Scan","Parent Relationship": "Outer","Parallel Aware": false,"Async Capable": false,"Relation Name": "nation","Alias": "nation","Startup Cost": 0.00,"Total Cost": 1.31,"Plan Rows": 1,"Plan Width": 4,"Actual Startup Time": 0.070,"Actual Total Time": 0.079,"Actual Rows": 1,"Actual Loops": 1,"Filter": "(n_name = 'UNITED KINGDOM'::bpchar)","Rows Removed by Filter": 24},{"Node Type": "Bitmap Heap Scan","Parent Relationship": "Inner","Parallel Aware": false,"Async Capable": false,"Relation Name": "supplier","Alias": "supplier","Startup Cost": 7.38,"Total Cost": 239.27,"Plan Rows": 400,"Plan Width": 59,"Actual Startup Time": 0.214,"Actual Total Time": 4.045,"Actual Rows": 390,"Actual Loops": 1,"Recheck Cond": "(s_nationkey = nation.n_nationkey)","Rows Removed by Index Recheck": 0,"Exact Heap Blocks": 190,"Lossy Heap Blocks": 0,"Plans": [{"Node Type": "Bitmap Index Scan","Parent Relationship": "Outer","Parallel Aware": false,"Async Capable": false,"Index Name": "idx_supplier_nation_key","Startup Cost": 0.00,"Total Cost": 7.29,"Plan Rows": 400,"Plan Width": 0,"Actual Startup Time": 0.135,"Actual Total Time": 0.136,"Actual Rows": 390,"Actual Loops": 1,"Index Cond": "(s_nationkey = nation.n_nationkey)"}]}]},{"Node Type": "Hash","Parent Relationship": "Inner","Parallel Aware": false,"Async Capable": false,"Startup Cost": 88158.53,"Total Cost": 88158.53,"Plan Rows": 2694,"Plan Width": 4,"Actual Startup Time": 884.559,"Actual Total Time": 884.565,"Actual Rows": 5829,"Actual Loops": 1,"Hash Buckets": 8192,"Original Hash Buckets": 4096,"Hash Batches": 1,"Original Hash Batches": 1,"Peak Memory Usage": 269,"Plans": [{"Node Type": "Nested Loop","Parent Relationship": "Outer","Parallel Aware": false,"Async Capable": false,"Join Type": "Inner","Startup Cost": 0.42,"Total Cost": 88158.53,"Plan Rows": 2694,"Plan Width": 4,"Actual Startup Time": 0.647,"Actual Total Time": 880.205,"Actual Rows": 5829,"Actual Loops": 1,"Inner Unique": false,"Plans": [{"Node Type": "Seq Scan","Parent Relationship": "Outer","Parallel Aware": false,"Async Capable": false,"Relation Name": "part","Alias": "part","Startup Cost": 0.00,"Total Cost": 6597.00,"Plan Rows": 2020,"Plan Width": 4,"Actual Startup Time": 0.059,"Actual Total Time": 196.238,"Actual Rows": 2148,"Actual Loops": 1,"Filter": "((p_name)::text ~~ 'linen%'::text)","Rows Removed by Filter": 197852},{"Node Type": "Index Scan","Parent Relationship": "Inner","Parallel Aware": false,"Async Capable": false,"Scan Direction": "Forward","Index Name": "idx_partsupp_partkey","Relation Name": "partsupp","Alias": "partsupp","Startup Cost": 0.42,"Total Cost": 40.36,"Plan Rows": 1,"Plan Width": 8,"Actual Startup Time": 0.131,"Actual Total Time": 0.318,"Actual Rows": 3,"Actual Loops": 2148,"Index Cond": "(ps_partkey = part.p_partkey)","Rows Removed by Index Recheck": 0,"Filter": "((ps_availqty)::numeric > (SubPlan 1))","Rows Removed by Filter": 1,"Plans": [{"Node Type": "Aggregate","Strategy": "Plain","Partial Mode": "Simple","Parent Relationship": "SubPlan","Subplan Name": "SubPlan 1","Parallel Aware": false,"Async Capable": false,"Startup Cost": 8.46,"Total Cost": 8.47,"Plan Rows": 1,"Plan Width": 32,"Actual Startup Time": 0.071,"Actual Total Time": 0.071,"Actual Rows": 1,"Actual Loops": 8592,"Plans": [{"Node Type": "Index Scan","Parent Relationship": "Outer","Parallel Aware": false,"Async Capable": false,"Scan Direction": "Forward","Index Name": "idx_lineitem_part_supp","Relation Name": "lineitem","Alias": "lineitem","Startup Cost": 0.43,"Total Cost": 8.46,"Plan Rows": 0,"Plan Width": 5,"Actual Startup Time": 0.043,"Actual Total Time": 0.070,"Actual Rows": 1,"Actual Loops": 8592,"Index Cond": "((l_partkey = partsupp.ps_partkey) AND (l_suppkey = partsupp.ps_suppkey))","Rows Removed by Index Recheck": 0,"Filter": "((l_shipdate >= '1997-01-01'::date) AND (l_shipdate < '1998-01-01 00:00:00'::timestamp without time zone))","Rows Removed by Filter": 6}]}]}]}]}]}]},"Planning Time": 5.820,"Triggers": [],"Execution Time": 889.563}]
[{"Plan": {"Node Type": "Sort","Parallel Aware": false,"Async Capable": false,"Startup Cost": 88442.96,"Total Cost": 88443.23,"Plan Rows": 108,"Plan Width": 51,"Actual Startup Time": 927.885,"Actual Total Time": 927.926,"Actual Rows": 191,"Actual Loops": 1,"Sort Key": ["supplier.s_name"],"Sort Method": "quicksort","Sort Space Used": 42,"Sort Space Type": "Memory","Plans": [{"Node Type": "Hash Join","Parent Relationship": "Outer","Parallel Aware": false,"Async Capable": false,"Join Type": "Semi","Startup Cost": 88199.59,"Total Cost": 88439.31,"Plan Rows": 108,"Plan Width": 51,"Actual Startup Time": 923.572,"Actual Total Time": 927.544,"Actual Rows": 191,"Actual Loops": 1,"Inner Unique": false,"Hash Cond": "(supplier.s_suppkey = partsupp.ps_suppkey)","Plans": [{"Node Type": "Nested Loop","Parent Relationship": "Outer","Parallel Aware": false,"Async Capable": false,"Join Type": "Inner","Startup Cost": 7.38,"Total Cost": 244.58,"Plan Rows": 400,"Plan Width": 55,"Actual Startup Time": 0.264,"Actual Total Time": 4.160,"Actual Rows": 411,"Actual Loops": 1,"Inner Unique": false,"Plans": [{"Node Type": "Seq Scan","Parent Relationship": "Outer","Parallel Aware": false,"Async Capable": false,"Relation Name": "nation","Alias": "nation","Startup Cost": 0.00,"Total Cost": 1.31,"Plan Rows": 1,"Plan Width": 4,"Actual Startup Time": 0.073,"Actual Total Time": 0.092,"Actual Rows": 1,"Actual Loops": 1,"Filter": "(n_name = 'SAUDI ARABIA'::bpchar)","Rows Removed by Filter": 24},{"Node Type": "Bitmap Heap Scan","Parent Relationship": "Inner","Parallel Aware": false,"Async Capable": false,"Relation Name": "supplier","Alias": "supplier","Startup Cost": 7.38,"Total Cost": 239.27,"Plan Rows": 400,"Plan Width": 59,"Actual Startup Time": 0.186,"Actual Total Time": 4.000,"Actual Rows": 411,"Actual Loops": 1,"Recheck Cond": "(s_nationkey = nation.n_nationkey)","Rows Removed by Index Recheck": 0,"Exact Heap Blocks": 182,"Lossy Heap Blocks": 0,"Plans": [{"Node Type": "Bitmap Index Scan","Parent Relationship": "Outer","Parallel Aware": false,"Async Capable": false,"Index Name": "idx_supplier_nation_key","Startup Cost": 0.00,"Total Cost": 7.29,"Plan Rows": 400,"Plan Width": 0,"Actual Startup Time": 0.119,"Actual Total Time": 0.126,"Actual Rows": 411,"Actual Loops": 1,"Index Cond": "(s_nationkey = nation.n_nationkey)"}]}]},{"Node Type": "Hash","Parent Relationship": "Inner","Parallel Aware": false,"Async Capable": false,"Startup Cost": 88158.53,"Total Cost": 88158.53,"Plan Rows": 2694,"Plan Width": 4,"Actual Startup Time": 923.241,"Actual Total Time": 923.253,"Actual Rows": 5494,"Actual Loops": 1,"Hash Buckets": 8192,"Original Hash Buckets": 4096,"Hash Batches": 1,"Original Hash Batches": 1,"Peak Memory Usage": 258,"Plans": [{"Node Type": "Nested Loop","Parent Relationship": "Outer","Parallel Aware": false,"Async Capable": false,"Join Type": "Inner","Startup Cost": 0.42,"Total Cost": 88158.53,"Plan Rows": 2694,"Plan Width": 4,"Actual Startup Time": 0.475,"Actual Total Time": 918.878,"Actual Rows": 5494,"Actual Loops": 1,"Inner Unique": false,"Plans": [{"Node Type": "Seq Scan","Parent Relationship": "Outer","Parallel Aware": false,"Async Capable": false,"Relation Name": "part","Alias": "part","Startup Cost": 0.00,"Total Cost": 6597.00,"Plan Rows": 2020,"Plan Width": 4,"Actual Startup Time": 0.064,"Actual Total Time": 179.538,"Actual Rows": 2038,"Actual Loops": 1,"Filter": "((p_name)::text ~~ 'ivory%'::text)","Rows Removed by Filter": 197962},{"Node Type": "Index Scan","Parent Relationship": "Inner","Parallel Aware": false,"Async Capable": false,"Scan Direction": "Forward","Index Name": "idx_partsupp_partkey","Relation Name": "partsupp","Alias": "partsupp","Startup Cost": 0.42,"Total Cost": 40.36,"Plan Rows": 1,"Plan Width": 8,"Actual Startup Time": 0.154,"Actual Total Time": 0.362,"Actual Rows": 3,"Actual Loops": 2038,"Index Cond": "(ps_partkey = part.p_partkey)","Rows Removed by Index Recheck": 0,"Filter": "((ps_availqty)::numeric > (SubPlan 1))","Rows Removed by Filter": 1,"Plans": [{"Node Type": "Aggregate","Strategy": "Plain","Partial Mode": "Simple","Parent Relationship": "SubPlan","Subplan Name": "SubPlan 1","Parallel Aware": false,"Async Capable": false,"Startup Cost": 8.46,"Total Cost": 8.47,"Plan Rows": 1,"Plan Width": 32,"Actual Startup Time": 0.082,"Actual Total Time": 0.082,"Actual Rows": 1,"Actual Loops": 8152,"Plans": [{"Node Type": "Index Scan","Parent Relationship": "Outer","Parallel Aware": false,"Async Capable": false,"Scan Direction": "Forward","Index Name": "idx_lineitem_part_supp","Relation Name": "lineitem","Alias": "lineitem","Startup Cost": 0.43,"Total Cost": 8.46,"Plan Rows": 0,"Plan Width": 5,"Actual Startup Time": 0.050,"Actual Total Time": 0.082,"Actual Rows": 1,"Actual Loops": 8152,"Index Cond": "((l_partkey = partsupp.ps_partkey) AND (l_suppkey = partsupp.ps_suppkey))","Rows Removed by Index Recheck": 0,"Filter": "((l_shipdate >= '1995-01-01'::date) AND (l_shipdate < '1996-01-01 00:00:00'::timestamp without time zone))","Rows Removed by Filter": 6}]}]}]}]}]}]},"Planning Time": 6.979,"Triggers": [],"Execution Time": 928.176}]
[{"Plan": {"Node Type": "Sort","Parallel Aware": false,"Async Capable": false,"Startup Cost": 165280.99,"Total Cost": 165281.52,"Plan Rows": 215,"Plan Width": 51,"Actual Startup Time": 900.495,"Actual Total Time": 900.534,"Actual Rows": 177,"Actual Loops": 1,"Sort Key": ["supplier.s_name"],"Sort Method": "quicksort","Sort Space Used": 41,"Sort Space Type": "Memory","Plans": [{"Node Type": "Hash Join","Parent Relationship": "Outer","Parallel Aware": false,"Async Capable": false,"Join Type": "Semi","Startup Cost": 165030.68,"Total Cost": 165272.66,"Plan Rows": 215,"Plan Width": 51,"Actual Startup Time": 895.776,"Actual Total Time": 900.125,"Actual Rows": 177,"Actual Loops": 1,"Inner Unique": false,"Hash Cond": "(supplier.s_suppkey = partsupp.ps_suppkey)","Plans": [{"Node Type": "Nested Loop","Parent Relationship": "Outer","Parallel Aware": false,"Async Capable": false,"Join Type": "Inner","Startup Cost": 7.38,"Total Cost": 244.58,"Plan Rows": 400,"Plan Width": 55,"Actual Startup Time": 0.317,"Actual Total Time": 4.070,"Actual Rows": 421,"Actual Loops": 1,"Inner Unique": false,"Plans": [{"Node Type": "Seq Scan","Parent Relationship": "Outer","Parallel Aware": false,"Async Capable": false,"Relation Name": "nation","Alias": "nation","Startup Cost": 0.00,"Total Cost": 1.31,"Plan Rows": 1,"Plan Width": 4,"Actual Startup Time": 0.065,"Actual Total Time": 0.083,"Actual Rows": 1,"Actual Loops": 1,"Filter": "(n_name = 'PERU'::bpchar)","Rows Removed by Filter": 24},{"Node Type": "Bitmap Heap Scan","Parent Relationship": "Inner","Parallel Aware": false,"Async Capable": false,"Relation Name": "supplier","Alias": "supplier","Startup Cost": 7.38,"Total Cost": 239.27,"Plan Rows": 400,"Plan Width": 59,"Actual Startup Time": 0.243,"Actual Total Time": 3.912,"Actual Rows": 421,"Actual Loops": 1,"Recheck Cond": "(s_nationkey = nation.n_nationkey)","Rows Removed by Index Recheck": 0,"Exact Heap Blocks": 187,"Lossy Heap Blocks": 0,"Plans": [{"Node Type": "Bitmap Index Scan","Parent Relationship": "Outer","Parallel Aware": false,"Async Capable": false,"Index Name": "idx_supplier_nation_key","Startup Cost": 0.00,"Total Cost": 7.29,"Plan Rows": 400,"Plan Width": 0,"Actual Startup Time": 0.174,"Actual Total Time": 0.178,"Actual Rows": 421,"Actual Loops": 1,"Index Cond": "(s_nationkey = nation.n_nationkey)"}]}]},{"Node Type": "Hash","Parent Relationship": "Inner","Parallel Aware": false,"Async Capable": false,"Startup Cost": 164955.96,"Total Cost": 164955.96,"Plan Rows": 5387,"Plan Width": 4,"Actual Startup Time": 895.369,"Actual Total Time": 895.374,"Actual Rows": 5838,"Actual Loops": 1,"Hash Buckets": 8192,"Original Hash Buckets": 8192,"Hash Batches": 1,"Original Hash Batches": 1,"Peak Memory Usage": 270,"Plans": [{"Node Type": "Nested Loop","Parent Relationship": "Outer","Parallel Aware": false,"Async Capable": false,"Join Type": "Inner","Startup Cost": 0.42,"Total Cost": 164955.96,"Plan Rows": 5387,"Plan Width": 4,"Actual Startup Time": 0.849,"Actual Total Time": 888.857,"Actual Rows": 5838,"Actual Loops": 1,"Inner Unique": false,"Plans": [{"Node Type": "Seq Scan","Parent Relationship": "Outer","Parallel Aware": false,"Async Capable": false,"Relation Name": "part","Alias": "part","Startup Cost": 0.00,"Total Cost": 6597.00,"Plan Rows": 4040,"Plan Width": 4,"Actual Startup Time": 0.035,"Actual Total Time": 197.371,"Actual Rows": 2157,"Actual Loops": 1,"Filter": "((p_name)::text ~~ 'spring%'::text)","Rows Removed by Filter": 197843},{"Node Type": "Index Scan","Parent Relationship": "Inner","Parallel Aware": false,"Async Capable": false,"Scan Direction": "Forward","Index Name": "idx_partsupp_partkey","Relation Name": "partsupp","Alias": "partsupp","Startup Cost": 0.42,"Total Cost": 39.18,"Plan Rows": 1,"Plan Width": 8,"Actual Startup Time": 0.136,"Actual Total Time": 0.320,"Actual Rows": 3,"Actual Loops": 2157,"Index Cond": "(ps_partkey = part.p_partkey)","Rows Removed by Index Recheck": 0,"Filter": "((ps_availqty)::numeric > (SubPlan 1))","Rows Removed by Filter": 1,"Plans": [{"Node Type": "Aggregate","Strategy": "Plain","Partial Mode": "Simple","Parent Relationship": "SubPlan","Subplan Name": "SubPlan 1","Parallel Aware": false,"Async Capable": false,"Startup Cost": 8.46,"Total Cost": 8.47,"Plan Rows": 1,"Plan Width": 32,"Actual Startup Time": 0.072,"Actual Total Time": 0.072,"Actual Rows": 1,"Actual Loops": 8628,"Plans": [{"Node Type": "Index Scan","Parent Relationship": "Outer","Parallel Aware": false,"Async Capable": false,"Scan Direction": "Forward","Index Name": "idx_lineitem_part_supp","Relation Name": "lineitem","Alias": "lineitem","Startup Cost": 0.43,"Total Cost": 8.46,"Plan Rows": 0,"Plan Width": 5,"Actual Startup Time": 0.044,"Actual Total Time": 0.071,"Actual Rows": 1,"Actual Loops": 8628,"Index Cond": "((l_partkey = partsupp.ps_partkey) AND (l_suppkey = partsupp.ps_suppkey))","Rows Removed by Index Recheck": 0,"Filter": "((l_shipdate >= '1994-01-01'::date) AND (l_shipdate < '1995-01-01 00:00:00'::timestamp without time zone))","Rows Removed by Filter": 6}]}]}]}]}]}]},"Planning Time": 7.025,"Triggers": [],"Execution Time": 900.794}]
[{"Plan": {"Node Type": "Sort","Parallel Aware": false,"Async Capable": false,"Startup Cost": 88442.96,"Total Cost": 88443.23,"Plan Rows": 108,"Plan Width": 51,"Actual Startup Time": 992.333,"Actual Total Time": 992.376,"Actual Rows": 185,"Actual Loops": 1,"Sort Key": ["supplier.s_name"],"Sort Method": "quicksort","Sort Space Used": 42,"Sort Space Type": "Memory","Plans": [{"Node Type": "Hash Join","Parent Relationship": "Outer","Parallel Aware": false,"Async Capable": false,"Join Type": "Semi","Startup Cost": 88199.59,"Total Cost": 88439.31,"Plan Rows": 108,"Plan Width": 51,"Actual Startup Time": 987.654,"Actual Total Time": 991.801,"Actual Rows": 185,"Actual Loops": 1,"Inner Unique": false,"Hash Cond": "(supplier.s_suppkey = partsupp.ps_suppkey)","Plans": [{"Node Type": "Nested Loop","Parent Relationship": "Outer","Parallel Aware": false,"Async Capable": false,"Join Type": "Inner","Startup Cost": 7.38,"Total Cost": 244.58,"Plan Rows": 400,"Plan Width": 55,"Actual Startup Time": 0.308,"Actual Total Time": 4.398,"Actual Rows": 390,"Actual Loops": 1,"Inner Unique": false,"Plans": [{"Node Type": "Seq Scan","Parent Relationship": "Outer","Parallel Aware": false,"Async Capable": false,"Relation Name": "nation","Alias": "nation","Startup Cost": 0.00,"Total Cost": 1.31,"Plan Rows": 1,"Plan Width": 4,"Actual Startup Time": 0.079,"Actual Total Time": 0.098,"Actual Rows": 1,"Actual Loops": 1,"Filter": "(n_name = 'UNITED KINGDOM'::bpchar)","Rows Removed by Filter": 24},{"Node Type": "Bitmap Heap Scan","Parent Relationship": "Inner","Parallel Aware": false,"Async Capable": false,"Relation Name": "supplier","Alias": "supplier","Startup Cost": 7.38,"Total Cost": 239.27,"Plan Rows": 400,"Plan Width": 59,"Actual Startup Time": 0.226,"Actual Total Time": 4.209,"Actual Rows": 390,"Actual Loops": 1,"Recheck Cond": "(s_nationkey = nation.n_nationkey)","Rows Removed by Index Recheck": 0,"Exact Heap Blocks": 190,"Lossy Heap Blocks": 0,"Plans": [{"Node Type": "Bitmap Index Scan","Parent Relationship": "Outer","Parallel Aware": false,"Async Capable": false,"Index Name": "idx_supplier_nation_key","Startup Cost": 0.00,"Total Cost": 7.29,"Plan Rows": 400,"Plan Width": 0,"Actual Startup Time": 0.144,"Actual Total Time": 0.150,"Actual Rows": 390,"Actual Loops": 1,"Index Cond": "(s_nationkey = nation.n_nationkey)"}]}]},{"Node Type": "Hash","Parent Relationship": "Inner","Parallel Aware": false,"Async Capable": false,"Startup Cost": 88158.53,"Total Cost": 88158.53,"Plan Rows": 2694,"Plan Width": 4,"Actual Startup Time": 987.239,"Actual Total Time": 987.249,"Actual Rows": 5987,"Actual Loops": 1,"Hash Buckets": 8192,"Original Hash Buckets": 4096,"Hash Batches": 1,"Original Hash Batches": 1,"Peak Memory Usage": 275,"Plans": [{"Node Type": "Nested Loop","Parent Relationship": "Outer","Parallel Aware": false,"Async Capable": false,"Join Type": "Inner","Startup Cost": 0.42,"Total Cost": 88158.53,"Plan Rows": 2694,"Plan Width": 4,"Actual Startup Time": 0.760,"Actual Total Time": 983.199,"Actual Rows": 5987,"Actual Loops": 1,"Inner Unique": false,"Plans": [{"Node Type": "Seq Scan","Parent Relationship": "Outer","Parallel Aware": false,"Async Capable": false,"Relation Name": "part","Alias": "part","Startup Cost": 0.00,"Total Cost": 6597.00,"Plan Rows": 2020,"Plan Width": 4,"Actual Startup Time": 0.167,"Actual Total Time": 183.875,"Actual Rows": 2234,"Actual Loops": 1,"Filter": "((p_name)::text ~~ 'cyan%'::text)","Rows Removed by Filter": 197766},{"Node Type": "Index Scan","Parent Relationship": "Inner","Parallel Aware": false,"Async Capable": false,"Scan Direction": "Forward","Index Name": "idx_partsupp_partkey","Relation Name": "partsupp","Alias": "partsupp","Startup Cost": 0.42,"Total Cost": 40.36,"Plan Rows": 1,"Plan Width": 8,"Actual Startup Time": 0.151,"Actual Total Time": 0.357,"Actual Rows": 3,"Actual Loops": 2234,"Index Cond": "(ps_partkey = part.p_partkey)","Rows Removed by Index Recheck": 0,"Filter": "((ps_availqty)::numeric > (SubPlan 1))","Rows Removed by Filter": 1,"Plans": [{"Node Type": "Aggregate","Strategy": "Plain","Partial Mode": "Simple","Parent Relationship": "SubPlan","Subplan Name": "SubPlan 1","Parallel Aware": false,"Async Capable": false,"Startup Cost": 8.46,"Total Cost": 8.47,"Plan Rows": 1,"Plan Width": 32,"Actual Startup Time": 0.081,"Actual Total Time": 0.081,"Actual Rows": 1,"Actual Loops": 8936,"Plans": [{"Node Type": "Index Scan","Parent Relationship": "Outer","Parallel Aware": false,"Async Capable": false,"Scan Direction": "Forward","Index Name": "idx_lineitem_part_supp","Relation Name": "lineitem","Alias": "lineitem","Startup Cost": 0.43,"Total Cost": 8.46,"Plan Rows": 0,"Plan Width": 5,"Actual Startup Time": 0.050,"Actual Total Time": 0.080,"Actual Rows": 1,"Actual Loops": 8936,"Index Cond": "((l_partkey = partsupp.ps_partkey) AND (l_suppkey = partsupp.ps_suppkey))","Rows Removed by Index Recheck": 0,"Filter": "((l_shipdate >= '1994-01-01'::date) AND (l_shipdate < '1995-01-01 00:00:00'::timestamp without time zone))","Rows Removed by Filter": 6}]}]}]}]}]}]},"Planning Time": 6.626,"Triggers": [],"Execution Time": 992.664}]
[{"Plan": {"Node Type": "Sort","Parallel Aware": false,"Async Capable": false,"Startup Cost": 88442.96,"Total Cost": 88443.23,"Plan Rows": 108,"Plan Width": 51,"Actual Startup Time": 902.585,"Actual Total Time": 902.620,"Actual Rows": 168,"Actual Loops": 1,"Sort Key": ["supplier.s_name"],"Sort Method": "quicksort","Sort Space Used": 40,"Sort Space Type": "Memory","Plans": [{"Node Type": "Hash Join","Parent Relationship": "Outer","Parallel Aware": false,"Async Capable": false,"Join Type": "Semi","Startup Cost": 88199.59,"Total Cost": 88439.31,"Plan Rows": 108,"Plan Width": 51,"Actual Startup Time": 898.495,"Actual Total Time": 902.300,"Actual Rows": 168,"Actual Loops": 1,"Inner Unique": false,"Hash Cond": "(supplier.s_suppkey = partsupp.ps_suppkey)","Plans": [{"Node Type": "Nested Loop","Parent Relationship": "Outer","Parallel Aware": false,"Async Capable": false,"Join Type": "Inner","Startup Cost": 7.38,"Total Cost": 244.58,"Plan Rows": 400,"Plan Width": 55,"Actual Startup Time": 0.276,"Actual Total Time": 3.956,"Actual Rows": 380,"Actual Loops": 1,"Inner Unique": false,"Plans": [{"Node Type": "Seq Scan","Parent Relationship": "Outer","Parallel Aware": false,"Async Capable": false,"Relation Name": "nation","Alias": "nation","Startup Cost": 0.00,"Total Cost": 1.31,"Plan Rows": 1,"Plan Width": 4,"Actual Startup Time": 0.061,"Actual Total Time": 0.089,"Actual Rows": 1,"Actual Loops": 1,"Filter": "(n_name = 'ETHIOPIA'::bpchar)","Rows Removed by Filter": 24},{"Node Type": "Bitmap Heap Scan","Parent Relationship": "Inner","Parallel Aware": false,"Async Capable": false,"Relation Name": "supplier","Alias": "supplier","Startup Cost": 7.38,"Total Cost": 239.27,"Plan Rows": 400,"Plan Width": 59,"Actual Startup Time": 0.206,"Actual Total Time": 3.806,"Actual Rows": 380,"Actual Loops": 1,"Recheck Cond": "(s_nationkey = nation.n_nationkey)","Rows Removed by Index Recheck": 0,"Exact Heap Blocks": 192,"Lossy Heap Blocks": 0,"Plans": [{"Node Type": "Bitmap Index Scan","Parent Relationship": "Outer","Parallel Aware": false,"Async Capable": false,"Index Name": "idx_supplier_nation_key","Startup Cost": 0.00,"Total Cost": 7.29,"Plan Rows": 400,"Plan Width": 0,"Actual Startup Time": 0.139,"Actual Total Time": 0.146,"Actual Rows": 380,"Actual Loops": 1,"Index Cond": "(s_nationkey = nation.n_nationkey)"}]}]},{"Node Type": "Hash","Parent Relationship": "Inner","Parallel Aware": false,"Async Capable": false,"Startup Cost": 88158.53,"Total Cost": 88158.53,"Plan Rows": 2694,"Plan Width": 4,"Actual Startup Time": 898.166,"Actual Total Time": 898.177,"Actual Rows": 6017,"Actual Loops": 1,"Hash Buckets": 8192,"Original Hash Buckets": 4096,"Hash Batches": 1,"Original Hash Batches": 1,"Peak Memory Usage": 276,"Plans": [{"Node Type": "Nested Loop","Parent Relationship": "Outer","Parallel Aware": false,"Async Capable": false,"Join Type": "Inner","Startup Cost": 0.42,"Total Cost": 88158.53,"Plan Rows": 2694,"Plan Width": 4,"Actual Startup Time": 0.855,"Actual Total Time": 893.503,"Actual Rows": 6017,"Actual Loops": 1,"Inner Unique": false,"Plans": [{"Node Type": "Seq Scan","Parent Relationship": "Outer","Parallel Aware": false,"Async Capable": false,"Relation Name": "part","Alias": "part","Startup Cost": 0.00,"Total Cost": 6597.00,"Plan Rows": 2020,"Plan Width": 4,"Actual Startup Time": 0.341,"Actual Total Time": 194.047,"Actual Rows": 2212,"Actual Loops": 1,"Filter": "((p_name)::text ~~ 'black%'::text)","Rows Removed by Filter": 197788},{"Node Type": "Index Scan","Parent Relationship": "Inner","Parallel Aware": false,"Async Capable": false,"Scan Direction": "Forward","Index Name": "idx_partsupp_partkey","Relation Name": "partsupp","Alias": "partsupp","Startup Cost": 0.42,"Total Cost": 40.36,"Plan Rows": 1,"Plan Width": 8,"Actual Startup Time": 0.133,"Actual Total Time": 0.316,"Actual Rows": 3,"Actual Loops": 2212,"Index Cond": "(ps_partkey = part.p_partkey)","Rows Removed by Index Recheck": 0,"Filter": "((ps_availqty)::numeric > (SubPlan 1))","Rows Removed by Filter": 1,"Plans": [{"Node Type": "Aggregate","Strategy": "Plain","Partial Mode": "Simple","Parent Relationship": "SubPlan","Subplan Name": "SubPlan 1","Parallel Aware": false,"Async Capable": false,"Startup Cost": 8.46,"Total Cost": 8.47,"Plan Rows": 1,"Plan Width": 32,"Actual Startup Time": 0.071,"Actual Total Time": 0.071,"Actual Rows": 1,"Actual Loops": 8848,"Plans": [{"Node Type": "Index Scan","Parent Relationship": "Outer","Parallel Aware": false,"Async Capable": false,"Scan Direction": "Forward","Index Name": "idx_lineitem_part_supp","Relation Name": "lineitem","Alias": "lineitem","Startup Cost": 0.43,"Total Cost": 8.46,"Plan Rows": 0,"Plan Width": 5,"Actual Startup Time": 0.043,"Actual Total Time": 0.070,"Actual Rows": 1,"Actual Loops": 8848,"Index Cond": "((l_partkey = partsupp.ps_partkey) AND (l_suppkey = partsupp.ps_suppkey))","Rows Removed by Index Recheck": 0,"Filter": "((l_shipdate >= '1996-01-01'::date) AND (l_shipdate < '1997-01-01 00:00:00'::timestamp without time zone))","Rows Removed by Filter": 6}]}]}]}]}]}]},"Planning Time": 6.636,"Triggers": [],"Execution Time": 902.859}]
[{"Plan": {"Node Type": "Sort","Parallel Aware": false,"Async Capable": false,"Startup Cost": 88442.96,"Total Cost": 88443.23,"Plan Rows": 108,"Plan Width": 51,"Actual Startup Time": 894.252,"Actual Total Time": 894.291,"Actual Rows": 164,"Actual Loops": 1,"Sort Key": ["supplier.s_name"],"Sort Method": "quicksort","Sort Space Used": 40,"Sort Space Type": "Memory","Plans": [{"Node Type": "Hash Join","Parent Relationship": "Outer","Parallel Aware": false,"Async Capable": false,"Join Type": "Semi","Startup Cost": 88199.59,"Total Cost": 88439.31,"Plan Rows": 108,"Plan Width": 51,"Actual Startup Time": 889.864,"Actual Total Time": 893.933,"Actual Rows": 164,"Actual Loops": 1,"Inner Unique": false,"Hash Cond": "(supplier.s_suppkey = partsupp.ps_suppkey)","Plans": [{"Node Type": "Nested Loop","Parent Relationship": "Outer","Parallel Aware": false,"Async Capable": false,"Join Type": "Inner","Startup Cost": 7.38,"Total Cost": 244.58,"Plan Rows": 400,"Plan Width": 55,"Actual Startup Time": 0.265,"Actual Total Time": 4.297,"Actual Rows": 396,"Actual Loops": 1,"Inner Unique": false,"Plans": [{"Node Type": "Seq Scan","Parent Relationship": "Outer","Parallel Aware": false,"Async Capable": false,"Relation Name": "nation","Alias": "nation","Startup Cost": 0.00,"Total Cost": 1.31,"Plan Rows": 1,"Plan Width": 4,"Actual Startup Time": 0.071,"Actual Total Time": 0.097,"Actual Rows": 1,"Actual Loops": 1,"Filter": "(n_name = 'GERMANY'::bpchar)","Rows Removed by Filter": 24},{"Node Type": "Bitmap Heap Scan","Parent Relationship": "Inner","Parallel Aware": false,"Async Capable": false,"Relation Name": "supplier","Alias": "supplier","Startup Cost": 7.38,"Total Cost": 239.27,"Plan Rows": 400,"Plan Width": 59,"Actual Startup Time": 0.190,"Actual Total Time": 4.138,"Actual Rows": 396,"Actual Loops": 1,"Recheck Cond": "(s_nationkey = nation.n_nationkey)","Rows Removed by Index Recheck": 0,"Exact Heap Blocks": 191,"Lossy Heap Blocks": 0,"Plans": [{"Node Type": "Bitmap Index Scan","Parent Relationship": "Outer","Parallel Aware": false,"Async Capable": false,"Index Name": "idx_supplier_nation_key","Startup Cost": 0.00,"Total Cost": 7.29,"Plan Rows": 400,"Plan Width": 0,"Actual Startup Time": 0.117,"Actual Total Time": 0.119,"Actual Rows": 396,"Actual Loops": 1,"Index Cond": "(s_nationkey = nation.n_nationkey)"}]}]},{"Node Type": "Hash","Parent Relationship": "Inner","Parallel Aware": false,"Async Capable": false,"Startup Cost": 88158.53,"Total Cost": 88158.53,"Plan Rows": 2694,"Plan Width": 4,"Actual Startup Time": 889.491,"Actual Total Time": 889.499,"Actual Rows": 5680,"Actual Loops": 1,"Hash Buckets": 8192,"Original Hash Buckets": 4096,"Hash Batches": 1,"Original Hash Batches": 1,"Peak Memory Usage": 264,"Plans": [{"Node Type": "Nested Loop","Parent Relationship": "Outer","Parallel Aware": false,"Async Capable": false,"Join Type": "Inner","Startup Cost": 0.42,"Total Cost": 88158.53,"Plan Rows": 2694,"Plan Width": 4,"Actual Startup Time": 0.975,"Actual Total Time": 884.980,"Actual Rows": 5680,"Actual Loops": 1,"Inner Unique": false,"Plans": [{"Node Type": "Seq Scan","Parent Relationship": "Outer","Parallel Aware": false,"Async Capable": false,"Relation Name": "part","Alias": "part","Startup Cost": 0.00,"Total Cost": 6597.00,"Plan Rows": 2020,"Plan Width": 4,"Actual Startup Time": 0.181,"Actual Total Time": 199.886,"Actual Rows": 2103,"Actual Loops": 1,"Filter": "((p_name)::text ~~ 'cornsilk%'::text)","Rows Removed by Filter": 197897},{"Node Type": "Index Scan","Parent Relationship": "Inner","Parallel Aware": false,"Async Capable": false,"Scan Direction": "Forward","Index Name": "idx_partsupp_partkey","Relation Name": "partsupp","Alias": "partsupp","Startup Cost": 0.42,"Total Cost": 40.36,"Plan Rows": 1,"Plan Width": 8,"Actual Startup Time": 0.140,"Actual Total Time": 0.325,"Actual Rows": 3,"Actual Loops": 2103,"Index Cond": "(ps_partkey = part.p_partkey)","Rows Removed by Index Recheck": 0,"Filter": "((ps_availqty)::numeric > (SubPlan 1))","Rows Removed by Filter": 1,"Plans": [{"Node Type": "Aggregate","Strategy": "Plain","Partial Mode": "Simple","Parent Relationship": "SubPlan","Subplan Name": "SubPlan 1","Parallel Aware": false,"Async Capable": false,"Startup Cost": 8.46,"Total Cost": 8.47,"Plan Rows": 1,"Plan Width": 32,"Actual Startup Time": 0.073,"Actual Total Time": 0.073,"Actual Rows": 1,"Actual Loops": 8412,"Plans": [{"Node Type": "Index Scan","Parent Relationship": "Outer","Parallel Aware": false,"Async Capable": false,"Scan Direction": "Forward","Index Name": "idx_lineitem_part_supp","Relation Name": "lineitem","Alias": "lineitem","Startup Cost": 0.43,"Total Cost": 8.46,"Plan Rows": 0,"Plan Width": 5,"Actual Startup Time": 0.045,"Actual Total Time": 0.072,"Actual Rows": 1,"Actual Loops": 8412,"Index Cond": "((l_partkey = partsupp.ps_partkey) AND (l_suppkey = partsupp.ps_suppkey))","Rows Removed by Index Recheck": 0,"Filter": "((l_shipdate >= '1996-01-01'::date) AND (l_shipdate < '1997-01-01 00:00:00'::timestamp without time zone))","Rows Removed by Filter": 6}]}]}]}]}]}]},"Planning Time": 6.178,"Triggers": [],"Execution Time": 894.563}]
[{"Plan": {"Node Type": "Sort","Parallel Aware": false,"Async Capable": false,"Startup Cost": 88442.96,"Total Cost": 88443.23,"Plan Rows": 108,"Plan Width": 51,"Actual Startup Time": 984.505,"Actual Total Time": 984.544,"Actual Rows": 186,"Actual Loops": 1,"Sort Key": ["supplier.s_name"],"Sort Method": "quicksort","Sort Space Used": 42,"Sort Space Type": "Memory","Plans": [{"Node Type": "Hash Join","Parent Relationship": "Outer","Parallel Aware": false,"Async Capable": false,"Join Type": "Semi","Startup Cost": 88199.59,"Total Cost": 88439.31,"Plan Rows": 108,"Plan Width": 51,"Actual Startup Time": 980.173,"Actual Total Time": 984.003,"Actual Rows": 186,"Actual Loops": 1,"Inner Unique": false,"Hash Cond": "(supplier.s_suppkey = partsupp.ps_suppkey)","Plans": [{"Node Type": "Nested Loop","Parent Relationship": "Outer","Parallel Aware": false,"Async Capable": false,"Join Type": "Inner","Startup Cost": 7.38,"Total Cost": 244.58,"Plan Rows": 400,"Plan Width": 55,"Actual Startup Time": 0.315,"Actual Total Time": 4.097,"Actual Rows": 413,"Actual Loops": 1,"Inner Unique": false,"Plans": [{"Node Type": "Seq Scan","Parent Relationship": "Outer","Parallel Aware": false,"Async Capable": false,"Relation Name": "nation","Alias": "nation","Startup Cost": 0.00,"Total Cost": 1.31,"Plan Rows": 1,"Plan Width": 4,"Actual Startup Time": 0.074,"Actual Total Time": 0.101,"Actual Rows": 1,"Actual Loops": 1,"Filter": "(n_name = 'ARGENTINA'::bpchar)","Rows Removed by Filter": 24},{"Node Type": "Bitmap Heap Scan","Parent Relationship": "Inner","Parallel Aware": false,"Async Capable": false,"Relation Name": "supplier","Alias": "supplier","Startup Cost": 7.38,"Total Cost": 239.27,"Plan Rows": 400,"Plan Width": 59,"Actual Startup Time": 0.231,"Actual Total Time": 3.919,"Actual Rows": 413,"Actual Loops": 1,"Recheck Cond": "(s_nationkey = nation.n_nationkey)","Rows Removed by Index Recheck": 0,"Exact Heap Blocks": 190,"Lossy Heap Blocks": 0,"Plans": [{"Node Type": "Bitmap Index Scan","Parent Relationship": "Outer","Parallel Aware": false,"Async Capable": false,"Index Name": "idx_supplier_nation_key","Startup Cost": 0.00,"Total Cost": 7.29,"Plan Rows": 400,"Plan Width": 0,"Actual Startup Time": 0.150,"Actual Total Time": 0.153,"Actual Rows": 413,"Actual Loops": 1,"Index Cond": "(s_nationkey = nation.n_nationkey)"}]}]},{"Node Type": "Hash","Parent Relationship": "Inner","Parallel Aware": false,"Async Capable": false,"Startup Cost": 88158.53,"Total Cost": 88158.53,"Plan Rows": 2694,"Plan Width": 4,"Actual Startup Time": 979.688,"Actual Total Time": 979.700,"Actual Rows": 6071,"Actual Loops": 1,"Hash Buckets": 8192,"Original Hash Buckets": 4096,"Hash Batches": 1,"Original Hash Batches": 1,"Peak Memory Usage": 278,"Plans": [{"Node Type": "Nested Loop","Parent Relationship": "Outer","Parallel Aware": false,"Async Capable": false,"Join Type": "Inner","Startup Cost": 0.42,"Total Cost": 88158.53,"Plan Rows": 2694,"Plan Width": 4,"Actual Startup Time": 0.889,"Actual Total Time": 975.601,"Actual Rows": 6071,"Actual Loops": 1,"Inner Unique": false,"Plans": [{"Node Type": "Seq Scan","Parent Relationship": "Outer","Parallel Aware": false,"Async Capable": false,"Relation Name": "part","Alias": "part","Startup Cost": 0.00,"Total Cost": 6597.00,"Plan Rows": 2020,"Plan Width": 4,"Actual Startup Time": 0.149,"Actual Total Time": 182.130,"Actual Rows": 2217,"Actual Loops": 1,"Filter": "((p_name)::text ~~ 'tomato%'::text)","Rows Removed by Filter": 197783},{"Node Type": "Index Scan","Parent Relationship": "Inner","Parallel Aware": false,"Async Capable": false,"Scan Direction": "Forward","Index Name": "idx_partsupp_partkey","Relation Name": "partsupp","Alias": "partsupp","Startup Cost": 0.42,"Total Cost": 40.36,"Plan Rows": 1,"Plan Width": 8,"Actual Startup Time": 0.149,"Actual Total Time": 0.357,"Actual Rows": 3,"Actual Loops": 2217,"Index Cond": "(ps_partkey = part.p_partkey)","Rows Removed by Index Recheck": 0,"Filter": "((ps_availqty)::numeric > (SubPlan 1))","Rows Removed by Filter": 1,"Plans": [{"Node Type": "Aggregate","Strategy": "Plain","Partial Mode": "Simple","Parent Relationship": "SubPlan","Subplan Name": "SubPlan 1","Parallel Aware": false,"Async Capable": false,"Startup Cost": 8.46,"Total Cost": 8.47,"Plan Rows": 1,"Plan Width": 32,"Actual Startup Time": 0.081,"Actual Total Time": 0.081,"Actual Rows": 1,"Actual Loops": 8868,"Plans": [{"Node Type": "Index Scan","Parent Relationship": "Outer","Parallel Aware": false,"Async Capable": false,"Scan Direction": "Forward","Index Name": "idx_lineitem_part_supp","Relation Name": "lineitem","Alias": "lineitem","Startup Cost": 0.43,"Total Cost": 8.46,"Plan Rows": 0,"Plan Width": 5,"Actual Startup Time": 0.049,"Actual Total Time": 0.080,"Actual Rows": 1,"Actual Loops": 8868,"Index Cond": "((l_partkey = partsupp.ps_partkey) AND (l_suppkey = partsupp.ps_suppkey))","Rows Removed by Index Recheck": 0,"Filter": "((l_shipdate >= '1993-01-01'::date) AND (l_shipdate < '1994-01-01 00:00:00'::timestamp without time zone))","Rows Removed by Filter": 6}]}]}]}]}]}]},"Planning Time": 6.742,"Triggers": [],"Execution Time": 984.837}]
[{"Plan": {"Node Type": "Sort","Parallel Aware": false,"Async Capable": false,"Startup Cost": 88442.96,"Total Cost": 88443.23,"Plan Rows": 108,"Plan Width": 51,"Actual Startup Time": 959.235,"Actual Total Time": 959.273,"Actual Rows": 187,"Actual Loops": 1,"Sort Key": ["supplier.s_name"],"Sort Method": "quicksort","Sort Space Used": 42,"Sort Space Type": "Memory","Plans": [{"Node Type": "Hash Join","Parent Relationship": "Outer","Parallel Aware": false,"Async Capable": false,"Join Type": "Semi","Startup Cost": 88199.59,"Total Cost": 88439.31,"Plan Rows": 108,"Plan Width": 51,"Actual Startup Time": 954.649,"Actual Total Time": 958.703,"Actual Rows": 187,"Actual Loops": 1,"Inner Unique": false,"Hash Cond": "(supplier.s_suppkey = partsupp.ps_suppkey)","Plans": [{"Node Type": "Nested Loop","Parent Relationship": "Outer","Parallel Aware": false,"Async Capable": false,"Join Type": "Inner","Startup Cost": 7.38,"Total Cost": 244.58,"Plan Rows": 400,"Plan Width": 55,"Actual Startup Time": 0.272,"Actual Total Time": 4.196,"Actual Rows": 402,"Actual Loops": 1,"Inner Unique": false,"Plans": [{"Node Type": "Seq Scan","Parent Relationship": "Outer","Parallel Aware": false,"Async Capable": false,"Relation Name": "nation","Alias": "nation","Startup Cost": 0.00,"Total Cost": 1.31,"Plan Rows": 1,"Plan Width": 4,"Actual Startup Time": 0.063,"Actual Total Time": 0.077,"Actual Rows": 1,"Actual Loops": 1,"Filter": "(n_name = 'FRANCE'::bpchar)","Rows Removed by Filter": 24},{"Node Type": "Bitmap Heap Scan","Parent Relationship": "Inner","Parallel Aware": false,"Async Capable": false,"Relation Name": "supplier","Alias": "supplier","Startup Cost": 7.38,"Total Cost": 239.27,"Plan Rows": 400,"Plan Width": 59,"Actual Startup Time": 0.200,"Actual Total Time": 4.059,"Actual Rows": 402,"Actual Loops": 1,"Recheck Cond": "(s_nationkey = nation.n_nationkey)","Rows Removed by Index Recheck": 0,"Exact Heap Blocks": 184,"Lossy Heap Blocks": 0,"Plans": [{"Node Type": "Bitmap Index Scan","Parent Relationship": "Outer","Parallel Aware": false,"Async Capable": false,"Index Name": "idx_supplier_nation_key","Startup Cost": 0.00,"Total Cost": 7.29,"Plan Rows": 400,"Plan Width": 0,"Actual Startup Time": 0.100,"Actual Total Time": 0.106,"Actual Rows": 402,"Actual Loops": 1,"Index Cond": "(s_nationkey = nation.n_nationkey)"}]}]},{"Node Type": "Hash","Parent Relationship": "Inner","Parallel Aware": false,"Async Capable": false,"Startup Cost": 88158.53,"Total Cost": 88158.53,"Plan Rows": 2694,"Plan Width": 4,"Actual Startup Time": 954.327,"Actual Total Time": 954.335,"Actual Rows": 5924,"Actual Loops": 1,"Hash Buckets": 8192,"Original Hash Buckets": 4096,"Hash Batches": 1,"Original Hash Batches": 1,"Peak Memory Usage": 273,"Plans": [{"Node Type": "Nested Loop","Parent Relationship": "Outer","Parallel Aware": false,"Async Capable": false,"Join Type": "Inner","Startup Cost": 0.42,"Total Cost": 88158.53,"Plan Rows": 2694,"Plan Width": 4,"Actual Startup Time": 0.806,"Actual Total Time": 950.192,"Actual Rows": 5924,"Actual Loops": 1,"Inner Unique": false,"Plans": [{"Node Type": "Seq Scan","Parent Relationship": "Outer","Parallel Aware": false,"Async Capable": false,"Relation Name": "part","Alias": "part","Startup Cost": 0.00,"Total Cost": 6597.00,"Plan Rows": 2020,"Plan Width": 4,"Actual Startup Time": 0.078,"Actual Total Time": 181.457,"Actual Rows": 2138,"Actual Loops": 1,"Filter": "((p_name)::text ~~ 'royal%'::text)","Rows Removed by Filter": 197862},{"Node Type": "Index Scan","Parent Relationship": "Inner","Parallel Aware": false,"Async Capable": false,"Scan Direction": "Forward","Index Name": "idx_partsupp_partkey","Relation Name": "partsupp","Alias": "partsupp","Startup Cost": 0.42,"Total Cost": 40.36,"Plan Rows": 1,"Plan Width": 8,"Actual Startup Time": 0.148,"Actual Total Time": 0.359,"Actual Rows": 3,"Actual Loops": 2138,"Index Cond": "(ps_partkey = part.p_partkey)","Rows Removed by Index Recheck": 0,"Filter": "((ps_availqty)::numeric > (SubPlan 1))","Rows Removed by Filter": 1,"Plans": [{"Node Type": "Aggregate","Strategy": "Plain","Partial Mode": "Simple","Parent Relationship": "SubPlan","Subplan Name": "SubPlan 1","Parallel Aware": false,"Async Capable": false,"Startup Cost": 8.46,"Total Cost": 8.47,"Plan Rows": 1,"Plan Width": 32,"Actual Startup Time": 0.082,"Actual Total Time": 0.082,"Actual Rows": 1,"Actual Loops": 8552,"Plans": [{"Node Type": "Index Scan","Parent Relationship": "Outer","Parallel Aware": false,"Async Capable": false,"Scan Direction": "Forward","Index Name": "idx_lineitem_part_supp","Relation Name": "lineitem","Alias": "lineitem","Startup Cost": 0.43,"Total Cost": 8.46,"Plan Rows": 0,"Plan Width": 5,"Actual Startup Time": 0.049,"Actual Total Time": 0.081,"Actual Rows": 1,"Actual Loops": 8552,"Index Cond": "((l_partkey = partsupp.ps_partkey) AND (l_suppkey = partsupp.ps_suppkey))","Rows Removed by Index Recheck": 0,"Filter": "((l_shipdate >= '1993-01-01'::date) AND (l_shipdate < '1994-01-01 00:00:00'::timestamp without time zone))","Rows Removed by Filter": 6}]}]}]}]}]}]},"Planning Time": 5.767,"Triggers": [],"Execution Time": 959.503}]
[{"Plan": {"Node Type": "Sort","Parallel Aware": false,"Async Capable": false,"Startup Cost": 88442.96,"Total Cost": 88443.23,"Plan Rows": 108,"Plan Width": 51,"Actual Startup Time": 891.891,"Actual Total Time": 891.938,"Actual Rows": 193,"Actual Loops": 1,"Sort Key": ["supplier.s_name"],"Sort Method": "quicksort","Sort Space Used": 42,"Sort Space Type": "Memory","Plans": [{"Node Type": "Hash Join","Parent Relationship": "Outer","Parallel Aware": false,"Async Capable": false,"Join Type": "Semi","Startup Cost": 88199.59,"Total Cost": 88439.31,"Plan Rows": 108,"Plan Width": 51,"Actual Startup Time": 887.717,"Actual Total Time": 891.572,"Actual Rows": 193,"Actual Loops": 1,"Inner Unique": false,"Hash Cond": "(supplier.s_suppkey = partsupp.ps_suppkey)","Plans": [{"Node Type": "Nested Loop","Parent Relationship": "Outer","Parallel Aware": false,"Async Capable": false,"Join Type": "Inner","Startup Cost": 7.38,"Total Cost": 244.58,"Plan Rows": 400,"Plan Width": 55,"Actual Startup Time": 0.282,"Actual Total Time": 4.053,"Actual Rows": 411,"Actual Loops": 1,"Inner Unique": false,"Plans": [{"Node Type": "Seq Scan","Parent Relationship": "Outer","Parallel Aware": false,"Async Capable": false,"Relation Name": "nation","Alias": "nation","Startup Cost": 0.00,"Total Cost": 1.31,"Plan Rows": 1,"Plan Width": 4,"Actual Startup Time": 0.076,"Actual Total Time": 0.099,"Actual Rows": 1,"Actual Loops": 1,"Filter": "(n_name = 'SAUDI ARABIA'::bpchar)","Rows Removed by Filter": 24},{"Node Type": "Bitmap Heap Scan","Parent Relationship": "Inner","Parallel Aware": false,"Async Capable": false,"Relation Name": "supplier","Alias": "supplier","Startup Cost": 7.38,"Total Cost": 239.27,"Plan Rows": 400,"Plan Width": 59,"Actual Startup Time": 0.202,"Actual Total Time": 3.883,"Actual Rows": 411,"Actual Loops": 1,"Recheck Cond": "(s_nationkey = nation.n_nationkey)","Rows Removed by Index Recheck": 0,"Exact Heap Blocks": 182,"Lossy Heap Blocks": 0,"Plans": [{"Node Type": "Bitmap Index Scan","Parent Relationship": "Outer","Parallel Aware": false,"Async Capable": false,"Index Name": "idx_supplier_nation_key","Startup Cost": 0.00,"Total Cost": 7.29,"Plan Rows": 400,"Plan Width": 0,"Actual Startup Time": 0.134,"Actual Total Time": 0.141,"Actual Rows": 411,"Actual Loops": 1,"Index Cond": "(s_nationkey = nation.n_nationkey)"}]}]},{"Node Type": "Hash","Parent Relationship": "Inner","Parallel Aware": false,"Async Capable": false,"Startup Cost": 88158.53,"Total Cost": 88158.53,"Plan Rows": 2694,"Plan Width": 4,"Actual Startup Time": 887.358,"Actual Total Time": 887.371,"Actual Rows": 5946,"Actual Loops": 1,"Hash Buckets": 8192,"Original Hash Buckets": 4096,"Hash Batches": 1,"Original Hash Batches": 1,"Peak Memory Usage": 274,"Plans": [{"Node Type": "Nested Loop","Parent Relationship": "Outer","Parallel Aware": false,"Async Capable": false,"Join Type": "Inner","Startup Cost": 0.42,"Total Cost": 88158.53,"Plan Rows": 2694,"Plan Width": 4,"Actual Startup Time": 0.796,"Actual Total Time": 882.683,"Actual Rows": 5946,"Actual Loops": 1,"Inner Unique": false,"Plans": [{"Node Type": "Seq Scan","Parent Relationship": "Outer","Parallel Aware": false,"Async Capable": false,"Relation Name": "part","Alias": "part","Startup Cost": 0.00,"Total Cost": 6597.00,"Plan Rows": 2020,"Plan Width": 4,"Actual Startup Time": 0.138,"Actual Total Time": 195.444,"Actual Rows": 2180,"Actual Loops": 1,"Filter": "((p_name)::text ~~ 'gainsboro%'::text)","Rows Removed by Filter": 197820},{"Node Type": "Index Scan","Parent Relationship": "Inner","Parallel Aware": false,"Async Capable": false,"Scan Direction": "Forward","Index Name": "idx_partsupp_partkey","Relation Name": "partsupp","Alias": "partsupp","Startup Cost": 0.42,"Total Cost": 40.36,"Plan Rows": 1,"Plan Width": 8,"Actual Startup Time": 0.132,"Actual Total Time": 0.315,"Actual Rows": 3,"Actual Loops": 2180,"Index Cond": "(ps_partkey = part.p_partkey)","Rows Removed by Index Recheck": 0,"Filter": "((ps_availqty)::numeric > (SubPlan 1))","Rows Removed by Filter": 1,"Plans": [{"Node Type": "Aggregate","Strategy": "Plain","Partial Mode": "Simple","Parent Relationship": "SubPlan","Subplan Name": "SubPlan 1","Parallel Aware": false,"Async Capable": false,"Startup Cost": 8.46,"Total Cost": 8.47,"Plan Rows": 1,"Plan Width": 32,"Actual Startup Time": 0.071,"Actual Total Time": 0.071,"Actual Rows": 1,"Actual Loops": 8720,"Plans": [{"Node Type": "Index Scan","Parent Relationship": "Outer","Parallel Aware": false,"Async Capable": false,"Scan Direction": "Forward","Index Name": "idx_lineitem_part_supp","Relation Name": "lineitem","Alias": "lineitem","Startup Cost": 0.43,"Total Cost": 8.46,"Plan Rows": 0,"Plan Width": 5,"Actual Startup Time": 0.043,"Actual Total Time": 0.070,"Actual Rows": 1,"Actual Loops": 8720,"Index Cond": "((l_partkey = partsupp.ps_partkey) AND (l_suppkey = partsupp.ps_suppkey))","Rows Removed by Index Recheck": 0,"Filter": "((l_shipdate >= '1993-01-01'::date) AND (l_shipdate < '1994-01-01 00:00:00'::timestamp without time zone))","Rows Removed by Filter": 6}]}]}]}]}]}]},"Planning Time": 6.317,"Triggers": [],"Execution Time": 892.232}]
[{"Plan": {"Node Type": "Sort","Parallel Aware": false,"Async Capable": false,"Startup Cost": 88442.96,"Total Cost": 88443.23,"Plan Rows": 108,"Plan Width": 51,"Actual Startup Time": 973.127,"Actual Total Time": 973.164,"Actual Rows": 188,"Actual Loops": 1,"Sort Key": ["supplier.s_name"],"Sort Method": "quicksort","Sort Space Used": 42,"Sort Space Type": "Memory","Plans": [{"Node Type": "Hash Join","Parent Relationship": "Outer","Parallel Aware": false,"Async Capable": false,"Join Type": "Semi","Startup Cost": 88199.59,"Total Cost": 88439.31,"Plan Rows": 108,"Plan Width": 51,"Actual Startup Time": 968.857,"Actual Total Time": 972.833,"Actual Rows": 188,"Actual Loops": 1,"Inner Unique": false,"Hash Cond": "(supplier.s_suppkey = partsupp.ps_suppkey)","Plans": [{"Node Type": "Nested Loop","Parent Relationship": "Outer","Parallel Aware": false,"Async Capable": false,"Join Type": "Inner","Startup Cost": 7.38,"Total Cost": 244.58,"Plan Rows": 400,"Plan Width": 55,"Actual Startup Time": 0.227,"Actual Total Time": 4.096,"Actual Rows": 402,"Actual Loops": 1,"Inner Unique": false,"Plans": [{"Node Type": "Seq Scan","Parent Relationship": "Outer","Parallel Aware": false,"Async Capable": false,"Relation Name": "nation","Alias": "nation","Startup Cost": 0.00,"Total Cost": 1.31,"Plan Rows": 1,"Plan Width": 4,"Actual Startup Time": 0.069,"Actual Total Time": 0.092,"Actual Rows": 1,"Actual Loops": 1,"Filter": "(n_name = 'FRANCE'::bpchar)","Rows Removed by Filter": 24},{"Node Type": "Bitmap Heap Scan","Parent Relationship": "Inner","Parallel Aware": false,"Async Capable": false,"Relation Name": "supplier","Alias": "supplier","Startup Cost": 7.38,"Total Cost": 239.27,"Plan Rows": 400,"Plan Width": 59,"Actual Startup Time": 0.150,"Actual Total Time": 3.929,"Actual Rows": 402,"Actual Loops": 1,"Recheck Cond": "(s_nationkey = nation.n_nationkey)","Rows Removed by Index Recheck": 0,"Exact Heap Blocks": 184,"Lossy Heap Blocks": 0,"Plans": [{"Node Type": "Bitmap Index Scan","Parent Relationship": "Outer","Parallel Aware": false,"Async Capable": false,"Index Name": "idx_supplier_nation_key","Startup Cost": 0.00,"Total Cost": 7.29,"Plan Rows": 400,"Plan Width": 0,"Actual Startup Time": 0.095,"Actual Total Time": 0.099,"Actual Rows": 402,"Actual Loops": 1,"Index Cond": "(s_nationkey = nation.n_nationkey)"}]}]},{"Node Type": "Hash","Parent Relationship": "Inner","Parallel Aware": false,"Async Capable": false,"Startup Cost": 88158.53,"Total Cost": 88158.53,"Plan Rows": 2694,"Plan Width": 4,"Actual Startup Time": 968.552,"Actual Total Time": 968.564,"Actual Rows": 5894,"Actual Loops": 1,"Hash Buckets": 8192,"Original Hash Buckets": 4096,"Hash Batches": 1,"Original Hash Batches": 1,"Peak Memory Usage": 272,"Plans": [{"Node Type": "Nested Loop","Parent Relationship": "Outer","Parallel Aware": false,"Async Capable": false,"Join Type": "Inner","Startup Cost": 0.42,"Total Cost": 88158.53,"Plan Rows": 2694,"Plan Width": 4,"Actual Startup Time": 0.909,"Actual Total Time": 964.380,"Actual Rows": 5894,"Actual Loops": 1,"Inner Unique": false,"Plans": [{"Node Type": "Seq Scan","Parent Relationship": "Outer","Parallel Aware": false,"Async Capable": false,"Relation Name": "part","Alias": "part","Startup Cost": 0.00,"Total Cost": 6597.00,"Plan Rows": 2020,"Plan Width": 4,"Actual Startup Time": 0.140,"Actual Total Time": 178.739,"Actual Rows": 2186,"Actual Loops": 1,"Filter": "((p_name)::text ~~ 'purple%'::text)","Rows Removed by Filter": 197814},{"Node Type": "Index Scan","Parent Relationship": "Inner","Parallel Aware": false,"Async Capable": false,"Scan Direction": "Forward","Index Name": "idx_partsupp_partkey","Relation Name": "partsupp","Alias": "partsupp","Startup Cost": 0.42,"Total Cost": 40.36,"Plan Rows": 1,"Plan Width": 8,"Actual Startup Time": 0.152,"Actual Total Time": 0.359,"Actual Rows": 3,"Actual Loops": 2186,"Index Cond": "(ps_partkey = part.p_partkey)","Rows Removed by Index Recheck": 0,"Filter": "((ps_availqty)::numeric > (SubPlan 1))","Rows Removed by Filter": 1,"Plans": [{"Node Type": "Aggregate","Strategy": "Plain","Partial Mode": "Simple","Parent Relationship": "SubPlan","Subplan Name": "SubPlan 1","Parallel Aware": false,"Async Capable": false,"Startup Cost": 8.46,"Total Cost": 8.47,"Plan Rows": 1,"Plan Width": 32,"Actual Startup Time": 0.082,"Actual Total Time": 0.082,"Actual Rows": 1,"Actual Loops": 8744,"Plans": [{"Node Type": "Index Scan","Parent Relationship": "Outer","Parallel Aware": false,"Async Capable": false,"Scan Direction": "Forward","Index Name": "idx_lineitem_part_supp","Relation Name": "lineitem","Alias": "lineitem","Startup Cost": 0.43,"Total Cost": 8.46,"Plan Rows": 0,"Plan Width": 5,"Actual Startup Time": 0.050,"Actual Total Time": 0.081,"Actual Rows": 1,"Actual Loops": 8744,"Index Cond": "((l_partkey = partsupp.ps_partkey) AND (l_suppkey = partsupp.ps_suppkey))","Rows Removed by Index Recheck": 0,"Filter": "((l_shipdate >= '1995-01-01'::date) AND (l_shipdate < '1996-01-01 00:00:00'::timestamp without time zone))","Rows Removed by Filter": 6}]}]}]}]}]}]},"Planning Time": 5.724,"Triggers": [],"Execution Time": 973.405}]
[{"Plan": {"Node Type": "Sort","Parallel Aware": false,"Async Capable": false,"Startup Cost": 88442.96,"Total Cost": 88443.23,"Plan Rows": 108,"Plan Width": 51,"Actual Startup Time": 909.067,"Actual Total Time": 909.103,"Actual Rows": 188,"Actual Loops": 1,"Sort Key": ["supplier.s_name"],"Sort Method": "quicksort","Sort Space Used": 42,"Sort Space Type": "Memory","Plans": [{"Node Type": "Hash Join","Parent Relationship": "Outer","Parallel Aware": false,"Async Capable": false,"Join Type": "Semi","Startup Cost": 88199.59,"Total Cost": 88439.31,"Plan Rows": 108,"Plan Width": 51,"Actual Startup Time": 904.750,"Actual Total Time": 908.716,"Actual Rows": 188,"Actual Loops": 1,"Inner Unique": false,"Hash Cond": "(supplier.s_suppkey = partsupp.ps_suppkey)","Plans": [{"Node Type": "Nested Loop","Parent Relationship": "Outer","Parallel Aware": false,"Async Capable": false,"Join Type": "Inner","Startup Cost": 7.38,"Total Cost": 244.58,"Plan Rows": 400,"Plan Width": 55,"Actual Startup Time": 0.332,"Actual Total Time": 4.270,"Actual Rows": 411,"Actual Loops": 1,"Inner Unique": false,"Plans": [{"Node Type": "Seq Scan","Parent Relationship": "Outer","Parallel Aware": false,"Async Capable": false,"Relation Name": "nation","Alias": "nation","Startup Cost": 0.00,"Total Cost": 1.31,"Plan Rows": 1,"Plan Width": 4,"Actual Startup Time": 0.085,"Actual Total Time": 0.102,"Actual Rows": 1,"Actual Loops": 1,"Filter": "(n_name = 'SAUDI ARABIA'::bpchar)","Rows Removed by Filter": 24},{"Node Type": "Bitmap Heap Scan","Parent Relationship": "Inner","Parallel Aware": false,"Async Capable": false,"Relation Name": "supplier","Alias": "supplier","Startup Cost": 7.38,"Total Cost": 239.27,"Plan Rows": 400,"Plan Width": 59,"Actual Startup Time": 0.243,"Actual Total Time": 4.101,"Actual Rows": 411,"Actual Loops": 1,"Recheck Cond": "(s_nationkey = nation.n_nationkey)","Rows Removed by Index Recheck": 0,"Exact Heap Blocks": 182,"Lossy Heap Blocks": 0,"Plans": [{"Node Type": "Bitmap Index Scan","Parent Relationship": "Outer","Parallel Aware": false,"Async Capable": false,"Index Name": "idx_supplier_nation_key","Startup Cost": 0.00,"Total Cost": 7.29,"Plan Rows": 400,"Plan Width": 0,"Actual Startup Time": 0.158,"Actual Total Time": 0.161,"Actual Rows": 411,"Actual Loops": 1,"Index Cond": "(s_nationkey = nation.n_nationkey)"}]}]},{"Node Type": "Hash","Parent Relationship": "Inner","Parallel Aware": false,"Async Capable": false,"Startup Cost": 88158.53,"Total Cost": 88158.53,"Plan Rows": 2694,"Plan Width": 4,"Actual Startup Time": 904.285,"Actual Total Time": 904.294,"Actual Rows": 5927,"Actual Loops": 1,"Hash Buckets": 8192,"Original Hash Buckets": 4096,"Hash Batches": 1,"Original Hash Batches": 1,"Peak Memory Usage": 273,"Plans": [{"Node Type": "Nested Loop","Parent Relationship": "Outer","Parallel Aware": false,"Async Capable": false,"Join Type": "Inner","Startup Cost": 0.42,"Total Cost": 88158.53,"Plan Rows": 2694,"Plan Width": 4,"Actual Startup Time": 0.604,"Actual Total Time": 899.875,"Actual Rows": 5927,"Actual Loops": 1,"Inner Unique": false,"Plans": [{"Node Type": "Seq Scan","Parent Relationship": "Outer","Parallel Aware": false,"Async Capable": false,"Relation Name": "part","Alias": "part","Startup Cost": 0.00,"Total Cost": 6597.00,"Plan Rows": 2020,"Plan Width": 4,"Actual Startup Time": 0.099,"Actual Total Time": 196.559,"Actual Rows": 2190,"Actual Loops": 1,"Filter": "((p_name)::text ~~ 'beige%'::text)","Rows Removed by Filter": 197810},{"Node Type": "Index Scan","Parent Relationship": "Inner","Parallel Aware": false,"Async Capable": false,"Scan Direction": "Forward","Index Name": "idx_partsupp_partkey","Relation Name": "partsupp","Alias": "partsupp","Startup Cost": 0.42,"Total Cost": 40.36,"Plan Rows": 1,"Plan Width": 8,"Actual Startup Time": 0.136,"Actual Total Time": 0.321,"Actual Rows": 3,"Actual Loops": 2190,"Index Cond": "(ps_partkey = part.p_partkey)","Rows Removed by Index Recheck": 0,"Filter": "((ps_availqty)::numeric > (SubPlan 1))","Rows Removed by Filter": 1,"Plans": [{"Node Type": "Aggregate","Strategy": "Plain","Partial Mode": "Simple","Parent Relationship": "SubPlan","Subplan Name": "SubPlan 1","Parallel Aware": false,"Async Capable": false,"Startup Cost": 8.46,"Total Cost": 8.47,"Plan Rows": 1,"Plan Width": 32,"Actual Startup Time": 0.072,"Actual Total Time": 0.072,"Actual Rows": 1,"Actual Loops": 8760,"Plans": [{"Node Type": "Index Scan","Parent Relationship": "Outer","Parallel Aware": false,"Async Capable": false,"Scan Direction": "Forward","Index Name": "idx_lineitem_part_supp","Relation Name": "lineitem","Alias": "lineitem","Startup Cost": 0.43,"Total Cost": 8.46,"Plan Rows": 0,"Plan Width": 5,"Actual Startup Time": 0.044,"Actual Total Time": 0.071,"Actual Rows": 1,"Actual Loops": 8760,"Index Cond": "((l_partkey = partsupp.ps_partkey) AND (l_suppkey = partsupp.ps_suppkey))","Rows Removed by Index Recheck": 0,"Filter": "((l_shipdate >= '1994-01-01'::date) AND (l_shipdate < '1995-01-01 00:00:00'::timestamp without time zone))","Rows Removed by Filter": 6}]}]}]}]}]}]},"Planning Time": 7.017,"Triggers": [],"Execution Time": 909.382}]
[{"Plan": {"Node Type": "Sort","Parallel Aware": false,"Async Capable": false,"Startup Cost": 165280.99,"Total Cost": 165281.52,"Plan Rows": 215,"Plan Width": 51,"Actual Startup Time": 993.175,"Actual Total Time": 993.215,"Actual Rows": 187,"Actual Loops": 1,"Sort Key": ["supplier.s_name"],"Sort Method": "quicksort","Sort Space Used": 42,"Sort Space Type": "Memory","Plans": [{"Node Type": "Hash Join","Parent Relationship": "Outer","Parallel Aware": false,"Async Capable": false,"Join Type": "Semi","Startup Cost": 165030.68,"Total Cost": 165272.66,"Plan Rows": 215,"Plan Width": 51,"Actual Startup Time": 988.380,"Actual Total Time": 992.831,"Actual Rows": 187,"Actual Loops": 1,"Inner Unique": false,"Hash Cond": "(supplier.s_suppkey = partsupp.ps_suppkey)","Plans": [{"Node Type": "Nested Loop","Parent Relationship": "Outer","Parallel Aware": false,"Async Capable": false,"Join Type": "Inner","Startup Cost": 7.38,"Total Cost": 244.58,"Plan Rows": 400,"Plan Width": 55,"Actual Startup Time": 0.301,"Actual Total Time": 4.189,"Actual Rows": 415,"Actual Loops": 1,"Inner Unique": false,"Plans": [{"Node Type": "Seq Scan","Parent Relationship": "Outer","Parallel Aware": false,"Async Capable": false,"Relation Name": "nation","Alias": "nation","Startup Cost": 0.00,"Total Cost": 1.31,"Plan Rows": 1,"Plan Width": 4,"Actual Startup Time": 0.077,"Actual Total Time": 0.094,"Actual Rows": 1,"Actual Loops": 1,"Filter": "(n_name = 'INDIA'::bpchar)","Rows Removed by Filter": 24},{"Node Type": "Bitmap Heap Scan","Parent Relationship": "Inner","Parallel Aware": false,"Async Capable": false,"Relation Name": "supplier","Alias": "supplier","Startup Cost": 7.38,"Total Cost": 239.27,"Plan Rows": 400,"Plan Width": 59,"Actual Startup Time": 0.216,"Actual Total Time": 4.017,"Actual Rows": 415,"Actual Loops": 1,"Recheck Cond": "(s_nationkey = nation.n_nationkey)","Rows Removed by Index Recheck": 0,"Exact Heap Blocks": 186,"Lossy Heap Blocks": 0,"Plans": [{"Node Type": "Bitmap Index Scan","Parent Relationship": "Outer","Parallel Aware": false,"Async Capable": false,"Index Name": "idx_supplier_nation_key","Startup Cost": 0.00,"Total Cost": 7.29,"Plan Rows": 400,"Plan Width": 0,"Actual Startup Time": 0.145,"Actual Total Time": 0.150,"Actual Rows": 415,"Actual Loops": 1,"Index Cond": "(s_nationkey = nation.n_nationkey)"}]}]},{"Node Type": "Hash","Parent Relationship": "Inner","Parallel Aware": false,"Async Capable": false,"Startup Cost": 164955.96,"Total Cost": 164955.96,"Plan Rows": 5387,"Plan Width": 4,"Actual Startup Time": 987.931,"Actual Total Time": 987.940,"Actual Rows": 6102,"Actual Loops": 1,"Hash Buckets": 8192,"Original Hash Buckets": 8192,"Hash Batches": 1,"Original Hash Batches": 1,"Peak Memory Usage": 279,"Plans": [{"Node Type": "Nested Loop","Parent Relationship": "Outer","Parallel Aware": false,"Async Capable": false,"Join Type": "Inner","Startup Cost": 0.42,"Total Cost": 164955.96,"Plan Rows": 5387,"Plan Width": 4,"Actual Startup Time": 0.595,"Actual Total Time": 982.245,"Actual Rows": 6102,"Actual Loops": 1,"Inner Unique": false,"Plans": [{"Node Type": "Seq Scan","Parent Relationship": "Outer","Parallel Aware": false,"Async Capable": false,"Relation Name": "part","Alias": "part","Startup Cost": 0.00,"Total Cost": 6597.00,"Plan Rows": 4040,"Plan Width": 4,"Actual Startup Time": 0.151,"Actual Total Time": 181.037,"Actual Rows": 2228,"Actual Loops": 1,"Filter": "((p_name)::text ~~ 'dim%'::text)","Rows Removed by Filter": 197772},{"Node Type": "Index Scan","Parent Relationship": "Inner","Parallel Aware": false,"Async Capable": false,"Scan Direction": "Forward","Index Name": "idx_partsupp_partkey","Relation Name": "partsupp","Alias": "partsupp","Startup Cost": 0.42,"Total Cost": 39.18,"Plan Rows": 1,"Plan Width": 8,"Actual Startup Time": 0.148,"Actual Total Time": 0.359,"Actual Rows": 3,"Actual Loops": 2228,"Index Cond": "(ps_partkey = part.p_partkey)","Rows Removed by Index Recheck": 0,"Filter": "((ps_availqty)::numeric > (SubPlan 1))","Rows Removed by Filter": 1,"Plans": [{"Node Type": "Aggregate","Strategy": "Plain","Partial Mode": "Simple","Parent Relationship": "SubPlan","Subplan Name": "SubPlan 1","Parallel Aware": false,"Async Capable": false,"Startup Cost": 8.46,"Total Cost": 8.47,"Plan Rows": 1,"Plan Width": 32,"Actual Startup Time": 0.082,"Actual Total Time": 0.082,"Actual Rows": 1,"Actual Loops": 8912,"Plans": [{"Node Type": "Index Scan","Parent Relationship": "Outer","Parallel Aware": false,"Async Capable": false,"Scan Direction": "Forward","Index Name": "idx_lineitem_part_supp","Relation Name": "lineitem","Alias": "lineitem","Startup Cost": 0.43,"Total Cost": 8.46,"Plan Rows": 0,"Plan Width": 5,"Actual Startup Time": 0.050,"Actual Total Time": 0.081,"Actual Rows": 1,"Actual Loops": 8912,"Index Cond": "((l_partkey = partsupp.ps_partkey) AND (l_suppkey = partsupp.ps_suppkey))","Rows Removed by Index Recheck": 0,"Filter": "((l_shipdate >= '1993-01-01'::date) AND (l_shipdate < '1994-01-01 00:00:00'::timestamp without time zone))","Rows Removed by Filter": 6}]}]}]}]}]}]},"Planning Time": 6.193,"Triggers": [],"Execution Time": 993.483}]
[{"Plan": {"Node Type": "Sort","Parallel Aware": false,"Async Capable": false,"Startup Cost": 88442.96,"Total Cost": 88443.23,"Plan Rows": 108,"Plan Width": 51,"Actual Startup Time": 915.554,"Actual Total Time": 915.593,"Actual Rows": 189,"Actual Loops": 1,"Sort Key": ["supplier.s_name"],"Sort Method": "quicksort","Sort Space Used": 42,"Sort Space Type": "Memory","Plans": [{"Node Type": "Hash Join","Parent Relationship": "Outer","Parallel Aware": false,"Async Capable": false,"Join Type": "Semi","Startup Cost": 88199.59,"Total Cost": 88439.31,"Plan Rows": 108,"Plan Width": 51,"Actual Startup Time": 911.208,"Actual Total Time": 915.192,"Actual Rows": 189,"Actual Loops": 1,"Inner Unique": false,"Hash Cond": "(supplier.s_suppkey = partsupp.ps_suppkey)","Plans": [{"Node Type": "Nested Loop","Parent Relationship": "Outer","Parallel Aware": false,"Async Capable": false,"Join Type": "Inner","Startup Cost": 7.38,"Total Cost": 244.58,"Plan Rows": 400,"Plan Width": 55,"Actual Startup Time": 0.272,"Actual Total Time": 4.179,"Actual Rows": 412,"Actual Loops": 1,"Inner Unique": false,"Plans": [{"Node Type": "Seq Scan","Parent Relationship": "Outer","Parallel Aware": false,"Async Capable": false,"Relation Name": "nation","Alias": "nation","Startup Cost": 0.00,"Total Cost": 1.31,"Plan Rows": 1,"Plan Width": 4,"Actual Startup Time": 0.069,"Actual Total Time": 0.100,"Actual Rows": 1,"Actual Loops": 1,"Filter": "(n_name = 'CANADA'::bpchar)","Rows Removed by Filter": 24},{"Node Type": "Bitmap Heap Scan","Parent Relationship": "Inner","Parallel Aware": false,"Async Capable": false,"Relation Name": "supplier","Alias": "supplier","Startup Cost": 7.38,"Total Cost": 239.27,"Plan Rows": 400,"Plan Width": 59,"Actual Startup Time": 0.197,"Actual Total Time": 4.000,"Actual Rows": 412,"Actual Loops": 1,"Recheck Cond": "(s_nationkey = nation.n_nationkey)","Rows Removed by Index Recheck": 0,"Exact Heap Blocks": 189,"Lossy Heap Blocks": 0,"Plans": [{"Node Type": "Bitmap Index Scan","Parent Relationship": "Outer","Parallel Aware": false,"Async Capable": false,"Index Name": "idx_supplier_nation_key","Startup Cost": 0.00,"Total Cost": 7.29,"Plan Rows": 400,"Plan Width": 0,"Actual Startup Time": 0.124,"Actual Total Time": 0.128,"Actual Rows": 412,"Actual Loops": 1,"Index Cond": "(s_nationkey = nation.n_nationkey)"}]}]},{"Node Type": "Hash","Parent Relationship": "Inner","Parallel Aware": false,"Async Capable": false,"Startup Cost": 88158.53,"Total Cost": 88158.53,"Plan Rows": 2694,"Plan Width": 4,"Actual Startup Time": 910.845,"Actual Total Time": 910.857,"Actual Rows": 6056,"Actual Loops": 1,"Hash Buckets": 8192,"Original Hash Buckets": 4096,"Hash Batches": 1,"Original Hash Batches": 1,"Peak Memory Usage": 277,"Plans": [{"Node Type": "Nested Loop","Parent Relationship": "Outer","Parallel Aware": false,"Async Capable": false,"Join Type": "Inner","Startup Cost": 0.42,"Total Cost": 88158.53,"Plan Rows": 2694,"Plan Width": 4,"Actual Startup Time": 0.512,"Actual Total Time": 906.660,"Actual Rows": 6056,"Actual Loops": 1,"Inner Unique": false,"Plans": [{"Node Type": "Seq Scan","Parent Relationship": "Outer","Parallel Aware": false,"Async Capable": false,"Relation Name": "part","Alias": "part","Startup Cost": 0.00,"Total Cost": 6597.00,"Plan Rows": 2020,"Plan Width": 4,"Actual Startup Time": 0.072,"Actual Total Time": 198.229,"Actual Rows": 2210,"Actual Loops": 1,"Filter": "((p_name)::text ~~ 'medium%'::text)","Rows Removed by Filter": 197790},{"Node Type": "Index Scan","Parent Relationship": "Inner","Parallel Aware": false,"Async Capable": false,"Scan Direction": "Forward","Index Name": "idx_partsupp_partkey","Relation Name": "partsupp","Alias": "partsupp","Startup Cost": 0.42,"Total Cost": 40.36,"Plan Rows": 1,"Plan Width": 8,"Actual Startup Time": 0.133,"Actual Total Time": 0.320,"Actual Rows": 3,"Actual Loops": 2210,"Index Cond": "(ps_partkey = part.p_partkey)","Rows Removed by Index Recheck": 0,"Filter": "((ps_availqty)::numeric > (SubPlan 1))","Rows Removed by Filter": 1,"Plans": [{"Node Type": "Aggregate","Strategy": "Plain","Partial Mode": "Simple","Parent Relationship": "SubPlan","Subplan Name": "SubPlan 1","Parallel Aware": false,"Async Capable": false,"Startup Cost": 8.46,"Total Cost": 8.47,"Plan Rows": 1,"Plan Width": 32,"Actual Startup Time": 0.072,"Actual Total Time": 0.072,"Actual Rows": 1,"Actual Loops": 8840,"Plans": [{"Node Type": "Index Scan","Parent Relationship": "Outer","Parallel Aware": false,"Async Capable": false,"Scan Direction": "Forward","Index Name": "idx_lineitem_part_supp","Relation Name": "lineitem","Alias": "lineitem","Startup Cost": 0.43,"Total Cost": 8.46,"Plan Rows": 0,"Plan Width": 5,"Actual Startup Time": 0.044,"Actual Total Time": 0.071,"Actual Rows": 1,"Actual Loops": 8840,"Index Cond": "((l_partkey = partsupp.ps_partkey) AND (l_suppkey = partsupp.ps_suppkey))","Rows Removed by Index Recheck": 0,"Filter": "((l_shipdate >= '1997-01-01'::date) AND (l_shipdate < '1998-01-01 00:00:00'::timestamp without time zone))","Rows Removed by Filter": 6}]}]}]}]}]}]},"Planning Time": 7.230,"Triggers": [],"Execution Time": 915.814}]
[{"Plan": {"Node Type": "Sort","Parallel Aware": false,"Async Capable": false,"Startup Cost": 88442.96,"Total Cost": 88443.23,"Plan Rows": 108,"Plan Width": 51,"Actual Startup Time": 903.217,"Actual Total Time": 903.249,"Actual Rows": 186,"Actual Loops": 1,"Sort Key": ["supplier.s_name"],"Sort Method": "quicksort","Sort Space Used": 42,"Sort Space Type": "Memory","Plans": [{"Node Type": "Hash Join","Parent Relationship": "Outer","Parallel Aware": false,"Async Capable": false,"Join Type": "Semi","Startup Cost": 88199.59,"Total Cost": 88439.31,"Plan Rows": 108,"Plan Width": 51,"Actual Startup Time": 898.823,"Actual Total Time": 902.889,"Actual Rows": 186,"Actual Loops": 1,"Inner Unique": false,"Hash Cond": "(supplier.s_suppkey = partsupp.ps_suppkey)","Plans": [{"Node Type": "Nested Loop","Parent Relationship": "Outer","Parallel Aware": false,"Async Capable": false,"Join Type": "Inner","Startup Cost": 7.38,"Total Cost": 244.58,"Plan Rows": 400,"Plan Width": 55,"Actual Startup Time": 0.320,"Actual Total Time": 4.273,"Actual Rows": 421,"Actual Loops": 1,"Inner Unique": false,"Plans": [{"Node Type": "Seq Scan","Parent Relationship": "Outer","Parallel Aware": false,"Async Capable": false,"Relation Name": "nation","Alias": "nation","Startup Cost": 0.00,"Total Cost": 1.31,"Plan Rows": 1,"Plan Width": 4,"Actual Startup Time": 0.070,"Actual Total Time": 0.082,"Actual Rows": 1,"Actual Loops": 1,"Filter": "(n_name = 'PERU'::bpchar)","Rows Removed by Filter": 24},{"Node Type": "Bitmap Heap Scan","Parent Relationship": "Inner","Parallel Aware": false,"Async Capable": false,"Relation Name": "supplier","Alias": "supplier","Startup Cost": 7.38,"Total Cost": 239.27,"Plan Rows": 400,"Plan Width": 59,"Actual Startup Time": 0.238,"Actual Total Time": 4.125,"Actual Rows": 421,"Actual Loops": 1,"Recheck Cond": "(s_nationkey = nation.n_nationkey)","Rows Removed by Index Recheck": 0,"Exact Heap Blocks": 187,"Lossy Heap Blocks": 0,"Plans": [{"Node Type": "Bitmap Index Scan","Parent Relationship": "Outer","Parallel Aware": false,"Async Capable": false,"Index Name": "idx_supplier_nation_key","Startup Cost": 0.00,"Total Cost": 7.29,"Plan Rows": 400,"Plan Width": 0,"Actual Startup Time": 0.180,"Actual Total Time": 0.184,"Actual Rows": 421,"Actual Loops": 1,"Index Cond": "(s_nationkey = nation.n_nationkey)"}]}]},{"Node Type": "Hash","Parent Relationship": "Inner","Parallel Aware": false,"Async Capable": false,"Startup Cost": 88158.53,"Total Cost": 88158.53,"Plan Rows": 2694,"Plan Width": 4,"Actual Startup Time": 898.423,"Actual Total Time": 898.430,"Actual Rows": 5758,"Actual Loops": 1,"Hash Buckets": 8192,"Original Hash Buckets": 4096,"Hash Batches": 1,"Original Hash Batches": 1,"Peak Memory Usage": 267,"Plans": [{"Node Type": "Nested Loop","Parent Relationship": "Outer","Parallel Aware": false,"Async Capable": false,"Join Type": "Inner","Startup Cost": 0.42,"Total Cost": 88158.53,"Plan Rows": 2694,"Plan Width": 4,"Actual Startup Time": 0.498,"Actual Total Time": 894.061,"Actual Rows": 5758,"Actual Loops": 1,"Inner Unique": false,"Plans": [{"Node Type": "Seq Scan","Parent Relationship": "Outer","Parallel Aware": false,"Async Capable": false,"Relation Name": "part","Alias": "part","Startup Cost": 0.00,"Total Cost": 6597.00,"Plan Rows": 2020,"Plan Width": 4,"Actual Startup Time": 0.038,"Actual Total Time": 200.418,"Actual Rows": 2127,"Actual Loops": 1,"Filter": "((p_name)::text ~~ 'forest%'::text)","Rows Removed by Filter": 197873},{"Node Type": "Index Scan","Parent Relationship": "Inner","Parallel Aware": false,"Async Capable": false,"Scan Direction": "Forward","Index Name": "idx_partsupp_partkey","Relation Name": "partsupp","Alias": "partsupp","Startup Cost": 0.42,"Total Cost": 40.36,"Plan Rows": 1,"Plan Width": 8,"Actual Startup Time": 0.138,"Actual Total Time": 0.326,"Actual Rows": 3,"Actual Loops": 2127,"Index Cond": "(ps_partkey = part.p_partkey)","Rows Removed by Index Recheck": 0,"Filter": "((ps_availqty)::numeric > (SubPlan 1))","Rows Removed by Filter": 1,"Plans": [{"Node Type": "Aggregate","Strategy": "Plain","Partial Mode": "Simple","Parent Relationship": "SubPlan","Subplan Name": "SubPlan 1","Parallel Aware": false,"Async Capable": false,"Startup Cost": 8.46,"Total Cost": 8.47,"Plan Rows": 1,"Plan Width": 32,"Actual Startup Time": 0.073,"Actual Total Time": 0.073,"Actual Rows": 1,"Actual Loops": 8508,"Plans": [{"Node Type": "Index Scan","Parent Relationship": "Outer","Parallel Aware": false,"Async Capable": false,"Scan Direction": "Forward","Index Name": "idx_lineitem_part_supp","Relation Name": "lineitem","Alias": "lineitem","Startup Cost": 0.43,"Total Cost": 8.46,"Plan Rows": 0,"Plan Width": 5,"Actual Startup Time": 0.045,"Actual Total Time": 0.072,"Actual Rows": 1,"Actual Loops": 8508,"Index Cond": "((l_partkey = partsupp.ps_partkey) AND (l_suppkey = partsupp.ps_suppkey))","Rows Removed by Index Recheck": 0,"Filter": "((l_shipdate >= '1996-01-01'::date) AND (l_shipdate < '1997-01-01 00:00:00'::timestamp without time zone))","Rows Removed by Filter": 6}]}]}]}]}]}]},"Planning Time": 7.066,"Triggers": [],"Execution Time": 903.505}]
[{"Plan": {"Node Type": "Sort","Parallel Aware": false,"Async Capable": false,"Startup Cost": 88442.96,"Total Cost": 88443.23,"Plan Rows": 108,"Plan Width": 51,"Actual Startup Time": 980.015,"Actual Total Time": 980.059,"Actual Rows": 161,"Actual Loops": 1,"Sort Key": ["supplier.s_name"],"Sort Method": "quicksort","Sort Space Used": 39,"Sort Space Type": "Memory","Plans": [{"Node Type": "Hash Join","Parent Relationship": "Outer","Parallel Aware": false,"Async Capable": false,"Join Type": "Semi","Startup Cost": 88199.59,"Total Cost": 88439.31,"Plan Rows": 108,"Plan Width": 51,"Actual Startup Time": 975.962,"Actual Total Time": 979.715,"Actual Rows": 161,"Actual Loops": 1,"Inner Unique": false,"Hash Cond": "(supplier.s_suppkey = partsupp.ps_suppkey)","Plans": [{"Node Type": "Nested Loop","Parent Relationship": "Outer","Parallel Aware": false,"Async Capable": false,"Join Type": "Inner","Startup Cost": 7.38,"Total Cost": 244.58,"Plan Rows": 400,"Plan Width": 55,"Actual Startup Time": 0.285,"Actual Total Time": 3.954,"Actual Rows": 373,"Actual Loops": 1,"Inner Unique": false,"Plans": [{"Node Type": "Seq Scan","Parent Relationship": "Outer","Parallel Aware": false,"Async Capable": false,"Relation Name": "nation","Alias": "nation","Startup Cost": 0.00,"Total Cost": 1.31,"Plan Rows": 1,"Plan Width": 4,"Actual Startup Time": 0.068,"Actual Total Time": 0.099,"Actual Rows": 1,"Actual Loops": 1,"Filter": "(n_name = 'MOROCCO'::bpchar)","Rows Removed by Filter": 24},{"Node Type": "Bitmap Heap Scan","Parent Relationship": "Inner","Parallel Aware": false,"Async Capable": false,"Relation Name": "supplier","Alias": "supplier","Startup Cost": 7.38,"Total Cost": 239.27,"Plan Rows": 400,"Plan Width": 59,"Actual Startup Time": 0.212,"Actual Total Time": 3.802,"Actual Rows": 373,"Actual Loops": 1,"Recheck Cond": "(s_nationkey = nation.n_nationkey)","Rows Removed by Index Recheck": 0,"Exact Heap Blocks": 180,"Lossy Heap Blocks": 0,"Plans": [{"Node Type": "Bitmap Index Scan","Parent Relationship": "Outer","Parallel Aware": false,"Async Capable": false,"Index Name": "idx_supplier_nation_key","Startup Cost": 0.00,"Total Cost": 7.29,"Plan Rows": 400,"Plan Width": 0,"Actual Startup Time": 0.137,"Actual Total Time": 0.142,"Actual Rows": 373,"Actual Loops": 1,"Index Cond": "(s_nationkey = nation.n_nationkey)"}]}]},{"Node Type": "Hash","Parent Relationship": "Inner","Parallel Aware": false,"Async Capable": false,"Startup Cost": 88158.53,"Total Cost": 88158.53,"Plan Rows": 2694,"Plan Width": 4,"Actual Startup Time": 975.604,"Actual Total Time": 975.615,"Actual Rows": 6029,"Actual Loops": 1,"Hash Buckets": 8192,"Original Hash Buckets": 4096,"Hash Batches": 1,"Original Hash Batches": 1,"Peak Memory Usage": 276,"Plans": [{"Node Type": "Nested Loop","Parent Relationship": "Outer","Parallel Aware": false,"Async Capable": false,"Join Type": "Inner","Startup Cost": 0.42,"Total Cost": 88158.53,"Plan Rows": 2694,"Plan Width": 4,"Actual Startup Time": 1.195,"Actual Total Time": 971.166,"Actual Rows": 6029,"Actual Loops": 1,"Inner Unique": false,"Plans": [{"Node Type": "Seq Scan","Parent Relationship": "Outer","Parallel Aware": false,"Async Capable": false,"Relation Name": "part","Alias": "part","Startup Cost": 0.00,"Total Cost": 6597.00,"Plan Rows": 2020,"Plan Width": 4,"Actual Startup Time": 0.395,"Actual Total Time": 180.499,"Actual Rows": 2205,"Actual Loops": 1,"Filter": "((p_name)::text ~~ 'maroon%'::text)","Rows Removed by Filter": 197795},{"Node Type": "Index Scan","Parent Relationship": "Inner","Parallel Aware": false,"Async Capable": false,"Scan Direction": "Forward","Index Name": "idx_partsupp_partkey","Relation Name": "partsupp","Alias": "partsupp","Startup Cost": 0.42,"Total Cost": 40.36,"Plan Rows": 1,"Plan Width": 8,"Actual Startup Time": 0.149,"Actual Total Time": 0.358,"Actual Rows": 3,"Actual Loops": 2205,"Index Cond": "(ps_partkey = part.p_partkey)","Rows Removed by Index Recheck": 0,"Filter": "((ps_availqty)::numeric > (SubPlan 1))","Rows Removed by Filter": 1,"Plans": [{"Node Type": "Aggregate","Strategy": "Plain","Partial Mode": "Simple","Parent Relationship": "SubPlan","Subplan Name": "SubPlan 1","Parallel Aware": false,"Async Capable": false,"Startup Cost": 8.46,"Total Cost": 8.47,"Plan Rows": 1,"Plan Width": 32,"Actual Startup Time": 0.082,"Actual Total Time": 0.082,"Actual Rows": 1,"Actual Loops": 8820,"Plans": [{"Node Type": "Index Scan","Parent Relationship": "Outer","Parallel Aware": false,"Async Capable": false,"Scan Direction": "Forward","Index Name": "idx_lineitem_part_supp","Relation Name": "lineitem","Alias": "lineitem","Startup Cost": 0.43,"Total Cost": 8.46,"Plan Rows": 0,"Plan Width": 5,"Actual Startup Time": 0.049,"Actual Total Time": 0.081,"Actual Rows": 1,"Actual Loops": 8820,"Index Cond": "((l_partkey = partsupp.ps_partkey) AND (l_suppkey = partsupp.ps_suppkey))","Rows Removed by Index Recheck": 0,"Filter": "((l_shipdate >= '1995-01-01'::date) AND (l_shipdate < '1996-01-01 00:00:00'::timestamp without time zone))","Rows Removed by Filter": 6}]}]}]}]}]}]},"Planning Time": 6.792,"Triggers": [],"Execution Time": 980.370}]
[{"Plan": {"Node Type": "Sort","Parallel Aware": false,"Async Capable": false,"Startup Cost": 88442.96,"Total Cost": 88443.23,"Plan Rows": 108,"Plan Width": 51,"Actual Startup Time": 981.233,"Actual Total Time": 981.264,"Actual Rows": 183,"Actual Loops": 1,"Sort Key": ["supplier.s_name"],"Sort Method": "quicksort","Sort Space Used": 41,"Sort Space Type": "Memory","Plans": [{"Node Type": "Hash Join","Parent Relationship": "Outer","Parallel Aware": false,"Async Capable": false,"Join Type": "Semi","Startup Cost": 88199.59,"Total Cost": 88439.31,"Plan Rows": 108,"Plan Width": 51,"Actual Startup Time": 976.860,"Actual Total Time": 980.924,"Actual Rows": 183,"Actual Loops": 1,"Inner Unique": false,"Hash Cond": "(supplier.s_suppkey = partsupp.ps_suppkey)","Plans": [{"Node Type": "Nested Loop","Parent Relationship": "Outer","Parallel Aware": false,"Async Capable": false,"Join Type": "Inner","Startup Cost": 7.38,"Total Cost": 244.58,"Plan Rows": 400,"Plan Width": 55,"Actual Startup Time": 0.308,"Actual Total Time": 4.254,"Actual Rows": 405,"Actual Loops": 1,"Inner Unique": false,"Plans": [{"Node Type": "Seq Scan","Parent Relationship": "Outer","Parallel Aware": false,"Async Capable": false,"Relation Name": "nation","Alias": "nation","Startup Cost": 0.00,"Total Cost": 1.31,"Plan Rows": 1,"Plan Width": 4,"Actual Startup Time": 0.064,"Actual Total Time": 0.090,"Actual Rows": 1,"Actual Loops": 1,"Filter": "(n_name = 'INDONESIA'::bpchar)","Rows Removed by Filter": 24},{"Node Type": "Bitmap Heap Scan","Parent Relationship": "Inner","Parallel Aware": false,"Async Capable": false,"Relation Name": "supplier","Alias": "supplier","Startup Cost": 7.38,"Total Cost": 239.27,"Plan Rows": 400,"Plan Width": 59,"Actual Startup Time": 0.232,"Actual Total Time": 4.095,"Actual Rows": 405,"Actual Loops": 1,"Recheck Cond": "(s_nationkey = nation.n_nationkey)","Rows Removed by Index Recheck": 0,"Exact Heap Blocks": 192,"Lossy Heap Blocks": 0,"Plans": [{"Node Type": "Bitmap Index Scan","Parent Relationship": "Outer","Parallel Aware": false,"Async Capable": false,"Index Name": "idx_supplier_nation_key","Startup Cost": 0.00,"Total Cost": 7.29,"Plan Rows": 400,"Plan Width": 0,"Actual Startup Time": 0.147,"Actual Total Time": 0.151,"Actual Rows": 405,"Actual Loops": 1,"Index Cond": "(s_nationkey = nation.n_nationkey)"}]}]},{"Node Type": "Hash","Parent Relationship": "Inner","Parallel Aware": false,"Async Capable": false,"Startup Cost": 88158.53,"Total Cost": 88158.53,"Plan Rows": 2694,"Plan Width": 4,"Actual Startup Time": 976.469,"Actual Total Time": 976.478,"Actual Rows": 6041,"Actual Loops": 1,"Hash Buckets": 8192,"Original Hash Buckets": 4096,"Hash Batches": 1,"Original Hash Batches": 1,"Peak Memory Usage": 277,"Plans": [{"Node Type": "Nested Loop","Parent Relationship": "Outer","Parallel Aware": false,"Async Capable": false,"Join Type": "Inner","Startup Cost": 0.42,"Total Cost": 88158.53,"Plan Rows": 2694,"Plan Width": 4,"Actual Startup Time": 0.689,"Actual Total Time": 972.427,"Actual Rows": 6041,"Actual Loops": 1,"Inner Unique": false,"Plans": [{"Node Type": "Seq Scan","Parent Relationship": "Outer","Parallel Aware": false,"Async Capable": false,"Relation Name": "part","Alias": "part","Startup Cost": 0.00,"Total Cost": 6597.00,"Plan Rows": 2020,"Plan Width": 4,"Actual Startup Time": 0.136,"Actual Total Time": 181.356,"Actual Rows": 2218,"Actual Loops": 1,"Filter": "((p_name)::text ~~ 'tan%'::text)","Rows Removed by Filter": 197782},{"Node Type": "Index Scan","Parent Relationship": "Inner","Parallel Aware": false,"Async Capable": false,"Scan Direction": "Forward","Index Name": "idx_partsupp_partkey","Relation Name": "partsupp","Alias": "partsupp","Startup Cost": 0.42,"Total Cost": 40.36,"Plan Rows": 1,"Plan Width": 8,"Actual Startup Time": 0.148,"Actual Total Time": 0.356,"Actual Rows": 3,"Actual Loops": 2218,"Index Cond": "(ps_partkey = part.p_partkey)","Rows Removed by Index Recheck": 0,"Filter": "((ps_availqty)::numeric > (SubPlan 1))","Rows Removed by Filter": 1,"Plans": [{"Node Type": "Aggregate","Strategy": "Plain","Partial Mode": "Simple","Parent Relationship": "SubPlan","Subplan Name": "SubPlan 1","Parallel Aware": false,"Async Capable": false,"Startup Cost": 8.46,"Total Cost": 8.47,"Plan Rows": 1,"Plan Width": 32,"Actual Startup Time": 0.081,"Actual Total Time": 0.081,"Actual Rows": 1,"Actual Loops": 8872,"Plans": [{"Node Type": "Index Scan","Parent Relationship": "Outer","Parallel Aware": false,"Async Capable": false,"Scan Direction": "Forward","Index Name": "idx_lineitem_part_supp","Relation Name": "lineitem","Alias": "lineitem","Startup Cost": 0.43,"Total Cost": 8.46,"Plan Rows": 0,"Plan Width": 5,"Actual Startup Time": 0.050,"Actual Total Time": 0.080,"Actual Rows": 1,"Actual Loops": 8872,"Index Cond": "((l_partkey = partsupp.ps_partkey) AND (l_suppkey = partsupp.ps_suppkey))","Rows Removed by Index Recheck": 0,"Filter": "((l_shipdate >= '1993-01-01'::date) AND (l_shipdate < '1994-01-01 00:00:00'::timestamp without time zone))","Rows Removed by Filter": 6}]}]}]}]}]}]},"Planning Time": 6.733,"Triggers": [],"Execution Time": 981.550}]
[{"Plan": {"Node Type": "Sort","Parallel Aware": false,"Async Capable": false,"Startup Cost": 88442.96,"Total Cost": 88443.23,"Plan Rows": 108,"Plan Width": 51,"Actual Startup Time": 896.310,"Actual Total Time": 896.361,"Actual Rows": 205,"Actual Loops": 1,"Sort Key": ["supplier.s_name"],"Sort Method": "quicksort","Sort Space Used": 43,"Sort Space Type": "Memory","Plans": [{"Node Type": "Hash Join","Parent Relationship": "Outer","Parallel Aware": false,"Async Capable": false,"Join Type": "Semi","Startup Cost": 88199.59,"Total Cost": 88439.31,"Plan Rows": 108,"Plan Width": 51,"Actual Startup Time": 891.907,"Actual Total Time": 895.992,"Actual Rows": 205,"Actual Loops": 1,"Inner Unique": false,"Hash Cond": "(supplier.s_suppkey = partsupp.ps_suppkey)","Plans": [{"Node Type": "Nested Loop","Parent Relationship": "Outer","Parallel Aware": false,"Async Capable": false,"Join Type": "Inner","Startup Cost": 7.38,"Total Cost": 244.58,"Plan Rows": 400,"Plan Width": 55,"Actual Startup Time": 0.249,"Actual Total Time": 4.239,"Actual Rows": 438,"Actual Loops": 1,"Inner Unique": false,"Plans": [{"Node Type": "Seq Scan","Parent Relationship": "Outer","Parallel Aware": false,"Async Capable": false,"Relation Name": "nation","Alias": "nation","Startup Cost": 0.00,"Total Cost": 1.31,"Plan Rows": 1,"Plan Width": 4,"Actual Startup Time": 0.066,"Actual Total Time": 0.095,"Actual Rows": 1,"Actual Loops": 1,"Filter": "(n_name = 'IRAQ'::bpchar)","Rows Removed by Filter": 24},{"Node Type": "Bitmap Heap Scan","Parent Relationship": "Inner","Parallel Aware": false,"Async Capable": false,"Relation Name": "supplier","Alias": "supplier","Startup Cost": 7.38,"Total Cost": 239.27,"Plan Rows": 400,"Plan Width": 59,"Actual Startup Time": 0.180,"Actual Total Time": 4.085,"Actual Rows": 438,"Actual Loops": 1,"Recheck Cond": "(s_nationkey = nation.n_nationkey)","Rows Removed by Index Recheck": 0,"Exact Heap Blocks": 194,"Lossy Heap Blocks": 0,"Plans": [{"Node Type": "Bitmap Index Scan","Parent Relationship": "Outer","Parallel Aware": false,"Async Capable": false,"Index Name": "idx_supplier_nation_key","Startup Cost": 0.00,"Total Cost": 7.29,"Plan Rows": 400,"Plan Width": 0,"Actual Startup Time": 0.122,"Actual Total Time": 0.129,"Actual Rows": 438,"Actual Loops": 1,"Index Cond": "(s_nationkey = nation.n_nationkey)"}]}]},{"Node Type": "Hash","Parent Relationship": "Inner","Parallel Aware": false,"Async Capable": false,"Startup Cost": 88158.53,"Total Cost": 88158.53,"Plan Rows": 2694,"Plan Width": 4,"Actual Startup Time": 891.594,"Actual Total Time": 891.609,"Actual Rows": 5792,"Actual Loops": 1,"Hash Buckets": 8192,"Original Hash Buckets": 4096,"Hash Batches": 1,"Original Hash Batches": 1,"Peak Memory Usage": 268,"Plans": [{"Node Type": "Nested Loop","Parent Relationship": "Outer","Parallel Aware": false,"Async Capable": false,"Join Type": "Inner","Startup Cost": 0.42,"Total Cost": 88158.53,"Plan Rows": 2694,"Plan Width": 4,"Actual Startup Time": 0.807,"Actual Total Time": 887.671,"Actual Rows": 5792,"Actual Loops": 1,"Inner Unique": false,"Plans": [{"Node Type": "Seq Scan","Parent Relationship": "Outer","Parallel Aware": false,"Async Capable": false,"Relation Name": "part","Alias": "part","Startup Cost": 0.00,"Total Cost": 6597.00,"Plan Rows": 2020,"Plan Width": 4,"Actual Startup Time": 0.071,"Actual Total Time": 195.686,"Actual Rows": 2158,"Actual Loops": 1,"Filter": "((p_name)::text ~~ 'lemon%'::text)","Rows Removed by Filter": 197842},{"Node Type": "Index Scan","Parent Relationship": "Inner","Parallel Aware": false,"Async Capable": false,"Scan Direction": "Forward","Index Name": "idx_partsupp_partkey","Relation Name": "partsupp","Alias": "partsupp","Startup Cost": 0.42,"Total Cost": 40.36,"Plan Rows": 1,"Plan Width": 8,"Actual Startup Time": 0.136,"Actual Total Time": 0.320,"Actual Rows": 3,"Actual Loops": 2158,"Index Cond": "(ps_partkey = part.p_partkey)","Rows Removed by Index Recheck": 0,"Filter": "((ps_availqty)::numeric > (SubPlan 1))","Rows Removed by Filter": 1,"Plans": [{"Node Type": "Aggregate","Strategy": "Plain","Partial Mode": "Simple","Parent Relationship": "SubPlan","Subplan Name": "SubPlan 1","Parallel Aware": false,"Async Capable": false,"Startup Cost": 8.46,"Total Cost": 8.47,"Plan Rows": 1,"Plan Width": 32,"Actual Startup Time": 0.072,"Actual Total Time": 0.072,"Actual Rows": 1,"Actual Loops": 8632,"Plans": [{"Node Type": "Index Scan","Parent Relationship": "Outer","Parallel Aware": false,"Async Capable": false,"Scan Direction": "Forward","Index Name": "idx_lineitem_part_supp","Relation Name": "lineitem","Alias": "lineitem","Startup Cost": 0.43,"Total Cost": 8.46,"Plan Rows": 0,"Plan Width": 5,"Actual Startup Time": 0.044,"Actual Total Time": 0.071,"Actual Rows": 1,"Actual Loops": 8632,"Index Cond": "((l_partkey = partsupp.ps_partkey) AND (l_suppkey = partsupp.ps_suppkey))","Rows Removed by Index Recheck": 0,"Filter": "((l_shipdate >= '1993-01-01'::date) AND (l_shipdate < '1994-01-01 00:00:00'::timestamp without time zone))","Rows Removed by Filter": 6}]}]}]}]}]}]},"Planning Time": 7.396,"Triggers": [],"Execution Time": 896.645}]
[{"Plan": {"Node Type": "Sort","Parallel Aware": false,"Async Capable": false,"Startup Cost": 88442.96,"Total Cost": 88443.23,"Plan Rows": 108,"Plan Width": 51,"Actual Startup Time": 975.210,"Actual Total Time": 975.243,"Actual Rows": 179,"Actual Loops": 1,"Sort Key": ["supplier.s_name"],"Sort Method": "quicksort","Sort Space Used": 41,"Sort Space Type": "Memory","Plans": [{"Node Type": "Hash Join","Parent Relationship": "Outer","Parallel Aware": false,"Async Capable": false,"Join Type": "Semi","Startup Cost": 88199.59,"Total Cost": 88439.31,"Plan Rows": 108,"Plan Width": 51,"Actual Startup Time": 970.714,"Actual Total Time": 974.896,"Actual Rows": 179,"Actual Loops": 1,"Inner Unique": false,"Hash Cond": "(supplier.s_suppkey = partsupp.ps_suppkey)","Plans": [{"Node Type": "Nested Loop","Parent Relationship": "Outer","Parallel Aware": false,"Async Capable": false,"Join Type": "Inner","Startup Cost": 7.38,"Total Cost": 244.58,"Plan Rows": 400,"Plan Width": 55,"Actual Startup Time": 0.270,"Actual Total Time": 4.314,"Actual Rows": 399,"Actual Loops": 1,"Inner Unique": false,"Plans": [{"Node Type": "Seq Scan","Parent Relationship": "Outer","Parallel Aware": false,"Async Capable": false,"Relation Name": "nation","Alias": "nation","Startup Cost": 0.00,"Total Cost": 1.31,"Plan Rows": 1,"Plan Width": 4,"Actual Startup Time": 0.070,"Actual Total Time": 0.089,"Actual Rows": 1,"Actual Loops": 1,"Filter": "(n_name = 'VIETNAM'::bpchar)","Rows Removed by Filter": 24},{"Node Type": "Bitmap Heap Scan","Parent Relationship": "Inner","Parallel Aware": false,"Async Capable": false,"Relation Name": "supplier","Alias": "supplier","Startup Cost": 7.38,"Total Cost": 239.27,"Plan Rows": 400,"Plan Width": 59,"Actual Startup Time": 0.190,"Actual Total Time": 4.142,"Actual Rows": 399,"Actual Loops": 1,"Recheck Cond": "(s_nationkey = nation.n_nationkey)","Rows Removed by Index Recheck": 0,"Exact Heap Blocks": 191,"Lossy Heap Blocks": 0,"Plans": [{"Node Type": "Bitmap Index Scan","Parent Relationship": "Outer","Parallel Aware": false,"Async Capable": false,"Index Name": "idx_supplier_nation_key","Startup Cost": 0.00,"Total Cost": 7.29,"Plan Rows": 400,"Plan Width": 0,"Actual Startup Time": 0.131,"Actual Total Time": 0.135,"Actual Rows": 399,"Actual Loops": 1,"Index Cond": "(s_nationkey = nation.n_nationkey)"}]}]},{"Node Type": "Hash","Parent Relationship": "Inner","Parallel Aware": false,"Async Capable": false,"Startup Cost": 88158.53,"Total Cost": 88158.53,"Plan Rows": 2694,"Plan Width": 4,"Actual Startup Time": 970.372,"Actual Total Time": 970.382,"Actual Rows": 5926,"Actual Loops": 1,"Hash Buckets": 8192,"Original Hash Buckets": 4096,"Hash Batches": 1,"Original Hash Batches": 1,"Peak Memory Usage": 273,"Plans": [{"Node Type": "Nested Loop","Parent Relationship": "Outer","Parallel Aware": false,"Async Capable": false,"Join Type": "Inner","Startup Cost": 0.42,"Total Cost": 88158.53,"Plan Rows": 2694,"Plan Width": 4,"Actual Startup Time": 1.951,"Actual Total Time": 966.347,"Actual Rows": 5926,"Actual Loops": 1,"Inner Unique": false,"Plans": [{"Node Type": "Seq Scan","Parent Relationship": "Outer","Parallel Aware": false,"Async Capable": false,"Relation Name": "part","Alias": "part","Startup Cost": 0.00,"Total Cost": 6597.00,"Plan Rows": 2020,"Plan Width": 4,"Actual Startup Time": 0.110,"Actual Total Time": 181.980,"Actual Rows": 2165,"Actual Loops": 1,"Filter": "((p_name)::text ~~ 'sky%'::text)","Rows Removed by Filter": 197835},{"Node Type": "Index Scan","Parent Relationship": "Inner","Parallel Aware": false,"Async Capable": false,"Scan Direction": "Forward","Index Name": "idx_partsupp_partkey","Relation Name": "partsupp","Alias": "partsupp","Startup Cost": 0.42,"Total Cost": 40.36,"Plan Rows": 1,"Plan Width": 8,"Actual Startup Time": 0.153,"Actual Total Time": 0.362,"Actual Rows": 3,"Actual Loops": 2165,"Index Cond": "(ps_partkey = part.p_partkey)","Rows Removed by Index Recheck": 0,"Filter": "((ps_availqty)::numeric > (SubPlan 1))","Rows Removed by Filter": 1,"Plans": [{"Node Type": "Aggregate","Strategy": "Plain","Partial Mode": "Simple","Parent Relationship": "SubPlan","Subplan Name": "SubPlan 1","Parallel Aware": false,"Async Capable": false,"Startup Cost": 8.46,"Total Cost": 8.47,"Plan Rows": 1,"Plan Width": 32,"Actual Startup Time": 0.082,"Actual Total Time": 0.082,"Actual Rows": 1,"Actual Loops": 8660,"Plans": [{"Node Type": "Index Scan","Parent Relationship": "Outer","Parallel Aware": false,"Async Capable": false,"Scan Direction": "Forward","Index Name": "idx_lineitem_part_supp","Relation Name": "lineitem","Alias": "lineitem","Startup Cost": 0.43,"Total Cost": 8.46,"Plan Rows": 0,"Plan Width": 5,"Actual Startup Time": 0.050,"Actual Total Time": 0.081,"Actual Rows": 1,"Actual Loops": 8660,"Index Cond": "((l_partkey = partsupp.ps_partkey) AND (l_suppkey = partsupp.ps_suppkey))","Rows Removed by Index Recheck": 0,"Filter": "((l_shipdate >= '1993-01-01'::date) AND (l_shipdate < '1994-01-01 00:00:00'::timestamp without time zone))","Rows Removed by Filter": 6}]}]}]}]}]}]},"Planning Time": 7.422,"Triggers": [],"Execution Time": 975.496}]
[{"Plan": {"Node Type": "Sort","Parallel Aware": false,"Async Capable": false,"Startup Cost": 88442.96,"Total Cost": 88443.23,"Plan Rows": 108,"Plan Width": 51,"Actual Startup Time": 857.321,"Actual Total Time": 857.351,"Actual Rows": 175,"Actual Loops": 1,"Sort Key": ["supplier.s_name"],"Sort Method": "quicksort","Sort Space Used": 41,"Sort Space Type": "Memory","Plans": [{"Node Type": "Hash Join","Parent Relationship": "Outer","Parallel Aware": false,"Async Capable": false,"Join Type": "Semi","Startup Cost": 88199.59,"Total Cost": 88439.31,"Plan Rows": 108,"Plan Width": 51,"Actual Startup Time": 853.300,"Actual Total Time": 856.986,"Actual Rows": 175,"Actual Loops": 1,"Inner Unique": false,"Hash Cond": "(supplier.s_suppkey = partsupp.ps_suppkey)","Plans": [{"Node Type": "Nested Loop","Parent Relationship": "Outer","Parallel Aware": false,"Async Capable": false,"Join Type": "Inner","Startup Cost": 7.38,"Total Cost": 244.58,"Plan Rows": 400,"Plan Width": 55,"Actual Startup Time": 0.239,"Actual Total Time": 3.836,"Actual Rows": 393,"Actual Loops": 1,"Inner Unique": false,"Plans": [{"Node Type": "Seq Scan","Parent Relationship": "Outer","Parallel Aware": false,"Async Capable": false,"Relation Name": "nation","Alias": "nation","Startup Cost": 0.00,"Total Cost": 1.31,"Plan Rows": 1,"Plan Width": 4,"Actual Startup Time": 0.063,"Actual Total Time": 0.106,"Actual Rows": 1,"Actual Loops": 1,"Filter": "(n_name = 'IRAN'::bpchar)","Rows Removed by Filter": 24},{"Node Type": "Bitmap Heap Scan","Parent Relationship": "Inner","Parallel Aware": false,"Async Capable": false,"Relation Name": "supplier","Alias": "supplier","Startup Cost": 7.38,"Total Cost": 239.27,"Plan Rows": 400,"Plan Width": 59,"Actual Startup Time": 0.173,"Actual Total Time": 3.675,"Actual Rows": 393,"Actual Loops": 1,"Recheck Cond": "(s_nationkey = nation.n_nationkey)","Rows Removed by Index Recheck": 0,"Exact Heap Blocks": 179,"Lossy Heap Blocks": 0,"Plans": [{"Node Type": "Bitmap Index Scan","Parent Relationship": "Outer","Parallel Aware": false,"Async Capable": false,"Index Name": "idx_supplier_nation_key","Startup Cost": 0.00,"Total Cost": 7.29,"Plan Rows": 400,"Plan Width": 0,"Actual Startup Time": 0.114,"Actual Total Time": 0.118,"Actual Rows": 393,"Actual Loops": 1,"Index Cond": "(s_nationkey = nation.n_nationkey)"}]}]},{"Node Type": "Hash","Parent Relationship": "Inner","Parallel Aware": false,"Async Capable": false,"Startup Cost": 88158.53,"Total Cost": 88158.53,"Plan Rows": 2694,"Plan Width": 4,"Actual Startup Time": 852.983,"Actual Total Time": 852.989,"Actual Rows": 5494,"Actual Loops": 1,"Hash Buckets": 8192,"Original Hash Buckets": 4096,"Hash Batches": 1,"Original Hash Batches": 1,"Peak Memory Usage": 258,"Plans": [{"Node Type": "Nested Loop","Parent Relationship": "Outer","Parallel Aware": false,"Async Capable": false,"Join Type": "Inner","Startup Cost": 0.42,"Total Cost": 88158.53,"Plan Rows": 2694,"Plan Width": 4,"Actual Startup Time": 0.427,"Actual Total Time": 848.500,"Actual Rows": 5494,"Actual Loops": 1,"Inner Unique": false,"Plans": [{"Node Type": "Seq Scan","Parent Relationship": "Outer","Parallel Aware": false,"Async Capable": false,"Relation Name": "part","Alias": "part","Startup Cost": 0.00,"Total Cost": 6597.00,"Plan Rows": 2020,"Plan Width": 4,"Actual Startup Time": 0.058,"Actual Total Time": 194.992,"Actual Rows": 2038,"Actual Loops": 1,"Filter": "((p_name)::text ~~ 'ivory%'::text)","Rows Removed by Filter": 197962},{"Node Type": "Index Scan","Parent Relationship": "Inner","Parallel Aware": false,"Async Capable": false,"Scan Direction": "Forward","Index Name": "idx_partsupp_partkey","Relation Name": "partsupp","Alias": "partsupp","Startup Cost": 0.42,"Total Cost": 40.36,"Plan Rows": 1,"Plan Width": 8,"Actual Startup Time": 0.137,"Actual Total Time": 0.320,"Actual Rows": 3,"Actual Loops": 2038,"Index Cond": "(ps_partkey = part.p_partkey)","Rows Removed by Index Recheck": 0,"Filter": "((ps_availqty)::numeric > (SubPlan 1))","Rows Removed by Filter": 1,"Plans": [{"Node Type": "Aggregate","Strategy": "Plain","Partial Mode": "Simple","Parent Relationship": "SubPlan","Subplan Name": "SubPlan 1","Parallel Aware": false,"Async Capable": false,"Startup Cost": 8.46,"Total Cost": 8.47,"Plan Rows": 1,"Plan Width": 32,"Actual Startup Time": 0.072,"Actual Total Time": 0.072,"Actual Rows": 1,"Actual Loops": 8152,"Plans": [{"Node Type": "Index Scan","Parent Relationship": "Outer","Parallel Aware": false,"Async Capable": false,"Scan Direction": "Forward","Index Name": "idx_lineitem_part_supp","Relation Name": "lineitem","Alias": "lineitem","Startup Cost": 0.43,"Total Cost": 8.46,"Plan Rows": 0,"Plan Width": 5,"Actual Startup Time": 0.044,"Actual Total Time": 0.071,"Actual Rows": 1,"Actual Loops": 8152,"Index Cond": "((l_partkey = partsupp.ps_partkey) AND (l_suppkey = partsupp.ps_suppkey))","Rows Removed by Index Recheck": 0,"Filter": "((l_shipdate >= '1995-01-01'::date) AND (l_shipdate < '1996-01-01 00:00:00'::timestamp without time zone))","Rows Removed by Filter": 6}]}]}]}]}]}]},"Planning Time": 7.427,"Triggers": [],"Execution Time": 857.598}]
[{"Plan": {"Node Type": "Sort","Parallel Aware": false,"Async Capable": false,"Startup Cost": 88442.96,"Total Cost": 88443.23,"Plan Rows": 108,"Plan Width": 51,"Actual Startup Time": 905.928,"Actual Total Time": 905.963,"Actual Rows": 168,"Actual Loops": 1,"Sort Key": ["supplier.s_name"],"Sort Method": "quicksort","Sort Space Used": 40,"Sort Space Type": "Memory","Plans": [{"Node Type": "Hash Join","Parent Relationship": "Outer","Parallel Aware": false,"Async Capable": false,"Join Type": "Semi","Startup Cost": 88199.59,"Total Cost": 88439.31,"Plan Rows": 108,"Plan Width": 51,"Actual Startup Time": 901.943,"Actual Total Time": 905.629,"Actual Rows": 168,"Actual Loops": 1,"Inner Unique": false,"Hash Cond": "(supplier.s_suppkey = partsupp.ps_suppkey)","Plans": [{"Node Type": "Nested Loop","Parent Relationship": "Outer","Parallel Aware": false,"Async Capable": false,"Join Type": "Inner","Startup Cost": 7.38,"Total Cost": 244.58,"Plan Rows": 400,"Plan Width": 55,"Actual Startup Time": 0.245,"Actual Total Time": 3.847,"Actual Rows": 377,"Actual Loops": 1,"Inner Unique": false,"Plans": [{"Node Type": "Seq Scan","Parent Relationship": "Outer","Parallel Aware": false,"Async Capable": false,"Relation Name": "nation","Alias": "nation","Startup Cost": 0.00,"Total Cost": 1.31,"Plan Rows": 1,"Plan Width": 4,"Actual Startup Time": 0.067,"Actual Total Time": 0.099,"Actual Rows": 1,"Actual Loops": 1,"Filter": "(n_name = 'JAPAN'::bpchar)","Rows Removed by Filter": 24},{"Node Type": "Bitmap Heap Scan","Parent Relationship": "Inner","Parallel Aware": false,"Async Capable": false,"Relation Name": "supplier","Alias": "supplier","Startup Cost": 7.38,"Total Cost": 239.27,"Plan Rows": 400,"Plan Width": 59,"Actual Startup Time": 0.170,"Actual Total Time": 3.678,"Actual Rows": 377,"Actual Loops": 1,"Recheck Cond": "(s_nationkey = nation.n_nationkey)","Rows Removed by Index Recheck": 0,"Exact Heap Blocks": 180,"Lossy Heap Blocks": 0,"Plans": [{"Node Type": "Bitmap Index Scan","Parent Relationship": "Outer","Parallel Aware": false,"Async Capable": false,"Index Name": "idx_supplier_nation_key","Startup Cost": 0.00,"Total Cost": 7.29,"Plan Rows": 400,"Plan Width": 0,"Actual Startup Time": 0.111,"Actual Total Time": 0.116,"Actual Rows": 377,"Actual Loops": 1,"Index Cond": "(s_nationkey = nation.n_nationkey)"}]}]},{"Node Type": "Hash","Parent Relationship": "Inner","Parallel Aware": false,"Async Capable": false,"Startup Cost": 88158.53,"Total Cost": 88158.53,"Plan Rows": 2694,"Plan Width": 4,"Actual Startup Time": 901.601,"Actual Total Time": 901.609,"Actual Rows": 5801,"Actual Loops": 1,"Hash Buckets": 8192,"Original Hash Buckets": 4096,"Hash Batches": 1,"Original Hash Batches": 1,"Peak Memory Usage": 268,"Plans": [{"Node Type": "Nested Loop","Parent Relationship": "Outer","Parallel Aware": false,"Async Capable": false,"Join Type": "Inner","Startup Cost": 0.42,"Total Cost": 88158.53,"Plan Rows": 2694,"Plan Width": 4,"Actual Startup Time": 0.470,"Actual Total Time": 897.565,"Actual Rows": 5801,"Actual Loops": 1,"Inner Unique": false,"Plans": [{"Node Type": "Seq Scan","Parent Relationship": "Outer","Parallel Aware": false,"Async Capable": false,"Relation Name": "part","Alias": "part","Startup Cost": 0.00,"Total Cost": 6597.00,"Plan Rows": 2020,"Plan Width": 4,"Actual Startup Time": 0.072,"Actual Total Time": 200.625,"Actual Rows": 2144,"Actual Loops": 1,"Filter": "((p_name)::text ~~ 'green%'::text)","Rows Removed by Filter": 197856},{"Node Type": "Index Scan","Parent Relationship": "Inner","Parallel Aware": false,"Async Capable": false,"Scan Direction": "Forward","Index Name": "idx_partsupp_partkey","Relation Name": "partsupp","Alias": "partsupp","Startup Cost": 0.42,"Total Cost": 40.36,"Plan Rows": 1,"Plan Width": 8,"Actual Startup Time": 0.137,"Actual Total Time": 0.325,"Actual Rows": 3,"Actual Loops": 2144,"Index Cond": "(ps_partkey = part.p_partkey)","Rows Removed by Index Recheck": 0,"Filter": "((ps_availqty)::numeric > (SubPlan 1))","Rows Removed by Filter": 1,"Plans": [{"Node Type": "Aggregate","Strategy": "Plain","Partial Mode": "Simple","Parent Relationship": "SubPlan","Subplan Name": "SubPlan 1","Parallel Aware": false,"Async Capable": false,"Startup Cost": 8.46,"Total Cost": 8.47,"Plan Rows": 1,"Plan Width": 32,"Actual Startup Time": 0.073,"Actual Total Time": 0.073,"Actual Rows": 1,"Actual Loops": 8576,"Plans": [{"Node Type": "Index Scan","Parent Relationship": "Outer","Parallel Aware": false,"Async Capable": false,"Scan Direction": "Forward","Index Name": "idx_lineitem_part_supp","Relation Name": "lineitem","Alias": "lineitem","Startup Cost": 0.43,"Total Cost": 8.46,"Plan Rows": 0,"Plan Width": 5,"Actual Startup Time": 0.044,"Actual Total Time": 0.072,"Actual Rows": 1,"Actual Loops": 8576,"Index Cond": "((l_partkey = partsupp.ps_partkey) AND (l_suppkey = partsupp.ps_suppkey))","Rows Removed by Index Recheck": 0,"Filter": "((l_shipdate >= '1996-01-01'::date) AND (l_shipdate < '1997-01-01 00:00:00'::timestamp without time zone))","Rows Removed by Filter": 6}]}]}]}]}]}]},"Planning Time": 7.607,"Triggers": [],"Execution Time": 906.218}]
[{"Plan": {"Node Type": "Sort","Parallel Aware": false,"Async Capable": false,"Startup Cost": 88442.96,"Total Cost": 88443.23,"Plan Rows": 108,"Plan Width": 51,"Actual Startup Time": 961.455,"Actual Total Time": 961.490,"Actual Rows": 155,"Actual Loops": 1,"Sort Key": ["supplier.s_name"],"Sort Method": "quicksort","Sort Space Used": 39,"Sort Space Type": "Memory","Plans": [{"Node Type": "Hash Join","Parent Relationship": "Outer","Parallel Aware": false,"Async Capable": false,"Join Type": "Semi","Startup Cost": 88199.59,"Total Cost": 88439.31,"Plan Rows": 108,"Plan Width": 51,"Actual Startup Time": 957.804,"Actual Total Time": 961.176,"Actual Rows": 155,"Actual Loops": 1,"Inner Unique": false,"Hash Cond": "(supplier.s_suppkey = partsupp.ps_suppkey)","Plans": [{"Node Type": "Nested Loop","Parent Relationship": "Outer","Parallel Aware": false,"Async Capable": false,"Join Type": "Inner","Startup Cost": 7.38,"Total Cost": 244.58,"Plan Rows": 400,"Plan Width": 55,"Actual Startup Time": 0.254,"Actual Total Time": 3.577,"Actual Rows": 362,"Actual Loops": 1,"Inner Unique": false,"Plans": [{"Node Type": "Seq Scan","Parent Relationship": "Outer","Parallel Aware": false,"Async Capable": false,"Relation Name": "nation","Alias": "nation","Startup Cost": 0.00,"Total Cost": 1.31,"Plan Rows": 1,"Plan Width": 4,"Actual Startup Time": 0.074,"Actual Total Time": 0.096,"Actual Rows": 1,"Actual Loops": 1,"Filter": "(n_name = 'JORDAN'::bpchar)","Rows Removed by Filter": 24},{"Node Type": "Bitmap Heap Scan","Parent Relationship": "Inner","Parallel Aware": false,"Async Capable": false,"Relation Name": "supplier","Alias": "supplier","Startup Cost": 7.38,"Total Cost": 239.27,"Plan Rows": 400,"Plan Width": 59,"Actual Startup Time": 0.176,"Actual Total Time": 3.427,"Actual Rows": 362,"Actual Loops": 1,"Recheck Cond": "(s_nationkey = nation.n_nationkey)","Rows Removed by Index Recheck": 0,"Exact Heap Blocks": 166,"Lossy Heap Blocks": 0,"Plans": [{"Node Type": "Bitmap Index Scan","Parent Relationship": "Outer","Parallel Aware": false,"Async Capable": false,"Index Name": "idx_supplier_nation_key","Startup Cost": 0.00,"Total Cost": 7.29,"Plan Rows": 400,"Plan Width": 0,"Actual Startup Time": 0.115,"Actual Total Time": 0.119,"Actual Rows": 362,"Actual Loops": 1,"Index Cond": "(s_nationkey = nation.n_nationkey)"}]}]},{"Node Type": "Hash","Parent Relationship": "Inner","Parallel Aware": false,"Async Capable": false,"Startup Cost": 88158.53,"Total Cost": 88158.53,"Plan Rows": 2694,"Plan Width": 4,"Actual Startup Time": 957.450,"Actual Total Time": 957.457,"Actual Rows": 5692,"Actual Loops": 1,"Hash Buckets": 8192,"Original Hash Buckets": 4096,"Hash Batches": 1,"Original Hash Batches": 1,"Peak Memory Usage": 265,"Plans": [{"Node Type": "Nested Loop","Parent Relationship": "Outer","Parallel Aware": false,"Async Capable": false,"Join Type": "Inner","Startup Cost": 0.42,"Total Cost": 88158.53,"Plan Rows": 2694,"Plan Width": 4,"Actual Startup Time": 0.843,"Actual Total Time": 953.809,"Actual Rows": 5692,"Actual Loops": 1,"Inner Unique": false,"Plans": [{"Node Type": "Seq Scan","Parent Relationship": "Outer","Parallel Aware": false,"Async Capable": false,"Relation Name": "part","Alias": "part","Startup Cost": 0.00,"Total Cost": 6597.00,"Plan Rows": 2020,"Plan Width": 4,"Actual Startup Time": 0.105,"Actual Total Time": 181.392,"Actual Rows": 2123,"Actual Loops": 1,"Filter": "((p_name)::text ~~ 'light%'::text)","Rows Removed by Filter": 197877},{"Node Type": "Index Scan","Parent Relationship": "Inner","Parallel Aware": false,"Async Capable": false,"Scan Direction": "Forward","Index Name": "idx_partsupp_partkey","Relation Name": "partsupp","Alias": "partsupp","Startup Cost": 0.42,"Total Cost": 40.36,"Plan Rows": 1,"Plan Width": 8,"Actual Startup Time": 0.154,"Actual Total Time": 0.363,"Actual Rows": 3,"Actual Loops": 2123,"Index Cond": "(ps_partkey = part.p_partkey)","Rows Removed by Index Recheck": 0,"Filter": "((ps_availqty)::numeric > (SubPlan 1))","Rows Removed by Filter": 1,"Plans": [{"Node Type": "Aggregate","Strategy": "Plain","Partial Mode": "Simple","Parent Relationship": "SubPlan","Subplan Name": "SubPlan 1","Parallel Aware": false,"Async Capable": false,"Startup Cost": 8.46,"Total Cost": 8.47,"Plan Rows": 1,"Plan Width": 32,"Actual Startup Time": 0.083,"Actual Total Time": 0.083,"Actual Rows": 1,"Actual Loops": 8492,"Plans": [{"Node Type": "Index Scan","Parent Relationship": "Outer","Parallel Aware": false,"Async Capable": false,"Scan Direction": "Forward","Index Name": "idx_lineitem_part_supp","Relation Name": "lineitem","Alias": "lineitem","Startup Cost": 0.43,"Total Cost": 8.46,"Plan Rows": 0,"Plan Width": 5,"Actual Startup Time": 0.050,"Actual Total Time": 0.082,"Actual Rows": 1,"Actual Loops": 8492,"Index Cond": "((l_partkey = partsupp.ps_partkey) AND (l_suppkey = partsupp.ps_suppkey))","Rows Removed by Index Recheck": 0,"Filter": "((l_shipdate >= '1996-01-01'::date) AND (l_shipdate < '1997-01-01 00:00:00'::timestamp without time zone))","Rows Removed by Filter": 6}]}]}]}]}]}]},"Planning Time": 7.199,"Triggers": [],"Execution Time": 961.740}]
[{"Plan": {"Node Type": "Sort","Parallel Aware": false,"Async Capable": false,"Startup Cost": 88442.96,"Total Cost": 88443.23,"Plan Rows": 108,"Plan Width": 51,"Actual Startup Time": 887.105,"Actual Total Time": 887.146,"Actual Rows": 189,"Actual Loops": 1,"Sort Key": ["supplier.s_name"],"Sort Method": "quicksort","Sort Space Used": 42,"Sort Space Type": "Memory","Plans": [{"Node Type": "Hash Join","Parent Relationship": "Outer","Parallel Aware": false,"Async Capable": false,"Join Type": "Semi","Startup Cost": 88199.59,"Total Cost": 88439.31,"Plan Rows": 108,"Plan Width": 51,"Actual Startup Time": 882.867,"Actual Total Time": 886.595,"Actual Rows": 189,"Actual Loops": 1,"Inner Unique": false,"Hash Cond": "(supplier.s_suppkey = partsupp.ps_suppkey)","Plans": [{"Node Type": "Nested Loop","Parent Relationship": "Outer","Parallel Aware": false,"Async Capable": false,"Join Type": "Inner","Startup Cost": 7.38,"Total Cost": 244.58,"Plan Rows": 400,"Plan Width": 55,"Actual Startup Time": 0.264,"Actual Total Time": 3.887,"Actual Rows": 401,"Actual Loops": 1,"Inner Unique": false,"Plans": [{"Node Type": "Seq Scan","Parent Relationship": "Outer","Parallel Aware": false,"Async Capable": false,"Relation Name": "nation","Alias": "nation","Startup Cost": 0.00,"Total Cost": 1.31,"Plan Rows": 1,"Plan Width": 4,"Actual Startup Time": 0.061,"Actual Total Time": 0.082,"Actual Rows": 1,"Actual Loops": 1,"Filter": "(n_name = 'RUSSIA'::bpchar)","Rows Removed by Filter": 24},{"Node Type": "Bitmap Heap Scan","Parent Relationship": "Inner","Parallel Aware": false,"Async Capable": false,"Relation Name": "supplier","Alias": "supplier","Startup Cost": 7.38,"Total Cost": 239.27,"Plan Rows": 400,"Plan Width": 59,"Actual Startup Time": 0.195,"Actual Total Time": 3.726,"Actual Rows": 401,"Actual Loops": 1,"Recheck Cond": "(s_nationkey = nation.n_nationkey)","Rows Removed by Index Recheck": 0,"Exact Heap Blocks": 180,"Lossy Heap Blocks": 0,"Plans": [{"Node Type": "Bitmap Index Scan","Parent Relationship": "Outer","Parallel Aware": false,"Async Capable": false,"Index Name": "idx_supplier_nation_key","Startup Cost": 0.00,"Total Cost": 7.29,"Plan Rows": 400,"Plan Width": 0,"Actual Startup Time": 0.127,"Actual Total Time": 0.133,"Actual Rows": 401,"Actual Loops": 1,"Index Cond": "(s_nationkey = nation.n_nationkey)"}]}]},{"Node Type": "Hash","Parent Relationship": "Inner","Parallel Aware": false,"Async Capable": false,"Startup Cost": 88158.53,"Total Cost": 88158.53,"Plan Rows": 2694,"Plan Width": 4,"Actual Startup Time": 882.521,"Actual Total Time": 882.534,"Actual Rows": 5812,"Actual Loops": 1,"Hash Buckets": 8192,"Original Hash Buckets": 4096,"Hash Batches": 1,"Original Hash Batches": 1,"Peak Memory Usage": 269,"Plans": [{"Node Type": "Nested Loop","Parent Relationship": "Outer","Parallel Aware": false,"Async Capable": false,"Join Type": "Inner","Startup Cost": 0.42,"Total Cost": 88158.53,"Plan Rows": 2694,"Plan Width": 4,"Actual Startup Time": 0.624,"Actual Total Time": 878.031,"Actual Rows": 5812,"Actual Loops": 1,"Inner Unique": false,"Plans": [{"Node Type": "Seq Scan","Parent Relationship": "Outer","Parallel Aware": false,"Async Capable": false,"Relation Name": "part","Alias": "part","Startup Cost": 0.00,"Total Cost": 6597.00,"Plan Rows": 2020,"Plan Width": 4,"Actual Startup Time": 0.251,"Actual Total Time": 194.066,"Actual Rows": 2157,"Actual Loops": 1,"Filter": "((p_name)::text ~~ 'peach%'::text)","Rows Removed by Filter": 197843},{"Node Type": "Index Scan","Parent Relationship": "Inner","Parallel Aware": false,"Async Capable": false,"Scan Direction": "Forward","Index Name": "idx_partsupp_partkey","Relation Name": "partsupp","Alias": "partsupp","Startup Cost": 0.42,"Total Cost": 40.36,"Plan Rows": 1,"Plan Width": 8,"Actual Startup Time": 0.134,"Actual Total Time": 0.317,"Actual Rows": 3,"Actual Loops": 2157,"Index Cond": "(ps_partkey = part.p_partkey)","Rows Removed by Index Recheck": 0,"Filter": "((ps_availqty)::numeric > (SubPlan 1))","Rows Removed by Filter": 1,"Plans": [{"Node Type": "Aggregate","Strategy": "Plain","Partial Mode": "Simple","Parent Relationship": "SubPlan","Subplan Name": "SubPlan 1","Parallel Aware": false,"Async Capable": false,"Startup Cost": 8.46,"Total Cost": 8.47,"Plan Rows": 1,"Plan Width": 32,"Actual Startup Time": 0.071,"Actual Total Time": 0.071,"Actual Rows": 1,"Actual Loops": 8628,"Plans": [{"Node Type": "Index Scan","Parent Relationship": "Outer","Parallel Aware": false,"Async Capable": false,"Scan Direction": "Forward","Index Name": "idx_lineitem_part_supp","Relation Name": "lineitem","Alias": "lineitem","Startup Cost": 0.43,"Total Cost": 8.46,"Plan Rows": 0,"Plan Width": 5,"Actual Startup Time": 0.044,"Actual Total Time": 0.070,"Actual Rows": 1,"Actual Loops": 8628,"Index Cond": "((l_partkey = partsupp.ps_partkey) AND (l_suppkey = partsupp.ps_suppkey))","Rows Removed by Index Recheck": 0,"Filter": "((l_shipdate >= '1993-01-01'::date) AND (l_shipdate < '1994-01-01 00:00:00'::timestamp without time zone))","Rows Removed by Filter": 6}]}]}]}]}]}]},"Planning Time": 5.545,"Triggers": [],"Execution Time": 887.378}]
[{"Plan": {"Node Type": "Sort","Parallel Aware": false,"Async Capable": false,"Startup Cost": 88442.96,"Total Cost": 88443.23,"Plan Rows": 108,"Plan Width": 51,"Actual Startup Time": 903.887,"Actual Total Time": 903.920,"Actual Rows": 170,"Actual Loops": 1,"Sort Key": ["supplier.s_name"],"Sort Method": "quicksort","Sort Space Used": 40,"Sort Space Type": "Memory","Plans": [{"Node Type": "Hash Join","Parent Relationship": "Outer","Parallel Aware": false,"Async Capable": false,"Join Type": "Semi","Startup Cost": 88199.59,"Total Cost": 88439.31,"Plan Rows": 108,"Plan Width": 51,"Actual Startup Time": 899.946,"Actual Total Time": 903.412,"Actual Rows": 170,"Actual Loops": 1,"Inner Unique": false,"Hash Cond": "(supplier.s_suppkey = partsupp.ps_suppkey)","Plans": [{"Node Type": "Nested Loop","Parent Relationship": "Outer","Parallel Aware": false,"Async Capable": false,"Join Type": "Inner","Startup Cost": 7.38,"Total Cost": 244.58,"Plan Rows": 400,"Plan Width": 55,"Actual Startup Time": 0.305,"Actual Total Time": 3.732,"Actual Rows": 401,"Actual Loops": 1,"Inner Unique": false,"Plans": [{"Node Type": "Seq Scan","Parent Relationship": "Outer","Parallel Aware": false,"Async Capable": false,"Relation Name": "nation","Alias": "nation","Startup Cost": 0.00,"Total Cost": 1.31,"Plan Rows": 1,"Plan Width": 4,"Actual Startup Time": 0.073,"Actual Total Time": 0.090,"Actual Rows": 1,"Actual Loops": 1,"Filter": "(n_name = 'RUSSIA'::bpchar)","Rows Removed by Filter": 24},{"Node Type": "Bitmap Heap Scan","Parent Relationship": "Inner","Parallel Aware": false,"Async Capable": false,"Relation Name": "supplier","Alias": "supplier","Startup Cost": 7.38,"Total Cost": 239.27,"Plan Rows": 400,"Plan Width": 59,"Actual Startup Time": 0.228,"Actual Total Time": 3.581,"Actual Rows": 401,"Actual Loops": 1,"Recheck Cond": "(s_nationkey = nation.n_nationkey)","Rows Removed by Index Recheck": 0,"Exact Heap Blocks": 180,"Lossy Heap Blocks": 0,"Plans": [{"Node Type": "Bitmap Index Scan","Parent Relationship": "Outer","Parallel Aware": false,"Async Capable": false,"Index Name": "idx_supplier_nation_key","Startup Cost": 0.00,"Total Cost": 7.29,"Plan Rows": 400,"Plan Width": 0,"Actual Startup Time": 0.153,"Actual Total Time": 0.158,"Actual Rows": 401,"Actual Loops": 1,"Index Cond": "(s_nationkey = nation.n_nationkey)"}]}]},{"Node Type": "Hash","Parent Relationship": "Inner","Parallel Aware": false,"Async Capable": false,"Startup Cost": 88158.53,"Total Cost": 88158.53,"Plan Rows": 2694,"Plan Width": 4,"Actual Startup Time": 899.536,"Actual Total Time": 899.541,"Actual Rows": 5837,"Actual Loops": 1,"Hash Buckets": 8192,"Original Hash Buckets": 4096,"Hash Batches": 1,"Original Hash Batches": 1,"Peak Memory Usage": 270,"Plans": [{"Node Type": "Nested Loop","Parent Relationship": "Outer","Parallel Aware": false,"Async Capable": false,"Join Type": "Inner","Startup Cost": 0.42,"Total Cost": 88158.53,"Plan Rows": 2694,"Plan Width": 4,"Actual Startup Time": 0.897,"Actual Total Time": 895.285,"Actual Rows": 5837,"Actual Loops": 1,"Inner Unique": false,"Plans": [{"Node Type": "Seq Scan","Parent Relationship": "Outer","Parallel Aware": false,"Async Capable": false,"Relation Name": "part","Alias": "part","Startup Cost": 0.00,"Total Cost": 6597.00,"Plan Rows": 2020,"Plan Width": 4,"Actual Startup Time": 0.131,"Actual Total Time": 201.965,"Actual Rows": 2152,"Actual Loops": 1,"Filter": "((p_name)::text ~~ 'snow%'::text)","Rows Removed by Filter": 197848},{"Node Type": "Index Scan","Parent Relationship": "Inner","Parallel Aware": false,"Async Capable": false,"Scan Direction": "Forward","Index Name": "idx_partsupp_partkey","Relation Name": "partsupp","Alias": "partsupp","Startup Cost": 0.42,"Total Cost": 40.36,"Plan Rows": 1,"Plan Width": 8,"Actual Startup Time": 0.137,"Actual Total Time": 0.322,"Actual Rows": 3,"Actual Loops": 2152,"Index Cond": "(ps_partkey = part.p_partkey)","Rows Removed by Index Recheck": 0,"Filter": "((ps_availqty)::numeric > (SubPlan 1))","Rows Removed by Filter": 1,"Plans": [{"Node Type": "Aggregate","Strategy": "Plain","Partial Mode": "Simple","Parent Relationship": "SubPlan","Subplan Name": "SubPlan 1","Parallel Aware": false,"Async Capable": false,"Startup Cost": 8.46,"Total Cost": 8.47,"Plan Rows": 1,"Plan Width": 32,"Actual Startup Time": 0.072,"Actual Total Time": 0.072,"Actual Rows": 1,"Actual Loops": 8608,"Plans": [{"Node Type": "Index Scan","Parent Relationship": "Outer","Parallel Aware": false,"Async Capable": false,"Scan Direction": "Forward","Index Name": "idx_lineitem_part_supp","Relation Name": "lineitem","Alias": "lineitem","Startup Cost": 0.43,"Total Cost": 8.46,"Plan Rows": 0,"Plan Width": 5,"Actual Startup Time": 0.044,"Actual Total Time": 0.071,"Actual Rows": 1,"Actual Loops": 8608,"Index Cond": "((l_partkey = partsupp.ps_partkey) AND (l_suppkey = partsupp.ps_suppkey))","Rows Removed by Index Recheck": 0,"Filter": "((l_shipdate >= '1996-01-01'::date) AND (l_shipdate < '1997-01-01 00:00:00'::timestamp without time zone))","Rows Removed by Filter": 6}]}]}]}]}]}]},"Planning Time": 6.105,"Triggers": [],"Execution Time": 904.193}]
[{"Plan": {"Node Type": "Sort","Parallel Aware": false,"Async Capable": false,"Startup Cost": 88442.96,"Total Cost": 88443.23,"Plan Rows": 108,"Plan Width": 51,"Actual Startup Time": 971.500,"Actual Total Time": 971.544,"Actual Rows": 177,"Actual Loops": 1,"Sort Key": ["supplier.s_name"],"Sort Method": "quicksort","Sort Space Used": 41,"Sort Space Type": "Memory","Plans": [{"Node Type": "Hash Join","Parent Relationship": "Outer","Parallel Aware": false,"Async Capable": false,"Join Type": "Semi","Startup Cost": 88199.59,"Total Cost": 88439.31,"Plan Rows": 108,"Plan Width": 51,"Actual Startup Time": 966.907,"Actual Total Time": 971.157,"Actual Rows": 177,"Actual Loops": 1,"Inner Unique": false,"Hash Cond": "(supplier.s_suppkey = partsupp.ps_suppkey)","Plans": [{"Node Type": "Nested Loop","Parent Relationship": "Outer","Parallel Aware": false,"Async Capable": false,"Join Type": "Inner","Startup Cost": 7.38,"Total Cost": 244.58,"Plan Rows": 400,"Plan Width": 55,"Actual Startup Time": 0.295,"Actual Total Time": 4.423,"Actual Rows": 412,"Actual Loops": 1,"Inner Unique": false,"Plans": [{"Node Type": "Seq Scan","Parent Relationship": "Outer","Parallel Aware": false,"Async Capable": false,"Relation Name": "nation","Alias": "nation","Startup Cost": 0.00,"Total Cost": 1.31,"Plan Rows": 1,"Plan Width": 4,"Actual Startup Time": 0.066,"Actual Total Time": 0.082,"Actual Rows": 1,"Actual Loops": 1,"Filter": "(n_name = 'CANADA'::bpchar)","Rows Removed by Filter": 24},{"Node Type": "Bitmap Heap Scan","Parent Relationship": "Inner","Parallel Aware": false,"Async Capable": false,"Relation Name": "supplier","Alias": "supplier","Startup Cost": 7.38,"Total Cost": 239.27,"Plan Rows": 400,"Plan Width": 59,"Actual Startup Time": 0.217,"Actual Total Time": 4.263,"Actual Rows": 412,"Actual Loops": 1,"Recheck Cond": "(s_nationkey = nation.n_nationkey)","Rows Removed by Index Recheck": 0,"Exact Heap Blocks": 189,"Lossy Heap Blocks": 0,"Plans": [{"Node Type": "Bitmap Index Scan","Parent Relationship": "Outer","Parallel Aware": false,"Async Capable": false,"Index Name": "idx_supplier_nation_key","Startup Cost": 0.00,"Total Cost": 7.29,"Plan Rows": 400,"Plan Width": 0,"Actual Startup Time": 0.134,"Actual Total Time": 0.140,"Actual Rows": 412,"Actual Loops": 1,"Index Cond": "(s_nationkey = nation.n_nationkey)"}]}]},{"Node Type": "Hash","Parent Relationship": "Inner","Parallel Aware": false,"Async Capable": false,"Startup Cost": 88158.53,"Total Cost": 88158.53,"Plan Rows": 2694,"Plan Width": 4,"Actual Startup Time": 966.545,"Actual Total Time": 966.557,"Actual Rows": 5933,"Actual Loops": 1,"Hash Buckets": 8192,"Original Hash Buckets": 4096,"Hash Batches": 1,"Original Hash Batches": 1,"Peak Memory Usage": 273,"Plans": [{"Node Type": "Nested Loop","Parent Relationship": "Outer","Parallel Aware": false,"Async Capable": false,"Join Type": "Inner","Startup Cost": 0.42,"Total Cost": 88158.53,"Plan Rows": 2694,"Plan Width": 4,"Actual Startup Time": 0.899,"Actual Total Time": 962.420,"Actual Rows": 5933,"Actual Loops": 1,"Inner Unique": false,"Plans": [{"Node Type": "Seq Scan","Parent Relationship": "Outer","Parallel Aware": false,"Async Capable": false,"Relation Name": "part","Alias": "part","Startup Cost": 0.00,"Total Cost": 6597.00,"Plan Rows": 2020,"Plan Width": 4,"Actual Startup Time": 0.067,"Actual Total Time": 182.191,"Actual Rows": 2169,"Actual Loops": 1,"Filter": "((p_name)::text ~~ 'misty%'::text)","Rows Removed by Filter": 197831},{"Node Type": "Index Scan","Parent Relationship": "Inner","Parallel Aware": false,"Async Capable": false,"Scan Direction": "Forward","Index Name": "idx_partsupp_partkey","Relation Name": "partsupp","Alias": "partsupp","Startup Cost": 0.42,"Total Cost": 40.36,"Plan Rows": 1,"Plan Width": 8,"Actual Startup Time": 0.149,"Actual Total Time": 0.359,"Actual Rows": 3,"Actual Loops": 2169,"Index Cond": "(ps_partkey = part.p_partkey)","Rows Removed by Index Recheck": 0,"Filter": "((ps_availqty)::numeric > (SubPlan 1))","Rows Removed by Filter": 1,"Plans": [{"Node Type": "Aggregate","Strategy": "Plain","Partial Mode": "Simple","Parent Relationship": "SubPlan","Subplan Name": "SubPlan 1","Parallel Aware": false,"Async Capable": false,"Startup Cost": 8.46,"Total Cost": 8.47,"Plan Rows": 1,"Plan Width": 32,"Actual Startup Time": 0.082,"Actual Total Time": 0.082,"Actual Rows": 1,"Actual Loops": 8676,"Plans": [{"Node Type": "Index Scan","Parent Relationship": "Outer","Parallel Aware": false,"Async Capable": false,"Scan Direction": "Forward","Index Name": "idx_lineitem_part_supp","Relation Name": "lineitem","Alias": "lineitem","Startup Cost": 0.43,"Total Cost": 8.46,"Plan Rows": 0,"Plan Width": 5,"Actual Startup Time": 0.049,"Actual Total Time": 0.081,"Actual Rows": 1,"Actual Loops": 8676,"Index Cond": "((l_partkey = partsupp.ps_partkey) AND (l_suppkey = partsupp.ps_suppkey))","Rows Removed by Index Recheck": 0,"Filter": "((l_shipdate >= '1996-01-01'::date) AND (l_shipdate < '1997-01-01 00:00:00'::timestamp without time zone))","Rows Removed by Filter": 6}]}]}]}]}]}]},"Planning Time": 6.194,"Triggers": [],"Execution Time": 971.818}]
[{"Plan": {"Node Type": "Sort","Parallel Aware": false,"Async Capable": false,"Startup Cost": 88442.96,"Total Cost": 88443.23,"Plan Rows": 108,"Plan Width": 51,"Actual Startup Time": 903.436,"Actual Total Time": 903.469,"Actual Rows": 173,"Actual Loops": 1,"Sort Key": ["supplier.s_name"],"Sort Method": "quicksort","Sort Space Used": 41,"Sort Space Type": "Memory","Plans": [{"Node Type": "Hash Join","Parent Relationship": "Outer","Parallel Aware": false,"Async Capable": false,"Join Type": "Semi","Startup Cost": 88199.59,"Total Cost": 88439.31,"Plan Rows": 108,"Plan Width": 51,"Actual Startup Time": 899.228,"Actual Total Time": 903.112,"Actual Rows": 173,"Actual Loops": 1,"Inner Unique": false,"Hash Cond": "(supplier.s_suppkey = partsupp.ps_suppkey)","Plans": [{"Node Type": "Nested Loop","Parent Relationship": "Outer","Parallel Aware": false,"Async Capable": false,"Join Type": "Inner","Startup Cost": 7.38,"Total Cost": 244.58,"Plan Rows": 400,"Plan Width": 55,"Actual Startup Time": 0.296,"Actual Total Time": 4.091,"Actual Rows": 390,"Actual Loops": 1,"Inner Unique": false,"Plans": [{"Node Type": "Seq Scan","Parent Relationship": "Outer","Parallel Aware": false,"Async Capable": false,"Relation Name": "nation","Alias": "nation","Startup Cost": 0.00,"Total Cost": 1.31,"Plan Rows": 1,"Plan Width": 4,"Actual Startup Time": 0.081,"Actual Total Time": 0.100,"Actual Rows": 1,"Actual Loops": 1,"Filter": "(n_name = 'UNITED KINGDOM'::bpchar)","Rows Removed by Filter": 24},{"Node Type": "Bitmap Heap Scan","Parent Relationship": "Inner","Parallel Aware": false,"Async Capable": false,"Relation Name": "supplier","Alias": "supplier","Startup Cost": 7.38,"Total Cost": 239.27,"Plan Rows": 400,"Plan Width": 59,"Actual Startup Time": 0.211,"Actual Total Time": 3.922,"Actual Rows": 390,"Actual Loops": 1,"Recheck Cond": "(s_nationkey = nation.n_nationkey)","Rows Removed by Index Recheck": 0,"Exact Heap Blocks": 190,"Lossy Heap Blocks": 0,"Plans": [{"Node Type": "Bitmap Index Scan","Parent Relationship": "Outer","Parallel Aware": false,"Async Capable": false,"Index Name": "idx_supplier_nation_key","Startup Cost": 0.00,"Total Cost": 7.29,"Plan Rows": 400,"Plan Width": 0,"Actual Startup Time": 0.131,"Actual Total Time": 0.136,"Actual Rows": 390,"Actual Loops": 1,"Index Cond": "(s_nationkey = nation.n_nationkey)"}]}]},{"Node Type": "Hash","Parent Relationship": "Inner","Parallel Aware": false,"Async Capable": false,"Startup Cost": 88158.53,"Total Cost": 88158.53,"Plan Rows": 2694,"Plan Width": 4,"Actual Startup Time": 898.857,"Actual Total Time": 898.865,"Actual Rows": 5915,"Actual Loops": 1,"Hash Buckets": 8192,"Original Hash Buckets": 4096,"Hash Batches": 1,"Original Hash Batches": 1,"Peak Memory Usage": 272,"Plans": [{"Node Type": "Nested Loop","Parent Relationship": "Outer","Parallel Aware": false,"Async Capable": false,"Join Type": "Inner","Startup Cost": 0.42,"Total Cost": 88158.53,"Plan Rows": 2694,"Plan Width": 4,"Actual Startup Time": 0.411,"Actual Total Time": 893.862,"Actual Rows": 5915,"Actual Loops": 1,"Inner Unique": false,"Plans": [{"Node Type": "Seq Scan","Parent Relationship": "Outer","Parallel Aware": false,"Async Capable": false,"Relation Name": "part","Alias": "part","Startup Cost": 0.00,"Total Cost": 6597.00,"Plan Rows": 2020,"Plan Width": 4,"Actual Startup Time": 0.102,"Actual Total Time": 195.631,"Actual Rows": 2170,"Actual Loops": 1,"Filter": "((p_name)::text ~~ 'frosted%'::text)","Rows Removed by Filter": 197830},{"Node Type": "Index Scan","Parent Relationship": "Inner","Parallel Aware": false,"Async Capable": false,"Scan Direction": "Forward","Index Name": "idx_partsupp_partkey","Relation Name": "partsupp","Alias": "partsupp","Startup Cost": 0.42,"Total Cost": 40.36,"Plan Rows": 1,"Plan Width": 8,"Actual Startup Time": 0.135,"Actual Total Time": 0.321,"Actual Rows": 3,"Actual Loops": 2170,"Index Cond": "(ps_partkey = part.p_partkey)","Rows Removed by Index Recheck": 0,"Filter": "((ps_availqty)::numeric > (SubPlan 1))","Rows Removed by Filter": 1,"Plans": [{"Node Type": "Aggregate","Strategy": "Plain","Partial Mode": "Simple","Parent Relationship": "SubPlan","Subplan Name": "SubPlan 1","Parallel Aware": false,"Async Capable": false,"Startup Cost": 8.46,"Total Cost": 8.47,"Plan Rows": 1,"Plan Width": 32,"Actual Startup Time": 0.072,"Actual Total Time": 0.072,"Actual Rows": 1,"Actual Loops": 8680,"Plans": [{"Node Type": "Index Scan","Parent Relationship": "Outer","Parallel Aware": false,"Async Capable": false,"Scan Direction": "Forward","Index Name": "idx_lineitem_part_supp","Relation Name": "lineitem","Alias": "lineitem","Startup Cost": 0.43,"Total Cost": 8.46,"Plan Rows": 0,"Plan Width": 5,"Actual Startup Time": 0.044,"Actual Total Time": 0.071,"Actual Rows": 1,"Actual Loops": 8680,"Index Cond": "((l_partkey = partsupp.ps_partkey) AND (l_suppkey = partsupp.ps_suppkey))","Rows Removed by Index Recheck": 0,"Filter": "((l_shipdate >= '1997-01-01'::date) AND (l_shipdate < '1998-01-01 00:00:00'::timestamp without time zone))","Rows Removed by Filter": 6}]}]}]}]}]}]},"Planning Time": 6.763,"Triggers": [],"Execution Time": 903.720}]
[{"Plan": {"Node Type": "Sort","Parallel Aware": false,"Async Capable": false,"Startup Cost": 88442.96,"Total Cost": 88443.23,"Plan Rows": 108,"Plan Width": 51,"Actual Startup Time": 919.241,"Actual Total Time": 919.274,"Actual Rows": 188,"Actual Loops": 1,"Sort Key": ["supplier.s_name"],"Sort Method": "quicksort","Sort Space Used": 42,"Sort Space Type": "Memory","Plans": [{"Node Type": "Hash Join","Parent Relationship": "Outer","Parallel Aware": false,"Async Capable": false,"Join Type": "Semi","Startup Cost": 88199.59,"Total Cost": 88439.31,"Plan Rows": 108,"Plan Width": 51,"Actual Startup Time": 914.702,"Actual Total Time": 918.915,"Actual Rows": 188,"Actual Loops": 1,"Inner Unique": false,"Hash Cond": "(supplier.s_suppkey = partsupp.ps_suppkey)","Plans": [{"Node Type": "Nested Loop","Parent Relationship": "Outer","Parallel Aware": false,"Async Capable": false,"Join Type": "Inner","Startup Cost": 7.38,"Total Cost": 244.58,"Plan Rows": 400,"Plan Width": 55,"Actual Startup Time": 0.252,"Actual Total Time": 4.329,"Actual Rows": 412,"Actual Loops": 1,"Inner Unique": false,"Plans": [{"Node Type": "Seq Scan","Parent Relationship": "Outer","Parallel Aware": false,"Async Capable": false,"Relation Name": "nation","Alias": "nation","Startup Cost": 0.00,"Total Cost": 1.31,"Plan Rows": 1,"Plan Width": 4,"Actual Startup Time": 0.061,"Actual Total Time": 0.082,"Actual Rows": 1,"Actual Loops": 1,"Filter": "(n_name = 'CANADA'::bpchar)","Rows Removed by Filter": 24},{"Node Type": "Bitmap Heap Scan","Parent Relationship": "Inner","Parallel Aware": false,"Async Capable": false,"Relation Name": "supplier","Alias": "supplier","Startup Cost": 7.38,"Total Cost": 239.27,"Plan Rows": 400,"Plan Width": 59,"Actual Startup Time": 0.183,"Actual Total Time": 4.169,"Actual Rows": 412,"Actual Loops": 1,"Recheck Cond": "(s_nationkey = nation.n_nationkey)","Rows Removed by Index Recheck": 0,"Exact Heap Blocks": 189,"Lossy Heap Blocks": 0,"Plans": [{"Node Type": "Bitmap Index Scan","Parent Relationship": "Outer","Parallel Aware": false,"Async Capable": false,"Index Name": "idx_supplier_nation_key","Startup Cost": 0.00,"Total Cost": 7.29,"Plan Rows": 400,"Plan Width": 0,"Actual Startup Time": 0.122,"Actual Total Time": 0.125,"Actual Rows": 412,"Actual Loops": 1,"Index Cond": "(s_nationkey = nation.n_nationkey)"}]}]},{"Node Type": "Hash","Parent Relationship": "Inner","Parallel Aware": false,"Async Capable": false,"Startup Cost": 88158.53,"Total Cost": 88158.53,"Plan Rows": 2694,"Plan Width": 4,"Actual Startup Time": 914.373,"Actual Total Time": 914.387,"Actual Rows": 5968,"Actual Loops": 1,"Hash Buckets": 8192,"Original Hash Buckets": 4096,"Hash Batches": 1,"Original Hash Batches": 1,"Peak Memory Usage": 274,"Plans": [{"Node Type": "Nested Loop","Parent Relationship": "Outer","Parallel Aware": false,"Async Capable": false,"Join Type": "Inner","Startup Cost": 0.42,"Total Cost": 88158.53,"Plan Rows": 2694,"Plan Width": 4,"Actual Startup Time": 0.444,"Actual Total Time": 909.857,"Actual Rows": 5968,"Actual Loops": 1,"Inner Unique": false,"Plans": [{"Node Type": "Seq Scan","Parent Relationship": "Outer","Parallel Aware": false,"Async Capable": false,"Relation Name": "part","Alias": "part","Startup Cost": 0.00,"Total Cost": 6597.00,"Plan Rows": 2020,"Plan Width": 4,"Actual Startup Time": 0.126,"Actual Total Time": 203.326,"Actual Rows": 2186,"Actual Loops": 1,"Filter": "((p_name)::text ~~ 'antique%'::text)","Rows Removed by Filter": 197814},{"Node Type": "Index Scan","Parent Relationship": "Inner","Parallel Aware": false,"Async Capable": false,"Scan Direction": "Forward","Index Name": "idx_partsupp_partkey","Relation Name": "partsupp","Alias": "partsupp","Startup Cost": 0.42,"Total Cost": 40.36,"Plan Rows": 1,"Plan Width": 8,"Actual Startup Time": 0.138,"Actual Total Time": 0.323,"Actual Rows": 3,"Actual Loops": 2186,"Index Cond": "(ps_partkey = part.p_partkey)","Rows Removed by Index Recheck": 0,"Filter": "((ps_availqty)::numeric > (SubPlan 1))","Rows Removed by Filter": 1,"Plans": [{"Node Type": "Aggregate","Strategy": "Plain","Partial Mode": "Simple","Parent Relationship": "SubPlan","Subplan Name": "SubPlan 1","Parallel Aware": false,"Async Capable": false,"Startup Cost": 8.46,"Total Cost": 8.47,"Plan Rows": 1,"Plan Width": 32,"Actual Startup Time": 0.072,"Actual Total Time": 0.072,"Actual Rows": 1,"Actual Loops": 8744,"Plans": [{"Node Type": "Index Scan","Parent Relationship": "Outer","Parallel Aware": false,"Async Capable": false,"Scan Direction": "Forward","Index Name": "idx_lineitem_part_supp","Relation Name": "lineitem","Alias": "lineitem","Startup Cost": 0.43,"Total Cost": 8.46,"Plan Rows": 0,"Plan Width": 5,"Actual Startup Time": 0.044,"Actual Total Time": 0.071,"Actual Rows": 1,"Actual Loops": 8744,"Index Cond": "((l_partkey = partsupp.ps_partkey) AND (l_suppkey = partsupp.ps_suppkey))","Rows Removed by Index Recheck": 0,"Filter": "((l_shipdate >= '1994-01-01'::date) AND (l_shipdate < '1995-01-01 00:00:00'::timestamp without time zone))","Rows Removed by Filter": 6}]}]}]}]}]}]},"Planning Time": 6.329,"Triggers": [],"Execution Time": 919.516}]
[{"Plan": {"Node Type": "Sort","Parallel Aware": false,"Async Capable": false,"Startup Cost": 88442.96,"Total Cost": 88443.23,"Plan Rows": 108,"Plan Width": 51,"Actual Startup Time": 968.050,"Actual Total Time": 968.087,"Actual Rows": 186,"Actual Loops": 1,"Sort Key": ["supplier.s_name"],"Sort Method": "quicksort","Sort Space Used": 42,"Sort Space Type": "Memory","Plans": [{"Node Type": "Hash Join","Parent Relationship": "Outer","Parallel Aware": false,"Async Capable": false,"Join Type": "Semi","Startup Cost": 88199.59,"Total Cost": 88439.31,"Plan Rows": 108,"Plan Width": 51,"Actual Startup Time": 963.695,"Actual Total Time": 967.502,"Actual Rows": 186,"Actual Loops": 1,"Inner Unique": false,"Hash Cond": "(supplier.s_suppkey = partsupp.ps_suppkey)","Plans": [{"Node Type": "Nested Loop","Parent Relationship": "Outer","Parallel Aware": false,"Async Capable": false,"Join Type": "Inner","Startup Cost": 7.38,"Total Cost": 244.58,"Plan Rows": 400,"Plan Width": 55,"Actual Startup Time": 0.258,"Actual Total Time": 3.989,"Actual Rows": 413,"Actual Loops": 1,"Inner Unique": false,"Plans": [{"Node Type": "Seq Scan","Parent Relationship": "Outer","Parallel Aware": false,"Async Capable": false,"Relation Name": "nation","Alias": "nation","Startup Cost": 0.00,"Total Cost": 1.31,"Plan Rows": 1,"Plan Width": 4,"Actual Startup Time": 0.066,"Actual Total Time": 0.098,"Actual Rows": 1,"Actual Loops": 1,"Filter": "(n_name = 'ARGENTINA'::bpchar)","Rows Removed by Filter": 24},{"Node Type": "Bitmap Heap Scan","Parent Relationship": "Inner","Parallel Aware": false,"Async Capable": false,"Relation Name": "supplier","Alias": "supplier","Startup Cost": 7.38,"Total Cost": 239.27,"Plan Rows": 400,"Plan Width": 59,"Actual Startup Time": 0.189,"Actual Total Time": 3.821,"Actual Rows": 413,"Actual Loops": 1,"Recheck Cond": "(s_nationkey = nation.n_nationkey)","Rows Removed by Index Recheck": 0,"Exact Heap Blocks": 190,"Lossy Heap Blocks": 0,"Plans": [{"Node Type": "Bitmap Index Scan","Parent Relationship": "Outer","Parallel Aware": false,"Async Capable": false,"Index Name": "idx_supplier_nation_key","Startup Cost": 0.00,"Total Cost": 7.29,"Plan Rows": 400,"Plan Width": 0,"Actual Startup Time": 0.123,"Actual Total Time": 0.129,"Actual Rows": 413,"Actual Loops": 1,"Index Cond": "(s_nationkey = nation.n_nationkey)"}]}]},{"Node Type": "Hash","Parent Relationship": "Inner","Parallel Aware": false,"Async Capable": false,"Startup Cost": 88158.53,"Total Cost": 88158.53,"Plan Rows": 2694,"Plan Width": 4,"Actual Startup Time": 963.360,"Actual Total Time": 963.369,"Actual Rows": 5896,"Actual Loops": 1,"Hash Buckets": 8192,"Original Hash Buckets": 4096,"Hash Batches": 1,"Original Hash Batches": 1,"Peak Memory Usage": 272,"Plans": [{"Node Type": "Nested Loop","Parent Relationship": "Outer","Parallel Aware": false,"Async Capable": false,"Join Type": "Inner","Startup Cost": 0.42,"Total Cost": 88158.53,"Plan Rows": 2694,"Plan Width": 4,"Actual Startup Time": 0.469,"Actual Total Time": 959.111,"Actual Rows": 5896,"Actual Loops": 1,"Inner Unique": false,"Plans": [{"Node Type": "Seq Scan","Parent Relationship": "Outer","Parallel Aware": false,"Async Capable": false,"Relation Name": "part","Alias": "part","Startup Cost": 0.00,"Total Cost": 6597.00,"Plan Rows": 2020,"Plan Width": 4,"Actual Startup Time": 0.038,"Actual Total Time": 179.983,"Actual Rows": 2166,"Actual Loops": 1,"Filter": "((p_name)::text ~~ 'blush%'::text)","Rows Removed by Filter": 197834},{"Node Type": "Index Scan","Parent Relationship": "Inner","Parallel Aware": false,"Async Capable": false,"Scan Direction": "Forward","Index Name": "idx_partsupp_partkey","Relation Name": "partsupp","Alias": "partsupp","Startup Cost": 0.42,"Total Cost": 40.36,"Plan Rows": 1,"Plan Width": 8,"Actual Startup Time": 0.149,"Actual Total Time": 0.359,"Actual Rows": 3,"Actual Loops": 2166,"Index Cond": "(ps_partkey = part.p_partkey)","Rows Removed by Index Recheck": 0,"Filter": "((ps_availqty)::numeric > (SubPlan 1))","Rows Removed by Filter": 1,"Plans": [{"Node Type": "Aggregate","Strategy": "Plain","Partial Mode": "Simple","Parent Relationship": "SubPlan","Subplan Name": "SubPlan 1","Parallel Aware": false,"Async Capable": false,"Startup Cost": 8.46,"Total Cost": 8.47,"Plan Rows": 1,"Plan Width": 32,"Actual Startup Time": 0.082,"Actual Total Time": 0.082,"Actual Rows": 1,"Actual Loops": 8664,"Plans": [{"Node Type": "Index Scan","Parent Relationship": "Outer","Parallel Aware": false,"Async Capable": false,"Scan Direction": "Forward","Index Name": "idx_lineitem_part_supp","Relation Name": "lineitem","Alias": "lineitem","Startup Cost": 0.43,"Total Cost": 8.46,"Plan Rows": 0,"Plan Width": 5,"Actual Startup Time": 0.049,"Actual Total Time": 0.081,"Actual Rows": 1,"Actual Loops": 8664,"Index Cond": "((l_partkey = partsupp.ps_partkey) AND (l_suppkey = partsupp.ps_suppkey))","Rows Removed by Index Recheck": 0,"Filter": "((l_shipdate >= '1997-01-01'::date) AND (l_shipdate < '1998-01-01 00:00:00'::timestamp without time zone))","Rows Removed by Filter": 6}]}]}]}]}]}]},"Planning Time": 6.095,"Triggers": [],"Execution Time": 968.329}]
[{"Plan": {"Node Type": "Sort","Parallel Aware": false,"Async Capable": false,"Startup Cost": 88442.96,"Total Cost": 88443.23,"Plan Rows": 108,"Plan Width": 51,"Actual Startup Time": 967.605,"Actual Total Time": 967.646,"Actual Rows": 187,"Actual Loops": 1,"Sort Key": ["supplier.s_name"],"Sort Method": "quicksort","Sort Space Used": 42,"Sort Space Type": "Memory","Plans": [{"Node Type": "Hash Join","Parent Relationship": "Outer","Parallel Aware": false,"Async Capable": false,"Join Type": "Semi","Startup Cost": 88199.59,"Total Cost": 88439.31,"Plan Rows": 108,"Plan Width": 51,"Actual Startup Time": 963.188,"Actual Total Time": 967.086,"Actual Rows": 187,"Actual Loops": 1,"Inner Unique": false,"Hash Cond": "(supplier.s_suppkey = partsupp.ps_suppkey)","Plans": [{"Node Type": "Nested Loop","Parent Relationship": "Outer","Parallel Aware": false,"Async Capable": false,"Join Type": "Inner","Startup Cost": 7.38,"Total Cost": 244.58,"Plan Rows": 400,"Plan Width": 55,"Actual Startup Time": 0.307,"Actual Total Time": 4.085,"Actual Rows": 401,"Actual Loops": 1,"Inner Unique": false,"Plans": [{"Node Type": "Seq Scan","Parent Relationship": "Outer","Parallel Aware": false,"Async Capable": false,"Relation Name": "nation","Alias": "nation","Startup Cost": 0.00,"Total Cost": 1.31,"Plan Rows": 1,"Plan Width": 4,"Actual Startup Time": 0.077,"Actual Total Time": 0.097,"Actual Rows": 1,"Actual Loops": 1,"Filter": "(n_name = 'RUSSIA'::bpchar)","Rows Removed by Filter": 24},{"Node Type": "Bitmap Heap Scan","Parent Relationship": "Inner","Parallel Aware": false,"Async Capable": false,"Relation Name": "supplier","Alias": "supplier","Startup Cost": 7.38,"Total Cost": 239.27,"Plan Rows": 400,"Plan Width": 59,"Actual Startup Time": 0.220,"Actual Total Time": 3.915,"Actual Rows": 401,"Actual Loops": 1,"Recheck Cond": "(s_nationkey = nation.n_nationkey)","Rows Removed by Index Recheck": 0,"Exact Heap Blocks": 180,"Lossy Heap Blocks": 0,"Plans": [{"Node Type": "Bitmap Index Scan","Parent Relationship": "Outer","Parallel Aware": false,"Async Capable": false,"Index Name": "idx_supplier_nation_key","Startup Cost": 0.00,"Total Cost": 7.29,"Plan Rows": 400,"Plan Width": 0,"Actual Startup Time": 0.151,"Actual Total Time": 0.157,"Actual Rows": 401,"Actual Loops": 1,"Index Cond": "(s_nationkey = nation.n_nationkey)"}]}]},{"Node Type": "Hash","Parent Relationship": "Inner","Parallel Aware": false,"Async Capable": false,"Startup Cost": 88158.53,"Total Cost": 88158.53,"Plan Rows": 2694,"Plan Width": 4,"Actual Startup Time": 962.802,"Actual Total Time": 962.812,"Actual Rows": 5815,"Actual Loops": 1,"Hash Buckets": 8192,"Original Hash Buckets": 4096,"Hash Batches": 1,"Original Hash Batches": 1,"Peak Memory Usage": 269,"Plans": [{"Node Type": "Nested Loop","Parent Relationship": "Outer","Parallel Aware": false,"Async Capable": false,"Join Type": "Inner","Startup Cost": 0.42,"Total Cost": 88158.53,"Plan Rows": 2694,"Plan Width": 4,"Actual Startup Time": 0.489,"Actual Total Time": 958.378,"Actual Rows": 5815,"Actual Loops": 1,"Inner Unique": false,"Plans": [{"Node Type": "Seq Scan","Parent Relationship": "Outer","Parallel Aware": false,"Async Capable": false,"Relation Name": "part","Alias": "part","Startup Cost": 0.00,"Total Cost": 6597.00,"Plan Rows": 2020,"Plan Width": 4,"Actual Startup Time": 0.139,"Actual Total Time": 180.792,"Actual Rows": 2171,"Actual Loops": 1,"Filter": "((p_name)::text ~~ 'lace%'::text)","Rows Removed by Filter": 197829},{"Node Type": "Index Scan","Parent Relationship": "Inner","Parallel Aware": false,"Async Capable": false,"Scan Direction": "Forward","Index Name": "idx_partsupp_partkey","Relation Name": "partsupp","Alias": "partsupp","Startup Cost": 0.42,"Total Cost": 40.36,"Plan Rows": 1,"Plan Width": 8,"Actual Startup Time": 0.150,"Actual Total Time": 0.358,"Actual Rows": 3,"Actual Loops": 2171,"Index Cond": "(ps_partkey = part.p_partkey)","Rows Removed by Index Recheck": 0,"Filter": "((ps_availqty)::numeric > (SubPlan 1))","Rows Removed by Filter": 1,"Plans": [{"Node Type": "Aggregate","Strategy": "Plain","Partial Mode": "Simple","Parent Relationship": "SubPlan","Subplan Name": "SubPlan 1","Parallel Aware": false,"Async Capable": false,"Startup Cost": 8.46,"Total Cost": 8.47,"Plan Rows": 1,"Plan Width": 32,"Actual Startup Time": 0.081,"Actual Total Time": 0.081,"Actual Rows": 1,"Actual Loops": 8684,"Plans": [{"Node Type": "Index Scan","Parent Relationship": "Outer","Parallel Aware": false,"Async Capable": false,"Scan Direction": "Forward","Index Name": "idx_lineitem_part_supp","Relation Name": "lineitem","Alias": "lineitem","Startup Cost": 0.43,"Total Cost": 8.46,"Plan Rows": 0,"Plan Width": 5,"Actual Startup Time": 0.050,"Actual Total Time": 0.080,"Actual Rows": 1,"Actual Loops": 8684,"Index Cond": "((l_partkey = partsupp.ps_partkey) AND (l_suppkey = partsupp.ps_suppkey))","Rows Removed by Index Recheck": 0,"Filter": "((l_shipdate >= '1994-01-01'::date) AND (l_shipdate < '1995-01-01 00:00:00'::timestamp without time zone))","Rows Removed by Filter": 6}]}]}]}]}]}]},"Planning Time": 6.302,"Triggers": [],"Execution Time": 967.929}]
[{"Plan": {"Node Type": "Sort","Parallel Aware": false,"Async Capable": false,"Startup Cost": 88442.96,"Total Cost": 88443.23,"Plan Rows": 108,"Plan Width": 51,"Actual Startup Time": 980.054,"Actual Total Time": 980.099,"Actual Rows": 167,"Actual Loops": 1,"Sort Key": ["supplier.s_name"],"Sort Method": "quicksort","Sort Space Used": 40,"Sort Space Type": "Memory","Plans": [{"Node Type": "Hash Join","Parent Relationship": "Outer","Parallel Aware": false,"Async Capable": false,"Join Type": "Semi","Startup Cost": 88199.59,"Total Cost": 88439.31,"Plan Rows": 108,"Plan Width": 51,"Actual Startup Time": 975.984,"Actual Total Time": 979.772,"Actual Rows": 167,"Actual Loops": 1,"Inner Unique": false,"Hash Cond": "(supplier.s_suppkey = partsupp.ps_suppkey)","Plans": [{"Node Type": "Nested Loop","Parent Relationship": "Outer","Parallel Aware": false,"Async Capable": false,"Join Type": "Inner","Startup Cost": 7.38,"Total Cost": 244.58,"Plan Rows": 400,"Plan Width": 55,"Actual Startup Time": 0.237,"Actual Total Time": 3.979,"Actual Rows": 393,"Actual Loops": 1,"Inner Unique": false,"Plans": [{"Node Type": "Seq Scan","Parent Relationship": "Outer","Parallel Aware": false,"Async Capable": false,"Relation Name": "nation","Alias": "nation","Startup Cost": 0.00,"Total Cost": 1.31,"Plan Rows": 1,"Plan Width": 4,"Actual Startup Time": 0.070,"Actual Total Time": 0.079,"Actual Rows": 1,"Actual Loops": 1,"Filter": "(n_name = 'UNITED STATES'::bpchar)","Rows Removed by Filter": 24},{"Node Type": "Bitmap Heap Scan","Parent Relationship": "Inner","Parallel Aware": false,"Async Capable": false,"Relation Name": "supplier","Alias": "supplier","Startup Cost": 7.38,"Total Cost": 239.27,"Plan Rows": 400,"Plan Width": 59,"Actual Startup Time": 0.153,"Actual Total Time": 3.827,"Actual Rows": 393,"Actual Loops": 1,"Recheck Cond": "(s_nationkey = nation.n_nationkey)","Rows Removed by Index Recheck": 0,"Exact Heap Blocks": 181,"Lossy Heap Blocks": 0,"Plans": [{"Node Type": "Bitmap Index Scan","Parent Relationship": "Outer","Parallel Aware": false,"Async Capable": false,"Index Name": "idx_supplier_nation_key","Startup Cost": 0.00,"Total Cost": 7.29,"Plan Rows": 400,"Plan Width": 0,"Actual Startup Time": 0.102,"Actual Total Time": 0.109,"Actual Rows": 393,"Actual Loops": 1,"Index Cond": "(s_nationkey = nation.n_nationkey)"}]}]},{"Node Type": "Hash","Parent Relationship": "Inner","Parallel Aware": false,"Async Capable": false,"Startup Cost": 88158.53,"Total Cost": 88158.53,"Plan Rows": 2694,"Plan Width": 4,"Actual Startup Time": 975.648,"Actual Total Time": 975.661,"Actual Rows": 5996,"Actual Loops": 1,"Hash Buckets": 8192,"Original Hash Buckets": 4096,"Hash Batches": 1,"Original Hash Batches": 1,"Peak Memory Usage": 275,"Plans": [{"Node Type": "Nested Loop","Parent Relationship": "Outer","Parallel Aware": false,"Async Capable": false,"Join Type": "Inner","Startup Cost": 0.42,"Total Cost": 88158.53,"Plan Rows": 2694,"Plan Width": 4,"Actual Startup Time": 0.721,"Actual Total Time": 971.428,"Actual Rows": 5996,"Actual Loops": 1,"Inner Unique": false,"Plans": [{"Node Type": "Seq Scan","Parent Relationship": "Outer","Parallel Aware": false,"Async Capable": false,"Relation Name": "part","Alias": "part","Startup Cost": 0.00,"Total Cost": 6597.00,"Plan Rows": 2020,"Plan Width": 4,"Actual Startup Time": 0.028,"Actual Total Time": 179.567,"Actual Rows": 2210,"Actual Loops": 1,"Filter": "((p_name)::text ~~ 'medium%'::text)","Rows Removed by Filter": 197790},{"Node Type": "Index Scan","Parent Relationship": "Inner","Parallel Aware": false,"Async Capable": false,"Scan Direction": "Forward","Index Name": "idx_partsupp_partkey","Relation Name": "partsupp","Alias": "partsupp","Startup Cost": 0.42,"Total Cost": 40.36,"Plan Rows": 1,"Plan Width": 8,"Actual Startup Time": 0.150,"Actual Total Time": 0.358,"Actual Rows": 3,"Actual Loops": 2210,"Index Cond": "(ps_partkey = part.p_partkey)","Rows Removed by Index Recheck": 0,"Filter": "((ps_availqty)::numeric > (SubPlan 1))","Rows Removed by Filter": 1,"Plans": [{"Node Type": "Aggregate","Strategy": "Plain","Partial Mode": "Simple","Parent Relationship": "SubPlan","Subplan Name": "SubPlan 1","Parallel Aware": false,"Async Capable": false,"Startup Cost": 8.46,"Total Cost": 8.47,"Plan Rows": 1,"Plan Width": 32,"Actual Startup Time": 0.081,"Actual Total Time": 0.081,"Actual Rows": 1,"Actual Loops": 8840,"Plans": [{"Node Type": "Index Scan","Parent Relationship": "Outer","Parallel Aware": false,"Async Capable": false,"Scan Direction": "Forward","Index Name": "idx_lineitem_part_supp","Relation Name": "lineitem","Alias": "lineitem","Startup Cost": 0.43,"Total Cost": 8.46,"Plan Rows": 0,"Plan Width": 5,"Actual Startup Time": 0.049,"Actual Total Time": 0.081,"Actual Rows": 1,"Actual Loops": 8840,"Index Cond": "((l_partkey = partsupp.ps_partkey) AND (l_suppkey = partsupp.ps_suppkey))","Rows Removed by Index Recheck": 0,"Filter": "((l_shipdate >= '1995-01-01'::date) AND (l_shipdate < '1996-01-01 00:00:00'::timestamp without time zone))","Rows Removed by Filter": 6}]}]}]}]}]}]},"Planning Time": 6.016,"Triggers": [],"Execution Time": 980.350}]
[{"Plan": {"Node Type": "Sort","Parallel Aware": false,"Async Capable": false,"Startup Cost": 88442.96,"Total Cost": 88443.23,"Plan Rows": 108,"Plan Width": 51,"Actual Startup Time": 896.339,"Actual Total Time": 896.377,"Actual Rows": 189,"Actual Loops": 1,"Sort Key": ["supplier.s_name"],"Sort Method": "quicksort","Sort Space Used": 42,"Sort Space Type": "Memory","Plans": [{"Node Type": "Hash Join","Parent Relationship": "Outer","Parallel Aware": false,"Async Capable": false,"Join Type": "Semi","Startup Cost": 88199.59,"Total Cost": 88439.31,"Plan Rows": 108,"Plan Width": 51,"Actual Startup Time": 892.027,"Actual Total Time": 895.995,"Actual Rows": 189,"Actual Loops": 1,"Inner Unique": false,"Hash Cond": "(supplier.s_suppkey = partsupp.ps_suppkey)","Plans": [{"Node Type": "Nested Loop","Parent Relationship": "Outer","Parallel Aware": false,"Async Capable": false,"Join Type": "Inner","Startup Cost": 7.38,"Total Cost": 244.58,"Plan Rows": 400,"Plan Width": 55,"Actual Startup Time": 0.330,"Actual Total Time": 4.170,"Actual Rows": 421,"Actual Loops": 1,"Inner Unique": false,"Plans": [{"Node Type": "Seq Scan","Parent Relationship": "Outer","Parallel Aware": false,"Async Capable": false,"Relation Name": "nation","Alias": "nation","Startup Cost": 0.00,"Total Cost": 1.31,"Plan Rows": 1,"Plan Width": 4,"Actual Startup Time": 0.071,"Actual Total Time": 0.091,"Actual Rows": 1,"Actual Loops": 1,"Filter": "(n_name = 'PERU'::bpchar)","Rows Removed by Filter": 24},{"Node Type": "Bitmap Heap Scan","Parent Relationship": "Inner","Parallel Aware": false,"Async Capable": false,"Relation Name": "supplier","Alias": "supplier","Startup Cost": 7.38,"Total Cost": 239.27,"Plan Rows": 400,"Plan Width": 59,"Actual Startup Time": 0.248,"Actual Total Time": 4.008,"Actual Rows": 421,"Actual Loops": 1,"Recheck Cond": "(s_nationkey = nation.n_nationkey)","Rows Removed by Index Recheck": 0,"Exact Heap Blocks": 187,"Lossy Heap Blocks": 0,"Plans": [{"Node Type": "Bitmap Index Scan","Parent Relationship": "Outer","Parallel Aware": false,"Async Capable": false,"Index Name": "idx_supplier_nation_key","Startup Cost": 0.00,"Total Cost": 7.29,"Plan Rows": 400,"Plan Width": 0,"Actual Startup Time": 0.178,"Actual Total Time": 0.184,"Actual Rows": 421,"Actual Loops": 1,"Index Cond": "(s_nationkey = nation.n_nationkey)"}]}]},{"Node Type": "Hash","Parent Relationship": "Inner","Parallel Aware": false,"Async Capable": false,"Startup Cost": 88158.53,"Total Cost": 88158.53,"Plan Rows": 2694,"Plan Width": 4,"Actual Startup Time": 891.642,"Actual Total Time": 891.652,"Actual Rows": 5919,"Actual Loops": 1,"Hash Buckets": 8192,"Original Hash Buckets": 4096,"Hash Batches": 1,"Original Hash Batches": 1,"Peak Memory Usage": 273,"Plans": [{"Node Type": "Nested Loop","Parent Relationship": "Outer","Parallel Aware": false,"Async Capable": false,"Join Type": "Inner","Startup Cost": 0.42,"Total Cost": 88158.53,"Plan Rows": 2694,"Plan Width": 4,"Actual Startup Time": 0.692,"Actual Total Time": 887.164,"Actual Rows": 5919,"Actual Loops": 1,"Inner Unique": false,"Plans": [{"Node Type": "Seq Scan","Parent Relationship": "Outer","Parallel Aware": false,"Async Capable": false,"Relation Name": "part","Alias": "part","Startup Cost": 0.00,"Total Cost": 6597.00,"Plan Rows": 2020,"Plan Width": 4,"Actual Startup Time": 0.157,"Actual Total Time": 195.441,"Actual Rows": 2171,"Actual Loops": 1,"Filter": "((p_name)::text ~~ 'lace%'::text)","Rows Removed by Filter": 197829},{"Node Type": "Index Scan","Parent Relationship": "Inner","Parallel Aware": false,"Async Capable": false,"Scan Direction": "Forward","Index Name": "idx_partsupp_partkey","Relation Name": "partsupp","Alias": "partsupp","Startup Cost": 0.42,"Total Cost": 40.36,"Plan Rows": 1,"Plan Width": 8,"Actual Startup Time": 0.134,"Actual Total Time": 0.318,"Actual Rows": 3,"Actual Loops": 2171,"Index Cond": "(ps_partkey = part.p_partkey)","Rows Removed by Index Recheck": 0,"Filter": "((ps_availqty)::numeric > (SubPlan 1))","Rows Removed by Filter": 1,"Plans": [{"Node Type": "Aggregate","Strategy": "Plain","Partial Mode": "Simple","Parent Relationship": "SubPlan","Subplan Name": "SubPlan 1","Parallel Aware": false,"Async Capable": false,"Startup Cost": 8.46,"Total Cost": 8.47,"Plan Rows": 1,"Plan Width": 32,"Actual Startup Time": 0.071,"Actual Total Time": 0.071,"Actual Rows": 1,"Actual Loops": 8684,"Plans": [{"Node Type": "Index Scan","Parent Relationship": "Outer","Parallel Aware": false,"Async Capable": false,"Scan Direction": "Forward","Index Name": "idx_lineitem_part_supp","Relation Name": "lineitem","Alias": "lineitem","Startup Cost": 0.43,"Total Cost": 8.46,"Plan Rows": 0,"Plan Width": 5,"Actual Startup Time": 0.043,"Actual Total Time": 0.070,"Actual Rows": 1,"Actual Loops": 8684,"Index Cond": "((l_partkey = partsupp.ps_partkey) AND (l_suppkey = partsupp.ps_suppkey))","Rows Removed by Index Recheck": 0,"Filter": "((l_shipdate >= '1996-01-01'::date) AND (l_shipdate < '1997-01-01 00:00:00'::timestamp without time zone))","Rows Removed by Filter": 6}]}]}]}]}]}]},"Planning Time": 6.205,"Triggers": [],"Execution Time": 896.617}]
[{"Plan": {"Node Type": "Sort","Parallel Aware": false,"Async Capable": false,"Startup Cost": 88442.96,"Total Cost": 88443.23,"Plan Rows": 108,"Plan Width": 51,"Actual Startup Time": 959.369,"Actual Total Time": 959.406,"Actual Rows": 162,"Actual Loops": 1,"Sort Key": ["supplier.s_name"],"Sort Method": "quicksort","Sort Space Used": 40,"Sort Space Type": "Memory","Plans": [{"Node Type": "Hash Join","Parent Relationship": "Outer","Parallel Aware": false,"Async Capable": false,"Join Type": "Semi","Startup Cost": 88199.59,"Total Cost": 88439.31,"Plan Rows": 108,"Plan Width": 51,"Actual Startup Time": 955.295,"Actual Total Time": 958.995,"Actual Rows": 162,"Actual Loops": 1,"Inner Unique": false,"Hash Cond": "(supplier.s_suppkey = partsupp.ps_suppkey)","Plans": [{"Node Type": "Nested Loop","Parent Relationship": "Outer","Parallel Aware": false,"Async Capable": false,"Join Type": "Inner","Startup Cost": 7.38,"Total Cost": 244.58,"Plan Rows": 400,"Plan Width": 55,"Actual Startup Time": 0.248,"Actual Total Time": 3.896,"Actual Rows": 393,"Actual Loops": 1,"Inner Unique": false,"Plans": [{"Node Type": "Seq Scan","Parent Relationship": "Outer","Parallel Aware": false,"Async Capable": false,"Relation Name": "nation","Alias": "nation","Startup Cost": 0.00,"Total Cost": 1.31,"Plan Rows": 1,"Plan Width": 4,"Actual Startup Time": 0.060,"Actual Total Time": 0.069,"Actual Rows": 1,"Actual Loops": 1,"Filter": "(n_name = 'UNITED STATES'::bpchar)","Rows Removed by Filter": 24},{"Node Type": "Bitmap Heap Scan","Parent Relationship": "Inner","Parallel Aware": false,"Async Capable": false,"Relation Name": "supplier","Alias": "supplier","Startup Cost": 7.38,"Total Cost": 239.27,"Plan Rows": 400,"Plan Width": 59,"Actual Startup Time": 0.184,"Actual Total Time": 3.764,"Actual Rows": 393,"Actual Loops": 1,"Recheck Cond": "(s_nationkey = nation.n_nationkey)","Rows Removed by Index Recheck": 0,"Exact Heap Blocks": 181,"Lossy Heap Blocks": 0,"Plans": [{"Node Type": "Bitmap Index Scan","Parent Relationship": "Outer","Parallel Aware": false,"Async Capable": false,"Index Name": "idx_supplier_nation_key","Startup Cost": 0.00,"Total Cost": 7.29,"Plan Rows": 400,"Plan Width": 0,"Actual Startup Time": 0.126,"Actual Total Time": 0.132,"Actual Rows": 393,"Actual Loops": 1,"Index Cond": "(s_nationkey = nation.n_nationkey)"}]}]},{"Node Type": "Hash","Parent Relationship": "Inner","Parallel Aware": false,"Async Capable": false,"Startup Cost": 88158.53,"Total Cost": 88158.53,"Plan Rows": 2694,"Plan Width": 4,"Actual Startup Time": 954.946,"Actual Total Time": 954.954,"Actual Rows": 5757,"Actual Loops": 1,"Hash Buckets": 8192,"Original Hash Buckets": 4096,"Hash Batches": 1,"Original Hash Batches": 1,"Peak Memory Usage": 267,"Plans": [{"Node Type": "Nested Loop","Parent Relationship": "Outer","Parallel Aware": false,"Async Capable": false,"Join Type": "Inner","Startup Cost": 0.42,"Total Cost": 88158.53,"Plan Rows": 2694,"Plan Width": 4,"Actual Startup Time": 0.554,"Actual Total Time": 950.862,"Actual Rows": 5757,"Actual Loops": 1,"Inner Unique": false,"Plans": [{"Node Type": "Seq Scan","Parent Relationship": "Outer","Parallel Aware": false,"Async Capable": false,"Relation Name": "part","Alias": "part","Startup Cost": 0.00,"Total Cost": 6597.00,"Plan Rows": 2020,"Plan Width": 4,"Actual Startup Time": 0.074,"Actual Total Time": 180.431,"Actual Rows": 2123,"Actual Loops": 1,"Filter": "((p_name)::text ~~ 'light%'::text)","Rows Removed by Filter": 197877},{"Node Type": "Index Scan","Parent Relationship": "Inner","Parallel Aware": false,"Async Capable": false,"Scan Direction": "Forward","Index Name": "idx_partsupp_partkey","Relation Name": "partsupp","Alias": "partsupp","Startup Cost": 0.42,"Total Cost": 40.36,"Plan Rows": 1,"Plan Width": 8,"Actual Startup Time": 0.154,"Actual Total Time": 0.362,"Actual Rows": 3,"Actual Loops": 2123,"Index Cond": "(ps_partkey = part.p_partkey)","Rows Removed by Index Recheck": 0,"Filter": "((ps_availqty)::numeric > (SubPlan 1))","Rows Removed by Filter": 1,"Plans": [{"Node Type": "Aggregate","Strategy": "Plain","Partial Mode": "Simple","Parent Relationship": "SubPlan","Subplan Name": "SubPlan 1","Parallel Aware": false,"Async Capable": false,"Startup Cost": 8.46,"Total Cost": 8.47,"Plan Rows": 1,"Plan Width": 32,"Actual Startup Time": 0.082,"Actual Total Time": 0.082,"Actual Rows": 1,"Actual Loops": 8492,"Plans": [{"Node Type": "Index Scan","Parent Relationship": "Outer","Parallel Aware": false,"Async Capable": false,"Scan Direction": "Forward","Index Name": "idx_lineitem_part_supp","Relation Name": "lineitem","Alias": "lineitem","Startup Cost": 0.43,"Total Cost": 8.46,"Plan Rows": 0,"Plan Width": 5,"Actual Startup Time": 0.050,"Actual Total Time": 0.082,"Actual Rows": 1,"Actual Loops": 8492,"Index Cond": "((l_partkey = partsupp.ps_partkey) AND (l_suppkey = partsupp.ps_suppkey))","Rows Removed by Index Recheck": 0,"Filter": "((l_shipdate >= '1993-01-01'::date) AND (l_shipdate < '1994-01-01 00:00:00'::timestamp without time zone))","Rows Removed by Filter": 6}]}]}]}]}]}]},"Planning Time": 7.575,"Triggers": [],"Execution Time": 959.666}]
[{"Plan": {"Node Type": "Sort","Parallel Aware": false,"Async Capable": false,"Startup Cost": 88442.96,"Total Cost": 88443.23,"Plan Rows": 108,"Plan Width": 51,"Actual Startup Time": 960.489,"Actual Total Time": 960.520,"Actual Rows": 188,"Actual Loops": 1,"Sort Key": ["supplier.s_name"],"Sort Method": "quicksort","Sort Space Used": 42,"Sort Space Type": "Memory","Plans": [{"Node Type": "Hash Join","Parent Relationship": "Outer","Parallel Aware": false,"Async Capable": false,"Join Type": "Semi","Startup Cost": 88199.59,"Total Cost": 88439.31,"Plan Rows": 108,"Plan Width": 51,"Actual Startup Time": 956.248,"Actual Total Time": 960.155,"Actual Rows": 188,"Actual Loops": 1,"Inner Unique": false,"Hash Cond": "(supplier.s_suppkey = partsupp.ps_suppkey)","Plans": [{"Node Type": "Nested Loop","Parent Relationship": "Outer","Parallel Aware": false,"Async Capable": false,"Join Type": "Inner","Startup Cost": 7.38,"Total Cost": 244.58,"Plan Rows": 400,"Plan Width": 55,"Actual Startup Time": 0.258,"Actual Total Time": 4.064,"Actual Rows": 401,"Actual Loops": 1,"Inner Unique": false,"Plans": [{"Node Type": "Seq Scan","Parent Relationship": "Outer","Parallel Aware": false,"Async Capable": false,"Relation Name": "nation","Alias": "nation","Startup Cost": 0.00,"Total Cost": 1.31,"Plan Rows": 1,"Plan Width": 4,"Actual Startup Time": 0.057,"Actual Total Time": 0.072,"Actual Rows": 1,"Actual Loops": 1,"Filter": "(n_name = 'RUSSIA'::bpchar)","Rows Removed by Filter": 24},{"Node Type": "Bitmap Heap Scan","Parent Relationship": "Inner","Parallel Aware": false,"Async Capable": false,"Relation Name": "supplier","Alias": "supplier","Startup Cost": 7.38,"Total Cost": 239.27,"Plan Rows": 400,"Plan Width": 59,"Actual Startup Time": 0.188,"Actual Total Time": 3.914,"Actual Rows": 401,"Actual Loops": 1,"Recheck Cond": "(s_nationkey = nation.n_nationkey)","Rows Removed by Index Recheck": 0,"Exact Heap Blocks": 180,"Lossy Heap Blocks": 0,"Plans": [{"Node Type": "Bitmap Index Scan","Parent Relationship": "Outer","Parallel Aware": false,"Async Capable": false,"Index Name": "idx_supplier_nation_key","Startup Cost": 0.00,"Total Cost": 7.29,"Plan Rows": 400,"Plan Width": 0,"Actual Startup Time": 0.125,"Actual Total Time": 0.127,"Actual Rows": 401,"Actual Loops": 1,"Index Cond": "(s_nationkey = nation.n_nationkey)"}]}]},{"Node Type": "Hash","Parent Relationship": "Inner","Parallel Aware": false,"Async Capable": false,"Startup Cost": 88158.53,"Total Cost": 88158.53,"Plan Rows": 2694,"Plan Width": 4,"Actual Startup Time": 955.900,"Actual Total Time": 955.910,"Actual Rows": 5808,"Actual Loops": 1,"Hash Buckets": 8192,"Original Hash Buckets": 4096,"Hash Batches": 1,"Original Hash Batches": 1,"Peak Memory Usage": 269,"Plans": [{"Node Type": "Nested Loop","Parent Relationship": "Outer","Parallel Aware": false,"Async Capable": false,"Join Type": "Inner","Startup Cost": 0.42,"Total Cost": 88158.53,"Plan Rows": 2694,"Plan Width": 4,"Actual Startup Time": 0.716,"Actual Total Time": 951.669,"Actual Rows": 5808,"Actual Loops": 1,"Inner Unique": false,"Plans": [{"Node Type": "Seq Scan","Parent Relationship": "Outer","Parallel Aware": false,"Async Capable": false,"Relation Name": "part","Alias": "part","Startup Cost": 0.00,"Total Cost": 6597.00,"Plan Rows": 2020,"Plan Width": 4,"Actual Startup Time": 0.150,"Actual Total Time": 180.067,"Actual Rows": 2154,"Actual Loops": 1,"Filter": "((p_name)::text ~~ 'azure%'::text)","Rows Removed by Filter": 197846},{"Node Type": "Index Scan","Parent Relationship": "Inner","Parallel Aware": false,"Async Capable": false,"Scan Direction": "Forward","Index Name": "idx_partsupp_partkey","Relation Name": "partsupp","Alias": "partsupp","Startup Cost": 0.42,"Total Cost": 40.36,"Plan Rows": 1,"Plan Width": 8,"Actual Startup Time": 0.149,"Actual Total Time": 0.358,"Actual Rows": 3,"Actual Loops": 2154,"Index Cond": "(ps_partkey = part.p_partkey)","Rows Removed by Index Recheck": 0,"Filter": "((ps_availqty)::numeric > (SubPlan 1))","Rows Removed by Filter": 1,"Plans": [{"Node Type": "Aggregate","Strategy": "Plain","Partial Mode": "Simple","Parent Relationship": "SubPlan","Subplan Name": "SubPlan 1","Parallel Aware": false,"Async Capable": false,"Startup Cost": 8.46,"Total Cost": 8.47,"Plan Rows": 1,"Plan Width": 32,"Actual Startup Time": 0.081,"Actual Total Time": 0.081,"Actual Rows": 1,"Actual Loops": 8616,"Plans": [{"Node Type": "Index Scan","Parent Relationship": "Outer","Parallel Aware": false,"Async Capable": false,"Scan Direction": "Forward","Index Name": "idx_lineitem_part_supp","Relation Name": "lineitem","Alias": "lineitem","Startup Cost": 0.43,"Total Cost": 8.46,"Plan Rows": 0,"Plan Width": 5,"Actual Startup Time": 0.049,"Actual Total Time": 0.081,"Actual Rows": 1,"Actual Loops": 8616,"Index Cond": "((l_partkey = partsupp.ps_partkey) AND (l_suppkey = partsupp.ps_suppkey))","Rows Removed by Index Recheck": 0,"Filter": "((l_shipdate >= '1995-01-01'::date) AND (l_shipdate < '1996-01-01 00:00:00'::timestamp without time zone))","Rows Removed by Filter": 6}]}]}]}]}]}]},"Planning Time": 6.521,"Triggers": [],"Execution Time": 960.814}]
[{"Plan": {"Node Type": "Sort","Parallel Aware": false,"Async Capable": false,"Startup Cost": 88442.96,"Total Cost": 88443.23,"Plan Rows": 108,"Plan Width": 51,"Actual Startup Time": 899.205,"Actual Total Time": 899.248,"Actual Rows": 167,"Actual Loops": 1,"Sort Key": ["supplier.s_name"],"Sort Method": "quicksort","Sort Space Used": 40,"Sort Space Type": "Memory","Plans": [{"Node Type": "Hash Join","Parent Relationship": "Outer","Parallel Aware": false,"Async Capable": false,"Join Type": "Semi","Startup Cost": 88199.59,"Total Cost": 88439.31,"Plan Rows": 108,"Plan Width": 51,"Actual Startup Time": 894.945,"Actual Total Time": 898.874,"Actual Rows": 167,"Actual Loops": 1,"Inner Unique": false,"Hash Cond": "(supplier.s_suppkey = partsupp.ps_suppkey)","Plans": [{"Node Type": "Nested Loop","Parent Relationship": "Outer","Parallel Aware": false,"Async Capable": false,"Join Type": "Inner","Startup Cost": 7.38,"Total Cost": 244.58,"Plan Rows": 400,"Plan Width": 55,"Actual Startup Time": 0.284,"Actual Total Time": 4.176,"Actual Rows": 390,"Actual Loops": 1,"Inner Unique": false,"Plans": [{"Node Type": "Seq Scan","Parent Relationship": "Outer","Parallel Aware": false,"Async Capable": false,"Relation Name": "nation","Alias": "nation","Startup Cost": 0.00,"Total Cost": 1.31,"Plan Rows": 1,"Plan Width": 4,"Actual Startup Time": 0.074,"Actual Total Time": 0.093,"Actual Rows": 1,"Actual Loops": 1,"Filter": "(n_name = 'UNITED KINGDOM'::bpchar)","Rows Removed by Filter": 24},{"Node Type": "Bitmap Heap Scan","Parent Relationship": "Inner","Parallel Aware": false,"Async Capable": false,"Relation Name": "supplier","Alias": "supplier","Startup Cost": 7.38,"Total Cost": 239.27,"Plan Rows": 400,"Plan Width": 59,"Actual Startup Time": 0.204,"Actual Total Time": 4.016,"Actual Rows": 390,"Actual Loops": 1,"Recheck Cond": "(s_nationkey = nation.n_nationkey)","Rows Removed by Index Recheck": 0,"Exact Heap Blocks": 190,"Lossy Heap Blocks": 0,"Plans": [{"Node Type": "Bitmap Index Scan","Parent Relationship": "Outer","Parallel Aware": false,"Async Capable": false,"Index Name": "idx_supplier_nation_key","Startup Cost": 0.00,"Total Cost": 7.29,"Plan Rows": 400,"Plan Width": 0,"Actual Startup Time": 0.130,"Actual Total Time": 0.135,"Actual Rows": 390,"Actual Loops": 1,"Index Cond": "(s_nationkey = nation.n_nationkey)"}]}]},{"Node Type": "Hash","Parent Relationship": "Inner","Parallel Aware": false,"Async Capable": false,"Startup Cost": 88158.53,"Total Cost": 88158.53,"Plan Rows": 2694,"Plan Width": 4,"Actual Startup Time": 894.544,"Actual Total Time": 894.553,"Actual Rows": 5812,"Actual Loops": 1,"Hash Buckets": 8192,"Original Hash Buckets": 4096,"Hash Batches": 1,"Original Hash Batches": 1,"Peak Memory Usage": 269,"Plans": [{"Node Type": "Nested Loop","Parent Relationship": "Outer","Parallel Aware": false,"Async Capable": false,"Join Type": "Inner","Startup Cost": 0.42,"Total Cost": 88158.53,"Plan Rows": 2694,"Plan Width": 4,"Actual Startup Time": 0.663,"Actual Total Time": 890.254,"Actual Rows": 5812,"Actual Loops": 1,"Inner Unique": false,"Plans": [{"Node Type": "Seq Scan","Parent Relationship": "Outer","Parallel Aware": false,"Async Capable": false,"Relation Name": "part","Alias": "part","Startup Cost": 0.00,"Total Cost": 6597.00,"Plan Rows": 2020,"Plan Width": 4,"Actual Startup Time": 0.273,"Actual Total Time": 196.987,"Actual Rows": 2157,"Actual Loops": 1,"Filter": "((p_name)::text ~~ 'peach%'::text)","Rows Removed by Filter": 197843},{"Node Type": "Index Scan","Parent Relationship": "Inner","Parallel Aware": false,"Async Capable": false,"Scan Direction": "Forward","Index Name": "idx_partsupp_partkey","Relation Name": "partsupp","Alias": "partsupp","Startup Cost": 0.42,"Total Cost": 40.36,"Plan Rows": 1,"Plan Width": 8,"Actual Startup Time": 0.135,"Actual Total Time": 0.321,"Actual Rows": 3,"Actual Loops": 2157,"Index Cond": "(ps_partkey = part.p_partkey)","Rows Removed by Index Recheck": 0,"Filter": "((ps_availqty)::numeric > (SubPlan 1))","Rows Removed by Filter": 1,"Plans": [{"Node Type": "Aggregate","Strategy": "Plain","Partial Mode": "Simple","Parent Relationship": "SubPlan","Subplan Name": "SubPlan 1","Parallel Aware": false,"Async Capable": false,"Startup Cost": 8.46,"Total Cost": 8.47,"Plan Rows": 1,"Plan Width": 32,"Actual Startup Time": 0.072,"Actual Total Time": 0.072,"Actual Rows": 1,"Actual Loops": 8628,"Plans": [{"Node Type": "Index Scan","Parent Relationship": "Outer","Parallel Aware": false,"Async Capable": false,"Scan Direction": "Forward","Index Name": "idx_lineitem_part_supp","Relation Name": "lineitem","Alias": "lineitem","Startup Cost": 0.43,"Total Cost": 8.46,"Plan Rows": 0,"Plan Width": 5,"Actual Startup Time": 0.045,"Actual Total Time": 0.071,"Actual Rows": 1,"Actual Loops": 8628,"Index Cond": "((l_partkey = partsupp.ps_partkey) AND (l_suppkey = partsupp.ps_suppkey))","Rows Removed by Index Recheck": 0,"Filter": "((l_shipdate >= '1993-01-01'::date) AND (l_shipdate < '1994-01-01 00:00:00'::timestamp without time zone))","Rows Removed by Filter": 6}]}]}]}]}]}]},"Planning Time": 5.623,"Triggers": [],"Execution Time": 899.513}]
[{"Plan": {"Node Type": "Sort","Parallel Aware": false,"Async Capable": false,"Startup Cost": 88442.96,"Total Cost": 88443.23,"Plan Rows": 108,"Plan Width": 51,"Actual Startup Time": 958.184,"Actual Total Time": 958.218,"Actual Rows": 184,"Actual Loops": 1,"Sort Key": ["supplier.s_name"],"Sort Method": "quicksort","Sort Space Used": 42,"Sort Space Type": "Memory","Plans": [{"Node Type": "Hash Join","Parent Relationship": "Outer","Parallel Aware": false,"Async Capable": false,"Join Type": "Semi","Startup Cost": 88199.59,"Total Cost": 88439.31,"Plan Rows": 108,"Plan Width": 51,"Actual Startup Time": 953.823,"Actual Total Time": 957.862,"Actual Rows": 184,"Actual Loops": 1,"Inner Unique": false,"Hash Cond": "(supplier.s_suppkey = partsupp.ps_suppkey)","Plans": [{"Node Type": "Nested Loop","Parent Relationship": "Outer","Parallel Aware": false,"Async Capable": false,"Join Type": "Inner","Startup Cost": 7.38,"Total Cost": 244.58,"Plan Rows": 400,"Plan Width": 55,"Actual Startup Time": 0.348,"Actual Total Time": 4.263,"Actual Rows": 421,"Actual Loops": 1,"Inner Unique": false,"Plans": [{"Node Type": "Seq Scan","Parent Relationship": "Outer","Parallel Aware": false,"Async Capable": false,"Relation Name": "nation","Alias": "nation","Startup Cost": 0.00,"Total Cost": 1.31,"Plan Rows": 1,"Plan Width": 4,"Actual Startup Time": 0.073,"Actual Total Time": 0.098,"Actual Rows": 1,"Actual Loops": 1,"Filter": "(n_name = 'PERU'::bpchar)","Rows Removed by Filter": 24},{"Node Type": "Bitmap Heap Scan","Parent Relationship": "Inner","Parallel Aware": false,"Async Capable": false,"Relation Name": "supplier","Alias": "supplier","Startup Cost": 7.38,"Total Cost": 239.27,"Plan Rows": 400,"Plan Width": 59,"Actual Startup Time": 0.261,"Actual Total Time": 4.094,"Actual Rows": 421,"Actual Loops": 1,"Recheck Cond": "(s_nationkey = nation.n_nationkey)","Rows Removed by Index Recheck": 0,"Exact Heap Blocks": 187,"Lossy Heap Blocks": 0,"Plans": [{"Node Type": "Bitmap Index Scan","Parent Relationship": "Outer","Parallel Aware": false,"Async Capable": false,"Index Name": "idx_supplier_nation_key","Startup Cost": 0.00,"Total Cost": 7.29,"Plan Rows": 400,"Plan Width": 0,"Actual Startup Time": 0.186,"Actual Total Time": 0.192,"Actual Rows": 421,"Actual Loops": 1,"Index Cond": "(s_nationkey = nation.n_nationkey)"}]}]},{"Node Type": "Hash","Parent Relationship": "Inner","Parallel Aware": false,"Async Capable": false,"Startup Cost": 88158.53,"Total Cost": 88158.53,"Plan Rows": 2694,"Plan Width": 4,"Actual Startup Time": 953.407,"Actual Total Time": 953.421,"Actual Rows": 5749,"Actual Loops": 1,"Hash Buckets": 8192,"Original Hash Buckets": 4096,"Hash Batches": 1,"Original Hash Batches": 1,"Peak Memory Usage": 267,"Plans": [{"Node Type": "Nested Loop","Parent Relationship": "Outer","Parallel Aware": false,"Async Capable": false,"Join Type": "Inner","Startup Cost": 0.42,"Total Cost": 88158.53,"Plan Rows": 2694,"Plan Width": 4,"Actual Startup Time": 0.970,"Actual Total Time": 949.103,"Actual Rows": 5749,"Actual Loops": 1,"Inner Unique": false,"Plans": [{"Node Type": "Seq Scan","Parent Relationship": "Outer","Parallel Aware": false,"Async Capable": false,"Relation Name": "part","Alias": "part","Startup Cost": 0.00,"Total Cost": 6597.00,"Plan Rows": 2020,"Plan Width": 4,"Actual Startup Time": 0.158,"Actual Total Time": 180.395,"Actual Rows": 2108,"Actual Loops": 1,"Filter": "((p_name)::text ~~ 'grey%'::text)","Rows Removed by Filter": 197892},{"Node Type": "Index Scan","Parent Relationship": "Inner","Parallel Aware": false,"Async Capable": false,"Scan Direction": "Forward","Index Name": "idx_partsupp_partkey","Relation Name": "partsupp","Alias": "partsupp","Startup Cost": 0.42,"Total Cost": 40.36,"Plan Rows": 1,"Plan Width": 8,"Actual Startup Time": 0.155,"Actual Total Time": 0.364,"Actual Rows": 3,"Actual Loops": 2108,"Index Cond": "(ps_partkey = part.p_partkey)","Rows Removed by Index Recheck": 0,"Filter": "((ps_availqty)::numeric > (SubPlan 1))","Rows Removed by Filter": 1,"Plans": [{"Node Type": "Aggregate","Strategy": "Plain","Partial Mode": "Simple","Parent Relationship": "SubPlan","Subplan Name": "SubPlan 1","Parallel Aware": false,"Async Capable": false,"Startup Cost": 8.46,"Total Cost": 8.47,"Plan Rows": 1,"Plan Width": 32,"Actual Startup Time": 0.083,"Actual Total Time": 0.083,"Actual Rows": 1,"Actual Loops": 8432,"Plans": [{"Node Type": "Index Scan","Parent Relationship": "Outer","Parallel Aware": false,"Async Capable": false,"Scan Direction": "Forward","Index Name": "idx_lineitem_part_supp","Relation Name": "lineitem","Alias": "lineitem","Startup Cost": 0.43,"Total Cost": 8.46,"Plan Rows": 0,"Plan Width": 5,"Actual Startup Time": 0.050,"Actual Total Time": 0.082,"Actual Rows": 1,"Actual Loops": 8432,"Index Cond": "((l_partkey = partsupp.ps_partkey) AND (l_suppkey = partsupp.ps_suppkey))","Rows Removed by Index Recheck": 0,"Filter": "((l_shipdate >= '1994-01-01'::date) AND (l_shipdate < '1995-01-01 00:00:00'::timestamp without time zone))","Rows Removed by Filter": 6}]}]}]}]}]}]},"Planning Time": 7.545,"Triggers": [],"Execution Time": 958.503}]
[{"Plan": {"Node Type": "Sort","Parallel Aware": false,"Async Capable": false,"Startup Cost": 88442.96,"Total Cost": 88443.23,"Plan Rows": 108,"Plan Width": 51,"Actual Startup Time": 965.395,"Actual Total Time": 965.437,"Actual Rows": 169,"Actual Loops": 1,"Sort Key": ["supplier.s_name"],"Sort Method": "quicksort","Sort Space Used": 40,"Sort Space Type": "Memory","Plans": [{"Node Type": "Hash Join","Parent Relationship": "Outer","Parallel Aware": false,"Async Capable": false,"Join Type": "Semi","Startup Cost": 88199.59,"Total Cost": 88439.31,"Plan Rows": 108,"Plan Width": 51,"Actual Startup Time": 960.890,"Actual Total Time": 965.114,"Actual Rows": 169,"Actual Loops": 1,"Inner Unique": false,"Hash Cond": "(supplier.s_suppkey = partsupp.ps_suppkey)","Plans": [{"Node Type": "Nested Loop","Parent Relationship": "Outer","Parallel Aware": false,"Async Capable": false,"Join Type": "Inner","Startup Cost": 7.38,"Total Cost": 244.58,"Plan Rows": 400,"Plan Width": 55,"Actual Startup Time": 0.231,"Actual Total Time": 4.396,"Actual Rows": 438,"Actual Loops": 1,"Inner Unique": false,"Plans": [{"Node Type": "Seq Scan","Parent Relationship": "Outer","Parallel Aware": false,"Async Capable": false,"Relation Name": "nation","Alias": "nation","Startup Cost": 0.00,"Total Cost": 1.31,"Plan Rows": 1,"Plan Width": 4,"Actual Startup Time": 0.065,"Actual Total Time": 0.099,"Actual Rows": 1,"Actual Loops": 1,"Filter": "(n_name = 'IRAQ'::bpchar)","Rows Removed by Filter": 24},{"Node Type": "Bitmap Heap Scan","Parent Relationship": "Inner","Parallel Aware": false,"Async Capable": false,"Relation Name": "supplier","Alias": "supplier","Startup Cost": 7.38,"Total Cost": 239.27,"Plan Rows": 400,"Plan Width": 59,"Actual Startup Time": 0.160,"Actual Total Time": 4.231,"Actual Rows": 438,"Actual Loops": 1,"Recheck Cond": "(s_nationkey = nation.n_nationkey)","Rows Removed by Index Recheck": 0,"Exact Heap Blocks": 194,"Lossy Heap Blocks": 0,"Plans": [{"Node Type": "Bitmap Index Scan","Parent Relationship": "Outer","Parallel Aware": false,"Async Capable": false,"Index Name": "idx_supplier_nation_key","Startup Cost": 0.00,"Total Cost": 7.29,"Plan Rows": 400,"Plan Width": 0,"Actual Startup Time": 0.118,"Actual Total Time": 0.124,"Actual Rows": 438,"Actual Loops": 1,"Index Cond": "(s_nationkey = nation.n_nationkey)"}]}]},{"Node Type": "Hash","Parent Relationship": "Inner","Parallel Aware": false,"Async Capable": false,"Startup Cost": 88158.53,"Total Cost": 88158.53,"Plan Rows": 2694,"Plan Width": 4,"Actual Startup Time": 960.569,"Actual Total Time": 960.577,"Actual Rows": 5906,"Actual Loops": 1,"Hash Buckets": 8192,"Original Hash Buckets": 4096,"Hash Batches": 1,"Original Hash Batches": 1,"Peak Memory Usage": 272,"Plans": [{"Node Type": "Nested Loop","Parent Relationship": "Outer","Parallel Aware": false,"Async Capable": false,"Join Type": "Inner","Startup Cost": 0.42,"Total Cost": 88158.53,"Plan Rows": 2694,"Plan Width": 4,"Actual Startup Time": 0.953,"Actual Total Time": 956.046,"Actual Rows": 5906,"Actual Loops": 1,"Inner Unique": false,"Plans": [{"Node Type": "Seq Scan","Parent Relationship": "Outer","Parallel Aware": false,"Async Capable": false,"Relation Name": "part","Alias": "part","Startup Cost": 0.00,"Total Cost": 6597.00,"Plan Rows": 2020,"Plan Width": 4,"Actual Startup Time": 0.186,"Actual Total Time": 181.930,"Actual Rows": 2157,"Actual Loops": 1,"Filter": "((p_name)::text ~~ 'peach%'::text)","Rows Removed by Filter": 197843},{"Node Type": "Index Scan","Parent Relationship": "Inner","Parallel Aware": false,"Async Capable": false,"Scan Direction": "Forward","Index Name": "idx_partsupp_partkey","Relation Name": "partsupp","Alias": "partsupp","Startup Cost": 0.42,"Total Cost": 40.36,"Plan Rows": 1,"Plan Width": 8,"Actual Startup Time": 0.150,"Actual Total Time": 0.358,"Actual Rows": 3,"Actual Loops": 2157,"Index Cond": "(ps_partkey = part.p_partkey)","Rows Removed by Index Recheck": 0,"Filter": "((ps_availqty)::numeric > (SubPlan 1))","Rows Removed by Filter": 1,"Plans": [{"Node Type": "Aggregate","Strategy": "Plain","Partial Mode": "Simple","Parent Relationship": "SubPlan","Subplan Name": "SubPlan 1","Parallel Aware": false,"Async Capable": false,"Startup Cost": 8.46,"Total Cost": 8.47,"Plan Rows": 1,"Plan Width": 32,"Actual Startup Time": 0.081,"Actual Total Time": 0.081,"Actual Rows": 1,"Actual Loops": 8628,"Plans": [{"Node Type": "Index Scan","Parent Relationship": "Outer","Parallel Aware": false,"Async Capable": false,"Scan Direction": "Forward","Index Name": "idx_lineitem_part_supp","Relation Name": "lineitem","Alias": "lineitem","Startup Cost": 0.43,"Total Cost": 8.46,"Plan Rows": 0,"Plan Width": 5,"Actual Startup Time": 0.049,"Actual Total Time": 0.081,"Actual Rows": 1,"Actual Loops": 8628,"Index Cond": "((l_partkey = partsupp.ps_partkey) AND (l_suppkey = partsupp.ps_suppkey))","Rows Removed by Index Recheck": 0,"Filter": "((l_shipdate >= '1994-01-01'::date) AND (l_shipdate < '1995-01-01 00:00:00'::timestamp without time zone))","Rows Removed by Filter": 6}]}]}]}]}]}]},"Planning Time": 7.224,"Triggers": [],"Execution Time": 965.687}]
[{"Plan": {"Node Type": "Sort","Parallel Aware": false,"Async Capable": false,"Startup Cost": 88442.96,"Total Cost": 88443.23,"Plan Rows": 108,"Plan Width": 51,"Actual Startup Time": 966.179,"Actual Total Time": 966.210,"Actual Rows": 181,"Actual Loops": 1,"Sort Key": ["supplier.s_name"],"Sort Method": "quicksort","Sort Space Used": 41,"Sort Space Type": "Memory","Plans": [{"Node Type": "Hash Join","Parent Relationship": "Outer","Parallel Aware": false,"Async Capable": false,"Join Type": "Semi","Startup Cost": 88199.59,"Total Cost": 88439.31,"Plan Rows": 108,"Plan Width": 51,"Actual Startup Time": 961.703,"Actual Total Time": 965.679,"Actual Rows": 181,"Actual Loops": 1,"Inner Unique": false,"Hash Cond": "(supplier.s_suppkey = partsupp.ps_suppkey)","Plans": [{"Node Type": "Nested Loop","Parent Relationship": "Outer","Parallel Aware": false,"Async Capable": false,"Join Type": "Inner","Startup Cost": 7.38,"Total Cost": 244.58,"Plan Rows": 400,"Plan Width": 55,"Actual Startup Time": 0.236,"Actual Total Time": 4.143,"Actual Rows": 398,"Actual Loops": 1,"Inner Unique": false,"Plans": [{"Node Type": "Seq Scan","Parent Relationship": "Outer","Parallel Aware": false,"Async Capable": false,"Relation Name": "nation","Alias": "nation","Startup Cost": 0.00,"Total Cost": 1.31,"Plan Rows": 1,"Plan Width": 4,"Actual Startup Time": 0.076,"Actual Total Time": 0.093,"Actual Rows": 1,"Actual Loops": 1,"Filter": "(n_name = 'ROMANIA'::bpchar)","Rows Removed by Filter": 24},{"Node Type": "Bitmap Heap Scan","Parent Relationship": "Inner","Parallel Aware": false,"Async Capable": false,"Relation Name": "supplier","Alias": "supplier","Startup Cost": 7.38,"Total Cost": 239.27,"Plan Rows": 400,"Plan Width": 59,"Actual Startup Time": 0.155,"Actual Total Time": 3.969,"Actual Rows": 398,"Actual Loops": 1,"Recheck Cond": "(s_nationkey = nation.n_nationkey)","Rows Removed by Index Recheck": 0,"Exact Heap Blocks": 186,"Lossy Heap Blocks": 0,"Plans": [{"Node Type": "Bitmap Index Scan","Parent Relationship": "Outer","Parallel Aware": false,"Async Capable": false,"Index Name": "idx_supplier_nation_key","Startup Cost": 0.00,"Total Cost": 7.29,"Plan Rows": 400,"Plan Width": 0,"Actual Startup Time": 0.107,"Actual Total Time": 0.111,"Actual Rows": 398,"Actual Loops": 1,"Index Cond": "(s_nationkey = nation.n_nationkey)"}]}]},{"Node Type": "Hash","Parent Relationship": "Inner","Parallel Aware": false,"Async Capable": false,"Startup Cost": 88158.53,"Total Cost": 88158.53,"Plan Rows": 2694,"Plan Width": 4,"Actual Startup Time": 961.358,"Actual Total Time": 961.368,"Actual Rows": 5810,"Actual Loops": 1,"Hash Buckets": 8192,"Original Hash Buckets": 4096,"Hash Batches": 1,"Original Hash Batches": 1,"Peak Memory Usage": 269,"Plans": [{"Node Type": "Nested Loop","Parent Relationship": "Outer","Parallel Aware": false,"Async Capable": false,"Join Type": "Inner","Startup Cost": 0.42,"Total Cost": 88158.53,"Plan Rows": 2694,"Plan Width": 4,"Actual Startup Time": 0.774,"Actual Total Time": 957.176,"Actual Rows": 5810,"Actual Loops": 1,"Inner Unique": false,"Plans": [{"Node Type": "Seq Scan","Parent Relationship": "Outer","Parallel Aware": false,"Async Capable": false,"Relation Name": "part","Alias": "part","Startup Cost": 0.00,"Total Cost": 6597.00,"Plan Rows": 2020,"Plan Width": 4,"Actual Startup Time": 0.073,"Actual Total Time": 182.064,"Actual Rows": 2146,"Actual Loops": 1,"Filter": "((p_name)::text ~~ 'chocolate%'::text)","Rows Removed by Filter": 197854},{"Node Type": "Index Scan","Parent Relationship": "Inner","Parallel Aware": false,"Async Capable": false,"Scan Direction": "Forward","Index Name": "idx_partsupp_partkey","Relation Name": "partsupp","Alias": "partsupp","Startup Cost": 0.42,"Total Cost": 40.36,"Plan Rows": 1,"Plan Width": 8,"Actual Startup Time": 0.153,"Actual Total Time": 0.361,"Actual Rows": 3,"Actual Loops": 2146,"Index Cond": "(ps_partkey = part.p_partkey)","Rows Removed by Index Recheck": 0,"Filter": "((ps_availqty)::numeric > (SubPlan 1))","Rows Removed by Filter": 1,"Plans": [{"Node Type": "Aggregate","Strategy": "Plain","Partial Mode": "Simple","Parent Relationship": "SubPlan","Subplan Name": "SubPlan 1","Parallel Aware": false,"Async Capable": false,"Startup Cost": 8.46,"Total Cost": 8.47,"Plan Rows": 1,"Plan Width": 32,"Actual Startup Time": 0.082,"Actual Total Time": 0.082,"Actual Rows": 1,"Actual Loops": 8584,"Plans": [{"Node Type": "Index Scan","Parent Relationship": "Outer","Parallel Aware": false,"Async Capable": false,"Scan Direction": "Forward","Index Name": "idx_lineitem_part_supp","Relation Name": "lineitem","Alias": "lineitem","Startup Cost": 0.43,"Total Cost": 8.46,"Plan Rows": 0,"Plan Width": 5,"Actual Startup Time": 0.050,"Actual Total Time": 0.081,"Actual Rows": 1,"Actual Loops": 8584,"Index Cond": "((l_partkey = partsupp.ps_partkey) AND (l_suppkey = partsupp.ps_suppkey))","Rows Removed by Index Recheck": 0,"Filter": "((l_shipdate >= '1995-01-01'::date) AND (l_shipdate < '1996-01-01 00:00:00'::timestamp without time zone))","Rows Removed by Filter": 6}]}]}]}]}]}]},"Planning Time": 6.036,"Triggers": [],"Execution Time": 966.486}]
[{"Plan": {"Node Type": "Sort","Parallel Aware": false,"Async Capable": false,"Startup Cost": 88442.96,"Total Cost": 88443.23,"Plan Rows": 108,"Plan Width": 51,"Actual Startup Time": 912.437,"Actual Total Time": 912.470,"Actual Rows": 181,"Actual Loops": 1,"Sort Key": ["supplier.s_name"],"Sort Method": "quicksort","Sort Space Used": 41,"Sort Space Type": "Memory","Plans": [{"Node Type": "Hash Join","Parent Relationship": "Outer","Parallel Aware": false,"Async Capable": false,"Join Type": "Semi","Startup Cost": 88199.59,"Total Cost": 88439.31,"Plan Rows": 108,"Plan Width": 51,"Actual Startup Time": 908.350,"Actual Total Time": 912.117,"Actual Rows": 181,"Actual Loops": 1,"Inner Unique": false,"Hash Cond": "(supplier.s_suppkey = partsupp.ps_suppkey)","Plans": [{"Node Type": "Nested Loop","Parent Relationship": "Outer","Parallel Aware": false,"Async Capable": false,"Join Type": "Inner","Startup Cost": 7.38,"Total Cost": 244.58,"Plan Rows": 400,"Plan Width": 55,"Actual Startup Time": 0.253,"Actual Total Time": 3.967,"Actual Rows": 393,"Actual Loops": 1,"Inner Unique": false,"Plans": [{"Node Type": "Seq Scan","Parent Relationship": "Outer","Parallel Aware": false,"Async Capable": false,"Relation Name": "nation","Alias": "nation","Startup Cost": 0.00,"Total Cost": 1.31,"Plan Rows": 1,"Plan Width": 4,"Actual Startup Time": 0.069,"Actual Total Time": 0.089,"Actual Rows": 1,"Actual Loops": 1,"Filter": "(n_name = 'IRAN'::bpchar)","Rows Removed by Filter": 24},{"Node Type": "Bitmap Heap Scan","Parent Relationship": "Inner","Parallel Aware": false,"Async Capable": false,"Relation Name": "supplier","Alias": "supplier","Startup Cost": 7.38,"Total Cost": 239.27,"Plan Rows": 400,"Plan Width": 59,"Actual Startup Time": 0.181,"Actual Total Time": 3.816,"Actual Rows": 393,"Actual Loops": 1,"Recheck Cond": "(s_nationkey = nation.n_nationkey)","Rows Removed by Index Recheck": 0,"Exact Heap Blocks": 179,"Lossy Heap Blocks": 0,"Plans": [{"Node Type": "Bitmap Index Scan","Parent Relationship": "Outer","Parallel Aware": false,"Async Capable": false,"Index Name": "idx_supplier_nation_key","Startup Cost": 0.00,"Total Cost": 7.29,"Plan Rows": 400,"Plan Width": 0,"Actual Startup Time": 0.112,"Actual Total Time": 0.115,"Actual Rows": 393,"Actual Loops": 1,"Index Cond": "(s_nationkey = nation.n_nationkey)"}]}]},{"Node Type": "Hash","Parent Relationship": "Inner","Parallel Aware": false,"Async Capable": false,"Startup Cost": 88158.53,"Total Cost": 88158.53,"Plan Rows": 2694,"Plan Width": 4,"Actual Startup Time": 908.006,"Actual Total Time": 908.016,"Actual Rows": 6023,"Actual Loops": 1,"Hash Buckets": 8192,"Original Hash Buckets": 4096,"Hash Batches": 1,"Original Hash Batches": 1,"Peak Memory Usage": 276,"Plans": [{"Node Type": "Nested Loop","Parent Relationship": "Outer","Parallel Aware": false,"Async Capable": false,"Join Type": "Inner","Startup Cost": 0.42,"Total Cost": 88158.53,"Plan Rows": 2694,"Plan Width": 4,"Actual Startup Time": 0.621,"Actual Total Time": 903.259,"Actual Rows": 6023,"Actual Loops": 1,"Inner Unique": false,"Plans": [{"Node Type": "Seq Scan","Parent Relationship": "Outer","Parallel Aware": false,"Async Capable": false,"Relation Name": "part","Alias": "part","Startup Cost": 0.00,"Total Cost": 6597.00,"Plan Rows": 2020,"Plan Width": 4,"Actual Startup Time": 0.136,"Actual Total Time": 197.929,"Actual Rows": 2222,"Actual Loops": 1,"Filter": "((p_name)::text ~~ 'hot%'::text)","Rows Removed by Filter": 197778},{"Node Type": "Index Scan","Parent Relationship": "Inner","Parallel Aware": false,"Async Capable": false,"Scan Direction": "Forward","Index Name": "idx_partsupp_partkey","Relation Name": "partsupp","Alias": "partsupp","Startup Cost": 0.42,"Total Cost": 40.36,"Plan Rows": 1,"Plan Width": 8,"Actual Startup Time": 0.135,"Actual Total Time": 0.317,"Actual Rows": 3,"Actual Loops": 2222,"Index Cond": "(ps_partkey = part.p_partkey)","Rows Removed by Index Recheck": 0,"Filter": "((ps_availqty)::numeric > (SubPlan 1))","Rows Removed by Filter": 1,"Plans": [{"Node Type": "Aggregate","Strategy": "Plain","Partial Mode": "Simple","Parent Relationship": "SubPlan","Subplan Name": "SubPlan 1","Parallel Aware": false,"Async Capable": false,"Startup Cost": 8.46,"Total Cost": 8.47,"Plan Rows": 1,"Plan Width": 32,"Actual Startup Time": 0.071,"Actual Total Time": 0.071,"Actual Rows": 1,"Actual Loops": 8888,"Plans": [{"Node Type": "Index Scan","Parent Relationship": "Outer","Parallel Aware": false,"Async Capable": false,"Scan Direction": "Forward","Index Name": "idx_lineitem_part_supp","Relation Name": "lineitem","Alias": "lineitem","Startup Cost": 0.43,"Total Cost": 8.46,"Plan Rows": 0,"Plan Width": 5,"Actual Startup Time": 0.043,"Actual Total Time": 0.070,"Actual Rows": 1,"Actual Loops": 8888,"Index Cond": "((l_partkey = partsupp.ps_partkey) AND (l_suppkey = partsupp.ps_suppkey))","Rows Removed by Index Recheck": 0,"Filter": "((l_shipdate >= '1997-01-01'::date) AND (l_shipdate < '1998-01-01 00:00:00'::timestamp without time zone))","Rows Removed by Filter": 6}]}]}]}]}]}]},"Planning Time": 5.727,"Triggers": [],"Execution Time": 912.725}]
[{"Plan": {"Node Type": "Sort","Parallel Aware": false,"Async Capable": false,"Startup Cost": 88442.96,"Total Cost": 88443.23,"Plan Rows": 108,"Plan Width": 51,"Actual Startup Time": 967.605,"Actual Total Time": 967.646,"Actual Rows": 187,"Actual Loops": 1,"Sort Key": ["supplier.s_name"],"Sort Method": "quicksort","Sort Space Used": 42,"Sort Space Type": "Memory","Plans": [{"Node Type": "Hash Join","Parent Relationship": "Outer","Parallel Aware": false,"Async Capable": false,"Join Type": "Semi","Startup Cost": 88199.59,"Total Cost": 88439.31,"Plan Rows": 108,"Plan Width": 51,"Actual Startup Time": 963.188,"Actual Total Time": 967.086,"Actual Rows": 187,"Actual Loops": 1,"Inner Unique": false,"Hash Cond": "(supplier.s_suppkey = partsupp.ps_suppkey)","Plans": [{"Node Type": "Nested Loop","Parent Relationship": "Outer","Parallel Aware": false,"Async Capable": false,"Join Type": "Inner","Startup Cost": 7.38,"Total Cost": 244.58,"Plan Rows": 400,"Plan Width": 55,"Actual Startup Time": 0.307,"Actual Total Time": 4.085,"Actual Rows": 401,"Actual Loops": 1,"Inner Unique": false,"Plans": [{"Node Type": "Seq Scan","Parent Relationship": "Outer","Parallel Aware": false,"Async Capable": false,"Relation Name": "nation","Alias": "nation","Startup Cost": 0.00,"Total Cost": 1.31,"Plan Rows": 1,"Plan Width": 4,"Actual Startup Time": 0.077,"Actual Total Time": 0.097,"Actual Rows": 1,"Actual Loops": 1,"Filter": "(n_name = 'RUSSIA'::bpchar)","Rows Removed by Filter": 24},{"Node Type": "Bitmap Heap Scan","Parent Relationship": "Inner","Parallel Aware": false,"Async Capable": false,"Relation Name": "supplier","Alias": "supplier","Startup Cost": 7.38,"Total Cost": 239.27,"Plan Rows": 400,"Plan Width": 59,"Actual Startup Time": 0.220,"Actual Total Time": 3.915,"Actual Rows": 401,"Actual Loops": 1,"Recheck Cond": "(s_nationkey = nation.n_nationkey)","Rows Removed by Index Recheck": 0,"Exact Heap Blocks": 180,"Lossy Heap Blocks": 0,"Plans": [{"Node Type": "Bitmap Index Scan","Parent Relationship": "Outer","Parallel Aware": false,"Async Capable": false,"Index Name": "idx_supplier_nation_key","Startup Cost": 0.00,"Total Cost": 7.29,"Plan Rows": 400,"Plan Width": 0,"Actual Startup Time": 0.151,"Actual Total Time": 0.157,"Actual Rows": 401,"Actual Loops": 1,"Index Cond": "(s_nationkey = nation.n_nationkey)"}]}]},{"Node Type": "Hash","Parent Relationship": "Inner","Parallel Aware": false,"Async Capable": false,"Startup Cost": 88158.53,"Total Cost": 88158.53,"Plan Rows": 2694,"Plan Width": 4,"Actual Startup Time": 962.802,"Actual Total Time": 962.812,"Actual Rows": 5815,"Actual Loops": 1,"Hash Buckets": 8192,"Original Hash Buckets": 4096,"Hash Batches": 1,"Original Hash Batches": 1,"Peak Memory Usage": 269,"Plans": [{"Node Type": "Nested Loop","Parent Relationship": "Outer","Parallel Aware": false,"Async Capable": false,"Join Type": "Inner","Startup Cost": 0.42,"Total Cost": 88158.53,"Plan Rows": 2694,"Plan Width": 4,"Actual Startup Time": 0.489,"Actual Total Time": 958.378,"Actual Rows": 5815,"Actual Loops": 1,"Inner Unique": false,"Plans": [{"Node Type": "Seq Scan","Parent Relationship": "Outer","Parallel Aware": false,"Async Capable": false,"Relation Name": "part","Alias": "part","Startup Cost": 0.00,"Total Cost": 6597.00,"Plan Rows": 2020,"Plan Width": 4,"Actual Startup Time": 0.139,"Actual Total Time": 180.792,"Actual Rows": 2171,"Actual Loops": 1,"Filter": "((p_name)::text ~~ 'lace%'::text)","Rows Removed by Filter": 197829},{"Node Type": "Index Scan","Parent Relationship": "Inner","Parallel Aware": false,"Async Capable": false,"Scan Direction": "Forward","Index Name": "idx_partsupp_partkey","Relation Name": "partsupp","Alias": "partsupp","Startup Cost": 0.42,"Total Cost": 40.36,"Plan Rows": 1,"Plan Width": 8,"Actual Startup Time": 0.150,"Actual Total Time": 0.358,"Actual Rows": 3,"Actual Loops": 2171,"Index Cond": "(ps_partkey = part.p_partkey)","Rows Removed by Index Recheck": 0,"Filter": "((ps_availqty)::numeric > (SubPlan 1))","Rows Removed by Filter": 1,"Plans": [{"Node Type": "Aggregate","Strategy": "Plain","Partial Mode": "Simple","Parent Relationship": "SubPlan","Subplan Name": "SubPlan 1","Parallel Aware": false,"Async Capable": false,"Startup Cost": 8.46,"Total Cost": 8.47,"Plan Rows": 1,"Plan Width": 32,"Actual Startup Time": 0.081,"Actual Total Time": 0.081,"Actual Rows": 1,"Actual Loops": 8684,"Plans": [{"Node Type": "Index Scan","Parent Relationship": "Outer","Parallel Aware": false,"Async Capable": false,"Scan Direction": "Forward","Index Name": "idx_lineitem_part_supp","Relation Name": "lineitem","Alias": "lineitem","Startup Cost": 0.43,"Total Cost": 8.46,"Plan Rows": 0,"Plan Width": 5,"Actual Startup Time": 0.050,"Actual Total Time": 0.080,"Actual Rows": 1,"Actual Loops": 8684,"Index Cond": "((l_partkey = partsupp.ps_partkey) AND (l_suppkey = partsupp.ps_suppkey))","Rows Removed by Index Recheck": 0,"Filter": "((l_shipdate >= '1994-01-01'::date) AND (l_shipdate < '1995-01-01 00:00:00'::timestamp without time zone))","Rows Removed by Filter": 6}]}]}]}]}]}]},"Planning Time": 6.302,"Triggers": [],"Execution Time": 967.929}]
[{"Plan": {"Node Type": "Sort","Parallel Aware": false,"Async Capable": false,"Startup Cost": 165280.99,"Total Cost": 165281.53,"Plan Rows": 215,"Plan Width": 51,"Actual Startup Time": 976.818,"Actual Total Time": 976.857,"Actual Rows": 222,"Actual Loops": 1,"Sort Key": ["supplier.s_name"],"Sort Method": "quicksort","Sort Space Used": 45,"Sort Space Type": "Memory","Plans": [{"Node Type": "Hash Join","Parent Relationship": "Outer","Parallel Aware": false,"Async Capable": false,"Join Type": "Semi","Startup Cost": 165030.68,"Total Cost": 165272.66,"Plan Rows": 215,"Plan Width": 51,"Actual Startup Time": 971.624,"Actual Total Time": 976.439,"Actual Rows": 222,"Actual Loops": 1,"Inner Unique": false,"Hash Cond": "(supplier.s_suppkey = partsupp.ps_suppkey)","Plans": [{"Node Type": "Nested Loop","Parent Relationship": "Outer","Parallel Aware": false,"Async Capable": false,"Join Type": "Inner","Startup Cost": 7.38,"Total Cost": 244.58,"Plan Rows": 400,"Plan Width": 55,"Actual Startup Time": 0.255,"Actual Total Time": 4.478,"Actual Rows": 438,"Actual Loops": 1,"Inner Unique": false,"Plans": [{"Node Type": "Seq Scan","Parent Relationship": "Outer","Parallel Aware": false,"Async Capable": false,"Relation Name": "nation","Alias": "nation","Startup Cost": 0.00,"Total Cost": 1.31,"Plan Rows": 1,"Plan Width": 4,"Actual Startup Time": 0.051,"Actual Total Time": 0.072,"Actual Rows": 1,"Actual Loops": 1,"Filter": "(n_name = 'IRAQ'::bpchar)","Rows Removed by Filter": 24},{"Node Type": "Bitmap Heap Scan","Parent Relationship": "Inner","Parallel Aware": false,"Async Capable": false,"Relation Name": "supplier","Alias": "supplier","Startup Cost": 7.38,"Total Cost": 239.27,"Plan Rows": 400,"Plan Width": 59,"Actual Startup Time": 0.196,"Actual Total Time": 4.334,"Actual Rows": 438,"Actual Loops": 1,"Recheck Cond": "(s_nationkey = nation.n_nationkey)","Rows Removed by Index Recheck": 0,"Exact Heap Blocks": 194,"Lossy Heap Blocks": 0,"Plans": [{"Node Type": "Bitmap Index Scan","Parent Relationship": "Outer","Parallel Aware": false,"Async Capable": false,"Index Name": "idx_supplier_nation_key","Startup Cost": 0.00,"Total Cost": 7.29,"Plan Rows": 400,"Plan Width": 0,"Actual Startup Time": 0.132,"Actual Total Time": 0.137,"Actual Rows": 438,"Actual Loops": 1,"Index Cond": "(s_nationkey = nation.n_nationkey)"}]}]},{"Node Type": "Hash","Parent Relationship": "Inner","Parallel Aware": false,"Async Capable": false,"Startup Cost": 164955.96,"Total Cost": 164955.96,"Plan Rows": 5387,"Plan Width": 4,"Actual Startup Time": 971.253,"Actual Total Time": 971.263,"Actual Rows": 5928,"Actual Loops": 1,"Hash Buckets": 8192,"Original Hash Buckets": 8192,"Hash Batches": 1,"Original Hash Batches": 1,"Peak Memory Usage": 273,"Plans": [{"Node Type": "Nested Loop","Parent Relationship": "Outer","Parallel Aware": false,"Async Capable": false,"Join Type": "Inner","Startup Cost": 0.42,"Total Cost": 164955.96,"Plan Rows": 5387,"Plan Width": 4,"Actual Startup Time": 0.681,"Actual Total Time": 965.852,"Actual Rows": 5928,"Actual Loops": 1,"Inner Unique": false,"Plans": [{"Node Type": "Seq Scan","Parent Relationship": "Outer","Parallel Aware": false,"Async Capable": false,"Relation Name": "part","Alias": "part","Startup Cost": 0.00,"Total Cost": 6597.00,"Plan Rows": 4040,"Plan Width": 4,"Actual Startup Time": 0.056,"Actual Total Time": 180.983,"Actual Rows": 2198,"Actual Loops": 1,"Filter": "((p_name)::text ~~ 'rosy%'::text)","Rows Removed by Filter": 197802},{"Node Type": "Index Scan","Parent Relationship": "Inner","Parallel Aware": false,"Async Capable": false,"Scan Direction": "Forward","Index Name": "idx_partsupp_partkey","Relation Name": "partsupp","Alias": "partsupp","Startup Cost": 0.42,"Total Cost": 39.18,"Plan Rows": 1,"Plan Width": 8,"Actual Startup Time": 0.150,"Actual Total Time": 0.357,"Actual Rows": 3,"Actual Loops": 2198,"Index Cond": "(ps_partkey = part.p_partkey)","Rows Removed by Index Recheck": 0,"Filter": "((ps_availqty)::numeric > (SubPlan 1))","Rows Removed by Filter": 1,"Plans": [{"Node Type": "Aggregate","Strategy": "Plain","Partial Mode": "Simple","Parent Relationship": "SubPlan","Subplan Name": "SubPlan 1","Parallel Aware": false,"Async Capable": false,"Startup Cost": 8.46,"Total Cost": 8.47,"Plan Rows": 1,"Plan Width": 32,"Actual Startup Time": 0.081,"Actual Total Time": 0.081,"Actual Rows": 1,"Actual Loops": 8792,"Plans": [{"Node Type": "Index Scan","Parent Relationship": "Outer","Parallel Aware": false,"Async Capable": false,"Scan Direction": "Forward","Index Name": "idx_lineitem_part_supp","Relation Name": "lineitem","Alias": "lineitem","Startup Cost": 0.43,"Total Cost": 8.46,"Plan Rows": 0,"Plan Width": 5,"Actual Startup Time": 0.049,"Actual Total Time": 0.080,"Actual Rows": 1,"Actual Loops": 8792,"Index Cond": "((l_partkey = partsupp.ps_partkey) AND (l_suppkey = partsupp.ps_suppkey))","Rows Removed by Index Recheck": 0,"Filter": "((l_shipdate >= '1995-01-01'::date) AND (l_shipdate < '1996-01-01 00:00:00'::timestamp without time zone))","Rows Removed by Filter": 6}]}]}]}]}]}]},"Planning Time": 6.452,"Triggers": [],"Execution Time": 977.140}]
[{"Plan": {"Node Type": "Sort","Parallel Aware": false,"Async Capable": false,"Startup Cost": 88442.96,"Total Cost": 88443.23,"Plan Rows": 108,"Plan Width": 51,"Actual Startup Time": 988.532,"Actual Total Time": 988.569,"Actual Rows": 203,"Actual Loops": 1,"Sort Key": ["supplier.s_name"],"Sort Method": "quicksort","Sort Space Used": 44,"Sort Space Type": "Memory","Plans": [{"Node Type": "Hash Join","Parent Relationship": "Outer","Parallel Aware": false,"Async Capable": false,"Join Type": "Semi","Startup Cost": 88199.59,"Total Cost": 88439.31,"Plan Rows": 108,"Plan Width": 51,"Actual Startup Time": 983.705,"Actual Total Time": 987.986,"Actual Rows": 203,"Actual Loops": 1,"Inner Unique": false,"Hash Cond": "(supplier.s_suppkey = partsupp.ps_suppkey)","Plans": [{"Node Type": "Nested Loop","Parent Relationship": "Outer","Parallel Aware": false,"Async Capable": false,"Join Type": "Inner","Startup Cost": 7.38,"Total Cost": 244.58,"Plan Rows": 400,"Plan Width": 55,"Actual Startup Time": 0.295,"Actual Total Time": 4.485,"Actual Rows": 380,"Actual Loops": 1,"Inner Unique": false,"Plans": [{"Node Type": "Seq Scan","Parent Relationship": "Outer","Parallel Aware": false,"Async Capable": false,"Relation Name": "nation","Alias": "nation","Startup Cost": 0.00,"Total Cost": 1.31,"Plan Rows": 1,"Plan Width": 4,"Actual Startup Time": 0.081,"Actual Total Time": 0.108,"Actual Rows": 1,"Actual Loops": 1,"Filter": "(n_name = 'ETHIOPIA'::bpchar)","Rows Removed by Filter": 24},{"Node Type": "Bitmap Heap Scan","Parent Relationship": "Inner","Parallel Aware": false,"Async Capable": false,"Relation Name": "supplier","Alias": "supplier","Startup Cost": 7.38,"Total Cost": 239.27,"Plan Rows": 400,"Plan Width": 59,"Actual Startup Time": 0.210,"Actual Total Time": 4.315,"Actual Rows": 380,"Actual Loops": 1,"Recheck Cond": "(s_nationkey = nation.n_nationkey)","Rows Removed by Index Recheck": 0,"Exact Heap Blocks": 192,"Lossy Heap Blocks": 0,"Plans": [{"Node Type": "Bitmap Index Scan","Parent Relationship": "Outer","Parallel Aware": false,"Async Capable": false,"Index Name": "idx_supplier_nation_key","Startup Cost": 0.00,"Total Cost": 7.29,"Plan Rows": 400,"Plan Width": 0,"Actual Startup Time": 0.141,"Actual Total Time": 0.145,"Actual Rows": 380,"Actual Loops": 1,"Index Cond": "(s_nationkey = nation.n_nationkey)"}]}]},{"Node Type": "Hash","Parent Relationship": "Inner","Parallel Aware": false,"Async Capable": false,"Startup Cost": 88158.53,"Total Cost": 88158.53,"Plan Rows": 2694,"Plan Width": 4,"Actual Startup Time": 983.342,"Actual Total Time": 983.352,"Actual Rows": 6059,"Actual Loops": 1,"Hash Buckets": 8192,"Original Hash Buckets": 4096,"Hash Batches": 1,"Original Hash Batches": 1,"Peak Memory Usage": 278,"Plans": [{"Node Type": "Nested Loop","Parent Relationship": "Outer","Parallel Aware": false,"Async Capable": false,"Join Type": "Inner","Startup Cost": 0.42,"Total Cost": 88158.53,"Plan Rows": 2694,"Plan Width": 4,"Actual Startup Time": 0.606,"Actual Total Time": 979.233,"Actual Rows": 6059,"Actual Loops": 1,"Inner Unique": false,"Plans": [{"Node Type": "Seq Scan","Parent Relationship": "Outer","Parallel Aware": false,"Async Capable": false,"Relation Name": "part","Alias": "part","Startup Cost": 0.00,"Total Cost": 6597.00,"Plan Rows": 2020,"Plan Width": 4,"Actual Startup Time": 0.145,"Actual Total Time": 182.121,"Actual Rows": 2234,"Actual Loops": 1,"Filter": "((p_name)::text ~~ 'violet%'::text)","Rows Removed by Filter": 197766},{"Node Type": "Index Scan","Parent Relationship": "Inner","Parallel Aware": false,"Async Capable": false,"Scan Direction": "Forward","Index Name": "idx_partsupp_partkey","Relation Name": "partsupp","Alias": "partsupp","Startup Cost": 0.42,"Total Cost": 40.36,"Plan Rows": 1,"Plan Width": 8,"Actual Startup Time": 0.148,"Actual Total Time": 0.356,"Actual Rows": 3,"Actual Loops": 2234,"Index Cond": "(ps_partkey = part.p_partkey)","Rows Removed by Index Recheck": 0,"Filter": "((ps_availqty)::numeric > (SubPlan 1))","Rows Removed by Filter": 1,"Plans": [{"Node Type": "Aggregate","Strategy": "Plain","Partial Mode": "Simple","Parent Relationship": "SubPlan","Subplan Name": "SubPlan 1","Parallel Aware": false,"Async Capable": false,"Startup Cost": 8.46,"Total Cost": 8.47,"Plan Rows": 1,"Plan Width": 32,"Actual Startup Time": 0.081,"Actual Total Time": 0.081,"Actual Rows": 1,"Actual Loops": 8936,"Plans": [{"Node Type": "Index Scan","Parent Relationship": "Outer","Parallel Aware": false,"Async Capable": false,"Scan Direction": "Forward","Index Name": "idx_lineitem_part_supp","Relation Name": "lineitem","Alias": "lineitem","Startup Cost": 0.43,"Total Cost": 8.46,"Plan Rows": 0,"Plan Width": 5,"Actual Startup Time": 0.049,"Actual Total Time": 0.080,"Actual Rows": 1,"Actual Loops": 8936,"Index Cond": "((l_partkey = partsupp.ps_partkey) AND (l_suppkey = partsupp.ps_suppkey))","Rows Removed by Index Recheck": 0,"Filter": "((l_shipdate >= '1995-01-01'::date) AND (l_shipdate < '1996-01-01 00:00:00'::timestamp without time zone))","Rows Removed by Filter": 6}]}]}]}]}]}]},"Planning Time": 6.289,"Triggers": [],"Execution Time": 988.874}]
[{"Plan": {"Node Type": "Sort","Parallel Aware": false,"Async Capable": false,"Startup Cost": 88442.96,"Total Cost": 88443.23,"Plan Rows": 108,"Plan Width": 51,"Actual Startup Time": 997.727,"Actual Total Time": 997.756,"Actual Rows": 176,"Actual Loops": 1,"Sort Key": ["supplier.s_name"],"Sort Method": "quicksort","Sort Space Used": 41,"Sort Space Type": "Memory","Plans": [{"Node Type": "Hash Join","Parent Relationship": "Outer","Parallel Aware": false,"Async Capable": false,"Join Type": "Semi","Startup Cost": 88199.59,"Total Cost": 88439.31,"Plan Rows": 108,"Plan Width": 51,"Actual Startup Time": 993.342,"Actual Total Time": 997.421,"Actual Rows": 176,"Actual Loops": 1,"Inner Unique": false,"Hash Cond": "(supplier.s_suppkey = partsupp.ps_suppkey)","Plans": [{"Node Type": "Nested Loop","Parent Relationship": "Outer","Parallel Aware": false,"Async Capable": false,"Join Type": "Inner","Startup Cost": 7.38,"Total Cost": 244.58,"Plan Rows": 400,"Plan Width": 55,"Actual Startup Time": 0.301,"Actual Total Time": 4.299,"Actual Rows": 407,"Actual Loops": 1,"Inner Unique": false,"Plans": [{"Node Type": "Seq Scan","Parent Relationship": "Outer","Parallel Aware": false,"Async Capable": false,"Relation Name": "nation","Alias": "nation","Startup Cost": 0.00,"Total Cost": 1.31,"Plan Rows": 1,"Plan Width": 4,"Actual Startup Time": 0.081,"Actual Total Time": 0.106,"Actual Rows": 1,"Actual Loops": 1,"Filter": "(n_name = 'CHINA'::bpchar)","Rows Removed by Filter": 24},{"Node Type": "Bitmap Heap Scan","Parent Relationship": "Inner","Parallel Aware": false,"Async Capable": false,"Relation Name": "supplier","Alias": "supplier","Startup Cost": 7.38,"Total Cost": 239.27,"Plan Rows": 400,"Plan Width": 59,"Actual Startup Time": 0.201,"Actual Total Time": 4.106,"Actual Rows": 407,"Actual Loops": 1,"Recheck Cond": "(s_nationkey = nation.n_nationkey)","Rows Removed by Index Recheck": 0,"Exact Heap Blocks": 186,"Lossy Heap Blocks": 0,"Plans": [{"Node Type": "Bitmap Index Scan","Parent Relationship": "Outer","Parallel Aware": false,"Async Capable": false,"Index Name": "idx_supplier_nation_key","Startup Cost": 0.00,"Total Cost": 7.29,"Plan Rows": 400,"Plan Width": 0,"Actual Startup Time": 0.126,"Actual Total Time": 0.129,"Actual Rows": 407,"Actual Loops": 1,"Index Cond": "(s_nationkey = nation.n_nationkey)"}]}]},{"Node Type": "Hash","Parent Relationship": "Inner","Parallel Aware": false,"Async Capable": false,"Startup Cost": 88158.53,"Total Cost": 88158.53,"Plan Rows": 2694,"Plan Width": 4,"Actual Startup Time": 992.950,"Actual Total Time": 992.959,"Actual Rows": 6107,"Actual Loops": 1,"Hash Buckets": 8192,"Original Hash Buckets": 4096,"Hash Batches": 1,"Original Hash Batches": 1,"Peak Memory Usage": 279,"Plans": [{"Node Type": "Nested Loop","Parent Relationship": "Outer","Parallel Aware": false,"Async Capable": false,"Join Type": "Inner","Startup Cost": 0.42,"Total Cost": 88158.53,"Plan Rows": 2694,"Plan Width": 4,"Actual Startup Time": 0.571,"Actual Total Time": 988.469,"Actual Rows": 6107,"Actual Loops": 1,"Inner Unique": false,"Plans": [{"Node Type": "Seq Scan","Parent Relationship": "Outer","Parallel Aware": false,"Async Capable": false,"Relation Name": "part","Alias": "part","Startup Cost": 0.00,"Total Cost": 6597.00,"Plan Rows": 2020,"Plan Width": 4,"Actual Startup Time": 0.057,"Actual Total Time": 180.123,"Actual Rows": 2255,"Actual Loops": 1,"Filter": "((p_name)::text ~~ 'navajo%'::text)","Rows Removed by Filter": 197745},{"Node Type": "Index Scan","Parent Relationship": "Inner","Parallel Aware": false,"Async Capable": false,"Scan Direction": "Forward","Index Name": "idx_partsupp_partkey","Relation Name": "partsupp","Alias": "partsupp","Startup Cost": 0.42,"Total Cost": 40.36,"Plan Rows": 1,"Plan Width": 8,"Actual Startup Time": 0.151,"Actual Total Time": 0.358,"Actual Rows": 3,"Actual Loops": 2255,"Index Cond": "(ps_partkey = part.p_partkey)","Rows Removed by Index Recheck": 0,"Filter": "((ps_availqty)::numeric > (SubPlan 1))","Rows Removed by Filter": 1,"Plans": [{"Node Type": "Aggregate","Strategy": "Plain","Partial Mode": "Simple","Parent Relationship": "SubPlan","Subplan Name": "SubPlan 1","Parallel Aware": false,"Async Capable": false,"Startup Cost": 8.46,"Total Cost": 8.47,"Plan Rows": 1,"Plan Width": 32,"Actual Startup Time": 0.081,"Actual Total Time": 0.081,"Actual Rows": 1,"Actual Loops": 9020,"Plans": [{"Node Type": "Index Scan","Parent Relationship": "Outer","Parallel Aware": false,"Async Capable": false,"Scan Direction": "Forward","Index Name": "idx_lineitem_part_supp","Relation Name": "lineitem","Alias": "lineitem","Startup Cost": 0.43,"Total Cost": 8.46,"Plan Rows": 0,"Plan Width": 5,"Actual Startup Time": 0.049,"Actual Total Time": 0.080,"Actual Rows": 1,"Actual Loops": 9020,"Index Cond": "((l_partkey = partsupp.ps_partkey) AND (l_suppkey = partsupp.ps_suppkey))","Rows Removed by Index Recheck": 0,"Filter": "((l_shipdate >= '1994-01-01'::date) AND (l_shipdate < '1995-01-01 00:00:00'::timestamp without time zone))","Rows Removed by Filter": 6}]}]}]}]}]}]},"Planning Time": 6.067,"Triggers": [],"Execution Time": 998.028}]
[{"Plan": {"Node Type": "Sort","Parallel Aware": false,"Async Capable": false,"Startup Cost": 165280.99,"Total Cost": 165281.52,"Plan Rows": 215,"Plan Width": 51,"Actual Startup Time": 991.593,"Actual Total Time": 991.630,"Actual Rows": 175,"Actual Loops": 1,"Sort Key": ["supplier.s_name"],"Sort Method": "quicksort","Sort Space Used": 41,"Sort Space Type": "Memory","Plans": [{"Node Type": "Hash Join","Parent Relationship": "Outer","Parallel Aware": false,"Async Capable": false,"Join Type": "Semi","Startup Cost": 165030.68,"Total Cost": 165272.66,"Plan Rows": 215,"Plan Width": 51,"Actual Startup Time": 986.571,"Actual Total Time": 991.277,"Actual Rows": 175,"Actual Loops": 1,"Inner Unique": false,"Hash Cond": "(supplier.s_suppkey = partsupp.ps_suppkey)","Plans": [{"Node Type": "Nested Loop","Parent Relationship": "Outer","Parallel Aware": false,"Async Capable": false,"Join Type": "Inner","Startup Cost": 7.38,"Total Cost": 244.58,"Plan Rows": 400,"Plan Width": 55,"Actual Startup Time": 0.317,"Actual Total Time": 4.505,"Actual Rows": 421,"Actual Loops": 1,"Inner Unique": false,"Plans": [{"Node Type": "Seq Scan","Parent Relationship": "Outer","Parallel Aware": false,"Async Capable": false,"Relation Name": "nation","Alias": "nation","Startup Cost": 0.00,"Total Cost": 1.31,"Plan Rows": 1,"Plan Width": 4,"Actual Startup Time": 0.067,"Actual Total Time": 0.089,"Actual Rows": 1,"Actual Loops": 1,"Filter": "(n_name = 'PERU'::bpchar)","Rows Removed by Filter": 24},{"Node Type": "Bitmap Heap Scan","Parent Relationship": "Inner","Parallel Aware": false,"Async Capable": false,"Relation Name": "supplier","Alias": "supplier","Startup Cost": 7.38,"Total Cost": 239.27,"Plan Rows": 400,"Plan Width": 59,"Actual Startup Time": 0.245,"Actual Total Time": 4.350,"Actual Rows": 421,"Actual Loops": 1,"Recheck Cond": "(s_nationkey = nation.n_nationkey)","Rows Removed by Index Recheck": 0,"Exact Heap Blocks": 187,"Lossy Heap Blocks": 0,"Plans": [{"Node Type": "Bitmap Index Scan","Parent Relationship": "Outer","Parallel Aware": false,"Async Capable": false,"Index Name": "idx_supplier_nation_key","Startup Cost": 0.00,"Total Cost": 7.29,"Plan Rows": 400,"Plan Width": 0,"Actual Startup Time": 0.177,"Actual Total Time": 0.182,"Actual Rows": 421,"Actual Loops": 1,"Index Cond": "(s_nationkey = nation.n_nationkey)"}]}]},{"Node Type": "Hash","Parent Relationship": "Inner","Parallel Aware": false,"Async Capable": false,"Startup Cost": 164955.96,"Total Cost": 164955.96,"Plan Rows": 5387,"Plan Width": 4,"Actual Startup Time": 986.112,"Actual Total Time": 986.122,"Actual Rows": 6065,"Actual Loops": 1,"Hash Buckets": 8192,"Original Hash Buckets": 8192,"Hash Batches": 1,"Original Hash Batches": 1,"Peak Memory Usage": 278,"Plans": [{"Node Type": "Nested Loop","Parent Relationship": "Outer","Parallel Aware": false,"Async Capable": false,"Join Type": "Inner","Startup Cost": 0.42,"Total Cost": 164955.96,"Plan Rows": 5387,"Plan Width": 4,"Actual Startup Time": 1.051,"Actual Total Time": 980.469,"Actual Rows": 6065,"Actual Loops": 1,"Inner Unique": false,"Plans": [{"Node Type": "Seq Scan","Parent Relationship": "Outer","Parallel Aware": false,"Async Capable": false,"Relation Name": "part","Alias": "part","Startup Cost": 0.00,"Total Cost": 6597.00,"Plan Rows": 4040,"Plan Width": 4,"Actual Startup Time": 0.215,"Actual Total Time": 180.333,"Actual Rows": 2249,"Actual Loops": 1,"Filter": "((p_name)::text ~~ 'orchid%'::text)","Rows Removed by Filter": 197751},{"Node Type": "Index Scan","Parent Relationship": "Inner","Parallel Aware": false,"Async Capable": false,"Scan Direction": "Forward","Index Name": "idx_partsupp_partkey","Relation Name": "partsupp","Alias": "partsupp","Startup Cost": 0.42,"Total Cost": 39.18,"Plan Rows": 1,"Plan Width": 8,"Actual Startup Time": 0.151,"Actual Total Time": 0.355,"Actual Rows": 3,"Actual Loops": 2249,"Index Cond": "(ps_partkey = part.p_partkey)","Rows Removed by Index Recheck": 0,"Filter": "((ps_availqty)::numeric > (SubPlan 1))","Rows Removed by Filter": 1,"Plans": [{"Node Type": "Aggregate","Strategy": "Plain","Partial Mode": "Simple","Parent Relationship": "SubPlan","Subplan Name": "SubPlan 1","Parallel Aware": false,"Async Capable": false,"Startup Cost": 8.46,"Total Cost": 8.47,"Plan Rows": 1,"Plan Width": 32,"Actual Startup Time": 0.081,"Actual Total Time": 0.081,"Actual Rows": 1,"Actual Loops": 8996,"Plans": [{"Node Type": "Index Scan","Parent Relationship": "Outer","Parallel Aware": false,"Async Capable": false,"Scan Direction": "Forward","Index Name": "idx_lineitem_part_supp","Relation Name": "lineitem","Alias": "lineitem","Startup Cost": 0.43,"Total Cost": 8.46,"Plan Rows": 0,"Plan Width": 5,"Actual Startup Time": 0.049,"Actual Total Time": 0.080,"Actual Rows": 1,"Actual Loops": 8996,"Index Cond": "((l_partkey = partsupp.ps_partkey) AND (l_suppkey = partsupp.ps_suppkey))","Rows Removed by Index Recheck": 0,"Filter": "((l_shipdate >= '1996-01-01'::date) AND (l_shipdate < '1997-01-01 00:00:00'::timestamp without time zone))","Rows Removed by Filter": 6}]}]}]}]}]}]},"Planning Time": 5.816,"Triggers": [],"Execution Time": 991.914}]
[{"Plan": {"Node Type": "Sort","Parallel Aware": false,"Async Capable": false,"Startup Cost": 88442.96,"Total Cost": 88443.23,"Plan Rows": 108,"Plan Width": 51,"Actual Startup Time": 896.478,"Actual Total Time": 896.513,"Actual Rows": 179,"Actual Loops": 1,"Sort Key": ["supplier.s_name"],"Sort Method": "quicksort","Sort Space Used": 41,"Sort Space Type": "Memory","Plans": [{"Node Type": "Hash Join","Parent Relationship": "Outer","Parallel Aware": false,"Async Capable": false,"Join Type": "Semi","Startup Cost": 88199.59,"Total Cost": 88439.31,"Plan Rows": 108,"Plan Width": 51,"Actual Startup Time": 892.101,"Actual Total Time": 895.970,"Actual Rows": 179,"Actual Loops": 1,"Inner Unique": false,"Hash Cond": "(supplier.s_suppkey = partsupp.ps_suppkey)","Plans": [{"Node Type": "Nested Loop","Parent Relationship": "Outer","Parallel Aware": false,"Async Capable": false,"Join Type": "Inner","Startup Cost": 7.38,"Total Cost": 244.58,"Plan Rows": 400,"Plan Width": 55,"Actual Startup Time": 0.320,"Actual Total Time": 4.059,"Actual Rows": 393,"Actual Loops": 1,"Inner Unique": false,"Plans": [{"Node Type": "Seq Scan","Parent Relationship": "Outer","Parallel Aware": false,"Async Capable": false,"Relation Name": "nation","Alias": "nation","Startup Cost": 0.00,"Total Cost": 1.31,"Plan Rows": 1,"Plan Width": 4,"Actual Startup Time": 0.087,"Actual Total Time": 0.094,"Actual Rows": 1,"Actual Loops": 1,"Filter": "(n_name = 'UNITED STATES'::bpchar)","Rows Removed by Filter": 24},{"Node Type": "Bitmap Heap Scan","Parent Relationship": "Inner","Parallel Aware": false,"Async Capable": false,"Relation Name": "supplier","Alias": "supplier","Startup Cost": 7.38,"Total Cost": 239.27,"Plan Rows": 400,"Plan Width": 59,"Actual Startup Time": 0.224,"Actual Total Time": 3.882,"Actual Rows": 393,"Actual Loops": 1,"Recheck Cond": "(s_nationkey = nation.n_nationkey)","Rows Removed by Index Recheck": 0,"Exact Heap Blocks": 181,"Lossy Heap Blocks": 0,"Plans": [{"Node Type": "Bitmap Index Scan","Parent Relationship": "Outer","Parallel Aware": false,"Async Capable": false,"Index Name": "idx_supplier_nation_key","Startup Cost": 0.00,"Total Cost": 7.29,"Plan Rows": 400,"Plan Width": 0,"Actual Startup Time": 0.140,"Actual Total Time": 0.144,"Actual Rows": 393,"Actual Loops": 1,"Index Cond": "(s_nationkey = nation.n_nationkey)"}]}]},{"Node Type": "Hash","Parent Relationship": "Inner","Parallel Aware": false,"Async Capable": false,"Startup Cost": 88158.53,"Total Cost": 88158.53,"Plan Rows": 2694,"Plan Width": 4,"Actual Startup Time": 891.710,"Actual Total Time": 891.723,"Actual Rows": 5808,"Actual Loops": 1,"Hash Buckets": 8192,"Original Hash Buckets": 4096,"Hash Batches": 1,"Original Hash Batches": 1,"Peak Memory Usage": 269,"Plans": [{"Node Type": "Nested Loop","Parent Relationship": "Outer","Parallel Aware": false,"Async Capable": false,"Join Type": "Inner","Startup Cost": 0.42,"Total Cost": 88158.53,"Plan Rows": 2694,"Plan Width": 4,"Actual Startup Time": 0.761,"Actual Total Time": 886.128,"Actual Rows": 5808,"Actual Loops": 1,"Inner Unique": false,"Plans": [{"Node Type": "Seq Scan","Parent Relationship": "Outer","Parallel Aware": false,"Async Capable": false,"Relation Name": "part","Alias": "part","Startup Cost": 0.00,"Total Cost": 6597.00,"Plan Rows": 2020,"Plan Width": 4,"Actual Startup Time": 0.161,"Actual Total Time": 195.873,"Actual Rows": 2154,"Actual Loops": 1,"Filter": "((p_name)::text ~~ 'azure%'::text)","Rows Removed by Filter": 197846},{"Node Type": "Index Scan","Parent Relationship": "Inner","Parallel Aware": false,"Async Capable": false,"Scan Direction": "Forward","Index Name": "idx_partsupp_partkey","Relation Name": "partsupp","Alias": "partsupp","Startup Cost": 0.42,"Total Cost": 40.36,"Plan Rows": 1,"Plan Width": 8,"Actual Startup Time": 0.135,"Actual Total Time": 0.320,"Actual Rows": 3,"Actual Loops": 2154,"Index Cond": "(ps_partkey = part.p_partkey)","Rows Removed by Index Recheck": 0,"Filter": "((ps_availqty)::numeric > (SubPlan 1))","Rows Removed by Filter": 1,"Plans": [{"Node Type": "Aggregate","Strategy": "Plain","Partial Mode": "Simple","Parent Relationship": "SubPlan","Subplan Name": "SubPlan 1","Parallel Aware": false,"Async Capable": false,"Startup Cost": 8.46,"Total Cost": 8.47,"Plan Rows": 1,"Plan Width": 32,"Actual Startup Time": 0.072,"Actual Total Time": 0.072,"Actual Rows": 1,"Actual Loops": 8616,"Plans": [{"Node Type": "Index Scan","Parent Relationship": "Outer","Parallel Aware": false,"Async Capable": false,"Scan Direction": "Forward","Index Name": "idx_lineitem_part_supp","Relation Name": "lineitem","Alias": "lineitem","Startup Cost": 0.43,"Total Cost": 8.46,"Plan Rows": 0,"Plan Width": 5,"Actual Startup Time": 0.044,"Actual Total Time": 0.071,"Actual Rows": 1,"Actual Loops": 8616,"Index Cond": "((l_partkey = partsupp.ps_partkey) AND (l_suppkey = partsupp.ps_suppkey))","Rows Removed by Index Recheck": 0,"Filter": "((l_shipdate >= '1995-01-01'::date) AND (l_shipdate < '1996-01-01 00:00:00'::timestamp without time zone))","Rows Removed by Filter": 6}]}]}]}]}]}]},"Planning Time": 7.035,"Triggers": [],"Execution Time": 896.803}]
[{"Plan": {"Node Type": "Sort","Parallel Aware": false,"Async Capable": false,"Startup Cost": 88442.96,"Total Cost": 88443.23,"Plan Rows": 108,"Plan Width": 51,"Actual Startup Time": 986.531,"Actual Total Time": 986.564,"Actual Rows": 190,"Actual Loops": 1,"Sort Key": ["supplier.s_name"],"Sort Method": "quicksort","Sort Space Used": 42,"Sort Space Type": "Memory","Plans": [{"Node Type": "Hash Join","Parent Relationship": "Outer","Parallel Aware": false,"Async Capable": false,"Join Type": "Semi","Startup Cost": 88199.59,"Total Cost": 88439.31,"Plan Rows": 108,"Plan Width": 51,"Actual Startup Time": 982.164,"Actual Total Time": 986.219,"Actual Rows": 190,"Actual Loops": 1,"Inner Unique": false,"Hash Cond": "(supplier.s_suppkey = partsupp.ps_suppkey)","Plans": [{"Node Type": "Nested Loop","Parent Relationship": "Outer","Parallel Aware": false,"Async Capable": false,"Join Type": "Inner","Startup Cost": 7.38,"Total Cost": 244.58,"Plan Rows": 400,"Plan Width": 55,"Actual Startup Time": 0.249,"Actual Total Time": 4.233,"Actual Rows": 396,"Actual Loops": 1,"Inner Unique": false,"Plans": [{"Node Type": "Seq Scan","Parent Relationship": "Outer","Parallel Aware": false,"Async Capable": false,"Relation Name": "nation","Alias": "nation","Startup Cost": 0.00,"Total Cost": 1.31,"Plan Rows": 1,"Plan Width": 4,"Actual Startup Time": 0.068,"Actual Total Time": 0.098,"Actual Rows": 1,"Actual Loops": 1,"Filter": "(n_name = 'GERMANY'::bpchar)","Rows Removed by Filter": 24},{"Node Type": "Bitmap Heap Scan","Parent Relationship": "Inner","Parallel Aware": false,"Async Capable": false,"Relation Name": "supplier","Alias": "supplier","Startup Cost": 7.38,"Total Cost": 239.27,"Plan Rows": 400,"Plan Width": 59,"Actual Startup Time": 0.177,"Actual Total Time": 4.071,"Actual Rows": 396,"Actual Loops": 1,"Recheck Cond": "(s_nationkey = nation.n_nationkey)","Rows Removed by Index Recheck": 0,"Exact Heap Blocks": 191,"Lossy Heap Blocks": 0,"Plans": [{"Node Type": "Bitmap Index Scan","Parent Relationship": "Outer","Parallel Aware": false,"Async Capable": false,"Index Name": "idx_supplier_nation_key","Startup Cost": 0.00,"Total Cost": 7.29,"Plan Rows": 400,"Plan Width": 0,"Actual Startup Time": 0.105,"Actual Total Time": 0.111,"Actual Rows": 396,"Actual Loops": 1,"Index Cond": "(s_nationkey = nation.n_nationkey)"}]}]},{"Node Type": "Hash","Parent Relationship": "Inner","Parallel Aware": false,"Async Capable": false,"Startup Cost": 88158.53,"Total Cost": 88158.53,"Plan Rows": 2694,"Plan Width": 4,"Actual Startup Time": 981.837,"Actual Total Time": 981.845,"Actual Rows": 6067,"Actual Loops": 1,"Hash Buckets": 8192,"Original Hash Buckets": 4096,"Hash Batches": 1,"Original Hash Batches": 1,"Peak Memory Usage": 278,"Plans": [{"Node Type": "Nested Loop","Parent Relationship": "Outer","Parallel Aware": false,"Async Capable": false,"Join Type": "Inner","Startup Cost": 0.42,"Total Cost": 88158.53,"Plan Rows": 2694,"Plan Width": 4,"Actual Startup Time": 0.593,"Actual Total Time": 977.493,"Actual Rows": 6067,"Actual Loops": 1,"Inner Unique": false,"Plans": [{"Node Type": "Seq Scan","Parent Relationship": "Outer","Parallel Aware": false,"Async Capable": false,"Relation Name": "part","Alias": "part","Startup Cost": 0.00,"Total Cost": 6597.00,"Plan Rows": 2020,"Plan Width": 4,"Actual Startup Time": 0.149,"Actual Total Time": 181.222,"Actual Rows": 2234,"Actual Loops": 1,"Filter": "((p_name)::text ~~ 'violet%'::text)","Rows Removed by Filter": 197766},{"Node Type": "Index Scan","Parent Relationship": "Inner","Parallel Aware": false,"Async Capable": false,"Scan Direction": "Forward","Index Name": "idx_partsupp_partkey","Relation Name": "partsupp","Alias": "partsupp","Startup Cost": 0.42,"Total Cost": 40.36,"Plan Rows": 1,"Plan Width": 8,"Actual Startup Time": 0.149,"Actual Total Time": 0.356,"Actual Rows": 3,"Actual Loops": 2234,"Index Cond": "(ps_partkey = part.p_partkey)","Rows Removed by Index Recheck": 0,"Filter": "((ps_availqty)::numeric > (SubPlan 1))","Rows Removed by Filter": 1,"Plans": [{"Node Type": "Aggregate","Strategy": "Plain","Partial Mode": "Simple","Parent Relationship": "SubPlan","Subplan Name": "SubPlan 1","Parallel Aware": false,"Async Capable": false,"Startup Cost": 8.46,"Total Cost": 8.47,"Plan Rows": 1,"Plan Width": 32,"Actual Startup Time": 0.081,"Actual Total Time": 0.081,"Actual Rows": 1,"Actual Loops": 8936,"Plans": [{"Node Type": "Index Scan","Parent Relationship": "Outer","Parallel Aware": false,"Async Capable": false,"Scan Direction": "Forward","Index Name": "idx_lineitem_part_supp","Relation Name": "lineitem","Alias": "lineitem","Startup Cost": 0.43,"Total Cost": 8.46,"Plan Rows": 0,"Plan Width": 5,"Actual Startup Time": 0.049,"Actual Total Time": 0.080,"Actual Rows": 1,"Actual Loops": 8936,"Index Cond": "((l_partkey = partsupp.ps_partkey) AND (l_suppkey = partsupp.ps_suppkey))","Rows Removed by Index Recheck": 0,"Filter": "((l_shipdate >= '1993-01-01'::date) AND (l_shipdate < '1994-01-01 00:00:00'::timestamp without time zone))","Rows Removed by Filter": 6}]}]}]}]}]}]},"Planning Time": 6.395,"Triggers": [],"Execution Time": 986.796}]
[{"Plan": {"Node Type": "Sort","Parallel Aware": false,"Async Capable": false,"Startup Cost": 88442.96,"Total Cost": 88443.23,"Plan Rows": 108,"Plan Width": 51,"Actual Startup Time": 982.616,"Actual Total Time": 982.651,"Actual Rows": 181,"Actual Loops": 1,"Sort Key": ["supplier.s_name"],"Sort Method": "quicksort","Sort Space Used": 41,"Sort Space Type": "Memory","Plans": [{"Node Type": "Hash Join","Parent Relationship": "Outer","Parallel Aware": false,"Async Capable": false,"Join Type": "Semi","Startup Cost": 88199.59,"Total Cost": 88439.31,"Plan Rows": 108,"Plan Width": 51,"Actual Startup Time": 978.204,"Actual Total Time": 982.278,"Actual Rows": 181,"Actual Loops": 1,"Inner Unique": false,"Hash Cond": "(supplier.s_suppkey = partsupp.ps_suppkey)","Plans": [{"Node Type": "Nested Loop","Parent Relationship": "Outer","Parallel Aware": false,"Async Capable": false,"Join Type": "Inner","Startup Cost": 7.38,"Total Cost": 244.58,"Plan Rows": 400,"Plan Width": 55,"Actual Startup Time": 0.248,"Actual Total Time": 4.187,"Actual Rows": 405,"Actual Loops": 1,"Inner Unique": false,"Plans": [{"Node Type": "Seq Scan","Parent Relationship": "Outer","Parallel Aware": false,"Async Capable": false,"Relation Name": "nation","Alias": "nation","Startup Cost": 0.00,"Total Cost": 1.31,"Plan Rows": 1,"Plan Width": 4,"Actual Startup Time": 0.068,"Actual Total Time": 0.103,"Actual Rows": 1,"Actual Loops": 1,"Filter": "(n_name = 'INDONESIA'::bpchar)","Rows Removed by Filter": 24},{"Node Type": "Bitmap Heap Scan","Parent Relationship": "Inner","Parallel Aware": false,"Async Capable": false,"Relation Name": "supplier","Alias": "supplier","Startup Cost": 7.38,"Total Cost": 239.27,"Plan Rows": 400,"Plan Width": 59,"Actual Startup Time": 0.171,"Actual Total Time": 4.021,"Actual Rows": 405,"Actual Loops": 1,"Recheck Cond": "(s_nationkey = nation.n_nationkey)","Rows Removed by Index Recheck": 0,"Exact Heap Blocks": 192,"Lossy Heap Blocks": 0,"Plans": [{"Node Type": "Bitmap Index Scan","Parent Relationship": "Outer","Parallel Aware": false,"Async Capable": false,"Index Name": "idx_supplier_nation_key","Startup Cost": 0.00,"Total Cost": 7.29,"Plan Rows": 400,"Plan Width": 0,"Actual Startup Time": 0.104,"Actual Total Time": 0.108,"Actual Rows": 405,"Actual Loops": 1,"Index Cond": "(s_nationkey = nation.n_nationkey)"}]}]},{"Node Type": "Hash","Parent Relationship": "Inner","Parallel Aware": false,"Async Capable": false,"Startup Cost": 88158.53,"Total Cost": 88158.53,"Plan Rows": 2694,"Plan Width": 4,"Actual Startup Time": 977.893,"Actual Total Time": 977.902,"Actual Rows": 6070,"Actual Loops": 1,"Hash Buckets": 8192,"Original Hash Buckets": 4096,"Hash Batches": 1,"Original Hash Batches": 1,"Peak Memory Usage": 278,"Plans": [{"Node Type": "Nested Loop","Parent Relationship": "Outer","Parallel Aware": false,"Async Capable": false,"Join Type": "Inner","Startup Cost": 0.42,"Total Cost": 88158.53,"Plan Rows": 2694,"Plan Width": 4,"Actual Startup Time": 0.519,"Actual Total Time": 973.558,"Actual Rows": 6070,"Actual Loops": 1,"Inner Unique": false,"Plans": [{"Node Type": "Seq Scan","Parent Relationship": "Outer","Parallel Aware": false,"Async Capable": false,"Relation Name": "part","Alias": "part","Startup Cost": 0.00,"Total Cost": 6597.00,"Plan Rows": 2020,"Plan Width": 4,"Actual Startup Time": 0.125,"Actual Total Time": 180.205,"Actual Rows": 2234,"Actual Loops": 1,"Filter": "((p_name)::text ~~ 'violet%'::text)","Rows Removed by Filter": 197766},{"Node Type": "Index Scan","Parent Relationship": "Inner","Parallel Aware": false,"Async Capable": false,"Scan Direction": "Forward","Index Name": "idx_partsupp_partkey","Relation Name": "partsupp","Alias": "partsupp","Startup Cost": 0.42,"Total Cost": 40.36,"Plan Rows": 1,"Plan Width": 8,"Actual Startup Time": 0.149,"Actual Total Time": 0.355,"Actual Rows": 3,"Actual Loops": 2234,"Index Cond": "(ps_partkey = part.p_partkey)","Rows Removed by Index Recheck": 0,"Filter": "((ps_availqty)::numeric > (SubPlan 1))","Rows Removed by Filter": 1,"Plans": [{"Node Type": "Aggregate","Strategy": "Plain","Partial Mode": "Simple","Parent Relationship": "SubPlan","Subplan Name": "SubPlan 1","Parallel Aware": false,"Async Capable": false,"Startup Cost": 8.46,"Total Cost": 8.47,"Plan Rows": 1,"Plan Width": 32,"Actual Startup Time": 0.081,"Actual Total Time": 0.081,"Actual Rows": 1,"Actual Loops": 8936,"Plans": [{"Node Type": "Index Scan","Parent Relationship": "Outer","Parallel Aware": false,"Async Capable": false,"Scan Direction": "Forward","Index Name": "idx_lineitem_part_supp","Relation Name": "lineitem","Alias": "lineitem","Startup Cost": 0.43,"Total Cost": 8.46,"Plan Rows": 0,"Plan Width": 5,"Actual Startup Time": 0.049,"Actual Total Time": 0.080,"Actual Rows": 1,"Actual Loops": 8936,"Index Cond": "((l_partkey = partsupp.ps_partkey) AND (l_suppkey = partsupp.ps_suppkey))","Rows Removed by Index Recheck": 0,"Filter": "((l_shipdate >= '1994-01-01'::date) AND (l_shipdate < '1995-01-01 00:00:00'::timestamp without time zone))","Rows Removed by Filter": 6}]}]}]}]}]}]},"Planning Time": 6.805,"Triggers": [],"Execution Time": 982.904}]
[{"Plan": {"Node Type": "Sort","Parallel Aware": false,"Async Capable": false,"Startup Cost": 88442.96,"Total Cost": 88443.23,"Plan Rows": 108,"Plan Width": 51,"Actual Startup Time": 909.316,"Actual Total Time": 909.355,"Actual Rows": 165,"Actual Loops": 1,"Sort Key": ["supplier.s_name"],"Sort Method": "quicksort","Sort Space Used": 40,"Sort Space Type": "Memory","Plans": [{"Node Type": "Hash Join","Parent Relationship": "Outer","Parallel Aware": false,"Async Capable": false,"Join Type": "Semi","Startup Cost": 88199.59,"Total Cost": 88439.31,"Plan Rows": 108,"Plan Width": 51,"Actual Startup Time": 905.022,"Actual Total Time": 908.826,"Actual Rows": 165,"Actual Loops": 1,"Inner Unique": false,"Hash Cond": "(supplier.s_suppkey = partsupp.ps_suppkey)","Plans": [{"Node Type": "Nested Loop","Parent Relationship": "Outer","Parallel Aware": false,"Async Capable": false,"Join Type": "Inner","Startup Cost": 7.38,"Total Cost": 244.58,"Plan Rows": 400,"Plan Width": 55,"Actual Startup Time": 0.260,"Actual Total Time": 4.032,"Actual Rows": 376,"Actual Loops": 1,"Inner Unique": false,"Plans": [{"Node Type": "Seq Scan","Parent Relationship": "Outer","Parallel Aware": false,"Async Capable": false,"Relation Name": "nation","Alias": "nation","Startup Cost": 0.00,"Total Cost": 1.31,"Plan Rows": 1,"Plan Width": 4,"Actual Startup Time": 0.063,"Actual Total Time": 0.090,"Actual Rows": 1,"Actual Loops": 1,"Filter": "(n_name = 'KENYA'::bpchar)","Rows Removed by Filter": 24},{"Node Type": "Bitmap Heap Scan","Parent Relationship": "Inner","Parallel Aware": false,"Async Capable": false,"Relation Name": "supplier","Alias": "supplier","Startup Cost": 7.38,"Total Cost": 239.27,"Plan Rows": 400,"Plan Width": 59,"Actual Startup Time": 0.192,"Actual Total Time": 3.874,"Actual Rows": 376,"Actual Loops": 1,"Recheck Cond": "(s_nationkey = nation.n_nationkey)","Rows Removed by Index Recheck": 0,"Exact Heap Blocks": 179,"Lossy Heap Blocks": 0,"Plans": [{"Node Type": "Bitmap Index Scan","Parent Relationship": "Outer","Parallel Aware": false,"Async Capable": false,"Index Name": "idx_supplier_nation_key","Startup Cost": 0.00,"Total Cost": 7.29,"Plan Rows": 400,"Plan Width": 0,"Actual Startup Time": 0.139,"Actual Total Time": 0.147,"Actual Rows": 376,"Actual Loops": 1,"Index Cond": "(s_nationkey = nation.n_nationkey)"}]}]},{"Node Type": "Hash","Parent Relationship": "Inner","Parallel Aware": false,"Async Capable": false,"Startup Cost": 88158.53,"Total Cost": 88158.53,"Plan Rows": 2694,"Plan Width": 4,"Actual Startup Time": 904.644,"Actual Total Time": 904.650,"Actual Rows": 5907,"Actual Loops": 1,"Hash Buckets": 8192,"Original Hash Buckets": 4096,"Hash Batches": 1,"Original Hash Batches": 1,"Peak Memory Usage": 272,"Plans": [{"Node Type": "Nested Loop","Parent Relationship": "Outer","Parallel Aware": false,"Async Capable": false,"Join Type": "Inner","Startup Cost": 0.42,"Total Cost": 88158.53,"Plan Rows": 2694,"Plan Width": 4,"Actual Startup Time": 0.726,"Actual Total Time": 899.941,"Actual Rows": 5907,"Actual Loops": 1,"Inner Unique": false,"Plans": [{"Node Type": "Seq Scan","Parent Relationship": "Outer","Parallel Aware": false,"Async Capable": false,"Relation Name": "part","Alias": "part","Startup Cost": 0.00,"Total Cost": 6597.00,"Plan Rows": 2020,"Plan Width": 4,"Actual Startup Time": 0.084,"Actual Total Time": 196.279,"Actual Rows": 2194,"Actual Loops": 1,"Filter": "((p_name)::text ~~ 'midnight%'::text)","Rows Removed by Filter": 197806},{"Node Type": "Index Scan","Parent Relationship": "Inner","Parallel Aware": false,"Async Capable": false,"Scan Direction": "Forward","Index Name": "idx_partsupp_partkey","Relation Name": "partsupp","Alias": "partsupp","Startup Cost": 0.42,"Total Cost": 40.36,"Plan Rows": 1,"Plan Width": 8,"Actual Startup Time": 0.136,"Actual Total Time": 0.320,"Actual Rows": 3,"Actual Loops": 2194,"Index Cond": "(ps_partkey = part.p_partkey)","Rows Removed by Index Recheck": 0,"Filter": "((ps_availqty)::numeric > (SubPlan 1))","Rows Removed by Filter": 1,"Plans": [{"Node Type": "Aggregate","Strategy": "Plain","Partial Mode": "Simple","Parent Relationship": "SubPlan","Subplan Name": "SubPlan 1","Parallel Aware": false,"Async Capable": false,"Startup Cost": 8.46,"Total Cost": 8.47,"Plan Rows": 1,"Plan Width": 32,"Actual Startup Time": 0.072,"Actual Total Time": 0.072,"Actual Rows": 1,"Actual Loops": 8776,"Plans": [{"Node Type": "Index Scan","Parent Relationship": "Outer","Parallel Aware": false,"Async Capable": false,"Scan Direction": "Forward","Index Name": "idx_lineitem_part_supp","Relation Name": "lineitem","Alias": "lineitem","Startup Cost": 0.43,"Total Cost": 8.46,"Plan Rows": 0,"Plan Width": 5,"Actual Startup Time": 0.044,"Actual Total Time": 0.071,"Actual Rows": 1,"Actual Loops": 8776,"Index Cond": "((l_partkey = partsupp.ps_partkey) AND (l_suppkey = partsupp.ps_suppkey))","Rows Removed by Index Recheck": 0,"Filter": "((l_shipdate >= '1997-01-01'::date) AND (l_shipdate < '1998-01-01 00:00:00'::timestamp without time zone))","Rows Removed by Filter": 6}]}]}]}]}]}]},"Planning Time": 7.230,"Triggers": [],"Execution Time": 909.598}]
[{"Plan": {"Node Type": "Sort","Parallel Aware": false,"Async Capable": false,"Startup Cost": 88442.96,"Total Cost": 88443.23,"Plan Rows": 108,"Plan Width": 51,"Actual Startup Time": 988.507,"Actual Total Time": 988.543,"Actual Rows": 190,"Actual Loops": 1,"Sort Key": ["supplier.s_name"],"Sort Method": "quicksort","Sort Space Used": 42,"Sort Space Type": "Memory","Plans": [{"Node Type": "Hash Join","Parent Relationship": "Outer","Parallel Aware": false,"Async Capable": false,"Join Type": "Semi","Startup Cost": 88199.59,"Total Cost": 88439.31,"Plan Rows": 108,"Plan Width": 51,"Actual Startup Time": 984.025,"Actual Total Time": 988.203,"Actual Rows": 190,"Actual Loops": 1,"Inner Unique": false,"Hash Cond": "(supplier.s_suppkey = partsupp.ps_suppkey)","Plans": [{"Node Type": "Nested Loop","Parent Relationship": "Outer","Parallel Aware": false,"Async Capable": false,"Join Type": "Inner","Startup Cost": 7.38,"Total Cost": 244.58,"Plan Rows": 400,"Plan Width": 55,"Actual Startup Time": 0.319,"Actual Total Time": 4.353,"Actual Rows": 421,"Actual Loops": 1,"Inner Unique": false,"Plans": [{"Node Type": "Seq Scan","Parent Relationship": "Outer","Parallel Aware": false,"Async Capable": false,"Relation Name": "nation","Alias": "nation","Startup Cost": 0.00,"Total Cost": 1.31,"Plan Rows": 1,"Plan Width": 4,"Actual Startup Time": 0.075,"Actual Total Time": 0.099,"Actual Rows": 1,"Actual Loops": 1,"Filter": "(n_name = 'PERU'::bpchar)","Rows Removed by Filter": 24},{"Node Type": "Bitmap Heap Scan","Parent Relationship": "Inner","Parallel Aware": false,"Async Capable": false,"Relation Name": "supplier","Alias": "supplier","Startup Cost": 7.38,"Total Cost": 239.27,"Plan Rows": 400,"Plan Width": 59,"Actual Startup Time": 0.235,"Actual Total Time": 4.189,"Actual Rows": 421,"Actual Loops": 1,"Recheck Cond": "(s_nationkey = nation.n_nationkey)","Rows Removed by Index Recheck": 0,"Exact Heap Blocks": 187,"Lossy Heap Blocks": 0,"Plans": [{"Node Type": "Bitmap Index Scan","Parent Relationship": "Outer","Parallel Aware": false,"Async Capable": false,"Index Name": "idx_supplier_nation_key","Startup Cost": 0.00,"Total Cost": 7.29,"Plan Rows": 400,"Plan Width": 0,"Actual Startup Time": 0.162,"Actual Total Time": 0.165,"Actual Rows": 421,"Actual Loops": 1,"Index Cond": "(s_nationkey = nation.n_nationkey)"}]}]},{"Node Type": "Hash","Parent Relationship": "Inner","Parallel Aware": false,"Async Capable": false,"Startup Cost": 88158.53,"Total Cost": 88158.53,"Plan Rows": 2694,"Plan Width": 4,"Actual Startup Time": 983.604,"Actual Total Time": 983.615,"Actual Rows": 6016,"Actual Loops": 1,"Hash Buckets": 8192,"Original Hash Buckets": 4096,"Hash Batches": 1,"Original Hash Batches": 1,"Peak Memory Usage": 276,"Plans": [{"Node Type": "Nested Loop","Parent Relationship": "Outer","Parallel Aware": false,"Async Capable": false,"Join Type": "Inner","Startup Cost": 0.42,"Total Cost": 88158.53,"Plan Rows": 2694,"Plan Width": 4,"Actual Startup Time": 0.662,"Actual Total Time": 978.765,"Actual Rows": 6016,"Actual Loops": 1,"Inner Unique": false,"Plans": [{"Node Type": "Seq Scan","Parent Relationship": "Outer","Parallel Aware": false,"Async Capable": false,"Relation Name": "part","Alias": "part","Startup Cost": 0.00,"Total Cost": 6597.00,"Plan Rows": 2020,"Plan Width": 4,"Actual Startup Time": 0.093,"Actual Total Time": 180.972,"Actual Rows": 2218,"Actual Loops": 1,"Filter": "((p_name)::text ~~ 'burlywood%'::text)","Rows Removed by Filter": 197782},{"Node Type": "Index Scan","Parent Relationship": "Inner","Parallel Aware": false,"Async Capable": false,"Scan Direction": "Forward","Index Name": "idx_partsupp_partkey","Relation Name": "partsupp","Alias": "partsupp","Startup Cost": 0.42,"Total Cost": 40.36,"Plan Rows": 1,"Plan Width": 8,"Actual Startup Time": 0.151,"Actual Total Time": 0.359,"Actual Rows": 3,"Actual Loops": 2218,"Index Cond": "(ps_partkey = part.p_partkey)","Rows Removed by Index Recheck": 0,"Filter": "((ps_availqty)::numeric > (SubPlan 1))","Rows Removed by Filter": 1,"Plans": [{"Node Type": "Aggregate","Strategy": "Plain","Partial Mode": "Simple","Parent Relationship": "SubPlan","Subplan Name": "SubPlan 1","Parallel Aware": false,"Async Capable": false,"Startup Cost": 8.46,"Total Cost": 8.47,"Plan Rows": 1,"Plan Width": 32,"Actual Startup Time": 0.082,"Actual Total Time": 0.082,"Actual Rows": 1,"Actual Loops": 8872,"Plans": [{"Node Type": "Index Scan","Parent Relationship": "Outer","Parallel Aware": false,"Async Capable": false,"Scan Direction": "Forward","Index Name": "idx_lineitem_part_supp","Relation Name": "lineitem","Alias": "lineitem","Startup Cost": 0.43,"Total Cost": 8.46,"Plan Rows": 0,"Plan Width": 5,"Actual Startup Time": 0.049,"Actual Total Time": 0.081,"Actual Rows": 1,"Actual Loops": 8872,"Index Cond": "((l_partkey = partsupp.ps_partkey) AND (l_suppkey = partsupp.ps_suppkey))","Rows Removed by Index Recheck": 0,"Filter": "((l_shipdate >= '1996-01-01'::date) AND (l_shipdate < '1997-01-01 00:00:00'::timestamp without time zone))","Rows Removed by Filter": 6}]}]}]}]}]}]},"Planning Time": 6.397,"Triggers": [],"Execution Time": 988.787}]
[{"Plan": {"Node Type": "Sort","Parallel Aware": false,"Async Capable": false,"Startup Cost": 165280.99,"Total Cost": 165281.52,"Plan Rows": 215,"Plan Width": 51,"Actual Startup Time": 987.945,"Actual Total Time": 987.986,"Actual Rows": 172,"Actual Loops": 1,"Sort Key": ["supplier.s_name"],"Sort Method": "quicksort","Sort Space Used": 41,"Sort Space Type": "Memory","Plans": [{"Node Type": "Hash Join","Parent Relationship": "Outer","Parallel Aware": false,"Async Capable": false,"Join Type": "Semi","Startup Cost": 165030.68,"Total Cost": 165272.66,"Plan Rows": 215,"Plan Width": 51,"Actual Startup Time": 982.996,"Actual Total Time": 987.605,"Actual Rows": 172,"Actual Loops": 1,"Inner Unique": false,"Hash Cond": "(supplier.s_suppkey = partsupp.ps_suppkey)","Plans": [{"Node Type": "Nested Loop","Parent Relationship": "Outer","Parallel Aware": false,"Async Capable": false,"Join Type": "Inner","Startup Cost": 7.38,"Total Cost": 244.58,"Plan Rows": 400,"Plan Width": 55,"Actual Startup Time": 0.229,"Actual Total Time": 4.250,"Actual Rows": 402,"Actual Loops": 1,"Inner Unique": false,"Plans": [{"Node Type": "Seq Scan","Parent Relationship": "Outer","Parallel Aware": false,"Async Capable": false,"Relation Name": "nation","Alias": "nation","Startup Cost": 0.00,"Total Cost": 1.31,"Plan Rows": 1,"Plan Width": 4,"Actual Startup Time": 0.067,"Actual Total Time": 0.091,"Actual Rows": 1,"Actual Loops": 1,"Filter": "(n_name = 'FRANCE'::bpchar)","Rows Removed by Filter": 24},{"Node Type": "Bitmap Heap Scan","Parent Relationship": "Inner","Parallel Aware": false,"Async Capable": false,"Relation Name": "supplier","Alias": "supplier","Startup Cost": 7.38,"Total Cost": 239.27,"Plan Rows": 400,"Plan Width": 59,"Actual Startup Time": 0.158,"Actual Total Time": 4.100,"Actual Rows": 402,"Actual Loops": 1,"Recheck Cond": "(s_nationkey = nation.n_nationkey)","Rows Removed by Index Recheck": 0,"Exact Heap Blocks": 184,"Lossy Heap Blocks": 0,"Plans": [{"Node Type": "Bitmap Index Scan","Parent Relationship": "Outer","Parallel Aware": false,"Async Capable": false,"Index Name": "idx_supplier_nation_key","Startup Cost": 0.00,"Total Cost": 7.29,"Plan Rows": 400,"Plan Width": 0,"Actual Startup Time": 0.096,"Actual Total Time": 0.100,"Actual Rows": 402,"Actual Loops": 1,"Index Cond": "(s_nationkey = nation.n_nationkey)"}]}]},{"Node Type": "Hash","Parent Relationship": "Inner","Parallel Aware": false,"Async Capable": false,"Startup Cost": 164955.96,"Total Cost": 164955.96,"Plan Rows": 5387,"Plan Width": 4,"Actual Startup Time": 982.678,"Actual Total Time": 982.688,"Actual Rows": 5969,"Actual Loops": 1,"Hash Buckets": 8192,"Original Hash Buckets": 8192,"Hash Batches": 1,"Original Hash Batches": 1,"Peak Memory Usage": 274,"Plans": [{"Node Type": "Nested Loop","Parent Relationship": "Outer","Parallel Aware": false,"Async Capable": false,"Join Type": "Inner","Startup Cost": 0.42,"Total Cost": 164955.96,"Plan Rows": 5387,"Plan Width": 4,"Actual Startup Time": 0.667,"Actual Total Time": 976.996,"Actual Rows": 5969,"Actual Loops": 1,"Inner Unique": false,"Plans": [{"Node Type": "Seq Scan","Parent Relationship": "Outer","Parallel Aware": false,"Async Capable": false,"Relation Name": "part","Alias": "part","Startup Cost": 0.00,"Total Cost": 6597.00,"Plan Rows": 4040,"Plan Width": 4,"Actual Startup Time": 0.142,"Actual Total Time": 180.744,"Actual Rows": 2228,"Actual Loops": 1,"Filter": "((p_name)::text ~~ 'dim%'::text)","Rows Removed by Filter": 197772},{"Node Type": "Index Scan","Parent Relationship": "Inner","Parallel Aware": false,"Async Capable": false,"Scan Direction": "Forward","Index Name": "idx_partsupp_partkey","Relation Name": "partsupp","Alias": "partsupp","Startup Cost": 0.42,"Total Cost": 39.18,"Plan Rows": 1,"Plan Width": 8,"Actual Startup Time": 0.150,"Actual Total Time": 0.357,"Actual Rows": 3,"Actual Loops": 2228,"Index Cond": "(ps_partkey = part.p_partkey)","Rows Removed by Index Recheck": 0,"Filter": "((ps_availqty)::numeric > (SubPlan 1))","Rows Removed by Filter": 1,"Plans": [{"Node Type": "Aggregate","Strategy": "Plain","Partial Mode": "Simple","Parent Relationship": "SubPlan","Subplan Name": "SubPlan 1","Parallel Aware": false,"Async Capable": false,"Startup Cost": 8.46,"Total Cost": 8.47,"Plan Rows": 1,"Plan Width": 32,"Actual Startup Time": 0.081,"Actual Total Time": 0.081,"Actual Rows": 1,"Actual Loops": 8912,"Plans": [{"Node Type": "Index Scan","Parent Relationship": "Outer","Parallel Aware": false,"Async Capable": false,"Scan Direction": "Forward","Index Name": "idx_lineitem_part_supp","Relation Name": "lineitem","Alias": "lineitem","Startup Cost": 0.43,"Total Cost": 8.46,"Plan Rows": 0,"Plan Width": 5,"Actual Startup Time": 0.050,"Actual Total Time": 0.080,"Actual Rows": 1,"Actual Loops": 8912,"Index Cond": "((l_partkey = partsupp.ps_partkey) AND (l_suppkey = partsupp.ps_suppkey))","Rows Removed by Index Recheck": 0,"Filter": "((l_shipdate >= '1994-01-01'::date) AND (l_shipdate < '1995-01-01 00:00:00'::timestamp without time zone))","Rows Removed by Filter": 6}]}]}]}]}]}]},"Planning Time": 6.811,"Triggers": [],"Execution Time": 988.252}]
[{"Plan": {"Node Type": "Sort","Parallel Aware": false,"Async Capable": false,"Startup Cost": 88442.96,"Total Cost": 88443.23,"Plan Rows": 108,"Plan Width": 51,"Actual Startup Time": 964.096,"Actual Total Time": 964.133,"Actual Rows": 176,"Actual Loops": 1,"Sort Key": ["supplier.s_name"],"Sort Method": "quicksort","Sort Space Used": 41,"Sort Space Type": "Memory","Plans": [{"Node Type": "Hash Join","Parent Relationship": "Outer","Parallel Aware": false,"Async Capable": false,"Join Type": "Semi","Startup Cost": 88199.59,"Total Cost": 88439.31,"Plan Rows": 108,"Plan Width": 51,"Actual Startup Time": 959.699,"Actual Total Time": 963.761,"Actual Rows": 176,"Actual Loops": 1,"Inner Unique": false,"Hash Cond": "(supplier.s_suppkey = partsupp.ps_suppkey)","Plans": [{"Node Type": "Nested Loop","Parent Relationship": "Outer","Parallel Aware": false,"Async Capable": false,"Join Type": "Inner","Startup Cost": 7.38,"Total Cost": 244.58,"Plan Rows": 400,"Plan Width": 55,"Actual Startup Time": 0.312,"Actual Total Time": 4.275,"Actual Rows": 393,"Actual Loops": 1,"Inner Unique": false,"Plans": [{"Node Type": "Seq Scan","Parent Relationship": "Outer","Parallel Aware": false,"Async Capable": false,"Relation Name": "nation","Alias": "nation","Startup Cost": 0.00,"Total Cost": 1.31,"Plan Rows": 1,"Plan Width": 4,"Actual Startup Time": 0.082,"Actual Total Time": 0.118,"Actual Rows": 1,"Actual Loops": 1,"Filter": "(n_name = 'IRAN'::bpchar)","Rows Removed by Filter": 24},{"Node Type": "Bitmap Heap Scan","Parent Relationship": "Inner","Parallel Aware": false,"Async Capable": false,"Relation Name": "supplier","Alias": "supplier","Startup Cost": 7.38,"Total Cost": 239.27,"Plan Rows": 400,"Plan Width": 59,"Actual Startup Time": 0.202,"Actual Total Time": 4.066,"Actual Rows": 393,"Actual Loops": 1,"Recheck Cond": "(s_nationkey = nation.n_nationkey)","Rows Removed by Index Recheck": 0,"Exact Heap Blocks": 179,"Lossy Heap Blocks": 0,"Plans": [{"Node Type": "Bitmap Index Scan","Parent Relationship": "Outer","Parallel Aware": false,"Async Capable": false,"Index Name": "idx_supplier_nation_key","Startup Cost": 0.00,"Total Cost": 7.29,"Plan Rows": 400,"Plan Width": 0,"Actual Startup Time": 0.131,"Actual Total Time": 0.135,"Actual Rows": 393,"Actual Loops": 1,"Index Cond": "(s_nationkey = nation.n_nationkey)"}]}]},{"Node Type": "Hash","Parent Relationship": "Inner","Parallel Aware": false,"Async Capable": false,"Startup Cost": 88158.53,"Total Cost": 88158.53,"Plan Rows": 2694,"Plan Width": 4,"Actual Startup Time": 959.305,"Actual Total Time": 959.317,"Actual Rows": 5892,"Actual Loops": 1,"Hash Buckets": 8192,"Original Hash Buckets": 4096,"Hash Batches": 1,"Original Hash Batches": 1,"Peak Memory Usage": 272,"Plans": [{"Node Type": "Nested Loop","Parent Relationship": "Outer","Parallel Aware": false,"Async Capable": false,"Join Type": "Inner","Startup Cost": 0.42,"Total Cost": 88158.53,"Plan Rows": 2694,"Plan Width": 4,"Actual Startup Time": 0.861,"Actual Total Time": 954.598,"Actual Rows": 5892,"Actual Loops": 1,"Inner Unique": false,"Plans": [{"Node Type": "Seq Scan","Parent Relationship": "Outer","Parallel Aware": false,"Async Capable": false,"Relation Name": "part","Alias": "part","Startup Cost": 0.00,"Total Cost": 6597.00,"Plan Rows": 2020,"Plan Width": 4,"Actual Startup Time": 0.162,"Actual Total Time": 177.957,"Actual Rows": 2186,"Actual Loops": 1,"Filter": "((p_name)::text ~~ 'pale%'::text)","Rows Removed by Filter": 197814},{"Node Type": "Index Scan","Parent Relationship": "Inner","Parallel Aware": false,"Async Capable": false,"Scan Direction": "Forward","Index Name": "idx_partsupp_partkey","Relation Name": "partsupp","Alias": "partsupp","Startup Cost": 0.42,"Total Cost": 40.36,"Plan Rows": 1,"Plan Width": 8,"Actual Startup Time": 0.150,"Actual Total Time": 0.355,"Actual Rows": 3,"Actual Loops": 2186,"Index Cond": "(ps_partkey = part.p_partkey)","Rows Removed by Index Recheck": 0,"Filter": "((ps_availqty)::numeric > (SubPlan 1))","Rows Removed by Filter": 1,"Plans": [{"Node Type": "Aggregate","Strategy": "Plain","Partial Mode": "Simple","Parent Relationship": "SubPlan","Subplan Name": "SubPlan 1","Parallel Aware": false,"Async Capable": false,"Startup Cost": 8.46,"Total Cost": 8.47,"Plan Rows": 1,"Plan Width": 32,"Actual Startup Time": 0.081,"Actual Total Time": 0.081,"Actual Rows": 1,"Actual Loops": 8744,"Plans": [{"Node Type": "Index Scan","Parent Relationship": "Outer","Parallel Aware": false,"Async Capable": false,"Scan Direction": "Forward","Index Name": "idx_lineitem_part_supp","Relation Name": "lineitem","Alias": "lineitem","Startup Cost": 0.43,"Total Cost": 8.46,"Plan Rows": 0,"Plan Width": 5,"Actual Startup Time": 0.049,"Actual Total Time": 0.080,"Actual Rows": 1,"Actual Loops": 8744,"Index Cond": "((l_partkey = partsupp.ps_partkey) AND (l_suppkey = partsupp.ps_suppkey))","Rows Removed by Index Recheck": 0,"Filter": "((l_shipdate >= '1996-01-01'::date) AND (l_shipdate < '1997-01-01 00:00:00'::timestamp without time zone))","Rows Removed by Filter": 6}]}]}]}]}]}]},"Planning Time": 6.342,"Triggers": [],"Execution Time": 964.418}]
[{"Plan": {"Node Type": "Sort","Parallel Aware": false,"Async Capable": false,"Startup Cost": 165280.99,"Total Cost": 165281.52,"Plan Rows": 215,"Plan Width": 51,"Actual Startup Time": 967.435,"Actual Total Time": 967.480,"Actual Rows": 178,"Actual Loops": 1,"Sort Key": ["supplier.s_name"],"Sort Method": "quicksort","Sort Space Used": 41,"Sort Space Type": "Memory","Plans": [{"Node Type": "Hash Join","Parent Relationship": "Outer","Parallel Aware": false,"Async Capable": false,"Join Type": "Semi","Startup Cost": 165030.68,"Total Cost": 165272.66,"Plan Rows": 215,"Plan Width": 51,"Actual Startup Time": 962.785,"Actual Total Time": 967.121,"Actual Rows": 178,"Actual Loops": 1,"Inner Unique": false,"Hash Cond": "(supplier.s_suppkey = partsupp.ps_suppkey)","Plans": [{"Node Type": "Nested Loop","Parent Relationship": "Outer","Parallel Aware": false,"Async Capable": false,"Join Type": "Inner","Startup Cost": 7.38,"Total Cost": 244.58,"Plan Rows": 400,"Plan Width": 55,"Actual Startup Time": 0.333,"Actual Total Time": 4.136,"Actual Rows": 412,"Actual Loops": 1,"Inner Unique": false,"Plans": [{"Node Type": "Seq Scan","Parent Relationship": "Outer","Parallel Aware": false,"Async Capable": false,"Relation Name": "nation","Alias": "nation","Startup Cost": 0.00,"Total Cost": 1.31,"Plan Rows": 1,"Plan Width": 4,"Actual Startup Time": 0.079,"Actual Total Time": 0.110,"Actual Rows": 1,"Actual Loops": 1,"Filter": "(n_name = 'CANADA'::bpchar)","Rows Removed by Filter": 24},{"Node Type": "Bitmap Heap Scan","Parent Relationship": "Inner","Parallel Aware": false,"Async Capable": false,"Relation Name": "supplier","Alias": "supplier","Startup Cost": 7.38,"Total Cost": 239.27,"Plan Rows": 400,"Plan Width": 59,"Actual Startup Time": 0.247,"Actual Total Time": 3.948,"Actual Rows": 412,"Actual Loops": 1,"Recheck Cond": "(s_nationkey = nation.n_nationkey)","Rows Removed by Index Recheck": 0,"Exact Heap Blocks": 189,"Lossy Heap Blocks": 0,"Plans": [{"Node Type": "Bitmap Index Scan","Parent Relationship": "Outer","Parallel Aware": false,"Async Capable": false,"Index Name": "idx_supplier_nation_key","Startup Cost": 0.00,"Total Cost": 7.29,"Plan Rows": 400,"Plan Width": 0,"Actual Startup Time": 0.159,"Actual Total Time": 0.165,"Actual Rows": 412,"Actual Loops": 1,"Index Cond": "(s_nationkey = nation.n_nationkey)"}]}]},{"Node Type": "Hash","Parent Relationship": "Inner","Parallel Aware": false,"Async Capable": false,"Startup Cost": 164955.96,"Total Cost": 164955.96,"Plan Rows": 5387,"Plan Width": 4,"Actual Startup Time": 962.287,"Actual Total Time": 962.300,"Actual Rows": 5854,"Actual Loops": 1,"Hash Buckets": 8192,"Original Hash Buckets": 8192,"Hash Batches": 1,"Original Hash Batches": 1,"Peak Memory Usage": 270,"Plans": [{"Node Type": "Nested Loop","Parent Relationship": "Outer","Parallel Aware": false,"Async Capable": false,"Join Type": "Inner","Startup Cost": 0.42,"Total Cost": 164955.96,"Plan Rows": 5387,"Plan Width": 4,"Actual Startup Time": 0.552,"Actual Total Time": 956.950,"Actual Rows": 5854,"Actual Loops": 1,"Inner Unique": false,"Plans": [{"Node Type": "Seq Scan","Parent Relationship": "Outer","Parallel Aware": false,"Async Capable": false,"Relation Name": "part","Alias": "part","Startup Cost": 0.00,"Total Cost": 6597.00,"Plan Rows": 4040,"Plan Width": 4,"Actual Startup Time": 0.212,"Actual Total Time": 179.768,"Actual Rows": 2163,"Actual Loops": 1,"Filter": "((p_name)::text ~~ 'metallic%'::text)","Rows Removed by Filter": 197837},{"Node Type": "Index Scan","Parent Relationship": "Inner","Parallel Aware": false,"Async Capable": false,"Scan Direction": "Forward","Index Name": "idx_partsupp_partkey","Relation Name": "partsupp","Alias": "partsupp","Startup Cost": 0.42,"Total Cost": 39.18,"Plan Rows": 1,"Plan Width": 8,"Actual Startup Time": 0.151,"Actual Total Time": 0.359,"Actual Rows": 3,"Actual Loops": 2163,"Index Cond": "(ps_partkey = part.p_partkey)","Rows Removed by Index Recheck": 0,"Filter": "((ps_availqty)::numeric > (SubPlan 1))","Rows Removed by Filter": 1,"Plans": [{"Node Type": "Aggregate","Strategy": "Plain","Partial Mode": "Simple","Parent Relationship": "SubPlan","Subplan Name": "SubPlan 1","Parallel Aware": false,"Async Capable": false,"Startup Cost": 8.46,"Total Cost": 8.47,"Plan Rows": 1,"Plan Width": 32,"Actual Startup Time": 0.082,"Actual Total Time": 0.082,"Actual Rows": 1,"Actual Loops": 8652,"Plans": [{"Node Type": "Index Scan","Parent Relationship": "Outer","Parallel Aware": false,"Async Capable": false,"Scan Direction": "Forward","Index Name": "idx_lineitem_part_supp","Relation Name": "lineitem","Alias": "lineitem","Startup Cost": 0.43,"Total Cost": 8.46,"Plan Rows": 0,"Plan Width": 5,"Actual Startup Time": 0.049,"Actual Total Time": 0.081,"Actual Rows": 1,"Actual Loops": 8652,"Index Cond": "((l_partkey = partsupp.ps_partkey) AND (l_suppkey = partsupp.ps_suppkey))","Rows Removed by Index Recheck": 0,"Filter": "((l_shipdate >= '1993-01-01'::date) AND (l_shipdate < '1994-01-01 00:00:00'::timestamp without time zone))","Rows Removed by Filter": 6}]}]}]}]}]}]},"Planning Time": 7.115,"Triggers": [],"Execution Time": 967.825}]
[{"Plan": {"Node Type": "Sort","Parallel Aware": false,"Async Capable": false,"Startup Cost": 88442.96,"Total Cost": 88443.23,"Plan Rows": 108,"Plan Width": 51,"Actual Startup Time": 901.319,"Actual Total Time": 901.354,"Actual Rows": 180,"Actual Loops": 1,"Sort Key": ["supplier.s_name"],"Sort Method": "quicksort","Sort Space Used": 41,"Sort Space Type": "Memory","Plans": [{"Node Type": "Hash Join","Parent Relationship": "Outer","Parallel Aware": false,"Async Capable": false,"Join Type": "Semi","Startup Cost": 88199.59,"Total Cost": 88439.31,"Plan Rows": 108,"Plan Width": 51,"Actual Startup Time": 896.893,"Actual Total Time": 900.810,"Actual Rows": 180,"Actual Loops": 1,"Inner Unique": false,"Hash Cond": "(supplier.s_suppkey = partsupp.ps_suppkey)","Plans": [{"Node Type": "Nested Loop","Parent Relationship": "Outer","Parallel Aware": false,"Async Capable": false,"Join Type": "Inner","Startup Cost": 7.38,"Total Cost": 244.58,"Plan Rows": 400,"Plan Width": 55,"Actual Startup Time": 0.270,"Actual Total Time": 4.046,"Actual Rows": 415,"Actual Loops": 1,"Inner Unique": false,"Plans": [{"Node Type": "Seq Scan","Parent Relationship": "Outer","Parallel Aware": false,"Async Capable": false,"Relation Name": "nation","Alias": "nation","Startup Cost": 0.00,"Total Cost": 1.31,"Plan Rows": 1,"Plan Width": 4,"Actual Startup Time": 0.064,"Actual Total Time": 0.078,"Actual Rows": 1,"Actual Loops": 1,"Filter": "(n_name = 'EGYPT'::bpchar)","Rows Removed by Filter": 24},{"Node Type": "Bitmap Heap Scan","Parent Relationship": "Inner","Parallel Aware": false,"Async Capable": false,"Relation Name": "supplier","Alias": "supplier","Startup Cost": 7.38,"Total Cost": 239.27,"Plan Rows": 400,"Plan Width": 59,"Actual Startup Time": 0.196,"Actual Total Time": 3.894,"Actual Rows": 415,"Actual Loops": 1,"Recheck Cond": "(s_nationkey = nation.n_nationkey)","Rows Removed by Index Recheck": 0,"Exact Heap Blocks": 183,"Lossy Heap Blocks": 0,"Plans": [{"Node Type": "Bitmap Index Scan","Parent Relationship": "Outer","Parallel Aware": false,"Async Capable": false,"Index Name": "idx_supplier_nation_key","Startup Cost": 0.00,"Total Cost": 7.29,"Plan Rows": 400,"Plan Width": 0,"Actual Startup Time": 0.122,"Actual Total Time": 0.126,"Actual Rows": 415,"Actual Loops": 1,"Index Cond": "(s_nationkey = nation.n_nationkey)"}]}]},{"Node Type": "Hash","Parent Relationship": "Inner","Parallel Aware": false,"Async Capable": false,"Startup Cost": 88158.53,"Total Cost": 88158.53,"Plan Rows": 2694,"Plan Width": 4,"Actual Startup Time": 896.560,"Actual Total Time": 896.571,"Actual Rows": 5809,"Actual Loops": 1,"Hash Buckets": 8192,"Original Hash Buckets": 4096,"Hash Batches": 1,"Original Hash Batches": 1,"Peak Memory Usage": 269,"Plans": [{"Node Type": "Nested Loop","Parent Relationship": "Outer","Parallel Aware": false,"Async Capable": false,"Join Type": "Inner","Startup Cost": 0.42,"Total Cost": 88158.53,"Plan Rows": 2694,"Plan Width": 4,"Actual Startup Time": 0.509,"Actual Total Time": 891.877,"Actual Rows": 5809,"Actual Loops": 1,"Inner Unique": false,"Plans": [{"Node Type": "Seq Scan","Parent Relationship": "Outer","Parallel Aware": false,"Async Capable": false,"Relation Name": "part","Alias": "part","Startup Cost": 0.00,"Total Cost": 6597.00,"Plan Rows": 2020,"Plan Width": 4,"Actual Startup Time": 0.168,"Actual Total Time": 197.366,"Actual Rows": 2171,"Actual Loops": 1,"Filter": "((p_name)::text ~~ 'lace%'::text)","Rows Removed by Filter": 197829},{"Node Type": "Index Scan","Parent Relationship": "Inner","Parallel Aware": false,"Async Capable": false,"Scan Direction": "Forward","Index Name": "idx_partsupp_partkey","Relation Name": "partsupp","Alias": "partsupp","Startup Cost": 0.42,"Total Cost": 40.36,"Plan Rows": 1,"Plan Width": 8,"Actual Startup Time": 0.137,"Actual Total Time": 0.319,"Actual Rows": 3,"Actual Loops": 2171,"Index Cond": "(ps_partkey = part.p_partkey)","Rows Removed by Index Recheck": 0,"Filter": "((ps_availqty)::numeric > (SubPlan 1))","Rows Removed by Filter": 1,"Plans": [{"Node Type": "Aggregate","Strategy": "Plain","Partial Mode": "Simple","Parent Relationship": "SubPlan","Subplan Name": "SubPlan 1","Parallel Aware": false,"Async Capable": false,"Startup Cost": 8.46,"Total Cost": 8.47,"Plan Rows": 1,"Plan Width": 32,"Actual Startup Time": 0.071,"Actual Total Time": 0.071,"Actual Rows": 1,"Actual Loops": 8684,"Plans": [{"Node Type": "Index Scan","Parent Relationship": "Outer","Parallel Aware": false,"Async Capable": false,"Scan Direction": "Forward","Index Name": "idx_lineitem_part_supp","Relation Name": "lineitem","Alias": "lineitem","Startup Cost": 0.43,"Total Cost": 8.46,"Plan Rows": 0,"Plan Width": 5,"Actual Startup Time": 0.044,"Actual Total Time": 0.071,"Actual Rows": 1,"Actual Loops": 8684,"Index Cond": "((l_partkey = partsupp.ps_partkey) AND (l_suppkey = partsupp.ps_suppkey))","Rows Removed by Index Recheck": 0,"Filter": "((l_shipdate >= '1997-01-01'::date) AND (l_shipdate < '1998-01-01 00:00:00'::timestamp without time zone))","Rows Removed by Filter": 6}]}]}]}]}]}]},"Planning Time": 5.890,"Triggers": [],"Execution Time": 901.614}]
[{"Plan": {"Node Type": "Sort","Parallel Aware": false,"Async Capable": false,"Startup Cost": 88442.96,"Total Cost": 88443.23,"Plan Rows": 108,"Plan Width": 51,"Actual Startup Time": 922.228,"Actual Total Time": 922.270,"Actual Rows": 176,"Actual Loops": 1,"Sort Key": ["supplier.s_name"],"Sort Method": "quicksort","Sort Space Used": 41,"Sort Space Type": "Memory","Plans": [{"Node Type": "Hash Join","Parent Relationship": "Outer","Parallel Aware": false,"Async Capable": false,"Join Type": "Semi","Startup Cost": 88199.59,"Total Cost": 88439.31,"Plan Rows": 108,"Plan Width": 51,"Actual Startup Time": 917.968,"Actual Total Time": 921.732,"Actual Rows": 176,"Actual Loops": 1,"Inner Unique": false,"Hash Cond": "(supplier.s_suppkey = partsupp.ps_suppkey)","Plans": [{"Node Type": "Nested Loop","Parent Relationship": "Outer","Parallel Aware": false,"Async Capable": false,"Join Type": "Inner","Startup Cost": 7.38,"Total Cost": 244.58,"Plan Rows": 400,"Plan Width": 55,"Actual Startup Time": 0.288,"Actual Total Time": 4.012,"Actual Rows": 393,"Actual Loops": 1,"Inner Unique": false,"Plans": [{"Node Type": "Seq Scan","Parent Relationship": "Outer","Parallel Aware": false,"Async Capable": false,"Relation Name": "nation","Alias": "nation","Startup Cost": 0.00,"Total Cost": 1.31,"Plan Rows": 1,"Plan Width": 4,"Actual Startup Time": 0.063,"Actual Total Time": 0.071,"Actual Rows": 1,"Actual Loops": 1,"Filter": "(n_name = 'UNITED STATES'::bpchar)","Rows Removed by Filter": 24},{"Node Type": "Bitmap Heap Scan","Parent Relationship": "Inner","Parallel Aware": false,"Async Capable": false,"Relation Name": "supplier","Alias": "supplier","Startup Cost": 7.38,"Total Cost": 239.27,"Plan Rows": 400,"Plan Width": 59,"Actual Startup Time": 0.220,"Actual Total Time": 3.859,"Actual Rows": 393,"Actual Loops": 1,"Recheck Cond": "(s_nationkey = nation.n_nationkey)","Rows Removed by Index Recheck": 0,"Exact Heap Blocks": 181,"Lossy Heap Blocks": 0,"Plans": [{"Node Type": "Bitmap Index Scan","Parent Relationship": "Outer","Parallel Aware": false,"Async Capable": false,"Index Name": "idx_supplier_nation_key","Startup Cost": 0.00,"Total Cost": 7.29,"Plan Rows": 400,"Plan Width": 0,"Actual Startup Time": 0.144,"Actual Total Time": 0.149,"Actual Rows": 393,"Actual Loops": 1,"Index Cond": "(s_nationkey = nation.n_nationkey)"}]}]},{"Node Type": "Hash","Parent Relationship": "Inner","Parallel Aware": false,"Async Capable": false,"Startup Cost": 88158.53,"Total Cost": 88158.53,"Plan Rows": 2694,"Plan Width": 4,"Actual Startup Time": 917.570,"Actual Total Time": 917.579,"Actual Rows": 6071,"Actual Loops": 1,"Hash Buckets": 8192,"Original Hash Buckets": 4096,"Hash Batches": 1,"Original Hash Batches": 1,"Peak Memory Usage": 278,"Plans": [{"Node Type": "Nested Loop","Parent Relationship": "Outer","Parallel Aware": false,"Async Capable": false,"Join Type": "Inner","Startup Cost": 0.42,"Total Cost": 88158.53,"Plan Rows": 2694,"Plan Width": 4,"Actual Startup Time": 0.539,"Actual Total Time": 912.948,"Actual Rows": 6071,"Actual Loops": 1,"Inner Unique": false,"Plans": [{"Node Type": "Seq Scan","Parent Relationship": "Outer","Parallel Aware": false,"Async Capable": false,"Relation Name": "part","Alias": "part","Startup Cost": 0.00,"Total Cost": 6597.00,"Plan Rows": 2020,"Plan Width": 4,"Actual Startup Time": 0.212,"Actual Total Time": 201.949,"Actual Rows": 2216,"Actual Loops": 1,"Filter": "((p_name)::text ~~ 'chartreuse%'::text)","Rows Removed by Filter": 197784},{"Node Type": "Index Scan","Parent Relationship": "Inner","Parallel Aware": false,"Async Capable": false,"Scan Direction": "Forward","Index Name": "idx_partsupp_partkey","Relation Name": "partsupp","Alias": "partsupp","Startup Cost": 0.42,"Total Cost": 40.36,"Plan Rows": 1,"Plan Width": 8,"Actual Startup Time": 0.134,"Actual Total Time": 0.320,"Actual Rows": 3,"Actual Loops": 2216,"Index Cond": "(ps_partkey = part.p_partkey)","Rows Removed by Index Recheck": 0,"Filter": "((ps_availqty)::numeric > (SubPlan 1))","Rows Removed by Filter": 1,"Plans": [{"Node Type": "Aggregate","Strategy": "Plain","Partial Mode": "Simple","Parent Relationship": "SubPlan","Subplan Name": "SubPlan 1","Parallel Aware": false,"Async Capable": false,"Startup Cost": 8.46,"Total Cost": 8.47,"Plan Rows": 1,"Plan Width": 32,"Actual Startup Time": 0.072,"Actual Total Time": 0.072,"Actual Rows": 1,"Actual Loops": 8864,"Plans": [{"Node Type": "Index Scan","Parent Relationship": "Outer","Parallel Aware": false,"Async Capable": false,"Scan Direction": "Forward","Index Name": "idx_lineitem_part_supp","Relation Name": "lineitem","Alias": "lineitem","Startup Cost": 0.43,"Total Cost": 8.46,"Plan Rows": 0,"Plan Width": 5,"Actual Startup Time": 0.044,"Actual Total Time": 0.071,"Actual Rows": 1,"Actual Loops": 8864,"Index Cond": "((l_partkey = partsupp.ps_partkey) AND (l_suppkey = partsupp.ps_suppkey))","Rows Removed by Index Recheck": 0,"Filter": "((l_shipdate >= '1994-01-01'::date) AND (l_shipdate < '1995-01-01 00:00:00'::timestamp without time zone))","Rows Removed by Filter": 6}]}]}]}]}]}]},"Planning Time": 6.182,"Triggers": [],"Execution Time": 922.546}]
[{"Plan": {"Node Type": "Sort","Parallel Aware": false,"Async Capable": false,"Startup Cost": 88442.96,"Total Cost": 88443.23,"Plan Rows": 108,"Plan Width": 51,"Actual Startup Time": 965.354,"Actual Total Time": 965.400,"Actual Rows": 209,"Actual Loops": 1,"Sort Key": ["supplier.s_name"],"Sort Method": "quicksort","Sort Space Used": 44,"Sort Space Type": "Memory","Plans": [{"Node Type": "Hash Join","Parent Relationship": "Outer","Parallel Aware": false,"Async Capable": false,"Join Type": "Semi","Startup Cost": 88199.59,"Total Cost": 88439.31,"Plan Rows": 108,"Plan Width": 51,"Actual Startup Time": 960.568,"Actual Total Time": 965.012,"Actual Rows": 209,"Actual Loops": 1,"Inner Unique": false,"Hash Cond": "(supplier.s_suppkey = partsupp.ps_suppkey)","Plans": [{"Node Type": "Nested Loop","Parent Relationship": "Outer","Parallel Aware": false,"Async Capable": false,"Join Type": "Inner","Startup Cost": 7.38,"Total Cost": 244.58,"Plan Rows": 400,"Plan Width": 55,"Actual Startup Time": 0.292,"Actual Total Time": 4.647,"Actual Rows": 438,"Actual Loops": 1,"Inner Unique": false,"Plans": [{"Node Type": "Seq Scan","Parent Relationship": "Outer","Parallel Aware": false,"Async Capable": false,"Relation Name": "nation","Alias": "nation","Startup Cost": 0.00,"Total Cost": 1.31,"Plan Rows": 1,"Plan Width": 4,"Actual Startup Time": 0.074,"Actual Total Time": 0.107,"Actual Rows": 1,"Actual Loops": 1,"Filter": "(n_name = 'IRAQ'::bpchar)","Rows Removed by Filter": 24},{"Node Type": "Bitmap Heap Scan","Parent Relationship": "Inner","Parallel Aware": false,"Async Capable": false,"Relation Name": "supplier","Alias": "supplier","Startup Cost": 7.38,"Total Cost": 239.27,"Plan Rows": 400,"Plan Width": 59,"Actual Startup Time": 0.210,"Actual Total Time": 4.470,"Actual Rows": 438,"Actual Loops": 1,"Recheck Cond": "(s_nationkey = nation.n_nationkey)","Rows Removed by Index Recheck": 0,"Exact Heap Blocks": 194,"Lossy Heap Blocks": 0,"Plans": [{"Node Type": "Bitmap Index Scan","Parent Relationship": "Outer","Parallel Aware": false,"Async Capable": false,"Index Name": "idx_supplier_nation_key","Startup Cost": 0.00,"Total Cost": 7.29,"Plan Rows": 400,"Plan Width": 0,"Actual Startup Time": 0.142,"Actual Total Time": 0.148,"Actual Rows": 438,"Actual Loops": 1,"Index Cond": "(s_nationkey = nation.n_nationkey)"}]}]},{"Node Type": "Hash","Parent Relationship": "Inner","Parallel Aware": false,"Async Capable": false,"Startup Cost": 88158.53,"Total Cost": 88158.53,"Plan Rows": 2694,"Plan Width": 4,"Actual Startup Time": 960.168,"Actual Total Time": 960.181,"Actual Rows": 5892,"Actual Loops": 1,"Hash Buckets": 8192,"Original Hash Buckets": 4096,"Hash Batches": 1,"Original Hash Batches": 1,"Peak Memory Usage": 272,"Plans": [{"Node Type": "Nested Loop","Parent Relationship": "Outer","Parallel Aware": false,"Async Capable": false,"Join Type": "Inner","Startup Cost": 0.42,"Total Cost": 88158.53,"Plan Rows": 2694,"Plan Width": 4,"Actual Startup Time": 0.443,"Actual Total Time": 955.629,"Actual Rows": 5892,"Actual Loops": 1,"Inner Unique": false,"Plans": [{"Node Type": "Seq Scan","Parent Relationship": "Outer","Parallel Aware": false,"Async Capable": false,"Relation Name": "part","Alias": "part","Startup Cost": 0.00,"Total Cost": 6597.00,"Plan Rows": 2020,"Plan Width": 4,"Actual Startup Time": 0.160,"Actual Total Time": 180.859,"Actual Rows": 2154,"Actual Loops": 1,"Filter": "((p_name)::text ~~ 'azure%'::text)","Rows Removed by Filter": 197846},{"Node Type": "Index Scan","Parent Relationship": "Inner","Parallel Aware": false,"Async Capable": false,"Scan Direction": "Forward","Index Name": "idx_partsupp_partkey","Relation Name": "partsupp","Alias": "partsupp","Startup Cost": 0.42,"Total Cost": 40.36,"Plan Rows": 1,"Plan Width": 8,"Actual Startup Time": 0.150,"Actual Total Time": 0.359,"Actual Rows": 3,"Actual Loops": 2154,"Index Cond": "(ps_partkey = part.p_partkey)","Rows Removed by Index Recheck": 0,"Filter": "((ps_availqty)::numeric > (SubPlan 1))","Rows Removed by Filter": 1,"Plans": [{"Node Type": "Aggregate","Strategy": "Plain","Partial Mode": "Simple","Parent Relationship": "SubPlan","Subplan Name": "SubPlan 1","Parallel Aware": false,"Async Capable": false,"Startup Cost": 8.46,"Total Cost": 8.47,"Plan Rows": 1,"Plan Width": 32,"Actual Startup Time": 0.082,"Actual Total Time": 0.082,"Actual Rows": 1,"Actual Loops": 8616,"Plans": [{"Node Type": "Index Scan","Parent Relationship": "Outer","Parallel Aware": false,"Async Capable": false,"Scan Direction": "Forward","Index Name": "idx_lineitem_part_supp","Relation Name": "lineitem","Alias": "lineitem","Startup Cost": 0.43,"Total Cost": 8.46,"Plan Rows": 0,"Plan Width": 5,"Actual Startup Time": 0.049,"Actual Total Time": 0.081,"Actual Rows": 1,"Actual Loops": 8616,"Index Cond": "((l_partkey = partsupp.ps_partkey) AND (l_suppkey = partsupp.ps_suppkey))","Rows Removed by Index Recheck": 0,"Filter": "((l_shipdate >= '1993-01-01'::date) AND (l_shipdate < '1994-01-01 00:00:00'::timestamp without time zone))","Rows Removed by Filter": 6}]}]}]}]}]}]},"Planning Time": 5.822,"Triggers": [],"Execution Time": 965.678}]
[{"Plan": {"Node Type": "Sort","Parallel Aware": false,"Async Capable": false,"Startup Cost": 88442.96,"Total Cost": 88443.23,"Plan Rows": 108,"Plan Width": 51,"Actual Startup Time": 905.323,"Actual Total Time": 905.362,"Actual Rows": 181,"Actual Loops": 1,"Sort Key": ["supplier.s_name"],"Sort Method": "quicksort","Sort Space Used": 41,"Sort Space Type": "Memory","Plans": [{"Node Type": "Hash Join","Parent Relationship": "Outer","Parallel Aware": false,"Async Capable": false,"Join Type": "Semi","Startup Cost": 88199.59,"Total Cost": 88439.31,"Plan Rows": 108,"Plan Width": 51,"Actual Startup Time": 901.094,"Actual Total Time": 904.831,"Actual Rows": 181,"Actual Loops": 1,"Inner Unique": false,"Hash Cond": "(supplier.s_suppkey = partsupp.ps_suppkey)","Plans": [{"Node Type": "Nested Loop","Parent Relationship": "Outer","Parallel Aware": false,"Async Capable": false,"Join Type": "Inner","Startup Cost": 7.38,"Total Cost": 244.58,"Plan Rows": 400,"Plan Width": 55,"Actual Startup Time": 0.267,"Actual Total Time": 3.953,"Actual Rows": 406,"Actual Loops": 1,"Inner Unique": false,"Plans": [{"Node Type": "Seq Scan","Parent Relationship": "Outer","Parallel Aware": false,"Async Capable": false,"Relation Name": "nation","Alias": "nation","Startup Cost": 0.00,"Total Cost": 1.31,"Plan Rows": 1,"Plan Width": 4,"Actual Startup Time": 0.066,"Actual Total Time": 0.095,"Actual Rows": 1,"Actual Loops": 1,"Filter": "(n_name = 'MOZAMBIQUE'::bpchar)","Rows Removed by Filter": 24},{"Node Type": "Bitmap Heap Scan","Parent Relationship": "Inner","Parallel Aware": false,"Async Capable": false,"Relation Name": "supplier","Alias": "supplier","Startup Cost": 7.38,"Total Cost": 239.27,"Plan Rows": 400,"Plan Width": 59,"Actual Startup Time": 0.197,"Actual Total Time": 3.807,"Actual Rows": 406,"Actual Loops": 1,"Recheck Cond": "(s_nationkey = nation.n_nationkey)","Rows Removed by Index Recheck": 0,"Exact Heap Blocks": 186,"Lossy Heap Blocks": 0,"Plans": [{"Node Type": "Bitmap Index Scan","Parent Relationship": "Outer","Parallel Aware": false,"Async Capable": false,"Index Name": "idx_supplier_nation_key","Startup Cost": 0.00,"Total Cost": 7.29,"Plan Rows": 400,"Plan Width": 0,"Actual Startup Time": 0.132,"Actual Total Time": 0.138,"Actual Rows": 406,"Actual Loops": 1,"Index Cond": "(s_nationkey = nation.n_nationkey)"}]}]},{"Node Type": "Hash","Parent Relationship": "Inner","Parallel Aware": false,"Async Capable": false,"Startup Cost": 88158.53,"Total Cost": 88158.53,"Plan Rows": 2694,"Plan Width": 4,"Actual Startup Time": 900.739,"Actual Total Time": 900.749,"Actual Rows": 5902,"Actual Loops": 1,"Hash Buckets": 8192,"Original Hash Buckets": 4096,"Hash Batches": 1,"Original Hash Batches": 1,"Peak Memory Usage": 272,"Plans": [{"Node Type": "Nested Loop","Parent Relationship": "Outer","Parallel Aware": false,"Async Capable": false,"Join Type": "Inner","Startup Cost": 0.42,"Total Cost": 88158.53,"Plan Rows": 2694,"Plan Width": 4,"Actual Startup Time": 1.249,"Actual Total Time": 896.420,"Actual Rows": 5902,"Actual Loops": 1,"Inner Unique": false,"Plans": [{"Node Type": "Seq Scan","Parent Relationship": "Outer","Parallel Aware": false,"Async Capable": false,"Relation Name": "part","Alias": "part","Startup Cost": 0.00,"Total Cost": 6597.00,"Plan Rows": 2020,"Plan Width": 4,"Actual Startup Time": 0.116,"Actual Total Time": 196.567,"Actual Rows": 2186,"Actual Loops": 1,"Filter": "((p_name)::text ~~ 'purple%'::text)","Rows Removed by Filter": 197814},{"Node Type": "Index Scan","Parent Relationship": "Inner","Parallel Aware": false,"Async Capable": false,"Scan Direction": "Forward","Index Name": "idx_partsupp_partkey","Relation Name": "partsupp","Alias": "partsupp","Startup Cost": 0.42,"Total Cost": 40.36,"Plan Rows": 1,"Plan Width": 8,"Actual Startup Time": 0.134,"Actual Total Time": 0.320,"Actual Rows": 3,"Actual Loops": 2186,"Index Cond": "(ps_partkey = part.p_partkey)","Rows Removed by Index Recheck": 0,"Filter": "((ps_availqty)::numeric > (SubPlan 1))","Rows Removed by Filter": 1,"Plans": [{"Node Type": "Aggregate","Strategy": "Plain","Partial Mode": "Simple","Parent Relationship": "SubPlan","Subplan Name": "SubPlan 1","Parallel Aware": false,"Async Capable": false,"Startup Cost": 8.46,"Total Cost": 8.47,"Plan Rows": 1,"Plan Width": 32,"Actual Startup Time": 0.072,"Actual Total Time": 0.072,"Actual Rows": 1,"Actual Loops": 8744,"Plans": [{"Node Type": "Index Scan","Parent Relationship": "Outer","Parallel Aware": false,"Async Capable": false,"Scan Direction": "Forward","Index Name": "idx_lineitem_part_supp","Relation Name": "lineitem","Alias": "lineitem","Startup Cost": 0.43,"Total Cost": 8.46,"Plan Rows": 0,"Plan Width": 5,"Actual Startup Time": 0.043,"Actual Total Time": 0.071,"Actual Rows": 1,"Actual Loops": 8744,"Index Cond": "((l_partkey = partsupp.ps_partkey) AND (l_suppkey = partsupp.ps_suppkey))","Rows Removed by Index Recheck": 0,"Filter": "((l_shipdate >= '1993-01-01'::date) AND (l_shipdate < '1994-01-01 00:00:00'::timestamp without time zone))","Rows Removed by Filter": 6}]}]}]}]}]}]},"Planning Time": 7.314,"Triggers": [],"Execution Time": 905.593}]
[{"Plan": {"Node Type": "Sort","Parallel Aware": false,"Async Capable": false,"Startup Cost": 88442.96,"Total Cost": 88443.23,"Plan Rows": 108,"Plan Width": 51,"Actual Startup Time": 978.070,"Actual Total Time": 978.102,"Actual Rows": 177,"Actual Loops": 1,"Sort Key": ["supplier.s_name"],"Sort Method": "quicksort","Sort Space Used": 41,"Sort Space Type": "Memory","Plans": [{"Node Type": "Hash Join","Parent Relationship": "Outer","Parallel Aware": false,"Async Capable": false,"Join Type": "Semi","Startup Cost": 88199.59,"Total Cost": 88439.31,"Plan Rows": 108,"Plan Width": 51,"Actual Startup Time": 973.621,"Actual Total Time": 977.750,"Actual Rows": 177,"Actual Loops": 1,"Inner Unique": false,"Hash Cond": "(supplier.s_suppkey = partsupp.ps_suppkey)","Plans": [{"Node Type": "Nested Loop","Parent Relationship": "Outer","Parallel Aware": false,"Async Capable": false,"Join Type": "Inner","Startup Cost": 7.38,"Total Cost": 244.58,"Plan Rows": 400,"Plan Width": 55,"Actual Startup Time": 0.272,"Actual Total Time": 4.340,"Actual Rows": 397,"Actual Loops": 1,"Inner Unique": false,"Plans": [{"Node Type": "Seq Scan","Parent Relationship": "Outer","Parallel Aware": false,"Async Capable": false,"Relation Name": "nation","Alias": "nation","Startup Cost": 0.00,"Total Cost": 1.31,"Plan Rows": 1,"Plan Width": 4,"Actual Startup Time": 0.075,"Actual Total Time": 0.096,"Actual Rows": 1,"Actual Loops": 1,"Filter": "(n_name = 'BRAZIL'::bpchar)","Rows Removed by Filter": 24},{"Node Type": "Bitmap Heap Scan","Parent Relationship": "Inner","Parallel Aware": false,"Async Capable": false,"Relation Name": "supplier","Alias": "supplier","Startup Cost": 7.38,"Total Cost": 239.27,"Plan Rows": 400,"Plan Width": 59,"Actual Startup Time": 0.188,"Actual Total Time": 4.173,"Actual Rows": 397,"Actual Loops": 1,"Recheck Cond": "(s_nationkey = nation.n_nationkey)","Rows Removed by Index Recheck": 0,"Exact Heap Blocks": 187,"Lossy Heap Blocks": 0,"Plans": [{"Node Type": "Bitmap Index Scan","Parent Relationship": "Outer","Parallel Aware": false,"Async Capable": false,"Index Name": "idx_supplier_nation_key","Startup Cost": 0.00,"Total Cost": 7.29,"Plan Rows": 400,"Plan Width": 0,"Actual Startup Time": 0.120,"Actual Total Time": 0.124,"Actual Rows": 397,"Actual Loops": 1,"Index Cond": "(s_nationkey = nation.n_nationkey)"}]}]},{"Node Type": "Hash","Parent Relationship": "Inner","Parallel Aware": false,"Async Capable": false,"Startup Cost": 88158.53,"Total Cost": 88158.53,"Plan Rows": 2694,"Plan Width": 4,"Actual Startup Time": 973.234,"Actual Total Time": 973.240,"Actual Rows": 5941,"Actual Loops": 1,"Hash Buckets": 8192,"Original Hash Buckets": 4096,"Hash Batches": 1,"Original Hash Batches": 1,"Peak Memory Usage": 273,"Plans": [{"Node Type": "Nested Loop","Parent Relationship": "Outer","Parallel Aware": false,"Async Capable": false,"Join Type": "Inner","Startup Cost": 0.42,"Total Cost": 88158.53,"Plan Rows": 2694,"Plan Width": 4,"Actual Startup Time": 0.860,"Actual Total Time": 968.783,"Actual Rows": 5941,"Actual Loops": 1,"Inner Unique": false,"Plans": [{"Node Type": "Seq Scan","Parent Relationship": "Outer","Parallel Aware": false,"Async Capable": false,"Relation Name": "part","Alias": "part","Startup Cost": 0.00,"Total Cost": 6597.00,"Plan Rows": 2020,"Plan Width": 4,"Actual Startup Time": 0.254,"Actual Total Time": 180.506,"Actual Rows": 2193,"Actual Loops": 1,"Filter": "((p_name)::text ~~ 'puff%'::text)","Rows Removed by Filter": 197807},{"Node Type": "Index Scan","Parent Relationship": "Inner","Parallel Aware": false,"Async Capable": false,"Scan Direction": "Forward","Index Name": "idx_partsupp_partkey","Relation Name": "partsupp","Alias": "partsupp","Startup Cost": 0.42,"Total Cost": 40.36,"Plan Rows": 1,"Plan Width": 8,"Actual Startup Time": 0.151,"Actual Total Time": 0.359,"Actual Rows": 3,"Actual Loops": 2193,"Index Cond": "(ps_partkey = part.p_partkey)","Rows Removed by Index Recheck": 0,"Filter": "((ps_availqty)::numeric > (SubPlan 1))","Rows Removed by Filter": 1,"Plans": [{"Node Type": "Aggregate","Strategy": "Plain","Partial Mode": "Simple","Parent Relationship": "SubPlan","Subplan Name": "SubPlan 1","Parallel Aware": false,"Async Capable": false,"Startup Cost": 8.46,"Total Cost": 8.47,"Plan Rows": 1,"Plan Width": 32,"Actual Startup Time": 0.082,"Actual Total Time": 0.082,"Actual Rows": 1,"Actual Loops": 8772,"Plans": [{"Node Type": "Index Scan","Parent Relationship": "Outer","Parallel Aware": false,"Async Capable": false,"Scan Direction": "Forward","Index Name": "idx_lineitem_part_supp","Relation Name": "lineitem","Alias": "lineitem","Startup Cost": 0.43,"Total Cost": 8.46,"Plan Rows": 0,"Plan Width": 5,"Actual Startup Time": 0.050,"Actual Total Time": 0.081,"Actual Rows": 1,"Actual Loops": 8772,"Index Cond": "((l_partkey = partsupp.ps_partkey) AND (l_suppkey = partsupp.ps_suppkey))","Rows Removed by Index Recheck": 0,"Filter": "((l_shipdate >= '1993-01-01'::date) AND (l_shipdate < '1994-01-01 00:00:00'::timestamp without time zone))","Rows Removed by Filter": 6}]}]}]}]}]}]},"Planning Time": 6.923,"Triggers": [],"Execution Time": 978.344}]
[{"Plan": {"Node Type": "Sort","Parallel Aware": false,"Async Capable": false,"Startup Cost": 88442.96,"Total Cost": 88443.23,"Plan Rows": 108,"Plan Width": 51,"Actual Startup Time": 959.723,"Actual Total Time": 959.766,"Actual Rows": 173,"Actual Loops": 1,"Sort Key": ["supplier.s_name"],"Sort Method": "quicksort","Sort Space Used": 41,"Sort Space Type": "Memory","Plans": [{"Node Type": "Hash Join","Parent Relationship": "Outer","Parallel Aware": false,"Async Capable": false,"Join Type": "Semi","Startup Cost": 88199.59,"Total Cost": 88439.31,"Plan Rows": 108,"Plan Width": 51,"Actual Startup Time": 955.330,"Actual Total Time": 959.410,"Actual Rows": 173,"Actual Loops": 1,"Inner Unique": false,"Hash Cond": "(supplier.s_suppkey = partsupp.ps_suppkey)","Plans": [{"Node Type": "Nested Loop","Parent Relationship": "Outer","Parallel Aware": false,"Async Capable": false,"Join Type": "Inner","Startup Cost": 7.38,"Total Cost": 244.58,"Plan Rows": 400,"Plan Width": 55,"Actual Startup Time": 0.300,"Actual Total Time": 4.318,"Actual Rows": 405,"Actual Loops": 1,"Inner Unique": false,"Plans": [{"Node Type": "Seq Scan","Parent Relationship": "Outer","Parallel Aware": false,"Async Capable": false,"Relation Name": "nation","Alias": "nation","Startup Cost": 0.00,"Total Cost": 1.31,"Plan Rows": 1,"Plan Width": 4,"Actual Startup Time": 0.078,"Actual Total Time": 0.111,"Actual Rows": 1,"Actual Loops": 1,"Filter": "(n_name = 'INDONESIA'::bpchar)","Rows Removed by Filter": 24},{"Node Type": "Bitmap Heap Scan","Parent Relationship": "Inner","Parallel Aware": false,"Async Capable": false,"Relation Name": "supplier","Alias": "supplier","Startup Cost": 7.38,"Total Cost": 239.27,"Plan Rows": 400,"Plan Width": 59,"Actual Startup Time": 0.215,"Actual Total Time": 4.139,"Actual Rows": 405,"Actual Loops": 1,"Recheck Cond": "(s_nationkey = nation.n_nationkey)","Rows Removed by Index Recheck": 0,"Exact Heap Blocks": 192,"Lossy Heap Blocks": 0,"Plans": [{"Node Type": "Bitmap Index Scan","Parent Relationship": "Outer","Parallel Aware": false,"Async Capable": false,"Index Name": "idx_supplier_nation_key","Startup Cost": 0.00,"Total Cost": 7.29,"Plan Rows": 400,"Plan Width": 0,"Actual Startup Time": 0.140,"Actual Total Time": 0.145,"Actual Rows": 405,"Actual Loops": 1,"Index Cond": "(s_nationkey = nation.n_nationkey)"}]}]},{"Node Type": "Hash","Parent Relationship": "Inner","Parallel Aware": false,"Async Capable": false,"Startup Cost": 88158.53,"Total Cost": 88158.53,"Plan Rows": 2694,"Plan Width": 4,"Actual Startup Time": 954.930,"Actual Total Time": 954.943,"Actual Rows": 5798,"Actual Loops": 1,"Hash Buckets": 8192,"Original Hash Buckets": 4096,"Hash Batches": 1,"Original Hash Batches": 1,"Peak Memory Usage": 268,"Plans": [{"Node Type": "Nested Loop","Parent Relationship": "Outer","Parallel Aware": false,"Async Capable": false,"Join Type": "Inner","Startup Cost": 0.42,"Total Cost": 88158.53,"Plan Rows": 2694,"Plan Width": 4,"Actual Startup Time": 0.587,"Actual Total Time": 950.776,"Actual Rows": 5798,"Actual Loops": 1,"Inner Unique": false,"Plans": [{"Node Type": "Seq Scan","Parent Relationship": "Outer","Parallel Aware": false,"Async Capable": false,"Relation Name": "part","Alias": "part","Startup Cost": 0.00,"Total Cost": 6597.00,"Plan Rows": 2020,"Plan Width": 4,"Actual Startup Time": 0.068,"Actual Total Time": 178.647,"Actual Rows": 2144,"Actual Loops": 1,"Filter": "((p_name)::text ~~ 'green%'::text)","Rows Removed by Filter": 197856},{"Node Type": "Index Scan","Parent Relationship": "Inner","Parallel Aware": false,"Async Capable": false,"Scan Direction": "Forward","Index Name": "idx_partsupp_partkey","Relation Name": "partsupp","Alias": "partsupp","Startup Cost": 0.42,"Total Cost": 40.36,"Plan Rows": 1,"Plan Width": 8,"Actual Startup Time": 0.150,"Actual Total Time": 0.360,"Actual Rows": 3,"Actual Loops": 2144,"Index Cond": "(ps_partkey = part.p_partkey)","Rows Removed by Index Recheck": 0,"Filter": "((ps_availqty)::numeric > (SubPlan 1))","Rows Removed by Filter": 1,"Plans": [{"Node Type": "Aggregate","Strategy": "Plain","Partial Mode": "Simple","Parent Relationship": "SubPlan","Subplan Name": "SubPlan 1","Parallel Aware": false,"Async Capable": false,"Startup Cost": 8.46,"Total Cost": 8.47,"Plan Rows": 1,"Plan Width": 32,"Actual Startup Time": 0.082,"Actual Total Time": 0.082,"Actual Rows": 1,"Actual Loops": 8576,"Plans": [{"Node Type": "Index Scan","Parent Relationship": "Outer","Parallel Aware": false,"Async Capable": false,"Scan Direction": "Forward","Index Name": "idx_lineitem_part_supp","Relation Name": "lineitem","Alias": "lineitem","Startup Cost": 0.43,"Total Cost": 8.46,"Plan Rows": 0,"Plan Width": 5,"Actual Startup Time": 0.050,"Actual Total Time": 0.081,"Actual Rows": 1,"Actual Loops": 8576,"Index Cond": "((l_partkey = partsupp.ps_partkey) AND (l_suppkey = partsupp.ps_suppkey))","Rows Removed by Index Recheck": 0,"Filter": "((l_shipdate >= '1993-01-01'::date) AND (l_shipdate < '1994-01-01 00:00:00'::timestamp without time zone))","Rows Removed by Filter": 6}]}]}]}]}]}]},"Planning Time": 6.070,"Triggers": [],"Execution Time": 960.024}]
[{"Plan": {"Node Type": "Sort","Parallel Aware": false,"Async Capable": false,"Startup Cost": 88442.96,"Total Cost": 88443.23,"Plan Rows": 108,"Plan Width": 51,"Actual Startup Time": 914.153,"Actual Total Time": 914.192,"Actual Rows": 170,"Actual Loops": 1,"Sort Key": ["supplier.s_name"],"Sort Method": "quicksort","Sort Space Used": 40,"Sort Space Type": "Memory","Plans": [{"Node Type": "Hash Join","Parent Relationship": "Outer","Parallel Aware": false,"Async Capable": false,"Join Type": "Semi","Startup Cost": 88199.59,"Total Cost": 88439.31,"Plan Rows": 108,"Plan Width": 51,"Actual Startup Time": 909.707,"Actual Total Time": 913.719,"Actual Rows": 170,"Actual Loops": 1,"Inner Unique": false,"Hash Cond": "(supplier.s_suppkey = partsupp.ps_suppkey)","Plans": [{"Node Type": "Nested Loop","Parent Relationship": "Outer","Parallel Aware": false,"Async Capable": false,"Join Type": "Inner","Startup Cost": 7.38,"Total Cost": 244.58,"Plan Rows": 400,"Plan Width": 55,"Actual Startup Time": 0.258,"Actual Total Time": 4.152,"Actual Rows": 398,"Actual Loops": 1,"Inner Unique": false,"Plans": [{"Node Type": "Seq Scan","Parent Relationship": "Outer","Parallel Aware": false,"Async Capable": false,"Relation Name": "nation","Alias": "nation","Startup Cost": 0.00,"Total Cost": 1.31,"Plan Rows": 1,"Plan Width": 4,"Actual Startup Time": 0.073,"Actual Total Time": 0.095,"Actual Rows": 1,"Actual Loops": 1,"Filter": "(n_name = 'ROMANIA'::bpchar)","Rows Removed by Filter": 24},{"Node Type": "Bitmap Heap Scan","Parent Relationship": "Inner","Parallel Aware": false,"Async Capable": false,"Relation Name": "supplier","Alias": "supplier","Startup Cost": 7.38,"Total Cost": 239.27,"Plan Rows": 400,"Plan Width": 59,"Actual Startup Time": 0.178,"Actual Total Time": 3.987,"Actual Rows": 398,"Actual Loops": 1,"Recheck Cond": "(s_nationkey = nation.n_nationkey)","Rows Removed by Index Recheck": 0,"Exact Heap Blocks": 186,"Lossy Heap Blocks": 0,"Plans": [{"Node Type": "Bitmap Index Scan","Parent Relationship": "Outer","Parallel Aware": false,"Async Capable": false,"Index Name": "idx_supplier_nation_key","Startup Cost": 0.00,"Total Cost": 7.29,"Plan Rows": 400,"Plan Width": 0,"Actual Startup Time": 0.112,"Actual Total Time": 0.114,"Actual Rows": 398,"Actual Loops": 1,"Index Cond": "(s_nationkey = nation.n_nationkey)"}]}]},{"Node Type": "Hash","Parent Relationship": "Inner","Parallel Aware": false,"Async Capable": false,"Startup Cost": 88158.53,"Total Cost": 88158.53,"Plan Rows": 2694,"Plan Width": 4,"Actual Startup Time": 909.362,"Actual Total Time": 909.375,"Actual Rows": 6012,"Actual Loops": 1,"Hash Buckets": 8192,"Original Hash Buckets": 4096,"Hash Batches": 1,"Original Hash Batches": 1,"Peak Memory Usage": 276,"Plans": [{"Node Type": "Nested Loop","Parent Relationship": "Outer","Parallel Aware": false,"Async Capable": false,"Join Type": "Inner","Startup Cost": 0.42,"Total Cost": 88158.53,"Plan Rows": 2694,"Plan Width": 4,"Actual Startup Time": 1.262,"Actual Total Time": 904.844,"Actual Rows": 6012,"Actual Loops": 1,"Inner Unique": false,"Plans": [{"Node Type": "Seq Scan","Parent Relationship": "Outer","Parallel Aware": false,"Async Capable": false,"Relation Name": "part","Alias": "part","Startup Cost": 0.00,"Total Cost": 6597.00,"Plan Rows": 2020,"Plan Width": 4,"Actual Startup Time": 0.310,"Actual Total Time": 198.601,"Actual Rows": 2204,"Actual Loops": 1,"Filter": "((p_name)::text ~~ 'red%'::text)","Rows Removed by Filter": 197796},{"Node Type": "Index Scan","Parent Relationship": "Inner","Parallel Aware": false,"Async Capable": false,"Scan Direction": "Forward","Index Name": "idx_partsupp_partkey","Relation Name": "partsupp","Alias": "partsupp","Startup Cost": 0.42,"Total Cost": 40.36,"Plan Rows": 1,"Plan Width": 8,"Actual Startup Time": 0.134,"Actual Total Time": 0.320,"Actual Rows": 3,"Actual Loops": 2204,"Index Cond": "(ps_partkey = part.p_partkey)","Rows Removed by Index Recheck": 0,"Filter": "((ps_availqty)::numeric > (SubPlan 1))","Rows Removed by Filter": 1,"Plans": [{"Node Type": "Aggregate","Strategy": "Plain","Partial Mode": "Simple","Parent Relationship": "SubPlan","Subplan Name": "SubPlan 1","Parallel Aware": false,"Async Capable": false,"Startup Cost": 8.46,"Total Cost": 8.47,"Plan Rows": 1,"Plan Width": 32,"Actual Startup Time": 0.072,"Actual Total Time": 0.072,"Actual Rows": 1,"Actual Loops": 8816,"Plans": [{"Node Type": "Index Scan","Parent Relationship": "Outer","Parallel Aware": false,"Async Capable": false,"Scan Direction": "Forward","Index Name": "idx_lineitem_part_supp","Relation Name": "lineitem","Alias": "lineitem","Startup Cost": 0.43,"Total Cost": 8.46,"Plan Rows": 0,"Plan Width": 5,"Actual Startup Time": 0.044,"Actual Total Time": 0.071,"Actual Rows": 1,"Actual Loops": 8816,"Index Cond": "((l_partkey = partsupp.ps_partkey) AND (l_suppkey = partsupp.ps_suppkey))","Rows Removed by Index Recheck": 0,"Filter": "((l_shipdate >= '1995-01-01'::date) AND (l_shipdate < '1996-01-01 00:00:00'::timestamp without time zone))","Rows Removed by Filter": 6}]}]}]}]}]}]},"Planning Time": 5.779,"Triggers": [],"Execution Time": 914.457}]
[{"Plan": {"Node Type": "Sort","Parallel Aware": false,"Async Capable": false,"Startup Cost": 88442.96,"Total Cost": 88443.23,"Plan Rows": 108,"Plan Width": 51,"Actual Startup Time": 924.980,"Actual Total Time": 925.016,"Actual Rows": 207,"Actual Loops": 1,"Sort Key": ["supplier.s_name"],"Sort Method": "quicksort","Sort Space Used": 44,"Sort Space Type": "Memory","Plans": [{"Node Type": "Hash Join","Parent Relationship": "Outer","Parallel Aware": false,"Async Capable": false,"Join Type": "Semi","Startup Cost": 88199.59,"Total Cost": 88439.31,"Plan Rows": 108,"Plan Width": 51,"Actual Startup Time": 920.450,"Actual Total Time": 924.404,"Actual Rows": 207,"Actual Loops": 1,"Inner Unique": false,"Hash Cond": "(supplier.s_suppkey = partsupp.ps_suppkey)","Plans": [{"Node Type": "Nested Loop","Parent Relationship": "Outer","Parallel Aware": false,"Async Capable": false,"Join Type": "Inner","Startup Cost": 7.38,"Total Cost": 244.58,"Plan Rows": 400,"Plan Width": 55,"Actual Startup Time": 0.246,"Actual Total Time": 4.133,"Actual Rows": 415,"Actual Loops": 1,"Inner Unique": false,"Plans": [{"Node Type": "Seq Scan","Parent Relationship": "Outer","Parallel Aware": false,"Async Capable": false,"Relation Name": "nation","Alias": "nation","Startup Cost": 0.00,"Total Cost": 1.31,"Plan Rows": 1,"Plan Width": 4,"Actual Startup Time": 0.064,"Actual Total Time": 0.099,"Actual Rows": 1,"Actual Loops": 1,"Filter": "(n_name = 'EGYPT'::bpchar)","Rows Removed by Filter": 24},{"Node Type": "Bitmap Heap Scan","Parent Relationship": "Inner","Parallel Aware": false,"Async Capable": false,"Relation Name": "supplier","Alias": "supplier","Startup Cost": 7.38,"Total Cost": 239.27,"Plan Rows": 400,"Plan Width": 59,"Actual Startup Time": 0.177,"Actual Total Time": 3.973,"Actual Rows": 415,"Actual Loops": 1,"Recheck Cond": "(s_nationkey = nation.n_nationkey)","Rows Removed by Index Recheck": 0,"Exact Heap Blocks": 183,"Lossy Heap Blocks": 0,"Plans": [{"Node Type": "Bitmap Index Scan","Parent Relationship": "Outer","Parallel Aware": false,"Async Capable": false,"Index Name": "idx_supplier_nation_key","Startup Cost": 0.00,"Total Cost": 7.29,"Plan Rows": 400,"Plan Width": 0,"Actual Startup Time": 0.106,"Actual Total Time": 0.112,"Actual Rows": 415,"Actual Loops": 1,"Index Cond": "(s_nationkey = nation.n_nationkey)"}]}]},{"Node Type": "Hash","Parent Relationship": "Inner","Parallel Aware": false,"Async Capable": false,"Startup Cost": 88158.53,"Total Cost": 88158.53,"Plan Rows": 2694,"Plan Width": 4,"Actual Startup Time": 920.114,"Actual Total Time": 920.122,"Actual Rows": 6054,"Actual Loops": 1,"Hash Buckets": 8192,"Original Hash Buckets": 4096,"Hash Batches": 1,"Original Hash Batches": 1,"Peak Memory Usage": 277,"Plans": [{"Node Type": "Nested Loop","Parent Relationship": "Outer","Parallel Aware": false,"Async Capable": false,"Join Type": "Inner","Startup Cost": 0.42,"Total Cost": 88158.53,"Plan Rows": 2694,"Plan Width": 4,"Actual Startup Time": 0.451,"Actual Total Time": 914.958,"Actual Rows": 6054,"Actual Loops": 1,"Inner Unique": false,"Plans": [{"Node Type": "Seq Scan","Parent Relationship": "Outer","Parallel Aware": false,"Async Capable": false,"Relation Name": "part","Alias": "part","Startup Cost": 0.00,"Total Cost": 6597.00,"Plan Rows": 2020,"Plan Width": 4,"Actual Startup Time": 0.063,"Actual Total Time": 201.327,"Actual Rows": 2235,"Actual Loops": 1,"Filter": "((p_name)::text ~~ 'seashell%'::text)","Rows Removed by Filter": 197765},{"Node Type": "Index Scan","Parent Relationship": "Inner","Parallel Aware": false,"Async Capable": false,"Scan Direction": "Forward","Index Name": "idx_partsupp_partkey","Relation Name": "partsupp","Alias": "partsupp","Startup Cost": 0.42,"Total Cost": 40.36,"Plan Rows": 1,"Plan Width": 8,"Actual Startup Time": 0.133,"Actual Total Time": 0.319,"Actual Rows": 3,"Actual Loops": 2235,"Index Cond": "(ps_partkey = part.p_partkey)","Rows Removed by Index Recheck": 0,"Filter": "((ps_availqty)::numeric > (SubPlan 1))","Rows Removed by Filter": 1,"Plans": [{"Node Type": "Aggregate","Strategy": "Plain","Partial Mode": "Simple","Parent Relationship": "SubPlan","Subplan Name": "SubPlan 1","Parallel Aware": false,"Async Capable": false,"Startup Cost": 8.46,"Total Cost": 8.47,"Plan Rows": 1,"Plan Width": 32,"Actual Startup Time": 0.071,"Actual Total Time": 0.071,"Actual Rows": 1,"Actual Loops": 8940,"Plans": [{"Node Type": "Index Scan","Parent Relationship": "Outer","Parallel Aware": false,"Async Capable": false,"Scan Direction": "Forward","Index Name": "idx_lineitem_part_supp","Relation Name": "lineitem","Alias": "lineitem","Startup Cost": 0.43,"Total Cost": 8.46,"Plan Rows": 0,"Plan Width": 5,"Actual Startup Time": 0.044,"Actual Total Time": 0.071,"Actual Rows": 1,"Actual Loops": 8940,"Index Cond": "((l_partkey = partsupp.ps_partkey) AND (l_suppkey = partsupp.ps_suppkey))","Rows Removed by Index Recheck": 0,"Filter": "((l_shipdate >= '1993-01-01'::date) AND (l_shipdate < '1994-01-01 00:00:00'::timestamp without time zone))","Rows Removed by Filter": 6}]}]}]}]}]}]},"Planning Time": 5.726,"Triggers": [],"Execution Time": 925.274}]
[{"Plan": {"Node Type": "Sort","Parallel Aware": false,"Async Capable": false,"Startup Cost": 88442.96,"Total Cost": 88443.23,"Plan Rows": 108,"Plan Width": 51,"Actual Startup Time": 976.203,"Actual Total Time": 976.236,"Actual Rows": 180,"Actual Loops": 1,"Sort Key": ["supplier.s_name"],"Sort Method": "quicksort","Sort Space Used": 41,"Sort Space Type": "Memory","Plans": [{"Node Type": "Hash Join","Parent Relationship": "Outer","Parallel Aware": false,"Async Capable": false,"Join Type": "Semi","Startup Cost": 88199.59,"Total Cost": 88439.31,"Plan Rows": 108,"Plan Width": 51,"Actual Startup Time": 971.848,"Actual Total Time": 975.877,"Actual Rows": 180,"Actual Loops": 1,"Inner Unique": false,"Hash Cond": "(supplier.s_suppkey = partsupp.ps_suppkey)","Plans": [{"Node Type": "Nested Loop","Parent Relationship": "Outer","Parallel Aware": false,"Async Capable": false,"Join Type": "Inner","Startup Cost": 7.38,"Total Cost": 244.58,"Plan Rows": 400,"Plan Width": 55,"Actual Startup Time": 0.269,"Actual Total Time": 4.189,"Actual Rows": 421,"Actual Loops": 1,"Inner Unique": false,"Plans": [{"Node Type": "Seq Scan","Parent Relationship": "Outer","Parallel Aware": false,"Async Capable": false,"Relation Name": "nation","Alias": "nation","Startup Cost": 0.00,"Total Cost": 1.31,"Plan Rows": 1,"Plan Width": 4,"Actual Startup Time": 0.067,"Actual Total Time": 0.082,"Actual Rows": 1,"Actual Loops": 1,"Filter": "(n_name = 'PERU'::bpchar)","Rows Removed by Filter": 24},{"Node Type": "Bitmap Heap Scan","Parent Relationship": "Inner","Parallel Aware": false,"Async Capable": false,"Relation Name": "supplier","Alias": "supplier","Startup Cost": 7.38,"Total Cost": 239.27,"Plan Rows": 400,"Plan Width": 59,"Actual Startup Time": 0.193,"Actual Total Time": 4.039,"Actual Rows": 421,"Actual Loops": 1,"Recheck Cond": "(s_nationkey = nation.n_nationkey)","Rows Removed by Index Recheck": 0,"Exact Heap Blocks": 187,"Lossy Heap Blocks": 0,"Plans": [{"Node Type": "Bitmap Index Scan","Parent Relationship": "Outer","Parallel Aware": false,"Async Capable": false,"Index Name": "idx_supplier_nation_key","Startup Cost": 0.00,"Total Cost": 7.29,"Plan Rows": 400,"Plan Width": 0,"Actual Startup Time": 0.141,"Actual Total Time": 0.144,"Actual Rows": 421,"Actual Loops": 1,"Index Cond": "(s_nationkey = nation.n_nationkey)"}]}]},{"Node Type": "Hash","Parent Relationship": "Inner","Parallel Aware": false,"Async Capable": false,"Startup Cost": 88158.53,"Total Cost": 88158.53,"Plan Rows": 2694,"Plan Width": 4,"Actual Startup Time": 971.481,"Actual Total Time": 971.486,"Actual Rows": 5927,"Actual Loops": 1,"Hash Buckets": 8192,"Original Hash Buckets": 4096,"Hash Batches": 1,"Original Hash Batches": 1,"Peak Memory Usage": 273,"Plans": [{"Node Type": "Nested Loop","Parent Relationship": "Outer","Parallel Aware": false,"Async Capable": false,"Join Type": "Inner","Startup Cost": 0.42,"Total Cost": 88158.53,"Plan Rows": 2694,"Plan Width": 4,"Actual Startup Time": 0.559,"Actual Total Time": 967.447,"Actual Rows": 5927,"Actual Loops": 1,"Inner Unique": false,"Plans": [{"Node Type": "Seq Scan","Parent Relationship": "Outer","Parallel Aware": false,"Async Capable": false,"Relation Name": "part","Alias": "part","Startup Cost": 0.00,"Total Cost": 6597.00,"Plan Rows": 2020,"Plan Width": 4,"Actual Startup Time": 0.216,"Actual Total Time": 181.671,"Actual Rows": 2187,"Actual Loops": 1,"Filter": "((p_name)::text ~~ 'olive%'::text)","Rows Removed by Filter": 197813},{"Node Type": "Index Scan","Parent Relationship": "Inner","Parallel Aware": false,"Async Capable": false,"Scan Direction": "Forward","Index Name": "idx_partsupp_partkey","Relation Name": "partsupp","Alias": "partsupp","Startup Cost": 0.42,"Total Cost": 40.36,"Plan Rows": 1,"Plan Width": 8,"Actual Startup Time": 0.148,"Actual Total Time": 0.359,"Actual Rows": 3,"Actual Loops": 2187,"Index Cond": "(ps_partkey = part.p_partkey)","Rows Removed by Index Recheck": 0,"Filter": "((ps_availqty)::numeric > (SubPlan 1))","Rows Removed by Filter": 1,"Plans": [{"Node Type": "Aggregate","Strategy": "Plain","Partial Mode": "Simple","Parent Relationship": "SubPlan","Subplan Name": "SubPlan 1","Parallel Aware": false,"Async Capable": false,"Startup Cost": 8.46,"Total Cost": 8.47,"Plan Rows": 1,"Plan Width": 32,"Actual Startup Time": 0.082,"Actual Total Time": 0.082,"Actual Rows": 1,"Actual Loops": 8748,"Plans": [{"Node Type": "Index Scan","Parent Relationship": "Outer","Parallel Aware": false,"Async Capable": false,"Scan Direction": "Forward","Index Name": "idx_lineitem_part_supp","Relation Name": "lineitem","Alias": "lineitem","Startup Cost": 0.43,"Total Cost": 8.46,"Plan Rows": 0,"Plan Width": 5,"Actual Startup Time": 0.049,"Actual Total Time": 0.081,"Actual Rows": 1,"Actual Loops": 8748,"Index Cond": "((l_partkey = partsupp.ps_partkey) AND (l_suppkey = partsupp.ps_suppkey))","Rows Removed by Index Recheck": 0,"Filter": "((l_shipdate >= '1993-01-01'::date) AND (l_shipdate < '1994-01-01 00:00:00'::timestamp without time zone))","Rows Removed by Filter": 6}]}]}]}]}]}]},"Planning Time": 7.380,"Triggers": [],"Execution Time": 976.455}]
[{"Plan": {"Node Type": "Sort","Parallel Aware": false,"Async Capable": false,"Startup Cost": 88442.96,"Total Cost": 88443.23,"Plan Rows": 108,"Plan Width": 51,"Actual Startup Time": 911.030,"Actual Total Time": 911.071,"Actual Rows": 185,"Actual Loops": 1,"Sort Key": ["supplier.s_name"],"Sort Method": "quicksort","Sort Space Used": 42,"Sort Space Type": "Memory","Plans": [{"Node Type": "Hash Join","Parent Relationship": "Outer","Parallel Aware": false,"Async Capable": false,"Join Type": "Semi","Startup Cost": 88199.59,"Total Cost": 88439.31,"Plan Rows": 108,"Plan Width": 51,"Actual Startup Time": 907.165,"Actual Total Time": 910.709,"Actual Rows": 185,"Actual Loops": 1,"Inner Unique": false,"Hash Cond": "(supplier.s_suppkey = partsupp.ps_suppkey)","Plans": [{"Node Type": "Nested Loop","Parent Relationship": "Outer","Parallel Aware": false,"Async Capable": false,"Join Type": "Inner","Startup Cost": 7.38,"Total Cost": 244.58,"Plan Rows": 400,"Plan Width": 55,"Actual Startup Time": 0.338,"Actual Total Time": 3.817,"Actual Rows": 398,"Actual Loops": 1,"Inner Unique": false,"Plans": [{"Node Type": "Seq Scan","Parent Relationship": "Outer","Parallel Aware": false,"Async Capable": false,"Relation Name": "nation","Alias": "nation","Startup Cost": 0.00,"Total Cost": 1.31,"Plan Rows": 1,"Plan Width": 4,"Actual Startup Time": 0.081,"Actual Total Time": 0.101,"Actual Rows": 1,"Actual Loops": 1,"Filter": "(n_name = 'ROMANIA'::bpchar)","Rows Removed by Filter": 24},{"Node Type": "Bitmap Heap Scan","Parent Relationship": "Inner","Parallel Aware": false,"Async Capable": false,"Relation Name": "supplier","Alias": "supplier","Startup Cost": 7.38,"Total Cost": 239.27,"Plan Rows": 400,"Plan Width": 59,"Actual Startup Time": 0.251,"Actual Total Time": 3.649,"Actual Rows": 398,"Actual Loops": 1,"Recheck Cond": "(s_nationkey = nation.n_nationkey)","Rows Removed by Index Recheck": 0,"Exact Heap Blocks": 186,"Lossy Heap Blocks": 0,"Plans": [{"Node Type": "Bitmap Index Scan","Parent Relationship": "Outer","Parallel Aware": false,"Async Capable": false,"Index Name": "idx_supplier_nation_key","Startup Cost": 0.00,"Total Cost": 7.29,"Plan Rows": 400,"Plan Width": 0,"Actual Startup Time": 0.158,"Actual Total Time": 0.166,"Actual Rows": 398,"Actual Loops": 1,"Index Cond": "(s_nationkey = nation.n_nationkey)"}]}]},{"Node Type": "Hash","Parent Relationship": "Inner","Parallel Aware": false,"Async Capable": false,"Startup Cost": 88158.53,"Total Cost": 88158.53,"Plan Rows": 2694,"Plan Width": 4,"Actual Startup Time": 906.753,"Actual Total Time": 906.761,"Actual Rows": 6023,"Actual Loops": 1,"Hash Buckets": 8192,"Original Hash Buckets": 4096,"Hash Batches": 1,"Original Hash Batches": 1,"Peak Memory Usage": 276,"Plans": [{"Node Type": "Nested Loop","Parent Relationship": "Outer","Parallel Aware": false,"Async Capable": false,"Join Type": "Inner","Startup Cost": 0.42,"Total Cost": 88158.53,"Plan Rows": 2694,"Plan Width": 4,"Actual Startup Time": 0.745,"Actual Total Time": 901.705,"Actual Rows": 6023,"Actual Loops": 1,"Inner Unique": false,"Plans": [{"Node Type": "Seq Scan","Parent Relationship": "Outer","Parallel Aware": false,"Async Capable": false,"Relation Name": "part","Alias": "part","Startup Cost": 0.00,"Total Cost": 6597.00,"Plan Rows": 2020,"Plan Width": 4,"Actual Startup Time": 0.200,"Actual Total Time": 195.101,"Actual Rows": 2213,"Actual Loops": 1,"Filter": "((p_name)::text ~~ 'firebrick%'::text)","Rows Removed by Filter": 197787},{"Node Type": "Index Scan","Parent Relationship": "Inner","Parallel Aware": false,"Async Capable": false,"Scan Direction": "Forward","Index Name": "idx_partsupp_partkey","Relation Name": "partsupp","Alias": "partsupp","Startup Cost": 0.42,"Total Cost": 40.36,"Plan Rows": 1,"Plan Width": 8,"Actual Startup Time": 0.136,"Actual Total Time": 0.319,"Actual Rows": 3,"Actual Loops": 2213,"Index Cond": "(ps_partkey = part.p_partkey)","Rows Removed by Index Recheck": 0,"Filter": "((ps_availqty)::numeric > (SubPlan 1))","Rows Removed by Filter": 1,"Plans": [{"Node Type": "Aggregate","Strategy": "Plain","Partial Mode": "Simple","Parent Relationship": "SubPlan","Subplan Name": "SubPlan 1","Parallel Aware": false,"Async Capable": false,"Startup Cost": 8.46,"Total Cost": 8.47,"Plan Rows": 1,"Plan Width": 32,"Actual Startup Time": 0.071,"Actual Total Time": 0.071,"Actual Rows": 1,"Actual Loops": 8852,"Plans": [{"Node Type": "Index Scan","Parent Relationship": "Outer","Parallel Aware": false,"Async Capable": false,"Scan Direction": "Forward","Index Name": "idx_lineitem_part_supp","Relation Name": "lineitem","Alias": "lineitem","Startup Cost": 0.43,"Total Cost": 8.46,"Plan Rows": 0,"Plan Width": 5,"Actual Startup Time": 0.043,"Actual Total Time": 0.071,"Actual Rows": 1,"Actual Loops": 8852,"Index Cond": "((l_partkey = partsupp.ps_partkey) AND (l_suppkey = partsupp.ps_suppkey))","Rows Removed by Index Recheck": 0,"Filter": "((l_shipdate >= '1997-01-01'::date) AND (l_shipdate < '1998-01-01 00:00:00'::timestamp without time zone))","Rows Removed by Filter": 6}]}]}]}]}]}]},"Planning Time": 6.850,"Triggers": [],"Execution Time": 911.338}]
[{"Plan": {"Node Type": "Sort","Parallel Aware": false,"Async Capable": false,"Startup Cost": 88442.96,"Total Cost": 88443.23,"Plan Rows": 108,"Plan Width": 51,"Actual Startup Time": 983.970,"Actual Total Time": 984.009,"Actual Rows": 183,"Actual Loops": 1,"Sort Key": ["supplier.s_name"],"Sort Method": "quicksort","Sort Space Used": 41,"Sort Space Type": "Memory","Plans": [{"Node Type": "Hash Join","Parent Relationship": "Outer","Parallel Aware": false,"Async Capable": false,"Join Type": "Semi","Startup Cost": 88199.59,"Total Cost": 88439.31,"Plan Rows": 108,"Plan Width": 51,"Actual Startup Time": 979.629,"Actual Total Time": 983.631,"Actual Rows": 183,"Actual Loops": 1,"Inner Unique": false,"Hash Cond": "(supplier.s_suppkey = partsupp.ps_suppkey)","Plans": [{"Node Type": "Nested Loop","Parent Relationship": "Outer","Parallel Aware": false,"Async Capable": false,"Join Type": "Inner","Startup Cost": 7.38,"Total Cost": 244.58,"Plan Rows": 400,"Plan Width": 55,"Actual Startup Time": 0.250,"Actual Total Time": 4.132,"Actual Rows": 396,"Actual Loops": 1,"Inner Unique": false,"Plans": [{"Node Type": "Seq Scan","Parent Relationship": "Outer","Parallel Aware": false,"Async Capable": false,"Relation Name": "nation","Alias": "nation","Startup Cost": 0.00,"Total Cost": 1.31,"Plan Rows": 1,"Plan Width": 4,"Actual Startup Time": 0.070,"Actual Total Time": 0.098,"Actual Rows": 1,"Actual Loops": 1,"Filter": "(n_name = 'GERMANY'::bpchar)","Rows Removed by Filter": 24},{"Node Type": "Bitmap Heap Scan","Parent Relationship": "Inner","Parallel Aware": false,"Async Capable": false,"Relation Name": "supplier","Alias": "supplier","Startup Cost": 7.38,"Total Cost": 239.27,"Plan Rows": 400,"Plan Width": 59,"Actual Startup Time": 0.170,"Actual Total Time": 3.967,"Actual Rows": 396,"Actual Loops": 1,"Recheck Cond": "(s_nationkey = nation.n_nationkey)","Rows Removed by Index Recheck": 0,"Exact Heap Blocks": 191,"Lossy Heap Blocks": 0,"Plans": [{"Node Type": "Bitmap Index Scan","Parent Relationship": "Outer","Parallel Aware": false,"Async Capable": false,"Index Name": "idx_supplier_nation_key","Startup Cost": 0.00,"Total Cost": 7.29,"Plan Rows": 400,"Plan Width": 0,"Actual Startup Time": 0.104,"Actual Total Time": 0.109,"Actual Rows": 396,"Actual Loops": 1,"Index Cond": "(s_nationkey = nation.n_nationkey)"}]}]},{"Node Type": "Hash","Parent Relationship": "Inner","Parallel Aware": false,"Async Capable": false,"Startup Cost": 88158.53,"Total Cost": 88158.53,"Plan Rows": 2694,"Plan Width": 4,"Actual Startup Time": 979.306,"Actual Total Time": 979.313,"Actual Rows": 6003,"Actual Loops": 1,"Hash Buckets": 8192,"Original Hash Buckets": 4096,"Hash Batches": 1,"Original Hash Batches": 1,"Peak Memory Usage": 276,"Plans": [{"Node Type": "Nested Loop","Parent Relationship": "Outer","Parallel Aware": false,"Async Capable": false,"Join Type": "Inner","Startup Cost": 0.42,"Total Cost": 88158.53,"Plan Rows": 2694,"Plan Width": 4,"Actual Startup Time": 0.746,"Actual Total Time": 974.730,"Actual Rows": 6003,"Actual Loops": 1,"Inner Unique": false,"Plans": [{"Node Type": "Seq Scan","Parent Relationship": "Outer","Parallel Aware": false,"Async Capable": false,"Relation Name": "part","Alias": "part","Startup Cost": 0.00,"Total Cost": 6597.00,"Plan Rows": 2020,"Plan Width": 4,"Actual Startup Time": 0.285,"Actual Total Time": 180.581,"Actual Rows": 2223,"Actual Loops": 1,"Filter": "((p_name)::text ~~ 'blue%'::text)","Rows Removed by Filter": 197777},{"Node Type": "Index Scan","Parent Relationship": "Inner","Parallel Aware": false,"Async Capable": false,"Scan Direction": "Forward","Index Name": "idx_partsupp_partkey","Relation Name": "partsupp","Alias": "partsupp","Startup Cost": 0.42,"Total Cost": 40.36,"Plan Rows": 1,"Plan Width": 8,"Actual Startup Time": 0.150,"Actual Total Time": 0.357,"Actual Rows": 3,"Actual Loops": 2223,"Index Cond": "(ps_partkey = part.p_partkey)","Rows Removed by Index Recheck": 0,"Filter": "((ps_availqty)::numeric > (SubPlan 1))","Rows Removed by Filter": 1,"Plans": [{"Node Type": "Aggregate","Strategy": "Plain","Partial Mode": "Simple","Parent Relationship": "SubPlan","Subplan Name": "SubPlan 1","Parallel Aware": false,"Async Capable": false,"Startup Cost": 8.46,"Total Cost": 8.47,"Plan Rows": 1,"Plan Width": 32,"Actual Startup Time": 0.081,"Actual Total Time": 0.081,"Actual Rows": 1,"Actual Loops": 8892,"Plans": [{"Node Type": "Index Scan","Parent Relationship": "Outer","Parallel Aware": false,"Async Capable": false,"Scan Direction": "Forward","Index Name": "idx_lineitem_part_supp","Relation Name": "lineitem","Alias": "lineitem","Startup Cost": 0.43,"Total Cost": 8.46,"Plan Rows": 0,"Plan Width": 5,"Actual Startup Time": 0.050,"Actual Total Time": 0.080,"Actual Rows": 1,"Actual Loops": 8892,"Index Cond": "((l_partkey = partsupp.ps_partkey) AND (l_suppkey = partsupp.ps_suppkey))","Rows Removed by Index Recheck": 0,"Filter": "((l_shipdate >= '1996-01-01'::date) AND (l_shipdate < '1997-01-01 00:00:00'::timestamp without time zone))","Rows Removed by Filter": 6}]}]}]}]}]}]},"Planning Time": 5.485,"Triggers": [],"Execution Time": 984.258}]
[{"Plan": {"Node Type": "Sort","Parallel Aware": false,"Async Capable": false,"Startup Cost": 88442.96,"Total Cost": 88443.23,"Plan Rows": 108,"Plan Width": 51,"Actual Startup Time": 896.186,"Actual Total Time": 896.225,"Actual Rows": 190,"Actual Loops": 1,"Sort Key": ["supplier.s_name"],"Sort Method": "quicksort","Sort Space Used": 42,"Sort Space Type": "Memory","Plans": [{"Node Type": "Hash Join","Parent Relationship": "Outer","Parallel Aware": false,"Async Capable": false,"Join Type": "Semi","Startup Cost": 88199.59,"Total Cost": 88439.31,"Plan Rows": 108,"Plan Width": 51,"Actual Startup Time": 891.933,"Actual Total Time": 895.830,"Actual Rows": 190,"Actual Loops": 1,"Inner Unique": false,"Hash Cond": "(supplier.s_suppkey = partsupp.ps_suppkey)","Plans": [{"Node Type": "Nested Loop","Parent Relationship": "Outer","Parallel Aware": false,"Async Capable": false,"Join Type": "Inner","Startup Cost": 7.38,"Total Cost": 244.58,"Plan Rows": 400,"Plan Width": 55,"Actual Startup Time": 0.360,"Actual Total Time": 4.196,"Actual Rows": 421,"Actual Loops": 1,"Inner Unique": false,"Plans": [{"Node Type": "Seq Scan","Parent Relationship": "Outer","Parallel Aware": false,"Async Capable": false,"Relation Name": "nation","Alias": "nation","Startup Cost": 0.00,"Total Cost": 1.31,"Plan Rows": 1,"Plan Width": 4,"Actual Startup Time": 0.080,"Actual Total Time": 0.105,"Actual Rows": 1,"Actual Loops": 1,"Filter": "(n_name = 'PERU'::bpchar)","Rows Removed by Filter": 24},{"Node Type": "Bitmap Heap Scan","Parent Relationship": "Inner","Parallel Aware": false,"Async Capable": false,"Relation Name": "supplier","Alias": "supplier","Startup Cost": 7.38,"Total Cost": 239.27,"Plan Rows": 400,"Plan Width": 59,"Actual Startup Time": 0.273,"Actual Total Time": 4.020,"Actual Rows": 421,"Actual Loops": 1,"Recheck Cond": "(s_nationkey = nation.n_nationkey)","Rows Removed by Index Recheck": 0,"Exact Heap Blocks": 187,"Lossy Heap Blocks": 0,"Plans": [{"Node Type": "Bitmap Index Scan","Parent Relationship": "Outer","Parallel Aware": false,"Async Capable": false,"Index Name": "idx_supplier_nation_key","Startup Cost": 0.00,"Total Cost": 7.29,"Plan Rows": 400,"Plan Width": 0,"Actual Startup Time": 0.192,"Actual Total Time": 0.198,"Actual Rows": 421,"Actual Loops": 1,"Index Cond": "(s_nationkey = nation.n_nationkey)"}]}]},{"Node Type": "Hash","Parent Relationship": "Inner","Parallel Aware": false,"Async Capable": false,"Startup Cost": 88158.53,"Total Cost": 88158.53,"Plan Rows": 2694,"Plan Width": 4,"Actual Startup Time": 891.473,"Actual Total Time": 891.481,"Actual Rows": 5807,"Actual Loops": 1,"Hash Buckets": 8192,"Original Hash Buckets": 4096,"Hash Batches": 1,"Original Hash Batches": 1,"Peak Memory Usage": 269,"Plans": [{"Node Type": "Nested Loop","Parent Relationship": "Outer","Parallel Aware": false,"Async Capable": false,"Join Type": "Inner","Startup Cost": 0.42,"Total Cost": 88158.53,"Plan Rows": 2694,"Plan Width": 4,"Actual Startup Time": 0.968,"Actual Total Time": 886.269,"Actual Rows": 5807,"Actual Loops": 1,"Inner Unique": false,"Plans": [{"Node Type": "Seq Scan","Parent Relationship": "Outer","Parallel Aware": false,"Async Capable": false,"Relation Name": "part","Alias": "part","Startup Cost": 0.00,"Total Cost": 6597.00,"Plan Rows": 2020,"Plan Width": 4,"Actual Startup Time": 0.069,"Actual Total Time": 195.057,"Actual Rows": 2153,"Actual Loops": 1,"Filter": "((p_name)::text ~~ 'ghost%'::text)","Rows Removed by Filter": 197847},{"Node Type": "Index Scan","Parent Relationship": "Inner","Parallel Aware": false,"Async Capable": false,"Scan Direction": "Forward","Index Name": "idx_partsupp_partkey","Relation Name": "partsupp","Alias": "partsupp","Startup Cost": 0.42,"Total Cost": 40.36,"Plan Rows": 1,"Plan Width": 8,"Actual Startup Time": 0.135,"Actual Total Time": 0.321,"Actual Rows": 3,"Actual Loops": 2153,"Index Cond": "(ps_partkey = part.p_partkey)","Rows Removed by Index Recheck": 0,"Filter": "((ps_availqty)::numeric > (SubPlan 1))","Rows Removed by Filter": 1,"Plans": [{"Node Type": "Aggregate","Strategy": "Plain","Partial Mode": "Simple","Parent Relationship": "SubPlan","Subplan Name": "SubPlan 1","Parallel Aware": false,"Async Capable": false,"Startup Cost": 8.46,"Total Cost": 8.47,"Plan Rows": 1,"Plan Width": 32,"Actual Startup Time": 0.072,"Actual Total Time": 0.072,"Actual Rows": 1,"Actual Loops": 8612,"Plans": [{"Node Type": "Index Scan","Parent Relationship": "Outer","Parallel Aware": false,"Async Capable": false,"Scan Direction": "Forward","Index Name": "idx_lineitem_part_supp","Relation Name": "lineitem","Alias": "lineitem","Startup Cost": 0.43,"Total Cost": 8.46,"Plan Rows": 0,"Plan Width": 5,"Actual Startup Time": 0.044,"Actual Total Time": 0.071,"Actual Rows": 1,"Actual Loops": 8612,"Index Cond": "((l_partkey = partsupp.ps_partkey) AND (l_suppkey = partsupp.ps_suppkey))","Rows Removed by Index Recheck": 0,"Filter": "((l_shipdate >= '1996-01-01'::date) AND (l_shipdate < '1997-01-01 00:00:00'::timestamp without time zone))","Rows Removed by Filter": 6}]}]}]}]}]}]},"Planning Time": 6.248,"Triggers": [],"Execution Time": 896.510}]
[{"Plan": {"Node Type": "Sort","Parallel Aware": false,"Async Capable": false,"Startup Cost": 88442.96,"Total Cost": 88443.23,"Plan Rows": 108,"Plan Width": 51,"Actual Startup Time": 967.025,"Actual Total Time": 967.060,"Actual Rows": 185,"Actual Loops": 1,"Sort Key": ["supplier.s_name"],"Sort Method": "quicksort","Sort Space Used": 42,"Sort Space Type": "Memory","Plans": [{"Node Type": "Hash Join","Parent Relationship": "Outer","Parallel Aware": false,"Async Capable": false,"Join Type": "Semi","Startup Cost": 88199.59,"Total Cost": 88439.31,"Plan Rows": 108,"Plan Width": 51,"Actual Startup Time": 962.837,"Actual Total Time": 966.694,"Actual Rows": 185,"Actual Loops": 1,"Inner Unique": false,"Hash Cond": "(supplier.s_suppkey = partsupp.ps_suppkey)","Plans": [{"Node Type": "Nested Loop","Parent Relationship": "Outer","Parallel Aware": false,"Async Capable": false,"Join Type": "Inner","Startup Cost": 7.38,"Total Cost": 244.58,"Plan Rows": 400,"Plan Width": 55,"Actual Startup Time": 0.361,"Actual Total Time": 4.145,"Actual Rows": 421,"Actual Loops": 1,"Inner Unique": false,"Plans": [{"Node Type": "Seq Scan","Parent Relationship": "Outer","Parallel Aware": false,"Async Capable": false,"Relation Name": "nation","Alias": "nation","Startup Cost": 0.00,"Total Cost": 1.31,"Plan Rows": 1,"Plan Width": 4,"Actual Startup Time": 0.069,"Actual Total Time": 0.090,"Actual Rows": 1,"Actual Loops": 1,"Filter": "(n_name = 'PERU'::bpchar)","Rows Removed by Filter": 24},{"Node Type": "Bitmap Heap Scan","Parent Relationship": "Inner","Parallel Aware": false,"Async Capable": false,"Relation Name": "supplier","Alias": "supplier","Startup Cost": 7.38,"Total Cost": 239.27,"Plan Rows": 400,"Plan Width": 59,"Actual Startup Time": 0.281,"Actual Total Time": 3.988,"Actual Rows": 421,"Actual Loops": 1,"Recheck Cond": "(s_nationkey = nation.n_nationkey)","Rows Removed by Index Recheck": 0,"Exact Heap Blocks": 187,"Lossy Heap Blocks": 0,"Plans": [{"Node Type": "Bitmap Index Scan","Parent Relationship": "Outer","Parallel Aware": false,"Async Capable": false,"Index Name": "idx_supplier_nation_key","Startup Cost": 0.00,"Total Cost": 7.29,"Plan Rows": 400,"Plan Width": 0,"Actual Startup Time": 0.205,"Actual Total Time": 0.209,"Actual Rows": 421,"Actual Loops": 1,"Index Cond": "(s_nationkey = nation.n_nationkey)"}]}]},{"Node Type": "Hash","Parent Relationship": "Inner","Parallel Aware": false,"Async Capable": false,"Startup Cost": 88158.53,"Total Cost": 88158.53,"Plan Rows": 2694,"Plan Width": 4,"Actual Startup Time": 962.318,"Actual Total Time": 962.329,"Actual Rows": 5853,"Actual Loops": 1,"Hash Buckets": 8192,"Original Hash Buckets": 4096,"Hash Batches": 1,"Original Hash Batches": 1,"Peak Memory Usage": 270,"Plans": [{"Node Type": "Nested Loop","Parent Relationship": "Outer","Parallel Aware": false,"Async Capable": false,"Join Type": "Inner","Startup Cost": 0.42,"Total Cost": 88158.53,"Plan Rows": 2694,"Plan Width": 4,"Actual Startup Time": 0.585,"Actual Total Time": 957.719,"Actual Rows": 5853,"Actual Loops": 1,"Inner Unique": false,"Plans": [{"Node Type": "Seq Scan","Parent Relationship": "Outer","Parallel Aware": false,"Async Capable": false,"Relation Name": "part","Alias": "part","Startup Cost": 0.00,"Total Cost": 6597.00,"Plan Rows": 2020,"Plan Width": 4,"Actual Startup Time": 0.168,"Actual Total Time": 180.465,"Actual Rows": 2180,"Actual Loops": 1,"Filter": "((p_name)::text ~~ 'gainsboro%'::text)","Rows Removed by Filter": 197820},{"Node Type": "Index Scan","Parent Relationship": "Inner","Parallel Aware": false,"Async Capable": false,"Scan Direction": "Forward","Index Name": "idx_partsupp_partkey","Relation Name": "partsupp","Alias": "partsupp","Startup Cost": 0.42,"Total Cost": 40.36,"Plan Rows": 1,"Plan Width": 8,"Actual Startup Time": 0.151,"Actual Total Time": 0.356,"Actual Rows": 3,"Actual Loops": 2180,"Index Cond": "(ps_partkey = part.p_partkey)","Rows Removed by Index Recheck": 0,"Filter": "((ps_availqty)::numeric > (SubPlan 1))","Rows Removed by Filter": 1,"Plans": [{"Node Type": "Aggregate","Strategy": "Plain","Partial Mode": "Simple","Parent Relationship": "SubPlan","Subplan Name": "SubPlan 1","Parallel Aware": false,"Async Capable": false,"Startup Cost": 8.46,"Total Cost": 8.47,"Plan Rows": 1,"Plan Width": 32,"Actual Startup Time": 0.081,"Actual Total Time": 0.081,"Actual Rows": 1,"Actual Loops": 8720,"Plans": [{"Node Type": "Index Scan","Parent Relationship": "Outer","Parallel Aware": false,"Async Capable": false,"Scan Direction": "Forward","Index Name": "idx_lineitem_part_supp","Relation Name": "lineitem","Alias": "lineitem","Startup Cost": 0.43,"Total Cost": 8.46,"Plan Rows": 0,"Plan Width": 5,"Actual Startup Time": 0.050,"Actual Total Time": 0.080,"Actual Rows": 1,"Actual Loops": 8720,"Index Cond": "((l_partkey = partsupp.ps_partkey) AND (l_suppkey = partsupp.ps_suppkey))","Rows Removed by Index Recheck": 0,"Filter": "((l_shipdate >= '1994-01-01'::date) AND (l_shipdate < '1995-01-01 00:00:00'::timestamp without time zone))","Rows Removed by Filter": 6}]}]}]}]}]}]},"Planning Time": 6.656,"Triggers": [],"Execution Time": 967.348}]
[{"Plan": {"Node Type": "Sort","Parallel Aware": false,"Async Capable": false,"Startup Cost": 165280.99,"Total Cost": 165281.52,"Plan Rows": 215,"Plan Width": 51,"Actual Startup Time": 922.175,"Actual Total Time": 922.205,"Actual Rows": 208,"Actual Loops": 1,"Sort Key": ["supplier.s_name"],"Sort Method": "quicksort","Sort Space Used": 44,"Sort Space Type": "Memory","Plans": [{"Node Type": "Hash Join","Parent Relationship": "Outer","Parallel Aware": false,"Async Capable": false,"Join Type": "Semi","Startup Cost": 165030.68,"Total Cost": 165272.66,"Plan Rows": 215,"Plan Width": 51,"Actual Startup Time": 916.794,"Actual Total Time": 921.545,"Actual Rows": 208,"Actual Loops": 1,"Inner Unique": false,"Hash Cond": "(supplier.s_suppkey = partsupp.ps_suppkey)","Plans": [{"Node Type": "Nested Loop","Parent Relationship": "Outer","Parallel Aware": false,"Async Capable": false,"Join Type": "Inner","Startup Cost": 7.38,"Total Cost": 244.58,"Plan Rows": 400,"Plan Width": 55,"Actual Startup Time": 0.254,"Actual Total Time": 4.371,"Actual Rows": 402,"Actual Loops": 1,"Inner Unique": false,"Plans": [{"Node Type": "Seq Scan","Parent Relationship": "Outer","Parallel Aware": false,"Async Capable": false,"Relation Name": "nation","Alias": "nation","Startup Cost": 0.00,"Total Cost": 1.31,"Plan Rows": 1,"Plan Width": 4,"Actual Startup Time": 0.074,"Actual Total Time": 0.097,"Actual Rows": 1,"Actual Loops": 1,"Filter": "(n_name = 'FRANCE'::bpchar)","Rows Removed by Filter": 24},{"Node Type": "Bitmap Heap Scan","Parent Relationship": "Inner","Parallel Aware": false,"Async Capable": false,"Relation Name": "supplier","Alias": "supplier","Startup Cost": 7.38,"Total Cost": 239.27,"Plan Rows": 400,"Plan Width": 59,"Actual Startup Time": 0.169,"Actual Total Time": 4.207,"Actual Rows": 402,"Actual Loops": 1,"Recheck Cond": "(s_nationkey = nation.n_nationkey)","Rows Removed by Index Recheck": 0,"Exact Heap Blocks": 184,"Lossy Heap Blocks": 0,"Plans": [{"Node Type": "Bitmap Index Scan","Parent Relationship": "Outer","Parallel Aware": false,"Async Capable": false,"Index Name": "idx_supplier_nation_key","Startup Cost": 0.00,"Total Cost": 7.29,"Plan Rows": 400,"Plan Width": 0,"Actual Startup Time": 0.104,"Actual Total Time": 0.107,"Actual Rows": 402,"Actual Loops": 1,"Index Cond": "(s_nationkey = nation.n_nationkey)"}]}]},{"Node Type": "Hash","Parent Relationship": "Inner","Parallel Aware": false,"Async Capable": false,"Startup Cost": 164955.96,"Total Cost": 164955.96,"Plan Rows": 5387,"Plan Width": 4,"Actual Startup Time": 916.445,"Actual Total Time": 916.453,"Actual Rows": 5960,"Actual Loops": 1,"Hash Buckets": 8192,"Original Hash Buckets": 8192,"Hash Batches": 1,"Original Hash Batches": 1,"Peak Memory Usage": 274,"Plans": [{"Node Type": "Nested Loop","Parent Relationship": "Outer","Parallel Aware": false,"Async Capable": false,"Join Type": "Inner","Startup Cost": 0.42,"Total Cost": 164955.96,"Plan Rows": 5387,"Plan Width": 4,"Actual Startup Time": 0.595,"Actual Total Time": 910.663,"Actual Rows": 5960,"Actual Loops": 1,"Inner Unique": false,"Plans": [{"Node Type": "Seq Scan","Parent Relationship": "Outer","Parallel Aware": false,"Async Capable": false,"Relation Name": "part","Alias": "part","Startup Cost": 0.00,"Total Cost": 6597.00,"Plan Rows": 4040,"Plan Width": 4,"Actual Startup Time": 0.158,"Actual Total Time": 203.238,"Actual Rows": 2198,"Actual Loops": 1,"Filter": "((p_name)::text ~~ 'rosy%'::text)","Rows Removed by Filter": 197802},{"Node Type": "Index Scan","Parent Relationship": "Inner","Parallel Aware": false,"Async Capable": false,"Scan Direction": "Forward","Index Name": "idx_partsupp_partkey","Relation Name": "partsupp","Alias": "partsupp","Startup Cost": 0.42,"Total Cost": 39.18,"Plan Rows": 1,"Plan Width": 8,"Actual Startup Time": 0.137,"Actual Total Time": 0.321,"Actual Rows": 3,"Actual Loops": 2198,"Index Cond": "(ps_partkey = part.p_partkey)","Rows Removed by Index Recheck": 0,"Filter": "((ps_availqty)::numeric > (SubPlan 1))","Rows Removed by Filter": 1,"Plans": [{"Node Type": "Aggregate","Strategy": "Plain","Partial Mode": "Simple","Parent Relationship": "SubPlan","Subplan Name": "SubPlan 1","Parallel Aware": false,"Async Capable": false,"Startup Cost": 8.46,"Total Cost": 8.47,"Plan Rows": 1,"Plan Width": 32,"Actual Startup Time": 0.072,"Actual Total Time": 0.072,"Actual Rows": 1,"Actual Loops": 8792,"Plans": [{"Node Type": "Index Scan","Parent Relationship": "Outer","Parallel Aware": false,"Async Capable": false,"Scan Direction": "Forward","Index Name": "idx_lineitem_part_supp","Relation Name": "lineitem","Alias": "lineitem","Startup Cost": 0.43,"Total Cost": 8.46,"Plan Rows": 0,"Plan Width": 5,"Actual Startup Time": 0.044,"Actual Total Time": 0.071,"Actual Rows": 1,"Actual Loops": 8792,"Index Cond": "((l_partkey = partsupp.ps_partkey) AND (l_suppkey = partsupp.ps_suppkey))","Rows Removed by Index Recheck": 0,"Filter": "((l_shipdate >= '1997-01-01'::date) AND (l_shipdate < '1998-01-01 00:00:00'::timestamp without time zone))","Rows Removed by Filter": 6}]}]}]}]}]}]},"Planning Time": 6.022,"Triggers": [],"Execution Time": 922.492}]
[{"Plan": {"Node Type": "Sort","Parallel Aware": false,"Async Capable": false,"Startup Cost": 88442.96,"Total Cost": 88443.23,"Plan Rows": 108,"Plan Width": 51,"Actual Startup Time": 972.874,"Actual Total Time": 972.908,"Actual Rows": 177,"Actual Loops": 1,"Sort Key": ["supplier.s_name"],"Sort Method": "quicksort","Sort Space Used": 41,"Sort Space Type": "Memory","Plans": [{"Node Type": "Hash Join","Parent Relationship": "Outer","Parallel Aware": false,"Async Capable": false,"Join Type": "Semi","Startup Cost": 88199.59,"Total Cost": 88439.31,"Plan Rows": 108,"Plan Width": 51,"Actual Startup Time": 968.554,"Actual Total Time": 972.557,"Actual Rows": 177,"Actual Loops": 1,"Inner Unique": false,"Hash Cond": "(supplier.s_suppkey = partsupp.ps_suppkey)","Plans": [{"Node Type": "Nested Loop","Parent Relationship": "Outer","Parallel Aware": false,"Async Capable": false,"Join Type": "Inner","Startup Cost": 7.38,"Total Cost": 244.58,"Plan Rows": 400,"Plan Width": 55,"Actual Startup Time": 0.268,"Actual Total Time": 4.217,"Actual Rows": 405,"Actual Loops": 1,"Inner Unique": false,"Plans": [{"Node Type": "Seq Scan","Parent Relationship": "Outer","Parallel Aware": false,"Async Capable": false,"Relation Name": "nation","Alias": "nation","Startup Cost": 0.00,"Total Cost": 1.31,"Plan Rows": 1,"Plan Width": 4,"Actual Startup Time": 0.064,"Actual Total Time": 0.096,"Actual Rows": 1,"Actual Loops": 1,"Filter": "(n_name = 'INDONESIA'::bpchar)","Rows Removed by Filter": 24},{"Node Type": "Bitmap Heap Scan","Parent Relationship": "Inner","Parallel Aware": false,"Async Capable": false,"Relation Name": "supplier","Alias": "supplier","Startup Cost": 7.38,"Total Cost": 239.27,"Plan Rows": 400,"Plan Width": 59,"Actual Startup Time": 0.198,"Actual Total Time": 4.061,"Actual Rows": 405,"Actual Loops": 1,"Recheck Cond": "(s_nationkey = nation.n_nationkey)","Rows Removed by Index Recheck": 0,"Exact Heap Blocks": 192,"Lossy Heap Blocks": 0,"Plans": [{"Node Type": "Bitmap Index Scan","Parent Relationship": "Outer","Parallel Aware": false,"Async Capable": false,"Index Name": "idx_supplier_nation_key","Startup Cost": 0.00,"Total Cost": 7.29,"Plan Rows": 400,"Plan Width": 0,"Actual Startup Time": 0.132,"Actual Total Time": 0.136,"Actual Rows": 405,"Actual Loops": 1,"Index Cond": "(s_nationkey = nation.n_nationkey)"}]}]},{"Node Type": "Hash","Parent Relationship": "Inner","Parallel Aware": false,"Async Capable": false,"Startup Cost": 88158.53,"Total Cost": 88158.53,"Plan Rows": 2694,"Plan Width": 4,"Actual Startup Time": 968.161,"Actual Total Time": 968.170,"Actual Rows": 5933,"Actual Loops": 1,"Hash Buckets": 8192,"Original Hash Buckets": 4096,"Hash Batches": 1,"Original Hash Batches": 1,"Peak Memory Usage": 273,"Plans": [{"Node Type": "Nested Loop","Parent Relationship": "Outer","Parallel Aware": false,"Async Capable": false,"Join Type": "Inner","Startup Cost": 0.42,"Total Cost": 88158.53,"Plan Rows": 2694,"Plan Width": 4,"Actual Startup Time": 0.815,"Actual Total Time": 963.911,"Actual Rows": 5933,"Actual Loops": 1,"Inner Unique": false,"Plans": [{"Node Type": "Seq Scan","Parent Relationship": "Outer","Parallel Aware": false,"Async Capable": false,"Relation Name": "part","Alias": "part","Startup Cost": 0.00,"Total Cost": 6597.00,"Plan Rows": 2020,"Plan Width": 4,"Actual Startup Time": 0.175,"Actual Total Time": 181.378,"Actual Rows": 2184,"Actual Loops": 1,"Filter": "((p_name)::text ~~ 'powder%'::text)","Rows Removed by Filter": 197816},{"Node Type": "Index Scan","Parent Relationship": "Inner","Parallel Aware": false,"Async Capable": false,"Scan Direction": "Forward","Index Name": "idx_partsupp_partkey","Relation Name": "partsupp","Alias": "partsupp","Startup Cost": 0.42,"Total Cost": 40.36,"Plan Rows": 1,"Plan Width": 8,"Actual Startup Time": 0.147,"Actual Total Time": 0.358,"Actual Rows": 3,"Actual Loops": 2184,"Index Cond": "(ps_partkey = part.p_partkey)","Rows Removed by Index Recheck": 0,"Filter": "((ps_availqty)::numeric > (SubPlan 1))","Rows Removed by Filter": 1,"Plans": [{"Node Type": "Aggregate","Strategy": "Plain","Partial Mode": "Simple","Parent Relationship": "SubPlan","Subplan Name": "SubPlan 1","Parallel Aware": false,"Async Capable": false,"Startup Cost": 8.46,"Total Cost": 8.47,"Plan Rows": 1,"Plan Width": 32,"Actual Startup Time": 0.081,"Actual Total Time": 0.081,"Actual Rows": 1,"Actual Loops": 8736,"Plans": [{"Node Type": "Index Scan","Parent Relationship": "Outer","Parallel Aware": false,"Async Capable": false,"Scan Direction": "Forward","Index Name": "idx_lineitem_part_supp","Relation Name": "lineitem","Alias": "lineitem","Startup Cost": 0.43,"Total Cost": 8.46,"Plan Rows": 0,"Plan Width": 5,"Actual Startup Time": 0.049,"Actual Total Time": 0.080,"Actual Rows": 1,"Actual Loops": 8736,"Index Cond": "((l_partkey = partsupp.ps_partkey) AND (l_suppkey = partsupp.ps_suppkey))","Rows Removed by Index Recheck": 0,"Filter": "((l_shipdate >= '1993-01-01'::date) AND (l_shipdate < '1994-01-01 00:00:00'::timestamp without time zone))","Rows Removed by Filter": 6}]}]}]}]}]}]},"Planning Time": 5.941,"Triggers": [],"Execution Time": 973.180}]
[{"Plan": {"Node Type": "Sort","Parallel Aware": false,"Async Capable": false,"Startup Cost": 88442.96,"Total Cost": 88443.23,"Plan Rows": 108,"Plan Width": 51,"Actual Startup Time": 916.370,"Actual Total Time": 916.402,"Actual Rows": 172,"Actual Loops": 1,"Sort Key": ["supplier.s_name"],"Sort Method": "quicksort","Sort Space Used": 41,"Sort Space Type": "Memory","Plans": [{"Node Type": "Hash Join","Parent Relationship": "Outer","Parallel Aware": false,"Async Capable": false,"Join Type": "Semi","Startup Cost": 88199.59,"Total Cost": 88439.31,"Plan Rows": 108,"Plan Width": 51,"Actual Startup Time": 912.233,"Actual Total Time": 915.893,"Actual Rows": 172,"Actual Loops": 1,"Inner Unique": false,"Hash Cond": "(supplier.s_suppkey = partsupp.ps_suppkey)","Plans": [{"Node Type": "Nested Loop","Parent Relationship": "Outer","Parallel Aware": false,"Async Capable": false,"Join Type": "Inner","Startup Cost": 7.38,"Total Cost": 244.58,"Plan Rows": 400,"Plan Width": 55,"Actual Startup Time": 0.354,"Actual Total Time": 3.899,"Actual Rows": 376,"Actual Loops": 1,"Inner Unique": false,"Plans": [{"Node Type": "Seq Scan","Parent Relationship": "Outer","Parallel Aware": false,"Async Capable": false,"Relation Name": "nation","Alias": "nation","Startup Cost": 0.00,"Total Cost": 1.31,"Plan Rows": 1,"Plan Width": 4,"Actual Startup Time": 0.079,"Actual Total Time": 0.107,"Actual Rows": 1,"Actual Loops": 1,"Filter": "(n_name = 'KENYA'::bpchar)","Rows Removed by Filter": 24},{"Node Type": "Bitmap Heap Scan","Parent Relationship": "Inner","Parallel Aware": false,"Async Capable": false,"Relation Name": "supplier","Alias": "supplier","Startup Cost": 7.38,"Total Cost": 239.27,"Plan Rows": 400,"Plan Width": 59,"Actual Startup Time": 0.264,"Actual Total Time": 3.711,"Actual Rows": 376,"Actual Loops": 1,"Recheck Cond": "(s_nationkey = nation.n_nationkey)","Rows Removed by Index Recheck": 0,"Exact Heap Blocks": 179,"Lossy Heap Blocks": 0,"Plans": [{"Node Type": "Bitmap Index Scan","Parent Relationship": "Outer","Parallel Aware": false,"Async Capable": false,"Index Name": "idx_supplier_nation_key","Startup Cost": 0.00,"Total Cost": 7.29,"Plan Rows": 400,"Plan Width": 0,"Actual Startup Time": 0.184,"Actual Total Time": 0.190,"Actual Rows": 376,"Actual Loops": 1,"Index Cond": "(s_nationkey = nation.n_nationkey)"}]}]},{"Node Type": "Hash","Parent Relationship": "Inner","Parallel Aware": false,"Async Capable": false,"Startup Cost": 88158.53,"Total Cost": 88158.53,"Plan Rows": 2694,"Plan Width": 4,"Actual Startup Time": 911.819,"Actual Total Time": 911.828,"Actual Rows": 6090,"Actual Loops": 1,"Hash Buckets": 8192,"Original Hash Buckets": 4096,"Hash Batches": 1,"Original Hash Batches": 1,"Peak Memory Usage": 279,"Plans": [{"Node Type": "Nested Loop","Parent Relationship": "Outer","Parallel Aware": false,"Async Capable": false,"Join Type": "Inner","Startup Cost": 0.42,"Total Cost": 88158.53,"Plan Rows": 2694,"Plan Width": 4,"Actual Startup Time": 0.828,"Actual Total Time": 907.290,"Actual Rows": 6090,"Actual Loops": 1,"Inner Unique": false,"Plans": [{"Node Type": "Seq Scan","Parent Relationship": "Outer","Parallel Aware": false,"Async Capable": false,"Relation Name": "part","Alias": "part","Startup Cost": 0.00,"Total Cost": 6597.00,"Plan Rows": 2020,"Plan Width": 4,"Actual Startup Time": 0.077,"Actual Total Time": 195.270,"Actual Rows": 2235,"Actual Loops": 1,"Filter": "((p_name)::text ~~ 'seashell%'::text)","Rows Removed by Filter": 197765},{"Node Type": "Index Scan","Parent Relationship": "Inner","Parallel Aware": false,"Async Capable": false,"Scan Direction": "Forward","Index Name": "idx_partsupp_partkey","Relation Name": "partsupp","Alias": "partsupp","Startup Cost": 0.42,"Total Cost": 40.36,"Plan Rows": 1,"Plan Width": 8,"Actual Startup Time": 0.136,"Actual Total Time": 0.318,"Actual Rows": 3,"Actual Loops": 2235,"Index Cond": "(ps_partkey = part.p_partkey)","Rows Removed by Index Recheck": 0,"Filter": "((ps_availqty)::numeric > (SubPlan 1))","Rows Removed by Filter": 1,"Plans": [{"Node Type": "Aggregate","Strategy": "Plain","Partial Mode": "Simple","Parent Relationship": "SubPlan","Subplan Name": "SubPlan 1","Parallel Aware": false,"Async Capable": false,"Startup Cost": 8.46,"Total Cost": 8.47,"Plan Rows": 1,"Plan Width": 32,"Actual Startup Time": 0.071,"Actual Total Time": 0.071,"Actual Rows": 1,"Actual Loops": 8940,"Plans": [{"Node Type": "Index Scan","Parent Relationship": "Outer","Parallel Aware": false,"Async Capable": false,"Scan Direction": "Forward","Index Name": "idx_lineitem_part_supp","Relation Name": "lineitem","Alias": "lineitem","Startup Cost": 0.43,"Total Cost": 8.46,"Plan Rows": 0,"Plan Width": 5,"Actual Startup Time": 0.043,"Actual Total Time": 0.070,"Actual Rows": 1,"Actual Loops": 8940,"Index Cond": "((l_partkey = partsupp.ps_partkey) AND (l_suppkey = partsupp.ps_suppkey))","Rows Removed by Index Recheck": 0,"Filter": "((l_shipdate >= '1995-01-01'::date) AND (l_shipdate < '1996-01-01 00:00:00'::timestamp without time zone))","Rows Removed by Filter": 6}]}]}]}]}]}]},"Planning Time": 6.945,"Triggers": [],"Execution Time": 916.694}]
[{"Plan": {"Node Type": "Sort","Parallel Aware": false,"Async Capable": false,"Startup Cost": 88442.96,"Total Cost": 88443.23,"Plan Rows": 108,"Plan Width": 51,"Actual Startup Time": 983.380,"Actual Total Time": 983.419,"Actual Rows": 196,"Actual Loops": 1,"Sort Key": ["supplier.s_name"],"Sort Method": "quicksort","Sort Space Used": 43,"Sort Space Type": "Memory","Plans": [{"Node Type": "Hash Join","Parent Relationship": "Outer","Parallel Aware": false,"Async Capable": false,"Join Type": "Semi","Startup Cost": 88199.59,"Total Cost": 88439.31,"Plan Rows": 108,"Plan Width": 51,"Actual Startup Time": 978.795,"Actual Total Time": 983.054,"Actual Rows": 196,"Actual Loops": 1,"Inner Unique": false,"Hash Cond": "(supplier.s_suppkey = partsupp.ps_suppkey)","Plans": [{"Node Type": "Nested Loop","Parent Relationship": "Outer","Parallel Aware": false,"Async Capable": false,"Join Type": "Inner","Startup Cost": 7.38,"Total Cost": 244.58,"Plan Rows": 400,"Plan Width": 55,"Actual Startup Time": 0.271,"Actual Total Time": 4.442,"Actual Rows": 438,"Actual Loops": 1,"Inner Unique": false,"Plans": [{"Node Type": "Seq Scan","Parent Relationship": "Outer","Parallel Aware": false,"Async Capable": false,"Relation Name": "nation","Alias": "nation","Startup Cost": 0.00,"Total Cost": 1.31,"Plan Rows": 1,"Plan Width": 4,"Actual Startup Time": 0.069,"Actual Total Time": 0.096,"Actual Rows": 1,"Actual Loops": 1,"Filter": "(n_name = 'IRAQ'::bpchar)","Rows Removed by Filter": 24},{"Node Type": "Bitmap Heap Scan","Parent Relationship": "Inner","Parallel Aware": false,"Async Capable": false,"Relation Name": "supplier","Alias": "supplier","Startup Cost": 7.38,"Total Cost": 239.27,"Plan Rows": 400,"Plan Width": 59,"Actual Startup Time": 0.198,"Actual Total Time": 4.286,"Actual Rows": 438,"Actual Loops": 1,"Recheck Cond": "(s_nationkey = nation.n_nationkey)","Rows Removed by Index Recheck": 0,"Exact Heap Blocks": 194,"Lossy Heap Blocks": 0,"Plans": [{"Node Type": "Bitmap Index Scan","Parent Relationship": "Outer","Parallel Aware": false,"Async Capable": false,"Index Name": "idx_supplier_nation_key","Startup Cost": 0.00,"Total Cost": 7.29,"Plan Rows": 400,"Plan Width": 0,"Actual Startup Time": 0.144,"Actual Total Time": 0.147,"Actual Rows": 438,"Actual Loops": 1,"Index Cond": "(s_nationkey = nation.n_nationkey)"}]}]},{"Node Type": "Hash","Parent Relationship": "Inner","Parallel Aware": false,"Async Capable": false,"Startup Cost": 88158.53,"Total Cost": 88158.53,"Plan Rows": 2694,"Plan Width": 4,"Actual Startup Time": 978.459,"Actual Total Time": 978.469,"Actual Rows": 6004,"Actual Loops": 1,"Hash Buckets": 8192,"Original Hash Buckets": 4096,"Hash Batches": 1,"Original Hash Batches": 1,"Peak Memory Usage": 276,"Plans": [{"Node Type": "Nested Loop","Parent Relationship": "Outer","Parallel Aware": false,"Async Capable": false,"Join Type": "Inner","Startup Cost": 0.42,"Total Cost": 88158.53,"Plan Rows": 2694,"Plan Width": 4,"Actual Startup Time": 0.619,"Actual Total Time": 974.138,"Actual Rows": 6004,"Actual Loops": 1,"Inner Unique": false,"Plans": [{"Node Type": "Seq Scan","Parent Relationship": "Outer","Parallel Aware": false,"Async Capable": false,"Relation Name": "part","Alias": "part","Startup Cost": 0.00,"Total Cost": 6597.00,"Plan Rows": 2020,"Plan Width": 4,"Actual Startup Time": 0.277,"Actual Total Time": 181.985,"Actual Rows": 2204,"Actual Loops": 1,"Filter": "((p_name)::text ~~ 'red%'::text)","Rows Removed by Filter": 197796},{"Node Type": "Index Scan","Parent Relationship": "Inner","Parallel Aware": false,"Async Capable": false,"Scan Direction": "Forward","Index Name": "idx_partsupp_partkey","Relation Name": "partsupp","Alias": "partsupp","Startup Cost": 0.42,"Total Cost": 40.36,"Plan Rows": 1,"Plan Width": 8,"Actual Startup Time": 0.149,"Actual Total Time": 0.359,"Actual Rows": 3,"Actual Loops": 2204,"Index Cond": "(ps_partkey = part.p_partkey)","Rows Removed by Index Recheck": 0,"Filter": "((ps_availqty)::numeric > (SubPlan 1))","Rows Removed by Filter": 1,"Plans": [{"Node Type": "Aggregate","Strategy": "Plain","Partial Mode": "Simple","Parent Relationship": "SubPlan","Subplan Name": "SubPlan 1","Parallel Aware": false,"Async Capable": false,"Startup Cost": 8.46,"Total Cost": 8.47,"Plan Rows": 1,"Plan Width": 32,"Actual Startup Time": 0.082,"Actual Total Time": 0.082,"Actual Rows": 1,"Actual Loops": 8816,"Plans": [{"Node Type": "Index Scan","Parent Relationship": "Outer","Parallel Aware": false,"Async Capable": false,"Scan Direction": "Forward","Index Name": "idx_lineitem_part_supp","Relation Name": "lineitem","Alias": "lineitem","Startup Cost": 0.43,"Total Cost": 8.46,"Plan Rows": 0,"Plan Width": 5,"Actual Startup Time": 0.050,"Actual Total Time": 0.081,"Actual Rows": 1,"Actual Loops": 8816,"Index Cond": "((l_partkey = partsupp.ps_partkey) AND (l_suppkey = partsupp.ps_suppkey))","Rows Removed by Index Recheck": 0,"Filter": "((l_shipdate >= '1994-01-01'::date) AND (l_shipdate < '1995-01-01 00:00:00'::timestamp without time zone))","Rows Removed by Filter": 6}]}]}]}]}]}]},"Planning Time": 7.485,"Triggers": [],"Execution Time": 983.673}]
[{"Plan": {"Node Type": "Sort","Parallel Aware": false,"Async Capable": false,"Startup Cost": 88442.96,"Total Cost": 88443.23,"Plan Rows": 108,"Plan Width": 51,"Actual Startup Time": 897.812,"Actual Total Time": 897.853,"Actual Rows": 187,"Actual Loops": 1,"Sort Key": ["supplier.s_name"],"Sort Method": "quicksort","Sort Space Used": 42,"Sort Space Type": "Memory","Plans": [{"Node Type": "Hash Join","Parent Relationship": "Outer","Parallel Aware": false,"Async Capable": false,"Join Type": "Semi","Startup Cost": 88199.59,"Total Cost": 88439.31,"Plan Rows": 108,"Plan Width": 51,"Actual Startup Time": 893.558,"Actual Total Time": 897.484,"Actual Rows": 187,"Actual Loops": 1,"Inner Unique": false,"Hash Cond": "(supplier.s_suppkey = partsupp.ps_suppkey)","Plans": [{"Node Type": "Nested Loop","Parent Relationship": "Outer","Parallel Aware": false,"Async Capable": false,"Join Type": "Inner","Startup Cost": 7.38,"Total Cost": 244.58,"Plan Rows": 400,"Plan Width": 55,"Actual Startup Time": 0.270,"Actual Total Time": 4.070,"Actual Rows": 411,"Actual Loops": 1,"Inner Unique": false,"Plans": [{"Node Type": "Seq Scan","Parent Relationship": "Outer","Parallel Aware": false,"Async Capable": false,"Relation Name": "nation","Alias": "nation","Startup Cost": 0.00,"Total Cost": 1.31,"Plan Rows": 1,"Plan Width": 4,"Actual Startup Time": 0.064,"Actual Total Time": 0.085,"Actual Rows": 1,"Actual Loops": 1,"Filter": "(n_name = 'SAUDI ARABIA'::bpchar)","Rows Removed by Filter": 24},{"Node Type": "Bitmap Heap Scan","Parent Relationship": "Inner","Parallel Aware": false,"Async Capable": false,"Relation Name": "supplier","Alias": "supplier","Startup Cost": 7.38,"Total Cost": 239.27,"Plan Rows": 400,"Plan Width": 59,"Actual Startup Time": 0.198,"Actual Total Time": 3.915,"Actual Rows": 411,"Actual Loops": 1,"Recheck Cond": "(s_nationkey = nation.n_nationkey)","Rows Removed by Index Recheck": 0,"Exact Heap Blocks": 182,"Lossy Heap Blocks": 0,"Plans": [{"Node Type": "Bitmap Index Scan","Parent Relationship": "Outer","Parallel Aware": false,"Async Capable": false,"Index Name": "idx_supplier_nation_key","Startup Cost": 0.00,"Total Cost": 7.29,"Plan Rows": 400,"Plan Width": 0,"Actual Startup Time": 0.125,"Actual Total Time": 0.131,"Actual Rows": 411,"Actual Loops": 1,"Index Cond": "(s_nationkey = nation.n_nationkey)"}]}]},{"Node Type": "Hash","Parent Relationship": "Inner","Parallel Aware": false,"Async Capable": false,"Startup Cost": 88158.53,"Total Cost": 88158.53,"Plan Rows": 2694,"Plan Width": 4,"Actual Startup Time": 893.200,"Actual Total Time": 893.214,"Actual Rows": 5875,"Actual Loops": 1,"Hash Buckets": 8192,"Original Hash Buckets": 4096,"Hash Batches": 1,"Original Hash Batches": 1,"Peak Memory Usage": 271,"Plans": [{"Node Type": "Nested Loop","Parent Relationship": "Outer","Parallel Aware": false,"Async Capable": false,"Join Type": "Inner","Startup Cost": 0.42,"Total Cost": 88158.53,"Plan Rows": 2694,"Plan Width": 4,"Actual Startup Time": 0.611,"Actual Total Time": 889.041,"Actual Rows": 5875,"Actual Loops": 1,"Inner Unique": false,"Plans": [{"Node Type": "Seq Scan","Parent Relationship": "Outer","Parallel Aware": false,"Async Capable": false,"Relation Name": "part","Alias": "part","Startup Cost": 0.00,"Total Cost": 6597.00,"Plan Rows": 2020,"Plan Width": 4,"Actual Startup Time": 0.041,"Actual Total Time": 196.271,"Actual Rows": 2150,"Actual Loops": 1,"Filter": "((p_name)::text ~~ 'goldenrod%'::text)","Rows Removed by Filter": 197850},{"Node Type": "Index Scan","Parent Relationship": "Inner","Parallel Aware": false,"Async Capable": false,"Scan Direction": "Forward","Index Name": "idx_partsupp_partkey","Relation Name": "partsupp","Alias": "partsupp","Startup Cost": 0.42,"Total Cost": 40.36,"Plan Rows": 1,"Plan Width": 8,"Actual Startup Time": 0.135,"Actual Total Time": 0.322,"Actual Rows": 3,"Actual Loops": 2150,"Index Cond": "(ps_partkey = part.p_partkey)","Rows Removed by Index Recheck": 0,"Filter": "((ps_availqty)::numeric > (SubPlan 1))","Rows Removed by Filter": 1,"Plans": [{"Node Type": "Aggregate","Strategy": "Plain","Partial Mode": "Simple","Parent Relationship": "SubPlan","Subplan Name": "SubPlan 1","Parallel Aware": false,"Async Capable": false,"Startup Cost": 8.46,"Total Cost": 8.47,"Plan Rows": 1,"Plan Width": 32,"Actual Startup Time": 0.072,"Actual Total Time": 0.072,"Actual Rows": 1,"Actual Loops": 8600,"Plans": [{"Node Type": "Index Scan","Parent Relationship": "Outer","Parallel Aware": false,"Async Capable": false,"Scan Direction": "Forward","Index Name": "idx_lineitem_part_supp","Relation Name": "lineitem","Alias": "lineitem","Startup Cost": 0.43,"Total Cost": 8.46,"Plan Rows": 0,"Plan Width": 5,"Actual Startup Time": 0.044,"Actual Total Time": 0.071,"Actual Rows": 1,"Actual Loops": 8600,"Index Cond": "((l_partkey = partsupp.ps_partkey) AND (l_suppkey = partsupp.ps_suppkey))","Rows Removed by Index Recheck": 0,"Filter": "((l_shipdate >= '1995-01-01'::date) AND (l_shipdate < '1996-01-01 00:00:00'::timestamp without time zone))","Rows Removed by Filter": 6}]}]}]}]}]}]},"Planning Time": 7.076,"Triggers": [],"Execution Time": 898.101}]
[{"Plan": {"Node Type": "Sort","Parallel Aware": false,"Async Capable": false,"Startup Cost": 88442.96,"Total Cost": 88443.23,"Plan Rows": 108,"Plan Width": 51,"Actual Startup Time": 965.462,"Actual Total Time": 965.499,"Actual Rows": 164,"Actual Loops": 1,"Sort Key": ["supplier.s_name"],"Sort Method": "quicksort","Sort Space Used": 40,"Sort Space Type": "Memory","Plans": [{"Node Type": "Hash Join","Parent Relationship": "Outer","Parallel Aware": false,"Async Capable": false,"Join Type": "Semi","Startup Cost": 88199.59,"Total Cost": 88439.31,"Plan Rows": 108,"Plan Width": 51,"Actual Startup Time": 961.265,"Actual Total Time": 965.154,"Actual Rows": 164,"Actual Loops": 1,"Inner Unique": false,"Hash Cond": "(supplier.s_suppkey = partsupp.ps_suppkey)","Plans": [{"Node Type": "Nested Loop","Parent Relationship": "Outer","Parallel Aware": false,"Async Capable": false,"Join Type": "Inner","Startup Cost": 7.38,"Total Cost": 244.58,"Plan Rows": 400,"Plan Width": 55,"Actual Startup Time": 0.261,"Actual Total Time": 4.117,"Actual Rows": 377,"Actual Loops": 1,"Inner Unique": false,"Plans": [{"Node Type": "Seq Scan","Parent Relationship": "Outer","Parallel Aware": false,"Async Capable": false,"Relation Name": "nation","Alias": "nation","Startup Cost": 0.00,"Total Cost": 1.31,"Plan Rows": 1,"Plan Width": 4,"Actual Startup Time": 0.070,"Actual Total Time": 0.101,"Actual Rows": 1,"Actual Loops": 1,"Filter": "(n_name = 'JAPAN'::bpchar)","Rows Removed by Filter": 24},{"Node Type": "Bitmap Heap Scan","Parent Relationship": "Inner","Parallel Aware": false,"Async Capable": false,"Relation Name": "supplier","Alias": "supplier","Startup Cost": 7.38,"Total Cost": 239.27,"Plan Rows": 400,"Plan Width": 59,"Actual Startup Time": 0.185,"Actual Total Time": 3.946,"Actual Rows": 377,"Actual Loops": 1,"Recheck Cond": "(s_nationkey = nation.n_nationkey)","Rows Removed by Index Recheck": 0,"Exact Heap Blocks": 180,"Lossy Heap Blocks": 0,"Plans": [{"Node Type": "Bitmap Index Scan","Parent Relationship": "Outer","Parallel Aware": false,"Async Capable": false,"Index Name": "idx_supplier_nation_key","Startup Cost": 0.00,"Total Cost": 7.29,"Plan Rows": 400,"Plan Width": 0,"Actual Startup Time": 0.117,"Actual Total Time": 0.123,"Actual Rows": 377,"Actual Loops": 1,"Index Cond": "(s_nationkey = nation.n_nationkey)"}]}]},{"Node Type": "Hash","Parent Relationship": "Inner","Parallel Aware": false,"Async Capable": false,"Startup Cost": 88158.53,"Total Cost": 88158.53,"Plan Rows": 2694,"Plan Width": 4,"Actual Startup Time": 960.884,"Actual Total Time": 960.893,"Actual Rows": 5823,"Actual Loops": 1,"Hash Buckets": 8192,"Original Hash Buckets": 4096,"Hash Batches": 1,"Original Hash Batches": 1,"Peak Memory Usage": 269,"Plans": [{"Node Type": "Nested Loop","Parent Relationship": "Outer","Parallel Aware": false,"Async Capable": false,"Join Type": "Inner","Startup Cost": 0.42,"Total Cost": 88158.53,"Plan Rows": 2694,"Plan Width": 4,"Actual Startup Time": 0.584,"Actual Total Time": 956.673,"Actual Rows": 5823,"Actual Loops": 1,"Inner Unique": false,"Plans": [{"Node Type": "Seq Scan","Parent Relationship": "Outer","Parallel Aware": false,"Async Capable": false,"Relation Name": "part","Alias": "part","Startup Cost": 0.00,"Total Cost": 6597.00,"Plan Rows": 2020,"Plan Width": 4,"Actual Startup Time": 0.043,"Actual Total Time": 180.749,"Actual Rows": 2148,"Actual Loops": 1,"Filter": "((p_name)::text ~~ 'linen%'::text)","Rows Removed by Filter": 197852},{"Node Type": "Index Scan","Parent Relationship": "Inner","Parallel Aware": false,"Async Capable": false,"Scan Direction": "Forward","Index Name": "idx_partsupp_partkey","Relation Name": "partsupp","Alias": "partsupp","Startup Cost": 0.42,"Total Cost": 40.36,"Plan Rows": 1,"Plan Width": 8,"Actual Startup Time": 0.152,"Actual Total Time": 0.361,"Actual Rows": 3,"Actual Loops": 2148,"Index Cond": "(ps_partkey = part.p_partkey)","Rows Removed by Index Recheck": 0,"Filter": "((ps_availqty)::numeric > (SubPlan 1))","Rows Removed by Filter": 1,"Plans": [{"Node Type": "Aggregate","Strategy": "Plain","Partial Mode": "Simple","Parent Relationship": "SubPlan","Subplan Name": "SubPlan 1","Parallel Aware": false,"Async Capable": false,"Startup Cost": 8.46,"Total Cost": 8.47,"Plan Rows": 1,"Plan Width": 32,"Actual Startup Time": 0.082,"Actual Total Time": 0.082,"Actual Rows": 1,"Actual Loops": 8592,"Plans": [{"Node Type": "Index Scan","Parent Relationship": "Outer","Parallel Aware": false,"Async Capable": false,"Scan Direction": "Forward","Index Name": "idx_lineitem_part_supp","Relation Name": "lineitem","Alias": "lineitem","Startup Cost": 0.43,"Total Cost": 8.46,"Plan Rows": 0,"Plan Width": 5,"Actual Startup Time": 0.050,"Actual Total Time": 0.081,"Actual Rows": 1,"Actual Loops": 8592,"Index Cond": "((l_partkey = partsupp.ps_partkey) AND (l_suppkey = partsupp.ps_suppkey))","Rows Removed by Index Recheck": 0,"Filter": "((l_shipdate >= '1994-01-01'::date) AND (l_shipdate < '1995-01-01 00:00:00'::timestamp without time zone))","Rows Removed by Filter": 6}]}]}]}]}]}]},"Planning Time": 6.987,"Triggers": [],"Execution Time": 965.754}]
[{"Plan": {"Node Type": "Sort","Parallel Aware": false,"Async Capable": false,"Startup Cost": 88442.96,"Total Cost": 88443.23,"Plan Rows": 108,"Plan Width": 51,"Actual Startup Time": 890.544,"Actual Total Time": 890.581,"Actual Rows": 179,"Actual Loops": 1,"Sort Key": ["supplier.s_name"],"Sort Method": "quicksort","Sort Space Used": 41,"Sort Space Type": "Memory","Plans": [{"Node Type": "Hash Join","Parent Relationship": "Outer","Parallel Aware": false,"Async Capable": false,"Join Type": "Semi","Startup Cost": 88199.59,"Total Cost": 88439.31,"Plan Rows": 108,"Plan Width": 51,"Actual Startup Time": 886.242,"Actual Total Time": 890.232,"Actual Rows": 179,"Actual Loops": 1,"Inner Unique": false,"Hash Cond": "(supplier.s_suppkey = partsupp.ps_suppkey)","Plans": [{"Node Type": "Nested Loop","Parent Relationship": "Outer","Parallel Aware": false,"Async Capable": false,"Join Type": "Inner","Startup Cost": 7.38,"Total Cost": 244.58,"Plan Rows": 400,"Plan Width": 55,"Actual Startup Time": 0.275,"Actual Total Time": 4.138,"Actual Rows": 415,"Actual Loops": 1,"Inner Unique": false,"Plans": [{"Node Type": "Seq Scan","Parent Relationship": "Outer","Parallel Aware": false,"Async Capable": false,"Relation Name": "nation","Alias": "nation","Startup Cost": 0.00,"Total Cost": 1.31,"Plan Rows": 1,"Plan Width": 4,"Actual Startup Time": 0.073,"Actual Total Time": 0.095,"Actual Rows": 1,"Actual Loops": 1,"Filter": "(n_name = 'INDIA'::bpchar)","Rows Removed by Filter": 24},{"Node Type": "Bitmap Heap Scan","Parent Relationship": "Inner","Parallel Aware": false,"Async Capable": false,"Relation Name": "supplier","Alias": "supplier","Startup Cost": 7.38,"Total Cost": 239.27,"Plan Rows": 400,"Plan Width": 59,"Actual Startup Time": 0.192,"Actual Total Time": 3.972,"Actual Rows": 415,"Actual Loops": 1,"Recheck Cond": "(s_nationkey = nation.n_nationkey)","Rows Removed by Index Recheck": 0,"Exact Heap Blocks": 186,"Lossy Heap Blocks": 0,"Plans": [{"Node Type": "Bitmap Index Scan","Parent Relationship": "Outer","Parallel Aware": false,"Async Capable": false,"Index Name": "idx_supplier_nation_key","Startup Cost": 0.00,"Total Cost": 7.29,"Plan Rows": 400,"Plan Width": 0,"Actual Startup Time": 0.127,"Actual Total Time": 0.130,"Actual Rows": 415,"Actual Loops": 1,"Index Cond": "(s_nationkey = nation.n_nationkey)"}]}]},{"Node Type": "Hash","Parent Relationship": "Inner","Parallel Aware": false,"Async Capable": false,"Startup Cost": 88158.53,"Total Cost": 88158.53,"Plan Rows": 2694,"Plan Width": 4,"Actual Startup Time": 885.919,"Actual Total Time": 885.927,"Actual Rows": 5798,"Actual Loops": 1,"Hash Buckets": 8192,"Original Hash Buckets": 4096,"Hash Batches": 1,"Original Hash Batches": 1,"Peak Memory Usage": 268,"Plans": [{"Node Type": "Nested Loop","Parent Relationship": "Outer","Parallel Aware": false,"Async Capable": false,"Join Type": "Inner","Startup Cost": 0.42,"Total Cost": 88158.53,"Plan Rows": 2694,"Plan Width": 4,"Actual Startup Time": 0.517,"Actual Total Time": 881.716,"Actual Rows": 5798,"Actual Loops": 1,"Inner Unique": false,"Plans": [{"Node Type": "Seq Scan","Parent Relationship": "Outer","Parallel Aware": false,"Async Capable": false,"Relation Name": "part","Alias": "part","Startup Cost": 0.00,"Total Cost": 6597.00,"Plan Rows": 2020,"Plan Width": 4,"Actual Startup Time": 0.083,"Actual Total Time": 193.817,"Actual Rows": 2144,"Actual Loops": 1,"Filter": "((p_name)::text ~~ 'green%'::text)","Rows Removed by Filter": 197856},{"Node Type": "Index Scan","Parent Relationship": "Inner","Parallel Aware": false,"Async Capable": false,"Scan Direction": "Forward","Index Name": "idx_partsupp_partkey","Relation Name": "partsupp","Alias": "partsupp","Startup Cost": 0.42,"Total Cost": 40.36,"Plan Rows": 1,"Plan Width": 8,"Actual Startup Time": 0.137,"Actual Total Time": 0.320,"Actual Rows": 3,"Actual Loops": 2144,"Index Cond": "(ps_partkey = part.p_partkey)","Rows Removed by Index Recheck": 0,"Filter": "((ps_availqty)::numeric > (SubPlan 1))","Rows Removed by Filter": 1,"Plans": [{"Node Type": "Aggregate","Strategy": "Plain","Partial Mode": "Simple","Parent Relationship": "SubPlan","Subplan Name": "SubPlan 1","Parallel Aware": false,"Async Capable": false,"Startup Cost": 8.46,"Total Cost": 8.47,"Plan Rows": 1,"Plan Width": 32,"Actual Startup Time": 0.072,"Actual Total Time": 0.072,"Actual Rows": 1,"Actual Loops": 8576,"Plans": [{"Node Type": "Index Scan","Parent Relationship": "Outer","Parallel Aware": false,"Async Capable": false,"Scan Direction": "Forward","Index Name": "idx_lineitem_part_supp","Relation Name": "lineitem","Alias": "lineitem","Startup Cost": 0.43,"Total Cost": 8.46,"Plan Rows": 0,"Plan Width": 5,"Actual Startup Time": 0.044,"Actual Total Time": 0.071,"Actual Rows": 1,"Actual Loops": 8576,"Index Cond": "((l_partkey = partsupp.ps_partkey) AND (l_suppkey = partsupp.ps_suppkey))","Rows Removed by Index Recheck": 0,"Filter": "((l_shipdate >= '1995-01-01'::date) AND (l_shipdate < '1996-01-01 00:00:00'::timestamp without time zone))","Rows Removed by Filter": 6}]}]}]}]}]}]},"Planning Time": 6.194,"Triggers": [],"Execution Time": 890.834}]
[{"Plan": {"Node Type": "Sort","Parallel Aware": false,"Async Capable": false,"Startup Cost": 88442.96,"Total Cost": 88443.23,"Plan Rows": 108,"Plan Width": 51,"Actual Startup Time": 989.550,"Actual Total Time": 989.598,"Actual Rows": 217,"Actual Loops": 1,"Sort Key": ["supplier.s_name"],"Sort Method": "quicksort","Sort Space Used": 44,"Sort Space Type": "Memory","Plans": [{"Node Type": "Hash Join","Parent Relationship": "Outer","Parallel Aware": false,"Async Capable": false,"Join Type": "Semi","Startup Cost": 88199.59,"Total Cost": 88439.31,"Plan Rows": 108,"Plan Width": 51,"Actual Startup Time": 984.921,"Actual Total Time": 989.161,"Actual Rows": 217,"Actual Loops": 1,"Inner Unique": false,"Hash Cond": "(supplier.s_suppkey = partsupp.ps_suppkey)","Plans": [{"Node Type": "Nested Loop","Parent Relationship": "Outer","Parallel Aware": false,"Async Capable": false,"Join Type": "Inner","Startup Cost": 7.38,"Total Cost": 244.58,"Plan Rows": 400,"Plan Width": 55,"Actual Startup Time": 0.247,"Actual Total Time": 4.468,"Actual Rows": 438,"Actual Loops": 1,"Inner Unique": false,"Plans": [{"Node Type": "Seq Scan","Parent Relationship": "Outer","Parallel Aware": false,"Async Capable": false,"Relation Name": "nation","Alias": "nation","Startup Cost": 0.00,"Total Cost": 1.31,"Plan Rows": 1,"Plan Width": 4,"Actual Startup Time": 0.033,"Actual Total Time": 0.061,"Actual Rows": 1,"Actual Loops": 1,"Filter": "(n_name = 'IRAQ'::bpchar)","Rows Removed by Filter": 24},{"Node Type": "Bitmap Heap Scan","Parent Relationship": "Inner","Parallel Aware": false,"Async Capable": false,"Relation Name": "supplier","Alias": "supplier","Startup Cost": 7.38,"Total Cost": 239.27,"Plan Rows": 400,"Plan Width": 59,"Actual Startup Time": 0.206,"Actual Total Time": 4.334,"Actual Rows": 438,"Actual Loops": 1,"Recheck Cond": "(s_nationkey = nation.n_nationkey)","Rows Removed by Index Recheck": 0,"Exact Heap Blocks": 194,"Lossy Heap Blocks": 0,"Plans": [{"Node Type": "Bitmap Index Scan","Parent Relationship": "Outer","Parallel Aware": false,"Async Capable": false,"Index Name": "idx_supplier_nation_key","Startup Cost": 0.00,"Total Cost": 7.29,"Plan Rows": 400,"Plan Width": 0,"Actual Startup Time": 0.151,"Actual Total Time": 0.157,"Actual Rows": 438,"Actual Loops": 1,"Index Cond": "(s_nationkey = nation.n_nationkey)"}]}]},{"Node Type": "Hash","Parent Relationship": "Inner","Parallel Aware": false,"Async Capable": false,"Startup Cost": 88158.53,"Total Cost": 88158.53,"Plan Rows": 2694,"Plan Width": 4,"Actual Startup Time": 984.475,"Actual Total Time": 984.492,"Actual Rows": 6102,"Actual Loops": 1,"Hash Buckets": 8192,"Original Hash Buckets": 4096,"Hash Batches": 1,"Original Hash Batches": 1,"Peak Memory Usage": 279,"Plans": [{"Node Type": "Nested Loop","Parent Relationship": "Outer","Parallel Aware": false,"Async Capable": false,"Join Type": "Inner","Startup Cost": 0.42,"Total Cost": 88158.53,"Plan Rows": 2694,"Plan Width": 4,"Actual Startup Time": 0.456,"Actual Total Time": 979.381,"Actual Rows": 6102,"Actual Loops": 1,"Inner Unique": false,"Plans": [{"Node Type": "Seq Scan","Parent Relationship": "Outer","Parallel Aware": false,"Async Capable": false,"Relation Name": "part","Alias": "part","Startup Cost": 0.00,"Total Cost": 6597.00,"Plan Rows": 2020,"Plan Width": 4,"Actual Startup Time": 0.184,"Actual Total Time": 181.576,"Actual Rows": 2216,"Actual Loops": 1,"Filter": "((p_name)::text ~~ 'chartreuse%'::text)","Rows Removed by Filter": 197784},{"Node Type": "Index Scan","Parent Relationship": "Inner","Parallel Aware": false,"Async Capable": false,"Scan Direction": "Forward","Index Name": "idx_partsupp_partkey","Relation Name": "partsupp","Alias": "partsupp","Startup Cost": 0.42,"Total Cost": 40.36,"Plan Rows": 1,"Plan Width": 8,"Actual Startup Time": 0.148,"Actual Total Time": 0.360,"Actual Rows": 3,"Actual Loops": 2216,"Index Cond": "(ps_partkey = part.p_partkey)","Rows Removed by Index Recheck": 0,"Filter": "((ps_availqty)::numeric > (SubPlan 1))","Rows Removed by Filter": 1,"Plans": [{"Node Type": "Aggregate","Strategy": "Plain","Partial Mode": "Simple","Parent Relationship": "SubPlan","Subplan Name": "SubPlan 1","Parallel Aware": false,"Async Capable": false,"Startup Cost": 8.46,"Total Cost": 8.47,"Plan Rows": 1,"Plan Width": 32,"Actual Startup Time": 0.082,"Actual Total Time": 0.082,"Actual Rows": 1,"Actual Loops": 8864,"Plans": [{"Node Type": "Index Scan","Parent Relationship": "Outer","Parallel Aware": false,"Async Capable": false,"Scan Direction": "Forward","Index Name": "idx_lineitem_part_supp","Relation Name": "lineitem","Alias": "lineitem","Startup Cost": 0.43,"Total Cost": 8.46,"Plan Rows": 0,"Plan Width": 5,"Actual Startup Time": 0.049,"Actual Total Time": 0.081,"Actual Rows": 1,"Actual Loops": 8864,"Index Cond": "((l_partkey = partsupp.ps_partkey) AND (l_suppkey = partsupp.ps_suppkey))","Rows Removed by Index Recheck": 0,"Filter": "((l_shipdate >= '1996-01-01'::date) AND (l_shipdate < '1997-01-01 00:00:00'::timestamp without time zone))","Rows Removed by Filter": 6}]}]}]}]}]}]},"Planning Time": 7.911,"Triggers": [],"Execution Time": 989.846}]
[{"Plan": {"Node Type": "Sort","Parallel Aware": false,"Async Capable": false,"Startup Cost": 88442.96,"Total Cost": 88443.23,"Plan Rows": 108,"Plan Width": 51,"Actual Startup Time": 915.641,"Actual Total Time": 915.666,"Actual Rows": 174,"Actual Loops": 1,"Sort Key": ["supplier.s_name"],"Sort Method": "quicksort","Sort Space Used": 41,"Sort Space Type": "Memory","Plans": [{"Node Type": "Hash Join","Parent Relationship": "Outer","Parallel Aware": false,"Async Capable": false,"Join Type": "Semi","Startup Cost": 88199.59,"Total Cost": 88439.31,"Plan Rows": 108,"Plan Width": 51,"Actual Startup Time": 911.368,"Actual Total Time": 915.161,"Actual Rows": 174,"Actual Loops": 1,"Inner Unique": false,"Hash Cond": "(supplier.s_suppkey = partsupp.ps_suppkey)","Plans": [{"Node Type": "Nested Loop","Parent Relationship": "Outer","Parallel Aware": false,"Async Capable": false,"Join Type": "Inner","Startup Cost": 7.38,"Total Cost": 244.58,"Plan Rows": 400,"Plan Width": 55,"Actual Startup Time": 0.288,"Actual Total Time": 3.964,"Actual Rows": 406,"Actual Loops": 1,"Inner Unique": false,"Plans": [{"Node Type": "Seq Scan","Parent Relationship": "Outer","Parallel Aware": false,"Async Capable": false,"Relation Name": "nation","Alias": "nation","Startup Cost": 0.00,"Total Cost": 1.31,"Plan Rows": 1,"Plan Width": 4,"Actual Startup Time": 0.077,"Actual Total Time": 0.102,"Actual Rows": 1,"Actual Loops": 1,"Filter": "(n_name = 'MOZAMBIQUE'::bpchar)","Rows Removed by Filter": 24},{"Node Type": "Bitmap Heap Scan","Parent Relationship": "Inner","Parallel Aware": false,"Async Capable": false,"Relation Name": "supplier","Alias": "supplier","Startup Cost": 7.38,"Total Cost": 239.27,"Plan Rows": 400,"Plan Width": 59,"Actual Startup Time": 0.200,"Actual Total Time": 3.797,"Actual Rows": 406,"Actual Loops": 1,"Recheck Cond": "(s_nationkey = nation.n_nationkey)","Rows Removed by Index Recheck": 0,"Exact Heap Blocks": 186,"Lossy Heap Blocks": 0,"Plans": [{"Node Type": "Bitmap Index Scan","Parent Relationship": "Outer","Parallel Aware": false,"Async Capable": false,"Index Name": "idx_supplier_nation_key","Startup Cost": 0.00,"Total Cost": 7.29,"Plan Rows": 400,"Plan Width": 0,"Actual Startup Time": 0.134,"Actual Total Time": 0.137,"Actual Rows": 406,"Actual Loops": 1,"Index Cond": "(s_nationkey = nation.n_nationkey)"}]}]},{"Node Type": "Hash","Parent Relationship": "Inner","Parallel Aware": false,"Async Capable": false,"Startup Cost": 88158.53,"Total Cost": 88158.53,"Plan Rows": 2694,"Plan Width": 4,"Actual Startup Time": 911.024,"Actual Total Time": 911.031,"Actual Rows": 6074,"Actual Loops": 1,"Hash Buckets": 8192,"Original Hash Buckets": 4096,"Hash Batches": 1,"Original Hash Batches": 1,"Peak Memory Usage": 278,"Plans": [{"Node Type": "Nested Loop","Parent Relationship": "Outer","Parallel Aware": false,"Async Capable": false,"Join Type": "Inner","Startup Cost": 0.42,"Total Cost": 88158.53,"Plan Rows": 2694,"Plan Width": 4,"Actual Startup Time": 0.475,"Actual Total Time": 906.700,"Actual Rows": 6074,"Actual Loops": 1,"Inner Unique": false,"Plans": [{"Node Type": "Seq Scan","Parent Relationship": "Outer","Parallel Aware": false,"Async Capable": false,"Relation Name": "part","Alias": "part","Startup Cost": 0.00,"Total Cost": 6597.00,"Plan Rows": 2020,"Plan Width": 4,"Actual Startup Time": 0.061,"Actual Total Time": 196.322,"Actual Rows": 2201,"Actual Loops": 1,"Filter": "((p_name)::text ~~ 'thistle%'::text)","Rows Removed by Filter": 197799},{"Node Type": "Index Scan","Parent Relationship": "Inner","Parallel Aware": false,"Async Capable": false,"Scan Direction": "Forward","Index Name": "idx_partsupp_partkey","Relation Name": "partsupp","Alias": "partsupp","Startup Cost": 0.42,"Total Cost": 40.36,"Plan Rows": 1,"Plan Width": 8,"Actual Startup Time": 0.134,"Actual Total Time": 0.322,"Actual Rows": 3,"Actual Loops": 2201,"Index Cond": "(ps_partkey = part.p_partkey)","Rows Removed by Index Recheck": 0,"Filter": "((ps_availqty)::numeric > (SubPlan 1))","Rows Removed by Filter": 1,"Plans": [{"Node Type": "Aggregate","Strategy": "Plain","Partial Mode": "Simple","Parent Relationship": "SubPlan","Subplan Name": "SubPlan 1","Parallel Aware": false,"Async Capable": false,"Startup Cost": 8.46,"Total Cost": 8.47,"Plan Rows": 1,"Plan Width": 32,"Actual Startup Time": 0.072,"Actual Total Time": 0.072,"Actual Rows": 1,"Actual Loops": 8804,"Plans": [{"Node Type": "Index Scan","Parent Relationship": "Outer","Parallel Aware": false,"Async Capable": false,"Scan Direction": "Forward","Index Name": "idx_lineitem_part_supp","Relation Name": "lineitem","Alias": "lineitem","Startup Cost": 0.43,"Total Cost": 8.46,"Plan Rows": 0,"Plan Width": 5,"Actual Startup Time": 0.044,"Actual Total Time": 0.071,"Actual Rows": 1,"Actual Loops": 8804,"Index Cond": "((l_partkey = partsupp.ps_partkey) AND (l_suppkey = partsupp.ps_suppkey))","Rows Removed by Index Recheck": 0,"Filter": "((l_shipdate >= '1995-01-01'::date) AND (l_shipdate < '1996-01-01 00:00:00'::timestamp without time zone))","Rows Removed by Filter": 6}]}]}]}]}]}]},"Planning Time": 7.213,"Triggers": [],"Execution Time": 915.896}]
[{"Plan": {"Node Type": "Sort","Parallel Aware": false,"Async Capable": false,"Startup Cost": 165280.99,"Total Cost": 165281.52,"Plan Rows": 215,"Plan Width": 51,"Actual Startup Time": 968.577,"Actual Total Time": 968.618,"Actual Rows": 162,"Actual Loops": 1,"Sort Key": ["supplier.s_name"],"Sort Method": "quicksort","Sort Space Used": 40,"Sort Space Type": "Memory","Plans": [{"Node Type": "Hash Join","Parent Relationship": "Outer","Parallel Aware": false,"Async Capable": false,"Join Type": "Semi","Startup Cost": 165030.68,"Total Cost": 165272.66,"Plan Rows": 215,"Plan Width": 51,"Actual Startup Time": 963.792,"Actual Total Time": 968.087,"Actual Rows": 162,"Actual Loops": 1,"Inner Unique": false,"Hash Cond": "(supplier.s_suppkey = partsupp.ps_suppkey)","Plans": [{"Node Type": "Nested Loop","Parent Relationship": "Outer","Parallel Aware": false,"Async Capable": false,"Join Type": "Inner","Startup Cost": 7.38,"Total Cost": 244.58,"Plan Rows": 400,"Plan Width": 55,"Actual Startup Time": 0.310,"Actual Total Time": 4.088,"Actual Rows": 376,"Actual Loops": 1,"Inner Unique": false,"Plans": [{"Node Type": "Seq Scan","Parent Relationship": "Outer","Parallel Aware": false,"Async Capable": false,"Relation Name": "nation","Alias": "nation","Startup Cost": 0.00,"Total Cost": 1.31,"Plan Rows": 1,"Plan Width": 4,"Actual Startup Time": 0.073,"Actual Total Time": 0.102,"Actual Rows": 1,"Actual Loops": 1,"Filter": "(n_name = 'KENYA'::bpchar)","Rows Removed by Filter": 24},{"Node Type": "Bitmap Heap Scan","Parent Relationship": "Inner","Parallel Aware": false,"Async Capable": false,"Relation Name": "supplier","Alias": "supplier","Startup Cost": 7.38,"Total Cost": 239.27,"Plan Rows": 400,"Plan Width": 59,"Actual Startup Time": 0.229,"Actual Total Time": 3.905,"Actual Rows": 376,"Actual Loops": 1,"Recheck Cond": "(s_nationkey = nation.n_nationkey)","Rows Removed by Index Recheck": 0,"Exact Heap Blocks": 179,"Lossy Heap Blocks": 0,"Plans": [{"Node Type": "Bitmap Index Scan","Parent Relationship": "Outer","Parallel Aware": false,"Async Capable": false,"Index Name": "idx_supplier_nation_key","Startup Cost": 0.00,"Total Cost": 7.29,"Plan Rows": 400,"Plan Width": 0,"Actual Startup Time": 0.168,"Actual Total Time": 0.174,"Actual Rows": 376,"Actual Loops": 1,"Index Cond": "(s_nationkey = nation.n_nationkey)"}]}]},{"Node Type": "Hash","Parent Relationship": "Inner","Parallel Aware": false,"Async Capable": false,"Startup Cost": 164955.96,"Total Cost": 164955.96,"Plan Rows": 5387,"Plan Width": 4,"Actual Startup Time": 963.380,"Actual Total Time": 963.390,"Actual Rows": 5789,"Actual Loops": 1,"Hash Buckets": 8192,"Original Hash Buckets": 8192,"Hash Batches": 1,"Original Hash Batches": 1,"Peak Memory Usage": 268,"Plans": [{"Node Type": "Nested Loop","Parent Relationship": "Outer","Parallel Aware": false,"Async Capable": false,"Join Type": "Inner","Startup Cost": 0.42,"Total Cost": 164955.96,"Plan Rows": 5387,"Plan Width": 4,"Actual Startup Time": 0.716,"Actual Total Time": 957.858,"Actual Rows": 5789,"Actual Loops": 1,"Inner Unique": false,"Plans": [{"Node Type": "Seq Scan","Parent Relationship": "Outer","Parallel Aware": false,"Async Capable": false,"Relation Name": "part","Alias": "part","Startup Cost": 0.00,"Total Cost": 6597.00,"Plan Rows": 4040,"Plan Width": 4,"Actual Startup Time": 0.063,"Actual Total Time": 180.994,"Actual Rows": 2143,"Actual Loops": 1,"Filter": "((p_name)::text ~~ 'khaki%'::text)","Rows Removed by Filter": 197857},{"Node Type": "Index Scan","Parent Relationship": "Inner","Parallel Aware": false,"Async Capable": false,"Scan Direction": "Forward","Index Name": "idx_partsupp_partkey","Relation Name": "partsupp","Alias": "partsupp","Startup Cost": 0.42,"Total Cost": 39.18,"Plan Rows": 1,"Plan Width": 8,"Actual Startup Time": 0.149,"Actual Total Time": 0.362,"Actual Rows": 3,"Actual Loops": 2143,"Index Cond": "(ps_partkey = part.p_partkey)","Rows Removed by Index Recheck": 0,"Filter": "((ps_availqty)::numeric > (SubPlan 1))","Rows Removed by Filter": 1,"Plans": [{"Node Type": "Aggregate","Strategy": "Plain","Partial Mode": "Simple","Parent Relationship": "SubPlan","Subplan Name": "SubPlan 1","Parallel Aware": false,"Async Capable": false,"Startup Cost": 8.46,"Total Cost": 8.47,"Plan Rows": 1,"Plan Width": 32,"Actual Startup Time": 0.082,"Actual Total Time": 0.082,"Actual Rows": 1,"Actual Loops": 8572,"Plans": [{"Node Type": "Index Scan","Parent Relationship": "Outer","Parallel Aware": false,"Async Capable": false,"Scan Direction": "Forward","Index Name": "idx_lineitem_part_supp","Relation Name": "lineitem","Alias": "lineitem","Startup Cost": 0.43,"Total Cost": 8.46,"Plan Rows": 0,"Plan Width": 5,"Actual Startup Time": 0.050,"Actual Total Time": 0.082,"Actual Rows": 1,"Actual Loops": 8572,"Index Cond": "((l_partkey = partsupp.ps_partkey) AND (l_suppkey = partsupp.ps_suppkey))","Rows Removed by Index Recheck": 0,"Filter": "((l_shipdate >= '1997-01-01'::date) AND (l_shipdate < '1998-01-01 00:00:00'::timestamp without time zone))","Rows Removed by Filter": 6}]}]}]}]}]}]},"Planning Time": 6.475,"Triggers": [],"Execution Time": 968.913}]
[{"Plan": {"Node Type": "Sort","Parallel Aware": false,"Async Capable": false,"Startup Cost": 88442.96,"Total Cost": 88443.23,"Plan Rows": 108,"Plan Width": 51,"Actual Startup Time": 952.121,"Actual Total Time": 952.153,"Actual Rows": 209,"Actual Loops": 1,"Sort Key": ["supplier.s_name"],"Sort Method": "quicksort","Sort Space Used": 44,"Sort Space Type": "Memory","Plans": [{"Node Type": "Hash Join","Parent Relationship": "Outer","Parallel Aware": false,"Async Capable": false,"Join Type": "Semi","Startup Cost": 88199.59,"Total Cost": 88439.31,"Plan Rows": 108,"Plan Width": 51,"Actual Startup Time": 947.611,"Actual Total Time": 951.798,"Actual Rows": 209,"Actual Loops": 1,"Inner Unique": false,"Hash Cond": "(supplier.s_suppkey = partsupp.ps_suppkey)","Plans": [{"Node Type": "Nested Loop","Parent Relationship": "Outer","Parallel Aware": false,"Async Capable": false,"Join Type": "Inner","Startup Cost": 7.38,"Total Cost": 244.58,"Plan Rows": 400,"Plan Width": 55,"Actual Startup Time": 0.322,"Actual Total Time": 4.372,"Actual Rows": 438,"Actual Loops": 1,"Inner Unique": false,"Plans": [{"Node Type": "Seq Scan","Parent Relationship": "Outer","Parallel Aware": false,"Async Capable": false,"Relation Name": "nation","Alias": "nation","Startup Cost": 0.00,"Total Cost": 1.31,"Plan Rows": 1,"Plan Width": 4,"Actual Startup Time": 0.070,"Actual Total Time": 0.100,"Actual Rows": 1,"Actual Loops": 1,"Filter": "(n_name = 'IRAQ'::bpchar)","Rows Removed by Filter": 24},{"Node Type": "Bitmap Heap Scan","Parent Relationship": "Inner","Parallel Aware": false,"Async Capable": false,"Relation Name": "supplier","Alias": "supplier","Startup Cost": 7.38,"Total Cost": 239.27,"Plan Rows": 400,"Plan Width": 59,"Actual Startup Time": 0.243,"Actual Total Time": 4.202,"Actual Rows": 438,"Actual Loops": 1,"Recheck Cond": "(s_nationkey = nation.n_nationkey)","Rows Removed by Index Recheck": 0,"Exact Heap Blocks": 194,"Lossy Heap Blocks": 0,"Plans": [{"Node Type": "Bitmap Index Scan","Parent Relationship": "Outer","Parallel Aware": false,"Async Capable": false,"Index Name": "idx_supplier_nation_key","Startup Cost": 0.00,"Total Cost": 7.29,"Plan Rows": 400,"Plan Width": 0,"Actual Startup Time": 0.175,"Actual Total Time": 0.180,"Actual Rows": 438,"Actual Loops": 1,"Index Cond": "(s_nationkey = nation.n_nationkey)"}]}]},{"Node Type": "Hash","Parent Relationship": "Inner","Parallel Aware": false,"Async Capable": false,"Startup Cost": 88158.53,"Total Cost": 88158.53,"Plan Rows": 2694,"Plan Width": 4,"Actual Startup Time": 947.225,"Actual Total Time": 947.235,"Actual Rows": 5691,"Actual Loops": 1,"Hash Buckets": 8192,"Original Hash Buckets": 4096,"Hash Batches": 1,"Original Hash Batches": 1,"Peak Memory Usage": 265,"Plans": [{"Node Type": "Nested Loop","Parent Relationship": "Outer","Parallel Aware": false,"Async Capable": false,"Join Type": "Inner","Startup Cost": 0.42,"Total Cost": 88158.53,"Plan Rows": 2694,"Plan Width": 4,"Actual Startup Time": 0.519,"Actual Total Time": 943.162,"Actual Rows": 5691,"Actual Loops": 1,"Inner Unique": false,"Plans": [{"Node Type": "Seq Scan","Parent Relationship": "Outer","Parallel Aware": false,"Async Capable": false,"Relation Name": "part","Alias": "part","Startup Cost": 0.00,"Total Cost": 6597.00,"Plan Rows": 2020,"Plan Width": 4,"Actual Startup Time": 0.071,"Actual Total Time": 181.555,"Actual Rows": 2107,"Actual Loops": 1,"Filter": "((p_name)::text ~~ 'coral%'::text)","Rows Removed by Filter": 197893},{"Node Type": "Index Scan","Parent Relationship": "Inner","Parallel Aware": false,"Async Capable": false,"Scan Direction": "Forward","Index Name": "idx_partsupp_partkey","Relation Name": "partsupp","Alias": "partsupp","Startup Cost": 0.42,"Total Cost": 40.36,"Plan Rows": 1,"Plan Width": 8,"Actual Startup Time": 0.152,"Actual Total Time": 0.361,"Actual Rows": 3,"Actual Loops": 2107,"Index Cond": "(ps_partkey = part.p_partkey)","Rows Removed by Index Recheck": 0,"Filter": "((ps_availqty)::numeric > (SubPlan 1))","Rows Removed by Filter": 1,"Plans": [{"Node Type": "Aggregate","Strategy": "Plain","Partial Mode": "Simple","Parent Relationship": "SubPlan","Subplan Name": "SubPlan 1","Parallel Aware": false,"Async Capable": false,"Startup Cost": 8.46,"Total Cost": 8.47,"Plan Rows": 1,"Plan Width": 32,"Actual Startup Time": 0.082,"Actual Total Time": 0.082,"Actual Rows": 1,"Actual Loops": 8428,"Plans": [{"Node Type": "Index Scan","Parent Relationship": "Outer","Parallel Aware": false,"Async Capable": false,"Scan Direction": "Forward","Index Name": "idx_lineitem_part_supp","Relation Name": "lineitem","Alias": "lineitem","Startup Cost": 0.43,"Total Cost": 8.46,"Plan Rows": 0,"Plan Width": 5,"Actual Startup Time": 0.050,"Actual Total Time": 0.081,"Actual Rows": 1,"Actual Loops": 8428,"Index Cond": "((l_partkey = partsupp.ps_partkey) AND (l_suppkey = partsupp.ps_suppkey))","Rows Removed by Index Recheck": 0,"Filter": "((l_shipdate >= '1993-01-01'::date) AND (l_shipdate < '1994-01-01 00:00:00'::timestamp without time zone))","Rows Removed by Filter": 6}]}]}]}]}]}]},"Planning Time": 6.590,"Triggers": [],"Execution Time": 952.415}]
[{"Plan": {"Node Type": "Sort","Parallel Aware": false,"Async Capable": false,"Startup Cost": 165280.99,"Total Cost": 165281.53,"Plan Rows": 215,"Plan Width": 51,"Actual Startup Time": 971.015,"Actual Total Time": 971.060,"Actual Rows": 174,"Actual Loops": 1,"Sort Key": ["supplier.s_name"],"Sort Method": "quicksort","Sort Space Used": 41,"Sort Space Type": "Memory","Plans": [{"Node Type": "Hash Join","Parent Relationship": "Outer","Parallel Aware": false,"Async Capable": false,"Join Type": "Semi","Startup Cost": 165030.68,"Total Cost": 165272.66,"Plan Rows": 215,"Plan Width": 51,"Actual Startup Time": 966.222,"Actual Total Time": 970.555,"Actual Rows": 174,"Actual Loops": 1,"Inner Unique": false,"Hash Cond": "(supplier.s_suppkey = partsupp.ps_suppkey)","Plans": [{"Node Type": "Nested Loop","Parent Relationship": "Outer","Parallel Aware": false,"Async Capable": false,"Join Type": "Inner","Startup Cost": 7.38,"Total Cost": 244.58,"Plan Rows": 400,"Plan Width": 55,"Actual Startup Time": 0.260,"Actual Total Time": 4.075,"Actual Rows": 393,"Actual Loops": 1,"Inner Unique": false,"Plans": [{"Node Type": "Seq Scan","Parent Relationship": "Outer","Parallel Aware": false,"Async Capable": false,"Relation Name": "nation","Alias": "nation","Startup Cost": 0.00,"Total Cost": 1.31,"Plan Rows": 1,"Plan Width": 4,"Actual Startup Time": 0.075,"Actual Total Time": 0.086,"Actual Rows": 1,"Actual Loops": 1,"Filter": "(n_name = 'UNITED STATES'::bpchar)","Rows Removed by Filter": 24},{"Node Type": "Bitmap Heap Scan","Parent Relationship": "Inner","Parallel Aware": false,"Async Capable": false,"Relation Name": "supplier","Alias": "supplier","Startup Cost": 7.38,"Total Cost": 239.27,"Plan Rows": 400,"Plan Width": 59,"Actual Startup Time": 0.180,"Actual Total Time": 3.916,"Actual Rows": 393,"Actual Loops": 1,"Recheck Cond": "(s_nationkey = nation.n_nationkey)","Rows Removed by Index Recheck": 0,"Exact Heap Blocks": 181,"Lossy Heap Blocks": 0,"Plans": [{"Node Type": "Bitmap Index Scan","Parent Relationship": "Outer","Parallel Aware": false,"Async Capable": false,"Index Name": "idx_supplier_nation_key","Startup Cost": 0.00,"Total Cost": 7.29,"Plan Rows": 400,"Plan Width": 0,"Actual Startup Time": 0.128,"Actual Total Time": 0.135,"Actual Rows": 393,"Actual Loops": 1,"Index Cond": "(s_nationkey = nation.n_nationkey)"}]}]},{"Node Type": "Hash","Parent Relationship": "Inner","Parallel Aware": false,"Async Capable": false,"Startup Cost": 164955.96,"Total Cost": 164955.96,"Plan Rows": 5387,"Plan Width": 4,"Actual Startup Time": 965.835,"Actual Total Time": 965.847,"Actual Rows": 5847,"Actual Loops": 1,"Hash Buckets": 8192,"Original Hash Buckets": 8192,"Hash Batches": 1,"Original Hash Batches": 1,"Peak Memory Usage": 270,"Plans": [{"Node Type": "Nested Loop","Parent Relationship": "Outer","Parallel Aware": false,"Async Capable": false,"Join Type": "Inner","Startup Cost": 0.42,"Total Cost": 164955.96,"Plan Rows": 5387,"Plan Width": 4,"Actual Startup Time": 0.537,"Actual Total Time": 960.164,"Actual Rows": 5847,"Actual Loops": 1,"Inner Unique": false,"Plans": [{"Node Type": "Seq Scan","Parent Relationship": "Outer","Parallel Aware": false,"Async Capable": false,"Relation Name": "part","Alias": "part","Startup Cost": 0.00,"Total Cost": 6597.00,"Plan Rows": 4040,"Plan Width": 4,"Actual Startup Time": 0.058,"Actual Total Time": 180.932,"Actual Rows": 2157,"Actual Loops": 1,"Filter": "((p_name)::text ~~ 'spring%'::text)","Rows Removed by Filter": 197843},{"Node Type": "Index Scan","Parent Relationship": "Inner","Parallel Aware": false,"Async Capable": false,"Scan Direction": "Forward","Index Name": "idx_partsupp_partkey","Relation Name": "partsupp","Alias": "partsupp","Startup Cost": 0.42,"Total Cost": 39.18,"Plan Rows": 1,"Plan Width": 8,"Actual Startup Time": 0.148,"Actual Total Time": 0.361,"Actual Rows": 3,"Actual Loops": 2157,"Index Cond": "(ps_partkey = part.p_partkey)","Rows Removed by Index Recheck": 0,"Filter": "((ps_availqty)::numeric > (SubPlan 1))","Rows Removed by Filter": 1,"Plans": [{"Node Type": "Aggregate","Strategy": "Plain","Partial Mode": "Simple","Parent Relationship": "SubPlan","Subplan Name": "SubPlan 1","Parallel Aware": false,"Async Capable": false,"Startup Cost": 8.46,"Total Cost": 8.47,"Plan Rows": 1,"Plan Width": 32,"Actual Startup Time": 0.082,"Actual Total Time": 0.082,"Actual Rows": 1,"Actual Loops": 8628,"Plans": [{"Node Type": "Index Scan","Parent Relationship": "Outer","Parallel Aware": false,"Async Capable": false,"Scan Direction": "Forward","Index Name": "idx_lineitem_part_supp","Relation Name": "lineitem","Alias": "lineitem","Startup Cost": 0.43,"Total Cost": 8.46,"Plan Rows": 0,"Plan Width": 5,"Actual Startup Time": 0.050,"Actual Total Time": 0.081,"Actual Rows": 1,"Actual Loops": 8628,"Index Cond": "((l_partkey = partsupp.ps_partkey) AND (l_suppkey = partsupp.ps_suppkey))","Rows Removed by Index Recheck": 0,"Filter": "((l_shipdate >= '1995-01-01'::date) AND (l_shipdate < '1996-01-01 00:00:00'::timestamp without time zone))","Rows Removed by Filter": 6}]}]}]}]}]}]},"Planning Time": 6.492,"Triggers": [],"Execution Time": 971.331}]
[{"Plan": {"Node Type": "Sort","Parallel Aware": false,"Async Capable": false,"Startup Cost": 88442.96,"Total Cost": 88443.23,"Plan Rows": 108,"Plan Width": 51,"Actual Startup Time": 905.161,"Actual Total Time": 905.190,"Actual Rows": 180,"Actual Loops": 1,"Sort Key": ["supplier.s_name"],"Sort Method": "quicksort","Sort Space Used": 41,"Sort Space Type": "Memory","Plans": [{"Node Type": "Hash Join","Parent Relationship": "Outer","Parallel Aware": false,"Async Capable": false,"Join Type": "Semi","Startup Cost": 88199.59,"Total Cost": 88439.31,"Plan Rows": 108,"Plan Width": 51,"Actual Startup Time": 900.792,"Actual Total Time": 904.835,"Actual Rows": 180,"Actual Loops": 1,"Inner Unique": false,"Hash Cond": "(supplier.s_suppkey = partsupp.ps_suppkey)","Plans": [{"Node Type": "Nested Loop","Parent Relationship": "Outer","Parallel Aware": false,"Async Capable": false,"Join Type": "Inner","Startup Cost": 7.38,"Total Cost": 244.58,"Plan Rows": 400,"Plan Width": 55,"Actual Startup Time": 0.267,"Actual Total Time": 4.192,"Actual Rows": 405,"Actual Loops": 1,"Inner Unique": false,"Plans": [{"Node Type": "Seq Scan","Parent Relationship": "Outer","Parallel Aware": false,"Async Capable": false,"Relation Name": "nation","Alias": "nation","Startup Cost": 0.00,"Total Cost": 1.31,"Plan Rows": 1,"Plan Width": 4,"Actual Startup Time": 0.069,"Actual Total Time": 0.104,"Actual Rows": 1,"Actual Loops": 1,"Filter": "(n_name = 'INDONESIA'::bpchar)","Rows Removed by Filter": 24},{"Node Type": "Bitmap Heap Scan","Parent Relationship": "Inner","Parallel Aware": false,"Async Capable": false,"Relation Name": "supplier","Alias": "supplier","Startup Cost": 7.38,"Total Cost": 239.27,"Plan Rows": 400,"Plan Width": 59,"Actual Startup Time": 0.189,"Actual Total Time": 4.029,"Actual Rows": 405,"Actual Loops": 1,"Recheck Cond": "(s_nationkey = nation.n_nationkey)","Rows Removed by Index Recheck": 0,"Exact Heap Blocks": 192,"Lossy Heap Blocks": 0,"Plans": [{"Node Type": "Bitmap Index Scan","Parent Relationship": "Outer","Parallel Aware": false,"Async Capable": false,"Index Name": "idx_supplier_nation_key","Startup Cost": 0.00,"Total Cost": 7.29,"Plan Rows": 400,"Plan Width": 0,"Actual Startup Time": 0.123,"Actual Total Time": 0.125,"Actual Rows": 405,"Actual Loops": 1,"Index Cond": "(s_nationkey = nation.n_nationkey)"}]}]},{"Node Type": "Hash","Parent Relationship": "Inner","Parallel Aware": false,"Async Capable": false,"Startup Cost": 88158.53,"Total Cost": 88158.53,"Plan Rows": 2694,"Plan Width": 4,"Actual Startup Time": 900.450,"Actual Total Time": 900.459,"Actual Rows": 5923,"Actual Loops": 1,"Hash Buckets": 8192,"Original Hash Buckets": 4096,"Hash Batches": 1,"Original Hash Batches": 1,"Peak Memory Usage": 273,"Plans": [{"Node Type": "Nested Loop","Parent Relationship": "Outer","Parallel Aware": false,"Async Capable": false,"Join Type": "Inner","Startup Cost": 0.42,"Total Cost": 88158.53,"Plan Rows": 2694,"Plan Width": 4,"Actual Startup Time": 0.588,"Actual Total Time": 895.694,"Actual Rows": 5923,"Actual Loops": 1,"Inner Unique": false,"Plans": [{"Node Type": "Seq Scan","Parent Relationship": "Outer","Parallel Aware": false,"Async Capable": false,"Relation Name": "part","Alias": "part","Startup Cost": 0.00,"Total Cost": 6597.00,"Plan Rows": 2020,"Plan Width": 4,"Actual Startup Time": 0.070,"Actual Total Time": 197.432,"Actual Rows": 2170,"Actual Loops": 1,"Filter": "((p_name)::text ~~ 'cream%'::text)","Rows Removed by Filter": 197830},{"Node Type": "Index Scan","Parent Relationship": "Inner","Parallel Aware": false,"Async Capable": false,"Scan Direction": "Forward","Index Name": "idx_partsupp_partkey","Relation Name": "partsupp","Alias": "partsupp","Startup Cost": 0.42,"Total Cost": 40.36,"Plan Rows": 1,"Plan Width": 8,"Actual Startup Time": 0.137,"Actual Total Time": 0.321,"Actual Rows": 3,"Actual Loops": 2170,"Index Cond": "(ps_partkey = part.p_partkey)","Rows Removed by Index Recheck": 0,"Filter": "((ps_availqty)::numeric > (SubPlan 1))","Rows Removed by Filter": 1,"Plans": [{"Node Type": "Aggregate","Strategy": "Plain","Partial Mode": "Simple","Parent Relationship": "SubPlan","Subplan Name": "SubPlan 1","Parallel Aware": false,"Async Capable": false,"Startup Cost": 8.46,"Total Cost": 8.47,"Plan Rows": 1,"Plan Width": 32,"Actual Startup Time": 0.072,"Actual Total Time": 0.072,"Actual Rows": 1,"Actual Loops": 8680,"Plans": [{"Node Type": "Index Scan","Parent Relationship": "Outer","Parallel Aware": false,"Async Capable": false,"Scan Direction": "Forward","Index Name": "idx_lineitem_part_supp","Relation Name": "lineitem","Alias": "lineitem","Startup Cost": 0.43,"Total Cost": 8.46,"Plan Rows": 0,"Plan Width": 5,"Actual Startup Time": 0.044,"Actual Total Time": 0.071,"Actual Rows": 1,"Actual Loops": 8680,"Index Cond": "((l_partkey = partsupp.ps_partkey) AND (l_suppkey = partsupp.ps_suppkey))","Rows Removed by Index Recheck": 0,"Filter": "((l_shipdate >= '1993-01-01'::date) AND (l_shipdate < '1994-01-01 00:00:00'::timestamp without time zone))","Rows Removed by Filter": 6}]}]}]}]}]}]},"Planning Time": 6.730,"Triggers": [],"Execution Time": 905.429}]
[{"Plan": {"Node Type": "Sort","Parallel Aware": false,"Async Capable": false,"Startup Cost": 88442.96,"Total Cost": 88443.23,"Plan Rows": 108,"Plan Width": 51,"Actual Startup Time": 988.518,"Actual Total Time": 988.560,"Actual Rows": 187,"Actual Loops": 1,"Sort Key": ["supplier.s_name"],"Sort Method": "quicksort","Sort Space Used": 42,"Sort Space Type": "Memory","Plans": [{"Node Type": "Hash Join","Parent Relationship": "Outer","Parallel Aware": false,"Async Capable": false,"Join Type": "Semi","Startup Cost": 88199.59,"Total Cost": 88439.31,"Plan Rows": 108,"Plan Width": 51,"Actual Startup Time": 983.498,"Actual Total Time": 988.047,"Actual Rows": 187,"Actual Loops": 1,"Inner Unique": false,"Hash Cond": "(supplier.s_suppkey = partsupp.ps_suppkey)","Plans": [{"Node Type": "Nested Loop","Parent Relationship": "Outer","Parallel Aware": false,"Async Capable": false,"Join Type": "Inner","Startup Cost": 7.38,"Total Cost": 244.58,"Plan Rows": 400,"Plan Width": 55,"Actual Startup Time": 0.247,"Actual Total Time": 4.666,"Actual Rows": 413,"Actual Loops": 1,"Inner Unique": false,"Plans": [{"Node Type": "Seq Scan","Parent Relationship": "Outer","Parallel Aware": false,"Async Capable": false,"Relation Name": "nation","Alias": "nation","Startup Cost": 0.00,"Total Cost": 1.31,"Plan Rows": 1,"Plan Width": 4,"Actual Startup Time": 0.062,"Actual Total Time": 0.093,"Actual Rows": 1,"Actual Loops": 1,"Filter": "(n_name = 'ARGENTINA'::bpchar)","Rows Removed by Filter": 24},{"Node Type": "Bitmap Heap Scan","Parent Relationship": "Inner","Parallel Aware": false,"Async Capable": false,"Relation Name": "supplier","Alias": "supplier","Startup Cost": 7.38,"Total Cost": 239.27,"Plan Rows": 400,"Plan Width": 59,"Actual Startup Time": 0.181,"Actual Total Time": 4.518,"Actual Rows": 413,"Actual Loops": 1,"Recheck Cond": "(s_nationkey = nation.n_nationkey)","Rows Removed by Index Recheck": 0,"Exact Heap Blocks": 190,"Lossy Heap Blocks": 0,"Plans": [{"Node Type": "Bitmap Index Scan","Parent Relationship": "Outer","Parallel Aware": false,"Async Capable": false,"Index Name": "idx_supplier_nation_key","Startup Cost": 0.00,"Total Cost": 7.29,"Plan Rows": 400,"Plan Width": 0,"Actual Startup Time": 0.118,"Actual Total Time": 0.122,"Actual Rows": 413,"Actual Loops": 1,"Index Cond": "(s_nationkey = nation.n_nationkey)"}]}]},{"Node Type": "Hash","Parent Relationship": "Inner","Parallel Aware": false,"Async Capable": false,"Startup Cost": 88158.53,"Total Cost": 88158.53,"Plan Rows": 2694,"Plan Width": 4,"Actual Startup Time": 983.170,"Actual Total Time": 983.181,"Actual Rows": 6036,"Actual Loops": 1,"Hash Buckets": 8192,"Original Hash Buckets": 4096,"Hash Batches": 1,"Original Hash Batches": 1,"Peak Memory Usage": 277,"Plans": [{"Node Type": "Nested Loop","Parent Relationship": "Outer","Parallel Aware": false,"Async Capable": false,"Join Type": "Inner","Startup Cost": 0.42,"Total Cost": 88158.53,"Plan Rows": 2694,"Plan Width": 4,"Actual Startup Time": 0.504,"Actual Total Time": 978.885,"Actual Rows": 6036,"Actual Loops": 1,"Inner Unique": false,"Plans": [{"Node Type": "Seq Scan","Parent Relationship": "Outer","Parallel Aware": false,"Async Capable": false,"Relation Name": "part","Alias": "part","Startup Cost": 0.00,"Total Cost": 6597.00,"Plan Rows": 2020,"Plan Width": 4,"Actual Startup Time": 0.227,"Actual Total Time": 180.471,"Actual Rows": 2238,"Actual Loops": 1,"Filter": "((p_name)::text ~~ 'white%'::text)","Rows Removed by Filter": 197762},{"Node Type": "Index Scan","Parent Relationship": "Inner","Parallel Aware": false,"Async Capable": false,"Scan Direction": "Forward","Index Name": "idx_partsupp_partkey","Relation Name": "partsupp","Alias": "partsupp","Startup Cost": 0.42,"Total Cost": 40.36,"Plan Rows": 1,"Plan Width": 8,"Actual Startup Time": 0.149,"Actual Total Time": 0.356,"Actual Rows": 3,"Actual Loops": 2238,"Index Cond": "(ps_partkey = part.p_partkey)","Rows Removed by Index Recheck": 0,"Filter": "((ps_availqty)::numeric > (SubPlan 1))","Rows Removed by Filter": 1,"Plans": [{"Node Type": "Aggregate","Strategy": "Plain","Partial Mode": "Simple","Parent Relationship": "SubPlan","Subplan Name": "SubPlan 1","Parallel Aware": false,"Async Capable": false,"Startup Cost": 8.46,"Total Cost": 8.47,"Plan Rows": 1,"Plan Width": 32,"Actual Startup Time": 0.081,"Actual Total Time": 0.081,"Actual Rows": 1,"Actual Loops": 8952,"Plans": [{"Node Type": "Index Scan","Parent Relationship": "Outer","Parallel Aware": false,"Async Capable": false,"Scan Direction": "Forward","Index Name": "idx_lineitem_part_supp","Relation Name": "lineitem","Alias": "lineitem","Startup Cost": 0.43,"Total Cost": 8.46,"Plan Rows": 0,"Plan Width": 5,"Actual Startup Time": 0.049,"Actual Total Time": 0.080,"Actual Rows": 1,"Actual Loops": 8952,"Index Cond": "((l_partkey = partsupp.ps_partkey) AND (l_suppkey = partsupp.ps_suppkey))","Rows Removed by Index Recheck": 0,"Filter": "((l_shipdate >= '1996-01-01'::date) AND (l_shipdate < '1997-01-01 00:00:00'::timestamp without time zone))","Rows Removed by Filter": 6}]}]}]}]}]}]},"Planning Time": 7.454,"Triggers": [],"Execution Time": 988.786}]
[{"Plan": {"Node Type": "Sort","Parallel Aware": false,"Async Capable": false,"Startup Cost": 88442.96,"Total Cost": 88443.23,"Plan Rows": 108,"Plan Width": 51,"Actual Startup Time": 978.405,"Actual Total Time": 978.438,"Actual Rows": 188,"Actual Loops": 1,"Sort Key": ["supplier.s_name"],"Sort Method": "quicksort","Sort Space Used": 42,"Sort Space Type": "Memory","Plans": [{"Node Type": "Hash Join","Parent Relationship": "Outer","Parallel Aware": false,"Async Capable": false,"Join Type": "Semi","Startup Cost": 88199.59,"Total Cost": 88439.31,"Plan Rows": 108,"Plan Width": 51,"Actual Startup Time": 973.964,"Actual Total Time": 978.074,"Actual Rows": 188,"Actual Loops": 1,"Inner Unique": false,"Hash Cond": "(supplier.s_suppkey = partsupp.ps_suppkey)","Plans": [{"Node Type": "Nested Loop","Parent Relationship": "Outer","Parallel Aware": false,"Async Capable": false,"Join Type": "Inner","Startup Cost": 7.38,"Total Cost": 244.58,"Plan Rows": 400,"Plan Width": 55,"Actual Startup Time": 0.312,"Actual Total Time": 4.352,"Actual Rows": 421,"Actual Loops": 1,"Inner Unique": false,"Plans": [{"Node Type": "Seq Scan","Parent Relationship": "Outer","Parallel Aware": false,"Async Capable": false,"Relation Name": "nation","Alias": "nation","Startup Cost": 0.00,"Total Cost": 1.31,"Plan Rows": 1,"Plan Width": 4,"Actual Startup Time": 0.083,"Actual Total Time": 0.102,"Actual Rows": 1,"Actual Loops": 1,"Filter": "(n_name = 'PERU'::bpchar)","Rows Removed by Filter": 24},{"Node Type": "Bitmap Heap Scan","Parent Relationship": "Inner","Parallel Aware": false,"Async Capable": false,"Relation Name": "supplier","Alias": "supplier","Startup Cost": 7.38,"Total Cost": 239.27,"Plan Rows": 400,"Plan Width": 59,"Actual Startup Time": 0.224,"Actual Total Time": 4.178,"Actual Rows": 421,"Actual Loops": 1,"Recheck Cond": "(s_nationkey = nation.n_nationkey)","Rows Removed by Index Recheck": 0,"Exact Heap Blocks": 187,"Lossy Heap Blocks": 0,"Plans": [{"Node Type": "Bitmap Index Scan","Parent Relationship": "Outer","Parallel Aware": false,"Async Capable": false,"Index Name": "idx_supplier_nation_key","Startup Cost": 0.00,"Total Cost": 7.29,"Plan Rows": 400,"Plan Width": 0,"Actual Startup Time": 0.161,"Actual Total Time": 0.165,"Actual Rows": 421,"Actual Loops": 1,"Index Cond": "(s_nationkey = nation.n_nationkey)"}]}]},{"Node Type": "Hash","Parent Relationship": "Inner","Parallel Aware": false,"Async Capable": false,"Startup Cost": 88158.53,"Total Cost": 88158.53,"Plan Rows": 2694,"Plan Width": 4,"Actual Startup Time": 973.554,"Actual Total Time": 973.565,"Actual Rows": 5968,"Actual Loops": 1,"Hash Buckets": 8192,"Original Hash Buckets": 4096,"Hash Batches": 1,"Original Hash Batches": 1,"Peak Memory Usage": 274,"Plans": [{"Node Type": "Nested Loop","Parent Relationship": "Outer","Parallel Aware": false,"Async Capable": false,"Join Type": "Inner","Startup Cost": 0.42,"Total Cost": 88158.53,"Plan Rows": 2694,"Plan Width": 4,"Actual Startup Time": 0.499,"Actual Total Time": 969.480,"Actual Rows": 5968,"Actual Loops": 1,"Inner Unique": false,"Plans": [{"Node Type": "Seq Scan","Parent Relationship": "Outer","Parallel Aware": false,"Async Capable": false,"Relation Name": "part","Alias": "part","Startup Cost": 0.00,"Total Cost": 6597.00,"Plan Rows": 2020,"Plan Width": 4,"Actual Startup Time": 0.112,"Actual Total Time": 183.435,"Actual Rows": 2186,"Actual Loops": 1,"Filter": "((p_name)::text ~~ 'antique%'::text)","Rows Removed by Filter": 197814},{"Node Type": "Index Scan","Parent Relationship": "Inner","Parallel Aware": false,"Async Capable": false,"Scan Direction": "Forward","Index Name": "idx_partsupp_partkey","Relation Name": "partsupp","Alias": "partsupp","Startup Cost": 0.42,"Total Cost": 40.36,"Plan Rows": 1,"Plan Width": 8,"Actual Startup Time": 0.151,"Actual Total Time": 0.359,"Actual Rows": 3,"Actual Loops": 2186,"Index Cond": "(ps_partkey = part.p_partkey)","Rows Removed by Index Recheck": 0,"Filter": "((ps_availqty)::numeric > (SubPlan 1))","Rows Removed by Filter": 1,"Plans": [{"Node Type": "Aggregate","Strategy": "Plain","Partial Mode": "Simple","Parent Relationship": "SubPlan","Subplan Name": "SubPlan 1","Parallel Aware": false,"Async Capable": false,"Startup Cost": 8.46,"Total Cost": 8.47,"Plan Rows": 1,"Plan Width": 32,"Actual Startup Time": 0.082,"Actual Total Time": 0.082,"Actual Rows": 1,"Actual Loops": 8744,"Plans": [{"Node Type": "Index Scan","Parent Relationship": "Outer","Parallel Aware": false,"Async Capable": false,"Scan Direction": "Forward","Index Name": "idx_lineitem_part_supp","Relation Name": "lineitem","Alias": "lineitem","Startup Cost": 0.43,"Total Cost": 8.46,"Plan Rows": 0,"Plan Width": 5,"Actual Startup Time": 0.049,"Actual Total Time": 0.081,"Actual Rows": 1,"Actual Loops": 8744,"Index Cond": "((l_partkey = partsupp.ps_partkey) AND (l_suppkey = partsupp.ps_suppkey))","Rows Removed by Index Recheck": 0,"Filter": "((l_shipdate >= '1994-01-01'::date) AND (l_shipdate < '1995-01-01 00:00:00'::timestamp without time zone))","Rows Removed by Filter": 6}]}]}]}]}]}]},"Planning Time": 6.977,"Triggers": [],"Execution Time": 978.698}]
[{"Plan": {"Node Type": "Sort","Parallel Aware": false,"Async Capable": false,"Startup Cost": 88442.96,"Total Cost": 88443.23,"Plan Rows": 108,"Plan Width": 51,"Actual Startup Time": 956.623,"Actual Total Time": 956.659,"Actual Rows": 168,"Actual Loops": 1,"Sort Key": ["supplier.s_name"],"Sort Method": "quicksort","Sort Space Used": 40,"Sort Space Type": "Memory","Plans": [{"Node Type": "Hash Join","Parent Relationship": "Outer","Parallel Aware": false,"Async Capable": false,"Join Type": "Semi","Startup Cost": 88199.59,"Total Cost": 88439.31,"Plan Rows": 108,"Plan Width": 51,"Actual Startup Time": 952.178,"Actual Total Time": 956.169,"Actual Rows": 168,"Actual Loops": 1,"Inner Unique": false,"Hash Cond": "(supplier.s_suppkey = partsupp.ps_suppkey)","Plans": [{"Node Type": "Nested Loop","Parent Relationship": "Outer","Parallel Aware": false,"Async Capable": false,"Join Type": "Inner","Startup Cost": 7.38,"Total Cost": 244.58,"Plan Rows": 400,"Plan Width": 55,"Actual Startup Time": 0.224,"Actual Total Time": 4.088,"Actual Rows": 402,"Actual Loops": 1,"Inner Unique": false,"Plans": [{"Node Type": "Seq Scan","Parent Relationship": "Outer","Parallel Aware": false,"Async Capable": false,"Relation Name": "nation","Alias": "nation","Startup Cost": 0.00,"Total Cost": 1.31,"Plan Rows": 1,"Plan Width": 4,"Actual Startup Time": 0.066,"Actual Total Time": 0.093,"Actual Rows": 1,"Actual Loops": 1,"Filter": "(n_name = 'FRANCE'::bpchar)","Rows Removed by Filter": 24},{"Node Type": "Bitmap Heap Scan","Parent Relationship": "Inner","Parallel Aware": false,"Async Capable": false,"Relation Name": "supplier","Alias": "supplier","Startup Cost": 7.38,"Total Cost": 239.27,"Plan Rows": 400,"Plan Width": 59,"Actual Startup Time": 0.153,"Actual Total Time": 3.934,"Actual Rows": 402,"Actual Loops": 1,"Recheck Cond": "(s_nationkey = nation.n_nationkey)","Rows Removed by Index Recheck": 0,"Exact Heap Blocks": 184,"Lossy Heap Blocks": 0,"Plans": [{"Node Type": "Bitmap Index Scan","Parent Relationship": "Outer","Parallel Aware": false,"Async Capable": false,"Index Name": "idx_supplier_nation_key","Startup Cost": 0.00,"Total Cost": 7.29,"Plan Rows": 400,"Plan Width": 0,"Actual Startup Time": 0.092,"Actual Total Time": 0.097,"Actual Rows": 402,"Actual Loops": 1,"Index Cond": "(s_nationkey = nation.n_nationkey)"}]}]},{"Node Type": "Hash","Parent Relationship": "Inner","Parallel Aware": false,"Async Capable": false,"Startup Cost": 88158.53,"Total Cost": 88158.53,"Plan Rows": 2694,"Plan Width": 4,"Actual Startup Time": 951.900,"Actual Total Time": 951.913,"Actual Rows": 5782,"Actual Loops": 1,"Hash Buckets": 8192,"Original Hash Buckets": 4096,"Hash Batches": 1,"Original Hash Batches": 1,"Peak Memory Usage": 268,"Plans": [{"Node Type": "Nested Loop","Parent Relationship": "Outer","Parallel Aware": false,"Async Capable": false,"Join Type": "Inner","Startup Cost": 0.42,"Total Cost": 88158.53,"Plan Rows": 2694,"Plan Width": 4,"Actual Startup Time": 0.867,"Actual Total Time": 947.965,"Actual Rows": 5782,"Actual Loops": 1,"Inner Unique": false,"Plans": [{"Node Type": "Seq Scan","Parent Relationship": "Outer","Parallel Aware": false,"Async Capable": false,"Relation Name": "part","Alias": "part","Startup Cost": 0.00,"Total Cost": 6597.00,"Plan Rows": 2020,"Plan Width": 4,"Actual Startup Time": 0.334,"Actual Total Time": 179.484,"Actual Rows": 2118,"Actual Loops": 1,"Filter": "((p_name)::text ~~ 'smoke%'::text)","Rows Removed by Filter": 197882},{"Node Type": "Index Scan","Parent Relationship": "Inner","Parallel Aware": false,"Async Capable": false,"Scan Direction": "Forward","Index Name": "idx_partsupp_partkey","Relation Name": "partsupp","Alias": "partsupp","Startup Cost": 0.42,"Total Cost": 40.36,"Plan Rows": 1,"Plan Width": 8,"Actual Startup Time": 0.152,"Actual Total Time": 0.362,"Actual Rows": 3,"Actual Loops": 2118,"Index Cond": "(ps_partkey = part.p_partkey)","Rows Removed by Index Recheck": 0,"Filter": "((ps_availqty)::numeric > (SubPlan 1))","Rows Removed by Filter": 1,"Plans": [{"Node Type": "Aggregate","Strategy": "Plain","Partial Mode": "Simple","Parent Relationship": "SubPlan","Subplan Name": "SubPlan 1","Parallel Aware": false,"Async Capable": false,"Startup Cost": 8.46,"Total Cost": 8.47,"Plan Rows": 1,"Plan Width": 32,"Actual Startup Time": 0.082,"Actual Total Time": 0.082,"Actual Rows": 1,"Actual Loops": 8472,"Plans": [{"Node Type": "Index Scan","Parent Relationship": "Outer","Parallel Aware": false,"Async Capable": false,"Scan Direction": "Forward","Index Name": "idx_lineitem_part_supp","Relation Name": "lineitem","Alias": "lineitem","Startup Cost": 0.43,"Total Cost": 8.46,"Plan Rows": 0,"Plan Width": 5,"Actual Startup Time": 0.050,"Actual Total Time": 0.082,"Actual Rows": 1,"Actual Loops": 8472,"Index Cond": "((l_partkey = partsupp.ps_partkey) AND (l_suppkey = partsupp.ps_suppkey))","Rows Removed by Index Recheck": 0,"Filter": "((l_shipdate >= '1993-01-01'::date) AND (l_shipdate < '1994-01-01 00:00:00'::timestamp without time zone))","Rows Removed by Filter": 6}]}]}]}]}]}]},"Planning Time": 6.273,"Triggers": [],"Execution Time": 956.897}]
[{"Plan": {"Node Type": "Sort","Parallel Aware": false,"Async Capable": false,"Startup Cost": 165280.99,"Total Cost": 165281.52,"Plan Rows": 215,"Plan Width": 51,"Actual Startup Time": 990.387,"Actual Total Time": 990.422,"Actual Rows": 183,"Actual Loops": 1,"Sort Key": ["supplier.s_name"],"Sort Method": "quicksort","Sort Space Used": 42,"Sort Space Type": "Memory","Plans": [{"Node Type": "Hash Join","Parent Relationship": "Outer","Parallel Aware": false,"Async Capable": false,"Join Type": "Semi","Startup Cost": 165030.68,"Total Cost": 165272.66,"Plan Rows": 215,"Plan Width": 51,"Actual Startup Time": 985.168,"Actual Total Time": 990.018,"Actual Rows": 183,"Actual Loops": 1,"Inner Unique": false,"Hash Cond": "(supplier.s_suppkey = partsupp.ps_suppkey)","Plans": [{"Node Type": "Nested Loop","Parent Relationship": "Outer","Parallel Aware": false,"Async Capable": false,"Join Type": "Inner","Startup Cost": 7.38,"Total Cost": 244.58,"Plan Rows": 400,"Plan Width": 55,"Actual Startup Time": 0.297,"Actual Total Time": 4.256,"Actual Rows": 438,"Actual Loops": 1,"Inner Unique": false,"Plans": [{"Node Type": "Seq Scan","Parent Relationship": "Outer","Parallel Aware": false,"Async Capable": false,"Relation Name": "nation","Alias": "nation","Startup Cost": 0.00,"Total Cost": 1.31,"Plan Rows": 1,"Plan Width": 4,"Actual Startup Time": 0.081,"Actual Total Time": 0.102,"Actual Rows": 1,"Actual Loops": 1,"Filter": "(n_name = 'IRAQ'::bpchar)","Rows Removed by Filter": 24},{"Node Type": "Bitmap Heap Scan","Parent Relationship": "Inner","Parallel Aware": false,"Async Capable": false,"Relation Name": "supplier","Alias": "supplier","Startup Cost": 7.38,"Total Cost": 239.27,"Plan Rows": 400,"Plan Width": 59,"Actual Startup Time": 0.213,"Actual Total Time": 4.102,"Actual Rows": 438,"Actual Loops": 1,"Recheck Cond": "(s_nationkey = nation.n_nationkey)","Rows Removed by Index Recheck": 0,"Exact Heap Blocks": 194,"Lossy Heap Blocks": 0,"Plans": [{"Node Type": "Bitmap Index Scan","Parent Relationship": "Outer","Parallel Aware": false,"Async Capable": false,"Index Name": "idx_supplier_nation_key","Startup Cost": 0.00,"Total Cost": 7.29,"Plan Rows": 400,"Plan Width": 0,"Actual Startup Time": 0.144,"Actual Total Time": 0.148,"Actual Rows": 438,"Actual Loops": 1,"Index Cond": "(s_nationkey = nation.n_nationkey)"}]}]},{"Node Type": "Hash","Parent Relationship": "Inner","Parallel Aware": false,"Async Capable": false,"Startup Cost": 164955.96,"Total Cost": 164955.96,"Plan Rows": 5387,"Plan Width": 4,"Actual Startup Time": 984.768,"Actual Total Time": 984.776,"Actual Rows": 6127,"Actual Loops": 1,"Hash Buckets": 8192,"Original Hash Buckets": 8192,"Hash Batches": 1,"Original Hash Batches": 1,"Peak Memory Usage": 280,"Plans": [{"Node Type": "Nested Loop","Parent Relationship": "Outer","Parallel Aware": false,"Async Capable": false,"Join Type": "Inner","Startup Cost": 0.42,"Total Cost": 164955.96,"Plan Rows": 5387,"Plan Width": 4,"Actual Startup Time": 0.722,"Actual Total Time": 979.285,"Actual Rows": 6127,"Actual Loops": 1,"Inner Unique": false,"Plans": [{"Node Type": "Seq Scan","Parent Relationship": "Outer","Parallel Aware": false,"Async Capable": false,"Relation Name": "part","Alias": "part","Startup Cost": 0.00,"Total Cost": 6597.00,"Plan Rows": 4040,"Plan Width": 4,"Actual Startup Time": 0.265,"Actual Total Time": 180.860,"Actual Rows": 2249,"Actual Loops": 1,"Filter": "((p_name)::text ~~ 'orchid%'::text)","Rows Removed by Filter": 197751},{"Node Type": "Index Scan","Parent Relationship": "Inner","Parallel Aware": false,"Async Capable": false,"Scan Direction": "Forward","Index Name": "idx_partsupp_partkey","Relation Name": "partsupp","Alias": "partsupp","Startup Cost": 0.42,"Total Cost": 39.18,"Plan Rows": 1,"Plan Width": 8,"Actual Startup Time": 0.149,"Actual Total Time": 0.355,"Actual Rows": 3,"Actual Loops": 2249,"Index Cond": "(ps_partkey = part.p_partkey)","Rows Removed by Index Recheck": 0,"Filter": "((ps_availqty)::numeric > (SubPlan 1))","Rows Removed by Filter": 1,"Plans": [{"Node Type": "Aggregate","Strategy": "Plain","Partial Mode": "Simple","Parent Relationship": "SubPlan","Subplan Name": "SubPlan 1","Parallel Aware": false,"Async Capable": false,"Startup Cost": 8.46,"Total Cost": 8.47,"Plan Rows": 1,"Plan Width": 32,"Actual Startup Time": 0.081,"Actual Total Time": 0.081,"Actual Rows": 1,"Actual Loops": 8996,"Plans": [{"Node Type": "Index Scan","Parent Relationship": "Outer","Parallel Aware": false,"Async Capable": false,"Scan Direction": "Forward","Index Name": "idx_lineitem_part_supp","Relation Name": "lineitem","Alias": "lineitem","Startup Cost": 0.43,"Total Cost": 8.46,"Plan Rows": 0,"Plan Width": 5,"Actual Startup Time": 0.049,"Actual Total Time": 0.080,"Actual Rows": 1,"Actual Loops": 8996,"Index Cond": "((l_partkey = partsupp.ps_partkey) AND (l_suppkey = partsupp.ps_suppkey))","Rows Removed by Index Recheck": 0,"Filter": "((l_shipdate >= '1994-01-01'::date) AND (l_shipdate < '1995-01-01 00:00:00'::timestamp without time zone))","Rows Removed by Filter": 6}]}]}]}]}]}]},"Planning Time": 6.524,"Triggers": [],"Execution Time": 990.708}]
[{"Plan": {"Node Type": "Sort","Parallel Aware": false,"Async Capable": false,"Startup Cost": 88442.96,"Total Cost": 88443.23,"Plan Rows": 108,"Plan Width": 51,"Actual Startup Time": 979.921,"Actual Total Time": 979.958,"Actual Rows": 193,"Actual Loops": 1,"Sort Key": ["supplier.s_name"],"Sort Method": "quicksort","Sort Space Used": 43,"Sort Space Type": "Memory","Plans": [{"Node Type": "Hash Join","Parent Relationship": "Outer","Parallel Aware": false,"Async Capable": false,"Join Type": "Semi","Startup Cost": 88199.59,"Total Cost": 88439.31,"Plan Rows": 108,"Plan Width": 51,"Actual Startup Time": 975.647,"Actual Total Time": 979.598,"Actual Rows": 193,"Actual Loops": 1,"Inner Unique": false,"Hash Cond": "(supplier.s_suppkey = partsupp.ps_suppkey)","Plans": [{"Node Type": "Nested Loop","Parent Relationship": "Outer","Parallel Aware": false,"Async Capable": false,"Join Type": "Inner","Startup Cost": 7.38,"Total Cost": 244.58,"Plan Rows": 400,"Plan Width": 55,"Actual Startup Time": 0.284,"Actual Total Time": 4.151,"Actual Rows": 411,"Actual Loops": 1,"Inner Unique": false,"Plans": [{"Node Type": "Seq Scan","Parent Relationship": "Outer","Parallel Aware": false,"Async Capable": false,"Relation Name": "nation","Alias": "nation","Startup Cost": 0.00,"Total Cost": 1.31,"Plan Rows": 1,"Plan Width": 4,"Actual Startup Time": 0.075,"Actual Total Time": 0.097,"Actual Rows": 1,"Actual Loops": 1,"Filter": "(n_name = 'SAUDI ARABIA'::bpchar)","Rows Removed by Filter": 24},{"Node Type": "Bitmap Heap Scan","Parent Relationship": "Inner","Parallel Aware": false,"Async Capable": false,"Relation Name": "supplier","Alias": "supplier","Startup Cost": 7.38,"Total Cost": 239.27,"Plan Rows": 400,"Plan Width": 59,"Actual Startup Time": 0.200,"Actual Total Time": 3.971,"Actual Rows": 411,"Actual Loops": 1,"Recheck Cond": "(s_nationkey = nation.n_nationkey)","Rows Removed by Index Recheck": 0,"Exact Heap Blocks": 182,"Lossy Heap Blocks": 0,"Plans": [{"Node Type": "Bitmap Index Scan","Parent Relationship": "Outer","Parallel Aware": false,"Async Capable": false,"Index Name": "idx_supplier_nation_key","Startup Cost": 0.00,"Total Cost": 7.29,"Plan Rows": 400,"Plan Width": 0,"Actual Startup Time": 0.136,"Actual Total Time": 0.141,"Actual Rows": 411,"Actual Loops": 1,"Index Cond": "(s_nationkey = nation.n_nationkey)"}]}]},{"Node Type": "Hash","Parent Relationship": "Inner","Parallel Aware": false,"Async Capable": false,"Startup Cost": 88158.53,"Total Cost": 88158.53,"Plan Rows": 2694,"Plan Width": 4,"Actual Startup Time": 975.247,"Actual Total Time": 975.255,"Actual Rows": 6042,"Actual Loops": 1,"Hash Buckets": 8192,"Original Hash Buckets": 4096,"Hash Batches": 1,"Original Hash Batches": 1,"Peak Memory Usage": 277,"Plans": [{"Node Type": "Nested Loop","Parent Relationship": "Outer","Parallel Aware": false,"Async Capable": false,"Join Type": "Inner","Startup Cost": 0.42,"Total Cost": 88158.53,"Plan Rows": 2694,"Plan Width": 4,"Actual Startup Time": 0.699,"Actual Total Time": 970.981,"Actual Rows": 6042,"Actual Loops": 1,"Inner Unique": false,"Plans": [{"Node Type": "Seq Scan","Parent Relationship": "Outer","Parallel Aware": false,"Async Capable": false,"Relation Name": "part","Alias": "part","Startup Cost": 0.00,"Total Cost": 6597.00,"Plan Rows": 2020,"Plan Width": 4,"Actual Startup Time": 0.089,"Actual Total Time": 180.477,"Actual Rows": 2231,"Actual Loops": 1,"Filter": "((p_name)::text ~~ 'saddle%'::text)","Rows Removed by Filter": 197769},{"Node Type": "Index Scan","Parent Relationship": "Inner","Parallel Aware": false,"Async Capable": false,"Scan Direction": "Forward","Index Name": "idx_partsupp_partkey","Relation Name": "partsupp","Alias": "partsupp","Startup Cost": 0.42,"Total Cost": 40.36,"Plan Rows": 1,"Plan Width": 8,"Actual Startup Time": 0.149,"Actual Total Time": 0.354,"Actual Rows": 3,"Actual Loops": 2231,"Index Cond": "(ps_partkey = part.p_partkey)","Rows Removed by Index Recheck": 0,"Filter": "((ps_availqty)::numeric > (SubPlan 1))","Rows Removed by Filter": 1,"Plans": [{"Node Type": "Aggregate","Strategy": "Plain","Partial Mode": "Simple","Parent Relationship": "SubPlan","Subplan Name": "SubPlan 1","Parallel Aware": false,"Async Capable": false,"Startup Cost": 8.46,"Total Cost": 8.47,"Plan Rows": 1,"Plan Width": 32,"Actual Startup Time": 0.081,"Actual Total Time": 0.081,"Actual Rows": 1,"Actual Loops": 8924,"Plans": [{"Node Type": "Index Scan","Parent Relationship": "Outer","Parallel Aware": false,"Async Capable": false,"Scan Direction": "Forward","Index Name": "idx_lineitem_part_supp","Relation Name": "lineitem","Alias": "lineitem","Startup Cost": 0.43,"Total Cost": 8.46,"Plan Rows": 0,"Plan Width": 5,"Actual Startup Time": 0.049,"Actual Total Time": 0.080,"Actual Rows": 1,"Actual Loops": 8924,"Index Cond": "((l_partkey = partsupp.ps_partkey) AND (l_suppkey = partsupp.ps_suppkey))","Rows Removed by Index Recheck": 0,"Filter": "((l_shipdate >= '1997-01-01'::date) AND (l_shipdate < '1998-01-01 00:00:00'::timestamp without time zone))","Rows Removed by Filter": 6}]}]}]}]}]}]},"Planning Time": 7.068,"Triggers": [],"Execution Time": 980.220}]
[{"Plan": {"Node Type": "Sort","Parallel Aware": false,"Async Capable": false,"Startup Cost": 165280.99,"Total Cost": 165281.52,"Plan Rows": 215,"Plan Width": 51,"Actual Startup Time": 898.097,"Actual Total Time": 898.137,"Actual Rows": 165,"Actual Loops": 1,"Sort Key": ["supplier.s_name"],"Sort Method": "quicksort","Sort Space Used": 40,"Sort Space Type": "Memory","Plans": [{"Node Type": "Hash Join","Parent Relationship": "Outer","Parallel Aware": false,"Async Capable": false,"Join Type": "Semi","Startup Cost": 165030.68,"Total Cost": 165272.66,"Plan Rows": 215,"Plan Width": 51,"Actual Startup Time": 893.454,"Actual Total Time": 897.783,"Actual Rows": 165,"Actual Loops": 1,"Inner Unique": false,"Hash Cond": "(supplier.s_suppkey = partsupp.ps_suppkey)","Plans": [{"Node Type": "Nested Loop","Parent Relationship": "Outer","Parallel Aware": false,"Async Capable": false,"Join Type": "Inner","Startup Cost": 7.38,"Total Cost": 244.58,"Plan Rows": 400,"Plan Width": 55,"Actual Startup Time": 0.282,"Actual Total Time": 4.139,"Actual Rows": 399,"Actual Loops": 1,"Inner Unique": false,"Plans": [{"Node Type": "Seq Scan","Parent Relationship": "Outer","Parallel Aware": false,"Async Capable": false,"Relation Name": "nation","Alias": "nation","Startup Cost": 0.00,"Total Cost": 1.31,"Plan Rows": 1,"Plan Width": 4,"Actual Startup Time": 0.068,"Actual Total Time": 0.089,"Actual Rows": 1,"Actual Loops": 1,"Filter": "(n_name = 'VIETNAM'::bpchar)","Rows Removed by Filter": 24},{"Node Type": "Bitmap Heap Scan","Parent Relationship": "Inner","Parallel Aware": false,"Async Capable": false,"Relation Name": "supplier","Alias": "supplier","Startup Cost": 7.38,"Total Cost": 239.27,"Plan Rows": 400,"Plan Width": 59,"Actual Startup Time": 0.205,"Actual Total Time": 3.944,"Actual Rows": 399,"Actual Loops": 1,"Recheck Cond": "(s_nationkey = nation.n_nationkey)","Rows Removed by Index Recheck": 0,"Exact Heap Blocks": 191,"Lossy Heap Blocks": 0,"Plans": [{"Node Type": "Bitmap Index Scan","Parent Relationship": "Outer","Parallel Aware": false,"Async Capable": false,"Index Name": "idx_supplier_nation_key","Startup Cost": 0.00,"Total Cost": 7.29,"Plan Rows": 400,"Plan Width": 0,"Actual Startup Time": 0.137,"Actual Total Time": 0.142,"Actual Rows": 399,"Actual Loops": 1,"Index Cond": "(s_nationkey = nation.n_nationkey)"}]}]},{"Node Type": "Hash","Parent Relationship": "Inner","Parallel Aware": false,"Async Capable": false,"Startup Cost": 164955.96,"Total Cost": 164955.96,"Plan Rows": 5387,"Plan Width": 4,"Actual Startup Time": 893.032,"Actual Total Time": 893.043,"Actual Rows": 5923,"Actual Loops": 1,"Hash Buckets": 8192,"Original Hash Buckets": 8192,"Hash Batches": 1,"Original Hash Batches": 1,"Peak Memory Usage": 273,"Plans": [{"Node Type": "Nested Loop","Parent Relationship": "Outer","Parallel Aware": false,"Async Capable": false,"Join Type": "Inner","Startup Cost": 0.42,"Total Cost": 164955.96,"Plan Rows": 5387,"Plan Width": 4,"Actual Startup Time": 0.405,"Actual Total Time": 886.476,"Actual Rows": 5923,"Actual Loops": 1,"Inner Unique": false,"Plans": [{"Node Type": "Seq Scan","Parent Relationship": "Outer","Parallel Aware": false,"Async Capable": false,"Relation Name": "part","Alias": "part","Startup Cost": 0.00,"Total Cost": 6597.00,"Plan Rows": 4040,"Plan Width": 4,"Actual Startup Time": 0.141,"Actual Total Time": 196.382,"Actual Rows": 2158,"Actual Loops": 1,"Filter": "((p_name)::text ~~ 'burnished%'::text)","Rows Removed by Filter": 197842},{"Node Type": "Index Scan","Parent Relationship": "Inner","Parallel Aware": false,"Async Capable": false,"Scan Direction": "Forward","Index Name": "idx_partsupp_partkey","Relation Name": "partsupp","Alias": "partsupp","Startup Cost": 0.42,"Total Cost": 39.18,"Plan Rows": 1,"Plan Width": 8,"Actual Startup Time": 0.135,"Actual Total Time": 0.319,"Actual Rows": 3,"Actual Loops": 2158,"Index Cond": "(ps_partkey = part.p_partkey)","Rows Removed by Index Recheck": 0,"Filter": "((ps_availqty)::numeric > (SubPlan 1))","Rows Removed by Filter": 1,"Plans": [{"Node Type": "Aggregate","Strategy": "Plain","Partial Mode": "Simple","Parent Relationship": "SubPlan","Subplan Name": "SubPlan 1","Parallel Aware": false,"Async Capable": false,"Startup Cost": 8.46,"Total Cost": 8.47,"Plan Rows": 1,"Plan Width": 32,"Actual Startup Time": 0.071,"Actual Total Time": 0.071,"Actual Rows": 1,"Actual Loops": 8632,"Plans": [{"Node Type": "Index Scan","Parent Relationship": "Outer","Parallel Aware": false,"Async Capable": false,"Scan Direction": "Forward","Index Name": "idx_lineitem_part_supp","Relation Name": "lineitem","Alias": "lineitem","Startup Cost": 0.43,"Total Cost": 8.46,"Plan Rows": 0,"Plan Width": 5,"Actual Startup Time": 0.044,"Actual Total Time": 0.071,"Actual Rows": 1,"Actual Loops": 8632,"Index Cond": "((l_partkey = partsupp.ps_partkey) AND (l_suppkey = partsupp.ps_suppkey))","Rows Removed by Index Recheck": 0,"Filter": "((l_shipdate >= '1997-01-01'::date) AND (l_shipdate < '1998-01-01 00:00:00'::timestamp without time zone))","Rows Removed by Filter": 6}]}]}]}]}]}]},"Planning Time": 6.237,"Triggers": [],"Execution Time": 898.395}]
[{"Plan": {"Node Type": "Sort","Parallel Aware": false,"Async Capable": false,"Startup Cost": 88442.96,"Total Cost": 88443.23,"Plan Rows": 108,"Plan Width": 51,"Actual Startup Time": 935.683,"Actual Total Time": 935.724,"Actual Rows": 196,"Actual Loops": 1,"Sort Key": ["supplier.s_name"],"Sort Method": "quicksort","Sort Space Used": 43,"Sort Space Type": "Memory","Plans": [{"Node Type": "Hash Join","Parent Relationship": "Outer","Parallel Aware": false,"Async Capable": false,"Join Type": "Semi","Startup Cost": 88199.59,"Total Cost": 88439.31,"Plan Rows": 108,"Plan Width": 51,"Actual Startup Time": 931.062,"Actual Total Time": 935.333,"Actual Rows": 196,"Actual Loops": 1,"Inner Unique": false,"Hash Cond": "(supplier.s_suppkey = partsupp.ps_suppkey)","Plans": [{"Node Type": "Nested Loop","Parent Relationship": "Outer","Parallel Aware": false,"Async Capable": false,"Join Type": "Inner","Startup Cost": 7.38,"Total Cost": 244.58,"Plan Rows": 400,"Plan Width": 55,"Actual Startup Time": 0.279,"Actual Total Time": 4.404,"Actual Rows": 399,"Actual Loops": 1,"Inner Unique": false,"Plans": [{"Node Type": "Seq Scan","Parent Relationship": "Outer","Parallel Aware": false,"Async Capable": false,"Relation Name": "nation","Alias": "nation","Startup Cost": 0.00,"Total Cost": 1.31,"Plan Rows": 1,"Plan Width": 4,"Actual Startup Time": 0.075,"Actual Total Time": 0.093,"Actual Rows": 1,"Actual Loops": 1,"Filter": "(n_name = 'VIETNAM'::bpchar)","Rows Removed by Filter": 24},{"Node Type": "Bitmap Heap Scan","Parent Relationship": "Inner","Parallel Aware": false,"Async Capable": false,"Relation Name": "supplier","Alias": "supplier","Startup Cost": 7.38,"Total Cost": 239.27,"Plan Rows": 400,"Plan Width": 59,"Actual Startup Time": 0.194,"Actual Total Time": 4.218,"Actual Rows": 399,"Actual Loops": 1,"Recheck Cond": "(s_nationkey = nation.n_nationkey)","Rows Removed by Index Recheck": 0,"Exact Heap Blocks": 191,"Lossy Heap Blocks": 0,"Plans": [{"Node Type": "Bitmap Index Scan","Parent Relationship": "Outer","Parallel Aware": false,"Async Capable": false,"Index Name": "idx_supplier_nation_key","Startup Cost": 0.00,"Total Cost": 7.29,"Plan Rows": 400,"Plan Width": 0,"Actual Startup Time": 0.122,"Actual Total Time": 0.128,"Actual Rows": 399,"Actual Loops": 1,"Index Cond": "(s_nationkey = nation.n_nationkey)"}]}]},{"Node Type": "Hash","Parent Relationship": "Inner","Parallel Aware": false,"Async Capable": false,"Startup Cost": 88158.53,"Total Cost": 88158.53,"Plan Rows": 2694,"Plan Width": 4,"Actual Startup Time": 930.714,"Actual Total Time": 930.727,"Actual Rows": 6171,"Actual Loops": 1,"Hash Buckets": 8192,"Original Hash Buckets": 4096,"Hash Batches": 1,"Original Hash Batches": 1,"Peak Memory Usage": 281,"Plans": [{"Node Type": "Nested Loop","Parent Relationship": "Outer","Parallel Aware": false,"Async Capable": false,"Join Type": "Inner","Startup Cost": 0.42,"Total Cost": 88158.53,"Plan Rows": 2694,"Plan Width": 4,"Actual Startup Time": 0.514,"Actual Total Time": 926.302,"Actual Rows": 6171,"Actual Loops": 1,"Inner Unique": false,"Plans": [{"Node Type": "Seq Scan","Parent Relationship": "Outer","Parallel Aware": false,"Async Capable": false,"Relation Name": "part","Alias": "part","Startup Cost": 0.00,"Total Cost": 6597.00,"Plan Rows": 2020,"Plan Width": 4,"Actual Startup Time": 0.063,"Actual Total Time": 203.214,"Actual Rows": 2255,"Actual Loops": 1,"Filter": "((p_name)::text ~~ 'navajo%'::text)","Rows Removed by Filter": 197745},{"Node Type": "Index Scan","Parent Relationship": "Inner","Parallel Aware": false,"Async Capable": false,"Scan Direction": "Forward","Index Name": "idx_partsupp_partkey","Relation Name": "partsupp","Alias": "partsupp","Startup Cost": 0.42,"Total Cost": 40.36,"Plan Rows": 1,"Plan Width": 8,"Actual Startup Time": 0.135,"Actual Total Time": 0.320,"Actual Rows": 3,"Actual Loops": 2255,"Index Cond": "(ps_partkey = part.p_partkey)","Rows Removed by Index Recheck": 0,"Filter": "((ps_availqty)::numeric > (SubPlan 1))","Rows Removed by Filter": 1,"Plans": [{"Node Type": "Aggregate","Strategy": "Plain","Partial Mode": "Simple","Parent Relationship": "SubPlan","Subplan Name": "SubPlan 1","Parallel Aware": false,"Async Capable": false,"Startup Cost": 8.46,"Total Cost": 8.47,"Plan Rows": 1,"Plan Width": 32,"Actual Startup Time": 0.072,"Actual Total Time": 0.072,"Actual Rows": 1,"Actual Loops": 9020,"Plans": [{"Node Type": "Index Scan","Parent Relationship": "Outer","Parallel Aware": false,"Async Capable": false,"Scan Direction": "Forward","Index Name": "idx_lineitem_part_supp","Relation Name": "lineitem","Alias": "lineitem","Startup Cost": 0.43,"Total Cost": 8.46,"Plan Rows": 0,"Plan Width": 5,"Actual Startup Time": 0.043,"Actual Total Time": 0.071,"Actual Rows": 1,"Actual Loops": 9020,"Index Cond": "((l_partkey = partsupp.ps_partkey) AND (l_suppkey = partsupp.ps_suppkey))","Rows Removed by Index Recheck": 0,"Filter": "((l_shipdate >= '1995-01-01'::date) AND (l_shipdate < '1996-01-01 00:00:00'::timestamp without time zone))","Rows Removed by Filter": 6}]}]}]}]}]}]},"Planning Time": 6.217,"Triggers": [],"Execution Time": 935.978}]
[{"Plan": {"Node Type": "Sort","Parallel Aware": false,"Async Capable": false,"Startup Cost": 88442.96,"Total Cost": 88443.23,"Plan Rows": 108,"Plan Width": 51,"Actual Startup Time": 966.552,"Actual Total Time": 966.601,"Actual Rows": 170,"Actual Loops": 1,"Sort Key": ["supplier.s_name"],"Sort Method": "quicksort","Sort Space Used": 40,"Sort Space Type": "Memory","Plans": [{"Node Type": "Hash Join","Parent Relationship": "Outer","Parallel Aware": false,"Async Capable": false,"Join Type": "Semi","Startup Cost": 88199.59,"Total Cost": 88439.31,"Plan Rows": 108,"Plan Width": 51,"Actual Startup Time": 962.366,"Actual Total Time": 966.280,"Actual Rows": 170,"Actual Loops": 1,"Inner Unique": false,"Hash Cond": "(supplier.s_suppkey = partsupp.ps_suppkey)","Plans": [{"Node Type": "Nested Loop","Parent Relationship": "Outer","Parallel Aware": false,"Async Capable": false,"Join Type": "Inner","Startup Cost": 7.38,"Total Cost": 244.58,"Plan Rows": 400,"Plan Width": 55,"Actual Startup Time": 0.236,"Actual Total Time": 4.103,"Actual Rows": 396,"Actual Loops": 1,"Inner Unique": false,"Plans": [{"Node Type": "Seq Scan","Parent Relationship": "Outer","Parallel Aware": false,"Async Capable": false,"Relation Name": "nation","Alias": "nation","Startup Cost": 0.00,"Total Cost": 1.31,"Plan Rows": 1,"Plan Width": 4,"Actual Startup Time": 0.075,"Actual Total Time": 0.098,"Actual Rows": 1,"Actual Loops": 1,"Filter": "(n_name = 'GERMANY'::bpchar)","Rows Removed by Filter": 24},{"Node Type": "Bitmap Heap Scan","Parent Relationship": "Inner","Parallel Aware": false,"Async Capable": false,"Relation Name": "supplier","Alias": "supplier","Startup Cost": 7.38,"Total Cost": 239.27,"Plan Rows": 400,"Plan Width": 59,"Actual Startup Time": 0.158,"Actual Total Time": 3.929,"Actual Rows": 396,"Actual Loops": 1,"Recheck Cond": "(s_nationkey = nation.n_nationkey)","Rows Removed by Index Recheck": 0,"Exact Heap Blocks": 191,"Lossy Heap Blocks": 0,"Plans": [{"Node Type": "Bitmap Index Scan","Parent Relationship": "Outer","Parallel Aware": false,"Async Capable": false,"Index Name": "idx_supplier_nation_key","Startup Cost": 0.00,"Total Cost": 7.29,"Plan Rows": 400,"Plan Width": 0,"Actual Startup Time": 0.092,"Actual Total Time": 0.098,"Actual Rows": 396,"Actual Loops": 1,"Index Cond": "(s_nationkey = nation.n_nationkey)"}]}]},{"Node Type": "Hash","Parent Relationship": "Inner","Parallel Aware": false,"Async Capable": false,"Startup Cost": 88158.53,"Total Cost": 88158.53,"Plan Rows": 2694,"Plan Width": 4,"Actual Startup Time": 962.009,"Actual Total Time": 962.025,"Actual Rows": 5874,"Actual Loops": 1,"Hash Buckets": 8192,"Original Hash Buckets": 4096,"Hash Batches": 1,"Original Hash Batches": 1,"Peak Memory Usage": 271,"Plans": [{"Node Type": "Nested Loop","Parent Relationship": "Outer","Parallel Aware": false,"Async Capable": false,"Join Type": "Inner","Startup Cost": 0.42,"Total Cost": 88158.53,"Plan Rows": 2694,"Plan Width": 4,"Actual Startup Time": 0.831,"Actual Total Time": 957.860,"Actual Rows": 5874,"Actual Loops": 1,"Inner Unique": false,"Plans": [{"Node Type": "Seq Scan","Parent Relationship": "Outer","Parallel Aware": false,"Async Capable": false,"Relation Name": "part","Alias": "part","Startup Cost": 0.00,"Total Cost": 6597.00,"Plan Rows": 2020,"Plan Width": 4,"Actual Startup Time": 0.337,"Actual Total Time": 180.054,"Actual Rows": 2176,"Actual Loops": 1,"Filter": "((p_name)::text ~~ 'sienna%'::text)","Rows Removed by Filter": 197824},{"Node Type": "Index Scan","Parent Relationship": "Inner","Parallel Aware": false,"Async Capable": false,"Scan Direction": "Forward","Index Name": "idx_partsupp_partkey","Relation Name": "partsupp","Alias": "partsupp","Startup Cost": 0.42,"Total Cost": 40.36,"Plan Rows": 1,"Plan Width": 8,"Actual Startup Time": 0.148,"Actual Total Time": 0.357,"Actual Rows": 3,"Actual Loops": 2176,"Index Cond": "(ps_partkey = part.p_partkey)","Rows Removed by Index Recheck": 0,"Filter": "((ps_availqty)::numeric > (SubPlan 1))","Rows Removed by Filter": 1,"Plans": [{"Node Type": "Aggregate","Strategy": "Plain","Partial Mode": "Simple","Parent Relationship": "SubPlan","Subplan Name": "SubPlan 1","Parallel Aware": false,"Async Capable": false,"Startup Cost": 8.46,"Total Cost": 8.47,"Plan Rows": 1,"Plan Width": 32,"Actual Startup Time": 0.081,"Actual Total Time": 0.081,"Actual Rows": 1,"Actual Loops": 8704,"Plans": [{"Node Type": "Index Scan","Parent Relationship": "Outer","Parallel Aware": false,"Async Capable": false,"Scan Direction": "Forward","Index Name": "idx_lineitem_part_supp","Relation Name": "lineitem","Alias": "lineitem","Startup Cost": 0.43,"Total Cost": 8.46,"Plan Rows": 0,"Plan Width": 5,"Actual Startup Time": 0.049,"Actual Total Time": 0.080,"Actual Rows": 1,"Actual Loops": 8704,"Index Cond": "((l_partkey = partsupp.ps_partkey) AND (l_suppkey = partsupp.ps_suppkey))","Rows Removed by Index Recheck": 0,"Filter": "((l_shipdate >= '1997-01-01'::date) AND (l_shipdate < '1998-01-01 00:00:00'::timestamp without time zone))","Rows Removed by Filter": 6}]}]}]}]}]}]},"Planning Time": 6.209,"Triggers": [],"Execution Time": 966.878}]
[{"Plan": {"Node Type": "Sort","Parallel Aware": false,"Async Capable": false,"Startup Cost": 88442.96,"Total Cost": 88443.23,"Plan Rows": 108,"Plan Width": 51,"Actual Startup Time": 884.506,"Actual Total Time": 884.542,"Actual Rows": 163,"Actual Loops": 1,"Sort Key": ["supplier.s_name"],"Sort Method": "quicksort","Sort Space Used": 40,"Sort Space Type": "Memory","Plans": [{"Node Type": "Hash Join","Parent Relationship": "Outer","Parallel Aware": false,"Async Capable": false,"Join Type": "Semi","Startup Cost": 88199.59,"Total Cost": 88439.31,"Plan Rows": 108,"Plan Width": 51,"Actual Startup Time": 880.471,"Actual Total Time": 884.212,"Actual Rows": 163,"Actual Loops": 1,"Inner Unique": false,"Hash Cond": "(supplier.s_suppkey = partsupp.ps_suppkey)","Plans": [{"Node Type": "Nested Loop","Parent Relationship": "Outer","Parallel Aware": false,"Async Capable": false,"Join Type": "Inner","Startup Cost": 7.38,"Total Cost": 244.58,"Plan Rows": 400,"Plan Width": 55,"Actual Startup Time": 0.235,"Actual Total Time": 3.841,"Actual Rows": 377,"Actual Loops": 1,"Inner Unique": false,"Plans": [{"Node Type": "Seq Scan","Parent Relationship": "Outer","Parallel Aware": false,"Async Capable": false,"Relation Name": "nation","Alias": "nation","Startup Cost": 0.00,"Total Cost": 1.31,"Plan Rows": 1,"Plan Width": 4,"Actual Startup Time": 0.061,"Actual Total Time": 0.085,"Actual Rows": 1,"Actual Loops": 1,"Filter": "(n_name = 'JAPAN'::bpchar)","Rows Removed by Filter": 24},{"Node Type": "Bitmap Heap Scan","Parent Relationship": "Inner","Parallel Aware": false,"Async Capable": false,"Relation Name": "supplier","Alias": "supplier","Startup Cost": 7.38,"Total Cost": 239.27,"Plan Rows": 400,"Plan Width": 59,"Actual Startup Time": 0.165,"Actual Total Time": 3.684,"Actual Rows": 377,"Actual Loops": 1,"Recheck Cond": "(s_nationkey = nation.n_nationkey)","Rows Removed by Index Recheck": 0,"Exact Heap Blocks": 180,"Lossy Heap Blocks": 0,"Plans": [{"Node Type": "Bitmap Index Scan","Parent Relationship": "Outer","Parallel Aware": false,"Async Capable": false,"Index Name": "idx_supplier_nation_key","Startup Cost": 0.00,"Total Cost": 7.29,"Plan Rows": 400,"Plan Width": 0,"Actual Startup Time": 0.103,"Actual Total Time": 0.107,"Actual Rows": 377,"Actual Loops": 1,"Index Cond": "(s_nationkey = nation.n_nationkey)"}]}]},{"Node Type": "Hash","Parent Relationship": "Inner","Parallel Aware": false,"Async Capable": false,"Startup Cost": 88158.53,"Total Cost": 88158.53,"Plan Rows": 2694,"Plan Width": 4,"Actual Startup Time": 880.166,"Actual Total Time": 880.179,"Actual Rows": 5700,"Actual Loops": 1,"Hash Buckets": 8192,"Original Hash Buckets": 4096,"Hash Batches": 1,"Original Hash Batches": 1,"Peak Memory Usage": 265,"Plans": [{"Node Type": "Nested Loop","Parent Relationship": "Outer","Parallel Aware": false,"Async Capable": false,"Join Type": "Inner","Startup Cost": 0.42,"Total Cost": 88158.53,"Plan Rows": 2694,"Plan Width": 4,"Actual Startup Time": 0.943,"Actual Total Time": 874.897,"Actual Rows": 5700,"Actual Loops": 1,"Inner Unique": false,"Plans": [{"Node Type": "Seq Scan","Parent Relationship": "Outer","Parallel Aware": false,"Async Capable": false,"Relation Name": "part","Alias": "part","Startup Cost": 0.00,"Total Cost": 6597.00,"Plan Rows": 2020,"Plan Width": 4,"Actual Startup Time": 0.436,"Actual Total Time": 194.950,"Actual Rows": 2118,"Actual Loops": 1,"Filter": "((p_name)::text ~~ 'smoke%'::text)","Rows Removed by Filter": 197882},{"Node Type": "Index Scan","Parent Relationship": "Inner","Parallel Aware": false,"Async Capable": false,"Scan Direction": "Forward","Index Name": "idx_partsupp_partkey","Relation Name": "partsupp","Alias": "partsupp","Startup Cost": 0.42,"Total Cost": 40.36,"Plan Rows": 1,"Plan Width": 8,"Actual Startup Time": 0.135,"Actual Total Time": 0.321,"Actual Rows": 3,"Actual Loops": 2118,"Index Cond": "(ps_partkey = part.p_partkey)","Rows Removed by Index Recheck": 0,"Filter": "((ps_availqty)::numeric > (SubPlan 1))","Rows Removed by Filter": 1,"Plans": [{"Node Type": "Aggregate","Strategy": "Plain","Partial Mode": "Simple","Parent Relationship": "SubPlan","Subplan Name": "SubPlan 1","Parallel Aware": false,"Async Capable": false,"Startup Cost": 8.46,"Total Cost": 8.47,"Plan Rows": 1,"Plan Width": 32,"Actual Startup Time": 0.072,"Actual Total Time": 0.072,"Actual Rows": 1,"Actual Loops": 8472,"Plans": [{"Node Type": "Index Scan","Parent Relationship": "Outer","Parallel Aware": false,"Async Capable": false,"Scan Direction": "Forward","Index Name": "idx_lineitem_part_supp","Relation Name": "lineitem","Alias": "lineitem","Startup Cost": 0.43,"Total Cost": 8.46,"Plan Rows": 0,"Plan Width": 5,"Actual Startup Time": 0.044,"Actual Total Time": 0.071,"Actual Rows": 1,"Actual Loops": 8472,"Index Cond": "((l_partkey = partsupp.ps_partkey) AND (l_suppkey = partsupp.ps_suppkey))","Rows Removed by Index Recheck": 0,"Filter": "((l_shipdate >= '1997-01-01'::date) AND (l_shipdate < '1998-01-01 00:00:00'::timestamp without time zone))","Rows Removed by Filter": 6}]}]}]}]}]}]},"Planning Time": 7.148,"Triggers": [],"Execution Time": 884.770}]
[{"Plan": {"Node Type": "Sort","Parallel Aware": false,"Async Capable": false,"Startup Cost": 88442.96,"Total Cost": 88443.23,"Plan Rows": 108,"Plan Width": 51,"Actual Startup Time": 970.237,"Actual Total Time": 970.281,"Actual Rows": 174,"Actual Loops": 1,"Sort Key": ["supplier.s_name"],"Sort Method": "quicksort","Sort Space Used": 41,"Sort Space Type": "Memory","Plans": [{"Node Type": "Hash Join","Parent Relationship": "Outer","Parallel Aware": false,"Async Capable": false,"Join Type": "Semi","Startup Cost": 88199.59,"Total Cost": 88439.31,"Plan Rows": 108,"Plan Width": 51,"Actual Startup Time": 966.186,"Actual Total Time": 969.944,"Actual Rows": 174,"Actual Loops": 1,"Inner Unique": false,"Hash Cond": "(supplier.s_suppkey = partsupp.ps_suppkey)","Plans": [{"Node Type": "Nested Loop","Parent Relationship": "Outer","Parallel Aware": false,"Async Capable": false,"Join Type": "Inner","Startup Cost": 7.38,"Total Cost": 244.58,"Plan Rows": 400,"Plan Width": 55,"Actual Startup Time": 0.287,"Actual Total Time": 3.966,"Actual Rows": 393,"Actual Loops": 1,"Inner Unique": false,"Plans": [{"Node Type": "Seq Scan","Parent Relationship": "Outer","Parallel Aware": false,"Async Capable": false,"Relation Name": "nation","Alias": "nation","Startup Cost": 0.00,"Total Cost": 1.31,"Plan Rows": 1,"Plan Width": 4,"Actual Startup Time": 0.077,"Actual Total Time": 0.087,"Actual Rows": 1,"Actual Loops": 1,"Filter": "(n_name = 'UNITED STATES'::bpchar)","Rows Removed by Filter": 24},{"Node Type": "Bitmap Heap Scan","Parent Relationship": "Inner","Parallel Aware": false,"Async Capable": false,"Relation Name": "supplier","Alias": "supplier","Startup Cost": 7.38,"Total Cost": 239.27,"Plan Rows": 400,"Plan Width": 59,"Actual Startup Time": 0.205,"Actual Total Time": 3.818,"Actual Rows": 393,"Actual Loops": 1,"Recheck Cond": "(s_nationkey = nation.n_nationkey)","Rows Removed by Index Recheck": 0,"Exact Heap Blocks": 181,"Lossy Heap Blocks": 0,"Plans": [{"Node Type": "Bitmap Index Scan","Parent Relationship": "Outer","Parallel Aware": false,"Async Capable": false,"Index Name": "idx_supplier_nation_key","Startup Cost": 0.00,"Total Cost": 7.29,"Plan Rows": 400,"Plan Width": 0,"Actual Startup Time": 0.129,"Actual Total Time": 0.135,"Actual Rows": 393,"Actual Loops": 1,"Index Cond": "(s_nationkey = nation.n_nationkey)"}]}]},{"Node Type": "Hash","Parent Relationship": "Inner","Parallel Aware": false,"Async Capable": false,"Startup Cost": 88158.53,"Total Cost": 88158.53,"Plan Rows": 2694,"Plan Width": 4,"Actual Startup Time": 965.828,"Actual Total Time": 965.838,"Actual Rows": 5859,"Actual Loops": 1,"Hash Buckets": 8192,"Original Hash Buckets": 4096,"Hash Batches": 1,"Original Hash Batches": 1,"Peak Memory Usage": 270,"Plans": [{"Node Type": "Nested Loop","Parent Relationship": "Outer","Parallel Aware": false,"Async Capable": false,"Join Type": "Inner","Startup Cost": 0.42,"Total Cost": 88158.53,"Plan Rows": 2694,"Plan Width": 4,"Actual Startup Time": 0.896,"Actual Total Time": 961.579,"Actual Rows": 5859,"Actual Loops": 1,"Inner Unique": false,"Plans": [{"Node Type": "Seq Scan","Parent Relationship": "Outer","Parallel Aware": false,"Async Capable": false,"Relation Name": "part","Alias": "part","Startup Cost": 0.00,"Total Cost": 6597.00,"Plan Rows": 2020,"Plan Width": 4,"Actual Startup Time": 0.156,"Actual Total Time": 183.027,"Actual Rows": 2180,"Actual Loops": 1,"Filter": "((p_name)::text ~~ 'gainsboro%'::text)","Rows Removed by Filter": 197820},{"Node Type": "Index Scan","Parent Relationship": "Inner","Parallel Aware": false,"Async Capable": false,"Scan Direction": "Forward","Index Name": "idx_partsupp_partkey","Relation Name": "partsupp","Alias": "partsupp","Startup Cost": 0.42,"Total Cost": 40.36,"Plan Rows": 1,"Plan Width": 8,"Actual Startup Time": 0.150,"Actual Total Time": 0.357,"Actual Rows": 3,"Actual Loops": 2180,"Index Cond": "(ps_partkey = part.p_partkey)","Rows Removed by Index Recheck": 0,"Filter": "((ps_availqty)::numeric > (SubPlan 1))","Rows Removed by Filter": 1,"Plans": [{"Node Type": "Aggregate","Strategy": "Plain","Partial Mode": "Simple","Parent Relationship": "SubPlan","Subplan Name": "SubPlan 1","Parallel Aware": false,"Async Capable": false,"Startup Cost": 8.46,"Total Cost": 8.47,"Plan Rows": 1,"Plan Width": 32,"Actual Startup Time": 0.081,"Actual Total Time": 0.081,"Actual Rows": 1,"Actual Loops": 8720,"Plans": [{"Node Type": "Index Scan","Parent Relationship": "Outer","Parallel Aware": false,"Async Capable": false,"Scan Direction": "Forward","Index Name": "idx_lineitem_part_supp","Relation Name": "lineitem","Alias": "lineitem","Startup Cost": 0.43,"Total Cost": 8.46,"Plan Rows": 0,"Plan Width": 5,"Actual Startup Time": 0.049,"Actual Total Time": 0.080,"Actual Rows": 1,"Actual Loops": 8720,"Index Cond": "((l_partkey = partsupp.ps_partkey) AND (l_suppkey = partsupp.ps_suppkey))","Rows Removed by Index Recheck": 0,"Filter": "((l_shipdate >= '1996-01-01'::date) AND (l_shipdate < '1997-01-01 00:00:00'::timestamp without time zone))","Rows Removed by Filter": 6}]}]}]}]}]}]},"Planning Time": 6.087,"Triggers": [],"Execution Time": 970.573}]
[{"Plan": {"Node Type": "Sort","Parallel Aware": false,"Async Capable": false,"Startup Cost": 88442.96,"Total Cost": 88443.23,"Plan Rows": 108,"Plan Width": 51,"Actual Startup Time": 971.839,"Actual Total Time": 971.885,"Actual Rows": 163,"Actual Loops": 1,"Sort Key": ["supplier.s_name"],"Sort Method": "quicksort","Sort Space Used": 40,"Sort Space Type": "Memory","Plans": [{"Node Type": "Hash Join","Parent Relationship": "Outer","Parallel Aware": false,"Async Capable": false,"Join Type": "Semi","Startup Cost": 88199.59,"Total Cost": 88439.31,"Plan Rows": 108,"Plan Width": 51,"Actual Startup Time": 967.441,"Actual Total Time": 971.450,"Actual Rows": 163,"Actual Loops": 1,"Inner Unique": false,"Hash Cond": "(supplier.s_suppkey = partsupp.ps_suppkey)","Plans": [{"Node Type": "Nested Loop","Parent Relationship": "Outer","Parallel Aware": false,"Async Capable": false,"Join Type": "Inner","Startup Cost": 7.38,"Total Cost": 244.58,"Plan Rows": 400,"Plan Width": 55,"Actual Startup Time": 0.273,"Actual Total Time": 4.168,"Actual Rows": 406,"Actual Loops": 1,"Inner Unique": false,"Plans": [{"Node Type": "Seq Scan","Parent Relationship": "Outer","Parallel Aware": false,"Async Capable": false,"Relation Name": "nation","Alias": "nation","Startup Cost": 0.00,"Total Cost": 1.31,"Plan Rows": 1,"Plan Width": 4,"Actual Startup Time": 0.063,"Actual Total Time": 0.087,"Actual Rows": 1,"Actual Loops": 1,"Filter": "(n_name = 'MOZAMBIQUE'::bpchar)","Rows Removed by Filter": 24},{"Node Type": "Bitmap Heap Scan","Parent Relationship": "Inner","Parallel Aware": false,"Async Capable": false,"Relation Name": "supplier","Alias": "supplier","Startup Cost": 7.38,"Total Cost": 239.27,"Plan Rows": 400,"Plan Width": 59,"Actual Startup Time": 0.198,"Actual Total Time": 4.008,"Actual Rows": 406,"Actual Loops": 1,"Recheck Cond": "(s_nationkey = nation.n_nationkey)","Rows Removed by Index Recheck": 0,"Exact Heap Blocks": 186,"Lossy Heap Blocks": 0,"Plans": [{"Node Type": "Bitmap Index Scan","Parent Relationship": "Outer","Parallel Aware": false,"Async Capable": false,"Index Name": "idx_supplier_nation_key","Startup Cost": 0.00,"Total Cost": 7.29,"Plan Rows": 400,"Plan Width": 0,"Actual Startup Time": 0.131,"Actual Total Time": 0.136,"Actual Rows": 406,"Actual Loops": 1,"Index Cond": "(s_nationkey = nation.n_nationkey)"}]}]},{"Node Type": "Hash","Parent Relationship": "Inner","Parallel Aware": false,"Async Capable": false,"Startup Cost": 88158.53,"Total Cost": 88158.53,"Plan Rows": 2694,"Plan Width": 4,"Actual Startup Time": 967.104,"Actual Total Time": 967.116,"Actual Rows": 5937,"Actual Loops": 1,"Hash Buckets": 8192,"Original Hash Buckets": 4096,"Hash Batches": 1,"Original Hash Batches": 1,"Peak Memory Usage": 273,"Plans": [{"Node Type": "Nested Loop","Parent Relationship": "Outer","Parallel Aware": false,"Async Capable": false,"Join Type": "Inner","Startup Cost": 0.42,"Total Cost": 88158.53,"Plan Rows": 2694,"Plan Width": 4,"Actual Startup Time": 1.108,"Actual Total Time": 963.330,"Actual Rows": 5937,"Actual Loops": 1,"Inner Unique": false,"Plans": [{"Node Type": "Seq Scan","Parent Relationship": "Outer","Parallel Aware": false,"Async Capable": false,"Relation Name": "part","Alias": "part","Startup Cost": 0.00,"Total Cost": 6597.00,"Plan Rows": 2020,"Plan Width": 4,"Actual Startup Time": 0.445,"Actual Total Time": 180.802,"Actual Rows": 2155,"Actual Loops": 1,"Filter": "((p_name)::text ~~ 'lavender%'::text)","Rows Removed by Filter": 197845},{"Node Type": "Index Scan","Parent Relationship": "Inner","Parallel Aware": false,"Async Capable": false,"Scan Direction": "Forward","Index Name": "idx_partsupp_partkey","Relation Name": "partsupp","Alias": "partsupp","Startup Cost": 0.42,"Total Cost": 40.36,"Plan Rows": 1,"Plan Width": 8,"Actual Startup Time": 0.152,"Actual Total Time": 0.363,"Actual Rows": 3,"Actual Loops": 2155,"Index Cond": "(ps_partkey = part.p_partkey)","Rows Removed by Index Recheck": 0,"Filter": "((ps_availqty)::numeric > (SubPlan 1))","Rows Removed by Filter": 1,"Plans": [{"Node Type": "Aggregate","Strategy": "Plain","Partial Mode": "Simple","Parent Relationship": "SubPlan","Subplan Name": "SubPlan 1","Parallel Aware": false,"Async Capable": false,"Startup Cost": 8.46,"Total Cost": 8.47,"Plan Rows": 1,"Plan Width": 32,"Actual Startup Time": 0.083,"Actual Total Time": 0.083,"Actual Rows": 1,"Actual Loops": 8620,"Plans": [{"Node Type": "Index Scan","Parent Relationship": "Outer","Parallel Aware": false,"Async Capable": false,"Scan Direction": "Forward","Index Name": "idx_lineitem_part_supp","Relation Name": "lineitem","Alias": "lineitem","Startup Cost": 0.43,"Total Cost": 8.46,"Plan Rows": 0,"Plan Width": 5,"Actual Startup Time": 0.049,"Actual Total Time": 0.082,"Actual Rows": 1,"Actual Loops": 8620,"Index Cond": "((l_partkey = partsupp.ps_partkey) AND (l_suppkey = partsupp.ps_suppkey))","Rows Removed by Index Recheck": 0,"Filter": "((l_shipdate >= '1995-01-01'::date) AND (l_shipdate < '1996-01-01 00:00:00'::timestamp without time zone))","Rows Removed by Filter": 6}]}]}]}]}]}]},"Planning Time": 7.492,"Triggers": [],"Execution Time": 972.140}]
[{"Plan": {"Node Type": "Sort","Parallel Aware": false,"Async Capable": false,"Startup Cost": 88442.96,"Total Cost": 88443.23,"Plan Rows": 108,"Plan Width": 51,"Actual Startup Time": 945.138,"Actual Total Time": 945.183,"Actual Rows": 192,"Actual Loops": 1,"Sort Key": ["supplier.s_name"],"Sort Method": "quicksort","Sort Space Used": 42,"Sort Space Type": "Memory","Plans": [{"Node Type": "Hash Join","Parent Relationship": "Outer","Parallel Aware": false,"Async Capable": false,"Join Type": "Semi","Startup Cost": 88199.59,"Total Cost": 88439.31,"Plan Rows": 108,"Plan Width": 51,"Actual Startup Time": 940.643,"Actual Total Time": 944.793,"Actual Rows": 192,"Actual Loops": 1,"Inner Unique": false,"Hash Cond": "(supplier.s_suppkey = partsupp.ps_suppkey)","Plans": [{"Node Type": "Nested Loop","Parent Relationship": "Outer","Parallel Aware": false,"Async Capable": false,"Join Type": "Inner","Startup Cost": 7.38,"Total Cost": 244.58,"Plan Rows": 400,"Plan Width": 55,"Actual Startup Time": 0.301,"Actual Total Time": 4.405,"Actual Rows": 421,"Actual Loops": 1,"Inner Unique": false,"Plans": [{"Node Type": "Seq Scan","Parent Relationship": "Outer","Parallel Aware": false,"Async Capable": false,"Relation Name": "nation","Alias": "nation","Startup Cost": 0.00,"Total Cost": 1.31,"Plan Rows": 1,"Plan Width": 4,"Actual Startup Time": 0.074,"Actual Total Time": 0.099,"Actual Rows": 1,"Actual Loops": 1,"Filter": "(n_name = 'PERU'::bpchar)","Rows Removed by Filter": 24},{"Node Type": "Bitmap Heap Scan","Parent Relationship": "Inner","Parallel Aware": false,"Async Capable": false,"Relation Name": "supplier","Alias": "supplier","Startup Cost": 7.38,"Total Cost": 239.27,"Plan Rows": 400,"Plan Width": 59,"Actual Startup Time": 0.223,"Actual Total Time": 4.233,"Actual Rows": 421,"Actual Loops": 1,"Recheck Cond": "(s_nationkey = nation.n_nationkey)","Rows Removed by Index Recheck": 0,"Exact Heap Blocks": 187,"Lossy Heap Blocks": 0,"Plans": [{"Node Type": "Bitmap Index Scan","Parent Relationship": "Outer","Parallel Aware": false,"Async Capable": false,"Index Name": "idx_supplier_nation_key","Startup Cost": 0.00,"Total Cost": 7.29,"Plan Rows": 400,"Plan Width": 0,"Actual Startup Time": 0.162,"Actual Total Time": 0.168,"Actual Rows": 421,"Actual Loops": 1,"Index Cond": "(s_nationkey = nation.n_nationkey)"}]}]},{"Node Type": "Hash","Parent Relationship": "Inner","Parallel Aware": false,"Async Capable": false,"Startup Cost": 88158.53,"Total Cost": 88158.53,"Plan Rows": 2694,"Plan Width": 4,"Actual Startup Time": 940.223,"Actual Total Time": 940.237,"Actual Rows": 5584,"Actual Loops": 1,"Hash Buckets": 8192,"Original Hash Buckets": 4096,"Hash Batches": 1,"Original Hash Batches": 1,"Peak Memory Usage": 261,"Plans": [{"Node Type": "Nested Loop","Parent Relationship": "Outer","Parallel Aware": false,"Async Capable": false,"Join Type": "Inner","Startup Cost": 0.42,"Total Cost": 88158.53,"Plan Rows": 2694,"Plan Width": 4,"Actual Startup Time": 0.778,"Actual Total Time": 936.022,"Actual Rows": 5584,"Actual Loops": 1,"Inner Unique": false,"Plans": [{"Node Type": "Seq Scan","Parent Relationship": "Outer","Parallel Aware": false,"Async Capable": false,"Relation Name": "part","Alias": "part","Startup Cost": 0.00,"Total Cost": 6597.00,"Plan Rows": 2020,"Plan Width": 4,"Actual Startup Time": 0.066,"Actual Total Time": 182.072,"Actual Rows": 2094,"Actual Loops": 1,"Filter": "((p_name)::text ~~ 'lawn%'::text)","Rows Removed by Filter": 197906},{"Node Type": "Index Scan","Parent Relationship": "Inner","Parallel Aware": false,"Async Capable": false,"Scan Direction": "Forward","Index Name": "idx_partsupp_partkey","Relation Name": "partsupp","Alias": "partsupp","Startup Cost": 0.42,"Total Cost": 40.36,"Plan Rows": 1,"Plan Width": 8,"Actual Startup Time": 0.152,"Actual Total Time": 0.360,"Actual Rows": 3,"Actual Loops": 2094,"Index Cond": "(ps_partkey = part.p_partkey)","Rows Removed by Index Recheck": 0,"Filter": "((ps_availqty)::numeric > (SubPlan 1))","Rows Removed by Filter": 1,"Plans": [{"Node Type": "Aggregate","Strategy": "Plain","Partial Mode": "Simple","Parent Relationship": "SubPlan","Subplan Name": "SubPlan 1","Parallel Aware": false,"Async Capable": false,"Startup Cost": 8.46,"Total Cost": 8.47,"Plan Rows": 1,"Plan Width": 32,"Actual Startup Time": 0.082,"Actual Total Time": 0.082,"Actual Rows": 1,"Actual Loops": 8376,"Plans": [{"Node Type": "Index Scan","Parent Relationship": "Outer","Parallel Aware": false,"Async Capable": false,"Scan Direction": "Forward","Index Name": "idx_lineitem_part_supp","Relation Name": "lineitem","Alias": "lineitem","Startup Cost": 0.43,"Total Cost": 8.46,"Plan Rows": 0,"Plan Width": 5,"Actual Startup Time": 0.050,"Actual Total Time": 0.081,"Actual Rows": 1,"Actual Loops": 8376,"Index Cond": "((l_partkey = partsupp.ps_partkey) AND (l_suppkey = partsupp.ps_suppkey))","Rows Removed by Index Recheck": 0,"Filter": "((l_shipdate >= '1994-01-01'::date) AND (l_shipdate < '1995-01-01 00:00:00'::timestamp without time zone))","Rows Removed by Filter": 6}]}]}]}]}]}]},"Planning Time": 5.764,"Triggers": [],"Execution Time": 945.434}]
[{"Plan": {"Node Type": "Sort","Parallel Aware": false,"Async Capable": false,"Startup Cost": 88442.96,"Total Cost": 88443.23,"Plan Rows": 108,"Plan Width": 51,"Actual Startup Time": 907.932,"Actual Total Time": 907.963,"Actual Rows": 165,"Actual Loops": 1,"Sort Key": ["supplier.s_name"],"Sort Method": "quicksort","Sort Space Used": 40,"Sort Space Type": "Memory","Plans": [{"Node Type": "Hash Join","Parent Relationship": "Outer","Parallel Aware": false,"Async Capable": false,"Join Type": "Semi","Startup Cost": 88199.59,"Total Cost": 88439.31,"Plan Rows": 108,"Plan Width": 51,"Actual Startup Time": 903.642,"Actual Total Time": 907.424,"Actual Rows": 165,"Actual Loops": 1,"Inner Unique": false,"Hash Cond": "(supplier.s_suppkey = partsupp.ps_suppkey)","Plans": [{"Node Type": "Nested Loop","Parent Relationship": "Outer","Parallel Aware": false,"Async Capable": false,"Join Type": "Inner","Startup Cost": 7.38,"Total Cost": 244.58,"Plan Rows": 400,"Plan Width": 55,"Actual Startup Time": 0.271,"Actual Total Time": 3.968,"Actual Rows": 376,"Actual Loops": 1,"Inner Unique": false,"Plans": [{"Node Type": "Seq Scan","Parent Relationship": "Outer","Parallel Aware": false,"Async Capable": false,"Relation Name": "nation","Alias": "nation","Startup Cost": 0.00,"Total Cost": 1.31,"Plan Rows": 1,"Plan Width": 4,"Actual Startup Time": 0.068,"Actual Total Time": 0.089,"Actual Rows": 1,"Actual Loops": 1,"Filter": "(n_name = 'KENYA'::bpchar)","Rows Removed by Filter": 24},{"Node Type": "Bitmap Heap Scan","Parent Relationship": "Inner","Parallel Aware": false,"Async Capable": false,"Relation Name": "supplier","Alias": "supplier","Startup Cost": 7.38,"Total Cost": 239.27,"Plan Rows": 400,"Plan Width": 59,"Actual Startup Time": 0.194,"Actual Total Time": 3.804,"Actual Rows": 376,"Actual Loops": 1,"Recheck Cond": "(s_nationkey = nation.n_nationkey)","Rows Removed by Index Recheck": 0,"Exact Heap Blocks": 179,"Lossy Heap Blocks": 0,"Plans": [{"Node Type": "Bitmap Index Scan","Parent Relationship": "Outer","Parallel Aware": false,"Async Capable": false,"Index Name": "idx_supplier_nation_key","Startup Cost": 0.00,"Total Cost": 7.29,"Plan Rows": 400,"Plan Width": 0,"Actual Startup Time": 0.132,"Actual Total Time": 0.139,"Actual Rows": 376,"Actual Loops": 1,"Index Cond": "(s_nationkey = nation.n_nationkey)"}]}]},{"Node Type": "Hash","Parent Relationship": "Inner","Parallel Aware": false,"Async Capable": false,"Startup Cost": 88158.53,"Total Cost": 88158.53,"Plan Rows": 2694,"Plan Width": 4,"Actual Startup Time": 903.269,"Actual Total Time": 903.273,"Actual Rows": 5948,"Actual Loops": 1,"Hash Buckets": 8192,"Original Hash Buckets": 4096,"Hash Batches": 1,"Original Hash Batches": 1,"Peak Memory Usage": 274,"Plans": [{"Node Type": "Nested Loop","Parent Relationship": "Outer","Parallel Aware": false,"Async Capable": false,"Join Type": "Inner","Startup Cost": 0.42,"Total Cost": 88158.53,"Plan Rows": 2694,"Plan Width": 4,"Actual Startup Time": 1.023,"Actual Total Time": 899.127,"Actual Rows": 5948,"Actual Loops": 1,"Inner Unique": false,"Plans": [{"Node Type": "Seq Scan","Parent Relationship": "Outer","Parallel Aware": false,"Async Capable": false,"Relation Name": "part","Alias": "part","Startup Cost": 0.00,"Total Cost": 6597.00,"Plan Rows": 2020,"Plan Width": 4,"Actual Startup Time": 0.194,"Actual Total Time": 195.822,"Actual Rows": 2176,"Actual Loops": 1,"Filter": "((p_name)::text ~~ 'yellow%'::text)","Rows Removed by Filter": 197824},{"Node Type": "Index Scan","Parent Relationship": "Inner","Parallel Aware": false,"Async Capable": false,"Scan Direction": "Forward","Index Name": "idx_partsupp_partkey","Relation Name": "partsupp","Alias": "partsupp","Startup Cost": 0.42,"Total Cost": 40.36,"Plan Rows": 1,"Plan Width": 8,"Actual Startup Time": 0.138,"Actual Total Time": 0.323,"Actual Rows": 3,"Actual Loops": 2176,"Index Cond": "(ps_partkey = part.p_partkey)","Rows Removed by Index Recheck": 0,"Filter": "((ps_availqty)::numeric > (SubPlan 1))","Rows Removed by Filter": 1,"Plans": [{"Node Type": "Aggregate","Strategy": "Plain","Partial Mode": "Simple","Parent Relationship": "SubPlan","Subplan Name": "SubPlan 1","Parallel Aware": false,"Async Capable": false,"Startup Cost": 8.46,"Total Cost": 8.47,"Plan Rows": 1,"Plan Width": 32,"Actual Startup Time": 0.072,"Actual Total Time": 0.072,"Actual Rows": 1,"Actual Loops": 8704,"Plans": [{"Node Type": "Index Scan","Parent Relationship": "Outer","Parallel Aware": false,"Async Capable": false,"Scan Direction": "Forward","Index Name": "idx_lineitem_part_supp","Relation Name": "lineitem","Alias": "lineitem","Startup Cost": 0.43,"Total Cost": 8.46,"Plan Rows": 0,"Plan Width": 5,"Actual Startup Time": 0.044,"Actual Total Time": 0.072,"Actual Rows": 1,"Actual Loops": 8704,"Index Cond": "((l_partkey = partsupp.ps_partkey) AND (l_suppkey = partsupp.ps_suppkey))","Rows Removed by Index Recheck": 0,"Filter": "((l_shipdate >= '1996-01-01'::date) AND (l_shipdate < '1997-01-01 00:00:00'::timestamp without time zone))","Rows Removed by Filter": 6}]}]}]}]}]}]},"Planning Time": 6.362,"Triggers": [],"Execution Time": 908.207}]
[{"Plan": {"Node Type": "Sort","Parallel Aware": false,"Async Capable": false,"Startup Cost": 88442.96,"Total Cost": 88443.23,"Plan Rows": 108,"Plan Width": 51,"Actual Startup Time": 967.366,"Actual Total Time": 967.408,"Actual Rows": 203,"Actual Loops": 1,"Sort Key": ["supplier.s_name"],"Sort Method": "quicksort","Sort Space Used": 43,"Sort Space Type": "Memory","Plans": [{"Node Type": "Hash Join","Parent Relationship": "Outer","Parallel Aware": false,"Async Capable": false,"Join Type": "Semi","Startup Cost": 88199.59,"Total Cost": 88439.31,"Plan Rows": 108,"Plan Width": 51,"Actual Startup Time": 963.239,"Actual Total Time": 967.023,"Actual Rows": 203,"Actual Loops": 1,"Inner Unique": false,"Hash Cond": "(supplier.s_suppkey = partsupp.ps_suppkey)","Plans": [{"Node Type": "Nested Loop","Parent Relationship": "Outer","Parallel Aware": false,"Async Capable": false,"Join Type": "Inner","Startup Cost": 7.38,"Total Cost": 244.58,"Plan Rows": 400,"Plan Width": 55,"Actual Startup Time": 0.269,"Actual Total Time": 4.023,"Actual Rows": 411,"Actual Loops": 1,"Inner Unique": false,"Plans": [{"Node Type": "Seq Scan","Parent Relationship": "Outer","Parallel Aware": false,"Async Capable": false,"Relation Name": "nation","Alias": "nation","Startup Cost": 0.00,"Total Cost": 1.31,"Plan Rows": 1,"Plan Width": 4,"Actual Startup Time": 0.075,"Actual Total Time": 0.094,"Actual Rows": 1,"Actual Loops": 1,"Filter": "(n_name = 'SAUDI ARABIA'::bpchar)","Rows Removed by Filter": 24},{"Node Type": "Bitmap Heap Scan","Parent Relationship": "Inner","Parallel Aware": false,"Async Capable": false,"Relation Name": "supplier","Alias": "supplier","Startup Cost": 7.38,"Total Cost": 239.27,"Plan Rows": 400,"Plan Width": 59,"Actual Startup Time": 0.191,"Actual Total Time": 3.861,"Actual Rows": 411,"Actual Loops": 1,"Recheck Cond": "(s_nationkey = nation.n_nationkey)","Rows Removed by Index Recheck": 0,"Exact Heap Blocks": 182,"Lossy Heap Blocks": 0,"Plans": [{"Node Type": "Bitmap Index Scan","Parent Relationship": "Outer","Parallel Aware": false,"Async Capable": false,"Index Name": "idx_supplier_nation_key","Startup Cost": 0.00,"Total Cost": 7.29,"Plan Rows": 400,"Plan Width": 0,"Actual Startup Time": 0.127,"Actual Total Time": 0.134,"Actual Rows": 411,"Actual Loops": 1,"Index Cond": "(s_nationkey = nation.n_nationkey)"}]}]},{"Node Type": "Hash","Parent Relationship": "Inner","Parallel Aware": false,"Async Capable": false,"Startup Cost": 88158.53,"Total Cost": 88158.53,"Plan Rows": 2694,"Plan Width": 4,"Actual Startup Time": 962.835,"Actual Total Time": 962.846,"Actual Rows": 5858,"Actual Loops": 1,"Hash Buckets": 8192,"Original Hash Buckets": 4096,"Hash Batches": 1,"Original Hash Batches": 1,"Peak Memory Usage": 270,"Plans": [{"Node Type": "Nested Loop","Parent Relationship": "Outer","Parallel Aware": false,"Async Capable": false,"Join Type": "Inner","Startup Cost": 0.42,"Total Cost": 88158.53,"Plan Rows": 2694,"Plan Width": 4,"Actual Startup Time": 0.736,"Actual Total Time": 958.486,"Actual Rows": 5858,"Actual Loops": 1,"Inner Unique": false,"Plans": [{"Node Type": "Seq Scan","Parent Relationship": "Outer","Parallel Aware": false,"Async Capable": false,"Relation Name": "part","Alias": "part","Startup Cost": 0.00,"Total Cost": 6597.00,"Plan Rows": 2020,"Plan Width": 4,"Actual Startup Time": 0.143,"Actual Total Time": 181.173,"Actual Rows": 2152,"Actual Loops": 1,"Filter": "((p_name)::text ~~ 'snow%'::text)","Rows Removed by Filter": 197848},{"Node Type": "Index Scan","Parent Relationship": "Inner","Parallel Aware": false,"Async Capable": false,"Scan Direction": "Forward","Index Name": "idx_partsupp_partkey","Relation Name": "partsupp","Alias": "partsupp","Startup Cost": 0.42,"Total Cost": 40.36,"Plan Rows": 1,"Plan Width": 8,"Actual Startup Time": 0.150,"Actual Total Time": 0.361,"Actual Rows": 3,"Actual Loops": 2152,"Index Cond": "(ps_partkey = part.p_partkey)","Rows Removed by Index Recheck": 0,"Filter": "((ps_availqty)::numeric > (SubPlan 1))","Rows Removed by Filter": 1,"Plans": [{"Node Type": "Aggregate","Strategy": "Plain","Partial Mode": "Simple","Parent Relationship": "SubPlan","Subplan Name": "SubPlan 1","Parallel Aware": false,"Async Capable": false,"Startup Cost": 8.46,"Total Cost": 8.47,"Plan Rows": 1,"Plan Width": 32,"Actual Startup Time": 0.082,"Actual Total Time": 0.082,"Actual Rows": 1,"Actual Loops": 8608,"Plans": [{"Node Type": "Index Scan","Parent Relationship": "Outer","Parallel Aware": false,"Async Capable": false,"Scan Direction": "Forward","Index Name": "idx_lineitem_part_supp","Relation Name": "lineitem","Alias": "lineitem","Startup Cost": 0.43,"Total Cost": 8.46,"Plan Rows": 0,"Plan Width": 5,"Actual Startup Time": 0.050,"Actual Total Time": 0.081,"Actual Rows": 1,"Actual Loops": 8608,"Index Cond": "((l_partkey = partsupp.ps_partkey) AND (l_suppkey = partsupp.ps_suppkey))","Rows Removed by Index Recheck": 0,"Filter": "((l_shipdate >= '1994-01-01'::date) AND (l_shipdate < '1995-01-01 00:00:00'::timestamp without time zone))","Rows Removed by Filter": 6}]}]}]}]}]}]},"Planning Time": 5.659,"Triggers": [],"Execution Time": 967.661}]
[{"Plan": {"Node Type": "Sort","Parallel Aware": false,"Async Capable": false,"Startup Cost": 88442.96,"Total Cost": 88443.23,"Plan Rows": 108,"Plan Width": 51,"Actual Startup Time": 903.504,"Actual Total Time": 903.545,"Actual Rows": 181,"Actual Loops": 1,"Sort Key": ["supplier.s_name"],"Sort Method": "quicksort","Sort Space Used": 41,"Sort Space Type": "Memory","Plans": [{"Node Type": "Hash Join","Parent Relationship": "Outer","Parallel Aware": false,"Async Capable": false,"Join Type": "Semi","Startup Cost": 88199.59,"Total Cost": 88439.31,"Plan Rows": 108,"Plan Width": 51,"Actual Startup Time": 899.337,"Actual Total Time": 903.165,"Actual Rows": 181,"Actual Loops": 1,"Inner Unique": false,"Hash Cond": "(supplier.s_suppkey = partsupp.ps_suppkey)","Plans": [{"Node Type": "Nested Loop","Parent Relationship": "Outer","Parallel Aware": false,"Async Capable": false,"Join Type": "Inner","Startup Cost": 7.38,"Total Cost": 244.58,"Plan Rows": 400,"Plan Width": 55,"Actual Startup Time": 0.255,"Actual Total Time": 3.949,"Actual Rows": 401,"Actual Loops": 1,"Inner Unique": false,"Plans": [{"Node Type": "Seq Scan","Parent Relationship": "Outer","Parallel Aware": false,"Async Capable": false,"Relation Name": "nation","Alias": "nation","Startup Cost": 0.00,"Total Cost": 1.31,"Plan Rows": 1,"Plan Width": 4,"Actual Startup Time": 0.044,"Actual Total Time": 0.062,"Actual Rows": 1,"Actual Loops": 1,"Filter": "(n_name = 'RUSSIA'::bpchar)","Rows Removed by Filter": 24},{"Node Type": "Bitmap Heap Scan","Parent Relationship": "Inner","Parallel Aware": false,"Async Capable": false,"Relation Name": "supplier","Alias": "supplier","Startup Cost": 7.38,"Total Cost": 239.27,"Plan Rows": 400,"Plan Width": 59,"Actual Startup Time": 0.202,"Actual Total Time": 3.821,"Actual Rows": 401,"Actual Loops": 1,"Recheck Cond": "(s_nationkey = nation.n_nationkey)","Rows Removed by Index Recheck": 0,"Exact Heap Blocks": 180,"Lossy Heap Blocks": 0,"Plans": [{"Node Type": "Bitmap Index Scan","Parent Relationship": "Outer","Parallel Aware": false,"Async Capable": false,"Index Name": "idx_supplier_nation_key","Startup Cost": 0.00,"Total Cost": 7.29,"Plan Rows": 400,"Plan Width": 0,"Actual Startup Time": 0.136,"Actual Total Time": 0.142,"Actual Rows": 401,"Actual Loops": 1,"Index Cond": "(s_nationkey = nation.n_nationkey)"}]}]},{"Node Type": "Hash","Parent Relationship": "Inner","Parallel Aware": false,"Async Capable": false,"Startup Cost": 88158.53,"Total Cost": 88158.53,"Plan Rows": 2694,"Plan Width": 4,"Actual Startup Time": 899.009,"Actual Total Time": 899.022,"Actual Rows": 5892,"Actual Loops": 1,"Hash Buckets": 8192,"Original Hash Buckets": 4096,"Hash Batches": 1,"Original Hash Batches": 1,"Peak Memory Usage": 272,"Plans": [{"Node Type": "Nested Loop","Parent Relationship": "Outer","Parallel Aware": false,"Async Capable": false,"Join Type": "Inner","Startup Cost": 0.42,"Total Cost": 88158.53,"Plan Rows": 2694,"Plan Width": 4,"Actual Startup Time": 0.873,"Actual Total Time": 894.686,"Actual Rows": 5892,"Actual Loops": 1,"Inner Unique": false,"Plans": [{"Node Type": "Seq Scan","Parent Relationship": "Outer","Parallel Aware": false,"Async Capable": false,"Relation Name": "part","Alias": "part","Startup Cost": 0.00,"Total Cost": 6597.00,"Plan Rows": 2020,"Plan Width": 4,"Actual Startup Time": 0.151,"Actual Total Time": 195.306,"Actual Rows": 2176,"Actual Loops": 1,"Filter": "((p_name)::text ~~ 'mint%'::text)","Rows Removed by Filter": 197824},{"Node Type": "Index Scan","Parent Relationship": "Inner","Parallel Aware": false,"Async Capable": false,"Scan Direction": "Forward","Index Name": "idx_partsupp_partkey","Relation Name": "partsupp","Alias": "partsupp","Startup Cost": 0.42,"Total Cost": 40.36,"Plan Rows": 1,"Plan Width": 8,"Actual Startup Time": 0.138,"Actual Total Time": 0.321,"Actual Rows": 3,"Actual Loops": 2176,"Index Cond": "(ps_partkey = part.p_partkey)","Rows Removed by Index Recheck": 0,"Filter": "((ps_availqty)::numeric > (SubPlan 1))","Rows Removed by Filter": 1,"Plans": [{"Node Type": "Aggregate","Strategy": "Plain","Partial Mode": "Simple","Parent Relationship": "SubPlan","Subplan Name": "SubPlan 1","Parallel Aware": false,"Async Capable": false,"Startup Cost": 8.46,"Total Cost": 8.47,"Plan Rows": 1,"Plan Width": 32,"Actual Startup Time": 0.072,"Actual Total Time": 0.072,"Actual Rows": 1,"Actual Loops": 8704,"Plans": [{"Node Type": "Index Scan","Parent Relationship": "Outer","Parallel Aware": false,"Async Capable": false,"Scan Direction": "Forward","Index Name": "idx_lineitem_part_supp","Relation Name": "lineitem","Alias": "lineitem","Startup Cost": 0.43,"Total Cost": 8.46,"Plan Rows": 0,"Plan Width": 5,"Actual Startup Time": 0.044,"Actual Total Time": 0.071,"Actual Rows": 1,"Actual Loops": 8704,"Index Cond": "((l_partkey = partsupp.ps_partkey) AND (l_suppkey = partsupp.ps_suppkey))","Rows Removed by Index Recheck": 0,"Filter": "((l_shipdate >= '1993-01-01'::date) AND (l_shipdate < '1994-01-01 00:00:00'::timestamp without time zone))","Rows Removed by Filter": 6}]}]}]}]}]}]},"Planning Time": 5.620,"Triggers": [],"Execution Time": 903.780}]
[{"Plan": {"Node Type": "Sort","Parallel Aware": false,"Async Capable": false,"Startup Cost": 88442.96,"Total Cost": 88443.23,"Plan Rows": 108,"Plan Width": 51,"Actual Startup Time": 989.047,"Actual Total Time": 989.092,"Actual Rows": 176,"Actual Loops": 1,"Sort Key": ["supplier.s_name"],"Sort Method": "quicksort","Sort Space Used": 41,"Sort Space Type": "Memory","Plans": [{"Node Type": "Hash Join","Parent Relationship": "Outer","Parallel Aware": false,"Async Capable": false,"Join Type": "Semi","Startup Cost": 88199.59,"Total Cost": 88439.31,"Plan Rows": 108,"Plan Width": 51,"Actual Startup Time": 984.308,"Actual Total Time": 988.709,"Actual Rows": 176,"Actual Loops": 1,"Inner Unique": false,"Hash Cond": "(supplier.s_suppkey = partsupp.ps_suppkey)","Plans": [{"Node Type": "Nested Loop","Parent Relationship": "Outer","Parallel Aware": false,"Async Capable": false,"Join Type": "Inner","Startup Cost": 7.38,"Total Cost": 244.58,"Plan Rows": 400,"Plan Width": 55,"Actual Startup Time": 0.249,"Actual Total Time": 4.549,"Actual Rows": 399,"Actual Loops": 1,"Inner Unique": false,"Plans": [{"Node Type": "Seq Scan","Parent Relationship": "Outer","Parallel Aware": false,"Async Capable": false,"Relation Name": "nation","Alias": "nation","Startup Cost": 0.00,"Total Cost": 1.31,"Plan Rows": 1,"Plan Width": 4,"Actual Startup Time": 0.063,"Actual Total Time": 0.082,"Actual Rows": 1,"Actual Loops": 1,"Filter": "(n_name = 'VIETNAM'::bpchar)","Rows Removed by Filter": 24},{"Node Type": "Bitmap Heap Scan","Parent Relationship": "Inner","Parallel Aware": false,"Async Capable": false,"Relation Name": "supplier","Alias": "supplier","Startup Cost": 7.38,"Total Cost": 239.27,"Plan Rows": 400,"Plan Width": 59,"Actual Startup Time": 0.182,"Actual Total Time": 4.383,"Actual Rows": 399,"Actual Loops": 1,"Recheck Cond": "(s_nationkey = nation.n_nationkey)","Rows Removed by Index Recheck": 0,"Exact Heap Blocks": 191,"Lossy Heap Blocks": 0,"Plans": [{"Node Type": "Bitmap Index Scan","Parent Relationship": "Outer","Parallel Aware": false,"Async Capable": false,"Index Name": "idx_supplier_nation_key","Startup Cost": 0.00,"Total Cost": 7.29,"Plan Rows": 400,"Plan Width": 0,"Actual Startup Time": 0.115,"Actual Total Time": 0.120,"Actual Rows": 399,"Actual Loops": 1,"Index Cond": "(s_nationkey = nation.n_nationkey)"}]}]},{"Node Type": "Hash","Parent Relationship": "Inner","Parallel Aware": false,"Async Capable": false,"Startup Cost": 88158.53,"Total Cost": 88158.53,"Plan Rows": 2694,"Plan Width": 4,"Actual Startup Time": 983.986,"Actual Total Time": 983.995,"Actual Rows": 6079,"Actual Loops": 1,"Hash Buckets": 8192,"Original Hash Buckets": 4096,"Hash Batches": 1,"Original Hash Batches": 1,"Peak Memory Usage": 278,"Plans": [{"Node Type": "Nested Loop","Parent Relationship": "Outer","Parallel Aware": false,"Async Capable": false,"Join Type": "Inner","Startup Cost": 0.42,"Total Cost": 88158.53,"Plan Rows": 2694,"Plan Width": 4,"Actual Startup Time": 0.399,"Actual Total Time": 979.428,"Actual Rows": 6079,"Actual Loops": 1,"Inner Unique": false,"Plans": [{"Node Type": "Seq Scan","Parent Relationship": "Outer","Parallel Aware": false,"Async Capable": false,"Relation Name": "part","Alias": "part","Startup Cost": 0.00,"Total Cost": 6597.00,"Plan Rows": 2020,"Plan Width": 4,"Actual Startup Time": 0.043,"Actual Total Time": 180.920,"Actual Rows": 2216,"Actual Loops": 1,"Filter": "((p_name)::text ~~ 'blanched%'::text)","Rows Removed by Filter": 197784},{"Node Type": "Index Scan","Parent Relationship": "Inner","Parallel Aware": false,"Async Capable": false,"Scan Direction": "Forward","Index Name": "idx_partsupp_partkey","Relation Name": "partsupp","Alias": "partsupp","Startup Cost": 0.42,"Total Cost": 40.36,"Plan Rows": 1,"Plan Width": 8,"Actual Startup Time": 0.150,"Actual Total Time": 0.360,"Actual Rows": 3,"Actual Loops": 2216,"Index Cond": "(ps_partkey = part.p_partkey)","Rows Removed by Index Recheck": 0,"Filter": "((ps_availqty)::numeric > (SubPlan 1))","Rows Removed by Filter": 1,"Plans": [{"Node Type": "Aggregate","Strategy": "Plain","Partial Mode": "Simple","Parent Relationship": "SubPlan","Subplan Name": "SubPlan 1","Parallel Aware": false,"Async Capable": false,"Startup Cost": 8.46,"Total Cost": 8.47,"Plan Rows": 1,"Plan Width": 32,"Actual Startup Time": 0.082,"Actual Total Time": 0.082,"Actual Rows": 1,"Actual Loops": 8864,"Plans": [{"Node Type": "Index Scan","Parent Relationship": "Outer","Parallel Aware": false,"Async Capable": false,"Scan Direction": "Forward","Index Name": "idx_lineitem_part_supp","Relation Name": "lineitem","Alias": "lineitem","Startup Cost": 0.43,"Total Cost": 8.46,"Plan Rows": 0,"Plan Width": 5,"Actual Startup Time": 0.049,"Actual Total Time": 0.081,"Actual Rows": 1,"Actual Loops": 8864,"Index Cond": "((l_partkey = partsupp.ps_partkey) AND (l_suppkey = partsupp.ps_suppkey))","Rows Removed by Index Recheck": 0,"Filter": "((l_shipdate >= '1994-01-01'::date) AND (l_shipdate < '1995-01-01 00:00:00'::timestamp without time zone))","Rows Removed by Filter": 6}]}]}]}]}]}]},"Planning Time": 6.029,"Triggers": [],"Execution Time": 989.353}]
[{"Plan": {"Node Type": "Sort","Parallel Aware": false,"Async Capable": false,"Startup Cost": 88442.96,"Total Cost": 88443.23,"Plan Rows": 108,"Plan Width": 51,"Actual Startup Time": 964.195,"Actual Total Time": 964.232,"Actual Rows": 165,"Actual Loops": 1,"Sort Key": ["supplier.s_name"],"Sort Method": "quicksort","Sort Space Used": 40,"Sort Space Type": "Memory","Plans": [{"Node Type": "Hash Join","Parent Relationship": "Outer","Parallel Aware": false,"Async Capable": false,"Join Type": "Semi","Startup Cost": 88199.59,"Total Cost": 88439.31,"Plan Rows": 108,"Plan Width": 51,"Actual Startup Time": 960.061,"Actual Total Time": 963.909,"Actual Rows": 165,"Actual Loops": 1,"Inner Unique": false,"Hash Cond": "(supplier.s_suppkey = partsupp.ps_suppkey)","Plans": [{"Node Type": "Nested Loop","Parent Relationship": "Outer","Parallel Aware": false,"Async Capable": false,"Join Type": "Inner","Startup Cost": 7.38,"Total Cost": 244.58,"Plan Rows": 400,"Plan Width": 55,"Actual Startup Time": 0.244,"Actual Total Time": 3.964,"Actual Rows": 377,"Actual Loops": 1,"Inner Unique": false,"Plans": [{"Node Type": "Seq Scan","Parent Relationship": "Outer","Parallel Aware": false,"Async Capable": false,"Relation Name": "nation","Alias": "nation","Startup Cost": 0.00,"Total Cost": 1.31,"Plan Rows": 1,"Plan Width": 4,"Actual Startup Time": 0.068,"Actual Total Time": 0.093,"Actual Rows": 1,"Actual Loops": 1,"Filter": "(n_name = 'JAPAN'::bpchar)","Rows Removed by Filter": 24},{"Node Type": "Bitmap Heap Scan","Parent Relationship": "Inner","Parallel Aware": false,"Async Capable": false,"Relation Name": "supplier","Alias": "supplier","Startup Cost": 7.38,"Total Cost": 239.27,"Plan Rows": 400,"Plan Width": 59,"Actual Startup Time": 0.166,"Actual Total Time": 3.800,"Actual Rows": 377,"Actual Loops": 1,"Recheck Cond": "(s_nationkey = nation.n_nationkey)","Rows Removed by Index Recheck": 0,"Exact Heap Blocks": 180,"Lossy Heap Blocks": 0,"Plans": [{"Node Type": "Bitmap Index Scan","Parent Relationship": "Outer","Parallel Aware": false,"Async Capable": false,"Index Name": "idx_supplier_nation_key","Startup Cost": 0.00,"Total Cost": 7.29,"Plan Rows": 400,"Plan Width": 0,"Actual Startup Time": 0.101,"Actual Total Time": 0.107,"Actual Rows": 377,"Actual Loops": 1,"Index Cond": "(s_nationkey = nation.n_nationkey)"}]}]},{"Node Type": "Hash","Parent Relationship": "Inner","Parallel Aware": false,"Async Capable": false,"Startup Cost": 88158.53,"Total Cost": 88158.53,"Plan Rows": 2694,"Plan Width": 4,"Actual Startup Time": 959.746,"Actual Total Time": 959.755,"Actual Rows": 5830,"Actual Loops": 1,"Hash Buckets": 8192,"Original Hash Buckets": 4096,"Hash Batches": 1,"Original Hash Batches": 1,"Peak Memory Usage": 269,"Plans": [{"Node Type": "Nested Loop","Parent Relationship": "Outer","Parallel Aware": false,"Async Capable": false,"Join Type": "Inner","Startup Cost": 0.42,"Total Cost": 88158.53,"Plan Rows": 2694,"Plan Width": 4,"Actual Startup Time": 0.556,"Actual Total Time": 955.569,"Actual Rows": 5830,"Actual Loops": 1,"Inner Unique": false,"Plans": [{"Node Type": "Seq Scan","Parent Relationship": "Outer","Parallel Aware": false,"Async Capable": false,"Relation Name": "part","Alias": "part","Startup Cost": 0.00,"Total Cost": 6597.00,"Plan Rows": 2020,"Plan Width": 4,"Actual Startup Time": 0.183,"Actual Total Time": 178.732,"Actual Rows": 2157,"Actual Loops": 1,"Filter": "((p_name)::text ~~ 'dark%'::text)","Rows Removed by Filter": 197843},{"Node Type": "Index Scan","Parent Relationship": "Inner","Parallel Aware": false,"Async Capable": false,"Scan Direction": "Forward","Index Name": "idx_partsupp_partkey","Relation Name": "partsupp","Alias": "partsupp","Startup Cost": 0.42,"Total Cost": 40.36,"Plan Rows": 1,"Plan Width": 8,"Actual Startup Time": 0.152,"Actual Total Time": 0.360,"Actual Rows": 3,"Actual Loops": 2157,"Index Cond": "(ps_partkey = part.p_partkey)","Rows Removed by Index Recheck": 0,"Filter": "((ps_availqty)::numeric > (SubPlan 1))","Rows Removed by Filter": 1,"Plans": [{"Node Type": "Aggregate","Strategy": "Plain","Partial Mode": "Simple","Parent Relationship": "SubPlan","Subplan Name": "SubPlan 1","Parallel Aware": false,"Async Capable": false,"Startup Cost": 8.46,"Total Cost": 8.47,"Plan Rows": 1,"Plan Width": 32,"Actual Startup Time": 0.082,"Actual Total Time": 0.082,"Actual Rows": 1,"Actual Loops": 8628,"Plans": [{"Node Type": "Index Scan","Parent Relationship": "Outer","Parallel Aware": false,"Async Capable": false,"Scan Direction": "Forward","Index Name": "idx_lineitem_part_supp","Relation Name": "lineitem","Alias": "lineitem","Startup Cost": 0.43,"Total Cost": 8.46,"Plan Rows": 0,"Plan Width": 5,"Actual Startup Time": 0.050,"Actual Total Time": 0.081,"Actual Rows": 1,"Actual Loops": 8628,"Index Cond": "((l_partkey = partsupp.ps_partkey) AND (l_suppkey = partsupp.ps_suppkey))","Rows Removed by Index Recheck": 0,"Filter": "((l_shipdate >= '1993-01-01'::date) AND (l_shipdate < '1994-01-01 00:00:00'::timestamp without time zone))","Rows Removed by Filter": 6}]}]}]}]}]}]},"Planning Time": 6.055,"Triggers": [],"Execution Time": 964.489}]
[{"Plan": {"Node Type": "Sort","Parallel Aware": false,"Async Capable": false,"Startup Cost": 165280.99,"Total Cost": 165281.52,"Plan Rows": 215,"Plan Width": 51,"Actual Startup Time": 905.177,"Actual Total Time": 905.221,"Actual Rows": 149,"Actual Loops": 1,"Sort Key": ["supplier.s_name"],"Sort Method": "quicksort","Sort Space Used": 39,"Sort Space Type": "Memory","Plans": [{"Node Type": "Hash Join","Parent Relationship": "Outer","Parallel Aware": false,"Async Capable": false,"Join Type": "Semi","Startup Cost": 165030.68,"Total Cost": 165272.66,"Plan Rows": 215,"Plan Width": 51,"Actual Startup Time": 900.476,"Actual Total Time": 904.707,"Actual Rows": 149,"Actual Loops": 1,"Inner Unique": false,"Hash Cond": "(supplier.s_suppkey = partsupp.ps_suppkey)","Plans": [{"Node Type": "Nested Loop","Parent Relationship": "Outer","Parallel Aware": false,"Async Capable": false,"Join Type": "Inner","Startup Cost": 7.38,"Total Cost": 244.58,"Plan Rows": 400,"Plan Width": 55,"Actual Startup Time": 0.327,"Actual Total Time": 4.085,"Actual Rows": 376,"Actual Loops": 1,"Inner Unique": false,"Plans": [{"Node Type": "Seq Scan","Parent Relationship": "Outer","Parallel Aware": false,"Async Capable": false,"Relation Name": "nation","Alias": "nation","Startup Cost": 0.00,"Total Cost": 1.31,"Plan Rows": 1,"Plan Width": 4,"Actual Startup Time": 0.079,"Actual Total Time": 0.115,"Actual Rows": 1,"Actual Loops": 1,"Filter": "(n_name = 'KENYA'::bpchar)","Rows Removed by Filter": 24},{"Node Type": "Bitmap Heap Scan","Parent Relationship": "Inner","Parallel Aware": false,"Async Capable": false,"Relation Name": "supplier","Alias": "supplier","Startup Cost": 7.38,"Total Cost": 239.27,"Plan Rows": 400,"Plan Width": 59,"Actual Startup Time": 0.241,"Actual Total Time": 3.901,"Actual Rows": 376,"Actual Loops": 1,"Recheck Cond": "(s_nationkey = nation.n_nationkey)","Rows Removed by Index Recheck": 0,"Exact Heap Blocks": 179,"Lossy Heap Blocks": 0,"Plans": [{"Node Type": "Bitmap Index Scan","Parent Relationship": "Outer","Parallel Aware": false,"Async Capable": false,"Index Name": "idx_supplier_nation_key","Startup Cost": 0.00,"Total Cost": 7.29,"Plan Rows": 400,"Plan Width": 0,"Actual Startup Time": 0.160,"Actual Total Time": 0.165,"Actual Rows": 376,"Actual Loops": 1,"Index Cond": "(s_nationkey = nation.n_nationkey)"}]}]},{"Node Type": "Hash","Parent Relationship": "Inner","Parallel Aware": false,"Async Capable": false,"Startup Cost": 164955.96,"Total Cost": 164955.96,"Plan Rows": 5387,"Plan Width": 4,"Actual Startup Time": 899.984,"Actual Total Time": 899.996,"Actual Rows": 5865,"Actual Loops": 1,"Hash Buckets": 8192,"Original Hash Buckets": 8192,"Hash Batches": 1,"Original Hash Batches": 1,"Peak Memory Usage": 271,"Plans": [{"Node Type": "Nested Loop","Parent Relationship": "Outer","Parallel Aware": false,"Async Capable": false,"Join Type": "Inner","Startup Cost": 0.42,"Total Cost": 164955.96,"Plan Rows": 5387,"Plan Width": 4,"Actual Startup Time": 1.173,"Actual Total Time": 893.930,"Actual Rows": 5865,"Actual Loops": 1,"Inner Unique": false,"Plans": [{"Node Type": "Seq Scan","Parent Relationship": "Outer","Parallel Aware": false,"Async Capable": false,"Relation Name": "part","Alias": "part","Startup Cost": 0.00,"Total Cost": 6597.00,"Plan Rows": 4040,"Plan Width": 4,"Actual Startup Time": 0.157,"Actual Total Time": 197.179,"Actual Rows": 2158,"Actual Loops": 1,"Filter": "((p_name)::text ~~ 'burnished%'::text)","Rows Removed by Filter": 197842},{"Node Type": "Index Scan","Parent Relationship": "Inner","Parallel Aware": false,"Async Capable": false,"Scan Direction": "Forward","Index Name": "idx_partsupp_partkey","Relation Name": "partsupp","Alias": "partsupp","Startup Cost": 0.42,"Total Cost": 39.18,"Plan Rows": 1,"Plan Width": 8,"Actual Startup Time": 0.137,"Actual Total Time": 0.322,"Actual Rows": 3,"Actual Loops": 2158,"Index Cond": "(ps_partkey = part.p_partkey)","Rows Removed by Index Recheck": 0,"Filter": "((ps_availqty)::numeric > (SubPlan 1))","Rows Removed by Filter": 1,"Plans": [{"Node Type": "Aggregate","Strategy": "Plain","Partial Mode": "Simple","Parent Relationship": "SubPlan","Subplan Name": "SubPlan 1","Parallel Aware": false,"Async Capable": false,"Startup Cost": 8.46,"Total Cost": 8.47,"Plan Rows": 1,"Plan Width": 32,"Actual Startup Time": 0.072,"Actual Total Time": 0.072,"Actual Rows": 1,"Actual Loops": 8632,"Plans": [{"Node Type": "Index Scan","Parent Relationship": "Outer","Parallel Aware": false,"Async Capable": false,"Scan Direction": "Forward","Index Name": "idx_lineitem_part_supp","Relation Name": "lineitem","Alias": "lineitem","Startup Cost": 0.43,"Total Cost": 8.46,"Plan Rows": 0,"Plan Width": 5,"Actual Startup Time": 0.044,"Actual Total Time": 0.071,"Actual Rows": 1,"Actual Loops": 8632,"Index Cond": "((l_partkey = partsupp.ps_partkey) AND (l_suppkey = partsupp.ps_suppkey))","Rows Removed by Index Recheck": 0,"Filter": "((l_shipdate >= '1993-01-01'::date) AND (l_shipdate < '1994-01-01 00:00:00'::timestamp without time zone))","Rows Removed by Filter": 6}]}]}]}]}]}]},"Planning Time": 6.835,"Triggers": [],"Execution Time": 905.533}]
[{"Plan": {"Node Type": "Sort","Parallel Aware": false,"Async Capable": false,"Startup Cost": 88442.96,"Total Cost": 88443.23,"Plan Rows": 108,"Plan Width": 51,"Actual Startup Time": 968.970,"Actual Total Time": 969.010,"Actual Rows": 162,"Actual Loops": 1,"Sort Key": ["supplier.s_name"],"Sort Method": "quicksort","Sort Space Used": 40,"Sort Space Type": "Memory","Plans": [{"Node Type": "Hash Join","Parent Relationship": "Outer","Parallel Aware": false,"Async Capable": false,"Join Type": "Semi","Startup Cost": 88199.59,"Total Cost": 88439.31,"Plan Rows": 108,"Plan Width": 51,"Actual Startup Time": 965.045,"Actual Total Time": 968.702,"Actual Rows": 162,"Actual Loops": 1,"Inner Unique": false,"Hash Cond": "(supplier.s_suppkey = partsupp.ps_suppkey)","Plans": [{"Node Type": "Nested Loop","Parent Relationship": "Outer","Parallel Aware": false,"Async Capable": false,"Join Type": "Inner","Startup Cost": 7.38,"Total Cost": 244.58,"Plan Rows": 400,"Plan Width": 55,"Actual Startup Time": 0.244,"Actual Total Time": 3.786,"Actual Rows": 362,"Actual Loops": 1,"Inner Unique": false,"Plans": [{"Node Type": "Seq Scan","Parent Relationship": "Outer","Parallel Aware": false,"Async Capable": false,"Relation Name": "nation","Alias": "nation","Startup Cost": 0.00,"Total Cost": 1.31,"Plan Rows": 1,"Plan Width": 4,"Actual Startup Time": 0.063,"Actual Total Time": 0.087,"Actual Rows": 1,"Actual Loops": 1,"Filter": "(n_name = 'JORDAN'::bpchar)","Rows Removed by Filter": 24},{"Node Type": "Bitmap Heap Scan","Parent Relationship": "Inner","Parallel Aware": false,"Async Capable": false,"Relation Name": "supplier","Alias": "supplier","Startup Cost": 7.38,"Total Cost": 239.27,"Plan Rows": 400,"Plan Width": 59,"Actual Startup Time": 0.170,"Actual Total Time": 3.633,"Actual Rows": 362,"Actual Loops": 1,"Recheck Cond": "(s_nationkey = nation.n_nationkey)","Rows Removed by Index Recheck": 0,"Exact Heap Blocks": 166,"Lossy Heap Blocks": 0,"Plans": [{"Node Type": "Bitmap Index Scan","Parent Relationship": "Outer","Parallel Aware": false,"Async Capable": false,"Index Name": "idx_supplier_nation_key","Startup Cost": 0.00,"Total Cost": 7.29,"Plan Rows": 400,"Plan Width": 0,"Actual Startup Time": 0.111,"Actual Total Time": 0.117,"Actual Rows": 362,"Actual Loops": 1,"Index Cond": "(s_nationkey = nation.n_nationkey)"}]}]},{"Node Type": "Hash","Parent Relationship": "Inner","Parallel Aware": false,"Async Capable": false,"Startup Cost": 88158.53,"Total Cost": 88158.53,"Plan Rows": 2694,"Plan Width": 4,"Actual Startup Time": 964.740,"Actual Total Time": 964.750,"Actual Rows": 5812,"Actual Loops": 1,"Hash Buckets": 8192,"Original Hash Buckets": 4096,"Hash Batches": 1,"Original Hash Batches": 1,"Peak Memory Usage": 269,"Plans": [{"Node Type": "Nested Loop","Parent Relationship": "Outer","Parallel Aware": false,"Async Capable": false,"Join Type": "Inner","Startup Cost": 0.42,"Total Cost": 88158.53,"Plan Rows": 2694,"Plan Width": 4,"Actual Startup Time": 0.695,"Actual Total Time": 960.268,"Actual Rows": 5812,"Actual Loops": 1,"Inner Unique": false,"Plans": [{"Node Type": "Seq Scan","Parent Relationship": "Outer","Parallel Aware": false,"Async Capable": false,"Relation Name": "part","Alias": "part","Startup Cost": 0.00,"Total Cost": 6597.00,"Plan Rows": 2020,"Plan Width": 4,"Actual Startup Time": 0.289,"Actual Total Time": 182.918,"Actual Rows": 2157,"Actual Loops": 1,"Filter": "((p_name)::text ~~ 'peach%'::text)","Rows Removed by Filter": 197843},{"Node Type": "Index Scan","Parent Relationship": "Inner","Parallel Aware": false,"Async Capable": false,"Scan Direction": "Forward","Index Name": "idx_partsupp_partkey","Relation Name": "partsupp","Alias": "partsupp","Startup Cost": 0.42,"Total Cost": 40.36,"Plan Rows": 1,"Plan Width": 8,"Actual Startup Time": 0.150,"Actual Total Time": 0.360,"Actual Rows": 3,"Actual Loops": 2157,"Index Cond": "(ps_partkey = part.p_partkey)","Rows Removed by Index Recheck": 0,"Filter": "((ps_availqty)::numeric > (SubPlan 1))","Rows Removed by Filter": 1,"Plans": [{"Node Type": "Aggregate","Strategy": "Plain","Partial Mode": "Simple","Parent Relationship": "SubPlan","Subplan Name": "SubPlan 1","Parallel Aware": false,"Async Capable": false,"Startup Cost": 8.46,"Total Cost": 8.47,"Plan Rows": 1,"Plan Width": 32,"Actual Startup Time": 0.082,"Actual Total Time": 0.082,"Actual Rows": 1,"Actual Loops": 8628,"Plans": [{"Node Type": "Index Scan","Parent Relationship": "Outer","Parallel Aware": false,"Async Capable": false,"Scan Direction": "Forward","Index Name": "idx_lineitem_part_supp","Relation Name": "lineitem","Alias": "lineitem","Startup Cost": 0.43,"Total Cost": 8.46,"Plan Rows": 0,"Plan Width": 5,"Actual Startup Time": 0.050,"Actual Total Time": 0.081,"Actual Rows": 1,"Actual Loops": 8628,"Index Cond": "((l_partkey = partsupp.ps_partkey) AND (l_suppkey = partsupp.ps_suppkey))","Rows Removed by Index Recheck": 0,"Filter": "((l_shipdate >= '1993-01-01'::date) AND (l_shipdate < '1994-01-01 00:00:00'::timestamp without time zone))","Rows Removed by Filter": 6}]}]}]}]}]}]},"Planning Time": 6.485,"Triggers": [],"Execution Time": 969.275}]
[{"Plan": {"Node Type": "Sort","Parallel Aware": false,"Async Capable": false,"Startup Cost": 88442.96,"Total Cost": 88443.23,"Plan Rows": 108,"Plan Width": 51,"Actual Startup Time": 897.617,"Actual Total Time": 897.657,"Actual Rows": 189,"Actual Loops": 1,"Sort Key": ["supplier.s_name"],"Sort Method": "quicksort","Sort Space Used": 42,"Sort Space Type": "Memory","Plans": [{"Node Type": "Hash Join","Parent Relationship": "Outer","Parallel Aware": false,"Async Capable": false,"Join Type": "Semi","Startup Cost": 88199.59,"Total Cost": 88439.31,"Plan Rows": 108,"Plan Width": 51,"Actual Startup Time": 893.394,"Actual Total Time": 897.113,"Actual Rows": 189,"Actual Loops": 1,"Inner Unique": false,"Hash Cond": "(supplier.s_suppkey = partsupp.ps_suppkey)","Plans": [{"Node Type": "Nested Loop","Parent Relationship": "Outer","Parallel Aware": false,"Async Capable": false,"Join Type": "Inner","Startup Cost": 7.38,"Total Cost": 244.58,"Plan Rows": 400,"Plan Width": 55,"Actual Startup Time": 0.321,"Actual Total Time": 3.963,"Actual Rows": 401,"Actual Loops": 1,"Inner Unique": false,"Plans": [{"Node Type": "Seq Scan","Parent Relationship": "Outer","Parallel Aware": false,"Async Capable": false,"Relation Name": "nation","Alias": "nation","Startup Cost": 0.00,"Total Cost": 1.31,"Plan Rows": 1,"Plan Width": 4,"Actual Startup Time": 0.080,"Actual Total Time": 0.099,"Actual Rows": 1,"Actual Loops": 1,"Filter": "(n_name = 'RUSSIA'::bpchar)","Rows Removed by Filter": 24},{"Node Type": "Bitmap Heap Scan","Parent Relationship": "Inner","Parallel Aware": false,"Async Capable": false,"Relation Name": "supplier","Alias": "supplier","Startup Cost": 7.38,"Total Cost": 239.27,"Plan Rows": 400,"Plan Width": 59,"Actual Startup Time": 0.235,"Actual Total Time": 3.784,"Actual Rows": 401,"Actual Loops": 1,"Recheck Cond": "(s_nationkey = nation.n_nationkey)","Rows Removed by Index Recheck": 0,"Exact Heap Blocks": 180,"Lossy Heap Blocks": 0,"Plans": [{"Node Type": "Bitmap Index Scan","Parent Relationship": "Outer","Parallel Aware": false,"Async Capable": false,"Index Name": "idx_supplier_nation_key","Startup Cost": 0.00,"Total Cost": 7.29,"Plan Rows": 400,"Plan Width": 0,"Actual Startup Time": 0.158,"Actual Total Time": 0.164,"Actual Rows": 401,"Actual Loops": 1,"Index Cond": "(s_nationkey = nation.n_nationkey)"}]}]},{"Node Type": "Hash","Parent Relationship": "Inner","Parallel Aware": false,"Async Capable": false,"Startup Cost": 88158.53,"Total Cost": 88158.53,"Plan Rows": 2694,"Plan Width": 4,"Actual Startup Time": 893.007,"Actual Total Time": 893.012,"Actual Rows": 5829,"Actual Loops": 1,"Hash Buckets": 8192,"Original Hash Buckets": 4096,"Hash Batches": 1,"Original Hash Batches": 1,"Peak Memory Usage": 269,"Plans": [{"Node Type": "Nested Loop","Parent Relationship": "Outer","Parallel Aware": false,"Async Capable": false,"Join Type": "Inner","Startup Cost": 0.42,"Total Cost": 88158.53,"Plan Rows": 2694,"Plan Width": 4,"Actual Startup Time": 0.427,"Actual Total Time": 888.366,"Actual Rows": 5829,"Actual Loops": 1,"Inner Unique": false,"Plans": [{"Node Type": "Seq Scan","Parent Relationship": "Outer","Parallel Aware": false,"Async Capable": false,"Relation Name": "part","Alias": "part","Startup Cost": 0.00,"Total Cost": 6597.00,"Plan Rows": 2020,"Plan Width": 4,"Actual Startup Time": 0.055,"Actual Total Time": 195.975,"Actual Rows": 2152,"Actual Loops": 1,"Filter": "((p_name)::text ~~ 'cornflower%'::text)","Rows Removed by Filter": 197848},{"Node Type": "Index Scan","Parent Relationship": "Inner","Parallel Aware": false,"Async Capable": false,"Scan Direction": "Forward","Index Name": "idx_partsupp_partkey","Relation Name": "partsupp","Alias": "partsupp","Startup Cost": 0.42,"Total Cost": 40.36,"Plan Rows": 1,"Plan Width": 8,"Actual Startup Time": 0.135,"Actual Total Time": 0.321,"Actual Rows": 3,"Actual Loops": 2152,"Index Cond": "(ps_partkey = part.p_partkey)","Rows Removed by Index Recheck": 0,"Filter": "((ps_availqty)::numeric > (SubPlan 1))","Rows Removed by Filter": 1,"Plans": [{"Node Type": "Aggregate","Strategy": "Plain","Partial Mode": "Simple","Parent Relationship": "SubPlan","Subplan Name": "SubPlan 1","Parallel Aware": false,"Async Capable": false,"Startup Cost": 8.46,"Total Cost": 8.47,"Plan Rows": 1,"Plan Width": 32,"Actual Startup Time": 0.072,"Actual Total Time": 0.072,"Actual Rows": 1,"Actual Loops": 8608,"Plans": [{"Node Type": "Index Scan","Parent Relationship": "Outer","Parallel Aware": false,"Async Capable": false,"Scan Direction": "Forward","Index Name": "idx_lineitem_part_supp","Relation Name": "lineitem","Alias": "lineitem","Startup Cost": 0.43,"Total Cost": 8.46,"Plan Rows": 0,"Plan Width": 5,"Actual Startup Time": 0.044,"Actual Total Time": 0.071,"Actual Rows": 1,"Actual Loops": 8608,"Index Cond": "((l_partkey = partsupp.ps_partkey) AND (l_suppkey = partsupp.ps_suppkey))","Rows Removed by Index Recheck": 0,"Filter": "((l_shipdate >= '1996-01-01'::date) AND (l_shipdate < '1997-01-01 00:00:00'::timestamp without time zone))","Rows Removed by Filter": 6}]}]}]}]}]}]},"Planning Time": 6.264,"Triggers": [],"Execution Time": 897.924}]
[{"Plan": {"Node Type": "Sort","Parallel Aware": false,"Async Capable": false,"Startup Cost": 88442.96,"Total Cost": 88443.23,"Plan Rows": 108,"Plan Width": 51,"Actual Startup Time": 960.025,"Actual Total Time": 960.058,"Actual Rows": 167,"Actual Loops": 1,"Sort Key": ["supplier.s_name"],"Sort Method": "quicksort","Sort Space Used": 40,"Sort Space Type": "Memory","Plans": [{"Node Type": "Hash Join","Parent Relationship": "Outer","Parallel Aware": false,"Async Capable": false,"Join Type": "Semi","Startup Cost": 88199.59,"Total Cost": 88439.31,"Plan Rows": 108,"Plan Width": 51,"Actual Startup Time": 955.649,"Actual Total Time": 959.704,"Actual Rows": 167,"Actual Loops": 1,"Inner Unique": false,"Hash Cond": "(supplier.s_suppkey = partsupp.ps_suppkey)","Plans": [{"Node Type": "Nested Loop","Parent Relationship": "Outer","Parallel Aware": false,"Async Capable": false,"Join Type": "Inner","Startup Cost": 7.38,"Total Cost": 244.58,"Plan Rows": 400,"Plan Width": 55,"Actual Startup Time": 0.311,"Actual Total Time": 4.277,"Actual Rows": 376,"Actual Loops": 1,"Inner Unique": false,"Plans": [{"Node Type": "Seq Scan","Parent Relationship": "Outer","Parallel Aware": false,"Async Capable": false,"Relation Name": "nation","Alias": "nation","Startup Cost": 0.00,"Total Cost": 1.31,"Plan Rows": 1,"Plan Width": 4,"Actual Startup Time": 0.074,"Actual Total Time": 0.100,"Actual Rows": 1,"Actual Loops": 1,"Filter": "(n_name = 'KENYA'::bpchar)","Rows Removed by Filter": 24},{"Node Type": "Bitmap Heap Scan","Parent Relationship": "Inner","Parallel Aware": false,"Async Capable": false,"Relation Name": "supplier","Alias": "supplier","Startup Cost": 7.38,"Total Cost": 239.27,"Plan Rows": 400,"Plan Width": 59,"Actual Startup Time": 0.228,"Actual Total Time": 4.093,"Actual Rows": 376,"Actual Loops": 1,"Recheck Cond": "(s_nationkey = nation.n_nationkey)","Rows Removed by Index Recheck": 0,"Exact Heap Blocks": 179,"Lossy Heap Blocks": 0,"Plans": [{"Node Type": "Bitmap Index Scan","Parent Relationship": "Outer","Parallel Aware": false,"Async Capable": false,"Index Name": "idx_supplier_nation_key","Startup Cost": 0.00,"Total Cost": 7.29,"Plan Rows": 400,"Plan Width": 0,"Actual Startup Time": 0.169,"Actual Total Time": 0.174,"Actual Rows": 376,"Actual Loops": 1,"Index Cond": "(s_nationkey = nation.n_nationkey)"}]}]},{"Node Type": "Hash","Parent Relationship": "Inner","Parallel Aware": false,"Async Capable": false,"Startup Cost": 88158.53,"Total Cost": 88158.53,"Plan Rows": 2694,"Plan Width": 4,"Actual Startup Time": 955.239,"Actual Total Time": 955.248,"Actual Rows": 5823,"Actual Loops": 1,"Hash Buckets": 8192,"Original Hash Buckets": 4096,"Hash Batches": 1,"Original Hash Batches": 1,"Peak Memory Usage": 269,"Plans": [{"Node Type": "Nested Loop","Parent Relationship": "Outer","Parallel Aware": false,"Async Capable": false,"Join Type": "Inner","Startup Cost": 0.42,"Total Cost": 88158.53,"Plan Rows": 2694,"Plan Width": 4,"Actual Startup Time": 0.741,"Actual Total Time": 950.558,"Actual Rows": 5823,"Actual Loops": 1,"Inner Unique": false,"Plans": [{"Node Type": "Seq Scan","Parent Relationship": "Outer","Parallel Aware": false,"Async Capable": false,"Relation Name": "part","Alias": "part","Startup Cost": 0.00,"Total Cost": 6597.00,"Plan Rows": 2020,"Plan Width": 4,"Actual Startup Time": 0.065,"Actual Total Time": 179.476,"Actual Rows": 2138,"Actual Loops": 1,"Filter": "((p_name)::text ~~ 'royal%'::text)","Rows Removed by Filter": 197862},{"Node Type": "Index Scan","Parent Relationship": "Inner","Parallel Aware": false,"Async Capable": false,"Scan Direction": "Forward","Index Name": "idx_partsupp_partkey","Relation Name": "partsupp","Alias": "partsupp","Startup Cost": 0.42,"Total Cost": 40.36,"Plan Rows": 1,"Plan Width": 8,"Actual Startup Time": 0.153,"Actual Total Time": 0.360,"Actual Rows": 3,"Actual Loops": 2138,"Index Cond": "(ps_partkey = part.p_partkey)","Rows Removed by Index Recheck": 0,"Filter": "((ps_availqty)::numeric > (SubPlan 1))","Rows Removed by Filter": 1,"Plans": [{"Node Type": "Aggregate","Strategy": "Plain","Partial Mode": "Simple","Parent Relationship": "SubPlan","Subplan Name": "SubPlan 1","Parallel Aware": false,"Async Capable": false,"Startup Cost": 8.46,"Total Cost": 8.47,"Plan Rows": 1,"Plan Width": 32,"Actual Startup Time": 0.082,"Actual Total Time": 0.082,"Actual Rows": 1,"Actual Loops": 8552,"Plans": [{"Node Type": "Index Scan","Parent Relationship": "Outer","Parallel Aware": false,"Async Capable": false,"Scan Direction": "Forward","Index Name": "idx_lineitem_part_supp","Relation Name": "lineitem","Alias": "lineitem","Startup Cost": 0.43,"Total Cost": 8.46,"Plan Rows": 0,"Plan Width": 5,"Actual Startup Time": 0.050,"Actual Total Time": 0.081,"Actual Rows": 1,"Actual Loops": 8552,"Index Cond": "((l_partkey = partsupp.ps_partkey) AND (l_suppkey = partsupp.ps_suppkey))","Rows Removed by Index Recheck": 0,"Filter": "((l_shipdate >= '1995-01-01'::date) AND (l_shipdate < '1996-01-01 00:00:00'::timestamp without time zone))","Rows Removed by Filter": 6}]}]}]}]}]}]},"Planning Time": 6.695,"Triggers": [],"Execution Time": 960.303}]
[{"Plan": {"Node Type": "Sort","Parallel Aware": false,"Async Capable": false,"Startup Cost": 88442.96,"Total Cost": 88443.23,"Plan Rows": 108,"Plan Width": 51,"Actual Startup Time": 969.506,"Actual Total Time": 969.549,"Actual Rows": 171,"Actual Loops": 1,"Sort Key": ["supplier.s_name"],"Sort Method": "quicksort","Sort Space Used": 40,"Sort Space Type": "Memory","Plans": [{"Node Type": "Hash Join","Parent Relationship": "Outer","Parallel Aware": false,"Async Capable": false,"Join Type": "Semi","Startup Cost": 88199.59,"Total Cost": 88439.31,"Plan Rows": 108,"Plan Width": 51,"Actual Startup Time": 965.245,"Actual Total Time": 969.077,"Actual Rows": 171,"Actual Loops": 1,"Inner Unique": false,"Hash Cond": "(supplier.s_suppkey = partsupp.ps_suppkey)","Plans": [{"Node Type": "Nested Loop","Parent Relationship": "Outer","Parallel Aware": false,"Async Capable": false,"Join Type": "Inner","Startup Cost": 7.38,"Total Cost": 244.58,"Plan Rows": 400,"Plan Width": 55,"Actual Startup Time": 0.265,"Actual Total Time": 4.036,"Actual Rows": 393,"Actual Loops": 1,"Inner Unique": false,"Plans": [{"Node Type": "Seq Scan","Parent Relationship": "Outer","Parallel Aware": false,"Async Capable": false,"Relation Name": "nation","Alias": "nation","Startup Cost": 0.00,"Total Cost": 1.31,"Plan Rows": 1,"Plan Width": 4,"Actual Startup Time": 0.073,"Actual Total Time": 0.085,"Actual Rows": 1,"Actual Loops": 1,"Filter": "(n_name = 'UNITED STATES'::bpchar)","Rows Removed by Filter": 24},{"Node Type": "Bitmap Heap Scan","Parent Relationship": "Inner","Parallel Aware": false,"Async Capable": false,"Relation Name": "supplier","Alias": "supplier","Startup Cost": 7.38,"Total Cost": 239.27,"Plan Rows": 400,"Plan Width": 59,"Actual Startup Time": 0.188,"Actual Total Time": 3.881,"Actual Rows": 393,"Actual Loops": 1,"Recheck Cond": "(s_nationkey = nation.n_nationkey)","Rows Removed by Index Recheck": 0,"Exact Heap Blocks": 181,"Lossy Heap Blocks": 0,"Plans": [{"Node Type": "Bitmap Index Scan","Parent Relationship": "Outer","Parallel Aware": false,"Async Capable": false,"Index Name": "idx_supplier_nation_key","Startup Cost": 0.00,"Total Cost": 7.29,"Plan Rows": 400,"Plan Width": 0,"Actual Startup Time": 0.121,"Actual Total Time": 0.128,"Actual Rows": 393,"Actual Loops": 1,"Index Cond": "(s_nationkey = nation.n_nationkey)"}]}]},{"Node Type": "Hash","Parent Relationship": "Inner","Parallel Aware": false,"Async Capable": false,"Startup Cost": 88158.53,"Total Cost": 88158.53,"Plan Rows": 2694,"Plan Width": 4,"Actual Startup Time": 964.877,"Actual Total Time": 964.888,"Actual Rows": 5824,"Actual Loops": 1,"Hash Buckets": 8192,"Original Hash Buckets": 4096,"Hash Batches": 1,"Original Hash Batches": 1,"Peak Memory Usage": 269,"Plans": [{"Node Type": "Nested Loop","Parent Relationship": "Outer","Parallel Aware": false,"Async Capable": false,"Join Type": "Inner","Startup Cost": 0.42,"Total Cost": 88158.53,"Plan Rows": 2694,"Plan Width": 4,"Actual Startup Time": 0.725,"Actual Total Time": 960.778,"Actual Rows": 5824,"Actual Loops": 1,"Inner Unique": false,"Plans": [{"Node Type": "Seq Scan","Parent Relationship": "Outer","Parallel Aware": false,"Async Capable": false,"Relation Name": "part","Alias": "part","Startup Cost": 0.00,"Total Cost": 6597.00,"Plan Rows": 2020,"Plan Width": 4,"Actual Startup Time": 0.289,"Actual Total Time": 182.245,"Actual Rows": 2157,"Actual Loops": 1,"Filter": "((p_name)::text ~~ 'peach%'::text)","Rows Removed by Filter": 197843},{"Node Type": "Index Scan","Parent Relationship": "Inner","Parallel Aware": false,"Async Capable": false,"Scan Direction": "Forward","Index Name": "idx_partsupp_partkey","Relation Name": "partsupp","Alias": "partsupp","Startup Cost": 0.42,"Total Cost": 40.36,"Plan Rows": 1,"Plan Width": 8,"Actual Startup Time": 0.151,"Actual Total Time": 0.360,"Actual Rows": 3,"Actual Loops": 2157,"Index Cond": "(ps_partkey = part.p_partkey)","Rows Removed by Index Recheck": 0,"Filter": "((ps_availqty)::numeric > (SubPlan 1))","Rows Removed by Filter": 1,"Plans": [{"Node Type": "Aggregate","Strategy": "Plain","Partial Mode": "Simple","Parent Relationship": "SubPlan","Subplan Name": "SubPlan 1","Parallel Aware": false,"Async Capable": false,"Startup Cost": 8.46,"Total Cost": 8.47,"Plan Rows": 1,"Plan Width": 32,"Actual Startup Time": 0.082,"Actual Total Time": 0.082,"Actual Rows": 1,"Actual Loops": 8628,"Plans": [{"Node Type": "Index Scan","Parent Relationship": "Outer","Parallel Aware": false,"Async Capable": false,"Scan Direction": "Forward","Index Name": "idx_lineitem_part_supp","Relation Name": "lineitem","Alias": "lineitem","Startup Cost": 0.43,"Total Cost": 8.46,"Plan Rows": 0,"Plan Width": 5,"Actual Startup Time": 0.049,"Actual Total Time": 0.081,"Actual Rows": 1,"Actual Loops": 8628,"Index Cond": "((l_partkey = partsupp.ps_partkey) AND (l_suppkey = partsupp.ps_suppkey))","Rows Removed by Index Recheck": 0,"Filter": "((l_shipdate >= '1997-01-01'::date) AND (l_shipdate < '1998-01-01 00:00:00'::timestamp without time zone))","Rows Removed by Filter": 6}]}]}]}]}]}]},"Planning Time": 5.673,"Triggers": [],"Execution Time": 969.820}]
[{"Plan": {"Node Type": "Sort","Parallel Aware": false,"Async Capable": false,"Startup Cost": 88442.96,"Total Cost": 88443.23,"Plan Rows": 108,"Plan Width": 51,"Actual Startup Time": 960.380,"Actual Total Time": 960.412,"Actual Rows": 180,"Actual Loops": 1,"Sort Key": ["supplier.s_name"],"Sort Method": "quicksort","Sort Space Used": 41,"Sort Space Type": "Memory","Plans": [{"Node Type": "Hash Join","Parent Relationship": "Outer","Parallel Aware": false,"Async Capable": false,"Join Type": "Semi","Startup Cost": 88199.59,"Total Cost": 88439.31,"Plan Rows": 108,"Plan Width": 51,"Actual Startup Time": 956.136,"Actual Total Time": 960.059,"Actual Rows": 180,"Actual Loops": 1,"Inner Unique": false,"Hash Cond": "(supplier.s_suppkey = partsupp.ps_suppkey)","Plans": [{"Node Type": "Nested Loop","Parent Relationship": "Outer","Parallel Aware": false,"Async Capable": false,"Join Type": "Inner","Startup Cost": 7.38,"Total Cost": 244.58,"Plan Rows": 400,"Plan Width": 55,"Actual Startup Time": 0.308,"Actual Total Time": 4.108,"Actual Rows": 412,"Actual Loops": 1,"Inner Unique": false,"Plans": [{"Node Type": "Seq Scan","Parent Relationship": "Outer","Parallel Aware": false,"Async Capable": false,"Relation Name": "nation","Alias": "nation","Startup Cost": 0.00,"Total Cost": 1.31,"Plan Rows": 1,"Plan Width": 4,"Actual Startup Time": 0.078,"Actual Total Time": 0.099,"Actual Rows": 1,"Actual Loops": 1,"Filter": "(n_name = 'CANADA'::bpchar)","Rows Removed by Filter": 24},{"Node Type": "Bitmap Heap Scan","Parent Relationship": "Inner","Parallel Aware": false,"Async Capable": false,"Relation Name": "supplier","Alias": "supplier","Startup Cost": 7.38,"Total Cost": 239.27,"Plan Rows": 400,"Plan Width": 59,"Actual Startup Time": 0.220,"Actual Total Time": 3.920,"Actual Rows": 412,"Actual Loops": 1,"Recheck Cond": "(s_nationkey = nation.n_nationkey)","Rows Removed by Index Recheck": 0,"Exact Heap Blocks": 189,"Lossy Heap Blocks": 0,"Plans": [{"Node Type": "Bitmap Index Scan","Parent Relationship": "Outer","Parallel Aware": false,"Async Capable": false,"Index Name": "idx_supplier_nation_key","Startup Cost": 0.00,"Total Cost": 7.29,"Plan Rows": 400,"Plan Width": 0,"Actual Startup Time": 0.149,"Actual Total Time": 0.153,"Actual Rows": 412,"Actual Loops": 1,"Index Cond": "(s_nationkey = nation.n_nationkey)"}]}]},{"Node Type": "Hash","Parent Relationship": "Inner","Parallel Aware": false,"Async Capable": false,"Startup Cost": 88158.53,"Total Cost": 88158.53,"Plan Rows": 2694,"Plan Width": 4,"Actual Startup Time": 955.756,"Actual Total Time": 955.764,"Actual Rows": 5880,"Actual Loops": 1,"Hash Buckets": 8192,"Original Hash Buckets": 4096,"Hash Batches": 1,"Original Hash Batches": 1,"Peak Memory Usage": 271,"Plans": [{"Node Type": "Nested Loop","Parent Relationship": "Outer","Parallel Aware": false,"Async Capable": false,"Join Type": "Inner","Startup Cost": 0.42,"Total Cost": 88158.53,"Plan Rows": 2694,"Plan Width": 4,"Actual Startup Time": 0.578,"Actual Total Time": 951.845,"Actual Rows": 5880,"Actual Loops": 1,"Inner Unique": false,"Plans": [{"Node Type": "Seq Scan","Parent Relationship": "Outer","Parallel Aware": false,"Async Capable": false,"Relation Name": "part","Alias": "part","Startup Cost": 0.00,"Total Cost": 6597.00,"Plan Rows": 2020,"Plan Width": 4,"Actual Startup Time": 0.082,"Actual Total Time": 178.869,"Actual Rows": 2144,"Actual Loops": 1,"Filter": "((p_name)::text ~~ 'green%'::text)","Rows Removed by Filter": 197856},{"Node Type": "Index Scan","Parent Relationship": "Inner","Parallel Aware": false,"Async Capable": false,"Scan Direction": "Forward","Index Name": "idx_partsupp_partkey","Relation Name": "partsupp","Alias": "partsupp","Startup Cost": 0.42,"Total Cost": 40.36,"Plan Rows": 1,"Plan Width": 8,"Actual Startup Time": 0.152,"Actual Total Time": 0.360,"Actual Rows": 3,"Actual Loops": 2144,"Index Cond": "(ps_partkey = part.p_partkey)","Rows Removed by Index Recheck": 0,"Filter": "((ps_availqty)::numeric > (SubPlan 1))","Rows Removed by Filter": 1,"Plans": [{"Node Type": "Aggregate","Strategy": "Plain","Partial Mode": "Simple","Parent Relationship": "SubPlan","Subplan Name": "SubPlan 1","Parallel Aware": false,"Async Capable": false,"Startup Cost": 8.46,"Total Cost": 8.47,"Plan Rows": 1,"Plan Width": 32,"Actual Startup Time": 0.082,"Actual Total Time": 0.082,"Actual Rows": 1,"Actual Loops": 8576,"Plans": [{"Node Type": "Index Scan","Parent Relationship": "Outer","Parallel Aware": false,"Async Capable": false,"Scan Direction": "Forward","Index Name": "idx_lineitem_part_supp","Relation Name": "lineitem","Alias": "lineitem","Startup Cost": 0.43,"Total Cost": 8.46,"Plan Rows": 0,"Plan Width": 5,"Actual Startup Time": 0.049,"Actual Total Time": 0.081,"Actual Rows": 1,"Actual Loops": 8576,"Index Cond": "((l_partkey = partsupp.ps_partkey) AND (l_suppkey = partsupp.ps_suppkey))","Rows Removed by Index Recheck": 0,"Filter": "((l_shipdate >= '1997-01-01'::date) AND (l_shipdate < '1998-01-01 00:00:00'::timestamp without time zone))","Rows Removed by Filter": 6}]}]}]}]}]}]},"Planning Time": 6.108,"Triggers": [],"Execution Time": 960.689}]
[{"Plan": {"Node Type": "Sort","Parallel Aware": false,"Async Capable": false,"Startup Cost": 88442.96,"Total Cost": 88443.23,"Plan Rows": 108,"Plan Width": 51,"Actual Startup Time": 904.761,"Actual Total Time": 904.797,"Actual Rows": 181,"Actual Loops": 1,"Sort Key": ["supplier.s_name"],"Sort Method": "quicksort","Sort Space Used": 41,"Sort Space Type": "Memory","Plans": [{"Node Type": "Hash Join","Parent Relationship": "Outer","Parallel Aware": false,"Async Capable": false,"Join Type": "Semi","Startup Cost": 88199.59,"Total Cost": 88439.31,"Plan Rows": 108,"Plan Width": 51,"Actual Startup Time": 900.687,"Actual Total Time": 904.415,"Actual Rows": 181,"Actual Loops": 1,"Inner Unique": false,"Hash Cond": "(supplier.s_suppkey = partsupp.ps_suppkey)","Plans": [{"Node Type": "Nested Loop","Parent Relationship": "Outer","Parallel Aware": false,"Async Capable": false,"Join Type": "Inner","Startup Cost": 7.38,"Total Cost": 244.58,"Plan Rows": 400,"Plan Width": 55,"Actual Startup Time": 0.229,"Actual Total Time": 3.910,"Actual Rows": 413,"Actual Loops": 1,"Inner Unique": false,"Plans": [{"Node Type": "Seq Scan","Parent Relationship": "Outer","Parallel Aware": false,"Async Capable": false,"Relation Name": "nation","Alias": "nation","Startup Cost": 0.00,"Total Cost": 1.31,"Plan Rows": 1,"Plan Width": 4,"Actual Startup Time": 0.068,"Actual Total Time": 0.097,"Actual Rows": 1,"Actual Loops": 1,"Filter": "(n_name = 'ARGENTINA'::bpchar)","Rows Removed by Filter": 24},{"Node Type": "Bitmap Heap Scan","Parent Relationship": "Inner","Parallel Aware": false,"Async Capable": false,"Relation Name": "supplier","Alias": "supplier","Startup Cost": 7.38,"Total Cost": 239.27,"Plan Rows": 400,"Plan Width": 59,"Actual Startup Time": 0.156,"Actual Total Time": 3.745,"Actual Rows": 413,"Actual Loops": 1,"Recheck Cond": "(s_nationkey = nation.n_nationkey)","Rows Removed by Index Recheck": 0,"Exact Heap Blocks": 190,"Lossy Heap Blocks": 0,"Plans": [{"Node Type": "Bitmap Index Scan","Parent Relationship": "Outer","Parallel Aware": false,"Async Capable": false,"Index Name": "idx_supplier_nation_key","Startup Cost": 0.00,"Total Cost": 7.29,"Plan Rows": 400,"Plan Width": 0,"Actual Startup Time": 0.104,"Actual Total Time": 0.111,"Actual Rows": 413,"Actual Loops": 1,"Index Cond": "(s_nationkey = nation.n_nationkey)"}]}]},{"Node Type": "Hash","Parent Relationship": "Inner","Parallel Aware": false,"Async Capable": false,"Startup Cost": 88158.53,"Total Cost": 88158.53,"Plan Rows": 2694,"Plan Width": 4,"Actual Startup Time": 900.356,"Actual Total Time": 900.365,"Actual Rows": 5997,"Actual Loops": 1,"Hash Buckets": 8192,"Original Hash Buckets": 4096,"Hash Batches": 1,"Original Hash Batches": 1,"Peak Memory Usage": 275,"Plans": [{"Node Type": "Nested Loop","Parent Relationship": "Outer","Parallel Aware": false,"Async Capable": false,"Join Type": "Inner","Startup Cost": 0.42,"Total Cost": 88158.53,"Plan Rows": 2694,"Plan Width": 4,"Actual Startup Time": 0.555,"Actual Total Time": 895.530,"Actual Rows": 5997,"Actual Loops": 1,"Inner Unique": false,"Plans": [{"Node Type": "Seq Scan","Parent Relationship": "Outer","Parallel Aware": false,"Async Capable": false,"Relation Name": "part","Alias": "part","Startup Cost": 0.00,"Total Cost": 6597.00,"Plan Rows": 2020,"Plan Width": 4,"Actual Startup Time": 0.165,"Actual Total Time": 196.006,"Actual Rows": 2213,"Actual Loops": 1,"Filter": "((p_name)::text ~~ 'firebrick%'::text)","Rows Removed by Filter": 197787},{"Node Type": "Index Scan","Parent Relationship": "Inner","Parallel Aware": false,"Async Capable": false,"Scan Direction": "Forward","Index Name": "idx_partsupp_partkey","Relation Name": "partsupp","Alias": "partsupp","Startup Cost": 0.42,"Total Cost": 40.36,"Plan Rows": 1,"Plan Width": 8,"Actual Startup Time": 0.134,"Actual Total Time": 0.316,"Actual Rows": 3,"Actual Loops": 2213,"Index Cond": "(ps_partkey = part.p_partkey)","Rows Removed by Index Recheck": 0,"Filter": "((ps_availqty)::numeric > (SubPlan 1))","Rows Removed by Filter": 1,"Plans": [{"Node Type": "Aggregate","Strategy": "Plain","Partial Mode": "Simple","Parent Relationship": "SubPlan","Subplan Name": "SubPlan 1","Parallel Aware": false,"Async Capable": false,"Startup Cost": 8.46,"Total Cost": 8.47,"Plan Rows": 1,"Plan Width": 32,"Actual Startup Time": 0.071,"Actual Total Time": 0.071,"Actual Rows": 1,"Actual Loops": 8852,"Plans": [{"Node Type": "Index Scan","Parent Relationship": "Outer","Parallel Aware": false,"Async Capable": false,"Scan Direction": "Forward","Index Name": "idx_lineitem_part_supp","Relation Name": "lineitem","Alias": "lineitem","Startup Cost": 0.43,"Total Cost": 8.46,"Plan Rows": 0,"Plan Width": 5,"Actual Startup Time": 0.043,"Actual Total Time": 0.070,"Actual Rows": 1,"Actual Loops": 8852,"Index Cond": "((l_partkey = partsupp.ps_partkey) AND (l_suppkey = partsupp.ps_suppkey))","Rows Removed by Index Recheck": 0,"Filter": "((l_shipdate >= '1996-01-01'::date) AND (l_shipdate < '1997-01-01 00:00:00'::timestamp without time zone))","Rows Removed by Filter": 6}]}]}]}]}]}]},"Planning Time": 7.621,"Triggers": [],"Execution Time": 905.055}]
[{"Plan": {"Node Type": "Sort","Parallel Aware": false,"Async Capable": false,"Startup Cost": 88442.96,"Total Cost": 88443.23,"Plan Rows": 108,"Plan Width": 51,"Actual Startup Time": 964.627,"Actual Total Time": 964.666,"Actual Rows": 192,"Actual Loops": 1,"Sort Key": ["supplier.s_name"],"Sort Method": "quicksort","Sort Space Used": 42,"Sort Space Type": "Memory","Plans": [{"Node Type": "Hash Join","Parent Relationship": "Outer","Parallel Aware": false,"Async Capable": false,"Join Type": "Semi","Startup Cost": 88199.59,"Total Cost": 88439.31,"Plan Rows": 108,"Plan Width": 51,"Actual Startup Time": 960.165,"Actual Total Time": 964.303,"Actual Rows": 192,"Actual Loops": 1,"Inner Unique": false,"Hash Cond": "(supplier.s_suppkey = partsupp.ps_suppkey)","Plans": [{"Node Type": "Nested Loop","Parent Relationship": "Outer","Parallel Aware": false,"Async Capable": false,"Join Type": "Inner","Startup Cost": 7.38,"Total Cost": 244.58,"Plan Rows": 400,"Plan Width": 55,"Actual Startup Time": 0.281,"Actual Total Time": 4.282,"Actual Rows": 396,"Actual Loops": 1,"Inner Unique": false,"Plans": [{"Node Type": "Seq Scan","Parent Relationship": "Outer","Parallel Aware": false,"Async Capable": false,"Relation Name": "nation","Alias": "nation","Startup Cost": 0.00,"Total Cost": 1.31,"Plan Rows": 1,"Plan Width": 4,"Actual Startup Time": 0.080,"Actual Total Time": 0.104,"Actual Rows": 1,"Actual Loops": 1,"Filter": "(n_name = 'GERMANY'::bpchar)","Rows Removed by Filter": 24},{"Node Type": "Bitmap Heap Scan","Parent Relationship": "Inner","Parallel Aware": false,"Async Capable": false,"Relation Name": "supplier","Alias": "supplier","Startup Cost": 7.38,"Total Cost": 239.27,"Plan Rows": 400,"Plan Width": 59,"Actual Startup Time": 0.196,"Actual Total Time": 4.114,"Actual Rows": 396,"Actual Loops": 1,"Recheck Cond": "(s_nationkey = nation.n_nationkey)","Rows Removed by Index Recheck": 0,"Exact Heap Blocks": 191,"Lossy Heap Blocks": 0,"Plans": [{"Node Type": "Bitmap Index Scan","Parent Relationship": "Outer","Parallel Aware": false,"Async Capable": false,"Index Name": "idx_supplier_nation_key","Startup Cost": 0.00,"Total Cost": 7.29,"Plan Rows": 400,"Plan Width": 0,"Actual Startup Time": 0.105,"Actual Total Time": 0.109,"Actual Rows": 396,"Actual Loops": 1,"Index Cond": "(s_nationkey = nation.n_nationkey)"}]}]},{"Node Type": "Hash","Parent Relationship": "Inner","Parallel Aware": false,"Async Capable": false,"Startup Cost": 88158.53,"Total Cost": 88158.53,"Plan Rows": 2694,"Plan Width": 4,"Actual Startup Time": 959.794,"Actual Total Time": 959.806,"Actual Rows": 5824,"Actual Loops": 1,"Hash Buckets": 8192,"Original Hash Buckets": 4096,"Hash Batches": 1,"Original Hash Batches": 1,"Peak Memory Usage": 269,"Plans": [{"Node Type": "Nested Loop","Parent Relationship": "Outer","Parallel Aware": false,"Async Capable": false,"Join Type": "Inner","Startup Cost": 0.42,"Total Cost": 88158.53,"Plan Rows": 2694,"Plan Width": 4,"Actual Startup Time": 2.222,"Actual Total Time": 955.642,"Actual Rows": 5824,"Actual Loops": 1,"Inner Unique": false,"Plans": [{"Node Type": "Seq Scan","Parent Relationship": "Outer","Parallel Aware": false,"Async Capable": false,"Relation Name": "part","Alias": "part","Startup Cost": 0.00,"Total Cost": 6597.00,"Plan Rows": 2020,"Plan Width": 4,"Actual Startup Time": 0.236,"Actual Total Time": 183.139,"Actual Rows": 2154,"Actual Loops": 1,"Filter": "((p_name)::text ~~ 'azure%'::text)","Rows Removed by Filter": 197846},{"Node Type": "Index Scan","Parent Relationship": "Inner","Parallel Aware": false,"Async Capable": false,"Scan Direction": "Forward","Index Name": "idx_partsupp_partkey","Relation Name": "partsupp","Alias": "partsupp","Startup Cost": 0.42,"Total Cost": 40.36,"Plan Rows": 1,"Plan Width": 8,"Actual Startup Time": 0.151,"Actual Total Time": 0.358,"Actual Rows": 3,"Actual Loops": 2154,"Index Cond": "(ps_partkey = part.p_partkey)","Rows Removed by Index Recheck": 0,"Filter": "((ps_availqty)::numeric > (SubPlan 1))","Rows Removed by Filter": 1,"Plans": [{"Node Type": "Aggregate","Strategy": "Plain","Partial Mode": "Simple","Parent Relationship": "SubPlan","Subplan Name": "SubPlan 1","Parallel Aware": false,"Async Capable": false,"Startup Cost": 8.46,"Total Cost": 8.47,"Plan Rows": 1,"Plan Width": 32,"Actual Startup Time": 0.081,"Actual Total Time": 0.081,"Actual Rows": 1,"Actual Loops": 8616,"Plans": [{"Node Type": "Index Scan","Parent Relationship": "Outer","Parallel Aware": false,"Async Capable": false,"Scan Direction": "Forward","Index Name": "idx_lineitem_part_supp","Relation Name": "lineitem","Alias": "lineitem","Startup Cost": 0.43,"Total Cost": 8.46,"Plan Rows": 0,"Plan Width": 5,"Actual Startup Time": 0.049,"Actual Total Time": 0.081,"Actual Rows": 1,"Actual Loops": 8616,"Index Cond": "((l_partkey = partsupp.ps_partkey) AND (l_suppkey = partsupp.ps_suppkey))","Rows Removed by Index Recheck": 0,"Filter": "((l_shipdate >= '1994-01-01'::date) AND (l_shipdate < '1995-01-01 00:00:00'::timestamp without time zone))","Rows Removed by Filter": 6}]}]}]}]}]}]},"Planning Time": 6.251,"Triggers": [],"Execution Time": 964.900}]
[{"Plan": {"Node Type": "Sort","Parallel Aware": false,"Async Capable": false,"Startup Cost": 88442.96,"Total Cost": 88443.23,"Plan Rows": 108,"Plan Width": 51,"Actual Startup Time": 891.634,"Actual Total Time": 891.675,"Actual Rows": 163,"Actual Loops": 1,"Sort Key": ["supplier.s_name"],"Sort Method": "quicksort","Sort Space Used": 40,"Sort Space Type": "Memory","Plans": [{"Node Type": "Hash Join","Parent Relationship": "Outer","Parallel Aware": false,"Async Capable": false,"Join Type": "Semi","Startup Cost": 88199.59,"Total Cost": 88439.31,"Plan Rows": 108,"Plan Width": 51,"Actual Startup Time": 887.544,"Actual Total Time": 891.358,"Actual Rows": 163,"Actual Loops": 1,"Inner Unique": false,"Hash Cond": "(supplier.s_suppkey = partsupp.ps_suppkey)","Plans": [{"Node Type": "Nested Loop","Parent Relationship": "Outer","Parallel Aware": false,"Async Capable": false,"Join Type": "Inner","Startup Cost": 7.38,"Total Cost": 244.58,"Plan Rows": 400,"Plan Width": 55,"Actual Startup Time": 0.272,"Actual Total Time": 4.026,"Actual Rows": 373,"Actual Loops": 1,"Inner Unique": false,"Plans": [{"Node Type": "Seq Scan","Parent Relationship": "Outer","Parallel Aware": false,"Async Capable": false,"Relation Name": "nation","Alias": "nation","Startup Cost": 0.00,"Total Cost": 1.31,"Plan Rows": 1,"Plan Width": 4,"Actual Startup Time": 0.072,"Actual Total Time": 0.095,"Actual Rows": 1,"Actual Loops": 1,"Filter": "(n_name = 'MOROCCO'::bpchar)","Rows Removed by Filter": 24},{"Node Type": "Bitmap Heap Scan","Parent Relationship": "Inner","Parallel Aware": false,"Async Capable": false,"Relation Name": "supplier","Alias": "supplier","Startup Cost": 7.38,"Total Cost": 239.27,"Plan Rows": 400,"Plan Width": 59,"Actual Startup Time": 0.197,"Actual Total Time": 3.870,"Actual Rows": 373,"Actual Loops": 1,"Recheck Cond": "(s_nationkey = nation.n_nationkey)","Rows Removed by Index Recheck": 0,"Exact Heap Blocks": 180,"Lossy Heap Blocks": 0,"Plans": [{"Node Type": "Bitmap Index Scan","Parent Relationship": "Outer","Parallel Aware": false,"Async Capable": false,"Index Name": "idx_supplier_nation_key","Startup Cost": 0.00,"Total Cost": 7.29,"Plan Rows": 400,"Plan Width": 0,"Actual Startup Time": 0.130,"Actual Total Time": 0.136,"Actual Rows": 373,"Actual Loops": 1,"Index Cond": "(s_nationkey = nation.n_nationkey)"}]}]},{"Node Type": "Hash","Parent Relationship": "Inner","Parallel Aware": false,"Async Capable": false,"Startup Cost": 88158.53,"Total Cost": 88158.53,"Plan Rows": 2694,"Plan Width": 4,"Actual Startup Time": 887.187,"Actual Total Time": 887.199,"Actual Rows": 5856,"Actual Loops": 1,"Hash Buckets": 8192,"Original Hash Buckets": 4096,"Hash Batches": 1,"Original Hash Batches": 1,"Peak Memory Usage": 270,"Plans": [{"Node Type": "Nested Loop","Parent Relationship": "Outer","Parallel Aware": false,"Async Capable": false,"Join Type": "Inner","Startup Cost": 0.42,"Total Cost": 88158.53,"Plan Rows": 2694,"Plan Width": 4,"Actual Startup Time": 0.449,"Actual Total Time": 882.628,"Actual Rows": 5856,"Actual Loops": 1,"Inner Unique": false,"Plans": [{"Node Type": "Seq Scan","Parent Relationship": "Outer","Parallel Aware": false,"Async Capable": false,"Relation Name": "part","Alias": "part","Startup Cost": 0.00,"Total Cost": 6597.00,"Plan Rows": 2020,"Plan Width": 4,"Actual Startup Time": 0.043,"Actual Total Time": 195.931,"Actual Rows": 2148,"Actual Loops": 1,"Filter": "((p_name)::text ~~ 'linen%'::text)","Rows Removed by Filter": 197852},{"Node Type": "Index Scan","Parent Relationship": "Inner","Parallel Aware": false,"Async Capable": false,"Scan Direction": "Forward","Index Name": "idx_partsupp_partkey","Relation Name": "partsupp","Alias": "partsupp","Startup Cost": 0.42,"Total Cost": 40.36,"Plan Rows": 1,"Plan Width": 8,"Actual Startup Time": 0.134,"Actual Total Time": 0.319,"Actual Rows": 3,"Actual Loops": 2148,"Index Cond": "(ps_partkey = part.p_partkey)","Rows Removed by Index Recheck": 0,"Filter": "((ps_availqty)::numeric > (SubPlan 1))","Rows Removed by Filter": 1,"Plans": [{"Node Type": "Aggregate","Strategy": "Plain","Partial Mode": "Simple","Parent Relationship": "SubPlan","Subplan Name": "SubPlan 1","Parallel Aware": false,"Async Capable": false,"Startup Cost": 8.46,"Total Cost": 8.47,"Plan Rows": 1,"Plan Width": 32,"Actual Startup Time": 0.072,"Actual Total Time": 0.072,"Actual Rows": 1,"Actual Loops": 8592,"Plans": [{"Node Type": "Index Scan","Parent Relationship": "Outer","Parallel Aware": false,"Async Capable": false,"Scan Direction": "Forward","Index Name": "idx_lineitem_part_supp","Relation Name": "lineitem","Alias": "lineitem","Startup Cost": 0.43,"Total Cost": 8.46,"Plan Rows": 0,"Plan Width": 5,"Actual Startup Time": 0.043,"Actual Total Time": 0.071,"Actual Rows": 1,"Actual Loops": 8592,"Index Cond": "((l_partkey = partsupp.ps_partkey) AND (l_suppkey = partsupp.ps_suppkey))","Rows Removed by Index Recheck": 0,"Filter": "((l_shipdate >= '1996-01-01'::date) AND (l_shipdate < '1997-01-01 00:00:00'::timestamp without time zone))","Rows Removed by Filter": 6}]}]}]}]}]}]},"Planning Time": 6.071,"Triggers": [],"Execution Time": 891.932}]
[{"Plan": {"Node Type": "Sort","Parallel Aware": false,"Async Capable": false,"Startup Cost": 88442.96,"Total Cost": 88443.23,"Plan Rows": 108,"Plan Width": 51,"Actual Startup Time": 993.892,"Actual Total Time": 993.930,"Actual Rows": 200,"Actual Loops": 1,"Sort Key": ["supplier.s_name"],"Sort Method": "quicksort","Sort Space Used": 43,"Sort Space Type": "Memory","Plans": [{"Node Type": "Hash Join","Parent Relationship": "Outer","Parallel Aware": false,"Async Capable": false,"Join Type": "Semi","Startup Cost": 88199.59,"Total Cost": 88439.31,"Plan Rows": 108,"Plan Width": 51,"Actual Startup Time": 989.523,"Actual Total Time": 993.530,"Actual Rows": 200,"Actual Loops": 1,"Inner Unique": false,"Hash Cond": "(supplier.s_suppkey = partsupp.ps_suppkey)","Plans": [{"Node Type": "Nested Loop","Parent Relationship": "Outer","Parallel Aware": false,"Async Capable": false,"Join Type": "Inner","Startup Cost": 7.38,"Total Cost": 244.58,"Plan Rows": 400,"Plan Width": 55,"Actual Startup Time": 0.367,"Actual Total Time": 4.281,"Actual Rows": 421,"Actual Loops": 1,"Inner Unique": false,"Plans": [{"Node Type": "Seq Scan","Parent Relationship": "Outer","Parallel Aware": false,"Async Capable": false,"Relation Name": "nation","Alias": "nation","Startup Cost": 0.00,"Total Cost": 1.31,"Plan Rows": 1,"Plan Width": 4,"Actual Startup Time": 0.079,"Actual Total Time": 0.106,"Actual Rows": 1,"Actual Loops": 1,"Filter": "(n_name = 'PERU'::bpchar)","Rows Removed by Filter": 24},{"Node Type": "Bitmap Heap Scan","Parent Relationship": "Inner","Parallel Aware": false,"Async Capable": false,"Relation Name": "supplier","Alias": "supplier","Startup Cost": 7.38,"Total Cost": 239.27,"Plan Rows": 400,"Plan Width": 59,"Actual Startup Time": 0.280,"Actual Total Time": 4.109,"Actual Rows": 421,"Actual Loops": 1,"Recheck Cond": "(s_nationkey = nation.n_nationkey)","Rows Removed by Index Recheck": 0,"Exact Heap Blocks": 187,"Lossy Heap Blocks": 0,"Plans": [{"Node Type": "Bitmap Index Scan","Parent Relationship": "Outer","Parallel Aware": false,"Async Capable": false,"Index Name": "idx_supplier_nation_key","Startup Cost": 0.00,"Total Cost": 7.29,"Plan Rows": 400,"Plan Width": 0,"Actual Startup Time": 0.198,"Actual Total Time": 0.203,"Actual Rows": 421,"Actual Loops": 1,"Index Cond": "(s_nationkey = nation.n_nationkey)"}]}]},{"Node Type": "Hash","Parent Relationship": "Inner","Parallel Aware": false,"Async Capable": false,"Startup Cost": 88158.53,"Total Cost": 88158.53,"Plan Rows": 2694,"Plan Width": 4,"Actual Startup Time": 989.053,"Actual Total Time": 989.062,"Actual Rows": 5987,"Actual Loops": 1,"Hash Buckets": 8192,"Original Hash Buckets": 4096,"Hash Batches": 1,"Original Hash Batches": 1,"Peak Memory Usage": 275,"Plans": [{"Node Type": "Nested Loop","Parent Relationship": "Outer","Parallel Aware": false,"Async Capable": false,"Join Type": "Inner","Startup Cost": 0.42,"Total Cost": 88158.53,"Plan Rows": 2694,"Plan Width": 4,"Actual Startup Time": 0.770,"Actual Total Time": 984.336,"Actual Rows": 5987,"Actual Loops": 1,"Inner Unique": false,"Plans": [{"Node Type": "Seq Scan","Parent Relationship": "Outer","Parallel Aware": false,"Async Capable": false,"Relation Name": "part","Alias": "part","Startup Cost": 0.00,"Total Cost": 6597.00,"Plan Rows": 2020,"Plan Width": 4,"Actual Startup Time": 0.177,"Actual Total Time": 184.701,"Actual Rows": 2234,"Actual Loops": 1,"Filter": "((p_name)::text ~~ 'cyan%'::text)","Rows Removed by Filter": 197766},{"Node Type": "Index Scan","Parent Relationship": "Inner","Parallel Aware": false,"Async Capable": false,"Scan Direction": "Forward","Index Name": "idx_partsupp_partkey","Relation Name": "partsupp","Alias": "partsupp","Startup Cost": 0.42,"Total Cost": 40.36,"Plan Rows": 1,"Plan Width": 8,"Actual Startup Time": 0.151,"Actual Total Time": 0.357,"Actual Rows": 3,"Actual Loops": 2234,"Index Cond": "(ps_partkey = part.p_partkey)","Rows Removed by Index Recheck": 0,"Filter": "((ps_availqty)::numeric > (SubPlan 1))","Rows Removed by Filter": 1,"Plans": [{"Node Type": "Aggregate","Strategy": "Plain","Partial Mode": "Simple","Parent Relationship": "SubPlan","Subplan Name": "SubPlan 1","Parallel Aware": false,"Async Capable": false,"Startup Cost": 8.46,"Total Cost": 8.47,"Plan Rows": 1,"Plan Width": 32,"Actual Startup Time": 0.081,"Actual Total Time": 0.081,"Actual Rows": 1,"Actual Loops": 8936,"Plans": [{"Node Type": "Index Scan","Parent Relationship": "Outer","Parallel Aware": false,"Async Capable": false,"Scan Direction": "Forward","Index Name": "idx_lineitem_part_supp","Relation Name": "lineitem","Alias": "lineitem","Startup Cost": 0.43,"Total Cost": 8.46,"Plan Rows": 0,"Plan Width": 5,"Actual Startup Time": 0.050,"Actual Total Time": 0.081,"Actual Rows": 1,"Actual Loops": 8936,"Index Cond": "((l_partkey = partsupp.ps_partkey) AND (l_suppkey = partsupp.ps_suppkey))","Rows Removed by Index Recheck": 0,"Filter": "((l_shipdate >= '1994-01-01'::date) AND (l_shipdate < '1995-01-01 00:00:00'::timestamp without time zone))","Rows Removed by Filter": 6}]}]}]}]}]}]},"Planning Time": 6.352,"Triggers": [],"Execution Time": 994.187}]
[{"Plan": {"Node Type": "Sort","Parallel Aware": false,"Async Capable": false,"Startup Cost": 88442.96,"Total Cost": 88443.23,"Plan Rows": 108,"Plan Width": 51,"Actual Startup Time": 933.271,"Actual Total Time": 933.309,"Actual Rows": 185,"Actual Loops": 1,"Sort Key": ["supplier.s_name"],"Sort Method": "quicksort","Sort Space Used": 42,"Sort Space Type": "Memory","Plans": [{"Node Type": "Hash Join","Parent Relationship": "Outer","Parallel Aware": false,"Async Capable": false,"Join Type": "Semi","Startup Cost": 88199.59,"Total Cost": 88439.31,"Plan Rows": 108,"Plan Width": 51,"Actual Startup Time": 929.057,"Actual Total Time": 932.914,"Actual Rows": 185,"Actual Loops": 1,"Inner Unique": false,"Hash Cond": "(supplier.s_suppkey = partsupp.ps_suppkey)","Plans": [{"Node Type": "Nested Loop","Parent Relationship": "Outer","Parallel Aware": false,"Async Capable": false,"Join Type": "Inner","Startup Cost": 7.38,"Total Cost": 244.58,"Plan Rows": 400,"Plan Width": 55,"Actual Startup Time": 0.300,"Actual Total Time": 4.107,"Actual Rows": 401,"Actual Loops": 1,"Inner Unique": false,"Plans": [{"Node Type": "Seq Scan","Parent Relationship": "Outer","Parallel Aware": false,"Async Capable": false,"Relation Name": "nation","Alias": "nation","Startup Cost": 0.00,"Total Cost": 1.31,"Plan Rows": 1,"Plan Width": 4,"Actual Startup Time": 0.075,"Actual Total Time": 0.092,"Actual Rows": 1,"Actual Loops": 1,"Filter": "(n_name = 'RUSSIA'::bpchar)","Rows Removed by Filter": 24},{"Node Type": "Bitmap Heap Scan","Parent Relationship": "Inner","Parallel Aware": false,"Async Capable": false,"Relation Name": "supplier","Alias": "supplier","Startup Cost": 7.38,"Total Cost": 239.27,"Plan Rows": 400,"Plan Width": 59,"Actual Startup Time": 0.219,"Actual Total Time": 3.941,"Actual Rows": 401,"Actual Loops": 1,"Recheck Cond": "(s_nationkey = nation.n_nationkey)","Rows Removed by Index Recheck": 0,"Exact Heap Blocks": 180,"Lossy Heap Blocks": 0,"Plans": [{"Node Type": "Bitmap Index Scan","Parent Relationship": "Outer","Parallel Aware": false,"Async Capable": false,"Index Name": "idx_supplier_nation_key","Startup Cost": 0.00,"Total Cost": 7.29,"Plan Rows": 400,"Plan Width": 0,"Actual Startup Time": 0.157,"Actual Total Time": 0.163,"Actual Rows": 401,"Actual Loops": 1,"Index Cond": "(s_nationkey = nation.n_nationkey)"}]}]},{"Node Type": "Hash","Parent Relationship": "Inner","Parallel Aware": false,"Async Capable": false,"Startup Cost": 88158.53,"Total Cost": 88158.53,"Plan Rows": 2694,"Plan Width": 4,"Actual Startup Time": 928.665,"Actual Total Time": 928.674,"Actual Rows": 5584,"Actual Loops": 1,"Hash Buckets": 8192,"Original Hash Buckets": 4096,"Hash Batches": 1,"Original Hash Batches": 1,"Peak Memory Usage": 261,"Plans": [{"Node Type": "Nested Loop","Parent Relationship": "Outer","Parallel Aware": false,"Async Capable": false,"Join Type": "Inner","Startup Cost": 0.42,"Total Cost": 88158.53,"Plan Rows": 2694,"Plan Width": 4,"Actual Startup Time": 0.776,"Actual Total Time": 924.867,"Actual Rows": 5584,"Actual Loops": 1,"Inner Unique": false,"Plans": [{"Node Type": "Seq Scan","Parent Relationship": "Outer","Parallel Aware": false,"Async Capable": false,"Relation Name": "part","Alias": "part","Startup Cost": 0.00,"Total Cost": 6597.00,"Plan Rows": 2020,"Plan Width": 4,"Actual Startup Time": 0.095,"Actual Total Time": 178.567,"Actual Rows": 2094,"Actual Loops": 1,"Filter": "((p_name)::text ~~ 'lawn%'::text)","Rows Removed by Filter": 197906},{"Node Type": "Index Scan","Parent Relationship": "Inner","Parallel Aware": false,"Async Capable": false,"Scan Direction": "Forward","Index Name": "idx_partsupp_partkey","Relation Name": "partsupp","Alias": "partsupp","Startup Cost": 0.42,"Total Cost": 40.36,"Plan Rows": 1,"Plan Width": 8,"Actual Startup Time": 0.150,"Actual Total Time": 0.356,"Actual Rows": 3,"Actual Loops": 2094,"Index Cond": "(ps_partkey = part.p_partkey)","Rows Removed by Index Recheck": 0,"Filter": "((ps_availqty)::numeric > (SubPlan 1))","Rows Removed by Filter": 1,"Plans": [{"Node Type": "Aggregate","Strategy": "Plain","Partial Mode": "Simple","Parent Relationship": "SubPlan","Subplan Name": "SubPlan 1","Parallel Aware": false,"Async Capable": false,"Startup Cost": 8.46,"Total Cost": 8.47,"Plan Rows": 1,"Plan Width": 32,"Actual Startup Time": 0.081,"Actual Total Time": 0.081,"Actual Rows": 1,"Actual Loops": 8376,"Plans": [{"Node Type": "Index Scan","Parent Relationship": "Outer","Parallel Aware": false,"Async Capable": false,"Scan Direction": "Forward","Index Name": "idx_lineitem_part_supp","Relation Name": "lineitem","Alias": "lineitem","Startup Cost": 0.43,"Total Cost": 8.46,"Plan Rows": 0,"Plan Width": 5,"Actual Startup Time": 0.050,"Actual Total Time": 0.080,"Actual Rows": 1,"Actual Loops": 8376,"Index Cond": "((l_partkey = partsupp.ps_partkey) AND (l_suppkey = partsupp.ps_suppkey))","Rows Removed by Index Recheck": 0,"Filter": "((l_shipdate >= '1994-01-01'::date) AND (l_shipdate < '1995-01-01 00:00:00'::timestamp without time zone))","Rows Removed by Filter": 6}]}]}]}]}]}]},"Planning Time": 6.077,"Triggers": [],"Execution Time": 933.577}]
[{"Plan": {"Node Type": "Sort","Parallel Aware": false,"Async Capable": false,"Startup Cost": 88442.96,"Total Cost": 88443.23,"Plan Rows": 108,"Plan Width": 51,"Actual Startup Time": 916.214,"Actual Total Time": 916.255,"Actual Rows": 188,"Actual Loops": 1,"Sort Key": ["supplier.s_name"],"Sort Method": "quicksort","Sort Space Used": 42,"Sort Space Type": "Memory","Plans": [{"Node Type": "Hash Join","Parent Relationship": "Outer","Parallel Aware": false,"Async Capable": false,"Join Type": "Semi","Startup Cost": 88199.59,"Total Cost": 88439.31,"Plan Rows": 108,"Plan Width": 51,"Actual Startup Time": 911.580,"Actual Total Time": 915.899,"Actual Rows": 188,"Actual Loops": 1,"Inner Unique": false,"Hash Cond": "(supplier.s_suppkey = partsupp.ps_suppkey)","Plans": [{"Node Type": "Nested Loop","Parent Relationship": "Outer","Parallel Aware": false,"Async Capable": false,"Join Type": "Inner","Startup Cost": 7.38,"Total Cost": 244.58,"Plan Rows": 400,"Plan Width": 55,"Actual Startup Time": 0.311,"Actual Total Time": 4.492,"Actual Rows": 438,"Actual Loops": 1,"Inner Unique": false,"Plans": [{"Node Type": "Seq Scan","Parent Relationship": "Outer","Parallel Aware": false,"Async Capable": false,"Relation Name": "nation","Alias": "nation","Startup Cost": 0.00,"Total Cost": 1.31,"Plan Rows": 1,"Plan Width": 4,"Actual Startup Time": 0.073,"Actual Total Time": 0.108,"Actual Rows": 1,"Actual Loops": 1,"Filter": "(n_name = 'IRAQ'::bpchar)","Rows Removed by Filter": 24},{"Node Type": "Bitmap Heap Scan","Parent Relationship": "Inner","Parallel Aware": false,"Async Capable": false,"Relation Name": "supplier","Alias": "supplier","Startup Cost": 7.38,"Total Cost": 239.27,"Plan Rows": 400,"Plan Width": 59,"Actual Startup Time": 0.231,"Actual Total Time": 4.320,"Actual Rows": 438,"Actual Loops": 1,"Recheck Cond": "(s_nationkey = nation.n_nationkey)","Rows Removed by Index Recheck": 0,"Exact Heap Blocks": 194,"Lossy Heap Blocks": 0,"Plans": [{"Node Type": "Bitmap Index Scan","Parent Relationship": "Outer","Parallel Aware": false,"Async Capable": false,"Index Name": "idx_supplier_nation_key","Startup Cost": 0.00,"Total Cost": 7.29,"Plan Rows": 400,"Plan Width": 0,"Actual Startup Time": 0.160,"Actual Total Time": 0.167,"Actual Rows": 438,"Actual Loops": 1,"Index Cond": "(s_nationkey = nation.n_nationkey)"}]}]},{"Node Type": "Hash","Parent Relationship": "Inner","Parallel Aware": false,"Async Capable": false,"Startup Cost": 88158.53,"Total Cost": 88158.53,"Plan Rows": 2694,"Plan Width": 4,"Actual Startup Time": 911.201,"Actual Total Time": 911.214,"Actual Rows": 6072,"Actual Loops": 1,"Hash Buckets": 8192,"Original Hash Buckets": 4096,"Hash Batches": 1,"Original Hash Batches": 1,"Peak Memory Usage": 278,"Plans": [{"Node Type": "Nested Loop","Parent Relationship": "Outer","Parallel Aware": false,"Async Capable": false,"Join Type": "Inner","Startup Cost": 0.42,"Total Cost": 88158.53,"Plan Rows": 2694,"Plan Width": 4,"Actual Startup Time": 0.519,"Actual Total Time": 906.300,"Actual Rows": 6072,"Actual Loops": 1,"Inner Unique": false,"Plans": [{"Node Type": "Seq Scan","Parent Relationship": "Outer","Parallel Aware": false,"Async Capable": false,"Relation Name": "part","Alias": "part","Startup Cost": 0.00,"Total Cost": 6597.00,"Plan Rows": 2020,"Plan Width": 4,"Actual Startup Time": 0.222,"Actual Total Time": 196.365,"Actual Rows": 2202,"Actual Loops": 1,"Filter": "((p_name)::text ~~ 'magenta%'::text)","Rows Removed by Filter": 197798},{"Node Type": "Index Scan","Parent Relationship": "Inner","Parallel Aware": false,"Async Capable": false,"Scan Direction": "Forward","Index Name": "idx_partsupp_partkey","Relation Name": "partsupp","Alias": "partsupp","Startup Cost": 0.42,"Total Cost": 40.36,"Plan Rows": 1,"Plan Width": 8,"Actual Startup Time": 0.134,"Actual Total Time": 0.322,"Actual Rows": 3,"Actual Loops": 2202,"Index Cond": "(ps_partkey = part.p_partkey)","Rows Removed by Index Recheck": 0,"Filter": "((ps_availqty)::numeric > (SubPlan 1))","Rows Removed by Filter": 1,"Plans": [{"Node Type": "Aggregate","Strategy": "Plain","Partial Mode": "Simple","Parent Relationship": "SubPlan","Subplan Name": "SubPlan 1","Parallel Aware": false,"Async Capable": false,"Startup Cost": 8.46,"Total Cost": 8.47,"Plan Rows": 1,"Plan Width": 32,"Actual Startup Time": 0.072,"Actual Total Time": 0.072,"Actual Rows": 1,"Actual Loops": 8808,"Plans": [{"Node Type": "Index Scan","Parent Relationship": "Outer","Parallel Aware": false,"Async Capable": false,"Scan Direction": "Forward","Index Name": "idx_lineitem_part_supp","Relation Name": "lineitem","Alias": "lineitem","Startup Cost": 0.43,"Total Cost": 8.46,"Plan Rows": 0,"Plan Width": 5,"Actual Startup Time": 0.044,"Actual Total Time": 0.071,"Actual Rows": 1,"Actual Loops": 8808,"Index Cond": "((l_partkey = partsupp.ps_partkey) AND (l_suppkey = partsupp.ps_suppkey))","Rows Removed by Index Recheck": 0,"Filter": "((l_shipdate >= '1996-01-01'::date) AND (l_shipdate < '1997-01-01 00:00:00'::timestamp without time zone))","Rows Removed by Filter": 6}]}]}]}]}]}]},"Planning Time": 5.874,"Triggers": [],"Execution Time": 916.511}]
[{"Plan": {"Node Type": "Sort","Parallel Aware": false,"Async Capable": false,"Startup Cost": 88442.96,"Total Cost": 88443.23,"Plan Rows": 108,"Plan Width": 51,"Actual Startup Time": 907.283,"Actual Total Time": 907.324,"Actual Rows": 173,"Actual Loops": 1,"Sort Key": ["supplier.s_name"],"Sort Method": "quicksort","Sort Space Used": 41,"Sort Space Type": "Memory","Plans": [{"Node Type": "Hash Join","Parent Relationship": "Outer","Parallel Aware": false,"Async Capable": false,"Join Type": "Semi","Startup Cost": 88199.59,"Total Cost": 88439.31,"Plan Rows": 108,"Plan Width": 51,"Actual Startup Time": 902.953,"Actual Total Time": 906.971,"Actual Rows": 173,"Actual Loops": 1,"Inner Unique": false,"Hash Cond": "(supplier.s_suppkey = partsupp.ps_suppkey)","Plans": [{"Node Type": "Nested Loop","Parent Relationship": "Outer","Parallel Aware": false,"Async Capable": false,"Join Type": "Inner","Startup Cost": 7.38,"Total Cost": 244.58,"Plan Rows": 400,"Plan Width": 55,"Actual Startup Time": 0.267,"Actual Total Time": 4.196,"Actual Rows": 406,"Actual Loops": 1,"Inner Unique": false,"Plans": [{"Node Type": "Seq Scan","Parent Relationship": "Outer","Parallel Aware": false,"Async Capable": false,"Relation Name": "nation","Alias": "nation","Startup Cost": 0.00,"Total Cost": 1.31,"Plan Rows": 1,"Plan Width": 4,"Actual Startup Time": 0.070,"Actual Total Time": 0.100,"Actual Rows": 1,"Actual Loops": 1,"Filter": "(n_name = 'MOZAMBIQUE'::bpchar)","Rows Removed by Filter": 24},{"Node Type": "Bitmap Heap Scan","Parent Relationship": "Inner","Parallel Aware": false,"Async Capable": false,"Relation Name": "supplier","Alias": "supplier","Startup Cost": 7.38,"Total Cost": 239.27,"Plan Rows": 400,"Plan Width": 59,"Actual Startup Time": 0.195,"Actual Total Time": 4.033,"Actual Rows": 406,"Actual Loops": 1,"Recheck Cond": "(s_nationkey = nation.n_nationkey)","Rows Removed by Index Recheck": 0,"Exact Heap Blocks": 186,"Lossy Heap Blocks": 0,"Plans": [{"Node Type": "Bitmap Index Scan","Parent Relationship": "Outer","Parallel Aware": false,"Async Capable": false,"Index Name": "idx_supplier_nation_key","Startup Cost": 0.00,"Total Cost": 7.29,"Plan Rows": 400,"Plan Width": 0,"Actual Startup Time": 0.128,"Actual Total Time": 0.132,"Actual Rows": 406,"Actual Loops": 1,"Index Cond": "(s_nationkey = nation.n_nationkey)"}]}]},{"Node Type": "Hash","Parent Relationship": "Inner","Parallel Aware": false,"Async Capable": false,"Startup Cost": 88158.53,"Total Cost": 88158.53,"Plan Rows": 2694,"Plan Width": 4,"Actual Startup Time": 902.614,"Actual Total Time": 902.626,"Actual Rows": 5757,"Actual Loops": 1,"Hash Buckets": 8192,"Original Hash Buckets": 4096,"Hash Batches": 1,"Original Hash Batches": 1,"Peak Memory Usage": 267,"Plans": [{"Node Type": "Nested Loop","Parent Relationship": "Outer","Parallel Aware": false,"Async Capable": false,"Join Type": "Inner","Startup Cost": 0.42,"Total Cost": 88158.53,"Plan Rows": 2694,"Plan Width": 4,"Actual Startup Time": 0.553,"Actual Total Time": 898.159,"Actual Rows": 5757,"Actual Loops": 1,"Inner Unique": false,"Plans": [{"Node Type": "Seq Scan","Parent Relationship": "Outer","Parallel Aware": false,"Async Capable": false,"Relation Name": "part","Alias": "part","Startup Cost": 0.00,"Total Cost": 6597.00,"Plan Rows": 2020,"Plan Width": 4,"Actual Startup Time": 0.039,"Actual Total Time": 201.993,"Actual Rows": 2150,"Actual Loops": 1,"Filter": "((p_name)::text ~~ 'goldenrod%'::text)","Rows Removed by Filter": 197850},{"Node Type": "Index Scan","Parent Relationship": "Inner","Parallel Aware": false,"Async Capable": false,"Scan Direction": "Forward","Index Name": "idx_partsupp_partkey","Relation Name": "partsupp","Alias": "partsupp","Startup Cost": 0.42,"Total Cost": 40.36,"Plan Rows": 1,"Plan Width": 8,"Actual Startup Time": 0.136,"Actual Total Time": 0.323,"Actual Rows": 3,"Actual Loops": 2150,"Index Cond": "(ps_partkey = part.p_partkey)","Rows Removed by Index Recheck": 0,"Filter": "((ps_availqty)::numeric > (SubPlan 1))","Rows Removed by Filter": 1,"Plans": [{"Node Type": "Aggregate","Strategy": "Plain","Partial Mode": "Simple","Parent Relationship": "SubPlan","Subplan Name": "SubPlan 1","Parallel Aware": false,"Async Capable": false,"Startup Cost": 8.46,"Total Cost": 8.47,"Plan Rows": 1,"Plan Width": 32,"Actual Startup Time": 0.072,"Actual Total Time": 0.072,"Actual Rows": 1,"Actual Loops": 8600,"Plans": [{"Node Type": "Index Scan","Parent Relationship": "Outer","Parallel Aware": false,"Async Capable": false,"Scan Direction": "Forward","Index Name": "idx_lineitem_part_supp","Relation Name": "lineitem","Alias": "lineitem","Startup Cost": 0.43,"Total Cost": 8.46,"Plan Rows": 0,"Plan Width": 5,"Actual Startup Time": 0.045,"Actual Total Time": 0.072,"Actual Rows": 1,"Actual Loops": 8600,"Index Cond": "((l_partkey = partsupp.ps_partkey) AND (l_suppkey = partsupp.ps_suppkey))","Rows Removed by Index Recheck": 0,"Filter": "((l_shipdate >= '1994-01-01'::date) AND (l_shipdate < '1995-01-01 00:00:00'::timestamp without time zone))","Rows Removed by Filter": 6}]}]}]}]}]}]},"Planning Time": 7.353,"Triggers": [],"Execution Time": 907.559}]
[{"Plan": {"Node Type": "Sort","Parallel Aware": false,"Async Capable": false,"Startup Cost": 88442.96,"Total Cost": 88443.23,"Plan Rows": 108,"Plan Width": 51,"Actual Startup Time": 943.969,"Actual Total Time": 944.004,"Actual Rows": 168,"Actual Loops": 1,"Sort Key": ["supplier.s_name"],"Sort Method": "quicksort","Sort Space Used": 40,"Sort Space Type": "Memory","Plans": [{"Node Type": "Hash Join","Parent Relationship": "Outer","Parallel Aware": false,"Async Capable": false,"Join Type": "Semi","Startup Cost": 88199.59,"Total Cost": 88439.31,"Plan Rows": 108,"Plan Width": 51,"Actual Startup Time": 939.516,"Actual Total Time": 943.666,"Actual Rows": 168,"Actual Loops": 1,"Inner Unique": false,"Hash Cond": "(supplier.s_suppkey = partsupp.ps_suppkey)","Plans": [{"Node Type": "Nested Loop","Parent Relationship": "Outer","Parallel Aware": false,"Async Capable": false,"Join Type": "Inner","Startup Cost": 7.38,"Total Cost": 244.58,"Plan Rows": 400,"Plan Width": 55,"Actual Startup Time": 0.241,"Actual Total Time": 4.301,"Actual Rows": 396,"Actual Loops": 1,"Inner Unique": false,"Plans": [{"Node Type": "Seq Scan","Parent Relationship": "Outer","Parallel Aware": false,"Async Capable": false,"Relation Name": "nation","Alias": "nation","Startup Cost": 0.00,"Total Cost": 1.31,"Plan Rows": 1,"Plan Width": 4,"Actual Startup Time": 0.060,"Actual Total Time": 0.077,"Actual Rows": 1,"Actual Loops": 1,"Filter": "(n_name = 'GERMANY'::bpchar)","Rows Removed by Filter": 24},{"Node Type": "Bitmap Heap Scan","Parent Relationship": "Inner","Parallel Aware": false,"Async Capable": false,"Relation Name": "supplier","Alias": "supplier","Startup Cost": 7.38,"Total Cost": 239.27,"Plan Rows": 400,"Plan Width": 59,"Actual Startup Time": 0.171,"Actual Total Time": 4.152,"Actual Rows": 396,"Actual Loops": 1,"Recheck Cond": "(s_nationkey = nation.n_nationkey)","Rows Removed by Index Recheck": 0,"Exact Heap Blocks": 191,"Lossy Heap Blocks": 0,"Plans": [{"Node Type": "Bitmap Index Scan","Parent Relationship": "Outer","Parallel Aware": false,"Async Capable": false,"Index Name": "idx_supplier_nation_key","Startup Cost": 0.00,"Total Cost": 7.29,"Plan Rows": 400,"Plan Width": 0,"Actual Startup Time": 0.107,"Actual Total Time": 0.109,"Actual Rows": 396,"Actual Loops": 1,"Index Cond": "(s_nationkey = nation.n_nationkey)"}]}]},{"Node Type": "Hash","Parent Relationship": "Inner","Parallel Aware": false,"Async Capable": false,"Startup Cost": 88158.53,"Total Cost": 88158.53,"Plan Rows": 2694,"Plan Width": 4,"Actual Startup Time": 939.169,"Actual Total Time": 939.180,"Actual Rows": 5476,"Actual Loops": 1,"Hash Buckets": 8192,"Original Hash Buckets": 4096,"Hash Batches": 1,"Original Hash Batches": 1,"Peak Memory Usage": 257,"Plans": [{"Node Type": "Nested Loop","Parent Relationship": "Outer","Parallel Aware": false,"Async Capable": false,"Join Type": "Inner","Startup Cost": 0.42,"Total Cost": 88158.53,"Plan Rows": 2694,"Plan Width": 4,"Actual Startup Time": 0.620,"Actual Total Time": 935.288,"Actual Rows": 5476,"Actual Loops": 1,"Inner Unique": false,"Plans": [{"Node Type": "Seq Scan","Parent Relationship": "Outer","Parallel Aware": false,"Async Capable": false,"Relation Name": "part","Alias": "part","Startup Cost": 0.00,"Total Cost": 6597.00,"Plan Rows": 2020,"Plan Width": 4,"Actual Startup Time": 0.215,"Actual Total Time": 179.998,"Actual Rows": 2071,"Actual Loops": 1,"Filter": "((p_name)::text ~~ 'steel%'::text)","Rows Removed by Filter": 197929},{"Node Type": "Index Scan","Parent Relationship": "Inner","Parallel Aware": false,"Async Capable": false,"Scan Direction": "Forward","Index Name": "idx_partsupp_partkey","Relation Name": "partsupp","Alias": "partsupp","Startup Cost": 0.42,"Total Cost": 40.36,"Plan Rows": 1,"Plan Width": 8,"Actual Startup Time": 0.157,"Actual Total Time": 0.364,"Actual Rows": 3,"Actual Loops": 2071,"Index Cond": "(ps_partkey = part.p_partkey)","Rows Removed by Index Recheck": 0,"Filter": "((ps_availqty)::numeric > (SubPlan 1))","Rows Removed by Filter": 1,"Plans": [{"Node Type": "Aggregate","Strategy": "Plain","Partial Mode": "Simple","Parent Relationship": "SubPlan","Subplan Name": "SubPlan 1","Parallel Aware": false,"Async Capable": false,"Startup Cost": 8.46,"Total Cost": 8.47,"Plan Rows": 1,"Plan Width": 32,"Actual Startup Time": 0.083,"Actual Total Time": 0.083,"Actual Rows": 1,"Actual Loops": 8284,"Plans": [{"Node Type": "Index Scan","Parent Relationship": "Outer","Parallel Aware": false,"Async Capable": false,"Scan Direction": "Forward","Index Name": "idx_lineitem_part_supp","Relation Name": "lineitem","Alias": "lineitem","Startup Cost": 0.43,"Total Cost": 8.46,"Plan Rows": 0,"Plan Width": 5,"Actual Startup Time": 0.051,"Actual Total Time": 0.082,"Actual Rows": 1,"Actual Loops": 8284,"Index Cond": "((l_partkey = partsupp.ps_partkey) AND (l_suppkey = partsupp.ps_suppkey))","Rows Removed by Index Recheck": 0,"Filter": "((l_shipdate >= '1993-01-01'::date) AND (l_shipdate < '1994-01-01 00:00:00'::timestamp without time zone))","Rows Removed by Filter": 6}]}]}]}]}]}]},"Planning Time": 5.984,"Triggers": [],"Execution Time": 944.293}]
[{"Plan": {"Node Type": "Sort","Parallel Aware": false,"Async Capable": false,"Startup Cost": 88442.96,"Total Cost": 88443.23,"Plan Rows": 108,"Plan Width": 51,"Actual Startup Time": 897.342,"Actual Total Time": 897.377,"Actual Rows": 157,"Actual Loops": 1,"Sort Key": ["supplier.s_name"],"Sort Method": "quicksort","Sort Space Used": 39,"Sort Space Type": "Memory","Plans": [{"Node Type": "Hash Join","Parent Relationship": "Outer","Parallel Aware": false,"Async Capable": false,"Join Type": "Semi","Startup Cost": 88199.59,"Total Cost": 88439.31,"Plan Rows": 108,"Plan Width": 51,"Actual Startup Time": 893.015,"Actual Total Time": 896.912,"Actual Rows": 157,"Actual Loops": 1,"Inner Unique": false,"Hash Cond": "(supplier.s_suppkey = partsupp.ps_suppkey)","Plans": [{"Node Type": "Nested Loop","Parent Relationship": "Outer","Parallel Aware": false,"Async Capable": false,"Join Type": "Inner","Startup Cost": 7.38,"Total Cost": 244.58,"Plan Rows": 400,"Plan Width": 55,"Actual Startup Time": 0.265,"Actual Total Time": 4.082,"Actual Rows": 377,"Actual Loops": 1,"Inner Unique": false,"Plans": [{"Node Type": "Seq Scan","Parent Relationship": "Outer","Parallel Aware": false,"Async Capable": false,"Relation Name": "nation","Alias": "nation","Startup Cost": 0.00,"Total Cost": 1.31,"Plan Rows": 1,"Plan Width": 4,"Actual Startup Time": 0.074,"Actual Total Time": 0.099,"Actual Rows": 1,"Actual Loops": 1,"Filter": "(n_name = 'JAPAN'::bpchar)","Rows Removed by Filter": 24},{"Node Type": "Bitmap Heap Scan","Parent Relationship": "Inner","Parallel Aware": false,"Async Capable": false,"Relation Name": "supplier","Alias": "supplier","Startup Cost": 7.38,"Total Cost": 239.27,"Plan Rows": 400,"Plan Width": 59,"Actual Startup Time": 0.186,"Actual Total Time": 3.920,"Actual Rows": 377,"Actual Loops": 1,"Recheck Cond": "(s_nationkey = nation.n_nationkey)","Rows Removed by Index Recheck": 0,"Exact Heap Blocks": 180,"Lossy Heap Blocks": 0,"Plans": [{"Node Type": "Bitmap Index Scan","Parent Relationship": "Outer","Parallel Aware": false,"Async Capable": false,"Index Name": "idx_supplier_nation_key","Startup Cost": 0.00,"Total Cost": 7.29,"Plan Rows": 400,"Plan Width": 0,"Actual Startup Time": 0.117,"Actual Total Time": 0.120,"Actual Rows": 377,"Actual Loops": 1,"Index Cond": "(s_nationkey = nation.n_nationkey)"}]}]},{"Node Type": "Hash","Parent Relationship": "Inner","Parallel Aware": false,"Async Capable": false,"Startup Cost": 88158.53,"Total Cost": 88158.53,"Plan Rows": 2694,"Plan Width": 4,"Actual Startup Time": 892.674,"Actual Total Time": 892.682,"Actual Rows": 5857,"Actual Loops": 1,"Hash Buckets": 8192,"Original Hash Buckets": 4096,"Hash Batches": 1,"Original Hash Batches": 1,"Peak Memory Usage": 270,"Plans": [{"Node Type": "Nested Loop","Parent Relationship": "Outer","Parallel Aware": false,"Async Capable": false,"Join Type": "Inner","Startup Cost": 0.42,"Total Cost": 88158.53,"Plan Rows": 2694,"Plan Width": 4,"Actual Startup Time": 0.558,"Actual Total Time": 888.202,"Actual Rows": 5857,"Actual Loops": 1,"Inner Unique": false,"Plans": [{"Node Type": "Seq Scan","Parent Relationship": "Outer","Parallel Aware": false,"Async Capable": false,"Relation Name": "part","Alias": "part","Startup Cost": 0.00,"Total Cost": 6597.00,"Plan Rows": 2020,"Plan Width": 4,"Actual Startup Time": 0.127,"Actual Total Time": 194.993,"Actual Rows": 2161,"Actual Loops": 1,"Filter": "((p_name)::text ~~ 'lime%'::text)","Rows Removed by Filter": 197839},{"Node Type": "Index Scan","Parent Relationship": "Inner","Parallel Aware": false,"Async Capable": false,"Scan Direction": "Forward","Index Name": "idx_partsupp_partkey","Relation Name": "partsupp","Alias": "partsupp","Startup Cost": 0.42,"Total Cost": 40.36,"Plan Rows": 1,"Plan Width": 8,"Actual Startup Time": 0.133,"Actual Total Time": 0.320,"Actual Rows": 3,"Actual Loops": 2161,"Index Cond": "(ps_partkey = part.p_partkey)","Rows Removed by Index Recheck": 0,"Filter": "((ps_availqty)::numeric > (SubPlan 1))","Rows Removed by Filter": 1,"Plans": [{"Node Type": "Aggregate","Strategy": "Plain","Partial Mode": "Simple","Parent Relationship": "SubPlan","Subplan Name": "SubPlan 1","Parallel Aware": false,"Async Capable": false,"Startup Cost": 8.46,"Total Cost": 8.47,"Plan Rows": 1,"Plan Width": 32,"Actual Startup Time": 0.072,"Actual Total Time": 0.072,"Actual Rows": 1,"Actual Loops": 8644,"Plans": [{"Node Type": "Index Scan","Parent Relationship": "Outer","Parallel Aware": false,"Async Capable": false,"Scan Direction": "Forward","Index Name": "idx_lineitem_part_supp","Relation Name": "lineitem","Alias": "lineitem","Startup Cost": 0.43,"Total Cost": 8.46,"Plan Rows": 0,"Plan Width": 5,"Actual Startup Time": 0.044,"Actual Total Time": 0.071,"Actual Rows": 1,"Actual Loops": 8644,"Index Cond": "((l_partkey = partsupp.ps_partkey) AND (l_suppkey = partsupp.ps_suppkey))","Rows Removed by Index Recheck": 0,"Filter": "((l_shipdate >= '1994-01-01'::date) AND (l_shipdate < '1995-01-01 00:00:00'::timestamp without time zone))","Rows Removed by Filter": 6}]}]}]}]}]}]},"Planning Time": 5.916,"Triggers": [],"Execution Time": 897.630}]
[{"Plan": {"Node Type": "Sort","Parallel Aware": false,"Async Capable": false,"Startup Cost": 88442.96,"Total Cost": 88443.23,"Plan Rows": 108,"Plan Width": 51,"Actual Startup Time": 895.865,"Actual Total Time": 895.907,"Actual Rows": 173,"Actual Loops": 1,"Sort Key": ["supplier.s_name"],"Sort Method": "quicksort","Sort Space Used": 41,"Sort Space Type": "Memory","Plans": [{"Node Type": "Hash Join","Parent Relationship": "Outer","Parallel Aware": false,"Async Capable": false,"Join Type": "Semi","Startup Cost": 88199.59,"Total Cost": 88439.31,"Plan Rows": 108,"Plan Width": 51,"Actual Startup Time": 891.591,"Actual Total Time": 895.580,"Actual Rows": 173,"Actual Loops": 1,"Inner Unique": false,"Hash Cond": "(supplier.s_suppkey = partsupp.ps_suppkey)","Plans": [{"Node Type": "Nested Loop","Parent Relationship": "Outer","Parallel Aware": false,"Async Capable": false,"Join Type": "Inner","Startup Cost": 7.38,"Total Cost": 244.58,"Plan Rows": 400,"Plan Width": 55,"Actual Startup Time": 0.251,"Actual Total Time": 4.079,"Actual Rows": 398,"Actual Loops": 1,"Inner Unique": false,"Plans": [{"Node Type": "Seq Scan","Parent Relationship": "Outer","Parallel Aware": false,"Async Capable": false,"Relation Name": "nation","Alias": "nation","Startup Cost": 0.00,"Total Cost": 1.31,"Plan Rows": 1,"Plan Width": 4,"Actual Startup Time": 0.076,"Actual Total Time": 0.094,"Actual Rows": 1,"Actual Loops": 1,"Filter": "(n_name = 'ROMANIA'::bpchar)","Rows Removed by Filter": 24},{"Node Type": "Bitmap Heap Scan","Parent Relationship": "Inner","Parallel Aware": false,"Async Capable": false,"Relation Name": "supplier","Alias": "supplier","Startup Cost": 7.38,"Total Cost": 239.27,"Plan Rows": 400,"Plan Width": 59,"Actual Startup Time": 0.167,"Actual Total Time": 3.922,"Actual Rows": 398,"Actual Loops": 1,"Recheck Cond": "(s_nationkey = nation.n_nationkey)","Rows Removed by Index Recheck": 0,"Exact Heap Blocks": 186,"Lossy Heap Blocks": 0,"Plans": [{"Node Type": "Bitmap Index Scan","Parent Relationship": "Outer","Parallel Aware": false,"Async Capable": false,"Index Name": "idx_supplier_nation_key","Startup Cost": 0.00,"Total Cost": 7.29,"Plan Rows": 400,"Plan Width": 0,"Actual Startup Time": 0.122,"Actual Total Time": 0.128,"Actual Rows": 398,"Actual Loops": 1,"Index Cond": "(s_nationkey = nation.n_nationkey)"}]}]},{"Node Type": "Hash","Parent Relationship": "Inner","Parallel Aware": false,"Async Capable": false,"Startup Cost": 88158.53,"Total Cost": 88158.53,"Plan Rows": 2694,"Plan Width": 4,"Actual Startup Time": 891.282,"Actual Total Time": 891.297,"Actual Rows": 5694,"Actual Loops": 1,"Hash Buckets": 8192,"Original Hash Buckets": 4096,"Hash Batches": 1,"Original Hash Batches": 1,"Peak Memory Usage": 265,"Plans": [{"Node Type": "Nested Loop","Parent Relationship": "Outer","Parallel Aware": false,"Async Capable": false,"Join Type": "Inner","Startup Cost": 0.42,"Total Cost": 88158.53,"Plan Rows": 2694,"Plan Width": 4,"Actual Startup Time": 0.489,"Actual Total Time": 887.106,"Actual Rows": 5694,"Actual Loops": 1,"Inner Unique": false,"Plans": [{"Node Type": "Seq Scan","Parent Relationship": "Outer","Parallel Aware": false,"Async Capable": false,"Relation Name": "part","Alias": "part","Startup Cost": 0.00,"Total Cost": 6597.00,"Plan Rows": 2020,"Plan Width": 4,"Actual Startup Time": 0.169,"Actual Total Time": 200.913,"Actual Rows": 2103,"Actual Loops": 1,"Filter": "((p_name)::text ~~ 'cornsilk%'::text)","Rows Removed by Filter": 197897},{"Node Type": "Index Scan","Parent Relationship": "Inner","Parallel Aware": false,"Async Capable": false,"Scan Direction": "Forward","Index Name": "idx_partsupp_partkey","Relation Name": "partsupp","Alias": "partsupp","Startup Cost": 0.42,"Total Cost": 40.36,"Plan Rows": 1,"Plan Width": 8,"Actual Startup Time": 0.139,"Actual Total Time": 0.326,"Actual Rows": 3,"Actual Loops": 2103,"Index Cond": "(ps_partkey = part.p_partkey)","Rows Removed by Index Recheck": 0,"Filter": "((ps_availqty)::numeric > (SubPlan 1))","Rows Removed by Filter": 1,"Plans": [{"Node Type": "Aggregate","Strategy": "Plain","Partial Mode": "Simple","Parent Relationship": "SubPlan","Subplan Name": "SubPlan 1","Parallel Aware": false,"Async Capable": false,"Startup Cost": 8.46,"Total Cost": 8.47,"Plan Rows": 1,"Plan Width": 32,"Actual Startup Time": 0.073,"Actual Total Time": 0.073,"Actual Rows": 1,"Actual Loops": 8412,"Plans": [{"Node Type": "Index Scan","Parent Relationship": "Outer","Parallel Aware": false,"Async Capable": false,"Scan Direction": "Forward","Index Name": "idx_lineitem_part_supp","Relation Name": "lineitem","Alias": "lineitem","Startup Cost": 0.43,"Total Cost": 8.46,"Plan Rows": 0,"Plan Width": 5,"Actual Startup Time": 0.045,"Actual Total Time": 0.072,"Actual Rows": 1,"Actual Loops": 8412,"Index Cond": "((l_partkey = partsupp.ps_partkey) AND (l_suppkey = partsupp.ps_suppkey))","Rows Removed by Index Recheck": 0,"Filter": "((l_shipdate >= '1995-01-01'::date) AND (l_shipdate < '1996-01-01 00:00:00'::timestamp without time zone))","Rows Removed by Filter": 6}]}]}]}]}]}]},"Planning Time": 7.497,"Triggers": [],"Execution Time": 896.134}]
[{"Plan": {"Node Type": "Sort","Parallel Aware": false,"Async Capable": false,"Startup Cost": 88442.96,"Total Cost": 88443.23,"Plan Rows": 108,"Plan Width": 51,"Actual Startup Time": 956.290,"Actual Total Time": 956.320,"Actual Rows": 170,"Actual Loops": 1,"Sort Key": ["supplier.s_name"],"Sort Method": "quicksort","Sort Space Used": 40,"Sort Space Type": "Memory","Plans": [{"Node Type": "Hash Join","Parent Relationship": "Outer","Parallel Aware": false,"Async Capable": false,"Join Type": "Semi","Startup Cost": 88199.59,"Total Cost": 88439.31,"Plan Rows": 108,"Plan Width": 51,"Actual Startup Time": 952.530,"Actual Total Time": 956.002,"Actual Rows": 170,"Actual Loops": 1,"Inner Unique": false,"Hash Cond": "(supplier.s_suppkey = partsupp.ps_suppkey)","Plans": [{"Node Type": "Nested Loop","Parent Relationship": "Outer","Parallel Aware": false,"Async Capable": false,"Join Type": "Inner","Startup Cost": 7.38,"Total Cost": 244.58,"Plan Rows": 400,"Plan Width": 55,"Actual Startup Time": 0.278,"Actual Total Time": 3.734,"Actual Rows": 362,"Actual Loops": 1,"Inner Unique": false,"Plans": [{"Node Type": "Seq Scan","Parent Relationship": "Outer","Parallel Aware": false,"Async Capable": false,"Relation Name": "nation","Alias": "nation","Startup Cost": 0.00,"Total Cost": 1.31,"Plan Rows": 1,"Plan Width": 4,"Actual Startup Time": 0.081,"Actual Total Time": 0.108,"Actual Rows": 1,"Actual Loops": 1,"Filter": "(n_name = 'JORDAN'::bpchar)","Rows Removed by Filter": 24},{"Node Type": "Bitmap Heap Scan","Parent Relationship": "Inner","Parallel Aware": false,"Async Capable": false,"Relation Name": "supplier","Alias": "supplier","Startup Cost": 7.38,"Total Cost": 239.27,"Plan Rows": 400,"Plan Width": 59,"Actual Startup Time": 0.191,"Actual Total Time": 3.564,"Actual Rows": 362,"Actual Loops": 1,"Recheck Cond": "(s_nationkey = nation.n_nationkey)","Rows Removed by Index Recheck": 0,"Exact Heap Blocks": 166,"Lossy Heap Blocks": 0,"Plans": [{"Node Type": "Bitmap Index Scan","Parent Relationship": "Outer","Parallel Aware": false,"Async Capable": false,"Index Name": "idx_supplier_nation_key","Startup Cost": 0.00,"Total Cost": 7.29,"Plan Rows": 400,"Plan Width": 0,"Actual Startup Time": 0.119,"Actual Total Time": 0.125,"Actual Rows": 362,"Actual Loops": 1,"Index Cond": "(s_nationkey = nation.n_nationkey)"}]}]},{"Node Type": "Hash","Parent Relationship": "Inner","Parallel Aware": false,"Async Capable": false,"Startup Cost": 88158.53,"Total Cost": 88158.53,"Plan Rows": 2694,"Plan Width": 4,"Actual Startup Time": 952.114,"Actual Total Time": 952.123,"Actual Rows": 5746,"Actual Loops": 1,"Hash Buckets": 8192,"Original Hash Buckets": 4096,"Hash Batches": 1,"Original Hash Batches": 1,"Peak Memory Usage": 267,"Plans": [{"Node Type": "Nested Loop","Parent Relationship": "Outer","Parallel Aware": false,"Async Capable": false,"Join Type": "Inner","Startup Cost": 0.42,"Total Cost": 88158.53,"Plan Rows": 2694,"Plan Width": 4,"Actual Startup Time": 0.837,"Actual Total Time": 948.075,"Actual Rows": 5746,"Actual Loops": 1,"Inner Unique": false,"Plans": [{"Node Type": "Seq Scan","Parent Relationship": "Outer","Parallel Aware": false,"Async Capable": false,"Relation Name": "part","Alias": "part","Startup Cost": 0.00,"Total Cost": 6597.00,"Plan Rows": 2020,"Plan Width": 4,"Actual Startup Time": 0.096,"Actual Total Time": 182.269,"Actual Rows": 2138,"Actual Loops": 1,"Filter": "((p_name)::text ~~ 'royal%'::text)","Rows Removed by Filter": 197862},{"Node Type": "Index Scan","Parent Relationship": "Inner","Parallel Aware": false,"Async Capable": false,"Scan Direction": "Forward","Index Name": "idx_partsupp_partkey","Relation Name": "partsupp","Alias": "partsupp","Startup Cost": 0.42,"Total Cost": 40.36,"Plan Rows": 1,"Plan Width": 8,"Actual Startup Time": 0.151,"Actual Total Time": 0.358,"Actual Rows": 3,"Actual Loops": 2138,"Index Cond": "(ps_partkey = part.p_partkey)","Rows Removed by Index Recheck": 0,"Filter": "((ps_availqty)::numeric > (SubPlan 1))","Rows Removed by Filter": 1,"Plans": [{"Node Type": "Aggregate","Strategy": "Plain","Partial Mode": "Simple","Parent Relationship": "SubPlan","Subplan Name": "SubPlan 1","Parallel Aware": false,"Async Capable": false,"Startup Cost": 8.46,"Total Cost": 8.47,"Plan Rows": 1,"Plan Width": 32,"Actual Startup Time": 0.081,"Actual Total Time": 0.081,"Actual Rows": 1,"Actual Loops": 8552,"Plans": [{"Node Type": "Index Scan","Parent Relationship": "Outer","Parallel Aware": false,"Async Capable": false,"Scan Direction": "Forward","Index Name": "idx_lineitem_part_supp","Relation Name": "lineitem","Alias": "lineitem","Startup Cost": 0.43,"Total Cost": 8.46,"Plan Rows": 0,"Plan Width": 5,"Actual Startup Time": 0.050,"Actual Total Time": 0.081,"Actual Rows": 1,"Actual Loops": 8552,"Index Cond": "((l_partkey = partsupp.ps_partkey) AND (l_suppkey = partsupp.ps_suppkey))","Rows Removed by Index Recheck": 0,"Filter": "((l_shipdate >= '1994-01-01'::date) AND (l_shipdate < '1995-01-01 00:00:00'::timestamp without time zone))","Rows Removed by Filter": 6}]}]}]}]}]}]},"Planning Time": 5.779,"Triggers": [],"Execution Time": 956.572}]
[{"Plan": {"Node Type": "Sort","Parallel Aware": false,"Async Capable": false,"Startup Cost": 88442.96,"Total Cost": 88443.23,"Plan Rows": 108,"Plan Width": 51,"Actual Startup Time": 901.116,"Actual Total Time": 901.158,"Actual Rows": 175,"Actual Loops": 1,"Sort Key": ["supplier.s_name"],"Sort Method": "quicksort","Sort Space Used": 41,"Sort Space Type": "Memory","Plans": [{"Node Type": "Hash Join","Parent Relationship": "Outer","Parallel Aware": false,"Async Capable": false,"Join Type": "Semi","Startup Cost": 88199.59,"Total Cost": 88439.31,"Plan Rows": 108,"Plan Width": 51,"Actual Startup Time": 897.119,"Actual Total Time": 900.799,"Actual Rows": 175,"Actual Loops": 1,"Inner Unique": false,"Hash Cond": "(supplier.s_suppkey = partsupp.ps_suppkey)","Plans": [{"Node Type": "Nested Loop","Parent Relationship": "Outer","Parallel Aware": false,"Async Capable": false,"Join Type": "Inner","Startup Cost": 7.38,"Total Cost": 244.58,"Plan Rows": 400,"Plan Width": 55,"Actual Startup Time": 0.314,"Actual Total Time": 3.890,"Actual Rows": 393,"Actual Loops": 1,"Inner Unique": false,"Plans": [{"Node Type": "Seq Scan","Parent Relationship": "Outer","Parallel Aware": false,"Async Capable": false,"Relation Name": "nation","Alias": "nation","Startup Cost": 0.00,"Total Cost": 1.31,"Plan Rows": 1,"Plan Width": 4,"Actual Startup Time": 0.071,"Actual Total Time": 0.106,"Actual Rows": 1,"Actual Loops": 1,"Filter": "(n_name = 'IRAN'::bpchar)","Rows Removed by Filter": 24},{"Node Type": "Bitmap Heap Scan","Parent Relationship": "Inner","Parallel Aware": false,"Async Capable": false,"Relation Name": "supplier","Alias": "supplier","Startup Cost": 7.38,"Total Cost": 239.27,"Plan Rows": 400,"Plan Width": 59,"Actual Startup Time": 0.231,"Actual Total Time": 3.702,"Actual Rows": 393,"Actual Loops": 1,"Recheck Cond": "(s_nationkey = nation.n_nationkey)","Rows Removed by Index Recheck": 0,"Exact Heap Blocks": 179,"Lossy Heap Blocks": 0,"Plans": [{"Node Type": "Bitmap Index Scan","Parent Relationship": "Outer","Parallel Aware": false,"Async Capable": false,"Index Name": "idx_supplier_nation_key","Startup Cost": 0.00,"Total Cost": 7.29,"Plan Rows": 400,"Plan Width": 0,"Actual Startup Time": 0.153,"Actual Total Time": 0.158,"Actual Rows": 393,"Actual Loops": 1,"Index Cond": "(s_nationkey = nation.n_nationkey)"}]}]},{"Node Type": "Hash","Parent Relationship": "Inner","Parallel Aware": false,"Async Capable": false,"Startup Cost": 88158.53,"Total Cost": 88158.53,"Plan Rows": 2694,"Plan Width": 4,"Actual Startup Time": 896.713,"Actual Total Time": 896.730,"Actual Rows": 6059,"Actual Loops": 1,"Hash Buckets": 8192,"Original Hash Buckets": 4096,"Hash Batches": 1,"Original Hash Batches": 1,"Peak Memory Usage": 278,"Plans": [{"Node Type": "Nested Loop","Parent Relationship": "Outer","Parallel Aware": false,"Async Capable": false,"Join Type": "Inner","Startup Cost": 0.42,"Total Cost": 88158.53,"Plan Rows": 2694,"Plan Width": 4,"Actual Startup Time": 0.577,"Actual Total Time": 892.001,"Actual Rows": 6059,"Actual Loops": 1,"Inner Unique": false,"Plans": [{"Node Type": "Seq Scan","Parent Relationship": "Outer","Parallel Aware": false,"Async Capable": false,"Relation Name": "part","Alias": "part","Startup Cost": 0.00,"Total Cost": 6597.00,"Plan Rows": 2020,"Plan Width": 4,"Actual Startup Time": 0.152,"Actual Total Time": 196.772,"Actual Rows": 2234,"Actual Loops": 1,"Filter": "((p_name)::text ~~ 'violet%'::text)","Rows Removed by Filter": 197766},{"Node Type": "Index Scan","Parent Relationship": "Inner","Parallel Aware": false,"Async Capable": false,"Scan Direction": "Forward","Index Name": "idx_partsupp_partkey","Relation Name": "partsupp","Alias": "partsupp","Startup Cost": 0.42,"Total Cost": 40.36,"Plan Rows": 1,"Plan Width": 8,"Actual Startup Time": 0.131,"Actual Total Time": 0.311,"Actual Rows": 3,"Actual Loops": 2234,"Index Cond": "(ps_partkey = part.p_partkey)","Rows Removed by Index Recheck": 0,"Filter": "((ps_availqty)::numeric > (SubPlan 1))","Rows Removed by Filter": 1,"Plans": [{"Node Type": "Aggregate","Strategy": "Plain","Partial Mode": "Simple","Parent Relationship": "SubPlan","Subplan Name": "SubPlan 1","Parallel Aware": false,"Async Capable": false,"Startup Cost": 8.46,"Total Cost": 8.47,"Plan Rows": 1,"Plan Width": 32,"Actual Startup Time": 0.070,"Actual Total Time": 0.070,"Actual Rows": 1,"Actual Loops": 8936,"Plans": [{"Node Type": "Index Scan","Parent Relationship": "Outer","Parallel Aware": false,"Async Capable": false,"Scan Direction": "Forward","Index Name": "idx_lineitem_part_supp","Relation Name": "lineitem","Alias": "lineitem","Startup Cost": 0.43,"Total Cost": 8.46,"Plan Rows": 0,"Plan Width": 5,"Actual Startup Time": 0.042,"Actual Total Time": 0.069,"Actual Rows": 1,"Actual Loops": 8936,"Index Cond": "((l_partkey = partsupp.ps_partkey) AND (l_suppkey = partsupp.ps_suppkey))","Rows Removed by Index Recheck": 0,"Filter": "((l_shipdate >= '1995-01-01'::date) AND (l_shipdate < '1996-01-01 00:00:00'::timestamp without time zone))","Rows Removed by Filter": 6}]}]}]}]}]}]},"Planning Time": 6.347,"Triggers": [],"Execution Time": 901.416}]
[{"Plan": {"Node Type": "Sort","Parallel Aware": false,"Async Capable": false,"Startup Cost": 88442.96,"Total Cost": 88443.23,"Plan Rows": 108,"Plan Width": 51,"Actual Startup Time": 974.240,"Actual Total Time": 974.280,"Actual Rows": 180,"Actual Loops": 1,"Sort Key": ["supplier.s_name"],"Sort Method": "quicksort","Sort Space Used": 41,"Sort Space Type": "Memory","Plans": [{"Node Type": "Hash Join","Parent Relationship": "Outer","Parallel Aware": false,"Async Capable": false,"Join Type": "Semi","Startup Cost": 88199.59,"Total Cost": 88439.31,"Plan Rows": 108,"Plan Width": 51,"Actual Startup Time": 969.770,"Actual Total Time": 973.930,"Actual Rows": 180,"Actual Loops": 1,"Inner Unique": false,"Hash Cond": "(supplier.s_suppkey = partsupp.ps_suppkey)","Plans": [{"Node Type": "Nested Loop","Parent Relationship": "Outer","Parallel Aware": false,"Async Capable": false,"Join Type": "Inner","Startup Cost": 7.38,"Total Cost": 244.58,"Plan Rows": 400,"Plan Width": 55,"Actual Startup Time": 0.266,"Actual Total Time": 4.345,"Actual Rows": 420,"Actual Loops": 1,"Inner Unique": false,"Plans": [{"Node Type": "Seq Scan","Parent Relationship": "Outer","Parallel Aware": false,"Async Capable": false,"Relation Name": "nation","Alias": "nation","Startup Cost": 0.00,"Total Cost": 1.31,"Plan Rows": 1,"Plan Width": 4,"Actual Startup Time": 0.065,"Actual Total Time": 0.102,"Actual Rows": 1,"Actual Loops": 1,"Filter": "(n_name = 'ALGERIA'::bpchar)","Rows Removed by Filter": 24},{"Node Type": "Bitmap Heap Scan","Parent Relationship": "Inner","Parallel Aware": false,"Async Capable": false,"Relation Name": "supplier","Alias": "supplier","Startup Cost": 7.38,"Total Cost": 239.27,"Plan Rows": 400,"Plan Width": 59,"Actual Startup Time": 0.198,"Actual Total Time": 4.171,"Actual Rows": 420,"Actual Loops": 1,"Recheck Cond": "(s_nationkey = nation.n_nationkey)","Rows Removed by Index Recheck": 0,"Exact Heap Blocks": 197,"Lossy Heap Blocks": 0,"Plans": [{"Node Type": "Bitmap Index Scan","Parent Relationship": "Outer","Parallel Aware": false,"Async Capable": false,"Index Name": "idx_supplier_nation_key","Startup Cost": 0.00,"Total Cost": 7.29,"Plan Rows": 400,"Plan Width": 0,"Actual Startup Time": 0.121,"Actual Total Time": 0.128,"Actual Rows": 420,"Actual Loops": 1,"Index Cond": "(s_nationkey = nation.n_nationkey)"}]}]},{"Node Type": "Hash","Parent Relationship": "Inner","Parallel Aware": false,"Async Capable": false,"Startup Cost": 88158.53,"Total Cost": 88158.53,"Plan Rows": 2694,"Plan Width": 4,"Actual Startup Time": 969.430,"Actual Total Time": 969.440,"Actual Rows": 5942,"Actual Loops": 1,"Hash Buckets": 8192,"Original Hash Buckets": 4096,"Hash Batches": 1,"Original Hash Batches": 1,"Peak Memory Usage": 273,"Plans": [{"Node Type": "Nested Loop","Parent Relationship": "Outer","Parallel Aware": false,"Async Capable": false,"Join Type": "Inner","Startup Cost": 0.42,"Total Cost": 88158.53,"Plan Rows": 2694,"Plan Width": 4,"Actual Startup Time": 0.586,"Actual Total Time": 964.751,"Actual Rows": 5942,"Actual Loops": 1,"Inner Unique": false,"Plans": [{"Node Type": "Seq Scan","Parent Relationship": "Outer","Parallel Aware": false,"Async Capable": false,"Relation Name": "part","Alias": "part","Startup Cost": 0.00,"Total Cost": 6597.00,"Plan Rows": 2020,"Plan Width": 4,"Actual Startup Time": 0.074,"Actual Total Time": 181.511,"Actual Rows": 2178,"Actual Loops": 1,"Filter": "((p_name)::text ~~ 'sandy%'::text)","Rows Removed by Filter": 197822},{"Node Type": "Index Scan","Parent Relationship": "Inner","Parallel Aware": false,"Async Capable": false,"Scan Direction": "Forward","Index Name": "idx_partsupp_partkey","Relation Name": "partsupp","Alias": "partsupp","Startup Cost": 0.42,"Total Cost": 40.36,"Plan Rows": 1,"Plan Width": 8,"Actual Startup Time": 0.150,"Actual Total Time": 0.359,"Actual Rows": 3,"Actual Loops": 2178,"Index Cond": "(ps_partkey = part.p_partkey)","Rows Removed by Index Recheck": 0,"Filter": "((ps_availqty)::numeric > (SubPlan 1))","Rows Removed by Filter": 1,"Plans": [{"Node Type": "Aggregate","Strategy": "Plain","Partial Mode": "Simple","Parent Relationship": "SubPlan","Subplan Name": "SubPlan 1","Parallel Aware": false,"Async Capable": false,"Startup Cost": 8.46,"Total Cost": 8.47,"Plan Rows": 1,"Plan Width": 32,"Actual Startup Time": 0.082,"Actual Total Time": 0.082,"Actual Rows": 1,"Actual Loops": 8712,"Plans": [{"Node Type": "Index Scan","Parent Relationship": "Outer","Parallel Aware": false,"Async Capable": false,"Scan Direction": "Forward","Index Name": "idx_lineitem_part_supp","Relation Name": "lineitem","Alias": "lineitem","Startup Cost": 0.43,"Total Cost": 8.46,"Plan Rows": 0,"Plan Width": 5,"Actual Startup Time": 0.049,"Actual Total Time": 0.081,"Actual Rows": 1,"Actual Loops": 8712,"Index Cond": "((l_partkey = partsupp.ps_partkey) AND (l_suppkey = partsupp.ps_suppkey))","Rows Removed by Index Recheck": 0,"Filter": "((l_shipdate >= '1994-01-01'::date) AND (l_shipdate < '1995-01-01 00:00:00'::timestamp without time zone))","Rows Removed by Filter": 6}]}]}]}]}]}]},"Planning Time": 6.572,"Triggers": [],"Execution Time": 974.522}]
[{"Plan": {"Node Type": "Sort","Parallel Aware": false,"Async Capable": false,"Startup Cost": 88442.96,"Total Cost": 88443.23,"Plan Rows": 108,"Plan Width": 51,"Actual Startup Time": 906.289,"Actual Total Time": 906.322,"Actual Rows": 172,"Actual Loops": 1,"Sort Key": ["supplier.s_name"],"Sort Method": "quicksort","Sort Space Used": 41,"Sort Space Type": "Memory","Plans": [{"Node Type": "Hash Join","Parent Relationship": "Outer","Parallel Aware": false,"Async Capable": false,"Join Type": "Semi","Startup Cost": 88199.59,"Total Cost": 88439.31,"Plan Rows": 108,"Plan Width": 51,"Actual Startup Time": 902.086,"Actual Total Time": 905.975,"Actual Rows": 172,"Actual Loops": 1,"Inner Unique": false,"Hash Cond": "(supplier.s_suppkey = partsupp.ps_suppkey)","Plans": [{"Node Type": "Nested Loop","Parent Relationship": "Outer","Parallel Aware": false,"Async Capable": false,"Join Type": "Inner","Startup Cost": 7.38,"Total Cost": 244.58,"Plan Rows": 400,"Plan Width": 55,"Actual Startup Time": 0.263,"Actual Total Time": 4.024,"Actual Rows": 411,"Actual Loops": 1,"Inner Unique": false,"Plans": [{"Node Type": "Seq Scan","Parent Relationship": "Outer","Parallel Aware": false,"Async Capable": false,"Relation Name": "nation","Alias": "nation","Startup Cost": 0.00,"Total Cost": 1.31,"Plan Rows": 1,"Plan Width": 4,"Actual Startup Time": 0.073,"Actual Total Time": 0.092,"Actual Rows": 1,"Actual Loops": 1,"Filter": "(n_name = 'SAUDI ARABIA'::bpchar)","Rows Removed by Filter": 24},{"Node Type": "Bitmap Heap Scan","Parent Relationship": "Inner","Parallel Aware": false,"Async Capable": false,"Relation Name": "supplier","Alias": "supplier","Startup Cost": 7.38,"Total Cost": 239.27,"Plan Rows": 400,"Plan Width": 59,"Actual Startup Time": 0.181,"Actual Total Time": 3.863,"Actual Rows": 411,"Actual Loops": 1,"Recheck Cond": "(s_nationkey = nation.n_nationkey)","Rows Removed by Index Recheck": 0,"Exact Heap Blocks": 182,"Lossy Heap Blocks": 0,"Plans": [{"Node Type": "Bitmap Index Scan","Parent Relationship": "Outer","Parallel Aware": false,"Async Capable": false,"Index Name": "idx_supplier_nation_key","Startup Cost": 0.00,"Total Cost": 7.29,"Plan Rows": 400,"Plan Width": 0,"Actual Startup Time": 0.107,"Actual Total Time": 0.111,"Actual Rows": 411,"Actual Loops": 1,"Index Cond": "(s_nationkey = nation.n_nationkey)"}]}]},{"Node Type": "Hash","Parent Relationship": "Inner","Parallel Aware": false,"Async Capable": false,"Startup Cost": 88158.53,"Total Cost": 88158.53,"Plan Rows": 2694,"Plan Width": 4,"Actual Startup Time": 901.765,"Actual Total Time": 901.778,"Actual Rows": 5864,"Actual Loops": 1,"Hash Buckets": 8192,"Original Hash Buckets": 4096,"Hash Batches": 1,"Original Hash Batches": 1,"Peak Memory Usage": 271,"Plans": [{"Node Type": "Nested Loop","Parent Relationship": "Outer","Parallel Aware": false,"Async Capable": false,"Join Type": "Inner","Startup Cost": 0.42,"Total Cost": 88158.53,"Plan Rows": 2694,"Plan Width": 4,"Actual Startup Time": 0.768,"Actual Total Time": 897.492,"Actual Rows": 5864,"Actual Loops": 1,"Inner Unique": false,"Plans": [{"Node Type": "Seq Scan","Parent Relationship": "Outer","Parallel Aware": false,"Async Capable": false,"Relation Name": "part","Alias": "part","Startup Cost": 0.00,"Total Cost": 6597.00,"Plan Rows": 2020,"Plan Width": 4,"Actual Startup Time": 0.118,"Actual Total Time": 195.992,"Actual Rows": 2186,"Actual Loops": 1,"Filter": "((p_name)::text ~~ 'purple%'::text)","Rows Removed by Filter": 197814},{"Node Type": "Index Scan","Parent Relationship": "Inner","Parallel Aware": false,"Async Capable": false,"Scan Direction": "Forward","Index Name": "idx_partsupp_partkey","Relation Name": "partsupp","Alias": "partsupp","Startup Cost": 0.42,"Total Cost": 40.36,"Plan Rows": 1,"Plan Width": 8,"Actual Startup Time": 0.137,"Actual Total Time": 0.320,"Actual Rows": 3,"Actual Loops": 2186,"Index Cond": "(ps_partkey = part.p_partkey)","Rows Removed by Index Recheck": 0,"Filter": "((ps_availqty)::numeric > (SubPlan 1))","Rows Removed by Filter": 1,"Plans": [{"Node Type": "Aggregate","Strategy": "Plain","Partial Mode": "Simple","Parent Relationship": "SubPlan","Subplan Name": "SubPlan 1","Parallel Aware": false,"Async Capable": false,"Startup Cost": 8.46,"Total Cost": 8.47,"Plan Rows": 1,"Plan Width": 32,"Actual Startup Time": 0.072,"Actual Total Time": 0.072,"Actual Rows": 1,"Actual Loops": 8744,"Plans": [{"Node Type": "Index Scan","Parent Relationship": "Outer","Parallel Aware": false,"Async Capable": false,"Scan Direction": "Forward","Index Name": "idx_lineitem_part_supp","Relation Name": "lineitem","Alias": "lineitem","Startup Cost": 0.43,"Total Cost": 8.46,"Plan Rows": 0,"Plan Width": 5,"Actual Startup Time": 0.044,"Actual Total Time": 0.071,"Actual Rows": 1,"Actual Loops": 8744,"Index Cond": "((l_partkey = partsupp.ps_partkey) AND (l_suppkey = partsupp.ps_suppkey))","Rows Removed by Index Recheck": 0,"Filter": "((l_shipdate >= '1997-01-01'::date) AND (l_shipdate < '1998-01-01 00:00:00'::timestamp without time zone))","Rows Removed by Filter": 6}]}]}]}]}]}]},"Planning Time": 6.212,"Triggers": [],"Execution Time": 906.575}]
[{"Plan": {"Node Type": "Sort","Parallel Aware": false,"Async Capable": false,"Startup Cost": 88442.96,"Total Cost": 88443.23,"Plan Rows": 108,"Plan Width": 51,"Actual Startup Time": 979.950,"Actual Total Time": 979.994,"Actual Rows": 193,"Actual Loops": 1,"Sort Key": ["supplier.s_name"],"Sort Method": "quicksort","Sort Space Used": 43,"Sort Space Type": "Memory","Plans": [{"Node Type": "Hash Join","Parent Relationship": "Outer","Parallel Aware": false,"Async Capable": false,"Join Type": "Semi","Startup Cost": 88199.59,"Total Cost": 88439.31,"Plan Rows": 108,"Plan Width": 51,"Actual Startup Time": 975.414,"Actual Total Time": 979.408,"Actual Rows": 193,"Actual Loops": 1,"Inner Unique": false,"Hash Cond": "(supplier.s_suppkey = partsupp.ps_suppkey)","Plans": [{"Node Type": "Nested Loop","Parent Relationship": "Outer","Parallel Aware": false,"Async Capable": false,"Join Type": "Inner","Startup Cost": 7.38,"Total Cost": 244.58,"Plan Rows": 400,"Plan Width": 55,"Actual Startup Time": 0.214,"Actual Total Time": 4.056,"Actual Rows": 402,"Actual Loops": 1,"Inner Unique": false,"Plans": [{"Node Type": "Seq Scan","Parent Relationship": "Outer","Parallel Aware": false,"Async Capable": false,"Relation Name": "nation","Alias": "nation","Startup Cost": 0.00,"Total Cost": 1.31,"Plan Rows": 1,"Plan Width": 4,"Actual Startup Time": 0.038,"Actual Total Time": 0.055,"Actual Rows": 1,"Actual Loops": 1,"Filter": "(n_name = 'FRANCE'::bpchar)","Rows Removed by Filter": 24},{"Node Type": "Bitmap Heap Scan","Parent Relationship": "Inner","Parallel Aware": false,"Async Capable": false,"Relation Name": "supplier","Alias": "supplier","Startup Cost": 7.38,"Total Cost": 239.27,"Plan Rows": 400,"Plan Width": 59,"Actual Startup Time": 0.169,"Actual Total Time": 3.933,"Actual Rows": 402,"Actual Loops": 1,"Recheck Cond": "(s_nationkey = nation.n_nationkey)","Rows Removed by Index Recheck": 0,"Exact Heap Blocks": 184,"Lossy Heap Blocks": 0,"Plans": [{"Node Type": "Bitmap Index Scan","Parent Relationship": "Outer","Parallel Aware": false,"Async Capable": false,"Index Name": "idx_supplier_nation_key","Startup Cost": 0.00,"Total Cost": 7.29,"Plan Rows": 400,"Plan Width": 0,"Actual Startup Time": 0.103,"Actual Total Time": 0.105,"Actual Rows": 402,"Actual Loops": 1,"Index Cond": "(s_nationkey = nation.n_nationkey)"}]}]},{"Node Type": "Hash","Parent Relationship": "Inner","Parallel Aware": false,"Async Capable": false,"Startup Cost": 88158.53,"Total Cost": 88158.53,"Plan Rows": 2694,"Plan Width": 4,"Actual Startup Time": 975.129,"Actual Total Time": 975.144,"Actual Rows": 5911,"Actual Loops": 1,"Hash Buckets": 8192,"Original Hash Buckets": 4096,"Hash Batches": 1,"Original Hash Batches": 1,"Peak Memory Usage": 272,"Plans": [{"Node Type": "Nested Loop","Parent Relationship": "Outer","Parallel Aware": false,"Async Capable": false,"Join Type": "Inner","Startup Cost": 0.42,"Total Cost": 88158.53,"Plan Rows": 2694,"Plan Width": 4,"Actual Startup Time": 0.647,"Actual Total Time": 970.587,"Actual Rows": 5911,"Actual Loops": 1,"Inner Unique": false,"Plans": [{"Node Type": "Seq Scan","Parent Relationship": "Outer","Parallel Aware": false,"Async Capable": false,"Relation Name": "part","Alias": "part","Startup Cost": 0.00,"Total Cost": 6597.00,"Plan Rows": 2020,"Plan Width": 4,"Actual Startup Time": 0.165,"Actual Total Time": 180.228,"Actual Rows": 2176,"Actual Loops": 1,"Filter": "((p_name)::text ~~ 'mint%'::text)","Rows Removed by Filter": 197824},{"Node Type": "Index Scan","Parent Relationship": "Inner","Parallel Aware": false,"Async Capable": false,"Scan Direction": "Forward","Index Name": "idx_partsupp_partkey","Relation Name": "partsupp","Alias": "partsupp","Startup Cost": 0.42,"Total Cost": 40.36,"Plan Rows": 1,"Plan Width": 8,"Actual Startup Time": 0.152,"Actual Total Time": 0.363,"Actual Rows": 3,"Actual Loops": 2176,"Index Cond": "(ps_partkey = part.p_partkey)","Rows Removed by Index Recheck": 0,"Filter": "((ps_availqty)::numeric > (SubPlan 1))","Rows Removed by Filter": 1,"Plans": [{"Node Type": "Aggregate","Strategy": "Plain","Partial Mode": "Simple","Parent Relationship": "SubPlan","Subplan Name": "SubPlan 1","Parallel Aware": false,"Async Capable": false,"Startup Cost": 8.46,"Total Cost": 8.47,"Plan Rows": 1,"Plan Width": 32,"Actual Startup Time": 0.082,"Actual Total Time": 0.082,"Actual Rows": 1,"Actual Loops": 8704,"Plans": [{"Node Type": "Index Scan","Parent Relationship": "Outer","Parallel Aware": false,"Async Capable": false,"Scan Direction": "Forward","Index Name": "idx_lineitem_part_supp","Relation Name": "lineitem","Alias": "lineitem","Startup Cost": 0.43,"Total Cost": 8.46,"Plan Rows": 0,"Plan Width": 5,"Actual Startup Time": 0.050,"Actual Total Time": 0.082,"Actual Rows": 1,"Actual Loops": 8704,"Index Cond": "((l_partkey = partsupp.ps_partkey) AND (l_suppkey = partsupp.ps_suppkey))","Rows Removed by Index Recheck": 0,"Filter": "((l_shipdate >= '1997-01-01'::date) AND (l_shipdate < '1998-01-01 00:00:00'::timestamp without time zone))","Rows Removed by Filter": 6}]}]}]}]}]}]},"Planning Time": 5.934,"Triggers": [],"Execution Time": 980.244}]
[{"Plan": {"Node Type": "Sort","Parallel Aware": false,"Async Capable": false,"Startup Cost": 88442.96,"Total Cost": 88443.23,"Plan Rows": 108,"Plan Width": 51,"Actual Startup Time": 877.606,"Actual Total Time": 877.641,"Actual Rows": 180,"Actual Loops": 1,"Sort Key": ["supplier.s_name"],"Sort Method": "quicksort","Sort Space Used": 41,"Sort Space Type": "Memory","Plans": [{"Node Type": "Hash Join","Parent Relationship": "Outer","Parallel Aware": false,"Async Capable": false,"Join Type": "Semi","Startup Cost": 88199.59,"Total Cost": 88439.31,"Plan Rows": 108,"Plan Width": 51,"Actual Startup Time": 873.228,"Actual Total Time": 877.299,"Actual Rows": 180,"Actual Loops": 1,"Inner Unique": false,"Hash Cond": "(supplier.s_suppkey = partsupp.ps_suppkey)","Plans": [{"Node Type": "Nested Loop","Parent Relationship": "Outer","Parallel Aware": false,"Async Capable": false,"Join Type": "Inner","Startup Cost": 7.38,"Total Cost": 244.58,"Plan Rows": 400,"Plan Width": 55,"Actual Startup Time": 0.281,"Actual Total Time": 4.244,"Actual Rows": 396,"Actual Loops": 1,"Inner Unique": false,"Plans": [{"Node Type": "Seq Scan","Parent Relationship": "Outer","Parallel Aware": false,"Async Capable": false,"Relation Name": "nation","Alias": "nation","Startup Cost": 0.00,"Total Cost": 1.31,"Plan Rows": 1,"Plan Width": 4,"Actual Startup Time": 0.074,"Actual Total Time": 0.105,"Actual Rows": 1,"Actual Loops": 1,"Filter": "(n_name = 'GERMANY'::bpchar)","Rows Removed by Filter": 24},{"Node Type": "Bitmap Heap Scan","Parent Relationship": "Inner","Parallel Aware": false,"Async Capable": false,"Relation Name": "supplier","Alias": "supplier","Startup Cost": 7.38,"Total Cost": 239.27,"Plan Rows": 400,"Plan Width": 59,"Actual Startup Time": 0.196,"Actual Total Time": 4.064,"Actual Rows": 396,"Actual Loops": 1,"Recheck Cond": "(s_nationkey = nation.n_nationkey)","Rows Removed by Index Recheck": 0,"Exact Heap Blocks": 191,"Lossy Heap Blocks": 0,"Plans": [{"Node Type": "Bitmap Index Scan","Parent Relationship": "Outer","Parallel Aware": false,"Async Capable": false,"Index Name": "idx_supplier_nation_key","Startup Cost": 0.00,"Total Cost": 7.29,"Plan Rows": 400,"Plan Width": 0,"Actual Startup Time": 0.108,"Actual Total Time": 0.111,"Actual Rows": 396,"Actual Loops": 1,"Index Cond": "(s_nationkey = nation.n_nationkey)"}]}]},{"Node Type": "Hash","Parent Relationship": "Inner","Parallel Aware": false,"Async Capable": false,"Startup Cost": 88158.53,"Total Cost": 88158.53,"Plan Rows": 2694,"Plan Width": 4,"Actual Startup Time": 872.852,"Actual Total Time": 872.861,"Actual Rows": 5582,"Actual Loops": 1,"Hash Buckets": 8192,"Original Hash Buckets": 4096,"Hash Batches": 1,"Original Hash Batches": 1,"Peak Memory Usage": 261,"Plans": [{"Node Type": "Nested Loop","Parent Relationship": "Outer","Parallel Aware": false,"Async Capable": false,"Join Type": "Inner","Startup Cost": 0.42,"Total Cost": 88158.53,"Plan Rows": 2694,"Plan Width": 4,"Actual Startup Time": 0.689,"Actual Total Time": 868.440,"Actual Rows": 5582,"Actual Loops": 1,"Inner Unique": false,"Plans": [{"Node Type": "Seq Scan","Parent Relationship": "Outer","Parallel Aware": false,"Async Capable": false,"Relation Name": "part","Alias": "part","Startup Cost": 0.00,"Total Cost": 6597.00,"Plan Rows": 2020,"Plan Width": 4,"Actual Startup Time": 0.234,"Actual Total Time": 195.436,"Actual Rows": 2071,"Actual Loops": 1,"Filter": "((p_name)::text ~~ 'steel%'::text)","Rows Removed by Filter": 197929},{"Node Type": "Index Scan","Parent Relationship": "Inner","Parallel Aware": false,"Async Capable": false,"Scan Direction": "Forward","Index Name": "idx_partsupp_partkey","Relation Name": "partsupp","Alias": "partsupp","Startup Cost": 0.42,"Total Cost": 40.36,"Plan Rows": 1,"Plan Width": 8,"Actual Startup Time": 0.138,"Actual Total Time": 0.324,"Actual Rows": 3,"Actual Loops": 2071,"Index Cond": "(ps_partkey = part.p_partkey)","Rows Removed by Index Recheck": 0,"Filter": "((ps_availqty)::numeric > (SubPlan 1))","Rows Removed by Filter": 1,"Plans": [{"Node Type": "Aggregate","Strategy": "Plain","Partial Mode": "Simple","Parent Relationship": "SubPlan","Subplan Name": "SubPlan 1","Parallel Aware": false,"Async Capable": false,"Startup Cost": 8.46,"Total Cost": 8.47,"Plan Rows": 1,"Plan Width": 32,"Actual Startup Time": 0.073,"Actual Total Time": 0.073,"Actual Rows": 1,"Actual Loops": 8284,"Plans": [{"Node Type": "Index Scan","Parent Relationship": "Outer","Parallel Aware": false,"Async Capable": false,"Scan Direction": "Forward","Index Name": "idx_lineitem_part_supp","Relation Name": "lineitem","Alias": "lineitem","Startup Cost": 0.43,"Total Cost": 8.46,"Plan Rows": 0,"Plan Width": 5,"Actual Startup Time": 0.045,"Actual Total Time": 0.072,"Actual Rows": 1,"Actual Loops": 8284,"Index Cond": "((l_partkey = partsupp.ps_partkey) AND (l_suppkey = partsupp.ps_suppkey))","Rows Removed by Index Recheck": 0,"Filter": "((l_shipdate >= '1996-01-01'::date) AND (l_shipdate < '1997-01-01 00:00:00'::timestamp without time zone))","Rows Removed by Filter": 6}]}]}]}]}]}]},"Planning Time": 6.435,"Triggers": [],"Execution Time": 877.910}]
[{"Plan": {"Node Type": "Sort","Parallel Aware": false,"Async Capable": false,"Startup Cost": 88442.96,"Total Cost": 88443.23,"Plan Rows": 108,"Plan Width": 51,"Actual Startup Time": 912.283,"Actual Total Time": 912.317,"Actual Rows": 184,"Actual Loops": 1,"Sort Key": ["supplier.s_name"],"Sort Method": "quicksort","Sort Space Used": 41,"Sort Space Type": "Memory","Plans": [{"Node Type": "Hash Join","Parent Relationship": "Outer","Parallel Aware": false,"Async Capable": false,"Join Type": "Semi","Startup Cost": 88199.59,"Total Cost": 88439.31,"Plan Rows": 108,"Plan Width": 51,"Actual Startup Time": 907.865,"Actual Total Time": 911.937,"Actual Rows": 184,"Actual Loops": 1,"Inner Unique": false,"Hash Cond": "(supplier.s_suppkey = partsupp.ps_suppkey)","Plans": [{"Node Type": "Nested Loop","Parent Relationship": "Outer","Parallel Aware": false,"Async Capable": false,"Join Type": "Inner","Startup Cost": 7.38,"Total Cost": 244.58,"Plan Rows": 400,"Plan Width": 55,"Actual Startup Time": 0.279,"Actual Total Time": 4.261,"Actual Rows": 401,"Actual Loops": 1,"Inner Unique": false,"Plans": [{"Node Type": "Seq Scan","Parent Relationship": "Outer","Parallel Aware": false,"Async Capable": false,"Relation Name": "nation","Alias": "nation","Startup Cost": 0.00,"Total Cost": 1.31,"Plan Rows": 1,"Plan Width": 4,"Actual Startup Time": 0.069,"Actual Total Time": 0.088,"Actual Rows": 1,"Actual Loops": 1,"Filter": "(n_name = 'RUSSIA'::bpchar)","Rows Removed by Filter": 24},{"Node Type": "Bitmap Heap Scan","Parent Relationship": "Inner","Parallel Aware": false,"Async Capable": false,"Relation Name": "supplier","Alias": "supplier","Startup Cost": 7.38,"Total Cost": 239.27,"Plan Rows": 400,"Plan Width": 59,"Actual Startup Time": 0.202,"Actual Total Time": 4.103,"Actual Rows": 401,"Actual Loops": 1,"Recheck Cond": "(s_nationkey = nation.n_nationkey)","Rows Removed by Index Recheck": 0,"Exact Heap Blocks": 180,"Lossy Heap Blocks": 0,"Plans": [{"Node Type": "Bitmap Index Scan","Parent Relationship": "Outer","Parallel Aware": false,"Async Capable": false,"Index Name": "idx_supplier_nation_key","Startup Cost": 0.00,"Total Cost": 7.29,"Plan Rows": 400,"Plan Width": 0,"Actual Startup Time": 0.139,"Actual Total Time": 0.144,"Actual Rows": 401,"Actual Loops": 1,"Index Cond": "(s_nationkey = nation.n_nationkey)"}]}]},{"Node Type": "Hash","Parent Relationship": "Inner","Parallel Aware": false,"Async Capable": false,"Startup Cost": 88158.53,"Total Cost": 88158.53,"Plan Rows": 2694,"Plan Width": 4,"Actual Startup Time": 907.501,"Actual Total Time": 907.508,"Actual Rows": 5973,"Actual Loops": 1,"Hash Buckets": 8192,"Original Hash Buckets": 4096,"Hash Batches": 1,"Original Hash Batches": 1,"Peak Memory Usage": 274,"Plans": [{"Node Type": "Nested Loop","Parent Relationship": "Outer","Parallel Aware": false,"Async Capable": false,"Join Type": "Inner","Startup Cost": 0.42,"Total Cost": 88158.53,"Plan Rows": 2694,"Plan Width": 4,"Actual Startup Time": 0.865,"Actual Total Time": 902.718,"Actual Rows": 5973,"Actual Loops": 1,"Inner Unique": false,"Plans": [{"Node Type": "Seq Scan","Parent Relationship": "Outer","Parallel Aware": false,"Async Capable": false,"Relation Name": "part","Alias": "part","Startup Cost": 0.00,"Total Cost": 6597.00,"Plan Rows": 2020,"Plan Width": 4,"Actual Startup Time": 0.057,"Actual Total Time": 202.789,"Actual Rows": 2190,"Actual Loops": 1,"Filter": "((p_name)::text ~~ 'beige%'::text)","Rows Removed by Filter": 197810},{"Node Type": "Index Scan","Parent Relationship": "Inner","Parallel Aware": false,"Async Capable": false,"Scan Direction": "Forward","Index Name": "idx_partsupp_partkey","Relation Name": "partsupp","Alias": "partsupp","Startup Cost": 0.42,"Total Cost": 40.36,"Plan Rows": 1,"Plan Width": 8,"Actual Startup Time": 0.135,"Actual Total Time": 0.319,"Actual Rows": 3,"Actual Loops": 2190,"Index Cond": "(ps_partkey = part.p_partkey)","Rows Removed by Index Recheck": 0,"Filter": "((ps_availqty)::numeric > (SubPlan 1))","Rows Removed by Filter": 1,"Plans": [{"Node Type": "Aggregate","Strategy": "Plain","Partial Mode": "Simple","Parent Relationship": "SubPlan","Subplan Name": "SubPlan 1","Parallel Aware": false,"Async Capable": false,"Startup Cost": 8.46,"Total Cost": 8.47,"Plan Rows": 1,"Plan Width": 32,"Actual Startup Time": 0.071,"Actual Total Time": 0.071,"Actual Rows": 1,"Actual Loops": 8760,"Plans": [{"Node Type": "Index Scan","Parent Relationship": "Outer","Parallel Aware": false,"Async Capable": false,"Scan Direction": "Forward","Index Name": "idx_lineitem_part_supp","Relation Name": "lineitem","Alias": "lineitem","Startup Cost": 0.43,"Total Cost": 8.46,"Plan Rows": 0,"Plan Width": 5,"Actual Startup Time": 0.044,"Actual Total Time": 0.071,"Actual Rows": 1,"Actual Loops": 8760,"Index Cond": "((l_partkey = partsupp.ps_partkey) AND (l_suppkey = partsupp.ps_suppkey))","Rows Removed by Index Recheck": 0,"Filter": "((l_shipdate >= '1995-01-01'::date) AND (l_shipdate < '1996-01-01 00:00:00'::timestamp without time zone))","Rows Removed by Filter": 6}]}]}]}]}]}]},"Planning Time": 5.411,"Triggers": [],"Execution Time": 912.553}]
[{"Plan": {"Node Type": "Sort","Parallel Aware": false,"Async Capable": false,"Startup Cost": 88442.96,"Total Cost": 88443.23,"Plan Rows": 108,"Plan Width": 51,"Actual Startup Time": 913.795,"Actual Total Time": 913.836,"Actual Rows": 195,"Actual Loops": 1,"Sort Key": ["supplier.s_name"],"Sort Method": "quicksort","Sort Space Used": 43,"Sort Space Type": "Memory","Plans": [{"Node Type": "Hash Join","Parent Relationship": "Outer","Parallel Aware": false,"Async Capable": false,"Join Type": "Semi","Startup Cost": 88199.59,"Total Cost": 88439.31,"Plan Rows": 108,"Plan Width": 51,"Actual Startup Time": 909.404,"Actual Total Time": 913.444,"Actual Rows": 195,"Actual Loops": 1,"Inner Unique": false,"Hash Cond": "(supplier.s_suppkey = partsupp.ps_suppkey)","Plans": [{"Node Type": "Nested Loop","Parent Relationship": "Outer","Parallel Aware": false,"Async Capable": false,"Join Type": "Inner","Startup Cost": 7.38,"Total Cost": 244.58,"Plan Rows": 400,"Plan Width": 55,"Actual Startup Time": 0.255,"Actual Total Time": 4.221,"Actual Rows": 406,"Actual Loops": 1,"Inner Unique": false,"Plans": [{"Node Type": "Seq Scan","Parent Relationship": "Outer","Parallel Aware": false,"Async Capable": false,"Relation Name": "nation","Alias": "nation","Startup Cost": 0.00,"Total Cost": 1.31,"Plan Rows": 1,"Plan Width": 4,"Actual Startup Time": 0.063,"Actual Total Time": 0.088,"Actual Rows": 1,"Actual Loops": 1,"Filter": "(n_name = 'MOZAMBIQUE'::bpchar)","Rows Removed by Filter": 24},{"Node Type": "Bitmap Heap Scan","Parent Relationship": "Inner","Parallel Aware": false,"Async Capable": false,"Relation Name": "supplier","Alias": "supplier","Startup Cost": 7.38,"Total Cost": 239.27,"Plan Rows": 400,"Plan Width": 59,"Actual Startup Time": 0.189,"Actual Total Time": 4.074,"Actual Rows": 406,"Actual Loops": 1,"Recheck Cond": "(s_nationkey = nation.n_nationkey)","Rows Removed by Index Recheck": 0,"Exact Heap Blocks": 186,"Lossy Heap Blocks": 0,"Plans": [{"Node Type": "Bitmap Index Scan","Parent Relationship": "Outer","Parallel Aware": false,"Async Capable": false,"Index Name": "idx_supplier_nation_key","Startup Cost": 0.00,"Total Cost": 7.29,"Plan Rows": 400,"Plan Width": 0,"Actual Startup Time": 0.128,"Actual Total Time": 0.133,"Actual Rows": 406,"Actual Loops": 1,"Index Cond": "(s_nationkey = nation.n_nationkey)"}]}]},{"Node Type": "Hash","Parent Relationship": "Inner","Parallel Aware": false,"Async Capable": false,"Startup Cost": 88158.53,"Total Cost": 88158.53,"Plan Rows": 2694,"Plan Width": 4,"Actual Startup Time": 909.061,"Actual Total Time": 909.070,"Actual Rows": 5937,"Actual Loops": 1,"Hash Buckets": 8192,"Original Hash Buckets": 4096,"Hash Batches": 1,"Original Hash Batches": 1,"Peak Memory Usage": 273,"Plans": [{"Node Type": "Nested Loop","Parent Relationship": "Outer","Parallel Aware": false,"Async Capable": false,"Join Type": "Inner","Startup Cost": 0.42,"Total Cost": 88158.53,"Plan Rows": 2694,"Plan Width": 4,"Actual Startup Time": 0.584,"Actual Total Time": 904.578,"Actual Rows": 5937,"Actual Loops": 1,"Inner Unique": false,"Plans": [{"Node Type": "Seq Scan","Parent Relationship": "Outer","Parallel Aware": false,"Async Capable": false,"Relation Name": "part","Alias": "part","Startup Cost": 0.00,"Total Cost": 6597.00,"Plan Rows": 2020,"Plan Width": 4,"Actual Startup Time": 0.177,"Actual Total Time": 202.926,"Actual Rows": 2184,"Actual Loops": 1,"Filter": "((p_name)::text ~~ 'powder%'::text)","Rows Removed by Filter": 197816},{"Node Type": "Index Scan","Parent Relationship": "Inner","Parallel Aware": false,"Async Capable": false,"Scan Direction": "Forward","Index Name": "idx_partsupp_partkey","Relation Name": "partsupp","Alias": "partsupp","Startup Cost": 0.42,"Total Cost": 40.36,"Plan Rows": 1,"Plan Width": 8,"Actual Startup Time": 0.135,"Actual Total Time": 0.321,"Actual Rows": 3,"Actual Loops": 2184,"Index Cond": "(ps_partkey = part.p_partkey)","Rows Removed by Index Recheck": 0,"Filter": "((ps_availqty)::numeric > (SubPlan 1))","Rows Removed by Filter": 1,"Plans": [{"Node Type": "Aggregate","Strategy": "Plain","Partial Mode": "Simple","Parent Relationship": "SubPlan","Subplan Name": "SubPlan 1","Parallel Aware": false,"Async Capable": false,"Startup Cost": 8.46,"Total Cost": 8.47,"Plan Rows": 1,"Plan Width": 32,"Actual Startup Time": 0.072,"Actual Total Time": 0.072,"Actual Rows": 1,"Actual Loops": 8736,"Plans": [{"Node Type": "Index Scan","Parent Relationship": "Outer","Parallel Aware": false,"Async Capable": false,"Scan Direction": "Forward","Index Name": "idx_lineitem_part_supp","Relation Name": "lineitem","Alias": "lineitem","Startup Cost": 0.43,"Total Cost": 8.46,"Plan Rows": 0,"Plan Width": 5,"Actual Startup Time": 0.044,"Actual Total Time": 0.071,"Actual Rows": 1,"Actual Loops": 8736,"Index Cond": "((l_partkey = partsupp.ps_partkey) AND (l_suppkey = partsupp.ps_suppkey))","Rows Removed by Index Recheck": 0,"Filter": "((l_shipdate >= '1995-01-01'::date) AND (l_shipdate < '1996-01-01 00:00:00'::timestamp without time zone))","Rows Removed by Filter": 6}]}]}]}]}]}]},"Planning Time": 7.009,"Triggers": [],"Execution Time": 914.083}]
[{"Plan": {"Node Type": "Sort","Parallel Aware": false,"Async Capable": false,"Startup Cost": 88442.96,"Total Cost": 88443.23,"Plan Rows": 108,"Plan Width": 51,"Actual Startup Time": 965.568,"Actual Total Time": 965.596,"Actual Rows": 185,"Actual Loops": 1,"Sort Key": ["supplier.s_name"],"Sort Method": "quicksort","Sort Space Used": 42,"Sort Space Type": "Memory","Plans": [{"Node Type": "Hash Join","Parent Relationship": "Outer","Parallel Aware": false,"Async Capable": false,"Join Type": "Semi","Startup Cost": 88199.59,"Total Cost": 88439.31,"Plan Rows": 108,"Plan Width": 51,"Actual Startup Time": 961.057,"Actual Total Time": 965.241,"Actual Rows": 185,"Actual Loops": 1,"Inner Unique": false,"Hash Cond": "(supplier.s_suppkey = partsupp.ps_suppkey)","Plans": [{"Node Type": "Nested Loop","Parent Relationship": "Outer","Parallel Aware": false,"Async Capable": false,"Join Type": "Inner","Startup Cost": 7.38,"Total Cost": 244.58,"Plan Rows": 400,"Plan Width": 55,"Actual Startup Time": 0.281,"Actual Total Time": 4.342,"Actual Rows": 405,"Actual Loops": 1,"Inner Unique": false,"Plans": [{"Node Type": "Seq Scan","Parent Relationship": "Outer","Parallel Aware": false,"Async Capable": false,"Relation Name": "nation","Alias": "nation","Startup Cost": 0.00,"Total Cost": 1.31,"Plan Rows": 1,"Plan Width": 4,"Actual Startup Time": 0.077,"Actual Total Time": 0.109,"Actual Rows": 1,"Actual Loops": 1,"Filter": "(n_name = 'INDONESIA'::bpchar)","Rows Removed by Filter": 24},{"Node Type": "Bitmap Heap Scan","Parent Relationship": "Inner","Parallel Aware": false,"Async Capable": false,"Relation Name": "supplier","Alias": "supplier","Startup Cost": 7.38,"Total Cost": 239.27,"Plan Rows": 400,"Plan Width": 59,"Actual Startup Time": 0.193,"Actual Total Time": 4.172,"Actual Rows": 405,"Actual Loops": 1,"Recheck Cond": "(s_nationkey = nation.n_nationkey)","Rows Removed by Index Recheck": 0,"Exact Heap Blocks": 192,"Lossy Heap Blocks": 0,"Plans": [{"Node Type": "Bitmap Index Scan","Parent Relationship": "Outer","Parallel Aware": false,"Async Capable": false,"Index Name": "idx_supplier_nation_key","Startup Cost": 0.00,"Total Cost": 7.29,"Plan Rows": 400,"Plan Width": 0,"Actual Startup Time": 0.130,"Actual Total Time": 0.133,"Actual Rows": 405,"Actual Loops": 1,"Index Cond": "(s_nationkey = nation.n_nationkey)"}]}]},{"Node Type": "Hash","Parent Relationship": "Inner","Parallel Aware": false,"Async Capable": false,"Startup Cost": 88158.53,"Total Cost": 88158.53,"Plan Rows": 2694,"Plan Width": 4,"Actual Startup Time": 960.701,"Actual Total Time": 960.712,"Actual Rows": 5787,"Actual Loops": 1,"Hash Buckets": 8192,"Original Hash Buckets": 4096,"Hash Batches": 1,"Original Hash Batches": 1,"Peak Memory Usage": 268,"Plans": [{"Node Type": "Nested Loop","Parent Relationship": "Outer","Parallel Aware": false,"Async Capable": false,"Join Type": "Inner","Startup Cost": 0.42,"Total Cost": 88158.53,"Plan Rows": 2694,"Plan Width": 4,"Actual Startup Time": 0.595,"Actual Total Time": 956.842,"Actual Rows": 5787,"Actual Loops": 1,"Inner Unique": false,"Plans": [{"Node Type": "Seq Scan","Parent Relationship": "Outer","Parallel Aware": false,"Async Capable": false,"Relation Name": "part","Alias": "part","Startup Cost": 0.00,"Total Cost": 6597.00,"Plan Rows": 2020,"Plan Width": 4,"Actual Startup Time": 0.078,"Actual Total Time": 182.388,"Actual Rows": 2146,"Actual Loops": 1,"Filter": "((p_name)::text ~~ 'chocolate%'::text)","Rows Removed by Filter": 197854},{"Node Type": "Index Scan","Parent Relationship": "Inner","Parallel Aware": false,"Async Capable": false,"Scan Direction": "Forward","Index Name": "idx_partsupp_partkey","Relation Name": "partsupp","Alias": "partsupp","Startup Cost": 0.42,"Total Cost": 40.36,"Plan Rows": 1,"Plan Width": 8,"Actual Startup Time": 0.152,"Actual Total Time": 0.360,"Actual Rows": 3,"Actual Loops": 2146,"Index Cond": "(ps_partkey = part.p_partkey)","Rows Removed by Index Recheck": 0,"Filter": "((ps_availqty)::numeric > (SubPlan 1))","Rows Removed by Filter": 1,"Plans": [{"Node Type": "Aggregate","Strategy": "Plain","Partial Mode": "Simple","Parent Relationship": "SubPlan","Subplan Name": "SubPlan 1","Parallel Aware": false,"Async Capable": false,"Startup Cost": 8.46,"Total Cost": 8.47,"Plan Rows": 1,"Plan Width": 32,"Actual Startup Time": 0.082,"Actual Total Time": 0.082,"Actual Rows": 1,"Actual Loops": 8584,"Plans": [{"Node Type": "Index Scan","Parent Relationship": "Outer","Parallel Aware": false,"Async Capable": false,"Scan Direction": "Forward","Index Name": "idx_lineitem_part_supp","Relation Name": "lineitem","Alias": "lineitem","Startup Cost": 0.43,"Total Cost": 8.46,"Plan Rows": 0,"Plan Width": 5,"Actual Startup Time": 0.050,"Actual Total Time": 0.081,"Actual Rows": 1,"Actual Loops": 8584,"Index Cond": "((l_partkey = partsupp.ps_partkey) AND (l_suppkey = partsupp.ps_suppkey))","Rows Removed by Index Recheck": 0,"Filter": "((l_shipdate >= '1993-01-01'::date) AND (l_shipdate < '1994-01-01 00:00:00'::timestamp without time zone))","Rows Removed by Filter": 6}]}]}]}]}]}]},"Planning Time": 7.207,"Triggers": [],"Execution Time": 965.855}]
[{"Plan": {"Node Type": "Sort","Parallel Aware": false,"Async Capable": false,"Startup Cost": 88442.96,"Total Cost": 88443.23,"Plan Rows": 108,"Plan Width": 51,"Actual Startup Time": 894.643,"Actual Total Time": 894.686,"Actual Rows": 199,"Actual Loops": 1,"Sort Key": ["supplier.s_name"],"Sort Method": "quicksort","Sort Space Used": 43,"Sort Space Type": "Memory","Plans": [{"Node Type": "Hash Join","Parent Relationship": "Outer","Parallel Aware": false,"Async Capable": false,"Join Type": "Semi","Startup Cost": 88199.59,"Total Cost": 88439.31,"Plan Rows": 108,"Plan Width": 51,"Actual Startup Time": 890.157,"Actual Total Time": 894.143,"Actual Rows": 199,"Actual Loops": 1,"Inner Unique": false,"Hash Cond": "(supplier.s_suppkey = partsupp.ps_suppkey)","Plans": [{"Node Type": "Nested Loop","Parent Relationship": "Outer","Parallel Aware": false,"Async Capable": false,"Join Type": "Inner","Startup Cost": 7.38,"Total Cost": 244.58,"Plan Rows": 400,"Plan Width": 55,"Actual Startup Time": 0.262,"Actual Total Time": 4.176,"Actual Rows": 420,"Actual Loops": 1,"Inner Unique": false,"Plans": [{"Node Type": "Seq Scan","Parent Relationship": "Outer","Parallel Aware": false,"Async Capable": false,"Relation Name": "nation","Alias": "nation","Startup Cost": 0.00,"Total Cost": 1.31,"Plan Rows": 1,"Plan Width": 4,"Actual Startup Time": 0.059,"Actual Total Time": 0.083,"Actual Rows": 1,"Actual Loops": 1,"Filter": "(n_name = 'ALGERIA'::bpchar)","Rows Removed by Filter": 24},{"Node Type": "Bitmap Heap Scan","Parent Relationship": "Inner","Parallel Aware": false,"Async Capable": false,"Relation Name": "supplier","Alias": "supplier","Startup Cost": 7.38,"Total Cost": 239.27,"Plan Rows": 400,"Plan Width": 59,"Actual Startup Time": 0.195,"Actual Total Time": 4.018,"Actual Rows": 420,"Actual Loops": 1,"Recheck Cond": "(s_nationkey = nation.n_nationkey)","Rows Removed by Index Recheck": 0,"Exact Heap Blocks": 197,"Lossy Heap Blocks": 0,"Plans": [{"Node Type": "Bitmap Index Scan","Parent Relationship": "Outer","Parallel Aware": false,"Async Capable": false,"Index Name": "idx_supplier_nation_key","Startup Cost": 0.00,"Total Cost": 7.29,"Plan Rows": 400,"Plan Width": 0,"Actual Startup Time": 0.124,"Actual Total Time": 0.130,"Actual Rows": 420,"Actual Loops": 1,"Index Cond": "(s_nationkey = nation.n_nationkey)"}]}]},{"Node Type": "Hash","Parent Relationship": "Inner","Parallel Aware": false,"Async Capable": false,"Startup Cost": 88158.53,"Total Cost": 88158.53,"Plan Rows": 2694,"Plan Width": 4,"Actual Startup Time": 889.802,"Actual Total Time": 889.813,"Actual Rows": 5937,"Actual Loops": 1,"Hash Buckets": 8192,"Original Hash Buckets": 4096,"Hash Batches": 1,"Original Hash Batches": 1,"Peak Memory Usage": 273,"Plans": [{"Node Type": "Nested Loop","Parent Relationship": "Outer","Parallel Aware": false,"Async Capable": false,"Join Type": "Inner","Startup Cost": 0.42,"Total Cost": 88158.53,"Plan Rows": 2694,"Plan Width": 4,"Actual Startup Time": 0.746,"Actual Total Time": 885.012,"Actual Rows": 5937,"Actual Loops": 1,"Inner Unique": false,"Plans": [{"Node Type": "Seq Scan","Parent Relationship": "Outer","Parallel Aware": false,"Async Capable": false,"Relation Name": "part","Alias": "part","Startup Cost": 0.00,"Total Cost": 6597.00,"Plan Rows": 2020,"Plan Width": 4,"Actual Startup Time": 0.206,"Actual Total Time": 195.725,"Actual Rows": 2170,"Actual Loops": 1,"Filter": "((p_name)::text ~~ 'frosted%'::text)","Rows Removed by Filter": 197830},{"Node Type": "Index Scan","Parent Relationship": "Inner","Parallel Aware": false,"Async Capable": false,"Scan Direction": "Forward","Index Name": "idx_partsupp_partkey","Relation Name": "partsupp","Alias": "partsupp","Startup Cost": 0.42,"Total Cost": 40.36,"Plan Rows": 1,"Plan Width": 8,"Actual Startup Time": 0.133,"Actual Total Time": 0.317,"Actual Rows": 3,"Actual Loops": 2170,"Index Cond": "(ps_partkey = part.p_partkey)","Rows Removed by Index Recheck": 0,"Filter": "((ps_availqty)::numeric > (SubPlan 1))","Rows Removed by Filter": 1,"Plans": [{"Node Type": "Aggregate","Strategy": "Plain","Partial Mode": "Simple","Parent Relationship": "SubPlan","Subplan Name": "SubPlan 1","Parallel Aware": false,"Async Capable": false,"Startup Cost": 8.46,"Total Cost": 8.47,"Plan Rows": 1,"Plan Width": 32,"Actual Startup Time": 0.071,"Actual Total Time": 0.071,"Actual Rows": 1,"Actual Loops": 8680,"Plans": [{"Node Type": "Index Scan","Parent Relationship": "Outer","Parallel Aware": false,"Async Capable": false,"Scan Direction": "Forward","Index Name": "idx_lineitem_part_supp","Relation Name": "lineitem","Alias": "lineitem","Startup Cost": 0.43,"Total Cost": 8.46,"Plan Rows": 0,"Plan Width": 5,"Actual Startup Time": 0.043,"Actual Total Time": 0.070,"Actual Rows": 1,"Actual Loops": 8680,"Index Cond": "((l_partkey = partsupp.ps_partkey) AND (l_suppkey = partsupp.ps_suppkey))","Rows Removed by Index Recheck": 0,"Filter": "((l_shipdate >= '1996-01-01'::date) AND (l_shipdate < '1997-01-01 00:00:00'::timestamp without time zone))","Rows Removed by Filter": 6}]}]}]}]}]}]},"Planning Time": 6.555,"Triggers": [],"Execution Time": 894.929}]
[{"Plan": {"Node Type": "Sort","Parallel Aware": false,"Async Capable": false,"Startup Cost": 88442.96,"Total Cost": 88443.23,"Plan Rows": 108,"Plan Width": 51,"Actual Startup Time": 979.521,"Actual Total Time": 979.553,"Actual Rows": 159,"Actual Loops": 1,"Sort Key": ["supplier.s_name"],"Sort Method": "quicksort","Sort Space Used": 39,"Sort Space Type": "Memory","Plans": [{"Node Type": "Hash Join","Parent Relationship": "Outer","Parallel Aware": false,"Async Capable": false,"Join Type": "Semi","Startup Cost": 88199.59,"Total Cost": 88439.31,"Plan Rows": 108,"Plan Width": 51,"Actual Startup Time": 975.042,"Actual Total Time": 979.060,"Actual Rows": 159,"Actual Loops": 1,"Inner Unique": false,"Hash Cond": "(supplier.s_suppkey = partsupp.ps_suppkey)","Plans": [{"Node Type": "Nested Loop","Parent Relationship": "Outer","Parallel Aware": false,"Async Capable": false,"Join Type": "Inner","Startup Cost": 7.38,"Total Cost": 244.58,"Plan Rows": 400,"Plan Width": 55,"Actual Startup Time": 0.302,"Actual Total Time": 4.193,"Actual Rows": 380,"Actual Loops": 1,"Inner Unique": false,"Plans": [{"Node Type": "Seq Scan","Parent Relationship": "Outer","Parallel Aware": false,"Async Capable": false,"Relation Name": "nation","Alias": "nation","Startup Cost": 0.00,"Total Cost": 1.31,"Plan Rows": 1,"Plan Width": 4,"Actual Startup Time": 0.068,"Actual Total Time": 0.095,"Actual Rows": 1,"Actual Loops": 1,"Filter": "(n_name = 'ETHIOPIA'::bpchar)","Rows Removed by Filter": 24},{"Node Type": "Bitmap Heap Scan","Parent Relationship": "Inner","Parallel Aware": false,"Async Capable": false,"Relation Name": "supplier","Alias": "supplier","Startup Cost": 7.38,"Total Cost": 239.27,"Plan Rows": 400,"Plan Width": 59,"Actual Startup Time": 0.224,"Actual Total Time": 4.034,"Actual Rows": 380,"Actual Loops": 1,"Recheck Cond": "(s_nationkey = nation.n_nationkey)","Rows Removed by Index Recheck": 0,"Exact Heap Blocks": 192,"Lossy Heap Blocks": 0,"Plans": [{"Node Type": "Bitmap Index Scan","Parent Relationship": "Outer","Parallel Aware": false,"Async Capable": false,"Index Name": "idx_supplier_nation_key","Startup Cost": 0.00,"Total Cost": 7.29,"Plan Rows": 400,"Plan Width": 0,"Actual Startup Time": 0.151,"Actual Total Time": 0.155,"Actual Rows": 380,"Actual Loops": 1,"Index Cond": "(s_nationkey = nation.n_nationkey)"}]}]},{"Node Type": "Hash","Parent Relationship": "Inner","Parallel Aware": false,"Async Capable": false,"Startup Cost": 88158.53,"Total Cost": 88158.53,"Plan Rows": 2694,"Plan Width": 4,"Actual Startup Time": 974.682,"Actual Total Time": 974.691,"Actual Rows": 5933,"Actual Loops": 1,"Hash Buckets": 8192,"Original Hash Buckets": 4096,"Hash Batches": 1,"Original Hash Batches": 1,"Peak Memory Usage": 273,"Plans": [{"Node Type": "Nested Loop","Parent Relationship": "Outer","Parallel Aware": false,"Async Capable": false,"Join Type": "Inner","Startup Cost": 0.42,"Total Cost": 88158.53,"Plan Rows": 2694,"Plan Width": 4,"Actual Startup Time": 0.799,"Actual Total Time": 970.131,"Actual Rows": 5933,"Actual Loops": 1,"Inner Unique": false,"Plans": [{"Node Type": "Seq Scan","Parent Relationship": "Outer","Parallel Aware": false,"Async Capable": false,"Relation Name": "part","Alias": "part","Startup Cost": 0.00,"Total Cost": 6597.00,"Plan Rows": 2020,"Plan Width": 4,"Actual Startup Time": 0.130,"Actual Total Time": 182.504,"Actual Rows": 2184,"Actual Loops": 1,"Filter": "((p_name)::text ~~ 'powder%'::text)","Rows Removed by Filter": 197816},{"Node Type": "Index Scan","Parent Relationship": "Inner","Parallel Aware": false,"Async Capable": false,"Scan Direction": "Forward","Index Name": "idx_partsupp_partkey","Relation Name": "partsupp","Alias": "partsupp","Startup Cost": 0.42,"Total Cost": 40.36,"Plan Rows": 1,"Plan Width": 8,"Actual Startup Time": 0.148,"Actual Total Time": 0.360,"Actual Rows": 3,"Actual Loops": 2184,"Index Cond": "(ps_partkey = part.p_partkey)","Rows Removed by Index Recheck": 0,"Filter": "((ps_availqty)::numeric > (SubPlan 1))","Rows Removed by Filter": 1,"Plans": [{"Node Type": "Aggregate","Strategy": "Plain","Partial Mode": "Simple","Parent Relationship": "SubPlan","Subplan Name": "SubPlan 1","Parallel Aware": false,"Async Capable": false,"Startup Cost": 8.46,"Total Cost": 8.47,"Plan Rows": 1,"Plan Width": 32,"Actual Startup Time": 0.082,"Actual Total Time": 0.082,"Actual Rows": 1,"Actual Loops": 8736,"Plans": [{"Node Type": "Index Scan","Parent Relationship": "Outer","Parallel Aware": false,"Async Capable": false,"Scan Direction": "Forward","Index Name": "idx_lineitem_part_supp","Relation Name": "lineitem","Alias": "lineitem","Startup Cost": 0.43,"Total Cost": 8.46,"Plan Rows": 0,"Plan Width": 5,"Actual Startup Time": 0.049,"Actual Total Time": 0.081,"Actual Rows": 1,"Actual Loops": 8736,"Index Cond": "((l_partkey = partsupp.ps_partkey) AND (l_suppkey = partsupp.ps_suppkey))","Rows Removed by Index Recheck": 0,"Filter": "((l_shipdate >= '1993-01-01'::date) AND (l_shipdate < '1994-01-01 00:00:00'::timestamp without time zone))","Rows Removed by Filter": 6}]}]}]}]}]}]},"Planning Time": 6.401,"Triggers": [],"Execution Time": 979.788}]
[{"Plan": {"Node Type": "Sort","Parallel Aware": false,"Async Capable": false,"Startup Cost": 88442.96,"Total Cost": 88443.23,"Plan Rows": 108,"Plan Width": 51,"Actual Startup Time": 903.250,"Actual Total Time": 903.295,"Actual Rows": 184,"Actual Loops": 1,"Sort Key": ["supplier.s_name"],"Sort Method": "quicksort","Sort Space Used": 42,"Sort Space Type": "Memory","Plans": [{"Node Type": "Hash Join","Parent Relationship": "Outer","Parallel Aware": false,"Async Capable": false,"Join Type": "Semi","Startup Cost": 88199.59,"Total Cost": 88439.31,"Plan Rows": 108,"Plan Width": 51,"Actual Startup Time": 899.116,"Actual Total Time": 902.838,"Actual Rows": 184,"Actual Loops": 1,"Inner Unique": false,"Hash Cond": "(supplier.s_suppkey = partsupp.ps_suppkey)","Plans": [{"Node Type": "Nested Loop","Parent Relationship": "Outer","Parallel Aware": false,"Async Capable": false,"Join Type": "Inner","Startup Cost": 7.38,"Total Cost": 244.58,"Plan Rows": 400,"Plan Width": 55,"Actual Startup Time": 0.284,"Actual Total Time": 3.911,"Actual Rows": 415,"Actual Loops": 1,"Inner Unique": false,"Plans": [{"Node Type": "Seq Scan","Parent Relationship": "Outer","Parallel Aware": false,"Async Capable": false,"Relation Name": "nation","Alias": "nation","Startup Cost": 0.00,"Total Cost": 1.31,"Plan Rows": 1,"Plan Width": 4,"Actual Startup Time": 0.070,"Actual Total Time": 0.095,"Actual Rows": 1,"Actual Loops": 1,"Filter": "(n_name = 'EGYPT'::bpchar)","Rows Removed by Filter": 24},{"Node Type": "Bitmap Heap Scan","Parent Relationship": "Inner","Parallel Aware": false,"Async Capable": false,"Relation Name": "supplier","Alias": "supplier","Startup Cost": 7.38,"Total Cost": 239.27,"Plan Rows": 400,"Plan Width": 59,"Actual Startup Time": 0.210,"Actual Total Time": 3.750,"Actual Rows": 415,"Actual Loops": 1,"Recheck Cond": "(s_nationkey = nation.n_nationkey)","Rows Removed by Index Recheck": 0,"Exact Heap Blocks": 183,"Lossy Heap Blocks": 0,"Plans": [{"Node Type": "Bitmap Index Scan","Parent Relationship": "Outer","Parallel Aware": false,"Async Capable": false,"Index Name": "idx_supplier_nation_key","Startup Cost": 0.00,"Total Cost": 7.29,"Plan Rows": 400,"Plan Width": 0,"Actual Startup Time": 0.127,"Actual Total Time": 0.135,"Actual Rows": 415,"Actual Loops": 1,"Index Cond": "(s_nationkey = nation.n_nationkey)"}]}]},{"Node Type": "Hash","Parent Relationship": "Inner","Parallel Aware": false,"Async Capable": false,"Startup Cost": 88158.53,"Total Cost": 88158.53,"Plan Rows": 2694,"Plan Width": 4,"Actual Startup Time": 898.751,"Actual Total Time": 898.764,"Actual Rows": 6044,"Actual Loops": 1,"Hash Buckets": 8192,"Original Hash Buckets": 4096,"Hash Batches": 1,"Original Hash Batches": 1,"Peak Memory Usage": 277,"Plans": [{"Node Type": "Nested Loop","Parent Relationship": "Outer","Parallel Aware": false,"Async Capable": false,"Join Type": "Inner","Startup Cost": 0.42,"Total Cost": 88158.53,"Plan Rows": 2694,"Plan Width": 4,"Actual Startup Time": 0.995,"Actual Total Time": 893.920,"Actual Rows": 6044,"Actual Loops": 1,"Inner Unique": false,"Plans": [{"Node Type": "Seq Scan","Parent Relationship": "Outer","Parallel Aware": false,"Async Capable": false,"Relation Name": "part","Alias": "part","Startup Cost": 0.00,"Total Cost": 6597.00,"Plan Rows": 2020,"Plan Width": 4,"Actual Startup Time": 0.053,"Actual Total Time": 196.063,"Actual Rows": 2232,"Actual Loops": 1,"Filter": "((p_name)::text ~~ 'bisque%'::text)","Rows Removed by Filter": 197768},{"Node Type": "Index Scan","Parent Relationship": "Inner","Parallel Aware": false,"Async Capable": false,"Scan Direction": "Forward","Index Name": "idx_partsupp_partkey","Relation Name": "partsupp","Alias": "partsupp","Startup Cost": 0.42,"Total Cost": 40.36,"Plan Rows": 1,"Plan Width": 8,"Actual Startup Time": 0.132,"Actual Total Time": 0.312,"Actual Rows": 3,"Actual Loops": 2232,"Index Cond": "(ps_partkey = part.p_partkey)","Rows Removed by Index Recheck": 0,"Filter": "((ps_availqty)::numeric > (SubPlan 1))","Rows Removed by Filter": 1,"Plans": [{"Node Type": "Aggregate","Strategy": "Plain","Partial Mode": "Simple","Parent Relationship": "SubPlan","Subplan Name": "SubPlan 1","Parallel Aware": false,"Async Capable": false,"Startup Cost": 8.46,"Total Cost": 8.47,"Plan Rows": 1,"Plan Width": 32,"Actual Startup Time": 0.070,"Actual Total Time": 0.070,"Actual Rows": 1,"Actual Loops": 8928,"Plans": [{"Node Type": "Index Scan","Parent Relationship": "Outer","Parallel Aware": false,"Async Capable": false,"Scan Direction": "Forward","Index Name": "idx_lineitem_part_supp","Relation Name": "lineitem","Alias": "lineitem","Startup Cost": 0.43,"Total Cost": 8.46,"Plan Rows": 0,"Plan Width": 5,"Actual Startup Time": 0.043,"Actual Total Time": 0.069,"Actual Rows": 1,"Actual Loops": 8928,"Index Cond": "((l_partkey = partsupp.ps_partkey) AND (l_suppkey = partsupp.ps_suppkey))","Rows Removed by Index Recheck": 0,"Filter": "((l_shipdate >= '1995-01-01'::date) AND (l_shipdate < '1996-01-01 00:00:00'::timestamp without time zone))","Rows Removed by Filter": 6}]}]}]}]}]}]},"Planning Time": 6.137,"Triggers": [],"Execution Time": 903.553}]
[{"Plan": {"Node Type": "Sort","Parallel Aware": false,"Async Capable": false,"Startup Cost": 88442.96,"Total Cost": 88443.23,"Plan Rows": 108,"Plan Width": 51,"Actual Startup Time": 903.583,"Actual Total Time": 903.622,"Actual Rows": 171,"Actual Loops": 1,"Sort Key": ["supplier.s_name"],"Sort Method": "quicksort","Sort Space Used": 40,"Sort Space Type": "Memory","Plans": [{"Node Type": "Hash Join","Parent Relationship": "Outer","Parallel Aware": false,"Async Capable": false,"Join Type": "Semi","Startup Cost": 88199.59,"Total Cost": 88439.31,"Plan Rows": 108,"Plan Width": 51,"Actual Startup Time": 899.319,"Actual Total Time": 903.148,"Actual Rows": 171,"Actual Loops": 1,"Inner Unique": false,"Hash Cond": "(supplier.s_suppkey = partsupp.ps_suppkey)","Plans": [{"Node Type": "Nested Loop","Parent Relationship": "Outer","Parallel Aware": false,"Async Capable": false,"Join Type": "Inner","Startup Cost": 7.38,"Total Cost": 244.58,"Plan Rows": 400,"Plan Width": 55,"Actual Startup Time": 0.275,"Actual Total Time": 3.967,"Actual Rows": 377,"Actual Loops": 1,"Inner Unique": false,"Plans": [{"Node Type": "Seq Scan","Parent Relationship": "Outer","Parallel Aware": false,"Async Capable": false,"Relation Name": "nation","Alias": "nation","Startup Cost": 0.00,"Total Cost": 1.31,"Plan Rows": 1,"Plan Width": 4,"Actual Startup Time": 0.079,"Actual Total Time": 0.102,"Actual Rows": 1,"Actual Loops": 1,"Filter": "(n_name = 'JAPAN'::bpchar)","Rows Removed by Filter": 24},{"Node Type": "Bitmap Heap Scan","Parent Relationship": "Inner","Parallel Aware": false,"Async Capable": false,"Relation Name": "supplier","Alias": "supplier","Startup Cost": 7.38,"Total Cost": 239.27,"Plan Rows": 400,"Plan Width": 59,"Actual Startup Time": 0.188,"Actual Total Time": 3.797,"Actual Rows": 377,"Actual Loops": 1,"Recheck Cond": "(s_nationkey = nation.n_nationkey)","Rows Removed by Index Recheck": 0,"Exact Heap Blocks": 180,"Lossy Heap Blocks": 0,"Plans": [{"Node Type": "Bitmap Index Scan","Parent Relationship": "Outer","Parallel Aware": false,"Async Capable": false,"Index Name": "idx_supplier_nation_key","Startup Cost": 0.00,"Total Cost": 7.29,"Plan Rows": 400,"Plan Width": 0,"Actual Startup Time": 0.125,"Actual Total Time": 0.132,"Actual Rows": 377,"Actual Loops": 1,"Index Cond": "(s_nationkey = nation.n_nationkey)"}]}]},{"Node Type": "Hash","Parent Relationship": "Inner","Parallel Aware": false,"Async Capable": false,"Startup Cost": 88158.53,"Total Cost": 88158.53,"Plan Rows": 2694,"Plan Width": 4,"Actual Startup Time": 898.980,"Actual Total Time": 898.994,"Actual Rows": 5806,"Actual Loops": 1,"Hash Buckets": 8192,"Original Hash Buckets": 4096,"Hash Batches": 1,"Original Hash Batches": 1,"Peak Memory Usage": 269,"Plans": [{"Node Type": "Nested Loop","Parent Relationship": "Outer","Parallel Aware": false,"Async Capable": false,"Join Type": "Inner","Startup Cost": 0.42,"Total Cost": 88158.53,"Plan Rows": 2694,"Plan Width": 4,"Actual Startup Time": 0.557,"Actual Total Time": 894.462,"Actual Rows": 5806,"Actual Loops": 1,"Inner Unique": false,"Plans": [{"Node Type": "Seq Scan","Parent Relationship": "Outer","Parallel Aware": false,"Async Capable": false,"Relation Name": "part","Alias": "part","Startup Cost": 0.00,"Total Cost": 6597.00,"Plan Rows": 2020,"Plan Width": 4,"Actual Startup Time": 0.051,"Actual Total Time": 199.908,"Actual Rows": 2127,"Actual Loops": 1,"Filter": "((p_name)::text ~~ 'forest%'::text)","Rows Removed by Filter": 197873},{"Node Type": "Index Scan","Parent Relationship": "Inner","Parallel Aware": false,"Async Capable": false,"Scan Direction": "Forward","Index Name": "idx_partsupp_partkey","Relation Name": "partsupp","Alias": "partsupp","Startup Cost": 0.42,"Total Cost": 40.36,"Plan Rows": 1,"Plan Width": 8,"Actual Startup Time": 0.137,"Actual Total Time": 0.326,"Actual Rows": 3,"Actual Loops": 2127,"Index Cond": "(ps_partkey = part.p_partkey)","Rows Removed by Index Recheck": 0,"Filter": "((ps_availqty)::numeric > (SubPlan 1))","Rows Removed by Filter": 1,"Plans": [{"Node Type": "Aggregate","Strategy": "Plain","Partial Mode": "Simple","Parent Relationship": "SubPlan","Subplan Name": "SubPlan 1","Parallel Aware": false,"Async Capable": false,"Startup Cost": 8.46,"Total Cost": 8.47,"Plan Rows": 1,"Plan Width": 32,"Actual Startup Time": 0.073,"Actual Total Time": 0.073,"Actual Rows": 1,"Actual Loops": 8508,"Plans": [{"Node Type": "Index Scan","Parent Relationship": "Outer","Parallel Aware": false,"Async Capable": false,"Scan Direction": "Forward","Index Name": "idx_lineitem_part_supp","Relation Name": "lineitem","Alias": "lineitem","Startup Cost": 0.43,"Total Cost": 8.46,"Plan Rows": 0,"Plan Width": 5,"Actual Startup Time": 0.045,"Actual Total Time": 0.072,"Actual Rows": 1,"Actual Loops": 8508,"Index Cond": "((l_partkey = partsupp.ps_partkey) AND (l_suppkey = partsupp.ps_suppkey))","Rows Removed by Index Recheck": 0,"Filter": "((l_shipdate >= '1995-01-01'::date) AND (l_shipdate < '1996-01-01 00:00:00'::timestamp without time zone))","Rows Removed by Filter": 6}]}]}]}]}]}]},"Planning Time": 5.983,"Triggers": [],"Execution Time": 903.884}]
[{"Plan": {"Node Type": "Sort","Parallel Aware": false,"Async Capable": false,"Startup Cost": 88442.96,"Total Cost": 88443.23,"Plan Rows": 108,"Plan Width": 51,"Actual Startup Time": 972.303,"Actual Total Time": 972.343,"Actual Rows": 185,"Actual Loops": 1,"Sort Key": ["supplier.s_name"],"Sort Method": "quicksort","Sort Space Used": 42,"Sort Space Type": "Memory","Plans": [{"Node Type": "Hash Join","Parent Relationship": "Outer","Parallel Aware": false,"Async Capable": false,"Join Type": "Semi","Startup Cost": 88199.59,"Total Cost": 88439.31,"Plan Rows": 108,"Plan Width": 51,"Actual Startup Time": 968.079,"Actual Total Time": 971.831,"Actual Rows": 185,"Actual Loops": 1,"Inner Unique": false,"Hash Cond": "(supplier.s_suppkey = partsupp.ps_suppkey)","Plans": [{"Node Type": "Nested Loop","Parent Relationship": "Outer","Parallel Aware": false,"Async Capable": false,"Join Type": "Inner","Startup Cost": 7.38,"Total Cost": 244.58,"Plan Rows": 400,"Plan Width": 55,"Actual Startup Time": 0.281,"Actual Total Time": 3.949,"Actual Rows": 377,"Actual Loops": 1,"Inner Unique": false,"Plans": [{"Node Type": "Seq Scan","Parent Relationship": "Outer","Parallel Aware": false,"Async Capable": false,"Relation Name": "nation","Alias": "nation","Startup Cost": 0.00,"Total Cost": 1.31,"Plan Rows": 1,"Plan Width": 4,"Actual Startup Time": 0.070,"Actual Total Time": 0.098,"Actual Rows": 1,"Actual Loops": 1,"Filter": "(n_name = 'JAPAN'::bpchar)","Rows Removed by Filter": 24},{"Node Type": "Bitmap Heap Scan","Parent Relationship": "Inner","Parallel Aware": false,"Async Capable": false,"Relation Name": "supplier","Alias": "supplier","Startup Cost": 7.38,"Total Cost": 239.27,"Plan Rows": 400,"Plan Width": 59,"Actual Startup Time": 0.208,"Actual Total Time": 3.785,"Actual Rows": 377,"Actual Loops": 1,"Recheck Cond": "(s_nationkey = nation.n_nationkey)","Rows Removed by Index Recheck": 0,"Exact Heap Blocks": 180,"Lossy Heap Blocks": 0,"Plans": [{"Node Type": "Bitmap Index Scan","Parent Relationship": "Outer","Parallel Aware": false,"Async Capable": false,"Index Name": "idx_supplier_nation_key","Startup Cost": 0.00,"Total Cost": 7.29,"Plan Rows": 400,"Plan Width": 0,"Actual Startup Time": 0.134,"Actual Total Time": 0.140,"Actual Rows": 377,"Actual Loops": 1,"Index Cond": "(s_nationkey = nation.n_nationkey)"}]}]},{"Node Type": "Hash","Parent Relationship": "Inner","Parallel Aware": false,"Async Capable": false,"Startup Cost": 88158.53,"Total Cost": 88158.53,"Plan Rows": 2694,"Plan Width": 4,"Actual Startup Time": 967.720,"Actual Total Time": 967.732,"Actual Rows": 5890,"Actual Loops": 1,"Hash Buckets": 8192,"Original Hash Buckets": 4096,"Hash Batches": 1,"Original Hash Batches": 1,"Peak Memory Usage": 272,"Plans": [{"Node Type": "Nested Loop","Parent Relationship": "Outer","Parallel Aware": false,"Async Capable": false,"Join Type": "Inner","Startup Cost": 0.42,"Total Cost": 88158.53,"Plan Rows": 2694,"Plan Width": 4,"Actual Startup Time": 1.072,"Actual Total Time": 963.511,"Actual Rows": 5890,"Actual Loops": 1,"Inner Unique": false,"Plans": [{"Node Type": "Seq Scan","Parent Relationship": "Outer","Parallel Aware": false,"Async Capable": false,"Relation Name": "part","Alias": "part","Startup Cost": 0.00,"Total Cost": 6597.00,"Plan Rows": 2020,"Plan Width": 4,"Actual Startup Time": 0.225,"Actual Total Time": 180.670,"Actual Rows": 2187,"Actual Loops": 1,"Filter": "((p_name)::text ~~ 'olive%'::text)","Rows Removed by Filter": 197813},{"Node Type": "Index Scan","Parent Relationship": "Inner","Parallel Aware": false,"Async Capable": false,"Scan Direction": "Forward","Index Name": "idx_partsupp_partkey","Relation Name": "partsupp","Alias": "partsupp","Startup Cost": 0.42,"Total Cost": 40.36,"Plan Rows": 1,"Plan Width": 8,"Actual Startup Time": 0.151,"Actual Total Time": 0.357,"Actual Rows": 3,"Actual Loops": 2187,"Index Cond": "(ps_partkey = part.p_partkey)","Rows Removed by Index Recheck": 0,"Filter": "((ps_availqty)::numeric > (SubPlan 1))","Rows Removed by Filter": 1,"Plans": [{"Node Type": "Aggregate","Strategy": "Plain","Partial Mode": "Simple","Parent Relationship": "SubPlan","Subplan Name": "SubPlan 1","Parallel Aware": false,"Async Capable": false,"Startup Cost": 8.46,"Total Cost": 8.47,"Plan Rows": 1,"Plan Width": 32,"Actual Startup Time": 0.081,"Actual Total Time": 0.081,"Actual Rows": 1,"Actual Loops": 8748,"Plans": [{"Node Type": "Index Scan","Parent Relationship": "Outer","Parallel Aware": false,"Async Capable": false,"Scan Direction": "Forward","Index Name": "idx_lineitem_part_supp","Relation Name": "lineitem","Alias": "lineitem","Startup Cost": 0.43,"Total Cost": 8.46,"Plan Rows": 0,"Plan Width": 5,"Actual Startup Time": 0.049,"Actual Total Time": 0.080,"Actual Rows": 1,"Actual Loops": 8748,"Index Cond": "((l_partkey = partsupp.ps_partkey) AND (l_suppkey = partsupp.ps_suppkey))","Rows Removed by Index Recheck": 0,"Filter": "((l_shipdate >= '1994-01-01'::date) AND (l_shipdate < '1995-01-01 00:00:00'::timestamp without time zone))","Rows Removed by Filter": 6}]}]}]}]}]}]},"Planning Time": 5.859,"Triggers": [],"Execution Time": 972.600}]
[{"Plan": {"Node Type": "Sort","Parallel Aware": false,"Async Capable": false,"Startup Cost": 88442.96,"Total Cost": 88443.23,"Plan Rows": 108,"Plan Width": 51,"Actual Startup Time": 980.647,"Actual Total Time": 980.680,"Actual Rows": 174,"Actual Loops": 1,"Sort Key": ["supplier.s_name"],"Sort Method": "quicksort","Sort Space Used": 41,"Sort Space Type": "Memory","Plans": [{"Node Type": "Hash Join","Parent Relationship": "Outer","Parallel Aware": false,"Async Capable": false,"Join Type": "Semi","Startup Cost": 88199.59,"Total Cost": 88439.31,"Plan Rows": 108,"Plan Width": 51,"Actual Startup Time": 976.280,"Actual Total Time": 980.338,"Actual Rows": 174,"Actual Loops": 1,"Inner Unique": false,"Hash Cond": "(supplier.s_suppkey = partsupp.ps_suppkey)","Plans": [{"Node Type": "Nested Loop","Parent Relationship": "Outer","Parallel Aware": false,"Async Capable": false,"Join Type": "Inner","Startup Cost": 7.38,"Total Cost": 244.58,"Plan Rows": 400,"Plan Width": 55,"Actual Startup Time": 0.247,"Actual Total Time": 4.183,"Actual Rows": 396,"Actual Loops": 1,"Inner Unique": false,"Plans": [{"Node Type": "Seq Scan","Parent Relationship": "Outer","Parallel Aware": false,"Async Capable": false,"Relation Name": "nation","Alias": "nation","Startup Cost": 0.00,"Total Cost": 1.31,"Plan Rows": 1,"Plan Width": 4,"Actual Startup Time": 0.079,"Actual Total Time": 0.096,"Actual Rows": 1,"Actual Loops": 1,"Filter": "(n_name = 'GERMANY'::bpchar)","Rows Removed by Filter": 24},{"Node Type": "Bitmap Heap Scan","Parent Relationship": "Inner","Parallel Aware": false,"Async Capable": false,"Relation Name": "supplier","Alias": "supplier","Startup Cost": 7.38,"Total Cost": 239.27,"Plan Rows": 400,"Plan Width": 59,"Actual Startup Time": 0.159,"Actual Total Time": 4.021,"Actual Rows": 396,"Actual Loops": 1,"Recheck Cond": "(s_nationkey = nation.n_nationkey)","Rows Removed by Index Recheck": 0,"Exact Heap Blocks": 191,"Lossy Heap Blocks": 0,"Plans": [{"Node Type": "Bitmap Index Scan","Parent Relationship": "Outer","Parallel Aware": false,"Async Capable": false,"Index Name": "idx_supplier_nation_key","Startup Cost": 0.00,"Total Cost": 7.29,"Plan Rows": 400,"Plan Width": 0,"Actual Startup Time": 0.086,"Actual Total Time": 0.089,"Actual Rows": 396,"Actual Loops": 1,"Index Cond": "(s_nationkey = nation.n_nationkey)"}]}]},{"Node Type": "Hash","Parent Relationship": "Inner","Parallel Aware": false,"Async Capable": false,"Startup Cost": 88158.53,"Total Cost": 88158.53,"Plan Rows": 2694,"Plan Width": 4,"Actual Startup Time": 975.977,"Actual Total Time": 975.988,"Actual Rows": 5931,"Actual Loops": 1,"Hash Buckets": 8192,"Original Hash Buckets": 4096,"Hash Batches": 1,"Original Hash Batches": 1,"Peak Memory Usage": 273,"Plans": [{"Node Type": "Nested Loop","Parent Relationship": "Outer","Parallel Aware": false,"Async Capable": false,"Join Type": "Inner","Startup Cost": 0.42,"Total Cost": 88158.53,"Plan Rows": 2694,"Plan Width": 4,"Actual Startup Time": 1.344,"Actual Total Time": 971.460,"Actual Rows": 5931,"Actual Loops": 1,"Inner Unique": false,"Plans": [{"Node Type": "Seq Scan","Parent Relationship": "Outer","Parallel Aware": false,"Async Capable": false,"Relation Name": "part","Alias": "part","Startup Cost": 0.00,"Total Cost": 6597.00,"Plan Rows": 2020,"Plan Width": 4,"Actual Startup Time": 0.172,"Actual Total Time": 181.283,"Actual Rows": 2200,"Actual Loops": 1,"Filter": "((p_name)::text ~~ 'plum%'::text)","Rows Removed by Filter": 197800},{"Node Type": "Index Scan","Parent Relationship": "Inner","Parallel Aware": false,"Async Capable": false,"Scan Direction": "Forward","Index Name": "idx_partsupp_partkey","Relation Name": "partsupp","Alias": "partsupp","Startup Cost": 0.42,"Total Cost": 40.36,"Plan Rows": 1,"Plan Width": 8,"Actual Startup Time": 0.150,"Actual Total Time": 0.359,"Actual Rows": 3,"Actual Loops": 2200,"Index Cond": "(ps_partkey = part.p_partkey)","Rows Removed by Index Recheck": 0,"Filter": "((ps_availqty)::numeric > (SubPlan 1))","Rows Removed by Filter": 1,"Plans": [{"Node Type": "Aggregate","Strategy": "Plain","Partial Mode": "Simple","Parent Relationship": "SubPlan","Subplan Name": "SubPlan 1","Parallel Aware": false,"Async Capable": false,"Startup Cost": 8.46,"Total Cost": 8.47,"Plan Rows": 1,"Plan Width": 32,"Actual Startup Time": 0.082,"Actual Total Time": 0.082,"Actual Rows": 1,"Actual Loops": 8800,"Plans": [{"Node Type": "Index Scan","Parent Relationship": "Outer","Parallel Aware": false,"Async Capable": false,"Scan Direction": "Forward","Index Name": "idx_lineitem_part_supp","Relation Name": "lineitem","Alias": "lineitem","Startup Cost": 0.43,"Total Cost": 8.46,"Plan Rows": 0,"Plan Width": 5,"Actual Startup Time": 0.050,"Actual Total Time": 0.081,"Actual Rows": 1,"Actual Loops": 8800,"Index Cond": "((l_partkey = partsupp.ps_partkey) AND (l_suppkey = partsupp.ps_suppkey))","Rows Removed by Index Recheck": 0,"Filter": "((l_shipdate >= '1994-01-01'::date) AND (l_shipdate < '1995-01-01 00:00:00'::timestamp without time zone))","Rows Removed by Filter": 6}]}]}]}]}]}]},"Planning Time": 5.651,"Triggers": [],"Execution Time": 980.932}]
[{"Plan": {"Node Type": "Sort","Parallel Aware": false,"Async Capable": false,"Startup Cost": 88442.96,"Total Cost": 88443.23,"Plan Rows": 108,"Plan Width": 51,"Actual Startup Time": 903.743,"Actual Total Time": 903.778,"Actual Rows": 175,"Actual Loops": 1,"Sort Key": ["supplier.s_name"],"Sort Method": "quicksort","Sort Space Used": 41,"Sort Space Type": "Memory","Plans": [{"Node Type": "Hash Join","Parent Relationship": "Outer","Parallel Aware": false,"Async Capable": false,"Join Type": "Semi","Startup Cost": 88199.59,"Total Cost": 88439.31,"Plan Rows": 108,"Plan Width": 51,"Actual Startup Time": 899.453,"Actual Total Time": 903.331,"Actual Rows": 175,"Actual Loops": 1,"Inner Unique": false,"Hash Cond": "(supplier.s_suppkey = partsupp.ps_suppkey)","Plans": [{"Node Type": "Nested Loop","Parent Relationship": "Outer","Parallel Aware": false,"Async Capable": false,"Join Type": "Inner","Startup Cost": 7.38,"Total Cost": 244.58,"Plan Rows": 400,"Plan Width": 55,"Actual Startup Time": 0.245,"Actual Total Time": 4.082,"Actual Rows": 397,"Actual Loops": 1,"Inner Unique": false,"Plans": [{"Node Type": "Seq Scan","Parent Relationship": "Outer","Parallel Aware": false,"Async Capable": false,"Relation Name": "nation","Alias": "nation","Startup Cost": 0.00,"Total Cost": 1.31,"Plan Rows": 1,"Plan Width": 4,"Actual Startup Time": 0.067,"Actual Total Time": 0.099,"Actual Rows": 1,"Actual Loops": 1,"Filter": "(n_name = 'BRAZIL'::bpchar)","Rows Removed by Filter": 24},{"Node Type": "Bitmap Heap Scan","Parent Relationship": "Inner","Parallel Aware": false,"Async Capable": false,"Relation Name": "supplier","Alias": "supplier","Startup Cost": 7.38,"Total Cost": 239.27,"Plan Rows": 400,"Plan Width": 59,"Actual Startup Time": 0.174,"Actual Total Time": 3.915,"Actual Rows": 397,"Actual Loops": 1,"Recheck Cond": "(s_nationkey = nation.n_nationkey)","Rows Removed by Index Recheck": 0,"Exact Heap Blocks": 187,"Lossy Heap Blocks": 0,"Plans": [{"Node Type": "Bitmap Index Scan","Parent Relationship": "Outer","Parallel Aware": false,"Async Capable": false,"Index Name": "idx_supplier_nation_key","Startup Cost": 0.00,"Total Cost": 7.29,"Plan Rows": 400,"Plan Width": 0,"Actual Startup Time": 0.119,"Actual Total Time": 0.125,"Actual Rows": 397,"Actual Loops": 1,"Index Cond": "(s_nationkey = nation.n_nationkey)"}]}]},{"Node Type": "Hash","Parent Relationship": "Inner","Parallel Aware": false,"Async Capable": false,"Startup Cost": 88158.53,"Total Cost": 88158.53,"Plan Rows": 2694,"Plan Width": 4,"Actual Startup Time": 899.118,"Actual Total Time": 899.123,"Actual Rows": 5937,"Actual Loops": 1,"Hash Buckets": 8192,"Original Hash Buckets": 4096,"Hash Batches": 1,"Original Hash Batches": 1,"Peak Memory Usage": 273,"Plans": [{"Node Type": "Nested Loop","Parent Relationship": "Outer","Parallel Aware": false,"Async Capable": false,"Join Type": "Inner","Startup Cost": 0.42,"Total Cost": 88158.53,"Plan Rows": 2694,"Plan Width": 4,"Actual Startup Time": 1.059,"Actual Total Time": 894.368,"Actual Rows": 5937,"Actual Loops": 1,"Inner Unique": false,"Plans": [{"Node Type": "Seq Scan","Parent Relationship": "Outer","Parallel Aware": false,"Async Capable": false,"Relation Name": "part","Alias": "part","Startup Cost": 0.00,"Total Cost": 6597.00,"Plan Rows": 2020,"Plan Width": 4,"Actual Startup Time": 0.416,"Actual Total Time": 196.565,"Actual Rows": 2155,"Actual Loops": 1,"Filter": "((p_name)::text ~~ 'lavender%'::text)","Rows Removed by Filter": 197845},{"Node Type": "Index Scan","Parent Relationship": "Inner","Parallel Aware": false,"Async Capable": false,"Scan Direction": "Forward","Index Name": "idx_partsupp_partkey","Relation Name": "partsupp","Alias": "partsupp","Startup Cost": 0.42,"Total Cost": 40.36,"Plan Rows": 1,"Plan Width": 8,"Actual Startup Time": 0.137,"Actual Total Time": 0.323,"Actual Rows": 3,"Actual Loops": 2155,"Index Cond": "(ps_partkey = part.p_partkey)","Rows Removed by Index Recheck": 0,"Filter": "((ps_availqty)::numeric > (SubPlan 1))","Rows Removed by Filter": 1,"Plans": [{"Node Type": "Aggregate","Strategy": "Plain","Partial Mode": "Simple","Parent Relationship": "SubPlan","Subplan Name": "SubPlan 1","Parallel Aware": false,"Async Capable": false,"Startup Cost": 8.46,"Total Cost": 8.47,"Plan Rows": 1,"Plan Width": 32,"Actual Startup Time": 0.073,"Actual Total Time": 0.073,"Actual Rows": 1,"Actual Loops": 8620,"Plans": [{"Node Type": "Index Scan","Parent Relationship": "Outer","Parallel Aware": false,"Async Capable": false,"Scan Direction": "Forward","Index Name": "idx_lineitem_part_supp","Relation Name": "lineitem","Alias": "lineitem","Startup Cost": 0.43,"Total Cost": 8.46,"Plan Rows": 0,"Plan Width": 5,"Actual Startup Time": 0.044,"Actual Total Time": 0.072,"Actual Rows": 1,"Actual Loops": 8620,"Index Cond": "((l_partkey = partsupp.ps_partkey) AND (l_suppkey = partsupp.ps_suppkey))","Rows Removed by Index Recheck": 0,"Filter": "((l_shipdate >= '1995-01-01'::date) AND (l_shipdate < '1996-01-01 00:00:00'::timestamp without time zone))","Rows Removed by Filter": 6}]}]}]}]}]}]},"Planning Time": 7.170,"Triggers": [],"Execution Time": 904.006}]
[{"Plan": {"Node Type": "Sort","Parallel Aware": false,"Async Capable": false,"Startup Cost": 88442.96,"Total Cost": 88443.23,"Plan Rows": 108,"Plan Width": 51,"Actual Startup Time": 975.206,"Actual Total Time": 975.238,"Actual Rows": 162,"Actual Loops": 1,"Sort Key": ["supplier.s_name"],"Sort Method": "quicksort","Sort Space Used": 40,"Sort Space Type": "Memory","Plans": [{"Node Type": "Hash Join","Parent Relationship": "Outer","Parallel Aware": false,"Async Capable": false,"Join Type": "Semi","Startup Cost": 88199.59,"Total Cost": 88439.31,"Plan Rows": 108,"Plan Width": 51,"Actual Startup Time": 971.330,"Actual Total Time": 974.930,"Actual Rows": 162,"Actual Loops": 1,"Inner Unique": false,"Hash Cond": "(supplier.s_suppkey = partsupp.ps_suppkey)","Plans": [{"Node Type": "Nested Loop","Parent Relationship": "Outer","Parallel Aware": false,"Async Capable": false,"Join Type": "Inner","Startup Cost": 7.38,"Total Cost": 244.58,"Plan Rows": 400,"Plan Width": 55,"Actual Startup Time": 0.279,"Actual Total Time": 3.816,"Actual Rows": 373,"Actual Loops": 1,"Inner Unique": false,"Plans": [{"Node Type": "Seq Scan","Parent Relationship": "Outer","Parallel Aware": false,"Async Capable": false,"Relation Name": "nation","Alias": "nation","Startup Cost": 0.00,"Total Cost": 1.31,"Plan Rows": 1,"Plan Width": 4,"Actual Startup Time": 0.083,"Actual Total Time": 0.108,"Actual Rows": 1,"Actual Loops": 1,"Filter": "(n_name = 'MOROCCO'::bpchar)","Rows Removed by Filter": 24},{"Node Type": "Bitmap Heap Scan","Parent Relationship": "Inner","Parallel Aware": false,"Async Capable": false,"Relation Name": "supplier","Alias": "supplier","Startup Cost": 7.38,"Total Cost": 239.27,"Plan Rows": 400,"Plan Width": 59,"Actual Startup Time": 0.190,"Actual Total Time": 3.645,"Actual Rows": 373,"Actual Loops": 1,"Recheck Cond": "(s_nationkey = nation.n_nationkey)","Rows Removed by Index Recheck": 0,"Exact Heap Blocks": 180,"Lossy Heap Blocks": 0,"Plans": [{"Node Type": "Bitmap Index Scan","Parent Relationship": "Outer","Parallel Aware": false,"Async Capable": false,"Index Name": "idx_supplier_nation_key","Startup Cost": 0.00,"Total Cost": 7.29,"Plan Rows": 400,"Plan Width": 0,"Actual Startup Time": 0.125,"Actual Total Time": 0.127,"Actual Rows": 373,"Actual Loops": 1,"Index Cond": "(s_nationkey = nation.n_nationkey)"}]}]},{"Node Type": "Hash","Parent Relationship": "Inner","Parallel Aware": false,"Async Capable": false,"Startup Cost": 88158.53,"Total Cost": 88158.53,"Plan Rows": 2694,"Plan Width": 4,"Actual Startup Time": 970.941,"Actual Total Time": 970.953,"Actual Rows": 5933,"Actual Loops": 1,"Hash Buckets": 8192,"Original Hash Buckets": 4096,"Hash Batches": 1,"Original Hash Batches": 1,"Peak Memory Usage": 273,"Plans": [{"Node Type": "Nested Loop","Parent Relationship": "Outer","Parallel Aware": false,"Async Capable": false,"Join Type": "Inner","Startup Cost": 0.42,"Total Cost": 88158.53,"Plan Rows": 2694,"Plan Width": 4,"Actual Startup Time": 0.796,"Actual Total Time": 966.619,"Actual Rows": 5933,"Actual Loops": 1,"Inner Unique": false,"Plans": [{"Node Type": "Seq Scan","Parent Relationship": "Outer","Parallel Aware": false,"Async Capable": false,"Relation Name": "part","Alias": "part","Startup Cost": 0.00,"Total Cost": 6597.00,"Plan Rows": 2020,"Plan Width": 4,"Actual Startup Time": 0.170,"Actual Total Time": 181.479,"Actual Rows": 2184,"Actual Loops": 1,"Filter": "((p_name)::text ~~ 'powder%'::text)","Rows Removed by Filter": 197816},{"Node Type": "Index Scan","Parent Relationship": "Inner","Parallel Aware": false,"Async Capable": false,"Scan Direction": "Forward","Index Name": "idx_partsupp_partkey","Relation Name": "partsupp","Alias": "partsupp","Startup Cost": 0.42,"Total Cost": 40.36,"Plan Rows": 1,"Plan Width": 8,"Actual Startup Time": 0.147,"Actual Total Time": 0.359,"Actual Rows": 3,"Actual Loops": 2184,"Index Cond": "(ps_partkey = part.p_partkey)","Rows Removed by Index Recheck": 0,"Filter": "((ps_availqty)::numeric > (SubPlan 1))","Rows Removed by Filter": 1,"Plans": [{"Node Type": "Aggregate","Strategy": "Plain","Partial Mode": "Simple","Parent Relationship": "SubPlan","Subplan Name": "SubPlan 1","Parallel Aware": false,"Async Capable": false,"Startup Cost": 8.46,"Total Cost": 8.47,"Plan Rows": 1,"Plan Width": 32,"Actual Startup Time": 0.082,"Actual Total Time": 0.082,"Actual Rows": 1,"Actual Loops": 8736,"Plans": [{"Node Type": "Index Scan","Parent Relationship": "Outer","Parallel Aware": false,"Async Capable": false,"Scan Direction": "Forward","Index Name": "idx_lineitem_part_supp","Relation Name": "lineitem","Alias": "lineitem","Startup Cost": 0.43,"Total Cost": 8.46,"Plan Rows": 0,"Plan Width": 5,"Actual Startup Time": 0.049,"Actual Total Time": 0.081,"Actual Rows": 1,"Actual Loops": 8736,"Index Cond": "((l_partkey = partsupp.ps_partkey) AND (l_suppkey = partsupp.ps_suppkey))","Rows Removed by Index Recheck": 0,"Filter": "((l_shipdate >= '1993-01-01'::date) AND (l_shipdate < '1994-01-01 00:00:00'::timestamp without time zone))","Rows Removed by Filter": 6}]}]}]}]}]}]},"Planning Time": 6.041,"Triggers": [],"Execution Time": 975.505}]
[{"Plan": {"Node Type": "Sort","Parallel Aware": false,"Async Capable": false,"Startup Cost": 88442.96,"Total Cost": 88443.23,"Plan Rows": 108,"Plan Width": 51,"Actual Startup Time": 940.836,"Actual Total Time": 940.881,"Actual Rows": 185,"Actual Loops": 1,"Sort Key": ["supplier.s_name"],"Sort Method": "quicksort","Sort Space Used": 42,"Sort Space Type": "Memory","Plans": [{"Node Type": "Hash Join","Parent Relationship": "Outer","Parallel Aware": false,"Async Capable": false,"Join Type": "Semi","Startup Cost": 88199.59,"Total Cost": 88439.31,"Plan Rows": 108,"Plan Width": 51,"Actual Startup Time": 936.442,"Actual Total Time": 940.383,"Actual Rows": 185,"Actual Loops": 1,"Inner Unique": false,"Hash Cond": "(supplier.s_suppkey = partsupp.ps_suppkey)","Plans": [{"Node Type": "Nested Loop","Parent Relationship": "Outer","Parallel Aware": false,"Async Capable": false,"Join Type": "Inner","Startup Cost": 7.38,"Total Cost": 244.58,"Plan Rows": 400,"Plan Width": 55,"Actual Startup Time": 0.253,"Actual Total Time": 4.149,"Actual Rows": 415,"Actual Loops": 1,"Inner Unique": false,"Plans": [{"Node Type": "Seq Scan","Parent Relationship": "Outer","Parallel Aware": false,"Async Capable": false,"Relation Name": "nation","Alias": "nation","Startup Cost": 0.00,"Total Cost": 1.31,"Plan Rows": 1,"Plan Width": 4,"Actual Startup Time": 0.060,"Actual Total Time": 0.081,"Actual Rows": 1,"Actual Loops": 1,"Filter": "(n_name = 'EGYPT'::bpchar)","Rows Removed by Filter": 24},{"Node Type": "Bitmap Heap Scan","Parent Relationship": "Inner","Parallel Aware": false,"Async Capable": false,"Relation Name": "supplier","Alias": "supplier","Startup Cost": 7.38,"Total Cost": 239.27,"Plan Rows": 400,"Plan Width": 59,"Actual Startup Time": 0.184,"Actual Total Time": 3.991,"Actual Rows": 415,"Actual Loops": 1,"Recheck Cond": "(s_nationkey = nation.n_nationkey)","Rows Removed by Index Recheck": 0,"Exact Heap Blocks": 183,"Lossy Heap Blocks": 0,"Plans": [{"Node Type": "Bitmap Index Scan","Parent Relationship": "Outer","Parallel Aware": false,"Async Capable": false,"Index Name": "idx_supplier_nation_key","Startup Cost": 0.00,"Total Cost": 7.29,"Plan Rows": 400,"Plan Width": 0,"Actual Startup Time": 0.120,"Actual Total Time": 0.126,"Actual Rows": 415,"Actual Loops": 1,"Index Cond": "(s_nationkey = nation.n_nationkey)"}]}]},{"Node Type": "Hash","Parent Relationship": "Inner","Parallel Aware": false,"Async Capable": false,"Startup Cost": 88158.53,"Total Cost": 88158.53,"Plan Rows": 2694,"Plan Width": 4,"Actual Startup Time": 936.069,"Actual Total Time": 936.083,"Actual Rows": 5636,"Actual Loops": 1,"Hash Buckets": 8192,"Original Hash Buckets": 4096,"Hash Batches": 1,"Original Hash Batches": 1,"Peak Memory Usage": 263,"Plans": [{"Node Type": "Nested Loop","Parent Relationship": "Outer","Parallel Aware": false,"Async Capable": false,"Join Type": "Inner","Startup Cost": 0.42,"Total Cost": 88158.53,"Plan Rows": 2694,"Plan Width": 4,"Actual Startup Time": 0.779,"Actual Total Time": 931.600,"Actual Rows": 5636,"Actual Loops": 1,"Inner Unique": false,"Plans": [{"Node Type": "Seq Scan","Parent Relationship": "Outer","Parallel Aware": false,"Async Capable": false,"Relation Name": "part","Alias": "part","Startup Cost": 0.00,"Total Cost": 6597.00,"Plan Rows": 2020,"Plan Width": 4,"Actual Startup Time": 0.186,"Actual Total Time": 178.833,"Actual Rows": 2071,"Actual Loops": 1,"Filter": "((p_name)::text ~~ 'steel%'::text)","Rows Removed by Filter": 197929},{"Node Type": "Index Scan","Parent Relationship": "Inner","Parallel Aware": false,"Async Capable": false,"Scan Direction": "Forward","Index Name": "idx_partsupp_partkey","Relation Name": "partsupp","Alias": "partsupp","Startup Cost": 0.42,"Total Cost": 40.36,"Plan Rows": 1,"Plan Width": 8,"Actual Startup Time": 0.150,"Actual Total Time": 0.363,"Actual Rows": 3,"Actual Loops": 2071,"Index Cond": "(ps_partkey = part.p_partkey)","Rows Removed by Index Recheck": 0,"Filter": "((ps_availqty)::numeric > (SubPlan 1))","Rows Removed by Filter": 1,"Plans": [{"Node Type": "Aggregate","Strategy": "Plain","Partial Mode": "Simple","Parent Relationship": "SubPlan","Subplan Name": "SubPlan 1","Parallel Aware": false,"Async Capable": false,"Startup Cost": 8.46,"Total Cost": 8.47,"Plan Rows": 1,"Plan Width": 32,"Actual Startup Time": 0.083,"Actual Total Time": 0.083,"Actual Rows": 1,"Actual Loops": 8284,"Plans": [{"Node Type": "Index Scan","Parent Relationship": "Outer","Parallel Aware": false,"Async Capable": false,"Scan Direction": "Forward","Index Name": "idx_lineitem_part_supp","Relation Name": "lineitem","Alias": "lineitem","Startup Cost": 0.43,"Total Cost": 8.46,"Plan Rows": 0,"Plan Width": 5,"Actual Startup Time": 0.050,"Actual Total Time": 0.082,"Actual Rows": 1,"Actual Loops": 8284,"Index Cond": "((l_partkey = partsupp.ps_partkey) AND (l_suppkey = partsupp.ps_suppkey))","Rows Removed by Index Recheck": 0,"Filter": "((l_shipdate >= '1997-01-01'::date) AND (l_shipdate < '1998-01-01 00:00:00'::timestamp without time zone))","Rows Removed by Filter": 6}]}]}]}]}]}]},"Planning Time": 7.713,"Triggers": [],"Execution Time": 941.141}]
[{"Plan": {"Node Type": "Sort","Parallel Aware": false,"Async Capable": false,"Startup Cost": 88442.96,"Total Cost": 88443.23,"Plan Rows": 108,"Plan Width": 51,"Actual Startup Time": 914.111,"Actual Total Time": 914.151,"Actual Rows": 182,"Actual Loops": 1,"Sort Key": ["supplier.s_name"],"Sort Method": "quicksort","Sort Space Used": 41,"Sort Space Type": "Memory","Plans": [{"Node Type": "Hash Join","Parent Relationship": "Outer","Parallel Aware": false,"Async Capable": false,"Join Type": "Semi","Startup Cost": 88199.59,"Total Cost": 88439.31,"Plan Rows": 108,"Plan Width": 51,"Actual Startup Time": 909.490,"Actual Total Time": 913.680,"Actual Rows": 182,"Actual Loops": 1,"Inner Unique": false,"Hash Cond": "(supplier.s_suppkey = partsupp.ps_suppkey)","Plans": [{"Node Type": "Nested Loop","Parent Relationship": "Outer","Parallel Aware": false,"Async Capable": false,"Join Type": "Inner","Startup Cost": 7.38,"Total Cost": 244.58,"Plan Rows": 400,"Plan Width": 55,"Actual Startup Time": 0.337,"Actual Total Time": 4.376,"Actual Rows": 413,"Actual Loops": 1,"Inner Unique": false,"Plans": [{"Node Type": "Seq Scan","Parent Relationship": "Outer","Parallel Aware": false,"Async Capable": false,"Relation Name": "nation","Alias": "nation","Startup Cost": 0.00,"Total Cost": 1.31,"Plan Rows": 1,"Plan Width": 4,"Actual Startup Time": 0.083,"Actual Total Time": 0.107,"Actual Rows": 1,"Actual Loops": 1,"Filter": "(n_name = 'ARGENTINA'::bpchar)","Rows Removed by Filter": 24},{"Node Type": "Bitmap Heap Scan","Parent Relationship": "Inner","Parallel Aware": false,"Async Capable": false,"Relation Name": "supplier","Alias": "supplier","Startup Cost": 7.38,"Total Cost": 239.27,"Plan Rows": 400,"Plan Width": 59,"Actual Startup Time": 0.242,"Actual Total Time": 4.191,"Actual Rows": 413,"Actual Loops": 1,"Recheck Cond": "(s_nationkey = nation.n_nationkey)","Rows Removed by Index Recheck": 0,"Exact Heap Blocks": 190,"Lossy Heap Blocks": 0,"Plans": [{"Node Type": "Bitmap Index Scan","Parent Relationship": "Outer","Parallel Aware": false,"Async Capable": false,"Index Name": "idx_supplier_nation_key","Startup Cost": 0.00,"Total Cost": 7.29,"Plan Rows": 400,"Plan Width": 0,"Actual Startup Time": 0.150,"Actual Total Time": 0.154,"Actual Rows": 413,"Actual Loops": 1,"Index Cond": "(s_nationkey = nation.n_nationkey)"}]}]},{"Node Type": "Hash","Parent Relationship": "Inner","Parallel Aware": false,"Async Capable": false,"Startup Cost": 88158.53,"Total Cost": 88158.53,"Plan Rows": 2694,"Plan Width": 4,"Actual Startup Time": 909.091,"Actual Total Time": 909.102,"Actual Rows": 6016,"Actual Loops": 1,"Hash Buckets": 8192,"Original Hash Buckets": 4096,"Hash Batches": 1,"Original Hash Batches": 1,"Peak Memory Usage": 276,"Plans": [{"Node Type": "Nested Loop","Parent Relationship": "Outer","Parallel Aware": false,"Async Capable": false,"Join Type": "Inner","Startup Cost": 0.42,"Total Cost": 88158.53,"Plan Rows": 2694,"Plan Width": 4,"Actual Startup Time": 0.641,"Actual Total Time": 904.410,"Actual Rows": 6016,"Actual Loops": 1,"Inner Unique": false,"Plans": [{"Node Type": "Seq Scan","Parent Relationship": "Outer","Parallel Aware": false,"Async Capable": false,"Relation Name": "part","Alias": "part","Startup Cost": 0.00,"Total Cost": 6597.00,"Plan Rows": 2020,"Plan Width": 4,"Actual Startup Time": 0.066,"Actual Total Time": 196.565,"Actual Rows": 2232,"Actual Loops": 1,"Filter": "((p_name)::text ~~ 'bisque%'::text)","Rows Removed by Filter": 197768},{"Node Type": "Index Scan","Parent Relationship": "Inner","Parallel Aware": false,"Async Capable": false,"Scan Direction": "Forward","Index Name": "idx_partsupp_partkey","Relation Name": "partsupp","Alias": "partsupp","Startup Cost": 0.42,"Total Cost": 40.36,"Plan Rows": 1,"Plan Width": 8,"Actual Startup Time": 0.138,"Actual Total Time": 0.317,"Actual Rows": 3,"Actual Loops": 2232,"Index Cond": "(ps_partkey = part.p_partkey)","Rows Removed by Index Recheck": 0,"Filter": "((ps_availqty)::numeric > (SubPlan 1))","Rows Removed by Filter": 1,"Plans": [{"Node Type": "Aggregate","Strategy": "Plain","Partial Mode": "Simple","Parent Relationship": "SubPlan","Subplan Name": "SubPlan 1","Parallel Aware": false,"Async Capable": false,"Startup Cost": 8.46,"Total Cost": 8.47,"Plan Rows": 1,"Plan Width": 32,"Actual Startup Time": 0.071,"Actual Total Time": 0.071,"Actual Rows": 1,"Actual Loops": 8928,"Plans": [{"Node Type": "Index Scan","Parent Relationship": "Outer","Parallel Aware": false,"Async Capable": false,"Scan Direction": "Forward","Index Name": "idx_lineitem_part_supp","Relation Name": "lineitem","Alias": "lineitem","Startup Cost": 0.43,"Total Cost": 8.46,"Plan Rows": 0,"Plan Width": 5,"Actual Startup Time": 0.044,"Actual Total Time": 0.070,"Actual Rows": 1,"Actual Loops": 8928,"Index Cond": "((l_partkey = partsupp.ps_partkey) AND (l_suppkey = partsupp.ps_suppkey))","Rows Removed by Index Recheck": 0,"Filter": "((l_shipdate >= '1997-01-01'::date) AND (l_shipdate < '1998-01-01 00:00:00'::timestamp without time zone))","Rows Removed by Filter": 6}]}]}]}]}]}]},"Planning Time": 7.011,"Triggers": [],"Execution Time": 914.424}]
[{"Plan": {"Node Type": "Sort","Parallel Aware": false,"Async Capable": false,"Startup Cost": 88442.96,"Total Cost": 88443.23,"Plan Rows": 108,"Plan Width": 51,"Actual Startup Time": 984.729,"Actual Total Time": 984.771,"Actual Rows": 169,"Actual Loops": 1,"Sort Key": ["supplier.s_name"],"Sort Method": "quicksort","Sort Space Used": 40,"Sort Space Type": "Memory","Plans": [{"Node Type": "Hash Join","Parent Relationship": "Outer","Parallel Aware": false,"Async Capable": false,"Join Type": "Semi","Startup Cost": 88199.59,"Total Cost": 88439.31,"Plan Rows": 108,"Plan Width": 51,"Actual Startup Time": 980.311,"Actual Total Time": 984.015,"Actual Rows": 169,"Actual Loops": 1,"Inner Unique": false,"Hash Cond": "(supplier.s_suppkey = partsupp.ps_suppkey)","Plans": [{"Node Type": "Nested Loop","Parent Relationship": "Outer","Parallel Aware": false,"Async Capable": false,"Join Type": "Inner","Startup Cost": 7.38,"Total Cost": 244.58,"Plan Rows": 400,"Plan Width": 55,"Actual Startup Time": 0.259,"Actual Total Time": 3.918,"Actual Rows": 373,"Actual Loops": 1,"Inner Unique": false,"Plans": [{"Node Type": "Seq Scan","Parent Relationship": "Outer","Parallel Aware": false,"Async Capable": false,"Relation Name": "nation","Alias": "nation","Startup Cost": 0.00,"Total Cost": 1.31,"Plan Rows": 1,"Plan Width": 4,"Actual Startup Time": 0.068,"Actual Total Time": 0.100,"Actual Rows": 1,"Actual Loops": 1,"Filter": "(n_name = 'MOROCCO'::bpchar)","Rows Removed by Filter": 24},{"Node Type": "Bitmap Heap Scan","Parent Relationship": "Inner","Parallel Aware": false,"Async Capable": false,"Relation Name": "supplier","Alias": "supplier","Startup Cost": 7.38,"Total Cost": 239.27,"Plan Rows": 400,"Plan Width": 59,"Actual Startup Time": 0.188,"Actual Total Time": 3.757,"Actual Rows": 373,"Actual Loops": 1,"Recheck Cond": "(s_nationkey = nation.n_nationkey)","Rows Removed by Index Recheck": 0,"Exact Heap Blocks": 180,"Lossy Heap Blocks": 0,"Plans": [{"Node Type": "Bitmap Index Scan","Parent Relationship": "Outer","Parallel Aware": false,"Async Capable": false,"Index Name": "idx_supplier_nation_key","Startup Cost": 0.00,"Total Cost": 7.29,"Plan Rows": 400,"Plan Width": 0,"Actual Startup Time": 0.121,"Actual Total Time": 0.124,"Actual Rows": 373,"Actual Loops": 1,"Index Cond": "(s_nationkey = nation.n_nationkey)"}]}]},{"Node Type": "Hash","Parent Relationship": "Inner","Parallel Aware": false,"Async Capable": false,"Startup Cost": 88158.53,"Total Cost": 88158.53,"Plan Rows": 2694,"Plan Width": 4,"Actual Startup Time": 979.937,"Actual Total Time": 979.946,"Actual Rows": 6023,"Actual Loops": 1,"Hash Buckets": 8192,"Original Hash Buckets": 4096,"Hash Batches": 1,"Original Hash Batches": 1,"Peak Memory Usage": 276,"Plans": [{"Node Type": "Nested Loop","Parent Relationship": "Outer","Parallel Aware": false,"Async Capable": false,"Join Type": "Inner","Startup Cost": 0.42,"Total Cost": 88158.53,"Plan Rows": 2694,"Plan Width": 4,"Actual Startup Time": 0.691,"Actual Total Time": 975.204,"Actual Rows": 6023,"Actual Loops": 1,"Inner Unique": false,"Plans": [{"Node Type": "Seq Scan","Parent Relationship": "Outer","Parallel Aware": false,"Async Capable": false,"Relation Name": "part","Alias": "part","Startup Cost": 0.00,"Total Cost": 6597.00,"Plan Rows": 2020,"Plan Width": 4,"Actual Startup Time": 0.153,"Actual Total Time": 182.070,"Actual Rows": 2222,"Actual Loops": 1,"Filter": "((p_name)::text ~~ 'hot%'::text)","Rows Removed by Filter": 197778},{"Node Type": "Index Scan","Parent Relationship": "Inner","Parallel Aware": false,"Async Capable": false,"Scan Direction": "Forward","Index Name": "idx_partsupp_partkey","Relation Name": "partsupp","Alias": "partsupp","Startup Cost": 0.42,"Total Cost": 40.36,"Plan Rows": 1,"Plan Width": 8,"Actual Startup Time": 0.150,"Actual Total Time": 0.356,"Actual Rows": 3,"Actual Loops": 2222,"Index Cond": "(ps_partkey = part.p_partkey)","Rows Removed by Index Recheck": 0,"Filter": "((ps_availqty)::numeric > (SubPlan 1))","Rows Removed by Filter": 1,"Plans": [{"Node Type": "Aggregate","Strategy": "Plain","Partial Mode": "Simple","Parent Relationship": "SubPlan","Subplan Name": "SubPlan 1","Parallel Aware": false,"Async Capable": false,"Startup Cost": 8.46,"Total Cost": 8.47,"Plan Rows": 1,"Plan Width": 32,"Actual Startup Time": 0.081,"Actual Total Time": 0.081,"Actual Rows": 1,"Actual Loops": 8888,"Plans": [{"Node Type": "Index Scan","Parent Relationship": "Outer","Parallel Aware": false,"Async Capable": false,"Scan Direction": "Forward","Index Name": "idx_lineitem_part_supp","Relation Name": "lineitem","Alias": "lineitem","Startup Cost": 0.43,"Total Cost": 8.46,"Plan Rows": 0,"Plan Width": 5,"Actual Startup Time": 0.049,"Actual Total Time": 0.080,"Actual Rows": 1,"Actual Loops": 8888,"Index Cond": "((l_partkey = partsupp.ps_partkey) AND (l_suppkey = partsupp.ps_suppkey))","Rows Removed by Index Recheck": 0,"Filter": "((l_shipdate >= '1997-01-01'::date) AND (l_shipdate < '1998-01-01 00:00:00'::timestamp without time zone))","Rows Removed by Filter": 6}]}]}]}]}]}]},"Planning Time": 7.267,"Triggers": [],"Execution Time": 985.091}]
[{"Plan": {"Node Type": "Sort","Parallel Aware": false,"Async Capable": false,"Startup Cost": 88442.96,"Total Cost": 88443.23,"Plan Rows": 108,"Plan Width": 51,"Actual Startup Time": 914.510,"Actual Total Time": 914.540,"Actual Rows": 163,"Actual Loops": 1,"Sort Key": ["supplier.s_name"],"Sort Method": "quicksort","Sort Space Used": 40,"Sort Space Type": "Memory","Plans": [{"Node Type": "Hash Join","Parent Relationship": "Outer","Parallel Aware": false,"Async Capable": false,"Join Type": "Semi","Startup Cost": 88199.59,"Total Cost": 88439.31,"Plan Rows": 108,"Plan Width": 51,"Actual Startup Time": 910.200,"Actual Total Time": 914.190,"Actual Rows": 163,"Actual Loops": 1,"Inner Unique": false,"Hash Cond": "(supplier.s_suppkey = partsupp.ps_suppkey)","Plans": [{"Node Type": "Nested Loop","Parent Relationship": "Outer","Parallel Aware": false,"Async Capable": false,"Join Type": "Inner","Startup Cost": 7.38,"Total Cost": 244.58,"Plan Rows": 400,"Plan Width": 55,"Actual Startup Time": 0.267,"Actual Total Time": 4.174,"Actual Rows": 407,"Actual Loops": 1,"Inner Unique": false,"Plans": [{"Node Type": "Seq Scan","Parent Relationship": "Outer","Parallel Aware": false,"Async Capable": false,"Relation Name": "nation","Alias": "nation","Startup Cost": 0.00,"Total Cost": 1.31,"Plan Rows": 1,"Plan Width": 4,"Actual Startup Time": 0.070,"Actual Total Time": 0.086,"Actual Rows": 1,"Actual Loops": 1,"Filter": "(n_name = 'CHINA'::bpchar)","Rows Removed by Filter": 24},{"Node Type": "Bitmap Heap Scan","Parent Relationship": "Inner","Parallel Aware": false,"Async Capable": false,"Relation Name": "supplier","Alias": "supplier","Startup Cost": 7.38,"Total Cost": 239.27,"Plan Rows": 400,"Plan Width": 59,"Actual Startup Time": 0.187,"Actual Total Time": 4.004,"Actual Rows": 407,"Actual Loops": 1,"Recheck Cond": "(s_nationkey = nation.n_nationkey)","Rows Removed by Index Recheck": 0,"Exact Heap Blocks": 186,"Lossy Heap Blocks": 0,"Plans": [{"Node Type": "Bitmap Index Scan","Parent Relationship": "Outer","Parallel Aware": false,"Async Capable": false,"Index Name": "idx_supplier_nation_key","Startup Cost": 0.00,"Total Cost": 7.29,"Plan Rows": 400,"Plan Width": 0,"Actual Startup Time": 0.120,"Actual Total Time": 0.123,"Actual Rows": 407,"Actual Loops": 1,"Index Cond": "(s_nationkey = nation.n_nationkey)"}]}]},{"Node Type": "Hash","Parent Relationship": "Inner","Parallel Aware": false,"Async Capable": false,"Startup Cost": 88158.53,"Total Cost": 88158.53,"Plan Rows": 2694,"Plan Width": 4,"Actual Startup Time": 909.839,"Actual Total Time": 909.850,"Actual Rows": 6003,"Actual Loops": 1,"Hash Buckets": 8192,"Original Hash Buckets": 4096,"Hash Batches": 1,"Original Hash Batches": 1,"Peak Memory Usage": 276,"Plans": [{"Node Type": "Nested Loop","Parent Relationship": "Outer","Parallel Aware": false,"Async Capable": false,"Join Type": "Inner","Startup Cost": 0.42,"Total Cost": 88158.53,"Plan Rows": 2694,"Plan Width": 4,"Actual Startup Time": 0.741,"Actual Total Time": 905.396,"Actual Rows": 6003,"Actual Loops": 1,"Inner Unique": false,"Plans": [{"Node Type": "Seq Scan","Parent Relationship": "Outer","Parallel Aware": false,"Async Capable": false,"Relation Name": "part","Alias": "part","Startup Cost": 0.00,"Total Cost": 6597.00,"Plan Rows": 2020,"Plan Width": 4,"Actual Startup Time": 0.258,"Actual Total Time": 196.379,"Actual Rows": 2223,"Actual Loops": 1,"Filter": "((p_name)::text ~~ 'blue%'::text)","Rows Removed by Filter": 197777},{"Node Type": "Index Scan","Parent Relationship": "Inner","Parallel Aware": false,"Async Capable": false,"Scan Direction": "Forward","Index Name": "idx_partsupp_partkey","Relation Name": "partsupp","Alias": "partsupp","Startup Cost": 0.42,"Total Cost": 40.36,"Plan Rows": 1,"Plan Width": 8,"Actual Startup Time": 0.135,"Actual Total Time": 0.318,"Actual Rows": 3,"Actual Loops": 2223,"Index Cond": "(ps_partkey = part.p_partkey)","Rows Removed by Index Recheck": 0,"Filter": "((ps_availqty)::numeric > (SubPlan 1))","Rows Removed by Filter": 1,"Plans": [{"Node Type": "Aggregate","Strategy": "Plain","Partial Mode": "Simple","Parent Relationship": "SubPlan","Subplan Name": "SubPlan 1","Parallel Aware": false,"Async Capable": false,"Startup Cost": 8.46,"Total Cost": 8.47,"Plan Rows": 1,"Plan Width": 32,"Actual Startup Time": 0.071,"Actual Total Time": 0.071,"Actual Rows": 1,"Actual Loops": 8892,"Plans": [{"Node Type": "Index Scan","Parent Relationship": "Outer","Parallel Aware": false,"Async Capable": false,"Scan Direction": "Forward","Index Name": "idx_lineitem_part_supp","Relation Name": "lineitem","Alias": "lineitem","Startup Cost": 0.43,"Total Cost": 8.46,"Plan Rows": 0,"Plan Width": 5,"Actual Startup Time": 0.044,"Actual Total Time": 0.071,"Actual Rows": 1,"Actual Loops": 8892,"Index Cond": "((l_partkey = partsupp.ps_partkey) AND (l_suppkey = partsupp.ps_suppkey))","Rows Removed by Index Recheck": 0,"Filter": "((l_shipdate >= '1996-01-01'::date) AND (l_shipdate < '1997-01-01 00:00:00'::timestamp without time zone))","Rows Removed by Filter": 6}]}]}]}]}]}]},"Planning Time": 7.305,"Triggers": [],"Execution Time": 914.770}]
[{"Plan": {"Node Type": "Sort","Parallel Aware": false,"Async Capable": false,"Startup Cost": 88442.96,"Total Cost": 88443.23,"Plan Rows": 108,"Plan Width": 51,"Actual Startup Time": 978.033,"Actual Total Time": 978.077,"Actual Rows": 184,"Actual Loops": 1,"Sort Key": ["supplier.s_name"],"Sort Method": "quicksort","Sort Space Used": 42,"Sort Space Type": "Memory","Plans": [{"Node Type": "Hash Join","Parent Relationship": "Outer","Parallel Aware": false,"Async Capable": false,"Join Type": "Semi","Startup Cost": 88199.59,"Total Cost": 88439.31,"Plan Rows": 108,"Plan Width": 51,"Actual Startup Time": 973.845,"Actual Total Time": 977.730,"Actual Rows": 184,"Actual Loops": 1,"Inner Unique": false,"Hash Cond": "(supplier.s_suppkey = partsupp.ps_suppkey)","Plans": [{"Node Type": "Nested Loop","Parent Relationship": "Outer","Parallel Aware": false,"Async Capable": false,"Join Type": "Inner","Startup Cost": 7.38,"Total Cost": 244.58,"Plan Rows": 400,"Plan Width": 55,"Actual Startup Time": 0.307,"Actual Total Time": 4.109,"Actual Rows": 421,"Actual Loops": 1,"Inner Unique": false,"Plans": [{"Node Type": "Seq Scan","Parent Relationship": "Outer","Parallel Aware": false,"Async Capable": false,"Relation Name": "nation","Alias": "nation","Startup Cost": 0.00,"Total Cost": 1.31,"Plan Rows": 1,"Plan Width": 4,"Actual Startup Time": 0.068,"Actual Total Time": 0.089,"Actual Rows": 1,"Actual Loops": 1,"Filter": "(n_name = 'PERU'::bpchar)","Rows Removed by Filter": 24},{"Node Type": "Bitmap Heap Scan","Parent Relationship": "Inner","Parallel Aware": false,"Async Capable": false,"Relation Name": "supplier","Alias": "supplier","Startup Cost": 7.38,"Total Cost": 239.27,"Plan Rows": 400,"Plan Width": 59,"Actual Startup Time": 0.235,"Actual Total Time": 3.948,"Actual Rows": 421,"Actual Loops": 1,"Recheck Cond": "(s_nationkey = nation.n_nationkey)","Rows Removed by Index Recheck": 0,"Exact Heap Blocks": 187,"Lossy Heap Blocks": 0,"Plans": [{"Node Type": "Bitmap Index Scan","Parent Relationship": "Outer","Parallel Aware": false,"Async Capable": false,"Index Name": "idx_supplier_nation_key","Startup Cost": 0.00,"Total Cost": 7.29,"Plan Rows": 400,"Plan Width": 0,"Actual Startup Time": 0.172,"Actual Total Time": 0.177,"Actual Rows": 421,"Actual Loops": 1,"Index Cond": "(s_nationkey = nation.n_nationkey)"}]}]},{"Node Type": "Hash","Parent Relationship": "Inner","Parallel Aware": false,"Async Capable": false,"Startup Cost": 88158.53,"Total Cost": 88158.53,"Plan Rows": 2694,"Plan Width": 4,"Actual Startup Time": 973.441,"Actual Total Time": 973.451,"Actual Rows": 5977,"Actual Loops": 1,"Hash Buckets": 8192,"Original Hash Buckets": 4096,"Hash Batches": 1,"Original Hash Batches": 1,"Peak Memory Usage": 275,"Plans": [{"Node Type": "Nested Loop","Parent Relationship": "Outer","Parallel Aware": false,"Async Capable": false,"Join Type": "Inner","Startup Cost": 0.42,"Total Cost": 88158.53,"Plan Rows": 2694,"Plan Width": 4,"Actual Startup Time": 0.611,"Actual Total Time": 968.973,"Actual Rows": 5977,"Actual Loops": 1,"Inner Unique": false,"Plans": [{"Node Type": "Seq Scan","Parent Relationship": "Outer","Parallel Aware": false,"Async Capable": false,"Relation Name": "part","Alias": "part","Startup Cost": 0.00,"Total Cost": 6597.00,"Plan Rows": 2020,"Plan Width": 4,"Actual Startup Time": 0.058,"Actual Total Time": 181.588,"Actual Rows": 2205,"Actual Loops": 1,"Filter": "((p_name)::text ~~ 'rose%'::text)","Rows Removed by Filter": 197795},{"Node Type": "Index Scan","Parent Relationship": "Inner","Parallel Aware": false,"Async Capable": false,"Scan Direction": "Forward","Index Name": "idx_partsupp_partkey","Relation Name": "partsupp","Alias": "partsupp","Startup Cost": 0.42,"Total Cost": 40.36,"Plan Rows": 1,"Plan Width": 8,"Actual Startup Time": 0.151,"Actual Total Time": 0.357,"Actual Rows": 3,"Actual Loops": 2205,"Index Cond": "(ps_partkey = part.p_partkey)","Rows Removed by Index Recheck": 0,"Filter": "((ps_availqty)::numeric > (SubPlan 1))","Rows Removed by Filter": 1,"Plans": [{"Node Type": "Aggregate","Strategy": "Plain","Partial Mode": "Simple","Parent Relationship": "SubPlan","Subplan Name": "SubPlan 1","Parallel Aware": false,"Async Capable": false,"Startup Cost": 8.46,"Total Cost": 8.47,"Plan Rows": 1,"Plan Width": 32,"Actual Startup Time": 0.081,"Actual Total Time": 0.081,"Actual Rows": 1,"Actual Loops": 8820,"Plans": [{"Node Type": "Index Scan","Parent Relationship": "Outer","Parallel Aware": false,"Async Capable": false,"Scan Direction": "Forward","Index Name": "idx_lineitem_part_supp","Relation Name": "lineitem","Alias": "lineitem","Startup Cost": 0.43,"Total Cost": 8.46,"Plan Rows": 0,"Plan Width": 5,"Actual Startup Time": 0.049,"Actual Total Time": 0.080,"Actual Rows": 1,"Actual Loops": 8820,"Index Cond": "((l_partkey = partsupp.ps_partkey) AND (l_suppkey = partsupp.ps_suppkey))","Rows Removed by Index Recheck": 0,"Filter": "((l_shipdate >= '1994-01-01'::date) AND (l_shipdate < '1995-01-01 00:00:00'::timestamp without time zone))","Rows Removed by Filter": 6}]}]}]}]}]}]},"Planning Time": 7.128,"Triggers": [],"Execution Time": 978.352}]
[{"Plan": {"Node Type": "Sort","Parallel Aware": false,"Async Capable": false,"Startup Cost": 165280.99,"Total Cost": 165281.52,"Plan Rows": 215,"Plan Width": 51,"Actual Startup Time": 921.450,"Actual Total Time": 921.486,"Actual Rows": 172,"Actual Loops": 1,"Sort Key": ["supplier.s_name"],"Sort Method": "quicksort","Sort Space Used": 40,"Sort Space Type": "Memory","Plans": [{"Node Type": "Hash Join","Parent Relationship": "Outer","Parallel Aware": false,"Async Capable": false,"Join Type": "Semi","Startup Cost": 165030.68,"Total Cost": 165272.66,"Plan Rows": 215,"Plan Width": 51,"Actual Startup Time": 916.479,"Actual Total Time": 921.116,"Actual Rows": 172,"Actual Loops": 1,"Inner Unique": false,"Hash Cond": "(supplier.s_suppkey = partsupp.ps_suppkey)","Plans": [{"Node Type": "Nested Loop","Parent Relationship": "Outer","Parallel Aware": false,"Async Capable": false,"Join Type": "Inner","Startup Cost": 7.38,"Total Cost": 244.58,"Plan Rows": 400,"Plan Width": 55,"Actual Startup Time": 0.273,"Actual Total Time": 4.372,"Actual Rows": 396,"Actual Loops": 1,"Inner Unique": false,"Plans": [{"Node Type": "Seq Scan","Parent Relationship": "Outer","Parallel Aware": false,"Async Capable": false,"Relation Name": "nation","Alias": "nation","Startup Cost": 0.00,"Total Cost": 1.31,"Plan Rows": 1,"Plan Width": 4,"Actual Startup Time": 0.049,"Actual Total Time": 0.083,"Actual Rows": 1,"Actual Loops": 1,"Filter": "(n_name = 'GERMANY'::bpchar)","Rows Removed by Filter": 24},{"Node Type": "Bitmap Heap Scan","Parent Relationship": "Inner","Parallel Aware": false,"Async Capable": false,"Relation Name": "supplier","Alias": "supplier","Startup Cost": 7.38,"Total Cost": 239.27,"Plan Rows": 400,"Plan Width": 59,"Actual Startup Time": 0.214,"Actual Total Time": 4.212,"Actual Rows": 396,"Actual Loops": 1,"Recheck Cond": "(s_nationkey = nation.n_nationkey)","Rows Removed by Index Recheck": 0,"Exact Heap Blocks": 191,"Lossy Heap Blocks": 0,"Plans": [{"Node Type": "Bitmap Index Scan","Parent Relationship": "Outer","Parallel Aware": false,"Async Capable": false,"Index Name": "idx_supplier_nation_key","Startup Cost": 0.00,"Total Cost": 7.29,"Plan Rows": 400,"Plan Width": 0,"Actual Startup Time": 0.124,"Actual Total Time": 0.128,"Actual Rows": 396,"Actual Loops": 1,"Index Cond": "(s_nationkey = nation.n_nationkey)"}]}]},{"Node Type": "Hash","Parent Relationship": "Inner","Parallel Aware": false,"Async Capable": false,"Startup Cost": 164955.96,"Total Cost": 164955.96,"Plan Rows": 5387,"Plan Width": 4,"Actual Startup Time": 916.056,"Actual Total Time": 916.065,"Actual Rows": 6102,"Actual Loops": 1,"Hash Buckets": 8192,"Original Hash Buckets": 8192,"Hash Batches": 1,"Original Hash Batches": 1,"Peak Memory Usage": 279,"Plans": [{"Node Type": "Nested Loop","Parent Relationship": "Outer","Parallel Aware": false,"Async Capable": false,"Join Type": "Inner","Startup Cost": 0.42,"Total Cost": 164955.96,"Plan Rows": 5387,"Plan Width": 4,"Actual Startup Time": 0.690,"Actual Total Time": 909.541,"Actual Rows": 6102,"Actual Loops": 1,"Inner Unique": false,"Plans": [{"Node Type": "Seq Scan","Parent Relationship": "Outer","Parallel Aware": false,"Async Capable": false,"Relation Name": "part","Alias": "part","Startup Cost": 0.00,"Total Cost": 6597.00,"Plan Rows": 4040,"Plan Width": 4,"Actual Startup Time": 0.126,"Actual Total Time": 197.934,"Actual Rows": 2228,"Actual Loops": 1,"Filter": "((p_name)::text ~~ 'dim%'::text)","Rows Removed by Filter": 197772},{"Node Type": "Index Scan","Parent Relationship": "Inner","Parallel Aware": false,"Async Capable": false,"Scan Direction": "Forward","Index Name": "idx_partsupp_partkey","Relation Name": "partsupp","Alias": "partsupp","Startup Cost": 0.42,"Total Cost": 39.18,"Plan Rows": 1,"Plan Width": 8,"Actual Startup Time": 0.134,"Actual Total Time": 0.319,"Actual Rows": 3,"Actual Loops": 2228,"Index Cond": "(ps_partkey = part.p_partkey)","Rows Removed by Index Recheck": 0,"Filter": "((ps_availqty)::numeric > (SubPlan 1))","Rows Removed by Filter": 1,"Plans": [{"Node Type": "Aggregate","Strategy": "Plain","Partial Mode": "Simple","Parent Relationship": "SubPlan","Subplan Name": "SubPlan 1","Parallel Aware": false,"Async Capable": false,"Startup Cost": 8.46,"Total Cost": 8.47,"Plan Rows": 1,"Plan Width": 32,"Actual Startup Time": 0.071,"Actual Total Time": 0.071,"Actual Rows": 1,"Actual Loops": 8912,"Plans": [{"Node Type": "Index Scan","Parent Relationship": "Outer","Parallel Aware": false,"Async Capable": false,"Scan Direction": "Forward","Index Name": "idx_lineitem_part_supp","Relation Name": "lineitem","Alias": "lineitem","Startup Cost": 0.43,"Total Cost": 8.46,"Plan Rows": 0,"Plan Width": 5,"Actual Startup Time": 0.044,"Actual Total Time": 0.071,"Actual Rows": 1,"Actual Loops": 8912,"Index Cond": "((l_partkey = partsupp.ps_partkey) AND (l_suppkey = partsupp.ps_suppkey))","Rows Removed by Index Recheck": 0,"Filter": "((l_shipdate >= '1993-01-01'::date) AND (l_shipdate < '1994-01-01 00:00:00'::timestamp without time zone))","Rows Removed by Filter": 6}]}]}]}]}]}]},"Planning Time": 6.976,"Triggers": [],"Execution Time": 921.804}]
[{"Plan": {"Node Type": "Sort","Parallel Aware": false,"Async Capable": false,"Startup Cost": 88442.96,"Total Cost": 88443.23,"Plan Rows": 108,"Plan Width": 51,"Actual Startup Time": 1003.494,"Actual Total Time": 1003.535,"Actual Rows": 174,"Actual Loops": 1,"Sort Key": ["supplier.s_name"],"Sort Method": "quicksort","Sort Space Used": 41,"Sort Space Type": "Memory","Plans": [{"Node Type": "Hash Join","Parent Relationship": "Outer","Parallel Aware": false,"Async Capable": false,"Join Type": "Semi","Startup Cost": 88199.59,"Total Cost": 88439.31,"Plan Rows": 108,"Plan Width": 51,"Actual Startup Time": 998.968,"Actual Total Time": 1003.202,"Actual Rows": 174,"Actual Loops": 1,"Inner Unique": false,"Hash Cond": "(supplier.s_suppkey = partsupp.ps_suppkey)","Plans": [{"Node Type": "Nested Loop","Parent Relationship": "Outer","Parallel Aware": false,"Async Capable": false,"Join Type": "Inner","Startup Cost": 7.38,"Total Cost": 244.58,"Plan Rows": 400,"Plan Width": 55,"Actual Startup Time": 0.257,"Actual Total Time": 4.411,"Actual Rows": 405,"Actual Loops": 1,"Inner Unique": false,"Plans": [{"Node Type": "Seq Scan","Parent Relationship": "Outer","Parallel Aware": false,"Async Capable": false,"Relation Name": "nation","Alias": "nation","Startup Cost": 0.00,"Total Cost": 1.31,"Plan Rows": 1,"Plan Width": 4,"Actual Startup Time": 0.068,"Actual Total Time": 0.089,"Actual Rows": 1,"Actual Loops": 1,"Filter": "(n_name = 'INDONESIA'::bpchar)","Rows Removed by Filter": 24},{"Node Type": "Bitmap Heap Scan","Parent Relationship": "Inner","Parallel Aware": false,"Async Capable": false,"Relation Name": "supplier","Alias": "supplier","Startup Cost": 7.38,"Total Cost": 239.27,"Plan Rows": 400,"Plan Width": 59,"Actual Startup Time": 0.186,"Actual Total Time": 4.264,"Actual Rows": 405,"Actual Loops": 1,"Recheck Cond": "(s_nationkey = nation.n_nationkey)","Rows Removed by Index Recheck": 0,"Exact Heap Blocks": 192,"Lossy Heap Blocks": 0,"Plans": [{"Node Type": "Bitmap Index Scan","Parent Relationship": "Outer","Parallel Aware": false,"Async Capable": false,"Index Name": "idx_supplier_nation_key","Startup Cost": 0.00,"Total Cost": 7.29,"Plan Rows": 400,"Plan Width": 0,"Actual Startup Time": 0.120,"Actual Total Time": 0.123,"Actual Rows": 405,"Actual Loops": 1,"Index Cond": "(s_nationkey = nation.n_nationkey)"}]}]},{"Node Type": "Hash","Parent Relationship": "Inner","Parallel Aware": false,"Async Capable": false,"Startup Cost": 88158.53,"Total Cost": 88158.53,"Plan Rows": 2694,"Plan Width": 4,"Actual Startup Time": 998.637,"Actual Total Time": 998.645,"Actual Rows": 6107,"Actual Loops": 1,"Hash Buckets": 8192,"Original Hash Buckets": 4096,"Hash Batches": 1,"Original Hash Batches": 1,"Peak Memory Usage": 279,"Plans": [{"Node Type": "Nested Loop","Parent Relationship": "Outer","Parallel Aware": false,"Async Capable": false,"Join Type": "Inner","Startup Cost": 0.42,"Total Cost": 88158.53,"Plan Rows": 2694,"Plan Width": 4,"Actual Startup Time": 0.525,"Actual Total Time": 994.059,"Actual Rows": 6107,"Actual Loops": 1,"Inner Unique": false,"Plans": [{"Node Type": "Seq Scan","Parent Relationship": "Outer","Parallel Aware": false,"Async Capable": false,"Relation Name": "part","Alias": "part","Startup Cost": 0.00,"Total Cost": 6597.00,"Plan Rows": 2020,"Plan Width": 4,"Actual Startup Time": 0.048,"Actual Total Time": 182.273,"Actual Rows": 2255,"Actual Loops": 1,"Filter": "((p_name)::text ~~ 'navajo%'::text)","Rows Removed by Filter": 197745},{"Node Type": "Index Scan","Parent Relationship": "Inner","Parallel Aware": false,"Async Capable": false,"Scan Direction": "Forward","Index Name": "idx_partsupp_partkey","Relation Name": "partsupp","Alias": "partsupp","Startup Cost": 0.42,"Total Cost": 40.36,"Plan Rows": 1,"Plan Width": 8,"Actual Startup Time": 0.152,"Actual Total Time": 0.360,"Actual Rows": 3,"Actual Loops": 2255,"Index Cond": "(ps_partkey = part.p_partkey)","Rows Removed by Index Recheck": 0,"Filter": "((ps_availqty)::numeric > (SubPlan 1))","Rows Removed by Filter": 1,"Plans": [{"Node Type": "Aggregate","Strategy": "Plain","Partial Mode": "Simple","Parent Relationship": "SubPlan","Subplan Name": "SubPlan 1","Parallel Aware": false,"Async Capable": false,"Startup Cost": 8.46,"Total Cost": 8.47,"Plan Rows": 1,"Plan Width": 32,"Actual Startup Time": 0.082,"Actual Total Time": 0.082,"Actual Rows": 1,"Actual Loops": 9020,"Plans": [{"Node Type": "Index Scan","Parent Relationship": "Outer","Parallel Aware": false,"Async Capable": false,"Scan Direction": "Forward","Index Name": "idx_lineitem_part_supp","Relation Name": "lineitem","Alias": "lineitem","Startup Cost": 0.43,"Total Cost": 8.46,"Plan Rows": 0,"Plan Width": 5,"Actual Startup Time": 0.049,"Actual Total Time": 0.081,"Actual Rows": 1,"Actual Loops": 9020,"Index Cond": "((l_partkey = partsupp.ps_partkey) AND (l_suppkey = partsupp.ps_suppkey))","Rows Removed by Index Recheck": 0,"Filter": "((l_shipdate >= '1994-01-01'::date) AND (l_shipdate < '1995-01-01 00:00:00'::timestamp without time zone))","Rows Removed by Filter": 6}]}]}]}]}]}]},"Planning Time": 6.410,"Triggers": [],"Execution Time": 1003.794}]
[{"Plan": {"Node Type": "Sort","Parallel Aware": false,"Async Capable": false,"Startup Cost": 88442.96,"Total Cost": 88443.23,"Plan Rows": 108,"Plan Width": 51,"Actual Startup Time": 970.115,"Actual Total Time": 970.151,"Actual Rows": 186,"Actual Loops": 1,"Sort Key": ["supplier.s_name"],"Sort Method": "quicksort","Sort Space Used": 42,"Sort Space Type": "Memory","Plans": [{"Node Type": "Hash Join","Parent Relationship": "Outer","Parallel Aware": false,"Async Capable": false,"Join Type": "Semi","Startup Cost": 88199.59,"Total Cost": 88439.31,"Plan Rows": 108,"Plan Width": 51,"Actual Startup Time": 966.049,"Actual Total Time": 969.793,"Actual Rows": 186,"Actual Loops": 1,"Inner Unique": false,"Hash Cond": "(supplier.s_suppkey = partsupp.ps_suppkey)","Plans": [{"Node Type": "Nested Loop","Parent Relationship": "Outer","Parallel Aware": false,"Async Capable": false,"Join Type": "Inner","Startup Cost": 7.38,"Total Cost": 244.58,"Plan Rows": 400,"Plan Width": 55,"Actual Startup Time": 0.292,"Actual Total Time": 3.948,"Actual Rows": 411,"Actual Loops": 1,"Inner Unique": false,"Plans": [{"Node Type": "Seq Scan","Parent Relationship": "Outer","Parallel Aware": false,"Async Capable": false,"Relation Name": "nation","Alias": "nation","Startup Cost": 0.00,"Total Cost": 1.31,"Plan Rows": 1,"Plan Width": 4,"Actual Startup Time": 0.074,"Actual Total Time": 0.089,"Actual Rows": 1,"Actual Loops": 1,"Filter": "(n_name = 'SAUDI ARABIA'::bpchar)","Rows Removed by Filter": 24},{"Node Type": "Bitmap Heap Scan","Parent Relationship": "Inner","Parallel Aware": false,"Async Capable": false,"Relation Name": "supplier","Alias": "supplier","Startup Cost": 7.38,"Total Cost": 239.27,"Plan Rows": 400,"Plan Width": 59,"Actual Startup Time": 0.210,"Actual Total Time": 3.787,"Actual Rows": 411,"Actual Loops": 1,"Recheck Cond": "(s_nationkey = nation.n_nationkey)","Rows Removed by Index Recheck": 0,"Exact Heap Blocks": 182,"Lossy Heap Blocks": 0,"Plans": [{"Node Type": "Bitmap Index Scan","Parent Relationship": "Outer","Parallel Aware": false,"Async Capable": false,"Index Name": "idx_supplier_nation_key","Startup Cost": 0.00,"Total Cost": 7.29,"Plan Rows": 400,"Plan Width": 0,"Actual Startup Time": 0.151,"Actual Total Time": 0.156,"Actual Rows": 411,"Actual Loops": 1,"Index Cond": "(s_nationkey = nation.n_nationkey)"}]}]},{"Node Type": "Hash","Parent Relationship": "Inner","Parallel Aware": false,"Async Capable": false,"Startup Cost": 88158.53,"Total Cost": 88158.53,"Plan Rows": 2694,"Plan Width": 4,"Actual Startup Time": 965.640,"Actual Total Time": 965.653,"Actual Rows": 5824,"Actual Loops": 1,"Hash Buckets": 8192,"Original Hash Buckets": 4096,"Hash Batches": 1,"Original Hash Batches": 1,"Peak Memory Usage": 269,"Plans": [{"Node Type": "Nested Loop","Parent Relationship": "Outer","Parallel Aware": false,"Async Capable": false,"Join Type": "Inner","Startup Cost": 0.42,"Total Cost": 88158.53,"Plan Rows": 2694,"Plan Width": 4,"Actual Startup Time": 0.544,"Actual Total Time": 961.674,"Actual Rows": 5824,"Actual Loops": 1,"Inner Unique": false,"Plans": [{"Node Type": "Seq Scan","Parent Relationship": "Outer","Parallel Aware": false,"Async Capable": false,"Relation Name": "part","Alias": "part","Startup Cost": 0.00,"Total Cost": 6597.00,"Plan Rows": 2020,"Plan Width": 4,"Actual Startup Time": 0.095,"Actual Total Time": 180.174,"Actual Rows": 2178,"Actual Loops": 1,"Filter": "((p_name)::text ~~ 'salmon%'::text)","Rows Removed by Filter": 197822},{"Node Type": "Index Scan","Parent Relationship": "Inner","Parallel Aware": false,"Async Capable": false,"Scan Direction": "Forward","Index Name": "idx_partsupp_partkey","Relation Name": "partsupp","Alias": "partsupp","Startup Cost": 0.42,"Total Cost": 40.36,"Plan Rows": 1,"Plan Width": 8,"Actual Startup Time": 0.152,"Actual Total Time": 0.358,"Actual Rows": 3,"Actual Loops": 2178,"Index Cond": "(ps_partkey = part.p_partkey)","Rows Removed by Index Recheck": 0,"Filter": "((ps_availqty)::numeric > (SubPlan 1))","Rows Removed by Filter": 1,"Plans": [{"Node Type": "Aggregate","Strategy": "Plain","Partial Mode": "Simple","Parent Relationship": "SubPlan","Subplan Name": "SubPlan 1","Parallel Aware": false,"Async Capable": false,"Startup Cost": 8.46,"Total Cost": 8.47,"Plan Rows": 1,"Plan Width": 32,"Actual Startup Time": 0.081,"Actual Total Time": 0.081,"Actual Rows": 1,"Actual Loops": 8712,"Plans": [{"Node Type": "Index Scan","Parent Relationship": "Outer","Parallel Aware": false,"Async Capable": false,"Scan Direction": "Forward","Index Name": "idx_lineitem_part_supp","Relation Name": "lineitem","Alias": "lineitem","Startup Cost": 0.43,"Total Cost": 8.46,"Plan Rows": 0,"Plan Width": 5,"Actual Startup Time": 0.050,"Actual Total Time": 0.081,"Actual Rows": 1,"Actual Loops": 8712,"Index Cond": "((l_partkey = partsupp.ps_partkey) AND (l_suppkey = partsupp.ps_suppkey))","Rows Removed by Index Recheck": 0,"Filter": "((l_shipdate >= '1994-01-01'::date) AND (l_shipdate < '1995-01-01 00:00:00'::timestamp without time zone))","Rows Removed by Filter": 6}]}]}]}]}]}]},"Planning Time": 6.119,"Triggers": [],"Execution Time": 970.422}]
[{"Plan": {"Node Type": "Sort","Parallel Aware": false,"Async Capable": false,"Startup Cost": 88442.96,"Total Cost": 88443.23,"Plan Rows": 108,"Plan Width": 51,"Actual Startup Time": 978.947,"Actual Total Time": 978.984,"Actual Rows": 169,"Actual Loops": 1,"Sort Key": ["supplier.s_name"],"Sort Method": "quicksort","Sort Space Used": 40,"Sort Space Type": "Memory","Plans": [{"Node Type": "Hash Join","Parent Relationship": "Outer","Parallel Aware": false,"Async Capable": false,"Join Type": "Semi","Startup Cost": 88199.59,"Total Cost": 88439.31,"Plan Rows": 108,"Plan Width": 51,"Actual Startup Time": 974.789,"Actual Total Time": 978.639,"Actual Rows": 169,"Actual Loops": 1,"Inner Unique": false,"Hash Cond": "(supplier.s_suppkey = partsupp.ps_suppkey)","Plans": [{"Node Type": "Nested Loop","Parent Relationship": "Outer","Parallel Aware": false,"Async Capable": false,"Join Type": "Inner","Startup Cost": 7.38,"Total Cost": 244.58,"Plan Rows": 400,"Plan Width": 55,"Actual Startup Time": 0.282,"Actual Total Time": 4.094,"Actual Rows": 380,"Actual Loops": 1,"Inner Unique": false,"Plans": [{"Node Type": "Seq Scan","Parent Relationship": "Outer","Parallel Aware": false,"Async Capable": false,"Relation Name": "nation","Alias": "nation","Startup Cost": 0.00,"Total Cost": 1.31,"Plan Rows": 1,"Plan Width": 4,"Actual Startup Time": 0.073,"Actual Total Time": 0.092,"Actual Rows": 1,"Actual Loops": 1,"Filter": "(n_name = 'ETHIOPIA'::bpchar)","Rows Removed by Filter": 24},{"Node Type": "Bitmap Heap Scan","Parent Relationship": "Inner","Parallel Aware": false,"Async Capable": false,"Relation Name": "supplier","Alias": "supplier","Startup Cost": 7.38,"Total Cost": 239.27,"Plan Rows": 400,"Plan Width": 59,"Actual Startup Time": 0.205,"Actual Total Time": 3.944,"Actual Rows": 380,"Actual Loops": 1,"Recheck Cond": "(s_nationkey = nation.n_nationkey)","Rows Removed by Index Recheck": 0,"Exact Heap Blocks": 192,"Lossy Heap Blocks": 0,"Plans": [{"Node Type": "Bitmap Index Scan","Parent Relationship": "Outer","Parallel Aware": false,"Async Capable": false,"Index Name": "idx_supplier_nation_key","Startup Cost": 0.00,"Total Cost": 7.29,"Plan Rows": 400,"Plan Width": 0,"Actual Startup Time": 0.137,"Actual Total Time": 0.143,"Actual Rows": 380,"Actual Loops": 1,"Index Cond": "(s_nationkey = nation.n_nationkey)"}]}]},{"Node Type": "Hash","Parent Relationship": "Inner","Parallel Aware": false,"Async Capable": false,"Startup Cost": 88158.53,"Total Cost": 88158.53,"Plan Rows": 2694,"Plan Width": 4,"Actual Startup Time": 974.408,"Actual Total Time": 974.416,"Actual Rows": 5981,"Actual Loops": 1,"Hash Buckets": 8192,"Original Hash Buckets": 4096,"Hash Batches": 1,"Original Hash Batches": 1,"Peak Memory Usage": 275,"Plans": [{"Node Type": "Nested Loop","Parent Relationship": "Outer","Parallel Aware": false,"Async Capable": false,"Join Type": "Inner","Startup Cost": 0.42,"Total Cost": 88158.53,"Plan Rows": 2694,"Plan Width": 4,"Actual Startup Time": 0.426,"Actual Total Time": 970.185,"Actual Rows": 5981,"Actual Loops": 1,"Inner Unique": false,"Plans": [{"Node Type": "Seq Scan","Parent Relationship": "Outer","Parallel Aware": false,"Async Capable": false,"Relation Name": "part","Alias": "part","Startup Cost": 0.00,"Total Cost": 6597.00,"Plan Rows": 2020,"Plan Width": 4,"Actual Startup Time": 0.072,"Actual Total Time": 179.885,"Actual Rows": 2209,"Actual Loops": 1,"Filter": "((p_name)::text ~~ 'turquoise%'::text)","Rows Removed by Filter": 197791},{"Node Type": "Index Scan","Parent Relationship": "Inner","Parallel Aware": false,"Async Capable": false,"Scan Direction": "Forward","Index Name": "idx_partsupp_partkey","Relation Name": "partsupp","Alias": "partsupp","Startup Cost": 0.42,"Total Cost": 40.36,"Plan Rows": 1,"Plan Width": 8,"Actual Startup Time": 0.148,"Actual Total Time": 0.357,"Actual Rows": 3,"Actual Loops": 2209,"Index Cond": "(ps_partkey = part.p_partkey)","Rows Removed by Index Recheck": 0,"Filter": "((ps_availqty)::numeric > (SubPlan 1))","Rows Removed by Filter": 1,"Plans": [{"Node Type": "Aggregate","Strategy": "Plain","Partial Mode": "Simple","Parent Relationship": "SubPlan","Subplan Name": "SubPlan 1","Parallel Aware": false,"Async Capable": false,"Startup Cost": 8.46,"Total Cost": 8.47,"Plan Rows": 1,"Plan Width": 32,"Actual Startup Time": 0.081,"Actual Total Time": 0.081,"Actual Rows": 1,"Actual Loops": 8836,"Plans": [{"Node Type": "Index Scan","Parent Relationship": "Outer","Parallel Aware": false,"Async Capable": false,"Scan Direction": "Forward","Index Name": "idx_lineitem_part_supp","Relation Name": "lineitem","Alias": "lineitem","Startup Cost": 0.43,"Total Cost": 8.46,"Plan Rows": 0,"Plan Width": 5,"Actual Startup Time": 0.050,"Actual Total Time": 0.080,"Actual Rows": 1,"Actual Loops": 8836,"Index Cond": "((l_partkey = partsupp.ps_partkey) AND (l_suppkey = partsupp.ps_suppkey))","Rows Removed by Index Recheck": 0,"Filter": "((l_shipdate >= '1997-01-01'::date) AND (l_shipdate < '1998-01-01 00:00:00'::timestamp without time zone))","Rows Removed by Filter": 6}]}]}]}]}]}]},"Planning Time": 6.553,"Triggers": [],"Execution Time": 979.234}]
[{"Plan": {"Node Type": "Sort","Parallel Aware": false,"Async Capable": false,"Startup Cost": 88442.96,"Total Cost": 88443.23,"Plan Rows": 108,"Plan Width": 51,"Actual Startup Time": 913.955,"Actual Total Time": 913.984,"Actual Rows": 174,"Actual Loops": 1,"Sort Key": ["supplier.s_name"],"Sort Method": "quicksort","Sort Space Used": 41,"Sort Space Type": "Memory","Plans": [{"Node Type": "Hash Join","Parent Relationship": "Outer","Parallel Aware": false,"Async Capable": false,"Join Type": "Semi","Startup Cost": 88199.59,"Total Cost": 88439.31,"Plan Rows": 108,"Plan Width": 51,"Actual Startup Time": 909.855,"Actual Total Time": 913.589,"Actual Rows": 174,"Actual Loops": 1,"Inner Unique": false,"Hash Cond": "(supplier.s_suppkey = partsupp.ps_suppkey)","Plans": [{"Node Type": "Nested Loop","Parent Relationship": "Outer","Parallel Aware": false,"Async Capable": false,"Join Type": "Inner","Startup Cost": 7.38,"Total Cost": 244.58,"Plan Rows": 400,"Plan Width": 55,"Actual Startup Time": 0.270,"Actual Total Time": 3.902,"Actual Rows": 402,"Actual Loops": 1,"Inner Unique": false,"Plans": [{"Node Type": "Seq Scan","Parent Relationship": "Outer","Parallel Aware": false,"Async Capable": false,"Relation Name": "nation","Alias": "nation","Startup Cost": 0.00,"Total Cost": 1.31,"Plan Rows": 1,"Plan Width": 4,"Actual Startup Time": 0.067,"Actual Total Time": 0.079,"Actual Rows": 1,"Actual Loops": 1,"Filter": "(n_name = 'FRANCE'::bpchar)","Rows Removed by Filter": 24},{"Node Type": "Bitmap Heap Scan","Parent Relationship": "Inner","Parallel Aware": false,"Async Capable": false,"Relation Name": "supplier","Alias": "supplier","Startup Cost": 7.38,"Total Cost": 239.27,"Plan Rows": 400,"Plan Width": 59,"Actual Startup Time": 0.190,"Actual Total Time": 3.753,"Actual Rows": 402,"Actual Loops": 1,"Recheck Cond": "(s_nationkey = nation.n_nationkey)","Rows Removed by Index Recheck": 0,"Exact Heap Blocks": 184,"Lossy Heap Blocks": 0,"Plans": [{"Node Type": "Bitmap Index Scan","Parent Relationship": "Outer","Parallel Aware": false,"Async Capable": false,"Index Name": "idx_supplier_nation_key","Startup Cost": 0.00,"Total Cost": 7.29,"Plan Rows": 400,"Plan Width": 0,"Actual Startup Time": 0.127,"Actual Total Time": 0.131,"Actual Rows": 402,"Actual Loops": 1,"Index Cond": "(s_nationkey = nation.n_nationkey)"}]}]},{"Node Type": "Hash","Parent Relationship": "Inner","Parallel Aware": false,"Async Capable": false,"Startup Cost": 88158.53,"Total Cost": 88158.53,"Plan Rows": 2694,"Plan Width": 4,"Actual Startup Time": 909.476,"Actual Total Time": 909.483,"Actual Rows": 5982,"Actual Loops": 1,"Hash Buckets": 8192,"Original Hash Buckets": 4096,"Hash Batches": 1,"Original Hash Batches": 1,"Peak Memory Usage": 275,"Plans": [{"Node Type": "Nested Loop","Parent Relationship": "Outer","Parallel Aware": false,"Async Capable": false,"Join Type": "Inner","Startup Cost": 0.42,"Total Cost": 88158.53,"Plan Rows": 2694,"Plan Width": 4,"Actual Startup Time": 0.546,"Actual Total Time": 904.108,"Actual Rows": 5982,"Actual Loops": 1,"Inner Unique": false,"Plans": [{"Node Type": "Seq Scan","Parent Relationship": "Outer","Parallel Aware": false,"Async Capable": false,"Relation Name": "part","Alias": "part","Startup Cost": 0.00,"Total Cost": 6597.00,"Plan Rows": 2020,"Plan Width": 4,"Actual Startup Time": 0.170,"Actual Total Time": 197.743,"Actual Rows": 2217,"Actual Loops": 1,"Filter": "((p_name)::text ~~ 'tomato%'::text)","Rows Removed by Filter": 197783},{"Node Type": "Index Scan","Parent Relationship": "Inner","Parallel Aware": false,"Async Capable": false,"Scan Direction": "Forward","Index Name": "idx_partsupp_partkey","Relation Name": "partsupp","Alias": "partsupp","Startup Cost": 0.42,"Total Cost": 40.36,"Plan Rows": 1,"Plan Width": 8,"Actual Startup Time": 0.137,"Actual Total Time": 0.318,"Actual Rows": 3,"Actual Loops": 2217,"Index Cond": "(ps_partkey = part.p_partkey)","Rows Removed by Index Recheck": 0,"Filter": "((ps_availqty)::numeric > (SubPlan 1))","Rows Removed by Filter": 1,"Plans": [{"Node Type": "Aggregate","Strategy": "Plain","Partial Mode": "Simple","Parent Relationship": "SubPlan","Subplan Name": "SubPlan 1","Parallel Aware": false,"Async Capable": false,"Startup Cost": 8.46,"Total Cost": 8.47,"Plan Rows": 1,"Plan Width": 32,"Actual Startup Time": 0.071,"Actual Total Time": 0.071,"Actual Rows": 1,"Actual Loops": 8868,"Plans": [{"Node Type": "Index Scan","Parent Relationship": "Outer","Parallel Aware": false,"Async Capable": false,"Scan Direction": "Forward","Index Name": "idx_lineitem_part_supp","Relation Name": "lineitem","Alias": "lineitem","Startup Cost": 0.43,"Total Cost": 8.46,"Plan Rows": 0,"Plan Width": 5,"Actual Startup Time": 0.043,"Actual Total Time": 0.070,"Actual Rows": 1,"Actual Loops": 8868,"Index Cond": "((l_partkey = partsupp.ps_partkey) AND (l_suppkey = partsupp.ps_suppkey))","Rows Removed by Index Recheck": 0,"Filter": "((l_shipdate >= '1997-01-01'::date) AND (l_shipdate < '1998-01-01 00:00:00'::timestamp without time zone))","Rows Removed by Filter": 6}]}]}]}]}]}]},"Planning Time": 6.753,"Triggers": [],"Execution Time": 914.271}]
[{"Plan": {"Node Type": "Sort","Parallel Aware": false,"Async Capable": false,"Startup Cost": 88442.96,"Total Cost": 88443.23,"Plan Rows": 108,"Plan Width": 51,"Actual Startup Time": 989.808,"Actual Total Time": 989.850,"Actual Rows": 188,"Actual Loops": 1,"Sort Key": ["supplier.s_name"],"Sort Method": "quicksort","Sort Space Used": 42,"Sort Space Type": "Memory","Plans": [{"Node Type": "Hash Join","Parent Relationship": "Outer","Parallel Aware": false,"Async Capable": false,"Join Type": "Semi","Startup Cost": 88199.59,"Total Cost": 88439.31,"Plan Rows": 108,"Plan Width": 51,"Actual Startup Time": 985.093,"Actual Total Time": 989.291,"Actual Rows": 188,"Actual Loops": 1,"Inner Unique": false,"Hash Cond": "(supplier.s_suppkey = partsupp.ps_suppkey)","Plans": [{"Node Type": "Nested Loop","Parent Relationship": "Outer","Parallel Aware": false,"Async Capable": false,"Join Type": "Inner","Startup Cost": 7.38,"Total Cost": 244.58,"Plan Rows": 400,"Plan Width": 55,"Actual Startup Time": 0.373,"Actual Total Time": 4.484,"Actual Rows": 401,"Actual Loops": 1,"Inner Unique": false,"Plans": [{"Node Type": "Seq Scan","Parent Relationship": "Outer","Parallel Aware": false,"Async Capable": false,"Relation Name": "nation","Alias": "nation","Startup Cost": 0.00,"Total Cost": 1.31,"Plan Rows": 1,"Plan Width": 4,"Actual Startup Time": 0.088,"Actual Total Time": 0.109,"Actual Rows": 1,"Actual Loops": 1,"Filter": "(n_name = 'RUSSIA'::bpchar)","Rows Removed by Filter": 24},{"Node Type": "Bitmap Heap Scan","Parent Relationship": "Inner","Parallel Aware": false,"Async Capable": false,"Relation Name": "supplier","Alias": "supplier","Startup Cost": 7.38,"Total Cost": 239.27,"Plan Rows": 400,"Plan Width": 59,"Actual Startup Time": 0.278,"Actual Total Time": 4.302,"Actual Rows": 401,"Actual Loops": 1,"Recheck Cond": "(s_nationkey = nation.n_nationkey)","Rows Removed by Index Recheck": 0,"Exact Heap Blocks": 180,"Lossy Heap Blocks": 0,"Plans": [{"Node Type": "Bitmap Index Scan","Parent Relationship": "Outer","Parallel Aware": false,"Async Capable": false,"Index Name": "idx_supplier_nation_key","Startup Cost": 0.00,"Total Cost": 7.29,"Plan Rows": 400,"Plan Width": 0,"Actual Startup Time": 0.183,"Actual Total Time": 0.186,"Actual Rows": 401,"Actual Loops": 1,"Index Cond": "(s_nationkey = nation.n_nationkey)"}]}]},{"Node Type": "Hash","Parent Relationship": "Inner","Parallel Aware": false,"Async Capable": false,"Startup Cost": 88158.53,"Total Cost": 88158.53,"Plan Rows": 2694,"Plan Width": 4,"Actual Startup Time": 984.611,"Actual Total Time": 984.622,"Actual Rows": 6074,"Actual Loops": 1,"Hash Buckets": 8192,"Original Hash Buckets": 4096,"Hash Batches": 1,"Original Hash Batches": 1,"Peak Memory Usage": 278,"Plans": [{"Node Type": "Nested Loop","Parent Relationship": "Outer","Parallel Aware": false,"Async Capable": false,"Join Type": "Inner","Startup Cost": 0.42,"Total Cost": 88158.53,"Plan Rows": 2694,"Plan Width": 4,"Actual Startup Time": 0.850,"Actual Total Time": 980.087,"Actual Rows": 6074,"Actual Loops": 1,"Inner Unique": false,"Plans": [{"Node Type": "Seq Scan","Parent Relationship": "Outer","Parallel Aware": false,"Async Capable": false,"Relation Name": "part","Alias": "part","Startup Cost": 0.00,"Total Cost": 6597.00,"Plan Rows": 2020,"Plan Width": 4,"Actual Startup Time": 0.209,"Actual Total Time": 179.781,"Actual Rows": 2238,"Actual Loops": 1,"Filter": "((p_name)::text ~~ 'white%'::text)","Rows Removed by Filter": 197762},{"Node Type": "Index Scan","Parent Relationship": "Inner","Parallel Aware": false,"Async Capable": false,"Scan Direction": "Forward","Index Name": "idx_partsupp_partkey","Relation Name": "partsupp","Alias": "partsupp","Startup Cost": 0.42,"Total Cost": 40.36,"Plan Rows": 1,"Plan Width": 8,"Actual Startup Time": 0.151,"Actual Total Time": 0.357,"Actual Rows": 3,"Actual Loops": 2238,"Index Cond": "(ps_partkey = part.p_partkey)","Rows Removed by Index Recheck": 0,"Filter": "((ps_availqty)::numeric > (SubPlan 1))","Rows Removed by Filter": 1,"Plans": [{"Node Type": "Aggregate","Strategy": "Plain","Partial Mode": "Simple","Parent Relationship": "SubPlan","Subplan Name": "SubPlan 1","Parallel Aware": false,"Async Capable": false,"Startup Cost": 8.46,"Total Cost": 8.47,"Plan Rows": 1,"Plan Width": 32,"Actual Startup Time": 0.081,"Actual Total Time": 0.081,"Actual Rows": 1,"Actual Loops": 8952,"Plans": [{"Node Type": "Index Scan","Parent Relationship": "Outer","Parallel Aware": false,"Async Capable": false,"Scan Direction": "Forward","Index Name": "idx_lineitem_part_supp","Relation Name": "lineitem","Alias": "lineitem","Startup Cost": 0.43,"Total Cost": 8.46,"Plan Rows": 0,"Plan Width": 5,"Actual Startup Time": 0.049,"Actual Total Time": 0.080,"Actual Rows": 1,"Actual Loops": 8952,"Index Cond": "((l_partkey = partsupp.ps_partkey) AND (l_suppkey = partsupp.ps_suppkey))","Rows Removed by Index Recheck": 0,"Filter": "((l_shipdate >= '1995-01-01'::date) AND (l_shipdate < '1996-01-01 00:00:00'::timestamp without time zone))","Rows Removed by Filter": 6}]}]}]}]}]}]},"Planning Time": 7.589,"Triggers": [],"Execution Time": 990.170}]
[{"Plan": {"Node Type": "Sort","Parallel Aware": false,"Async Capable": false,"Startup Cost": 88442.96,"Total Cost": 88443.23,"Plan Rows": 108,"Plan Width": 51,"Actual Startup Time": 968.384,"Actual Total Time": 968.428,"Actual Rows": 154,"Actual Loops": 1,"Sort Key": ["supplier.s_name"],"Sort Method": "quicksort","Sort Space Used": 39,"Sort Space Type": "Memory","Plans": [{"Node Type": "Hash Join","Parent Relationship": "Outer","Parallel Aware": false,"Async Capable": false,"Join Type": "Semi","Startup Cost": 88199.59,"Total Cost": 88439.31,"Plan Rows": 108,"Plan Width": 51,"Actual Startup Time": 964.076,"Actual Total Time": 968.111,"Actual Rows": 154,"Actual Loops": 1,"Inner Unique": false,"Hash Cond": "(supplier.s_suppkey = partsupp.ps_suppkey)","Plans": [{"Node Type": "Nested Loop","Parent Relationship": "Outer","Parallel Aware": false,"Async Capable": false,"Join Type": "Inner","Startup Cost": 7.38,"Total Cost": 244.58,"Plan Rows": 400,"Plan Width": 55,"Actual Startup Time": 0.286,"Actual Total Time": 4.230,"Actual Rows": 377,"Actual Loops": 1,"Inner Unique": false,"Plans": [{"Node Type": "Seq Scan","Parent Relationship": "Outer","Parallel Aware": false,"Async Capable": false,"Relation Name": "nation","Alias": "nation","Startup Cost": 0.00,"Total Cost": 1.31,"Plan Rows": 1,"Plan Width": 4,"Actual Startup Time": 0.061,"Actual Total Time": 0.089,"Actual Rows": 1,"Actual Loops": 1,"Filter": "(n_name = 'JAPAN'::bpchar)","Rows Removed by Filter": 24},{"Node Type": "Bitmap Heap Scan","Parent Relationship": "Inner","Parallel Aware": false,"Async Capable": false,"Relation Name": "supplier","Alias": "supplier","Startup Cost": 7.38,"Total Cost": 239.27,"Plan Rows": 400,"Plan Width": 59,"Actual Startup Time": 0.213,"Actual Total Time": 4.059,"Actual Rows": 377,"Actual Loops": 1,"Recheck Cond": "(s_nationkey = nation.n_nationkey)","Rows Removed by Index Recheck": 0,"Exact Heap Blocks": 180,"Lossy Heap Blocks": 0,"Plans": [{"Node Type": "Bitmap Index Scan","Parent Relationship": "Outer","Parallel Aware": false,"Async Capable": false,"Index Name": "idx_supplier_nation_key","Startup Cost": 0.00,"Total Cost": 7.29,"Plan Rows": 400,"Plan Width": 0,"Actual Startup Time": 0.134,"Actual Total Time": 0.140,"Actual Rows": 377,"Actual Loops": 1,"Index Cond": "(s_nationkey = nation.n_nationkey)"}]}]},{"Node Type": "Hash","Parent Relationship": "Inner","Parallel Aware": false,"Async Capable": false,"Startup Cost": 88158.53,"Total Cost": 88158.53,"Plan Rows": 2694,"Plan Width": 4,"Actual Startup Time": 963.695,"Actual Total Time": 963.709,"Actual Rows": 5741,"Actual Loops": 1,"Hash Buckets": 8192,"Original Hash Buckets": 4096,"Hash Batches": 1,"Original Hash Batches": 1,"Peak Memory Usage": 266,"Plans": [{"Node Type": "Nested Loop","Parent Relationship": "Outer","Parallel Aware": false,"Async Capable": false,"Join Type": "Inner","Startup Cost": 0.42,"Total Cost": 88158.53,"Plan Rows": 2694,"Plan Width": 4,"Actual Startup Time": 0.514,"Actual Total Time": 959.450,"Actual Rows": 5741,"Actual Loops": 1,"Inner Unique": false,"Plans": [{"Node Type": "Seq Scan","Parent Relationship": "Outer","Parallel Aware": false,"Async Capable": false,"Relation Name": "part","Alias": "part","Startup Cost": 0.00,"Total Cost": 6597.00,"Plan Rows": 2020,"Plan Width": 4,"Actual Startup Time": 0.064,"Actual Total Time": 179.610,"Actual Rows": 2169,"Actual Loops": 1,"Filter": "((p_name)::text ~~ 'slate%'::text)","Rows Removed by Filter": 197831},{"Node Type": "Index Scan","Parent Relationship": "Inner","Parallel Aware": false,"Async Capable": false,"Scan Direction": "Forward","Index Name": "idx_partsupp_partkey","Relation Name": "partsupp","Alias": "partsupp","Startup Cost": 0.42,"Total Cost": 40.36,"Plan Rows": 1,"Plan Width": 8,"Actual Startup Time": 0.155,"Actual Total Time": 0.359,"Actual Rows": 3,"Actual Loops": 2169,"Index Cond": "(ps_partkey = part.p_partkey)","Rows Removed by Index Recheck": 0,"Filter": "((ps_availqty)::numeric > (SubPlan 1))","Rows Removed by Filter": 1,"Plans": [{"Node Type": "Aggregate","Strategy": "Plain","Partial Mode": "Simple","Parent Relationship": "SubPlan","Subplan Name": "SubPlan 1","Parallel Aware": false,"Async Capable": false,"Startup Cost": 8.46,"Total Cost": 8.47,"Plan Rows": 1,"Plan Width": 32,"Actual Startup Time": 0.082,"Actual Total Time": 0.082,"Actual Rows": 1,"Actual Loops": 8676,"Plans": [{"Node Type": "Index Scan","Parent Relationship": "Outer","Parallel Aware": false,"Async Capable": false,"Scan Direction": "Forward","Index Name": "idx_lineitem_part_supp","Relation Name": "lineitem","Alias": "lineitem","Startup Cost": 0.43,"Total Cost": 8.46,"Plan Rows": 0,"Plan Width": 5,"Actual Startup Time": 0.050,"Actual Total Time": 0.081,"Actual Rows": 1,"Actual Loops": 8676,"Index Cond": "((l_partkey = partsupp.ps_partkey) AND (l_suppkey = partsupp.ps_suppkey))","Rows Removed by Index Recheck": 0,"Filter": "((l_shipdate >= '1993-01-01'::date) AND (l_shipdate < '1994-01-01 00:00:00'::timestamp without time zone))","Rows Removed by Filter": 6}]}]}]}]}]}]},"Planning Time": 7.064,"Triggers": [],"Execution Time": 968.742}]
[{"Plan": {"Node Type": "Sort","Parallel Aware": false,"Async Capable": false,"Startup Cost": 88442.96,"Total Cost": 88443.23,"Plan Rows": 108,"Plan Width": 51,"Actual Startup Time": 969.714,"Actual Total Time": 969.755,"Actual Rows": 199,"Actual Loops": 1,"Sort Key": ["supplier.s_name"],"Sort Method": "quicksort","Sort Space Used": 43,"Sort Space Type": "Memory","Plans": [{"Node Type": "Hash Join","Parent Relationship": "Outer","Parallel Aware": false,"Async Capable": false,"Join Type": "Semi","Startup Cost": 88199.59,"Total Cost": 88439.31,"Plan Rows": 108,"Plan Width": 51,"Actual Startup Time": 965.267,"Actual Total Time": 969.382,"Actual Rows": 199,"Actual Loops": 1,"Inner Unique": false,"Hash Cond": "(supplier.s_suppkey = partsupp.ps_suppkey)","Plans": [{"Node Type": "Nested Loop","Parent Relationship": "Outer","Parallel Aware": false,"Async Capable": false,"Join Type": "Inner","Startup Cost": 7.38,"Total Cost": 244.58,"Plan Rows": 400,"Plan Width": 55,"Actual Startup Time": 0.309,"Actual Total Time": 4.336,"Actual Rows": 415,"Actual Loops": 1,"Inner Unique": false,"Plans": [{"Node Type": "Seq Scan","Parent Relationship": "Outer","Parallel Aware": false,"Async Capable": false,"Relation Name": "nation","Alias": "nation","Startup Cost": 0.00,"Total Cost": 1.31,"Plan Rows": 1,"Plan Width": 4,"Actual Startup Time": 0.074,"Actual Total Time": 0.099,"Actual Rows": 1,"Actual Loops": 1,"Filter": "(n_name = 'INDIA'::bpchar)","Rows Removed by Filter": 24},{"Node Type": "Bitmap Heap Scan","Parent Relationship": "Inner","Parallel Aware": false,"Async Capable": false,"Relation Name": "supplier","Alias": "supplier","Startup Cost": 7.38,"Total Cost": 239.27,"Plan Rows": 400,"Plan Width": 59,"Actual Startup Time": 0.231,"Actual Total Time": 4.171,"Actual Rows": 415,"Actual Loops": 1,"Recheck Cond": "(s_nationkey = nation.n_nationkey)","Rows Removed by Index Recheck": 0,"Exact Heap Blocks": 186,"Lossy Heap Blocks": 0,"Plans": [{"Node Type": "Bitmap Index Scan","Parent Relationship": "Outer","Parallel Aware": false,"Async Capable": false,"Index Name": "idx_supplier_nation_key","Startup Cost": 0.00,"Total Cost": 7.29,"Plan Rows": 400,"Plan Width": 0,"Actual Startup Time": 0.153,"Actual Total Time": 0.159,"Actual Rows": 415,"Actual Loops": 1,"Index Cond": "(s_nationkey = nation.n_nationkey)"}]}]},{"Node Type": "Hash","Parent Relationship": "Inner","Parallel Aware": false,"Async Capable": false,"Startup Cost": 88158.53,"Total Cost": 88158.53,"Plan Rows": 2694,"Plan Width": 4,"Actual Startup Time": 964.846,"Actual Total Time": 964.854,"Actual Rows": 5803,"Actual Loops": 1,"Hash Buckets": 8192,"Original Hash Buckets": 4096,"Hash Batches": 1,"Original Hash Batches": 1,"Peak Memory Usage": 269,"Plans": [{"Node Type": "Nested Loop","Parent Relationship": "Outer","Parallel Aware": false,"Async Capable": false,"Join Type": "Inner","Startup Cost": 0.42,"Total Cost": 88158.53,"Plan Rows": 2694,"Plan Width": 4,"Actual Startup Time": 0.706,"Actual Total Time": 960.734,"Actual Rows": 5803,"Actual Loops": 1,"Inner Unique": false,"Plans": [{"Node Type": "Seq Scan","Parent Relationship": "Outer","Parallel Aware": false,"Async Capable": false,"Relation Name": "part","Alias": "part","Startup Cost": 0.00,"Total Cost": 6597.00,"Plan Rows": 2020,"Plan Width": 4,"Actual Startup Time": 0.173,"Actual Total Time": 180.007,"Actual Rows": 2165,"Actual Loops": 1,"Filter": "((p_name)::text ~~ 'sky%'::text)","Rows Removed by Filter": 197835},{"Node Type": "Index Scan","Parent Relationship": "Inner","Parallel Aware": false,"Async Capable": false,"Scan Direction": "Forward","Index Name": "idx_partsupp_partkey","Relation Name": "partsupp","Alias": "partsupp","Startup Cost": 0.42,"Total Cost": 40.36,"Plan Rows": 1,"Plan Width": 8,"Actual Startup Time": 0.150,"Actual Total Time": 0.360,"Actual Rows": 3,"Actual Loops": 2165,"Index Cond": "(ps_partkey = part.p_partkey)","Rows Removed by Index Recheck": 0,"Filter": "((ps_availqty)::numeric > (SubPlan 1))","Rows Removed by Filter": 1,"Plans": [{"Node Type": "Aggregate","Strategy": "Plain","Partial Mode": "Simple","Parent Relationship": "SubPlan","Subplan Name": "SubPlan 1","Parallel Aware": false,"Async Capable": false,"Startup Cost": 8.46,"Total Cost": 8.47,"Plan Rows": 1,"Plan Width": 32,"Actual Startup Time": 0.082,"Actual Total Time": 0.082,"Actual Rows": 1,"Actual Loops": 8660,"Plans": [{"Node Type": "Index Scan","Parent Relationship": "Outer","Parallel Aware": false,"Async Capable": false,"Scan Direction": "Forward","Index Name": "idx_lineitem_part_supp","Relation Name": "lineitem","Alias": "lineitem","Startup Cost": 0.43,"Total Cost": 8.46,"Plan Rows": 0,"Plan Width": 5,"Actual Startup Time": 0.050,"Actual Total Time": 0.081,"Actual Rows": 1,"Actual Loops": 8660,"Index Cond": "((l_partkey = partsupp.ps_partkey) AND (l_suppkey = partsupp.ps_suppkey))","Rows Removed by Index Recheck": 0,"Filter": "((l_shipdate >= '1997-01-01'::date) AND (l_shipdate < '1998-01-01 00:00:00'::timestamp without time zone))","Rows Removed by Filter": 6}]}]}]}]}]}]},"Planning Time": 7.013,"Triggers": [],"Execution Time": 970.030}]
[{"Plan": {"Node Type": "Sort","Parallel Aware": false,"Async Capable": false,"Startup Cost": 88442.96,"Total Cost": 88443.23,"Plan Rows": 108,"Plan Width": 51,"Actual Startup Time": 927.604,"Actual Total Time": 927.644,"Actual Rows": 212,"Actual Loops": 1,"Sort Key": ["supplier.s_name"],"Sort Method": "quicksort","Sort Space Used": 44,"Sort Space Type": "Memory","Plans": [{"Node Type": "Hash Join","Parent Relationship": "Outer","Parallel Aware": false,"Async Capable": false,"Join Type": "Semi","Startup Cost": 88199.59,"Total Cost": 88439.31,"Plan Rows": 108,"Plan Width": 51,"Actual Startup Time": 923.372,"Actual Total Time": 927.207,"Actual Rows": 212,"Actual Loops": 1,"Inner Unique": false,"Hash Cond": "(supplier.s_suppkey = partsupp.ps_suppkey)","Plans": [{"Node Type": "Nested Loop","Parent Relationship": "Outer","Parallel Aware": false,"Async Capable": false,"Join Type": "Inner","Startup Cost": 7.38,"Total Cost": 244.58,"Plan Rows": 400,"Plan Width": 55,"Actual Startup Time": 0.265,"Actual Total Time": 3.991,"Actual Rows": 402,"Actual Loops": 1,"Inner Unique": false,"Plans": [{"Node Type": "Seq Scan","Parent Relationship": "Outer","Parallel Aware": false,"Async Capable": false,"Relation Name": "nation","Alias": "nation","Startup Cost": 0.00,"Total Cost": 1.31,"Plan Rows": 1,"Plan Width": 4,"Actual Startup Time": 0.077,"Actual Total Time": 0.096,"Actual Rows": 1,"Actual Loops": 1,"Filter": "(n_name = 'FRANCE'::bpchar)","Rows Removed by Filter": 24},{"Node Type": "Bitmap Heap Scan","Parent Relationship": "Inner","Parallel Aware": false,"Async Capable": false,"Relation Name": "supplier","Alias": "supplier","Startup Cost": 7.38,"Total Cost": 239.27,"Plan Rows": 400,"Plan Width": 59,"Actual Startup Time": 0.177,"Actual Total Time": 3.832,"Actual Rows": 402,"Actual Loops": 1,"Recheck Cond": "(s_nationkey = nation.n_nationkey)","Rows Removed by Index Recheck": 0,"Exact Heap Blocks": 184,"Lossy Heap Blocks": 0,"Plans": [{"Node Type": "Bitmap Index Scan","Parent Relationship": "Outer","Parallel Aware": false,"Async Capable": false,"Index Name": "idx_supplier_nation_key","Startup Cost": 0.00,"Total Cost": 7.29,"Plan Rows": 400,"Plan Width": 0,"Actual Startup Time": 0.115,"Actual Total Time": 0.121,"Actual Rows": 402,"Actual Loops": 1,"Index Cond": "(s_nationkey = nation.n_nationkey)"}]}]},{"Node Type": "Hash","Parent Relationship": "Inner","Parallel Aware": false,"Async Capable": false,"Startup Cost": 88158.53,"Total Cost": 88158.53,"Plan Rows": 2694,"Plan Width": 4,"Actual Startup Time": 923.015,"Actual Total Time": 923.029,"Actual Rows": 6178,"Actual Loops": 1,"Hash Buckets": 8192,"Original Hash Buckets": 4096,"Hash Batches": 1,"Original Hash Batches": 1,"Peak Memory Usage": 282,"Plans": [{"Node Type": "Nested Loop","Parent Relationship": "Outer","Parallel Aware": false,"Async Capable": false,"Join Type": "Inner","Startup Cost": 0.42,"Total Cost": 88158.53,"Plan Rows": 2694,"Plan Width": 4,"Actual Startup Time": 0.610,"Actual Total Time": 918.500,"Actual Rows": 6178,"Actual Loops": 1,"Inner Unique": false,"Plans": [{"Node Type": "Seq Scan","Parent Relationship": "Outer","Parallel Aware": false,"Async Capable": false,"Relation Name": "part","Alias": "part","Startup Cost": 0.00,"Total Cost": 6597.00,"Plan Rows": 2020,"Plan Width": 4,"Actual Startup Time": 0.083,"Actual Total Time": 194.932,"Actual Rows": 2255,"Actual Loops": 1,"Filter": "((p_name)::text ~~ 'navajo%'::text)","Rows Removed by Filter": 197745},{"Node Type": "Index Scan","Parent Relationship": "Inner","Parallel Aware": false,"Async Capable": false,"Scan Direction": "Forward","Index Name": "idx_partsupp_partkey","Relation Name": "partsupp","Alias": "partsupp","Startup Cost": 0.42,"Total Cost": 40.36,"Plan Rows": 1,"Plan Width": 8,"Actual Startup Time": 0.133,"Actual Total Time": 0.320,"Actual Rows": 3,"Actual Loops": 2255,"Index Cond": "(ps_partkey = part.p_partkey)","Rows Removed by Index Recheck": 0,"Filter": "((ps_availqty)::numeric > (SubPlan 1))","Rows Removed by Filter": 1,"Plans": [{"Node Type": "Aggregate","Strategy": "Plain","Partial Mode": "Simple","Parent Relationship": "SubPlan","Subplan Name": "SubPlan 1","Parallel Aware": false,"Async Capable": false,"Startup Cost": 8.46,"Total Cost": 8.47,"Plan Rows": 1,"Plan Width": 32,"Actual Startup Time": 0.072,"Actual Total Time": 0.072,"Actual Rows": 1,"Actual Loops": 9020,"Plans": [{"Node Type": "Index Scan","Parent Relationship": "Outer","Parallel Aware": false,"Async Capable": false,"Scan Direction": "Forward","Index Name": "idx_lineitem_part_supp","Relation Name": "lineitem","Alias": "lineitem","Startup Cost": 0.43,"Total Cost": 8.46,"Plan Rows": 0,"Plan Width": 5,"Actual Startup Time": 0.044,"Actual Total Time": 0.071,"Actual Rows": 1,"Actual Loops": 9020,"Index Cond": "((l_partkey = partsupp.ps_partkey) AND (l_suppkey = partsupp.ps_suppkey))","Rows Removed by Index Recheck": 0,"Filter": "((l_shipdate >= '1996-01-01'::date) AND (l_shipdate < '1997-01-01 00:00:00'::timestamp without time zone))","Rows Removed by Filter": 6}]}]}]}]}]}]},"Planning Time": 6.713,"Triggers": [],"Execution Time": 927.934}]
[{"Plan": {"Node Type": "Sort","Parallel Aware": false,"Async Capable": false,"Startup Cost": 88442.96,"Total Cost": 88443.23,"Plan Rows": 108,"Plan Width": 51,"Actual Startup Time": 896.310,"Actual Total Time": 896.361,"Actual Rows": 205,"Actual Loops": 1,"Sort Key": ["supplier.s_name"],"Sort Method": "quicksort","Sort Space Used": 43,"Sort Space Type": "Memory","Plans": [{"Node Type": "Hash Join","Parent Relationship": "Outer","Parallel Aware": false,"Async Capable": false,"Join Type": "Semi","Startup Cost": 88199.59,"Total Cost": 88439.31,"Plan Rows": 108,"Plan Width": 51,"Actual Startup Time": 891.907,"Actual Total Time": 895.992,"Actual Rows": 205,"Actual Loops": 1,"Inner Unique": false,"Hash Cond": "(supplier.s_suppkey = partsupp.ps_suppkey)","Plans": [{"Node Type": "Nested Loop","Parent Relationship": "Outer","Parallel Aware": false,"Async Capable": false,"Join Type": "Inner","Startup Cost": 7.38,"Total Cost": 244.58,"Plan Rows": 400,"Plan Width": 55,"Actual Startup Time": 0.249,"Actual Total Time": 4.239,"Actual Rows": 438,"Actual Loops": 1,"Inner Unique": false,"Plans": [{"Node Type": "Seq Scan","Parent Relationship": "Outer","Parallel Aware": false,"Async Capable": false,"Relation Name": "nation","Alias": "nation","Startup Cost": 0.00,"Total Cost": 1.31,"Plan Rows": 1,"Plan Width": 4,"Actual Startup Time": 0.066,"Actual Total Time": 0.095,"Actual Rows": 1,"Actual Loops": 1,"Filter": "(n_name = 'IRAQ'::bpchar)","Rows Removed by Filter": 24},{"Node Type": "Bitmap Heap Scan","Parent Relationship": "Inner","Parallel Aware": false,"Async Capable": false,"Relation Name": "supplier","Alias": "supplier","Startup Cost": 7.38,"Total Cost": 239.27,"Plan Rows": 400,"Plan Width": 59,"Actual Startup Time": 0.180,"Actual Total Time": 4.085,"Actual Rows": 438,"Actual Loops": 1,"Recheck Cond": "(s_nationkey = nation.n_nationkey)","Rows Removed by Index Recheck": 0,"Exact Heap Blocks": 194,"Lossy Heap Blocks": 0,"Plans": [{"Node Type": "Bitmap Index Scan","Parent Relationship": "Outer","Parallel Aware": false,"Async Capable": false,"Index Name": "idx_supplier_nation_key","Startup Cost": 0.00,"Total Cost": 7.29,"Plan Rows": 400,"Plan Width": 0,"Actual Startup Time": 0.122,"Actual Total Time": 0.129,"Actual Rows": 438,"Actual Loops": 1,"Index Cond": "(s_nationkey = nation.n_nationkey)"}]}]},{"Node Type": "Hash","Parent Relationship": "Inner","Parallel Aware": false,"Async Capable": false,"Startup Cost": 88158.53,"Total Cost": 88158.53,"Plan Rows": 2694,"Plan Width": 4,"Actual Startup Time": 891.594,"Actual Total Time": 891.609,"Actual Rows": 5792,"Actual Loops": 1,"Hash Buckets": 8192,"Original Hash Buckets": 4096,"Hash Batches": 1,"Original Hash Batches": 1,"Peak Memory Usage": 268,"Plans": [{"Node Type": "Nested Loop","Parent Relationship": "Outer","Parallel Aware": false,"Async Capable": false,"Join Type": "Inner","Startup Cost": 0.42,"Total Cost": 88158.53,"Plan Rows": 2694,"Plan Width": 4,"Actual Startup Time": 0.807,"Actual Total Time": 887.671,"Actual Rows": 5792,"Actual Loops": 1,"Inner Unique": false,"Plans": [{"Node Type": "Seq Scan","Parent Relationship": "Outer","Parallel Aware": false,"Async Capable": false,"Relation Name": "part","Alias": "part","Startup Cost": 0.00,"Total Cost": 6597.00,"Plan Rows": 2020,"Plan Width": 4,"Actual Startup Time": 0.071,"Actual Total Time": 195.686,"Actual Rows": 2158,"Actual Loops": 1,"Filter": "((p_name)::text ~~ 'lemon%'::text)","Rows Removed by Filter": 197842},{"Node Type": "Index Scan","Parent Relationship": "Inner","Parallel Aware": false,"Async Capable": false,"Scan Direction": "Forward","Index Name": "idx_partsupp_partkey","Relation Name": "partsupp","Alias": "partsupp","Startup Cost": 0.42,"Total Cost": 40.36,"Plan Rows": 1,"Plan Width": 8,"Actual Startup Time": 0.136,"Actual Total Time": 0.320,"Actual Rows": 3,"Actual Loops": 2158,"Index Cond": "(ps_partkey = part.p_partkey)","Rows Removed by Index Recheck": 0,"Filter": "((ps_availqty)::numeric > (SubPlan 1))","Rows Removed by Filter": 1,"Plans": [{"Node Type": "Aggregate","Strategy": "Plain","Partial Mode": "Simple","Parent Relationship": "SubPlan","Subplan Name": "SubPlan 1","Parallel Aware": false,"Async Capable": false,"Startup Cost": 8.46,"Total Cost": 8.47,"Plan Rows": 1,"Plan Width": 32,"Actual Startup Time": 0.072,"Actual Total Time": 0.072,"Actual Rows": 1,"Actual Loops": 8632,"Plans": [{"Node Type": "Index Scan","Parent Relationship": "Outer","Parallel Aware": false,"Async Capable": false,"Scan Direction": "Forward","Index Name": "idx_lineitem_part_supp","Relation Name": "lineitem","Alias": "lineitem","Startup Cost": 0.43,"Total Cost": 8.46,"Plan Rows": 0,"Plan Width": 5,"Actual Startup Time": 0.044,"Actual Total Time": 0.071,"Actual Rows": 1,"Actual Loops": 8632,"Index Cond": "((l_partkey = partsupp.ps_partkey) AND (l_suppkey = partsupp.ps_suppkey))","Rows Removed by Index Recheck": 0,"Filter": "((l_shipdate >= '1993-01-01'::date) AND (l_shipdate < '1994-01-01 00:00:00'::timestamp without time zone))","Rows Removed by Filter": 6}]}]}]}]}]}]},"Planning Time": 7.396,"Triggers": [],"Execution Time": 896.645}]
[{"Plan": {"Node Type": "Sort","Parallel Aware": false,"Async Capable": false,"Startup Cost": 88442.96,"Total Cost": 88443.23,"Plan Rows": 108,"Plan Width": 51,"Actual Startup Time": 976.133,"Actual Total Time": 976.168,"Actual Rows": 192,"Actual Loops": 1,"Sort Key": ["supplier.s_name"],"Sort Method": "quicksort","Sort Space Used": 42,"Sort Space Type": "Memory","Plans": [{"Node Type": "Hash Join","Parent Relationship": "Outer","Parallel Aware": false,"Async Capable": false,"Join Type": "Semi","Startup Cost": 88199.59,"Total Cost": 88439.31,"Plan Rows": 108,"Plan Width": 51,"Actual Startup Time": 971.804,"Actual Total Time": 975.640,"Actual Rows": 192,"Actual Loops": 1,"Inner Unique": false,"Hash Cond": "(supplier.s_suppkey = partsupp.ps_suppkey)","Plans": [{"Node Type": "Nested Loop","Parent Relationship": "Outer","Parallel Aware": false,"Async Capable": false,"Join Type": "Inner","Startup Cost": 7.38,"Total Cost": 244.58,"Plan Rows": 400,"Plan Width": 55,"Actual Startup Time": 0.281,"Actual Total Time": 4.085,"Actual Rows": 415,"Actual Loops": 1,"Inner Unique": false,"Plans": [{"Node Type": "Seq Scan","Parent Relationship": "Outer","Parallel Aware": false,"Async Capable": false,"Relation Name": "nation","Alias": "nation","Startup Cost": 0.00,"Total Cost": 1.31,"Plan Rows": 1,"Plan Width": 4,"Actual Startup Time": 0.069,"Actual Total Time": 0.096,"Actual Rows": 1,"Actual Loops": 1,"Filter": "(n_name = 'EGYPT'::bpchar)","Rows Removed by Filter": 24},{"Node Type": "Bitmap Heap Scan","Parent Relationship": "Inner","Parallel Aware": false,"Async Capable": false,"Relation Name": "supplier","Alias": "supplier","Startup Cost": 7.38,"Total Cost": 239.27,"Plan Rows": 400,"Plan Width": 59,"Actual Startup Time": 0.208,"Actual Total Time": 3.917,"Actual Rows": 415,"Actual Loops": 1,"Recheck Cond": "(s_nationkey = nation.n_nationkey)","Rows Removed by Index Recheck": 0,"Exact Heap Blocks": 183,"Lossy Heap Blocks": 0,"Plans": [{"Node Type": "Bitmap Index Scan","Parent Relationship": "Outer","Parallel Aware": false,"Async Capable": false,"Index Name": "idx_supplier_nation_key","Startup Cost": 0.00,"Total Cost": 7.29,"Plan Rows": 400,"Plan Width": 0,"Actual Startup Time": 0.135,"Actual Total Time": 0.139,"Actual Rows": 415,"Actual Loops": 1,"Index Cond": "(s_nationkey = nation.n_nationkey)"}]}]},{"Node Type": "Hash","Parent Relationship": "Inner","Parallel Aware": false,"Async Capable": false,"Startup Cost": 88158.53,"Total Cost": 88158.53,"Plan Rows": 2694,"Plan Width": 4,"Actual Startup Time": 971.409,"Actual Total Time": 971.415,"Actual Rows": 6015,"Actual Loops": 1,"Hash Buckets": 8192,"Original Hash Buckets": 4096,"Hash Batches": 1,"Original Hash Batches": 1,"Peak Memory Usage": 276,"Plans": [{"Node Type": "Nested Loop","Parent Relationship": "Outer","Parallel Aware": false,"Async Capable": false,"Join Type": "Inner","Startup Cost": 0.42,"Total Cost": 88158.53,"Plan Rows": 2694,"Plan Width": 4,"Actual Startup Time": 0.567,"Actual Total Time": 967.179,"Actual Rows": 6015,"Actual Loops": 1,"Inner Unique": false,"Plans": [{"Node Type": "Seq Scan","Parent Relationship": "Outer","Parallel Aware": false,"Async Capable": false,"Relation Name": "part","Alias": "part","Startup Cost": 0.00,"Total Cost": 6597.00,"Plan Rows": 2020,"Plan Width": 4,"Actual Startup Time": 0.204,"Actual Total Time": 181.257,"Actual Rows": 2204,"Actual Loops": 1,"Filter": "((p_name)::text ~~ 'orange%'::text)","Rows Removed by Filter": 197796},{"Node Type": "Index Scan","Parent Relationship": "Inner","Parallel Aware": false,"Async Capable": false,"Scan Direction": "Forward","Index Name": "idx_partsupp_partkey","Relation Name": "partsupp","Alias": "partsupp","Startup Cost": 0.42,"Total Cost": 40.36,"Plan Rows": 1,"Plan Width": 8,"Actual Startup Time": 0.148,"Actual Total Time": 0.356,"Actual Rows": 3,"Actual Loops": 2204,"Index Cond": "(ps_partkey = part.p_partkey)","Rows Removed by Index Recheck": 0,"Filter": "((ps_availqty)::numeric > (SubPlan 1))","Rows Removed by Filter": 1,"Plans": [{"Node Type": "Aggregate","Strategy": "Plain","Partial Mode": "Simple","Parent Relationship": "SubPlan","Subplan Name": "SubPlan 1","Parallel Aware": false,"Async Capable": false,"Startup Cost": 8.46,"Total Cost": 8.47,"Plan Rows": 1,"Plan Width": 32,"Actual Startup Time": 0.081,"Actual Total Time": 0.081,"Actual Rows": 1,"Actual Loops": 8816,"Plans": [{"Node Type": "Index Scan","Parent Relationship": "Outer","Parallel Aware": false,"Async Capable": false,"Scan Direction": "Forward","Index Name": "idx_lineitem_part_supp","Relation Name": "lineitem","Alias": "lineitem","Startup Cost": 0.43,"Total Cost": 8.46,"Plan Rows": 0,"Plan Width": 5,"Actual Startup Time": 0.049,"Actual Total Time": 0.080,"Actual Rows": 1,"Actual Loops": 8816,"Index Cond": "((l_partkey = partsupp.ps_partkey) AND (l_suppkey = partsupp.ps_suppkey))","Rows Removed by Index Recheck": 0,"Filter": "((l_shipdate >= '1994-01-01'::date) AND (l_shipdate < '1995-01-01 00:00:00'::timestamp without time zone))","Rows Removed by Filter": 6}]}]}]}]}]}]},"Planning Time": 6.212,"Triggers": [],"Execution Time": 976.466}]
[{"Plan": {"Node Type": "Sort","Parallel Aware": false,"Async Capable": false,"Startup Cost": 88442.96,"Total Cost": 88443.23,"Plan Rows": 108,"Plan Width": 51,"Actual Startup Time": 885.932,"Actual Total Time": 885.970,"Actual Rows": 178,"Actual Loops": 1,"Sort Key": ["supplier.s_name"],"Sort Method": "quicksort","Sort Space Used": 41,"Sort Space Type": "Memory","Plans": [{"Node Type": "Hash Join","Parent Relationship": "Outer","Parallel Aware": false,"Async Capable": false,"Join Type": "Semi","Startup Cost": 88199.59,"Total Cost": 88439.31,"Plan Rows": 108,"Plan Width": 51,"Actual Startup Time": 881.521,"Actual Total Time": 885.586,"Actual Rows": 178,"Actual Loops": 1,"Inner Unique": false,"Hash Cond": "(supplier.s_suppkey = partsupp.ps_suppkey)","Plans": [{"Node Type": "Nested Loop","Parent Relationship": "Outer","Parallel Aware": false,"Async Capable": false,"Join Type": "Inner","Startup Cost": 7.38,"Total Cost": 244.58,"Plan Rows": 400,"Plan Width": 55,"Actual Startup Time": 0.393,"Actual Total Time": 4.329,"Actual Rows": 421,"Actual Loops": 1,"Inner Unique": false,"Plans": [{"Node Type": "Seq Scan","Parent Relationship": "Outer","Parallel Aware": false,"Async Capable": false,"Relation Name": "nation","Alias": "nation","Startup Cost": 0.00,"Total Cost": 1.31,"Plan Rows": 1,"Plan Width": 4,"Actual Startup Time": 0.080,"Actual Total Time": 0.106,"Actual Rows": 1,"Actual Loops": 1,"Filter": "(n_name = 'PERU'::bpchar)","Rows Removed by Filter": 24},{"Node Type": "Bitmap Heap Scan","Parent Relationship": "Inner","Parallel Aware": false,"Async Capable": false,"Relation Name": "supplier","Alias": "supplier","Startup Cost": 7.38,"Total Cost": 239.27,"Plan Rows": 400,"Plan Width": 59,"Actual Startup Time": 0.305,"Actual Total Time": 4.152,"Actual Rows": 421,"Actual Loops": 1,"Recheck Cond": "(s_nationkey = nation.n_nationkey)","Rows Removed by Index Recheck": 0,"Exact Heap Blocks": 187,"Lossy Heap Blocks": 0,"Plans": [{"Node Type": "Bitmap Index Scan","Parent Relationship": "Outer","Parallel Aware": false,"Async Capable": false,"Index Name": "idx_supplier_nation_key","Startup Cost": 0.00,"Total Cost": 7.29,"Plan Rows": 400,"Plan Width": 0,"Actual Startup Time": 0.208,"Actual Total Time": 0.212,"Actual Rows": 421,"Actual Loops": 1,"Index Cond": "(s_nationkey = nation.n_nationkey)"}]}]},{"Node Type": "Hash","Parent Relationship": "Inner","Parallel Aware": false,"Async Capable": false,"Startup Cost": 88158.53,"Total Cost": 88158.53,"Plan Rows": 2694,"Plan Width": 4,"Actual Startup Time": 881.037,"Actual Total Time": 881.049,"Actual Rows": 5756,"Actual Loops": 1,"Hash Buckets": 8192,"Original Hash Buckets": 4096,"Hash Batches": 1,"Original Hash Batches": 1,"Peak Memory Usage": 267,"Plans": [{"Node Type": "Nested Loop","Parent Relationship": "Outer","Parallel Aware": false,"Async Capable": false,"Join Type": "Inner","Startup Cost": 0.42,"Total Cost": 88158.53,"Plan Rows": 2694,"Plan Width": 4,"Actual Startup Time": 0.761,"Actual Total Time": 876.882,"Actual Rows": 5756,"Actual Loops": 1,"Inner Unique": false,"Plans": [{"Node Type": "Seq Scan","Parent Relationship": "Outer","Parallel Aware": false,"Async Capable": false,"Relation Name": "part","Alias": "part","Startup Cost": 0.00,"Total Cost": 6597.00,"Plan Rows": 2020,"Plan Width": 4,"Actual Startup Time": 0.058,"Actual Total Time": 193.699,"Actual Rows": 2117,"Actual Loops": 1,"Filter": "((p_name)::text ~~ 'deep%'::text)","Rows Removed by Filter": 197883},{"Node Type": "Index Scan","Parent Relationship": "Inner","Parallel Aware": false,"Async Capable": false,"Scan Direction": "Forward","Index Name": "idx_partsupp_partkey","Relation Name": "partsupp","Alias": "partsupp","Startup Cost": 0.42,"Total Cost": 40.36,"Plan Rows": 1,"Plan Width": 8,"Actual Startup Time": 0.138,"Actual Total Time": 0.322,"Actual Rows": 3,"Actual Loops": 2117,"Index Cond": "(ps_partkey = part.p_partkey)","Rows Removed by Index Recheck": 0,"Filter": "((ps_availqty)::numeric > (SubPlan 1))","Rows Removed by Filter": 1,"Plans": [{"Node Type": "Aggregate","Strategy": "Plain","Partial Mode": "Simple","Parent Relationship": "SubPlan","Subplan Name": "SubPlan 1","Parallel Aware": false,"Async Capable": false,"Startup Cost": 8.46,"Total Cost": 8.47,"Plan Rows": 1,"Plan Width": 32,"Actual Startup Time": 0.072,"Actual Total Time": 0.072,"Actual Rows": 1,"Actual Loops": 8468,"Plans": [{"Node Type": "Index Scan","Parent Relationship": "Outer","Parallel Aware": false,"Async Capable": false,"Scan Direction": "Forward","Index Name": "idx_lineitem_part_supp","Relation Name": "lineitem","Alias": "lineitem","Startup Cost": 0.43,"Total Cost": 8.46,"Plan Rows": 0,"Plan Width": 5,"Actual Startup Time": 0.044,"Actual Total Time": 0.071,"Actual Rows": 1,"Actual Loops": 8468,"Index Cond": "((l_partkey = partsupp.ps_partkey) AND (l_suppkey = partsupp.ps_suppkey))","Rows Removed by Index Recheck": 0,"Filter": "((l_shipdate >= '1996-01-01'::date) AND (l_shipdate < '1997-01-01 00:00:00'::timestamp without time zone))","Rows Removed by Filter": 6}]}]}]}]}]}]},"Planning Time": 6.761,"Triggers": [],"Execution Time": 886.244}]
[{"Plan": {"Node Type": "Sort","Parallel Aware": false,"Async Capable": false,"Startup Cost": 88442.96,"Total Cost": 88443.23,"Plan Rows": 108,"Plan Width": 51,"Actual Startup Time": 910.567,"Actual Total Time": 910.604,"Actual Rows": 166,"Actual Loops": 1,"Sort Key": ["supplier.s_name"],"Sort Method": "quicksort","Sort Space Used": 40,"Sort Space Type": "Memory","Plans": [{"Node Type": "Hash Join","Parent Relationship": "Outer","Parallel Aware": false,"Async Capable": false,"Join Type": "Semi","Startup Cost": 88199.59,"Total Cost": 88439.31,"Plan Rows": 108,"Plan Width": 51,"Actual Startup Time": 906.187,"Actual Total Time": 910.253,"Actual Rows": 166,"Actual Loops": 1,"Inner Unique": false,"Hash Cond": "(supplier.s_suppkey = partsupp.ps_suppkey)","Plans": [{"Node Type": "Nested Loop","Parent Relationship": "Outer","Parallel Aware": false,"Async Capable": false,"Join Type": "Inner","Startup Cost": 7.38,"Total Cost": 244.58,"Plan Rows": 400,"Plan Width": 55,"Actual Startup Time": 0.220,"Actual Total Time": 4.201,"Actual Rows": 402,"Actual Loops": 1,"Inner Unique": false,"Plans": [{"Node Type": "Seq Scan","Parent Relationship": "Outer","Parallel Aware": false,"Async Capable": false,"Relation Name": "nation","Alias": "nation","Startup Cost": 0.00,"Total Cost": 1.31,"Plan Rows": 1,"Plan Width": 4,"Actual Startup Time": 0.064,"Actual Total Time": 0.086,"Actual Rows": 1,"Actual Loops": 1,"Filter": "(n_name = 'FRANCE'::bpchar)","Rows Removed by Filter": 24},{"Node Type": "Bitmap Heap Scan","Parent Relationship": "Inner","Parallel Aware": false,"Async Capable": false,"Relation Name": "supplier","Alias": "supplier","Startup Cost": 7.38,"Total Cost": 239.27,"Plan Rows": 400,"Plan Width": 59,"Actual Startup Time": 0.152,"Actual Total Time": 4.060,"Actual Rows": 402,"Actual Loops": 1,"Recheck Cond": "(s_nationkey = nation.n_nationkey)","Rows Removed by Index Recheck": 0,"Exact Heap Blocks": 184,"Lossy Heap Blocks": 0,"Plans": [{"Node Type": "Bitmap Index Scan","Parent Relationship": "Outer","Parallel Aware": false,"Async Capable": false,"Index Name": "idx_supplier_nation_key","Startup Cost": 0.00,"Total Cost": 7.29,"Plan Rows": 400,"Plan Width": 0,"Actual Startup Time": 0.100,"Actual Total Time": 0.103,"Actual Rows": 402,"Actual Loops": 1,"Index Cond": "(s_nationkey = nation.n_nationkey)"}]}]},{"Node Type": "Hash","Parent Relationship": "Inner","Parallel Aware": false,"Async Capable": false,"Startup Cost": 88158.53,"Total Cost": 88158.53,"Plan Rows": 2694,"Plan Width": 4,"Actual Startup Time": 905.900,"Actual Total Time": 905.910,"Actual Rows": 5923,"Actual Loops": 1,"Hash Buckets": 8192,"Original Hash Buckets": 4096,"Hash Batches": 1,"Original Hash Batches": 1,"Peak Memory Usage": 273,"Plans": [{"Node Type": "Nested Loop","Parent Relationship": "Outer","Parallel Aware": false,"Async Capable": false,"Join Type": "Inner","Startup Cost": 0.42,"Total Cost": 88158.53,"Plan Rows": 2694,"Plan Width": 4,"Actual Startup Time": 0.560,"Actual Total Time": 901.478,"Actual Rows": 5923,"Actual Loops": 1,"Inner Unique": false,"Plans": [{"Node Type": "Seq Scan","Parent Relationship": "Outer","Parallel Aware": false,"Async Capable": false,"Relation Name": "part","Alias": "part","Startup Cost": 0.00,"Total Cost": 6597.00,"Plan Rows": 2020,"Plan Width": 4,"Actual Startup Time": 0.068,"Actual Total Time": 203.532,"Actual Rows": 2170,"Actual Loops": 1,"Filter": "((p_name)::text ~~ 'cream%'::text)","Rows Removed by Filter": 197830},{"Node Type": "Index Scan","Parent Relationship": "Inner","Parallel Aware": false,"Async Capable": false,"Scan Direction": "Forward","Index Name": "idx_partsupp_partkey","Relation Name": "partsupp","Alias": "partsupp","Startup Cost": 0.42,"Total Cost": 40.36,"Plan Rows": 1,"Plan Width": 8,"Actual Startup Time": 0.137,"Actual Total Time": 0.321,"Actual Rows": 3,"Actual Loops": 2170,"Index Cond": "(ps_partkey = part.p_partkey)","Rows Removed by Index Recheck": 0,"Filter": "((ps_availqty)::numeric > (SubPlan 1))","Rows Removed by Filter": 1,"Plans": [{"Node Type": "Aggregate","Strategy": "Plain","Partial Mode": "Simple","Parent Relationship": "SubPlan","Subplan Name": "SubPlan 1","Parallel Aware": false,"Async Capable": false,"Startup Cost": 8.46,"Total Cost": 8.47,"Plan Rows": 1,"Plan Width": 32,"Actual Startup Time": 0.072,"Actual Total Time": 0.072,"Actual Rows": 1,"Actual Loops": 8680,"Plans": [{"Node Type": "Index Scan","Parent Relationship": "Outer","Parallel Aware": false,"Async Capable": false,"Scan Direction": "Forward","Index Name": "idx_lineitem_part_supp","Relation Name": "lineitem","Alias": "lineitem","Startup Cost": 0.43,"Total Cost": 8.46,"Plan Rows": 0,"Plan Width": 5,"Actual Startup Time": 0.044,"Actual Total Time": 0.071,"Actual Rows": 1,"Actual Loops": 8680,"Index Cond": "((l_partkey = partsupp.ps_partkey) AND (l_suppkey = partsupp.ps_suppkey))","Rows Removed by Index Recheck": 0,"Filter": "((l_shipdate >= '1993-01-01'::date) AND (l_shipdate < '1994-01-01 00:00:00'::timestamp without time zone))","Rows Removed by Filter": 6}]}]}]}]}]}]},"Planning Time": 5.228,"Triggers": [],"Execution Time": 910.840}]
[{"Plan": {"Node Type": "Sort","Parallel Aware": false,"Async Capable": false,"Startup Cost": 88442.96,"Total Cost": 88443.23,"Plan Rows": 108,"Plan Width": 51,"Actual Startup Time": 971.064,"Actual Total Time": 971.100,"Actual Rows": 223,"Actual Loops": 1,"Sort Key": ["supplier.s_name"],"Sort Method": "quicksort","Sort Space Used": 45,"Sort Space Type": "Memory","Plans": [{"Node Type": "Hash Join","Parent Relationship": "Outer","Parallel Aware": false,"Async Capable": false,"Join Type": "Semi","Startup Cost": 88199.59,"Total Cost": 88439.31,"Plan Rows": 108,"Plan Width": 51,"Actual Startup Time": 966.487,"Actual Total Time": 970.691,"Actual Rows": 223,"Actual Loops": 1,"Inner Unique": false,"Hash Cond": "(supplier.s_suppkey = partsupp.ps_suppkey)","Plans": [{"Node Type": "Nested Loop","Parent Relationship": "Outer","Parallel Aware": false,"Async Capable": false,"Join Type": "Inner","Startup Cost": 7.38,"Total Cost": 244.58,"Plan Rows": 400,"Plan Width": 55,"Actual Startup Time": 0.337,"Actual Total Time": 4.384,"Actual Rows": 438,"Actual Loops": 1,"Inner Unique": false,"Plans": [{"Node Type": "Seq Scan","Parent Relationship": "Outer","Parallel Aware": false,"Async Capable": false,"Relation Name": "nation","Alias": "nation","Startup Cost": 0.00,"Total Cost": 1.31,"Plan Rows": 1,"Plan Width": 4,"Actual Startup Time": 0.069,"Actual Total Time": 0.096,"Actual Rows": 1,"Actual Loops": 1,"Filter": "(n_name = 'IRAQ'::bpchar)","Rows Removed by Filter": 24},{"Node Type": "Bitmap Heap Scan","Parent Relationship": "Inner","Parallel Aware": false,"Async Capable": false,"Relation Name": "supplier","Alias": "supplier","Startup Cost": 7.38,"Total Cost": 239.27,"Plan Rows": 400,"Plan Width": 59,"Actual Startup Time": 0.258,"Actual Total Time": 4.225,"Actual Rows": 438,"Actual Loops": 1,"Recheck Cond": "(s_nationkey = nation.n_nationkey)","Rows Removed by Index Recheck": 0,"Exact Heap Blocks": 194,"Lossy Heap Blocks": 0,"Plans": [{"Node Type": "Bitmap Index Scan","Parent Relationship": "Outer","Parallel Aware": false,"Async Capable": false,"Index Name": "idx_supplier_nation_key","Startup Cost": 0.00,"Total Cost": 7.29,"Plan Rows": 400,"Plan Width": 0,"Actual Startup Time": 0.173,"Actual Total Time": 0.176,"Actual Rows": 438,"Actual Loops": 1,"Index Cond": "(s_nationkey = nation.n_nationkey)"}]}]},{"Node Type": "Hash","Parent Relationship": "Inner","Parallel Aware": false,"Async Capable": false,"Startup Cost": 88158.53,"Total Cost": 88158.53,"Plan Rows": 2694,"Plan Width": 4,"Actual Startup Time": 966.083,"Actual Total Time": 966.095,"Actual Rows": 5919,"Actual Loops": 1,"Hash Buckets": 8192,"Original Hash Buckets": 4096,"Hash Batches": 1,"Original Hash Batches": 1,"Peak Memory Usage": 273,"Plans": [{"Node Type": "Nested Loop","Parent Relationship": "Outer","Parallel Aware": false,"Async Capable": false,"Join Type": "Inner","Startup Cost": 0.42,"Total Cost": 88158.53,"Plan Rows": 2694,"Plan Width": 4,"Actual Startup Time": 0.749,"Actual Total Time": 961.974,"Actual Rows": 5919,"Actual Loops": 1,"Inner Unique": false,"Plans": [{"Node Type": "Seq Scan","Parent Relationship": "Outer","Parallel Aware": false,"Async Capable": false,"Relation Name": "part","Alias": "part","Startup Cost": 0.00,"Total Cost": 6597.00,"Plan Rows": 2020,"Plan Width": 4,"Actual Startup Time": 0.165,"Actual Total Time": 180.439,"Actual Rows": 2171,"Actual Loops": 1,"Filter": "((p_name)::text ~~ 'lace%'::text)","Rows Removed by Filter": 197829},{"Node Type": "Index Scan","Parent Relationship": "Inner","Parallel Aware": false,"Async Capable": false,"Scan Direction": "Forward","Index Name": "idx_partsupp_partkey","Relation Name": "partsupp","Alias": "partsupp","Startup Cost": 0.42,"Total Cost": 40.36,"Plan Rows": 1,"Plan Width": 8,"Actual Startup Time": 0.150,"Actual Total Time": 0.359,"Actual Rows": 3,"Actual Loops": 2171,"Index Cond": "(ps_partkey = part.p_partkey)","Rows Removed by Index Recheck": 0,"Filter": "((ps_availqty)::numeric > (SubPlan 1))","Rows Removed by Filter": 1,"Plans": [{"Node Type": "Aggregate","Strategy": "Plain","Partial Mode": "Simple","Parent Relationship": "SubPlan","Subplan Name": "SubPlan 1","Parallel Aware": false,"Async Capable": false,"Startup Cost": 8.46,"Total Cost": 8.47,"Plan Rows": 1,"Plan Width": 32,"Actual Startup Time": 0.082,"Actual Total Time": 0.082,"Actual Rows": 1,"Actual Loops": 8684,"Plans": [{"Node Type": "Index Scan","Parent Relationship": "Outer","Parallel Aware": false,"Async Capable": false,"Scan Direction": "Forward","Index Name": "idx_lineitem_part_supp","Relation Name": "lineitem","Alias": "lineitem","Startup Cost": 0.43,"Total Cost": 8.46,"Plan Rows": 0,"Plan Width": 5,"Actual Startup Time": 0.049,"Actual Total Time": 0.081,"Actual Rows": 1,"Actual Loops": 8684,"Index Cond": "((l_partkey = partsupp.ps_partkey) AND (l_suppkey = partsupp.ps_suppkey))","Rows Removed by Index Recheck": 0,"Filter": "((l_shipdate >= '1996-01-01'::date) AND (l_shipdate < '1997-01-01 00:00:00'::timestamp without time zone))","Rows Removed by Filter": 6}]}]}]}]}]}]},"Planning Time": 6.354,"Triggers": [],"Execution Time": 971.366}]
[{"Plan": {"Node Type": "Sort","Parallel Aware": false,"Async Capable": false,"Startup Cost": 88442.96,"Total Cost": 88443.23,"Plan Rows": 108,"Plan Width": 51,"Actual Startup Time": 922.228,"Actual Total Time": 922.270,"Actual Rows": 176,"Actual Loops": 1,"Sort Key": ["supplier.s_name"],"Sort Method": "quicksort","Sort Space Used": 41,"Sort Space Type": "Memory","Plans": [{"Node Type": "Hash Join","Parent Relationship": "Outer","Parallel Aware": false,"Async Capable": false,"Join Type": "Semi","Startup Cost": 88199.59,"Total Cost": 88439.31,"Plan Rows": 108,"Plan Width": 51,"Actual Startup Time": 917.968,"Actual Total Time": 921.732,"Actual Rows": 176,"Actual Loops": 1,"Inner Unique": false,"Hash Cond": "(supplier.s_suppkey = partsupp.ps_suppkey)","Plans": [{"Node Type": "Nested Loop","Parent Relationship": "Outer","Parallel Aware": false,"Async Capable": false,"Join Type": "Inner","Startup Cost": 7.38,"Total Cost": 244.58,"Plan Rows": 400,"Plan Width": 55,"Actual Startup Time": 0.288,"Actual Total Time": 4.012,"Actual Rows": 393,"Actual Loops": 1,"Inner Unique": false,"Plans": [{"Node Type": "Seq Scan","Parent Relationship": "Outer","Parallel Aware": false,"Async Capable": false,"Relation Name": "nation","Alias": "nation","Startup Cost": 0.00,"Total Cost": 1.31,"Plan Rows": 1,"Plan Width": 4,"Actual Startup Time": 0.063,"Actual Total Time": 0.071,"Actual Rows": 1,"Actual Loops": 1,"Filter": "(n_name = 'UNITED STATES'::bpchar)","Rows Removed by Filter": 24},{"Node Type": "Bitmap Heap Scan","Parent Relationship": "Inner","Parallel Aware": false,"Async Capable": false,"Relation Name": "supplier","Alias": "supplier","Startup Cost": 7.38,"Total Cost": 239.27,"Plan Rows": 400,"Plan Width": 59,"Actual Startup Time": 0.220,"Actual Total Time": 3.859,"Actual Rows": 393,"Actual Loops": 1,"Recheck Cond": "(s_nationkey = nation.n_nationkey)","Rows Removed by Index Recheck": 0,"Exact Heap Blocks": 181,"Lossy Heap Blocks": 0,"Plans": [{"Node Type": "Bitmap Index Scan","Parent Relationship": "Outer","Parallel Aware": false,"Async Capable": false,"Index Name": "idx_supplier_nation_key","Startup Cost": 0.00,"Total Cost": 7.29,"Plan Rows": 400,"Plan Width": 0,"Actual Startup Time": 0.144,"Actual Total Time": 0.149,"Actual Rows": 393,"Actual Loops": 1,"Index Cond": "(s_nationkey = nation.n_nationkey)"}]}]},{"Node Type": "Hash","Parent Relationship": "Inner","Parallel Aware": false,"Async Capable": false,"Startup Cost": 88158.53,"Total Cost": 88158.53,"Plan Rows": 2694,"Plan Width": 4,"Actual Startup Time": 917.570,"Actual Total Time": 917.579,"Actual Rows": 6071,"Actual Loops": 1,"Hash Buckets": 8192,"Original Hash Buckets": 4096,"Hash Batches": 1,"Original Hash Batches": 1,"Peak Memory Usage": 278,"Plans": [{"Node Type": "Nested Loop","Parent Relationship": "Outer","Parallel Aware": false,"Async Capable": false,"Join Type": "Inner","Startup Cost": 0.42,"Total Cost": 88158.53,"Plan Rows": 2694,"Plan Width": 4,"Actual Startup Time": 0.539,"Actual Total Time": 912.948,"Actual Rows": 6071,"Actual Loops": 1,"Inner Unique": false,"Plans": [{"Node Type": "Seq Scan","Parent Relationship": "Outer","Parallel Aware": false,"Async Capable": false,"Relation Name": "part","Alias": "part","Startup Cost": 0.00,"Total Cost": 6597.00,"Plan Rows": 2020,"Plan Width": 4,"Actual Startup Time": 0.212,"Actual Total Time": 201.949,"Actual Rows": 2216,"Actual Loops": 1,"Filter": "((p_name)::text ~~ 'chartreuse%'::text)","Rows Removed by Filter": 197784},{"Node Type": "Index Scan","Parent Relationship": "Inner","Parallel Aware": false,"Async Capable": false,"Scan Direction": "Forward","Index Name": "idx_partsupp_partkey","Relation Name": "partsupp","Alias": "partsupp","Startup Cost": 0.42,"Total Cost": 40.36,"Plan Rows": 1,"Plan Width": 8,"Actual Startup Time": 0.134,"Actual Total Time": 0.320,"Actual Rows": 3,"Actual Loops": 2216,"Index Cond": "(ps_partkey = part.p_partkey)","Rows Removed by Index Recheck": 0,"Filter": "((ps_availqty)::numeric > (SubPlan 1))","Rows Removed by Filter": 1,"Plans": [{"Node Type": "Aggregate","Strategy": "Plain","Partial Mode": "Simple","Parent Relationship": "SubPlan","Subplan Name": "SubPlan 1","Parallel Aware": false,"Async Capable": false,"Startup Cost": 8.46,"Total Cost": 8.47,"Plan Rows": 1,"Plan Width": 32,"Actual Startup Time": 0.072,"Actual Total Time": 0.072,"Actual Rows": 1,"Actual Loops": 8864,"Plans": [{"Node Type": "Index Scan","Parent Relationship": "Outer","Parallel Aware": false,"Async Capable": false,"Scan Direction": "Forward","Index Name": "idx_lineitem_part_supp","Relation Name": "lineitem","Alias": "lineitem","Startup Cost": 0.43,"Total Cost": 8.46,"Plan Rows": 0,"Plan Width": 5,"Actual Startup Time": 0.044,"Actual Total Time": 0.071,"Actual Rows": 1,"Actual Loops": 8864,"Index Cond": "((l_partkey = partsupp.ps_partkey) AND (l_suppkey = partsupp.ps_suppkey))","Rows Removed by Index Recheck": 0,"Filter": "((l_shipdate >= '1994-01-01'::date) AND (l_shipdate < '1995-01-01 00:00:00'::timestamp without time zone))","Rows Removed by Filter": 6}]}]}]}]}]}]},"Planning Time": 6.182,"Triggers": [],"Execution Time": 922.546}]
[{"Plan": {"Node Type": "Sort","Parallel Aware": false,"Async Capable": false,"Startup Cost": 88442.96,"Total Cost": 88443.23,"Plan Rows": 108,"Plan Width": 51,"Actual Startup Time": 983.892,"Actual Total Time": 983.936,"Actual Rows": 161,"Actual Loops": 1,"Sort Key": ["supplier.s_name"],"Sort Method": "quicksort","Sort Space Used": 40,"Sort Space Type": "Memory","Plans": [{"Node Type": "Hash Join","Parent Relationship": "Outer","Parallel Aware": false,"Async Capable": false,"Join Type": "Semi","Startup Cost": 88199.59,"Total Cost": 88439.31,"Plan Rows": 108,"Plan Width": 51,"Actual Startup Time": 979.684,"Actual Total Time": 983.421,"Actual Rows": 161,"Actual Loops": 1,"Inner Unique": false,"Hash Cond": "(supplier.s_suppkey = partsupp.ps_suppkey)","Plans": [{"Node Type": "Nested Loop","Parent Relationship": "Outer","Parallel Aware": false,"Async Capable": false,"Join Type": "Inner","Startup Cost": 7.38,"Total Cost": 244.58,"Plan Rows": 400,"Plan Width": 55,"Actual Startup Time": 0.296,"Actual Total Time": 3.981,"Actual Rows": 376,"Actual Loops": 1,"Inner Unique": false,"Plans": [{"Node Type": "Seq Scan","Parent Relationship": "Outer","Parallel Aware": false,"Async Capable": false,"Relation Name": "nation","Alias": "nation","Startup Cost": 0.00,"Total Cost": 1.31,"Plan Rows": 1,"Plan Width": 4,"Actual Startup Time": 0.065,"Actual Total Time": 0.098,"Actual Rows": 1,"Actual Loops": 1,"Filter": "(n_name = 'KENYA'::bpchar)","Rows Removed by Filter": 24},{"Node Type": "Bitmap Heap Scan","Parent Relationship": "Inner","Parallel Aware": false,"Async Capable": false,"Relation Name": "supplier","Alias": "supplier","Startup Cost": 7.38,"Total Cost": 239.27,"Plan Rows": 400,"Plan Width": 59,"Actual Startup Time": 0.222,"Actual Total Time": 3.807,"Actual Rows": 376,"Actual Loops": 1,"Recheck Cond": "(s_nationkey = nation.n_nationkey)","Rows Removed by Index Recheck": 0,"Exact Heap Blocks": 179,"Lossy Heap Blocks": 0,"Plans": [{"Node Type": "Bitmap Index Scan","Parent Relationship": "Outer","Parallel Aware": false,"Async Capable": false,"Index Name": "idx_supplier_nation_key","Startup Cost": 0.00,"Total Cost": 7.29,"Plan Rows": 400,"Plan Width": 0,"Actual Startup Time": 0.164,"Actual Total Time": 0.171,"Actual Rows": 376,"Actual Loops": 1,"Index Cond": "(s_nationkey = nation.n_nationkey)"}]}]},{"Node Type": "Hash","Parent Relationship": "Inner","Parallel Aware": false,"Async Capable": false,"Startup Cost": 88158.53,"Total Cost": 88158.53,"Plan Rows": 2694,"Plan Width": 4,"Actual Startup Time": 979.272,"Actual Total Time": 979.282,"Actual Rows": 6111,"Actual Loops": 1,"Hash Buckets": 8192,"Original Hash Buckets": 4096,"Hash Batches": 1,"Original Hash Batches": 1,"Peak Memory Usage": 279,"Plans": [{"Node Type": "Nested Loop","Parent Relationship": "Outer","Parallel Aware": false,"Async Capable": false,"Join Type": "Inner","Startup Cost": 0.42,"Total Cost": 88158.53,"Plan Rows": 2694,"Plan Width": 4,"Actual Startup Time": 0.399,"Actual Total Time": 974.616,"Actual Rows": 6111,"Actual Loops": 1,"Inner Unique": false,"Plans": [{"Node Type": "Seq Scan","Parent Relationship": "Outer","Parallel Aware": false,"Async Capable": false,"Relation Name": "part","Alias": "part","Startup Cost": 0.00,"Total Cost": 6597.00,"Plan Rows": 2020,"Plan Width": 4,"Actual Startup Time": 0.069,"Actual Total Time": 180.029,"Actual Rows": 2216,"Actual Loops": 1,"Filter": "((p_name)::text ~~ 'blanched%'::text)","Rows Removed by Filter": 197784},{"Node Type": "Index Scan","Parent Relationship": "Inner","Parallel Aware": false,"Async Capable": false,"Scan Direction": "Forward","Index Name": "idx_partsupp_partkey","Relation Name": "partsupp","Alias": "partsupp","Startup Cost": 0.42,"Total Cost": 40.36,"Plan Rows": 1,"Plan Width": 8,"Actual Startup Time": 0.147,"Actual Total Time": 0.358,"Actual Rows": 3,"Actual Loops": 2216,"Index Cond": "(ps_partkey = part.p_partkey)","Rows Removed by Index Recheck": 0,"Filter": "((ps_availqty)::numeric > (SubPlan 1))","Rows Removed by Filter": 1,"Plans": [{"Node Type": "Aggregate","Strategy": "Plain","Partial Mode": "Simple","Parent Relationship": "SubPlan","Subplan Name": "SubPlan 1","Parallel Aware": false,"Async Capable": false,"Startup Cost": 8.46,"Total Cost": 8.47,"Plan Rows": 1,"Plan Width": 32,"Actual Startup Time": 0.081,"Actual Total Time": 0.081,"Actual Rows": 1,"Actual Loops": 8864,"Plans": [{"Node Type": "Index Scan","Parent Relationship": "Outer","Parallel Aware": false,"Async Capable": false,"Scan Direction": "Forward","Index Name": "idx_lineitem_part_supp","Relation Name": "lineitem","Alias": "lineitem","Startup Cost": 0.43,"Total Cost": 8.46,"Plan Rows": 0,"Plan Width": 5,"Actual Startup Time": 0.048,"Actual Total Time": 0.081,"Actual Rows": 1,"Actual Loops": 8864,"Index Cond": "((l_partkey = partsupp.ps_partkey) AND (l_suppkey = partsupp.ps_suppkey))","Rows Removed by Index Recheck": 0,"Filter": "((l_shipdate >= '1995-01-01'::date) AND (l_shipdate < '1996-01-01 00:00:00'::timestamp without time zone))","Rows Removed by Filter": 6}]}]}]}]}]}]},"Planning Time": 5.801,"Triggers": [],"Execution Time": 984.197}]
[{"Plan": {"Node Type": "Sort","Parallel Aware": false,"Async Capable": false,"Startup Cost": 88442.96,"Total Cost": 88443.23,"Plan Rows": 108,"Plan Width": 51,"Actual Startup Time": 896.708,"Actual Total Time": 896.747,"Actual Rows": 179,"Actual Loops": 1,"Sort Key": ["supplier.s_name"],"Sort Method": "quicksort","Sort Space Used": 42,"Sort Space Type": "Memory","Plans": [{"Node Type": "Hash Join","Parent Relationship": "Outer","Parallel Aware": false,"Async Capable": false,"Join Type": "Semi","Startup Cost": 88199.59,"Total Cost": 88439.31,"Plan Rows": 108,"Plan Width": 51,"Actual Startup Time": 892.326,"Actual Total Time": 896.280,"Actual Rows": 179,"Actual Loops": 1,"Inner Unique": false,"Hash Cond": "(supplier.s_suppkey = partsupp.ps_suppkey)","Plans": [{"Node Type": "Nested Loop","Parent Relationship": "Outer","Parallel Aware": false,"Async Capable": false,"Join Type": "Inner","Startup Cost": 7.38,"Total Cost": 244.58,"Plan Rows": 400,"Plan Width": 55,"Actual Startup Time": 0.276,"Actual Total Time": 4.111,"Actual Rows": 397,"Actual Loops": 1,"Inner Unique": false,"Plans": [{"Node Type": "Seq Scan","Parent Relationship": "Outer","Parallel Aware": false,"Async Capable": false,"Relation Name": "nation","Alias": "nation","Startup Cost": 0.00,"Total Cost": 1.31,"Plan Rows": 1,"Plan Width": 4,"Actual Startup Time": 0.063,"Actual Total Time": 0.086,"Actual Rows": 1,"Actual Loops": 1,"Filter": "(n_name = 'BRAZIL'::bpchar)","Rows Removed by Filter": 24},{"Node Type": "Bitmap Heap Scan","Parent Relationship": "Inner","Parallel Aware": false,"Async Capable": false,"Relation Name": "supplier","Alias": "supplier","Startup Cost": 7.38,"Total Cost": 239.27,"Plan Rows": 400,"Plan Width": 59,"Actual Startup Time": 0.205,"Actual Total Time": 3.953,"Actual Rows": 397,"Actual Loops": 1,"Recheck Cond": "(s_nationkey = nation.n_nationkey)","Rows Removed by Index Recheck": 0,"Exact Heap Blocks": 187,"Lossy Heap Blocks": 0,"Plans": [{"Node Type": "Bitmap Index Scan","Parent Relationship": "Outer","Parallel Aware": false,"Async Capable": false,"Index Name": "idx_supplier_nation_key","Startup Cost": 0.00,"Total Cost": 7.29,"Plan Rows": 400,"Plan Width": 0,"Actual Startup Time": 0.135,"Actual Total Time": 0.143,"Actual Rows": 397,"Actual Loops": 1,"Index Cond": "(s_nationkey = nation.n_nationkey)"}]}]},{"Node Type": "Hash","Parent Relationship": "Inner","Parallel Aware": false,"Async Capable": false,"Startup Cost": 88158.53,"Total Cost": 88158.53,"Plan Rows": 2694,"Plan Width": 4,"Actual Startup Time": 891.987,"Actual Total Time": 891.995,"Actual Rows": 5795,"Actual Loops": 1,"Hash Buckets": 8192,"Original Hash Buckets": 4096,"Hash Batches": 1,"Original Hash Batches": 1,"Peak Memory Usage": 268,"Plans": [{"Node Type": "Nested Loop","Parent Relationship": "Outer","Parallel Aware": false,"Async Capable": false,"Join Type": "Inner","Startup Cost": 0.42,"Total Cost": 88158.53,"Plan Rows": 2694,"Plan Width": 4,"Actual Startup Time": 0.463,"Actual Total Time": 887.560,"Actual Rows": 5795,"Actual Loops": 1,"Inner Unique": false,"Plans": [{"Node Type": "Seq Scan","Parent Relationship": "Outer","Parallel Aware": false,"Async Capable": false,"Relation Name": "part","Alias": "part","Startup Cost": 0.00,"Total Cost": 6597.00,"Plan Rows": 2020,"Plan Width": 4,"Actual Startup Time": 0.038,"Actual Total Time": 195.082,"Actual Rows": 2146,"Actual Loops": 1,"Filter": "((p_name)::text ~~ 'chocolate%'::text)","Rows Removed by Filter": 197854},{"Node Type": "Index Scan","Parent Relationship": "Inner","Parallel Aware": false,"Async Capable": false,"Scan Direction": "Forward","Index Name": "idx_partsupp_partkey","Relation Name": "partsupp","Alias": "partsupp","Startup Cost": 0.42,"Total Cost": 40.36,"Plan Rows": 1,"Plan Width": 8,"Actual Startup Time": 0.138,"Actual Total Time": 0.322,"Actual Rows": 3,"Actual Loops": 2146,"Index Cond": "(ps_partkey = part.p_partkey)","Rows Removed by Index Recheck": 0,"Filter": "((ps_availqty)::numeric > (SubPlan 1))","Rows Removed by Filter": 1,"Plans": [{"Node Type": "Aggregate","Strategy": "Plain","Partial Mode": "Simple","Parent Relationship": "SubPlan","Subplan Name": "SubPlan 1","Parallel Aware": false,"Async Capable": false,"Startup Cost": 8.46,"Total Cost": 8.47,"Plan Rows": 1,"Plan Width": 32,"Actual Startup Time": 0.072,"Actual Total Time": 0.072,"Actual Rows": 1,"Actual Loops": 8584,"Plans": [{"Node Type": "Index Scan","Parent Relationship": "Outer","Parallel Aware": false,"Async Capable": false,"Scan Direction": "Forward","Index Name": "idx_lineitem_part_supp","Relation Name": "lineitem","Alias": "lineitem","Startup Cost": 0.43,"Total Cost": 8.46,"Plan Rows": 0,"Plan Width": 5,"Actual Startup Time": 0.044,"Actual Total Time": 0.071,"Actual Rows": 1,"Actual Loops": 8584,"Index Cond": "((l_partkey = partsupp.ps_partkey) AND (l_suppkey = partsupp.ps_suppkey))","Rows Removed by Index Recheck": 0,"Filter": "((l_shipdate >= '1994-01-01'::date) AND (l_shipdate < '1995-01-01 00:00:00'::timestamp without time zone))","Rows Removed by Filter": 6}]}]}]}]}]}]},"Planning Time": 5.905,"Triggers": [],"Execution Time": 897.000}]
[{"Plan": {"Node Type": "Sort","Parallel Aware": false,"Async Capable": false,"Startup Cost": 88442.96,"Total Cost": 88443.23,"Plan Rows": 108,"Plan Width": 51,"Actual Startup Time": 896.658,"Actual Total Time": 896.697,"Actual Rows": 181,"Actual Loops": 1,"Sort Key": ["supplier.s_name"],"Sort Method": "quicksort","Sort Space Used": 41,"Sort Space Type": "Memory","Plans": [{"Node Type": "Hash Join","Parent Relationship": "Outer","Parallel Aware": false,"Async Capable": false,"Join Type": "Semi","Startup Cost": 88199.59,"Total Cost": 88439.31,"Plan Rows": 108,"Plan Width": 51,"Actual Startup Time": 892.463,"Actual Total Time": 896.344,"Actual Rows": 181,"Actual Loops": 1,"Inner Unique": false,"Hash Cond": "(supplier.s_suppkey = partsupp.ps_suppkey)","Plans": [{"Node Type": "Nested Loop","Parent Relationship": "Outer","Parallel Aware": false,"Async Capable": false,"Join Type": "Inner","Startup Cost": 7.38,"Total Cost": 244.58,"Plan Rows": 400,"Plan Width": 55,"Actual Startup Time": 0.261,"Actual Total Time": 4.092,"Actual Rows": 415,"Actual Loops": 1,"Inner Unique": false,"Plans": [{"Node Type": "Seq Scan","Parent Relationship": "Outer","Parallel Aware": false,"Async Capable": false,"Relation Name": "nation","Alias": "nation","Startup Cost": 0.00,"Total Cost": 1.31,"Plan Rows": 1,"Plan Width": 4,"Actual Startup Time": 0.066,"Actual Total Time": 0.090,"Actual Rows": 1,"Actual Loops": 1,"Filter": "(n_name = 'INDIA'::bpchar)","Rows Removed by Filter": 24},{"Node Type": "Bitmap Heap Scan","Parent Relationship": "Inner","Parallel Aware": false,"Async Capable": false,"Relation Name": "supplier","Alias": "supplier","Startup Cost": 7.38,"Total Cost": 239.27,"Plan Rows": 400,"Plan Width": 59,"Actual Startup Time": 0.188,"Actual Total Time": 3.933,"Actual Rows": 415,"Actual Loops": 1,"Recheck Cond": "(s_nationkey = nation.n_nationkey)","Rows Removed by Index Recheck": 0,"Exact Heap Blocks": 186,"Lossy Heap Blocks": 0,"Plans": [{"Node Type": "Bitmap Index Scan","Parent Relationship": "Outer","Parallel Aware": false,"Async Capable": false,"Index Name": "idx_supplier_nation_key","Startup Cost": 0.00,"Total Cost": 7.29,"Plan Rows": 400,"Plan Width": 0,"Actual Startup Time": 0.130,"Actual Total Time": 0.134,"Actual Rows": 415,"Actual Loops": 1,"Index Cond": "(s_nationkey = nation.n_nationkey)"}]}]},{"Node Type": "Hash","Parent Relationship": "Inner","Parallel Aware": false,"Async Capable": false,"Startup Cost": 88158.53,"Total Cost": 88158.53,"Plan Rows": 2694,"Plan Width": 4,"Actual Startup Time": 892.123,"Actual Total Time": 892.133,"Actual Rows": 5806,"Actual Loops": 1,"Hash Buckets": 8192,"Original Hash Buckets": 4096,"Hash Batches": 1,"Original Hash Batches": 1,"Peak Memory Usage": 269,"Plans": [{"Node Type": "Nested Loop","Parent Relationship": "Outer","Parallel Aware": false,"Async Capable": false,"Join Type": "Inner","Startup Cost": 0.42,"Total Cost": 88158.53,"Plan Rows": 2694,"Plan Width": 4,"Actual Startup Time": 0.456,"Actual Total Time": 887.399,"Actual Rows": 5806,"Actual Loops": 1,"Inner Unique": false,"Plans": [{"Node Type": "Seq Scan","Parent Relationship": "Outer","Parallel Aware": false,"Async Capable": false,"Relation Name": "part","Alias": "part","Startup Cost": 0.00,"Total Cost": 6597.00,"Plan Rows": 2020,"Plan Width": 4,"Actual Startup Time": 0.059,"Actual Total Time": 199.904,"Actual Rows": 2127,"Actual Loops": 1,"Filter": "((p_name)::text ~~ 'forest%'::text)","Rows Removed by Filter": 197873},{"Node Type": "Index Scan","Parent Relationship": "Inner","Parallel Aware": false,"Async Capable": false,"Scan Direction": "Forward","Index Name": "idx_partsupp_partkey","Relation Name": "partsupp","Alias": "partsupp","Startup Cost": 0.42,"Total Cost": 40.36,"Plan Rows": 1,"Plan Width": 8,"Actual Startup Time": 0.135,"Actual Total Time": 0.323,"Actual Rows": 3,"Actual Loops": 2127,"Index Cond": "(ps_partkey = part.p_partkey)","Rows Removed by Index Recheck": 0,"Filter": "((ps_availqty)::numeric > (SubPlan 1))","Rows Removed by Filter": 1,"Plans": [{"Node Type": "Aggregate","Strategy": "Plain","Partial Mode": "Simple","Parent Relationship": "SubPlan","Subplan Name": "SubPlan 1","Parallel Aware": false,"Async Capable": false,"Startup Cost": 8.46,"Total Cost": 8.47,"Plan Rows": 1,"Plan Width": 32,"Actual Startup Time": 0.072,"Actual Total Time": 0.072,"Actual Rows": 1,"Actual Loops": 8508,"Plans": [{"Node Type": "Index Scan","Parent Relationship": "Outer","Parallel Aware": false,"Async Capable": false,"Scan Direction": "Forward","Index Name": "idx_lineitem_part_supp","Relation Name": "lineitem","Alias": "lineitem","Startup Cost": 0.43,"Total Cost": 8.46,"Plan Rows": 0,"Plan Width": 5,"Actual Startup Time": 0.044,"Actual Total Time": 0.071,"Actual Rows": 1,"Actual Loops": 8508,"Index Cond": "((l_partkey = partsupp.ps_partkey) AND (l_suppkey = partsupp.ps_suppkey))","Rows Removed by Index Recheck": 0,"Filter": "((l_shipdate >= '1995-01-01'::date) AND (l_shipdate < '1996-01-01 00:00:00'::timestamp without time zone))","Rows Removed by Filter": 6}]}]}]}]}]}]},"Planning Time": 7.096,"Triggers": [],"Execution Time": 896.936}]
[{"Plan": {"Node Type": "Sort","Parallel Aware": false,"Async Capable": false,"Startup Cost": 88442.96,"Total Cost": 88443.23,"Plan Rows": 108,"Plan Width": 51,"Actual Startup Time": 972.176,"Actual Total Time": 972.214,"Actual Rows": 193,"Actual Loops": 1,"Sort Key": ["supplier.s_name"],"Sort Method": "quicksort","Sort Space Used": 42,"Sort Space Type": "Memory","Plans": [{"Node Type": "Hash Join","Parent Relationship": "Outer","Parallel Aware": false,"Async Capable": false,"Join Type": "Semi","Startup Cost": 88199.59,"Total Cost": 88439.31,"Plan Rows": 108,"Plan Width": 51,"Actual Startup Time": 967.675,"Actual Total Time": 971.683,"Actual Rows": 193,"Actual Loops": 1,"Inner Unique": false,"Hash Cond": "(supplier.s_suppkey = partsupp.ps_suppkey)","Plans": [{"Node Type": "Nested Loop","Parent Relationship": "Outer","Parallel Aware": false,"Async Capable": false,"Join Type": "Inner","Startup Cost": 7.38,"Total Cost": 244.58,"Plan Rows": 400,"Plan Width": 55,"Actual Startup Time": 0.246,"Actual Total Time": 4.113,"Actual Rows": 415,"Actual Loops": 1,"Inner Unique": false,"Plans": [{"Node Type": "Seq Scan","Parent Relationship": "Outer","Parallel Aware": false,"Async Capable": false,"Relation Name": "nation","Alias": "nation","Startup Cost": 0.00,"Total Cost": 1.31,"Plan Rows": 1,"Plan Width": 4,"Actual Startup Time": 0.065,"Actual Total Time": 0.094,"Actual Rows": 1,"Actual Loops": 1,"Filter": "(n_name = 'EGYPT'::bpchar)","Rows Removed by Filter": 24},{"Node Type": "Bitmap Heap Scan","Parent Relationship": "Inner","Parallel Aware": false,"Async Capable": false,"Relation Name": "supplier","Alias": "supplier","Startup Cost": 7.38,"Total Cost": 239.27,"Plan Rows": 400,"Plan Width": 59,"Actual Startup Time": 0.169,"Actual Total Time": 3.938,"Actual Rows": 415,"Actual Loops": 1,"Recheck Cond": "(s_nationkey = nation.n_nationkey)","Rows Removed by Index Recheck": 0,"Exact Heap Blocks": 183,"Lossy Heap Blocks": 0,"Plans": [{"Node Type": "Bitmap Index Scan","Parent Relationship": "Outer","Parallel Aware": false,"Async Capable": false,"Index Name": "idx_supplier_nation_key","Startup Cost": 0.00,"Total Cost": 7.29,"Plan Rows": 400,"Plan Width": 0,"Actual Startup Time": 0.120,"Actual Total Time": 0.122,"Actual Rows": 415,"Actual Loops": 1,"Index Cond": "(s_nationkey = nation.n_nationkey)"}]}]},{"Node Type": "Hash","Parent Relationship": "Inner","Parallel Aware": false,"Async Capable": false,"Startup Cost": 88158.53,"Total Cost": 88158.53,"Plan Rows": 2694,"Plan Width": 4,"Actual Startup Time": 967.346,"Actual Total Time": 967.359,"Actual Rows": 5939,"Actual Loops": 1,"Hash Buckets": 8192,"Original Hash Buckets": 4096,"Hash Batches": 1,"Original Hash Batches": 1,"Peak Memory Usage": 273,"Plans": [{"Node Type": "Nested Loop","Parent Relationship": "Outer","Parallel Aware": false,"Async Capable": false,"Join Type": "Inner","Startup Cost": 0.42,"Total Cost": 88158.53,"Plan Rows": 2694,"Plan Width": 4,"Actual Startup Time": 0.538,"Actual Total Time": 962.835,"Actual Rows": 5939,"Actual Loops": 1,"Inner Unique": false,"Plans": [{"Node Type": "Seq Scan","Parent Relationship": "Outer","Parallel Aware": false,"Async Capable": false,"Relation Name": "part","Alias": "part","Startup Cost": 0.00,"Total Cost": 6597.00,"Plan Rows": 2020,"Plan Width": 4,"Actual Startup Time": 0.060,"Actual Total Time": 180.547,"Actual Rows": 2178,"Actual Loops": 1,"Filter": "((p_name)::text ~~ 'sandy%'::text)","Rows Removed by Filter": 197822},{"Node Type": "Index Scan","Parent Relationship": "Inner","Parallel Aware": false,"Async Capable": false,"Scan Direction": "Forward","Index Name": "idx_partsupp_partkey","Relation Name": "partsupp","Alias": "partsupp","Startup Cost": 0.42,"Total Cost": 40.36,"Plan Rows": 1,"Plan Width": 8,"Actual Startup Time": 0.149,"Actual Total Time": 0.359,"Actual Rows": 3,"Actual Loops": 2178,"Index Cond": "(ps_partkey = part.p_partkey)","Rows Removed by Index Recheck": 0,"Filter": "((ps_availqty)::numeric > (SubPlan 1))","Rows Removed by Filter": 1,"Plans": [{"Node Type": "Aggregate","Strategy": "Plain","Partial Mode": "Simple","Parent Relationship": "SubPlan","Subplan Name": "SubPlan 1","Parallel Aware": false,"Async Capable": false,"Startup Cost": 8.46,"Total Cost": 8.47,"Plan Rows": 1,"Plan Width": 32,"Actual Startup Time": 0.082,"Actual Total Time": 0.082,"Actual Rows": 1,"Actual Loops": 8712,"Plans": [{"Node Type": "Index Scan","Parent Relationship": "Outer","Parallel Aware": false,"Async Capable": false,"Scan Direction": "Forward","Index Name": "idx_lineitem_part_supp","Relation Name": "lineitem","Alias": "lineitem","Startup Cost": 0.43,"Total Cost": 8.46,"Plan Rows": 0,"Plan Width": 5,"Actual Startup Time": 0.050,"Actual Total Time": 0.081,"Actual Rows": 1,"Actual Loops": 8712,"Index Cond": "((l_partkey = partsupp.ps_partkey) AND (l_suppkey = partsupp.ps_suppkey))","Rows Removed by Index Recheck": 0,"Filter": "((l_shipdate >= '1997-01-01'::date) AND (l_shipdate < '1998-01-01 00:00:00'::timestamp without time zone))","Rows Removed by Filter": 6}]}]}]}]}]}]},"Planning Time": 5.699,"Triggers": [],"Execution Time": 972.480}]
[{"Plan": {"Node Type": "Sort","Parallel Aware": false,"Async Capable": false,"Startup Cost": 88442.96,"Total Cost": 88443.23,"Plan Rows": 108,"Plan Width": 51,"Actual Startup Time": 954.280,"Actual Total Time": 954.325,"Actual Rows": 165,"Actual Loops": 1,"Sort Key": ["supplier.s_name"],"Sort Method": "quicksort","Sort Space Used": 40,"Sort Space Type": "Memory","Plans": [{"Node Type": "Hash Join","Parent Relationship": "Outer","Parallel Aware": false,"Async Capable": false,"Join Type": "Semi","Startup Cost": 88199.59,"Total Cost": 88439.31,"Plan Rows": 108,"Plan Width": 51,"Actual Startup Time": 949.794,"Actual Total Time": 953.839,"Actual Rows": 165,"Actual Loops": 1,"Inner Unique": false,"Hash Cond": "(supplier.s_suppkey = partsupp.ps_suppkey)","Plans": [{"Node Type": "Nested Loop","Parent Relationship": "Outer","Parallel Aware": false,"Async Capable": false,"Join Type": "Inner","Startup Cost": 7.38,"Total Cost": 244.58,"Plan Rows": 400,"Plan Width": 55,"Actual Startup Time": 0.286,"Actual Total Time": 4.260,"Actual Rows": 390,"Actual Loops": 1,"Inner Unique": false,"Plans": [{"Node Type": "Seq Scan","Parent Relationship": "Outer","Parallel Aware": false,"Async Capable": false,"Relation Name": "nation","Alias": "nation","Startup Cost": 0.00,"Total Cost": 1.31,"Plan Rows": 1,"Plan Width": 4,"Actual Startup Time": 0.084,"Actual Total Time": 0.105,"Actual Rows": 1,"Actual Loops": 1,"Filter": "(n_name = 'UNITED KINGDOM'::bpchar)","Rows Removed by Filter": 24},{"Node Type": "Bitmap Heap Scan","Parent Relationship": "Inner","Parallel Aware": false,"Async Capable": false,"Relation Name": "supplier","Alias": "supplier","Startup Cost": 7.38,"Total Cost": 239.27,"Plan Rows": 400,"Plan Width": 59,"Actual Startup Time": 0.197,"Actual Total Time": 4.075,"Actual Rows": 390,"Actual Loops": 1,"Recheck Cond": "(s_nationkey = nation.n_nationkey)","Rows Removed by Index Recheck": 0,"Exact Heap Blocks": 190,"Lossy Heap Blocks": 0,"Plans": [{"Node Type": "Bitmap Index Scan","Parent Relationship": "Outer","Parallel Aware": false,"Async Capable": false,"Index Name": "idx_supplier_nation_key","Startup Cost": 0.00,"Total Cost": 7.29,"Plan Rows": 400,"Plan Width": 0,"Actual Startup Time": 0.126,"Actual Total Time": 0.129,"Actual Rows": 390,"Actual Loops": 1,"Index Cond": "(s_nationkey = nation.n_nationkey)"}]}]},{"Node Type": "Hash","Parent Relationship": "Inner","Parallel Aware": false,"Async Capable": false,"Startup Cost": 88158.53,"Total Cost": 88158.53,"Plan Rows": 2694,"Plan Width": 4,"Actual Startup Time": 949.405,"Actual Total Time": 949.416,"Actual Rows": 5804,"Actual Loops": 1,"Hash Buckets": 8192,"Original Hash Buckets": 4096,"Hash Batches": 1,"Original Hash Batches": 1,"Peak Memory Usage": 269,"Plans": [{"Node Type": "Nested Loop","Parent Relationship": "Outer","Parallel Aware": false,"Async Capable": false,"Join Type": "Inner","Startup Cost": 0.42,"Total Cost": 88158.53,"Plan Rows": 2694,"Plan Width": 4,"Actual Startup Time": 0.988,"Actual Total Time": 945.349,"Actual Rows": 5804,"Actual Loops": 1,"Inner Unique": false,"Plans": [{"Node Type": "Seq Scan","Parent Relationship": "Outer","Parallel Aware": false,"Async Capable": false,"Relation Name": "part","Alias": "part","Startup Cost": 0.00,"Total Cost": 6597.00,"Plan Rows": 2020,"Plan Width": 4,"Actual Startup Time": 0.038,"Actual Total Time": 179.157,"Actual Rows": 2127,"Actual Loops": 1,"Filter": "((p_name)::text ~~ 'forest%'::text)","Rows Removed by Filter": 197873},{"Node Type": "Index Scan","Parent Relationship": "Inner","Parallel Aware": false,"Async Capable": false,"Scan Direction": "Forward","Index Name": "idx_partsupp_partkey","Relation Name": "partsupp","Alias": "partsupp","Startup Cost": 0.42,"Total Cost": 40.36,"Plan Rows": 1,"Plan Width": 8,"Actual Startup Time": 0.152,"Actual Total Time": 0.360,"Actual Rows": 3,"Actual Loops": 2127,"Index Cond": "(ps_partkey = part.p_partkey)","Rows Removed by Index Recheck": 0,"Filter": "((ps_availqty)::numeric > (SubPlan 1))","Rows Removed by Filter": 1,"Plans": [{"Node Type": "Aggregate","Strategy": "Plain","Partial Mode": "Simple","Parent Relationship": "SubPlan","Subplan Name": "SubPlan 1","Parallel Aware": false,"Async Capable": false,"Startup Cost": 8.46,"Total Cost": 8.47,"Plan Rows": 1,"Plan Width": 32,"Actual Startup Time": 0.082,"Actual Total Time": 0.082,"Actual Rows": 1,"Actual Loops": 8508,"Plans": [{"Node Type": "Index Scan","Parent Relationship": "Outer","Parallel Aware": false,"Async Capable": false,"Scan Direction": "Forward","Index Name": "idx_lineitem_part_supp","Relation Name": "lineitem","Alias": "lineitem","Startup Cost": 0.43,"Total Cost": 8.46,"Plan Rows": 0,"Plan Width": 5,"Actual Startup Time": 0.050,"Actual Total Time": 0.081,"Actual Rows": 1,"Actual Loops": 8508,"Index Cond": "((l_partkey = partsupp.ps_partkey) AND (l_suppkey = partsupp.ps_suppkey))","Rows Removed by Index Recheck": 0,"Filter": "((l_shipdate >= '1997-01-01'::date) AND (l_shipdate < '1998-01-01 00:00:00'::timestamp without time zone))","Rows Removed by Filter": 6}]}]}]}]}]}]},"Planning Time": 6.888,"Triggers": [],"Execution Time": 954.577}]
[{"Plan": {"Node Type": "Sort","Parallel Aware": false,"Async Capable": false,"Startup Cost": 88442.96,"Total Cost": 88443.23,"Plan Rows": 108,"Plan Width": 51,"Actual Startup Time": 958.774,"Actual Total Time": 958.813,"Actual Rows": 174,"Actual Loops": 1,"Sort Key": ["supplier.s_name"],"Sort Method": "quicksort","Sort Space Used": 41,"Sort Space Type": "Memory","Plans": [{"Node Type": "Hash Join","Parent Relationship": "Outer","Parallel Aware": false,"Async Capable": false,"Join Type": "Semi","Startup Cost": 88199.59,"Total Cost": 88439.31,"Plan Rows": 108,"Plan Width": 51,"Actual Startup Time": 954.322,"Actual Total Time": 958.477,"Actual Rows": 174,"Actual Loops": 1,"Inner Unique": false,"Hash Cond": "(supplier.s_suppkey = partsupp.ps_suppkey)","Plans": [{"Node Type": "Nested Loop","Parent Relationship": "Outer","Parallel Aware": false,"Async Capable": false,"Join Type": "Inner","Startup Cost": 7.38,"Total Cost": 244.58,"Plan Rows": 400,"Plan Width": 55,"Actual Startup Time": 0.266,"Actual Total Time": 4.339,"Actual Rows": 412,"Actual Loops": 1,"Inner Unique": false,"Plans": [{"Node Type": "Seq Scan","Parent Relationship": "Outer","Parallel Aware": false,"Async Capable": false,"Relation Name": "nation","Alias": "nation","Startup Cost": 0.00,"Total Cost": 1.31,"Plan Rows": 1,"Plan Width": 4,"Actual Startup Time": 0.055,"Actual Total Time": 0.087,"Actual Rows": 1,"Actual Loops": 1,"Filter": "(n_name = 'CANADA'::bpchar)","Rows Removed by Filter": 24},{"Node Type": "Bitmap Heap Scan","Parent Relationship": "Inner","Parallel Aware": false,"Async Capable": false,"Relation Name": "supplier","Alias": "supplier","Startup Cost": 7.38,"Total Cost": 239.27,"Plan Rows": 400,"Plan Width": 59,"Actual Startup Time": 0.200,"Actual Total Time": 4.169,"Actual Rows": 412,"Actual Loops": 1,"Recheck Cond": "(s_nationkey = nation.n_nationkey)","Rows Removed by Index Recheck": 0,"Exact Heap Blocks": 189,"Lossy Heap Blocks": 0,"Plans": [{"Node Type": "Bitmap Index Scan","Parent Relationship": "Outer","Parallel Aware": false,"Async Capable": false,"Index Name": "idx_supplier_nation_key","Startup Cost": 0.00,"Total Cost": 7.29,"Plan Rows": 400,"Plan Width": 0,"Actual Startup Time": 0.134,"Actual Total Time": 0.139,"Actual Rows": 412,"Actual Loops": 1,"Index Cond": "(s_nationkey = nation.n_nationkey)"}]}]},{"Node Type": "Hash","Parent Relationship": "Inner","Parallel Aware": false,"Async Capable": false,"Startup Cost": 88158.53,"Total Cost": 88158.53,"Plan Rows": 2694,"Plan Width": 4,"Actual Startup Time": 953.952,"Actual Total Time": 953.961,"Actual Rows": 5823,"Actual Loops": 1,"Hash Buckets": 8192,"Original Hash Buckets": 4096,"Hash Batches": 1,"Original Hash Batches": 1,"Peak Memory Usage": 269,"Plans": [{"Node Type": "Nested Loop","Parent Relationship": "Outer","Parallel Aware": false,"Async Capable": false,"Join Type": "Inner","Startup Cost": 0.42,"Total Cost": 88158.53,"Plan Rows": 2694,"Plan Width": 4,"Actual Startup Time": 0.730,"Actual Total Time": 949.744,"Actual Rows": 5823,"Actual Loops": 1,"Inner Unique": false,"Plans": [{"Node Type": "Seq Scan","Parent Relationship": "Outer","Parallel Aware": false,"Async Capable": false,"Relation Name": "part","Alias": "part","Startup Cost": 0.00,"Total Cost": 6597.00,"Plan Rows": 2020,"Plan Width": 4,"Actual Startup Time": 0.056,"Actual Total Time": 177.543,"Actual Rows": 2138,"Actual Loops": 1,"Filter": "((p_name)::text ~~ 'royal%'::text)","Rows Removed by Filter": 197862},{"Node Type": "Index Scan","Parent Relationship": "Inner","Parallel Aware": false,"Async Capable": false,"Scan Direction": "Forward","Index Name": "idx_partsupp_partkey","Relation Name": "partsupp","Alias": "partsupp","Startup Cost": 0.42,"Total Cost": 40.36,"Plan Rows": 1,"Plan Width": 8,"Actual Startup Time": 0.153,"Actual Total Time": 0.361,"Actual Rows": 3,"Actual Loops": 2138,"Index Cond": "(ps_partkey = part.p_partkey)","Rows Removed by Index Recheck": 0,"Filter": "((ps_availqty)::numeric > (SubPlan 1))","Rows Removed by Filter": 1,"Plans": [{"Node Type": "Aggregate","Strategy": "Plain","Partial Mode": "Simple","Parent Relationship": "SubPlan","Subplan Name": "SubPlan 1","Parallel Aware": false,"Async Capable": false,"Startup Cost": 8.46,"Total Cost": 8.47,"Plan Rows": 1,"Plan Width": 32,"Actual Startup Time": 0.082,"Actual Total Time": 0.082,"Actual Rows": 1,"Actual Loops": 8552,"Plans": [{"Node Type": "Index Scan","Parent Relationship": "Outer","Parallel Aware": false,"Async Capable": false,"Scan Direction": "Forward","Index Name": "idx_lineitem_part_supp","Relation Name": "lineitem","Alias": "lineitem","Startup Cost": 0.43,"Total Cost": 8.46,"Plan Rows": 0,"Plan Width": 5,"Actual Startup Time": 0.050,"Actual Total Time": 0.081,"Actual Rows": 1,"Actual Loops": 8552,"Index Cond": "((l_partkey = partsupp.ps_partkey) AND (l_suppkey = partsupp.ps_suppkey))","Rows Removed by Index Recheck": 0,"Filter": "((l_shipdate >= '1995-01-01'::date) AND (l_shipdate < '1996-01-01 00:00:00'::timestamp without time zone))","Rows Removed by Filter": 6}]}]}]}]}]}]},"Planning Time": 6.626,"Triggers": [],"Execution Time": 959.077}]
[{"Plan": {"Node Type": "Sort","Parallel Aware": false,"Async Capable": false,"Startup Cost": 88442.96,"Total Cost": 88443.23,"Plan Rows": 108,"Plan Width": 51,"Actual Startup Time": 911.401,"Actual Total Time": 911.438,"Actual Rows": 181,"Actual Loops": 1,"Sort Key": ["supplier.s_name"],"Sort Method": "quicksort","Sort Space Used": 42,"Sort Space Type": "Memory","Plans": [{"Node Type": "Hash Join","Parent Relationship": "Outer","Parallel Aware": false,"Async Capable": false,"Join Type": "Semi","Startup Cost": 88199.59,"Total Cost": 88439.31,"Plan Rows": 108,"Plan Width": 51,"Actual Startup Time": 907.105,"Actual Total Time": 910.951,"Actual Rows": 181,"Actual Loops": 1,"Inner Unique": false,"Hash Cond": "(supplier.s_suppkey = partsupp.ps_suppkey)","Plans": [{"Node Type": "Nested Loop","Parent Relationship": "Outer","Parallel Aware": false,"Async Capable": false,"Join Type": "Inner","Startup Cost": 7.38,"Total Cost": 244.58,"Plan Rows": 400,"Plan Width": 55,"Actual Startup Time": 0.315,"Actual Total Time": 4.106,"Actual Rows": 397,"Actual Loops": 1,"Inner Unique": false,"Plans": [{"Node Type": "Seq Scan","Parent Relationship": "Outer","Parallel Aware": false,"Async Capable": false,"Relation Name": "nation","Alias": "nation","Startup Cost": 0.00,"Total Cost": 1.31,"Plan Rows": 1,"Plan Width": 4,"Actual Startup Time": 0.074,"Actual Total Time": 0.098,"Actual Rows": 1,"Actual Loops": 1,"Filter": "(n_name = 'BRAZIL'::bpchar)","Rows Removed by Filter": 24},{"Node Type": "Bitmap Heap Scan","Parent Relationship": "Inner","Parallel Aware": false,"Async Capable": false,"Relation Name": "supplier","Alias": "supplier","Startup Cost": 7.38,"Total Cost": 239.27,"Plan Rows": 400,"Plan Width": 59,"Actual Startup Time": 0.234,"Actual Total Time": 3.945,"Actual Rows": 397,"Actual Loops": 1,"Recheck Cond": "(s_nationkey = nation.n_nationkey)","Rows Removed by Index Recheck": 0,"Exact Heap Blocks": 187,"Lossy Heap Blocks": 0,"Plans": [{"Node Type": "Bitmap Index Scan","Parent Relationship": "Outer","Parallel Aware": false,"Async Capable": false,"Index Name": "idx_supplier_nation_key","Startup Cost": 0.00,"Total Cost": 7.29,"Plan Rows": 400,"Plan Width": 0,"Actual Startup Time": 0.153,"Actual Total Time": 0.158,"Actual Rows": 397,"Actual Loops": 1,"Index Cond": "(s_nationkey = nation.n_nationkey)"}]}]},{"Node Type": "Hash","Parent Relationship": "Inner","Parallel Aware": false,"Async Capable": false,"Startup Cost": 88158.53,"Total Cost": 88158.53,"Plan Rows": 2694,"Plan Width": 4,"Actual Startup Time": 906.674,"Actual Total Time": 906.683,"Actual Rows": 5991,"Actual Loops": 1,"Hash Buckets": 8192,"Original Hash Buckets": 4096,"Hash Batches": 1,"Original Hash Batches": 1,"Peak Memory Usage": 275,"Plans": [{"Node Type": "Nested Loop","Parent Relationship": "Outer","Parallel Aware": false,"Async Capable": false,"Join Type": "Inner","Startup Cost": 0.42,"Total Cost": 88158.53,"Plan Rows": 2694,"Plan Width": 4,"Actual Startup Time": 0.481,"Actual Total Time": 901.944,"Actual Rows": 5991,"Actual Loops": 1,"Inner Unique": false,"Plans": [{"Node Type": "Seq Scan","Parent Relationship": "Outer","Parallel Aware": false,"Async Capable": false,"Relation Name": "part","Alias": "part","Startup Cost": 0.00,"Total Cost": 6597.00,"Plan Rows": 2020,"Plan Width": 4,"Actual Startup Time": 0.059,"Actual Total Time": 198.169,"Actual Rows": 2209,"Actual Loops": 1,"Filter": "((p_name)::text ~~ 'turquoise%'::text)","Rows Removed by Filter": 197791},{"Node Type": "Index Scan","Parent Relationship": "Inner","Parallel Aware": false,"Async Capable": false,"Scan Direction": "Forward","Index Name": "idx_partsupp_partkey","Relation Name": "partsupp","Alias": "partsupp","Startup Cost": 0.42,"Total Cost": 40.36,"Plan Rows": 1,"Plan Width": 8,"Actual Startup Time": 0.134,"Actual Total Time": 0.318,"Actual Rows": 3,"Actual Loops": 2209,"Index Cond": "(ps_partkey = part.p_partkey)","Rows Removed by Index Recheck": 0,"Filter": "((ps_availqty)::numeric > (SubPlan 1))","Rows Removed by Filter": 1,"Plans": [{"Node Type": "Aggregate","Strategy": "Plain","Partial Mode": "Simple","Parent Relationship": "SubPlan","Subplan Name": "SubPlan 1","Parallel Aware": false,"Async Capable": false,"Startup Cost": 8.46,"Total Cost": 8.47,"Plan Rows": 1,"Plan Width": 32,"Actual Startup Time": 0.071,"Actual Total Time": 0.071,"Actual Rows": 1,"Actual Loops": 8836,"Plans": [{"Node Type": "Index Scan","Parent Relationship": "Outer","Parallel Aware": false,"Async Capable": false,"Scan Direction": "Forward","Index Name": "idx_lineitem_part_supp","Relation Name": "lineitem","Alias": "lineitem","Startup Cost": 0.43,"Total Cost": 8.46,"Plan Rows": 0,"Plan Width": 5,"Actual Startup Time": 0.043,"Actual Total Time": 0.070,"Actual Rows": 1,"Actual Loops": 8836,"Index Cond": "((l_partkey = partsupp.ps_partkey) AND (l_suppkey = partsupp.ps_suppkey))","Rows Removed by Index Recheck": 0,"Filter": "((l_shipdate >= '1994-01-01'::date) AND (l_shipdate < '1995-01-01 00:00:00'::timestamp without time zone))","Rows Removed by Filter": 6}]}]}]}]}]}]},"Planning Time": 6.608,"Triggers": [],"Execution Time": 911.706}]
[{"Plan": {"Node Type": "Sort","Parallel Aware": false,"Async Capable": false,"Startup Cost": 88442.96,"Total Cost": 88443.23,"Plan Rows": 108,"Plan Width": 51,"Actual Startup Time": 915.042,"Actual Total Time": 915.082,"Actual Rows": 200,"Actual Loops": 1,"Sort Key": ["supplier.s_name"],"Sort Method": "quicksort","Sort Space Used": 43,"Sort Space Type": "Memory","Plans": [{"Node Type": "Hash Join","Parent Relationship": "Outer","Parallel Aware": false,"Async Capable": false,"Join Type": "Semi","Startup Cost": 88199.59,"Total Cost": 88439.31,"Plan Rows": 108,"Plan Width": 51,"Actual Startup Time": 910.547,"Actual Total Time": 914.691,"Actual Rows": 200,"Actual Loops": 1,"Inner Unique": false,"Hash Cond": "(supplier.s_suppkey = partsupp.ps_suppkey)","Plans": [{"Node Type": "Nested Loop","Parent Relationship": "Outer","Parallel Aware": false,"Async Capable": false,"Join Type": "Inner","Startup Cost": 7.38,"Total Cost": 244.58,"Plan Rows": 400,"Plan Width": 55,"Actual Startup Time": 0.278,"Actual Total Time": 4.309,"Actual Rows": 438,"Actual Loops": 1,"Inner Unique": false,"Plans": [{"Node Type": "Seq Scan","Parent Relationship": "Outer","Parallel Aware": false,"Async Capable": false,"Relation Name": "nation","Alias": "nation","Startup Cost": 0.00,"Total Cost": 1.31,"Plan Rows": 1,"Plan Width": 4,"Actual Startup Time": 0.070,"Actual Total Time": 0.096,"Actual Rows": 1,"Actual Loops": 1,"Filter": "(n_name = 'IRAQ'::bpchar)","Rows Removed by Filter": 24},{"Node Type": "Bitmap Heap Scan","Parent Relationship": "Inner","Parallel Aware": false,"Async Capable": false,"Relation Name": "supplier","Alias": "supplier","Startup Cost": 7.38,"Total Cost": 239.27,"Plan Rows": 400,"Plan Width": 59,"Actual Startup Time": 0.201,"Actual Total Time": 4.148,"Actual Rows": 438,"Actual Loops": 1,"Recheck Cond": "(s_nationkey = nation.n_nationkey)","Rows Removed by Index Recheck": 0,"Exact Heap Blocks": 194,"Lossy Heap Blocks": 0,"Plans": [{"Node Type": "Bitmap Index Scan","Parent Relationship": "Outer","Parallel Aware": false,"Async Capable": false,"Index Name": "idx_supplier_nation_key","Startup Cost": 0.00,"Total Cost": 7.29,"Plan Rows": 400,"Plan Width": 0,"Actual Startup Time": 0.147,"Actual Total Time": 0.151,"Actual Rows": 438,"Actual Loops": 1,"Index Cond": "(s_nationkey = nation.n_nationkey)"}]}]},{"Node Type": "Hash","Parent Relationship": "Inner","Parallel Aware": false,"Async Capable": false,"Startup Cost": 88158.53,"Total Cost": 88158.53,"Plan Rows": 2694,"Plan Width": 4,"Actual Startup Time": 910.185,"Actual Total Time": 910.197,"Actual Rows": 5970,"Actual Loops": 1,"Hash Buckets": 8192,"Original Hash Buckets": 4096,"Hash Batches": 1,"Original Hash Batches": 1,"Peak Memory Usage": 274,"Plans": [{"Node Type": "Nested Loop","Parent Relationship": "Outer","Parallel Aware": false,"Async Capable": false,"Join Type": "Inner","Startup Cost": 0.42,"Total Cost": 88158.53,"Plan Rows": 2694,"Plan Width": 4,"Actual Startup Time": 0.474,"Actual Total Time": 905.740,"Actual Rows": 5970,"Actual Loops": 1,"Inner Unique": false,"Plans": [{"Node Type": "Seq Scan","Parent Relationship": "Outer","Parallel Aware": false,"Async Capable": false,"Relation Name": "part","Alias": "part","Startup Cost": 0.00,"Total Cost": 6597.00,"Plan Rows": 2020,"Plan Width": 4,"Actual Startup Time": 0.056,"Actual Total Time": 201.310,"Actual Rows": 2201,"Actual Loops": 1,"Filter": "((p_name)::text ~~ 'thistle%'::text)","Rows Removed by Filter": 197799},{"Node Type": "Index Scan","Parent Relationship": "Inner","Parallel Aware": false,"Async Capable": false,"Scan Direction": "Forward","Index Name": "idx_partsupp_partkey","Relation Name": "partsupp","Alias": "partsupp","Startup Cost": 0.42,"Total Cost": 40.36,"Plan Rows": 1,"Plan Width": 8,"Actual Startup Time": 0.134,"Actual Total Time": 0.320,"Actual Rows": 3,"Actual Loops": 2201,"Index Cond": "(ps_partkey = part.p_partkey)","Rows Removed by Index Recheck": 0,"Filter": "((ps_availqty)::numeric > (SubPlan 1))","Rows Removed by Filter": 1,"Plans": [{"Node Type": "Aggregate","Strategy": "Plain","Partial Mode": "Simple","Parent Relationship": "SubPlan","Subplan Name": "SubPlan 1","Parallel Aware": false,"Async Capable": false,"Startup Cost": 8.46,"Total Cost": 8.47,"Plan Rows": 1,"Plan Width": 32,"Actual Startup Time": 0.071,"Actual Total Time": 0.072,"Actual Rows": 1,"Actual Loops": 8804,"Plans": [{"Node Type": "Index Scan","Parent Relationship": "Outer","Parallel Aware": false,"Async Capable": false,"Scan Direction": "Forward","Index Name": "idx_lineitem_part_supp","Relation Name": "lineitem","Alias": "lineitem","Startup Cost": 0.43,"Total Cost": 8.46,"Plan Rows": 0,"Plan Width": 5,"Actual Startup Time": 0.044,"Actual Total Time": 0.071,"Actual Rows": 1,"Actual Loops": 8804,"Index Cond": "((l_partkey = partsupp.ps_partkey) AND (l_suppkey = partsupp.ps_suppkey))","Rows Removed by Index Recheck": 0,"Filter": "((l_shipdate >= '1994-01-01'::date) AND (l_shipdate < '1995-01-01 00:00:00'::timestamp without time zone))","Rows Removed by Filter": 6}]}]}]}]}]}]},"Planning Time": 6.966,"Triggers": [],"Execution Time": 915.306}]
[{"Plan": {"Node Type": "Sort","Parallel Aware": false,"Async Capable": false,"Startup Cost": 88442.96,"Total Cost": 88443.23,"Plan Rows": 108,"Plan Width": 51,"Actual Startup Time": 977.034,"Actual Total Time": 977.075,"Actual Rows": 177,"Actual Loops": 1,"Sort Key": ["supplier.s_name"],"Sort Method": "quicksort","Sort Space Used": 41,"Sort Space Type": "Memory","Plans": [{"Node Type": "Hash Join","Parent Relationship": "Outer","Parallel Aware": false,"Async Capable": false,"Join Type": "Semi","Startup Cost": 88199.59,"Total Cost": 88439.31,"Plan Rows": 108,"Plan Width": 51,"Actual Startup Time": 972.748,"Actual Total Time": 976.706,"Actual Rows": 177,"Actual Loops": 1,"Inner Unique": false,"Hash Cond": "(supplier.s_suppkey = partsupp.ps_suppkey)","Plans": [{"Node Type": "Nested Loop","Parent Relationship": "Outer","Parallel Aware": false,"Async Capable": false,"Join Type": "Inner","Startup Cost": 7.38,"Total Cost": 244.58,"Plan Rows": 400,"Plan Width": 55,"Actual Startup Time": 0.338,"Actual Total Time": 4.226,"Actual Rows": 411,"Actual Loops": 1,"Inner Unique": false,"Plans": [{"Node Type": "Seq Scan","Parent Relationship": "Outer","Parallel Aware": false,"Async Capable": false,"Relation Name": "nation","Alias": "nation","Startup Cost": 0.00,"Total Cost": 1.31,"Plan Rows": 1,"Plan Width": 4,"Actual Startup Time": 0.076,"Actual Total Time": 0.099,"Actual Rows": 1,"Actual Loops": 1,"Filter": "(n_name = 'SAUDI ARABIA'::bpchar)","Rows Removed by Filter": 24},{"Node Type": "Bitmap Heap Scan","Parent Relationship": "Inner","Parallel Aware": false,"Async Capable": false,"Relation Name": "supplier","Alias": "supplier","Startup Cost": 7.38,"Total Cost": 239.27,"Plan Rows": 400,"Plan Width": 59,"Actual Startup Time": 0.256,"Actual Total Time": 4.056,"Actual Rows": 411,"Actual Loops": 1,"Recheck Cond": "(s_nationkey = nation.n_nationkey)","Rows Removed by Index Recheck": 0,"Exact Heap Blocks": 182,"Lossy Heap Blocks": 0,"Plans": [{"Node Type": "Bitmap Index Scan","Parent Relationship": "Outer","Parallel Aware": false,"Async Capable": false,"Index Name": "idx_supplier_nation_key","Startup Cost": 0.00,"Total Cost": 7.29,"Plan Rows": 400,"Plan Width": 0,"Actual Startup Time": 0.176,"Actual Total Time": 0.181,"Actual Rows": 411,"Actual Loops": 1,"Index Cond": "(s_nationkey = nation.n_nationkey)"}]}]},{"Node Type": "Hash","Parent Relationship": "Inner","Parallel Aware": false,"Async Capable": false,"Startup Cost": 88158.53,"Total Cost": 88158.53,"Plan Rows": 2694,"Plan Width": 4,"Actual Startup Time": 972.293,"Actual Total Time": 972.304,"Actual Rows": 5913,"Actual Loops": 1,"Hash Buckets": 8192,"Original Hash Buckets": 4096,"Hash Batches": 1,"Original Hash Batches": 1,"Peak Memory Usage": 272,"Plans": [{"Node Type": "Nested Loop","Parent Relationship": "Outer","Parallel Aware": false,"Async Capable": false,"Join Type": "Inner","Startup Cost": 0.42,"Total Cost": 88158.53,"Plan Rows": 2694,"Plan Width": 4,"Actual Startup Time": 1.204,"Actual Total Time": 967.957,"Actual Rows": 5913,"Actual Loops": 1,"Inner Unique": false,"Plans": [{"Node Type": "Seq Scan","Parent Relationship": "Outer","Parallel Aware": false,"Async Capable": false,"Relation Name": "part","Alias": "part","Startup Cost": 0.00,"Total Cost": 6597.00,"Plan Rows": 2020,"Plan Width": 4,"Actual Startup Time": 0.160,"Actual Total Time": 180.939,"Actual Rows": 2170,"Actual Loops": 1,"Filter": "((p_name)::text ~~ 'frosted%'::text)","Rows Removed by Filter": 197830},{"Node Type": "Index Scan","Parent Relationship": "Inner","Parallel Aware": false,"Async Capable": false,"Scan Direction": "Forward","Index Name": "idx_partsupp_partkey","Relation Name": "partsupp","Alias": "partsupp","Startup Cost": 0.42,"Total Cost": 40.36,"Plan Rows": 1,"Plan Width": 8,"Actual Startup Time": 0.152,"Actual Total Time": 0.362,"Actual Rows": 3,"Actual Loops": 2170,"Index Cond": "(ps_partkey = part.p_partkey)","Rows Removed by Index Recheck": 0,"Filter": "((ps_availqty)::numeric > (SubPlan 1))","Rows Removed by Filter": 1,"Plans": [{"Node Type": "Aggregate","Strategy": "Plain","Partial Mode": "Simple","Parent Relationship": "SubPlan","Subplan Name": "SubPlan 1","Parallel Aware": false,"Async Capable": false,"Startup Cost": 8.46,"Total Cost": 8.47,"Plan Rows": 1,"Plan Width": 32,"Actual Startup Time": 0.082,"Actual Total Time": 0.082,"Actual Rows": 1,"Actual Loops": 8680,"Plans": [{"Node Type": "Index Scan","Parent Relationship": "Outer","Parallel Aware": false,"Async Capable": false,"Scan Direction": "Forward","Index Name": "idx_lineitem_part_supp","Relation Name": "lineitem","Alias": "lineitem","Startup Cost": 0.43,"Total Cost": 8.46,"Plan Rows": 0,"Plan Width": 5,"Actual Startup Time": 0.050,"Actual Total Time": 0.082,"Actual Rows": 1,"Actual Loops": 8680,"Index Cond": "((l_partkey = partsupp.ps_partkey) AND (l_suppkey = partsupp.ps_suppkey))","Rows Removed by Index Recheck": 0,"Filter": "((l_shipdate >= '1995-01-01'::date) AND (l_shipdate < '1996-01-01 00:00:00'::timestamp without time zone))","Rows Removed by Filter": 6}]}]}]}]}]}]},"Planning Time": 6.995,"Triggers": [],"Execution Time": 977.404}]
[{"Plan": {"Node Type": "Sort","Parallel Aware": false,"Async Capable": false,"Startup Cost": 88442.96,"Total Cost": 88443.23,"Plan Rows": 108,"Plan Width": 51,"Actual Startup Time": 918.185,"Actual Total Time": 918.225,"Actual Rows": 164,"Actual Loops": 1,"Sort Key": ["supplier.s_name"],"Sort Method": "quicksort","Sort Space Used": 40,"Sort Space Type": "Memory","Plans": [{"Node Type": "Hash Join","Parent Relationship": "Outer","Parallel Aware": false,"Async Capable": false,"Join Type": "Semi","Startup Cost": 88199.59,"Total Cost": 88439.31,"Plan Rows": 108,"Plan Width": 51,"Actual Startup Time": 914.120,"Actual Total Time": 917.882,"Actual Rows": 164,"Actual Loops": 1,"Inner Unique": false,"Hash Cond": "(supplier.s_suppkey = partsupp.ps_suppkey)","Plans": [{"Node Type": "Nested Loop","Parent Relationship": "Outer","Parallel Aware": false,"Async Capable": false,"Join Type": "Inner","Startup Cost": 7.38,"Total Cost": 244.58,"Plan Rows": 400,"Plan Width": 55,"Actual Startup Time": 0.274,"Actual Total Time": 3.949,"Actual Rows": 373,"Actual Loops": 1,"Inner Unique": false,"Plans": [{"Node Type": "Seq Scan","Parent Relationship": "Outer","Parallel Aware": false,"Async Capable": false,"Relation Name": "nation","Alias": "nation","Startup Cost": 0.00,"Total Cost": 1.31,"Plan Rows": 1,"Plan Width": 4,"Actual Startup Time": 0.068,"Actual Total Time": 0.096,"Actual Rows": 1,"Actual Loops": 1,"Filter": "(n_name = 'MOROCCO'::bpchar)","Rows Removed by Filter": 24},{"Node Type": "Bitmap Heap Scan","Parent Relationship": "Inner","Parallel Aware": false,"Async Capable": false,"Relation Name": "supplier","Alias": "supplier","Startup Cost": 7.38,"Total Cost": 239.27,"Plan Rows": 400,"Plan Width": 59,"Actual Startup Time": 0.197,"Actual Total Time": 3.781,"Actual Rows": 373,"Actual Loops": 1,"Recheck Cond": "(s_nationkey = nation.n_nationkey)","Rows Removed by Index Recheck": 0,"Exact Heap Blocks": 180,"Lossy Heap Blocks": 0,"Plans": [{"Node Type": "Bitmap Index Scan","Parent Relationship": "Outer","Parallel Aware": false,"Async Capable": false,"Index Name": "idx_supplier_nation_key","Startup Cost": 0.00,"Total Cost": 7.29,"Plan Rows": 400,"Plan Width": 0,"Actual Startup Time": 0.128,"Actual Total Time": 0.132,"Actual Rows": 373,"Actual Loops": 1,"Index Cond": "(s_nationkey = nation.n_nationkey)"}]}]},{"Node Type": "Hash","Parent Relationship": "Inner","Parallel Aware": false,"Async Capable": false,"Startup Cost": 88158.53,"Total Cost": 88158.53,"Plan Rows": 2694,"Plan Width": 4,"Actual Startup Time": 913.738,"Actual Total Time": 913.753,"Actual Rows": 6103,"Actual Loops": 1,"Hash Buckets": 8192,"Original Hash Buckets": 4096,"Hash Batches": 1,"Original Hash Batches": 1,"Peak Memory Usage": 279,"Plans": [{"Node Type": "Nested Loop","Parent Relationship": "Outer","Parallel Aware": false,"Async Capable": false,"Join Type": "Inner","Startup Cost": 0.42,"Total Cost": 88158.53,"Plan Rows": 2694,"Plan Width": 4,"Actual Startup Time": 0.719,"Actual Total Time": 909.565,"Actual Rows": 6103,"Actual Loops": 1,"Inner Unique": false,"Plans": [{"Node Type": "Seq Scan","Parent Relationship": "Outer","Parallel Aware": false,"Async Capable": false,"Relation Name": "part","Alias": "part","Startup Cost": 0.00,"Total Cost": 6597.00,"Plan Rows": 2020,"Plan Width": 4,"Actual Startup Time": 0.187,"Actual Total Time": 197.489,"Actual Rows": 2234,"Actual Loops": 1,"Filter": "((p_name)::text ~~ 'cyan%'::text)","Rows Removed by Filter": 197766},{"Node Type": "Index Scan","Parent Relationship": "Inner","Parallel Aware": false,"Async Capable": false,"Scan Direction": "Forward","Index Name": "idx_partsupp_partkey","Relation Name": "partsupp","Alias": "partsupp","Startup Cost": 0.42,"Total Cost": 40.36,"Plan Rows": 1,"Plan Width": 8,"Actual Startup Time": 0.135,"Actual Total Time": 0.318,"Actual Rows": 3,"Actual Loops": 2234,"Index Cond": "(ps_partkey = part.p_partkey)","Rows Removed by Index Recheck": 0,"Filter": "((ps_availqty)::numeric > (SubPlan 1))","Rows Removed by Filter": 1,"Plans": [{"Node Type": "Aggregate","Strategy": "Plain","Partial Mode": "Simple","Parent Relationship": "SubPlan","Subplan Name": "SubPlan 1","Parallel Aware": false,"Async Capable": false,"Startup Cost": 8.46,"Total Cost": 8.47,"Plan Rows": 1,"Plan Width": 32,"Actual Startup Time": 0.071,"Actual Total Time": 0.071,"Actual Rows": 1,"Actual Loops": 8936,"Plans": [{"Node Type": "Index Scan","Parent Relationship": "Outer","Parallel Aware": false,"Async Capable": false,"Scan Direction": "Forward","Index Name": "idx_lineitem_part_supp","Relation Name": "lineitem","Alias": "lineitem","Startup Cost": 0.43,"Total Cost": 8.46,"Plan Rows": 0,"Plan Width": 5,"Actual Startup Time": 0.043,"Actual Total Time": 0.071,"Actual Rows": 1,"Actual Loops": 8936,"Index Cond": "((l_partkey = partsupp.ps_partkey) AND (l_suppkey = partsupp.ps_suppkey))","Rows Removed by Index Recheck": 0,"Filter": "((l_shipdate >= '1996-01-01'::date) AND (l_shipdate < '1997-01-01 00:00:00'::timestamp without time zone))","Rows Removed by Filter": 6}]}]}]}]}]}]},"Planning Time": 6.074,"Triggers": [],"Execution Time": 918.471}]
[{"Plan": {"Node Type": "Sort","Parallel Aware": false,"Async Capable": false,"Startup Cost": 88442.96,"Total Cost": 88443.23,"Plan Rows": 108,"Plan Width": 51,"Actual Startup Time": 896.310,"Actual Total Time": 896.361,"Actual Rows": 205,"Actual Loops": 1,"Sort Key": ["supplier.s_name"],"Sort Method": "quicksort","Sort Space Used": 43,"Sort Space Type": "Memory","Plans": [{"Node Type": "Hash Join","Parent Relationship": "Outer","Parallel Aware": false,"Async Capable": false,"Join Type": "Semi","Startup Cost": 88199.59,"Total Cost": 88439.31,"Plan Rows": 108,"Plan Width": 51,"Actual Startup Time": 891.907,"Actual Total Time": 895.992,"Actual Rows": 205,"Actual Loops": 1,"Inner Unique": false,"Hash Cond": "(supplier.s_suppkey = partsupp.ps_suppkey)","Plans": [{"Node Type": "Nested Loop","Parent Relationship": "Outer","Parallel Aware": false,"Async Capable": false,"Join Type": "Inner","Startup Cost": 7.38,"Total Cost": 244.58,"Plan Rows": 400,"Plan Width": 55,"Actual Startup Time": 0.249,"Actual Total Time": 4.239,"Actual Rows": 438,"Actual Loops": 1,"Inner Unique": false,"Plans": [{"Node Type": "Seq Scan","Parent Relationship": "Outer","Parallel Aware": false,"Async Capable": false,"Relation Name": "nation","Alias": "nation","Startup Cost": 0.00,"Total Cost": 1.31,"Plan Rows": 1,"Plan Width": 4,"Actual Startup Time": 0.066,"Actual Total Time": 0.095,"Actual Rows": 1,"Actual Loops": 1,"Filter": "(n_name = 'IRAQ'::bpchar)","Rows Removed by Filter": 24},{"Node Type": "Bitmap Heap Scan","Parent Relationship": "Inner","Parallel Aware": false,"Async Capable": false,"Relation Name": "supplier","Alias": "supplier","Startup Cost": 7.38,"Total Cost": 239.27,"Plan Rows": 400,"Plan Width": 59,"Actual Startup Time": 0.180,"Actual Total Time": 4.085,"Actual Rows": 438,"Actual Loops": 1,"Recheck Cond": "(s_nationkey = nation.n_nationkey)","Rows Removed by Index Recheck": 0,"Exact Heap Blocks": 194,"Lossy Heap Blocks": 0,"Plans": [{"Node Type": "Bitmap Index Scan","Parent Relationship": "Outer","Parallel Aware": false,"Async Capable": false,"Index Name": "idx_supplier_nation_key","Startup Cost": 0.00,"Total Cost": 7.29,"Plan Rows": 400,"Plan Width": 0,"Actual Startup Time": 0.122,"Actual Total Time": 0.129,"Actual Rows": 438,"Actual Loops": 1,"Index Cond": "(s_nationkey = nation.n_nationkey)"}]}]},{"Node Type": "Hash","Parent Relationship": "Inner","Parallel Aware": false,"Async Capable": false,"Startup Cost": 88158.53,"Total Cost": 88158.53,"Plan Rows": 2694,"Plan Width": 4,"Actual Startup Time": 891.594,"Actual Total Time": 891.609,"Actual Rows": 5792,"Actual Loops": 1,"Hash Buckets": 8192,"Original Hash Buckets": 4096,"Hash Batches": 1,"Original Hash Batches": 1,"Peak Memory Usage": 268,"Plans": [{"Node Type": "Nested Loop","Parent Relationship": "Outer","Parallel Aware": false,"Async Capable": false,"Join Type": "Inner","Startup Cost": 0.42,"Total Cost": 88158.53,"Plan Rows": 2694,"Plan Width": 4,"Actual Startup Time": 0.807,"Actual Total Time": 887.671,"Actual Rows": 5792,"Actual Loops": 1,"Inner Unique": false,"Plans": [{"Node Type": "Seq Scan","Parent Relationship": "Outer","Parallel Aware": false,"Async Capable": false,"Relation Name": "part","Alias": "part","Startup Cost": 0.00,"Total Cost": 6597.00,"Plan Rows": 2020,"Plan Width": 4,"Actual Startup Time": 0.071,"Actual Total Time": 195.686,"Actual Rows": 2158,"Actual Loops": 1,"Filter": "((p_name)::text ~~ 'lemon%'::text)","Rows Removed by Filter": 197842},{"Node Type": "Index Scan","Parent Relationship": "Inner","Parallel Aware": false,"Async Capable": false,"Scan Direction": "Forward","Index Name": "idx_partsupp_partkey","Relation Name": "partsupp","Alias": "partsupp","Startup Cost": 0.42,"Total Cost": 40.36,"Plan Rows": 1,"Plan Width": 8,"Actual Startup Time": 0.136,"Actual Total Time": 0.320,"Actual Rows": 3,"Actual Loops": 2158,"Index Cond": "(ps_partkey = part.p_partkey)","Rows Removed by Index Recheck": 0,"Filter": "((ps_availqty)::numeric > (SubPlan 1))","Rows Removed by Filter": 1,"Plans": [{"Node Type": "Aggregate","Strategy": "Plain","Partial Mode": "Simple","Parent Relationship": "SubPlan","Subplan Name": "SubPlan 1","Parallel Aware": false,"Async Capable": false,"Startup Cost": 8.46,"Total Cost": 8.47,"Plan Rows": 1,"Plan Width": 32,"Actual Startup Time": 0.072,"Actual Total Time": 0.072,"Actual Rows": 1,"Actual Loops": 8632,"Plans": [{"Node Type": "Index Scan","Parent Relationship": "Outer","Parallel Aware": false,"Async Capable": false,"Scan Direction": "Forward","Index Name": "idx_lineitem_part_supp","Relation Name": "lineitem","Alias": "lineitem","Startup Cost": 0.43,"Total Cost": 8.46,"Plan Rows": 0,"Plan Width": 5,"Actual Startup Time": 0.044,"Actual Total Time": 0.071,"Actual Rows": 1,"Actual Loops": 8632,"Index Cond": "((l_partkey = partsupp.ps_partkey) AND (l_suppkey = partsupp.ps_suppkey))","Rows Removed by Index Recheck": 0,"Filter": "((l_shipdate >= '1993-01-01'::date) AND (l_shipdate < '1994-01-01 00:00:00'::timestamp without time zone))","Rows Removed by Filter": 6}]}]}]}]}]}]},"Planning Time": 7.396,"Triggers": [],"Execution Time": 896.645}]
[{"Plan": {"Node Type": "Sort","Parallel Aware": false,"Async Capable": false,"Startup Cost": 88442.96,"Total Cost": 88443.23,"Plan Rows": 108,"Plan Width": 51,"Actual Startup Time": 973.723,"Actual Total Time": 973.761,"Actual Rows": 194,"Actual Loops": 1,"Sort Key": ["supplier.s_name"],"Sort Method": "quicksort","Sort Space Used": 42,"Sort Space Type": "Memory","Plans": [{"Node Type": "Hash Join","Parent Relationship": "Outer","Parallel Aware": false,"Async Capable": false,"Join Type": "Semi","Startup Cost": 88199.59,"Total Cost": 88439.31,"Plan Rows": 108,"Plan Width": 51,"Actual Startup Time": 969.048,"Actual Total Time": 973.386,"Actual Rows": 194,"Actual Loops": 1,"Inner Unique": false,"Hash Cond": "(supplier.s_suppkey = partsupp.ps_suppkey)","Plans": [{"Node Type": "Nested Loop","Parent Relationship": "Outer","Parallel Aware": false,"Async Capable": false,"Join Type": "Inner","Startup Cost": 7.38,"Total Cost": 244.58,"Plan Rows": 400,"Plan Width": 55,"Actual Startup Time": 0.306,"Actual Total Time": 4.499,"Actual Rows": 438,"Actual Loops": 1,"Inner Unique": false,"Plans": [{"Node Type": "Seq Scan","Parent Relationship": "Outer","Parallel Aware": false,"Async Capable": false,"Relation Name": "nation","Alias": "nation","Startup Cost": 0.00,"Total Cost": 1.31,"Plan Rows": 1,"Plan Width": 4,"Actual Startup Time": 0.072,"Actual Total Time": 0.101,"Actual Rows": 1,"Actual Loops": 1,"Filter": "(n_name = 'IRAQ'::bpchar)","Rows Removed by Filter": 24},{"Node Type": "Bitmap Heap Scan","Parent Relationship": "Inner","Parallel Aware": false,"Async Capable": false,"Relation Name": "supplier","Alias": "supplier","Startup Cost": 7.38,"Total Cost": 239.27,"Plan Rows": 400,"Plan Width": 59,"Actual Startup Time": 0.224,"Actual Total Time": 4.328,"Actual Rows": 438,"Actual Loops": 1,"Recheck Cond": "(s_nationkey = nation.n_nationkey)","Rows Removed by Index Recheck": 0,"Exact Heap Blocks": 194,"Lossy Heap Blocks": 0,"Plans": [{"Node Type": "Bitmap Index Scan","Parent Relationship": "Outer","Parallel Aware": false,"Async Capable": false,"Index Name": "idx_supplier_nation_key","Startup Cost": 0.00,"Total Cost": 7.29,"Plan Rows": 400,"Plan Width": 0,"Actual Startup Time": 0.157,"Actual Total Time": 0.163,"Actual Rows": 438,"Actual Loops": 1,"Index Cond": "(s_nationkey = nation.n_nationkey)"}]}]},{"Node Type": "Hash","Parent Relationship": "Inner","Parallel Aware": false,"Async Capable": false,"Startup Cost": 88158.53,"Total Cost": 88158.53,"Plan Rows": 2694,"Plan Width": 4,"Actual Startup Time": 968.675,"Actual Total Time": 968.683,"Actual Rows": 5927,"Actual Loops": 1,"Hash Buckets": 8192,"Original Hash Buckets": 4096,"Hash Batches": 1,"Original Hash Batches": 1,"Peak Memory Usage": 273,"Plans": [{"Node Type": "Nested Loop","Parent Relationship": "Outer","Parallel Aware": false,"Async Capable": false,"Join Type": "Inner","Startup Cost": 0.42,"Total Cost": 88158.53,"Plan Rows": 2694,"Plan Width": 4,"Actual Startup Time": 0.524,"Actual Total Time": 964.550,"Actual Rows": 5927,"Actual Loops": 1,"Inner Unique": false,"Plans": [{"Node Type": "Seq Scan","Parent Relationship": "Outer","Parallel Aware": false,"Async Capable": false,"Relation Name": "part","Alias": "part","Startup Cost": 0.00,"Total Cost": 6597.00,"Plan Rows": 2020,"Plan Width": 4,"Actual Startup Time": 0.053,"Actual Total Time": 181.618,"Actual Rows": 2190,"Actual Loops": 1,"Filter": "((p_name)::text ~~ 'beige%'::text)","Rows Removed by Filter": 197810},{"Node Type": "Index Scan","Parent Relationship": "Inner","Parallel Aware": false,"Async Capable": false,"Scan Direction": "Forward","Index Name": "idx_partsupp_partkey","Relation Name": "partsupp","Alias": "partsupp","Startup Cost": 0.42,"Total Cost": 40.36,"Plan Rows": 1,"Plan Width": 8,"Actual Startup Time": 0.150,"Actual Total Time": 0.357,"Actual Rows": 3,"Actual Loops": 2190,"Index Cond": "(ps_partkey = part.p_partkey)","Rows Removed by Index Recheck": 0,"Filter": "((ps_availqty)::numeric > (SubPlan 1))","Rows Removed by Filter": 1,"Plans": [{"Node Type": "Aggregate","Strategy": "Plain","Partial Mode": "Simple","Parent Relationship": "SubPlan","Subplan Name": "SubPlan 1","Parallel Aware": false,"Async Capable": false,"Startup Cost": 8.46,"Total Cost": 8.47,"Plan Rows": 1,"Plan Width": 32,"Actual Startup Time": 0.081,"Actual Total Time": 0.081,"Actual Rows": 1,"Actual Loops": 8760,"Plans": [{"Node Type": "Index Scan","Parent Relationship": "Outer","Parallel Aware": false,"Async Capable": false,"Scan Direction": "Forward","Index Name": "idx_lineitem_part_supp","Relation Name": "lineitem","Alias": "lineitem","Startup Cost": 0.43,"Total Cost": 8.46,"Plan Rows": 0,"Plan Width": 5,"Actual Startup Time": 0.049,"Actual Total Time": 0.080,"Actual Rows": 1,"Actual Loops": 8760,"Index Cond": "((l_partkey = partsupp.ps_partkey) AND (l_suppkey = partsupp.ps_suppkey))","Rows Removed by Index Recheck": 0,"Filter": "((l_shipdate >= '1994-01-01'::date) AND (l_shipdate < '1995-01-01 00:00:00'::timestamp without time zone))","Rows Removed by Filter": 6}]}]}]}]}]}]},"Planning Time": 6.410,"Triggers": [],"Execution Time": 974.038}]
[{"Plan": {"Node Type": "Sort","Parallel Aware": false,"Async Capable": false,"Startup Cost": 88442.96,"Total Cost": 88443.23,"Plan Rows": 108,"Plan Width": 51,"Actual Startup Time": 913.266,"Actual Total Time": 913.303,"Actual Rows": 170,"Actual Loops": 1,"Sort Key": ["supplier.s_name"],"Sort Method": "quicksort","Sort Space Used": 40,"Sort Space Type": "Memory","Plans": [{"Node Type": "Hash Join","Parent Relationship": "Outer","Parallel Aware": false,"Async Capable": false,"Join Type": "Semi","Startup Cost": 88199.59,"Total Cost": 88439.31,"Plan Rows": 108,"Plan Width": 51,"Actual Startup Time": 909.054,"Actual Total Time": 912.967,"Actual Rows": 170,"Actual Loops": 1,"Inner Unique": false,"Hash Cond": "(supplier.s_suppkey = partsupp.ps_suppkey)","Plans": [{"Node Type": "Nested Loop","Parent Relationship": "Outer","Parallel Aware": false,"Async Capable": false,"Join Type": "Inner","Startup Cost": 7.38,"Total Cost": 244.58,"Plan Rows": 400,"Plan Width": 55,"Actual Startup Time": 0.363,"Actual Total Time": 4.217,"Actual Rows": 421,"Actual Loops": 1,"Inner Unique": false,"Plans": [{"Node Type": "Seq Scan","Parent Relationship": "Outer","Parallel Aware": false,"Async Capable": false,"Relation Name": "nation","Alias": "nation","Startup Cost": 0.00,"Total Cost": 1.31,"Plan Rows": 1,"Plan Width": 4,"Actual Startup Time": 0.078,"Actual Total Time": 0.106,"Actual Rows": 1,"Actual Loops": 1,"Filter": "(n_name = 'PERU'::bpchar)","Rows Removed by Filter": 24},{"Node Type": "Bitmap Heap Scan","Parent Relationship": "Inner","Parallel Aware": false,"Async Capable": false,"Relation Name": "supplier","Alias": "supplier","Startup Cost": 7.38,"Total Cost": 239.27,"Plan Rows": 400,"Plan Width": 59,"Actual Startup Time": 0.280,"Actual Total Time": 4.044,"Actual Rows": 421,"Actual Loops": 1,"Recheck Cond": "(s_nationkey = nation.n_nationkey)","Rows Removed by Index Recheck": 0,"Exact Heap Blocks": 187,"Lossy Heap Blocks": 0,"Plans": [{"Node Type": "Bitmap Index Scan","Parent Relationship": "Outer","Parallel Aware": false,"Async Capable": false,"Index Name": "idx_supplier_nation_key","Startup Cost": 0.00,"Total Cost": 7.29,"Plan Rows": 400,"Plan Width": 0,"Actual Startup Time": 0.191,"Actual Total Time": 0.195,"Actual Rows": 421,"Actual Loops": 1,"Index Cond": "(s_nationkey = nation.n_nationkey)"}]}]},{"Node Type": "Hash","Parent Relationship": "Inner","Parallel Aware": false,"Async Capable": false,"Startup Cost": 88158.53,"Total Cost": 88158.53,"Plan Rows": 2694,"Plan Width": 4,"Actual Startup Time": 908.582,"Actual Total Time": 908.594,"Actual Rows": 6042,"Actual Loops": 1,"Hash Buckets": 8192,"Original Hash Buckets": 4096,"Hash Batches": 1,"Original Hash Batches": 1,"Peak Memory Usage": 277,"Plans": [{"Node Type": "Nested Loop","Parent Relationship": "Outer","Parallel Aware": false,"Async Capable": false,"Join Type": "Inner","Startup Cost": 0.42,"Total Cost": 88158.53,"Plan Rows": 2694,"Plan Width": 4,"Actual Startup Time": 0.851,"Actual Total Time": 904.347,"Actual Rows": 6042,"Actual Loops": 1,"Inner Unique": false,"Plans": [{"Node Type": "Seq Scan","Parent Relationship": "Outer","Parallel Aware": false,"Async Capable": false,"Relation Name": "part","Alias": "part","Startup Cost": 0.00,"Total Cost": 6597.00,"Plan Rows": 2020,"Plan Width": 4,"Actual Startup Time": 0.290,"Actual Total Time": 203.136,"Actual Rows": 2183,"Actual Loops": 1,"Filter": "((p_name)::text ~~ 'drab%'::text)","Rows Removed by Filter": 197817},{"Node Type": "Index Scan","Parent Relationship": "Inner","Parallel Aware": false,"Async Capable": false,"Scan Direction": "Forward","Index Name": "idx_partsupp_partkey","Relation Name": "partsupp","Alias": "partsupp","Startup Cost": 0.42,"Total Cost": 40.36,"Plan Rows": 1,"Plan Width": 8,"Actual Startup Time": 0.134,"Actual Total Time": 0.321,"Actual Rows": 3,"Actual Loops": 2183,"Index Cond": "(ps_partkey = part.p_partkey)","Rows Removed by Index Recheck": 0,"Filter": "((ps_availqty)::numeric > (SubPlan 1))","Rows Removed by Filter": 1,"Plans": [{"Node Type": "Aggregate","Strategy": "Plain","Partial Mode": "Simple","Parent Relationship": "SubPlan","Subplan Name": "SubPlan 1","Parallel Aware": false,"Async Capable": false,"Startup Cost": 8.46,"Total Cost": 8.47,"Plan Rows": 1,"Plan Width": 32,"Actual Startup Time": 0.072,"Actual Total Time": 0.072,"Actual Rows": 1,"Actual Loops": 8732,"Plans": [{"Node Type": "Index Scan","Parent Relationship": "Outer","Parallel Aware": false,"Async Capable": false,"Scan Direction": "Forward","Index Name": "idx_lineitem_part_supp","Relation Name": "lineitem","Alias": "lineitem","Startup Cost": 0.43,"Total Cost": 8.46,"Plan Rows": 0,"Plan Width": 5,"Actual Startup Time": 0.043,"Actual Total Time": 0.071,"Actual Rows": 1,"Actual Loops": 8732,"Index Cond": "((l_partkey = partsupp.ps_partkey) AND (l_suppkey = partsupp.ps_suppkey))","Rows Removed by Index Recheck": 0,"Filter": "((l_shipdate >= '1995-01-01'::date) AND (l_shipdate < '1996-01-01 00:00:00'::timestamp without time zone))","Rows Removed by Filter": 6}]}]}]}]}]}]},"Planning Time": 6.568,"Triggers": [],"Execution Time": 913.586}]
[{"Plan": {"Node Type": "Sort","Parallel Aware": false,"Async Capable": false,"Startup Cost": 88442.96,"Total Cost": 88443.23,"Plan Rows": 108,"Plan Width": 51,"Actual Startup Time": 908.023,"Actual Total Time": 908.059,"Actual Rows": 152,"Actual Loops": 1,"Sort Key": ["supplier.s_name"],"Sort Method": "quicksort","Sort Space Used": 39,"Sort Space Type": "Memory","Plans": [{"Node Type": "Hash Join","Parent Relationship": "Outer","Parallel Aware": false,"Async Capable": false,"Join Type": "Semi","Startup Cost": 88199.59,"Total Cost": 88439.31,"Plan Rows": 108,"Plan Width": 51,"Actual Startup Time": 903.875,"Actual Total Time": 907.730,"Actual Rows": 152,"Actual Loops": 1,"Inner Unique": false,"Hash Cond": "(supplier.s_suppkey = partsupp.ps_suppkey)","Plans": [{"Node Type": "Nested Loop","Parent Relationship": "Outer","Parallel Aware": false,"Async Capable": false,"Join Type": "Inner","Startup Cost": 7.38,"Total Cost": 244.58,"Plan Rows": 400,"Plan Width": 55,"Actual Startup Time": 0.270,"Actual Total Time": 4.054,"Actual Rows": 377,"Actual Loops": 1,"Inner Unique": false,"Plans": [{"Node Type": "Seq Scan","Parent Relationship": "Outer","Parallel Aware": false,"Async Capable": false,"Relation Name": "nation","Alias": "nation","Startup Cost": 0.00,"Total Cost": 1.31,"Plan Rows": 1,"Plan Width": 4,"Actual Startup Time": 0.090,"Actual Total Time": 0.109,"Actual Rows": 1,"Actual Loops": 1,"Filter": "(n_name = 'JAPAN'::bpchar)","Rows Removed by Filter": 24},{"Node Type": "Bitmap Heap Scan","Parent Relationship": "Inner","Parallel Aware": false,"Async Capable": false,"Relation Name": "supplier","Alias": "supplier","Startup Cost": 7.38,"Total Cost": 239.27,"Plan Rows": 400,"Plan Width": 59,"Actual Startup Time": 0.172,"Actual Total Time": 3.879,"Actual Rows": 377,"Actual Loops": 1,"Recheck Cond": "(s_nationkey = nation.n_nationkey)","Rows Removed by Index Recheck": 0,"Exact Heap Blocks": 180,"Lossy Heap Blocks": 0,"Plans": [{"Node Type": "Bitmap Index Scan","Parent Relationship": "Outer","Parallel Aware": false,"Async Capable": false,"Index Name": "idx_supplier_nation_key","Startup Cost": 0.00,"Total Cost": 7.29,"Plan Rows": 400,"Plan Width": 0,"Actual Startup Time": 0.115,"Actual Total Time": 0.121,"Actual Rows": 377,"Actual Loops": 1,"Index Cond": "(s_nationkey = nation.n_nationkey)"}]}]},{"Node Type": "Hash","Parent Relationship": "Inner","Parallel Aware": false,"Async Capable": false,"Startup Cost": 88158.53,"Total Cost": 88158.53,"Plan Rows": 2694,"Plan Width": 4,"Actual Startup Time": 903.506,"Actual Total Time": 903.518,"Actual Rows": 5824,"Actual Loops": 1,"Hash Buckets": 8192,"Original Hash Buckets": 4096,"Hash Batches": 1,"Original Hash Batches": 1,"Peak Memory Usage": 269,"Plans": [{"Node Type": "Nested Loop","Parent Relationship": "Outer","Parallel Aware": false,"Async Capable": false,"Join Type": "Inner","Startup Cost": 0.42,"Total Cost": 88158.53,"Plan Rows": 2694,"Plan Width": 4,"Actual Startup Time": 0.620,"Actual Total Time": 898.920,"Actual Rows": 5824,"Actual Loops": 1,"Inner Unique": false,"Plans": [{"Node Type": "Seq Scan","Parent Relationship": "Outer","Parallel Aware": false,"Async Capable": false,"Relation Name": "part","Alias": "part","Startup Cost": 0.00,"Total Cost": 6597.00,"Plan Rows": 2020,"Plan Width": 4,"Actual Startup Time": 0.241,"Actual Total Time": 201.518,"Actual Rows": 2157,"Actual Loops": 1,"Filter": "((p_name)::text ~~ 'peach%'::text)","Rows Removed by Filter": 197843},{"Node Type": "Index Scan","Parent Relationship": "Inner","Parallel Aware": false,"Async Capable": false,"Scan Direction": "Forward","Index Name": "idx_partsupp_partkey","Relation Name": "partsupp","Alias": "partsupp","Startup Cost": 0.42,"Total Cost": 40.36,"Plan Rows": 1,"Plan Width": 8,"Actual Startup Time": 0.137,"Actual Total Time": 0.323,"Actual Rows": 3,"Actual Loops": 2157,"Index Cond": "(ps_partkey = part.p_partkey)","Rows Removed by Index Recheck": 0,"Filter": "((ps_availqty)::numeric > (SubPlan 1))","Rows Removed by Filter": 1,"Plans": [{"Node Type": "Aggregate","Strategy": "Plain","Partial Mode": "Simple","Parent Relationship": "SubPlan","Subplan Name": "SubPlan 1","Parallel Aware": false,"Async Capable": false,"Startup Cost": 8.46,"Total Cost": 8.47,"Plan Rows": 1,"Plan Width": 32,"Actual Startup Time": 0.072,"Actual Total Time": 0.072,"Actual Rows": 1,"Actual Loops": 8628,"Plans": [{"Node Type": "Index Scan","Parent Relationship": "Outer","Parallel Aware": false,"Async Capable": false,"Scan Direction": "Forward","Index Name": "idx_lineitem_part_supp","Relation Name": "lineitem","Alias": "lineitem","Startup Cost": 0.43,"Total Cost": 8.46,"Plan Rows": 0,"Plan Width": 5,"Actual Startup Time": 0.044,"Actual Total Time": 0.071,"Actual Rows": 1,"Actual Loops": 8628,"Index Cond": "((l_partkey = partsupp.ps_partkey) AND (l_suppkey = partsupp.ps_suppkey))","Rows Removed by Index Recheck": 0,"Filter": "((l_shipdate >= '1997-01-01'::date) AND (l_shipdate < '1998-01-01 00:00:00'::timestamp without time zone))","Rows Removed by Filter": 6}]}]}]}]}]}]},"Planning Time": 5.883,"Triggers": [],"Execution Time": 908.285}]
[{"Plan": {"Node Type": "Sort","Parallel Aware": false,"Async Capable": false,"Startup Cost": 165280.99,"Total Cost": 165281.52,"Plan Rows": 215,"Plan Width": 51,"Actual Startup Time": 976.016,"Actual Total Time": 976.042,"Actual Rows": 174,"Actual Loops": 1,"Sort Key": ["supplier.s_name"],"Sort Method": "quicksort","Sort Space Used": 41,"Sort Space Type": "Memory","Plans": [{"Node Type": "Hash Join","Parent Relationship": "Outer","Parallel Aware": false,"Async Capable": false,"Join Type": "Semi","Startup Cost": 165030.68,"Total Cost": 165272.66,"Plan Rows": 215,"Plan Width": 51,"Actual Startup Time": 971.027,"Actual Total Time": 975.549,"Actual Rows": 174,"Actual Loops": 1,"Inner Unique": false,"Hash Cond": "(supplier.s_suppkey = partsupp.ps_suppkey)","Plans": [{"Node Type": "Nested Loop","Parent Relationship": "Outer","Parallel Aware": false,"Async Capable": false,"Join Type": "Inner","Startup Cost": 7.38,"Total Cost": 244.58,"Plan Rows": 400,"Plan Width": 55,"Actual Startup Time": 0.322,"Actual Total Time": 4.355,"Actual Rows": 380,"Actual Loops": 1,"Inner Unique": false,"Plans": [{"Node Type": "Seq Scan","Parent Relationship": "Outer","Parallel Aware": false,"Async Capable": false,"Relation Name": "nation","Alias": "nation","Startup Cost": 0.00,"Total Cost": 1.31,"Plan Rows": 1,"Plan Width": 4,"Actual Startup Time": 0.066,"Actual Total Time": 0.083,"Actual Rows": 1,"Actual Loops": 1,"Filter": "(n_name = 'ETHIOPIA'::bpchar)","Rows Removed by Filter": 24},{"Node Type": "Bitmap Heap Scan","Parent Relationship": "Inner","Parallel Aware": false,"Async Capable": false,"Relation Name": "supplier","Alias": "supplier","Startup Cost": 7.38,"Total Cost": 239.27,"Plan Rows": 400,"Plan Width": 59,"Actual Startup Time": 0.251,"Actual Total Time": 4.212,"Actual Rows": 380,"Actual Loops": 1,"Recheck Cond": "(s_nationkey = nation.n_nationkey)","Rows Removed by Index Recheck": 0,"Exact Heap Blocks": 192,"Lossy Heap Blocks": 0,"Plans": [{"Node Type": "Bitmap Index Scan","Parent Relationship": "Outer","Parallel Aware": false,"Async Capable": false,"Index Name": "idx_supplier_nation_key","Startup Cost": 0.00,"Total Cost": 7.29,"Plan Rows": 400,"Plan Width": 0,"Actual Startup Time": 0.162,"Actual Total Time": 0.166,"Actual Rows": 380,"Actual Loops": 1,"Index Cond": "(s_nationkey = nation.n_nationkey)"}]}]},{"Node Type": "Hash","Parent Relationship": "Inner","Parallel Aware": false,"Async Capable": false,"Startup Cost": 164955.96,"Total Cost": 164955.96,"Plan Rows": 5387,"Plan Width": 4,"Actual Startup Time": 970.547,"Actual Total Time": 970.553,"Actual Rows": 5923,"Actual Loops": 1,"Hash Buckets": 8192,"Original Hash Buckets": 8192,"Hash Batches": 1,"Original Hash Batches": 1,"Peak Memory Usage": 273,"Plans": [{"Node Type": "Nested Loop","Parent Relationship": "Outer","Parallel Aware": false,"Async Capable": false,"Join Type": "Inner","Startup Cost": 0.42,"Total Cost": 164955.96,"Plan Rows": 5387,"Plan Width": 4,"Actual Startup Time": 0.467,"Actual Total Time": 964.794,"Actual Rows": 5923,"Actual Loops": 1,"Inner Unique": false,"Plans": [{"Node Type": "Seq Scan","Parent Relationship": "Outer","Parallel Aware": false,"Async Capable": false,"Relation Name": "part","Alias": "part","Startup Cost": 0.00,"Total Cost": 6597.00,"Plan Rows": 4040,"Plan Width": 4,"Actual Startup Time": 0.160,"Actual Total Time": 182.292,"Actual Rows": 2158,"Actual Loops": 1,"Filter": "((p_name)::text ~~ 'burnished%'::text)","Rows Removed by Filter": 197842},{"Node Type": "Index Scan","Parent Relationship": "Inner","Parallel Aware": false,"Async Capable": false,"Scan Direction": "Forward","Index Name": "idx_partsupp_partkey","Relation Name": "partsupp","Alias": "partsupp","Startup Cost": 0.42,"Total Cost": 39.18,"Plan Rows": 1,"Plan Width": 8,"Actual Startup Time": 0.151,"Actual Total Time": 0.362,"Actual Rows": 3,"Actual Loops": 2158,"Index Cond": "(ps_partkey = part.p_partkey)","Rows Removed by Index Recheck": 0,"Filter": "((ps_availqty)::numeric > (SubPlan 1))","Rows Removed by Filter": 1,"Plans": [{"Node Type": "Aggregate","Strategy": "Plain","Partial Mode": "Simple","Parent Relationship": "SubPlan","Subplan Name": "SubPlan 1","Parallel Aware": false,"Async Capable": false,"Startup Cost": 8.46,"Total Cost": 8.47,"Plan Rows": 1,"Plan Width": 32,"Actual Startup Time": 0.082,"Actual Total Time": 0.082,"Actual Rows": 1,"Actual Loops": 8632,"Plans": [{"Node Type": "Index Scan","Parent Relationship": "Outer","Parallel Aware": false,"Async Capable": false,"Scan Direction": "Forward","Index Name": "idx_lineitem_part_supp","Relation Name": "lineitem","Alias": "lineitem","Startup Cost": 0.43,"Total Cost": 8.46,"Plan Rows": 0,"Plan Width": 5,"Actual Startup Time": 0.050,"Actual Total Time": 0.081,"Actual Rows": 1,"Actual Loops": 8632,"Index Cond": "((l_partkey = partsupp.ps_partkey) AND (l_suppkey = partsupp.ps_suppkey))","Rows Removed by Index Recheck": 0,"Filter": "((l_shipdate >= '1997-01-01'::date) AND (l_shipdate < '1998-01-01 00:00:00'::timestamp without time zone))","Rows Removed by Filter": 6}]}]}]}]}]}]},"Planning Time": 6.300,"Triggers": [],"Execution Time": 976.345}]
[{"Plan": {"Node Type": "Sort","Parallel Aware": false,"Async Capable": false,"Startup Cost": 88442.96,"Total Cost": 88443.23,"Plan Rows": 108,"Plan Width": 51,"Actual Startup Time": 916.215,"Actual Total Time": 916.257,"Actual Rows": 182,"Actual Loops": 1,"Sort Key": ["supplier.s_name"],"Sort Method": "quicksort","Sort Space Used": 42,"Sort Space Type": "Memory","Plans": [{"Node Type": "Hash Join","Parent Relationship": "Outer","Parallel Aware": false,"Async Capable": false,"Join Type": "Semi","Startup Cost": 88199.59,"Total Cost": 88439.31,"Plan Rows": 108,"Plan Width": 51,"Actual Startup Time": 911.650,"Actual Total Time": 915.748,"Actual Rows": 182,"Actual Loops": 1,"Inner Unique": false,"Hash Cond": "(supplier.s_suppkey = partsupp.ps_suppkey)","Plans": [{"Node Type": "Nested Loop","Parent Relationship": "Outer","Parallel Aware": false,"Async Capable": false,"Join Type": "Inner","Startup Cost": 7.38,"Total Cost": 244.58,"Plan Rows": 400,"Plan Width": 55,"Actual Startup Time": 0.231,"Actual Total Time": 4.189,"Actual Rows": 398,"Actual Loops": 1,"Inner Unique": false,"Plans": [{"Node Type": "Seq Scan","Parent Relationship": "Outer","Parallel Aware": false,"Async Capable": false,"Relation Name": "nation","Alias": "nation","Startup Cost": 0.00,"Total Cost": 1.31,"Plan Rows": 1,"Plan Width": 4,"Actual Startup Time": 0.060,"Actual Total Time": 0.087,"Actual Rows": 1,"Actual Loops": 1,"Filter": "(n_name = 'ROMANIA'::bpchar)","Rows Removed by Filter": 24},{"Node Type": "Bitmap Heap Scan","Parent Relationship": "Inner","Parallel Aware": false,"Async Capable": false,"Relation Name": "supplier","Alias": "supplier","Startup Cost": 7.38,"Total Cost": 239.27,"Plan Rows": 400,"Plan Width": 59,"Actual Startup Time": 0.163,"Actual Total Time": 4.034,"Actual Rows": 398,"Actual Loops": 1,"Recheck Cond": "(s_nationkey = nation.n_nationkey)","Rows Removed by Index Recheck": 0,"Exact Heap Blocks": 186,"Lossy Heap Blocks": 0,"Plans": [{"Node Type": "Bitmap Index Scan","Parent Relationship": "Outer","Parallel Aware": false,"Async Capable": false,"Index Name": "idx_supplier_nation_key","Startup Cost": 0.00,"Total Cost": 7.29,"Plan Rows": 400,"Plan Width": 0,"Actual Startup Time": 0.103,"Actual Total Time": 0.109,"Actual Rows": 398,"Actual Loops": 1,"Index Cond": "(s_nationkey = nation.n_nationkey)"}]}]},{"Node Type": "Hash","Parent Relationship": "Inner","Parallel Aware": false,"Async Capable": false,"Startup Cost": 88158.53,"Total Cost": 88158.53,"Plan Rows": 2694,"Plan Width": 4,"Actual Startup Time": 911.367,"Actual Total Time": 911.380,"Actual Rows": 5835,"Actual Loops": 1,"Hash Buckets": 8192,"Original Hash Buckets": 4096,"Hash Batches": 1,"Original Hash Batches": 1,"Peak Memory Usage": 270,"Plans": [{"Node Type": "Nested Loop","Parent Relationship": "Outer","Parallel Aware": false,"Async Capable": false,"Join Type": "Inner","Startup Cost": 0.42,"Total Cost": 88158.53,"Plan Rows": 2694,"Plan Width": 4,"Actual Startup Time": 0.623,"Actual Total Time": 906.806,"Actual Rows": 5835,"Actual Loops": 1,"Inner Unique": false,"Plans": [{"Node Type": "Seq Scan","Parent Relationship": "Outer","Parallel Aware": false,"Async Capable": false,"Relation Name": "part","Alias": "part","Startup Cost": 0.00,"Total Cost": 6597.00,"Plan Rows": 2020,"Plan Width": 4,"Actual Startup Time": 0.118,"Actual Total Time": 202.817,"Actual Rows": 2165,"Actual Loops": 1,"Filter": "((p_name)::text ~~ 'sky%'::text)","Rows Removed by Filter": 197835},{"Node Type": "Index Scan","Parent Relationship": "Inner","Parallel Aware": false,"Async Capable": false,"Scan Direction": "Forward","Index Name": "idx_partsupp_partkey","Relation Name": "partsupp","Alias": "partsupp","Startup Cost": 0.42,"Total Cost": 40.36,"Plan Rows": 1,"Plan Width": 8,"Actual Startup Time": 0.137,"Actual Total Time": 0.325,"Actual Rows": 3,"Actual Loops": 2165,"Index Cond": "(ps_partkey = part.p_partkey)","Rows Removed by Index Recheck": 0,"Filter": "((ps_availqty)::numeric > (SubPlan 1))","Rows Removed by Filter": 1,"Plans": [{"Node Type": "Aggregate","Strategy": "Plain","Partial Mode": "Simple","Parent Relationship": "SubPlan","Subplan Name": "SubPlan 1","Parallel Aware": false,"Async Capable": false,"Startup Cost": 8.46,"Total Cost": 8.47,"Plan Rows": 1,"Plan Width": 32,"Actual Startup Time": 0.073,"Actual Total Time": 0.073,"Actual Rows": 1,"Actual Loops": 8660,"Plans": [{"Node Type": "Index Scan","Parent Relationship": "Outer","Parallel Aware": false,"Async Capable": false,"Scan Direction": "Forward","Index Name": "idx_lineitem_part_supp","Relation Name": "lineitem","Alias": "lineitem","Startup Cost": 0.43,"Total Cost": 8.46,"Plan Rows": 0,"Plan Width": 5,"Actual Startup Time": 0.045,"Actual Total Time": 0.072,"Actual Rows": 1,"Actual Loops": 8660,"Index Cond": "((l_partkey = partsupp.ps_partkey) AND (l_suppkey = partsupp.ps_suppkey))","Rows Removed by Index Recheck": 0,"Filter": "((l_shipdate >= '1996-01-01'::date) AND (l_shipdate < '1997-01-01 00:00:00'::timestamp without time zone))","Rows Removed by Filter": 6}]}]}]}]}]}]},"Planning Time": 6.918,"Triggers": [],"Execution Time": 916.506}]
[{"Plan": {"Node Type": "Sort","Parallel Aware": false,"Async Capable": false,"Startup Cost": 88442.96,"Total Cost": 88443.23,"Plan Rows": 108,"Plan Width": 51,"Actual Startup Time": 909.781,"Actual Total Time": 909.821,"Actual Rows": 191,"Actual Loops": 1,"Sort Key": ["supplier.s_name"],"Sort Method": "quicksort","Sort Space Used": 42,"Sort Space Type": "Memory","Plans": [{"Node Type": "Hash Join","Parent Relationship": "Outer","Parallel Aware": false,"Async Capable": false,"Join Type": "Semi","Startup Cost": 88199.59,"Total Cost": 88439.31,"Plan Rows": 108,"Plan Width": 51,"Actual Startup Time": 905.436,"Actual Total Time": 909.431,"Actual Rows": 191,"Actual Loops": 1,"Inner Unique": false,"Hash Cond": "(supplier.s_suppkey = partsupp.ps_suppkey)","Plans": [{"Node Type": "Nested Loop","Parent Relationship": "Outer","Parallel Aware": false,"Async Capable": false,"Join Type": "Inner","Startup Cost": 7.38,"Total Cost": 244.58,"Plan Rows": 400,"Plan Width": 55,"Actual Startup Time": 0.295,"Actual Total Time": 4.256,"Actual Rows": 405,"Actual Loops": 1,"Inner Unique": false,"Plans": [{"Node Type": "Seq Scan","Parent Relationship": "Outer","Parallel Aware": false,"Async Capable": false,"Relation Name": "nation","Alias": "nation","Startup Cost": 0.00,"Total Cost": 1.31,"Plan Rows": 1,"Plan Width": 4,"Actual Startup Time": 0.076,"Actual Total Time": 0.095,"Actual Rows": 1,"Actual Loops": 1,"Filter": "(n_name = 'INDONESIA'::bpchar)","Rows Removed by Filter": 24},{"Node Type": "Bitmap Heap Scan","Parent Relationship": "Inner","Parallel Aware": false,"Async Capable": false,"Relation Name": "supplier","Alias": "supplier","Startup Cost": 7.38,"Total Cost": 239.27,"Plan Rows": 400,"Plan Width": 59,"Actual Startup Time": 0.216,"Actual Total Time": 4.091,"Actual Rows": 405,"Actual Loops": 1,"Recheck Cond": "(s_nationkey = nation.n_nationkey)","Rows Removed by Index Recheck": 0,"Exact Heap Blocks": 192,"Lossy Heap Blocks": 0,"Plans": [{"Node Type": "Bitmap Index Scan","Parent Relationship": "Outer","Parallel Aware": false,"Async Capable": false,"Index Name": "idx_supplier_nation_key","Startup Cost": 0.00,"Total Cost": 7.29,"Plan Rows": 400,"Plan Width": 0,"Actual Startup Time": 0.143,"Actual Total Time": 0.148,"Actual Rows": 405,"Actual Loops": 1,"Index Cond": "(s_nationkey = nation.n_nationkey)"}]}]},{"Node Type": "Hash","Parent Relationship": "Inner","Parallel Aware": false,"Async Capable": false,"Startup Cost": 88158.53,"Total Cost": 88158.53,"Plan Rows": 2694,"Plan Width": 4,"Actual Startup Time": 905.028,"Actual Total Time": 905.038,"Actual Rows": 5951,"Actual Loops": 1,"Hash Buckets": 8192,"Original Hash Buckets": 4096,"Hash Batches": 1,"Original Hash Batches": 1,"Peak Memory Usage": 274,"Plans": [{"Node Type": "Nested Loop","Parent Relationship": "Outer","Parallel Aware": false,"Async Capable": false,"Join Type": "Inner","Startup Cost": 0.42,"Total Cost": 88158.53,"Plan Rows": 2694,"Plan Width": 4,"Actual Startup Time": 1.061,"Actual Total Time": 900.474,"Actual Rows": 5951,"Actual Loops": 1,"Inner Unique": false,"Plans": [{"Node Type": "Seq Scan","Parent Relationship": "Outer","Parallel Aware": false,"Async Capable": false,"Relation Name": "part","Alias": "part","Startup Cost": 0.00,"Total Cost": 6597.00,"Plan Rows": 2020,"Plan Width": 4,"Actual Startup Time": 0.025,"Actual Total Time": 200.799,"Actual Rows": 2150,"Actual Loops": 1,"Filter": "((p_name)::text ~~ 'goldenrod%'::text)","Rows Removed by Filter": 197850},{"Node Type": "Index Scan","Parent Relationship": "Inner","Parallel Aware": false,"Async Capable": false,"Scan Direction": "Forward","Index Name": "idx_partsupp_partkey","Relation Name": "partsupp","Alias": "partsupp","Startup Cost": 0.42,"Total Cost": 40.36,"Plan Rows": 1,"Plan Width": 8,"Actual Startup Time": 0.136,"Actual Total Time": 0.325,"Actual Rows": 3,"Actual Loops": 2150,"Index Cond": "(ps_partkey = part.p_partkey)","Rows Removed by Index Recheck": 0,"Filter": "((ps_availqty)::numeric > (SubPlan 1))","Rows Removed by Filter": 1,"Plans": [{"Node Type": "Aggregate","Strategy": "Plain","Partial Mode": "Simple","Parent Relationship": "SubPlan","Subplan Name": "SubPlan 1","Parallel Aware": false,"Async Capable": false,"Startup Cost": 8.46,"Total Cost": 8.47,"Plan Rows": 1,"Plan Width": 32,"Actual Startup Time": 0.073,"Actual Total Time": 0.073,"Actual Rows": 1,"Actual Loops": 8600,"Plans": [{"Node Type": "Index Scan","Parent Relationship": "Outer","Parallel Aware": false,"Async Capable": false,"Scan Direction": "Forward","Index Name": "idx_lineitem_part_supp","Relation Name": "lineitem","Alias": "lineitem","Startup Cost": 0.43,"Total Cost": 8.46,"Plan Rows": 0,"Plan Width": 5,"Actual Startup Time": 0.044,"Actual Total Time": 0.072,"Actual Rows": 1,"Actual Loops": 8600,"Index Cond": "((l_partkey = partsupp.ps_partkey) AND (l_suppkey = partsupp.ps_suppkey))","Rows Removed by Index Recheck": 0,"Filter": "((l_shipdate >= '1996-01-01'::date) AND (l_shipdate < '1997-01-01 00:00:00'::timestamp without time zone))","Rows Removed by Filter": 6}]}]}]}]}]}]},"Planning Time": 6.299,"Triggers": [],"Execution Time": 910.090}]
[{"Plan": {"Node Type": "Sort","Parallel Aware": false,"Async Capable": false,"Startup Cost": 88442.96,"Total Cost": 88443.23,"Plan Rows": 108,"Plan Width": 51,"Actual Startup Time": 980.709,"Actual Total Time": 980.743,"Actual Rows": 182,"Actual Loops": 1,"Sort Key": ["supplier.s_name"],"Sort Method": "quicksort","Sort Space Used": 42,"Sort Space Type": "Memory","Plans": [{"Node Type": "Hash Join","Parent Relationship": "Outer","Parallel Aware": false,"Async Capable": false,"Join Type": "Semi","Startup Cost": 88199.59,"Total Cost": 88439.31,"Plan Rows": 108,"Plan Width": 51,"Actual Startup Time": 976.177,"Actual Total Time": 980.201,"Actual Rows": 182,"Actual Loops": 1,"Inner Unique": false,"Hash Cond": "(supplier.s_suppkey = partsupp.ps_suppkey)","Plans": [{"Node Type": "Nested Loop","Parent Relationship": "Outer","Parallel Aware": false,"Async Capable": false,"Join Type": "Inner","Startup Cost": 7.38,"Total Cost": 244.58,"Plan Rows": 400,"Plan Width": 55,"Actual Startup Time": 0.270,"Actual Total Time": 4.180,"Actual Rows": 393,"Actual Loops": 1,"Inner Unique": false,"Plans": [{"Node Type": "Seq Scan","Parent Relationship": "Outer","Parallel Aware": false,"Async Capable": false,"Relation Name": "nation","Alias": "nation","Startup Cost": 0.00,"Total Cost": 1.31,"Plan Rows": 1,"Plan Width": 4,"Actual Startup Time": 0.069,"Actual Total Time": 0.079,"Actual Rows": 1,"Actual Loops": 1,"Filter": "(n_name = 'UNITED STATES'::bpchar)","Rows Removed by Filter": 24},{"Node Type": "Bitmap Heap Scan","Parent Relationship": "Inner","Parallel Aware": false,"Async Capable": false,"Relation Name": "supplier","Alias": "supplier","Startup Cost": 7.38,"Total Cost": 239.27,"Plan Rows": 400,"Plan Width": 59,"Actual Startup Time": 0.192,"Actual Total Time": 4.024,"Actual Rows": 393,"Actual Loops": 1,"Recheck Cond": "(s_nationkey = nation.n_nationkey)","Rows Removed by Index Recheck": 0,"Exact Heap Blocks": 181,"Lossy Heap Blocks": 0,"Plans": [{"Node Type": "Bitmap Index Scan","Parent Relationship": "Outer","Parallel Aware": false,"Async Capable": false,"Index Name": "idx_supplier_nation_key","Startup Cost": 0.00,"Total Cost": 7.29,"Plan Rows": 400,"Plan Width": 0,"Actual Startup Time": 0.127,"Actual Total Time": 0.130,"Actual Rows": 393,"Actual Loops": 1,"Index Cond": "(s_nationkey = nation.n_nationkey)"}]}]},{"Node Type": "Hash","Parent Relationship": "Inner","Parallel Aware": false,"Async Capable": false,"Startup Cost": 88158.53,"Total Cost": 88158.53,"Plan Rows": 2694,"Plan Width": 4,"Actual Startup Time": 975.824,"Actual Total Time": 975.835,"Actual Rows": 5956,"Actual Loops": 1,"Hash Buckets": 8192,"Original Hash Buckets": 4096,"Hash Batches": 1,"Original Hash Batches": 1,"Peak Memory Usage": 274,"Plans": [{"Node Type": "Nested Loop","Parent Relationship": "Outer","Parallel Aware": false,"Async Capable": false,"Join Type": "Inner","Startup Cost": 0.42,"Total Cost": 88158.53,"Plan Rows": 2694,"Plan Width": 4,"Actual Startup Time": 0.644,"Actual Total Time": 971.602,"Actual Rows": 5956,"Actual Loops": 1,"Inner Unique": false,"Plans": [{"Node Type": "Seq Scan","Parent Relationship": "Outer","Parallel Aware": false,"Async Capable": false,"Relation Name": "part","Alias": "part","Startup Cost": 0.00,"Total Cost": 6597.00,"Plan Rows": 2020,"Plan Width": 4,"Actual Startup Time": 0.086,"Actual Total Time": 181.471,"Actual Rows": 2194,"Actual Loops": 1,"Filter": "((p_name)::text ~~ 'midnight%'::text)","Rows Removed by Filter": 197806},{"Node Type": "Index Scan","Parent Relationship": "Inner","Parallel Aware": false,"Async Capable": false,"Scan Direction": "Forward","Index Name": "idx_partsupp_partkey","Relation Name": "partsupp","Alias": "partsupp","Startup Cost": 0.42,"Total Cost": 40.36,"Plan Rows": 1,"Plan Width": 8,"Actual Startup Time": 0.151,"Actual Total Time": 0.360,"Actual Rows": 3,"Actual Loops": 2194,"Index Cond": "(ps_partkey = part.p_partkey)","Rows Removed by Index Recheck": 0,"Filter": "((ps_availqty)::numeric > (SubPlan 1))","Rows Removed by Filter": 1,"Plans": [{"Node Type": "Aggregate","Strategy": "Plain","Partial Mode": "Simple","Parent Relationship": "SubPlan","Subplan Name": "SubPlan 1","Parallel Aware": false,"Async Capable": false,"Startup Cost": 8.46,"Total Cost": 8.47,"Plan Rows": 1,"Plan Width": 32,"Actual Startup Time": 0.082,"Actual Total Time": 0.082,"Actual Rows": 1,"Actual Loops": 8776,"Plans": [{"Node Type": "Index Scan","Parent Relationship": "Outer","Parallel Aware": false,"Async Capable": false,"Scan Direction": "Forward","Index Name": "idx_lineitem_part_supp","Relation Name": "lineitem","Alias": "lineitem","Startup Cost": 0.43,"Total Cost": 8.46,"Plan Rows": 0,"Plan Width": 5,"Actual Startup Time": 0.049,"Actual Total Time": 0.081,"Actual Rows": 1,"Actual Loops": 8776,"Index Cond": "((l_partkey = partsupp.ps_partkey) AND (l_suppkey = partsupp.ps_suppkey))","Rows Removed by Index Recheck": 0,"Filter": "((l_shipdate >= '1993-01-01'::date) AND (l_shipdate < '1994-01-01 00:00:00'::timestamp without time zone))","Rows Removed by Filter": 6}]}]}]}]}]}]},"Planning Time": 6.592,"Triggers": [],"Execution Time": 981.004}]
[{"Plan": {"Node Type": "Sort","Parallel Aware": false,"Async Capable": false,"Startup Cost": 88442.96,"Total Cost": 88443.23,"Plan Rows": 108,"Plan Width": 51,"Actual Startup Time": 979.729,"Actual Total Time": 979.768,"Actual Rows": 175,"Actual Loops": 1,"Sort Key": ["supplier.s_name"],"Sort Method": "quicksort","Sort Space Used": 41,"Sort Space Type": "Memory","Plans": [{"Node Type": "Hash Join","Parent Relationship": "Outer","Parallel Aware": false,"Async Capable": false,"Join Type": "Semi","Startup Cost": 88199.59,"Total Cost": 88439.31,"Plan Rows": 108,"Plan Width": 51,"Actual Startup Time": 975.314,"Actual Total Time": 979.256,"Actual Rows": 175,"Actual Loops": 1,"Inner Unique": false,"Hash Cond": "(supplier.s_suppkey = partsupp.ps_suppkey)","Plans": [{"Node Type": "Nested Loop","Parent Relationship": "Outer","Parallel Aware": false,"Async Capable": false,"Join Type": "Inner","Startup Cost": 7.38,"Total Cost": 244.58,"Plan Rows": 400,"Plan Width": 55,"Actual Startup Time": 0.299,"Actual Total Time": 4.203,"Actual Rows": 380,"Actual Loops": 1,"Inner Unique": false,"Plans": [{"Node Type": "Seq Scan","Parent Relationship": "Outer","Parallel Aware": false,"Async Capable": false,"Relation Name": "nation","Alias": "nation","Startup Cost": 0.00,"Total Cost": 1.31,"Plan Rows": 1,"Plan Width": 4,"Actual Startup Time": 0.068,"Actual Total Time": 0.098,"Actual Rows": 1,"Actual Loops": 1,"Filter": "(n_name = 'ETHIOPIA'::bpchar)","Rows Removed by Filter": 24},{"Node Type": "Bitmap Heap Scan","Parent Relationship": "Inner","Parallel Aware": false,"Async Capable": false,"Relation Name": "supplier","Alias": "supplier","Startup Cost": 7.38,"Total Cost": 239.27,"Plan Rows": 400,"Plan Width": 59,"Actual Startup Time": 0.227,"Actual Total Time": 4.035,"Actual Rows": 380,"Actual Loops": 1,"Recheck Cond": "(s_nationkey = nation.n_nationkey)","Rows Removed by Index Recheck": 0,"Exact Heap Blocks": 192,"Lossy Heap Blocks": 0,"Plans": [{"Node Type": "Bitmap Index Scan","Parent Relationship": "Outer","Parallel Aware": false,"Async Capable": false,"Index Name": "idx_supplier_nation_key","Startup Cost": 0.00,"Total Cost": 7.29,"Plan Rows": 400,"Plan Width": 0,"Actual Startup Time": 0.150,"Actual Total Time": 0.153,"Actual Rows": 380,"Actual Loops": 1,"Index Cond": "(s_nationkey = nation.n_nationkey)"}]}]},{"Node Type": "Hash","Parent Relationship": "Inner","Parallel Aware": false,"Async Capable": false,"Startup Cost": 88158.53,"Total Cost": 88158.53,"Plan Rows": 2694,"Plan Width": 4,"Actual Startup Time": 974.897,"Actual Total Time": 974.907,"Actual Rows": 6111,"Actual Loops": 1,"Hash Buckets": 8192,"Original Hash Buckets": 4096,"Hash Batches": 1,"Original Hash Batches": 1,"Peak Memory Usage": 279,"Plans": [{"Node Type": "Nested Loop","Parent Relationship": "Outer","Parallel Aware": false,"Async Capable": false,"Join Type": "Inner","Startup Cost": 0.42,"Total Cost": 88158.53,"Plan Rows": 2694,"Plan Width": 4,"Actual Startup Time": 0.494,"Actual Total Time": 970.534,"Actual Rows": 6111,"Actual Loops": 1,"Inner Unique": false,"Plans": [{"Node Type": "Seq Scan","Parent Relationship": "Outer","Parallel Aware": false,"Async Capable": false,"Relation Name": "part","Alias": "part","Startup Cost": 0.00,"Total Cost": 6597.00,"Plan Rows": 2020,"Plan Width": 4,"Actual Startup Time": 0.075,"Actual Total Time": 179.770,"Actual Rows": 2216,"Actual Loops": 1,"Filter": "((p_name)::text ~~ 'blanched%'::text)","Rows Removed by Filter": 197784},{"Node Type": "Index Scan","Parent Relationship": "Inner","Parallel Aware": false,"Async Capable": false,"Scan Direction": "Forward","Index Name": "idx_partsupp_partkey","Relation Name": "partsupp","Alias": "partsupp","Startup Cost": 0.42,"Total Cost": 40.36,"Plan Rows": 1,"Plan Width": 8,"Actual Startup Time": 0.146,"Actual Total Time": 0.356,"Actual Rows": 3,"Actual Loops": 2216,"Index Cond": "(ps_partkey = part.p_partkey)","Rows Removed by Index Recheck": 0,"Filter": "((ps_availqty)::numeric > (SubPlan 1))","Rows Removed by Filter": 1,"Plans": [{"Node Type": "Aggregate","Strategy": "Plain","Partial Mode": "Simple","Parent Relationship": "SubPlan","Subplan Name": "SubPlan 1","Parallel Aware": false,"Async Capable": false,"Startup Cost": 8.46,"Total Cost": 8.47,"Plan Rows": 1,"Plan Width": 32,"Actual Startup Time": 0.081,"Actual Total Time": 0.081,"Actual Rows": 1,"Actual Loops": 8864,"Plans": [{"Node Type": "Index Scan","Parent Relationship": "Outer","Parallel Aware": false,"Async Capable": false,"Scan Direction": "Forward","Index Name": "idx_lineitem_part_supp","Relation Name": "lineitem","Alias": "lineitem","Startup Cost": 0.43,"Total Cost": 8.46,"Plan Rows": 0,"Plan Width": 5,"Actual Startup Time": 0.048,"Actual Total Time": 0.080,"Actual Rows": 1,"Actual Loops": 8864,"Index Cond": "((l_partkey = partsupp.ps_partkey) AND (l_suppkey = partsupp.ps_suppkey))","Rows Removed by Index Recheck": 0,"Filter": "((l_shipdate >= '1995-01-01'::date) AND (l_shipdate < '1996-01-01 00:00:00'::timestamp without time zone))","Rows Removed by Filter": 6}]}]}]}]}]}]},"Planning Time": 6.234,"Triggers": [],"Execution Time": 980.058}]
[{"Plan": {"Node Type": "Sort","Parallel Aware": false,"Async Capable": false,"Startup Cost": 88442.96,"Total Cost": 88443.23,"Plan Rows": 108,"Plan Width": 51,"Actual Startup Time": 950.428,"Actual Total Time": 950.460,"Actual Rows": 153,"Actual Loops": 1,"Sort Key": ["supplier.s_name"],"Sort Method": "quicksort","Sort Space Used": 39,"Sort Space Type": "Memory","Plans": [{"Node Type": "Hash Join","Parent Relationship": "Outer","Parallel Aware": false,"Async Capable": false,"Join Type": "Semi","Startup Cost": 88199.59,"Total Cost": 88439.31,"Plan Rows": 108,"Plan Width": 51,"Actual Startup Time": 946.314,"Actual Total Time": 950.146,"Actual Rows": 153,"Actual Loops": 1,"Inner Unique": false,"Hash Cond": "(supplier.s_suppkey = partsupp.ps_suppkey)","Plans": [{"Node Type": "Nested Loop","Parent Relationship": "Outer","Parallel Aware": false,"Async Capable": false,"Join Type": "Inner","Startup Cost": 7.38,"Total Cost": 244.58,"Plan Rows": 400,"Plan Width": 55,"Actual Startup Time": 0.276,"Actual Total Time": 4.000,"Actual Rows": 373,"Actual Loops": 1,"Inner Unique": false,"Plans": [{"Node Type": "Seq Scan","Parent Relationship": "Outer","Parallel Aware": false,"Async Capable": false,"Relation Name": "nation","Alias": "nation","Startup Cost": 0.00,"Total Cost": 1.31,"Plan Rows": 1,"Plan Width": 4,"Actual Startup Time": 0.064,"Actual Total Time": 0.082,"Actual Rows": 1,"Actual Loops": 1,"Filter": "(n_name = 'MOROCCO'::bpchar)","Rows Removed by Filter": 24},{"Node Type": "Bitmap Heap Scan","Parent Relationship": "Inner","Parallel Aware": false,"Async Capable": false,"Relation Name": "supplier","Alias": "supplier","Startup Cost": 7.38,"Total Cost": 239.27,"Plan Rows": 400,"Plan Width": 59,"Actual Startup Time": 0.202,"Actual Total Time": 3.864,"Actual Rows": 373,"Actual Loops": 1,"Recheck Cond": "(s_nationkey = nation.n_nationkey)","Rows Removed by Index Recheck": 0,"Exact Heap Blocks": 180,"Lossy Heap Blocks": 0,"Plans": [{"Node Type": "Bitmap Index Scan","Parent Relationship": "Outer","Parallel Aware": false,"Async Capable": false,"Index Name": "idx_supplier_nation_key","Startup Cost": 0.00,"Total Cost": 7.29,"Plan Rows": 400,"Plan Width": 0,"Actual Startup Time": 0.140,"Actual Total Time": 0.144,"Actual Rows": 373,"Actual Loops": 1,"Index Cond": "(s_nationkey = nation.n_nationkey)"}]}]},{"Node Type": "Hash","Parent Relationship": "Inner","Parallel Aware": false,"Async Capable": false,"Startup Cost": 88158.53,"Total Cost": 88158.53,"Plan Rows": 2694,"Plan Width": 4,"Actual Startup Time": 945.968,"Actual Total Time": 945.977,"Actual Rows": 5758,"Actual Loops": 1,"Hash Buckets": 8192,"Original Hash Buckets": 4096,"Hash Batches": 1,"Original Hash Batches": 1,"Peak Memory Usage": 267,"Plans": [{"Node Type": "Nested Loop","Parent Relationship": "Outer","Parallel Aware": false,"Async Capable": false,"Join Type": "Inner","Startup Cost": 0.42,"Total Cost": 88158.53,"Plan Rows": 2694,"Plan Width": 4,"Actual Startup Time": 0.538,"Actual Total Time": 941.693,"Actual Rows": 5758,"Actual Loops": 1,"Inner Unique": false,"Plans": [{"Node Type": "Seq Scan","Parent Relationship": "Outer","Parallel Aware": false,"Async Capable": false,"Relation Name": "part","Alias": "part","Startup Cost": 0.00,"Total Cost": 6597.00,"Plan Rows": 2020,"Plan Width": 4,"Actual Startup Time": 0.039,"Actual Total Time": 177.018,"Actual Rows": 2127,"Actual Loops": 1,"Filter": "((p_name)::text ~~ 'forest%'::text)","Rows Removed by Filter": 197873},{"Node Type": "Index Scan","Parent Relationship": "Inner","Parallel Aware": false,"Async Capable": false,"Scan Direction": "Forward","Index Name": "idx_partsupp_partkey","Relation Name": "partsupp","Alias": "partsupp","Startup Cost": 0.42,"Total Cost": 40.36,"Plan Rows": 1,"Plan Width": 8,"Actual Startup Time": 0.150,"Actual Total Time": 0.359,"Actual Rows": 3,"Actual Loops": 2127,"Index Cond": "(ps_partkey = part.p_partkey)","Rows Removed by Index Recheck": 0,"Filter": "((ps_availqty)::numeric > (SubPlan 1))","Rows Removed by Filter": 1,"Plans": [{"Node Type": "Aggregate","Strategy": "Plain","Partial Mode": "Simple","Parent Relationship": "SubPlan","Subplan Name": "SubPlan 1","Parallel Aware": false,"Async Capable": false,"Startup Cost": 8.46,"Total Cost": 8.47,"Plan Rows": 1,"Plan Width": 32,"Actual Startup Time": 0.082,"Actual Total Time": 0.082,"Actual Rows": 1,"Actual Loops": 8508,"Plans": [{"Node Type": "Index Scan","Parent Relationship": "Outer","Parallel Aware": false,"Async Capable": false,"Scan Direction": "Forward","Index Name": "idx_lineitem_part_supp","Relation Name": "lineitem","Alias": "lineitem","Startup Cost": 0.43,"Total Cost": 8.46,"Plan Rows": 0,"Plan Width": 5,"Actual Startup Time": 0.049,"Actual Total Time": 0.081,"Actual Rows": 1,"Actual Loops": 8508,"Index Cond": "((l_partkey = partsupp.ps_partkey) AND (l_suppkey = partsupp.ps_suppkey))","Rows Removed by Index Recheck": 0,"Filter": "((l_shipdate >= '1996-01-01'::date) AND (l_shipdate < '1997-01-01 00:00:00'::timestamp without time zone))","Rows Removed by Filter": 6}]}]}]}]}]}]},"Planning Time": 5.918,"Triggers": [],"Execution Time": 950.713}]
[{"Plan": {"Node Type": "Sort","Parallel Aware": false,"Async Capable": false,"Startup Cost": 88442.96,"Total Cost": 88443.23,"Plan Rows": 108,"Plan Width": 51,"Actual Startup Time": 893.128,"Actual Total Time": 893.172,"Actual Rows": 170,"Actual Loops": 1,"Sort Key": ["supplier.s_name"],"Sort Method": "quicksort","Sort Space Used": 40,"Sort Space Type": "Memory","Plans": [{"Node Type": "Hash Join","Parent Relationship": "Outer","Parallel Aware": false,"Async Capable": false,"Join Type": "Semi","Startup Cost": 88199.59,"Total Cost": 88439.31,"Plan Rows": 108,"Plan Width": 51,"Actual Startup Time": 888.672,"Actual Total Time": 892.657,"Actual Rows": 170,"Actual Loops": 1,"Inner Unique": false,"Hash Cond": "(supplier.s_suppkey = partsupp.ps_suppkey)","Plans": [{"Node Type": "Nested Loop","Parent Relationship": "Outer","Parallel Aware": false,"Async Capable": false,"Join Type": "Inner","Startup Cost": 7.38,"Total Cost": 244.58,"Plan Rows": 400,"Plan Width": 55,"Actual Startup Time": 0.290,"Actual Total Time": 4.192,"Actual Rows": 380,"Actual Loops": 1,"Inner Unique": false,"Plans": [{"Node Type": "Seq Scan","Parent Relationship": "Outer","Parallel Aware": false,"Async Capable": false,"Relation Name": "nation","Alias": "nation","Startup Cost": 0.00,"Total Cost": 1.31,"Plan Rows": 1,"Plan Width": 4,"Actual Startup Time": 0.063,"Actual Total Time": 0.084,"Actual Rows": 1,"Actual Loops": 1,"Filter": "(n_name = 'ETHIOPIA'::bpchar)","Rows Removed by Filter": 24},{"Node Type": "Bitmap Heap Scan","Parent Relationship": "Inner","Parallel Aware": false,"Async Capable": false,"Relation Name": "supplier","Alias": "supplier","Startup Cost": 7.38,"Total Cost": 239.27,"Plan Rows": 400,"Plan Width": 59,"Actual Startup Time": 0.222,"Actual Total Time": 4.050,"Actual Rows": 380,"Actual Loops": 1,"Recheck Cond": "(s_nationkey = nation.n_nationkey)","Rows Removed by Index Recheck": 0,"Exact Heap Blocks": 192,"Lossy Heap Blocks": 0,"Plans": [{"Node Type": "Bitmap Index Scan","Parent Relationship": "Outer","Parallel Aware": false,"Async Capable": false,"Index Name": "idx_supplier_nation_key","Startup Cost": 0.00,"Total Cost": 7.29,"Plan Rows": 400,"Plan Width": 0,"Actual Startup Time": 0.150,"Actual Total Time": 0.154,"Actual Rows": 380,"Actual Loops": 1,"Index Cond": "(s_nationkey = nation.n_nationkey)"}]}]},{"Node Type": "Hash","Parent Relationship": "Inner","Parallel Aware": false,"Async Capable": false,"Startup Cost": 88158.53,"Total Cost": 88158.53,"Plan Rows": 2694,"Plan Width": 4,"Actual Startup Time": 888.317,"Actual Total Time": 888.329,"Actual Rows": 5838,"Actual Loops": 1,"Hash Buckets": 8192,"Original Hash Buckets": 4096,"Hash Batches": 1,"Original Hash Batches": 1,"Peak Memory Usage": 270,"Plans": [{"Node Type": "Nested Loop","Parent Relationship": "Outer","Parallel Aware": false,"Async Capable": false,"Join Type": "Inner","Startup Cost": 0.42,"Total Cost": 88158.53,"Plan Rows": 2694,"Plan Width": 4,"Actual Startup Time": 0.739,"Actual Total Time": 883.673,"Actual Rows": 5838,"Actual Loops": 1,"Inner Unique": false,"Plans": [{"Node Type": "Seq Scan","Parent Relationship": "Outer","Parallel Aware": false,"Async Capable": false,"Relation Name": "part","Alias": "part","Startup Cost": 0.00,"Total Cost": 6597.00,"Plan Rows": 2020,"Plan Width": 4,"Actual Startup Time": 0.139,"Actual Total Time": 196.105,"Actual Rows": 2161,"Actual Loops": 1,"Filter": "((p_name)::text ~~ 'lime%'::text)","Rows Removed by Filter": 197839},{"Node Type": "Index Scan","Parent Relationship": "Inner","Parallel Aware": false,"Async Capable": false,"Scan Direction": "Forward","Index Name": "idx_partsupp_partkey","Relation Name": "partsupp","Alias": "partsupp","Startup Cost": 0.42,"Total Cost": 40.36,"Plan Rows": 1,"Plan Width": 8,"Actual Startup Time": 0.136,"Actual Total Time": 0.318,"Actual Rows": 3,"Actual Loops": 2161,"Index Cond": "(ps_partkey = part.p_partkey)","Rows Removed by Index Recheck": 0,"Filter": "((ps_availqty)::numeric > (SubPlan 1))","Rows Removed by Filter": 1,"Plans": [{"Node Type": "Aggregate","Strategy": "Plain","Partial Mode": "Simple","Parent Relationship": "SubPlan","Subplan Name": "SubPlan 1","Parallel Aware": false,"Async Capable": false,"Startup Cost": 8.46,"Total Cost": 8.47,"Plan Rows": 1,"Plan Width": 32,"Actual Startup Time": 0.071,"Actual Total Time": 0.071,"Actual Rows": 1,"Actual Loops": 8644,"Plans": [{"Node Type": "Index Scan","Parent Relationship": "Outer","Parallel Aware": false,"Async Capable": false,"Scan Direction": "Forward","Index Name": "idx_lineitem_part_supp","Relation Name": "lineitem","Alias": "lineitem","Startup Cost": 0.43,"Total Cost": 8.46,"Plan Rows": 0,"Plan Width": 5,"Actual Startup Time": 0.044,"Actual Total Time": 0.070,"Actual Rows": 1,"Actual Loops": 8644,"Index Cond": "((l_partkey = partsupp.ps_partkey) AND (l_suppkey = partsupp.ps_suppkey))","Rows Removed by Index Recheck": 0,"Filter": "((l_shipdate >= '1993-01-01'::date) AND (l_shipdate < '1994-01-01 00:00:00'::timestamp without time zone))","Rows Removed by Filter": 6}]}]}]}]}]}]},"Planning Time": 5.508,"Triggers": [],"Execution Time": 893.432}]
[{"Plan": {"Node Type": "Sort","Parallel Aware": false,"Async Capable": false,"Startup Cost": 88442.96,"Total Cost": 88443.23,"Plan Rows": 108,"Plan Width": 51,"Actual Startup Time": 988.176,"Actual Total Time": 988.213,"Actual Rows": 172,"Actual Loops": 1,"Sort Key": ["supplier.s_name"],"Sort Method": "quicksort","Sort Space Used": 41,"Sort Space Type": "Memory","Plans": [{"Node Type": "Hash Join","Parent Relationship": "Outer","Parallel Aware": false,"Async Capable": false,"Join Type": "Semi","Startup Cost": 88199.59,"Total Cost": 88439.31,"Plan Rows": 108,"Plan Width": 51,"Actual Startup Time": 983.616,"Actual Total Time": 987.864,"Actual Rows": 172,"Actual Loops": 1,"Inner Unique": false,"Hash Cond": "(supplier.s_suppkey = partsupp.ps_suppkey)","Plans": [{"Node Type": "Nested Loop","Parent Relationship": "Outer","Parallel Aware": false,"Async Capable": false,"Join Type": "Inner","Startup Cost": 7.38,"Total Cost": 244.58,"Plan Rows": 400,"Plan Width": 55,"Actual Startup Time": 0.313,"Actual Total Time": 4.441,"Actual Rows": 412,"Actual Loops": 1,"Inner Unique": false,"Plans": [{"Node Type": "Seq Scan","Parent Relationship": "Outer","Parallel Aware": false,"Async Capable": false,"Relation Name": "nation","Alias": "nation","Startup Cost": 0.00,"Total Cost": 1.31,"Plan Rows": 1,"Plan Width": 4,"Actual Startup Time": 0.074,"Actual Total Time": 0.090,"Actual Rows": 1,"Actual Loops": 1,"Filter": "(n_name = 'CANADA'::bpchar)","Rows Removed by Filter": 24},{"Node Type": "Bitmap Heap Scan","Parent Relationship": "Inner","Parallel Aware": false,"Async Capable": false,"Relation Name": "supplier","Alias": "supplier","Startup Cost": 7.38,"Total Cost": 239.27,"Plan Rows": 400,"Plan Width": 59,"Actual Startup Time": 0.229,"Actual Total Time": 4.268,"Actual Rows": 412,"Actual Loops": 1,"Recheck Cond": "(s_nationkey = nation.n_nationkey)","Rows Removed by Index Recheck": 0,"Exact Heap Blocks": 189,"Lossy Heap Blocks": 0,"Plans": [{"Node Type": "Bitmap Index Scan","Parent Relationship": "Outer","Parallel Aware": false,"Async Capable": false,"Index Name": "idx_supplier_nation_key","Startup Cost": 0.00,"Total Cost": 7.29,"Plan Rows": 400,"Plan Width": 0,"Actual Startup Time": 0.143,"Actual Total Time": 0.146,"Actual Rows": 412,"Actual Loops": 1,"Index Cond": "(s_nationkey = nation.n_nationkey)"}]}]},{"Node Type": "Hash","Parent Relationship": "Inner","Parallel Aware": false,"Async Capable": false,"Startup Cost": 88158.53,"Total Cost": 88158.53,"Plan Rows": 2694,"Plan Width": 4,"Actual Startup Time": 983.232,"Actual Total Time": 983.244,"Actual Rows": 5986,"Actual Loops": 1,"Hash Buckets": 8192,"Original Hash Buckets": 4096,"Hash Batches": 1,"Original Hash Batches": 1,"Peak Memory Usage": 275,"Plans": [{"Node Type": "Nested Loop","Parent Relationship": "Outer","Parallel Aware": false,"Async Capable": false,"Join Type": "Inner","Startup Cost": 0.42,"Total Cost": 88158.53,"Plan Rows": 2694,"Plan Width": 4,"Actual Startup Time": 1.066,"Actual Total Time": 978.591,"Actual Rows": 5986,"Actual Loops": 1,"Inner Unique": false,"Plans": [{"Node Type": "Seq Scan","Parent Relationship": "Outer","Parallel Aware": false,"Async Capable": false,"Relation Name": "part","Alias": "part","Startup Cost": 0.00,"Total Cost": 6597.00,"Plan Rows": 2020,"Plan Width": 4,"Actual Startup Time": 0.401,"Actual Total Time": 181.893,"Actual Rows": 2212,"Actual Loops": 1,"Filter": "((p_name)::text ~~ 'black%'::text)","Rows Removed by Filter": 197788},{"Node Type": "Index Scan","Parent Relationship": "Inner","Parallel Aware": false,"Async Capable": false,"Scan Direction": "Forward","Index Name": "idx_partsupp_partkey","Relation Name": "partsupp","Alias": "partsupp","Startup Cost": 0.42,"Total Cost": 40.36,"Plan Rows": 1,"Plan Width": 8,"Actual Startup Time": 0.152,"Actual Total Time": 0.360,"Actual Rows": 3,"Actual Loops": 2212,"Index Cond": "(ps_partkey = part.p_partkey)","Rows Removed by Index Recheck": 0,"Filter": "((ps_availqty)::numeric > (SubPlan 1))","Rows Removed by Filter": 1,"Plans": [{"Node Type": "Aggregate","Strategy": "Plain","Partial Mode": "Simple","Parent Relationship": "SubPlan","Subplan Name": "SubPlan 1","Parallel Aware": false,"Async Capable": false,"Startup Cost": 8.46,"Total Cost": 8.47,"Plan Rows": 1,"Plan Width": 32,"Actual Startup Time": 0.082,"Actual Total Time": 0.082,"Actual Rows": 1,"Actual Loops": 8848,"Plans": [{"Node Type": "Index Scan","Parent Relationship": "Outer","Parallel Aware": false,"Async Capable": false,"Scan Direction": "Forward","Index Name": "idx_lineitem_part_supp","Relation Name": "lineitem","Alias": "lineitem","Startup Cost": 0.43,"Total Cost": 8.46,"Plan Rows": 0,"Plan Width": 5,"Actual Startup Time": 0.050,"Actual Total Time": 0.081,"Actual Rows": 1,"Actual Loops": 8848,"Index Cond": "((l_partkey = partsupp.ps_partkey) AND (l_suppkey = partsupp.ps_suppkey))","Rows Removed by Index Recheck": 0,"Filter": "((l_shipdate >= '1993-01-01'::date) AND (l_shipdate < '1994-01-01 00:00:00'::timestamp without time zone))","Rows Removed by Filter": 6}]}]}]}]}]}]},"Planning Time": 6.582,"Triggers": [],"Execution Time": 988.510}]
[{"Plan": {"Node Type": "Sort","Parallel Aware": false,"Async Capable": false,"Startup Cost": 88442.96,"Total Cost": 88443.23,"Plan Rows": 108,"Plan Width": 51,"Actual Startup Time": 957.564,"Actual Total Time": 957.606,"Actual Rows": 171,"Actual Loops": 1,"Sort Key": ["supplier.s_name"],"Sort Method": "quicksort","Sort Space Used": 41,"Sort Space Type": "Memory","Plans": [{"Node Type": "Hash Join","Parent Relationship": "Outer","Parallel Aware": false,"Async Capable": false,"Join Type": "Semi","Startup Cost": 88199.59,"Total Cost": 88439.31,"Plan Rows": 108,"Plan Width": 51,"Actual Startup Time": 953.293,"Actual Total Time": 957.260,"Actual Rows": 171,"Actual Loops": 1,"Inner Unique": false,"Hash Cond": "(supplier.s_suppkey = partsupp.ps_suppkey)","Plans": [{"Node Type": "Nested Loop","Parent Relationship": "Outer","Parallel Aware": false,"Async Capable": false,"Join Type": "Inner","Startup Cost": 7.38,"Total Cost": 244.58,"Plan Rows": 400,"Plan Width": 55,"Actual Startup Time": 0.287,"Actual Total Time": 4.181,"Actual Rows": 412,"Actual Loops": 1,"Inner Unique": false,"Plans": [{"Node Type": "Seq Scan","Parent Relationship": "Outer","Parallel Aware": false,"Async Capable": false,"Relation Name": "nation","Alias": "nation","Startup Cost": 0.00,"Total Cost": 1.31,"Plan Rows": 1,"Plan Width": 4,"Actual Startup Time": 0.073,"Actual Total Time": 0.100,"Actual Rows": 1,"Actual Loops": 1,"Filter": "(n_name = 'CANADA'::bpchar)","Rows Removed by Filter": 24},{"Node Type": "Bitmap Heap Scan","Parent Relationship": "Inner","Parallel Aware": false,"Async Capable": false,"Relation Name": "supplier","Alias": "supplier","Startup Cost": 7.38,"Total Cost": 239.27,"Plan Rows": 400,"Plan Width": 59,"Actual Startup Time": 0.210,"Actual Total Time": 3.996,"Actual Rows": 412,"Actual Loops": 1,"Recheck Cond": "(s_nationkey = nation.n_nationkey)","Rows Removed by Index Recheck": 0,"Exact Heap Blocks": 189,"Lossy Heap Blocks": 0,"Plans": [{"Node Type": "Bitmap Index Scan","Parent Relationship": "Outer","Parallel Aware": false,"Async Capable": false,"Index Name": "idx_supplier_nation_key","Startup Cost": 0.00,"Total Cost": 7.29,"Plan Rows": 400,"Plan Width": 0,"Actual Startup Time": 0.139,"Actual Total Time": 0.146,"Actual Rows": 412,"Actual Loops": 1,"Index Cond": "(s_nationkey = nation.n_nationkey)"}]}]},{"Node Type": "Hash","Parent Relationship": "Inner","Parallel Aware": false,"Async Capable": false,"Startup Cost": 88158.53,"Total Cost": 88158.53,"Plan Rows": 2694,"Plan Width": 4,"Actual Startup Time": 952.910,"Actual Total Time": 952.922,"Actual Rows": 5842,"Actual Loops": 1,"Hash Buckets": 8192,"Original Hash Buckets": 4096,"Hash Batches": 1,"Original Hash Batches": 1,"Peak Memory Usage": 270,"Plans": [{"Node Type": "Nested Loop","Parent Relationship": "Outer","Parallel Aware": false,"Async Capable": false,"Join Type": "Inner","Startup Cost": 0.42,"Total Cost": 88158.53,"Plan Rows": 2694,"Plan Width": 4,"Actual Startup Time": 0.582,"Actual Total Time": 948.641,"Actual Rows": 5842,"Actual Loops": 1,"Inner Unique": false,"Plans": [{"Node Type": "Seq Scan","Parent Relationship": "Outer","Parallel Aware": false,"Async Capable": false,"Relation Name": "part","Alias": "part","Startup Cost": 0.00,"Total Cost": 6597.00,"Plan Rows": 2020,"Plan Width": 4,"Actual Startup Time": 0.058,"Actual Total Time": 178.062,"Actual Rows": 2146,"Actual Loops": 1,"Filter": "((p_name)::text ~~ 'chocolate%'::text)","Rows Removed by Filter": 197854},{"Node Type": "Index Scan","Parent Relationship": "Inner","Parallel Aware": false,"Async Capable": false,"Scan Direction": "Forward","Index Name": "idx_partsupp_partkey","Relation Name": "partsupp","Alias": "partsupp","Startup Cost": 0.42,"Total Cost": 40.36,"Plan Rows": 1,"Plan Width": 8,"Actual Startup Time": 0.150,"Actual Total Time": 0.359,"Actual Rows": 3,"Actual Loops": 2146,"Index Cond": "(ps_partkey = part.p_partkey)","Rows Removed by Index Recheck": 0,"Filter": "((ps_availqty)::numeric > (SubPlan 1))","Rows Removed by Filter": 1,"Plans": [{"Node Type": "Aggregate","Strategy": "Plain","Partial Mode": "Simple","Parent Relationship": "SubPlan","Subplan Name": "SubPlan 1","Parallel Aware": false,"Async Capable": false,"Startup Cost": 8.46,"Total Cost": 8.47,"Plan Rows": 1,"Plan Width": 32,"Actual Startup Time": 0.081,"Actual Total Time": 0.081,"Actual Rows": 1,"Actual Loops": 8584,"Plans": [{"Node Type": "Index Scan","Parent Relationship": "Outer","Parallel Aware": false,"Async Capable": false,"Scan Direction": "Forward","Index Name": "idx_lineitem_part_supp","Relation Name": "lineitem","Alias": "lineitem","Startup Cost": 0.43,"Total Cost": 8.46,"Plan Rows": 0,"Plan Width": 5,"Actual Startup Time": 0.049,"Actual Total Time": 0.081,"Actual Rows": 1,"Actual Loops": 8584,"Index Cond": "((l_partkey = partsupp.ps_partkey) AND (l_suppkey = partsupp.ps_suppkey))","Rows Removed by Index Recheck": 0,"Filter": "((l_shipdate >= '1996-01-01'::date) AND (l_shipdate < '1997-01-01 00:00:00'::timestamp without time zone))","Rows Removed by Filter": 6}]}]}]}]}]}]},"Planning Time": 6.102,"Triggers": [],"Execution Time": 957.905}]
[{"Plan": {"Node Type": "Sort","Parallel Aware": false,"Async Capable": false,"Startup Cost": 88442.96,"Total Cost": 88443.23,"Plan Rows": 108,"Plan Width": 51,"Actual Startup Time": 955.735,"Actual Total Time": 955.768,"Actual Rows": 188,"Actual Loops": 1,"Sort Key": ["supplier.s_name"],"Sort Method": "quicksort","Sort Space Used": 42,"Sort Space Type": "Memory","Plans": [{"Node Type": "Hash Join","Parent Relationship": "Outer","Parallel Aware": false,"Async Capable": false,"Join Type": "Semi","Startup Cost": 88199.59,"Total Cost": 88439.31,"Plan Rows": 108,"Plan Width": 51,"Actual Startup Time": 951.343,"Actual Total Time": 955.422,"Actual Rows": 188,"Actual Loops": 1,"Inner Unique": false,"Hash Cond": "(supplier.s_suppkey = partsupp.ps_suppkey)","Plans": [{"Node Type": "Nested Loop","Parent Relationship": "Outer","Parallel Aware": false,"Async Capable": false,"Join Type": "Inner","Startup Cost": 7.38,"Total Cost": 244.58,"Plan Rows": 400,"Plan Width": 55,"Actual Startup Time": 0.266,"Actual Total Time": 4.212,"Actual Rows": 420,"Actual Loops": 1,"Inner Unique": false,"Plans": [{"Node Type": "Seq Scan","Parent Relationship": "Outer","Parallel Aware": false,"Async Capable": false,"Relation Name": "nation","Alias": "nation","Startup Cost": 0.00,"Total Cost": 1.31,"Plan Rows": 1,"Plan Width": 4,"Actual Startup Time": 0.063,"Actual Total Time": 0.099,"Actual Rows": 1,"Actual Loops": 1,"Filter": "(n_name = 'ALGERIA'::bpchar)","Rows Removed by Filter": 24},{"Node Type": "Bitmap Heap Scan","Parent Relationship": "Inner","Parallel Aware": false,"Async Capable": false,"Relation Name": "supplier","Alias": "supplier","Startup Cost": 7.38,"Total Cost": 239.27,"Plan Rows": 400,"Plan Width": 59,"Actual Startup Time": 0.196,"Actual Total Time": 4.040,"Actual Rows": 420,"Actual Loops": 1,"Recheck Cond": "(s_nationkey = nation.n_nationkey)","Rows Removed by Index Recheck": 0,"Exact Heap Blocks": 197,"Lossy Heap Blocks": 0,"Plans": [{"Node Type": "Bitmap Index Scan","Parent Relationship": "Outer","Parallel Aware": false,"Async Capable": false,"Index Name": "idx_supplier_nation_key","Startup Cost": 0.00,"Total Cost": 7.29,"Plan Rows": 400,"Plan Width": 0,"Actual Startup Time": 0.143,"Actual Total Time": 0.148,"Actual Rows": 420,"Actual Loops": 1,"Index Cond": "(s_nationkey = nation.n_nationkey)"}]}]},{"Node Type": "Hash","Parent Relationship": "Inner","Parallel Aware": false,"Async Capable": false,"Startup Cost": 88158.53,"Total Cost": 88158.53,"Plan Rows": 2694,"Plan Width": 4,"Actual Startup Time": 951.019,"Actual Total Time": 951.027,"Actual Rows": 5787,"Actual Loops": 1,"Hash Buckets": 8192,"Original Hash Buckets": 4096,"Hash Batches": 1,"Original Hash Batches": 1,"Peak Memory Usage": 268,"Plans": [{"Node Type": "Nested Loop","Parent Relationship": "Outer","Parallel Aware": false,"Async Capable": false,"Join Type": "Inner","Startup Cost": 0.42,"Total Cost": 88158.53,"Plan Rows": 2694,"Plan Width": 4,"Actual Startup Time": 0.966,"Actual Total Time": 947.252,"Actual Rows": 5787,"Actual Loops": 1,"Inner Unique": false,"Plans": [{"Node Type": "Seq Scan","Parent Relationship": "Outer","Parallel Aware": false,"Async Capable": false,"Relation Name": "part","Alias": "part","Startup Cost": 0.00,"Total Cost": 6597.00,"Plan Rows": 2020,"Plan Width": 4,"Actual Startup Time": 0.044,"Actual Total Time": 177.839,"Actual Rows": 2146,"Actual Loops": 1,"Filter": "((p_name)::text ~~ 'chocolate%'::text)","Rows Removed by Filter": 197854},{"Node Type": "Index Scan","Parent Relationship": "Inner","Parallel Aware": false,"Async Capable": false,"Scan Direction": "Forward","Index Name": "idx_partsupp_partkey","Relation Name": "partsupp","Alias": "partsupp","Startup Cost": 0.42,"Total Cost": 40.36,"Plan Rows": 1,"Plan Width": 8,"Actual Startup Time": 0.151,"Actual Total Time": 0.358,"Actual Rows": 3,"Actual Loops": 2146,"Index Cond": "(ps_partkey = part.p_partkey)","Rows Removed by Index Recheck": 0,"Filter": "((ps_availqty)::numeric > (SubPlan 1))","Rows Removed by Filter": 1,"Plans": [{"Node Type": "Aggregate","Strategy": "Plain","Partial Mode": "Simple","Parent Relationship": "SubPlan","Subplan Name": "SubPlan 1","Parallel Aware": false,"Async Capable": false,"Startup Cost": 8.46,"Total Cost": 8.47,"Plan Rows": 1,"Plan Width": 32,"Actual Startup Time": 0.081,"Actual Total Time": 0.081,"Actual Rows": 1,"Actual Loops": 8584,"Plans": [{"Node Type": "Index Scan","Parent Relationship": "Outer","Parallel Aware": false,"Async Capable": false,"Scan Direction": "Forward","Index Name": "idx_lineitem_part_supp","Relation Name": "lineitem","Alias": "lineitem","Startup Cost": 0.43,"Total Cost": 8.46,"Plan Rows": 0,"Plan Width": 5,"Actual Startup Time": 0.049,"Actual Total Time": 0.081,"Actual Rows": 1,"Actual Loops": 8584,"Index Cond": "((l_partkey = partsupp.ps_partkey) AND (l_suppkey = partsupp.ps_suppkey))","Rows Removed by Index Recheck": 0,"Filter": "((l_shipdate >= '1997-01-01'::date) AND (l_shipdate < '1998-01-01 00:00:00'::timestamp without time zone))","Rows Removed by Filter": 6}]}]}]}]}]}]},"Planning Time": 5.552,"Triggers": [],"Execution Time": 956.017}]
[{"Plan": {"Node Type": "Sort","Parallel Aware": false,"Async Capable": false,"Startup Cost": 88442.96,"Total Cost": 88443.23,"Plan Rows": 108,"Plan Width": 51,"Actual Startup Time": 894.815,"Actual Total Time": 894.859,"Actual Rows": 189,"Actual Loops": 1,"Sort Key": ["supplier.s_name"],"Sort Method": "quicksort","Sort Space Used": 42,"Sort Space Type": "Memory","Plans": [{"Node Type": "Hash Join","Parent Relationship": "Outer","Parallel Aware": false,"Async Capable": false,"Join Type": "Semi","Startup Cost": 88199.59,"Total Cost": 88439.31,"Plan Rows": 108,"Plan Width": 51,"Actual Startup Time": 890.500,"Actual Total Time": 894.511,"Actual Rows": 189,"Actual Loops": 1,"Inner Unique": false,"Hash Cond": "(supplier.s_suppkey = partsupp.ps_suppkey)","Plans": [{"Node Type": "Nested Loop","Parent Relationship": "Outer","Parallel Aware": false,"Async Capable": false,"Join Type": "Inner","Startup Cost": 7.38,"Total Cost": 244.58,"Plan Rows": 400,"Plan Width": 55,"Actual Startup Time": 0.251,"Actual Total Time": 4.182,"Actual Rows": 411,"Actual Loops": 1,"Inner Unique": false,"Plans": [{"Node Type": "Seq Scan","Parent Relationship": "Outer","Parallel Aware": false,"Async Capable": false,"Relation Name": "nation","Alias": "nation","Startup Cost": 0.00,"Total Cost": 1.31,"Plan Rows": 1,"Plan Width": 4,"Actual Startup Time": 0.071,"Actual Total Time": 0.087,"Actual Rows": 1,"Actual Loops": 1,"Filter": "(n_name = 'SAUDI ARABIA'::bpchar)","Rows Removed by Filter": 24},{"Node Type": "Bitmap Heap Scan","Parent Relationship": "Inner","Parallel Aware": false,"Async Capable": false,"Relation Name": "supplier","Alias": "supplier","Startup Cost": 7.38,"Total Cost": 239.27,"Plan Rows": 400,"Plan Width": 59,"Actual Startup Time": 0.176,"Actual Total Time": 4.022,"Actual Rows": 411,"Actual Loops": 1,"Recheck Cond": "(s_nationkey = nation.n_nationkey)","Rows Removed by Index Recheck": 0,"Exact Heap Blocks": 182,"Lossy Heap Blocks": 0,"Plans": [{"Node Type": "Bitmap Index Scan","Parent Relationship": "Outer","Parallel Aware": false,"Async Capable": false,"Index Name": "idx_supplier_nation_key","Startup Cost": 0.00,"Total Cost": 7.29,"Plan Rows": 400,"Plan Width": 0,"Actual Startup Time": 0.132,"Actual Total Time": 0.136,"Actual Rows": 411,"Actual Loops": 1,"Index Cond": "(s_nationkey = nation.n_nationkey)"}]}]},{"Node Type": "Hash","Parent Relationship": "Inner","Parallel Aware": false,"Async Capable": false,"Startup Cost": 88158.53,"Total Cost": 88158.53,"Plan Rows": 2694,"Plan Width": 4,"Actual Startup Time": 890.173,"Actual Total Time": 890.181,"Actual Rows": 5946,"Actual Loops": 1,"Hash Buckets": 8192,"Original Hash Buckets": 4096,"Hash Batches": 1,"Original Hash Batches": 1,"Peak Memory Usage": 274,"Plans": [{"Node Type": "Nested Loop","Parent Relationship": "Outer","Parallel Aware": false,"Async Capable": false,"Join Type": "Inner","Startup Cost": 0.42,"Total Cost": 88158.53,"Plan Rows": 2694,"Plan Width": 4,"Actual Startup Time": 0.716,"Actual Total Time": 885.533,"Actual Rows": 5946,"Actual Loops": 1,"Inner Unique": false,"Plans": [{"Node Type": "Seq Scan","Parent Relationship": "Outer","Parallel Aware": false,"Async Capable": false,"Relation Name": "part","Alias": "part","Startup Cost": 0.00,"Total Cost": 6597.00,"Plan Rows": 2020,"Plan Width": 4,"Actual Startup Time": 0.129,"Actual Total Time": 194.158,"Actual Rows": 2161,"Actual Loops": 1,"Filter": "((p_name)::text ~~ 'lime%'::text)","Rows Removed by Filter": 197839},{"Node Type": "Index Scan","Parent Relationship": "Inner","Parallel Aware": false,"Async Capable": false,"Scan Direction": "Forward","Index Name": "idx_partsupp_partkey","Relation Name": "partsupp","Alias": "partsupp","Startup Cost": 0.42,"Total Cost": 40.36,"Plan Rows": 1,"Plan Width": 8,"Actual Startup Time": 0.135,"Actual Total Time": 0.319,"Actual Rows": 3,"Actual Loops": 2161,"Index Cond": "(ps_partkey = part.p_partkey)","Rows Removed by Index Recheck": 0,"Filter": "((ps_availqty)::numeric > (SubPlan 1))","Rows Removed by Filter": 1,"Plans": [{"Node Type": "Aggregate","Strategy": "Plain","Partial Mode": "Simple","Parent Relationship": "SubPlan","Subplan Name": "SubPlan 1","Parallel Aware": false,"Async Capable": false,"Startup Cost": 8.46,"Total Cost": 8.47,"Plan Rows": 1,"Plan Width": 32,"Actual Startup Time": 0.072,"Actual Total Time": 0.072,"Actual Rows": 1,"Actual Loops": 8644,"Plans": [{"Node Type": "Index Scan","Parent Relationship": "Outer","Parallel Aware": false,"Async Capable": false,"Scan Direction": "Forward","Index Name": "idx_lineitem_part_supp","Relation Name": "lineitem","Alias": "lineitem","Startup Cost": 0.43,"Total Cost": 8.46,"Plan Rows": 0,"Plan Width": 5,"Actual Startup Time": 0.043,"Actual Total Time": 0.071,"Actual Rows": 1,"Actual Loops": 8644,"Index Cond": "((l_partkey = partsupp.ps_partkey) AND (l_suppkey = partsupp.ps_suppkey))","Rows Removed by Index Recheck": 0,"Filter": "((l_shipdate >= '1995-01-01'::date) AND (l_shipdate < '1996-01-01 00:00:00'::timestamp without time zone))","Rows Removed by Filter": 6}]}]}]}]}]}]},"Planning Time": 6.273,"Triggers": [],"Execution Time": 895.114}]
[{"Plan": {"Node Type": "Sort","Parallel Aware": false,"Async Capable": false,"Startup Cost": 88442.96,"Total Cost": 88443.23,"Plan Rows": 108,"Plan Width": 51,"Actual Startup Time": 972.002,"Actual Total Time": 972.027,"Actual Rows": 179,"Actual Loops": 1,"Sort Key": ["supplier.s_name"],"Sort Method": "quicksort","Sort Space Used": 41,"Sort Space Type": "Memory","Plans": [{"Node Type": "Hash Join","Parent Relationship": "Outer","Parallel Aware": false,"Async Capable": false,"Join Type": "Semi","Startup Cost": 88199.59,"Total Cost": 88439.31,"Plan Rows": 108,"Plan Width": 51,"Actual Startup Time": 967.362,"Actual Total Time": 971.687,"Actual Rows": 179,"Actual Loops": 1,"Inner Unique": false,"Hash Cond": "(supplier.s_suppkey = partsupp.ps_suppkey)","Plans": [{"Node Type": "Nested Loop","Parent Relationship": "Outer","Parallel Aware": false,"Async Capable": false,"Join Type": "Inner","Startup Cost": 7.38,"Total Cost": 244.58,"Plan Rows": 400,"Plan Width": 55,"Actual Startup Time": 0.239,"Actual Total Time": 4.465,"Actual Rows": 420,"Actual Loops": 1,"Inner Unique": false,"Plans": [{"Node Type": "Seq Scan","Parent Relationship": "Outer","Parallel Aware": false,"Async Capable": false,"Relation Name": "nation","Alias": "nation","Startup Cost": 0.00,"Total Cost": 1.31,"Plan Rows": 1,"Plan Width": 4,"Actual Startup Time": 0.061,"Actual Total Time": 0.091,"Actual Rows": 1,"Actual Loops": 1,"Filter": "(n_name = 'ALGERIA'::bpchar)","Rows Removed by Filter": 24},{"Node Type": "Bitmap Heap Scan","Parent Relationship": "Inner","Parallel Aware": false,"Async Capable": false,"Relation Name": "supplier","Alias": "supplier","Startup Cost": 7.38,"Total Cost": 239.27,"Plan Rows": 400,"Plan Width": 59,"Actual Startup Time": 0.172,"Actual Total Time": 4.303,"Actual Rows": 420,"Actual Loops": 1,"Recheck Cond": "(s_nationkey = nation.n_nationkey)","Rows Removed by Index Recheck": 0,"Exact Heap Blocks": 197,"Lossy Heap Blocks": 0,"Plans": [{"Node Type": "Bitmap Index Scan","Parent Relationship": "Outer","Parallel Aware": false,"Async Capable": false,"Index Name": "idx_supplier_nation_key","Startup Cost": 0.00,"Total Cost": 7.29,"Plan Rows": 400,"Plan Width": 0,"Actual Startup Time": 0.105,"Actual Total Time": 0.108,"Actual Rows": 420,"Actual Loops": 1,"Index Cond": "(s_nationkey = nation.n_nationkey)"}]}]},{"Node Type": "Hash","Parent Relationship": "Inner","Parallel Aware": false,"Async Capable": false,"Startup Cost": 88158.53,"Total Cost": 88158.53,"Plan Rows": 2694,"Plan Width": 4,"Actual Startup Time": 967.031,"Actual Total Time": 967.037,"Actual Rows": 5894,"Actual Loops": 1,"Hash Buckets": 8192,"Original Hash Buckets": 4096,"Hash Batches": 1,"Original Hash Batches": 1,"Peak Memory Usage": 272,"Plans": [{"Node Type": "Nested Loop","Parent Relationship": "Outer","Parallel Aware": false,"Async Capable": false,"Join Type": "Inner","Startup Cost": 0.42,"Total Cost": 88158.53,"Plan Rows": 2694,"Plan Width": 4,"Actual Startup Time": 0.899,"Actual Total Time": 962.717,"Actual Rows": 5894,"Actual Loops": 1,"Inner Unique": false,"Plans": [{"Node Type": "Seq Scan","Parent Relationship": "Outer","Parallel Aware": false,"Async Capable": false,"Relation Name": "part","Alias": "part","Startup Cost": 0.00,"Total Cost": 6597.00,"Plan Rows": 2020,"Plan Width": 4,"Actual Startup Time": 0.367,"Actual Total Time": 180.682,"Actual Rows": 2155,"Actual Loops": 1,"Filter": "((p_name)::text ~~ 'lavender%'::text)","Rows Removed by Filter": 197845},{"Node Type": "Index Scan","Parent Relationship": "Inner","Parallel Aware": false,"Async Capable": false,"Scan Direction": "Forward","Index Name": "idx_partsupp_partkey","Relation Name": "partsupp","Alias": "partsupp","Startup Cost": 0.42,"Total Cost": 40.36,"Plan Rows": 1,"Plan Width": 8,"Actual Startup Time": 0.149,"Actual Total Time": 0.362,"Actual Rows": 3,"Actual Loops": 2155,"Index Cond": "(ps_partkey = part.p_partkey)","Rows Removed by Index Recheck": 0,"Filter": "((ps_availqty)::numeric > (SubPlan 1))","Rows Removed by Filter": 1,"Plans": [{"Node Type": "Aggregate","Strategy": "Plain","Partial Mode": "Simple","Parent Relationship": "SubPlan","Subplan Name": "SubPlan 1","Parallel Aware": false,"Async Capable": false,"Startup Cost": 8.46,"Total Cost": 8.47,"Plan Rows": 1,"Plan Width": 32,"Actual Startup Time": 0.082,"Actual Total Time": 0.082,"Actual Rows": 1,"Actual Loops": 8620,"Plans": [{"Node Type": "Index Scan","Parent Relationship": "Outer","Parallel Aware": false,"Async Capable": false,"Scan Direction": "Forward","Index Name": "idx_lineitem_part_supp","Relation Name": "lineitem","Alias": "lineitem","Startup Cost": 0.43,"Total Cost": 8.46,"Plan Rows": 0,"Plan Width": 5,"Actual Startup Time": 0.050,"Actual Total Time": 0.082,"Actual Rows": 1,"Actual Loops": 8620,"Index Cond": "((l_partkey = partsupp.ps_partkey) AND (l_suppkey = partsupp.ps_suppkey))","Rows Removed by Index Recheck": 0,"Filter": "((l_shipdate >= '1996-01-01'::date) AND (l_shipdate < '1997-01-01 00:00:00'::timestamp without time zone))","Rows Removed by Filter": 6}]}]}]}]}]}]},"Planning Time": 7.408,"Triggers": [],"Execution Time": 972.271}]
[{"Plan": {"Node Type": "Sort","Parallel Aware": false,"Async Capable": false,"Startup Cost": 88442.96,"Total Cost": 88443.23,"Plan Rows": 108,"Plan Width": 51,"Actual Startup Time": 909.302,"Actual Total Time": 909.339,"Actual Rows": 179,"Actual Loops": 1,"Sort Key": ["supplier.s_name"],"Sort Method": "quicksort","Sort Space Used": 41,"Sort Space Type": "Memory","Plans": [{"Node Type": "Hash Join","Parent Relationship": "Outer","Parallel Aware": false,"Async Capable": false,"Join Type": "Semi","Startup Cost": 88199.59,"Total Cost": 88439.31,"Plan Rows": 108,"Plan Width": 51,"Actual Startup Time": 904.991,"Actual Total Time": 908.823,"Actual Rows": 179,"Actual Loops": 1,"Inner Unique": false,"Hash Cond": "(supplier.s_suppkey = partsupp.ps_suppkey)","Plans": [{"Node Type": "Nested Loop","Parent Relationship": "Outer","Parallel Aware": false,"Async Capable": false,"Join Type": "Inner","Startup Cost": 7.38,"Total Cost": 244.58,"Plan Rows": 400,"Plan Width": 55,"Actual Startup Time": 0.227,"Actual Total Time": 4.010,"Actual Rows": 398,"Actual Loops": 1,"Inner Unique": false,"Plans": [{"Node Type": "Seq Scan","Parent Relationship": "Outer","Parallel Aware": false,"Async Capable": false,"Relation Name": "nation","Alias": "nation","Startup Cost": 0.00,"Total Cost": 1.31,"Plan Rows": 1,"Plan Width": 4,"Actual Startup Time": 0.070,"Actual Total Time": 0.095,"Actual Rows": 1,"Actual Loops": 1,"Filter": "(n_name = 'ROMANIA'::bpchar)","Rows Removed by Filter": 24},{"Node Type": "Bitmap Heap Scan","Parent Relationship": "Inner","Parallel Aware": false,"Async Capable": false,"Relation Name": "supplier","Alias": "supplier","Startup Cost": 7.38,"Total Cost": 239.27,"Plan Rows": 400,"Plan Width": 59,"Actual Startup Time": 0.154,"Actual Total Time": 3.846,"Actual Rows": 398,"Actual Loops": 1,"Recheck Cond": "(s_nationkey = nation.n_nationkey)","Rows Removed by Index Recheck": 0,"Exact Heap Blocks": 186,"Lossy Heap Blocks": 0,"Plans": [{"Node Type": "Bitmap Index Scan","Parent Relationship": "Outer","Parallel Aware": false,"Async Capable": false,"Index Name": "idx_supplier_nation_key","Startup Cost": 0.00,"Total Cost": 7.29,"Plan Rows": 400,"Plan Width": 0,"Actual Startup Time": 0.089,"Actual Total Time": 0.094,"Actual Rows": 398,"Actual Loops": 1,"Index Cond": "(s_nationkey = nation.n_nationkey)"}]}]},{"Node Type": "Hash","Parent Relationship": "Inner","Parallel Aware": false,"Async Capable": false,"Startup Cost": 88158.53,"Total Cost": 88158.53,"Plan Rows": 2694,"Plan Width": 4,"Actual Startup Time": 904.662,"Actual Total Time": 904.669,"Actual Rows": 6042,"Actual Loops": 1,"Hash Buckets": 8192,"Original Hash Buckets": 4096,"Hash Batches": 1,"Original Hash Batches": 1,"Peak Memory Usage": 277,"Plans": [{"Node Type": "Nested Loop","Parent Relationship": "Outer","Parallel Aware": false,"Async Capable": false,"Join Type": "Inner","Startup Cost": 0.42,"Total Cost": 88158.53,"Plan Rows": 2694,"Plan Width": 4,"Actual Startup Time": 0.642,"Actual Total Time": 899.734,"Actual Rows": 6042,"Actual Loops": 1,"Inner Unique": false,"Plans": [{"Node Type": "Seq Scan","Parent Relationship": "Outer","Parallel Aware": false,"Async Capable": false,"Relation Name": "part","Alias": "part","Startup Cost": 0.00,"Total Cost": 6597.00,"Plan Rows": 2020,"Plan Width": 4,"Actual Startup Time": 0.182,"Actual Total Time": 197.036,"Actual Rows": 2234,"Actual Loops": 1,"Filter": "((p_name)::text ~~ 'cyan%'::text)","Rows Removed by Filter": 197766},{"Node Type": "Index Scan","Parent Relationship": "Inner","Parallel Aware": false,"Async Capable": false,"Scan Direction": "Forward","Index Name": "idx_partsupp_partkey","Relation Name": "partsupp","Alias": "partsupp","Startup Cost": 0.42,"Total Cost": 40.36,"Plan Rows": 1,"Plan Width": 8,"Actual Startup Time": 0.137,"Actual Total Time": 0.314,"Actual Rows": 3,"Actual Loops": 2234,"Index Cond": "(ps_partkey = part.p_partkey)","Rows Removed by Index Recheck": 0,"Filter": "((ps_availqty)::numeric > (SubPlan 1))","Rows Removed by Filter": 1,"Plans": [{"Node Type": "Aggregate","Strategy": "Plain","Partial Mode": "Simple","Parent Relationship": "SubPlan","Subplan Name": "SubPlan 1","Parallel Aware": false,"Async Capable": false,"Startup Cost": 8.46,"Total Cost": 8.47,"Plan Rows": 1,"Plan Width": 32,"Actual Startup Time": 0.070,"Actual Total Time": 0.070,"Actual Rows": 1,"Actual Loops": 8936,"Plans": [{"Node Type": "Index Scan","Parent Relationship": "Outer","Parallel Aware": false,"Async Capable": false,"Scan Direction": "Forward","Index Name": "idx_lineitem_part_supp","Relation Name": "lineitem","Alias": "lineitem","Startup Cost": 0.43,"Total Cost": 8.46,"Plan Rows": 0,"Plan Width": 5,"Actual Startup Time": 0.043,"Actual Total Time": 0.070,"Actual Rows": 1,"Actual Loops": 8936,"Index Cond": "((l_partkey = partsupp.ps_partkey) AND (l_suppkey = partsupp.ps_suppkey))","Rows Removed by Index Recheck": 0,"Filter": "((l_shipdate >= '1997-01-01'::date) AND (l_shipdate < '1998-01-01 00:00:00'::timestamp without time zone))","Rows Removed by Filter": 6}]}]}]}]}]}]},"Planning Time": 7.441,"Triggers": [],"Execution Time": 909.584}]
[{"Plan": {"Node Type": "Sort","Parallel Aware": false,"Async Capable": false,"Startup Cost": 88442.96,"Total Cost": 88443.23,"Plan Rows": 108,"Plan Width": 51,"Actual Startup Time": 922.344,"Actual Total Time": 922.384,"Actual Rows": 169,"Actual Loops": 1,"Sort Key": ["supplier.s_name"],"Sort Method": "quicksort","Sort Space Used": 40,"Sort Space Type": "Memory","Plans": [{"Node Type": "Hash Join","Parent Relationship": "Outer","Parallel Aware": false,"Async Capable": false,"Join Type": "Semi","Startup Cost": 88199.59,"Total Cost": 88439.31,"Plan Rows": 108,"Plan Width": 51,"Actual Startup Time": 918.074,"Actual Total Time": 921.928,"Actual Rows": 169,"Actual Loops": 1,"Inner Unique": false,"Hash Cond": "(supplier.s_suppkey = partsupp.ps_suppkey)","Plans": [{"Node Type": "Nested Loop","Parent Relationship": "Outer","Parallel Aware": false,"Async Capable": false,"Join Type": "Inner","Startup Cost": 7.38,"Total Cost": 244.58,"Plan Rows": 400,"Plan Width": 55,"Actual Startup Time": 0.200,"Actual Total Time": 3.959,"Actual Rows": 397,"Actual Loops": 1,"Inner Unique": false,"Plans": [{"Node Type": "Seq Scan","Parent Relationship": "Outer","Parallel Aware": false,"Async Capable": false,"Relation Name": "nation","Alias": "nation","Startup Cost": 0.00,"Total Cost": 1.31,"Plan Rows": 1,"Plan Width": 4,"Actual Startup Time": 0.035,"Actual Total Time": 0.057,"Actual Rows": 1,"Actual Loops": 1,"Filter": "(n_name = 'BRAZIL'::bpchar)","Rows Removed by Filter": 24},{"Node Type": "Bitmap Heap Scan","Parent Relationship": "Inner","Parallel Aware": false,"Async Capable": false,"Relation Name": "supplier","Alias": "supplier","Startup Cost": 7.38,"Total Cost": 239.27,"Plan Rows": 400,"Plan Width": 59,"Actual Startup Time": 0.157,"Actual Total Time": 3.834,"Actual Rows": 397,"Actual Loops": 1,"Recheck Cond": "(s_nationkey = nation.n_nationkey)","Rows Removed by Index Recheck": 0,"Exact Heap Blocks": 187,"Lossy Heap Blocks": 0,"Plans": [{"Node Type": "Bitmap Index Scan","Parent Relationship": "Outer","Parallel Aware": false,"Async Capable": false,"Index Name": "idx_supplier_nation_key","Startup Cost": 0.00,"Total Cost": 7.29,"Plan Rows": 400,"Plan Width": 0,"Actual Startup Time": 0.112,"Actual Total Time": 0.116,"Actual Rows": 397,"Actual Loops": 1,"Index Cond": "(s_nationkey = nation.n_nationkey)"}]}]},{"Node Type": "Hash","Parent Relationship": "Inner","Parallel Aware": false,"Async Capable": false,"Startup Cost": 88158.53,"Total Cost": 88158.53,"Plan Rows": 2694,"Plan Width": 4,"Actual Startup Time": 917.776,"Actual Total Time": 917.788,"Actual Rows": 6015,"Actual Loops": 1,"Hash Buckets": 8192,"Original Hash Buckets": 4096,"Hash Batches": 1,"Original Hash Batches": 1,"Peak Memory Usage": 276,"Plans": [{"Node Type": "Nested Loop","Parent Relationship": "Outer","Parallel Aware": false,"Async Capable": false,"Join Type": "Inner","Startup Cost": 0.42,"Total Cost": 88158.53,"Plan Rows": 2694,"Plan Width": 4,"Actual Startup Time": 1.025,"Actual Total Time": 913.470,"Actual Rows": 6015,"Actual Loops": 1,"Inner Unique": false,"Plans": [{"Node Type": "Seq Scan","Parent Relationship": "Outer","Parallel Aware": false,"Async Capable": false,"Relation Name": "part","Alias": "part","Startup Cost": 0.00,"Total Cost": 6597.00,"Plan Rows": 2020,"Plan Width": 4,"Actual Startup Time": 0.205,"Actual Total Time": 202.589,"Actual Rows": 2216,"Actual Loops": 1,"Filter": "((p_name)::text ~~ 'chartreuse%'::text)","Rows Removed by Filter": 197784},{"Node Type": "Index Scan","Parent Relationship": "Inner","Parallel Aware": false,"Async Capable": false,"Scan Direction": "Forward","Index Name": "idx_partsupp_partkey","Relation Name": "partsupp","Alias": "partsupp","Startup Cost": 0.42,"Total Cost": 40.36,"Plan Rows": 1,"Plan Width": 8,"Actual Startup Time": 0.136,"Actual Total Time": 0.320,"Actual Rows": 3,"Actual Loops": 2216,"Index Cond": "(ps_partkey = part.p_partkey)","Rows Removed by Index Recheck": 0,"Filter": "((ps_availqty)::numeric > (SubPlan 1))","Rows Removed by Filter": 1,"Plans": [{"Node Type": "Aggregate","Strategy": "Plain","Partial Mode": "Simple","Parent Relationship": "SubPlan","Subplan Name": "SubPlan 1","Parallel Aware": false,"Async Capable": false,"Startup Cost": 8.46,"Total Cost": 8.47,"Plan Rows": 1,"Plan Width": 32,"Actual Startup Time": 0.072,"Actual Total Time": 0.072,"Actual Rows": 1,"Actual Loops": 8864,"Plans": [{"Node Type": "Index Scan","Parent Relationship": "Outer","Parallel Aware": false,"Async Capable": false,"Scan Direction": "Forward","Index Name": "idx_lineitem_part_supp","Relation Name": "lineitem","Alias": "lineitem","Startup Cost": 0.43,"Total Cost": 8.46,"Plan Rows": 0,"Plan Width": 5,"Actual Startup Time": 0.044,"Actual Total Time": 0.071,"Actual Rows": 1,"Actual Loops": 8864,"Index Cond": "((l_partkey = partsupp.ps_partkey) AND (l_suppkey = partsupp.ps_suppkey))","Rows Removed by Index Recheck": 0,"Filter": "((l_shipdate >= '1997-01-01'::date) AND (l_shipdate < '1998-01-01 00:00:00'::timestamp without time zone))","Rows Removed by Filter": 6}]}]}]}]}]}]},"Planning Time": 7.228,"Triggers": [],"Execution Time": 922.619}]
[{"Plan": {"Node Type": "Sort","Parallel Aware": false,"Async Capable": false,"Startup Cost": 88442.96,"Total Cost": 88443.23,"Plan Rows": 108,"Plan Width": 51,"Actual Startup Time": 977.743,"Actual Total Time": 977.781,"Actual Rows": 188,"Actual Loops": 1,"Sort Key": ["supplier.s_name"],"Sort Method": "quicksort","Sort Space Used": 42,"Sort Space Type": "Memory","Plans": [{"Node Type": "Hash Join","Parent Relationship": "Outer","Parallel Aware": false,"Async Capable": false,"Join Type": "Semi","Startup Cost": 88199.59,"Total Cost": 88439.31,"Plan Rows": 108,"Plan Width": 51,"Actual Startup Time": 973.364,"Actual Total Time": 977.403,"Actual Rows": 188,"Actual Loops": 1,"Inner Unique": false,"Hash Cond": "(supplier.s_suppkey = partsupp.ps_suppkey)","Plans": [{"Node Type": "Nested Loop","Parent Relationship": "Outer","Parallel Aware": false,"Async Capable": false,"Join Type": "Inner","Startup Cost": 7.38,"Total Cost": 244.58,"Plan Rows": 400,"Plan Width": 55,"Actual Startup Time": 0.269,"Actual Total Time": 4.243,"Actual Rows": 396,"Actual Loops": 1,"Inner Unique": false,"Plans": [{"Node Type": "Seq Scan","Parent Relationship": "Outer","Parallel Aware": false,"Async Capable": false,"Relation Name": "nation","Alias": "nation","Startup Cost": 0.00,"Total Cost": 1.31,"Plan Rows": 1,"Plan Width": 4,"Actual Startup Time": 0.078,"Actual Total Time": 0.111,"Actual Rows": 1,"Actual Loops": 1,"Filter": "(n_name = 'GERMANY'::bpchar)","Rows Removed by Filter": 24},{"Node Type": "Bitmap Heap Scan","Parent Relationship": "Inner","Parallel Aware": false,"Async Capable": false,"Relation Name": "supplier","Alias": "supplier","Startup Cost": 7.38,"Total Cost": 239.27,"Plan Rows": 400,"Plan Width": 59,"Actual Startup Time": 0.187,"Actual Total Time": 4.065,"Actual Rows": 396,"Actual Loops": 1,"Recheck Cond": "(s_nationkey = nation.n_nationkey)","Rows Removed by Index Recheck": 0,"Exact Heap Blocks": 191,"Lossy Heap Blocks": 0,"Plans": [{"Node Type": "Bitmap Index Scan","Parent Relationship": "Outer","Parallel Aware": false,"Async Capable": false,"Index Name": "idx_supplier_nation_key","Startup Cost": 0.00,"Total Cost": 7.29,"Plan Rows": 400,"Plan Width": 0,"Actual Startup Time": 0.113,"Actual Total Time": 0.116,"Actual Rows": 396,"Actual Loops": 1,"Index Cond": "(s_nationkey = nation.n_nationkey)"}]}]},{"Node Type": "Hash","Parent Relationship": "Inner","Parallel Aware": false,"Async Capable": false,"Startup Cost": 88158.53,"Total Cost": 88158.53,"Plan Rows": 2694,"Plan Width": 4,"Actual Startup Time": 972.994,"Actual Total Time": 973.002,"Actual Rows": 6008,"Actual Loops": 1,"Hash Buckets": 8192,"Original Hash Buckets": 4096,"Hash Batches": 1,"Original Hash Batches": 1,"Peak Memory Usage": 276,"Plans": [{"Node Type": "Nested Loop","Parent Relationship": "Outer","Parallel Aware": false,"Async Capable": false,"Join Type": "Inner","Startup Cost": 0.42,"Total Cost": 88158.53,"Plan Rows": 2694,"Plan Width": 4,"Actual Startup Time": 0.825,"Actual Total Time": 968.334,"Actual Rows": 6008,"Actual Loops": 1,"Inner Unique": false,"Plans": [{"Node Type": "Seq Scan","Parent Relationship": "Outer","Parallel Aware": false,"Async Capable": false,"Relation Name": "part","Alias": "part","Startup Cost": 0.00,"Total Cost": 6597.00,"Plan Rows": 2020,"Plan Width": 4,"Actual Startup Time": 0.165,"Actual Total Time": 180.465,"Actual Rows": 2183,"Actual Loops": 1,"Filter": "((p_name)::text ~~ 'papaya%'::text)","Rows Removed by Filter": 197817},{"Node Type": "Index Scan","Parent Relationship": "Inner","Parallel Aware": false,"Async Capable": false,"Scan Direction": "Forward","Index Name": "idx_partsupp_partkey","Relation Name": "partsupp","Alias": "partsupp","Startup Cost": 0.42,"Total Cost": 40.36,"Plan Rows": 1,"Plan Width": 8,"Actual Startup Time": 0.148,"Actual Total Time": 0.360,"Actual Rows": 3,"Actual Loops": 2183,"Index Cond": "(ps_partkey = part.p_partkey)","Rows Removed by Index Recheck": 0,"Filter": "((ps_availqty)::numeric > (SubPlan 1))","Rows Removed by Filter": 1,"Plans": [{"Node Type": "Aggregate","Strategy": "Plain","Partial Mode": "Simple","Parent Relationship": "SubPlan","Subplan Name": "SubPlan 1","Parallel Aware": false,"Async Capable": false,"Startup Cost": 8.46,"Total Cost": 8.47,"Plan Rows": 1,"Plan Width": 32,"Actual Startup Time": 0.082,"Actual Total Time": 0.082,"Actual Rows": 1,"Actual Loops": 8732,"Plans": [{"Node Type": "Index Scan","Parent Relationship": "Outer","Parallel Aware": false,"Async Capable": false,"Scan Direction": "Forward","Index Name": "idx_lineitem_part_supp","Relation Name": "lineitem","Alias": "lineitem","Startup Cost": 0.43,"Total Cost": 8.46,"Plan Rows": 0,"Plan Width": 5,"Actual Startup Time": 0.050,"Actual Total Time": 0.081,"Actual Rows": 1,"Actual Loops": 8732,"Index Cond": "((l_partkey = partsupp.ps_partkey) AND (l_suppkey = partsupp.ps_suppkey))","Rows Removed by Index Recheck": 0,"Filter": "((l_shipdate >= '1996-01-01'::date) AND (l_shipdate < '1997-01-01 00:00:00'::timestamp without time zone))","Rows Removed by Filter": 6}]}]}]}]}]}]},"Planning Time": 6.545,"Triggers": [],"Execution Time": 978.029}]
[{"Plan": {"Node Type": "Sort","Parallel Aware": false,"Async Capable": false,"Startup Cost": 88442.96,"Total Cost": 88443.23,"Plan Rows": 108,"Plan Width": 51,"Actual Startup Time": 886.993,"Actual Total Time": 887.024,"Actual Rows": 184,"Actual Loops": 1,"Sort Key": ["supplier.s_name"],"Sort Method": "quicksort","Sort Space Used": 42,"Sort Space Type": "Memory","Plans": [{"Node Type": "Hash Join","Parent Relationship": "Outer","Parallel Aware": false,"Async Capable": false,"Join Type": "Semi","Startup Cost": 88199.59,"Total Cost": 88439.31,"Plan Rows": 108,"Plan Width": 51,"Actual Startup Time": 882.741,"Actual Total Time": 886.497,"Actual Rows": 184,"Actual Loops": 1,"Inner Unique": false,"Hash Cond": "(supplier.s_suppkey = partsupp.ps_suppkey)","Plans": [{"Node Type": "Nested Loop","Parent Relationship": "Outer","Parallel Aware": false,"Async Capable": false,"Join Type": "Inner","Startup Cost": 7.38,"Total Cost": 244.58,"Plan Rows": 400,"Plan Width": 55,"Actual Startup Time": 0.263,"Actual Total Time": 3.890,"Actual Rows": 406,"Actual Loops": 1,"Inner Unique": false,"Plans": [{"Node Type": "Seq Scan","Parent Relationship": "Outer","Parallel Aware": false,"Async Capable": false,"Relation Name": "nation","Alias": "nation","Startup Cost": 0.00,"Total Cost": 1.31,"Plan Rows": 1,"Plan Width": 4,"Actual Startup Time": 0.063,"Actual Total Time": 0.086,"Actual Rows": 1,"Actual Loops": 1,"Filter": "(n_name = 'MOZAMBIQUE'::bpchar)","Rows Removed by Filter": 24},{"Node Type": "Bitmap Heap Scan","Parent Relationship": "Inner","Parallel Aware": false,"Async Capable": false,"Relation Name": "supplier","Alias": "supplier","Startup Cost": 7.38,"Total Cost": 239.27,"Plan Rows": 400,"Plan Width": 59,"Actual Startup Time": 0.190,"Actual Total Time": 3.734,"Actual Rows": 406,"Actual Loops": 1,"Recheck Cond": "(s_nationkey = nation.n_nationkey)","Rows Removed by Index Recheck": 0,"Exact Heap Blocks": 186,"Lossy Heap Blocks": 0,"Plans": [{"Node Type": "Bitmap Index Scan","Parent Relationship": "Outer","Parallel Aware": false,"Async Capable": false,"Index Name": "idx_supplier_nation_key","Startup Cost": 0.00,"Total Cost": 7.29,"Plan Rows": 400,"Plan Width": 0,"Actual Startup Time": 0.125,"Actual Total Time": 0.128,"Actual Rows": 406,"Actual Loops": 1,"Index Cond": "(s_nationkey = nation.n_nationkey)"}]}]},{"Node Type": "Hash","Parent Relationship": "Inner","Parallel Aware": false,"Async Capable": false,"Startup Cost": 88158.53,"Total Cost": 88158.53,"Plan Rows": 2694,"Plan Width": 4,"Actual Startup Time": 882.414,"Actual Total Time": 882.426,"Actual Rows": 5864,"Actual Loops": 1,"Hash Buckets": 8192,"Original Hash Buckets": 4096,"Hash Batches": 1,"Original Hash Batches": 1,"Peak Memory Usage": 271,"Plans": [{"Node Type": "Nested Loop","Parent Relationship": "Outer","Parallel Aware": false,"Async Capable": false,"Join Type": "Inner","Startup Cost": 0.42,"Total Cost": 88158.53,"Plan Rows": 2694,"Plan Width": 4,"Actual Startup Time": 0.521,"Actual Total Time": 877.780,"Actual Rows": 5864,"Actual Loops": 1,"Inner Unique": false,"Plans": [{"Node Type": "Seq Scan","Parent Relationship": "Outer","Parallel Aware": false,"Async Capable": false,"Relation Name": "part","Alias": "part","Startup Cost": 0.00,"Total Cost": 6597.00,"Plan Rows": 2020,"Plan Width": 4,"Actual Startup Time": 0.094,"Actual Total Time": 195.025,"Actual Rows": 2123,"Actual Loops": 1,"Filter": "((p_name)::text ~~ 'light%'::text)","Rows Removed by Filter": 197877},{"Node Type": "Index Scan","Parent Relationship": "Inner","Parallel Aware": false,"Async Capable": false,"Scan Direction": "Forward","Index Name": "idx_partsupp_partkey","Relation Name": "partsupp","Alias": "partsupp","Startup Cost": 0.42,"Total Cost": 40.36,"Plan Rows": 1,"Plan Width": 8,"Actual Startup Time": 0.134,"Actual Total Time": 0.321,"Actual Rows": 3,"Actual Loops": 2123,"Index Cond": "(ps_partkey = part.p_partkey)","Rows Removed by Index Recheck": 0,"Filter": "((ps_availqty)::numeric > (SubPlan 1))","Rows Removed by Filter": 1,"Plans": [{"Node Type": "Aggregate","Strategy": "Plain","Partial Mode": "Simple","Parent Relationship": "SubPlan","Subplan Name": "SubPlan 1","Parallel Aware": false,"Async Capable": false,"Startup Cost": 8.46,"Total Cost": 8.47,"Plan Rows": 1,"Plan Width": 32,"Actual Startup Time": 0.072,"Actual Total Time": 0.072,"Actual Rows": 1,"Actual Loops": 8492,"Plans": [{"Node Type": "Index Scan","Parent Relationship": "Outer","Parallel Aware": false,"Async Capable": false,"Scan Direction": "Forward","Index Name": "idx_lineitem_part_supp","Relation Name": "lineitem","Alias": "lineitem","Startup Cost": 0.43,"Total Cost": 8.46,"Plan Rows": 0,"Plan Width": 5,"Actual Startup Time": 0.043,"Actual Total Time": 0.071,"Actual Rows": 1,"Actual Loops": 8492,"Index Cond": "((l_partkey = partsupp.ps_partkey) AND (l_suppkey = partsupp.ps_suppkey))","Rows Removed by Index Recheck": 0,"Filter": "((l_shipdate >= '1995-01-01'::date) AND (l_shipdate < '1996-01-01 00:00:00'::timestamp without time zone))","Rows Removed by Filter": 6}]}]}]}]}]}]},"Planning Time": 6.856,"Triggers": [],"Execution Time": 887.260}]
[{"Plan": {"Node Type": "Sort","Parallel Aware": false,"Async Capable": false,"Startup Cost": 88442.96,"Total Cost": 88443.23,"Plan Rows": 108,"Plan Width": 51,"Actual Startup Time": 911.786,"Actual Total Time": 911.824,"Actual Rows": 196,"Actual Loops": 1,"Sort Key": ["supplier.s_name"],"Sort Method": "quicksort","Sort Space Used": 43,"Sort Space Type": "Memory","Plans": [{"Node Type": "Hash Join","Parent Relationship": "Outer","Parallel Aware": false,"Async Capable": false,"Join Type": "Semi","Startup Cost": 88199.59,"Total Cost": 88439.31,"Plan Rows": 108,"Plan Width": 51,"Actual Startup Time": 907.141,"Actual Total Time": 911.455,"Actual Rows": 196,"Actual Loops": 1,"Inner Unique": false,"Hash Cond": "(supplier.s_suppkey = partsupp.ps_suppkey)","Plans": [{"Node Type": "Nested Loop","Parent Relationship": "Outer","Parallel Aware": false,"Async Capable": false,"Join Type": "Inner","Startup Cost": 7.38,"Total Cost": 244.58,"Plan Rows": 400,"Plan Width": 55,"Actual Startup Time": 0.265,"Actual Total Time": 4.492,"Actual Rows": 438,"Actual Loops": 1,"Inner Unique": false,"Plans": [{"Node Type": "Seq Scan","Parent Relationship": "Outer","Parallel Aware": false,"Async Capable": false,"Relation Name": "nation","Alias": "nation","Startup Cost": 0.00,"Total Cost": 1.31,"Plan Rows": 1,"Plan Width": 4,"Actual Startup Time": 0.068,"Actual Total Time": 0.100,"Actual Rows": 1,"Actual Loops": 1,"Filter": "(n_name = 'IRAQ'::bpchar)","Rows Removed by Filter": 24},{"Node Type": "Bitmap Heap Scan","Parent Relationship": "Inner","Parallel Aware": false,"Async Capable": false,"Relation Name": "supplier","Alias": "supplier","Startup Cost": 7.38,"Total Cost": 239.27,"Plan Rows": 400,"Plan Width": 59,"Actual Startup Time": 0.187,"Actual Total Time": 4.319,"Actual Rows": 438,"Actual Loops": 1,"Recheck Cond": "(s_nationkey = nation.n_nationkey)","Rows Removed by Index Recheck": 0,"Exact Heap Blocks": 194,"Lossy Heap Blocks": 0,"Plans": [{"Node Type": "Bitmap Index Scan","Parent Relationship": "Outer","Parallel Aware": false,"Async Capable": false,"Index Name": "idx_supplier_nation_key","Startup Cost": 0.00,"Total Cost": 7.29,"Plan Rows": 400,"Plan Width": 0,"Actual Startup Time": 0.134,"Actual Total Time": 0.137,"Actual Rows": 438,"Actual Loops": 1,"Index Cond": "(s_nationkey = nation.n_nationkey)"}]}]},{"Node Type": "Hash","Parent Relationship": "Inner","Parallel Aware": false,"Async Capable": false,"Startup Cost": 88158.53,"Total Cost": 88158.53,"Plan Rows": 2694,"Plan Width": 4,"Actual Startup Time": 906.808,"Actual Total Time": 906.817,"Actual Rows": 5851,"Actual Loops": 1,"Hash Buckets": 8192,"Original Hash Buckets": 4096,"Hash Batches": 1,"Original Hash Batches": 1,"Peak Memory Usage": 270,"Plans": [{"Node Type": "Nested Loop","Parent Relationship": "Outer","Parallel Aware": false,"Async Capable": false,"Join Type": "Inner","Startup Cost": 0.42,"Total Cost": 88158.53,"Plan Rows": 2694,"Plan Width": 4,"Actual Startup Time": 0.810,"Actual Total Time": 902.547,"Actual Rows": 5851,"Actual Loops": 1,"Inner Unique": false,"Plans": [{"Node Type": "Seq Scan","Parent Relationship": "Outer","Parallel Aware": false,"Async Capable": false,"Relation Name": "part","Alias": "part","Startup Cost": 0.00,"Total Cost": 6597.00,"Plan Rows": 2020,"Plan Width": 4,"Actual Startup Time": 0.212,"Actual Total Time": 202.511,"Actual Rows": 2171,"Actual Loops": 1,"Filter": "((p_name)::text ~~ 'brown%'::text)","Rows Removed by Filter": 197829},{"Node Type": "Index Scan","Parent Relationship": "Inner","Parallel Aware": false,"Async Capable": false,"Scan Direction": "Forward","Index Name": "idx_partsupp_partkey","Relation Name": "partsupp","Alias": "partsupp","Startup Cost": 0.42,"Total Cost": 40.36,"Plan Rows": 1,"Plan Width": 8,"Actual Startup Time": 0.139,"Actual Total Time": 0.322,"Actual Rows": 3,"Actual Loops": 2171,"Index Cond": "(ps_partkey = part.p_partkey)","Rows Removed by Index Recheck": 0,"Filter": "((ps_availqty)::numeric > (SubPlan 1))","Rows Removed by Filter": 1,"Plans": [{"Node Type": "Aggregate","Strategy": "Plain","Partial Mode": "Simple","Parent Relationship": "SubPlan","Subplan Name": "SubPlan 1","Parallel Aware": false,"Async Capable": false,"Startup Cost": 8.46,"Total Cost": 8.47,"Plan Rows": 1,"Plan Width": 32,"Actual Startup Time": 0.072,"Actual Total Time": 0.072,"Actual Rows": 1,"Actual Loops": 8684,"Plans": [{"Node Type": "Index Scan","Parent Relationship": "Outer","Parallel Aware": false,"Async Capable": false,"Scan Direction": "Forward","Index Name": "idx_lineitem_part_supp","Relation Name": "lineitem","Alias": "lineitem","Startup Cost": 0.43,"Total Cost": 8.46,"Plan Rows": 0,"Plan Width": 5,"Actual Startup Time": 0.044,"Actual Total Time": 0.071,"Actual Rows": 1,"Actual Loops": 8684,"Index Cond": "((l_partkey = partsupp.ps_partkey) AND (l_suppkey = partsupp.ps_suppkey))","Rows Removed by Index Recheck": 0,"Filter": "((l_shipdate >= '1993-01-01'::date) AND (l_shipdate < '1994-01-01 00:00:00'::timestamp without time zone))","Rows Removed by Filter": 6}]}]}]}]}]}]},"Planning Time": 7.386,"Triggers": [],"Execution Time": 912.044}]
[{"Plan": {"Node Type": "Sort","Parallel Aware": false,"Async Capable": false,"Startup Cost": 88442.96,"Total Cost": 88443.23,"Plan Rows": 108,"Plan Width": 51,"Actual Startup Time": 963.841,"Actual Total Time": 963.869,"Actual Rows": 205,"Actual Loops": 1,"Sort Key": ["supplier.s_name"],"Sort Method": "quicksort","Sort Space Used": 44,"Sort Space Type": "Memory","Plans": [{"Node Type": "Hash Join","Parent Relationship": "Outer","Parallel Aware": false,"Async Capable": false,"Join Type": "Semi","Startup Cost": 88199.59,"Total Cost": 88439.31,"Plan Rows": 108,"Plan Width": 51,"Actual Startup Time": 959.322,"Actual Total Time": 963.509,"Actual Rows": 205,"Actual Loops": 1,"Inner Unique": false,"Hash Cond": "(supplier.s_suppkey = partsupp.ps_suppkey)","Plans": [{"Node Type": "Nested Loop","Parent Relationship": "Outer","Parallel Aware": false,"Async Capable": false,"Join Type": "Inner","Startup Cost": 7.38,"Total Cost": 244.58,"Plan Rows": 400,"Plan Width": 55,"Actual Startup Time": 0.249,"Actual Total Time": 4.340,"Actual Rows": 438,"Actual Loops": 1,"Inner Unique": false,"Plans": [{"Node Type": "Seq Scan","Parent Relationship": "Outer","Parallel Aware": false,"Async Capable": false,"Relation Name": "nation","Alias": "nation","Startup Cost": 0.00,"Total Cost": 1.31,"Plan Rows": 1,"Plan Width": 4,"Actual Startup Time": 0.062,"Actual Total Time": 0.077,"Actual Rows": 1,"Actual Loops": 1,"Filter": "(n_name = 'IRAQ'::bpchar)","Rows Removed by Filter": 24},{"Node Type": "Bitmap Heap Scan","Parent Relationship": "Inner","Parallel Aware": false,"Async Capable": false,"Relation Name": "supplier","Alias": "supplier","Startup Cost": 7.38,"Total Cost": 239.27,"Plan Rows": 400,"Plan Width": 59,"Actual Startup Time": 0.178,"Actual Total Time": 4.198,"Actual Rows": 438,"Actual Loops": 1,"Recheck Cond": "(s_nationkey = nation.n_nationkey)","Rows Removed by Index Recheck": 0,"Exact Heap Blocks": 194,"Lossy Heap Blocks": 0,"Plans": [{"Node Type": "Bitmap Index Scan","Parent Relationship": "Outer","Parallel Aware": false,"Async Capable": false,"Index Name": "idx_supplier_nation_key","Startup Cost": 0.00,"Total Cost": 7.29,"Plan Rows": 400,"Plan Width": 0,"Actual Startup Time": 0.117,"Actual Total Time": 0.120,"Actual Rows": 438,"Actual Loops": 1,"Index Cond": "(s_nationkey = nation.n_nationkey)"}]}]},{"Node Type": "Hash","Parent Relationship": "Inner","Parallel Aware": false,"Async Capable": false,"Startup Cost": 88158.53,"Total Cost": 88158.53,"Plan Rows": 2694,"Plan Width": 4,"Actual Startup Time": 958.972,"Actual Total Time": 958.981,"Actual Rows": 5787,"Actual Loops": 1,"Hash Buckets": 8192,"Original Hash Buckets": 4096,"Hash Batches": 1,"Original Hash Batches": 1,"Peak Memory Usage": 268,"Plans": [{"Node Type": "Nested Loop","Parent Relationship": "Outer","Parallel Aware": false,"Async Capable": false,"Join Type": "Inner","Startup Cost": 0.42,"Total Cost": 88158.53,"Plan Rows": 2694,"Plan Width": 4,"Actual Startup Time": 0.927,"Actual Total Time": 954.924,"Actual Rows": 5787,"Actual Loops": 1,"Inner Unique": false,"Plans": [{"Node Type": "Seq Scan","Parent Relationship": "Outer","Parallel Aware": false,"Async Capable": false,"Relation Name": "part","Alias": "part","Startup Cost": 0.00,"Total Cost": 6597.00,"Plan Rows": 2020,"Plan Width": 4,"Actual Startup Time": 0.069,"Actual Total Time": 180.518,"Actual Rows": 2146,"Actual Loops": 1,"Filter": "((p_name)::text ~~ 'chocolate%'::text)","Rows Removed by Filter": 197854},{"Node Type": "Index Scan","Parent Relationship": "Inner","Parallel Aware": false,"Async Capable": false,"Scan Direction": "Forward","Index Name": "idx_partsupp_partkey","Relation Name": "partsupp","Alias": "partsupp","Startup Cost": 0.42,"Total Cost": 40.36,"Plan Rows": 1,"Plan Width": 8,"Actual Startup Time": 0.152,"Actual Total Time": 0.360,"Actual Rows": 3,"Actual Loops": 2146,"Index Cond": "(ps_partkey = part.p_partkey)","Rows Removed by Index Recheck": 0,"Filter": "((ps_availqty)::numeric > (SubPlan 1))","Rows Removed by Filter": 1,"Plans": [{"Node Type": "Aggregate","Strategy": "Plain","Partial Mode": "Simple","Parent Relationship": "SubPlan","Subplan Name": "SubPlan 1","Parallel Aware": false,"Async Capable": false,"Startup Cost": 8.46,"Total Cost": 8.47,"Plan Rows": 1,"Plan Width": 32,"Actual Startup Time": 0.082,"Actual Total Time": 0.082,"Actual Rows": 1,"Actual Loops": 8584,"Plans": [{"Node Type": "Index Scan","Parent Relationship": "Outer","Parallel Aware": false,"Async Capable": false,"Scan Direction": "Forward","Index Name": "idx_lineitem_part_supp","Relation Name": "lineitem","Alias": "lineitem","Startup Cost": 0.43,"Total Cost": 8.46,"Plan Rows": 0,"Plan Width": 5,"Actual Startup Time": 0.050,"Actual Total Time": 0.081,"Actual Rows": 1,"Actual Loops": 8584,"Index Cond": "((l_partkey = partsupp.ps_partkey) AND (l_suppkey = partsupp.ps_suppkey))","Rows Removed by Index Recheck": 0,"Filter": "((l_shipdate >= '1997-01-01'::date) AND (l_shipdate < '1998-01-01 00:00:00'::timestamp without time zone))","Rows Removed by Filter": 6}]}]}]}]}]}]},"Planning Time": 7.354,"Triggers": [],"Execution Time": 964.134}]
[{"Plan": {"Node Type": "Sort","Parallel Aware": false,"Async Capable": false,"Startup Cost": 88442.96,"Total Cost": 88443.23,"Plan Rows": 108,"Plan Width": 51,"Actual Startup Time": 970.501,"Actual Total Time": 970.534,"Actual Rows": 171,"Actual Loops": 1,"Sort Key": ["supplier.s_name"],"Sort Method": "quicksort","Sort Space Used": 40,"Sort Space Type": "Memory","Plans": [{"Node Type": "Hash Join","Parent Relationship": "Outer","Parallel Aware": false,"Async Capable": false,"Join Type": "Semi","Startup Cost": 88199.59,"Total Cost": 88439.31,"Plan Rows": 108,"Plan Width": 51,"Actual Startup Time": 966.102,"Actual Total Time": 970.183,"Actual Rows": 171,"Actual Loops": 1,"Inner Unique": false,"Hash Cond": "(supplier.s_suppkey = partsupp.ps_suppkey)","Plans": [{"Node Type": "Nested Loop","Parent Relationship": "Outer","Parallel Aware": false,"Async Capable": false,"Join Type": "Inner","Startup Cost": 7.38,"Total Cost": 244.58,"Plan Rows": 400,"Plan Width": 55,"Actual Startup Time": 0.224,"Actual Total Time": 4.214,"Actual Rows": 407,"Actual Loops": 1,"Inner Unique": false,"Plans": [{"Node Type": "Seq Scan","Parent Relationship": "Outer","Parallel Aware": false,"Async Capable": false,"Relation Name": "nation","Alias": "nation","Startup Cost": 0.00,"Total Cost": 1.31,"Plan Rows": 1,"Plan Width": 4,"Actual Startup Time": 0.063,"Actual Total Time": 0.085,"Actual Rows": 1,"Actual Loops": 1,"Filter": "(n_name = 'CHINA'::bpchar)","Rows Removed by Filter": 24},{"Node Type": "Bitmap Heap Scan","Parent Relationship": "Inner","Parallel Aware": false,"Async Capable": false,"Relation Name": "supplier","Alias": "supplier","Startup Cost": 7.38,"Total Cost": 239.27,"Plan Rows": 400,"Plan Width": 59,"Actual Startup Time": 0.158,"Actual Total Time": 4.057,"Actual Rows": 407,"Actual Loops": 1,"Recheck Cond": "(s_nationkey = nation.n_nationkey)","Rows Removed by Index Recheck": 0,"Exact Heap Blocks": 186,"Lossy Heap Blocks": 0,"Plans": [{"Node Type": "Bitmap Index Scan","Parent Relationship": "Outer","Parallel Aware": false,"Async Capable": false,"Index Name": "idx_supplier_nation_key","Startup Cost": 0.00,"Total Cost": 7.29,"Plan Rows": 400,"Plan Width": 0,"Actual Startup Time": 0.097,"Actual Total Time": 0.100,"Actual Rows": 407,"Actual Loops": 1,"Index Cond": "(s_nationkey = nation.n_nationkey)"}]}]},{"Node Type": "Hash","Parent Relationship": "Inner","Parallel Aware": false,"Async Capable": false,"Startup Cost": 88158.53,"Total Cost": 88158.53,"Plan Rows": 2694,"Plan Width": 4,"Actual Startup Time": 965.812,"Actual Total Time": 965.822,"Actual Rows": 5892,"Actual Loops": 1,"Hash Buckets": 8192,"Original Hash Buckets": 4096,"Hash Batches": 1,"Original Hash Batches": 1,"Peak Memory Usage": 272,"Plans": [{"Node Type": "Nested Loop","Parent Relationship": "Outer","Parallel Aware": false,"Async Capable": false,"Join Type": "Inner","Startup Cost": 0.42,"Total Cost": 88158.53,"Plan Rows": 2694,"Plan Width": 4,"Actual Startup Time": 0.753,"Actual Total Time": 961.650,"Actual Rows": 5892,"Actual Loops": 1,"Inner Unique": false,"Plans": [{"Node Type": "Seq Scan","Parent Relationship": "Outer","Parallel Aware": false,"Async Capable": false,"Relation Name": "part","Alias": "part","Startup Cost": 0.00,"Total Cost": 6597.00,"Plan Rows": 2020,"Plan Width": 4,"Actual Startup Time": 0.155,"Actual Total Time": 179.512,"Actual Rows": 2186,"Actual Loops": 1,"Filter": "((p_name)::text ~~ 'pale%'::text)","Rows Removed by Filter": 197814},{"Node Type": "Index Scan","Parent Relationship": "Inner","Parallel Aware": false,"Async Capable": false,"Scan Direction": "Forward","Index Name": "idx_partsupp_partkey","Relation Name": "partsupp","Alias": "partsupp","Startup Cost": 0.42,"Total Cost": 40.36,"Plan Rows": 1,"Plan Width": 8,"Actual Startup Time": 0.150,"Actual Total Time": 0.357,"Actual Rows": 3,"Actual Loops": 2186,"Index Cond": "(ps_partkey = part.p_partkey)","Rows Removed by Index Recheck": 0,"Filter": "((ps_availqty)::numeric > (SubPlan 1))","Rows Removed by Filter": 1,"Plans": [{"Node Type": "Aggregate","Strategy": "Plain","Partial Mode": "Simple","Parent Relationship": "SubPlan","Subplan Name": "SubPlan 1","Parallel Aware": false,"Async Capable": false,"Startup Cost": 8.46,"Total Cost": 8.47,"Plan Rows": 1,"Plan Width": 32,"Actual Startup Time": 0.081,"Actual Total Time": 0.081,"Actual Rows": 1,"Actual Loops": 8744,"Plans": [{"Node Type": "Index Scan","Parent Relationship": "Outer","Parallel Aware": false,"Async Capable": false,"Scan Direction": "Forward","Index Name": "idx_lineitem_part_supp","Relation Name": "lineitem","Alias": "lineitem","Startup Cost": 0.43,"Total Cost": 8.46,"Plan Rows": 0,"Plan Width": 5,"Actual Startup Time": 0.050,"Actual Total Time": 0.080,"Actual Rows": 1,"Actual Loops": 8744,"Index Cond": "((l_partkey = partsupp.ps_partkey) AND (l_suppkey = partsupp.ps_suppkey))","Rows Removed by Index Recheck": 0,"Filter": "((l_shipdate >= '1996-01-01'::date) AND (l_shipdate < '1997-01-01 00:00:00'::timestamp without time zone))","Rows Removed by Filter": 6}]}]}]}]}]}]},"Planning Time": 7.064,"Triggers": [],"Execution Time": 970.768}]
[{"Plan": {"Node Type": "Sort","Parallel Aware": false,"Async Capable": false,"Startup Cost": 88442.96,"Total Cost": 88443.23,"Plan Rows": 108,"Plan Width": 51,"Actual Startup Time": 961.718,"Actual Total Time": 961.748,"Actual Rows": 179,"Actual Loops": 1,"Sort Key": ["supplier.s_name"],"Sort Method": "quicksort","Sort Space Used": 41,"Sort Space Type": "Memory","Plans": [{"Node Type": "Hash Join","Parent Relationship": "Outer","Parallel Aware": false,"Async Capable": false,"Join Type": "Semi","Startup Cost": 88199.59,"Total Cost": 88439.31,"Plan Rows": 108,"Plan Width": 51,"Actual Startup Time": 957.480,"Actual Total Time": 961.418,"Actual Rows": 179,"Actual Loops": 1,"Inner Unique": false,"Hash Cond": "(supplier.s_suppkey = partsupp.ps_suppkey)","Plans": [{"Node Type": "Nested Loop","Parent Relationship": "Outer","Parallel Aware": false,"Async Capable": false,"Join Type": "Inner","Startup Cost": 7.38,"Total Cost": 244.58,"Plan Rows": 400,"Plan Width": 55,"Actual Startup Time": 0.265,"Actual Total Time": 4.102,"Actual Rows": 393,"Actual Loops": 1,"Inner Unique": false,"Plans": [{"Node Type": "Seq Scan","Parent Relationship": "Outer","Parallel Aware": false,"Async Capable": false,"Relation Name": "nation","Alias": "nation","Startup Cost": 0.00,"Total Cost": 1.31,"Plan Rows": 1,"Plan Width": 4,"Actual Startup Time": 0.068,"Actual Total Time": 0.092,"Actual Rows": 1,"Actual Loops": 1,"Filter": "(n_name = 'IRAN'::bpchar)","Rows Removed by Filter": 24},{"Node Type": "Bitmap Heap Scan","Parent Relationship": "Inner","Parallel Aware": false,"Async Capable": false,"Relation Name": "supplier","Alias": "supplier","Startup Cost": 7.38,"Total Cost": 239.27,"Plan Rows": 400,"Plan Width": 59,"Actual Startup Time": 0.188,"Actual Total Time": 3.936,"Actual Rows": 393,"Actual Loops": 1,"Recheck Cond": "(s_nationkey = nation.n_nationkey)","Rows Removed by Index Recheck": 0,"Exact Heap Blocks": 179,"Lossy Heap Blocks": 0,"Plans": [{"Node Type": "Bitmap Index Scan","Parent Relationship": "Outer","Parallel Aware": false,"Async Capable": false,"Index Name": "idx_supplier_nation_key","Startup Cost": 0.00,"Total Cost": 7.29,"Plan Rows": 400,"Plan Width": 0,"Actual Startup Time": 0.133,"Actual Total Time": 0.137,"Actual Rows": 393,"Actual Loops": 1,"Index Cond": "(s_nationkey = nation.n_nationkey)"}]}]},{"Node Type": "Hash","Parent Relationship": "Inner","Parallel Aware": false,"Async Capable": false,"Startup Cost": 88158.53,"Total Cost": 88158.53,"Plan Rows": 2694,"Plan Width": 4,"Actual Startup Time": 957.131,"Actual Total Time": 957.142,"Actual Rows": 5880,"Actual Loops": 1,"Hash Buckets": 8192,"Original Hash Buckets": 4096,"Hash Batches": 1,"Original Hash Batches": 1,"Peak Memory Usage": 271,"Plans": [{"Node Type": "Nested Loop","Parent Relationship": "Outer","Parallel Aware": false,"Async Capable": false,"Join Type": "Inner","Startup Cost": 0.42,"Total Cost": 88158.53,"Plan Rows": 2694,"Plan Width": 4,"Actual Startup Time": 0.876,"Actual Total Time": 952.820,"Actual Rows": 5880,"Actual Loops": 1,"Inner Unique": false,"Plans": [{"Node Type": "Seq Scan","Parent Relationship": "Outer","Parallel Aware": false,"Async Capable": false,"Relation Name": "part","Alias": "part","Startup Cost": 0.00,"Total Cost": 6597.00,"Plan Rows": 2020,"Plan Width": 4,"Actual Startup Time": 0.368,"Actual Total Time": 177.868,"Actual Rows": 2176,"Actual Loops": 1,"Filter": "((p_name)::text ~~ 'sienna%'::text)","Rows Removed by Filter": 197824},{"Node Type": "Index Scan","Parent Relationship": "Inner","Parallel Aware": false,"Async Capable": false,"Scan Direction": "Forward","Index Name": "idx_partsupp_partkey","Relation Name": "partsupp","Alias": "partsupp","Startup Cost": 0.42,"Total Cost": 40.36,"Plan Rows": 1,"Plan Width": 8,"Actual Startup Time": 0.150,"Actual Total Time": 0.356,"Actual Rows": 3,"Actual Loops": 2176,"Index Cond": "(ps_partkey = part.p_partkey)","Rows Removed by Index Recheck": 0,"Filter": "((ps_availqty)::numeric > (SubPlan 1))","Rows Removed by Filter": 1,"Plans": [{"Node Type": "Aggregate","Strategy": "Plain","Partial Mode": "Simple","Parent Relationship": "SubPlan","Subplan Name": "SubPlan 1","Parallel Aware": false,"Async Capable": false,"Startup Cost": 8.46,"Total Cost": 8.47,"Plan Rows": 1,"Plan Width": 32,"Actual Startup Time": 0.081,"Actual Total Time": 0.081,"Actual Rows": 1,"Actual Loops": 8704,"Plans": [{"Node Type": "Index Scan","Parent Relationship": "Outer","Parallel Aware": false,"Async Capable": false,"Scan Direction": "Forward","Index Name": "idx_lineitem_part_supp","Relation Name": "lineitem","Alias": "lineitem","Startup Cost": 0.43,"Total Cost": 8.46,"Plan Rows": 0,"Plan Width": 5,"Actual Startup Time": 0.050,"Actual Total Time": 0.080,"Actual Rows": 1,"Actual Loops": 8704,"Index Cond": "((l_partkey = partsupp.ps_partkey) AND (l_suppkey = partsupp.ps_suppkey))","Rows Removed by Index Recheck": 0,"Filter": "((l_shipdate >= '1993-01-01'::date) AND (l_shipdate < '1994-01-01 00:00:00'::timestamp without time zone))","Rows Removed by Filter": 6}]}]}]}]}]}]},"Planning Time": 6.052,"Triggers": [],"Execution Time": 961.991}]
[{"Plan": {"Node Type": "Sort","Parallel Aware": false,"Async Capable": false,"Startup Cost": 88442.96,"Total Cost": 88443.23,"Plan Rows": 108,"Plan Width": 51,"Actual Startup Time": 915.760,"Actual Total Time": 915.804,"Actual Rows": 177,"Actual Loops": 1,"Sort Key": ["supplier.s_name"],"Sort Method": "quicksort","Sort Space Used": 41,"Sort Space Type": "Memory","Plans": [{"Node Type": "Hash Join","Parent Relationship": "Outer","Parallel Aware": false,"Async Capable": false,"Join Type": "Semi","Startup Cost": 88199.59,"Total Cost": 88439.31,"Plan Rows": 108,"Plan Width": 51,"Actual Startup Time": 911.290,"Actual Total Time": 915.411,"Actual Rows": 177,"Actual Loops": 1,"Inner Unique": false,"Hash Cond": "(supplier.s_suppkey = partsupp.ps_suppkey)","Plans": [{"Node Type": "Nested Loop","Parent Relationship": "Outer","Parallel Aware": false,"Async Capable": false,"Join Type": "Inner","Startup Cost": 7.38,"Total Cost": 244.58,"Plan Rows": 400,"Plan Width": 55,"Actual Startup Time": 0.226,"Actual Total Time": 4.261,"Actual Rows": 413,"Actual Loops": 1,"Inner Unique": false,"Plans": [{"Node Type": "Seq Scan","Parent Relationship": "Outer","Parallel Aware": false,"Async Capable": false,"Relation Name": "nation","Alias": "nation","Startup Cost": 0.00,"Total Cost": 1.31,"Plan Rows": 1,"Plan Width": 4,"Actual Startup Time": 0.051,"Actual Total Time": 0.078,"Actual Rows": 1,"Actual Loops": 1,"Filter": "(n_name = 'ARGENTINA'::bpchar)","Rows Removed by Filter": 24},{"Node Type": "Bitmap Heap Scan","Parent Relationship": "Inner","Parallel Aware": false,"Async Capable": false,"Relation Name": "supplier","Alias": "supplier","Startup Cost": 7.38,"Total Cost": 239.27,"Plan Rows": 400,"Plan Width": 59,"Actual Startup Time": 0.170,"Actual Total Time": 4.118,"Actual Rows": 413,"Actual Loops": 1,"Recheck Cond": "(s_nationkey = nation.n_nationkey)","Rows Removed by Index Recheck": 0,"Exact Heap Blocks": 190,"Lossy Heap Blocks": 0,"Plans": [{"Node Type": "Bitmap Index Scan","Parent Relationship": "Outer","Parallel Aware": false,"Async Capable": false,"Index Name": "idx_supplier_nation_key","Startup Cost": 0.00,"Total Cost": 7.29,"Plan Rows": 400,"Plan Width": 0,"Actual Startup Time": 0.107,"Actual Total Time": 0.112,"Actual Rows": 413,"Actual Loops": 1,"Index Cond": "(s_nationkey = nation.n_nationkey)"}]}]},{"Node Type": "Hash","Parent Relationship": "Inner","Parallel Aware": false,"Async Capable": false,"Startup Cost": 88158.53,"Total Cost": 88158.53,"Plan Rows": 2694,"Plan Width": 4,"Actual Startup Time": 910.987,"Actual Total Time": 910.995,"Actual Rows": 6031,"Actual Loops": 1,"Hash Buckets": 8192,"Original Hash Buckets": 4096,"Hash Batches": 1,"Original Hash Batches": 1,"Peak Memory Usage": 277,"Plans": [{"Node Type": "Nested Loop","Parent Relationship": "Outer","Parallel Aware": false,"Async Capable": false,"Join Type": "Inner","Startup Cost": 0.42,"Total Cost": 88158.53,"Plan Rows": 2694,"Plan Width": 4,"Actual Startup Time": 0.518,"Actual Total Time": 906.626,"Actual Rows": 6031,"Actual Loops": 1,"Inner Unique": false,"Plans": [{"Node Type": "Seq Scan","Parent Relationship": "Outer","Parallel Aware": false,"Async Capable": false,"Relation Name": "part","Alias": "part","Startup Cost": 0.00,"Total Cost": 6597.00,"Plan Rows": 2020,"Plan Width": 4,"Actual Startup Time": 0.060,"Actual Total Time": 196.622,"Actual Rows": 2231,"Actual Loops": 1,"Filter": "((p_name)::text ~~ 'saddle%'::text)","Rows Removed by Filter": 197769},{"Node Type": "Index Scan","Parent Relationship": "Inner","Parallel Aware": false,"Async Capable": false,"Scan Direction": "Forward","Index Name": "idx_partsupp_partkey","Relation Name": "partsupp","Alias": "partsupp","Startup Cost": 0.42,"Total Cost": 40.36,"Plan Rows": 1,"Plan Width": 8,"Actual Startup Time": 0.134,"Actual Total Time": 0.318,"Actual Rows": 3,"Actual Loops": 2231,"Index Cond": "(ps_partkey = part.p_partkey)","Rows Removed by Index Recheck": 0,"Filter": "((ps_availqty)::numeric > (SubPlan 1))","Rows Removed by Filter": 1,"Plans": [{"Node Type": "Aggregate","Strategy": "Plain","Partial Mode": "Simple","Parent Relationship": "SubPlan","Subplan Name": "SubPlan 1","Parallel Aware": false,"Async Capable": false,"Startup Cost": 8.46,"Total Cost": 8.47,"Plan Rows": 1,"Plan Width": 32,"Actual Startup Time": 0.071,"Actual Total Time": 0.071,"Actual Rows": 1,"Actual Loops": 8924,"Plans": [{"Node Type": "Index Scan","Parent Relationship": "Outer","Parallel Aware": false,"Async Capable": false,"Scan Direction": "Forward","Index Name": "idx_lineitem_part_supp","Relation Name": "lineitem","Alias": "lineitem","Startup Cost": 0.43,"Total Cost": 8.46,"Plan Rows": 0,"Plan Width": 5,"Actual Startup Time": 0.044,"Actual Total Time": 0.071,"Actual Rows": 1,"Actual Loops": 8924,"Index Cond": "((l_partkey = partsupp.ps_partkey) AND (l_suppkey = partsupp.ps_suppkey))","Rows Removed by Index Recheck": 0,"Filter": "((l_shipdate >= '1996-01-01'::date) AND (l_shipdate < '1997-01-01 00:00:00'::timestamp without time zone))","Rows Removed by Filter": 6}]}]}]}]}]}]},"Planning Time": 6.902,"Triggers": [],"Execution Time": 916.103}]
[{"Plan": {"Node Type": "Sort","Parallel Aware": false,"Async Capable": false,"Startup Cost": 88442.96,"Total Cost": 88443.23,"Plan Rows": 108,"Plan Width": 51,"Actual Startup Time": 989.908,"Actual Total Time": 989.944,"Actual Rows": 194,"Actual Loops": 1,"Sort Key": ["supplier.s_name"],"Sort Method": "quicksort","Sort Space Used": 43,"Sort Space Type": "Memory","Plans": [{"Node Type": "Hash Join","Parent Relationship": "Outer","Parallel Aware": false,"Async Capable": false,"Join Type": "Semi","Startup Cost": 88199.59,"Total Cost": 88439.31,"Plan Rows": 108,"Plan Width": 51,"Actual Startup Time": 985.708,"Actual Total Time": 989.588,"Actual Rows": 194,"Actual Loops": 1,"Inner Unique": false,"Hash Cond": "(supplier.s_suppkey = partsupp.ps_suppkey)","Plans": [{"Node Type": "Nested Loop","Parent Relationship": "Outer","Parallel Aware": false,"Async Capable": false,"Join Type": "Inner","Startup Cost": 7.38,"Total Cost": 244.58,"Plan Rows": 400,"Plan Width": 55,"Actual Startup Time": 0.300,"Actual Total Time": 4.160,"Actual Rows": 421,"Actual Loops": 1,"Inner Unique": false,"Plans": [{"Node Type": "Seq Scan","Parent Relationship": "Outer","Parallel Aware": false,"Async Capable": false,"Relation Name": "nation","Alias": "nation","Startup Cost": 0.00,"Total Cost": 1.31,"Plan Rows": 1,"Plan Width": 4,"Actual Startup Time": 0.066,"Actual Total Time": 0.085,"Actual Rows": 1,"Actual Loops": 1,"Filter": "(n_name = 'PERU'::bpchar)","Rows Removed by Filter": 24},{"Node Type": "Bitmap Heap Scan","Parent Relationship": "Inner","Parallel Aware": false,"Async Capable": false,"Relation Name": "supplier","Alias": "supplier","Startup Cost": 7.38,"Total Cost": 239.27,"Plan Rows": 400,"Plan Width": 59,"Actual Startup Time": 0.225,"Actual Total Time": 3.998,"Actual Rows": 421,"Actual Loops": 1,"Recheck Cond": "(s_nationkey = nation.n_nationkey)","Rows Removed by Index Recheck": 0,"Exact Heap Blocks": 187,"Lossy Heap Blocks": 0,"Plans": [{"Node Type": "Bitmap Index Scan","Parent Relationship": "Outer","Parallel Aware": false,"Async Capable": false,"Index Name": "idx_supplier_nation_key","Startup Cost": 0.00,"Total Cost": 7.29,"Plan Rows": 400,"Plan Width": 0,"Actual Startup Time": 0.164,"Actual Total Time": 0.167,"Actual Rows": 421,"Actual Loops": 1,"Index Cond": "(s_nationkey = nation.n_nationkey)"}]}]},{"Node Type": "Hash","Parent Relationship": "Inner","Parallel Aware": false,"Async Capable": false,"Startup Cost": 88158.53,"Total Cost": 88158.53,"Plan Rows": 2694,"Plan Width": 4,"Actual Startup Time": 985.219,"Actual Total Time": 985.232,"Actual Rows": 6074,"Actual Loops": 1,"Hash Buckets": 8192,"Original Hash Buckets": 4096,"Hash Batches": 1,"Original Hash Batches": 1,"Peak Memory Usage": 278,"Plans": [{"Node Type": "Nested Loop","Parent Relationship": "Outer","Parallel Aware": false,"Async Capable": false,"Join Type": "Inner","Startup Cost": 0.42,"Total Cost": 88158.53,"Plan Rows": 2694,"Plan Width": 4,"Actual Startup Time": 0.606,"Actual Total Time": 981.055,"Actual Rows": 6074,"Actual Loops": 1,"Inner Unique": false,"Plans": [{"Node Type": "Seq Scan","Parent Relationship": "Outer","Parallel Aware": false,"Async Capable": false,"Relation Name": "part","Alias": "part","Startup Cost": 0.00,"Total Cost": 6597.00,"Plan Rows": 2020,"Plan Width": 4,"Actual Startup Time": 0.138,"Actual Total Time": 182.255,"Actual Rows": 2234,"Actual Loops": 1,"Filter": "((p_name)::text ~~ 'violet%'::text)","Rows Removed by Filter": 197766},{"Node Type": "Index Scan","Parent Relationship": "Inner","Parallel Aware": false,"Async Capable": false,"Scan Direction": "Forward","Index Name": "idx_partsupp_partkey","Relation Name": "partsupp","Alias": "partsupp","Startup Cost": 0.42,"Total Cost": 40.36,"Plan Rows": 1,"Plan Width": 8,"Actual Startup Time": 0.149,"Actual Total Time": 0.357,"Actual Rows": 3,"Actual Loops": 2234,"Index Cond": "(ps_partkey = part.p_partkey)","Rows Removed by Index Recheck": 0,"Filter": "((ps_availqty)::numeric > (SubPlan 1))","Rows Removed by Filter": 1,"Plans": [{"Node Type": "Aggregate","Strategy": "Plain","Partial Mode": "Simple","Parent Relationship": "SubPlan","Subplan Name": "SubPlan 1","Parallel Aware": false,"Async Capable": false,"Startup Cost": 8.46,"Total Cost": 8.47,"Plan Rows": 1,"Plan Width": 32,"Actual Startup Time": 0.081,"Actual Total Time": 0.081,"Actual Rows": 1,"Actual Loops": 8936,"Plans": [{"Node Type": "Index Scan","Parent Relationship": "Outer","Parallel Aware": false,"Async Capable": false,"Scan Direction": "Forward","Index Name": "idx_lineitem_part_supp","Relation Name": "lineitem","Alias": "lineitem","Startup Cost": 0.43,"Total Cost": 8.46,"Plan Rows": 0,"Plan Width": 5,"Actual Startup Time": 0.049,"Actual Total Time": 0.080,"Actual Rows": 1,"Actual Loops": 8936,"Index Cond": "((l_partkey = partsupp.ps_partkey) AND (l_suppkey = partsupp.ps_suppkey))","Rows Removed by Index Recheck": 0,"Filter": "((l_shipdate >= '1996-01-01'::date) AND (l_shipdate < '1997-01-01 00:00:00'::timestamp without time zone))","Rows Removed by Filter": 6}]}]}]}]}]}]},"Planning Time": 7.031,"Triggers": [],"Execution Time": 990.186}]
[{"Plan": {"Node Type": "Sort","Parallel Aware": false,"Async Capable": false,"Startup Cost": 88442.96,"Total Cost": 88443.23,"Plan Rows": 108,"Plan Width": 51,"Actual Startup Time": 902.097,"Actual Total Time": 902.138,"Actual Rows": 176,"Actual Loops": 1,"Sort Key": ["supplier.s_name"],"Sort Method": "quicksort","Sort Space Used": 41,"Sort Space Type": "Memory","Plans": [{"Node Type": "Hash Join","Parent Relationship": "Outer","Parallel Aware": false,"Async Capable": false,"Join Type": "Semi","Startup Cost": 88199.59,"Total Cost": 88439.31,"Plan Rows": 108,"Plan Width": 51,"Actual Startup Time": 897.907,"Actual Total Time": 901.775,"Actual Rows": 176,"Actual Loops": 1,"Inner Unique": false,"Hash Cond": "(supplier.s_suppkey = partsupp.ps_suppkey)","Plans": [{"Node Type": "Nested Loop","Parent Relationship": "Outer","Parallel Aware": false,"Async Capable": false,"Join Type": "Inner","Startup Cost": 7.38,"Total Cost": 244.58,"Plan Rows": 400,"Plan Width": 55,"Actual Startup Time": 0.257,"Actual Total Time": 4.076,"Actual Rows": 393,"Actual Loops": 1,"Inner Unique": false,"Plans": [{"Node Type": "Seq Scan","Parent Relationship": "Outer","Parallel Aware": false,"Async Capable": false,"Relation Name": "nation","Alias": "nation","Startup Cost": 0.00,"Total Cost": 1.31,"Plan Rows": 1,"Plan Width": 4,"Actual Startup Time": 0.069,"Actual Total Time": 0.079,"Actual Rows": 1,"Actual Loops": 1,"Filter": "(n_name = 'UNITED STATES'::bpchar)","Rows Removed by Filter": 24},{"Node Type": "Bitmap Heap Scan","Parent Relationship": "Inner","Parallel Aware": false,"Async Capable": false,"Relation Name": "supplier","Alias": "supplier","Startup Cost": 7.38,"Total Cost": 239.27,"Plan Rows": 400,"Plan Width": 59,"Actual Startup Time": 0.184,"Actual Total Time": 3.939,"Actual Rows": 393,"Actual Loops": 1,"Recheck Cond": "(s_nationkey = nation.n_nationkey)","Rows Removed by Index Recheck": 0,"Exact Heap Blocks": 181,"Lossy Heap Blocks": 0,"Plans": [{"Node Type": "Bitmap Index Scan","Parent Relationship": "Outer","Parallel Aware": false,"Async Capable": false,"Index Name": "idx_supplier_nation_key","Startup Cost": 0.00,"Total Cost": 7.29,"Plan Rows": 400,"Plan Width": 0,"Actual Startup Time": 0.125,"Actual Total Time": 0.128,"Actual Rows": 393,"Actual Loops": 1,"Index Cond": "(s_nationkey = nation.n_nationkey)"}]}]},{"Node Type": "Hash","Parent Relationship": "Inner","Parallel Aware": false,"Async Capable": false,"Startup Cost": 88158.53,"Total Cost": 88158.53,"Plan Rows": 2694,"Plan Width": 4,"Actual Startup Time": 897.543,"Actual Total Time": 897.552,"Actual Rows": 5937,"Actual Loops": 1,"Hash Buckets": 8192,"Original Hash Buckets": 4096,"Hash Batches": 1,"Original Hash Batches": 1,"Peak Memory Usage": 273,"Plans": [{"Node Type": "Nested Loop","Parent Relationship": "Outer","Parallel Aware": false,"Async Capable": false,"Join Type": "Inner","Startup Cost": 0.42,"Total Cost": 88158.53,"Plan Rows": 2694,"Plan Width": 4,"Actual Startup Time": 1.103,"Actual Total Time": 892.665,"Actual Rows": 5937,"Actual Loops": 1,"Inner Unique": false,"Plans": [{"Node Type": "Seq Scan","Parent Relationship": "Outer","Parallel Aware": false,"Async Capable": false,"Relation Name": "part","Alias": "part","Startup Cost": 0.00,"Total Cost": 6597.00,"Plan Rows": 2020,"Plan Width": 4,"Actual Startup Time": 0.423,"Actual Total Time": 196.523,"Actual Rows": 2155,"Actual Loops": 1,"Filter": "((p_name)::text ~~ 'lavender%'::text)","Rows Removed by Filter": 197845},{"Node Type": "Index Scan","Parent Relationship": "Inner","Parallel Aware": false,"Async Capable": false,"Scan Direction": "Forward","Index Name": "idx_partsupp_partkey","Relation Name": "partsupp","Alias": "partsupp","Startup Cost": 0.42,"Total Cost": 40.36,"Plan Rows": 1,"Plan Width": 8,"Actual Startup Time": 0.137,"Actual Total Time": 0.323,"Actual Rows": 3,"Actual Loops": 2155,"Index Cond": "(ps_partkey = part.p_partkey)","Rows Removed by Index Recheck": 0,"Filter": "((ps_availqty)::numeric > (SubPlan 1))","Rows Removed by Filter": 1,"Plans": [{"Node Type": "Aggregate","Strategy": "Plain","Partial Mode": "Simple","Parent Relationship": "SubPlan","Subplan Name": "SubPlan 1","Parallel Aware": false,"Async Capable": false,"Startup Cost": 8.46,"Total Cost": 8.47,"Plan Rows": 1,"Plan Width": 32,"Actual Startup Time": 0.072,"Actual Total Time": 0.072,"Actual Rows": 1,"Actual Loops": 8620,"Plans": [{"Node Type": "Index Scan","Parent Relationship": "Outer","Parallel Aware": false,"Async Capable": false,"Scan Direction": "Forward","Index Name": "idx_lineitem_part_supp","Relation Name": "lineitem","Alias": "lineitem","Startup Cost": 0.43,"Total Cost": 8.46,"Plan Rows": 0,"Plan Width": 5,"Actual Startup Time": 0.043,"Actual Total Time": 0.072,"Actual Rows": 1,"Actual Loops": 8620,"Index Cond": "((l_partkey = partsupp.ps_partkey) AND (l_suppkey = partsupp.ps_suppkey))","Rows Removed by Index Recheck": 0,"Filter": "((l_shipdate >= '1995-01-01'::date) AND (l_shipdate < '1996-01-01 00:00:00'::timestamp without time zone))","Rows Removed by Filter": 6}]}]}]}]}]}]},"Planning Time": 6.342,"Triggers": [],"Execution Time": 902.388}]
[{"Plan": {"Node Type": "Sort","Parallel Aware": false,"Async Capable": false,"Startup Cost": 88442.96,"Total Cost": 88443.23,"Plan Rows": 108,"Plan Width": 51,"Actual Startup Time": 984.191,"Actual Total Time": 984.236,"Actual Rows": 216,"Actual Loops": 1,"Sort Key": ["supplier.s_name"],"Sort Method": "quicksort","Sort Space Used": 45,"Sort Space Type": "Memory","Plans": [{"Node Type": "Hash Join","Parent Relationship": "Outer","Parallel Aware": false,"Async Capable": false,"Join Type": "Semi","Startup Cost": 88199.59,"Total Cost": 88439.31,"Plan Rows": 108,"Plan Width": 51,"Actual Startup Time": 979.596,"Actual Total Time": 983.691,"Actual Rows": 216,"Actual Loops": 1,"Inner Unique": false,"Hash Cond": "(supplier.s_suppkey = partsupp.ps_suppkey)","Plans": [{"Node Type": "Nested Loop","Parent Relationship": "Outer","Parallel Aware": false,"Async Capable": false,"Join Type": "Inner","Startup Cost": 7.38,"Total Cost": 244.58,"Plan Rows": 400,"Plan Width": 55,"Actual Startup Time": 0.247,"Actual Total Time": 4.248,"Actual Rows": 415,"Actual Loops": 1,"Inner Unique": false,"Plans": [{"Node Type": "Seq Scan","Parent Relationship": "Outer","Parallel Aware": false,"Async Capable": false,"Relation Name": "nation","Alias": "nation","Startup Cost": 0.00,"Total Cost": 1.31,"Plan Rows": 1,"Plan Width": 4,"Actual Startup Time": 0.070,"Actual Total Time": 0.097,"Actual Rows": 1,"Actual Loops": 1,"Filter": "(n_name = 'EGYPT'::bpchar)","Rows Removed by Filter": 24},{"Node Type": "Bitmap Heap Scan","Parent Relationship": "Inner","Parallel Aware": false,"Async Capable": false,"Relation Name": "supplier","Alias": "supplier","Startup Cost": 7.38,"Total Cost": 239.27,"Plan Rows": 400,"Plan Width": 59,"Actual Startup Time": 0.168,"Actual Total Time": 4.062,"Actual Rows": 415,"Actual Loops": 1,"Recheck Cond": "(s_nationkey = nation.n_nationkey)","Rows Removed by Index Recheck": 0,"Exact Heap Blocks": 183,"Lossy Heap Blocks": 0,"Plans": [{"Node Type": "Bitmap Index Scan","Parent Relationship": "Outer","Parallel Aware": false,"Async Capable": false,"Index Name": "idx_supplier_nation_key","Startup Cost": 0.00,"Total Cost": 7.29,"Plan Rows": 400,"Plan Width": 0,"Actual Startup Time": 0.107,"Actual Total Time": 0.111,"Actual Rows": 415,"Actual Loops": 1,"Index Cond": "(s_nationkey = nation.n_nationkey)"}]}]},{"Node Type": "Hash","Parent Relationship": "Inner","Parallel Aware": false,"Async Capable": false,"Startup Cost": 88158.53,"Total Cost": 88158.53,"Plan Rows": 2694,"Plan Width": 4,"Actual Startup Time": 979.229,"Actual Total Time": 979.242,"Actual Rows": 5950,"Actual Loops": 1,"Hash Buckets": 8192,"Original Hash Buckets": 4096,"Hash Batches": 1,"Original Hash Batches": 1,"Peak Memory Usage": 274,"Plans": [{"Node Type": "Nested Loop","Parent Relationship": "Outer","Parallel Aware": false,"Async Capable": false,"Join Type": "Inner","Startup Cost": 0.42,"Total Cost": 88158.53,"Plan Rows": 2694,"Plan Width": 4,"Actual Startup Time": 1.302,"Actual Total Time": 974.886,"Actual Rows": 5950,"Actual Loops": 1,"Inner Unique": false,"Plans": [{"Node Type": "Seq Scan","Parent Relationship": "Outer","Parallel Aware": false,"Async Capable": false,"Relation Name": "part","Alias": "part","Startup Cost": 0.00,"Total Cost": 6597.00,"Plan Rows": 2020,"Plan Width": 4,"Actual Startup Time": 0.286,"Actual Total Time": 180.658,"Actual Rows": 2204,"Actual Loops": 1,"Filter": "((p_name)::text ~~ 'red%'::text)","Rows Removed by Filter": 197796},{"Node Type": "Index Scan","Parent Relationship": "Inner","Parallel Aware": false,"Async Capable": false,"Scan Direction": "Forward","Index Name": "idx_partsupp_partkey","Relation Name": "partsupp","Alias": "partsupp","Startup Cost": 0.42,"Total Cost": 40.36,"Plan Rows": 1,"Plan Width": 8,"Actual Startup Time": 0.151,"Actual Total Time": 0.360,"Actual Rows": 3,"Actual Loops": 2204,"Index Cond": "(ps_partkey = part.p_partkey)","Rows Removed by Index Recheck": 0,"Filter": "((ps_availqty)::numeric > (SubPlan 1))","Rows Removed by Filter": 1,"Plans": [{"Node Type": "Aggregate","Strategy": "Plain","Partial Mode": "Simple","Parent Relationship": "SubPlan","Subplan Name": "SubPlan 1","Parallel Aware": false,"Async Capable": false,"Startup Cost": 8.46,"Total Cost": 8.47,"Plan Rows": 1,"Plan Width": 32,"Actual Startup Time": 0.082,"Actual Total Time": 0.082,"Actual Rows": 1,"Actual Loops": 8816,"Plans": [{"Node Type": "Index Scan","Parent Relationship": "Outer","Parallel Aware": false,"Async Capable": false,"Scan Direction": "Forward","Index Name": "idx_lineitem_part_supp","Relation Name": "lineitem","Alias": "lineitem","Startup Cost": 0.43,"Total Cost": 8.46,"Plan Rows": 0,"Plan Width": 5,"Actual Startup Time": 0.050,"Actual Total Time": 0.081,"Actual Rows": 1,"Actual Loops": 8816,"Index Cond": "((l_partkey = partsupp.ps_partkey) AND (l_suppkey = partsupp.ps_suppkey))","Rows Removed by Index Recheck": 0,"Filter": "((l_shipdate >= '1993-01-01'::date) AND (l_shipdate < '1994-01-01 00:00:00'::timestamp without time zone))","Rows Removed by Filter": 6}]}]}]}]}]}]},"Planning Time": 7.174,"Triggers": [],"Execution Time": 984.488}]
[{"Plan": {"Node Type": "Sort","Parallel Aware": false,"Async Capable": false,"Startup Cost": 88442.96,"Total Cost": 88443.23,"Plan Rows": 108,"Plan Width": 51,"Actual Startup Time": 911.199,"Actual Total Time": 911.235,"Actual Rows": 177,"Actual Loops": 1,"Sort Key": ["supplier.s_name"],"Sort Method": "quicksort","Sort Space Used": 41,"Sort Space Type": "Memory","Plans": [{"Node Type": "Hash Join","Parent Relationship": "Outer","Parallel Aware": false,"Async Capable": false,"Join Type": "Semi","Startup Cost": 88199.59,"Total Cost": 88439.31,"Plan Rows": 108,"Plan Width": 51,"Actual Startup Time": 906.738,"Actual Total Time": 910.882,"Actual Rows": 177,"Actual Loops": 1,"Inner Unique": false,"Hash Cond": "(supplier.s_suppkey = partsupp.ps_suppkey)","Plans": [{"Node Type": "Nested Loop","Parent Relationship": "Outer","Parallel Aware": false,"Async Capable": false,"Join Type": "Inner","Startup Cost": 7.38,"Total Cost": 244.58,"Plan Rows": 400,"Plan Width": 55,"Actual Startup Time": 0.260,"Actual Total Time": 4.349,"Actual Rows": 412,"Actual Loops": 1,"Inner Unique": false,"Plans": [{"Node Type": "Seq Scan","Parent Relationship": "Outer","Parallel Aware": false,"Async Capable": false,"Relation Name": "nation","Alias": "nation","Startup Cost": 0.00,"Total Cost": 1.31,"Plan Rows": 1,"Plan Width": 4,"Actual Startup Time": 0.059,"Actual Total Time": 0.084,"Actual Rows": 1,"Actual Loops": 1,"Filter": "(n_name = 'CANADA'::bpchar)","Rows Removed by Filter": 24},{"Node Type": "Bitmap Heap Scan","Parent Relationship": "Inner","Parallel Aware": false,"Async Capable": false,"Relation Name": "supplier","Alias": "supplier","Startup Cost": 7.38,"Total Cost": 239.27,"Plan Rows": 400,"Plan Width": 59,"Actual Startup Time": 0.198,"Actual Total Time": 4.183,"Actual Rows": 412,"Actual Loops": 1,"Recheck Cond": "(s_nationkey = nation.n_nationkey)","Rows Removed by Index Recheck": 0,"Exact Heap Blocks": 189,"Lossy Heap Blocks": 0,"Plans": [{"Node Type": "Bitmap Index Scan","Parent Relationship": "Outer","Parallel Aware": false,"Async Capable": false,"Index Name": "idx_supplier_nation_key","Startup Cost": 0.00,"Total Cost": 7.29,"Plan Rows": 400,"Plan Width": 0,"Actual Startup Time": 0.129,"Actual Total Time": 0.132,"Actual Rows": 412,"Actual Loops": 1,"Index Cond": "(s_nationkey = nation.n_nationkey)"}]}]},{"Node Type": "Hash","Parent Relationship": "Inner","Parallel Aware": false,"Async Capable": false,"Startup Cost": 88158.53,"Total Cost": 88158.53,"Plan Rows": 2694,"Plan Width": 4,"Actual Startup Time": 906.383,"Actual Total Time": 906.395,"Actual Rows": 6096,"Actual Loops": 1,"Hash Buckets": 8192,"Original Hash Buckets": 4096,"Hash Batches": 1,"Original Hash Batches": 1,"Peak Memory Usage": 279,"Plans": [{"Node Type": "Nested Loop","Parent Relationship": "Outer","Parallel Aware": false,"Async Capable": false,"Join Type": "Inner","Startup Cost": 0.42,"Total Cost": 88158.53,"Plan Rows": 2694,"Plan Width": 4,"Actual Startup Time": 0.831,"Actual Total Time": 901.459,"Actual Rows": 6096,"Actual Loops": 1,"Inner Unique": false,"Plans": [{"Node Type": "Seq Scan","Parent Relationship": "Outer","Parallel Aware": false,"Async Capable": false,"Relation Name": "part","Alias": "part","Startup Cost": 0.00,"Total Cost": 6597.00,"Plan Rows": 2020,"Plan Width": 4,"Actual Startup Time": 0.082,"Actual Total Time": 196.264,"Actual Rows": 2218,"Actual Loops": 1,"Filter": "((p_name)::text ~~ 'burlywood%'::text)","Rows Removed by Filter": 197782},{"Node Type": "Index Scan","Parent Relationship": "Inner","Parallel Aware": false,"Async Capable": false,"Scan Direction": "Forward","Index Name": "idx_partsupp_partkey","Relation Name": "partsupp","Alias": "partsupp","Startup Cost": 0.42,"Total Cost": 40.36,"Plan Rows": 1,"Plan Width": 8,"Actual Startup Time": 0.133,"Actual Total Time": 0.317,"Actual Rows": 3,"Actual Loops": 2218,"Index Cond": "(ps_partkey = part.p_partkey)","Rows Removed by Index Recheck": 0,"Filter": "((ps_availqty)::numeric > (SubPlan 1))","Rows Removed by Filter": 1,"Plans": [{"Node Type": "Aggregate","Strategy": "Plain","Partial Mode": "Simple","Parent Relationship": "SubPlan","Subplan Name": "SubPlan 1","Parallel Aware": false,"Async Capable": false,"Startup Cost": 8.46,"Total Cost": 8.47,"Plan Rows": 1,"Plan Width": 32,"Actual Startup Time": 0.071,"Actual Total Time": 0.071,"Actual Rows": 1,"Actual Loops": 8872,"Plans": [{"Node Type": "Index Scan","Parent Relationship": "Outer","Parallel Aware": false,"Async Capable": false,"Scan Direction": "Forward","Index Name": "idx_lineitem_part_supp","Relation Name": "lineitem","Alias": "lineitem","Startup Cost": 0.43,"Total Cost": 8.46,"Plan Rows": 0,"Plan Width": 5,"Actual Startup Time": 0.043,"Actual Total Time": 0.070,"Actual Rows": 1,"Actual Loops": 8872,"Index Cond": "((l_partkey = partsupp.ps_partkey) AND (l_suppkey = partsupp.ps_suppkey))","Rows Removed by Index Recheck": 0,"Filter": "((l_shipdate >= '1995-01-01'::date) AND (l_shipdate < '1996-01-01 00:00:00'::timestamp without time zone))","Rows Removed by Filter": 6}]}]}]}]}]}]},"Planning Time": 6.860,"Triggers": [],"Execution Time": 911.484}]
[{"Plan": {"Node Type": "Sort","Parallel Aware": false,"Async Capable": false,"Startup Cost": 88442.96,"Total Cost": 88443.23,"Plan Rows": 108,"Plan Width": 51,"Actual Startup Time": 909.496,"Actual Total Time": 909.526,"Actual Rows": 167,"Actual Loops": 1,"Sort Key": ["supplier.s_name"],"Sort Method": "quicksort","Sort Space Used": 40,"Sort Space Type": "Memory","Plans": [{"Node Type": "Hash Join","Parent Relationship": "Outer","Parallel Aware": false,"Async Capable": false,"Join Type": "Semi","Startup Cost": 88199.59,"Total Cost": 88439.31,"Plan Rows": 108,"Plan Width": 51,"Actual Startup Time": 905.261,"Actual Total Time": 909.028,"Actual Rows": 167,"Actual Loops": 1,"Inner Unique": false,"Hash Cond": "(supplier.s_suppkey = partsupp.ps_suppkey)","Plans": [{"Node Type": "Nested Loop","Parent Relationship": "Outer","Parallel Aware": false,"Async Capable": false,"Join Type": "Inner","Startup Cost": 7.38,"Total Cost": 244.58,"Plan Rows": 400,"Plan Width": 55,"Actual Startup Time": 0.257,"Actual Total Time": 3.946,"Actual Rows": 380,"Actual Loops": 1,"Inner Unique": false,"Plans": [{"Node Type": "Seq Scan","Parent Relationship": "Outer","Parallel Aware": false,"Async Capable": false,"Relation Name": "nation","Alias": "nation","Startup Cost": 0.00,"Total Cost": 1.31,"Plan Rows": 1,"Plan Width": 4,"Actual Startup Time": 0.065,"Actual Total Time": 0.083,"Actual Rows": 1,"Actual Loops": 1,"Filter": "(n_name = 'ETHIOPIA'::bpchar)","Rows Removed by Filter": 24},{"Node Type": "Bitmap Heap Scan","Parent Relationship": "Inner","Parallel Aware": false,"Async Capable": false,"Relation Name": "supplier","Alias": "supplier","Startup Cost": 7.38,"Total Cost": 239.27,"Plan Rows": 400,"Plan Width": 59,"Actual Startup Time": 0.185,"Actual Total Time": 3.795,"Actual Rows": 380,"Actual Loops": 1,"Recheck Cond": "(s_nationkey = nation.n_nationkey)","Rows Removed by Index Recheck": 0,"Exact Heap Blocks": 192,"Lossy Heap Blocks": 0,"Plans": [{"Node Type": "Bitmap Index Scan","Parent Relationship": "Outer","Parallel Aware": false,"Async Capable": false,"Index Name": "idx_supplier_nation_key","Startup Cost": 0.00,"Total Cost": 7.29,"Plan Rows": 400,"Plan Width": 0,"Actual Startup Time": 0.127,"Actual Total Time": 0.130,"Actual Rows": 380,"Actual Loops": 1,"Index Cond": "(s_nationkey = nation.n_nationkey)"}]}]},{"Node Type": "Hash","Parent Relationship": "Inner","Parallel Aware": false,"Async Capable": false,"Startup Cost": 88158.53,"Total Cost": 88158.53,"Plan Rows": 2694,"Plan Width": 4,"Actual Startup Time": 904.904,"Actual Total Time": 904.915,"Actual Rows": 5933,"Actual Loops": 1,"Hash Buckets": 8192,"Original Hash Buckets": 4096,"Hash Batches": 1,"Original Hash Batches": 1,"Peak Memory Usage": 273,"Plans": [{"Node Type": "Nested Loop","Parent Relationship": "Outer","Parallel Aware": false,"Async Capable": false,"Join Type": "Inner","Startup Cost": 0.42,"Total Cost": 88158.53,"Plan Rows": 2694,"Plan Width": 4,"Actual Startup Time": 0.433,"Actual Total Time": 900.514,"Actual Rows": 5933,"Actual Loops": 1,"Inner Unique": false,"Plans": [{"Node Type": "Seq Scan","Parent Relationship": "Outer","Parallel Aware": false,"Async Capable": false,"Relation Name": "part","Alias": "part","Startup Cost": 0.00,"Total Cost": 6597.00,"Plan Rows": 2020,"Plan Width": 4,"Actual Startup Time": 0.041,"Actual Total Time": 202.814,"Actual Rows": 2171,"Actual Loops": 1,"Filter": "((p_name)::text ~~ 'moccasin%'::text)","Rows Removed by Filter": 197829},{"Node Type": "Index Scan","Parent Relationship": "Inner","Parallel Aware": false,"Async Capable": false,"Scan Direction": "Forward","Index Name": "idx_partsupp_partkey","Relation Name": "partsupp","Alias": "partsupp","Startup Cost": 0.42,"Total Cost": 40.36,"Plan Rows": 1,"Plan Width": 8,"Actual Startup Time": 0.135,"Actual Total Time": 0.321,"Actual Rows": 3,"Actual Loops": 2171,"Index Cond": "(ps_partkey = part.p_partkey)","Rows Removed by Index Recheck": 0,"Filter": "((ps_availqty)::numeric > (SubPlan 1))","Rows Removed by Filter": 1,"Plans": [{"Node Type": "Aggregate","Strategy": "Plain","Partial Mode": "Simple","Parent Relationship": "SubPlan","Subplan Name": "SubPlan 1","Parallel Aware": false,"Async Capable": false,"Startup Cost": 8.46,"Total Cost": 8.47,"Plan Rows": 1,"Plan Width": 32,"Actual Startup Time": 0.072,"Actual Total Time": 0.072,"Actual Rows": 1,"Actual Loops": 8684,"Plans": [{"Node Type": "Index Scan","Parent Relationship": "Outer","Parallel Aware": false,"Async Capable": false,"Scan Direction": "Forward","Index Name": "idx_lineitem_part_supp","Relation Name": "lineitem","Alias": "lineitem","Startup Cost": 0.43,"Total Cost": 8.46,"Plan Rows": 0,"Plan Width": 5,"Actual Startup Time": 0.044,"Actual Total Time": 0.071,"Actual Rows": 1,"Actual Loops": 8684,"Index Cond": "((l_partkey = partsupp.ps_partkey) AND (l_suppkey = partsupp.ps_suppkey))","Rows Removed by Index Recheck": 0,"Filter": "((l_shipdate >= '1997-01-01'::date) AND (l_shipdate < '1998-01-01 00:00:00'::timestamp without time zone))","Rows Removed by Filter": 6}]}]}]}]}]}]},"Planning Time": 7.146,"Triggers": [],"Execution Time": 909.752}]
[{"Plan": {"Node Type": "Sort","Parallel Aware": false,"Async Capable": false,"Startup Cost": 88442.96,"Total Cost": 88443.23,"Plan Rows": 108,"Plan Width": 51,"Actual Startup Time": 955.415,"Actual Total Time": 955.457,"Actual Rows": 182,"Actual Loops": 1,"Sort Key": ["supplier.s_name"],"Sort Method": "quicksort","Sort Space Used": 41,"Sort Space Type": "Memory","Plans": [{"Node Type": "Hash Join","Parent Relationship": "Outer","Parallel Aware": false,"Async Capable": false,"Join Type": "Semi","Startup Cost": 88199.59,"Total Cost": 88439.31,"Plan Rows": 108,"Plan Width": 51,"Actual Startup Time": 950.899,"Actual Total Time": 954.927,"Actual Rows": 182,"Actual Loops": 1,"Inner Unique": false,"Hash Cond": "(supplier.s_suppkey = partsupp.ps_suppkey)","Plans": [{"Node Type": "Nested Loop","Parent Relationship": "Outer","Parallel Aware": false,"Async Capable": false,"Join Type": "Inner","Startup Cost": 7.38,"Total Cost": 244.58,"Plan Rows": 400,"Plan Width": 55,"Actual Startup Time": 0.257,"Actual Total Time": 4.240,"Actual Rows": 380,"Actual Loops": 1,"Inner Unique": false,"Plans": [{"Node Type": "Seq Scan","Parent Relationship": "Outer","Parallel Aware": false,"Async Capable": false,"Relation Name": "nation","Alias": "nation","Startup Cost": 0.00,"Total Cost": 1.31,"Plan Rows": 1,"Plan Width": 4,"Actual Startup Time": 0.065,"Actual Total Time": 0.099,"Actual Rows": 1,"Actual Loops": 1,"Filter": "(n_name = 'ETHIOPIA'::bpchar)","Rows Removed by Filter": 24},{"Node Type": "Bitmap Heap Scan","Parent Relationship": "Inner","Parallel Aware": false,"Async Capable": false,"Relation Name": "supplier","Alias": "supplier","Startup Cost": 7.38,"Total Cost": 239.27,"Plan Rows": 400,"Plan Width": 59,"Actual Startup Time": 0.187,"Actual Total Time": 4.080,"Actual Rows": 380,"Actual Loops": 1,"Recheck Cond": "(s_nationkey = nation.n_nationkey)","Rows Removed by Index Recheck": 0,"Exact Heap Blocks": 192,"Lossy Heap Blocks": 0,"Plans": [{"Node Type": "Bitmap Index Scan","Parent Relationship": "Outer","Parallel Aware": false,"Async Capable": false,"Index Name": "idx_supplier_nation_key","Startup Cost": 0.00,"Total Cost": 7.29,"Plan Rows": 400,"Plan Width": 0,"Actual Startup Time": 0.137,"Actual Total Time": 0.141,"Actual Rows": 380,"Actual Loops": 1,"Index Cond": "(s_nationkey = nation.n_nationkey)"}]}]},{"Node Type": "Hash","Parent Relationship": "Inner","Parallel Aware": false,"Async Capable": false,"Startup Cost": 88158.53,"Total Cost": 88158.53,"Plan Rows": 2694,"Plan Width": 4,"Actual Startup Time": 950.539,"Actual Total Time": 950.554,"Actual Rows": 5823,"Actual Loops": 1,"Hash Buckets": 8192,"Original Hash Buckets": 4096,"Hash Batches": 1,"Original Hash Batches": 1,"Peak Memory Usage": 269,"Plans": [{"Node Type": "Nested Loop","Parent Relationship": "Outer","Parallel Aware": false,"Async Capable": false,"Join Type": "Inner","Startup Cost": 0.42,"Total Cost": 88158.53,"Plan Rows": 2694,"Plan Width": 4,"Actual Startup Time": 0.669,"Actual Total Time": 946.055,"Actual Rows": 5823,"Actual Loops": 1,"Inner Unique": false,"Plans": [{"Node Type": "Seq Scan","Parent Relationship": "Outer","Parallel Aware": false,"Async Capable": false,"Relation Name": "part","Alias": "part","Startup Cost": 0.00,"Total Cost": 6597.00,"Plan Rows": 2020,"Plan Width": 4,"Actual Startup Time": 0.027,"Actual Total Time": 180.293,"Actual Rows": 2138,"Actual Loops": 1,"Filter": "((p_name)::text ~~ 'royal%'::text)","Rows Removed by Filter": 197862},{"Node Type": "Index Scan","Parent Relationship": "Inner","Parallel Aware": false,"Async Capable": false,"Scan Direction": "Forward","Index Name": "idx_partsupp_partkey","Relation Name": "partsupp","Alias": "partsupp","Startup Cost": 0.42,"Total Cost": 40.36,"Plan Rows": 1,"Plan Width": 8,"Actual Startup Time": 0.152,"Actual Total Time": 0.358,"Actual Rows": 3,"Actual Loops": 2138,"Index Cond": "(ps_partkey = part.p_partkey)","Rows Removed by Index Recheck": 0,"Filter": "((ps_availqty)::numeric > (SubPlan 1))","Rows Removed by Filter": 1,"Plans": [{"Node Type": "Aggregate","Strategy": "Plain","Partial Mode": "Simple","Parent Relationship": "SubPlan","Subplan Name": "SubPlan 1","Parallel Aware": false,"Async Capable": false,"Startup Cost": 8.46,"Total Cost": 8.47,"Plan Rows": 1,"Plan Width": 32,"Actual Startup Time": 0.081,"Actual Total Time": 0.081,"Actual Rows": 1,"Actual Loops": 8552,"Plans": [{"Node Type": "Index Scan","Parent Relationship": "Outer","Parallel Aware": false,"Async Capable": false,"Scan Direction": "Forward","Index Name": "idx_lineitem_part_supp","Relation Name": "lineitem","Alias": "lineitem","Startup Cost": 0.43,"Total Cost": 8.46,"Plan Rows": 0,"Plan Width": 5,"Actual Startup Time": 0.049,"Actual Total Time": 0.081,"Actual Rows": 1,"Actual Loops": 8552,"Index Cond": "((l_partkey = partsupp.ps_partkey) AND (l_suppkey = partsupp.ps_suppkey))","Rows Removed by Index Recheck": 0,"Filter": "((l_shipdate >= '1995-01-01'::date) AND (l_shipdate < '1996-01-01 00:00:00'::timestamp without time zone))","Rows Removed by Filter": 6}]}]}]}]}]}]},"Planning Time": 7.382,"Triggers": [],"Execution Time": 955.712}]
[{"Plan": {"Node Type": "Sort","Parallel Aware": false,"Async Capable": false,"Startup Cost": 88442.96,"Total Cost": 88443.23,"Plan Rows": 108,"Plan Width": 51,"Actual Startup Time": 965.949,"Actual Total Time": 965.989,"Actual Rows": 154,"Actual Loops": 1,"Sort Key": ["supplier.s_name"],"Sort Method": "quicksort","Sort Space Used": 39,"Sort Space Type": "Memory","Plans": [{"Node Type": "Hash Join","Parent Relationship": "Outer","Parallel Aware": false,"Async Capable": false,"Join Type": "Semi","Startup Cost": 88199.59,"Total Cost": 88439.31,"Plan Rows": 108,"Plan Width": 51,"Actual Startup Time": 961.982,"Actual Total Time": 965.676,"Actual Rows": 154,"Actual Loops": 1,"Inner Unique": false,"Hash Cond": "(supplier.s_suppkey = partsupp.ps_suppkey)","Plans": [{"Node Type": "Nested Loop","Parent Relationship": "Outer","Parallel Aware": false,"Async Capable": false,"Join Type": "Inner","Startup Cost": 7.38,"Total Cost": 244.58,"Plan Rows": 400,"Plan Width": 55,"Actual Startup Time": 0.252,"Actual Total Time": 3.872,"Actual Rows": 373,"Actual Loops": 1,"Inner Unique": false,"Plans": [{"Node Type": "Seq Scan","Parent Relationship": "Outer","Parallel Aware": false,"Async Capable": false,"Relation Name": "nation","Alias": "nation","Startup Cost": 0.00,"Total Cost": 1.31,"Plan Rows": 1,"Plan Width": 4,"Actual Startup Time": 0.070,"Actual Total Time": 0.102,"Actual Rows": 1,"Actual Loops": 1,"Filter": "(n_name = 'MOROCCO'::bpchar)","Rows Removed by Filter": 24},{"Node Type": "Bitmap Heap Scan","Parent Relationship": "Inner","Parallel Aware": false,"Async Capable": false,"Relation Name": "supplier","Alias": "supplier","Startup Cost": 7.38,"Total Cost": 239.27,"Plan Rows": 400,"Plan Width": 59,"Actual Startup Time": 0.174,"Actual Total Time": 3.712,"Actual Rows": 373,"Actual Loops": 1,"Recheck Cond": "(s_nationkey = nation.n_nationkey)","Rows Removed by Index Recheck": 0,"Exact Heap Blocks": 180,"Lossy Heap Blocks": 0,"Plans": [{"Node Type": "Bitmap Index Scan","Parent Relationship": "Outer","Parallel Aware": false,"Async Capable": false,"Index Name": "idx_supplier_nation_key","Startup Cost": 0.00,"Total Cost": 7.29,"Plan Rows": 400,"Plan Width": 0,"Actual Startup Time": 0.107,"Actual Total Time": 0.111,"Actual Rows": 373,"Actual Loops": 1,"Index Cond": "(s_nationkey = nation.n_nationkey)"}]}]},{"Node Type": "Hash","Parent Relationship": "Inner","Parallel Aware": false,"Async Capable": false,"Startup Cost": 88158.53,"Total Cost": 88158.53,"Plan Rows": 2694,"Plan Width": 4,"Actual Startup Time": 961.619,"Actual Total Time": 961.629,"Actual Rows": 5873,"Actual Loops": 1,"Hash Buckets": 8192,"Original Hash Buckets": 4096,"Hash Batches": 1,"Original Hash Batches": 1,"Peak Memory Usage": 271,"Plans": [{"Node Type": "Nested Loop","Parent Relationship": "Outer","Parallel Aware": false,"Async Capable": false,"Join Type": "Inner","Startup Cost": 0.42,"Total Cost": 88158.53,"Plan Rows": 2694,"Plan Width": 4,"Actual Startup Time": 0.814,"Actual Total Time": 957.360,"Actual Rows": 5873,"Actual Loops": 1,"Inner Unique": false,"Plans": [{"Node Type": "Seq Scan","Parent Relationship": "Outer","Parallel Aware": false,"Async Capable": false,"Relation Name": "part","Alias": "part","Startup Cost": 0.00,"Total Cost": 6597.00,"Plan Rows": 2020,"Plan Width": 4,"Actual Startup Time": 0.045,"Actual Total Time": 180.056,"Actual Rows": 2171,"Actual Loops": 1,"Filter": "((p_name)::text ~~ 'moccasin%'::text)","Rows Removed by Filter": 197829},{"Node Type": "Index Scan","Parent Relationship": "Inner","Parallel Aware": false,"Async Capable": false,"Scan Direction": "Forward","Index Name": "idx_partsupp_partkey","Relation Name": "partsupp","Alias": "partsupp","Startup Cost": 0.42,"Total Cost": 40.36,"Plan Rows": 1,"Plan Width": 8,"Actual Startup Time": 0.150,"Actual Total Time": 0.358,"Actual Rows": 3,"Actual Loops": 2171,"Index Cond": "(ps_partkey = part.p_partkey)","Rows Removed by Index Recheck": 0,"Filter": "((ps_availqty)::numeric > (SubPlan 1))","Rows Removed by Filter": 1,"Plans": [{"Node Type": "Aggregate","Strategy": "Plain","Partial Mode": "Simple","Parent Relationship": "SubPlan","Subplan Name": "SubPlan 1","Parallel Aware": false,"Async Capable": false,"Startup Cost": 8.46,"Total Cost": 8.47,"Plan Rows": 1,"Plan Width": 32,"Actual Startup Time": 0.081,"Actual Total Time": 0.081,"Actual Rows": 1,"Actual Loops": 8684,"Plans": [{"Node Type": "Index Scan","Parent Relationship": "Outer","Parallel Aware": false,"Async Capable": false,"Scan Direction": "Forward","Index Name": "idx_lineitem_part_supp","Relation Name": "lineitem","Alias": "lineitem","Startup Cost": 0.43,"Total Cost": 8.46,"Plan Rows": 0,"Plan Width": 5,"Actual Startup Time": 0.050,"Actual Total Time": 0.080,"Actual Rows": 1,"Actual Loops": 8684,"Index Cond": "((l_partkey = partsupp.ps_partkey) AND (l_suppkey = partsupp.ps_suppkey))","Rows Removed by Index Recheck": 0,"Filter": "((l_shipdate >= '1996-01-01'::date) AND (l_shipdate < '1997-01-01 00:00:00'::timestamp without time zone))","Rows Removed by Filter": 6}]}]}]}]}]}]},"Planning Time": 7.056,"Triggers": [],"Execution Time": 966.272}]
[{"Plan": {"Node Type": "Sort","Parallel Aware": false,"Async Capable": false,"Startup Cost": 165280.99,"Total Cost": 165281.52,"Plan Rows": 215,"Plan Width": 51,"Actual Startup Time": 992.983,"Actual Total Time": 993.019,"Actual Rows": 197,"Actual Loops": 1,"Sort Key": ["supplier.s_name"],"Sort Method": "quicksort","Sort Space Used": 43,"Sort Space Type": "Memory","Plans": [{"Node Type": "Hash Join","Parent Relationship": "Outer","Parallel Aware": false,"Async Capable": false,"Join Type": "Semi","Startup Cost": 165030.68,"Total Cost": 165272.66,"Plan Rows": 215,"Plan Width": 51,"Actual Startup Time": 988.271,"Actual Total Time": 992.467,"Actual Rows": 197,"Actual Loops": 1,"Inner Unique": false,"Hash Cond": "(supplier.s_suppkey = partsupp.ps_suppkey)","Plans": [{"Node Type": "Nested Loop","Parent Relationship": "Outer","Parallel Aware": false,"Async Capable": false,"Join Type": "Inner","Startup Cost": 7.38,"Total Cost": 244.58,"Plan Rows": 400,"Plan Width": 55,"Actual Startup Time": 0.303,"Actual Total Time": 3.952,"Actual Rows": 406,"Actual Loops": 1,"Inner Unique": false,"Plans": [{"Node Type": "Seq Scan","Parent Relationship": "Outer","Parallel Aware": false,"Async Capable": false,"Relation Name": "nation","Alias": "nation","Startup Cost": 0.00,"Total Cost": 1.31,"Plan Rows": 1,"Plan Width": 4,"Actual Startup Time": 0.078,"Actual Total Time": 0.097,"Actual Rows": 1,"Actual Loops": 1,"Filter": "(n_name = 'MOZAMBIQUE'::bpchar)","Rows Removed by Filter": 24},{"Node Type": "Bitmap Heap Scan","Parent Relationship": "Inner","Parallel Aware": false,"Async Capable": false,"Relation Name": "supplier","Alias": "supplier","Startup Cost": 7.38,"Total Cost": 239.27,"Plan Rows": 400,"Plan Width": 59,"Actual Startup Time": 0.221,"Actual Total Time": 3.785,"Actual Rows": 406,"Actual Loops": 1,"Recheck Cond": "(s_nationkey = nation.n_nationkey)","Rows Removed by Index Recheck": 0,"Exact Heap Blocks": 186,"Lossy Heap Blocks": 0,"Plans": [{"Node Type": "Bitmap Index Scan","Parent Relationship": "Outer","Parallel Aware": false,"Async Capable": false,"Index Name": "idx_supplier_nation_key","Startup Cost": 0.00,"Total Cost": 7.29,"Plan Rows": 400,"Plan Width": 0,"Actual Startup Time": 0.150,"Actual Total Time": 0.154,"Actual Rows": 406,"Actual Loops": 1,"Index Cond": "(s_nationkey = nation.n_nationkey)"}]}]},{"Node Type": "Hash","Parent Relationship": "Inner","Parallel Aware": false,"Async Capable": false,"Startup Cost": 164955.96,"Total Cost": 164955.96,"Plan Rows": 5387,"Plan Width": 4,"Actual Startup Time": 987.880,"Actual Total Time": 987.886,"Actual Rows": 6127,"Actual Loops": 1,"Hash Buckets": 8192,"Original Hash Buckets": 8192,"Hash Batches": 1,"Original Hash Batches": 1,"Peak Memory Usage": 280,"Plans": [{"Node Type": "Nested Loop","Parent Relationship": "Outer","Parallel Aware": false,"Async Capable": false,"Join Type": "Inner","Startup Cost": 0.42,"Total Cost": 164955.96,"Plan Rows": 5387,"Plan Width": 4,"Actual Startup Time": 0.657,"Actual Total Time": 982.237,"Actual Rows": 6127,"Actual Loops": 1,"Inner Unique": false,"Plans": [{"Node Type": "Seq Scan","Parent Relationship": "Outer","Parallel Aware": false,"Async Capable": false,"Relation Name": "part","Alias": "part","Startup Cost": 0.00,"Total Cost": 6597.00,"Plan Rows": 4040,"Plan Width": 4,"Actual Startup Time": 0.247,"Actual Total Time": 180.311,"Actual Rows": 2249,"Actual Loops": 1,"Filter": "((p_name)::text ~~ 'orchid%'::text)","Rows Removed by Filter": 197751},{"Node Type": "Index Scan","Parent Relationship": "Inner","Parallel Aware": false,"Async Capable": false,"Scan Direction": "Forward","Index Name": "idx_partsupp_partkey","Relation Name": "partsupp","Alias": "partsupp","Startup Cost": 0.42,"Total Cost": 39.18,"Plan Rows": 1,"Plan Width": 8,"Actual Startup Time": 0.150,"Actual Total Time": 0.356,"Actual Rows": 3,"Actual Loops": 2249,"Index Cond": "(ps_partkey = part.p_partkey)","Rows Removed by Index Recheck": 0,"Filter": "((ps_availqty)::numeric > (SubPlan 1))","Rows Removed by Filter": 1,"Plans": [{"Node Type": "Aggregate","Strategy": "Plain","Partial Mode": "Simple","Parent Relationship": "SubPlan","Subplan Name": "SubPlan 1","Parallel Aware": false,"Async Capable": false,"Startup Cost": 8.46,"Total Cost": 8.47,"Plan Rows": 1,"Plan Width": 32,"Actual Startup Time": 0.081,"Actual Total Time": 0.081,"Actual Rows": 1,"Actual Loops": 8996,"Plans": [{"Node Type": "Index Scan","Parent Relationship": "Outer","Parallel Aware": false,"Async Capable": false,"Scan Direction": "Forward","Index Name": "idx_lineitem_part_supp","Relation Name": "lineitem","Alias": "lineitem","Startup Cost": 0.43,"Total Cost": 8.46,"Plan Rows": 0,"Plan Width": 5,"Actual Startup Time": 0.049,"Actual Total Time": 0.080,"Actual Rows": 1,"Actual Loops": 8996,"Index Cond": "((l_partkey = partsupp.ps_partkey) AND (l_suppkey = partsupp.ps_suppkey))","Rows Removed by Index Recheck": 0,"Filter": "((l_shipdate >= '1994-01-01'::date) AND (l_shipdate < '1995-01-01 00:00:00'::timestamp without time zone))","Rows Removed by Filter": 6}]}]}]}]}]}]},"Planning Time": 5.754,"Triggers": [],"Execution Time": 993.279}]
[{"Plan": {"Node Type": "Sort","Parallel Aware": false,"Async Capable": false,"Startup Cost": 88442.96,"Total Cost": 88443.23,"Plan Rows": 108,"Plan Width": 51,"Actual Startup Time": 910.496,"Actual Total Time": 910.518,"Actual Rows": 188,"Actual Loops": 1,"Sort Key": ["supplier.s_name"],"Sort Method": "quicksort","Sort Space Used": 42,"Sort Space Type": "Memory","Plans": [{"Node Type": "Hash Join","Parent Relationship": "Outer","Parallel Aware": false,"Async Capable": false,"Join Type": "Semi","Startup Cost": 88199.59,"Total Cost": 88439.31,"Plan Rows": 108,"Plan Width": 51,"Actual Startup Time": 906.419,"Actual Total Time": 910.155,"Actual Rows": 188,"Actual Loops": 1,"Inner Unique": false,"Hash Cond": "(supplier.s_suppkey = partsupp.ps_suppkey)","Plans": [{"Node Type": "Nested Loop","Parent Relationship": "Outer","Parallel Aware": false,"Async Capable": false,"Join Type": "Inner","Startup Cost": 7.38,"Total Cost": 244.58,"Plan Rows": 400,"Plan Width": 55,"Actual Startup Time": 0.304,"Actual Total Time": 3.935,"Actual Rows": 401,"Actual Loops": 1,"Inner Unique": false,"Plans": [{"Node Type": "Seq Scan","Parent Relationship": "Outer","Parallel Aware": false,"Async Capable": false,"Relation Name": "nation","Alias": "nation","Startup Cost": 0.00,"Total Cost": 1.31,"Plan Rows": 1,"Plan Width": 4,"Actual Startup Time": 0.078,"Actual Total Time": 0.091,"Actual Rows": 1,"Actual Loops": 1,"Filter": "(n_name = 'RUSSIA'::bpchar)","Rows Removed by Filter": 24},{"Node Type": "Bitmap Heap Scan","Parent Relationship": "Inner","Parallel Aware": false,"Async Capable": false,"Relation Name": "supplier","Alias": "supplier","Startup Cost": 7.38,"Total Cost": 239.27,"Plan Rows": 400,"Plan Width": 59,"Actual Startup Time": 0.218,"Actual Total Time": 3.776,"Actual Rows": 401,"Actual Loops": 1,"Recheck Cond": "(s_nationkey = nation.n_nationkey)","Rows Removed by Index Recheck": 0,"Exact Heap Blocks": 180,"Lossy Heap Blocks": 0,"Plans": [{"Node Type": "Bitmap Index Scan","Parent Relationship": "Outer","Parallel Aware": false,"Async Capable": false,"Index Name": "idx_supplier_nation_key","Startup Cost": 0.00,"Total Cost": 7.29,"Plan Rows": 400,"Plan Width": 0,"Actual Startup Time": 0.143,"Actual Total Time": 0.143,"Actual Rows": 401,"Actual Loops": 1,"Index Cond": "(s_nationkey = nation.n_nationkey)"}]}]},{"Node Type": "Hash","Parent Relationship": "Inner","Parallel Aware": false,"Async Capable": false,"Startup Cost": 88158.53,"Total Cost": 88158.53,"Plan Rows": 2694,"Plan Width": 4,"Actual Startup Time": 906.042,"Actual Total Time": 906.050,"Actual Rows": 5986,"Actual Loops": 1,"Hash Buckets": 8192,"Original Hash Buckets": 4096,"Hash Batches": 1,"Original Hash Batches": 1,"Peak Memory Usage": 275,"Plans": [{"Node Type": "Nested Loop","Parent Relationship": "Outer","Parallel Aware": false,"Async Capable": false,"Join Type": "Inner","Startup Cost": 0.42,"Total Cost": 88158.53,"Plan Rows": 2694,"Plan Width": 4,"Actual Startup Time": 0.964,"Actual Total Time": 901.118,"Actual Rows": 5986,"Actual Loops": 1,"Inner Unique": false,"Plans": [{"Node Type": "Seq Scan","Parent Relationship": "Outer","Parallel Aware": false,"Async Capable": false,"Relation Name": "part","Alias": "part","Startup Cost": 0.00,"Total Cost": 6597.00,"Plan Rows": 2020,"Plan Width": 4,"Actual Startup Time": 0.343,"Actual Total Time": 195.107,"Actual Rows": 2212,"Actual Loops": 1,"Filter": "((p_name)::text ~~ 'black%'::text)","Rows Removed by Filter": 197788},{"Node Type": "Index Scan","Parent Relationship": "Inner","Parallel Aware": false,"Async Capable": false,"Scan Direction": "Forward","Index Name": "idx_partsupp_partkey","Relation Name": "partsupp","Alias": "partsupp","Startup Cost": 0.42,"Total Cost": 40.36,"Plan Rows": 1,"Plan Width": 8,"Actual Startup Time": 0.136,"Actual Total Time": 0.319,"Actual Rows": 3,"Actual Loops": 2212,"Index Cond": "(ps_partkey = part.p_partkey)","Rows Removed by Index Recheck": 0,"Filter": "((ps_availqty)::numeric > (SubPlan 1))","Rows Removed by Filter": 1,"Plans": [{"Node Type": "Aggregate","Strategy": "Plain","Partial Mode": "Simple","Parent Relationship": "SubPlan","Subplan Name": "SubPlan 1","Parallel Aware": false,"Async Capable": false,"Startup Cost": 8.46,"Total Cost": 8.47,"Plan Rows": 1,"Plan Width": 32,"Actual Startup Time": 0.071,"Actual Total Time": 0.071,"Actual Rows": 1,"Actual Loops": 8848,"Plans": [{"Node Type": "Index Scan","Parent Relationship": "Outer","Parallel Aware": false,"Async Capable": false,"Scan Direction": "Forward","Index Name": "idx_lineitem_part_supp","Relation Name": "lineitem","Alias": "lineitem","Startup Cost": 0.43,"Total Cost": 8.46,"Plan Rows": 0,"Plan Width": 5,"Actual Startup Time": 0.044,"Actual Total Time": 0.071,"Actual Rows": 1,"Actual Loops": 8848,"Index Cond": "((l_partkey = partsupp.ps_partkey) AND (l_suppkey = partsupp.ps_suppkey))","Rows Removed by Index Recheck": 0,"Filter": "((l_shipdate >= '1993-01-01'::date) AND (l_shipdate < '1994-01-01 00:00:00'::timestamp without time zone))","Rows Removed by Filter": 6}]}]}]}]}]}]},"Planning Time": 5.583,"Triggers": [],"Execution Time": 910.784}]
[{"Plan": {"Node Type": "Sort","Parallel Aware": false,"Async Capable": false,"Startup Cost": 88442.96,"Total Cost": 88443.23,"Plan Rows": 108,"Plan Width": 51,"Actual Startup Time": 952.779,"Actual Total Time": 952.813,"Actual Rows": 198,"Actual Loops": 1,"Sort Key": ["supplier.s_name"],"Sort Method": "quicksort","Sort Space Used": 43,"Sort Space Type": "Memory","Plans": [{"Node Type": "Hash Join","Parent Relationship": "Outer","Parallel Aware": false,"Async Capable": false,"Join Type": "Semi","Startup Cost": 88199.59,"Total Cost": 88439.31,"Plan Rows": 108,"Plan Width": 51,"Actual Startup Time": 948.443,"Actual Total Time": 952.427,"Actual Rows": 198,"Actual Loops": 1,"Inner Unique": false,"Hash Cond": "(supplier.s_suppkey = partsupp.ps_suppkey)","Plans": [{"Node Type": "Nested Loop","Parent Relationship": "Outer","Parallel Aware": false,"Async Capable": false,"Join Type": "Inner","Startup Cost": 7.38,"Total Cost": 244.58,"Plan Rows": 400,"Plan Width": 55,"Actual Startup Time": 0.389,"Actual Total Time": 4.284,"Actual Rows": 421,"Actual Loops": 1,"Inner Unique": false,"Plans": [{"Node Type": "Seq Scan","Parent Relationship": "Outer","Parallel Aware": false,"Async Capable": false,"Relation Name": "nation","Alias": "nation","Startup Cost": 0.00,"Total Cost": 1.31,"Plan Rows": 1,"Plan Width": 4,"Actual Startup Time": 0.081,"Actual Total Time": 0.101,"Actual Rows": 1,"Actual Loops": 1,"Filter": "(n_name = 'PERU'::bpchar)","Rows Removed by Filter": 24},{"Node Type": "Bitmap Heap Scan","Parent Relationship": "Inner","Parallel Aware": false,"Async Capable": false,"Relation Name": "supplier","Alias": "supplier","Startup Cost": 7.38,"Total Cost": 239.27,"Plan Rows": 400,"Plan Width": 59,"Actual Startup Time": 0.299,"Actual Total Time": 4.105,"Actual Rows": 421,"Actual Loops": 1,"Recheck Cond": "(s_nationkey = nation.n_nationkey)","Rows Removed by Index Recheck": 0,"Exact Heap Blocks": 187,"Lossy Heap Blocks": 0,"Plans": [{"Node Type": "Bitmap Index Scan","Parent Relationship": "Outer","Parallel Aware": false,"Async Capable": false,"Index Name": "idx_supplier_nation_key","Startup Cost": 0.00,"Total Cost": 7.29,"Plan Rows": 400,"Plan Width": 0,"Actual Startup Time": 0.212,"Actual Total Time": 0.217,"Actual Rows": 421,"Actual Loops": 1,"Index Cond": "(s_nationkey = nation.n_nationkey)"}]}]},{"Node Type": "Hash","Parent Relationship": "Inner","Parallel Aware": false,"Async Capable": false,"Startup Cost": 88158.53,"Total Cost": 88158.53,"Plan Rows": 2694,"Plan Width": 4,"Actual Startup Time": 947.952,"Actual Total Time": 947.960,"Actual Rows": 5808,"Actual Loops": 1,"Hash Buckets": 8192,"Original Hash Buckets": 4096,"Hash Batches": 1,"Original Hash Batches": 1,"Peak Memory Usage": 269,"Plans": [{"Node Type": "Nested Loop","Parent Relationship": "Outer","Parallel Aware": false,"Async Capable": false,"Join Type": "Inner","Startup Cost": 0.42,"Total Cost": 88158.53,"Plan Rows": 2694,"Plan Width": 4,"Actual Startup Time": 0.745,"Actual Total Time": 943.658,"Actual Rows": 5808,"Actual Loops": 1,"Inner Unique": false,"Plans": [{"Node Type": "Seq Scan","Parent Relationship": "Outer","Parallel Aware": false,"Async Capable": false,"Relation Name": "part","Alias": "part","Startup Cost": 0.00,"Total Cost": 6597.00,"Plan Rows": 2020,"Plan Width": 4,"Actual Startup Time": 0.192,"Actual Total Time": 179.819,"Actual Rows": 2128,"Actual Loops": 1,"Filter": "((p_name)::text ~~ 'pink%'::text)","Rows Removed by Filter": 197872},{"Node Type": "Index Scan","Parent Relationship": "Inner","Parallel Aware": false,"Async Capable": false,"Scan Direction": "Forward","Index Name": "idx_partsupp_partkey","Relation Name": "partsupp","Alias": "partsupp","Startup Cost": 0.42,"Total Cost": 40.36,"Plan Rows": 1,"Plan Width": 8,"Actual Startup Time": 0.148,"Actual Total Time": 0.358,"Actual Rows": 3,"Actual Loops": 2128,"Index Cond": "(ps_partkey = part.p_partkey)","Rows Removed by Index Recheck": 0,"Filter": "((ps_availqty)::numeric > (SubPlan 1))","Rows Removed by Filter": 1,"Plans": [{"Node Type": "Aggregate","Strategy": "Plain","Partial Mode": "Simple","Parent Relationship": "SubPlan","Subplan Name": "SubPlan 1","Parallel Aware": false,"Async Capable": false,"Startup Cost": 8.46,"Total Cost": 8.47,"Plan Rows": 1,"Plan Width": 32,"Actual Startup Time": 0.081,"Actual Total Time": 0.082,"Actual Rows": 1,"Actual Loops": 8512,"Plans": [{"Node Type": "Index Scan","Parent Relationship": "Outer","Parallel Aware": false,"Async Capable": false,"Scan Direction": "Forward","Index Name": "idx_lineitem_part_supp","Relation Name": "lineitem","Alias": "lineitem","Startup Cost": 0.43,"Total Cost": 8.46,"Plan Rows": 0,"Plan Width": 5,"Actual Startup Time": 0.049,"Actual Total Time": 0.081,"Actual Rows": 1,"Actual Loops": 8512,"Index Cond": "((l_partkey = partsupp.ps_partkey) AND (l_suppkey = partsupp.ps_suppkey))","Rows Removed by Index Recheck": 0,"Filter": "((l_shipdate >= '1994-01-01'::date) AND (l_shipdate < '1995-01-01 00:00:00'::timestamp without time zone))","Rows Removed by Filter": 6}]}]}]}]}]}]},"Planning Time": 6.321,"Triggers": [],"Execution Time": 953.111}]
[{"Plan": {"Node Type": "Sort","Parallel Aware": false,"Async Capable": false,"Startup Cost": 88442.96,"Total Cost": 88443.23,"Plan Rows": 108,"Plan Width": 51,"Actual Startup Time": 1000.655,"Actual Total Time": 1000.689,"Actual Rows": 196,"Actual Loops": 1,"Sort Key": ["supplier.s_name"],"Sort Method": "quicksort","Sort Space Used": 43,"Sort Space Type": "Memory","Plans": [{"Node Type": "Hash Join","Parent Relationship": "Outer","Parallel Aware": false,"Async Capable": false,"Join Type": "Semi","Startup Cost": 88199.59,"Total Cost": 88439.31,"Plan Rows": 108,"Plan Width": 51,"Actual Startup Time": 996.380,"Actual Total Time": 1000.289,"Actual Rows": 196,"Actual Loops": 1,"Inner Unique": false,"Hash Cond": "(supplier.s_suppkey = partsupp.ps_suppkey)","Plans": [{"Node Type": "Nested Loop","Parent Relationship": "Outer","Parallel Aware": false,"Async Capable": false,"Join Type": "Inner","Startup Cost": 7.38,"Total Cost": 244.58,"Plan Rows": 400,"Plan Width": 55,"Actual Startup Time": 0.242,"Actual Total Time": 4.098,"Actual Rows": 402,"Actual Loops": 1,"Inner Unique": false,"Plans": [{"Node Type": "Seq Scan","Parent Relationship": "Outer","Parallel Aware": false,"Async Capable": false,"Relation Name": "nation","Alias": "nation","Startup Cost": 0.00,"Total Cost": 1.31,"Plan Rows": 1,"Plan Width": 4,"Actual Startup Time": 0.076,"Actual Total Time": 0.096,"Actual Rows": 1,"Actual Loops": 1,"Filter": "(n_name = 'FRANCE'::bpchar)","Rows Removed by Filter": 24},{"Node Type": "Bitmap Heap Scan","Parent Relationship": "Inner","Parallel Aware": false,"Async Capable": false,"Relation Name": "supplier","Alias": "supplier","Startup Cost": 7.38,"Total Cost": 239.27,"Plan Rows": 400,"Plan Width": 59,"Actual Startup Time": 0.159,"Actual Total Time": 3.935,"Actual Rows": 402,"Actual Loops": 1,"Recheck Cond": "(s_nationkey = nation.n_nationkey)","Rows Removed by Index Recheck": 0,"Exact Heap Blocks": 184,"Lossy Heap Blocks": 0,"Plans": [{"Node Type": "Bitmap Index Scan","Parent Relationship": "Outer","Parallel Aware": false,"Async Capable": false,"Index Name": "idx_supplier_nation_key","Startup Cost": 0.00,"Total Cost": 7.29,"Plan Rows": 400,"Plan Width": 0,"Actual Startup Time": 0.102,"Actual Total Time": 0.104,"Actual Rows": 402,"Actual Loops": 1,"Index Cond": "(s_nationkey = nation.n_nationkey)"}]}]},{"Node Type": "Hash","Parent Relationship": "Inner","Parallel Aware": false,"Async Capable": false,"Startup Cost": 88158.53,"Total Cost": 88158.53,"Plan Rows": 2694,"Plan Width": 4,"Actual Startup Time": 996.041,"Actual Total Time": 996.049,"Actual Rows": 6102,"Actual Loops": 1,"Hash Buckets": 8192,"Original Hash Buckets": 4096,"Hash Batches": 1,"Original Hash Batches": 1,"Peak Memory Usage": 279,"Plans": [{"Node Type": "Nested Loop","Parent Relationship": "Outer","Parallel Aware": false,"Async Capable": false,"Join Type": "Inner","Startup Cost": 0.42,"Total Cost": 88158.53,"Plan Rows": 2694,"Plan Width": 4,"Actual Startup Time": 0.655,"Actual Total Time": 991.368,"Actual Rows": 6102,"Actual Loops": 1,"Inner Unique": false,"Plans": [{"Node Type": "Seq Scan","Parent Relationship": "Outer","Parallel Aware": false,"Async Capable": false,"Relation Name": "part","Alias": "part","Startup Cost": 0.00,"Total Cost": 6597.00,"Plan Rows": 2020,"Plan Width": 4,"Actual Startup Time": 0.075,"Actual Total Time": 181.367,"Actual Rows": 2255,"Actual Loops": 1,"Filter": "((p_name)::text ~~ 'navajo%'::text)","Rows Removed by Filter": 197745},{"Node Type": "Index Scan","Parent Relationship": "Inner","Parallel Aware": false,"Async Capable": false,"Scan Direction": "Forward","Index Name": "idx_partsupp_partkey","Relation Name": "partsupp","Alias": "partsupp","Startup Cost": 0.42,"Total Cost": 40.36,"Plan Rows": 1,"Plan Width": 8,"Actual Startup Time": 0.151,"Actual Total Time": 0.359,"Actual Rows": 3,"Actual Loops": 2255,"Index Cond": "(ps_partkey = part.p_partkey)","Rows Removed by Index Recheck": 0,"Filter": "((ps_availqty)::numeric > (SubPlan 1))","Rows Removed by Filter": 1,"Plans": [{"Node Type": "Aggregate","Strategy": "Plain","Partial Mode": "Simple","Parent Relationship": "SubPlan","Subplan Name": "SubPlan 1","Parallel Aware": false,"Async Capable": false,"Startup Cost": 8.46,"Total Cost": 8.47,"Plan Rows": 1,"Plan Width": 32,"Actual Startup Time": 0.081,"Actual Total Time": 0.081,"Actual Rows": 1,"Actual Loops": 9020,"Plans": [{"Node Type": "Index Scan","Parent Relationship": "Outer","Parallel Aware": false,"Async Capable": false,"Scan Direction": "Forward","Index Name": "idx_lineitem_part_supp","Relation Name": "lineitem","Alias": "lineitem","Startup Cost": 0.43,"Total Cost": 8.46,"Plan Rows": 0,"Plan Width": 5,"Actual Startup Time": 0.049,"Actual Total Time": 0.081,"Actual Rows": 1,"Actual Loops": 9020,"Index Cond": "((l_partkey = partsupp.ps_partkey) AND (l_suppkey = partsupp.ps_suppkey))","Rows Removed by Index Recheck": 0,"Filter": "((l_shipdate >= '1993-01-01'::date) AND (l_shipdate < '1994-01-01 00:00:00'::timestamp without time zone))","Rows Removed by Filter": 6}]}]}]}]}]}]},"Planning Time": 7.450,"Triggers": [],"Execution Time": 1000.956}]
[{"Plan": {"Node Type": "Sort","Parallel Aware": false,"Async Capable": false,"Startup Cost": 88442.96,"Total Cost": 88443.23,"Plan Rows": 108,"Plan Width": 51,"Actual Startup Time": 967.781,"Actual Total Time": 967.820,"Actual Rows": 175,"Actual Loops": 1,"Sort Key": ["supplier.s_name"],"Sort Method": "quicksort","Sort Space Used": 41,"Sort Space Type": "Memory","Plans": [{"Node Type": "Hash Join","Parent Relationship": "Outer","Parallel Aware": false,"Async Capable": false,"Join Type": "Semi","Startup Cost": 88199.59,"Total Cost": 88439.31,"Plan Rows": 108,"Plan Width": 51,"Actual Startup Time": 963.484,"Actual Total Time": 967.492,"Actual Rows": 175,"Actual Loops": 1,"Inner Unique": false,"Hash Cond": "(supplier.s_suppkey = partsupp.ps_suppkey)","Plans": [{"Node Type": "Nested Loop","Parent Relationship": "Outer","Parallel Aware": false,"Async Capable": false,"Join Type": "Inner","Startup Cost": 7.38,"Total Cost": 244.58,"Plan Rows": 400,"Plan Width": 55,"Actual Startup Time": 0.252,"Actual Total Time": 4.131,"Actual Rows": 396,"Actual Loops": 1,"Inner Unique": false,"Plans": [{"Node Type": "Seq Scan","Parent Relationship": "Outer","Parallel Aware": false,"Async Capable": false,"Relation Name": "nation","Alias": "nation","Startup Cost": 0.00,"Total Cost": 1.31,"Plan Rows": 1,"Plan Width": 4,"Actual Startup Time": 0.073,"Actual Total Time": 0.099,"Actual Rows": 1,"Actual Loops": 1,"Filter": "(n_name = 'GERMANY'::bpchar)","Rows Removed by Filter": 24},{"Node Type": "Bitmap Heap Scan","Parent Relationship": "Inner","Parallel Aware": false,"Async Capable": false,"Relation Name": "supplier","Alias": "supplier","Startup Cost": 7.38,"Total Cost": 239.27,"Plan Rows": 400,"Plan Width": 59,"Actual Startup Time": 0.168,"Actual Total Time": 3.960,"Actual Rows": 396,"Actual Loops": 1,"Recheck Cond": "(s_nationkey = nation.n_nationkey)","Rows Removed by Index Recheck": 0,"Exact Heap Blocks": 191,"Lossy Heap Blocks": 0,"Plans": [{"Node Type": "Bitmap Index Scan","Parent Relationship": "Outer","Parallel Aware": false,"Async Capable": false,"Index Name": "idx_supplier_nation_key","Startup Cost": 0.00,"Total Cost": 7.29,"Plan Rows": 400,"Plan Width": 0,"Actual Startup Time": 0.089,"Actual Total Time": 0.095,"Actual Rows": 396,"Actual Loops": 1,"Index Cond": "(s_nationkey = nation.n_nationkey)"}]}]},{"Node Type": "Hash","Parent Relationship": "Inner","Parallel Aware": false,"Async Capable": false,"Startup Cost": 88158.53,"Total Cost": 88158.53,"Plan Rows": 2694,"Plan Width": 4,"Actual Startup Time": 963.172,"Actual Total Time": 963.184,"Actual Rows": 5829,"Actual Loops": 1,"Hash Buckets": 8192,"Original Hash Buckets": 4096,"Hash Batches": 1,"Original Hash Batches": 1,"Peak Memory Usage": 269,"Plans": [{"Node Type": "Nested Loop","Parent Relationship": "Outer","Parallel Aware": false,"Async Capable": false,"Join Type": "Inner","Startup Cost": 0.42,"Total Cost": 88158.53,"Plan Rows": 2694,"Plan Width": 4,"Actual Startup Time": 0.623,"Actual Total Time": 958.909,"Actual Rows": 5829,"Actual Loops": 1,"Inner Unique": false,"Plans": [{"Node Type": "Seq Scan","Parent Relationship": "Outer","Parallel Aware": false,"Async Capable": false,"Relation Name": "part","Alias": "part","Startup Cost": 0.00,"Total Cost": 6597.00,"Plan Rows": 2020,"Plan Width": 4,"Actual Startup Time": 0.054,"Actual Total Time": 180.172,"Actual Rows": 2153,"Actual Loops": 1,"Filter": "((p_name)::text ~~ 'ghost%'::text)","Rows Removed by Filter": 197847},{"Node Type": "Index Scan","Parent Relationship": "Inner","Parallel Aware": false,"Async Capable": false,"Scan Direction": "Forward","Index Name": "idx_partsupp_partkey","Relation Name": "partsupp","Alias": "partsupp","Startup Cost": 0.42,"Total Cost": 40.36,"Plan Rows": 1,"Plan Width": 8,"Actual Startup Time": 0.151,"Actual Total Time": 0.361,"Actual Rows": 3,"Actual Loops": 2153,"Index Cond": "(ps_partkey = part.p_partkey)","Rows Removed by Index Recheck": 0,"Filter": "((ps_availqty)::numeric > (SubPlan 1))","Rows Removed by Filter": 1,"Plans": [{"Node Type": "Aggregate","Strategy": "Plain","Partial Mode": "Simple","Parent Relationship": "SubPlan","Subplan Name": "SubPlan 1","Parallel Aware": false,"Async Capable": false,"Startup Cost": 8.46,"Total Cost": 8.47,"Plan Rows": 1,"Plan Width": 32,"Actual Startup Time": 0.082,"Actual Total Time": 0.082,"Actual Rows": 1,"Actual Loops": 8612,"Plans": [{"Node Type": "Index Scan","Parent Relationship": "Outer","Parallel Aware": false,"Async Capable": false,"Scan Direction": "Forward","Index Name": "idx_lineitem_part_supp","Relation Name": "lineitem","Alias": "lineitem","Startup Cost": 0.43,"Total Cost": 8.46,"Plan Rows": 0,"Plan Width": 5,"Actual Startup Time": 0.050,"Actual Total Time": 0.081,"Actual Rows": 1,"Actual Loops": 8612,"Index Cond": "((l_partkey = partsupp.ps_partkey) AND (l_suppkey = partsupp.ps_suppkey))","Rows Removed by Index Recheck": 0,"Filter": "((l_shipdate >= '1994-01-01'::date) AND (l_shipdate < '1995-01-01 00:00:00'::timestamp without time zone))","Rows Removed by Filter": 6}]}]}]}]}]}]},"Planning Time": 5.762,"Triggers": [],"Execution Time": 968.079}]
[{"Plan": {"Node Type": "Sort","Parallel Aware": false,"Async Capable": false,"Startup Cost": 88442.96,"Total Cost": 88443.23,"Plan Rows": 108,"Plan Width": 51,"Actual Startup Time": 894.677,"Actual Total Time": 894.713,"Actual Rows": 154,"Actual Loops": 1,"Sort Key": ["supplier.s_name"],"Sort Method": "quicksort","Sort Space Used": 39,"Sort Space Type": "Memory","Plans": [{"Node Type": "Hash Join","Parent Relationship": "Outer","Parallel Aware": false,"Async Capable": false,"Join Type": "Semi","Startup Cost": 88199.59,"Total Cost": 88439.31,"Plan Rows": 108,"Plan Width": 51,"Actual Startup Time": 890.495,"Actual Total Time": 894.258,"Actual Rows": 154,"Actual Loops": 1,"Inner Unique": false,"Hash Cond": "(supplier.s_suppkey = partsupp.ps_suppkey)","Plans": [{"Node Type": "Nested Loop","Parent Relationship": "Outer","Parallel Aware": false,"Async Capable": false,"Join Type": "Inner","Startup Cost": 7.38,"Total Cost": 244.58,"Plan Rows": 400,"Plan Width": 55,"Actual Startup Time": 0.258,"Actual Total Time": 3.954,"Actual Rows": 377,"Actual Loops": 1,"Inner Unique": false,"Plans": [{"Node Type": "Seq Scan","Parent Relationship": "Outer","Parallel Aware": false,"Async Capable": false,"Relation Name": "nation","Alias": "nation","Startup Cost": 0.00,"Total Cost": 1.31,"Plan Rows": 1,"Plan Width": 4,"Actual Startup Time": 0.069,"Actual Total Time": 0.097,"Actual Rows": 1,"Actual Loops": 1,"Filter": "(n_name = 'JAPAN'::bpchar)","Rows Removed by Filter": 24},{"Node Type": "Bitmap Heap Scan","Parent Relationship": "Inner","Parallel Aware": false,"Async Capable": false,"Relation Name": "supplier","Alias": "supplier","Startup Cost": 7.38,"Total Cost": 239.27,"Plan Rows": 400,"Plan Width": 59,"Actual Startup Time": 0.185,"Actual Total Time": 3.791,"Actual Rows": 377,"Actual Loops": 1,"Recheck Cond": "(s_nationkey = nation.n_nationkey)","Rows Removed by Index Recheck": 0,"Exact Heap Blocks": 180,"Lossy Heap Blocks": 0,"Plans": [{"Node Type": "Bitmap Index Scan","Parent Relationship": "Outer","Parallel Aware": false,"Async Capable": false,"Index Name": "idx_supplier_nation_key","Startup Cost": 0.00,"Total Cost": 7.29,"Plan Rows": 400,"Plan Width": 0,"Actual Startup Time": 0.107,"Actual Total Time": 0.111,"Actual Rows": 377,"Actual Loops": 1,"Index Cond": "(s_nationkey = nation.n_nationkey)"}]}]},{"Node Type": "Hash","Parent Relationship": "Inner","Parallel Aware": false,"Async Capable": false,"Startup Cost": 88158.53,"Total Cost": 88158.53,"Plan Rows": 2694,"Plan Width": 4,"Actual Startup Time": 890.162,"Actual Total Time": 890.169,"Actual Rows": 5777,"Actual Loops": 1,"Hash Buckets": 8192,"Original Hash Buckets": 4096,"Hash Batches": 1,"Original Hash Batches": 1,"Peak Memory Usage": 268,"Plans": [{"Node Type": "Nested Loop","Parent Relationship": "Outer","Parallel Aware": false,"Async Capable": false,"Join Type": "Inner","Startup Cost": 0.42,"Total Cost": 88158.53,"Plan Rows": 2694,"Plan Width": 4,"Actual Startup Time": 1.561,"Actual Total Time": 885.474,"Actual Rows": 5777,"Actual Loops": 1,"Inner Unique": false,"Plans": [{"Node Type": "Seq Scan","Parent Relationship": "Outer","Parallel Aware": false,"Async Capable": false,"Relation Name": "part","Alias": "part","Startup Cost": 0.00,"Total Cost": 6597.00,"Plan Rows": 2020,"Plan Width": 4,"Actual Startup Time": 0.464,"Actual Total Time": 197.179,"Actual Rows": 2118,"Actual Loops": 1,"Filter": "((p_name)::text ~~ 'smoke%'::text)","Rows Removed by Filter": 197882},{"Node Type": "Index Scan","Parent Relationship": "Inner","Parallel Aware": false,"Async Capable": false,"Scan Direction": "Forward","Index Name": "idx_partsupp_partkey","Relation Name": "partsupp","Alias": "partsupp","Startup Cost": 0.42,"Total Cost": 40.36,"Plan Rows": 1,"Plan Width": 8,"Actual Startup Time": 0.137,"Actual Total Time": 0.324,"Actual Rows": 3,"Actual Loops": 2118,"Index Cond": "(ps_partkey = part.p_partkey)","Rows Removed by Index Recheck": 0,"Filter": "((ps_availqty)::numeric > (SubPlan 1))","Rows Removed by Filter": 1,"Plans": [{"Node Type": "Aggregate","Strategy": "Plain","Partial Mode": "Simple","Parent Relationship": "SubPlan","Subplan Name": "SubPlan 1","Parallel Aware": false,"Async Capable": false,"Startup Cost": 8.46,"Total Cost": 8.47,"Plan Rows": 1,"Plan Width": 32,"Actual Startup Time": 0.073,"Actual Total Time": 0.073,"Actual Rows": 1,"Actual Loops": 8472,"Plans": [{"Node Type": "Index Scan","Parent Relationship": "Outer","Parallel Aware": false,"Async Capable": false,"Scan Direction": "Forward","Index Name": "idx_lineitem_part_supp","Relation Name": "lineitem","Alias": "lineitem","Startup Cost": 0.43,"Total Cost": 8.46,"Plan Rows": 0,"Plan Width": 5,"Actual Startup Time": 0.044,"Actual Total Time": 0.072,"Actual Rows": 1,"Actual Loops": 8472,"Index Cond": "((l_partkey = partsupp.ps_partkey) AND (l_suppkey = partsupp.ps_suppkey))","Rows Removed by Index Recheck": 0,"Filter": "((l_shipdate >= '1996-01-01'::date) AND (l_shipdate < '1997-01-01 00:00:00'::timestamp without time zone))","Rows Removed by Filter": 6}]}]}]}]}]}]},"Planning Time": 6.323,"Triggers": [],"Execution Time": 895.007}]
[{"Plan": {"Node Type": "Sort","Parallel Aware": false,"Async Capable": false,"Startup Cost": 88442.96,"Total Cost": 88443.23,"Plan Rows": 108,"Plan Width": 51,"Actual Startup Time": 963.598,"Actual Total Time": 963.640,"Actual Rows": 199,"Actual Loops": 1,"Sort Key": ["supplier.s_name"],"Sort Method": "quicksort","Sort Space Used": 43,"Sort Space Type": "Memory","Plans": [{"Node Type": "Hash Join","Parent Relationship": "Outer","Parallel Aware": false,"Async Capable": false,"Join Type": "Semi","Startup Cost": 88199.59,"Total Cost": 88439.31,"Plan Rows": 108,"Plan Width": 51,"Actual Startup Time": 959.124,"Actual Total Time": 963.053,"Actual Rows": 199,"Actual Loops": 1,"Inner Unique": false,"Hash Cond": "(supplier.s_suppkey = partsupp.ps_suppkey)","Plans": [{"Node Type": "Nested Loop","Parent Relationship": "Outer","Parallel Aware": false,"Async Capable": false,"Join Type": "Inner","Startup Cost": 7.38,"Total Cost": 244.58,"Plan Rows": 400,"Plan Width": 55,"Actual Startup Time": 0.203,"Actual Total Time": 4.025,"Actual Rows": 402,"Actual Loops": 1,"Inner Unique": false,"Plans": [{"Node Type": "Seq Scan","Parent Relationship": "Outer","Parallel Aware": false,"Async Capable": false,"Relation Name": "nation","Alias": "nation","Startup Cost": 0.00,"Total Cost": 1.31,"Plan Rows": 1,"Plan Width": 4,"Actual Startup Time": 0.039,"Actual Total Time": 0.066,"Actual Rows": 1,"Actual Loops": 1,"Filter": "(n_name = 'FRANCE'::bpchar)","Rows Removed by Filter": 24},{"Node Type": "Bitmap Heap Scan","Parent Relationship": "Inner","Parallel Aware": false,"Async Capable": false,"Relation Name": "supplier","Alias": "supplier","Startup Cost": 7.38,"Total Cost": 239.27,"Plan Rows": 400,"Plan Width": 59,"Actual Startup Time": 0.159,"Actual Total Time": 3.900,"Actual Rows": 402,"Actual Loops": 1,"Recheck Cond": "(s_nationkey = nation.n_nationkey)","Rows Removed by Index Recheck": 0,"Exact Heap Blocks": 184,"Lossy Heap Blocks": 0,"Plans": [{"Node Type": "Bitmap Index Scan","Parent Relationship": "Outer","Parallel Aware": false,"Async Capable": false,"Index Name": "idx_supplier_nation_key","Startup Cost": 0.00,"Total Cost": 7.29,"Plan Rows": 400,"Plan Width": 0,"Actual Startup Time": 0.091,"Actual Total Time": 0.096,"Actual Rows": 402,"Actual Loops": 1,"Index Cond": "(s_nationkey = nation.n_nationkey)"}]}]},{"Node Type": "Hash","Parent Relationship": "Inner","Parallel Aware": false,"Async Capable": false,"Startup Cost": 88158.53,"Total Cost": 88158.53,"Plan Rows": 2694,"Plan Width": 4,"Actual Startup Time": 958.843,"Actual Total Time": 958.852,"Actual Rows": 5787,"Actual Loops": 1,"Hash Buckets": 8192,"Original Hash Buckets": 4096,"Hash Batches": 1,"Original Hash Batches": 1,"Peak Memory Usage": 268,"Plans": [{"Node Type": "Nested Loop","Parent Relationship": "Outer","Parallel Aware": false,"Async Capable": false,"Join Type": "Inner","Startup Cost": 0.42,"Total Cost": 88158.53,"Plan Rows": 2694,"Plan Width": 4,"Actual Startup Time": 0.575,"Actual Total Time": 955.032,"Actual Rows": 5787,"Actual Loops": 1,"Inner Unique": false,"Plans": [{"Node Type": "Seq Scan","Parent Relationship": "Outer","Parallel Aware": false,"Async Capable": false,"Relation Name": "part","Alias": "part","Startup Cost": 0.00,"Total Cost": 6597.00,"Plan Rows": 2020,"Plan Width": 4,"Actual Startup Time": 0.076,"Actual Total Time": 180.986,"Actual Rows": 2146,"Actual Loops": 1,"Filter": "((p_name)::text ~~ 'chocolate%'::text)","Rows Removed by Filter": 197854},{"Node Type": "Index Scan","Parent Relationship": "Inner","Parallel Aware": false,"Async Capable": false,"Scan Direction": "Forward","Index Name": "idx_partsupp_partkey","Relation Name": "partsupp","Alias": "partsupp","Startup Cost": 0.42,"Total Cost": 40.36,"Plan Rows": 1,"Plan Width": 8,"Actual Startup Time": 0.151,"Actual Total Time": 0.360,"Actual Rows": 3,"Actual Loops": 2146,"Index Cond": "(ps_partkey = part.p_partkey)","Rows Removed by Index Recheck": 0,"Filter": "((ps_availqty)::numeric > (SubPlan 1))","Rows Removed by Filter": 1,"Plans": [{"Node Type": "Aggregate","Strategy": "Plain","Partial Mode": "Simple","Parent Relationship": "SubPlan","Subplan Name": "SubPlan 1","Parallel Aware": false,"Async Capable": false,"Startup Cost": 8.46,"Total Cost": 8.47,"Plan Rows": 1,"Plan Width": 32,"Actual Startup Time": 0.082,"Actual Total Time": 0.082,"Actual Rows": 1,"Actual Loops": 8584,"Plans": [{"Node Type": "Index Scan","Parent Relationship": "Outer","Parallel Aware": false,"Async Capable": false,"Scan Direction": "Forward","Index Name": "idx_lineitem_part_supp","Relation Name": "lineitem","Alias": "lineitem","Startup Cost": 0.43,"Total Cost": 8.46,"Plan Rows": 0,"Plan Width": 5,"Actual Startup Time": 0.050,"Actual Total Time": 0.081,"Actual Rows": 1,"Actual Loops": 8584,"Index Cond": "((l_partkey = partsupp.ps_partkey) AND (l_suppkey = partsupp.ps_suppkey))","Rows Removed by Index Recheck": 0,"Filter": "((l_shipdate >= '1993-01-01'::date) AND (l_shipdate < '1994-01-01 00:00:00'::timestamp without time zone))","Rows Removed by Filter": 6}]}]}]}]}]}]},"Planning Time": 6.116,"Triggers": [],"Execution Time": 963.975}]
[{"Plan": {"Node Type": "Sort","Parallel Aware": false,"Async Capable": false,"Startup Cost": 88442.96,"Total Cost": 88443.23,"Plan Rows": 108,"Plan Width": 51,"Actual Startup Time": 898.863,"Actual Total Time": 898.903,"Actual Rows": 175,"Actual Loops": 1,"Sort Key": ["supplier.s_name"],"Sort Method": "quicksort","Sort Space Used": 41,"Sort Space Type": "Memory","Plans": [{"Node Type": "Hash Join","Parent Relationship": "Outer","Parallel Aware": false,"Async Capable": false,"Join Type": "Semi","Startup Cost": 88199.59,"Total Cost": 88439.31,"Plan Rows": 108,"Plan Width": 51,"Actual Startup Time": 894.494,"Actual Total Time": 898.542,"Actual Rows": 175,"Actual Loops": 1,"Inner Unique": false,"Hash Cond": "(supplier.s_suppkey = partsupp.ps_suppkey)","Plans": [{"Node Type": "Nested Loop","Parent Relationship": "Outer","Parallel Aware": false,"Async Capable": false,"Join Type": "Inner","Startup Cost": 7.38,"Total Cost": 244.58,"Plan Rows": 400,"Plan Width": 55,"Actual Startup Time": 0.336,"Actual Total Time": 4.263,"Actual Rows": 401,"Actual Loops": 1,"Inner Unique": false,"Plans": [{"Node Type": "Seq Scan","Parent Relationship": "Outer","Parallel Aware": false,"Async Capable": false,"Relation Name": "nation","Alias": "nation","Startup Cost": 0.00,"Total Cost": 1.31,"Plan Rows": 1,"Plan Width": 4,"Actual Startup Time": 0.084,"Actual Total Time": 0.103,"Actual Rows": 1,"Actual Loops": 1,"Filter": "(n_name = 'RUSSIA'::bpchar)","Rows Removed by Filter": 24},{"Node Type": "Bitmap Heap Scan","Parent Relationship": "Inner","Parallel Aware": false,"Async Capable": false,"Relation Name": "supplier","Alias": "supplier","Startup Cost": 7.38,"Total Cost": 239.27,"Plan Rows": 400,"Plan Width": 59,"Actual Startup Time": 0.241,"Actual Total Time": 4.089,"Actual Rows": 401,"Actual Loops": 1,"Recheck Cond": "(s_nationkey = nation.n_nationkey)","Rows Removed by Index Recheck": 0,"Exact Heap Blocks": 180,"Lossy Heap Blocks": 0,"Plans": [{"Node Type": "Bitmap Index Scan","Parent Relationship": "Outer","Parallel Aware": false,"Async Capable": false,"Index Name": "idx_supplier_nation_key","Startup Cost": 0.00,"Total Cost": 7.29,"Plan Rows": 400,"Plan Width": 0,"Actual Startup Time": 0.153,"Actual Total Time": 0.159,"Actual Rows": 401,"Actual Loops": 1,"Index Cond": "(s_nationkey = nation.n_nationkey)"}]}]},{"Node Type": "Hash","Parent Relationship": "Inner","Parallel Aware": false,"Async Capable": false,"Startup Cost": 88158.53,"Total Cost": 88158.53,"Plan Rows": 2694,"Plan Width": 4,"Actual Startup Time": 894.080,"Actual Total Time": 894.094,"Actual Rows": 5744,"Actual Loops": 1,"Hash Buckets": 8192,"Original Hash Buckets": 4096,"Hash Batches": 1,"Original Hash Batches": 1,"Peak Memory Usage": 266,"Plans": [{"Node Type": "Nested Loop","Parent Relationship": "Outer","Parallel Aware": false,"Async Capable": false,"Join Type": "Inner","Startup Cost": 0.42,"Total Cost": 88158.53,"Plan Rows": 2694,"Plan Width": 4,"Actual Startup Time": 0.565,"Actual Total Time": 889.569,"Actual Rows": 5744,"Actual Loops": 1,"Inner Unique": false,"Plans": [{"Node Type": "Seq Scan","Parent Relationship": "Outer","Parallel Aware": false,"Async Capable": false,"Relation Name": "part","Alias": "part","Startup Cost": 0.00,"Total Cost": 6597.00,"Plan Rows": 2020,"Plan Width": 4,"Actual Startup Time": 0.067,"Actual Total Time": 201.238,"Actual Rows": 2117,"Actual Loops": 1,"Filter": "((p_name)::text ~~ 'deep%'::text)","Rows Removed by Filter": 197883},{"Node Type": "Index Scan","Parent Relationship": "Inner","Parallel Aware": false,"Async Capable": false,"Scan Direction": "Forward","Index Name": "idx_partsupp_partkey","Relation Name": "partsupp","Alias": "partsupp","Startup Cost": 0.42,"Total Cost": 40.36,"Plan Rows": 1,"Plan Width": 8,"Actual Startup Time": 0.138,"Actual Total Time": 0.325,"Actual Rows": 3,"Actual Loops": 2117,"Index Cond": "(ps_partkey = part.p_partkey)","Rows Removed by Index Recheck": 0,"Filter": "((ps_availqty)::numeric > (SubPlan 1))","Rows Removed by Filter": 1,"Plans": [{"Node Type": "Aggregate","Strategy": "Plain","Partial Mode": "Simple","Parent Relationship": "SubPlan","Subplan Name": "SubPlan 1","Parallel Aware": false,"Async Capable": false,"Startup Cost": 8.46,"Total Cost": 8.47,"Plan Rows": 1,"Plan Width": 32,"Actual Startup Time": 0.073,"Actual Total Time": 0.073,"Actual Rows": 1,"Actual Loops": 8468,"Plans": [{"Node Type": "Index Scan","Parent Relationship": "Outer","Parallel Aware": false,"Async Capable": false,"Scan Direction": "Forward","Index Name": "idx_lineitem_part_supp","Relation Name": "lineitem","Alias": "lineitem","Startup Cost": 0.43,"Total Cost": 8.46,"Plan Rows": 0,"Plan Width": 5,"Actual Startup Time": 0.044,"Actual Total Time": 0.072,"Actual Rows": 1,"Actual Loops": 8468,"Index Cond": "((l_partkey = partsupp.ps_partkey) AND (l_suppkey = partsupp.ps_suppkey))","Rows Removed by Index Recheck": 0,"Filter": "((l_shipdate >= '1997-01-01'::date) AND (l_shipdate < '1998-01-01 00:00:00'::timestamp without time zone))","Rows Removed by Filter": 6}]}]}]}]}]}]},"Planning Time": 6.945,"Triggers": [],"Execution Time": 899.178}]
[{"Plan": {"Node Type": "Sort","Parallel Aware": false,"Async Capable": false,"Startup Cost": 88442.96,"Total Cost": 88443.23,"Plan Rows": 108,"Plan Width": 51,"Actual Startup Time": 893.392,"Actual Total Time": 893.430,"Actual Rows": 182,"Actual Loops": 1,"Sort Key": ["supplier.s_name"],"Sort Method": "quicksort","Sort Space Used": 42,"Sort Space Type": "Memory","Plans": [{"Node Type": "Hash Join","Parent Relationship": "Outer","Parallel Aware": false,"Async Capable": false,"Join Type": "Semi","Startup Cost": 88199.59,"Total Cost": 88439.31,"Plan Rows": 108,"Plan Width": 51,"Actual Startup Time": 888.943,"Actual Total Time": 892.946,"Actual Rows": 182,"Actual Loops": 1,"Inner Unique": false,"Hash Cond": "(supplier.s_suppkey = partsupp.ps_suppkey)","Plans": [{"Node Type": "Nested Loop","Parent Relationship": "Outer","Parallel Aware": false,"Async Capable": false,"Join Type": "Inner","Startup Cost": 7.38,"Total Cost": 244.58,"Plan Rows": 400,"Plan Width": 55,"Actual Startup Time": 0.317,"Actual Total Time": 4.280,"Actual Rows": 397,"Actual Loops": 1,"Inner Unique": false,"Plans": [{"Node Type": "Seq Scan","Parent Relationship": "Outer","Parallel Aware": false,"Async Capable": false,"Relation Name": "nation","Alias": "nation","Startup Cost": 0.00,"Total Cost": 1.31,"Plan Rows": 1,"Plan Width": 4,"Actual Startup Time": 0.067,"Actual Total Time": 0.101,"Actual Rows": 1,"Actual Loops": 1,"Filter": "(n_name = 'BRAZIL'::bpchar)","Rows Removed by Filter": 24},{"Node Type": "Bitmap Heap Scan","Parent Relationship": "Inner","Parallel Aware": false,"Async Capable": false,"Relation Name": "supplier","Alias": "supplier","Startup Cost": 7.38,"Total Cost": 239.27,"Plan Rows": 400,"Plan Width": 59,"Actual Startup Time": 0.247,"Actual Total Time": 4.120,"Actual Rows": 397,"Actual Loops": 1,"Recheck Cond": "(s_nationkey = nation.n_nationkey)","Rows Removed by Index Recheck": 0,"Exact Heap Blocks": 187,"Lossy Heap Blocks": 0,"Plans": [{"Node Type": "Bitmap Index Scan","Parent Relationship": "Outer","Parallel Aware": false,"Async Capable": false,"Index Name": "idx_supplier_nation_key","Startup Cost": 0.00,"Total Cost": 7.29,"Plan Rows": 400,"Plan Width": 0,"Actual Startup Time": 0.164,"Actual Total Time": 0.167,"Actual Rows": 397,"Actual Loops": 1,"Index Cond": "(s_nationkey = nation.n_nationkey)"}]}]},{"Node Type": "Hash","Parent Relationship": "Inner","Parallel Aware": false,"Async Capable": false,"Startup Cost": 88158.53,"Total Cost": 88158.53,"Plan Rows": 2694,"Plan Width": 4,"Actual Startup Time": 888.514,"Actual Total Time": 888.520,"Actual Rows": 5757,"Actual Loops": 1,"Hash Buckets": 8192,"Original Hash Buckets": 4096,"Hash Batches": 1,"Original Hash Batches": 1,"Peak Memory Usage": 267,"Plans": [{"Node Type": "Nested Loop","Parent Relationship": "Outer","Parallel Aware": false,"Async Capable": false,"Join Type": "Inner","Startup Cost": 0.42,"Total Cost": 88158.53,"Plan Rows": 2694,"Plan Width": 4,"Actual Startup Time": 0.532,"Actual Total Time": 884.040,"Actual Rows": 5757,"Actual Loops": 1,"Inner Unique": false,"Plans": [{"Node Type": "Seq Scan","Parent Relationship": "Outer","Parallel Aware": false,"Async Capable": false,"Relation Name": "part","Alias": "part","Startup Cost": 0.00,"Total Cost": 6597.00,"Plan Rows": 2020,"Plan Width": 4,"Actual Startup Time": 0.065,"Actual Total Time": 201.588,"Actual Rows": 2107,"Actual Loops": 1,"Filter": "((p_name)::text ~~ 'coral%'::text)","Rows Removed by Filter": 197893},{"Node Type": "Index Scan","Parent Relationship": "Inner","Parallel Aware": false,"Async Capable": false,"Scan Direction": "Forward","Index Name": "idx_partsupp_partkey","Relation Name": "partsupp","Alias": "partsupp","Startup Cost": 0.42,"Total Cost": 40.36,"Plan Rows": 1,"Plan Width": 8,"Actual Startup Time": 0.138,"Actual Total Time": 0.323,"Actual Rows": 3,"Actual Loops": 2107,"Index Cond": "(ps_partkey = part.p_partkey)","Rows Removed by Index Recheck": 0,"Filter": "((ps_availqty)::numeric > (SubPlan 1))","Rows Removed by Filter": 1,"Plans": [{"Node Type": "Aggregate","Strategy": "Plain","Partial Mode": "Simple","Parent Relationship": "SubPlan","Subplan Name": "SubPlan 1","Parallel Aware": false,"Async Capable": false,"Startup Cost": 8.46,"Total Cost": 8.47,"Plan Rows": 1,"Plan Width": 32,"Actual Startup Time": 0.072,"Actual Total Time": 0.072,"Actual Rows": 1,"Actual Loops": 8428,"Plans": [{"Node Type": "Index Scan","Parent Relationship": "Outer","Parallel Aware": false,"Async Capable": false,"Scan Direction": "Forward","Index Name": "idx_lineitem_part_supp","Relation Name": "lineitem","Alias": "lineitem","Startup Cost": 0.43,"Total Cost": 8.46,"Plan Rows": 0,"Plan Width": 5,"Actual Startup Time": 0.044,"Actual Total Time": 0.072,"Actual Rows": 1,"Actual Loops": 8428,"Index Cond": "((l_partkey = partsupp.ps_partkey) AND (l_suppkey = partsupp.ps_suppkey))","Rows Removed by Index Recheck": 0,"Filter": "((l_shipdate >= '1994-01-01'::date) AND (l_shipdate < '1995-01-01 00:00:00'::timestamp without time zone))","Rows Removed by Filter": 6}]}]}]}]}]}]},"Planning Time": 6.451,"Triggers": [],"Execution Time": 893.688}]
[{"Plan": {"Node Type": "Sort","Parallel Aware": false,"Async Capable": false,"Startup Cost": 88442.96,"Total Cost": 88443.23,"Plan Rows": 108,"Plan Width": 51,"Actual Startup Time": 976.031,"Actual Total Time": 976.062,"Actual Rows": 169,"Actual Loops": 1,"Sort Key": ["supplier.s_name"],"Sort Method": "quicksort","Sort Space Used": 40,"Sort Space Type": "Memory","Plans": [{"Node Type": "Hash Join","Parent Relationship": "Outer","Parallel Aware": false,"Async Capable": false,"Join Type": "Semi","Startup Cost": 88199.59,"Total Cost": 88439.31,"Plan Rows": 108,"Plan Width": 51,"Actual Startup Time": 971.760,"Actual Total Time": 975.595,"Actual Rows": 169,"Actual Loops": 1,"Inner Unique": false,"Hash Cond": "(supplier.s_suppkey = partsupp.ps_suppkey)","Plans": [{"Node Type": "Nested Loop","Parent Relationship": "Outer","Parallel Aware": false,"Async Capable": false,"Join Type": "Inner","Startup Cost": 7.38,"Total Cost": 244.58,"Plan Rows": 400,"Plan Width": 55,"Actual Startup Time": 0.248,"Actual Total Time": 4.008,"Actual Rows": 377,"Actual Loops": 1,"Inner Unique": false,"Plans": [{"Node Type": "Seq Scan","Parent Relationship": "Outer","Parallel Aware": false,"Async Capable": false,"Relation Name": "nation","Alias": "nation","Startup Cost": 0.00,"Total Cost": 1.31,"Plan Rows": 1,"Plan Width": 4,"Actual Startup Time": 0.075,"Actual Total Time": 0.096,"Actual Rows": 1,"Actual Loops": 1,"Filter": "(n_name = 'JAPAN'::bpchar)","Rows Removed by Filter": 24},{"Node Type": "Bitmap Heap Scan","Parent Relationship": "Inner","Parallel Aware": false,"Async Capable": false,"Relation Name": "supplier","Alias": "supplier","Startup Cost": 7.38,"Total Cost": 239.27,"Plan Rows": 400,"Plan Width": 59,"Actual Startup Time": 0.162,"Actual Total Time": 3.831,"Actual Rows": 377,"Actual Loops": 1,"Recheck Cond": "(s_nationkey = nation.n_nationkey)","Rows Removed by Index Recheck": 0,"Exact Heap Blocks": 180,"Lossy Heap Blocks": 0,"Plans": [{"Node Type": "Bitmap Index Scan","Parent Relationship": "Outer","Parallel Aware": false,"Async Capable": false,"Index Name": "idx_supplier_nation_key","Startup Cost": 0.00,"Total Cost": 7.29,"Plan Rows": 400,"Plan Width": 0,"Actual Startup Time": 0.098,"Actual Total Time": 0.102,"Actual Rows": 377,"Actual Loops": 1,"Index Cond": "(s_nationkey = nation.n_nationkey)"}]}]},{"Node Type": "Hash","Parent Relationship": "Inner","Parallel Aware": false,"Async Capable": false,"Startup Cost": 88158.53,"Total Cost": 88158.53,"Plan Rows": 2694,"Plan Width": 4,"Actual Startup Time": 971.407,"Actual Total Time": 971.416,"Actual Rows": 5944,"Actual Loops": 1,"Hash Buckets": 8192,"Original Hash Buckets": 4096,"Hash Batches": 1,"Original Hash Batches": 1,"Peak Memory Usage": 273,"Plans": [{"Node Type": "Nested Loop","Parent Relationship": "Outer","Parallel Aware": false,"Async Capable": false,"Join Type": "Inner","Startup Cost": 0.42,"Total Cost": 88158.53,"Plan Rows": 2694,"Plan Width": 4,"Actual Startup Time": 0.737,"Actual Total Time": 967.478,"Actual Rows": 5944,"Actual Loops": 1,"Inner Unique": false,"Plans": [{"Node Type": "Seq Scan","Parent Relationship": "Outer","Parallel Aware": false,"Async Capable": false,"Relation Name": "part","Alias": "part","Startup Cost": 0.00,"Total Cost": 6597.00,"Plan Rows": 2020,"Plan Width": 4,"Actual Startup Time": 0.187,"Actual Total Time": 181.740,"Actual Rows": 2183,"Actual Loops": 1,"Filter": "((p_name)::text ~~ 'papaya%'::text)","Rows Removed by Filter": 197817},{"Node Type": "Index Scan","Parent Relationship": "Inner","Parallel Aware": false,"Async Capable": false,"Scan Direction": "Forward","Index Name": "idx_partsupp_partkey","Relation Name": "partsupp","Alias": "partsupp","Startup Cost": 0.42,"Total Cost": 40.36,"Plan Rows": 1,"Plan Width": 8,"Actual Startup Time": 0.149,"Actual Total Time": 0.359,"Actual Rows": 3,"Actual Loops": 2183,"Index Cond": "(ps_partkey = part.p_partkey)","Rows Removed by Index Recheck": 0,"Filter": "((ps_availqty)::numeric > (SubPlan 1))","Rows Removed by Filter": 1,"Plans": [{"Node Type": "Aggregate","Strategy": "Plain","Partial Mode": "Simple","Parent Relationship": "SubPlan","Subplan Name": "SubPlan 1","Parallel Aware": false,"Async Capable": false,"Startup Cost": 8.46,"Total Cost": 8.47,"Plan Rows": 1,"Plan Width": 32,"Actual Startup Time": 0.082,"Actual Total Time": 0.082,"Actual Rows": 1,"Actual Loops": 8732,"Plans": [{"Node Type": "Index Scan","Parent Relationship": "Outer","Parallel Aware": false,"Async Capable": false,"Scan Direction": "Forward","Index Name": "idx_lineitem_part_supp","Relation Name": "lineitem","Alias": "lineitem","Startup Cost": 0.43,"Total Cost": 8.46,"Plan Rows": 0,"Plan Width": 5,"Actual Startup Time": 0.049,"Actual Total Time": 0.081,"Actual Rows": 1,"Actual Loops": 8732,"Index Cond": "((l_partkey = partsupp.ps_partkey) AND (l_suppkey = partsupp.ps_suppkey))","Rows Removed by Index Recheck": 0,"Filter": "((l_shipdate >= '1994-01-01'::date) AND (l_shipdate < '1995-01-01 00:00:00'::timestamp without time zone))","Rows Removed by Filter": 6}]}]}]}]}]}]},"Planning Time": 5.508,"Triggers": [],"Execution Time": 976.311}]
[{"Plan": {"Node Type": "Sort","Parallel Aware": false,"Async Capable": false,"Startup Cost": 165280.99,"Total Cost": 165281.52,"Plan Rows": 215,"Plan Width": 51,"Actual Startup Time": 900.342,"Actual Total Time": 900.380,"Actual Rows": 195,"Actual Loops": 1,"Sort Key": ["supplier.s_name"],"Sort Method": "quicksort","Sort Space Used": 43,"Sort Space Type": "Memory","Plans": [{"Node Type": "Hash Join","Parent Relationship": "Outer","Parallel Aware": false,"Async Capable": false,"Join Type": "Semi","Startup Cost": 165030.68,"Total Cost": 165272.66,"Plan Rows": 215,"Plan Width": 51,"Actual Startup Time": 895.457,"Actual Total Time": 899.987,"Actual Rows": 195,"Actual Loops": 1,"Inner Unique": false,"Hash Cond": "(supplier.s_suppkey = partsupp.ps_suppkey)","Plans": [{"Node Type": "Nested Loop","Parent Relationship": "Outer","Parallel Aware": false,"Async Capable": false,"Join Type": "Inner","Startup Cost": 7.38,"Total Cost": 244.58,"Plan Rows": 400,"Plan Width": 55,"Actual Startup Time": 0.281,"Actual Total Time": 4.347,"Actual Rows": 438,"Actual Loops": 1,"Inner Unique": false,"Plans": [{"Node Type": "Seq Scan","Parent Relationship": "Outer","Parallel Aware": false,"Async Capable": false,"Relation Name": "nation","Alias": "nation","Startup Cost": 0.00,"Total Cost": 1.31,"Plan Rows": 1,"Plan Width": 4,"Actual Startup Time": 0.068,"Actual Total Time": 0.101,"Actual Rows": 1,"Actual Loops": 1,"Filter": "(n_name = 'IRAQ'::bpchar)","Rows Removed by Filter": 24},{"Node Type": "Bitmap Heap Scan","Parent Relationship": "Inner","Parallel Aware": false,"Async Capable": false,"Relation Name": "supplier","Alias": "supplier","Startup Cost": 7.38,"Total Cost": 239.27,"Plan Rows": 400,"Plan Width": 59,"Actual Startup Time": 0.208,"Actual Total Time": 4.178,"Actual Rows": 438,"Actual Loops": 1,"Recheck Cond": "(s_nationkey = nation.n_nationkey)","Rows Removed by Index Recheck": 0,"Exact Heap Blocks": 194,"Lossy Heap Blocks": 0,"Plans": [{"Node Type": "Bitmap Index Scan","Parent Relationship": "Outer","Parallel Aware": false,"Async Capable": false,"Index Name": "idx_supplier_nation_key","Startup Cost": 0.00,"Total Cost": 7.29,"Plan Rows": 400,"Plan Width": 0,"Actual Startup Time": 0.140,"Actual Total Time": 0.144,"Actual Rows": 438,"Actual Loops": 1,"Index Cond": "(s_nationkey = nation.n_nationkey)"}]}]},{"Node Type": "Hash","Parent Relationship": "Inner","Parallel Aware": false,"Async Capable": false,"Startup Cost": 164955.96,"Total Cost": 164955.96,"Plan Rows": 5387,"Plan Width": 4,"Actual Startup Time": 895.013,"Actual Total Time": 895.023,"Actual Rows": 5934,"Actual Loops": 1,"Hash Buckets": 8192,"Original Hash Buckets": 8192,"Hash Batches": 1,"Original Hash Batches": 1,"Peak Memory Usage": 273,"Plans": [{"Node Type": "Nested Loop","Parent Relationship": "Outer","Parallel Aware": false,"Async Capable": false,"Join Type": "Inner","Startup Cost": 0.42,"Total Cost": 164955.96,"Plan Rows": 5387,"Plan Width": 4,"Actual Startup Time": 0.570,"Actual Total Time": 888.883,"Actual Rows": 5934,"Actual Loops": 1,"Inner Unique": false,"Plans": [{"Node Type": "Seq Scan","Parent Relationship": "Outer","Parallel Aware": false,"Async Capable": false,"Relation Name": "part","Alias": "part","Startup Cost": 0.00,"Total Cost": 6597.00,"Plan Rows": 4040,"Plan Width": 4,"Actual Startup Time": 0.149,"Actual Total Time": 196.861,"Actual Rows": 2158,"Actual Loops": 1,"Filter": "((p_name)::text ~~ 'burnished%'::text)","Rows Removed by Filter": 197842},{"Node Type": "Index Scan","Parent Relationship": "Inner","Parallel Aware": false,"Async Capable": false,"Scan Direction": "Forward","Index Name": "idx_partsupp_partkey","Relation Name": "partsupp","Alias": "partsupp","Startup Cost": 0.42,"Total Cost": 39.18,"Plan Rows": 1,"Plan Width": 8,"Actual Startup Time": 0.133,"Actual Total Time": 0.320,"Actual Rows": 3,"Actual Loops": 2158,"Index Cond": "(ps_partkey = part.p_partkey)","Rows Removed by Index Recheck": 0,"Filter": "((ps_availqty)::numeric > (SubPlan 1))","Rows Removed by Filter": 1,"Plans": [{"Node Type": "Aggregate","Strategy": "Plain","Partial Mode": "Simple","Parent Relationship": "SubPlan","Subplan Name": "SubPlan 1","Parallel Aware": false,"Async Capable": false,"Startup Cost": 8.46,"Total Cost": 8.47,"Plan Rows": 1,"Plan Width": 32,"Actual Startup Time": 0.072,"Actual Total Time": 0.072,"Actual Rows": 1,"Actual Loops": 8632,"Plans": [{"Node Type": "Index Scan","Parent Relationship": "Outer","Parallel Aware": false,"Async Capable": false,"Scan Direction": "Forward","Index Name": "idx_lineitem_part_supp","Relation Name": "lineitem","Alias": "lineitem","Startup Cost": 0.43,"Total Cost": 8.46,"Plan Rows": 0,"Plan Width": 5,"Actual Startup Time": 0.043,"Actual Total Time": 0.071,"Actual Rows": 1,"Actual Loops": 8632,"Index Cond": "((l_partkey = partsupp.ps_partkey) AND (l_suppkey = partsupp.ps_suppkey))","Rows Removed by Index Recheck": 0,"Filter": "((l_shipdate >= '1996-01-01'::date) AND (l_shipdate < '1997-01-01 00:00:00'::timestamp without time zone))","Rows Removed by Filter": 6}]}]}]}]}]}]},"Planning Time": 7.510,"Triggers": [],"Execution Time": 900.649}]
[{"Plan": {"Node Type": "Sort","Parallel Aware": false,"Async Capable": false,"Startup Cost": 88442.96,"Total Cost": 88443.23,"Plan Rows": 108,"Plan Width": 51,"Actual Startup Time": 991.909,"Actual Total Time": 991.938,"Actual Rows": 183,"Actual Loops": 1,"Sort Key": ["supplier.s_name"],"Sort Method": "quicksort","Sort Space Used": 42,"Sort Space Type": "Memory","Plans": [{"Node Type": "Hash Join","Parent Relationship": "Outer","Parallel Aware": false,"Async Capable": false,"Join Type": "Semi","Startup Cost": 88199.59,"Total Cost": 88439.31,"Plan Rows": 108,"Plan Width": 51,"Actual Startup Time": 987.301,"Actual Total Time": 991.416,"Actual Rows": 183,"Actual Loops": 1,"Inner Unique": false,"Hash Cond": "(supplier.s_suppkey = partsupp.ps_suppkey)","Plans": [{"Node Type": "Nested Loop","Parent Relationship": "Outer","Parallel Aware": false,"Async Capable": false,"Join Type": "Inner","Startup Cost": 7.38,"Total Cost": 244.58,"Plan Rows": 400,"Plan Width": 55,"Actual Startup Time": 0.372,"Actual Total Time": 4.364,"Actual Rows": 406,"Actual Loops": 1,"Inner Unique": false,"Plans": [{"Node Type": "Seq Scan","Parent Relationship": "Outer","Parallel Aware": false,"Async Capable": false,"Relation Name": "nation","Alias": "nation","Startup Cost": 0.00,"Total Cost": 1.31,"Plan Rows": 1,"Plan Width": 4,"Actual Startup Time": 0.076,"Actual Total Time": 0.102,"Actual Rows": 1,"Actual Loops": 1,"Filter": "(n_name = 'MOZAMBIQUE'::bpchar)","Rows Removed by Filter": 24},{"Node Type": "Bitmap Heap Scan","Parent Relationship": "Inner","Parallel Aware": false,"Async Capable": false,"Relation Name": "supplier","Alias": "supplier","Startup Cost": 7.38,"Total Cost": 239.27,"Plan Rows": 400,"Plan Width": 59,"Actual Startup Time": 0.273,"Actual Total Time": 4.189,"Actual Rows": 406,"Actual Loops": 1,"Recheck Cond": "(s_nationkey = nation.n_nationkey)","Rows Removed by Index Recheck": 0,"Exact Heap Blocks": 186,"Lossy Heap Blocks": 0,"Plans": [{"Node Type": "Bitmap Index Scan","Parent Relationship": "Outer","Parallel Aware": false,"Async Capable": false,"Index Name": "idx_supplier_nation_key","Startup Cost": 0.00,"Total Cost": 7.29,"Plan Rows": 400,"Plan Width": 0,"Actual Startup Time": 0.155,"Actual Total Time": 0.159,"Actual Rows": 406,"Actual Loops": 1,"Index Cond": "(s_nationkey = nation.n_nationkey)"}]}]},{"Node Type": "Hash","Parent Relationship": "Inner","Parallel Aware": false,"Async Capable": false,"Startup Cost": 88158.53,"Total Cost": 88158.53,"Plan Rows": 2694,"Plan Width": 4,"Actual Startup Time": 986.864,"Actual Total Time": 986.872,"Actual Rows": 6051,"Actual Loops": 1,"Hash Buckets": 8192,"Original Hash Buckets": 4096,"Hash Batches": 1,"Original Hash Batches": 1,"Peak Memory Usage": 277,"Plans": [{"Node Type": "Nested Loop","Parent Relationship": "Outer","Parallel Aware": false,"Async Capable": false,"Join Type": "Inner","Startup Cost": 0.42,"Total Cost": 88158.53,"Plan Rows": 2694,"Plan Width": 4,"Actual Startup Time": 1.035,"Actual Total Time": 982.163,"Actual Rows": 6051,"Actual Loops": 1,"Inner Unique": false,"Plans": [{"Node Type": "Seq Scan","Parent Relationship": "Outer","Parallel Aware": false,"Async Capable": false,"Relation Name": "part","Alias": "part","Startup Cost": 0.00,"Total Cost": 6597.00,"Plan Rows": 2020,"Plan Width": 4,"Actual Startup Time": 0.090,"Actual Total Time": 182.988,"Actual Rows": 2233,"Actual Loops": 1,"Filter": "((p_name)::text ~~ 'chiffon%'::text)","Rows Removed by Filter": 197767},{"Node Type": "Index Scan","Parent Relationship": "Inner","Parallel Aware": false,"Async Capable": false,"Scan Direction": "Forward","Index Name": "idx_partsupp_partkey","Relation Name": "partsupp","Alias": "partsupp","Startup Cost": 0.42,"Total Cost": 40.36,"Plan Rows": 1,"Plan Width": 8,"Actual Startup Time": 0.149,"Actual Total Time": 0.357,"Actual Rows": 3,"Actual Loops": 2233,"Index Cond": "(ps_partkey = part.p_partkey)","Rows Removed by Index Recheck": 0,"Filter": "((ps_availqty)::numeric > (SubPlan 1))","Rows Removed by Filter": 1,"Plans": [{"Node Type": "Aggregate","Strategy": "Plain","Partial Mode": "Simple","Parent Relationship": "SubPlan","Subplan Name": "SubPlan 1","Parallel Aware": false,"Async Capable": false,"Startup Cost": 8.46,"Total Cost": 8.47,"Plan Rows": 1,"Plan Width": 32,"Actual Startup Time": 0.081,"Actual Total Time": 0.081,"Actual Rows": 1,"Actual Loops": 8932,"Plans": [{"Node Type": "Index Scan","Parent Relationship": "Outer","Parallel Aware": false,"Async Capable": false,"Scan Direction": "Forward","Index Name": "idx_lineitem_part_supp","Relation Name": "lineitem","Alias": "lineitem","Startup Cost": 0.43,"Total Cost": 8.46,"Plan Rows": 0,"Plan Width": 5,"Actual Startup Time": 0.050,"Actual Total Time": 0.080,"Actual Rows": 1,"Actual Loops": 8932,"Index Cond": "((l_partkey = partsupp.ps_partkey) AND (l_suppkey = partsupp.ps_suppkey))","Rows Removed by Index Recheck": 0,"Filter": "((l_shipdate >= '1997-01-01'::date) AND (l_shipdate < '1998-01-01 00:00:00'::timestamp without time zone))","Rows Removed by Filter": 6}]}]}]}]}]}]},"Planning Time": 6.481,"Triggers": [],"Execution Time": 992.239}]
[{"Plan": {"Node Type": "Sort","Parallel Aware": false,"Async Capable": false,"Startup Cost": 88442.96,"Total Cost": 88443.23,"Plan Rows": 108,"Plan Width": 51,"Actual Startup Time": 977.377,"Actual Total Time": 977.418,"Actual Rows": 168,"Actual Loops": 1,"Sort Key": ["supplier.s_name"],"Sort Method": "quicksort","Sort Space Used": 40,"Sort Space Type": "Memory","Plans": [{"Node Type": "Hash Join","Parent Relationship": "Outer","Parallel Aware": false,"Async Capable": false,"Join Type": "Semi","Startup Cost": 88199.59,"Total Cost": 88439.31,"Plan Rows": 108,"Plan Width": 51,"Actual Startup Time": 973.363,"Actual Total Time": 977.084,"Actual Rows": 168,"Actual Loops": 1,"Inner Unique": false,"Hash Cond": "(supplier.s_suppkey = partsupp.ps_suppkey)","Plans": [{"Node Type": "Nested Loop","Parent Relationship": "Outer","Parallel Aware": false,"Async Capable": false,"Join Type": "Inner","Startup Cost": 7.38,"Total Cost": 244.58,"Plan Rows": 400,"Plan Width": 55,"Actual Startup Time": 0.275,"Actual Total Time": 3.917,"Actual Rows": 377,"Actual Loops": 1,"Inner Unique": false,"Plans": [{"Node Type": "Seq Scan","Parent Relationship": "Outer","Parallel Aware": false,"Async Capable": false,"Relation Name": "nation","Alias": "nation","Startup Cost": 0.00,"Total Cost": 1.31,"Plan Rows": 1,"Plan Width": 4,"Actual Startup Time": 0.068,"Actual Total Time": 0.083,"Actual Rows": 1,"Actual Loops": 1,"Filter": "(n_name = 'JAPAN'::bpchar)","Rows Removed by Filter": 24},{"Node Type": "Bitmap Heap Scan","Parent Relationship": "Inner","Parallel Aware": false,"Async Capable": false,"Relation Name": "supplier","Alias": "supplier","Startup Cost": 7.38,"Total Cost": 239.27,"Plan Rows": 400,"Plan Width": 59,"Actual Startup Time": 0.203,"Actual Total Time": 3.759,"Actual Rows": 377,"Actual Loops": 1,"Recheck Cond": "(s_nationkey = nation.n_nationkey)","Rows Removed by Index Recheck": 0,"Exact Heap Blocks": 180,"Lossy Heap Blocks": 0,"Plans": [{"Node Type": "Bitmap Index Scan","Parent Relationship": "Outer","Parallel Aware": false,"Async Capable": false,"Index Name": "idx_supplier_nation_key","Startup Cost": 0.00,"Total Cost": 7.29,"Plan Rows": 400,"Plan Width": 0,"Actual Startup Time": 0.131,"Actual Total Time": 0.138,"Actual Rows": 377,"Actual Loops": 1,"Index Cond": "(s_nationkey = nation.n_nationkey)"}]}]},{"Node Type": "Hash","Parent Relationship": "Inner","Parallel Aware": false,"Async Capable": false,"Startup Cost": 88158.53,"Total Cost": 88158.53,"Plan Rows": 2694,"Plan Width": 4,"Actual Startup Time": 973.005,"Actual Total Time": 973.016,"Actual Rows": 6017,"Actual Loops": 1,"Hash Buckets": 8192,"Original Hash Buckets": 4096,"Hash Batches": 1,"Original Hash Batches": 1,"Peak Memory Usage": 276,"Plans": [{"Node Type": "Nested Loop","Parent Relationship": "Outer","Parallel Aware": false,"Async Capable": false,"Join Type": "Inner","Startup Cost": 0.42,"Total Cost": 88158.53,"Plan Rows": 2694,"Plan Width": 4,"Actual Startup Time": 0.890,"Actual Total Time": 968.570,"Actual Rows": 6017,"Actual Loops": 1,"Inner Unique": false,"Plans": [{"Node Type": "Seq Scan","Parent Relationship": "Outer","Parallel Aware": false,"Async Capable": false,"Relation Name": "part","Alias": "part","Startup Cost": 0.00,"Total Cost": 6597.00,"Plan Rows": 2020,"Plan Width": 4,"Actual Startup Time": 0.320,"Actual Total Time": 180.137,"Actual Rows": 2212,"Actual Loops": 1,"Filter": "((p_name)::text ~~ 'black%'::text)","Rows Removed by Filter": 197788},{"Node Type": "Index Scan","Parent Relationship": "Inner","Parallel Aware": false,"Async Capable": false,"Scan Direction": "Forward","Index Name": "idx_partsupp_partkey","Relation Name": "partsupp","Alias": "partsupp","Startup Cost": 0.42,"Total Cost": 40.36,"Plan Rows": 1,"Plan Width": 8,"Actual Startup Time": 0.148,"Actual Total Time": 0.356,"Actual Rows": 3,"Actual Loops": 2212,"Index Cond": "(ps_partkey = part.p_partkey)","Rows Removed by Index Recheck": 0,"Filter": "((ps_availqty)::numeric > (SubPlan 1))","Rows Removed by Filter": 1,"Plans": [{"Node Type": "Aggregate","Strategy": "Plain","Partial Mode": "Simple","Parent Relationship": "SubPlan","Subplan Name": "SubPlan 1","Parallel Aware": false,"Async Capable": false,"Startup Cost": 8.46,"Total Cost": 8.47,"Plan Rows": 1,"Plan Width": 32,"Actual Startup Time": 0.081,"Actual Total Time": 0.081,"Actual Rows": 1,"Actual Loops": 8848,"Plans": [{"Node Type": "Index Scan","Parent Relationship": "Outer","Parallel Aware": false,"Async Capable": false,"Scan Direction": "Forward","Index Name": "idx_lineitem_part_supp","Relation Name": "lineitem","Alias": "lineitem","Startup Cost": 0.43,"Total Cost": 8.46,"Plan Rows": 0,"Plan Width": 5,"Actual Startup Time": 0.049,"Actual Total Time": 0.080,"Actual Rows": 1,"Actual Loops": 8848,"Index Cond": "((l_partkey = partsupp.ps_partkey) AND (l_suppkey = partsupp.ps_suppkey))","Rows Removed by Index Recheck": 0,"Filter": "((l_shipdate >= '1996-01-01'::date) AND (l_shipdate < '1997-01-01 00:00:00'::timestamp without time zone))","Rows Removed by Filter": 6}]}]}]}]}]}]},"Planning Time": 6.637,"Triggers": [],"Execution Time": 977.708}]
[{"Plan": {"Node Type": "Sort","Parallel Aware": false,"Async Capable": false,"Startup Cost": 88442.96,"Total Cost": 88443.23,"Plan Rows": 108,"Plan Width": 51,"Actual Startup Time": 958.529,"Actual Total Time": 958.570,"Actual Rows": 178,"Actual Loops": 1,"Sort Key": ["supplier.s_name"],"Sort Method": "quicksort","Sort Space Used": 41,"Sort Space Type": "Memory","Plans": [{"Node Type": "Hash Join","Parent Relationship": "Outer","Parallel Aware": false,"Async Capable": false,"Join Type": "Semi","Startup Cost": 88199.59,"Total Cost": 88439.31,"Plan Rows": 108,"Plan Width": 51,"Actual Startup Time": 954.046,"Actual Total Time": 958.226,"Actual Rows": 178,"Actual Loops": 1,"Inner Unique": false,"Hash Cond": "(supplier.s_suppkey = partsupp.ps_suppkey)","Plans": [{"Node Type": "Nested Loop","Parent Relationship": "Outer","Parallel Aware": false,"Async Capable": false,"Join Type": "Inner","Startup Cost": 7.38,"Total Cost": 244.58,"Plan Rows": 400,"Plan Width": 55,"Actual Startup Time": 0.301,"Actual Total Time": 4.386,"Actual Rows": 399,"Actual Loops": 1,"Inner Unique": false,"Plans": [{"Node Type": "Seq Scan","Parent Relationship": "Outer","Parallel Aware": false,"Async Capable": false,"Relation Name": "nation","Alias": "nation","Startup Cost": 0.00,"Total Cost": 1.31,"Plan Rows": 1,"Plan Width": 4,"Actual Startup Time": 0.074,"Actual Total Time": 0.089,"Actual Rows": 1,"Actual Loops": 1,"Filter": "(n_name = 'VIETNAM'::bpchar)","Rows Removed by Filter": 24},{"Node Type": "Bitmap Heap Scan","Parent Relationship": "Inner","Parallel Aware": false,"Async Capable": false,"Relation Name": "supplier","Alias": "supplier","Startup Cost": 7.38,"Total Cost": 239.27,"Plan Rows": 400,"Plan Width": 59,"Actual Startup Time": 0.214,"Actual Total Time": 4.217,"Actual Rows": 399,"Actual Loops": 1,"Recheck Cond": "(s_nationkey = nation.n_nationkey)","Rows Removed by Index Recheck": 0,"Exact Heap Blocks": 191,"Lossy Heap Blocks": 0,"Plans": [{"Node Type": "Bitmap Index Scan","Parent Relationship": "Outer","Parallel Aware": false,"Async Capable": false,"Index Name": "idx_supplier_nation_key","Startup Cost": 0.00,"Total Cost": 7.29,"Plan Rows": 400,"Plan Width": 0,"Actual Startup Time": 0.142,"Actual Total Time": 0.148,"Actual Rows": 399,"Actual Loops": 1,"Index Cond": "(s_nationkey = nation.n_nationkey)"}]}]},{"Node Type": "Hash","Parent Relationship": "Inner","Parallel Aware": false,"Async Capable": false,"Startup Cost": 88158.53,"Total Cost": 88158.53,"Plan Rows": 2694,"Plan Width": 4,"Actual Startup Time": 953.623,"Actual Total Time": 953.633,"Actual Rows": 5840,"Actual Loops": 1,"Hash Buckets": 8192,"Original Hash Buckets": 4096,"Hash Batches": 1,"Original Hash Batches": 1,"Peak Memory Usage": 270,"Plans": [{"Node Type": "Nested Loop","Parent Relationship": "Outer","Parallel Aware": false,"Async Capable": false,"Join Type": "Inner","Startup Cost": 0.42,"Total Cost": 88158.53,"Plan Rows": 2694,"Plan Width": 4,"Actual Startup Time": 0.767,"Actual Total Time": 949.226,"Actual Rows": 5840,"Actual Loops": 1,"Inner Unique": false,"Plans": [{"Node Type": "Seq Scan","Parent Relationship": "Outer","Parallel Aware": false,"Async Capable": false,"Relation Name": "part","Alias": "part","Startup Cost": 0.00,"Total Cost": 6597.00,"Plan Rows": 2020,"Plan Width": 4,"Actual Startup Time": 0.164,"Actual Total Time": 180.675,"Actual Rows": 2154,"Actual Loops": 1,"Filter": "((p_name)::text ~~ 'azure%'::text)","Rows Removed by Filter": 197846},{"Node Type": "Index Scan","Parent Relationship": "Inner","Parallel Aware": false,"Async Capable": false,"Scan Direction": "Forward","Index Name": "idx_partsupp_partkey","Relation Name": "partsupp","Alias": "partsupp","Startup Cost": 0.42,"Total Cost": 40.36,"Plan Rows": 1,"Plan Width": 8,"Actual Startup Time": 0.152,"Actual Total Time": 0.356,"Actual Rows": 3,"Actual Loops": 2154,"Index Cond": "(ps_partkey = part.p_partkey)","Rows Removed by Index Recheck": 0,"Filter": "((ps_availqty)::numeric > (SubPlan 1))","Rows Removed by Filter": 1,"Plans": [{"Node Type": "Aggregate","Strategy": "Plain","Partial Mode": "Simple","Parent Relationship": "SubPlan","Subplan Name": "SubPlan 1","Parallel Aware": false,"Async Capable": false,"Startup Cost": 8.46,"Total Cost": 8.47,"Plan Rows": 1,"Plan Width": 32,"Actual Startup Time": 0.081,"Actual Total Time": 0.081,"Actual Rows": 1,"Actual Loops": 8616,"Plans": [{"Node Type": "Index Scan","Parent Relationship": "Outer","Parallel Aware": false,"Async Capable": false,"Scan Direction": "Forward","Index Name": "idx_lineitem_part_supp","Relation Name": "lineitem","Alias": "lineitem","Startup Cost": 0.43,"Total Cost": 8.46,"Plan Rows": 0,"Plan Width": 5,"Actual Startup Time": 0.049,"Actual Total Time": 0.080,"Actual Rows": 1,"Actual Loops": 8616,"Index Cond": "((l_partkey = partsupp.ps_partkey) AND (l_suppkey = partsupp.ps_suppkey))","Rows Removed by Index Recheck": 0,"Filter": "((l_shipdate >= '1997-01-01'::date) AND (l_shipdate < '1998-01-01 00:00:00'::timestamp without time zone))","Rows Removed by Filter": 6}]}]}]}]}]}]},"Planning Time": 6.167,"Triggers": [],"Execution Time": 958.878}]
[{"Plan": {"Node Type": "Sort","Parallel Aware": false,"Async Capable": false,"Startup Cost": 88442.96,"Total Cost": 88443.23,"Plan Rows": 108,"Plan Width": 51,"Actual Startup Time": 958.426,"Actual Total Time": 958.464,"Actual Rows": 191,"Actual Loops": 1,"Sort Key": ["supplier.s_name"],"Sort Method": "quicksort","Sort Space Used": 42,"Sort Space Type": "Memory","Plans": [{"Node Type": "Hash Join","Parent Relationship": "Outer","Parallel Aware": false,"Async Capable": false,"Join Type": "Semi","Startup Cost": 88199.59,"Total Cost": 88439.31,"Plan Rows": 108,"Plan Width": 51,"Actual Startup Time": 954.226,"Actual Total Time": 958.111,"Actual Rows": 191,"Actual Loops": 1,"Inner Unique": false,"Hash Cond": "(supplier.s_suppkey = partsupp.ps_suppkey)","Plans": [{"Node Type": "Nested Loop","Parent Relationship": "Outer","Parallel Aware": false,"Async Capable": false,"Join Type": "Inner","Startup Cost": 7.38,"Total Cost": 244.58,"Plan Rows": 400,"Plan Width": 55,"Actual Startup Time": 0.345,"Actual Total Time": 4.163,"Actual Rows": 421,"Actual Loops": 1,"Inner Unique": false,"Plans": [{"Node Type": "Seq Scan","Parent Relationship": "Outer","Parallel Aware": false,"Async Capable": false,"Relation Name": "nation","Alias": "nation","Startup Cost": 0.00,"Total Cost": 1.31,"Plan Rows": 1,"Plan Width": 4,"Actual Startup Time": 0.070,"Actual Total Time": 0.089,"Actual Rows": 1,"Actual Loops": 1,"Filter": "(n_name = 'PERU'::bpchar)","Rows Removed by Filter": 24},{"Node Type": "Bitmap Heap Scan","Parent Relationship": "Inner","Parallel Aware": false,"Async Capable": false,"Relation Name": "supplier","Alias": "supplier","Startup Cost": 7.38,"Total Cost": 239.27,"Plan Rows": 400,"Plan Width": 59,"Actual Startup Time": 0.266,"Actual Total Time": 4.004,"Actual Rows": 421,"Actual Loops": 1,"Recheck Cond": "(s_nationkey = nation.n_nationkey)","Rows Removed by Index Recheck": 0,"Exact Heap Blocks": 187,"Lossy Heap Blocks": 0,"Plans": [{"Node Type": "Bitmap Index Scan","Parent Relationship": "Outer","Parallel Aware": false,"Async Capable": false,"Index Name": "idx_supplier_nation_key","Startup Cost": 0.00,"Total Cost": 7.29,"Plan Rows": 400,"Plan Width": 0,"Actual Startup Time": 0.188,"Actual Total Time": 0.193,"Actual Rows": 421,"Actual Loops": 1,"Index Cond": "(s_nationkey = nation.n_nationkey)"}]}]},{"Node Type": "Hash","Parent Relationship": "Inner","Parallel Aware": false,"Async Capable": false,"Startup Cost": 88158.53,"Total Cost": 88158.53,"Plan Rows": 2694,"Plan Width": 4,"Actual Startup Time": 953.777,"Actual Total Time": 953.786,"Actual Rows": 5776,"Actual Loops": 1,"Hash Buckets": 8192,"Original Hash Buckets": 4096,"Hash Batches": 1,"Original Hash Batches": 1,"Peak Memory Usage": 268,"Plans": [{"Node Type": "Nested Loop","Parent Relationship": "Outer","Parallel Aware": false,"Async Capable": false,"Join Type": "Inner","Startup Cost": 0.42,"Total Cost": 88158.53,"Plan Rows": 2694,"Plan Width": 4,"Actual Startup Time": 0.799,"Actual Total Time": 949.441,"Actual Rows": 5776,"Actual Loops": 1,"Inner Unique": false,"Plans": [{"Node Type": "Seq Scan","Parent Relationship": "Outer","Parallel Aware": false,"Async Capable": false,"Relation Name": "part","Alias": "part","Startup Cost": 0.00,"Total Cost": 6597.00,"Plan Rows": 2020,"Plan Width": 4,"Actual Startup Time": 0.205,"Actual Total Time": 178.982,"Actual Rows": 2126,"Actual Loops": 1,"Filter": "((p_name)::text ~~ 'navy%'::text)","Rows Removed by Filter": 197874},{"Node Type": "Index Scan","Parent Relationship": "Inner","Parallel Aware": false,"Async Capable": false,"Scan Direction": "Forward","Index Name": "idx_partsupp_partkey","Relation Name": "partsupp","Alias": "partsupp","Startup Cost": 0.42,"Total Cost": 40.36,"Plan Rows": 1,"Plan Width": 8,"Actual Startup Time": 0.152,"Actual Total Time": 0.362,"Actual Rows": 3,"Actual Loops": 2126,"Index Cond": "(ps_partkey = part.p_partkey)","Rows Removed by Index Recheck": 0,"Filter": "((ps_availqty)::numeric > (SubPlan 1))","Rows Removed by Filter": 1,"Plans": [{"Node Type": "Aggregate","Strategy": "Plain","Partial Mode": "Simple","Parent Relationship": "SubPlan","Subplan Name": "SubPlan 1","Parallel Aware": false,"Async Capable": false,"Startup Cost": 8.46,"Total Cost": 8.47,"Plan Rows": 1,"Plan Width": 32,"Actual Startup Time": 0.082,"Actual Total Time": 0.082,"Actual Rows": 1,"Actual Loops": 8504,"Plans": [{"Node Type": "Index Scan","Parent Relationship": "Outer","Parallel Aware": false,"Async Capable": false,"Scan Direction": "Forward","Index Name": "idx_lineitem_part_supp","Relation Name": "lineitem","Alias": "lineitem","Startup Cost": 0.43,"Total Cost": 8.46,"Plan Rows": 0,"Plan Width": 5,"Actual Startup Time": 0.049,"Actual Total Time": 0.081,"Actual Rows": 1,"Actual Loops": 8504,"Index Cond": "((l_partkey = partsupp.ps_partkey) AND (l_suppkey = partsupp.ps_suppkey))","Rows Removed by Index Recheck": 0,"Filter": "((l_shipdate >= '1996-01-01'::date) AND (l_shipdate < '1997-01-01 00:00:00'::timestamp without time zone))","Rows Removed by Filter": 6}]}]}]}]}]}]},"Planning Time": 6.667,"Triggers": [],"Execution Time": 958.731}]
[{"Plan": {"Node Type": "Sort","Parallel Aware": false,"Async Capable": false,"Startup Cost": 88442.96,"Total Cost": 88443.23,"Plan Rows": 108,"Plan Width": 51,"Actual Startup Time": 901.149,"Actual Total Time": 901.167,"Actual Rows": 187,"Actual Loops": 1,"Sort Key": ["supplier.s_name"],"Sort Method": "quicksort","Sort Space Used": 42,"Sort Space Type": "Memory","Plans": [{"Node Type": "Hash Join","Parent Relationship": "Outer","Parallel Aware": false,"Async Capable": false,"Join Type": "Semi","Startup Cost": 88199.59,"Total Cost": 88439.31,"Plan Rows": 108,"Plan Width": 51,"Actual Startup Time": 896.852,"Actual Total Time": 900.797,"Actual Rows": 187,"Actual Loops": 1,"Inner Unique": false,"Hash Cond": "(supplier.s_suppkey = partsupp.ps_suppkey)","Plans": [{"Node Type": "Nested Loop","Parent Relationship": "Outer","Parallel Aware": false,"Async Capable": false,"Join Type": "Inner","Startup Cost": 7.38,"Total Cost": 244.58,"Plan Rows": 400,"Plan Width": 55,"Actual Startup Time": 0.292,"Actual Total Time": 4.122,"Actual Rows": 421,"Actual Loops": 1,"Inner Unique": false,"Plans": [{"Node Type": "Seq Scan","Parent Relationship": "Outer","Parallel Aware": false,"Async Capable": false,"Relation Name": "nation","Alias": "nation","Startup Cost": 0.00,"Total Cost": 1.31,"Plan Rows": 1,"Plan Width": 4,"Actual Startup Time": 0.066,"Actual Total Time": 0.091,"Actual Rows": 1,"Actual Loops": 1,"Filter": "(n_name = 'PERU'::bpchar)","Rows Removed by Filter": 24},{"Node Type": "Bitmap Heap Scan","Parent Relationship": "Inner","Parallel Aware": false,"Async Capable": false,"Relation Name": "supplier","Alias": "supplier","Startup Cost": 7.38,"Total Cost": 239.27,"Plan Rows": 400,"Plan Width": 59,"Actual Startup Time": 0.217,"Actual Total Time": 3.964,"Actual Rows": 421,"Actual Loops": 1,"Recheck Cond": "(s_nationkey = nation.n_nationkey)","Rows Removed by Index Recheck": 0,"Exact Heap Blocks": 187,"Lossy Heap Blocks": 0,"Plans": [{"Node Type": "Bitmap Index Scan","Parent Relationship": "Outer","Parallel Aware": false,"Async Capable": false,"Index Name": "idx_supplier_nation_key","Startup Cost": 0.00,"Total Cost": 7.29,"Plan Rows": 400,"Plan Width": 0,"Actual Startup Time": 0.163,"Actual Total Time": 0.164,"Actual Rows": 421,"Actual Loops": 1,"Index Cond": "(s_nationkey = nation.n_nationkey)"}]}]},{"Node Type": "Hash","Parent Relationship": "Inner","Parallel Aware": false,"Async Capable": false,"Startup Cost": 88158.53,"Total Cost": 88158.53,"Plan Rows": 2694,"Plan Width": 4,"Actual Startup Time": 896.503,"Actual Total Time": 896.508,"Actual Rows": 5971,"Actual Loops": 1,"Hash Buckets": 8192,"Original Hash Buckets": 4096,"Hash Batches": 1,"Original Hash Batches": 1,"Peak Memory Usage": 274,"Plans": [{"Node Type": "Nested Loop","Parent Relationship": "Outer","Parallel Aware": false,"Async Capable": false,"Join Type": "Inner","Startup Cost": 0.42,"Total Cost": 88158.53,"Plan Rows": 2694,"Plan Width": 4,"Actual Startup Time": 0.640,"Actual Total Time": 892.157,"Actual Rows": 5971,"Actual Loops": 1,"Inner Unique": false,"Plans": [{"Node Type": "Seq Scan","Parent Relationship": "Outer","Parallel Aware": false,"Async Capable": false,"Relation Name": "part","Alias": "part","Startup Cost": 0.00,"Total Cost": 6597.00,"Plan Rows": 2020,"Plan Width": 4,"Actual Startup Time": 0.261,"Actual Total Time": 196.750,"Actual Rows": 2171,"Actual Loops": 1,"Filter": "((p_name)::text ~~ 'brown%'::text)","Rows Removed by Filter": 197829},{"Node Type": "Index Scan","Parent Relationship": "Inner","Parallel Aware": false,"Async Capable": false,"Scan Direction": "Forward","Index Name": "idx_partsupp_partkey","Relation Name": "partsupp","Alias": "partsupp","Startup Cost": 0.42,"Total Cost": 40.36,"Plan Rows": 1,"Plan Width": 8,"Actual Startup Time": 0.135,"Actual Total Time": 0.320,"Actual Rows": 3,"Actual Loops": 2171,"Index Cond": "(ps_partkey = part.p_partkey)","Rows Removed by Index Recheck": 0,"Filter": "((ps_availqty)::numeric > (SubPlan 1))","Rows Removed by Filter": 1,"Plans": [{"Node Type": "Aggregate","Strategy": "Plain","Partial Mode": "Simple","Parent Relationship": "SubPlan","Subplan Name": "SubPlan 1","Parallel Aware": false,"Async Capable": false,"Startup Cost": 8.46,"Total Cost": 8.47,"Plan Rows": 1,"Plan Width": 32,"Actual Startup Time": 0.072,"Actual Total Time": 0.072,"Actual Rows": 1,"Actual Loops": 8684,"Plans": [{"Node Type": "Index Scan","Parent Relationship": "Outer","Parallel Aware": false,"Async Capable": false,"Scan Direction": "Forward","Index Name": "idx_lineitem_part_supp","Relation Name": "lineitem","Alias": "lineitem","Startup Cost": 0.43,"Total Cost": 8.46,"Plan Rows": 0,"Plan Width": 5,"Actual Startup Time": 0.043,"Actual Total Time": 0.071,"Actual Rows": 1,"Actual Loops": 8684,"Index Cond": "((l_partkey = partsupp.ps_partkey) AND (l_suppkey = partsupp.ps_suppkey))","Rows Removed by Index Recheck": 0,"Filter": "((l_shipdate >= '1995-01-01'::date) AND (l_shipdate < '1996-01-01 00:00:00'::timestamp without time zone))","Rows Removed by Filter": 6}]}]}]}]}]}]},"Planning Time": 7.449,"Triggers": [],"Execution Time": 901.415}]
[{"Plan": {"Node Type": "Sort","Parallel Aware": false,"Async Capable": false,"Startup Cost": 88442.96,"Total Cost": 88443.23,"Plan Rows": 108,"Plan Width": 51,"Actual Startup Time": 978.814,"Actual Total Time": 978.854,"Actual Rows": 194,"Actual Loops": 1,"Sort Key": ["supplier.s_name"],"Sort Method": "quicksort","Sort Space Used": 43,"Sort Space Type": "Memory","Plans": [{"Node Type": "Hash Join","Parent Relationship": "Outer","Parallel Aware": false,"Async Capable": false,"Join Type": "Semi","Startup Cost": 88199.59,"Total Cost": 88439.31,"Plan Rows": 108,"Plan Width": 51,"Actual Startup Time": 974.368,"Actual Total Time": 978.477,"Actual Rows": 194,"Actual Loops": 1,"Inner Unique": false,"Hash Cond": "(supplier.s_suppkey = partsupp.ps_suppkey)","Plans": [{"Node Type": "Nested Loop","Parent Relationship": "Outer","Parallel Aware": false,"Async Capable": false,"Join Type": "Inner","Startup Cost": 7.38,"Total Cost": 244.58,"Plan Rows": 400,"Plan Width": 55,"Actual Startup Time": 0.284,"Actual Total Time": 4.317,"Actual Rows": 415,"Actual Loops": 1,"Inner Unique": false,"Plans": [{"Node Type": "Seq Scan","Parent Relationship": "Outer","Parallel Aware": false,"Async Capable": false,"Relation Name": "nation","Alias": "nation","Startup Cost": 0.00,"Total Cost": 1.31,"Plan Rows": 1,"Plan Width": 4,"Actual Startup Time": 0.071,"Actual Total Time": 0.097,"Actual Rows": 1,"Actual Loops": 1,"Filter": "(n_name = 'INDIA'::bpchar)","Rows Removed by Filter": 24},{"Node Type": "Bitmap Heap Scan","Parent Relationship": "Inner","Parallel Aware": false,"Async Capable": false,"Relation Name": "supplier","Alias": "supplier","Startup Cost": 7.38,"Total Cost": 239.27,"Plan Rows": 400,"Plan Width": 59,"Actual Startup Time": 0.208,"Actual Total Time": 4.142,"Actual Rows": 415,"Actual Loops": 1,"Recheck Cond": "(s_nationkey = nation.n_nationkey)","Rows Removed by Index Recheck": 0,"Exact Heap Blocks": 186,"Lossy Heap Blocks": 0,"Plans": [{"Node Type": "Bitmap Index Scan","Parent Relationship": "Outer","Parallel Aware": false,"Async Capable": false,"Index Name": "idx_supplier_nation_key","Startup Cost": 0.00,"Total Cost": 7.29,"Plan Rows": 400,"Plan Width": 0,"Actual Startup Time": 0.135,"Actual Total Time": 0.139,"Actual Rows": 415,"Actual Loops": 1,"Index Cond": "(s_nationkey = nation.n_nationkey)"}]}]},{"Node Type": "Hash","Parent Relationship": "Inner","Parallel Aware": false,"Async Capable": false,"Startup Cost": 88158.53,"Total Cost": 88158.53,"Plan Rows": 2694,"Plan Width": 4,"Actual Startup Time": 973.995,"Actual Total Time": 974.002,"Actual Rows": 6063,"Actual Loops": 1,"Hash Buckets": 8192,"Original Hash Buckets": 4096,"Hash Batches": 1,"Original Hash Batches": 1,"Peak Memory Usage": 278,"Plans": [{"Node Type": "Nested Loop","Parent Relationship": "Outer","Parallel Aware": false,"Async Capable": false,"Join Type": "Inner","Startup Cost": 0.42,"Total Cost": 88158.53,"Plan Rows": 2694,"Plan Width": 4,"Actual Startup Time": 0.969,"Actual Total Time": 969.768,"Actual Rows": 6063,"Actual Loops": 1,"Inner Unique": false,"Plans": [{"Node Type": "Seq Scan","Parent Relationship": "Outer","Parallel Aware": false,"Async Capable": false,"Relation Name": "part","Alias": "part","Startup Cost": 0.00,"Total Cost": 6597.00,"Plan Rows": 2020,"Plan Width": 4,"Actual Startup Time": 0.202,"Actual Total Time": 179.451,"Actual Rows": 2224,"Actual Loops": 1,"Filter": "((p_name)::text ~~ 'almond%'::text)","Rows Removed by Filter": 197776},{"Node Type": "Index Scan","Parent Relationship": "Inner","Parallel Aware": false,"Async Capable": false,"Scan Direction": "Forward","Index Name": "idx_partsupp_partkey","Relation Name": "partsupp","Alias": "partsupp","Startup Cost": 0.42,"Total Cost": 40.36,"Plan Rows": 1,"Plan Width": 8,"Actual Startup Time": 0.148,"Actual Total Time": 0.355,"Actual Rows": 3,"Actual Loops": 2224,"Index Cond": "(ps_partkey = part.p_partkey)","Rows Removed by Index Recheck": 0,"Filter": "((ps_availqty)::numeric > (SubPlan 1))","Rows Removed by Filter": 1,"Plans": [{"Node Type": "Aggregate","Strategy": "Plain","Partial Mode": "Simple","Parent Relationship": "SubPlan","Subplan Name": "SubPlan 1","Parallel Aware": false,"Async Capable": false,"Startup Cost": 8.46,"Total Cost": 8.47,"Plan Rows": 1,"Plan Width": 32,"Actual Startup Time": 0.081,"Actual Total Time": 0.081,"Actual Rows": 1,"Actual Loops": 8896,"Plans": [{"Node Type": "Index Scan","Parent Relationship": "Outer","Parallel Aware": false,"Async Capable": false,"Scan Direction": "Forward","Index Name": "idx_lineitem_part_supp","Relation Name": "lineitem","Alias": "lineitem","Startup Cost": 0.43,"Total Cost": 8.46,"Plan Rows": 0,"Plan Width": 5,"Actual Startup Time": 0.049,"Actual Total Time": 0.080,"Actual Rows": 1,"Actual Loops": 8896,"Index Cond": "((l_partkey = partsupp.ps_partkey) AND (l_suppkey = partsupp.ps_suppkey))","Rows Removed by Index Recheck": 0,"Filter": "((l_shipdate >= '1995-01-01'::date) AND (l_shipdate < '1996-01-01 00:00:00'::timestamp without time zone))","Rows Removed by Filter": 6}]}]}]}]}]}]},"Planning Time": 6.521,"Triggers": [],"Execution Time": 979.116}]
[{"Plan": {"Node Type": "Sort","Parallel Aware": false,"Async Capable": false,"Startup Cost": 88442.96,"Total Cost": 88443.23,"Plan Rows": 108,"Plan Width": 51,"Actual Startup Time": 970.751,"Actual Total Time": 970.793,"Actual Rows": 180,"Actual Loops": 1,"Sort Key": ["supplier.s_name"],"Sort Method": "quicksort","Sort Space Used": 41,"Sort Space Type": "Memory","Plans": [{"Node Type": "Hash Join","Parent Relationship": "Outer","Parallel Aware": false,"Async Capable": false,"Join Type": "Semi","Startup Cost": 88199.59,"Total Cost": 88439.31,"Plan Rows": 108,"Plan Width": 51,"Actual Startup Time": 966.455,"Actual Total Time": 970.413,"Actual Rows": 180,"Actual Loops": 1,"Inner Unique": false,"Hash Cond": "(supplier.s_suppkey = partsupp.ps_suppkey)","Plans": [{"Node Type": "Nested Loop","Parent Relationship": "Outer","Parallel Aware": false,"Async Capable": false,"Join Type": "Inner","Startup Cost": 7.38,"Total Cost": 244.58,"Plan Rows": 400,"Plan Width": 55,"Actual Startup Time": 0.267,"Actual Total Time": 4.140,"Actual Rows": 405,"Actual Loops": 1,"Inner Unique": false,"Plans": [{"Node Type": "Seq Scan","Parent Relationship": "Outer","Parallel Aware": false,"Async Capable": false,"Relation Name": "nation","Alias": "nation","Startup Cost": 0.00,"Total Cost": 1.31,"Plan Rows": 1,"Plan Width": 4,"Actual Startup Time": 0.067,"Actual Total Time": 0.094,"Actual Rows": 1,"Actual Loops": 1,"Filter": "(n_name = 'INDONESIA'::bpchar)","Rows Removed by Filter": 24},{"Node Type": "Bitmap Heap Scan","Parent Relationship": "Inner","Parallel Aware": false,"Async Capable": false,"Relation Name": "supplier","Alias": "supplier","Startup Cost": 7.38,"Total Cost": 239.27,"Plan Rows": 400,"Plan Width": 59,"Actual Startup Time": 0.188,"Actual Total Time": 3.973,"Actual Rows": 405,"Actual Loops": 1,"Recheck Cond": "(s_nationkey = nation.n_nationkey)","Rows Removed by Index Recheck": 0,"Exact Heap Blocks": 192,"Lossy Heap Blocks": 0,"Plans": [{"Node Type": "Bitmap Index Scan","Parent Relationship": "Outer","Parallel Aware": false,"Async Capable": false,"Index Name": "idx_supplier_nation_key","Startup Cost": 0.00,"Total Cost": 7.29,"Plan Rows": 400,"Plan Width": 0,"Actual Startup Time": 0.132,"Actual Total Time": 0.136,"Actual Rows": 405,"Actual Loops": 1,"Index Cond": "(s_nationkey = nation.n_nationkey)"}]}]},{"Node Type": "Hash","Parent Relationship": "Inner","Parallel Aware": false,"Async Capable": false,"Startup Cost": 88158.53,"Total Cost": 88158.53,"Plan Rows": 2694,"Plan Width": 4,"Actual Startup Time": 966.083,"Actual Total Time": 966.096,"Actual Rows": 5780,"Actual Loops": 1,"Hash Buckets": 8192,"Original Hash Buckets": 4096,"Hash Batches": 1,"Original Hash Batches": 1,"Peak Memory Usage": 268,"Plans": [{"Node Type": "Nested Loop","Parent Relationship": "Outer","Parallel Aware": false,"Async Capable": false,"Join Type": "Inner","Startup Cost": 0.42,"Total Cost": 88158.53,"Plan Rows": 2694,"Plan Width": 4,"Actual Startup Time": 0.754,"Actual Total Time": 961.891,"Actual Rows": 5780,"Actual Loops": 1,"Inner Unique": false,"Plans": [{"Node Type": "Seq Scan","Parent Relationship": "Outer","Parallel Aware": false,"Async Capable": false,"Relation Name": "part","Alias": "part","Startup Cost": 0.00,"Total Cost": 6597.00,"Plan Rows": 2020,"Plan Width": 4,"Actual Startup Time": 0.031,"Actual Total Time": 178.827,"Actual Rows": 2166,"Actual Loops": 1,"Filter": "((p_name)::text ~~ 'blush%'::text)","Rows Removed by Filter": 197834},{"Node Type": "Index Scan","Parent Relationship": "Inner","Parallel Aware": false,"Async Capable": false,"Scan Direction": "Forward","Index Name": "idx_partsupp_partkey","Relation Name": "partsupp","Alias": "partsupp","Startup Cost": 0.42,"Total Cost": 40.36,"Plan Rows": 1,"Plan Width": 8,"Actual Startup Time": 0.153,"Actual Total Time": 0.361,"Actual Rows": 3,"Actual Loops": 2166,"Index Cond": "(ps_partkey = part.p_partkey)","Rows Removed by Index Recheck": 0,"Filter": "((ps_availqty)::numeric > (SubPlan 1))","Rows Removed by Filter": 1,"Plans": [{"Node Type": "Aggregate","Strategy": "Plain","Partial Mode": "Simple","Parent Relationship": "SubPlan","Subplan Name": "SubPlan 1","Parallel Aware": false,"Async Capable": false,"Startup Cost": 8.46,"Total Cost": 8.47,"Plan Rows": 1,"Plan Width": 32,"Actual Startup Time": 0.082,"Actual Total Time": 0.082,"Actual Rows": 1,"Actual Loops": 8664,"Plans": [{"Node Type": "Index Scan","Parent Relationship": "Outer","Parallel Aware": false,"Async Capable": false,"Scan Direction": "Forward","Index Name": "idx_lineitem_part_supp","Relation Name": "lineitem","Alias": "lineitem","Startup Cost": 0.43,"Total Cost": 8.46,"Plan Rows": 0,"Plan Width": 5,"Actual Startup Time": 0.050,"Actual Total Time": 0.081,"Actual Rows": 1,"Actual Loops": 8664,"Index Cond": "((l_partkey = partsupp.ps_partkey) AND (l_suppkey = partsupp.ps_suppkey))","Rows Removed by Index Recheck": 0,"Filter": "((l_shipdate >= '1994-01-01'::date) AND (l_shipdate < '1995-01-01 00:00:00'::timestamp without time zone))","Rows Removed by Filter": 6}]}]}]}]}]}]},"Planning Time": 5.999,"Triggers": [],"Execution Time": 971.049}]
[{"Plan": {"Node Type": "Sort","Parallel Aware": false,"Async Capable": false,"Startup Cost": 88442.96,"Total Cost": 88443.23,"Plan Rows": 108,"Plan Width": 51,"Actual Startup Time": 925.653,"Actual Total Time": 925.696,"Actual Rows": 188,"Actual Loops": 1,"Sort Key": ["supplier.s_name"],"Sort Method": "quicksort","Sort Space Used": 42,"Sort Space Type": "Memory","Plans": [{"Node Type": "Hash Join","Parent Relationship": "Outer","Parallel Aware": false,"Async Capable": false,"Join Type": "Semi","Startup Cost": 88199.59,"Total Cost": 88439.31,"Plan Rows": 108,"Plan Width": 51,"Actual Startup Time": 921.457,"Actual Total Time": 925.346,"Actual Rows": 188,"Actual Loops": 1,"Inner Unique": false,"Hash Cond": "(supplier.s_suppkey = partsupp.ps_suppkey)","Plans": [{"Node Type": "Nested Loop","Parent Relationship": "Outer","Parallel Aware": false,"Async Capable": false,"Join Type": "Inner","Startup Cost": 7.38,"Total Cost": 244.58,"Plan Rows": 400,"Plan Width": 55,"Actual Startup Time": 0.261,"Actual Total Time": 4.074,"Actual Rows": 415,"Actual Loops": 1,"Inner Unique": false,"Plans": [{"Node Type": "Seq Scan","Parent Relationship": "Outer","Parallel Aware": false,"Async Capable": false,"Relation Name": "nation","Alias": "nation","Startup Cost": 0.00,"Total Cost": 1.31,"Plan Rows": 1,"Plan Width": 4,"Actual Startup Time": 0.061,"Actual Total Time": 0.083,"Actual Rows": 1,"Actual Loops": 1,"Filter": "(n_name = 'INDIA'::bpchar)","Rows Removed by Filter": 24},{"Node Type": "Bitmap Heap Scan","Parent Relationship": "Inner","Parallel Aware": false,"Async Capable": false,"Relation Name": "supplier","Alias": "supplier","Startup Cost": 7.38,"Total Cost": 239.27,"Plan Rows": 400,"Plan Width": 59,"Actual Startup Time": 0.195,"Actual Total Time": 3.924,"Actual Rows": 415,"Actual Loops": 1,"Recheck Cond": "(s_nationkey = nation.n_nationkey)","Rows Removed by Index Recheck": 0,"Exact Heap Blocks": 186,"Lossy Heap Blocks": 0,"Plans": [{"Node Type": "Bitmap Index Scan","Parent Relationship": "Outer","Parallel Aware": false,"Async Capable": false,"Index Name": "idx_supplier_nation_key","Startup Cost": 0.00,"Total Cost": 7.29,"Plan Rows": 400,"Plan Width": 0,"Actual Startup Time": 0.144,"Actual Total Time": 0.149,"Actual Rows": 415,"Actual Loops": 1,"Index Cond": "(s_nationkey = nation.n_nationkey)"}]}]},{"Node Type": "Hash","Parent Relationship": "Inner","Parallel Aware": false,"Async Capable": false,"Startup Cost": 88158.53,"Total Cost": 88158.53,"Plan Rows": 2694,"Plan Width": 4,"Actual Startup Time": 921.129,"Actual Total Time": 921.143,"Actual Rows": 6146,"Actual Loops": 1,"Hash Buckets": 8192,"Original Hash Buckets": 4096,"Hash Batches": 1,"Original Hash Batches": 1,"Peak Memory Usage": 281,"Plans": [{"Node Type": "Nested Loop","Parent Relationship": "Outer","Parallel Aware": false,"Async Capable": false,"Join Type": "Inner","Startup Cost": 0.42,"Total Cost": 88158.53,"Plan Rows": 2694,"Plan Width": 4,"Actual Startup Time": 0.506,"Actual Total Time": 916.379,"Actual Rows": 6146,"Actual Loops": 1,"Inner Unique": false,"Plans": [{"Node Type": "Seq Scan","Parent Relationship": "Outer","Parallel Aware": false,"Async Capable": false,"Relation Name": "part","Alias": "part","Startup Cost": 0.00,"Total Cost": 6597.00,"Plan Rows": 2020,"Plan Width": 4,"Actual Startup Time": 0.072,"Actual Total Time": 197.642,"Actual Rows": 2255,"Actual Loops": 1,"Filter": "((p_name)::text ~~ 'navajo%'::text)","Rows Removed by Filter": 197745},{"Node Type": "Index Scan","Parent Relationship": "Inner","Parallel Aware": false,"Async Capable": false,"Scan Direction": "Forward","Index Name": "idx_partsupp_partkey","Relation Name": "partsupp","Alias": "partsupp","Startup Cost": 0.42,"Total Cost": 40.36,"Plan Rows": 1,"Plan Width": 8,"Actual Startup Time": 0.135,"Actual Total Time": 0.318,"Actual Rows": 3,"Actual Loops": 2255,"Index Cond": "(ps_partkey = part.p_partkey)","Rows Removed by Index Recheck": 0,"Filter": "((ps_availqty)::numeric > (SubPlan 1))","Rows Removed by Filter": 1,"Plans": [{"Node Type": "Aggregate","Strategy": "Plain","Partial Mode": "Simple","Parent Relationship": "SubPlan","Subplan Name": "SubPlan 1","Parallel Aware": false,"Async Capable": false,"Startup Cost": 8.46,"Total Cost": 8.47,"Plan Rows": 1,"Plan Width": 32,"Actual Startup Time": 0.071,"Actual Total Time": 0.071,"Actual Rows": 1,"Actual Loops": 9020,"Plans": [{"Node Type": "Index Scan","Parent Relationship": "Outer","Parallel Aware": false,"Async Capable": false,"Scan Direction": "Forward","Index Name": "idx_lineitem_part_supp","Relation Name": "lineitem","Alias": "lineitem","Startup Cost": 0.43,"Total Cost": 8.46,"Plan Rows": 0,"Plan Width": 5,"Actual Startup Time": 0.044,"Actual Total Time": 0.070,"Actual Rows": 1,"Actual Loops": 9020,"Index Cond": "((l_partkey = partsupp.ps_partkey) AND (l_suppkey = partsupp.ps_suppkey))","Rows Removed by Index Recheck": 0,"Filter": "((l_shipdate >= '1997-01-01'::date) AND (l_shipdate < '1998-01-01 00:00:00'::timestamp without time zone))","Rows Removed by Filter": 6}]}]}]}]}]}]},"Planning Time": 7.412,"Triggers": [],"Execution Time": 925.913}]
[{"Plan": {"Node Type": "Sort","Parallel Aware": false,"Async Capable": false,"Startup Cost": 88442.96,"Total Cost": 88443.23,"Plan Rows": 108,"Plan Width": 51,"Actual Startup Time": 911.332,"Actual Total Time": 911.367,"Actual Rows": 176,"Actual Loops": 1,"Sort Key": ["supplier.s_name"],"Sort Method": "quicksort","Sort Space Used": 41,"Sort Space Type": "Memory","Plans": [{"Node Type": "Hash Join","Parent Relationship": "Outer","Parallel Aware": false,"Async Capable": false,"Join Type": "Semi","Startup Cost": 88199.59,"Total Cost": 88439.31,"Plan Rows": 108,"Plan Width": 51,"Actual Startup Time": 907.233,"Actual Total Time": 911.027,"Actual Rows": 176,"Actual Loops": 1,"Inner Unique": false,"Hash Cond": "(supplier.s_suppkey = partsupp.ps_suppkey)","Plans": [{"Node Type": "Nested Loop","Parent Relationship": "Outer","Parallel Aware": false,"Async Capable": false,"Join Type": "Inner","Startup Cost": 7.38,"Total Cost": 244.58,"Plan Rows": 400,"Plan Width": 55,"Actual Startup Time": 0.228,"Actual Total Time": 3.879,"Actual Rows": 411,"Actual Loops": 1,"Inner Unique": false,"Plans": [{"Node Type": "Seq Scan","Parent Relationship": "Outer","Parallel Aware": false,"Async Capable": false,"Relation Name": "nation","Alias": "nation","Startup Cost": 0.00,"Total Cost": 1.31,"Plan Rows": 1,"Plan Width": 4,"Actual Startup Time": 0.054,"Actual Total Time": 0.071,"Actual Rows": 1,"Actual Loops": 1,"Filter": "(n_name = 'SAUDI ARABIA'::bpchar)","Rows Removed by Filter": 24},{"Node Type": "Bitmap Heap Scan","Parent Relationship": "Inner","Parallel Aware": false,"Async Capable": false,"Relation Name": "supplier","Alias": "supplier","Startup Cost": 7.38,"Total Cost": 239.27,"Plan Rows": 400,"Plan Width": 59,"Actual Startup Time": 0.163,"Actual Total Time": 3.732,"Actual Rows": 411,"Actual Loops": 1,"Recheck Cond": "(s_nationkey = nation.n_nationkey)","Rows Removed by Index Recheck": 0,"Exact Heap Blocks": 182,"Lossy Heap Blocks": 0,"Plans": [{"Node Type": "Bitmap Index Scan","Parent Relationship": "Outer","Parallel Aware": false,"Async Capable": false,"Index Name": "idx_supplier_nation_key","Startup Cost": 0.00,"Total Cost": 7.29,"Plan Rows": 400,"Plan Width": 0,"Actual Startup Time": 0.101,"Actual Total Time": 0.108,"Actual Rows": 411,"Actual Loops": 1,"Index Cond": "(s_nationkey = nation.n_nationkey)"}]}]},{"Node Type": "Hash","Parent Relationship": "Inner","Parallel Aware": false,"Async Capable": false,"Startup Cost": 88158.53,"Total Cost": 88158.53,"Plan Rows": 2694,"Plan Width": 4,"Actual Startup Time": 906.944,"Actual Total Time": 906.951,"Actual Rows": 5854,"Actual Loops": 1,"Hash Buckets": 8192,"Original Hash Buckets": 4096,"Hash Batches": 1,"Original Hash Batches": 1,"Peak Memory Usage": 270,"Plans": [{"Node Type": "Nested Loop","Parent Relationship": "Outer","Parallel Aware": false,"Async Capable": false,"Join Type": "Inner","Startup Cost": 0.42,"Total Cost": 88158.53,"Plan Rows": 2694,"Plan Width": 4,"Actual Startup Time": 0.566,"Actual Total Time": 902.640,"Actual Rows": 5854,"Actual Loops": 1,"Inner Unique": false,"Plans": [{"Node Type": "Seq Scan","Parent Relationship": "Outer","Parallel Aware": false,"Async Capable": false,"Relation Name": "part","Alias": "part","Startup Cost": 0.00,"Total Cost": 6597.00,"Plan Rows": 2020,"Plan Width": 4,"Actual Startup Time": 0.213,"Actual Total Time": 202.789,"Actual Rows": 2171,"Actual Loops": 1,"Filter": "((p_name)::text ~~ 'brown%'::text)","Rows Removed by Filter": 197829},{"Node Type": "Index Scan","Parent Relationship": "Inner","Parallel Aware": false,"Async Capable": false,"Scan Direction": "Forward","Index Name": "idx_partsupp_partkey","Relation Name": "partsupp","Alias": "partsupp","Startup Cost": 0.42,"Total Cost": 40.36,"Plan Rows": 1,"Plan Width": 8,"Actual Startup Time": 0.138,"Actual Total Time": 0.322,"Actual Rows": 3,"Actual Loops": 2171,"Index Cond": "(ps_partkey = part.p_partkey)","Rows Removed by Index Recheck": 0,"Filter": "((ps_availqty)::numeric > (SubPlan 1))","Rows Removed by Filter": 1,"Plans": [{"Node Type": "Aggregate","Strategy": "Plain","Partial Mode": "Simple","Parent Relationship": "SubPlan","Subplan Name": "SubPlan 1","Parallel Aware": false,"Async Capable": false,"Startup Cost": 8.46,"Total Cost": 8.47,"Plan Rows": 1,"Plan Width": 32,"Actual Startup Time": 0.072,"Actual Total Time": 0.072,"Actual Rows": 1,"Actual Loops": 8684,"Plans": [{"Node Type": "Index Scan","Parent Relationship": "Outer","Parallel Aware": false,"Async Capable": false,"Scan Direction": "Forward","Index Name": "idx_lineitem_part_supp","Relation Name": "lineitem","Alias": "lineitem","Startup Cost": 0.43,"Total Cost": 8.46,"Plan Rows": 0,"Plan Width": 5,"Actual Startup Time": 0.045,"Actual Total Time": 0.071,"Actual Rows": 1,"Actual Loops": 8684,"Index Cond": "((l_partkey = partsupp.ps_partkey) AND (l_suppkey = partsupp.ps_suppkey))","Rows Removed by Index Recheck": 0,"Filter": "((l_shipdate >= '1996-01-01'::date) AND (l_shipdate < '1997-01-01 00:00:00'::timestamp without time zone))","Rows Removed by Filter": 6}]}]}]}]}]}]},"Planning Time": 6.287,"Triggers": [],"Execution Time": 911.618}]
[{"Plan": {"Node Type": "Sort","Parallel Aware": false,"Async Capable": false,"Startup Cost": 88442.96,"Total Cost": 88443.23,"Plan Rows": 108,"Plan Width": 51,"Actual Startup Time": 980.748,"Actual Total Time": 980.793,"Actual Rows": 185,"Actual Loops": 1,"Sort Key": ["supplier.s_name"],"Sort Method": "quicksort","Sort Space Used": 42,"Sort Space Type": "Memory","Plans": [{"Node Type": "Hash Join","Parent Relationship": "Outer","Parallel Aware": false,"Async Capable": false,"Join Type": "Semi","Startup Cost": 88199.59,"Total Cost": 88439.31,"Plan Rows": 108,"Plan Width": 51,"Actual Startup Time": 976.361,"Actual Total Time": 980.412,"Actual Rows": 185,"Actual Loops": 1,"Inner Unique": false,"Hash Cond": "(supplier.s_suppkey = partsupp.ps_suppkey)","Plans": [{"Node Type": "Nested Loop","Parent Relationship": "Outer","Parallel Aware": false,"Async Capable": false,"Join Type": "Inner","Startup Cost": 7.38,"Total Cost": 244.58,"Plan Rows": 400,"Plan Width": 55,"Actual Startup Time": 0.290,"Actual Total Time": 4.293,"Actual Rows": 399,"Actual Loops": 1,"Inner Unique": false,"Plans": [{"Node Type": "Seq Scan","Parent Relationship": "Outer","Parallel Aware": false,"Async Capable": false,"Relation Name": "nation","Alias": "nation","Startup Cost": 0.00,"Total Cost": 1.31,"Plan Rows": 1,"Plan Width": 4,"Actual Startup Time": 0.073,"Actual Total Time": 0.095,"Actual Rows": 1,"Actual Loops": 1,"Filter": "(n_name = 'VIETNAM'::bpchar)","Rows Removed by Filter": 24},{"Node Type": "Bitmap Heap Scan","Parent Relationship": "Inner","Parallel Aware": false,"Async Capable": false,"Relation Name": "supplier","Alias": "supplier","Startup Cost": 7.38,"Total Cost": 239.27,"Plan Rows": 400,"Plan Width": 59,"Actual Startup Time": 0.211,"Actual Total Time": 4.110,"Actual Rows": 399,"Actual Loops": 1,"Recheck Cond": "(s_nationkey = nation.n_nationkey)","Rows Removed by Index Recheck": 0,"Exact Heap Blocks": 191,"Lossy Heap Blocks": 0,"Plans": [{"Node Type": "Bitmap Index Scan","Parent Relationship": "Outer","Parallel Aware": false,"Async Capable": false,"Index Name": "idx_supplier_nation_key","Startup Cost": 0.00,"Total Cost": 7.29,"Plan Rows": 400,"Plan Width": 0,"Actual Startup Time": 0.141,"Actual Total Time": 0.146,"Actual Rows": 399,"Actual Loops": 1,"Index Cond": "(s_nationkey = nation.n_nationkey)"}]}]},{"Node Type": "Hash","Parent Relationship": "Inner","Parallel Aware": false,"Async Capable": false,"Startup Cost": 88158.53,"Total Cost": 88158.53,"Plan Rows": 2694,"Plan Width": 4,"Actual Startup Time": 975.953,"Actual Total Time": 975.967,"Actual Rows": 5824,"Actual Loops": 1,"Hash Buckets": 8192,"Original Hash Buckets": 4096,"Hash Batches": 1,"Original Hash Batches": 1,"Peak Memory Usage": 269,"Plans": [{"Node Type": "Nested Loop","Parent Relationship": "Outer","Parallel Aware": false,"Async Capable": false,"Join Type": "Inner","Startup Cost": 0.42,"Total Cost": 88158.53,"Plan Rows": 2694,"Plan Width": 4,"Actual Startup Time": 1.098,"Actual Total Time": 971.325,"Actual Rows": 5824,"Actual Loops": 1,"Inner Unique": false,"Plans": [{"Node Type": "Seq Scan","Parent Relationship": "Outer","Parallel Aware": false,"Async Capable": false,"Relation Name": "part","Alias": "part","Startup Cost": 0.00,"Total Cost": 6597.00,"Plan Rows": 2020,"Plan Width": 4,"Actual Startup Time": 0.172,"Actual Total Time": 183.746,"Actual Rows": 2183,"Actual Loops": 1,"Filter": "((p_name)::text ~~ 'drab%'::text)","Rows Removed by Filter": 197817},{"Node Type": "Index Scan","Parent Relationship": "Inner","Parallel Aware": false,"Async Capable": false,"Scan Direction": "Forward","Index Name": "idx_partsupp_partkey","Relation Name": "partsupp","Alias": "partsupp","Startup Cost": 0.42,"Total Cost": 40.36,"Plan Rows": 1,"Plan Width": 8,"Actual Startup Time": 0.153,"Actual Total Time": 0.360,"Actual Rows": 3,"Actual Loops": 2183,"Index Cond": "(ps_partkey = part.p_partkey)","Rows Removed by Index Recheck": 0,"Filter": "((ps_availqty)::numeric > (SubPlan 1))","Rows Removed by Filter": 1,"Plans": [{"Node Type": "Aggregate","Strategy": "Plain","Partial Mode": "Simple","Parent Relationship": "SubPlan","Subplan Name": "SubPlan 1","Parallel Aware": false,"Async Capable": false,"Startup Cost": 8.46,"Total Cost": 8.47,"Plan Rows": 1,"Plan Width": 32,"Actual Startup Time": 0.082,"Actual Total Time": 0.082,"Actual Rows": 1,"Actual Loops": 8732,"Plans": [{"Node Type": "Index Scan","Parent Relationship": "Outer","Parallel Aware": false,"Async Capable": false,"Scan Direction": "Forward","Index Name": "idx_lineitem_part_supp","Relation Name": "lineitem","Alias": "lineitem","Startup Cost": 0.43,"Total Cost": 8.46,"Plan Rows": 0,"Plan Width": 5,"Actual Startup Time": 0.051,"Actual Total Time": 0.081,"Actual Rows": 1,"Actual Loops": 8732,"Index Cond": "((l_partkey = partsupp.ps_partkey) AND (l_suppkey = partsupp.ps_suppkey))","Rows Removed by Index Recheck": 0,"Filter": "((l_shipdate >= '1994-01-01'::date) AND (l_shipdate < '1995-01-01 00:00:00'::timestamp without time zone))","Rows Removed by Filter": 6}]}]}]}]}]}]},"Planning Time": 6.326,"Triggers": [],"Execution Time": 981.025}]
[{"Plan": {"Node Type": "Sort","Parallel Aware": false,"Async Capable": false,"Startup Cost": 88442.96,"Total Cost": 88443.23,"Plan Rows": 108,"Plan Width": 51,"Actual Startup Time": 948.071,"Actual Total Time": 948.105,"Actual Rows": 166,"Actual Loops": 1,"Sort Key": ["supplier.s_name"],"Sort Method": "quicksort","Sort Space Used": 40,"Sort Space Type": "Memory","Plans": [{"Node Type": "Hash Join","Parent Relationship": "Outer","Parallel Aware": false,"Async Capable": false,"Join Type": "Semi","Startup Cost": 88199.59,"Total Cost": 88439.31,"Plan Rows": 108,"Plan Width": 51,"Actual Startup Time": 943.826,"Actual Total Time": 947.648,"Actual Rows": 166,"Actual Loops": 1,"Inner Unique": false,"Hash Cond": "(supplier.s_suppkey = partsupp.ps_suppkey)","Plans": [{"Node Type": "Nested Loop","Parent Relationship": "Outer","Parallel Aware": false,"Async Capable": false,"Join Type": "Inner","Startup Cost": 7.38,"Total Cost": 244.58,"Plan Rows": 400,"Plan Width": 55,"Actual Startup Time": 0.234,"Actual Total Time": 3.940,"Actual Rows": 397,"Actual Loops": 1,"Inner Unique": false,"Plans": [{"Node Type": "Seq Scan","Parent Relationship": "Outer","Parallel Aware": false,"Async Capable": false,"Relation Name": "nation","Alias": "nation","Startup Cost": 0.00,"Total Cost": 1.31,"Plan Rows": 1,"Plan Width": 4,"Actual Startup Time": 0.047,"Actual Total Time": 0.077,"Actual Rows": 1,"Actual Loops": 1,"Filter": "(n_name = 'BRAZIL'::bpchar)","Rows Removed by Filter": 24},{"Node Type": "Bitmap Heap Scan","Parent Relationship": "Inner","Parallel Aware": false,"Async Capable": false,"Relation Name": "supplier","Alias": "supplier","Startup Cost": 7.38,"Total Cost": 239.27,"Plan Rows": 400,"Plan Width": 59,"Actual Startup Time": 0.182,"Actual Total Time": 3.796,"Actual Rows": 397,"Actual Loops": 1,"Recheck Cond": "(s_nationkey = nation.n_nationkey)","Rows Removed by Index Recheck": 0,"Exact Heap Blocks": 187,"Lossy Heap Blocks": 0,"Plans": [{"Node Type": "Bitmap Index Scan","Parent Relationship": "Outer","Parallel Aware": false,"Async Capable": false,"Index Name": "idx_supplier_nation_key","Startup Cost": 0.00,"Total Cost": 7.29,"Plan Rows": 400,"Plan Width": 0,"Actual Startup Time": 0.121,"Actual Total Time": 0.125,"Actual Rows": 397,"Actual Loops": 1,"Index Cond": "(s_nationkey = nation.n_nationkey)"}]}]},{"Node Type": "Hash","Parent Relationship": "Inner","Parallel Aware": false,"Async Capable": false,"Startup Cost": 88158.53,"Total Cost": 88158.53,"Plan Rows": 2694,"Plan Width": 4,"Actual Startup Time": 943.533,"Actual Total Time": 943.546,"Actual Rows": 5717,"Actual Loops": 1,"Hash Buckets": 8192,"Original Hash Buckets": 4096,"Hash Batches": 1,"Original Hash Batches": 1,"Peak Memory Usage": 265,"Plans": [{"Node Type": "Nested Loop","Parent Relationship": "Outer","Parallel Aware": false,"Async Capable": false,"Join Type": "Inner","Startup Cost": 0.42,"Total Cost": 88158.53,"Plan Rows": 2694,"Plan Width": 4,"Actual Startup Time": 0.796,"Actual Total Time": 939.119,"Actual Rows": 5717,"Actual Loops": 1,"Inner Unique": false,"Plans": [{"Node Type": "Seq Scan","Parent Relationship": "Outer","Parallel Aware": false,"Async Capable": false,"Relation Name": "part","Alias": "part","Startup Cost": 0.00,"Total Cost": 6597.00,"Plan Rows": 2020,"Plan Width": 4,"Actual Startup Time": 0.175,"Actual Total Time": 177.874,"Actual Rows": 2115,"Actual Loops": 1,"Filter": "((p_name)::text ~~ 'dodger%'::text)","Rows Removed by Filter": 197885},{"Node Type": "Index Scan","Parent Relationship": "Inner","Parallel Aware": false,"Async Capable": false,"Scan Direction": "Forward","Index Name": "idx_partsupp_partkey","Relation Name": "partsupp","Alias": "partsupp","Startup Cost": 0.42,"Total Cost": 40.36,"Plan Rows": 1,"Plan Width": 8,"Actual Startup Time": 0.149,"Actual Total Time": 0.359,"Actual Rows": 3,"Actual Loops": 2115,"Index Cond": "(ps_partkey = part.p_partkey)","Rows Removed by Index Recheck": 0,"Filter": "((ps_availqty)::numeric > (SubPlan 1))","Rows Removed by Filter": 1,"Plans": [{"Node Type": "Aggregate","Strategy": "Plain","Partial Mode": "Simple","Parent Relationship": "SubPlan","Subplan Name": "SubPlan 1","Parallel Aware": false,"Async Capable": false,"Startup Cost": 8.46,"Total Cost": 8.47,"Plan Rows": 1,"Plan Width": 32,"Actual Startup Time": 0.082,"Actual Total Time": 0.082,"Actual Rows": 1,"Actual Loops": 8460,"Plans": [{"Node Type": "Index Scan","Parent Relationship": "Outer","Parallel Aware": false,"Async Capable": false,"Scan Direction": "Forward","Index Name": "idx_lineitem_part_supp","Relation Name": "lineitem","Alias": "lineitem","Startup Cost": 0.43,"Total Cost": 8.46,"Plan Rows": 0,"Plan Width": 5,"Actual Startup Time": 0.049,"Actual Total Time": 0.081,"Actual Rows": 1,"Actual Loops": 8460,"Index Cond": "((l_partkey = partsupp.ps_partkey) AND (l_suppkey = partsupp.ps_suppkey))","Rows Removed by Index Recheck": 0,"Filter": "((l_shipdate >= '1996-01-01'::date) AND (l_shipdate < '1997-01-01 00:00:00'::timestamp without time zone))","Rows Removed by Filter": 6}]}]}]}]}]}]},"Planning Time": 6.860,"Triggers": [],"Execution Time": 948.380}]
[{"Plan": {"Node Type": "Sort","Parallel Aware": false,"Async Capable": false,"Startup Cost": 165280.99,"Total Cost": 165281.53,"Plan Rows": 215,"Plan Width": 51,"Actual Startup Time": 978.577,"Actual Total Time": 978.620,"Actual Rows": 183,"Actual Loops": 1,"Sort Key": ["supplier.s_name"],"Sort Method": "quicksort","Sort Space Used": 42,"Sort Space Type": "Memory","Plans": [{"Node Type": "Hash Join","Parent Relationship": "Outer","Parallel Aware": false,"Async Capable": false,"Join Type": "Semi","Startup Cost": 165030.68,"Total Cost": 165272.66,"Plan Rows": 215,"Plan Width": 51,"Actual Startup Time": 973.565,"Actual Total Time": 978.226,"Actual Rows": 183,"Actual Loops": 1,"Inner Unique": false,"Hash Cond": "(supplier.s_suppkey = partsupp.ps_suppkey)","Plans": [{"Node Type": "Nested Loop","Parent Relationship": "Outer","Parallel Aware": false,"Async Capable": false,"Join Type": "Inner","Startup Cost": 7.38,"Total Cost": 244.58,"Plan Rows": 400,"Plan Width": 55,"Actual Startup Time": 0.243,"Actual Total Time": 4.351,"Actual Rows": 406,"Actual Loops": 1,"Inner Unique": false,"Plans": [{"Node Type": "Seq Scan","Parent Relationship": "Outer","Parallel Aware": false,"Async Capable": false,"Relation Name": "nation","Alias": "nation","Startup Cost": 0.00,"Total Cost": 1.31,"Plan Rows": 1,"Plan Width": 4,"Actual Startup Time": 0.071,"Actual Total Time": 0.094,"Actual Rows": 1,"Actual Loops": 1,"Filter": "(n_name = 'MOZAMBIQUE'::bpchar)","Rows Removed by Filter": 24},{"Node Type": "Bitmap Heap Scan","Parent Relationship": "Inner","Parallel Aware": false,"Async Capable": false,"Relation Name": "supplier","Alias": "supplier","Startup Cost": 7.38,"Total Cost": 239.27,"Plan Rows": 400,"Plan Width": 59,"Actual Startup Time": 0.169,"Actual Total Time": 4.196,"Actual Rows": 406,"Actual Loops": 1,"Recheck Cond": "(s_nationkey = nation.n_nationkey)","Rows Removed by Index Recheck": 0,"Exact Heap Blocks": 186,"Lossy Heap Blocks": 0,"Plans": [{"Node Type": "Bitmap Index Scan","Parent Relationship": "Outer","Parallel Aware": false,"Async Capable": false,"Index Name": "idx_supplier_nation_key","Startup Cost": 0.00,"Total Cost": 7.29,"Plan Rows": 400,"Plan Width": 0,"Actual Startup Time": 0.107,"Actual Total Time": 0.111,"Actual Rows": 406,"Actual Loops": 1,"Index Cond": "(s_nationkey = nation.n_nationkey)"}]}]},{"Node Type": "Hash","Parent Relationship": "Inner","Parallel Aware": false,"Async Capable": false,"Startup Cost": 164955.96,"Total Cost": 164955.96,"Plan Rows": 5387,"Plan Width": 4,"Actual Startup Time": 973.221,"Actual Total Time": 973.231,"Actual Rows": 5928,"Actual Loops": 1,"Hash Buckets": 8192,"Original Hash Buckets": 8192,"Hash Batches": 1,"Original Hash Batches": 1,"Peak Memory Usage": 273,"Plans": [{"Node Type": "Nested Loop","Parent Relationship": "Outer","Parallel Aware": false,"Async Capable": false,"Join Type": "Inner","Startup Cost": 0.42,"Total Cost": 164955.96,"Plan Rows": 5387,"Plan Width": 4,"Actual Startup Time": 0.806,"Actual Total Time": 967.843,"Actual Rows": 5928,"Actual Loops": 1,"Inner Unique": false,"Plans": [{"Node Type": "Seq Scan","Parent Relationship": "Outer","Parallel Aware": false,"Async Capable": false,"Relation Name": "part","Alias": "part","Startup Cost": 0.00,"Total Cost": 6597.00,"Plan Rows": 4040,"Plan Width": 4,"Actual Startup Time": 0.135,"Actual Total Time": 180.529,"Actual Rows": 2198,"Actual Loops": 1,"Filter": "((p_name)::text ~~ 'rosy%'::text)","Rows Removed by Filter": 197802},{"Node Type": "Index Scan","Parent Relationship": "Inner","Parallel Aware": false,"Async Capable": false,"Scan Direction": "Forward","Index Name": "idx_partsupp_partkey","Relation Name": "partsupp","Alias": "partsupp","Startup Cost": 0.42,"Total Cost": 39.18,"Plan Rows": 1,"Plan Width": 8,"Actual Startup Time": 0.150,"Actual Total Time": 0.358,"Actual Rows": 3,"Actual Loops": 2198,"Index Cond": "(ps_partkey = part.p_partkey)","Rows Removed by Index Recheck": 0,"Filter": "((ps_availqty)::numeric > (SubPlan 1))","Rows Removed by Filter": 1,"Plans": [{"Node Type": "Aggregate","Strategy": "Plain","Partial Mode": "Simple","Parent Relationship": "SubPlan","Subplan Name": "SubPlan 1","Parallel Aware": false,"Async Capable": false,"Startup Cost": 8.46,"Total Cost": 8.47,"Plan Rows": 1,"Plan Width": 32,"Actual Startup Time": 0.081,"Actual Total Time": 0.081,"Actual Rows": 1,"Actual Loops": 8792,"Plans": [{"Node Type": "Index Scan","Parent Relationship": "Outer","Parallel Aware": false,"Async Capable": false,"Scan Direction": "Forward","Index Name": "idx_lineitem_part_supp","Relation Name": "lineitem","Alias": "lineitem","Startup Cost": 0.43,"Total Cost": 8.46,"Plan Rows": 0,"Plan Width": 5,"Actual Startup Time": 0.049,"Actual Total Time": 0.080,"Actual Rows": 1,"Actual Loops": 8792,"Index Cond": "((l_partkey = partsupp.ps_partkey) AND (l_suppkey = partsupp.ps_suppkey))","Rows Removed by Index Recheck": 0,"Filter": "((l_shipdate >= '1995-01-01'::date) AND (l_shipdate < '1996-01-01 00:00:00'::timestamp without time zone))","Rows Removed by Filter": 6}]}]}]}]}]}]},"Planning Time": 7.555,"Triggers": [],"Execution Time": 978.874}]
[{"Plan": {"Node Type": "Sort","Parallel Aware": false,"Async Capable": false,"Startup Cost": 165280.99,"Total Cost": 165281.52,"Plan Rows": 215,"Plan Width": 51,"Actual Startup Time": 968.822,"Actual Total Time": 968.862,"Actual Rows": 178,"Actual Loops": 1,"Sort Key": ["supplier.s_name"],"Sort Method": "quicksort","Sort Space Used": 41,"Sort Space Type": "Memory","Plans": [{"Node Type": "Hash Join","Parent Relationship": "Outer","Parallel Aware": false,"Async Capable": false,"Join Type": "Semi","Startup Cost": 165030.68,"Total Cost": 165272.66,"Plan Rows": 215,"Plan Width": 51,"Actual Startup Time": 963.830,"Actual Total Time": 968.458,"Actual Rows": 178,"Actual Loops": 1,"Inner Unique": false,"Hash Cond": "(supplier.s_suppkey = partsupp.ps_suppkey)","Plans": [{"Node Type": "Nested Loop","Parent Relationship": "Outer","Parallel Aware": false,"Async Capable": false,"Join Type": "Inner","Startup Cost": 7.38,"Total Cost": 244.58,"Plan Rows": 400,"Plan Width": 55,"Actual Startup Time": 0.296,"Actual Total Time": 4.294,"Actual Rows": 405,"Actual Loops": 1,"Inner Unique": false,"Plans": [{"Node Type": "Seq Scan","Parent Relationship": "Outer","Parallel Aware": false,"Async Capable": false,"Relation Name": "nation","Alias": "nation","Startup Cost": 0.00,"Total Cost": 1.31,"Plan Rows": 1,"Plan Width": 4,"Actual Startup Time": 0.072,"Actual Total Time": 0.104,"Actual Rows": 1,"Actual Loops": 1,"Filter": "(n_name = 'INDONESIA'::bpchar)","Rows Removed by Filter": 24},{"Node Type": "Bitmap Heap Scan","Parent Relationship": "Inner","Parallel Aware": false,"Async Capable": false,"Relation Name": "supplier","Alias": "supplier","Startup Cost": 7.38,"Total Cost": 239.27,"Plan Rows": 400,"Plan Width": 59,"Actual Startup Time": 0.215,"Actual Total Time": 4.120,"Actual Rows": 405,"Actual Loops": 1,"Recheck Cond": "(s_nationkey = nation.n_nationkey)","Rows Removed by Index Recheck": 0,"Exact Heap Blocks": 192,"Lossy Heap Blocks": 0,"Plans": [{"Node Type": "Bitmap Index Scan","Parent Relationship": "Outer","Parallel Aware": false,"Async Capable": false,"Index Name": "idx_supplier_nation_key","Startup Cost": 0.00,"Total Cost": 7.29,"Plan Rows": 400,"Plan Width": 0,"Actual Startup Time": 0.138,"Actual Total Time": 0.142,"Actual Rows": 405,"Actual Loops": 1,"Index Cond": "(s_nationkey = nation.n_nationkey)"}]}]},{"Node Type": "Hash","Parent Relationship": "Inner","Parallel Aware": false,"Async Capable": false,"Startup Cost": 164955.96,"Total Cost": 164955.96,"Plan Rows": 5387,"Plan Width": 4,"Actual Startup Time": 963.446,"Actual Total Time": 963.455,"Actual Rows": 5870,"Actual Loops": 1,"Hash Buckets": 8192,"Original Hash Buckets": 8192,"Hash Batches": 1,"Original Hash Batches": 1,"Peak Memory Usage": 271,"Plans": [{"Node Type": "Nested Loop","Parent Relationship": "Outer","Parallel Aware": false,"Async Capable": false,"Join Type": "Inner","Startup Cost": 0.42,"Total Cost": 164955.96,"Plan Rows": 5387,"Plan Width": 4,"Actual Startup Time": 0.923,"Actual Total Time": 957.918,"Actual Rows": 5870,"Actual Loops": 1,"Inner Unique": false,"Plans": [{"Node Type": "Seq Scan","Parent Relationship": "Outer","Parallel Aware": false,"Async Capable": false,"Relation Name": "part","Alias": "part","Startup Cost": 0.00,"Total Cost": 6597.00,"Plan Rows": 4040,"Plan Width": 4,"Actual Startup Time": 0.054,"Actual Total Time": 179.937,"Actual Rows": 2157,"Actual Loops": 1,"Filter": "((p_name)::text ~~ 'spring%'::text)","Rows Removed by Filter": 197843},{"Node Type": "Index Scan","Parent Relationship": "Inner","Parallel Aware": false,"Async Capable": false,"Scan Direction": "Forward","Index Name": "idx_partsupp_partkey","Relation Name": "partsupp","Alias": "partsupp","Startup Cost": 0.42,"Total Cost": 39.18,"Plan Rows": 1,"Plan Width": 8,"Actual Startup Time": 0.152,"Actual Total Time": 0.360,"Actual Rows": 3,"Actual Loops": 2157,"Index Cond": "(ps_partkey = part.p_partkey)","Rows Removed by Index Recheck": 0,"Filter": "((ps_availqty)::numeric > (SubPlan 1))","Rows Removed by Filter": 1,"Plans": [{"Node Type": "Aggregate","Strategy": "Plain","Partial Mode": "Simple","Parent Relationship": "SubPlan","Subplan Name": "SubPlan 1","Parallel Aware": false,"Async Capable": false,"Startup Cost": 8.46,"Total Cost": 8.47,"Plan Rows": 1,"Plan Width": 32,"Actual Startup Time": 0.082,"Actual Total Time": 0.082,"Actual Rows": 1,"Actual Loops": 8628,"Plans": [{"Node Type": "Index Scan","Parent Relationship": "Outer","Parallel Aware": false,"Async Capable": false,"Scan Direction": "Forward","Index Name": "idx_lineitem_part_supp","Relation Name": "lineitem","Alias": "lineitem","Startup Cost": 0.43,"Total Cost": 8.46,"Plan Rows": 0,"Plan Width": 5,"Actual Startup Time": 0.050,"Actual Total Time": 0.081,"Actual Rows": 1,"Actual Loops": 8628,"Index Cond": "((l_partkey = partsupp.ps_partkey) AND (l_suppkey = partsupp.ps_suppkey))","Rows Removed by Index Recheck": 0,"Filter": "((l_shipdate >= '1997-01-01'::date) AND (l_shipdate < '1998-01-01 00:00:00'::timestamp without time zone))","Rows Removed by Filter": 6}]}]}]}]}]}]},"Planning Time": 6.165,"Triggers": [],"Execution Time": 969.132}]
[{"Plan": {"Node Type": "Sort","Parallel Aware": false,"Async Capable": false,"Startup Cost": 88442.96,"Total Cost": 88443.23,"Plan Rows": 108,"Plan Width": 51,"Actual Startup Time": 881.933,"Actual Total Time": 881.974,"Actual Rows": 182,"Actual Loops": 1,"Sort Key": ["supplier.s_name"],"Sort Method": "quicksort","Sort Space Used": 41,"Sort Space Type": "Memory","Plans": [{"Node Type": "Hash Join","Parent Relationship": "Outer","Parallel Aware": false,"Async Capable": false,"Join Type": "Semi","Startup Cost": 88199.59,"Total Cost": 88439.31,"Plan Rows": 108,"Plan Width": 51,"Actual Startup Time": 877.389,"Actual Total Time": 881.428,"Actual Rows": 182,"Actual Loops": 1,"Inner Unique": false,"Hash Cond": "(supplier.s_suppkey = partsupp.ps_suppkey)","Plans": [{"Node Type": "Nested Loop","Parent Relationship": "Outer","Parallel Aware": false,"Async Capable": false,"Join Type": "Inner","Startup Cost": 7.38,"Total Cost": 244.58,"Plan Rows": 400,"Plan Width": 55,"Actual Startup Time": 0.278,"Actual Total Time": 4.226,"Actual Rows": 398,"Actual Loops": 1,"Inner Unique": false,"Plans": [{"Node Type": "Seq Scan","Parent Relationship": "Outer","Parallel Aware": false,"Async Capable": false,"Relation Name": "nation","Alias": "nation","Startup Cost": 0.00,"Total Cost": 1.31,"Plan Rows": 1,"Plan Width": 4,"Actual Startup Time": 0.068,"Actual Total Time": 0.086,"Actual Rows": 1,"Actual Loops": 1,"Filter": "(n_name = 'ROMANIA'::bpchar)","Rows Removed by Filter": 24},{"Node Type": "Bitmap Heap Scan","Parent Relationship": "Inner","Parallel Aware": false,"Async Capable": false,"Relation Name": "supplier","Alias": "supplier","Startup Cost": 7.38,"Total Cost": 239.27,"Plan Rows": 400,"Plan Width": 59,"Actual Startup Time": 0.207,"Actual Total Time": 4.088,"Actual Rows": 398,"Actual Loops": 1,"Recheck Cond": "(s_nationkey = nation.n_nationkey)","Rows Removed by Index Recheck": 0,"Exact Heap Blocks": 186,"Lossy Heap Blocks": 0,"Plans": [{"Node Type": "Bitmap Index Scan","Parent Relationship": "Outer","Parallel Aware": false,"Async Capable": false,"Index Name": "idx_supplier_nation_key","Startup Cost": 0.00,"Total Cost": 7.29,"Plan Rows": 400,"Plan Width": 0,"Actual Startup Time": 0.133,"Actual Total Time": 0.137,"Actual Rows": 398,"Actual Loops": 1,"Index Cond": "(s_nationkey = nation.n_nationkey)"}]}]},{"Node Type": "Hash","Parent Relationship": "Inner","Parallel Aware": false,"Async Capable": false,"Startup Cost": 88158.53,"Total Cost": 88158.53,"Plan Rows": 2694,"Plan Width": 4,"Actual Startup Time": 877.058,"Actual Total Time": 877.069,"Actual Rows": 5712,"Actual Loops": 1,"Hash Buckets": 8192,"Original Hash Buckets": 4096,"Hash Batches": 1,"Original Hash Batches": 1,"Peak Memory Usage": 265,"Plans": [{"Node Type": "Nested Loop","Parent Relationship": "Outer","Parallel Aware": false,"Async Capable": false,"Join Type": "Inner","Startup Cost": 0.42,"Total Cost": 88158.53,"Plan Rows": 2694,"Plan Width": 4,"Actual Startup Time": 0.538,"Actual Total Time": 873.186,"Actual Rows": 5712,"Actual Loops": 1,"Inner Unique": false,"Plans": [{"Node Type": "Seq Scan","Parent Relationship": "Outer","Parallel Aware": false,"Async Capable": false,"Relation Name": "part","Alias": "part","Startup Cost": 0.00,"Total Cost": 6597.00,"Plan Rows": 2020,"Plan Width": 4,"Actual Startup Time": 0.087,"Actual Total Time": 196.788,"Actual Rows": 2094,"Actual Loops": 1,"Filter": "((p_name)::text ~~ 'lawn%'::text)","Rows Removed by Filter": 197906},{"Node Type": "Index Scan","Parent Relationship": "Inner","Parallel Aware": false,"Async Capable": false,"Scan Direction": "Forward","Index Name": "idx_partsupp_partkey","Relation Name": "partsupp","Alias": "partsupp","Startup Cost": 0.42,"Total Cost": 40.36,"Plan Rows": 1,"Plan Width": 8,"Actual Startup Time": 0.138,"Actual Total Time": 0.322,"Actual Rows": 3,"Actual Loops": 2094,"Index Cond": "(ps_partkey = part.p_partkey)","Rows Removed by Index Recheck": 0,"Filter": "((ps_availqty)::numeric > (SubPlan 1))","Rows Removed by Filter": 1,"Plans": [{"Node Type": "Aggregate","Strategy": "Plain","Partial Mode": "Simple","Parent Relationship": "SubPlan","Subplan Name": "SubPlan 1","Parallel Aware": false,"Async Capable": false,"Startup Cost": 8.46,"Total Cost": 8.47,"Plan Rows": 1,"Plan Width": 32,"Actual Startup Time": 0.072,"Actual Total Time": 0.072,"Actual Rows": 1,"Actual Loops": 8376,"Plans": [{"Node Type": "Index Scan","Parent Relationship": "Outer","Parallel Aware": false,"Async Capable": false,"Scan Direction": "Forward","Index Name": "idx_lineitem_part_supp","Relation Name": "lineitem","Alias": "lineitem","Startup Cost": 0.43,"Total Cost": 8.46,"Plan Rows": 0,"Plan Width": 5,"Actual Startup Time": 0.044,"Actual Total Time": 0.072,"Actual Rows": 1,"Actual Loops": 8376,"Index Cond": "((l_partkey = partsupp.ps_partkey) AND (l_suppkey = partsupp.ps_suppkey))","Rows Removed by Index Recheck": 0,"Filter": "((l_shipdate >= '1997-01-01'::date) AND (l_shipdate < '1998-01-01 00:00:00'::timestamp without time zone))","Rows Removed by Filter": 6}]}]}]}]}]}]},"Planning Time": 5.949,"Triggers": [],"Execution Time": 882.237}]
[{"Plan": {"Node Type": "Sort","Parallel Aware": false,"Async Capable": false,"Startup Cost": 88442.96,"Total Cost": 88443.23,"Plan Rows": 108,"Plan Width": 51,"Actual Startup Time": 904.255,"Actual Total Time": 904.294,"Actual Rows": 180,"Actual Loops": 1,"Sort Key": ["supplier.s_name"],"Sort Method": "quicksort","Sort Space Used": 41,"Sort Space Type": "Memory","Plans": [{"Node Type": "Hash Join","Parent Relationship": "Outer","Parallel Aware": false,"Async Capable": false,"Join Type": "Semi","Startup Cost": 88199.59,"Total Cost": 88439.31,"Plan Rows": 108,"Plan Width": 51,"Actual Startup Time": 900.085,"Actual Total Time": 903.937,"Actual Rows": 180,"Actual Loops": 1,"Inner Unique": false,"Hash Cond": "(supplier.s_suppkey = partsupp.ps_suppkey)","Plans": [{"Node Type": "Nested Loop","Parent Relationship": "Outer","Parallel Aware": false,"Async Capable": false,"Join Type": "Inner","Startup Cost": 7.38,"Total Cost": 244.58,"Plan Rows": 400,"Plan Width": 55,"Actual Startup Time": 0.254,"Actual Total Time": 3.983,"Actual Rows": 373,"Actual Loops": 1,"Inner Unique": false,"Plans": [{"Node Type": "Seq Scan","Parent Relationship": "Outer","Parallel Aware": false,"Async Capable": false,"Relation Name": "nation","Alias": "nation","Startup Cost": 0.00,"Total Cost": 1.31,"Plan Rows": 1,"Plan Width": 4,"Actual Startup Time": 0.074,"Actual Total Time": 0.090,"Actual Rows": 1,"Actual Loops": 1,"Filter": "(n_name = 'MOROCCO'::bpchar)","Rows Removed by Filter": 24},{"Node Type": "Bitmap Heap Scan","Parent Relationship": "Inner","Parallel Aware": false,"Async Capable": false,"Relation Name": "supplier","Alias": "supplier","Startup Cost": 7.38,"Total Cost": 239.27,"Plan Rows": 400,"Plan Width": 59,"Actual Startup Time": 0.171,"Actual Total Time": 3.834,"Actual Rows": 373,"Actual Loops": 1,"Recheck Cond": "(s_nationkey = nation.n_nationkey)","Rows Removed by Index Recheck": 0,"Exact Heap Blocks": 180,"Lossy Heap Blocks": 0,"Plans": [{"Node Type": "Bitmap Index Scan","Parent Relationship": "Outer","Parallel Aware": false,"Async Capable": false,"Index Name": "idx_supplier_nation_key","Startup Cost": 0.00,"Total Cost": 7.29,"Plan Rows": 400,"Plan Width": 0,"Actual Startup Time": 0.118,"Actual Total Time": 0.121,"Actual Rows": 373,"Actual Loops": 1,"Index Cond": "(s_nationkey = nation.n_nationkey)"}]}]},{"Node Type": "Hash","Parent Relationship": "Inner","Parallel Aware": false,"Async Capable": false,"Startup Cost": 88158.53,"Total Cost": 88158.53,"Plan Rows": 2694,"Plan Width": 4,"Actual Startup Time": 899.758,"Actual Total Time": 899.770,"Actual Rows": 5830,"Actual Loops": 1,"Hash Buckets": 8192,"Original Hash Buckets": 4096,"Hash Batches": 1,"Original Hash Batches": 1,"Peak Memory Usage": 269,"Plans": [{"Node Type": "Nested Loop","Parent Relationship": "Outer","Parallel Aware": false,"Async Capable": false,"Join Type": "Inner","Startup Cost": 0.42,"Total Cost": 88158.53,"Plan Rows": 2694,"Plan Width": 4,"Actual Startup Time": 0.562,"Actual Total Time": 895.456,"Actual Rows": 5830,"Actual Loops": 1,"Inner Unique": false,"Plans": [{"Node Type": "Seq Scan","Parent Relationship": "Outer","Parallel Aware": false,"Async Capable": false,"Relation Name": "part","Alias": "part","Startup Cost": 0.00,"Total Cost": 6597.00,"Plan Rows": 2020,"Plan Width": 4,"Actual Startup Time": 0.201,"Actual Total Time": 201.047,"Actual Rows": 2157,"Actual Loops": 1,"Filter": "((p_name)::text ~~ 'dark%'::text)","Rows Removed by Filter": 197843},{"Node Type": "Index Scan","Parent Relationship": "Inner","Parallel Aware": false,"Async Capable": false,"Scan Direction": "Forward","Index Name": "idx_partsupp_partkey","Relation Name": "partsupp","Alias": "partsupp","Startup Cost": 0.42,"Total Cost": 40.36,"Plan Rows": 1,"Plan Width": 8,"Actual Startup Time": 0.138,"Actual Total Time": 0.321,"Actual Rows": 3,"Actual Loops": 2157,"Index Cond": "(ps_partkey = part.p_partkey)","Rows Removed by Index Recheck": 0,"Filter": "((ps_availqty)::numeric > (SubPlan 1))","Rows Removed by Filter": 1,"Plans": [{"Node Type": "Aggregate","Strategy": "Plain","Partial Mode": "Simple","Parent Relationship": "SubPlan","Subplan Name": "SubPlan 1","Parallel Aware": false,"Async Capable": false,"Startup Cost": 8.46,"Total Cost": 8.47,"Plan Rows": 1,"Plan Width": 32,"Actual Startup Time": 0.072,"Actual Total Time": 0.072,"Actual Rows": 1,"Actual Loops": 8628,"Plans": [{"Node Type": "Index Scan","Parent Relationship": "Outer","Parallel Aware": false,"Async Capable": false,"Scan Direction": "Forward","Index Name": "idx_lineitem_part_supp","Relation Name": "lineitem","Alias": "lineitem","Startup Cost": 0.43,"Total Cost": 8.46,"Plan Rows": 0,"Plan Width": 5,"Actual Startup Time": 0.044,"Actual Total Time": 0.071,"Actual Rows": 1,"Actual Loops": 8628,"Index Cond": "((l_partkey = partsupp.ps_partkey) AND (l_suppkey = partsupp.ps_suppkey))","Rows Removed by Index Recheck": 0,"Filter": "((l_shipdate >= '1993-01-01'::date) AND (l_shipdate < '1994-01-01 00:00:00'::timestamp without time zone))","Rows Removed by Filter": 6}]}]}]}]}]}]},"Planning Time": 6.222,"Triggers": [],"Execution Time": 904.542}]
[{"Plan": {"Node Type": "Sort","Parallel Aware": false,"Async Capable": false,"Startup Cost": 88442.96,"Total Cost": 88443.23,"Plan Rows": 108,"Plan Width": 51,"Actual Startup Time": 966.030,"Actual Total Time": 966.070,"Actual Rows": 169,"Actual Loops": 1,"Sort Key": ["supplier.s_name"],"Sort Method": "quicksort","Sort Space Used": 40,"Sort Space Type": "Memory","Plans": [{"Node Type": "Hash Join","Parent Relationship": "Outer","Parallel Aware": false,"Async Capable": false,"Join Type": "Semi","Startup Cost": 88199.59,"Total Cost": 88439.31,"Plan Rows": 108,"Plan Width": 51,"Actual Startup Time": 961.929,"Actual Total Time": 965.638,"Actual Rows": 169,"Actual Loops": 1,"Inner Unique": false,"Hash Cond": "(supplier.s_suppkey = partsupp.ps_suppkey)","Plans": [{"Node Type": "Nested Loop","Parent Relationship": "Outer","Parallel Aware": false,"Async Capable": false,"Join Type": "Inner","Startup Cost": 7.38,"Total Cost": 244.58,"Plan Rows": 400,"Plan Width": 55,"Actual Startup Time": 0.239,"Actual Total Time": 3.884,"Actual Rows": 393,"Actual Loops": 1,"Inner Unique": false,"Plans": [{"Node Type": "Seq Scan","Parent Relationship": "Outer","Parallel Aware": false,"Async Capable": false,"Relation Name": "nation","Alias": "nation","Startup Cost": 0.00,"Total Cost": 1.31,"Plan Rows": 1,"Plan Width": 4,"Actual Startup Time": 0.055,"Actual Total Time": 0.064,"Actual Rows": 1,"Actual Loops": 1,"Filter": "(n_name = 'UNITED STATES'::bpchar)","Rows Removed by Filter": 24},{"Node Type": "Bitmap Heap Scan","Parent Relationship": "Inner","Parallel Aware": false,"Async Capable": false,"Relation Name": "supplier","Alias": "supplier","Startup Cost": 7.38,"Total Cost": 239.27,"Plan Rows": 400,"Plan Width": 59,"Actual Startup Time": 0.179,"Actual Total Time": 3.757,"Actual Rows": 393,"Actual Loops": 1,"Recheck Cond": "(s_nationkey = nation.n_nationkey)","Rows Removed by Index Recheck": 0,"Exact Heap Blocks": 181,"Lossy Heap Blocks": 0,"Plans": [{"Node Type": "Bitmap Index Scan","Parent Relationship": "Outer","Parallel Aware": false,"Async Capable": false,"Index Name": "idx_supplier_nation_key","Startup Cost": 0.00,"Total Cost": 7.29,"Plan Rows": 400,"Plan Width": 0,"Actual Startup Time": 0.118,"Actual Total Time": 0.124,"Actual Rows": 393,"Actual Loops": 1,"Index Cond": "(s_nationkey = nation.n_nationkey)"}]}]},{"Node Type": "Hash","Parent Relationship": "Inner","Parallel Aware": false,"Async Capable": false,"Startup Cost": 88158.53,"Total Cost": 88158.53,"Plan Rows": 2694,"Plan Width": 4,"Actual Startup Time": 961.616,"Actual Total Time": 961.624,"Actual Rows": 5874,"Actual Loops": 1,"Hash Buckets": 8192,"Original Hash Buckets": 4096,"Hash Batches": 1,"Original Hash Batches": 1,"Peak Memory Usage": 271,"Plans": [{"Node Type": "Nested Loop","Parent Relationship": "Outer","Parallel Aware": false,"Async Capable": false,"Join Type": "Inner","Startup Cost": 0.42,"Total Cost": 88158.53,"Plan Rows": 2694,"Plan Width": 4,"Actual Startup Time": 0.478,"Actual Total Time": 957.643,"Actual Rows": 5874,"Actual Loops": 1,"Inner Unique": false,"Plans": [{"Node Type": "Seq Scan","Parent Relationship": "Outer","Parallel Aware": false,"Async Capable": false,"Relation Name": "part","Alias": "part","Startup Cost": 0.00,"Total Cost": 6597.00,"Plan Rows": 2020,"Plan Width": 4,"Actual Startup Time": 0.032,"Actual Total Time": 179.508,"Actual Rows": 2158,"Actual Loops": 1,"Filter": "((p_name)::text ~~ 'lemon%'::text)","Rows Removed by Filter": 197842},{"Node Type": "Index Scan","Parent Relationship": "Inner","Parallel Aware": false,"Async Capable": false,"Scan Direction": "Forward","Index Name": "idx_partsupp_partkey","Relation Name": "partsupp","Alias": "partsupp","Startup Cost": 0.42,"Total Cost": 40.36,"Plan Rows": 1,"Plan Width": 8,"Actual Startup Time": 0.149,"Actual Total Time": 0.360,"Actual Rows": 3,"Actual Loops": 2158,"Index Cond": "(ps_partkey = part.p_partkey)","Rows Removed by Index Recheck": 0,"Filter": "((ps_availqty)::numeric > (SubPlan 1))","Rows Removed by Filter": 1,"Plans": [{"Node Type": "Aggregate","Strategy": "Plain","Partial Mode": "Simple","Parent Relationship": "SubPlan","Subplan Name": "SubPlan 1","Parallel Aware": false,"Async Capable": false,"Startup Cost": 8.46,"Total Cost": 8.47,"Plan Rows": 1,"Plan Width": 32,"Actual Startup Time": 0.082,"Actual Total Time": 0.082,"Actual Rows": 1,"Actual Loops": 8632,"Plans": [{"Node Type": "Index Scan","Parent Relationship": "Outer","Parallel Aware": false,"Async Capable": false,"Scan Direction": "Forward","Index Name": "idx_lineitem_part_supp","Relation Name": "lineitem","Alias": "lineitem","Startup Cost": 0.43,"Total Cost": 8.46,"Plan Rows": 0,"Plan Width": 5,"Actual Startup Time": 0.049,"Actual Total Time": 0.081,"Actual Rows": 1,"Actual Loops": 8632,"Index Cond": "((l_partkey = partsupp.ps_partkey) AND (l_suppkey = partsupp.ps_suppkey))","Rows Removed by Index Recheck": 0,"Filter": "((l_shipdate >= '1996-01-01'::date) AND (l_shipdate < '1997-01-01 00:00:00'::timestamp without time zone))","Rows Removed by Filter": 6}]}]}]}]}]}]},"Planning Time": 7.543,"Triggers": [],"Execution Time": 966.327}]
[{"Plan": {"Node Type": "Sort","Parallel Aware": false,"Async Capable": false,"Startup Cost": 88442.96,"Total Cost": 88443.23,"Plan Rows": 108,"Plan Width": 51,"Actual Startup Time": 962.520,"Actual Total Time": 962.559,"Actual Rows": 189,"Actual Loops": 1,"Sort Key": ["supplier.s_name"],"Sort Method": "quicksort","Sort Space Used": 42,"Sort Space Type": "Memory","Plans": [{"Node Type": "Hash Join","Parent Relationship": "Outer","Parallel Aware": false,"Async Capable": false,"Join Type": "Semi","Startup Cost": 88199.59,"Total Cost": 88439.31,"Plan Rows": 108,"Plan Width": 51,"Actual Startup Time": 957.949,"Actual Total Time": 962.199,"Actual Rows": 189,"Actual Loops": 1,"Inner Unique": false,"Hash Cond": "(supplier.s_suppkey = partsupp.ps_suppkey)","Plans": [{"Node Type": "Nested Loop","Parent Relationship": "Outer","Parallel Aware": false,"Async Capable": false,"Join Type": "Inner","Startup Cost": 7.38,"Total Cost": 244.58,"Plan Rows": 400,"Plan Width": 55,"Actual Startup Time": 0.233,"Actual Total Time": 4.360,"Actual Rows": 415,"Actual Loops": 1,"Inner Unique": false,"Plans": [{"Node Type": "Seq Scan","Parent Relationship": "Outer","Parallel Aware": false,"Async Capable": false,"Relation Name": "nation","Alias": "nation","Startup Cost": 0.00,"Total Cost": 1.31,"Plan Rows": 1,"Plan Width": 4,"Actual Startup Time": 0.066,"Actual Total Time": 0.095,"Actual Rows": 1,"Actual Loops": 1,"Filter": "(n_name = 'INDIA'::bpchar)","Rows Removed by Filter": 24},{"Node Type": "Bitmap Heap Scan","Parent Relationship": "Inner","Parallel Aware": false,"Async Capable": false,"Relation Name": "supplier","Alias": "supplier","Startup Cost": 7.38,"Total Cost": 239.27,"Plan Rows": 400,"Plan Width": 59,"Actual Startup Time": 0.159,"Actual Total Time": 4.190,"Actual Rows": 415,"Actual Loops": 1,"Recheck Cond": "(s_nationkey = nation.n_nationkey)","Rows Removed by Index Recheck": 0,"Exact Heap Blocks": 186,"Lossy Heap Blocks": 0,"Plans": [{"Node Type": "Bitmap Index Scan","Parent Relationship": "Outer","Parallel Aware": false,"Async Capable": false,"Index Name": "idx_supplier_nation_key","Startup Cost": 0.00,"Total Cost": 7.29,"Plan Rows": 400,"Plan Width": 0,"Actual Startup Time": 0.102,"Actual Total Time": 0.105,"Actual Rows": 415,"Actual Loops": 1,"Index Cond": "(s_nationkey = nation.n_nationkey)"}]}]},{"Node Type": "Hash","Parent Relationship": "Inner","Parallel Aware": false,"Async Capable": false,"Startup Cost": 88158.53,"Total Cost": 88158.53,"Plan Rows": 2694,"Plan Width": 4,"Actual Startup Time": 957.655,"Actual Total Time": 957.664,"Actual Rows": 5879,"Actual Loops": 1,"Hash Buckets": 8192,"Original Hash Buckets": 4096,"Hash Batches": 1,"Original Hash Batches": 1,"Peak Memory Usage": 271,"Plans": [{"Node Type": "Nested Loop","Parent Relationship": "Outer","Parallel Aware": false,"Async Capable": false,"Join Type": "Inner","Startup Cost": 0.42,"Total Cost": 88158.53,"Plan Rows": 2694,"Plan Width": 4,"Actual Startup Time": 1.308,"Actual Total Time": 953.389,"Actual Rows": 5879,"Actual Loops": 1,"Inner Unique": false,"Plans": [{"Node Type": "Seq Scan","Parent Relationship": "Outer","Parallel Aware": false,"Async Capable": false,"Relation Name": "part","Alias": "part","Startup Cost": 0.00,"Total Cost": 6597.00,"Plan Rows": 2020,"Plan Width": 4,"Actual Startup Time": 0.064,"Actual Total Time": 177.540,"Actual Rows": 2168,"Actual Loops": 1,"Filter": "((p_name)::text ~~ 'indian%'::text)","Rows Removed by Filter": 197832},{"Node Type": "Index Scan","Parent Relationship": "Inner","Parallel Aware": false,"Async Capable": false,"Scan Direction": "Forward","Index Name": "idx_partsupp_partkey","Relation Name": "partsupp","Alias": "partsupp","Startup Cost": 0.42,"Total Cost": 40.36,"Plan Rows": 1,"Plan Width": 8,"Actual Startup Time": 0.150,"Actual Total Time": 0.357,"Actual Rows": 3,"Actual Loops": 2168,"Index Cond": "(ps_partkey = part.p_partkey)","Rows Removed by Index Recheck": 0,"Filter": "((ps_availqty)::numeric > (SubPlan 1))","Rows Removed by Filter": 1,"Plans": [{"Node Type": "Aggregate","Strategy": "Plain","Partial Mode": "Simple","Parent Relationship": "SubPlan","Subplan Name": "SubPlan 1","Parallel Aware": false,"Async Capable": false,"Startup Cost": 8.46,"Total Cost": 8.47,"Plan Rows": 1,"Plan Width": 32,"Actual Startup Time": 0.081,"Actual Total Time": 0.081,"Actual Rows": 1,"Actual Loops": 8672,"Plans": [{"Node Type": "Index Scan","Parent Relationship": "Outer","Parallel Aware": false,"Async Capable": false,"Scan Direction": "Forward","Index Name": "idx_lineitem_part_supp","Relation Name": "lineitem","Alias": "lineitem","Startup Cost": 0.43,"Total Cost": 8.46,"Plan Rows": 0,"Plan Width": 5,"Actual Startup Time": 0.049,"Actual Total Time": 0.081,"Actual Rows": 1,"Actual Loops": 8672,"Index Cond": "((l_partkey = partsupp.ps_partkey) AND (l_suppkey = partsupp.ps_suppkey))","Rows Removed by Index Recheck": 0,"Filter": "((l_shipdate >= '1994-01-01'::date) AND (l_shipdate < '1995-01-01 00:00:00'::timestamp without time zone))","Rows Removed by Filter": 6}]}]}]}]}]}]},"Planning Time": 7.028,"Triggers": [],"Execution Time": 962.818}]
[{"Plan": {"Node Type": "Sort","Parallel Aware": false,"Async Capable": false,"Startup Cost": 88442.96,"Total Cost": 88443.23,"Plan Rows": 108,"Plan Width": 51,"Actual Startup Time": 899.144,"Actual Total Time": 899.180,"Actual Rows": 154,"Actual Loops": 1,"Sort Key": ["supplier.s_name"],"Sort Method": "quicksort","Sort Space Used": 39,"Sort Space Type": "Memory","Plans": [{"Node Type": "Hash Join","Parent Relationship": "Outer","Parallel Aware": false,"Async Capable": false,"Join Type": "Semi","Startup Cost": 88199.59,"Total Cost": 88439.31,"Plan Rows": 108,"Plan Width": 51,"Actual Startup Time": 894.809,"Actual Total Time": 898.835,"Actual Rows": 154,"Actual Loops": 1,"Inner Unique": false,"Hash Cond": "(supplier.s_suppkey = partsupp.ps_suppkey)","Plans": [{"Node Type": "Nested Loop","Parent Relationship": "Outer","Parallel Aware": false,"Async Capable": false,"Join Type": "Inner","Startup Cost": 7.38,"Total Cost": 244.58,"Plan Rows": 400,"Plan Width": 55,"Actual Startup Time": 0.320,"Actual Total Time": 4.260,"Actual Rows": 399,"Actual Loops": 1,"Inner Unique": false,"Plans": [{"Node Type": "Seq Scan","Parent Relationship": "Outer","Parallel Aware": false,"Async Capable": false,"Relation Name": "nation","Alias": "nation","Startup Cost": 0.00,"Total Cost": 1.31,"Plan Rows": 1,"Plan Width": 4,"Actual Startup Time": 0.073,"Actual Total Time": 0.091,"Actual Rows": 1,"Actual Loops": 1,"Filter": "(n_name = 'VIETNAM'::bpchar)","Rows Removed by Filter": 24},{"Node Type": "Bitmap Heap Scan","Parent Relationship": "Inner","Parallel Aware": false,"Async Capable": false,"Relation Name": "supplier","Alias": "supplier","Startup Cost": 7.38,"Total Cost": 239.27,"Plan Rows": 400,"Plan Width": 59,"Actual Startup Time": 0.242,"Actual Total Time": 4.105,"Actual Rows": 399,"Actual Loops": 1,"Recheck Cond": "(s_nationkey = nation.n_nationkey)","Rows Removed by Index Recheck": 0,"Exact Heap Blocks": 191,"Lossy Heap Blocks": 0,"Plans": [{"Node Type": "Bitmap Index Scan","Parent Relationship": "Outer","Parallel Aware": false,"Async Capable": false,"Index Name": "idx_supplier_nation_key","Startup Cost": 0.00,"Total Cost": 7.29,"Plan Rows": 400,"Plan Width": 0,"Actual Startup Time": 0.156,"Actual Total Time": 0.159,"Actual Rows": 399,"Actual Loops": 1,"Index Cond": "(s_nationkey = nation.n_nationkey)"}]}]},{"Node Type": "Hash","Parent Relationship": "Inner","Parallel Aware": false,"Async Capable": false,"Startup Cost": 88158.53,"Total Cost": 88158.53,"Plan Rows": 2694,"Plan Width": 4,"Actual Startup Time": 894.424,"Actual Total Time": 894.431,"Actual Rows": 5929,"Actual Loops": 1,"Hash Buckets": 8192,"Original Hash Buckets": 4096,"Hash Batches": 1,"Original Hash Batches": 1,"Peak Memory Usage": 273,"Plans": [{"Node Type": "Nested Loop","Parent Relationship": "Outer","Parallel Aware": false,"Async Capable": false,"Join Type": "Inner","Startup Cost": 0.42,"Total Cost": 88158.53,"Plan Rows": 2694,"Plan Width": 4,"Actual Startup Time": 0.605,"Actual Total Time": 890.132,"Actual Rows": 5929,"Actual Loops": 1,"Inner Unique": false,"Plans": [{"Node Type": "Seq Scan","Parent Relationship": "Outer","Parallel Aware": false,"Async Capable": false,"Relation Name": "part","Alias": "part","Startup Cost": 0.00,"Total Cost": 6597.00,"Plan Rows": 2020,"Plan Width": 4,"Actual Startup Time": 0.083,"Actual Total Time": 193.475,"Actual Rows": 2178,"Actual Loops": 1,"Filter": "((p_name)::text ~~ 'sandy%'::text)","Rows Removed by Filter": 197822},{"Node Type": "Index Scan","Parent Relationship": "Inner","Parallel Aware": false,"Async Capable": false,"Scan Direction": "Forward","Index Name": "idx_partsupp_partkey","Relation Name": "partsupp","Alias": "partsupp","Startup Cost": 0.42,"Total Cost": 40.36,"Plan Rows": 1,"Plan Width": 8,"Actual Startup Time": 0.134,"Actual Total Time": 0.319,"Actual Rows": 3,"Actual Loops": 2178,"Index Cond": "(ps_partkey = part.p_partkey)","Rows Removed by Index Recheck": 0,"Filter": "((ps_availqty)::numeric > (SubPlan 1))","Rows Removed by Filter": 1,"Plans": [{"Node Type": "Aggregate","Strategy": "Plain","Partial Mode": "Simple","Parent Relationship": "SubPlan","Subplan Name": "SubPlan 1","Parallel Aware": false,"Async Capable": false,"Startup Cost": 8.46,"Total Cost": 8.47,"Plan Rows": 1,"Plan Width": 32,"Actual Startup Time": 0.072,"Actual Total Time": 0.072,"Actual Rows": 1,"Actual Loops": 8712,"Plans": [{"Node Type": "Index Scan","Parent Relationship": "Outer","Parallel Aware": false,"Async Capable": false,"Scan Direction": "Forward","Index Name": "idx_lineitem_part_supp","Relation Name": "lineitem","Alias": "lineitem","Startup Cost": 0.43,"Total Cost": 8.46,"Plan Rows": 0,"Plan Width": 5,"Actual Startup Time": 0.044,"Actual Total Time": 0.071,"Actual Rows": 1,"Actual Loops": 8712,"Index Cond": "((l_partkey = partsupp.ps_partkey) AND (l_suppkey = partsupp.ps_suppkey))","Rows Removed by Index Recheck": 0,"Filter": "((l_shipdate >= '1993-01-01'::date) AND (l_shipdate < '1994-01-01 00:00:00'::timestamp without time zone))","Rows Removed by Filter": 6}]}]}]}]}]}]},"Planning Time": 6.566,"Triggers": [],"Execution Time": 899.482}]
[{"Plan": {"Node Type": "Sort","Parallel Aware": false,"Async Capable": false,"Startup Cost": 88442.96,"Total Cost": 88443.23,"Plan Rows": 108,"Plan Width": 51,"Actual Startup Time": 955.525,"Actual Total Time": 955.557,"Actual Rows": 164,"Actual Loops": 1,"Sort Key": ["supplier.s_name"],"Sort Method": "quicksort","Sort Space Used": 40,"Sort Space Type": "Memory","Plans": [{"Node Type": "Hash Join","Parent Relationship": "Outer","Parallel Aware": false,"Async Capable": false,"Join Type": "Semi","Startup Cost": 88199.59,"Total Cost": 88439.31,"Plan Rows": 108,"Plan Width": 51,"Actual Startup Time": 951.348,"Actual Total Time": 955.231,"Actual Rows": 164,"Actual Loops": 1,"Inner Unique": false,"Hash Cond": "(supplier.s_suppkey = partsupp.ps_suppkey)","Plans": [{"Node Type": "Nested Loop","Parent Relationship": "Outer","Parallel Aware": false,"Async Capable": false,"Join Type": "Inner","Startup Cost": 7.38,"Total Cost": 244.58,"Plan Rows": 400,"Plan Width": 55,"Actual Startup Time": 0.266,"Actual Total Time": 4.025,"Actual Rows": 415,"Actual Loops": 1,"Inner Unique": false,"Plans": [{"Node Type": "Seq Scan","Parent Relationship": "Outer","Parallel Aware": false,"Async Capable": false,"Relation Name": "nation","Alias": "nation","Startup Cost": 0.00,"Total Cost": 1.31,"Plan Rows": 1,"Plan Width": 4,"Actual Startup Time": 0.068,"Actual Total Time": 0.093,"Actual Rows": 1,"Actual Loops": 1,"Filter": "(n_name = 'EGYPT'::bpchar)","Rows Removed by Filter": 24},{"Node Type": "Bitmap Heap Scan","Parent Relationship": "Inner","Parallel Aware": false,"Async Capable": false,"Relation Name": "supplier","Alias": "supplier","Startup Cost": 7.38,"Total Cost": 239.27,"Plan Rows": 400,"Plan Width": 59,"Actual Startup Time": 0.189,"Actual Total Time": 3.855,"Actual Rows": 415,"Actual Loops": 1,"Recheck Cond": "(s_nationkey = nation.n_nationkey)","Rows Removed by Index Recheck": 0,"Exact Heap Blocks": 183,"Lossy Heap Blocks": 0,"Plans": [{"Node Type": "Bitmap Index Scan","Parent Relationship": "Outer","Parallel Aware": false,"Async Capable": false,"Index Name": "idx_supplier_nation_key","Startup Cost": 0.00,"Total Cost": 7.29,"Plan Rows": 400,"Plan Width": 0,"Actual Startup Time": 0.117,"Actual Total Time": 0.122,"Actual Rows": 415,"Actual Loops": 1,"Index Cond": "(s_nationkey = nation.n_nationkey)"}]}]},{"Node Type": "Hash","Parent Relationship": "Inner","Parallel Aware": false,"Async Capable": false,"Startup Cost": 88158.53,"Total Cost": 88158.53,"Plan Rows": 2694,"Plan Width": 4,"Actual Startup Time": 951.006,"Actual Total Time": 951.014,"Actual Rows": 5711,"Actual Loops": 1,"Hash Buckets": 8192,"Original Hash Buckets": 4096,"Hash Batches": 1,"Original Hash Batches": 1,"Peak Memory Usage": 265,"Plans": [{"Node Type": "Nested Loop","Parent Relationship": "Outer","Parallel Aware": false,"Async Capable": false,"Join Type": "Inner","Startup Cost": 0.42,"Total Cost": 88158.53,"Plan Rows": 2694,"Plan Width": 4,"Actual Startup Time": 0.641,"Actual Total Time": 946.650,"Actual Rows": 5711,"Actual Loops": 1,"Inner Unique": false,"Plans": [{"Node Type": "Seq Scan","Parent Relationship": "Outer","Parallel Aware": false,"Async Capable": false,"Relation Name": "part","Alias": "part","Startup Cost": 0.00,"Total Cost": 6597.00,"Plan Rows": 2020,"Plan Width": 4,"Actual Startup Time": 0.173,"Actual Total Time": 182.608,"Actual Rows": 2115,"Actual Loops": 1,"Filter": "((p_name)::text ~~ 'dodger%'::text)","Rows Removed by Filter": 197885},{"Node Type": "Index Scan","Parent Relationship": "Inner","Parallel Aware": false,"Async Capable": false,"Scan Direction": "Forward","Index Name": "idx_partsupp_partkey","Relation Name": "partsupp","Alias": "partsupp","Startup Cost": 0.42,"Total Cost": 40.36,"Plan Rows": 1,"Plan Width": 8,"Actual Startup Time": 0.152,"Actual Total Time": 0.361,"Actual Rows": 3,"Actual Loops": 2115,"Index Cond": "(ps_partkey = part.p_partkey)","Rows Removed by Index Recheck": 0,"Filter": "((ps_availqty)::numeric > (SubPlan 1))","Rows Removed by Filter": 1,"Plans": [{"Node Type": "Aggregate","Strategy": "Plain","Partial Mode": "Simple","Parent Relationship": "SubPlan","Subplan Name": "SubPlan 1","Parallel Aware": false,"Async Capable": false,"Startup Cost": 8.46,"Total Cost": 8.47,"Plan Rows": 1,"Plan Width": 32,"Actual Startup Time": 0.082,"Actual Total Time": 0.082,"Actual Rows": 1,"Actual Loops": 8460,"Plans": [{"Node Type": "Index Scan","Parent Relationship": "Outer","Parallel Aware": false,"Async Capable": false,"Scan Direction": "Forward","Index Name": "idx_lineitem_part_supp","Relation Name": "lineitem","Alias": "lineitem","Startup Cost": 0.43,"Total Cost": 8.46,"Plan Rows": 0,"Plan Width": 5,"Actual Startup Time": 0.050,"Actual Total Time": 0.081,"Actual Rows": 1,"Actual Loops": 8460,"Index Cond": "((l_partkey = partsupp.ps_partkey) AND (l_suppkey = partsupp.ps_suppkey))","Rows Removed by Index Recheck": 0,"Filter": "((l_shipdate >= '1994-01-01'::date) AND (l_shipdate < '1995-01-01 00:00:00'::timestamp without time zone))","Rows Removed by Filter": 6}]}]}]}]}]}]},"Planning Time": 6.333,"Triggers": [],"Execution Time": 955.807}]
[{"Plan": {"Node Type": "Sort","Parallel Aware": false,"Async Capable": false,"Startup Cost": 88442.96,"Total Cost": 88443.23,"Plan Rows": 108,"Plan Width": 51,"Actual Startup Time": 910.672,"Actual Total Time": 910.716,"Actual Rows": 173,"Actual Loops": 1,"Sort Key": ["supplier.s_name"],"Sort Method": "quicksort","Sort Space Used": 41,"Sort Space Type": "Memory","Plans": [{"Node Type": "Hash Join","Parent Relationship": "Outer","Parallel Aware": false,"Async Capable": false,"Join Type": "Semi","Startup Cost": 88199.59,"Total Cost": 88439.31,"Plan Rows": 108,"Plan Width": 51,"Actual Startup Time": 906.426,"Actual Total Time": 910.232,"Actual Rows": 173,"Actual Loops": 1,"Inner Unique": false,"Hash Cond": "(supplier.s_suppkey = partsupp.ps_suppkey)","Plans": [{"Node Type": "Nested Loop","Parent Relationship": "Outer","Parallel Aware": false,"Async Capable": false,"Join Type": "Inner","Startup Cost": 7.38,"Total Cost": 244.58,"Plan Rows": 400,"Plan Width": 55,"Actual Startup Time": 0.311,"Actual Total Time": 4.070,"Actual Rows": 393,"Actual Loops": 1,"Inner Unique": false,"Plans": [{"Node Type": "Seq Scan","Parent Relationship": "Outer","Parallel Aware": false,"Async Capable": false,"Relation Name": "nation","Alias": "nation","Startup Cost": 0.00,"Total Cost": 1.31,"Plan Rows": 1,"Plan Width": 4,"Actual Startup Time": 0.081,"Actual Total Time": 0.091,"Actual Rows": 1,"Actual Loops": 1,"Filter": "(n_name = 'UNITED STATES'::bpchar)","Rows Removed by Filter": 24},{"Node Type": "Bitmap Heap Scan","Parent Relationship": "Inner","Parallel Aware": false,"Async Capable": false,"Relation Name": "supplier","Alias": "supplier","Startup Cost": 7.38,"Total Cost": 239.27,"Plan Rows": 400,"Plan Width": 59,"Actual Startup Time": 0.226,"Actual Total Time": 3.911,"Actual Rows": 393,"Actual Loops": 1,"Recheck Cond": "(s_nationkey = nation.n_nationkey)","Rows Removed by Index Recheck": 0,"Exact Heap Blocks": 181,"Lossy Heap Blocks": 0,"Plans": [{"Node Type": "Bitmap Index Scan","Parent Relationship": "Outer","Parallel Aware": false,"Async Capable": false,"Index Name": "idx_supplier_nation_key","Startup Cost": 0.00,"Total Cost": 7.29,"Plan Rows": 400,"Plan Width": 0,"Actual Startup Time": 0.144,"Actual Total Time": 0.152,"Actual Rows": 393,"Actual Loops": 1,"Index Cond": "(s_nationkey = nation.n_nationkey)"}]}]},{"Node Type": "Hash","Parent Relationship": "Inner","Parallel Aware": false,"Async Capable": false,"Startup Cost": 88158.53,"Total Cost": 88158.53,"Plan Rows": 2694,"Plan Width": 4,"Actual Startup Time": 906.004,"Actual Total Time": 906.013,"Actual Rows": 5979,"Actual Loops": 1,"Hash Buckets": 8192,"Original Hash Buckets": 4096,"Hash Batches": 1,"Original Hash Batches": 1,"Peak Memory Usage": 275,"Plans": [{"Node Type": "Nested Loop","Parent Relationship": "Outer","Parallel Aware": false,"Async Capable": false,"Join Type": "Inner","Startup Cost": 0.42,"Total Cost": 88158.53,"Plan Rows": 2694,"Plan Width": 4,"Actual Startup Time": 0.915,"Actual Total Time": 901.783,"Actual Rows": 5979,"Actual Loops": 1,"Inner Unique": false,"Plans": [{"Node Type": "Seq Scan","Parent Relationship": "Outer","Parallel Aware": false,"Async Capable": false,"Relation Name": "part","Alias": "part","Startup Cost": 0.00,"Total Cost": 6597.00,"Plan Rows": 2020,"Plan Width": 4,"Actual Startup Time": 0.192,"Actual Total Time": 194.383,"Actual Rows": 2224,"Actual Loops": 1,"Filter": "((p_name)::text ~~ 'almond%'::text)","Rows Removed by Filter": 197776},{"Node Type": "Index Scan","Parent Relationship": "Inner","Parallel Aware": false,"Async Capable": false,"Scan Direction": "Forward","Index Name": "idx_partsupp_partkey","Relation Name": "partsupp","Alias": "partsupp","Startup Cost": 0.42,"Total Cost": 40.36,"Plan Rows": 1,"Plan Width": 8,"Actual Startup Time": 0.134,"Actual Total Time": 0.318,"Actual Rows": 3,"Actual Loops": 2224,"Index Cond": "(ps_partkey = part.p_partkey)","Rows Removed by Index Recheck": 0,"Filter": "((ps_availqty)::numeric > (SubPlan 1))","Rows Removed by Filter": 1,"Plans": [{"Node Type": "Aggregate","Strategy": "Plain","Partial Mode": "Simple","Parent Relationship": "SubPlan","Subplan Name": "SubPlan 1","Parallel Aware": false,"Async Capable": false,"Startup Cost": 8.46,"Total Cost": 8.47,"Plan Rows": 1,"Plan Width": 32,"Actual Startup Time": 0.071,"Actual Total Time": 0.071,"Actual Rows": 1,"Actual Loops": 8896,"Plans": [{"Node Type": "Index Scan","Parent Relationship": "Outer","Parallel Aware": false,"Async Capable": false,"Scan Direction": "Forward","Index Name": "idx_lineitem_part_supp","Relation Name": "lineitem","Alias": "lineitem","Startup Cost": 0.43,"Total Cost": 8.46,"Plan Rows": 0,"Plan Width": 5,"Actual Startup Time": 0.044,"Actual Total Time": 0.070,"Actual Rows": 1,"Actual Loops": 8896,"Index Cond": "((l_partkey = partsupp.ps_partkey) AND (l_suppkey = partsupp.ps_suppkey))","Rows Removed by Index Recheck": 0,"Filter": "((l_shipdate >= '1997-01-01'::date) AND (l_shipdate < '1998-01-01 00:00:00'::timestamp without time zone))","Rows Removed by Filter": 6}]}]}]}]}]}]},"Planning Time": 6.741,"Triggers": [],"Execution Time": 911.008}]
[{"Plan": {"Node Type": "Sort","Parallel Aware": false,"Async Capable": false,"Startup Cost": 88442.96,"Total Cost": 88443.23,"Plan Rows": 108,"Plan Width": 51,"Actual Startup Time": 919.880,"Actual Total Time": 919.906,"Actual Rows": 180,"Actual Loops": 1,"Sort Key": ["supplier.s_name"],"Sort Method": "quicksort","Sort Space Used": 41,"Sort Space Type": "Memory","Plans": [{"Node Type": "Hash Join","Parent Relationship": "Outer","Parallel Aware": false,"Async Capable": false,"Join Type": "Semi","Startup Cost": 88199.59,"Total Cost": 88439.31,"Plan Rows": 108,"Plan Width": 51,"Actual Startup Time": 915.563,"Actual Total Time": 919.361,"Actual Rows": 180,"Actual Loops": 1,"Inner Unique": false,"Hash Cond": "(supplier.s_suppkey = partsupp.ps_suppkey)","Plans": [{"Node Type": "Nested Loop","Parent Relationship": "Outer","Parallel Aware": false,"Async Capable": false,"Join Type": "Inner","Startup Cost": 7.38,"Total Cost": 244.58,"Plan Rows": 400,"Plan Width": 55,"Actual Startup Time": 0.298,"Actual Total Time": 3.985,"Actual Rows": 401,"Actual Loops": 1,"Inner Unique": false,"Plans": [{"Node Type": "Seq Scan","Parent Relationship": "Outer","Parallel Aware": false,"Async Capable": false,"Relation Name": "nation","Alias": "nation","Startup Cost": 0.00,"Total Cost": 1.31,"Plan Rows": 1,"Plan Width": 4,"Actual Startup Time": 0.070,"Actual Total Time": 0.083,"Actual Rows": 1,"Actual Loops": 1,"Filter": "(n_name = 'RUSSIA'::bpchar)","Rows Removed by Filter": 24},{"Node Type": "Bitmap Heap Scan","Parent Relationship": "Inner","Parallel Aware": false,"Async Capable": false,"Relation Name": "supplier","Alias": "supplier","Startup Cost": 7.38,"Total Cost": 239.27,"Plan Rows": 400,"Plan Width": 59,"Actual Startup Time": 0.218,"Actual Total Time": 3.827,"Actual Rows": 401,"Actual Loops": 1,"Recheck Cond": "(s_nationkey = nation.n_nationkey)","Rows Removed by Index Recheck": 0,"Exact Heap Blocks": 180,"Lossy Heap Blocks": 0,"Plans": [{"Node Type": "Bitmap Index Scan","Parent Relationship": "Outer","Parallel Aware": false,"Async Capable": false,"Index Name": "idx_supplier_nation_key","Startup Cost": 0.00,"Total Cost": 7.29,"Plan Rows": 400,"Plan Width": 0,"Actual Startup Time": 0.148,"Actual Total Time": 0.149,"Actual Rows": 401,"Actual Loops": 1,"Index Cond": "(s_nationkey = nation.n_nationkey)"}]}]},{"Node Type": "Hash","Parent Relationship": "Inner","Parallel Aware": false,"Async Capable": false,"Startup Cost": 88158.53,"Total Cost": 88158.53,"Plan Rows": 2694,"Plan Width": 4,"Actual Startup Time": 915.185,"Actual Total Time": 915.197,"Actual Rows": 5982,"Actual Loops": 1,"Hash Buckets": 8192,"Original Hash Buckets": 4096,"Hash Batches": 1,"Original Hash Batches": 1,"Peak Memory Usage": 275,"Plans": [{"Node Type": "Nested Loop","Parent Relationship": "Outer","Parallel Aware": false,"Async Capable": false,"Join Type": "Inner","Startup Cost": 0.42,"Total Cost": 88158.53,"Plan Rows": 2694,"Plan Width": 4,"Actual Startup Time": 1.084,"Actual Total Time": 910.834,"Actual Rows": 5982,"Actual Loops": 1,"Inner Unique": false,"Plans": [{"Node Type": "Seq Scan","Parent Relationship": "Outer","Parallel Aware": false,"Async Capable": false,"Relation Name": "part","Alias": "part","Startup Cost": 0.00,"Total Cost": 6597.00,"Plan Rows": 2020,"Plan Width": 4,"Actual Startup Time": 0.180,"Actual Total Time": 202.191,"Actual Rows": 2213,"Actual Loops": 1,"Filter": "((p_name)::text ~~ 'firebrick%'::text)","Rows Removed by Filter": 197787},{"Node Type": "Index Scan","Parent Relationship": "Inner","Parallel Aware": false,"Async Capable": false,"Scan Direction": "Forward","Index Name": "idx_partsupp_partkey","Relation Name": "partsupp","Alias": "partsupp","Startup Cost": 0.42,"Total Cost": 40.36,"Plan Rows": 1,"Plan Width": 8,"Actual Startup Time": 0.136,"Actual Total Time": 0.320,"Actual Rows": 3,"Actual Loops": 2213,"Index Cond": "(ps_partkey = part.p_partkey)","Rows Removed by Index Recheck": 0,"Filter": "((ps_availqty)::numeric > (SubPlan 1))","Rows Removed by Filter": 1,"Plans": [{"Node Type": "Aggregate","Strategy": "Plain","Partial Mode": "Simple","Parent Relationship": "SubPlan","Subplan Name": "SubPlan 1","Parallel Aware": false,"Async Capable": false,"Startup Cost": 8.46,"Total Cost": 8.47,"Plan Rows": 1,"Plan Width": 32,"Actual Startup Time": 0.072,"Actual Total Time": 0.072,"Actual Rows": 1,"Actual Loops": 8852,"Plans": [{"Node Type": "Index Scan","Parent Relationship": "Outer","Parallel Aware": false,"Async Capable": false,"Scan Direction": "Forward","Index Name": "idx_lineitem_part_supp","Relation Name": "lineitem","Alias": "lineitem","Startup Cost": 0.43,"Total Cost": 8.46,"Plan Rows": 0,"Plan Width": 5,"Actual Startup Time": 0.044,"Actual Total Time": 0.071,"Actual Rows": 1,"Actual Loops": 8852,"Index Cond": "((l_partkey = partsupp.ps_partkey) AND (l_suppkey = partsupp.ps_suppkey))","Rows Removed by Index Recheck": 0,"Filter": "((l_shipdate >= '1993-01-01'::date) AND (l_shipdate < '1994-01-01 00:00:00'::timestamp without time zone))","Rows Removed by Filter": 6}]}]}]}]}]}]},"Planning Time": 6.657,"Triggers": [],"Execution Time": 920.150}]
[{"Plan": {"Node Type": "Sort","Parallel Aware": false,"Async Capable": false,"Startup Cost": 88442.96,"Total Cost": 88443.23,"Plan Rows": 108,"Plan Width": 51,"Actual Startup Time": 980.805,"Actual Total Time": 980.848,"Actual Rows": 193,"Actual Loops": 1,"Sort Key": ["supplier.s_name"],"Sort Method": "quicksort","Sort Space Used": 43,"Sort Space Type": "Memory","Plans": [{"Node Type": "Hash Join","Parent Relationship": "Outer","Parallel Aware": false,"Async Capable": false,"Join Type": "Semi","Startup Cost": 88199.59,"Total Cost": 88439.31,"Plan Rows": 108,"Plan Width": 51,"Actual Startup Time": 976.469,"Actual Total Time": 980.344,"Actual Rows": 193,"Actual Loops": 1,"Inner Unique": false,"Hash Cond": "(supplier.s_suppkey = partsupp.ps_suppkey)","Plans": [{"Node Type": "Nested Loop","Parent Relationship": "Outer","Parallel Aware": false,"Async Capable": false,"Join Type": "Inner","Startup Cost": 7.38,"Total Cost": 244.58,"Plan Rows": 400,"Plan Width": 55,"Actual Startup Time": 0.270,"Actual Total Time": 4.137,"Actual Rows": 397,"Actual Loops": 1,"Inner Unique": false,"Plans": [{"Node Type": "Seq Scan","Parent Relationship": "Outer","Parallel Aware": false,"Async Capable": false,"Relation Name": "nation","Alias": "nation","Startup Cost": 0.00,"Total Cost": 1.31,"Plan Rows": 1,"Plan Width": 4,"Actual Startup Time": 0.070,"Actual Total Time": 0.098,"Actual Rows": 1,"Actual Loops": 1,"Filter": "(n_name = 'BRAZIL'::bpchar)","Rows Removed by Filter": 24},{"Node Type": "Bitmap Heap Scan","Parent Relationship": "Inner","Parallel Aware": false,"Async Capable": false,"Relation Name": "supplier","Alias": "supplier","Startup Cost": 7.38,"Total Cost": 239.27,"Plan Rows": 400,"Plan Width": 59,"Actual Startup Time": 0.195,"Actual Total Time": 3.969,"Actual Rows": 397,"Actual Loops": 1,"Recheck Cond": "(s_nationkey = nation.n_nationkey)","Rows Removed by Index Recheck": 0,"Exact Heap Blocks": 187,"Lossy Heap Blocks": 0,"Plans": [{"Node Type": "Bitmap Index Scan","Parent Relationship": "Outer","Parallel Aware": false,"Async Capable": false,"Index Name": "idx_supplier_nation_key","Startup Cost": 0.00,"Total Cost": 7.29,"Plan Rows": 400,"Plan Width": 0,"Actual Startup Time": 0.132,"Actual Total Time": 0.137,"Actual Rows": 397,"Actual Loops": 1,"Index Cond": "(s_nationkey = nation.n_nationkey)"}]}]},{"Node Type": "Hash","Parent Relationship": "Inner","Parallel Aware": false,"Async Capable": false,"Startup Cost": 88158.53,"Total Cost": 88158.53,"Plan Rows": 2694,"Plan Width": 4,"Actual Startup Time": 976.060,"Actual Total Time": 976.070,"Actual Rows": 5911,"Actual Loops": 1,"Hash Buckets": 8192,"Original Hash Buckets": 4096,"Hash Batches": 1,"Original Hash Batches": 1,"Peak Memory Usage": 272,"Plans": [{"Node Type": "Nested Loop","Parent Relationship": "Outer","Parallel Aware": false,"Async Capable": false,"Join Type": "Inner","Startup Cost": 0.42,"Total Cost": 88158.53,"Plan Rows": 2694,"Plan Width": 4,"Actual Startup Time": 0.676,"Actual Total Time": 971.794,"Actual Rows": 5911,"Actual Loops": 1,"Inner Unique": false,"Plans": [{"Node Type": "Seq Scan","Parent Relationship": "Outer","Parallel Aware": false,"Async Capable": false,"Relation Name": "part","Alias": "part","Startup Cost": 0.00,"Total Cost": 6597.00,"Plan Rows": 2020,"Plan Width": 4,"Actual Startup Time": 0.136,"Actual Total Time": 181.991,"Actual Rows": 2176,"Actual Loops": 1,"Filter": "((p_name)::text ~~ 'mint%'::text)","Rows Removed by Filter": 197824},{"Node Type": "Index Scan","Parent Relationship": "Inner","Parallel Aware": false,"Async Capable": false,"Scan Direction": "Forward","Index Name": "idx_partsupp_partkey","Relation Name": "partsupp","Alias": "partsupp","Startup Cost": 0.42,"Total Cost": 40.36,"Plan Rows": 1,"Plan Width": 8,"Actual Startup Time": 0.152,"Actual Total Time": 0.362,"Actual Rows": 3,"Actual Loops": 2176,"Index Cond": "(ps_partkey = part.p_partkey)","Rows Removed by Index Recheck": 0,"Filter": "((ps_availqty)::numeric > (SubPlan 1))","Rows Removed by Filter": 1,"Plans": [{"Node Type": "Aggregate","Strategy": "Plain","Partial Mode": "Simple","Parent Relationship": "SubPlan","Subplan Name": "SubPlan 1","Parallel Aware": false,"Async Capable": false,"Startup Cost": 8.46,"Total Cost": 8.47,"Plan Rows": 1,"Plan Width": 32,"Actual Startup Time": 0.082,"Actual Total Time": 0.083,"Actual Rows": 1,"Actual Loops": 8704,"Plans": [{"Node Type": "Index Scan","Parent Relationship": "Outer","Parallel Aware": false,"Async Capable": false,"Scan Direction": "Forward","Index Name": "idx_lineitem_part_supp","Relation Name": "lineitem","Alias": "lineitem","Startup Cost": 0.43,"Total Cost": 8.46,"Plan Rows": 0,"Plan Width": 5,"Actual Startup Time": 0.050,"Actual Total Time": 0.082,"Actual Rows": 1,"Actual Loops": 8704,"Index Cond": "((l_partkey = partsupp.ps_partkey) AND (l_suppkey = partsupp.ps_suppkey))","Rows Removed by Index Recheck": 0,"Filter": "((l_shipdate >= '1997-01-01'::date) AND (l_shipdate < '1998-01-01 00:00:00'::timestamp without time zone))","Rows Removed by Filter": 6}]}]}]}]}]}]},"Planning Time": 7.066,"Triggers": [],"Execution Time": 981.113}]
[{"Plan": {"Node Type": "Sort","Parallel Aware": false,"Async Capable": false,"Startup Cost": 88442.96,"Total Cost": 88443.23,"Plan Rows": 108,"Plan Width": 51,"Actual Startup Time": 976.735,"Actual Total Time": 976.778,"Actual Rows": 170,"Actual Loops": 1,"Sort Key": ["supplier.s_name"],"Sort Method": "quicksort","Sort Space Used": 40,"Sort Space Type": "Memory","Plans": [{"Node Type": "Hash Join","Parent Relationship": "Outer","Parallel Aware": false,"Async Capable": false,"Join Type": "Semi","Startup Cost": 88199.59,"Total Cost": 88439.31,"Plan Rows": 108,"Plan Width": 51,"Actual Startup Time": 972.131,"Actual Total Time": 976.282,"Actual Rows": 170,"Actual Loops": 1,"Inner Unique": false,"Hash Cond": "(supplier.s_suppkey = partsupp.ps_suppkey)","Plans": [{"Node Type": "Nested Loop","Parent Relationship": "Outer","Parallel Aware": false,"Async Capable": false,"Join Type": "Inner","Startup Cost": 7.38,"Total Cost": 244.58,"Plan Rows": 400,"Plan Width": 55,"Actual Startup Time": 0.232,"Actual Total Time": 4.261,"Actual Rows": 413,"Actual Loops": 1,"Inner Unique": false,"Plans": [{"Node Type": "Seq Scan","Parent Relationship": "Outer","Parallel Aware": false,"Async Capable": false,"Relation Name": "nation","Alias": "nation","Startup Cost": 0.00,"Total Cost": 1.31,"Plan Rows": 1,"Plan Width": 4,"Actual Startup Time": 0.072,"Actual Total Time": 0.109,"Actual Rows": 1,"Actual Loops": 1,"Filter": "(n_name = 'ARGENTINA'::bpchar)","Rows Removed by Filter": 24},{"Node Type": "Bitmap Heap Scan","Parent Relationship": "Inner","Parallel Aware": false,"Async Capable": false,"Relation Name": "supplier","Alias": "supplier","Startup Cost": 7.38,"Total Cost": 239.27,"Plan Rows": 400,"Plan Width": 59,"Actual Startup Time": 0.152,"Actual Total Time": 4.082,"Actual Rows": 413,"Actual Loops": 1,"Recheck Cond": "(s_nationkey = nation.n_nationkey)","Rows Removed by Index Recheck": 0,"Exact Heap Blocks": 190,"Lossy Heap Blocks": 0,"Plans": [{"Node Type": "Bitmap Index Scan","Parent Relationship": "Outer","Parallel Aware": false,"Async Capable": false,"Index Name": "idx_supplier_nation_key","Startup Cost": 0.00,"Total Cost": 7.29,"Plan Rows": 400,"Plan Width": 0,"Actual Startup Time": 0.091,"Actual Total Time": 0.094,"Actual Rows": 413,"Actual Loops": 1,"Index Cond": "(s_nationkey = nation.n_nationkey)"}]}]},{"Node Type": "Hash","Parent Relationship": "Inner","Parallel Aware": false,"Async Capable": false,"Startup Cost": 88158.53,"Total Cost": 88158.53,"Plan Rows": 2694,"Plan Width": 4,"Actual Startup Time": 971.833,"Actual Total Time": 971.844,"Actual Rows": 5958,"Actual Loops": 1,"Hash Buckets": 8192,"Original Hash Buckets": 4096,"Hash Batches": 1,"Original Hash Batches": 1,"Peak Memory Usage": 274,"Plans": [{"Node Type": "Nested Loop","Parent Relationship": "Outer","Parallel Aware": false,"Async Capable": false,"Join Type": "Inner","Startup Cost": 0.42,"Total Cost": 88158.53,"Plan Rows": 2694,"Plan Width": 4,"Actual Startup Time": 0.833,"Actual Total Time": 967.706,"Actual Rows": 5958,"Actual Loops": 1,"Inner Unique": false,"Plans": [{"Node Type": "Seq Scan","Parent Relationship": "Outer","Parallel Aware": false,"Async Capable": false,"Relation Name": "part","Alias": "part","Startup Cost": 0.00,"Total Cost": 6597.00,"Plan Rows": 2020,"Plan Width": 4,"Actual Startup Time": 0.229,"Actual Total Time": 177.820,"Actual Rows": 2202,"Actual Loops": 1,"Filter": "((p_name)::text ~~ 'magenta%'::text)","Rows Removed by Filter": 197798},{"Node Type": "Index Scan","Parent Relationship": "Inner","Parallel Aware": false,"Async Capable": false,"Scan Direction": "Forward","Index Name": "idx_partsupp_partkey","Relation Name": "partsupp","Alias": "partsupp","Startup Cost": 0.42,"Total Cost": 40.36,"Plan Rows": 1,"Plan Width": 8,"Actual Startup Time": 0.149,"Actual Total Time": 0.358,"Actual Rows": 3,"Actual Loops": 2202,"Index Cond": "(ps_partkey = part.p_partkey)","Rows Removed by Index Recheck": 0,"Filter": "((ps_availqty)::numeric > (SubPlan 1))","Rows Removed by Filter": 1,"Plans": [{"Node Type": "Aggregate","Strategy": "Plain","Partial Mode": "Simple","Parent Relationship": "SubPlan","Subplan Name": "SubPlan 1","Parallel Aware": false,"Async Capable": false,"Startup Cost": 8.46,"Total Cost": 8.47,"Plan Rows": 1,"Plan Width": 32,"Actual Startup Time": 0.082,"Actual Total Time": 0.082,"Actual Rows": 1,"Actual Loops": 8808,"Plans": [{"Node Type": "Index Scan","Parent Relationship": "Outer","Parallel Aware": false,"Async Capable": false,"Scan Direction": "Forward","Index Name": "idx_lineitem_part_supp","Relation Name": "lineitem","Alias": "lineitem","Startup Cost": 0.43,"Total Cost": 8.46,"Plan Rows": 0,"Plan Width": 5,"Actual Startup Time": 0.049,"Actual Total Time": 0.081,"Actual Rows": 1,"Actual Loops": 8808,"Index Cond": "((l_partkey = partsupp.ps_partkey) AND (l_suppkey = partsupp.ps_suppkey))","Rows Removed by Index Recheck": 0,"Filter": "((l_shipdate >= '1997-01-01'::date) AND (l_shipdate < '1998-01-01 00:00:00'::timestamp without time zone))","Rows Removed by Filter": 6}]}]}]}]}]}]},"Planning Time": 7.460,"Triggers": [],"Execution Time": 977.099}]
[{"Plan": {"Node Type": "Sort","Parallel Aware": false,"Async Capable": false,"Startup Cost": 88442.96,"Total Cost": 88443.23,"Plan Rows": 108,"Plan Width": 51,"Actual Startup Time": 963.341,"Actual Total Time": 963.381,"Actual Rows": 188,"Actual Loops": 1,"Sort Key": ["supplier.s_name"],"Sort Method": "quicksort","Sort Space Used": 42,"Sort Space Type": "Memory","Plans": [{"Node Type": "Hash Join","Parent Relationship": "Outer","Parallel Aware": false,"Async Capable": false,"Join Type": "Semi","Startup Cost": 88199.59,"Total Cost": 88439.31,"Plan Rows": 108,"Plan Width": 51,"Actual Startup Time": 959.068,"Actual Total Time": 962.850,"Actual Rows": 188,"Actual Loops": 1,"Inner Unique": false,"Hash Cond": "(supplier.s_suppkey = partsupp.ps_suppkey)","Plans": [{"Node Type": "Nested Loop","Parent Relationship": "Outer","Parallel Aware": false,"Async Capable": false,"Join Type": "Inner","Startup Cost": 7.38,"Total Cost": 244.58,"Plan Rows": 400,"Plan Width": 55,"Actual Startup Time": 0.271,"Actual Total Time": 3.987,"Actual Rows": 415,"Actual Loops": 1,"Inner Unique": false,"Plans": [{"Node Type": "Seq Scan","Parent Relationship": "Outer","Parallel Aware": false,"Async Capable": false,"Relation Name": "nation","Alias": "nation","Startup Cost": 0.00,"Total Cost": 1.31,"Plan Rows": 1,"Plan Width": 4,"Actual Startup Time": 0.081,"Actual Total Time": 0.110,"Actual Rows": 1,"Actual Loops": 1,"Filter": "(n_name = 'EGYPT'::bpchar)","Rows Removed by Filter": 24},{"Node Type": "Bitmap Heap Scan","Parent Relationship": "Inner","Parallel Aware": false,"Async Capable": false,"Relation Name": "supplier","Alias": "supplier","Startup Cost": 7.38,"Total Cost": 239.27,"Plan Rows": 400,"Plan Width": 59,"Actual Startup Time": 0.184,"Actual Total Time": 3.795,"Actual Rows": 415,"Actual Loops": 1,"Recheck Cond": "(s_nationkey = nation.n_nationkey)","Rows Removed by Index Recheck": 0,"Exact Heap Blocks": 183,"Lossy Heap Blocks": 0,"Plans": [{"Node Type": "Bitmap Index Scan","Parent Relationship": "Outer","Parallel Aware": false,"Async Capable": false,"Index Name": "idx_supplier_nation_key","Startup Cost": 0.00,"Total Cost": 7.29,"Plan Rows": 400,"Plan Width": 0,"Actual Startup Time": 0.128,"Actual Total Time": 0.134,"Actual Rows": 415,"Actual Loops": 1,"Index Cond": "(s_nationkey = nation.n_nationkey)"}]}]},{"Node Type": "Hash","Parent Relationship": "Inner","Parallel Aware": false,"Async Capable": false,"Startup Cost": 88158.53,"Total Cost": 88158.53,"Plan Rows": 2694,"Plan Width": 4,"Actual Startup Time": 958.700,"Actual Total Time": 958.711,"Actual Rows": 5858,"Actual Loops": 1,"Hash Buckets": 8192,"Original Hash Buckets": 4096,"Hash Batches": 1,"Original Hash Batches": 1,"Peak Memory Usage": 270,"Plans": [{"Node Type": "Nested Loop","Parent Relationship": "Outer","Parallel Aware": false,"Async Capable": false,"Join Type": "Inner","Startup Cost": 0.42,"Total Cost": 88158.53,"Plan Rows": 2694,"Plan Width": 4,"Actual Startup Time": 0.708,"Actual Total Time": 954.524,"Actual Rows": 5858,"Actual Loops": 1,"Inner Unique": false,"Plans": [{"Node Type": "Seq Scan","Parent Relationship": "Outer","Parallel Aware": false,"Async Capable": false,"Relation Name": "part","Alias": "part","Startup Cost": 0.00,"Total Cost": 6597.00,"Plan Rows": 2020,"Plan Width": 4,"Actual Startup Time": 0.148,"Actual Total Time": 179.500,"Actual Rows": 2152,"Actual Loops": 1,"Filter": "((p_name)::text ~~ 'snow%'::text)","Rows Removed by Filter": 197848},{"Node Type": "Index Scan","Parent Relationship": "Inner","Parallel Aware": false,"Async Capable": false,"Scan Direction": "Forward","Index Name": "idx_partsupp_partkey","Relation Name": "partsupp","Alias": "partsupp","Startup Cost": 0.42,"Total Cost": 40.36,"Plan Rows": 1,"Plan Width": 8,"Actual Startup Time": 0.149,"Actual Total Time": 0.360,"Actual Rows": 3,"Actual Loops": 2152,"Index Cond": "(ps_partkey = part.p_partkey)","Rows Removed by Index Recheck": 0,"Filter": "((ps_availqty)::numeric > (SubPlan 1))","Rows Removed by Filter": 1,"Plans": [{"Node Type": "Aggregate","Strategy": "Plain","Partial Mode": "Simple","Parent Relationship": "SubPlan","Subplan Name": "SubPlan 1","Parallel Aware": false,"Async Capable": false,"Startup Cost": 8.46,"Total Cost": 8.47,"Plan Rows": 1,"Plan Width": 32,"Actual Startup Time": 0.082,"Actual Total Time": 0.082,"Actual Rows": 1,"Actual Loops": 8608,"Plans": [{"Node Type": "Index Scan","Parent Relationship": "Outer","Parallel Aware": false,"Async Capable": false,"Scan Direction": "Forward","Index Name": "idx_lineitem_part_supp","Relation Name": "lineitem","Alias": "lineitem","Startup Cost": 0.43,"Total Cost": 8.46,"Plan Rows": 0,"Plan Width": 5,"Actual Startup Time": 0.050,"Actual Total Time": 0.081,"Actual Rows": 1,"Actual Loops": 8608,"Index Cond": "((l_partkey = partsupp.ps_partkey) AND (l_suppkey = partsupp.ps_suppkey))","Rows Removed by Index Recheck": 0,"Filter": "((l_shipdate >= '1994-01-01'::date) AND (l_shipdate < '1995-01-01 00:00:00'::timestamp without time zone))","Rows Removed by Filter": 6}]}]}]}]}]}]},"Planning Time": 6.746,"Triggers": [],"Execution Time": 963.680}]
[{"Plan": {"Node Type": "Sort","Parallel Aware": false,"Async Capable": false,"Startup Cost": 88442.96,"Total Cost": 88443.23,"Plan Rows": 108,"Plan Width": 51,"Actual Startup Time": 867.309,"Actual Total Time": 867.351,"Actual Rows": 181,"Actual Loops": 1,"Sort Key": ["supplier.s_name"],"Sort Method": "quicksort","Sort Space Used": 41,"Sort Space Type": "Memory","Plans": [{"Node Type": "Hash Join","Parent Relationship": "Outer","Parallel Aware": false,"Async Capable": false,"Join Type": "Semi","Startup Cost": 88199.59,"Total Cost": 88439.31,"Plan Rows": 108,"Plan Width": 51,"Actual Startup Time": 862.998,"Actual Total Time": 866.990,"Actual Rows": 181,"Actual Loops": 1,"Inner Unique": false,"Hash Cond": "(supplier.s_suppkey = partsupp.ps_suppkey)","Plans": [{"Node Type": "Nested Loop","Parent Relationship": "Outer","Parallel Aware": false,"Async Capable": false,"Join Type": "Inner","Startup Cost": 7.38,"Total Cost": 244.58,"Plan Rows": 400,"Plan Width": 55,"Actual Startup Time": 0.242,"Actual Total Time": 4.108,"Actual Rows": 405,"Actual Loops": 1,"Inner Unique": false,"Plans": [{"Node Type": "Seq Scan","Parent Relationship": "Outer","Parallel Aware": false,"Async Capable": false,"Relation Name": "nation","Alias": "nation","Startup Cost": 0.00,"Total Cost": 1.31,"Plan Rows": 1,"Plan Width": 4,"Actual Startup Time": 0.071,"Actual Total Time": 0.105,"Actual Rows": 1,"Actual Loops": 1,"Filter": "(n_name = 'INDONESIA'::bpchar)","Rows Removed by Filter": 24},{"Node Type": "Bitmap Heap Scan","Parent Relationship": "Inner","Parallel Aware": false,"Async Capable": false,"Relation Name": "supplier","Alias": "supplier","Startup Cost": 7.38,"Total Cost": 239.27,"Plan Rows": 400,"Plan Width": 59,"Actual Startup Time": 0.164,"Actual Total Time": 3.947,"Actual Rows": 405,"Actual Loops": 1,"Recheck Cond": "(s_nationkey = nation.n_nationkey)","Rows Removed by Index Recheck": 0,"Exact Heap Blocks": 192,"Lossy Heap Blocks": 0,"Plans": [{"Node Type": "Bitmap Index Scan","Parent Relationship": "Outer","Parallel Aware": false,"Async Capable": false,"Index Name": "idx_supplier_nation_key","Startup Cost": 0.00,"Total Cost": 7.29,"Plan Rows": 400,"Plan Width": 0,"Actual Startup Time": 0.106,"Actual Total Time": 0.112,"Actual Rows": 405,"Actual Loops": 1,"Index Cond": "(s_nationkey = nation.n_nationkey)"}]}]},{"Node Type": "Hash","Parent Relationship": "Inner","Parallel Aware": false,"Async Capable": false,"Startup Cost": 88158.53,"Total Cost": 88158.53,"Plan Rows": 2694,"Plan Width": 4,"Actual Startup Time": 862.713,"Actual Total Time": 862.725,"Actual Rows": 5655,"Actual Loops": 1,"Hash Buckets": 8192,"Original Hash Buckets": 4096,"Hash Batches": 1,"Original Hash Batches": 1,"Peak Memory Usage": 263,"Plans": [{"Node Type": "Nested Loop","Parent Relationship": "Outer","Parallel Aware": false,"Async Capable": false,"Join Type": "Inner","Startup Cost": 0.42,"Total Cost": 88158.53,"Plan Rows": 2694,"Plan Width": 4,"Actual Startup Time": 0.595,"Actual Total Time": 858.253,"Actual Rows": 5655,"Actual Loops": 1,"Inner Unique": false,"Plans": [{"Node Type": "Seq Scan","Parent Relationship": "Outer","Parallel Aware": false,"Async Capable": false,"Relation Name": "part","Alias": "part","Startup Cost": 0.00,"Total Cost": 6597.00,"Plan Rows": 2020,"Plan Width": 4,"Actual Startup Time": 0.199,"Actual Total Time": 193.613,"Actual Rows": 2071,"Actual Loops": 1,"Filter": "((p_name)::text ~~ 'steel%'::text)","Rows Removed by Filter": 197929},{"Node Type": "Index Scan","Parent Relationship": "Inner","Parallel Aware": false,"Async Capable": false,"Scan Direction": "Forward","Index Name": "idx_partsupp_partkey","Relation Name": "partsupp","Alias": "partsupp","Startup Cost": 0.42,"Total Cost": 40.36,"Plan Rows": 1,"Plan Width": 8,"Actual Startup Time": 0.136,"Actual Total Time": 0.320,"Actual Rows": 3,"Actual Loops": 2071,"Index Cond": "(ps_partkey = part.p_partkey)","Rows Removed by Index Recheck": 0,"Filter": "((ps_availqty)::numeric > (SubPlan 1))","Rows Removed by Filter": 1,"Plans": [{"Node Type": "Aggregate","Strategy": "Plain","Partial Mode": "Simple","Parent Relationship": "SubPlan","Subplan Name": "SubPlan 1","Parallel Aware": false,"Async Capable": false,"Startup Cost": 8.46,"Total Cost": 8.47,"Plan Rows": 1,"Plan Width": 32,"Actual Startup Time": 0.072,"Actual Total Time": 0.072,"Actual Rows": 1,"Actual Loops": 8284,"Plans": [{"Node Type": "Index Scan","Parent Relationship": "Outer","Parallel Aware": false,"Async Capable": false,"Scan Direction": "Forward","Index Name": "idx_lineitem_part_supp","Relation Name": "lineitem","Alias": "lineitem","Startup Cost": 0.43,"Total Cost": 8.46,"Plan Rows": 0,"Plan Width": 5,"Actual Startup Time": 0.044,"Actual Total Time": 0.071,"Actual Rows": 1,"Actual Loops": 8284,"Index Cond": "((l_partkey = partsupp.ps_partkey) AND (l_suppkey = partsupp.ps_suppkey))","Rows Removed by Index Recheck": 0,"Filter": "((l_shipdate >= '1994-01-01'::date) AND (l_shipdate < '1995-01-01 00:00:00'::timestamp without time zone))","Rows Removed by Filter": 6}]}]}]}]}]}]},"Planning Time": 7.310,"Triggers": [],"Execution Time": 867.595}]
[{"Plan": {"Node Type": "Sort","Parallel Aware": false,"Async Capable": false,"Startup Cost": 88442.96,"Total Cost": 88443.23,"Plan Rows": 108,"Plan Width": 51,"Actual Startup Time": 913.279,"Actual Total Time": 913.318,"Actual Rows": 152,"Actual Loops": 1,"Sort Key": ["supplier.s_name"],"Sort Method": "quicksort","Sort Space Used": 39,"Sort Space Type": "Memory","Plans": [{"Node Type": "Hash Join","Parent Relationship": "Outer","Parallel Aware": false,"Async Capable": false,"Join Type": "Semi","Startup Cost": 88199.59,"Total Cost": 88439.31,"Plan Rows": 108,"Plan Width": 51,"Actual Startup Time": 908.759,"Actual Total Time": 912.843,"Actual Rows": 152,"Actual Loops": 1,"Inner Unique": false,"Hash Cond": "(supplier.s_suppkey = partsupp.ps_suppkey)","Plans": [{"Node Type": "Nested Loop","Parent Relationship": "Outer","Parallel Aware": false,"Async Capable": false,"Join Type": "Inner","Startup Cost": 7.38,"Total Cost": 244.58,"Plan Rows": 400,"Plan Width": 55,"Actual Startup Time": 0.301,"Actual Total Time": 4.339,"Actual Rows": 393,"Actual Loops": 1,"Inner Unique": false,"Plans": [{"Node Type": "Seq Scan","Parent Relationship": "Outer","Parallel Aware": false,"Async Capable": false,"Relation Name": "nation","Alias": "nation","Startup Cost": 0.00,"Total Cost": 1.31,"Plan Rows": 1,"Plan Width": 4,"Actual Startup Time": 0.081,"Actual Total Time": 0.089,"Actual Rows": 1,"Actual Loops": 1,"Filter": "(n_name = 'UNITED STATES'::bpchar)","Rows Removed by Filter": 24},{"Node Type": "Bitmap Heap Scan","Parent Relationship": "Inner","Parallel Aware": false,"Async Capable": false,"Relation Name": "supplier","Alias": "supplier","Startup Cost": 7.38,"Total Cost": 239.27,"Plan Rows": 400,"Plan Width": 59,"Actual Startup Time": 0.216,"Actual Total Time": 4.172,"Actual Rows": 393,"Actual Loops": 1,"Recheck Cond": "(s_nationkey = nation.n_nationkey)","Rows Removed by Index Recheck": 0,"Exact Heap Blocks": 181,"Lossy Heap Blocks": 0,"Plans": [{"Node Type": "Bitmap Index Scan","Parent Relationship": "Outer","Parallel Aware": false,"Async Capable": false,"Index Name": "idx_supplier_nation_key","Startup Cost": 0.00,"Total Cost": 7.29,"Plan Rows": 400,"Plan Width": 0,"Actual Startup Time": 0.140,"Actual Total Time": 0.148,"Actual Rows": 393,"Actual Loops": 1,"Index Cond": "(s_nationkey = nation.n_nationkey)"}]}]},{"Node Type": "Hash","Parent Relationship": "Inner","Parallel Aware": false,"Async Capable": false,"Startup Cost": 88158.53,"Total Cost": 88158.53,"Plan Rows": 2694,"Plan Width": 4,"Actual Startup Time": 908.348,"Actual Total Time": 908.355,"Actual Rows": 5881,"Actual Loops": 1,"Hash Buckets": 8192,"Original Hash Buckets": 4096,"Hash Batches": 1,"Original Hash Batches": 1,"Peak Memory Usage": 271,"Plans": [{"Node Type": "Nested Loop","Parent Relationship": "Outer","Parallel Aware": false,"Async Capable": false,"Join Type": "Inner","Startup Cost": 0.42,"Total Cost": 88158.53,"Plan Rows": 2694,"Plan Width": 4,"Actual Startup Time": 0.666,"Actual Total Time": 903.935,"Actual Rows": 5881,"Actual Loops": 1,"Inner Unique": false,"Plans": [{"Node Type": "Seq Scan","Parent Relationship": "Outer","Parallel Aware": false,"Async Capable": false,"Relation Name": "part","Alias": "part","Startup Cost": 0.00,"Total Cost": 6597.00,"Plan Rows": 2020,"Plan Width": 4,"Actual Startup Time": 0.074,"Actual Total Time": 202.035,"Actual Rows": 2170,"Actual Loops": 1,"Filter": "((p_name)::text ~~ 'cream%'::text)","Rows Removed by Filter": 197830},{"Node Type": "Index Scan","Parent Relationship": "Inner","Parallel Aware": false,"Async Capable": false,"Scan Direction": "Forward","Index Name": "idx_partsupp_partkey","Relation Name": "partsupp","Alias": "partsupp","Startup Cost": 0.42,"Total Cost": 40.36,"Plan Rows": 1,"Plan Width": 8,"Actual Startup Time": 0.138,"Actual Total Time": 0.323,"Actual Rows": 3,"Actual Loops": 2170,"Index Cond": "(ps_partkey = part.p_partkey)","Rows Removed by Index Recheck": 0,"Filter": "((ps_availqty)::numeric > (SubPlan 1))","Rows Removed by Filter": 1,"Plans": [{"Node Type": "Aggregate","Strategy": "Plain","Partial Mode": "Simple","Parent Relationship": "SubPlan","Subplan Name": "SubPlan 1","Parallel Aware": false,"Async Capable": false,"Startup Cost": 8.46,"Total Cost": 8.47,"Plan Rows": 1,"Plan Width": 32,"Actual Startup Time": 0.072,"Actual Total Time": 0.072,"Actual Rows": 1,"Actual Loops": 8680,"Plans": [{"Node Type": "Index Scan","Parent Relationship": "Outer","Parallel Aware": false,"Async Capable": false,"Scan Direction": "Forward","Index Name": "idx_lineitem_part_supp","Relation Name": "lineitem","Alias": "lineitem","Startup Cost": 0.43,"Total Cost": 8.46,"Plan Rows": 0,"Plan Width": 5,"Actual Startup Time": 0.044,"Actual Total Time": 0.072,"Actual Rows": 1,"Actual Loops": 8680,"Index Cond": "((l_partkey = partsupp.ps_partkey) AND (l_suppkey = partsupp.ps_suppkey))","Rows Removed by Index Recheck": 0,"Filter": "((l_shipdate >= '1995-01-01'::date) AND (l_shipdate < '1996-01-01 00:00:00'::timestamp without time zone))","Rows Removed by Filter": 6}]}]}]}]}]}]},"Planning Time": 6.209,"Triggers": [],"Execution Time": 913.579}]
[{"Plan": {"Node Type": "Sort","Parallel Aware": false,"Async Capable": false,"Startup Cost": 88442.96,"Total Cost": 88443.23,"Plan Rows": 108,"Plan Width": 51,"Actual Startup Time": 896.010,"Actual Total Time": 896.043,"Actual Rows": 175,"Actual Loops": 1,"Sort Key": ["supplier.s_name"],"Sort Method": "quicksort","Sort Space Used": 41,"Sort Space Type": "Memory","Plans": [{"Node Type": "Hash Join","Parent Relationship": "Outer","Parallel Aware": false,"Async Capable": false,"Join Type": "Semi","Startup Cost": 88199.59,"Total Cost": 88439.31,"Plan Rows": 108,"Plan Width": 51,"Actual Startup Time": 891.525,"Actual Total Time": 895.690,"Actual Rows": 175,"Actual Loops": 1,"Inner Unique": false,"Hash Cond": "(supplier.s_suppkey = partsupp.ps_suppkey)","Plans": [{"Node Type": "Nested Loop","Parent Relationship": "Outer","Parallel Aware": false,"Async Capable": false,"Join Type": "Inner","Startup Cost": 7.38,"Total Cost": 244.58,"Plan Rows": 400,"Plan Width": 55,"Actual Startup Time": 0.287,"Actual Total Time": 4.346,"Actual Rows": 399,"Actual Loops": 1,"Inner Unique": false,"Plans": [{"Node Type": "Seq Scan","Parent Relationship": "Outer","Parallel Aware": false,"Async Capable": false,"Relation Name": "nation","Alias": "nation","Startup Cost": 0.00,"Total Cost": 1.31,"Plan Rows": 1,"Plan Width": 4,"Actual Startup Time": 0.074,"Actual Total Time": 0.095,"Actual Rows": 1,"Actual Loops": 1,"Filter": "(n_name = 'VIETNAM'::bpchar)","Rows Removed by Filter": 24},{"Node Type": "Bitmap Heap Scan","Parent Relationship": "Inner","Parallel Aware": false,"Async Capable": false,"Relation Name": "supplier","Alias": "supplier","Startup Cost": 7.38,"Total Cost": 239.27,"Plan Rows": 400,"Plan Width": 59,"Actual Startup Time": 0.203,"Actual Total Time": 4.137,"Actual Rows": 399,"Actual Loops": 1,"Recheck Cond": "(s_nationkey = nation.n_nationkey)","Rows Removed by Index Recheck": 0,"Exact Heap Blocks": 191,"Lossy Heap Blocks": 0,"Plans": [{"Node Type": "Bitmap Index Scan","Parent Relationship": "Outer","Parallel Aware": false,"Async Capable": false,"Index Name": "idx_supplier_nation_key","Startup Cost": 0.00,"Total Cost": 7.29,"Plan Rows": 400,"Plan Width": 0,"Actual Startup Time": 0.136,"Actual Total Time": 0.142,"Actual Rows": 399,"Actual Loops": 1,"Index Cond": "(s_nationkey = nation.n_nationkey)"}]}]},{"Node Type": "Hash","Parent Relationship": "Inner","Parallel Aware": false,"Async Capable": false,"Startup Cost": 88158.53,"Total Cost": 88158.53,"Plan Rows": 2694,"Plan Width": 4,"Actual Startup Time": 891.139,"Actual Total Time": 891.148,"Actual Rows": 5771,"Actual Loops": 1,"Hash Buckets": 8192,"Original Hash Buckets": 4096,"Hash Batches": 1,"Original Hash Batches": 1,"Peak Memory Usage": 267,"Plans": [{"Node Type": "Nested Loop","Parent Relationship": "Outer","Parallel Aware": false,"Async Capable": false,"Join Type": "Inner","Startup Cost": 0.42,"Total Cost": 88158.53,"Plan Rows": 2694,"Plan Width": 4,"Actual Startup Time": 1.220,"Actual Total Time": 886.344,"Actual Rows": 5771,"Actual Loops": 1,"Inner Unique": false,"Plans": [{"Node Type": "Seq Scan","Parent Relationship": "Outer","Parallel Aware": false,"Async Capable": false,"Relation Name": "part","Alias": "part","Startup Cost": 0.00,"Total Cost": 6597.00,"Plan Rows": 2020,"Plan Width": 4,"Actual Startup Time": 0.430,"Actual Total Time": 201.623,"Actual Rows": 2118,"Actual Loops": 1,"Filter": "((p_name)::text ~~ 'smoke%'::text)","Rows Removed by Filter": 197882},{"Node Type": "Index Scan","Parent Relationship": "Inner","Parallel Aware": false,"Async Capable": false,"Scan Direction": "Forward","Index Name": "idx_partsupp_partkey","Relation Name": "partsupp","Alias": "partsupp","Startup Cost": 0.42,"Total Cost": 40.36,"Plan Rows": 1,"Plan Width": 8,"Actual Startup Time": 0.139,"Actual Total Time": 0.323,"Actual Rows": 3,"Actual Loops": 2118,"Index Cond": "(ps_partkey = part.p_partkey)","Rows Removed by Index Recheck": 0,"Filter": "((ps_availqty)::numeric > (SubPlan 1))","Rows Removed by Filter": 1,"Plans": [{"Node Type": "Aggregate","Strategy": "Plain","Partial Mode": "Simple","Parent Relationship": "SubPlan","Subplan Name": "SubPlan 1","Parallel Aware": false,"Async Capable": false,"Startup Cost": 8.46,"Total Cost": 8.47,"Plan Rows": 1,"Plan Width": 32,"Actual Startup Time": 0.072,"Actual Total Time": 0.072,"Actual Rows": 1,"Actual Loops": 8472,"Plans": [{"Node Type": "Index Scan","Parent Relationship": "Outer","Parallel Aware": false,"Async Capable": false,"Scan Direction": "Forward","Index Name": "idx_lineitem_part_supp","Relation Name": "lineitem","Alias": "lineitem","Startup Cost": 0.43,"Total Cost": 8.46,"Plan Rows": 0,"Plan Width": 5,"Actual Startup Time": 0.044,"Actual Total Time": 0.071,"Actual Rows": 1,"Actual Loops": 8472,"Index Cond": "((l_partkey = partsupp.ps_partkey) AND (l_suppkey = partsupp.ps_suppkey))","Rows Removed by Index Recheck": 0,"Filter": "((l_shipdate >= '1994-01-01'::date) AND (l_shipdate < '1995-01-01 00:00:00'::timestamp without time zone))","Rows Removed by Filter": 6}]}]}]}]}]}]},"Planning Time": 6.180,"Triggers": [],"Execution Time": 896.317}]
[{"Plan": {"Node Type": "Sort","Parallel Aware": false,"Async Capable": false,"Startup Cost": 88442.96,"Total Cost": 88443.23,"Plan Rows": 108,"Plan Width": 51,"Actual Startup Time": 966.844,"Actual Total Time": 966.878,"Actual Rows": 159,"Actual Loops": 1,"Sort Key": ["supplier.s_name"],"Sort Method": "quicksort","Sort Space Used": 39,"Sort Space Type": "Memory","Plans": [{"Node Type": "Hash Join","Parent Relationship": "Outer","Parallel Aware": false,"Async Capable": false,"Join Type": "Semi","Startup Cost": 88199.59,"Total Cost": 88439.31,"Plan Rows": 108,"Plan Width": 51,"Actual Startup Time": 962.501,"Actual Total Time": 966.561,"Actual Rows": 159,"Actual Loops": 1,"Inner Unique": false,"Hash Cond": "(supplier.s_suppkey = partsupp.ps_suppkey)","Plans": [{"Node Type": "Nested Loop","Parent Relationship": "Outer","Parallel Aware": false,"Async Capable": false,"Join Type": "Inner","Startup Cost": 7.38,"Total Cost": 244.58,"Plan Rows": 400,"Plan Width": 55,"Actual Startup Time": 0.368,"Actual Total Time": 4.351,"Actual Rows": 421,"Actual Loops": 1,"Inner Unique": false,"Plans": [{"Node Type": "Seq Scan","Parent Relationship": "Outer","Parallel Aware": false,"Async Capable": false,"Relation Name": "nation","Alias": "nation","Startup Cost": 0.00,"Total Cost": 1.31,"Plan Rows": 1,"Plan Width": 4,"Actual Startup Time": 0.072,"Actual Total Time": 0.095,"Actual Rows": 1,"Actual Loops": 1,"Filter": "(n_name = 'PERU'::bpchar)","Rows Removed by Filter": 24},{"Node Type": "Bitmap Heap Scan","Parent Relationship": "Inner","Parallel Aware": false,"Async Capable": false,"Relation Name": "supplier","Alias": "supplier","Startup Cost": 7.38,"Total Cost": 239.27,"Plan Rows": 400,"Plan Width": 59,"Actual Startup Time": 0.291,"Actual Total Time": 4.193,"Actual Rows": 421,"Actual Loops": 1,"Recheck Cond": "(s_nationkey = nation.n_nationkey)","Rows Removed by Index Recheck": 0,"Exact Heap Blocks": 187,"Lossy Heap Blocks": 0,"Plans": [{"Node Type": "Bitmap Index Scan","Parent Relationship": "Outer","Parallel Aware": false,"Async Capable": false,"Index Name": "idx_supplier_nation_key","Startup Cost": 0.00,"Total Cost": 7.29,"Plan Rows": 400,"Plan Width": 0,"Actual Startup Time": 0.208,"Actual Total Time": 0.214,"Actual Rows": 421,"Actual Loops": 1,"Index Cond": "(s_nationkey = nation.n_nationkey)"}]}]},{"Node Type": "Hash","Parent Relationship": "Inner","Parallel Aware": false,"Async Capable": false,"Startup Cost": 88158.53,"Total Cost": 88158.53,"Plan Rows": 2694,"Plan Width": 4,"Actual Startup Time": 962.058,"Actual Total Time": 962.072,"Actual Rows": 5852,"Actual Loops": 1,"Hash Buckets": 8192,"Original Hash Buckets": 4096,"Hash Batches": 1,"Original Hash Batches": 1,"Peak Memory Usage": 270,"Plans": [{"Node Type": "Nested Loop","Parent Relationship": "Outer","Parallel Aware": false,"Async Capable": false,"Join Type": "Inner","Startup Cost": 0.42,"Total Cost": 88158.53,"Plan Rows": 2694,"Plan Width": 4,"Actual Startup Time": 0.877,"Actual Total Time": 957.647,"Actual Rows": 5852,"Actual Loops": 1,"Inner Unique": false,"Plans": [{"Node Type": "Seq Scan","Parent Relationship": "Outer","Parallel Aware": false,"Async Capable": false,"Relation Name": "part","Alias": "part","Startup Cost": 0.00,"Total Cost": 6597.00,"Plan Rows": 2020,"Plan Width": 4,"Actual Startup Time": 0.198,"Actual Total Time": 181.128,"Actual Rows": 2157,"Actual Loops": 1,"Filter": "((p_name)::text ~~ 'wheat%'::text)","Rows Removed by Filter": 197843},{"Node Type": "Index Scan","Parent Relationship": "Inner","Parallel Aware": false,"Async Capable": false,"Scan Direction": "Forward","Index Name": "idx_partsupp_partkey","Relation Name": "partsupp","Alias": "partsupp","Startup Cost": 0.42,"Total Cost": 40.36,"Plan Rows": 1,"Plan Width": 8,"Actual Startup Time": 0.149,"Actual Total Time": 0.359,"Actual Rows": 3,"Actual Loops": 2157,"Index Cond": "(ps_partkey = part.p_partkey)","Rows Removed by Index Recheck": 0,"Filter": "((ps_availqty)::numeric > (SubPlan 1))","Rows Removed by Filter": 1,"Plans": [{"Node Type": "Aggregate","Strategy": "Plain","Partial Mode": "Simple","Parent Relationship": "SubPlan","Subplan Name": "SubPlan 1","Parallel Aware": false,"Async Capable": false,"Startup Cost": 8.46,"Total Cost": 8.47,"Plan Rows": 1,"Plan Width": 32,"Actual Startup Time": 0.082,"Actual Total Time": 0.082,"Actual Rows": 1,"Actual Loops": 8628,"Plans": [{"Node Type": "Index Scan","Parent Relationship": "Outer","Parallel Aware": false,"Async Capable": false,"Scan Direction": "Forward","Index Name": "idx_lineitem_part_supp","Relation Name": "lineitem","Alias": "lineitem","Startup Cost": 0.43,"Total Cost": 8.46,"Plan Rows": 0,"Plan Width": 5,"Actual Startup Time": 0.050,"Actual Total Time": 0.081,"Actual Rows": 1,"Actual Loops": 8628,"Index Cond": "((l_partkey = partsupp.ps_partkey) AND (l_suppkey = partsupp.ps_suppkey))","Rows Removed by Index Recheck": 0,"Filter": "((l_shipdate >= '1997-01-01'::date) AND (l_shipdate < '1998-01-01 00:00:00'::timestamp without time zone))","Rows Removed by Filter": 6}]}]}]}]}]}]},"Planning Time": 6.338,"Triggers": [],"Execution Time": 967.168}]
[{"Plan": {"Node Type": "Sort","Parallel Aware": false,"Async Capable": false,"Startup Cost": 88442.96,"Total Cost": 88443.23,"Plan Rows": 108,"Plan Width": 51,"Actual Startup Time": 946.515,"Actual Total Time": 946.559,"Actual Rows": 176,"Actual Loops": 1,"Sort Key": ["supplier.s_name"],"Sort Method": "quicksort","Sort Space Used": 41,"Sort Space Type": "Memory","Plans": [{"Node Type": "Hash Join","Parent Relationship": "Outer","Parallel Aware": false,"Async Capable": false,"Join Type": "Semi","Startup Cost": 88199.59,"Total Cost": 88439.31,"Plan Rows": 108,"Plan Width": 51,"Actual Startup Time": 942.008,"Actual Total Time": 946.202,"Actual Rows": 176,"Actual Loops": 1,"Inner Unique": false,"Hash Cond": "(supplier.s_suppkey = partsupp.ps_suppkey)","Plans": [{"Node Type": "Nested Loop","Parent Relationship": "Outer","Parallel Aware": false,"Async Capable": false,"Join Type": "Inner","Startup Cost": 7.38,"Total Cost": 244.58,"Plan Rows": 400,"Plan Width": 55,"Actual Startup Time": 0.307,"Actual Total Time": 4.384,"Actual Rows": 397,"Actual Loops": 1,"Inner Unique": false,"Plans": [{"Node Type": "Seq Scan","Parent Relationship": "Outer","Parallel Aware": false,"Async Capable": false,"Relation Name": "nation","Alias": "nation","Startup Cost": 0.00,"Total Cost": 1.31,"Plan Rows": 1,"Plan Width": 4,"Actual Startup Time": 0.084,"Actual Total Time": 0.104,"Actual Rows": 1,"Actual Loops": 1,"Filter": "(n_name = 'BRAZIL'::bpchar)","Rows Removed by Filter": 24},{"Node Type": "Bitmap Heap Scan","Parent Relationship": "Inner","Parallel Aware": false,"Async Capable": false,"Relation Name": "supplier","Alias": "supplier","Startup Cost": 7.38,"Total Cost": 239.27,"Plan Rows": 400,"Plan Width": 59,"Actual Startup Time": 0.216,"Actual Total Time": 4.212,"Actual Rows": 397,"Actual Loops": 1,"Recheck Cond": "(s_nationkey = nation.n_nationkey)","Rows Removed by Index Recheck": 0,"Exact Heap Blocks": 187,"Lossy Heap Blocks": 0,"Plans": [{"Node Type": "Bitmap Index Scan","Parent Relationship": "Outer","Parallel Aware": false,"Async Capable": false,"Index Name": "idx_supplier_nation_key","Startup Cost": 0.00,"Total Cost": 7.29,"Plan Rows": 400,"Plan Width": 0,"Actual Startup Time": 0.142,"Actual Total Time": 0.146,"Actual Rows": 397,"Actual Loops": 1,"Index Cond": "(s_nationkey = nation.n_nationkey)"}]}]},{"Node Type": "Hash","Parent Relationship": "Inner","Parallel Aware": false,"Async Capable": false,"Startup Cost": 88158.53,"Total Cost": 88158.53,"Plan Rows": 2694,"Plan Width": 4,"Actual Startup Time": 941.619,"Actual Total Time": 941.632,"Actual Rows": 5628,"Actual Loops": 1,"Hash Buckets": 8192,"Original Hash Buckets": 4096,"Hash Batches": 1,"Original Hash Batches": 1,"Peak Memory Usage": 262,"Plans": [{"Node Type": "Nested Loop","Parent Relationship": "Outer","Parallel Aware": false,"Async Capable": false,"Join Type": "Inner","Startup Cost": 0.42,"Total Cost": 88158.53,"Plan Rows": 2694,"Plan Width": 4,"Actual Startup Time": 0.697,"Actual Total Time": 937.304,"Actual Rows": 5628,"Actual Loops": 1,"Inner Unique": false,"Plans": [{"Node Type": "Seq Scan","Parent Relationship": "Outer","Parallel Aware": false,"Async Capable": false,"Relation Name": "part","Alias": "part","Startup Cost": 0.00,"Total Cost": 6597.00,"Plan Rows": 2020,"Plan Width": 4,"Actual Startup Time": 0.083,"Actual Total Time": 180.167,"Actual Rows": 2071,"Actual Loops": 1,"Filter": "((p_name)::text ~~ 'honeydew%'::text)","Rows Removed by Filter": 197929},{"Node Type": "Index Scan","Parent Relationship": "Inner","Parallel Aware": false,"Async Capable": false,"Scan Direction": "Forward","Index Name": "idx_partsupp_partkey","Relation Name": "partsupp","Alias": "partsupp","Startup Cost": 0.42,"Total Cost": 40.36,"Plan Rows": 1,"Plan Width": 8,"Actual Startup Time": 0.150,"Actual Total Time": 0.365,"Actual Rows": 3,"Actual Loops": 2071,"Index Cond": "(ps_partkey = part.p_partkey)","Rows Removed by Index Recheck": 0,"Filter": "((ps_availqty)::numeric > (SubPlan 1))","Rows Removed by Filter": 1,"Plans": [{"Node Type": "Aggregate","Strategy": "Plain","Partial Mode": "Simple","Parent Relationship": "SubPlan","Subplan Name": "SubPlan 1","Parallel Aware": false,"Async Capable": false,"Startup Cost": 8.46,"Total Cost": 8.47,"Plan Rows": 1,"Plan Width": 32,"Actual Startup Time": 0.083,"Actual Total Time": 0.083,"Actual Rows": 1,"Actual Loops": 8284,"Plans": [{"Node Type": "Index Scan","Parent Relationship": "Outer","Parallel Aware": false,"Async Capable": false,"Scan Direction": "Forward","Index Name": "idx_lineitem_part_supp","Relation Name": "lineitem","Alias": "lineitem","Startup Cost": 0.43,"Total Cost": 8.46,"Plan Rows": 0,"Plan Width": 5,"Actual Startup Time": 0.050,"Actual Total Time": 0.082,"Actual Rows": 1,"Actual Loops": 8284,"Index Cond": "((l_partkey = partsupp.ps_partkey) AND (l_suppkey = partsupp.ps_suppkey))","Rows Removed by Index Recheck": 0,"Filter": "((l_shipdate >= '1997-01-01'::date) AND (l_shipdate < '1998-01-01 00:00:00'::timestamp without time zone))","Rows Removed by Filter": 6}]}]}]}]}]}]},"Planning Time": 6.653,"Triggers": [],"Execution Time": 946.869}]
[{"Plan": {"Node Type": "Sort","Parallel Aware": false,"Async Capable": false,"Startup Cost": 165280.99,"Total Cost": 165281.52,"Plan Rows": 215,"Plan Width": 51,"Actual Startup Time": 977.639,"Actual Total Time": 977.678,"Actual Rows": 200,"Actual Loops": 1,"Sort Key": ["supplier.s_name"],"Sort Method": "quicksort","Sort Space Used": 43,"Sort Space Type": "Memory","Plans": [{"Node Type": "Hash Join","Parent Relationship": "Outer","Parallel Aware": false,"Async Capable": false,"Join Type": "Semi","Startup Cost": 165030.68,"Total Cost": 165272.66,"Plan Rows": 215,"Plan Width": 51,"Actual Startup Time": 972.297,"Actual Total Time": 977.263,"Actual Rows": 200,"Actual Loops": 1,"Inner Unique": false,"Hash Cond": "(supplier.s_suppkey = partsupp.ps_suppkey)","Plans": [{"Node Type": "Nested Loop","Parent Relationship": "Outer","Parallel Aware": false,"Async Capable": false,"Join Type": "Inner","Startup Cost": 7.38,"Total Cost": 244.58,"Plan Rows": 400,"Plan Width": 55,"Actual Startup Time": 0.264,"Actual Total Time": 4.662,"Actual Rows": 415,"Actual Loops": 1,"Inner Unique": false,"Plans": [{"Node Type": "Seq Scan","Parent Relationship": "Outer","Parallel Aware": false,"Async Capable": false,"Relation Name": "nation","Alias": "nation","Startup Cost": 0.00,"Total Cost": 1.31,"Plan Rows": 1,"Plan Width": 4,"Actual Startup Time": 0.078,"Actual Total Time": 0.098,"Actual Rows": 1,"Actual Loops": 1,"Filter": "(n_name = 'INDIA'::bpchar)","Rows Removed by Filter": 24},{"Node Type": "Bitmap Heap Scan","Parent Relationship": "Inner","Parallel Aware": false,"Async Capable": false,"Relation Name": "supplier","Alias": "supplier","Startup Cost": 7.38,"Total Cost": 239.27,"Plan Rows": 400,"Plan Width": 59,"Actual Startup Time": 0.176,"Actual Total Time": 4.475,"Actual Rows": 415,"Actual Loops": 1,"Recheck Cond": "(s_nationkey = nation.n_nationkey)","Rows Removed by Index Recheck": 0,"Exact Heap Blocks": 186,"Lossy Heap Blocks": 0,"Plans": [{"Node Type": "Bitmap Index Scan","Parent Relationship": "Outer","Parallel Aware": false,"Async Capable": false,"Index Name": "idx_supplier_nation_key","Startup Cost": 0.00,"Total Cost": 7.29,"Plan Rows": 400,"Plan Width": 0,"Actual Startup Time": 0.131,"Actual Total Time": 0.134,"Actual Rows": 415,"Actual Loops": 1,"Index Cond": "(s_nationkey = nation.n_nationkey)"}]}]},{"Node Type": "Hash","Parent Relationship": "Inner","Parallel Aware": false,"Async Capable": false,"Startup Cost": 164955.96,"Total Cost": 164955.96,"Plan Rows": 5387,"Plan Width": 4,"Actual Startup Time": 971.891,"Actual Total Time": 971.902,"Actual Rows": 5994,"Actual Loops": 1,"Hash Buckets": 8192,"Original Hash Buckets": 8192,"Hash Batches": 1,"Original Hash Batches": 1,"Peak Memory Usage": 275,"Plans": [{"Node Type": "Nested Loop","Parent Relationship": "Outer","Parallel Aware": false,"Async Capable": false,"Join Type": "Inner","Startup Cost": 0.42,"Total Cost": 164955.96,"Plan Rows": 5387,"Plan Width": 4,"Actual Startup Time": 0.540,"Actual Total Time": 966.166,"Actual Rows": 5994,"Actual Loops": 1,"Inner Unique": false,"Plans": [{"Node Type": "Seq Scan","Parent Relationship": "Outer","Parallel Aware": false,"Async Capable": false,"Relation Name": "part","Alias": "part","Startup Cost": 0.00,"Total Cost": 6597.00,"Plan Rows": 4040,"Plan Width": 4,"Actual Startup Time": 0.141,"Actual Total Time": 181.061,"Actual Rows": 2198,"Actual Loops": 1,"Filter": "((p_name)::text ~~ 'rosy%'::text)","Rows Removed by Filter": 197802},{"Node Type": "Index Scan","Parent Relationship": "Inner","Parallel Aware": false,"Async Capable": false,"Scan Direction": "Forward","Index Name": "idx_partsupp_partkey","Relation Name": "partsupp","Alias": "partsupp","Startup Cost": 0.42,"Total Cost": 39.18,"Plan Rows": 1,"Plan Width": 8,"Actual Startup Time": 0.148,"Actual Total Time": 0.357,"Actual Rows": 3,"Actual Loops": 2198,"Index Cond": "(ps_partkey = part.p_partkey)","Rows Removed by Index Recheck": 0,"Filter": "((ps_availqty)::numeric > (SubPlan 1))","Rows Removed by Filter": 1,"Plans": [{"Node Type": "Aggregate","Strategy": "Plain","Partial Mode": "Simple","Parent Relationship": "SubPlan","Subplan Name": "SubPlan 1","Parallel Aware": false,"Async Capable": false,"Startup Cost": 8.46,"Total Cost": 8.47,"Plan Rows": 1,"Plan Width": 32,"Actual Startup Time": 0.081,"Actual Total Time": 0.081,"Actual Rows": 1,"Actual Loops": 8792,"Plans": [{"Node Type": "Index Scan","Parent Relationship": "Outer","Parallel Aware": false,"Async Capable": false,"Scan Direction": "Forward","Index Name": "idx_lineitem_part_supp","Relation Name": "lineitem","Alias": "lineitem","Startup Cost": 0.43,"Total Cost": 8.46,"Plan Rows": 0,"Plan Width": 5,"Actual Startup Time": 0.049,"Actual Total Time": 0.080,"Actual Rows": 1,"Actual Loops": 8792,"Index Cond": "((l_partkey = partsupp.ps_partkey) AND (l_suppkey = partsupp.ps_suppkey))","Rows Removed by Index Recheck": 0,"Filter": "((l_shipdate >= '1993-01-01'::date) AND (l_shipdate < '1994-01-01 00:00:00'::timestamp without time zone))","Rows Removed by Filter": 6}]}]}]}]}]}]},"Planning Time": 7.518,"Triggers": [],"Execution Time": 977.968}]
[{"Plan": {"Node Type": "Sort","Parallel Aware": false,"Async Capable": false,"Startup Cost": 88442.96,"Total Cost": 88443.23,"Plan Rows": 108,"Plan Width": 51,"Actual Startup Time": 974.093,"Actual Total Time": 974.133,"Actual Rows": 175,"Actual Loops": 1,"Sort Key": ["supplier.s_name"],"Sort Method": "quicksort","Sort Space Used": 41,"Sort Space Type": "Memory","Plans": [{"Node Type": "Hash Join","Parent Relationship": "Outer","Parallel Aware": false,"Async Capable": false,"Join Type": "Semi","Startup Cost": 88199.59,"Total Cost": 88439.31,"Plan Rows": 108,"Plan Width": 51,"Actual Startup Time": 969.855,"Actual Total Time": 973.792,"Actual Rows": 175,"Actual Loops": 1,"Inner Unique": false,"Hash Cond": "(supplier.s_suppkey = partsupp.ps_suppkey)","Plans": [{"Node Type": "Nested Loop","Parent Relationship": "Outer","Parallel Aware": false,"Async Capable": false,"Join Type": "Inner","Startup Cost": 7.38,"Total Cost": 244.58,"Plan Rows": 400,"Plan Width": 55,"Actual Startup Time": 0.250,"Actual Total Time": 4.089,"Actual Rows": 412,"Actual Loops": 1,"Inner Unique": false,"Plans": [{"Node Type": "Seq Scan","Parent Relationship": "Outer","Parallel Aware": false,"Async Capable": false,"Relation Name": "nation","Alias": "nation","Startup Cost": 0.00,"Total Cost": 1.31,"Plan Rows": 1,"Plan Width": 4,"Actual Startup Time": 0.065,"Actual Total Time": 0.085,"Actual Rows": 1,"Actual Loops": 1,"Filter": "(n_name = 'CANADA'::bpchar)","Rows Removed by Filter": 24},{"Node Type": "Bitmap Heap Scan","Parent Relationship": "Inner","Parallel Aware": false,"Async Capable": false,"Relation Name": "supplier","Alias": "supplier","Startup Cost": 7.38,"Total Cost": 239.27,"Plan Rows": 400,"Plan Width": 59,"Actual Startup Time": 0.175,"Actual Total Time": 3.911,"Actual Rows": 412,"Actual Loops": 1,"Recheck Cond": "(s_nationkey = nation.n_nationkey)","Rows Removed by Index Recheck": 0,"Exact Heap Blocks": 189,"Lossy Heap Blocks": 0,"Plans": [{"Node Type": "Bitmap Index Scan","Parent Relationship": "Outer","Parallel Aware": false,"Async Capable": false,"Index Name": "idx_supplier_nation_key","Startup Cost": 0.00,"Total Cost": 7.29,"Plan Rows": 400,"Plan Width": 0,"Actual Startup Time": 0.107,"Actual Total Time": 0.113,"Actual Rows": 412,"Actual Loops": 1,"Index Cond": "(s_nationkey = nation.n_nationkey)"}]}]},{"Node Type": "Hash","Parent Relationship": "Inner","Parallel Aware": false,"Async Capable": false,"Startup Cost": 88158.53,"Total Cost": 88158.53,"Plan Rows": 2694,"Plan Width": 4,"Actual Startup Time": 969.522,"Actual Total Time": 969.531,"Actual Rows": 5854,"Actual Loops": 1,"Hash Buckets": 8192,"Original Hash Buckets": 4096,"Hash Batches": 1,"Original Hash Batches": 1,"Peak Memory Usage": 270,"Plans": [{"Node Type": "Nested Loop","Parent Relationship": "Outer","Parallel Aware": false,"Async Capable": false,"Join Type": "Inner","Startup Cost": 0.42,"Total Cost": 88158.53,"Plan Rows": 2694,"Plan Width": 4,"Actual Startup Time": 0.665,"Actual Total Time": 965.311,"Actual Rows": 5854,"Actual Loops": 1,"Inner Unique": false,"Plans": [{"Node Type": "Seq Scan","Parent Relationship": "Outer","Parallel Aware": false,"Async Capable": false,"Relation Name": "part","Alias": "part","Startup Cost": 0.00,"Total Cost": 6597.00,"Plan Rows": 2020,"Plan Width": 4,"Actual Startup Time": 0.249,"Actual Total Time": 180.805,"Actual Rows": 2171,"Actual Loops": 1,"Filter": "((p_name)::text ~~ 'brown%'::text)","Rows Removed by Filter": 197829},{"Node Type": "Index Scan","Parent Relationship": "Inner","Parallel Aware": false,"Async Capable": false,"Scan Direction": "Forward","Index Name": "idx_partsupp_partkey","Relation Name": "partsupp","Alias": "partsupp","Startup Cost": 0.42,"Total Cost": 40.36,"Plan Rows": 1,"Plan Width": 8,"Actual Startup Time": 0.153,"Actual Total Time": 0.361,"Actual Rows": 3,"Actual Loops": 2171,"Index Cond": "(ps_partkey = part.p_partkey)","Rows Removed by Index Recheck": 0,"Filter": "((ps_availqty)::numeric > (SubPlan 1))","Rows Removed by Filter": 1,"Plans": [{"Node Type": "Aggregate","Strategy": "Plain","Partial Mode": "Simple","Parent Relationship": "SubPlan","Subplan Name": "SubPlan 1","Parallel Aware": false,"Async Capable": false,"Startup Cost": 8.46,"Total Cost": 8.47,"Plan Rows": 1,"Plan Width": 32,"Actual Startup Time": 0.082,"Actual Total Time": 0.082,"Actual Rows": 1,"Actual Loops": 8684,"Plans": [{"Node Type": "Index Scan","Parent Relationship": "Outer","Parallel Aware": false,"Async Capable": false,"Scan Direction": "Forward","Index Name": "idx_lineitem_part_supp","Relation Name": "lineitem","Alias": "lineitem","Startup Cost": 0.43,"Total Cost": 8.46,"Plan Rows": 0,"Plan Width": 5,"Actual Startup Time": 0.050,"Actual Total Time": 0.081,"Actual Rows": 1,"Actual Loops": 8684,"Index Cond": "((l_partkey = partsupp.ps_partkey) AND (l_suppkey = partsupp.ps_suppkey))","Rows Removed by Index Recheck": 0,"Filter": "((l_shipdate >= '1996-01-01'::date) AND (l_shipdate < '1997-01-01 00:00:00'::timestamp without time zone))","Rows Removed by Filter": 6}]}]}]}]}]}]},"Planning Time": 6.113,"Triggers": [],"Execution Time": 974.388}]
[{"Plan": {"Node Type": "Sort","Parallel Aware": false,"Async Capable": false,"Startup Cost": 88442.96,"Total Cost": 88443.23,"Plan Rows": 108,"Plan Width": 51,"Actual Startup Time": 896.817,"Actual Total Time": 896.859,"Actual Rows": 178,"Actual Loops": 1,"Sort Key": ["supplier.s_name"],"Sort Method": "quicksort","Sort Space Used": 41,"Sort Space Type": "Memory","Plans": [{"Node Type": "Hash Join","Parent Relationship": "Outer","Parallel Aware": false,"Async Capable": false,"Join Type": "Semi","Startup Cost": 88199.59,"Total Cost": 88439.31,"Plan Rows": 108,"Plan Width": 51,"Actual Startup Time": 892.906,"Actual Total Time": 896.524,"Actual Rows": 178,"Actual Loops": 1,"Inner Unique": false,"Hash Cond": "(supplier.s_suppkey = partsupp.ps_suppkey)","Plans": [{"Node Type": "Nested Loop","Parent Relationship": "Outer","Parallel Aware": false,"Async Capable": false,"Join Type": "Inner","Startup Cost": 7.38,"Total Cost": 244.58,"Plan Rows": 400,"Plan Width": 55,"Actual Startup Time": 0.234,"Actual Total Time": 3.815,"Actual Rows": 415,"Actual Loops": 1,"Inner Unique": false,"Plans": [{"Node Type": "Seq Scan","Parent Relationship": "Outer","Parallel Aware": false,"Async Capable": false,"Relation Name": "nation","Alias": "nation","Startup Cost": 0.00,"Total Cost": 1.31,"Plan Rows": 1,"Plan Width": 4,"Actual Startup Time": 0.062,"Actual Total Time": 0.083,"Actual Rows": 1,"Actual Loops": 1,"Filter": "(n_name = 'EGYPT'::bpchar)","Rows Removed by Filter": 24},{"Node Type": "Bitmap Heap Scan","Parent Relationship": "Inner","Parallel Aware": false,"Async Capable": false,"Relation Name": "supplier","Alias": "supplier","Startup Cost": 7.38,"Total Cost": 239.27,"Plan Rows": 400,"Plan Width": 59,"Actual Startup Time": 0.168,"Actual Total Time": 3.661,"Actual Rows": 415,"Actual Loops": 1,"Recheck Cond": "(s_nationkey = nation.n_nationkey)","Rows Removed by Index Recheck": 0,"Exact Heap Blocks": 183,"Lossy Heap Blocks": 0,"Plans": [{"Node Type": "Bitmap Index Scan","Parent Relationship": "Outer","Parallel Aware": false,"Async Capable": false,"Index Name": "idx_supplier_nation_key","Startup Cost": 0.00,"Total Cost": 7.29,"Plan Rows": 400,"Plan Width": 0,"Actual Startup Time": 0.100,"Actual Total Time": 0.108,"Actual Rows": 415,"Actual Loops": 1,"Index Cond": "(s_nationkey = nation.n_nationkey)"}]}]},{"Node Type": "Hash","Parent Relationship": "Inner","Parallel Aware": false,"Async Capable": false,"Startup Cost": 88158.53,"Total Cost": 88158.53,"Plan Rows": 2694,"Plan Width": 4,"Actual Startup Time": 892.569,"Actual Total Time": 892.578,"Actual Rows": 5798,"Actual Loops": 1,"Hash Buckets": 8192,"Original Hash Buckets": 4096,"Hash Batches": 1,"Original Hash Batches": 1,"Peak Memory Usage": 268,"Plans": [{"Node Type": "Nested Loop","Parent Relationship": "Outer","Parallel Aware": false,"Async Capable": false,"Join Type": "Inner","Startup Cost": 0.42,"Total Cost": 88158.53,"Plan Rows": 2694,"Plan Width": 4,"Actual Startup Time": 0.454,"Actual Total Time": 888.058,"Actual Rows": 5798,"Actual Loops": 1,"Inner Unique": false,"Plans": [{"Node Type": "Seq Scan","Parent Relationship": "Outer","Parallel Aware": false,"Async Capable": false,"Relation Name": "part","Alias": "part","Startup Cost": 0.00,"Total Cost": 6597.00,"Plan Rows": 2020,"Plan Width": 4,"Actual Startup Time": 0.077,"Actual Total Time": 196.623,"Actual Rows": 2144,"Actual Loops": 1,"Filter": "((p_name)::text ~~ 'green%'::text)","Rows Removed by Filter": 197856},{"Node Type": "Index Scan","Parent Relationship": "Inner","Parallel Aware": false,"Async Capable": false,"Scan Direction": "Forward","Index Name": "idx_partsupp_partkey","Relation Name": "partsupp","Alias": "partsupp","Startup Cost": 0.42,"Total Cost": 40.36,"Plan Rows": 1,"Plan Width": 8,"Actual Startup Time": 0.138,"Actual Total Time": 0.322,"Actual Rows": 3,"Actual Loops": 2144,"Index Cond": "(ps_partkey = part.p_partkey)","Rows Removed by Index Recheck": 0,"Filter": "((ps_availqty)::numeric > (SubPlan 1))","Rows Removed by Filter": 1,"Plans": [{"Node Type": "Aggregate","Strategy": "Plain","Partial Mode": "Simple","Parent Relationship": "SubPlan","Subplan Name": "SubPlan 1","Parallel Aware": false,"Async Capable": false,"Startup Cost": 8.46,"Total Cost": 8.47,"Plan Rows": 1,"Plan Width": 32,"Actual Startup Time": 0.072,"Actual Total Time": 0.072,"Actual Rows": 1,"Actual Loops": 8576,"Plans": [{"Node Type": "Index Scan","Parent Relationship": "Outer","Parallel Aware": false,"Async Capable": false,"Scan Direction": "Forward","Index Name": "idx_lineitem_part_supp","Relation Name": "lineitem","Alias": "lineitem","Startup Cost": 0.43,"Total Cost": 8.46,"Plan Rows": 0,"Plan Width": 5,"Actual Startup Time": 0.044,"Actual Total Time": 0.071,"Actual Rows": 1,"Actual Loops": 8576,"Index Cond": "((l_partkey = partsupp.ps_partkey) AND (l_suppkey = partsupp.ps_suppkey))","Rows Removed by Index Recheck": 0,"Filter": "((l_shipdate >= '1995-01-01'::date) AND (l_shipdate < '1996-01-01 00:00:00'::timestamp without time zone))","Rows Removed by Filter": 6}]}]}]}]}]}]},"Planning Time": 7.343,"Triggers": [],"Execution Time": 897.111}]
[{"Plan": {"Node Type": "Sort","Parallel Aware": false,"Async Capable": false,"Startup Cost": 88442.96,"Total Cost": 88443.23,"Plan Rows": 108,"Plan Width": 51,"Actual Startup Time": 974.238,"Actual Total Time": 974.279,"Actual Rows": 192,"Actual Loops": 1,"Sort Key": ["supplier.s_name"],"Sort Method": "quicksort","Sort Space Used": 42,"Sort Space Type": "Memory","Plans": [{"Node Type": "Hash Join","Parent Relationship": "Outer","Parallel Aware": false,"Async Capable": false,"Join Type": "Semi","Startup Cost": 88199.59,"Total Cost": 88439.31,"Plan Rows": 108,"Plan Width": 51,"Actual Startup Time": 969.625,"Actual Total Time": 973.923,"Actual Rows": 192,"Actual Loops": 1,"Inner Unique": false,"Hash Cond": "(supplier.s_suppkey = partsupp.ps_suppkey)","Plans": [{"Node Type": "Nested Loop","Parent Relationship": "Outer","Parallel Aware": false,"Async Capable": false,"Join Type": "Inner","Startup Cost": 7.38,"Total Cost": 244.58,"Plan Rows": 400,"Plan Width": 55,"Actual Startup Time": 0.264,"Actual Total Time": 4.443,"Actual Rows": 399,"Actual Loops": 1,"Inner Unique": false,"Plans": [{"Node Type": "Seq Scan","Parent Relationship": "Outer","Parallel Aware": false,"Async Capable": false,"Relation Name": "nation","Alias": "nation","Startup Cost": 0.00,"Total Cost": 1.31,"Plan Rows": 1,"Plan Width": 4,"Actual Startup Time": 0.076,"Actual Total Time": 0.096,"Actual Rows": 1,"Actual Loops": 1,"Filter": "(n_name = 'VIETNAM'::bpchar)","Rows Removed by Filter": 24},{"Node Type": "Bitmap Heap Scan","Parent Relationship": "Inner","Parallel Aware": false,"Async Capable": false,"Relation Name": "supplier","Alias": "supplier","Startup Cost": 7.38,"Total Cost": 239.27,"Plan Rows": 400,"Plan Width": 59,"Actual Startup Time": 0.180,"Actual Total Time": 4.264,"Actual Rows": 399,"Actual Loops": 1,"Recheck Cond": "(s_nationkey = nation.n_nationkey)","Rows Removed by Index Recheck": 0,"Exact Heap Blocks": 191,"Lossy Heap Blocks": 0,"Plans": [{"Node Type": "Bitmap Index Scan","Parent Relationship": "Outer","Parallel Aware": false,"Async Capable": false,"Index Name": "idx_supplier_nation_key","Startup Cost": 0.00,"Total Cost": 7.29,"Plan Rows": 400,"Plan Width": 0,"Actual Startup Time": 0.117,"Actual Total Time": 0.121,"Actual Rows": 399,"Actual Loops": 1,"Index Cond": "(s_nationkey = nation.n_nationkey)"}]}]},{"Node Type": "Hash","Parent Relationship": "Inner","Parallel Aware": false,"Async Capable": false,"Startup Cost": 88158.53,"Total Cost": 88158.53,"Plan Rows": 2694,"Plan Width": 4,"Actual Startup Time": 969.268,"Actual Total Time": 969.280,"Actual Rows": 5835,"Actual Loops": 1,"Hash Buckets": 8192,"Original Hash Buckets": 4096,"Hash Batches": 1,"Original Hash Batches": 1,"Peak Memory Usage": 270,"Plans": [{"Node Type": "Nested Loop","Parent Relationship": "Outer","Parallel Aware": false,"Async Capable": false,"Join Type": "Inner","Startup Cost": 0.42,"Total Cost": 88158.53,"Plan Rows": 2694,"Plan Width": 4,"Actual Startup Time": 0.696,"Actual Total Time": 964.776,"Actual Rows": 5835,"Actual Loops": 1,"Inner Unique": false,"Plans": [{"Node Type": "Seq Scan","Parent Relationship": "Outer","Parallel Aware": false,"Async Capable": false,"Relation Name": "part","Alias": "part","Startup Cost": 0.00,"Total Cost": 6597.00,"Plan Rows": 2020,"Plan Width": 4,"Actual Startup Time": 0.116,"Actual Total Time": 181.122,"Actual Rows": 2165,"Actual Loops": 1,"Filter": "((p_name)::text ~~ 'sky%'::text)","Rows Removed by Filter": 197835},{"Node Type": "Index Scan","Parent Relationship": "Inner","Parallel Aware": false,"Async Capable": false,"Scan Direction": "Forward","Index Name": "idx_partsupp_partkey","Relation Name": "partsupp","Alias": "partsupp","Startup Cost": 0.42,"Total Cost": 40.36,"Plan Rows": 1,"Plan Width": 8,"Actual Startup Time": 0.150,"Actual Total Time": 0.361,"Actual Rows": 3,"Actual Loops": 2165,"Index Cond": "(ps_partkey = part.p_partkey)","Rows Removed by Index Recheck": 0,"Filter": "((ps_availqty)::numeric > (SubPlan 1))","Rows Removed by Filter": 1,"Plans": [{"Node Type": "Aggregate","Strategy": "Plain","Partial Mode": "Simple","Parent Relationship": "SubPlan","Subplan Name": "SubPlan 1","Parallel Aware": false,"Async Capable": false,"Startup Cost": 8.46,"Total Cost": 8.47,"Plan Rows": 1,"Plan Width": 32,"Actual Startup Time": 0.082,"Actual Total Time": 0.082,"Actual Rows": 1,"Actual Loops": 8660,"Plans": [{"Node Type": "Index Scan","Parent Relationship": "Outer","Parallel Aware": false,"Async Capable": false,"Scan Direction": "Forward","Index Name": "idx_lineitem_part_supp","Relation Name": "lineitem","Alias": "lineitem","Startup Cost": 0.43,"Total Cost": 8.46,"Plan Rows": 0,"Plan Width": 5,"Actual Startup Time": 0.050,"Actual Total Time": 0.081,"Actual Rows": 1,"Actual Loops": 8660,"Index Cond": "((l_partkey = partsupp.ps_partkey) AND (l_suppkey = partsupp.ps_suppkey))","Rows Removed by Index Recheck": 0,"Filter": "((l_shipdate >= '1996-01-01'::date) AND (l_shipdate < '1997-01-01 00:00:00'::timestamp without time zone))","Rows Removed by Filter": 6}]}]}]}]}]}]},"Planning Time": 7.429,"Triggers": [],"Execution Time": 974.535}]
[{"Plan": {"Node Type": "Sort","Parallel Aware": false,"Async Capable": false,"Startup Cost": 88442.96,"Total Cost": 88443.23,"Plan Rows": 108,"Plan Width": 51,"Actual Startup Time": 914.117,"Actual Total Time": 914.153,"Actual Rows": 175,"Actual Loops": 1,"Sort Key": ["supplier.s_name"],"Sort Method": "quicksort","Sort Space Used": 41,"Sort Space Type": "Memory","Plans": [{"Node Type": "Hash Join","Parent Relationship": "Outer","Parallel Aware": false,"Async Capable": false,"Join Type": "Semi","Startup Cost": 88199.59,"Total Cost": 88439.31,"Plan Rows": 108,"Plan Width": 51,"Actual Startup Time": 910.034,"Actual Total Time": 913.635,"Actual Rows": 175,"Actual Loops": 1,"Inner Unique": false,"Hash Cond": "(supplier.s_suppkey = partsupp.ps_suppkey)","Plans": [{"Node Type": "Nested Loop","Parent Relationship": "Outer","Parallel Aware": false,"Async Capable": false,"Join Type": "Inner","Startup Cost": 7.38,"Total Cost": 244.58,"Plan Rows": 400,"Plan Width": 55,"Actual Startup Time": 0.255,"Actual Total Time": 3.800,"Actual Rows": 393,"Actual Loops": 1,"Inner Unique": false,"Plans": [{"Node Type": "Seq Scan","Parent Relationship": "Outer","Parallel Aware": false,"Async Capable": false,"Relation Name": "nation","Alias": "nation","Startup Cost": 0.00,"Total Cost": 1.31,"Plan Rows": 1,"Plan Width": 4,"Actual Startup Time": 0.071,"Actual Total Time": 0.080,"Actual Rows": 1,"Actual Loops": 1,"Filter": "(n_name = 'UNITED STATES'::bpchar)","Rows Removed by Filter": 24},{"Node Type": "Bitmap Heap Scan","Parent Relationship": "Inner","Parallel Aware": false,"Async Capable": false,"Relation Name": "supplier","Alias": "supplier","Startup Cost": 7.38,"Total Cost": 239.27,"Plan Rows": 400,"Plan Width": 59,"Actual Startup Time": 0.181,"Actual Total Time": 3.639,"Actual Rows": 393,"Actual Loops": 1,"Recheck Cond": "(s_nationkey = nation.n_nationkey)","Rows Removed by Index Recheck": 0,"Exact Heap Blocks": 181,"Lossy Heap Blocks": 0,"Plans": [{"Node Type": "Bitmap Index Scan","Parent Relationship": "Outer","Parallel Aware": false,"Async Capable": false,"Index Name": "idx_supplier_nation_key","Startup Cost": 0.00,"Total Cost": 7.29,"Plan Rows": 400,"Plan Width": 0,"Actual Startup Time": 0.126,"Actual Total Time": 0.131,"Actual Rows": 393,"Actual Loops": 1,"Index Cond": "(s_nationkey = nation.n_nationkey)"}]}]},{"Node Type": "Hash","Parent Relationship": "Inner","Parallel Aware": false,"Async Capable": false,"Startup Cost": 88158.53,"Total Cost": 88158.53,"Plan Rows": 2694,"Plan Width": 4,"Actual Startup Time": 909.704,"Actual Total Time": 909.712,"Actual Rows": 5989,"Actual Loops": 1,"Hash Buckets": 8192,"Original Hash Buckets": 4096,"Hash Batches": 1,"Original Hash Batches": 1,"Peak Memory Usage": 275,"Plans": [{"Node Type": "Nested Loop","Parent Relationship": "Outer","Parallel Aware": false,"Async Capable": false,"Join Type": "Inner","Startup Cost": 0.42,"Total Cost": 88158.53,"Plan Rows": 2694,"Plan Width": 4,"Actual Startup Time": 1.092,"Actual Total Time": 905.223,"Actual Rows": 5989,"Actual Loops": 1,"Inner Unique": false,"Plans": [{"Node Type": "Seq Scan","Parent Relationship": "Outer","Parallel Aware": false,"Async Capable": false,"Relation Name": "part","Alias": "part","Startup Cost": 0.00,"Total Cost": 6597.00,"Plan Rows": 2020,"Plan Width": 4,"Actual Startup Time": 0.186,"Actual Total Time": 196.654,"Actual Rows": 2216,"Actual Loops": 1,"Filter": "((p_name)::text ~~ 'chartreuse%'::text)","Rows Removed by Filter": 197784},{"Node Type": "Index Scan","Parent Relationship": "Inner","Parallel Aware": false,"Async Capable": false,"Scan Direction": "Forward","Index Name": "idx_partsupp_partkey","Relation Name": "partsupp","Alias": "partsupp","Startup Cost": 0.42,"Total Cost": 40.36,"Plan Rows": 1,"Plan Width": 8,"Actual Startup Time": 0.135,"Actual Total Time": 0.319,"Actual Rows": 3,"Actual Loops": 2216,"Index Cond": "(ps_partkey = part.p_partkey)","Rows Removed by Index Recheck": 0,"Filter": "((ps_availqty)::numeric > (SubPlan 1))","Rows Removed by Filter": 1,"Plans": [{"Node Type": "Aggregate","Strategy": "Plain","Partial Mode": "Simple","Parent Relationship": "SubPlan","Subplan Name": "SubPlan 1","Parallel Aware": false,"Async Capable": false,"Startup Cost": 8.46,"Total Cost": 8.47,"Plan Rows": 1,"Plan Width": 32,"Actual Startup Time": 0.071,"Actual Total Time": 0.071,"Actual Rows": 1,"Actual Loops": 8864,"Plans": [{"Node Type": "Index Scan","Parent Relationship": "Outer","Parallel Aware": false,"Async Capable": false,"Scan Direction": "Forward","Index Name": "idx_lineitem_part_supp","Relation Name": "lineitem","Alias": "lineitem","Startup Cost": 0.43,"Total Cost": 8.46,"Plan Rows": 0,"Plan Width": 5,"Actual Startup Time": 0.044,"Actual Total Time": 0.071,"Actual Rows": 1,"Actual Loops": 8864,"Index Cond": "((l_partkey = partsupp.ps_partkey) AND (l_suppkey = partsupp.ps_suppkey))","Rows Removed by Index Recheck": 0,"Filter": "((l_shipdate >= '1995-01-01'::date) AND (l_shipdate < '1996-01-01 00:00:00'::timestamp without time zone))","Rows Removed by Filter": 6}]}]}]}]}]}]},"Planning Time": 7.475,"Triggers": [],"Execution Time": 914.377}]
[{"Plan": {"Node Type": "Sort","Parallel Aware": false,"Async Capable": false,"Startup Cost": 88442.96,"Total Cost": 88443.23,"Plan Rows": 108,"Plan Width": 51,"Actual Startup Time": 978.972,"Actual Total Time": 979.013,"Actual Rows": 185,"Actual Loops": 1,"Sort Key": ["supplier.s_name"],"Sort Method": "quicksort","Sort Space Used": 42,"Sort Space Type": "Memory","Plans": [{"Node Type": "Hash Join","Parent Relationship": "Outer","Parallel Aware": false,"Async Capable": false,"Join Type": "Semi","Startup Cost": 88199.59,"Total Cost": 88439.31,"Plan Rows": 108,"Plan Width": 51,"Actual Startup Time": 974.589,"Actual Total Time": 978.451,"Actual Rows": 185,"Actual Loops": 1,"Inner Unique": false,"Hash Cond": "(supplier.s_suppkey = partsupp.ps_suppkey)","Plans": [{"Node Type": "Nested Loop","Parent Relationship": "Outer","Parallel Aware": false,"Async Capable": false,"Join Type": "Inner","Startup Cost": 7.38,"Total Cost": 244.58,"Plan Rows": 400,"Plan Width": 55,"Actual Startup Time": 0.277,"Actual Total Time": 4.014,"Actual Rows": 402,"Actual Loops": 1,"Inner Unique": false,"Plans": [{"Node Type": "Seq Scan","Parent Relationship": "Outer","Parallel Aware": false,"Async Capable": false,"Relation Name": "nation","Alias": "nation","Startup Cost": 0.00,"Total Cost": 1.31,"Plan Rows": 1,"Plan Width": 4,"Actual Startup Time": 0.069,"Actual Total Time": 0.090,"Actual Rows": 1,"Actual Loops": 1,"Filter": "(n_name = 'FRANCE'::bpchar)","Rows Removed by Filter": 24},{"Node Type": "Bitmap Heap Scan","Parent Relationship": "Inner","Parallel Aware": false,"Async Capable": false,"Relation Name": "supplier","Alias": "supplier","Startup Cost": 7.38,"Total Cost": 239.27,"Plan Rows": 400,"Plan Width": 59,"Actual Startup Time": 0.194,"Actual Total Time": 3.849,"Actual Rows": 402,"Actual Loops": 1,"Recheck Cond": "(s_nationkey = nation.n_nationkey)","Rows Removed by Index Recheck": 0,"Exact Heap Blocks": 184,"Lossy Heap Blocks": 0,"Plans": [{"Node Type": "Bitmap Index Scan","Parent Relationship": "Outer","Parallel Aware": false,"Async Capable": false,"Index Name": "idx_supplier_nation_key","Startup Cost": 0.00,"Total Cost": 7.29,"Plan Rows": 400,"Plan Width": 0,"Actual Startup Time": 0.123,"Actual Total Time": 0.127,"Actual Rows": 402,"Actual Loops": 1,"Index Cond": "(s_nationkey = nation.n_nationkey)"}]}]},{"Node Type": "Hash","Parent Relationship": "Inner","Parallel Aware": false,"Async Capable": false,"Startup Cost": 88158.53,"Total Cost": 88158.53,"Plan Rows": 2694,"Plan Width": 4,"Actual Startup Time": 974.248,"Actual Total Time": 974.260,"Actual Rows": 5852,"Actual Loops": 1,"Hash Buckets": 8192,"Original Hash Buckets": 4096,"Hash Batches": 1,"Original Hash Batches": 1,"Peak Memory Usage": 270,"Plans": [{"Node Type": "Nested Loop","Parent Relationship": "Outer","Parallel Aware": false,"Async Capable": false,"Join Type": "Inner","Startup Cost": 0.42,"Total Cost": 88158.53,"Plan Rows": 2694,"Plan Width": 4,"Actual Startup Time": 0.688,"Actual Total Time": 969.927,"Actual Rows": 5852,"Actual Loops": 1,"Inner Unique": false,"Plans": [{"Node Type": "Seq Scan","Parent Relationship": "Outer","Parallel Aware": false,"Async Capable": false,"Relation Name": "part","Alias": "part","Startup Cost": 0.00,"Total Cost": 6597.00,"Plan Rows": 2020,"Plan Width": 4,"Actual Startup Time": 0.182,"Actual Total Time": 181.944,"Actual Rows": 2178,"Actual Loops": 1,"Filter": "((p_name)::text ~~ 'salmon%'::text)","Rows Removed by Filter": 197822},{"Node Type": "Index Scan","Parent Relationship": "Inner","Parallel Aware": false,"Async Capable": false,"Scan Direction": "Forward","Index Name": "idx_partsupp_partkey","Relation Name": "partsupp","Alias": "partsupp","Startup Cost": 0.42,"Total Cost": 40.36,"Plan Rows": 1,"Plan Width": 8,"Actual Startup Time": 0.153,"Actual Total Time": 0.361,"Actual Rows": 3,"Actual Loops": 2178,"Index Cond": "(ps_partkey = part.p_partkey)","Rows Removed by Index Recheck": 0,"Filter": "((ps_availqty)::numeric > (SubPlan 1))","Rows Removed by Filter": 1,"Plans": [{"Node Type": "Aggregate","Strategy": "Plain","Partial Mode": "Simple","Parent Relationship": "SubPlan","Subplan Name": "SubPlan 1","Parallel Aware": false,"Async Capable": false,"Startup Cost": 8.46,"Total Cost": 8.47,"Plan Rows": 1,"Plan Width": 32,"Actual Startup Time": 0.082,"Actual Total Time": 0.082,"Actual Rows": 1,"Actual Loops": 8712,"Plans": [{"Node Type": "Index Scan","Parent Relationship": "Outer","Parallel Aware": false,"Async Capable": false,"Scan Direction": "Forward","Index Name": "idx_lineitem_part_supp","Relation Name": "lineitem","Alias": "lineitem","Startup Cost": 0.43,"Total Cost": 8.46,"Plan Rows": 0,"Plan Width": 5,"Actual Startup Time": 0.050,"Actual Total Time": 0.081,"Actual Rows": 1,"Actual Loops": 8712,"Index Cond": "((l_partkey = partsupp.ps_partkey) AND (l_suppkey = partsupp.ps_suppkey))","Rows Removed by Index Recheck": 0,"Filter": "((l_shipdate >= '1993-01-01'::date) AND (l_shipdate < '1994-01-01 00:00:00'::timestamp without time zone))","Rows Removed by Filter": 6}]}]}]}]}]}]},"Planning Time": 6.257,"Triggers": [],"Execution Time": 979.307}]
[{"Plan": {"Node Type": "Sort","Parallel Aware": false,"Async Capable": false,"Startup Cost": 88442.96,"Total Cost": 88443.23,"Plan Rows": 108,"Plan Width": 51,"Actual Startup Time": 963.235,"Actual Total Time": 963.269,"Actual Rows": 157,"Actual Loops": 1,"Sort Key": ["supplier.s_name"],"Sort Method": "quicksort","Sort Space Used": 39,"Sort Space Type": "Memory","Plans": [{"Node Type": "Hash Join","Parent Relationship": "Outer","Parallel Aware": false,"Async Capable": false,"Join Type": "Semi","Startup Cost": 88199.59,"Total Cost": 88439.31,"Plan Rows": 108,"Plan Width": 51,"Actual Startup Time": 959.456,"Actual Total Time": 962.948,"Actual Rows": 157,"Actual Loops": 1,"Inner Unique": false,"Hash Cond": "(supplier.s_suppkey = partsupp.ps_suppkey)","Plans": [{"Node Type": "Nested Loop","Parent Relationship": "Outer","Parallel Aware": false,"Async Capable": false,"Join Type": "Inner","Startup Cost": 7.38,"Total Cost": 244.58,"Plan Rows": 400,"Plan Width": 55,"Actual Startup Time": 0.283,"Actual Total Time": 3.688,"Actual Rows": 362,"Actual Loops": 1,"Inner Unique": false,"Plans": [{"Node Type": "Seq Scan","Parent Relationship": "Outer","Parallel Aware": false,"Async Capable": false,"Relation Name": "nation","Alias": "nation","Startup Cost": 0.00,"Total Cost": 1.31,"Plan Rows": 1,"Plan Width": 4,"Actual Startup Time": 0.076,"Actual Total Time": 0.101,"Actual Rows": 1,"Actual Loops": 1,"Filter": "(n_name = 'JORDAN'::bpchar)","Rows Removed by Filter": 24},{"Node Type": "Bitmap Heap Scan","Parent Relationship": "Inner","Parallel Aware": false,"Async Capable": false,"Relation Name": "supplier","Alias": "supplier","Startup Cost": 7.38,"Total Cost": 239.27,"Plan Rows": 400,"Plan Width": 59,"Actual Startup Time": 0.203,"Actual Total Time": 3.532,"Actual Rows": 362,"Actual Loops": 1,"Recheck Cond": "(s_nationkey = nation.n_nationkey)","Rows Removed by Index Recheck": 0,"Exact Heap Blocks": 166,"Lossy Heap Blocks": 0,"Plans": [{"Node Type": "Bitmap Index Scan","Parent Relationship": "Outer","Parallel Aware": false,"Async Capable": false,"Index Name": "idx_supplier_nation_key","Startup Cost": 0.00,"Total Cost": 7.29,"Plan Rows": 400,"Plan Width": 0,"Actual Startup Time": 0.131,"Actual Total Time": 0.133,"Actual Rows": 362,"Actual Loops": 1,"Index Cond": "(s_nationkey = nation.n_nationkey)"}]}]},{"Node Type": "Hash","Parent Relationship": "Inner","Parallel Aware": false,"Async Capable": false,"Startup Cost": 88158.53,"Total Cost": 88158.53,"Plan Rows": 2694,"Plan Width": 4,"Actual Startup Time": 959.099,"Actual Total Time": 959.110,"Actual Rows": 5828,"Actual Loops": 1,"Hash Buckets": 8192,"Original Hash Buckets": 4096,"Hash Batches": 1,"Original Hash Batches": 1,"Peak Memory Usage": 269,"Plans": [{"Node Type": "Nested Loop","Parent Relationship": "Outer","Parallel Aware": false,"Async Capable": false,"Join Type": "Inner","Startup Cost": 0.42,"Total Cost": 88158.53,"Plan Rows": 2694,"Plan Width": 4,"Actual Startup Time": 0.849,"Actual Total Time": 954.895,"Actual Rows": 5828,"Actual Loops": 1,"Inner Unique": false,"Plans": [{"Node Type": "Seq Scan","Parent Relationship": "Outer","Parallel Aware": false,"Async Capable": false,"Relation Name": "part","Alias": "part","Startup Cost": 0.00,"Total Cost": 6597.00,"Plan Rows": 2020,"Plan Width": 4,"Actual Startup Time": 0.200,"Actual Total Time": 179.649,"Actual Rows": 2157,"Actual Loops": 1,"Filter": "((p_name)::text ~~ 'wheat%'::text)","Rows Removed by Filter": 197843},{"Node Type": "Index Scan","Parent Relationship": "Inner","Parallel Aware": false,"Async Capable": false,"Scan Direction": "Forward","Index Name": "idx_partsupp_partkey","Relation Name": "partsupp","Alias": "partsupp","Startup Cost": 0.42,"Total Cost": 40.36,"Plan Rows": 1,"Plan Width": 8,"Actual Startup Time": 0.151,"Actual Total Time": 0.359,"Actual Rows": 3,"Actual Loops": 2157,"Index Cond": "(ps_partkey = part.p_partkey)","Rows Removed by Index Recheck": 0,"Filter": "((ps_availqty)::numeric > (SubPlan 1))","Rows Removed by Filter": 1,"Plans": [{"Node Type": "Aggregate","Strategy": "Plain","Partial Mode": "Simple","Parent Relationship": "SubPlan","Subplan Name": "SubPlan 1","Parallel Aware": false,"Async Capable": false,"Startup Cost": 8.46,"Total Cost": 8.47,"Plan Rows": 1,"Plan Width": 32,"Actual Startup Time": 0.082,"Actual Total Time": 0.082,"Actual Rows": 1,"Actual Loops": 8628,"Plans": [{"Node Type": "Index Scan","Parent Relationship": "Outer","Parallel Aware": false,"Async Capable": false,"Scan Direction": "Forward","Index Name": "idx_lineitem_part_supp","Relation Name": "lineitem","Alias": "lineitem","Startup Cost": 0.43,"Total Cost": 8.46,"Plan Rows": 0,"Plan Width": 5,"Actual Startup Time": 0.050,"Actual Total Time": 0.081,"Actual Rows": 1,"Actual Loops": 8628,"Index Cond": "((l_partkey = partsupp.ps_partkey) AND (l_suppkey = partsupp.ps_suppkey))","Rows Removed by Index Recheck": 0,"Filter": "((l_shipdate >= '1993-01-01'::date) AND (l_shipdate < '1994-01-01 00:00:00'::timestamp without time zone))","Rows Removed by Filter": 6}]}]}]}]}]}]},"Planning Time": 6.348,"Triggers": [],"Execution Time": 963.561}]
[{"Plan": {"Node Type": "Sort","Parallel Aware": false,"Async Capable": false,"Startup Cost": 88442.96,"Total Cost": 88443.23,"Plan Rows": 108,"Plan Width": 51,"Actual Startup Time": 990.219,"Actual Total Time": 990.251,"Actual Rows": 187,"Actual Loops": 1,"Sort Key": ["supplier.s_name"],"Sort Method": "quicksort","Sort Space Used": 42,"Sort Space Type": "Memory","Plans": [{"Node Type": "Hash Join","Parent Relationship": "Outer","Parallel Aware": false,"Async Capable": false,"Join Type": "Semi","Startup Cost": 88199.59,"Total Cost": 88439.31,"Plan Rows": 108,"Plan Width": 51,"Actual Startup Time": 985.519,"Actual Total Time": 989.900,"Actual Rows": 187,"Actual Loops": 1,"Inner Unique": false,"Hash Cond": "(supplier.s_suppkey = partsupp.ps_suppkey)","Plans": [{"Node Type": "Nested Loop","Parent Relationship": "Outer","Parallel Aware": false,"Async Capable": false,"Join Type": "Inner","Startup Cost": 7.38,"Total Cost": 244.58,"Plan Rows": 400,"Plan Width": 55,"Actual Startup Time": 0.263,"Actual Total Time": 4.501,"Actual Rows": 407,"Actual Loops": 1,"Inner Unique": false,"Plans": [{"Node Type": "Seq Scan","Parent Relationship": "Outer","Parallel Aware": false,"Async Capable": false,"Relation Name": "nation","Alias": "nation","Startup Cost": 0.00,"Total Cost": 1.31,"Plan Rows": 1,"Plan Width": 4,"Actual Startup Time": 0.058,"Actual Total Time": 0.074,"Actual Rows": 1,"Actual Loops": 1,"Filter": "(n_name = 'CHINA'::bpchar)","Rows Removed by Filter": 24},{"Node Type": "Bitmap Heap Scan","Parent Relationship": "Inner","Parallel Aware": false,"Async Capable": false,"Relation Name": "supplier","Alias": "supplier","Startup Cost": 7.38,"Total Cost": 239.27,"Plan Rows": 400,"Plan Width": 59,"Actual Startup Time": 0.195,"Actual Total Time": 4.342,"Actual Rows": 407,"Actual Loops": 1,"Recheck Cond": "(s_nationkey = nation.n_nationkey)","Rows Removed by Index Recheck": 0,"Exact Heap Blocks": 186,"Lossy Heap Blocks": 0,"Plans": [{"Node Type": "Bitmap Index Scan","Parent Relationship": "Outer","Parallel Aware": false,"Async Capable": false,"Index Name": "idx_supplier_nation_key","Startup Cost": 0.00,"Total Cost": 7.29,"Plan Rows": 400,"Plan Width": 0,"Actual Startup Time": 0.133,"Actual Total Time": 0.136,"Actual Rows": 407,"Actual Loops": 1,"Index Cond": "(s_nationkey = nation.n_nationkey)"}]}]},{"Node Type": "Hash","Parent Relationship": "Inner","Parallel Aware": false,"Async Capable": false,"Startup Cost": 88158.53,"Total Cost": 88158.53,"Plan Rows": 2694,"Plan Width": 4,"Actual Startup Time": 985.201,"Actual Total Time": 985.210,"Actual Rows": 6032,"Actual Loops": 1,"Hash Buckets": 8192,"Original Hash Buckets": 4096,"Hash Batches": 1,"Original Hash Batches": 1,"Peak Memory Usage": 277,"Plans": [{"Node Type": "Nested Loop","Parent Relationship": "Outer","Parallel Aware": false,"Async Capable": false,"Join Type": "Inner","Startup Cost": 0.42,"Total Cost": 88158.53,"Plan Rows": 2694,"Plan Width": 4,"Actual Startup Time": 0.535,"Actual Total Time": 980.783,"Actual Rows": 6032,"Actual Loops": 1,"Inner Unique": false,"Plans": [{"Node Type": "Seq Scan","Parent Relationship": "Outer","Parallel Aware": false,"Async Capable": false,"Relation Name": "part","Alias": "part","Startup Cost": 0.00,"Total Cost": 6597.00,"Plan Rows": 2020,"Plan Width": 4,"Actual Startup Time": 0.225,"Actual Total Time": 180.652,"Actual Rows": 2238,"Actual Loops": 1,"Filter": "((p_name)::text ~~ 'white%'::text)","Rows Removed by Filter": 197762},{"Node Type": "Index Scan","Parent Relationship": "Inner","Parallel Aware": false,"Async Capable": false,"Scan Direction": "Forward","Index Name": "idx_partsupp_partkey","Relation Name": "partsupp","Alias": "partsupp","Startup Cost": 0.42,"Total Cost": 40.36,"Plan Rows": 1,"Plan Width": 8,"Actual Startup Time": 0.151,"Actual Total Time": 0.357,"Actual Rows": 3,"Actual Loops": 2238,"Index Cond": "(ps_partkey = part.p_partkey)","Rows Removed by Index Recheck": 0,"Filter": "((ps_availqty)::numeric > (SubPlan 1))","Rows Removed by Filter": 1,"Plans": [{"Node Type": "Aggregate","Strategy": "Plain","Partial Mode": "Simple","Parent Relationship": "SubPlan","Subplan Name": "SubPlan 1","Parallel Aware": false,"Async Capable": false,"Startup Cost": 8.46,"Total Cost": 8.47,"Plan Rows": 1,"Plan Width": 32,"Actual Startup Time": 0.081,"Actual Total Time": 0.081,"Actual Rows": 1,"Actual Loops": 8952,"Plans": [{"Node Type": "Index Scan","Parent Relationship": "Outer","Parallel Aware": false,"Async Capable": false,"Scan Direction": "Forward","Index Name": "idx_lineitem_part_supp","Relation Name": "lineitem","Alias": "lineitem","Startup Cost": 0.43,"Total Cost": 8.46,"Plan Rows": 0,"Plan Width": 5,"Actual Startup Time": 0.049,"Actual Total Time": 0.080,"Actual Rows": 1,"Actual Loops": 8952,"Index Cond": "((l_partkey = partsupp.ps_partkey) AND (l_suppkey = partsupp.ps_suppkey))","Rows Removed by Index Recheck": 0,"Filter": "((l_shipdate >= '1997-01-01'::date) AND (l_shipdate < '1998-01-01 00:00:00'::timestamp without time zone))","Rows Removed by Filter": 6}]}]}]}]}]}]},"Planning Time": 6.198,"Triggers": [],"Execution Time": 990.486}]
[{"Plan": {"Node Type": "Sort","Parallel Aware": false,"Async Capable": false,"Startup Cost": 88442.96,"Total Cost": 88443.23,"Plan Rows": 108,"Plan Width": 51,"Actual Startup Time": 897.196,"Actual Total Time": 897.240,"Actual Rows": 189,"Actual Loops": 1,"Sort Key": ["supplier.s_name"],"Sort Method": "quicksort","Sort Space Used": 42,"Sort Space Type": "Memory","Plans": [{"Node Type": "Hash Join","Parent Relationship": "Outer","Parallel Aware": false,"Async Capable": false,"Join Type": "Semi","Startup Cost": 88199.59,"Total Cost": 88439.31,"Plan Rows": 108,"Plan Width": 51,"Actual Startup Time": 893.049,"Actual Total Time": 896.880,"Actual Rows": 189,"Actual Loops": 1,"Inner Unique": false,"Hash Cond": "(supplier.s_suppkey = partsupp.ps_suppkey)","Plans": [{"Node Type": "Nested Loop","Parent Relationship": "Outer","Parallel Aware": false,"Async Capable": false,"Join Type": "Inner","Startup Cost": 7.38,"Total Cost": 244.58,"Plan Rows": 400,"Plan Width": 55,"Actual Startup Time": 0.234,"Actual Total Time": 3.979,"Actual Rows": 402,"Actual Loops": 1,"Inner Unique": false,"Plans": [{"Node Type": "Seq Scan","Parent Relationship": "Outer","Parallel Aware": false,"Async Capable": false,"Relation Name": "nation","Alias": "nation","Startup Cost": 0.00,"Total Cost": 1.31,"Plan Rows": 1,"Plan Width": 4,"Actual Startup Time": 0.066,"Actual Total Time": 0.092,"Actual Rows": 1,"Actual Loops": 1,"Filter": "(n_name = 'FRANCE'::bpchar)","Rows Removed by Filter": 24},{"Node Type": "Bitmap Heap Scan","Parent Relationship": "Inner","Parallel Aware": false,"Async Capable": false,"Relation Name": "supplier","Alias": "supplier","Startup Cost": 7.38,"Total Cost": 239.27,"Plan Rows": 400,"Plan Width": 59,"Actual Startup Time": 0.163,"Actual Total Time": 3.820,"Actual Rows": 402,"Actual Loops": 1,"Recheck Cond": "(s_nationkey = nation.n_nationkey)","Rows Removed by Index Recheck": 0,"Exact Heap Blocks": 184,"Lossy Heap Blocks": 0,"Plans": [{"Node Type": "Bitmap Index Scan","Parent Relationship": "Outer","Parallel Aware": false,"Async Capable": false,"Index Name": "idx_supplier_nation_key","Startup Cost": 0.00,"Total Cost": 7.29,"Plan Rows": 400,"Plan Width": 0,"Actual Startup Time": 0.099,"Actual Total Time": 0.107,"Actual Rows": 402,"Actual Loops": 1,"Index Cond": "(s_nationkey = nation.n_nationkey)"}]}]},{"Node Type": "Hash","Parent Relationship": "Inner","Parallel Aware": false,"Async Capable": false,"Startup Cost": 88158.53,"Total Cost": 88158.53,"Plan Rows": 2694,"Plan Width": 4,"Actual Startup Time": 892.752,"Actual Total Time": 892.762,"Actual Rows": 5955,"Actual Loops": 1,"Hash Buckets": 8192,"Original Hash Buckets": 4096,"Hash Batches": 1,"Original Hash Batches": 1,"Peak Memory Usage": 274,"Plans": [{"Node Type": "Nested Loop","Parent Relationship": "Outer","Parallel Aware": false,"Async Capable": false,"Join Type": "Inner","Startup Cost": 0.42,"Total Cost": 88158.53,"Plan Rows": 2694,"Plan Width": 4,"Actual Startup Time": 0.520,"Actual Total Time": 888.635,"Actual Rows": 5955,"Actual Loops": 1,"Inner Unique": false,"Plans": [{"Node Type": "Seq Scan","Parent Relationship": "Outer","Parallel Aware": false,"Async Capable": false,"Relation Name": "part","Alias": "part","Startup Cost": 0.00,"Total Cost": 6597.00,"Plan Rows": 2020,"Plan Width": 4,"Actual Startup Time": 0.164,"Actual Total Time": 195.943,"Actual Rows": 2180,"Actual Loops": 1,"Filter": "((p_name)::text ~~ 'gainsboro%'::text)","Rows Removed by Filter": 197820},{"Node Type": "Index Scan","Parent Relationship": "Inner","Parallel Aware": false,"Async Capable": false,"Scan Direction": "Forward","Index Name": "idx_partsupp_partkey","Relation Name": "partsupp","Alias": "partsupp","Startup Cost": 0.42,"Total Cost": 40.36,"Plan Rows": 1,"Plan Width": 8,"Actual Startup Time": 0.133,"Actual Total Time": 0.317,"Actual Rows": 3,"Actual Loops": 2180,"Index Cond": "(ps_partkey = part.p_partkey)","Rows Removed by Index Recheck": 0,"Filter": "((ps_availqty)::numeric > (SubPlan 1))","Rows Removed by Filter": 1,"Plans": [{"Node Type": "Aggregate","Strategy": "Plain","Partial Mode": "Simple","Parent Relationship": "SubPlan","Subplan Name": "SubPlan 1","Parallel Aware": false,"Async Capable": false,"Startup Cost": 8.46,"Total Cost": 8.47,"Plan Rows": 1,"Plan Width": 32,"Actual Startup Time": 0.071,"Actual Total Time": 0.071,"Actual Rows": 1,"Actual Loops": 8720,"Plans": [{"Node Type": "Index Scan","Parent Relationship": "Outer","Parallel Aware": false,"Async Capable": false,"Scan Direction": "Forward","Index Name": "idx_lineitem_part_supp","Relation Name": "lineitem","Alias": "lineitem","Startup Cost": 0.43,"Total Cost": 8.46,"Plan Rows": 0,"Plan Width": 5,"Actual Startup Time": 0.043,"Actual Total Time": 0.070,"Actual Rows": 1,"Actual Loops": 8720,"Index Cond": "((l_partkey = partsupp.ps_partkey) AND (l_suppkey = partsupp.ps_suppkey))","Rows Removed by Index Recheck": 0,"Filter": "((l_shipdate >= '1997-01-01'::date) AND (l_shipdate < '1998-01-01 00:00:00'::timestamp without time zone))","Rows Removed by Filter": 6}]}]}]}]}]}]},"Planning Time": 6.049,"Triggers": [],"Execution Time": 897.497}]
[{"Plan": {"Node Type": "Sort","Parallel Aware": false,"Async Capable": false,"Startup Cost": 88442.96,"Total Cost": 88443.23,"Plan Rows": 108,"Plan Width": 51,"Actual Startup Time": 903.455,"Actual Total Time": 903.494,"Actual Rows": 172,"Actual Loops": 1,"Sort Key": ["supplier.s_name"],"Sort Method": "quicksort","Sort Space Used": 41,"Sort Space Type": "Memory","Plans": [{"Node Type": "Hash Join","Parent Relationship": "Outer","Parallel Aware": false,"Async Capable": false,"Join Type": "Semi","Startup Cost": 88199.59,"Total Cost": 88439.31,"Plan Rows": 108,"Plan Width": 51,"Actual Startup Time": 899.020,"Actual Total Time": 902.971,"Actual Rows": 172,"Actual Loops": 1,"Inner Unique": false,"Hash Cond": "(supplier.s_suppkey = partsupp.ps_suppkey)","Plans": [{"Node Type": "Nested Loop","Parent Relationship": "Outer","Parallel Aware": false,"Async Capable": false,"Join Type": "Inner","Startup Cost": 7.38,"Total Cost": 244.58,"Plan Rows": 400,"Plan Width": 55,"Actual Startup Time": 0.278,"Actual Total Time": 4.119,"Actual Rows": 401,"Actual Loops": 1,"Inner Unique": false,"Plans": [{"Node Type": "Seq Scan","Parent Relationship": "Outer","Parallel Aware": false,"Async Capable": false,"Relation Name": "nation","Alias": "nation","Startup Cost": 0.00,"Total Cost": 1.31,"Plan Rows": 1,"Plan Width": 4,"Actual Startup Time": 0.070,"Actual Total Time": 0.083,"Actual Rows": 1,"Actual Loops": 1,"Filter": "(n_name = 'RUSSIA'::bpchar)","Rows Removed by Filter": 24},{"Node Type": "Bitmap Heap Scan","Parent Relationship": "Inner","Parallel Aware": false,"Async Capable": false,"Relation Name": "supplier","Alias": "supplier","Startup Cost": 7.38,"Total Cost": 239.27,"Plan Rows": 400,"Plan Width": 59,"Actual Startup Time": 0.197,"Actual Total Time": 3.963,"Actual Rows": 401,"Actual Loops": 1,"Recheck Cond": "(s_nationkey = nation.n_nationkey)","Rows Removed by Index Recheck": 0,"Exact Heap Blocks": 180,"Lossy Heap Blocks": 0,"Plans": [{"Node Type": "Bitmap Index Scan","Parent Relationship": "Outer","Parallel Aware": false,"Async Capable": false,"Index Name": "idx_supplier_nation_key","Startup Cost": 0.00,"Total Cost": 7.29,"Plan Rows": 400,"Plan Width": 0,"Actual Startup Time": 0.124,"Actual Total Time": 0.128,"Actual Rows": 401,"Actual Loops": 1,"Index Cond": "(s_nationkey = nation.n_nationkey)"}]}]},{"Node Type": "Hash","Parent Relationship": "Inner","Parallel Aware": false,"Async Capable": false,"Startup Cost": 88158.53,"Total Cost": 88158.53,"Plan Rows": 2694,"Plan Width": 4,"Actual Startup Time": 898.657,"Actual Total Time": 898.671,"Actual Rows": 5856,"Actual Loops": 1,"Hash Buckets": 8192,"Original Hash Buckets": 4096,"Hash Batches": 1,"Original Hash Batches": 1,"Peak Memory Usage": 270,"Plans": [{"Node Type": "Nested Loop","Parent Relationship": "Outer","Parallel Aware": false,"Async Capable": false,"Join Type": "Inner","Startup Cost": 0.42,"Total Cost": 88158.53,"Plan Rows": 2694,"Plan Width": 4,"Actual Startup Time": 0.483,"Actual Total Time": 893.753,"Actual Rows": 5856,"Actual Loops": 1,"Inner Unique": false,"Plans": [{"Node Type": "Seq Scan","Parent Relationship": "Outer","Parallel Aware": false,"Async Capable": false,"Relation Name": "part","Alias": "part","Startup Cost": 0.00,"Total Cost": 6597.00,"Plan Rows": 2020,"Plan Width": 4,"Actual Startup Time": 0.052,"Actual Total Time": 197.387,"Actual Rows": 2169,"Actual Loops": 1,"Filter": "((p_name)::text ~~ 'misty%'::text)","Rows Removed by Filter": 197831},{"Node Type": "Index Scan","Parent Relationship": "Inner","Parallel Aware": false,"Async Capable": false,"Scan Direction": "Forward","Index Name": "idx_partsupp_partkey","Relation Name": "partsupp","Alias": "partsupp","Startup Cost": 0.42,"Total Cost": 40.36,"Plan Rows": 1,"Plan Width": 8,"Actual Startup Time": 0.136,"Actual Total Time": 0.321,"Actual Rows": 3,"Actual Loops": 2169,"Index Cond": "(ps_partkey = part.p_partkey)","Rows Removed by Index Recheck": 0,"Filter": "((ps_availqty)::numeric > (SubPlan 1))","Rows Removed by Filter": 1,"Plans": [{"Node Type": "Aggregate","Strategy": "Plain","Partial Mode": "Simple","Parent Relationship": "SubPlan","Subplan Name": "SubPlan 1","Parallel Aware": false,"Async Capable": false,"Startup Cost": 8.46,"Total Cost": 8.47,"Plan Rows": 1,"Plan Width": 32,"Actual Startup Time": 0.072,"Actual Total Time": 0.072,"Actual Rows": 1,"Actual Loops": 8676,"Plans": [{"Node Type": "Index Scan","Parent Relationship": "Outer","Parallel Aware": false,"Async Capable": false,"Scan Direction": "Forward","Index Name": "idx_lineitem_part_supp","Relation Name": "lineitem","Alias": "lineitem","Startup Cost": 0.43,"Total Cost": 8.46,"Plan Rows": 0,"Plan Width": 5,"Actual Startup Time": 0.044,"Actual Total Time": 0.071,"Actual Rows": 1,"Actual Loops": 8676,"Index Cond": "((l_partkey = partsupp.ps_partkey) AND (l_suppkey = partsupp.ps_suppkey))","Rows Removed by Index Recheck": 0,"Filter": "((l_shipdate >= '1993-01-01'::date) AND (l_shipdate < '1994-01-01 00:00:00'::timestamp without time zone))","Rows Removed by Filter": 6}]}]}]}]}]}]},"Planning Time": 6.701,"Triggers": [],"Execution Time": 903.714}]
[{"Plan": {"Node Type": "Sort","Parallel Aware": false,"Async Capable": false,"Startup Cost": 88442.96,"Total Cost": 88443.23,"Plan Rows": 108,"Plan Width": 51,"Actual Startup Time": 920.098,"Actual Total Time": 920.138,"Actual Rows": 197,"Actual Loops": 1,"Sort Key": ["supplier.s_name"],"Sort Method": "quicksort","Sort Space Used": 43,"Sort Space Type": "Memory","Plans": [{"Node Type": "Hash Join","Parent Relationship": "Outer","Parallel Aware": false,"Async Capable": false,"Join Type": "Semi","Startup Cost": 88199.59,"Total Cost": 88439.31,"Plan Rows": 108,"Plan Width": 51,"Actual Startup Time": 915.675,"Actual Total Time": 919.734,"Actual Rows": 197,"Actual Loops": 1,"Inner Unique": false,"Hash Cond": "(supplier.s_suppkey = partsupp.ps_suppkey)","Plans": [{"Node Type": "Nested Loop","Parent Relationship": "Outer","Parallel Aware": false,"Async Capable": false,"Join Type": "Inner","Startup Cost": 7.38,"Total Cost": 244.58,"Plan Rows": 400,"Plan Width": 55,"Actual Startup Time": 0.247,"Actual Total Time": 4.210,"Actual Rows": 412,"Actual Loops": 1,"Inner Unique": false,"Plans": [{"Node Type": "Seq Scan","Parent Relationship": "Outer","Parallel Aware": false,"Async Capable": false,"Relation Name": "nation","Alias": "nation","Startup Cost": 0.00,"Total Cost": 1.31,"Plan Rows": 1,"Plan Width": 4,"Actual Startup Time": 0.064,"Actual Total Time": 0.083,"Actual Rows": 1,"Actual Loops": 1,"Filter": "(n_name = 'CANADA'::bpchar)","Rows Removed by Filter": 24},{"Node Type": "Bitmap Heap Scan","Parent Relationship": "Inner","Parallel Aware": false,"Async Capable": false,"Relation Name": "supplier","Alias": "supplier","Startup Cost": 7.38,"Total Cost": 239.27,"Plan Rows": 400,"Plan Width": 59,"Actual Startup Time": 0.179,"Actual Total Time": 4.048,"Actual Rows": 412,"Actual Loops": 1,"Recheck Cond": "(s_nationkey = nation.n_nationkey)","Rows Removed by Index Recheck": 0,"Exact Heap Blocks": 189,"Lossy Heap Blocks": 0,"Plans": [{"Node Type": "Bitmap Index Scan","Parent Relationship": "Outer","Parallel Aware": false,"Async Capable": false,"Index Name": "idx_supplier_nation_key","Startup Cost": 0.00,"Total Cost": 7.29,"Plan Rows": 400,"Plan Width": 0,"Actual Startup Time": 0.108,"Actual Total Time": 0.113,"Actual Rows": 412,"Actual Loops": 1,"Index Cond": "(s_nationkey = nation.n_nationkey)"}]}]},{"Node Type": "Hash","Parent Relationship": "Inner","Parallel Aware": false,"Async Capable": false,"Startup Cost": 88158.53,"Total Cost": 88158.53,"Plan Rows": 2694,"Plan Width": 4,"Actual Startup Time": 915.372,"Actual Total Time": 915.383,"Actual Rows": 5978,"Actual Loops": 1,"Hash Buckets": 8192,"Original Hash Buckets": 4096,"Hash Batches": 1,"Original Hash Batches": 1,"Peak Memory Usage": 275,"Plans": [{"Node Type": "Nested Loop","Parent Relationship": "Outer","Parallel Aware": false,"Async Capable": false,"Join Type": "Inner","Startup Cost": 0.42,"Total Cost": 88158.53,"Plan Rows": 2694,"Plan Width": 4,"Actual Startup Time": 0.805,"Actual Total Time": 910.563,"Actual Rows": 5978,"Actual Loops": 1,"Inner Unique": false,"Plans": [{"Node Type": "Seq Scan","Parent Relationship": "Outer","Parallel Aware": false,"Async Capable": false,"Relation Name": "part","Alias": "part","Startup Cost": 0.00,"Total Cost": 6597.00,"Plan Rows": 2020,"Plan Width": 4,"Actual Startup Time": 0.219,"Actual Total Time": 201.235,"Actual Rows": 2202,"Actual Loops": 1,"Filter": "((p_name)::text ~~ 'magenta%'::text)","Rows Removed by Filter": 197798},{"Node Type": "Index Scan","Parent Relationship": "Inner","Parallel Aware": false,"Async Capable": false,"Scan Direction": "Forward","Index Name": "idx_partsupp_partkey","Relation Name": "partsupp","Alias": "partsupp","Startup Cost": 0.42,"Total Cost": 40.36,"Plan Rows": 1,"Plan Width": 8,"Actual Startup Time": 0.135,"Actual Total Time": 0.322,"Actual Rows": 3,"Actual Loops": 2202,"Index Cond": "(ps_partkey = part.p_partkey)","Rows Removed by Index Recheck": 0,"Filter": "((ps_availqty)::numeric > (SubPlan 1))","Rows Removed by Filter": 1,"Plans": [{"Node Type": "Aggregate","Strategy": "Plain","Partial Mode": "Simple","Parent Relationship": "SubPlan","Subplan Name": "SubPlan 1","Parallel Aware": false,"Async Capable": false,"Startup Cost": 8.46,"Total Cost": 8.47,"Plan Rows": 1,"Plan Width": 32,"Actual Startup Time": 0.072,"Actual Total Time": 0.072,"Actual Rows": 1,"Actual Loops": 8808,"Plans": [{"Node Type": "Index Scan","Parent Relationship": "Outer","Parallel Aware": false,"Async Capable": false,"Scan Direction": "Forward","Index Name": "idx_lineitem_part_supp","Relation Name": "lineitem","Alias": "lineitem","Startup Cost": 0.43,"Total Cost": 8.46,"Plan Rows": 0,"Plan Width": 5,"Actual Startup Time": 0.044,"Actual Total Time": 0.071,"Actual Rows": 1,"Actual Loops": 8808,"Index Cond": "((l_partkey = partsupp.ps_partkey) AND (l_suppkey = partsupp.ps_suppkey))","Rows Removed by Index Recheck": 0,"Filter": "((l_shipdate >= '1993-01-01'::date) AND (l_shipdate < '1994-01-01 00:00:00'::timestamp without time zone))","Rows Removed by Filter": 6}]}]}]}]}]}]},"Planning Time": 6.781,"Triggers": [],"Execution Time": 920.412}]
[{"Plan": {"Node Type": "Sort","Parallel Aware": false,"Async Capable": false,"Startup Cost": 88442.96,"Total Cost": 88443.23,"Plan Rows": 108,"Plan Width": 51,"Actual Startup Time": 928.447,"Actual Total Time": 928.480,"Actual Rows": 147,"Actual Loops": 1,"Sort Key": ["supplier.s_name"],"Sort Method": "quicksort","Sort Space Used": 38,"Sort Space Type": "Memory","Plans": [{"Node Type": "Hash Join","Parent Relationship": "Outer","Parallel Aware": false,"Async Capable": false,"Join Type": "Semi","Startup Cost": 88199.59,"Total Cost": 88439.31,"Plan Rows": 108,"Plan Width": 51,"Actual Startup Time": 924.440,"Actual Total Time": 928.164,"Actual Rows": 147,"Actual Loops": 1,"Inner Unique": false,"Hash Cond": "(supplier.s_suppkey = partsupp.ps_suppkey)","Plans": [{"Node Type": "Nested Loop","Parent Relationship": "Outer","Parallel Aware": false,"Async Capable": false,"Join Type": "Inner","Startup Cost": 7.38,"Total Cost": 244.58,"Plan Rows": 400,"Plan Width": 55,"Actual Startup Time": 0.290,"Actual Total Time": 3.904,"Actual Rows": 362,"Actual Loops": 1,"Inner Unique": false,"Plans": [{"Node Type": "Seq Scan","Parent Relationship": "Outer","Parallel Aware": false,"Async Capable": false,"Relation Name": "nation","Alias": "nation","Startup Cost": 0.00,"Total Cost": 1.31,"Plan Rows": 1,"Plan Width": 4,"Actual Startup Time": 0.061,"Actual Total Time": 0.086,"Actual Rows": 1,"Actual Loops": 1,"Filter": "(n_name = 'JORDAN'::bpchar)","Rows Removed by Filter": 24},{"Node Type": "Bitmap Heap Scan","Parent Relationship": "Inner","Parallel Aware": false,"Async Capable": false,"Relation Name": "supplier","Alias": "supplier","Startup Cost": 7.38,"Total Cost": 239.27,"Plan Rows": 400,"Plan Width": 59,"Actual Startup Time": 0.216,"Actual Total Time": 3.742,"Actual Rows": 362,"Actual Loops": 1,"Recheck Cond": "(s_nationkey = nation.n_nationkey)","Rows Removed by Index Recheck": 0,"Exact Heap Blocks": 166,"Lossy Heap Blocks": 0,"Plans": [{"Node Type": "Bitmap Index Scan","Parent Relationship": "Outer","Parallel Aware": false,"Async Capable": false,"Index Name": "idx_supplier_nation_key","Startup Cost": 0.00,"Total Cost": 7.29,"Plan Rows": 400,"Plan Width": 0,"Actual Startup Time": 0.123,"Actual Total Time": 0.127,"Actual Rows": 362,"Actual Loops": 1,"Index Cond": "(s_nationkey = nation.n_nationkey)"}]}]},{"Node Type": "Hash","Parent Relationship": "Inner","Parallel Aware": false,"Async Capable": false,"Startup Cost": 88158.53,"Total Cost": 88158.53,"Plan Rows": 2694,"Plan Width": 4,"Actual Startup Time": 924.082,"Actual Total Time": 924.090,"Actual Rows": 5453,"Actual Loops": 1,"Hash Buckets": 8192,"Original Hash Buckets": 4096,"Hash Batches": 1,"Original Hash Batches": 1,"Peak Memory Usage": 256,"Plans": [{"Node Type": "Nested Loop","Parent Relationship": "Outer","Parallel Aware": false,"Async Capable": false,"Join Type": "Inner","Startup Cost": 0.42,"Total Cost": 88158.53,"Plan Rows": 2694,"Plan Width": 4,"Actual Startup Time": 0.846,"Actual Total Time": 919.824,"Actual Rows": 5453,"Actual Loops": 1,"Inner Unique": false,"Plans": [{"Node Type": "Seq Scan","Parent Relationship": "Outer","Parallel Aware": false,"Async Capable": false,"Relation Name": "part","Alias": "part","Startup Cost": 0.00,"Total Cost": 6597.00,"Plan Rows": 2020,"Plan Width": 4,"Actual Startup Time": 0.060,"Actual Total Time": 179.240,"Actual Rows": 2038,"Actual Loops": 1,"Filter": "((p_name)::text ~~ 'ivory%'::text)","Rows Removed by Filter": 197962},{"Node Type": "Index Scan","Parent Relationship": "Inner","Parallel Aware": false,"Async Capable": false,"Scan Direction": "Forward","Index Name": "idx_partsupp_partkey","Relation Name": "partsupp","Alias": "partsupp","Startup Cost": 0.42,"Total Cost": 40.36,"Plan Rows": 1,"Plan Width": 8,"Actual Startup Time": 0.154,"Actual Total Time": 0.363,"Actual Rows": 3,"Actual Loops": 2038,"Index Cond": "(ps_partkey = part.p_partkey)","Rows Removed by Index Recheck": 0,"Filter": "((ps_availqty)::numeric > (SubPlan 1))","Rows Removed by Filter": 1,"Plans": [{"Node Type": "Aggregate","Strategy": "Plain","Partial Mode": "Simple","Parent Relationship": "SubPlan","Subplan Name": "SubPlan 1","Parallel Aware": false,"Async Capable": false,"Startup Cost": 8.46,"Total Cost": 8.47,"Plan Rows": 1,"Plan Width": 32,"Actual Startup Time": 0.082,"Actual Total Time": 0.082,"Actual Rows": 1,"Actual Loops": 8152,"Plans": [{"Node Type": "Index Scan","Parent Relationship": "Outer","Parallel Aware": false,"Async Capable": false,"Scan Direction": "Forward","Index Name": "idx_lineitem_part_supp","Relation Name": "lineitem","Alias": "lineitem","Startup Cost": 0.43,"Total Cost": 8.46,"Plan Rows": 0,"Plan Width": 5,"Actual Startup Time": 0.051,"Actual Total Time": 0.082,"Actual Rows": 1,"Actual Loops": 8152,"Index Cond": "((l_partkey = partsupp.ps_partkey) AND (l_suppkey = partsupp.ps_suppkey))","Rows Removed by Index Recheck": 0,"Filter": "((l_shipdate >= '1993-01-01'::date) AND (l_shipdate < '1994-01-01 00:00:00'::timestamp without time zone))","Rows Removed by Filter": 6}]}]}]}]}]}]},"Planning Time": 6.120,"Triggers": [],"Execution Time": 928.749}]
[{"Plan": {"Node Type": "Sort","Parallel Aware": false,"Async Capable": false,"Startup Cost": 88442.96,"Total Cost": 88443.23,"Plan Rows": 108,"Plan Width": 51,"Actual Startup Time": 900.459,"Actual Total Time": 900.500,"Actual Rows": 180,"Actual Loops": 1,"Sort Key": ["supplier.s_name"],"Sort Method": "quicksort","Sort Space Used": 41,"Sort Space Type": "Memory","Plans": [{"Node Type": "Hash Join","Parent Relationship": "Outer","Parallel Aware": false,"Async Capable": false,"Join Type": "Semi","Startup Cost": 88199.59,"Total Cost": 88439.31,"Plan Rows": 108,"Plan Width": 51,"Actual Startup Time": 895.902,"Actual Total Time": 900.129,"Actual Rows": 180,"Actual Loops": 1,"Inner Unique": false,"Hash Cond": "(supplier.s_suppkey = partsupp.ps_suppkey)","Plans": [{"Node Type": "Nested Loop","Parent Relationship": "Outer","Parallel Aware": false,"Async Capable": false,"Join Type": "Inner","Startup Cost": 7.38,"Total Cost": 244.58,"Plan Rows": 400,"Plan Width": 55,"Actual Startup Time": 0.260,"Actual Total Time": 4.437,"Actual Rows": 405,"Actual Loops": 1,"Inner Unique": false,"Plans": [{"Node Type": "Seq Scan","Parent Relationship": "Outer","Parallel Aware": false,"Async Capable": false,"Relation Name": "nation","Alias": "nation","Startup Cost": 0.00,"Total Cost": 1.31,"Plan Rows": 1,"Plan Width": 4,"Actual Startup Time": 0.069,"Actual Total Time": 0.108,"Actual Rows": 1,"Actual Loops": 1,"Filter": "(n_name = 'INDONESIA'::bpchar)","Rows Removed by Filter": 24},{"Node Type": "Bitmap Heap Scan","Parent Relationship": "Inner","Parallel Aware": false,"Async Capable": false,"Relation Name": "supplier","Alias": "supplier","Startup Cost": 7.38,"Total Cost": 239.27,"Plan Rows": 400,"Plan Width": 59,"Actual Startup Time": 0.188,"Actual Total Time": 4.264,"Actual Rows": 405,"Actual Loops": 1,"Recheck Cond": "(s_nationkey = nation.n_nationkey)","Rows Removed by Index Recheck": 0,"Exact Heap Blocks": 192,"Lossy Heap Blocks": 0,"Plans": [{"Node Type": "Bitmap Index Scan","Parent Relationship": "Outer","Parallel Aware": false,"Async Capable": false,"Index Name": "idx_supplier_nation_key","Startup Cost": 0.00,"Total Cost": 7.29,"Plan Rows": 400,"Plan Width": 0,"Actual Startup Time": 0.118,"Actual Total Time": 0.122,"Actual Rows": 405,"Actual Loops": 1,"Index Cond": "(s_nationkey = nation.n_nationkey)"}]}]},{"Node Type": "Hash","Parent Relationship": "Inner","Parallel Aware": false,"Async Capable": false,"Startup Cost": 88158.53,"Total Cost": 88158.53,"Plan Rows": 2694,"Plan Width": 4,"Actual Startup Time": 895.532,"Actual Total Time": 895.543,"Actual Rows": 5892,"Actual Loops": 1,"Hash Buckets": 8192,"Original Hash Buckets": 4096,"Hash Batches": 1,"Original Hash Batches": 1,"Peak Memory Usage": 272,"Plans": [{"Node Type": "Nested Loop","Parent Relationship": "Outer","Parallel Aware": false,"Async Capable": false,"Join Type": "Inner","Startup Cost": 0.42,"Total Cost": 88158.53,"Plan Rows": 2694,"Plan Width": 4,"Actual Startup Time": 0.746,"Actual Total Time": 890.993,"Actual Rows": 5892,"Actual Loops": 1,"Inner Unique": false,"Plans": [{"Node Type": "Seq Scan","Parent Relationship": "Outer","Parallel Aware": false,"Async Capable": false,"Relation Name": "part","Alias": "part","Startup Cost": 0.00,"Total Cost": 6597.00,"Plan Rows": 2020,"Plan Width": 4,"Actual Startup Time": 0.151,"Actual Total Time": 196.093,"Actual Rows": 2186,"Actual Loops": 1,"Filter": "((p_name)::text ~~ 'pale%'::text)","Rows Removed by Filter": 197814},{"Node Type": "Index Scan","Parent Relationship": "Inner","Parallel Aware": false,"Async Capable": false,"Scan Direction": "Forward","Index Name": "idx_partsupp_partkey","Relation Name": "partsupp","Alias": "partsupp","Startup Cost": 0.42,"Total Cost": 40.36,"Plan Rows": 1,"Plan Width": 8,"Actual Startup Time": 0.135,"Actual Total Time": 0.317,"Actual Rows": 3,"Actual Loops": 2186,"Index Cond": "(ps_partkey = part.p_partkey)","Rows Removed by Index Recheck": 0,"Filter": "((ps_availqty)::numeric > (SubPlan 1))","Rows Removed by Filter": 1,"Plans": [{"Node Type": "Aggregate","Strategy": "Plain","Partial Mode": "Simple","Parent Relationship": "SubPlan","Subplan Name": "SubPlan 1","Parallel Aware": false,"Async Capable": false,"Startup Cost": 8.46,"Total Cost": 8.47,"Plan Rows": 1,"Plan Width": 32,"Actual Startup Time": 0.071,"Actual Total Time": 0.071,"Actual Rows": 1,"Actual Loops": 8744,"Plans": [{"Node Type": "Index Scan","Parent Relationship": "Outer","Parallel Aware": false,"Async Capable": false,"Scan Direction": "Forward","Index Name": "idx_lineitem_part_supp","Relation Name": "lineitem","Alias": "lineitem","Startup Cost": 0.43,"Total Cost": 8.46,"Plan Rows": 0,"Plan Width": 5,"Actual Startup Time": 0.044,"Actual Total Time": 0.070,"Actual Rows": 1,"Actual Loops": 8744,"Index Cond": "((l_partkey = partsupp.ps_partkey) AND (l_suppkey = partsupp.ps_suppkey))","Rows Removed by Index Recheck": 0,"Filter": "((l_shipdate >= '1996-01-01'::date) AND (l_shipdate < '1997-01-01 00:00:00'::timestamp without time zone))","Rows Removed by Filter": 6}]}]}]}]}]}]},"Planning Time": 5.897,"Triggers": [],"Execution Time": 900.766}]
[{"Plan": {"Node Type": "Sort","Parallel Aware": false,"Async Capable": false,"Startup Cost": 88442.96,"Total Cost": 88443.23,"Plan Rows": 108,"Plan Width": 51,"Actual Startup Time": 972.273,"Actual Total Time": 972.307,"Actual Rows": 143,"Actual Loops": 1,"Sort Key": ["supplier.s_name"],"Sort Method": "quicksort","Sort Space Used": 38,"Sort Space Type": "Memory","Plans": [{"Node Type": "Hash Join","Parent Relationship": "Outer","Parallel Aware": false,"Async Capable": false,"Join Type": "Semi","Startup Cost": 88199.59,"Total Cost": 88439.31,"Plan Rows": 108,"Plan Width": 51,"Actual Startup Time": 967.713,"Actual Total Time": 971.855,"Actual Rows": 143,"Actual Loops": 1,"Inner Unique": false,"Hash Cond": "(supplier.s_suppkey = partsupp.ps_suppkey)","Plans": [{"Node Type": "Nested Loop","Parent Relationship": "Outer","Parallel Aware": false,"Async Capable": false,"Join Type": "Inner","Startup Cost": 7.38,"Total Cost": 244.58,"Plan Rows": 400,"Plan Width": 55,"Actual Startup Time": 0.289,"Actual Total Time": 4.357,"Actual Rows": 380,"Actual Loops": 1,"Inner Unique": false,"Plans": [{"Node Type": "Seq Scan","Parent Relationship": "Outer","Parallel Aware": false,"Async Capable": false,"Relation Name": "nation","Alias": "nation","Startup Cost": 0.00,"Total Cost": 1.31,"Plan Rows": 1,"Plan Width": 4,"Actual Startup Time": 0.077,"Actual Total Time": 0.097,"Actual Rows": 1,"Actual Loops": 1,"Filter": "(n_name = 'ETHIOPIA'::bpchar)","Rows Removed by Filter": 24},{"Node Type": "Bitmap Heap Scan","Parent Relationship": "Inner","Parallel Aware": false,"Async Capable": false,"Relation Name": "supplier","Alias": "supplier","Startup Cost": 7.38,"Total Cost": 239.27,"Plan Rows": 400,"Plan Width": 59,"Actual Startup Time": 0.201,"Actual Total Time": 4.191,"Actual Rows": 380,"Actual Loops": 1,"Recheck Cond": "(s_nationkey = nation.n_nationkey)","Rows Removed by Index Recheck": 0,"Exact Heap Blocks": 192,"Lossy Heap Blocks": 0,"Plans": [{"Node Type": "Bitmap Index Scan","Parent Relationship": "Outer","Parallel Aware": false,"Async Capable": false,"Index Name": "idx_supplier_nation_key","Startup Cost": 0.00,"Total Cost": 7.29,"Plan Rows": 400,"Plan Width": 0,"Actual Startup Time": 0.132,"Actual Total Time": 0.138,"Actual Rows": 380,"Actual Loops": 1,"Index Cond": "(s_nationkey = nation.n_nationkey)"}]}]},{"Node Type": "Hash","Parent Relationship": "Inner","Parallel Aware": false,"Async Capable": false,"Startup Cost": 88158.53,"Total Cost": 88158.53,"Plan Rows": 2694,"Plan Width": 4,"Actual Startup Time": 967.313,"Actual Total Time": 967.321,"Actual Rows": 5854,"Actual Loops": 1,"Hash Buckets": 8192,"Original Hash Buckets": 4096,"Hash Batches": 1,"Original Hash Batches": 1,"Peak Memory Usage": 270,"Plans": [{"Node Type": "Nested Loop","Parent Relationship": "Outer","Parallel Aware": false,"Async Capable": false,"Join Type": "Inner","Startup Cost": 0.42,"Total Cost": 88158.53,"Plan Rows": 2694,"Plan Width": 4,"Actual Startup Time": 0.760,"Actual Total Time": 963.330,"Actual Rows": 5854,"Actual Loops": 1,"Inner Unique": false,"Plans": [{"Node Type": "Seq Scan","Parent Relationship": "Outer","Parallel Aware": false,"Async Capable": false,"Relation Name": "part","Alias": "part","Startup Cost": 0.00,"Total Cost": 6597.00,"Plan Rows": 2020,"Plan Width": 4,"Actual Startup Time": 0.296,"Actual Total Time": 180.612,"Actual Rows": 2171,"Actual Loops": 1,"Filter": "((p_name)::text ~~ 'brown%'::text)","Rows Removed by Filter": 197829},{"Node Type": "Index Scan","Parent Relationship": "Inner","Parallel Aware": false,"Async Capable": false,"Scan Direction": "Forward","Index Name": "idx_partsupp_partkey","Relation Name": "partsupp","Alias": "partsupp","Startup Cost": 0.42,"Total Cost": 40.36,"Plan Rows": 1,"Plan Width": 8,"Actual Startup Time": 0.152,"Actual Total Time": 0.360,"Actual Rows": 3,"Actual Loops": 2171,"Index Cond": "(ps_partkey = part.p_partkey)","Rows Removed by Index Recheck": 0,"Filter": "((ps_availqty)::numeric > (SubPlan 1))","Rows Removed by Filter": 1,"Plans": [{"Node Type": "Aggregate","Strategy": "Plain","Partial Mode": "Simple","Parent Relationship": "SubPlan","Subplan Name": "SubPlan 1","Parallel Aware": false,"Async Capable": false,"Startup Cost": 8.46,"Total Cost": 8.47,"Plan Rows": 1,"Plan Width": 32,"Actual Startup Time": 0.082,"Actual Total Time": 0.082,"Actual Rows": 1,"Actual Loops": 8684,"Plans": [{"Node Type": "Index Scan","Parent Relationship": "Outer","Parallel Aware": false,"Async Capable": false,"Scan Direction": "Forward","Index Name": "idx_lineitem_part_supp","Relation Name": "lineitem","Alias": "lineitem","Startup Cost": 0.43,"Total Cost": 8.46,"Plan Rows": 0,"Plan Width": 5,"Actual Startup Time": 0.050,"Actual Total Time": 0.081,"Actual Rows": 1,"Actual Loops": 8684,"Index Cond": "((l_partkey = partsupp.ps_partkey) AND (l_suppkey = partsupp.ps_suppkey))","Rows Removed by Index Recheck": 0,"Filter": "((l_shipdate >= '1996-01-01'::date) AND (l_shipdate < '1997-01-01 00:00:00'::timestamp without time zone))","Rows Removed by Filter": 6}]}]}]}]}]}]},"Planning Time": 6.289,"Triggers": [],"Execution Time": 972.560}]
[{"Plan": {"Node Type": "Sort","Parallel Aware": false,"Async Capable": false,"Startup Cost": 88442.96,"Total Cost": 88443.23,"Plan Rows": 108,"Plan Width": 51,"Actual Startup Time": 972.832,"Actual Total Time": 972.875,"Actual Rows": 161,"Actual Loops": 1,"Sort Key": ["supplier.s_name"],"Sort Method": "quicksort","Sort Space Used": 40,"Sort Space Type": "Memory","Plans": [{"Node Type": "Hash Join","Parent Relationship": "Outer","Parallel Aware": false,"Async Capable": false,"Join Type": "Semi","Startup Cost": 88199.59,"Total Cost": 88439.31,"Plan Rows": 108,"Plan Width": 51,"Actual Startup Time": 968.658,"Actual Total Time": 972.560,"Actual Rows": 161,"Actual Loops": 1,"Inner Unique": false,"Hash Cond": "(supplier.s_suppkey = partsupp.ps_suppkey)","Plans": [{"Node Type": "Nested Loop","Parent Relationship": "Outer","Parallel Aware": false,"Async Capable": false,"Join Type": "Inner","Startup Cost": 7.38,"Total Cost": 244.58,"Plan Rows": 400,"Plan Width": 55,"Actual Startup Time": 0.258,"Actual Total Time": 4.131,"Actual Rows": 377,"Actual Loops": 1,"Inner Unique": false,"Plans": [{"Node Type": "Seq Scan","Parent Relationship": "Outer","Parallel Aware": false,"Async Capable": false,"Relation Name": "nation","Alias": "nation","Startup Cost": 0.00,"Total Cost": 1.31,"Plan Rows": 1,"Plan Width": 4,"Actual Startup Time": 0.081,"Actual Total Time": 0.114,"Actual Rows": 1,"Actual Loops": 1,"Filter": "(n_name = 'JAPAN'::bpchar)","Rows Removed by Filter": 24},{"Node Type": "Bitmap Heap Scan","Parent Relationship": "Inner","Parallel Aware": false,"Async Capable": false,"Relation Name": "supplier","Alias": "supplier","Startup Cost": 7.38,"Total Cost": 239.27,"Plan Rows": 400,"Plan Width": 59,"Actual Startup Time": 0.172,"Actual Total Time": 3.943,"Actual Rows": 377,"Actual Loops": 1,"Recheck Cond": "(s_nationkey = nation.n_nationkey)","Rows Removed by Index Recheck": 0,"Exact Heap Blocks": 180,"Lossy Heap Blocks": 0,"Plans": [{"Node Type": "Bitmap Index Scan","Parent Relationship": "Outer","Parallel Aware": false,"Async Capable": false,"Index Name": "idx_supplier_nation_key","Startup Cost": 0.00,"Total Cost": 7.29,"Plan Rows": 400,"Plan Width": 0,"Actual Startup Time": 0.110,"Actual Total Time": 0.115,"Actual Rows": 377,"Actual Loops": 1,"Index Cond": "(s_nationkey = nation.n_nationkey)"}]}]},{"Node Type": "Hash","Parent Relationship": "Inner","Parallel Aware": false,"Async Capable": false,"Startup Cost": 88158.53,"Total Cost": 88158.53,"Plan Rows": 2694,"Plan Width": 4,"Actual Startup Time": 968.280,"Actual Total Time": 968.292,"Actual Rows": 5926,"Actual Loops": 1,"Hash Buckets": 8192,"Original Hash Buckets": 4096,"Hash Batches": 1,"Original Hash Batches": 1,"Peak Memory Usage": 273,"Plans": [{"Node Type": "Nested Loop","Parent Relationship": "Outer","Parallel Aware": false,"Async Capable": false,"Join Type": "Inner","Startup Cost": 0.42,"Total Cost": 88158.53,"Plan Rows": 2694,"Plan Width": 4,"Actual Startup Time": 1.091,"Actual Total Time": 964.190,"Actual Rows": 5926,"Actual Loops": 1,"Inner Unique": false,"Plans": [{"Node Type": "Seq Scan","Parent Relationship": "Outer","Parallel Aware": false,"Async Capable": false,"Relation Name": "part","Alias": "part","Startup Cost": 0.00,"Total Cost": 6597.00,"Plan Rows": 2020,"Plan Width": 4,"Actual Startup Time": 0.221,"Actual Total Time": 179.619,"Actual Rows": 2193,"Actual Loops": 1,"Filter": "((p_name)::text ~~ 'puff%'::text)","Rows Removed by Filter": 197807},{"Node Type": "Index Scan","Parent Relationship": "Inner","Parallel Aware": false,"Async Capable": false,"Scan Direction": "Forward","Index Name": "idx_partsupp_partkey","Relation Name": "partsupp","Alias": "partsupp","Startup Cost": 0.42,"Total Cost": 40.36,"Plan Rows": 1,"Plan Width": 8,"Actual Startup Time": 0.151,"Actual Total Time": 0.357,"Actual Rows": 3,"Actual Loops": 2193,"Index Cond": "(ps_partkey = part.p_partkey)","Rows Removed by Index Recheck": 0,"Filter": "((ps_availqty)::numeric > (SubPlan 1))","Rows Removed by Filter": 1,"Plans": [{"Node Type": "Aggregate","Strategy": "Plain","Partial Mode": "Simple","Parent Relationship": "SubPlan","Subplan Name": "SubPlan 1","Parallel Aware": false,"Async Capable": false,"Startup Cost": 8.46,"Total Cost": 8.47,"Plan Rows": 1,"Plan Width": 32,"Actual Startup Time": 0.081,"Actual Total Time": 0.081,"Actual Rows": 1,"Actual Loops": 8772,"Plans": [{"Node Type": "Index Scan","Parent Relationship": "Outer","Parallel Aware": false,"Async Capable": false,"Scan Direction": "Forward","Index Name": "idx_lineitem_part_supp","Relation Name": "lineitem","Alias": "lineitem","Startup Cost": 0.43,"Total Cost": 8.46,"Plan Rows": 0,"Plan Width": 5,"Actual Startup Time": 0.049,"Actual Total Time": 0.080,"Actual Rows": 1,"Actual Loops": 8772,"Index Cond": "((l_partkey = partsupp.ps_partkey) AND (l_suppkey = partsupp.ps_suppkey))","Rows Removed by Index Recheck": 0,"Filter": "((l_shipdate >= '1995-01-01'::date) AND (l_shipdate < '1996-01-01 00:00:00'::timestamp without time zone))","Rows Removed by Filter": 6}]}]}]}]}]}]},"Planning Time": 5.767,"Triggers": [],"Execution Time": 973.144}]
[{"Plan": {"Node Type": "Sort","Parallel Aware": false,"Async Capable": false,"Startup Cost": 88442.96,"Total Cost": 88443.23,"Plan Rows": 108,"Plan Width": 51,"Actual Startup Time": 967.165,"Actual Total Time": 967.207,"Actual Rows": 200,"Actual Loops": 1,"Sort Key": ["supplier.s_name"],"Sort Method": "quicksort","Sort Space Used": 43,"Sort Space Type": "Memory","Plans": [{"Node Type": "Hash Join","Parent Relationship": "Outer","Parallel Aware": false,"Async Capable": false,"Join Type": "Semi","Startup Cost": 88199.59,"Total Cost": 88439.31,"Plan Rows": 108,"Plan Width": 51,"Actual Startup Time": 962.654,"Actual Total Time": 966.663,"Actual Rows": 200,"Actual Loops": 1,"Inner Unique": false,"Hash Cond": "(supplier.s_suppkey = partsupp.ps_suppkey)","Plans": [{"Node Type": "Nested Loop","Parent Relationship": "Outer","Parallel Aware": false,"Async Capable": false,"Join Type": "Inner","Startup Cost": 7.38,"Total Cost": 244.58,"Plan Rows": 400,"Plan Width": 55,"Actual Startup Time": 0.268,"Actual Total Time": 4.143,"Actual Rows": 415,"Actual Loops": 1,"Inner Unique": false,"Plans": [{"Node Type": "Seq Scan","Parent Relationship": "Outer","Parallel Aware": false,"Async Capable": false,"Relation Name": "nation","Alias": "nation","Startup Cost": 0.00,"Total Cost": 1.31,"Plan Rows": 1,"Plan Width": 4,"Actual Startup Time": 0.055,"Actual Total Time": 0.084,"Actual Rows": 1,"Actual Loops": 1,"Filter": "(n_name = 'EGYPT'::bpchar)","Rows Removed by Filter": 24},{"Node Type": "Bitmap Heap Scan","Parent Relationship": "Inner","Parallel Aware": false,"Async Capable": false,"Relation Name": "supplier","Alias": "supplier","Startup Cost": 7.38,"Total Cost": 239.27,"Plan Rows": 400,"Plan Width": 59,"Actual Startup Time": 0.206,"Actual Total Time": 3.981,"Actual Rows": 415,"Actual Loops": 1,"Recheck Cond": "(s_nationkey = nation.n_nationkey)","Rows Removed by Index Recheck": 0,"Exact Heap Blocks": 183,"Lossy Heap Blocks": 0,"Plans": [{"Node Type": "Bitmap Index Scan","Parent Relationship": "Outer","Parallel Aware": false,"Async Capable": false,"Index Name": "idx_supplier_nation_key","Startup Cost": 0.00,"Total Cost": 7.29,"Plan Rows": 400,"Plan Width": 0,"Actual Startup Time": 0.141,"Actual Total Time": 0.144,"Actual Rows": 415,"Actual Loops": 1,"Index Cond": "(s_nationkey = nation.n_nationkey)"}]}]},{"Node Type": "Hash","Parent Relationship": "Inner","Parallel Aware": false,"Async Capable": false,"Startup Cost": 88158.53,"Total Cost": 88158.53,"Plan Rows": 2694,"Plan Width": 4,"Actual Startup Time": 962.321,"Actual Total Time": 962.332,"Actual Rows": 5971,"Actual Loops": 1,"Hash Buckets": 8192,"Original Hash Buckets": 4096,"Hash Batches": 1,"Original Hash Batches": 1,"Peak Memory Usage": 274,"Plans": [{"Node Type": "Nested Loop","Parent Relationship": "Outer","Parallel Aware": false,"Async Capable": false,"Join Type": "Inner","Startup Cost": 0.42,"Total Cost": 88158.53,"Plan Rows": 2694,"Plan Width": 4,"Actual Startup Time": 0.588,"Actual Total Time": 958.048,"Actual Rows": 5971,"Actual Loops": 1,"Inner Unique": false,"Plans": [{"Node Type": "Seq Scan","Parent Relationship": "Outer","Parallel Aware": false,"Async Capable": false,"Relation Name": "part","Alias": "part","Startup Cost": 0.00,"Total Cost": 6597.00,"Plan Rows": 2020,"Plan Width": 4,"Actual Startup Time": 0.251,"Actual Total Time": 180.403,"Actual Rows": 2171,"Actual Loops": 1,"Filter": "((p_name)::text ~~ 'brown%'::text)","Rows Removed by Filter": 197829},{"Node Type": "Index Scan","Parent Relationship": "Inner","Parallel Aware": false,"Async Capable": false,"Scan Direction": "Forward","Index Name": "idx_partsupp_partkey","Relation Name": "partsupp","Alias": "partsupp","Startup Cost": 0.42,"Total Cost": 40.36,"Plan Rows": 1,"Plan Width": 8,"Actual Startup Time": 0.149,"Actual Total Time": 0.358,"Actual Rows": 3,"Actual Loops": 2171,"Index Cond": "(ps_partkey = part.p_partkey)","Rows Removed by Index Recheck": 0,"Filter": "((ps_availqty)::numeric > (SubPlan 1))","Rows Removed by Filter": 1,"Plans": [{"Node Type": "Aggregate","Strategy": "Plain","Partial Mode": "Simple","Parent Relationship": "SubPlan","Subplan Name": "SubPlan 1","Parallel Aware": false,"Async Capable": false,"Startup Cost": 8.46,"Total Cost": 8.47,"Plan Rows": 1,"Plan Width": 32,"Actual Startup Time": 0.081,"Actual Total Time": 0.081,"Actual Rows": 1,"Actual Loops": 8684,"Plans": [{"Node Type": "Index Scan","Parent Relationship": "Outer","Parallel Aware": false,"Async Capable": false,"Scan Direction": "Forward","Index Name": "idx_lineitem_part_supp","Relation Name": "lineitem","Alias": "lineitem","Startup Cost": 0.43,"Total Cost": 8.46,"Plan Rows": 0,"Plan Width": 5,"Actual Startup Time": 0.049,"Actual Total Time": 0.081,"Actual Rows": 1,"Actual Loops": 8684,"Index Cond": "((l_partkey = partsupp.ps_partkey) AND (l_suppkey = partsupp.ps_suppkey))","Rows Removed by Index Recheck": 0,"Filter": "((l_shipdate >= '1995-01-01'::date) AND (l_shipdate < '1996-01-01 00:00:00'::timestamp without time zone))","Rows Removed by Filter": 6}]}]}]}]}]}]},"Planning Time": 7.008,"Triggers": [],"Execution Time": 967.450}]
[{"Plan": {"Node Type": "Sort","Parallel Aware": false,"Async Capable": false,"Startup Cost": 88442.96,"Total Cost": 88443.23,"Plan Rows": 108,"Plan Width": 51,"Actual Startup Time": 977.235,"Actual Total Time": 977.273,"Actual Rows": 215,"Actual Loops": 1,"Sort Key": ["supplier.s_name"],"Sort Method": "quicksort","Sort Space Used": 44,"Sort Space Type": "Memory","Plans": [{"Node Type": "Hash Join","Parent Relationship": "Outer","Parallel Aware": false,"Async Capable": false,"Join Type": "Semi","Startup Cost": 88199.59,"Total Cost": 88439.31,"Plan Rows": 108,"Plan Width": 51,"Actual Startup Time": 972.730,"Actual Total Time": 976.852,"Actual Rows": 215,"Actual Loops": 1,"Inner Unique": false,"Hash Cond": "(supplier.s_suppkey = partsupp.ps_suppkey)","Plans": [{"Node Type": "Nested Loop","Parent Relationship": "Outer","Parallel Aware": false,"Async Capable": false,"Join Type": "Inner","Startup Cost": 7.38,"Total Cost": 244.58,"Plan Rows": 400,"Plan Width": 55,"Actual Startup Time": 0.313,"Actual Total Time": 4.372,"Actual Rows": 438,"Actual Loops": 1,"Inner Unique": false,"Plans": [{"Node Type": "Seq Scan","Parent Relationship": "Outer","Parallel Aware": false,"Async Capable": false,"Relation Name": "nation","Alias": "nation","Startup Cost": 0.00,"Total Cost": 1.31,"Plan Rows": 1,"Plan Width": 4,"Actual Startup Time": 0.069,"Actual Total Time": 0.086,"Actual Rows": 1,"Actual Loops": 1,"Filter": "(n_name = 'IRAQ'::bpchar)","Rows Removed by Filter": 24},{"Node Type": "Bitmap Heap Scan","Parent Relationship": "Inner","Parallel Aware": false,"Async Capable": false,"Relation Name": "supplier","Alias": "supplier","Startup Cost": 7.38,"Total Cost": 239.27,"Plan Rows": 400,"Plan Width": 59,"Actual Startup Time": 0.239,"Actual Total Time": 4.225,"Actual Rows": 438,"Actual Loops": 1,"Recheck Cond": "(s_nationkey = nation.n_nationkey)","Rows Removed by Index Recheck": 0,"Exact Heap Blocks": 194,"Lossy Heap Blocks": 0,"Plans": [{"Node Type": "Bitmap Index Scan","Parent Relationship": "Outer","Parallel Aware": false,"Async Capable": false,"Index Name": "idx_supplier_nation_key","Startup Cost": 0.00,"Total Cost": 7.29,"Plan Rows": 400,"Plan Width": 0,"Actual Startup Time": 0.152,"Actual Total Time": 0.158,"Actual Rows": 438,"Actual Loops": 1,"Index Cond": "(s_nationkey = nation.n_nationkey)"}]}]},{"Node Type": "Hash","Parent Relationship": "Inner","Parallel Aware": false,"Async Capable": false,"Startup Cost": 88158.53,"Total Cost": 88158.53,"Plan Rows": 2694,"Plan Width": 4,"Actual Startup Time": 972.321,"Actual Total Time": 972.328,"Actual Rows": 6014,"Actual Loops": 1,"Hash Buckets": 8192,"Original Hash Buckets": 4096,"Hash Batches": 1,"Original Hash Batches": 1,"Peak Memory Usage": 276,"Plans": [{"Node Type": "Nested Loop","Parent Relationship": "Outer","Parallel Aware": false,"Async Capable": false,"Join Type": "Inner","Startup Cost": 0.42,"Total Cost": 88158.53,"Plan Rows": 2694,"Plan Width": 4,"Actual Startup Time": 0.473,"Actual Total Time": 968.036,"Actual Rows": 6014,"Actual Loops": 1,"Inner Unique": false,"Plans": [{"Node Type": "Seq Scan","Parent Relationship": "Outer","Parallel Aware": false,"Async Capable": false,"Relation Name": "part","Alias": "part","Startup Cost": 0.00,"Total Cost": 6597.00,"Plan Rows": 2020,"Plan Width": 4,"Actual Startup Time": 0.090,"Actual Total Time": 179.644,"Actual Rows": 2205,"Actual Loops": 1,"Filter": "((p_name)::text ~~ 'rose%'::text)","Rows Removed by Filter": 197795},{"Node Type": "Index Scan","Parent Relationship": "Inner","Parallel Aware": false,"Async Capable": false,"Scan Direction": "Forward","Index Name": "idx_partsupp_partkey","Relation Name": "partsupp","Alias": "partsupp","Startup Cost": 0.42,"Total Cost": 40.36,"Plan Rows": 1,"Plan Width": 8,"Actual Startup Time": 0.149,"Actual Total Time": 0.357,"Actual Rows": 3,"Actual Loops": 2205,"Index Cond": "(ps_partkey = part.p_partkey)","Rows Removed by Index Recheck": 0,"Filter": "((ps_availqty)::numeric > (SubPlan 1))","Rows Removed by Filter": 1,"Plans": [{"Node Type": "Aggregate","Strategy": "Plain","Partial Mode": "Simple","Parent Relationship": "SubPlan","Subplan Name": "SubPlan 1","Parallel Aware": false,"Async Capable": false,"Startup Cost": 8.46,"Total Cost": 8.47,"Plan Rows": 1,"Plan Width": 32,"Actual Startup Time": 0.081,"Actual Total Time": 0.081,"Actual Rows": 1,"Actual Loops": 8820,"Plans": [{"Node Type": "Index Scan","Parent Relationship": "Outer","Parallel Aware": false,"Async Capable": false,"Scan Direction": "Forward","Index Name": "idx_lineitem_part_supp","Relation Name": "lineitem","Alias": "lineitem","Startup Cost": 0.43,"Total Cost": 8.46,"Plan Rows": 0,"Plan Width": 5,"Actual Startup Time": 0.049,"Actual Total Time": 0.080,"Actual Rows": 1,"Actual Loops": 8820,"Index Cond": "((l_partkey = partsupp.ps_partkey) AND (l_suppkey = partsupp.ps_suppkey))","Rows Removed by Index Recheck": 0,"Filter": "((l_shipdate >= '1995-01-01'::date) AND (l_shipdate < '1996-01-01 00:00:00'::timestamp without time zone))","Rows Removed by Filter": 6}]}]}]}]}]}]},"Planning Time": 6.504,"Triggers": [],"Execution Time": 977.568}]
[{"Plan": {"Node Type": "Sort","Parallel Aware": false,"Async Capable": false,"Startup Cost": 88442.96,"Total Cost": 88443.23,"Plan Rows": 108,"Plan Width": 51,"Actual Startup Time": 958.633,"Actual Total Time": 958.672,"Actual Rows": 193,"Actual Loops": 1,"Sort Key": ["supplier.s_name"],"Sort Method": "quicksort","Sort Space Used": 42,"Sort Space Type": "Memory","Plans": [{"Node Type": "Hash Join","Parent Relationship": "Outer","Parallel Aware": false,"Async Capable": false,"Join Type": "Semi","Startup Cost": 88199.59,"Total Cost": 88439.31,"Plan Rows": 108,"Plan Width": 51,"Actual Startup Time": 953.842,"Actual Total Time": 958.300,"Actual Rows": 193,"Actual Loops": 1,"Inner Unique": false,"Hash Cond": "(supplier.s_suppkey = partsupp.ps_suppkey)","Plans": [{"Node Type": "Nested Loop","Parent Relationship": "Outer","Parallel Aware": false,"Async Capable": false,"Join Type": "Inner","Startup Cost": 7.38,"Total Cost": 244.58,"Plan Rows": 400,"Plan Width": 55,"Actual Startup Time": 0.344,"Actual Total Time": 4.671,"Actual Rows": 438,"Actual Loops": 1,"Inner Unique": false,"Plans": [{"Node Type": "Seq Scan","Parent Relationship": "Outer","Parallel Aware": false,"Async Capable": false,"Relation Name": "nation","Alias": "nation","Startup Cost": 0.00,"Total Cost": 1.31,"Plan Rows": 1,"Plan Width": 4,"Actual Startup Time": 0.072,"Actual Total Time": 0.104,"Actual Rows": 1,"Actual Loops": 1,"Filter": "(n_name = 'IRAQ'::bpchar)","Rows Removed by Filter": 24},{"Node Type": "Bitmap Heap Scan","Parent Relationship": "Inner","Parallel Aware": false,"Async Capable": false,"Relation Name": "supplier","Alias": "supplier","Startup Cost": 7.38,"Total Cost": 239.27,"Plan Rows": 400,"Plan Width": 59,"Actual Startup Time": 0.262,"Actual Total Time": 4.498,"Actual Rows": 438,"Actual Loops": 1,"Recheck Cond": "(s_nationkey = nation.n_nationkey)","Rows Removed by Index Recheck": 0,"Exact Heap Blocks": 194,"Lossy Heap Blocks": 0,"Plans": [{"Node Type": "Bitmap Index Scan","Parent Relationship": "Outer","Parallel Aware": false,"Async Capable": false,"Index Name": "idx_supplier_nation_key","Startup Cost": 0.00,"Total Cost": 7.29,"Plan Rows": 400,"Plan Width": 0,"Actual Startup Time": 0.174,"Actual Total Time": 0.178,"Actual Rows": 438,"Actual Loops": 1,"Index Cond": "(s_nationkey = nation.n_nationkey)"}]}]},{"Node Type": "Hash","Parent Relationship": "Inner","Parallel Aware": false,"Async Capable": false,"Startup Cost": 88158.53,"Total Cost": 88158.53,"Plan Rows": 2694,"Plan Width": 4,"Actual Startup Time": 953.428,"Actual Total Time": 953.437,"Actual Rows": 5736,"Actual Loops": 1,"Hash Buckets": 8192,"Original Hash Buckets": 4096,"Hash Batches": 1,"Original Hash Batches": 1,"Peak Memory Usage": 266,"Plans": [{"Node Type": "Nested Loop","Parent Relationship": "Outer","Parallel Aware": false,"Async Capable": false,"Join Type": "Inner","Startup Cost": 0.42,"Total Cost": 88158.53,"Plan Rows": 2694,"Plan Width": 4,"Actual Startup Time": 0.564,"Actual Total Time": 949.539,"Actual Rows": 5736,"Actual Loops": 1,"Inner Unique": false,"Plans": [{"Node Type": "Seq Scan","Parent Relationship": "Outer","Parallel Aware": false,"Async Capable": false,"Relation Name": "part","Alias": "part","Startup Cost": 0.00,"Total Cost": 6597.00,"Plan Rows": 2020,"Plan Width": 4,"Actual Startup Time": 0.205,"Actual Total Time": 181.909,"Actual Rows": 2103,"Actual Loops": 1,"Filter": "((p_name)::text ~~ 'cornsilk%'::text)","Rows Removed by Filter": 197897},{"Node Type": "Index Scan","Parent Relationship": "Inner","Parallel Aware": false,"Async Capable": false,"Scan Direction": "Forward","Index Name": "idx_partsupp_partkey","Relation Name": "partsupp","Alias": "partsupp","Startup Cost": 0.42,"Total Cost": 40.36,"Plan Rows": 1,"Plan Width": 8,"Actual Startup Time": 0.150,"Actual Total Time": 0.365,"Actual Rows": 3,"Actual Loops": 2103,"Index Cond": "(ps_partkey = part.p_partkey)","Rows Removed by Index Recheck": 0,"Filter": "((ps_availqty)::numeric > (SubPlan 1))","Rows Removed by Filter": 1,"Plans": [{"Node Type": "Aggregate","Strategy": "Plain","Partial Mode": "Simple","Parent Relationship": "SubPlan","Subplan Name": "SubPlan 1","Parallel Aware": false,"Async Capable": false,"Startup Cost": 8.46,"Total Cost": 8.47,"Plan Rows": 1,"Plan Width": 32,"Actual Startup Time": 0.083,"Actual Total Time": 0.083,"Actual Rows": 1,"Actual Loops": 8412,"Plans": [{"Node Type": "Index Scan","Parent Relationship": "Outer","Parallel Aware": false,"Async Capable": false,"Scan Direction": "Forward","Index Name": "idx_lineitem_part_supp","Relation Name": "lineitem","Alias": "lineitem","Startup Cost": 0.43,"Total Cost": 8.46,"Plan Rows": 0,"Plan Width": 5,"Actual Startup Time": 0.050,"Actual Total Time": 0.082,"Actual Rows": 1,"Actual Loops": 8412,"Index Cond": "((l_partkey = partsupp.ps_partkey) AND (l_suppkey = partsupp.ps_suppkey))","Rows Removed by Index Recheck": 0,"Filter": "((l_shipdate >= '1994-01-01'::date) AND (l_shipdate < '1995-01-01 00:00:00'::timestamp without time zone))","Rows Removed by Filter": 6}]}]}]}]}]}]},"Planning Time": 6.909,"Triggers": [],"Execution Time": 958.967}]
[{"Plan": {"Node Type": "Sort","Parallel Aware": false,"Async Capable": false,"Startup Cost": 88442.96,"Total Cost": 88443.23,"Plan Rows": 108,"Plan Width": 51,"Actual Startup Time": 894.990,"Actual Total Time": 895.035,"Actual Rows": 176,"Actual Loops": 1,"Sort Key": ["supplier.s_name"],"Sort Method": "quicksort","Sort Space Used": 41,"Sort Space Type": "Memory","Plans": [{"Node Type": "Hash Join","Parent Relationship": "Outer","Parallel Aware": false,"Async Capable": false,"Join Type": "Semi","Startup Cost": 88199.59,"Total Cost": 88439.31,"Plan Rows": 108,"Plan Width": 51,"Actual Startup Time": 890.689,"Actual Total Time": 894.536,"Actual Rows": 176,"Actual Loops": 1,"Inner Unique": false,"Hash Cond": "(supplier.s_suppkey = partsupp.ps_suppkey)","Plans": [{"Node Type": "Nested Loop","Parent Relationship": "Outer","Parallel Aware": false,"Async Capable": false,"Join Type": "Inner","Startup Cost": 7.38,"Total Cost": 244.58,"Plan Rows": 400,"Plan Width": 55,"Actual Startup Time": 0.266,"Actual Total Time": 4.024,"Actual Rows": 390,"Actual Loops": 1,"Inner Unique": false,"Plans": [{"Node Type": "Seq Scan","Parent Relationship": "Outer","Parallel Aware": false,"Async Capable": false,"Relation Name": "nation","Alias": "nation","Startup Cost": 0.00,"Total Cost": 1.31,"Plan Rows": 1,"Plan Width": 4,"Actual Startup Time": 0.065,"Actual Total Time": 0.083,"Actual Rows": 1,"Actual Loops": 1,"Filter": "(n_name = 'UNITED KINGDOM'::bpchar)","Rows Removed by Filter": 24},{"Node Type": "Bitmap Heap Scan","Parent Relationship": "Inner","Parallel Aware": false,"Async Capable": false,"Relation Name": "supplier","Alias": "supplier","Startup Cost": 7.38,"Total Cost": 239.27,"Plan Rows": 400,"Plan Width": 59,"Actual Startup Time": 0.196,"Actual Total Time": 3.861,"Actual Rows": 390,"Actual Loops": 1,"Recheck Cond": "(s_nationkey = nation.n_nationkey)","Rows Removed by Index Recheck": 0,"Exact Heap Blocks": 190,"Lossy Heap Blocks": 0,"Plans": [{"Node Type": "Bitmap Index Scan","Parent Relationship": "Outer","Parallel Aware": false,"Async Capable": false,"Index Name": "idx_supplier_nation_key","Startup Cost": 0.00,"Total Cost": 7.29,"Plan Rows": 400,"Plan Width": 0,"Actual Startup Time": 0.124,"Actual Total Time": 0.127,"Actual Rows": 390,"Actual Loops": 1,"Index Cond": "(s_nationkey = nation.n_nationkey)"}]}]},{"Node Type": "Hash","Parent Relationship": "Inner","Parallel Aware": false,"Async Capable": false,"Startup Cost": 88158.53,"Total Cost": 88158.53,"Plan Rows": 2694,"Plan Width": 4,"Actual Startup Time": 890.361,"Actual Total Time": 890.373,"Actual Rows": 5868,"Actual Loops": 1,"Hash Buckets": 8192,"Original Hash Buckets": 4096,"Hash Batches": 1,"Original Hash Batches": 1,"Peak Memory Usage": 271,"Plans": [{"Node Type": "Nested Loop","Parent Relationship": "Outer","Parallel Aware": false,"Async Capable": false,"Join Type": "Inner","Startup Cost": 0.42,"Total Cost": 88158.53,"Plan Rows": 2694,"Plan Width": 4,"Actual Startup Time": 0.593,"Actual Total Time": 886.123,"Actual Rows": 5868,"Actual Loops": 1,"Inner Unique": false,"Plans": [{"Node Type": "Seq Scan","Parent Relationship": "Outer","Parallel Aware": false,"Async Capable": false,"Relation Name": "part","Alias": "part","Startup Cost": 0.00,"Total Cost": 6597.00,"Plan Rows": 2020,"Plan Width": 4,"Actual Startup Time": 0.066,"Actual Total Time": 196.509,"Actual Rows": 2153,"Actual Loops": 1,"Filter": "((p_name)::text ~~ 'ghost%'::text)","Rows Removed by Filter": 197847},{"Node Type": "Index Scan","Parent Relationship": "Inner","Parallel Aware": false,"Async Capable": false,"Scan Direction": "Forward","Index Name": "idx_partsupp_partkey","Relation Name": "partsupp","Alias": "partsupp","Startup Cost": 0.42,"Total Cost": 40.36,"Plan Rows": 1,"Plan Width": 8,"Actual Startup Time": 0.136,"Actual Total Time": 0.320,"Actual Rows": 3,"Actual Loops": 2153,"Index Cond": "(ps_partkey = part.p_partkey)","Rows Removed by Index Recheck": 0,"Filter": "((ps_availqty)::numeric > (SubPlan 1))","Rows Removed by Filter": 1,"Plans": [{"Node Type": "Aggregate","Strategy": "Plain","Partial Mode": "Simple","Parent Relationship": "SubPlan","Subplan Name": "SubPlan 1","Parallel Aware": false,"Async Capable": false,"Startup Cost": 8.46,"Total Cost": 8.47,"Plan Rows": 1,"Plan Width": 32,"Actual Startup Time": 0.072,"Actual Total Time": 0.072,"Actual Rows": 1,"Actual Loops": 8612,"Plans": [{"Node Type": "Index Scan","Parent Relationship": "Outer","Parallel Aware": false,"Async Capable": false,"Scan Direction": "Forward","Index Name": "idx_lineitem_part_supp","Relation Name": "lineitem","Alias": "lineitem","Startup Cost": 0.43,"Total Cost": 8.46,"Plan Rows": 0,"Plan Width": 5,"Actual Startup Time": 0.043,"Actual Total Time": 0.071,"Actual Rows": 1,"Actual Loops": 8612,"Index Cond": "((l_partkey = partsupp.ps_partkey) AND (l_suppkey = partsupp.ps_suppkey))","Rows Removed by Index Recheck": 0,"Filter": "((l_shipdate >= '1995-01-01'::date) AND (l_shipdate < '1996-01-01 00:00:00'::timestamp without time zone))","Rows Removed by Filter": 6}]}]}]}]}]}]},"Planning Time": 6.205,"Triggers": [],"Execution Time": 895.281}]
[{"Plan": {"Node Type": "Sort","Parallel Aware": false,"Async Capable": false,"Startup Cost": 88442.96,"Total Cost": 88443.23,"Plan Rows": 108,"Plan Width": 51,"Actual Startup Time": 975.253,"Actual Total Time": 975.295,"Actual Rows": 192,"Actual Loops": 1,"Sort Key": ["supplier.s_name"],"Sort Method": "quicksort","Sort Space Used": 42,"Sort Space Type": "Memory","Plans": [{"Node Type": "Hash Join","Parent Relationship": "Outer","Parallel Aware": false,"Async Capable": false,"Join Type": "Semi","Startup Cost": 88199.59,"Total Cost": 88439.31,"Plan Rows": 108,"Plan Width": 51,"Actual Startup Time": 970.868,"Actual Total Time": 974.930,"Actual Rows": 192,"Actual Loops": 1,"Inner Unique": false,"Hash Cond": "(supplier.s_suppkey = partsupp.ps_suppkey)","Plans": [{"Node Type": "Nested Loop","Parent Relationship": "Outer","Parallel Aware": false,"Async Capable": false,"Join Type": "Inner","Startup Cost": 7.38,"Total Cost": 244.58,"Plan Rows": 400,"Plan Width": 55,"Actual Startup Time": 0.298,"Actual Total Time": 4.257,"Actual Rows": 421,"Actual Loops": 1,"Inner Unique": false,"Plans": [{"Node Type": "Seq Scan","Parent Relationship": "Outer","Parallel Aware": false,"Async Capable": false,"Relation Name": "nation","Alias": "nation","Startup Cost": 0.00,"Total Cost": 1.31,"Plan Rows": 1,"Plan Width": 4,"Actual Startup Time": 0.072,"Actual Total Time": 0.091,"Actual Rows": 1,"Actual Loops": 1,"Filter": "(n_name = 'PERU'::bpchar)","Rows Removed by Filter": 24},{"Node Type": "Bitmap Heap Scan","Parent Relationship": "Inner","Parallel Aware": false,"Async Capable": false,"Relation Name": "supplier","Alias": "supplier","Startup Cost": 7.38,"Total Cost": 239.27,"Plan Rows": 400,"Plan Width": 59,"Actual Startup Time": 0.217,"Actual Total Time": 4.087,"Actual Rows": 421,"Actual Loops": 1,"Recheck Cond": "(s_nationkey = nation.n_nationkey)","Rows Removed by Index Recheck": 0,"Exact Heap Blocks": 187,"Lossy Heap Blocks": 0,"Plans": [{"Node Type": "Bitmap Index Scan","Parent Relationship": "Outer","Parallel Aware": false,"Async Capable": false,"Index Name": "idx_supplier_nation_key","Startup Cost": 0.00,"Total Cost": 7.29,"Plan Rows": 400,"Plan Width": 0,"Actual Startup Time": 0.161,"Actual Total Time": 0.166,"Actual Rows": 421,"Actual Loops": 1,"Index Cond": "(s_nationkey = nation.n_nationkey)"}]}]},{"Node Type": "Hash","Parent Relationship": "Inner","Parallel Aware": false,"Async Capable": false,"Startup Cost": 88158.53,"Total Cost": 88158.53,"Plan Rows": 2694,"Plan Width": 4,"Actual Startup Time": 970.469,"Actual Total Time": 970.479,"Actual Rows": 5879,"Actual Loops": 1,"Hash Buckets": 8192,"Original Hash Buckets": 4096,"Hash Batches": 1,"Original Hash Batches": 1,"Peak Memory Usage": 271,"Plans": [{"Node Type": "Nested Loop","Parent Relationship": "Outer","Parallel Aware": false,"Async Capable": false,"Join Type": "Inner","Startup Cost": 0.42,"Total Cost": 88158.53,"Plan Rows": 2694,"Plan Width": 4,"Actual Startup Time": 1.270,"Actual Total Time": 966.136,"Actual Rows": 5879,"Actual Loops": 1,"Inner Unique": false,"Plans": [{"Node Type": "Seq Scan","Parent Relationship": "Outer","Parallel Aware": false,"Async Capable": false,"Relation Name": "part","Alias": "part","Startup Cost": 0.00,"Total Cost": 6597.00,"Plan Rows": 2020,"Plan Width": 4,"Actual Startup Time": 0.067,"Actual Total Time": 179.797,"Actual Rows": 2168,"Actual Loops": 1,"Filter": "((p_name)::text ~~ 'indian%'::text)","Rows Removed by Filter": 197832},{"Node Type": "Index Scan","Parent Relationship": "Inner","Parallel Aware": false,"Async Capable": false,"Scan Direction": "Forward","Index Name": "idx_partsupp_partkey","Relation Name": "partsupp","Alias": "partsupp","Startup Cost": 0.42,"Total Cost": 40.36,"Plan Rows": 1,"Plan Width": 8,"Actual Startup Time": 0.152,"Actual Total Time": 0.362,"Actual Rows": 3,"Actual Loops": 2168,"Index Cond": "(ps_partkey = part.p_partkey)","Rows Removed by Index Recheck": 0,"Filter": "((ps_availqty)::numeric > (SubPlan 1))","Rows Removed by Filter": 1,"Plans": [{"Node Type": "Aggregate","Strategy": "Plain","Partial Mode": "Simple","Parent Relationship": "SubPlan","Subplan Name": "SubPlan 1","Parallel Aware": false,"Async Capable": false,"Startup Cost": 8.46,"Total Cost": 8.47,"Plan Rows": 1,"Plan Width": 32,"Actual Startup Time": 0.082,"Actual Total Time": 0.082,"Actual Rows": 1,"Actual Loops": 8672,"Plans": [{"Node Type": "Index Scan","Parent Relationship": "Outer","Parallel Aware": false,"Async Capable": false,"Scan Direction": "Forward","Index Name": "idx_lineitem_part_supp","Relation Name": "lineitem","Alias": "lineitem","Startup Cost": 0.43,"Total Cost": 8.46,"Plan Rows": 0,"Plan Width": 5,"Actual Startup Time": 0.050,"Actual Total Time": 0.082,"Actual Rows": 1,"Actual Loops": 8672,"Index Cond": "((l_partkey = partsupp.ps_partkey) AND (l_suppkey = partsupp.ps_suppkey))","Rows Removed by Index Recheck": 0,"Filter": "((l_shipdate >= '1994-01-01'::date) AND (l_shipdate < '1995-01-01 00:00:00'::timestamp without time zone))","Rows Removed by Filter": 6}]}]}]}]}]}]},"Planning Time": 7.457,"Triggers": [],"Execution Time": 975.546}]
[{"Plan": {"Node Type": "Sort","Parallel Aware": false,"Async Capable": false,"Startup Cost": 88442.96,"Total Cost": 88443.23,"Plan Rows": 108,"Plan Width": 51,"Actual Startup Time": 891.739,"Actual Total Time": 891.784,"Actual Rows": 189,"Actual Loops": 1,"Sort Key": ["supplier.s_name"],"Sort Method": "quicksort","Sort Space Used": 42,"Sort Space Type": "Memory","Plans": [{"Node Type": "Hash Join","Parent Relationship": "Outer","Parallel Aware": false,"Async Capable": false,"Join Type": "Semi","Startup Cost": 88199.59,"Total Cost": 88439.31,"Plan Rows": 108,"Plan Width": 51,"Actual Startup Time": 887.182,"Actual Total Time": 891.215,"Actual Rows": 189,"Actual Loops": 1,"Inner Unique": false,"Hash Cond": "(supplier.s_suppkey = partsupp.ps_suppkey)","Plans": [{"Node Type": "Nested Loop","Parent Relationship": "Outer","Parallel Aware": false,"Async Capable": false,"Join Type": "Inner","Startup Cost": 7.38,"Total Cost": 244.58,"Plan Rows": 400,"Plan Width": 55,"Actual Startup Time": 0.247,"Actual Total Time": 4.187,"Actual Rows": 406,"Actual Loops": 1,"Inner Unique": false,"Plans": [{"Node Type": "Seq Scan","Parent Relationship": "Outer","Parallel Aware": false,"Async Capable": false,"Relation Name": "nation","Alias": "nation","Startup Cost": 0.00,"Total Cost": 1.31,"Plan Rows": 1,"Plan Width": 4,"Actual Startup Time": 0.067,"Actual Total Time": 0.090,"Actual Rows": 1,"Actual Loops": 1,"Filter": "(n_name = 'MOZAMBIQUE'::bpchar)","Rows Removed by Filter": 24},{"Node Type": "Bitmap Heap Scan","Parent Relationship": "Inner","Parallel Aware": false,"Async Capable": false,"Relation Name": "supplier","Alias": "supplier","Startup Cost": 7.38,"Total Cost": 239.27,"Plan Rows": 400,"Plan Width": 59,"Actual Startup Time": 0.176,"Actual Total Time": 4.035,"Actual Rows": 406,"Actual Loops": 1,"Recheck Cond": "(s_nationkey = nation.n_nationkey)","Rows Removed by Index Recheck": 0,"Exact Heap Blocks": 186,"Lossy Heap Blocks": 0,"Plans": [{"Node Type": "Bitmap Index Scan","Parent Relationship": "Outer","Parallel Aware": false,"Async Capable": false,"Index Name": "idx_supplier_nation_key","Startup Cost": 0.00,"Total Cost": 7.29,"Plan Rows": 400,"Plan Width": 0,"Actual Startup Time": 0.108,"Actual Total Time": 0.115,"Actual Rows": 406,"Actual Loops": 1,"Index Cond": "(s_nationkey = nation.n_nationkey)"}]}]},{"Node Type": "Hash","Parent Relationship": "Inner","Parallel Aware": false,"Async Capable": false,"Startup Cost": 88158.53,"Total Cost": 88158.53,"Plan Rows": 2694,"Plan Width": 4,"Actual Startup Time": 886.859,"Actual Total Time": 886.867,"Actual Rows": 5723,"Actual Loops": 1,"Hash Buckets": 8192,"Original Hash Buckets": 4096,"Hash Batches": 1,"Original Hash Batches": 1,"Peak Memory Usage": 266,"Plans": [{"Node Type": "Nested Loop","Parent Relationship": "Outer","Parallel Aware": false,"Async Capable": false,"Join Type": "Inner","Startup Cost": 0.42,"Total Cost": 88158.53,"Plan Rows": 2694,"Plan Width": 4,"Actual Startup Time": 0.666,"Actual Total Time": 882.657,"Actual Rows": 5723,"Actual Loops": 1,"Inner Unique": false,"Plans": [{"Node Type": "Seq Scan","Parent Relationship": "Outer","Parallel Aware": false,"Async Capable": false,"Relation Name": "part","Alias": "part","Startup Cost": 0.00,"Total Cost": 6597.00,"Plan Rows": 2020,"Plan Width": 4,"Actual Startup Time": 0.191,"Actual Total Time": 198.024,"Actual Rows": 2128,"Actual Loops": 1,"Filter": "((p_name)::text ~~ 'pink%'::text)","Rows Removed by Filter": 197872},{"Node Type": "Index Scan","Parent Relationship": "Inner","Parallel Aware": false,"Async Capable": false,"Scan Direction": "Forward","Index Name": "idx_partsupp_partkey","Relation Name": "partsupp","Alias": "partsupp","Startup Cost": 0.42,"Total Cost": 40.36,"Plan Rows": 1,"Plan Width": 8,"Actual Startup Time": 0.137,"Actual Total Time": 0.321,"Actual Rows": 3,"Actual Loops": 2128,"Index Cond": "(ps_partkey = part.p_partkey)","Rows Removed by Index Recheck": 0,"Filter": "((ps_availqty)::numeric > (SubPlan 1))","Rows Removed by Filter": 1,"Plans": [{"Node Type": "Aggregate","Strategy": "Plain","Partial Mode": "Simple","Parent Relationship": "SubPlan","Subplan Name": "SubPlan 1","Parallel Aware": false,"Async Capable": false,"Startup Cost": 8.46,"Total Cost": 8.47,"Plan Rows": 1,"Plan Width": 32,"Actual Startup Time": 0.072,"Actual Total Time": 0.072,"Actual Rows": 1,"Actual Loops": 8512,"Plans": [{"Node Type": "Index Scan","Parent Relationship": "Outer","Parallel Aware": false,"Async Capable": false,"Scan Direction": "Forward","Index Name": "idx_lineitem_part_supp","Relation Name": "lineitem","Alias": "lineitem","Startup Cost": 0.43,"Total Cost": 8.46,"Plan Rows": 0,"Plan Width": 5,"Actual Startup Time": 0.044,"Actual Total Time": 0.071,"Actual Rows": 1,"Actual Loops": 8512,"Index Cond": "((l_partkey = partsupp.ps_partkey) AND (l_suppkey = partsupp.ps_suppkey))","Rows Removed by Index Recheck": 0,"Filter": "((l_shipdate >= '1997-01-01'::date) AND (l_shipdate < '1998-01-01 00:00:00'::timestamp without time zone))","Rows Removed by Filter": 6}]}]}]}]}]}]},"Planning Time": 5.867,"Triggers": [],"Execution Time": 892.047}]
[{"Plan": {"Node Type": "Sort","Parallel Aware": false,"Async Capable": false,"Startup Cost": 88442.96,"Total Cost": 88443.23,"Plan Rows": 108,"Plan Width": 51,"Actual Startup Time": 913.126,"Actual Total Time": 913.141,"Actual Rows": 153,"Actual Loops": 1,"Sort Key": ["supplier.s_name"],"Sort Method": "quicksort","Sort Space Used": 39,"Sort Space Type": "Memory","Plans": [{"Node Type": "Hash Join","Parent Relationship": "Outer","Parallel Aware": false,"Async Capable": false,"Join Type": "Semi","Startup Cost": 88199.59,"Total Cost": 88439.31,"Plan Rows": 108,"Plan Width": 51,"Actual Startup Time": 908.967,"Actual Total Time": 912.832,"Actual Rows": 153,"Actual Loops": 1,"Inner Unique": false,"Hash Cond": "(supplier.s_suppkey = partsupp.ps_suppkey)","Plans": [{"Node Type": "Nested Loop","Parent Relationship": "Outer","Parallel Aware": false,"Async Capable": false,"Join Type": "Inner","Startup Cost": 7.38,"Total Cost": 244.58,"Plan Rows": 400,"Plan Width": 55,"Actual Startup Time": 0.226,"Actual Total Time": 4.024,"Actual Rows": 377,"Actual Loops": 1,"Inner Unique": false,"Plans": [{"Node Type": "Seq Scan","Parent Relationship": "Outer","Parallel Aware": false,"Async Capable": false,"Relation Name": "nation","Alias": "nation","Startup Cost": 0.00,"Total Cost": 1.31,"Plan Rows": 1,"Plan Width": 4,"Actual Startup Time": 0.065,"Actual Total Time": 0.079,"Actual Rows": 1,"Actual Loops": 1,"Filter": "(n_name = 'JAPAN'::bpchar)","Rows Removed by Filter": 24},{"Node Type": "Bitmap Heap Scan","Parent Relationship": "Inner","Parallel Aware": false,"Async Capable": false,"Relation Name": "supplier","Alias": "supplier","Startup Cost": 7.38,"Total Cost": 239.27,"Plan Rows": 400,"Plan Width": 59,"Actual Startup Time": 0.153,"Actual Total Time": 3.879,"Actual Rows": 377,"Actual Loops": 1,"Recheck Cond": "(s_nationkey = nation.n_nationkey)","Rows Removed by Index Recheck": 0,"Exact Heap Blocks": 180,"Lossy Heap Blocks": 0,"Plans": [{"Node Type": "Bitmap Index Scan","Parent Relationship": "Outer","Parallel Aware": false,"Async Capable": false,"Index Name": "idx_supplier_nation_key","Startup Cost": 0.00,"Total Cost": 7.29,"Plan Rows": 400,"Plan Width": 0,"Actual Startup Time": 0.108,"Actual Total Time": 0.108,"Actual Rows": 377,"Actual Loops": 1,"Index Cond": "(s_nationkey = nation.n_nationkey)"}]}]},{"Node Type": "Hash","Parent Relationship": "Inner","Parallel Aware": false,"Async Capable": false,"Startup Cost": 88158.53,"Total Cost": 88158.53,"Plan Rows": 2694,"Plan Width": 4,"Actual Startup Time": 908.648,"Actual Total Time": 908.649,"Actual Rows": 5981,"Actual Loops": 1,"Hash Buckets": 8192,"Original Hash Buckets": 4096,"Hash Batches": 1,"Original Hash Batches": 1,"Peak Memory Usage": 275,"Plans": [{"Node Type": "Nested Loop","Parent Relationship": "Outer","Parallel Aware": false,"Async Capable": false,"Join Type": "Inner","Startup Cost": 0.42,"Total Cost": 88158.53,"Plan Rows": 2694,"Plan Width": 4,"Actual Startup Time": 0.380,"Actual Total Time": 903.945,"Actual Rows": 5981,"Actual Loops": 1,"Inner Unique": false,"Plans": [{"Node Type": "Seq Scan","Parent Relationship": "Outer","Parallel Aware": false,"Async Capable": false,"Relation Name": "part","Alias": "part","Startup Cost": 0.00,"Total Cost": 6597.00,"Plan Rows": 2020,"Plan Width": 4,"Actual Startup Time": 0.073,"Actual Total Time": 200.388,"Actual Rows": 2205,"Actual Loops": 1,"Filter": "((p_name)::text ~~ 'rose%'::text)","Rows Removed by Filter": 197795},{"Node Type": "Index Scan","Parent Relationship": "Inner","Parallel Aware": false,"Async Capable": false,"Scan Direction": "Forward","Index Name": "idx_partsupp_partkey","Relation Name": "partsupp","Alias": "partsupp","Startup Cost": 0.42,"Total Cost": 40.36,"Plan Rows": 1,"Plan Width": 8,"Actual Startup Time": 0.137,"Actual Total Time": 0.319,"Actual Rows": 3,"Actual Loops": 2205,"Index Cond": "(ps_partkey = part.p_partkey)","Rows Removed by Index Recheck": 0,"Filter": "((ps_availqty)::numeric > (SubPlan 1))","Rows Removed by Filter": 1,"Plans": [{"Node Type": "Aggregate","Strategy": "Plain","Partial Mode": "Simple","Parent Relationship": "SubPlan","Subplan Name": "SubPlan 1","Parallel Aware": false,"Async Capable": false,"Startup Cost": 8.46,"Total Cost": 8.47,"Plan Rows": 1,"Plan Width": 32,"Actual Startup Time": 0.071,"Actual Total Time": 0.071,"Actual Rows": 1,"Actual Loops": 8820,"Plans": [{"Node Type": "Index Scan","Parent Relationship": "Outer","Parallel Aware": false,"Async Capable": false,"Scan Direction": "Forward","Index Name": "idx_lineitem_part_supp","Relation Name": "lineitem","Alias": "lineitem","Startup Cost": 0.43,"Total Cost": 8.46,"Plan Rows": 0,"Plan Width": 5,"Actual Startup Time": 0.044,"Actual Total Time": 0.070,"Actual Rows": 1,"Actual Loops": 8820,"Index Cond": "((l_partkey = partsupp.ps_partkey) AND (l_suppkey = partsupp.ps_suppkey))","Rows Removed by Index Recheck": 0,"Filter": "((l_shipdate >= '1993-01-01'::date) AND (l_shipdate < '1994-01-01 00:00:00'::timestamp without time zone))","Rows Removed by Filter": 6}]}]}]}]}]}]},"Planning Time": 7.424,"Triggers": [],"Execution Time": 913.358}]
[{"Plan": {"Node Type": "Sort","Parallel Aware": false,"Async Capable": false,"Startup Cost": 88442.96,"Total Cost": 88443.23,"Plan Rows": 108,"Plan Width": 51,"Actual Startup Time": 970.660,"Actual Total Time": 970.705,"Actual Rows": 164,"Actual Loops": 1,"Sort Key": ["supplier.s_name"],"Sort Method": "quicksort","Sort Space Used": 40,"Sort Space Type": "Memory","Plans": [{"Node Type": "Hash Join","Parent Relationship": "Outer","Parallel Aware": false,"Async Capable": false,"Join Type": "Semi","Startup Cost": 88199.59,"Total Cost": 88439.31,"Plan Rows": 108,"Plan Width": 51,"Actual Startup Time": 966.124,"Actual Total Time": 970.205,"Actual Rows": 164,"Actual Loops": 1,"Inner Unique": false,"Hash Cond": "(supplier.s_suppkey = partsupp.ps_suppkey)","Plans": [{"Node Type": "Nested Loop","Parent Relationship": "Outer","Parallel Aware": false,"Async Capable": false,"Join Type": "Inner","Startup Cost": 7.38,"Total Cost": 244.58,"Plan Rows": 400,"Plan Width": 55,"Actual Startup Time": 0.257,"Actual Total Time": 4.280,"Actual Rows": 380,"Actual Loops": 1,"Inner Unique": false,"Plans": [{"Node Type": "Seq Scan","Parent Relationship": "Outer","Parallel Aware": false,"Async Capable": false,"Relation Name": "nation","Alias": "nation","Startup Cost": 0.00,"Total Cost": 1.31,"Plan Rows": 1,"Plan Width": 4,"Actual Startup Time": 0.064,"Actual Total Time": 0.091,"Actual Rows": 1,"Actual Loops": 1,"Filter": "(n_name = 'ETHIOPIA'::bpchar)","Rows Removed by Filter": 24},{"Node Type": "Bitmap Heap Scan","Parent Relationship": "Inner","Parallel Aware": false,"Async Capable": false,"Relation Name": "supplier","Alias": "supplier","Startup Cost": 7.38,"Total Cost": 239.27,"Plan Rows": 400,"Plan Width": 59,"Actual Startup Time": 0.188,"Actual Total Time": 4.136,"Actual Rows": 380,"Actual Loops": 1,"Recheck Cond": "(s_nationkey = nation.n_nationkey)","Rows Removed by Index Recheck": 0,"Exact Heap Blocks": 192,"Lossy Heap Blocks": 0,"Plans": [{"Node Type": "Bitmap Index Scan","Parent Relationship": "Outer","Parallel Aware": false,"Async Capable": false,"Index Name": "idx_supplier_nation_key","Startup Cost": 0.00,"Total Cost": 7.29,"Plan Rows": 400,"Plan Width": 0,"Actual Startup Time": 0.126,"Actual Total Time": 0.131,"Actual Rows": 380,"Actual Loops": 1,"Index Cond": "(s_nationkey = nation.n_nationkey)"}]}]},{"Node Type": "Hash","Parent Relationship": "Inner","Parallel Aware": false,"Async Capable": false,"Startup Cost": 88158.53,"Total Cost": 88158.53,"Plan Rows": 2694,"Plan Width": 4,"Actual Startup Time": 965.763,"Actual Total Time": 965.775,"Actual Rows": 5846,"Actual Loops": 1,"Hash Buckets": 8192,"Original Hash Buckets": 4096,"Hash Batches": 1,"Original Hash Batches": 1,"Peak Memory Usage": 270,"Plans": [{"Node Type": "Nested Loop","Parent Relationship": "Outer","Parallel Aware": false,"Async Capable": false,"Join Type": "Inner","Startup Cost": 0.42,"Total Cost": 88158.53,"Plan Rows": 2694,"Plan Width": 4,"Actual Startup Time": 1.086,"Actual Total Time": 961.608,"Actual Rows": 5846,"Actual Loops": 1,"Inner Unique": false,"Plans": [{"Node Type": "Seq Scan","Parent Relationship": "Outer","Parallel Aware": false,"Async Capable": false,"Relation Name": "part","Alias": "part","Startup Cost": 0.00,"Total Cost": 6597.00,"Plan Rows": 2020,"Plan Width": 4,"Actual Startup Time": 0.273,"Actual Total Time": 181.138,"Actual Rows": 2171,"Actual Loops": 1,"Filter": "((p_name)::text ~~ 'brown%'::text)","Rows Removed by Filter": 197829},{"Node Type": "Index Scan","Parent Relationship": "Inner","Parallel Aware": false,"Async Capable": false,"Scan Direction": "Forward","Index Name": "idx_partsupp_partkey","Relation Name": "partsupp","Alias": "partsupp","Startup Cost": 0.42,"Total Cost": 40.36,"Plan Rows": 1,"Plan Width": 8,"Actual Startup Time": 0.150,"Actual Total Time": 0.359,"Actual Rows": 3,"Actual Loops": 2171,"Index Cond": "(ps_partkey = part.p_partkey)","Rows Removed by Index Recheck": 0,"Filter": "((ps_availqty)::numeric > (SubPlan 1))","Rows Removed by Filter": 1,"Plans": [{"Node Type": "Aggregate","Strategy": "Plain","Partial Mode": "Simple","Parent Relationship": "SubPlan","Subplan Name": "SubPlan 1","Parallel Aware": false,"Async Capable": false,"Startup Cost": 8.46,"Total Cost": 8.47,"Plan Rows": 1,"Plan Width": 32,"Actual Startup Time": 0.082,"Actual Total Time": 0.082,"Actual Rows": 1,"Actual Loops": 8684,"Plans": [{"Node Type": "Index Scan","Parent Relationship": "Outer","Parallel Aware": false,"Async Capable": false,"Scan Direction": "Forward","Index Name": "idx_lineitem_part_supp","Relation Name": "lineitem","Alias": "lineitem","Startup Cost": 0.43,"Total Cost": 8.46,"Plan Rows": 0,"Plan Width": 5,"Actual Startup Time": 0.050,"Actual Total Time": 0.081,"Actual Rows": 1,"Actual Loops": 8684,"Index Cond": "((l_partkey = partsupp.ps_partkey) AND (l_suppkey = partsupp.ps_suppkey))","Rows Removed by Index Recheck": 0,"Filter": "((l_shipdate >= '1994-01-01'::date) AND (l_shipdate < '1995-01-01 00:00:00'::timestamp without time zone))","Rows Removed by Filter": 6}]}]}]}]}]}]},"Planning Time": 5.614,"Triggers": [],"Execution Time": 970.955}]
[{"Plan": {"Node Type": "Sort","Parallel Aware": false,"Async Capable": false,"Startup Cost": 88442.96,"Total Cost": 88443.23,"Plan Rows": 108,"Plan Width": 51,"Actual Startup Time": 875.319,"Actual Total Time": 875.362,"Actual Rows": 192,"Actual Loops": 1,"Sort Key": ["supplier.s_name"],"Sort Method": "quicksort","Sort Space Used": 42,"Sort Space Type": "Memory","Plans": [{"Node Type": "Hash Join","Parent Relationship": "Outer","Parallel Aware": false,"Async Capable": false,"Join Type": "Semi","Startup Cost": 88199.59,"Total Cost": 88439.31,"Plan Rows": 108,"Plan Width": 51,"Actual Startup Time": 871.248,"Actual Total Time": 874.978,"Actual Rows": 192,"Actual Loops": 1,"Inner Unique": false,"Hash Cond": "(supplier.s_suppkey = partsupp.ps_suppkey)","Plans": [{"Node Type": "Nested Loop","Parent Relationship": "Outer","Parallel Aware": false,"Async Capable": false,"Join Type": "Inner","Startup Cost": 7.38,"Total Cost": 244.58,"Plan Rows": 400,"Plan Width": 55,"Actual Startup Time": 0.324,"Actual Total Time": 3.956,"Actual Rows": 407,"Actual Loops": 1,"Inner Unique": false,"Plans": [{"Node Type": "Seq Scan","Parent Relationship": "Outer","Parallel Aware": false,"Async Capable": false,"Relation Name": "nation","Alias": "nation","Startup Cost": 0.00,"Total Cost": 1.31,"Plan Rows": 1,"Plan Width": 4,"Actual Startup Time": 0.077,"Actual Total Time": 0.100,"Actual Rows": 1,"Actual Loops": 1,"Filter": "(n_name = 'CHINA'::bpchar)","Rows Removed by Filter": 24},{"Node Type": "Bitmap Heap Scan","Parent Relationship": "Inner","Parallel Aware": false,"Async Capable": false,"Relation Name": "supplier","Alias": "supplier","Startup Cost": 7.38,"Total Cost": 239.27,"Plan Rows": 400,"Plan Width": 59,"Actual Startup Time": 0.238,"Actual Total Time": 3.773,"Actual Rows": 407,"Actual Loops": 1,"Recheck Cond": "(s_nationkey = nation.n_nationkey)","Rows Removed by Index Recheck": 0,"Exact Heap Blocks": 186,"Lossy Heap Blocks": 0,"Plans": [{"Node Type": "Bitmap Index Scan","Parent Relationship": "Outer","Parallel Aware": false,"Async Capable": false,"Index Name": "idx_supplier_nation_key","Startup Cost": 0.00,"Total Cost": 7.29,"Plan Rows": 400,"Plan Width": 0,"Actual Startup Time": 0.156,"Actual Total Time": 0.160,"Actual Rows": 407,"Actual Loops": 1,"Index Cond": "(s_nationkey = nation.n_nationkey)"}]}]},{"Node Type": "Hash","Parent Relationship": "Inner","Parallel Aware": false,"Async Capable": false,"Startup Cost": 88158.53,"Total Cost": 88158.53,"Plan Rows": 2694,"Plan Width": 4,"Actual Startup Time": 870.828,"Actual Total Time": 870.840,"Actual Rows": 5717,"Actual Loops": 1,"Hash Buckets": 8192,"Original Hash Buckets": 4096,"Hash Batches": 1,"Original Hash Batches": 1,"Peak Memory Usage": 265,"Plans": [{"Node Type": "Nested Loop","Parent Relationship": "Outer","Parallel Aware": false,"Async Capable": false,"Join Type": "Inner","Startup Cost": 0.42,"Total Cost": 88158.53,"Plan Rows": 2694,"Plan Width": 4,"Actual Startup Time": 0.643,"Actual Total Time": 865.843,"Actual Rows": 5717,"Actual Loops": 1,"Inner Unique": false,"Plans": [{"Node Type": "Seq Scan","Parent Relationship": "Outer","Parallel Aware": false,"Async Capable": false,"Relation Name": "part","Alias": "part","Startup Cost": 0.00,"Total Cost": 6597.00,"Plan Rows": 2020,"Plan Width": 4,"Actual Startup Time": 0.179,"Actual Total Time": 195.775,"Actual Rows": 2115,"Actual Loops": 1,"Filter": "((p_name)::text ~~ 'dodger%'::text)","Rows Removed by Filter": 197885},{"Node Type": "Index Scan","Parent Relationship": "Inner","Parallel Aware": false,"Async Capable": false,"Scan Direction": "Forward","Index Name": "idx_partsupp_partkey","Relation Name": "partsupp","Alias": "partsupp","Startup Cost": 0.42,"Total Cost": 40.36,"Plan Rows": 1,"Plan Width": 8,"Actual Startup Time": 0.135,"Actual Total Time": 0.316,"Actual Rows": 3,"Actual Loops": 2115,"Index Cond": "(ps_partkey = part.p_partkey)","Rows Removed by Index Recheck": 0,"Filter": "((ps_availqty)::numeric > (SubPlan 1))","Rows Removed by Filter": 1,"Plans": [{"Node Type": "Aggregate","Strategy": "Plain","Partial Mode": "Simple","Parent Relationship": "SubPlan","Subplan Name": "SubPlan 1","Parallel Aware": false,"Async Capable": false,"Startup Cost": 8.46,"Total Cost": 8.47,"Plan Rows": 1,"Plan Width": 32,"Actual Startup Time": 0.071,"Actual Total Time": 0.071,"Actual Rows": 1,"Actual Loops": 8460,"Plans": [{"Node Type": "Index Scan","Parent Relationship": "Outer","Parallel Aware": false,"Async Capable": false,"Scan Direction": "Forward","Index Name": "idx_lineitem_part_supp","Relation Name": "lineitem","Alias": "lineitem","Startup Cost": 0.43,"Total Cost": 8.46,"Plan Rows": 0,"Plan Width": 5,"Actual Startup Time": 0.043,"Actual Total Time": 0.070,"Actual Rows": 1,"Actual Loops": 8460,"Index Cond": "((l_partkey = partsupp.ps_partkey) AND (l_suppkey = partsupp.ps_suppkey))","Rows Removed by Index Recheck": 0,"Filter": "((l_shipdate >= '1997-01-01'::date) AND (l_shipdate < '1998-01-01 00:00:00'::timestamp without time zone))","Rows Removed by Filter": 6}]}]}]}]}]}]},"Planning Time": 6.917,"Triggers": [],"Execution Time": 875.651}]
[{"Plan": {"Node Type": "Sort","Parallel Aware": false,"Async Capable": false,"Startup Cost": 88442.96,"Total Cost": 88443.23,"Plan Rows": 108,"Plan Width": 51,"Actual Startup Time": 972.632,"Actual Total Time": 972.668,"Actual Rows": 167,"Actual Loops": 1,"Sort Key": ["supplier.s_name"],"Sort Method": "quicksort","Sort Space Used": 40,"Sort Space Type": "Memory","Plans": [{"Node Type": "Hash Join","Parent Relationship": "Outer","Parallel Aware": false,"Async Capable": false,"Join Type": "Semi","Startup Cost": 88199.59,"Total Cost": 88439.31,"Plan Rows": 108,"Plan Width": 51,"Actual Startup Time": 968.509,"Actual Total Time": 972.217,"Actual Rows": 167,"Actual Loops": 1,"Inner Unique": false,"Hash Cond": "(supplier.s_suppkey = partsupp.ps_suppkey)","Plans": [{"Node Type": "Nested Loop","Parent Relationship": "Outer","Parallel Aware": false,"Async Capable": false,"Join Type": "Inner","Startup Cost": 7.38,"Total Cost": 244.58,"Plan Rows": 400,"Plan Width": 55,"Actual Startup Time": 0.275,"Actual Total Time": 3.931,"Actual Rows": 393,"Actual Loops": 1,"Inner Unique": false,"Plans": [{"Node Type": "Seq Scan","Parent Relationship": "Outer","Parallel Aware": false,"Async Capable": false,"Relation Name": "nation","Alias": "nation","Startup Cost": 0.00,"Total Cost": 1.31,"Plan Rows": 1,"Plan Width": 4,"Actual Startup Time": 0.061,"Actual Total Time": 0.070,"Actual Rows": 1,"Actual Loops": 1,"Filter": "(n_name = 'UNITED STATES'::bpchar)","Rows Removed by Filter": 24},{"Node Type": "Bitmap Heap Scan","Parent Relationship": "Inner","Parallel Aware": false,"Async Capable": false,"Relation Name": "supplier","Alias": "supplier","Startup Cost": 7.38,"Total Cost": 239.27,"Plan Rows": 400,"Plan Width": 59,"Actual Startup Time": 0.207,"Actual Total Time": 3.802,"Actual Rows": 393,"Actual Loops": 1,"Recheck Cond": "(s_nationkey = nation.n_nationkey)","Rows Removed by Index Recheck": 0,"Exact Heap Blocks": 181,"Lossy Heap Blocks": 0,"Plans": [{"Node Type": "Bitmap Index Scan","Parent Relationship": "Outer","Parallel Aware": false,"Async Capable": false,"Index Name": "idx_supplier_nation_key","Startup Cost": 0.00,"Total Cost": 7.29,"Plan Rows": 400,"Plan Width": 0,"Actual Startup Time": 0.141,"Actual Total Time": 0.146,"Actual Rows": 393,"Actual Loops": 1,"Index Cond": "(s_nationkey = nation.n_nationkey)"}]}]},{"Node Type": "Hash","Parent Relationship": "Inner","Parallel Aware": false,"Async Capable": false,"Startup Cost": 88158.53,"Total Cost": 88158.53,"Plan Rows": 2694,"Plan Width": 4,"Actual Startup Time": 968.145,"Actual Total Time": 968.150,"Actual Rows": 5896,"Actual Loops": 1,"Hash Buckets": 8192,"Original Hash Buckets": 4096,"Hash Batches": 1,"Original Hash Batches": 1,"Peak Memory Usage": 272,"Plans": [{"Node Type": "Nested Loop","Parent Relationship": "Outer","Parallel Aware": false,"Async Capable": false,"Join Type": "Inner","Startup Cost": 0.42,"Total Cost": 88158.53,"Plan Rows": 2694,"Plan Width": 4,"Actual Startup Time": 0.476,"Actual Total Time": 964.000,"Actual Rows": 5896,"Actual Loops": 1,"Inner Unique": false,"Plans": [{"Node Type": "Seq Scan","Parent Relationship": "Outer","Parallel Aware": false,"Async Capable": false,"Relation Name": "part","Alias": "part","Startup Cost": 0.00,"Total Cost": 6597.00,"Plan Rows": 2020,"Plan Width": 4,"Actual Startup Time": 0.057,"Actual Total Time": 179.531,"Actual Rows": 2166,"Actual Loops": 1,"Filter": "((p_name)::text ~~ 'blush%'::text)","Rows Removed by Filter": 197834},{"Node Type": "Index Scan","Parent Relationship": "Inner","Parallel Aware": false,"Async Capable": false,"Scan Direction": "Forward","Index Name": "idx_partsupp_partkey","Relation Name": "partsupp","Alias": "partsupp","Startup Cost": 0.42,"Total Cost": 40.36,"Plan Rows": 1,"Plan Width": 8,"Actual Startup Time": 0.150,"Actual Total Time": 0.362,"Actual Rows": 3,"Actual Loops": 2166,"Index Cond": "(ps_partkey = part.p_partkey)","Rows Removed by Index Recheck": 0,"Filter": "((ps_availqty)::numeric > (SubPlan 1))","Rows Removed by Filter": 1,"Plans": [{"Node Type": "Aggregate","Strategy": "Plain","Partial Mode": "Simple","Parent Relationship": "SubPlan","Subplan Name": "SubPlan 1","Parallel Aware": false,"Async Capable": false,"Startup Cost": 8.46,"Total Cost": 8.47,"Plan Rows": 1,"Plan Width": 32,"Actual Startup Time": 0.082,"Actual Total Time": 0.082,"Actual Rows": 1,"Actual Loops": 8664,"Plans": [{"Node Type": "Index Scan","Parent Relationship": "Outer","Parallel Aware": false,"Async Capable": false,"Scan Direction": "Forward","Index Name": "idx_lineitem_part_supp","Relation Name": "lineitem","Alias": "lineitem","Startup Cost": 0.43,"Total Cost": 8.46,"Plan Rows": 0,"Plan Width": 5,"Actual Startup Time": 0.050,"Actual Total Time": 0.082,"Actual Rows": 1,"Actual Loops": 8664,"Index Cond": "((l_partkey = partsupp.ps_partkey) AND (l_suppkey = partsupp.ps_suppkey))","Rows Removed by Index Recheck": 0,"Filter": "((l_shipdate >= '1997-01-01'::date) AND (l_shipdate < '1998-01-01 00:00:00'::timestamp without time zone))","Rows Removed by Filter": 6}]}]}]}]}]}]},"Planning Time": 5.566,"Triggers": [],"Execution Time": 972.910}]
[{"Plan": {"Node Type": "Sort","Parallel Aware": false,"Async Capable": false,"Startup Cost": 88442.96,"Total Cost": 88443.23,"Plan Rows": 108,"Plan Width": 51,"Actual Startup Time": 901.757,"Actual Total Time": 901.792,"Actual Rows": 189,"Actual Loops": 1,"Sort Key": ["supplier.s_name"],"Sort Method": "quicksort","Sort Space Used": 42,"Sort Space Type": "Memory","Plans": [{"Node Type": "Hash Join","Parent Relationship": "Outer","Parallel Aware": false,"Async Capable": false,"Join Type": "Semi","Startup Cost": 88199.59,"Total Cost": 88439.31,"Plan Rows": 108,"Plan Width": 51,"Actual Startup Time": 897.623,"Actual Total Time": 901.414,"Actual Rows": 189,"Actual Loops": 1,"Inner Unique": false,"Hash Cond": "(supplier.s_suppkey = partsupp.ps_suppkey)","Plans": [{"Node Type": "Nested Loop","Parent Relationship": "Outer","Parallel Aware": false,"Async Capable": false,"Join Type": "Inner","Startup Cost": 7.38,"Total Cost": 244.58,"Plan Rows": 400,"Plan Width": 55,"Actual Startup Time": 0.317,"Actual Total Time": 3.989,"Actual Rows": 411,"Actual Loops": 1,"Inner Unique": false,"Plans": [{"Node Type": "Seq Scan","Parent Relationship": "Outer","Parallel Aware": false,"Async Capable": false,"Relation Name": "nation","Alias": "nation","Startup Cost": 0.00,"Total Cost": 1.31,"Plan Rows": 1,"Plan Width": 4,"Actual Startup Time": 0.071,"Actual Total Time": 0.090,"Actual Rows": 1,"Actual Loops": 1,"Filter": "(n_name = 'SAUDI ARABIA'::bpchar)","Rows Removed by Filter": 24},{"Node Type": "Bitmap Heap Scan","Parent Relationship": "Inner","Parallel Aware": false,"Async Capable": false,"Relation Name": "supplier","Alias": "supplier","Startup Cost": 7.38,"Total Cost": 239.27,"Plan Rows": 400,"Plan Width": 59,"Actual Startup Time": 0.236,"Actual Total Time": 3.830,"Actual Rows": 411,"Actual Loops": 1,"Recheck Cond": "(s_nationkey = nation.n_nationkey)","Rows Removed by Index Recheck": 0,"Exact Heap Blocks": 182,"Lossy Heap Blocks": 0,"Plans": [{"Node Type": "Bitmap Index Scan","Parent Relationship": "Outer","Parallel Aware": false,"Async Capable": false,"Index Name": "idx_supplier_nation_key","Startup Cost": 0.00,"Total Cost": 7.29,"Plan Rows": 400,"Plan Width": 0,"Actual Startup Time": 0.156,"Actual Total Time": 0.162,"Actual Rows": 411,"Actual Loops": 1,"Index Cond": "(s_nationkey = nation.n_nationkey)"}]}]},{"Node Type": "Hash","Parent Relationship": "Inner","Parallel Aware": false,"Async Capable": false,"Startup Cost": 88158.53,"Total Cost": 88158.53,"Plan Rows": 2694,"Plan Width": 4,"Actual Startup Time": 897.205,"Actual Total Time": 897.216,"Actual Rows": 5942,"Actual Loops": 1,"Hash Buckets": 8192,"Original Hash Buckets": 4096,"Hash Batches": 1,"Original Hash Batches": 1,"Peak Memory Usage": 273,"Plans": [{"Node Type": "Nested Loop","Parent Relationship": "Outer","Parallel Aware": false,"Async Capable": false,"Join Type": "Inner","Startup Cost": 0.42,"Total Cost": 88158.53,"Plan Rows": 2694,"Plan Width": 4,"Actual Startup Time": 0.624,"Actual Total Time": 892.804,"Actual Rows": 5942,"Actual Loops": 1,"Inner Unique": false,"Plans": [{"Node Type": "Seq Scan","Parent Relationship": "Outer","Parallel Aware": false,"Async Capable": false,"Relation Name": "part","Alias": "part","Startup Cost": 0.00,"Total Cost": 6597.00,"Plan Rows": 2020,"Plan Width": 4,"Actual Startup Time": 0.086,"Actual Total Time": 195.349,"Actual Rows": 2178,"Actual Loops": 1,"Filter": "((p_name)::text ~~ 'sandy%'::text)","Rows Removed by Filter": 197822},{"Node Type": "Index Scan","Parent Relationship": "Inner","Parallel Aware": false,"Async Capable": false,"Scan Direction": "Forward","Index Name": "idx_partsupp_partkey","Relation Name": "partsupp","Alias": "partsupp","Startup Cost": 0.42,"Total Cost": 40.36,"Plan Rows": 1,"Plan Width": 8,"Actual Startup Time": 0.136,"Actual Total Time": 0.320,"Actual Rows": 3,"Actual Loops": 2178,"Index Cond": "(ps_partkey = part.p_partkey)","Rows Removed by Index Recheck": 0,"Filter": "((ps_availqty)::numeric > (SubPlan 1))","Rows Removed by Filter": 1,"Plans": [{"Node Type": "Aggregate","Strategy": "Plain","Partial Mode": "Simple","Parent Relationship": "SubPlan","Subplan Name": "SubPlan 1","Parallel Aware": false,"Async Capable": false,"Startup Cost": 8.46,"Total Cost": 8.47,"Plan Rows": 1,"Plan Width": 32,"Actual Startup Time": 0.072,"Actual Total Time": 0.072,"Actual Rows": 1,"Actual Loops": 8712,"Plans": [{"Node Type": "Index Scan","Parent Relationship": "Outer","Parallel Aware": false,"Async Capable": false,"Scan Direction": "Forward","Index Name": "idx_lineitem_part_supp","Relation Name": "lineitem","Alias": "lineitem","Startup Cost": 0.43,"Total Cost": 8.46,"Plan Rows": 0,"Plan Width": 5,"Actual Startup Time": 0.043,"Actual Total Time": 0.071,"Actual Rows": 1,"Actual Loops": 8712,"Index Cond": "((l_partkey = partsupp.ps_partkey) AND (l_suppkey = partsupp.ps_suppkey))","Rows Removed by Index Recheck": 0,"Filter": "((l_shipdate >= '1994-01-01'::date) AND (l_shipdate < '1995-01-01 00:00:00'::timestamp without time zone))","Rows Removed by Filter": 6}]}]}]}]}]}]},"Planning Time": 6.741,"Triggers": [],"Execution Time": 902.051}]
[{"Plan": {"Node Type": "Sort","Parallel Aware": false,"Async Capable": false,"Startup Cost": 88442.96,"Total Cost": 88443.23,"Plan Rows": 108,"Plan Width": 51,"Actual Startup Time": 975.536,"Actual Total Time": 975.582,"Actual Rows": 174,"Actual Loops": 1,"Sort Key": ["supplier.s_name"],"Sort Method": "quicksort","Sort Space Used": 41,"Sort Space Type": "Memory","Plans": [{"Node Type": "Hash Join","Parent Relationship": "Outer","Parallel Aware": false,"Async Capable": false,"Join Type": "Semi","Startup Cost": 88199.59,"Total Cost": 88439.31,"Plan Rows": 108,"Plan Width": 51,"Actual Startup Time": 971.383,"Actual Total Time": 975.252,"Actual Rows": 174,"Actual Loops": 1,"Inner Unique": false,"Hash Cond": "(supplier.s_suppkey = partsupp.ps_suppkey)","Plans": [{"Node Type": "Nested Loop","Parent Relationship": "Outer","Parallel Aware": false,"Async Capable": false,"Join Type": "Inner","Startup Cost": 7.38,"Total Cost": 244.58,"Plan Rows": 400,"Plan Width": 55,"Actual Startup Time": 0.290,"Actual Total Time": 4.013,"Actual Rows": 377,"Actual Loops": 1,"Inner Unique": false,"Plans": [{"Node Type": "Seq Scan","Parent Relationship": "Outer","Parallel Aware": false,"Async Capable": false,"Relation Name": "nation","Alias": "nation","Startup Cost": 0.00,"Total Cost": 1.31,"Plan Rows": 1,"Plan Width": 4,"Actual Startup Time": 0.073,"Actual Total Time": 0.103,"Actual Rows": 1,"Actual Loops": 1,"Filter": "(n_name = 'JAPAN'::bpchar)","Rows Removed by Filter": 24},{"Node Type": "Bitmap Heap Scan","Parent Relationship": "Inner","Parallel Aware": false,"Async Capable": false,"Relation Name": "supplier","Alias": "supplier","Startup Cost": 7.38,"Total Cost": 239.27,"Plan Rows": 400,"Plan Width": 59,"Actual Startup Time": 0.206,"Actual Total Time": 3.831,"Actual Rows": 377,"Actual Loops": 1,"Recheck Cond": "(s_nationkey = nation.n_nationkey)","Rows Removed by Index Recheck": 0,"Exact Heap Blocks": 180,"Lossy Heap Blocks": 0,"Plans": [{"Node Type": "Bitmap Index Scan","Parent Relationship": "Outer","Parallel Aware": false,"Async Capable": false,"Index Name": "idx_supplier_nation_key","Startup Cost": 0.00,"Total Cost": 7.29,"Plan Rows": 400,"Plan Width": 0,"Actual Startup Time": 0.129,"Actual Total Time": 0.133,"Actual Rows": 377,"Actual Loops": 1,"Index Cond": "(s_nationkey = nation.n_nationkey)"}]}]},{"Node Type": "Hash","Parent Relationship": "Inner","Parallel Aware": false,"Async Capable": false,"Startup Cost": 88158.53,"Total Cost": 88158.53,"Plan Rows": 2694,"Plan Width": 4,"Actual Startup Time": 970.998,"Actual Total Time": 971.012,"Actual Rows": 5876,"Actual Loops": 1,"Hash Buckets": 8192,"Original Hash Buckets": 4096,"Hash Batches": 1,"Original Hash Batches": 1,"Peak Memory Usage": 271,"Plans": [{"Node Type": "Nested Loop","Parent Relationship": "Outer","Parallel Aware": false,"Async Capable": false,"Join Type": "Inner","Startup Cost": 0.42,"Total Cost": 88158.53,"Plan Rows": 2694,"Plan Width": 4,"Actual Startup Time": 0.912,"Actual Total Time": 966.840,"Actual Rows": 5876,"Actual Loops": 1,"Inner Unique": false,"Plans": [{"Node Type": "Seq Scan","Parent Relationship": "Outer","Parallel Aware": false,"Async Capable": false,"Relation Name": "part","Alias": "part","Startup Cost": 0.00,"Total Cost": 6597.00,"Plan Rows": 2020,"Plan Width": 4,"Actual Startup Time": 0.187,"Actual Total Time": 182.355,"Actual Rows": 2176,"Actual Loops": 1,"Filter": "((p_name)::text ~~ 'yellow%'::text)","Rows Removed by Filter": 197824},{"Node Type": "Index Scan","Parent Relationship": "Inner","Parallel Aware": false,"Async Capable": false,"Scan Direction": "Forward","Index Name": "idx_partsupp_partkey","Relation Name": "partsupp","Alias": "partsupp","Startup Cost": 0.42,"Total Cost": 40.36,"Plan Rows": 1,"Plan Width": 8,"Actual Startup Time": 0.152,"Actual Total Time": 0.360,"Actual Rows": 3,"Actual Loops": 2176,"Index Cond": "(ps_partkey = part.p_partkey)","Rows Removed by Index Recheck": 0,"Filter": "((ps_availqty)::numeric > (SubPlan 1))","Rows Removed by Filter": 1,"Plans": [{"Node Type": "Aggregate","Strategy": "Plain","Partial Mode": "Simple","Parent Relationship": "SubPlan","Subplan Name": "SubPlan 1","Parallel Aware": false,"Async Capable": false,"Startup Cost": 8.46,"Total Cost": 8.47,"Plan Rows": 1,"Plan Width": 32,"Actual Startup Time": 0.082,"Actual Total Time": 0.082,"Actual Rows": 1,"Actual Loops": 8704,"Plans": [{"Node Type": "Index Scan","Parent Relationship": "Outer","Parallel Aware": false,"Async Capable": false,"Scan Direction": "Forward","Index Name": "idx_lineitem_part_supp","Relation Name": "lineitem","Alias": "lineitem","Startup Cost": 0.43,"Total Cost": 8.46,"Plan Rows": 0,"Plan Width": 5,"Actual Startup Time": 0.050,"Actual Total Time": 0.081,"Actual Rows": 1,"Actual Loops": 8704,"Index Cond": "((l_partkey = partsupp.ps_partkey) AND (l_suppkey = partsupp.ps_suppkey))","Rows Removed by Index Recheck": 0,"Filter": "((l_shipdate >= '1993-01-01'::date) AND (l_shipdate < '1994-01-01 00:00:00'::timestamp without time zone))","Rows Removed by Filter": 6}]}]}]}]}]}]},"Planning Time": 7.029,"Triggers": [],"Execution Time": 975.870}]
[{"Plan": {"Node Type": "Sort","Parallel Aware": false,"Async Capable": false,"Startup Cost": 88442.96,"Total Cost": 88443.23,"Plan Rows": 108,"Plan Width": 51,"Actual Startup Time": 973.576,"Actual Total Time": 973.611,"Actual Rows": 139,"Actual Loops": 1,"Sort Key": ["supplier.s_name"],"Sort Method": "quicksort","Sort Space Used": 38,"Sort Space Type": "Memory","Plans": [{"Node Type": "Hash Join","Parent Relationship": "Outer","Parallel Aware": false,"Async Capable": false,"Join Type": "Semi","Startup Cost": 88199.59,"Total Cost": 88439.31,"Plan Rows": 108,"Plan Width": 51,"Actual Startup Time": 969.679,"Actual Total Time": 973.293,"Actual Rows": 139,"Actual Loops": 1,"Inner Unique": false,"Hash Cond": "(supplier.s_suppkey = partsupp.ps_suppkey)","Plans": [{"Node Type": "Nested Loop","Parent Relationship": "Outer","Parallel Aware": false,"Async Capable": false,"Join Type": "Inner","Startup Cost": 7.38,"Total Cost": 244.58,"Plan Rows": 400,"Plan Width": 55,"Actual Startup Time": 0.275,"Actual Total Time": 3.835,"Actual Rows": 362,"Actual Loops": 1,"Inner Unique": false,"Plans": [{"Node Type": "Seq Scan","Parent Relationship": "Outer","Parallel Aware": false,"Async Capable": false,"Relation Name": "nation","Alias": "nation","Startup Cost": 0.00,"Total Cost": 1.31,"Plan Rows": 1,"Plan Width": 4,"Actual Startup Time": 0.074,"Actual Total Time": 0.100,"Actual Rows": 1,"Actual Loops": 1,"Filter": "(n_name = 'JORDAN'::bpchar)","Rows Removed by Filter": 24},{"Node Type": "Bitmap Heap Scan","Parent Relationship": "Inner","Parallel Aware": false,"Async Capable": false,"Relation Name": "supplier","Alias": "supplier","Startup Cost": 7.38,"Total Cost": 239.27,"Plan Rows": 400,"Plan Width": 59,"Actual Startup Time": 0.197,"Actual Total Time": 3.672,"Actual Rows": 362,"Actual Loops": 1,"Recheck Cond": "(s_nationkey = nation.n_nationkey)","Rows Removed by Index Recheck": 0,"Exact Heap Blocks": 166,"Lossy Heap Blocks": 0,"Plans": [{"Node Type": "Bitmap Index Scan","Parent Relationship": "Outer","Parallel Aware": false,"Async Capable": false,"Index Name": "idx_supplier_nation_key","Startup Cost": 0.00,"Total Cost": 7.29,"Plan Rows": 400,"Plan Width": 0,"Actual Startup Time": 0.127,"Actual Total Time": 0.133,"Actual Rows": 362,"Actual Loops": 1,"Index Cond": "(s_nationkey = nation.n_nationkey)"}]}]},{"Node Type": "Hash","Parent Relationship": "Inner","Parallel Aware": false,"Async Capable": false,"Startup Cost": 88158.53,"Total Cost": 88158.53,"Plan Rows": 2694,"Plan Width": 4,"Actual Startup Time": 969.280,"Actual Total Time": 969.285,"Actual Rows": 5941,"Actual Loops": 1,"Hash Buckets": 8192,"Original Hash Buckets": 4096,"Hash Batches": 1,"Original Hash Batches": 1,"Peak Memory Usage": 273,"Plans": [{"Node Type": "Nested Loop","Parent Relationship": "Outer","Parallel Aware": false,"Async Capable": false,"Join Type": "Inner","Startup Cost": 0.42,"Total Cost": 88158.53,"Plan Rows": 2694,"Plan Width": 4,"Actual Startup Time": 0.946,"Actual Total Time": 964.931,"Actual Rows": 5941,"Actual Loops": 1,"Inner Unique": false,"Plans": [{"Node Type": "Seq Scan","Parent Relationship": "Outer","Parallel Aware": false,"Async Capable": false,"Relation Name": "part","Alias": "part","Startup Cost": 0.00,"Total Cost": 6597.00,"Plan Rows": 2020,"Plan Width": 4,"Actual Startup Time": 0.259,"Actual Total Time": 180.764,"Actual Rows": 2193,"Actual Loops": 1,"Filter": "((p_name)::text ~~ 'puff%'::text)","Rows Removed by Filter": 197807},{"Node Type": "Index Scan","Parent Relationship": "Inner","Parallel Aware": false,"Async Capable": false,"Scan Direction": "Forward","Index Name": "idx_partsupp_partkey","Relation Name": "partsupp","Alias": "partsupp","Startup Cost": 0.42,"Total Cost": 40.36,"Plan Rows": 1,"Plan Width": 8,"Actual Startup Time": 0.150,"Actual Total Time": 0.357,"Actual Rows": 3,"Actual Loops": 2193,"Index Cond": "(ps_partkey = part.p_partkey)","Rows Removed by Index Recheck": 0,"Filter": "((ps_availqty)::numeric > (SubPlan 1))","Rows Removed by Filter": 1,"Plans": [{"Node Type": "Aggregate","Strategy": "Plain","Partial Mode": "Simple","Parent Relationship": "SubPlan","Subplan Name": "SubPlan 1","Parallel Aware": false,"Async Capable": false,"Startup Cost": 8.46,"Total Cost": 8.47,"Plan Rows": 1,"Plan Width": 32,"Actual Startup Time": 0.081,"Actual Total Time": 0.081,"Actual Rows": 1,"Actual Loops": 8772,"Plans": [{"Node Type": "Index Scan","Parent Relationship": "Outer","Parallel Aware": false,"Async Capable": false,"Scan Direction": "Forward","Index Name": "idx_lineitem_part_supp","Relation Name": "lineitem","Alias": "lineitem","Startup Cost": 0.43,"Total Cost": 8.46,"Plan Rows": 0,"Plan Width": 5,"Actual Startup Time": 0.050,"Actual Total Time": 0.080,"Actual Rows": 1,"Actual Loops": 8772,"Index Cond": "((l_partkey = partsupp.ps_partkey) AND (l_suppkey = partsupp.ps_suppkey))","Rows Removed by Index Recheck": 0,"Filter": "((l_shipdate >= '1993-01-01'::date) AND (l_shipdate < '1994-01-01 00:00:00'::timestamp without time zone))","Rows Removed by Filter": 6}]}]}]}]}]}]},"Planning Time": 6.435,"Triggers": [],"Execution Time": 973.887}]
[{"Plan": {"Node Type": "Sort","Parallel Aware": false,"Async Capable": false,"Startup Cost": 88442.96,"Total Cost": 88443.23,"Plan Rows": 108,"Plan Width": 51,"Actual Startup Time": 968.409,"Actual Total Time": 968.454,"Actual Rows": 177,"Actual Loops": 1,"Sort Key": ["supplier.s_name"],"Sort Method": "quicksort","Sort Space Used": 41,"Sort Space Type": "Memory","Plans": [{"Node Type": "Hash Join","Parent Relationship": "Outer","Parallel Aware": false,"Async Capable": false,"Join Type": "Semi","Startup Cost": 88199.59,"Total Cost": 88439.31,"Plan Rows": 108,"Plan Width": 51,"Actual Startup Time": 964.350,"Actual Total Time": 968.095,"Actual Rows": 177,"Actual Loops": 1,"Inner Unique": false,"Hash Cond": "(supplier.s_suppkey = partsupp.ps_suppkey)","Plans": [{"Node Type": "Nested Loop","Parent Relationship": "Outer","Parallel Aware": false,"Async Capable": false,"Join Type": "Inner","Startup Cost": 7.38,"Total Cost": 244.58,"Plan Rows": 400,"Plan Width": 55,"Actual Startup Time": 0.262,"Actual Total Time": 3.857,"Actual Rows": 402,"Actual Loops": 1,"Inner Unique": false,"Plans": [{"Node Type": "Seq Scan","Parent Relationship": "Outer","Parallel Aware": false,"Async Capable": false,"Relation Name": "nation","Alias": "nation","Startup Cost": 0.00,"Total Cost": 1.31,"Plan Rows": 1,"Plan Width": 4,"Actual Startup Time": 0.073,"Actual Total Time": 0.097,"Actual Rows": 1,"Actual Loops": 1,"Filter": "(n_name = 'FRANCE'::bpchar)","Rows Removed by Filter": 24},{"Node Type": "Bitmap Heap Scan","Parent Relationship": "Inner","Parallel Aware": false,"Async Capable": false,"Relation Name": "supplier","Alias": "supplier","Startup Cost": 7.38,"Total Cost": 239.27,"Plan Rows": 400,"Plan Width": 59,"Actual Startup Time": 0.181,"Actual Total Time": 3.695,"Actual Rows": 402,"Actual Loops": 1,"Recheck Cond": "(s_nationkey = nation.n_nationkey)","Rows Removed by Index Recheck": 0,"Exact Heap Blocks": 184,"Lossy Heap Blocks": 0,"Plans": [{"Node Type": "Bitmap Index Scan","Parent Relationship": "Outer","Parallel Aware": false,"Async Capable": false,"Index Name": "idx_supplier_nation_key","Startup Cost": 0.00,"Total Cost": 7.29,"Plan Rows": 400,"Plan Width": 0,"Actual Startup Time": 0.110,"Actual Total Time": 0.116,"Actual Rows": 402,"Actual Loops": 1,"Index Cond": "(s_nationkey = nation.n_nationkey)"}]}]},{"Node Type": "Hash","Parent Relationship": "Inner","Parallel Aware": false,"Async Capable": false,"Startup Cost": 88158.53,"Total Cost": 88158.53,"Plan Rows": 2694,"Plan Width": 4,"Actual Startup Time": 964.032,"Actual Total Time": 964.045,"Actual Rows": 5846,"Actual Loops": 1,"Hash Buckets": 8192,"Original Hash Buckets": 4096,"Hash Batches": 1,"Original Hash Batches": 1,"Peak Memory Usage": 270,"Plans": [{"Node Type": "Nested Loop","Parent Relationship": "Outer","Parallel Aware": false,"Async Capable": false,"Join Type": "Inner","Startup Cost": 0.42,"Total Cost": 88158.53,"Plan Rows": 2694,"Plan Width": 4,"Actual Startup Time": 1.102,"Actual Total Time": 960.147,"Actual Rows": 5846,"Actual Loops": 1,"Inner Unique": false,"Plans": [{"Node Type": "Seq Scan","Parent Relationship": "Outer","Parallel Aware": false,"Async Capable": false,"Relation Name": "part","Alias": "part","Startup Cost": 0.00,"Total Cost": 6597.00,"Plan Rows": 2020,"Plan Width": 4,"Actual Startup Time": 0.252,"Actual Total Time": 179.112,"Actual Rows": 2171,"Actual Loops": 1,"Filter": "((p_name)::text ~~ 'brown%'::text)","Rows Removed by Filter": 197829},{"Node Type": "Index Scan","Parent Relationship": "Inner","Parallel Aware": false,"Async Capable": false,"Scan Direction": "Forward","Index Name": "idx_partsupp_partkey","Relation Name": "partsupp","Alias": "partsupp","Startup Cost": 0.42,"Total Cost": 40.36,"Plan Rows": 1,"Plan Width": 8,"Actual Startup Time": 0.150,"Actual Total Time": 0.359,"Actual Rows": 3,"Actual Loops": 2171,"Index Cond": "(ps_partkey = part.p_partkey)","Rows Removed by Index Recheck": 0,"Filter": "((ps_availqty)::numeric > (SubPlan 1))","Rows Removed by Filter": 1,"Plans": [{"Node Type": "Aggregate","Strategy": "Plain","Partial Mode": "Simple","Parent Relationship": "SubPlan","Subplan Name": "SubPlan 1","Parallel Aware": false,"Async Capable": false,"Startup Cost": 8.46,"Total Cost": 8.47,"Plan Rows": 1,"Plan Width": 32,"Actual Startup Time": 0.082,"Actual Total Time": 0.082,"Actual Rows": 1,"Actual Loops": 8684,"Plans": [{"Node Type": "Index Scan","Parent Relationship": "Outer","Parallel Aware": false,"Async Capable": false,"Scan Direction": "Forward","Index Name": "idx_lineitem_part_supp","Relation Name": "lineitem","Alias": "lineitem","Startup Cost": 0.43,"Total Cost": 8.46,"Plan Rows": 0,"Plan Width": 5,"Actual Startup Time": 0.050,"Actual Total Time": 0.081,"Actual Rows": 1,"Actual Loops": 8684,"Index Cond": "((l_partkey = partsupp.ps_partkey) AND (l_suppkey = partsupp.ps_suppkey))","Rows Removed by Index Recheck": 0,"Filter": "((l_shipdate >= '1994-01-01'::date) AND (l_shipdate < '1995-01-01 00:00:00'::timestamp without time zone))","Rows Removed by Filter": 6}]}]}]}]}]}]},"Planning Time": 5.952,"Triggers": [],"Execution Time": 968.724}]
[{"Plan": {"Node Type": "Sort","Parallel Aware": false,"Async Capable": false,"Startup Cost": 88442.96,"Total Cost": 88443.23,"Plan Rows": 108,"Plan Width": 51,"Actual Startup Time": 968.057,"Actual Total Time": 968.095,"Actual Rows": 201,"Actual Loops": 1,"Sort Key": ["supplier.s_name"],"Sort Method": "quicksort","Sort Space Used": 43,"Sort Space Type": "Memory","Plans": [{"Node Type": "Hash Join","Parent Relationship": "Outer","Parallel Aware": false,"Async Capable": false,"Join Type": "Semi","Startup Cost": 88199.59,"Total Cost": 88439.31,"Plan Rows": 108,"Plan Width": 51,"Actual Startup Time": 963.712,"Actual Total Time": 967.721,"Actual Rows": 201,"Actual Loops": 1,"Inner Unique": false,"Hash Cond": "(supplier.s_suppkey = partsupp.ps_suppkey)","Plans": [{"Node Type": "Nested Loop","Parent Relationship": "Outer","Parallel Aware": false,"Async Capable": false,"Join Type": "Inner","Startup Cost": 7.38,"Total Cost": 244.58,"Plan Rows": 400,"Plan Width": 55,"Actual Startup Time": 0.276,"Actual Total Time": 4.184,"Actual Rows": 415,"Actual Loops": 1,"Inner Unique": false,"Plans": [{"Node Type": "Seq Scan","Parent Relationship": "Outer","Parallel Aware": false,"Async Capable": false,"Relation Name": "nation","Alias": "nation","Startup Cost": 0.00,"Total Cost": 1.31,"Plan Rows": 1,"Plan Width": 4,"Actual Startup Time": 0.081,"Actual Total Time": 0.099,"Actual Rows": 1,"Actual Loops": 1,"Filter": "(n_name = 'EGYPT'::bpchar)","Rows Removed by Filter": 24},{"Node Type": "Bitmap Heap Scan","Parent Relationship": "Inner","Parallel Aware": false,"Async Capable": false,"Relation Name": "supplier","Alias": "supplier","Startup Cost": 7.38,"Total Cost": 239.27,"Plan Rows": 400,"Plan Width": 59,"Actual Startup Time": 0.192,"Actual Total Time": 4.008,"Actual Rows": 415,"Actual Loops": 1,"Recheck Cond": "(s_nationkey = nation.n_nationkey)","Rows Removed by Index Recheck": 0,"Exact Heap Blocks": 183,"Lossy Heap Blocks": 0,"Plans": [{"Node Type": "Bitmap Index Scan","Parent Relationship": "Outer","Parallel Aware": false,"Async Capable": false,"Index Name": "idx_supplier_nation_key","Startup Cost": 0.00,"Total Cost": 7.29,"Plan Rows": 400,"Plan Width": 0,"Actual Startup Time": 0.132,"Actual Total Time": 0.139,"Actual Rows": 415,"Actual Loops": 1,"Index Cond": "(s_nationkey = nation.n_nationkey)"}]}]},{"Node Type": "Hash","Parent Relationship": "Inner","Parallel Aware": false,"Async Capable": false,"Startup Cost": 88158.53,"Total Cost": 88158.53,"Plan Rows": 2694,"Plan Width": 4,"Actual Startup Time": 963.373,"Actual Total Time": 963.385,"Actual Rows": 5852,"Actual Loops": 1,"Hash Buckets": 8192,"Original Hash Buckets": 4096,"Hash Batches": 1,"Original Hash Batches": 1,"Peak Memory Usage": 270,"Plans": [{"Node Type": "Nested Loop","Parent Relationship": "Outer","Parallel Aware": false,"Async Capable": false,"Join Type": "Inner","Startup Cost": 0.42,"Total Cost": 88158.53,"Plan Rows": 2694,"Plan Width": 4,"Actual Startup Time": 0.765,"Actual Total Time": 959.130,"Actual Rows": 5852,"Actual Loops": 1,"Inner Unique": false,"Plans": [{"Node Type": "Seq Scan","Parent Relationship": "Outer","Parallel Aware": false,"Async Capable": false,"Relation Name": "part","Alias": "part","Startup Cost": 0.00,"Total Cost": 6597.00,"Plan Rows": 2020,"Plan Width": 4,"Actual Startup Time": 0.206,"Actual Total Time": 180.162,"Actual Rows": 2157,"Actual Loops": 1,"Filter": "((p_name)::text ~~ 'wheat%'::text)","Rows Removed by Filter": 197843},{"Node Type": "Index Scan","Parent Relationship": "Inner","Parallel Aware": false,"Async Capable": false,"Scan Direction": "Forward","Index Name": "idx_partsupp_partkey","Relation Name": "partsupp","Alias": "partsupp","Startup Cost": 0.42,"Total Cost": 40.36,"Plan Rows": 1,"Plan Width": 8,"Actual Startup Time": 0.150,"Actual Total Time": 0.361,"Actual Rows": 3,"Actual Loops": 2157,"Index Cond": "(ps_partkey = part.p_partkey)","Rows Removed by Index Recheck": 0,"Filter": "((ps_availqty)::numeric > (SubPlan 1))","Rows Removed by Filter": 1,"Plans": [{"Node Type": "Aggregate","Strategy": "Plain","Partial Mode": "Simple","Parent Relationship": "SubPlan","Subplan Name": "SubPlan 1","Parallel Aware": false,"Async Capable": false,"Startup Cost": 8.46,"Total Cost": 8.47,"Plan Rows": 1,"Plan Width": 32,"Actual Startup Time": 0.082,"Actual Total Time": 0.082,"Actual Rows": 1,"Actual Loops": 8628,"Plans": [{"Node Type": "Index Scan","Parent Relationship": "Outer","Parallel Aware": false,"Async Capable": false,"Scan Direction": "Forward","Index Name": "idx_lineitem_part_supp","Relation Name": "lineitem","Alias": "lineitem","Startup Cost": 0.43,"Total Cost": 8.46,"Plan Rows": 0,"Plan Width": 5,"Actual Startup Time": 0.050,"Actual Total Time": 0.081,"Actual Rows": 1,"Actual Loops": 8628,"Index Cond": "((l_partkey = partsupp.ps_partkey) AND (l_suppkey = partsupp.ps_suppkey))","Rows Removed by Index Recheck": 0,"Filter": "((l_shipdate >= '1997-01-01'::date) AND (l_shipdate < '1998-01-01 00:00:00'::timestamp without time zone))","Rows Removed by Filter": 6}]}]}]}]}]}]},"Planning Time": 6.704,"Triggers": [],"Execution Time": 968.336}]
[{"Plan": {"Node Type": "Sort","Parallel Aware": false,"Async Capable": false,"Startup Cost": 88442.96,"Total Cost": 88443.23,"Plan Rows": 108,"Plan Width": 51,"Actual Startup Time": 983.623,"Actual Total Time": 983.661,"Actual Rows": 193,"Actual Loops": 1,"Sort Key": ["supplier.s_name"],"Sort Method": "quicksort","Sort Space Used": 43,"Sort Space Type": "Memory","Plans": [{"Node Type": "Hash Join","Parent Relationship": "Outer","Parallel Aware": false,"Async Capable": false,"Join Type": "Semi","Startup Cost": 88199.59,"Total Cost": 88439.31,"Plan Rows": 108,"Plan Width": 51,"Actual Startup Time": 979.366,"Actual Total Time": 983.328,"Actual Rows": 193,"Actual Loops": 1,"Inner Unique": false,"Hash Cond": "(supplier.s_suppkey = partsupp.ps_suppkey)","Plans": [{"Node Type": "Nested Loop","Parent Relationship": "Outer","Parallel Aware": false,"Async Capable": false,"Join Type": "Inner","Startup Cost": 7.38,"Total Cost": 244.58,"Plan Rows": 400,"Plan Width": 55,"Actual Startup Time": 0.261,"Actual Total Time": 4.140,"Actual Rows": 413,"Actual Loops": 1,"Inner Unique": false,"Plans": [{"Node Type": "Seq Scan","Parent Relationship": "Outer","Parallel Aware": false,"Async Capable": false,"Relation Name": "nation","Alias": "nation","Startup Cost": 0.00,"Total Cost": 1.31,"Plan Rows": 1,"Plan Width": 4,"Actual Startup Time": 0.066,"Actual Total Time": 0.091,"Actual Rows": 1,"Actual Loops": 1,"Filter": "(n_name = 'ARGENTINA'::bpchar)","Rows Removed by Filter": 24},{"Node Type": "Bitmap Heap Scan","Parent Relationship": "Inner","Parallel Aware": false,"Async Capable": false,"Relation Name": "supplier","Alias": "supplier","Startup Cost": 7.38,"Total Cost": 239.27,"Plan Rows": 400,"Plan Width": 59,"Actual Startup Time": 0.188,"Actual Total Time": 3.979,"Actual Rows": 413,"Actual Loops": 1,"Recheck Cond": "(s_nationkey = nation.n_nationkey)","Rows Removed by Index Recheck": 0,"Exact Heap Blocks": 190,"Lossy Heap Blocks": 0,"Plans": [{"Node Type": "Bitmap Index Scan","Parent Relationship": "Outer","Parallel Aware": false,"Async Capable": false,"Index Name": "idx_supplier_nation_key","Startup Cost": 0.00,"Total Cost": 7.29,"Plan Rows": 400,"Plan Width": 0,"Actual Startup Time": 0.106,"Actual Total Time": 0.109,"Actual Rows": 413,"Actual Loops": 1,"Index Cond": "(s_nationkey = nation.n_nationkey)"}]}]},{"Node Type": "Hash","Parent Relationship": "Inner","Parallel Aware": false,"Async Capable": false,"Startup Cost": 88158.53,"Total Cost": 88158.53,"Plan Rows": 2694,"Plan Width": 4,"Actual Startup Time": 979.011,"Actual Total Time": 979.023,"Actual Rows": 6024,"Actual Loops": 1,"Hash Buckets": 8192,"Original Hash Buckets": 4096,"Hash Batches": 1,"Original Hash Batches": 1,"Peak Memory Usage": 276,"Plans": [{"Node Type": "Nested Loop","Parent Relationship": "Outer","Parallel Aware": false,"Async Capable": false,"Join Type": "Inner","Startup Cost": 0.42,"Total Cost": 88158.53,"Plan Rows": 2694,"Plan Width": 4,"Actual Startup Time": 0.494,"Actual Total Time": 975.108,"Actual Rows": 6024,"Actual Loops": 1,"Inner Unique": false,"Plans": [{"Node Type": "Seq Scan","Parent Relationship": "Outer","Parallel Aware": false,"Async Capable": false,"Relation Name": "part","Alias": "part","Startup Cost": 0.00,"Total Cost": 6597.00,"Plan Rows": 2020,"Plan Width": 4,"Actual Startup Time": 0.158,"Actual Total Time": 181.371,"Actual Rows": 2217,"Actual Loops": 1,"Filter": "((p_name)::text ~~ 'tomato%'::text)","Rows Removed by Filter": 197783},{"Node Type": "Index Scan","Parent Relationship": "Inner","Parallel Aware": false,"Async Capable": false,"Scan Direction": "Forward","Index Name": "idx_partsupp_partkey","Relation Name": "partsupp","Alias": "partsupp","Startup Cost": 0.42,"Total Cost": 40.36,"Plan Rows": 1,"Plan Width": 8,"Actual Startup Time": 0.150,"Actual Total Time": 0.358,"Actual Rows": 3,"Actual Loops": 2217,"Index Cond": "(ps_partkey = part.p_partkey)","Rows Removed by Index Recheck": 0,"Filter": "((ps_availqty)::numeric > (SubPlan 1))","Rows Removed by Filter": 1,"Plans": [{"Node Type": "Aggregate","Strategy": "Plain","Partial Mode": "Simple","Parent Relationship": "SubPlan","Subplan Name": "SubPlan 1","Parallel Aware": false,"Async Capable": false,"Startup Cost": 8.46,"Total Cost": 8.47,"Plan Rows": 1,"Plan Width": 32,"Actual Startup Time": 0.081,"Actual Total Time": 0.081,"Actual Rows": 1,"Actual Loops": 8868,"Plans": [{"Node Type": "Index Scan","Parent Relationship": "Outer","Parallel Aware": false,"Async Capable": false,"Scan Direction": "Forward","Index Name": "idx_lineitem_part_supp","Relation Name": "lineitem","Alias": "lineitem","Startup Cost": 0.43,"Total Cost": 8.46,"Plan Rows": 0,"Plan Width": 5,"Actual Startup Time": 0.049,"Actual Total Time": 0.080,"Actual Rows": 1,"Actual Loops": 8868,"Index Cond": "((l_partkey = partsupp.ps_partkey) AND (l_suppkey = partsupp.ps_suppkey))","Rows Removed by Index Recheck": 0,"Filter": "((l_shipdate >= '1996-01-01'::date) AND (l_shipdate < '1997-01-01 00:00:00'::timestamp without time zone))","Rows Removed by Filter": 6}]}]}]}]}]}]},"Planning Time": 6.663,"Triggers": [],"Execution Time": 983.941}]
[{"Plan": {"Node Type": "Sort","Parallel Aware": false,"Async Capable": false,"Startup Cost": 165280.99,"Total Cost": 165281.52,"Plan Rows": 215,"Plan Width": 51,"Actual Startup Time": 971.048,"Actual Total Time": 971.087,"Actual Rows": 173,"Actual Loops": 1,"Sort Key": ["supplier.s_name"],"Sort Method": "quicksort","Sort Space Used": 41,"Sort Space Type": "Memory","Plans": [{"Node Type": "Hash Join","Parent Relationship": "Outer","Parallel Aware": false,"Async Capable": false,"Join Type": "Semi","Startup Cost": 165030.68,"Total Cost": 165272.66,"Plan Rows": 215,"Plan Width": 51,"Actual Startup Time": 966.607,"Actual Total Time": 970.725,"Actual Rows": 173,"Actual Loops": 1,"Inner Unique": false,"Hash Cond": "(supplier.s_suppkey = partsupp.ps_suppkey)","Plans": [{"Node Type": "Nested Loop","Parent Relationship": "Outer","Parallel Aware": false,"Async Capable": false,"Join Type": "Inner","Startup Cost": 7.38,"Total Cost": 244.58,"Plan Rows": 400,"Plan Width": 55,"Actual Startup Time": 0.278,"Actual Total Time": 3.853,"Actual Rows": 373,"Actual Loops": 1,"Inner Unique": false,"Plans": [{"Node Type": "Seq Scan","Parent Relationship": "Outer","Parallel Aware": false,"Async Capable": false,"Relation Name": "nation","Alias": "nation","Startup Cost": 0.00,"Total Cost": 1.31,"Plan Rows": 1,"Plan Width": 4,"Actual Startup Time": 0.070,"Actual Total Time": 0.095,"Actual Rows": 1,"Actual Loops": 1,"Filter": "(n_name = 'MOROCCO'::bpchar)","Rows Removed by Filter": 24},{"Node Type": "Bitmap Heap Scan","Parent Relationship": "Inner","Parallel Aware": false,"Async Capable": false,"Relation Name": "supplier","Alias": "supplier","Startup Cost": 7.38,"Total Cost": 239.27,"Plan Rows": 400,"Plan Width": 59,"Actual Startup Time": 0.205,"Actual Total Time": 3.697,"Actual Rows": 373,"Actual Loops": 1,"Recheck Cond": "(s_nationkey = nation.n_nationkey)","Rows Removed by Index Recheck": 0,"Exact Heap Blocks": 180,"Lossy Heap Blocks": 0,"Plans": [{"Node Type": "Bitmap Index Scan","Parent Relationship": "Outer","Parallel Aware": false,"Async Capable": false,"Index Name": "idx_supplier_nation_key","Startup Cost": 0.00,"Total Cost": 7.29,"Plan Rows": 400,"Plan Width": 0,"Actual Startup Time": 0.138,"Actual Total Time": 0.144,"Actual Rows": 373,"Actual Loops": 1,"Index Cond": "(s_nationkey = nation.n_nationkey)"}]}]},{"Node Type": "Hash","Parent Relationship": "Inner","Parallel Aware": false,"Async Capable": false,"Startup Cost": 164955.96,"Total Cost": 164955.96,"Plan Rows": 5387,"Plan Width": 4,"Actual Startup Time": 966.216,"Actual Total Time": 966.224,"Actual Rows": 5838,"Actual Loops": 1,"Hash Buckets": 8192,"Original Hash Buckets": 8192,"Hash Batches": 1,"Original Hash Batches": 1,"Peak Memory Usage": 270,"Plans": [{"Node Type": "Nested Loop","Parent Relationship": "Outer","Parallel Aware": false,"Async Capable": false,"Join Type": "Inner","Startup Cost": 0.42,"Total Cost": 164955.96,"Plan Rows": 5387,"Plan Width": 4,"Actual Startup Time": 0.898,"Actual Total Time": 960.713,"Actual Rows": 5838,"Actual Loops": 1,"Inner Unique": false,"Plans": [{"Node Type": "Seq Scan","Parent Relationship": "Outer","Parallel Aware": false,"Async Capable": false,"Relation Name": "part","Alias": "part","Startup Cost": 0.00,"Total Cost": 6597.00,"Plan Rows": 4040,"Plan Width": 4,"Actual Startup Time": 0.042,"Actual Total Time": 180.762,"Actual Rows": 2157,"Actual Loops": 1,"Filter": "((p_name)::text ~~ 'spring%'::text)","Rows Removed by Filter": 197843},{"Node Type": "Index Scan","Parent Relationship": "Inner","Parallel Aware": false,"Async Capable": false,"Scan Direction": "Forward","Index Name": "idx_partsupp_partkey","Relation Name": "partsupp","Alias": "partsupp","Startup Cost": 0.42,"Total Cost": 39.18,"Plan Rows": 1,"Plan Width": 8,"Actual Startup Time": 0.151,"Actual Total Time": 0.361,"Actual Rows": 3,"Actual Loops": 2157,"Index Cond": "(ps_partkey = part.p_partkey)","Rows Removed by Index Recheck": 0,"Filter": "((ps_availqty)::numeric > (SubPlan 1))","Rows Removed by Filter": 1,"Plans": [{"Node Type": "Aggregate","Strategy": "Plain","Partial Mode": "Simple","Parent Relationship": "SubPlan","Subplan Name": "SubPlan 1","Parallel Aware": false,"Async Capable": false,"Startup Cost": 8.46,"Total Cost": 8.47,"Plan Rows": 1,"Plan Width": 32,"Actual Startup Time": 0.082,"Actual Total Time": 0.082,"Actual Rows": 1,"Actual Loops": 8628,"Plans": [{"Node Type": "Index Scan","Parent Relationship": "Outer","Parallel Aware": false,"Async Capable": false,"Scan Direction": "Forward","Index Name": "idx_lineitem_part_supp","Relation Name": "lineitem","Alias": "lineitem","Startup Cost": 0.43,"Total Cost": 8.46,"Plan Rows": 0,"Plan Width": 5,"Actual Startup Time": 0.050,"Actual Total Time": 0.081,"Actual Rows": 1,"Actual Loops": 8628,"Index Cond": "((l_partkey = partsupp.ps_partkey) AND (l_suppkey = partsupp.ps_suppkey))","Rows Removed by Index Recheck": 0,"Filter": "((l_shipdate >= '1994-01-01'::date) AND (l_shipdate < '1995-01-01 00:00:00'::timestamp without time zone))","Rows Removed by Filter": 6}]}]}]}]}]}]},"Planning Time": 6.064,"Triggers": [],"Execution Time": 971.374}]
[{"Plan": {"Node Type": "Sort","Parallel Aware": false,"Async Capable": false,"Startup Cost": 88442.96,"Total Cost": 88443.23,"Plan Rows": 108,"Plan Width": 51,"Actual Startup Time": 911.252,"Actual Total Time": 911.279,"Actual Rows": 174,"Actual Loops": 1,"Sort Key": ["supplier.s_name"],"Sort Method": "quicksort","Sort Space Used": 41,"Sort Space Type": "Memory","Plans": [{"Node Type": "Hash Join","Parent Relationship": "Outer","Parallel Aware": false,"Async Capable": false,"Join Type": "Semi","Startup Cost": 88199.59,"Total Cost": 88439.31,"Plan Rows": 108,"Plan Width": 51,"Actual Startup Time": 906.941,"Actual Total Time": 910.918,"Actual Rows": 174,"Actual Loops": 1,"Inner Unique": false,"Hash Cond": "(supplier.s_suppkey = partsupp.ps_suppkey)","Plans": [{"Node Type": "Nested Loop","Parent Relationship": "Outer","Parallel Aware": false,"Async Capable": false,"Join Type": "Inner","Startup Cost": 7.38,"Total Cost": 244.58,"Plan Rows": 400,"Plan Width": 55,"Actual Startup Time": 0.310,"Actual Total Time": 4.264,"Actual Rows": 415,"Actual Loops": 1,"Inner Unique": false,"Plans": [{"Node Type": "Seq Scan","Parent Relationship": "Outer","Parallel Aware": false,"Async Capable": false,"Relation Name": "nation","Alias": "nation","Startup Cost": 0.00,"Total Cost": 1.31,"Plan Rows": 1,"Plan Width": 4,"Actual Startup Time": 0.071,"Actual Total Time": 0.098,"Actual Rows": 1,"Actual Loops": 1,"Filter": "(n_name = 'INDIA'::bpchar)","Rows Removed by Filter": 24},{"Node Type": "Bitmap Heap Scan","Parent Relationship": "Inner","Parallel Aware": false,"Async Capable": false,"Relation Name": "supplier","Alias": "supplier","Startup Cost": 7.38,"Total Cost": 239.27,"Plan Rows": 400,"Plan Width": 59,"Actual Startup Time": 0.230,"Actual Total Time": 4.083,"Actual Rows": 415,"Actual Loops": 1,"Recheck Cond": "(s_nationkey = nation.n_nationkey)","Rows Removed by Index Recheck": 0,"Exact Heap Blocks": 186,"Lossy Heap Blocks": 0,"Plans": [{"Node Type": "Bitmap Index Scan","Parent Relationship": "Outer","Parallel Aware": false,"Async Capable": false,"Index Name": "idx_supplier_nation_key","Startup Cost": 0.00,"Total Cost": 7.29,"Plan Rows": 400,"Plan Width": 0,"Actual Startup Time": 0.155,"Actual Total Time": 0.158,"Actual Rows": 415,"Actual Loops": 1,"Index Cond": "(s_nationkey = nation.n_nationkey)"}]}]},{"Node Type": "Hash","Parent Relationship": "Inner","Parallel Aware": false,"Async Capable": false,"Startup Cost": 88158.53,"Total Cost": 88158.53,"Plan Rows": 2694,"Plan Width": 4,"Actual Startup Time": 906.463,"Actual Total Time": 906.469,"Actual Rows": 6055,"Actual Loops": 1,"Hash Buckets": 8192,"Original Hash Buckets": 4096,"Hash Batches": 1,"Original Hash Batches": 1,"Peak Memory Usage": 277,"Plans": [{"Node Type": "Nested Loop","Parent Relationship": "Outer","Parallel Aware": false,"Async Capable": false,"Join Type": "Inner","Startup Cost": 0.42,"Total Cost": 88158.53,"Plan Rows": 2694,"Plan Width": 4,"Actual Startup Time": 0.425,"Actual Total Time": 901.957,"Actual Rows": 6055,"Actual Loops": 1,"Inner Unique": false,"Plans": [{"Node Type": "Seq Scan","Parent Relationship": "Outer","Parallel Aware": false,"Async Capable": false,"Relation Name": "part","Alias": "part","Startup Cost": 0.00,"Total Cost": 6597.00,"Plan Rows": 2020,"Plan Width": 4,"Actual Startup Time": 0.057,"Actual Total Time": 195.793,"Actual Rows": 2216,"Actual Loops": 1,"Filter": "((p_name)::text ~~ 'blanched%'::text)","Rows Removed by Filter": 197784},{"Node Type": "Index Scan","Parent Relationship": "Inner","Parallel Aware": false,"Async Capable": false,"Scan Direction": "Forward","Index Name": "idx_partsupp_partkey","Relation Name": "partsupp","Alias": "partsupp","Startup Cost": 0.42,"Total Cost": 40.36,"Plan Rows": 1,"Plan Width": 8,"Actual Startup Time": 0.134,"Actual Total Time": 0.318,"Actual Rows": 3,"Actual Loops": 2216,"Index Cond": "(ps_partkey = part.p_partkey)","Rows Removed by Index Recheck": 0,"Filter": "((ps_availqty)::numeric > (SubPlan 1))","Rows Removed by Filter": 1,"Plans": [{"Node Type": "Aggregate","Strategy": "Plain","Partial Mode": "Simple","Parent Relationship": "SubPlan","Subplan Name": "SubPlan 1","Parallel Aware": false,"Async Capable": false,"Startup Cost": 8.46,"Total Cost": 8.47,"Plan Rows": 1,"Plan Width": 32,"Actual Startup Time": 0.071,"Actual Total Time": 0.071,"Actual Rows": 1,"Actual Loops": 8864,"Plans": [{"Node Type": "Index Scan","Parent Relationship": "Outer","Parallel Aware": false,"Async Capable": false,"Scan Direction": "Forward","Index Name": "idx_lineitem_part_supp","Relation Name": "lineitem","Alias": "lineitem","Startup Cost": 0.43,"Total Cost": 8.46,"Plan Rows": 0,"Plan Width": 5,"Actual Startup Time": 0.043,"Actual Total Time": 0.070,"Actual Rows": 1,"Actual Loops": 8864,"Index Cond": "((l_partkey = partsupp.ps_partkey) AND (l_suppkey = partsupp.ps_suppkey))","Rows Removed by Index Recheck": 0,"Filter": "((l_shipdate >= '1996-01-01'::date) AND (l_shipdate < '1997-01-01 00:00:00'::timestamp without time zone))","Rows Removed by Filter": 6}]}]}]}]}]}]},"Planning Time": 6.148,"Triggers": [],"Execution Time": 911.545}]
[{"Plan": {"Node Type": "Sort","Parallel Aware": false,"Async Capable": false,"Startup Cost": 165280.99,"Total Cost": 165281.52,"Plan Rows": 215,"Plan Width": 51,"Actual Startup Time": 981.007,"Actual Total Time": 981.051,"Actual Rows": 175,"Actual Loops": 1,"Sort Key": ["supplier.s_name"],"Sort Method": "quicksort","Sort Space Used": 41,"Sort Space Type": "Memory","Plans": [{"Node Type": "Hash Join","Parent Relationship": "Outer","Parallel Aware": false,"Async Capable": false,"Join Type": "Semi","Startup Cost": 165030.68,"Total Cost": 165272.66,"Plan Rows": 215,"Plan Width": 51,"Actual Startup Time": 975.818,"Actual Total Time": 980.446,"Actual Rows": 175,"Actual Loops": 1,"Inner Unique": false,"Hash Cond": "(supplier.s_suppkey = partsupp.ps_suppkey)","Plans": [{"Node Type": "Nested Loop","Parent Relationship": "Outer","Parallel Aware": false,"Async Capable": false,"Join Type": "Inner","Startup Cost": 7.38,"Total Cost": 244.58,"Plan Rows": 400,"Plan Width": 55,"Actual Startup Time": 0.276,"Actual Total Time": 4.347,"Actual Rows": 380,"Actual Loops": 1,"Inner Unique": false,"Plans": [{"Node Type": "Seq Scan","Parent Relationship": "Outer","Parallel Aware": false,"Async Capable": false,"Relation Name": "nation","Alias": "nation","Startup Cost": 0.00,"Total Cost": 1.31,"Plan Rows": 1,"Plan Width": 4,"Actual Startup Time": 0.059,"Actual Total Time": 0.093,"Actual Rows": 1,"Actual Loops": 1,"Filter": "(n_name = 'ETHIOPIA'::bpchar)","Rows Removed by Filter": 24},{"Node Type": "Bitmap Heap Scan","Parent Relationship": "Inner","Parallel Aware": false,"Async Capable": false,"Relation Name": "supplier","Alias": "supplier","Startup Cost": 7.38,"Total Cost": 239.27,"Plan Rows": 400,"Plan Width": 59,"Actual Startup Time": 0.212,"Actual Total Time": 4.199,"Actual Rows": 380,"Actual Loops": 1,"Recheck Cond": "(s_nationkey = nation.n_nationkey)","Rows Removed by Index Recheck": 0,"Exact Heap Blocks": 192,"Lossy Heap Blocks": 0,"Plans": [{"Node Type": "Bitmap Index Scan","Parent Relationship": "Outer","Parallel Aware": false,"Async Capable": false,"Index Name": "idx_supplier_nation_key","Startup Cost": 0.00,"Total Cost": 7.29,"Plan Rows": 400,"Plan Width": 0,"Actual Startup Time": 0.141,"Actual Total Time": 0.145,"Actual Rows": 380,"Actual Loops": 1,"Index Cond": "(s_nationkey = nation.n_nationkey)"}]}]},{"Node Type": "Hash","Parent Relationship": "Inner","Parallel Aware": false,"Async Capable": false,"Startup Cost": 164955.96,"Total Cost": 164955.96,"Plan Rows": 5387,"Plan Width": 4,"Actual Startup Time": 975.426,"Actual Total Time": 975.436,"Actual Rows": 5922,"Actual Loops": 1,"Hash Buckets": 8192,"Original Hash Buckets": 8192,"Hash Batches": 1,"Original Hash Batches": 1,"Peak Memory Usage": 273,"Plans": [{"Node Type": "Nested Loop","Parent Relationship": "Outer","Parallel Aware": false,"Async Capable": false,"Join Type": "Inner","Startup Cost": 0.42,"Total Cost": 164955.96,"Plan Rows": 5387,"Plan Width": 4,"Actual Startup Time": 0.597,"Actual Total Time": 969.630,"Actual Rows": 5922,"Actual Loops": 1,"Inner Unique": false,"Plans": [{"Node Type": "Seq Scan","Parent Relationship": "Outer","Parallel Aware": false,"Async Capable": false,"Relation Name": "part","Alias": "part","Startup Cost": 0.00,"Total Cost": 6597.00,"Plan Rows": 4040,"Plan Width": 4,"Actual Startup Time": 0.199,"Actual Total Time": 181.930,"Actual Rows": 2163,"Actual Loops": 1,"Filter": "((p_name)::text ~~ 'metallic%'::text)","Rows Removed by Filter": 197837},{"Node Type": "Index Scan","Parent Relationship": "Inner","Parallel Aware": false,"Async Capable": false,"Scan Direction": "Forward","Index Name": "idx_partsupp_partkey","Relation Name": "partsupp","Alias": "partsupp","Startup Cost": 0.42,"Total Cost": 39.18,"Plan Rows": 1,"Plan Width": 8,"Actual Startup Time": 0.152,"Actual Total Time": 0.364,"Actual Rows": 3,"Actual Loops": 2163,"Index Cond": "(ps_partkey = part.p_partkey)","Rows Removed by Index Recheck": 0,"Filter": "((ps_availqty)::numeric > (SubPlan 1))","Rows Removed by Filter": 1,"Plans": [{"Node Type": "Aggregate","Strategy": "Plain","Partial Mode": "Simple","Parent Relationship": "SubPlan","Subplan Name": "SubPlan 1","Parallel Aware": false,"Async Capable": false,"Startup Cost": 8.46,"Total Cost": 8.47,"Plan Rows": 1,"Plan Width": 32,"Actual Startup Time": 0.083,"Actual Total Time": 0.083,"Actual Rows": 1,"Actual Loops": 8652,"Plans": [{"Node Type": "Index Scan","Parent Relationship": "Outer","Parallel Aware": false,"Async Capable": false,"Scan Direction": "Forward","Index Name": "idx_lineitem_part_supp","Relation Name": "lineitem","Alias": "lineitem","Startup Cost": 0.43,"Total Cost": 8.46,"Plan Rows": 0,"Plan Width": 5,"Actual Startup Time": 0.050,"Actual Total Time": 0.082,"Actual Rows": 1,"Actual Loops": 8652,"Index Cond": "((l_partkey = partsupp.ps_partkey) AND (l_suppkey = partsupp.ps_suppkey))","Rows Removed by Index Recheck": 0,"Filter": "((l_shipdate >= '1997-01-01'::date) AND (l_shipdate < '1998-01-01 00:00:00'::timestamp without time zone))","Rows Removed by Filter": 6}]}]}]}]}]}]},"Planning Time": 6.119,"Triggers": [],"Execution Time": 981.347}]
[{"Plan": {"Node Type": "Sort","Parallel Aware": false,"Async Capable": false,"Startup Cost": 88442.96,"Total Cost": 88443.23,"Plan Rows": 108,"Plan Width": 51,"Actual Startup Time": 972.953,"Actual Total Time": 972.995,"Actual Rows": 193,"Actual Loops": 1,"Sort Key": ["supplier.s_name"],"Sort Method": "quicksort","Sort Space Used": 42,"Sort Space Type": "Memory","Plans": [{"Node Type": "Hash Join","Parent Relationship": "Outer","Parallel Aware": false,"Async Capable": false,"Join Type": "Semi","Startup Cost": 88199.59,"Total Cost": 88439.31,"Plan Rows": 108,"Plan Width": 51,"Actual Startup Time": 968.593,"Actual Total Time": 972.632,"Actual Rows": 193,"Actual Loops": 1,"Inner Unique": false,"Hash Cond": "(supplier.s_suppkey = partsupp.ps_suppkey)","Plans": [{"Node Type": "Nested Loop","Parent Relationship": "Outer","Parallel Aware": false,"Async Capable": false,"Join Type": "Inner","Startup Cost": 7.38,"Total Cost": 244.58,"Plan Rows": 400,"Plan Width": 55,"Actual Startup Time": 0.323,"Actual Total Time": 4.264,"Actual Rows": 438,"Actual Loops": 1,"Inner Unique": false,"Plans": [{"Node Type": "Seq Scan","Parent Relationship": "Outer","Parallel Aware": false,"Async Capable": false,"Relation Name": "nation","Alias": "nation","Startup Cost": 0.00,"Total Cost": 1.31,"Plan Rows": 1,"Plan Width": 4,"Actual Startup Time": 0.084,"Actual Total Time": 0.102,"Actual Rows": 1,"Actual Loops": 1,"Filter": "(n_name = 'IRAQ'::bpchar)","Rows Removed by Filter": 24},{"Node Type": "Bitmap Heap Scan","Parent Relationship": "Inner","Parallel Aware": false,"Async Capable": false,"Relation Name": "supplier","Alias": "supplier","Startup Cost": 7.38,"Total Cost": 239.27,"Plan Rows": 400,"Plan Width": 59,"Actual Startup Time": 0.231,"Actual Total Time": 4.095,"Actual Rows": 438,"Actual Loops": 1,"Recheck Cond": "(s_nationkey = nation.n_nationkey)","Rows Removed by Index Recheck": 0,"Exact Heap Blocks": 194,"Lossy Heap Blocks": 0,"Plans": [{"Node Type": "Bitmap Index Scan","Parent Relationship": "Outer","Parallel Aware": false,"Async Capable": false,"Index Name": "idx_supplier_nation_key","Startup Cost": 0.00,"Total Cost": 7.29,"Plan Rows": 400,"Plan Width": 0,"Actual Startup Time": 0.162,"Actual Total Time": 0.166,"Actual Rows": 438,"Actual Loops": 1,"Index Cond": "(s_nationkey = nation.n_nationkey)"}]}]},{"Node Type": "Hash","Parent Relationship": "Inner","Parallel Aware": false,"Async Capable": false,"Startup Cost": 88158.53,"Total Cost": 88158.53,"Plan Rows": 2694,"Plan Width": 4,"Actual Startup Time": 968.167,"Actual Total Time": 968.181,"Actual Rows": 5902,"Actual Loops": 1,"Hash Buckets": 8192,"Original Hash Buckets": 4096,"Hash Batches": 1,"Original Hash Batches": 1,"Peak Memory Usage": 272,"Plans": [{"Node Type": "Nested Loop","Parent Relationship": "Outer","Parallel Aware": false,"Async Capable": false,"Join Type": "Inner","Startup Cost": 0.42,"Total Cost": 88158.53,"Plan Rows": 2694,"Plan Width": 4,"Actual Startup Time": 1.536,"Actual Total Time": 963.938,"Actual Rows": 5902,"Actual Loops": 1,"Inner Unique": false,"Plans": [{"Node Type": "Seq Scan","Parent Relationship": "Outer","Parallel Aware": false,"Async Capable": false,"Relation Name": "part","Alias": "part","Startup Cost": 0.00,"Total Cost": 6597.00,"Plan Rows": 2020,"Plan Width": 4,"Actual Startup Time": 0.133,"Actual Total Time": 178.660,"Actual Rows": 2186,"Actual Loops": 1,"Filter": "((p_name)::text ~~ 'purple%'::text)","Rows Removed by Filter": 197814},{"Node Type": "Index Scan","Parent Relationship": "Inner","Parallel Aware": false,"Async Capable": false,"Scan Direction": "Forward","Index Name": "idx_partsupp_partkey","Relation Name": "partsupp","Alias": "partsupp","Startup Cost": 0.42,"Total Cost": 40.36,"Plan Rows": 1,"Plan Width": 8,"Actual Startup Time": 0.150,"Actual Total Time": 0.359,"Actual Rows": 3,"Actual Loops": 2186,"Index Cond": "(ps_partkey = part.p_partkey)","Rows Removed by Index Recheck": 0,"Filter": "((ps_availqty)::numeric > (SubPlan 1))","Rows Removed by Filter": 1,"Plans": [{"Node Type": "Aggregate","Strategy": "Plain","Partial Mode": "Simple","Parent Relationship": "SubPlan","Subplan Name": "SubPlan 1","Parallel Aware": false,"Async Capable": false,"Startup Cost": 8.46,"Total Cost": 8.47,"Plan Rows": 1,"Plan Width": 32,"Actual Startup Time": 0.082,"Actual Total Time": 0.082,"Actual Rows": 1,"Actual Loops": 8744,"Plans": [{"Node Type": "Index Scan","Parent Relationship": "Outer","Parallel Aware": false,"Async Capable": false,"Scan Direction": "Forward","Index Name": "idx_lineitem_part_supp","Relation Name": "lineitem","Alias": "lineitem","Startup Cost": 0.43,"Total Cost": 8.46,"Plan Rows": 0,"Plan Width": 5,"Actual Startup Time": 0.049,"Actual Total Time": 0.081,"Actual Rows": 1,"Actual Loops": 8744,"Index Cond": "((l_partkey = partsupp.ps_partkey) AND (l_suppkey = partsupp.ps_suppkey))","Rows Removed by Index Recheck": 0,"Filter": "((l_shipdate >= '1993-01-01'::date) AND (l_shipdate < '1994-01-01 00:00:00'::timestamp without time zone))","Rows Removed by Filter": 6}]}]}]}]}]}]},"Planning Time": 6.146,"Triggers": [],"Execution Time": 973.272}]
[{"Plan": {"Node Type": "Sort","Parallel Aware": false,"Async Capable": false,"Startup Cost": 88442.96,"Total Cost": 88443.23,"Plan Rows": 108,"Plan Width": 51,"Actual Startup Time": 902.878,"Actual Total Time": 902.912,"Actual Rows": 178,"Actual Loops": 1,"Sort Key": ["supplier.s_name"],"Sort Method": "quicksort","Sort Space Used": 41,"Sort Space Type": "Memory","Plans": [{"Node Type": "Hash Join","Parent Relationship": "Outer","Parallel Aware": false,"Async Capable": false,"Join Type": "Semi","Startup Cost": 88199.59,"Total Cost": 88439.31,"Plan Rows": 108,"Plan Width": 51,"Actual Startup Time": 898.740,"Actual Total Time": 902.537,"Actual Rows": 178,"Actual Loops": 1,"Inner Unique": false,"Hash Cond": "(supplier.s_suppkey = partsupp.ps_suppkey)","Plans": [{"Node Type": "Nested Loop","Parent Relationship": "Outer","Parallel Aware": false,"Async Capable": false,"Join Type": "Inner","Startup Cost": 7.38,"Total Cost": 244.58,"Plan Rows": 400,"Plan Width": 55,"Actual Startup Time": 0.292,"Actual Total Time": 4.006,"Actual Rows": 396,"Actual Loops": 1,"Inner Unique": false,"Plans": [{"Node Type": "Seq Scan","Parent Relationship": "Outer","Parallel Aware": false,"Async Capable": false,"Relation Name": "nation","Alias": "nation","Startup Cost": 0.00,"Total Cost": 1.31,"Plan Rows": 1,"Plan Width": 4,"Actual Startup Time": 0.076,"Actual Total Time": 0.109,"Actual Rows": 1,"Actual Loops": 1,"Filter": "(n_name = 'GERMANY'::bpchar)","Rows Removed by Filter": 24},{"Node Type": "Bitmap Heap Scan","Parent Relationship": "Inner","Parallel Aware": false,"Async Capable": false,"Relation Name": "supplier","Alias": "supplier","Startup Cost": 7.38,"Total Cost": 239.27,"Plan Rows": 400,"Plan Width": 59,"Actual Startup Time": 0.213,"Actual Total Time": 3.830,"Actual Rows": 396,"Actual Loops": 1,"Recheck Cond": "(s_nationkey = nation.n_nationkey)","Rows Removed by Index Recheck": 0,"Exact Heap Blocks": 191,"Lossy Heap Blocks": 0,"Plans": [{"Node Type": "Bitmap Index Scan","Parent Relationship": "Outer","Parallel Aware": false,"Async Capable": false,"Index Name": "idx_supplier_nation_key","Startup Cost": 0.00,"Total Cost": 7.29,"Plan Rows": 400,"Plan Width": 0,"Actual Startup Time": 0.123,"Actual Total Time": 0.128,"Actual Rows": 396,"Actual Loops": 1,"Index Cond": "(s_nationkey = nation.n_nationkey)"}]}]},{"Node Type": "Hash","Parent Relationship": "Inner","Parallel Aware": false,"Async Capable": false,"Startup Cost": 88158.53,"Total Cost": 88158.53,"Plan Rows": 2694,"Plan Width": 4,"Actual Startup Time": 898.221,"Actual Total Time": 898.227,"Actual Rows": 5874,"Actual Loops": 1,"Hash Buckets": 8192,"Original Hash Buckets": 4096,"Hash Batches": 1,"Original Hash Batches": 1,"Peak Memory Usage": 271,"Plans": [{"Node Type": "Nested Loop","Parent Relationship": "Outer","Parallel Aware": false,"Async Capable": false,"Join Type": "Inner","Startup Cost": 0.42,"Total Cost": 88158.53,"Plan Rows": 2694,"Plan Width": 4,"Actual Startup Time": 0.568,"Actual Total Time": 893.929,"Actual Rows": 5874,"Actual Loops": 1,"Inner Unique": false,"Plans": [{"Node Type": "Seq Scan","Parent Relationship": "Outer","Parallel Aware": false,"Async Capable": false,"Relation Name": "part","Alias": "part","Startup Cost": 0.00,"Total Cost": 6597.00,"Plan Rows": 2020,"Plan Width": 4,"Actual Startup Time": 0.066,"Actual Total Time": 194.983,"Actual Rows": 2158,"Actual Loops": 1,"Filter": "((p_name)::text ~~ 'lemon%'::text)","Rows Removed by Filter": 197842},{"Node Type": "Index Scan","Parent Relationship": "Inner","Parallel Aware": false,"Async Capable": false,"Scan Direction": "Forward","Index Name": "idx_partsupp_partkey","Relation Name": "partsupp","Alias": "partsupp","Startup Cost": 0.42,"Total Cost": 40.36,"Plan Rows": 1,"Plan Width": 8,"Actual Startup Time": 0.136,"Actual Total Time": 0.323,"Actual Rows": 3,"Actual Loops": 2158,"Index Cond": "(ps_partkey = part.p_partkey)","Rows Removed by Index Recheck": 0,"Filter": "((ps_availqty)::numeric > (SubPlan 1))","Rows Removed by Filter": 1,"Plans": [{"Node Type": "Aggregate","Strategy": "Plain","Partial Mode": "Simple","Parent Relationship": "SubPlan","Subplan Name": "SubPlan 1","Parallel Aware": false,"Async Capable": false,"Startup Cost": 8.46,"Total Cost": 8.47,"Plan Rows": 1,"Plan Width": 32,"Actual Startup Time": 0.072,"Actual Total Time": 0.072,"Actual Rows": 1,"Actual Loops": 8632,"Plans": [{"Node Type": "Index Scan","Parent Relationship": "Outer","Parallel Aware": false,"Async Capable": false,"Scan Direction": "Forward","Index Name": "idx_lineitem_part_supp","Relation Name": "lineitem","Alias": "lineitem","Startup Cost": 0.43,"Total Cost": 8.46,"Plan Rows": 0,"Plan Width": 5,"Actual Startup Time": 0.043,"Actual Total Time": 0.072,"Actual Rows": 1,"Actual Loops": 8632,"Index Cond": "((l_partkey = partsupp.ps_partkey) AND (l_suppkey = partsupp.ps_suppkey))","Rows Removed by Index Recheck": 0,"Filter": "((l_shipdate >= '1996-01-01'::date) AND (l_shipdate < '1997-01-01 00:00:00'::timestamp without time zone))","Rows Removed by Filter": 6}]}]}]}]}]}]},"Planning Time": 6.480,"Triggers": [],"Execution Time": 903.178}]
[{"Plan": {"Node Type": "Sort","Parallel Aware": false,"Async Capable": false,"Startup Cost": 88442.96,"Total Cost": 88443.23,"Plan Rows": 108,"Plan Width": 51,"Actual Startup Time": 966.618,"Actual Total Time": 966.651,"Actual Rows": 160,"Actual Loops": 1,"Sort Key": ["supplier.s_name"],"Sort Method": "quicksort","Sort Space Used": 39,"Sort Space Type": "Memory","Plans": [{"Node Type": "Hash Join","Parent Relationship": "Outer","Parallel Aware": false,"Async Capable": false,"Join Type": "Semi","Startup Cost": 88199.59,"Total Cost": 88439.31,"Plan Rows": 108,"Plan Width": 51,"Actual Startup Time": 962.513,"Actual Total Time": 966.347,"Actual Rows": 160,"Actual Loops": 1,"Inner Unique": false,"Hash Cond": "(supplier.s_suppkey = partsupp.ps_suppkey)","Plans": [{"Node Type": "Nested Loop","Parent Relationship": "Outer","Parallel Aware": false,"Async Capable": false,"Join Type": "Inner","Startup Cost": 7.38,"Total Cost": 244.58,"Plan Rows": 400,"Plan Width": 55,"Actual Startup Time": 0.263,"Actual Total Time": 4.026,"Actual Rows": 377,"Actual Loops": 1,"Inner Unique": false,"Plans": [{"Node Type": "Seq Scan","Parent Relationship": "Outer","Parallel Aware": false,"Async Capable": false,"Relation Name": "nation","Alias": "nation","Startup Cost": 0.00,"Total Cost": 1.31,"Plan Rows": 1,"Plan Width": 4,"Actual Startup Time": 0.071,"Actual Total Time": 0.084,"Actual Rows": 1,"Actual Loops": 1,"Filter": "(n_name = 'JAPAN'::bpchar)","Rows Removed by Filter": 24},{"Node Type": "Bitmap Heap Scan","Parent Relationship": "Inner","Parallel Aware": false,"Async Capable": false,"Relation Name": "supplier","Alias": "supplier","Startup Cost": 7.38,"Total Cost": 239.27,"Plan Rows": 400,"Plan Width": 59,"Actual Startup Time": 0.184,"Actual Total Time": 3.866,"Actual Rows": 377,"Actual Loops": 1,"Recheck Cond": "(s_nationkey = nation.n_nationkey)","Rows Removed by Index Recheck": 0,"Exact Heap Blocks": 180,"Lossy Heap Blocks": 0,"Plans": [{"Node Type": "Bitmap Index Scan","Parent Relationship": "Outer","Parallel Aware": false,"Async Capable": false,"Index Name": "idx_supplier_nation_key","Startup Cost": 0.00,"Total Cost": 7.29,"Plan Rows": 400,"Plan Width": 0,"Actual Startup Time": 0.112,"Actual Total Time": 0.117,"Actual Rows": 377,"Actual Loops": 1,"Index Cond": "(s_nationkey = nation.n_nationkey)"}]}]},{"Node Type": "Hash","Parent Relationship": "Inner","Parallel Aware": false,"Async Capable": false,"Startup Cost": 88158.53,"Total Cost": 88158.53,"Plan Rows": 2694,"Plan Width": 4,"Actual Startup Time": 962.149,"Actual Total Time": 962.159,"Actual Rows": 5891,"Actual Loops": 1,"Hash Buckets": 8192,"Original Hash Buckets": 4096,"Hash Batches": 1,"Original Hash Batches": 1,"Peak Memory Usage": 272,"Plans": [{"Node Type": "Nested Loop","Parent Relationship": "Outer","Parallel Aware": false,"Async Capable": false,"Join Type": "Inner","Startup Cost": 0.42,"Total Cost": 88158.53,"Plan Rows": 2694,"Plan Width": 4,"Actual Startup Time": 0.578,"Actual Total Time": 957.675,"Actual Rows": 5891,"Actual Loops": 1,"Inner Unique": false,"Plans": [{"Node Type": "Seq Scan","Parent Relationship": "Outer","Parallel Aware": false,"Async Capable": false,"Relation Name": "part","Alias": "part","Startup Cost": 0.00,"Total Cost": 6597.00,"Plan Rows": 2020,"Plan Width": 4,"Actual Startup Time": 0.052,"Actual Total Time": 180.686,"Actual Rows": 2150,"Actual Loops": 1,"Filter": "((p_name)::text ~~ 'goldenrod%'::text)","Rows Removed by Filter": 197850},{"Node Type": "Index Scan","Parent Relationship": "Inner","Parallel Aware": false,"Async Capable": false,"Scan Direction": "Forward","Index Name": "idx_partsupp_partkey","Relation Name": "partsupp","Alias": "partsupp","Startup Cost": 0.42,"Total Cost": 40.36,"Plan Rows": 1,"Plan Width": 8,"Actual Startup Time": 0.146,"Actual Total Time": 0.361,"Actual Rows": 3,"Actual Loops": 2150,"Index Cond": "(ps_partkey = part.p_partkey)","Rows Removed by Index Recheck": 0,"Filter": "((ps_availqty)::numeric > (SubPlan 1))","Rows Removed by Filter": 1,"Plans": [{"Node Type": "Aggregate","Strategy": "Plain","Partial Mode": "Simple","Parent Relationship": "SubPlan","Subplan Name": "SubPlan 1","Parallel Aware": false,"Async Capable": false,"Startup Cost": 8.46,"Total Cost": 8.47,"Plan Rows": 1,"Plan Width": 32,"Actual Startup Time": 0.082,"Actual Total Time": 0.082,"Actual Rows": 1,"Actual Loops": 8600,"Plans": [{"Node Type": "Index Scan","Parent Relationship": "Outer","Parallel Aware": false,"Async Capable": false,"Scan Direction": "Forward","Index Name": "idx_lineitem_part_supp","Relation Name": "lineitem","Alias": "lineitem","Startup Cost": 0.43,"Total Cost": 8.46,"Plan Rows": 0,"Plan Width": 5,"Actual Startup Time": 0.050,"Actual Total Time": 0.081,"Actual Rows": 1,"Actual Loops": 8600,"Index Cond": "((l_partkey = partsupp.ps_partkey) AND (l_suppkey = partsupp.ps_suppkey))","Rows Removed by Index Recheck": 0,"Filter": "((l_shipdate >= '1997-01-01'::date) AND (l_shipdate < '1998-01-01 00:00:00'::timestamp without time zone))","Rows Removed by Filter": 6}]}]}]}]}]}]},"Planning Time": 5.800,"Triggers": [],"Execution Time": 966.908}]
[{"Plan": {"Node Type": "Sort","Parallel Aware": false,"Async Capable": false,"Startup Cost": 88442.96,"Total Cost": 88443.23,"Plan Rows": 108,"Plan Width": 51,"Actual Startup Time": 987.226,"Actual Total Time": 987.259,"Actual Rows": 183,"Actual Loops": 1,"Sort Key": ["supplier.s_name"],"Sort Method": "quicksort","Sort Space Used": 42,"Sort Space Type": "Memory","Plans": [{"Node Type": "Hash Join","Parent Relationship": "Outer","Parallel Aware": false,"Async Capable": false,"Join Type": "Semi","Startup Cost": 88199.59,"Total Cost": 88439.31,"Plan Rows": 108,"Plan Width": 51,"Actual Startup Time": 982.647,"Actual Total Time": 986.914,"Actual Rows": 183,"Actual Loops": 1,"Inner Unique": false,"Hash Cond": "(supplier.s_suppkey = partsupp.ps_suppkey)","Plans": [{"Node Type": "Nested Loop","Parent Relationship": "Outer","Parallel Aware": false,"Async Capable": false,"Join Type": "Inner","Startup Cost": 7.38,"Total Cost": 244.58,"Plan Rows": 400,"Plan Width": 55,"Actual Startup Time": 0.283,"Actual Total Time": 4.479,"Actual Rows": 393,"Actual Loops": 1,"Inner Unique": false,"Plans": [{"Node Type": "Seq Scan","Parent Relationship": "Outer","Parallel Aware": false,"Async Capable": false,"Relation Name": "nation","Alias": "nation","Startup Cost": 0.00,"Total Cost": 1.31,"Plan Rows": 1,"Plan Width": 4,"Actual Startup Time": 0.075,"Actual Total Time": 0.105,"Actual Rows": 1,"Actual Loops": 1,"Filter": "(n_name = 'IRAN'::bpchar)","Rows Removed by Filter": 24},{"Node Type": "Bitmap Heap Scan","Parent Relationship": "Inner","Parallel Aware": false,"Async Capable": false,"Relation Name": "supplier","Alias": "supplier","Startup Cost": 7.38,"Total Cost": 239.27,"Plan Rows": 400,"Plan Width": 59,"Actual Startup Time": 0.205,"Actual Total Time": 4.300,"Actual Rows": 393,"Actual Loops": 1,"Recheck Cond": "(s_nationkey = nation.n_nationkey)","Rows Removed by Index Recheck": 0,"Exact Heap Blocks": 179,"Lossy Heap Blocks": 0,"Plans": [{"Node Type": "Bitmap Index Scan","Parent Relationship": "Outer","Parallel Aware": false,"Async Capable": false,"Index Name": "idx_supplier_nation_key","Startup Cost": 0.00,"Total Cost": 7.29,"Plan Rows": 400,"Plan Width": 0,"Actual Startup Time": 0.135,"Actual Total Time": 0.139,"Actual Rows": 393,"Actual Loops": 1,"Index Cond": "(s_nationkey = nation.n_nationkey)"}]}]},{"Node Type": "Hash","Parent Relationship": "Inner","Parallel Aware": false,"Async Capable": false,"Startup Cost": 88158.53,"Total Cost": 88158.53,"Plan Rows": 2694,"Plan Width": 4,"Actual Startup Time": 982.289,"Actual Total Time": 982.297,"Actual Rows": 6072,"Actual Loops": 1,"Hash Buckets": 8192,"Original Hash Buckets": 4096,"Hash Batches": 1,"Original Hash Batches": 1,"Peak Memory Usage": 278,"Plans": [{"Node Type": "Nested Loop","Parent Relationship": "Outer","Parallel Aware": false,"Async Capable": false,"Join Type": "Inner","Startup Cost": 0.42,"Total Cost": 88158.53,"Plan Rows": 2694,"Plan Width": 4,"Actual Startup Time": 0.330,"Actual Total Time": 977.808,"Actual Rows": 6072,"Actual Loops": 1,"Inner Unique": false,"Plans": [{"Node Type": "Seq Scan","Parent Relationship": "Outer","Parallel Aware": false,"Async Capable": false,"Relation Name": "part","Alias": "part","Startup Cost": 0.00,"Total Cost": 6597.00,"Plan Rows": 2020,"Plan Width": 4,"Actual Startup Time": 0.061,"Actual Total Time": 182.825,"Actual Rows": 2210,"Actual Loops": 1,"Filter": "((p_name)::text ~~ 'medium%'::text)","Rows Removed by Filter": 197790},{"Node Type": "Index Scan","Parent Relationship": "Inner","Parallel Aware": false,"Async Capable": false,"Scan Direction": "Forward","Index Name": "idx_partsupp_partkey","Relation Name": "partsupp","Alias": "partsupp","Startup Cost": 0.42,"Total Cost": 40.36,"Plan Rows": 1,"Plan Width": 8,"Actual Startup Time": 0.148,"Actual Total Time": 0.359,"Actual Rows": 3,"Actual Loops": 2210,"Index Cond": "(ps_partkey = part.p_partkey)","Rows Removed by Index Recheck": 0,"Filter": "((ps_availqty)::numeric > (SubPlan 1))","Rows Removed by Filter": 1,"Plans": [{"Node Type": "Aggregate","Strategy": "Plain","Partial Mode": "Simple","Parent Relationship": "SubPlan","Subplan Name": "SubPlan 1","Parallel Aware": false,"Async Capable": false,"Startup Cost": 8.46,"Total Cost": 8.47,"Plan Rows": 1,"Plan Width": 32,"Actual Startup Time": 0.082,"Actual Total Time": 0.082,"Actual Rows": 1,"Actual Loops": 8840,"Plans": [{"Node Type": "Index Scan","Parent Relationship": "Outer","Parallel Aware": false,"Async Capable": false,"Scan Direction": "Forward","Index Name": "idx_lineitem_part_supp","Relation Name": "lineitem","Alias": "lineitem","Startup Cost": 0.43,"Total Cost": 8.46,"Plan Rows": 0,"Plan Width": 5,"Actual Startup Time": 0.049,"Actual Total Time": 0.081,"Actual Rows": 1,"Actual Loops": 8840,"Index Cond": "((l_partkey = partsupp.ps_partkey) AND (l_suppkey = partsupp.ps_suppkey))","Rows Removed by Index Recheck": 0,"Filter": "((l_shipdate >= '1993-01-01'::date) AND (l_shipdate < '1994-01-01 00:00:00'::timestamp without time zone))","Rows Removed by Filter": 6}]}]}]}]}]}]},"Planning Time": 5.888,"Triggers": [],"Execution Time": 987.521}]
[{"Plan": {"Node Type": "Sort","Parallel Aware": false,"Async Capable": false,"Startup Cost": 88442.96,"Total Cost": 88443.23,"Plan Rows": 108,"Plan Width": 51,"Actual Startup Time": 887.263,"Actual Total Time": 887.304,"Actual Rows": 191,"Actual Loops": 1,"Sort Key": ["supplier.s_name"],"Sort Method": "quicksort","Sort Space Used": 42,"Sort Space Type": "Memory","Plans": [{"Node Type": "Hash Join","Parent Relationship": "Outer","Parallel Aware": false,"Async Capable": false,"Join Type": "Semi","Startup Cost": 88199.59,"Total Cost": 88439.31,"Plan Rows": 108,"Plan Width": 51,"Actual Startup Time": 882.932,"Actual Total Time": 886.927,"Actual Rows": 191,"Actual Loops": 1,"Inner Unique": false,"Hash Cond": "(supplier.s_suppkey = partsupp.ps_suppkey)","Plans": [{"Node Type": "Nested Loop","Parent Relationship": "Outer","Parallel Aware": false,"Async Capable": false,"Join Type": "Inner","Startup Cost": 7.38,"Total Cost": 244.58,"Plan Rows": 400,"Plan Width": 55,"Actual Startup Time": 0.279,"Actual Total Time": 4.125,"Actual Rows": 438,"Actual Loops": 1,"Inner Unique": false,"Plans": [{"Node Type": "Seq Scan","Parent Relationship": "Outer","Parallel Aware": false,"Async Capable": false,"Relation Name": "nation","Alias": "nation","Startup Cost": 0.00,"Total Cost": 1.31,"Plan Rows": 1,"Plan Width": 4,"Actual Startup Time": 0.061,"Actual Total Time": 0.090,"Actual Rows": 1,"Actual Loops": 1,"Filter": "(n_name = 'IRAQ'::bpchar)","Rows Removed by Filter": 24},{"Node Type": "Bitmap Heap Scan","Parent Relationship": "Inner","Parallel Aware": false,"Async Capable": false,"Relation Name": "supplier","Alias": "supplier","Startup Cost": 7.38,"Total Cost": 239.27,"Plan Rows": 400,"Plan Width": 59,"Actual Startup Time": 0.207,"Actual Total Time": 3.971,"Actual Rows": 438,"Actual Loops": 1,"Recheck Cond": "(s_nationkey = nation.n_nationkey)","Rows Removed by Index Recheck": 0,"Exact Heap Blocks": 194,"Lossy Heap Blocks": 0,"Plans": [{"Node Type": "Bitmap Index Scan","Parent Relationship": "Outer","Parallel Aware": false,"Async Capable": false,"Index Name": "idx_supplier_nation_key","Startup Cost": 0.00,"Total Cost": 7.29,"Plan Rows": 400,"Plan Width": 0,"Actual Startup Time": 0.145,"Actual Total Time": 0.152,"Actual Rows": 438,"Actual Loops": 1,"Index Cond": "(s_nationkey = nation.n_nationkey)"}]}]},{"Node Type": "Hash","Parent Relationship": "Inner","Parallel Aware": false,"Async Capable": false,"Startup Cost": 88158.53,"Total Cost": 88158.53,"Plan Rows": 2694,"Plan Width": 4,"Actual Startup Time": 882.583,"Actual Total Time": 882.595,"Actual Rows": 5711,"Actual Loops": 1,"Hash Buckets": 8192,"Original Hash Buckets": 4096,"Hash Batches": 1,"Original Hash Batches": 1,"Peak Memory Usage": 265,"Plans": [{"Node Type": "Nested Loop","Parent Relationship": "Outer","Parallel Aware": false,"Async Capable": false,"Join Type": "Inner","Startup Cost": 0.42,"Total Cost": 88158.53,"Plan Rows": 2694,"Plan Width": 4,"Actual Startup Time": 0.556,"Actual Total Time": 877.585,"Actual Rows": 5711,"Actual Loops": 1,"Inner Unique": false,"Plans": [{"Node Type": "Seq Scan","Parent Relationship": "Outer","Parallel Aware": false,"Async Capable": false,"Relation Name": "part","Alias": "part","Startup Cost": 0.00,"Total Cost": 6597.00,"Plan Rows": 2020,"Plan Width": 4,"Actual Startup Time": 0.138,"Actual Total Time": 196.721,"Actual Rows": 2115,"Actual Loops": 1,"Filter": "((p_name)::text ~~ 'dodger%'::text)","Rows Removed by Filter": 197885},{"Node Type": "Index Scan","Parent Relationship": "Inner","Parallel Aware": false,"Async Capable": false,"Scan Direction": "Forward","Index Name": "idx_partsupp_partkey","Relation Name": "partsupp","Alias": "partsupp","Startup Cost": 0.42,"Total Cost": 40.36,"Plan Rows": 1,"Plan Width": 8,"Actual Startup Time": 0.137,"Actual Total Time": 0.321,"Actual Rows": 3,"Actual Loops": 2115,"Index Cond": "(ps_partkey = part.p_partkey)","Rows Removed by Index Recheck": 0,"Filter": "((ps_availqty)::numeric > (SubPlan 1))","Rows Removed by Filter": 1,"Plans": [{"Node Type": "Aggregate","Strategy": "Plain","Partial Mode": "Simple","Parent Relationship": "SubPlan","Subplan Name": "SubPlan 1","Parallel Aware": false,"Async Capable": false,"Startup Cost": 8.46,"Total Cost": 8.47,"Plan Rows": 1,"Plan Width": 32,"Actual Startup Time": 0.072,"Actual Total Time": 0.072,"Actual Rows": 1,"Actual Loops": 8460,"Plans": [{"Node Type": "Index Scan","Parent Relationship": "Outer","Parallel Aware": false,"Async Capable": false,"Scan Direction": "Forward","Index Name": "idx_lineitem_part_supp","Relation Name": "lineitem","Alias": "lineitem","Startup Cost": 0.43,"Total Cost": 8.46,"Plan Rows": 0,"Plan Width": 5,"Actual Startup Time": 0.044,"Actual Total Time": 0.071,"Actual Rows": 1,"Actual Loops": 8460,"Index Cond": "((l_partkey = partsupp.ps_partkey) AND (l_suppkey = partsupp.ps_suppkey))","Rows Removed by Index Recheck": 0,"Filter": "((l_shipdate >= '1994-01-01'::date) AND (l_shipdate < '1995-01-01 00:00:00'::timestamp without time zone))","Rows Removed by Filter": 6}]}]}]}]}]}]},"Planning Time": 5.845,"Triggers": [],"Execution Time": 887.540}]
[{"Plan": {"Node Type": "Sort","Parallel Aware": false,"Async Capable": false,"Startup Cost": 88442.96,"Total Cost": 88443.23,"Plan Rows": 108,"Plan Width": 51,"Actual Startup Time": 898.297,"Actual Total Time": 898.338,"Actual Rows": 173,"Actual Loops": 1,"Sort Key": ["supplier.s_name"],"Sort Method": "quicksort","Sort Space Used": 41,"Sort Space Type": "Memory","Plans": [{"Node Type": "Hash Join","Parent Relationship": "Outer","Parallel Aware": false,"Async Capable": false,"Join Type": "Semi","Startup Cost": 88199.59,"Total Cost": 88439.31,"Plan Rows": 108,"Plan Width": 51,"Actual Startup Time": 893.860,"Actual Total Time": 897.887,"Actual Rows": 173,"Actual Loops": 1,"Inner Unique": false,"Hash Cond": "(supplier.s_suppkey = partsupp.ps_suppkey)","Plans": [{"Node Type": "Nested Loop","Parent Relationship": "Outer","Parallel Aware": false,"Async Capable": false,"Join Type": "Inner","Startup Cost": 7.38,"Total Cost": 244.58,"Plan Rows": 400,"Plan Width": 55,"Actual Startup Time": 0.233,"Actual Total Time": 4.163,"Actual Rows": 415,"Actual Loops": 1,"Inner Unique": false,"Plans": [{"Node Type": "Seq Scan","Parent Relationship": "Outer","Parallel Aware": false,"Async Capable": false,"Relation Name": "nation","Alias": "nation","Startup Cost": 0.00,"Total Cost": 1.31,"Plan Rows": 1,"Plan Width": 4,"Actual Startup Time": 0.062,"Actual Total Time": 0.095,"Actual Rows": 1,"Actual Loops": 1,"Filter": "(n_name = 'EGYPT'::bpchar)","Rows Removed by Filter": 24},{"Node Type": "Bitmap Heap Scan","Parent Relationship": "Inner","Parallel Aware": false,"Async Capable": false,"Relation Name": "supplier","Alias": "supplier","Startup Cost": 7.38,"Total Cost": 239.27,"Plan Rows": 400,"Plan Width": 59,"Actual Startup Time": 0.166,"Actual Total Time": 3.993,"Actual Rows": 415,"Actual Loops": 1,"Recheck Cond": "(s_nationkey = nation.n_nationkey)","Rows Removed by Index Recheck": 0,"Exact Heap Blocks": 183,"Lossy Heap Blocks": 0,"Plans": [{"Node Type": "Bitmap Index Scan","Parent Relationship": "Outer","Parallel Aware": false,"Async Capable": false,"Index Name": "idx_supplier_nation_key","Startup Cost": 0.00,"Total Cost": 7.29,"Plan Rows": 400,"Plan Width": 0,"Actual Startup Time": 0.104,"Actual Total Time": 0.107,"Actual Rows": 415,"Actual Loops": 1,"Index Cond": "(s_nationkey = nation.n_nationkey)"}]}]},{"Node Type": "Hash","Parent Relationship": "Inner","Parallel Aware": false,"Async Capable": false,"Startup Cost": 88158.53,"Total Cost": 88158.53,"Plan Rows": 2694,"Plan Width": 4,"Actual Startup Time": 893.561,"Actual Total Time": 893.572,"Actual Rows": 5856,"Actual Loops": 1,"Hash Buckets": 8192,"Original Hash Buckets": 4096,"Hash Batches": 1,"Original Hash Batches": 1,"Peak Memory Usage": 270,"Plans": [{"Node Type": "Nested Loop","Parent Relationship": "Outer","Parallel Aware": false,"Async Capable": false,"Join Type": "Inner","Startup Cost": 0.42,"Total Cost": 88158.53,"Plan Rows": 2694,"Plan Width": 4,"Actual Startup Time": 0.433,"Actual Total Time": 889.184,"Actual Rows": 5856,"Actual Loops": 1,"Inner Unique": false,"Plans": [{"Node Type": "Seq Scan","Parent Relationship": "Outer","Parallel Aware": false,"Async Capable": false,"Relation Name": "part","Alias": "part","Startup Cost": 0.00,"Total Cost": 6597.00,"Plan Rows": 2020,"Plan Width": 4,"Actual Startup Time": 0.054,"Actual Total Time": 196.619,"Actual Rows": 2148,"Actual Loops": 1,"Filter": "((p_name)::text ~~ 'linen%'::text)","Rows Removed by Filter": 197852},{"Node Type": "Index Scan","Parent Relationship": "Inner","Parallel Aware": false,"Async Capable": false,"Scan Direction": "Forward","Index Name": "idx_partsupp_partkey","Relation Name": "partsupp","Alias": "partsupp","Startup Cost": 0.42,"Total Cost": 40.36,"Plan Rows": 1,"Plan Width": 8,"Actual Startup Time": 0.136,"Actual Total Time": 0.322,"Actual Rows": 3,"Actual Loops": 2148,"Index Cond": "(ps_partkey = part.p_partkey)","Rows Removed by Index Recheck": 0,"Filter": "((ps_availqty)::numeric > (SubPlan 1))","Rows Removed by Filter": 1,"Plans": [{"Node Type": "Aggregate","Strategy": "Plain","Partial Mode": "Simple","Parent Relationship": "SubPlan","Subplan Name": "SubPlan 1","Parallel Aware": false,"Async Capable": false,"Startup Cost": 8.46,"Total Cost": 8.47,"Plan Rows": 1,"Plan Width": 32,"Actual Startup Time": 0.072,"Actual Total Time": 0.072,"Actual Rows": 1,"Actual Loops": 8592,"Plans": [{"Node Type": "Index Scan","Parent Relationship": "Outer","Parallel Aware": false,"Async Capable": false,"Scan Direction": "Forward","Index Name": "idx_lineitem_part_supp","Relation Name": "lineitem","Alias": "lineitem","Startup Cost": 0.43,"Total Cost": 8.46,"Plan Rows": 0,"Plan Width": 5,"Actual Startup Time": 0.044,"Actual Total Time": 0.071,"Actual Rows": 1,"Actual Loops": 8592,"Index Cond": "((l_partkey = partsupp.ps_partkey) AND (l_suppkey = partsupp.ps_suppkey))","Rows Removed by Index Recheck": 0,"Filter": "((l_shipdate >= '1996-01-01'::date) AND (l_shipdate < '1997-01-01 00:00:00'::timestamp without time zone))","Rows Removed by Filter": 6}]}]}]}]}]}]},"Planning Time": 7.258,"Triggers": [],"Execution Time": 898.580}]
[{"Plan": {"Node Type": "Sort","Parallel Aware": false,"Async Capable": false,"Startup Cost": 88442.96,"Total Cost": 88443.23,"Plan Rows": 108,"Plan Width": 51,"Actual Startup Time": 984.279,"Actual Total Time": 984.318,"Actual Rows": 200,"Actual Loops": 1,"Sort Key": ["supplier.s_name"],"Sort Method": "quicksort","Sort Space Used": 43,"Sort Space Type": "Memory","Plans": [{"Node Type": "Hash Join","Parent Relationship": "Outer","Parallel Aware": false,"Async Capable": false,"Join Type": "Semi","Startup Cost": 88199.59,"Total Cost": 88439.31,"Plan Rows": 108,"Plan Width": 51,"Actual Startup Time": 979.967,"Actual Total Time": 983.942,"Actual Rows": 200,"Actual Loops": 1,"Inner Unique": false,"Hash Cond": "(supplier.s_suppkey = partsupp.ps_suppkey)","Plans": [{"Node Type": "Nested Loop","Parent Relationship": "Outer","Parallel Aware": false,"Async Capable": false,"Join Type": "Inner","Startup Cost": 7.38,"Total Cost": 244.58,"Plan Rows": 400,"Plan Width": 55,"Actual Startup Time": 0.305,"Actual Total Time": 4.186,"Actual Rows": 421,"Actual Loops": 1,"Inner Unique": false,"Plans": [{"Node Type": "Seq Scan","Parent Relationship": "Outer","Parallel Aware": false,"Async Capable": false,"Relation Name": "nation","Alias": "nation","Startup Cost": 0.00,"Total Cost": 1.31,"Plan Rows": 1,"Plan Width": 4,"Actual Startup Time": 0.075,"Actual Total Time": 0.097,"Actual Rows": 1,"Actual Loops": 1,"Filter": "(n_name = 'PERU'::bpchar)","Rows Removed by Filter": 24},{"Node Type": "Bitmap Heap Scan","Parent Relationship": "Inner","Parallel Aware": false,"Async Capable": false,"Relation Name": "supplier","Alias": "supplier","Startup Cost": 7.38,"Total Cost": 239.27,"Plan Rows": 400,"Plan Width": 59,"Actual Startup Time": 0.221,"Actual Total Time": 4.012,"Actual Rows": 421,"Actual Loops": 1,"Recheck Cond": "(s_nationkey = nation.n_nationkey)","Rows Removed by Index Recheck": 0,"Exact Heap Blocks": 187,"Lossy Heap Blocks": 0,"Plans": [{"Node Type": "Bitmap Index Scan","Parent Relationship": "Outer","Parallel Aware": false,"Async Capable": false,"Index Name": "idx_supplier_nation_key","Startup Cost": 0.00,"Total Cost": 7.29,"Plan Rows": 400,"Plan Width": 0,"Actual Startup Time": 0.142,"Actual Total Time": 0.146,"Actual Rows": 421,"Actual Loops": 1,"Index Cond": "(s_nationkey = nation.n_nationkey)"}]}]},{"Node Type": "Hash","Parent Relationship": "Inner","Parallel Aware": false,"Async Capable": false,"Startup Cost": 88158.53,"Total Cost": 88158.53,"Plan Rows": 2694,"Plan Width": 4,"Actual Startup Time": 979.569,"Actual Total Time": 979.579,"Actual Rows": 5919,"Actual Loops": 1,"Hash Buckets": 8192,"Original Hash Buckets": 4096,"Hash Batches": 1,"Original Hash Batches": 1,"Peak Memory Usage": 273,"Plans": [{"Node Type": "Nested Loop","Parent Relationship": "Outer","Parallel Aware": false,"Async Capable": false,"Join Type": "Inner","Startup Cost": 0.42,"Total Cost": 88158.53,"Plan Rows": 2694,"Plan Width": 4,"Actual Startup Time": 0.519,"Actual Total Time": 975.271,"Actual Rows": 5919,"Actual Loops": 1,"Inner Unique": false,"Plans": [{"Node Type": "Seq Scan","Parent Relationship": "Outer","Parallel Aware": false,"Async Capable": false,"Relation Name": "part","Alias": "part","Startup Cost": 0.00,"Total Cost": 6597.00,"Plan Rows": 2020,"Plan Width": 4,"Actual Startup Time": 0.038,"Actual Total Time": 183.994,"Actual Rows": 2201,"Actual Loops": 1,"Filter": "((p_name)::text ~~ 'thistle%'::text)","Rows Removed by Filter": 197799},{"Node Type": "Index Scan","Parent Relationship": "Inner","Parallel Aware": false,"Async Capable": false,"Scan Direction": "Forward","Index Name": "idx_partsupp_partkey","Relation Name": "partsupp","Alias": "partsupp","Startup Cost": 0.42,"Total Cost": 40.36,"Plan Rows": 1,"Plan Width": 8,"Actual Startup Time": 0.152,"Actual Total Time": 0.359,"Actual Rows": 3,"Actual Loops": 2201,"Index Cond": "(ps_partkey = part.p_partkey)","Rows Removed by Index Recheck": 0,"Filter": "((ps_availqty)::numeric > (SubPlan 1))","Rows Removed by Filter": 1,"Plans": [{"Node Type": "Aggregate","Strategy": "Plain","Partial Mode": "Simple","Parent Relationship": "SubPlan","Subplan Name": "SubPlan 1","Parallel Aware": false,"Async Capable": false,"Startup Cost": 8.46,"Total Cost": 8.47,"Plan Rows": 1,"Plan Width": 32,"Actual Startup Time": 0.082,"Actual Total Time": 0.082,"Actual Rows": 1,"Actual Loops": 8804,"Plans": [{"Node Type": "Index Scan","Parent Relationship": "Outer","Parallel Aware": false,"Async Capable": false,"Scan Direction": "Forward","Index Name": "idx_lineitem_part_supp","Relation Name": "lineitem","Alias": "lineitem","Startup Cost": 0.43,"Total Cost": 8.46,"Plan Rows": 0,"Plan Width": 5,"Actual Startup Time": 0.050,"Actual Total Time": 0.081,"Actual Rows": 1,"Actual Loops": 8804,"Index Cond": "((l_partkey = partsupp.ps_partkey) AND (l_suppkey = partsupp.ps_suppkey))","Rows Removed by Index Recheck": 0,"Filter": "((l_shipdate >= '1993-01-01'::date) AND (l_shipdate < '1994-01-01 00:00:00'::timestamp without time zone))","Rows Removed by Filter": 6}]}]}]}]}]}]},"Planning Time": 6.307,"Triggers": [],"Execution Time": 984.585}]
[{"Plan": {"Node Type": "Sort","Parallel Aware": false,"Async Capable": false,"Startup Cost": 88442.96,"Total Cost": 88443.23,"Plan Rows": 108,"Plan Width": 51,"Actual Startup Time": 927.786,"Actual Total Time": 927.818,"Actual Rows": 171,"Actual Loops": 1,"Sort Key": ["supplier.s_name"],"Sort Method": "quicksort","Sort Space Used": 40,"Sort Space Type": "Memory","Plans": [{"Node Type": "Hash Join","Parent Relationship": "Outer","Parallel Aware": false,"Async Capable": false,"Join Type": "Semi","Startup Cost": 88199.59,"Total Cost": 88439.31,"Plan Rows": 108,"Plan Width": 51,"Actual Startup Time": 922.920,"Actual Total Time": 927.305,"Actual Rows": 171,"Actual Loops": 1,"Inner Unique": false,"Hash Cond": "(supplier.s_suppkey = partsupp.ps_suppkey)","Plans": [{"Node Type": "Nested Loop","Parent Relationship": "Outer","Parallel Aware": false,"Async Capable": false,"Join Type": "Inner","Startup Cost": 7.38,"Total Cost": 244.58,"Plan Rows": 400,"Plan Width": 55,"Actual Startup Time": 0.248,"Actual Total Time": 4.556,"Actual Rows": 420,"Actual Loops": 1,"Inner Unique": false,"Plans": [{"Node Type": "Seq Scan","Parent Relationship": "Outer","Parallel Aware": false,"Async Capable": false,"Relation Name": "nation","Alias": "nation","Startup Cost": 0.00,"Total Cost": 1.31,"Plan Rows": 1,"Plan Width": 4,"Actual Startup Time": 0.063,"Actual Total Time": 0.096,"Actual Rows": 1,"Actual Loops": 1,"Filter": "(n_name = 'ALGERIA'::bpchar)","Rows Removed by Filter": 24},{"Node Type": "Bitmap Heap Scan","Parent Relationship": "Inner","Parallel Aware": false,"Async Capable": false,"Relation Name": "supplier","Alias": "supplier","Startup Cost": 7.38,"Total Cost": 239.27,"Plan Rows": 400,"Plan Width": 59,"Actual Startup Time": 0.178,"Actual Total Time": 4.387,"Actual Rows": 420,"Actual Loops": 1,"Recheck Cond": "(s_nationkey = nation.n_nationkey)","Rows Removed by Index Recheck": 0,"Exact Heap Blocks": 197,"Lossy Heap Blocks": 0,"Plans": [{"Node Type": "Bitmap Index Scan","Parent Relationship": "Outer","Parallel Aware": false,"Async Capable": false,"Index Name": "idx_supplier_nation_key","Startup Cost": 0.00,"Total Cost": 7.29,"Plan Rows": 400,"Plan Width": 0,"Actual Startup Time": 0.112,"Actual Total Time": 0.115,"Actual Rows": 420,"Actual Loops": 1,"Index Cond": "(s_nationkey = nation.n_nationkey)"}]}]},{"Node Type": "Hash","Parent Relationship": "Inner","Parallel Aware": false,"Async Capable": false,"Startup Cost": 88158.53,"Total Cost": 88158.53,"Plan Rows": 2694,"Plan Width": 4,"Actual Startup Time": 922.556,"Actual Total Time": 922.568,"Actual Rows": 6107,"Actual Loops": 1,"Hash Buckets": 8192,"Original Hash Buckets": 4096,"Hash Batches": 1,"Original Hash Batches": 1,"Peak Memory Usage": 279,"Plans": [{"Node Type": "Nested Loop","Parent Relationship": "Outer","Parallel Aware": false,"Async Capable": false,"Join Type": "Inner","Startup Cost": 0.42,"Total Cost": 88158.53,"Plan Rows": 2694,"Plan Width": 4,"Actual Startup Time": 0.546,"Actual Total Time": 917.814,"Actual Rows": 6107,"Actual Loops": 1,"Inner Unique": false,"Plans": [{"Node Type": "Seq Scan","Parent Relationship": "Outer","Parallel Aware": false,"Async Capable": false,"Relation Name": "part","Alias": "part","Startup Cost": 0.00,"Total Cost": 6597.00,"Plan Rows": 2020,"Plan Width": 4,"Actual Startup Time": 0.070,"Actual Total Time": 196.504,"Actual Rows": 2255,"Actual Loops": 1,"Filter": "((p_name)::text ~~ 'navajo%'::text)","Rows Removed by Filter": 197745},{"Node Type": "Index Scan","Parent Relationship": "Inner","Parallel Aware": false,"Async Capable": false,"Scan Direction": "Forward","Index Name": "idx_partsupp_partkey","Relation Name": "partsupp","Alias": "partsupp","Startup Cost": 0.42,"Total Cost": 40.36,"Plan Rows": 1,"Plan Width": 8,"Actual Startup Time": 0.136,"Actual Total Time": 0.319,"Actual Rows": 3,"Actual Loops": 2255,"Index Cond": "(ps_partkey = part.p_partkey)","Rows Removed by Index Recheck": 0,"Filter": "((ps_availqty)::numeric > (SubPlan 1))","Rows Removed by Filter": 1,"Plans": [{"Node Type": "Aggregate","Strategy": "Plain","Partial Mode": "Simple","Parent Relationship": "SubPlan","Subplan Name": "SubPlan 1","Parallel Aware": false,"Async Capable": false,"Startup Cost": 8.46,"Total Cost": 8.47,"Plan Rows": 1,"Plan Width": 32,"Actual Startup Time": 0.071,"Actual Total Time": 0.071,"Actual Rows": 1,"Actual Loops": 9020,"Plans": [{"Node Type": "Index Scan","Parent Relationship": "Outer","Parallel Aware": false,"Async Capable": false,"Scan Direction": "Forward","Index Name": "idx_lineitem_part_supp","Relation Name": "lineitem","Alias": "lineitem","Startup Cost": 0.43,"Total Cost": 8.46,"Plan Rows": 0,"Plan Width": 5,"Actual Startup Time": 0.043,"Actual Total Time": 0.071,"Actual Rows": 1,"Actual Loops": 9020,"Index Cond": "((l_partkey = partsupp.ps_partkey) AND (l_suppkey = partsupp.ps_suppkey))","Rows Removed by Index Recheck": 0,"Filter": "((l_shipdate >= '1994-01-01'::date) AND (l_shipdate < '1995-01-01 00:00:00'::timestamp without time zone))","Rows Removed by Filter": 6}]}]}]}]}]}]},"Planning Time": 5.784,"Triggers": [],"Execution Time": 928.067}]
[{"Plan": {"Node Type": "Sort","Parallel Aware": false,"Async Capable": false,"Startup Cost": 88442.96,"Total Cost": 88443.23,"Plan Rows": 108,"Plan Width": 51,"Actual Startup Time": 898.463,"Actual Total Time": 898.501,"Actual Rows": 179,"Actual Loops": 1,"Sort Key": ["supplier.s_name"],"Sort Method": "quicksort","Sort Space Used": 41,"Sort Space Type": "Memory","Plans": [{"Node Type": "Hash Join","Parent Relationship": "Outer","Parallel Aware": false,"Async Capable": false,"Join Type": "Semi","Startup Cost": 88199.59,"Total Cost": 88439.31,"Plan Rows": 108,"Plan Width": 51,"Actual Startup Time": 894.225,"Actual Total Time": 898.147,"Actual Rows": 179,"Actual Loops": 1,"Inner Unique": false,"Hash Cond": "(supplier.s_suppkey = partsupp.ps_suppkey)","Plans": [{"Node Type": "Nested Loop","Parent Relationship": "Outer","Parallel Aware": false,"Async Capable": false,"Join Type": "Inner","Startup Cost": 7.38,"Total Cost": 244.58,"Plan Rows": 400,"Plan Width": 55,"Actual Startup Time": 0.300,"Actual Total Time": 4.181,"Actual Rows": 415,"Actual Loops": 1,"Inner Unique": false,"Plans": [{"Node Type": "Seq Scan","Parent Relationship": "Outer","Parallel Aware": false,"Async Capable": false,"Relation Name": "nation","Alias": "nation","Startup Cost": 0.00,"Total Cost": 1.31,"Plan Rows": 1,"Plan Width": 4,"Actual Startup Time": 0.067,"Actual Total Time": 0.091,"Actual Rows": 1,"Actual Loops": 1,"Filter": "(n_name = 'INDIA'::bpchar)","Rows Removed by Filter": 24},{"Node Type": "Bitmap Heap Scan","Parent Relationship": "Inner","Parallel Aware": false,"Async Capable": false,"Relation Name": "supplier","Alias": "supplier","Startup Cost": 7.38,"Total Cost": 239.27,"Plan Rows": 400,"Plan Width": 59,"Actual Startup Time": 0.227,"Actual Total Time": 4.019,"Actual Rows": 415,"Actual Loops": 1,"Recheck Cond": "(s_nationkey = nation.n_nationkey)","Rows Removed by Index Recheck": 0,"Exact Heap Blocks": 186,"Lossy Heap Blocks": 0,"Plans": [{"Node Type": "Bitmap Index Scan","Parent Relationship": "Outer","Parallel Aware": false,"Async Capable": false,"Index Name": "idx_supplier_nation_key","Startup Cost": 0.00,"Total Cost": 7.29,"Plan Rows": 400,"Plan Width": 0,"Actual Startup Time": 0.146,"Actual Total Time": 0.149,"Actual Rows": 415,"Actual Loops": 1,"Index Cond": "(s_nationkey = nation.n_nationkey)"}]}]},{"Node Type": "Hash","Parent Relationship": "Inner","Parallel Aware": false,"Async Capable": false,"Startup Cost": 88158.53,"Total Cost": 88158.53,"Plan Rows": 2694,"Plan Width": 4,"Actual Startup Time": 893.815,"Actual Total Time": 893.824,"Actual Rows": 5868,"Actual Loops": 1,"Hash Buckets": 8192,"Original Hash Buckets": 4096,"Hash Batches": 1,"Original Hash Batches": 1,"Peak Memory Usage": 271,"Plans": [{"Node Type": "Nested Loop","Parent Relationship": "Outer","Parallel Aware": false,"Async Capable": false,"Join Type": "Inner","Startup Cost": 0.42,"Total Cost": 88158.53,"Plan Rows": 2694,"Plan Width": 4,"Actual Startup Time": 0.628,"Actual Total Time": 889.091,"Actual Rows": 5868,"Actual Loops": 1,"Inner Unique": false,"Plans": [{"Node Type": "Seq Scan","Parent Relationship": "Outer","Parallel Aware": false,"Async Capable": false,"Relation Name": "part","Alias": "part","Startup Cost": 0.00,"Total Cost": 6597.00,"Plan Rows": 2020,"Plan Width": 4,"Actual Startup Time": 0.068,"Actual Total Time": 195.930,"Actual Rows": 2153,"Actual Loops": 1,"Filter": "((p_name)::text ~~ 'ghost%'::text)","Rows Removed by Filter": 197847},{"Node Type": "Index Scan","Parent Relationship": "Inner","Parallel Aware": false,"Async Capable": false,"Scan Direction": "Forward","Index Name": "idx_partsupp_partkey","Relation Name": "partsupp","Alias": "partsupp","Startup Cost": 0.42,"Total Cost": 40.36,"Plan Rows": 1,"Plan Width": 8,"Actual Startup Time": 0.136,"Actual Total Time": 0.321,"Actual Rows": 3,"Actual Loops": 2153,"Index Cond": "(ps_partkey = part.p_partkey)","Rows Removed by Index Recheck": 0,"Filter": "((ps_availqty)::numeric > (SubPlan 1))","Rows Removed by Filter": 1,"Plans": [{"Node Type": "Aggregate","Strategy": "Plain","Partial Mode": "Simple","Parent Relationship": "SubPlan","Subplan Name": "SubPlan 1","Parallel Aware": false,"Async Capable": false,"Startup Cost": 8.46,"Total Cost": 8.47,"Plan Rows": 1,"Plan Width": 32,"Actual Startup Time": 0.072,"Actual Total Time": 0.072,"Actual Rows": 1,"Actual Loops": 8612,"Plans": [{"Node Type": "Index Scan","Parent Relationship": "Outer","Parallel Aware": false,"Async Capable": false,"Scan Direction": "Forward","Index Name": "idx_lineitem_part_supp","Relation Name": "lineitem","Alias": "lineitem","Startup Cost": 0.43,"Total Cost": 8.46,"Plan Rows": 0,"Plan Width": 5,"Actual Startup Time": 0.044,"Actual Total Time": 0.071,"Actual Rows": 1,"Actual Loops": 8612,"Index Cond": "((l_partkey = partsupp.ps_partkey) AND (l_suppkey = partsupp.ps_suppkey))","Rows Removed by Index Recheck": 0,"Filter": "((l_shipdate >= '1995-01-01'::date) AND (l_shipdate < '1996-01-01 00:00:00'::timestamp without time zone))","Rows Removed by Filter": 6}]}]}]}]}]}]},"Planning Time": 6.333,"Triggers": [],"Execution Time": 898.753}]
[{"Plan": {"Node Type": "Sort","Parallel Aware": false,"Async Capable": false,"Startup Cost": 88442.96,"Total Cost": 88443.23,"Plan Rows": 108,"Plan Width": 51,"Actual Startup Time": 965.927,"Actual Total Time": 965.965,"Actual Rows": 189,"Actual Loops": 1,"Sort Key": ["supplier.s_name"],"Sort Method": "quicksort","Sort Space Used": 42,"Sort Space Type": "Memory","Plans": [{"Node Type": "Hash Join","Parent Relationship": "Outer","Parallel Aware": false,"Async Capable": false,"Join Type": "Semi","Startup Cost": 88199.59,"Total Cost": 88439.31,"Plan Rows": 108,"Plan Width": 51,"Actual Startup Time": 961.673,"Actual Total Time": 965.633,"Actual Rows": 189,"Actual Loops": 1,"Inner Unique": false,"Hash Cond": "(supplier.s_suppkey = partsupp.ps_suppkey)","Plans": [{"Node Type": "Nested Loop","Parent Relationship": "Outer","Parallel Aware": false,"Async Capable": false,"Join Type": "Inner","Startup Cost": 7.38,"Total Cost": 244.58,"Plan Rows": 400,"Plan Width": 55,"Actual Startup Time": 0.222,"Actual Total Time": 4.100,"Actual Rows": 397,"Actual Loops": 1,"Inner Unique": false,"Plans": [{"Node Type": "Seq Scan","Parent Relationship": "Outer","Parallel Aware": false,"Async Capable": false,"Relation Name": "nation","Alias": "nation","Startup Cost": 0.00,"Total Cost": 1.31,"Plan Rows": 1,"Plan Width": 4,"Actual Startup Time": 0.059,"Actual Total Time": 0.079,"Actual Rows": 1,"Actual Loops": 1,"Filter": "(n_name = 'BRAZIL'::bpchar)","Rows Removed by Filter": 24},{"Node Type": "Bitmap Heap Scan","Parent Relationship": "Inner","Parallel Aware": false,"Async Capable": false,"Relation Name": "supplier","Alias": "supplier","Startup Cost": 7.38,"Total Cost": 239.27,"Plan Rows": 400,"Plan Width": 59,"Actual Startup Time": 0.156,"Actual Total Time": 3.942,"Actual Rows": 397,"Actual Loops": 1,"Recheck Cond": "(s_nationkey = nation.n_nationkey)","Rows Removed by Index Recheck": 0,"Exact Heap Blocks": 187,"Lossy Heap Blocks": 0,"Plans": [{"Node Type": "Bitmap Index Scan","Parent Relationship": "Outer","Parallel Aware": false,"Async Capable": false,"Index Name": "idx_supplier_nation_key","Startup Cost": 0.00,"Total Cost": 7.29,"Plan Rows": 400,"Plan Width": 0,"Actual Startup Time": 0.107,"Actual Total Time": 0.111,"Actual Rows": 397,"Actual Loops": 1,"Index Cond": "(s_nationkey = nation.n_nationkey)"}]}]},{"Node Type": "Hash","Parent Relationship": "Inner","Parallel Aware": false,"Async Capable": false,"Startup Cost": 88158.53,"Total Cost": 88158.53,"Plan Rows": 2694,"Plan Width": 4,"Actual Startup Time": 961.328,"Actual Total Time": 961.339,"Actual Rows": 5873,"Actual Loops": 1,"Hash Buckets": 8192,"Original Hash Buckets": 4096,"Hash Batches": 1,"Original Hash Batches": 1,"Peak Memory Usage": 271,"Plans": [{"Node Type": "Nested Loop","Parent Relationship": "Outer","Parallel Aware": false,"Async Capable": false,"Join Type": "Inner","Startup Cost": 0.42,"Total Cost": 88158.53,"Plan Rows": 2694,"Plan Width": 4,"Actual Startup Time": 0.736,"Actual Total Time": 956.684,"Actual Rows": 5873,"Actual Loops": 1,"Inner Unique": false,"Plans": [{"Node Type": "Seq Scan","Parent Relationship": "Outer","Parallel Aware": false,"Async Capable": false,"Relation Name": "part","Alias": "part","Startup Cost": 0.00,"Total Cost": 6597.00,"Plan Rows": 2020,"Plan Width": 4,"Actual Startup Time": 0.036,"Actual Total Time": 180.505,"Actual Rows": 2171,"Actual Loops": 1,"Filter": "((p_name)::text ~~ 'moccasin%'::text)","Rows Removed by Filter": 197829},{"Node Type": "Index Scan","Parent Relationship": "Inner","Parallel Aware": false,"Async Capable": false,"Scan Direction": "Forward","Index Name": "idx_partsupp_partkey","Relation Name": "partsupp","Alias": "partsupp","Startup Cost": 0.42,"Total Cost": 40.36,"Plan Rows": 1,"Plan Width": 8,"Actual Startup Time": 0.149,"Actual Total Time": 0.357,"Actual Rows": 3,"Actual Loops": 2171,"Index Cond": "(ps_partkey = part.p_partkey)","Rows Removed by Index Recheck": 0,"Filter": "((ps_availqty)::numeric > (SubPlan 1))","Rows Removed by Filter": 1,"Plans": [{"Node Type": "Aggregate","Strategy": "Plain","Partial Mode": "Simple","Parent Relationship": "SubPlan","Subplan Name": "SubPlan 1","Parallel Aware": false,"Async Capable": false,"Startup Cost": 8.46,"Total Cost": 8.47,"Plan Rows": 1,"Plan Width": 32,"Actual Startup Time": 0.081,"Actual Total Time": 0.081,"Actual Rows": 1,"Actual Loops": 8684,"Plans": [{"Node Type": "Index Scan","Parent Relationship": "Outer","Parallel Aware": false,"Async Capable": false,"Scan Direction": "Forward","Index Name": "idx_lineitem_part_supp","Relation Name": "lineitem","Alias": "lineitem","Startup Cost": 0.43,"Total Cost": 8.46,"Plan Rows": 0,"Plan Width": 5,"Actual Startup Time": 0.049,"Actual Total Time": 0.080,"Actual Rows": 1,"Actual Loops": 8684,"Index Cond": "((l_partkey = partsupp.ps_partkey) AND (l_suppkey = partsupp.ps_suppkey))","Rows Removed by Index Recheck": 0,"Filter": "((l_shipdate >= '1996-01-01'::date) AND (l_shipdate < '1997-01-01 00:00:00'::timestamp without time zone))","Rows Removed by Filter": 6}]}]}]}]}]}]},"Planning Time": 7.251,"Triggers": [],"Execution Time": 966.206}]
[{"Plan": {"Node Type": "Sort","Parallel Aware": false,"Async Capable": false,"Startup Cost": 165280.99,"Total Cost": 165281.52,"Plan Rows": 215,"Plan Width": 51,"Actual Startup Time": 972.453,"Actual Total Time": 972.501,"Actual Rows": 186,"Actual Loops": 1,"Sort Key": ["supplier.s_name"],"Sort Method": "quicksort","Sort Space Used": 42,"Sort Space Type": "Memory","Plans": [{"Node Type": "Hash Join","Parent Relationship": "Outer","Parallel Aware": false,"Async Capable": false,"Join Type": "Semi","Startup Cost": 165030.68,"Total Cost": 165272.66,"Plan Rows": 215,"Plan Width": 51,"Actual Startup Time": 967.700,"Actual Total Time": 972.115,"Actual Rows": 186,"Actual Loops": 1,"Inner Unique": false,"Hash Cond": "(supplier.s_suppkey = partsupp.ps_suppkey)","Plans": [{"Node Type": "Nested Loop","Parent Relationship": "Outer","Parallel Aware": false,"Async Capable": false,"Join Type": "Inner","Startup Cost": 7.38,"Total Cost": 244.58,"Plan Rows": 400,"Plan Width": 55,"Actual Startup Time": 0.347,"Actual Total Time": 4.342,"Actual Rows": 411,"Actual Loops": 1,"Inner Unique": false,"Plans": [{"Node Type": "Seq Scan","Parent Relationship": "Outer","Parallel Aware": false,"Async Capable": false,"Relation Name": "nation","Alias": "nation","Startup Cost": 0.00,"Total Cost": 1.31,"Plan Rows": 1,"Plan Width": 4,"Actual Startup Time": 0.086,"Actual Total Time": 0.111,"Actual Rows": 1,"Actual Loops": 1,"Filter": "(n_name = 'SAUDI ARABIA'::bpchar)","Rows Removed by Filter": 24},{"Node Type": "Bitmap Heap Scan","Parent Relationship": "Inner","Parallel Aware": false,"Async Capable": false,"Relation Name": "supplier","Alias": "supplier","Startup Cost": 7.38,"Total Cost": 239.27,"Plan Rows": 400,"Plan Width": 59,"Actual Startup Time": 0.257,"Actual Total Time": 4.162,"Actual Rows": 411,"Actual Loops": 1,"Recheck Cond": "(s_nationkey = nation.n_nationkey)","Rows Removed by Index Recheck": 0,"Exact Heap Blocks": 182,"Lossy Heap Blocks": 0,"Plans": [{"Node Type": "Bitmap Index Scan","Parent Relationship": "Outer","Parallel Aware": false,"Async Capable": false,"Index Name": "idx_supplier_nation_key","Startup Cost": 0.00,"Total Cost": 7.29,"Plan Rows": 400,"Plan Width": 0,"Actual Startup Time": 0.180,"Actual Total Time": 0.184,"Actual Rows": 411,"Actual Loops": 1,"Index Cond": "(s_nationkey = nation.n_nationkey)"}]}]},{"Node Type": "Hash","Parent Relationship": "Inner","Parallel Aware": false,"Async Capable": false,"Startup Cost": 164955.96,"Total Cost": 164955.96,"Plan Rows": 5387,"Plan Width": 4,"Actual Startup Time": 967.123,"Actual Total Time": 967.136,"Actual Rows": 5934,"Actual Loops": 1,"Hash Buckets": 8192,"Original Hash Buckets": 8192,"Hash Batches": 1,"Original Hash Batches": 1,"Peak Memory Usage": 273,"Plans": [{"Node Type": "Nested Loop","Parent Relationship": "Outer","Parallel Aware": false,"Async Capable": false,"Join Type": "Inner","Startup Cost": 0.42,"Total Cost": 164955.96,"Plan Rows": 5387,"Plan Width": 4,"Actual Startup Time": 0.654,"Actual Total Time": 961.325,"Actual Rows": 5934,"Actual Loops": 1,"Inner Unique": false,"Plans": [{"Node Type": "Seq Scan","Parent Relationship": "Outer","Parallel Aware": false,"Async Capable": false,"Relation Name": "part","Alias": "part","Startup Cost": 0.00,"Total Cost": 6597.00,"Plan Rows": 4040,"Plan Width": 4,"Actual Startup Time": 0.139,"Actual Total Time": 180.826,"Actual Rows": 2158,"Actual Loops": 1,"Filter": "((p_name)::text ~~ 'burnished%'::text)","Rows Removed by Filter": 197842},{"Node Type": "Index Scan","Parent Relationship": "Inner","Parallel Aware": false,"Async Capable": false,"Scan Direction": "Forward","Index Name": "idx_partsupp_partkey","Relation Name": "partsupp","Alias": "partsupp","Startup Cost": 0.42,"Total Cost": 39.18,"Plan Rows": 1,"Plan Width": 8,"Actual Startup Time": 0.148,"Actual Total Time": 0.361,"Actual Rows": 3,"Actual Loops": 2158,"Index Cond": "(ps_partkey = part.p_partkey)","Rows Removed by Index Recheck": 0,"Filter": "((ps_availqty)::numeric > (SubPlan 1))","Rows Removed by Filter": 1,"Plans": [{"Node Type": "Aggregate","Strategy": "Plain","Partial Mode": "Simple","Parent Relationship": "SubPlan","Subplan Name": "SubPlan 1","Parallel Aware": false,"Async Capable": false,"Startup Cost": 8.46,"Total Cost": 8.47,"Plan Rows": 1,"Plan Width": 32,"Actual Startup Time": 0.082,"Actual Total Time": 0.082,"Actual Rows": 1,"Actual Loops": 8632,"Plans": [{"Node Type": "Index Scan","Parent Relationship": "Outer","Parallel Aware": false,"Async Capable": false,"Scan Direction": "Forward","Index Name": "idx_lineitem_part_supp","Relation Name": "lineitem","Alias": "lineitem","Startup Cost": 0.43,"Total Cost": 8.46,"Plan Rows": 0,"Plan Width": 5,"Actual Startup Time": 0.049,"Actual Total Time": 0.081,"Actual Rows": 1,"Actual Loops": 8632,"Index Cond": "((l_partkey = partsupp.ps_partkey) AND (l_suppkey = partsupp.ps_suppkey))","Rows Removed by Index Recheck": 0,"Filter": "((l_shipdate >= '1996-01-01'::date) AND (l_shipdate < '1997-01-01 00:00:00'::timestamp without time zone))","Rows Removed by Filter": 6}]}]}]}]}]}]},"Planning Time": 6.695,"Triggers": [],"Execution Time": 972.807}]
[{"Plan": {"Node Type": "Sort","Parallel Aware": false,"Async Capable": false,"Startup Cost": 165280.99,"Total Cost": 165281.52,"Plan Rows": 215,"Plan Width": 51,"Actual Startup Time": 896.433,"Actual Total Time": 896.464,"Actual Rows": 168,"Actual Loops": 1,"Sort Key": ["supplier.s_name"],"Sort Method": "quicksort","Sort Space Used": 40,"Sort Space Type": "Memory","Plans": [{"Node Type": "Hash Join","Parent Relationship": "Outer","Parallel Aware": false,"Async Capable": false,"Join Type": "Semi","Startup Cost": 165030.68,"Total Cost": 165272.66,"Plan Rows": 215,"Plan Width": 51,"Actual Startup Time": 891.762,"Actual Total Time": 895.925,"Actual Rows": 168,"Actual Loops": 1,"Inner Unique": false,"Hash Cond": "(supplier.s_suppkey = partsupp.ps_suppkey)","Plans": [{"Node Type": "Nested Loop","Parent Relationship": "Outer","Parallel Aware": false,"Async Capable": false,"Join Type": "Inner","Startup Cost": 7.38,"Total Cost": 244.58,"Plan Rows": 400,"Plan Width": 55,"Actual Startup Time": 0.229,"Actual Total Time": 3.790,"Actual Rows": 402,"Actual Loops": 1,"Inner Unique": false,"Plans": [{"Node Type": "Seq Scan","Parent Relationship": "Outer","Parallel Aware": false,"Async Capable": false,"Relation Name": "nation","Alias": "nation","Startup Cost": 0.00,"Total Cost": 1.31,"Plan Rows": 1,"Plan Width": 4,"Actual Startup Time": 0.063,"Actual Total Time": 0.079,"Actual Rows": 1,"Actual Loops": 1,"Filter": "(n_name = 'FRANCE'::bpchar)","Rows Removed by Filter": 24},{"Node Type": "Bitmap Heap Scan","Parent Relationship": "Inner","Parallel Aware": false,"Async Capable": false,"Relation Name": "supplier","Alias": "supplier","Startup Cost": 7.38,"Total Cost": 239.27,"Plan Rows": 400,"Plan Width": 59,"Actual Startup Time": 0.160,"Actual Total Time": 3.642,"Actual Rows": 402,"Actual Loops": 1,"Recheck Cond": "(s_nationkey = nation.n_nationkey)","Rows Removed by Index Recheck": 0,"Exact Heap Blocks": 184,"Lossy Heap Blocks": 0,"Plans": [{"Node Type": "Bitmap Index Scan","Parent Relationship": "Outer","Parallel Aware": false,"Async Capable": false,"Index Name": "idx_supplier_nation_key","Startup Cost": 0.00,"Total Cost": 7.29,"Plan Rows": 400,"Plan Width": 0,"Actual Startup Time": 0.097,"Actual Total Time": 0.102,"Actual Rows": 402,"Actual Loops": 1,"Index Cond": "(s_nationkey = nation.n_nationkey)"}]}]},{"Node Type": "Hash","Parent Relationship": "Inner","Parallel Aware": false,"Async Capable": false,"Startup Cost": 164955.96,"Total Cost": 164955.96,"Plan Rows": 5387,"Plan Width": 4,"Actual Startup Time": 891.427,"Actual Total Time": 891.437,"Actual Rows": 5903,"Actual Loops": 1,"Hash Buckets": 8192,"Original Hash Buckets": 8192,"Hash Batches": 1,"Original Hash Batches": 1,"Peak Memory Usage": 272,"Plans": [{"Node Type": "Nested Loop","Parent Relationship": "Outer","Parallel Aware": false,"Async Capable": false,"Join Type": "Inner","Startup Cost": 0.42,"Total Cost": 164955.96,"Plan Rows": 5387,"Plan Width": 4,"Actual Startup Time": 0.459,"Actual Total Time": 885.445,"Actual Rows": 5903,"Actual Loops": 1,"Inner Unique": false,"Plans": [{"Node Type": "Seq Scan","Parent Relationship": "Outer","Parallel Aware": false,"Async Capable": false,"Relation Name": "part","Alias": "part","Startup Cost": 0.00,"Total Cost": 6597.00,"Plan Rows": 4040,"Plan Width": 4,"Actual Startup Time": 0.041,"Actual Total Time": 196.372,"Actual Rows": 2157,"Actual Loops": 1,"Filter": "((p_name)::text ~~ 'spring%'::text)","Rows Removed by Filter": 197843},{"Node Type": "Index Scan","Parent Relationship": "Inner","Parallel Aware": false,"Async Capable": false,"Scan Direction": "Forward","Index Name": "idx_partsupp_partkey","Relation Name": "partsupp","Alias": "partsupp","Startup Cost": 0.42,"Total Cost": 39.18,"Plan Rows": 1,"Plan Width": 8,"Actual Startup Time": 0.134,"Actual Total Time": 0.319,"Actual Rows": 3,"Actual Loops": 2157,"Index Cond": "(ps_partkey = part.p_partkey)","Rows Removed by Index Recheck": 0,"Filter": "((ps_availqty)::numeric > (SubPlan 1))","Rows Removed by Filter": 1,"Plans": [{"Node Type": "Aggregate","Strategy": "Plain","Partial Mode": "Simple","Parent Relationship": "SubPlan","Subplan Name": "SubPlan 1","Parallel Aware": false,"Async Capable": false,"Startup Cost": 8.46,"Total Cost": 8.47,"Plan Rows": 1,"Plan Width": 32,"Actual Startup Time": 0.071,"Actual Total Time": 0.072,"Actual Rows": 1,"Actual Loops": 8628,"Plans": [{"Node Type": "Index Scan","Parent Relationship": "Outer","Parallel Aware": false,"Async Capable": false,"Scan Direction": "Forward","Index Name": "idx_lineitem_part_supp","Relation Name": "lineitem","Alias": "lineitem","Startup Cost": 0.43,"Total Cost": 8.46,"Plan Rows": 0,"Plan Width": 5,"Actual Startup Time": 0.043,"Actual Total Time": 0.071,"Actual Rows": 1,"Actual Loops": 8628,"Index Cond": "((l_partkey = partsupp.ps_partkey) AND (l_suppkey = partsupp.ps_suppkey))","Rows Removed by Index Recheck": 0,"Filter": "((l_shipdate >= '1996-01-01'::date) AND (l_shipdate < '1997-01-01 00:00:00'::timestamp without time zone))","Rows Removed by Filter": 6}]}]}]}]}]}]},"Planning Time": 6.375,"Triggers": [],"Execution Time": 896.688}]
[{"Plan": {"Node Type": "Sort","Parallel Aware": false,"Async Capable": false,"Startup Cost": 88442.96,"Total Cost": 88443.23,"Plan Rows": 108,"Plan Width": 51,"Actual Startup Time": 982.669,"Actual Total Time": 982.704,"Actual Rows": 164,"Actual Loops": 1,"Sort Key": ["supplier.s_name"],"Sort Method": "quicksort","Sort Space Used": 40,"Sort Space Type": "Memory","Plans": [{"Node Type": "Hash Join","Parent Relationship": "Outer","Parallel Aware": false,"Async Capable": false,"Join Type": "Semi","Startup Cost": 88199.59,"Total Cost": 88439.31,"Plan Rows": 108,"Plan Width": 51,"Actual Startup Time": 978.558,"Actual Total Time": 982.402,"Actual Rows": 164,"Actual Loops": 1,"Inner Unique": false,"Hash Cond": "(supplier.s_suppkey = partsupp.ps_suppkey)","Plans": [{"Node Type": "Nested Loop","Parent Relationship": "Outer","Parallel Aware": false,"Async Capable": false,"Join Type": "Inner","Startup Cost": 7.38,"Total Cost": 244.58,"Plan Rows": 400,"Plan Width": 55,"Actual Startup Time": 0.244,"Actual Total Time": 4.039,"Actual Rows": 396,"Actual Loops": 1,"Inner Unique": false,"Plans": [{"Node Type": "Seq Scan","Parent Relationship": "Outer","Parallel Aware": false,"Async Capable": false,"Relation Name": "nation","Alias": "nation","Startup Cost": 0.00,"Total Cost": 1.31,"Plan Rows": 1,"Plan Width": 4,"Actual Startup Time": 0.068,"Actual Total Time": 0.097,"Actual Rows": 1,"Actual Loops": 1,"Filter": "(n_name = 'GERMANY'::bpchar)","Rows Removed by Filter": 24},{"Node Type": "Bitmap Heap Scan","Parent Relationship": "Inner","Parallel Aware": false,"Async Capable": false,"Relation Name": "supplier","Alias": "supplier","Startup Cost": 7.38,"Total Cost": 239.27,"Plan Rows": 400,"Plan Width": 59,"Actual Startup Time": 0.171,"Actual Total Time": 3.878,"Actual Rows": 396,"Actual Loops": 1,"Recheck Cond": "(s_nationkey = nation.n_nationkey)","Rows Removed by Index Recheck": 0,"Exact Heap Blocks": 191,"Lossy Heap Blocks": 0,"Plans": [{"Node Type": "Bitmap Index Scan","Parent Relationship": "Outer","Parallel Aware": false,"Async Capable": false,"Index Name": "idx_supplier_nation_key","Startup Cost": 0.00,"Total Cost": 7.29,"Plan Rows": 400,"Plan Width": 0,"Actual Startup Time": 0.100,"Actual Total Time": 0.106,"Actual Rows": 396,"Actual Loops": 1,"Index Cond": "(s_nationkey = nation.n_nationkey)"}]}]},{"Node Type": "Hash","Parent Relationship": "Inner","Parallel Aware": false,"Async Capable": false,"Startup Cost": 88158.53,"Total Cost": 88158.53,"Plan Rows": 2694,"Plan Width": 4,"Actual Startup Time": 978.228,"Actual Total Time": 978.238,"Actual Rows": 6024,"Actual Loops": 1,"Hash Buckets": 8192,"Original Hash Buckets": 4096,"Hash Batches": 1,"Original Hash Batches": 1,"Peak Memory Usage": 276,"Plans": [{"Node Type": "Nested Loop","Parent Relationship": "Outer","Parallel Aware": false,"Async Capable": false,"Join Type": "Inner","Startup Cost": 0.42,"Total Cost": 88158.53,"Plan Rows": 2694,"Plan Width": 4,"Actual Startup Time": 0.486,"Actual Total Time": 974.227,"Actual Rows": 6024,"Actual Loops": 1,"Inner Unique": false,"Plans": [{"Node Type": "Seq Scan","Parent Relationship": "Outer","Parallel Aware": false,"Async Capable": false,"Relation Name": "part","Alias": "part","Startup Cost": 0.00,"Total Cost": 6597.00,"Plan Rows": 2020,"Plan Width": 4,"Actual Startup Time": 0.154,"Actual Total Time": 182.487,"Actual Rows": 2217,"Actual Loops": 1,"Filter": "((p_name)::text ~~ 'tomato%'::text)","Rows Removed by Filter": 197783},{"Node Type": "Index Scan","Parent Relationship": "Inner","Parallel Aware": false,"Async Capable": false,"Scan Direction": "Forward","Index Name": "idx_partsupp_partkey","Relation Name": "partsupp","Alias": "partsupp","Startup Cost": 0.42,"Total Cost": 40.36,"Plan Rows": 1,"Plan Width": 8,"Actual Startup Time": 0.149,"Actual Total Time": 0.357,"Actual Rows": 3,"Actual Loops": 2217,"Index Cond": "(ps_partkey = part.p_partkey)","Rows Removed by Index Recheck": 0,"Filter": "((ps_availqty)::numeric > (SubPlan 1))","Rows Removed by Filter": 1,"Plans": [{"Node Type": "Aggregate","Strategy": "Plain","Partial Mode": "Simple","Parent Relationship": "SubPlan","Subplan Name": "SubPlan 1","Parallel Aware": false,"Async Capable": false,"Startup Cost": 8.46,"Total Cost": 8.47,"Plan Rows": 1,"Plan Width": 32,"Actual Startup Time": 0.081,"Actual Total Time": 0.081,"Actual Rows": 1,"Actual Loops": 8868,"Plans": [{"Node Type": "Index Scan","Parent Relationship": "Outer","Parallel Aware": false,"Async Capable": false,"Scan Direction": "Forward","Index Name": "idx_lineitem_part_supp","Relation Name": "lineitem","Alias": "lineitem","Startup Cost": 0.43,"Total Cost": 8.46,"Plan Rows": 0,"Plan Width": 5,"Actual Startup Time": 0.049,"Actual Total Time": 0.080,"Actual Rows": 1,"Actual Loops": 8868,"Index Cond": "((l_partkey = partsupp.ps_partkey) AND (l_suppkey = partsupp.ps_suppkey))","Rows Removed by Index Recheck": 0,"Filter": "((l_shipdate >= '1996-01-01'::date) AND (l_shipdate < '1997-01-01 00:00:00'::timestamp without time zone))","Rows Removed by Filter": 6}]}]}]}]}]}]},"Planning Time": 7.024,"Triggers": [],"Execution Time": 982.968}]
[{"Plan": {"Node Type": "Sort","Parallel Aware": false,"Async Capable": false,"Startup Cost": 88442.96,"Total Cost": 88443.23,"Plan Rows": 108,"Plan Width": 51,"Actual Startup Time": 969.657,"Actual Total Time": 969.678,"Actual Rows": 186,"Actual Loops": 1,"Sort Key": ["supplier.s_name"],"Sort Method": "quicksort","Sort Space Used": 42,"Sort Space Type": "Memory","Plans": [{"Node Type": "Hash Join","Parent Relationship": "Outer","Parallel Aware": false,"Async Capable": false,"Join Type": "Semi","Startup Cost": 88199.59,"Total Cost": 88439.31,"Plan Rows": 108,"Plan Width": 51,"Actual Startup Time": 965.321,"Actual Total Time": 969.314,"Actual Rows": 186,"Actual Loops": 1,"Inner Unique": false,"Hash Cond": "(supplier.s_suppkey = partsupp.ps_suppkey)","Plans": [{"Node Type": "Nested Loop","Parent Relationship": "Outer","Parallel Aware": false,"Async Capable": false,"Join Type": "Inner","Startup Cost": 7.38,"Total Cost": 244.58,"Plan Rows": 400,"Plan Width": 55,"Actual Startup Time": 0.346,"Actual Total Time": 4.223,"Actual Rows": 421,"Actual Loops": 1,"Inner Unique": false,"Plans": [{"Node Type": "Seq Scan","Parent Relationship": "Outer","Parallel Aware": false,"Async Capable": false,"Relation Name": "nation","Alias": "nation","Startup Cost": 0.00,"Total Cost": 1.31,"Plan Rows": 1,"Plan Width": 4,"Actual Startup Time": 0.070,"Actual Total Time": 0.088,"Actual Rows": 1,"Actual Loops": 1,"Filter": "(n_name = 'PERU'::bpchar)","Rows Removed by Filter": 24},{"Node Type": "Bitmap Heap Scan","Parent Relationship": "Inner","Parallel Aware": false,"Async Capable": false,"Relation Name": "supplier","Alias": "supplier","Startup Cost": 7.38,"Total Cost": 239.27,"Plan Rows": 400,"Plan Width": 59,"Actual Startup Time": 0.265,"Actual Total Time": 4.068,"Actual Rows": 421,"Actual Loops": 1,"Recheck Cond": "(s_nationkey = nation.n_nationkey)","Rows Removed by Index Recheck": 0,"Exact Heap Blocks": 187,"Lossy Heap Blocks": 0,"Plans": [{"Node Type": "Bitmap Index Scan","Parent Relationship": "Outer","Parallel Aware": false,"Async Capable": false,"Index Name": "idx_supplier_nation_key","Startup Cost": 0.00,"Total Cost": 7.29,"Plan Rows": 400,"Plan Width": 0,"Actual Startup Time": 0.191,"Actual Total Time": 0.192,"Actual Rows": 421,"Actual Loops": 1,"Index Cond": "(s_nationkey = nation.n_nationkey)"}]}]},{"Node Type": "Hash","Parent Relationship": "Inner","Parallel Aware": false,"Async Capable": false,"Startup Cost": 88158.53,"Total Cost": 88158.53,"Plan Rows": 2694,"Plan Width": 4,"Actual Startup Time": 964.914,"Actual Total Time": 964.920,"Actual Rows": 5915,"Actual Loops": 1,"Hash Buckets": 8192,"Original Hash Buckets": 4096,"Hash Batches": 1,"Original Hash Batches": 1,"Peak Memory Usage": 272,"Plans": [{"Node Type": "Nested Loop","Parent Relationship": "Outer","Parallel Aware": false,"Async Capable": false,"Join Type": "Inner","Startup Cost": 0.42,"Total Cost": 88158.53,"Plan Rows": 2694,"Plan Width": 4,"Actual Startup Time": 0.771,"Actual Total Time": 960.826,"Actual Rows": 5915,"Actual Loops": 1,"Inner Unique": false,"Plans": [{"Node Type": "Seq Scan","Parent Relationship": "Outer","Parallel Aware": false,"Async Capable": false,"Relation Name": "part","Alias": "part","Startup Cost": 0.00,"Total Cost": 6597.00,"Plan Rows": 2020,"Plan Width": 4,"Actual Startup Time": 0.169,"Actual Total Time": 179.636,"Actual Rows": 2184,"Actual Loops": 1,"Filter": "((p_name)::text ~~ 'powder%'::text)","Rows Removed by Filter": 197816},{"Node Type": "Index Scan","Parent Relationship": "Inner","Parallel Aware": false,"Async Capable": false,"Scan Direction": "Forward","Index Name": "idx_partsupp_partkey","Relation Name": "partsupp","Alias": "partsupp","Startup Cost": 0.42,"Total Cost": 40.36,"Plan Rows": 1,"Plan Width": 8,"Actual Startup Time": 0.151,"Actual Total Time": 0.357,"Actual Rows": 3,"Actual Loops": 2184,"Index Cond": "(ps_partkey = part.p_partkey)","Rows Removed by Index Recheck": 0,"Filter": "((ps_availqty)::numeric > (SubPlan 1))","Rows Removed by Filter": 1,"Plans": [{"Node Type": "Aggregate","Strategy": "Plain","Partial Mode": "Simple","Parent Relationship": "SubPlan","Subplan Name": "SubPlan 1","Parallel Aware": false,"Async Capable": false,"Startup Cost": 8.46,"Total Cost": 8.47,"Plan Rows": 1,"Plan Width": 32,"Actual Startup Time": 0.081,"Actual Total Time": 0.081,"Actual Rows": 1,"Actual Loops": 8736,"Plans": [{"Node Type": "Index Scan","Parent Relationship": "Outer","Parallel Aware": false,"Async Capable": false,"Scan Direction": "Forward","Index Name": "idx_lineitem_part_supp","Relation Name": "lineitem","Alias": "lineitem","Startup Cost": 0.43,"Total Cost": 8.46,"Plan Rows": 0,"Plan Width": 5,"Actual Startup Time": 0.049,"Actual Total Time": 0.080,"Actual Rows": 1,"Actual Loops": 8736,"Index Cond": "((l_partkey = partsupp.ps_partkey) AND (l_suppkey = partsupp.ps_suppkey))","Rows Removed by Index Recheck": 0,"Filter": "((l_shipdate >= '1997-01-01'::date) AND (l_shipdate < '1998-01-01 00:00:00'::timestamp without time zone))","Rows Removed by Filter": 6}]}]}]}]}]}]},"Planning Time": 6.874,"Triggers": [],"Execution Time": 969.931}]
[{"Plan": {"Node Type": "Sort","Parallel Aware": false,"Async Capable": false,"Startup Cost": 88442.96,"Total Cost": 88443.23,"Plan Rows": 108,"Plan Width": 51,"Actual Startup Time": 981.872,"Actual Total Time": 981.909,"Actual Rows": 188,"Actual Loops": 1,"Sort Key": ["supplier.s_name"],"Sort Method": "quicksort","Sort Space Used": 42,"Sort Space Type": "Memory","Plans": [{"Node Type": "Hash Join","Parent Relationship": "Outer","Parallel Aware": false,"Async Capable": false,"Join Type": "Semi","Startup Cost": 88199.59,"Total Cost": 88439.31,"Plan Rows": 108,"Plan Width": 51,"Actual Startup Time": 977.470,"Actual Total Time": 981.539,"Actual Rows": 188,"Actual Loops": 1,"Inner Unique": false,"Hash Cond": "(supplier.s_suppkey = partsupp.ps_suppkey)","Plans": [{"Node Type": "Nested Loop","Parent Relationship": "Outer","Parallel Aware": false,"Async Capable": false,"Join Type": "Inner","Startup Cost": 7.38,"Total Cost": 244.58,"Plan Rows": 400,"Plan Width": 55,"Actual Startup Time": 0.253,"Actual Total Time": 4.270,"Actual Rows": 412,"Actual Loops": 1,"Inner Unique": false,"Plans": [{"Node Type": "Seq Scan","Parent Relationship": "Outer","Parallel Aware": false,"Async Capable": false,"Relation Name": "nation","Alias": "nation","Startup Cost": 0.00,"Total Cost": 1.31,"Plan Rows": 1,"Plan Width": 4,"Actual Startup Time": 0.077,"Actual Total Time": 0.103,"Actual Rows": 1,"Actual Loops": 1,"Filter": "(n_name = 'CANADA'::bpchar)","Rows Removed by Filter": 24},{"Node Type": "Bitmap Heap Scan","Parent Relationship": "Inner","Parallel Aware": false,"Async Capable": false,"Relation Name": "supplier","Alias": "supplier","Startup Cost": 7.38,"Total Cost": 239.27,"Plan Rows": 400,"Plan Width": 59,"Actual Startup Time": 0.172,"Actual Total Time": 4.086,"Actual Rows": 412,"Actual Loops": 1,"Recheck Cond": "(s_nationkey = nation.n_nationkey)","Rows Removed by Index Recheck": 0,"Exact Heap Blocks": 189,"Lossy Heap Blocks": 0,"Plans": [{"Node Type": "Bitmap Index Scan","Parent Relationship": "Outer","Parallel Aware": false,"Async Capable": false,"Index Name": "idx_supplier_nation_key","Startup Cost": 0.00,"Total Cost": 7.29,"Plan Rows": 400,"Plan Width": 0,"Actual Startup Time": 0.112,"Actual Total Time": 0.119,"Actual Rows": 412,"Actual Loops": 1,"Index Cond": "(s_nationkey = nation.n_nationkey)"}]}]},{"Node Type": "Hash","Parent Relationship": "Inner","Parallel Aware": false,"Async Capable": false,"Startup Cost": 88158.53,"Total Cost": 88158.53,"Plan Rows": 2694,"Plan Width": 4,"Actual Startup Time": 977.099,"Actual Total Time": 977.106,"Actual Rows": 5995,"Actual Loops": 1,"Hash Buckets": 8192,"Original Hash Buckets": 4096,"Hash Batches": 1,"Original Hash Batches": 1,"Peak Memory Usage": 275,"Plans": [{"Node Type": "Nested Loop","Parent Relationship": "Outer","Parallel Aware": false,"Async Capable": false,"Join Type": "Inner","Startup Cost": 0.42,"Total Cost": 88158.53,"Plan Rows": 2694,"Plan Width": 4,"Actual Startup Time": 0.589,"Actual Total Time": 972.563,"Actual Rows": 5995,"Actual Loops": 1,"Inner Unique": false,"Plans": [{"Node Type": "Seq Scan","Parent Relationship": "Outer","Parallel Aware": false,"Async Capable": false,"Relation Name": "part","Alias": "part","Startup Cost": 0.00,"Total Cost": 6597.00,"Plan Rows": 2020,"Plan Width": 4,"Actual Startup Time": 0.143,"Actual Total Time": 181.181,"Actual Rows": 2218,"Actual Loops": 1,"Filter": "((p_name)::text ~~ 'tan%'::text)","Rows Removed by Filter": 197782},{"Node Type": "Index Scan","Parent Relationship": "Inner","Parallel Aware": false,"Async Capable": false,"Scan Direction": "Forward","Index Name": "idx_partsupp_partkey","Relation Name": "partsupp","Alias": "partsupp","Startup Cost": 0.42,"Total Cost": 40.36,"Plan Rows": 1,"Plan Width": 8,"Actual Startup Time": 0.148,"Actual Total Time": 0.356,"Actual Rows": 3,"Actual Loops": 2218,"Index Cond": "(ps_partkey = part.p_partkey)","Rows Removed by Index Recheck": 0,"Filter": "((ps_availqty)::numeric > (SubPlan 1))","Rows Removed by Filter": 1,"Plans": [{"Node Type": "Aggregate","Strategy": "Plain","Partial Mode": "Simple","Parent Relationship": "SubPlan","Subplan Name": "SubPlan 1","Parallel Aware": false,"Async Capable": false,"Startup Cost": 8.46,"Total Cost": 8.47,"Plan Rows": 1,"Plan Width": 32,"Actual Startup Time": 0.081,"Actual Total Time": 0.081,"Actual Rows": 1,"Actual Loops": 8872,"Plans": [{"Node Type": "Index Scan","Parent Relationship": "Outer","Parallel Aware": false,"Async Capable": false,"Scan Direction": "Forward","Index Name": "idx_lineitem_part_supp","Relation Name": "lineitem","Alias": "lineitem","Startup Cost": 0.43,"Total Cost": 8.46,"Plan Rows": 0,"Plan Width": 5,"Actual Startup Time": 0.049,"Actual Total Time": 0.080,"Actual Rows": 1,"Actual Loops": 8872,"Index Cond": "((l_partkey = partsupp.ps_partkey) AND (l_suppkey = partsupp.ps_suppkey))","Rows Removed by Index Recheck": 0,"Filter": "((l_shipdate >= '1997-01-01'::date) AND (l_shipdate < '1998-01-01 00:00:00'::timestamp without time zone))","Rows Removed by Filter": 6}]}]}]}]}]}]},"Planning Time": 6.327,"Triggers": [],"Execution Time": 982.146}]
[{"Plan": {"Node Type": "Sort","Parallel Aware": false,"Async Capable": false,"Startup Cost": 88442.96,"Total Cost": 88443.23,"Plan Rows": 108,"Plan Width": 51,"Actual Startup Time": 899.183,"Actual Total Time": 899.220,"Actual Rows": 182,"Actual Loops": 1,"Sort Key": ["supplier.s_name"],"Sort Method": "quicksort","Sort Space Used": 41,"Sort Space Type": "Memory","Plans": [{"Node Type": "Hash Join","Parent Relationship": "Outer","Parallel Aware": false,"Async Capable": false,"Join Type": "Semi","Startup Cost": 88199.59,"Total Cost": 88439.31,"Plan Rows": 108,"Plan Width": 51,"Actual Startup Time": 895.090,"Actual Total Time": 898.887,"Actual Rows": 182,"Actual Loops": 1,"Inner Unique": false,"Hash Cond": "(supplier.s_suppkey = partsupp.ps_suppkey)","Plans": [{"Node Type": "Nested Loop","Parent Relationship": "Outer","Parallel Aware": false,"Async Capable": false,"Join Type": "Inner","Startup Cost": 7.38,"Total Cost": 244.58,"Plan Rows": 400,"Plan Width": 55,"Actual Startup Time": 0.263,"Actual Total Time": 3.949,"Actual Rows": 406,"Actual Loops": 1,"Inner Unique": false,"Plans": [{"Node Type": "Seq Scan","Parent Relationship": "Outer","Parallel Aware": false,"Async Capable": false,"Relation Name": "nation","Alias": "nation","Startup Cost": 0.00,"Total Cost": 1.31,"Plan Rows": 1,"Plan Width": 4,"Actual Startup Time": 0.070,"Actual Total Time": 0.096,"Actual Rows": 1,"Actual Loops": 1,"Filter": "(n_name = 'MOZAMBIQUE'::bpchar)","Rows Removed by Filter": 24},{"Node Type": "Bitmap Heap Scan","Parent Relationship": "Inner","Parallel Aware": false,"Async Capable": false,"Relation Name": "supplier","Alias": "supplier","Startup Cost": 7.38,"Total Cost": 239.27,"Plan Rows": 400,"Plan Width": 59,"Actual Startup Time": 0.186,"Actual Total Time": 3.784,"Actual Rows": 406,"Actual Loops": 1,"Recheck Cond": "(s_nationkey = nation.n_nationkey)","Rows Removed by Index Recheck": 0,"Exact Heap Blocks": 186,"Lossy Heap Blocks": 0,"Plans": [{"Node Type": "Bitmap Index Scan","Parent Relationship": "Outer","Parallel Aware": false,"Async Capable": false,"Index Name": "idx_supplier_nation_key","Startup Cost": 0.00,"Total Cost": 7.29,"Plan Rows": 400,"Plan Width": 0,"Actual Startup Time": 0.119,"Actual Total Time": 0.123,"Actual Rows": 406,"Actual Loops": 1,"Index Cond": "(s_nationkey = nation.n_nationkey)"}]}]},{"Node Type": "Hash","Parent Relationship": "Inner","Parallel Aware": false,"Async Capable": false,"Startup Cost": 88158.53,"Total Cost": 88158.53,"Plan Rows": 2694,"Plan Width": 4,"Actual Startup Time": 894.735,"Actual Total Time": 894.747,"Actual Rows": 5892,"Actual Loops": 1,"Hash Buckets": 8192,"Original Hash Buckets": 4096,"Hash Batches": 1,"Original Hash Batches": 1,"Peak Memory Usage": 272,"Plans": [{"Node Type": "Nested Loop","Parent Relationship": "Outer","Parallel Aware": false,"Async Capable": false,"Join Type": "Inner","Startup Cost": 0.42,"Total Cost": 88158.53,"Plan Rows": 2694,"Plan Width": 4,"Actual Startup Time": 0.430,"Actual Total Time": 890.336,"Actual Rows": 5892,"Actual Loops": 1,"Inner Unique": false,"Plans": [{"Node Type": "Seq Scan","Parent Relationship": "Outer","Parallel Aware": false,"Async Capable": false,"Relation Name": "part","Alias": "part","Startup Cost": 0.00,"Total Cost": 6597.00,"Plan Rows": 2020,"Plan Width": 4,"Actual Startup Time": 0.051,"Actual Total Time": 195.920,"Actual Rows": 2166,"Actual Loops": 1,"Filter": "((p_name)::text ~~ 'blush%'::text)","Rows Removed by Filter": 197834},{"Node Type": "Index Scan","Parent Relationship": "Inner","Parallel Aware": false,"Async Capable": false,"Scan Direction": "Forward","Index Name": "idx_partsupp_partkey","Relation Name": "partsupp","Alias": "partsupp","Startup Cost": 0.42,"Total Cost": 40.36,"Plan Rows": 1,"Plan Width": 8,"Actual Startup Time": 0.135,"Actual Total Time": 0.320,"Actual Rows": 3,"Actual Loops": 2166,"Index Cond": "(ps_partkey = part.p_partkey)","Rows Removed by Index Recheck": 0,"Filter": "((ps_availqty)::numeric > (SubPlan 1))","Rows Removed by Filter": 1,"Plans": [{"Node Type": "Aggregate","Strategy": "Plain","Partial Mode": "Simple","Parent Relationship": "SubPlan","Subplan Name": "SubPlan 1","Parallel Aware": false,"Async Capable": false,"Startup Cost": 8.46,"Total Cost": 8.47,"Plan Rows": 1,"Plan Width": 32,"Actual Startup Time": 0.072,"Actual Total Time": 0.072,"Actual Rows": 1,"Actual Loops": 8664,"Plans": [{"Node Type": "Index Scan","Parent Relationship": "Outer","Parallel Aware": false,"Async Capable": false,"Scan Direction": "Forward","Index Name": "idx_lineitem_part_supp","Relation Name": "lineitem","Alias": "lineitem","Startup Cost": 0.43,"Total Cost": 8.46,"Plan Rows": 0,"Plan Width": 5,"Actual Startup Time": 0.044,"Actual Total Time": 0.071,"Actual Rows": 1,"Actual Loops": 8664,"Index Cond": "((l_partkey = partsupp.ps_partkey) AND (l_suppkey = partsupp.ps_suppkey))","Rows Removed by Index Recheck": 0,"Filter": "((l_shipdate >= '1993-01-01'::date) AND (l_shipdate < '1994-01-01 00:00:00'::timestamp without time zone))","Rows Removed by Filter": 6}]}]}]}]}]}]},"Planning Time": 7.492,"Triggers": [],"Execution Time": 899.448}]
[{"Plan": {"Node Type": "Sort","Parallel Aware": false,"Async Capable": false,"Startup Cost": 88442.96,"Total Cost": 88443.23,"Plan Rows": 108,"Plan Width": 51,"Actual Startup Time": 983.020,"Actual Total Time": 983.055,"Actual Rows": 184,"Actual Loops": 1,"Sort Key": ["supplier.s_name"],"Sort Method": "quicksort","Sort Space Used": 42,"Sort Space Type": "Memory","Plans": [{"Node Type": "Hash Join","Parent Relationship": "Outer","Parallel Aware": false,"Async Capable": false,"Join Type": "Semi","Startup Cost": 88199.59,"Total Cost": 88439.31,"Plan Rows": 108,"Plan Width": 51,"Actual Startup Time": 978.681,"Actual Total Time": 982.686,"Actual Rows": 184,"Actual Loops": 1,"Inner Unique": false,"Hash Cond": "(supplier.s_suppkey = partsupp.ps_suppkey)","Plans": [{"Node Type": "Nested Loop","Parent Relationship": "Outer","Parallel Aware": false,"Async Capable": false,"Join Type": "Inner","Startup Cost": 7.38,"Total Cost": 244.58,"Plan Rows": 400,"Plan Width": 55,"Actual Startup Time": 0.285,"Actual Total Time": 4.243,"Actual Rows": 405,"Actual Loops": 1,"Inner Unique": false,"Plans": [{"Node Type": "Seq Scan","Parent Relationship": "Outer","Parallel Aware": false,"Async Capable": false,"Relation Name": "nation","Alias": "nation","Startup Cost": 0.00,"Total Cost": 1.31,"Plan Rows": 1,"Plan Width": 4,"Actual Startup Time": 0.067,"Actual Total Time": 0.080,"Actual Rows": 1,"Actual Loops": 1,"Filter": "(n_name = 'INDONESIA'::bpchar)","Rows Removed by Filter": 24},{"Node Type": "Bitmap Heap Scan","Parent Relationship": "Inner","Parallel Aware": false,"Async Capable": false,"Relation Name": "supplier","Alias": "supplier","Startup Cost": 7.38,"Total Cost": 239.27,"Plan Rows": 400,"Plan Width": 59,"Actual Startup Time": 0.214,"Actual Total Time": 4.095,"Actual Rows": 405,"Actual Loops": 1,"Recheck Cond": "(s_nationkey = nation.n_nationkey)","Rows Removed by Index Recheck": 0,"Exact Heap Blocks": 192,"Lossy Heap Blocks": 0,"Plans": [{"Node Type": "Bitmap Index Scan","Parent Relationship": "Outer","Parallel Aware": false,"Async Capable": false,"Index Name": "idx_supplier_nation_key","Startup Cost": 0.00,"Total Cost": 7.29,"Plan Rows": 400,"Plan Width": 0,"Actual Startup Time": 0.143,"Actual Total Time": 0.149,"Actual Rows": 405,"Actual Loops": 1,"Index Cond": "(s_nationkey = nation.n_nationkey)"}]}]},{"Node Type": "Hash","Parent Relationship": "Inner","Parallel Aware": false,"Async Capable": false,"Startup Cost": 88158.53,"Total Cost": 88158.53,"Plan Rows": 2694,"Plan Width": 4,"Actual Startup Time": 978.253,"Actual Total Time": 978.260,"Actual Rows": 6088,"Actual Loops": 1,"Hash Buckets": 8192,"Original Hash Buckets": 4096,"Hash Batches": 1,"Original Hash Batches": 1,"Peak Memory Usage": 279,"Plans": [{"Node Type": "Nested Loop","Parent Relationship": "Outer","Parallel Aware": false,"Async Capable": false,"Join Type": "Inner","Startup Cost": 0.42,"Total Cost": 88158.53,"Plan Rows": 2694,"Plan Width": 4,"Actual Startup Time": 0.699,"Actual Total Time": 974.042,"Actual Rows": 6088,"Actual Loops": 1,"Inner Unique": false,"Plans": [{"Node Type": "Seq Scan","Parent Relationship": "Outer","Parallel Aware": false,"Async Capable": false,"Relation Name": "part","Alias": "part","Startup Cost": 0.00,"Total Cost": 6597.00,"Plan Rows": 2020,"Plan Width": 4,"Actual Startup Time": 0.079,"Actual Total Time": 179.401,"Actual Rows": 2218,"Actual Loops": 1,"Filter": "((p_name)::text ~~ 'burlywood%'::text)","Rows Removed by Filter": 197782},{"Node Type": "Index Scan","Parent Relationship": "Inner","Parallel Aware": false,"Async Capable": false,"Scan Direction": "Forward","Index Name": "idx_partsupp_partkey","Relation Name": "partsupp","Alias": "partsupp","Startup Cost": 0.42,"Total Cost": 40.36,"Plan Rows": 1,"Plan Width": 8,"Actual Startup Time": 0.149,"Actual Total Time": 0.358,"Actual Rows": 3,"Actual Loops": 2218,"Index Cond": "(ps_partkey = part.p_partkey)","Rows Removed by Index Recheck": 0,"Filter": "((ps_availqty)::numeric > (SubPlan 1))","Rows Removed by Filter": 1,"Plans": [{"Node Type": "Aggregate","Strategy": "Plain","Partial Mode": "Simple","Parent Relationship": "SubPlan","Subplan Name": "SubPlan 1","Parallel Aware": false,"Async Capable": false,"Startup Cost": 8.46,"Total Cost": 8.47,"Plan Rows": 1,"Plan Width": 32,"Actual Startup Time": 0.081,"Actual Total Time": 0.081,"Actual Rows": 1,"Actual Loops": 8872,"Plans": [{"Node Type": "Index Scan","Parent Relationship": "Outer","Parallel Aware": false,"Async Capable": false,"Scan Direction": "Forward","Index Name": "idx_lineitem_part_supp","Relation Name": "lineitem","Alias": "lineitem","Startup Cost": 0.43,"Total Cost": 8.46,"Plan Rows": 0,"Plan Width": 5,"Actual Startup Time": 0.049,"Actual Total Time": 0.081,"Actual Rows": 1,"Actual Loops": 8872,"Index Cond": "((l_partkey = partsupp.ps_partkey) AND (l_suppkey = partsupp.ps_suppkey))","Rows Removed by Index Recheck": 0,"Filter": "((l_shipdate >= '1994-01-01'::date) AND (l_shipdate < '1995-01-01 00:00:00'::timestamp without time zone))","Rows Removed by Filter": 6}]}]}]}]}]}]},"Planning Time": 6.234,"Triggers": [],"Execution Time": 983.312}]
[{"Plan": {"Node Type": "Sort","Parallel Aware": false,"Async Capable": false,"Startup Cost": 88442.96,"Total Cost": 88443.23,"Plan Rows": 108,"Plan Width": 51,"Actual Startup Time": 901.212,"Actual Total Time": 901.246,"Actual Rows": 172,"Actual Loops": 1,"Sort Key": ["supplier.s_name"],"Sort Method": "quicksort","Sort Space Used": 41,"Sort Space Type": "Memory","Plans": [{"Node Type": "Hash Join","Parent Relationship": "Outer","Parallel Aware": false,"Async Capable": false,"Join Type": "Semi","Startup Cost": 88199.59,"Total Cost": 88439.31,"Plan Rows": 108,"Plan Width": 51,"Actual Startup Time": 897.114,"Actual Total Time": 900.925,"Actual Rows": 172,"Actual Loops": 1,"Inner Unique": false,"Hash Cond": "(supplier.s_suppkey = partsupp.ps_suppkey)","Plans": [{"Node Type": "Nested Loop","Parent Relationship": "Outer","Parallel Aware": false,"Async Capable": false,"Join Type": "Inner","Startup Cost": 7.38,"Total Cost": 244.58,"Plan Rows": 400,"Plan Width": 55,"Actual Startup Time": 0.247,"Actual Total Time": 3.971,"Actual Rows": 398,"Actual Loops": 1,"Inner Unique": false,"Plans": [{"Node Type": "Seq Scan","Parent Relationship": "Outer","Parallel Aware": false,"Async Capable": false,"Relation Name": "nation","Alias": "nation","Startup Cost": 0.00,"Total Cost": 1.31,"Plan Rows": 1,"Plan Width": 4,"Actual Startup Time": 0.070,"Actual Total Time": 0.089,"Actual Rows": 1,"Actual Loops": 1,"Filter": "(n_name = 'ROMANIA'::bpchar)","Rows Removed by Filter": 24},{"Node Type": "Bitmap Heap Scan","Parent Relationship": "Inner","Parallel Aware": false,"Async Capable": false,"Relation Name": "supplier","Alias": "supplier","Startup Cost": 7.38,"Total Cost": 239.27,"Plan Rows": 400,"Plan Width": 59,"Actual Startup Time": 0.170,"Actual Total Time": 3.823,"Actual Rows": 398,"Actual Loops": 1,"Recheck Cond": "(s_nationkey = nation.n_nationkey)","Rows Removed by Index Recheck": 0,"Exact Heap Blocks": 186,"Lossy Heap Blocks": 0,"Plans": [{"Node Type": "Bitmap Index Scan","Parent Relationship": "Outer","Parallel Aware": false,"Async Capable": false,"Index Name": "idx_supplier_nation_key","Startup Cost": 0.00,"Total Cost": 7.29,"Plan Rows": 400,"Plan Width": 0,"Actual Startup Time": 0.115,"Actual Total Time": 0.118,"Actual Rows": 398,"Actual Loops": 1,"Index Cond": "(s_nationkey = nation.n_nationkey)"}]}]},{"Node Type": "Hash","Parent Relationship": "Inner","Parallel Aware": false,"Async Capable": false,"Startup Cost": 88158.53,"Total Cost": 88158.53,"Plan Rows": 2694,"Plan Width": 4,"Actual Startup Time": 896.757,"Actual Total Time": 896.768,"Actual Rows": 5932,"Actual Loops": 1,"Hash Buckets": 8192,"Original Hash Buckets": 4096,"Hash Batches": 1,"Original Hash Batches": 1,"Peak Memory Usage": 273,"Plans": [{"Node Type": "Nested Loop","Parent Relationship": "Outer","Parallel Aware": false,"Async Capable": false,"Join Type": "Inner","Startup Cost": 0.42,"Total Cost": 88158.53,"Plan Rows": 2694,"Plan Width": 4,"Actual Startup Time": 0.472,"Actual Total Time": 892.394,"Actual Rows": 5932,"Actual Loops": 1,"Inner Unique": false,"Plans": [{"Node Type": "Seq Scan","Parent Relationship": "Outer","Parallel Aware": false,"Async Capable": false,"Relation Name": "part","Alias": "part","Startup Cost": 0.00,"Total Cost": 6597.00,"Plan Rows": 2020,"Plan Width": 4,"Actual Startup Time": 0.199,"Actual Total Time": 195.083,"Actual Rows": 2187,"Actual Loops": 1,"Filter": "((p_name)::text ~~ 'olive%'::text)","Rows Removed by Filter": 197813},{"Node Type": "Index Scan","Parent Relationship": "Inner","Parallel Aware": false,"Async Capable": false,"Scan Direction": "Forward","Index Name": "idx_partsupp_partkey","Relation Name": "partsupp","Alias": "partsupp","Startup Cost": 0.42,"Total Cost": 40.36,"Plan Rows": 1,"Plan Width": 8,"Actual Startup Time": 0.134,"Actual Total Time": 0.318,"Actual Rows": 3,"Actual Loops": 2187,"Index Cond": "(ps_partkey = part.p_partkey)","Rows Removed by Index Recheck": 0,"Filter": "((ps_availqty)::numeric > (SubPlan 1))","Rows Removed by Filter": 1,"Plans": [{"Node Type": "Aggregate","Strategy": "Plain","Partial Mode": "Simple","Parent Relationship": "SubPlan","Subplan Name": "SubPlan 1","Parallel Aware": false,"Async Capable": false,"Startup Cost": 8.46,"Total Cost": 8.47,"Plan Rows": 1,"Plan Width": 32,"Actual Startup Time": 0.071,"Actual Total Time": 0.071,"Actual Rows": 1,"Actual Loops": 8748,"Plans": [{"Node Type": "Index Scan","Parent Relationship": "Outer","Parallel Aware": false,"Async Capable": false,"Scan Direction": "Forward","Index Name": "idx_lineitem_part_supp","Relation Name": "lineitem","Alias": "lineitem","Startup Cost": 0.43,"Total Cost": 8.46,"Plan Rows": 0,"Plan Width": 5,"Actual Startup Time": 0.044,"Actual Total Time": 0.070,"Actual Rows": 1,"Actual Loops": 8748,"Index Cond": "((l_partkey = partsupp.ps_partkey) AND (l_suppkey = partsupp.ps_suppkey))","Rows Removed by Index Recheck": 0,"Filter": "((l_shipdate >= '1997-01-01'::date) AND (l_shipdate < '1998-01-01 00:00:00'::timestamp without time zone))","Rows Removed by Filter": 6}]}]}]}]}]}]},"Planning Time": 7.240,"Triggers": [],"Execution Time": 901.495}]
[{"Plan": {"Node Type": "Sort","Parallel Aware": false,"Async Capable": false,"Startup Cost": 88442.96,"Total Cost": 88443.23,"Plan Rows": 108,"Plan Width": 51,"Actual Startup Time": 959.295,"Actual Total Time": 959.340,"Actual Rows": 197,"Actual Loops": 1,"Sort Key": ["supplier.s_name"],"Sort Method": "quicksort","Sort Space Used": 43,"Sort Space Type": "Memory","Plans": [{"Node Type": "Hash Join","Parent Relationship": "Outer","Parallel Aware": false,"Async Capable": false,"Join Type": "Semi","Startup Cost": 88199.59,"Total Cost": 88439.31,"Plan Rows": 108,"Plan Width": 51,"Actual Startup Time": 954.852,"Actual Total Time": 958.946,"Actual Rows": 197,"Actual Loops": 1,"Inner Unique": false,"Hash Cond": "(supplier.s_suppkey = partsupp.ps_suppkey)","Plans": [{"Node Type": "Nested Loop","Parent Relationship": "Outer","Parallel Aware": false,"Async Capable": false,"Join Type": "Inner","Startup Cost": 7.38,"Total Cost": 244.58,"Plan Rows": 400,"Plan Width": 55,"Actual Startup Time": 0.264,"Actual Total Time": 4.261,"Actual Rows": 412,"Actual Loops": 1,"Inner Unique": false,"Plans": [{"Node Type": "Seq Scan","Parent Relationship": "Outer","Parallel Aware": false,"Async Capable": false,"Relation Name": "nation","Alias": "nation","Startup Cost": 0.00,"Total Cost": 1.31,"Plan Rows": 1,"Plan Width": 4,"Actual Startup Time": 0.066,"Actual Total Time": 0.091,"Actual Rows": 1,"Actual Loops": 1,"Filter": "(n_name = 'CANADA'::bpchar)","Rows Removed by Filter": 24},{"Node Type": "Bitmap Heap Scan","Parent Relationship": "Inner","Parallel Aware": false,"Async Capable": false,"Relation Name": "supplier","Alias": "supplier","Startup Cost": 7.38,"Total Cost": 239.27,"Plan Rows": 400,"Plan Width": 59,"Actual Startup Time": 0.193,"Actual Total Time": 4.096,"Actual Rows": 412,"Actual Loops": 1,"Recheck Cond": "(s_nationkey = nation.n_nationkey)","Rows Removed by Index Recheck": 0,"Exact Heap Blocks": 189,"Lossy Heap Blocks": 0,"Plans": [{"Node Type": "Bitmap Index Scan","Parent Relationship": "Outer","Parallel Aware": false,"Async Capable": false,"Index Name": "idx_supplier_nation_key","Startup Cost": 0.00,"Total Cost": 7.29,"Plan Rows": 400,"Plan Width": 0,"Actual Startup Time": 0.120,"Actual Total Time": 0.125,"Actual Rows": 412,"Actual Loops": 1,"Index Cond": "(s_nationkey = nation.n_nationkey)"}]}]},{"Node Type": "Hash","Parent Relationship": "Inner","Parallel Aware": false,"Async Capable": false,"Startup Cost": 88158.53,"Total Cost": 88158.53,"Plan Rows": 2694,"Plan Width": 4,"Actual Startup Time": 954.518,"Actual Total Time": 954.530,"Actual Rows": 5771,"Actual Loops": 1,"Hash Buckets": 8192,"Original Hash Buckets": 4096,"Hash Batches": 1,"Original Hash Batches": 1,"Peak Memory Usage": 267,"Plans": [{"Node Type": "Nested Loop","Parent Relationship": "Outer","Parallel Aware": false,"Async Capable": false,"Join Type": "Inner","Startup Cost": 0.42,"Total Cost": 88158.53,"Plan Rows": 2694,"Plan Width": 4,"Actual Startup Time": 1.175,"Actual Total Time": 950.307,"Actual Rows": 5771,"Actual Loops": 1,"Inner Unique": false,"Plans": [{"Node Type": "Seq Scan","Parent Relationship": "Outer","Parallel Aware": false,"Async Capable": false,"Relation Name": "part","Alias": "part","Startup Cost": 0.00,"Total Cost": 6597.00,"Plan Rows": 2020,"Plan Width": 4,"Actual Startup Time": 0.394,"Actual Total Time": 179.717,"Actual Rows": 2118,"Actual Loops": 1,"Filter": "((p_name)::text ~~ 'smoke%'::text)","Rows Removed by Filter": 197882},{"Node Type": "Index Scan","Parent Relationship": "Inner","Parallel Aware": false,"Async Capable": false,"Scan Direction": "Forward","Index Name": "idx_partsupp_partkey","Relation Name": "partsupp","Alias": "partsupp","Startup Cost": 0.42,"Total Cost": 40.36,"Plan Rows": 1,"Plan Width": 8,"Actual Startup Time": 0.154,"Actual Total Time": 0.363,"Actual Rows": 3,"Actual Loops": 2118,"Index Cond": "(ps_partkey = part.p_partkey)","Rows Removed by Index Recheck": 0,"Filter": "((ps_availqty)::numeric > (SubPlan 1))","Rows Removed by Filter": 1,"Plans": [{"Node Type": "Aggregate","Strategy": "Plain","Partial Mode": "Simple","Parent Relationship": "SubPlan","Subplan Name": "SubPlan 1","Parallel Aware": false,"Async Capable": false,"Startup Cost": 8.46,"Total Cost": 8.47,"Plan Rows": 1,"Plan Width": 32,"Actual Startup Time": 0.083,"Actual Total Time": 0.083,"Actual Rows": 1,"Actual Loops": 8472,"Plans": [{"Node Type": "Index Scan","Parent Relationship": "Outer","Parallel Aware": false,"Async Capable": false,"Scan Direction": "Forward","Index Name": "idx_lineitem_part_supp","Relation Name": "lineitem","Alias": "lineitem","Startup Cost": 0.43,"Total Cost": 8.46,"Plan Rows": 0,"Plan Width": 5,"Actual Startup Time": 0.050,"Actual Total Time": 0.082,"Actual Rows": 1,"Actual Loops": 8472,"Index Cond": "((l_partkey = partsupp.ps_partkey) AND (l_suppkey = partsupp.ps_suppkey))","Rows Removed by Index Recheck": 0,"Filter": "((l_shipdate >= '1994-01-01'::date) AND (l_shipdate < '1995-01-01 00:00:00'::timestamp without time zone))","Rows Removed by Filter": 6}]}]}]}]}]}]},"Planning Time": 6.198,"Triggers": [],"Execution Time": 959.611}]
[{"Plan": {"Node Type": "Sort","Parallel Aware": false,"Async Capable": false,"Startup Cost": 88442.96,"Total Cost": 88443.23,"Plan Rows": 108,"Plan Width": 51,"Actual Startup Time": 915.569,"Actual Total Time": 915.605,"Actual Rows": 181,"Actual Loops": 1,"Sort Key": ["supplier.s_name"],"Sort Method": "quicksort","Sort Space Used": 41,"Sort Space Type": "Memory","Plans": [{"Node Type": "Hash Join","Parent Relationship": "Outer","Parallel Aware": false,"Async Capable": false,"Join Type": "Semi","Startup Cost": 88199.59,"Total Cost": 88439.31,"Plan Rows": 108,"Plan Width": 51,"Actual Startup Time": 910.736,"Actual Total Time": 915.068,"Actual Rows": 181,"Actual Loops": 1,"Inner Unique": false,"Hash Cond": "(supplier.s_suppkey = partsupp.ps_suppkey)","Plans": [{"Node Type": "Nested Loop","Parent Relationship": "Outer","Parallel Aware": false,"Async Capable": false,"Join Type": "Inner","Startup Cost": 7.38,"Total Cost": 244.58,"Plan Rows": 400,"Plan Width": 55,"Actual Startup Time": 0.308,"Actual Total Time": 4.495,"Actual Rows": 420,"Actual Loops": 1,"Inner Unique": false,"Plans": [{"Node Type": "Seq Scan","Parent Relationship": "Outer","Parallel Aware": false,"Async Capable": false,"Relation Name": "nation","Alias": "nation","Startup Cost": 0.00,"Total Cost": 1.31,"Plan Rows": 1,"Plan Width": 4,"Actual Startup Time": 0.070,"Actual Total Time": 0.110,"Actual Rows": 1,"Actual Loops": 1,"Filter": "(n_name = 'ALGERIA'::bpchar)","Rows Removed by Filter": 24},{"Node Type": "Bitmap Heap Scan","Parent Relationship": "Inner","Parallel Aware": false,"Async Capable": false,"Relation Name": "supplier","Alias": "supplier","Startup Cost": 7.38,"Total Cost": 239.27,"Plan Rows": 400,"Plan Width": 59,"Actual Startup Time": 0.227,"Actual Total Time": 4.313,"Actual Rows": 420,"Actual Loops": 1,"Recheck Cond": "(s_nationkey = nation.n_nationkey)","Rows Removed by Index Recheck": 0,"Exact Heap Blocks": 197,"Lossy Heap Blocks": 0,"Plans": [{"Node Type": "Bitmap Index Scan","Parent Relationship": "Outer","Parallel Aware": false,"Async Capable": false,"Index Name": "idx_supplier_nation_key","Startup Cost": 0.00,"Total Cost": 7.29,"Plan Rows": 400,"Plan Width": 0,"Actual Startup Time": 0.141,"Actual Total Time": 0.147,"Actual Rows": 420,"Actual Loops": 1,"Index Cond": "(s_nationkey = nation.n_nationkey)"}]}]},{"Node Type": "Hash","Parent Relationship": "Inner","Parallel Aware": false,"Async Capable": false,"Startup Cost": 88158.53,"Total Cost": 88158.53,"Plan Rows": 2694,"Plan Width": 4,"Actual Startup Time": 910.357,"Actual Total Time": 910.365,"Actual Rows": 5926,"Actual Loops": 1,"Hash Buckets": 8192,"Original Hash Buckets": 4096,"Hash Batches": 1,"Original Hash Batches": 1,"Peak Memory Usage": 273,"Plans": [{"Node Type": "Nested Loop","Parent Relationship": "Outer","Parallel Aware": false,"Async Capable": false,"Join Type": "Inner","Startup Cost": 0.42,"Total Cost": 88158.53,"Plan Rows": 2694,"Plan Width": 4,"Actual Startup Time": 0.973,"Actual Total Time": 905.688,"Actual Rows": 5926,"Actual Loops": 1,"Inner Unique": false,"Plans": [{"Node Type": "Seq Scan","Parent Relationship": "Outer","Parallel Aware": false,"Async Capable": false,"Relation Name": "part","Alias": "part","Startup Cost": 0.00,"Total Cost": 6597.00,"Plan Rows": 2020,"Plan Width": 4,"Actual Startup Time": 0.060,"Actual Total Time": 196.667,"Actual Rows": 2232,"Actual Loops": 1,"Filter": "((p_name)::text ~~ 'bisque%'::text)","Rows Removed by Filter": 197768},{"Node Type": "Index Scan","Parent Relationship": "Inner","Parallel Aware": false,"Async Capable": false,"Scan Direction": "Forward","Index Name": "idx_partsupp_partkey","Relation Name": "partsupp","Alias": "partsupp","Startup Cost": 0.42,"Total Cost": 40.36,"Plan Rows": 1,"Plan Width": 8,"Actual Startup Time": 0.136,"Actual Total Time": 0.317,"Actual Rows": 3,"Actual Loops": 2232,"Index Cond": "(ps_partkey = part.p_partkey)","Rows Removed by Index Recheck": 0,"Filter": "((ps_availqty)::numeric > (SubPlan 1))","Rows Removed by Filter": 1,"Plans": [{"Node Type": "Aggregate","Strategy": "Plain","Partial Mode": "Simple","Parent Relationship": "SubPlan","Subplan Name": "SubPlan 1","Parallel Aware": false,"Async Capable": false,"Startup Cost": 8.46,"Total Cost": 8.47,"Plan Rows": 1,"Plan Width": 32,"Actual Startup Time": 0.071,"Actual Total Time": 0.071,"Actual Rows": 1,"Actual Loops": 8928,"Plans": [{"Node Type": "Index Scan","Parent Relationship": "Outer","Parallel Aware": false,"Async Capable": false,"Scan Direction": "Forward","Index Name": "idx_lineitem_part_supp","Relation Name": "lineitem","Alias": "lineitem","Startup Cost": 0.43,"Total Cost": 8.46,"Plan Rows": 0,"Plan Width": 5,"Actual Startup Time": 0.044,"Actual Total Time": 0.070,"Actual Rows": 1,"Actual Loops": 8928,"Index Cond": "((l_partkey = partsupp.ps_partkey) AND (l_suppkey = partsupp.ps_suppkey))","Rows Removed by Index Recheck": 0,"Filter": "((l_shipdate >= '1994-01-01'::date) AND (l_shipdate < '1995-01-01 00:00:00'::timestamp without time zone))","Rows Removed by Filter": 6}]}]}]}]}]}]},"Planning Time": 6.720,"Triggers": [],"Execution Time": 915.879}]
[{"Plan": {"Node Type": "Sort","Parallel Aware": false,"Async Capable": false,"Startup Cost": 88442.96,"Total Cost": 88443.23,"Plan Rows": 108,"Plan Width": 51,"Actual Startup Time": 979.330,"Actual Total Time": 979.368,"Actual Rows": 178,"Actual Loops": 1,"Sort Key": ["supplier.s_name"],"Sort Method": "quicksort","Sort Space Used": 41,"Sort Space Type": "Memory","Plans": [{"Node Type": "Hash Join","Parent Relationship": "Outer","Parallel Aware": false,"Async Capable": false,"Join Type": "Semi","Startup Cost": 88199.59,"Total Cost": 88439.31,"Plan Rows": 108,"Plan Width": 51,"Actual Startup Time": 975.016,"Actual Total Time": 978.865,"Actual Rows": 178,"Actual Loops": 1,"Inner Unique": false,"Hash Cond": "(supplier.s_suppkey = partsupp.ps_suppkey)","Plans": [{"Node Type": "Nested Loop","Parent Relationship": "Outer","Parallel Aware": false,"Async Capable": false,"Join Type": "Inner","Startup Cost": 7.38,"Total Cost": 244.58,"Plan Rows": 400,"Plan Width": 55,"Actual Startup Time": 0.270,"Actual Total Time": 4.072,"Actual Rows": 401,"Actual Loops": 1,"Inner Unique": false,"Plans": [{"Node Type": "Seq Scan","Parent Relationship": "Outer","Parallel Aware": false,"Async Capable": false,"Relation Name": "nation","Alias": "nation","Startup Cost": 0.00,"Total Cost": 1.31,"Plan Rows": 1,"Plan Width": 4,"Actual Startup Time": 0.075,"Actual Total Time": 0.093,"Actual Rows": 1,"Actual Loops": 1,"Filter": "(n_name = 'RUSSIA'::bpchar)","Rows Removed by Filter": 24},{"Node Type": "Bitmap Heap Scan","Parent Relationship": "Inner","Parallel Aware": false,"Async Capable": false,"Relation Name": "supplier","Alias": "supplier","Startup Cost": 7.38,"Total Cost": 239.27,"Plan Rows": 400,"Plan Width": 59,"Actual Startup Time": 0.192,"Actual Total Time": 3.906,"Actual Rows": 401,"Actual Loops": 1,"Recheck Cond": "(s_nationkey = nation.n_nationkey)","Rows Removed by Index Recheck": 0,"Exact Heap Blocks": 180,"Lossy Heap Blocks": 0,"Plans": [{"Node Type": "Bitmap Index Scan","Parent Relationship": "Outer","Parallel Aware": false,"Async Capable": false,"Index Name": "idx_supplier_nation_key","Startup Cost": 0.00,"Total Cost": 7.29,"Plan Rows": 400,"Plan Width": 0,"Actual Startup Time": 0.130,"Actual Total Time": 0.137,"Actual Rows": 401,"Actual Loops": 1,"Index Cond": "(s_nationkey = nation.n_nationkey)"}]}]},{"Node Type": "Hash","Parent Relationship": "Inner","Parallel Aware": false,"Async Capable": false,"Startup Cost": 88158.53,"Total Cost": 88158.53,"Plan Rows": 2694,"Plan Width": 4,"Actual Startup Time": 974.639,"Actual Total Time": 974.646,"Actual Rows": 6060,"Actual Loops": 1,"Hash Buckets": 8192,"Original Hash Buckets": 4096,"Hash Batches": 1,"Original Hash Batches": 1,"Peak Memory Usage": 278,"Plans": [{"Node Type": "Nested Loop","Parent Relationship": "Outer","Parallel Aware": false,"Async Capable": false,"Join Type": "Inner","Startup Cost": 0.42,"Total Cost": 88158.53,"Plan Rows": 2694,"Plan Width": 4,"Actual Startup Time": 0.583,"Actual Total Time": 970.260,"Actual Rows": 6060,"Actual Loops": 1,"Inner Unique": false,"Plans": [{"Node Type": "Seq Scan","Parent Relationship": "Outer","Parallel Aware": false,"Async Capable": false,"Relation Name": "part","Alias": "part","Startup Cost": 0.00,"Total Cost": 6597.00,"Plan Rows": 2020,"Plan Width": 4,"Actual Startup Time": 0.179,"Actual Total Time": 181.260,"Actual Rows": 2200,"Actual Loops": 1,"Filter": "((p_name)::text ~~ 'plum%'::text)","Rows Removed by Filter": 197800},{"Node Type": "Index Scan","Parent Relationship": "Inner","Parallel Aware": false,"Async Capable": false,"Scan Direction": "Forward","Index Name": "idx_partsupp_partkey","Relation Name": "partsupp","Alias": "partsupp","Startup Cost": 0.42,"Total Cost": 40.36,"Plan Rows": 1,"Plan Width": 8,"Actual Startup Time": 0.149,"Actual Total Time": 0.358,"Actual Rows": 3,"Actual Loops": 2200,"Index Cond": "(ps_partkey = part.p_partkey)","Rows Removed by Index Recheck": 0,"Filter": "((ps_availqty)::numeric > (SubPlan 1))","Rows Removed by Filter": 1,"Plans": [{"Node Type": "Aggregate","Strategy": "Plain","Partial Mode": "Simple","Parent Relationship": "SubPlan","Subplan Name": "SubPlan 1","Parallel Aware": false,"Async Capable": false,"Startup Cost": 8.46,"Total Cost": 8.47,"Plan Rows": 1,"Plan Width": 32,"Actual Startup Time": 0.081,"Actual Total Time": 0.081,"Actual Rows": 1,"Actual Loops": 8800,"Plans": [{"Node Type": "Index Scan","Parent Relationship": "Outer","Parallel Aware": false,"Async Capable": false,"Scan Direction": "Forward","Index Name": "idx_lineitem_part_supp","Relation Name": "lineitem","Alias": "lineitem","Startup Cost": 0.43,"Total Cost": 8.46,"Plan Rows": 0,"Plan Width": 5,"Actual Startup Time": 0.049,"Actual Total Time": 0.081,"Actual Rows": 1,"Actual Loops": 8800,"Index Cond": "((l_partkey = partsupp.ps_partkey) AND (l_suppkey = partsupp.ps_suppkey))","Rows Removed by Index Recheck": 0,"Filter": "((l_shipdate >= '1995-01-01'::date) AND (l_shipdate < '1996-01-01 00:00:00'::timestamp without time zone))","Rows Removed by Filter": 6}]}]}]}]}]}]},"Planning Time": 7.495,"Triggers": [],"Execution Time": 979.613}]
[{"Plan": {"Node Type": "Sort","Parallel Aware": false,"Async Capable": false,"Startup Cost": 88442.96,"Total Cost": 88443.23,"Plan Rows": 108,"Plan Width": 51,"Actual Startup Time": 903.117,"Actual Total Time": 903.166,"Actual Rows": 194,"Actual Loops": 1,"Sort Key": ["supplier.s_name"],"Sort Method": "quicksort","Sort Space Used": 43,"Sort Space Type": "Memory","Plans": [{"Node Type": "Hash Join","Parent Relationship": "Outer","Parallel Aware": false,"Async Capable": false,"Join Type": "Semi","Startup Cost": 88199.59,"Total Cost": 88439.31,"Plan Rows": 108,"Plan Width": 51,"Actual Startup Time": 898.640,"Actual Total Time": 902.772,"Actual Rows": 194,"Actual Loops": 1,"Inner Unique": false,"Hash Cond": "(supplier.s_suppkey = partsupp.ps_suppkey)","Plans": [{"Node Type": "Nested Loop","Parent Relationship": "Outer","Parallel Aware": false,"Async Capable": false,"Join Type": "Inner","Startup Cost": 7.38,"Total Cost": 244.58,"Plan Rows": 400,"Plan Width": 55,"Actual Startup Time": 0.317,"Actual Total Time": 4.323,"Actual Rows": 412,"Actual Loops": 1,"Inner Unique": false,"Plans": [{"Node Type": "Seq Scan","Parent Relationship": "Outer","Parallel Aware": false,"Async Capable": false,"Relation Name": "nation","Alias": "nation","Startup Cost": 0.00,"Total Cost": 1.31,"Plan Rows": 1,"Plan Width": 4,"Actual Startup Time": 0.077,"Actual Total Time": 0.108,"Actual Rows": 1,"Actual Loops": 1,"Filter": "(n_name = 'CANADA'::bpchar)","Rows Removed by Filter": 24},{"Node Type": "Bitmap Heap Scan","Parent Relationship": "Inner","Parallel Aware": false,"Async Capable": false,"Relation Name": "supplier","Alias": "supplier","Startup Cost": 7.38,"Total Cost": 239.27,"Plan Rows": 400,"Plan Width": 59,"Actual Startup Time": 0.230,"Actual Total Time": 4.128,"Actual Rows": 412,"Actual Loops": 1,"Recheck Cond": "(s_nationkey = nation.n_nationkey)","Rows Removed by Index Recheck": 0,"Exact Heap Blocks": 189,"Lossy Heap Blocks": 0,"Plans": [{"Node Type": "Bitmap Index Scan","Parent Relationship": "Outer","Parallel Aware": false,"Async Capable": false,"Index Name": "idx_supplier_nation_key","Startup Cost": 0.00,"Total Cost": 7.29,"Plan Rows": 400,"Plan Width": 0,"Actual Startup Time": 0.144,"Actual Total Time": 0.150,"Actual Rows": 412,"Actual Loops": 1,"Index Cond": "(s_nationkey = nation.n_nationkey)"}]}]},{"Node Type": "Hash","Parent Relationship": "Inner","Parallel Aware": false,"Async Capable": false,"Startup Cost": 88158.53,"Total Cost": 88158.53,"Plan Rows": 2694,"Plan Width": 4,"Actual Startup Time": 898.229,"Actual Total Time": 898.244,"Actual Rows": 5833,"Actual Loops": 1,"Hash Buckets": 8192,"Original Hash Buckets": 4096,"Hash Batches": 1,"Original Hash Batches": 1,"Peak Memory Usage": 270,"Plans": [{"Node Type": "Nested Loop","Parent Relationship": "Outer","Parallel Aware": false,"Async Capable": false,"Join Type": "Inner","Startup Cost": 0.42,"Total Cost": 88158.53,"Plan Rows": 2694,"Plan Width": 4,"Actual Startup Time": 0.690,"Actual Total Time": 893.206,"Actual Rows": 5833,"Actual Loops": 1,"Inner Unique": false,"Plans": [{"Node Type": "Seq Scan","Parent Relationship": "Outer","Parallel Aware": false,"Async Capable": false,"Relation Name": "part","Alias": "part","Startup Cost": 0.00,"Total Cost": 6597.00,"Plan Rows": 2020,"Plan Width": 4,"Actual Startup Time": 0.076,"Actual Total Time": 197.290,"Actual Rows": 2170,"Actual Loops": 1,"Filter": "((p_name)::text ~~ 'cream%'::text)","Rows Removed by Filter": 197830},{"Node Type": "Index Scan","Parent Relationship": "Inner","Parallel Aware": false,"Async Capable": false,"Scan Direction": "Forward","Index Name": "idx_partsupp_partkey","Relation Name": "partsupp","Alias": "partsupp","Startup Cost": 0.42,"Total Cost": 40.36,"Plan Rows": 1,"Plan Width": 8,"Actual Startup Time": 0.134,"Actual Total Time": 0.320,"Actual Rows": 3,"Actual Loops": 2170,"Index Cond": "(ps_partkey = part.p_partkey)","Rows Removed by Index Recheck": 0,"Filter": "((ps_availqty)::numeric > (SubPlan 1))","Rows Removed by Filter": 1,"Plans": [{"Node Type": "Aggregate","Strategy": "Plain","Partial Mode": "Simple","Parent Relationship": "SubPlan","Subplan Name": "SubPlan 1","Parallel Aware": false,"Async Capable": false,"Startup Cost": 8.46,"Total Cost": 8.47,"Plan Rows": 1,"Plan Width": 32,"Actual Startup Time": 0.072,"Actual Total Time": 0.072,"Actual Rows": 1,"Actual Loops": 8680,"Plans": [{"Node Type": "Index Scan","Parent Relationship": "Outer","Parallel Aware": false,"Async Capable": false,"Scan Direction": "Forward","Index Name": "idx_lineitem_part_supp","Relation Name": "lineitem","Alias": "lineitem","Startup Cost": 0.43,"Total Cost": 8.46,"Plan Rows": 0,"Plan Width": 5,"Actual Startup Time": 0.044,"Actual Total Time": 0.071,"Actual Rows": 1,"Actual Loops": 8680,"Index Cond": "((l_partkey = partsupp.ps_partkey) AND (l_suppkey = partsupp.ps_suppkey))","Rows Removed by Index Recheck": 0,"Filter": "((l_shipdate >= '1996-01-01'::date) AND (l_shipdate < '1997-01-01 00:00:00'::timestamp without time zone))","Rows Removed by Filter": 6}]}]}]}]}]}]},"Planning Time": 6.782,"Triggers": [],"Execution Time": 903.433}]
[{"Plan": {"Node Type": "Sort","Parallel Aware": false,"Async Capable": false,"Startup Cost": 88442.96,"Total Cost": 88443.23,"Plan Rows": 108,"Plan Width": 51,"Actual Startup Time": 977.232,"Actual Total Time": 977.271,"Actual Rows": 171,"Actual Loops": 1,"Sort Key": ["supplier.s_name"],"Sort Method": "quicksort","Sort Space Used": 40,"Sort Space Type": "Memory","Plans": [{"Node Type": "Hash Join","Parent Relationship": "Outer","Parallel Aware": false,"Async Capable": false,"Join Type": "Semi","Startup Cost": 88199.59,"Total Cost": 88439.31,"Plan Rows": 108,"Plan Width": 51,"Actual Startup Time": 973.069,"Actual Total Time": 976.925,"Actual Rows": 171,"Actual Loops": 1,"Inner Unique": false,"Hash Cond": "(supplier.s_suppkey = partsupp.ps_suppkey)","Plans": [{"Node Type": "Nested Loop","Parent Relationship": "Outer","Parallel Aware": false,"Async Capable": false,"Join Type": "Inner","Startup Cost": 7.38,"Total Cost": 244.58,"Plan Rows": 400,"Plan Width": 55,"Actual Startup Time": 0.289,"Actual Total Time": 4.097,"Actual Rows": 393,"Actual Loops": 1,"Inner Unique": false,"Plans": [{"Node Type": "Seq Scan","Parent Relationship": "Outer","Parallel Aware": false,"Async Capable": false,"Relation Name": "nation","Alias": "nation","Startup Cost": 0.00,"Total Cost": 1.31,"Plan Rows": 1,"Plan Width": 4,"Actual Startup Time": 0.078,"Actual Total Time": 0.097,"Actual Rows": 1,"Actual Loops": 1,"Filter": "(n_name = 'IRAN'::bpchar)","Rows Removed by Filter": 24},{"Node Type": "Bitmap Heap Scan","Parent Relationship": "Inner","Parallel Aware": false,"Async Capable": false,"Relation Name": "supplier","Alias": "supplier","Startup Cost": 7.38,"Total Cost": 239.27,"Plan Rows": 400,"Plan Width": 59,"Actual Startup Time": 0.209,"Actual Total Time": 3.931,"Actual Rows": 393,"Actual Loops": 1,"Recheck Cond": "(s_nationkey = nation.n_nationkey)","Rows Removed by Index Recheck": 0,"Exact Heap Blocks": 179,"Lossy Heap Blocks": 0,"Plans": [{"Node Type": "Bitmap Index Scan","Parent Relationship": "Outer","Parallel Aware": false,"Async Capable": false,"Index Name": "idx_supplier_nation_key","Startup Cost": 0.00,"Total Cost": 7.29,"Plan Rows": 400,"Plan Width": 0,"Actual Startup Time": 0.137,"Actual Total Time": 0.142,"Actual Rows": 393,"Actual Loops": 1,"Index Cond": "(s_nationkey = nation.n_nationkey)"}]}]},{"Node Type": "Hash","Parent Relationship": "Inner","Parallel Aware": false,"Async Capable": false,"Startup Cost": 88158.53,"Total Cost": 88158.53,"Plan Rows": 2694,"Plan Width": 4,"Actual Startup Time": 972.675,"Actual Total Time": 972.682,"Actual Rows": 5982,"Actual Loops": 1,"Hash Buckets": 8192,"Original Hash Buckets": 4096,"Hash Batches": 1,"Original Hash Batches": 1,"Peak Memory Usage": 275,"Plans": [{"Node Type": "Nested Loop","Parent Relationship": "Outer","Parallel Aware": false,"Async Capable": false,"Join Type": "Inner","Startup Cost": 0.42,"Total Cost": 88158.53,"Plan Rows": 2694,"Plan Width": 4,"Actual Startup Time": 0.735,"Actual Total Time": 968.419,"Actual Rows": 5982,"Actual Loops": 1,"Inner Unique": false,"Plans": [{"Node Type": "Seq Scan","Parent Relationship": "Outer","Parallel Aware": false,"Async Capable": false,"Relation Name": "part","Alias": "part","Startup Cost": 0.00,"Total Cost": 6597.00,"Plan Rows": 2020,"Plan Width": 4,"Actual Startup Time": 0.207,"Actual Total Time": 181.145,"Actual Rows": 2186,"Actual Loops": 1,"Filter": "((p_name)::text ~~ 'floral%'::text)","Rows Removed by Filter": 197814},{"Node Type": "Index Scan","Parent Relationship": "Inner","Parallel Aware": false,"Async Capable": false,"Scan Direction": "Forward","Index Name": "idx_partsupp_partkey","Relation Name": "partsupp","Alias": "partsupp","Startup Cost": 0.42,"Total Cost": 40.36,"Plan Rows": 1,"Plan Width": 8,"Actual Startup Time": 0.149,"Actual Total Time": 0.360,"Actual Rows": 3,"Actual Loops": 2186,"Index Cond": "(ps_partkey = part.p_partkey)","Rows Removed by Index Recheck": 0,"Filter": "((ps_availqty)::numeric > (SubPlan 1))","Rows Removed by Filter": 1,"Plans": [{"Node Type": "Aggregate","Strategy": "Plain","Partial Mode": "Simple","Parent Relationship": "SubPlan","Subplan Name": "SubPlan 1","Parallel Aware": false,"Async Capable": false,"Startup Cost": 8.46,"Total Cost": 8.47,"Plan Rows": 1,"Plan Width": 32,"Actual Startup Time": 0.082,"Actual Total Time": 0.082,"Actual Rows": 1,"Actual Loops": 8744,"Plans": [{"Node Type": "Index Scan","Parent Relationship": "Outer","Parallel Aware": false,"Async Capable": false,"Scan Direction": "Forward","Index Name": "idx_lineitem_part_supp","Relation Name": "lineitem","Alias": "lineitem","Startup Cost": 0.43,"Total Cost": 8.46,"Plan Rows": 0,"Plan Width": 5,"Actual Startup Time": 0.050,"Actual Total Time": 0.081,"Actual Rows": 1,"Actual Loops": 8744,"Index Cond": "((l_partkey = partsupp.ps_partkey) AND (l_suppkey = partsupp.ps_suppkey))","Rows Removed by Index Recheck": 0,"Filter": "((l_shipdate >= '1994-01-01'::date) AND (l_shipdate < '1995-01-01 00:00:00'::timestamp without time zone))","Rows Removed by Filter": 6}]}]}]}]}]}]},"Planning Time": 7.244,"Triggers": [],"Execution Time": 977.513}]
[{"Plan": {"Node Type": "Sort","Parallel Aware": false,"Async Capable": false,"Startup Cost": 88442.96,"Total Cost": 88443.23,"Plan Rows": 108,"Plan Width": 51,"Actual Startup Time": 902.613,"Actual Total Time": 902.645,"Actual Rows": 176,"Actual Loops": 1,"Sort Key": ["supplier.s_name"],"Sort Method": "quicksort","Sort Space Used": 41,"Sort Space Type": "Memory","Plans": [{"Node Type": "Hash Join","Parent Relationship": "Outer","Parallel Aware": false,"Async Capable": false,"Join Type": "Semi","Startup Cost": 88199.59,"Total Cost": 88439.31,"Plan Rows": 108,"Plan Width": 51,"Actual Startup Time": 898.565,"Actual Total Time": 902.287,"Actual Rows": 176,"Actual Loops": 1,"Inner Unique": false,"Hash Cond": "(supplier.s_suppkey = partsupp.ps_suppkey)","Plans": [{"Node Type": "Nested Loop","Parent Relationship": "Outer","Parallel Aware": false,"Async Capable": false,"Join Type": "Inner","Startup Cost": 7.38,"Total Cost": 244.58,"Plan Rows": 400,"Plan Width": 55,"Actual Startup Time": 0.252,"Actual Total Time": 3.881,"Actual Rows": 393,"Actual Loops": 1,"Inner Unique": false,"Plans": [{"Node Type": "Seq Scan","Parent Relationship": "Outer","Parallel Aware": false,"Async Capable": false,"Relation Name": "nation","Alias": "nation","Startup Cost": 0.00,"Total Cost": 1.31,"Plan Rows": 1,"Plan Width": 4,"Actual Startup Time": 0.066,"Actual Total Time": 0.090,"Actual Rows": 1,"Actual Loops": 1,"Filter": "(n_name = 'IRAN'::bpchar)","Rows Removed by Filter": 24},{"Node Type": "Bitmap Heap Scan","Parent Relationship": "Inner","Parallel Aware": false,"Async Capable": false,"Relation Name": "supplier","Alias": "supplier","Startup Cost": 7.38,"Total Cost": 239.27,"Plan Rows": 400,"Plan Width": 59,"Actual Startup Time": 0.179,"Actual Total Time": 3.725,"Actual Rows": 393,"Actual Loops": 1,"Recheck Cond": "(s_nationkey = nation.n_nationkey)","Rows Removed by Index Recheck": 0,"Exact Heap Blocks": 179,"Lossy Heap Blocks": 0,"Plans": [{"Node Type": "Bitmap Index Scan","Parent Relationship": "Outer","Parallel Aware": false,"Async Capable": false,"Index Name": "idx_supplier_nation_key","Startup Cost": 0.00,"Total Cost": 7.29,"Plan Rows": 400,"Plan Width": 0,"Actual Startup Time": 0.116,"Actual Total Time": 0.119,"Actual Rows": 393,"Actual Loops": 1,"Index Cond": "(s_nationkey = nation.n_nationkey)"}]}]},{"Node Type": "Hash","Parent Relationship": "Inner","Parallel Aware": false,"Async Capable": false,"Startup Cost": 88158.53,"Total Cost": 88158.53,"Plan Rows": 2694,"Plan Width": 4,"Actual Startup Time": 898.227,"Actual Total Time": 898.237,"Actual Rows": 6060,"Actual Loops": 1,"Hash Buckets": 8192,"Original Hash Buckets": 4096,"Hash Batches": 1,"Original Hash Batches": 1,"Peak Memory Usage": 278,"Plans": [{"Node Type": "Nested Loop","Parent Relationship": "Outer","Parallel Aware": false,"Async Capable": false,"Join Type": "Inner","Startup Cost": 0.42,"Total Cost": 88158.53,"Plan Rows": 2694,"Plan Width": 4,"Actual Startup Time": 0.621,"Actual Total Time": 893.783,"Actual Rows": 6060,"Actual Loops": 1,"Inner Unique": false,"Plans": [{"Node Type": "Seq Scan","Parent Relationship": "Outer","Parallel Aware": false,"Async Capable": false,"Relation Name": "part","Alias": "part","Startup Cost": 0.00,"Total Cost": 6597.00,"Plan Rows": 2020,"Plan Width": 4,"Actual Startup Time": 0.194,"Actual Total Time": 196.307,"Actual Rows": 2200,"Actual Loops": 1,"Filter": "((p_name)::text ~~ 'plum%'::text)","Rows Removed by Filter": 197800},{"Node Type": "Index Scan","Parent Relationship": "Inner","Parallel Aware": false,"Async Capable": false,"Scan Direction": "Forward","Index Name": "idx_partsupp_partkey","Relation Name": "partsupp","Alias": "partsupp","Startup Cost": 0.42,"Total Cost": 40.36,"Plan Rows": 1,"Plan Width": 8,"Actual Startup Time": 0.133,"Actual Total Time": 0.317,"Actual Rows": 3,"Actual Loops": 2200,"Index Cond": "(ps_partkey = part.p_partkey)","Rows Removed by Index Recheck": 0,"Filter": "((ps_availqty)::numeric > (SubPlan 1))","Rows Removed by Filter": 1,"Plans": [{"Node Type": "Aggregate","Strategy": "Plain","Partial Mode": "Simple","Parent Relationship": "SubPlan","Subplan Name": "SubPlan 1","Parallel Aware": false,"Async Capable": false,"Startup Cost": 8.46,"Total Cost": 8.47,"Plan Rows": 1,"Plan Width": 32,"Actual Startup Time": 0.071,"Actual Total Time": 0.071,"Actual Rows": 1,"Actual Loops": 8800,"Plans": [{"Node Type": "Index Scan","Parent Relationship": "Outer","Parallel Aware": false,"Async Capable": false,"Scan Direction": "Forward","Index Name": "idx_lineitem_part_supp","Relation Name": "lineitem","Alias": "lineitem","Startup Cost": 0.43,"Total Cost": 8.46,"Plan Rows": 0,"Plan Width": 5,"Actual Startup Time": 0.043,"Actual Total Time": 0.070,"Actual Rows": 1,"Actual Loops": 8800,"Index Cond": "((l_partkey = partsupp.ps_partkey) AND (l_suppkey = partsupp.ps_suppkey))","Rows Removed by Index Recheck": 0,"Filter": "((l_shipdate >= '1995-01-01'::date) AND (l_shipdate < '1996-01-01 00:00:00'::timestamp without time zone))","Rows Removed by Filter": 6}]}]}]}]}]}]},"Planning Time": 6.590,"Triggers": [],"Execution Time": 902.890}]
[{"Plan": {"Node Type": "Sort","Parallel Aware": false,"Async Capable": false,"Startup Cost": 88442.96,"Total Cost": 88443.23,"Plan Rows": 108,"Plan Width": 51,"Actual Startup Time": 980.499,"Actual Total Time": 980.538,"Actual Rows": 181,"Actual Loops": 1,"Sort Key": ["supplier.s_name"],"Sort Method": "quicksort","Sort Space Used": 42,"Sort Space Type": "Memory","Plans": [{"Node Type": "Hash Join","Parent Relationship": "Outer","Parallel Aware": false,"Async Capable": false,"Join Type": "Semi","Startup Cost": 88199.59,"Total Cost": 88439.31,"Plan Rows": 108,"Plan Width": 51,"Actual Startup Time": 976.138,"Actual Total Time": 980.037,"Actual Rows": 181,"Actual Loops": 1,"Inner Unique": false,"Hash Cond": "(supplier.s_suppkey = partsupp.ps_suppkey)","Plans": [{"Node Type": "Nested Loop","Parent Relationship": "Outer","Parallel Aware": false,"Async Capable": false,"Join Type": "Inner","Startup Cost": 7.38,"Total Cost": 244.58,"Plan Rows": 400,"Plan Width": 55,"Actual Startup Time": 0.302,"Actual Total Time": 4.114,"Actual Rows": 397,"Actual Loops": 1,"Inner Unique": false,"Plans": [{"Node Type": "Seq Scan","Parent Relationship": "Outer","Parallel Aware": false,"Async Capable": false,"Relation Name": "nation","Alias": "nation","Startup Cost": 0.00,"Total Cost": 1.31,"Plan Rows": 1,"Plan Width": 4,"Actual Startup Time": 0.080,"Actual Total Time": 0.113,"Actual Rows": 1,"Actual Loops": 1,"Filter": "(n_name = 'BRAZIL'::bpchar)","Rows Removed by Filter": 24},{"Node Type": "Bitmap Heap Scan","Parent Relationship": "Inner","Parallel Aware": false,"Async Capable": false,"Relation Name": "supplier","Alias": "supplier","Startup Cost": 7.38,"Total Cost": 239.27,"Plan Rows": 400,"Plan Width": 59,"Actual Startup Time": 0.218,"Actual Total Time": 3.929,"Actual Rows": 397,"Actual Loops": 1,"Recheck Cond": "(s_nationkey = nation.n_nationkey)","Rows Removed by Index Recheck": 0,"Exact Heap Blocks": 187,"Lossy Heap Blocks": 0,"Plans": [{"Node Type": "Bitmap Index Scan","Parent Relationship": "Outer","Parallel Aware": false,"Async Capable": false,"Index Name": "idx_supplier_nation_key","Startup Cost": 0.00,"Total Cost": 7.29,"Plan Rows": 400,"Plan Width": 0,"Actual Startup Time": 0.140,"Actual Total Time": 0.144,"Actual Rows": 397,"Actual Loops": 1,"Index Cond": "(s_nationkey = nation.n_nationkey)"}]}]},{"Node Type": "Hash","Parent Relationship": "Inner","Parallel Aware": false,"Async Capable": false,"Startup Cost": 88158.53,"Total Cost": 88158.53,"Plan Rows": 2694,"Plan Width": 4,"Actual Startup Time": 975.776,"Actual Total Time": 975.784,"Actual Rows": 6014,"Actual Loops": 1,"Hash Buckets": 8192,"Original Hash Buckets": 4096,"Hash Batches": 1,"Original Hash Batches": 1,"Peak Memory Usage": 276,"Plans": [{"Node Type": "Nested Loop","Parent Relationship": "Outer","Parallel Aware": false,"Async Capable": false,"Join Type": "Inner","Startup Cost": 0.42,"Total Cost": 88158.53,"Plan Rows": 2694,"Plan Width": 4,"Actual Startup Time": 0.506,"Actual Total Time": 971.566,"Actual Rows": 6014,"Actual Loops": 1,"Inner Unique": false,"Plans": [{"Node Type": "Seq Scan","Parent Relationship": "Outer","Parallel Aware": false,"Async Capable": false,"Relation Name": "part","Alias": "part","Startup Cost": 0.00,"Total Cost": 6597.00,"Plan Rows": 2020,"Plan Width": 4,"Actual Startup Time": 0.091,"Actual Total Time": 180.494,"Actual Rows": 2205,"Actual Loops": 1,"Filter": "((p_name)::text ~~ 'rose%'::text)","Rows Removed by Filter": 197795},{"Node Type": "Index Scan","Parent Relationship": "Inner","Parallel Aware": false,"Async Capable": false,"Scan Direction": "Forward","Index Name": "idx_partsupp_partkey","Relation Name": "partsupp","Alias": "partsupp","Startup Cost": 0.42,"Total Cost": 40.36,"Plan Rows": 1,"Plan Width": 8,"Actual Startup Time": 0.150,"Actual Total Time": 0.358,"Actual Rows": 3,"Actual Loops": 2205,"Index Cond": "(ps_partkey = part.p_partkey)","Rows Removed by Index Recheck": 0,"Filter": "((ps_availqty)::numeric > (SubPlan 1))","Rows Removed by Filter": 1,"Plans": [{"Node Type": "Aggregate","Strategy": "Plain","Partial Mode": "Simple","Parent Relationship": "SubPlan","Subplan Name": "SubPlan 1","Parallel Aware": false,"Async Capable": false,"Startup Cost": 8.46,"Total Cost": 8.47,"Plan Rows": 1,"Plan Width": 32,"Actual Startup Time": 0.081,"Actual Total Time": 0.081,"Actual Rows": 1,"Actual Loops": 8820,"Plans": [{"Node Type": "Index Scan","Parent Relationship": "Outer","Parallel Aware": false,"Async Capable": false,"Scan Direction": "Forward","Index Name": "idx_lineitem_part_supp","Relation Name": "lineitem","Alias": "lineitem","Startup Cost": 0.43,"Total Cost": 8.46,"Plan Rows": 0,"Plan Width": 5,"Actual Startup Time": 0.049,"Actual Total Time": 0.081,"Actual Rows": 1,"Actual Loops": 8820,"Index Cond": "((l_partkey = partsupp.ps_partkey) AND (l_suppkey = partsupp.ps_suppkey))","Rows Removed by Index Recheck": 0,"Filter": "((l_shipdate >= '1995-01-01'::date) AND (l_shipdate < '1996-01-01 00:00:00'::timestamp without time zone))","Rows Removed by Filter": 6}]}]}]}]}]}]},"Planning Time": 5.759,"Triggers": [],"Execution Time": 980.801}]
[{"Plan": {"Node Type": "Sort","Parallel Aware": false,"Async Capable": false,"Startup Cost": 88442.96,"Total Cost": 88443.23,"Plan Rows": 108,"Plan Width": 51,"Actual Startup Time": 899.228,"Actual Total Time": 899.270,"Actual Rows": 177,"Actual Loops": 1,"Sort Key": ["supplier.s_name"],"Sort Method": "quicksort","Sort Space Used": 41,"Sort Space Type": "Memory","Plans": [{"Node Type": "Hash Join","Parent Relationship": "Outer","Parallel Aware": false,"Async Capable": false,"Join Type": "Semi","Startup Cost": 88199.59,"Total Cost": 88439.31,"Plan Rows": 108,"Plan Width": 51,"Actual Startup Time": 894.935,"Actual Total Time": 898.915,"Actual Rows": 177,"Actual Loops": 1,"Inner Unique": false,"Hash Cond": "(supplier.s_suppkey = partsupp.ps_suppkey)","Plans": [{"Node Type": "Nested Loop","Parent Relationship": "Outer","Parallel Aware": false,"Async Capable": false,"Join Type": "Inner","Startup Cost": 7.38,"Total Cost": 244.58,"Plan Rows": 400,"Plan Width": 55,"Actual Startup Time": 0.265,"Actual Total Time": 4.130,"Actual Rows": 397,"Actual Loops": 1,"Inner Unique": false,"Plans": [{"Node Type": "Seq Scan","Parent Relationship": "Outer","Parallel Aware": false,"Async Capable": false,"Relation Name": "nation","Alias": "nation","Startup Cost": 0.00,"Total Cost": 1.31,"Plan Rows": 1,"Plan Width": 4,"Actual Startup Time": 0.068,"Actual Total Time": 0.100,"Actual Rows": 1,"Actual Loops": 1,"Filter": "(n_name = 'BRAZIL'::bpchar)","Rows Removed by Filter": 24},{"Node Type": "Bitmap Heap Scan","Parent Relationship": "Inner","Parallel Aware": false,"Async Capable": false,"Relation Name": "supplier","Alias": "supplier","Startup Cost": 7.38,"Total Cost": 239.27,"Plan Rows": 400,"Plan Width": 59,"Actual Startup Time": 0.187,"Actual Total Time": 3.953,"Actual Rows": 397,"Actual Loops": 1,"Recheck Cond": "(s_nationkey = nation.n_nationkey)","Rows Removed by Index Recheck": 0,"Exact Heap Blocks": 187,"Lossy Heap Blocks": 0,"Plans": [{"Node Type": "Bitmap Index Scan","Parent Relationship": "Outer","Parallel Aware": false,"Async Capable": false,"Index Name": "idx_supplier_nation_key","Startup Cost": 0.00,"Total Cost": 7.29,"Plan Rows": 400,"Plan Width": 0,"Actual Startup Time": 0.117,"Actual Total Time": 0.123,"Actual Rows": 397,"Actual Loops": 1,"Index Cond": "(s_nationkey = nation.n_nationkey)"}]}]},{"Node Type": "Hash","Parent Relationship": "Inner","Parallel Aware": false,"Async Capable": false,"Startup Cost": 88158.53,"Total Cost": 88158.53,"Plan Rows": 2694,"Plan Width": 4,"Actual Startup Time": 894.608,"Actual Total Time": 894.619,"Actual Rows": 5859,"Actual Loops": 1,"Hash Buckets": 8192,"Original Hash Buckets": 4096,"Hash Batches": 1,"Original Hash Batches": 1,"Peak Memory Usage": 270,"Plans": [{"Node Type": "Nested Loop","Parent Relationship": "Outer","Parallel Aware": false,"Async Capable": false,"Join Type": "Inner","Startup Cost": 0.42,"Total Cost": 88158.53,"Plan Rows": 2694,"Plan Width": 4,"Actual Startup Time": 0.555,"Actual Total Time": 890.165,"Actual Rows": 5859,"Actual Loops": 1,"Inner Unique": false,"Plans": [{"Node Type": "Seq Scan","Parent Relationship": "Outer","Parallel Aware": false,"Async Capable": false,"Relation Name": "part","Alias": "part","Startup Cost": 0.00,"Total Cost": 6597.00,"Plan Rows": 2020,"Plan Width": 4,"Actual Startup Time": 0.181,"Actual Total Time": 194.717,"Actual Rows": 2157,"Actual Loops": 1,"Filter": "((p_name)::text ~~ 'dark%'::text)","Rows Removed by Filter": 197843},{"Node Type": "Index Scan","Parent Relationship": "Inner","Parallel Aware": false,"Async Capable": false,"Scan Direction": "Forward","Index Name": "idx_partsupp_partkey","Relation Name": "partsupp","Alias": "partsupp","Startup Cost": 0.42,"Total Cost": 40.36,"Plan Rows": 1,"Plan Width": 8,"Actual Startup Time": 0.139,"Actual Total Time": 0.322,"Actual Rows": 3,"Actual Loops": 2157,"Index Cond": "(ps_partkey = part.p_partkey)","Rows Removed by Index Recheck": 0,"Filter": "((ps_availqty)::numeric > (SubPlan 1))","Rows Removed by Filter": 1,"Plans": [{"Node Type": "Aggregate","Strategy": "Plain","Partial Mode": "Simple","Parent Relationship": "SubPlan","Subplan Name": "SubPlan 1","Parallel Aware": false,"Async Capable": false,"Startup Cost": 8.46,"Total Cost": 8.47,"Plan Rows": 1,"Plan Width": 32,"Actual Startup Time": 0.072,"Actual Total Time": 0.072,"Actual Rows": 1,"Actual Loops": 8628,"Plans": [{"Node Type": "Index Scan","Parent Relationship": "Outer","Parallel Aware": false,"Async Capable": false,"Scan Direction": "Forward","Index Name": "idx_lineitem_part_supp","Relation Name": "lineitem","Alias": "lineitem","Startup Cost": 0.43,"Total Cost": 8.46,"Plan Rows": 0,"Plan Width": 5,"Actual Startup Time": 0.044,"Actual Total Time": 0.071,"Actual Rows": 1,"Actual Loops": 8628,"Index Cond": "((l_partkey = partsupp.ps_partkey) AND (l_suppkey = partsupp.ps_suppkey))","Rows Removed by Index Recheck": 0,"Filter": "((l_shipdate >= '1995-01-01'::date) AND (l_shipdate < '1996-01-01 00:00:00'::timestamp without time zone))","Rows Removed by Filter": 6}]}]}]}]}]}]},"Planning Time": 5.992,"Triggers": [],"Execution Time": 899.511}]
[{"Plan": {"Node Type": "Sort","Parallel Aware": false,"Async Capable": false,"Startup Cost": 88442.96,"Total Cost": 88443.23,"Plan Rows": 108,"Plan Width": 51,"Actual Startup Time": 906.942,"Actual Total Time": 906.982,"Actual Rows": 202,"Actual Loops": 1,"Sort Key": ["supplier.s_name"],"Sort Method": "quicksort","Sort Space Used": 43,"Sort Space Type": "Memory","Plans": [{"Node Type": "Hash Join","Parent Relationship": "Outer","Parallel Aware": false,"Async Capable": false,"Join Type": "Semi","Startup Cost": 88199.59,"Total Cost": 88439.31,"Plan Rows": 108,"Plan Width": 51,"Actual Startup Time": 902.036,"Actual Total Time": 906.447,"Actual Rows": 202,"Actual Loops": 1,"Inner Unique": false,"Hash Cond": "(supplier.s_suppkey = partsupp.ps_suppkey)","Plans": [{"Node Type": "Nested Loop","Parent Relationship": "Outer","Parallel Aware": false,"Async Capable": false,"Join Type": "Inner","Startup Cost": 7.38,"Total Cost": 244.58,"Plan Rows": 400,"Plan Width": 55,"Actual Startup Time": 0.234,"Actual Total Time": 4.583,"Actual Rows": 420,"Actual Loops": 1,"Inner Unique": false,"Plans": [{"Node Type": "Seq Scan","Parent Relationship": "Outer","Parallel Aware": false,"Async Capable": false,"Relation Name": "nation","Alias": "nation","Startup Cost": 0.00,"Total Cost": 1.31,"Plan Rows": 1,"Plan Width": 4,"Actual Startup Time": 0.067,"Actual Total Time": 0.102,"Actual Rows": 1,"Actual Loops": 1,"Filter": "(n_name = 'ALGERIA'::bpchar)","Rows Removed by Filter": 24},{"Node Type": "Bitmap Heap Scan","Parent Relationship": "Inner","Parallel Aware": false,"Async Capable": false,"Relation Name": "supplier","Alias": "supplier","Startup Cost": 7.38,"Total Cost": 239.27,"Plan Rows": 400,"Plan Width": 59,"Actual Startup Time": 0.164,"Actual Total Time": 4.411,"Actual Rows": 420,"Actual Loops": 1,"Recheck Cond": "(s_nationkey = nation.n_nationkey)","Rows Removed by Index Recheck": 0,"Exact Heap Blocks": 197,"Lossy Heap Blocks": 0,"Plans": [{"Node Type": "Bitmap Index Scan","Parent Relationship": "Outer","Parallel Aware": false,"Async Capable": false,"Index Name": "idx_supplier_nation_key","Startup Cost": 0.00,"Total Cost": 7.29,"Plan Rows": 400,"Plan Width": 0,"Actual Startup Time": 0.103,"Actual Total Time": 0.107,"Actual Rows": 420,"Actual Loops": 1,"Index Cond": "(s_nationkey = nation.n_nationkey)"}]}]},{"Node Type": "Hash","Parent Relationship": "Inner","Parallel Aware": false,"Async Capable": false,"Startup Cost": 88158.53,"Total Cost": 88158.53,"Plan Rows": 2694,"Plan Width": 4,"Actual Startup Time": 901.702,"Actual Total Time": 901.713,"Actual Rows": 5823,"Actual Loops": 1,"Hash Buckets": 8192,"Original Hash Buckets": 4096,"Hash Batches": 1,"Original Hash Batches": 1,"Peak Memory Usage": 269,"Plans": [{"Node Type": "Nested Loop","Parent Relationship": "Outer","Parallel Aware": false,"Async Capable": false,"Join Type": "Inner","Startup Cost": 0.42,"Total Cost": 88158.53,"Plan Rows": 2694,"Plan Width": 4,"Actual Startup Time": 0.395,"Actual Total Time": 897.099,"Actual Rows": 5823,"Actual Loops": 1,"Inner Unique": false,"Plans": [{"Node Type": "Seq Scan","Parent Relationship": "Outer","Parallel Aware": false,"Async Capable": false,"Relation Name": "part","Alias": "part","Startup Cost": 0.00,"Total Cost": 6597.00,"Plan Rows": 2020,"Plan Width": 4,"Actual Startup Time": 0.045,"Actual Total Time": 201.777,"Actual Rows": 2148,"Actual Loops": 1,"Filter": "((p_name)::text ~~ 'linen%'::text)","Rows Removed by Filter": 197852},{"Node Type": "Index Scan","Parent Relationship": "Inner","Parallel Aware": false,"Async Capable": false,"Scan Direction": "Forward","Index Name": "idx_partsupp_partkey","Relation Name": "partsupp","Alias": "partsupp","Startup Cost": 0.42,"Total Cost": 40.36,"Plan Rows": 1,"Plan Width": 8,"Actual Startup Time": 0.137,"Actual Total Time": 0.323,"Actual Rows": 3,"Actual Loops": 2148,"Index Cond": "(ps_partkey = part.p_partkey)","Rows Removed by Index Recheck": 0,"Filter": "((ps_availqty)::numeric > (SubPlan 1))","Rows Removed by Filter": 1,"Plans": [{"Node Type": "Aggregate","Strategy": "Plain","Partial Mode": "Simple","Parent Relationship": "SubPlan","Subplan Name": "SubPlan 1","Parallel Aware": false,"Async Capable": false,"Startup Cost": 8.46,"Total Cost": 8.47,"Plan Rows": 1,"Plan Width": 32,"Actual Startup Time": 0.072,"Actual Total Time": 0.072,"Actual Rows": 1,"Actual Loops": 8592,"Plans": [{"Node Type": "Index Scan","Parent Relationship": "Outer","Parallel Aware": false,"Async Capable": false,"Scan Direction": "Forward","Index Name": "idx_lineitem_part_supp","Relation Name": "lineitem","Alias": "lineitem","Startup Cost": 0.43,"Total Cost": 8.46,"Plan Rows": 0,"Plan Width": 5,"Actual Startup Time": 0.044,"Actual Total Time": 0.072,"Actual Rows": 1,"Actual Loops": 8592,"Index Cond": "((l_partkey = partsupp.ps_partkey) AND (l_suppkey = partsupp.ps_suppkey))","Rows Removed by Index Recheck": 0,"Filter": "((l_shipdate >= '1994-01-01'::date) AND (l_shipdate < '1995-01-01 00:00:00'::timestamp without time zone))","Rows Removed by Filter": 6}]}]}]}]}]}]},"Planning Time": 4.694,"Triggers": [],"Execution Time": 907.215}]
[{"Plan": {"Node Type": "Sort","Parallel Aware": false,"Async Capable": false,"Startup Cost": 88442.96,"Total Cost": 88443.23,"Plan Rows": 108,"Plan Width": 51,"Actual Startup Time": 984.880,"Actual Total Time": 984.916,"Actual Rows": 158,"Actual Loops": 1,"Sort Key": ["supplier.s_name"],"Sort Method": "quicksort","Sort Space Used": 39,"Sort Space Type": "Memory","Plans": [{"Node Type": "Hash Join","Parent Relationship": "Outer","Parallel Aware": false,"Async Capable": false,"Join Type": "Semi","Startup Cost": 88199.59,"Total Cost": 88439.31,"Plan Rows": 108,"Plan Width": 51,"Actual Startup Time": 980.759,"Actual Total Time": 984.355,"Actual Rows": 158,"Actual Loops": 1,"Inner Unique": false,"Hash Cond": "(supplier.s_suppkey = partsupp.ps_suppkey)","Plans": [{"Node Type": "Nested Loop","Parent Relationship": "Outer","Parallel Aware": false,"Async Capable": false,"Join Type": "Inner","Startup Cost": 7.38,"Total Cost": 244.58,"Plan Rows": 400,"Plan Width": 55,"Actual Startup Time": 0.350,"Actual Total Time": 3.853,"Actual Rows": 376,"Actual Loops": 1,"Inner Unique": false,"Plans": [{"Node Type": "Seq Scan","Parent Relationship": "Outer","Parallel Aware": false,"Async Capable": false,"Relation Name": "nation","Alias": "nation","Startup Cost": 0.00,"Total Cost": 1.31,"Plan Rows": 1,"Plan Width": 4,"Actual Startup Time": 0.073,"Actual Total Time": 0.102,"Actual Rows": 1,"Actual Loops": 1,"Filter": "(n_name = 'KENYA'::bpchar)","Rows Removed by Filter": 24},{"Node Type": "Bitmap Heap Scan","Parent Relationship": "Inner","Parallel Aware": false,"Async Capable": false,"Relation Name": "supplier","Alias": "supplier","Startup Cost": 7.38,"Total Cost": 239.27,"Plan Rows": 400,"Plan Width": 59,"Actual Startup Time": 0.268,"Actual Total Time": 3.677,"Actual Rows": 376,"Actual Loops": 1,"Recheck Cond": "(s_nationkey = nation.n_nationkey)","Rows Removed by Index Recheck": 0,"Exact Heap Blocks": 179,"Lossy Heap Blocks": 0,"Plans": [{"Node Type": "Bitmap Index Scan","Parent Relationship": "Outer","Parallel Aware": false,"Async Capable": false,"Index Name": "idx_supplier_nation_key","Startup Cost": 0.00,"Total Cost": 7.29,"Plan Rows": 400,"Plan Width": 0,"Actual Startup Time": 0.199,"Actual Total Time": 0.203,"Actual Rows": 376,"Actual Loops": 1,"Index Cond": "(s_nationkey = nation.n_nationkey)"}]}]},{"Node Type": "Hash","Parent Relationship": "Inner","Parallel Aware": false,"Async Capable": false,"Startup Cost": 88158.53,"Total Cost": 88158.53,"Plan Rows": 2694,"Plan Width": 4,"Actual Startup Time": 980.322,"Actual Total Time": 980.332,"Actual Rows": 5855,"Actual Loops": 1,"Hash Buckets": 8192,"Original Hash Buckets": 4096,"Hash Batches": 1,"Original Hash Batches": 1,"Peak Memory Usage": 270,"Plans": [{"Node Type": "Nested Loop","Parent Relationship": "Outer","Parallel Aware": false,"Async Capable": false,"Join Type": "Inner","Startup Cost": 0.42,"Total Cost": 88158.53,"Plan Rows": 2694,"Plan Width": 4,"Actual Startup Time": 1.081,"Actual Total Time": 976.311,"Actual Rows": 5855,"Actual Loops": 1,"Inner Unique": false,"Plans": [{"Node Type": "Seq Scan","Parent Relationship": "Outer","Parallel Aware": false,"Async Capable": false,"Relation Name": "part","Alias": "part","Startup Cost": 0.00,"Total Cost": 6597.00,"Plan Rows": 2020,"Plan Width": 4,"Actual Startup Time": 0.378,"Actual Total Time": 182.931,"Actual Rows": 2205,"Actual Loops": 1,"Filter": "((p_name)::text ~~ 'maroon%'::text)","Rows Removed by Filter": 197795},{"Node Type": "Index Scan","Parent Relationship": "Inner","Parallel Aware": false,"Async Capable": false,"Scan Direction": "Forward","Index Name": "idx_partsupp_partkey","Relation Name": "partsupp","Alias": "partsupp","Startup Cost": 0.42,"Total Cost": 40.36,"Plan Rows": 1,"Plan Width": 8,"Actual Startup Time": 0.152,"Actual Total Time": 0.359,"Actual Rows": 3,"Actual Loops": 2205,"Index Cond": "(ps_partkey = part.p_partkey)","Rows Removed by Index Recheck": 0,"Filter": "((ps_availqty)::numeric > (SubPlan 1))","Rows Removed by Filter": 1,"Plans": [{"Node Type": "Aggregate","Strategy": "Plain","Partial Mode": "Simple","Parent Relationship": "SubPlan","Subplan Name": "SubPlan 1","Parallel Aware": false,"Async Capable": false,"Startup Cost": 8.46,"Total Cost": 8.47,"Plan Rows": 1,"Plan Width": 32,"Actual Startup Time": 0.082,"Actual Total Time": 0.082,"Actual Rows": 1,"Actual Loops": 8820,"Plans": [{"Node Type": "Index Scan","Parent Relationship": "Outer","Parallel Aware": false,"Async Capable": false,"Scan Direction": "Forward","Index Name": "idx_lineitem_part_supp","Relation Name": "lineitem","Alias": "lineitem","Startup Cost": 0.43,"Total Cost": 8.46,"Plan Rows": 0,"Plan Width": 5,"Actual Startup Time": 0.051,"Actual Total Time": 0.081,"Actual Rows": 1,"Actual Loops": 8820,"Index Cond": "((l_partkey = partsupp.ps_partkey) AND (l_suppkey = partsupp.ps_suppkey))","Rows Removed by Index Recheck": 0,"Filter": "((l_shipdate >= '1993-01-01'::date) AND (l_shipdate < '1994-01-01 00:00:00'::timestamp without time zone))","Rows Removed by Filter": 6}]}]}]}]}]}]},"Planning Time": 6.915,"Triggers": [],"Execution Time": 985.156}]
[{"Plan": {"Node Type": "Sort","Parallel Aware": false,"Async Capable": false,"Startup Cost": 88442.96,"Total Cost": 88443.23,"Plan Rows": 108,"Plan Width": 51,"Actual Startup Time": 988.507,"Actual Total Time": 988.543,"Actual Rows": 190,"Actual Loops": 1,"Sort Key": ["supplier.s_name"],"Sort Method": "quicksort","Sort Space Used": 42,"Sort Space Type": "Memory","Plans": [{"Node Type": "Hash Join","Parent Relationship": "Outer","Parallel Aware": false,"Async Capable": false,"Join Type": "Semi","Startup Cost": 88199.59,"Total Cost": 88439.31,"Plan Rows": 108,"Plan Width": 51,"Actual Startup Time": 984.025,"Actual Total Time": 988.203,"Actual Rows": 190,"Actual Loops": 1,"Inner Unique": false,"Hash Cond": "(supplier.s_suppkey = partsupp.ps_suppkey)","Plans": [{"Node Type": "Nested Loop","Parent Relationship": "Outer","Parallel Aware": false,"Async Capable": false,"Join Type": "Inner","Startup Cost": 7.38,"Total Cost": 244.58,"Plan Rows": 400,"Plan Width": 55,"Actual Startup Time": 0.319,"Actual Total Time": 4.353,"Actual Rows": 421,"Actual Loops": 1,"Inner Unique": false,"Plans": [{"Node Type": "Seq Scan","Parent Relationship": "Outer","Parallel Aware": false,"Async Capable": false,"Relation Name": "nation","Alias": "nation","Startup Cost": 0.00,"Total Cost": 1.31,"Plan Rows": 1,"Plan Width": 4,"Actual Startup Time": 0.075,"Actual Total Time": 0.099,"Actual Rows": 1,"Actual Loops": 1,"Filter": "(n_name = 'PERU'::bpchar)","Rows Removed by Filter": 24},{"Node Type": "Bitmap Heap Scan","Parent Relationship": "Inner","Parallel Aware": false,"Async Capable": false,"Relation Name": "supplier","Alias": "supplier","Startup Cost": 7.38,"Total Cost": 239.27,"Plan Rows": 400,"Plan Width": 59,"Actual Startup Time": 0.235,"Actual Total Time": 4.189,"Actual Rows": 421,"Actual Loops": 1,"Recheck Cond": "(s_nationkey = nation.n_nationkey)","Rows Removed by Index Recheck": 0,"Exact Heap Blocks": 187,"Lossy Heap Blocks": 0,"Plans": [{"Node Type": "Bitmap Index Scan","Parent Relationship": "Outer","Parallel Aware": false,"Async Capable": false,"Index Name": "idx_supplier_nation_key","Startup Cost": 0.00,"Total Cost": 7.29,"Plan Rows": 400,"Plan Width": 0,"Actual Startup Time": 0.162,"Actual Total Time": 0.165,"Actual Rows": 421,"Actual Loops": 1,"Index Cond": "(s_nationkey = nation.n_nationkey)"}]}]},{"Node Type": "Hash","Parent Relationship": "Inner","Parallel Aware": false,"Async Capable": false,"Startup Cost": 88158.53,"Total Cost": 88158.53,"Plan Rows": 2694,"Plan Width": 4,"Actual Startup Time": 983.604,"Actual Total Time": 983.615,"Actual Rows": 6016,"Actual Loops": 1,"Hash Buckets": 8192,"Original Hash Buckets": 4096,"Hash Batches": 1,"Original Hash Batches": 1,"Peak Memory Usage": 276,"Plans": [{"Node Type": "Nested Loop","Parent Relationship": "Outer","Parallel Aware": false,"Async Capable": false,"Join Type": "Inner","Startup Cost": 0.42,"Total Cost": 88158.53,"Plan Rows": 2694,"Plan Width": 4,"Actual Startup Time": 0.662,"Actual Total Time": 978.765,"Actual Rows": 6016,"Actual Loops": 1,"Inner Unique": false,"Plans": [{"Node Type": "Seq Scan","Parent Relationship": "Outer","Parallel Aware": false,"Async Capable": false,"Relation Name": "part","Alias": "part","Startup Cost": 0.00,"Total Cost": 6597.00,"Plan Rows": 2020,"Plan Width": 4,"Actual Startup Time": 0.093,"Actual Total Time": 180.972,"Actual Rows": 2218,"Actual Loops": 1,"Filter": "((p_name)::text ~~ 'burlywood%'::text)","Rows Removed by Filter": 197782},{"Node Type": "Index Scan","Parent Relationship": "Inner","Parallel Aware": false,"Async Capable": false,"Scan Direction": "Forward","Index Name": "idx_partsupp_partkey","Relation Name": "partsupp","Alias": "partsupp","Startup Cost": 0.42,"Total Cost": 40.36,"Plan Rows": 1,"Plan Width": 8,"Actual Startup Time": 0.151,"Actual Total Time": 0.359,"Actual Rows": 3,"Actual Loops": 2218,"Index Cond": "(ps_partkey = part.p_partkey)","Rows Removed by Index Recheck": 0,"Filter": "((ps_availqty)::numeric > (SubPlan 1))","Rows Removed by Filter": 1,"Plans": [{"Node Type": "Aggregate","Strategy": "Plain","Partial Mode": "Simple","Parent Relationship": "SubPlan","Subplan Name": "SubPlan 1","Parallel Aware": false,"Async Capable": false,"Startup Cost": 8.46,"Total Cost": 8.47,"Plan Rows": 1,"Plan Width": 32,"Actual Startup Time": 0.082,"Actual Total Time": 0.082,"Actual Rows": 1,"Actual Loops": 8872,"Plans": [{"Node Type": "Index Scan","Parent Relationship": "Outer","Parallel Aware": false,"Async Capable": false,"Scan Direction": "Forward","Index Name": "idx_lineitem_part_supp","Relation Name": "lineitem","Alias": "lineitem","Startup Cost": 0.43,"Total Cost": 8.46,"Plan Rows": 0,"Plan Width": 5,"Actual Startup Time": 0.049,"Actual Total Time": 0.081,"Actual Rows": 1,"Actual Loops": 8872,"Index Cond": "((l_partkey = partsupp.ps_partkey) AND (l_suppkey = partsupp.ps_suppkey))","Rows Removed by Index Recheck": 0,"Filter": "((l_shipdate >= '1996-01-01'::date) AND (l_shipdate < '1997-01-01 00:00:00'::timestamp without time zone))","Rows Removed by Filter": 6}]}]}]}]}]}]},"Planning Time": 6.397,"Triggers": [],"Execution Time": 988.787}]
[{"Plan": {"Node Type": "Sort","Parallel Aware": false,"Async Capable": false,"Startup Cost": 88442.96,"Total Cost": 88443.23,"Plan Rows": 108,"Plan Width": 51,"Actual Startup Time": 903.039,"Actual Total Time": 903.076,"Actual Rows": 173,"Actual Loops": 1,"Sort Key": ["supplier.s_name"],"Sort Method": "quicksort","Sort Space Used": 41,"Sort Space Type": "Memory","Plans": [{"Node Type": "Hash Join","Parent Relationship": "Outer","Parallel Aware": false,"Async Capable": false,"Join Type": "Semi","Startup Cost": 88199.59,"Total Cost": 88439.31,"Plan Rows": 108,"Plan Width": 51,"Actual Startup Time": 898.836,"Actual Total Time": 902.709,"Actual Rows": 173,"Actual Loops": 1,"Inner Unique": false,"Hash Cond": "(supplier.s_suppkey = partsupp.ps_suppkey)","Plans": [{"Node Type": "Nested Loop","Parent Relationship": "Outer","Parallel Aware": false,"Async Capable": false,"Join Type": "Inner","Startup Cost": 7.38,"Total Cost": 244.58,"Plan Rows": 400,"Plan Width": 55,"Actual Startup Time": 0.241,"Actual Total Time": 4.091,"Actual Rows": 405,"Actual Loops": 1,"Inner Unique": false,"Plans": [{"Node Type": "Seq Scan","Parent Relationship": "Outer","Parallel Aware": false,"Async Capable": false,"Relation Name": "nation","Alias": "nation","Startup Cost": 0.00,"Total Cost": 1.31,"Plan Rows": 1,"Plan Width": 4,"Actual Startup Time": 0.050,"Actual Total Time": 0.085,"Actual Rows": 1,"Actual Loops": 1,"Filter": "(n_name = 'INDONESIA'::bpchar)","Rows Removed by Filter": 24},{"Node Type": "Bitmap Heap Scan","Parent Relationship": "Inner","Parallel Aware": false,"Async Capable": false,"Relation Name": "supplier","Alias": "supplier","Startup Cost": 7.38,"Total Cost": 239.27,"Plan Rows": 400,"Plan Width": 59,"Actual Startup Time": 0.187,"Actual Total Time": 3.931,"Actual Rows": 405,"Actual Loops": 1,"Recheck Cond": "(s_nationkey = nation.n_nationkey)","Rows Removed by Index Recheck": 0,"Exact Heap Blocks": 192,"Lossy Heap Blocks": 0,"Plans": [{"Node Type": "Bitmap Index Scan","Parent Relationship": "Outer","Parallel Aware": false,"Async Capable": false,"Index Name": "idx_supplier_nation_key","Startup Cost": 0.00,"Total Cost": 7.29,"Plan Rows": 400,"Plan Width": 0,"Actual Startup Time": 0.116,"Actual Total Time": 0.119,"Actual Rows": 405,"Actual Loops": 1,"Index Cond": "(s_nationkey = nation.n_nationkey)"}]}]},{"Node Type": "Hash","Parent Relationship": "Inner","Parallel Aware": false,"Async Capable": false,"Startup Cost": 88158.53,"Total Cost": 88158.53,"Plan Rows": 2694,"Plan Width": 4,"Actual Startup Time": 898.462,"Actual Total Time": 898.470,"Actual Rows": 5947,"Actual Loops": 1,"Hash Buckets": 8192,"Original Hash Buckets": 4096,"Hash Batches": 1,"Original Hash Batches": 1,"Peak Memory Usage": 274,"Plans": [{"Node Type": "Nested Loop","Parent Relationship": "Outer","Parallel Aware": false,"Async Capable": false,"Join Type": "Inner","Startup Cost": 0.42,"Total Cost": 88158.53,"Plan Rows": 2694,"Plan Width": 4,"Actual Startup Time": 0.470,"Actual Total Time": 893.109,"Actual Rows": 5947,"Actual Loops": 1,"Inner Unique": false,"Plans": [{"Node Type": "Seq Scan","Parent Relationship": "Outer","Parallel Aware": false,"Async Capable": false,"Relation Name": "part","Alias": "part","Startup Cost": 0.00,"Total Cost": 6597.00,"Plan Rows": 2020,"Plan Width": 4,"Actual Startup Time": 0.040,"Actual Total Time": 195.047,"Actual Rows": 2178,"Actual Loops": 1,"Filter": "((p_name)::text ~~ 'sandy%'::text)","Rows Removed by Filter": 197822},{"Node Type": "Index Scan","Parent Relationship": "Inner","Parallel Aware": false,"Async Capable": false,"Scan Direction": "Forward","Index Name": "idx_partsupp_partkey","Relation Name": "partsupp","Alias": "partsupp","Startup Cost": 0.42,"Total Cost": 40.36,"Plan Rows": 1,"Plan Width": 8,"Actual Startup Time": 0.134,"Actual Total Time": 0.320,"Actual Rows": 3,"Actual Loops": 2178,"Index Cond": "(ps_partkey = part.p_partkey)","Rows Removed by Index Recheck": 0,"Filter": "((ps_availqty)::numeric > (SubPlan 1))","Rows Removed by Filter": 1,"Plans": [{"Node Type": "Aggregate","Strategy": "Plain","Partial Mode": "Simple","Parent Relationship": "SubPlan","Subplan Name": "SubPlan 1","Parallel Aware": false,"Async Capable": false,"Startup Cost": 8.46,"Total Cost": 8.47,"Plan Rows": 1,"Plan Width": 32,"Actual Startup Time": 0.072,"Actual Total Time": 0.072,"Actual Rows": 1,"Actual Loops": 8712,"Plans": [{"Node Type": "Index Scan","Parent Relationship": "Outer","Parallel Aware": false,"Async Capable": false,"Scan Direction": "Forward","Index Name": "idx_lineitem_part_supp","Relation Name": "lineitem","Alias": "lineitem","Startup Cost": 0.43,"Total Cost": 8.46,"Plan Rows": 0,"Plan Width": 5,"Actual Startup Time": 0.043,"Actual Total Time": 0.071,"Actual Rows": 1,"Actual Loops": 8712,"Index Cond": "((l_partkey = partsupp.ps_partkey) AND (l_suppkey = partsupp.ps_suppkey))","Rows Removed by Index Recheck": 0,"Filter": "((l_shipdate >= '1995-01-01'::date) AND (l_shipdate < '1996-01-01 00:00:00'::timestamp without time zone))","Rows Removed by Filter": 6}]}]}]}]}]}]},"Planning Time": 6.828,"Triggers": [],"Execution Time": 903.342}]
[{"Plan": {"Node Type": "Sort","Parallel Aware": false,"Async Capable": false,"Startup Cost": 165280.99,"Total Cost": 165281.52,"Plan Rows": 215,"Plan Width": 51,"Actual Startup Time": 972.941,"Actual Total Time": 972.975,"Actual Rows": 176,"Actual Loops": 1,"Sort Key": ["supplier.s_name"],"Sort Method": "quicksort","Sort Space Used": 41,"Sort Space Type": "Memory","Plans": [{"Node Type": "Hash Join","Parent Relationship": "Outer","Parallel Aware": false,"Async Capable": false,"Join Type": "Semi","Startup Cost": 165030.68,"Total Cost": 165272.66,"Plan Rows": 215,"Plan Width": 51,"Actual Startup Time": 968.029,"Actual Total Time": 972.482,"Actual Rows": 176,"Actual Loops": 1,"Inner Unique": false,"Hash Cond": "(supplier.s_suppkey = partsupp.ps_suppkey)","Plans": [{"Node Type": "Nested Loop","Parent Relationship": "Outer","Parallel Aware": false,"Async Capable": false,"Join Type": "Inner","Startup Cost": 7.38,"Total Cost": 244.58,"Plan Rows": 400,"Plan Width": 55,"Actual Startup Time": 0.303,"Actual Total Time": 4.249,"Actual Rows": 380,"Actual Loops": 1,"Inner Unique": false,"Plans": [{"Node Type": "Seq Scan","Parent Relationship": "Outer","Parallel Aware": false,"Async Capable": false,"Relation Name": "nation","Alias": "nation","Startup Cost": 0.00,"Total Cost": 1.31,"Plan Rows": 1,"Plan Width": 4,"Actual Startup Time": 0.068,"Actual Total Time": 0.093,"Actual Rows": 1,"Actual Loops": 1,"Filter": "(n_name = 'ETHIOPIA'::bpchar)","Rows Removed by Filter": 24},{"Node Type": "Bitmap Heap Scan","Parent Relationship": "Inner","Parallel Aware": false,"Async Capable": false,"Relation Name": "supplier","Alias": "supplier","Startup Cost": 7.38,"Total Cost": 239.27,"Plan Rows": 400,"Plan Width": 59,"Actual Startup Time": 0.225,"Actual Total Time": 4.092,"Actual Rows": 380,"Actual Loops": 1,"Recheck Cond": "(s_nationkey = nation.n_nationkey)","Rows Removed by Index Recheck": 0,"Exact Heap Blocks": 192,"Lossy Heap Blocks": 0,"Plans": [{"Node Type": "Bitmap Index Scan","Parent Relationship": "Outer","Parallel Aware": false,"Async Capable": false,"Index Name": "idx_supplier_nation_key","Startup Cost": 0.00,"Total Cost": 7.29,"Plan Rows": 400,"Plan Width": 0,"Actual Startup Time": 0.149,"Actual Total Time": 0.152,"Actual Rows": 380,"Actual Loops": 1,"Index Cond": "(s_nationkey = nation.n_nationkey)"}]}]},{"Node Type": "Hash","Parent Relationship": "Inner","Parallel Aware": false,"Async Capable": false,"Startup Cost": 164955.96,"Total Cost": 164955.96,"Plan Rows": 5387,"Plan Width": 4,"Actual Startup Time": 967.553,"Actual Total Time": 967.564,"Actual Rows": 5870,"Actual Loops": 1,"Hash Buckets": 8192,"Original Hash Buckets": 8192,"Hash Batches": 1,"Original Hash Batches": 1,"Peak Memory Usage": 271,"Plans": [{"Node Type": "Nested Loop","Parent Relationship": "Outer","Parallel Aware": false,"Async Capable": false,"Join Type": "Inner","Startup Cost": 0.42,"Total Cost": 164955.96,"Plan Rows": 5387,"Plan Width": 4,"Actual Startup Time": 0.989,"Actual Total Time": 961.958,"Actual Rows": 5870,"Actual Loops": 1,"Inner Unique": false,"Plans": [{"Node Type": "Seq Scan","Parent Relationship": "Outer","Parallel Aware": false,"Async Capable": false,"Relation Name": "part","Alias": "part","Startup Cost": 0.00,"Total Cost": 6597.00,"Plan Rows": 4040,"Plan Width": 4,"Actual Startup Time": 0.040,"Actual Total Time": 181.233,"Actual Rows": 2157,"Actual Loops": 1,"Filter": "((p_name)::text ~~ 'spring%'::text)","Rows Removed by Filter": 197843},{"Node Type": "Index Scan","Parent Relationship": "Inner","Parallel Aware": false,"Async Capable": false,"Scan Direction": "Forward","Index Name": "idx_partsupp_partkey","Relation Name": "partsupp","Alias": "partsupp","Startup Cost": 0.42,"Total Cost": 39.18,"Plan Rows": 1,"Plan Width": 8,"Actual Startup Time": 0.153,"Actual Total Time": 0.361,"Actual Rows": 3,"Actual Loops": 2157,"Index Cond": "(ps_partkey = part.p_partkey)","Rows Removed by Index Recheck": 0,"Filter": "((ps_availqty)::numeric > (SubPlan 1))","Rows Removed by Filter": 1,"Plans": [{"Node Type": "Aggregate","Strategy": "Plain","Partial Mode": "Simple","Parent Relationship": "SubPlan","Subplan Name": "SubPlan 1","Parallel Aware": false,"Async Capable": false,"Startup Cost": 8.46,"Total Cost": 8.47,"Plan Rows": 1,"Plan Width": 32,"Actual Startup Time": 0.082,"Actual Total Time": 0.082,"Actual Rows": 1,"Actual Loops": 8628,"Plans": [{"Node Type": "Index Scan","Parent Relationship": "Outer","Parallel Aware": false,"Async Capable": false,"Scan Direction": "Forward","Index Name": "idx_lineitem_part_supp","Relation Name": "lineitem","Alias": "lineitem","Startup Cost": 0.43,"Total Cost": 8.46,"Plan Rows": 0,"Plan Width": 5,"Actual Startup Time": 0.050,"Actual Total Time": 0.081,"Actual Rows": 1,"Actual Loops": 8628,"Index Cond": "((l_partkey = partsupp.ps_partkey) AND (l_suppkey = partsupp.ps_suppkey))","Rows Removed by Index Recheck": 0,"Filter": "((l_shipdate >= '1997-01-01'::date) AND (l_shipdate < '1998-01-01 00:00:00'::timestamp without time zone))","Rows Removed by Filter": 6}]}]}]}]}]}]},"Planning Time": 6.484,"Triggers": [],"Execution Time": 973.276}]
[{"Plan": {"Node Type": "Sort","Parallel Aware": false,"Async Capable": false,"Startup Cost": 88442.96,"Total Cost": 88443.23,"Plan Rows": 108,"Plan Width": 51,"Actual Startup Time": 964.117,"Actual Total Time": 964.154,"Actual Rows": 153,"Actual Loops": 1,"Sort Key": ["supplier.s_name"],"Sort Method": "quicksort","Sort Space Used": 39,"Sort Space Type": "Memory","Plans": [{"Node Type": "Hash Join","Parent Relationship": "Outer","Parallel Aware": false,"Async Capable": false,"Join Type": "Semi","Startup Cost": 88199.59,"Total Cost": 88439.31,"Plan Rows": 108,"Plan Width": 51,"Actual Startup Time": 960.346,"Actual Total Time": 963.847,"Actual Rows": 153,"Actual Loops": 1,"Inner Unique": false,"Hash Cond": "(supplier.s_suppkey = partsupp.ps_suppkey)","Plans": [{"Node Type": "Nested Loop","Parent Relationship": "Outer","Parallel Aware": false,"Async Capable": false,"Join Type": "Inner","Startup Cost": 7.38,"Total Cost": 244.58,"Plan Rows": 400,"Plan Width": 55,"Actual Startup Time": 0.256,"Actual Total Time": 3.688,"Actual Rows": 362,"Actual Loops": 1,"Inner Unique": false,"Plans": [{"Node Type": "Seq Scan","Parent Relationship": "Outer","Parallel Aware": false,"Async Capable": false,"Relation Name": "nation","Alias": "nation","Startup Cost": 0.00,"Total Cost": 1.31,"Plan Rows": 1,"Plan Width": 4,"Actual Startup Time": 0.067,"Actual Total Time": 0.090,"Actual Rows": 1,"Actual Loops": 1,"Filter": "(n_name = 'JORDAN'::bpchar)","Rows Removed by Filter": 24},{"Node Type": "Bitmap Heap Scan","Parent Relationship": "Inner","Parallel Aware": false,"Async Capable": false,"Relation Name": "supplier","Alias": "supplier","Startup Cost": 7.38,"Total Cost": 239.27,"Plan Rows": 400,"Plan Width": 59,"Actual Startup Time": 0.184,"Actual Total Time": 3.542,"Actual Rows": 362,"Actual Loops": 1,"Recheck Cond": "(s_nationkey = nation.n_nationkey)","Rows Removed by Index Recheck": 0,"Exact Heap Blocks": 166,"Lossy Heap Blocks": 0,"Plans": [{"Node Type": "Bitmap Index Scan","Parent Relationship": "Outer","Parallel Aware": false,"Async Capable": false,"Index Name": "idx_supplier_nation_key","Startup Cost": 0.00,"Total Cost": 7.29,"Plan Rows": 400,"Plan Width": 0,"Actual Startup Time": 0.113,"Actual Total Time": 0.119,"Actual Rows": 362,"Actual Loops": 1,"Index Cond": "(s_nationkey = nation.n_nationkey)"}]}]},{"Node Type": "Hash","Parent Relationship": "Inner","Parallel Aware": false,"Async Capable": false,"Startup Cost": 88158.53,"Total Cost": 88158.53,"Plan Rows": 2694,"Plan Width": 4,"Actual Startup Time": 960.031,"Actual Total Time": 960.039,"Actual Rows": 5767,"Actual Loops": 1,"Hash Buckets": 8192,"Original Hash Buckets": 4096,"Hash Batches": 1,"Original Hash Batches": 1,"Peak Memory Usage": 267,"Plans": [{"Node Type": "Nested Loop","Parent Relationship": "Outer","Parallel Aware": false,"Async Capable": false,"Join Type": "Inner","Startup Cost": 0.42,"Total Cost": 88158.53,"Plan Rows": 2694,"Plan Width": 4,"Actual Startup Time": 1.319,"Actual Total Time": 955.817,"Actual Rows": 5767,"Actual Loops": 1,"Inner Unique": false,"Plans": [{"Node Type": "Seq Scan","Parent Relationship": "Outer","Parallel Aware": false,"Async Capable": false,"Relation Name": "part","Alias": "part","Startup Cost": 0.00,"Total Cost": 6597.00,"Plan Rows": 2020,"Plan Width": 4,"Actual Startup Time": 0.167,"Actual Total Time": 180.626,"Actual Rows": 2147,"Actual Loops": 1,"Filter": "((p_name)::text ~~ 'peru%'::text)","Rows Removed by Filter": 197853},{"Node Type": "Index Scan","Parent Relationship": "Inner","Parallel Aware": false,"Async Capable": false,"Scan Direction": "Forward","Index Name": "idx_partsupp_partkey","Relation Name": "partsupp","Alias": "partsupp","Startup Cost": 0.42,"Total Cost": 40.36,"Plan Rows": 1,"Plan Width": 8,"Actual Startup Time": 0.152,"Actual Total Time": 0.361,"Actual Rows": 3,"Actual Loops": 2147,"Index Cond": "(ps_partkey = part.p_partkey)","Rows Removed by Index Recheck": 0,"Filter": "((ps_availqty)::numeric > (SubPlan 1))","Rows Removed by Filter": 1,"Plans": [{"Node Type": "Aggregate","Strategy": "Plain","Partial Mode": "Simple","Parent Relationship": "SubPlan","Subplan Name": "SubPlan 1","Parallel Aware": false,"Async Capable": false,"Startup Cost": 8.46,"Total Cost": 8.47,"Plan Rows": 1,"Plan Width": 32,"Actual Startup Time": 0.082,"Actual Total Time": 0.082,"Actual Rows": 1,"Actual Loops": 8588,"Plans": [{"Node Type": "Index Scan","Parent Relationship": "Outer","Parallel Aware": false,"Async Capable": false,"Scan Direction": "Forward","Index Name": "idx_lineitem_part_supp","Relation Name": "lineitem","Alias": "lineitem","Startup Cost": 0.43,"Total Cost": 8.46,"Plan Rows": 0,"Plan Width": 5,"Actual Startup Time": 0.050,"Actual Total Time": 0.081,"Actual Rows": 1,"Actual Loops": 8588,"Index Cond": "((l_partkey = partsupp.ps_partkey) AND (l_suppkey = partsupp.ps_suppkey))","Rows Removed by Index Recheck": 0,"Filter": "((l_shipdate >= '1996-01-01'::date) AND (l_shipdate < '1997-01-01 00:00:00'::timestamp without time zone))","Rows Removed by Filter": 6}]}]}]}]}]}]},"Planning Time": 7.141,"Triggers": [],"Execution Time": 964.414}]
[{"Plan": {"Node Type": "Sort","Parallel Aware": false,"Async Capable": false,"Startup Cost": 88442.96,"Total Cost": 88443.23,"Plan Rows": 108,"Plan Width": 51,"Actual Startup Time": 968.099,"Actual Total Time": 968.141,"Actual Rows": 176,"Actual Loops": 1,"Sort Key": ["supplier.s_name"],"Sort Method": "quicksort","Sort Space Used": 41,"Sort Space Type": "Memory","Plans": [{"Node Type": "Hash Join","Parent Relationship": "Outer","Parallel Aware": false,"Async Capable": false,"Join Type": "Semi","Startup Cost": 88199.59,"Total Cost": 88439.31,"Plan Rows": 108,"Plan Width": 51,"Actual Startup Time": 963.596,"Actual Total Time": 967.690,"Actual Rows": 176,"Actual Loops": 1,"Inner Unique": false,"Hash Cond": "(supplier.s_suppkey = partsupp.ps_suppkey)","Plans": [{"Node Type": "Nested Loop","Parent Relationship": "Outer","Parallel Aware": false,"Async Capable": false,"Join Type": "Inner","Startup Cost": 7.38,"Total Cost": 244.58,"Plan Rows": 400,"Plan Width": 55,"Actual Startup Time": 0.236,"Actual Total Time": 4.231,"Actual Rows": 397,"Actual Loops": 1,"Inner Unique": false,"Plans": [{"Node Type": "Seq Scan","Parent Relationship": "Outer","Parallel Aware": false,"Async Capable": false,"Relation Name": "nation","Alias": "nation","Startup Cost": 0.00,"Total Cost": 1.31,"Plan Rows": 1,"Plan Width": 4,"Actual Startup Time": 0.063,"Actual Total Time": 0.087,"Actual Rows": 1,"Actual Loops": 1,"Filter": "(n_name = 'BRAZIL'::bpchar)","Rows Removed by Filter": 24},{"Node Type": "Bitmap Heap Scan","Parent Relationship": "Inner","Parallel Aware": false,"Async Capable": false,"Relation Name": "supplier","Alias": "supplier","Startup Cost": 7.38,"Total Cost": 239.27,"Plan Rows": 400,"Plan Width": 59,"Actual Startup Time": 0.164,"Actual Total Time": 4.050,"Actual Rows": 397,"Actual Loops": 1,"Recheck Cond": "(s_nationkey = nation.n_nationkey)","Rows Removed by Index Recheck": 0,"Exact Heap Blocks": 187,"Lossy Heap Blocks": 0,"Plans": [{"Node Type": "Bitmap Index Scan","Parent Relationship": "Outer","Parallel Aware": false,"Async Capable": false,"Index Name": "idx_supplier_nation_key","Startup Cost": 0.00,"Total Cost": 7.29,"Plan Rows": 400,"Plan Width": 0,"Actual Startup Time": 0.106,"Actual Total Time": 0.112,"Actual Rows": 397,"Actual Loops": 1,"Index Cond": "(s_nationkey = nation.n_nationkey)"}]}]},{"Node Type": "Hash","Parent Relationship": "Inner","Parallel Aware": false,"Async Capable": false,"Startup Cost": 88158.53,"Total Cost": 88158.53,"Plan Rows": 2694,"Plan Width": 4,"Actual Startup Time": 963.267,"Actual Total Time": 963.274,"Actual Rows": 5920,"Actual Loops": 1,"Hash Buckets": 8192,"Original Hash Buckets": 4096,"Hash Batches": 1,"Original Hash Batches": 1,"Peak Memory Usage": 273,"Plans": [{"Node Type": "Nested Loop","Parent Relationship": "Outer","Parallel Aware": false,"Async Capable": false,"Join Type": "Inner","Startup Cost": 0.42,"Total Cost": 88158.53,"Plan Rows": 2694,"Plan Width": 4,"Actual Startup Time": 0.872,"Actual Total Time": 959.181,"Actual Rows": 5920,"Actual Loops": 1,"Inner Unique": false,"Plans": [{"Node Type": "Seq Scan","Parent Relationship": "Outer","Parallel Aware": false,"Async Capable": false,"Relation Name": "part","Alias": "part","Startup Cost": 0.00,"Total Cost": 6597.00,"Plan Rows": 2020,"Plan Width": 4,"Actual Startup Time": 0.171,"Actual Total Time": 179.811,"Actual Rows": 2171,"Actual Loops": 1,"Filter": "((p_name)::text ~~ 'brown%'::text)","Rows Removed by Filter": 197829},{"Node Type": "Index Scan","Parent Relationship": "Inner","Parallel Aware": false,"Async Capable": false,"Scan Direction": "Forward","Index Name": "idx_partsupp_partkey","Relation Name": "partsupp","Alias": "partsupp","Startup Cost": 0.42,"Total Cost": 40.36,"Plan Rows": 1,"Plan Width": 8,"Actual Startup Time": 0.149,"Actual Total Time": 0.358,"Actual Rows": 3,"Actual Loops": 2171,"Index Cond": "(ps_partkey = part.p_partkey)","Rows Removed by Index Recheck": 0,"Filter": "((ps_availqty)::numeric > (SubPlan 1))","Rows Removed by Filter": 1,"Plans": [{"Node Type": "Aggregate","Strategy": "Plain","Partial Mode": "Simple","Parent Relationship": "SubPlan","Subplan Name": "SubPlan 1","Parallel Aware": false,"Async Capable": false,"Startup Cost": 8.46,"Total Cost": 8.47,"Plan Rows": 1,"Plan Width": 32,"Actual Startup Time": 0.082,"Actual Total Time": 0.082,"Actual Rows": 1,"Actual Loops": 8684,"Plans": [{"Node Type": "Index Scan","Parent Relationship": "Outer","Parallel Aware": false,"Async Capable": false,"Scan Direction": "Forward","Index Name": "idx_lineitem_part_supp","Relation Name": "lineitem","Alias": "lineitem","Startup Cost": 0.43,"Total Cost": 8.46,"Plan Rows": 0,"Plan Width": 5,"Actual Startup Time": 0.049,"Actual Total Time": 0.081,"Actual Rows": 1,"Actual Loops": 8684,"Index Cond": "((l_partkey = partsupp.ps_partkey) AND (l_suppkey = partsupp.ps_suppkey))","Rows Removed by Index Recheck": 0,"Filter": "((l_shipdate >= '1997-01-01'::date) AND (l_shipdate < '1998-01-01 00:00:00'::timestamp without time zone))","Rows Removed by Filter": 6}]}]}]}]}]}]},"Planning Time": 7.499,"Triggers": [],"Execution Time": 968.389}]
[{"Plan": {"Node Type": "Sort","Parallel Aware": false,"Async Capable": false,"Startup Cost": 88442.96,"Total Cost": 88443.23,"Plan Rows": 108,"Plan Width": 51,"Actual Startup Time": 896.608,"Actual Total Time": 896.648,"Actual Rows": 176,"Actual Loops": 1,"Sort Key": ["supplier.s_name"],"Sort Method": "quicksort","Sort Space Used": 41,"Sort Space Type": "Memory","Plans": [{"Node Type": "Hash Join","Parent Relationship": "Outer","Parallel Aware": false,"Async Capable": false,"Join Type": "Semi","Startup Cost": 88199.59,"Total Cost": 88439.31,"Plan Rows": 108,"Plan Width": 51,"Actual Startup Time": 892.222,"Actual Total Time": 896.288,"Actual Rows": 176,"Actual Loops": 1,"Inner Unique": false,"Hash Cond": "(supplier.s_suppkey = partsupp.ps_suppkey)","Plans": [{"Node Type": "Nested Loop","Parent Relationship": "Outer","Parallel Aware": false,"Async Capable": false,"Join Type": "Inner","Startup Cost": 7.38,"Total Cost": 244.58,"Plan Rows": 400,"Plan Width": 55,"Actual Startup Time": 0.297,"Actual Total Time": 4.271,"Actual Rows": 407,"Actual Loops": 1,"Inner Unique": false,"Plans": [{"Node Type": "Seq Scan","Parent Relationship": "Outer","Parallel Aware": false,"Async Capable": false,"Relation Name": "nation","Alias": "nation","Startup Cost": 0.00,"Total Cost": 1.31,"Plan Rows": 1,"Plan Width": 4,"Actual Startup Time": 0.072,"Actual Total Time": 0.093,"Actual Rows": 1,"Actual Loops": 1,"Filter": "(n_name = 'CHINA'::bpchar)","Rows Removed by Filter": 24},{"Node Type": "Bitmap Heap Scan","Parent Relationship": "Inner","Parallel Aware": false,"Async Capable": false,"Relation Name": "supplier","Alias": "supplier","Startup Cost": 7.38,"Total Cost": 239.27,"Plan Rows": 400,"Plan Width": 59,"Actual Startup Time": 0.220,"Actual Total Time": 4.103,"Actual Rows": 407,"Actual Loops": 1,"Recheck Cond": "(s_nationkey = nation.n_nationkey)","Rows Removed by Index Recheck": 0,"Exact Heap Blocks": 186,"Lossy Heap Blocks": 0,"Plans": [{"Node Type": "Bitmap Index Scan","Parent Relationship": "Outer","Parallel Aware": false,"Async Capable": false,"Index Name": "idx_supplier_nation_key","Startup Cost": 0.00,"Total Cost": 7.29,"Plan Rows": 400,"Plan Width": 0,"Actual Startup Time": 0.136,"Actual Total Time": 0.144,"Actual Rows": 407,"Actual Loops": 1,"Index Cond": "(s_nationkey = nation.n_nationkey)"}]}]},{"Node Type": "Hash","Parent Relationship": "Inner","Parallel Aware": false,"Async Capable": false,"Startup Cost": 88158.53,"Total Cost": 88158.53,"Plan Rows": 2694,"Plan Width": 4,"Actual Startup Time": 891.855,"Actual Total Time": 891.862,"Actual Rows": 5857,"Actual Loops": 1,"Hash Buckets": 8192,"Original Hash Buckets": 4096,"Hash Batches": 1,"Original Hash Batches": 1,"Peak Memory Usage": 270,"Plans": [{"Node Type": "Nested Loop","Parent Relationship": "Outer","Parallel Aware": false,"Async Capable": false,"Join Type": "Inner","Startup Cost": 0.42,"Total Cost": 88158.53,"Plan Rows": 2694,"Plan Width": 4,"Actual Startup Time": 0.537,"Actual Total Time": 887.512,"Actual Rows": 5857,"Actual Loops": 1,"Inner Unique": false,"Plans": [{"Node Type": "Seq Scan","Parent Relationship": "Outer","Parallel Aware": false,"Async Capable": false,"Relation Name": "part","Alias": "part","Startup Cost": 0.00,"Total Cost": 6597.00,"Plan Rows": 2020,"Plan Width": 4,"Actual Startup Time": 0.112,"Actual Total Time": 195.241,"Actual Rows": 2161,"Actual Loops": 1,"Filter": "((p_name)::text ~~ 'lime%'::text)","Rows Removed by Filter": 197839},{"Node Type": "Index Scan","Parent Relationship": "Inner","Parallel Aware": false,"Async Capable": false,"Scan Direction": "Forward","Index Name": "idx_partsupp_partkey","Relation Name": "partsupp","Alias": "partsupp","Startup Cost": 0.42,"Total Cost": 40.36,"Plan Rows": 1,"Plan Width": 8,"Actual Startup Time": 0.133,"Actual Total Time": 0.320,"Actual Rows": 3,"Actual Loops": 2161,"Index Cond": "(ps_partkey = part.p_partkey)","Rows Removed by Index Recheck": 0,"Filter": "((ps_availqty)::numeric > (SubPlan 1))","Rows Removed by Filter": 1,"Plans": [{"Node Type": "Aggregate","Strategy": "Plain","Partial Mode": "Simple","Parent Relationship": "SubPlan","Subplan Name": "SubPlan 1","Parallel Aware": false,"Async Capable": false,"Startup Cost": 8.46,"Total Cost": 8.47,"Plan Rows": 1,"Plan Width": 32,"Actual Startup Time": 0.072,"Actual Total Time": 0.072,"Actual Rows": 1,"Actual Loops": 8644,"Plans": [{"Node Type": "Index Scan","Parent Relationship": "Outer","Parallel Aware": false,"Async Capable": false,"Scan Direction": "Forward","Index Name": "idx_lineitem_part_supp","Relation Name": "lineitem","Alias": "lineitem","Startup Cost": 0.43,"Total Cost": 8.46,"Plan Rows": 0,"Plan Width": 5,"Actual Startup Time": 0.044,"Actual Total Time": 0.071,"Actual Rows": 1,"Actual Loops": 8644,"Index Cond": "((l_partkey = partsupp.ps_partkey) AND (l_suppkey = partsupp.ps_suppkey))","Rows Removed by Index Recheck": 0,"Filter": "((l_shipdate >= '1994-01-01'::date) AND (l_shipdate < '1995-01-01 00:00:00'::timestamp without time zone))","Rows Removed by Filter": 6}]}]}]}]}]}]},"Planning Time": 6.138,"Triggers": [],"Execution Time": 896.928}]
[{"Plan": {"Node Type": "Sort","Parallel Aware": false,"Async Capable": false,"Startup Cost": 88442.96,"Total Cost": 88443.23,"Plan Rows": 108,"Plan Width": 51,"Actual Startup Time": 976.455,"Actual Total Time": 976.493,"Actual Rows": 190,"Actual Loops": 1,"Sort Key": ["supplier.s_name"],"Sort Method": "quicksort","Sort Space Used": 42,"Sort Space Type": "Memory","Plans": [{"Node Type": "Hash Join","Parent Relationship": "Outer","Parallel Aware": false,"Async Capable": false,"Join Type": "Semi","Startup Cost": 88199.59,"Total Cost": 88439.31,"Plan Rows": 108,"Plan Width": 51,"Actual Startup Time": 971.778,"Actual Total Time": 976.140,"Actual Rows": 190,"Actual Loops": 1,"Inner Unique": false,"Hash Cond": "(supplier.s_suppkey = partsupp.ps_suppkey)","Plans": [{"Node Type": "Nested Loop","Parent Relationship": "Outer","Parallel Aware": false,"Async Capable": false,"Join Type": "Inner","Startup Cost": 7.38,"Total Cost": 244.58,"Plan Rows": 400,"Plan Width": 55,"Actual Startup Time": 0.250,"Actual Total Time": 4.488,"Actual Rows": 405,"Actual Loops": 1,"Inner Unique": false,"Plans": [{"Node Type": "Seq Scan","Parent Relationship": "Outer","Parallel Aware": false,"Async Capable": false,"Relation Name": "nation","Alias": "nation","Startup Cost": 0.00,"Total Cost": 1.31,"Plan Rows": 1,"Plan Width": 4,"Actual Startup Time": 0.058,"Actual Total Time": 0.087,"Actual Rows": 1,"Actual Loops": 1,"Filter": "(n_name = 'INDONESIA'::bpchar)","Rows Removed by Filter": 24},{"Node Type": "Bitmap Heap Scan","Parent Relationship": "Inner","Parallel Aware": false,"Async Capable": false,"Relation Name": "supplier","Alias": "supplier","Startup Cost": 7.38,"Total Cost": 239.27,"Plan Rows": 400,"Plan Width": 59,"Actual Startup Time": 0.181,"Actual Total Time": 4.329,"Actual Rows": 405,"Actual Loops": 1,"Recheck Cond": "(s_nationkey = nation.n_nationkey)","Rows Removed by Index Recheck": 0,"Exact Heap Blocks": 192,"Lossy Heap Blocks": 0,"Plans": [{"Node Type": "Bitmap Index Scan","Parent Relationship": "Outer","Parallel Aware": false,"Async Capable": false,"Index Name": "idx_supplier_nation_key","Startup Cost": 0.00,"Total Cost": 7.29,"Plan Rows": 400,"Plan Width": 0,"Actual Startup Time": 0.129,"Actual Total Time": 0.134,"Actual Rows": 405,"Actual Loops": 1,"Index Cond": "(s_nationkey = nation.n_nationkey)"}]}]},{"Node Type": "Hash","Parent Relationship": "Inner","Parallel Aware": false,"Async Capable": false,"Startup Cost": 88158.53,"Total Cost": 88158.53,"Plan Rows": 2694,"Plan Width": 4,"Actual Startup Time": 971.464,"Actual Total Time": 971.473,"Actual Rows": 5973,"Actual Loops": 1,"Hash Buckets": 8192,"Original Hash Buckets": 4096,"Hash Batches": 1,"Original Hash Batches": 1,"Peak Memory Usage": 274,"Plans": [{"Node Type": "Nested Loop","Parent Relationship": "Outer","Parallel Aware": false,"Async Capable": false,"Join Type": "Inner","Startup Cost": 0.42,"Total Cost": 88158.53,"Plan Rows": 2694,"Plan Width": 4,"Actual Startup Time": 0.915,"Actual Total Time": 967.040,"Actual Rows": 5973,"Actual Loops": 1,"Inner Unique": false,"Plans": [{"Node Type": "Seq Scan","Parent Relationship": "Outer","Parallel Aware": false,"Async Capable": false,"Relation Name": "part","Alias": "part","Startup Cost": 0.00,"Total Cost": 6597.00,"Plan Rows": 2020,"Plan Width": 4,"Actual Startup Time": 0.074,"Actual Total Time": 181.883,"Actual Rows": 2190,"Actual Loops": 1,"Filter": "((p_name)::text ~~ 'beige%'::text)","Rows Removed by Filter": 197810},{"Node Type": "Index Scan","Parent Relationship": "Inner","Parallel Aware": false,"Async Capable": false,"Scan Direction": "Forward","Index Name": "idx_partsupp_partkey","Relation Name": "partsupp","Alias": "partsupp","Startup Cost": 0.42,"Total Cost": 40.36,"Plan Rows": 1,"Plan Width": 8,"Actual Startup Time": 0.149,"Actual Total Time": 0.358,"Actual Rows": 3,"Actual Loops": 2190,"Index Cond": "(ps_partkey = part.p_partkey)","Rows Removed by Index Recheck": 0,"Filter": "((ps_availqty)::numeric > (SubPlan 1))","Rows Removed by Filter": 1,"Plans": [{"Node Type": "Aggregate","Strategy": "Plain","Partial Mode": "Simple","Parent Relationship": "SubPlan","Subplan Name": "SubPlan 1","Parallel Aware": false,"Async Capable": false,"Startup Cost": 8.46,"Total Cost": 8.47,"Plan Rows": 1,"Plan Width": 32,"Actual Startup Time": 0.081,"Actual Total Time": 0.081,"Actual Rows": 1,"Actual Loops": 8760,"Plans": [{"Node Type": "Index Scan","Parent Relationship": "Outer","Parallel Aware": false,"Async Capable": false,"Scan Direction": "Forward","Index Name": "idx_lineitem_part_supp","Relation Name": "lineitem","Alias": "lineitem","Startup Cost": 0.43,"Total Cost": 8.46,"Plan Rows": 0,"Plan Width": 5,"Actual Startup Time": 0.049,"Actual Total Time": 0.081,"Actual Rows": 1,"Actual Loops": 8760,"Index Cond": "((l_partkey = partsupp.ps_partkey) AND (l_suppkey = partsupp.ps_suppkey))","Rows Removed by Index Recheck": 0,"Filter": "((l_shipdate >= '1995-01-01'::date) AND (l_shipdate < '1996-01-01 00:00:00'::timestamp without time zone))","Rows Removed by Filter": 6}]}]}]}]}]}]},"Planning Time": 7.665,"Triggers": [],"Execution Time": 976.724}]
[{"Plan": {"Node Type": "Sort","Parallel Aware": false,"Async Capable": false,"Startup Cost": 88442.96,"Total Cost": 88443.23,"Plan Rows": 108,"Plan Width": 51,"Actual Startup Time": 875.551,"Actual Total Time": 875.586,"Actual Rows": 158,"Actual Loops": 1,"Sort Key": ["supplier.s_name"],"Sort Method": "quicksort","Sort Space Used": 39,"Sort Space Type": "Memory","Plans": [{"Node Type": "Hash Join","Parent Relationship": "Outer","Parallel Aware": false,"Async Capable": false,"Join Type": "Semi","Startup Cost": 88199.59,"Total Cost": 88439.31,"Plan Rows": 108,"Plan Width": 51,"Actual Startup Time": 871.694,"Actual Total Time": 875.278,"Actual Rows": 158,"Actual Loops": 1,"Inner Unique": false,"Hash Cond": "(supplier.s_suppkey = partsupp.ps_suppkey)","Plans": [{"Node Type": "Nested Loop","Parent Relationship": "Outer","Parallel Aware": false,"Async Capable": false,"Join Type": "Inner","Startup Cost": 7.38,"Total Cost": 244.58,"Plan Rows": 400,"Plan Width": 55,"Actual Startup Time": 0.251,"Actual Total Time": 3.795,"Actual Rows": 362,"Actual Loops": 1,"Inner Unique": false,"Plans": [{"Node Type": "Seq Scan","Parent Relationship": "Outer","Parallel Aware": false,"Async Capable": false,"Relation Name": "nation","Alias": "nation","Startup Cost": 0.00,"Total Cost": 1.31,"Plan Rows": 1,"Plan Width": 4,"Actual Startup Time": 0.066,"Actual Total Time": 0.093,"Actual Rows": 1,"Actual Loops": 1,"Filter": "(n_name = 'JORDAN'::bpchar)","Rows Removed by Filter": 24},{"Node Type": "Bitmap Heap Scan","Parent Relationship": "Inner","Parallel Aware": false,"Async Capable": false,"Relation Name": "supplier","Alias": "supplier","Startup Cost": 7.38,"Total Cost": 239.27,"Plan Rows": 400,"Plan Width": 59,"Actual Startup Time": 0.181,"Actual Total Time": 3.639,"Actual Rows": 362,"Actual Loops": 1,"Recheck Cond": "(s_nationkey = nation.n_nationkey)","Rows Removed by Index Recheck": 0,"Exact Heap Blocks": 166,"Lossy Heap Blocks": 0,"Plans": [{"Node Type": "Bitmap Index Scan","Parent Relationship": "Outer","Parallel Aware": false,"Async Capable": false,"Index Name": "idx_supplier_nation_key","Startup Cost": 0.00,"Total Cost": 7.29,"Plan Rows": 400,"Plan Width": 0,"Actual Startup Time": 0.123,"Actual Total Time": 0.129,"Actual Rows": 362,"Actual Loops": 1,"Index Cond": "(s_nationkey = nation.n_nationkey)"}]}]},{"Node Type": "Hash","Parent Relationship": "Inner","Parallel Aware": false,"Async Capable": false,"Startup Cost": 88158.53,"Total Cost": 88158.53,"Plan Rows": 2694,"Plan Width": 4,"Actual Startup Time": 871.352,"Actual Total Time": 871.362,"Actual Rows": 5654,"Actual Loops": 1,"Hash Buckets": 8192,"Original Hash Buckets": 4096,"Hash Batches": 1,"Original Hash Batches": 1,"Peak Memory Usage": 263,"Plans": [{"Node Type": "Nested Loop","Parent Relationship": "Outer","Parallel Aware": false,"Async Capable": false,"Join Type": "Inner","Startup Cost": 0.42,"Total Cost": 88158.53,"Plan Rows": 2694,"Plan Width": 4,"Actual Startup Time": 0.609,"Actual Total Time": 867.200,"Actual Rows": 5654,"Actual Loops": 1,"Inner Unique": false,"Plans": [{"Node Type": "Seq Scan","Parent Relationship": "Outer","Parallel Aware": false,"Async Capable": false,"Relation Name": "part","Alias": "part","Startup Cost": 0.00,"Total Cost": 6597.00,"Plan Rows": 2020,"Plan Width": 4,"Actual Startup Time": 0.072,"Actual Total Time": 195.935,"Actual Rows": 2071,"Actual Loops": 1,"Filter": "((p_name)::text ~~ 'honeydew%'::text)","Rows Removed by Filter": 197929},{"Node Type": "Index Scan","Parent Relationship": "Inner","Parallel Aware": false,"Async Capable": false,"Scan Direction": "Forward","Index Name": "idx_partsupp_partkey","Relation Name": "partsupp","Alias": "partsupp","Startup Cost": 0.42,"Total Cost": 40.36,"Plan Rows": 1,"Plan Width": 8,"Actual Startup Time": 0.136,"Actual Total Time": 0.324,"Actual Rows": 3,"Actual Loops": 2071,"Index Cond": "(ps_partkey = part.p_partkey)","Rows Removed by Index Recheck": 0,"Filter": "((ps_availqty)::numeric > (SubPlan 1))","Rows Removed by Filter": 1,"Plans": [{"Node Type": "Aggregate","Strategy": "Plain","Partial Mode": "Simple","Parent Relationship": "SubPlan","Subplan Name": "SubPlan 1","Parallel Aware": false,"Async Capable": false,"Startup Cost": 8.46,"Total Cost": 8.47,"Plan Rows": 1,"Plan Width": 32,"Actual Startup Time": 0.073,"Actual Total Time": 0.073,"Actual Rows": 1,"Actual Loops": 8284,"Plans": [{"Node Type": "Index Scan","Parent Relationship": "Outer","Parallel Aware": false,"Async Capable": false,"Scan Direction": "Forward","Index Name": "idx_lineitem_part_supp","Relation Name": "lineitem","Alias": "lineitem","Startup Cost": 0.43,"Total Cost": 8.46,"Plan Rows": 0,"Plan Width": 5,"Actual Startup Time": 0.044,"Actual Total Time": 0.072,"Actual Rows": 1,"Actual Loops": 8284,"Index Cond": "((l_partkey = partsupp.ps_partkey) AND (l_suppkey = partsupp.ps_suppkey))","Rows Removed by Index Recheck": 0,"Filter": "((l_shipdate >= '1994-01-01'::date) AND (l_shipdate < '1995-01-01 00:00:00'::timestamp without time zone))","Rows Removed by Filter": 6}]}]}]}]}]}]},"Planning Time": 6.576,"Triggers": [],"Execution Time": 875.833}]
[{"Plan": {"Node Type": "Sort","Parallel Aware": false,"Async Capable": false,"Startup Cost": 88442.96,"Total Cost": 88443.23,"Plan Rows": 108,"Plan Width": 51,"Actual Startup Time": 977.664,"Actual Total Time": 977.699,"Actual Rows": 190,"Actual Loops": 1,"Sort Key": ["supplier.s_name"],"Sort Method": "quicksort","Sort Space Used": 42,"Sort Space Type": "Memory","Plans": [{"Node Type": "Hash Join","Parent Relationship": "Outer","Parallel Aware": false,"Async Capable": false,"Join Type": "Semi","Startup Cost": 88199.59,"Total Cost": 88439.31,"Plan Rows": 108,"Plan Width": 51,"Actual Startup Time": 973.389,"Actual Total Time": 977.334,"Actual Rows": 190,"Actual Loops": 1,"Inner Unique": false,"Hash Cond": "(supplier.s_suppkey = partsupp.ps_suppkey)","Plans": [{"Node Type": "Nested Loop","Parent Relationship": "Outer","Parallel Aware": false,"Async Capable": false,"Join Type": "Inner","Startup Cost": 7.38,"Total Cost": 244.58,"Plan Rows": 400,"Plan Width": 55,"Actual Startup Time": 0.291,"Actual Total Time": 4.108,"Actual Rows": 401,"Actual Loops": 1,"Inner Unique": false,"Plans": [{"Node Type": "Seq Scan","Parent Relationship": "Outer","Parallel Aware": false,"Async Capable": false,"Relation Name": "nation","Alias": "nation","Startup Cost": 0.00,"Total Cost": 1.31,"Plan Rows": 1,"Plan Width": 4,"Actual Startup Time": 0.079,"Actual Total Time": 0.094,"Actual Rows": 1,"Actual Loops": 1,"Filter": "(n_name = 'RUSSIA'::bpchar)","Rows Removed by Filter": 24},{"Node Type": "Bitmap Heap Scan","Parent Relationship": "Inner","Parallel Aware": false,"Async Capable": false,"Relation Name": "supplier","Alias": "supplier","Startup Cost": 7.38,"Total Cost": 239.27,"Plan Rows": 400,"Plan Width": 59,"Actual Startup Time": 0.205,"Actual Total Time": 3.939,"Actual Rows": 401,"Actual Loops": 1,"Recheck Cond": "(s_nationkey = nation.n_nationkey)","Rows Removed by Index Recheck": 0,"Exact Heap Blocks": 180,"Lossy Heap Blocks": 0,"Plans": [{"Node Type": "Bitmap Index Scan","Parent Relationship": "Outer","Parallel Aware": false,"Async Capable": false,"Index Name": "idx_supplier_nation_key","Startup Cost": 0.00,"Total Cost": 7.29,"Plan Rows": 400,"Plan Width": 0,"Actual Startup Time": 0.137,"Actual Total Time": 0.142,"Actual Rows": 401,"Actual Loops": 1,"Index Cond": "(s_nationkey = nation.n_nationkey)"}]}]},{"Node Type": "Hash","Parent Relationship": "Inner","Parallel Aware": false,"Async Capable": false,"Startup Cost": 88158.53,"Total Cost": 88158.53,"Plan Rows": 2694,"Plan Width": 4,"Actual Startup Time": 973.031,"Actual Total Time": 973.040,"Actual Rows": 5876,"Actual Loops": 1,"Hash Buckets": 8192,"Original Hash Buckets": 4096,"Hash Batches": 1,"Original Hash Batches": 1,"Peak Memory Usage": 271,"Plans": [{"Node Type": "Nested Loop","Parent Relationship": "Outer","Parallel Aware": false,"Async Capable": false,"Join Type": "Inner","Startup Cost": 0.42,"Total Cost": 88158.53,"Plan Rows": 2694,"Plan Width": 4,"Actual Startup Time": 1.169,"Actual Total Time": 968.813,"Actual Rows": 5876,"Actual Loops": 1,"Inner Unique": false,"Plans": [{"Node Type": "Seq Scan","Parent Relationship": "Outer","Parallel Aware": false,"Async Capable": false,"Relation Name": "part","Alias": "part","Startup Cost": 0.00,"Total Cost": 6597.00,"Plan Rows": 2020,"Plan Width": 4,"Actual Startup Time": 0.228,"Actual Total Time": 182.688,"Actual Rows": 2176,"Actual Loops": 1,"Filter": "((p_name)::text ~~ 'yellow%'::text)","Rows Removed by Filter": 197824},{"Node Type": "Index Scan","Parent Relationship": "Inner","Parallel Aware": false,"Async Capable": false,"Scan Direction": "Forward","Index Name": "idx_partsupp_partkey","Relation Name": "partsupp","Alias": "partsupp","Startup Cost": 0.42,"Total Cost": 40.36,"Plan Rows": 1,"Plan Width": 8,"Actual Startup Time": 0.152,"Actual Total Time": 0.361,"Actual Rows": 3,"Actual Loops": 2176,"Index Cond": "(ps_partkey = part.p_partkey)","Rows Removed by Index Recheck": 0,"Filter": "((ps_availqty)::numeric > (SubPlan 1))","Rows Removed by Filter": 1,"Plans": [{"Node Type": "Aggregate","Strategy": "Plain","Partial Mode": "Simple","Parent Relationship": "SubPlan","Subplan Name": "SubPlan 1","Parallel Aware": false,"Async Capable": false,"Startup Cost": 8.46,"Total Cost": 8.47,"Plan Rows": 1,"Plan Width": 32,"Actual Startup Time": 0.082,"Actual Total Time": 0.082,"Actual Rows": 1,"Actual Loops": 8704,"Plans": [{"Node Type": "Index Scan","Parent Relationship": "Outer","Parallel Aware": false,"Async Capable": false,"Scan Direction": "Forward","Index Name": "idx_lineitem_part_supp","Relation Name": "lineitem","Alias": "lineitem","Startup Cost": 0.43,"Total Cost": 8.46,"Plan Rows": 0,"Plan Width": 5,"Actual Startup Time": 0.050,"Actual Total Time": 0.081,"Actual Rows": 1,"Actual Loops": 8704,"Index Cond": "((l_partkey = partsupp.ps_partkey) AND (l_suppkey = partsupp.ps_suppkey))","Rows Removed by Index Recheck": 0,"Filter": "((l_shipdate >= '1993-01-01'::date) AND (l_shipdate < '1994-01-01 00:00:00'::timestamp without time zone))","Rows Removed by Filter": 6}]}]}]}]}]}]},"Planning Time": 6.656,"Triggers": [],"Execution Time": 977.952}]
[{"Plan": {"Node Type": "Sort","Parallel Aware": false,"Async Capable": false,"Startup Cost": 88442.96,"Total Cost": 88443.23,"Plan Rows": 108,"Plan Width": 51,"Actual Startup Time": 898.903,"Actual Total Time": 898.937,"Actual Rows": 163,"Actual Loops": 1,"Sort Key": ["supplier.s_name"],"Sort Method": "quicksort","Sort Space Used": 40,"Sort Space Type": "Memory","Plans": [{"Node Type": "Hash Join","Parent Relationship": "Outer","Parallel Aware": false,"Async Capable": false,"Join Type": "Semi","Startup Cost": 88199.59,"Total Cost": 88439.31,"Plan Rows": 108,"Plan Width": 51,"Actual Startup Time": 894.591,"Actual Total Time": 898.492,"Actual Rows": 163,"Actual Loops": 1,"Inner Unique": false,"Hash Cond": "(supplier.s_suppkey = partsupp.ps_suppkey)","Plans": [{"Node Type": "Nested Loop","Parent Relationship": "Outer","Parallel Aware": false,"Async Capable": false,"Join Type": "Inner","Startup Cost": 7.38,"Total Cost": 244.58,"Plan Rows": 400,"Plan Width": 55,"Actual Startup Time": 0.267,"Actual Total Time": 4.128,"Actual Rows": 397,"Actual Loops": 1,"Inner Unique": false,"Plans": [{"Node Type": "Seq Scan","Parent Relationship": "Outer","Parallel Aware": false,"Async Capable": false,"Relation Name": "nation","Alias": "nation","Startup Cost": 0.00,"Total Cost": 1.31,"Plan Rows": 1,"Plan Width": 4,"Actual Startup Time": 0.069,"Actual Total Time": 0.104,"Actual Rows": 1,"Actual Loops": 1,"Filter": "(n_name = 'BRAZIL'::bpchar)","Rows Removed by Filter": 24},{"Node Type": "Bitmap Heap Scan","Parent Relationship": "Inner","Parallel Aware": false,"Async Capable": false,"Relation Name": "supplier","Alias": "supplier","Startup Cost": 7.38,"Total Cost": 239.27,"Plan Rows": 400,"Plan Width": 59,"Actual Startup Time": 0.194,"Actual Total Time": 3.949,"Actual Rows": 397,"Actual Loops": 1,"Recheck Cond": "(s_nationkey = nation.n_nationkey)","Rows Removed by Index Recheck": 0,"Exact Heap Blocks": 187,"Lossy Heap Blocks": 0,"Plans": [{"Node Type": "Bitmap Index Scan","Parent Relationship": "Outer","Parallel Aware": false,"Async Capable": false,"Index Name": "idx_supplier_nation_key","Startup Cost": 0.00,"Total Cost": 7.29,"Plan Rows": 400,"Plan Width": 0,"Actual Startup Time": 0.130,"Actual Total Time": 0.134,"Actual Rows": 397,"Actual Loops": 1,"Index Cond": "(s_nationkey = nation.n_nationkey)"}]}]},{"Node Type": "Hash","Parent Relationship": "Inner","Parallel Aware": false,"Async Capable": false,"Startup Cost": 88158.53,"Total Cost": 88158.53,"Plan Rows": 2694,"Plan Width": 4,"Actual Startup Time": 894.213,"Actual Total Time": 894.220,"Actual Rows": 5844,"Actual Loops": 1,"Hash Buckets": 8192,"Original Hash Buckets": 4096,"Hash Batches": 1,"Original Hash Batches": 1,"Peak Memory Usage": 270,"Plans": [{"Node Type": "Nested Loop","Parent Relationship": "Outer","Parallel Aware": false,"Async Capable": false,"Join Type": "Inner","Startup Cost": 0.42,"Total Cost": 88158.53,"Plan Rows": 2694,"Plan Width": 4,"Actual Startup Time": 0.766,"Actual Total Time": 889.432,"Actual Rows": 5844,"Actual Loops": 1,"Inner Unique": false,"Plans": [{"Node Type": "Seq Scan","Parent Relationship": "Outer","Parallel Aware": false,"Async Capable": false,"Relation Name": "part","Alias": "part","Startup Cost": 0.00,"Total Cost": 6597.00,"Plan Rows": 2020,"Plan Width": 4,"Actual Startup Time": 0.216,"Actual Total Time": 196.197,"Actual Rows": 2157,"Actual Loops": 1,"Filter": "((p_name)::text ~~ 'wheat%'::text)","Rows Removed by Filter": 197843},{"Node Type": "Index Scan","Parent Relationship": "Inner","Parallel Aware": false,"Async Capable": false,"Scan Direction": "Forward","Index Name": "idx_partsupp_partkey","Relation Name": "partsupp","Alias": "partsupp","Startup Cost": 0.42,"Total Cost": 40.36,"Plan Rows": 1,"Plan Width": 8,"Actual Startup Time": 0.136,"Actual Total Time": 0.321,"Actual Rows": 3,"Actual Loops": 2157,"Index Cond": "(ps_partkey = part.p_partkey)","Rows Removed by Index Recheck": 0,"Filter": "((ps_availqty)::numeric > (SubPlan 1))","Rows Removed by Filter": 1,"Plans": [{"Node Type": "Aggregate","Strategy": "Plain","Partial Mode": "Simple","Parent Relationship": "SubPlan","Subplan Name": "SubPlan 1","Parallel Aware": false,"Async Capable": false,"Startup Cost": 8.46,"Total Cost": 8.47,"Plan Rows": 1,"Plan Width": 32,"Actual Startup Time": 0.072,"Actual Total Time": 0.072,"Actual Rows": 1,"Actual Loops": 8628,"Plans": [{"Node Type": "Index Scan","Parent Relationship": "Outer","Parallel Aware": false,"Async Capable": false,"Scan Direction": "Forward","Index Name": "idx_lineitem_part_supp","Relation Name": "lineitem","Alias": "lineitem","Startup Cost": 0.43,"Total Cost": 8.46,"Plan Rows": 0,"Plan Width": 5,"Actual Startup Time": 0.044,"Actual Total Time": 0.071,"Actual Rows": 1,"Actual Loops": 8628,"Index Cond": "((l_partkey = partsupp.ps_partkey) AND (l_suppkey = partsupp.ps_suppkey))","Rows Removed by Index Recheck": 0,"Filter": "((l_shipdate >= '1995-01-01'::date) AND (l_shipdate < '1996-01-01 00:00:00'::timestamp without time zone))","Rows Removed by Filter": 6}]}]}]}]}]}]},"Planning Time": 6.272,"Triggers": [],"Execution Time": 899.169}]
[{"Plan": {"Node Type": "Sort","Parallel Aware": false,"Async Capable": false,"Startup Cost": 88442.96,"Total Cost": 88443.23,"Plan Rows": 108,"Plan Width": 51,"Actual Startup Time": 976.530,"Actual Total Time": 976.558,"Actual Rows": 179,"Actual Loops": 1,"Sort Key": ["supplier.s_name"],"Sort Method": "quicksort","Sort Space Used": 41,"Sort Space Type": "Memory","Plans": [{"Node Type": "Hash Join","Parent Relationship": "Outer","Parallel Aware": false,"Async Capable": false,"Join Type": "Semi","Startup Cost": 88199.59,"Total Cost": 88439.31,"Plan Rows": 108,"Plan Width": 51,"Actual Startup Time": 972.012,"Actual Total Time": 976.057,"Actual Rows": 179,"Actual Loops": 1,"Inner Unique": false,"Hash Cond": "(supplier.s_suppkey = partsupp.ps_suppkey)","Plans": [{"Node Type": "Nested Loop","Parent Relationship": "Outer","Parallel Aware": false,"Async Capable": false,"Join Type": "Inner","Startup Cost": 7.38,"Total Cost": 244.58,"Plan Rows": 400,"Plan Width": 55,"Actual Startup Time": 0.230,"Actual Total Time": 4.200,"Actual Rows": 415,"Actual Loops": 1,"Inner Unique": false,"Plans": [{"Node Type": "Seq Scan","Parent Relationship": "Outer","Parallel Aware": false,"Async Capable": false,"Relation Name": "nation","Alias": "nation","Startup Cost": 0.00,"Total Cost": 1.31,"Plan Rows": 1,"Plan Width": 4,"Actual Startup Time": 0.067,"Actual Total Time": 0.087,"Actual Rows": 1,"Actual Loops": 1,"Filter": "(n_name = 'EGYPT'::bpchar)","Rows Removed by Filter": 24},{"Node Type": "Bitmap Heap Scan","Parent Relationship": "Inner","Parallel Aware": false,"Async Capable": false,"Relation Name": "supplier","Alias": "supplier","Startup Cost": 7.38,"Total Cost": 239.27,"Plan Rows": 400,"Plan Width": 59,"Actual Startup Time": 0.155,"Actual Total Time": 4.032,"Actual Rows": 415,"Actual Loops": 1,"Recheck Cond": "(s_nationkey = nation.n_nationkey)","Rows Removed by Index Recheck": 0,"Exact Heap Blocks": 183,"Lossy Heap Blocks": 0,"Plans": [{"Node Type": "Bitmap Index Scan","Parent Relationship": "Outer","Parallel Aware": false,"Async Capable": false,"Index Name": "idx_supplier_nation_key","Startup Cost": 0.00,"Total Cost": 7.29,"Plan Rows": 400,"Plan Width": 0,"Actual Startup Time": 0.086,"Actual Total Time": 0.088,"Actual Rows": 415,"Actual Loops": 1,"Index Cond": "(s_nationkey = nation.n_nationkey)"}]}]},{"Node Type": "Hash","Parent Relationship": "Inner","Parallel Aware": false,"Async Capable": false,"Startup Cost": 88158.53,"Total Cost": 88158.53,"Plan Rows": 2694,"Plan Width": 4,"Actual Startup Time": 971.672,"Actual Total Time": 971.681,"Actual Rows": 5879,"Actual Loops": 1,"Hash Buckets": 8192,"Original Hash Buckets": 4096,"Hash Batches": 1,"Original Hash Batches": 1,"Peak Memory Usage": 271,"Plans": [{"Node Type": "Nested Loop","Parent Relationship": "Outer","Parallel Aware": false,"Async Capable": false,"Join Type": "Inner","Startup Cost": 0.42,"Total Cost": 88158.53,"Plan Rows": 2694,"Plan Width": 4,"Actual Startup Time": 0.409,"Actual Total Time": 967.515,"Actual Rows": 5879,"Actual Loops": 1,"Inner Unique": false,"Plans": [{"Node Type": "Seq Scan","Parent Relationship": "Outer","Parallel Aware": false,"Async Capable": false,"Relation Name": "part","Alias": "part","Startup Cost": 0.00,"Total Cost": 6597.00,"Plan Rows": 2020,"Plan Width": 4,"Actual Startup Time": 0.065,"Actual Total Time": 181.930,"Actual Rows": 2168,"Actual Loops": 1,"Filter": "((p_name)::text ~~ 'indian%'::text)","Rows Removed by Filter": 197832},{"Node Type": "Index Scan","Parent Relationship": "Inner","Parallel Aware": false,"Async Capable": false,"Scan Direction": "Forward","Index Name": "idx_partsupp_partkey","Relation Name": "partsupp","Alias": "partsupp","Startup Cost": 0.42,"Total Cost": 40.36,"Plan Rows": 1,"Plan Width": 8,"Actual Startup Time": 0.151,"Actual Total Time": 0.362,"Actual Rows": 3,"Actual Loops": 2168,"Index Cond": "(ps_partkey = part.p_partkey)","Rows Removed by Index Recheck": 0,"Filter": "((ps_availqty)::numeric > (SubPlan 1))","Rows Removed by Filter": 1,"Plans": [{"Node Type": "Aggregate","Strategy": "Plain","Partial Mode": "Simple","Parent Relationship": "SubPlan","Subplan Name": "SubPlan 1","Parallel Aware": false,"Async Capable": false,"Startup Cost": 8.46,"Total Cost": 8.47,"Plan Rows": 1,"Plan Width": 32,"Actual Startup Time": 0.082,"Actual Total Time": 0.082,"Actual Rows": 1,"Actual Loops": 8672,"Plans": [{"Node Type": "Index Scan","Parent Relationship": "Outer","Parallel Aware": false,"Async Capable": false,"Scan Direction": "Forward","Index Name": "idx_lineitem_part_supp","Relation Name": "lineitem","Alias": "lineitem","Startup Cost": 0.43,"Total Cost": 8.46,"Plan Rows": 0,"Plan Width": 5,"Actual Startup Time": 0.050,"Actual Total Time": 0.082,"Actual Rows": 1,"Actual Loops": 8672,"Index Cond": "((l_partkey = partsupp.ps_partkey) AND (l_suppkey = partsupp.ps_suppkey))","Rows Removed by Index Recheck": 0,"Filter": "((l_shipdate >= '1995-01-01'::date) AND (l_shipdate < '1996-01-01 00:00:00'::timestamp without time zone))","Rows Removed by Filter": 6}]}]}]}]}]}]},"Planning Time": 7.116,"Triggers": [],"Execution Time": 976.801}]
[{"Plan": {"Node Type": "Sort","Parallel Aware": false,"Async Capable": false,"Startup Cost": 88442.96,"Total Cost": 88443.23,"Plan Rows": 108,"Plan Width": 51,"Actual Startup Time": 961.198,"Actual Total Time": 961.234,"Actual Rows": 160,"Actual Loops": 1,"Sort Key": ["supplier.s_name"],"Sort Method": "quicksort","Sort Space Used": 39,"Sort Space Type": "Memory","Plans": [{"Node Type": "Hash Join","Parent Relationship": "Outer","Parallel Aware": false,"Async Capable": false,"Join Type": "Semi","Startup Cost": 88199.59,"Total Cost": 88439.31,"Plan Rows": 108,"Plan Width": 51,"Actual Startup Time": 956.911,"Actual Total Time": 960.756,"Actual Rows": 160,"Actual Loops": 1,"Inner Unique": false,"Hash Cond": "(supplier.s_suppkey = partsupp.ps_suppkey)","Plans": [{"Node Type": "Nested Loop","Parent Relationship": "Outer","Parallel Aware": false,"Async Capable": false,"Join Type": "Inner","Startup Cost": 7.38,"Total Cost": 244.58,"Plan Rows": 400,"Plan Width": 55,"Actual Startup Time": 0.245,"Actual Total Time": 4.041,"Actual Rows": 380,"Actual Loops": 1,"Inner Unique": false,"Plans": [{"Node Type": "Seq Scan","Parent Relationship": "Outer","Parallel Aware": false,"Async Capable": false,"Relation Name": "nation","Alias": "nation","Startup Cost": 0.00,"Total Cost": 1.31,"Plan Rows": 1,"Plan Width": 4,"Actual Startup Time": 0.065,"Actual Total Time": 0.088,"Actual Rows": 1,"Actual Loops": 1,"Filter": "(n_name = 'ETHIOPIA'::bpchar)","Rows Removed by Filter": 24},{"Node Type": "Bitmap Heap Scan","Parent Relationship": "Inner","Parallel Aware": false,"Async Capable": false,"Relation Name": "supplier","Alias": "supplier","Startup Cost": 7.38,"Total Cost": 239.27,"Plan Rows": 400,"Plan Width": 59,"Actual Startup Time": 0.174,"Actual Total Time": 3.890,"Actual Rows": 380,"Actual Loops": 1,"Recheck Cond": "(s_nationkey = nation.n_nationkey)","Rows Removed by Index Recheck": 0,"Exact Heap Blocks": 192,"Lossy Heap Blocks": 0,"Plans": [{"Node Type": "Bitmap Index Scan","Parent Relationship": "Outer","Parallel Aware": false,"Async Capable": false,"Index Name": "idx_supplier_nation_key","Startup Cost": 0.00,"Total Cost": 7.29,"Plan Rows": 400,"Plan Width": 0,"Actual Startup Time": 0.127,"Actual Total Time": 0.129,"Actual Rows": 380,"Actual Loops": 1,"Index Cond": "(s_nationkey = nation.n_nationkey)"}]}]},{"Node Type": "Hash","Parent Relationship": "Inner","Parallel Aware": false,"Async Capable": false,"Startup Cost": 88158.53,"Total Cost": 88158.53,"Plan Rows": 2694,"Plan Width": 4,"Actual Startup Time": 956.566,"Actual Total Time": 956.580,"Actual Rows": 5868,"Actual Loops": 1,"Hash Buckets": 8192,"Original Hash Buckets": 4096,"Hash Batches": 1,"Original Hash Batches": 1,"Peak Memory Usage": 271,"Plans": [{"Node Type": "Nested Loop","Parent Relationship": "Outer","Parallel Aware": false,"Async Capable": false,"Join Type": "Inner","Startup Cost": 0.42,"Total Cost": 88158.53,"Plan Rows": 2694,"Plan Width": 4,"Actual Startup Time": 0.641,"Actual Total Time": 952.340,"Actual Rows": 5868,"Actual Loops": 1,"Inner Unique": false,"Plans": [{"Node Type": "Seq Scan","Parent Relationship": "Outer","Parallel Aware": false,"Async Capable": false,"Relation Name": "part","Alias": "part","Startup Cost": 0.00,"Total Cost": 6597.00,"Plan Rows": 2020,"Plan Width": 4,"Actual Startup Time": 0.068,"Actual Total Time": 176.687,"Actual Rows": 2153,"Actual Loops": 1,"Filter": "((p_name)::text ~~ 'ghost%'::text)","Rows Removed by Filter": 197847},{"Node Type": "Index Scan","Parent Relationship": "Inner","Parallel Aware": false,"Async Capable": false,"Scan Direction": "Forward","Index Name": "idx_partsupp_partkey","Relation Name": "partsupp","Alias": "partsupp","Startup Cost": 0.42,"Total Cost": 40.36,"Plan Rows": 1,"Plan Width": 8,"Actual Startup Time": 0.150,"Actual Total Time": 0.360,"Actual Rows": 3,"Actual Loops": 2153,"Index Cond": "(ps_partkey = part.p_partkey)","Rows Removed by Index Recheck": 0,"Filter": "((ps_availqty)::numeric > (SubPlan 1))","Rows Removed by Filter": 1,"Plans": [{"Node Type": "Aggregate","Strategy": "Plain","Partial Mode": "Simple","Parent Relationship": "SubPlan","Subplan Name": "SubPlan 1","Parallel Aware": false,"Async Capable": false,"Startup Cost": 8.46,"Total Cost": 8.47,"Plan Rows": 1,"Plan Width": 32,"Actual Startup Time": 0.082,"Actual Total Time": 0.082,"Actual Rows": 1,"Actual Loops": 8612,"Plans": [{"Node Type": "Index Scan","Parent Relationship": "Outer","Parallel Aware": false,"Async Capable": false,"Scan Direction": "Forward","Index Name": "idx_lineitem_part_supp","Relation Name": "lineitem","Alias": "lineitem","Startup Cost": 0.43,"Total Cost": 8.46,"Plan Rows": 0,"Plan Width": 5,"Actual Startup Time": 0.049,"Actual Total Time": 0.081,"Actual Rows": 1,"Actual Loops": 8612,"Index Cond": "((l_partkey = partsupp.ps_partkey) AND (l_suppkey = partsupp.ps_suppkey))","Rows Removed by Index Recheck": 0,"Filter": "((l_shipdate >= '1995-01-01'::date) AND (l_shipdate < '1996-01-01 00:00:00'::timestamp without time zone))","Rows Removed by Filter": 6}]}]}]}]}]}]},"Planning Time": 7.580,"Triggers": [],"Execution Time": 961.503}]
[{"Plan": {"Node Type": "Sort","Parallel Aware": false,"Async Capable": false,"Startup Cost": 88442.96,"Total Cost": 88443.23,"Plan Rows": 108,"Plan Width": 51,"Actual Startup Time": 881.320,"Actual Total Time": 881.353,"Actual Rows": 167,"Actual Loops": 1,"Sort Key": ["supplier.s_name"],"Sort Method": "quicksort","Sort Space Used": 40,"Sort Space Type": "Memory","Plans": [{"Node Type": "Hash Join","Parent Relationship": "Outer","Parallel Aware": false,"Async Capable": false,"Join Type": "Semi","Startup Cost": 88199.59,"Total Cost": 88439.31,"Plan Rows": 108,"Plan Width": 51,"Actual Startup Time": 876.958,"Actual Total Time": 881.001,"Actual Rows": 167,"Actual Loops": 1,"Inner Unique": false,"Hash Cond": "(supplier.s_suppkey = partsupp.ps_suppkey)","Plans": [{"Node Type": "Nested Loop","Parent Relationship": "Outer","Parallel Aware": false,"Async Capable": false,"Join Type": "Inner","Startup Cost": 7.38,"Total Cost": 244.58,"Plan Rows": 400,"Plan Width": 55,"Actual Startup Time": 0.231,"Actual Total Time": 4.179,"Actual Rows": 373,"Actual Loops": 1,"Inner Unique": false,"Plans": [{"Node Type": "Seq Scan","Parent Relationship": "Outer","Parallel Aware": false,"Async Capable": false,"Relation Name": "nation","Alias": "nation","Startup Cost": 0.00,"Total Cost": 1.31,"Plan Rows": 1,"Plan Width": 4,"Actual Startup Time": 0.061,"Actual Total Time": 0.080,"Actual Rows": 1,"Actual Loops": 1,"Filter": "(n_name = 'MOROCCO'::bpchar)","Rows Removed by Filter": 24},{"Node Type": "Bitmap Heap Scan","Parent Relationship": "Inner","Parallel Aware": false,"Async Capable": false,"Relation Name": "supplier","Alias": "supplier","Startup Cost": 7.38,"Total Cost": 239.27,"Plan Rows": 400,"Plan Width": 59,"Actual Startup Time": 0.163,"Actual Total Time": 4.041,"Actual Rows": 373,"Actual Loops": 1,"Recheck Cond": "(s_nationkey = nation.n_nationkey)","Rows Removed by Index Recheck": 0,"Exact Heap Blocks": 180,"Lossy Heap Blocks": 0,"Plans": [{"Node Type": "Bitmap Index Scan","Parent Relationship": "Outer","Parallel Aware": false,"Async Capable": false,"Index Name": "idx_supplier_nation_key","Startup Cost": 0.00,"Total Cost": 7.29,"Plan Rows": 400,"Plan Width": 0,"Actual Startup Time": 0.109,"Actual Total Time": 0.115,"Actual Rows": 373,"Actual Loops": 1,"Index Cond": "(s_nationkey = nation.n_nationkey)"}]}]},{"Node Type": "Hash","Parent Relationship": "Inner","Parallel Aware": false,"Async Capable": false,"Startup Cost": 88158.53,"Total Cost": 88158.53,"Plan Rows": 2694,"Plan Width": 4,"Actual Startup Time": 876.646,"Actual Total Time": 876.654,"Actual Rows": 5697,"Actual Loops": 1,"Hash Buckets": 8192,"Original Hash Buckets": 4096,"Hash Batches": 1,"Original Hash Batches": 1,"Peak Memory Usage": 265,"Plans": [{"Node Type": "Nested Loop","Parent Relationship": "Outer","Parallel Aware": false,"Async Capable": false,"Join Type": "Inner","Startup Cost": 0.42,"Total Cost": 88158.53,"Plan Rows": 2694,"Plan Width": 4,"Actual Startup Time": 0.598,"Actual Total Time": 872.388,"Actual Rows": 5697,"Actual Loops": 1,"Inner Unique": false,"Plans": [{"Node Type": "Seq Scan","Parent Relationship": "Outer","Parallel Aware": false,"Async Capable": false,"Relation Name": "part","Alias": "part","Startup Cost": 0.00,"Total Cost": 6597.00,"Plan Rows": 2020,"Plan Width": 4,"Actual Startup Time": 0.096,"Actual Total Time": 195.257,"Actual Rows": 2071,"Actual Loops": 1,"Filter": "((p_name)::text ~~ 'honeydew%'::text)","Rows Removed by Filter": 197929},{"Node Type": "Index Scan","Parent Relationship": "Inner","Parallel Aware": false,"Async Capable": false,"Scan Direction": "Forward","Index Name": "idx_partsupp_partkey","Relation Name": "partsupp","Alias": "partsupp","Startup Cost": 0.42,"Total Cost": 40.36,"Plan Rows": 1,"Plan Width": 8,"Actual Startup Time": 0.138,"Actual Total Time": 0.326,"Actual Rows": 3,"Actual Loops": 2071,"Index Cond": "(ps_partkey = part.p_partkey)","Rows Removed by Index Recheck": 0,"Filter": "((ps_availqty)::numeric > (SubPlan 1))","Rows Removed by Filter": 1,"Plans": [{"Node Type": "Aggregate","Strategy": "Plain","Partial Mode": "Simple","Parent Relationship": "SubPlan","Subplan Name": "SubPlan 1","Parallel Aware": false,"Async Capable": false,"Startup Cost": 8.46,"Total Cost": 8.47,"Plan Rows": 1,"Plan Width": 32,"Actual Startup Time": 0.073,"Actual Total Time": 0.073,"Actual Rows": 1,"Actual Loops": 8284,"Plans": [{"Node Type": "Index Scan","Parent Relationship": "Outer","Parallel Aware": false,"Async Capable": false,"Scan Direction": "Forward","Index Name": "idx_lineitem_part_supp","Relation Name": "lineitem","Alias": "lineitem","Startup Cost": 0.43,"Total Cost": 8.46,"Plan Rows": 0,"Plan Width": 5,"Actual Startup Time": 0.045,"Actual Total Time": 0.072,"Actual Rows": 1,"Actual Loops": 8284,"Index Cond": "((l_partkey = partsupp.ps_partkey) AND (l_suppkey = partsupp.ps_suppkey))","Rows Removed by Index Recheck": 0,"Filter": "((l_shipdate >= '1993-01-01'::date) AND (l_shipdate < '1994-01-01 00:00:00'::timestamp without time zone))","Rows Removed by Filter": 6}]}]}]}]}]}]},"Planning Time": 7.590,"Triggers": [],"Execution Time": 881.603}]
[{"Plan": {"Node Type": "Sort","Parallel Aware": false,"Async Capable": false,"Startup Cost": 88442.96,"Total Cost": 88443.23,"Plan Rows": 108,"Plan Width": 51,"Actual Startup Time": 909.559,"Actual Total Time": 909.605,"Actual Rows": 187,"Actual Loops": 1,"Sort Key": ["supplier.s_name"],"Sort Method": "quicksort","Sort Space Used": 42,"Sort Space Type": "Memory","Plans": [{"Node Type": "Hash Join","Parent Relationship": "Outer","Parallel Aware": false,"Async Capable": false,"Join Type": "Semi","Startup Cost": 88199.59,"Total Cost": 88439.31,"Plan Rows": 108,"Plan Width": 51,"Actual Startup Time": 905.277,"Actual Total Time": 909.254,"Actual Rows": 187,"Actual Loops": 1,"Inner Unique": false,"Hash Cond": "(supplier.s_suppkey = partsupp.ps_suppkey)","Plans": [{"Node Type": "Nested Loop","Parent Relationship": "Outer","Parallel Aware": false,"Async Capable": false,"Join Type": "Inner","Startup Cost": 7.38,"Total Cost": 244.58,"Plan Rows": 400,"Plan Width": 55,"Actual Startup Time": 0.235,"Actual Total Time": 4.129,"Actual Rows": 393,"Actual Loops": 1,"Inner Unique": false,"Plans": [{"Node Type": "Seq Scan","Parent Relationship": "Outer","Parallel Aware": false,"Async Capable": false,"Relation Name": "nation","Alias": "nation","Startup Cost": 0.00,"Total Cost": 1.31,"Plan Rows": 1,"Plan Width": 4,"Actual Startup Time": 0.060,"Actual Total Time": 0.076,"Actual Rows": 1,"Actual Loops": 1,"Filter": "(n_name = 'IRAN'::bpchar)","Rows Removed by Filter": 24},{"Node Type": "Bitmap Heap Scan","Parent Relationship": "Inner","Parallel Aware": false,"Async Capable": false,"Relation Name": "supplier","Alias": "supplier","Startup Cost": 7.38,"Total Cost": 239.27,"Plan Rows": 400,"Plan Width": 59,"Actual Startup Time": 0.171,"Actual Total Time": 3.987,"Actual Rows": 393,"Actual Loops": 1,"Recheck Cond": "(s_nationkey = nation.n_nationkey)","Rows Removed by Index Recheck": 0,"Exact Heap Blocks": 179,"Lossy Heap Blocks": 0,"Plans": [{"Node Type": "Bitmap Index Scan","Parent Relationship": "Outer","Parallel Aware": false,"Async Capable": false,"Index Name": "idx_supplier_nation_key","Startup Cost": 0.00,"Total Cost": 7.29,"Plan Rows": 400,"Plan Width": 0,"Actual Startup Time": 0.121,"Actual Total Time": 0.123,"Actual Rows": 393,"Actual Loops": 1,"Index Cond": "(s_nationkey = nation.n_nationkey)"}]}]},{"Node Type": "Hash","Parent Relationship": "Inner","Parallel Aware": false,"Async Capable": false,"Startup Cost": 88158.53,"Total Cost": 88158.53,"Plan Rows": 2694,"Plan Width": 4,"Actual Startup Time": 904.989,"Actual Total Time": 905.003,"Actual Rows": 5891,"Actual Loops": 1,"Hash Buckets": 8192,"Original Hash Buckets": 4096,"Hash Batches": 1,"Original Hash Batches": 1,"Peak Memory Usage": 272,"Plans": [{"Node Type": "Nested Loop","Parent Relationship": "Outer","Parallel Aware": false,"Async Capable": false,"Join Type": "Inner","Startup Cost": 0.42,"Total Cost": 88158.53,"Plan Rows": 2694,"Plan Width": 4,"Actual Startup Time": 0.545,"Actual Total Time": 900.484,"Actual Rows": 5891,"Actual Loops": 1,"Inner Unique": false,"Plans": [{"Node Type": "Seq Scan","Parent Relationship": "Outer","Parallel Aware": false,"Async Capable": false,"Relation Name": "part","Alias": "part","Startup Cost": 0.00,"Total Cost": 6597.00,"Plan Rows": 2020,"Plan Width": 4,"Actual Startup Time": 0.040,"Actual Total Time": 202.993,"Actual Rows": 2150,"Actual Loops": 1,"Filter": "((p_name)::text ~~ 'goldenrod%'::text)","Rows Removed by Filter": 197850},{"Node Type": "Index Scan","Parent Relationship": "Inner","Parallel Aware": false,"Async Capable": false,"Scan Direction": "Forward","Index Name": "idx_partsupp_partkey","Relation Name": "partsupp","Alias": "partsupp","Startup Cost": 0.42,"Total Cost": 40.36,"Plan Rows": 1,"Plan Width": 8,"Actual Startup Time": 0.133,"Actual Total Time": 0.324,"Actual Rows": 3,"Actual Loops": 2150,"Index Cond": "(ps_partkey = part.p_partkey)","Rows Removed by Index Recheck": 0,"Filter": "((ps_availqty)::numeric > (SubPlan 1))","Rows Removed by Filter": 1,"Plans": [{"Node Type": "Aggregate","Strategy": "Plain","Partial Mode": "Simple","Parent Relationship": "SubPlan","Subplan Name": "SubPlan 1","Parallel Aware": false,"Async Capable": false,"Startup Cost": 8.46,"Total Cost": 8.47,"Plan Rows": 1,"Plan Width": 32,"Actual Startup Time": 0.073,"Actual Total Time": 0.073,"Actual Rows": 1,"Actual Loops": 8600,"Plans": [{"Node Type": "Index Scan","Parent Relationship": "Outer","Parallel Aware": false,"Async Capable": false,"Scan Direction": "Forward","Index Name": "idx_lineitem_part_supp","Relation Name": "lineitem","Alias": "lineitem","Startup Cost": 0.43,"Total Cost": 8.46,"Plan Rows": 0,"Plan Width": 5,"Actual Startup Time": 0.044,"Actual Total Time": 0.072,"Actual Rows": 1,"Actual Loops": 8600,"Index Cond": "((l_partkey = partsupp.ps_partkey) AND (l_suppkey = partsupp.ps_suppkey))","Rows Removed by Index Recheck": 0,"Filter": "((l_shipdate >= '1997-01-01'::date) AND (l_shipdate < '1998-01-01 00:00:00'::timestamp without time zone))","Rows Removed by Filter": 6}]}]}]}]}]}]},"Planning Time": 6.358,"Triggers": [],"Execution Time": 909.857}]
[{"Plan": {"Node Type": "Sort","Parallel Aware": false,"Async Capable": false,"Startup Cost": 88442.96,"Total Cost": 88443.23,"Plan Rows": 108,"Plan Width": 51,"Actual Startup Time": 960.673,"Actual Total Time": 960.710,"Actual Rows": 208,"Actual Loops": 1,"Sort Key": ["supplier.s_name"],"Sort Method": "quicksort","Sort Space Used": 44,"Sort Space Type": "Memory","Plans": [{"Node Type": "Hash Join","Parent Relationship": "Outer","Parallel Aware": false,"Async Capable": false,"Join Type": "Semi","Startup Cost": 88199.59,"Total Cost": 88439.31,"Plan Rows": 108,"Plan Width": 51,"Actual Startup Time": 956.095,"Actual Total Time": 960.307,"Actual Rows": 208,"Actual Loops": 1,"Inner Unique": false,"Hash Cond": "(supplier.s_suppkey = partsupp.ps_suppkey)","Plans": [{"Node Type": "Nested Loop","Parent Relationship": "Outer","Parallel Aware": false,"Async Capable": false,"Join Type": "Inner","Startup Cost": 7.38,"Total Cost": 244.58,"Plan Rows": 400,"Plan Width": 55,"Actual Startup Time": 0.296,"Actual Total Time": 4.426,"Actual Rows": 438,"Actual Loops": 1,"Inner Unique": false,"Plans": [{"Node Type": "Seq Scan","Parent Relationship": "Outer","Parallel Aware": false,"Async Capable": false,"Relation Name": "nation","Alias": "nation","Startup Cost": 0.00,"Total Cost": 1.31,"Plan Rows": 1,"Plan Width": 4,"Actual Startup Time": 0.060,"Actual Total Time": 0.090,"Actual Rows": 1,"Actual Loops": 1,"Filter": "(n_name = 'IRAQ'::bpchar)","Rows Removed by Filter": 24},{"Node Type": "Bitmap Heap Scan","Parent Relationship": "Inner","Parallel Aware": false,"Async Capable": false,"Relation Name": "supplier","Alias": "supplier","Startup Cost": 7.38,"Total Cost": 239.27,"Plan Rows": 400,"Plan Width": 59,"Actual Startup Time": 0.227,"Actual Total Time": 4.267,"Actual Rows": 438,"Actual Loops": 1,"Recheck Cond": "(s_nationkey = nation.n_nationkey)","Rows Removed by Index Recheck": 0,"Exact Heap Blocks": 194,"Lossy Heap Blocks": 0,"Plans": [{"Node Type": "Bitmap Index Scan","Parent Relationship": "Outer","Parallel Aware": false,"Async Capable": false,"Index Name": "idx_supplier_nation_key","Startup Cost": 0.00,"Total Cost": 7.29,"Plan Rows": 400,"Plan Width": 0,"Actual Startup Time": 0.159,"Actual Total Time": 0.164,"Actual Rows": 438,"Actual Loops": 1,"Index Cond": "(s_nationkey = nation.n_nationkey)"}]}]},{"Node Type": "Hash","Parent Relationship": "Inner","Parallel Aware": false,"Async Capable": false,"Startup Cost": 88158.53,"Total Cost": 88158.53,"Plan Rows": 2694,"Plan Width": 4,"Actual Startup Time": 955.683,"Actual Total Time": 955.694,"Actual Rows": 5820,"Actual Loops": 1,"Hash Buckets": 8192,"Original Hash Buckets": 4096,"Hash Batches": 1,"Original Hash Batches": 1,"Peak Memory Usage": 269,"Plans": [{"Node Type": "Nested Loop","Parent Relationship": "Outer","Parallel Aware": false,"Async Capable": false,"Join Type": "Inner","Startup Cost": 0.42,"Total Cost": 88158.53,"Plan Rows": 2694,"Plan Width": 4,"Actual Startup Time": 0.596,"Actual Total Time": 951.298,"Actual Rows": 5820,"Actual Loops": 1,"Inner Unique": false,"Plans": [{"Node Type": "Seq Scan","Parent Relationship": "Outer","Parallel Aware": false,"Async Capable": false,"Relation Name": "part","Alias": "part","Startup Cost": 0.00,"Total Cost": 6597.00,"Plan Rows": 2020,"Plan Width": 4,"Actual Startup Time": 0.195,"Actual Total Time": 177.111,"Actual Rows": 2157,"Actual Loops": 1,"Filter": "((p_name)::text ~~ 'dark%'::text)","Rows Removed by Filter": 197843},{"Node Type": "Index Scan","Parent Relationship": "Inner","Parallel Aware": false,"Async Capable": false,"Scan Direction": "Forward","Index Name": "idx_partsupp_partkey","Relation Name": "partsupp","Alias": "partsupp","Startup Cost": 0.42,"Total Cost": 40.36,"Plan Rows": 1,"Plan Width": 8,"Actual Startup Time": 0.148,"Actual Total Time": 0.358,"Actual Rows": 3,"Actual Loops": 2157,"Index Cond": "(ps_partkey = part.p_partkey)","Rows Removed by Index Recheck": 0,"Filter": "((ps_availqty)::numeric > (SubPlan 1))","Rows Removed by Filter": 1,"Plans": [{"Node Type": "Aggregate","Strategy": "Plain","Partial Mode": "Simple","Parent Relationship": "SubPlan","Subplan Name": "SubPlan 1","Parallel Aware": false,"Async Capable": false,"Startup Cost": 8.46,"Total Cost": 8.47,"Plan Rows": 1,"Plan Width": 32,"Actual Startup Time": 0.081,"Actual Total Time": 0.081,"Actual Rows": 1,"Actual Loops": 8628,"Plans": [{"Node Type": "Index Scan","Parent Relationship": "Outer","Parallel Aware": false,"Async Capable": false,"Scan Direction": "Forward","Index Name": "idx_lineitem_part_supp","Relation Name": "lineitem","Alias": "lineitem","Startup Cost": 0.43,"Total Cost": 8.46,"Plan Rows": 0,"Plan Width": 5,"Actual Startup Time": 0.049,"Actual Total Time": 0.081,"Actual Rows": 1,"Actual Loops": 8628,"Index Cond": "((l_partkey = partsupp.ps_partkey) AND (l_suppkey = partsupp.ps_suppkey))","Rows Removed by Index Recheck": 0,"Filter": "((l_shipdate >= '1994-01-01'::date) AND (l_shipdate < '1995-01-01 00:00:00'::timestamp without time zone))","Rows Removed by Filter": 6}]}]}]}]}]}]},"Planning Time": 6.967,"Triggers": [],"Execution Time": 960.952}]
[{"Plan": {"Node Type": "Sort","Parallel Aware": false,"Async Capable": false,"Startup Cost": 88442.96,"Total Cost": 88443.23,"Plan Rows": 108,"Plan Width": 51,"Actual Startup Time": 915.346,"Actual Total Time": 915.389,"Actual Rows": 197,"Actual Loops": 1,"Sort Key": ["supplier.s_name"],"Sort Method": "quicksort","Sort Space Used": 43,"Sort Space Type": "Memory","Plans": [{"Node Type": "Hash Join","Parent Relationship": "Outer","Parallel Aware": false,"Async Capable": false,"Join Type": "Semi","Startup Cost": 88199.59,"Total Cost": 88439.31,"Plan Rows": 108,"Plan Width": 51,"Actual Startup Time": 911.198,"Actual Total Time": 915.009,"Actual Rows": 197,"Actual Loops": 1,"Inner Unique": false,"Hash Cond": "(supplier.s_suppkey = partsupp.ps_suppkey)","Plans": [{"Node Type": "Nested Loop","Parent Relationship": "Outer","Parallel Aware": false,"Async Capable": false,"Join Type": "Inner","Startup Cost": 7.38,"Total Cost": 244.58,"Plan Rows": 400,"Plan Width": 55,"Actual Startup Time": 0.268,"Actual Total Time": 4.005,"Actual Rows": 415,"Actual Loops": 1,"Inner Unique": false,"Plans": [{"Node Type": "Seq Scan","Parent Relationship": "Outer","Parallel Aware": false,"Async Capable": false,"Relation Name": "nation","Alias": "nation","Startup Cost": 0.00,"Total Cost": 1.31,"Plan Rows": 1,"Plan Width": 4,"Actual Startup Time": 0.084,"Actual Total Time": 0.115,"Actual Rows": 1,"Actual Loops": 1,"Filter": "(n_name = 'INDIA'::bpchar)","Rows Removed by Filter": 24},{"Node Type": "Bitmap Heap Scan","Parent Relationship": "Inner","Parallel Aware": false,"Async Capable": false,"Relation Name": "supplier","Alias": "supplier","Startup Cost": 7.38,"Total Cost": 239.27,"Plan Rows": 400,"Plan Width": 59,"Actual Startup Time": 0.179,"Actual Total Time": 3.813,"Actual Rows": 415,"Actual Loops": 1,"Recheck Cond": "(s_nationkey = nation.n_nationkey)","Rows Removed by Index Recheck": 0,"Exact Heap Blocks": 186,"Lossy Heap Blocks": 0,"Plans": [{"Node Type": "Bitmap Index Scan","Parent Relationship": "Outer","Parallel Aware": false,"Async Capable": false,"Index Name": "idx_supplier_nation_key","Startup Cost": 0.00,"Total Cost": 7.29,"Plan Rows": 400,"Plan Width": 0,"Actual Startup Time": 0.107,"Actual Total Time": 0.111,"Actual Rows": 415,"Actual Loops": 1,"Index Cond": "(s_nationkey = nation.n_nationkey)"}]}]},{"Node Type": "Hash","Parent Relationship": "Inner","Parallel Aware": false,"Async Capable": false,"Startup Cost": 88158.53,"Total Cost": 88158.53,"Plan Rows": 2694,"Plan Width": 4,"Actual Startup Time": 910.837,"Actual Total Time": 910.845,"Actual Rows": 5989,"Actual Loops": 1,"Hash Buckets": 8192,"Original Hash Buckets": 4096,"Hash Batches": 1,"Original Hash Batches": 1,"Peak Memory Usage": 275,"Plans": [{"Node Type": "Nested Loop","Parent Relationship": "Outer","Parallel Aware": false,"Async Capable": false,"Join Type": "Inner","Startup Cost": 0.42,"Total Cost": 88158.53,"Plan Rows": 2694,"Plan Width": 4,"Actual Startup Time": 1.232,"Actual Total Time": 906.528,"Actual Rows": 5989,"Actual Loops": 1,"Inner Unique": false,"Plans": [{"Node Type": "Seq Scan","Parent Relationship": "Outer","Parallel Aware": false,"Async Capable": false,"Relation Name": "part","Alias": "part","Startup Cost": 0.00,"Total Cost": 6597.00,"Plan Rows": 2020,"Plan Width": 4,"Actual Startup Time": 0.203,"Actual Total Time": 196.060,"Actual Rows": 2216,"Actual Loops": 1,"Filter": "((p_name)::text ~~ 'chartreuse%'::text)","Rows Removed by Filter": 197784},{"Node Type": "Index Scan","Parent Relationship": "Inner","Parallel Aware": false,"Async Capable": false,"Scan Direction": "Forward","Index Name": "idx_partsupp_partkey","Relation Name": "partsupp","Alias": "partsupp","Startup Cost": 0.42,"Total Cost": 40.36,"Plan Rows": 1,"Plan Width": 8,"Actual Startup Time": 0.135,"Actual Total Time": 0.320,"Actual Rows": 3,"Actual Loops": 2216,"Index Cond": "(ps_partkey = part.p_partkey)","Rows Removed by Index Recheck": 0,"Filter": "((ps_availqty)::numeric > (SubPlan 1))","Rows Removed by Filter": 1,"Plans": [{"Node Type": "Aggregate","Strategy": "Plain","Partial Mode": "Simple","Parent Relationship": "SubPlan","Subplan Name": "SubPlan 1","Parallel Aware": false,"Async Capable": false,"Startup Cost": 8.46,"Total Cost": 8.47,"Plan Rows": 1,"Plan Width": 32,"Actual Startup Time": 0.072,"Actual Total Time": 0.072,"Actual Rows": 1,"Actual Loops": 8864,"Plans": [{"Node Type": "Index Scan","Parent Relationship": "Outer","Parallel Aware": false,"Async Capable": false,"Scan Direction": "Forward","Index Name": "idx_lineitem_part_supp","Relation Name": "lineitem","Alias": "lineitem","Startup Cost": 0.43,"Total Cost": 8.46,"Plan Rows": 0,"Plan Width": 5,"Actual Startup Time": 0.044,"Actual Total Time": 0.071,"Actual Rows": 1,"Actual Loops": 8864,"Index Cond": "((l_partkey = partsupp.ps_partkey) AND (l_suppkey = partsupp.ps_suppkey))","Rows Removed by Index Recheck": 0,"Filter": "((l_shipdate >= '1995-01-01'::date) AND (l_shipdate < '1996-01-01 00:00:00'::timestamp without time zone))","Rows Removed by Filter": 6}]}]}]}]}]}]},"Planning Time": 6.302,"Triggers": [],"Execution Time": 915.660}]
[{"Plan": {"Node Type": "Sort","Parallel Aware": false,"Async Capable": false,"Startup Cost": 88442.96,"Total Cost": 88443.23,"Plan Rows": 108,"Plan Width": 51,"Actual Startup Time": 914.899,"Actual Total Time": 914.926,"Actual Rows": 175,"Actual Loops": 1,"Sort Key": ["supplier.s_name"],"Sort Method": "quicksort","Sort Space Used": 41,"Sort Space Type": "Memory","Plans": [{"Node Type": "Hash Join","Parent Relationship": "Outer","Parallel Aware": false,"Async Capable": false,"Join Type": "Semi","Startup Cost": 88199.59,"Total Cost": 88439.31,"Plan Rows": 108,"Plan Width": 51,"Actual Startup Time": 910.652,"Actual Total Time": 914.437,"Actual Rows": 175,"Actual Loops": 1,"Inner Unique": false,"Hash Cond": "(supplier.s_suppkey = partsupp.ps_suppkey)","Plans": [{"Node Type": "Nested Loop","Parent Relationship": "Outer","Parallel Aware": false,"Async Capable": false,"Join Type": "Inner","Startup Cost": 7.38,"Total Cost": 244.58,"Plan Rows": 400,"Plan Width": 55,"Actual Startup Time": 0.260,"Actual Total Time": 3.916,"Actual Rows": 397,"Actual Loops": 1,"Inner Unique": false,"Plans": [{"Node Type": "Seq Scan","Parent Relationship": "Outer","Parallel Aware": false,"Async Capable": false,"Relation Name": "nation","Alias": "nation","Startup Cost": 0.00,"Total Cost": 1.31,"Plan Rows": 1,"Plan Width": 4,"Actual Startup Time": 0.065,"Actual Total Time": 0.091,"Actual Rows": 1,"Actual Loops": 1,"Filter": "(n_name = 'BRAZIL'::bpchar)","Rows Removed by Filter": 24},{"Node Type": "Bitmap Heap Scan","Parent Relationship": "Inner","Parallel Aware": false,"Async Capable": false,"Relation Name": "supplier","Alias": "supplier","Startup Cost": 7.38,"Total Cost": 239.27,"Plan Rows": 400,"Plan Width": 59,"Actual Startup Time": 0.186,"Actual Total Time": 3.753,"Actual Rows": 397,"Actual Loops": 1,"Recheck Cond": "(s_nationkey = nation.n_nationkey)","Rows Removed by Index Recheck": 0,"Exact Heap Blocks": 187,"Lossy Heap Blocks": 0,"Plans": [{"Node Type": "Bitmap Index Scan","Parent Relationship": "Outer","Parallel Aware": false,"Async Capable": false,"Index Name": "idx_supplier_nation_key","Startup Cost": 0.00,"Total Cost": 7.29,"Plan Rows": 400,"Plan Width": 0,"Actual Startup Time": 0.129,"Actual Total Time": 0.130,"Actual Rows": 397,"Actual Loops": 1,"Index Cond": "(s_nationkey = nation.n_nationkey)"}]}]},{"Node Type": "Hash","Parent Relationship": "Inner","Parallel Aware": false,"Async Capable": false,"Startup Cost": 88158.53,"Total Cost": 88158.53,"Plan Rows": 2694,"Plan Width": 4,"Actual Startup Time": 910.325,"Actual Total Time": 910.333,"Actual Rows": 6039,"Actual Loops": 1,"Hash Buckets": 8192,"Original Hash Buckets": 4096,"Hash Batches": 1,"Original Hash Batches": 1,"Peak Memory Usage": 277,"Plans": [{"Node Type": "Nested Loop","Parent Relationship": "Outer","Parallel Aware": false,"Async Capable": false,"Join Type": "Inner","Startup Cost": 0.42,"Total Cost": 88158.53,"Plan Rows": 2694,"Plan Width": 4,"Actual Startup Time": 0.406,"Actual Total Time": 904.840,"Actual Rows": 6039,"Actual Loops": 1,"Inner Unique": false,"Plans": [{"Node Type": "Seq Scan","Parent Relationship": "Outer","Parallel Aware": false,"Async Capable": false,"Relation Name": "part","Alias": "part","Startup Cost": 0.00,"Total Cost": 6597.00,"Plan Rows": 2020,"Plan Width": 4,"Actual Startup Time": 0.063,"Actual Total Time": 195.900,"Actual Rows": 2216,"Actual Loops": 1,"Filter": "((p_name)::text ~~ 'blanched%'::text)","Rows Removed by Filter": 197784},{"Node Type": "Index Scan","Parent Relationship": "Inner","Parallel Aware": false,"Async Capable": false,"Scan Direction": "Forward","Index Name": "idx_partsupp_partkey","Relation Name": "partsupp","Alias": "partsupp","Startup Cost": 0.42,"Total Cost": 40.36,"Plan Rows": 1,"Plan Width": 8,"Actual Startup Time": 0.135,"Actual Total Time": 0.319,"Actual Rows": 3,"Actual Loops": 2216,"Index Cond": "(ps_partkey = part.p_partkey)","Rows Removed by Index Recheck": 0,"Filter": "((ps_availqty)::numeric > (SubPlan 1))","Rows Removed by Filter": 1,"Plans": [{"Node Type": "Aggregate","Strategy": "Plain","Partial Mode": "Simple","Parent Relationship": "SubPlan","Subplan Name": "SubPlan 1","Parallel Aware": false,"Async Capable": false,"Startup Cost": 8.46,"Total Cost": 8.47,"Plan Rows": 1,"Plan Width": 32,"Actual Startup Time": 0.072,"Actual Total Time": 0.072,"Actual Rows": 1,"Actual Loops": 8864,"Plans": [{"Node Type": "Index Scan","Parent Relationship": "Outer","Parallel Aware": false,"Async Capable": false,"Scan Direction": "Forward","Index Name": "idx_lineitem_part_supp","Relation Name": "lineitem","Alias": "lineitem","Startup Cost": 0.43,"Total Cost": 8.46,"Plan Rows": 0,"Plan Width": 5,"Actual Startup Time": 0.044,"Actual Total Time": 0.071,"Actual Rows": 1,"Actual Loops": 8864,"Index Cond": "((l_partkey = partsupp.ps_partkey) AND (l_suppkey = partsupp.ps_suppkey))","Rows Removed by Index Recheck": 0,"Filter": "((l_shipdate >= '1997-01-01'::date) AND (l_shipdate < '1998-01-01 00:00:00'::timestamp without time zone))","Rows Removed by Filter": 6}]}]}]}]}]}]},"Planning Time": 6.113,"Triggers": [],"Execution Time": 915.158}]
[{"Plan": {"Node Type": "Sort","Parallel Aware": false,"Async Capable": false,"Startup Cost": 88442.96,"Total Cost": 88443.23,"Plan Rows": 108,"Plan Width": 51,"Actual Startup Time": 975.682,"Actual Total Time": 975.718,"Actual Rows": 181,"Actual Loops": 1,"Sort Key": ["supplier.s_name"],"Sort Method": "quicksort","Sort Space Used": 41,"Sort Space Type": "Memory","Plans": [{"Node Type": "Hash Join","Parent Relationship": "Outer","Parallel Aware": false,"Async Capable": false,"Join Type": "Semi","Startup Cost": 88199.59,"Total Cost": 88439.31,"Plan Rows": 108,"Plan Width": 51,"Actual Startup Time": 971.279,"Actual Total Time": 975.170,"Actual Rows": 181,"Actual Loops": 1,"Inner Unique": false,"Hash Cond": "(supplier.s_suppkey = partsupp.ps_suppkey)","Plans": [{"Node Type": "Nested Loop","Parent Relationship": "Outer","Parallel Aware": false,"Async Capable": false,"Join Type": "Inner","Startup Cost": 7.38,"Total Cost": 244.58,"Plan Rows": 400,"Plan Width": 55,"Actual Startup Time": 0.299,"Actual Total Time": 4.066,"Actual Rows": 415,"Actual Loops": 1,"Inner Unique": false,"Plans": [{"Node Type": "Seq Scan","Parent Relationship": "Outer","Parallel Aware": false,"Async Capable": false,"Relation Name": "nation","Alias": "nation","Startup Cost": 0.00,"Total Cost": 1.31,"Plan Rows": 1,"Plan Width": 4,"Actual Startup Time": 0.078,"Actual Total Time": 0.112,"Actual Rows": 1,"Actual Loops": 1,"Filter": "(n_name = 'EGYPT'::bpchar)","Rows Removed by Filter": 24},{"Node Type": "Bitmap Heap Scan","Parent Relationship": "Inner","Parallel Aware": false,"Async Capable": false,"Relation Name": "supplier","Alias": "supplier","Startup Cost": 7.38,"Total Cost": 239.27,"Plan Rows": 400,"Plan Width": 59,"Actual Startup Time": 0.211,"Actual Total Time": 3.876,"Actual Rows": 415,"Actual Loops": 1,"Recheck Cond": "(s_nationkey = nation.n_nationkey)","Rows Removed by Index Recheck": 0,"Exact Heap Blocks": 183,"Lossy Heap Blocks": 0,"Plans": [{"Node Type": "Bitmap Index Scan","Parent Relationship": "Outer","Parallel Aware": false,"Async Capable": false,"Index Name": "idx_supplier_nation_key","Startup Cost": 0.00,"Total Cost": 7.29,"Plan Rows": 400,"Plan Width": 0,"Actual Startup Time": 0.140,"Actual Total Time": 0.144,"Actual Rows": 415,"Actual Loops": 1,"Index Cond": "(s_nationkey = nation.n_nationkey)"}]}]},{"Node Type": "Hash","Parent Relationship": "Inner","Parallel Aware": false,"Async Capable": false,"Startup Cost": 88158.53,"Total Cost": 88158.53,"Plan Rows": 2694,"Plan Width": 4,"Actual Startup Time": 970.910,"Actual Total Time": 970.919,"Actual Rows": 6064,"Actual Loops": 1,"Hash Buckets": 8192,"Original Hash Buckets": 4096,"Hash Batches": 1,"Original Hash Batches": 1,"Peak Memory Usage": 278,"Plans": [{"Node Type": "Nested Loop","Parent Relationship": "Outer","Parallel Aware": false,"Async Capable": false,"Join Type": "Inner","Startup Cost": 0.42,"Total Cost": 88158.53,"Plan Rows": 2694,"Plan Width": 4,"Actual Startup Time": 1.448,"Actual Total Time": 966.602,"Actual Rows": 6064,"Actual Loops": 1,"Inner Unique": false,"Plans": [{"Node Type": "Seq Scan","Parent Relationship": "Outer","Parallel Aware": false,"Async Capable": false,"Relation Name": "part","Alias": "part","Startup Cost": 0.00,"Total Cost": 6597.00,"Plan Rows": 2020,"Plan Width": 4,"Actual Startup Time": 0.133,"Actual Total Time": 179.536,"Actual Rows": 2176,"Actual Loops": 1,"Filter": "((p_name)::text ~~ 'mint%'::text)","Rows Removed by Filter": 197824},{"Node Type": "Index Scan","Parent Relationship": "Inner","Parallel Aware": false,"Async Capable": false,"Scan Direction": "Forward","Index Name": "idx_partsupp_partkey","Relation Name": "partsupp","Alias": "partsupp","Startup Cost": 0.42,"Total Cost": 40.36,"Plan Rows": 1,"Plan Width": 8,"Actual Startup Time": 0.148,"Actual Total Time": 0.361,"Actual Rows": 3,"Actual Loops": 2176,"Index Cond": "(ps_partkey = part.p_partkey)","Rows Removed by Index Recheck": 0,"Filter": "((ps_availqty)::numeric > (SubPlan 1))","Rows Removed by Filter": 1,"Plans": [{"Node Type": "Aggregate","Strategy": "Plain","Partial Mode": "Simple","Parent Relationship": "SubPlan","Subplan Name": "SubPlan 1","Parallel Aware": false,"Async Capable": false,"Startup Cost": 8.46,"Total Cost": 8.47,"Plan Rows": 1,"Plan Width": 32,"Actual Startup Time": 0.082,"Actual Total Time": 0.082,"Actual Rows": 1,"Actual Loops": 8704,"Plans": [{"Node Type": "Index Scan","Parent Relationship": "Outer","Parallel Aware": false,"Async Capable": false,"Scan Direction": "Forward","Index Name": "idx_lineitem_part_supp","Relation Name": "lineitem","Alias": "lineitem","Startup Cost": 0.43,"Total Cost": 8.46,"Plan Rows": 0,"Plan Width": 5,"Actual Startup Time": 0.049,"Actual Total Time": 0.081,"Actual Rows": 1,"Actual Loops": 8704,"Index Cond": "((l_partkey = partsupp.ps_partkey) AND (l_suppkey = partsupp.ps_suppkey))","Rows Removed by Index Recheck": 0,"Filter": "((l_shipdate >= '1996-01-01'::date) AND (l_shipdate < '1997-01-01 00:00:00'::timestamp without time zone))","Rows Removed by Filter": 6}]}]}]}]}]}]},"Planning Time": 6.144,"Triggers": [],"Execution Time": 975.993}]
[{"Plan": {"Node Type": "Sort","Parallel Aware": false,"Async Capable": false,"Startup Cost": 88442.96,"Total Cost": 88443.23,"Plan Rows": 108,"Plan Width": 51,"Actual Startup Time": 905.193,"Actual Total Time": 905.231,"Actual Rows": 162,"Actual Loops": 1,"Sort Key": ["supplier.s_name"],"Sort Method": "quicksort","Sort Space Used": 40,"Sort Space Type": "Memory","Plans": [{"Node Type": "Hash Join","Parent Relationship": "Outer","Parallel Aware": false,"Async Capable": false,"Join Type": "Semi","Startup Cost": 88199.59,"Total Cost": 88439.31,"Plan Rows": 108,"Plan Width": 51,"Actual Startup Time": 901.092,"Actual Total Time": 904.714,"Actual Rows": 162,"Actual Loops": 1,"Inner Unique": false,"Hash Cond": "(supplier.s_suppkey = partsupp.ps_suppkey)","Plans": [{"Node Type": "Nested Loop","Parent Relationship": "Outer","Parallel Aware": false,"Async Capable": false,"Join Type": "Inner","Startup Cost": 7.38,"Total Cost": 244.58,"Plan Rows": 400,"Plan Width": 55,"Actual Startup Time": 0.316,"Actual Total Time": 3.895,"Actual Rows": 376,"Actual Loops": 1,"Inner Unique": false,"Plans": [{"Node Type": "Seq Scan","Parent Relationship": "Outer","Parallel Aware": false,"Async Capable": false,"Relation Name": "nation","Alias": "nation","Startup Cost": 0.00,"Total Cost": 1.31,"Plan Rows": 1,"Plan Width": 4,"Actual Startup Time": 0.073,"Actual Total Time": 0.091,"Actual Rows": 1,"Actual Loops": 1,"Filter": "(n_name = 'KENYA'::bpchar)","Rows Removed by Filter": 24},{"Node Type": "Bitmap Heap Scan","Parent Relationship": "Inner","Parallel Aware": false,"Async Capable": false,"Relation Name": "supplier","Alias": "supplier","Startup Cost": 7.38,"Total Cost": 239.27,"Plan Rows": 400,"Plan Width": 59,"Actual Startup Time": 0.240,"Actual Total Time": 3.747,"Actual Rows": 376,"Actual Loops": 1,"Recheck Cond": "(s_nationkey = nation.n_nationkey)","Rows Removed by Index Recheck": 0,"Exact Heap Blocks": 179,"Lossy Heap Blocks": 0,"Plans": [{"Node Type": "Bitmap Index Scan","Parent Relationship": "Outer","Parallel Aware": false,"Async Capable": false,"Index Name": "idx_supplier_nation_key","Startup Cost": 0.00,"Total Cost": 7.29,"Plan Rows": 400,"Plan Width": 0,"Actual Startup Time": 0.171,"Actual Total Time": 0.176,"Actual Rows": 376,"Actual Loops": 1,"Index Cond": "(s_nationkey = nation.n_nationkey)"}]}]},{"Node Type": "Hash","Parent Relationship": "Inner","Parallel Aware": false,"Async Capable": false,"Startup Cost": 88158.53,"Total Cost": 88158.53,"Plan Rows": 2694,"Plan Width": 4,"Actual Startup Time": 900.661,"Actual Total Time": 900.669,"Actual Rows": 5944,"Actual Loops": 1,"Hash Buckets": 8192,"Original Hash Buckets": 4096,"Hash Batches": 1,"Original Hash Batches": 1,"Peak Memory Usage": 273,"Plans": [{"Node Type": "Nested Loop","Parent Relationship": "Outer","Parallel Aware": false,"Async Capable": false,"Join Type": "Inner","Startup Cost": 0.42,"Total Cost": 88158.53,"Plan Rows": 2694,"Plan Width": 4,"Actual Startup Time": 0.791,"Actual Total Time": 896.091,"Actual Rows": 5944,"Actual Loops": 1,"Inner Unique": false,"Plans": [{"Node Type": "Seq Scan","Parent Relationship": "Outer","Parallel Aware": false,"Async Capable": false,"Relation Name": "part","Alias": "part","Startup Cost": 0.00,"Total Cost": 6597.00,"Plan Rows": 2020,"Plan Width": 4,"Actual Startup Time": 0.131,"Actual Total Time": 195.398,"Actual Rows": 2183,"Actual Loops": 1,"Filter": "((p_name)::text ~~ 'papaya%'::text)","Rows Removed by Filter": 197817},{"Node Type": "Index Scan","Parent Relationship": "Inner","Parallel Aware": false,"Async Capable": false,"Scan Direction": "Forward","Index Name": "idx_partsupp_partkey","Relation Name": "partsupp","Alias": "partsupp","Startup Cost": 0.42,"Total Cost": 40.36,"Plan Rows": 1,"Plan Width": 8,"Actual Startup Time": 0.135,"Actual Total Time": 0.320,"Actual Rows": 3,"Actual Loops": 2183,"Index Cond": "(ps_partkey = part.p_partkey)","Rows Removed by Index Recheck": 0,"Filter": "((ps_availqty)::numeric > (SubPlan 1))","Rows Removed by Filter": 1,"Plans": [{"Node Type": "Aggregate","Strategy": "Plain","Partial Mode": "Simple","Parent Relationship": "SubPlan","Subplan Name": "SubPlan 1","Parallel Aware": false,"Async Capable": false,"Startup Cost": 8.46,"Total Cost": 8.47,"Plan Rows": 1,"Plan Width": 32,"Actual Startup Time": 0.072,"Actual Total Time": 0.072,"Actual Rows": 1,"Actual Loops": 8732,"Plans": [{"Node Type": "Index Scan","Parent Relationship": "Outer","Parallel Aware": false,"Async Capable": false,"Scan Direction": "Forward","Index Name": "idx_lineitem_part_supp","Relation Name": "lineitem","Alias": "lineitem","Startup Cost": 0.43,"Total Cost": 8.46,"Plan Rows": 0,"Plan Width": 5,"Actual Startup Time": 0.043,"Actual Total Time": 0.071,"Actual Rows": 1,"Actual Loops": 8732,"Index Cond": "((l_partkey = partsupp.ps_partkey) AND (l_suppkey = partsupp.ps_suppkey))","Rows Removed by Index Recheck": 0,"Filter": "((l_shipdate >= '1994-01-01'::date) AND (l_shipdate < '1995-01-01 00:00:00'::timestamp without time zone))","Rows Removed by Filter": 6}]}]}]}]}]}]},"Planning Time": 6.004,"Triggers": [],"Execution Time": 905.493}]
[{"Plan": {"Node Type": "Sort","Parallel Aware": false,"Async Capable": false,"Startup Cost": 88442.96,"Total Cost": 88443.23,"Plan Rows": 108,"Plan Width": 51,"Actual Startup Time": 949.014,"Actual Total Time": 949.053,"Actual Rows": 164,"Actual Loops": 1,"Sort Key": ["supplier.s_name"],"Sort Method": "quicksort","Sort Space Used": 40,"Sort Space Type": "Memory","Plans": [{"Node Type": "Hash Join","Parent Relationship": "Outer","Parallel Aware": false,"Async Capable": false,"Join Type": "Semi","Startup Cost": 88199.59,"Total Cost": 88439.31,"Plan Rows": 108,"Plan Width": 51,"Actual Startup Time": 944.526,"Actual Total Time": 948.577,"Actual Rows": 164,"Actual Loops": 1,"Inner Unique": false,"Hash Cond": "(supplier.s_suppkey = partsupp.ps_suppkey)","Plans": [{"Node Type": "Nested Loop","Parent Relationship": "Outer","Parallel Aware": false,"Async Capable": false,"Join Type": "Inner","Startup Cost": 7.38,"Total Cost": 244.58,"Plan Rows": 400,"Plan Width": 55,"Actual Startup Time": 0.257,"Actual Total Time": 4.179,"Actual Rows": 377,"Actual Loops": 1,"Inner Unique": false,"Plans": [{"Node Type": "Seq Scan","Parent Relationship": "Outer","Parallel Aware": false,"Async Capable": false,"Relation Name": "nation","Alias": "nation","Startup Cost": 0.00,"Total Cost": 1.31,"Plan Rows": 1,"Plan Width": 4,"Actual Startup Time": 0.070,"Actual Total Time": 0.091,"Actual Rows": 1,"Actual Loops": 1,"Filter": "(n_name = 'JAPAN'::bpchar)","Rows Removed by Filter": 24},{"Node Type": "Bitmap Heap Scan","Parent Relationship": "Inner","Parallel Aware": false,"Async Capable": false,"Relation Name": "supplier","Alias": "supplier","Startup Cost": 7.38,"Total Cost": 239.27,"Plan Rows": 400,"Plan Width": 59,"Actual Startup Time": 0.170,"Actual Total Time": 3.999,"Actual Rows": 377,"Actual Loops": 1,"Recheck Cond": "(s_nationkey = nation.n_nationkey)","Rows Removed by Index Recheck": 0,"Exact Heap Blocks": 180,"Lossy Heap Blocks": 0,"Plans": [{"Node Type": "Bitmap Index Scan","Parent Relationship": "Outer","Parallel Aware": false,"Async Capable": false,"Index Name": "idx_supplier_nation_key","Startup Cost": 0.00,"Total Cost": 7.29,"Plan Rows": 400,"Plan Width": 0,"Actual Startup Time": 0.102,"Actual Total Time": 0.107,"Actual Rows": 377,"Actual Loops": 1,"Index Cond": "(s_nationkey = nation.n_nationkey)"}]}]},{"Node Type": "Hash","Parent Relationship": "Inner","Parallel Aware": false,"Async Capable": false,"Startup Cost": 88158.53,"Total Cost": 88158.53,"Plan Rows": 2694,"Plan Width": 4,"Actual Startup Time": 944.204,"Actual Total Time": 944.217,"Actual Rows": 5736,"Actual Loops": 1,"Hash Buckets": 8192,"Original Hash Buckets": 4096,"Hash Batches": 1,"Original Hash Batches": 1,"Peak Memory Usage": 266,"Plans": [{"Node Type": "Nested Loop","Parent Relationship": "Outer","Parallel Aware": false,"Async Capable": false,"Join Type": "Inner","Startup Cost": 0.42,"Total Cost": 88158.53,"Plan Rows": 2694,"Plan Width": 4,"Actual Startup Time": 0.533,"Actual Total Time": 940.010,"Actual Rows": 5736,"Actual Loops": 1,"Inner Unique": false,"Plans": [{"Node Type": "Seq Scan","Parent Relationship": "Outer","Parallel Aware": false,"Async Capable": false,"Relation Name": "part","Alias": "part","Startup Cost": 0.00,"Total Cost": 6597.00,"Plan Rows": 2020,"Plan Width": 4,"Actual Startup Time": 0.186,"Actual Total Time": 178.469,"Actual Rows": 2103,"Actual Loops": 1,"Filter": "((p_name)::text ~~ 'cornsilk%'::text)","Rows Removed by Filter": 197897},{"Node Type": "Index Scan","Parent Relationship": "Inner","Parallel Aware": false,"Async Capable": false,"Scan Direction": "Forward","Index Name": "idx_partsupp_partkey","Relation Name": "partsupp","Alias": "partsupp","Startup Cost": 0.42,"Total Cost": 40.36,"Plan Rows": 1,"Plan Width": 8,"Actual Startup Time": 0.149,"Actual Total Time": 0.362,"Actual Rows": 3,"Actual Loops": 2103,"Index Cond": "(ps_partkey = part.p_partkey)","Rows Removed by Index Recheck": 0,"Filter": "((ps_availqty)::numeric > (SubPlan 1))","Rows Removed by Filter": 1,"Plans": [{"Node Type": "Aggregate","Strategy": "Plain","Partial Mode": "Simple","Parent Relationship": "SubPlan","Subplan Name": "SubPlan 1","Parallel Aware": false,"Async Capable": false,"Startup Cost": 8.46,"Total Cost": 8.47,"Plan Rows": 1,"Plan Width": 32,"Actual Startup Time": 0.082,"Actual Total Time": 0.082,"Actual Rows": 1,"Actual Loops": 8412,"Plans": [{"Node Type": "Index Scan","Parent Relationship": "Outer","Parallel Aware": false,"Async Capable": false,"Scan Direction": "Forward","Index Name": "idx_lineitem_part_supp","Relation Name": "lineitem","Alias": "lineitem","Startup Cost": 0.43,"Total Cost": 8.46,"Plan Rows": 0,"Plan Width": 5,"Actual Startup Time": 0.050,"Actual Total Time": 0.081,"Actual Rows": 1,"Actual Loops": 8412,"Index Cond": "((l_partkey = partsupp.ps_partkey) AND (l_suppkey = partsupp.ps_suppkey))","Rows Removed by Index Recheck": 0,"Filter": "((l_shipdate >= '1994-01-01'::date) AND (l_shipdate < '1995-01-01 00:00:00'::timestamp without time zone))","Rows Removed by Filter": 6}]}]}]}]}]}]},"Planning Time": 7.062,"Triggers": [],"Execution Time": 949.330}]
[{"Plan": {"Node Type": "Sort","Parallel Aware": false,"Async Capable": false,"Startup Cost": 88442.96,"Total Cost": 88443.23,"Plan Rows": 108,"Plan Width": 51,"Actual Startup Time": 907.312,"Actual Total Time": 907.348,"Actual Rows": 187,"Actual Loops": 1,"Sort Key": ["supplier.s_name"],"Sort Method": "quicksort","Sort Space Used": 42,"Sort Space Type": "Memory","Plans": [{"Node Type": "Hash Join","Parent Relationship": "Outer","Parallel Aware": false,"Async Capable": false,"Join Type": "Semi","Startup Cost": 88199.59,"Total Cost": 88439.31,"Plan Rows": 108,"Plan Width": 51,"Actual Startup Time": 903.099,"Actual Total Time": 906.986,"Actual Rows": 187,"Actual Loops": 1,"Inner Unique": false,"Hash Cond": "(supplier.s_suppkey = partsupp.ps_suppkey)","Plans": [{"Node Type": "Nested Loop","Parent Relationship": "Outer","Parallel Aware": false,"Async Capable": false,"Join Type": "Inner","Startup Cost": 7.38,"Total Cost": 244.58,"Plan Rows": 400,"Plan Width": 55,"Actual Startup Time": 0.228,"Actual Total Time": 4.063,"Actual Rows": 405,"Actual Loops": 1,"Inner Unique": false,"Plans": [{"Node Type": "Seq Scan","Parent Relationship": "Outer","Parallel Aware": false,"Async Capable": false,"Relation Name": "nation","Alias": "nation","Startup Cost": 0.00,"Total Cost": 1.31,"Plan Rows": 1,"Plan Width": 4,"Actual Startup Time": 0.067,"Actual Total Time": 0.100,"Actual Rows": 1,"Actual Loops": 1,"Filter": "(n_name = 'INDONESIA'::bpchar)","Rows Removed by Filter": 24},{"Node Type": "Bitmap Heap Scan","Parent Relationship": "Inner","Parallel Aware": false,"Async Capable": false,"Relation Name": "supplier","Alias": "supplier","Startup Cost": 7.38,"Total Cost": 239.27,"Plan Rows": 400,"Plan Width": 59,"Actual Startup Time": 0.156,"Actual Total Time": 3.899,"Actual Rows": 405,"Actual Loops": 1,"Recheck Cond": "(s_nationkey = nation.n_nationkey)","Rows Removed by Index Recheck": 0,"Exact Heap Blocks": 192,"Lossy Heap Blocks": 0,"Plans": [{"Node Type": "Bitmap Index Scan","Parent Relationship": "Outer","Parallel Aware": false,"Async Capable": false,"Index Name": "idx_supplier_nation_key","Startup Cost": 0.00,"Total Cost": 7.29,"Plan Rows": 400,"Plan Width": 0,"Actual Startup Time": 0.096,"Actual Total Time": 0.099,"Actual Rows": 405,"Actual Loops": 1,"Index Cond": "(s_nationkey = nation.n_nationkey)"}]}]},{"Node Type": "Hash","Parent Relationship": "Inner","Parallel Aware": false,"Async Capable": false,"Startup Cost": 88158.53,"Total Cost": 88158.53,"Plan Rows": 2694,"Plan Width": 4,"Actual Startup Time": 902.784,"Actual Total Time": 902.793,"Actual Rows": 5968,"Actual Loops": 1,"Hash Buckets": 8192,"Original Hash Buckets": 4096,"Hash Batches": 1,"Original Hash Batches": 1,"Peak Memory Usage": 274,"Plans": [{"Node Type": "Nested Loop","Parent Relationship": "Outer","Parallel Aware": false,"Async Capable": false,"Join Type": "Inner","Startup Cost": 0.42,"Total Cost": 88158.53,"Plan Rows": 2694,"Plan Width": 4,"Actual Startup Time": 0.508,"Actual Total Time": 897.685,"Actual Rows": 5968,"Actual Loops": 1,"Inner Unique": false,"Plans": [{"Node Type": "Seq Scan","Parent Relationship": "Outer","Parallel Aware": false,"Async Capable": false,"Relation Name": "part","Alias": "part","Startup Cost": 0.00,"Total Cost": 6597.00,"Plan Rows": 2020,"Plan Width": 4,"Actual Startup Time": 0.132,"Actual Total Time": 197.963,"Actual Rows": 2186,"Actual Loops": 1,"Filter": "((p_name)::text ~~ 'antique%'::text)","Rows Removed by Filter": 197814},{"Node Type": "Index Scan","Parent Relationship": "Inner","Parallel Aware": false,"Async Capable": false,"Scan Direction": "Forward","Index Name": "idx_partsupp_partkey","Relation Name": "partsupp","Alias": "partsupp","Startup Cost": 0.42,"Total Cost": 40.36,"Plan Rows": 1,"Plan Width": 8,"Actual Startup Time": 0.136,"Actual Total Time": 0.320,"Actual Rows": 3,"Actual Loops": 2186,"Index Cond": "(ps_partkey = part.p_partkey)","Rows Removed by Index Recheck": 0,"Filter": "((ps_availqty)::numeric > (SubPlan 1))","Rows Removed by Filter": 1,"Plans": [{"Node Type": "Aggregate","Strategy": "Plain","Partial Mode": "Simple","Parent Relationship": "SubPlan","Subplan Name": "SubPlan 1","Parallel Aware": false,"Async Capable": false,"Startup Cost": 8.46,"Total Cost": 8.47,"Plan Rows": 1,"Plan Width": 32,"Actual Startup Time": 0.072,"Actual Total Time": 0.072,"Actual Rows": 1,"Actual Loops": 8744,"Plans": [{"Node Type": "Index Scan","Parent Relationship": "Outer","Parallel Aware": false,"Async Capable": false,"Scan Direction": "Forward","Index Name": "idx_lineitem_part_supp","Relation Name": "lineitem","Alias": "lineitem","Startup Cost": 0.43,"Total Cost": 8.46,"Plan Rows": 0,"Plan Width": 5,"Actual Startup Time": 0.043,"Actual Total Time": 0.071,"Actual Rows": 1,"Actual Loops": 8744,"Index Cond": "((l_partkey = partsupp.ps_partkey) AND (l_suppkey = partsupp.ps_suppkey))","Rows Removed by Index Recheck": 0,"Filter": "((l_shipdate >= '1994-01-01'::date) AND (l_shipdate < '1995-01-01 00:00:00'::timestamp without time zone))","Rows Removed by Filter": 6}]}]}]}]}]}]},"Planning Time": 6.431,"Triggers": [],"Execution Time": 907.598}]
[{"Plan": {"Node Type": "Sort","Parallel Aware": false,"Async Capable": false,"Startup Cost": 88442.96,"Total Cost": 88443.23,"Plan Rows": 108,"Plan Width": 51,"Actual Startup Time": 959.083,"Actual Total Time": 959.113,"Actual Rows": 177,"Actual Loops": 1,"Sort Key": ["supplier.s_name"],"Sort Method": "quicksort","Sort Space Used": 41,"Sort Space Type": "Memory","Plans": [{"Node Type": "Hash Join","Parent Relationship": "Outer","Parallel Aware": false,"Async Capable": false,"Join Type": "Semi","Startup Cost": 88199.59,"Total Cost": 88439.31,"Plan Rows": 108,"Plan Width": 51,"Actual Startup Time": 954.837,"Actual Total Time": 958.759,"Actual Rows": 177,"Actual Loops": 1,"Inner Unique": false,"Hash Cond": "(supplier.s_suppkey = partsupp.ps_suppkey)","Plans": [{"Node Type": "Nested Loop","Parent Relationship": "Outer","Parallel Aware": false,"Async Capable": false,"Join Type": "Inner","Startup Cost": 7.38,"Total Cost": 244.58,"Plan Rows": 400,"Plan Width": 55,"Actual Startup Time": 0.283,"Actual Total Time": 4.073,"Actual Rows": 412,"Actual Loops": 1,"Inner Unique": false,"Plans": [{"Node Type": "Seq Scan","Parent Relationship": "Outer","Parallel Aware": false,"Async Capable": false,"Relation Name": "nation","Alias": "nation","Startup Cost": 0.00,"Total Cost": 1.31,"Plan Rows": 1,"Plan Width": 4,"Actual Startup Time": 0.061,"Actual Total Time": 0.073,"Actual Rows": 1,"Actual Loops": 1,"Filter": "(n_name = 'CANADA'::bpchar)","Rows Removed by Filter": 24},{"Node Type": "Bitmap Heap Scan","Parent Relationship": "Inner","Parallel Aware": false,"Async Capable": false,"Relation Name": "supplier","Alias": "supplier","Startup Cost": 7.38,"Total Cost": 239.27,"Plan Rows": 400,"Plan Width": 59,"Actual Startup Time": 0.211,"Actual Total Time": 3.908,"Actual Rows": 412,"Actual Loops": 1,"Recheck Cond": "(s_nationkey = nation.n_nationkey)","Rows Removed by Index Recheck": 0,"Exact Heap Blocks": 189,"Lossy Heap Blocks": 0,"Plans": [{"Node Type": "Bitmap Index Scan","Parent Relationship": "Outer","Parallel Aware": false,"Async Capable": false,"Index Name": "idx_supplier_nation_key","Startup Cost": 0.00,"Total Cost": 7.29,"Plan Rows": 400,"Plan Width": 0,"Actual Startup Time": 0.133,"Actual Total Time": 0.136,"Actual Rows": 412,"Actual Loops": 1,"Index Cond": "(s_nationkey = nation.n_nationkey)"}]}]},{"Node Type": "Hash","Parent Relationship": "Inner","Parallel Aware": false,"Async Capable": false,"Startup Cost": 88158.53,"Total Cost": 88158.53,"Plan Rows": 2694,"Plan Width": 4,"Actual Startup Time": 954.476,"Actual Total Time": 954.481,"Actual Rows": 5798,"Actual Loops": 1,"Hash Buckets": 8192,"Original Hash Buckets": 4096,"Hash Batches": 1,"Original Hash Batches": 1,"Peak Memory Usage": 268,"Plans": [{"Node Type": "Nested Loop","Parent Relationship": "Outer","Parallel Aware": false,"Async Capable": false,"Join Type": "Inner","Startup Cost": 0.42,"Total Cost": 88158.53,"Plan Rows": 2694,"Plan Width": 4,"Actual Startup Time": 0.550,"Actual Total Time": 950.330,"Actual Rows": 5798,"Actual Loops": 1,"Inner Unique": false,"Plans": [{"Node Type": "Seq Scan","Parent Relationship": "Outer","Parallel Aware": false,"Async Capable": false,"Relation Name": "part","Alias": "part","Startup Cost": 0.00,"Total Cost": 6597.00,"Plan Rows": 2020,"Plan Width": 4,"Actual Startup Time": 0.065,"Actual Total Time": 179.456,"Actual Rows": 2144,"Actual Loops": 1,"Filter": "((p_name)::text ~~ 'green%'::text)","Rows Removed by Filter": 197856},{"Node Type": "Index Scan","Parent Relationship": "Inner","Parallel Aware": false,"Async Capable": false,"Scan Direction": "Forward","Index Name": "idx_partsupp_partkey","Relation Name": "partsupp","Alias": "partsupp","Startup Cost": 0.42,"Total Cost": 40.36,"Plan Rows": 1,"Plan Width": 8,"Actual Startup Time": 0.150,"Actual Total Time": 0.359,"Actual Rows": 3,"Actual Loops": 2144,"Index Cond": "(ps_partkey = part.p_partkey)","Rows Removed by Index Recheck": 0,"Filter": "((ps_availqty)::numeric > (SubPlan 1))","Rows Removed by Filter": 1,"Plans": [{"Node Type": "Aggregate","Strategy": "Plain","Partial Mode": "Simple","Parent Relationship": "SubPlan","Subplan Name": "SubPlan 1","Parallel Aware": false,"Async Capable": false,"Startup Cost": 8.46,"Total Cost": 8.47,"Plan Rows": 1,"Plan Width": 32,"Actual Startup Time": 0.082,"Actual Total Time": 0.082,"Actual Rows": 1,"Actual Loops": 8576,"Plans": [{"Node Type": "Index Scan","Parent Relationship": "Outer","Parallel Aware": false,"Async Capable": false,"Scan Direction": "Forward","Index Name": "idx_lineitem_part_supp","Relation Name": "lineitem","Alias": "lineitem","Startup Cost": 0.43,"Total Cost": 8.46,"Plan Rows": 0,"Plan Width": 5,"Actual Startup Time": 0.050,"Actual Total Time": 0.081,"Actual Rows": 1,"Actual Loops": 8576,"Index Cond": "((l_partkey = partsupp.ps_partkey) AND (l_suppkey = partsupp.ps_suppkey))","Rows Removed by Index Recheck": 0,"Filter": "((l_shipdate >= '1994-01-01'::date) AND (l_shipdate < '1995-01-01 00:00:00'::timestamp without time zone))","Rows Removed by Filter": 6}]}]}]}]}]}]},"Planning Time": 6.309,"Triggers": [],"Execution Time": 959.394}]
[{"Plan": {"Node Type": "Sort","Parallel Aware": false,"Async Capable": false,"Startup Cost": 88442.96,"Total Cost": 88443.23,"Plan Rows": 108,"Plan Width": 51,"Actual Startup Time": 894.613,"Actual Total Time": 894.649,"Actual Rows": 150,"Actual Loops": 1,"Sort Key": ["supplier.s_name"],"Sort Method": "quicksort","Sort Space Used": 39,"Sort Space Type": "Memory","Plans": [{"Node Type": "Hash Join","Parent Relationship": "Outer","Parallel Aware": false,"Async Capable": false,"Join Type": "Semi","Startup Cost": 88199.59,"Total Cost": 88439.31,"Plan Rows": 108,"Plan Width": 51,"Actual Startup Time": 890.753,"Actual Total Time": 894.360,"Actual Rows": 150,"Actual Loops": 1,"Inner Unique": false,"Hash Cond": "(supplier.s_suppkey = partsupp.ps_suppkey)","Plans": [{"Node Type": "Nested Loop","Parent Relationship": "Outer","Parallel Aware": false,"Async Capable": false,"Join Type": "Inner","Startup Cost": 7.38,"Total Cost": 244.58,"Plan Rows": 400,"Plan Width": 55,"Actual Startup Time": 0.262,"Actual Total Time": 3.838,"Actual Rows": 362,"Actual Loops": 1,"Inner Unique": false,"Plans": [{"Node Type": "Seq Scan","Parent Relationship": "Outer","Parallel Aware": false,"Async Capable": false,"Relation Name": "nation","Alias": "nation","Startup Cost": 0.00,"Total Cost": 1.31,"Plan Rows": 1,"Plan Width": 4,"Actual Startup Time": 0.067,"Actual Total Time": 0.099,"Actual Rows": 1,"Actual Loops": 1,"Filter": "(n_name = 'JORDAN'::bpchar)","Rows Removed by Filter": 24},{"Node Type": "Bitmap Heap Scan","Parent Relationship": "Inner","Parallel Aware": false,"Async Capable": false,"Relation Name": "supplier","Alias": "supplier","Startup Cost": 7.38,"Total Cost": 239.27,"Plan Rows": 400,"Plan Width": 59,"Actual Startup Time": 0.190,"Actual Total Time": 3.675,"Actual Rows": 362,"Actual Loops": 1,"Recheck Cond": "(s_nationkey = nation.n_nationkey)","Rows Removed by Index Recheck": 0,"Exact Heap Blocks": 166,"Lossy Heap Blocks": 0,"Plans": [{"Node Type": "Bitmap Index Scan","Parent Relationship": "Outer","Parallel Aware": false,"Async Capable": false,"Index Name": "idx_supplier_nation_key","Startup Cost": 0.00,"Total Cost": 7.29,"Plan Rows": 400,"Plan Width": 0,"Actual Startup Time": 0.122,"Actual Total Time": 0.125,"Actual Rows": 362,"Actual Loops": 1,"Index Cond": "(s_nationkey = nation.n_nationkey)"}]}]},{"Node Type": "Hash","Parent Relationship": "Inner","Parallel Aware": false,"Async Capable": false,"Startup Cost": 88158.53,"Total Cost": 88158.53,"Plan Rows": 2694,"Plan Width": 4,"Actual Startup Time": 890.371,"Actual Total Time": 890.379,"Actual Rows": 5789,"Actual Loops": 1,"Hash Buckets": 8192,"Original Hash Buckets": 4096,"Hash Batches": 1,"Original Hash Batches": 1,"Peak Memory Usage": 268,"Plans": [{"Node Type": "Nested Loop","Parent Relationship": "Outer","Parallel Aware": false,"Async Capable": false,"Join Type": "Inner","Startup Cost": 0.42,"Total Cost": 88158.53,"Plan Rows": 2694,"Plan Width": 4,"Actual Startup Time": 0.476,"Actual Total Time": 885.924,"Actual Rows": 5789,"Actual Loops": 1,"Inner Unique": false,"Plans": [{"Node Type": "Seq Scan","Parent Relationship": "Outer","Parallel Aware": false,"Async Capable": false,"Relation Name": "part","Alias": "part","Startup Cost": 0.00,"Total Cost": 6597.00,"Plan Rows": 2020,"Plan Width": 4,"Actual Startup Time": 0.063,"Actual Total Time": 194.624,"Actual Rows": 2148,"Actual Loops": 1,"Filter": "((p_name)::text ~~ 'linen%'::text)","Rows Removed by Filter": 197852},{"Node Type": "Index Scan","Parent Relationship": "Inner","Parallel Aware": false,"Async Capable": false,"Scan Direction": "Forward","Index Name": "idx_partsupp_partkey","Relation Name": "partsupp","Alias": "partsupp","Startup Cost": 0.42,"Total Cost": 40.36,"Plan Rows": 1,"Plan Width": 8,"Actual Startup Time": 0.136,"Actual Total Time": 0.321,"Actual Rows": 3,"Actual Loops": 2148,"Index Cond": "(ps_partkey = part.p_partkey)","Rows Removed by Index Recheck": 0,"Filter": "((ps_availqty)::numeric > (SubPlan 1))","Rows Removed by Filter": 1,"Plans": [{"Node Type": "Aggregate","Strategy": "Plain","Partial Mode": "Simple","Parent Relationship": "SubPlan","Subplan Name": "SubPlan 1","Parallel Aware": false,"Async Capable": false,"Startup Cost": 8.46,"Total Cost": 8.47,"Plan Rows": 1,"Plan Width": 32,"Actual Startup Time": 0.072,"Actual Total Time": 0.072,"Actual Rows": 1,"Actual Loops": 8592,"Plans": [{"Node Type": "Index Scan","Parent Relationship": "Outer","Parallel Aware": false,"Async Capable": false,"Scan Direction": "Forward","Index Name": "idx_lineitem_part_supp","Relation Name": "lineitem","Alias": "lineitem","Startup Cost": 0.43,"Total Cost": 8.46,"Plan Rows": 0,"Plan Width": 5,"Actual Startup Time": 0.044,"Actual Total Time": 0.071,"Actual Rows": 1,"Actual Loops": 8592,"Index Cond": "((l_partkey = partsupp.ps_partkey) AND (l_suppkey = partsupp.ps_suppkey))","Rows Removed by Index Recheck": 0,"Filter": "((l_shipdate >= '1993-01-01'::date) AND (l_shipdate < '1994-01-01 00:00:00'::timestamp without time zone))","Rows Removed by Filter": 6}]}]}]}]}]}]},"Planning Time": 7.000,"Triggers": [],"Execution Time": 894.905}]
[{"Plan": {"Node Type": "Sort","Parallel Aware": false,"Async Capable": false,"Startup Cost": 88442.96,"Total Cost": 88443.23,"Plan Rows": 108,"Plan Width": 51,"Actual Startup Time": 924.842,"Actual Total Time": 924.868,"Actual Rows": 183,"Actual Loops": 1,"Sort Key": ["supplier.s_name"],"Sort Method": "quicksort","Sort Space Used": 42,"Sort Space Type": "Memory","Plans": [{"Node Type": "Hash Join","Parent Relationship": "Outer","Parallel Aware": false,"Async Capable": false,"Join Type": "Semi","Startup Cost": 88199.59,"Total Cost": 88439.31,"Plan Rows": 108,"Plan Width": 51,"Actual Startup Time": 920.484,"Actual Total Time": 924.490,"Actual Rows": 183,"Actual Loops": 1,"Inner Unique": false,"Hash Cond": "(supplier.s_suppkey = partsupp.ps_suppkey)","Plans": [{"Node Type": "Nested Loop","Parent Relationship": "Outer","Parallel Aware": false,"Async Capable": false,"Join Type": "Inner","Startup Cost": 7.38,"Total Cost": 244.58,"Plan Rows": 400,"Plan Width": 55,"Actual Startup Time": 0.358,"Actual Total Time": 4.252,"Actual Rows": 401,"Actual Loops": 1,"Inner Unique": false,"Plans": [{"Node Type": "Seq Scan","Parent Relationship": "Outer","Parallel Aware": false,"Async Capable": false,"Relation Name": "nation","Alias": "nation","Startup Cost": 0.00,"Total Cost": 1.31,"Plan Rows": 1,"Plan Width": 4,"Actual Startup Time": 0.085,"Actual Total Time": 0.102,"Actual Rows": 1,"Actual Loops": 1,"Filter": "(n_name = 'RUSSIA'::bpchar)","Rows Removed by Filter": 24},{"Node Type": "Bitmap Heap Scan","Parent Relationship": "Inner","Parallel Aware": false,"Async Capable": false,"Relation Name": "supplier","Alias": "supplier","Startup Cost": 7.38,"Total Cost": 239.27,"Plan Rows": 400,"Plan Width": 59,"Actual Startup Time": 0.262,"Actual Total Time": 4.072,"Actual Rows": 401,"Actual Loops": 1,"Recheck Cond": "(s_nationkey = nation.n_nationkey)","Rows Removed by Index Recheck": 0,"Exact Heap Blocks": 180,"Lossy Heap Blocks": 0,"Plans": [{"Node Type": "Bitmap Index Scan","Parent Relationship": "Outer","Parallel Aware": false,"Async Capable": false,"Index Name": "idx_supplier_nation_key","Startup Cost": 0.00,"Total Cost": 7.29,"Plan Rows": 400,"Plan Width": 0,"Actual Startup Time": 0.164,"Actual Total Time": 0.167,"Actual Rows": 401,"Actual Loops": 1,"Index Cond": "(s_nationkey = nation.n_nationkey)"}]}]},{"Node Type": "Hash","Parent Relationship": "Inner","Parallel Aware": false,"Async Capable": false,"Startup Cost": 88158.53,"Total Cost": 88158.53,"Plan Rows": 2694,"Plan Width": 4,"Actual Startup Time": 920.026,"Actual Total Time": 920.032,"Actual Rows": 6039,"Actual Loops": 1,"Hash Buckets": 8192,"Original Hash Buckets": 4096,"Hash Batches": 1,"Original Hash Batches": 1,"Peak Memory Usage": 277,"Plans": [{"Node Type": "Nested Loop","Parent Relationship": "Outer","Parallel Aware": false,"Async Capable": false,"Join Type": "Inner","Startup Cost": 0.42,"Total Cost": 88158.53,"Plan Rows": 2694,"Plan Width": 4,"Actual Startup Time": 0.527,"Actual Total Time": 915.310,"Actual Rows": 6039,"Actual Loops": 1,"Inner Unique": false,"Plans": [{"Node Type": "Seq Scan","Parent Relationship": "Outer","Parallel Aware": false,"Async Capable": false,"Relation Name": "part","Alias": "part","Startup Cost": 0.00,"Total Cost": 6597.00,"Plan Rows": 2020,"Plan Width": 4,"Actual Startup Time": 0.085,"Actual Total Time": 202.335,"Actual Rows": 2233,"Actual Loops": 1,"Filter": "((p_name)::text ~~ 'chiffon%'::text)","Rows Removed by Filter": 197767},{"Node Type": "Index Scan","Parent Relationship": "Inner","Parallel Aware": false,"Async Capable": false,"Scan Direction": "Forward","Index Name": "idx_partsupp_partkey","Relation Name": "partsupp","Alias": "partsupp","Startup Cost": 0.42,"Total Cost": 40.36,"Plan Rows": 1,"Plan Width": 8,"Actual Startup Time": 0.136,"Actual Total Time": 0.319,"Actual Rows": 3,"Actual Loops": 2233,"Index Cond": "(ps_partkey = part.p_partkey)","Rows Removed by Index Recheck": 0,"Filter": "((ps_availqty)::numeric > (SubPlan 1))","Rows Removed by Filter": 1,"Plans": [{"Node Type": "Aggregate","Strategy": "Plain","Partial Mode": "Simple","Parent Relationship": "SubPlan","Subplan Name": "SubPlan 1","Parallel Aware": false,"Async Capable": false,"Startup Cost": 8.46,"Total Cost": 8.47,"Plan Rows": 1,"Plan Width": 32,"Actual Startup Time": 0.071,"Actual Total Time": 0.071,"Actual Rows": 1,"Actual Loops": 8932,"Plans": [{"Node Type": "Index Scan","Parent Relationship": "Outer","Parallel Aware": false,"Async Capable": false,"Scan Direction": "Forward","Index Name": "idx_lineitem_part_supp","Relation Name": "lineitem","Alias": "lineitem","Startup Cost": 0.43,"Total Cost": 8.46,"Plan Rows": 0,"Plan Width": 5,"Actual Startup Time": 0.044,"Actual Total Time": 0.070,"Actual Rows": 1,"Actual Loops": 8932,"Index Cond": "((l_partkey = partsupp.ps_partkey) AND (l_suppkey = partsupp.ps_suppkey))","Rows Removed by Index Recheck": 0,"Filter": "((l_shipdate >= '1995-01-01'::date) AND (l_shipdate < '1996-01-01 00:00:00'::timestamp without time zone))","Rows Removed by Filter": 6}]}]}]}]}]}]},"Planning Time": 7.406,"Triggers": [],"Execution Time": 925.158}]
[{"Plan": {"Node Type": "Sort","Parallel Aware": false,"Async Capable": false,"Startup Cost": 88442.96,"Total Cost": 88443.23,"Plan Rows": 108,"Plan Width": 51,"Actual Startup Time": 924.166,"Actual Total Time": 924.209,"Actual Rows": 188,"Actual Loops": 1,"Sort Key": ["supplier.s_name"],"Sort Method": "quicksort","Sort Space Used": 42,"Sort Space Type": "Memory","Plans": [{"Node Type": "Hash Join","Parent Relationship": "Outer","Parallel Aware": false,"Async Capable": false,"Join Type": "Semi","Startup Cost": 88199.59,"Total Cost": 88439.31,"Plan Rows": 108,"Plan Width": 51,"Actual Startup Time": 919.793,"Actual Total Time": 923.841,"Actual Rows": 188,"Actual Loops": 1,"Inner Unique": false,"Hash Cond": "(supplier.s_suppkey = partsupp.ps_suppkey)","Plans": [{"Node Type": "Nested Loop","Parent Relationship": "Outer","Parallel Aware": false,"Async Capable": false,"Join Type": "Inner","Startup Cost": 7.38,"Total Cost": 244.58,"Plan Rows": 400,"Plan Width": 55,"Actual Startup Time": 0.298,"Actual Total Time": 4.229,"Actual Rows": 421,"Actual Loops": 1,"Inner Unique": false,"Plans": [{"Node Type": "Seq Scan","Parent Relationship": "Outer","Parallel Aware": false,"Async Capable": false,"Relation Name": "nation","Alias": "nation","Startup Cost": 0.00,"Total Cost": 1.31,"Plan Rows": 1,"Plan Width": 4,"Actual Startup Time": 0.058,"Actual Total Time": 0.084,"Actual Rows": 1,"Actual Loops": 1,"Filter": "(n_name = 'PERU'::bpchar)","Rows Removed by Filter": 24},{"Node Type": "Bitmap Heap Scan","Parent Relationship": "Inner","Parallel Aware": false,"Async Capable": false,"Relation Name": "supplier","Alias": "supplier","Startup Cost": 7.38,"Total Cost": 239.27,"Plan Rows": 400,"Plan Width": 59,"Actual Startup Time": 0.227,"Actual Total Time": 4.069,"Actual Rows": 421,"Actual Loops": 1,"Recheck Cond": "(s_nationkey = nation.n_nationkey)","Rows Removed by Index Recheck": 0,"Exact Heap Blocks": 187,"Lossy Heap Blocks": 0,"Plans": [{"Node Type": "Bitmap Index Scan","Parent Relationship": "Outer","Parallel Aware": false,"Async Capable": false,"Index Name": "idx_supplier_nation_key","Startup Cost": 0.00,"Total Cost": 7.29,"Plan Rows": 400,"Plan Width": 0,"Actual Startup Time": 0.159,"Actual Total Time": 0.165,"Actual Rows": 421,"Actual Loops": 1,"Index Cond": "(s_nationkey = nation.n_nationkey)"}]}]},{"Node Type": "Hash","Parent Relationship": "Inner","Parallel Aware": false,"Async Capable": false,"Startup Cost": 88158.53,"Total Cost": 88158.53,"Plan Rows": 2694,"Plan Width": 4,"Actual Startup Time": 919.409,"Actual Total Time": 919.423,"Actual Rows": 5992,"Actual Loops": 1,"Hash Buckets": 8192,"Original Hash Buckets": 4096,"Hash Batches": 1,"Original Hash Batches": 1,"Peak Memory Usage": 275,"Plans": [{"Node Type": "Nested Loop","Parent Relationship": "Outer","Parallel Aware": false,"Async Capable": false,"Join Type": "Inner","Startup Cost": 0.42,"Total Cost": 88158.53,"Plan Rows": 2694,"Plan Width": 4,"Actual Startup Time": 0.463,"Actual Total Time": 914.910,"Actual Rows": 5992,"Actual Loops": 1,"Inner Unique": false,"Plans": [{"Node Type": "Seq Scan","Parent Relationship": "Outer","Parallel Aware": false,"Async Capable": false,"Relation Name": "part","Alias": "part","Startup Cost": 0.00,"Total Cost": 6597.00,"Plan Rows": 2020,"Plan Width": 4,"Actual Startup Time": 0.169,"Actual Total Time": 201.341,"Actual Rows": 2222,"Actual Loops": 1,"Filter": "((p_name)::text ~~ 'hot%'::text)","Rows Removed by Filter": 197778},{"Node Type": "Index Scan","Parent Relationship": "Inner","Parallel Aware": false,"Async Capable": false,"Scan Direction": "Forward","Index Name": "idx_partsupp_partkey","Relation Name": "partsupp","Alias": "partsupp","Startup Cost": 0.42,"Total Cost": 40.36,"Plan Rows": 1,"Plan Width": 8,"Actual Startup Time": 0.138,"Actual Total Time": 0.321,"Actual Rows": 3,"Actual Loops": 2222,"Index Cond": "(ps_partkey = part.p_partkey)","Rows Removed by Index Recheck": 0,"Filter": "((ps_availqty)::numeric > (SubPlan 1))","Rows Removed by Filter": 1,"Plans": [{"Node Type": "Aggregate","Strategy": "Plain","Partial Mode": "Simple","Parent Relationship": "SubPlan","Subplan Name": "SubPlan 1","Parallel Aware": false,"Async Capable": false,"Startup Cost": 8.46,"Total Cost": 8.47,"Plan Rows": 1,"Plan Width": 32,"Actual Startup Time": 0.072,"Actual Total Time": 0.072,"Actual Rows": 1,"Actual Loops": 8888,"Plans": [{"Node Type": "Index Scan","Parent Relationship": "Outer","Parallel Aware": false,"Async Capable": false,"Scan Direction": "Forward","Index Name": "idx_lineitem_part_supp","Relation Name": "lineitem","Alias": "lineitem","Startup Cost": 0.43,"Total Cost": 8.46,"Plan Rows": 0,"Plan Width": 5,"Actual Startup Time": 0.044,"Actual Total Time": 0.071,"Actual Rows": 1,"Actual Loops": 8888,"Index Cond": "((l_partkey = partsupp.ps_partkey) AND (l_suppkey = partsupp.ps_suppkey))","Rows Removed by Index Recheck": 0,"Filter": "((l_shipdate >= '1996-01-01'::date) AND (l_shipdate < '1997-01-01 00:00:00'::timestamp without time zone))","Rows Removed by Filter": 6}]}]}]}]}]}]},"Planning Time": 6.092,"Triggers": [],"Execution Time": 924.506}]
[{"Plan": {"Node Type": "Sort","Parallel Aware": false,"Async Capable": false,"Startup Cost": 88442.96,"Total Cost": 88443.23,"Plan Rows": 108,"Plan Width": 51,"Actual Startup Time": 914.947,"Actual Total Time": 914.987,"Actual Rows": 166,"Actual Loops": 1,"Sort Key": ["supplier.s_name"],"Sort Method": "quicksort","Sort Space Used": 40,"Sort Space Type": "Memory","Plans": [{"Node Type": "Hash Join","Parent Relationship": "Outer","Parallel Aware": false,"Async Capable": false,"Join Type": "Semi","Startup Cost": 88199.59,"Total Cost": 88439.31,"Plan Rows": 108,"Plan Width": 51,"Actual Startup Time": 910.432,"Actual Total Time": 914.483,"Actual Rows": 166,"Actual Loops": 1,"Inner Unique": false,"Hash Cond": "(supplier.s_suppkey = partsupp.ps_suppkey)","Plans": [{"Node Type": "Nested Loop","Parent Relationship": "Outer","Parallel Aware": false,"Async Capable": false,"Join Type": "Inner","Startup Cost": 7.38,"Total Cost": 244.58,"Plan Rows": 400,"Plan Width": 55,"Actual Startup Time": 0.292,"Actual Total Time": 4.207,"Actual Rows": 390,"Actual Loops": 1,"Inner Unique": false,"Plans": [{"Node Type": "Seq Scan","Parent Relationship": "Outer","Parallel Aware": false,"Async Capable": false,"Relation Name": "nation","Alias": "nation","Startup Cost": 0.00,"Total Cost": 1.31,"Plan Rows": 1,"Plan Width": 4,"Actual Startup Time": 0.076,"Actual Total Time": 0.093,"Actual Rows": 1,"Actual Loops": 1,"Filter": "(n_name = 'UNITED KINGDOM'::bpchar)","Rows Removed by Filter": 24},{"Node Type": "Bitmap Heap Scan","Parent Relationship": "Inner","Parallel Aware": false,"Async Capable": false,"Relation Name": "supplier","Alias": "supplier","Startup Cost": 7.38,"Total Cost": 239.27,"Plan Rows": 400,"Plan Width": 59,"Actual Startup Time": 0.207,"Actual Total Time": 4.038,"Actual Rows": 390,"Actual Loops": 1,"Recheck Cond": "(s_nationkey = nation.n_nationkey)","Rows Removed by Index Recheck": 0,"Exact Heap Blocks": 190,"Lossy Heap Blocks": 0,"Plans": [{"Node Type": "Bitmap Index Scan","Parent Relationship": "Outer","Parallel Aware": false,"Async Capable": false,"Index Name": "idx_supplier_nation_key","Startup Cost": 0.00,"Total Cost": 7.29,"Plan Rows": 400,"Plan Width": 0,"Actual Startup Time": 0.140,"Actual Total Time": 0.147,"Actual Rows": 390,"Actual Loops": 1,"Index Cond": "(s_nationkey = nation.n_nationkey)"}]}]},{"Node Type": "Hash","Parent Relationship": "Inner","Parallel Aware": false,"Async Capable": false,"Startup Cost": 88158.53,"Total Cost": 88158.53,"Plan Rows": 2694,"Plan Width": 4,"Actual Startup Time": 910.089,"Actual Total Time": 910.098,"Actual Rows": 5983,"Actual Loops": 1,"Hash Buckets": 8192,"Original Hash Buckets": 4096,"Hash Batches": 1,"Original Hash Batches": 1,"Peak Memory Usage": 275,"Plans": [{"Node Type": "Nested Loop","Parent Relationship": "Outer","Parallel Aware": false,"Async Capable": false,"Join Type": "Inner","Startup Cost": 0.42,"Total Cost": 88158.53,"Plan Rows": 2694,"Plan Width": 4,"Actual Startup Time": 0.548,"Actual Total Time": 905.838,"Actual Rows": 5983,"Actual Loops": 1,"Inner Unique": false,"Plans": [{"Node Type": "Seq Scan","Parent Relationship": "Outer","Parallel Aware": false,"Async Capable": false,"Relation Name": "part","Alias": "part","Startup Cost": 0.00,"Total Cost": 6597.00,"Plan Rows": 2020,"Plan Width": 4,"Actual Startup Time": 0.162,"Actual Total Time": 199.886,"Actual Rows": 2178,"Actual Loops": 1,"Filter": "((p_name)::text ~~ 'salmon%'::text)","Rows Removed by Filter": 197822},{"Node Type": "Index Scan","Parent Relationship": "Inner","Parallel Aware": false,"Async Capable": false,"Scan Direction": "Forward","Index Name": "idx_partsupp_partkey","Relation Name": "partsupp","Alias": "partsupp","Startup Cost": 0.42,"Total Cost": 40.36,"Plan Rows": 1,"Plan Width": 8,"Actual Startup Time": 0.136,"Actual Total Time": 0.324,"Actual Rows": 3,"Actual Loops": 2178,"Index Cond": "(ps_partkey = part.p_partkey)","Rows Removed by Index Recheck": 0,"Filter": "((ps_availqty)::numeric > (SubPlan 1))","Rows Removed by Filter": 1,"Plans": [{"Node Type": "Aggregate","Strategy": "Plain","Partial Mode": "Simple","Parent Relationship": "SubPlan","Subplan Name": "SubPlan 1","Parallel Aware": false,"Async Capable": false,"Startup Cost": 8.46,"Total Cost": 8.47,"Plan Rows": 1,"Plan Width": 32,"Actual Startup Time": 0.072,"Actual Total Time": 0.072,"Actual Rows": 1,"Actual Loops": 8712,"Plans": [{"Node Type": "Index Scan","Parent Relationship": "Outer","Parallel Aware": false,"Async Capable": false,"Scan Direction": "Forward","Index Name": "idx_lineitem_part_supp","Relation Name": "lineitem","Alias": "lineitem","Startup Cost": 0.43,"Total Cost": 8.46,"Plan Rows": 0,"Plan Width": 5,"Actual Startup Time": 0.044,"Actual Total Time": 0.072,"Actual Rows": 1,"Actual Loops": 8712,"Index Cond": "((l_partkey = partsupp.ps_partkey) AND (l_suppkey = partsupp.ps_suppkey))","Rows Removed by Index Recheck": 0,"Filter": "((l_shipdate >= '1995-01-01'::date) AND (l_shipdate < '1996-01-01 00:00:00'::timestamp without time zone))","Rows Removed by Filter": 6}]}]}]}]}]}]},"Planning Time": 6.944,"Triggers": [],"Execution Time": 915.229}]
[{"Plan": {"Node Type": "Sort","Parallel Aware": false,"Async Capable": false,"Startup Cost": 88442.96,"Total Cost": 88443.23,"Plan Rows": 108,"Plan Width": 51,"Actual Startup Time": 968.975,"Actual Total Time": 969.019,"Actual Rows": 184,"Actual Loops": 1,"Sort Key": ["supplier.s_name"],"Sort Method": "quicksort","Sort Space Used": 42,"Sort Space Type": "Memory","Plans": [{"Node Type": "Hash Join","Parent Relationship": "Outer","Parallel Aware": false,"Async Capable": false,"Join Type": "Semi","Startup Cost": 88199.59,"Total Cost": 88439.31,"Plan Rows": 108,"Plan Width": 51,"Actual Startup Time": 964.591,"Actual Total Time": 968.642,"Actual Rows": 184,"Actual Loops": 1,"Inner Unique": false,"Hash Cond": "(supplier.s_suppkey = partsupp.ps_suppkey)","Plans": [{"Node Type": "Nested Loop","Parent Relationship": "Outer","Parallel Aware": false,"Async Capable": false,"Join Type": "Inner","Startup Cost": 7.38,"Total Cost": 244.58,"Plan Rows": 400,"Plan Width": 55,"Actual Startup Time": 0.250,"Actual Total Time": 4.228,"Actual Rows": 407,"Actual Loops": 1,"Inner Unique": false,"Plans": [{"Node Type": "Seq Scan","Parent Relationship": "Outer","Parallel Aware": false,"Async Capable": false,"Relation Name": "nation","Alias": "nation","Startup Cost": 0.00,"Total Cost": 1.31,"Plan Rows": 1,"Plan Width": 4,"Actual Startup Time": 0.075,"Actual Total Time": 0.091,"Actual Rows": 1,"Actual Loops": 1,"Filter": "(n_name = 'CHINA'::bpchar)","Rows Removed by Filter": 24},{"Node Type": "Bitmap Heap Scan","Parent Relationship": "Inner","Parallel Aware": false,"Async Capable": false,"Relation Name": "supplier","Alias": "supplier","Startup Cost": 7.38,"Total Cost": 239.27,"Plan Rows": 400,"Plan Width": 59,"Actual Startup Time": 0.172,"Actual Total Time": 4.063,"Actual Rows": 407,"Actual Loops": 1,"Recheck Cond": "(s_nationkey = nation.n_nationkey)","Rows Removed by Index Recheck": 0,"Exact Heap Blocks": 186,"Lossy Heap Blocks": 0,"Plans": [{"Node Type": "Bitmap Index Scan","Parent Relationship": "Outer","Parallel Aware": false,"Async Capable": false,"Index Name": "idx_supplier_nation_key","Startup Cost": 0.00,"Total Cost": 7.29,"Plan Rows": 400,"Plan Width": 0,"Actual Startup Time": 0.110,"Actual Total Time": 0.114,"Actual Rows": 407,"Actual Loops": 1,"Index Cond": "(s_nationkey = nation.n_nationkey)"}]}]},{"Node Type": "Hash","Parent Relationship": "Inner","Parallel Aware": false,"Async Capable": false,"Startup Cost": 88158.53,"Total Cost": 88158.53,"Plan Rows": 2694,"Plan Width": 4,"Actual Startup Time": 964.256,"Actual Total Time": 964.270,"Actual Rows": 5838,"Actual Loops": 1,"Hash Buckets": 8192,"Original Hash Buckets": 4096,"Hash Batches": 1,"Original Hash Batches": 1,"Peak Memory Usage": 270,"Plans": [{"Node Type": "Nested Loop","Parent Relationship": "Outer","Parallel Aware": false,"Async Capable": false,"Join Type": "Inner","Startup Cost": 0.42,"Total Cost": 88158.53,"Plan Rows": 2694,"Plan Width": 4,"Actual Startup Time": 0.873,"Actual Total Time": 959.790,"Actual Rows": 5838,"Actual Loops": 1,"Inner Unique": false,"Plans": [{"Node Type": "Seq Scan","Parent Relationship": "Outer","Parallel Aware": false,"Async Capable": false,"Relation Name": "part","Alias": "part","Startup Cost": 0.00,"Total Cost": 6597.00,"Plan Rows": 2020,"Plan Width": 4,"Actual Startup Time": 0.184,"Actual Total Time": 181.897,"Actual Rows": 2147,"Actual Loops": 1,"Filter": "((p_name)::text ~~ 'peru%'::text)","Rows Removed by Filter": 197853},{"Node Type": "Index Scan","Parent Relationship": "Inner","Parallel Aware": false,"Async Capable": false,"Scan Direction": "Forward","Index Name": "idx_partsupp_partkey","Relation Name": "partsupp","Alias": "partsupp","Startup Cost": 0.42,"Total Cost": 40.36,"Plan Rows": 1,"Plan Width": 8,"Actual Startup Time": 0.151,"Actual Total Time": 0.362,"Actual Rows": 3,"Actual Loops": 2147,"Index Cond": "(ps_partkey = part.p_partkey)","Rows Removed by Index Recheck": 0,"Filter": "((ps_availqty)::numeric > (SubPlan 1))","Rows Removed by Filter": 1,"Plans": [{"Node Type": "Aggregate","Strategy": "Plain","Partial Mode": "Simple","Parent Relationship": "SubPlan","Subplan Name": "SubPlan 1","Parallel Aware": false,"Async Capable": false,"Startup Cost": 8.46,"Total Cost": 8.47,"Plan Rows": 1,"Plan Width": 32,"Actual Startup Time": 0.082,"Actual Total Time": 0.082,"Actual Rows": 1,"Actual Loops": 8588,"Plans": [{"Node Type": "Index Scan","Parent Relationship": "Outer","Parallel Aware": false,"Async Capable": false,"Scan Direction": "Forward","Index Name": "idx_lineitem_part_supp","Relation Name": "lineitem","Alias": "lineitem","Startup Cost": 0.43,"Total Cost": 8.46,"Plan Rows": 0,"Plan Width": 5,"Actual Startup Time": 0.050,"Actual Total Time": 0.081,"Actual Rows": 1,"Actual Loops": 8588,"Index Cond": "((l_partkey = partsupp.ps_partkey) AND (l_suppkey = partsupp.ps_suppkey))","Rows Removed by Index Recheck": 0,"Filter": "((l_shipdate >= '1997-01-01'::date) AND (l_shipdate < '1998-01-01 00:00:00'::timestamp without time zone))","Rows Removed by Filter": 6}]}]}]}]}]}]},"Planning Time": 7.348,"Triggers": [],"Execution Time": 969.277}]
[{"Plan": {"Node Type": "Sort","Parallel Aware": false,"Async Capable": false,"Startup Cost": 88442.96,"Total Cost": 88443.23,"Plan Rows": 108,"Plan Width": 51,"Actual Startup Time": 897.343,"Actual Total Time": 897.369,"Actual Rows": 171,"Actual Loops": 1,"Sort Key": ["supplier.s_name"],"Sort Method": "quicksort","Sort Space Used": 40,"Sort Space Type": "Memory","Plans": [{"Node Type": "Hash Join","Parent Relationship": "Outer","Parallel Aware": false,"Async Capable": false,"Join Type": "Semi","Startup Cost": 88199.59,"Total Cost": 88439.31,"Plan Rows": 108,"Plan Width": 51,"Actual Startup Time": 893.169,"Actual Total Time": 897.024,"Actual Rows": 171,"Actual Loops": 1,"Inner Unique": false,"Hash Cond": "(supplier.s_suppkey = partsupp.ps_suppkey)","Plans": [{"Node Type": "Nested Loop","Parent Relationship": "Outer","Parallel Aware": false,"Async Capable": false,"Join Type": "Inner","Startup Cost": 7.38,"Total Cost": 244.58,"Plan Rows": 400,"Plan Width": 55,"Actual Startup Time": 0.266,"Actual Total Time": 3.989,"Actual Rows": 380,"Actual Loops": 1,"Inner Unique": false,"Plans": [{"Node Type": "Seq Scan","Parent Relationship": "Outer","Parallel Aware": false,"Async Capable": false,"Relation Name": "nation","Alias": "nation","Startup Cost": 0.00,"Total Cost": 1.31,"Plan Rows": 1,"Plan Width": 4,"Actual Startup Time": 0.051,"Actual Total Time": 0.070,"Actual Rows": 1,"Actual Loops": 1,"Filter": "(n_name = 'ETHIOPIA'::bpchar)","Rows Removed by Filter": 24},{"Node Type": "Bitmap Heap Scan","Parent Relationship": "Inner","Parallel Aware": false,"Async Capable": false,"Relation Name": "supplier","Alias": "supplier","Startup Cost": 7.38,"Total Cost": 239.27,"Plan Rows": 400,"Plan Width": 59,"Actual Startup Time": 0.207,"Actual Total Time": 3.857,"Actual Rows": 380,"Actual Loops": 1,"Recheck Cond": "(s_nationkey = nation.n_nationkey)","Rows Removed by Index Recheck": 0,"Exact Heap Blocks": 192,"Lossy Heap Blocks": 0,"Plans": [{"Node Type": "Bitmap Index Scan","Parent Relationship": "Outer","Parallel Aware": false,"Async Capable": false,"Index Name": "idx_supplier_nation_key","Startup Cost": 0.00,"Total Cost": 7.29,"Plan Rows": 400,"Plan Width": 0,"Actual Startup Time": 0.147,"Actual Total Time": 0.147,"Actual Rows": 380,"Actual Loops": 1,"Index Cond": "(s_nationkey = nation.n_nationkey)"}]}]},{"Node Type": "Hash","Parent Relationship": "Inner","Parallel Aware": false,"Async Capable": false,"Startup Cost": 88158.53,"Total Cost": 88158.53,"Plan Rows": 2694,"Plan Width": 4,"Actual Startup Time": 892.837,"Actual Total Time": 892.848,"Actual Rows": 5917,"Actual Loops": 1,"Hash Buckets": 8192,"Original Hash Buckets": 4096,"Hash Batches": 1,"Original Hash Batches": 1,"Peak Memory Usage": 273,"Plans": [{"Node Type": "Nested Loop","Parent Relationship": "Outer","Parallel Aware": false,"Async Capable": false,"Join Type": "Inner","Startup Cost": 0.42,"Total Cost": 88158.53,"Plan Rows": 2694,"Plan Width": 4,"Actual Startup Time": 0.676,"Actual Total Time": 887.900,"Actual Rows": 5917,"Actual Loops": 1,"Inner Unique": false,"Plans": [{"Node Type": "Seq Scan","Parent Relationship": "Outer","Parallel Aware": false,"Async Capable": false,"Relation Name": "part","Alias": "part","Startup Cost": 0.00,"Total Cost": 6597.00,"Plan Rows": 2020,"Plan Width": 4,"Actual Startup Time": 0.198,"Actual Total Time": 192.634,"Actual Rows": 2176,"Actual Loops": 1,"Filter": "((p_name)::text ~~ 'yellow%'::text)","Rows Removed by Filter": 197824},{"Node Type": "Index Scan","Parent Relationship": "Inner","Parallel Aware": false,"Async Capable": false,"Scan Direction": "Forward","Index Name": "idx_partsupp_partkey","Relation Name": "partsupp","Alias": "partsupp","Startup Cost": 0.42,"Total Cost": 40.36,"Plan Rows": 1,"Plan Width": 8,"Actual Startup Time": 0.134,"Actual Total Time": 0.319,"Actual Rows": 3,"Actual Loops": 2176,"Index Cond": "(ps_partkey = part.p_partkey)","Rows Removed by Index Recheck": 0,"Filter": "((ps_availqty)::numeric > (SubPlan 1))","Rows Removed by Filter": 1,"Plans": [{"Node Type": "Aggregate","Strategy": "Plain","Partial Mode": "Simple","Parent Relationship": "SubPlan","Subplan Name": "SubPlan 1","Parallel Aware": false,"Async Capable": false,"Startup Cost": 8.46,"Total Cost": 8.47,"Plan Rows": 1,"Plan Width": 32,"Actual Startup Time": 0.072,"Actual Total Time": 0.072,"Actual Rows": 1,"Actual Loops": 8704,"Plans": [{"Node Type": "Index Scan","Parent Relationship": "Outer","Parallel Aware": false,"Async Capable": false,"Scan Direction": "Forward","Index Name": "idx_lineitem_part_supp","Relation Name": "lineitem","Alias": "lineitem","Startup Cost": 0.43,"Total Cost": 8.46,"Plan Rows": 0,"Plan Width": 5,"Actual Startup Time": 0.044,"Actual Total Time": 0.071,"Actual Rows": 1,"Actual Loops": 8704,"Index Cond": "((l_partkey = partsupp.ps_partkey) AND (l_suppkey = partsupp.ps_suppkey))","Rows Removed by Index Recheck": 0,"Filter": "((l_shipdate >= '1994-01-01'::date) AND (l_shipdate < '1995-01-01 00:00:00'::timestamp without time zone))","Rows Removed by Filter": 6}]}]}]}]}]}]},"Planning Time": 6.002,"Triggers": [],"Execution Time": 897.608}]
[{"Plan": {"Node Type": "Sort","Parallel Aware": false,"Async Capable": false,"Startup Cost": 88442.96,"Total Cost": 88443.23,"Plan Rows": 108,"Plan Width": 51,"Actual Startup Time": 965.919,"Actual Total Time": 965.967,"Actual Rows": 217,"Actual Loops": 1,"Sort Key": ["supplier.s_name"],"Sort Method": "quicksort","Sort Space Used": 44,"Sort Space Type": "Memory","Plans": [{"Node Type": "Hash Join","Parent Relationship": "Outer","Parallel Aware": false,"Async Capable": false,"Join Type": "Semi","Startup Cost": 88199.59,"Total Cost": 88439.31,"Plan Rows": 108,"Plan Width": 51,"Actual Startup Time": 961.151,"Actual Total Time": 965.551,"Actual Rows": 217,"Actual Loops": 1,"Inner Unique": false,"Hash Cond": "(supplier.s_suppkey = partsupp.ps_suppkey)","Plans": [{"Node Type": "Nested Loop","Parent Relationship": "Outer","Parallel Aware": false,"Async Capable": false,"Join Type": "Inner","Startup Cost": 7.38,"Total Cost": 244.58,"Plan Rows": 400,"Plan Width": 55,"Actual Startup Time": 0.334,"Actual Total Time": 4.617,"Actual Rows": 438,"Actual Loops": 1,"Inner Unique": false,"Plans": [{"Node Type": "Seq Scan","Parent Relationship": "Outer","Parallel Aware": false,"Async Capable": false,"Relation Name": "nation","Alias": "nation","Startup Cost": 0.00,"Total Cost": 1.31,"Plan Rows": 1,"Plan Width": 4,"Actual Startup Time": 0.071,"Actual Total Time": 0.102,"Actual Rows": 1,"Actual Loops": 1,"Filter": "(n_name = 'IRAQ'::bpchar)","Rows Removed by Filter": 24},{"Node Type": "Bitmap Heap Scan","Parent Relationship": "Inner","Parallel Aware": false,"Async Capable": false,"Relation Name": "supplier","Alias": "supplier","Startup Cost": 7.38,"Total Cost": 239.27,"Plan Rows": 400,"Plan Width": 59,"Actual Startup Time": 0.258,"Actual Total Time": 4.445,"Actual Rows": 438,"Actual Loops": 1,"Recheck Cond": "(s_nationkey = nation.n_nationkey)","Rows Removed by Index Recheck": 0,"Exact Heap Blocks": 194,"Lossy Heap Blocks": 0,"Plans": [{"Node Type": "Bitmap Index Scan","Parent Relationship": "Outer","Parallel Aware": false,"Async Capable": false,"Index Name": "idx_supplier_nation_key","Startup Cost": 0.00,"Total Cost": 7.29,"Plan Rows": 400,"Plan Width": 0,"Actual Startup Time": 0.175,"Actual Total Time": 0.183,"Actual Rows": 438,"Actual Loops": 1,"Index Cond": "(s_nationkey = nation.n_nationkey)"}]}]},{"Node Type": "Hash","Parent Relationship": "Inner","Parallel Aware": false,"Async Capable": false,"Startup Cost": 88158.53,"Total Cost": 88158.53,"Plan Rows": 2694,"Plan Width": 4,"Actual Startup Time": 960.747,"Actual Total Time": 960.756,"Actual Rows": 5873,"Actual Loops": 1,"Hash Buckets": 8192,"Original Hash Buckets": 4096,"Hash Batches": 1,"Original Hash Batches": 1,"Peak Memory Usage": 271,"Plans": [{"Node Type": "Nested Loop","Parent Relationship": "Outer","Parallel Aware": false,"Async Capable": false,"Join Type": "Inner","Startup Cost": 0.42,"Total Cost": 88158.53,"Plan Rows": 2694,"Plan Width": 4,"Actual Startup Time": 0.589,"Actual Total Time": 956.290,"Actual Rows": 5873,"Actual Loops": 1,"Inner Unique": false,"Plans": [{"Node Type": "Seq Scan","Parent Relationship": "Outer","Parallel Aware": false,"Async Capable": false,"Relation Name": "part","Alias": "part","Startup Cost": 0.00,"Total Cost": 6597.00,"Plan Rows": 2020,"Plan Width": 4,"Actual Startup Time": 0.078,"Actual Total Time": 180.171,"Actual Rows": 2169,"Actual Loops": 1,"Filter": "((p_name)::text ~~ 'slate%'::text)","Rows Removed by Filter": 197831},{"Node Type": "Index Scan","Parent Relationship": "Inner","Parallel Aware": false,"Async Capable": false,"Scan Direction": "Forward","Index Name": "idx_partsupp_partkey","Relation Name": "partsupp","Alias": "partsupp","Startup Cost": 0.42,"Total Cost": 40.36,"Plan Rows": 1,"Plan Width": 8,"Actual Startup Time": 0.150,"Actual Total Time": 0.357,"Actual Rows": 3,"Actual Loops": 2169,"Index Cond": "(ps_partkey = part.p_partkey)","Rows Removed by Index Recheck": 0,"Filter": "((ps_availqty)::numeric > (SubPlan 1))","Rows Removed by Filter": 1,"Plans": [{"Node Type": "Aggregate","Strategy": "Plain","Partial Mode": "Simple","Parent Relationship": "SubPlan","Subplan Name": "SubPlan 1","Parallel Aware": false,"Async Capable": false,"Startup Cost": 8.46,"Total Cost": 8.47,"Plan Rows": 1,"Plan Width": 32,"Actual Startup Time": 0.081,"Actual Total Time": 0.081,"Actual Rows": 1,"Actual Loops": 8676,"Plans": [{"Node Type": "Index Scan","Parent Relationship": "Outer","Parallel Aware": false,"Async Capable": false,"Scan Direction": "Forward","Index Name": "idx_lineitem_part_supp","Relation Name": "lineitem","Alias": "lineitem","Startup Cost": 0.43,"Total Cost": 8.46,"Plan Rows": 0,"Plan Width": 5,"Actual Startup Time": 0.050,"Actual Total Time": 0.080,"Actual Rows": 1,"Actual Loops": 8676,"Index Cond": "((l_partkey = partsupp.ps_partkey) AND (l_suppkey = partsupp.ps_suppkey))","Rows Removed by Index Recheck": 0,"Filter": "((l_shipdate >= '1996-01-01'::date) AND (l_shipdate < '1997-01-01 00:00:00'::timestamp without time zone))","Rows Removed by Filter": 6}]}]}]}]}]}]},"Planning Time": 6.591,"Triggers": [],"Execution Time": 966.226}]
[{"Plan": {"Node Type": "Sort","Parallel Aware": false,"Async Capable": false,"Startup Cost": 88442.96,"Total Cost": 88443.23,"Plan Rows": 108,"Plan Width": 51,"Actual Startup Time": 890.277,"Actual Total Time": 890.312,"Actual Rows": 186,"Actual Loops": 1,"Sort Key": ["supplier.s_name"],"Sort Method": "quicksort","Sort Space Used": 42,"Sort Space Type": "Memory","Plans": [{"Node Type": "Hash Join","Parent Relationship": "Outer","Parallel Aware": false,"Async Capable": false,"Join Type": "Semi","Startup Cost": 88199.59,"Total Cost": 88439.31,"Plan Rows": 108,"Plan Width": 51,"Actual Startup Time": 885.893,"Actual Total Time": 889.934,"Actual Rows": 186,"Actual Loops": 1,"Inner Unique": false,"Hash Cond": "(supplier.s_suppkey = partsupp.ps_suppkey)","Plans": [{"Node Type": "Nested Loop","Parent Relationship": "Outer","Parallel Aware": false,"Async Capable": false,"Join Type": "Inner","Startup Cost": 7.38,"Total Cost": 244.58,"Plan Rows": 400,"Plan Width": 55,"Actual Startup Time": 0.289,"Actual Total Time": 4.215,"Actual Rows": 415,"Actual Loops": 1,"Inner Unique": false,"Plans": [{"Node Type": "Seq Scan","Parent Relationship": "Outer","Parallel Aware": false,"Async Capable": false,"Relation Name": "nation","Alias": "nation","Startup Cost": 0.00,"Total Cost": 1.31,"Plan Rows": 1,"Plan Width": 4,"Actual Startup Time": 0.063,"Actual Total Time": 0.078,"Actual Rows": 1,"Actual Loops": 1,"Filter": "(n_name = 'INDIA'::bpchar)","Rows Removed by Filter": 24},{"Node Type": "Bitmap Heap Scan","Parent Relationship": "Inner","Parallel Aware": false,"Async Capable": false,"Relation Name": "supplier","Alias": "supplier","Startup Cost": 7.38,"Total Cost": 239.27,"Plan Rows": 400,"Plan Width": 59,"Actual Startup Time": 0.219,"Actual Total Time": 4.059,"Actual Rows": 415,"Actual Loops": 1,"Recheck Cond": "(s_nationkey = nation.n_nationkey)","Rows Removed by Index Recheck": 0,"Exact Heap Blocks": 186,"Lossy Heap Blocks": 0,"Plans": [{"Node Type": "Bitmap Index Scan","Parent Relationship": "Outer","Parallel Aware": false,"Async Capable": false,"Index Name": "idx_supplier_nation_key","Startup Cost": 0.00,"Total Cost": 7.29,"Plan Rows": 400,"Plan Width": 0,"Actual Startup Time": 0.152,"Actual Total Time": 0.158,"Actual Rows": 415,"Actual Loops": 1,"Index Cond": "(s_nationkey = nation.n_nationkey)"}]}]},{"Node Type": "Hash","Parent Relationship": "Inner","Parallel Aware": false,"Async Capable": false,"Startup Cost": 88158.53,"Total Cost": 88158.53,"Plan Rows": 2694,"Plan Width": 4,"Actual Startup Time": 885.548,"Actual Total Time": 885.557,"Actual Rows": 5779,"Actual Loops": 1,"Hash Buckets": 8192,"Original Hash Buckets": 4096,"Hash Batches": 1,"Original Hash Batches": 1,"Peak Memory Usage": 268,"Plans": [{"Node Type": "Nested Loop","Parent Relationship": "Outer","Parallel Aware": false,"Async Capable": false,"Join Type": "Inner","Startup Cost": 0.42,"Total Cost": 88158.53,"Plan Rows": 2694,"Plan Width": 4,"Actual Startup Time": 0.471,"Actual Total Time": 881.414,"Actual Rows": 5779,"Actual Loops": 1,"Inner Unique": false,"Plans": [{"Node Type": "Seq Scan","Parent Relationship": "Outer","Parallel Aware": false,"Async Capable": false,"Relation Name": "part","Alias": "part","Startup Cost": 0.00,"Total Cost": 6597.00,"Plan Rows": 2020,"Plan Width": 4,"Actual Startup Time": 0.187,"Actual Total Time": 194.761,"Actual Rows": 2126,"Actual Loops": 1,"Filter": "((p_name)::text ~~ 'navy%'::text)","Rows Removed by Filter": 197874},{"Node Type": "Index Scan","Parent Relationship": "Inner","Parallel Aware": false,"Async Capable": false,"Scan Direction": "Forward","Index Name": "idx_partsupp_partkey","Relation Name": "partsupp","Alias": "partsupp","Startup Cost": 0.42,"Total Cost": 40.36,"Plan Rows": 1,"Plan Width": 8,"Actual Startup Time": 0.138,"Actual Total Time": 0.322,"Actual Rows": 3,"Actual Loops": 2126,"Index Cond": "(ps_partkey = part.p_partkey)","Rows Removed by Index Recheck": 0,"Filter": "((ps_availqty)::numeric > (SubPlan 1))","Rows Removed by Filter": 1,"Plans": [{"Node Type": "Aggregate","Strategy": "Plain","Partial Mode": "Simple","Parent Relationship": "SubPlan","Subplan Name": "SubPlan 1","Parallel Aware": false,"Async Capable": false,"Startup Cost": 8.46,"Total Cost": 8.47,"Plan Rows": 1,"Plan Width": 32,"Actual Startup Time": 0.072,"Actual Total Time": 0.072,"Actual Rows": 1,"Actual Loops": 8504,"Plans": [{"Node Type": "Index Scan","Parent Relationship": "Outer","Parallel Aware": false,"Async Capable": false,"Scan Direction": "Forward","Index Name": "idx_lineitem_part_supp","Relation Name": "lineitem","Alias": "lineitem","Startup Cost": 0.43,"Total Cost": 8.46,"Plan Rows": 0,"Plan Width": 5,"Actual Startup Time": 0.044,"Actual Total Time": 0.072,"Actual Rows": 1,"Actual Loops": 8504,"Index Cond": "((l_partkey = partsupp.ps_partkey) AND (l_suppkey = partsupp.ps_suppkey))","Rows Removed by Index Recheck": 0,"Filter": "((l_shipdate >= '1997-01-01'::date) AND (l_shipdate < '1998-01-01 00:00:00'::timestamp without time zone))","Rows Removed by Filter": 6}]}]}]}]}]}]},"Planning Time": 5.860,"Triggers": [],"Execution Time": 890.570}]
[{"Plan": {"Node Type": "Sort","Parallel Aware": false,"Async Capable": false,"Startup Cost": 88442.96,"Total Cost": 88443.23,"Plan Rows": 108,"Plan Width": 51,"Actual Startup Time": 913.994,"Actual Total Time": 914.045,"Actual Rows": 189,"Actual Loops": 1,"Sort Key": ["supplier.s_name"],"Sort Method": "quicksort","Sort Space Used": 42,"Sort Space Type": "Memory","Plans": [{"Node Type": "Hash Join","Parent Relationship": "Outer","Parallel Aware": false,"Async Capable": false,"Join Type": "Semi","Startup Cost": 88199.59,"Total Cost": 88439.31,"Plan Rows": 108,"Plan Width": 51,"Actual Startup Time": 909.853,"Actual Total Time": 913.514,"Actual Rows": 189,"Actual Loops": 1,"Inner Unique": false,"Hash Cond": "(supplier.s_suppkey = partsupp.ps_suppkey)","Plans": [{"Node Type": "Nested Loop","Parent Relationship": "Outer","Parallel Aware": false,"Async Capable": false,"Join Type": "Inner","Startup Cost": 7.38,"Total Cost": 244.58,"Plan Rows": 400,"Plan Width": 55,"Actual Startup Time": 0.270,"Actual Total Time": 3.877,"Actual Rows": 398,"Actual Loops": 1,"Inner Unique": false,"Plans": [{"Node Type": "Seq Scan","Parent Relationship": "Outer","Parallel Aware": false,"Async Capable": false,"Relation Name": "nation","Alias": "nation","Startup Cost": 0.00,"Total Cost": 1.31,"Plan Rows": 1,"Plan Width": 4,"Actual Startup Time": 0.072,"Actual Total Time": 0.098,"Actual Rows": 1,"Actual Loops": 1,"Filter": "(n_name = 'ROMANIA'::bpchar)","Rows Removed by Filter": 24},{"Node Type": "Bitmap Heap Scan","Parent Relationship": "Inner","Parallel Aware": false,"Async Capable": false,"Relation Name": "supplier","Alias": "supplier","Startup Cost": 7.38,"Total Cost": 239.27,"Plan Rows": 400,"Plan Width": 59,"Actual Startup Time": 0.193,"Actual Total Time": 3.706,"Actual Rows": 398,"Actual Loops": 1,"Recheck Cond": "(s_nationkey = nation.n_nationkey)","Rows Removed by Index Recheck": 0,"Exact Heap Blocks": 186,"Lossy Heap Blocks": 0,"Plans": [{"Node Type": "Bitmap Index Scan","Parent Relationship": "Outer","Parallel Aware": false,"Async Capable": false,"Index Name": "idx_supplier_nation_key","Startup Cost": 0.00,"Total Cost": 7.29,"Plan Rows": 400,"Plan Width": 0,"Actual Startup Time": 0.123,"Actual Total Time": 0.131,"Actual Rows": 398,"Actual Loops": 1,"Index Cond": "(s_nationkey = nation.n_nationkey)"}]}]},{"Node Type": "Hash","Parent Relationship": "Inner","Parallel Aware": false,"Async Capable": false,"Startup Cost": 88158.53,"Total Cost": 88158.53,"Plan Rows": 2694,"Plan Width": 4,"Actual Startup Time": 909.477,"Actual Total Time": 909.490,"Actual Rows": 5956,"Actual Loops": 1,"Hash Buckets": 8192,"Original Hash Buckets": 4096,"Hash Batches": 1,"Original Hash Batches": 1,"Peak Memory Usage": 274,"Plans": [{"Node Type": "Nested Loop","Parent Relationship": "Outer","Parallel Aware": false,"Async Capable": false,"Join Type": "Inner","Startup Cost": 0.42,"Total Cost": 88158.53,"Plan Rows": 2694,"Plan Width": 4,"Actual Startup Time": 1.002,"Actual Total Time": 904.803,"Actual Rows": 5956,"Actual Loops": 1,"Inner Unique": false,"Plans": [{"Node Type": "Seq Scan","Parent Relationship": "Outer","Parallel Aware": false,"Async Capable": false,"Relation Name": "part","Alias": "part","Startup Cost": 0.00,"Total Cost": 6597.00,"Plan Rows": 2020,"Plan Width": 4,"Actual Startup Time": 0.090,"Actual Total Time": 196.297,"Actual Rows": 2205,"Actual Loops": 1,"Filter": "((p_name)::text ~~ 'rose%'::text)","Rows Removed by Filter": 197795},{"Node Type": "Index Scan","Parent Relationship": "Inner","Parallel Aware": false,"Async Capable": false,"Scan Direction": "Forward","Index Name": "idx_partsupp_partkey","Relation Name": "partsupp","Alias": "partsupp","Startup Cost": 0.42,"Total Cost": 40.36,"Plan Rows": 1,"Plan Width": 8,"Actual Startup Time": 0.135,"Actual Total Time": 0.321,"Actual Rows": 3,"Actual Loops": 2205,"Index Cond": "(ps_partkey = part.p_partkey)","Rows Removed by Index Recheck": 0,"Filter": "((ps_availqty)::numeric > (SubPlan 1))","Rows Removed by Filter": 1,"Plans": [{"Node Type": "Aggregate","Strategy": "Plain","Partial Mode": "Simple","Parent Relationship": "SubPlan","Subplan Name": "SubPlan 1","Parallel Aware": false,"Async Capable": false,"Startup Cost": 8.46,"Total Cost": 8.47,"Plan Rows": 1,"Plan Width": 32,"Actual Startup Time": 0.072,"Actual Total Time": 0.072,"Actual Rows": 1,"Actual Loops": 8820,"Plans": [{"Node Type": "Index Scan","Parent Relationship": "Outer","Parallel Aware": false,"Async Capable": false,"Scan Direction": "Forward","Index Name": "idx_lineitem_part_supp","Relation Name": "lineitem","Alias": "lineitem","Startup Cost": 0.43,"Total Cost": 8.46,"Plan Rows": 0,"Plan Width": 5,"Actual Startup Time": 0.044,"Actual Total Time": 0.071,"Actual Rows": 1,"Actual Loops": 8820,"Index Cond": "((l_partkey = partsupp.ps_partkey) AND (l_suppkey = partsupp.ps_suppkey))","Rows Removed by Index Recheck": 0,"Filter": "((l_shipdate >= '1997-01-01'::date) AND (l_shipdate < '1998-01-01 00:00:00'::timestamp without time zone))","Rows Removed by Filter": 6}]}]}]}]}]}]},"Planning Time": 6.683,"Triggers": [],"Execution Time": 914.310}]
[{"Plan": {"Node Type": "Sort","Parallel Aware": false,"Async Capable": false,"Startup Cost": 88442.96,"Total Cost": 88443.23,"Plan Rows": 108,"Plan Width": 51,"Actual Startup Time": 919.450,"Actual Total Time": 919.490,"Actual Rows": 178,"Actual Loops": 1,"Sort Key": ["supplier.s_name"],"Sort Method": "quicksort","Sort Space Used": 41,"Sort Space Type": "Memory","Plans": [{"Node Type": "Hash Join","Parent Relationship": "Outer","Parallel Aware": false,"Async Capable": false,"Join Type": "Semi","Startup Cost": 88199.59,"Total Cost": 88439.31,"Plan Rows": 108,"Plan Width": 51,"Actual Startup Time": 915.061,"Actual Total Time": 919.120,"Actual Rows": 178,"Actual Loops": 1,"Inner Unique": false,"Hash Cond": "(supplier.s_suppkey = partsupp.ps_suppkey)","Plans": [{"Node Type": "Nested Loop","Parent Relationship": "Outer","Parallel Aware": false,"Async Capable": false,"Join Type": "Inner","Startup Cost": 7.38,"Total Cost": 244.58,"Plan Rows": 400,"Plan Width": 55,"Actual Startup Time": 0.264,"Actual Total Time": 4.226,"Actual Rows": 412,"Actual Loops": 1,"Inner Unique": false,"Plans": [{"Node Type": "Seq Scan","Parent Relationship": "Outer","Parallel Aware": false,"Async Capable": false,"Relation Name": "nation","Alias": "nation","Startup Cost": 0.00,"Total Cost": 1.31,"Plan Rows": 1,"Plan Width": 4,"Actual Startup Time": 0.072,"Actual Total Time": 0.097,"Actual Rows": 1,"Actual Loops": 1,"Filter": "(n_name = 'CANADA'::bpchar)","Rows Removed by Filter": 24},{"Node Type": "Bitmap Heap Scan","Parent Relationship": "Inner","Parallel Aware": false,"Async Capable": false,"Relation Name": "supplier","Alias": "supplier","Startup Cost": 7.38,"Total Cost": 239.27,"Plan Rows": 400,"Plan Width": 59,"Actual Startup Time": 0.183,"Actual Total Time": 4.047,"Actual Rows": 412,"Actual Loops": 1,"Recheck Cond": "(s_nationkey = nation.n_nationkey)","Rows Removed by Index Recheck": 0,"Exact Heap Blocks": 189,"Lossy Heap Blocks": 0,"Plans": [{"Node Type": "Bitmap Index Scan","Parent Relationship": "Outer","Parallel Aware": false,"Async Capable": false,"Index Name": "idx_supplier_nation_key","Startup Cost": 0.00,"Total Cost": 7.29,"Plan Rows": 400,"Plan Width": 0,"Actual Startup Time": 0.125,"Actual Total Time": 0.129,"Actual Rows": 412,"Actual Loops": 1,"Index Cond": "(s_nationkey = nation.n_nationkey)"}]}]},{"Node Type": "Hash","Parent Relationship": "Inner","Parallel Aware": false,"Async Capable": false,"Startup Cost": 88158.53,"Total Cost": 88158.53,"Plan Rows": 2694,"Plan Width": 4,"Actual Startup Time": 914.690,"Actual Total Time": 914.702,"Actual Rows": 5947,"Actual Loops": 1,"Hash Buckets": 8192,"Original Hash Buckets": 4096,"Hash Batches": 1,"Original Hash Batches": 1,"Peak Memory Usage": 274,"Plans": [{"Node Type": "Nested Loop","Parent Relationship": "Outer","Parallel Aware": false,"Async Capable": false,"Join Type": "Inner","Startup Cost": 0.42,"Total Cost": 88158.53,"Plan Rows": 2694,"Plan Width": 4,"Actual Startup Time": 0.770,"Actual Total Time": 909.928,"Actual Rows": 5947,"Actual Loops": 1,"Inner Unique": false,"Plans": [{"Node Type": "Seq Scan","Parent Relationship": "Outer","Parallel Aware": false,"Async Capable": false,"Relation Name": "part","Alias": "part","Startup Cost": 0.00,"Total Cost": 6597.00,"Plan Rows": 2020,"Plan Width": 4,"Actual Startup Time": 0.227,"Actual Total Time": 200.792,"Actual Rows": 2176,"Actual Loops": 1,"Filter": "((p_name)::text ~~ 'yellow%'::text)","Rows Removed by Filter": 197824},{"Node Type": "Index Scan","Parent Relationship": "Inner","Parallel Aware": false,"Async Capable": false,"Scan Direction": "Forward","Index Name": "idx_partsupp_partkey","Relation Name": "partsupp","Alias": "partsupp","Startup Cost": 0.42,"Total Cost": 40.36,"Plan Rows": 1,"Plan Width": 8,"Actual Startup Time": 0.138,"Actual Total Time": 0.325,"Actual Rows": 3,"Actual Loops": 2176,"Index Cond": "(ps_partkey = part.p_partkey)","Rows Removed by Index Recheck": 0,"Filter": "((ps_availqty)::numeric > (SubPlan 1))","Rows Removed by Filter": 1,"Plans": [{"Node Type": "Aggregate","Strategy": "Plain","Partial Mode": "Simple","Parent Relationship": "SubPlan","Subplan Name": "SubPlan 1","Parallel Aware": false,"Async Capable": false,"Startup Cost": 8.46,"Total Cost": 8.47,"Plan Rows": 1,"Plan Width": 32,"Actual Startup Time": 0.073,"Actual Total Time": 0.073,"Actual Rows": 1,"Actual Loops": 8704,"Plans": [{"Node Type": "Index Scan","Parent Relationship": "Outer","Parallel Aware": false,"Async Capable": false,"Scan Direction": "Forward","Index Name": "idx_lineitem_part_supp","Relation Name": "lineitem","Alias": "lineitem","Startup Cost": 0.43,"Total Cost": 8.46,"Plan Rows": 0,"Plan Width": 5,"Actual Startup Time": 0.044,"Actual Total Time": 0.072,"Actual Rows": 1,"Actual Loops": 8704,"Index Cond": "((l_partkey = partsupp.ps_partkey) AND (l_suppkey = partsupp.ps_suppkey))","Rows Removed by Index Recheck": 0,"Filter": "((l_shipdate >= '1995-01-01'::date) AND (l_shipdate < '1996-01-01 00:00:00'::timestamp without time zone))","Rows Removed by Filter": 6}]}]}]}]}]}]},"Planning Time": 5.992,"Triggers": [],"Execution Time": 919.748}]
[{"Plan": {"Node Type": "Sort","Parallel Aware": false,"Async Capable": false,"Startup Cost": 165280.99,"Total Cost": 165281.52,"Plan Rows": 215,"Plan Width": 51,"Actual Startup Time": 931.234,"Actual Total Time": 931.275,"Actual Rows": 177,"Actual Loops": 1,"Sort Key": ["supplier.s_name"],"Sort Method": "quicksort","Sort Space Used": 41,"Sort Space Type": "Memory","Plans": [{"Node Type": "Hash Join","Parent Relationship": "Outer","Parallel Aware": false,"Async Capable": false,"Join Type": "Semi","Startup Cost": 165030.68,"Total Cost": 165272.66,"Plan Rows": 215,"Plan Width": 51,"Actual Startup Time": 926.533,"Actual Total Time": 930.875,"Actual Rows": 177,"Actual Loops": 1,"Inner Unique": false,"Hash Cond": "(supplier.s_suppkey = partsupp.ps_suppkey)","Plans": [{"Node Type": "Nested Loop","Parent Relationship": "Outer","Parallel Aware": false,"Async Capable": false,"Join Type": "Inner","Startup Cost": 7.38,"Total Cost": 244.58,"Plan Rows": 400,"Plan Width": 55,"Actual Startup Time": 0.256,"Actual Total Time": 4.097,"Actual Rows": 412,"Actual Loops": 1,"Inner Unique": false,"Plans": [{"Node Type": "Seq Scan","Parent Relationship": "Outer","Parallel Aware": false,"Async Capable": false,"Relation Name": "nation","Alias": "nation","Startup Cost": 0.00,"Total Cost": 1.31,"Plan Rows": 1,"Plan Width": 4,"Actual Startup Time": 0.077,"Actual Total Time": 0.105,"Actual Rows": 1,"Actual Loops": 1,"Filter": "(n_name = 'CANADA'::bpchar)","Rows Removed by Filter": 24},{"Node Type": "Bitmap Heap Scan","Parent Relationship": "Inner","Parallel Aware": false,"Async Capable": false,"Relation Name": "supplier","Alias": "supplier","Startup Cost": 7.38,"Total Cost": 239.27,"Plan Rows": 400,"Plan Width": 59,"Actual Startup Time": 0.174,"Actual Total Time": 3.900,"Actual Rows": 412,"Actual Loops": 1,"Recheck Cond": "(s_nationkey = nation.n_nationkey)","Rows Removed by Index Recheck": 0,"Exact Heap Blocks": 189,"Lossy Heap Blocks": 0,"Plans": [{"Node Type": "Bitmap Index Scan","Parent Relationship": "Outer","Parallel Aware": false,"Async Capable": false,"Index Name": "idx_supplier_nation_key","Startup Cost": 0.00,"Total Cost": 7.29,"Plan Rows": 400,"Plan Width": 0,"Actual Startup Time": 0.113,"Actual Total Time": 0.119,"Actual Rows": 412,"Actual Loops": 1,"Index Cond": "(s_nationkey = nation.n_nationkey)"}]}]},{"Node Type": "Hash","Parent Relationship": "Inner","Parallel Aware": false,"Async Capable": false,"Startup Cost": 164955.96,"Total Cost": 164955.96,"Plan Rows": 5387,"Plan Width": 4,"Actual Startup Time": 926.109,"Actual Total Time": 926.120,"Actual Rows": 5969,"Actual Loops": 1,"Hash Buckets": 8192,"Original Hash Buckets": 8192,"Hash Batches": 1,"Original Hash Batches": 1,"Peak Memory Usage": 274,"Plans": [{"Node Type": "Nested Loop","Parent Relationship": "Outer","Parallel Aware": false,"Async Capable": false,"Join Type": "Inner","Startup Cost": 0.42,"Total Cost": 164955.96,"Plan Rows": 5387,"Plan Width": 4,"Actual Startup Time": 0.622,"Actual Total Time": 919.831,"Actual Rows": 5969,"Actual Loops": 1,"Inner Unique": false,"Plans": [{"Node Type": "Seq Scan","Parent Relationship": "Outer","Parallel Aware": false,"Async Capable": false,"Relation Name": "part","Alias": "part","Startup Cost": 0.00,"Total Cost": 6597.00,"Plan Rows": 4040,"Plan Width": 4,"Actual Startup Time": 0.170,"Actual Total Time": 203.027,"Actual Rows": 2228,"Actual Loops": 1,"Filter": "((p_name)::text ~~ 'dim%'::text)","Rows Removed by Filter": 197772},{"Node Type": "Index Scan","Parent Relationship": "Inner","Parallel Aware": false,"Async Capable": false,"Scan Direction": "Forward","Index Name": "idx_partsupp_partkey","Relation Name": "partsupp","Alias": "partsupp","Startup Cost": 0.42,"Total Cost": 39.18,"Plan Rows": 1,"Plan Width": 8,"Actual Startup Time": 0.137,"Actual Total Time": 0.321,"Actual Rows": 3,"Actual Loops": 2228,"Index Cond": "(ps_partkey = part.p_partkey)","Rows Removed by Index Recheck": 0,"Filter": "((ps_availqty)::numeric > (SubPlan 1))","Rows Removed by Filter": 1,"Plans": [{"Node Type": "Aggregate","Strategy": "Plain","Partial Mode": "Simple","Parent Relationship": "SubPlan","Subplan Name": "SubPlan 1","Parallel Aware": false,"Async Capable": false,"Startup Cost": 8.46,"Total Cost": 8.47,"Plan Rows": 1,"Plan Width": 32,"Actual Startup Time": 0.072,"Actual Total Time": 0.072,"Actual Rows": 1,"Actual Loops": 8912,"Plans": [{"Node Type": "Index Scan","Parent Relationship": "Outer","Parallel Aware": false,"Async Capable": false,"Scan Direction": "Forward","Index Name": "idx_lineitem_part_supp","Relation Name": "lineitem","Alias": "lineitem","Startup Cost": 0.43,"Total Cost": 8.46,"Plan Rows": 0,"Plan Width": 5,"Actual Startup Time": 0.044,"Actual Total Time": 0.071,"Actual Rows": 1,"Actual Loops": 8912,"Index Cond": "((l_partkey = partsupp.ps_partkey) AND (l_suppkey = partsupp.ps_suppkey))","Rows Removed by Index Recheck": 0,"Filter": "((l_shipdate >= '1994-01-01'::date) AND (l_shipdate < '1995-01-01 00:00:00'::timestamp without time zone))","Rows Removed by Filter": 6}]}]}]}]}]}]},"Planning Time": 6.330,"Triggers": [],"Execution Time": 931.532}]
[{"Plan": {"Node Type": "Sort","Parallel Aware": false,"Async Capable": false,"Startup Cost": 88442.96,"Total Cost": 88443.23,"Plan Rows": 108,"Plan Width": 51,"Actual Startup Time": 919.933,"Actual Total Time": 919.972,"Actual Rows": 177,"Actual Loops": 1,"Sort Key": ["supplier.s_name"],"Sort Method": "quicksort","Sort Space Used": 41,"Sort Space Type": "Memory","Plans": [{"Node Type": "Hash Join","Parent Relationship": "Outer","Parallel Aware": false,"Async Capable": false,"Join Type": "Semi","Startup Cost": 88199.59,"Total Cost": 88439.31,"Plan Rows": 108,"Plan Width": 51,"Actual Startup Time": 915.547,"Actual Total Time": 919.412,"Actual Rows": 177,"Actual Loops": 1,"Inner Unique": false,"Hash Cond": "(supplier.s_suppkey = partsupp.ps_suppkey)","Plans": [{"Node Type": "Nested Loop","Parent Relationship": "Outer","Parallel Aware": false,"Async Capable": false,"Join Type": "Inner","Startup Cost": 7.38,"Total Cost": 244.58,"Plan Rows": 400,"Plan Width": 55,"Actual Startup Time": 0.195,"Actual Total Time": 3.922,"Actual Rows": 393,"Actual Loops": 1,"Inner Unique": false,"Plans": [{"Node Type": "Seq Scan","Parent Relationship": "Outer","Parallel Aware": false,"Async Capable": false,"Relation Name": "nation","Alias": "nation","Startup Cost": 0.00,"Total Cost": 1.31,"Plan Rows": 1,"Plan Width": 4,"Actual Startup Time": 0.041,"Actual Total Time": 0.046,"Actual Rows": 1,"Actual Loops": 1,"Filter": "(n_name = 'UNITED STATES'::bpchar)","Rows Removed by Filter": 24},{"Node Type": "Bitmap Heap Scan","Parent Relationship": "Inner","Parallel Aware": false,"Async Capable": false,"Relation Name": "supplier","Alias": "supplier","Startup Cost": 7.38,"Total Cost": 239.27,"Plan Rows": 400,"Plan Width": 59,"Actual Startup Time": 0.148,"Actual Total Time": 3.816,"Actual Rows": 393,"Actual Loops": 1,"Recheck Cond": "(s_nationkey = nation.n_nationkey)","Rows Removed by Index Recheck": 0,"Exact Heap Blocks": 181,"Lossy Heap Blocks": 0,"Plans": [{"Node Type": "Bitmap Index Scan","Parent Relationship": "Outer","Parallel Aware": false,"Async Capable": false,"Index Name": "idx_supplier_nation_key","Startup Cost": 0.00,"Total Cost": 7.29,"Plan Rows": 400,"Plan Width": 0,"Actual Startup Time": 0.092,"Actual Total Time": 0.096,"Actual Rows": 393,"Actual Loops": 1,"Index Cond": "(s_nationkey = nation.n_nationkey)"}]}]},{"Node Type": "Hash","Parent Relationship": "Inner","Parallel Aware": false,"Async Capable": false,"Startup Cost": 88158.53,"Total Cost": 88158.53,"Plan Rows": 2694,"Plan Width": 4,"Actual Startup Time": 915.300,"Actual Total Time": 915.313,"Actual Rows": 5888,"Actual Loops": 1,"Hash Buckets": 8192,"Original Hash Buckets": 4096,"Hash Batches": 1,"Original Hash Batches": 1,"Peak Memory Usage": 271,"Plans": [{"Node Type": "Nested Loop","Parent Relationship": "Outer","Parallel Aware": false,"Async Capable": false,"Join Type": "Inner","Startup Cost": 0.42,"Total Cost": 88158.53,"Plan Rows": 2694,"Plan Width": 4,"Actual Startup Time": 0.989,"Actual Total Time": 910.737,"Actual Rows": 5888,"Actual Loops": 1,"Inner Unique": false,"Plans": [{"Node Type": "Seq Scan","Parent Relationship": "Outer","Parallel Aware": false,"Async Capable": false,"Relation Name": "part","Alias": "part","Startup Cost": 0.00,"Total Cost": 6597.00,"Plan Rows": 2020,"Plan Width": 4,"Actual Startup Time": 0.137,"Actual Total Time": 202.366,"Actual Rows": 2186,"Actual Loops": 1,"Filter": "((p_name)::text ~~ 'pale%'::text)","Rows Removed by Filter": 197814},{"Node Type": "Index Scan","Parent Relationship": "Inner","Parallel Aware": false,"Async Capable": false,"Scan Direction": "Forward","Index Name": "idx_partsupp_partkey","Relation Name": "partsupp","Alias": "partsupp","Startup Cost": 0.42,"Total Cost": 40.36,"Plan Rows": 1,"Plan Width": 8,"Actual Startup Time": 0.138,"Actual Total Time": 0.324,"Actual Rows": 3,"Actual Loops": 2186,"Index Cond": "(ps_partkey = part.p_partkey)","Rows Removed by Index Recheck": 0,"Filter": "((ps_availqty)::numeric > (SubPlan 1))","Rows Removed by Filter": 1,"Plans": [{"Node Type": "Aggregate","Strategy": "Plain","Partial Mode": "Simple","Parent Relationship": "SubPlan","Subplan Name": "SubPlan 1","Parallel Aware": false,"Async Capable": false,"Startup Cost": 8.46,"Total Cost": 8.47,"Plan Rows": 1,"Plan Width": 32,"Actual Startup Time": 0.072,"Actual Total Time": 0.073,"Actual Rows": 1,"Actual Loops": 8744,"Plans": [{"Node Type": "Index Scan","Parent Relationship": "Outer","Parallel Aware": false,"Async Capable": false,"Scan Direction": "Forward","Index Name": "idx_lineitem_part_supp","Relation Name": "lineitem","Alias": "lineitem","Startup Cost": 0.43,"Total Cost": 8.46,"Plan Rows": 0,"Plan Width": 5,"Actual Startup Time": 0.044,"Actual Total Time": 0.072,"Actual Rows": 1,"Actual Loops": 8744,"Index Cond": "((l_partkey = partsupp.ps_partkey) AND (l_suppkey = partsupp.ps_suppkey))","Rows Removed by Index Recheck": 0,"Filter": "((l_shipdate >= '1997-01-01'::date) AND (l_shipdate < '1998-01-01 00:00:00'::timestamp without time zone))","Rows Removed by Filter": 6}]}]}]}]}]}]},"Planning Time": 7.384,"Triggers": [],"Execution Time": 920.217}]
[{"Plan": {"Node Type": "Sort","Parallel Aware": false,"Async Capable": false,"Startup Cost": 88442.96,"Total Cost": 88443.23,"Plan Rows": 108,"Plan Width": 51,"Actual Startup Time": 961.556,"Actual Total Time": 961.600,"Actual Rows": 163,"Actual Loops": 1,"Sort Key": ["supplier.s_name"],"Sort Method": "quicksort","Sort Space Used": 40,"Sort Space Type": "Memory","Plans": [{"Node Type": "Hash Join","Parent Relationship": "Outer","Parallel Aware": false,"Async Capable": false,"Join Type": "Semi","Startup Cost": 88199.59,"Total Cost": 88439.31,"Plan Rows": 108,"Plan Width": 51,"Actual Startup Time": 957.265,"Actual Total Time": 961.271,"Actual Rows": 163,"Actual Loops": 1,"Inner Unique": false,"Hash Cond": "(supplier.s_suppkey = partsupp.ps_suppkey)","Plans": [{"Node Type": "Nested Loop","Parent Relationship": "Outer","Parallel Aware": false,"Async Capable": false,"Join Type": "Inner","Startup Cost": 7.38,"Total Cost": 244.58,"Plan Rows": 400,"Plan Width": 55,"Actual Startup Time": 0.285,"Actual Total Time": 4.224,"Actual Rows": 397,"Actual Loops": 1,"Inner Unique": false,"Plans": [{"Node Type": "Seq Scan","Parent Relationship": "Outer","Parallel Aware": false,"Async Capable": false,"Relation Name": "nation","Alias": "nation","Startup Cost": 0.00,"Total Cost": 1.31,"Plan Rows": 1,"Plan Width": 4,"Actual Startup Time": 0.071,"Actual Total Time": 0.094,"Actual Rows": 1,"Actual Loops": 1,"Filter": "(n_name = 'BRAZIL'::bpchar)","Rows Removed by Filter": 24},{"Node Type": "Bitmap Heap Scan","Parent Relationship": "Inner","Parallel Aware": false,"Async Capable": false,"Relation Name": "supplier","Alias": "supplier","Startup Cost": 7.38,"Total Cost": 239.27,"Plan Rows": 400,"Plan Width": 59,"Actual Startup Time": 0.211,"Actual Total Time": 4.054,"Actual Rows": 397,"Actual Loops": 1,"Recheck Cond": "(s_nationkey = nation.n_nationkey)","Rows Removed by Index Recheck": 0,"Exact Heap Blocks": 187,"Lossy Heap Blocks": 0,"Plans": [{"Node Type": "Bitmap Index Scan","Parent Relationship": "Outer","Parallel Aware": false,"Async Capable": false,"Index Name": "idx_supplier_nation_key","Startup Cost": 0.00,"Total Cost": 7.29,"Plan Rows": 400,"Plan Width": 0,"Actual Startup Time": 0.139,"Actual Total Time": 0.145,"Actual Rows": 397,"Actual Loops": 1,"Index Cond": "(s_nationkey = nation.n_nationkey)"}]}]},{"Node Type": "Hash","Parent Relationship": "Inner","Parallel Aware": false,"Async Capable": false,"Startup Cost": 88158.53,"Total Cost": 88158.53,"Plan Rows": 2694,"Plan Width": 4,"Actual Startup Time": 956.898,"Actual Total Time": 956.908,"Actual Rows": 5789,"Actual Loops": 1,"Hash Buckets": 8192,"Original Hash Buckets": 4096,"Hash Batches": 1,"Original Hash Batches": 1,"Peak Memory Usage": 268,"Plans": [{"Node Type": "Nested Loop","Parent Relationship": "Outer","Parallel Aware": false,"Async Capable": false,"Join Type": "Inner","Startup Cost": 0.42,"Total Cost": 88158.53,"Plan Rows": 2694,"Plan Width": 4,"Actual Startup Time": 0.569,"Actual Total Time": 952.786,"Actual Rows": 5789,"Actual Loops": 1,"Inner Unique": false,"Plans": [{"Node Type": "Seq Scan","Parent Relationship": "Outer","Parallel Aware": false,"Async Capable": false,"Relation Name": "part","Alias": "part","Startup Cost": 0.00,"Total Cost": 6597.00,"Plan Rows": 2020,"Plan Width": 4,"Actual Startup Time": 0.052,"Actual Total Time": 180.369,"Actual Rows": 2148,"Actual Loops": 1,"Filter": "((p_name)::text ~~ 'linen%'::text)","Rows Removed by Filter": 197852},{"Node Type": "Index Scan","Parent Relationship": "Inner","Parallel Aware": false,"Async Capable": false,"Scan Direction": "Forward","Index Name": "idx_partsupp_partkey","Relation Name": "partsupp","Alias": "partsupp","Startup Cost": 0.42,"Total Cost": 40.36,"Plan Rows": 1,"Plan Width": 8,"Actual Startup Time": 0.151,"Actual Total Time": 0.359,"Actual Rows": 3,"Actual Loops": 2148,"Index Cond": "(ps_partkey = part.p_partkey)","Rows Removed by Index Recheck": 0,"Filter": "((ps_availqty)::numeric > (SubPlan 1))","Rows Removed by Filter": 1,"Plans": [{"Node Type": "Aggregate","Strategy": "Plain","Partial Mode": "Simple","Parent Relationship": "SubPlan","Subplan Name": "SubPlan 1","Parallel Aware": false,"Async Capable": false,"Startup Cost": 8.46,"Total Cost": 8.47,"Plan Rows": 1,"Plan Width": 32,"Actual Startup Time": 0.082,"Actual Total Time": 0.082,"Actual Rows": 1,"Actual Loops": 8592,"Plans": [{"Node Type": "Index Scan","Parent Relationship": "Outer","Parallel Aware": false,"Async Capable": false,"Scan Direction": "Forward","Index Name": "idx_lineitem_part_supp","Relation Name": "lineitem","Alias": "lineitem","Startup Cost": 0.43,"Total Cost": 8.46,"Plan Rows": 0,"Plan Width": 5,"Actual Startup Time": 0.050,"Actual Total Time": 0.081,"Actual Rows": 1,"Actual Loops": 8592,"Index Cond": "((l_partkey = partsupp.ps_partkey) AND (l_suppkey = partsupp.ps_suppkey))","Rows Removed by Index Recheck": 0,"Filter": "((l_shipdate >= '1993-01-01'::date) AND (l_shipdate < '1994-01-01 00:00:00'::timestamp without time zone))","Rows Removed by Filter": 6}]}]}]}]}]}]},"Planning Time": 5.921,"Triggers": [],"Execution Time": 961.868}]
[{"Plan": {"Node Type": "Sort","Parallel Aware": false,"Async Capable": false,"Startup Cost": 88442.96,"Total Cost": 88443.23,"Plan Rows": 108,"Plan Width": 51,"Actual Startup Time": 901.640,"Actual Total Time": 901.674,"Actual Rows": 179,"Actual Loops": 1,"Sort Key": ["supplier.s_name"],"Sort Method": "quicksort","Sort Space Used": 41,"Sort Space Type": "Memory","Plans": [{"Node Type": "Hash Join","Parent Relationship": "Outer","Parallel Aware": false,"Async Capable": false,"Join Type": "Semi","Startup Cost": 88199.59,"Total Cost": 88439.31,"Plan Rows": 108,"Plan Width": 51,"Actual Startup Time": 897.164,"Actual Total Time": 901.129,"Actual Rows": 179,"Actual Loops": 1,"Inner Unique": false,"Hash Cond": "(supplier.s_suppkey = partsupp.ps_suppkey)","Plans": [{"Node Type": "Nested Loop","Parent Relationship": "Outer","Parallel Aware": false,"Async Capable": false,"Join Type": "Inner","Startup Cost": 7.38,"Total Cost": 244.58,"Plan Rows": 400,"Plan Width": 55,"Actual Startup Time": 0.238,"Actual Total Time": 4.110,"Actual Rows": 380,"Actual Loops": 1,"Inner Unique": false,"Plans": [{"Node Type": "Seq Scan","Parent Relationship": "Outer","Parallel Aware": false,"Async Capable": false,"Relation Name": "nation","Alias": "nation","Startup Cost": 0.00,"Total Cost": 1.31,"Plan Rows": 1,"Plan Width": 4,"Actual Startup Time": 0.057,"Actual Total Time": 0.089,"Actual Rows": 1,"Actual Loops": 1,"Filter": "(n_name = 'ETHIOPIA'::bpchar)","Rows Removed by Filter": 24},{"Node Type": "Bitmap Heap Scan","Parent Relationship": "Inner","Parallel Aware": false,"Async Capable": false,"Relation Name": "supplier","Alias": "supplier","Startup Cost": 7.38,"Total Cost": 239.27,"Plan Rows": 400,"Plan Width": 59,"Actual Startup Time": 0.174,"Actual Total Time": 3.963,"Actual Rows": 380,"Actual Loops": 1,"Recheck Cond": "(s_nationkey = nation.n_nationkey)","Rows Removed by Index Recheck": 0,"Exact Heap Blocks": 192,"Lossy Heap Blocks": 0,"Plans": [{"Node Type": "Bitmap Index Scan","Parent Relationship": "Outer","Parallel Aware": false,"Async Capable": false,"Index Name": "idx_supplier_nation_key","Startup Cost": 0.00,"Total Cost": 7.29,"Plan Rows": 400,"Plan Width": 0,"Actual Startup Time": 0.123,"Actual Total Time": 0.129,"Actual Rows": 380,"Actual Loops": 1,"Index Cond": "(s_nationkey = nation.n_nationkey)"}]}]},{"Node Type": "Hash","Parent Relationship": "Inner","Parallel Aware": false,"Async Capable": false,"Startup Cost": 88158.53,"Total Cost": 88158.53,"Plan Rows": 2694,"Plan Width": 4,"Actual Startup Time": 896.830,"Actual Total Time": 896.840,"Actual Rows": 5749,"Actual Loops": 1,"Hash Buckets": 8192,"Original Hash Buckets": 4096,"Hash Batches": 1,"Original Hash Batches": 1,"Peak Memory Usage": 267,"Plans": [{"Node Type": "Nested Loop","Parent Relationship": "Outer","Parallel Aware": false,"Async Capable": false,"Join Type": "Inner","Startup Cost": 0.42,"Total Cost": 88158.53,"Plan Rows": 2694,"Plan Width": 4,"Actual Startup Time": 0.836,"Actual Total Time": 892.644,"Actual Rows": 5749,"Actual Loops": 1,"Inner Unique": false,"Plans": [{"Node Type": "Seq Scan","Parent Relationship": "Outer","Parallel Aware": false,"Async Capable": false,"Relation Name": "part","Alias": "part","Startup Cost": 0.00,"Total Cost": 6597.00,"Plan Rows": 2020,"Plan Width": 4,"Actual Startup Time": 0.188,"Actual Total Time": 201.465,"Actual Rows": 2108,"Actual Loops": 1,"Filter": "((p_name)::text ~~ 'grey%'::text)","Rows Removed by Filter": 197892},{"Node Type": "Index Scan","Parent Relationship": "Inner","Parallel Aware": false,"Async Capable": false,"Scan Direction": "Forward","Index Name": "idx_partsupp_partkey","Relation Name": "partsupp","Alias": "partsupp","Startup Cost": 0.42,"Total Cost": 40.36,"Plan Rows": 1,"Plan Width": 8,"Actual Startup Time": 0.141,"Actual Total Time": 0.327,"Actual Rows": 3,"Actual Loops": 2108,"Index Cond": "(ps_partkey = part.p_partkey)","Rows Removed by Index Recheck": 0,"Filter": "((ps_availqty)::numeric > (SubPlan 1))","Rows Removed by Filter": 1,"Plans": [{"Node Type": "Aggregate","Strategy": "Plain","Partial Mode": "Simple","Parent Relationship": "SubPlan","Subplan Name": "SubPlan 1","Parallel Aware": false,"Async Capable": false,"Startup Cost": 8.46,"Total Cost": 8.47,"Plan Rows": 1,"Plan Width": 32,"Actual Startup Time": 0.073,"Actual Total Time": 0.073,"Actual Rows": 1,"Actual Loops": 8432,"Plans": [{"Node Type": "Index Scan","Parent Relationship": "Outer","Parallel Aware": false,"Async Capable": false,"Scan Direction": "Forward","Index Name": "idx_lineitem_part_supp","Relation Name": "lineitem","Alias": "lineitem","Startup Cost": 0.43,"Total Cost": 8.46,"Plan Rows": 0,"Plan Width": 5,"Actual Startup Time": 0.044,"Actual Total Time": 0.073,"Actual Rows": 1,"Actual Loops": 8432,"Index Cond": "((l_partkey = partsupp.ps_partkey) AND (l_suppkey = partsupp.ps_suppkey))","Rows Removed by Index Recheck": 0,"Filter": "((l_shipdate >= '1994-01-01'::date) AND (l_shipdate < '1995-01-01 00:00:00'::timestamp without time zone))","Rows Removed by Filter": 6}]}]}]}]}]}]},"Planning Time": 7.678,"Triggers": [],"Execution Time": 901.898}]
[{"Plan": {"Node Type": "Sort","Parallel Aware": false,"Async Capable": false,"Startup Cost": 88442.96,"Total Cost": 88443.23,"Plan Rows": 108,"Plan Width": 51,"Actual Startup Time": 924.379,"Actual Total Time": 924.412,"Actual Rows": 192,"Actual Loops": 1,"Sort Key": ["supplier.s_name"],"Sort Method": "quicksort","Sort Space Used": 43,"Sort Space Type": "Memory","Plans": [{"Node Type": "Hash Join","Parent Relationship": "Outer","Parallel Aware": false,"Async Capable": false,"Join Type": "Semi","Startup Cost": 88199.59,"Total Cost": 88439.31,"Plan Rows": 108,"Plan Width": 51,"Actual Startup Time": 920.205,"Actual Total Time": 924.007,"Actual Rows": 192,"Actual Loops": 1,"Inner Unique": false,"Hash Cond": "(supplier.s_suppkey = partsupp.ps_suppkey)","Plans": [{"Node Type": "Nested Loop","Parent Relationship": "Outer","Parallel Aware": false,"Async Capable": false,"Join Type": "Inner","Startup Cost": 7.38,"Total Cost": 244.58,"Plan Rows": 400,"Plan Width": 55,"Actual Startup Time": 0.307,"Actual Total Time": 4.046,"Actual Rows": 421,"Actual Loops": 1,"Inner Unique": false,"Plans": [{"Node Type": "Seq Scan","Parent Relationship": "Outer","Parallel Aware": false,"Async Capable": false,"Relation Name": "nation","Alias": "nation","Startup Cost": 0.00,"Total Cost": 1.31,"Plan Rows": 1,"Plan Width": 4,"Actual Startup Time": 0.068,"Actual Total Time": 0.094,"Actual Rows": 1,"Actual Loops": 1,"Filter": "(n_name = 'PERU'::bpchar)","Rows Removed by Filter": 24},{"Node Type": "Bitmap Heap Scan","Parent Relationship": "Inner","Parallel Aware": false,"Async Capable": false,"Relation Name": "supplier","Alias": "supplier","Startup Cost": 7.38,"Total Cost": 239.27,"Plan Rows": 400,"Plan Width": 59,"Actual Startup Time": 0.233,"Actual Total Time": 3.887,"Actual Rows": 421,"Actual Loops": 1,"Recheck Cond": "(s_nationkey = nation.n_nationkey)","Rows Removed by Index Recheck": 0,"Exact Heap Blocks": 187,"Lossy Heap Blocks": 0,"Plans": [{"Node Type": "Bitmap Index Scan","Parent Relationship": "Outer","Parallel Aware": false,"Async Capable": false,"Index Name": "idx_supplier_nation_key","Startup Cost": 0.00,"Total Cost": 7.29,"Plan Rows": 400,"Plan Width": 0,"Actual Startup Time": 0.160,"Actual Total Time": 0.161,"Actual Rows": 421,"Actual Loops": 1,"Index Cond": "(s_nationkey = nation.n_nationkey)"}]}]},{"Node Type": "Hash","Parent Relationship": "Inner","Parallel Aware": false,"Async Capable": false,"Startup Cost": 88158.53,"Total Cost": 88158.53,"Plan Rows": 2694,"Plan Width": 4,"Actual Startup Time": 919.806,"Actual Total Time": 919.816,"Actual Rows": 5976,"Actual Loops": 1,"Hash Buckets": 8192,"Original Hash Buckets": 4096,"Hash Batches": 1,"Original Hash Batches": 1,"Peak Memory Usage": 275,"Plans": [{"Node Type": "Nested Loop","Parent Relationship": "Outer","Parallel Aware": false,"Async Capable": false,"Join Type": "Inner","Startup Cost": 0.42,"Total Cost": 88158.53,"Plan Rows": 2694,"Plan Width": 4,"Actual Startup Time": 1.203,"Actual Total Time": 915.695,"Actual Rows": 5976,"Actual Loops": 1,"Inner Unique": false,"Plans": [{"Node Type": "Seq Scan","Parent Relationship": "Outer","Parallel Aware": false,"Async Capable": false,"Relation Name": "part","Alias": "part","Startup Cost": 0.00,"Total Cost": 6597.00,"Plan Rows": 2020,"Plan Width": 4,"Actual Startup Time": 0.235,"Actual Total Time": 200.400,"Actual Rows": 2216,"Actual Loops": 1,"Filter": "((p_name)::text ~~ 'chartreuse%'::text)","Rows Removed by Filter": 197784},{"Node Type": "Index Scan","Parent Relationship": "Inner","Parallel Aware": false,"Async Capable": false,"Scan Direction": "Forward","Index Name": "idx_partsupp_partkey","Relation Name": "partsupp","Alias": "partsupp","Startup Cost": 0.42,"Total Cost": 40.36,"Plan Rows": 1,"Plan Width": 8,"Actual Startup Time": 0.139,"Actual Total Time": 0.322,"Actual Rows": 3,"Actual Loops": 2216,"Index Cond": "(ps_partkey = part.p_partkey)","Rows Removed by Index Recheck": 0,"Filter": "((ps_availqty)::numeric > (SubPlan 1))","Rows Removed by Filter": 1,"Plans": [{"Node Type": "Aggregate","Strategy": "Plain","Partial Mode": "Simple","Parent Relationship": "SubPlan","Subplan Name": "SubPlan 1","Parallel Aware": false,"Async Capable": false,"Startup Cost": 8.46,"Total Cost": 8.47,"Plan Rows": 1,"Plan Width": 32,"Actual Startup Time": 0.072,"Actual Total Time": 0.072,"Actual Rows": 1,"Actual Loops": 8864,"Plans": [{"Node Type": "Index Scan","Parent Relationship": "Outer","Parallel Aware": false,"Async Capable": false,"Scan Direction": "Forward","Index Name": "idx_lineitem_part_supp","Relation Name": "lineitem","Alias": "lineitem","Startup Cost": 0.43,"Total Cost": 8.46,"Plan Rows": 0,"Plan Width": 5,"Actual Startup Time": 0.045,"Actual Total Time": 0.071,"Actual Rows": 1,"Actual Loops": 8864,"Index Cond": "((l_partkey = partsupp.ps_partkey) AND (l_suppkey = partsupp.ps_suppkey))","Rows Removed by Index Recheck": 0,"Filter": "((l_shipdate >= '1993-01-01'::date) AND (l_shipdate < '1994-01-01 00:00:00'::timestamp without time zone))","Rows Removed by Filter": 6}]}]}]}]}]}]},"Planning Time": 6.264,"Triggers": [],"Execution Time": 924.695}]
[{"Plan": {"Node Type": "Sort","Parallel Aware": false,"Async Capable": false,"Startup Cost": 88442.96,"Total Cost": 88443.23,"Plan Rows": 108,"Plan Width": 51,"Actual Startup Time": 953.720,"Actual Total Time": 953.751,"Actual Rows": 166,"Actual Loops": 1,"Sort Key": ["supplier.s_name"],"Sort Method": "quicksort","Sort Space Used": 40,"Sort Space Type": "Memory","Plans": [{"Node Type": "Hash Join","Parent Relationship": "Outer","Parallel Aware": false,"Async Capable": false,"Join Type": "Semi","Startup Cost": 88199.59,"Total Cost": 88439.31,"Plan Rows": 108,"Plan Width": 51,"Actual Startup Time": 949.573,"Actual Total Time": 953.399,"Actual Rows": 166,"Actual Loops": 1,"Inner Unique": false,"Hash Cond": "(supplier.s_suppkey = partsupp.ps_suppkey)","Plans": [{"Node Type": "Nested Loop","Parent Relationship": "Outer","Parallel Aware": false,"Async Capable": false,"Join Type": "Inner","Startup Cost": 7.38,"Total Cost": 244.58,"Plan Rows": 400,"Plan Width": 55,"Actual Startup Time": 0.338,"Actual Total Time": 4.044,"Actual Rows": 401,"Actual Loops": 1,"Inner Unique": false,"Plans": [{"Node Type": "Seq Scan","Parent Relationship": "Outer","Parallel Aware": false,"Async Capable": false,"Relation Name": "nation","Alias": "nation","Startup Cost": 0.00,"Total Cost": 1.31,"Plan Rows": 1,"Plan Width": 4,"Actual Startup Time": 0.079,"Actual Total Time": 0.097,"Actual Rows": 1,"Actual Loops": 1,"Filter": "(n_name = 'RUSSIA'::bpchar)","Rows Removed by Filter": 24},{"Node Type": "Bitmap Heap Scan","Parent Relationship": "Inner","Parallel Aware": false,"Async Capable": false,"Relation Name": "supplier","Alias": "supplier","Startup Cost": 7.38,"Total Cost": 239.27,"Plan Rows": 400,"Plan Width": 59,"Actual Startup Time": 0.245,"Actual Total Time": 3.871,"Actual Rows": 401,"Actual Loops": 1,"Recheck Cond": "(s_nationkey = nation.n_nationkey)","Rows Removed by Index Recheck": 0,"Exact Heap Blocks": 180,"Lossy Heap Blocks": 0,"Plans": [{"Node Type": "Bitmap Index Scan","Parent Relationship": "Outer","Parallel Aware": false,"Async Capable": false,"Index Name": "idx_supplier_nation_key","Startup Cost": 0.00,"Total Cost": 7.29,"Plan Rows": 400,"Plan Width": 0,"Actual Startup Time": 0.166,"Actual Total Time": 0.169,"Actual Rows": 401,"Actual Loops": 1,"Index Cond": "(s_nationkey = nation.n_nationkey)"}]}]},{"Node Type": "Hash","Parent Relationship": "Inner","Parallel Aware": false,"Async Capable": false,"Startup Cost": 88158.53,"Total Cost": 88158.53,"Plan Rows": 2694,"Plan Width": 4,"Actual Startup Time": 949.167,"Actual Total Time": 949.175,"Actual Rows": 5772,"Actual Loops": 1,"Hash Buckets": 8192,"Original Hash Buckets": 4096,"Hash Batches": 1,"Original Hash Batches": 1,"Peak Memory Usage": 267,"Plans": [{"Node Type": "Nested Loop","Parent Relationship": "Outer","Parallel Aware": false,"Async Capable": false,"Join Type": "Inner","Startup Cost": 0.42,"Total Cost": 88158.53,"Plan Rows": 2694,"Plan Width": 4,"Actual Startup Time": 0.778,"Actual Total Time": 945.067,"Actual Rows": 5772,"Actual Loops": 1,"Inner Unique": false,"Plans": [{"Node Type": "Seq Scan","Parent Relationship": "Outer","Parallel Aware": false,"Async Capable": false,"Relation Name": "part","Alias": "part","Startup Cost": 0.00,"Total Cost": 6597.00,"Plan Rows": 2020,"Plan Width": 4,"Actual Startup Time": 0.174,"Actual Total Time": 178.085,"Actual Rows": 2108,"Actual Loops": 1,"Filter": "((p_name)::text ~~ 'grey%'::text)","Rows Removed by Filter": 197892},{"Node Type": "Index Scan","Parent Relationship": "Inner","Parallel Aware": false,"Async Capable": false,"Scan Direction": "Forward","Index Name": "idx_partsupp_partkey","Relation Name": "partsupp","Alias": "partsupp","Startup Cost": 0.42,"Total Cost": 40.36,"Plan Rows": 1,"Plan Width": 8,"Actual Startup Time": 0.151,"Actual Total Time": 0.363,"Actual Rows": 3,"Actual Loops": 2108,"Index Cond": "(ps_partkey = part.p_partkey)","Rows Removed by Index Recheck": 0,"Filter": "((ps_availqty)::numeric > (SubPlan 1))","Rows Removed by Filter": 1,"Plans": [{"Node Type": "Aggregate","Strategy": "Plain","Partial Mode": "Simple","Parent Relationship": "SubPlan","Subplan Name": "SubPlan 1","Parallel Aware": false,"Async Capable": false,"Startup Cost": 8.46,"Total Cost": 8.47,"Plan Rows": 1,"Plan Width": 32,"Actual Startup Time": 0.083,"Actual Total Time": 0.083,"Actual Rows": 1,"Actual Loops": 8432,"Plans": [{"Node Type": "Index Scan","Parent Relationship": "Outer","Parallel Aware": false,"Async Capable": false,"Scan Direction": "Forward","Index Name": "idx_lineitem_part_supp","Relation Name": "lineitem","Alias": "lineitem","Startup Cost": 0.43,"Total Cost": 8.46,"Plan Rows": 0,"Plan Width": 5,"Actual Startup Time": 0.050,"Actual Total Time": 0.082,"Actual Rows": 1,"Actual Loops": 8432,"Index Cond": "((l_partkey = partsupp.ps_partkey) AND (l_suppkey = partsupp.ps_suppkey))","Rows Removed by Index Recheck": 0,"Filter": "((l_shipdate >= '1995-01-01'::date) AND (l_shipdate < '1996-01-01 00:00:00'::timestamp without time zone))","Rows Removed by Filter": 6}]}]}]}]}]}]},"Planning Time": 6.866,"Triggers": [],"Execution Time": 954.061}]
[{"Plan": {"Node Type": "Sort","Parallel Aware": false,"Async Capable": false,"Startup Cost": 88442.96,"Total Cost": 88443.23,"Plan Rows": 108,"Plan Width": 51,"Actual Startup Time": 907.013,"Actual Total Time": 907.049,"Actual Rows": 172,"Actual Loops": 1,"Sort Key": ["supplier.s_name"],"Sort Method": "quicksort","Sort Space Used": 40,"Sort Space Type": "Memory","Plans": [{"Node Type": "Hash Join","Parent Relationship": "Outer","Parallel Aware": false,"Async Capable": false,"Join Type": "Semi","Startup Cost": 88199.59,"Total Cost": 88439.31,"Plan Rows": 108,"Plan Width": 51,"Actual Startup Time": 902.800,"Actual Total Time": 906.570,"Actual Rows": 172,"Actual Loops": 1,"Inner Unique": false,"Hash Cond": "(supplier.s_suppkey = partsupp.ps_suppkey)","Plans": [{"Node Type": "Nested Loop","Parent Relationship": "Outer","Parallel Aware": false,"Async Capable": false,"Join Type": "Inner","Startup Cost": 7.38,"Total Cost": 244.58,"Plan Rows": 400,"Plan Width": 55,"Actual Startup Time": 0.233,"Actual Total Time": 3.920,"Actual Rows": 415,"Actual Loops": 1,"Inner Unique": false,"Plans": [{"Node Type": "Seq Scan","Parent Relationship": "Outer","Parallel Aware": false,"Async Capable": false,"Relation Name": "nation","Alias": "nation","Startup Cost": 0.00,"Total Cost": 1.31,"Plan Rows": 1,"Plan Width": 4,"Actual Startup Time": 0.063,"Actual Total Time": 0.082,"Actual Rows": 1,"Actual Loops": 1,"Filter": "(n_name = 'EGYPT'::bpchar)","Rows Removed by Filter": 24},{"Node Type": "Bitmap Heap Scan","Parent Relationship": "Inner","Parallel Aware": false,"Async Capable": false,"Relation Name": "supplier","Alias": "supplier","Startup Cost": 7.38,"Total Cost": 239.27,"Plan Rows": 400,"Plan Width": 59,"Actual Startup Time": 0.167,"Actual Total Time": 3.764,"Actual Rows": 415,"Actual Loops": 1,"Recheck Cond": "(s_nationkey = nation.n_nationkey)","Rows Removed by Index Recheck": 0,"Exact Heap Blocks": 183,"Lossy Heap Blocks": 0,"Plans": [{"Node Type": "Bitmap Index Scan","Parent Relationship": "Outer","Parallel Aware": false,"Async Capable": false,"Index Name": "idx_supplier_nation_key","Startup Cost": 0.00,"Total Cost": 7.29,"Plan Rows": 400,"Plan Width": 0,"Actual Startup Time": 0.117,"Actual Total Time": 0.123,"Actual Rows": 415,"Actual Loops": 1,"Index Cond": "(s_nationkey = nation.n_nationkey)"}]}]},{"Node Type": "Hash","Parent Relationship": "Inner","Parallel Aware": false,"Async Capable": false,"Startup Cost": 88158.53,"Total Cost": 88158.53,"Plan Rows": 2694,"Plan Width": 4,"Actual Startup Time": 902.517,"Actual Total Time": 902.524,"Actual Rows": 5839,"Actual Loops": 1,"Hash Buckets": 8192,"Original Hash Buckets": 4096,"Hash Batches": 1,"Original Hash Batches": 1,"Peak Memory Usage": 270,"Plans": [{"Node Type": "Nested Loop","Parent Relationship": "Outer","Parallel Aware": false,"Async Capable": false,"Join Type": "Inner","Startup Cost": 0.42,"Total Cost": 88158.53,"Plan Rows": 2694,"Plan Width": 4,"Actual Startup Time": 0.570,"Actual Total Time": 898.255,"Actual Rows": 5839,"Actual Loops": 1,"Inner Unique": false,"Plans": [{"Node Type": "Seq Scan","Parent Relationship": "Outer","Parallel Aware": false,"Async Capable": false,"Relation Name": "part","Alias": "part","Startup Cost": 0.00,"Total Cost": 6597.00,"Plan Rows": 2020,"Plan Width": 4,"Actual Startup Time": 0.145,"Actual Total Time": 194.939,"Actual Rows": 2176,"Actual Loops": 1,"Filter": "((p_name)::text ~~ 'mint%'::text)","Rows Removed by Filter": 197824},{"Node Type": "Index Scan","Parent Relationship": "Inner","Parallel Aware": false,"Async Capable": false,"Scan Direction": "Forward","Index Name": "idx_partsupp_partkey","Relation Name": "partsupp","Alias": "partsupp","Startup Cost": 0.42,"Total Cost": 40.36,"Plan Rows": 1,"Plan Width": 8,"Actual Startup Time": 0.136,"Actual Total Time": 0.323,"Actual Rows": 3,"Actual Loops": 2176,"Index Cond": "(ps_partkey = part.p_partkey)","Rows Removed by Index Recheck": 0,"Filter": "((ps_availqty)::numeric > (SubPlan 1))","Rows Removed by Filter": 1,"Plans": [{"Node Type": "Aggregate","Strategy": "Plain","Partial Mode": "Simple","Parent Relationship": "SubPlan","Subplan Name": "SubPlan 1","Parallel Aware": false,"Async Capable": false,"Startup Cost": 8.46,"Total Cost": 8.47,"Plan Rows": 1,"Plan Width": 32,"Actual Startup Time": 0.072,"Actual Total Time": 0.072,"Actual Rows": 1,"Actual Loops": 8704,"Plans": [{"Node Type": "Index Scan","Parent Relationship": "Outer","Parallel Aware": false,"Async Capable": false,"Scan Direction": "Forward","Index Name": "idx_lineitem_part_supp","Relation Name": "lineitem","Alias": "lineitem","Startup Cost": 0.43,"Total Cost": 8.46,"Plan Rows": 0,"Plan Width": 5,"Actual Startup Time": 0.044,"Actual Total Time": 0.072,"Actual Rows": 1,"Actual Loops": 8704,"Index Cond": "((l_partkey = partsupp.ps_partkey) AND (l_suppkey = partsupp.ps_suppkey))","Rows Removed by Index Recheck": 0,"Filter": "((l_shipdate >= '1995-01-01'::date) AND (l_shipdate < '1996-01-01 00:00:00'::timestamp without time zone))","Rows Removed by Filter": 6}]}]}]}]}]}]},"Planning Time": 7.461,"Triggers": [],"Execution Time": 907.314}]
[{"Plan": {"Node Type": "Sort","Parallel Aware": false,"Async Capable": false,"Startup Cost": 88442.96,"Total Cost": 88443.23,"Plan Rows": 108,"Plan Width": 51,"Actual Startup Time": 913.597,"Actual Total Time": 913.632,"Actual Rows": 177,"Actual Loops": 1,"Sort Key": ["supplier.s_name"],"Sort Method": "quicksort","Sort Space Used": 41,"Sort Space Type": "Memory","Plans": [{"Node Type": "Hash Join","Parent Relationship": "Outer","Parallel Aware": false,"Async Capable": false,"Join Type": "Semi","Startup Cost": 88199.59,"Total Cost": 88439.31,"Plan Rows": 108,"Plan Width": 51,"Actual Startup Time": 908.935,"Actual Total Time": 913.107,"Actual Rows": 177,"Actual Loops": 1,"Inner Unique": false,"Hash Cond": "(supplier.s_suppkey = partsupp.ps_suppkey)","Plans": [{"Node Type": "Nested Loop","Parent Relationship": "Outer","Parallel Aware": false,"Async Capable": false,"Join Type": "Inner","Startup Cost": 7.38,"Total Cost": 244.58,"Plan Rows": 400,"Plan Width": 55,"Actual Startup Time": 0.266,"Actual Total Time": 4.349,"Actual Rows": 380,"Actual Loops": 1,"Inner Unique": false,"Plans": [{"Node Type": "Seq Scan","Parent Relationship": "Outer","Parallel Aware": false,"Async Capable": false,"Relation Name": "nation","Alias": "nation","Startup Cost": 0.00,"Total Cost": 1.31,"Plan Rows": 1,"Plan Width": 4,"Actual Startup Time": 0.067,"Actual Total Time": 0.094,"Actual Rows": 1,"Actual Loops": 1,"Filter": "(n_name = 'ETHIOPIA'::bpchar)","Rows Removed by Filter": 24},{"Node Type": "Bitmap Heap Scan","Parent Relationship": "Inner","Parallel Aware": false,"Async Capable": false,"Relation Name": "supplier","Alias": "supplier","Startup Cost": 7.38,"Total Cost": 239.27,"Plan Rows": 400,"Plan Width": 59,"Actual Startup Time": 0.193,"Actual Total Time": 4.200,"Actual Rows": 380,"Actual Loops": 1,"Recheck Cond": "(s_nationkey = nation.n_nationkey)","Rows Removed by Index Recheck": 0,"Exact Heap Blocks": 192,"Lossy Heap Blocks": 0,"Plans": [{"Node Type": "Bitmap Index Scan","Parent Relationship": "Outer","Parallel Aware": false,"Async Capable": false,"Index Name": "idx_supplier_nation_key","Startup Cost": 0.00,"Total Cost": 7.29,"Plan Rows": 400,"Plan Width": 0,"Actual Startup Time": 0.127,"Actual Total Time": 0.134,"Actual Rows": 380,"Actual Loops": 1,"Index Cond": "(s_nationkey = nation.n_nationkey)"}]}]},{"Node Type": "Hash","Parent Relationship": "Inner","Parallel Aware": false,"Async Capable": false,"Startup Cost": 88158.53,"Total Cost": 88158.53,"Plan Rows": 2694,"Plan Width": 4,"Actual Startup Time": 908.559,"Actual Total Time": 908.570,"Actual Rows": 5907,"Actual Loops": 1,"Hash Buckets": 8192,"Original Hash Buckets": 4096,"Hash Batches": 1,"Original Hash Batches": 1,"Peak Memory Usage": 272,"Plans": [{"Node Type": "Nested Loop","Parent Relationship": "Outer","Parallel Aware": false,"Async Capable": false,"Join Type": "Inner","Startup Cost": 0.42,"Total Cost": 88158.53,"Plan Rows": 2694,"Plan Width": 4,"Actual Startup Time": 0.748,"Actual Total Time": 903.929,"Actual Rows": 5907,"Actual Loops": 1,"Inner Unique": false,"Plans": [{"Node Type": "Seq Scan","Parent Relationship": "Outer","Parallel Aware": false,"Async Capable": false,"Relation Name": "part","Alias": "part","Startup Cost": 0.00,"Total Cost": 6597.00,"Plan Rows": 2020,"Plan Width": 4,"Actual Startup Time": 0.080,"Actual Total Time": 202.045,"Actual Rows": 2194,"Actual Loops": 1,"Filter": "((p_name)::text ~~ 'midnight%'::text)","Rows Removed by Filter": 197806},{"Node Type": "Index Scan","Parent Relationship": "Inner","Parallel Aware": false,"Async Capable": false,"Scan Direction": "Forward","Index Name": "idx_partsupp_partkey","Relation Name": "partsupp","Alias": "partsupp","Startup Cost": 0.42,"Total Cost": 40.36,"Plan Rows": 1,"Plan Width": 8,"Actual Startup Time": 0.136,"Actual Total Time": 0.319,"Actual Rows": 3,"Actual Loops": 2194,"Index Cond": "(ps_partkey = part.p_partkey)","Rows Removed by Index Recheck": 0,"Filter": "((ps_availqty)::numeric > (SubPlan 1))","Rows Removed by Filter": 1,"Plans": [{"Node Type": "Aggregate","Strategy": "Plain","Partial Mode": "Simple","Parent Relationship": "SubPlan","Subplan Name": "SubPlan 1","Parallel Aware": false,"Async Capable": false,"Startup Cost": 8.46,"Total Cost": 8.47,"Plan Rows": 1,"Plan Width": 32,"Actual Startup Time": 0.071,"Actual Total Time": 0.072,"Actual Rows": 1,"Actual Loops": 8776,"Plans": [{"Node Type": "Index Scan","Parent Relationship": "Outer","Parallel Aware": false,"Async Capable": false,"Scan Direction": "Forward","Index Name": "idx_lineitem_part_supp","Relation Name": "lineitem","Alias": "lineitem","Startup Cost": 0.43,"Total Cost": 8.46,"Plan Rows": 0,"Plan Width": 5,"Actual Startup Time": 0.044,"Actual Total Time": 0.071,"Actual Rows": 1,"Actual Loops": 8776,"Index Cond": "((l_partkey = partsupp.ps_partkey) AND (l_suppkey = partsupp.ps_suppkey))","Rows Removed by Index Recheck": 0,"Filter": "((l_shipdate >= '1997-01-01'::date) AND (l_shipdate < '1998-01-01 00:00:00'::timestamp without time zone))","Rows Removed by Filter": 6}]}]}]}]}]}]},"Planning Time": 6.221,"Triggers": [],"Execution Time": 913.863}]
[{"Plan": {"Node Type": "Sort","Parallel Aware": false,"Async Capable": false,"Startup Cost": 88442.96,"Total Cost": 88443.23,"Plan Rows": 108,"Plan Width": 51,"Actual Startup Time": 962.788,"Actual Total Time": 962.825,"Actual Rows": 189,"Actual Loops": 1,"Sort Key": ["supplier.s_name"],"Sort Method": "quicksort","Sort Space Used": 42,"Sort Space Type": "Memory","Plans": [{"Node Type": "Hash Join","Parent Relationship": "Outer","Parallel Aware": false,"Async Capable": false,"Join Type": "Semi","Startup Cost": 88199.59,"Total Cost": 88439.31,"Plan Rows": 108,"Plan Width": 51,"Actual Startup Time": 958.123,"Actual Total Time": 962.241,"Actual Rows": 189,"Actual Loops": 1,"Inner Unique": false,"Hash Cond": "(supplier.s_suppkey = partsupp.ps_suppkey)","Plans": [{"Node Type": "Nested Loop","Parent Relationship": "Outer","Parallel Aware": false,"Async Capable": false,"Join Type": "Inner","Startup Cost": 7.38,"Total Cost": 244.58,"Plan Rows": 400,"Plan Width": 55,"Actual Startup Time": 0.231,"Actual Total Time": 4.267,"Actual Rows": 420,"Actual Loops": 1,"Inner Unique": false,"Plans": [{"Node Type": "Seq Scan","Parent Relationship": "Outer","Parallel Aware": false,"Async Capable": false,"Relation Name": "nation","Alias": "nation","Startup Cost": 0.00,"Total Cost": 1.31,"Plan Rows": 1,"Plan Width": 4,"Actual Startup Time": 0.067,"Actual Total Time": 0.099,"Actual Rows": 1,"Actual Loops": 1,"Filter": "(n_name = 'ALGERIA'::bpchar)","Rows Removed by Filter": 24},{"Node Type": "Bitmap Heap Scan","Parent Relationship": "Inner","Parallel Aware": false,"Async Capable": false,"Relation Name": "supplier","Alias": "supplier","Startup Cost": 7.38,"Total Cost": 239.27,"Plan Rows": 400,"Plan Width": 59,"Actual Startup Time": 0.160,"Actual Total Time": 4.092,"Actual Rows": 420,"Actual Loops": 1,"Recheck Cond": "(s_nationkey = nation.n_nationkey)","Rows Removed by Index Recheck": 0,"Exact Heap Blocks": 197,"Lossy Heap Blocks": 0,"Plans": [{"Node Type": "Bitmap Index Scan","Parent Relationship": "Outer","Parallel Aware": false,"Async Capable": false,"Index Name": "idx_supplier_nation_key","Startup Cost": 0.00,"Total Cost": 7.29,"Plan Rows": 400,"Plan Width": 0,"Actual Startup Time": 0.098,"Actual Total Time": 0.102,"Actual Rows": 420,"Actual Loops": 1,"Index Cond": "(s_nationkey = nation.n_nationkey)"}]}]},{"Node Type": "Hash","Parent Relationship": "Inner","Parallel Aware": false,"Async Capable": false,"Startup Cost": 88158.53,"Total Cost": 88158.53,"Plan Rows": 2694,"Plan Width": 4,"Actual Startup Time": 957.817,"Actual Total Time": 957.826,"Actual Rows": 5784,"Actual Loops": 1,"Hash Buckets": 8192,"Original Hash Buckets": 4096,"Hash Batches": 1,"Original Hash Batches": 1,"Peak Memory Usage": 268,"Plans": [{"Node Type": "Nested Loop","Parent Relationship": "Outer","Parallel Aware": false,"Async Capable": false,"Join Type": "Inner","Startup Cost": 0.42,"Total Cost": 88158.53,"Plan Rows": 2694,"Plan Width": 4,"Actual Startup Time": 0.671,"Actual Total Time": 953.812,"Actual Rows": 5784,"Actual Loops": 1,"Inner Unique": false,"Plans": [{"Node Type": "Seq Scan","Parent Relationship": "Outer","Parallel Aware": false,"Async Capable": false,"Relation Name": "part","Alias": "part","Startup Cost": 0.00,"Total Cost": 6597.00,"Plan Rows": 2020,"Plan Width": 4,"Actual Startup Time": 0.058,"Actual Total Time": 179.794,"Actual Rows": 2153,"Actual Loops": 1,"Filter": "((p_name)::text ~~ 'ghost%'::text)","Rows Removed by Filter": 197847},{"Node Type": "Index Scan","Parent Relationship": "Inner","Parallel Aware": false,"Async Capable": false,"Scan Direction": "Forward","Index Name": "idx_partsupp_partkey","Relation Name": "partsupp","Alias": "partsupp","Startup Cost": 0.42,"Total Cost": 40.36,"Plan Rows": 1,"Plan Width": 8,"Actual Startup Time": 0.150,"Actual Total Time": 0.359,"Actual Rows": 3,"Actual Loops": 2153,"Index Cond": "(ps_partkey = part.p_partkey)","Rows Removed by Index Recheck": 0,"Filter": "((ps_availqty)::numeric > (SubPlan 1))","Rows Removed by Filter": 1,"Plans": [{"Node Type": "Aggregate","Strategy": "Plain","Partial Mode": "Simple","Parent Relationship": "SubPlan","Subplan Name": "SubPlan 1","Parallel Aware": false,"Async Capable": false,"Startup Cost": 8.46,"Total Cost": 8.47,"Plan Rows": 1,"Plan Width": 32,"Actual Startup Time": 0.082,"Actual Total Time": 0.082,"Actual Rows": 1,"Actual Loops": 8612,"Plans": [{"Node Type": "Index Scan","Parent Relationship": "Outer","Parallel Aware": false,"Async Capable": false,"Scan Direction": "Forward","Index Name": "idx_lineitem_part_supp","Relation Name": "lineitem","Alias": "lineitem","Startup Cost": 0.43,"Total Cost": 8.46,"Plan Rows": 0,"Plan Width": 5,"Actual Startup Time": 0.050,"Actual Total Time": 0.081,"Actual Rows": 1,"Actual Loops": 8612,"Index Cond": "((l_partkey = partsupp.ps_partkey) AND (l_suppkey = partsupp.ps_suppkey))","Rows Removed by Index Recheck": 0,"Filter": "((l_shipdate >= '1993-01-01'::date) AND (l_shipdate < '1994-01-01 00:00:00'::timestamp without time zone))","Rows Removed by Filter": 6}]}]}]}]}]}]},"Planning Time": 5.916,"Triggers": [],"Execution Time": 963.077}]
[{"Plan": {"Node Type": "Sort","Parallel Aware": false,"Async Capable": false,"Startup Cost": 88442.96,"Total Cost": 88443.23,"Plan Rows": 108,"Plan Width": 51,"Actual Startup Time": 979.966,"Actual Total Time": 980.000,"Actual Rows": 195,"Actual Loops": 1,"Sort Key": ["supplier.s_name"],"Sort Method": "quicksort","Sort Space Used": 43,"Sort Space Type": "Memory","Plans": [{"Node Type": "Hash Join","Parent Relationship": "Outer","Parallel Aware": false,"Async Capable": false,"Join Type": "Semi","Startup Cost": 88199.59,"Total Cost": 88439.31,"Plan Rows": 108,"Plan Width": 51,"Actual Startup Time": 975.660,"Actual Total Time": 979.603,"Actual Rows": 195,"Actual Loops": 1,"Inner Unique": false,"Hash Cond": "(supplier.s_suppkey = partsupp.ps_suppkey)","Plans": [{"Node Type": "Nested Loop","Parent Relationship": "Outer","Parallel Aware": false,"Async Capable": false,"Join Type": "Inner","Startup Cost": 7.38,"Total Cost": 244.58,"Plan Rows": 400,"Plan Width": 55,"Actual Startup Time": 0.411,"Actual Total Time": 4.267,"Actual Rows": 398,"Actual Loops": 1,"Inner Unique": false,"Plans": [{"Node Type": "Seq Scan","Parent Relationship": "Outer","Parallel Aware": false,"Async Capable": false,"Relation Name": "nation","Alias": "nation","Startup Cost": 0.00,"Total Cost": 1.31,"Plan Rows": 1,"Plan Width": 4,"Actual Startup Time": 0.100,"Actual Total Time": 0.122,"Actual Rows": 1,"Actual Loops": 1,"Filter": "(n_name = 'ROMANIA'::bpchar)","Rows Removed by Filter": 24},{"Node Type": "Bitmap Heap Scan","Parent Relationship": "Inner","Parallel Aware": false,"Async Capable": false,"Relation Name": "supplier","Alias": "supplier","Startup Cost": 7.38,"Total Cost": 239.27,"Plan Rows": 400,"Plan Width": 59,"Actual Startup Time": 0.299,"Actual Total Time": 4.078,"Actual Rows": 398,"Actual Loops": 1,"Recheck Cond": "(s_nationkey = nation.n_nationkey)","Rows Removed by Index Recheck": 0,"Exact Heap Blocks": 186,"Lossy Heap Blocks": 0,"Plans": [{"Node Type": "Bitmap Index Scan","Parent Relationship": "Outer","Parallel Aware": false,"Async Capable": false,"Index Name": "idx_supplier_nation_key","Startup Cost": 0.00,"Total Cost": 7.29,"Plan Rows": 400,"Plan Width": 0,"Actual Startup Time": 0.189,"Actual Total Time": 0.193,"Actual Rows": 398,"Actual Loops": 1,"Index Cond": "(s_nationkey = nation.n_nationkey)"}]}]},{"Node Type": "Hash","Parent Relationship": "Inner","Parallel Aware": false,"Async Capable": false,"Startup Cost": 88158.53,"Total Cost": 88158.53,"Plan Rows": 2694,"Plan Width": 4,"Actual Startup Time": 975.113,"Actual Total Time": 975.123,"Actual Rows": 6031,"Actual Loops": 1,"Hash Buckets": 8192,"Original Hash Buckets": 4096,"Hash Batches": 1,"Original Hash Batches": 1,"Peak Memory Usage": 277,"Plans": [{"Node Type": "Nested Loop","Parent Relationship": "Outer","Parallel Aware": false,"Async Capable": false,"Join Type": "Inner","Startup Cost": 0.42,"Total Cost": 88158.53,"Plan Rows": 2694,"Plan Width": 4,"Actual Startup Time": 0.783,"Actual Total Time": 970.852,"Actual Rows": 6031,"Actual Loops": 1,"Inner Unique": false,"Plans": [{"Node Type": "Seq Scan","Parent Relationship": "Outer","Parallel Aware": false,"Async Capable": false,"Relation Name": "part","Alias": "part","Startup Cost": 0.00,"Total Cost": 6597.00,"Plan Rows": 2020,"Plan Width": 4,"Actual Startup Time": 0.089,"Actual Total Time": 179.884,"Actual Rows": 2231,"Actual Loops": 1,"Filter": "((p_name)::text ~~ 'saddle%'::text)","Rows Removed by Filter": 197769},{"Node Type": "Index Scan","Parent Relationship": "Inner","Parallel Aware": false,"Async Capable": false,"Scan Direction": "Forward","Index Name": "idx_partsupp_partkey","Relation Name": "partsupp","Alias": "partsupp","Startup Cost": 0.42,"Total Cost": 40.36,"Plan Rows": 1,"Plan Width": 8,"Actual Startup Time": 0.147,"Actual Total Time": 0.354,"Actual Rows": 3,"Actual Loops": 2231,"Index Cond": "(ps_partkey = part.p_partkey)","Rows Removed by Index Recheck": 0,"Filter": "((ps_availqty)::numeric > (SubPlan 1))","Rows Removed by Filter": 1,"Plans": [{"Node Type": "Aggregate","Strategy": "Plain","Partial Mode": "Simple","Parent Relationship": "SubPlan","Subplan Name": "SubPlan 1","Parallel Aware": false,"Async Capable": false,"Startup Cost": 8.46,"Total Cost": 8.47,"Plan Rows": 1,"Plan Width": 32,"Actual Startup Time": 0.081,"Actual Total Time": 0.081,"Actual Rows": 1,"Actual Loops": 8924,"Plans": [{"Node Type": "Index Scan","Parent Relationship": "Outer","Parallel Aware": false,"Async Capable": false,"Scan Direction": "Forward","Index Name": "idx_lineitem_part_supp","Relation Name": "lineitem","Alias": "lineitem","Startup Cost": 0.43,"Total Cost": 8.46,"Plan Rows": 0,"Plan Width": 5,"Actual Startup Time": 0.049,"Actual Total Time": 0.080,"Actual Rows": 1,"Actual Loops": 8924,"Index Cond": "((l_partkey = partsupp.ps_partkey) AND (l_suppkey = partsupp.ps_suppkey))","Rows Removed by Index Recheck": 0,"Filter": "((l_shipdate >= '1996-01-01'::date) AND (l_shipdate < '1997-01-01 00:00:00'::timestamp without time zone))","Rows Removed by Filter": 6}]}]}]}]}]}]},"Planning Time": 143.874,"Triggers": [],"Execution Time": 980.391}]
[{"Plan": {"Node Type": "Sort","Parallel Aware": false,"Async Capable": false,"Startup Cost": 165280.99,"Total Cost": 165281.52,"Plan Rows": 215,"Plan Width": 51,"Actual Startup Time": 893.996,"Actual Total Time": 894.045,"Actual Rows": 204,"Actual Loops": 1,"Sort Key": ["supplier.s_name"],"Sort Method": "quicksort","Sort Space Used": 43,"Sort Space Type": "Memory","Plans": [{"Node Type": "Hash Join","Parent Relationship": "Outer","Parallel Aware": false,"Async Capable": false,"Join Type": "Semi","Startup Cost": 165030.68,"Total Cost": 165272.66,"Plan Rows": 215,"Plan Width": 51,"Actual Startup Time": 889.258,"Actual Total Time": 893.618,"Actual Rows": 204,"Actual Loops": 1,"Inner Unique": false,"Hash Cond": "(supplier.s_suppkey = partsupp.ps_suppkey)","Plans": [{"Node Type": "Nested Loop","Parent Relationship": "Outer","Parallel Aware": false,"Async Capable": false,"Join Type": "Inner","Startup Cost": 7.38,"Total Cost": 244.58,"Plan Rows": 400,"Plan Width": 55,"Actual Startup Time": 0.261,"Actual Total Time": 4.074,"Actual Rows": 438,"Actual Loops": 1,"Inner Unique": false,"Plans": [{"Node Type": "Seq Scan","Parent Relationship": "Outer","Parallel Aware": false,"Async Capable": false,"Relation Name": "nation","Alias": "nation","Startup Cost": 0.00,"Total Cost": 1.31,"Plan Rows": 1,"Plan Width": 4,"Actual Startup Time": 0.064,"Actual Total Time": 0.098,"Actual Rows": 1,"Actual Loops": 1,"Filter": "(n_name = 'IRAQ'::bpchar)","Rows Removed by Filter": 24},{"Node Type": "Bitmap Heap Scan","Parent Relationship": "Inner","Parallel Aware": false,"Async Capable": false,"Relation Name": "supplier","Alias": "supplier","Startup Cost": 7.38,"Total Cost": 239.27,"Plan Rows": 400,"Plan Width": 59,"Actual Startup Time": 0.193,"Actual Total Time": 3.912,"Actual Rows": 438,"Actual Loops": 1,"Recheck Cond": "(s_nationkey = nation.n_nationkey)","Rows Removed by Index Recheck": 0,"Exact Heap Blocks": 194,"Lossy Heap Blocks": 0,"Plans": [{"Node Type": "Bitmap Index Scan","Parent Relationship": "Outer","Parallel Aware": false,"Async Capable": false,"Index Name": "idx_supplier_nation_key","Startup Cost": 0.00,"Total Cost": 7.29,"Plan Rows": 400,"Plan Width": 0,"Actual Startup Time": 0.135,"Actual Total Time": 0.141,"Actual Rows": 438,"Actual Loops": 1,"Index Cond": "(s_nationkey = nation.n_nationkey)"}]}]},{"Node Type": "Hash","Parent Relationship": "Inner","Parallel Aware": false,"Async Capable": false,"Startup Cost": 164955.96,"Total Cost": 164955.96,"Plan Rows": 5387,"Plan Width": 4,"Actual Startup Time": 888.840,"Actual Total Time": 888.853,"Actual Rows": 5838,"Actual Loops": 1,"Hash Buckets": 8192,"Original Hash Buckets": 8192,"Hash Batches": 1,"Original Hash Batches": 1,"Peak Memory Usage": 270,"Plans": [{"Node Type": "Nested Loop","Parent Relationship": "Outer","Parallel Aware": false,"Async Capable": false,"Join Type": "Inner","Startup Cost": 0.42,"Total Cost": 164955.96,"Plan Rows": 5387,"Plan Width": 4,"Actual Startup Time": 0.831,"Actual Total Time": 882.136,"Actual Rows": 5838,"Actual Loops": 1,"Inner Unique": false,"Plans": [{"Node Type": "Seq Scan","Parent Relationship": "Outer","Parallel Aware": false,"Async Capable": false,"Relation Name": "part","Alias": "part","Startup Cost": 0.00,"Total Cost": 6597.00,"Plan Rows": 4040,"Plan Width": 4,"Actual Startup Time": 0.052,"Actual Total Time": 194.408,"Actual Rows": 2157,"Actual Loops": 1,"Filter": "((p_name)::text ~~ 'spring%'::text)","Rows Removed by Filter": 197843},{"Node Type": "Index Scan","Parent Relationship": "Inner","Parallel Aware": false,"Async Capable": false,"Scan Direction": "Forward","Index Name": "idx_partsupp_partkey","Relation Name": "partsupp","Alias": "partsupp","Startup Cost": 0.42,"Total Cost": 39.18,"Plan Rows": 1,"Plan Width": 8,"Actual Startup Time": 0.135,"Actual Total Time": 0.318,"Actual Rows": 3,"Actual Loops": 2157,"Index Cond": "(ps_partkey = part.p_partkey)","Rows Removed by Index Recheck": 0,"Filter": "((ps_availqty)::numeric > (SubPlan 1))","Rows Removed by Filter": 1,"Plans": [{"Node Type": "Aggregate","Strategy": "Plain","Partial Mode": "Simple","Parent Relationship": "SubPlan","Subplan Name": "SubPlan 1","Parallel Aware": false,"Async Capable": false,"Startup Cost": 8.46,"Total Cost": 8.47,"Plan Rows": 1,"Plan Width": 32,"Actual Startup Time": 0.071,"Actual Total Time": 0.071,"Actual Rows": 1,"Actual Loops": 8628,"Plans": [{"Node Type": "Index Scan","Parent Relationship": "Outer","Parallel Aware": false,"Async Capable": false,"Scan Direction": "Forward","Index Name": "idx_lineitem_part_supp","Relation Name": "lineitem","Alias": "lineitem","Startup Cost": 0.43,"Total Cost": 8.46,"Plan Rows": 0,"Plan Width": 5,"Actual Startup Time": 0.044,"Actual Total Time": 0.071,"Actual Rows": 1,"Actual Loops": 8628,"Index Cond": "((l_partkey = partsupp.ps_partkey) AND (l_suppkey = partsupp.ps_suppkey))","Rows Removed by Index Recheck": 0,"Filter": "((l_shipdate >= '1994-01-01'::date) AND (l_shipdate < '1995-01-01 00:00:00'::timestamp without time zone))","Rows Removed by Filter": 6}]}]}]}]}]}]},"Planning Time": 5.875,"Triggers": [],"Execution Time": 894.307}]
[{"Plan": {"Node Type": "Sort","Parallel Aware": false,"Async Capable": false,"Startup Cost": 165280.99,"Total Cost": 165281.52,"Plan Rows": 215,"Plan Width": 51,"Actual Startup Time": 972.752,"Actual Total Time": 972.787,"Actual Rows": 201,"Actual Loops": 1,"Sort Key": ["supplier.s_name"],"Sort Method": "quicksort","Sort Space Used": 43,"Sort Space Type": "Memory","Plans": [{"Node Type": "Hash Join","Parent Relationship": "Outer","Parallel Aware": false,"Async Capable": false,"Join Type": "Semi","Startup Cost": 165030.68,"Total Cost": 165272.66,"Plan Rows": 215,"Plan Width": 51,"Actual Startup Time": 967.697,"Actual Total Time": 972.197,"Actual Rows": 201,"Actual Loops": 1,"Inner Unique": false,"Hash Cond": "(supplier.s_suppkey = partsupp.ps_suppkey)","Plans": [{"Node Type": "Nested Loop","Parent Relationship": "Outer","Parallel Aware": false,"Async Capable": false,"Join Type": "Inner","Startup Cost": 7.38,"Total Cost": 244.58,"Plan Rows": 400,"Plan Width": 55,"Actual Startup Time": 0.273,"Actual Total Time": 4.274,"Actual Rows": 413,"Actual Loops": 1,"Inner Unique": false,"Plans": [{"Node Type": "Seq Scan","Parent Relationship": "Outer","Parallel Aware": false,"Async Capable": false,"Relation Name": "nation","Alias": "nation","Startup Cost": 0.00,"Total Cost": 1.31,"Plan Rows": 1,"Plan Width": 4,"Actual Startup Time": 0.070,"Actual Total Time": 0.098,"Actual Rows": 1,"Actual Loops": 1,"Filter": "(n_name = 'ARGENTINA'::bpchar)","Rows Removed by Filter": 24},{"Node Type": "Bitmap Heap Scan","Parent Relationship": "Inner","Parallel Aware": false,"Async Capable": false,"Relation Name": "supplier","Alias": "supplier","Startup Cost": 7.38,"Total Cost": 239.27,"Plan Rows": 400,"Plan Width": 59,"Actual Startup Time": 0.196,"Actual Total Time": 4.102,"Actual Rows": 413,"Actual Loops": 1,"Recheck Cond": "(s_nationkey = nation.n_nationkey)","Rows Removed by Index Recheck": 0,"Exact Heap Blocks": 190,"Lossy Heap Blocks": 0,"Plans": [{"Node Type": "Bitmap Index Scan","Parent Relationship": "Outer","Parallel Aware": false,"Async Capable": false,"Index Name": "idx_supplier_nation_key","Startup Cost": 0.00,"Total Cost": 7.29,"Plan Rows": 400,"Plan Width": 0,"Actual Startup Time": 0.128,"Actual Total Time": 0.132,"Actual Rows": 413,"Actual Loops": 1,"Index Cond": "(s_nationkey = nation.n_nationkey)"}]}]},{"Node Type": "Hash","Parent Relationship": "Inner","Parallel Aware": false,"Async Capable": false,"Startup Cost": 164955.96,"Total Cost": 164955.96,"Plan Rows": 5387,"Plan Width": 4,"Actual Startup Time": 967.240,"Actual Total Time": 967.247,"Actual Rows": 5922,"Actual Loops": 1,"Hash Buckets": 8192,"Original Hash Buckets": 8192,"Hash Batches": 1,"Original Hash Batches": 1,"Peak Memory Usage": 273,"Plans": [{"Node Type": "Nested Loop","Parent Relationship": "Outer","Parallel Aware": false,"Async Capable": false,"Join Type": "Inner","Startup Cost": 0.42,"Total Cost": 164955.96,"Plan Rows": 5387,"Plan Width": 4,"Actual Startup Time": 0.593,"Actual Total Time": 961.789,"Actual Rows": 5922,"Actual Loops": 1,"Inner Unique": false,"Plans": [{"Node Type": "Seq Scan","Parent Relationship": "Outer","Parallel Aware": false,"Async Capable": false,"Relation Name": "part","Alias": "part","Startup Cost": 0.00,"Total Cost": 6597.00,"Plan Rows": 4040,"Plan Width": 4,"Actual Startup Time": 0.215,"Actual Total Time": 181.833,"Actual Rows": 2163,"Actual Loops": 1,"Filter": "((p_name)::text ~~ 'metallic%'::text)","Rows Removed by Filter": 197837},{"Node Type": "Index Scan","Parent Relationship": "Inner","Parallel Aware": false,"Async Capable": false,"Scan Direction": "Forward","Index Name": "idx_partsupp_partkey","Relation Name": "partsupp","Alias": "partsupp","Startup Cost": 0.42,"Total Cost": 39.18,"Plan Rows": 1,"Plan Width": 8,"Actual Startup Time": 0.150,"Actual Total Time": 0.360,"Actual Rows": 3,"Actual Loops": 2163,"Index Cond": "(ps_partkey = part.p_partkey)","Rows Removed by Index Recheck": 0,"Filter": "((ps_availqty)::numeric > (SubPlan 1))","Rows Removed by Filter": 1,"Plans": [{"Node Type": "Aggregate","Strategy": "Plain","Partial Mode": "Simple","Parent Relationship": "SubPlan","Subplan Name": "SubPlan 1","Parallel Aware": false,"Async Capable": false,"Startup Cost": 8.46,"Total Cost": 8.47,"Plan Rows": 1,"Plan Width": 32,"Actual Startup Time": 0.082,"Actual Total Time": 0.082,"Actual Rows": 1,"Actual Loops": 8652,"Plans": [{"Node Type": "Index Scan","Parent Relationship": "Outer","Parallel Aware": false,"Async Capable": false,"Scan Direction": "Forward","Index Name": "idx_lineitem_part_supp","Relation Name": "lineitem","Alias": "lineitem","Startup Cost": 0.43,"Total Cost": 8.46,"Plan Rows": 0,"Plan Width": 5,"Actual Startup Time": 0.049,"Actual Total Time": 0.081,"Actual Rows": 1,"Actual Loops": 8652,"Index Cond": "((l_partkey = partsupp.ps_partkey) AND (l_suppkey = partsupp.ps_suppkey))","Rows Removed by Index Recheck": 0,"Filter": "((l_shipdate >= '1997-01-01'::date) AND (l_shipdate < '1998-01-01 00:00:00'::timestamp without time zone))","Rows Removed by Filter": 6}]}]}]}]}]}]},"Planning Time": 7.141,"Triggers": [],"Execution Time": 973.032}]
[{"Plan": {"Node Type": "Sort","Parallel Aware": false,"Async Capable": false,"Startup Cost": 88442.96,"Total Cost": 88443.23,"Plan Rows": 108,"Plan Width": 51,"Actual Startup Time": 902.931,"Actual Total Time": 902.972,"Actual Rows": 187,"Actual Loops": 1,"Sort Key": ["supplier.s_name"],"Sort Method": "quicksort","Sort Space Used": 42,"Sort Space Type": "Memory","Plans": [{"Node Type": "Hash Join","Parent Relationship": "Outer","Parallel Aware": false,"Async Capable": false,"Join Type": "Semi","Startup Cost": 88199.59,"Total Cost": 88439.31,"Plan Rows": 108,"Plan Width": 51,"Actual Startup Time": 898.664,"Actual Total Time": 902.389,"Actual Rows": 187,"Actual Loops": 1,"Inner Unique": false,"Hash Cond": "(supplier.s_suppkey = partsupp.ps_suppkey)","Plans": [{"Node Type": "Nested Loop","Parent Relationship": "Outer","Parallel Aware": false,"Async Capable": false,"Join Type": "Inner","Startup Cost": 7.38,"Total Cost": 244.58,"Plan Rows": 400,"Plan Width": 55,"Actual Startup Time": 0.289,"Actual Total Time": 3.989,"Actual Rows": 415,"Actual Loops": 1,"Inner Unique": false,"Plans": [{"Node Type": "Seq Scan","Parent Relationship": "Outer","Parallel Aware": false,"Async Capable": false,"Relation Name": "nation","Alias": "nation","Startup Cost": 0.00,"Total Cost": 1.31,"Plan Rows": 1,"Plan Width": 4,"Actual Startup Time": 0.068,"Actual Total Time": 0.103,"Actual Rows": 1,"Actual Loops": 1,"Filter": "(n_name = 'EGYPT'::bpchar)","Rows Removed by Filter": 24},{"Node Type": "Bitmap Heap Scan","Parent Relationship": "Inner","Parallel Aware": false,"Async Capable": false,"Relation Name": "supplier","Alias": "supplier","Startup Cost": 7.38,"Total Cost": 239.27,"Plan Rows": 400,"Plan Width": 59,"Actual Startup Time": 0.218,"Actual Total Time": 3.811,"Actual Rows": 415,"Actual Loops": 1,"Recheck Cond": "(s_nationkey = nation.n_nationkey)","Rows Removed by Index Recheck": 0,"Exact Heap Blocks": 183,"Lossy Heap Blocks": 0,"Plans": [{"Node Type": "Bitmap Index Scan","Parent Relationship": "Outer","Parallel Aware": false,"Async Capable": false,"Index Name": "idx_supplier_nation_key","Startup Cost": 0.00,"Total Cost": 7.29,"Plan Rows": 400,"Plan Width": 0,"Actual Startup Time": 0.136,"Actual Total Time": 0.140,"Actual Rows": 415,"Actual Loops": 1,"Index Cond": "(s_nationkey = nation.n_nationkey)"}]}]},{"Node Type": "Hash","Parent Relationship": "Inner","Parallel Aware": false,"Async Capable": false,"Startup Cost": 88158.53,"Total Cost": 88158.53,"Plan Rows": 2694,"Plan Width": 4,"Actual Startup Time": 898.219,"Actual Total Time": 898.229,"Actual Rows": 6029,"Actual Loops": 1,"Hash Buckets": 8192,"Original Hash Buckets": 4096,"Hash Batches": 1,"Original Hash Batches": 1,"Peak Memory Usage": 276,"Plans": [{"Node Type": "Nested Loop","Parent Relationship": "Outer","Parallel Aware": false,"Async Capable": false,"Join Type": "Inner","Startup Cost": 0.42,"Total Cost": 88158.53,"Plan Rows": 2694,"Plan Width": 4,"Actual Startup Time": 0.504,"Actual Total Time": 893.337,"Actual Rows": 6029,"Actual Loops": 1,"Inner Unique": false,"Plans": [{"Node Type": "Seq Scan","Parent Relationship": "Outer","Parallel Aware": false,"Async Capable": false,"Relation Name": "part","Alias": "part","Startup Cost": 0.00,"Total Cost": 6597.00,"Plan Rows": 2020,"Plan Width": 4,"Actual Startup Time": 0.054,"Actual Total Time": 195.320,"Actual Rows": 2233,"Actual Loops": 1,"Filter": "((p_name)::text ~~ 'chiffon%'::text)","Rows Removed by Filter": 197767},{"Node Type": "Index Scan","Parent Relationship": "Inner","Parallel Aware": false,"Async Capable": false,"Scan Direction": "Forward","Index Name": "idx_partsupp_partkey","Relation Name": "partsupp","Alias": "partsupp","Startup Cost": 0.42,"Total Cost": 40.36,"Plan Rows": 1,"Plan Width": 8,"Actual Startup Time": 0.132,"Actual Total Time": 0.312,"Actual Rows": 3,"Actual Loops": 2233,"Index Cond": "(ps_partkey = part.p_partkey)","Rows Removed by Index Recheck": 0,"Filter": "((ps_availqty)::numeric > (SubPlan 1))","Rows Removed by Filter": 1,"Plans": [{"Node Type": "Aggregate","Strategy": "Plain","Partial Mode": "Simple","Parent Relationship": "SubPlan","Subplan Name": "SubPlan 1","Parallel Aware": false,"Async Capable": false,"Startup Cost": 8.46,"Total Cost": 8.47,"Plan Rows": 1,"Plan Width": 32,"Actual Startup Time": 0.070,"Actual Total Time": 0.070,"Actual Rows": 1,"Actual Loops": 8932,"Plans": [{"Node Type": "Index Scan","Parent Relationship": "Outer","Parallel Aware": false,"Async Capable": false,"Scan Direction": "Forward","Index Name": "idx_lineitem_part_supp","Relation Name": "lineitem","Alias": "lineitem","Startup Cost": 0.43,"Total Cost": 8.46,"Plan Rows": 0,"Plan Width": 5,"Actual Startup Time": 0.043,"Actual Total Time": 0.069,"Actual Rows": 1,"Actual Loops": 8932,"Index Cond": "((l_partkey = partsupp.ps_partkey) AND (l_suppkey = partsupp.ps_suppkey))","Rows Removed by Index Recheck": 0,"Filter": "((l_shipdate >= '1996-01-01'::date) AND (l_shipdate < '1997-01-01 00:00:00'::timestamp without time zone))","Rows Removed by Filter": 6}]}]}]}]}]}]},"Planning Time": 6.121,"Triggers": [],"Execution Time": 903.257}]
[{"Plan": {"Node Type": "Sort","Parallel Aware": false,"Async Capable": false,"Startup Cost": 88442.96,"Total Cost": 88443.23,"Plan Rows": 108,"Plan Width": 51,"Actual Startup Time": 950.607,"Actual Total Time": 950.647,"Actual Rows": 169,"Actual Loops": 1,"Sort Key": ["supplier.s_name"],"Sort Method": "quicksort","Sort Space Used": 40,"Sort Space Type": "Memory","Plans": [{"Node Type": "Hash Join","Parent Relationship": "Outer","Parallel Aware": false,"Async Capable": false,"Join Type": "Semi","Startup Cost": 88199.59,"Total Cost": 88439.31,"Plan Rows": 108,"Plan Width": 51,"Actual Startup Time": 946.523,"Actual Total Time": 950.319,"Actual Rows": 169,"Actual Loops": 1,"Inner Unique": false,"Hash Cond": "(supplier.s_suppkey = partsupp.ps_suppkey)","Plans": [{"Node Type": "Nested Loop","Parent Relationship": "Outer","Parallel Aware": false,"Async Capable": false,"Join Type": "Inner","Startup Cost": 7.38,"Total Cost": 244.58,"Plan Rows": 400,"Plan Width": 55,"Actual Startup Time": 0.241,"Actual Total Time": 3.950,"Actual Rows": 390,"Actual Loops": 1,"Inner Unique": false,"Plans": [{"Node Type": "Seq Scan","Parent Relationship": "Outer","Parallel Aware": false,"Async Capable": false,"Relation Name": "nation","Alias": "nation","Startup Cost": 0.00,"Total Cost": 1.31,"Plan Rows": 1,"Plan Width": 4,"Actual Startup Time": 0.065,"Actual Total Time": 0.085,"Actual Rows": 1,"Actual Loops": 1,"Filter": "(n_name = 'UNITED KINGDOM'::bpchar)","Rows Removed by Filter": 24},{"Node Type": "Bitmap Heap Scan","Parent Relationship": "Inner","Parallel Aware": false,"Async Capable": false,"Relation Name": "supplier","Alias": "supplier","Startup Cost": 7.38,"Total Cost": 239.27,"Plan Rows": 400,"Plan Width": 59,"Actual Startup Time": 0.168,"Actual Total Time": 3.785,"Actual Rows": 390,"Actual Loops": 1,"Recheck Cond": "(s_nationkey = nation.n_nationkey)","Rows Removed by Index Recheck": 0,"Exact Heap Blocks": 190,"Lossy Heap Blocks": 0,"Plans": [{"Node Type": "Bitmap Index Scan","Parent Relationship": "Outer","Parallel Aware": false,"Async Capable": false,"Index Name": "idx_supplier_nation_key","Startup Cost": 0.00,"Total Cost": 7.29,"Plan Rows": 400,"Plan Width": 0,"Actual Startup Time": 0.117,"Actual Total Time": 0.121,"Actual Rows": 390,"Actual Loops": 1,"Index Cond": "(s_nationkey = nation.n_nationkey)"}]}]},{"Node Type": "Hash","Parent Relationship": "Inner","Parallel Aware": false,"Async Capable": false,"Startup Cost": 88158.53,"Total Cost": 88158.53,"Plan Rows": 2694,"Plan Width": 4,"Actual Startup Time": 946.176,"Actual Total Time": 946.183,"Actual Rows": 5653,"Actual Loops": 1,"Hash Buckets": 8192,"Original Hash Buckets": 4096,"Hash Batches": 1,"Original Hash Batches": 1,"Peak Memory Usage": 263,"Plans": [{"Node Type": "Nested Loop","Parent Relationship": "Outer","Parallel Aware": false,"Async Capable": false,"Join Type": "Inner","Startup Cost": 0.42,"Total Cost": 88158.53,"Plan Rows": 2694,"Plan Width": 4,"Actual Startup Time": 0.700,"Actual Total Time": 942.246,"Actual Rows": 5653,"Actual Loops": 1,"Inner Unique": false,"Plans": [{"Node Type": "Seq Scan","Parent Relationship": "Outer","Parallel Aware": false,"Async Capable": false,"Relation Name": "part","Alias": "part","Startup Cost": 0.00,"Total Cost": 6597.00,"Plan Rows": 2020,"Plan Width": 4,"Actual Startup Time": 0.155,"Actual Total Time": 179.563,"Actual Rows": 2108,"Actual Loops": 1,"Filter": "((p_name)::text ~~ 'grey%'::text)","Rows Removed by Filter": 197892},{"Node Type": "Index Scan","Parent Relationship": "Inner","Parallel Aware": false,"Async Capable": false,"Scan Direction": "Forward","Index Name": "idx_partsupp_partkey","Relation Name": "partsupp","Alias": "partsupp","Startup Cost": 0.42,"Total Cost": 40.36,"Plan Rows": 1,"Plan Width": 8,"Actual Startup Time": 0.153,"Actual Total Time": 0.361,"Actual Rows": 3,"Actual Loops": 2108,"Index Cond": "(ps_partkey = part.p_partkey)","Rows Removed by Index Recheck": 0,"Filter": "((ps_availqty)::numeric > (SubPlan 1))","Rows Removed by Filter": 1,"Plans": [{"Node Type": "Aggregate","Strategy": "Plain","Partial Mode": "Simple","Parent Relationship": "SubPlan","Subplan Name": "SubPlan 1","Parallel Aware": false,"Async Capable": false,"Startup Cost": 8.46,"Total Cost": 8.47,"Plan Rows": 1,"Plan Width": 32,"Actual Startup Time": 0.082,"Actual Total Time": 0.082,"Actual Rows": 1,"Actual Loops": 8432,"Plans": [{"Node Type": "Index Scan","Parent Relationship": "Outer","Parallel Aware": false,"Async Capable": false,"Scan Direction": "Forward","Index Name": "idx_lineitem_part_supp","Relation Name": "lineitem","Alias": "lineitem","Startup Cost": 0.43,"Total Cost": 8.46,"Plan Rows": 0,"Plan Width": 5,"Actual Startup Time": 0.051,"Actual Total Time": 0.081,"Actual Rows": 1,"Actual Loops": 8432,"Index Cond": "((l_partkey = partsupp.ps_partkey) AND (l_suppkey = partsupp.ps_suppkey))","Rows Removed by Index Recheck": 0,"Filter": "((l_shipdate >= '1993-01-01'::date) AND (l_shipdate < '1994-01-01 00:00:00'::timestamp without time zone))","Rows Removed by Filter": 6}]}]}]}]}]}]},"Planning Time": 7.061,"Triggers": [],"Execution Time": 950.903}]
[{"Plan": {"Node Type": "Sort","Parallel Aware": false,"Async Capable": false,"Startup Cost": 88442.96,"Total Cost": 88443.23,"Plan Rows": 108,"Plan Width": 51,"Actual Startup Time": 909.659,"Actual Total Time": 909.696,"Actual Rows": 175,"Actual Loops": 1,"Sort Key": ["supplier.s_name"],"Sort Method": "quicksort","Sort Space Used": 41,"Sort Space Type": "Memory","Plans": [{"Node Type": "Hash Join","Parent Relationship": "Outer","Parallel Aware": false,"Async Capable": false,"Join Type": "Semi","Startup Cost": 88199.59,"Total Cost": 88439.31,"Plan Rows": 108,"Plan Width": 51,"Actual Startup Time": 905.411,"Actual Total Time": 909.326,"Actual Rows": 175,"Actual Loops": 1,"Inner Unique": false,"Hash Cond": "(supplier.s_suppkey = partsupp.ps_suppkey)","Plans": [{"Node Type": "Nested Loop","Parent Relationship": "Outer","Parallel Aware": false,"Async Capable": false,"Join Type": "Inner","Startup Cost": 7.38,"Total Cost": 244.58,"Plan Rows": 400,"Plan Width": 55,"Actual Startup Time": 0.263,"Actual Total Time": 4.117,"Actual Rows": 405,"Actual Loops": 1,"Inner Unique": false,"Plans": [{"Node Type": "Seq Scan","Parent Relationship": "Outer","Parallel Aware": false,"Async Capable": false,"Relation Name": "nation","Alias": "nation","Startup Cost": 0.00,"Total Cost": 1.31,"Plan Rows": 1,"Plan Width": 4,"Actual Startup Time": 0.067,"Actual Total Time": 0.100,"Actual Rows": 1,"Actual Loops": 1,"Filter": "(n_name = 'INDONESIA'::bpchar)","Rows Removed by Filter": 24},{"Node Type": "Bitmap Heap Scan","Parent Relationship": "Inner","Parallel Aware": false,"Async Capable": false,"Relation Name": "supplier","Alias": "supplier","Startup Cost": 7.38,"Total Cost": 239.27,"Plan Rows": 400,"Plan Width": 59,"Actual Startup Time": 0.192,"Actual Total Time": 3.951,"Actual Rows": 405,"Actual Loops": 1,"Recheck Cond": "(s_nationkey = nation.n_nationkey)","Rows Removed by Index Recheck": 0,"Exact Heap Blocks": 192,"Lossy Heap Blocks": 0,"Plans": [{"Node Type": "Bitmap Index Scan","Parent Relationship": "Outer","Parallel Aware": false,"Async Capable": false,"Index Name": "idx_supplier_nation_key","Startup Cost": 0.00,"Total Cost": 7.29,"Plan Rows": 400,"Plan Width": 0,"Actual Startup Time": 0.135,"Actual Total Time": 0.139,"Actual Rows": 405,"Actual Loops": 1,"Index Cond": "(s_nationkey = nation.n_nationkey)"}]}]},{"Node Type": "Hash","Parent Relationship": "Inner","Parallel Aware": false,"Async Capable": false,"Startup Cost": 88158.53,"Total Cost": 88158.53,"Plan Rows": 2694,"Plan Width": 4,"Actual Startup Time": 905.044,"Actual Total Time": 905.052,"Actual Rows": 5995,"Actual Loops": 1,"Hash Buckets": 8192,"Original Hash Buckets": 4096,"Hash Batches": 1,"Original Hash Batches": 1,"Peak Memory Usage": 275,"Plans": [{"Node Type": "Nested Loop","Parent Relationship": "Outer","Parallel Aware": false,"Async Capable": false,"Join Type": "Inner","Startup Cost": 0.42,"Total Cost": 88158.53,"Plan Rows": 2694,"Plan Width": 4,"Actual Startup Time": 0.492,"Actual Total Time": 900.242,"Actual Rows": 5995,"Actual Loops": 1,"Inner Unique": false,"Plans": [{"Node Type": "Seq Scan","Parent Relationship": "Outer","Parallel Aware": false,"Async Capable": false,"Relation Name": "part","Alias": "part","Startup Cost": 0.00,"Total Cost": 6597.00,"Plan Rows": 2020,"Plan Width": 4,"Actual Startup Time": 0.065,"Actual Total Time": 196.480,"Actual Rows": 2201,"Actual Loops": 1,"Filter": "((p_name)::text ~~ 'thistle%'::text)","Rows Removed by Filter": 197799},{"Node Type": "Index Scan","Parent Relationship": "Inner","Parallel Aware": false,"Async Capable": false,"Scan Direction": "Forward","Index Name": "idx_partsupp_partkey","Relation Name": "partsupp","Alias": "partsupp","Startup Cost": 0.42,"Total Cost": 40.36,"Plan Rows": 1,"Plan Width": 8,"Actual Startup Time": 0.134,"Actual Total Time": 0.319,"Actual Rows": 3,"Actual Loops": 2201,"Index Cond": "(ps_partkey = part.p_partkey)","Rows Removed by Index Recheck": 0,"Filter": "((ps_availqty)::numeric > (SubPlan 1))","Rows Removed by Filter": 1,"Plans": [{"Node Type": "Aggregate","Strategy": "Plain","Partial Mode": "Simple","Parent Relationship": "SubPlan","Subplan Name": "SubPlan 1","Parallel Aware": false,"Async Capable": false,"Startup Cost": 8.46,"Total Cost": 8.47,"Plan Rows": 1,"Plan Width": 32,"Actual Startup Time": 0.071,"Actual Total Time": 0.072,"Actual Rows": 1,"Actual Loops": 8804,"Plans": [{"Node Type": "Index Scan","Parent Relationship": "Outer","Parallel Aware": false,"Async Capable": false,"Scan Direction": "Forward","Index Name": "idx_lineitem_part_supp","Relation Name": "lineitem","Alias": "lineitem","Startup Cost": 0.43,"Total Cost": 8.46,"Plan Rows": 0,"Plan Width": 5,"Actual Startup Time": 0.044,"Actual Total Time": 0.071,"Actual Rows": 1,"Actual Loops": 8804,"Index Cond": "((l_partkey = partsupp.ps_partkey) AND (l_suppkey = partsupp.ps_suppkey))","Rows Removed by Index Recheck": 0,"Filter": "((l_shipdate >= '1997-01-01'::date) AND (l_shipdate < '1998-01-01 00:00:00'::timestamp without time zone))","Rows Removed by Filter": 6}]}]}]}]}]}]},"Planning Time": 5.912,"Triggers": [],"Execution Time": 909.939}]
[{"Plan": {"Node Type": "Sort","Parallel Aware": false,"Async Capable": false,"Startup Cost": 88442.96,"Total Cost": 88443.23,"Plan Rows": 108,"Plan Width": 51,"Actual Startup Time": 913.772,"Actual Total Time": 913.806,"Actual Rows": 175,"Actual Loops": 1,"Sort Key": ["supplier.s_name"],"Sort Method": "quicksort","Sort Space Used": 41,"Sort Space Type": "Memory","Plans": [{"Node Type": "Hash Join","Parent Relationship": "Outer","Parallel Aware": false,"Async Capable": false,"Join Type": "Semi","Startup Cost": 88199.59,"Total Cost": 88439.31,"Plan Rows": 108,"Plan Width": 51,"Actual Startup Time": 909.516,"Actual Total Time": 913.462,"Actual Rows": 175,"Actual Loops": 1,"Inner Unique": false,"Hash Cond": "(supplier.s_suppkey = partsupp.ps_suppkey)","Plans": [{"Node Type": "Nested Loop","Parent Relationship": "Outer","Parallel Aware": false,"Async Capable": false,"Join Type": "Inner","Startup Cost": 7.38,"Total Cost": 244.58,"Plan Rows": 400,"Plan Width": 55,"Actual Startup Time": 0.245,"Actual Total Time": 4.082,"Actual Rows": 396,"Actual Loops": 1,"Inner Unique": false,"Plans": [{"Node Type": "Seq Scan","Parent Relationship": "Outer","Parallel Aware": false,"Async Capable": false,"Relation Name": "nation","Alias": "nation","Startup Cost": 0.00,"Total Cost": 1.31,"Plan Rows": 1,"Plan Width": 4,"Actual Startup Time": 0.062,"Actual Total Time": 0.085,"Actual Rows": 1,"Actual Loops": 1,"Filter": "(n_name = 'GERMANY'::bpchar)","Rows Removed by Filter": 24},{"Node Type": "Bitmap Heap Scan","Parent Relationship": "Inner","Parallel Aware": false,"Async Capable": false,"Relation Name": "supplier","Alias": "supplier","Startup Cost": 7.38,"Total Cost": 239.27,"Plan Rows": 400,"Plan Width": 59,"Actual Startup Time": 0.173,"Actual Total Time": 3.928,"Actual Rows": 396,"Actual Loops": 1,"Recheck Cond": "(s_nationkey = nation.n_nationkey)","Rows Removed by Index Recheck": 0,"Exact Heap Blocks": 191,"Lossy Heap Blocks": 0,"Plans": [{"Node Type": "Bitmap Index Scan","Parent Relationship": "Outer","Parallel Aware": false,"Async Capable": false,"Index Name": "idx_supplier_nation_key","Startup Cost": 0.00,"Total Cost": 7.29,"Plan Rows": 400,"Plan Width": 0,"Actual Startup Time": 0.107,"Actual Total Time": 0.109,"Actual Rows": 396,"Actual Loops": 1,"Index Cond": "(s_nationkey = nation.n_nationkey)"}]}]},{"Node Type": "Hash","Parent Relationship": "Inner","Parallel Aware": false,"Async Capable": false,"Startup Cost": 88158.53,"Total Cost": 88158.53,"Plan Rows": 2694,"Plan Width": 4,"Actual Startup Time": 909.190,"Actual Total Time": 909.201,"Actual Rows": 5821,"Actual Loops": 1,"Hash Buckets": 8192,"Original Hash Buckets": 4096,"Hash Batches": 1,"Original Hash Batches": 1,"Peak Memory Usage": 269,"Plans": [{"Node Type": "Nested Loop","Parent Relationship": "Outer","Parallel Aware": false,"Async Capable": false,"Join Type": "Inner","Startup Cost": 0.42,"Total Cost": 88158.53,"Plan Rows": 2694,"Plan Width": 4,"Actual Startup Time": 0.785,"Actual Total Time": 903.787,"Actual Rows": 5821,"Actual Loops": 1,"Inner Unique": false,"Plans": [{"Node Type": "Seq Scan","Parent Relationship": "Outer","Parallel Aware": false,"Async Capable": false,"Relation Name": "part","Alias": "part","Startup Cost": 0.00,"Total Cost": 6597.00,"Plan Rows": 2020,"Plan Width": 4,"Actual Startup Time": 0.177,"Actual Total Time": 201.276,"Actual Rows": 2157,"Actual Loops": 1,"Filter": "((p_name)::text ~~ 'dark%'::text)","Rows Removed by Filter": 197843},{"Node Type": "Index Scan","Parent Relationship": "Inner","Parallel Aware": false,"Async Capable": false,"Scan Direction": "Forward","Index Name": "idx_partsupp_partkey","Relation Name": "partsupp","Alias": "partsupp","Startup Cost": 0.42,"Total Cost": 40.36,"Plan Rows": 1,"Plan Width": 8,"Actual Startup Time": 0.137,"Actual Total Time": 0.325,"Actual Rows": 3,"Actual Loops": 2157,"Index Cond": "(ps_partkey = part.p_partkey)","Rows Removed by Index Recheck": 0,"Filter": "((ps_availqty)::numeric > (SubPlan 1))","Rows Removed by Filter": 1,"Plans": [{"Node Type": "Aggregate","Strategy": "Plain","Partial Mode": "Simple","Parent Relationship": "SubPlan","Subplan Name": "SubPlan 1","Parallel Aware": false,"Async Capable": false,"Startup Cost": 8.46,"Total Cost": 8.47,"Plan Rows": 1,"Plan Width": 32,"Actual Startup Time": 0.073,"Actual Total Time": 0.073,"Actual Rows": 1,"Actual Loops": 8628,"Plans": [{"Node Type": "Index Scan","Parent Relationship": "Outer","Parallel Aware": false,"Async Capable": false,"Scan Direction": "Forward","Index Name": "idx_lineitem_part_supp","Relation Name": "lineitem","Alias": "lineitem","Startup Cost": 0.43,"Total Cost": 8.46,"Plan Rows": 0,"Plan Width": 5,"Actual Startup Time": 0.045,"Actual Total Time": 0.072,"Actual Rows": 1,"Actual Loops": 8628,"Index Cond": "((l_partkey = partsupp.ps_partkey) AND (l_suppkey = partsupp.ps_suppkey))","Rows Removed by Index Recheck": 0,"Filter": "((l_shipdate >= '1996-01-01'::date) AND (l_shipdate < '1997-01-01 00:00:00'::timestamp without time zone))","Rows Removed by Filter": 6}]}]}]}]}]}]},"Planning Time": 7.099,"Triggers": [],"Execution Time": 914.047}]
[{"Plan": {"Node Type": "Sort","Parallel Aware": false,"Async Capable": false,"Startup Cost": 88442.96,"Total Cost": 88443.23,"Plan Rows": 108,"Plan Width": 51,"Actual Startup Time": 985.391,"Actual Total Time": 985.436,"Actual Rows": 194,"Actual Loops": 1,"Sort Key": ["supplier.s_name"],"Sort Method": "quicksort","Sort Space Used": 43,"Sort Space Type": "Memory","Plans": [{"Node Type": "Hash Join","Parent Relationship": "Outer","Parallel Aware": false,"Async Capable": false,"Join Type": "Semi","Startup Cost": 88199.59,"Total Cost": 88439.31,"Plan Rows": 108,"Plan Width": 51,"Actual Startup Time": 981.152,"Actual Total Time": 985.075,"Actual Rows": 194,"Actual Loops": 1,"Inner Unique": false,"Hash Cond": "(supplier.s_suppkey = partsupp.ps_suppkey)","Plans": [{"Node Type": "Nested Loop","Parent Relationship": "Outer","Parallel Aware": false,"Async Capable": false,"Join Type": "Inner","Startup Cost": 7.38,"Total Cost": 244.58,"Plan Rows": 400,"Plan Width": 55,"Actual Startup Time": 0.252,"Actual Total Time": 4.083,"Actual Rows": 412,"Actual Loops": 1,"Inner Unique": false,"Plans": [{"Node Type": "Seq Scan","Parent Relationship": "Outer","Parallel Aware": false,"Async Capable": false,"Relation Name": "nation","Alias": "nation","Startup Cost": 0.00,"Total Cost": 1.31,"Plan Rows": 1,"Plan Width": 4,"Actual Startup Time": 0.062,"Actual Total Time": 0.091,"Actual Rows": 1,"Actual Loops": 1,"Filter": "(n_name = 'CANADA'::bpchar)","Rows Removed by Filter": 24},{"Node Type": "Bitmap Heap Scan","Parent Relationship": "Inner","Parallel Aware": false,"Async Capable": false,"Relation Name": "supplier","Alias": "supplier","Startup Cost": 7.38,"Total Cost": 239.27,"Plan Rows": 400,"Plan Width": 59,"Actual Startup Time": 0.186,"Actual Total Time": 3.915,"Actual Rows": 412,"Actual Loops": 1,"Recheck Cond": "(s_nationkey = nation.n_nationkey)","Rows Removed by Index Recheck": 0,"Exact Heap Blocks": 189,"Lossy Heap Blocks": 0,"Plans": [{"Node Type": "Bitmap Index Scan","Parent Relationship": "Outer","Parallel Aware": false,"Async Capable": false,"Index Name": "idx_supplier_nation_key","Startup Cost": 0.00,"Total Cost": 7.29,"Plan Rows": 400,"Plan Width": 0,"Actual Startup Time": 0.116,"Actual Total Time": 0.122,"Actual Rows": 412,"Actual Loops": 1,"Index Cond": "(s_nationkey = nation.n_nationkey)"}]}]},{"Node Type": "Hash","Parent Relationship": "Inner","Parallel Aware": false,"Async Capable": false,"Startup Cost": 88158.53,"Total Cost": 88158.53,"Plan Rows": 2694,"Plan Width": 4,"Actual Startup Time": 980.814,"Actual Total Time": 980.825,"Actual Rows": 5982,"Actual Loops": 1,"Hash Buckets": 8192,"Original Hash Buckets": 4096,"Hash Batches": 1,"Original Hash Batches": 1,"Peak Memory Usage": 275,"Plans": [{"Node Type": "Nested Loop","Parent Relationship": "Outer","Parallel Aware": false,"Async Capable": false,"Join Type": "Inner","Startup Cost": 0.42,"Total Cost": 88158.53,"Plan Rows": 2694,"Plan Width": 4,"Actual Startup Time": 1.449,"Actual Total Time": 976.551,"Actual Rows": 5982,"Actual Loops": 1,"Inner Unique": false,"Plans": [{"Node Type": "Seq Scan","Parent Relationship": "Outer","Parallel Aware": false,"Async Capable": false,"Relation Name": "part","Alias": "part","Startup Cost": 0.00,"Total Cost": 6597.00,"Plan Rows": 2020,"Plan Width": 4,"Actual Startup Time": 0.078,"Actual Total Time": 181.337,"Actual Rows": 2209,"Actual Loops": 1,"Filter": "((p_name)::text ~~ 'turquoise%'::text)","Rows Removed by Filter": 197791},{"Node Type": "Index Scan","Parent Relationship": "Inner","Parallel Aware": false,"Async Capable": false,"Scan Direction": "Forward","Index Name": "idx_partsupp_partkey","Relation Name": "partsupp","Alias": "partsupp","Startup Cost": 0.42,"Total Cost": 40.36,"Plan Rows": 1,"Plan Width": 8,"Actual Startup Time": 0.150,"Actual Total Time": 0.359,"Actual Rows": 3,"Actual Loops": 2209,"Index Cond": "(ps_partkey = part.p_partkey)","Rows Removed by Index Recheck": 0,"Filter": "((ps_availqty)::numeric > (SubPlan 1))","Rows Removed by Filter": 1,"Plans": [{"Node Type": "Aggregate","Strategy": "Plain","Partial Mode": "Simple","Parent Relationship": "SubPlan","Subplan Name": "SubPlan 1","Parallel Aware": false,"Async Capable": false,"Startup Cost": 8.46,"Total Cost": 8.47,"Plan Rows": 1,"Plan Width": 32,"Actual Startup Time": 0.082,"Actual Total Time": 0.082,"Actual Rows": 1,"Actual Loops": 8836,"Plans": [{"Node Type": "Index Scan","Parent Relationship": "Outer","Parallel Aware": false,"Async Capable": false,"Scan Direction": "Forward","Index Name": "idx_lineitem_part_supp","Relation Name": "lineitem","Alias": "lineitem","Startup Cost": 0.43,"Total Cost": 8.46,"Plan Rows": 0,"Plan Width": 5,"Actual Startup Time": 0.049,"Actual Total Time": 0.081,"Actual Rows": 1,"Actual Loops": 8836,"Index Cond": "((l_partkey = partsupp.ps_partkey) AND (l_suppkey = partsupp.ps_suppkey))","Rows Removed by Index Recheck": 0,"Filter": "((l_shipdate >= '1996-01-01'::date) AND (l_shipdate < '1997-01-01 00:00:00'::timestamp without time zone))","Rows Removed by Filter": 6}]}]}]}]}]}]},"Planning Time": 6.765,"Triggers": [],"Execution Time": 985.717}]
[{"Plan": {"Node Type": "Sort","Parallel Aware": false,"Async Capable": false,"Startup Cost": 165280.99,"Total Cost": 165281.52,"Plan Rows": 215,"Plan Width": 51,"Actual Startup Time": 898.200,"Actual Total Time": 898.229,"Actual Rows": 175,"Actual Loops": 1,"Sort Key": ["supplier.s_name"],"Sort Method": "quicksort","Sort Space Used": 41,"Sort Space Type": "Memory","Plans": [{"Node Type": "Hash Join","Parent Relationship": "Outer","Parallel Aware": false,"Async Capable": false,"Join Type": "Semi","Startup Cost": 165030.68,"Total Cost": 165272.66,"Plan Rows": 215,"Plan Width": 51,"Actual Startup Time": 893.459,"Actual Total Time": 897.839,"Actual Rows": 175,"Actual Loops": 1,"Inner Unique": false,"Hash Cond": "(supplier.s_suppkey = partsupp.ps_suppkey)","Plans": [{"Node Type": "Nested Loop","Parent Relationship": "Outer","Parallel Aware": false,"Async Capable": false,"Join Type": "Inner","Startup Cost": 7.38,"Total Cost": 244.58,"Plan Rows": 400,"Plan Width": 55,"Actual Startup Time": 0.299,"Actual Total Time": 4.070,"Actual Rows": 405,"Actual Loops": 1,"Inner Unique": false,"Plans": [{"Node Type": "Seq Scan","Parent Relationship": "Outer","Parallel Aware": false,"Async Capable": false,"Relation Name": "nation","Alias": "nation","Startup Cost": 0.00,"Total Cost": 1.31,"Plan Rows": 1,"Plan Width": 4,"Actual Startup Time": 0.069,"Actual Total Time": 0.099,"Actual Rows": 1,"Actual Loops": 1,"Filter": "(n_name = 'INDONESIA'::bpchar)","Rows Removed by Filter": 24},{"Node Type": "Bitmap Heap Scan","Parent Relationship": "Inner","Parallel Aware": false,"Async Capable": false,"Relation Name": "supplier","Alias": "supplier","Startup Cost": 7.38,"Total Cost": 239.27,"Plan Rows": 400,"Plan Width": 59,"Actual Startup Time": 0.221,"Actual Total Time": 3.911,"Actual Rows": 405,"Actual Loops": 1,"Recheck Cond": "(s_nationkey = nation.n_nationkey)","Rows Removed by Index Recheck": 0,"Exact Heap Blocks": 192,"Lossy Heap Blocks": 0,"Plans": [{"Node Type": "Bitmap Index Scan","Parent Relationship": "Outer","Parallel Aware": false,"Async Capable": false,"Index Name": "idx_supplier_nation_key","Startup Cost": 0.00,"Total Cost": 7.29,"Plan Rows": 400,"Plan Width": 0,"Actual Startup Time": 0.144,"Actual Total Time": 0.148,"Actual Rows": 405,"Actual Loops": 1,"Index Cond": "(s_nationkey = nation.n_nationkey)"}]}]},{"Node Type": "Hash","Parent Relationship": "Inner","Parallel Aware": false,"Async Capable": false,"Startup Cost": 164955.96,"Total Cost": 164955.96,"Plan Rows": 5387,"Plan Width": 4,"Actual Startup Time": 893.061,"Actual Total Time": 893.067,"Actual Rows": 5789,"Actual Loops": 1,"Hash Buckets": 8192,"Original Hash Buckets": 8192,"Hash Batches": 1,"Original Hash Batches": 1,"Peak Memory Usage": 268,"Plans": [{"Node Type": "Nested Loop","Parent Relationship": "Outer","Parallel Aware": false,"Async Capable": false,"Join Type": "Inner","Startup Cost": 0.42,"Total Cost": 164955.96,"Plan Rows": 5387,"Plan Width": 4,"Actual Startup Time": 0.700,"Actual Total Time": 886.899,"Actual Rows": 5789,"Actual Loops": 1,"Inner Unique": false,"Plans": [{"Node Type": "Seq Scan","Parent Relationship": "Outer","Parallel Aware": false,"Async Capable": false,"Relation Name": "part","Alias": "part","Startup Cost": 0.00,"Total Cost": 6597.00,"Plan Rows": 4040,"Plan Width": 4,"Actual Startup Time": 0.048,"Actual Total Time": 195.102,"Actual Rows": 2143,"Actual Loops": 1,"Filter": "((p_name)::text ~~ 'khaki%'::text)","Rows Removed by Filter": 197857},{"Node Type": "Index Scan","Parent Relationship": "Inner","Parallel Aware": false,"Async Capable": false,"Scan Direction": "Forward","Index Name": "idx_partsupp_partkey","Relation Name": "partsupp","Alias": "partsupp","Startup Cost": 0.42,"Total Cost": 39.18,"Plan Rows": 1,"Plan Width": 8,"Actual Startup Time": 0.134,"Actual Total Time": 0.322,"Actual Rows": 3,"Actual Loops": 2143,"Index Cond": "(ps_partkey = part.p_partkey)","Rows Removed by Index Recheck": 0,"Filter": "((ps_availqty)::numeric > (SubPlan 1))","Rows Removed by Filter": 1,"Plans": [{"Node Type": "Aggregate","Strategy": "Plain","Partial Mode": "Simple","Parent Relationship": "SubPlan","Subplan Name": "SubPlan 1","Parallel Aware": false,"Async Capable": false,"Startup Cost": 8.46,"Total Cost": 8.47,"Plan Rows": 1,"Plan Width": 32,"Actual Startup Time": 0.072,"Actual Total Time": 0.072,"Actual Rows": 1,"Actual Loops": 8572,"Plans": [{"Node Type": "Index Scan","Parent Relationship": "Outer","Parallel Aware": false,"Async Capable": false,"Scan Direction": "Forward","Index Name": "idx_lineitem_part_supp","Relation Name": "lineitem","Alias": "lineitem","Startup Cost": 0.43,"Total Cost": 8.46,"Plan Rows": 0,"Plan Width": 5,"Actual Startup Time": 0.044,"Actual Total Time": 0.071,"Actual Rows": 1,"Actual Loops": 8572,"Index Cond": "((l_partkey = partsupp.ps_partkey) AND (l_suppkey = partsupp.ps_suppkey))","Rows Removed by Index Recheck": 0,"Filter": "((l_shipdate >= '1997-01-01'::date) AND (l_shipdate < '1998-01-01 00:00:00'::timestamp without time zone))","Rows Removed by Filter": 6}]}]}]}]}]}]},"Planning Time": 6.486,"Triggers": [],"Execution Time": 898.543}]
[{"Plan": {"Node Type": "Sort","Parallel Aware": false,"Async Capable": false,"Startup Cost": 88442.96,"Total Cost": 88443.23,"Plan Rows": 108,"Plan Width": 51,"Actual Startup Time": 969.094,"Actual Total Time": 969.137,"Actual Rows": 178,"Actual Loops": 1,"Sort Key": ["supplier.s_name"],"Sort Method": "quicksort","Sort Space Used": 41,"Sort Space Type": "Memory","Plans": [{"Node Type": "Hash Join","Parent Relationship": "Outer","Parallel Aware": false,"Async Capable": false,"Join Type": "Semi","Startup Cost": 88199.59,"Total Cost": 88439.31,"Plan Rows": 108,"Plan Width": 51,"Actual Startup Time": 965.005,"Actual Total Time": 968.777,"Actual Rows": 178,"Actual Loops": 1,"Inner Unique": false,"Hash Cond": "(supplier.s_suppkey = partsupp.ps_suppkey)","Plans": [{"Node Type": "Nested Loop","Parent Relationship": "Outer","Parallel Aware": false,"Async Capable": false,"Join Type": "Inner","Startup Cost": 7.38,"Total Cost": 244.58,"Plan Rows": 400,"Plan Width": 55,"Actual Startup Time": 0.273,"Actual Total Time": 4.002,"Actual Rows": 411,"Actual Loops": 1,"Inner Unique": false,"Plans": [{"Node Type": "Seq Scan","Parent Relationship": "Outer","Parallel Aware": false,"Async Capable": false,"Relation Name": "nation","Alias": "nation","Startup Cost": 0.00,"Total Cost": 1.31,"Plan Rows": 1,"Plan Width": 4,"Actual Startup Time": 0.071,"Actual Total Time": 0.092,"Actual Rows": 1,"Actual Loops": 1,"Filter": "(n_name = 'SAUDI ARABIA'::bpchar)","Rows Removed by Filter": 24},{"Node Type": "Bitmap Heap Scan","Parent Relationship": "Inner","Parallel Aware": false,"Async Capable": false,"Relation Name": "supplier","Alias": "supplier","Startup Cost": 7.38,"Total Cost": 239.27,"Plan Rows": 400,"Plan Width": 59,"Actual Startup Time": 0.199,"Actual Total Time": 3.844,"Actual Rows": 411,"Actual Loops": 1,"Recheck Cond": "(s_nationkey = nation.n_nationkey)","Rows Removed by Index Recheck": 0,"Exact Heap Blocks": 182,"Lossy Heap Blocks": 0,"Plans": [{"Node Type": "Bitmap Index Scan","Parent Relationship": "Outer","Parallel Aware": false,"Async Capable": false,"Index Name": "idx_supplier_nation_key","Startup Cost": 0.00,"Total Cost": 7.29,"Plan Rows": 400,"Plan Width": 0,"Actual Startup Time": 0.146,"Actual Total Time": 0.152,"Actual Rows": 411,"Actual Loops": 1,"Index Cond": "(s_nationkey = nation.n_nationkey)"}]}]},{"Node Type": "Hash","Parent Relationship": "Inner","Parallel Aware": false,"Async Capable": false,"Startup Cost": 88158.53,"Total Cost": 88158.53,"Plan Rows": 2694,"Plan Width": 4,"Actual Startup Time": 964.607,"Actual Total Time": 964.618,"Actual Rows": 6013,"Actual Loops": 1,"Hash Buckets": 8192,"Original Hash Buckets": 4096,"Hash Batches": 1,"Original Hash Batches": 1,"Peak Memory Usage": 276,"Plans": [{"Node Type": "Nested Loop","Parent Relationship": "Outer","Parallel Aware": false,"Async Capable": false,"Join Type": "Inner","Startup Cost": 0.42,"Total Cost": 88158.53,"Plan Rows": 2694,"Plan Width": 4,"Actual Startup Time": 1.015,"Actual Total Time": 960.264,"Actual Rows": 6013,"Actual Loops": 1,"Inner Unique": false,"Plans": [{"Node Type": "Seq Scan","Parent Relationship": "Outer","Parallel Aware": false,"Async Capable": false,"Relation Name": "part","Alias": "part","Startup Cost": 0.00,"Total Cost": 6597.00,"Plan Rows": 2020,"Plan Width": 4,"Actual Startup Time": 0.187,"Actual Total Time": 179.039,"Actual Rows": 2183,"Actual Loops": 1,"Filter": "((p_name)::text ~~ 'papaya%'::text)","Rows Removed by Filter": 197817},{"Node Type": "Index Scan","Parent Relationship": "Inner","Parallel Aware": false,"Async Capable": false,"Scan Direction": "Forward","Index Name": "idx_partsupp_partkey","Relation Name": "partsupp","Alias": "partsupp","Startup Cost": 0.42,"Total Cost": 40.36,"Plan Rows": 1,"Plan Width": 8,"Actual Startup Time": 0.146,"Actual Total Time": 0.357,"Actual Rows": 3,"Actual Loops": 2183,"Index Cond": "(ps_partkey = part.p_partkey)","Rows Removed by Index Recheck": 0,"Filter": "((ps_availqty)::numeric > (SubPlan 1))","Rows Removed by Filter": 1,"Plans": [{"Node Type": "Aggregate","Strategy": "Plain","Partial Mode": "Simple","Parent Relationship": "SubPlan","Subplan Name": "SubPlan 1","Parallel Aware": false,"Async Capable": false,"Startup Cost": 8.46,"Total Cost": 8.47,"Plan Rows": 1,"Plan Width": 32,"Actual Startup Time": 0.081,"Actual Total Time": 0.081,"Actual Rows": 1,"Actual Loops": 8732,"Plans": [{"Node Type": "Index Scan","Parent Relationship": "Outer","Parallel Aware": false,"Async Capable": false,"Scan Direction": "Forward","Index Name": "idx_lineitem_part_supp","Relation Name": "lineitem","Alias": "lineitem","Startup Cost": 0.43,"Total Cost": 8.46,"Plan Rows": 0,"Plan Width": 5,"Actual Startup Time": 0.049,"Actual Total Time": 0.080,"Actual Rows": 1,"Actual Loops": 8732,"Index Cond": "((l_partkey = partsupp.ps_partkey) AND (l_suppkey = partsupp.ps_suppkey))","Rows Removed by Index Recheck": 0,"Filter": "((l_shipdate >= '1995-01-01'::date) AND (l_shipdate < '1996-01-01 00:00:00'::timestamp without time zone))","Rows Removed by Filter": 6}]}]}]}]}]}]},"Planning Time": 6.279,"Triggers": [],"Execution Time": 969.429}]
[{"Plan": {"Node Type": "Sort","Parallel Aware": false,"Async Capable": false,"Startup Cost": 88442.96,"Total Cost": 88443.23,"Plan Rows": 108,"Plan Width": 51,"Actual Startup Time": 899.135,"Actual Total Time": 899.175,"Actual Rows": 167,"Actual Loops": 1,"Sort Key": ["supplier.s_name"],"Sort Method": "quicksort","Sort Space Used": 40,"Sort Space Type": "Memory","Plans": [{"Node Type": "Hash Join","Parent Relationship": "Outer","Parallel Aware": false,"Async Capable": false,"Join Type": "Semi","Startup Cost": 88199.59,"Total Cost": 88439.31,"Plan Rows": 108,"Plan Width": 51,"Actual Startup Time": 895.000,"Actual Total Time": 898.831,"Actual Rows": 167,"Actual Loops": 1,"Inner Unique": false,"Hash Cond": "(supplier.s_suppkey = partsupp.ps_suppkey)","Plans": [{"Node Type": "Nested Loop","Parent Relationship": "Outer","Parallel Aware": false,"Async Capable": false,"Join Type": "Inner","Startup Cost": 7.38,"Total Cost": 244.58,"Plan Rows": 400,"Plan Width": 55,"Actual Startup Time": 0.243,"Actual Total Time": 3.940,"Actual Rows": 377,"Actual Loops": 1,"Inner Unique": false,"Plans": [{"Node Type": "Seq Scan","Parent Relationship": "Outer","Parallel Aware": false,"Async Capable": false,"Relation Name": "nation","Alias": "nation","Startup Cost": 0.00,"Total Cost": 1.31,"Plan Rows": 1,"Plan Width": 4,"Actual Startup Time": 0.067,"Actual Total Time": 0.094,"Actual Rows": 1,"Actual Loops": 1,"Filter": "(n_name = 'JAPAN'::bpchar)","Rows Removed by Filter": 24},{"Node Type": "Bitmap Heap Scan","Parent Relationship": "Inner","Parallel Aware": false,"Async Capable": false,"Relation Name": "supplier","Alias": "supplier","Startup Cost": 7.38,"Total Cost": 239.27,"Plan Rows": 400,"Plan Width": 59,"Actual Startup Time": 0.167,"Actual Total Time": 3.776,"Actual Rows": 377,"Actual Loops": 1,"Recheck Cond": "(s_nationkey = nation.n_nationkey)","Rows Removed by Index Recheck": 0,"Exact Heap Blocks": 180,"Lossy Heap Blocks": 0,"Plans": [{"Node Type": "Bitmap Index Scan","Parent Relationship": "Outer","Parallel Aware": false,"Async Capable": false,"Index Name": "idx_supplier_nation_key","Startup Cost": 0.00,"Total Cost": 7.29,"Plan Rows": 400,"Plan Width": 0,"Actual Startup Time": 0.106,"Actual Total Time": 0.108,"Actual Rows": 377,"Actual Loops": 1,"Index Cond": "(s_nationkey = nation.n_nationkey)"}]}]},{"Node Type": "Hash","Parent Relationship": "Inner","Parallel Aware": false,"Async Capable": false,"Startup Cost": 88158.53,"Total Cost": 88158.53,"Plan Rows": 2694,"Plan Width": 4,"Actual Startup Time": 894.692,"Actual Total Time": 894.705,"Actual Rows": 5828,"Actual Loops": 1,"Hash Buckets": 8192,"Original Hash Buckets": 4096,"Hash Batches": 1,"Original Hash Batches": 1,"Peak Memory Usage": 269,"Plans": [{"Node Type": "Nested Loop","Parent Relationship": "Outer","Parallel Aware": false,"Async Capable": false,"Join Type": "Inner","Startup Cost": 0.42,"Total Cost": 88158.53,"Plan Rows": 2694,"Plan Width": 4,"Actual Startup Time": 0.734,"Actual Total Time": 890.232,"Actual Rows": 5828,"Actual Loops": 1,"Inner Unique": false,"Plans": [{"Node Type": "Seq Scan","Parent Relationship": "Outer","Parallel Aware": false,"Async Capable": false,"Relation Name": "part","Alias": "part","Startup Cost": 0.00,"Total Cost": 6597.00,"Plan Rows": 2020,"Plan Width": 4,"Actual Startup Time": 0.183,"Actual Total Time": 197.218,"Actual Rows": 2157,"Actual Loops": 1,"Filter": "((p_name)::text ~~ 'wheat%'::text)","Rows Removed by Filter": 197843},{"Node Type": "Index Scan","Parent Relationship": "Inner","Parallel Aware": false,"Async Capable": false,"Scan Direction": "Forward","Index Name": "idx_partsupp_partkey","Relation Name": "partsupp","Alias": "partsupp","Startup Cost": 0.42,"Total Cost": 40.36,"Plan Rows": 1,"Plan Width": 8,"Actual Startup Time": 0.136,"Actual Total Time": 0.321,"Actual Rows": 3,"Actual Loops": 2157,"Index Cond": "(ps_partkey = part.p_partkey)","Rows Removed by Index Recheck": 0,"Filter": "((ps_availqty)::numeric > (SubPlan 1))","Rows Removed by Filter": 1,"Plans": [{"Node Type": "Aggregate","Strategy": "Plain","Partial Mode": "Simple","Parent Relationship": "SubPlan","Subplan Name": "SubPlan 1","Parallel Aware": false,"Async Capable": false,"Startup Cost": 8.46,"Total Cost": 8.47,"Plan Rows": 1,"Plan Width": 32,"Actual Startup Time": 0.072,"Actual Total Time": 0.072,"Actual Rows": 1,"Actual Loops": 8628,"Plans": [{"Node Type": "Index Scan","Parent Relationship": "Outer","Parallel Aware": false,"Async Capable": false,"Scan Direction": "Forward","Index Name": "idx_lineitem_part_supp","Relation Name": "lineitem","Alias": "lineitem","Startup Cost": 0.43,"Total Cost": 8.46,"Plan Rows": 0,"Plan Width": 5,"Actual Startup Time": 0.044,"Actual Total Time": 0.071,"Actual Rows": 1,"Actual Loops": 8628,"Index Cond": "((l_partkey = partsupp.ps_partkey) AND (l_suppkey = partsupp.ps_suppkey))","Rows Removed by Index Recheck": 0,"Filter": "((l_shipdate >= '1993-01-01'::date) AND (l_shipdate < '1994-01-01 00:00:00'::timestamp without time zone))","Rows Removed by Filter": 6}]}]}]}]}]}]},"Planning Time": 6.863,"Triggers": [],"Execution Time": 899.422}]
[{"Plan": {"Node Type": "Sort","Parallel Aware": false,"Async Capable": false,"Startup Cost": 88442.96,"Total Cost": 88443.23,"Plan Rows": 108,"Plan Width": 51,"Actual Startup Time": 956.290,"Actual Total Time": 956.320,"Actual Rows": 170,"Actual Loops": 1,"Sort Key": ["supplier.s_name"],"Sort Method": "quicksort","Sort Space Used": 40,"Sort Space Type": "Memory","Plans": [{"Node Type": "Hash Join","Parent Relationship": "Outer","Parallel Aware": false,"Async Capable": false,"Join Type": "Semi","Startup Cost": 88199.59,"Total Cost": 88439.31,"Plan Rows": 108,"Plan Width": 51,"Actual Startup Time": 952.530,"Actual Total Time": 956.002,"Actual Rows": 170,"Actual Loops": 1,"Inner Unique": false,"Hash Cond": "(supplier.s_suppkey = partsupp.ps_suppkey)","Plans": [{"Node Type": "Nested Loop","Parent Relationship": "Outer","Parallel Aware": false,"Async Capable": false,"Join Type": "Inner","Startup Cost": 7.38,"Total Cost": 244.58,"Plan Rows": 400,"Plan Width": 55,"Actual Startup Time": 0.278,"Actual Total Time": 3.734,"Actual Rows": 362,"Actual Loops": 1,"Inner Unique": false,"Plans": [{"Node Type": "Seq Scan","Parent Relationship": "Outer","Parallel Aware": false,"Async Capable": false,"Relation Name": "nation","Alias": "nation","Startup Cost": 0.00,"Total Cost": 1.31,"Plan Rows": 1,"Plan Width": 4,"Actual Startup Time": 0.081,"Actual Total Time": 0.108,"Actual Rows": 1,"Actual Loops": 1,"Filter": "(n_name = 'JORDAN'::bpchar)","Rows Removed by Filter": 24},{"Node Type": "Bitmap Heap Scan","Parent Relationship": "Inner","Parallel Aware": false,"Async Capable": false,"Relation Name": "supplier","Alias": "supplier","Startup Cost": 7.38,"Total Cost": 239.27,"Plan Rows": 400,"Plan Width": 59,"Actual Startup Time": 0.191,"Actual Total Time": 3.564,"Actual Rows": 362,"Actual Loops": 1,"Recheck Cond": "(s_nationkey = nation.n_nationkey)","Rows Removed by Index Recheck": 0,"Exact Heap Blocks": 166,"Lossy Heap Blocks": 0,"Plans": [{"Node Type": "Bitmap Index Scan","Parent Relationship": "Outer","Parallel Aware": false,"Async Capable": false,"Index Name": "idx_supplier_nation_key","Startup Cost": 0.00,"Total Cost": 7.29,"Plan Rows": 400,"Plan Width": 0,"Actual Startup Time": 0.119,"Actual Total Time": 0.125,"Actual Rows": 362,"Actual Loops": 1,"Index Cond": "(s_nationkey = nation.n_nationkey)"}]}]},{"Node Type": "Hash","Parent Relationship": "Inner","Parallel Aware": false,"Async Capable": false,"Startup Cost": 88158.53,"Total Cost": 88158.53,"Plan Rows": 2694,"Plan Width": 4,"Actual Startup Time": 952.114,"Actual Total Time": 952.123,"Actual Rows": 5746,"Actual Loops": 1,"Hash Buckets": 8192,"Original Hash Buckets": 4096,"Hash Batches": 1,"Original Hash Batches": 1,"Peak Memory Usage": 267,"Plans": [{"Node Type": "Nested Loop","Parent Relationship": "Outer","Parallel Aware": false,"Async Capable": false,"Join Type": "Inner","Startup Cost": 0.42,"Total Cost": 88158.53,"Plan Rows": 2694,"Plan Width": 4,"Actual Startup Time": 0.837,"Actual Total Time": 948.075,"Actual Rows": 5746,"Actual Loops": 1,"Inner Unique": false,"Plans": [{"Node Type": "Seq Scan","Parent Relationship": "Outer","Parallel Aware": false,"Async Capable": false,"Relation Name": "part","Alias": "part","Startup Cost": 0.00,"Total Cost": 6597.00,"Plan Rows": 2020,"Plan Width": 4,"Actual Startup Time": 0.096,"Actual Total Time": 182.269,"Actual Rows": 2138,"Actual Loops": 1,"Filter": "((p_name)::text ~~ 'royal%'::text)","Rows Removed by Filter": 197862},{"Node Type": "Index Scan","Parent Relationship": "Inner","Parallel Aware": false,"Async Capable": false,"Scan Direction": "Forward","Index Name": "idx_partsupp_partkey","Relation Name": "partsupp","Alias": "partsupp","Startup Cost": 0.42,"Total Cost": 40.36,"Plan Rows": 1,"Plan Width": 8,"Actual Startup Time": 0.151,"Actual Total Time": 0.358,"Actual Rows": 3,"Actual Loops": 2138,"Index Cond": "(ps_partkey = part.p_partkey)","Rows Removed by Index Recheck": 0,"Filter": "((ps_availqty)::numeric > (SubPlan 1))","Rows Removed by Filter": 1,"Plans": [{"Node Type": "Aggregate","Strategy": "Plain","Partial Mode": "Simple","Parent Relationship": "SubPlan","Subplan Name": "SubPlan 1","Parallel Aware": false,"Async Capable": false,"Startup Cost": 8.46,"Total Cost": 8.47,"Plan Rows": 1,"Plan Width": 32,"Actual Startup Time": 0.081,"Actual Total Time": 0.081,"Actual Rows": 1,"Actual Loops": 8552,"Plans": [{"Node Type": "Index Scan","Parent Relationship": "Outer","Parallel Aware": false,"Async Capable": false,"Scan Direction": "Forward","Index Name": "idx_lineitem_part_supp","Relation Name": "lineitem","Alias": "lineitem","Startup Cost": 0.43,"Total Cost": 8.46,"Plan Rows": 0,"Plan Width": 5,"Actual Startup Time": 0.050,"Actual Total Time": 0.081,"Actual Rows": 1,"Actual Loops": 8552,"Index Cond": "((l_partkey = partsupp.ps_partkey) AND (l_suppkey = partsupp.ps_suppkey))","Rows Removed by Index Recheck": 0,"Filter": "((l_shipdate >= '1994-01-01'::date) AND (l_shipdate < '1995-01-01 00:00:00'::timestamp without time zone))","Rows Removed by Filter": 6}]}]}]}]}]}]},"Planning Time": 5.779,"Triggers": [],"Execution Time": 956.572}]
[{"Plan": {"Node Type": "Sort","Parallel Aware": false,"Async Capable": false,"Startup Cost": 88442.96,"Total Cost": 88443.23,"Plan Rows": 108,"Plan Width": 51,"Actual Startup Time": 954.258,"Actual Total Time": 954.293,"Actual Rows": 182,"Actual Loops": 1,"Sort Key": ["supplier.s_name"],"Sort Method": "quicksort","Sort Space Used": 42,"Sort Space Type": "Memory","Plans": [{"Node Type": "Hash Join","Parent Relationship": "Outer","Parallel Aware": false,"Async Capable": false,"Join Type": "Semi","Startup Cost": 88199.59,"Total Cost": 88439.31,"Plan Rows": 108,"Plan Width": 51,"Actual Startup Time": 949.802,"Actual Total Time": 953.924,"Actual Rows": 182,"Actual Loops": 1,"Inner Unique": false,"Hash Cond": "(supplier.s_suppkey = partsupp.ps_suppkey)","Plans": [{"Node Type": "Nested Loop","Parent Relationship": "Outer","Parallel Aware": false,"Async Capable": false,"Join Type": "Inner","Startup Cost": 7.38,"Total Cost": 244.58,"Plan Rows": 400,"Plan Width": 55,"Actual Startup Time": 0.272,"Actual Total Time": 4.325,"Actual Rows": 415,"Actual Loops": 1,"Inner Unique": false,"Plans": [{"Node Type": "Seq Scan","Parent Relationship": "Outer","Parallel Aware": false,"Async Capable": false,"Relation Name": "nation","Alias": "nation","Startup Cost": 0.00,"Total Cost": 1.31,"Plan Rows": 1,"Plan Width": 4,"Actual Startup Time": 0.061,"Actual Total Time": 0.085,"Actual Rows": 1,"Actual Loops": 1,"Filter": "(n_name = 'INDIA'::bpchar)","Rows Removed by Filter": 24},{"Node Type": "Bitmap Heap Scan","Parent Relationship": "Inner","Parallel Aware": false,"Async Capable": false,"Relation Name": "supplier","Alias": "supplier","Startup Cost": 7.38,"Total Cost": 239.27,"Plan Rows": 400,"Plan Width": 59,"Actual Startup Time": 0.207,"Actual Total Time": 4.181,"Actual Rows": 415,"Actual Loops": 1,"Recheck Cond": "(s_nationkey = nation.n_nationkey)","Rows Removed by Index Recheck": 0,"Exact Heap Blocks": 186,"Lossy Heap Blocks": 0,"Plans": [{"Node Type": "Bitmap Index Scan","Parent Relationship": "Outer","Parallel Aware": false,"Async Capable": false,"Index Name": "idx_supplier_nation_key","Startup Cost": 0.00,"Total Cost": 7.29,"Plan Rows": 400,"Plan Width": 0,"Actual Startup Time": 0.146,"Actual Total Time": 0.153,"Actual Rows": 415,"Actual Loops": 1,"Index Cond": "(s_nationkey = nation.n_nationkey)"}]}]},{"Node Type": "Hash","Parent Relationship": "Inner","Parallel Aware": false,"Async Capable": false,"Startup Cost": 88158.53,"Total Cost": 88158.53,"Plan Rows": 2694,"Plan Width": 4,"Actual Startup Time": 949.447,"Actual Total Time": 949.458,"Actual Rows": 5708,"Actual Loops": 1,"Hash Buckets": 8192,"Original Hash Buckets": 4096,"Hash Batches": 1,"Original Hash Batches": 1,"Peak Memory Usage": 265,"Plans": [{"Node Type": "Nested Loop","Parent Relationship": "Outer","Parallel Aware": false,"Async Capable": false,"Join Type": "Inner","Startup Cost": 0.42,"Total Cost": 88158.53,"Plan Rows": 2694,"Plan Width": 4,"Actual Startup Time": 0.438,"Actual Total Time": 945.135,"Actual Rows": 5708,"Actual Loops": 1,"Inner Unique": false,"Plans": [{"Node Type": "Seq Scan","Parent Relationship": "Outer","Parallel Aware": false,"Async Capable": false,"Relation Name": "part","Alias": "part","Startup Cost": 0.00,"Total Cost": 6597.00,"Plan Rows": 2020,"Plan Width": 4,"Actual Startup Time": 0.041,"Actual Total Time": 182.378,"Actual Rows": 2107,"Actual Loops": 1,"Filter": "((p_name)::text ~~ 'coral%'::text)","Rows Removed by Filter": 197893},{"Node Type": "Index Scan","Parent Relationship": "Inner","Parallel Aware": false,"Async Capable": false,"Scan Direction": "Forward","Index Name": "idx_partsupp_partkey","Relation Name": "partsupp","Alias": "partsupp","Startup Cost": 0.42,"Total Cost": 40.36,"Plan Rows": 1,"Plan Width": 8,"Actual Startup Time": 0.150,"Actual Total Time": 0.362,"Actual Rows": 3,"Actual Loops": 2107,"Index Cond": "(ps_partkey = part.p_partkey)","Rows Removed by Index Recheck": 0,"Filter": "((ps_availqty)::numeric > (SubPlan 1))","Rows Removed by Filter": 1,"Plans": [{"Node Type": "Aggregate","Strategy": "Plain","Partial Mode": "Simple","Parent Relationship": "SubPlan","Subplan Name": "SubPlan 1","Parallel Aware": false,"Async Capable": false,"Startup Cost": 8.46,"Total Cost": 8.47,"Plan Rows": 1,"Plan Width": 32,"Actual Startup Time": 0.082,"Actual Total Time": 0.082,"Actual Rows": 1,"Actual Loops": 8428,"Plans": [{"Node Type": "Index Scan","Parent Relationship": "Outer","Parallel Aware": false,"Async Capable": false,"Scan Direction": "Forward","Index Name": "idx_lineitem_part_supp","Relation Name": "lineitem","Alias": "lineitem","Startup Cost": 0.43,"Total Cost": 8.46,"Plan Rows": 0,"Plan Width": 5,"Actual Startup Time": 0.050,"Actual Total Time": 0.081,"Actual Rows": 1,"Actual Loops": 8428,"Index Cond": "((l_partkey = partsupp.ps_partkey) AND (l_suppkey = partsupp.ps_suppkey))","Rows Removed by Index Recheck": 0,"Filter": "((l_shipdate >= '1995-01-01'::date) AND (l_shipdate < '1996-01-01 00:00:00'::timestamp without time zone))","Rows Removed by Filter": 6}]}]}]}]}]}]},"Planning Time": 7.294,"Triggers": [],"Execution Time": 954.554}]
[{"Plan": {"Node Type": "Sort","Parallel Aware": false,"Async Capable": false,"Startup Cost": 88442.96,"Total Cost": 88443.23,"Plan Rows": 108,"Plan Width": 51,"Actual Startup Time": 910.493,"Actual Total Time": 910.530,"Actual Rows": 185,"Actual Loops": 1,"Sort Key": ["supplier.s_name"],"Sort Method": "quicksort","Sort Space Used": 42,"Sort Space Type": "Memory","Plans": [{"Node Type": "Hash Join","Parent Relationship": "Outer","Parallel Aware": false,"Async Capable": false,"Join Type": "Semi","Startup Cost": 88199.59,"Total Cost": 88439.31,"Plan Rows": 108,"Plan Width": 51,"Actual Startup Time": 906.444,"Actual Total Time": 910.174,"Actual Rows": 185,"Actual Loops": 1,"Inner Unique": false,"Hash Cond": "(supplier.s_suppkey = partsupp.ps_suppkey)","Plans": [{"Node Type": "Nested Loop","Parent Relationship": "Outer","Parallel Aware": false,"Async Capable": false,"Join Type": "Inner","Startup Cost": 7.38,"Total Cost": 244.58,"Plan Rows": 400,"Plan Width": 55,"Actual Startup Time": 0.236,"Actual Total Time": 3.831,"Actual Rows": 411,"Actual Loops": 1,"Inner Unique": false,"Plans": [{"Node Type": "Seq Scan","Parent Relationship": "Outer","Parallel Aware": false,"Async Capable": false,"Relation Name": "nation","Alias": "nation","Startup Cost": 0.00,"Total Cost": 1.31,"Plan Rows": 1,"Plan Width": 4,"Actual Startup Time": 0.044,"Actual Total Time": 0.057,"Actual Rows": 1,"Actual Loops": 1,"Filter": "(n_name = 'SAUDI ARABIA'::bpchar)","Rows Removed by Filter": 24},{"Node Type": "Bitmap Heap Scan","Parent Relationship": "Inner","Parallel Aware": false,"Async Capable": false,"Relation Name": "supplier","Alias": "supplier","Startup Cost": 7.38,"Total Cost": 239.27,"Plan Rows": 400,"Plan Width": 59,"Actual Startup Time": 0.184,"Actual Total Time": 3.704,"Actual Rows": 411,"Actual Loops": 1,"Recheck Cond": "(s_nationkey = nation.n_nationkey)","Rows Removed by Index Recheck": 0,"Exact Heap Blocks": 182,"Lossy Heap Blocks": 0,"Plans": [{"Node Type": "Bitmap Index Scan","Parent Relationship": "Outer","Parallel Aware": false,"Async Capable": false,"Index Name": "idx_supplier_nation_key","Startup Cost": 0.00,"Total Cost": 7.29,"Plan Rows": 400,"Plan Width": 0,"Actual Startup Time": 0.125,"Actual Total Time": 0.131,"Actual Rows": 411,"Actual Loops": 1,"Index Cond": "(s_nationkey = nation.n_nationkey)"}]}]},{"Node Type": "Hash","Parent Relationship": "Inner","Parallel Aware": false,"Async Capable": false,"Startup Cost": 88158.53,"Total Cost": 88158.53,"Plan Rows": 2694,"Plan Width": 4,"Actual Startup Time": 906.161,"Actual Total Time": 906.170,"Actual Rows": 5972,"Actual Loops": 1,"Hash Buckets": 8192,"Original Hash Buckets": 4096,"Hash Batches": 1,"Original Hash Batches": 1,"Peak Memory Usage": 274,"Plans": [{"Node Type": "Nested Loop","Parent Relationship": "Outer","Parallel Aware": false,"Async Capable": false,"Join Type": "Inner","Startup Cost": 0.42,"Total Cost": 88158.53,"Plan Rows": 2694,"Plan Width": 4,"Actual Startup Time": 0.451,"Actual Total Time": 901.293,"Actual Rows": 5972,"Actual Loops": 1,"Inner Unique": false,"Plans": [{"Node Type": "Seq Scan","Parent Relationship": "Outer","Parallel Aware": false,"Async Capable": false,"Relation Name": "part","Alias": "part","Startup Cost": 0.00,"Total Cost": 6597.00,"Plan Rows": 2020,"Plan Width": 4,"Actual Startup Time": 0.146,"Actual Total Time": 196.314,"Actual Rows": 2217,"Actual Loops": 1,"Filter": "((p_name)::text ~~ 'tomato%'::text)","Rows Removed by Filter": 197783},{"Node Type": "Index Scan","Parent Relationship": "Inner","Parallel Aware": false,"Async Capable": false,"Scan Direction": "Forward","Index Name": "idx_partsupp_partkey","Relation Name": "partsupp","Alias": "partsupp","Startup Cost": 0.42,"Total Cost": 40.36,"Plan Rows": 1,"Plan Width": 8,"Actual Startup Time": 0.136,"Actual Total Time": 0.317,"Actual Rows": 3,"Actual Loops": 2217,"Index Cond": "(ps_partkey = part.p_partkey)","Rows Removed by Index Recheck": 0,"Filter": "((ps_availqty)::numeric > (SubPlan 1))","Rows Removed by Filter": 1,"Plans": [{"Node Type": "Aggregate","Strategy": "Plain","Partial Mode": "Simple","Parent Relationship": "SubPlan","Subplan Name": "SubPlan 1","Parallel Aware": false,"Async Capable": false,"Startup Cost": 8.46,"Total Cost": 8.47,"Plan Rows": 1,"Plan Width": 32,"Actual Startup Time": 0.071,"Actual Total Time": 0.071,"Actual Rows": 1,"Actual Loops": 8868,"Plans": [{"Node Type": "Index Scan","Parent Relationship": "Outer","Parallel Aware": false,"Async Capable": false,"Scan Direction": "Forward","Index Name": "idx_lineitem_part_supp","Relation Name": "lineitem","Alias": "lineitem","Startup Cost": 0.43,"Total Cost": 8.46,"Plan Rows": 0,"Plan Width": 5,"Actual Startup Time": 0.043,"Actual Total Time": 0.070,"Actual Rows": 1,"Actual Loops": 8868,"Index Cond": "((l_partkey = partsupp.ps_partkey) AND (l_suppkey = partsupp.ps_suppkey))","Rows Removed by Index Recheck": 0,"Filter": "((l_shipdate >= '1995-01-01'::date) AND (l_shipdate < '1996-01-01 00:00:00'::timestamp without time zone))","Rows Removed by Filter": 6}]}]}]}]}]}]},"Planning Time": 7.057,"Triggers": [],"Execution Time": 910.763}]
[{"Plan": {"Node Type": "Sort","Parallel Aware": false,"Async Capable": false,"Startup Cost": 165280.99,"Total Cost": 165281.53,"Plan Rows": 215,"Plan Width": 51,"Actual Startup Time": 966.906,"Actual Total Time": 966.947,"Actual Rows": 190,"Actual Loops": 1,"Sort Key": ["supplier.s_name"],"Sort Method": "quicksort","Sort Space Used": 42,"Sort Space Type": "Memory","Plans": [{"Node Type": "Hash Join","Parent Relationship": "Outer","Parallel Aware": false,"Async Capable": false,"Join Type": "Semi","Startup Cost": 165030.68,"Total Cost": 165272.66,"Plan Rows": 215,"Plan Width": 51,"Actual Startup Time": 962.008,"Actual Total Time": 966.321,"Actual Rows": 190,"Actual Loops": 1,"Inner Unique": false,"Hash Cond": "(supplier.s_suppkey = partsupp.ps_suppkey)","Plans": [{"Node Type": "Nested Loop","Parent Relationship": "Outer","Parallel Aware": false,"Async Capable": false,"Join Type": "Inner","Startup Cost": 7.38,"Total Cost": 244.58,"Plan Rows": 400,"Plan Width": 55,"Actual Startup Time": 0.249,"Actual Total Time": 4.029,"Actual Rows": 402,"Actual Loops": 1,"Inner Unique": false,"Plans": [{"Node Type": "Seq Scan","Parent Relationship": "Outer","Parallel Aware": false,"Async Capable": false,"Relation Name": "nation","Alias": "nation","Startup Cost": 0.00,"Total Cost": 1.31,"Plan Rows": 1,"Plan Width": 4,"Actual Startup Time": 0.079,"Actual Total Time": 0.111,"Actual Rows": 1,"Actual Loops": 1,"Filter": "(n_name = 'FRANCE'::bpchar)","Rows Removed by Filter": 24},{"Node Type": "Bitmap Heap Scan","Parent Relationship": "Inner","Parallel Aware": false,"Async Capable": false,"Relation Name": "supplier","Alias": "supplier","Startup Cost": 7.38,"Total Cost": 239.27,"Plan Rows": 400,"Plan Width": 59,"Actual Startup Time": 0.163,"Actual Total Time": 3.853,"Actual Rows": 402,"Actual Loops": 1,"Recheck Cond": "(s_nationkey = nation.n_nationkey)","Rows Removed by Index Recheck": 0,"Exact Heap Blocks": 184,"Lossy Heap Blocks": 0,"Plans": [{"Node Type": "Bitmap Index Scan","Parent Relationship": "Outer","Parallel Aware": false,"Async Capable": false,"Index Name": "idx_supplier_nation_key","Startup Cost": 0.00,"Total Cost": 7.29,"Plan Rows": 400,"Plan Width": 0,"Actual Startup Time": 0.093,"Actual Total Time": 0.098,"Actual Rows": 402,"Actual Loops": 1,"Index Cond": "(s_nationkey = nation.n_nationkey)"}]}]},{"Node Type": "Hash","Parent Relationship": "Inner","Parallel Aware": false,"Async Capable": false,"Startup Cost": 164955.96,"Total Cost": 164955.96,"Plan Rows": 5387,"Plan Width": 4,"Actual Startup Time": 961.659,"Actual Total Time": 961.670,"Actual Rows": 5849,"Actual Loops": 1,"Hash Buckets": 8192,"Original Hash Buckets": 8192,"Hash Batches": 1,"Original Hash Batches": 1,"Peak Memory Usage": 270,"Plans": [{"Node Type": "Nested Loop","Parent Relationship": "Outer","Parallel Aware": false,"Async Capable": false,"Join Type": "Inner","Startup Cost": 0.42,"Total Cost": 164955.96,"Plan Rows": 5387,"Plan Width": 4,"Actual Startup Time": 0.671,"Actual Total Time": 956.474,"Actual Rows": 5849,"Actual Loops": 1,"Inner Unique": false,"Plans": [{"Node Type": "Seq Scan","Parent Relationship": "Outer","Parallel Aware": false,"Async Capable": false,"Relation Name": "part","Alias": "part","Startup Cost": 0.00,"Total Cost": 6597.00,"Plan Rows": 4040,"Plan Width": 4,"Actual Startup Time": 0.045,"Actual Total Time": 180.983,"Actual Rows": 2143,"Actual Loops": 1,"Filter": "((p_name)::text ~~ 'khaki%'::text)","Rows Removed by Filter": 197857},{"Node Type": "Index Scan","Parent Relationship": "Inner","Parallel Aware": false,"Async Capable": false,"Scan Direction": "Forward","Index Name": "idx_partsupp_partkey","Relation Name": "partsupp","Alias": "partsupp","Startup Cost": 0.42,"Total Cost": 39.18,"Plan Rows": 1,"Plan Width": 8,"Actual Startup Time": 0.151,"Actual Total Time": 0.361,"Actual Rows": 3,"Actual Loops": 2143,"Index Cond": "(ps_partkey = part.p_partkey)","Rows Removed by Index Recheck": 0,"Filter": "((ps_availqty)::numeric > (SubPlan 1))","Rows Removed by Filter": 1,"Plans": [{"Node Type": "Aggregate","Strategy": "Plain","Partial Mode": "Simple","Parent Relationship": "SubPlan","Subplan Name": "SubPlan 1","Parallel Aware": false,"Async Capable": false,"Startup Cost": 8.46,"Total Cost": 8.47,"Plan Rows": 1,"Plan Width": 32,"Actual Startup Time": 0.082,"Actual Total Time": 0.082,"Actual Rows": 1,"Actual Loops": 8572,"Plans": [{"Node Type": "Index Scan","Parent Relationship": "Outer","Parallel Aware": false,"Async Capable": false,"Scan Direction": "Forward","Index Name": "idx_lineitem_part_supp","Relation Name": "lineitem","Alias": "lineitem","Startup Cost": 0.43,"Total Cost": 8.46,"Plan Rows": 0,"Plan Width": 5,"Actual Startup Time": 0.050,"Actual Total Time": 0.081,"Actual Rows": 1,"Actual Loops": 8572,"Index Cond": "((l_partkey = partsupp.ps_partkey) AND (l_suppkey = partsupp.ps_suppkey))","Rows Removed by Index Recheck": 0,"Filter": "((l_shipdate >= '1995-01-01'::date) AND (l_shipdate < '1996-01-01 00:00:00'::timestamp without time zone))","Rows Removed by Filter": 6}]}]}]}]}]}]},"Planning Time": 5.637,"Triggers": [],"Execution Time": 967.224}]
[{"Plan": {"Node Type": "Sort","Parallel Aware": false,"Async Capable": false,"Startup Cost": 88442.96,"Total Cost": 88443.23,"Plan Rows": 108,"Plan Width": 51,"Actual Startup Time": 895.108,"Actual Total Time": 895.145,"Actual Rows": 175,"Actual Loops": 1,"Sort Key": ["supplier.s_name"],"Sort Method": "quicksort","Sort Space Used": 41,"Sort Space Type": "Memory","Plans": [{"Node Type": "Hash Join","Parent Relationship": "Outer","Parallel Aware": false,"Async Capable": false,"Join Type": "Semi","Startup Cost": 88199.59,"Total Cost": 88439.31,"Plan Rows": 108,"Plan Width": 51,"Actual Startup Time": 890.936,"Actual Total Time": 894.760,"Actual Rows": 175,"Actual Loops": 1,"Inner Unique": false,"Hash Cond": "(supplier.s_suppkey = partsupp.ps_suppkey)","Plans": [{"Node Type": "Nested Loop","Parent Relationship": "Outer","Parallel Aware": false,"Async Capable": false,"Join Type": "Inner","Startup Cost": 7.38,"Total Cost": 244.58,"Plan Rows": 400,"Plan Width": 55,"Actual Startup Time": 0.329,"Actual Total Time": 4.031,"Actual Rows": 421,"Actual Loops": 1,"Inner Unique": false,"Plans": [{"Node Type": "Seq Scan","Parent Relationship": "Outer","Parallel Aware": false,"Async Capable": false,"Relation Name": "nation","Alias": "nation","Startup Cost": 0.00,"Total Cost": 1.31,"Plan Rows": 1,"Plan Width": 4,"Actual Startup Time": 0.078,"Actual Total Time": 0.100,"Actual Rows": 1,"Actual Loops": 1,"Filter": "(n_name = 'PERU'::bpchar)","Rows Removed by Filter": 24},{"Node Type": "Bitmap Heap Scan","Parent Relationship": "Inner","Parallel Aware": false,"Async Capable": false,"Relation Name": "supplier","Alias": "supplier","Startup Cost": 7.38,"Total Cost": 239.27,"Plan Rows": 400,"Plan Width": 59,"Actual Startup Time": 0.237,"Actual Total Time": 3.853,"Actual Rows": 421,"Actual Loops": 1,"Recheck Cond": "(s_nationkey = nation.n_nationkey)","Rows Removed by Index Recheck": 0,"Exact Heap Blocks": 187,"Lossy Heap Blocks": 0,"Plans": [{"Node Type": "Bitmap Index Scan","Parent Relationship": "Outer","Parallel Aware": false,"Async Capable": false,"Index Name": "idx_supplier_nation_key","Startup Cost": 0.00,"Total Cost": 7.29,"Plan Rows": 400,"Plan Width": 0,"Actual Startup Time": 0.172,"Actual Total Time": 0.176,"Actual Rows": 421,"Actual Loops": 1,"Index Cond": "(s_nationkey = nation.n_nationkey)"}]}]},{"Node Type": "Hash","Parent Relationship": "Inner","Parallel Aware": false,"Async Capable": false,"Startup Cost": 88158.53,"Total Cost": 88158.53,"Plan Rows": 2694,"Plan Width": 4,"Actual Startup Time": 890.559,"Actual Total Time": 890.572,"Actual Rows": 5873,"Actual Loops": 1,"Hash Buckets": 8192,"Original Hash Buckets": 4096,"Hash Batches": 1,"Original Hash Batches": 1,"Peak Memory Usage": 271,"Plans": [{"Node Type": "Nested Loop","Parent Relationship": "Outer","Parallel Aware": false,"Async Capable": false,"Join Type": "Inner","Startup Cost": 0.42,"Total Cost": 88158.53,"Plan Rows": 2694,"Plan Width": 4,"Actual Startup Time": 0.960,"Actual Total Time": 885.915,"Actual Rows": 5873,"Actual Loops": 1,"Inner Unique": false,"Plans": [{"Node Type": "Seq Scan","Parent Relationship": "Outer","Parallel Aware": false,"Async Capable": false,"Relation Name": "part","Alias": "part","Startup Cost": 0.00,"Total Cost": 6597.00,"Plan Rows": 2020,"Plan Width": 4,"Actual Startup Time": 0.147,"Actual Total Time": 193.811,"Actual Rows": 2178,"Actual Loops": 1,"Filter": "((p_name)::text ~~ 'salmon%'::text)","Rows Removed by Filter": 197822},{"Node Type": "Index Scan","Parent Relationship": "Inner","Parallel Aware": false,"Async Capable": false,"Scan Direction": "Forward","Index Name": "idx_partsupp_partkey","Relation Name": "partsupp","Alias": "partsupp","Startup Cost": 0.42,"Total Cost": 40.36,"Plan Rows": 1,"Plan Width": 8,"Actual Startup Time": 0.135,"Actual Total Time": 0.317,"Actual Rows": 3,"Actual Loops": 2178,"Index Cond": "(ps_partkey = part.p_partkey)","Rows Removed by Index Recheck": 0,"Filter": "((ps_availqty)::numeric > (SubPlan 1))","Rows Removed by Filter": 1,"Plans": [{"Node Type": "Aggregate","Strategy": "Plain","Partial Mode": "Simple","Parent Relationship": "SubPlan","Subplan Name": "SubPlan 1","Parallel Aware": false,"Async Capable": false,"Startup Cost": 8.46,"Total Cost": 8.47,"Plan Rows": 1,"Plan Width": 32,"Actual Startup Time": 0.071,"Actual Total Time": 0.071,"Actual Rows": 1,"Actual Loops": 8712,"Plans": [{"Node Type": "Index Scan","Parent Relationship": "Outer","Parallel Aware": false,"Async Capable": false,"Scan Direction": "Forward","Index Name": "idx_lineitem_part_supp","Relation Name": "lineitem","Alias": "lineitem","Startup Cost": 0.43,"Total Cost": 8.46,"Plan Rows": 0,"Plan Width": 5,"Actual Startup Time": 0.043,"Actual Total Time": 0.070,"Actual Rows": 1,"Actual Loops": 8712,"Index Cond": "((l_partkey = partsupp.ps_partkey) AND (l_suppkey = partsupp.ps_suppkey))","Rows Removed by Index Recheck": 0,"Filter": "((l_shipdate >= '1997-01-01'::date) AND (l_shipdate < '1998-01-01 00:00:00'::timestamp without time zone))","Rows Removed by Filter": 6}]}]}]}]}]}]},"Planning Time": 6.109,"Triggers": [],"Execution Time": 895.415}]
[{"Plan": {"Node Type": "Sort","Parallel Aware": false,"Async Capable": false,"Startup Cost": 88442.96,"Total Cost": 88443.23,"Plan Rows": 108,"Plan Width": 51,"Actual Startup Time": 973.767,"Actual Total Time": 973.812,"Actual Rows": 184,"Actual Loops": 1,"Sort Key": ["supplier.s_name"],"Sort Method": "quicksort","Sort Space Used": 42,"Sort Space Type": "Memory","Plans": [{"Node Type": "Hash Join","Parent Relationship": "Outer","Parallel Aware": false,"Async Capable": false,"Join Type": "Semi","Startup Cost": 88199.59,"Total Cost": 88439.31,"Plan Rows": 108,"Plan Width": 51,"Actual Startup Time": 969.344,"Actual Total Time": 973.448,"Actual Rows": 184,"Actual Loops": 1,"Inner Unique": false,"Hash Cond": "(supplier.s_suppkey = partsupp.ps_suppkey)","Plans": [{"Node Type": "Nested Loop","Parent Relationship": "Outer","Parallel Aware": false,"Async Capable": false,"Join Type": "Inner","Startup Cost": 7.38,"Total Cost": 244.58,"Plan Rows": 400,"Plan Width": 55,"Actual Startup Time": 0.250,"Actual Total Time": 4.264,"Actual Rows": 397,"Actual Loops": 1,"Inner Unique": false,"Plans": [{"Node Type": "Seq Scan","Parent Relationship": "Outer","Parallel Aware": false,"Async Capable": false,"Relation Name": "nation","Alias": "nation","Startup Cost": 0.00,"Total Cost": 1.31,"Plan Rows": 1,"Plan Width": 4,"Actual Startup Time": 0.066,"Actual Total Time": 0.104,"Actual Rows": 1,"Actual Loops": 1,"Filter": "(n_name = 'BRAZIL'::bpchar)","Rows Removed by Filter": 24},{"Node Type": "Bitmap Heap Scan","Parent Relationship": "Inner","Parallel Aware": false,"Async Capable": false,"Relation Name": "supplier","Alias": "supplier","Startup Cost": 7.38,"Total Cost": 239.27,"Plan Rows": 400,"Plan Width": 59,"Actual Startup Time": 0.181,"Actual Total Time": 4.089,"Actual Rows": 397,"Actual Loops": 1,"Recheck Cond": "(s_nationkey = nation.n_nationkey)","Rows Removed by Index Recheck": 0,"Exact Heap Blocks": 187,"Lossy Heap Blocks": 0,"Plans": [{"Node Type": "Bitmap Index Scan","Parent Relationship": "Outer","Parallel Aware": false,"Async Capable": false,"Index Name": "idx_supplier_nation_key","Startup Cost": 0.00,"Total Cost": 7.29,"Plan Rows": 400,"Plan Width": 0,"Actual Startup Time": 0.124,"Actual Total Time": 0.129,"Actual Rows": 397,"Actual Loops": 1,"Index Cond": "(s_nationkey = nation.n_nationkey)"}]}]},{"Node Type": "Hash","Parent Relationship": "Inner","Parallel Aware": false,"Async Capable": false,"Startup Cost": 88158.53,"Total Cost": 88158.53,"Plan Rows": 2694,"Plan Width": 4,"Actual Startup Time": 969.031,"Actual Total Time": 969.043,"Actual Rows": 5921,"Actual Loops": 1,"Hash Buckets": 8192,"Original Hash Buckets": 4096,"Hash Batches": 1,"Original Hash Batches": 1,"Peak Memory Usage": 273,"Plans": [{"Node Type": "Nested Loop","Parent Relationship": "Outer","Parallel Aware": false,"Async Capable": false,"Join Type": "Inner","Startup Cost": 0.42,"Total Cost": 88158.53,"Plan Rows": 2694,"Plan Width": 4,"Actual Startup Time": 0.529,"Actual Total Time": 964.944,"Actual Rows": 5921,"Actual Loops": 1,"Inner Unique": false,"Plans": [{"Node Type": "Seq Scan","Parent Relationship": "Outer","Parallel Aware": false,"Async Capable": false,"Relation Name": "part","Alias": "part","Startup Cost": 0.00,"Total Cost": 6597.00,"Plan Rows": 2020,"Plan Width": 4,"Actual Startup Time": 0.064,"Actual Total Time": 182.521,"Actual Rows": 2190,"Actual Loops": 1,"Filter": "((p_name)::text ~~ 'beige%'::text)","Rows Removed by Filter": 197810},{"Node Type": "Index Scan","Parent Relationship": "Inner","Parallel Aware": false,"Async Capable": false,"Scan Direction": "Forward","Index Name": "idx_partsupp_partkey","Relation Name": "partsupp","Alias": "partsupp","Startup Cost": 0.42,"Total Cost": 40.36,"Plan Rows": 1,"Plan Width": 8,"Actual Startup Time": 0.147,"Actual Total Time": 0.357,"Actual Rows": 3,"Actual Loops": 2190,"Index Cond": "(ps_partkey = part.p_partkey)","Rows Removed by Index Recheck": 0,"Filter": "((ps_availqty)::numeric > (SubPlan 1))","Rows Removed by Filter": 1,"Plans": [{"Node Type": "Aggregate","Strategy": "Plain","Partial Mode": "Simple","Parent Relationship": "SubPlan","Subplan Name": "SubPlan 1","Parallel Aware": false,"Async Capable": false,"Startup Cost": 8.46,"Total Cost": 8.47,"Plan Rows": 1,"Plan Width": 32,"Actual Startup Time": 0.081,"Actual Total Time": 0.081,"Actual Rows": 1,"Actual Loops": 8760,"Plans": [{"Node Type": "Index Scan","Parent Relationship": "Outer","Parallel Aware": false,"Async Capable": false,"Scan Direction": "Forward","Index Name": "idx_lineitem_part_supp","Relation Name": "lineitem","Alias": "lineitem","Startup Cost": 0.43,"Total Cost": 8.46,"Plan Rows": 0,"Plan Width": 5,"Actual Startup Time": 0.049,"Actual Total Time": 0.080,"Actual Rows": 1,"Actual Loops": 8760,"Index Cond": "((l_partkey = partsupp.ps_partkey) AND (l_suppkey = partsupp.ps_suppkey))","Rows Removed by Index Recheck": 0,"Filter": "((l_shipdate >= '1993-01-01'::date) AND (l_shipdate < '1994-01-01 00:00:00'::timestamp without time zone))","Rows Removed by Filter": 6}]}]}]}]}]}]},"Planning Time": 7.480,"Triggers": [],"Execution Time": 974.050}]
[{"Plan": {"Node Type": "Sort","Parallel Aware": false,"Async Capable": false,"Startup Cost": 88442.96,"Total Cost": 88443.23,"Plan Rows": 108,"Plan Width": 51,"Actual Startup Time": 862.022,"Actual Total Time": 862.048,"Actual Rows": 190,"Actual Loops": 1,"Sort Key": ["supplier.s_name"],"Sort Method": "quicksort","Sort Space Used": 42,"Sort Space Type": "Memory","Plans": [{"Node Type": "Hash Join","Parent Relationship": "Outer","Parallel Aware": false,"Async Capable": false,"Join Type": "Semi","Startup Cost": 88199.59,"Total Cost": 88439.31,"Plan Rows": 108,"Plan Width": 51,"Actual Startup Time": 857.568,"Actual Total Time": 861.683,"Actual Rows": 190,"Actual Loops": 1,"Inner Unique": false,"Hash Cond": "(supplier.s_suppkey = partsupp.ps_suppkey)","Plans": [{"Node Type": "Nested Loop","Parent Relationship": "Outer","Parallel Aware": false,"Async Capable": false,"Join Type": "Inner","Startup Cost": 7.38,"Total Cost": 244.58,"Plan Rows": 400,"Plan Width": 55,"Actual Startup Time": 0.288,"Actual Total Time": 4.279,"Actual Rows": 438,"Actual Loops": 1,"Inner Unique": false,"Plans": [{"Node Type": "Seq Scan","Parent Relationship": "Outer","Parallel Aware": false,"Async Capable": false,"Relation Name": "nation","Alias": "nation","Startup Cost": 0.00,"Total Cost": 1.31,"Plan Rows": 1,"Plan Width": 4,"Actual Startup Time": 0.072,"Actual Total Time": 0.097,"Actual Rows": 1,"Actual Loops": 1,"Filter": "(n_name = 'IRAQ'::bpchar)","Rows Removed by Filter": 24},{"Node Type": "Bitmap Heap Scan","Parent Relationship": "Inner","Parallel Aware": false,"Async Capable": false,"Relation Name": "supplier","Alias": "supplier","Startup Cost": 7.38,"Total Cost": 239.27,"Plan Rows": 400,"Plan Width": 59,"Actual Startup Time": 0.208,"Actual Total Time": 4.109,"Actual Rows": 438,"Actual Loops": 1,"Recheck Cond": "(s_nationkey = nation.n_nationkey)","Rows Removed by Index Recheck": 0,"Exact Heap Blocks": 194,"Lossy Heap Blocks": 0,"Plans": [{"Node Type": "Bitmap Index Scan","Parent Relationship": "Outer","Parallel Aware": false,"Async Capable": false,"Index Name": "idx_supplier_nation_key","Startup Cost": 0.00,"Total Cost": 7.29,"Plan Rows": 400,"Plan Width": 0,"Actual Startup Time": 0.144,"Actual Total Time": 0.146,"Actual Rows": 438,"Actual Loops": 1,"Index Cond": "(s_nationkey = nation.n_nationkey)"}]}]},{"Node Type": "Hash","Parent Relationship": "Inner","Parallel Aware": false,"Async Capable": false,"Startup Cost": 88158.53,"Total Cost": 88158.53,"Plan Rows": 2694,"Plan Width": 4,"Actual Startup Time": 857.217,"Actual Total Time": 857.225,"Actual Rows": 5545,"Actual Loops": 1,"Hash Buckets": 8192,"Original Hash Buckets": 4096,"Hash Batches": 1,"Original Hash Batches": 1,"Peak Memory Usage": 259,"Plans": [{"Node Type": "Nested Loop","Parent Relationship": "Outer","Parallel Aware": false,"Async Capable": false,"Join Type": "Inner","Startup Cost": 0.42,"Total Cost": 88158.53,"Plan Rows": 2694,"Plan Width": 4,"Actual Startup Time": 0.452,"Actual Total Time": 852.640,"Actual Rows": 5545,"Actual Loops": 1,"Inner Unique": false,"Plans": [{"Node Type": "Seq Scan","Parent Relationship": "Outer","Parallel Aware": false,"Async Capable": false,"Relation Name": "part","Alias": "part","Startup Cost": 0.00,"Total Cost": 6597.00,"Plan Rows": 2020,"Plan Width": 4,"Actual Startup Time": 0.059,"Actual Total Time": 196.164,"Actual Rows": 2038,"Actual Loops": 1,"Filter": "((p_name)::text ~~ 'ivory%'::text)","Rows Removed by Filter": 197962},{"Node Type": "Index Scan","Parent Relationship": "Inner","Parallel Aware": false,"Async Capable": false,"Scan Direction": "Forward","Index Name": "idx_partsupp_partkey","Relation Name": "partsupp","Alias": "partsupp","Startup Cost": 0.42,"Total Cost": 40.36,"Plan Rows": 1,"Plan Width": 8,"Actual Startup Time": 0.136,"Actual Total Time": 0.322,"Actual Rows": 3,"Actual Loops": 2038,"Index Cond": "(ps_partkey = part.p_partkey)","Rows Removed by Index Recheck": 0,"Filter": "((ps_availqty)::numeric > (SubPlan 1))","Rows Removed by Filter": 1,"Plans": [{"Node Type": "Aggregate","Strategy": "Plain","Partial Mode": "Simple","Parent Relationship": "SubPlan","Subplan Name": "SubPlan 1","Parallel Aware": false,"Async Capable": false,"Startup Cost": 8.46,"Total Cost": 8.47,"Plan Rows": 1,"Plan Width": 32,"Actual Startup Time": 0.072,"Actual Total Time": 0.072,"Actual Rows": 1,"Actual Loops": 8152,"Plans": [{"Node Type": "Index Scan","Parent Relationship": "Outer","Parallel Aware": false,"Async Capable": false,"Scan Direction": "Forward","Index Name": "idx_lineitem_part_supp","Relation Name": "lineitem","Alias": "lineitem","Startup Cost": 0.43,"Total Cost": 8.46,"Plan Rows": 0,"Plan Width": 5,"Actual Startup Time": 0.044,"Actual Total Time": 0.071,"Actual Rows": 1,"Actual Loops": 8152,"Index Cond": "((l_partkey = partsupp.ps_partkey) AND (l_suppkey = partsupp.ps_suppkey))","Rows Removed by Index Recheck": 0,"Filter": "((l_shipdate >= '1996-01-01'::date) AND (l_shipdate < '1997-01-01 00:00:00'::timestamp without time zone))","Rows Removed by Filter": 6}]}]}]}]}]}]},"Planning Time": 5.770,"Triggers": [],"Execution Time": 862.268}]
[{"Plan": {"Node Type": "Sort","Parallel Aware": false,"Async Capable": false,"Startup Cost": 88442.96,"Total Cost": 88443.23,"Plan Rows": 108,"Plan Width": 51,"Actual Startup Time": 978.396,"Actual Total Time": 978.435,"Actual Rows": 182,"Actual Loops": 1,"Sort Key": ["supplier.s_name"],"Sort Method": "quicksort","Sort Space Used": 42,"Sort Space Type": "Memory","Plans": [{"Node Type": "Hash Join","Parent Relationship": "Outer","Parallel Aware": false,"Async Capable": false,"Join Type": "Semi","Startup Cost": 88199.59,"Total Cost": 88439.31,"Plan Rows": 108,"Plan Width": 51,"Actual Startup Time": 974.157,"Actual Total Time": 977.947,"Actual Rows": 182,"Actual Loops": 1,"Inner Unique": false,"Hash Cond": "(supplier.s_suppkey = partsupp.ps_suppkey)","Plans": [{"Node Type": "Nested Loop","Parent Relationship": "Outer","Parallel Aware": false,"Async Capable": false,"Join Type": "Inner","Startup Cost": 7.38,"Total Cost": 244.58,"Plan Rows": 400,"Plan Width": 55,"Actual Startup Time": 0.274,"Actual Total Time": 3.990,"Actual Rows": 415,"Actual Loops": 1,"Inner Unique": false,"Plans": [{"Node Type": "Seq Scan","Parent Relationship": "Outer","Parallel Aware": false,"Async Capable": false,"Relation Name": "nation","Alias": "nation","Startup Cost": 0.00,"Total Cost": 1.31,"Plan Rows": 1,"Plan Width": 4,"Actual Startup Time": 0.067,"Actual Total Time": 0.089,"Actual Rows": 1,"Actual Loops": 1,"Filter": "(n_name = 'EGYPT'::bpchar)","Rows Removed by Filter": 24},{"Node Type": "Bitmap Heap Scan","Parent Relationship": "Inner","Parallel Aware": false,"Async Capable": false,"Relation Name": "supplier","Alias": "supplier","Startup Cost": 7.38,"Total Cost": 239.27,"Plan Rows": 400,"Plan Width": 59,"Actual Startup Time": 0.202,"Actual Total Time": 3.838,"Actual Rows": 415,"Actual Loops": 1,"Recheck Cond": "(s_nationkey = nation.n_nationkey)","Rows Removed by Index Recheck": 0,"Exact Heap Blocks": 183,"Lossy Heap Blocks": 0,"Plans": [{"Node Type": "Bitmap Index Scan","Parent Relationship": "Outer","Parallel Aware": false,"Async Capable": false,"Index Name": "idx_supplier_nation_key","Startup Cost": 0.00,"Total Cost": 7.29,"Plan Rows": 400,"Plan Width": 0,"Actual Startup Time": 0.126,"Actual Total Time": 0.130,"Actual Rows": 415,"Actual Loops": 1,"Index Cond": "(s_nationkey = nation.n_nationkey)"}]}]},{"Node Type": "Hash","Parent Relationship": "Inner","Parallel Aware": false,"Async Capable": false,"Startup Cost": 88158.53,"Total Cost": 88158.53,"Plan Rows": 2694,"Plan Width": 4,"Actual Startup Time": 973.820,"Actual Total Time": 973.829,"Actual Rows": 6008,"Actual Loops": 1,"Hash Buckets": 8192,"Original Hash Buckets": 4096,"Hash Batches": 1,"Original Hash Batches": 1,"Peak Memory Usage": 276,"Plans": [{"Node Type": "Nested Loop","Parent Relationship": "Outer","Parallel Aware": false,"Async Capable": false,"Join Type": "Inner","Startup Cost": 0.42,"Total Cost": 88158.53,"Plan Rows": 2694,"Plan Width": 4,"Actual Startup Time": 0.863,"Actual Total Time": 969.403,"Actual Rows": 6008,"Actual Loops": 1,"Inner Unique": false,"Plans": [{"Node Type": "Seq Scan","Parent Relationship": "Outer","Parallel Aware": false,"Async Capable": false,"Relation Name": "part","Alias": "part","Startup Cost": 0.00,"Total Cost": 6597.00,"Plan Rows": 2020,"Plan Width": 4,"Actual Startup Time": 0.159,"Actual Total Time": 181.184,"Actual Rows": 2183,"Actual Loops": 1,"Filter": "((p_name)::text ~~ 'papaya%'::text)","Rows Removed by Filter": 197817},{"Node Type": "Index Scan","Parent Relationship": "Inner","Parallel Aware": false,"Async Capable": false,"Scan Direction": "Forward","Index Name": "idx_partsupp_partkey","Relation Name": "partsupp","Alias": "partsupp","Startup Cost": 0.42,"Total Cost": 40.36,"Plan Rows": 1,"Plan Width": 8,"Actual Startup Time": 0.149,"Actual Total Time": 0.361,"Actual Rows": 3,"Actual Loops": 2183,"Index Cond": "(ps_partkey = part.p_partkey)","Rows Removed by Index Recheck": 0,"Filter": "((ps_availqty)::numeric > (SubPlan 1))","Rows Removed by Filter": 1,"Plans": [{"Node Type": "Aggregate","Strategy": "Plain","Partial Mode": "Simple","Parent Relationship": "SubPlan","Subplan Name": "SubPlan 1","Parallel Aware": false,"Async Capable": false,"Startup Cost": 8.46,"Total Cost": 8.47,"Plan Rows": 1,"Plan Width": 32,"Actual Startup Time": 0.082,"Actual Total Time": 0.082,"Actual Rows": 1,"Actual Loops": 8732,"Plans": [{"Node Type": "Index Scan","Parent Relationship": "Outer","Parallel Aware": false,"Async Capable": false,"Scan Direction": "Forward","Index Name": "idx_lineitem_part_supp","Relation Name": "lineitem","Alias": "lineitem","Startup Cost": 0.43,"Total Cost": 8.46,"Plan Rows": 0,"Plan Width": 5,"Actual Startup Time": 0.050,"Actual Total Time": 0.081,"Actual Rows": 1,"Actual Loops": 8732,"Index Cond": "((l_partkey = partsupp.ps_partkey) AND (l_suppkey = partsupp.ps_suppkey))","Rows Removed by Index Recheck": 0,"Filter": "((l_shipdate >= '1996-01-01'::date) AND (l_shipdate < '1997-01-01 00:00:00'::timestamp without time zone))","Rows Removed by Filter": 6}]}]}]}]}]}]},"Planning Time": 5.886,"Triggers": [],"Execution Time": 978.707}]
[{"Plan": {"Node Type": "Sort","Parallel Aware": false,"Async Capable": false,"Startup Cost": 88442.96,"Total Cost": 88443.23,"Plan Rows": 108,"Plan Width": 51,"Actual Startup Time": 954.911,"Actual Total Time": 954.954,"Actual Rows": 172,"Actual Loops": 1,"Sort Key": ["supplier.s_name"],"Sort Method": "quicksort","Sort Space Used": 41,"Sort Space Type": "Memory","Plans": [{"Node Type": "Hash Join","Parent Relationship": "Outer","Parallel Aware": false,"Async Capable": false,"Join Type": "Semi","Startup Cost": 88199.59,"Total Cost": 88439.31,"Plan Rows": 108,"Plan Width": 51,"Actual Startup Time": 950.880,"Actual Total Time": 954.601,"Actual Rows": 172,"Actual Loops": 1,"Inner Unique": false,"Hash Cond": "(supplier.s_suppkey = partsupp.ps_suppkey)","Plans": [{"Node Type": "Nested Loop","Parent Relationship": "Outer","Parallel Aware": false,"Async Capable": false,"Join Type": "Inner","Startup Cost": 7.38,"Total Cost": 244.58,"Plan Rows": 400,"Plan Width": 55,"Actual Startup Time": 0.290,"Actual Total Time": 3.904,"Actual Rows": 401,"Actual Loops": 1,"Inner Unique": false,"Plans": [{"Node Type": "Seq Scan","Parent Relationship": "Outer","Parallel Aware": false,"Async Capable": false,"Relation Name": "nation","Alias": "nation","Startup Cost": 0.00,"Total Cost": 1.31,"Plan Rows": 1,"Plan Width": 4,"Actual Startup Time": 0.066,"Actual Total Time": 0.087,"Actual Rows": 1,"Actual Loops": 1,"Filter": "(n_name = 'RUSSIA'::bpchar)","Rows Removed by Filter": 24},{"Node Type": "Bitmap Heap Scan","Parent Relationship": "Inner","Parallel Aware": false,"Async Capable": false,"Relation Name": "supplier","Alias": "supplier","Startup Cost": 7.38,"Total Cost": 239.27,"Plan Rows": 400,"Plan Width": 59,"Actual Startup Time": 0.217,"Actual Total Time": 3.734,"Actual Rows": 401,"Actual Loops": 1,"Recheck Cond": "(s_nationkey = nation.n_nationkey)","Rows Removed by Index Recheck": 0,"Exact Heap Blocks": 180,"Lossy Heap Blocks": 0,"Plans": [{"Node Type": "Bitmap Index Scan","Parent Relationship": "Outer","Parallel Aware": false,"Async Capable": false,"Index Name": "idx_supplier_nation_key","Startup Cost": 0.00,"Total Cost": 7.29,"Plan Rows": 400,"Plan Width": 0,"Actual Startup Time": 0.153,"Actual Total Time": 0.158,"Actual Rows": 401,"Actual Loops": 1,"Index Cond": "(s_nationkey = nation.n_nationkey)"}]}]},{"Node Type": "Hash","Parent Relationship": "Inner","Parallel Aware": false,"Async Capable": false,"Startup Cost": 88158.53,"Total Cost": 88158.53,"Plan Rows": 2694,"Plan Width": 4,"Actual Startup Time": 950.527,"Actual Total Time": 950.536,"Actual Rows": 5757,"Actual Loops": 1,"Hash Buckets": 8192,"Original Hash Buckets": 4096,"Hash Batches": 1,"Original Hash Batches": 1,"Peak Memory Usage": 267,"Plans": [{"Node Type": "Nested Loop","Parent Relationship": "Outer","Parallel Aware": false,"Async Capable": false,"Join Type": "Inner","Startup Cost": 0.42,"Total Cost": 88158.53,"Plan Rows": 2694,"Plan Width": 4,"Actual Startup Time": 0.535,"Actual Total Time": 946.390,"Actual Rows": 5757,"Actual Loops": 1,"Inner Unique": false,"Plans": [{"Node Type": "Seq Scan","Parent Relationship": "Outer","Parallel Aware": false,"Async Capable": false,"Relation Name": "part","Alias": "part","Startup Cost": 0.00,"Total Cost": 6597.00,"Plan Rows": 2020,"Plan Width": 4,"Actual Startup Time": 0.073,"Actual Total Time": 179.393,"Actual Rows": 2123,"Actual Loops": 1,"Filter": "((p_name)::text ~~ 'light%'::text)","Rows Removed by Filter": 197877},{"Node Type": "Index Scan","Parent Relationship": "Inner","Parallel Aware": false,"Async Capable": false,"Scan Direction": "Forward","Index Name": "idx_partsupp_partkey","Relation Name": "partsupp","Alias": "partsupp","Startup Cost": 0.42,"Total Cost": 40.36,"Plan Rows": 1,"Plan Width": 8,"Actual Startup Time": 0.154,"Actual Total Time": 0.361,"Actual Rows": 3,"Actual Loops": 2123,"Index Cond": "(ps_partkey = part.p_partkey)","Rows Removed by Index Recheck": 0,"Filter": "((ps_availqty)::numeric > (SubPlan 1))","Rows Removed by Filter": 1,"Plans": [{"Node Type": "Aggregate","Strategy": "Plain","Partial Mode": "Simple","Parent Relationship": "SubPlan","Subplan Name": "SubPlan 1","Parallel Aware": false,"Async Capable": false,"Startup Cost": 8.46,"Total Cost": 8.47,"Plan Rows": 1,"Plan Width": 32,"Actual Startup Time": 0.082,"Actual Total Time": 0.082,"Actual Rows": 1,"Actual Loops": 8492,"Plans": [{"Node Type": "Index Scan","Parent Relationship": "Outer","Parallel Aware": false,"Async Capable": false,"Scan Direction": "Forward","Index Name": "idx_lineitem_part_supp","Relation Name": "lineitem","Alias": "lineitem","Startup Cost": 0.43,"Total Cost": 8.46,"Plan Rows": 0,"Plan Width": 5,"Actual Startup Time": 0.050,"Actual Total Time": 0.081,"Actual Rows": 1,"Actual Loops": 8492,"Index Cond": "((l_partkey = partsupp.ps_partkey) AND (l_suppkey = partsupp.ps_suppkey))","Rows Removed by Index Recheck": 0,"Filter": "((l_shipdate >= '1993-01-01'::date) AND (l_shipdate < '1994-01-01 00:00:00'::timestamp without time zone))","Rows Removed by Filter": 6}]}]}]}]}]}]},"Planning Time": 6.650,"Triggers": [],"Execution Time": 955.218}]
[{"Plan": {"Node Type": "Sort","Parallel Aware": false,"Async Capable": false,"Startup Cost": 88442.96,"Total Cost": 88443.23,"Plan Rows": 108,"Plan Width": 51,"Actual Startup Time": 875.755,"Actual Total Time": 875.791,"Actual Rows": 160,"Actual Loops": 1,"Sort Key": ["supplier.s_name"],"Sort Method": "quicksort","Sort Space Used": 39,"Sort Space Type": "Memory","Plans": [{"Node Type": "Hash Join","Parent Relationship": "Outer","Parallel Aware": false,"Async Capable": false,"Join Type": "Semi","Startup Cost": 88199.59,"Total Cost": 88439.31,"Plan Rows": 108,"Plan Width": 51,"Actual Startup Time": 871.450,"Actual Total Time": 875.249,"Actual Rows": 160,"Actual Loops": 1,"Inner Unique": false,"Hash Cond": "(supplier.s_suppkey = partsupp.ps_suppkey)","Plans": [{"Node Type": "Nested Loop","Parent Relationship": "Outer","Parallel Aware": false,"Async Capable": false,"Join Type": "Inner","Startup Cost": 7.38,"Total Cost": 244.58,"Plan Rows": 400,"Plan Width": 55,"Actual Startup Time": 0.206,"Actual Total Time": 3.933,"Actual Rows": 402,"Actual Loops": 1,"Inner Unique": false,"Plans": [{"Node Type": "Seq Scan","Parent Relationship": "Outer","Parallel Aware": false,"Async Capable": false,"Relation Name": "nation","Alias": "nation","Startup Cost": 0.00,"Total Cost": 1.31,"Plan Rows": 1,"Plan Width": 4,"Actual Startup Time": 0.060,"Actual Total Time": 0.084,"Actual Rows": 1,"Actual Loops": 1,"Filter": "(n_name = 'FRANCE'::bpchar)","Rows Removed by Filter": 24},{"Node Type": "Bitmap Heap Scan","Parent Relationship": "Inner","Parallel Aware": false,"Async Capable": false,"Relation Name": "supplier","Alias": "supplier","Startup Cost": 7.38,"Total Cost": 239.27,"Plan Rows": 400,"Plan Width": 59,"Actual Startup Time": 0.143,"Actual Total Time": 3.791,"Actual Rows": 402,"Actual Loops": 1,"Recheck Cond": "(s_nationkey = nation.n_nationkey)","Rows Removed by Index Recheck": 0,"Exact Heap Blocks": 184,"Lossy Heap Blocks": 0,"Plans": [{"Node Type": "Bitmap Index Scan","Parent Relationship": "Outer","Parallel Aware": false,"Async Capable": false,"Index Name": "idx_supplier_nation_key","Startup Cost": 0.00,"Total Cost": 7.29,"Plan Rows": 400,"Plan Width": 0,"Actual Startup Time": 0.088,"Actual Total Time": 0.094,"Actual Rows": 402,"Actual Loops": 1,"Index Cond": "(s_nationkey = nation.n_nationkey)"}]}]},{"Node Type": "Hash","Parent Relationship": "Inner","Parallel Aware": false,"Async Capable": false,"Startup Cost": 88158.53,"Total Cost": 88158.53,"Plan Rows": 2694,"Plan Width": 4,"Actual Startup Time": 871.176,"Actual Total Time": 871.184,"Actual Rows": 5687,"Actual Loops": 1,"Hash Buckets": 8192,"Original Hash Buckets": 4096,"Hash Batches": 1,"Original Hash Batches": 1,"Peak Memory Usage": 264,"Plans": [{"Node Type": "Nested Loop","Parent Relationship": "Outer","Parallel Aware": false,"Async Capable": false,"Join Type": "Inner","Startup Cost": 0.42,"Total Cost": 88158.53,"Plan Rows": 2694,"Plan Width": 4,"Actual Startup Time": 0.449,"Actual Total Time": 866.416,"Actual Rows": 5687,"Actual Loops": 1,"Inner Unique": false,"Plans": [{"Node Type": "Seq Scan","Parent Relationship": "Outer","Parallel Aware": false,"Async Capable": false,"Relation Name": "part","Alias": "part","Startup Cost": 0.00,"Total Cost": 6597.00,"Plan Rows": 2020,"Plan Width": 4,"Actual Startup Time": 0.041,"Actual Total Time": 195.497,"Actual Rows": 2107,"Actual Loops": 1,"Filter": "((p_name)::text ~~ 'coral%'::text)","Rows Removed by Filter": 197893},{"Node Type": "Index Scan","Parent Relationship": "Inner","Parallel Aware": false,"Async Capable": false,"Scan Direction": "Forward","Index Name": "idx_partsupp_partkey","Relation Name": "partsupp","Alias": "partsupp","Startup Cost": 0.42,"Total Cost": 40.36,"Plan Rows": 1,"Plan Width": 8,"Actual Startup Time": 0.135,"Actual Total Time": 0.318,"Actual Rows": 3,"Actual Loops": 2107,"Index Cond": "(ps_partkey = part.p_partkey)","Rows Removed by Index Recheck": 0,"Filter": "((ps_availqty)::numeric > (SubPlan 1))","Rows Removed by Filter": 1,"Plans": [{"Node Type": "Aggregate","Strategy": "Plain","Partial Mode": "Simple","Parent Relationship": "SubPlan","Subplan Name": "SubPlan 1","Parallel Aware": false,"Async Capable": false,"Startup Cost": 8.46,"Total Cost": 8.47,"Plan Rows": 1,"Plan Width": 32,"Actual Startup Time": 0.071,"Actual Total Time": 0.071,"Actual Rows": 1,"Actual Loops": 8428,"Plans": [{"Node Type": "Index Scan","Parent Relationship": "Outer","Parallel Aware": false,"Async Capable": false,"Scan Direction": "Forward","Index Name": "idx_lineitem_part_supp","Relation Name": "lineitem","Alias": "lineitem","Startup Cost": 0.43,"Total Cost": 8.46,"Plan Rows": 0,"Plan Width": 5,"Actual Startup Time": 0.044,"Actual Total Time": 0.070,"Actual Rows": 1,"Actual Loops": 8428,"Index Cond": "((l_partkey = partsupp.ps_partkey) AND (l_suppkey = partsupp.ps_suppkey))","Rows Removed by Index Recheck": 0,"Filter": "((l_shipdate >= '1996-01-01'::date) AND (l_shipdate < '1997-01-01 00:00:00'::timestamp without time zone))","Rows Removed by Filter": 6}]}]}]}]}]}]},"Planning Time": 6.388,"Triggers": [],"Execution Time": 876.049}]
[{"Plan": {"Node Type": "Sort","Parallel Aware": false,"Async Capable": false,"Startup Cost": 88442.96,"Total Cost": 88443.23,"Plan Rows": 108,"Plan Width": 51,"Actual Startup Time": 897.190,"Actual Total Time": 897.207,"Actual Rows": 173,"Actual Loops": 1,"Sort Key": ["supplier.s_name"],"Sort Method": "quicksort","Sort Space Used": 41,"Sort Space Type": "Memory","Plans": [{"Node Type": "Hash Join","Parent Relationship": "Outer","Parallel Aware": false,"Async Capable": false,"Join Type": "Semi","Startup Cost": 88199.59,"Total Cost": 88439.31,"Plan Rows": 108,"Plan Width": 51,"Actual Startup Time": 893.346,"Actual Total Time": 896.860,"Actual Rows": 173,"Actual Loops": 1,"Inner Unique": false,"Hash Cond": "(supplier.s_suppkey = partsupp.ps_suppkey)","Plans": [{"Node Type": "Nested Loop","Parent Relationship": "Outer","Parallel Aware": false,"Async Capable": false,"Join Type": "Inner","Startup Cost": 7.38,"Total Cost": 244.58,"Plan Rows": 400,"Plan Width": 55,"Actual Startup Time": 0.325,"Actual Total Time": 3.742,"Actual Rows": 421,"Actual Loops": 1,"Inner Unique": false,"Plans": [{"Node Type": "Seq Scan","Parent Relationship": "Outer","Parallel Aware": false,"Async Capable": false,"Relation Name": "nation","Alias": "nation","Startup Cost": 0.00,"Total Cost": 1.31,"Plan Rows": 1,"Plan Width": 4,"Actual Startup Time": 0.055,"Actual Total Time": 0.071,"Actual Rows": 1,"Actual Loops": 1,"Filter": "(n_name = 'PERU'::bpchar)","Rows Removed by Filter": 24},{"Node Type": "Bitmap Heap Scan","Parent Relationship": "Inner","Parallel Aware": false,"Async Capable": false,"Relation Name": "supplier","Alias": "supplier","Startup Cost": 7.38,"Total Cost": 239.27,"Plan Rows": 400,"Plan Width": 59,"Actual Startup Time": 0.258,"Actual Total Time": 3.608,"Actual Rows": 421,"Actual Loops": 1,"Recheck Cond": "(s_nationkey = nation.n_nationkey)","Rows Removed by Index Recheck": 0,"Exact Heap Blocks": 187,"Lossy Heap Blocks": 0,"Plans": [{"Node Type": "Bitmap Index Scan","Parent Relationship": "Outer","Parallel Aware": false,"Async Capable": false,"Index Name": "idx_supplier_nation_key","Startup Cost": 0.00,"Total Cost": 7.29,"Plan Rows": 400,"Plan Width": 0,"Actual Startup Time": 0.183,"Actual Total Time": 0.183,"Actual Rows": 421,"Actual Loops": 1,"Index Cond": "(s_nationkey = nation.n_nationkey)"}]}]},{"Node Type": "Hash","Parent Relationship": "Inner","Parallel Aware": false,"Async Capable": false,"Startup Cost": 88158.53,"Total Cost": 88158.53,"Plan Rows": 2694,"Plan Width": 4,"Actual Startup Time": 892.925,"Actual Total Time": 892.931,"Actual Rows": 5673,"Actual Loops": 1,"Hash Buckets": 8192,"Original Hash Buckets": 4096,"Hash Batches": 1,"Original Hash Batches": 1,"Peak Memory Usage": 264,"Plans": [{"Node Type": "Nested Loop","Parent Relationship": "Outer","Parallel Aware": false,"Async Capable": false,"Join Type": "Inner","Startup Cost": 0.42,"Total Cost": 88158.53,"Plan Rows": 2694,"Plan Width": 4,"Actual Startup Time": 0.590,"Actual Total Time": 888.391,"Actual Rows": 5673,"Actual Loops": 1,"Inner Unique": false,"Plans": [{"Node Type": "Seq Scan","Parent Relationship": "Outer","Parallel Aware": false,"Async Capable": false,"Relation Name": "part","Alias": "part","Startup Cost": 0.00,"Total Cost": 6597.00,"Plan Rows": 2020,"Plan Width": 4,"Actual Startup Time": 0.107,"Actual Total Time": 201.207,"Actual Rows": 2123,"Actual Loops": 1,"Filter": "((p_name)::text ~~ 'light%'::text)","Rows Removed by Filter": 197877},{"Node Type": "Index Scan","Parent Relationship": "Inner","Parallel Aware": false,"Async Capable": false,"Scan Direction": "Forward","Index Name": "idx_partsupp_partkey","Relation Name": "partsupp","Alias": "partsupp","Startup Cost": 0.42,"Total Cost": 40.36,"Plan Rows": 1,"Plan Width": 8,"Actual Startup Time": 0.138,"Actual Total Time": 0.323,"Actual Rows": 3,"Actual Loops": 2123,"Index Cond": "(ps_partkey = part.p_partkey)","Rows Removed by Index Recheck": 0,"Filter": "((ps_availqty)::numeric > (SubPlan 1))","Rows Removed by Filter": 1,"Plans": [{"Node Type": "Aggregate","Strategy": "Plain","Partial Mode": "Simple","Parent Relationship": "SubPlan","Subplan Name": "SubPlan 1","Parallel Aware": false,"Async Capable": false,"Startup Cost": 8.46,"Total Cost": 8.47,"Plan Rows": 1,"Plan Width": 32,"Actual Startup Time": 0.072,"Actual Total Time": 0.072,"Actual Rows": 1,"Actual Loops": 8492,"Plans": [{"Node Type": "Index Scan","Parent Relationship": "Outer","Parallel Aware": false,"Async Capable": false,"Scan Direction": "Forward","Index Name": "idx_lineitem_part_supp","Relation Name": "lineitem","Alias": "lineitem","Startup Cost": 0.43,"Total Cost": 8.46,"Plan Rows": 0,"Plan Width": 5,"Actual Startup Time": 0.045,"Actual Total Time": 0.072,"Actual Rows": 1,"Actual Loops": 8492,"Index Cond": "((l_partkey = partsupp.ps_partkey) AND (l_suppkey = partsupp.ps_suppkey))","Rows Removed by Index Recheck": 0,"Filter": "((l_shipdate >= '1997-01-01'::date) AND (l_shipdate < '1998-01-01 00:00:00'::timestamp without time zone))","Rows Removed by Filter": 6}]}]}]}]}]}]},"Planning Time": 6.904,"Triggers": [],"Execution Time": 897.481}]
[{"Plan": {"Node Type": "Sort","Parallel Aware": false,"Async Capable": false,"Startup Cost": 88442.96,"Total Cost": 88443.23,"Plan Rows": 108,"Plan Width": 51,"Actual Startup Time": 977.750,"Actual Total Time": 977.797,"Actual Rows": 194,"Actual Loops": 1,"Sort Key": ["supplier.s_name"],"Sort Method": "quicksort","Sort Space Used": 42,"Sort Space Type": "Memory","Plans": [{"Node Type": "Hash Join","Parent Relationship": "Outer","Parallel Aware": false,"Async Capable": false,"Join Type": "Semi","Startup Cost": 88199.59,"Total Cost": 88439.31,"Plan Rows": 108,"Plan Width": 51,"Actual Startup Time": 973.189,"Actual Total Time": 977.288,"Actual Rows": 194,"Actual Loops": 1,"Inner Unique": false,"Hash Cond": "(supplier.s_suppkey = partsupp.ps_suppkey)","Plans": [{"Node Type": "Nested Loop","Parent Relationship": "Outer","Parallel Aware": false,"Async Capable": false,"Join Type": "Inner","Startup Cost": 7.38,"Total Cost": 244.58,"Plan Rows": 400,"Plan Width": 55,"Actual Startup Time": 0.266,"Actual Total Time": 4.281,"Actual Rows": 420,"Actual Loops": 1,"Inner Unique": false,"Plans": [{"Node Type": "Seq Scan","Parent Relationship": "Outer","Parallel Aware": false,"Async Capable": false,"Relation Name": "nation","Alias": "nation","Startup Cost": 0.00,"Total Cost": 1.31,"Plan Rows": 1,"Plan Width": 4,"Actual Startup Time": 0.070,"Actual Total Time": 0.109,"Actual Rows": 1,"Actual Loops": 1,"Filter": "(n_name = 'ALGERIA'::bpchar)","Rows Removed by Filter": 24},{"Node Type": "Bitmap Heap Scan","Parent Relationship": "Inner","Parallel Aware": false,"Async Capable": false,"Relation Name": "supplier","Alias": "supplier","Startup Cost": 7.38,"Total Cost": 239.27,"Plan Rows": 400,"Plan Width": 59,"Actual Startup Time": 0.193,"Actual Total Time": 4.099,"Actual Rows": 420,"Actual Loops": 1,"Recheck Cond": "(s_nationkey = nation.n_nationkey)","Rows Removed by Index Recheck": 0,"Exact Heap Blocks": 197,"Lossy Heap Blocks": 0,"Plans": [{"Node Type": "Bitmap Index Scan","Parent Relationship": "Outer","Parallel Aware": false,"Async Capable": false,"Index Name": "idx_supplier_nation_key","Startup Cost": 0.00,"Total Cost": 7.29,"Plan Rows": 400,"Plan Width": 0,"Actual Startup Time": 0.118,"Actual Total Time": 0.125,"Actual Rows": 420,"Actual Loops": 1,"Index Cond": "(s_nationkey = nation.n_nationkey)"}]}]},{"Node Type": "Hash","Parent Relationship": "Inner","Parallel Aware": false,"Async Capable": false,"Startup Cost": 88158.53,"Total Cost": 88158.53,"Plan Rows": 2694,"Plan Width": 4,"Actual Startup Time": 972.848,"Actual Total Time": 972.859,"Actual Rows": 5953,"Actual Loops": 1,"Hash Buckets": 8192,"Original Hash Buckets": 4096,"Hash Batches": 1,"Original Hash Batches": 1,"Peak Memory Usage": 274,"Plans": [{"Node Type": "Nested Loop","Parent Relationship": "Outer","Parallel Aware": false,"Async Capable": false,"Join Type": "Inner","Startup Cost": 0.42,"Total Cost": 88158.53,"Plan Rows": 2694,"Plan Width": 4,"Actual Startup Time": 1.049,"Actual Total Time": 968.622,"Actual Rows": 5953,"Actual Loops": 1,"Inner Unique": false,"Plans": [{"Node Type": "Seq Scan","Parent Relationship": "Outer","Parallel Aware": false,"Async Capable": false,"Relation Name": "part","Alias": "part","Startup Cost": 0.00,"Total Cost": 6597.00,"Plan Rows": 2020,"Plan Width": 4,"Actual Startup Time": 0.122,"Actual Total Time": 183.520,"Actual Rows": 2186,"Actual Loops": 1,"Filter": "((p_name)::text ~~ 'purple%'::text)","Rows Removed by Filter": 197814},{"Node Type": "Index Scan","Parent Relationship": "Inner","Parallel Aware": false,"Async Capable": false,"Scan Direction": "Forward","Index Name": "idx_partsupp_partkey","Relation Name": "partsupp","Alias": "partsupp","Startup Cost": 0.42,"Total Cost": 40.36,"Plan Rows": 1,"Plan Width": 8,"Actual Startup Time": 0.151,"Actual Total Time": 0.359,"Actual Rows": 3,"Actual Loops": 2186,"Index Cond": "(ps_partkey = part.p_partkey)","Rows Removed by Index Recheck": 0,"Filter": "((ps_availqty)::numeric > (SubPlan 1))","Rows Removed by Filter": 1,"Plans": [{"Node Type": "Aggregate","Strategy": "Plain","Partial Mode": "Simple","Parent Relationship": "SubPlan","Subplan Name": "SubPlan 1","Parallel Aware": false,"Async Capable": false,"Startup Cost": 8.46,"Total Cost": 8.47,"Plan Rows": 1,"Plan Width": 32,"Actual Startup Time": 0.082,"Actual Total Time": 0.082,"Actual Rows": 1,"Actual Loops": 8744,"Plans": [{"Node Type": "Index Scan","Parent Relationship": "Outer","Parallel Aware": false,"Async Capable": false,"Scan Direction": "Forward","Index Name": "idx_lineitem_part_supp","Relation Name": "lineitem","Alias": "lineitem","Startup Cost": 0.43,"Total Cost": 8.46,"Plan Rows": 0,"Plan Width": 5,"Actual Startup Time": 0.050,"Actual Total Time": 0.081,"Actual Rows": 1,"Actual Loops": 8744,"Index Cond": "((l_partkey = partsupp.ps_partkey) AND (l_suppkey = partsupp.ps_suppkey))","Rows Removed by Index Recheck": 0,"Filter": "((l_shipdate >= '1994-01-01'::date) AND (l_shipdate < '1995-01-01 00:00:00'::timestamp without time zone))","Rows Removed by Filter": 6}]}]}]}]}]}]},"Planning Time": 6.841,"Triggers": [],"Execution Time": 978.072}]
[{"Plan": {"Node Type": "Sort","Parallel Aware": false,"Async Capable": false,"Startup Cost": 88442.96,"Total Cost": 88443.23,"Plan Rows": 108,"Plan Width": 51,"Actual Startup Time": 907.085,"Actual Total Time": 907.123,"Actual Rows": 187,"Actual Loops": 1,"Sort Key": ["supplier.s_name"],"Sort Method": "quicksort","Sort Space Used": 42,"Sort Space Type": "Memory","Plans": [{"Node Type": "Hash Join","Parent Relationship": "Outer","Parallel Aware": false,"Async Capable": false,"Join Type": "Semi","Startup Cost": 88199.59,"Total Cost": 88439.31,"Plan Rows": 108,"Plan Width": 51,"Actual Startup Time": 903.009,"Actual Total Time": 906.741,"Actual Rows": 187,"Actual Loops": 1,"Inner Unique": false,"Hash Cond": "(supplier.s_suppkey = partsupp.ps_suppkey)","Plans": [{"Node Type": "Nested Loop","Parent Relationship": "Outer","Parallel Aware": false,"Async Capable": false,"Join Type": "Inner","Startup Cost": 7.38,"Total Cost": 244.58,"Plan Rows": 400,"Plan Width": 55,"Actual Startup Time": 0.234,"Actual Total Time": 3.820,"Actual Rows": 402,"Actual Loops": 1,"Inner Unique": false,"Plans": [{"Node Type": "Seq Scan","Parent Relationship": "Outer","Parallel Aware": false,"Async Capable": false,"Relation Name": "nation","Alias": "nation","Startup Cost": 0.00,"Total Cost": 1.31,"Plan Rows": 1,"Plan Width": 4,"Actual Startup Time": 0.063,"Actual Total Time": 0.086,"Actual Rows": 1,"Actual Loops": 1,"Filter": "(n_name = 'FRANCE'::bpchar)","Rows Removed by Filter": 24},{"Node Type": "Bitmap Heap Scan","Parent Relationship": "Inner","Parallel Aware": false,"Async Capable": false,"Relation Name": "supplier","Alias": "supplier","Startup Cost": 7.38,"Total Cost": 239.27,"Plan Rows": 400,"Plan Width": 59,"Actual Startup Time": 0.161,"Actual Total Time": 3.670,"Actual Rows": 402,"Actual Loops": 1,"Recheck Cond": "(s_nationkey = nation.n_nationkey)","Rows Removed by Index Recheck": 0,"Exact Heap Blocks": 184,"Lossy Heap Blocks": 0,"Plans": [{"Node Type": "Bitmap Index Scan","Parent Relationship": "Outer","Parallel Aware": false,"Async Capable": false,"Index Name": "idx_supplier_nation_key","Startup Cost": 0.00,"Total Cost": 7.29,"Plan Rows": 400,"Plan Width": 0,"Actual Startup Time": 0.100,"Actual Total Time": 0.103,"Actual Rows": 402,"Actual Loops": 1,"Index Cond": "(s_nationkey = nation.n_nationkey)"}]}]},{"Node Type": "Hash","Parent Relationship": "Inner","Parallel Aware": false,"Async Capable": false,"Startup Cost": 88158.53,"Total Cost": 88158.53,"Plan Rows": 2694,"Plan Width": 4,"Actual Startup Time": 902.707,"Actual Total Time": 902.722,"Actual Rows": 5986,"Actual Loops": 1,"Hash Buckets": 8192,"Original Hash Buckets": 4096,"Hash Batches": 1,"Original Hash Batches": 1,"Peak Memory Usage": 275,"Plans": [{"Node Type": "Nested Loop","Parent Relationship": "Outer","Parallel Aware": false,"Async Capable": false,"Join Type": "Inner","Startup Cost": 0.42,"Total Cost": 88158.53,"Plan Rows": 2694,"Plan Width": 4,"Actual Startup Time": 0.924,"Actual Total Time": 897.997,"Actual Rows": 5986,"Actual Loops": 1,"Inner Unique": false,"Plans": [{"Node Type": "Seq Scan","Parent Relationship": "Outer","Parallel Aware": false,"Async Capable": false,"Relation Name": "part","Alias": "part","Startup Cost": 0.00,"Total Cost": 6597.00,"Plan Rows": 2020,"Plan Width": 4,"Actual Startup Time": 0.350,"Actual Total Time": 196.466,"Actual Rows": 2212,"Actual Loops": 1,"Filter": "((p_name)::text ~~ 'black%'::text)","Rows Removed by Filter": 197788},{"Node Type": "Index Scan","Parent Relationship": "Inner","Parallel Aware": false,"Async Capable": false,"Scan Direction": "Forward","Index Name": "idx_partsupp_partkey","Relation Name": "partsupp","Alias": "partsupp","Startup Cost": 0.42,"Total Cost": 40.36,"Plan Rows": 1,"Plan Width": 8,"Actual Startup Time": 0.135,"Actual Total Time": 0.317,"Actual Rows": 3,"Actual Loops": 2212,"Index Cond": "(ps_partkey = part.p_partkey)","Rows Removed by Index Recheck": 0,"Filter": "((ps_availqty)::numeric > (SubPlan 1))","Rows Removed by Filter": 1,"Plans": [{"Node Type": "Aggregate","Strategy": "Plain","Partial Mode": "Simple","Parent Relationship": "SubPlan","Subplan Name": "SubPlan 1","Parallel Aware": false,"Async Capable": false,"Startup Cost": 8.46,"Total Cost": 8.47,"Plan Rows": 1,"Plan Width": 32,"Actual Startup Time": 0.071,"Actual Total Time": 0.071,"Actual Rows": 1,"Actual Loops": 8848,"Plans": [{"Node Type": "Index Scan","Parent Relationship": "Outer","Parallel Aware": false,"Async Capable": false,"Scan Direction": "Forward","Index Name": "idx_lineitem_part_supp","Relation Name": "lineitem","Alias": "lineitem","Startup Cost": 0.43,"Total Cost": 8.46,"Plan Rows": 0,"Plan Width": 5,"Actual Startup Time": 0.043,"Actual Total Time": 0.070,"Actual Rows": 1,"Actual Loops": 8848,"Index Cond": "((l_partkey = partsupp.ps_partkey) AND (l_suppkey = partsupp.ps_suppkey))","Rows Removed by Index Recheck": 0,"Filter": "((l_shipdate >= '1993-01-01'::date) AND (l_shipdate < '1994-01-01 00:00:00'::timestamp without time zone))","Rows Removed by Filter": 6}]}]}]}]}]}]},"Planning Time": 6.722,"Triggers": [],"Execution Time": 907.373}]
