[{"Plan": {"Node Type": "Sort","Parallel Aware": false,"Async Capable": false,"Startup Cost": 147378.80,"Total Cost": 147378.81,"Plan Rows": 1,"Plan Width": 34,"Actual Startup Time": 500.709,"Actual Total Time": 524.703,"Actual Rows": 407,"Actual Loops": 1,"Sort Key": ["(count(*)) DESC", "supplier.s_name"],"Sort Method": "quicksort","Sort Space Used": 56,"Sort Space Type": "Memory","Plans": [{"Node Type": "Aggregate","Strategy": "Sorted","Partial Mode": "Simple","Parent Relationship": "Outer","Parallel Aware": false,"Async Capable": false,"Startup Cost": 147378.77,"Total Cost": 147378.79,"Plan Rows": 1,"Plan Width": 34,"Actual Startup Time": 499.455,"Actual Total Time": 523.962,"Actual Rows": 407,"Actual Loops": 1,"Group Key": ["supplier.s_name"],"Plans": [{"Node Type": "Sort","Parent Relationship": "Outer","Parallel Aware": false,"Async Capable": false,"Startup Cost": 147378.77,"Total Cost": 147378.78,"Plan Rows": 1,"Plan Width": 26,"Actual Startup Time": 499.433,"Actual Total Time": 523.550,"Actual Rows": 3965,"Actual Loops": 1,"Sort Key": ["supplier.s_name"],"Sort Method": "quicksort","Sort Space Used": 375,"Sort Space Type": "Memory","Plans": [{"Node Type": "Nested Loop","Parent Relationship": "Outer","Parallel Aware": false,"Async Capable": false,"Join Type": "Inner","Startup Cost": 1250.87,"Total Cost": 147378.76,"Plan Rows": 1,"Plan Width": 26,"Actual Startup Time": 5.067,"Actual Total Time": 512.972,"Actual Rows": 3965,"Actual Loops": 1,"Inner Unique": true,"Plans": [{"Node Type": "Nested Loop","Parent Relationship": "Outer","Parallel Aware": false,"Async Capable": false,"Join Type": "Semi","Startup Cost": 1250.44,"Total Cost": 147378.26,"Plan Rows": 1,"Plan Width": 34,"Actual Startup Time": 5.045,"Actual Total Time": 451.382,"Actual Rows": 8089,"Actual Loops": 1,"Inner Unique": false,"Plans": [{"Node Type": "Gather","Parent Relationship": "Outer","Parallel Aware": false,"Async Capable": false,"Startup Cost": 1250.01,"Total Cost": 147377.22,"Plan Rows": 1,"Plan Width": 34,"Actual Startup Time": 4.734,"Actual Total Time": 344.998,"Actual Rows": 13526,"Actual Loops": 1,"Workers Planned": 4,"Workers Launched": 4,"Single Copy": false,"Plans": [{"Node Type": "Nested Loop","Parent Relationship": "Outer","Parallel Aware": false,"Async Capable": false,"Join Type": "Anti","Startup Cost": 250.01,"Total Cost": 146377.12,"Plan Rows": 1,"Plan Width": 34,"Actual Startup Time": 4.775,"Actual Total Time": 445.542,"Actual Rows": 2705,"Actual Loops": 5,"Inner Unique": false,"Workers": [],"Plans": [{"Node Type": "Hash Join","Parent Relationship": "Outer","Parallel Aware": false,"Async Capable": false,"Join Type": "Inner","Startup Cost": 249.58,"Total Cost": 133581.65,"Plan Rows": 19990,"Plan Width": 34,"Actual Startup Time": 4.487,"Actual Total Time": 354.785,"Actual Rows": 30752,"Actual Loops": 5,"Inner Unique": false,"Hash Cond": "(l1.l_suppkey = supplier.s_suppkey)","Workers": [],"Plans": [{"Node Type": "Seq Scan","Parent Relationship": "Outer","Parallel Aware": true,"Async Capable": false,"Relation Name": "lineitem","Alias": "l1","Startup Cost": 0.00,"Total Cost": 131256.80,"Plan Rows": 500101,"Plan Width": 8,"Actual Startup Time": 0.026,"Actual Total Time": 303.161,"Actual Rows": 758659,"Actual Loops": 5,"Filter": "(l_receiptdate > l_commitdate)","Rows Removed by Filter": 441584,"Workers": []},{"Node Type": "Hash","Parent Relationship": "Inner","Parallel Aware": false,"Async Capable": false,"Startup Cost": 244.58,"Total Cost": 244.58,"Plan Rows": 400,"Plan Width": 30,"Actual Startup Time": 4.170,"Actual Total Time": 4.181,"Actual Rows": 407,"Actual Loops": 5,"Hash Buckets": 1024,"Original Hash Buckets": 1024,"Hash Batches": 1,"Original Hash Batches": 1,"Peak Memory Usage": 34,"Workers": [],"Plans": [{"Node Type": "Nested Loop","Parent Relationship": "Outer","Parallel Aware": false,"Async Capable": false,"Join Type": "Inner","Startup Cost": 7.38,"Total Cost": 244.58,"Plan Rows": 400,"Plan Width": 30,"Actual Startup Time": 0.302,"Actual Total Time": 4.018,"Actual Rows": 407,"Actual Loops": 5,"Inner Unique": false,"Workers": [],"Plans": [{"Node Type": "Seq Scan","Parent Relationship": "Outer","Parallel Aware": false,"Async Capable": false,"Relation Name": "nation","Alias": "nation","Startup Cost": 0.00,"Total Cost": 1.31,"Plan Rows": 1,"Plan Width": 4,"Actual Startup Time": 0.065,"Actual Total Time": 0.068,"Actual Rows": 1,"Actual Loops": 5,"Filter": "(n_name = 'CHINA'::bpchar)","Rows Removed by Filter": 24,"Workers": []},{"Node Type": "Bitmap Heap Scan","Parent Relationship": "Inner","Parallel Aware": false,"Async Capable": false,"Relation Name": "supplier","Alias": "supplier","Startup Cost": 7.38,"Total Cost": 239.27,"Plan Rows": 400,"Plan Width": 34,"Actual Startup Time": 0.229,"Actual Total Time": 3.872,"Actual Rows": 407,"Actual Loops": 5,"Recheck Cond": "(s_nationkey = nation.n_nationkey)","Rows Removed by Index Recheck": 0,"Exact Heap Blocks": 186,"Lossy Heap Blocks": 0,"Workers": [],"Plans": [{"Node Type": "Bitmap Index Scan","Parent Relationship": "Outer","Parallel Aware": false,"Async Capable": false,"Index Name": "idx_supplier_nation_key","Startup Cost": 0.00,"Total Cost": 7.29,"Plan Rows": 400,"Plan Width": 0,"Actual Startup Time": 0.141,"Actual Total Time": 0.143,"Actual Rows": 407,"Actual Loops": 5,"Index Cond": "(s_nationkey = nation.n_nationkey)","Workers": []}]}]}]}]},{"Node Type": "Index Scan","Parent Relationship": "Inner","Parallel Aware": false,"Async Capable": false,"Scan Direction": "Forward","Index Name": "idx_lineitem_orderkey","Relation Name": "lineitem","Alias": "l3","Startup Cost": 0.43,"Total Cost": 1.06,"Plan Rows": 6,"Plan Width": 8,"Actual Startup Time": 0.003,"Actual Total Time": 0.003,"Actual Rows": 1,"Actual Loops": 153758,"Index Cond": "(l_orderkey = l1.l_orderkey)","Rows Removed by Index Recheck": 0,"Filter": "((l_receiptdate > l_commitdate) AND (l_suppkey <> l1.l_suppkey))","Rows Removed by Filter": 1,"Workers": []}]}]},{"Node Type": "Index Scan","Parent Relationship": "Inner","Parallel Aware": false,"Async Capable": false,"Scan Direction": "Forward","Index Name": "idx_lineitem_orderkey","Relation Name": "lineitem","Alias": "l2","Startup Cost": 0.43,"Total Cost": 1.02,"Plan Rows": 17,"Plan Width": 8,"Actual Startup Time": 0.007,"Actual Total Time": 0.007,"Actual Rows": 1,"Actual Loops": 13526,"Index Cond": "(l_orderkey = l1.l_orderkey)","Rows Removed by Index Recheck": 0,"Filter": "(l_suppkey <> l1.l_suppkey)","Rows Removed by Filter": 1}]},{"Node Type": "Index Scan","Parent Relationship": "Inner","Parallel Aware": false,"Async Capable": false,"Scan Direction": "Forward","Index Name": "orders_pkey","Relation Name": "orders","Alias": "orders","Startup Cost": 0.43,"Total Cost": 0.51,"Plan Rows": 1,"Plan Width": 4,"Actual Startup Time": 0.007,"Actual Total Time": 0.007,"Actual Rows": 0,"Actual Loops": 8089,"Index Cond": "(o_orderkey = l1.l_orderkey)","Rows Removed by Index Recheck": 0,"Filter": "(o_orderstatus = 'F'::bpchar)","Rows Removed by Filter": 1}]}]}]}]},"Planning Time": 8.452,"Triggers": [],"Execution Time": 525.397}]
[{"Plan": {"Node Type": "Sort","Parallel Aware": false,"Async Capable": false,"Startup Cost": 147378.80,"Total Cost": 147378.81,"Plan Rows": 1,"Plan Width": 34,"Actual Startup Time": 505.815,"Actual Total Time": 525.309,"Actual Rows": 390,"Actual Loops": 1,"Sort Key": ["(count(*)) DESC", "supplier.s_name"],"Sort Method": "quicksort","Sort Space Used": 55,"Sort Space Type": "Memory","Plans": [{"Node Type": "Aggregate","Strategy": "Sorted","Partial Mode": "Simple","Parent Relationship": "Outer","Parallel Aware": false,"Async Capable": false,"Startup Cost": 147378.77,"Total Cost": 147378.79,"Plan Rows": 1,"Plan Width": 34,"Actual Startup Time": 504.634,"Actual Total Time": 524.620,"Actual Rows": 390,"Actual Loops": 1,"Group Key": ["supplier.s_name"],"Plans": [{"Node Type": "Sort","Parent Relationship": "Outer","Parallel Aware": false,"Async Capable": false,"Startup Cost": 147378.77,"Total Cost": 147378.78,"Plan Rows": 1,"Plan Width": 26,"Actual Startup Time": 504.612,"Actual Total Time": 524.224,"Actual Rows": 3844,"Actual Loops": 1,"Sort Key": ["supplier.s_name"],"Sort Method": "quicksort","Sort Space Used": 367,"Sort Space Type": "Memory","Plans": [{"Node Type": "Nested Loop","Parent Relationship": "Outer","Parallel Aware": false,"Async Capable": false,"Join Type": "Inner","Startup Cost": 1250.87,"Total Cost": 147378.76,"Plan Rows": 1,"Plan Width": 26,"Actual Startup Time": 4.787,"Actual Total Time": 512.994,"Actual Rows": 3844,"Actual Loops": 1,"Inner Unique": true,"Plans": [{"Node Type": "Nested Loop","Parent Relationship": "Outer","Parallel Aware": false,"Async Capable": false,"Join Type": "Semi","Startup Cost": 1250.44,"Total Cost": 147378.26,"Plan Rows": 1,"Plan Width": 34,"Actual Startup Time": 4.747,"Actual Total Time": 447.855,"Actual Rows": 7892,"Actual Loops": 1,"Inner Unique": false,"Plans": [{"Node Type": "Gather","Parent Relationship": "Outer","Parallel Aware": false,"Async Capable": false,"Startup Cost": 1250.01,"Total Cost": 147377.22,"Plan Rows": 1,"Plan Width": 34,"Actual Startup Time": 4.560,"Actual Total Time": 339.834,"Actual Rows": 13152,"Actual Loops": 1,"Workers Planned": 4,"Workers Launched": 4,"Single Copy": false,"Plans": [{"Node Type": "Nested Loop","Parent Relationship": "Outer","Parallel Aware": false,"Async Capable": false,"Join Type": "Anti","Startup Cost": 250.01,"Total Cost": 146377.12,"Plan Rows": 1,"Plan Width": 34,"Actual Startup Time": 5.683,"Actual Total Time": 445.299,"Actual Rows": 2630,"Actual Loops": 5,"Inner Unique": false,"Workers": [],"Plans": [{"Node Type": "Hash Join","Parent Relationship": "Outer","Parallel Aware": false,"Async Capable": false,"Join Type": "Inner","Startup Cost": 249.58,"Total Cost": 133581.65,"Plan Rows": 19990,"Plan Width": 34,"Actual Startup Time": 5.525,"Actual Total Time": 357.256,"Actual Rows": 29502,"Actual Loops": 5,"Inner Unique": false,"Hash Cond": "(l1.l_suppkey = supplier.s_suppkey)","Workers": [],"Plans": [{"Node Type": "Seq Scan","Parent Relationship": "Outer","Parallel Aware": true,"Async Capable": false,"Relation Name": "lineitem","Alias": "l1","Startup Cost": 0.00,"Total Cost": 131256.80,"Plan Rows": 500101,"Plan Width": 8,"Actual Startup Time": 0.033,"Actual Total Time": 305.756,"Actual Rows": 758659,"Actual Loops": 5,"Filter": "(l_receiptdate > l_commitdate)","Rows Removed by Filter": 441584,"Workers": []},{"Node Type": "Hash","Parent Relationship": "Inner","Parallel Aware": false,"Async Capable": false,"Startup Cost": 244.58,"Total Cost": 244.58,"Plan Rows": 400,"Plan Width": 30,"Actual Startup Time": 5.155,"Actual Total Time": 5.167,"Actual Rows": 390,"Actual Loops": 5,"Hash Buckets": 1024,"Original Hash Buckets": 1024,"Hash Batches": 1,"Original Hash Batches": 1,"Peak Memory Usage": 33,"Workers": [],"Plans": [{"Node Type": "Nested Loop","Parent Relationship": "Outer","Parallel Aware": false,"Async Capable": false,"Join Type": "Inner","Startup Cost": 7.38,"Total Cost": 244.58,"Plan Rows": 400,"Plan Width": 30,"Actual Startup Time": 0.295,"Actual Total Time": 4.960,"Actual Rows": 390,"Actual Loops": 5,"Inner Unique": false,"Workers": [],"Plans": [{"Node Type": "Seq Scan","Parent Relationship": "Outer","Parallel Aware": false,"Async Capable": false,"Relation Name": "nation","Alias": "nation","Startup Cost": 0.00,"Total Cost": 1.31,"Plan Rows": 1,"Plan Width": 4,"Actual Startup Time": 0.065,"Actual Total Time": 0.070,"Actual Rows": 1,"Actual Loops": 5,"Filter": "(n_name = 'UNITED KINGDOM'::bpchar)","Rows Removed by Filter": 24,"Workers": []},{"Node Type": "Bitmap Heap Scan","Parent Relationship": "Inner","Parallel Aware": false,"Async Capable": false,"Relation Name": "supplier","Alias": "supplier","Startup Cost": 7.38,"Total Cost": 239.27,"Plan Rows": 400,"Plan Width": 34,"Actual Startup Time": 0.224,"Actual Total Time": 4.798,"Actual Rows": 390,"Actual Loops": 5,"Recheck Cond": "(s_nationkey = nation.n_nationkey)","Rows Removed by Index Recheck": 0,"Exact Heap Blocks": 190,"Lossy Heap Blocks": 0,"Workers": [],"Plans": [{"Node Type": "Bitmap Index Scan","Parent Relationship": "Outer","Parallel Aware": false,"Async Capable": false,"Index Name": "idx_supplier_nation_key","Startup Cost": 0.00,"Total Cost": 7.29,"Plan Rows": 400,"Plan Width": 0,"Actual Startup Time": 0.138,"Actual Total Time": 0.139,"Actual Rows": 390,"Actual Loops": 5,"Index Cond": "(s_nationkey = nation.n_nationkey)","Workers": []}]}]}]}]},{"Node Type": "Index Scan","Parent Relationship": "Inner","Parallel Aware": false,"Async Capable": false,"Scan Direction": "Forward","Index Name": "idx_lineitem_orderkey","Relation Name": "lineitem","Alias": "l3","Startup Cost": 0.43,"Total Cost": 1.06,"Plan Rows": 6,"Plan Width": 8,"Actual Startup Time": 0.003,"Actual Total Time": 0.003,"Actual Rows": 1,"Actual Loops": 147510,"Index Cond": "(l_orderkey = l1.l_orderkey)","Rows Removed by Index Recheck": 0,"Filter": "((l_receiptdate > l_commitdate) AND (l_suppkey <> l1.l_suppkey))","Rows Removed by Filter": 1,"Workers": []}]}]},{"Node Type": "Index Scan","Parent Relationship": "Inner","Parallel Aware": false,"Async Capable": false,"Scan Direction": "Forward","Index Name": "idx_lineitem_orderkey","Relation Name": "lineitem","Alias": "l2","Startup Cost": 0.43,"Total Cost": 1.02,"Plan Rows": 17,"Plan Width": 8,"Actual Startup Time": 0.008,"Actual Total Time": 0.008,"Actual Rows": 1,"Actual Loops": 13152,"Index Cond": "(l_orderkey = l1.l_orderkey)","Rows Removed by Index Recheck": 0,"Filter": "(l_suppkey <> l1.l_suppkey)","Rows Removed by Filter": 1}]},{"Node Type": "Index Scan","Parent Relationship": "Inner","Parallel Aware": false,"Async Capable": false,"Scan Direction": "Forward","Index Name": "orders_pkey","Relation Name": "orders","Alias": "orders","Startup Cost": 0.43,"Total Cost": 0.51,"Plan Rows": 1,"Plan Width": 4,"Actual Startup Time": 0.008,"Actual Total Time": 0.008,"Actual Rows": 0,"Actual Loops": 7892,"Index Cond": "(o_orderkey = l1.l_orderkey)","Rows Removed by Index Recheck": 0,"Filter": "(o_orderstatus = 'F'::bpchar)","Rows Removed by Filter": 1}]}]}]}]},"Planning Time": 10.043,"Triggers": [],"Execution Time": 525.836}]
[{"Plan": {"Node Type": "Sort","Parallel Aware": false,"Async Capable": false,"Startup Cost": 147378.80,"Total Cost": 147378.81,"Plan Rows": 1,"Plan Width": 34,"Actual Startup Time": 499.004,"Actual Total Time": 520.055,"Actual Rows": 399,"Actual Loops": 1,"Sort Key": ["(count(*)) DESC", "supplier.s_name"],"Sort Method": "quicksort","Sort Space Used": 56,"Sort Space Type": "Memory","Plans": [{"Node Type": "Aggregate","Strategy": "Sorted","Partial Mode": "Simple","Parent Relationship": "Outer","Parallel Aware": false,"Async Capable": false,"Startup Cost": 147378.77,"Total Cost": 147378.79,"Plan Rows": 1,"Plan Width": 34,"Actual Startup Time": 497.768,"Actual Total Time": 519.326,"Actual Rows": 399,"Actual Loops": 1,"Group Key": ["supplier.s_name"],"Plans": [{"Node Type": "Sort","Parent Relationship": "Outer","Parallel Aware": false,"Async Capable": false,"Startup Cost": 147378.77,"Total Cost": 147378.78,"Plan Rows": 1,"Plan Width": 26,"Actual Startup Time": 497.754,"Actual Total Time": 518.925,"Actual Rows": 3901,"Actual Loops": 1,"Sort Key": ["supplier.s_name"],"Sort Method": "quicksort","Sort Space Used": 371,"Sort Space Type": "Memory","Plans": [{"Node Type": "Nested Loop","Parent Relationship": "Outer","Parallel Aware": false,"Async Capable": false,"Join Type": "Inner","Startup Cost": 1250.87,"Total Cost": 147378.76,"Plan Rows": 1,"Plan Width": 26,"Actual Startup Time": 5.425,"Actual Total Time": 507.475,"Actual Rows": 3901,"Actual Loops": 1,"Inner Unique": true,"Plans": [{"Node Type": "Nested Loop","Parent Relationship": "Outer","Parallel Aware": false,"Async Capable": false,"Join Type": "Semi","Startup Cost": 1250.44,"Total Cost": 147378.26,"Plan Rows": 1,"Plan Width": 34,"Actual Startup Time": 5.049,"Actual Total Time": 443.858,"Actual Rows": 7909,"Actual Loops": 1,"Inner Unique": false,"Plans": [{"Node Type": "Gather","Parent Relationship": "Outer","Parallel Aware": false,"Async Capable": false,"Startup Cost": 1250.01,"Total Cost": 147377.22,"Plan Rows": 1,"Plan Width": 34,"Actual Startup Time": 4.716,"Actual Total Time": 337.054,"Actual Rows": 13313,"Actual Loops": 1,"Workers Planned": 4,"Workers Launched": 4,"Single Copy": false,"Plans": [{"Node Type": "Nested Loop","Parent Relationship": "Outer","Parallel Aware": false,"Async Capable": false,"Join Type": "Anti","Startup Cost": 250.01,"Total Cost": 146377.12,"Plan Rows": 1,"Plan Width": 34,"Actual Startup Time": 4.762,"Actual Total Time": 442.169,"Actual Rows": 2663,"Actual Loops": 5,"Inner Unique": false,"Workers": [],"Plans": [{"Node Type": "Hash Join","Parent Relationship": "Outer","Parallel Aware": false,"Async Capable": false,"Join Type": "Inner","Startup Cost": 249.58,"Total Cost": 133581.65,"Plan Rows": 19990,"Plan Width": 34,"Actual Startup Time": 4.517,"Actual Total Time": 353.941,"Actual Rows": 30247,"Actual Loops": 5,"Inner Unique": false,"Hash Cond": "(l1.l_suppkey = supplier.s_suppkey)","Workers": [],"Plans": [{"Node Type": "Seq Scan","Parent Relationship": "Outer","Parallel Aware": true,"Async Capable": false,"Relation Name": "lineitem","Alias": "l1","Startup Cost": 0.00,"Total Cost": 131256.80,"Plan Rows": 500101,"Plan Width": 8,"Actual Startup Time": 0.021,"Actual Total Time": 302.084,"Actual Rows": 758659,"Actual Loops": 5,"Filter": "(l_receiptdate > l_commitdate)","Rows Removed by Filter": 441584,"Workers": []},{"Node Type": "Hash","Parent Relationship": "Inner","Parallel Aware": false,"Async Capable": false,"Startup Cost": 244.58,"Total Cost": 244.58,"Plan Rows": 400,"Plan Width": 30,"Actual Startup Time": 4.286,"Actual Total Time": 4.296,"Actual Rows": 399,"Actual Loops": 5,"Hash Buckets": 1024,"Original Hash Buckets": 1024,"Hash Batches": 1,"Original Hash Batches": 1,"Peak Memory Usage": 33,"Workers": [],"Plans": [{"Node Type": "Nested Loop","Parent Relationship": "Outer","Parallel Aware": false,"Async Capable": false,"Join Type": "Inner","Startup Cost": 7.38,"Total Cost": 244.58,"Plan Rows": 400,"Plan Width": 30,"Actual Startup Time": 0.243,"Actual Total Time": 4.128,"Actual Rows": 399,"Actual Loops": 5,"Inner Unique": false,"Workers": [],"Plans": [{"Node Type": "Seq Scan","Parent Relationship": "Outer","Parallel Aware": false,"Async Capable": false,"Relation Name": "nation","Alias": "nation","Startup Cost": 0.00,"Total Cost": 1.31,"Plan Rows": 1,"Plan Width": 4,"Actual Startup Time": 0.049,"Actual Total Time": 0.051,"Actual Rows": 1,"Actual Loops": 5,"Filter": "(n_name = 'VIETNAM'::bpchar)","Rows Removed by Filter": 24,"Workers": []},{"Node Type": "Bitmap Heap Scan","Parent Relationship": "Inner","Parallel Aware": false,"Async Capable": false,"Relation Name": "supplier","Alias": "supplier","Startup Cost": 7.38,"Total Cost": 239.27,"Plan Rows": 400,"Plan Width": 34,"Actual Startup Time": 0.189,"Actual Total Time": 4.007,"Actual Rows": 399,"Actual Loops": 5,"Recheck Cond": "(s_nationkey = nation.n_nationkey)","Rows Removed by Index Recheck": 0,"Exact Heap Blocks": 191,"Lossy Heap Blocks": 0,"Workers": [],"Plans": [{"Node Type": "Bitmap Index Scan","Parent Relationship": "Outer","Parallel Aware": false,"Async Capable": false,"Index Name": "idx_supplier_nation_key","Startup Cost": 0.00,"Total Cost": 7.29,"Plan Rows": 400,"Plan Width": 0,"Actual Startup Time": 0.123,"Actual Total Time": 0.125,"Actual Rows": 399,"Actual Loops": 5,"Index Cond": "(s_nationkey = nation.n_nationkey)","Workers": []}]}]}]}]},{"Node Type": "Index Scan","Parent Relationship": "Inner","Parallel Aware": false,"Async Capable": false,"Scan Direction": "Forward","Index Name": "idx_lineitem_orderkey","Relation Name": "lineitem","Alias": "l3","Startup Cost": 0.43,"Total Cost": 1.06,"Plan Rows": 6,"Plan Width": 8,"Actual Startup Time": 0.003,"Actual Total Time": 0.003,"Actual Rows": 1,"Actual Loops": 151237,"Index Cond": "(l_orderkey = l1.l_orderkey)","Rows Removed by Index Recheck": 0,"Filter": "((l_receiptdate > l_commitdate) AND (l_suppkey <> l1.l_suppkey))","Rows Removed by Filter": 1,"Workers": []}]}]},{"Node Type": "Index Scan","Parent Relationship": "Inner","Parallel Aware": false,"Async Capable": false,"Scan Direction": "Forward","Index Name": "idx_lineitem_orderkey","Relation Name": "lineitem","Alias": "l2","Startup Cost": 0.43,"Total Cost": 1.02,"Plan Rows": 17,"Plan Width": 8,"Actual Startup Time": 0.008,"Actual Total Time": 0.008,"Actual Rows": 1,"Actual Loops": 13313,"Index Cond": "(l_orderkey = l1.l_orderkey)","Rows Removed by Index Recheck": 0,"Filter": "(l_suppkey <> l1.l_suppkey)","Rows Removed by Filter": 1}]},{"Node Type": "Index Scan","Parent Relationship": "Inner","Parallel Aware": false,"Async Capable": false,"Scan Direction": "Forward","Index Name": "orders_pkey","Relation Name": "orders","Alias": "orders","Startup Cost": 0.43,"Total Cost": 0.51,"Plan Rows": 1,"Plan Width": 4,"Actual Startup Time": 0.008,"Actual Total Time": 0.008,"Actual Rows": 0,"Actual Loops": 7909,"Index Cond": "(o_orderkey = l1.l_orderkey)","Rows Removed by Index Recheck": 0,"Filter": "(o_orderstatus = 'F'::bpchar)","Rows Removed by Filter": 1}]}]}]}]},"Planning Time": 9.630,"Triggers": [],"Execution Time": 520.585}]
[{"Plan": {"Node Type": "Sort","Parallel Aware": false,"Async Capable": false,"Startup Cost": 147378.80,"Total Cost": 147378.81,"Plan Rows": 1,"Plan Width": 34,"Actual Startup Time": 491.039,"Actual Total Time": 509.746,"Actual Rows": 373,"Actual Loops": 1,"Sort Key": ["(count(*)) DESC", "supplier.s_name"],"Sort Method": "quicksort","Sort Space Used": 54,"Sort Space Type": "Memory","Plans": [{"Node Type": "Aggregate","Strategy": "Sorted","Partial Mode": "Simple","Parent Relationship": "Outer","Parallel Aware": false,"Async Capable": false,"Startup Cost": 147378.77,"Total Cost": 147378.79,"Plan Rows": 1,"Plan Width": 34,"Actual Startup Time": 489.852,"Actual Total Time": 509.039,"Actual Rows": 373,"Actual Loops": 1,"Group Key": ["supplier.s_name"],"Plans": [{"Node Type": "Sort","Parent Relationship": "Outer","Parallel Aware": false,"Async Capable": false,"Startup Cost": 147378.77,"Total Cost": 147378.78,"Plan Rows": 1,"Plan Width": 26,"Actual Startup Time": 489.818,"Actual Total Time": 508.641,"Actual Rows": 3775,"Actual Loops": 1,"Sort Key": ["supplier.s_name"],"Sort Method": "quicksort","Sort Space Used": 362,"Sort Space Type": "Memory","Plans": [{"Node Type": "Nested Loop","Parent Relationship": "Outer","Parallel Aware": false,"Async Capable": false,"Join Type": "Inner","Startup Cost": 1250.87,"Total Cost": 147378.76,"Plan Rows": 1,"Plan Width": 26,"Actual Startup Time": 4.604,"Actual Total Time": 497.627,"Actual Rows": 3775,"Actual Loops": 1,"Inner Unique": true,"Plans": [{"Node Type": "Nested Loop","Parent Relationship": "Outer","Parallel Aware": false,"Async Capable": false,"Join Type": "Semi","Startup Cost": 1250.44,"Total Cost": 147378.26,"Plan Rows": 1,"Plan Width": 34,"Actual Startup Time": 4.579,"Actual Total Time": 434.821,"Actual Rows": 7601,"Actual Loops": 1,"Inner Unique": false,"Plans": [{"Node Type": "Gather","Parent Relationship": "Outer","Parallel Aware": false,"Async Capable": false,"Startup Cost": 1250.01,"Total Cost": 147377.22,"Plan Rows": 1,"Plan Width": 34,"Actual Startup Time": 4.564,"Actual Total Time": 332.092,"Actual Rows": 12602,"Actual Loops": 1,"Workers Planned": 4,"Workers Launched": 4,"Single Copy": false,"Plans": [{"Node Type": "Nested Loop","Parent Relationship": "Outer","Parallel Aware": false,"Async Capable": false,"Join Type": "Anti","Startup Cost": 250.01,"Total Cost": 146377.12,"Plan Rows": 1,"Plan Width": 34,"Actual Startup Time": 4.313,"Actual Total Time": 433.903,"Actual Rows": 2520,"Actual Loops": 5,"Inner Unique": false,"Workers": [],"Plans": [{"Node Type": "Hash Join","Parent Relationship": "Outer","Parallel Aware": false,"Async Capable": false,"Join Type": "Inner","Startup Cost": 249.58,"Total Cost": 133581.65,"Plan Rows": 19990,"Plan Width": 34,"Actual Startup Time": 3.915,"Actual Total Time": 349.840,"Actual Rows": 28289,"Actual Loops": 5,"Inner Unique": false,"Hash Cond": "(l1.l_suppkey = supplier.s_suppkey)","Workers": [],"Plans": [{"Node Type": "Seq Scan","Parent Relationship": "Outer","Parallel Aware": true,"Async Capable": false,"Relation Name": "lineitem","Alias": "l1","Startup Cost": 0.00,"Total Cost": 131256.80,"Plan Rows": 500101,"Plan Width": 8,"Actual Startup Time": 0.025,"Actual Total Time": 300.593,"Actual Rows": 758659,"Actual Loops": 5,"Filter": "(l_receiptdate > l_commitdate)","Rows Removed by Filter": 441584,"Workers": []},{"Node Type": "Hash","Parent Relationship": "Inner","Parallel Aware": false,"Async Capable": false,"Startup Cost": 244.58,"Total Cost": 244.58,"Plan Rows": 400,"Plan Width": 30,"Actual Startup Time": 3.661,"Actual Total Time": 3.675,"Actual Rows": 373,"Actual Loops": 5,"Hash Buckets": 1024,"Original Hash Buckets": 1024,"Hash Batches": 1,"Original Hash Batches": 1,"Peak Memory Usage": 32,"Workers": [],"Plans": [{"Node Type": "Nested Loop","Parent Relationship": "Outer","Parallel Aware": false,"Async Capable": false,"Join Type": "Inner","Startup Cost": 7.38,"Total Cost": 244.58,"Plan Rows": 400,"Plan Width": 30,"Actual Startup Time": 0.231,"Actual Total Time": 3.539,"Actual Rows": 373,"Actual Loops": 5,"Inner Unique": false,"Workers": [],"Plans": [{"Node Type": "Seq Scan","Parent Relationship": "Outer","Parallel Aware": false,"Async Capable": false,"Relation Name": "nation","Alias": "nation","Startup Cost": 0.00,"Total Cost": 1.31,"Plan Rows": 1,"Plan Width": 4,"Actual Startup Time": 0.052,"Actual Total Time": 0.058,"Actual Rows": 1,"Actual Loops": 5,"Filter": "(n_name = 'MOROCCO'::bpchar)","Rows Removed by Filter": 24,"Workers": []},{"Node Type": "Bitmap Heap Scan","Parent Relationship": "Inner","Parallel Aware": false,"Async Capable": false,"Relation Name": "supplier","Alias": "supplier","Startup Cost": 7.38,"Total Cost": 239.27,"Plan Rows": 400,"Plan Width": 34,"Actual Startup Time": 0.174,"Actual Total Time": 3.419,"Actual Rows": 373,"Actual Loops": 5,"Recheck Cond": "(s_nationkey = nation.n_nationkey)","Rows Removed by Index Recheck": 0,"Exact Heap Blocks": 180,"Lossy Heap Blocks": 0,"Workers": [],"Plans": [{"Node Type": "Bitmap Index Scan","Parent Relationship": "Outer","Parallel Aware": false,"Async Capable": false,"Index Name": "idx_supplier_nation_key","Startup Cost": 0.00,"Total Cost": 7.29,"Plan Rows": 400,"Plan Width": 0,"Actual Startup Time": 0.112,"Actual Total Time": 0.115,"Actual Rows": 373,"Actual Loops": 5,"Index Cond": "(s_nationkey = nation.n_nationkey)","Workers": []}]}]}]}]},{"Node Type": "Index Scan","Parent Relationship": "Inner","Parallel Aware": false,"Async Capable": false,"Scan Direction": "Forward","Index Name": "idx_lineitem_orderkey","Relation Name": "lineitem","Alias": "l3","Startup Cost": 0.43,"Total Cost": 1.06,"Plan Rows": 6,"Plan Width": 8,"Actual Startup Time": 0.003,"Actual Total Time": 0.003,"Actual Rows": 1,"Actual Loops": 141445,"Index Cond": "(l_orderkey = l1.l_orderkey)","Rows Removed by Index Recheck": 0,"Filter": "((l_receiptdate > l_commitdate) AND (l_suppkey <> l1.l_suppkey))","Rows Removed by Filter": 1,"Workers": []}]}]},{"Node Type": "Index Scan","Parent Relationship": "Inner","Parallel Aware": false,"Async Capable": false,"Scan Direction": "Forward","Index Name": "idx_lineitem_orderkey","Relation Name": "lineitem","Alias": "l2","Startup Cost": 0.43,"Total Cost": 1.02,"Plan Rows": 17,"Plan Width": 8,"Actual Startup Time": 0.008,"Actual Total Time": 0.008,"Actual Rows": 1,"Actual Loops": 12602,"Index Cond": "(l_orderkey = l1.l_orderkey)","Rows Removed by Index Recheck": 0,"Filter": "(l_suppkey <> l1.l_suppkey)","Rows Removed by Filter": 1}]},{"Node Type": "Index Scan","Parent Relationship": "Inner","Parallel Aware": false,"Async Capable": false,"Scan Direction": "Forward","Index Name": "orders_pkey","Relation Name": "orders","Alias": "orders","Startup Cost": 0.43,"Total Cost": 0.51,"Plan Rows": 1,"Plan Width": 4,"Actual Startup Time": 0.008,"Actual Total Time": 0.008,"Actual Rows": 0,"Actual Loops": 7601,"Index Cond": "(o_orderkey = l1.l_orderkey)","Rows Removed by Index Recheck": 0,"Filter": "(o_orderstatus = 'F'::bpchar)","Rows Removed by Filter": 1}]}]}]}]},"Planning Time": 9.187,"Triggers": [],"Execution Time": 510.411}]
[{"Plan": {"Node Type": "Sort","Parallel Aware": false,"Async Capable": false,"Startup Cost": 147378.80,"Total Cost": 147378.81,"Plan Rows": 1,"Plan Width": 34,"Actual Startup Time": 505.815,"Actual Total Time": 525.309,"Actual Rows": 390,"Actual Loops": 1,"Sort Key": ["(count(*)) DESC", "supplier.s_name"],"Sort Method": "quicksort","Sort Space Used": 55,"Sort Space Type": "Memory","Plans": [{"Node Type": "Aggregate","Strategy": "Sorted","Partial Mode": "Simple","Parent Relationship": "Outer","Parallel Aware": false,"Async Capable": false,"Startup Cost": 147378.77,"Total Cost": 147378.79,"Plan Rows": 1,"Plan Width": 34,"Actual Startup Time": 504.634,"Actual Total Time": 524.620,"Actual Rows": 390,"Actual Loops": 1,"Group Key": ["supplier.s_name"],"Plans": [{"Node Type": "Sort","Parent Relationship": "Outer","Parallel Aware": false,"Async Capable": false,"Startup Cost": 147378.77,"Total Cost": 147378.78,"Plan Rows": 1,"Plan Width": 26,"Actual Startup Time": 504.612,"Actual Total Time": 524.224,"Actual Rows": 3844,"Actual Loops": 1,"Sort Key": ["supplier.s_name"],"Sort Method": "quicksort","Sort Space Used": 367,"Sort Space Type": "Memory","Plans": [{"Node Type": "Nested Loop","Parent Relationship": "Outer","Parallel Aware": false,"Async Capable": false,"Join Type": "Inner","Startup Cost": 1250.87,"Total Cost": 147378.76,"Plan Rows": 1,"Plan Width": 26,"Actual Startup Time": 4.787,"Actual Total Time": 512.994,"Actual Rows": 3844,"Actual Loops": 1,"Inner Unique": true,"Plans": [{"Node Type": "Nested Loop","Parent Relationship": "Outer","Parallel Aware": false,"Async Capable": false,"Join Type": "Semi","Startup Cost": 1250.44,"Total Cost": 147378.26,"Plan Rows": 1,"Plan Width": 34,"Actual Startup Time": 4.747,"Actual Total Time": 447.855,"Actual Rows": 7892,"Actual Loops": 1,"Inner Unique": false,"Plans": [{"Node Type": "Gather","Parent Relationship": "Outer","Parallel Aware": false,"Async Capable": false,"Startup Cost": 1250.01,"Total Cost": 147377.22,"Plan Rows": 1,"Plan Width": 34,"Actual Startup Time": 4.560,"Actual Total Time": 339.834,"Actual Rows": 13152,"Actual Loops": 1,"Workers Planned": 4,"Workers Launched": 4,"Single Copy": false,"Plans": [{"Node Type": "Nested Loop","Parent Relationship": "Outer","Parallel Aware": false,"Async Capable": false,"Join Type": "Anti","Startup Cost": 250.01,"Total Cost": 146377.12,"Plan Rows": 1,"Plan Width": 34,"Actual Startup Time": 5.683,"Actual Total Time": 445.299,"Actual Rows": 2630,"Actual Loops": 5,"Inner Unique": false,"Workers": [],"Plans": [{"Node Type": "Hash Join","Parent Relationship": "Outer","Parallel Aware": false,"Async Capable": false,"Join Type": "Inner","Startup Cost": 249.58,"Total Cost": 133581.65,"Plan Rows": 19990,"Plan Width": 34,"Actual Startup Time": 5.525,"Actual Total Time": 357.256,"Actual Rows": 29502,"Actual Loops": 5,"Inner Unique": false,"Hash Cond": "(l1.l_suppkey = supplier.s_suppkey)","Workers": [],"Plans": [{"Node Type": "Seq Scan","Parent Relationship": "Outer","Parallel Aware": true,"Async Capable": false,"Relation Name": "lineitem","Alias": "l1","Startup Cost": 0.00,"Total Cost": 131256.80,"Plan Rows": 500101,"Plan Width": 8,"Actual Startup Time": 0.033,"Actual Total Time": 305.756,"Actual Rows": 758659,"Actual Loops": 5,"Filter": "(l_receiptdate > l_commitdate)","Rows Removed by Filter": 441584,"Workers": []},{"Node Type": "Hash","Parent Relationship": "Inner","Parallel Aware": false,"Async Capable": false,"Startup Cost": 244.58,"Total Cost": 244.58,"Plan Rows": 400,"Plan Width": 30,"Actual Startup Time": 5.155,"Actual Total Time": 5.167,"Actual Rows": 390,"Actual Loops": 5,"Hash Buckets": 1024,"Original Hash Buckets": 1024,"Hash Batches": 1,"Original Hash Batches": 1,"Peak Memory Usage": 33,"Workers": [],"Plans": [{"Node Type": "Nested Loop","Parent Relationship": "Outer","Parallel Aware": false,"Async Capable": false,"Join Type": "Inner","Startup Cost": 7.38,"Total Cost": 244.58,"Plan Rows": 400,"Plan Width": 30,"Actual Startup Time": 0.295,"Actual Total Time": 4.960,"Actual Rows": 390,"Actual Loops": 5,"Inner Unique": false,"Workers": [],"Plans": [{"Node Type": "Seq Scan","Parent Relationship": "Outer","Parallel Aware": false,"Async Capable": false,"Relation Name": "nation","Alias": "nation","Startup Cost": 0.00,"Total Cost": 1.31,"Plan Rows": 1,"Plan Width": 4,"Actual Startup Time": 0.065,"Actual Total Time": 0.070,"Actual Rows": 1,"Actual Loops": 5,"Filter": "(n_name = 'UNITED KINGDOM'::bpchar)","Rows Removed by Filter": 24,"Workers": []},{"Node Type": "Bitmap Heap Scan","Parent Relationship": "Inner","Parallel Aware": false,"Async Capable": false,"Relation Name": "supplier","Alias": "supplier","Startup Cost": 7.38,"Total Cost": 239.27,"Plan Rows": 400,"Plan Width": 34,"Actual Startup Time": 0.224,"Actual Total Time": 4.798,"Actual Rows": 390,"Actual Loops": 5,"Recheck Cond": "(s_nationkey = nation.n_nationkey)","Rows Removed by Index Recheck": 0,"Exact Heap Blocks": 190,"Lossy Heap Blocks": 0,"Workers": [],"Plans": [{"Node Type": "Bitmap Index Scan","Parent Relationship": "Outer","Parallel Aware": false,"Async Capable": false,"Index Name": "idx_supplier_nation_key","Startup Cost": 0.00,"Total Cost": 7.29,"Plan Rows": 400,"Plan Width": 0,"Actual Startup Time": 0.138,"Actual Total Time": 0.139,"Actual Rows": 390,"Actual Loops": 5,"Index Cond": "(s_nationkey = nation.n_nationkey)","Workers": []}]}]}]}]},{"Node Type": "Index Scan","Parent Relationship": "Inner","Parallel Aware": false,"Async Capable": false,"Scan Direction": "Forward","Index Name": "idx_lineitem_orderkey","Relation Name": "lineitem","Alias": "l3","Startup Cost": 0.43,"Total Cost": 1.06,"Plan Rows": 6,"Plan Width": 8,"Actual Startup Time": 0.003,"Actual Total Time": 0.003,"Actual Rows": 1,"Actual Loops": 147510,"Index Cond": "(l_orderkey = l1.l_orderkey)","Rows Removed by Index Recheck": 0,"Filter": "((l_receiptdate > l_commitdate) AND (l_suppkey <> l1.l_suppkey))","Rows Removed by Filter": 1,"Workers": []}]}]},{"Node Type": "Index Scan","Parent Relationship": "Inner","Parallel Aware": false,"Async Capable": false,"Scan Direction": "Forward","Index Name": "idx_lineitem_orderkey","Relation Name": "lineitem","Alias": "l2","Startup Cost": 0.43,"Total Cost": 1.02,"Plan Rows": 17,"Plan Width": 8,"Actual Startup Time": 0.008,"Actual Total Time": 0.008,"Actual Rows": 1,"Actual Loops": 13152,"Index Cond": "(l_orderkey = l1.l_orderkey)","Rows Removed by Index Recheck": 0,"Filter": "(l_suppkey <> l1.l_suppkey)","Rows Removed by Filter": 1}]},{"Node Type": "Index Scan","Parent Relationship": "Inner","Parallel Aware": false,"Async Capable": false,"Scan Direction": "Forward","Index Name": "orders_pkey","Relation Name": "orders","Alias": "orders","Startup Cost": 0.43,"Total Cost": 0.51,"Plan Rows": 1,"Plan Width": 4,"Actual Startup Time": 0.008,"Actual Total Time": 0.008,"Actual Rows": 0,"Actual Loops": 7892,"Index Cond": "(o_orderkey = l1.l_orderkey)","Rows Removed by Index Recheck": 0,"Filter": "(o_orderstatus = 'F'::bpchar)","Rows Removed by Filter": 1}]}]}]}]},"Planning Time": 10.043,"Triggers": [],"Execution Time": 525.836}]
[{"Plan": {"Node Type": "Sort","Parallel Aware": false,"Async Capable": false,"Startup Cost": 147378.80,"Total Cost": 147378.81,"Plan Rows": 1,"Plan Width": 34,"Actual Startup Time": 500.185,"Actual Total Time": 519.970,"Actual Rows": 396,"Actual Loops": 1,"Sort Key": ["(count(*)) DESC", "supplier.s_name"],"Sort Method": "quicksort","Sort Space Used": 55,"Sort Space Type": "Memory","Plans": [{"Node Type": "Aggregate","Strategy": "Sorted","Partial Mode": "Simple","Parent Relationship": "Outer","Parallel Aware": false,"Async Capable": false,"Startup Cost": 147378.77,"Total Cost": 147378.79,"Plan Rows": 1,"Plan Width": 34,"Actual Startup Time": 498.969,"Actual Total Time": 519.272,"Actual Rows": 396,"Actual Loops": 1,"Group Key": ["supplier.s_name"],"Plans": [{"Node Type": "Sort","Parent Relationship": "Outer","Parallel Aware": false,"Async Capable": false,"Startup Cost": 147378.77,"Total Cost": 147378.78,"Plan Rows": 1,"Plan Width": 26,"Actual Startup Time": 498.950,"Actual Total Time": 518.863,"Actual Rows": 3935,"Actual Loops": 1,"Sort Key": ["supplier.s_name"],"Sort Method": "quicksort","Sort Space Used": 373,"Sort Space Type": "Memory","Plans": [{"Node Type": "Nested Loop","Parent Relationship": "Outer","Parallel Aware": false,"Async Capable": false,"Join Type": "Inner","Startup Cost": 1250.87,"Total Cost": 147378.76,"Plan Rows": 1,"Plan Width": 26,"Actual Startup Time": 5.056,"Actual Total Time": 508.223,"Actual Rows": 3935,"Actual Loops": 1,"Inner Unique": true,"Plans": [{"Node Type": "Nested Loop","Parent Relationship": "Outer","Parallel Aware": false,"Async Capable": false,"Join Type": "Semi","Startup Cost": 1250.44,"Total Cost": 147378.26,"Plan Rows": 1,"Plan Width": 34,"Actual Startup Time": 5.029,"Actual Total Time": 447.558,"Actual Rows": 8035,"Actual Loops": 1,"Inner Unique": false,"Plans": [{"Node Type": "Gather","Parent Relationship": "Outer","Parallel Aware": false,"Async Capable": false,"Startup Cost": 1250.01,"Total Cost": 147377.22,"Plan Rows": 1,"Plan Width": 34,"Actual Startup Time": 4.623,"Actual Total Time": 341.887,"Actual Rows": 13450,"Actual Loops": 1,"Workers Planned": 4,"Workers Launched": 4,"Single Copy": false,"Plans": [{"Node Type": "Nested Loop","Parent Relationship": "Outer","Parallel Aware": false,"Async Capable": false,"Join Type": "Anti","Startup Cost": 250.01,"Total Cost": 146377.12,"Plan Rows": 1,"Plan Width": 34,"Actual Startup Time": 4.632,"Actual Total Time": 442.832,"Actual Rows": 2690,"Actual Loops": 5,"Inner Unique": false,"Workers": [],"Plans": [{"Node Type": "Hash Join","Parent Relationship": "Outer","Parallel Aware": false,"Async Capable": false,"Join Type": "Inner","Startup Cost": 249.58,"Total Cost": 133581.65,"Plan Rows": 19990,"Plan Width": 34,"Actual Startup Time": 4.440,"Actual Total Time": 353.938,"Actual Rows": 30159,"Actual Loops": 5,"Inner Unique": false,"Hash Cond": "(l1.l_suppkey = supplier.s_suppkey)","Workers": [],"Plans": [{"Node Type": "Seq Scan","Parent Relationship": "Outer","Parallel Aware": true,"Async Capable": false,"Relation Name": "lineitem","Alias": "l1","Startup Cost": 0.00,"Total Cost": 131256.80,"Plan Rows": 500101,"Plan Width": 8,"Actual Startup Time": 0.027,"Actual Total Time": 302.537,"Actual Rows": 758659,"Actual Loops": 5,"Filter": "(l_receiptdate > l_commitdate)","Rows Removed by Filter": 441584,"Workers": []},{"Node Type": "Hash","Parent Relationship": "Inner","Parallel Aware": false,"Async Capable": false,"Startup Cost": 244.58,"Total Cost": 244.58,"Plan Rows": 400,"Plan Width": 30,"Actual Startup Time": 4.114,"Actual Total Time": 4.124,"Actual Rows": 396,"Actual Loops": 5,"Hash Buckets": 1024,"Original Hash Buckets": 1024,"Hash Batches": 1,"Original Hash Batches": 1,"Peak Memory Usage": 33,"Workers": [],"Plans": [{"Node Type": "Nested Loop","Parent Relationship": "Outer","Parallel Aware": false,"Async Capable": false,"Join Type": "Inner","Startup Cost": 7.38,"Total Cost": 244.58,"Plan Rows": 400,"Plan Width": 30,"Actual Startup Time": 0.301,"Actual Total Time": 3.971,"Actual Rows": 396,"Actual Loops": 5,"Inner Unique": false,"Workers": [],"Plans": [{"Node Type": "Seq Scan","Parent Relationship": "Outer","Parallel Aware": false,"Async Capable": false,"Relation Name": "nation","Alias": "nation","Startup Cost": 0.00,"Total Cost": 1.31,"Plan Rows": 1,"Plan Width": 4,"Actual Startup Time": 0.063,"Actual Total Time": 0.068,"Actual Rows": 1,"Actual Loops": 5,"Filter": "(n_name = 'GERMANY'::bpchar)","Rows Removed by Filter": 24,"Workers": []},{"Node Type": "Bitmap Heap Scan","Parent Relationship": "Inner","Parallel Aware": false,"Async Capable": false,"Relation Name": "supplier","Alias": "supplier","Startup Cost": 7.38,"Total Cost": 239.27,"Plan Rows": 400,"Plan Width": 34,"Actual Startup Time": 0.232,"Actual Total Time": 3.829,"Actual Rows": 396,"Actual Loops": 5,"Recheck Cond": "(s_nationkey = nation.n_nationkey)","Rows Removed by Index Recheck": 0,"Exact Heap Blocks": 191,"Lossy Heap Blocks": 0,"Workers": [],"Plans": [{"Node Type": "Bitmap Index Scan","Parent Relationship": "Outer","Parallel Aware": false,"Async Capable": false,"Index Name": "idx_supplier_nation_key","Startup Cost": 0.00,"Total Cost": 7.29,"Plan Rows": 400,"Plan Width": 0,"Actual Startup Time": 0.147,"Actual Total Time": 0.148,"Actual Rows": 396,"Actual Loops": 5,"Index Cond": "(s_nationkey = nation.n_nationkey)","Workers": []}]}]}]}]},{"Node Type": "Index Scan","Parent Relationship": "Inner","Parallel Aware": false,"Async Capable": false,"Scan Direction": "Forward","Index Name": "idx_lineitem_orderkey","Relation Name": "lineitem","Alias": "l3","Startup Cost": 0.43,"Total Cost": 1.06,"Plan Rows": 6,"Plan Width": 8,"Actual Startup Time": 0.003,"Actual Total Time": 0.003,"Actual Rows": 1,"Actual Loops": 150794,"Index Cond": "(l_orderkey = l1.l_orderkey)","Rows Removed by Index Recheck": 0,"Filter": "((l_receiptdate > l_commitdate) AND (l_suppkey <> l1.l_suppkey))","Rows Removed by Filter": 1,"Workers": []}]}]},{"Node Type": "Index Scan","Parent Relationship": "Inner","Parallel Aware": false,"Async Capable": false,"Scan Direction": "Forward","Index Name": "idx_lineitem_orderkey","Relation Name": "lineitem","Alias": "l2","Startup Cost": 0.43,"Total Cost": 1.02,"Plan Rows": 17,"Plan Width": 8,"Actual Startup Time": 0.007,"Actual Total Time": 0.007,"Actual Rows": 1,"Actual Loops": 13450,"Index Cond": "(l_orderkey = l1.l_orderkey)","Rows Removed by Index Recheck": 0,"Filter": "(l_suppkey <> l1.l_suppkey)","Rows Removed by Filter": 1}]},{"Node Type": "Index Scan","Parent Relationship": "Inner","Parallel Aware": false,"Async Capable": false,"Scan Direction": "Forward","Index Name": "orders_pkey","Relation Name": "orders","Alias": "orders","Startup Cost": 0.43,"Total Cost": 0.51,"Plan Rows": 1,"Plan Width": 4,"Actual Startup Time": 0.007,"Actual Total Time": 0.007,"Actual Rows": 0,"Actual Loops": 8035,"Index Cond": "(o_orderkey = l1.l_orderkey)","Rows Removed by Index Recheck": 0,"Filter": "(o_orderstatus = 'F'::bpchar)","Rows Removed by Filter": 1}]}]}]}]},"Planning Time": 8.500,"Triggers": [],"Execution Time": 520.683}]
[{"Plan": {"Node Type": "Sort","Parallel Aware": false,"Async Capable": false,"Startup Cost": 147378.80,"Total Cost": 147378.81,"Plan Rows": 1,"Plan Width": 34,"Actual Startup Time": 499.004,"Actual Total Time": 520.055,"Actual Rows": 399,"Actual Loops": 1,"Sort Key": ["(count(*)) DESC", "supplier.s_name"],"Sort Method": "quicksort","Sort Space Used": 56,"Sort Space Type": "Memory","Plans": [{"Node Type": "Aggregate","Strategy": "Sorted","Partial Mode": "Simple","Parent Relationship": "Outer","Parallel Aware": false,"Async Capable": false,"Startup Cost": 147378.77,"Total Cost": 147378.79,"Plan Rows": 1,"Plan Width": 34,"Actual Startup Time": 497.768,"Actual Total Time": 519.326,"Actual Rows": 399,"Actual Loops": 1,"Group Key": ["supplier.s_name"],"Plans": [{"Node Type": "Sort","Parent Relationship": "Outer","Parallel Aware": false,"Async Capable": false,"Startup Cost": 147378.77,"Total Cost": 147378.78,"Plan Rows": 1,"Plan Width": 26,"Actual Startup Time": 497.754,"Actual Total Time": 518.925,"Actual Rows": 3901,"Actual Loops": 1,"Sort Key": ["supplier.s_name"],"Sort Method": "quicksort","Sort Space Used": 371,"Sort Space Type": "Memory","Plans": [{"Node Type": "Nested Loop","Parent Relationship": "Outer","Parallel Aware": false,"Async Capable": false,"Join Type": "Inner","Startup Cost": 1250.87,"Total Cost": 147378.76,"Plan Rows": 1,"Plan Width": 26,"Actual Startup Time": 5.425,"Actual Total Time": 507.475,"Actual Rows": 3901,"Actual Loops": 1,"Inner Unique": true,"Plans": [{"Node Type": "Nested Loop","Parent Relationship": "Outer","Parallel Aware": false,"Async Capable": false,"Join Type": "Semi","Startup Cost": 1250.44,"Total Cost": 147378.26,"Plan Rows": 1,"Plan Width": 34,"Actual Startup Time": 5.049,"Actual Total Time": 443.858,"Actual Rows": 7909,"Actual Loops": 1,"Inner Unique": false,"Plans": [{"Node Type": "Gather","Parent Relationship": "Outer","Parallel Aware": false,"Async Capable": false,"Startup Cost": 1250.01,"Total Cost": 147377.22,"Plan Rows": 1,"Plan Width": 34,"Actual Startup Time": 4.716,"Actual Total Time": 337.054,"Actual Rows": 13313,"Actual Loops": 1,"Workers Planned": 4,"Workers Launched": 4,"Single Copy": false,"Plans": [{"Node Type": "Nested Loop","Parent Relationship": "Outer","Parallel Aware": false,"Async Capable": false,"Join Type": "Anti","Startup Cost": 250.01,"Total Cost": 146377.12,"Plan Rows": 1,"Plan Width": 34,"Actual Startup Time": 4.762,"Actual Total Time": 442.169,"Actual Rows": 2663,"Actual Loops": 5,"Inner Unique": false,"Workers": [],"Plans": [{"Node Type": "Hash Join","Parent Relationship": "Outer","Parallel Aware": false,"Async Capable": false,"Join Type": "Inner","Startup Cost": 249.58,"Total Cost": 133581.65,"Plan Rows": 19990,"Plan Width": 34,"Actual Startup Time": 4.517,"Actual Total Time": 353.941,"Actual Rows": 30247,"Actual Loops": 5,"Inner Unique": false,"Hash Cond": "(l1.l_suppkey = supplier.s_suppkey)","Workers": [],"Plans": [{"Node Type": "Seq Scan","Parent Relationship": "Outer","Parallel Aware": true,"Async Capable": false,"Relation Name": "lineitem","Alias": "l1","Startup Cost": 0.00,"Total Cost": 131256.80,"Plan Rows": 500101,"Plan Width": 8,"Actual Startup Time": 0.021,"Actual Total Time": 302.084,"Actual Rows": 758659,"Actual Loops": 5,"Filter": "(l_receiptdate > l_commitdate)","Rows Removed by Filter": 441584,"Workers": []},{"Node Type": "Hash","Parent Relationship": "Inner","Parallel Aware": false,"Async Capable": false,"Startup Cost": 244.58,"Total Cost": 244.58,"Plan Rows": 400,"Plan Width": 30,"Actual Startup Time": 4.286,"Actual Total Time": 4.296,"Actual Rows": 399,"Actual Loops": 5,"Hash Buckets": 1024,"Original Hash Buckets": 1024,"Hash Batches": 1,"Original Hash Batches": 1,"Peak Memory Usage": 33,"Workers": [],"Plans": [{"Node Type": "Nested Loop","Parent Relationship": "Outer","Parallel Aware": false,"Async Capable": false,"Join Type": "Inner","Startup Cost": 7.38,"Total Cost": 244.58,"Plan Rows": 400,"Plan Width": 30,"Actual Startup Time": 0.243,"Actual Total Time": 4.128,"Actual Rows": 399,"Actual Loops": 5,"Inner Unique": false,"Workers": [],"Plans": [{"Node Type": "Seq Scan","Parent Relationship": "Outer","Parallel Aware": false,"Async Capable": false,"Relation Name": "nation","Alias": "nation","Startup Cost": 0.00,"Total Cost": 1.31,"Plan Rows": 1,"Plan Width": 4,"Actual Startup Time": 0.049,"Actual Total Time": 0.051,"Actual Rows": 1,"Actual Loops": 5,"Filter": "(n_name = 'VIETNAM'::bpchar)","Rows Removed by Filter": 24,"Workers": []},{"Node Type": "Bitmap Heap Scan","Parent Relationship": "Inner","Parallel Aware": false,"Async Capable": false,"Relation Name": "supplier","Alias": "supplier","Startup Cost": 7.38,"Total Cost": 239.27,"Plan Rows": 400,"Plan Width": 34,"Actual Startup Time": 0.189,"Actual Total Time": 4.007,"Actual Rows": 399,"Actual Loops": 5,"Recheck Cond": "(s_nationkey = nation.n_nationkey)","Rows Removed by Index Recheck": 0,"Exact Heap Blocks": 191,"Lossy Heap Blocks": 0,"Workers": [],"Plans": [{"Node Type": "Bitmap Index Scan","Parent Relationship": "Outer","Parallel Aware": false,"Async Capable": false,"Index Name": "idx_supplier_nation_key","Startup Cost": 0.00,"Total Cost": 7.29,"Plan Rows": 400,"Plan Width": 0,"Actual Startup Time": 0.123,"Actual Total Time": 0.125,"Actual Rows": 399,"Actual Loops": 5,"Index Cond": "(s_nationkey = nation.n_nationkey)","Workers": []}]}]}]}]},{"Node Type": "Index Scan","Parent Relationship": "Inner","Parallel Aware": false,"Async Capable": false,"Scan Direction": "Forward","Index Name": "idx_lineitem_orderkey","Relation Name": "lineitem","Alias": "l3","Startup Cost": 0.43,"Total Cost": 1.06,"Plan Rows": 6,"Plan Width": 8,"Actual Startup Time": 0.003,"Actual Total Time": 0.003,"Actual Rows": 1,"Actual Loops": 151237,"Index Cond": "(l_orderkey = l1.l_orderkey)","Rows Removed by Index Recheck": 0,"Filter": "((l_receiptdate > l_commitdate) AND (l_suppkey <> l1.l_suppkey))","Rows Removed by Filter": 1,"Workers": []}]}]},{"Node Type": "Index Scan","Parent Relationship": "Inner","Parallel Aware": false,"Async Capable": false,"Scan Direction": "Forward","Index Name": "idx_lineitem_orderkey","Relation Name": "lineitem","Alias": "l2","Startup Cost": 0.43,"Total Cost": 1.02,"Plan Rows": 17,"Plan Width": 8,"Actual Startup Time": 0.008,"Actual Total Time": 0.008,"Actual Rows": 1,"Actual Loops": 13313,"Index Cond": "(l_orderkey = l1.l_orderkey)","Rows Removed by Index Recheck": 0,"Filter": "(l_suppkey <> l1.l_suppkey)","Rows Removed by Filter": 1}]},{"Node Type": "Index Scan","Parent Relationship": "Inner","Parallel Aware": false,"Async Capable": false,"Scan Direction": "Forward","Index Name": "orders_pkey","Relation Name": "orders","Alias": "orders","Startup Cost": 0.43,"Total Cost": 0.51,"Plan Rows": 1,"Plan Width": 4,"Actual Startup Time": 0.008,"Actual Total Time": 0.008,"Actual Rows": 0,"Actual Loops": 7909,"Index Cond": "(o_orderkey = l1.l_orderkey)","Rows Removed by Index Recheck": 0,"Filter": "(o_orderstatus = 'F'::bpchar)","Rows Removed by Filter": 1}]}]}]}]},"Planning Time": 9.630,"Triggers": [],"Execution Time": 520.585}]
[{"Plan": {"Node Type": "Sort","Parallel Aware": false,"Async Capable": false,"Startup Cost": 147378.80,"Total Cost": 147378.81,"Plan Rows": 1,"Plan Width": 34,"Actual Startup Time": 492.880,"Actual Total Time": 511.387,"Actual Rows": 377,"Actual Loops": 1,"Sort Key": ["(count(*)) DESC", "supplier.s_name"],"Sort Method": "quicksort","Sort Space Used": 54,"Sort Space Type": "Memory","Plans": [{"Node Type": "Aggregate","Strategy": "Sorted","Partial Mode": "Simple","Parent Relationship": "Outer","Parallel Aware": false,"Async Capable": false,"Startup Cost": 147378.77,"Total Cost": 147378.79,"Plan Rows": 1,"Plan Width": 34,"Actual Startup Time": 491.719,"Actual Total Time": 510.711,"Actual Rows": 377,"Actual Loops": 1,"Group Key": ["supplier.s_name"],"Plans": [{"Node Type": "Sort","Parent Relationship": "Outer","Parallel Aware": false,"Async Capable": false,"Startup Cost": 147378.77,"Total Cost": 147378.78,"Plan Rows": 1,"Plan Width": 26,"Actual Startup Time": 491.689,"Actual Total Time": 510.309,"Actual Rows": 3707,"Actual Loops": 1,"Sort Key": ["supplier.s_name"],"Sort Method": "quicksort","Sort Space Used": 357,"Sort Space Type": "Memory","Plans": [{"Node Type": "Nested Loop","Parent Relationship": "Outer","Parallel Aware": false,"Async Capable": false,"Join Type": "Inner","Startup Cost": 1250.87,"Total Cost": 147378.76,"Plan Rows": 1,"Plan Width": 26,"Actual Startup Time": 4.620,"Actual Total Time": 499.542,"Actual Rows": 3707,"Actual Loops": 1,"Inner Unique": true,"Plans": [{"Node Type": "Nested Loop","Parent Relationship": "Outer","Parallel Aware": false,"Async Capable": false,"Join Type": "Semi","Startup Cost": 1250.44,"Total Cost": 147378.26,"Plan Rows": 1,"Plan Width": 34,"Actual Startup Time": 4.581,"Actual Total Time": 437.361,"Actual Rows": 7590,"Actual Loops": 1,"Inner Unique": false,"Plans": [{"Node Type": "Gather","Parent Relationship": "Outer","Parallel Aware": false,"Async Capable": false,"Startup Cost": 1250.01,"Total Cost": 147377.22,"Plan Rows": 1,"Plan Width": 34,"Actual Startup Time": 4.430,"Actual Total Time": 334.305,"Actual Rows": 12724,"Actual Loops": 1,"Workers Planned": 4,"Workers Launched": 4,"Single Copy": false,"Plans": [{"Node Type": "Nested Loop","Parent Relationship": "Outer","Parallel Aware": false,"Async Capable": false,"Join Type": "Anti","Startup Cost": 250.01,"Total Cost": 146377.12,"Plan Rows": 1,"Plan Width": 34,"Actual Startup Time": 5.283,"Actual Total Time": 435.218,"Actual Rows": 2545,"Actual Loops": 5,"Inner Unique": false,"Workers": [],"Plans": [{"Node Type": "Hash Join","Parent Relationship": "Outer","Parallel Aware": false,"Async Capable": false,"Join Type": "Inner","Startup Cost": 249.58,"Total Cost": 133581.65,"Plan Rows": 19990,"Plan Width": 34,"Actual Startup Time": 4.967,"Actual Total Time": 350.606,"Actual Rows": 28669,"Actual Loops": 5,"Inner Unique": false,"Hash Cond": "(l1.l_suppkey = supplier.s_suppkey)","Workers": [],"Plans": [{"Node Type": "Seq Scan","Parent Relationship": "Outer","Parallel Aware": true,"Async Capable": false,"Relation Name": "lineitem","Alias": "l1","Startup Cost": 0.00,"Total Cost": 131256.80,"Plan Rows": 500101,"Plan Width": 8,"Actual Startup Time": 0.028,"Actual Total Time": 300.375,"Actual Rows": 758659,"Actual Loops": 5,"Filter": "(l_receiptdate > l_commitdate)","Rows Removed by Filter": 441584,"Workers": []},{"Node Type": "Hash","Parent Relationship": "Inner","Parallel Aware": false,"Async Capable": false,"Startup Cost": 244.58,"Total Cost": 244.58,"Plan Rows": 400,"Plan Width": 30,"Actual Startup Time": 4.611,"Actual Total Time": 4.626,"Actual Rows": 377,"Actual Loops": 5,"Hash Buckets": 1024,"Original Hash Buckets": 1024,"Hash Batches": 1,"Original Hash Batches": 1,"Peak Memory Usage": 32,"Workers": [],"Plans": [{"Node Type": "Nested Loop","Parent Relationship": "Outer","Parallel Aware": false,"Async Capable": false,"Join Type": "Inner","Startup Cost": 7.38,"Total Cost": 244.58,"Plan Rows": 400,"Plan Width": 30,"Actual Startup Time": 0.296,"Actual Total Time": 4.444,"Actual Rows": 377,"Actual Loops": 5,"Inner Unique": false,"Workers": [],"Plans": [{"Node Type": "Seq Scan","Parent Relationship": "Outer","Parallel Aware": false,"Async Capable": false,"Relation Name": "nation","Alias": "nation","Startup Cost": 0.00,"Total Cost": 1.31,"Plan Rows": 1,"Plan Width": 4,"Actual Startup Time": 0.056,"Actual Total Time": 0.065,"Actual Rows": 1,"Actual Loops": 5,"Filter": "(n_name = 'JAPAN'::bpchar)","Rows Removed by Filter": 24,"Workers": []},{"Node Type": "Bitmap Heap Scan","Parent Relationship": "Inner","Parallel Aware": false,"Async Capable": false,"Relation Name": "supplier","Alias": "supplier","Startup Cost": 7.38,"Total Cost": 239.27,"Plan Rows": 400,"Plan Width": 34,"Actual Startup Time": 0.234,"Actual Total Time": 4.286,"Actual Rows": 377,"Actual Loops": 5,"Recheck Cond": "(s_nationkey = nation.n_nationkey)","Rows Removed by Index Recheck": 0,"Exact Heap Blocks": 180,"Lossy Heap Blocks": 0,"Workers": [],"Plans": [{"Node Type": "Bitmap Index Scan","Parent Relationship": "Outer","Parallel Aware": false,"Async Capable": false,"Index Name": "idx_supplier_nation_key","Startup Cost": 0.00,"Total Cost": 7.29,"Plan Rows": 400,"Plan Width": 0,"Actual Startup Time": 0.148,"Actual Total Time": 0.149,"Actual Rows": 377,"Actual Loops": 5,"Index Cond": "(s_nationkey = nation.n_nationkey)","Workers": []}]}]}]}]},{"Node Type": "Index Scan","Parent Relationship": "Inner","Parallel Aware": false,"Async Capable": false,"Scan Direction": "Forward","Index Name": "idx_lineitem_orderkey","Relation Name": "lineitem","Alias": "l3","Startup Cost": 0.43,"Total Cost": 1.06,"Plan Rows": 6,"Plan Width": 8,"Actual Startup Time": 0.003,"Actual Total Time": 0.003,"Actual Rows": 1,"Actual Loops": 143344,"Index Cond": "(l_orderkey = l1.l_orderkey)","Rows Removed by Index Recheck": 0,"Filter": "((l_receiptdate > l_commitdate) AND (l_suppkey <> l1.l_suppkey))","Rows Removed by Filter": 1,"Workers": []}]}]},{"Node Type": "Index Scan","Parent Relationship": "Inner","Parallel Aware": false,"Async Capable": false,"Scan Direction": "Forward","Index Name": "idx_lineitem_orderkey","Relation Name": "lineitem","Alias": "l2","Startup Cost": 0.43,"Total Cost": 1.02,"Plan Rows": 17,"Plan Width": 8,"Actual Startup Time": 0.008,"Actual Total Time": 0.008,"Actual Rows": 1,"Actual Loops": 12724,"Index Cond": "(l_orderkey = l1.l_orderkey)","Rows Removed by Index Recheck": 0,"Filter": "(l_suppkey <> l1.l_suppkey)","Rows Removed by Filter": 1}]},{"Node Type": "Index Scan","Parent Relationship": "Inner","Parallel Aware": false,"Async Capable": false,"Scan Direction": "Forward","Index Name": "orders_pkey","Relation Name": "orders","Alias": "orders","Startup Cost": 0.43,"Total Cost": 0.51,"Plan Rows": 1,"Plan Width": 4,"Actual Startup Time": 0.008,"Actual Total Time": 0.008,"Actual Rows": 0,"Actual Loops": 7590,"Index Cond": "(o_orderkey = l1.l_orderkey)","Rows Removed by Index Recheck": 0,"Filter": "(o_orderstatus = 'F'::bpchar)","Rows Removed by Filter": 1}]}]}]}]},"Planning Time": 9.583,"Triggers": [],"Execution Time": 511.800}]
[{"Plan": {"Node Type": "Sort","Parallel Aware": false,"Async Capable": false,"Startup Cost": 147378.80,"Total Cost": 147378.81,"Plan Rows": 1,"Plan Width": 34,"Actual Startup Time": 493.231,"Actual Total Time": 511.674,"Actual Rows": 376,"Actual Loops": 1,"Sort Key": ["(count(*)) DESC", "supplier.s_name"],"Sort Method": "quicksort","Sort Space Used": 54,"Sort Space Type": "Memory","Plans": [{"Node Type": "Aggregate","Strategy": "Sorted","Partial Mode": "Simple","Parent Relationship": "Outer","Parallel Aware": false,"Async Capable": false,"Startup Cost": 147378.77,"Total Cost": 147378.79,"Plan Rows": 1,"Plan Width": 34,"Actual Startup Time": 492.079,"Actual Total Time": 510.997,"Actual Rows": 376,"Actual Loops": 1,"Group Key": ["supplier.s_name"],"Plans": [{"Node Type": "Sort","Parent Relationship": "Outer","Parallel Aware": false,"Async Capable": false,"Startup Cost": 147378.77,"Total Cost": 147378.78,"Plan Rows": 1,"Plan Width": 26,"Actual Startup Time": 492.053,"Actual Total Time": 510.609,"Actual Rows": 3697,"Actual Loops": 1,"Sort Key": ["supplier.s_name"],"Sort Method": "quicksort","Sort Space Used": 356,"Sort Space Type": "Memory","Plans": [{"Node Type": "Nested Loop","Parent Relationship": "Outer","Parallel Aware": false,"Async Capable": false,"Join Type": "Inner","Startup Cost": 1250.87,"Total Cost": 147378.76,"Plan Rows": 1,"Plan Width": 26,"Actual Startup Time": 5.656,"Actual Total Time": 499.948,"Actual Rows": 3697,"Actual Loops": 1,"Inner Unique": true,"Plans": [{"Node Type": "Nested Loop","Parent Relationship": "Outer","Parallel Aware": false,"Async Capable": false,"Join Type": "Semi","Startup Cost": 1250.44,"Total Cost": 147378.26,"Plan Rows": 1,"Plan Width": 34,"Actual Startup Time": 5.611,"Actual Total Time": 438.655,"Actual Rows": 7589,"Actual Loops": 1,"Inner Unique": false,"Plans": [{"Node Type": "Gather","Parent Relationship": "Outer","Parallel Aware": false,"Async Capable": false,"Startup Cost": 1250.01,"Total Cost": 147377.22,"Plan Rows": 1,"Plan Width": 34,"Actual Startup Time": 4.591,"Actual Total Time": 336.749,"Actual Rows": 12677,"Actual Loops": 1,"Workers Planned": 4,"Workers Launched": 4,"Single Copy": false,"Plans": [{"Node Type": "Nested Loop","Parent Relationship": "Outer","Parallel Aware": false,"Async Capable": false,"Join Type": "Anti","Startup Cost": 250.01,"Total Cost": 146377.12,"Plan Rows": 1,"Plan Width": 34,"Actual Startup Time": 5.313,"Actual Total Time": 436.446,"Actual Rows": 2535,"Actual Loops": 5,"Inner Unique": false,"Workers": [],"Plans": [{"Node Type": "Hash Join","Parent Relationship": "Outer","Parallel Aware": false,"Async Capable": false,"Join Type": "Inner","Startup Cost": 249.58,"Total Cost": 133581.65,"Plan Rows": 19990,"Plan Width": 34,"Actual Startup Time": 5.158,"Actual Total Time": 352.526,"Actual Rows": 28439,"Actual Loops": 5,"Inner Unique": false,"Hash Cond": "(l1.l_suppkey = supplier.s_suppkey)","Workers": [],"Plans": [{"Node Type": "Seq Scan","Parent Relationship": "Outer","Parallel Aware": true,"Async Capable": false,"Relation Name": "lineitem","Alias": "l1","Startup Cost": 0.00,"Total Cost": 131256.80,"Plan Rows": 500101,"Plan Width": 8,"Actual Startup Time": 0.028,"Actual Total Time": 300.563,"Actual Rows": 758659,"Actual Loops": 5,"Filter": "(l_receiptdate > l_commitdate)","Rows Removed by Filter": 441584,"Workers": []},{"Node Type": "Hash","Parent Relationship": "Inner","Parallel Aware": false,"Async Capable": false,"Startup Cost": 244.58,"Total Cost": 244.58,"Plan Rows": 400,"Plan Width": 30,"Actual Startup Time": 4.780,"Actual Total Time": 4.790,"Actual Rows": 376,"Actual Loops": 5,"Hash Buckets": 1024,"Original Hash Buckets": 1024,"Hash Batches": 1,"Original Hash Batches": 1,"Peak Memory Usage": 32,"Workers": [],"Plans": [{"Node Type": "Nested Loop","Parent Relationship": "Outer","Parallel Aware": false,"Async Capable": false,"Join Type": "Inner","Startup Cost": 7.38,"Total Cost": 244.58,"Plan Rows": 400,"Plan Width": 30,"Actual Startup Time": 0.359,"Actual Total Time": 4.625,"Actual Rows": 376,"Actual Loops": 5,"Inner Unique": false,"Workers": [],"Plans": [{"Node Type": "Seq Scan","Parent Relationship": "Outer","Parallel Aware": false,"Async Capable": false,"Relation Name": "nation","Alias": "nation","Startup Cost": 0.00,"Total Cost": 1.31,"Plan Rows": 1,"Plan Width": 4,"Actual Startup Time": 0.066,"Actual Total Time": 0.070,"Actual Rows": 1,"Actual Loops": 5,"Filter": "(n_name = 'KENYA'::bpchar)","Rows Removed by Filter": 24,"Workers": []},{"Node Type": "Bitmap Heap Scan","Parent Relationship": "Inner","Parallel Aware": false,"Async Capable": false,"Relation Name": "supplier","Alias": "supplier","Startup Cost": 7.38,"Total Cost": 239.27,"Plan Rows": 400,"Plan Width": 34,"Actual Startup Time": 0.287,"Actual Total Time": 4.480,"Actual Rows": 376,"Actual Loops": 5,"Recheck Cond": "(s_nationkey = nation.n_nationkey)","Rows Removed by Index Recheck": 0,"Exact Heap Blocks": 179,"Lossy Heap Blocks": 0,"Workers": [],"Plans": [{"Node Type": "Bitmap Index Scan","Parent Relationship": "Outer","Parallel Aware": false,"Async Capable": false,"Index Name": "idx_supplier_nation_key","Startup Cost": 0.00,"Total Cost": 7.29,"Plan Rows": 400,"Plan Width": 0,"Actual Startup Time": 0.181,"Actual Total Time": 0.182,"Actual Rows": 376,"Actual Loops": 5,"Index Cond": "(s_nationkey = nation.n_nationkey)","Workers": []}]}]}]}]},{"Node Type": "Index Scan","Parent Relationship": "Inner","Parallel Aware": false,"Async Capable": false,"Scan Direction": "Forward","Index Name": "idx_lineitem_orderkey","Relation Name": "lineitem","Alias": "l3","Startup Cost": 0.43,"Total Cost": 1.06,"Plan Rows": 6,"Plan Width": 8,"Actual Startup Time": 0.003,"Actual Total Time": 0.003,"Actual Rows": 1,"Actual Loops": 142196,"Index Cond": "(l_orderkey = l1.l_orderkey)","Rows Removed by Index Recheck": 0,"Filter": "((l_receiptdate > l_commitdate) AND (l_suppkey <> l1.l_suppkey))","Rows Removed by Filter": 1,"Workers": []}]}]},{"Node Type": "Index Scan","Parent Relationship": "Inner","Parallel Aware": false,"Async Capable": false,"Scan Direction": "Forward","Index Name": "idx_lineitem_orderkey","Relation Name": "lineitem","Alias": "l2","Startup Cost": 0.43,"Total Cost": 1.02,"Plan Rows": 17,"Plan Width": 8,"Actual Startup Time": 0.008,"Actual Total Time": 0.008,"Actual Rows": 1,"Actual Loops": 12677,"Index Cond": "(l_orderkey = l1.l_orderkey)","Rows Removed by Index Recheck": 0,"Filter": "(l_suppkey <> l1.l_suppkey)","Rows Removed by Filter": 1}]},{"Node Type": "Index Scan","Parent Relationship": "Inner","Parallel Aware": false,"Async Capable": false,"Scan Direction": "Forward","Index Name": "orders_pkey","Relation Name": "orders","Alias": "orders","Startup Cost": 0.43,"Total Cost": 0.51,"Plan Rows": 1,"Plan Width": 4,"Actual Startup Time": 0.008,"Actual Total Time": 0.008,"Actual Rows": 0,"Actual Loops": 7589,"Index Cond": "(o_orderkey = l1.l_orderkey)","Rows Removed by Index Recheck": 0,"Filter": "(o_orderstatus = 'F'::bpchar)","Rows Removed by Filter": 1}]}]}]}]},"Planning Time": 8.298,"Triggers": [],"Execution Time": 512.274}]
[{"Plan": {"Node Type": "Sort","Parallel Aware": false,"Async Capable": false,"Startup Cost": 147378.80,"Total Cost": 147378.81,"Plan Rows": 1,"Plan Width": 34,"Actual Startup Time": 502.540,"Actual Total Time": 523.684,"Actual Rows": 401,"Actual Loops": 1,"Sort Key": ["(count(*)) DESC", "supplier.s_name"],"Sort Method": "quicksort","Sort Space Used": 56,"Sort Space Type": "Memory","Plans": [{"Node Type": "Aggregate","Strategy": "Sorted","Partial Mode": "Simple","Parent Relationship": "Outer","Parallel Aware": false,"Async Capable": false,"Startup Cost": 147378.77,"Total Cost": 147378.79,"Plan Rows": 1,"Plan Width": 34,"Actual Startup Time": 501.310,"Actual Total Time": 522.965,"Actual Rows": 401,"Actual Loops": 1,"Group Key": ["supplier.s_name"],"Plans": [{"Node Type": "Sort","Parent Relationship": "Outer","Parallel Aware": false,"Async Capable": false,"Startup Cost": 147378.77,"Total Cost": 147378.78,"Plan Rows": 1,"Plan Width": 26,"Actual Startup Time": 501.284,"Actual Total Time": 522.551,"Actual Rows": 3970,"Actual Loops": 1,"Sort Key": ["supplier.s_name"],"Sort Method": "quicksort","Sort Space Used": 376,"Sort Space Type": "Memory","Plans": [{"Node Type": "Nested Loop","Parent Relationship": "Outer","Parallel Aware": false,"Async Capable": false,"Join Type": "Inner","Startup Cost": 1250.87,"Total Cost": 147378.76,"Plan Rows": 1,"Plan Width": 26,"Actual Startup Time": 5.240,"Actual Total Time": 512.097,"Actual Rows": 3970,"Actual Loops": 1,"Inner Unique": true,"Plans": [{"Node Type": "Nested Loop","Parent Relationship": "Outer","Parallel Aware": false,"Async Capable": false,"Join Type": "Semi","Startup Cost": 1250.44,"Total Cost": 147378.26,"Plan Rows": 1,"Plan Width": 34,"Actual Startup Time": 4.627,"Actual Total Time": 451.513,"Actual Rows": 8097,"Actual Loops": 1,"Inner Unique": false,"Plans": [{"Node Type": "Gather","Parent Relationship": "Outer","Parallel Aware": false,"Async Capable": false,"Startup Cost": 1250.01,"Total Cost": 147377.22,"Plan Rows": 1,"Plan Width": 34,"Actual Startup Time": 4.615,"Actual Total Time": 347.691,"Actual Rows": 13583,"Actual Loops": 1,"Workers Planned": 4,"Workers Launched": 4,"Single Copy": false,"Plans": [{"Node Type": "Nested Loop","Parent Relationship": "Outer","Parallel Aware": false,"Async Capable": false,"Join Type": "Anti","Startup Cost": 250.01,"Total Cost": 146377.12,"Plan Rows": 1,"Plan Width": 34,"Actual Startup Time": 4.828,"Actual Total Time": 446.701,"Actual Rows": 2717,"Actual Loops": 5,"Inner Unique": false,"Workers": [],"Plans": [{"Node Type": "Hash Join","Parent Relationship": "Outer","Parallel Aware": false,"Async Capable": false,"Join Type": "Inner","Startup Cost": 249.58,"Total Cost": 133581.65,"Plan Rows": 19990,"Plan Width": 34,"Actual Startup Time": 4.456,"Actual Total Time": 356.594,"Actual Rows": 30499,"Actual Loops": 5,"Inner Unique": false,"Hash Cond": "(l1.l_suppkey = supplier.s_suppkey)","Workers": [],"Plans": [{"Node Type": "Seq Scan","Parent Relationship": "Outer","Parallel Aware": true,"Async Capable": false,"Relation Name": "lineitem","Alias": "l1","Startup Cost": 0.00,"Total Cost": 131256.80,"Plan Rows": 500101,"Plan Width": 8,"Actual Startup Time": 0.022,"Actual Total Time": 305.978,"Actual Rows": 758659,"Actual Loops": 5,"Filter": "(l_receiptdate > l_commitdate)","Rows Removed by Filter": 441584,"Workers": []},{"Node Type": "Hash","Parent Relationship": "Inner","Parallel Aware": false,"Async Capable": false,"Startup Cost": 244.58,"Total Cost": 244.58,"Plan Rows": 400,"Plan Width": 30,"Actual Startup Time": 4.157,"Actual Total Time": 4.168,"Actual Rows": 401,"Actual Loops": 5,"Hash Buckets": 1024,"Original Hash Buckets": 1024,"Hash Batches": 1,"Original Hash Batches": 1,"Peak Memory Usage": 34,"Workers": [],"Plans": [{"Node Type": "Nested Loop","Parent Relationship": "Outer","Parallel Aware": false,"Async Capable": false,"Join Type": "Inner","Startup Cost": 7.38,"Total Cost": 244.58,"Plan Rows": 400,"Plan Width": 30,"Actual Startup Time": 0.269,"Actual Total Time": 4.009,"Actual Rows": 401,"Actual Loops": 5,"Inner Unique": false,"Workers": [],"Plans": [{"Node Type": "Seq Scan","Parent Relationship": "Outer","Parallel Aware": false,"Async Capable": false,"Relation Name": "nation","Alias": "nation","Startup Cost": 0.00,"Total Cost": 1.31,"Plan Rows": 1,"Plan Width": 4,"Actual Startup Time": 0.053,"Actual Total Time": 0.057,"Actual Rows": 1,"Actual Loops": 5,"Filter": "(n_name = 'RUSSIA'::bpchar)","Rows Removed by Filter": 24,"Workers": []},{"Node Type": "Bitmap Heap Scan","Parent Relationship": "Inner","Parallel Aware": false,"Async Capable": false,"Relation Name": "supplier","Alias": "supplier","Startup Cost": 7.38,"Total Cost": 239.27,"Plan Rows": 400,"Plan Width": 34,"Actual Startup Time": 0.210,"Actual Total Time": 3.875,"Actual Rows": 401,"Actual Loops": 5,"Recheck Cond": "(s_nationkey = nation.n_nationkey)","Rows Removed by Index Recheck": 0,"Exact Heap Blocks": 180,"Lossy Heap Blocks": 0,"Workers": [],"Plans": [{"Node Type": "Bitmap Index Scan","Parent Relationship": "Outer","Parallel Aware": false,"Async Capable": false,"Index Name": "idx_supplier_nation_key","Startup Cost": 0.00,"Total Cost": 7.29,"Plan Rows": 400,"Plan Width": 0,"Actual Startup Time": 0.139,"Actual Total Time": 0.140,"Actual Rows": 401,"Actual Loops": 5,"Index Cond": "(s_nationkey = nation.n_nationkey)","Workers": []}]}]}]}]},{"Node Type": "Index Scan","Parent Relationship": "Inner","Parallel Aware": false,"Async Capable": false,"Scan Direction": "Forward","Index Name": "idx_lineitem_orderkey","Relation Name": "lineitem","Alias": "l3","Startup Cost": 0.43,"Total Cost": 1.06,"Plan Rows": 6,"Plan Width": 8,"Actual Startup Time": 0.003,"Actual Total Time": 0.003,"Actual Rows": 1,"Actual Loops": 152495,"Index Cond": "(l_orderkey = l1.l_orderkey)","Rows Removed by Index Recheck": 0,"Filter": "((l_receiptdate > l_commitdate) AND (l_suppkey <> l1.l_suppkey))","Rows Removed by Filter": 1,"Workers": []}]}]},{"Node Type": "Index Scan","Parent Relationship": "Inner","Parallel Aware": false,"Async Capable": false,"Scan Direction": "Forward","Index Name": "idx_lineitem_orderkey","Relation Name": "lineitem","Alias": "l2","Startup Cost": 0.43,"Total Cost": 1.02,"Plan Rows": 17,"Plan Width": 8,"Actual Startup Time": 0.007,"Actual Total Time": 0.007,"Actual Rows": 1,"Actual Loops": 13583,"Index Cond": "(l_orderkey = l1.l_orderkey)","Rows Removed by Index Recheck": 0,"Filter": "(l_suppkey <> l1.l_suppkey)","Rows Removed by Filter": 1}]},{"Node Type": "Index Scan","Parent Relationship": "Inner","Parallel Aware": false,"Async Capable": false,"Scan Direction": "Forward","Index Name": "orders_pkey","Relation Name": "orders","Alias": "orders","Startup Cost": 0.43,"Total Cost": 0.51,"Plan Rows": 1,"Plan Width": 4,"Actual Startup Time": 0.007,"Actual Total Time": 0.007,"Actual Rows": 0,"Actual Loops": 8097,"Index Cond": "(o_orderkey = l1.l_orderkey)","Rows Removed by Index Recheck": 0,"Filter": "(o_orderstatus = 'F'::bpchar)","Rows Removed by Filter": 1}]}]}]}]},"Planning Time": 9.437,"Triggers": [],"Execution Time": 524.297}]
[{"Plan": {"Node Type": "Sort","Parallel Aware": false,"Async Capable": false,"Startup Cost": 147378.80,"Total Cost": 147378.81,"Plan Rows": 1,"Plan Width": 34,"Actual Startup Time": 484.568,"Actual Total Time": 505.980,"Actual Rows": 362,"Actual Loops": 1,"Sort Key": ["(count(*)) DESC", "supplier.s_name"],"Sort Method": "quicksort","Sort Space Used": 53,"Sort Space Type": "Memory","Plans": [{"Node Type": "Aggregate","Strategy": "Sorted","Partial Mode": "Simple","Parent Relationship": "Outer","Parallel Aware": false,"Async Capable": false,"Startup Cost": 147378.77,"Total Cost": 147378.79,"Plan Rows": 1,"Plan Width": 34,"Actual Startup Time": 483.467,"Actual Total Time": 505.326,"Actual Rows": 362,"Actual Loops": 1,"Group Key": ["supplier.s_name"],"Plans": [{"Node Type": "Sort","Parent Relationship": "Outer","Parallel Aware": false,"Async Capable": false,"Startup Cost": 147378.77,"Total Cost": 147378.78,"Plan Rows": 1,"Plan Width": 26,"Actual Startup Time": 483.448,"Actual Total Time": 504.962,"Actual Rows": 3454,"Actual Loops": 1,"Sort Key": ["supplier.s_name"],"Sort Method": "quicksort","Sort Space Used": 339,"Sort Space Type": "Memory","Plans": [{"Node Type": "Nested Loop","Parent Relationship": "Outer","Parallel Aware": false,"Async Capable": false,"Join Type": "Inner","Startup Cost": 1250.87,"Total Cost": 147378.76,"Plan Rows": 1,"Plan Width": 26,"Actual Startup Time": 4.046,"Actual Total Time": 494.960,"Actual Rows": 3454,"Actual Loops": 1,"Inner Unique": true,"Plans": [{"Node Type": "Nested Loop","Parent Relationship": "Outer","Parallel Aware": false,"Async Capable": false,"Join Type": "Semi","Startup Cost": 1250.44,"Total Cost": 147378.26,"Plan Rows": 1,"Plan Width": 34,"Actual Startup Time": 3.697,"Actual Total Time": 437.513,"Actual Rows": 7167,"Actual Loops": 1,"Inner Unique": false,"Plans": [{"Node Type": "Gather","Parent Relationship": "Outer","Parallel Aware": false,"Async Capable": false,"Startup Cost": 1250.01,"Total Cost": 147377.22,"Plan Rows": 1,"Plan Width": 34,"Actual Startup Time": 3.682,"Actual Total Time": 337.976,"Actual Rows": 12136,"Actual Loops": 1,"Workers Planned": 4,"Workers Launched": 4,"Single Copy": false,"Plans": [{"Node Type": "Nested Loop","Parent Relationship": "Outer","Parallel Aware": false,"Async Capable": false,"Join Type": "Anti","Startup Cost": 250.01,"Total Cost": 146377.12,"Plan Rows": 1,"Plan Width": 34,"Actual Startup Time": 4.367,"Actual Total Time": 431.433,"Actual Rows": 2427,"Actual Loops": 5,"Inner Unique": false,"Workers": [],"Plans": [{"Node Type": "Hash Join","Parent Relationship": "Outer","Parallel Aware": false,"Async Capable": false,"Join Type": "Inner","Startup Cost": 249.58,"Total Cost": 133581.65,"Plan Rows": 19990,"Plan Width": 34,"Actual Startup Time": 4.181,"Actual Total Time": 349.984,"Actual Rows": 27450,"Actual Loops": 5,"Inner Unique": false,"Hash Cond": "(l1.l_suppkey = supplier.s_suppkey)","Workers": [],"Plans": [{"Node Type": "Seq Scan","Parent Relationship": "Outer","Parallel Aware": true,"Async Capable": false,"Relation Name": "lineitem","Alias": "l1","Startup Cost": 0.00,"Total Cost": 131256.80,"Plan Rows": 500101,"Plan Width": 8,"Actual Startup Time": 0.027,"Actual Total Time": 299.399,"Actual Rows": 758659,"Actual Loops": 5,"Filter": "(l_receiptdate > l_commitdate)","Rows Removed by Filter": 441584,"Workers": []},{"Node Type": "Hash","Parent Relationship": "Inner","Parallel Aware": false,"Async Capable": false,"Startup Cost": 244.58,"Total Cost": 244.58,"Plan Rows": 400,"Plan Width": 30,"Actual Startup Time": 3.849,"Actual Total Time": 3.862,"Actual Rows": 362,"Actual Loops": 5,"Hash Buckets": 1024,"Original Hash Buckets": 1024,"Hash Batches": 1,"Original Hash Batches": 1,"Peak Memory Usage": 31,"Workers": [],"Plans": [{"Node Type": "Nested Loop","Parent Relationship": "Outer","Parallel Aware": false,"Async Capable": false,"Join Type": "Inner","Startup Cost": 7.38,"Total Cost": 244.58,"Plan Rows": 400,"Plan Width": 30,"Actual Startup Time": 0.339,"Actual Total Time": 3.727,"Actual Rows": 362,"Actual Loops": 5,"Inner Unique": false,"Workers": [],"Plans": [{"Node Type": "Seq Scan","Parent Relationship": "Outer","Parallel Aware": false,"Async Capable": false,"Relation Name": "nation","Alias": "nation","Startup Cost": 0.00,"Total Cost": 1.31,"Plan Rows": 1,"Plan Width": 4,"Actual Startup Time": 0.061,"Actual Total Time": 0.064,"Actual Rows": 1,"Actual Loops": 5,"Filter": "(n_name = 'JORDAN'::bpchar)","Rows Removed by Filter": 24,"Workers": []},{"Node Type": "Bitmap Heap Scan","Parent Relationship": "Inner","Parallel Aware": false,"Async Capable": false,"Relation Name": "supplier","Alias": "supplier","Startup Cost": 7.38,"Total Cost": 239.27,"Plan Rows": 400,"Plan Width": 34,"Actual Startup Time": 0.272,"Actual Total Time": 3.601,"Actual Rows": 362,"Actual Loops": 5,"Recheck Cond": "(s_nationkey = nation.n_nationkey)","Rows Removed by Index Recheck": 0,"Exact Heap Blocks": 166,"Lossy Heap Blocks": 0,"Workers": [],"Plans": [{"Node Type": "Bitmap Index Scan","Parent Relationship": "Outer","Parallel Aware": false,"Async Capable": false,"Index Name": "idx_supplier_nation_key","Startup Cost": 0.00,"Total Cost": 7.29,"Plan Rows": 400,"Plan Width": 0,"Actual Startup Time": 0.176,"Actual Total Time": 0.178,"Actual Rows": 362,"Actual Loops": 5,"Index Cond": "(s_nationkey = nation.n_nationkey)","Workers": []}]}]}]}]},{"Node Type": "Index Scan","Parent Relationship": "Inner","Parallel Aware": false,"Async Capable": false,"Scan Direction": "Forward","Index Name": "idx_lineitem_orderkey","Relation Name": "lineitem","Alias": "l3","Startup Cost": 0.43,"Total Cost": 1.06,"Plan Rows": 6,"Plan Width": 8,"Actual Startup Time": 0.003,"Actual Total Time": 0.003,"Actual Rows": 1,"Actual Loops": 137252,"Index Cond": "(l_orderkey = l1.l_orderkey)","Rows Removed by Index Recheck": 0,"Filter": "((l_receiptdate > l_commitdate) AND (l_suppkey <> l1.l_suppkey))","Rows Removed by Filter": 1,"Workers": []}]}]},{"Node Type": "Index Scan","Parent Relationship": "Inner","Parallel Aware": false,"Async Capable": false,"Scan Direction": "Forward","Index Name": "idx_lineitem_orderkey","Relation Name": "lineitem","Alias": "l2","Startup Cost": 0.43,"Total Cost": 1.02,"Plan Rows": 17,"Plan Width": 8,"Actual Startup Time": 0.008,"Actual Total Time": 0.008,"Actual Rows": 1,"Actual Loops": 12136,"Index Cond": "(l_orderkey = l1.l_orderkey)","Rows Removed by Index Recheck": 0,"Filter": "(l_suppkey <> l1.l_suppkey)","Rows Removed by Filter": 1}]},{"Node Type": "Index Scan","Parent Relationship": "Inner","Parallel Aware": false,"Async Capable": false,"Scan Direction": "Forward","Index Name": "orders_pkey","Relation Name": "orders","Alias": "orders","Startup Cost": 0.43,"Total Cost": 0.51,"Plan Rows": 1,"Plan Width": 4,"Actual Startup Time": 0.008,"Actual Total Time": 0.008,"Actual Rows": 0,"Actual Loops": 7167,"Index Cond": "(o_orderkey = l1.l_orderkey)","Rows Removed by Index Recheck": 0,"Filter": "(o_orderstatus = 'F'::bpchar)","Rows Removed by Filter": 1}]}]}]}]},"Planning Time": 8.148,"Triggers": [],"Execution Time": 506.532}]
[{"Plan": {"Node Type": "Sort","Parallel Aware": false,"Async Capable": false,"Startup Cost": 147378.80,"Total Cost": 147378.81,"Plan Rows": 1,"Plan Width": 34,"Actual Startup Time": 501.108,"Actual Total Time": 521.576,"Actual Rows": 402,"Actual Loops": 1,"Sort Key": ["(count(*)) DESC", "supplier.s_name"],"Sort Method": "quicksort","Sort Space Used": 56,"Sort Space Type": "Memory","Plans": [{"Node Type": "Aggregate","Strategy": "Sorted","Partial Mode": "Simple","Parent Relationship": "Outer","Parallel Aware": false,"Async Capable": false,"Startup Cost": 147378.77,"Total Cost": 147378.79,"Plan Rows": 1,"Plan Width": 34,"Actual Startup Time": 499.889,"Actual Total Time": 520.867,"Actual Rows": 402,"Actual Loops": 1,"Group Key": ["supplier.s_name"],"Plans": [{"Node Type": "Sort","Parent Relationship": "Outer","Parallel Aware": false,"Async Capable": false,"Startup Cost": 147378.77,"Total Cost": 147378.78,"Plan Rows": 1,"Plan Width": 26,"Actual Startup Time": 499.865,"Actual Total Time": 520.454,"Actual Rows": 3981,"Actual Loops": 1,"Sort Key": ["supplier.s_name"],"Sort Method": "quicksort","Sort Space Used": 376,"Sort Space Type": "Memory","Plans": [{"Node Type": "Nested Loop","Parent Relationship": "Outer","Parallel Aware": false,"Async Capable": false,"Join Type": "Inner","Startup Cost": 1250.87,"Total Cost": 147378.76,"Plan Rows": 1,"Plan Width": 26,"Actual Startup Time": 4.395,"Actual Total Time": 509.623,"Actual Rows": 3981,"Actual Loops": 1,"Inner Unique": true,"Plans": [{"Node Type": "Nested Loop","Parent Relationship": "Outer","Parallel Aware": false,"Async Capable": false,"Join Type": "Semi","Startup Cost": 1250.44,"Total Cost": 147378.26,"Plan Rows": 1,"Plan Width": 34,"Actual Startup Time": 4.360,"Actual Total Time": 449.398,"Actual Rows": 7983,"Actual Loops": 1,"Inner Unique": false,"Plans": [{"Node Type": "Gather","Parent Relationship": "Outer","Parallel Aware": false,"Async Capable": false,"Startup Cost": 1250.01,"Total Cost": 147377.22,"Plan Rows": 1,"Plan Width": 34,"Actual Startup Time": 4.200,"Actual Total Time": 345.088,"Actual Rows": 13400,"Actual Loops": 1,"Workers Planned": 4,"Workers Launched": 4,"Single Copy": false,"Plans": [{"Node Type": "Nested Loop","Parent Relationship": "Outer","Parallel Aware": false,"Async Capable": false,"Join Type": "Anti","Startup Cost": 250.01,"Total Cost": 146377.12,"Plan Rows": 1,"Plan Width": 34,"Actual Startup Time": 4.071,"Actual Total Time": 443.940,"Actual Rows": 2680,"Actual Loops": 5,"Inner Unique": false,"Workers": [],"Plans": [{"Node Type": "Hash Join","Parent Relationship": "Outer","Parallel Aware": false,"Async Capable": false,"Join Type": "Inner","Startup Cost": 249.58,"Total Cost": 133581.65,"Plan Rows": 19990,"Plan Width": 34,"Actual Startup Time": 3.886,"Actual Total Time": 354.291,"Actual Rows": 30378,"Actual Loops": 5,"Inner Unique": false,"Hash Cond": "(l1.l_suppkey = supplier.s_suppkey)","Workers": [],"Plans": [{"Node Type": "Seq Scan","Parent Relationship": "Outer","Parallel Aware": true,"Async Capable": false,"Relation Name": "lineitem","Alias": "l1","Startup Cost": 0.00,"Total Cost": 131256.80,"Plan Rows": 500101,"Plan Width": 8,"Actual Startup Time": 0.029,"Actual Total Time": 304.276,"Actual Rows": 758659,"Actual Loops": 5,"Filter": "(l_receiptdate > l_commitdate)","Rows Removed by Filter": 441584,"Workers": []},{"Node Type": "Hash","Parent Relationship": "Inner","Parallel Aware": false,"Async Capable": false,"Startup Cost": 244.58,"Total Cost": 244.58,"Plan Rows": 400,"Plan Width": 30,"Actual Startup Time": 3.550,"Actual Total Time": 3.564,"Actual Rows": 402,"Actual Loops": 5,"Hash Buckets": 1024,"Original Hash Buckets": 1024,"Hash Batches": 1,"Original Hash Batches": 1,"Peak Memory Usage": 34,"Workers": [],"Plans": [{"Node Type": "Nested Loop","Parent Relationship": "Outer","Parallel Aware": false,"Async Capable": false,"Join Type": "Inner","Startup Cost": 7.38,"Total Cost": 244.58,"Plan Rows": 400,"Plan Width": 30,"Actual Startup Time": 0.305,"Actual Total Time": 3.431,"Actual Rows": 402,"Actual Loops": 5,"Inner Unique": false,"Workers": [],"Plans": [{"Node Type": "Seq Scan","Parent Relationship": "Outer","Parallel Aware": false,"Async Capable": false,"Relation Name": "nation","Alias": "nation","Startup Cost": 0.00,"Total Cost": 1.31,"Plan Rows": 1,"Plan Width": 4,"Actual Startup Time": 0.076,"Actual Total Time": 0.081,"Actual Rows": 1,"Actual Loops": 5,"Filter": "(n_name = 'FRANCE'::bpchar)","Rows Removed by Filter": 24,"Workers": []},{"Node Type": "Bitmap Heap Scan","Parent Relationship": "Inner","Parallel Aware": false,"Async Capable": false,"Relation Name": "supplier","Alias": "supplier","Startup Cost": 7.38,"Total Cost": 239.27,"Plan Rows": 400,"Plan Width": 34,"Actual Startup Time": 0.223,"Actual Total Time": 3.284,"Actual Rows": 402,"Actual Loops": 5,"Recheck Cond": "(s_nationkey = nation.n_nationkey)","Rows Removed by Index Recheck": 0,"Exact Heap Blocks": 184,"Lossy Heap Blocks": 0,"Workers": [],"Plans": [{"Node Type": "Bitmap Index Scan","Parent Relationship": "Outer","Parallel Aware": false,"Async Capable": false,"Index Name": "idx_supplier_nation_key","Startup Cost": 0.00,"Total Cost": 7.29,"Plan Rows": 400,"Plan Width": 0,"Actual Startup Time": 0.129,"Actual Total Time": 0.130,"Actual Rows": 402,"Actual Loops": 5,"Index Cond": "(s_nationkey = nation.n_nationkey)","Workers": []}]}]}]}]},{"Node Type": "Index Scan","Parent Relationship": "Inner","Parallel Aware": false,"Async Capable": false,"Scan Direction": "Forward","Index Name": "idx_lineitem_orderkey","Relation Name": "lineitem","Alias": "l3","Startup Cost": 0.43,"Total Cost": 1.06,"Plan Rows": 6,"Plan Width": 8,"Actual Startup Time": 0.003,"Actual Total Time": 0.003,"Actual Rows": 1,"Actual Loops": 151892,"Index Cond": "(l_orderkey = l1.l_orderkey)","Rows Removed by Index Recheck": 0,"Filter": "((l_receiptdate > l_commitdate) AND (l_suppkey <> l1.l_suppkey))","Rows Removed by Filter": 1,"Workers": []}]}]},{"Node Type": "Index Scan","Parent Relationship": "Inner","Parallel Aware": false,"Async Capable": false,"Scan Direction": "Forward","Index Name": "idx_lineitem_orderkey","Relation Name": "lineitem","Alias": "l2","Startup Cost": 0.43,"Total Cost": 1.02,"Plan Rows": 17,"Plan Width": 8,"Actual Startup Time": 0.007,"Actual Total Time": 0.007,"Actual Rows": 1,"Actual Loops": 13400,"Index Cond": "(l_orderkey = l1.l_orderkey)","Rows Removed by Index Recheck": 0,"Filter": "(l_suppkey <> l1.l_suppkey)","Rows Removed by Filter": 1}]},{"Node Type": "Index Scan","Parent Relationship": "Inner","Parallel Aware": false,"Async Capable": false,"Scan Direction": "Forward","Index Name": "orders_pkey","Relation Name": "orders","Alias": "orders","Startup Cost": 0.43,"Total Cost": 0.51,"Plan Rows": 1,"Plan Width": 4,"Actual Startup Time": 0.007,"Actual Total Time": 0.007,"Actual Rows": 0,"Actual Loops": 7983,"Index Cond": "(o_orderkey = l1.l_orderkey)","Rows Removed by Index Recheck": 0,"Filter": "(o_orderstatus = 'F'::bpchar)","Rows Removed by Filter": 1}]}]}]}]},"Planning Time": 8.323,"Triggers": [],"Execution Time": 522.235}]
[{"Plan": {"Node Type": "Sort","Parallel Aware": false,"Async Capable": false,"Startup Cost": 147378.80,"Total Cost": 147378.81,"Plan Rows": 1,"Plan Width": 34,"Actual Startup Time": 484.568,"Actual Total Time": 505.980,"Actual Rows": 362,"Actual Loops": 1,"Sort Key": ["(count(*)) DESC", "supplier.s_name"],"Sort Method": "quicksort","Sort Space Used": 53,"Sort Space Type": "Memory","Plans": [{"Node Type": "Aggregate","Strategy": "Sorted","Partial Mode": "Simple","Parent Relationship": "Outer","Parallel Aware": false,"Async Capable": false,"Startup Cost": 147378.77,"Total Cost": 147378.79,"Plan Rows": 1,"Plan Width": 34,"Actual Startup Time": 483.467,"Actual Total Time": 505.326,"Actual Rows": 362,"Actual Loops": 1,"Group Key": ["supplier.s_name"],"Plans": [{"Node Type": "Sort","Parent Relationship": "Outer","Parallel Aware": false,"Async Capable": false,"Startup Cost": 147378.77,"Total Cost": 147378.78,"Plan Rows": 1,"Plan Width": 26,"Actual Startup Time": 483.448,"Actual Total Time": 504.962,"Actual Rows": 3454,"Actual Loops": 1,"Sort Key": ["supplier.s_name"],"Sort Method": "quicksort","Sort Space Used": 339,"Sort Space Type": "Memory","Plans": [{"Node Type": "Nested Loop","Parent Relationship": "Outer","Parallel Aware": false,"Async Capable": false,"Join Type": "Inner","Startup Cost": 1250.87,"Total Cost": 147378.76,"Plan Rows": 1,"Plan Width": 26,"Actual Startup Time": 4.046,"Actual Total Time": 494.960,"Actual Rows": 3454,"Actual Loops": 1,"Inner Unique": true,"Plans": [{"Node Type": "Nested Loop","Parent Relationship": "Outer","Parallel Aware": false,"Async Capable": false,"Join Type": "Semi","Startup Cost": 1250.44,"Total Cost": 147378.26,"Plan Rows": 1,"Plan Width": 34,"Actual Startup Time": 3.697,"Actual Total Time": 437.513,"Actual Rows": 7167,"Actual Loops": 1,"Inner Unique": false,"Plans": [{"Node Type": "Gather","Parent Relationship": "Outer","Parallel Aware": false,"Async Capable": false,"Startup Cost": 1250.01,"Total Cost": 147377.22,"Plan Rows": 1,"Plan Width": 34,"Actual Startup Time": 3.682,"Actual Total Time": 337.976,"Actual Rows": 12136,"Actual Loops": 1,"Workers Planned": 4,"Workers Launched": 4,"Single Copy": false,"Plans": [{"Node Type": "Nested Loop","Parent Relationship": "Outer","Parallel Aware": false,"Async Capable": false,"Join Type": "Anti","Startup Cost": 250.01,"Total Cost": 146377.12,"Plan Rows": 1,"Plan Width": 34,"Actual Startup Time": 4.367,"Actual Total Time": 431.433,"Actual Rows": 2427,"Actual Loops": 5,"Inner Unique": false,"Workers": [],"Plans": [{"Node Type": "Hash Join","Parent Relationship": "Outer","Parallel Aware": false,"Async Capable": false,"Join Type": "Inner","Startup Cost": 249.58,"Total Cost": 133581.65,"Plan Rows": 19990,"Plan Width": 34,"Actual Startup Time": 4.181,"Actual Total Time": 349.984,"Actual Rows": 27450,"Actual Loops": 5,"Inner Unique": false,"Hash Cond": "(l1.l_suppkey = supplier.s_suppkey)","Workers": [],"Plans": [{"Node Type": "Seq Scan","Parent Relationship": "Outer","Parallel Aware": true,"Async Capable": false,"Relation Name": "lineitem","Alias": "l1","Startup Cost": 0.00,"Total Cost": 131256.80,"Plan Rows": 500101,"Plan Width": 8,"Actual Startup Time": 0.027,"Actual Total Time": 299.399,"Actual Rows": 758659,"Actual Loops": 5,"Filter": "(l_receiptdate > l_commitdate)","Rows Removed by Filter": 441584,"Workers": []},{"Node Type": "Hash","Parent Relationship": "Inner","Parallel Aware": false,"Async Capable": false,"Startup Cost": 244.58,"Total Cost": 244.58,"Plan Rows": 400,"Plan Width": 30,"Actual Startup Time": 3.849,"Actual Total Time": 3.862,"Actual Rows": 362,"Actual Loops": 5,"Hash Buckets": 1024,"Original Hash Buckets": 1024,"Hash Batches": 1,"Original Hash Batches": 1,"Peak Memory Usage": 31,"Workers": [],"Plans": [{"Node Type": "Nested Loop","Parent Relationship": "Outer","Parallel Aware": false,"Async Capable": false,"Join Type": "Inner","Startup Cost": 7.38,"Total Cost": 244.58,"Plan Rows": 400,"Plan Width": 30,"Actual Startup Time": 0.339,"Actual Total Time": 3.727,"Actual Rows": 362,"Actual Loops": 5,"Inner Unique": false,"Workers": [],"Plans": [{"Node Type": "Seq Scan","Parent Relationship": "Outer","Parallel Aware": false,"Async Capable": false,"Relation Name": "nation","Alias": "nation","Startup Cost": 0.00,"Total Cost": 1.31,"Plan Rows": 1,"Plan Width": 4,"Actual Startup Time": 0.061,"Actual Total Time": 0.064,"Actual Rows": 1,"Actual Loops": 5,"Filter": "(n_name = 'JORDAN'::bpchar)","Rows Removed by Filter": 24,"Workers": []},{"Node Type": "Bitmap Heap Scan","Parent Relationship": "Inner","Parallel Aware": false,"Async Capable": false,"Relation Name": "supplier","Alias": "supplier","Startup Cost": 7.38,"Total Cost": 239.27,"Plan Rows": 400,"Plan Width": 34,"Actual Startup Time": 0.272,"Actual Total Time": 3.601,"Actual Rows": 362,"Actual Loops": 5,"Recheck Cond": "(s_nationkey = nation.n_nationkey)","Rows Removed by Index Recheck": 0,"Exact Heap Blocks": 166,"Lossy Heap Blocks": 0,"Workers": [],"Plans": [{"Node Type": "Bitmap Index Scan","Parent Relationship": "Outer","Parallel Aware": false,"Async Capable": false,"Index Name": "idx_supplier_nation_key","Startup Cost": 0.00,"Total Cost": 7.29,"Plan Rows": 400,"Plan Width": 0,"Actual Startup Time": 0.176,"Actual Total Time": 0.178,"Actual Rows": 362,"Actual Loops": 5,"Index Cond": "(s_nationkey = nation.n_nationkey)","Workers": []}]}]}]}]},{"Node Type": "Index Scan","Parent Relationship": "Inner","Parallel Aware": false,"Async Capable": false,"Scan Direction": "Forward","Index Name": "idx_lineitem_orderkey","Relation Name": "lineitem","Alias": "l3","Startup Cost": 0.43,"Total Cost": 1.06,"Plan Rows": 6,"Plan Width": 8,"Actual Startup Time": 0.003,"Actual Total Time": 0.003,"Actual Rows": 1,"Actual Loops": 137252,"Index Cond": "(l_orderkey = l1.l_orderkey)","Rows Removed by Index Recheck": 0,"Filter": "((l_receiptdate > l_commitdate) AND (l_suppkey <> l1.l_suppkey))","Rows Removed by Filter": 1,"Workers": []}]}]},{"Node Type": "Index Scan","Parent Relationship": "Inner","Parallel Aware": false,"Async Capable": false,"Scan Direction": "Forward","Index Name": "idx_lineitem_orderkey","Relation Name": "lineitem","Alias": "l2","Startup Cost": 0.43,"Total Cost": 1.02,"Plan Rows": 17,"Plan Width": 8,"Actual Startup Time": 0.008,"Actual Total Time": 0.008,"Actual Rows": 1,"Actual Loops": 12136,"Index Cond": "(l_orderkey = l1.l_orderkey)","Rows Removed by Index Recheck": 0,"Filter": "(l_suppkey <> l1.l_suppkey)","Rows Removed by Filter": 1}]},{"Node Type": "Index Scan","Parent Relationship": "Inner","Parallel Aware": false,"Async Capable": false,"Scan Direction": "Forward","Index Name": "orders_pkey","Relation Name": "orders","Alias": "orders","Startup Cost": 0.43,"Total Cost": 0.51,"Plan Rows": 1,"Plan Width": 4,"Actual Startup Time": 0.008,"Actual Total Time": 0.008,"Actual Rows": 0,"Actual Loops": 7167,"Index Cond": "(o_orderkey = l1.l_orderkey)","Rows Removed by Index Recheck": 0,"Filter": "(o_orderstatus = 'F'::bpchar)","Rows Removed by Filter": 1}]}]}]}]},"Planning Time": 8.148,"Triggers": [],"Execution Time": 506.532}]
[{"Plan": {"Node Type": "Sort","Parallel Aware": false,"Async Capable": false,"Startup Cost": 147378.80,"Total Cost": 147378.81,"Plan Rows": 1,"Plan Width": 34,"Actual Startup Time": 504.512,"Actual Total Time": 521.552,"Actual Rows": 413,"Actual Loops": 1,"Sort Key": ["(count(*)) DESC", "supplier.s_name"],"Sort Method": "quicksort","Sort Space Used": 57,"Sort Space Type": "Memory","Plans": [{"Node Type": "Aggregate","Strategy": "Sorted","Partial Mode": "Simple","Parent Relationship": "Outer","Parallel Aware": false,"Async Capable": false,"Startup Cost": 147378.77,"Total Cost": 147378.79,"Plan Rows": 1,"Plan Width": 34,"Actual Startup Time": 503.286,"Actual Total Time": 520.862,"Actual Rows": 413,"Actual Loops": 1,"Group Key": ["supplier.s_name"],"Plans": [{"Node Type": "Sort","Parent Relationship": "Outer","Parallel Aware": false,"Async Capable": false,"Startup Cost": 147378.77,"Total Cost": 147378.78,"Plan Rows": 1,"Plan Width": 26,"Actual Startup Time": 503.265,"Actual Total Time": 520.434,"Actual Rows": 4164,"Actual Loops": 1,"Sort Key": ["supplier.s_name"],"Sort Method": "quicksort","Sort Space Used": 485,"Sort Space Type": "Memory","Plans": [{"Node Type": "Nested Loop","Parent Relationship": "Outer","Parallel Aware": false,"Async Capable": false,"Join Type": "Inner","Startup Cost": 1250.87,"Total Cost": 147378.76,"Plan Rows": 1,"Plan Width": 26,"Actual Startup Time": 4.247,"Actual Total Time": 508.248,"Actual Rows": 4164,"Actual Loops": 1,"Inner Unique": true,"Plans": [{"Node Type": "Nested Loop","Parent Relationship": "Outer","Parallel Aware": false,"Async Capable": false,"Join Type": "Semi","Startup Cost": 1250.44,"Total Cost": 147378.26,"Plan Rows": 1,"Plan Width": 34,"Actual Startup Time": 4.214,"Actual Total Time": 442.064,"Actual Rows": 8468,"Actual Loops": 1,"Inner Unique": false,"Plans": [{"Node Type": "Gather","Parent Relationship": "Outer","Parallel Aware": false,"Async Capable": false,"Startup Cost": 1250.01,"Total Cost": 147377.22,"Plan Rows": 1,"Plan Width": 34,"Actual Startup Time": 4.200,"Actual Total Time": 330.934,"Actual Rows": 14141,"Actual Loops": 1,"Workers Planned": 4,"Workers Launched": 4,"Single Copy": false,"Plans": [{"Node Type": "Nested Loop","Parent Relationship": "Outer","Parallel Aware": false,"Async Capable": false,"Join Type": "Anti","Startup Cost": 250.01,"Total Cost": 146377.12,"Plan Rows": 1,"Plan Width": 34,"Actual Startup Time": 5.165,"Actual Total Time": 443.283,"Actual Rows": 2828,"Actual Loops": 5,"Inner Unique": false,"Workers": [],"Plans": [{"Node Type": "Hash Join","Parent Relationship": "Outer","Parallel Aware": false,"Async Capable": false,"Join Type": "Inner","Startup Cost": 249.58,"Total Cost": 133581.65,"Plan Rows": 19990,"Plan Width": 34,"Actual Startup Time": 5.033,"Actual Total Time": 352.494,"Actual Rows": 31380,"Actual Loops": 5,"Inner Unique": false,"Hash Cond": "(l1.l_suppkey = supplier.s_suppkey)","Workers": [],"Plans": [{"Node Type": "Seq Scan","Parent Relationship": "Outer","Parallel Aware": true,"Async Capable": false,"Relation Name": "lineitem","Alias": "l1","Startup Cost": 0.00,"Total Cost": 131256.80,"Plan Rows": 500101,"Plan Width": 8,"Actual Startup Time": 0.028,"Actual Total Time": 299.882,"Actual Rows": 758659,"Actual Loops": 5,"Filter": "(l_receiptdate > l_commitdate)","Rows Removed by Filter": 441584,"Workers": []},{"Node Type": "Hash","Parent Relationship": "Inner","Parallel Aware": false,"Async Capable": false,"Startup Cost": 244.58,"Total Cost": 244.58,"Plan Rows": 400,"Plan Width": 30,"Actual Startup Time": 4.656,"Actual Total Time": 4.665,"Actual Rows": 413,"Actual Loops": 5,"Hash Buckets": 1024,"Original Hash Buckets": 1024,"Hash Batches": 1,"Original Hash Batches": 1,"Peak Memory Usage": 34,"Workers": [],"Plans": [{"Node Type": "Nested Loop","Parent Relationship": "Outer","Parallel Aware": false,"Async Capable": false,"Join Type": "Inner","Startup Cost": 7.38,"Total Cost": 244.58,"Plan Rows": 400,"Plan Width": 30,"Actual Startup Time": 0.318,"Actual Total Time": 4.505,"Actual Rows": 413,"Actual Loops": 5,"Inner Unique": false,"Workers": [],"Plans": [{"Node Type": "Seq Scan","Parent Relationship": "Outer","Parallel Aware": false,"Async Capable": false,"Relation Name": "nation","Alias": "nation","Startup Cost": 0.00,"Total Cost": 1.31,"Plan Rows": 1,"Plan Width": 4,"Actual Startup Time": 0.066,"Actual Total Time": 0.071,"Actual Rows": 1,"Actual Loops": 5,"Filter": "(n_name = 'ARGENTINA'::bpchar)","Rows Removed by Filter": 24,"Workers": []},{"Node Type": "Bitmap Heap Scan","Parent Relationship": "Inner","Parallel Aware": false,"Async Capable": false,"Relation Name": "supplier","Alias": "supplier","Startup Cost": 7.38,"Total Cost": 239.27,"Plan Rows": 400,"Plan Width": 34,"Actual Startup Time": 0.247,"Actual Total Time": 4.358,"Actual Rows": 413,"Actual Loops": 5,"Recheck Cond": "(s_nationkey = nation.n_nationkey)","Rows Removed by Index Recheck": 0,"Exact Heap Blocks": 190,"Lossy Heap Blocks": 0,"Workers": [],"Plans": [{"Node Type": "Bitmap Index Scan","Parent Relationship": "Outer","Parallel Aware": false,"Async Capable": false,"Index Name": "idx_supplier_nation_key","Startup Cost": 0.00,"Total Cost": 7.29,"Plan Rows": 400,"Plan Width": 0,"Actual Startup Time": 0.157,"Actual Total Time": 0.158,"Actual Rows": 413,"Actual Loops": 5,"Index Cond": "(s_nationkey = nation.n_nationkey)","Workers": []}]}]}]}]},{"Node Type": "Index Scan","Parent Relationship": "Inner","Parallel Aware": false,"Async Capable": false,"Scan Direction": "Forward","Index Name": "idx_lineitem_orderkey","Relation Name": "lineitem","Alias": "l3","Startup Cost": 0.43,"Total Cost": 1.06,"Plan Rows": 6,"Plan Width": 8,"Actual Startup Time": 0.003,"Actual Total Time": 0.003,"Actual Rows": 1,"Actual Loops": 156898,"Index Cond": "(l_orderkey = l1.l_orderkey)","Rows Removed by Index Recheck": 0,"Filter": "((l_receiptdate > l_commitdate) AND (l_suppkey <> l1.l_suppkey))","Rows Removed by Filter": 1,"Workers": []}]}]},{"Node Type": "Index Scan","Parent Relationship": "Inner","Parallel Aware": false,"Async Capable": false,"Scan Direction": "Forward","Index Name": "idx_lineitem_orderkey","Relation Name": "lineitem","Alias": "l2","Startup Cost": 0.43,"Total Cost": 1.02,"Plan Rows": 17,"Plan Width": 8,"Actual Startup Time": 0.007,"Actual Total Time": 0.007,"Actual Rows": 1,"Actual Loops": 14141,"Index Cond": "(l_orderkey = l1.l_orderkey)","Rows Removed by Index Recheck": 0,"Filter": "(l_suppkey <> l1.l_suppkey)","Rows Removed by Filter": 1}]},{"Node Type": "Index Scan","Parent Relationship": "Inner","Parallel Aware": false,"Async Capable": false,"Scan Direction": "Forward","Index Name": "orders_pkey","Relation Name": "orders","Alias": "orders","Startup Cost": 0.43,"Total Cost": 0.51,"Plan Rows": 1,"Plan Width": 4,"Actual Startup Time": 0.008,"Actual Total Time": 0.008,"Actual Rows": 0,"Actual Loops": 8468,"Index Cond": "(o_orderkey = l1.l_orderkey)","Rows Removed by Index Recheck": 0,"Filter": "(o_orderstatus = 'F'::bpchar)","Rows Removed by Filter": 1}]}]}]}]},"Planning Time": 8.601,"Triggers": [],"Execution Time": 522.197}]
[{"Plan": {"Node Type": "Sort","Parallel Aware": false,"Async Capable": false,"Startup Cost": 147378.80,"Total Cost": 147378.81,"Plan Rows": 1,"Plan Width": 34,"Actual Startup Time": 505.815,"Actual Total Time": 525.309,"Actual Rows": 390,"Actual Loops": 1,"Sort Key": ["(count(*)) DESC", "supplier.s_name"],"Sort Method": "quicksort","Sort Space Used": 55,"Sort Space Type": "Memory","Plans": [{"Node Type": "Aggregate","Strategy": "Sorted","Partial Mode": "Simple","Parent Relationship": "Outer","Parallel Aware": false,"Async Capable": false,"Startup Cost": 147378.77,"Total Cost": 147378.79,"Plan Rows": 1,"Plan Width": 34,"Actual Startup Time": 504.634,"Actual Total Time": 524.620,"Actual Rows": 390,"Actual Loops": 1,"Group Key": ["supplier.s_name"],"Plans": [{"Node Type": "Sort","Parent Relationship": "Outer","Parallel Aware": false,"Async Capable": false,"Startup Cost": 147378.77,"Total Cost": 147378.78,"Plan Rows": 1,"Plan Width": 26,"Actual Startup Time": 504.612,"Actual Total Time": 524.224,"Actual Rows": 3844,"Actual Loops": 1,"Sort Key": ["supplier.s_name"],"Sort Method": "quicksort","Sort Space Used": 367,"Sort Space Type": "Memory","Plans": [{"Node Type": "Nested Loop","Parent Relationship": "Outer","Parallel Aware": false,"Async Capable": false,"Join Type": "Inner","Startup Cost": 1250.87,"Total Cost": 147378.76,"Plan Rows": 1,"Plan Width": 26,"Actual Startup Time": 4.787,"Actual Total Time": 512.994,"Actual Rows": 3844,"Actual Loops": 1,"Inner Unique": true,"Plans": [{"Node Type": "Nested Loop","Parent Relationship": "Outer","Parallel Aware": false,"Async Capable": false,"Join Type": "Semi","Startup Cost": 1250.44,"Total Cost": 147378.26,"Plan Rows": 1,"Plan Width": 34,"Actual Startup Time": 4.747,"Actual Total Time": 447.855,"Actual Rows": 7892,"Actual Loops": 1,"Inner Unique": false,"Plans": [{"Node Type": "Gather","Parent Relationship": "Outer","Parallel Aware": false,"Async Capable": false,"Startup Cost": 1250.01,"Total Cost": 147377.22,"Plan Rows": 1,"Plan Width": 34,"Actual Startup Time": 4.560,"Actual Total Time": 339.834,"Actual Rows": 13152,"Actual Loops": 1,"Workers Planned": 4,"Workers Launched": 4,"Single Copy": false,"Plans": [{"Node Type": "Nested Loop","Parent Relationship": "Outer","Parallel Aware": false,"Async Capable": false,"Join Type": "Anti","Startup Cost": 250.01,"Total Cost": 146377.12,"Plan Rows": 1,"Plan Width": 34,"Actual Startup Time": 5.683,"Actual Total Time": 445.299,"Actual Rows": 2630,"Actual Loops": 5,"Inner Unique": false,"Workers": [],"Plans": [{"Node Type": "Hash Join","Parent Relationship": "Outer","Parallel Aware": false,"Async Capable": false,"Join Type": "Inner","Startup Cost": 249.58,"Total Cost": 133581.65,"Plan Rows": 19990,"Plan Width": 34,"Actual Startup Time": 5.525,"Actual Total Time": 357.256,"Actual Rows": 29502,"Actual Loops": 5,"Inner Unique": false,"Hash Cond": "(l1.l_suppkey = supplier.s_suppkey)","Workers": [],"Plans": [{"Node Type": "Seq Scan","Parent Relationship": "Outer","Parallel Aware": true,"Async Capable": false,"Relation Name": "lineitem","Alias": "l1","Startup Cost": 0.00,"Total Cost": 131256.80,"Plan Rows": 500101,"Plan Width": 8,"Actual Startup Time": 0.033,"Actual Total Time": 305.756,"Actual Rows": 758659,"Actual Loops": 5,"Filter": "(l_receiptdate > l_commitdate)","Rows Removed by Filter": 441584,"Workers": []},{"Node Type": "Hash","Parent Relationship": "Inner","Parallel Aware": false,"Async Capable": false,"Startup Cost": 244.58,"Total Cost": 244.58,"Plan Rows": 400,"Plan Width": 30,"Actual Startup Time": 5.155,"Actual Total Time": 5.167,"Actual Rows": 390,"Actual Loops": 5,"Hash Buckets": 1024,"Original Hash Buckets": 1024,"Hash Batches": 1,"Original Hash Batches": 1,"Peak Memory Usage": 33,"Workers": [],"Plans": [{"Node Type": "Nested Loop","Parent Relationship": "Outer","Parallel Aware": false,"Async Capable": false,"Join Type": "Inner","Startup Cost": 7.38,"Total Cost": 244.58,"Plan Rows": 400,"Plan Width": 30,"Actual Startup Time": 0.295,"Actual Total Time": 4.960,"Actual Rows": 390,"Actual Loops": 5,"Inner Unique": false,"Workers": [],"Plans": [{"Node Type": "Seq Scan","Parent Relationship": "Outer","Parallel Aware": false,"Async Capable": false,"Relation Name": "nation","Alias": "nation","Startup Cost": 0.00,"Total Cost": 1.31,"Plan Rows": 1,"Plan Width": 4,"Actual Startup Time": 0.065,"Actual Total Time": 0.070,"Actual Rows": 1,"Actual Loops": 5,"Filter": "(n_name = 'UNITED KINGDOM'::bpchar)","Rows Removed by Filter": 24,"Workers": []},{"Node Type": "Bitmap Heap Scan","Parent Relationship": "Inner","Parallel Aware": false,"Async Capable": false,"Relation Name": "supplier","Alias": "supplier","Startup Cost": 7.38,"Total Cost": 239.27,"Plan Rows": 400,"Plan Width": 34,"Actual Startup Time": 0.224,"Actual Total Time": 4.798,"Actual Rows": 390,"Actual Loops": 5,"Recheck Cond": "(s_nationkey = nation.n_nationkey)","Rows Removed by Index Recheck": 0,"Exact Heap Blocks": 190,"Lossy Heap Blocks": 0,"Workers": [],"Plans": [{"Node Type": "Bitmap Index Scan","Parent Relationship": "Outer","Parallel Aware": false,"Async Capable": false,"Index Name": "idx_supplier_nation_key","Startup Cost": 0.00,"Total Cost": 7.29,"Plan Rows": 400,"Plan Width": 0,"Actual Startup Time": 0.138,"Actual Total Time": 0.139,"Actual Rows": 390,"Actual Loops": 5,"Index Cond": "(s_nationkey = nation.n_nationkey)","Workers": []}]}]}]}]},{"Node Type": "Index Scan","Parent Relationship": "Inner","Parallel Aware": false,"Async Capable": false,"Scan Direction": "Forward","Index Name": "idx_lineitem_orderkey","Relation Name": "lineitem","Alias": "l3","Startup Cost": 0.43,"Total Cost": 1.06,"Plan Rows": 6,"Plan Width": 8,"Actual Startup Time": 0.003,"Actual Total Time": 0.003,"Actual Rows": 1,"Actual Loops": 147510,"Index Cond": "(l_orderkey = l1.l_orderkey)","Rows Removed by Index Recheck": 0,"Filter": "((l_receiptdate > l_commitdate) AND (l_suppkey <> l1.l_suppkey))","Rows Removed by Filter": 1,"Workers": []}]}]},{"Node Type": "Index Scan","Parent Relationship": "Inner","Parallel Aware": false,"Async Capable": false,"Scan Direction": "Forward","Index Name": "idx_lineitem_orderkey","Relation Name": "lineitem","Alias": "l2","Startup Cost": 0.43,"Total Cost": 1.02,"Plan Rows": 17,"Plan Width": 8,"Actual Startup Time": 0.008,"Actual Total Time": 0.008,"Actual Rows": 1,"Actual Loops": 13152,"Index Cond": "(l_orderkey = l1.l_orderkey)","Rows Removed by Index Recheck": 0,"Filter": "(l_suppkey <> l1.l_suppkey)","Rows Removed by Filter": 1}]},{"Node Type": "Index Scan","Parent Relationship": "Inner","Parallel Aware": false,"Async Capable": false,"Scan Direction": "Forward","Index Name": "orders_pkey","Relation Name": "orders","Alias": "orders","Startup Cost": 0.43,"Total Cost": 0.51,"Plan Rows": 1,"Plan Width": 4,"Actual Startup Time": 0.008,"Actual Total Time": 0.008,"Actual Rows": 0,"Actual Loops": 7892,"Index Cond": "(o_orderkey = l1.l_orderkey)","Rows Removed by Index Recheck": 0,"Filter": "(o_orderstatus = 'F'::bpchar)","Rows Removed by Filter": 1}]}]}]}]},"Planning Time": 10.043,"Triggers": [],"Execution Time": 525.836}]
[{"Plan": {"Node Type": "Sort","Parallel Aware": false,"Async Capable": false,"Startup Cost": 147378.80,"Total Cost": 147378.81,"Plan Rows": 1,"Plan Width": 34,"Actual Startup Time": 507.691,"Actual Total Time": 527.119,"Actual Rows": 411,"Actual Loops": 1,"Sort Key": ["(count(*)) DESC", "supplier.s_name"],"Sort Method": "quicksort","Sort Space Used": 57,"Sort Space Type": "Memory","Plans": [{"Node Type": "Aggregate","Strategy": "Sorted","Partial Mode": "Simple","Parent Relationship": "Outer","Parallel Aware": false,"Async Capable": false,"Startup Cost": 147378.77,"Total Cost": 147378.79,"Plan Rows": 1,"Plan Width": 34,"Actual Startup Time": 506.441,"Actual Total Time": 526.395,"Actual Rows": 411,"Actual Loops": 1,"Group Key": ["supplier.s_name"],"Plans": [{"Node Type": "Sort","Parent Relationship": "Outer","Parallel Aware": false,"Async Capable": false,"Startup Cost": 147378.77,"Total Cost": 147378.78,"Plan Rows": 1,"Plan Width": 26,"Actual Startup Time": 506.413,"Actual Total Time": 525.969,"Actual Rows": 4141,"Actual Loops": 1,"Sort Key": ["supplier.s_name"],"Sort Method": "quicksort","Sort Space Used": 484,"Sort Space Type": "Memory","Plans": [{"Node Type": "Nested Loop","Parent Relationship": "Outer","Parallel Aware": false,"Async Capable": false,"Join Type": "Inner","Startup Cost": 1250.87,"Total Cost": 147378.76,"Plan Rows": 1,"Plan Width": 26,"Actual Startup Time": 4.973,"Actual Total Time": 514.878,"Actual Rows": 4141,"Actual Loops": 1,"Inner Unique": true,"Plans": [{"Node Type": "Nested Loop","Parent Relationship": "Outer","Parallel Aware": false,"Async Capable": false,"Join Type": "Semi","Startup Cost": 1250.44,"Total Cost": 147378.26,"Plan Rows": 1,"Plan Width": 34,"Actual Startup Time": 4.329,"Actual Total Time": 453.804,"Actual Rows": 8357,"Actual Loops": 1,"Inner Unique": false,"Plans": [{"Node Type": "Gather","Parent Relationship": "Outer","Parallel Aware": false,"Async Capable": false,"Startup Cost": 1250.01,"Total Cost": 147377.22,"Plan Rows": 1,"Plan Width": 34,"Actual Startup Time": 4.312,"Actual Total Time": 350.336,"Actual Rows": 13859,"Actual Loops": 1,"Workers Planned": 4,"Workers Launched": 4,"Single Copy": false,"Plans": [{"Node Type": "Nested Loop","Parent Relationship": "Outer","Parallel Aware": false,"Async Capable": false,"Join Type": "Anti","Startup Cost": 250.01,"Total Cost": 146377.12,"Plan Rows": 1,"Plan Width": 34,"Actual Startup Time": 4.818,"Actual Total Time": 450.256,"Actual Rows": 2772,"Actual Loops": 5,"Inner Unique": false,"Workers": [],"Plans": [{"Node Type": "Hash Join","Parent Relationship": "Outer","Parallel Aware": false,"Async Capable": false,"Join Type": "Inner","Startup Cost": 249.58,"Total Cost": 133581.65,"Plan Rows": 19990,"Plan Width": 34,"Actual Startup Time": 4.474,"Actual Total Time": 357.672,"Actual Rows": 31348,"Actual Loops": 5,"Inner Unique": false,"Hash Cond": "(l1.l_suppkey = supplier.s_suppkey)","Workers": [],"Plans": [{"Node Type": "Seq Scan","Parent Relationship": "Outer","Parallel Aware": true,"Async Capable": false,"Relation Name": "lineitem","Alias": "l1","Startup Cost": 0.00,"Total Cost": 131256.80,"Plan Rows": 500101,"Plan Width": 8,"Actual Startup Time": 0.028,"Actual Total Time": 306.873,"Actual Rows": 758659,"Actual Loops": 5,"Filter": "(l_receiptdate > l_commitdate)","Rows Removed by Filter": 441584,"Workers": []},{"Node Type": "Hash","Parent Relationship": "Inner","Parallel Aware": false,"Async Capable": false,"Startup Cost": 244.58,"Total Cost": 244.58,"Plan Rows": 400,"Plan Width": 30,"Actual Startup Time": 4.175,"Actual Total Time": 4.188,"Actual Rows": 411,"Actual Loops": 5,"Hash Buckets": 1024,"Original Hash Buckets": 1024,"Hash Batches": 1,"Original Hash Batches": 1,"Peak Memory Usage": 34,"Workers": [],"Plans": [{"Node Type": "Nested Loop","Parent Relationship": "Outer","Parallel Aware": false,"Async Capable": false,"Join Type": "Inner","Startup Cost": 7.38,"Total Cost": 244.58,"Plan Rows": 400,"Plan Width": 30,"Actual Startup Time": 0.256,"Actual Total Time": 4.027,"Actual Rows": 411,"Actual Loops": 5,"Inner Unique": false,"Workers": [],"Plans": [{"Node Type": "Seq Scan","Parent Relationship": "Outer","Parallel Aware": false,"Async Capable": false,"Relation Name": "nation","Alias": "nation","Startup Cost": 0.00,"Total Cost": 1.31,"Plan Rows": 1,"Plan Width": 4,"Actual Startup Time": 0.047,"Actual Total Time": 0.051,"Actual Rows": 1,"Actual Loops": 5,"Filter": "(n_name = 'SAUDI ARABIA'::bpchar)","Rows Removed by Filter": 24,"Workers": []},{"Node Type": "Bitmap Heap Scan","Parent Relationship": "Inner","Parallel Aware": false,"Async Capable": false,"Relation Name": "supplier","Alias": "supplier","Startup Cost": 7.38,"Total Cost": 239.27,"Plan Rows": 400,"Plan Width": 34,"Actual Startup Time": 0.204,"Actual Total Time": 3.890,"Actual Rows": 411,"Actual Loops": 5,"Recheck Cond": "(s_nationkey = nation.n_nationkey)","Rows Removed by Index Recheck": 0,"Exact Heap Blocks": 182,"Lossy Heap Blocks": 0,"Workers": [],"Plans": [{"Node Type": "Bitmap Index Scan","Parent Relationship": "Outer","Parallel Aware": false,"Async Capable": false,"Index Name": "idx_supplier_nation_key","Startup Cost": 0.00,"Total Cost": 7.29,"Plan Rows": 400,"Plan Width": 0,"Actual Startup Time": 0.143,"Actual Total Time": 0.145,"Actual Rows": 411,"Actual Loops": 5,"Index Cond": "(s_nationkey = nation.n_nationkey)","Workers": []}]}]}]}]},{"Node Type": "Index Scan","Parent Relationship": "Inner","Parallel Aware": false,"Async Capable": false,"Scan Direction": "Forward","Index Name": "idx_lineitem_orderkey","Relation Name": "lineitem","Alias": "l3","Startup Cost": 0.43,"Total Cost": 1.06,"Plan Rows": 6,"Plan Width": 8,"Actual Startup Time": 0.003,"Actual Total Time": 0.003,"Actual Rows": 1,"Actual Loops": 156739,"Index Cond": "(l_orderkey = l1.l_orderkey)","Rows Removed by Index Recheck": 0,"Filter": "((l_receiptdate > l_commitdate) AND (l_suppkey <> l1.l_suppkey))","Rows Removed by Filter": 1,"Workers": []}]}]},{"Node Type": "Index Scan","Parent Relationship": "Inner","Parallel Aware": false,"Async Capable": false,"Scan Direction": "Forward","Index Name": "idx_lineitem_orderkey","Relation Name": "lineitem","Alias": "l2","Startup Cost": 0.43,"Total Cost": 1.02,"Plan Rows": 17,"Plan Width": 8,"Actual Startup Time": 0.007,"Actual Total Time": 0.007,"Actual Rows": 1,"Actual Loops": 13859,"Index Cond": "(l_orderkey = l1.l_orderkey)","Rows Removed by Index Recheck": 0,"Filter": "(l_suppkey <> l1.l_suppkey)","Rows Removed by Filter": 1}]},{"Node Type": "Index Scan","Parent Relationship": "Inner","Parallel Aware": false,"Async Capable": false,"Scan Direction": "Forward","Index Name": "orders_pkey","Relation Name": "orders","Alias": "orders","Startup Cost": 0.43,"Total Cost": 0.51,"Plan Rows": 1,"Plan Width": 4,"Actual Startup Time": 0.007,"Actual Total Time": 0.007,"Actual Rows": 0,"Actual Loops": 8357,"Index Cond": "(o_orderkey = l1.l_orderkey)","Rows Removed by Index Recheck": 0,"Filter": "(o_orderstatus = 'F'::bpchar)","Rows Removed by Filter": 1}]}]}]}]},"Planning Time": 9.483,"Triggers": [],"Execution Time": 527.804}]
[{"Plan": {"Node Type": "Sort","Parallel Aware": false,"Async Capable": false,"Startup Cost": 147378.80,"Total Cost": 147378.81,"Plan Rows": 1,"Plan Width": 34,"Actual Startup Time": 491.039,"Actual Total Time": 509.746,"Actual Rows": 373,"Actual Loops": 1,"Sort Key": ["(count(*)) DESC", "supplier.s_name"],"Sort Method": "quicksort","Sort Space Used": 54,"Sort Space Type": "Memory","Plans": [{"Node Type": "Aggregate","Strategy": "Sorted","Partial Mode": "Simple","Parent Relationship": "Outer","Parallel Aware": false,"Async Capable": false,"Startup Cost": 147378.77,"Total Cost": 147378.79,"Plan Rows": 1,"Plan Width": 34,"Actual Startup Time": 489.852,"Actual Total Time": 509.039,"Actual Rows": 373,"Actual Loops": 1,"Group Key": ["supplier.s_name"],"Plans": [{"Node Type": "Sort","Parent Relationship": "Outer","Parallel Aware": false,"Async Capable": false,"Startup Cost": 147378.77,"Total Cost": 147378.78,"Plan Rows": 1,"Plan Width": 26,"Actual Startup Time": 489.818,"Actual Total Time": 508.641,"Actual Rows": 3775,"Actual Loops": 1,"Sort Key": ["supplier.s_name"],"Sort Method": "quicksort","Sort Space Used": 362,"Sort Space Type": "Memory","Plans": [{"Node Type": "Nested Loop","Parent Relationship": "Outer","Parallel Aware": false,"Async Capable": false,"Join Type": "Inner","Startup Cost": 1250.87,"Total Cost": 147378.76,"Plan Rows": 1,"Plan Width": 26,"Actual Startup Time": 4.604,"Actual Total Time": 497.627,"Actual Rows": 3775,"Actual Loops": 1,"Inner Unique": true,"Plans": [{"Node Type": "Nested Loop","Parent Relationship": "Outer","Parallel Aware": false,"Async Capable": false,"Join Type": "Semi","Startup Cost": 1250.44,"Total Cost": 147378.26,"Plan Rows": 1,"Plan Width": 34,"Actual Startup Time": 4.579,"Actual Total Time": 434.821,"Actual Rows": 7601,"Actual Loops": 1,"Inner Unique": false,"Plans": [{"Node Type": "Gather","Parent Relationship": "Outer","Parallel Aware": false,"Async Capable": false,"Startup Cost": 1250.01,"Total Cost": 147377.22,"Plan Rows": 1,"Plan Width": 34,"Actual Startup Time": 4.564,"Actual Total Time": 332.092,"Actual Rows": 12602,"Actual Loops": 1,"Workers Planned": 4,"Workers Launched": 4,"Single Copy": false,"Plans": [{"Node Type": "Nested Loop","Parent Relationship": "Outer","Parallel Aware": false,"Async Capable": false,"Join Type": "Anti","Startup Cost": 250.01,"Total Cost": 146377.12,"Plan Rows": 1,"Plan Width": 34,"Actual Startup Time": 4.313,"Actual Total Time": 433.903,"Actual Rows": 2520,"Actual Loops": 5,"Inner Unique": false,"Workers": [],"Plans": [{"Node Type": "Hash Join","Parent Relationship": "Outer","Parallel Aware": false,"Async Capable": false,"Join Type": "Inner","Startup Cost": 249.58,"Total Cost": 133581.65,"Plan Rows": 19990,"Plan Width": 34,"Actual Startup Time": 3.915,"Actual Total Time": 349.840,"Actual Rows": 28289,"Actual Loops": 5,"Inner Unique": false,"Hash Cond": "(l1.l_suppkey = supplier.s_suppkey)","Workers": [],"Plans": [{"Node Type": "Seq Scan","Parent Relationship": "Outer","Parallel Aware": true,"Async Capable": false,"Relation Name": "lineitem","Alias": "l1","Startup Cost": 0.00,"Total Cost": 131256.80,"Plan Rows": 500101,"Plan Width": 8,"Actual Startup Time": 0.025,"Actual Total Time": 300.593,"Actual Rows": 758659,"Actual Loops": 5,"Filter": "(l_receiptdate > l_commitdate)","Rows Removed by Filter": 441584,"Workers": []},{"Node Type": "Hash","Parent Relationship": "Inner","Parallel Aware": false,"Async Capable": false,"Startup Cost": 244.58,"Total Cost": 244.58,"Plan Rows": 400,"Plan Width": 30,"Actual Startup Time": 3.661,"Actual Total Time": 3.675,"Actual Rows": 373,"Actual Loops": 5,"Hash Buckets": 1024,"Original Hash Buckets": 1024,"Hash Batches": 1,"Original Hash Batches": 1,"Peak Memory Usage": 32,"Workers": [],"Plans": [{"Node Type": "Nested Loop","Parent Relationship": "Outer","Parallel Aware": false,"Async Capable": false,"Join Type": "Inner","Startup Cost": 7.38,"Total Cost": 244.58,"Plan Rows": 400,"Plan Width": 30,"Actual Startup Time": 0.231,"Actual Total Time": 3.539,"Actual Rows": 373,"Actual Loops": 5,"Inner Unique": false,"Workers": [],"Plans": [{"Node Type": "Seq Scan","Parent Relationship": "Outer","Parallel Aware": false,"Async Capable": false,"Relation Name": "nation","Alias": "nation","Startup Cost": 0.00,"Total Cost": 1.31,"Plan Rows": 1,"Plan Width": 4,"Actual Startup Time": 0.052,"Actual Total Time": 0.058,"Actual Rows": 1,"Actual Loops": 5,"Filter": "(n_name = 'MOROCCO'::bpchar)","Rows Removed by Filter": 24,"Workers": []},{"Node Type": "Bitmap Heap Scan","Parent Relationship": "Inner","Parallel Aware": false,"Async Capable": false,"Relation Name": "supplier","Alias": "supplier","Startup Cost": 7.38,"Total Cost": 239.27,"Plan Rows": 400,"Plan Width": 34,"Actual Startup Time": 0.174,"Actual Total Time": 3.419,"Actual Rows": 373,"Actual Loops": 5,"Recheck Cond": "(s_nationkey = nation.n_nationkey)","Rows Removed by Index Recheck": 0,"Exact Heap Blocks": 180,"Lossy Heap Blocks": 0,"Workers": [],"Plans": [{"Node Type": "Bitmap Index Scan","Parent Relationship": "Outer","Parallel Aware": false,"Async Capable": false,"Index Name": "idx_supplier_nation_key","Startup Cost": 0.00,"Total Cost": 7.29,"Plan Rows": 400,"Plan Width": 0,"Actual Startup Time": 0.112,"Actual Total Time": 0.115,"Actual Rows": 373,"Actual Loops": 5,"Index Cond": "(s_nationkey = nation.n_nationkey)","Workers": []}]}]}]}]},{"Node Type": "Index Scan","Parent Relationship": "Inner","Parallel Aware": false,"Async Capable": false,"Scan Direction": "Forward","Index Name": "idx_lineitem_orderkey","Relation Name": "lineitem","Alias": "l3","Startup Cost": 0.43,"Total Cost": 1.06,"Plan Rows": 6,"Plan Width": 8,"Actual Startup Time": 0.003,"Actual Total Time": 0.003,"Actual Rows": 1,"Actual Loops": 141445,"Index Cond": "(l_orderkey = l1.l_orderkey)","Rows Removed by Index Recheck": 0,"Filter": "((l_receiptdate > l_commitdate) AND (l_suppkey <> l1.l_suppkey))","Rows Removed by Filter": 1,"Workers": []}]}]},{"Node Type": "Index Scan","Parent Relationship": "Inner","Parallel Aware": false,"Async Capable": false,"Scan Direction": "Forward","Index Name": "idx_lineitem_orderkey","Relation Name": "lineitem","Alias": "l2","Startup Cost": 0.43,"Total Cost": 1.02,"Plan Rows": 17,"Plan Width": 8,"Actual Startup Time": 0.008,"Actual Total Time": 0.008,"Actual Rows": 1,"Actual Loops": 12602,"Index Cond": "(l_orderkey = l1.l_orderkey)","Rows Removed by Index Recheck": 0,"Filter": "(l_suppkey <> l1.l_suppkey)","Rows Removed by Filter": 1}]},{"Node Type": "Index Scan","Parent Relationship": "Inner","Parallel Aware": false,"Async Capable": false,"Scan Direction": "Forward","Index Name": "orders_pkey","Relation Name": "orders","Alias": "orders","Startup Cost": 0.43,"Total Cost": 0.51,"Plan Rows": 1,"Plan Width": 4,"Actual Startup Time": 0.008,"Actual Total Time": 0.008,"Actual Rows": 0,"Actual Loops": 7601,"Index Cond": "(o_orderkey = l1.l_orderkey)","Rows Removed by Index Recheck": 0,"Filter": "(o_orderstatus = 'F'::bpchar)","Rows Removed by Filter": 1}]}]}]}]},"Planning Time": 9.187,"Triggers": [],"Execution Time": 510.411}]
[{"Plan": {"Node Type": "Sort","Parallel Aware": false,"Async Capable": false,"Startup Cost": 147378.80,"Total Cost": 147378.81,"Plan Rows": 1,"Plan Width": 34,"Actual Startup Time": 509.264,"Actual Total Time": 527.696,"Actual Rows": 421,"Actual Loops": 1,"Sort Key": ["(count(*)) DESC", "supplier.s_name"],"Sort Method": "quicksort","Sort Space Used": 57,"Sort Space Type": "Memory","Plans": [{"Node Type": "Aggregate","Strategy": "Sorted","Partial Mode": "Simple","Parent Relationship": "Outer","Parallel Aware": false,"Async Capable": false,"Startup Cost": 147378.77,"Total Cost": 147378.79,"Plan Rows": 1,"Plan Width": 34,"Actual Startup Time": 507.941,"Actual Total Time": 526.990,"Actual Rows": 421,"Actual Loops": 1,"Group Key": ["supplier.s_name"],"Plans": [{"Node Type": "Sort","Parent Relationship": "Outer","Parallel Aware": false,"Async Capable": false,"Startup Cost": 147378.77,"Total Cost": 147378.78,"Plan Rows": 1,"Plan Width": 26,"Actual Startup Time": 507.919,"Actual Total Time": 526.540,"Actual Rows": 4227,"Actual Loops": 1,"Sort Key": ["supplier.s_name"],"Sort Method": "quicksort","Sort Space Used": 490,"Sort Space Type": "Memory","Plans": [{"Node Type": "Nested Loop","Parent Relationship": "Outer","Parallel Aware": false,"Async Capable": false,"Join Type": "Inner","Startup Cost": 1250.87,"Total Cost": 147378.76,"Plan Rows": 1,"Plan Width": 26,"Actual Startup Time": 5.396,"Actual Total Time": 515.076,"Actual Rows": 4227,"Actual Loops": 1,"Inner Unique": true,"Plans": [{"Node Type": "Nested Loop","Parent Relationship": "Outer","Parallel Aware": false,"Async Capable": false,"Join Type": "Semi","Startup Cost": 1250.44,"Total Cost": 147378.26,"Plan Rows": 1,"Plan Width": 34,"Actual Startup Time": 5.356,"Actual Total Time": 448.186,"Actual Rows": 8678,"Actual Loops": 1,"Inner Unique": false,"Plans": [{"Node Type": "Gather","Parent Relationship": "Outer","Parallel Aware": false,"Async Capable": false,"Startup Cost": 1250.01,"Total Cost": 147377.22,"Plan Rows": 1,"Plan Width": 34,"Actual Startup Time": 5.315,"Actual Total Time": 333.619,"Actual Rows": 14289,"Actual Loops": 1,"Workers Planned": 4,"Workers Launched": 4,"Single Copy": false,"Plans": [{"Node Type": "Nested Loop","Parent Relationship": "Outer","Parallel Aware": false,"Async Capable": false,"Join Type": "Anti","Startup Cost": 250.01,"Total Cost": 146377.12,"Plan Rows": 1,"Plan Width": 34,"Actual Startup Time": 5.155,"Actual Total Time": 447.803,"Actual Rows": 2858,"Actual Loops": 5,"Inner Unique": false,"Workers": [],"Plans": [{"Node Type": "Hash Join","Parent Relationship": "Outer","Parallel Aware": false,"Async Capable": false,"Join Type": "Inner","Startup Cost": 249.58,"Total Cost": 133581.65,"Plan Rows": 19990,"Plan Width": 34,"Actual Startup Time": 4.679,"Actual Total Time": 355.100,"Actual Rows": 31833,"Actual Loops": 5,"Inner Unique": false,"Hash Cond": "(l1.l_suppkey = supplier.s_suppkey)","Workers": [],"Plans": [{"Node Type": "Seq Scan","Parent Relationship": "Outer","Parallel Aware": true,"Async Capable": false,"Relation Name": "lineitem","Alias": "l1","Startup Cost": 0.00,"Total Cost": 131256.80,"Plan Rows": 500101,"Plan Width": 8,"Actual Startup Time": 0.028,"Actual Total Time": 302.880,"Actual Rows": 758659,"Actual Loops": 5,"Filter": "(l_receiptdate > l_commitdate)","Rows Removed by Filter": 441584,"Workers": []},{"Node Type": "Hash","Parent Relationship": "Inner","Parallel Aware": false,"Async Capable": false,"Startup Cost": 244.58,"Total Cost": 244.58,"Plan Rows": 400,"Plan Width": 30,"Actual Startup Time": 4.328,"Actual Total Time": 4.340,"Actual Rows": 421,"Actual Loops": 5,"Hash Buckets": 1024,"Original Hash Buckets": 1024,"Hash Batches": 1,"Original Hash Batches": 1,"Peak Memory Usage": 35,"Workers": [],"Plans": [{"Node Type": "Nested Loop","Parent Relationship": "Outer","Parallel Aware": false,"Async Capable": false,"Join Type": "Inner","Startup Cost": 7.38,"Total Cost": 244.58,"Plan Rows": 400,"Plan Width": 30,"Actual Startup Time": 0.319,"Actual Total Time": 4.167,"Actual Rows": 421,"Actual Loops": 5,"Inner Unique": false,"Workers": [],"Plans": [{"Node Type": "Seq Scan","Parent Relationship": "Outer","Parallel Aware": false,"Async Capable": false,"Relation Name": "nation","Alias": "nation","Startup Cost": 0.00,"Total Cost": 1.31,"Plan Rows": 1,"Plan Width": 4,"Actual Startup Time": 0.061,"Actual Total Time": 0.065,"Actual Rows": 1,"Actual Loops": 5,"Filter": "(n_name = 'PERU'::bpchar)","Rows Removed by Filter": 24,"Workers": []},{"Node Type": "Bitmap Heap Scan","Parent Relationship": "Inner","Parallel Aware": false,"Async Capable": false,"Relation Name": "supplier","Alias": "supplier","Startup Cost": 7.38,"Total Cost": 239.27,"Plan Rows": 400,"Plan Width": 34,"Actual Startup Time": 0.253,"Actual Total Time": 4.010,"Actual Rows": 421,"Actual Loops": 5,"Recheck Cond": "(s_nationkey = nation.n_nationkey)","Rows Removed by Index Recheck": 0,"Exact Heap Blocks": 187,"Lossy Heap Blocks": 0,"Workers": [],"Plans": [{"Node Type": "Bitmap Index Scan","Parent Relationship": "Outer","Parallel Aware": false,"Async Capable": false,"Index Name": "idx_supplier_nation_key","Startup Cost": 0.00,"Total Cost": 7.29,"Plan Rows": 400,"Plan Width": 0,"Actual Startup Time": 0.167,"Actual Total Time": 0.169,"Actual Rows": 421,"Actual Loops": 5,"Index Cond": "(s_nationkey = nation.n_nationkey)","Workers": []}]}]}]}]},{"Node Type": "Index Scan","Parent Relationship": "Inner","Parallel Aware": false,"Async Capable": false,"Scan Direction": "Forward","Index Name": "idx_lineitem_orderkey","Relation Name": "lineitem","Alias": "l3","Startup Cost": 0.43,"Total Cost": 1.06,"Plan Rows": 6,"Plan Width": 8,"Actual Startup Time": 0.003,"Actual Total Time": 0.003,"Actual Rows": 1,"Actual Loops": 159165,"Index Cond": "(l_orderkey = l1.l_orderkey)","Rows Removed by Index Recheck": 0,"Filter": "((l_receiptdate > l_commitdate) AND (l_suppkey <> l1.l_suppkey))","Rows Removed by Filter": 1,"Workers": []}]}]},{"Node Type": "Index Scan","Parent Relationship": "Inner","Parallel Aware": false,"Async Capable": false,"Scan Direction": "Forward","Index Name": "idx_lineitem_orderkey","Relation Name": "lineitem","Alias": "l2","Startup Cost": 0.43,"Total Cost": 1.02,"Plan Rows": 17,"Plan Width": 8,"Actual Startup Time": 0.008,"Actual Total Time": 0.008,"Actual Rows": 1,"Actual Loops": 14289,"Index Cond": "(l_orderkey = l1.l_orderkey)","Rows Removed by Index Recheck": 0,"Filter": "(l_suppkey <> l1.l_suppkey)","Rows Removed by Filter": 1}]},{"Node Type": "Index Scan","Parent Relationship": "Inner","Parallel Aware": false,"Async Capable": false,"Scan Direction": "Forward","Index Name": "orders_pkey","Relation Name": "orders","Alias": "orders","Startup Cost": 0.43,"Total Cost": 0.51,"Plan Rows": 1,"Plan Width": 4,"Actual Startup Time": 0.007,"Actual Total Time": 0.007,"Actual Rows": 0,"Actual Loops": 8678,"Index Cond": "(o_orderkey = l1.l_orderkey)","Rows Removed by Index Recheck": 0,"Filter": "(o_orderstatus = 'F'::bpchar)","Rows Removed by Filter": 1}]}]}]}]},"Planning Time": 8.374,"Triggers": [],"Execution Time": 528.458}]
[{"Plan": {"Node Type": "Sort","Parallel Aware": false,"Async Capable": false,"Startup Cost": 147378.80,"Total Cost": 147378.81,"Plan Rows": 1,"Plan Width": 34,"Actual Startup Time": 496.555,"Actual Total Time": 517.754,"Actual Rows": 397,"Actual Loops": 1,"Sort Key": ["(count(*)) DESC", "supplier.s_name"],"Sort Method": "quicksort","Sort Space Used": 56,"Sort Space Type": "Memory","Plans": [{"Node Type": "Aggregate","Strategy": "Sorted","Partial Mode": "Simple","Parent Relationship": "Outer","Parallel Aware": false,"Async Capable": false,"Startup Cost": 147378.77,"Total Cost": 147378.79,"Plan Rows": 1,"Plan Width": 34,"Actual Startup Time": 495.361,"Actual Total Time": 517.058,"Actual Rows": 397,"Actual Loops": 1,"Group Key": ["supplier.s_name"],"Plans": [{"Node Type": "Sort","Parent Relationship": "Outer","Parallel Aware": false,"Async Capable": false,"Startup Cost": 147378.77,"Total Cost": 147378.78,"Plan Rows": 1,"Plan Width": 26,"Actual Startup Time": 495.332,"Actual Total Time": 516.651,"Actual Rows": 3913,"Actual Loops": 1,"Sort Key": ["supplier.s_name"],"Sort Method": "quicksort","Sort Space Used": 372,"Sort Space Type": "Memory","Plans": [{"Node Type": "Nested Loop","Parent Relationship": "Outer","Parallel Aware": false,"Async Capable": false,"Join Type": "Inner","Startup Cost": 1250.87,"Total Cost": 147378.76,"Plan Rows": 1,"Plan Width": 26,"Actual Startup Time": 5.355,"Actual Total Time": 505.328,"Actual Rows": 3913,"Actual Loops": 1,"Inner Unique": true,"Plans": [{"Node Type": "Nested Loop","Parent Relationship": "Outer","Parallel Aware": false,"Async Capable": false,"Join Type": "Semi","Startup Cost": 1250.44,"Total Cost": 147378.26,"Plan Rows": 1,"Plan Width": 34,"Actual Startup Time": 4.468,"Actual Total Time": 441.221,"Actual Rows": 7976,"Actual Loops": 1,"Inner Unique": false,"Plans": [{"Node Type": "Gather","Parent Relationship": "Outer","Parallel Aware": false,"Async Capable": false,"Startup Cost": 1250.01,"Total Cost": 147377.22,"Plan Rows": 1,"Plan Width": 34,"Actual Startup Time": 4.454,"Actual Total Time": 332.117,"Actual Rows": 13419,"Actual Loops": 1,"Workers Planned": 4,"Workers Launched": 4,"Single Copy": false,"Plans": [{"Node Type": "Nested Loop","Parent Relationship": "Outer","Parallel Aware": false,"Async Capable": false,"Join Type": "Anti","Startup Cost": 250.01,"Total Cost": 146377.12,"Plan Rows": 1,"Plan Width": 34,"Actual Startup Time": 5.707,"Actual Total Time": 439.562,"Actual Rows": 2684,"Actual Loops": 5,"Inner Unique": false,"Workers": [],"Plans": [{"Node Type": "Hash Join","Parent Relationship": "Outer","Parallel Aware": false,"Async Capable": false,"Join Type": "Inner","Startup Cost": 249.58,"Total Cost": 133581.65,"Plan Rows": 19990,"Plan Width": 34,"Actual Startup Time": 5.222,"Actual Total Time": 351.394,"Actual Rows": 30171,"Actual Loops": 5,"Inner Unique": false,"Hash Cond": "(l1.l_suppkey = supplier.s_suppkey)","Workers": [],"Plans": [{"Node Type": "Seq Scan","Parent Relationship": "Outer","Parallel Aware": true,"Async Capable": false,"Relation Name": "lineitem","Alias": "l1","Startup Cost": 0.00,"Total Cost": 131256.80,"Plan Rows": 500101,"Plan Width": 8,"Actual Startup Time": 0.029,"Actual Total Time": 300.354,"Actual Rows": 758659,"Actual Loops": 5,"Filter": "(l_receiptdate > l_commitdate)","Rows Removed by Filter": 441584,"Workers": []},{"Node Type": "Hash","Parent Relationship": "Inner","Parallel Aware": false,"Async Capable": false,"Startup Cost": 244.58,"Total Cost": 244.58,"Plan Rows": 400,"Plan Width": 30,"Actual Startup Time": 4.859,"Actual Total Time": 4.869,"Actual Rows": 397,"Actual Loops": 5,"Hash Buckets": 1024,"Original Hash Buckets": 1024,"Hash Batches": 1,"Original Hash Batches": 1,"Peak Memory Usage": 33,"Workers": [],"Plans": [{"Node Type": "Nested Loop","Parent Relationship": "Outer","Parallel Aware": false,"Async Capable": false,"Join Type": "Inner","Startup Cost": 7.38,"Total Cost": 244.58,"Plan Rows": 400,"Plan Width": 30,"Actual Startup Time": 0.335,"Actual Total Time": 4.677,"Actual Rows": 397,"Actual Loops": 5,"Inner Unique": false,"Workers": [],"Plans": [{"Node Type": "Seq Scan","Parent Relationship": "Outer","Parallel Aware": false,"Async Capable": false,"Relation Name": "nation","Alias": "nation","Startup Cost": 0.00,"Total Cost": 1.31,"Plan Rows": 1,"Plan Width": 4,"Actual Startup Time": 0.076,"Actual Total Time": 0.084,"Actual Rows": 1,"Actual Loops": 5,"Filter": "(n_name = 'BRAZIL'::bpchar)","Rows Removed by Filter": 24,"Workers": []},{"Node Type": "Bitmap Heap Scan","Parent Relationship": "Inner","Parallel Aware": false,"Async Capable": false,"Relation Name": "supplier","Alias": "supplier","Startup Cost": 7.38,"Total Cost": 239.27,"Plan Rows": 400,"Plan Width": 34,"Actual Startup Time": 0.255,"Actual Total Time": 4.499,"Actual Rows": 397,"Actual Loops": 5,"Recheck Cond": "(s_nationkey = nation.n_nationkey)","Rows Removed by Index Recheck": 0,"Exact Heap Blocks": 187,"Lossy Heap Blocks": 0,"Workers": [],"Plans": [{"Node Type": "Bitmap Index Scan","Parent Relationship": "Outer","Parallel Aware": false,"Async Capable": false,"Index Name": "idx_supplier_nation_key","Startup Cost": 0.00,"Total Cost": 7.29,"Plan Rows": 400,"Plan Width": 0,"Actual Startup Time": 0.169,"Actual Total Time": 0.170,"Actual Rows": 397,"Actual Loops": 5,"Index Cond": "(s_nationkey = nation.n_nationkey)","Workers": []}]}]}]}]},{"Node Type": "Index Scan","Parent Relationship": "Inner","Parallel Aware": false,"Async Capable": false,"Scan Direction": "Forward","Index Name": "idx_lineitem_orderkey","Relation Name": "lineitem","Alias": "l3","Startup Cost": 0.43,"Total Cost": 1.06,"Plan Rows": 6,"Plan Width": 8,"Actual Startup Time": 0.003,"Actual Total Time": 0.003,"Actual Rows": 1,"Actual Loops": 150857,"Index Cond": "(l_orderkey = l1.l_orderkey)","Rows Removed by Index Recheck": 0,"Filter": "((l_receiptdate > l_commitdate) AND (l_suppkey <> l1.l_suppkey))","Rows Removed by Filter": 1,"Workers": []}]}]},{"Node Type": "Index Scan","Parent Relationship": "Inner","Parallel Aware": false,"Async Capable": false,"Scan Direction": "Forward","Index Name": "idx_lineitem_orderkey","Relation Name": "lineitem","Alias": "l2","Startup Cost": 0.43,"Total Cost": 1.02,"Plan Rows": 17,"Plan Width": 8,"Actual Startup Time": 0.008,"Actual Total Time": 0.008,"Actual Rows": 1,"Actual Loops": 13419,"Index Cond": "(l_orderkey = l1.l_orderkey)","Rows Removed by Index Recheck": 0,"Filter": "(l_suppkey <> l1.l_suppkey)","Rows Removed by Filter": 1}]},{"Node Type": "Index Scan","Parent Relationship": "Inner","Parallel Aware": false,"Async Capable": false,"Scan Direction": "Forward","Index Name": "orders_pkey","Relation Name": "orders","Alias": "orders","Startup Cost": 0.43,"Total Cost": 0.51,"Plan Rows": 1,"Plan Width": 4,"Actual Startup Time": 0.008,"Actual Total Time": 0.008,"Actual Rows": 0,"Actual Loops": 7976,"Index Cond": "(o_orderkey = l1.l_orderkey)","Rows Removed by Index Recheck": 0,"Filter": "(o_orderstatus = 'F'::bpchar)","Rows Removed by Filter": 1}]}]}]}]},"Planning Time": 8.213,"Triggers": [],"Execution Time": 518.316}]
[{"Plan": {"Node Type": "Sort","Parallel Aware": false,"Async Capable": false,"Startup Cost": 147378.80,"Total Cost": 147378.81,"Plan Rows": 1,"Plan Width": 34,"Actual Startup Time": 506.689,"Actual Total Time": 525.046,"Actual Rows": 415,"Actual Loops": 1,"Sort Key": ["(count(*)) DESC", "supplier.s_name"],"Sort Method": "quicksort","Sort Space Used": 57,"Sort Space Type": "Memory","Plans": [{"Node Type": "Aggregate","Strategy": "Sorted","Partial Mode": "Simple","Parent Relationship": "Outer","Parallel Aware": false,"Async Capable": false,"Startup Cost": 147378.77,"Total Cost": 147378.79,"Plan Rows": 1,"Plan Width": 34,"Actual Startup Time": 505.377,"Actual Total Time": 524.254,"Actual Rows": 415,"Actual Loops": 1,"Group Key": ["supplier.s_name"],"Plans": [{"Node Type": "Sort","Parent Relationship": "Outer","Parallel Aware": false,"Async Capable": false,"Startup Cost": 147378.77,"Total Cost": 147378.78,"Plan Rows": 1,"Plan Width": 26,"Actual Startup Time": 505.350,"Actual Total Time": 523.830,"Actual Rows": 4021,"Actual Loops": 1,"Sort Key": ["supplier.s_name"],"Sort Method": "quicksort","Sort Space Used": 379,"Sort Space Type": "Memory","Plans": [{"Node Type": "Nested Loop","Parent Relationship": "Outer","Parallel Aware": false,"Async Capable": false,"Join Type": "Inner","Startup Cost": 1250.87,"Total Cost": 147378.76,"Plan Rows": 1,"Plan Width": 26,"Actual Startup Time": 4.344,"Actual Total Time": 512.010,"Actual Rows": 4021,"Actual Loops": 1,"Inner Unique": true,"Plans": [{"Node Type": "Nested Loop","Parent Relationship": "Outer","Parallel Aware": false,"Async Capable": false,"Join Type": "Semi","Startup Cost": 1250.44,"Total Cost": 147378.26,"Plan Rows": 1,"Plan Width": 34,"Actual Startup Time": 4.308,"Actual Total Time": 447.240,"Actual Rows": 8423,"Actual Loops": 1,"Inner Unique": false,"Plans": [{"Node Type": "Gather","Parent Relationship": "Outer","Parallel Aware": false,"Async Capable": false,"Startup Cost": 1250.01,"Total Cost": 147377.22,"Plan Rows": 1,"Plan Width": 34,"Actual Startup Time": 4.250,"Actual Total Time": 340.738,"Actual Rows": 13873,"Actual Loops": 1,"Workers Planned": 4,"Workers Launched": 4,"Single Copy": false,"Plans": [{"Node Type": "Nested Loop","Parent Relationship": "Outer","Parallel Aware": false,"Async Capable": false,"Join Type": "Anti","Startup Cost": 250.01,"Total Cost": 146377.12,"Plan Rows": 1,"Plan Width": 34,"Actual Startup Time": 6.059,"Actual Total Time": 447.143,"Actual Rows": 2775,"Actual Loops": 5,"Inner Unique": false,"Workers": [],"Plans": [{"Node Type": "Hash Join","Parent Relationship": "Outer","Parallel Aware": false,"Async Capable": false,"Join Type": "Inner","Startup Cost": 249.58,"Total Cost": 133581.65,"Plan Rows": 19990,"Plan Width": 34,"Actual Startup Time": 5.350,"Actual Total Time": 355.670,"Actual Rows": 31496,"Actual Loops": 5,"Inner Unique": false,"Hash Cond": "(l1.l_suppkey = supplier.s_suppkey)","Workers": [],"Plans": [{"Node Type": "Seq Scan","Parent Relationship": "Outer","Parallel Aware": true,"Async Capable": false,"Relation Name": "lineitem","Alias": "l1","Startup Cost": 0.00,"Total Cost": 131256.80,"Plan Rows": 500101,"Plan Width": 8,"Actual Startup Time": 0.034,"Actual Total Time": 302.387,"Actual Rows": 758659,"Actual Loops": 5,"Filter": "(l_receiptdate > l_commitdate)","Rows Removed by Filter": 441584,"Workers": []},{"Node Type": "Hash","Parent Relationship": "Inner","Parallel Aware": false,"Async Capable": false,"Startup Cost": 244.58,"Total Cost": 244.58,"Plan Rows": 400,"Plan Width": 30,"Actual Startup Time": 5.023,"Actual Total Time": 5.034,"Actual Rows": 415,"Actual Loops": 5,"Hash Buckets": 1024,"Original Hash Buckets": 1024,"Hash Batches": 1,"Original Hash Batches": 1,"Peak Memory Usage": 34,"Workers": [],"Plans": [{"Node Type": "Nested Loop","Parent Relationship": "Outer","Parallel Aware": false,"Async Capable": false,"Join Type": "Inner","Startup Cost": 7.38,"Total Cost": 244.58,"Plan Rows": 400,"Plan Width": 30,"Actual Startup Time": 0.341,"Actual Total Time": 4.843,"Actual Rows": 415,"Actual Loops": 5,"Inner Unique": false,"Workers": [],"Plans": [{"Node Type": "Seq Scan","Parent Relationship": "Outer","Parallel Aware": false,"Async Capable": false,"Relation Name": "nation","Alias": "nation","Startup Cost": 0.00,"Total Cost": 1.31,"Plan Rows": 1,"Plan Width": 4,"Actual Startup Time": 0.054,"Actual Total Time": 0.060,"Actual Rows": 1,"Actual Loops": 5,"Filter": "(n_name = 'INDIA'::bpchar)","Rows Removed by Filter": 24,"Workers": []},{"Node Type": "Bitmap Heap Scan","Parent Relationship": "Inner","Parallel Aware": false,"Async Capable": false,"Relation Name": "supplier","Alias": "supplier","Startup Cost": 7.38,"Total Cost": 239.27,"Plan Rows": 400,"Plan Width": 34,"Actual Startup Time": 0.281,"Actual Total Time": 4.691,"Actual Rows": 415,"Actual Loops": 5,"Recheck Cond": "(s_nationkey = nation.n_nationkey)","Rows Removed by Index Recheck": 0,"Exact Heap Blocks": 186,"Lossy Heap Blocks": 0,"Workers": [],"Plans": [{"Node Type": "Bitmap Index Scan","Parent Relationship": "Outer","Parallel Aware": false,"Async Capable": false,"Index Name": "idx_supplier_nation_key","Startup Cost": 0.00,"Total Cost": 7.29,"Plan Rows": 400,"Plan Width": 0,"Actual Startup Time": 0.207,"Actual Total Time": 0.208,"Actual Rows": 415,"Actual Loops": 5,"Index Cond": "(s_nationkey = nation.n_nationkey)","Workers": []}]}]}]}]},{"Node Type": "Index Scan","Parent Relationship": "Inner","Parallel Aware": false,"Async Capable": false,"Scan Direction": "Forward","Index Name": "idx_lineitem_orderkey","Relation Name": "lineitem","Alias": "l3","Startup Cost": 0.43,"Total Cost": 1.06,"Plan Rows": 6,"Plan Width": 8,"Actual Startup Time": 0.003,"Actual Total Time": 0.003,"Actual Rows": 1,"Actual Loops": 157482,"Index Cond": "(l_orderkey = l1.l_orderkey)","Rows Removed by Index Recheck": 0,"Filter": "((l_receiptdate > l_commitdate) AND (l_suppkey <> l1.l_suppkey))","Rows Removed by Filter": 1,"Workers": []}]}]},{"Node Type": "Index Scan","Parent Relationship": "Inner","Parallel Aware": false,"Async Capable": false,"Scan Direction": "Forward","Index Name": "idx_lineitem_orderkey","Relation Name": "lineitem","Alias": "l2","Startup Cost": 0.43,"Total Cost": 1.02,"Plan Rows": 17,"Plan Width": 8,"Actual Startup Time": 0.007,"Actual Total Time": 0.007,"Actual Rows": 1,"Actual Loops": 13873,"Index Cond": "(l_orderkey = l1.l_orderkey)","Rows Removed by Index Recheck": 0,"Filter": "(l_suppkey <> l1.l_suppkey)","Rows Removed by Filter": 1}]},{"Node Type": "Index Scan","Parent Relationship": "Inner","Parallel Aware": false,"Async Capable": false,"Scan Direction": "Forward","Index Name": "orders_pkey","Relation Name": "orders","Alias": "orders","Startup Cost": 0.43,"Total Cost": 0.51,"Plan Rows": 1,"Plan Width": 4,"Actual Startup Time": 0.007,"Actual Total Time": 0.007,"Actual Rows": 0,"Actual Loops": 8423,"Index Cond": "(o_orderkey = l1.l_orderkey)","Rows Removed by Index Recheck": 0,"Filter": "(o_orderstatus = 'F'::bpchar)","Rows Removed by Filter": 1}]}]}]}]},"Planning Time": 9.331,"Triggers": [],"Execution Time": 525.561}]
[{"Plan": {"Node Type": "Sort","Parallel Aware": false,"Async Capable": false,"Startup Cost": 147378.80,"Total Cost": 147378.81,"Plan Rows": 1,"Plan Width": 34,"Actual Startup Time": 499.004,"Actual Total Time": 520.055,"Actual Rows": 399,"Actual Loops": 1,"Sort Key": ["(count(*)) DESC", "supplier.s_name"],"Sort Method": "quicksort","Sort Space Used": 56,"Sort Space Type": "Memory","Plans": [{"Node Type": "Aggregate","Strategy": "Sorted","Partial Mode": "Simple","Parent Relationship": "Outer","Parallel Aware": false,"Async Capable": false,"Startup Cost": 147378.77,"Total Cost": 147378.79,"Plan Rows": 1,"Plan Width": 34,"Actual Startup Time": 497.768,"Actual Total Time": 519.326,"Actual Rows": 399,"Actual Loops": 1,"Group Key": ["supplier.s_name"],"Plans": [{"Node Type": "Sort","Parent Relationship": "Outer","Parallel Aware": false,"Async Capable": false,"Startup Cost": 147378.77,"Total Cost": 147378.78,"Plan Rows": 1,"Plan Width": 26,"Actual Startup Time": 497.754,"Actual Total Time": 518.925,"Actual Rows": 3901,"Actual Loops": 1,"Sort Key": ["supplier.s_name"],"Sort Method": "quicksort","Sort Space Used": 371,"Sort Space Type": "Memory","Plans": [{"Node Type": "Nested Loop","Parent Relationship": "Outer","Parallel Aware": false,"Async Capable": false,"Join Type": "Inner","Startup Cost": 1250.87,"Total Cost": 147378.76,"Plan Rows": 1,"Plan Width": 26,"Actual Startup Time": 5.425,"Actual Total Time": 507.475,"Actual Rows": 3901,"Actual Loops": 1,"Inner Unique": true,"Plans": [{"Node Type": "Nested Loop","Parent Relationship": "Outer","Parallel Aware": false,"Async Capable": false,"Join Type": "Semi","Startup Cost": 1250.44,"Total Cost": 147378.26,"Plan Rows": 1,"Plan Width": 34,"Actual Startup Time": 5.049,"Actual Total Time": 443.858,"Actual Rows": 7909,"Actual Loops": 1,"Inner Unique": false,"Plans": [{"Node Type": "Gather","Parent Relationship": "Outer","Parallel Aware": false,"Async Capable": false,"Startup Cost": 1250.01,"Total Cost": 147377.22,"Plan Rows": 1,"Plan Width": 34,"Actual Startup Time": 4.716,"Actual Total Time": 337.054,"Actual Rows": 13313,"Actual Loops": 1,"Workers Planned": 4,"Workers Launched": 4,"Single Copy": false,"Plans": [{"Node Type": "Nested Loop","Parent Relationship": "Outer","Parallel Aware": false,"Async Capable": false,"Join Type": "Anti","Startup Cost": 250.01,"Total Cost": 146377.12,"Plan Rows": 1,"Plan Width": 34,"Actual Startup Time": 4.762,"Actual Total Time": 442.169,"Actual Rows": 2663,"Actual Loops": 5,"Inner Unique": false,"Workers": [],"Plans": [{"Node Type": "Hash Join","Parent Relationship": "Outer","Parallel Aware": false,"Async Capable": false,"Join Type": "Inner","Startup Cost": 249.58,"Total Cost": 133581.65,"Plan Rows": 19990,"Plan Width": 34,"Actual Startup Time": 4.517,"Actual Total Time": 353.941,"Actual Rows": 30247,"Actual Loops": 5,"Inner Unique": false,"Hash Cond": "(l1.l_suppkey = supplier.s_suppkey)","Workers": [],"Plans": [{"Node Type": "Seq Scan","Parent Relationship": "Outer","Parallel Aware": true,"Async Capable": false,"Relation Name": "lineitem","Alias": "l1","Startup Cost": 0.00,"Total Cost": 131256.80,"Plan Rows": 500101,"Plan Width": 8,"Actual Startup Time": 0.021,"Actual Total Time": 302.084,"Actual Rows": 758659,"Actual Loops": 5,"Filter": "(l_receiptdate > l_commitdate)","Rows Removed by Filter": 441584,"Workers": []},{"Node Type": "Hash","Parent Relationship": "Inner","Parallel Aware": false,"Async Capable": false,"Startup Cost": 244.58,"Total Cost": 244.58,"Plan Rows": 400,"Plan Width": 30,"Actual Startup Time": 4.286,"Actual Total Time": 4.296,"Actual Rows": 399,"Actual Loops": 5,"Hash Buckets": 1024,"Original Hash Buckets": 1024,"Hash Batches": 1,"Original Hash Batches": 1,"Peak Memory Usage": 33,"Workers": [],"Plans": [{"Node Type": "Nested Loop","Parent Relationship": "Outer","Parallel Aware": false,"Async Capable": false,"Join Type": "Inner","Startup Cost": 7.38,"Total Cost": 244.58,"Plan Rows": 400,"Plan Width": 30,"Actual Startup Time": 0.243,"Actual Total Time": 4.128,"Actual Rows": 399,"Actual Loops": 5,"Inner Unique": false,"Workers": [],"Plans": [{"Node Type": "Seq Scan","Parent Relationship": "Outer","Parallel Aware": false,"Async Capable": false,"Relation Name": "nation","Alias": "nation","Startup Cost": 0.00,"Total Cost": 1.31,"Plan Rows": 1,"Plan Width": 4,"Actual Startup Time": 0.049,"Actual Total Time": 0.051,"Actual Rows": 1,"Actual Loops": 5,"Filter": "(n_name = 'VIETNAM'::bpchar)","Rows Removed by Filter": 24,"Workers": []},{"Node Type": "Bitmap Heap Scan","Parent Relationship": "Inner","Parallel Aware": false,"Async Capable": false,"Relation Name": "supplier","Alias": "supplier","Startup Cost": 7.38,"Total Cost": 239.27,"Plan Rows": 400,"Plan Width": 34,"Actual Startup Time": 0.189,"Actual Total Time": 4.007,"Actual Rows": 399,"Actual Loops": 5,"Recheck Cond": "(s_nationkey = nation.n_nationkey)","Rows Removed by Index Recheck": 0,"Exact Heap Blocks": 191,"Lossy Heap Blocks": 0,"Workers": [],"Plans": [{"Node Type": "Bitmap Index Scan","Parent Relationship": "Outer","Parallel Aware": false,"Async Capable": false,"Index Name": "idx_supplier_nation_key","Startup Cost": 0.00,"Total Cost": 7.29,"Plan Rows": 400,"Plan Width": 0,"Actual Startup Time": 0.123,"Actual Total Time": 0.125,"Actual Rows": 399,"Actual Loops": 5,"Index Cond": "(s_nationkey = nation.n_nationkey)","Workers": []}]}]}]}]},{"Node Type": "Index Scan","Parent Relationship": "Inner","Parallel Aware": false,"Async Capable": false,"Scan Direction": "Forward","Index Name": "idx_lineitem_orderkey","Relation Name": "lineitem","Alias": "l3","Startup Cost": 0.43,"Total Cost": 1.06,"Plan Rows": 6,"Plan Width": 8,"Actual Startup Time": 0.003,"Actual Total Time": 0.003,"Actual Rows": 1,"Actual Loops": 151237,"Index Cond": "(l_orderkey = l1.l_orderkey)","Rows Removed by Index Recheck": 0,"Filter": "((l_receiptdate > l_commitdate) AND (l_suppkey <> l1.l_suppkey))","Rows Removed by Filter": 1,"Workers": []}]}]},{"Node Type": "Index Scan","Parent Relationship": "Inner","Parallel Aware": false,"Async Capable": false,"Scan Direction": "Forward","Index Name": "idx_lineitem_orderkey","Relation Name": "lineitem","Alias": "l2","Startup Cost": 0.43,"Total Cost": 1.02,"Plan Rows": 17,"Plan Width": 8,"Actual Startup Time": 0.008,"Actual Total Time": 0.008,"Actual Rows": 1,"Actual Loops": 13313,"Index Cond": "(l_orderkey = l1.l_orderkey)","Rows Removed by Index Recheck": 0,"Filter": "(l_suppkey <> l1.l_suppkey)","Rows Removed by Filter": 1}]},{"Node Type": "Index Scan","Parent Relationship": "Inner","Parallel Aware": false,"Async Capable": false,"Scan Direction": "Forward","Index Name": "orders_pkey","Relation Name": "orders","Alias": "orders","Startup Cost": 0.43,"Total Cost": 0.51,"Plan Rows": 1,"Plan Width": 4,"Actual Startup Time": 0.008,"Actual Total Time": 0.008,"Actual Rows": 0,"Actual Loops": 7909,"Index Cond": "(o_orderkey = l1.l_orderkey)","Rows Removed by Index Recheck": 0,"Filter": "(o_orderstatus = 'F'::bpchar)","Rows Removed by Filter": 1}]}]}]}]},"Planning Time": 9.630,"Triggers": [],"Execution Time": 520.585}]
[{"Plan": {"Node Type": "Sort","Parallel Aware": false,"Async Capable": false,"Startup Cost": 147378.80,"Total Cost": 147378.81,"Plan Rows": 1,"Plan Width": 34,"Actual Startup Time": 507.691,"Actual Total Time": 527.119,"Actual Rows": 411,"Actual Loops": 1,"Sort Key": ["(count(*)) DESC", "supplier.s_name"],"Sort Method": "quicksort","Sort Space Used": 57,"Sort Space Type": "Memory","Plans": [{"Node Type": "Aggregate","Strategy": "Sorted","Partial Mode": "Simple","Parent Relationship": "Outer","Parallel Aware": false,"Async Capable": false,"Startup Cost": 147378.77,"Total Cost": 147378.79,"Plan Rows": 1,"Plan Width": 34,"Actual Startup Time": 506.441,"Actual Total Time": 526.395,"Actual Rows": 411,"Actual Loops": 1,"Group Key": ["supplier.s_name"],"Plans": [{"Node Type": "Sort","Parent Relationship": "Outer","Parallel Aware": false,"Async Capable": false,"Startup Cost": 147378.77,"Total Cost": 147378.78,"Plan Rows": 1,"Plan Width": 26,"Actual Startup Time": 506.413,"Actual Total Time": 525.969,"Actual Rows": 4141,"Actual Loops": 1,"Sort Key": ["supplier.s_name"],"Sort Method": "quicksort","Sort Space Used": 484,"Sort Space Type": "Memory","Plans": [{"Node Type": "Nested Loop","Parent Relationship": "Outer","Parallel Aware": false,"Async Capable": false,"Join Type": "Inner","Startup Cost": 1250.87,"Total Cost": 147378.76,"Plan Rows": 1,"Plan Width": 26,"Actual Startup Time": 4.973,"Actual Total Time": 514.878,"Actual Rows": 4141,"Actual Loops": 1,"Inner Unique": true,"Plans": [{"Node Type": "Nested Loop","Parent Relationship": "Outer","Parallel Aware": false,"Async Capable": false,"Join Type": "Semi","Startup Cost": 1250.44,"Total Cost": 147378.26,"Plan Rows": 1,"Plan Width": 34,"Actual Startup Time": 4.329,"Actual Total Time": 453.804,"Actual Rows": 8357,"Actual Loops": 1,"Inner Unique": false,"Plans": [{"Node Type": "Gather","Parent Relationship": "Outer","Parallel Aware": false,"Async Capable": false,"Startup Cost": 1250.01,"Total Cost": 147377.22,"Plan Rows": 1,"Plan Width": 34,"Actual Startup Time": 4.312,"Actual Total Time": 350.336,"Actual Rows": 13859,"Actual Loops": 1,"Workers Planned": 4,"Workers Launched": 4,"Single Copy": false,"Plans": [{"Node Type": "Nested Loop","Parent Relationship": "Outer","Parallel Aware": false,"Async Capable": false,"Join Type": "Anti","Startup Cost": 250.01,"Total Cost": 146377.12,"Plan Rows": 1,"Plan Width": 34,"Actual Startup Time": 4.818,"Actual Total Time": 450.256,"Actual Rows": 2772,"Actual Loops": 5,"Inner Unique": false,"Workers": [],"Plans": [{"Node Type": "Hash Join","Parent Relationship": "Outer","Parallel Aware": false,"Async Capable": false,"Join Type": "Inner","Startup Cost": 249.58,"Total Cost": 133581.65,"Plan Rows": 19990,"Plan Width": 34,"Actual Startup Time": 4.474,"Actual Total Time": 357.672,"Actual Rows": 31348,"Actual Loops": 5,"Inner Unique": false,"Hash Cond": "(l1.l_suppkey = supplier.s_suppkey)","Workers": [],"Plans": [{"Node Type": "Seq Scan","Parent Relationship": "Outer","Parallel Aware": true,"Async Capable": false,"Relation Name": "lineitem","Alias": "l1","Startup Cost": 0.00,"Total Cost": 131256.80,"Plan Rows": 500101,"Plan Width": 8,"Actual Startup Time": 0.028,"Actual Total Time": 306.873,"Actual Rows": 758659,"Actual Loops": 5,"Filter": "(l_receiptdate > l_commitdate)","Rows Removed by Filter": 441584,"Workers": []},{"Node Type": "Hash","Parent Relationship": "Inner","Parallel Aware": false,"Async Capable": false,"Startup Cost": 244.58,"Total Cost": 244.58,"Plan Rows": 400,"Plan Width": 30,"Actual Startup Time": 4.175,"Actual Total Time": 4.188,"Actual Rows": 411,"Actual Loops": 5,"Hash Buckets": 1024,"Original Hash Buckets": 1024,"Hash Batches": 1,"Original Hash Batches": 1,"Peak Memory Usage": 34,"Workers": [],"Plans": [{"Node Type": "Nested Loop","Parent Relationship": "Outer","Parallel Aware": false,"Async Capable": false,"Join Type": "Inner","Startup Cost": 7.38,"Total Cost": 244.58,"Plan Rows": 400,"Plan Width": 30,"Actual Startup Time": 0.256,"Actual Total Time": 4.027,"Actual Rows": 411,"Actual Loops": 5,"Inner Unique": false,"Workers": [],"Plans": [{"Node Type": "Seq Scan","Parent Relationship": "Outer","Parallel Aware": false,"Async Capable": false,"Relation Name": "nation","Alias": "nation","Startup Cost": 0.00,"Total Cost": 1.31,"Plan Rows": 1,"Plan Width": 4,"Actual Startup Time": 0.047,"Actual Total Time": 0.051,"Actual Rows": 1,"Actual Loops": 5,"Filter": "(n_name = 'SAUDI ARABIA'::bpchar)","Rows Removed by Filter": 24,"Workers": []},{"Node Type": "Bitmap Heap Scan","Parent Relationship": "Inner","Parallel Aware": false,"Async Capable": false,"Relation Name": "supplier","Alias": "supplier","Startup Cost": 7.38,"Total Cost": 239.27,"Plan Rows": 400,"Plan Width": 34,"Actual Startup Time": 0.204,"Actual Total Time": 3.890,"Actual Rows": 411,"Actual Loops": 5,"Recheck Cond": "(s_nationkey = nation.n_nationkey)","Rows Removed by Index Recheck": 0,"Exact Heap Blocks": 182,"Lossy Heap Blocks": 0,"Workers": [],"Plans": [{"Node Type": "Bitmap Index Scan","Parent Relationship": "Outer","Parallel Aware": false,"Async Capable": false,"Index Name": "idx_supplier_nation_key","Startup Cost": 0.00,"Total Cost": 7.29,"Plan Rows": 400,"Plan Width": 0,"Actual Startup Time": 0.143,"Actual Total Time": 0.145,"Actual Rows": 411,"Actual Loops": 5,"Index Cond": "(s_nationkey = nation.n_nationkey)","Workers": []}]}]}]}]},{"Node Type": "Index Scan","Parent Relationship": "Inner","Parallel Aware": false,"Async Capable": false,"Scan Direction": "Forward","Index Name": "idx_lineitem_orderkey","Relation Name": "lineitem","Alias": "l3","Startup Cost": 0.43,"Total Cost": 1.06,"Plan Rows": 6,"Plan Width": 8,"Actual Startup Time": 0.003,"Actual Total Time": 0.003,"Actual Rows": 1,"Actual Loops": 156739,"Index Cond": "(l_orderkey = l1.l_orderkey)","Rows Removed by Index Recheck": 0,"Filter": "((l_receiptdate > l_commitdate) AND (l_suppkey <> l1.l_suppkey))","Rows Removed by Filter": 1,"Workers": []}]}]},{"Node Type": "Index Scan","Parent Relationship": "Inner","Parallel Aware": false,"Async Capable": false,"Scan Direction": "Forward","Index Name": "idx_lineitem_orderkey","Relation Name": "lineitem","Alias": "l2","Startup Cost": 0.43,"Total Cost": 1.02,"Plan Rows": 17,"Plan Width": 8,"Actual Startup Time": 0.007,"Actual Total Time": 0.007,"Actual Rows": 1,"Actual Loops": 13859,"Index Cond": "(l_orderkey = l1.l_orderkey)","Rows Removed by Index Recheck": 0,"Filter": "(l_suppkey <> l1.l_suppkey)","Rows Removed by Filter": 1}]},{"Node Type": "Index Scan","Parent Relationship": "Inner","Parallel Aware": false,"Async Capable": false,"Scan Direction": "Forward","Index Name": "orders_pkey","Relation Name": "orders","Alias": "orders","Startup Cost": 0.43,"Total Cost": 0.51,"Plan Rows": 1,"Plan Width": 4,"Actual Startup Time": 0.007,"Actual Total Time": 0.007,"Actual Rows": 0,"Actual Loops": 8357,"Index Cond": "(o_orderkey = l1.l_orderkey)","Rows Removed by Index Recheck": 0,"Filter": "(o_orderstatus = 'F'::bpchar)","Rows Removed by Filter": 1}]}]}]}]},"Planning Time": 9.483,"Triggers": [],"Execution Time": 527.804}]
[{"Plan": {"Node Type": "Sort","Parallel Aware": false,"Async Capable": false,"Startup Cost": 147378.80,"Total Cost": 147378.81,"Plan Rows": 1,"Plan Width": 34,"Actual Startup Time": 496.555,"Actual Total Time": 517.754,"Actual Rows": 397,"Actual Loops": 1,"Sort Key": ["(count(*)) DESC", "supplier.s_name"],"Sort Method": "quicksort","Sort Space Used": 56,"Sort Space Type": "Memory","Plans": [{"Node Type": "Aggregate","Strategy": "Sorted","Partial Mode": "Simple","Parent Relationship": "Outer","Parallel Aware": false,"Async Capable": false,"Startup Cost": 147378.77,"Total Cost": 147378.79,"Plan Rows": 1,"Plan Width": 34,"Actual Startup Time": 495.361,"Actual Total Time": 517.058,"Actual Rows": 397,"Actual Loops": 1,"Group Key": ["supplier.s_name"],"Plans": [{"Node Type": "Sort","Parent Relationship": "Outer","Parallel Aware": false,"Async Capable": false,"Startup Cost": 147378.77,"Total Cost": 147378.78,"Plan Rows": 1,"Plan Width": 26,"Actual Startup Time": 495.332,"Actual Total Time": 516.651,"Actual Rows": 3913,"Actual Loops": 1,"Sort Key": ["supplier.s_name"],"Sort Method": "quicksort","Sort Space Used": 372,"Sort Space Type": "Memory","Plans": [{"Node Type": "Nested Loop","Parent Relationship": "Outer","Parallel Aware": false,"Async Capable": false,"Join Type": "Inner","Startup Cost": 1250.87,"Total Cost": 147378.76,"Plan Rows": 1,"Plan Width": 26,"Actual Startup Time": 5.355,"Actual Total Time": 505.328,"Actual Rows": 3913,"Actual Loops": 1,"Inner Unique": true,"Plans": [{"Node Type": "Nested Loop","Parent Relationship": "Outer","Parallel Aware": false,"Async Capable": false,"Join Type": "Semi","Startup Cost": 1250.44,"Total Cost": 147378.26,"Plan Rows": 1,"Plan Width": 34,"Actual Startup Time": 4.468,"Actual Total Time": 441.221,"Actual Rows": 7976,"Actual Loops": 1,"Inner Unique": false,"Plans": [{"Node Type": "Gather","Parent Relationship": "Outer","Parallel Aware": false,"Async Capable": false,"Startup Cost": 1250.01,"Total Cost": 147377.22,"Plan Rows": 1,"Plan Width": 34,"Actual Startup Time": 4.454,"Actual Total Time": 332.117,"Actual Rows": 13419,"Actual Loops": 1,"Workers Planned": 4,"Workers Launched": 4,"Single Copy": false,"Plans": [{"Node Type": "Nested Loop","Parent Relationship": "Outer","Parallel Aware": false,"Async Capable": false,"Join Type": "Anti","Startup Cost": 250.01,"Total Cost": 146377.12,"Plan Rows": 1,"Plan Width": 34,"Actual Startup Time": 5.707,"Actual Total Time": 439.562,"Actual Rows": 2684,"Actual Loops": 5,"Inner Unique": false,"Workers": [],"Plans": [{"Node Type": "Hash Join","Parent Relationship": "Outer","Parallel Aware": false,"Async Capable": false,"Join Type": "Inner","Startup Cost": 249.58,"Total Cost": 133581.65,"Plan Rows": 19990,"Plan Width": 34,"Actual Startup Time": 5.222,"Actual Total Time": 351.394,"Actual Rows": 30171,"Actual Loops": 5,"Inner Unique": false,"Hash Cond": "(l1.l_suppkey = supplier.s_suppkey)","Workers": [],"Plans": [{"Node Type": "Seq Scan","Parent Relationship": "Outer","Parallel Aware": true,"Async Capable": false,"Relation Name": "lineitem","Alias": "l1","Startup Cost": 0.00,"Total Cost": 131256.80,"Plan Rows": 500101,"Plan Width": 8,"Actual Startup Time": 0.029,"Actual Total Time": 300.354,"Actual Rows": 758659,"Actual Loops": 5,"Filter": "(l_receiptdate > l_commitdate)","Rows Removed by Filter": 441584,"Workers": []},{"Node Type": "Hash","Parent Relationship": "Inner","Parallel Aware": false,"Async Capable": false,"Startup Cost": 244.58,"Total Cost": 244.58,"Plan Rows": 400,"Plan Width": 30,"Actual Startup Time": 4.859,"Actual Total Time": 4.869,"Actual Rows": 397,"Actual Loops": 5,"Hash Buckets": 1024,"Original Hash Buckets": 1024,"Hash Batches": 1,"Original Hash Batches": 1,"Peak Memory Usage": 33,"Workers": [],"Plans": [{"Node Type": "Nested Loop","Parent Relationship": "Outer","Parallel Aware": false,"Async Capable": false,"Join Type": "Inner","Startup Cost": 7.38,"Total Cost": 244.58,"Plan Rows": 400,"Plan Width": 30,"Actual Startup Time": 0.335,"Actual Total Time": 4.677,"Actual Rows": 397,"Actual Loops": 5,"Inner Unique": false,"Workers": [],"Plans": [{"Node Type": "Seq Scan","Parent Relationship": "Outer","Parallel Aware": false,"Async Capable": false,"Relation Name": "nation","Alias": "nation","Startup Cost": 0.00,"Total Cost": 1.31,"Plan Rows": 1,"Plan Width": 4,"Actual Startup Time": 0.076,"Actual Total Time": 0.084,"Actual Rows": 1,"Actual Loops": 5,"Filter": "(n_name = 'BRAZIL'::bpchar)","Rows Removed by Filter": 24,"Workers": []},{"Node Type": "Bitmap Heap Scan","Parent Relationship": "Inner","Parallel Aware": false,"Async Capable": false,"Relation Name": "supplier","Alias": "supplier","Startup Cost": 7.38,"Total Cost": 239.27,"Plan Rows": 400,"Plan Width": 34,"Actual Startup Time": 0.255,"Actual Total Time": 4.499,"Actual Rows": 397,"Actual Loops": 5,"Recheck Cond": "(s_nationkey = nation.n_nationkey)","Rows Removed by Index Recheck": 0,"Exact Heap Blocks": 187,"Lossy Heap Blocks": 0,"Workers": [],"Plans": [{"Node Type": "Bitmap Index Scan","Parent Relationship": "Outer","Parallel Aware": false,"Async Capable": false,"Index Name": "idx_supplier_nation_key","Startup Cost": 0.00,"Total Cost": 7.29,"Plan Rows": 400,"Plan Width": 0,"Actual Startup Time": 0.169,"Actual Total Time": 0.170,"Actual Rows": 397,"Actual Loops": 5,"Index Cond": "(s_nationkey = nation.n_nationkey)","Workers": []}]}]}]}]},{"Node Type": "Index Scan","Parent Relationship": "Inner","Parallel Aware": false,"Async Capable": false,"Scan Direction": "Forward","Index Name": "idx_lineitem_orderkey","Relation Name": "lineitem","Alias": "l3","Startup Cost": 0.43,"Total Cost": 1.06,"Plan Rows": 6,"Plan Width": 8,"Actual Startup Time": 0.003,"Actual Total Time": 0.003,"Actual Rows": 1,"Actual Loops": 150857,"Index Cond": "(l_orderkey = l1.l_orderkey)","Rows Removed by Index Recheck": 0,"Filter": "((l_receiptdate > l_commitdate) AND (l_suppkey <> l1.l_suppkey))","Rows Removed by Filter": 1,"Workers": []}]}]},{"Node Type": "Index Scan","Parent Relationship": "Inner","Parallel Aware": false,"Async Capable": false,"Scan Direction": "Forward","Index Name": "idx_lineitem_orderkey","Relation Name": "lineitem","Alias": "l2","Startup Cost": 0.43,"Total Cost": 1.02,"Plan Rows": 17,"Plan Width": 8,"Actual Startup Time": 0.008,"Actual Total Time": 0.008,"Actual Rows": 1,"Actual Loops": 13419,"Index Cond": "(l_orderkey = l1.l_orderkey)","Rows Removed by Index Recheck": 0,"Filter": "(l_suppkey <> l1.l_suppkey)","Rows Removed by Filter": 1}]},{"Node Type": "Index Scan","Parent Relationship": "Inner","Parallel Aware": false,"Async Capable": false,"Scan Direction": "Forward","Index Name": "orders_pkey","Relation Name": "orders","Alias": "orders","Startup Cost": 0.43,"Total Cost": 0.51,"Plan Rows": 1,"Plan Width": 4,"Actual Startup Time": 0.008,"Actual Total Time": 0.008,"Actual Rows": 0,"Actual Loops": 7976,"Index Cond": "(o_orderkey = l1.l_orderkey)","Rows Removed by Index Recheck": 0,"Filter": "(o_orderstatus = 'F'::bpchar)","Rows Removed by Filter": 1}]}]}]}]},"Planning Time": 8.213,"Triggers": [],"Execution Time": 518.316}]
[{"Plan": {"Node Type": "Sort","Parallel Aware": false,"Async Capable": false,"Startup Cost": 147378.80,"Total Cost": 147378.81,"Plan Rows": 1,"Plan Width": 34,"Actual Startup Time": 500.185,"Actual Total Time": 519.970,"Actual Rows": 396,"Actual Loops": 1,"Sort Key": ["(count(*)) DESC", "supplier.s_name"],"Sort Method": "quicksort","Sort Space Used": 55,"Sort Space Type": "Memory","Plans": [{"Node Type": "Aggregate","Strategy": "Sorted","Partial Mode": "Simple","Parent Relationship": "Outer","Parallel Aware": false,"Async Capable": false,"Startup Cost": 147378.77,"Total Cost": 147378.79,"Plan Rows": 1,"Plan Width": 34,"Actual Startup Time": 498.969,"Actual Total Time": 519.272,"Actual Rows": 396,"Actual Loops": 1,"Group Key": ["supplier.s_name"],"Plans": [{"Node Type": "Sort","Parent Relationship": "Outer","Parallel Aware": false,"Async Capable": false,"Startup Cost": 147378.77,"Total Cost": 147378.78,"Plan Rows": 1,"Plan Width": 26,"Actual Startup Time": 498.950,"Actual Total Time": 518.863,"Actual Rows": 3935,"Actual Loops": 1,"Sort Key": ["supplier.s_name"],"Sort Method": "quicksort","Sort Space Used": 373,"Sort Space Type": "Memory","Plans": [{"Node Type": "Nested Loop","Parent Relationship": "Outer","Parallel Aware": false,"Async Capable": false,"Join Type": "Inner","Startup Cost": 1250.87,"Total Cost": 147378.76,"Plan Rows": 1,"Plan Width": 26,"Actual Startup Time": 5.056,"Actual Total Time": 508.223,"Actual Rows": 3935,"Actual Loops": 1,"Inner Unique": true,"Plans": [{"Node Type": "Nested Loop","Parent Relationship": "Outer","Parallel Aware": false,"Async Capable": false,"Join Type": "Semi","Startup Cost": 1250.44,"Total Cost": 147378.26,"Plan Rows": 1,"Plan Width": 34,"Actual Startup Time": 5.029,"Actual Total Time": 447.558,"Actual Rows": 8035,"Actual Loops": 1,"Inner Unique": false,"Plans": [{"Node Type": "Gather","Parent Relationship": "Outer","Parallel Aware": false,"Async Capable": false,"Startup Cost": 1250.01,"Total Cost": 147377.22,"Plan Rows": 1,"Plan Width": 34,"Actual Startup Time": 4.623,"Actual Total Time": 341.887,"Actual Rows": 13450,"Actual Loops": 1,"Workers Planned": 4,"Workers Launched": 4,"Single Copy": false,"Plans": [{"Node Type": "Nested Loop","Parent Relationship": "Outer","Parallel Aware": false,"Async Capable": false,"Join Type": "Anti","Startup Cost": 250.01,"Total Cost": 146377.12,"Plan Rows": 1,"Plan Width": 34,"Actual Startup Time": 4.632,"Actual Total Time": 442.832,"Actual Rows": 2690,"Actual Loops": 5,"Inner Unique": false,"Workers": [],"Plans": [{"Node Type": "Hash Join","Parent Relationship": "Outer","Parallel Aware": false,"Async Capable": false,"Join Type": "Inner","Startup Cost": 249.58,"Total Cost": 133581.65,"Plan Rows": 19990,"Plan Width": 34,"Actual Startup Time": 4.440,"Actual Total Time": 353.938,"Actual Rows": 30159,"Actual Loops": 5,"Inner Unique": false,"Hash Cond": "(l1.l_suppkey = supplier.s_suppkey)","Workers": [],"Plans": [{"Node Type": "Seq Scan","Parent Relationship": "Outer","Parallel Aware": true,"Async Capable": false,"Relation Name": "lineitem","Alias": "l1","Startup Cost": 0.00,"Total Cost": 131256.80,"Plan Rows": 500101,"Plan Width": 8,"Actual Startup Time": 0.027,"Actual Total Time": 302.537,"Actual Rows": 758659,"Actual Loops": 5,"Filter": "(l_receiptdate > l_commitdate)","Rows Removed by Filter": 441584,"Workers": []},{"Node Type": "Hash","Parent Relationship": "Inner","Parallel Aware": false,"Async Capable": false,"Startup Cost": 244.58,"Total Cost": 244.58,"Plan Rows": 400,"Plan Width": 30,"Actual Startup Time": 4.114,"Actual Total Time": 4.124,"Actual Rows": 396,"Actual Loops": 5,"Hash Buckets": 1024,"Original Hash Buckets": 1024,"Hash Batches": 1,"Original Hash Batches": 1,"Peak Memory Usage": 33,"Workers": [],"Plans": [{"Node Type": "Nested Loop","Parent Relationship": "Outer","Parallel Aware": false,"Async Capable": false,"Join Type": "Inner","Startup Cost": 7.38,"Total Cost": 244.58,"Plan Rows": 400,"Plan Width": 30,"Actual Startup Time": 0.301,"Actual Total Time": 3.971,"Actual Rows": 396,"Actual Loops": 5,"Inner Unique": false,"Workers": [],"Plans": [{"Node Type": "Seq Scan","Parent Relationship": "Outer","Parallel Aware": false,"Async Capable": false,"Relation Name": "nation","Alias": "nation","Startup Cost": 0.00,"Total Cost": 1.31,"Plan Rows": 1,"Plan Width": 4,"Actual Startup Time": 0.063,"Actual Total Time": 0.068,"Actual Rows": 1,"Actual Loops": 5,"Filter": "(n_name = 'GERMANY'::bpchar)","Rows Removed by Filter": 24,"Workers": []},{"Node Type": "Bitmap Heap Scan","Parent Relationship": "Inner","Parallel Aware": false,"Async Capable": false,"Relation Name": "supplier","Alias": "supplier","Startup Cost": 7.38,"Total Cost": 239.27,"Plan Rows": 400,"Plan Width": 34,"Actual Startup Time": 0.232,"Actual Total Time": 3.829,"Actual Rows": 396,"Actual Loops": 5,"Recheck Cond": "(s_nationkey = nation.n_nationkey)","Rows Removed by Index Recheck": 0,"Exact Heap Blocks": 191,"Lossy Heap Blocks": 0,"Workers": [],"Plans": [{"Node Type": "Bitmap Index Scan","Parent Relationship": "Outer","Parallel Aware": false,"Async Capable": false,"Index Name": "idx_supplier_nation_key","Startup Cost": 0.00,"Total Cost": 7.29,"Plan Rows": 400,"Plan Width": 0,"Actual Startup Time": 0.147,"Actual Total Time": 0.148,"Actual Rows": 396,"Actual Loops": 5,"Index Cond": "(s_nationkey = nation.n_nationkey)","Workers": []}]}]}]}]},{"Node Type": "Index Scan","Parent Relationship": "Inner","Parallel Aware": false,"Async Capable": false,"Scan Direction": "Forward","Index Name": "idx_lineitem_orderkey","Relation Name": "lineitem","Alias": "l3","Startup Cost": 0.43,"Total Cost": 1.06,"Plan Rows": 6,"Plan Width": 8,"Actual Startup Time": 0.003,"Actual Total Time": 0.003,"Actual Rows": 1,"Actual Loops": 150794,"Index Cond": "(l_orderkey = l1.l_orderkey)","Rows Removed by Index Recheck": 0,"Filter": "((l_receiptdate > l_commitdate) AND (l_suppkey <> l1.l_suppkey))","Rows Removed by Filter": 1,"Workers": []}]}]},{"Node Type": "Index Scan","Parent Relationship": "Inner","Parallel Aware": false,"Async Capable": false,"Scan Direction": "Forward","Index Name": "idx_lineitem_orderkey","Relation Name": "lineitem","Alias": "l2","Startup Cost": 0.43,"Total Cost": 1.02,"Plan Rows": 17,"Plan Width": 8,"Actual Startup Time": 0.007,"Actual Total Time": 0.007,"Actual Rows": 1,"Actual Loops": 13450,"Index Cond": "(l_orderkey = l1.l_orderkey)","Rows Removed by Index Recheck": 0,"Filter": "(l_suppkey <> l1.l_suppkey)","Rows Removed by Filter": 1}]},{"Node Type": "Index Scan","Parent Relationship": "Inner","Parallel Aware": false,"Async Capable": false,"Scan Direction": "Forward","Index Name": "orders_pkey","Relation Name": "orders","Alias": "orders","Startup Cost": 0.43,"Total Cost": 0.51,"Plan Rows": 1,"Plan Width": 4,"Actual Startup Time": 0.007,"Actual Total Time": 0.007,"Actual Rows": 0,"Actual Loops": 8035,"Index Cond": "(o_orderkey = l1.l_orderkey)","Rows Removed by Index Recheck": 0,"Filter": "(o_orderstatus = 'F'::bpchar)","Rows Removed by Filter": 1}]}]}]}]},"Planning Time": 8.500,"Triggers": [],"Execution Time": 520.683}]
[{"Plan": {"Node Type": "Sort","Parallel Aware": false,"Async Capable": false,"Startup Cost": 147378.80,"Total Cost": 147378.81,"Plan Rows": 1,"Plan Width": 34,"Actual Startup Time": 500.185,"Actual Total Time": 519.970,"Actual Rows": 396,"Actual Loops": 1,"Sort Key": ["(count(*)) DESC", "supplier.s_name"],"Sort Method": "quicksort","Sort Space Used": 55,"Sort Space Type": "Memory","Plans": [{"Node Type": "Aggregate","Strategy": "Sorted","Partial Mode": "Simple","Parent Relationship": "Outer","Parallel Aware": false,"Async Capable": false,"Startup Cost": 147378.77,"Total Cost": 147378.79,"Plan Rows": 1,"Plan Width": 34,"Actual Startup Time": 498.969,"Actual Total Time": 519.272,"Actual Rows": 396,"Actual Loops": 1,"Group Key": ["supplier.s_name"],"Plans": [{"Node Type": "Sort","Parent Relationship": "Outer","Parallel Aware": false,"Async Capable": false,"Startup Cost": 147378.77,"Total Cost": 147378.78,"Plan Rows": 1,"Plan Width": 26,"Actual Startup Time": 498.950,"Actual Total Time": 518.863,"Actual Rows": 3935,"Actual Loops": 1,"Sort Key": ["supplier.s_name"],"Sort Method": "quicksort","Sort Space Used": 373,"Sort Space Type": "Memory","Plans": [{"Node Type": "Nested Loop","Parent Relationship": "Outer","Parallel Aware": false,"Async Capable": false,"Join Type": "Inner","Startup Cost": 1250.87,"Total Cost": 147378.76,"Plan Rows": 1,"Plan Width": 26,"Actual Startup Time": 5.056,"Actual Total Time": 508.223,"Actual Rows": 3935,"Actual Loops": 1,"Inner Unique": true,"Plans": [{"Node Type": "Nested Loop","Parent Relationship": "Outer","Parallel Aware": false,"Async Capable": false,"Join Type": "Semi","Startup Cost": 1250.44,"Total Cost": 147378.26,"Plan Rows": 1,"Plan Width": 34,"Actual Startup Time": 5.029,"Actual Total Time": 447.558,"Actual Rows": 8035,"Actual Loops": 1,"Inner Unique": false,"Plans": [{"Node Type": "Gather","Parent Relationship": "Outer","Parallel Aware": false,"Async Capable": false,"Startup Cost": 1250.01,"Total Cost": 147377.22,"Plan Rows": 1,"Plan Width": 34,"Actual Startup Time": 4.623,"Actual Total Time": 341.887,"Actual Rows": 13450,"Actual Loops": 1,"Workers Planned": 4,"Workers Launched": 4,"Single Copy": false,"Plans": [{"Node Type": "Nested Loop","Parent Relationship": "Outer","Parallel Aware": false,"Async Capable": false,"Join Type": "Anti","Startup Cost": 250.01,"Total Cost": 146377.12,"Plan Rows": 1,"Plan Width": 34,"Actual Startup Time": 4.632,"Actual Total Time": 442.832,"Actual Rows": 2690,"Actual Loops": 5,"Inner Unique": false,"Workers": [],"Plans": [{"Node Type": "Hash Join","Parent Relationship": "Outer","Parallel Aware": false,"Async Capable": false,"Join Type": "Inner","Startup Cost": 249.58,"Total Cost": 133581.65,"Plan Rows": 19990,"Plan Width": 34,"Actual Startup Time": 4.440,"Actual Total Time": 353.938,"Actual Rows": 30159,"Actual Loops": 5,"Inner Unique": false,"Hash Cond": "(l1.l_suppkey = supplier.s_suppkey)","Workers": [],"Plans": [{"Node Type": "Seq Scan","Parent Relationship": "Outer","Parallel Aware": true,"Async Capable": false,"Relation Name": "lineitem","Alias": "l1","Startup Cost": 0.00,"Total Cost": 131256.80,"Plan Rows": 500101,"Plan Width": 8,"Actual Startup Time": 0.027,"Actual Total Time": 302.537,"Actual Rows": 758659,"Actual Loops": 5,"Filter": "(l_receiptdate > l_commitdate)","Rows Removed by Filter": 441584,"Workers": []},{"Node Type": "Hash","Parent Relationship": "Inner","Parallel Aware": false,"Async Capable": false,"Startup Cost": 244.58,"Total Cost": 244.58,"Plan Rows": 400,"Plan Width": 30,"Actual Startup Time": 4.114,"Actual Total Time": 4.124,"Actual Rows": 396,"Actual Loops": 5,"Hash Buckets": 1024,"Original Hash Buckets": 1024,"Hash Batches": 1,"Original Hash Batches": 1,"Peak Memory Usage": 33,"Workers": [],"Plans": [{"Node Type": "Nested Loop","Parent Relationship": "Outer","Parallel Aware": false,"Async Capable": false,"Join Type": "Inner","Startup Cost": 7.38,"Total Cost": 244.58,"Plan Rows": 400,"Plan Width": 30,"Actual Startup Time": 0.301,"Actual Total Time": 3.971,"Actual Rows": 396,"Actual Loops": 5,"Inner Unique": false,"Workers": [],"Plans": [{"Node Type": "Seq Scan","Parent Relationship": "Outer","Parallel Aware": false,"Async Capable": false,"Relation Name": "nation","Alias": "nation","Startup Cost": 0.00,"Total Cost": 1.31,"Plan Rows": 1,"Plan Width": 4,"Actual Startup Time": 0.063,"Actual Total Time": 0.068,"Actual Rows": 1,"Actual Loops": 5,"Filter": "(n_name = 'GERMANY'::bpchar)","Rows Removed by Filter": 24,"Workers": []},{"Node Type": "Bitmap Heap Scan","Parent Relationship": "Inner","Parallel Aware": false,"Async Capable": false,"Relation Name": "supplier","Alias": "supplier","Startup Cost": 7.38,"Total Cost": 239.27,"Plan Rows": 400,"Plan Width": 34,"Actual Startup Time": 0.232,"Actual Total Time": 3.829,"Actual Rows": 396,"Actual Loops": 5,"Recheck Cond": "(s_nationkey = nation.n_nationkey)","Rows Removed by Index Recheck": 0,"Exact Heap Blocks": 191,"Lossy Heap Blocks": 0,"Workers": [],"Plans": [{"Node Type": "Bitmap Index Scan","Parent Relationship": "Outer","Parallel Aware": false,"Async Capable": false,"Index Name": "idx_supplier_nation_key","Startup Cost": 0.00,"Total Cost": 7.29,"Plan Rows": 400,"Plan Width": 0,"Actual Startup Time": 0.147,"Actual Total Time": 0.148,"Actual Rows": 396,"Actual Loops": 5,"Index Cond": "(s_nationkey = nation.n_nationkey)","Workers": []}]}]}]}]},{"Node Type": "Index Scan","Parent Relationship": "Inner","Parallel Aware": false,"Async Capable": false,"Scan Direction": "Forward","Index Name": "idx_lineitem_orderkey","Relation Name": "lineitem","Alias": "l3","Startup Cost": 0.43,"Total Cost": 1.06,"Plan Rows": 6,"Plan Width": 8,"Actual Startup Time": 0.003,"Actual Total Time": 0.003,"Actual Rows": 1,"Actual Loops": 150794,"Index Cond": "(l_orderkey = l1.l_orderkey)","Rows Removed by Index Recheck": 0,"Filter": "((l_receiptdate > l_commitdate) AND (l_suppkey <> l1.l_suppkey))","Rows Removed by Filter": 1,"Workers": []}]}]},{"Node Type": "Index Scan","Parent Relationship": "Inner","Parallel Aware": false,"Async Capable": false,"Scan Direction": "Forward","Index Name": "idx_lineitem_orderkey","Relation Name": "lineitem","Alias": "l2","Startup Cost": 0.43,"Total Cost": 1.02,"Plan Rows": 17,"Plan Width": 8,"Actual Startup Time": 0.007,"Actual Total Time": 0.007,"Actual Rows": 1,"Actual Loops": 13450,"Index Cond": "(l_orderkey = l1.l_orderkey)","Rows Removed by Index Recheck": 0,"Filter": "(l_suppkey <> l1.l_suppkey)","Rows Removed by Filter": 1}]},{"Node Type": "Index Scan","Parent Relationship": "Inner","Parallel Aware": false,"Async Capable": false,"Scan Direction": "Forward","Index Name": "orders_pkey","Relation Name": "orders","Alias": "orders","Startup Cost": 0.43,"Total Cost": 0.51,"Plan Rows": 1,"Plan Width": 4,"Actual Startup Time": 0.007,"Actual Total Time": 0.007,"Actual Rows": 0,"Actual Loops": 8035,"Index Cond": "(o_orderkey = l1.l_orderkey)","Rows Removed by Index Recheck": 0,"Filter": "(o_orderstatus = 'F'::bpchar)","Rows Removed by Filter": 1}]}]}]}]},"Planning Time": 8.500,"Triggers": [],"Execution Time": 520.683}]
[{"Plan": {"Node Type": "Sort","Parallel Aware": false,"Async Capable": false,"Startup Cost": 147378.80,"Total Cost": 147378.81,"Plan Rows": 1,"Plan Width": 34,"Actual Startup Time": 510.910,"Actual Total Time": 530.461,"Actual Rows": 420,"Actual Loops": 1,"Sort Key": ["(count(*)) DESC", "supplier.s_name"],"Sort Method": "quicksort","Sort Space Used": 57,"Sort Space Type": "Memory","Plans": [{"Node Type": "Aggregate","Strategy": "Sorted","Partial Mode": "Simple","Parent Relationship": "Outer","Parallel Aware": false,"Async Capable": false,"Startup Cost": 147378.77,"Total Cost": 147378.79,"Plan Rows": 1,"Plan Width": 34,"Actual Startup Time": 509.613,"Actual Total Time": 529.683,"Actual Rows": 420,"Actual Loops": 1,"Group Key": ["supplier.s_name"],"Plans": [{"Node Type": "Sort","Parent Relationship": "Outer","Parallel Aware": false,"Async Capable": false,"Startup Cost": 147378.77,"Total Cost": 147378.78,"Plan Rows": 1,"Plan Width": 26,"Actual Startup Time": 509.594,"Actual Total Time": 529.267,"Actual Rows": 4090,"Actual Loops": 1,"Sort Key": ["supplier.s_name"],"Sort Method": "quicksort","Sort Space Used": 384,"Sort Space Type": "Memory","Plans": [{"Node Type": "Nested Loop","Parent Relationship": "Outer","Parallel Aware": false,"Async Capable": false,"Join Type": "Inner","Startup Cost": 1250.87,"Total Cost": 147378.76,"Plan Rows": 1,"Plan Width": 26,"Actual Startup Time": 4.580,"Actual Total Time": 518.201,"Actual Rows": 4090,"Actual Loops": 1,"Inner Unique": true,"Plans": [{"Node Type": "Nested Loop","Parent Relationship": "Outer","Parallel Aware": false,"Async Capable": false,"Join Type": "Semi","Startup Cost": 1250.44,"Total Cost": 147378.26,"Plan Rows": 1,"Plan Width": 34,"Actual Startup Time": 4.545,"Actual Total Time": 454.390,"Actual Rows": 8430,"Actual Loops": 1,"Inner Unique": false,"Plans": [{"Node Type": "Gather","Parent Relationship": "Outer","Parallel Aware": false,"Async Capable": false,"Startup Cost": 1250.01,"Total Cost": 147377.22,"Plan Rows": 1,"Plan Width": 34,"Actual Startup Time": 4.342,"Actual Total Time": 344.810,"Actual Rows": 14089,"Actual Loops": 1,"Workers Planned": 4,"Workers Launched": 4,"Single Copy": false,"Plans": [{"Node Type": "Nested Loop","Parent Relationship": "Outer","Parallel Aware": false,"Async Capable": false,"Join Type": "Anti","Startup Cost": 250.01,"Total Cost": 146377.12,"Plan Rows": 1,"Plan Width": 34,"Actual Startup Time": 5.491,"Actual Total Time": 451.438,"Actual Rows": 2818,"Actual Loops": 5,"Inner Unique": false,"Workers": [],"Plans": [{"Node Type": "Hash Join","Parent Relationship": "Outer","Parallel Aware": false,"Async Capable": false,"Join Type": "Inner","Startup Cost": 249.58,"Total Cost": 133581.65,"Plan Rows": 19990,"Plan Width": 34,"Actual Startup Time": 5.196,"Actual Total Time": 357.512,"Actual Rows": 31960,"Actual Loops": 5,"Inner Unique": false,"Hash Cond": "(l1.l_suppkey = supplier.s_suppkey)","Workers": [],"Plans": [{"Node Type": "Seq Scan","Parent Relationship": "Outer","Parallel Aware": true,"Async Capable": false,"Relation Name": "lineitem","Alias": "l1","Startup Cost": 0.00,"Total Cost": 131256.80,"Plan Rows": 500101,"Plan Width": 8,"Actual Startup Time": 0.027,"Actual Total Time": 305.923,"Actual Rows": 758659,"Actual Loops": 5,"Filter": "(l_receiptdate > l_commitdate)","Rows Removed by Filter": 441584,"Workers": []},{"Node Type": "Hash","Parent Relationship": "Inner","Parallel Aware": false,"Async Capable": false,"Startup Cost": 244.58,"Total Cost": 244.58,"Plan Rows": 400,"Plan Width": 30,"Actual Startup Time": 4.831,"Actual Total Time": 4.844,"Actual Rows": 420,"Actual Loops": 5,"Hash Buckets": 1024,"Original Hash Buckets": 1024,"Hash Batches": 1,"Original Hash Batches": 1,"Peak Memory Usage": 35,"Workers": [],"Plans": [{"Node Type": "Nested Loop","Parent Relationship": "Outer","Parallel Aware": false,"Async Capable": false,"Join Type": "Inner","Startup Cost": 7.38,"Total Cost": 244.58,"Plan Rows": 400,"Plan Width": 30,"Actual Startup Time": 0.275,"Actual Total Time": 4.655,"Actual Rows": 420,"Actual Loops": 5,"Inner Unique": false,"Workers": [],"Plans": [{"Node Type": "Seq Scan","Parent Relationship": "Outer","Parallel Aware": false,"Async Capable": false,"Relation Name": "nation","Alias": "nation","Startup Cost": 0.00,"Total Cost": 1.31,"Plan Rows": 1,"Plan Width": 4,"Actual Startup Time": 0.047,"Actual Total Time": 0.057,"Actual Rows": 1,"Actual Loops": 5,"Filter": "(n_name = 'ALGERIA'::bpchar)","Rows Removed by Filter": 24,"Workers": []},{"Node Type": "Bitmap Heap Scan","Parent Relationship": "Inner","Parallel Aware": false,"Async Capable": false,"Relation Name": "supplier","Alias": "supplier","Startup Cost": 7.38,"Total Cost": 239.27,"Plan Rows": 400,"Plan Width": 34,"Actual Startup Time": 0.222,"Actual Total Time": 4.505,"Actual Rows": 420,"Actual Loops": 5,"Recheck Cond": "(s_nationkey = nation.n_nationkey)","Rows Removed by Index Recheck": 0,"Exact Heap Blocks": 197,"Lossy Heap Blocks": 0,"Workers": [],"Plans": [{"Node Type": "Bitmap Index Scan","Parent Relationship": "Outer","Parallel Aware": false,"Async Capable": false,"Index Name": "idx_supplier_nation_key","Startup Cost": 0.00,"Total Cost": 7.29,"Plan Rows": 400,"Plan Width": 0,"Actual Startup Time": 0.137,"Actual Total Time": 0.140,"Actual Rows": 420,"Actual Loops": 5,"Index Cond": "(s_nationkey = nation.n_nationkey)","Workers": []}]}]}]}]},{"Node Type": "Index Scan","Parent Relationship": "Inner","Parallel Aware": false,"Async Capable": false,"Scan Direction": "Forward","Index Name": "idx_lineitem_orderkey","Relation Name": "lineitem","Alias": "l3","Startup Cost": 0.43,"Total Cost": 1.06,"Plan Rows": 6,"Plan Width": 8,"Actual Startup Time": 0.003,"Actual Total Time": 0.003,"Actual Rows": 1,"Actual Loops": 159800,"Index Cond": "(l_orderkey = l1.l_orderkey)","Rows Removed by Index Recheck": 0,"Filter": "((l_receiptdate > l_commitdate) AND (l_suppkey <> l1.l_suppkey))","Rows Removed by Filter": 1,"Workers": []}]}]},{"Node Type": "Index Scan","Parent Relationship": "Inner","Parallel Aware": false,"Async Capable": false,"Scan Direction": "Forward","Index Name": "idx_lineitem_orderkey","Relation Name": "lineitem","Alias": "l2","Startup Cost": 0.43,"Total Cost": 1.02,"Plan Rows": 17,"Plan Width": 8,"Actual Startup Time": 0.007,"Actual Total Time": 0.007,"Actual Rows": 1,"Actual Loops": 14089,"Index Cond": "(l_orderkey = l1.l_orderkey)","Rows Removed by Index Recheck": 0,"Filter": "(l_suppkey <> l1.l_suppkey)","Rows Removed by Filter": 1}]},{"Node Type": "Index Scan","Parent Relationship": "Inner","Parallel Aware": false,"Async Capable": false,"Scan Direction": "Forward","Index Name": "orders_pkey","Relation Name": "orders","Alias": "orders","Startup Cost": 0.43,"Total Cost": 0.51,"Plan Rows": 1,"Plan Width": 4,"Actual Startup Time": 0.007,"Actual Total Time": 0.007,"Actual Rows": 0,"Actual Loops": 8430,"Index Cond": "(o_orderkey = l1.l_orderkey)","Rows Removed by Index Recheck": 0,"Filter": "(o_orderstatus = 'F'::bpchar)","Rows Removed by Filter": 1}]}]}]}]},"Planning Time": 9.770,"Triggers": [],"Execution Time": 531.084}]
[{"Plan": {"Node Type": "Sort","Parallel Aware": false,"Async Capable": false,"Startup Cost": 147378.80,"Total Cost": 147378.81,"Plan Rows": 1,"Plan Width": 34,"Actual Startup Time": 496.555,"Actual Total Time": 517.754,"Actual Rows": 397,"Actual Loops": 1,"Sort Key": ["(count(*)) DESC", "supplier.s_name"],"Sort Method": "quicksort","Sort Space Used": 56,"Sort Space Type": "Memory","Plans": [{"Node Type": "Aggregate","Strategy": "Sorted","Partial Mode": "Simple","Parent Relationship": "Outer","Parallel Aware": false,"Async Capable": false,"Startup Cost": 147378.77,"Total Cost": 147378.79,"Plan Rows": 1,"Plan Width": 34,"Actual Startup Time": 495.361,"Actual Total Time": 517.058,"Actual Rows": 397,"Actual Loops": 1,"Group Key": ["supplier.s_name"],"Plans": [{"Node Type": "Sort","Parent Relationship": "Outer","Parallel Aware": false,"Async Capable": false,"Startup Cost": 147378.77,"Total Cost": 147378.78,"Plan Rows": 1,"Plan Width": 26,"Actual Startup Time": 495.332,"Actual Total Time": 516.651,"Actual Rows": 3913,"Actual Loops": 1,"Sort Key": ["supplier.s_name"],"Sort Method": "quicksort","Sort Space Used": 372,"Sort Space Type": "Memory","Plans": [{"Node Type": "Nested Loop","Parent Relationship": "Outer","Parallel Aware": false,"Async Capable": false,"Join Type": "Inner","Startup Cost": 1250.87,"Total Cost": 147378.76,"Plan Rows": 1,"Plan Width": 26,"Actual Startup Time": 5.355,"Actual Total Time": 505.328,"Actual Rows": 3913,"Actual Loops": 1,"Inner Unique": true,"Plans": [{"Node Type": "Nested Loop","Parent Relationship": "Outer","Parallel Aware": false,"Async Capable": false,"Join Type": "Semi","Startup Cost": 1250.44,"Total Cost": 147378.26,"Plan Rows": 1,"Plan Width": 34,"Actual Startup Time": 4.468,"Actual Total Time": 441.221,"Actual Rows": 7976,"Actual Loops": 1,"Inner Unique": false,"Plans": [{"Node Type": "Gather","Parent Relationship": "Outer","Parallel Aware": false,"Async Capable": false,"Startup Cost": 1250.01,"Total Cost": 147377.22,"Plan Rows": 1,"Plan Width": 34,"Actual Startup Time": 4.454,"Actual Total Time": 332.117,"Actual Rows": 13419,"Actual Loops": 1,"Workers Planned": 4,"Workers Launched": 4,"Single Copy": false,"Plans": [{"Node Type": "Nested Loop","Parent Relationship": "Outer","Parallel Aware": false,"Async Capable": false,"Join Type": "Anti","Startup Cost": 250.01,"Total Cost": 146377.12,"Plan Rows": 1,"Plan Width": 34,"Actual Startup Time": 5.707,"Actual Total Time": 439.562,"Actual Rows": 2684,"Actual Loops": 5,"Inner Unique": false,"Workers": [],"Plans": [{"Node Type": "Hash Join","Parent Relationship": "Outer","Parallel Aware": false,"Async Capable": false,"Join Type": "Inner","Startup Cost": 249.58,"Total Cost": 133581.65,"Plan Rows": 19990,"Plan Width": 34,"Actual Startup Time": 5.222,"Actual Total Time": 351.394,"Actual Rows": 30171,"Actual Loops": 5,"Inner Unique": false,"Hash Cond": "(l1.l_suppkey = supplier.s_suppkey)","Workers": [],"Plans": [{"Node Type": "Seq Scan","Parent Relationship": "Outer","Parallel Aware": true,"Async Capable": false,"Relation Name": "lineitem","Alias": "l1","Startup Cost": 0.00,"Total Cost": 131256.80,"Plan Rows": 500101,"Plan Width": 8,"Actual Startup Time": 0.029,"Actual Total Time": 300.354,"Actual Rows": 758659,"Actual Loops": 5,"Filter": "(l_receiptdate > l_commitdate)","Rows Removed by Filter": 441584,"Workers": []},{"Node Type": "Hash","Parent Relationship": "Inner","Parallel Aware": false,"Async Capable": false,"Startup Cost": 244.58,"Total Cost": 244.58,"Plan Rows": 400,"Plan Width": 30,"Actual Startup Time": 4.859,"Actual Total Time": 4.869,"Actual Rows": 397,"Actual Loops": 5,"Hash Buckets": 1024,"Original Hash Buckets": 1024,"Hash Batches": 1,"Original Hash Batches": 1,"Peak Memory Usage": 33,"Workers": [],"Plans": [{"Node Type": "Nested Loop","Parent Relationship": "Outer","Parallel Aware": false,"Async Capable": false,"Join Type": "Inner","Startup Cost": 7.38,"Total Cost": 244.58,"Plan Rows": 400,"Plan Width": 30,"Actual Startup Time": 0.335,"Actual Total Time": 4.677,"Actual Rows": 397,"Actual Loops": 5,"Inner Unique": false,"Workers": [],"Plans": [{"Node Type": "Seq Scan","Parent Relationship": "Outer","Parallel Aware": false,"Async Capable": false,"Relation Name": "nation","Alias": "nation","Startup Cost": 0.00,"Total Cost": 1.31,"Plan Rows": 1,"Plan Width": 4,"Actual Startup Time": 0.076,"Actual Total Time": 0.084,"Actual Rows": 1,"Actual Loops": 5,"Filter": "(n_name = 'BRAZIL'::bpchar)","Rows Removed by Filter": 24,"Workers": []},{"Node Type": "Bitmap Heap Scan","Parent Relationship": "Inner","Parallel Aware": false,"Async Capable": false,"Relation Name": "supplier","Alias": "supplier","Startup Cost": 7.38,"Total Cost": 239.27,"Plan Rows": 400,"Plan Width": 34,"Actual Startup Time": 0.255,"Actual Total Time": 4.499,"Actual Rows": 397,"Actual Loops": 5,"Recheck Cond": "(s_nationkey = nation.n_nationkey)","Rows Removed by Index Recheck": 0,"Exact Heap Blocks": 187,"Lossy Heap Blocks": 0,"Workers": [],"Plans": [{"Node Type": "Bitmap Index Scan","Parent Relationship": "Outer","Parallel Aware": false,"Async Capable": false,"Index Name": "idx_supplier_nation_key","Startup Cost": 0.00,"Total Cost": 7.29,"Plan Rows": 400,"Plan Width": 0,"Actual Startup Time": 0.169,"Actual Total Time": 0.170,"Actual Rows": 397,"Actual Loops": 5,"Index Cond": "(s_nationkey = nation.n_nationkey)","Workers": []}]}]}]}]},{"Node Type": "Index Scan","Parent Relationship": "Inner","Parallel Aware": false,"Async Capable": false,"Scan Direction": "Forward","Index Name": "idx_lineitem_orderkey","Relation Name": "lineitem","Alias": "l3","Startup Cost": 0.43,"Total Cost": 1.06,"Plan Rows": 6,"Plan Width": 8,"Actual Startup Time": 0.003,"Actual Total Time": 0.003,"Actual Rows": 1,"Actual Loops": 150857,"Index Cond": "(l_orderkey = l1.l_orderkey)","Rows Removed by Index Recheck": 0,"Filter": "((l_receiptdate > l_commitdate) AND (l_suppkey <> l1.l_suppkey))","Rows Removed by Filter": 1,"Workers": []}]}]},{"Node Type": "Index Scan","Parent Relationship": "Inner","Parallel Aware": false,"Async Capable": false,"Scan Direction": "Forward","Index Name": "idx_lineitem_orderkey","Relation Name": "lineitem","Alias": "l2","Startup Cost": 0.43,"Total Cost": 1.02,"Plan Rows": 17,"Plan Width": 8,"Actual Startup Time": 0.008,"Actual Total Time": 0.008,"Actual Rows": 1,"Actual Loops": 13419,"Index Cond": "(l_orderkey = l1.l_orderkey)","Rows Removed by Index Recheck": 0,"Filter": "(l_suppkey <> l1.l_suppkey)","Rows Removed by Filter": 1}]},{"Node Type": "Index Scan","Parent Relationship": "Inner","Parallel Aware": false,"Async Capable": false,"Scan Direction": "Forward","Index Name": "orders_pkey","Relation Name": "orders","Alias": "orders","Startup Cost": 0.43,"Total Cost": 0.51,"Plan Rows": 1,"Plan Width": 4,"Actual Startup Time": 0.008,"Actual Total Time": 0.008,"Actual Rows": 0,"Actual Loops": 7976,"Index Cond": "(o_orderkey = l1.l_orderkey)","Rows Removed by Index Recheck": 0,"Filter": "(o_orderstatus = 'F'::bpchar)","Rows Removed by Filter": 1}]}]}]}]},"Planning Time": 8.213,"Triggers": [],"Execution Time": 518.316}]
[{"Plan": {"Node Type": "Sort","Parallel Aware": false,"Async Capable": false,"Startup Cost": 147378.80,"Total Cost": 147378.81,"Plan Rows": 1,"Plan Width": 34,"Actual Startup Time": 494.557,"Actual Total Time": 516.628,"Actual Rows": 380,"Actual Loops": 1,"Sort Key": ["(count(*)) DESC", "supplier.s_name"],"Sort Method": "quicksort","Sort Space Used": 54,"Sort Space Type": "Memory","Plans": [{"Node Type": "Aggregate","Strategy": "Sorted","Partial Mode": "Simple","Parent Relationship": "Outer","Parallel Aware": false,"Async Capable": false,"Startup Cost": 147378.77,"Total Cost": 147378.79,"Plan Rows": 1,"Plan Width": 34,"Actual Startup Time": 493.417,"Actual Total Time": 515.990,"Actual Rows": 380,"Actual Loops": 1,"Group Key": ["supplier.s_name"],"Plans": [{"Node Type": "Sort","Parent Relationship": "Outer","Parallel Aware": false,"Async Capable": false,"Startup Cost": 147378.77,"Total Cost": 147378.78,"Plan Rows": 1,"Plan Width": 26,"Actual Startup Time": 493.396,"Actual Total Time": 515.587,"Actual Rows": 3777,"Actual Loops": 1,"Sort Key": ["supplier.s_name"],"Sort Method": "quicksort","Sort Space Used": 362,"Sort Space Type": "Memory","Plans": [{"Node Type": "Nested Loop","Parent Relationship": "Outer","Parallel Aware": false,"Async Capable": false,"Join Type": "Inner","Startup Cost": 1250.87,"Total Cost": 147378.76,"Plan Rows": 1,"Plan Width": 26,"Actual Startup Time": 4.998,"Actual Total Time": 504.711,"Actual Rows": 3777,"Actual Loops": 1,"Inner Unique": true,"Plans": [{"Node Type": "Nested Loop","Parent Relationship": "Outer","Parallel Aware": false,"Async Capable": false,"Join Type": "Semi","Startup Cost": 1250.44,"Total Cost": 147378.26,"Plan Rows": 1,"Plan Width": 34,"Actual Startup Time": 4.963,"Actual Total Time": 440.621,"Actual Rows": 7670,"Actual Loops": 1,"Inner Unique": false,"Plans": [{"Node Type": "Gather","Parent Relationship": "Outer","Parallel Aware": false,"Async Capable": false,"Startup Cost": 1250.01,"Total Cost": 147377.22,"Plan Rows": 1,"Plan Width": 34,"Actual Startup Time": 4.951,"Actual Total Time": 333.201,"Actual Rows": 12935,"Actual Loops": 1,"Workers Planned": 4,"Workers Launched": 4,"Single Copy": false,"Plans": [{"Node Type": "Nested Loop","Parent Relationship": "Outer","Parallel Aware": false,"Async Capable": false,"Join Type": "Anti","Startup Cost": 250.01,"Total Cost": 146377.12,"Plan Rows": 1,"Plan Width": 34,"Actual Startup Time": 5.873,"Actual Total Time": 437.867,"Actual Rows": 2587,"Actual Loops": 5,"Inner Unique": false,"Workers": [],"Plans": [{"Node Type": "Hash Join","Parent Relationship": "Outer","Parallel Aware": false,"Async Capable": false,"Join Type": "Inner","Startup Cost": 249.58,"Total Cost": 133581.65,"Plan Rows": 19990,"Plan Width": 34,"Actual Startup Time": 5.239,"Actual Total Time": 352.656,"Actual Rows": 28741,"Actual Loops": 5,"Inner Unique": false,"Hash Cond": "(l1.l_suppkey = supplier.s_suppkey)","Workers": [],"Plans": [{"Node Type": "Seq Scan","Parent Relationship": "Outer","Parallel Aware": true,"Async Capable": false,"Relation Name": "lineitem","Alias": "l1","Startup Cost": 0.00,"Total Cost": 131256.80,"Plan Rows": 500101,"Plan Width": 8,"Actual Startup Time": 0.031,"Actual Total Time": 300.900,"Actual Rows": 758659,"Actual Loops": 5,"Filter": "(l_receiptdate > l_commitdate)","Rows Removed by Filter": 441584,"Workers": []},{"Node Type": "Hash","Parent Relationship": "Inner","Parallel Aware": false,"Async Capable": false,"Startup Cost": 244.58,"Total Cost": 244.58,"Plan Rows": 400,"Plan Width": 30,"Actual Startup Time": 4.907,"Actual Total Time": 4.921,"Actual Rows": 380,"Actual Loops": 5,"Hash Buckets": 1024,"Original Hash Buckets": 1024,"Hash Batches": 1,"Original Hash Batches": 1,"Peak Memory Usage": 32,"Workers": [],"Plans": [{"Node Type": "Nested Loop","Parent Relationship": "Outer","Parallel Aware": false,"Async Capable": false,"Join Type": "Inner","Startup Cost": 7.38,"Total Cost": 244.58,"Plan Rows": 400,"Plan Width": 30,"Actual Startup Time": 0.293,"Actual Total Time": 4.740,"Actual Rows": 380,"Actual Loops": 5,"Inner Unique": false,"Workers": [],"Plans": [{"Node Type": "Seq Scan","Parent Relationship": "Outer","Parallel Aware": false,"Async Capable": false,"Relation Name": "nation","Alias": "nation","Startup Cost": 0.00,"Total Cost": 1.31,"Plan Rows": 1,"Plan Width": 4,"Actual Startup Time": 0.048,"Actual Total Time": 0.056,"Actual Rows": 1,"Actual Loops": 5,"Filter": "(n_name = 'ETHIOPIA'::bpchar)","Rows Removed by Filter": 24,"Workers": []},{"Node Type": "Bitmap Heap Scan","Parent Relationship": "Inner","Parallel Aware": false,"Async Capable": false,"Relation Name": "supplier","Alias": "supplier","Startup Cost": 7.38,"Total Cost": 239.27,"Plan Rows": 400,"Plan Width": 34,"Actual Startup Time": 0.240,"Actual Total Time": 4.598,"Actual Rows": 380,"Actual Loops": 5,"Recheck Cond": "(s_nationkey = nation.n_nationkey)","Rows Removed by Index Recheck": 0,"Exact Heap Blocks": 192,"Lossy Heap Blocks": 0,"Workers": [],"Plans": [{"Node Type": "Bitmap Index Scan","Parent Relationship": "Outer","Parallel Aware": false,"Async Capable": false,"Index Name": "idx_supplier_nation_key","Startup Cost": 0.00,"Total Cost": 7.29,"Plan Rows": 400,"Plan Width": 0,"Actual Startup Time": 0.158,"Actual Total Time": 0.159,"Actual Rows": 380,"Actual Loops": 5,"Index Cond": "(s_nationkey = nation.n_nationkey)","Workers": []}]}]}]}]},{"Node Type": "Index Scan","Parent Relationship": "Inner","Parallel Aware": false,"Async Capable": false,"Scan Direction": "Forward","Index Name": "idx_lineitem_orderkey","Relation Name": "lineitem","Alias": "l3","Startup Cost": 0.43,"Total Cost": 1.06,"Plan Rows": 6,"Plan Width": 8,"Actual Startup Time": 0.003,"Actual Total Time": 0.003,"Actual Rows": 1,"Actual Loops": 143707,"Index Cond": "(l_orderkey = l1.l_orderkey)","Rows Removed by Index Recheck": 0,"Filter": "((l_receiptdate > l_commitdate) AND (l_suppkey <> l1.l_suppkey))","Rows Removed by Filter": 1,"Workers": []}]}]},{"Node Type": "Index Scan","Parent Relationship": "Inner","Parallel Aware": false,"Async Capable": false,"Scan Direction": "Forward","Index Name": "idx_lineitem_orderkey","Relation Name": "lineitem","Alias": "l2","Startup Cost": 0.43,"Total Cost": 1.02,"Plan Rows": 17,"Plan Width": 8,"Actual Startup Time": 0.008,"Actual Total Time": 0.008,"Actual Rows": 1,"Actual Loops": 12935,"Index Cond": "(l_orderkey = l1.l_orderkey)","Rows Removed by Index Recheck": 0,"Filter": "(l_suppkey <> l1.l_suppkey)","Rows Removed by Filter": 1}]},{"Node Type": "Index Scan","Parent Relationship": "Inner","Parallel Aware": false,"Async Capable": false,"Scan Direction": "Forward","Index Name": "orders_pkey","Relation Name": "orders","Alias": "orders","Startup Cost": 0.43,"Total Cost": 0.51,"Plan Rows": 1,"Plan Width": 4,"Actual Startup Time": 0.008,"Actual Total Time": 0.008,"Actual Rows": 0,"Actual Loops": 7670,"Index Cond": "(o_orderkey = l1.l_orderkey)","Rows Removed by Index Recheck": 0,"Filter": "(o_orderstatus = 'F'::bpchar)","Rows Removed by Filter": 1}]}]}]}]},"Planning Time": 9.415,"Triggers": [],"Execution Time": 517.200}]
[{"Plan": {"Node Type": "Sort","Parallel Aware": false,"Async Capable": false,"Startup Cost": 147378.80,"Total Cost": 147378.81,"Plan Rows": 1,"Plan Width": 34,"Actual Startup Time": 501.304,"Actual Total Time": 522.071,"Actual Rows": 393,"Actual Loops": 1,"Sort Key": ["(count(*)) DESC", "supplier.s_name"],"Sort Method": "quicksort","Sort Space Used": 55,"Sort Space Type": "Memory","Plans": [{"Node Type": "Aggregate","Strategy": "Sorted","Partial Mode": "Simple","Parent Relationship": "Outer","Parallel Aware": false,"Async Capable": false,"Startup Cost": 147378.77,"Total Cost": 147378.79,"Plan Rows": 1,"Plan Width": 34,"Actual Startup Time": 500.141,"Actual Total Time": 521.406,"Actual Rows": 393,"Actual Loops": 1,"Group Key": ["supplier.s_name"],"Plans": [{"Node Type": "Sort","Parent Relationship": "Outer","Parallel Aware": false,"Async Capable": false,"Startup Cost": 147378.77,"Total Cost": 147378.78,"Plan Rows": 1,"Plan Width": 26,"Actual Startup Time": 500.117,"Actual Total Time": 521.005,"Actual Rows": 3888,"Actual Loops": 1,"Sort Key": ["supplier.s_name"],"Sort Method": "quicksort","Sort Space Used": 370,"Sort Space Type": "Memory","Plans": [{"Node Type": "Nested Loop","Parent Relationship": "Outer","Parallel Aware": false,"Async Capable": false,"Join Type": "Inner","Startup Cost": 1250.87,"Total Cost": 147378.76,"Plan Rows": 1,"Plan Width": 26,"Actual Startup Time": 4.419,"Actual Total Time": 510.533,"Actual Rows": 3888,"Actual Loops": 1,"Inner Unique": true,"Plans": [{"Node Type": "Nested Loop","Parent Relationship": "Outer","Parallel Aware": false,"Async Capable": false,"Join Type": "Semi","Startup Cost": 1250.44,"Total Cost": 147378.26,"Plan Rows": 1,"Plan Width": 34,"Actual Startup Time": 4.399,"Actual Total Time": 450.183,"Actual Rows": 7870,"Actual Loops": 1,"Inner Unique": false,"Plans": [{"Node Type": "Gather","Parent Relationship": "Outer","Parallel Aware": false,"Async Capable": false,"Startup Cost": 1250.01,"Total Cost": 147377.22,"Plan Rows": 1,"Plan Width": 34,"Actual Startup Time": 4.381,"Actual Total Time": 345.433,"Actual Rows": 13167,"Actual Loops": 1,"Workers Planned": 4,"Workers Launched": 4,"Single Copy": false,"Plans": [{"Node Type": "Nested Loop","Parent Relationship": "Outer","Parallel Aware": false,"Async Capable": false,"Join Type": "Anti","Startup Cost": 250.01,"Total Cost": 146377.12,"Plan Rows": 1,"Plan Width": 34,"Actual Startup Time": 4.384,"Actual Total Time": 444.967,"Actual Rows": 2633,"Actual Loops": 5,"Inner Unique": false,"Workers": [],"Plans": [{"Node Type": "Hash Join","Parent Relationship": "Outer","Parallel Aware": false,"Async Capable": false,"Join Type": "Inner","Startup Cost": 249.58,"Total Cost": 133581.65,"Plan Rows": 19990,"Plan Width": 34,"Actual Startup Time": 4.142,"Actual Total Time": 356.305,"Actual Rows": 29760,"Actual Loops": 5,"Inner Unique": false,"Hash Cond": "(l1.l_suppkey = supplier.s_suppkey)","Workers": [],"Plans": [{"Node Type": "Seq Scan","Parent Relationship": "Outer","Parallel Aware": true,"Async Capable": false,"Relation Name": "lineitem","Alias": "l1","Startup Cost": 0.00,"Total Cost": 131256.80,"Plan Rows": 500101,"Plan Width": 8,"Actual Startup Time": 0.027,"Actual Total Time": 306.242,"Actual Rows": 758659,"Actual Loops": 5,"Filter": "(l_receiptdate > l_commitdate)","Rows Removed by Filter": 441584,"Workers": []},{"Node Type": "Hash","Parent Relationship": "Inner","Parallel Aware": false,"Async Capable": false,"Startup Cost": 244.58,"Total Cost": 244.58,"Plan Rows": 400,"Plan Width": 30,"Actual Startup Time": 3.834,"Actual Total Time": 3.847,"Actual Rows": 393,"Actual Loops": 5,"Hash Buckets": 1024,"Original Hash Buckets": 1024,"Hash Batches": 1,"Original Hash Batches": 1,"Peak Memory Usage": 33,"Workers": [],"Plans": [{"Node Type": "Nested Loop","Parent Relationship": "Outer","Parallel Aware": false,"Async Capable": false,"Join Type": "Inner","Startup Cost": 7.38,"Total Cost": 244.58,"Plan Rows": 400,"Plan Width": 30,"Actual Startup Time": 0.244,"Actual Total Time": 3.695,"Actual Rows": 393,"Actual Loops": 5,"Inner Unique": false,"Workers": [],"Plans": [{"Node Type": "Seq Scan","Parent Relationship": "Outer","Parallel Aware": false,"Async Capable": false,"Relation Name": "nation","Alias": "nation","Startup Cost": 0.00,"Total Cost": 1.31,"Plan Rows": 1,"Plan Width": 4,"Actual Startup Time": 0.049,"Actual Total Time": 0.055,"Actual Rows": 1,"Actual Loops": 5,"Filter": "(n_name = 'IRAN'::bpchar)","Rows Removed by Filter": 24,"Workers": []},{"Node Type": "Bitmap Heap Scan","Parent Relationship": "Inner","Parallel Aware": false,"Async Capable": false,"Relation Name": "supplier","Alias": "supplier","Startup Cost": 7.38,"Total Cost": 239.27,"Plan Rows": 400,"Plan Width": 34,"Actual Startup Time": 0.188,"Actual Total Time": 3.562,"Actual Rows": 393,"Actual Loops": 5,"Recheck Cond": "(s_nationkey = nation.n_nationkey)","Rows Removed by Index Recheck": 0,"Exact Heap Blocks": 179,"Lossy Heap Blocks": 0,"Workers": [],"Plans": [{"Node Type": "Bitmap Index Scan","Parent Relationship": "Outer","Parallel Aware": false,"Async Capable": false,"Index Name": "idx_supplier_nation_key","Startup Cost": 0.00,"Total Cost": 7.29,"Plan Rows": 400,"Plan Width": 0,"Actual Startup Time": 0.116,"Actual Total Time": 0.118,"Actual Rows": 393,"Actual Loops": 5,"Index Cond": "(s_nationkey = nation.n_nationkey)","Workers": []}]}]}]}]},{"Node Type": "Index Scan","Parent Relationship": "Inner","Parallel Aware": false,"Async Capable": false,"Scan Direction": "Forward","Index Name": "idx_lineitem_orderkey","Relation Name": "lineitem","Alias": "l3","Startup Cost": 0.43,"Total Cost": 1.06,"Plan Rows": 6,"Plan Width": 8,"Actual Startup Time": 0.003,"Actual Total Time": 0.003,"Actual Rows": 1,"Actual Loops": 148802,"Index Cond": "(l_orderkey = l1.l_orderkey)","Rows Removed by Index Recheck": 0,"Filter": "((l_receiptdate > l_commitdate) AND (l_suppkey <> l1.l_suppkey))","Rows Removed by Filter": 1,"Workers": []}]}]},{"Node Type": "Index Scan","Parent Relationship": "Inner","Parallel Aware": false,"Async Capable": false,"Scan Direction": "Forward","Index Name": "idx_lineitem_orderkey","Relation Name": "lineitem","Alias": "l2","Startup Cost": 0.43,"Total Cost": 1.02,"Plan Rows": 17,"Plan Width": 8,"Actual Startup Time": 0.008,"Actual Total Time": 0.008,"Actual Rows": 1,"Actual Loops": 13167,"Index Cond": "(l_orderkey = l1.l_orderkey)","Rows Removed by Index Recheck": 0,"Filter": "(l_suppkey <> l1.l_suppkey)","Rows Removed by Filter": 1}]},{"Node Type": "Index Scan","Parent Relationship": "Inner","Parallel Aware": false,"Async Capable": false,"Scan Direction": "Forward","Index Name": "orders_pkey","Relation Name": "orders","Alias": "orders","Startup Cost": 0.43,"Total Cost": 0.51,"Plan Rows": 1,"Plan Width": 4,"Actual Startup Time": 0.007,"Actual Total Time": 0.007,"Actual Rows": 0,"Actual Loops": 7870,"Index Cond": "(o_orderkey = l1.l_orderkey)","Rows Removed by Index Recheck": 0,"Filter": "(o_orderstatus = 'F'::bpchar)","Rows Removed by Filter": 1}]}]}]}]},"Planning Time": 9.769,"Triggers": [],"Execution Time": 522.666}]
[{"Plan": {"Node Type": "Sort","Parallel Aware": false,"Async Capable": false,"Startup Cost": 147378.80,"Total Cost": 147378.81,"Plan Rows": 1,"Plan Width": 34,"Actual Startup Time": 496.555,"Actual Total Time": 517.754,"Actual Rows": 397,"Actual Loops": 1,"Sort Key": ["(count(*)) DESC", "supplier.s_name"],"Sort Method": "quicksort","Sort Space Used": 56,"Sort Space Type": "Memory","Plans": [{"Node Type": "Aggregate","Strategy": "Sorted","Partial Mode": "Simple","Parent Relationship": "Outer","Parallel Aware": false,"Async Capable": false,"Startup Cost": 147378.77,"Total Cost": 147378.79,"Plan Rows": 1,"Plan Width": 34,"Actual Startup Time": 495.361,"Actual Total Time": 517.058,"Actual Rows": 397,"Actual Loops": 1,"Group Key": ["supplier.s_name"],"Plans": [{"Node Type": "Sort","Parent Relationship": "Outer","Parallel Aware": false,"Async Capable": false,"Startup Cost": 147378.77,"Total Cost": 147378.78,"Plan Rows": 1,"Plan Width": 26,"Actual Startup Time": 495.332,"Actual Total Time": 516.651,"Actual Rows": 3913,"Actual Loops": 1,"Sort Key": ["supplier.s_name"],"Sort Method": "quicksort","Sort Space Used": 372,"Sort Space Type": "Memory","Plans": [{"Node Type": "Nested Loop","Parent Relationship": "Outer","Parallel Aware": false,"Async Capable": false,"Join Type": "Inner","Startup Cost": 1250.87,"Total Cost": 147378.76,"Plan Rows": 1,"Plan Width": 26,"Actual Startup Time": 5.355,"Actual Total Time": 505.328,"Actual Rows": 3913,"Actual Loops": 1,"Inner Unique": true,"Plans": [{"Node Type": "Nested Loop","Parent Relationship": "Outer","Parallel Aware": false,"Async Capable": false,"Join Type": "Semi","Startup Cost": 1250.44,"Total Cost": 147378.26,"Plan Rows": 1,"Plan Width": 34,"Actual Startup Time": 4.468,"Actual Total Time": 441.221,"Actual Rows": 7976,"Actual Loops": 1,"Inner Unique": false,"Plans": [{"Node Type": "Gather","Parent Relationship": "Outer","Parallel Aware": false,"Async Capable": false,"Startup Cost": 1250.01,"Total Cost": 147377.22,"Plan Rows": 1,"Plan Width": 34,"Actual Startup Time": 4.454,"Actual Total Time": 332.117,"Actual Rows": 13419,"Actual Loops": 1,"Workers Planned": 4,"Workers Launched": 4,"Single Copy": false,"Plans": [{"Node Type": "Nested Loop","Parent Relationship": "Outer","Parallel Aware": false,"Async Capable": false,"Join Type": "Anti","Startup Cost": 250.01,"Total Cost": 146377.12,"Plan Rows": 1,"Plan Width": 34,"Actual Startup Time": 5.707,"Actual Total Time": 439.562,"Actual Rows": 2684,"Actual Loops": 5,"Inner Unique": false,"Workers": [],"Plans": [{"Node Type": "Hash Join","Parent Relationship": "Outer","Parallel Aware": false,"Async Capable": false,"Join Type": "Inner","Startup Cost": 249.58,"Total Cost": 133581.65,"Plan Rows": 19990,"Plan Width": 34,"Actual Startup Time": 5.222,"Actual Total Time": 351.394,"Actual Rows": 30171,"Actual Loops": 5,"Inner Unique": false,"Hash Cond": "(l1.l_suppkey = supplier.s_suppkey)","Workers": [],"Plans": [{"Node Type": "Seq Scan","Parent Relationship": "Outer","Parallel Aware": true,"Async Capable": false,"Relation Name": "lineitem","Alias": "l1","Startup Cost": 0.00,"Total Cost": 131256.80,"Plan Rows": 500101,"Plan Width": 8,"Actual Startup Time": 0.029,"Actual Total Time": 300.354,"Actual Rows": 758659,"Actual Loops": 5,"Filter": "(l_receiptdate > l_commitdate)","Rows Removed by Filter": 441584,"Workers": []},{"Node Type": "Hash","Parent Relationship": "Inner","Parallel Aware": false,"Async Capable": false,"Startup Cost": 244.58,"Total Cost": 244.58,"Plan Rows": 400,"Plan Width": 30,"Actual Startup Time": 4.859,"Actual Total Time": 4.869,"Actual Rows": 397,"Actual Loops": 5,"Hash Buckets": 1024,"Original Hash Buckets": 1024,"Hash Batches": 1,"Original Hash Batches": 1,"Peak Memory Usage": 33,"Workers": [],"Plans": [{"Node Type": "Nested Loop","Parent Relationship": "Outer","Parallel Aware": false,"Async Capable": false,"Join Type": "Inner","Startup Cost": 7.38,"Total Cost": 244.58,"Plan Rows": 400,"Plan Width": 30,"Actual Startup Time": 0.335,"Actual Total Time": 4.677,"Actual Rows": 397,"Actual Loops": 5,"Inner Unique": false,"Workers": [],"Plans": [{"Node Type": "Seq Scan","Parent Relationship": "Outer","Parallel Aware": false,"Async Capable": false,"Relation Name": "nation","Alias": "nation","Startup Cost": 0.00,"Total Cost": 1.31,"Plan Rows": 1,"Plan Width": 4,"Actual Startup Time": 0.076,"Actual Total Time": 0.084,"Actual Rows": 1,"Actual Loops": 5,"Filter": "(n_name = 'BRAZIL'::bpchar)","Rows Removed by Filter": 24,"Workers": []},{"Node Type": "Bitmap Heap Scan","Parent Relationship": "Inner","Parallel Aware": false,"Async Capable": false,"Relation Name": "supplier","Alias": "supplier","Startup Cost": 7.38,"Total Cost": 239.27,"Plan Rows": 400,"Plan Width": 34,"Actual Startup Time": 0.255,"Actual Total Time": 4.499,"Actual Rows": 397,"Actual Loops": 5,"Recheck Cond": "(s_nationkey = nation.n_nationkey)","Rows Removed by Index Recheck": 0,"Exact Heap Blocks": 187,"Lossy Heap Blocks": 0,"Workers": [],"Plans": [{"Node Type": "Bitmap Index Scan","Parent Relationship": "Outer","Parallel Aware": false,"Async Capable": false,"Index Name": "idx_supplier_nation_key","Startup Cost": 0.00,"Total Cost": 7.29,"Plan Rows": 400,"Plan Width": 0,"Actual Startup Time": 0.169,"Actual Total Time": 0.170,"Actual Rows": 397,"Actual Loops": 5,"Index Cond": "(s_nationkey = nation.n_nationkey)","Workers": []}]}]}]}]},{"Node Type": "Index Scan","Parent Relationship": "Inner","Parallel Aware": false,"Async Capable": false,"Scan Direction": "Forward","Index Name": "idx_lineitem_orderkey","Relation Name": "lineitem","Alias": "l3","Startup Cost": 0.43,"Total Cost": 1.06,"Plan Rows": 6,"Plan Width": 8,"Actual Startup Time": 0.003,"Actual Total Time": 0.003,"Actual Rows": 1,"Actual Loops": 150857,"Index Cond": "(l_orderkey = l1.l_orderkey)","Rows Removed by Index Recheck": 0,"Filter": "((l_receiptdate > l_commitdate) AND (l_suppkey <> l1.l_suppkey))","Rows Removed by Filter": 1,"Workers": []}]}]},{"Node Type": "Index Scan","Parent Relationship": "Inner","Parallel Aware": false,"Async Capable": false,"Scan Direction": "Forward","Index Name": "idx_lineitem_orderkey","Relation Name": "lineitem","Alias": "l2","Startup Cost": 0.43,"Total Cost": 1.02,"Plan Rows": 17,"Plan Width": 8,"Actual Startup Time": 0.008,"Actual Total Time": 0.008,"Actual Rows": 1,"Actual Loops": 13419,"Index Cond": "(l_orderkey = l1.l_orderkey)","Rows Removed by Index Recheck": 0,"Filter": "(l_suppkey <> l1.l_suppkey)","Rows Removed by Filter": 1}]},{"Node Type": "Index Scan","Parent Relationship": "Inner","Parallel Aware": false,"Async Capable": false,"Scan Direction": "Forward","Index Name": "orders_pkey","Relation Name": "orders","Alias": "orders","Startup Cost": 0.43,"Total Cost": 0.51,"Plan Rows": 1,"Plan Width": 4,"Actual Startup Time": 0.008,"Actual Total Time": 0.008,"Actual Rows": 0,"Actual Loops": 7976,"Index Cond": "(o_orderkey = l1.l_orderkey)","Rows Removed by Index Recheck": 0,"Filter": "(o_orderstatus = 'F'::bpchar)","Rows Removed by Filter": 1}]}]}]}]},"Planning Time": 8.213,"Triggers": [],"Execution Time": 518.316}]
[{"Plan": {"Node Type": "Sort","Parallel Aware": false,"Async Capable": false,"Startup Cost": 147378.80,"Total Cost": 147378.81,"Plan Rows": 1,"Plan Width": 34,"Actual Startup Time": 500.228,"Actual Total Time": 519.082,"Actual Rows": 412,"Actual Loops": 1,"Sort Key": ["(count(*)) DESC", "supplier.s_name"],"Sort Method": "quicksort","Sort Space Used": 57,"Sort Space Type": "Memory","Plans": [{"Node Type": "Aggregate","Strategy": "Sorted","Partial Mode": "Simple","Parent Relationship": "Outer","Parallel Aware": false,"Async Capable": false,"Startup Cost": 147378.77,"Total Cost": 147378.79,"Plan Rows": 1,"Plan Width": 34,"Actual Startup Time": 498.981,"Actual Total Time": 518.359,"Actual Rows": 412,"Actual Loops": 1,"Group Key": ["supplier.s_name"],"Plans": [{"Node Type": "Sort","Parent Relationship": "Outer","Parallel Aware": false,"Async Capable": false,"Startup Cost": 147378.77,"Total Cost": 147378.78,"Plan Rows": 1,"Plan Width": 26,"Actual Startup Time": 498.949,"Actual Total Time": 517.928,"Actual Rows": 4030,"Actual Loops": 1,"Sort Key": ["supplier.s_name"],"Sort Method": "quicksort","Sort Space Used": 380,"Sort Space Type": "Memory","Plans": [{"Node Type": "Nested Loop","Parent Relationship": "Outer","Parallel Aware": false,"Async Capable": false,"Join Type": "Inner","Startup Cost": 1250.87,"Total Cost": 147378.76,"Plan Rows": 1,"Plan Width": 26,"Actual Startup Time": 4.020,"Actual Total Time": 506.052,"Actual Rows": 4030,"Actual Loops": 1,"Inner Unique": true,"Plans": [{"Node Type": "Nested Loop","Parent Relationship": "Outer","Parallel Aware": false,"Async Capable": false,"Join Type": "Semi","Startup Cost": 1250.44,"Total Cost": 147378.26,"Plan Rows": 1,"Plan Width": 34,"Actual Startup Time": 3.993,"Actual Total Time": 443.011,"Actual Rows": 8146,"Actual Loops": 1,"Inner Unique": false,"Plans": [{"Node Type": "Gather","Parent Relationship": "Outer","Parallel Aware": false,"Async Capable": false,"Startup Cost": 1250.01,"Total Cost": 147377.22,"Plan Rows": 1,"Plan Width": 34,"Actual Startup Time": 3.980,"Actual Total Time": 336.738,"Actual Rows": 13748,"Actual Loops": 1,"Workers Planned": 4,"Workers Launched": 4,"Single Copy": false,"Plans": [{"Node Type": "Nested Loop","Parent Relationship": "Outer","Parallel Aware": false,"Async Capable": false,"Join Type": "Anti","Startup Cost": 250.01,"Total Cost": 146377.12,"Plan Rows": 1,"Plan Width": 34,"Actual Startup Time": 4.569,"Actual Total Time": 441.712,"Actual Rows": 2750,"Actual Loops": 5,"Inner Unique": false,"Workers": [],"Plans": [{"Node Type": "Hash Join","Parent Relationship": "Outer","Parallel Aware": false,"Async Capable": false,"Join Type": "Inner","Startup Cost": 249.58,"Total Cost": 133581.65,"Plan Rows": 19990,"Plan Width": 34,"Actual Startup Time": 4.262,"Actual Total Time": 350.942,"Actual Rows": 31209,"Actual Loops": 5,"Inner Unique": false,"Hash Cond": "(l1.l_suppkey = supplier.s_suppkey)","Workers": [],"Plans": [{"Node Type": "Seq Scan","Parent Relationship": "Outer","Parallel Aware": true,"Async Capable": false,"Relation Name": "lineitem","Alias": "l1","Startup Cost": 0.00,"Total Cost": 131256.80,"Plan Rows": 500101,"Plan Width": 8,"Actual Startup Time": 0.026,"Actual Total Time": 299.296,"Actual Rows": 758659,"Actual Loops": 5,"Filter": "(l_receiptdate > l_commitdate)","Rows Removed by Filter": 441584,"Workers": []},{"Node Type": "Hash","Parent Relationship": "Inner","Parallel Aware": false,"Async Capable": false,"Startup Cost": 244.58,"Total Cost": 244.58,"Plan Rows": 400,"Plan Width": 30,"Actual Startup Time": 3.907,"Actual Total Time": 3.918,"Actual Rows": 412,"Actual Loops": 5,"Hash Buckets": 1024,"Original Hash Buckets": 1024,"Hash Batches": 1,"Original Hash Batches": 1,"Peak Memory Usage": 34,"Workers": [],"Plans": [{"Node Type": "Nested Loop","Parent Relationship": "Outer","Parallel Aware": false,"Async Capable": false,"Join Type": "Inner","Startup Cost": 7.38,"Total Cost": 244.58,"Plan Rows": 400,"Plan Width": 30,"Actual Startup Time": 0.286,"Actual Total Time": 3.756,"Actual Rows": 412,"Actual Loops": 5,"Inner Unique": false,"Workers": [],"Plans": [{"Node Type": "Seq Scan","Parent Relationship": "Outer","Parallel Aware": false,"Async Capable": false,"Relation Name": "nation","Alias": "nation","Startup Cost": 0.00,"Total Cost": 1.31,"Plan Rows": 1,"Plan Width": 4,"Actual Startup Time": 0.059,"Actual Total Time": 0.064,"Actual Rows": 1,"Actual Loops": 5,"Filter": "(n_name = 'CANADA'::bpchar)","Rows Removed by Filter": 24,"Workers": []},{"Node Type": "Bitmap Heap Scan","Parent Relationship": "Inner","Parallel Aware": false,"Async Capable": false,"Relation Name": "supplier","Alias": "supplier","Startup Cost": 7.38,"Total Cost": 239.27,"Plan Rows": 400,"Plan Width": 34,"Actual Startup Time": 0.222,"Actual Total Time": 3.623,"Actual Rows": 412,"Actual Loops": 5,"Recheck Cond": "(s_nationkey = nation.n_nationkey)","Rows Removed by Index Recheck": 0,"Exact Heap Blocks": 189,"Lossy Heap Blocks": 0,"Workers": [],"Plans": [{"Node Type": "Bitmap Index Scan","Parent Relationship": "Outer","Parallel Aware": false,"Async Capable": false,"Index Name": "idx_supplier_nation_key","Startup Cost": 0.00,"Total Cost": 7.29,"Plan Rows": 400,"Plan Width": 0,"Actual Startup Time": 0.144,"Actual Total Time": 0.145,"Actual Rows": 412,"Actual Loops": 5,"Index Cond": "(s_nationkey = nation.n_nationkey)","Workers": []}]}]}]}]},{"Node Type": "Index Scan","Parent Relationship": "Inner","Parallel Aware": false,"Async Capable": false,"Scan Direction": "Forward","Index Name": "idx_lineitem_orderkey","Relation Name": "lineitem","Alias": "l3","Startup Cost": 0.43,"Total Cost": 1.06,"Plan Rows": 6,"Plan Width": 8,"Actual Startup Time": 0.003,"Actual Total Time": 0.003,"Actual Rows": 1,"Actual Loops": 156047,"Index Cond": "(l_orderkey = l1.l_orderkey)","Rows Removed by Index Recheck": 0,"Filter": "((l_receiptdate > l_commitdate) AND (l_suppkey <> l1.l_suppkey))","Rows Removed by Filter": 1,"Workers": []}]}]},{"Node Type": "Index Scan","Parent Relationship": "Inner","Parallel Aware": false,"Async Capable": false,"Scan Direction": "Forward","Index Name": "idx_lineitem_orderkey","Relation Name": "lineitem","Alias": "l2","Startup Cost": 0.43,"Total Cost": 1.02,"Plan Rows": 17,"Plan Width": 8,"Actual Startup Time": 0.007,"Actual Total Time": 0.007,"Actual Rows": 1,"Actual Loops": 13748,"Index Cond": "(l_orderkey = l1.l_orderkey)","Rows Removed by Index Recheck": 0,"Filter": "(l_suppkey <> l1.l_suppkey)","Rows Removed by Filter": 1}]},{"Node Type": "Index Scan","Parent Relationship": "Inner","Parallel Aware": false,"Async Capable": false,"Scan Direction": "Forward","Index Name": "orders_pkey","Relation Name": "orders","Alias": "orders","Startup Cost": 0.43,"Total Cost": 0.51,"Plan Rows": 1,"Plan Width": 4,"Actual Startup Time": 0.007,"Actual Total Time": 0.007,"Actual Rows": 0,"Actual Loops": 8146,"Index Cond": "(o_orderkey = l1.l_orderkey)","Rows Removed by Index Recheck": 0,"Filter": "(o_orderstatus = 'F'::bpchar)","Rows Removed by Filter": 1}]}]}]}]},"Planning Time": 9.689,"Triggers": [],"Execution Time": 519.513}]
[{"Plan": {"Node Type": "Sort","Parallel Aware": false,"Async Capable": false,"Startup Cost": 147378.80,"Total Cost": 147378.81,"Plan Rows": 1,"Plan Width": 34,"Actual Startup Time": 494.346,"Actual Total Time": 515.587,"Actual Rows": 393,"Actual Loops": 1,"Sort Key": ["(count(*)) DESC", "supplier.s_name"],"Sort Method": "quicksort","Sort Space Used": 55,"Sort Space Type": "Memory","Plans": [{"Node Type": "Aggregate","Strategy": "Sorted","Partial Mode": "Simple","Parent Relationship": "Outer","Parallel Aware": false,"Async Capable": false,"Startup Cost": 147378.77,"Total Cost": 147378.79,"Plan Rows": 1,"Plan Width": 34,"Actual Startup Time": 493.176,"Actual Total Time": 514.919,"Actual Rows": 393,"Actual Loops": 1,"Group Key": ["supplier.s_name"],"Plans": [{"Node Type": "Sort","Parent Relationship": "Outer","Parallel Aware": false,"Async Capable": false,"Startup Cost": 147378.77,"Total Cost": 147378.78,"Plan Rows": 1,"Plan Width": 26,"Actual Startup Time": 493.153,"Actual Total Time": 514.517,"Actual Rows": 3918,"Actual Loops": 1,"Sort Key": ["supplier.s_name"],"Sort Method": "quicksort","Sort Space Used": 372,"Sort Space Type": "Memory","Plans": [{"Node Type": "Nested Loop","Parent Relationship": "Outer","Parallel Aware": false,"Async Capable": false,"Join Type": "Inner","Startup Cost": 1250.87,"Total Cost": 147378.76,"Plan Rows": 1,"Plan Width": 26,"Actual Startup Time": 5.562,"Actual Total Time": 503.525,"Actual Rows": 3918,"Actual Loops": 1,"Inner Unique": true,"Plans": [{"Node Type": "Nested Loop","Parent Relationship": "Outer","Parallel Aware": false,"Async Capable": false,"Join Type": "Semi","Startup Cost": 1250.44,"Total Cost": 147378.26,"Plan Rows": 1,"Plan Width": 34,"Actual Startup Time": 5.515,"Actual Total Time": 439.510,"Actual Rows": 8028,"Actual Loops": 1,"Inner Unique": false,"Plans": [{"Node Type": "Gather","Parent Relationship": "Outer","Parallel Aware": false,"Async Capable": false,"Startup Cost": 1250.01,"Total Cost": 147377.22,"Plan Rows": 1,"Plan Width": 34,"Actual Startup Time": 4.155,"Actual Total Time": 333.265,"Actual Rows": 13416,"Actual Loops": 1,"Workers Planned": 4,"Workers Launched": 4,"Single Copy": false,"Plans": [{"Node Type": "Nested Loop","Parent Relationship": "Outer","Parallel Aware": false,"Async Capable": false,"Join Type": "Anti","Startup Cost": 250.01,"Total Cost": 146377.12,"Plan Rows": 1,"Plan Width": 34,"Actual Startup Time": 4.167,"Actual Total Time": 438.104,"Actual Rows": 2683,"Actual Loops": 5,"Inner Unique": false,"Workers": [],"Plans": [{"Node Type": "Hash Join","Parent Relationship": "Outer","Parallel Aware": false,"Async Capable": false,"Join Type": "Inner","Startup Cost": 249.58,"Total Cost": 133581.65,"Plan Rows": 19990,"Plan Width": 34,"Actual Startup Time": 4.021,"Actual Total Time": 350.831,"Actual Rows": 29888,"Actual Loops": 5,"Inner Unique": false,"Hash Cond": "(l1.l_suppkey = supplier.s_suppkey)","Workers": [],"Plans": [{"Node Type": "Seq Scan","Parent Relationship": "Outer","Parallel Aware": true,"Async Capable": false,"Relation Name": "lineitem","Alias": "l1","Startup Cost": 0.00,"Total Cost": 131256.80,"Plan Rows": 500101,"Plan Width": 8,"Actual Startup Time": 0.026,"Actual Total Time": 301.034,"Actual Rows": 758659,"Actual Loops": 5,"Filter": "(l_receiptdate > l_commitdate)","Rows Removed by Filter": 441584,"Workers": []},{"Node Type": "Hash","Parent Relationship": "Inner","Parallel Aware": false,"Async Capable": false,"Startup Cost": 244.58,"Total Cost": 244.58,"Plan Rows": 400,"Plan Width": 30,"Actual Startup Time": 3.677,"Actual Total Time": 3.687,"Actual Rows": 393,"Actual Loops": 5,"Hash Buckets": 1024,"Original Hash Buckets": 1024,"Hash Batches": 1,"Original Hash Batches": 1,"Peak Memory Usage": 33,"Workers": [],"Plans": [{"Node Type": "Nested Loop","Parent Relationship": "Outer","Parallel Aware": false,"Async Capable": false,"Join Type": "Inner","Startup Cost": 7.38,"Total Cost": 244.58,"Plan Rows": 400,"Plan Width": 30,"Actual Startup Time": 0.289,"Actual Total Time": 3.533,"Actual Rows": 393,"Actual Loops": 5,"Inner Unique": false,"Workers": [],"Plans": [{"Node Type": "Seq Scan","Parent Relationship": "Outer","Parallel Aware": false,"Async Capable": false,"Relation Name": "nation","Alias": "nation","Startup Cost": 0.00,"Total Cost": 1.31,"Plan Rows": 1,"Plan Width": 4,"Actual Startup Time": 0.064,"Actual Total Time": 0.066,"Actual Rows": 1,"Actual Loops": 5,"Filter": "(n_name = 'UNITED STATES'::bpchar)","Rows Removed by Filter": 24,"Workers": []},{"Node Type": "Bitmap Heap Scan","Parent Relationship": "Inner","Parallel Aware": false,"Async Capable": false,"Relation Name": "supplier","Alias": "supplier","Startup Cost": 7.38,"Total Cost": 239.27,"Plan Rows": 400,"Plan Width": 34,"Actual Startup Time": 0.219,"Actual Total Time": 3.401,"Actual Rows": 393,"Actual Loops": 5,"Recheck Cond": "(s_nationkey = nation.n_nationkey)","Rows Removed by Index Recheck": 0,"Exact Heap Blocks": 181,"Lossy Heap Blocks": 0,"Workers": [],"Plans": [{"Node Type": "Bitmap Index Scan","Parent Relationship": "Outer","Parallel Aware": false,"Async Capable": false,"Index Name": "idx_supplier_nation_key","Startup Cost": 0.00,"Total Cost": 7.29,"Plan Rows": 400,"Plan Width": 0,"Actual Startup Time": 0.141,"Actual Total Time": 0.143,"Actual Rows": 393,"Actual Loops": 5,"Index Cond": "(s_nationkey = nation.n_nationkey)","Workers": []}]}]}]}]},{"Node Type": "Index Scan","Parent Relationship": "Inner","Parallel Aware": false,"Async Capable": false,"Scan Direction": "Forward","Index Name": "idx_lineitem_orderkey","Relation Name": "lineitem","Alias": "l3","Startup Cost": 0.43,"Total Cost": 1.06,"Plan Rows": 6,"Plan Width": 8,"Actual Startup Time": 0.003,"Actual Total Time": 0.003,"Actual Rows": 1,"Actual Loops": 149442,"Index Cond": "(l_orderkey = l1.l_orderkey)","Rows Removed by Index Recheck": 0,"Filter": "((l_receiptdate > l_commitdate) AND (l_suppkey <> l1.l_suppkey))","Rows Removed by Filter": 1,"Workers": []}]}]},{"Node Type": "Index Scan","Parent Relationship": "Inner","Parallel Aware": false,"Async Capable": false,"Scan Direction": "Forward","Index Name": "idx_lineitem_orderkey","Relation Name": "lineitem","Alias": "l2","Startup Cost": 0.43,"Total Cost": 1.02,"Plan Rows": 17,"Plan Width": 8,"Actual Startup Time": 0.007,"Actual Total Time": 0.007,"Actual Rows": 1,"Actual Loops": 13416,"Index Cond": "(l_orderkey = l1.l_orderkey)","Rows Removed by Index Recheck": 0,"Filter": "(l_suppkey <> l1.l_suppkey)","Rows Removed by Filter": 1}]},{"Node Type": "Index Scan","Parent Relationship": "Inner","Parallel Aware": false,"Async Capable": false,"Scan Direction": "Forward","Index Name": "orders_pkey","Relation Name": "orders","Alias": "orders","Startup Cost": 0.43,"Total Cost": 0.51,"Plan Rows": 1,"Plan Width": 4,"Actual Startup Time": 0.008,"Actual Total Time": 0.008,"Actual Rows": 0,"Actual Loops": 8028,"Index Cond": "(o_orderkey = l1.l_orderkey)","Rows Removed by Index Recheck": 0,"Filter": "(o_orderstatus = 'F'::bpchar)","Rows Removed by Filter": 1}]}]}]}]},"Planning Time": 9.767,"Triggers": [],"Execution Time": 516.024}]
[{"Plan": {"Node Type": "Sort","Parallel Aware": false,"Async Capable": false,"Startup Cost": 147378.80,"Total Cost": 147378.81,"Plan Rows": 1,"Plan Width": 34,"Actual Startup Time": 499.004,"Actual Total Time": 520.055,"Actual Rows": 399,"Actual Loops": 1,"Sort Key": ["(count(*)) DESC", "supplier.s_name"],"Sort Method": "quicksort","Sort Space Used": 56,"Sort Space Type": "Memory","Plans": [{"Node Type": "Aggregate","Strategy": "Sorted","Partial Mode": "Simple","Parent Relationship": "Outer","Parallel Aware": false,"Async Capable": false,"Startup Cost": 147378.77,"Total Cost": 147378.79,"Plan Rows": 1,"Plan Width": 34,"Actual Startup Time": 497.768,"Actual Total Time": 519.326,"Actual Rows": 399,"Actual Loops": 1,"Group Key": ["supplier.s_name"],"Plans": [{"Node Type": "Sort","Parent Relationship": "Outer","Parallel Aware": false,"Async Capable": false,"Startup Cost": 147378.77,"Total Cost": 147378.78,"Plan Rows": 1,"Plan Width": 26,"Actual Startup Time": 497.754,"Actual Total Time": 518.925,"Actual Rows": 3901,"Actual Loops": 1,"Sort Key": ["supplier.s_name"],"Sort Method": "quicksort","Sort Space Used": 371,"Sort Space Type": "Memory","Plans": [{"Node Type": "Nested Loop","Parent Relationship": "Outer","Parallel Aware": false,"Async Capable": false,"Join Type": "Inner","Startup Cost": 1250.87,"Total Cost": 147378.76,"Plan Rows": 1,"Plan Width": 26,"Actual Startup Time": 5.425,"Actual Total Time": 507.475,"Actual Rows": 3901,"Actual Loops": 1,"Inner Unique": true,"Plans": [{"Node Type": "Nested Loop","Parent Relationship": "Outer","Parallel Aware": false,"Async Capable": false,"Join Type": "Semi","Startup Cost": 1250.44,"Total Cost": 147378.26,"Plan Rows": 1,"Plan Width": 34,"Actual Startup Time": 5.049,"Actual Total Time": 443.858,"Actual Rows": 7909,"Actual Loops": 1,"Inner Unique": false,"Plans": [{"Node Type": "Gather","Parent Relationship": "Outer","Parallel Aware": false,"Async Capable": false,"Startup Cost": 1250.01,"Total Cost": 147377.22,"Plan Rows": 1,"Plan Width": 34,"Actual Startup Time": 4.716,"Actual Total Time": 337.054,"Actual Rows": 13313,"Actual Loops": 1,"Workers Planned": 4,"Workers Launched": 4,"Single Copy": false,"Plans": [{"Node Type": "Nested Loop","Parent Relationship": "Outer","Parallel Aware": false,"Async Capable": false,"Join Type": "Anti","Startup Cost": 250.01,"Total Cost": 146377.12,"Plan Rows": 1,"Plan Width": 34,"Actual Startup Time": 4.762,"Actual Total Time": 442.169,"Actual Rows": 2663,"Actual Loops": 5,"Inner Unique": false,"Workers": [],"Plans": [{"Node Type": "Hash Join","Parent Relationship": "Outer","Parallel Aware": false,"Async Capable": false,"Join Type": "Inner","Startup Cost": 249.58,"Total Cost": 133581.65,"Plan Rows": 19990,"Plan Width": 34,"Actual Startup Time": 4.517,"Actual Total Time": 353.941,"Actual Rows": 30247,"Actual Loops": 5,"Inner Unique": false,"Hash Cond": "(l1.l_suppkey = supplier.s_suppkey)","Workers": [],"Plans": [{"Node Type": "Seq Scan","Parent Relationship": "Outer","Parallel Aware": true,"Async Capable": false,"Relation Name": "lineitem","Alias": "l1","Startup Cost": 0.00,"Total Cost": 131256.80,"Plan Rows": 500101,"Plan Width": 8,"Actual Startup Time": 0.021,"Actual Total Time": 302.084,"Actual Rows": 758659,"Actual Loops": 5,"Filter": "(l_receiptdate > l_commitdate)","Rows Removed by Filter": 441584,"Workers": []},{"Node Type": "Hash","Parent Relationship": "Inner","Parallel Aware": false,"Async Capable": false,"Startup Cost": 244.58,"Total Cost": 244.58,"Plan Rows": 400,"Plan Width": 30,"Actual Startup Time": 4.286,"Actual Total Time": 4.296,"Actual Rows": 399,"Actual Loops": 5,"Hash Buckets": 1024,"Original Hash Buckets": 1024,"Hash Batches": 1,"Original Hash Batches": 1,"Peak Memory Usage": 33,"Workers": [],"Plans": [{"Node Type": "Nested Loop","Parent Relationship": "Outer","Parallel Aware": false,"Async Capable": false,"Join Type": "Inner","Startup Cost": 7.38,"Total Cost": 244.58,"Plan Rows": 400,"Plan Width": 30,"Actual Startup Time": 0.243,"Actual Total Time": 4.128,"Actual Rows": 399,"Actual Loops": 5,"Inner Unique": false,"Workers": [],"Plans": [{"Node Type": "Seq Scan","Parent Relationship": "Outer","Parallel Aware": false,"Async Capable": false,"Relation Name": "nation","Alias": "nation","Startup Cost": 0.00,"Total Cost": 1.31,"Plan Rows": 1,"Plan Width": 4,"Actual Startup Time": 0.049,"Actual Total Time": 0.051,"Actual Rows": 1,"Actual Loops": 5,"Filter": "(n_name = 'VIETNAM'::bpchar)","Rows Removed by Filter": 24,"Workers": []},{"Node Type": "Bitmap Heap Scan","Parent Relationship": "Inner","Parallel Aware": false,"Async Capable": false,"Relation Name": "supplier","Alias": "supplier","Startup Cost": 7.38,"Total Cost": 239.27,"Plan Rows": 400,"Plan Width": 34,"Actual Startup Time": 0.189,"Actual Total Time": 4.007,"Actual Rows": 399,"Actual Loops": 5,"Recheck Cond": "(s_nationkey = nation.n_nationkey)","Rows Removed by Index Recheck": 0,"Exact Heap Blocks": 191,"Lossy Heap Blocks": 0,"Workers": [],"Plans": [{"Node Type": "Bitmap Index Scan","Parent Relationship": "Outer","Parallel Aware": false,"Async Capable": false,"Index Name": "idx_supplier_nation_key","Startup Cost": 0.00,"Total Cost": 7.29,"Plan Rows": 400,"Plan Width": 0,"Actual Startup Time": 0.123,"Actual Total Time": 0.125,"Actual Rows": 399,"Actual Loops": 5,"Index Cond": "(s_nationkey = nation.n_nationkey)","Workers": []}]}]}]}]},{"Node Type": "Index Scan","Parent Relationship": "Inner","Parallel Aware": false,"Async Capable": false,"Scan Direction": "Forward","Index Name": "idx_lineitem_orderkey","Relation Name": "lineitem","Alias": "l3","Startup Cost": 0.43,"Total Cost": 1.06,"Plan Rows": 6,"Plan Width": 8,"Actual Startup Time": 0.003,"Actual Total Time": 0.003,"Actual Rows": 1,"Actual Loops": 151237,"Index Cond": "(l_orderkey = l1.l_orderkey)","Rows Removed by Index Recheck": 0,"Filter": "((l_receiptdate > l_commitdate) AND (l_suppkey <> l1.l_suppkey))","Rows Removed by Filter": 1,"Workers": []}]}]},{"Node Type": "Index Scan","Parent Relationship": "Inner","Parallel Aware": false,"Async Capable": false,"Scan Direction": "Forward","Index Name": "idx_lineitem_orderkey","Relation Name": "lineitem","Alias": "l2","Startup Cost": 0.43,"Total Cost": 1.02,"Plan Rows": 17,"Plan Width": 8,"Actual Startup Time": 0.008,"Actual Total Time": 0.008,"Actual Rows": 1,"Actual Loops": 13313,"Index Cond": "(l_orderkey = l1.l_orderkey)","Rows Removed by Index Recheck": 0,"Filter": "(l_suppkey <> l1.l_suppkey)","Rows Removed by Filter": 1}]},{"Node Type": "Index Scan","Parent Relationship": "Inner","Parallel Aware": false,"Async Capable": false,"Scan Direction": "Forward","Index Name": "orders_pkey","Relation Name": "orders","Alias": "orders","Startup Cost": 0.43,"Total Cost": 0.51,"Plan Rows": 1,"Plan Width": 4,"Actual Startup Time": 0.008,"Actual Total Time": 0.008,"Actual Rows": 0,"Actual Loops": 7909,"Index Cond": "(o_orderkey = l1.l_orderkey)","Rows Removed by Index Recheck": 0,"Filter": "(o_orderstatus = 'F'::bpchar)","Rows Removed by Filter": 1}]}]}]}]},"Planning Time": 9.630,"Triggers": [],"Execution Time": 520.585}]
[{"Plan": {"Node Type": "Sort","Parallel Aware": false,"Async Capable": false,"Startup Cost": 147378.80,"Total Cost": 147378.81,"Plan Rows": 1,"Plan Width": 34,"Actual Startup Time": 492.880,"Actual Total Time": 511.387,"Actual Rows": 377,"Actual Loops": 1,"Sort Key": ["(count(*)) DESC", "supplier.s_name"],"Sort Method": "quicksort","Sort Space Used": 54,"Sort Space Type": "Memory","Plans": [{"Node Type": "Aggregate","Strategy": "Sorted","Partial Mode": "Simple","Parent Relationship": "Outer","Parallel Aware": false,"Async Capable": false,"Startup Cost": 147378.77,"Total Cost": 147378.79,"Plan Rows": 1,"Plan Width": 34,"Actual Startup Time": 491.719,"Actual Total Time": 510.711,"Actual Rows": 377,"Actual Loops": 1,"Group Key": ["supplier.s_name"],"Plans": [{"Node Type": "Sort","Parent Relationship": "Outer","Parallel Aware": false,"Async Capable": false,"Startup Cost": 147378.77,"Total Cost": 147378.78,"Plan Rows": 1,"Plan Width": 26,"Actual Startup Time": 491.689,"Actual Total Time": 510.309,"Actual Rows": 3707,"Actual Loops": 1,"Sort Key": ["supplier.s_name"],"Sort Method": "quicksort","Sort Space Used": 357,"Sort Space Type": "Memory","Plans": [{"Node Type": "Nested Loop","Parent Relationship": "Outer","Parallel Aware": false,"Async Capable": false,"Join Type": "Inner","Startup Cost": 1250.87,"Total Cost": 147378.76,"Plan Rows": 1,"Plan Width": 26,"Actual Startup Time": 4.620,"Actual Total Time": 499.542,"Actual Rows": 3707,"Actual Loops": 1,"Inner Unique": true,"Plans": [{"Node Type": "Nested Loop","Parent Relationship": "Outer","Parallel Aware": false,"Async Capable": false,"Join Type": "Semi","Startup Cost": 1250.44,"Total Cost": 147378.26,"Plan Rows": 1,"Plan Width": 34,"Actual Startup Time": 4.581,"Actual Total Time": 437.361,"Actual Rows": 7590,"Actual Loops": 1,"Inner Unique": false,"Plans": [{"Node Type": "Gather","Parent Relationship": "Outer","Parallel Aware": false,"Async Capable": false,"Startup Cost": 1250.01,"Total Cost": 147377.22,"Plan Rows": 1,"Plan Width": 34,"Actual Startup Time": 4.430,"Actual Total Time": 334.305,"Actual Rows": 12724,"Actual Loops": 1,"Workers Planned": 4,"Workers Launched": 4,"Single Copy": false,"Plans": [{"Node Type": "Nested Loop","Parent Relationship": "Outer","Parallel Aware": false,"Async Capable": false,"Join Type": "Anti","Startup Cost": 250.01,"Total Cost": 146377.12,"Plan Rows": 1,"Plan Width": 34,"Actual Startup Time": 5.283,"Actual Total Time": 435.218,"Actual Rows": 2545,"Actual Loops": 5,"Inner Unique": false,"Workers": [],"Plans": [{"Node Type": "Hash Join","Parent Relationship": "Outer","Parallel Aware": false,"Async Capable": false,"Join Type": "Inner","Startup Cost": 249.58,"Total Cost": 133581.65,"Plan Rows": 19990,"Plan Width": 34,"Actual Startup Time": 4.967,"Actual Total Time": 350.606,"Actual Rows": 28669,"Actual Loops": 5,"Inner Unique": false,"Hash Cond": "(l1.l_suppkey = supplier.s_suppkey)","Workers": [],"Plans": [{"Node Type": "Seq Scan","Parent Relationship": "Outer","Parallel Aware": true,"Async Capable": false,"Relation Name": "lineitem","Alias": "l1","Startup Cost": 0.00,"Total Cost": 131256.80,"Plan Rows": 500101,"Plan Width": 8,"Actual Startup Time": 0.028,"Actual Total Time": 300.375,"Actual Rows": 758659,"Actual Loops": 5,"Filter": "(l_receiptdate > l_commitdate)","Rows Removed by Filter": 441584,"Workers": []},{"Node Type": "Hash","Parent Relationship": "Inner","Parallel Aware": false,"Async Capable": false,"Startup Cost": 244.58,"Total Cost": 244.58,"Plan Rows": 400,"Plan Width": 30,"Actual Startup Time": 4.611,"Actual Total Time": 4.626,"Actual Rows": 377,"Actual Loops": 5,"Hash Buckets": 1024,"Original Hash Buckets": 1024,"Hash Batches": 1,"Original Hash Batches": 1,"Peak Memory Usage": 32,"Workers": [],"Plans": [{"Node Type": "Nested Loop","Parent Relationship": "Outer","Parallel Aware": false,"Async Capable": false,"Join Type": "Inner","Startup Cost": 7.38,"Total Cost": 244.58,"Plan Rows": 400,"Plan Width": 30,"Actual Startup Time": 0.296,"Actual Total Time": 4.444,"Actual Rows": 377,"Actual Loops": 5,"Inner Unique": false,"Workers": [],"Plans": [{"Node Type": "Seq Scan","Parent Relationship": "Outer","Parallel Aware": false,"Async Capable": false,"Relation Name": "nation","Alias": "nation","Startup Cost": 0.00,"Total Cost": 1.31,"Plan Rows": 1,"Plan Width": 4,"Actual Startup Time": 0.056,"Actual Total Time": 0.065,"Actual Rows": 1,"Actual Loops": 5,"Filter": "(n_name = 'JAPAN'::bpchar)","Rows Removed by Filter": 24,"Workers": []},{"Node Type": "Bitmap Heap Scan","Parent Relationship": "Inner","Parallel Aware": false,"Async Capable": false,"Relation Name": "supplier","Alias": "supplier","Startup Cost": 7.38,"Total Cost": 239.27,"Plan Rows": 400,"Plan Width": 34,"Actual Startup Time": 0.234,"Actual Total Time": 4.286,"Actual Rows": 377,"Actual Loops": 5,"Recheck Cond": "(s_nationkey = nation.n_nationkey)","Rows Removed by Index Recheck": 0,"Exact Heap Blocks": 180,"Lossy Heap Blocks": 0,"Workers": [],"Plans": [{"Node Type": "Bitmap Index Scan","Parent Relationship": "Outer","Parallel Aware": false,"Async Capable": false,"Index Name": "idx_supplier_nation_key","Startup Cost": 0.00,"Total Cost": 7.29,"Plan Rows": 400,"Plan Width": 0,"Actual Startup Time": 0.148,"Actual Total Time": 0.149,"Actual Rows": 377,"Actual Loops": 5,"Index Cond": "(s_nationkey = nation.n_nationkey)","Workers": []}]}]}]}]},{"Node Type": "Index Scan","Parent Relationship": "Inner","Parallel Aware": false,"Async Capable": false,"Scan Direction": "Forward","Index Name": "idx_lineitem_orderkey","Relation Name": "lineitem","Alias": "l3","Startup Cost": 0.43,"Total Cost": 1.06,"Plan Rows": 6,"Plan Width": 8,"Actual Startup Time": 0.003,"Actual Total Time": 0.003,"Actual Rows": 1,"Actual Loops": 143344,"Index Cond": "(l_orderkey = l1.l_orderkey)","Rows Removed by Index Recheck": 0,"Filter": "((l_receiptdate > l_commitdate) AND (l_suppkey <> l1.l_suppkey))","Rows Removed by Filter": 1,"Workers": []}]}]},{"Node Type": "Index Scan","Parent Relationship": "Inner","Parallel Aware": false,"Async Capable": false,"Scan Direction": "Forward","Index Name": "idx_lineitem_orderkey","Relation Name": "lineitem","Alias": "l2","Startup Cost": 0.43,"Total Cost": 1.02,"Plan Rows": 17,"Plan Width": 8,"Actual Startup Time": 0.008,"Actual Total Time": 0.008,"Actual Rows": 1,"Actual Loops": 12724,"Index Cond": "(l_orderkey = l1.l_orderkey)","Rows Removed by Index Recheck": 0,"Filter": "(l_suppkey <> l1.l_suppkey)","Rows Removed by Filter": 1}]},{"Node Type": "Index Scan","Parent Relationship": "Inner","Parallel Aware": false,"Async Capable": false,"Scan Direction": "Forward","Index Name": "orders_pkey","Relation Name": "orders","Alias": "orders","Startup Cost": 0.43,"Total Cost": 0.51,"Plan Rows": 1,"Plan Width": 4,"Actual Startup Time": 0.008,"Actual Total Time": 0.008,"Actual Rows": 0,"Actual Loops": 7590,"Index Cond": "(o_orderkey = l1.l_orderkey)","Rows Removed by Index Recheck": 0,"Filter": "(o_orderstatus = 'F'::bpchar)","Rows Removed by Filter": 1}]}]}]}]},"Planning Time": 9.583,"Triggers": [],"Execution Time": 511.800}]
[{"Plan": {"Node Type": "Sort","Parallel Aware": false,"Async Capable": false,"Startup Cost": 147378.80,"Total Cost": 147378.81,"Plan Rows": 1,"Plan Width": 34,"Actual Startup Time": 500.185,"Actual Total Time": 519.970,"Actual Rows": 396,"Actual Loops": 1,"Sort Key": ["(count(*)) DESC", "supplier.s_name"],"Sort Method": "quicksort","Sort Space Used": 55,"Sort Space Type": "Memory","Plans": [{"Node Type": "Aggregate","Strategy": "Sorted","Partial Mode": "Simple","Parent Relationship": "Outer","Parallel Aware": false,"Async Capable": false,"Startup Cost": 147378.77,"Total Cost": 147378.79,"Plan Rows": 1,"Plan Width": 34,"Actual Startup Time": 498.969,"Actual Total Time": 519.272,"Actual Rows": 396,"Actual Loops": 1,"Group Key": ["supplier.s_name"],"Plans": [{"Node Type": "Sort","Parent Relationship": "Outer","Parallel Aware": false,"Async Capable": false,"Startup Cost": 147378.77,"Total Cost": 147378.78,"Plan Rows": 1,"Plan Width": 26,"Actual Startup Time": 498.950,"Actual Total Time": 518.863,"Actual Rows": 3935,"Actual Loops": 1,"Sort Key": ["supplier.s_name"],"Sort Method": "quicksort","Sort Space Used": 373,"Sort Space Type": "Memory","Plans": [{"Node Type": "Nested Loop","Parent Relationship": "Outer","Parallel Aware": false,"Async Capable": false,"Join Type": "Inner","Startup Cost": 1250.87,"Total Cost": 147378.76,"Plan Rows": 1,"Plan Width": 26,"Actual Startup Time": 5.056,"Actual Total Time": 508.223,"Actual Rows": 3935,"Actual Loops": 1,"Inner Unique": true,"Plans": [{"Node Type": "Nested Loop","Parent Relationship": "Outer","Parallel Aware": false,"Async Capable": false,"Join Type": "Semi","Startup Cost": 1250.44,"Total Cost": 147378.26,"Plan Rows": 1,"Plan Width": 34,"Actual Startup Time": 5.029,"Actual Total Time": 447.558,"Actual Rows": 8035,"Actual Loops": 1,"Inner Unique": false,"Plans": [{"Node Type": "Gather","Parent Relationship": "Outer","Parallel Aware": false,"Async Capable": false,"Startup Cost": 1250.01,"Total Cost": 147377.22,"Plan Rows": 1,"Plan Width": 34,"Actual Startup Time": 4.623,"Actual Total Time": 341.887,"Actual Rows": 13450,"Actual Loops": 1,"Workers Planned": 4,"Workers Launched": 4,"Single Copy": false,"Plans": [{"Node Type": "Nested Loop","Parent Relationship": "Outer","Parallel Aware": false,"Async Capable": false,"Join Type": "Anti","Startup Cost": 250.01,"Total Cost": 146377.12,"Plan Rows": 1,"Plan Width": 34,"Actual Startup Time": 4.632,"Actual Total Time": 442.832,"Actual Rows": 2690,"Actual Loops": 5,"Inner Unique": false,"Workers": [],"Plans": [{"Node Type": "Hash Join","Parent Relationship": "Outer","Parallel Aware": false,"Async Capable": false,"Join Type": "Inner","Startup Cost": 249.58,"Total Cost": 133581.65,"Plan Rows": 19990,"Plan Width": 34,"Actual Startup Time": 4.440,"Actual Total Time": 353.938,"Actual Rows": 30159,"Actual Loops": 5,"Inner Unique": false,"Hash Cond": "(l1.l_suppkey = supplier.s_suppkey)","Workers": [],"Plans": [{"Node Type": "Seq Scan","Parent Relationship": "Outer","Parallel Aware": true,"Async Capable": false,"Relation Name": "lineitem","Alias": "l1","Startup Cost": 0.00,"Total Cost": 131256.80,"Plan Rows": 500101,"Plan Width": 8,"Actual Startup Time": 0.027,"Actual Total Time": 302.537,"Actual Rows": 758659,"Actual Loops": 5,"Filter": "(l_receiptdate > l_commitdate)","Rows Removed by Filter": 441584,"Workers": []},{"Node Type": "Hash","Parent Relationship": "Inner","Parallel Aware": false,"Async Capable": false,"Startup Cost": 244.58,"Total Cost": 244.58,"Plan Rows": 400,"Plan Width": 30,"Actual Startup Time": 4.114,"Actual Total Time": 4.124,"Actual Rows": 396,"Actual Loops": 5,"Hash Buckets": 1024,"Original Hash Buckets": 1024,"Hash Batches": 1,"Original Hash Batches": 1,"Peak Memory Usage": 33,"Workers": [],"Plans": [{"Node Type": "Nested Loop","Parent Relationship": "Outer","Parallel Aware": false,"Async Capable": false,"Join Type": "Inner","Startup Cost": 7.38,"Total Cost": 244.58,"Plan Rows": 400,"Plan Width": 30,"Actual Startup Time": 0.301,"Actual Total Time": 3.971,"Actual Rows": 396,"Actual Loops": 5,"Inner Unique": false,"Workers": [],"Plans": [{"Node Type": "Seq Scan","Parent Relationship": "Outer","Parallel Aware": false,"Async Capable": false,"Relation Name": "nation","Alias": "nation","Startup Cost": 0.00,"Total Cost": 1.31,"Plan Rows": 1,"Plan Width": 4,"Actual Startup Time": 0.063,"Actual Total Time": 0.068,"Actual Rows": 1,"Actual Loops": 5,"Filter": "(n_name = 'GERMANY'::bpchar)","Rows Removed by Filter": 24,"Workers": []},{"Node Type": "Bitmap Heap Scan","Parent Relationship": "Inner","Parallel Aware": false,"Async Capable": false,"Relation Name": "supplier","Alias": "supplier","Startup Cost": 7.38,"Total Cost": 239.27,"Plan Rows": 400,"Plan Width": 34,"Actual Startup Time": 0.232,"Actual Total Time": 3.829,"Actual Rows": 396,"Actual Loops": 5,"Recheck Cond": "(s_nationkey = nation.n_nationkey)","Rows Removed by Index Recheck": 0,"Exact Heap Blocks": 191,"Lossy Heap Blocks": 0,"Workers": [],"Plans": [{"Node Type": "Bitmap Index Scan","Parent Relationship": "Outer","Parallel Aware": false,"Async Capable": false,"Index Name": "idx_supplier_nation_key","Startup Cost": 0.00,"Total Cost": 7.29,"Plan Rows": 400,"Plan Width": 0,"Actual Startup Time": 0.147,"Actual Total Time": 0.148,"Actual Rows": 396,"Actual Loops": 5,"Index Cond": "(s_nationkey = nation.n_nationkey)","Workers": []}]}]}]}]},{"Node Type": "Index Scan","Parent Relationship": "Inner","Parallel Aware": false,"Async Capable": false,"Scan Direction": "Forward","Index Name": "idx_lineitem_orderkey","Relation Name": "lineitem","Alias": "l3","Startup Cost": 0.43,"Total Cost": 1.06,"Plan Rows": 6,"Plan Width": 8,"Actual Startup Time": 0.003,"Actual Total Time": 0.003,"Actual Rows": 1,"Actual Loops": 150794,"Index Cond": "(l_orderkey = l1.l_orderkey)","Rows Removed by Index Recheck": 0,"Filter": "((l_receiptdate > l_commitdate) AND (l_suppkey <> l1.l_suppkey))","Rows Removed by Filter": 1,"Workers": []}]}]},{"Node Type": "Index Scan","Parent Relationship": "Inner","Parallel Aware": false,"Async Capable": false,"Scan Direction": "Forward","Index Name": "idx_lineitem_orderkey","Relation Name": "lineitem","Alias": "l2","Startup Cost": 0.43,"Total Cost": 1.02,"Plan Rows": 17,"Plan Width": 8,"Actual Startup Time": 0.007,"Actual Total Time": 0.007,"Actual Rows": 1,"Actual Loops": 13450,"Index Cond": "(l_orderkey = l1.l_orderkey)","Rows Removed by Index Recheck": 0,"Filter": "(l_suppkey <> l1.l_suppkey)","Rows Removed by Filter": 1}]},{"Node Type": "Index Scan","Parent Relationship": "Inner","Parallel Aware": false,"Async Capable": false,"Scan Direction": "Forward","Index Name": "orders_pkey","Relation Name": "orders","Alias": "orders","Startup Cost": 0.43,"Total Cost": 0.51,"Plan Rows": 1,"Plan Width": 4,"Actual Startup Time": 0.007,"Actual Total Time": 0.007,"Actual Rows": 0,"Actual Loops": 8035,"Index Cond": "(o_orderkey = l1.l_orderkey)","Rows Removed by Index Recheck": 0,"Filter": "(o_orderstatus = 'F'::bpchar)","Rows Removed by Filter": 1}]}]}]}]},"Planning Time": 8.500,"Triggers": [],"Execution Time": 520.683}]
[{"Plan": {"Node Type": "Sort","Parallel Aware": false,"Async Capable": false,"Startup Cost": 147378.80,"Total Cost": 147378.81,"Plan Rows": 1,"Plan Width": 34,"Actual Startup Time": 506.689,"Actual Total Time": 525.046,"Actual Rows": 415,"Actual Loops": 1,"Sort Key": ["(count(*)) DESC", "supplier.s_name"],"Sort Method": "quicksort","Sort Space Used": 57,"Sort Space Type": "Memory","Plans": [{"Node Type": "Aggregate","Strategy": "Sorted","Partial Mode": "Simple","Parent Relationship": "Outer","Parallel Aware": false,"Async Capable": false,"Startup Cost": 147378.77,"Total Cost": 147378.79,"Plan Rows": 1,"Plan Width": 34,"Actual Startup Time": 505.377,"Actual Total Time": 524.254,"Actual Rows": 415,"Actual Loops": 1,"Group Key": ["supplier.s_name"],"Plans": [{"Node Type": "Sort","Parent Relationship": "Outer","Parallel Aware": false,"Async Capable": false,"Startup Cost": 147378.77,"Total Cost": 147378.78,"Plan Rows": 1,"Plan Width": 26,"Actual Startup Time": 505.350,"Actual Total Time": 523.830,"Actual Rows": 4021,"Actual Loops": 1,"Sort Key": ["supplier.s_name"],"Sort Method": "quicksort","Sort Space Used": 379,"Sort Space Type": "Memory","Plans": [{"Node Type": "Nested Loop","Parent Relationship": "Outer","Parallel Aware": false,"Async Capable": false,"Join Type": "Inner","Startup Cost": 1250.87,"Total Cost": 147378.76,"Plan Rows": 1,"Plan Width": 26,"Actual Startup Time": 4.344,"Actual Total Time": 512.010,"Actual Rows": 4021,"Actual Loops": 1,"Inner Unique": true,"Plans": [{"Node Type": "Nested Loop","Parent Relationship": "Outer","Parallel Aware": false,"Async Capable": false,"Join Type": "Semi","Startup Cost": 1250.44,"Total Cost": 147378.26,"Plan Rows": 1,"Plan Width": 34,"Actual Startup Time": 4.308,"Actual Total Time": 447.240,"Actual Rows": 8423,"Actual Loops": 1,"Inner Unique": false,"Plans": [{"Node Type": "Gather","Parent Relationship": "Outer","Parallel Aware": false,"Async Capable": false,"Startup Cost": 1250.01,"Total Cost": 147377.22,"Plan Rows": 1,"Plan Width": 34,"Actual Startup Time": 4.250,"Actual Total Time": 340.738,"Actual Rows": 13873,"Actual Loops": 1,"Workers Planned": 4,"Workers Launched": 4,"Single Copy": false,"Plans": [{"Node Type": "Nested Loop","Parent Relationship": "Outer","Parallel Aware": false,"Async Capable": false,"Join Type": "Anti","Startup Cost": 250.01,"Total Cost": 146377.12,"Plan Rows": 1,"Plan Width": 34,"Actual Startup Time": 6.059,"Actual Total Time": 447.143,"Actual Rows": 2775,"Actual Loops": 5,"Inner Unique": false,"Workers": [],"Plans": [{"Node Type": "Hash Join","Parent Relationship": "Outer","Parallel Aware": false,"Async Capable": false,"Join Type": "Inner","Startup Cost": 249.58,"Total Cost": 133581.65,"Plan Rows": 19990,"Plan Width": 34,"Actual Startup Time": 5.350,"Actual Total Time": 355.670,"Actual Rows": 31496,"Actual Loops": 5,"Inner Unique": false,"Hash Cond": "(l1.l_suppkey = supplier.s_suppkey)","Workers": [],"Plans": [{"Node Type": "Seq Scan","Parent Relationship": "Outer","Parallel Aware": true,"Async Capable": false,"Relation Name": "lineitem","Alias": "l1","Startup Cost": 0.00,"Total Cost": 131256.80,"Plan Rows": 500101,"Plan Width": 8,"Actual Startup Time": 0.034,"Actual Total Time": 302.387,"Actual Rows": 758659,"Actual Loops": 5,"Filter": "(l_receiptdate > l_commitdate)","Rows Removed by Filter": 441584,"Workers": []},{"Node Type": "Hash","Parent Relationship": "Inner","Parallel Aware": false,"Async Capable": false,"Startup Cost": 244.58,"Total Cost": 244.58,"Plan Rows": 400,"Plan Width": 30,"Actual Startup Time": 5.023,"Actual Total Time": 5.034,"Actual Rows": 415,"Actual Loops": 5,"Hash Buckets": 1024,"Original Hash Buckets": 1024,"Hash Batches": 1,"Original Hash Batches": 1,"Peak Memory Usage": 34,"Workers": [],"Plans": [{"Node Type": "Nested Loop","Parent Relationship": "Outer","Parallel Aware": false,"Async Capable": false,"Join Type": "Inner","Startup Cost": 7.38,"Total Cost": 244.58,"Plan Rows": 400,"Plan Width": 30,"Actual Startup Time": 0.341,"Actual Total Time": 4.843,"Actual Rows": 415,"Actual Loops": 5,"Inner Unique": false,"Workers": [],"Plans": [{"Node Type": "Seq Scan","Parent Relationship": "Outer","Parallel Aware": false,"Async Capable": false,"Relation Name": "nation","Alias": "nation","Startup Cost": 0.00,"Total Cost": 1.31,"Plan Rows": 1,"Plan Width": 4,"Actual Startup Time": 0.054,"Actual Total Time": 0.060,"Actual Rows": 1,"Actual Loops": 5,"Filter": "(n_name = 'INDIA'::bpchar)","Rows Removed by Filter": 24,"Workers": []},{"Node Type": "Bitmap Heap Scan","Parent Relationship": "Inner","Parallel Aware": false,"Async Capable": false,"Relation Name": "supplier","Alias": "supplier","Startup Cost": 7.38,"Total Cost": 239.27,"Plan Rows": 400,"Plan Width": 34,"Actual Startup Time": 0.281,"Actual Total Time": 4.691,"Actual Rows": 415,"Actual Loops": 5,"Recheck Cond": "(s_nationkey = nation.n_nationkey)","Rows Removed by Index Recheck": 0,"Exact Heap Blocks": 186,"Lossy Heap Blocks": 0,"Workers": [],"Plans": [{"Node Type": "Bitmap Index Scan","Parent Relationship": "Outer","Parallel Aware": false,"Async Capable": false,"Index Name": "idx_supplier_nation_key","Startup Cost": 0.00,"Total Cost": 7.29,"Plan Rows": 400,"Plan Width": 0,"Actual Startup Time": 0.207,"Actual Total Time": 0.208,"Actual Rows": 415,"Actual Loops": 5,"Index Cond": "(s_nationkey = nation.n_nationkey)","Workers": []}]}]}]}]},{"Node Type": "Index Scan","Parent Relationship": "Inner","Parallel Aware": false,"Async Capable": false,"Scan Direction": "Forward","Index Name": "idx_lineitem_orderkey","Relation Name": "lineitem","Alias": "l3","Startup Cost": 0.43,"Total Cost": 1.06,"Plan Rows": 6,"Plan Width": 8,"Actual Startup Time": 0.003,"Actual Total Time": 0.003,"Actual Rows": 1,"Actual Loops": 157482,"Index Cond": "(l_orderkey = l1.l_orderkey)","Rows Removed by Index Recheck": 0,"Filter": "((l_receiptdate > l_commitdate) AND (l_suppkey <> l1.l_suppkey))","Rows Removed by Filter": 1,"Workers": []}]}]},{"Node Type": "Index Scan","Parent Relationship": "Inner","Parallel Aware": false,"Async Capable": false,"Scan Direction": "Forward","Index Name": "idx_lineitem_orderkey","Relation Name": "lineitem","Alias": "l2","Startup Cost": 0.43,"Total Cost": 1.02,"Plan Rows": 17,"Plan Width": 8,"Actual Startup Time": 0.007,"Actual Total Time": 0.007,"Actual Rows": 1,"Actual Loops": 13873,"Index Cond": "(l_orderkey = l1.l_orderkey)","Rows Removed by Index Recheck": 0,"Filter": "(l_suppkey <> l1.l_suppkey)","Rows Removed by Filter": 1}]},{"Node Type": "Index Scan","Parent Relationship": "Inner","Parallel Aware": false,"Async Capable": false,"Scan Direction": "Forward","Index Name": "orders_pkey","Relation Name": "orders","Alias": "orders","Startup Cost": 0.43,"Total Cost": 0.51,"Plan Rows": 1,"Plan Width": 4,"Actual Startup Time": 0.007,"Actual Total Time": 0.007,"Actual Rows": 0,"Actual Loops": 8423,"Index Cond": "(o_orderkey = l1.l_orderkey)","Rows Removed by Index Recheck": 0,"Filter": "(o_orderstatus = 'F'::bpchar)","Rows Removed by Filter": 1}]}]}]}]},"Planning Time": 9.331,"Triggers": [],"Execution Time": 525.561}]
[{"Plan": {"Node Type": "Sort","Parallel Aware": false,"Async Capable": false,"Startup Cost": 147378.80,"Total Cost": 147378.81,"Plan Rows": 1,"Plan Width": 34,"Actual Startup Time": 495.675,"Actual Total Time": 514.954,"Actual Rows": 398,"Actual Loops": 1,"Sort Key": ["(count(*)) DESC", "supplier.s_name"],"Sort Method": "quicksort","Sort Space Used": 56,"Sort Space Type": "Memory","Plans": [{"Node Type": "Aggregate","Strategy": "Sorted","Partial Mode": "Simple","Parent Relationship": "Outer","Parallel Aware": false,"Async Capable": false,"Startup Cost": 147378.77,"Total Cost": 147378.79,"Plan Rows": 1,"Plan Width": 34,"Actual Startup Time": 494.471,"Actual Total Time": 514.270,"Actual Rows": 398,"Actual Loops": 1,"Group Key": ["supplier.s_name"],"Plans": [{"Node Type": "Sort","Parent Relationship": "Outer","Parallel Aware": false,"Async Capable": false,"Startup Cost": 147378.77,"Total Cost": 147378.78,"Plan Rows": 1,"Plan Width": 26,"Actual Startup Time": 494.457,"Actual Total Time": 513.859,"Actual Rows": 4033,"Actual Loops": 1,"Sort Key": ["supplier.s_name"],"Sort Method": "quicksort","Sort Space Used": 380,"Sort Space Type": "Memory","Plans": [{"Node Type": "Nested Loop","Parent Relationship": "Outer","Parallel Aware": false,"Async Capable": false,"Join Type": "Inner","Startup Cost": 1250.87,"Total Cost": 147378.76,"Plan Rows": 1,"Plan Width": 26,"Actual Startup Time": 5.438,"Actual Total Time": 502.238,"Actual Rows": 4033,"Actual Loops": 1,"Inner Unique": true,"Plans": [{"Node Type": "Nested Loop","Parent Relationship": "Outer","Parallel Aware": false,"Async Capable": false,"Join Type": "Semi","Startup Cost": 1250.44,"Total Cost": 147378.26,"Plan Rows": 1,"Plan Width": 34,"Actual Startup Time": 5.342,"Actual Total Time": 438.031,"Actual Rows": 8241,"Actual Loops": 1,"Inner Unique": false,"Plans": [{"Node Type": "Gather","Parent Relationship": "Outer","Parallel Aware": false,"Async Capable": false,"Startup Cost": 1250.01,"Total Cost": 147377.22,"Plan Rows": 1,"Plan Width": 34,"Actual Startup Time": 5.330,"Actual Total Time": 330.100,"Actual Rows": 13657,"Actual Loops": 1,"Workers Planned": 4,"Workers Launched": 4,"Single Copy": false,"Plans": [{"Node Type": "Nested Loop","Parent Relationship": "Outer","Parallel Aware": false,"Async Capable": false,"Join Type": "Anti","Startup Cost": 250.01,"Total Cost": 146377.12,"Plan Rows": 1,"Plan Width": 34,"Actual Startup Time": 5.586,"Actual Total Time": 437.639,"Actual Rows": 2731,"Actual Loops": 5,"Inner Unique": false,"Workers": [],"Plans": [{"Node Type": "Hash Join","Parent Relationship": "Outer","Parallel Aware": false,"Async Capable": false,"Join Type": "Inner","Startup Cost": 249.58,"Total Cost": 133581.65,"Plan Rows": 19990,"Plan Width": 34,"Actual Startup Time": 4.860,"Actual Total Time": 349.886,"Actual Rows": 30149,"Actual Loops": 5,"Inner Unique": false,"Hash Cond": "(l1.l_suppkey = supplier.s_suppkey)","Workers": [],"Plans": [{"Node Type": "Seq Scan","Parent Relationship": "Outer","Parallel Aware": true,"Async Capable": false,"Relation Name": "lineitem","Alias": "l1","Startup Cost": 0.00,"Total Cost": 131256.80,"Plan Rows": 500101,"Plan Width": 8,"Actual Startup Time": 0.029,"Actual Total Time": 298.079,"Actual Rows": 758659,"Actual Loops": 5,"Filter": "(l_receiptdate > l_commitdate)","Rows Removed by Filter": 441584,"Workers": []},{"Node Type": "Hash","Parent Relationship": "Inner","Parallel Aware": false,"Async Capable": false,"Startup Cost": 244.58,"Total Cost": 244.58,"Plan Rows": 400,"Plan Width": 30,"Actual Startup Time": 4.540,"Actual Total Time": 4.550,"Actual Rows": 398,"Actual Loops": 5,"Hash Buckets": 1024,"Original Hash Buckets": 1024,"Hash Batches": 1,"Original Hash Batches": 1,"Peak Memory Usage": 33,"Workers": [],"Plans": [{"Node Type": "Nested Loop","Parent Relationship": "Outer","Parallel Aware": false,"Async Capable": false,"Join Type": "Inner","Startup Cost": 7.38,"Total Cost": 244.58,"Plan Rows": 400,"Plan Width": 30,"Actual Startup Time": 0.267,"Actual Total Time": 4.371,"Actual Rows": 398,"Actual Loops": 5,"Inner Unique": false,"Workers": [],"Plans": [{"Node Type": "Seq Scan","Parent Relationship": "Outer","Parallel Aware": false,"Async Capable": false,"Relation Name": "nation","Alias": "nation","Startup Cost": 0.00,"Total Cost": 1.31,"Plan Rows": 1,"Plan Width": 4,"Actual Startup Time": 0.059,"Actual Total Time": 0.062,"Actual Rows": 1,"Actual Loops": 5,"Filter": "(n_name = 'ROMANIA'::bpchar)","Rows Removed by Filter": 24,"Workers": []},{"Node Type": "Bitmap Heap Scan","Parent Relationship": "Inner","Parallel Aware": false,"Async Capable": false,"Relation Name": "supplier","Alias": "supplier","Startup Cost": 7.38,"Total Cost": 239.27,"Plan Rows": 400,"Plan Width": 34,"Actual Startup Time": 0.204,"Actual Total Time": 4.227,"Actual Rows": 398,"Actual Loops": 5,"Recheck Cond": "(s_nationkey = nation.n_nationkey)","Rows Removed by Index Recheck": 0,"Exact Heap Blocks": 186,"Lossy Heap Blocks": 0,"Workers": [],"Plans": [{"Node Type": "Bitmap Index Scan","Parent Relationship": "Outer","Parallel Aware": false,"Async Capable": false,"Index Name": "idx_supplier_nation_key","Startup Cost": 0.00,"Total Cost": 7.29,"Plan Rows": 400,"Plan Width": 0,"Actual Startup Time": 0.126,"Actual Total Time": 0.128,"Actual Rows": 398,"Actual Loops": 5,"Index Cond": "(s_nationkey = nation.n_nationkey)","Workers": []}]}]}]}]},{"Node Type": "Index Scan","Parent Relationship": "Inner","Parallel Aware": false,"Async Capable": false,"Scan Direction": "Forward","Index Name": "idx_lineitem_orderkey","Relation Name": "lineitem","Alias": "l3","Startup Cost": 0.43,"Total Cost": 1.06,"Plan Rows": 6,"Plan Width": 8,"Actual Startup Time": 0.003,"Actual Total Time": 0.003,"Actual Rows": 1,"Actual Loops": 150746,"Index Cond": "(l_orderkey = l1.l_orderkey)","Rows Removed by Index Recheck": 0,"Filter": "((l_receiptdate > l_commitdate) AND (l_suppkey <> l1.l_suppkey))","Rows Removed by Filter": 1,"Workers": []}]}]},{"Node Type": "Index Scan","Parent Relationship": "Inner","Parallel Aware": false,"Async Capable": false,"Scan Direction": "Forward","Index Name": "idx_lineitem_orderkey","Relation Name": "lineitem","Alias": "l2","Startup Cost": 0.43,"Total Cost": 1.02,"Plan Rows": 17,"Plan Width": 8,"Actual Startup Time": 0.007,"Actual Total Time": 0.007,"Actual Rows": 1,"Actual Loops": 13657,"Index Cond": "(l_orderkey = l1.l_orderkey)","Rows Removed by Index Recheck": 0,"Filter": "(l_suppkey <> l1.l_suppkey)","Rows Removed by Filter": 1}]},{"Node Type": "Index Scan","Parent Relationship": "Inner","Parallel Aware": false,"Async Capable": false,"Scan Direction": "Forward","Index Name": "orders_pkey","Relation Name": "orders","Alias": "orders","Startup Cost": 0.43,"Total Cost": 0.51,"Plan Rows": 1,"Plan Width": 4,"Actual Startup Time": 0.008,"Actual Total Time": 0.008,"Actual Rows": 0,"Actual Loops": 8241,"Index Cond": "(o_orderkey = l1.l_orderkey)","Rows Removed by Index Recheck": 0,"Filter": "(o_orderstatus = 'F'::bpchar)","Rows Removed by Filter": 1}]}]}]}]},"Planning Time": 9.721,"Triggers": [],"Execution Time": 515.552}]
[{"Plan": {"Node Type": "Sort","Parallel Aware": false,"Async Capable": false,"Startup Cost": 147378.80,"Total Cost": 147378.81,"Plan Rows": 1,"Plan Width": 34,"Actual Startup Time": 500.228,"Actual Total Time": 519.082,"Actual Rows": 412,"Actual Loops": 1,"Sort Key": ["(count(*)) DESC", "supplier.s_name"],"Sort Method": "quicksort","Sort Space Used": 57,"Sort Space Type": "Memory","Plans": [{"Node Type": "Aggregate","Strategy": "Sorted","Partial Mode": "Simple","Parent Relationship": "Outer","Parallel Aware": false,"Async Capable": false,"Startup Cost": 147378.77,"Total Cost": 147378.79,"Plan Rows": 1,"Plan Width": 34,"Actual Startup Time": 498.981,"Actual Total Time": 518.359,"Actual Rows": 412,"Actual Loops": 1,"Group Key": ["supplier.s_name"],"Plans": [{"Node Type": "Sort","Parent Relationship": "Outer","Parallel Aware": false,"Async Capable": false,"Startup Cost": 147378.77,"Total Cost": 147378.78,"Plan Rows": 1,"Plan Width": 26,"Actual Startup Time": 498.949,"Actual Total Time": 517.928,"Actual Rows": 4030,"Actual Loops": 1,"Sort Key": ["supplier.s_name"],"Sort Method": "quicksort","Sort Space Used": 380,"Sort Space Type": "Memory","Plans": [{"Node Type": "Nested Loop","Parent Relationship": "Outer","Parallel Aware": false,"Async Capable": false,"Join Type": "Inner","Startup Cost": 1250.87,"Total Cost": 147378.76,"Plan Rows": 1,"Plan Width": 26,"Actual Startup Time": 4.020,"Actual Total Time": 506.052,"Actual Rows": 4030,"Actual Loops": 1,"Inner Unique": true,"Plans": [{"Node Type": "Nested Loop","Parent Relationship": "Outer","Parallel Aware": false,"Async Capable": false,"Join Type": "Semi","Startup Cost": 1250.44,"Total Cost": 147378.26,"Plan Rows": 1,"Plan Width": 34,"Actual Startup Time": 3.993,"Actual Total Time": 443.011,"Actual Rows": 8146,"Actual Loops": 1,"Inner Unique": false,"Plans": [{"Node Type": "Gather","Parent Relationship": "Outer","Parallel Aware": false,"Async Capable": false,"Startup Cost": 1250.01,"Total Cost": 147377.22,"Plan Rows": 1,"Plan Width": 34,"Actual Startup Time": 3.980,"Actual Total Time": 336.738,"Actual Rows": 13748,"Actual Loops": 1,"Workers Planned": 4,"Workers Launched": 4,"Single Copy": false,"Plans": [{"Node Type": "Nested Loop","Parent Relationship": "Outer","Parallel Aware": false,"Async Capable": false,"Join Type": "Anti","Startup Cost": 250.01,"Total Cost": 146377.12,"Plan Rows": 1,"Plan Width": 34,"Actual Startup Time": 4.569,"Actual Total Time": 441.712,"Actual Rows": 2750,"Actual Loops": 5,"Inner Unique": false,"Workers": [],"Plans": [{"Node Type": "Hash Join","Parent Relationship": "Outer","Parallel Aware": false,"Async Capable": false,"Join Type": "Inner","Startup Cost": 249.58,"Total Cost": 133581.65,"Plan Rows": 19990,"Plan Width": 34,"Actual Startup Time": 4.262,"Actual Total Time": 350.942,"Actual Rows": 31209,"Actual Loops": 5,"Inner Unique": false,"Hash Cond": "(l1.l_suppkey = supplier.s_suppkey)","Workers": [],"Plans": [{"Node Type": "Seq Scan","Parent Relationship": "Outer","Parallel Aware": true,"Async Capable": false,"Relation Name": "lineitem","Alias": "l1","Startup Cost": 0.00,"Total Cost": 131256.80,"Plan Rows": 500101,"Plan Width": 8,"Actual Startup Time": 0.026,"Actual Total Time": 299.296,"Actual Rows": 758659,"Actual Loops": 5,"Filter": "(l_receiptdate > l_commitdate)","Rows Removed by Filter": 441584,"Workers": []},{"Node Type": "Hash","Parent Relationship": "Inner","Parallel Aware": false,"Async Capable": false,"Startup Cost": 244.58,"Total Cost": 244.58,"Plan Rows": 400,"Plan Width": 30,"Actual Startup Time": 3.907,"Actual Total Time": 3.918,"Actual Rows": 412,"Actual Loops": 5,"Hash Buckets": 1024,"Original Hash Buckets": 1024,"Hash Batches": 1,"Original Hash Batches": 1,"Peak Memory Usage": 34,"Workers": [],"Plans": [{"Node Type": "Nested Loop","Parent Relationship": "Outer","Parallel Aware": false,"Async Capable": false,"Join Type": "Inner","Startup Cost": 7.38,"Total Cost": 244.58,"Plan Rows": 400,"Plan Width": 30,"Actual Startup Time": 0.286,"Actual Total Time": 3.756,"Actual Rows": 412,"Actual Loops": 5,"Inner Unique": false,"Workers": [],"Plans": [{"Node Type": "Seq Scan","Parent Relationship": "Outer","Parallel Aware": false,"Async Capable": false,"Relation Name": "nation","Alias": "nation","Startup Cost": 0.00,"Total Cost": 1.31,"Plan Rows": 1,"Plan Width": 4,"Actual Startup Time": 0.059,"Actual Total Time": 0.064,"Actual Rows": 1,"Actual Loops": 5,"Filter": "(n_name = 'CANADA'::bpchar)","Rows Removed by Filter": 24,"Workers": []},{"Node Type": "Bitmap Heap Scan","Parent Relationship": "Inner","Parallel Aware": false,"Async Capable": false,"Relation Name": "supplier","Alias": "supplier","Startup Cost": 7.38,"Total Cost": 239.27,"Plan Rows": 400,"Plan Width": 34,"Actual Startup Time": 0.222,"Actual Total Time": 3.623,"Actual Rows": 412,"Actual Loops": 5,"Recheck Cond": "(s_nationkey = nation.n_nationkey)","Rows Removed by Index Recheck": 0,"Exact Heap Blocks": 189,"Lossy Heap Blocks": 0,"Workers": [],"Plans": [{"Node Type": "Bitmap Index Scan","Parent Relationship": "Outer","Parallel Aware": false,"Async Capable": false,"Index Name": "idx_supplier_nation_key","Startup Cost": 0.00,"Total Cost": 7.29,"Plan Rows": 400,"Plan Width": 0,"Actual Startup Time": 0.144,"Actual Total Time": 0.145,"Actual Rows": 412,"Actual Loops": 5,"Index Cond": "(s_nationkey = nation.n_nationkey)","Workers": []}]}]}]}]},{"Node Type": "Index Scan","Parent Relationship": "Inner","Parallel Aware": false,"Async Capable": false,"Scan Direction": "Forward","Index Name": "idx_lineitem_orderkey","Relation Name": "lineitem","Alias": "l3","Startup Cost": 0.43,"Total Cost": 1.06,"Plan Rows": 6,"Plan Width": 8,"Actual Startup Time": 0.003,"Actual Total Time": 0.003,"Actual Rows": 1,"Actual Loops": 156047,"Index Cond": "(l_orderkey = l1.l_orderkey)","Rows Removed by Index Recheck": 0,"Filter": "((l_receiptdate > l_commitdate) AND (l_suppkey <> l1.l_suppkey))","Rows Removed by Filter": 1,"Workers": []}]}]},{"Node Type": "Index Scan","Parent Relationship": "Inner","Parallel Aware": false,"Async Capable": false,"Scan Direction": "Forward","Index Name": "idx_lineitem_orderkey","Relation Name": "lineitem","Alias": "l2","Startup Cost": 0.43,"Total Cost": 1.02,"Plan Rows": 17,"Plan Width": 8,"Actual Startup Time": 0.007,"Actual Total Time": 0.007,"Actual Rows": 1,"Actual Loops": 13748,"Index Cond": "(l_orderkey = l1.l_orderkey)","Rows Removed by Index Recheck": 0,"Filter": "(l_suppkey <> l1.l_suppkey)","Rows Removed by Filter": 1}]},{"Node Type": "Index Scan","Parent Relationship": "Inner","Parallel Aware": false,"Async Capable": false,"Scan Direction": "Forward","Index Name": "orders_pkey","Relation Name": "orders","Alias": "orders","Startup Cost": 0.43,"Total Cost": 0.51,"Plan Rows": 1,"Plan Width": 4,"Actual Startup Time": 0.007,"Actual Total Time": 0.007,"Actual Rows": 0,"Actual Loops": 8146,"Index Cond": "(o_orderkey = l1.l_orderkey)","Rows Removed by Index Recheck": 0,"Filter": "(o_orderstatus = 'F'::bpchar)","Rows Removed by Filter": 1}]}]}]}]},"Planning Time": 9.689,"Triggers": [],"Execution Time": 519.513}]
[{"Plan": {"Node Type": "Sort","Parallel Aware": false,"Async Capable": false,"Startup Cost": 147378.80,"Total Cost": 147378.81,"Plan Rows": 1,"Plan Width": 34,"Actual Startup Time": 507.691,"Actual Total Time": 527.119,"Actual Rows": 411,"Actual Loops": 1,"Sort Key": ["(count(*)) DESC", "supplier.s_name"],"Sort Method": "quicksort","Sort Space Used": 57,"Sort Space Type": "Memory","Plans": [{"Node Type": "Aggregate","Strategy": "Sorted","Partial Mode": "Simple","Parent Relationship": "Outer","Parallel Aware": false,"Async Capable": false,"Startup Cost": 147378.77,"Total Cost": 147378.79,"Plan Rows": 1,"Plan Width": 34,"Actual Startup Time": 506.441,"Actual Total Time": 526.395,"Actual Rows": 411,"Actual Loops": 1,"Group Key": ["supplier.s_name"],"Plans": [{"Node Type": "Sort","Parent Relationship": "Outer","Parallel Aware": false,"Async Capable": false,"Startup Cost": 147378.77,"Total Cost": 147378.78,"Plan Rows": 1,"Plan Width": 26,"Actual Startup Time": 506.413,"Actual Total Time": 525.969,"Actual Rows": 4141,"Actual Loops": 1,"Sort Key": ["supplier.s_name"],"Sort Method": "quicksort","Sort Space Used": 484,"Sort Space Type": "Memory","Plans": [{"Node Type": "Nested Loop","Parent Relationship": "Outer","Parallel Aware": false,"Async Capable": false,"Join Type": "Inner","Startup Cost": 1250.87,"Total Cost": 147378.76,"Plan Rows": 1,"Plan Width": 26,"Actual Startup Time": 4.973,"Actual Total Time": 514.878,"Actual Rows": 4141,"Actual Loops": 1,"Inner Unique": true,"Plans": [{"Node Type": "Nested Loop","Parent Relationship": "Outer","Parallel Aware": false,"Async Capable": false,"Join Type": "Semi","Startup Cost": 1250.44,"Total Cost": 147378.26,"Plan Rows": 1,"Plan Width": 34,"Actual Startup Time": 4.329,"Actual Total Time": 453.804,"Actual Rows": 8357,"Actual Loops": 1,"Inner Unique": false,"Plans": [{"Node Type": "Gather","Parent Relationship": "Outer","Parallel Aware": false,"Async Capable": false,"Startup Cost": 1250.01,"Total Cost": 147377.22,"Plan Rows": 1,"Plan Width": 34,"Actual Startup Time": 4.312,"Actual Total Time": 350.336,"Actual Rows": 13859,"Actual Loops": 1,"Workers Planned": 4,"Workers Launched": 4,"Single Copy": false,"Plans": [{"Node Type": "Nested Loop","Parent Relationship": "Outer","Parallel Aware": false,"Async Capable": false,"Join Type": "Anti","Startup Cost": 250.01,"Total Cost": 146377.12,"Plan Rows": 1,"Plan Width": 34,"Actual Startup Time": 4.818,"Actual Total Time": 450.256,"Actual Rows": 2772,"Actual Loops": 5,"Inner Unique": false,"Workers": [],"Plans": [{"Node Type": "Hash Join","Parent Relationship": "Outer","Parallel Aware": false,"Async Capable": false,"Join Type": "Inner","Startup Cost": 249.58,"Total Cost": 133581.65,"Plan Rows": 19990,"Plan Width": 34,"Actual Startup Time": 4.474,"Actual Total Time": 357.672,"Actual Rows": 31348,"Actual Loops": 5,"Inner Unique": false,"Hash Cond": "(l1.l_suppkey = supplier.s_suppkey)","Workers": [],"Plans": [{"Node Type": "Seq Scan","Parent Relationship": "Outer","Parallel Aware": true,"Async Capable": false,"Relation Name": "lineitem","Alias": "l1","Startup Cost": 0.00,"Total Cost": 131256.80,"Plan Rows": 500101,"Plan Width": 8,"Actual Startup Time": 0.028,"Actual Total Time": 306.873,"Actual Rows": 758659,"Actual Loops": 5,"Filter": "(l_receiptdate > l_commitdate)","Rows Removed by Filter": 441584,"Workers": []},{"Node Type": "Hash","Parent Relationship": "Inner","Parallel Aware": false,"Async Capable": false,"Startup Cost": 244.58,"Total Cost": 244.58,"Plan Rows": 400,"Plan Width": 30,"Actual Startup Time": 4.175,"Actual Total Time": 4.188,"Actual Rows": 411,"Actual Loops": 5,"Hash Buckets": 1024,"Original Hash Buckets": 1024,"Hash Batches": 1,"Original Hash Batches": 1,"Peak Memory Usage": 34,"Workers": [],"Plans": [{"Node Type": "Nested Loop","Parent Relationship": "Outer","Parallel Aware": false,"Async Capable": false,"Join Type": "Inner","Startup Cost": 7.38,"Total Cost": 244.58,"Plan Rows": 400,"Plan Width": 30,"Actual Startup Time": 0.256,"Actual Total Time": 4.027,"Actual Rows": 411,"Actual Loops": 5,"Inner Unique": false,"Workers": [],"Plans": [{"Node Type": "Seq Scan","Parent Relationship": "Outer","Parallel Aware": false,"Async Capable": false,"Relation Name": "nation","Alias": "nation","Startup Cost": 0.00,"Total Cost": 1.31,"Plan Rows": 1,"Plan Width": 4,"Actual Startup Time": 0.047,"Actual Total Time": 0.051,"Actual Rows": 1,"Actual Loops": 5,"Filter": "(n_name = 'SAUDI ARABIA'::bpchar)","Rows Removed by Filter": 24,"Workers": []},{"Node Type": "Bitmap Heap Scan","Parent Relationship": "Inner","Parallel Aware": false,"Async Capable": false,"Relation Name": "supplier","Alias": "supplier","Startup Cost": 7.38,"Total Cost": 239.27,"Plan Rows": 400,"Plan Width": 34,"Actual Startup Time": 0.204,"Actual Total Time": 3.890,"Actual Rows": 411,"Actual Loops": 5,"Recheck Cond": "(s_nationkey = nation.n_nationkey)","Rows Removed by Index Recheck": 0,"Exact Heap Blocks": 182,"Lossy Heap Blocks": 0,"Workers": [],"Plans": [{"Node Type": "Bitmap Index Scan","Parent Relationship": "Outer","Parallel Aware": false,"Async Capable": false,"Index Name": "idx_supplier_nation_key","Startup Cost": 0.00,"Total Cost": 7.29,"Plan Rows": 400,"Plan Width": 0,"Actual Startup Time": 0.143,"Actual Total Time": 0.145,"Actual Rows": 411,"Actual Loops": 5,"Index Cond": "(s_nationkey = nation.n_nationkey)","Workers": []}]}]}]}]},{"Node Type": "Index Scan","Parent Relationship": "Inner","Parallel Aware": false,"Async Capable": false,"Scan Direction": "Forward","Index Name": "idx_lineitem_orderkey","Relation Name": "lineitem","Alias": "l3","Startup Cost": 0.43,"Total Cost": 1.06,"Plan Rows": 6,"Plan Width": 8,"Actual Startup Time": 0.003,"Actual Total Time": 0.003,"Actual Rows": 1,"Actual Loops": 156739,"Index Cond": "(l_orderkey = l1.l_orderkey)","Rows Removed by Index Recheck": 0,"Filter": "((l_receiptdate > l_commitdate) AND (l_suppkey <> l1.l_suppkey))","Rows Removed by Filter": 1,"Workers": []}]}]},{"Node Type": "Index Scan","Parent Relationship": "Inner","Parallel Aware": false,"Async Capable": false,"Scan Direction": "Forward","Index Name": "idx_lineitem_orderkey","Relation Name": "lineitem","Alias": "l2","Startup Cost": 0.43,"Total Cost": 1.02,"Plan Rows": 17,"Plan Width": 8,"Actual Startup Time": 0.007,"Actual Total Time": 0.007,"Actual Rows": 1,"Actual Loops": 13859,"Index Cond": "(l_orderkey = l1.l_orderkey)","Rows Removed by Index Recheck": 0,"Filter": "(l_suppkey <> l1.l_suppkey)","Rows Removed by Filter": 1}]},{"Node Type": "Index Scan","Parent Relationship": "Inner","Parallel Aware": false,"Async Capable": false,"Scan Direction": "Forward","Index Name": "orders_pkey","Relation Name": "orders","Alias": "orders","Startup Cost": 0.43,"Total Cost": 0.51,"Plan Rows": 1,"Plan Width": 4,"Actual Startup Time": 0.007,"Actual Total Time": 0.007,"Actual Rows": 0,"Actual Loops": 8357,"Index Cond": "(o_orderkey = l1.l_orderkey)","Rows Removed by Index Recheck": 0,"Filter": "(o_orderstatus = 'F'::bpchar)","Rows Removed by Filter": 1}]}]}]}]},"Planning Time": 9.483,"Triggers": [],"Execution Time": 527.804}]
[{"Plan": {"Node Type": "Sort","Parallel Aware": false,"Async Capable": false,"Startup Cost": 147378.80,"Total Cost": 147378.81,"Plan Rows": 1,"Plan Width": 34,"Actual Startup Time": 511.931,"Actual Total Time": 527.174,"Actual Rows": 415,"Actual Loops": 1,"Sort Key": ["(count(*)) DESC", "supplier.s_name"],"Sort Method": "quicksort","Sort Space Used": 57,"Sort Space Type": "Memory","Plans": [{"Node Type": "Aggregate","Strategy": "Sorted","Partial Mode": "Simple","Parent Relationship": "Outer","Parallel Aware": false,"Async Capable": false,"Startup Cost": 147378.77,"Total Cost": 147378.79,"Plan Rows": 1,"Plan Width": 34,"Actual Startup Time": 510.675,"Actual Total Time": 526.442,"Actual Rows": 415,"Actual Loops": 1,"Group Key": ["supplier.s_name"],"Plans": [{"Node Type": "Sort","Parent Relationship": "Outer","Parallel Aware": false,"Async Capable": false,"Startup Cost": 147378.77,"Total Cost": 147378.78,"Plan Rows": 1,"Plan Width": 26,"Actual Startup Time": 510.644,"Actual Total Time": 526.012,"Actual Rows": 4112,"Actual Loops": 1,"Sort Key": ["supplier.s_name"],"Sort Method": "quicksort","Sort Space Used": 482,"Sort Space Type": "Memory","Plans": [{"Node Type": "Nested Loop","Parent Relationship": "Outer","Parallel Aware": false,"Async Capable": false,"Join Type": "Inner","Startup Cost": 1250.87,"Total Cost": 147378.76,"Plan Rows": 1,"Plan Width": 26,"Actual Startup Time": 4.482,"Actual Total Time": 514.049,"Actual Rows": 4112,"Actual Loops": 1,"Inner Unique": true,"Plans": [{"Node Type": "Nested Loop","Parent Relationship": "Outer","Parallel Aware": false,"Async Capable": false,"Join Type": "Semi","Startup Cost": 1250.44,"Total Cost": 147378.26,"Plan Rows": 1,"Plan Width": 34,"Actual Startup Time": 4.433,"Actual Total Time": 447.118,"Actual Rows": 8423,"Actual Loops": 1,"Inner Unique": false,"Plans": [{"Node Type": "Gather","Parent Relationship": "Outer","Parallel Aware": false,"Async Capable": false,"Startup Cost": 1250.01,"Total Cost": 147377.22,"Plan Rows": 1,"Plan Width": 34,"Actual Startup Time": 4.417,"Actual Total Time": 335.444,"Actual Rows": 14099,"Actual Loops": 1,"Workers Planned": 4,"Workers Launched": 4,"Single Copy": false,"Plans": [{"Node Type": "Nested Loop","Parent Relationship": "Outer","Parallel Aware": false,"Async Capable": false,"Join Type": "Anti","Startup Cost": 250.01,"Total Cost": 146377.12,"Plan Rows": 1,"Plan Width": 34,"Actual Startup Time": 5.494,"Actual Total Time": 449.293,"Actual Rows": 2820,"Actual Loops": 5,"Inner Unique": false,"Workers": [],"Plans": [{"Node Type": "Hash Join","Parent Relationship": "Outer","Parallel Aware": false,"Async Capable": false,"Join Type": "Inner","Startup Cost": 249.58,"Total Cost": 133581.65,"Plan Rows": 19990,"Plan Width": 34,"Actual Startup Time": 5.114,"Actual Total Time": 356.460,"Actual Rows": 31599,"Actual Loops": 5,"Inner Unique": false,"Hash Cond": "(l1.l_suppkey = supplier.s_suppkey)","Workers": [],"Plans": [{"Node Type": "Seq Scan","Parent Relationship": "Outer","Parallel Aware": true,"Async Capable": false,"Relation Name": "lineitem","Alias": "l1","Startup Cost": 0.00,"Total Cost": 131256.80,"Plan Rows": 500101,"Plan Width": 8,"Actual Startup Time": 0.028,"Actual Total Time": 305.044,"Actual Rows": 758659,"Actual Loops": 5,"Filter": "(l_receiptdate > l_commitdate)","Rows Removed by Filter": 441584,"Workers": []},{"Node Type": "Hash","Parent Relationship": "Inner","Parallel Aware": false,"Async Capable": false,"Startup Cost": 244.58,"Total Cost": 244.58,"Plan Rows": 400,"Plan Width": 30,"Actual Startup Time": 4.772,"Actual Total Time": 4.789,"Actual Rows": 415,"Actual Loops": 5,"Hash Buckets": 1024,"Original Hash Buckets": 1024,"Hash Batches": 1,"Original Hash Batches": 1,"Peak Memory Usage": 34,"Workers": [],"Plans": [{"Node Type": "Nested Loop","Parent Relationship": "Outer","Parallel Aware": false,"Async Capable": false,"Join Type": "Inner","Startup Cost": 7.38,"Total Cost": 244.58,"Plan Rows": 400,"Plan Width": 30,"Actual Startup Time": 0.307,"Actual Total Time": 4.608,"Actual Rows": 415,"Actual Loops": 5,"Inner Unique": false,"Workers": [],"Plans": [{"Node Type": "Seq Scan","Parent Relationship": "Outer","Parallel Aware": false,"Async Capable": false,"Relation Name": "nation","Alias": "nation","Startup Cost": 0.00,"Total Cost": 1.31,"Plan Rows": 1,"Plan Width": 4,"Actual Startup Time": 0.059,"Actual Total Time": 0.064,"Actual Rows": 1,"Actual Loops": 5,"Filter": "(n_name = 'EGYPT'::bpchar)","Rows Removed by Filter": 24,"Workers": []},{"Node Type": "Bitmap Heap Scan","Parent Relationship": "Inner","Parallel Aware": false,"Async Capable": false,"Relation Name": "supplier","Alias": "supplier","Startup Cost": 7.38,"Total Cost": 239.27,"Plan Rows": 400,"Plan Width": 34,"Actual Startup Time": 0.244,"Actual Total Time": 4.451,"Actual Rows": 415,"Actual Loops": 5,"Recheck Cond": "(s_nationkey = nation.n_nationkey)","Rows Removed by Index Recheck": 0,"Exact Heap Blocks": 183,"Lossy Heap Blocks": 0,"Workers": [],"Plans": [{"Node Type": "Bitmap Index Scan","Parent Relationship": "Outer","Parallel Aware": false,"Async Capable": false,"Index Name": "idx_supplier_nation_key","Startup Cost": 0.00,"Total Cost": 7.29,"Plan Rows": 400,"Plan Width": 0,"Actual Startup Time": 0.159,"Actual Total Time": 0.162,"Actual Rows": 415,"Actual Loops": 5,"Index Cond": "(s_nationkey = nation.n_nationkey)","Workers": []}]}]}]}]},{"Node Type": "Index Scan","Parent Relationship": "Inner","Parallel Aware": false,"Async Capable": false,"Scan Direction": "Forward","Index Name": "idx_lineitem_orderkey","Relation Name": "lineitem","Alias": "l3","Startup Cost": 0.43,"Total Cost": 1.06,"Plan Rows": 6,"Plan Width": 8,"Actual Startup Time": 0.003,"Actual Total Time": 0.003,"Actual Rows": 1,"Actual Loops": 157994,"Index Cond": "(l_orderkey = l1.l_orderkey)","Rows Removed by Index Recheck": 0,"Filter": "((l_receiptdate > l_commitdate) AND (l_suppkey <> l1.l_suppkey))","Rows Removed by Filter": 1,"Workers": []}]}]},{"Node Type": "Index Scan","Parent Relationship": "Inner","Parallel Aware": false,"Async Capable": false,"Scan Direction": "Forward","Index Name": "idx_lineitem_orderkey","Relation Name": "lineitem","Alias": "l2","Startup Cost": 0.43,"Total Cost": 1.02,"Plan Rows": 17,"Plan Width": 8,"Actual Startup Time": 0.007,"Actual Total Time": 0.007,"Actual Rows": 1,"Actual Loops": 14099,"Index Cond": "(l_orderkey = l1.l_orderkey)","Rows Removed by Index Recheck": 0,"Filter": "(l_suppkey <> l1.l_suppkey)","Rows Removed by Filter": 1}]},{"Node Type": "Index Scan","Parent Relationship": "Inner","Parallel Aware": false,"Async Capable": false,"Scan Direction": "Forward","Index Name": "orders_pkey","Relation Name": "orders","Alias": "orders","Startup Cost": 0.43,"Total Cost": 0.51,"Plan Rows": 1,"Plan Width": 4,"Actual Startup Time": 0.008,"Actual Total Time": 0.008,"Actual Rows": 0,"Actual Loops": 8423,"Index Cond": "(o_orderkey = l1.l_orderkey)","Rows Removed by Index Recheck": 0,"Filter": "(o_orderstatus = 'F'::bpchar)","Rows Removed by Filter": 1}]}]}]}]},"Planning Time": 8.195,"Triggers": [],"Execution Time": 527.804}]
[{"Plan": {"Node Type": "Sort","Parallel Aware": false,"Async Capable": false,"Startup Cost": 147378.80,"Total Cost": 147378.81,"Plan Rows": 1,"Plan Width": 34,"Actual Startup Time": 499.004,"Actual Total Time": 520.055,"Actual Rows": 399,"Actual Loops": 1,"Sort Key": ["(count(*)) DESC", "supplier.s_name"],"Sort Method": "quicksort","Sort Space Used": 56,"Sort Space Type": "Memory","Plans": [{"Node Type": "Aggregate","Strategy": "Sorted","Partial Mode": "Simple","Parent Relationship": "Outer","Parallel Aware": false,"Async Capable": false,"Startup Cost": 147378.77,"Total Cost": 147378.79,"Plan Rows": 1,"Plan Width": 34,"Actual Startup Time": 497.768,"Actual Total Time": 519.326,"Actual Rows": 399,"Actual Loops": 1,"Group Key": ["supplier.s_name"],"Plans": [{"Node Type": "Sort","Parent Relationship": "Outer","Parallel Aware": false,"Async Capable": false,"Startup Cost": 147378.77,"Total Cost": 147378.78,"Plan Rows": 1,"Plan Width": 26,"Actual Startup Time": 497.754,"Actual Total Time": 518.925,"Actual Rows": 3901,"Actual Loops": 1,"Sort Key": ["supplier.s_name"],"Sort Method": "quicksort","Sort Space Used": 371,"Sort Space Type": "Memory","Plans": [{"Node Type": "Nested Loop","Parent Relationship": "Outer","Parallel Aware": false,"Async Capable": false,"Join Type": "Inner","Startup Cost": 1250.87,"Total Cost": 147378.76,"Plan Rows": 1,"Plan Width": 26,"Actual Startup Time": 5.425,"Actual Total Time": 507.475,"Actual Rows": 3901,"Actual Loops": 1,"Inner Unique": true,"Plans": [{"Node Type": "Nested Loop","Parent Relationship": "Outer","Parallel Aware": false,"Async Capable": false,"Join Type": "Semi","Startup Cost": 1250.44,"Total Cost": 147378.26,"Plan Rows": 1,"Plan Width": 34,"Actual Startup Time": 5.049,"Actual Total Time": 443.858,"Actual Rows": 7909,"Actual Loops": 1,"Inner Unique": false,"Plans": [{"Node Type": "Gather","Parent Relationship": "Outer","Parallel Aware": false,"Async Capable": false,"Startup Cost": 1250.01,"Total Cost": 147377.22,"Plan Rows": 1,"Plan Width": 34,"Actual Startup Time": 4.716,"Actual Total Time": 337.054,"Actual Rows": 13313,"Actual Loops": 1,"Workers Planned": 4,"Workers Launched": 4,"Single Copy": false,"Plans": [{"Node Type": "Nested Loop","Parent Relationship": "Outer","Parallel Aware": false,"Async Capable": false,"Join Type": "Anti","Startup Cost": 250.01,"Total Cost": 146377.12,"Plan Rows": 1,"Plan Width": 34,"Actual Startup Time": 4.762,"Actual Total Time": 442.169,"Actual Rows": 2663,"Actual Loops": 5,"Inner Unique": false,"Workers": [],"Plans": [{"Node Type": "Hash Join","Parent Relationship": "Outer","Parallel Aware": false,"Async Capable": false,"Join Type": "Inner","Startup Cost": 249.58,"Total Cost": 133581.65,"Plan Rows": 19990,"Plan Width": 34,"Actual Startup Time": 4.517,"Actual Total Time": 353.941,"Actual Rows": 30247,"Actual Loops": 5,"Inner Unique": false,"Hash Cond": "(l1.l_suppkey = supplier.s_suppkey)","Workers": [],"Plans": [{"Node Type": "Seq Scan","Parent Relationship": "Outer","Parallel Aware": true,"Async Capable": false,"Relation Name": "lineitem","Alias": "l1","Startup Cost": 0.00,"Total Cost": 131256.80,"Plan Rows": 500101,"Plan Width": 8,"Actual Startup Time": 0.021,"Actual Total Time": 302.084,"Actual Rows": 758659,"Actual Loops": 5,"Filter": "(l_receiptdate > l_commitdate)","Rows Removed by Filter": 441584,"Workers": []},{"Node Type": "Hash","Parent Relationship": "Inner","Parallel Aware": false,"Async Capable": false,"Startup Cost": 244.58,"Total Cost": 244.58,"Plan Rows": 400,"Plan Width": 30,"Actual Startup Time": 4.286,"Actual Total Time": 4.296,"Actual Rows": 399,"Actual Loops": 5,"Hash Buckets": 1024,"Original Hash Buckets": 1024,"Hash Batches": 1,"Original Hash Batches": 1,"Peak Memory Usage": 33,"Workers": [],"Plans": [{"Node Type": "Nested Loop","Parent Relationship": "Outer","Parallel Aware": false,"Async Capable": false,"Join Type": "Inner","Startup Cost": 7.38,"Total Cost": 244.58,"Plan Rows": 400,"Plan Width": 30,"Actual Startup Time": 0.243,"Actual Total Time": 4.128,"Actual Rows": 399,"Actual Loops": 5,"Inner Unique": false,"Workers": [],"Plans": [{"Node Type": "Seq Scan","Parent Relationship": "Outer","Parallel Aware": false,"Async Capable": false,"Relation Name": "nation","Alias": "nation","Startup Cost": 0.00,"Total Cost": 1.31,"Plan Rows": 1,"Plan Width": 4,"Actual Startup Time": 0.049,"Actual Total Time": 0.051,"Actual Rows": 1,"Actual Loops": 5,"Filter": "(n_name = 'VIETNAM'::bpchar)","Rows Removed by Filter": 24,"Workers": []},{"Node Type": "Bitmap Heap Scan","Parent Relationship": "Inner","Parallel Aware": false,"Async Capable": false,"Relation Name": "supplier","Alias": "supplier","Startup Cost": 7.38,"Total Cost": 239.27,"Plan Rows": 400,"Plan Width": 34,"Actual Startup Time": 0.189,"Actual Total Time": 4.007,"Actual Rows": 399,"Actual Loops": 5,"Recheck Cond": "(s_nationkey = nation.n_nationkey)","Rows Removed by Index Recheck": 0,"Exact Heap Blocks": 191,"Lossy Heap Blocks": 0,"Workers": [],"Plans": [{"Node Type": "Bitmap Index Scan","Parent Relationship": "Outer","Parallel Aware": false,"Async Capable": false,"Index Name": "idx_supplier_nation_key","Startup Cost": 0.00,"Total Cost": 7.29,"Plan Rows": 400,"Plan Width": 0,"Actual Startup Time": 0.123,"Actual Total Time": 0.125,"Actual Rows": 399,"Actual Loops": 5,"Index Cond": "(s_nationkey = nation.n_nationkey)","Workers": []}]}]}]}]},{"Node Type": "Index Scan","Parent Relationship": "Inner","Parallel Aware": false,"Async Capable": false,"Scan Direction": "Forward","Index Name": "idx_lineitem_orderkey","Relation Name": "lineitem","Alias": "l3","Startup Cost": 0.43,"Total Cost": 1.06,"Plan Rows": 6,"Plan Width": 8,"Actual Startup Time": 0.003,"Actual Total Time": 0.003,"Actual Rows": 1,"Actual Loops": 151237,"Index Cond": "(l_orderkey = l1.l_orderkey)","Rows Removed by Index Recheck": 0,"Filter": "((l_receiptdate > l_commitdate) AND (l_suppkey <> l1.l_suppkey))","Rows Removed by Filter": 1,"Workers": []}]}]},{"Node Type": "Index Scan","Parent Relationship": "Inner","Parallel Aware": false,"Async Capable": false,"Scan Direction": "Forward","Index Name": "idx_lineitem_orderkey","Relation Name": "lineitem","Alias": "l2","Startup Cost": 0.43,"Total Cost": 1.02,"Plan Rows": 17,"Plan Width": 8,"Actual Startup Time": 0.008,"Actual Total Time": 0.008,"Actual Rows": 1,"Actual Loops": 13313,"Index Cond": "(l_orderkey = l1.l_orderkey)","Rows Removed by Index Recheck": 0,"Filter": "(l_suppkey <> l1.l_suppkey)","Rows Removed by Filter": 1}]},{"Node Type": "Index Scan","Parent Relationship": "Inner","Parallel Aware": false,"Async Capable": false,"Scan Direction": "Forward","Index Name": "orders_pkey","Relation Name": "orders","Alias": "orders","Startup Cost": 0.43,"Total Cost": 0.51,"Plan Rows": 1,"Plan Width": 4,"Actual Startup Time": 0.008,"Actual Total Time": 0.008,"Actual Rows": 0,"Actual Loops": 7909,"Index Cond": "(o_orderkey = l1.l_orderkey)","Rows Removed by Index Recheck": 0,"Filter": "(o_orderstatus = 'F'::bpchar)","Rows Removed by Filter": 1}]}]}]}]},"Planning Time": 9.630,"Triggers": [],"Execution Time": 520.585}]
[{"Plan": {"Node Type": "Sort","Parallel Aware": false,"Async Capable": false,"Startup Cost": 147378.80,"Total Cost": 147378.81,"Plan Rows": 1,"Plan Width": 34,"Actual Startup Time": 494.557,"Actual Total Time": 516.628,"Actual Rows": 380,"Actual Loops": 1,"Sort Key": ["(count(*)) DESC", "supplier.s_name"],"Sort Method": "quicksort","Sort Space Used": 54,"Sort Space Type": "Memory","Plans": [{"Node Type": "Aggregate","Strategy": "Sorted","Partial Mode": "Simple","Parent Relationship": "Outer","Parallel Aware": false,"Async Capable": false,"Startup Cost": 147378.77,"Total Cost": 147378.79,"Plan Rows": 1,"Plan Width": 34,"Actual Startup Time": 493.417,"Actual Total Time": 515.990,"Actual Rows": 380,"Actual Loops": 1,"Group Key": ["supplier.s_name"],"Plans": [{"Node Type": "Sort","Parent Relationship": "Outer","Parallel Aware": false,"Async Capable": false,"Startup Cost": 147378.77,"Total Cost": 147378.78,"Plan Rows": 1,"Plan Width": 26,"Actual Startup Time": 493.396,"Actual Total Time": 515.587,"Actual Rows": 3777,"Actual Loops": 1,"Sort Key": ["supplier.s_name"],"Sort Method": "quicksort","Sort Space Used": 362,"Sort Space Type": "Memory","Plans": [{"Node Type": "Nested Loop","Parent Relationship": "Outer","Parallel Aware": false,"Async Capable": false,"Join Type": "Inner","Startup Cost": 1250.87,"Total Cost": 147378.76,"Plan Rows": 1,"Plan Width": 26,"Actual Startup Time": 4.998,"Actual Total Time": 504.711,"Actual Rows": 3777,"Actual Loops": 1,"Inner Unique": true,"Plans": [{"Node Type": "Nested Loop","Parent Relationship": "Outer","Parallel Aware": false,"Async Capable": false,"Join Type": "Semi","Startup Cost": 1250.44,"Total Cost": 147378.26,"Plan Rows": 1,"Plan Width": 34,"Actual Startup Time": 4.963,"Actual Total Time": 440.621,"Actual Rows": 7670,"Actual Loops": 1,"Inner Unique": false,"Plans": [{"Node Type": "Gather","Parent Relationship": "Outer","Parallel Aware": false,"Async Capable": false,"Startup Cost": 1250.01,"Total Cost": 147377.22,"Plan Rows": 1,"Plan Width": 34,"Actual Startup Time": 4.951,"Actual Total Time": 333.201,"Actual Rows": 12935,"Actual Loops": 1,"Workers Planned": 4,"Workers Launched": 4,"Single Copy": false,"Plans": [{"Node Type": "Nested Loop","Parent Relationship": "Outer","Parallel Aware": false,"Async Capable": false,"Join Type": "Anti","Startup Cost": 250.01,"Total Cost": 146377.12,"Plan Rows": 1,"Plan Width": 34,"Actual Startup Time": 5.873,"Actual Total Time": 437.867,"Actual Rows": 2587,"Actual Loops": 5,"Inner Unique": false,"Workers": [],"Plans": [{"Node Type": "Hash Join","Parent Relationship": "Outer","Parallel Aware": false,"Async Capable": false,"Join Type": "Inner","Startup Cost": 249.58,"Total Cost": 133581.65,"Plan Rows": 19990,"Plan Width": 34,"Actual Startup Time": 5.239,"Actual Total Time": 352.656,"Actual Rows": 28741,"Actual Loops": 5,"Inner Unique": false,"Hash Cond": "(l1.l_suppkey = supplier.s_suppkey)","Workers": [],"Plans": [{"Node Type": "Seq Scan","Parent Relationship": "Outer","Parallel Aware": true,"Async Capable": false,"Relation Name": "lineitem","Alias": "l1","Startup Cost": 0.00,"Total Cost": 131256.80,"Plan Rows": 500101,"Plan Width": 8,"Actual Startup Time": 0.031,"Actual Total Time": 300.900,"Actual Rows": 758659,"Actual Loops": 5,"Filter": "(l_receiptdate > l_commitdate)","Rows Removed by Filter": 441584,"Workers": []},{"Node Type": "Hash","Parent Relationship": "Inner","Parallel Aware": false,"Async Capable": false,"Startup Cost": 244.58,"Total Cost": 244.58,"Plan Rows": 400,"Plan Width": 30,"Actual Startup Time": 4.907,"Actual Total Time": 4.921,"Actual Rows": 380,"Actual Loops": 5,"Hash Buckets": 1024,"Original Hash Buckets": 1024,"Hash Batches": 1,"Original Hash Batches": 1,"Peak Memory Usage": 32,"Workers": [],"Plans": [{"Node Type": "Nested Loop","Parent Relationship": "Outer","Parallel Aware": false,"Async Capable": false,"Join Type": "Inner","Startup Cost": 7.38,"Total Cost": 244.58,"Plan Rows": 400,"Plan Width": 30,"Actual Startup Time": 0.293,"Actual Total Time": 4.740,"Actual Rows": 380,"Actual Loops": 5,"Inner Unique": false,"Workers": [],"Plans": [{"Node Type": "Seq Scan","Parent Relationship": "Outer","Parallel Aware": false,"Async Capable": false,"Relation Name": "nation","Alias": "nation","Startup Cost": 0.00,"Total Cost": 1.31,"Plan Rows": 1,"Plan Width": 4,"Actual Startup Time": 0.048,"Actual Total Time": 0.056,"Actual Rows": 1,"Actual Loops": 5,"Filter": "(n_name = 'ETHIOPIA'::bpchar)","Rows Removed by Filter": 24,"Workers": []},{"Node Type": "Bitmap Heap Scan","Parent Relationship": "Inner","Parallel Aware": false,"Async Capable": false,"Relation Name": "supplier","Alias": "supplier","Startup Cost": 7.38,"Total Cost": 239.27,"Plan Rows": 400,"Plan Width": 34,"Actual Startup Time": 0.240,"Actual Total Time": 4.598,"Actual Rows": 380,"Actual Loops": 5,"Recheck Cond": "(s_nationkey = nation.n_nationkey)","Rows Removed by Index Recheck": 0,"Exact Heap Blocks": 192,"Lossy Heap Blocks": 0,"Workers": [],"Plans": [{"Node Type": "Bitmap Index Scan","Parent Relationship": "Outer","Parallel Aware": false,"Async Capable": false,"Index Name": "idx_supplier_nation_key","Startup Cost": 0.00,"Total Cost": 7.29,"Plan Rows": 400,"Plan Width": 0,"Actual Startup Time": 0.158,"Actual Total Time": 0.159,"Actual Rows": 380,"Actual Loops": 5,"Index Cond": "(s_nationkey = nation.n_nationkey)","Workers": []}]}]}]}]},{"Node Type": "Index Scan","Parent Relationship": "Inner","Parallel Aware": false,"Async Capable": false,"Scan Direction": "Forward","Index Name": "idx_lineitem_orderkey","Relation Name": "lineitem","Alias": "l3","Startup Cost": 0.43,"Total Cost": 1.06,"Plan Rows": 6,"Plan Width": 8,"Actual Startup Time": 0.003,"Actual Total Time": 0.003,"Actual Rows": 1,"Actual Loops": 143707,"Index Cond": "(l_orderkey = l1.l_orderkey)","Rows Removed by Index Recheck": 0,"Filter": "((l_receiptdate > l_commitdate) AND (l_suppkey <> l1.l_suppkey))","Rows Removed by Filter": 1,"Workers": []}]}]},{"Node Type": "Index Scan","Parent Relationship": "Inner","Parallel Aware": false,"Async Capable": false,"Scan Direction": "Forward","Index Name": "idx_lineitem_orderkey","Relation Name": "lineitem","Alias": "l2","Startup Cost": 0.43,"Total Cost": 1.02,"Plan Rows": 17,"Plan Width": 8,"Actual Startup Time": 0.008,"Actual Total Time": 0.008,"Actual Rows": 1,"Actual Loops": 12935,"Index Cond": "(l_orderkey = l1.l_orderkey)","Rows Removed by Index Recheck": 0,"Filter": "(l_suppkey <> l1.l_suppkey)","Rows Removed by Filter": 1}]},{"Node Type": "Index Scan","Parent Relationship": "Inner","Parallel Aware": false,"Async Capable": false,"Scan Direction": "Forward","Index Name": "orders_pkey","Relation Name": "orders","Alias": "orders","Startup Cost": 0.43,"Total Cost": 0.51,"Plan Rows": 1,"Plan Width": 4,"Actual Startup Time": 0.008,"Actual Total Time": 0.008,"Actual Rows": 0,"Actual Loops": 7670,"Index Cond": "(o_orderkey = l1.l_orderkey)","Rows Removed by Index Recheck": 0,"Filter": "(o_orderstatus = 'F'::bpchar)","Rows Removed by Filter": 1}]}]}]}]},"Planning Time": 9.415,"Triggers": [],"Execution Time": 517.200}]
[{"Plan": {"Node Type": "Sort","Parallel Aware": false,"Async Capable": false,"Startup Cost": 147378.80,"Total Cost": 147378.81,"Plan Rows": 1,"Plan Width": 34,"Actual Startup Time": 496.555,"Actual Total Time": 517.754,"Actual Rows": 397,"Actual Loops": 1,"Sort Key": ["(count(*)) DESC", "supplier.s_name"],"Sort Method": "quicksort","Sort Space Used": 56,"Sort Space Type": "Memory","Plans": [{"Node Type": "Aggregate","Strategy": "Sorted","Partial Mode": "Simple","Parent Relationship": "Outer","Parallel Aware": false,"Async Capable": false,"Startup Cost": 147378.77,"Total Cost": 147378.79,"Plan Rows": 1,"Plan Width": 34,"Actual Startup Time": 495.361,"Actual Total Time": 517.058,"Actual Rows": 397,"Actual Loops": 1,"Group Key": ["supplier.s_name"],"Plans": [{"Node Type": "Sort","Parent Relationship": "Outer","Parallel Aware": false,"Async Capable": false,"Startup Cost": 147378.77,"Total Cost": 147378.78,"Plan Rows": 1,"Plan Width": 26,"Actual Startup Time": 495.332,"Actual Total Time": 516.651,"Actual Rows": 3913,"Actual Loops": 1,"Sort Key": ["supplier.s_name"],"Sort Method": "quicksort","Sort Space Used": 372,"Sort Space Type": "Memory","Plans": [{"Node Type": "Nested Loop","Parent Relationship": "Outer","Parallel Aware": false,"Async Capable": false,"Join Type": "Inner","Startup Cost": 1250.87,"Total Cost": 147378.76,"Plan Rows": 1,"Plan Width": 26,"Actual Startup Time": 5.355,"Actual Total Time": 505.328,"Actual Rows": 3913,"Actual Loops": 1,"Inner Unique": true,"Plans": [{"Node Type": "Nested Loop","Parent Relationship": "Outer","Parallel Aware": false,"Async Capable": false,"Join Type": "Semi","Startup Cost": 1250.44,"Total Cost": 147378.26,"Plan Rows": 1,"Plan Width": 34,"Actual Startup Time": 4.468,"Actual Total Time": 441.221,"Actual Rows": 7976,"Actual Loops": 1,"Inner Unique": false,"Plans": [{"Node Type": "Gather","Parent Relationship": "Outer","Parallel Aware": false,"Async Capable": false,"Startup Cost": 1250.01,"Total Cost": 147377.22,"Plan Rows": 1,"Plan Width": 34,"Actual Startup Time": 4.454,"Actual Total Time": 332.117,"Actual Rows": 13419,"Actual Loops": 1,"Workers Planned": 4,"Workers Launched": 4,"Single Copy": false,"Plans": [{"Node Type": "Nested Loop","Parent Relationship": "Outer","Parallel Aware": false,"Async Capable": false,"Join Type": "Anti","Startup Cost": 250.01,"Total Cost": 146377.12,"Plan Rows": 1,"Plan Width": 34,"Actual Startup Time": 5.707,"Actual Total Time": 439.562,"Actual Rows": 2684,"Actual Loops": 5,"Inner Unique": false,"Workers": [],"Plans": [{"Node Type": "Hash Join","Parent Relationship": "Outer","Parallel Aware": false,"Async Capable": false,"Join Type": "Inner","Startup Cost": 249.58,"Total Cost": 133581.65,"Plan Rows": 19990,"Plan Width": 34,"Actual Startup Time": 5.222,"Actual Total Time": 351.394,"Actual Rows": 30171,"Actual Loops": 5,"Inner Unique": false,"Hash Cond": "(l1.l_suppkey = supplier.s_suppkey)","Workers": [],"Plans": [{"Node Type": "Seq Scan","Parent Relationship": "Outer","Parallel Aware": true,"Async Capable": false,"Relation Name": "lineitem","Alias": "l1","Startup Cost": 0.00,"Total Cost": 131256.80,"Plan Rows": 500101,"Plan Width": 8,"Actual Startup Time": 0.029,"Actual Total Time": 300.354,"Actual Rows": 758659,"Actual Loops": 5,"Filter": "(l_receiptdate > l_commitdate)","Rows Removed by Filter": 441584,"Workers": []},{"Node Type": "Hash","Parent Relationship": "Inner","Parallel Aware": false,"Async Capable": false,"Startup Cost": 244.58,"Total Cost": 244.58,"Plan Rows": 400,"Plan Width": 30,"Actual Startup Time": 4.859,"Actual Total Time": 4.869,"Actual Rows": 397,"Actual Loops": 5,"Hash Buckets": 1024,"Original Hash Buckets": 1024,"Hash Batches": 1,"Original Hash Batches": 1,"Peak Memory Usage": 33,"Workers": [],"Plans": [{"Node Type": "Nested Loop","Parent Relationship": "Outer","Parallel Aware": false,"Async Capable": false,"Join Type": "Inner","Startup Cost": 7.38,"Total Cost": 244.58,"Plan Rows": 400,"Plan Width": 30,"Actual Startup Time": 0.335,"Actual Total Time": 4.677,"Actual Rows": 397,"Actual Loops": 5,"Inner Unique": false,"Workers": [],"Plans": [{"Node Type": "Seq Scan","Parent Relationship": "Outer","Parallel Aware": false,"Async Capable": false,"Relation Name": "nation","Alias": "nation","Startup Cost": 0.00,"Total Cost": 1.31,"Plan Rows": 1,"Plan Width": 4,"Actual Startup Time": 0.076,"Actual Total Time": 0.084,"Actual Rows": 1,"Actual Loops": 5,"Filter": "(n_name = 'BRAZIL'::bpchar)","Rows Removed by Filter": 24,"Workers": []},{"Node Type": "Bitmap Heap Scan","Parent Relationship": "Inner","Parallel Aware": false,"Async Capable": false,"Relation Name": "supplier","Alias": "supplier","Startup Cost": 7.38,"Total Cost": 239.27,"Plan Rows": 400,"Plan Width": 34,"Actual Startup Time": 0.255,"Actual Total Time": 4.499,"Actual Rows": 397,"Actual Loops": 5,"Recheck Cond": "(s_nationkey = nation.n_nationkey)","Rows Removed by Index Recheck": 0,"Exact Heap Blocks": 187,"Lossy Heap Blocks": 0,"Workers": [],"Plans": [{"Node Type": "Bitmap Index Scan","Parent Relationship": "Outer","Parallel Aware": false,"Async Capable": false,"Index Name": "idx_supplier_nation_key","Startup Cost": 0.00,"Total Cost": 7.29,"Plan Rows": 400,"Plan Width": 0,"Actual Startup Time": 0.169,"Actual Total Time": 0.170,"Actual Rows": 397,"Actual Loops": 5,"Index Cond": "(s_nationkey = nation.n_nationkey)","Workers": []}]}]}]}]},{"Node Type": "Index Scan","Parent Relationship": "Inner","Parallel Aware": false,"Async Capable": false,"Scan Direction": "Forward","Index Name": "idx_lineitem_orderkey","Relation Name": "lineitem","Alias": "l3","Startup Cost": 0.43,"Total Cost": 1.06,"Plan Rows": 6,"Plan Width": 8,"Actual Startup Time": 0.003,"Actual Total Time": 0.003,"Actual Rows": 1,"Actual Loops": 150857,"Index Cond": "(l_orderkey = l1.l_orderkey)","Rows Removed by Index Recheck": 0,"Filter": "((l_receiptdate > l_commitdate) AND (l_suppkey <> l1.l_suppkey))","Rows Removed by Filter": 1,"Workers": []}]}]},{"Node Type": "Index Scan","Parent Relationship": "Inner","Parallel Aware": false,"Async Capable": false,"Scan Direction": "Forward","Index Name": "idx_lineitem_orderkey","Relation Name": "lineitem","Alias": "l2","Startup Cost": 0.43,"Total Cost": 1.02,"Plan Rows": 17,"Plan Width": 8,"Actual Startup Time": 0.008,"Actual Total Time": 0.008,"Actual Rows": 1,"Actual Loops": 13419,"Index Cond": "(l_orderkey = l1.l_orderkey)","Rows Removed by Index Recheck": 0,"Filter": "(l_suppkey <> l1.l_suppkey)","Rows Removed by Filter": 1}]},{"Node Type": "Index Scan","Parent Relationship": "Inner","Parallel Aware": false,"Async Capable": false,"Scan Direction": "Forward","Index Name": "orders_pkey","Relation Name": "orders","Alias": "orders","Startup Cost": 0.43,"Total Cost": 0.51,"Plan Rows": 1,"Plan Width": 4,"Actual Startup Time": 0.008,"Actual Total Time": 0.008,"Actual Rows": 0,"Actual Loops": 7976,"Index Cond": "(o_orderkey = l1.l_orderkey)","Rows Removed by Index Recheck": 0,"Filter": "(o_orderstatus = 'F'::bpchar)","Rows Removed by Filter": 1}]}]}]}]},"Planning Time": 8.213,"Triggers": [],"Execution Time": 518.316}]
[{"Plan": {"Node Type": "Sort","Parallel Aware": false,"Async Capable": false,"Startup Cost": 147378.80,"Total Cost": 147378.81,"Plan Rows": 1,"Plan Width": 34,"Actual Startup Time": 496.555,"Actual Total Time": 517.754,"Actual Rows": 397,"Actual Loops": 1,"Sort Key": ["(count(*)) DESC", "supplier.s_name"],"Sort Method": "quicksort","Sort Space Used": 56,"Sort Space Type": "Memory","Plans": [{"Node Type": "Aggregate","Strategy": "Sorted","Partial Mode": "Simple","Parent Relationship": "Outer","Parallel Aware": false,"Async Capable": false,"Startup Cost": 147378.77,"Total Cost": 147378.79,"Plan Rows": 1,"Plan Width": 34,"Actual Startup Time": 495.361,"Actual Total Time": 517.058,"Actual Rows": 397,"Actual Loops": 1,"Group Key": ["supplier.s_name"],"Plans": [{"Node Type": "Sort","Parent Relationship": "Outer","Parallel Aware": false,"Async Capable": false,"Startup Cost": 147378.77,"Total Cost": 147378.78,"Plan Rows": 1,"Plan Width": 26,"Actual Startup Time": 495.332,"Actual Total Time": 516.651,"Actual Rows": 3913,"Actual Loops": 1,"Sort Key": ["supplier.s_name"],"Sort Method": "quicksort","Sort Space Used": 372,"Sort Space Type": "Memory","Plans": [{"Node Type": "Nested Loop","Parent Relationship": "Outer","Parallel Aware": false,"Async Capable": false,"Join Type": "Inner","Startup Cost": 1250.87,"Total Cost": 147378.76,"Plan Rows": 1,"Plan Width": 26,"Actual Startup Time": 5.355,"Actual Total Time": 505.328,"Actual Rows": 3913,"Actual Loops": 1,"Inner Unique": true,"Plans": [{"Node Type": "Nested Loop","Parent Relationship": "Outer","Parallel Aware": false,"Async Capable": false,"Join Type": "Semi","Startup Cost": 1250.44,"Total Cost": 147378.26,"Plan Rows": 1,"Plan Width": 34,"Actual Startup Time": 4.468,"Actual Total Time": 441.221,"Actual Rows": 7976,"Actual Loops": 1,"Inner Unique": false,"Plans": [{"Node Type": "Gather","Parent Relationship": "Outer","Parallel Aware": false,"Async Capable": false,"Startup Cost": 1250.01,"Total Cost": 147377.22,"Plan Rows": 1,"Plan Width": 34,"Actual Startup Time": 4.454,"Actual Total Time": 332.117,"Actual Rows": 13419,"Actual Loops": 1,"Workers Planned": 4,"Workers Launched": 4,"Single Copy": false,"Plans": [{"Node Type": "Nested Loop","Parent Relationship": "Outer","Parallel Aware": false,"Async Capable": false,"Join Type": "Anti","Startup Cost": 250.01,"Total Cost": 146377.12,"Plan Rows": 1,"Plan Width": 34,"Actual Startup Time": 5.707,"Actual Total Time": 439.562,"Actual Rows": 2684,"Actual Loops": 5,"Inner Unique": false,"Workers": [],"Plans": [{"Node Type": "Hash Join","Parent Relationship": "Outer","Parallel Aware": false,"Async Capable": false,"Join Type": "Inner","Startup Cost": 249.58,"Total Cost": 133581.65,"Plan Rows": 19990,"Plan Width": 34,"Actual Startup Time": 5.222,"Actual Total Time": 351.394,"Actual Rows": 30171,"Actual Loops": 5,"Inner Unique": false,"Hash Cond": "(l1.l_suppkey = supplier.s_suppkey)","Workers": [],"Plans": [{"Node Type": "Seq Scan","Parent Relationship": "Outer","Parallel Aware": true,"Async Capable": false,"Relation Name": "lineitem","Alias": "l1","Startup Cost": 0.00,"Total Cost": 131256.80,"Plan Rows": 500101,"Plan Width": 8,"Actual Startup Time": 0.029,"Actual Total Time": 300.354,"Actual Rows": 758659,"Actual Loops": 5,"Filter": "(l_receiptdate > l_commitdate)","Rows Removed by Filter": 441584,"Workers": []},{"Node Type": "Hash","Parent Relationship": "Inner","Parallel Aware": false,"Async Capable": false,"Startup Cost": 244.58,"Total Cost": 244.58,"Plan Rows": 400,"Plan Width": 30,"Actual Startup Time": 4.859,"Actual Total Time": 4.869,"Actual Rows": 397,"Actual Loops": 5,"Hash Buckets": 1024,"Original Hash Buckets": 1024,"Hash Batches": 1,"Original Hash Batches": 1,"Peak Memory Usage": 33,"Workers": [],"Plans": [{"Node Type": "Nested Loop","Parent Relationship": "Outer","Parallel Aware": false,"Async Capable": false,"Join Type": "Inner","Startup Cost": 7.38,"Total Cost": 244.58,"Plan Rows": 400,"Plan Width": 30,"Actual Startup Time": 0.335,"Actual Total Time": 4.677,"Actual Rows": 397,"Actual Loops": 5,"Inner Unique": false,"Workers": [],"Plans": [{"Node Type": "Seq Scan","Parent Relationship": "Outer","Parallel Aware": false,"Async Capable": false,"Relation Name": "nation","Alias": "nation","Startup Cost": 0.00,"Total Cost": 1.31,"Plan Rows": 1,"Plan Width": 4,"Actual Startup Time": 0.076,"Actual Total Time": 0.084,"Actual Rows": 1,"Actual Loops": 5,"Filter": "(n_name = 'BRAZIL'::bpchar)","Rows Removed by Filter": 24,"Workers": []},{"Node Type": "Bitmap Heap Scan","Parent Relationship": "Inner","Parallel Aware": false,"Async Capable": false,"Relation Name": "supplier","Alias": "supplier","Startup Cost": 7.38,"Total Cost": 239.27,"Plan Rows": 400,"Plan Width": 34,"Actual Startup Time": 0.255,"Actual Total Time": 4.499,"Actual Rows": 397,"Actual Loops": 5,"Recheck Cond": "(s_nationkey = nation.n_nationkey)","Rows Removed by Index Recheck": 0,"Exact Heap Blocks": 187,"Lossy Heap Blocks": 0,"Workers": [],"Plans": [{"Node Type": "Bitmap Index Scan","Parent Relationship": "Outer","Parallel Aware": false,"Async Capable": false,"Index Name": "idx_supplier_nation_key","Startup Cost": 0.00,"Total Cost": 7.29,"Plan Rows": 400,"Plan Width": 0,"Actual Startup Time": 0.169,"Actual Total Time": 0.170,"Actual Rows": 397,"Actual Loops": 5,"Index Cond": "(s_nationkey = nation.n_nationkey)","Workers": []}]}]}]}]},{"Node Type": "Index Scan","Parent Relationship": "Inner","Parallel Aware": false,"Async Capable": false,"Scan Direction": "Forward","Index Name": "idx_lineitem_orderkey","Relation Name": "lineitem","Alias": "l3","Startup Cost": 0.43,"Total Cost": 1.06,"Plan Rows": 6,"Plan Width": 8,"Actual Startup Time": 0.003,"Actual Total Time": 0.003,"Actual Rows": 1,"Actual Loops": 150857,"Index Cond": "(l_orderkey = l1.l_orderkey)","Rows Removed by Index Recheck": 0,"Filter": "((l_receiptdate > l_commitdate) AND (l_suppkey <> l1.l_suppkey))","Rows Removed by Filter": 1,"Workers": []}]}]},{"Node Type": "Index Scan","Parent Relationship": "Inner","Parallel Aware": false,"Async Capable": false,"Scan Direction": "Forward","Index Name": "idx_lineitem_orderkey","Relation Name": "lineitem","Alias": "l2","Startup Cost": 0.43,"Total Cost": 1.02,"Plan Rows": 17,"Plan Width": 8,"Actual Startup Time": 0.008,"Actual Total Time": 0.008,"Actual Rows": 1,"Actual Loops": 13419,"Index Cond": "(l_orderkey = l1.l_orderkey)","Rows Removed by Index Recheck": 0,"Filter": "(l_suppkey <> l1.l_suppkey)","Rows Removed by Filter": 1}]},{"Node Type": "Index Scan","Parent Relationship": "Inner","Parallel Aware": false,"Async Capable": false,"Scan Direction": "Forward","Index Name": "orders_pkey","Relation Name": "orders","Alias": "orders","Startup Cost": 0.43,"Total Cost": 0.51,"Plan Rows": 1,"Plan Width": 4,"Actual Startup Time": 0.008,"Actual Total Time": 0.008,"Actual Rows": 0,"Actual Loops": 7976,"Index Cond": "(o_orderkey = l1.l_orderkey)","Rows Removed by Index Recheck": 0,"Filter": "(o_orderstatus = 'F'::bpchar)","Rows Removed by Filter": 1}]}]}]}]},"Planning Time": 8.213,"Triggers": [],"Execution Time": 518.316}]
[{"Plan": {"Node Type": "Sort","Parallel Aware": false,"Async Capable": false,"Startup Cost": 147378.80,"Total Cost": 147378.81,"Plan Rows": 1,"Plan Width": 34,"Actual Startup Time": 507.691,"Actual Total Time": 527.119,"Actual Rows": 411,"Actual Loops": 1,"Sort Key": ["(count(*)) DESC", "supplier.s_name"],"Sort Method": "quicksort","Sort Space Used": 57,"Sort Space Type": "Memory","Plans": [{"Node Type": "Aggregate","Strategy": "Sorted","Partial Mode": "Simple","Parent Relationship": "Outer","Parallel Aware": false,"Async Capable": false,"Startup Cost": 147378.77,"Total Cost": 147378.79,"Plan Rows": 1,"Plan Width": 34,"Actual Startup Time": 506.441,"Actual Total Time": 526.395,"Actual Rows": 411,"Actual Loops": 1,"Group Key": ["supplier.s_name"],"Plans": [{"Node Type": "Sort","Parent Relationship": "Outer","Parallel Aware": false,"Async Capable": false,"Startup Cost": 147378.77,"Total Cost": 147378.78,"Plan Rows": 1,"Plan Width": 26,"Actual Startup Time": 506.413,"Actual Total Time": 525.969,"Actual Rows": 4141,"Actual Loops": 1,"Sort Key": ["supplier.s_name"],"Sort Method": "quicksort","Sort Space Used": 484,"Sort Space Type": "Memory","Plans": [{"Node Type": "Nested Loop","Parent Relationship": "Outer","Parallel Aware": false,"Async Capable": false,"Join Type": "Inner","Startup Cost": 1250.87,"Total Cost": 147378.76,"Plan Rows": 1,"Plan Width": 26,"Actual Startup Time": 4.973,"Actual Total Time": 514.878,"Actual Rows": 4141,"Actual Loops": 1,"Inner Unique": true,"Plans": [{"Node Type": "Nested Loop","Parent Relationship": "Outer","Parallel Aware": false,"Async Capable": false,"Join Type": "Semi","Startup Cost": 1250.44,"Total Cost": 147378.26,"Plan Rows": 1,"Plan Width": 34,"Actual Startup Time": 4.329,"Actual Total Time": 453.804,"Actual Rows": 8357,"Actual Loops": 1,"Inner Unique": false,"Plans": [{"Node Type": "Gather","Parent Relationship": "Outer","Parallel Aware": false,"Async Capable": false,"Startup Cost": 1250.01,"Total Cost": 147377.22,"Plan Rows": 1,"Plan Width": 34,"Actual Startup Time": 4.312,"Actual Total Time": 350.336,"Actual Rows": 13859,"Actual Loops": 1,"Workers Planned": 4,"Workers Launched": 4,"Single Copy": false,"Plans": [{"Node Type": "Nested Loop","Parent Relationship": "Outer","Parallel Aware": false,"Async Capable": false,"Join Type": "Anti","Startup Cost": 250.01,"Total Cost": 146377.12,"Plan Rows": 1,"Plan Width": 34,"Actual Startup Time": 4.818,"Actual Total Time": 450.256,"Actual Rows": 2772,"Actual Loops": 5,"Inner Unique": false,"Workers": [],"Plans": [{"Node Type": "Hash Join","Parent Relationship": "Outer","Parallel Aware": false,"Async Capable": false,"Join Type": "Inner","Startup Cost": 249.58,"Total Cost": 133581.65,"Plan Rows": 19990,"Plan Width": 34,"Actual Startup Time": 4.474,"Actual Total Time": 357.672,"Actual Rows": 31348,"Actual Loops": 5,"Inner Unique": false,"Hash Cond": "(l1.l_suppkey = supplier.s_suppkey)","Workers": [],"Plans": [{"Node Type": "Seq Scan","Parent Relationship": "Outer","Parallel Aware": true,"Async Capable": false,"Relation Name": "lineitem","Alias": "l1","Startup Cost": 0.00,"Total Cost": 131256.80,"Plan Rows": 500101,"Plan Width": 8,"Actual Startup Time": 0.028,"Actual Total Time": 306.873,"Actual Rows": 758659,"Actual Loops": 5,"Filter": "(l_receiptdate > l_commitdate)","Rows Removed by Filter": 441584,"Workers": []},{"Node Type": "Hash","Parent Relationship": "Inner","Parallel Aware": false,"Async Capable": false,"Startup Cost": 244.58,"Total Cost": 244.58,"Plan Rows": 400,"Plan Width": 30,"Actual Startup Time": 4.175,"Actual Total Time": 4.188,"Actual Rows": 411,"Actual Loops": 5,"Hash Buckets": 1024,"Original Hash Buckets": 1024,"Hash Batches": 1,"Original Hash Batches": 1,"Peak Memory Usage": 34,"Workers": [],"Plans": [{"Node Type": "Nested Loop","Parent Relationship": "Outer","Parallel Aware": false,"Async Capable": false,"Join Type": "Inner","Startup Cost": 7.38,"Total Cost": 244.58,"Plan Rows": 400,"Plan Width": 30,"Actual Startup Time": 0.256,"Actual Total Time": 4.027,"Actual Rows": 411,"Actual Loops": 5,"Inner Unique": false,"Workers": [],"Plans": [{"Node Type": "Seq Scan","Parent Relationship": "Outer","Parallel Aware": false,"Async Capable": false,"Relation Name": "nation","Alias": "nation","Startup Cost": 0.00,"Total Cost": 1.31,"Plan Rows": 1,"Plan Width": 4,"Actual Startup Time": 0.047,"Actual Total Time": 0.051,"Actual Rows": 1,"Actual Loops": 5,"Filter": "(n_name = 'SAUDI ARABIA'::bpchar)","Rows Removed by Filter": 24,"Workers": []},{"Node Type": "Bitmap Heap Scan","Parent Relationship": "Inner","Parallel Aware": false,"Async Capable": false,"Relation Name": "supplier","Alias": "supplier","Startup Cost": 7.38,"Total Cost": 239.27,"Plan Rows": 400,"Plan Width": 34,"Actual Startup Time": 0.204,"Actual Total Time": 3.890,"Actual Rows": 411,"Actual Loops": 5,"Recheck Cond": "(s_nationkey = nation.n_nationkey)","Rows Removed by Index Recheck": 0,"Exact Heap Blocks": 182,"Lossy Heap Blocks": 0,"Workers": [],"Plans": [{"Node Type": "Bitmap Index Scan","Parent Relationship": "Outer","Parallel Aware": false,"Async Capable": false,"Index Name": "idx_supplier_nation_key","Startup Cost": 0.00,"Total Cost": 7.29,"Plan Rows": 400,"Plan Width": 0,"Actual Startup Time": 0.143,"Actual Total Time": 0.145,"Actual Rows": 411,"Actual Loops": 5,"Index Cond": "(s_nationkey = nation.n_nationkey)","Workers": []}]}]}]}]},{"Node Type": "Index Scan","Parent Relationship": "Inner","Parallel Aware": false,"Async Capable": false,"Scan Direction": "Forward","Index Name": "idx_lineitem_orderkey","Relation Name": "lineitem","Alias": "l3","Startup Cost": 0.43,"Total Cost": 1.06,"Plan Rows": 6,"Plan Width": 8,"Actual Startup Time": 0.003,"Actual Total Time": 0.003,"Actual Rows": 1,"Actual Loops": 156739,"Index Cond": "(l_orderkey = l1.l_orderkey)","Rows Removed by Index Recheck": 0,"Filter": "((l_receiptdate > l_commitdate) AND (l_suppkey <> l1.l_suppkey))","Rows Removed by Filter": 1,"Workers": []}]}]},{"Node Type": "Index Scan","Parent Relationship": "Inner","Parallel Aware": false,"Async Capable": false,"Scan Direction": "Forward","Index Name": "idx_lineitem_orderkey","Relation Name": "lineitem","Alias": "l2","Startup Cost": 0.43,"Total Cost": 1.02,"Plan Rows": 17,"Plan Width": 8,"Actual Startup Time": 0.007,"Actual Total Time": 0.007,"Actual Rows": 1,"Actual Loops": 13859,"Index Cond": "(l_orderkey = l1.l_orderkey)","Rows Removed by Index Recheck": 0,"Filter": "(l_suppkey <> l1.l_suppkey)","Rows Removed by Filter": 1}]},{"Node Type": "Index Scan","Parent Relationship": "Inner","Parallel Aware": false,"Async Capable": false,"Scan Direction": "Forward","Index Name": "orders_pkey","Relation Name": "orders","Alias": "orders","Startup Cost": 0.43,"Total Cost": 0.51,"Plan Rows": 1,"Plan Width": 4,"Actual Startup Time": 0.007,"Actual Total Time": 0.007,"Actual Rows": 0,"Actual Loops": 8357,"Index Cond": "(o_orderkey = l1.l_orderkey)","Rows Removed by Index Recheck": 0,"Filter": "(o_orderstatus = 'F'::bpchar)","Rows Removed by Filter": 1}]}]}]}]},"Planning Time": 9.483,"Triggers": [],"Execution Time": 527.804}]
[{"Plan": {"Node Type": "Sort","Parallel Aware": false,"Async Capable": false,"Startup Cost": 147378.80,"Total Cost": 147378.81,"Plan Rows": 1,"Plan Width": 34,"Actual Startup Time": 510.910,"Actual Total Time": 530.461,"Actual Rows": 420,"Actual Loops": 1,"Sort Key": ["(count(*)) DESC", "supplier.s_name"],"Sort Method": "quicksort","Sort Space Used": 57,"Sort Space Type": "Memory","Plans": [{"Node Type": "Aggregate","Strategy": "Sorted","Partial Mode": "Simple","Parent Relationship": "Outer","Parallel Aware": false,"Async Capable": false,"Startup Cost": 147378.77,"Total Cost": 147378.79,"Plan Rows": 1,"Plan Width": 34,"Actual Startup Time": 509.613,"Actual Total Time": 529.683,"Actual Rows": 420,"Actual Loops": 1,"Group Key": ["supplier.s_name"],"Plans": [{"Node Type": "Sort","Parent Relationship": "Outer","Parallel Aware": false,"Async Capable": false,"Startup Cost": 147378.77,"Total Cost": 147378.78,"Plan Rows": 1,"Plan Width": 26,"Actual Startup Time": 509.594,"Actual Total Time": 529.267,"Actual Rows": 4090,"Actual Loops": 1,"Sort Key": ["supplier.s_name"],"Sort Method": "quicksort","Sort Space Used": 384,"Sort Space Type": "Memory","Plans": [{"Node Type": "Nested Loop","Parent Relationship": "Outer","Parallel Aware": false,"Async Capable": false,"Join Type": "Inner","Startup Cost": 1250.87,"Total Cost": 147378.76,"Plan Rows": 1,"Plan Width": 26,"Actual Startup Time": 4.580,"Actual Total Time": 518.201,"Actual Rows": 4090,"Actual Loops": 1,"Inner Unique": true,"Plans": [{"Node Type": "Nested Loop","Parent Relationship": "Outer","Parallel Aware": false,"Async Capable": false,"Join Type": "Semi","Startup Cost": 1250.44,"Total Cost": 147378.26,"Plan Rows": 1,"Plan Width": 34,"Actual Startup Time": 4.545,"Actual Total Time": 454.390,"Actual Rows": 8430,"Actual Loops": 1,"Inner Unique": false,"Plans": [{"Node Type": "Gather","Parent Relationship": "Outer","Parallel Aware": false,"Async Capable": false,"Startup Cost": 1250.01,"Total Cost": 147377.22,"Plan Rows": 1,"Plan Width": 34,"Actual Startup Time": 4.342,"Actual Total Time": 344.810,"Actual Rows": 14089,"Actual Loops": 1,"Workers Planned": 4,"Workers Launched": 4,"Single Copy": false,"Plans": [{"Node Type": "Nested Loop","Parent Relationship": "Outer","Parallel Aware": false,"Async Capable": false,"Join Type": "Anti","Startup Cost": 250.01,"Total Cost": 146377.12,"Plan Rows": 1,"Plan Width": 34,"Actual Startup Time": 5.491,"Actual Total Time": 451.438,"Actual Rows": 2818,"Actual Loops": 5,"Inner Unique": false,"Workers": [],"Plans": [{"Node Type": "Hash Join","Parent Relationship": "Outer","Parallel Aware": false,"Async Capable": false,"Join Type": "Inner","Startup Cost": 249.58,"Total Cost": 133581.65,"Plan Rows": 19990,"Plan Width": 34,"Actual Startup Time": 5.196,"Actual Total Time": 357.512,"Actual Rows": 31960,"Actual Loops": 5,"Inner Unique": false,"Hash Cond": "(l1.l_suppkey = supplier.s_suppkey)","Workers": [],"Plans": [{"Node Type": "Seq Scan","Parent Relationship": "Outer","Parallel Aware": true,"Async Capable": false,"Relation Name": "lineitem","Alias": "l1","Startup Cost": 0.00,"Total Cost": 131256.80,"Plan Rows": 500101,"Plan Width": 8,"Actual Startup Time": 0.027,"Actual Total Time": 305.923,"Actual Rows": 758659,"Actual Loops": 5,"Filter": "(l_receiptdate > l_commitdate)","Rows Removed by Filter": 441584,"Workers": []},{"Node Type": "Hash","Parent Relationship": "Inner","Parallel Aware": false,"Async Capable": false,"Startup Cost": 244.58,"Total Cost": 244.58,"Plan Rows": 400,"Plan Width": 30,"Actual Startup Time": 4.831,"Actual Total Time": 4.844,"Actual Rows": 420,"Actual Loops": 5,"Hash Buckets": 1024,"Original Hash Buckets": 1024,"Hash Batches": 1,"Original Hash Batches": 1,"Peak Memory Usage": 35,"Workers": [],"Plans": [{"Node Type": "Nested Loop","Parent Relationship": "Outer","Parallel Aware": false,"Async Capable": false,"Join Type": "Inner","Startup Cost": 7.38,"Total Cost": 244.58,"Plan Rows": 400,"Plan Width": 30,"Actual Startup Time": 0.275,"Actual Total Time": 4.655,"Actual Rows": 420,"Actual Loops": 5,"Inner Unique": false,"Workers": [],"Plans": [{"Node Type": "Seq Scan","Parent Relationship": "Outer","Parallel Aware": false,"Async Capable": false,"Relation Name": "nation","Alias": "nation","Startup Cost": 0.00,"Total Cost": 1.31,"Plan Rows": 1,"Plan Width": 4,"Actual Startup Time": 0.047,"Actual Total Time": 0.057,"Actual Rows": 1,"Actual Loops": 5,"Filter": "(n_name = 'ALGERIA'::bpchar)","Rows Removed by Filter": 24,"Workers": []},{"Node Type": "Bitmap Heap Scan","Parent Relationship": "Inner","Parallel Aware": false,"Async Capable": false,"Relation Name": "supplier","Alias": "supplier","Startup Cost": 7.38,"Total Cost": 239.27,"Plan Rows": 400,"Plan Width": 34,"Actual Startup Time": 0.222,"Actual Total Time": 4.505,"Actual Rows": 420,"Actual Loops": 5,"Recheck Cond": "(s_nationkey = nation.n_nationkey)","Rows Removed by Index Recheck": 0,"Exact Heap Blocks": 197,"Lossy Heap Blocks": 0,"Workers": [],"Plans": [{"Node Type": "Bitmap Index Scan","Parent Relationship": "Outer","Parallel Aware": false,"Async Capable": false,"Index Name": "idx_supplier_nation_key","Startup Cost": 0.00,"Total Cost": 7.29,"Plan Rows": 400,"Plan Width": 0,"Actual Startup Time": 0.137,"Actual Total Time": 0.140,"Actual Rows": 420,"Actual Loops": 5,"Index Cond": "(s_nationkey = nation.n_nationkey)","Workers": []}]}]}]}]},{"Node Type": "Index Scan","Parent Relationship": "Inner","Parallel Aware": false,"Async Capable": false,"Scan Direction": "Forward","Index Name": "idx_lineitem_orderkey","Relation Name": "lineitem","Alias": "l3","Startup Cost": 0.43,"Total Cost": 1.06,"Plan Rows": 6,"Plan Width": 8,"Actual Startup Time": 0.003,"Actual Total Time": 0.003,"Actual Rows": 1,"Actual Loops": 159800,"Index Cond": "(l_orderkey = l1.l_orderkey)","Rows Removed by Index Recheck": 0,"Filter": "((l_receiptdate > l_commitdate) AND (l_suppkey <> l1.l_suppkey))","Rows Removed by Filter": 1,"Workers": []}]}]},{"Node Type": "Index Scan","Parent Relationship": "Inner","Parallel Aware": false,"Async Capable": false,"Scan Direction": "Forward","Index Name": "idx_lineitem_orderkey","Relation Name": "lineitem","Alias": "l2","Startup Cost": 0.43,"Total Cost": 1.02,"Plan Rows": 17,"Plan Width": 8,"Actual Startup Time": 0.007,"Actual Total Time": 0.007,"Actual Rows": 1,"Actual Loops": 14089,"Index Cond": "(l_orderkey = l1.l_orderkey)","Rows Removed by Index Recheck": 0,"Filter": "(l_suppkey <> l1.l_suppkey)","Rows Removed by Filter": 1}]},{"Node Type": "Index Scan","Parent Relationship": "Inner","Parallel Aware": false,"Async Capable": false,"Scan Direction": "Forward","Index Name": "orders_pkey","Relation Name": "orders","Alias": "orders","Startup Cost": 0.43,"Total Cost": 0.51,"Plan Rows": 1,"Plan Width": 4,"Actual Startup Time": 0.007,"Actual Total Time": 0.007,"Actual Rows": 0,"Actual Loops": 8430,"Index Cond": "(o_orderkey = l1.l_orderkey)","Rows Removed by Index Recheck": 0,"Filter": "(o_orderstatus = 'F'::bpchar)","Rows Removed by Filter": 1}]}]}]}]},"Planning Time": 9.770,"Triggers": [],"Execution Time": 531.084}]
[{"Plan": {"Node Type": "Sort","Parallel Aware": false,"Async Capable": false,"Startup Cost": 147378.80,"Total Cost": 147378.81,"Plan Rows": 1,"Plan Width": 34,"Actual Startup Time": 500.709,"Actual Total Time": 524.703,"Actual Rows": 407,"Actual Loops": 1,"Sort Key": ["(count(*)) DESC", "supplier.s_name"],"Sort Method": "quicksort","Sort Space Used": 56,"Sort Space Type": "Memory","Plans": [{"Node Type": "Aggregate","Strategy": "Sorted","Partial Mode": "Simple","Parent Relationship": "Outer","Parallel Aware": false,"Async Capable": false,"Startup Cost": 147378.77,"Total Cost": 147378.79,"Plan Rows": 1,"Plan Width": 34,"Actual Startup Time": 499.455,"Actual Total Time": 523.962,"Actual Rows": 407,"Actual Loops": 1,"Group Key": ["supplier.s_name"],"Plans": [{"Node Type": "Sort","Parent Relationship": "Outer","Parallel Aware": false,"Async Capable": false,"Startup Cost": 147378.77,"Total Cost": 147378.78,"Plan Rows": 1,"Plan Width": 26,"Actual Startup Time": 499.433,"Actual Total Time": 523.550,"Actual Rows": 3965,"Actual Loops": 1,"Sort Key": ["supplier.s_name"],"Sort Method": "quicksort","Sort Space Used": 375,"Sort Space Type": "Memory","Plans": [{"Node Type": "Nested Loop","Parent Relationship": "Outer","Parallel Aware": false,"Async Capable": false,"Join Type": "Inner","Startup Cost": 1250.87,"Total Cost": 147378.76,"Plan Rows": 1,"Plan Width": 26,"Actual Startup Time": 5.067,"Actual Total Time": 512.972,"Actual Rows": 3965,"Actual Loops": 1,"Inner Unique": true,"Plans": [{"Node Type": "Nested Loop","Parent Relationship": "Outer","Parallel Aware": false,"Async Capable": false,"Join Type": "Semi","Startup Cost": 1250.44,"Total Cost": 147378.26,"Plan Rows": 1,"Plan Width": 34,"Actual Startup Time": 5.045,"Actual Total Time": 451.382,"Actual Rows": 8089,"Actual Loops": 1,"Inner Unique": false,"Plans": [{"Node Type": "Gather","Parent Relationship": "Outer","Parallel Aware": false,"Async Capable": false,"Startup Cost": 1250.01,"Total Cost": 147377.22,"Plan Rows": 1,"Plan Width": 34,"Actual Startup Time": 4.734,"Actual Total Time": 344.998,"Actual Rows": 13526,"Actual Loops": 1,"Workers Planned": 4,"Workers Launched": 4,"Single Copy": false,"Plans": [{"Node Type": "Nested Loop","Parent Relationship": "Outer","Parallel Aware": false,"Async Capable": false,"Join Type": "Anti","Startup Cost": 250.01,"Total Cost": 146377.12,"Plan Rows": 1,"Plan Width": 34,"Actual Startup Time": 4.775,"Actual Total Time": 445.542,"Actual Rows": 2705,"Actual Loops": 5,"Inner Unique": false,"Workers": [],"Plans": [{"Node Type": "Hash Join","Parent Relationship": "Outer","Parallel Aware": false,"Async Capable": false,"Join Type": "Inner","Startup Cost": 249.58,"Total Cost": 133581.65,"Plan Rows": 19990,"Plan Width": 34,"Actual Startup Time": 4.487,"Actual Total Time": 354.785,"Actual Rows": 30752,"Actual Loops": 5,"Inner Unique": false,"Hash Cond": "(l1.l_suppkey = supplier.s_suppkey)","Workers": [],"Plans": [{"Node Type": "Seq Scan","Parent Relationship": "Outer","Parallel Aware": true,"Async Capable": false,"Relation Name": "lineitem","Alias": "l1","Startup Cost": 0.00,"Total Cost": 131256.80,"Plan Rows": 500101,"Plan Width": 8,"Actual Startup Time": 0.026,"Actual Total Time": 303.161,"Actual Rows": 758659,"Actual Loops": 5,"Filter": "(l_receiptdate > l_commitdate)","Rows Removed by Filter": 441584,"Workers": []},{"Node Type": "Hash","Parent Relationship": "Inner","Parallel Aware": false,"Async Capable": false,"Startup Cost": 244.58,"Total Cost": 244.58,"Plan Rows": 400,"Plan Width": 30,"Actual Startup Time": 4.170,"Actual Total Time": 4.181,"Actual Rows": 407,"Actual Loops": 5,"Hash Buckets": 1024,"Original Hash Buckets": 1024,"Hash Batches": 1,"Original Hash Batches": 1,"Peak Memory Usage": 34,"Workers": [],"Plans": [{"Node Type": "Nested Loop","Parent Relationship": "Outer","Parallel Aware": false,"Async Capable": false,"Join Type": "Inner","Startup Cost": 7.38,"Total Cost": 244.58,"Plan Rows": 400,"Plan Width": 30,"Actual Startup Time": 0.302,"Actual Total Time": 4.018,"Actual Rows": 407,"Actual Loops": 5,"Inner Unique": false,"Workers": [],"Plans": [{"Node Type": "Seq Scan","Parent Relationship": "Outer","Parallel Aware": false,"Async Capable": false,"Relation Name": "nation","Alias": "nation","Startup Cost": 0.00,"Total Cost": 1.31,"Plan Rows": 1,"Plan Width": 4,"Actual Startup Time": 0.065,"Actual Total Time": 0.068,"Actual Rows": 1,"Actual Loops": 5,"Filter": "(n_name = 'CHINA'::bpchar)","Rows Removed by Filter": 24,"Workers": []},{"Node Type": "Bitmap Heap Scan","Parent Relationship": "Inner","Parallel Aware": false,"Async Capable": false,"Relation Name": "supplier","Alias": "supplier","Startup Cost": 7.38,"Total Cost": 239.27,"Plan Rows": 400,"Plan Width": 34,"Actual Startup Time": 0.229,"Actual Total Time": 3.872,"Actual Rows": 407,"Actual Loops": 5,"Recheck Cond": "(s_nationkey = nation.n_nationkey)","Rows Removed by Index Recheck": 0,"Exact Heap Blocks": 186,"Lossy Heap Blocks": 0,"Workers": [],"Plans": [{"Node Type": "Bitmap Index Scan","Parent Relationship": "Outer","Parallel Aware": false,"Async Capable": false,"Index Name": "idx_supplier_nation_key","Startup Cost": 0.00,"Total Cost": 7.29,"Plan Rows": 400,"Plan Width": 0,"Actual Startup Time": 0.141,"Actual Total Time": 0.143,"Actual Rows": 407,"Actual Loops": 5,"Index Cond": "(s_nationkey = nation.n_nationkey)","Workers": []}]}]}]}]},{"Node Type": "Index Scan","Parent Relationship": "Inner","Parallel Aware": false,"Async Capable": false,"Scan Direction": "Forward","Index Name": "idx_lineitem_orderkey","Relation Name": "lineitem","Alias": "l3","Startup Cost": 0.43,"Total Cost": 1.06,"Plan Rows": 6,"Plan Width": 8,"Actual Startup Time": 0.003,"Actual Total Time": 0.003,"Actual Rows": 1,"Actual Loops": 153758,"Index Cond": "(l_orderkey = l1.l_orderkey)","Rows Removed by Index Recheck": 0,"Filter": "((l_receiptdate > l_commitdate) AND (l_suppkey <> l1.l_suppkey))","Rows Removed by Filter": 1,"Workers": []}]}]},{"Node Type": "Index Scan","Parent Relationship": "Inner","Parallel Aware": false,"Async Capable": false,"Scan Direction": "Forward","Index Name": "idx_lineitem_orderkey","Relation Name": "lineitem","Alias": "l2","Startup Cost": 0.43,"Total Cost": 1.02,"Plan Rows": 17,"Plan Width": 8,"Actual Startup Time": 0.007,"Actual Total Time": 0.007,"Actual Rows": 1,"Actual Loops": 13526,"Index Cond": "(l_orderkey = l1.l_orderkey)","Rows Removed by Index Recheck": 0,"Filter": "(l_suppkey <> l1.l_suppkey)","Rows Removed by Filter": 1}]},{"Node Type": "Index Scan","Parent Relationship": "Inner","Parallel Aware": false,"Async Capable": false,"Scan Direction": "Forward","Index Name": "orders_pkey","Relation Name": "orders","Alias": "orders","Startup Cost": 0.43,"Total Cost": 0.51,"Plan Rows": 1,"Plan Width": 4,"Actual Startup Time": 0.007,"Actual Total Time": 0.007,"Actual Rows": 0,"Actual Loops": 8089,"Index Cond": "(o_orderkey = l1.l_orderkey)","Rows Removed by Index Recheck": 0,"Filter": "(o_orderstatus = 'F'::bpchar)","Rows Removed by Filter": 1}]}]}]}]},"Planning Time": 8.452,"Triggers": [],"Execution Time": 525.397}]
[{"Plan": {"Node Type": "Sort","Parallel Aware": false,"Async Capable": false,"Startup Cost": 147378.80,"Total Cost": 147378.81,"Plan Rows": 1,"Plan Width": 34,"Actual Startup Time": 500.185,"Actual Total Time": 519.970,"Actual Rows": 396,"Actual Loops": 1,"Sort Key": ["(count(*)) DESC", "supplier.s_name"],"Sort Method": "quicksort","Sort Space Used": 55,"Sort Space Type": "Memory","Plans": [{"Node Type": "Aggregate","Strategy": "Sorted","Partial Mode": "Simple","Parent Relationship": "Outer","Parallel Aware": false,"Async Capable": false,"Startup Cost": 147378.77,"Total Cost": 147378.79,"Plan Rows": 1,"Plan Width": 34,"Actual Startup Time": 498.969,"Actual Total Time": 519.272,"Actual Rows": 396,"Actual Loops": 1,"Group Key": ["supplier.s_name"],"Plans": [{"Node Type": "Sort","Parent Relationship": "Outer","Parallel Aware": false,"Async Capable": false,"Startup Cost": 147378.77,"Total Cost": 147378.78,"Plan Rows": 1,"Plan Width": 26,"Actual Startup Time": 498.950,"Actual Total Time": 518.863,"Actual Rows": 3935,"Actual Loops": 1,"Sort Key": ["supplier.s_name"],"Sort Method": "quicksort","Sort Space Used": 373,"Sort Space Type": "Memory","Plans": [{"Node Type": "Nested Loop","Parent Relationship": "Outer","Parallel Aware": false,"Async Capable": false,"Join Type": "Inner","Startup Cost": 1250.87,"Total Cost": 147378.76,"Plan Rows": 1,"Plan Width": 26,"Actual Startup Time": 5.056,"Actual Total Time": 508.223,"Actual Rows": 3935,"Actual Loops": 1,"Inner Unique": true,"Plans": [{"Node Type": "Nested Loop","Parent Relationship": "Outer","Parallel Aware": false,"Async Capable": false,"Join Type": "Semi","Startup Cost": 1250.44,"Total Cost": 147378.26,"Plan Rows": 1,"Plan Width": 34,"Actual Startup Time": 5.029,"Actual Total Time": 447.558,"Actual Rows": 8035,"Actual Loops": 1,"Inner Unique": false,"Plans": [{"Node Type": "Gather","Parent Relationship": "Outer","Parallel Aware": false,"Async Capable": false,"Startup Cost": 1250.01,"Total Cost": 147377.22,"Plan Rows": 1,"Plan Width": 34,"Actual Startup Time": 4.623,"Actual Total Time": 341.887,"Actual Rows": 13450,"Actual Loops": 1,"Workers Planned": 4,"Workers Launched": 4,"Single Copy": false,"Plans": [{"Node Type": "Nested Loop","Parent Relationship": "Outer","Parallel Aware": false,"Async Capable": false,"Join Type": "Anti","Startup Cost": 250.01,"Total Cost": 146377.12,"Plan Rows": 1,"Plan Width": 34,"Actual Startup Time": 4.632,"Actual Total Time": 442.832,"Actual Rows": 2690,"Actual Loops": 5,"Inner Unique": false,"Workers": [],"Plans": [{"Node Type": "Hash Join","Parent Relationship": "Outer","Parallel Aware": false,"Async Capable": false,"Join Type": "Inner","Startup Cost": 249.58,"Total Cost": 133581.65,"Plan Rows": 19990,"Plan Width": 34,"Actual Startup Time": 4.440,"Actual Total Time": 353.938,"Actual Rows": 30159,"Actual Loops": 5,"Inner Unique": false,"Hash Cond": "(l1.l_suppkey = supplier.s_suppkey)","Workers": [],"Plans": [{"Node Type": "Seq Scan","Parent Relationship": "Outer","Parallel Aware": true,"Async Capable": false,"Relation Name": "lineitem","Alias": "l1","Startup Cost": 0.00,"Total Cost": 131256.80,"Plan Rows": 500101,"Plan Width": 8,"Actual Startup Time": 0.027,"Actual Total Time": 302.537,"Actual Rows": 758659,"Actual Loops": 5,"Filter": "(l_receiptdate > l_commitdate)","Rows Removed by Filter": 441584,"Workers": []},{"Node Type": "Hash","Parent Relationship": "Inner","Parallel Aware": false,"Async Capable": false,"Startup Cost": 244.58,"Total Cost": 244.58,"Plan Rows": 400,"Plan Width": 30,"Actual Startup Time": 4.114,"Actual Total Time": 4.124,"Actual Rows": 396,"Actual Loops": 5,"Hash Buckets": 1024,"Original Hash Buckets": 1024,"Hash Batches": 1,"Original Hash Batches": 1,"Peak Memory Usage": 33,"Workers": [],"Plans": [{"Node Type": "Nested Loop","Parent Relationship": "Outer","Parallel Aware": false,"Async Capable": false,"Join Type": "Inner","Startup Cost": 7.38,"Total Cost": 244.58,"Plan Rows": 400,"Plan Width": 30,"Actual Startup Time": 0.301,"Actual Total Time": 3.971,"Actual Rows": 396,"Actual Loops": 5,"Inner Unique": false,"Workers": [],"Plans": [{"Node Type": "Seq Scan","Parent Relationship": "Outer","Parallel Aware": false,"Async Capable": false,"Relation Name": "nation","Alias": "nation","Startup Cost": 0.00,"Total Cost": 1.31,"Plan Rows": 1,"Plan Width": 4,"Actual Startup Time": 0.063,"Actual Total Time": 0.068,"Actual Rows": 1,"Actual Loops": 5,"Filter": "(n_name = 'GERMANY'::bpchar)","Rows Removed by Filter": 24,"Workers": []},{"Node Type": "Bitmap Heap Scan","Parent Relationship": "Inner","Parallel Aware": false,"Async Capable": false,"Relation Name": "supplier","Alias": "supplier","Startup Cost": 7.38,"Total Cost": 239.27,"Plan Rows": 400,"Plan Width": 34,"Actual Startup Time": 0.232,"Actual Total Time": 3.829,"Actual Rows": 396,"Actual Loops": 5,"Recheck Cond": "(s_nationkey = nation.n_nationkey)","Rows Removed by Index Recheck": 0,"Exact Heap Blocks": 191,"Lossy Heap Blocks": 0,"Workers": [],"Plans": [{"Node Type": "Bitmap Index Scan","Parent Relationship": "Outer","Parallel Aware": false,"Async Capable": false,"Index Name": "idx_supplier_nation_key","Startup Cost": 0.00,"Total Cost": 7.29,"Plan Rows": 400,"Plan Width": 0,"Actual Startup Time": 0.147,"Actual Total Time": 0.148,"Actual Rows": 396,"Actual Loops": 5,"Index Cond": "(s_nationkey = nation.n_nationkey)","Workers": []}]}]}]}]},{"Node Type": "Index Scan","Parent Relationship": "Inner","Parallel Aware": false,"Async Capable": false,"Scan Direction": "Forward","Index Name": "idx_lineitem_orderkey","Relation Name": "lineitem","Alias": "l3","Startup Cost": 0.43,"Total Cost": 1.06,"Plan Rows": 6,"Plan Width": 8,"Actual Startup Time": 0.003,"Actual Total Time": 0.003,"Actual Rows": 1,"Actual Loops": 150794,"Index Cond": "(l_orderkey = l1.l_orderkey)","Rows Removed by Index Recheck": 0,"Filter": "((l_receiptdate > l_commitdate) AND (l_suppkey <> l1.l_suppkey))","Rows Removed by Filter": 1,"Workers": []}]}]},{"Node Type": "Index Scan","Parent Relationship": "Inner","Parallel Aware": false,"Async Capable": false,"Scan Direction": "Forward","Index Name": "idx_lineitem_orderkey","Relation Name": "lineitem","Alias": "l2","Startup Cost": 0.43,"Total Cost": 1.02,"Plan Rows": 17,"Plan Width": 8,"Actual Startup Time": 0.007,"Actual Total Time": 0.007,"Actual Rows": 1,"Actual Loops": 13450,"Index Cond": "(l_orderkey = l1.l_orderkey)","Rows Removed by Index Recheck": 0,"Filter": "(l_suppkey <> l1.l_suppkey)","Rows Removed by Filter": 1}]},{"Node Type": "Index Scan","Parent Relationship": "Inner","Parallel Aware": false,"Async Capable": false,"Scan Direction": "Forward","Index Name": "orders_pkey","Relation Name": "orders","Alias": "orders","Startup Cost": 0.43,"Total Cost": 0.51,"Plan Rows": 1,"Plan Width": 4,"Actual Startup Time": 0.007,"Actual Total Time": 0.007,"Actual Rows": 0,"Actual Loops": 8035,"Index Cond": "(o_orderkey = l1.l_orderkey)","Rows Removed by Index Recheck": 0,"Filter": "(o_orderstatus = 'F'::bpchar)","Rows Removed by Filter": 1}]}]}]}]},"Planning Time": 8.500,"Triggers": [],"Execution Time": 520.683}]
[{"Plan": {"Node Type": "Sort","Parallel Aware": false,"Async Capable": false,"Startup Cost": 147378.80,"Total Cost": 147378.81,"Plan Rows": 1,"Plan Width": 34,"Actual Startup Time": 493.231,"Actual Total Time": 511.674,"Actual Rows": 376,"Actual Loops": 1,"Sort Key": ["(count(*)) DESC", "supplier.s_name"],"Sort Method": "quicksort","Sort Space Used": 54,"Sort Space Type": "Memory","Plans": [{"Node Type": "Aggregate","Strategy": "Sorted","Partial Mode": "Simple","Parent Relationship": "Outer","Parallel Aware": false,"Async Capable": false,"Startup Cost": 147378.77,"Total Cost": 147378.79,"Plan Rows": 1,"Plan Width": 34,"Actual Startup Time": 492.079,"Actual Total Time": 510.997,"Actual Rows": 376,"Actual Loops": 1,"Group Key": ["supplier.s_name"],"Plans": [{"Node Type": "Sort","Parent Relationship": "Outer","Parallel Aware": false,"Async Capable": false,"Startup Cost": 147378.77,"Total Cost": 147378.78,"Plan Rows": 1,"Plan Width": 26,"Actual Startup Time": 492.053,"Actual Total Time": 510.609,"Actual Rows": 3697,"Actual Loops": 1,"Sort Key": ["supplier.s_name"],"Sort Method": "quicksort","Sort Space Used": 356,"Sort Space Type": "Memory","Plans": [{"Node Type": "Nested Loop","Parent Relationship": "Outer","Parallel Aware": false,"Async Capable": false,"Join Type": "Inner","Startup Cost": 1250.87,"Total Cost": 147378.76,"Plan Rows": 1,"Plan Width": 26,"Actual Startup Time": 5.656,"Actual Total Time": 499.948,"Actual Rows": 3697,"Actual Loops": 1,"Inner Unique": true,"Plans": [{"Node Type": "Nested Loop","Parent Relationship": "Outer","Parallel Aware": false,"Async Capable": false,"Join Type": "Semi","Startup Cost": 1250.44,"Total Cost": 147378.26,"Plan Rows": 1,"Plan Width": 34,"Actual Startup Time": 5.611,"Actual Total Time": 438.655,"Actual Rows": 7589,"Actual Loops": 1,"Inner Unique": false,"Plans": [{"Node Type": "Gather","Parent Relationship": "Outer","Parallel Aware": false,"Async Capable": false,"Startup Cost": 1250.01,"Total Cost": 147377.22,"Plan Rows": 1,"Plan Width": 34,"Actual Startup Time": 4.591,"Actual Total Time": 336.749,"Actual Rows": 12677,"Actual Loops": 1,"Workers Planned": 4,"Workers Launched": 4,"Single Copy": false,"Plans": [{"Node Type": "Nested Loop","Parent Relationship": "Outer","Parallel Aware": false,"Async Capable": false,"Join Type": "Anti","Startup Cost": 250.01,"Total Cost": 146377.12,"Plan Rows": 1,"Plan Width": 34,"Actual Startup Time": 5.313,"Actual Total Time": 436.446,"Actual Rows": 2535,"Actual Loops": 5,"Inner Unique": false,"Workers": [],"Plans": [{"Node Type": "Hash Join","Parent Relationship": "Outer","Parallel Aware": false,"Async Capable": false,"Join Type": "Inner","Startup Cost": 249.58,"Total Cost": 133581.65,"Plan Rows": 19990,"Plan Width": 34,"Actual Startup Time": 5.158,"Actual Total Time": 352.526,"Actual Rows": 28439,"Actual Loops": 5,"Inner Unique": false,"Hash Cond": "(l1.l_suppkey = supplier.s_suppkey)","Workers": [],"Plans": [{"Node Type": "Seq Scan","Parent Relationship": "Outer","Parallel Aware": true,"Async Capable": false,"Relation Name": "lineitem","Alias": "l1","Startup Cost": 0.00,"Total Cost": 131256.80,"Plan Rows": 500101,"Plan Width": 8,"Actual Startup Time": 0.028,"Actual Total Time": 300.563,"Actual Rows": 758659,"Actual Loops": 5,"Filter": "(l_receiptdate > l_commitdate)","Rows Removed by Filter": 441584,"Workers": []},{"Node Type": "Hash","Parent Relationship": "Inner","Parallel Aware": false,"Async Capable": false,"Startup Cost": 244.58,"Total Cost": 244.58,"Plan Rows": 400,"Plan Width": 30,"Actual Startup Time": 4.780,"Actual Total Time": 4.790,"Actual Rows": 376,"Actual Loops": 5,"Hash Buckets": 1024,"Original Hash Buckets": 1024,"Hash Batches": 1,"Original Hash Batches": 1,"Peak Memory Usage": 32,"Workers": [],"Plans": [{"Node Type": "Nested Loop","Parent Relationship": "Outer","Parallel Aware": false,"Async Capable": false,"Join Type": "Inner","Startup Cost": 7.38,"Total Cost": 244.58,"Plan Rows": 400,"Plan Width": 30,"Actual Startup Time": 0.359,"Actual Total Time": 4.625,"Actual Rows": 376,"Actual Loops": 5,"Inner Unique": false,"Workers": [],"Plans": [{"Node Type": "Seq Scan","Parent Relationship": "Outer","Parallel Aware": false,"Async Capable": false,"Relation Name": "nation","Alias": "nation","Startup Cost": 0.00,"Total Cost": 1.31,"Plan Rows": 1,"Plan Width": 4,"Actual Startup Time": 0.066,"Actual Total Time": 0.070,"Actual Rows": 1,"Actual Loops": 5,"Filter": "(n_name = 'KENYA'::bpchar)","Rows Removed by Filter": 24,"Workers": []},{"Node Type": "Bitmap Heap Scan","Parent Relationship": "Inner","Parallel Aware": false,"Async Capable": false,"Relation Name": "supplier","Alias": "supplier","Startup Cost": 7.38,"Total Cost": 239.27,"Plan Rows": 400,"Plan Width": 34,"Actual Startup Time": 0.287,"Actual Total Time": 4.480,"Actual Rows": 376,"Actual Loops": 5,"Recheck Cond": "(s_nationkey = nation.n_nationkey)","Rows Removed by Index Recheck": 0,"Exact Heap Blocks": 179,"Lossy Heap Blocks": 0,"Workers": [],"Plans": [{"Node Type": "Bitmap Index Scan","Parent Relationship": "Outer","Parallel Aware": false,"Async Capable": false,"Index Name": "idx_supplier_nation_key","Startup Cost": 0.00,"Total Cost": 7.29,"Plan Rows": 400,"Plan Width": 0,"Actual Startup Time": 0.181,"Actual Total Time": 0.182,"Actual Rows": 376,"Actual Loops": 5,"Index Cond": "(s_nationkey = nation.n_nationkey)","Workers": []}]}]}]}]},{"Node Type": "Index Scan","Parent Relationship": "Inner","Parallel Aware": false,"Async Capable": false,"Scan Direction": "Forward","Index Name": "idx_lineitem_orderkey","Relation Name": "lineitem","Alias": "l3","Startup Cost": 0.43,"Total Cost": 1.06,"Plan Rows": 6,"Plan Width": 8,"Actual Startup Time": 0.003,"Actual Total Time": 0.003,"Actual Rows": 1,"Actual Loops": 142196,"Index Cond": "(l_orderkey = l1.l_orderkey)","Rows Removed by Index Recheck": 0,"Filter": "((l_receiptdate > l_commitdate) AND (l_suppkey <> l1.l_suppkey))","Rows Removed by Filter": 1,"Workers": []}]}]},{"Node Type": "Index Scan","Parent Relationship": "Inner","Parallel Aware": false,"Async Capable": false,"Scan Direction": "Forward","Index Name": "idx_lineitem_orderkey","Relation Name": "lineitem","Alias": "l2","Startup Cost": 0.43,"Total Cost": 1.02,"Plan Rows": 17,"Plan Width": 8,"Actual Startup Time": 0.008,"Actual Total Time": 0.008,"Actual Rows": 1,"Actual Loops": 12677,"Index Cond": "(l_orderkey = l1.l_orderkey)","Rows Removed by Index Recheck": 0,"Filter": "(l_suppkey <> l1.l_suppkey)","Rows Removed by Filter": 1}]},{"Node Type": "Index Scan","Parent Relationship": "Inner","Parallel Aware": false,"Async Capable": false,"Scan Direction": "Forward","Index Name": "orders_pkey","Relation Name": "orders","Alias": "orders","Startup Cost": 0.43,"Total Cost": 0.51,"Plan Rows": 1,"Plan Width": 4,"Actual Startup Time": 0.008,"Actual Total Time": 0.008,"Actual Rows": 0,"Actual Loops": 7589,"Index Cond": "(o_orderkey = l1.l_orderkey)","Rows Removed by Index Recheck": 0,"Filter": "(o_orderstatus = 'F'::bpchar)","Rows Removed by Filter": 1}]}]}]}]},"Planning Time": 8.298,"Triggers": [],"Execution Time": 512.274}]
[{"Plan": {"Node Type": "Sort","Parallel Aware": false,"Async Capable": false,"Startup Cost": 147378.80,"Total Cost": 147378.81,"Plan Rows": 1,"Plan Width": 34,"Actual Startup Time": 499.004,"Actual Total Time": 520.055,"Actual Rows": 399,"Actual Loops": 1,"Sort Key": ["(count(*)) DESC", "supplier.s_name"],"Sort Method": "quicksort","Sort Space Used": 56,"Sort Space Type": "Memory","Plans": [{"Node Type": "Aggregate","Strategy": "Sorted","Partial Mode": "Simple","Parent Relationship": "Outer","Parallel Aware": false,"Async Capable": false,"Startup Cost": 147378.77,"Total Cost": 147378.79,"Plan Rows": 1,"Plan Width": 34,"Actual Startup Time": 497.768,"Actual Total Time": 519.326,"Actual Rows": 399,"Actual Loops": 1,"Group Key": ["supplier.s_name"],"Plans": [{"Node Type": "Sort","Parent Relationship": "Outer","Parallel Aware": false,"Async Capable": false,"Startup Cost": 147378.77,"Total Cost": 147378.78,"Plan Rows": 1,"Plan Width": 26,"Actual Startup Time": 497.754,"Actual Total Time": 518.925,"Actual Rows": 3901,"Actual Loops": 1,"Sort Key": ["supplier.s_name"],"Sort Method": "quicksort","Sort Space Used": 371,"Sort Space Type": "Memory","Plans": [{"Node Type": "Nested Loop","Parent Relationship": "Outer","Parallel Aware": false,"Async Capable": false,"Join Type": "Inner","Startup Cost": 1250.87,"Total Cost": 147378.76,"Plan Rows": 1,"Plan Width": 26,"Actual Startup Time": 5.425,"Actual Total Time": 507.475,"Actual Rows": 3901,"Actual Loops": 1,"Inner Unique": true,"Plans": [{"Node Type": "Nested Loop","Parent Relationship": "Outer","Parallel Aware": false,"Async Capable": false,"Join Type": "Semi","Startup Cost": 1250.44,"Total Cost": 147378.26,"Plan Rows": 1,"Plan Width": 34,"Actual Startup Time": 5.049,"Actual Total Time": 443.858,"Actual Rows": 7909,"Actual Loops": 1,"Inner Unique": false,"Plans": [{"Node Type": "Gather","Parent Relationship": "Outer","Parallel Aware": false,"Async Capable": false,"Startup Cost": 1250.01,"Total Cost": 147377.22,"Plan Rows": 1,"Plan Width": 34,"Actual Startup Time": 4.716,"Actual Total Time": 337.054,"Actual Rows": 13313,"Actual Loops": 1,"Workers Planned": 4,"Workers Launched": 4,"Single Copy": false,"Plans": [{"Node Type": "Nested Loop","Parent Relationship": "Outer","Parallel Aware": false,"Async Capable": false,"Join Type": "Anti","Startup Cost": 250.01,"Total Cost": 146377.12,"Plan Rows": 1,"Plan Width": 34,"Actual Startup Time": 4.762,"Actual Total Time": 442.169,"Actual Rows": 2663,"Actual Loops": 5,"Inner Unique": false,"Workers": [],"Plans": [{"Node Type": "Hash Join","Parent Relationship": "Outer","Parallel Aware": false,"Async Capable": false,"Join Type": "Inner","Startup Cost": 249.58,"Total Cost": 133581.65,"Plan Rows": 19990,"Plan Width": 34,"Actual Startup Time": 4.517,"Actual Total Time": 353.941,"Actual Rows": 30247,"Actual Loops": 5,"Inner Unique": false,"Hash Cond": "(l1.l_suppkey = supplier.s_suppkey)","Workers": [],"Plans": [{"Node Type": "Seq Scan","Parent Relationship": "Outer","Parallel Aware": true,"Async Capable": false,"Relation Name": "lineitem","Alias": "l1","Startup Cost": 0.00,"Total Cost": 131256.80,"Plan Rows": 500101,"Plan Width": 8,"Actual Startup Time": 0.021,"Actual Total Time": 302.084,"Actual Rows": 758659,"Actual Loops": 5,"Filter": "(l_receiptdate > l_commitdate)","Rows Removed by Filter": 441584,"Workers": []},{"Node Type": "Hash","Parent Relationship": "Inner","Parallel Aware": false,"Async Capable": false,"Startup Cost": 244.58,"Total Cost": 244.58,"Plan Rows": 400,"Plan Width": 30,"Actual Startup Time": 4.286,"Actual Total Time": 4.296,"Actual Rows": 399,"Actual Loops": 5,"Hash Buckets": 1024,"Original Hash Buckets": 1024,"Hash Batches": 1,"Original Hash Batches": 1,"Peak Memory Usage": 33,"Workers": [],"Plans": [{"Node Type": "Nested Loop","Parent Relationship": "Outer","Parallel Aware": false,"Async Capable": false,"Join Type": "Inner","Startup Cost": 7.38,"Total Cost": 244.58,"Plan Rows": 400,"Plan Width": 30,"Actual Startup Time": 0.243,"Actual Total Time": 4.128,"Actual Rows": 399,"Actual Loops": 5,"Inner Unique": false,"Workers": [],"Plans": [{"Node Type": "Seq Scan","Parent Relationship": "Outer","Parallel Aware": false,"Async Capable": false,"Relation Name": "nation","Alias": "nation","Startup Cost": 0.00,"Total Cost": 1.31,"Plan Rows": 1,"Plan Width": 4,"Actual Startup Time": 0.049,"Actual Total Time": 0.051,"Actual Rows": 1,"Actual Loops": 5,"Filter": "(n_name = 'VIETNAM'::bpchar)","Rows Removed by Filter": 24,"Workers": []},{"Node Type": "Bitmap Heap Scan","Parent Relationship": "Inner","Parallel Aware": false,"Async Capable": false,"Relation Name": "supplier","Alias": "supplier","Startup Cost": 7.38,"Total Cost": 239.27,"Plan Rows": 400,"Plan Width": 34,"Actual Startup Time": 0.189,"Actual Total Time": 4.007,"Actual Rows": 399,"Actual Loops": 5,"Recheck Cond": "(s_nationkey = nation.n_nationkey)","Rows Removed by Index Recheck": 0,"Exact Heap Blocks": 191,"Lossy Heap Blocks": 0,"Workers": [],"Plans": [{"Node Type": "Bitmap Index Scan","Parent Relationship": "Outer","Parallel Aware": false,"Async Capable": false,"Index Name": "idx_supplier_nation_key","Startup Cost": 0.00,"Total Cost": 7.29,"Plan Rows": 400,"Plan Width": 0,"Actual Startup Time": 0.123,"Actual Total Time": 0.125,"Actual Rows": 399,"Actual Loops": 5,"Index Cond": "(s_nationkey = nation.n_nationkey)","Workers": []}]}]}]}]},{"Node Type": "Index Scan","Parent Relationship": "Inner","Parallel Aware": false,"Async Capable": false,"Scan Direction": "Forward","Index Name": "idx_lineitem_orderkey","Relation Name": "lineitem","Alias": "l3","Startup Cost": 0.43,"Total Cost": 1.06,"Plan Rows": 6,"Plan Width": 8,"Actual Startup Time": 0.003,"Actual Total Time": 0.003,"Actual Rows": 1,"Actual Loops": 151237,"Index Cond": "(l_orderkey = l1.l_orderkey)","Rows Removed by Index Recheck": 0,"Filter": "((l_receiptdate > l_commitdate) AND (l_suppkey <> l1.l_suppkey))","Rows Removed by Filter": 1,"Workers": []}]}]},{"Node Type": "Index Scan","Parent Relationship": "Inner","Parallel Aware": false,"Async Capable": false,"Scan Direction": "Forward","Index Name": "idx_lineitem_orderkey","Relation Name": "lineitem","Alias": "l2","Startup Cost": 0.43,"Total Cost": 1.02,"Plan Rows": 17,"Plan Width": 8,"Actual Startup Time": 0.008,"Actual Total Time": 0.008,"Actual Rows": 1,"Actual Loops": 13313,"Index Cond": "(l_orderkey = l1.l_orderkey)","Rows Removed by Index Recheck": 0,"Filter": "(l_suppkey <> l1.l_suppkey)","Rows Removed by Filter": 1}]},{"Node Type": "Index Scan","Parent Relationship": "Inner","Parallel Aware": false,"Async Capable": false,"Scan Direction": "Forward","Index Name": "orders_pkey","Relation Name": "orders","Alias": "orders","Startup Cost": 0.43,"Total Cost": 0.51,"Plan Rows": 1,"Plan Width": 4,"Actual Startup Time": 0.008,"Actual Total Time": 0.008,"Actual Rows": 0,"Actual Loops": 7909,"Index Cond": "(o_orderkey = l1.l_orderkey)","Rows Removed by Index Recheck": 0,"Filter": "(o_orderstatus = 'F'::bpchar)","Rows Removed by Filter": 1}]}]}]}]},"Planning Time": 9.630,"Triggers": [],"Execution Time": 520.585}]
[{"Plan": {"Node Type": "Sort","Parallel Aware": false,"Async Capable": false,"Startup Cost": 147378.80,"Total Cost": 147378.81,"Plan Rows": 1,"Plan Width": 34,"Actual Startup Time": 500.185,"Actual Total Time": 519.970,"Actual Rows": 396,"Actual Loops": 1,"Sort Key": ["(count(*)) DESC", "supplier.s_name"],"Sort Method": "quicksort","Sort Space Used": 55,"Sort Space Type": "Memory","Plans": [{"Node Type": "Aggregate","Strategy": "Sorted","Partial Mode": "Simple","Parent Relationship": "Outer","Parallel Aware": false,"Async Capable": false,"Startup Cost": 147378.77,"Total Cost": 147378.79,"Plan Rows": 1,"Plan Width": 34,"Actual Startup Time": 498.969,"Actual Total Time": 519.272,"Actual Rows": 396,"Actual Loops": 1,"Group Key": ["supplier.s_name"],"Plans": [{"Node Type": "Sort","Parent Relationship": "Outer","Parallel Aware": false,"Async Capable": false,"Startup Cost": 147378.77,"Total Cost": 147378.78,"Plan Rows": 1,"Plan Width": 26,"Actual Startup Time": 498.950,"Actual Total Time": 518.863,"Actual Rows": 3935,"Actual Loops": 1,"Sort Key": ["supplier.s_name"],"Sort Method": "quicksort","Sort Space Used": 373,"Sort Space Type": "Memory","Plans": [{"Node Type": "Nested Loop","Parent Relationship": "Outer","Parallel Aware": false,"Async Capable": false,"Join Type": "Inner","Startup Cost": 1250.87,"Total Cost": 147378.76,"Plan Rows": 1,"Plan Width": 26,"Actual Startup Time": 5.056,"Actual Total Time": 508.223,"Actual Rows": 3935,"Actual Loops": 1,"Inner Unique": true,"Plans": [{"Node Type": "Nested Loop","Parent Relationship": "Outer","Parallel Aware": false,"Async Capable": false,"Join Type": "Semi","Startup Cost": 1250.44,"Total Cost": 147378.26,"Plan Rows": 1,"Plan Width": 34,"Actual Startup Time": 5.029,"Actual Total Time": 447.558,"Actual Rows": 8035,"Actual Loops": 1,"Inner Unique": false,"Plans": [{"Node Type": "Gather","Parent Relationship": "Outer","Parallel Aware": false,"Async Capable": false,"Startup Cost": 1250.01,"Total Cost": 147377.22,"Plan Rows": 1,"Plan Width": 34,"Actual Startup Time": 4.623,"Actual Total Time": 341.887,"Actual Rows": 13450,"Actual Loops": 1,"Workers Planned": 4,"Workers Launched": 4,"Single Copy": false,"Plans": [{"Node Type": "Nested Loop","Parent Relationship": "Outer","Parallel Aware": false,"Async Capable": false,"Join Type": "Anti","Startup Cost": 250.01,"Total Cost": 146377.12,"Plan Rows": 1,"Plan Width": 34,"Actual Startup Time": 4.632,"Actual Total Time": 442.832,"Actual Rows": 2690,"Actual Loops": 5,"Inner Unique": false,"Workers": [],"Plans": [{"Node Type": "Hash Join","Parent Relationship": "Outer","Parallel Aware": false,"Async Capable": false,"Join Type": "Inner","Startup Cost": 249.58,"Total Cost": 133581.65,"Plan Rows": 19990,"Plan Width": 34,"Actual Startup Time": 4.440,"Actual Total Time": 353.938,"Actual Rows": 30159,"Actual Loops": 5,"Inner Unique": false,"Hash Cond": "(l1.l_suppkey = supplier.s_suppkey)","Workers": [],"Plans": [{"Node Type": "Seq Scan","Parent Relationship": "Outer","Parallel Aware": true,"Async Capable": false,"Relation Name": "lineitem","Alias": "l1","Startup Cost": 0.00,"Total Cost": 131256.80,"Plan Rows": 500101,"Plan Width": 8,"Actual Startup Time": 0.027,"Actual Total Time": 302.537,"Actual Rows": 758659,"Actual Loops": 5,"Filter": "(l_receiptdate > l_commitdate)","Rows Removed by Filter": 441584,"Workers": []},{"Node Type": "Hash","Parent Relationship": "Inner","Parallel Aware": false,"Async Capable": false,"Startup Cost": 244.58,"Total Cost": 244.58,"Plan Rows": 400,"Plan Width": 30,"Actual Startup Time": 4.114,"Actual Total Time": 4.124,"Actual Rows": 396,"Actual Loops": 5,"Hash Buckets": 1024,"Original Hash Buckets": 1024,"Hash Batches": 1,"Original Hash Batches": 1,"Peak Memory Usage": 33,"Workers": [],"Plans": [{"Node Type": "Nested Loop","Parent Relationship": "Outer","Parallel Aware": false,"Async Capable": false,"Join Type": "Inner","Startup Cost": 7.38,"Total Cost": 244.58,"Plan Rows": 400,"Plan Width": 30,"Actual Startup Time": 0.301,"Actual Total Time": 3.971,"Actual Rows": 396,"Actual Loops": 5,"Inner Unique": false,"Workers": [],"Plans": [{"Node Type": "Seq Scan","Parent Relationship": "Outer","Parallel Aware": false,"Async Capable": false,"Relation Name": "nation","Alias": "nation","Startup Cost": 0.00,"Total Cost": 1.31,"Plan Rows": 1,"Plan Width": 4,"Actual Startup Time": 0.063,"Actual Total Time": 0.068,"Actual Rows": 1,"Actual Loops": 5,"Filter": "(n_name = 'GERMANY'::bpchar)","Rows Removed by Filter": 24,"Workers": []},{"Node Type": "Bitmap Heap Scan","Parent Relationship": "Inner","Parallel Aware": false,"Async Capable": false,"Relation Name": "supplier","Alias": "supplier","Startup Cost": 7.38,"Total Cost": 239.27,"Plan Rows": 400,"Plan Width": 34,"Actual Startup Time": 0.232,"Actual Total Time": 3.829,"Actual Rows": 396,"Actual Loops": 5,"Recheck Cond": "(s_nationkey = nation.n_nationkey)","Rows Removed by Index Recheck": 0,"Exact Heap Blocks": 191,"Lossy Heap Blocks": 0,"Workers": [],"Plans": [{"Node Type": "Bitmap Index Scan","Parent Relationship": "Outer","Parallel Aware": false,"Async Capable": false,"Index Name": "idx_supplier_nation_key","Startup Cost": 0.00,"Total Cost": 7.29,"Plan Rows": 400,"Plan Width": 0,"Actual Startup Time": 0.147,"Actual Total Time": 0.148,"Actual Rows": 396,"Actual Loops": 5,"Index Cond": "(s_nationkey = nation.n_nationkey)","Workers": []}]}]}]}]},{"Node Type": "Index Scan","Parent Relationship": "Inner","Parallel Aware": false,"Async Capable": false,"Scan Direction": "Forward","Index Name": "idx_lineitem_orderkey","Relation Name": "lineitem","Alias": "l3","Startup Cost": 0.43,"Total Cost": 1.06,"Plan Rows": 6,"Plan Width": 8,"Actual Startup Time": 0.003,"Actual Total Time": 0.003,"Actual Rows": 1,"Actual Loops": 150794,"Index Cond": "(l_orderkey = l1.l_orderkey)","Rows Removed by Index Recheck": 0,"Filter": "((l_receiptdate > l_commitdate) AND (l_suppkey <> l1.l_suppkey))","Rows Removed by Filter": 1,"Workers": []}]}]},{"Node Type": "Index Scan","Parent Relationship": "Inner","Parallel Aware": false,"Async Capable": false,"Scan Direction": "Forward","Index Name": "idx_lineitem_orderkey","Relation Name": "lineitem","Alias": "l2","Startup Cost": 0.43,"Total Cost": 1.02,"Plan Rows": 17,"Plan Width": 8,"Actual Startup Time": 0.007,"Actual Total Time": 0.007,"Actual Rows": 1,"Actual Loops": 13450,"Index Cond": "(l_orderkey = l1.l_orderkey)","Rows Removed by Index Recheck": 0,"Filter": "(l_suppkey <> l1.l_suppkey)","Rows Removed by Filter": 1}]},{"Node Type": "Index Scan","Parent Relationship": "Inner","Parallel Aware": false,"Async Capable": false,"Scan Direction": "Forward","Index Name": "orders_pkey","Relation Name": "orders","Alias": "orders","Startup Cost": 0.43,"Total Cost": 0.51,"Plan Rows": 1,"Plan Width": 4,"Actual Startup Time": 0.007,"Actual Total Time": 0.007,"Actual Rows": 0,"Actual Loops": 8035,"Index Cond": "(o_orderkey = l1.l_orderkey)","Rows Removed by Index Recheck": 0,"Filter": "(o_orderstatus = 'F'::bpchar)","Rows Removed by Filter": 1}]}]}]}]},"Planning Time": 8.500,"Triggers": [],"Execution Time": 520.683}]
[{"Plan": {"Node Type": "Sort","Parallel Aware": false,"Async Capable": false,"Startup Cost": 147378.80,"Total Cost": 147378.81,"Plan Rows": 1,"Plan Width": 34,"Actual Startup Time": 501.108,"Actual Total Time": 521.576,"Actual Rows": 402,"Actual Loops": 1,"Sort Key": ["(count(*)) DESC", "supplier.s_name"],"Sort Method": "quicksort","Sort Space Used": 56,"Sort Space Type": "Memory","Plans": [{"Node Type": "Aggregate","Strategy": "Sorted","Partial Mode": "Simple","Parent Relationship": "Outer","Parallel Aware": false,"Async Capable": false,"Startup Cost": 147378.77,"Total Cost": 147378.79,"Plan Rows": 1,"Plan Width": 34,"Actual Startup Time": 499.889,"Actual Total Time": 520.867,"Actual Rows": 402,"Actual Loops": 1,"Group Key": ["supplier.s_name"],"Plans": [{"Node Type": "Sort","Parent Relationship": "Outer","Parallel Aware": false,"Async Capable": false,"Startup Cost": 147378.77,"Total Cost": 147378.78,"Plan Rows": 1,"Plan Width": 26,"Actual Startup Time": 499.865,"Actual Total Time": 520.454,"Actual Rows": 3981,"Actual Loops": 1,"Sort Key": ["supplier.s_name"],"Sort Method": "quicksort","Sort Space Used": 376,"Sort Space Type": "Memory","Plans": [{"Node Type": "Nested Loop","Parent Relationship": "Outer","Parallel Aware": false,"Async Capable": false,"Join Type": "Inner","Startup Cost": 1250.87,"Total Cost": 147378.76,"Plan Rows": 1,"Plan Width": 26,"Actual Startup Time": 4.395,"Actual Total Time": 509.623,"Actual Rows": 3981,"Actual Loops": 1,"Inner Unique": true,"Plans": [{"Node Type": "Nested Loop","Parent Relationship": "Outer","Parallel Aware": false,"Async Capable": false,"Join Type": "Semi","Startup Cost": 1250.44,"Total Cost": 147378.26,"Plan Rows": 1,"Plan Width": 34,"Actual Startup Time": 4.360,"Actual Total Time": 449.398,"Actual Rows": 7983,"Actual Loops": 1,"Inner Unique": false,"Plans": [{"Node Type": "Gather","Parent Relationship": "Outer","Parallel Aware": false,"Async Capable": false,"Startup Cost": 1250.01,"Total Cost": 147377.22,"Plan Rows": 1,"Plan Width": 34,"Actual Startup Time": 4.200,"Actual Total Time": 345.088,"Actual Rows": 13400,"Actual Loops": 1,"Workers Planned": 4,"Workers Launched": 4,"Single Copy": false,"Plans": [{"Node Type": "Nested Loop","Parent Relationship": "Outer","Parallel Aware": false,"Async Capable": false,"Join Type": "Anti","Startup Cost": 250.01,"Total Cost": 146377.12,"Plan Rows": 1,"Plan Width": 34,"Actual Startup Time": 4.071,"Actual Total Time": 443.940,"Actual Rows": 2680,"Actual Loops": 5,"Inner Unique": false,"Workers": [],"Plans": [{"Node Type": "Hash Join","Parent Relationship": "Outer","Parallel Aware": false,"Async Capable": false,"Join Type": "Inner","Startup Cost": 249.58,"Total Cost": 133581.65,"Plan Rows": 19990,"Plan Width": 34,"Actual Startup Time": 3.886,"Actual Total Time": 354.291,"Actual Rows": 30378,"Actual Loops": 5,"Inner Unique": false,"Hash Cond": "(l1.l_suppkey = supplier.s_suppkey)","Workers": [],"Plans": [{"Node Type": "Seq Scan","Parent Relationship": "Outer","Parallel Aware": true,"Async Capable": false,"Relation Name": "lineitem","Alias": "l1","Startup Cost": 0.00,"Total Cost": 131256.80,"Plan Rows": 500101,"Plan Width": 8,"Actual Startup Time": 0.029,"Actual Total Time": 304.276,"Actual Rows": 758659,"Actual Loops": 5,"Filter": "(l_receiptdate > l_commitdate)","Rows Removed by Filter": 441584,"Workers": []},{"Node Type": "Hash","Parent Relationship": "Inner","Parallel Aware": false,"Async Capable": false,"Startup Cost": 244.58,"Total Cost": 244.58,"Plan Rows": 400,"Plan Width": 30,"Actual Startup Time": 3.550,"Actual Total Time": 3.564,"Actual Rows": 402,"Actual Loops": 5,"Hash Buckets": 1024,"Original Hash Buckets": 1024,"Hash Batches": 1,"Original Hash Batches": 1,"Peak Memory Usage": 34,"Workers": [],"Plans": [{"Node Type": "Nested Loop","Parent Relationship": "Outer","Parallel Aware": false,"Async Capable": false,"Join Type": "Inner","Startup Cost": 7.38,"Total Cost": 244.58,"Plan Rows": 400,"Plan Width": 30,"Actual Startup Time": 0.305,"Actual Total Time": 3.431,"Actual Rows": 402,"Actual Loops": 5,"Inner Unique": false,"Workers": [],"Plans": [{"Node Type": "Seq Scan","Parent Relationship": "Outer","Parallel Aware": false,"Async Capable": false,"Relation Name": "nation","Alias": "nation","Startup Cost": 0.00,"Total Cost": 1.31,"Plan Rows": 1,"Plan Width": 4,"Actual Startup Time": 0.076,"Actual Total Time": 0.081,"Actual Rows": 1,"Actual Loops": 5,"Filter": "(n_name = 'FRANCE'::bpchar)","Rows Removed by Filter": 24,"Workers": []},{"Node Type": "Bitmap Heap Scan","Parent Relationship": "Inner","Parallel Aware": false,"Async Capable": false,"Relation Name": "supplier","Alias": "supplier","Startup Cost": 7.38,"Total Cost": 239.27,"Plan Rows": 400,"Plan Width": 34,"Actual Startup Time": 0.223,"Actual Total Time": 3.284,"Actual Rows": 402,"Actual Loops": 5,"Recheck Cond": "(s_nationkey = nation.n_nationkey)","Rows Removed by Index Recheck": 0,"Exact Heap Blocks": 184,"Lossy Heap Blocks": 0,"Workers": [],"Plans": [{"Node Type": "Bitmap Index Scan","Parent Relationship": "Outer","Parallel Aware": false,"Async Capable": false,"Index Name": "idx_supplier_nation_key","Startup Cost": 0.00,"Total Cost": 7.29,"Plan Rows": 400,"Plan Width": 0,"Actual Startup Time": 0.129,"Actual Total Time": 0.130,"Actual Rows": 402,"Actual Loops": 5,"Index Cond": "(s_nationkey = nation.n_nationkey)","Workers": []}]}]}]}]},{"Node Type": "Index Scan","Parent Relationship": "Inner","Parallel Aware": false,"Async Capable": false,"Scan Direction": "Forward","Index Name": "idx_lineitem_orderkey","Relation Name": "lineitem","Alias": "l3","Startup Cost": 0.43,"Total Cost": 1.06,"Plan Rows": 6,"Plan Width": 8,"Actual Startup Time": 0.003,"Actual Total Time": 0.003,"Actual Rows": 1,"Actual Loops": 151892,"Index Cond": "(l_orderkey = l1.l_orderkey)","Rows Removed by Index Recheck": 0,"Filter": "((l_receiptdate > l_commitdate) AND (l_suppkey <> l1.l_suppkey))","Rows Removed by Filter": 1,"Workers": []}]}]},{"Node Type": "Index Scan","Parent Relationship": "Inner","Parallel Aware": false,"Async Capable": false,"Scan Direction": "Forward","Index Name": "idx_lineitem_orderkey","Relation Name": "lineitem","Alias": "l2","Startup Cost": 0.43,"Total Cost": 1.02,"Plan Rows": 17,"Plan Width": 8,"Actual Startup Time": 0.007,"Actual Total Time": 0.007,"Actual Rows": 1,"Actual Loops": 13400,"Index Cond": "(l_orderkey = l1.l_orderkey)","Rows Removed by Index Recheck": 0,"Filter": "(l_suppkey <> l1.l_suppkey)","Rows Removed by Filter": 1}]},{"Node Type": "Index Scan","Parent Relationship": "Inner","Parallel Aware": false,"Async Capable": false,"Scan Direction": "Forward","Index Name": "orders_pkey","Relation Name": "orders","Alias": "orders","Startup Cost": 0.43,"Total Cost": 0.51,"Plan Rows": 1,"Plan Width": 4,"Actual Startup Time": 0.007,"Actual Total Time": 0.007,"Actual Rows": 0,"Actual Loops": 7983,"Index Cond": "(o_orderkey = l1.l_orderkey)","Rows Removed by Index Recheck": 0,"Filter": "(o_orderstatus = 'F'::bpchar)","Rows Removed by Filter": 1}]}]}]}]},"Planning Time": 8.323,"Triggers": [],"Execution Time": 522.235}]
[{"Plan": {"Node Type": "Sort","Parallel Aware": false,"Async Capable": false,"Startup Cost": 147378.80,"Total Cost": 147378.81,"Plan Rows": 1,"Plan Width": 34,"Actual Startup Time": 492.880,"Actual Total Time": 511.387,"Actual Rows": 377,"Actual Loops": 1,"Sort Key": ["(count(*)) DESC", "supplier.s_name"],"Sort Method": "quicksort","Sort Space Used": 54,"Sort Space Type": "Memory","Plans": [{"Node Type": "Aggregate","Strategy": "Sorted","Partial Mode": "Simple","Parent Relationship": "Outer","Parallel Aware": false,"Async Capable": false,"Startup Cost": 147378.77,"Total Cost": 147378.79,"Plan Rows": 1,"Plan Width": 34,"Actual Startup Time": 491.719,"Actual Total Time": 510.711,"Actual Rows": 377,"Actual Loops": 1,"Group Key": ["supplier.s_name"],"Plans": [{"Node Type": "Sort","Parent Relationship": "Outer","Parallel Aware": false,"Async Capable": false,"Startup Cost": 147378.77,"Total Cost": 147378.78,"Plan Rows": 1,"Plan Width": 26,"Actual Startup Time": 491.689,"Actual Total Time": 510.309,"Actual Rows": 3707,"Actual Loops": 1,"Sort Key": ["supplier.s_name"],"Sort Method": "quicksort","Sort Space Used": 357,"Sort Space Type": "Memory","Plans": [{"Node Type": "Nested Loop","Parent Relationship": "Outer","Parallel Aware": false,"Async Capable": false,"Join Type": "Inner","Startup Cost": 1250.87,"Total Cost": 147378.76,"Plan Rows": 1,"Plan Width": 26,"Actual Startup Time": 4.620,"Actual Total Time": 499.542,"Actual Rows": 3707,"Actual Loops": 1,"Inner Unique": true,"Plans": [{"Node Type": "Nested Loop","Parent Relationship": "Outer","Parallel Aware": false,"Async Capable": false,"Join Type": "Semi","Startup Cost": 1250.44,"Total Cost": 147378.26,"Plan Rows": 1,"Plan Width": 34,"Actual Startup Time": 4.581,"Actual Total Time": 437.361,"Actual Rows": 7590,"Actual Loops": 1,"Inner Unique": false,"Plans": [{"Node Type": "Gather","Parent Relationship": "Outer","Parallel Aware": false,"Async Capable": false,"Startup Cost": 1250.01,"Total Cost": 147377.22,"Plan Rows": 1,"Plan Width": 34,"Actual Startup Time": 4.430,"Actual Total Time": 334.305,"Actual Rows": 12724,"Actual Loops": 1,"Workers Planned": 4,"Workers Launched": 4,"Single Copy": false,"Plans": [{"Node Type": "Nested Loop","Parent Relationship": "Outer","Parallel Aware": false,"Async Capable": false,"Join Type": "Anti","Startup Cost": 250.01,"Total Cost": 146377.12,"Plan Rows": 1,"Plan Width": 34,"Actual Startup Time": 5.283,"Actual Total Time": 435.218,"Actual Rows": 2545,"Actual Loops": 5,"Inner Unique": false,"Workers": [],"Plans": [{"Node Type": "Hash Join","Parent Relationship": "Outer","Parallel Aware": false,"Async Capable": false,"Join Type": "Inner","Startup Cost": 249.58,"Total Cost": 133581.65,"Plan Rows": 19990,"Plan Width": 34,"Actual Startup Time": 4.967,"Actual Total Time": 350.606,"Actual Rows": 28669,"Actual Loops": 5,"Inner Unique": false,"Hash Cond": "(l1.l_suppkey = supplier.s_suppkey)","Workers": [],"Plans": [{"Node Type": "Seq Scan","Parent Relationship": "Outer","Parallel Aware": true,"Async Capable": false,"Relation Name": "lineitem","Alias": "l1","Startup Cost": 0.00,"Total Cost": 131256.80,"Plan Rows": 500101,"Plan Width": 8,"Actual Startup Time": 0.028,"Actual Total Time": 300.375,"Actual Rows": 758659,"Actual Loops": 5,"Filter": "(l_receiptdate > l_commitdate)","Rows Removed by Filter": 441584,"Workers": []},{"Node Type": "Hash","Parent Relationship": "Inner","Parallel Aware": false,"Async Capable": false,"Startup Cost": 244.58,"Total Cost": 244.58,"Plan Rows": 400,"Plan Width": 30,"Actual Startup Time": 4.611,"Actual Total Time": 4.626,"Actual Rows": 377,"Actual Loops": 5,"Hash Buckets": 1024,"Original Hash Buckets": 1024,"Hash Batches": 1,"Original Hash Batches": 1,"Peak Memory Usage": 32,"Workers": [],"Plans": [{"Node Type": "Nested Loop","Parent Relationship": "Outer","Parallel Aware": false,"Async Capable": false,"Join Type": "Inner","Startup Cost": 7.38,"Total Cost": 244.58,"Plan Rows": 400,"Plan Width": 30,"Actual Startup Time": 0.296,"Actual Total Time": 4.444,"Actual Rows": 377,"Actual Loops": 5,"Inner Unique": false,"Workers": [],"Plans": [{"Node Type": "Seq Scan","Parent Relationship": "Outer","Parallel Aware": false,"Async Capable": false,"Relation Name": "nation","Alias": "nation","Startup Cost": 0.00,"Total Cost": 1.31,"Plan Rows": 1,"Plan Width": 4,"Actual Startup Time": 0.056,"Actual Total Time": 0.065,"Actual Rows": 1,"Actual Loops": 5,"Filter": "(n_name = 'JAPAN'::bpchar)","Rows Removed by Filter": 24,"Workers": []},{"Node Type": "Bitmap Heap Scan","Parent Relationship": "Inner","Parallel Aware": false,"Async Capable": false,"Relation Name": "supplier","Alias": "supplier","Startup Cost": 7.38,"Total Cost": 239.27,"Plan Rows": 400,"Plan Width": 34,"Actual Startup Time": 0.234,"Actual Total Time": 4.286,"Actual Rows": 377,"Actual Loops": 5,"Recheck Cond": "(s_nationkey = nation.n_nationkey)","Rows Removed by Index Recheck": 0,"Exact Heap Blocks": 180,"Lossy Heap Blocks": 0,"Workers": [],"Plans": [{"Node Type": "Bitmap Index Scan","Parent Relationship": "Outer","Parallel Aware": false,"Async Capable": false,"Index Name": "idx_supplier_nation_key","Startup Cost": 0.00,"Total Cost": 7.29,"Plan Rows": 400,"Plan Width": 0,"Actual Startup Time": 0.148,"Actual Total Time": 0.149,"Actual Rows": 377,"Actual Loops": 5,"Index Cond": "(s_nationkey = nation.n_nationkey)","Workers": []}]}]}]}]},{"Node Type": "Index Scan","Parent Relationship": "Inner","Parallel Aware": false,"Async Capable": false,"Scan Direction": "Forward","Index Name": "idx_lineitem_orderkey","Relation Name": "lineitem","Alias": "l3","Startup Cost": 0.43,"Total Cost": 1.06,"Plan Rows": 6,"Plan Width": 8,"Actual Startup Time": 0.003,"Actual Total Time": 0.003,"Actual Rows": 1,"Actual Loops": 143344,"Index Cond": "(l_orderkey = l1.l_orderkey)","Rows Removed by Index Recheck": 0,"Filter": "((l_receiptdate > l_commitdate) AND (l_suppkey <> l1.l_suppkey))","Rows Removed by Filter": 1,"Workers": []}]}]},{"Node Type": "Index Scan","Parent Relationship": "Inner","Parallel Aware": false,"Async Capable": false,"Scan Direction": "Forward","Index Name": "idx_lineitem_orderkey","Relation Name": "lineitem","Alias": "l2","Startup Cost": 0.43,"Total Cost": 1.02,"Plan Rows": 17,"Plan Width": 8,"Actual Startup Time": 0.008,"Actual Total Time": 0.008,"Actual Rows": 1,"Actual Loops": 12724,"Index Cond": "(l_orderkey = l1.l_orderkey)","Rows Removed by Index Recheck": 0,"Filter": "(l_suppkey <> l1.l_suppkey)","Rows Removed by Filter": 1}]},{"Node Type": "Index Scan","Parent Relationship": "Inner","Parallel Aware": false,"Async Capable": false,"Scan Direction": "Forward","Index Name": "orders_pkey","Relation Name": "orders","Alias": "orders","Startup Cost": 0.43,"Total Cost": 0.51,"Plan Rows": 1,"Plan Width": 4,"Actual Startup Time": 0.008,"Actual Total Time": 0.008,"Actual Rows": 0,"Actual Loops": 7590,"Index Cond": "(o_orderkey = l1.l_orderkey)","Rows Removed by Index Recheck": 0,"Filter": "(o_orderstatus = 'F'::bpchar)","Rows Removed by Filter": 1}]}]}]}]},"Planning Time": 9.583,"Triggers": [],"Execution Time": 511.800}]
[{"Plan": {"Node Type": "Sort","Parallel Aware": false,"Async Capable": false,"Startup Cost": 147378.80,"Total Cost": 147378.81,"Plan Rows": 1,"Plan Width": 34,"Actual Startup Time": 494.557,"Actual Total Time": 516.628,"Actual Rows": 380,"Actual Loops": 1,"Sort Key": ["(count(*)) DESC", "supplier.s_name"],"Sort Method": "quicksort","Sort Space Used": 54,"Sort Space Type": "Memory","Plans": [{"Node Type": "Aggregate","Strategy": "Sorted","Partial Mode": "Simple","Parent Relationship": "Outer","Parallel Aware": false,"Async Capable": false,"Startup Cost": 147378.77,"Total Cost": 147378.79,"Plan Rows": 1,"Plan Width": 34,"Actual Startup Time": 493.417,"Actual Total Time": 515.990,"Actual Rows": 380,"Actual Loops": 1,"Group Key": ["supplier.s_name"],"Plans": [{"Node Type": "Sort","Parent Relationship": "Outer","Parallel Aware": false,"Async Capable": false,"Startup Cost": 147378.77,"Total Cost": 147378.78,"Plan Rows": 1,"Plan Width": 26,"Actual Startup Time": 493.396,"Actual Total Time": 515.587,"Actual Rows": 3777,"Actual Loops": 1,"Sort Key": ["supplier.s_name"],"Sort Method": "quicksort","Sort Space Used": 362,"Sort Space Type": "Memory","Plans": [{"Node Type": "Nested Loop","Parent Relationship": "Outer","Parallel Aware": false,"Async Capable": false,"Join Type": "Inner","Startup Cost": 1250.87,"Total Cost": 147378.76,"Plan Rows": 1,"Plan Width": 26,"Actual Startup Time": 4.998,"Actual Total Time": 504.711,"Actual Rows": 3777,"Actual Loops": 1,"Inner Unique": true,"Plans": [{"Node Type": "Nested Loop","Parent Relationship": "Outer","Parallel Aware": false,"Async Capable": false,"Join Type": "Semi","Startup Cost": 1250.44,"Total Cost": 147378.26,"Plan Rows": 1,"Plan Width": 34,"Actual Startup Time": 4.963,"Actual Total Time": 440.621,"Actual Rows": 7670,"Actual Loops": 1,"Inner Unique": false,"Plans": [{"Node Type": "Gather","Parent Relationship": "Outer","Parallel Aware": false,"Async Capable": false,"Startup Cost": 1250.01,"Total Cost": 147377.22,"Plan Rows": 1,"Plan Width": 34,"Actual Startup Time": 4.951,"Actual Total Time": 333.201,"Actual Rows": 12935,"Actual Loops": 1,"Workers Planned": 4,"Workers Launched": 4,"Single Copy": false,"Plans": [{"Node Type": "Nested Loop","Parent Relationship": "Outer","Parallel Aware": false,"Async Capable": false,"Join Type": "Anti","Startup Cost": 250.01,"Total Cost": 146377.12,"Plan Rows": 1,"Plan Width": 34,"Actual Startup Time": 5.873,"Actual Total Time": 437.867,"Actual Rows": 2587,"Actual Loops": 5,"Inner Unique": false,"Workers": [],"Plans": [{"Node Type": "Hash Join","Parent Relationship": "Outer","Parallel Aware": false,"Async Capable": false,"Join Type": "Inner","Startup Cost": 249.58,"Total Cost": 133581.65,"Plan Rows": 19990,"Plan Width": 34,"Actual Startup Time": 5.239,"Actual Total Time": 352.656,"Actual Rows": 28741,"Actual Loops": 5,"Inner Unique": false,"Hash Cond": "(l1.l_suppkey = supplier.s_suppkey)","Workers": [],"Plans": [{"Node Type": "Seq Scan","Parent Relationship": "Outer","Parallel Aware": true,"Async Capable": false,"Relation Name": "lineitem","Alias": "l1","Startup Cost": 0.00,"Total Cost": 131256.80,"Plan Rows": 500101,"Plan Width": 8,"Actual Startup Time": 0.031,"Actual Total Time": 300.900,"Actual Rows": 758659,"Actual Loops": 5,"Filter": "(l_receiptdate > l_commitdate)","Rows Removed by Filter": 441584,"Workers": []},{"Node Type": "Hash","Parent Relationship": "Inner","Parallel Aware": false,"Async Capable": false,"Startup Cost": 244.58,"Total Cost": 244.58,"Plan Rows": 400,"Plan Width": 30,"Actual Startup Time": 4.907,"Actual Total Time": 4.921,"Actual Rows": 380,"Actual Loops": 5,"Hash Buckets": 1024,"Original Hash Buckets": 1024,"Hash Batches": 1,"Original Hash Batches": 1,"Peak Memory Usage": 32,"Workers": [],"Plans": [{"Node Type": "Nested Loop","Parent Relationship": "Outer","Parallel Aware": false,"Async Capable": false,"Join Type": "Inner","Startup Cost": 7.38,"Total Cost": 244.58,"Plan Rows": 400,"Plan Width": 30,"Actual Startup Time": 0.293,"Actual Total Time": 4.740,"Actual Rows": 380,"Actual Loops": 5,"Inner Unique": false,"Workers": [],"Plans": [{"Node Type": "Seq Scan","Parent Relationship": "Outer","Parallel Aware": false,"Async Capable": false,"Relation Name": "nation","Alias": "nation","Startup Cost": 0.00,"Total Cost": 1.31,"Plan Rows": 1,"Plan Width": 4,"Actual Startup Time": 0.048,"Actual Total Time": 0.056,"Actual Rows": 1,"Actual Loops": 5,"Filter": "(n_name = 'ETHIOPIA'::bpchar)","Rows Removed by Filter": 24,"Workers": []},{"Node Type": "Bitmap Heap Scan","Parent Relationship": "Inner","Parallel Aware": false,"Async Capable": false,"Relation Name": "supplier","Alias": "supplier","Startup Cost": 7.38,"Total Cost": 239.27,"Plan Rows": 400,"Plan Width": 34,"Actual Startup Time": 0.240,"Actual Total Time": 4.598,"Actual Rows": 380,"Actual Loops": 5,"Recheck Cond": "(s_nationkey = nation.n_nationkey)","Rows Removed by Index Recheck": 0,"Exact Heap Blocks": 192,"Lossy Heap Blocks": 0,"Workers": [],"Plans": [{"Node Type": "Bitmap Index Scan","Parent Relationship": "Outer","Parallel Aware": false,"Async Capable": false,"Index Name": "idx_supplier_nation_key","Startup Cost": 0.00,"Total Cost": 7.29,"Plan Rows": 400,"Plan Width": 0,"Actual Startup Time": 0.158,"Actual Total Time": 0.159,"Actual Rows": 380,"Actual Loops": 5,"Index Cond": "(s_nationkey = nation.n_nationkey)","Workers": []}]}]}]}]},{"Node Type": "Index Scan","Parent Relationship": "Inner","Parallel Aware": false,"Async Capable": false,"Scan Direction": "Forward","Index Name": "idx_lineitem_orderkey","Relation Name": "lineitem","Alias": "l3","Startup Cost": 0.43,"Total Cost": 1.06,"Plan Rows": 6,"Plan Width": 8,"Actual Startup Time": 0.003,"Actual Total Time": 0.003,"Actual Rows": 1,"Actual Loops": 143707,"Index Cond": "(l_orderkey = l1.l_orderkey)","Rows Removed by Index Recheck": 0,"Filter": "((l_receiptdate > l_commitdate) AND (l_suppkey <> l1.l_suppkey))","Rows Removed by Filter": 1,"Workers": []}]}]},{"Node Type": "Index Scan","Parent Relationship": "Inner","Parallel Aware": false,"Async Capable": false,"Scan Direction": "Forward","Index Name": "idx_lineitem_orderkey","Relation Name": "lineitem","Alias": "l2","Startup Cost": 0.43,"Total Cost": 1.02,"Plan Rows": 17,"Plan Width": 8,"Actual Startup Time": 0.008,"Actual Total Time": 0.008,"Actual Rows": 1,"Actual Loops": 12935,"Index Cond": "(l_orderkey = l1.l_orderkey)","Rows Removed by Index Recheck": 0,"Filter": "(l_suppkey <> l1.l_suppkey)","Rows Removed by Filter": 1}]},{"Node Type": "Index Scan","Parent Relationship": "Inner","Parallel Aware": false,"Async Capable": false,"Scan Direction": "Forward","Index Name": "orders_pkey","Relation Name": "orders","Alias": "orders","Startup Cost": 0.43,"Total Cost": 0.51,"Plan Rows": 1,"Plan Width": 4,"Actual Startup Time": 0.008,"Actual Total Time": 0.008,"Actual Rows": 0,"Actual Loops": 7670,"Index Cond": "(o_orderkey = l1.l_orderkey)","Rows Removed by Index Recheck": 0,"Filter": "(o_orderstatus = 'F'::bpchar)","Rows Removed by Filter": 1}]}]}]}]},"Planning Time": 9.415,"Triggers": [],"Execution Time": 517.200}]
[{"Plan": {"Node Type": "Sort","Parallel Aware": false,"Async Capable": false,"Startup Cost": 147378.80,"Total Cost": 147378.81,"Plan Rows": 1,"Plan Width": 34,"Actual Startup Time": 500.185,"Actual Total Time": 519.970,"Actual Rows": 396,"Actual Loops": 1,"Sort Key": ["(count(*)) DESC", "supplier.s_name"],"Sort Method": "quicksort","Sort Space Used": 55,"Sort Space Type": "Memory","Plans": [{"Node Type": "Aggregate","Strategy": "Sorted","Partial Mode": "Simple","Parent Relationship": "Outer","Parallel Aware": false,"Async Capable": false,"Startup Cost": 147378.77,"Total Cost": 147378.79,"Plan Rows": 1,"Plan Width": 34,"Actual Startup Time": 498.969,"Actual Total Time": 519.272,"Actual Rows": 396,"Actual Loops": 1,"Group Key": ["supplier.s_name"],"Plans": [{"Node Type": "Sort","Parent Relationship": "Outer","Parallel Aware": false,"Async Capable": false,"Startup Cost": 147378.77,"Total Cost": 147378.78,"Plan Rows": 1,"Plan Width": 26,"Actual Startup Time": 498.950,"Actual Total Time": 518.863,"Actual Rows": 3935,"Actual Loops": 1,"Sort Key": ["supplier.s_name"],"Sort Method": "quicksort","Sort Space Used": 373,"Sort Space Type": "Memory","Plans": [{"Node Type": "Nested Loop","Parent Relationship": "Outer","Parallel Aware": false,"Async Capable": false,"Join Type": "Inner","Startup Cost": 1250.87,"Total Cost": 147378.76,"Plan Rows": 1,"Plan Width": 26,"Actual Startup Time": 5.056,"Actual Total Time": 508.223,"Actual Rows": 3935,"Actual Loops": 1,"Inner Unique": true,"Plans": [{"Node Type": "Nested Loop","Parent Relationship": "Outer","Parallel Aware": false,"Async Capable": false,"Join Type": "Semi","Startup Cost": 1250.44,"Total Cost": 147378.26,"Plan Rows": 1,"Plan Width": 34,"Actual Startup Time": 5.029,"Actual Total Time": 447.558,"Actual Rows": 8035,"Actual Loops": 1,"Inner Unique": false,"Plans": [{"Node Type": "Gather","Parent Relationship": "Outer","Parallel Aware": false,"Async Capable": false,"Startup Cost": 1250.01,"Total Cost": 147377.22,"Plan Rows": 1,"Plan Width": 34,"Actual Startup Time": 4.623,"Actual Total Time": 341.887,"Actual Rows": 13450,"Actual Loops": 1,"Workers Planned": 4,"Workers Launched": 4,"Single Copy": false,"Plans": [{"Node Type": "Nested Loop","Parent Relationship": "Outer","Parallel Aware": false,"Async Capable": false,"Join Type": "Anti","Startup Cost": 250.01,"Total Cost": 146377.12,"Plan Rows": 1,"Plan Width": 34,"Actual Startup Time": 4.632,"Actual Total Time": 442.832,"Actual Rows": 2690,"Actual Loops": 5,"Inner Unique": false,"Workers": [],"Plans": [{"Node Type": "Hash Join","Parent Relationship": "Outer","Parallel Aware": false,"Async Capable": false,"Join Type": "Inner","Startup Cost": 249.58,"Total Cost": 133581.65,"Plan Rows": 19990,"Plan Width": 34,"Actual Startup Time": 4.440,"Actual Total Time": 353.938,"Actual Rows": 30159,"Actual Loops": 5,"Inner Unique": false,"Hash Cond": "(l1.l_suppkey = supplier.s_suppkey)","Workers": [],"Plans": [{"Node Type": "Seq Scan","Parent Relationship": "Outer","Parallel Aware": true,"Async Capable": false,"Relation Name": "lineitem","Alias": "l1","Startup Cost": 0.00,"Total Cost": 131256.80,"Plan Rows": 500101,"Plan Width": 8,"Actual Startup Time": 0.027,"Actual Total Time": 302.537,"Actual Rows": 758659,"Actual Loops": 5,"Filter": "(l_receiptdate > l_commitdate)","Rows Removed by Filter": 441584,"Workers": []},{"Node Type": "Hash","Parent Relationship": "Inner","Parallel Aware": false,"Async Capable": false,"Startup Cost": 244.58,"Total Cost": 244.58,"Plan Rows": 400,"Plan Width": 30,"Actual Startup Time": 4.114,"Actual Total Time": 4.124,"Actual Rows": 396,"Actual Loops": 5,"Hash Buckets": 1024,"Original Hash Buckets": 1024,"Hash Batches": 1,"Original Hash Batches": 1,"Peak Memory Usage": 33,"Workers": [],"Plans": [{"Node Type": "Nested Loop","Parent Relationship": "Outer","Parallel Aware": false,"Async Capable": false,"Join Type": "Inner","Startup Cost": 7.38,"Total Cost": 244.58,"Plan Rows": 400,"Plan Width": 30,"Actual Startup Time": 0.301,"Actual Total Time": 3.971,"Actual Rows": 396,"Actual Loops": 5,"Inner Unique": false,"Workers": [],"Plans": [{"Node Type": "Seq Scan","Parent Relationship": "Outer","Parallel Aware": false,"Async Capable": false,"Relation Name": "nation","Alias": "nation","Startup Cost": 0.00,"Total Cost": 1.31,"Plan Rows": 1,"Plan Width": 4,"Actual Startup Time": 0.063,"Actual Total Time": 0.068,"Actual Rows": 1,"Actual Loops": 5,"Filter": "(n_name = 'GERMANY'::bpchar)","Rows Removed by Filter": 24,"Workers": []},{"Node Type": "Bitmap Heap Scan","Parent Relationship": "Inner","Parallel Aware": false,"Async Capable": false,"Relation Name": "supplier","Alias": "supplier","Startup Cost": 7.38,"Total Cost": 239.27,"Plan Rows": 400,"Plan Width": 34,"Actual Startup Time": 0.232,"Actual Total Time": 3.829,"Actual Rows": 396,"Actual Loops": 5,"Recheck Cond": "(s_nationkey = nation.n_nationkey)","Rows Removed by Index Recheck": 0,"Exact Heap Blocks": 191,"Lossy Heap Blocks": 0,"Workers": [],"Plans": [{"Node Type": "Bitmap Index Scan","Parent Relationship": "Outer","Parallel Aware": false,"Async Capable": false,"Index Name": "idx_supplier_nation_key","Startup Cost": 0.00,"Total Cost": 7.29,"Plan Rows": 400,"Plan Width": 0,"Actual Startup Time": 0.147,"Actual Total Time": 0.148,"Actual Rows": 396,"Actual Loops": 5,"Index Cond": "(s_nationkey = nation.n_nationkey)","Workers": []}]}]}]}]},{"Node Type": "Index Scan","Parent Relationship": "Inner","Parallel Aware": false,"Async Capable": false,"Scan Direction": "Forward","Index Name": "idx_lineitem_orderkey","Relation Name": "lineitem","Alias": "l3","Startup Cost": 0.43,"Total Cost": 1.06,"Plan Rows": 6,"Plan Width": 8,"Actual Startup Time": 0.003,"Actual Total Time": 0.003,"Actual Rows": 1,"Actual Loops": 150794,"Index Cond": "(l_orderkey = l1.l_orderkey)","Rows Removed by Index Recheck": 0,"Filter": "((l_receiptdate > l_commitdate) AND (l_suppkey <> l1.l_suppkey))","Rows Removed by Filter": 1,"Workers": []}]}]},{"Node Type": "Index Scan","Parent Relationship": "Inner","Parallel Aware": false,"Async Capable": false,"Scan Direction": "Forward","Index Name": "idx_lineitem_orderkey","Relation Name": "lineitem","Alias": "l2","Startup Cost": 0.43,"Total Cost": 1.02,"Plan Rows": 17,"Plan Width": 8,"Actual Startup Time": 0.007,"Actual Total Time": 0.007,"Actual Rows": 1,"Actual Loops": 13450,"Index Cond": "(l_orderkey = l1.l_orderkey)","Rows Removed by Index Recheck": 0,"Filter": "(l_suppkey <> l1.l_suppkey)","Rows Removed by Filter": 1}]},{"Node Type": "Index Scan","Parent Relationship": "Inner","Parallel Aware": false,"Async Capable": false,"Scan Direction": "Forward","Index Name": "orders_pkey","Relation Name": "orders","Alias": "orders","Startup Cost": 0.43,"Total Cost": 0.51,"Plan Rows": 1,"Plan Width": 4,"Actual Startup Time": 0.007,"Actual Total Time": 0.007,"Actual Rows": 0,"Actual Loops": 8035,"Index Cond": "(o_orderkey = l1.l_orderkey)","Rows Removed by Index Recheck": 0,"Filter": "(o_orderstatus = 'F'::bpchar)","Rows Removed by Filter": 1}]}]}]}]},"Planning Time": 8.500,"Triggers": [],"Execution Time": 520.683}]
[{"Plan": {"Node Type": "Sort","Parallel Aware": false,"Async Capable": false,"Startup Cost": 147378.80,"Total Cost": 147378.81,"Plan Rows": 1,"Plan Width": 34,"Actual Startup Time": 507.691,"Actual Total Time": 527.119,"Actual Rows": 411,"Actual Loops": 1,"Sort Key": ["(count(*)) DESC", "supplier.s_name"],"Sort Method": "quicksort","Sort Space Used": 57,"Sort Space Type": "Memory","Plans": [{"Node Type": "Aggregate","Strategy": "Sorted","Partial Mode": "Simple","Parent Relationship": "Outer","Parallel Aware": false,"Async Capable": false,"Startup Cost": 147378.77,"Total Cost": 147378.79,"Plan Rows": 1,"Plan Width": 34,"Actual Startup Time": 506.441,"Actual Total Time": 526.395,"Actual Rows": 411,"Actual Loops": 1,"Group Key": ["supplier.s_name"],"Plans": [{"Node Type": "Sort","Parent Relationship": "Outer","Parallel Aware": false,"Async Capable": false,"Startup Cost": 147378.77,"Total Cost": 147378.78,"Plan Rows": 1,"Plan Width": 26,"Actual Startup Time": 506.413,"Actual Total Time": 525.969,"Actual Rows": 4141,"Actual Loops": 1,"Sort Key": ["supplier.s_name"],"Sort Method": "quicksort","Sort Space Used": 484,"Sort Space Type": "Memory","Plans": [{"Node Type": "Nested Loop","Parent Relationship": "Outer","Parallel Aware": false,"Async Capable": false,"Join Type": "Inner","Startup Cost": 1250.87,"Total Cost": 147378.76,"Plan Rows": 1,"Plan Width": 26,"Actual Startup Time": 4.973,"Actual Total Time": 514.878,"Actual Rows": 4141,"Actual Loops": 1,"Inner Unique": true,"Plans": [{"Node Type": "Nested Loop","Parent Relationship": "Outer","Parallel Aware": false,"Async Capable": false,"Join Type": "Semi","Startup Cost": 1250.44,"Total Cost": 147378.26,"Plan Rows": 1,"Plan Width": 34,"Actual Startup Time": 4.329,"Actual Total Time": 453.804,"Actual Rows": 8357,"Actual Loops": 1,"Inner Unique": false,"Plans": [{"Node Type": "Gather","Parent Relationship": "Outer","Parallel Aware": false,"Async Capable": false,"Startup Cost": 1250.01,"Total Cost": 147377.22,"Plan Rows": 1,"Plan Width": 34,"Actual Startup Time": 4.312,"Actual Total Time": 350.336,"Actual Rows": 13859,"Actual Loops": 1,"Workers Planned": 4,"Workers Launched": 4,"Single Copy": false,"Plans": [{"Node Type": "Nested Loop","Parent Relationship": "Outer","Parallel Aware": false,"Async Capable": false,"Join Type": "Anti","Startup Cost": 250.01,"Total Cost": 146377.12,"Plan Rows": 1,"Plan Width": 34,"Actual Startup Time": 4.818,"Actual Total Time": 450.256,"Actual Rows": 2772,"Actual Loops": 5,"Inner Unique": false,"Workers": [],"Plans": [{"Node Type": "Hash Join","Parent Relationship": "Outer","Parallel Aware": false,"Async Capable": false,"Join Type": "Inner","Startup Cost": 249.58,"Total Cost": 133581.65,"Plan Rows": 19990,"Plan Width": 34,"Actual Startup Time": 4.474,"Actual Total Time": 357.672,"Actual Rows": 31348,"Actual Loops": 5,"Inner Unique": false,"Hash Cond": "(l1.l_suppkey = supplier.s_suppkey)","Workers": [],"Plans": [{"Node Type": "Seq Scan","Parent Relationship": "Outer","Parallel Aware": true,"Async Capable": false,"Relation Name": "lineitem","Alias": "l1","Startup Cost": 0.00,"Total Cost": 131256.80,"Plan Rows": 500101,"Plan Width": 8,"Actual Startup Time": 0.028,"Actual Total Time": 306.873,"Actual Rows": 758659,"Actual Loops": 5,"Filter": "(l_receiptdate > l_commitdate)","Rows Removed by Filter": 441584,"Workers": []},{"Node Type": "Hash","Parent Relationship": "Inner","Parallel Aware": false,"Async Capable": false,"Startup Cost": 244.58,"Total Cost": 244.58,"Plan Rows": 400,"Plan Width": 30,"Actual Startup Time": 4.175,"Actual Total Time": 4.188,"Actual Rows": 411,"Actual Loops": 5,"Hash Buckets": 1024,"Original Hash Buckets": 1024,"Hash Batches": 1,"Original Hash Batches": 1,"Peak Memory Usage": 34,"Workers": [],"Plans": [{"Node Type": "Nested Loop","Parent Relationship": "Outer","Parallel Aware": false,"Async Capable": false,"Join Type": "Inner","Startup Cost": 7.38,"Total Cost": 244.58,"Plan Rows": 400,"Plan Width": 30,"Actual Startup Time": 0.256,"Actual Total Time": 4.027,"Actual Rows": 411,"Actual Loops": 5,"Inner Unique": false,"Workers": [],"Plans": [{"Node Type": "Seq Scan","Parent Relationship": "Outer","Parallel Aware": false,"Async Capable": false,"Relation Name": "nation","Alias": "nation","Startup Cost": 0.00,"Total Cost": 1.31,"Plan Rows": 1,"Plan Width": 4,"Actual Startup Time": 0.047,"Actual Total Time": 0.051,"Actual Rows": 1,"Actual Loops": 5,"Filter": "(n_name = 'SAUDI ARABIA'::bpchar)","Rows Removed by Filter": 24,"Workers": []},{"Node Type": "Bitmap Heap Scan","Parent Relationship": "Inner","Parallel Aware": false,"Async Capable": false,"Relation Name": "supplier","Alias": "supplier","Startup Cost": 7.38,"Total Cost": 239.27,"Plan Rows": 400,"Plan Width": 34,"Actual Startup Time": 0.204,"Actual Total Time": 3.890,"Actual Rows": 411,"Actual Loops": 5,"Recheck Cond": "(s_nationkey = nation.n_nationkey)","Rows Removed by Index Recheck": 0,"Exact Heap Blocks": 182,"Lossy Heap Blocks": 0,"Workers": [],"Plans": [{"Node Type": "Bitmap Index Scan","Parent Relationship": "Outer","Parallel Aware": false,"Async Capable": false,"Index Name": "idx_supplier_nation_key","Startup Cost": 0.00,"Total Cost": 7.29,"Plan Rows": 400,"Plan Width": 0,"Actual Startup Time": 0.143,"Actual Total Time": 0.145,"Actual Rows": 411,"Actual Loops": 5,"Index Cond": "(s_nationkey = nation.n_nationkey)","Workers": []}]}]}]}]},{"Node Type": "Index Scan","Parent Relationship": "Inner","Parallel Aware": false,"Async Capable": false,"Scan Direction": "Forward","Index Name": "idx_lineitem_orderkey","Relation Name": "lineitem","Alias": "l3","Startup Cost": 0.43,"Total Cost": 1.06,"Plan Rows": 6,"Plan Width": 8,"Actual Startup Time": 0.003,"Actual Total Time": 0.003,"Actual Rows": 1,"Actual Loops": 156739,"Index Cond": "(l_orderkey = l1.l_orderkey)","Rows Removed by Index Recheck": 0,"Filter": "((l_receiptdate > l_commitdate) AND (l_suppkey <> l1.l_suppkey))","Rows Removed by Filter": 1,"Workers": []}]}]},{"Node Type": "Index Scan","Parent Relationship": "Inner","Parallel Aware": false,"Async Capable": false,"Scan Direction": "Forward","Index Name": "idx_lineitem_orderkey","Relation Name": "lineitem","Alias": "l2","Startup Cost": 0.43,"Total Cost": 1.02,"Plan Rows": 17,"Plan Width": 8,"Actual Startup Time": 0.007,"Actual Total Time": 0.007,"Actual Rows": 1,"Actual Loops": 13859,"Index Cond": "(l_orderkey = l1.l_orderkey)","Rows Removed by Index Recheck": 0,"Filter": "(l_suppkey <> l1.l_suppkey)","Rows Removed by Filter": 1}]},{"Node Type": "Index Scan","Parent Relationship": "Inner","Parallel Aware": false,"Async Capable": false,"Scan Direction": "Forward","Index Name": "orders_pkey","Relation Name": "orders","Alias": "orders","Startup Cost": 0.43,"Total Cost": 0.51,"Plan Rows": 1,"Plan Width": 4,"Actual Startup Time": 0.007,"Actual Total Time": 0.007,"Actual Rows": 0,"Actual Loops": 8357,"Index Cond": "(o_orderkey = l1.l_orderkey)","Rows Removed by Index Recheck": 0,"Filter": "(o_orderstatus = 'F'::bpchar)","Rows Removed by Filter": 1}]}]}]}]},"Planning Time": 9.483,"Triggers": [],"Execution Time": 527.804}]
[{"Plan": {"Node Type": "Sort","Parallel Aware": false,"Async Capable": false,"Startup Cost": 147378.80,"Total Cost": 147378.81,"Plan Rows": 1,"Plan Width": 34,"Actual Startup Time": 501.108,"Actual Total Time": 521.576,"Actual Rows": 402,"Actual Loops": 1,"Sort Key": ["(count(*)) DESC", "supplier.s_name"],"Sort Method": "quicksort","Sort Space Used": 56,"Sort Space Type": "Memory","Plans": [{"Node Type": "Aggregate","Strategy": "Sorted","Partial Mode": "Simple","Parent Relationship": "Outer","Parallel Aware": false,"Async Capable": false,"Startup Cost": 147378.77,"Total Cost": 147378.79,"Plan Rows": 1,"Plan Width": 34,"Actual Startup Time": 499.889,"Actual Total Time": 520.867,"Actual Rows": 402,"Actual Loops": 1,"Group Key": ["supplier.s_name"],"Plans": [{"Node Type": "Sort","Parent Relationship": "Outer","Parallel Aware": false,"Async Capable": false,"Startup Cost": 147378.77,"Total Cost": 147378.78,"Plan Rows": 1,"Plan Width": 26,"Actual Startup Time": 499.865,"Actual Total Time": 520.454,"Actual Rows": 3981,"Actual Loops": 1,"Sort Key": ["supplier.s_name"],"Sort Method": "quicksort","Sort Space Used": 376,"Sort Space Type": "Memory","Plans": [{"Node Type": "Nested Loop","Parent Relationship": "Outer","Parallel Aware": false,"Async Capable": false,"Join Type": "Inner","Startup Cost": 1250.87,"Total Cost": 147378.76,"Plan Rows": 1,"Plan Width": 26,"Actual Startup Time": 4.395,"Actual Total Time": 509.623,"Actual Rows": 3981,"Actual Loops": 1,"Inner Unique": true,"Plans": [{"Node Type": "Nested Loop","Parent Relationship": "Outer","Parallel Aware": false,"Async Capable": false,"Join Type": "Semi","Startup Cost": 1250.44,"Total Cost": 147378.26,"Plan Rows": 1,"Plan Width": 34,"Actual Startup Time": 4.360,"Actual Total Time": 449.398,"Actual Rows": 7983,"Actual Loops": 1,"Inner Unique": false,"Plans": [{"Node Type": "Gather","Parent Relationship": "Outer","Parallel Aware": false,"Async Capable": false,"Startup Cost": 1250.01,"Total Cost": 147377.22,"Plan Rows": 1,"Plan Width": 34,"Actual Startup Time": 4.200,"Actual Total Time": 345.088,"Actual Rows": 13400,"Actual Loops": 1,"Workers Planned": 4,"Workers Launched": 4,"Single Copy": false,"Plans": [{"Node Type": "Nested Loop","Parent Relationship": "Outer","Parallel Aware": false,"Async Capable": false,"Join Type": "Anti","Startup Cost": 250.01,"Total Cost": 146377.12,"Plan Rows": 1,"Plan Width": 34,"Actual Startup Time": 4.071,"Actual Total Time": 443.940,"Actual Rows": 2680,"Actual Loops": 5,"Inner Unique": false,"Workers": [],"Plans": [{"Node Type": "Hash Join","Parent Relationship": "Outer","Parallel Aware": false,"Async Capable": false,"Join Type": "Inner","Startup Cost": 249.58,"Total Cost": 133581.65,"Plan Rows": 19990,"Plan Width": 34,"Actual Startup Time": 3.886,"Actual Total Time": 354.291,"Actual Rows": 30378,"Actual Loops": 5,"Inner Unique": false,"Hash Cond": "(l1.l_suppkey = supplier.s_suppkey)","Workers": [],"Plans": [{"Node Type": "Seq Scan","Parent Relationship": "Outer","Parallel Aware": true,"Async Capable": false,"Relation Name": "lineitem","Alias": "l1","Startup Cost": 0.00,"Total Cost": 131256.80,"Plan Rows": 500101,"Plan Width": 8,"Actual Startup Time": 0.029,"Actual Total Time": 304.276,"Actual Rows": 758659,"Actual Loops": 5,"Filter": "(l_receiptdate > l_commitdate)","Rows Removed by Filter": 441584,"Workers": []},{"Node Type": "Hash","Parent Relationship": "Inner","Parallel Aware": false,"Async Capable": false,"Startup Cost": 244.58,"Total Cost": 244.58,"Plan Rows": 400,"Plan Width": 30,"Actual Startup Time": 3.550,"Actual Total Time": 3.564,"Actual Rows": 402,"Actual Loops": 5,"Hash Buckets": 1024,"Original Hash Buckets": 1024,"Hash Batches": 1,"Original Hash Batches": 1,"Peak Memory Usage": 34,"Workers": [],"Plans": [{"Node Type": "Nested Loop","Parent Relationship": "Outer","Parallel Aware": false,"Async Capable": false,"Join Type": "Inner","Startup Cost": 7.38,"Total Cost": 244.58,"Plan Rows": 400,"Plan Width": 30,"Actual Startup Time": 0.305,"Actual Total Time": 3.431,"Actual Rows": 402,"Actual Loops": 5,"Inner Unique": false,"Workers": [],"Plans": [{"Node Type": "Seq Scan","Parent Relationship": "Outer","Parallel Aware": false,"Async Capable": false,"Relation Name": "nation","Alias": "nation","Startup Cost": 0.00,"Total Cost": 1.31,"Plan Rows": 1,"Plan Width": 4,"Actual Startup Time": 0.076,"Actual Total Time": 0.081,"Actual Rows": 1,"Actual Loops": 5,"Filter": "(n_name = 'FRANCE'::bpchar)","Rows Removed by Filter": 24,"Workers": []},{"Node Type": "Bitmap Heap Scan","Parent Relationship": "Inner","Parallel Aware": false,"Async Capable": false,"Relation Name": "supplier","Alias": "supplier","Startup Cost": 7.38,"Total Cost": 239.27,"Plan Rows": 400,"Plan Width": 34,"Actual Startup Time": 0.223,"Actual Total Time": 3.284,"Actual Rows": 402,"Actual Loops": 5,"Recheck Cond": "(s_nationkey = nation.n_nationkey)","Rows Removed by Index Recheck": 0,"Exact Heap Blocks": 184,"Lossy Heap Blocks": 0,"Workers": [],"Plans": [{"Node Type": "Bitmap Index Scan","Parent Relationship": "Outer","Parallel Aware": false,"Async Capable": false,"Index Name": "idx_supplier_nation_key","Startup Cost": 0.00,"Total Cost": 7.29,"Plan Rows": 400,"Plan Width": 0,"Actual Startup Time": 0.129,"Actual Total Time": 0.130,"Actual Rows": 402,"Actual Loops": 5,"Index Cond": "(s_nationkey = nation.n_nationkey)","Workers": []}]}]}]}]},{"Node Type": "Index Scan","Parent Relationship": "Inner","Parallel Aware": false,"Async Capable": false,"Scan Direction": "Forward","Index Name": "idx_lineitem_orderkey","Relation Name": "lineitem","Alias": "l3","Startup Cost": 0.43,"Total Cost": 1.06,"Plan Rows": 6,"Plan Width": 8,"Actual Startup Time": 0.003,"Actual Total Time": 0.003,"Actual Rows": 1,"Actual Loops": 151892,"Index Cond": "(l_orderkey = l1.l_orderkey)","Rows Removed by Index Recheck": 0,"Filter": "((l_receiptdate > l_commitdate) AND (l_suppkey <> l1.l_suppkey))","Rows Removed by Filter": 1,"Workers": []}]}]},{"Node Type": "Index Scan","Parent Relationship": "Inner","Parallel Aware": false,"Async Capable": false,"Scan Direction": "Forward","Index Name": "idx_lineitem_orderkey","Relation Name": "lineitem","Alias": "l2","Startup Cost": 0.43,"Total Cost": 1.02,"Plan Rows": 17,"Plan Width": 8,"Actual Startup Time": 0.007,"Actual Total Time": 0.007,"Actual Rows": 1,"Actual Loops": 13400,"Index Cond": "(l_orderkey = l1.l_orderkey)","Rows Removed by Index Recheck": 0,"Filter": "(l_suppkey <> l1.l_suppkey)","Rows Removed by Filter": 1}]},{"Node Type": "Index Scan","Parent Relationship": "Inner","Parallel Aware": false,"Async Capable": false,"Scan Direction": "Forward","Index Name": "orders_pkey","Relation Name": "orders","Alias": "orders","Startup Cost": 0.43,"Total Cost": 0.51,"Plan Rows": 1,"Plan Width": 4,"Actual Startup Time": 0.007,"Actual Total Time": 0.007,"Actual Rows": 0,"Actual Loops": 7983,"Index Cond": "(o_orderkey = l1.l_orderkey)","Rows Removed by Index Recheck": 0,"Filter": "(o_orderstatus = 'F'::bpchar)","Rows Removed by Filter": 1}]}]}]}]},"Planning Time": 8.323,"Triggers": [],"Execution Time": 522.235}]
[{"Plan": {"Node Type": "Sort","Parallel Aware": false,"Async Capable": false,"Startup Cost": 147378.80,"Total Cost": 147378.81,"Plan Rows": 1,"Plan Width": 34,"Actual Startup Time": 494.557,"Actual Total Time": 516.628,"Actual Rows": 380,"Actual Loops": 1,"Sort Key": ["(count(*)) DESC", "supplier.s_name"],"Sort Method": "quicksort","Sort Space Used": 54,"Sort Space Type": "Memory","Plans": [{"Node Type": "Aggregate","Strategy": "Sorted","Partial Mode": "Simple","Parent Relationship": "Outer","Parallel Aware": false,"Async Capable": false,"Startup Cost": 147378.77,"Total Cost": 147378.79,"Plan Rows": 1,"Plan Width": 34,"Actual Startup Time": 493.417,"Actual Total Time": 515.990,"Actual Rows": 380,"Actual Loops": 1,"Group Key": ["supplier.s_name"],"Plans": [{"Node Type": "Sort","Parent Relationship": "Outer","Parallel Aware": false,"Async Capable": false,"Startup Cost": 147378.77,"Total Cost": 147378.78,"Plan Rows": 1,"Plan Width": 26,"Actual Startup Time": 493.396,"Actual Total Time": 515.587,"Actual Rows": 3777,"Actual Loops": 1,"Sort Key": ["supplier.s_name"],"Sort Method": "quicksort","Sort Space Used": 362,"Sort Space Type": "Memory","Plans": [{"Node Type": "Nested Loop","Parent Relationship": "Outer","Parallel Aware": false,"Async Capable": false,"Join Type": "Inner","Startup Cost": 1250.87,"Total Cost": 147378.76,"Plan Rows": 1,"Plan Width": 26,"Actual Startup Time": 4.998,"Actual Total Time": 504.711,"Actual Rows": 3777,"Actual Loops": 1,"Inner Unique": true,"Plans": [{"Node Type": "Nested Loop","Parent Relationship": "Outer","Parallel Aware": false,"Async Capable": false,"Join Type": "Semi","Startup Cost": 1250.44,"Total Cost": 147378.26,"Plan Rows": 1,"Plan Width": 34,"Actual Startup Time": 4.963,"Actual Total Time": 440.621,"Actual Rows": 7670,"Actual Loops": 1,"Inner Unique": false,"Plans": [{"Node Type": "Gather","Parent Relationship": "Outer","Parallel Aware": false,"Async Capable": false,"Startup Cost": 1250.01,"Total Cost": 147377.22,"Plan Rows": 1,"Plan Width": 34,"Actual Startup Time": 4.951,"Actual Total Time": 333.201,"Actual Rows": 12935,"Actual Loops": 1,"Workers Planned": 4,"Workers Launched": 4,"Single Copy": false,"Plans": [{"Node Type": "Nested Loop","Parent Relationship": "Outer","Parallel Aware": false,"Async Capable": false,"Join Type": "Anti","Startup Cost": 250.01,"Total Cost": 146377.12,"Plan Rows": 1,"Plan Width": 34,"Actual Startup Time": 5.873,"Actual Total Time": 437.867,"Actual Rows": 2587,"Actual Loops": 5,"Inner Unique": false,"Workers": [],"Plans": [{"Node Type": "Hash Join","Parent Relationship": "Outer","Parallel Aware": false,"Async Capable": false,"Join Type": "Inner","Startup Cost": 249.58,"Total Cost": 133581.65,"Plan Rows": 19990,"Plan Width": 34,"Actual Startup Time": 5.239,"Actual Total Time": 352.656,"Actual Rows": 28741,"Actual Loops": 5,"Inner Unique": false,"Hash Cond": "(l1.l_suppkey = supplier.s_suppkey)","Workers": [],"Plans": [{"Node Type": "Seq Scan","Parent Relationship": "Outer","Parallel Aware": true,"Async Capable": false,"Relation Name": "lineitem","Alias": "l1","Startup Cost": 0.00,"Total Cost": 131256.80,"Plan Rows": 500101,"Plan Width": 8,"Actual Startup Time": 0.031,"Actual Total Time": 300.900,"Actual Rows": 758659,"Actual Loops": 5,"Filter": "(l_receiptdate > l_commitdate)","Rows Removed by Filter": 441584,"Workers": []},{"Node Type": "Hash","Parent Relationship": "Inner","Parallel Aware": false,"Async Capable": false,"Startup Cost": 244.58,"Total Cost": 244.58,"Plan Rows": 400,"Plan Width": 30,"Actual Startup Time": 4.907,"Actual Total Time": 4.921,"Actual Rows": 380,"Actual Loops": 5,"Hash Buckets": 1024,"Original Hash Buckets": 1024,"Hash Batches": 1,"Original Hash Batches": 1,"Peak Memory Usage": 32,"Workers": [],"Plans": [{"Node Type": "Nested Loop","Parent Relationship": "Outer","Parallel Aware": false,"Async Capable": false,"Join Type": "Inner","Startup Cost": 7.38,"Total Cost": 244.58,"Plan Rows": 400,"Plan Width": 30,"Actual Startup Time": 0.293,"Actual Total Time": 4.740,"Actual Rows": 380,"Actual Loops": 5,"Inner Unique": false,"Workers": [],"Plans": [{"Node Type": "Seq Scan","Parent Relationship": "Outer","Parallel Aware": false,"Async Capable": false,"Relation Name": "nation","Alias": "nation","Startup Cost": 0.00,"Total Cost": 1.31,"Plan Rows": 1,"Plan Width": 4,"Actual Startup Time": 0.048,"Actual Total Time": 0.056,"Actual Rows": 1,"Actual Loops": 5,"Filter": "(n_name = 'ETHIOPIA'::bpchar)","Rows Removed by Filter": 24,"Workers": []},{"Node Type": "Bitmap Heap Scan","Parent Relationship": "Inner","Parallel Aware": false,"Async Capable": false,"Relation Name": "supplier","Alias": "supplier","Startup Cost": 7.38,"Total Cost": 239.27,"Plan Rows": 400,"Plan Width": 34,"Actual Startup Time": 0.240,"Actual Total Time": 4.598,"Actual Rows": 380,"Actual Loops": 5,"Recheck Cond": "(s_nationkey = nation.n_nationkey)","Rows Removed by Index Recheck": 0,"Exact Heap Blocks": 192,"Lossy Heap Blocks": 0,"Workers": [],"Plans": [{"Node Type": "Bitmap Index Scan","Parent Relationship": "Outer","Parallel Aware": false,"Async Capable": false,"Index Name": "idx_supplier_nation_key","Startup Cost": 0.00,"Total Cost": 7.29,"Plan Rows": 400,"Plan Width": 0,"Actual Startup Time": 0.158,"Actual Total Time": 0.159,"Actual Rows": 380,"Actual Loops": 5,"Index Cond": "(s_nationkey = nation.n_nationkey)","Workers": []}]}]}]}]},{"Node Type": "Index Scan","Parent Relationship": "Inner","Parallel Aware": false,"Async Capable": false,"Scan Direction": "Forward","Index Name": "idx_lineitem_orderkey","Relation Name": "lineitem","Alias": "l3","Startup Cost": 0.43,"Total Cost": 1.06,"Plan Rows": 6,"Plan Width": 8,"Actual Startup Time": 0.003,"Actual Total Time": 0.003,"Actual Rows": 1,"Actual Loops": 143707,"Index Cond": "(l_orderkey = l1.l_orderkey)","Rows Removed by Index Recheck": 0,"Filter": "((l_receiptdate > l_commitdate) AND (l_suppkey <> l1.l_suppkey))","Rows Removed by Filter": 1,"Workers": []}]}]},{"Node Type": "Index Scan","Parent Relationship": "Inner","Parallel Aware": false,"Async Capable": false,"Scan Direction": "Forward","Index Name": "idx_lineitem_orderkey","Relation Name": "lineitem","Alias": "l2","Startup Cost": 0.43,"Total Cost": 1.02,"Plan Rows": 17,"Plan Width": 8,"Actual Startup Time": 0.008,"Actual Total Time": 0.008,"Actual Rows": 1,"Actual Loops": 12935,"Index Cond": "(l_orderkey = l1.l_orderkey)","Rows Removed by Index Recheck": 0,"Filter": "(l_suppkey <> l1.l_suppkey)","Rows Removed by Filter": 1}]},{"Node Type": "Index Scan","Parent Relationship": "Inner","Parallel Aware": false,"Async Capable": false,"Scan Direction": "Forward","Index Name": "orders_pkey","Relation Name": "orders","Alias": "orders","Startup Cost": 0.43,"Total Cost": 0.51,"Plan Rows": 1,"Plan Width": 4,"Actual Startup Time": 0.008,"Actual Total Time": 0.008,"Actual Rows": 0,"Actual Loops": 7670,"Index Cond": "(o_orderkey = l1.l_orderkey)","Rows Removed by Index Recheck": 0,"Filter": "(o_orderstatus = 'F'::bpchar)","Rows Removed by Filter": 1}]}]}]}]},"Planning Time": 9.415,"Triggers": [],"Execution Time": 517.200}]
[{"Plan": {"Node Type": "Sort","Parallel Aware": false,"Async Capable": false,"Startup Cost": 147378.80,"Total Cost": 147378.81,"Plan Rows": 1,"Plan Width": 34,"Actual Startup Time": 484.568,"Actual Total Time": 505.980,"Actual Rows": 362,"Actual Loops": 1,"Sort Key": ["(count(*)) DESC", "supplier.s_name"],"Sort Method": "quicksort","Sort Space Used": 53,"Sort Space Type": "Memory","Plans": [{"Node Type": "Aggregate","Strategy": "Sorted","Partial Mode": "Simple","Parent Relationship": "Outer","Parallel Aware": false,"Async Capable": false,"Startup Cost": 147378.77,"Total Cost": 147378.79,"Plan Rows": 1,"Plan Width": 34,"Actual Startup Time": 483.467,"Actual Total Time": 505.326,"Actual Rows": 362,"Actual Loops": 1,"Group Key": ["supplier.s_name"],"Plans": [{"Node Type": "Sort","Parent Relationship": "Outer","Parallel Aware": false,"Async Capable": false,"Startup Cost": 147378.77,"Total Cost": 147378.78,"Plan Rows": 1,"Plan Width": 26,"Actual Startup Time": 483.448,"Actual Total Time": 504.962,"Actual Rows": 3454,"Actual Loops": 1,"Sort Key": ["supplier.s_name"],"Sort Method": "quicksort","Sort Space Used": 339,"Sort Space Type": "Memory","Plans": [{"Node Type": "Nested Loop","Parent Relationship": "Outer","Parallel Aware": false,"Async Capable": false,"Join Type": "Inner","Startup Cost": 1250.87,"Total Cost": 147378.76,"Plan Rows": 1,"Plan Width": 26,"Actual Startup Time": 4.046,"Actual Total Time": 494.960,"Actual Rows": 3454,"Actual Loops": 1,"Inner Unique": true,"Plans": [{"Node Type": "Nested Loop","Parent Relationship": "Outer","Parallel Aware": false,"Async Capable": false,"Join Type": "Semi","Startup Cost": 1250.44,"Total Cost": 147378.26,"Plan Rows": 1,"Plan Width": 34,"Actual Startup Time": 3.697,"Actual Total Time": 437.513,"Actual Rows": 7167,"Actual Loops": 1,"Inner Unique": false,"Plans": [{"Node Type": "Gather","Parent Relationship": "Outer","Parallel Aware": false,"Async Capable": false,"Startup Cost": 1250.01,"Total Cost": 147377.22,"Plan Rows": 1,"Plan Width": 34,"Actual Startup Time": 3.682,"Actual Total Time": 337.976,"Actual Rows": 12136,"Actual Loops": 1,"Workers Planned": 4,"Workers Launched": 4,"Single Copy": false,"Plans": [{"Node Type": "Nested Loop","Parent Relationship": "Outer","Parallel Aware": false,"Async Capable": false,"Join Type": "Anti","Startup Cost": 250.01,"Total Cost": 146377.12,"Plan Rows": 1,"Plan Width": 34,"Actual Startup Time": 4.367,"Actual Total Time": 431.433,"Actual Rows": 2427,"Actual Loops": 5,"Inner Unique": false,"Workers": [],"Plans": [{"Node Type": "Hash Join","Parent Relationship": "Outer","Parallel Aware": false,"Async Capable": false,"Join Type": "Inner","Startup Cost": 249.58,"Total Cost": 133581.65,"Plan Rows": 19990,"Plan Width": 34,"Actual Startup Time": 4.181,"Actual Total Time": 349.984,"Actual Rows": 27450,"Actual Loops": 5,"Inner Unique": false,"Hash Cond": "(l1.l_suppkey = supplier.s_suppkey)","Workers": [],"Plans": [{"Node Type": "Seq Scan","Parent Relationship": "Outer","Parallel Aware": true,"Async Capable": false,"Relation Name": "lineitem","Alias": "l1","Startup Cost": 0.00,"Total Cost": 131256.80,"Plan Rows": 500101,"Plan Width": 8,"Actual Startup Time": 0.027,"Actual Total Time": 299.399,"Actual Rows": 758659,"Actual Loops": 5,"Filter": "(l_receiptdate > l_commitdate)","Rows Removed by Filter": 441584,"Workers": []},{"Node Type": "Hash","Parent Relationship": "Inner","Parallel Aware": false,"Async Capable": false,"Startup Cost": 244.58,"Total Cost": 244.58,"Plan Rows": 400,"Plan Width": 30,"Actual Startup Time": 3.849,"Actual Total Time": 3.862,"Actual Rows": 362,"Actual Loops": 5,"Hash Buckets": 1024,"Original Hash Buckets": 1024,"Hash Batches": 1,"Original Hash Batches": 1,"Peak Memory Usage": 31,"Workers": [],"Plans": [{"Node Type": "Nested Loop","Parent Relationship": "Outer","Parallel Aware": false,"Async Capable": false,"Join Type": "Inner","Startup Cost": 7.38,"Total Cost": 244.58,"Plan Rows": 400,"Plan Width": 30,"Actual Startup Time": 0.339,"Actual Total Time": 3.727,"Actual Rows": 362,"Actual Loops": 5,"Inner Unique": false,"Workers": [],"Plans": [{"Node Type": "Seq Scan","Parent Relationship": "Outer","Parallel Aware": false,"Async Capable": false,"Relation Name": "nation","Alias": "nation","Startup Cost": 0.00,"Total Cost": 1.31,"Plan Rows": 1,"Plan Width": 4,"Actual Startup Time": 0.061,"Actual Total Time": 0.064,"Actual Rows": 1,"Actual Loops": 5,"Filter": "(n_name = 'JORDAN'::bpchar)","Rows Removed by Filter": 24,"Workers": []},{"Node Type": "Bitmap Heap Scan","Parent Relationship": "Inner","Parallel Aware": false,"Async Capable": false,"Relation Name": "supplier","Alias": "supplier","Startup Cost": 7.38,"Total Cost": 239.27,"Plan Rows": 400,"Plan Width": 34,"Actual Startup Time": 0.272,"Actual Total Time": 3.601,"Actual Rows": 362,"Actual Loops": 5,"Recheck Cond": "(s_nationkey = nation.n_nationkey)","Rows Removed by Index Recheck": 0,"Exact Heap Blocks": 166,"Lossy Heap Blocks": 0,"Workers": [],"Plans": [{"Node Type": "Bitmap Index Scan","Parent Relationship": "Outer","Parallel Aware": false,"Async Capable": false,"Index Name": "idx_supplier_nation_key","Startup Cost": 0.00,"Total Cost": 7.29,"Plan Rows": 400,"Plan Width": 0,"Actual Startup Time": 0.176,"Actual Total Time": 0.178,"Actual Rows": 362,"Actual Loops": 5,"Index Cond": "(s_nationkey = nation.n_nationkey)","Workers": []}]}]}]}]},{"Node Type": "Index Scan","Parent Relationship": "Inner","Parallel Aware": false,"Async Capable": false,"Scan Direction": "Forward","Index Name": "idx_lineitem_orderkey","Relation Name": "lineitem","Alias": "l3","Startup Cost": 0.43,"Total Cost": 1.06,"Plan Rows": 6,"Plan Width": 8,"Actual Startup Time": 0.003,"Actual Total Time": 0.003,"Actual Rows": 1,"Actual Loops": 137252,"Index Cond": "(l_orderkey = l1.l_orderkey)","Rows Removed by Index Recheck": 0,"Filter": "((l_receiptdate > l_commitdate) AND (l_suppkey <> l1.l_suppkey))","Rows Removed by Filter": 1,"Workers": []}]}]},{"Node Type": "Index Scan","Parent Relationship": "Inner","Parallel Aware": false,"Async Capable": false,"Scan Direction": "Forward","Index Name": "idx_lineitem_orderkey","Relation Name": "lineitem","Alias": "l2","Startup Cost": 0.43,"Total Cost": 1.02,"Plan Rows": 17,"Plan Width": 8,"Actual Startup Time": 0.008,"Actual Total Time": 0.008,"Actual Rows": 1,"Actual Loops": 12136,"Index Cond": "(l_orderkey = l1.l_orderkey)","Rows Removed by Index Recheck": 0,"Filter": "(l_suppkey <> l1.l_suppkey)","Rows Removed by Filter": 1}]},{"Node Type": "Index Scan","Parent Relationship": "Inner","Parallel Aware": false,"Async Capable": false,"Scan Direction": "Forward","Index Name": "orders_pkey","Relation Name": "orders","Alias": "orders","Startup Cost": 0.43,"Total Cost": 0.51,"Plan Rows": 1,"Plan Width": 4,"Actual Startup Time": 0.008,"Actual Total Time": 0.008,"Actual Rows": 0,"Actual Loops": 7167,"Index Cond": "(o_orderkey = l1.l_orderkey)","Rows Removed by Index Recheck": 0,"Filter": "(o_orderstatus = 'F'::bpchar)","Rows Removed by Filter": 1}]}]}]}]},"Planning Time": 8.148,"Triggers": [],"Execution Time": 506.532}]
[{"Plan": {"Node Type": "Sort","Parallel Aware": false,"Async Capable": false,"Startup Cost": 147378.80,"Total Cost": 147378.81,"Plan Rows": 1,"Plan Width": 34,"Actual Startup Time": 506.689,"Actual Total Time": 525.046,"Actual Rows": 415,"Actual Loops": 1,"Sort Key": ["(count(*)) DESC", "supplier.s_name"],"Sort Method": "quicksort","Sort Space Used": 57,"Sort Space Type": "Memory","Plans": [{"Node Type": "Aggregate","Strategy": "Sorted","Partial Mode": "Simple","Parent Relationship": "Outer","Parallel Aware": false,"Async Capable": false,"Startup Cost": 147378.77,"Total Cost": 147378.79,"Plan Rows": 1,"Plan Width": 34,"Actual Startup Time": 505.377,"Actual Total Time": 524.254,"Actual Rows": 415,"Actual Loops": 1,"Group Key": ["supplier.s_name"],"Plans": [{"Node Type": "Sort","Parent Relationship": "Outer","Parallel Aware": false,"Async Capable": false,"Startup Cost": 147378.77,"Total Cost": 147378.78,"Plan Rows": 1,"Plan Width": 26,"Actual Startup Time": 505.350,"Actual Total Time": 523.830,"Actual Rows": 4021,"Actual Loops": 1,"Sort Key": ["supplier.s_name"],"Sort Method": "quicksort","Sort Space Used": 379,"Sort Space Type": "Memory","Plans": [{"Node Type": "Nested Loop","Parent Relationship": "Outer","Parallel Aware": false,"Async Capable": false,"Join Type": "Inner","Startup Cost": 1250.87,"Total Cost": 147378.76,"Plan Rows": 1,"Plan Width": 26,"Actual Startup Time": 4.344,"Actual Total Time": 512.010,"Actual Rows": 4021,"Actual Loops": 1,"Inner Unique": true,"Plans": [{"Node Type": "Nested Loop","Parent Relationship": "Outer","Parallel Aware": false,"Async Capable": false,"Join Type": "Semi","Startup Cost": 1250.44,"Total Cost": 147378.26,"Plan Rows": 1,"Plan Width": 34,"Actual Startup Time": 4.308,"Actual Total Time": 447.240,"Actual Rows": 8423,"Actual Loops": 1,"Inner Unique": false,"Plans": [{"Node Type": "Gather","Parent Relationship": "Outer","Parallel Aware": false,"Async Capable": false,"Startup Cost": 1250.01,"Total Cost": 147377.22,"Plan Rows": 1,"Plan Width": 34,"Actual Startup Time": 4.250,"Actual Total Time": 340.738,"Actual Rows": 13873,"Actual Loops": 1,"Workers Planned": 4,"Workers Launched": 4,"Single Copy": false,"Plans": [{"Node Type": "Nested Loop","Parent Relationship": "Outer","Parallel Aware": false,"Async Capable": false,"Join Type": "Anti","Startup Cost": 250.01,"Total Cost": 146377.12,"Plan Rows": 1,"Plan Width": 34,"Actual Startup Time": 6.059,"Actual Total Time": 447.143,"Actual Rows": 2775,"Actual Loops": 5,"Inner Unique": false,"Workers": [],"Plans": [{"Node Type": "Hash Join","Parent Relationship": "Outer","Parallel Aware": false,"Async Capable": false,"Join Type": "Inner","Startup Cost": 249.58,"Total Cost": 133581.65,"Plan Rows": 19990,"Plan Width": 34,"Actual Startup Time": 5.350,"Actual Total Time": 355.670,"Actual Rows": 31496,"Actual Loops": 5,"Inner Unique": false,"Hash Cond": "(l1.l_suppkey = supplier.s_suppkey)","Workers": [],"Plans": [{"Node Type": "Seq Scan","Parent Relationship": "Outer","Parallel Aware": true,"Async Capable": false,"Relation Name": "lineitem","Alias": "l1","Startup Cost": 0.00,"Total Cost": 131256.80,"Plan Rows": 500101,"Plan Width": 8,"Actual Startup Time": 0.034,"Actual Total Time": 302.387,"Actual Rows": 758659,"Actual Loops": 5,"Filter": "(l_receiptdate > l_commitdate)","Rows Removed by Filter": 441584,"Workers": []},{"Node Type": "Hash","Parent Relationship": "Inner","Parallel Aware": false,"Async Capable": false,"Startup Cost": 244.58,"Total Cost": 244.58,"Plan Rows": 400,"Plan Width": 30,"Actual Startup Time": 5.023,"Actual Total Time": 5.034,"Actual Rows": 415,"Actual Loops": 5,"Hash Buckets": 1024,"Original Hash Buckets": 1024,"Hash Batches": 1,"Original Hash Batches": 1,"Peak Memory Usage": 34,"Workers": [],"Plans": [{"Node Type": "Nested Loop","Parent Relationship": "Outer","Parallel Aware": false,"Async Capable": false,"Join Type": "Inner","Startup Cost": 7.38,"Total Cost": 244.58,"Plan Rows": 400,"Plan Width": 30,"Actual Startup Time": 0.341,"Actual Total Time": 4.843,"Actual Rows": 415,"Actual Loops": 5,"Inner Unique": false,"Workers": [],"Plans": [{"Node Type": "Seq Scan","Parent Relationship": "Outer","Parallel Aware": false,"Async Capable": false,"Relation Name": "nation","Alias": "nation","Startup Cost": 0.00,"Total Cost": 1.31,"Plan Rows": 1,"Plan Width": 4,"Actual Startup Time": 0.054,"Actual Total Time": 0.060,"Actual Rows": 1,"Actual Loops": 5,"Filter": "(n_name = 'INDIA'::bpchar)","Rows Removed by Filter": 24,"Workers": []},{"Node Type": "Bitmap Heap Scan","Parent Relationship": "Inner","Parallel Aware": false,"Async Capable": false,"Relation Name": "supplier","Alias": "supplier","Startup Cost": 7.38,"Total Cost": 239.27,"Plan Rows": 400,"Plan Width": 34,"Actual Startup Time": 0.281,"Actual Total Time": 4.691,"Actual Rows": 415,"Actual Loops": 5,"Recheck Cond": "(s_nationkey = nation.n_nationkey)","Rows Removed by Index Recheck": 0,"Exact Heap Blocks": 186,"Lossy Heap Blocks": 0,"Workers": [],"Plans": [{"Node Type": "Bitmap Index Scan","Parent Relationship": "Outer","Parallel Aware": false,"Async Capable": false,"Index Name": "idx_supplier_nation_key","Startup Cost": 0.00,"Total Cost": 7.29,"Plan Rows": 400,"Plan Width": 0,"Actual Startup Time": 0.207,"Actual Total Time": 0.208,"Actual Rows": 415,"Actual Loops": 5,"Index Cond": "(s_nationkey = nation.n_nationkey)","Workers": []}]}]}]}]},{"Node Type": "Index Scan","Parent Relationship": "Inner","Parallel Aware": false,"Async Capable": false,"Scan Direction": "Forward","Index Name": "idx_lineitem_orderkey","Relation Name": "lineitem","Alias": "l3","Startup Cost": 0.43,"Total Cost": 1.06,"Plan Rows": 6,"Plan Width": 8,"Actual Startup Time": 0.003,"Actual Total Time": 0.003,"Actual Rows": 1,"Actual Loops": 157482,"Index Cond": "(l_orderkey = l1.l_orderkey)","Rows Removed by Index Recheck": 0,"Filter": "((l_receiptdate > l_commitdate) AND (l_suppkey <> l1.l_suppkey))","Rows Removed by Filter": 1,"Workers": []}]}]},{"Node Type": "Index Scan","Parent Relationship": "Inner","Parallel Aware": false,"Async Capable": false,"Scan Direction": "Forward","Index Name": "idx_lineitem_orderkey","Relation Name": "lineitem","Alias": "l2","Startup Cost": 0.43,"Total Cost": 1.02,"Plan Rows": 17,"Plan Width": 8,"Actual Startup Time": 0.007,"Actual Total Time": 0.007,"Actual Rows": 1,"Actual Loops": 13873,"Index Cond": "(l_orderkey = l1.l_orderkey)","Rows Removed by Index Recheck": 0,"Filter": "(l_suppkey <> l1.l_suppkey)","Rows Removed by Filter": 1}]},{"Node Type": "Index Scan","Parent Relationship": "Inner","Parallel Aware": false,"Async Capable": false,"Scan Direction": "Forward","Index Name": "orders_pkey","Relation Name": "orders","Alias": "orders","Startup Cost": 0.43,"Total Cost": 0.51,"Plan Rows": 1,"Plan Width": 4,"Actual Startup Time": 0.007,"Actual Total Time": 0.007,"Actual Rows": 0,"Actual Loops": 8423,"Index Cond": "(o_orderkey = l1.l_orderkey)","Rows Removed by Index Recheck": 0,"Filter": "(o_orderstatus = 'F'::bpchar)","Rows Removed by Filter": 1}]}]}]}]},"Planning Time": 9.331,"Triggers": [],"Execution Time": 525.561}]
[{"Plan": {"Node Type": "Sort","Parallel Aware": false,"Async Capable": false,"Startup Cost": 147378.80,"Total Cost": 147378.81,"Plan Rows": 1,"Plan Width": 34,"Actual Startup Time": 507.691,"Actual Total Time": 527.119,"Actual Rows": 411,"Actual Loops": 1,"Sort Key": ["(count(*)) DESC", "supplier.s_name"],"Sort Method": "quicksort","Sort Space Used": 57,"Sort Space Type": "Memory","Plans": [{"Node Type": "Aggregate","Strategy": "Sorted","Partial Mode": "Simple","Parent Relationship": "Outer","Parallel Aware": false,"Async Capable": false,"Startup Cost": 147378.77,"Total Cost": 147378.79,"Plan Rows": 1,"Plan Width": 34,"Actual Startup Time": 506.441,"Actual Total Time": 526.395,"Actual Rows": 411,"Actual Loops": 1,"Group Key": ["supplier.s_name"],"Plans": [{"Node Type": "Sort","Parent Relationship": "Outer","Parallel Aware": false,"Async Capable": false,"Startup Cost": 147378.77,"Total Cost": 147378.78,"Plan Rows": 1,"Plan Width": 26,"Actual Startup Time": 506.413,"Actual Total Time": 525.969,"Actual Rows": 4141,"Actual Loops": 1,"Sort Key": ["supplier.s_name"],"Sort Method": "quicksort","Sort Space Used": 484,"Sort Space Type": "Memory","Plans": [{"Node Type": "Nested Loop","Parent Relationship": "Outer","Parallel Aware": false,"Async Capable": false,"Join Type": "Inner","Startup Cost": 1250.87,"Total Cost": 147378.76,"Plan Rows": 1,"Plan Width": 26,"Actual Startup Time": 4.973,"Actual Total Time": 514.878,"Actual Rows": 4141,"Actual Loops": 1,"Inner Unique": true,"Plans": [{"Node Type": "Nested Loop","Parent Relationship": "Outer","Parallel Aware": false,"Async Capable": false,"Join Type": "Semi","Startup Cost": 1250.44,"Total Cost": 147378.26,"Plan Rows": 1,"Plan Width": 34,"Actual Startup Time": 4.329,"Actual Total Time": 453.804,"Actual Rows": 8357,"Actual Loops": 1,"Inner Unique": false,"Plans": [{"Node Type": "Gather","Parent Relationship": "Outer","Parallel Aware": false,"Async Capable": false,"Startup Cost": 1250.01,"Total Cost": 147377.22,"Plan Rows": 1,"Plan Width": 34,"Actual Startup Time": 4.312,"Actual Total Time": 350.336,"Actual Rows": 13859,"Actual Loops": 1,"Workers Planned": 4,"Workers Launched": 4,"Single Copy": false,"Plans": [{"Node Type": "Nested Loop","Parent Relationship": "Outer","Parallel Aware": false,"Async Capable": false,"Join Type": "Anti","Startup Cost": 250.01,"Total Cost": 146377.12,"Plan Rows": 1,"Plan Width": 34,"Actual Startup Time": 4.818,"Actual Total Time": 450.256,"Actual Rows": 2772,"Actual Loops": 5,"Inner Unique": false,"Workers": [],"Plans": [{"Node Type": "Hash Join","Parent Relationship": "Outer","Parallel Aware": false,"Async Capable": false,"Join Type": "Inner","Startup Cost": 249.58,"Total Cost": 133581.65,"Plan Rows": 19990,"Plan Width": 34,"Actual Startup Time": 4.474,"Actual Total Time": 357.672,"Actual Rows": 31348,"Actual Loops": 5,"Inner Unique": false,"Hash Cond": "(l1.l_suppkey = supplier.s_suppkey)","Workers": [],"Plans": [{"Node Type": "Seq Scan","Parent Relationship": "Outer","Parallel Aware": true,"Async Capable": false,"Relation Name": "lineitem","Alias": "l1","Startup Cost": 0.00,"Total Cost": 131256.80,"Plan Rows": 500101,"Plan Width": 8,"Actual Startup Time": 0.028,"Actual Total Time": 306.873,"Actual Rows": 758659,"Actual Loops": 5,"Filter": "(l_receiptdate > l_commitdate)","Rows Removed by Filter": 441584,"Workers": []},{"Node Type": "Hash","Parent Relationship": "Inner","Parallel Aware": false,"Async Capable": false,"Startup Cost": 244.58,"Total Cost": 244.58,"Plan Rows": 400,"Plan Width": 30,"Actual Startup Time": 4.175,"Actual Total Time": 4.188,"Actual Rows": 411,"Actual Loops": 5,"Hash Buckets": 1024,"Original Hash Buckets": 1024,"Hash Batches": 1,"Original Hash Batches": 1,"Peak Memory Usage": 34,"Workers": [],"Plans": [{"Node Type": "Nested Loop","Parent Relationship": "Outer","Parallel Aware": false,"Async Capable": false,"Join Type": "Inner","Startup Cost": 7.38,"Total Cost": 244.58,"Plan Rows": 400,"Plan Width": 30,"Actual Startup Time": 0.256,"Actual Total Time": 4.027,"Actual Rows": 411,"Actual Loops": 5,"Inner Unique": false,"Workers": [],"Plans": [{"Node Type": "Seq Scan","Parent Relationship": "Outer","Parallel Aware": false,"Async Capable": false,"Relation Name": "nation","Alias": "nation","Startup Cost": 0.00,"Total Cost": 1.31,"Plan Rows": 1,"Plan Width": 4,"Actual Startup Time": 0.047,"Actual Total Time": 0.051,"Actual Rows": 1,"Actual Loops": 5,"Filter": "(n_name = 'SAUDI ARABIA'::bpchar)","Rows Removed by Filter": 24,"Workers": []},{"Node Type": "Bitmap Heap Scan","Parent Relationship": "Inner","Parallel Aware": false,"Async Capable": false,"Relation Name": "supplier","Alias": "supplier","Startup Cost": 7.38,"Total Cost": 239.27,"Plan Rows": 400,"Plan Width": 34,"Actual Startup Time": 0.204,"Actual Total Time": 3.890,"Actual Rows": 411,"Actual Loops": 5,"Recheck Cond": "(s_nationkey = nation.n_nationkey)","Rows Removed by Index Recheck": 0,"Exact Heap Blocks": 182,"Lossy Heap Blocks": 0,"Workers": [],"Plans": [{"Node Type": "Bitmap Index Scan","Parent Relationship": "Outer","Parallel Aware": false,"Async Capable": false,"Index Name": "idx_supplier_nation_key","Startup Cost": 0.00,"Total Cost": 7.29,"Plan Rows": 400,"Plan Width": 0,"Actual Startup Time": 0.143,"Actual Total Time": 0.145,"Actual Rows": 411,"Actual Loops": 5,"Index Cond": "(s_nationkey = nation.n_nationkey)","Workers": []}]}]}]}]},{"Node Type": "Index Scan","Parent Relationship": "Inner","Parallel Aware": false,"Async Capable": false,"Scan Direction": "Forward","Index Name": "idx_lineitem_orderkey","Relation Name": "lineitem","Alias": "l3","Startup Cost": 0.43,"Total Cost": 1.06,"Plan Rows": 6,"Plan Width": 8,"Actual Startup Time": 0.003,"Actual Total Time": 0.003,"Actual Rows": 1,"Actual Loops": 156739,"Index Cond": "(l_orderkey = l1.l_orderkey)","Rows Removed by Index Recheck": 0,"Filter": "((l_receiptdate > l_commitdate) AND (l_suppkey <> l1.l_suppkey))","Rows Removed by Filter": 1,"Workers": []}]}]},{"Node Type": "Index Scan","Parent Relationship": "Inner","Parallel Aware": false,"Async Capable": false,"Scan Direction": "Forward","Index Name": "idx_lineitem_orderkey","Relation Name": "lineitem","Alias": "l2","Startup Cost": 0.43,"Total Cost": 1.02,"Plan Rows": 17,"Plan Width": 8,"Actual Startup Time": 0.007,"Actual Total Time": 0.007,"Actual Rows": 1,"Actual Loops": 13859,"Index Cond": "(l_orderkey = l1.l_orderkey)","Rows Removed by Index Recheck": 0,"Filter": "(l_suppkey <> l1.l_suppkey)","Rows Removed by Filter": 1}]},{"Node Type": "Index Scan","Parent Relationship": "Inner","Parallel Aware": false,"Async Capable": false,"Scan Direction": "Forward","Index Name": "orders_pkey","Relation Name": "orders","Alias": "orders","Startup Cost": 0.43,"Total Cost": 0.51,"Plan Rows": 1,"Plan Width": 4,"Actual Startup Time": 0.007,"Actual Total Time": 0.007,"Actual Rows": 0,"Actual Loops": 8357,"Index Cond": "(o_orderkey = l1.l_orderkey)","Rows Removed by Index Recheck": 0,"Filter": "(o_orderstatus = 'F'::bpchar)","Rows Removed by Filter": 1}]}]}]}]},"Planning Time": 9.483,"Triggers": [],"Execution Time": 527.804}]
[{"Plan": {"Node Type": "Sort","Parallel Aware": false,"Async Capable": false,"Startup Cost": 147378.80,"Total Cost": 147378.81,"Plan Rows": 1,"Plan Width": 34,"Actual Startup Time": 503.423,"Actual Total Time": 521.004,"Actual Rows": 406,"Actual Loops": 1,"Sort Key": ["(count(*)) DESC", "supplier.s_name"],"Sort Method": "quicksort","Sort Space Used": 56,"Sort Space Type": "Memory","Plans": [{"Node Type": "Aggregate","Strategy": "Sorted","Partial Mode": "Simple","Parent Relationship": "Outer","Parallel Aware": false,"Async Capable": false,"Startup Cost": 147378.77,"Total Cost": 147378.79,"Plan Rows": 1,"Plan Width": 34,"Actual Startup Time": 502.176,"Actual Total Time": 520.280,"Actual Rows": 406,"Actual Loops": 1,"Group Key": ["supplier.s_name"],"Plans": [{"Node Type": "Sort","Parent Relationship": "Outer","Parallel Aware": false,"Async Capable": false,"Startup Cost": 147378.77,"Total Cost": 147378.78,"Plan Rows": 1,"Plan Width": 26,"Actual Startup Time": 502.147,"Actual Total Time": 519.852,"Actual Rows": 4052,"Actual Loops": 1,"Sort Key": ["supplier.s_name"],"Sort Method": "quicksort","Sort Space Used": 381,"Sort Space Type": "Memory","Plans": [{"Node Type": "Nested Loop","Parent Relationship": "Outer","Parallel Aware": false,"Async Capable": false,"Join Type": "Inner","Startup Cost": 1250.87,"Total Cost": 147378.76,"Plan Rows": 1,"Plan Width": 26,"Actual Startup Time": 4.486,"Actual Total Time": 508.290,"Actual Rows": 4052,"Actual Loops": 1,"Inner Unique": true,"Plans": [{"Node Type": "Nested Loop","Parent Relationship": "Outer","Parallel Aware": false,"Async Capable": false,"Join Type": "Semi","Startup Cost": 1250.44,"Total Cost": 147378.26,"Plan Rows": 1,"Plan Width": 34,"Actual Startup Time": 4.452,"Actual Total Time": 441.127,"Actual Rows": 8332,"Actual Loops": 1,"Inner Unique": false,"Plans": [{"Node Type": "Gather","Parent Relationship": "Outer","Parallel Aware": false,"Async Capable": false,"Startup Cost": 1250.01,"Total Cost": 147377.22,"Plan Rows": 1,"Plan Width": 34,"Actual Startup Time": 4.440,"Actual Total Time": 331.994,"Actual Rows": 13791,"Actual Loops": 1,"Workers Planned": 4,"Workers Launched": 4,"Single Copy": false,"Plans": [{"Node Type": "Nested Loop","Parent Relationship": "Outer","Parallel Aware": false,"Async Capable": false,"Join Type": "Anti","Startup Cost": 250.01,"Total Cost": 146377.12,"Plan Rows": 1,"Plan Width": 34,"Actual Startup Time": 4.624,"Actual Total Time": 442.937,"Actual Rows": 2758,"Actual Loops": 5,"Inner Unique": false,"Workers": [],"Plans": [{"Node Type": "Hash Join","Parent Relationship": "Outer","Parallel Aware": false,"Async Capable": false,"Join Type": "Inner","Startup Cost": 249.58,"Total Cost": 133581.65,"Plan Rows": 19990,"Plan Width": 34,"Actual Startup Time": 4.481,"Actual Total Time": 353.409,"Actual Rows": 30900,"Actual Loops": 5,"Inner Unique": false,"Hash Cond": "(l1.l_suppkey = supplier.s_suppkey)","Workers": [],"Plans": [{"Node Type": "Seq Scan","Parent Relationship": "Outer","Parallel Aware": true,"Async Capable": false,"Relation Name": "lineitem","Alias": "l1","Startup Cost": 0.00,"Total Cost": 131256.80,"Plan Rows": 500101,"Plan Width": 8,"Actual Startup Time": 0.029,"Actual Total Time": 301.270,"Actual Rows": 758659,"Actual Loops": 5,"Filter": "(l_receiptdate > l_commitdate)","Rows Removed by Filter": 441584,"Workers": []},{"Node Type": "Hash","Parent Relationship": "Inner","Parallel Aware": false,"Async Capable": false,"Startup Cost": 244.58,"Total Cost": 244.58,"Plan Rows": 400,"Plan Width": 30,"Actual Startup Time": 4.105,"Actual Total Time": 4.114,"Actual Rows": 406,"Actual Loops": 5,"Hash Buckets": 1024,"Original Hash Buckets": 1024,"Hash Batches": 1,"Original Hash Batches": 1,"Peak Memory Usage": 34,"Workers": [],"Plans": [{"Node Type": "Nested Loop","Parent Relationship": "Outer","Parallel Aware": false,"Async Capable": false,"Join Type": "Inner","Startup Cost": 7.38,"Total Cost": 244.58,"Plan Rows": 400,"Plan Width": 30,"Actual Startup Time": 0.252,"Actual Total Time": 3.975,"Actual Rows": 406,"Actual Loops": 5,"Inner Unique": false,"Workers": [],"Plans": [{"Node Type": "Seq Scan","Parent Relationship": "Outer","Parallel Aware": false,"Async Capable": false,"Relation Name": "nation","Alias": "nation","Startup Cost": 0.00,"Total Cost": 1.31,"Plan Rows": 1,"Plan Width": 4,"Actual Startup Time": 0.055,"Actual Total Time": 0.058,"Actual Rows": 1,"Actual Loops": 5,"Filter": "(n_name = 'MOZAMBIQUE'::bpchar)","Rows Removed by Filter": 24,"Workers": []},{"Node Type": "Bitmap Heap Scan","Parent Relationship": "Inner","Parallel Aware": false,"Async Capable": false,"Relation Name": "supplier","Alias": "supplier","Startup Cost": 7.38,"Total Cost": 239.27,"Plan Rows": 400,"Plan Width": 34,"Actual Startup Time": 0.193,"Actual Total Time": 3.854,"Actual Rows": 406,"Actual Loops": 5,"Recheck Cond": "(s_nationkey = nation.n_nationkey)","Rows Removed by Index Recheck": 0,"Exact Heap Blocks": 186,"Lossy Heap Blocks": 0,"Workers": [],"Plans": [{"Node Type": "Bitmap Index Scan","Parent Relationship": "Outer","Parallel Aware": false,"Async Capable": false,"Index Name": "idx_supplier_nation_key","Startup Cost": 0.00,"Total Cost": 7.29,"Plan Rows": 400,"Plan Width": 0,"Actual Startup Time": 0.125,"Actual Total Time": 0.126,"Actual Rows": 406,"Actual Loops": 5,"Index Cond": "(s_nationkey = nation.n_nationkey)","Workers": []}]}]}]}]},{"Node Type": "Index Scan","Parent Relationship": "Inner","Parallel Aware": false,"Async Capable": false,"Scan Direction": "Forward","Index Name": "idx_lineitem_orderkey","Relation Name": "lineitem","Alias": "l3","Startup Cost": 0.43,"Total Cost": 1.06,"Plan Rows": 6,"Plan Width": 8,"Actual Startup Time": 0.003,"Actual Total Time": 0.003,"Actual Rows": 1,"Actual Loops": 154501,"Index Cond": "(l_orderkey = l1.l_orderkey)","Rows Removed by Index Recheck": 0,"Filter": "((l_receiptdate > l_commitdate) AND (l_suppkey <> l1.l_suppkey))","Rows Removed by Filter": 1,"Workers": []}]}]},{"Node Type": "Index Scan","Parent Relationship": "Inner","Parallel Aware": false,"Async Capable": false,"Scan Direction": "Forward","Index Name": "idx_lineitem_orderkey","Relation Name": "lineitem","Alias": "l2","Startup Cost": 0.43,"Total Cost": 1.02,"Plan Rows": 17,"Plan Width": 8,"Actual Startup Time": 0.007,"Actual Total Time": 0.007,"Actual Rows": 1,"Actual Loops": 13791,"Index Cond": "(l_orderkey = l1.l_orderkey)","Rows Removed by Index Recheck": 0,"Filter": "(l_suppkey <> l1.l_suppkey)","Rows Removed by Filter": 1}]},{"Node Type": "Index Scan","Parent Relationship": "Inner","Parallel Aware": false,"Async Capable": false,"Scan Direction": "Forward","Index Name": "orders_pkey","Relation Name": "orders","Alias": "orders","Startup Cost": 0.43,"Total Cost": 0.51,"Plan Rows": 1,"Plan Width": 4,"Actual Startup Time": 0.008,"Actual Total Time": 0.008,"Actual Rows": 0,"Actual Loops": 8332,"Index Cond": "(o_orderkey = l1.l_orderkey)","Rows Removed by Index Recheck": 0,"Filter": "(o_orderstatus = 'F'::bpchar)","Rows Removed by Filter": 1}]}]}]}]},"Planning Time": 9.793,"Triggers": [],"Execution Time": 521.577}]
[{"Plan": {"Node Type": "Sort","Parallel Aware": false,"Async Capable": false,"Startup Cost": 147378.80,"Total Cost": 147378.81,"Plan Rows": 1,"Plan Width": 34,"Actual Startup Time": 500.228,"Actual Total Time": 519.082,"Actual Rows": 412,"Actual Loops": 1,"Sort Key": ["(count(*)) DESC", "supplier.s_name"],"Sort Method": "quicksort","Sort Space Used": 57,"Sort Space Type": "Memory","Plans": [{"Node Type": "Aggregate","Strategy": "Sorted","Partial Mode": "Simple","Parent Relationship": "Outer","Parallel Aware": false,"Async Capable": false,"Startup Cost": 147378.77,"Total Cost": 147378.79,"Plan Rows": 1,"Plan Width": 34,"Actual Startup Time": 498.981,"Actual Total Time": 518.359,"Actual Rows": 412,"Actual Loops": 1,"Group Key": ["supplier.s_name"],"Plans": [{"Node Type": "Sort","Parent Relationship": "Outer","Parallel Aware": false,"Async Capable": false,"Startup Cost": 147378.77,"Total Cost": 147378.78,"Plan Rows": 1,"Plan Width": 26,"Actual Startup Time": 498.949,"Actual Total Time": 517.928,"Actual Rows": 4030,"Actual Loops": 1,"Sort Key": ["supplier.s_name"],"Sort Method": "quicksort","Sort Space Used": 380,"Sort Space Type": "Memory","Plans": [{"Node Type": "Nested Loop","Parent Relationship": "Outer","Parallel Aware": false,"Async Capable": false,"Join Type": "Inner","Startup Cost": 1250.87,"Total Cost": 147378.76,"Plan Rows": 1,"Plan Width": 26,"Actual Startup Time": 4.020,"Actual Total Time": 506.052,"Actual Rows": 4030,"Actual Loops": 1,"Inner Unique": true,"Plans": [{"Node Type": "Nested Loop","Parent Relationship": "Outer","Parallel Aware": false,"Async Capable": false,"Join Type": "Semi","Startup Cost": 1250.44,"Total Cost": 147378.26,"Plan Rows": 1,"Plan Width": 34,"Actual Startup Time": 3.993,"Actual Total Time": 443.011,"Actual Rows": 8146,"Actual Loops": 1,"Inner Unique": false,"Plans": [{"Node Type": "Gather","Parent Relationship": "Outer","Parallel Aware": false,"Async Capable": false,"Startup Cost": 1250.01,"Total Cost": 147377.22,"Plan Rows": 1,"Plan Width": 34,"Actual Startup Time": 3.980,"Actual Total Time": 336.738,"Actual Rows": 13748,"Actual Loops": 1,"Workers Planned": 4,"Workers Launched": 4,"Single Copy": false,"Plans": [{"Node Type": "Nested Loop","Parent Relationship": "Outer","Parallel Aware": false,"Async Capable": false,"Join Type": "Anti","Startup Cost": 250.01,"Total Cost": 146377.12,"Plan Rows": 1,"Plan Width": 34,"Actual Startup Time": 4.569,"Actual Total Time": 441.712,"Actual Rows": 2750,"Actual Loops": 5,"Inner Unique": false,"Workers": [],"Plans": [{"Node Type": "Hash Join","Parent Relationship": "Outer","Parallel Aware": false,"Async Capable": false,"Join Type": "Inner","Startup Cost": 249.58,"Total Cost": 133581.65,"Plan Rows": 19990,"Plan Width": 34,"Actual Startup Time": 4.262,"Actual Total Time": 350.942,"Actual Rows": 31209,"Actual Loops": 5,"Inner Unique": false,"Hash Cond": "(l1.l_suppkey = supplier.s_suppkey)","Workers": [],"Plans": [{"Node Type": "Seq Scan","Parent Relationship": "Outer","Parallel Aware": true,"Async Capable": false,"Relation Name": "lineitem","Alias": "l1","Startup Cost": 0.00,"Total Cost": 131256.80,"Plan Rows": 500101,"Plan Width": 8,"Actual Startup Time": 0.026,"Actual Total Time": 299.296,"Actual Rows": 758659,"Actual Loops": 5,"Filter": "(l_receiptdate > l_commitdate)","Rows Removed by Filter": 441584,"Workers": []},{"Node Type": "Hash","Parent Relationship": "Inner","Parallel Aware": false,"Async Capable": false,"Startup Cost": 244.58,"Total Cost": 244.58,"Plan Rows": 400,"Plan Width": 30,"Actual Startup Time": 3.907,"Actual Total Time": 3.918,"Actual Rows": 412,"Actual Loops": 5,"Hash Buckets": 1024,"Original Hash Buckets": 1024,"Hash Batches": 1,"Original Hash Batches": 1,"Peak Memory Usage": 34,"Workers": [],"Plans": [{"Node Type": "Nested Loop","Parent Relationship": "Outer","Parallel Aware": false,"Async Capable": false,"Join Type": "Inner","Startup Cost": 7.38,"Total Cost": 244.58,"Plan Rows": 400,"Plan Width": 30,"Actual Startup Time": 0.286,"Actual Total Time": 3.756,"Actual Rows": 412,"Actual Loops": 5,"Inner Unique": false,"Workers": [],"Plans": [{"Node Type": "Seq Scan","Parent Relationship": "Outer","Parallel Aware": false,"Async Capable": false,"Relation Name": "nation","Alias": "nation","Startup Cost": 0.00,"Total Cost": 1.31,"Plan Rows": 1,"Plan Width": 4,"Actual Startup Time": 0.059,"Actual Total Time": 0.064,"Actual Rows": 1,"Actual Loops": 5,"Filter": "(n_name = 'CANADA'::bpchar)","Rows Removed by Filter": 24,"Workers": []},{"Node Type": "Bitmap Heap Scan","Parent Relationship": "Inner","Parallel Aware": false,"Async Capable": false,"Relation Name": "supplier","Alias": "supplier","Startup Cost": 7.38,"Total Cost": 239.27,"Plan Rows": 400,"Plan Width": 34,"Actual Startup Time": 0.222,"Actual Total Time": 3.623,"Actual Rows": 412,"Actual Loops": 5,"Recheck Cond": "(s_nationkey = nation.n_nationkey)","Rows Removed by Index Recheck": 0,"Exact Heap Blocks": 189,"Lossy Heap Blocks": 0,"Workers": [],"Plans": [{"Node Type": "Bitmap Index Scan","Parent Relationship": "Outer","Parallel Aware": false,"Async Capable": false,"Index Name": "idx_supplier_nation_key","Startup Cost": 0.00,"Total Cost": 7.29,"Plan Rows": 400,"Plan Width": 0,"Actual Startup Time": 0.144,"Actual Total Time": 0.145,"Actual Rows": 412,"Actual Loops": 5,"Index Cond": "(s_nationkey = nation.n_nationkey)","Workers": []}]}]}]}]},{"Node Type": "Index Scan","Parent Relationship": "Inner","Parallel Aware": false,"Async Capable": false,"Scan Direction": "Forward","Index Name": "idx_lineitem_orderkey","Relation Name": "lineitem","Alias": "l3","Startup Cost": 0.43,"Total Cost": 1.06,"Plan Rows": 6,"Plan Width": 8,"Actual Startup Time": 0.003,"Actual Total Time": 0.003,"Actual Rows": 1,"Actual Loops": 156047,"Index Cond": "(l_orderkey = l1.l_orderkey)","Rows Removed by Index Recheck": 0,"Filter": "((l_receiptdate > l_commitdate) AND (l_suppkey <> l1.l_suppkey))","Rows Removed by Filter": 1,"Workers": []}]}]},{"Node Type": "Index Scan","Parent Relationship": "Inner","Parallel Aware": false,"Async Capable": false,"Scan Direction": "Forward","Index Name": "idx_lineitem_orderkey","Relation Name": "lineitem","Alias": "l2","Startup Cost": 0.43,"Total Cost": 1.02,"Plan Rows": 17,"Plan Width": 8,"Actual Startup Time": 0.007,"Actual Total Time": 0.007,"Actual Rows": 1,"Actual Loops": 13748,"Index Cond": "(l_orderkey = l1.l_orderkey)","Rows Removed by Index Recheck": 0,"Filter": "(l_suppkey <> l1.l_suppkey)","Rows Removed by Filter": 1}]},{"Node Type": "Index Scan","Parent Relationship": "Inner","Parallel Aware": false,"Async Capable": false,"Scan Direction": "Forward","Index Name": "orders_pkey","Relation Name": "orders","Alias": "orders","Startup Cost": 0.43,"Total Cost": 0.51,"Plan Rows": 1,"Plan Width": 4,"Actual Startup Time": 0.007,"Actual Total Time": 0.007,"Actual Rows": 0,"Actual Loops": 8146,"Index Cond": "(o_orderkey = l1.l_orderkey)","Rows Removed by Index Recheck": 0,"Filter": "(o_orderstatus = 'F'::bpchar)","Rows Removed by Filter": 1}]}]}]}]},"Planning Time": 9.689,"Triggers": [],"Execution Time": 519.513}]
[{"Plan": {"Node Type": "Sort","Parallel Aware": false,"Async Capable": false,"Startup Cost": 147378.80,"Total Cost": 147378.81,"Plan Rows": 1,"Plan Width": 34,"Actual Startup Time": 503.423,"Actual Total Time": 521.004,"Actual Rows": 406,"Actual Loops": 1,"Sort Key": ["(count(*)) DESC", "supplier.s_name"],"Sort Method": "quicksort","Sort Space Used": 56,"Sort Space Type": "Memory","Plans": [{"Node Type": "Aggregate","Strategy": "Sorted","Partial Mode": "Simple","Parent Relationship": "Outer","Parallel Aware": false,"Async Capable": false,"Startup Cost": 147378.77,"Total Cost": 147378.79,"Plan Rows": 1,"Plan Width": 34,"Actual Startup Time": 502.176,"Actual Total Time": 520.280,"Actual Rows": 406,"Actual Loops": 1,"Group Key": ["supplier.s_name"],"Plans": [{"Node Type": "Sort","Parent Relationship": "Outer","Parallel Aware": false,"Async Capable": false,"Startup Cost": 147378.77,"Total Cost": 147378.78,"Plan Rows": 1,"Plan Width": 26,"Actual Startup Time": 502.147,"Actual Total Time": 519.852,"Actual Rows": 4052,"Actual Loops": 1,"Sort Key": ["supplier.s_name"],"Sort Method": "quicksort","Sort Space Used": 381,"Sort Space Type": "Memory","Plans": [{"Node Type": "Nested Loop","Parent Relationship": "Outer","Parallel Aware": false,"Async Capable": false,"Join Type": "Inner","Startup Cost": 1250.87,"Total Cost": 147378.76,"Plan Rows": 1,"Plan Width": 26,"Actual Startup Time": 4.486,"Actual Total Time": 508.290,"Actual Rows": 4052,"Actual Loops": 1,"Inner Unique": true,"Plans": [{"Node Type": "Nested Loop","Parent Relationship": "Outer","Parallel Aware": false,"Async Capable": false,"Join Type": "Semi","Startup Cost": 1250.44,"Total Cost": 147378.26,"Plan Rows": 1,"Plan Width": 34,"Actual Startup Time": 4.452,"Actual Total Time": 441.127,"Actual Rows": 8332,"Actual Loops": 1,"Inner Unique": false,"Plans": [{"Node Type": "Gather","Parent Relationship": "Outer","Parallel Aware": false,"Async Capable": false,"Startup Cost": 1250.01,"Total Cost": 147377.22,"Plan Rows": 1,"Plan Width": 34,"Actual Startup Time": 4.440,"Actual Total Time": 331.994,"Actual Rows": 13791,"Actual Loops": 1,"Workers Planned": 4,"Workers Launched": 4,"Single Copy": false,"Plans": [{"Node Type": "Nested Loop","Parent Relationship": "Outer","Parallel Aware": false,"Async Capable": false,"Join Type": "Anti","Startup Cost": 250.01,"Total Cost": 146377.12,"Plan Rows": 1,"Plan Width": 34,"Actual Startup Time": 4.624,"Actual Total Time": 442.937,"Actual Rows": 2758,"Actual Loops": 5,"Inner Unique": false,"Workers": [],"Plans": [{"Node Type": "Hash Join","Parent Relationship": "Outer","Parallel Aware": false,"Async Capable": false,"Join Type": "Inner","Startup Cost": 249.58,"Total Cost": 133581.65,"Plan Rows": 19990,"Plan Width": 34,"Actual Startup Time": 4.481,"Actual Total Time": 353.409,"Actual Rows": 30900,"Actual Loops": 5,"Inner Unique": false,"Hash Cond": "(l1.l_suppkey = supplier.s_suppkey)","Workers": [],"Plans": [{"Node Type": "Seq Scan","Parent Relationship": "Outer","Parallel Aware": true,"Async Capable": false,"Relation Name": "lineitem","Alias": "l1","Startup Cost": 0.00,"Total Cost": 131256.80,"Plan Rows": 500101,"Plan Width": 8,"Actual Startup Time": 0.029,"Actual Total Time": 301.270,"Actual Rows": 758659,"Actual Loops": 5,"Filter": "(l_receiptdate > l_commitdate)","Rows Removed by Filter": 441584,"Workers": []},{"Node Type": "Hash","Parent Relationship": "Inner","Parallel Aware": false,"Async Capable": false,"Startup Cost": 244.58,"Total Cost": 244.58,"Plan Rows": 400,"Plan Width": 30,"Actual Startup Time": 4.105,"Actual Total Time": 4.114,"Actual Rows": 406,"Actual Loops": 5,"Hash Buckets": 1024,"Original Hash Buckets": 1024,"Hash Batches": 1,"Original Hash Batches": 1,"Peak Memory Usage": 34,"Workers": [],"Plans": [{"Node Type": "Nested Loop","Parent Relationship": "Outer","Parallel Aware": false,"Async Capable": false,"Join Type": "Inner","Startup Cost": 7.38,"Total Cost": 244.58,"Plan Rows": 400,"Plan Width": 30,"Actual Startup Time": 0.252,"Actual Total Time": 3.975,"Actual Rows": 406,"Actual Loops": 5,"Inner Unique": false,"Workers": [],"Plans": [{"Node Type": "Seq Scan","Parent Relationship": "Outer","Parallel Aware": false,"Async Capable": false,"Relation Name": "nation","Alias": "nation","Startup Cost": 0.00,"Total Cost": 1.31,"Plan Rows": 1,"Plan Width": 4,"Actual Startup Time": 0.055,"Actual Total Time": 0.058,"Actual Rows": 1,"Actual Loops": 5,"Filter": "(n_name = 'MOZAMBIQUE'::bpchar)","Rows Removed by Filter": 24,"Workers": []},{"Node Type": "Bitmap Heap Scan","Parent Relationship": "Inner","Parallel Aware": false,"Async Capable": false,"Relation Name": "supplier","Alias": "supplier","Startup Cost": 7.38,"Total Cost": 239.27,"Plan Rows": 400,"Plan Width": 34,"Actual Startup Time": 0.193,"Actual Total Time": 3.854,"Actual Rows": 406,"Actual Loops": 5,"Recheck Cond": "(s_nationkey = nation.n_nationkey)","Rows Removed by Index Recheck": 0,"Exact Heap Blocks": 186,"Lossy Heap Blocks": 0,"Workers": [],"Plans": [{"Node Type": "Bitmap Index Scan","Parent Relationship": "Outer","Parallel Aware": false,"Async Capable": false,"Index Name": "idx_supplier_nation_key","Startup Cost": 0.00,"Total Cost": 7.29,"Plan Rows": 400,"Plan Width": 0,"Actual Startup Time": 0.125,"Actual Total Time": 0.126,"Actual Rows": 406,"Actual Loops": 5,"Index Cond": "(s_nationkey = nation.n_nationkey)","Workers": []}]}]}]}]},{"Node Type": "Index Scan","Parent Relationship": "Inner","Parallel Aware": false,"Async Capable": false,"Scan Direction": "Forward","Index Name": "idx_lineitem_orderkey","Relation Name": "lineitem","Alias": "l3","Startup Cost": 0.43,"Total Cost": 1.06,"Plan Rows": 6,"Plan Width": 8,"Actual Startup Time": 0.003,"Actual Total Time": 0.003,"Actual Rows": 1,"Actual Loops": 154501,"Index Cond": "(l_orderkey = l1.l_orderkey)","Rows Removed by Index Recheck": 0,"Filter": "((l_receiptdate > l_commitdate) AND (l_suppkey <> l1.l_suppkey))","Rows Removed by Filter": 1,"Workers": []}]}]},{"Node Type": "Index Scan","Parent Relationship": "Inner","Parallel Aware": false,"Async Capable": false,"Scan Direction": "Forward","Index Name": "idx_lineitem_orderkey","Relation Name": "lineitem","Alias": "l2","Startup Cost": 0.43,"Total Cost": 1.02,"Plan Rows": 17,"Plan Width": 8,"Actual Startup Time": 0.007,"Actual Total Time": 0.007,"Actual Rows": 1,"Actual Loops": 13791,"Index Cond": "(l_orderkey = l1.l_orderkey)","Rows Removed by Index Recheck": 0,"Filter": "(l_suppkey <> l1.l_suppkey)","Rows Removed by Filter": 1}]},{"Node Type": "Index Scan","Parent Relationship": "Inner","Parallel Aware": false,"Async Capable": false,"Scan Direction": "Forward","Index Name": "orders_pkey","Relation Name": "orders","Alias": "orders","Startup Cost": 0.43,"Total Cost": 0.51,"Plan Rows": 1,"Plan Width": 4,"Actual Startup Time": 0.008,"Actual Total Time": 0.008,"Actual Rows": 0,"Actual Loops": 8332,"Index Cond": "(o_orderkey = l1.l_orderkey)","Rows Removed by Index Recheck": 0,"Filter": "(o_orderstatus = 'F'::bpchar)","Rows Removed by Filter": 1}]}]}]}]},"Planning Time": 9.793,"Triggers": [],"Execution Time": 521.577}]
[{"Plan": {"Node Type": "Sort","Parallel Aware": false,"Async Capable": false,"Startup Cost": 147378.80,"Total Cost": 147378.81,"Plan Rows": 1,"Plan Width": 34,"Actual Startup Time": 510.910,"Actual Total Time": 530.461,"Actual Rows": 420,"Actual Loops": 1,"Sort Key": ["(count(*)) DESC", "supplier.s_name"],"Sort Method": "quicksort","Sort Space Used": 57,"Sort Space Type": "Memory","Plans": [{"Node Type": "Aggregate","Strategy": "Sorted","Partial Mode": "Simple","Parent Relationship": "Outer","Parallel Aware": false,"Async Capable": false,"Startup Cost": 147378.77,"Total Cost": 147378.79,"Plan Rows": 1,"Plan Width": 34,"Actual Startup Time": 509.613,"Actual Total Time": 529.683,"Actual Rows": 420,"Actual Loops": 1,"Group Key": ["supplier.s_name"],"Plans": [{"Node Type": "Sort","Parent Relationship": "Outer","Parallel Aware": false,"Async Capable": false,"Startup Cost": 147378.77,"Total Cost": 147378.78,"Plan Rows": 1,"Plan Width": 26,"Actual Startup Time": 509.594,"Actual Total Time": 529.267,"Actual Rows": 4090,"Actual Loops": 1,"Sort Key": ["supplier.s_name"],"Sort Method": "quicksort","Sort Space Used": 384,"Sort Space Type": "Memory","Plans": [{"Node Type": "Nested Loop","Parent Relationship": "Outer","Parallel Aware": false,"Async Capable": false,"Join Type": "Inner","Startup Cost": 1250.87,"Total Cost": 147378.76,"Plan Rows": 1,"Plan Width": 26,"Actual Startup Time": 4.580,"Actual Total Time": 518.201,"Actual Rows": 4090,"Actual Loops": 1,"Inner Unique": true,"Plans": [{"Node Type": "Nested Loop","Parent Relationship": "Outer","Parallel Aware": false,"Async Capable": false,"Join Type": "Semi","Startup Cost": 1250.44,"Total Cost": 147378.26,"Plan Rows": 1,"Plan Width": 34,"Actual Startup Time": 4.545,"Actual Total Time": 454.390,"Actual Rows": 8430,"Actual Loops": 1,"Inner Unique": false,"Plans": [{"Node Type": "Gather","Parent Relationship": "Outer","Parallel Aware": false,"Async Capable": false,"Startup Cost": 1250.01,"Total Cost": 147377.22,"Plan Rows": 1,"Plan Width": 34,"Actual Startup Time": 4.342,"Actual Total Time": 344.810,"Actual Rows": 14089,"Actual Loops": 1,"Workers Planned": 4,"Workers Launched": 4,"Single Copy": false,"Plans": [{"Node Type": "Nested Loop","Parent Relationship": "Outer","Parallel Aware": false,"Async Capable": false,"Join Type": "Anti","Startup Cost": 250.01,"Total Cost": 146377.12,"Plan Rows": 1,"Plan Width": 34,"Actual Startup Time": 5.491,"Actual Total Time": 451.438,"Actual Rows": 2818,"Actual Loops": 5,"Inner Unique": false,"Workers": [],"Plans": [{"Node Type": "Hash Join","Parent Relationship": "Outer","Parallel Aware": false,"Async Capable": false,"Join Type": "Inner","Startup Cost": 249.58,"Total Cost": 133581.65,"Plan Rows": 19990,"Plan Width": 34,"Actual Startup Time": 5.196,"Actual Total Time": 357.512,"Actual Rows": 31960,"Actual Loops": 5,"Inner Unique": false,"Hash Cond": "(l1.l_suppkey = supplier.s_suppkey)","Workers": [],"Plans": [{"Node Type": "Seq Scan","Parent Relationship": "Outer","Parallel Aware": true,"Async Capable": false,"Relation Name": "lineitem","Alias": "l1","Startup Cost": 0.00,"Total Cost": 131256.80,"Plan Rows": 500101,"Plan Width": 8,"Actual Startup Time": 0.027,"Actual Total Time": 305.923,"Actual Rows": 758659,"Actual Loops": 5,"Filter": "(l_receiptdate > l_commitdate)","Rows Removed by Filter": 441584,"Workers": []},{"Node Type": "Hash","Parent Relationship": "Inner","Parallel Aware": false,"Async Capable": false,"Startup Cost": 244.58,"Total Cost": 244.58,"Plan Rows": 400,"Plan Width": 30,"Actual Startup Time": 4.831,"Actual Total Time": 4.844,"Actual Rows": 420,"Actual Loops": 5,"Hash Buckets": 1024,"Original Hash Buckets": 1024,"Hash Batches": 1,"Original Hash Batches": 1,"Peak Memory Usage": 35,"Workers": [],"Plans": [{"Node Type": "Nested Loop","Parent Relationship": "Outer","Parallel Aware": false,"Async Capable": false,"Join Type": "Inner","Startup Cost": 7.38,"Total Cost": 244.58,"Plan Rows": 400,"Plan Width": 30,"Actual Startup Time": 0.275,"Actual Total Time": 4.655,"Actual Rows": 420,"Actual Loops": 5,"Inner Unique": false,"Workers": [],"Plans": [{"Node Type": "Seq Scan","Parent Relationship": "Outer","Parallel Aware": false,"Async Capable": false,"Relation Name": "nation","Alias": "nation","Startup Cost": 0.00,"Total Cost": 1.31,"Plan Rows": 1,"Plan Width": 4,"Actual Startup Time": 0.047,"Actual Total Time": 0.057,"Actual Rows": 1,"Actual Loops": 5,"Filter": "(n_name = 'ALGERIA'::bpchar)","Rows Removed by Filter": 24,"Workers": []},{"Node Type": "Bitmap Heap Scan","Parent Relationship": "Inner","Parallel Aware": false,"Async Capable": false,"Relation Name": "supplier","Alias": "supplier","Startup Cost": 7.38,"Total Cost": 239.27,"Plan Rows": 400,"Plan Width": 34,"Actual Startup Time": 0.222,"Actual Total Time": 4.505,"Actual Rows": 420,"Actual Loops": 5,"Recheck Cond": "(s_nationkey = nation.n_nationkey)","Rows Removed by Index Recheck": 0,"Exact Heap Blocks": 197,"Lossy Heap Blocks": 0,"Workers": [],"Plans": [{"Node Type": "Bitmap Index Scan","Parent Relationship": "Outer","Parallel Aware": false,"Async Capable": false,"Index Name": "idx_supplier_nation_key","Startup Cost": 0.00,"Total Cost": 7.29,"Plan Rows": 400,"Plan Width": 0,"Actual Startup Time": 0.137,"Actual Total Time": 0.140,"Actual Rows": 420,"Actual Loops": 5,"Index Cond": "(s_nationkey = nation.n_nationkey)","Workers": []}]}]}]}]},{"Node Type": "Index Scan","Parent Relationship": "Inner","Parallel Aware": false,"Async Capable": false,"Scan Direction": "Forward","Index Name": "idx_lineitem_orderkey","Relation Name": "lineitem","Alias": "l3","Startup Cost": 0.43,"Total Cost": 1.06,"Plan Rows": 6,"Plan Width": 8,"Actual Startup Time": 0.003,"Actual Total Time": 0.003,"Actual Rows": 1,"Actual Loops": 159800,"Index Cond": "(l_orderkey = l1.l_orderkey)","Rows Removed by Index Recheck": 0,"Filter": "((l_receiptdate > l_commitdate) AND (l_suppkey <> l1.l_suppkey))","Rows Removed by Filter": 1,"Workers": []}]}]},{"Node Type": "Index Scan","Parent Relationship": "Inner","Parallel Aware": false,"Async Capable": false,"Scan Direction": "Forward","Index Name": "idx_lineitem_orderkey","Relation Name": "lineitem","Alias": "l2","Startup Cost": 0.43,"Total Cost": 1.02,"Plan Rows": 17,"Plan Width": 8,"Actual Startup Time": 0.007,"Actual Total Time": 0.007,"Actual Rows": 1,"Actual Loops": 14089,"Index Cond": "(l_orderkey = l1.l_orderkey)","Rows Removed by Index Recheck": 0,"Filter": "(l_suppkey <> l1.l_suppkey)","Rows Removed by Filter": 1}]},{"Node Type": "Index Scan","Parent Relationship": "Inner","Parallel Aware": false,"Async Capable": false,"Scan Direction": "Forward","Index Name": "orders_pkey","Relation Name": "orders","Alias": "orders","Startup Cost": 0.43,"Total Cost": 0.51,"Plan Rows": 1,"Plan Width": 4,"Actual Startup Time": 0.007,"Actual Total Time": 0.007,"Actual Rows": 0,"Actual Loops": 8430,"Index Cond": "(o_orderkey = l1.l_orderkey)","Rows Removed by Index Recheck": 0,"Filter": "(o_orderstatus = 'F'::bpchar)","Rows Removed by Filter": 1}]}]}]}]},"Planning Time": 9.770,"Triggers": [],"Execution Time": 531.084}]
[{"Plan": {"Node Type": "Sort","Parallel Aware": false,"Async Capable": false,"Startup Cost": 147378.80,"Total Cost": 147378.81,"Plan Rows": 1,"Plan Width": 34,"Actual Startup Time": 512.736,"Actual Total Time": 529.210,"Actual Rows": 438,"Actual Loops": 1,"Sort Key": ["(count(*)) DESC", "supplier.s_name"],"Sort Method": "quicksort","Sort Space Used": 59,"Sort Space Type": "Memory","Plans": [{"Node Type": "Aggregate","Strategy": "Sorted","Partial Mode": "Simple","Parent Relationship": "Outer","Parallel Aware": false,"Async Capable": false,"Startup Cost": 147378.77,"Total Cost": 147378.79,"Plan Rows": 1,"Plan Width": 34,"Actual Startup Time": 511.404,"Actual Total Time": 528.425,"Actual Rows": 438,"Actual Loops": 1,"Group Key": ["supplier.s_name"],"Plans": [{"Node Type": "Sort","Parent Relationship": "Outer","Parallel Aware": false,"Async Capable": false,"Startup Cost": 147378.77,"Total Cost": 147378.78,"Plan Rows": 1,"Plan Width": 26,"Actual Startup Time": 511.372,"Actual Total Time": 527.974,"Actual Rows": 4210,"Actual Loops": 1,"Sort Key": ["supplier.s_name"],"Sort Method": "quicksort","Sort Space Used": 489,"Sort Space Type": "Memory","Plans": [{"Node Type": "Nested Loop","Parent Relationship": "Outer","Parallel Aware": false,"Async Capable": false,"Join Type": "Inner","Startup Cost": 1250.87,"Total Cost": 147378.76,"Plan Rows": 1,"Plan Width": 26,"Actual Startup Time": 5.368,"Actual Total Time": 515.358,"Actual Rows": 4210,"Actual Loops": 1,"Inner Unique": true,"Plans": [{"Node Type": "Nested Loop","Parent Relationship": "Outer","Parallel Aware": false,"Async Capable": false,"Join Type": "Semi","Startup Cost": 1250.44,"Total Cost": 147378.26,"Plan Rows": 1,"Plan Width": 34,"Actual Startup Time": 5.330,"Actual Total Time": 447.041,"Actual Rows": 8778,"Actual Loops": 1,"Inner Unique": false,"Plans": [{"Node Type": "Gather","Parent Relationship": "Outer","Parallel Aware": false,"Async Capable": false,"Startup Cost": 1250.01,"Total Cost": 147377.22,"Plan Rows": 1,"Plan Width": 34,"Actual Startup Time": 5.278,"Actual Total Time": 329.789,"Actual Rows": 14669,"Actual Loops": 1,"Workers Planned": 4,"Workers Launched": 4,"Single Copy": false,"Plans": [{"Node Type": "Nested Loop","Parent Relationship": "Outer","Parallel Aware": false,"Async Capable": false,"Join Type": "Anti","Startup Cost": 250.01,"Total Cost": 146377.12,"Plan Rows": 1,"Plan Width": 34,"Actual Startup Time": 5.105,"Actual Total Time": 449.554,"Actual Rows": 2934,"Actual Loops": 5,"Inner Unique": false,"Workers": [],"Plans": [{"Node Type": "Hash Join","Parent Relationship": "Outer","Parallel Aware": false,"Async Capable": false,"Join Type": "Inner","Startup Cost": 249.58,"Total Cost": 133581.65,"Plan Rows": 19990,"Plan Width": 34,"Actual Startup Time": 4.734,"Actual Total Time": 354.759,"Actual Rows": 33108,"Actual Loops": 5,"Inner Unique": false,"Hash Cond": "(l1.l_suppkey = supplier.s_suppkey)","Workers": [],"Plans": [{"Node Type": "Seq Scan","Parent Relationship": "Outer","Parallel Aware": true,"Async Capable": false,"Relation Name": "lineitem","Alias": "l1","Startup Cost": 0.00,"Total Cost": 131256.80,"Plan Rows": 500101,"Plan Width": 8,"Actual Startup Time": 0.025,"Actual Total Time": 303.070,"Actual Rows": 758659,"Actual Loops": 5,"Filter": "(l_receiptdate > l_commitdate)","Rows Removed by Filter": 441584,"Workers": []},{"Node Type": "Hash","Parent Relationship": "Inner","Parallel Aware": false,"Async Capable": false,"Startup Cost": 244.58,"Total Cost": 244.58,"Plan Rows": 400,"Plan Width": 30,"Actual Startup Time": 4.446,"Actual Total Time": 4.454,"Actual Rows": 438,"Actual Loops": 5,"Hash Buckets": 1024,"Original Hash Buckets": 1024,"Hash Batches": 1,"Original Hash Batches": 1,"Peak Memory Usage": 36,"Workers": [],"Plans": [{"Node Type": "Nested Loop","Parent Relationship": "Outer","Parallel Aware": false,"Async Capable": false,"Join Type": "Inner","Startup Cost": 7.38,"Total Cost": 244.58,"Plan Rows": 400,"Plan Width": 30,"Actual Startup Time": 0.266,"Actual Total Time": 4.290,"Actual Rows": 438,"Actual Loops": 5,"Inner Unique": false,"Workers": [],"Plans": [{"Node Type": "Seq Scan","Parent Relationship": "Outer","Parallel Aware": false,"Async Capable": false,"Relation Name": "nation","Alias": "nation","Startup Cost": 0.00,"Total Cost": 1.31,"Plan Rows": 1,"Plan Width": 4,"Actual Startup Time": 0.058,"Actual Total Time": 0.064,"Actual Rows": 1,"Actual Loops": 5,"Filter": "(n_name = 'IRAQ'::bpchar)","Rows Removed by Filter": 24,"Workers": []},{"Node Type": "Bitmap Heap Scan","Parent Relationship": "Inner","Parallel Aware": false,"Async Capable": false,"Relation Name": "supplier","Alias": "supplier","Startup Cost": 7.38,"Total Cost": 239.27,"Plan Rows": 400,"Plan Width": 34,"Actual Startup Time": 0.204,"Actual Total Time": 4.151,"Actual Rows": 438,"Actual Loops": 5,"Recheck Cond": "(s_nationkey = nation.n_nationkey)","Rows Removed by Index Recheck": 0,"Exact Heap Blocks": 194,"Lossy Heap Blocks": 0,"Workers": [],"Plans": [{"Node Type": "Bitmap Index Scan","Parent Relationship": "Outer","Parallel Aware": false,"Async Capable": false,"Index Name": "idx_supplier_nation_key","Startup Cost": 0.00,"Total Cost": 7.29,"Plan Rows": 400,"Plan Width": 0,"Actual Startup Time": 0.139,"Actual Total Time": 0.140,"Actual Rows": 438,"Actual Loops": 5,"Index Cond": "(s_nationkey = nation.n_nationkey)","Workers": []}]}]}]}]},{"Node Type": "Index Scan","Parent Relationship": "Inner","Parallel Aware": false,"Async Capable": false,"Scan Direction": "Forward","Index Name": "idx_lineitem_orderkey","Relation Name": "lineitem","Alias": "l3","Startup Cost": 0.43,"Total Cost": 1.06,"Plan Rows": 6,"Plan Width": 8,"Actual Startup Time": 0.003,"Actual Total Time": 0.003,"Actual Rows": 1,"Actual Loops": 165540,"Index Cond": "(l_orderkey = l1.l_orderkey)","Rows Removed by Index Recheck": 0,"Filter": "((l_receiptdate > l_commitdate) AND (l_suppkey <> l1.l_suppkey))","Rows Removed by Filter": 1,"Workers": []}]}]},{"Node Type": "Index Scan","Parent Relationship": "Inner","Parallel Aware": false,"Async Capable": false,"Scan Direction": "Forward","Index Name": "idx_lineitem_orderkey","Relation Name": "lineitem","Alias": "l2","Startup Cost": 0.43,"Total Cost": 1.02,"Plan Rows": 17,"Plan Width": 8,"Actual Startup Time": 0.007,"Actual Total Time": 0.007,"Actual Rows": 1,"Actual Loops": 14669,"Index Cond": "(l_orderkey = l1.l_orderkey)","Rows Removed by Index Recheck": 0,"Filter": "(l_suppkey <> l1.l_suppkey)","Rows Removed by Filter": 1}]},{"Node Type": "Index Scan","Parent Relationship": "Inner","Parallel Aware": false,"Async Capable": false,"Scan Direction": "Forward","Index Name": "orders_pkey","Relation Name": "orders","Alias": "orders","Startup Cost": 0.43,"Total Cost": 0.51,"Plan Rows": 1,"Plan Width": 4,"Actual Startup Time": 0.008,"Actual Total Time": 0.008,"Actual Rows": 0,"Actual Loops": 8778,"Index Cond": "(o_orderkey = l1.l_orderkey)","Rows Removed by Index Recheck": 0,"Filter": "(o_orderstatus = 'F'::bpchar)","Rows Removed by Filter": 1}]}]}]}]},"Planning Time": 9.762,"Triggers": [],"Execution Time": 529.872}]
[{"Plan": {"Node Type": "Sort","Parallel Aware": false,"Async Capable": false,"Startup Cost": 147378.80,"Total Cost": 147378.81,"Plan Rows": 1,"Plan Width": 34,"Actual Startup Time": 499.004,"Actual Total Time": 520.055,"Actual Rows": 399,"Actual Loops": 1,"Sort Key": ["(count(*)) DESC", "supplier.s_name"],"Sort Method": "quicksort","Sort Space Used": 56,"Sort Space Type": "Memory","Plans": [{"Node Type": "Aggregate","Strategy": "Sorted","Partial Mode": "Simple","Parent Relationship": "Outer","Parallel Aware": false,"Async Capable": false,"Startup Cost": 147378.77,"Total Cost": 147378.79,"Plan Rows": 1,"Plan Width": 34,"Actual Startup Time": 497.768,"Actual Total Time": 519.326,"Actual Rows": 399,"Actual Loops": 1,"Group Key": ["supplier.s_name"],"Plans": [{"Node Type": "Sort","Parent Relationship": "Outer","Parallel Aware": false,"Async Capable": false,"Startup Cost": 147378.77,"Total Cost": 147378.78,"Plan Rows": 1,"Plan Width": 26,"Actual Startup Time": 497.754,"Actual Total Time": 518.925,"Actual Rows": 3901,"Actual Loops": 1,"Sort Key": ["supplier.s_name"],"Sort Method": "quicksort","Sort Space Used": 371,"Sort Space Type": "Memory","Plans": [{"Node Type": "Nested Loop","Parent Relationship": "Outer","Parallel Aware": false,"Async Capable": false,"Join Type": "Inner","Startup Cost": 1250.87,"Total Cost": 147378.76,"Plan Rows": 1,"Plan Width": 26,"Actual Startup Time": 5.425,"Actual Total Time": 507.475,"Actual Rows": 3901,"Actual Loops": 1,"Inner Unique": true,"Plans": [{"Node Type": "Nested Loop","Parent Relationship": "Outer","Parallel Aware": false,"Async Capable": false,"Join Type": "Semi","Startup Cost": 1250.44,"Total Cost": 147378.26,"Plan Rows": 1,"Plan Width": 34,"Actual Startup Time": 5.049,"Actual Total Time": 443.858,"Actual Rows": 7909,"Actual Loops": 1,"Inner Unique": false,"Plans": [{"Node Type": "Gather","Parent Relationship": "Outer","Parallel Aware": false,"Async Capable": false,"Startup Cost": 1250.01,"Total Cost": 147377.22,"Plan Rows": 1,"Plan Width": 34,"Actual Startup Time": 4.716,"Actual Total Time": 337.054,"Actual Rows": 13313,"Actual Loops": 1,"Workers Planned": 4,"Workers Launched": 4,"Single Copy": false,"Plans": [{"Node Type": "Nested Loop","Parent Relationship": "Outer","Parallel Aware": false,"Async Capable": false,"Join Type": "Anti","Startup Cost": 250.01,"Total Cost": 146377.12,"Plan Rows": 1,"Plan Width": 34,"Actual Startup Time": 4.762,"Actual Total Time": 442.169,"Actual Rows": 2663,"Actual Loops": 5,"Inner Unique": false,"Workers": [],"Plans": [{"Node Type": "Hash Join","Parent Relationship": "Outer","Parallel Aware": false,"Async Capable": false,"Join Type": "Inner","Startup Cost": 249.58,"Total Cost": 133581.65,"Plan Rows": 19990,"Plan Width": 34,"Actual Startup Time": 4.517,"Actual Total Time": 353.941,"Actual Rows": 30247,"Actual Loops": 5,"Inner Unique": false,"Hash Cond": "(l1.l_suppkey = supplier.s_suppkey)","Workers": [],"Plans": [{"Node Type": "Seq Scan","Parent Relationship": "Outer","Parallel Aware": true,"Async Capable": false,"Relation Name": "lineitem","Alias": "l1","Startup Cost": 0.00,"Total Cost": 131256.80,"Plan Rows": 500101,"Plan Width": 8,"Actual Startup Time": 0.021,"Actual Total Time": 302.084,"Actual Rows": 758659,"Actual Loops": 5,"Filter": "(l_receiptdate > l_commitdate)","Rows Removed by Filter": 441584,"Workers": []},{"Node Type": "Hash","Parent Relationship": "Inner","Parallel Aware": false,"Async Capable": false,"Startup Cost": 244.58,"Total Cost": 244.58,"Plan Rows": 400,"Plan Width": 30,"Actual Startup Time": 4.286,"Actual Total Time": 4.296,"Actual Rows": 399,"Actual Loops": 5,"Hash Buckets": 1024,"Original Hash Buckets": 1024,"Hash Batches": 1,"Original Hash Batches": 1,"Peak Memory Usage": 33,"Workers": [],"Plans": [{"Node Type": "Nested Loop","Parent Relationship": "Outer","Parallel Aware": false,"Async Capable": false,"Join Type": "Inner","Startup Cost": 7.38,"Total Cost": 244.58,"Plan Rows": 400,"Plan Width": 30,"Actual Startup Time": 0.243,"Actual Total Time": 4.128,"Actual Rows": 399,"Actual Loops": 5,"Inner Unique": false,"Workers": [],"Plans": [{"Node Type": "Seq Scan","Parent Relationship": "Outer","Parallel Aware": false,"Async Capable": false,"Relation Name": "nation","Alias": "nation","Startup Cost": 0.00,"Total Cost": 1.31,"Plan Rows": 1,"Plan Width": 4,"Actual Startup Time": 0.049,"Actual Total Time": 0.051,"Actual Rows": 1,"Actual Loops": 5,"Filter": "(n_name = 'VIETNAM'::bpchar)","Rows Removed by Filter": 24,"Workers": []},{"Node Type": "Bitmap Heap Scan","Parent Relationship": "Inner","Parallel Aware": false,"Async Capable": false,"Relation Name": "supplier","Alias": "supplier","Startup Cost": 7.38,"Total Cost": 239.27,"Plan Rows": 400,"Plan Width": 34,"Actual Startup Time": 0.189,"Actual Total Time": 4.007,"Actual Rows": 399,"Actual Loops": 5,"Recheck Cond": "(s_nationkey = nation.n_nationkey)","Rows Removed by Index Recheck": 0,"Exact Heap Blocks": 191,"Lossy Heap Blocks": 0,"Workers": [],"Plans": [{"Node Type": "Bitmap Index Scan","Parent Relationship": "Outer","Parallel Aware": false,"Async Capable": false,"Index Name": "idx_supplier_nation_key","Startup Cost": 0.00,"Total Cost": 7.29,"Plan Rows": 400,"Plan Width": 0,"Actual Startup Time": 0.123,"Actual Total Time": 0.125,"Actual Rows": 399,"Actual Loops": 5,"Index Cond": "(s_nationkey = nation.n_nationkey)","Workers": []}]}]}]}]},{"Node Type": "Index Scan","Parent Relationship": "Inner","Parallel Aware": false,"Async Capable": false,"Scan Direction": "Forward","Index Name": "idx_lineitem_orderkey","Relation Name": "lineitem","Alias": "l3","Startup Cost": 0.43,"Total Cost": 1.06,"Plan Rows": 6,"Plan Width": 8,"Actual Startup Time": 0.003,"Actual Total Time": 0.003,"Actual Rows": 1,"Actual Loops": 151237,"Index Cond": "(l_orderkey = l1.l_orderkey)","Rows Removed by Index Recheck": 0,"Filter": "((l_receiptdate > l_commitdate) AND (l_suppkey <> l1.l_suppkey))","Rows Removed by Filter": 1,"Workers": []}]}]},{"Node Type": "Index Scan","Parent Relationship": "Inner","Parallel Aware": false,"Async Capable": false,"Scan Direction": "Forward","Index Name": "idx_lineitem_orderkey","Relation Name": "lineitem","Alias": "l2","Startup Cost": 0.43,"Total Cost": 1.02,"Plan Rows": 17,"Plan Width": 8,"Actual Startup Time": 0.008,"Actual Total Time": 0.008,"Actual Rows": 1,"Actual Loops": 13313,"Index Cond": "(l_orderkey = l1.l_orderkey)","Rows Removed by Index Recheck": 0,"Filter": "(l_suppkey <> l1.l_suppkey)","Rows Removed by Filter": 1}]},{"Node Type": "Index Scan","Parent Relationship": "Inner","Parallel Aware": false,"Async Capable": false,"Scan Direction": "Forward","Index Name": "orders_pkey","Relation Name": "orders","Alias": "orders","Startup Cost": 0.43,"Total Cost": 0.51,"Plan Rows": 1,"Plan Width": 4,"Actual Startup Time": 0.008,"Actual Total Time": 0.008,"Actual Rows": 0,"Actual Loops": 7909,"Index Cond": "(o_orderkey = l1.l_orderkey)","Rows Removed by Index Recheck": 0,"Filter": "(o_orderstatus = 'F'::bpchar)","Rows Removed by Filter": 1}]}]}]}]},"Planning Time": 9.630,"Triggers": [],"Execution Time": 520.585}]
[{"Plan": {"Node Type": "Sort","Parallel Aware": false,"Async Capable": false,"Startup Cost": 147378.80,"Total Cost": 147378.81,"Plan Rows": 1,"Plan Width": 34,"Actual Startup Time": 492.880,"Actual Total Time": 511.387,"Actual Rows": 377,"Actual Loops": 1,"Sort Key": ["(count(*)) DESC", "supplier.s_name"],"Sort Method": "quicksort","Sort Space Used": 54,"Sort Space Type": "Memory","Plans": [{"Node Type": "Aggregate","Strategy": "Sorted","Partial Mode": "Simple","Parent Relationship": "Outer","Parallel Aware": false,"Async Capable": false,"Startup Cost": 147378.77,"Total Cost": 147378.79,"Plan Rows": 1,"Plan Width": 34,"Actual Startup Time": 491.719,"Actual Total Time": 510.711,"Actual Rows": 377,"Actual Loops": 1,"Group Key": ["supplier.s_name"],"Plans": [{"Node Type": "Sort","Parent Relationship": "Outer","Parallel Aware": false,"Async Capable": false,"Startup Cost": 147378.77,"Total Cost": 147378.78,"Plan Rows": 1,"Plan Width": 26,"Actual Startup Time": 491.689,"Actual Total Time": 510.309,"Actual Rows": 3707,"Actual Loops": 1,"Sort Key": ["supplier.s_name"],"Sort Method": "quicksort","Sort Space Used": 357,"Sort Space Type": "Memory","Plans": [{"Node Type": "Nested Loop","Parent Relationship": "Outer","Parallel Aware": false,"Async Capable": false,"Join Type": "Inner","Startup Cost": 1250.87,"Total Cost": 147378.76,"Plan Rows": 1,"Plan Width": 26,"Actual Startup Time": 4.620,"Actual Total Time": 499.542,"Actual Rows": 3707,"Actual Loops": 1,"Inner Unique": true,"Plans": [{"Node Type": "Nested Loop","Parent Relationship": "Outer","Parallel Aware": false,"Async Capable": false,"Join Type": "Semi","Startup Cost": 1250.44,"Total Cost": 147378.26,"Plan Rows": 1,"Plan Width": 34,"Actual Startup Time": 4.581,"Actual Total Time": 437.361,"Actual Rows": 7590,"Actual Loops": 1,"Inner Unique": false,"Plans": [{"Node Type": "Gather","Parent Relationship": "Outer","Parallel Aware": false,"Async Capable": false,"Startup Cost": 1250.01,"Total Cost": 147377.22,"Plan Rows": 1,"Plan Width": 34,"Actual Startup Time": 4.430,"Actual Total Time": 334.305,"Actual Rows": 12724,"Actual Loops": 1,"Workers Planned": 4,"Workers Launched": 4,"Single Copy": false,"Plans": [{"Node Type": "Nested Loop","Parent Relationship": "Outer","Parallel Aware": false,"Async Capable": false,"Join Type": "Anti","Startup Cost": 250.01,"Total Cost": 146377.12,"Plan Rows": 1,"Plan Width": 34,"Actual Startup Time": 5.283,"Actual Total Time": 435.218,"Actual Rows": 2545,"Actual Loops": 5,"Inner Unique": false,"Workers": [],"Plans": [{"Node Type": "Hash Join","Parent Relationship": "Outer","Parallel Aware": false,"Async Capable": false,"Join Type": "Inner","Startup Cost": 249.58,"Total Cost": 133581.65,"Plan Rows": 19990,"Plan Width": 34,"Actual Startup Time": 4.967,"Actual Total Time": 350.606,"Actual Rows": 28669,"Actual Loops": 5,"Inner Unique": false,"Hash Cond": "(l1.l_suppkey = supplier.s_suppkey)","Workers": [],"Plans": [{"Node Type": "Seq Scan","Parent Relationship": "Outer","Parallel Aware": true,"Async Capable": false,"Relation Name": "lineitem","Alias": "l1","Startup Cost": 0.00,"Total Cost": 131256.80,"Plan Rows": 500101,"Plan Width": 8,"Actual Startup Time": 0.028,"Actual Total Time": 300.375,"Actual Rows": 758659,"Actual Loops": 5,"Filter": "(l_receiptdate > l_commitdate)","Rows Removed by Filter": 441584,"Workers": []},{"Node Type": "Hash","Parent Relationship": "Inner","Parallel Aware": false,"Async Capable": false,"Startup Cost": 244.58,"Total Cost": 244.58,"Plan Rows": 400,"Plan Width": 30,"Actual Startup Time": 4.611,"Actual Total Time": 4.626,"Actual Rows": 377,"Actual Loops": 5,"Hash Buckets": 1024,"Original Hash Buckets": 1024,"Hash Batches": 1,"Original Hash Batches": 1,"Peak Memory Usage": 32,"Workers": [],"Plans": [{"Node Type": "Nested Loop","Parent Relationship": "Outer","Parallel Aware": false,"Async Capable": false,"Join Type": "Inner","Startup Cost": 7.38,"Total Cost": 244.58,"Plan Rows": 400,"Plan Width": 30,"Actual Startup Time": 0.296,"Actual Total Time": 4.444,"Actual Rows": 377,"Actual Loops": 5,"Inner Unique": false,"Workers": [],"Plans": [{"Node Type": "Seq Scan","Parent Relationship": "Outer","Parallel Aware": false,"Async Capable": false,"Relation Name": "nation","Alias": "nation","Startup Cost": 0.00,"Total Cost": 1.31,"Plan Rows": 1,"Plan Width": 4,"Actual Startup Time": 0.056,"Actual Total Time": 0.065,"Actual Rows": 1,"Actual Loops": 5,"Filter": "(n_name = 'JAPAN'::bpchar)","Rows Removed by Filter": 24,"Workers": []},{"Node Type": "Bitmap Heap Scan","Parent Relationship": "Inner","Parallel Aware": false,"Async Capable": false,"Relation Name": "supplier","Alias": "supplier","Startup Cost": 7.38,"Total Cost": 239.27,"Plan Rows": 400,"Plan Width": 34,"Actual Startup Time": 0.234,"Actual Total Time": 4.286,"Actual Rows": 377,"Actual Loops": 5,"Recheck Cond": "(s_nationkey = nation.n_nationkey)","Rows Removed by Index Recheck": 0,"Exact Heap Blocks": 180,"Lossy Heap Blocks": 0,"Workers": [],"Plans": [{"Node Type": "Bitmap Index Scan","Parent Relationship": "Outer","Parallel Aware": false,"Async Capable": false,"Index Name": "idx_supplier_nation_key","Startup Cost": 0.00,"Total Cost": 7.29,"Plan Rows": 400,"Plan Width": 0,"Actual Startup Time": 0.148,"Actual Total Time": 0.149,"Actual Rows": 377,"Actual Loops": 5,"Index Cond": "(s_nationkey = nation.n_nationkey)","Workers": []}]}]}]}]},{"Node Type": "Index Scan","Parent Relationship": "Inner","Parallel Aware": false,"Async Capable": false,"Scan Direction": "Forward","Index Name": "idx_lineitem_orderkey","Relation Name": "lineitem","Alias": "l3","Startup Cost": 0.43,"Total Cost": 1.06,"Plan Rows": 6,"Plan Width": 8,"Actual Startup Time": 0.003,"Actual Total Time": 0.003,"Actual Rows": 1,"Actual Loops": 143344,"Index Cond": "(l_orderkey = l1.l_orderkey)","Rows Removed by Index Recheck": 0,"Filter": "((l_receiptdate > l_commitdate) AND (l_suppkey <> l1.l_suppkey))","Rows Removed by Filter": 1,"Workers": []}]}]},{"Node Type": "Index Scan","Parent Relationship": "Inner","Parallel Aware": false,"Async Capable": false,"Scan Direction": "Forward","Index Name": "idx_lineitem_orderkey","Relation Name": "lineitem","Alias": "l2","Startup Cost": 0.43,"Total Cost": 1.02,"Plan Rows": 17,"Plan Width": 8,"Actual Startup Time": 0.008,"Actual Total Time": 0.008,"Actual Rows": 1,"Actual Loops": 12724,"Index Cond": "(l_orderkey = l1.l_orderkey)","Rows Removed by Index Recheck": 0,"Filter": "(l_suppkey <> l1.l_suppkey)","Rows Removed by Filter": 1}]},{"Node Type": "Index Scan","Parent Relationship": "Inner","Parallel Aware": false,"Async Capable": false,"Scan Direction": "Forward","Index Name": "orders_pkey","Relation Name": "orders","Alias": "orders","Startup Cost": 0.43,"Total Cost": 0.51,"Plan Rows": 1,"Plan Width": 4,"Actual Startup Time": 0.008,"Actual Total Time": 0.008,"Actual Rows": 0,"Actual Loops": 7590,"Index Cond": "(o_orderkey = l1.l_orderkey)","Rows Removed by Index Recheck": 0,"Filter": "(o_orderstatus = 'F'::bpchar)","Rows Removed by Filter": 1}]}]}]}]},"Planning Time": 9.583,"Triggers": [],"Execution Time": 511.800}]
[{"Plan": {"Node Type": "Sort","Parallel Aware": false,"Async Capable": false,"Startup Cost": 147378.80,"Total Cost": 147378.81,"Plan Rows": 1,"Plan Width": 34,"Actual Startup Time": 501.304,"Actual Total Time": 522.071,"Actual Rows": 393,"Actual Loops": 1,"Sort Key": ["(count(*)) DESC", "supplier.s_name"],"Sort Method": "quicksort","Sort Space Used": 55,"Sort Space Type": "Memory","Plans": [{"Node Type": "Aggregate","Strategy": "Sorted","Partial Mode": "Simple","Parent Relationship": "Outer","Parallel Aware": false,"Async Capable": false,"Startup Cost": 147378.77,"Total Cost": 147378.79,"Plan Rows": 1,"Plan Width": 34,"Actual Startup Time": 500.141,"Actual Total Time": 521.406,"Actual Rows": 393,"Actual Loops": 1,"Group Key": ["supplier.s_name"],"Plans": [{"Node Type": "Sort","Parent Relationship": "Outer","Parallel Aware": false,"Async Capable": false,"Startup Cost": 147378.77,"Total Cost": 147378.78,"Plan Rows": 1,"Plan Width": 26,"Actual Startup Time": 500.117,"Actual Total Time": 521.005,"Actual Rows": 3888,"Actual Loops": 1,"Sort Key": ["supplier.s_name"],"Sort Method": "quicksort","Sort Space Used": 370,"Sort Space Type": "Memory","Plans": [{"Node Type": "Nested Loop","Parent Relationship": "Outer","Parallel Aware": false,"Async Capable": false,"Join Type": "Inner","Startup Cost": 1250.87,"Total Cost": 147378.76,"Plan Rows": 1,"Plan Width": 26,"Actual Startup Time": 4.419,"Actual Total Time": 510.533,"Actual Rows": 3888,"Actual Loops": 1,"Inner Unique": true,"Plans": [{"Node Type": "Nested Loop","Parent Relationship": "Outer","Parallel Aware": false,"Async Capable": false,"Join Type": "Semi","Startup Cost": 1250.44,"Total Cost": 147378.26,"Plan Rows": 1,"Plan Width": 34,"Actual Startup Time": 4.399,"Actual Total Time": 450.183,"Actual Rows": 7870,"Actual Loops": 1,"Inner Unique": false,"Plans": [{"Node Type": "Gather","Parent Relationship": "Outer","Parallel Aware": false,"Async Capable": false,"Startup Cost": 1250.01,"Total Cost": 147377.22,"Plan Rows": 1,"Plan Width": 34,"Actual Startup Time": 4.381,"Actual Total Time": 345.433,"Actual Rows": 13167,"Actual Loops": 1,"Workers Planned": 4,"Workers Launched": 4,"Single Copy": false,"Plans": [{"Node Type": "Nested Loop","Parent Relationship": "Outer","Parallel Aware": false,"Async Capable": false,"Join Type": "Anti","Startup Cost": 250.01,"Total Cost": 146377.12,"Plan Rows": 1,"Plan Width": 34,"Actual Startup Time": 4.384,"Actual Total Time": 444.967,"Actual Rows": 2633,"Actual Loops": 5,"Inner Unique": false,"Workers": [],"Plans": [{"Node Type": "Hash Join","Parent Relationship": "Outer","Parallel Aware": false,"Async Capable": false,"Join Type": "Inner","Startup Cost": 249.58,"Total Cost": 133581.65,"Plan Rows": 19990,"Plan Width": 34,"Actual Startup Time": 4.142,"Actual Total Time": 356.305,"Actual Rows": 29760,"Actual Loops": 5,"Inner Unique": false,"Hash Cond": "(l1.l_suppkey = supplier.s_suppkey)","Workers": [],"Plans": [{"Node Type": "Seq Scan","Parent Relationship": "Outer","Parallel Aware": true,"Async Capable": false,"Relation Name": "lineitem","Alias": "l1","Startup Cost": 0.00,"Total Cost": 131256.80,"Plan Rows": 500101,"Plan Width": 8,"Actual Startup Time": 0.027,"Actual Total Time": 306.242,"Actual Rows": 758659,"Actual Loops": 5,"Filter": "(l_receiptdate > l_commitdate)","Rows Removed by Filter": 441584,"Workers": []},{"Node Type": "Hash","Parent Relationship": "Inner","Parallel Aware": false,"Async Capable": false,"Startup Cost": 244.58,"Total Cost": 244.58,"Plan Rows": 400,"Plan Width": 30,"Actual Startup Time": 3.834,"Actual Total Time": 3.847,"Actual Rows": 393,"Actual Loops": 5,"Hash Buckets": 1024,"Original Hash Buckets": 1024,"Hash Batches": 1,"Original Hash Batches": 1,"Peak Memory Usage": 33,"Workers": [],"Plans": [{"Node Type": "Nested Loop","Parent Relationship": "Outer","Parallel Aware": false,"Async Capable": false,"Join Type": "Inner","Startup Cost": 7.38,"Total Cost": 244.58,"Plan Rows": 400,"Plan Width": 30,"Actual Startup Time": 0.244,"Actual Total Time": 3.695,"Actual Rows": 393,"Actual Loops": 5,"Inner Unique": false,"Workers": [],"Plans": [{"Node Type": "Seq Scan","Parent Relationship": "Outer","Parallel Aware": false,"Async Capable": false,"Relation Name": "nation","Alias": "nation","Startup Cost": 0.00,"Total Cost": 1.31,"Plan Rows": 1,"Plan Width": 4,"Actual Startup Time": 0.049,"Actual Total Time": 0.055,"Actual Rows": 1,"Actual Loops": 5,"Filter": "(n_name = 'IRAN'::bpchar)","Rows Removed by Filter": 24,"Workers": []},{"Node Type": "Bitmap Heap Scan","Parent Relationship": "Inner","Parallel Aware": false,"Async Capable": false,"Relation Name": "supplier","Alias": "supplier","Startup Cost": 7.38,"Total Cost": 239.27,"Plan Rows": 400,"Plan Width": 34,"Actual Startup Time": 0.188,"Actual Total Time": 3.562,"Actual Rows": 393,"Actual Loops": 5,"Recheck Cond": "(s_nationkey = nation.n_nationkey)","Rows Removed by Index Recheck": 0,"Exact Heap Blocks": 179,"Lossy Heap Blocks": 0,"Workers": [],"Plans": [{"Node Type": "Bitmap Index Scan","Parent Relationship": "Outer","Parallel Aware": false,"Async Capable": false,"Index Name": "idx_supplier_nation_key","Startup Cost": 0.00,"Total Cost": 7.29,"Plan Rows": 400,"Plan Width": 0,"Actual Startup Time": 0.116,"Actual Total Time": 0.118,"Actual Rows": 393,"Actual Loops": 5,"Index Cond": "(s_nationkey = nation.n_nationkey)","Workers": []}]}]}]}]},{"Node Type": "Index Scan","Parent Relationship": "Inner","Parallel Aware": false,"Async Capable": false,"Scan Direction": "Forward","Index Name": "idx_lineitem_orderkey","Relation Name": "lineitem","Alias": "l3","Startup Cost": 0.43,"Total Cost": 1.06,"Plan Rows": 6,"Plan Width": 8,"Actual Startup Time": 0.003,"Actual Total Time": 0.003,"Actual Rows": 1,"Actual Loops": 148802,"Index Cond": "(l_orderkey = l1.l_orderkey)","Rows Removed by Index Recheck": 0,"Filter": "((l_receiptdate > l_commitdate) AND (l_suppkey <> l1.l_suppkey))","Rows Removed by Filter": 1,"Workers": []}]}]},{"Node Type": "Index Scan","Parent Relationship": "Inner","Parallel Aware": false,"Async Capable": false,"Scan Direction": "Forward","Index Name": "idx_lineitem_orderkey","Relation Name": "lineitem","Alias": "l2","Startup Cost": 0.43,"Total Cost": 1.02,"Plan Rows": 17,"Plan Width": 8,"Actual Startup Time": 0.008,"Actual Total Time": 0.008,"Actual Rows": 1,"Actual Loops": 13167,"Index Cond": "(l_orderkey = l1.l_orderkey)","Rows Removed by Index Recheck": 0,"Filter": "(l_suppkey <> l1.l_suppkey)","Rows Removed by Filter": 1}]},{"Node Type": "Index Scan","Parent Relationship": "Inner","Parallel Aware": false,"Async Capable": false,"Scan Direction": "Forward","Index Name": "orders_pkey","Relation Name": "orders","Alias": "orders","Startup Cost": 0.43,"Total Cost": 0.51,"Plan Rows": 1,"Plan Width": 4,"Actual Startup Time": 0.007,"Actual Total Time": 0.007,"Actual Rows": 0,"Actual Loops": 7870,"Index Cond": "(o_orderkey = l1.l_orderkey)","Rows Removed by Index Recheck": 0,"Filter": "(o_orderstatus = 'F'::bpchar)","Rows Removed by Filter": 1}]}]}]}]},"Planning Time": 9.769,"Triggers": [],"Execution Time": 522.666}]
[{"Plan": {"Node Type": "Sort","Parallel Aware": false,"Async Capable": false,"Startup Cost": 147378.80,"Total Cost": 147378.81,"Plan Rows": 1,"Plan Width": 34,"Actual Startup Time": 511.931,"Actual Total Time": 527.174,"Actual Rows": 415,"Actual Loops": 1,"Sort Key": ["(count(*)) DESC", "supplier.s_name"],"Sort Method": "quicksort","Sort Space Used": 57,"Sort Space Type": "Memory","Plans": [{"Node Type": "Aggregate","Strategy": "Sorted","Partial Mode": "Simple","Parent Relationship": "Outer","Parallel Aware": false,"Async Capable": false,"Startup Cost": 147378.77,"Total Cost": 147378.79,"Plan Rows": 1,"Plan Width": 34,"Actual Startup Time": 510.675,"Actual Total Time": 526.442,"Actual Rows": 415,"Actual Loops": 1,"Group Key": ["supplier.s_name"],"Plans": [{"Node Type": "Sort","Parent Relationship": "Outer","Parallel Aware": false,"Async Capable": false,"Startup Cost": 147378.77,"Total Cost": 147378.78,"Plan Rows": 1,"Plan Width": 26,"Actual Startup Time": 510.644,"Actual Total Time": 526.012,"Actual Rows": 4112,"Actual Loops": 1,"Sort Key": ["supplier.s_name"],"Sort Method": "quicksort","Sort Space Used": 482,"Sort Space Type": "Memory","Plans": [{"Node Type": "Nested Loop","Parent Relationship": "Outer","Parallel Aware": false,"Async Capable": false,"Join Type": "Inner","Startup Cost": 1250.87,"Total Cost": 147378.76,"Plan Rows": 1,"Plan Width": 26,"Actual Startup Time": 4.482,"Actual Total Time": 514.049,"Actual Rows": 4112,"Actual Loops": 1,"Inner Unique": true,"Plans": [{"Node Type": "Nested Loop","Parent Relationship": "Outer","Parallel Aware": false,"Async Capable": false,"Join Type": "Semi","Startup Cost": 1250.44,"Total Cost": 147378.26,"Plan Rows": 1,"Plan Width": 34,"Actual Startup Time": 4.433,"Actual Total Time": 447.118,"Actual Rows": 8423,"Actual Loops": 1,"Inner Unique": false,"Plans": [{"Node Type": "Gather","Parent Relationship": "Outer","Parallel Aware": false,"Async Capable": false,"Startup Cost": 1250.01,"Total Cost": 147377.22,"Plan Rows": 1,"Plan Width": 34,"Actual Startup Time": 4.417,"Actual Total Time": 335.444,"Actual Rows": 14099,"Actual Loops": 1,"Workers Planned": 4,"Workers Launched": 4,"Single Copy": false,"Plans": [{"Node Type": "Nested Loop","Parent Relationship": "Outer","Parallel Aware": false,"Async Capable": false,"Join Type": "Anti","Startup Cost": 250.01,"Total Cost": 146377.12,"Plan Rows": 1,"Plan Width": 34,"Actual Startup Time": 5.494,"Actual Total Time": 449.293,"Actual Rows": 2820,"Actual Loops": 5,"Inner Unique": false,"Workers": [],"Plans": [{"Node Type": "Hash Join","Parent Relationship": "Outer","Parallel Aware": false,"Async Capable": false,"Join Type": "Inner","Startup Cost": 249.58,"Total Cost": 133581.65,"Plan Rows": 19990,"Plan Width": 34,"Actual Startup Time": 5.114,"Actual Total Time": 356.460,"Actual Rows": 31599,"Actual Loops": 5,"Inner Unique": false,"Hash Cond": "(l1.l_suppkey = supplier.s_suppkey)","Workers": [],"Plans": [{"Node Type": "Seq Scan","Parent Relationship": "Outer","Parallel Aware": true,"Async Capable": false,"Relation Name": "lineitem","Alias": "l1","Startup Cost": 0.00,"Total Cost": 131256.80,"Plan Rows": 500101,"Plan Width": 8,"Actual Startup Time": 0.028,"Actual Total Time": 305.044,"Actual Rows": 758659,"Actual Loops": 5,"Filter": "(l_receiptdate > l_commitdate)","Rows Removed by Filter": 441584,"Workers": []},{"Node Type": "Hash","Parent Relationship": "Inner","Parallel Aware": false,"Async Capable": false,"Startup Cost": 244.58,"Total Cost": 244.58,"Plan Rows": 400,"Plan Width": 30,"Actual Startup Time": 4.772,"Actual Total Time": 4.789,"Actual Rows": 415,"Actual Loops": 5,"Hash Buckets": 1024,"Original Hash Buckets": 1024,"Hash Batches": 1,"Original Hash Batches": 1,"Peak Memory Usage": 34,"Workers": [],"Plans": [{"Node Type": "Nested Loop","Parent Relationship": "Outer","Parallel Aware": false,"Async Capable": false,"Join Type": "Inner","Startup Cost": 7.38,"Total Cost": 244.58,"Plan Rows": 400,"Plan Width": 30,"Actual Startup Time": 0.307,"Actual Total Time": 4.608,"Actual Rows": 415,"Actual Loops": 5,"Inner Unique": false,"Workers": [],"Plans": [{"Node Type": "Seq Scan","Parent Relationship": "Outer","Parallel Aware": false,"Async Capable": false,"Relation Name": "nation","Alias": "nation","Startup Cost": 0.00,"Total Cost": 1.31,"Plan Rows": 1,"Plan Width": 4,"Actual Startup Time": 0.059,"Actual Total Time": 0.064,"Actual Rows": 1,"Actual Loops": 5,"Filter": "(n_name = 'EGYPT'::bpchar)","Rows Removed by Filter": 24,"Workers": []},{"Node Type": "Bitmap Heap Scan","Parent Relationship": "Inner","Parallel Aware": false,"Async Capable": false,"Relation Name": "supplier","Alias": "supplier","Startup Cost": 7.38,"Total Cost": 239.27,"Plan Rows": 400,"Plan Width": 34,"Actual Startup Time": 0.244,"Actual Total Time": 4.451,"Actual Rows": 415,"Actual Loops": 5,"Recheck Cond": "(s_nationkey = nation.n_nationkey)","Rows Removed by Index Recheck": 0,"Exact Heap Blocks": 183,"Lossy Heap Blocks": 0,"Workers": [],"Plans": [{"Node Type": "Bitmap Index Scan","Parent Relationship": "Outer","Parallel Aware": false,"Async Capable": false,"Index Name": "idx_supplier_nation_key","Startup Cost": 0.00,"Total Cost": 7.29,"Plan Rows": 400,"Plan Width": 0,"Actual Startup Time": 0.159,"Actual Total Time": 0.162,"Actual Rows": 415,"Actual Loops": 5,"Index Cond": "(s_nationkey = nation.n_nationkey)","Workers": []}]}]}]}]},{"Node Type": "Index Scan","Parent Relationship": "Inner","Parallel Aware": false,"Async Capable": false,"Scan Direction": "Forward","Index Name": "idx_lineitem_orderkey","Relation Name": "lineitem","Alias": "l3","Startup Cost": 0.43,"Total Cost": 1.06,"Plan Rows": 6,"Plan Width": 8,"Actual Startup Time": 0.003,"Actual Total Time": 0.003,"Actual Rows": 1,"Actual Loops": 157994,"Index Cond": "(l_orderkey = l1.l_orderkey)","Rows Removed by Index Recheck": 0,"Filter": "((l_receiptdate > l_commitdate) AND (l_suppkey <> l1.l_suppkey))","Rows Removed by Filter": 1,"Workers": []}]}]},{"Node Type": "Index Scan","Parent Relationship": "Inner","Parallel Aware": false,"Async Capable": false,"Scan Direction": "Forward","Index Name": "idx_lineitem_orderkey","Relation Name": "lineitem","Alias": "l2","Startup Cost": 0.43,"Total Cost": 1.02,"Plan Rows": 17,"Plan Width": 8,"Actual Startup Time": 0.007,"Actual Total Time": 0.007,"Actual Rows": 1,"Actual Loops": 14099,"Index Cond": "(l_orderkey = l1.l_orderkey)","Rows Removed by Index Recheck": 0,"Filter": "(l_suppkey <> l1.l_suppkey)","Rows Removed by Filter": 1}]},{"Node Type": "Index Scan","Parent Relationship": "Inner","Parallel Aware": false,"Async Capable": false,"Scan Direction": "Forward","Index Name": "orders_pkey","Relation Name": "orders","Alias": "orders","Startup Cost": 0.43,"Total Cost": 0.51,"Plan Rows": 1,"Plan Width": 4,"Actual Startup Time": 0.008,"Actual Total Time": 0.008,"Actual Rows": 0,"Actual Loops": 8423,"Index Cond": "(o_orderkey = l1.l_orderkey)","Rows Removed by Index Recheck": 0,"Filter": "(o_orderstatus = 'F'::bpchar)","Rows Removed by Filter": 1}]}]}]}]},"Planning Time": 8.195,"Triggers": [],"Execution Time": 527.804}]
[{"Plan": {"Node Type": "Sort","Parallel Aware": false,"Async Capable": false,"Startup Cost": 147378.80,"Total Cost": 147378.81,"Plan Rows": 1,"Plan Width": 34,"Actual Startup Time": 492.880,"Actual Total Time": 511.387,"Actual Rows": 377,"Actual Loops": 1,"Sort Key": ["(count(*)) DESC", "supplier.s_name"],"Sort Method": "quicksort","Sort Space Used": 54,"Sort Space Type": "Memory","Plans": [{"Node Type": "Aggregate","Strategy": "Sorted","Partial Mode": "Simple","Parent Relationship": "Outer","Parallel Aware": false,"Async Capable": false,"Startup Cost": 147378.77,"Total Cost": 147378.79,"Plan Rows": 1,"Plan Width": 34,"Actual Startup Time": 491.719,"Actual Total Time": 510.711,"Actual Rows": 377,"Actual Loops": 1,"Group Key": ["supplier.s_name"],"Plans": [{"Node Type": "Sort","Parent Relationship": "Outer","Parallel Aware": false,"Async Capable": false,"Startup Cost": 147378.77,"Total Cost": 147378.78,"Plan Rows": 1,"Plan Width": 26,"Actual Startup Time": 491.689,"Actual Total Time": 510.309,"Actual Rows": 3707,"Actual Loops": 1,"Sort Key": ["supplier.s_name"],"Sort Method": "quicksort","Sort Space Used": 357,"Sort Space Type": "Memory","Plans": [{"Node Type": "Nested Loop","Parent Relationship": "Outer","Parallel Aware": false,"Async Capable": false,"Join Type": "Inner","Startup Cost": 1250.87,"Total Cost": 147378.76,"Plan Rows": 1,"Plan Width": 26,"Actual Startup Time": 4.620,"Actual Total Time": 499.542,"Actual Rows": 3707,"Actual Loops": 1,"Inner Unique": true,"Plans": [{"Node Type": "Nested Loop","Parent Relationship": "Outer","Parallel Aware": false,"Async Capable": false,"Join Type": "Semi","Startup Cost": 1250.44,"Total Cost": 147378.26,"Plan Rows": 1,"Plan Width": 34,"Actual Startup Time": 4.581,"Actual Total Time": 437.361,"Actual Rows": 7590,"Actual Loops": 1,"Inner Unique": false,"Plans": [{"Node Type": "Gather","Parent Relationship": "Outer","Parallel Aware": false,"Async Capable": false,"Startup Cost": 1250.01,"Total Cost": 147377.22,"Plan Rows": 1,"Plan Width": 34,"Actual Startup Time": 4.430,"Actual Total Time": 334.305,"Actual Rows": 12724,"Actual Loops": 1,"Workers Planned": 4,"Workers Launched": 4,"Single Copy": false,"Plans": [{"Node Type": "Nested Loop","Parent Relationship": "Outer","Parallel Aware": false,"Async Capable": false,"Join Type": "Anti","Startup Cost": 250.01,"Total Cost": 146377.12,"Plan Rows": 1,"Plan Width": 34,"Actual Startup Time": 5.283,"Actual Total Time": 435.218,"Actual Rows": 2545,"Actual Loops": 5,"Inner Unique": false,"Workers": [],"Plans": [{"Node Type": "Hash Join","Parent Relationship": "Outer","Parallel Aware": false,"Async Capable": false,"Join Type": "Inner","Startup Cost": 249.58,"Total Cost": 133581.65,"Plan Rows": 19990,"Plan Width": 34,"Actual Startup Time": 4.967,"Actual Total Time": 350.606,"Actual Rows": 28669,"Actual Loops": 5,"Inner Unique": false,"Hash Cond": "(l1.l_suppkey = supplier.s_suppkey)","Workers": [],"Plans": [{"Node Type": "Seq Scan","Parent Relationship": "Outer","Parallel Aware": true,"Async Capable": false,"Relation Name": "lineitem","Alias": "l1","Startup Cost": 0.00,"Total Cost": 131256.80,"Plan Rows": 500101,"Plan Width": 8,"Actual Startup Time": 0.028,"Actual Total Time": 300.375,"Actual Rows": 758659,"Actual Loops": 5,"Filter": "(l_receiptdate > l_commitdate)","Rows Removed by Filter": 441584,"Workers": []},{"Node Type": "Hash","Parent Relationship": "Inner","Parallel Aware": false,"Async Capable": false,"Startup Cost": 244.58,"Total Cost": 244.58,"Plan Rows": 400,"Plan Width": 30,"Actual Startup Time": 4.611,"Actual Total Time": 4.626,"Actual Rows": 377,"Actual Loops": 5,"Hash Buckets": 1024,"Original Hash Buckets": 1024,"Hash Batches": 1,"Original Hash Batches": 1,"Peak Memory Usage": 32,"Workers": [],"Plans": [{"Node Type": "Nested Loop","Parent Relationship": "Outer","Parallel Aware": false,"Async Capable": false,"Join Type": "Inner","Startup Cost": 7.38,"Total Cost": 244.58,"Plan Rows": 400,"Plan Width": 30,"Actual Startup Time": 0.296,"Actual Total Time": 4.444,"Actual Rows": 377,"Actual Loops": 5,"Inner Unique": false,"Workers": [],"Plans": [{"Node Type": "Seq Scan","Parent Relationship": "Outer","Parallel Aware": false,"Async Capable": false,"Relation Name": "nation","Alias": "nation","Startup Cost": 0.00,"Total Cost": 1.31,"Plan Rows": 1,"Plan Width": 4,"Actual Startup Time": 0.056,"Actual Total Time": 0.065,"Actual Rows": 1,"Actual Loops": 5,"Filter": "(n_name = 'JAPAN'::bpchar)","Rows Removed by Filter": 24,"Workers": []},{"Node Type": "Bitmap Heap Scan","Parent Relationship": "Inner","Parallel Aware": false,"Async Capable": false,"Relation Name": "supplier","Alias": "supplier","Startup Cost": 7.38,"Total Cost": 239.27,"Plan Rows": 400,"Plan Width": 34,"Actual Startup Time": 0.234,"Actual Total Time": 4.286,"Actual Rows": 377,"Actual Loops": 5,"Recheck Cond": "(s_nationkey = nation.n_nationkey)","Rows Removed by Index Recheck": 0,"Exact Heap Blocks": 180,"Lossy Heap Blocks": 0,"Workers": [],"Plans": [{"Node Type": "Bitmap Index Scan","Parent Relationship": "Outer","Parallel Aware": false,"Async Capable": false,"Index Name": "idx_supplier_nation_key","Startup Cost": 0.00,"Total Cost": 7.29,"Plan Rows": 400,"Plan Width": 0,"Actual Startup Time": 0.148,"Actual Total Time": 0.149,"Actual Rows": 377,"Actual Loops": 5,"Index Cond": "(s_nationkey = nation.n_nationkey)","Workers": []}]}]}]}]},{"Node Type": "Index Scan","Parent Relationship": "Inner","Parallel Aware": false,"Async Capable": false,"Scan Direction": "Forward","Index Name": "idx_lineitem_orderkey","Relation Name": "lineitem","Alias": "l3","Startup Cost": 0.43,"Total Cost": 1.06,"Plan Rows": 6,"Plan Width": 8,"Actual Startup Time": 0.003,"Actual Total Time": 0.003,"Actual Rows": 1,"Actual Loops": 143344,"Index Cond": "(l_orderkey = l1.l_orderkey)","Rows Removed by Index Recheck": 0,"Filter": "((l_receiptdate > l_commitdate) AND (l_suppkey <> l1.l_suppkey))","Rows Removed by Filter": 1,"Workers": []}]}]},{"Node Type": "Index Scan","Parent Relationship": "Inner","Parallel Aware": false,"Async Capable": false,"Scan Direction": "Forward","Index Name": "idx_lineitem_orderkey","Relation Name": "lineitem","Alias": "l2","Startup Cost": 0.43,"Total Cost": 1.02,"Plan Rows": 17,"Plan Width": 8,"Actual Startup Time": 0.008,"Actual Total Time": 0.008,"Actual Rows": 1,"Actual Loops": 12724,"Index Cond": "(l_orderkey = l1.l_orderkey)","Rows Removed by Index Recheck": 0,"Filter": "(l_suppkey <> l1.l_suppkey)","Rows Removed by Filter": 1}]},{"Node Type": "Index Scan","Parent Relationship": "Inner","Parallel Aware": false,"Async Capable": false,"Scan Direction": "Forward","Index Name": "orders_pkey","Relation Name": "orders","Alias": "orders","Startup Cost": 0.43,"Total Cost": 0.51,"Plan Rows": 1,"Plan Width": 4,"Actual Startup Time": 0.008,"Actual Total Time": 0.008,"Actual Rows": 0,"Actual Loops": 7590,"Index Cond": "(o_orderkey = l1.l_orderkey)","Rows Removed by Index Recheck": 0,"Filter": "(o_orderstatus = 'F'::bpchar)","Rows Removed by Filter": 1}]}]}]}]},"Planning Time": 9.583,"Triggers": [],"Execution Time": 511.800}]
[{"Plan": {"Node Type": "Sort","Parallel Aware": false,"Async Capable": false,"Startup Cost": 147378.80,"Total Cost": 147378.81,"Plan Rows": 1,"Plan Width": 34,"Actual Startup Time": 494.346,"Actual Total Time": 515.587,"Actual Rows": 393,"Actual Loops": 1,"Sort Key": ["(count(*)) DESC", "supplier.s_name"],"Sort Method": "quicksort","Sort Space Used": 55,"Sort Space Type": "Memory","Plans": [{"Node Type": "Aggregate","Strategy": "Sorted","Partial Mode": "Simple","Parent Relationship": "Outer","Parallel Aware": false,"Async Capable": false,"Startup Cost": 147378.77,"Total Cost": 147378.79,"Plan Rows": 1,"Plan Width": 34,"Actual Startup Time": 493.176,"Actual Total Time": 514.919,"Actual Rows": 393,"Actual Loops": 1,"Group Key": ["supplier.s_name"],"Plans": [{"Node Type": "Sort","Parent Relationship": "Outer","Parallel Aware": false,"Async Capable": false,"Startup Cost": 147378.77,"Total Cost": 147378.78,"Plan Rows": 1,"Plan Width": 26,"Actual Startup Time": 493.153,"Actual Total Time": 514.517,"Actual Rows": 3918,"Actual Loops": 1,"Sort Key": ["supplier.s_name"],"Sort Method": "quicksort","Sort Space Used": 372,"Sort Space Type": "Memory","Plans": [{"Node Type": "Nested Loop","Parent Relationship": "Outer","Parallel Aware": false,"Async Capable": false,"Join Type": "Inner","Startup Cost": 1250.87,"Total Cost": 147378.76,"Plan Rows": 1,"Plan Width": 26,"Actual Startup Time": 5.562,"Actual Total Time": 503.525,"Actual Rows": 3918,"Actual Loops": 1,"Inner Unique": true,"Plans": [{"Node Type": "Nested Loop","Parent Relationship": "Outer","Parallel Aware": false,"Async Capable": false,"Join Type": "Semi","Startup Cost": 1250.44,"Total Cost": 147378.26,"Plan Rows": 1,"Plan Width": 34,"Actual Startup Time": 5.515,"Actual Total Time": 439.510,"Actual Rows": 8028,"Actual Loops": 1,"Inner Unique": false,"Plans": [{"Node Type": "Gather","Parent Relationship": "Outer","Parallel Aware": false,"Async Capable": false,"Startup Cost": 1250.01,"Total Cost": 147377.22,"Plan Rows": 1,"Plan Width": 34,"Actual Startup Time": 4.155,"Actual Total Time": 333.265,"Actual Rows": 13416,"Actual Loops": 1,"Workers Planned": 4,"Workers Launched": 4,"Single Copy": false,"Plans": [{"Node Type": "Nested Loop","Parent Relationship": "Outer","Parallel Aware": false,"Async Capable": false,"Join Type": "Anti","Startup Cost": 250.01,"Total Cost": 146377.12,"Plan Rows": 1,"Plan Width": 34,"Actual Startup Time": 4.167,"Actual Total Time": 438.104,"Actual Rows": 2683,"Actual Loops": 5,"Inner Unique": false,"Workers": [],"Plans": [{"Node Type": "Hash Join","Parent Relationship": "Outer","Parallel Aware": false,"Async Capable": false,"Join Type": "Inner","Startup Cost": 249.58,"Total Cost": 133581.65,"Plan Rows": 19990,"Plan Width": 34,"Actual Startup Time": 4.021,"Actual Total Time": 350.831,"Actual Rows": 29888,"Actual Loops": 5,"Inner Unique": false,"Hash Cond": "(l1.l_suppkey = supplier.s_suppkey)","Workers": [],"Plans": [{"Node Type": "Seq Scan","Parent Relationship": "Outer","Parallel Aware": true,"Async Capable": false,"Relation Name": "lineitem","Alias": "l1","Startup Cost": 0.00,"Total Cost": 131256.80,"Plan Rows": 500101,"Plan Width": 8,"Actual Startup Time": 0.026,"Actual Total Time": 301.034,"Actual Rows": 758659,"Actual Loops": 5,"Filter": "(l_receiptdate > l_commitdate)","Rows Removed by Filter": 441584,"Workers": []},{"Node Type": "Hash","Parent Relationship": "Inner","Parallel Aware": false,"Async Capable": false,"Startup Cost": 244.58,"Total Cost": 244.58,"Plan Rows": 400,"Plan Width": 30,"Actual Startup Time": 3.677,"Actual Total Time": 3.687,"Actual Rows": 393,"Actual Loops": 5,"Hash Buckets": 1024,"Original Hash Buckets": 1024,"Hash Batches": 1,"Original Hash Batches": 1,"Peak Memory Usage": 33,"Workers": [],"Plans": [{"Node Type": "Nested Loop","Parent Relationship": "Outer","Parallel Aware": false,"Async Capable": false,"Join Type": "Inner","Startup Cost": 7.38,"Total Cost": 244.58,"Plan Rows": 400,"Plan Width": 30,"Actual Startup Time": 0.289,"Actual Total Time": 3.533,"Actual Rows": 393,"Actual Loops": 5,"Inner Unique": false,"Workers": [],"Plans": [{"Node Type": "Seq Scan","Parent Relationship": "Outer","Parallel Aware": false,"Async Capable": false,"Relation Name": "nation","Alias": "nation","Startup Cost": 0.00,"Total Cost": 1.31,"Plan Rows": 1,"Plan Width": 4,"Actual Startup Time": 0.064,"Actual Total Time": 0.066,"Actual Rows": 1,"Actual Loops": 5,"Filter": "(n_name = 'UNITED STATES'::bpchar)","Rows Removed by Filter": 24,"Workers": []},{"Node Type": "Bitmap Heap Scan","Parent Relationship": "Inner","Parallel Aware": false,"Async Capable": false,"Relation Name": "supplier","Alias": "supplier","Startup Cost": 7.38,"Total Cost": 239.27,"Plan Rows": 400,"Plan Width": 34,"Actual Startup Time": 0.219,"Actual Total Time": 3.401,"Actual Rows": 393,"Actual Loops": 5,"Recheck Cond": "(s_nationkey = nation.n_nationkey)","Rows Removed by Index Recheck": 0,"Exact Heap Blocks": 181,"Lossy Heap Blocks": 0,"Workers": [],"Plans": [{"Node Type": "Bitmap Index Scan","Parent Relationship": "Outer","Parallel Aware": false,"Async Capable": false,"Index Name": "idx_supplier_nation_key","Startup Cost": 0.00,"Total Cost": 7.29,"Plan Rows": 400,"Plan Width": 0,"Actual Startup Time": 0.141,"Actual Total Time": 0.143,"Actual Rows": 393,"Actual Loops": 5,"Index Cond": "(s_nationkey = nation.n_nationkey)","Workers": []}]}]}]}]},{"Node Type": "Index Scan","Parent Relationship": "Inner","Parallel Aware": false,"Async Capable": false,"Scan Direction": "Forward","Index Name": "idx_lineitem_orderkey","Relation Name": "lineitem","Alias": "l3","Startup Cost": 0.43,"Total Cost": 1.06,"Plan Rows": 6,"Plan Width": 8,"Actual Startup Time": 0.003,"Actual Total Time": 0.003,"Actual Rows": 1,"Actual Loops": 149442,"Index Cond": "(l_orderkey = l1.l_orderkey)","Rows Removed by Index Recheck": 0,"Filter": "((l_receiptdate > l_commitdate) AND (l_suppkey <> l1.l_suppkey))","Rows Removed by Filter": 1,"Workers": []}]}]},{"Node Type": "Index Scan","Parent Relationship": "Inner","Parallel Aware": false,"Async Capable": false,"Scan Direction": "Forward","Index Name": "idx_lineitem_orderkey","Relation Name": "lineitem","Alias": "l2","Startup Cost": 0.43,"Total Cost": 1.02,"Plan Rows": 17,"Plan Width": 8,"Actual Startup Time": 0.007,"Actual Total Time": 0.007,"Actual Rows": 1,"Actual Loops": 13416,"Index Cond": "(l_orderkey = l1.l_orderkey)","Rows Removed by Index Recheck": 0,"Filter": "(l_suppkey <> l1.l_suppkey)","Rows Removed by Filter": 1}]},{"Node Type": "Index Scan","Parent Relationship": "Inner","Parallel Aware": false,"Async Capable": false,"Scan Direction": "Forward","Index Name": "orders_pkey","Relation Name": "orders","Alias": "orders","Startup Cost": 0.43,"Total Cost": 0.51,"Plan Rows": 1,"Plan Width": 4,"Actual Startup Time": 0.008,"Actual Total Time": 0.008,"Actual Rows": 0,"Actual Loops": 8028,"Index Cond": "(o_orderkey = l1.l_orderkey)","Rows Removed by Index Recheck": 0,"Filter": "(o_orderstatus = 'F'::bpchar)","Rows Removed by Filter": 1}]}]}]}]},"Planning Time": 9.767,"Triggers": [],"Execution Time": 516.024}]
[{"Plan": {"Node Type": "Sort","Parallel Aware": false,"Async Capable": false,"Startup Cost": 147378.80,"Total Cost": 147378.81,"Plan Rows": 1,"Plan Width": 34,"Actual Startup Time": 501.304,"Actual Total Time": 522.071,"Actual Rows": 393,"Actual Loops": 1,"Sort Key": ["(count(*)) DESC", "supplier.s_name"],"Sort Method": "quicksort","Sort Space Used": 55,"Sort Space Type": "Memory","Plans": [{"Node Type": "Aggregate","Strategy": "Sorted","Partial Mode": "Simple","Parent Relationship": "Outer","Parallel Aware": false,"Async Capable": false,"Startup Cost": 147378.77,"Total Cost": 147378.79,"Plan Rows": 1,"Plan Width": 34,"Actual Startup Time": 500.141,"Actual Total Time": 521.406,"Actual Rows": 393,"Actual Loops": 1,"Group Key": ["supplier.s_name"],"Plans": [{"Node Type": "Sort","Parent Relationship": "Outer","Parallel Aware": false,"Async Capable": false,"Startup Cost": 147378.77,"Total Cost": 147378.78,"Plan Rows": 1,"Plan Width": 26,"Actual Startup Time": 500.117,"Actual Total Time": 521.005,"Actual Rows": 3888,"Actual Loops": 1,"Sort Key": ["supplier.s_name"],"Sort Method": "quicksort","Sort Space Used": 370,"Sort Space Type": "Memory","Plans": [{"Node Type": "Nested Loop","Parent Relationship": "Outer","Parallel Aware": false,"Async Capable": false,"Join Type": "Inner","Startup Cost": 1250.87,"Total Cost": 147378.76,"Plan Rows": 1,"Plan Width": 26,"Actual Startup Time": 4.419,"Actual Total Time": 510.533,"Actual Rows": 3888,"Actual Loops": 1,"Inner Unique": true,"Plans": [{"Node Type": "Nested Loop","Parent Relationship": "Outer","Parallel Aware": false,"Async Capable": false,"Join Type": "Semi","Startup Cost": 1250.44,"Total Cost": 147378.26,"Plan Rows": 1,"Plan Width": 34,"Actual Startup Time": 4.399,"Actual Total Time": 450.183,"Actual Rows": 7870,"Actual Loops": 1,"Inner Unique": false,"Plans": [{"Node Type": "Gather","Parent Relationship": "Outer","Parallel Aware": false,"Async Capable": false,"Startup Cost": 1250.01,"Total Cost": 147377.22,"Plan Rows": 1,"Plan Width": 34,"Actual Startup Time": 4.381,"Actual Total Time": 345.433,"Actual Rows": 13167,"Actual Loops": 1,"Workers Planned": 4,"Workers Launched": 4,"Single Copy": false,"Plans": [{"Node Type": "Nested Loop","Parent Relationship": "Outer","Parallel Aware": false,"Async Capable": false,"Join Type": "Anti","Startup Cost": 250.01,"Total Cost": 146377.12,"Plan Rows": 1,"Plan Width": 34,"Actual Startup Time": 4.384,"Actual Total Time": 444.967,"Actual Rows": 2633,"Actual Loops": 5,"Inner Unique": false,"Workers": [],"Plans": [{"Node Type": "Hash Join","Parent Relationship": "Outer","Parallel Aware": false,"Async Capable": false,"Join Type": "Inner","Startup Cost": 249.58,"Total Cost": 133581.65,"Plan Rows": 19990,"Plan Width": 34,"Actual Startup Time": 4.142,"Actual Total Time": 356.305,"Actual Rows": 29760,"Actual Loops": 5,"Inner Unique": false,"Hash Cond": "(l1.l_suppkey = supplier.s_suppkey)","Workers": [],"Plans": [{"Node Type": "Seq Scan","Parent Relationship": "Outer","Parallel Aware": true,"Async Capable": false,"Relation Name": "lineitem","Alias": "l1","Startup Cost": 0.00,"Total Cost": 131256.80,"Plan Rows": 500101,"Plan Width": 8,"Actual Startup Time": 0.027,"Actual Total Time": 306.242,"Actual Rows": 758659,"Actual Loops": 5,"Filter": "(l_receiptdate > l_commitdate)","Rows Removed by Filter": 441584,"Workers": []},{"Node Type": "Hash","Parent Relationship": "Inner","Parallel Aware": false,"Async Capable": false,"Startup Cost": 244.58,"Total Cost": 244.58,"Plan Rows": 400,"Plan Width": 30,"Actual Startup Time": 3.834,"Actual Total Time": 3.847,"Actual Rows": 393,"Actual Loops": 5,"Hash Buckets": 1024,"Original Hash Buckets": 1024,"Hash Batches": 1,"Original Hash Batches": 1,"Peak Memory Usage": 33,"Workers": [],"Plans": [{"Node Type": "Nested Loop","Parent Relationship": "Outer","Parallel Aware": false,"Async Capable": false,"Join Type": "Inner","Startup Cost": 7.38,"Total Cost": 244.58,"Plan Rows": 400,"Plan Width": 30,"Actual Startup Time": 0.244,"Actual Total Time": 3.695,"Actual Rows": 393,"Actual Loops": 5,"Inner Unique": false,"Workers": [],"Plans": [{"Node Type": "Seq Scan","Parent Relationship": "Outer","Parallel Aware": false,"Async Capable": false,"Relation Name": "nation","Alias": "nation","Startup Cost": 0.00,"Total Cost": 1.31,"Plan Rows": 1,"Plan Width": 4,"Actual Startup Time": 0.049,"Actual Total Time": 0.055,"Actual Rows": 1,"Actual Loops": 5,"Filter": "(n_name = 'IRAN'::bpchar)","Rows Removed by Filter": 24,"Workers": []},{"Node Type": "Bitmap Heap Scan","Parent Relationship": "Inner","Parallel Aware": false,"Async Capable": false,"Relation Name": "supplier","Alias": "supplier","Startup Cost": 7.38,"Total Cost": 239.27,"Plan Rows": 400,"Plan Width": 34,"Actual Startup Time": 0.188,"Actual Total Time": 3.562,"Actual Rows": 393,"Actual Loops": 5,"Recheck Cond": "(s_nationkey = nation.n_nationkey)","Rows Removed by Index Recheck": 0,"Exact Heap Blocks": 179,"Lossy Heap Blocks": 0,"Workers": [],"Plans": [{"Node Type": "Bitmap Index Scan","Parent Relationship": "Outer","Parallel Aware": false,"Async Capable": false,"Index Name": "idx_supplier_nation_key","Startup Cost": 0.00,"Total Cost": 7.29,"Plan Rows": 400,"Plan Width": 0,"Actual Startup Time": 0.116,"Actual Total Time": 0.118,"Actual Rows": 393,"Actual Loops": 5,"Index Cond": "(s_nationkey = nation.n_nationkey)","Workers": []}]}]}]}]},{"Node Type": "Index Scan","Parent Relationship": "Inner","Parallel Aware": false,"Async Capable": false,"Scan Direction": "Forward","Index Name": "idx_lineitem_orderkey","Relation Name": "lineitem","Alias": "l3","Startup Cost": 0.43,"Total Cost": 1.06,"Plan Rows": 6,"Plan Width": 8,"Actual Startup Time": 0.003,"Actual Total Time": 0.003,"Actual Rows": 1,"Actual Loops": 148802,"Index Cond": "(l_orderkey = l1.l_orderkey)","Rows Removed by Index Recheck": 0,"Filter": "((l_receiptdate > l_commitdate) AND (l_suppkey <> l1.l_suppkey))","Rows Removed by Filter": 1,"Workers": []}]}]},{"Node Type": "Index Scan","Parent Relationship": "Inner","Parallel Aware": false,"Async Capable": false,"Scan Direction": "Forward","Index Name": "idx_lineitem_orderkey","Relation Name": "lineitem","Alias": "l2","Startup Cost": 0.43,"Total Cost": 1.02,"Plan Rows": 17,"Plan Width": 8,"Actual Startup Time": 0.008,"Actual Total Time": 0.008,"Actual Rows": 1,"Actual Loops": 13167,"Index Cond": "(l_orderkey = l1.l_orderkey)","Rows Removed by Index Recheck": 0,"Filter": "(l_suppkey <> l1.l_suppkey)","Rows Removed by Filter": 1}]},{"Node Type": "Index Scan","Parent Relationship": "Inner","Parallel Aware": false,"Async Capable": false,"Scan Direction": "Forward","Index Name": "orders_pkey","Relation Name": "orders","Alias": "orders","Startup Cost": 0.43,"Total Cost": 0.51,"Plan Rows": 1,"Plan Width": 4,"Actual Startup Time": 0.007,"Actual Total Time": 0.007,"Actual Rows": 0,"Actual Loops": 7870,"Index Cond": "(o_orderkey = l1.l_orderkey)","Rows Removed by Index Recheck": 0,"Filter": "(o_orderstatus = 'F'::bpchar)","Rows Removed by Filter": 1}]}]}]}]},"Planning Time": 9.769,"Triggers": [],"Execution Time": 522.666}]
[{"Plan": {"Node Type": "Sort","Parallel Aware": false,"Async Capable": false,"Startup Cost": 147378.80,"Total Cost": 147378.81,"Plan Rows": 1,"Plan Width": 34,"Actual Startup Time": 512.736,"Actual Total Time": 529.210,"Actual Rows": 438,"Actual Loops": 1,"Sort Key": ["(count(*)) DESC", "supplier.s_name"],"Sort Method": "quicksort","Sort Space Used": 59,"Sort Space Type": "Memory","Plans": [{"Node Type": "Aggregate","Strategy": "Sorted","Partial Mode": "Simple","Parent Relationship": "Outer","Parallel Aware": false,"Async Capable": false,"Startup Cost": 147378.77,"Total Cost": 147378.79,"Plan Rows": 1,"Plan Width": 34,"Actual Startup Time": 511.404,"Actual Total Time": 528.425,"Actual Rows": 438,"Actual Loops": 1,"Group Key": ["supplier.s_name"],"Plans": [{"Node Type": "Sort","Parent Relationship": "Outer","Parallel Aware": false,"Async Capable": false,"Startup Cost": 147378.77,"Total Cost": 147378.78,"Plan Rows": 1,"Plan Width": 26,"Actual Startup Time": 511.372,"Actual Total Time": 527.974,"Actual Rows": 4210,"Actual Loops": 1,"Sort Key": ["supplier.s_name"],"Sort Method": "quicksort","Sort Space Used": 489,"Sort Space Type": "Memory","Plans": [{"Node Type": "Nested Loop","Parent Relationship": "Outer","Parallel Aware": false,"Async Capable": false,"Join Type": "Inner","Startup Cost": 1250.87,"Total Cost": 147378.76,"Plan Rows": 1,"Plan Width": 26,"Actual Startup Time": 5.368,"Actual Total Time": 515.358,"Actual Rows": 4210,"Actual Loops": 1,"Inner Unique": true,"Plans": [{"Node Type": "Nested Loop","Parent Relationship": "Outer","Parallel Aware": false,"Async Capable": false,"Join Type": "Semi","Startup Cost": 1250.44,"Total Cost": 147378.26,"Plan Rows": 1,"Plan Width": 34,"Actual Startup Time": 5.330,"Actual Total Time": 447.041,"Actual Rows": 8778,"Actual Loops": 1,"Inner Unique": false,"Plans": [{"Node Type": "Gather","Parent Relationship": "Outer","Parallel Aware": false,"Async Capable": false,"Startup Cost": 1250.01,"Total Cost": 147377.22,"Plan Rows": 1,"Plan Width": 34,"Actual Startup Time": 5.278,"Actual Total Time": 329.789,"Actual Rows": 14669,"Actual Loops": 1,"Workers Planned": 4,"Workers Launched": 4,"Single Copy": false,"Plans": [{"Node Type": "Nested Loop","Parent Relationship": "Outer","Parallel Aware": false,"Async Capable": false,"Join Type": "Anti","Startup Cost": 250.01,"Total Cost": 146377.12,"Plan Rows": 1,"Plan Width": 34,"Actual Startup Time": 5.105,"Actual Total Time": 449.554,"Actual Rows": 2934,"Actual Loops": 5,"Inner Unique": false,"Workers": [],"Plans": [{"Node Type": "Hash Join","Parent Relationship": "Outer","Parallel Aware": false,"Async Capable": false,"Join Type": "Inner","Startup Cost": 249.58,"Total Cost": 133581.65,"Plan Rows": 19990,"Plan Width": 34,"Actual Startup Time": 4.734,"Actual Total Time": 354.759,"Actual Rows": 33108,"Actual Loops": 5,"Inner Unique": false,"Hash Cond": "(l1.l_suppkey = supplier.s_suppkey)","Workers": [],"Plans": [{"Node Type": "Seq Scan","Parent Relationship": "Outer","Parallel Aware": true,"Async Capable": false,"Relation Name": "lineitem","Alias": "l1","Startup Cost": 0.00,"Total Cost": 131256.80,"Plan Rows": 500101,"Plan Width": 8,"Actual Startup Time": 0.025,"Actual Total Time": 303.070,"Actual Rows": 758659,"Actual Loops": 5,"Filter": "(l_receiptdate > l_commitdate)","Rows Removed by Filter": 441584,"Workers": []},{"Node Type": "Hash","Parent Relationship": "Inner","Parallel Aware": false,"Async Capable": false,"Startup Cost": 244.58,"Total Cost": 244.58,"Plan Rows": 400,"Plan Width": 30,"Actual Startup Time": 4.446,"Actual Total Time": 4.454,"Actual Rows": 438,"Actual Loops": 5,"Hash Buckets": 1024,"Original Hash Buckets": 1024,"Hash Batches": 1,"Original Hash Batches": 1,"Peak Memory Usage": 36,"Workers": [],"Plans": [{"Node Type": "Nested Loop","Parent Relationship": "Outer","Parallel Aware": false,"Async Capable": false,"Join Type": "Inner","Startup Cost": 7.38,"Total Cost": 244.58,"Plan Rows": 400,"Plan Width": 30,"Actual Startup Time": 0.266,"Actual Total Time": 4.290,"Actual Rows": 438,"Actual Loops": 5,"Inner Unique": false,"Workers": [],"Plans": [{"Node Type": "Seq Scan","Parent Relationship": "Outer","Parallel Aware": false,"Async Capable": false,"Relation Name": "nation","Alias": "nation","Startup Cost": 0.00,"Total Cost": 1.31,"Plan Rows": 1,"Plan Width": 4,"Actual Startup Time": 0.058,"Actual Total Time": 0.064,"Actual Rows": 1,"Actual Loops": 5,"Filter": "(n_name = 'IRAQ'::bpchar)","Rows Removed by Filter": 24,"Workers": []},{"Node Type": "Bitmap Heap Scan","Parent Relationship": "Inner","Parallel Aware": false,"Async Capable": false,"Relation Name": "supplier","Alias": "supplier","Startup Cost": 7.38,"Total Cost": 239.27,"Plan Rows": 400,"Plan Width": 34,"Actual Startup Time": 0.204,"Actual Total Time": 4.151,"Actual Rows": 438,"Actual Loops": 5,"Recheck Cond": "(s_nationkey = nation.n_nationkey)","Rows Removed by Index Recheck": 0,"Exact Heap Blocks": 194,"Lossy Heap Blocks": 0,"Workers": [],"Plans": [{"Node Type": "Bitmap Index Scan","Parent Relationship": "Outer","Parallel Aware": false,"Async Capable": false,"Index Name": "idx_supplier_nation_key","Startup Cost": 0.00,"Total Cost": 7.29,"Plan Rows": 400,"Plan Width": 0,"Actual Startup Time": 0.139,"Actual Total Time": 0.140,"Actual Rows": 438,"Actual Loops": 5,"Index Cond": "(s_nationkey = nation.n_nationkey)","Workers": []}]}]}]}]},{"Node Type": "Index Scan","Parent Relationship": "Inner","Parallel Aware": false,"Async Capable": false,"Scan Direction": "Forward","Index Name": "idx_lineitem_orderkey","Relation Name": "lineitem","Alias": "l3","Startup Cost": 0.43,"Total Cost": 1.06,"Plan Rows": 6,"Plan Width": 8,"Actual Startup Time": 0.003,"Actual Total Time": 0.003,"Actual Rows": 1,"Actual Loops": 165540,"Index Cond": "(l_orderkey = l1.l_orderkey)","Rows Removed by Index Recheck": 0,"Filter": "((l_receiptdate > l_commitdate) AND (l_suppkey <> l1.l_suppkey))","Rows Removed by Filter": 1,"Workers": []}]}]},{"Node Type": "Index Scan","Parent Relationship": "Inner","Parallel Aware": false,"Async Capable": false,"Scan Direction": "Forward","Index Name": "idx_lineitem_orderkey","Relation Name": "lineitem","Alias": "l2","Startup Cost": 0.43,"Total Cost": 1.02,"Plan Rows": 17,"Plan Width": 8,"Actual Startup Time": 0.007,"Actual Total Time": 0.007,"Actual Rows": 1,"Actual Loops": 14669,"Index Cond": "(l_orderkey = l1.l_orderkey)","Rows Removed by Index Recheck": 0,"Filter": "(l_suppkey <> l1.l_suppkey)","Rows Removed by Filter": 1}]},{"Node Type": "Index Scan","Parent Relationship": "Inner","Parallel Aware": false,"Async Capable": false,"Scan Direction": "Forward","Index Name": "orders_pkey","Relation Name": "orders","Alias": "orders","Startup Cost": 0.43,"Total Cost": 0.51,"Plan Rows": 1,"Plan Width": 4,"Actual Startup Time": 0.008,"Actual Total Time": 0.008,"Actual Rows": 0,"Actual Loops": 8778,"Index Cond": "(o_orderkey = l1.l_orderkey)","Rows Removed by Index Recheck": 0,"Filter": "(o_orderstatus = 'F'::bpchar)","Rows Removed by Filter": 1}]}]}]}]},"Planning Time": 9.762,"Triggers": [],"Execution Time": 529.872}]
[{"Plan": {"Node Type": "Sort","Parallel Aware": false,"Async Capable": false,"Startup Cost": 147378.80,"Total Cost": 147378.81,"Plan Rows": 1,"Plan Width": 34,"Actual Startup Time": 502.540,"Actual Total Time": 523.684,"Actual Rows": 401,"Actual Loops": 1,"Sort Key": ["(count(*)) DESC", "supplier.s_name"],"Sort Method": "quicksort","Sort Space Used": 56,"Sort Space Type": "Memory","Plans": [{"Node Type": "Aggregate","Strategy": "Sorted","Partial Mode": "Simple","Parent Relationship": "Outer","Parallel Aware": false,"Async Capable": false,"Startup Cost": 147378.77,"Total Cost": 147378.79,"Plan Rows": 1,"Plan Width": 34,"Actual Startup Time": 501.310,"Actual Total Time": 522.965,"Actual Rows": 401,"Actual Loops": 1,"Group Key": ["supplier.s_name"],"Plans": [{"Node Type": "Sort","Parent Relationship": "Outer","Parallel Aware": false,"Async Capable": false,"Startup Cost": 147378.77,"Total Cost": 147378.78,"Plan Rows": 1,"Plan Width": 26,"Actual Startup Time": 501.284,"Actual Total Time": 522.551,"Actual Rows": 3970,"Actual Loops": 1,"Sort Key": ["supplier.s_name"],"Sort Method": "quicksort","Sort Space Used": 376,"Sort Space Type": "Memory","Plans": [{"Node Type": "Nested Loop","Parent Relationship": "Outer","Parallel Aware": false,"Async Capable": false,"Join Type": "Inner","Startup Cost": 1250.87,"Total Cost": 147378.76,"Plan Rows": 1,"Plan Width": 26,"Actual Startup Time": 5.240,"Actual Total Time": 512.097,"Actual Rows": 3970,"Actual Loops": 1,"Inner Unique": true,"Plans": [{"Node Type": "Nested Loop","Parent Relationship": "Outer","Parallel Aware": false,"Async Capable": false,"Join Type": "Semi","Startup Cost": 1250.44,"Total Cost": 147378.26,"Plan Rows": 1,"Plan Width": 34,"Actual Startup Time": 4.627,"Actual Total Time": 451.513,"Actual Rows": 8097,"Actual Loops": 1,"Inner Unique": false,"Plans": [{"Node Type": "Gather","Parent Relationship": "Outer","Parallel Aware": false,"Async Capable": false,"Startup Cost": 1250.01,"Total Cost": 147377.22,"Plan Rows": 1,"Plan Width": 34,"Actual Startup Time": 4.615,"Actual Total Time": 347.691,"Actual Rows": 13583,"Actual Loops": 1,"Workers Planned": 4,"Workers Launched": 4,"Single Copy": false,"Plans": [{"Node Type": "Nested Loop","Parent Relationship": "Outer","Parallel Aware": false,"Async Capable": false,"Join Type": "Anti","Startup Cost": 250.01,"Total Cost": 146377.12,"Plan Rows": 1,"Plan Width": 34,"Actual Startup Time": 4.828,"Actual Total Time": 446.701,"Actual Rows": 2717,"Actual Loops": 5,"Inner Unique": false,"Workers": [],"Plans": [{"Node Type": "Hash Join","Parent Relationship": "Outer","Parallel Aware": false,"Async Capable": false,"Join Type": "Inner","Startup Cost": 249.58,"Total Cost": 133581.65,"Plan Rows": 19990,"Plan Width": 34,"Actual Startup Time": 4.456,"Actual Total Time": 356.594,"Actual Rows": 30499,"Actual Loops": 5,"Inner Unique": false,"Hash Cond": "(l1.l_suppkey = supplier.s_suppkey)","Workers": [],"Plans": [{"Node Type": "Seq Scan","Parent Relationship": "Outer","Parallel Aware": true,"Async Capable": false,"Relation Name": "lineitem","Alias": "l1","Startup Cost": 0.00,"Total Cost": 131256.80,"Plan Rows": 500101,"Plan Width": 8,"Actual Startup Time": 0.022,"Actual Total Time": 305.978,"Actual Rows": 758659,"Actual Loops": 5,"Filter": "(l_receiptdate > l_commitdate)","Rows Removed by Filter": 441584,"Workers": []},{"Node Type": "Hash","Parent Relationship": "Inner","Parallel Aware": false,"Async Capable": false,"Startup Cost": 244.58,"Total Cost": 244.58,"Plan Rows": 400,"Plan Width": 30,"Actual Startup Time": 4.157,"Actual Total Time": 4.168,"Actual Rows": 401,"Actual Loops": 5,"Hash Buckets": 1024,"Original Hash Buckets": 1024,"Hash Batches": 1,"Original Hash Batches": 1,"Peak Memory Usage": 34,"Workers": [],"Plans": [{"Node Type": "Nested Loop","Parent Relationship": "Outer","Parallel Aware": false,"Async Capable": false,"Join Type": "Inner","Startup Cost": 7.38,"Total Cost": 244.58,"Plan Rows": 400,"Plan Width": 30,"Actual Startup Time": 0.269,"Actual Total Time": 4.009,"Actual Rows": 401,"Actual Loops": 5,"Inner Unique": false,"Workers": [],"Plans": [{"Node Type": "Seq Scan","Parent Relationship": "Outer","Parallel Aware": false,"Async Capable": false,"Relation Name": "nation","Alias": "nation","Startup Cost": 0.00,"Total Cost": 1.31,"Plan Rows": 1,"Plan Width": 4,"Actual Startup Time": 0.053,"Actual Total Time": 0.057,"Actual Rows": 1,"Actual Loops": 5,"Filter": "(n_name = 'RUSSIA'::bpchar)","Rows Removed by Filter": 24,"Workers": []},{"Node Type": "Bitmap Heap Scan","Parent Relationship": "Inner","Parallel Aware": false,"Async Capable": false,"Relation Name": "supplier","Alias": "supplier","Startup Cost": 7.38,"Total Cost": 239.27,"Plan Rows": 400,"Plan Width": 34,"Actual Startup Time": 0.210,"Actual Total Time": 3.875,"Actual Rows": 401,"Actual Loops": 5,"Recheck Cond": "(s_nationkey = nation.n_nationkey)","Rows Removed by Index Recheck": 0,"Exact Heap Blocks": 180,"Lossy Heap Blocks": 0,"Workers": [],"Plans": [{"Node Type": "Bitmap Index Scan","Parent Relationship": "Outer","Parallel Aware": false,"Async Capable": false,"Index Name": "idx_supplier_nation_key","Startup Cost": 0.00,"Total Cost": 7.29,"Plan Rows": 400,"Plan Width": 0,"Actual Startup Time": 0.139,"Actual Total Time": 0.140,"Actual Rows": 401,"Actual Loops": 5,"Index Cond": "(s_nationkey = nation.n_nationkey)","Workers": []}]}]}]}]},{"Node Type": "Index Scan","Parent Relationship": "Inner","Parallel Aware": false,"Async Capable": false,"Scan Direction": "Forward","Index Name": "idx_lineitem_orderkey","Relation Name": "lineitem","Alias": "l3","Startup Cost": 0.43,"Total Cost": 1.06,"Plan Rows": 6,"Plan Width": 8,"Actual Startup Time": 0.003,"Actual Total Time": 0.003,"Actual Rows": 1,"Actual Loops": 152495,"Index Cond": "(l_orderkey = l1.l_orderkey)","Rows Removed by Index Recheck": 0,"Filter": "((l_receiptdate > l_commitdate) AND (l_suppkey <> l1.l_suppkey))","Rows Removed by Filter": 1,"Workers": []}]}]},{"Node Type": "Index Scan","Parent Relationship": "Inner","Parallel Aware": false,"Async Capable": false,"Scan Direction": "Forward","Index Name": "idx_lineitem_orderkey","Relation Name": "lineitem","Alias": "l2","Startup Cost": 0.43,"Total Cost": 1.02,"Plan Rows": 17,"Plan Width": 8,"Actual Startup Time": 0.007,"Actual Total Time": 0.007,"Actual Rows": 1,"Actual Loops": 13583,"Index Cond": "(l_orderkey = l1.l_orderkey)","Rows Removed by Index Recheck": 0,"Filter": "(l_suppkey <> l1.l_suppkey)","Rows Removed by Filter": 1}]},{"Node Type": "Index Scan","Parent Relationship": "Inner","Parallel Aware": false,"Async Capable": false,"Scan Direction": "Forward","Index Name": "orders_pkey","Relation Name": "orders","Alias": "orders","Startup Cost": 0.43,"Total Cost": 0.51,"Plan Rows": 1,"Plan Width": 4,"Actual Startup Time": 0.007,"Actual Total Time": 0.007,"Actual Rows": 0,"Actual Loops": 8097,"Index Cond": "(o_orderkey = l1.l_orderkey)","Rows Removed by Index Recheck": 0,"Filter": "(o_orderstatus = 'F'::bpchar)","Rows Removed by Filter": 1}]}]}]}]},"Planning Time": 9.437,"Triggers": [],"Execution Time": 524.297}]
[{"Plan": {"Node Type": "Sort","Parallel Aware": false,"Async Capable": false,"Startup Cost": 147378.80,"Total Cost": 147378.81,"Plan Rows": 1,"Plan Width": 34,"Actual Startup Time": 504.512,"Actual Total Time": 521.552,"Actual Rows": 413,"Actual Loops": 1,"Sort Key": ["(count(*)) DESC", "supplier.s_name"],"Sort Method": "quicksort","Sort Space Used": 57,"Sort Space Type": "Memory","Plans": [{"Node Type": "Aggregate","Strategy": "Sorted","Partial Mode": "Simple","Parent Relationship": "Outer","Parallel Aware": false,"Async Capable": false,"Startup Cost": 147378.77,"Total Cost": 147378.79,"Plan Rows": 1,"Plan Width": 34,"Actual Startup Time": 503.286,"Actual Total Time": 520.862,"Actual Rows": 413,"Actual Loops": 1,"Group Key": ["supplier.s_name"],"Plans": [{"Node Type": "Sort","Parent Relationship": "Outer","Parallel Aware": false,"Async Capable": false,"Startup Cost": 147378.77,"Total Cost": 147378.78,"Plan Rows": 1,"Plan Width": 26,"Actual Startup Time": 503.265,"Actual Total Time": 520.434,"Actual Rows": 4164,"Actual Loops": 1,"Sort Key": ["supplier.s_name"],"Sort Method": "quicksort","Sort Space Used": 485,"Sort Space Type": "Memory","Plans": [{"Node Type": "Nested Loop","Parent Relationship": "Outer","Parallel Aware": false,"Async Capable": false,"Join Type": "Inner","Startup Cost": 1250.87,"Total Cost": 147378.76,"Plan Rows": 1,"Plan Width": 26,"Actual Startup Time": 4.247,"Actual Total Time": 508.248,"Actual Rows": 4164,"Actual Loops": 1,"Inner Unique": true,"Plans": [{"Node Type": "Nested Loop","Parent Relationship": "Outer","Parallel Aware": false,"Async Capable": false,"Join Type": "Semi","Startup Cost": 1250.44,"Total Cost": 147378.26,"Plan Rows": 1,"Plan Width": 34,"Actual Startup Time": 4.214,"Actual Total Time": 442.064,"Actual Rows": 8468,"Actual Loops": 1,"Inner Unique": false,"Plans": [{"Node Type": "Gather","Parent Relationship": "Outer","Parallel Aware": false,"Async Capable": false,"Startup Cost": 1250.01,"Total Cost": 147377.22,"Plan Rows": 1,"Plan Width": 34,"Actual Startup Time": 4.200,"Actual Total Time": 330.934,"Actual Rows": 14141,"Actual Loops": 1,"Workers Planned": 4,"Workers Launched": 4,"Single Copy": false,"Plans": [{"Node Type": "Nested Loop","Parent Relationship": "Outer","Parallel Aware": false,"Async Capable": false,"Join Type": "Anti","Startup Cost": 250.01,"Total Cost": 146377.12,"Plan Rows": 1,"Plan Width": 34,"Actual Startup Time": 5.165,"Actual Total Time": 443.283,"Actual Rows": 2828,"Actual Loops": 5,"Inner Unique": false,"Workers": [],"Plans": [{"Node Type": "Hash Join","Parent Relationship": "Outer","Parallel Aware": false,"Async Capable": false,"Join Type": "Inner","Startup Cost": 249.58,"Total Cost": 133581.65,"Plan Rows": 19990,"Plan Width": 34,"Actual Startup Time": 5.033,"Actual Total Time": 352.494,"Actual Rows": 31380,"Actual Loops": 5,"Inner Unique": false,"Hash Cond": "(l1.l_suppkey = supplier.s_suppkey)","Workers": [],"Plans": [{"Node Type": "Seq Scan","Parent Relationship": "Outer","Parallel Aware": true,"Async Capable": false,"Relation Name": "lineitem","Alias": "l1","Startup Cost": 0.00,"Total Cost": 131256.80,"Plan Rows": 500101,"Plan Width": 8,"Actual Startup Time": 0.028,"Actual Total Time": 299.882,"Actual Rows": 758659,"Actual Loops": 5,"Filter": "(l_receiptdate > l_commitdate)","Rows Removed by Filter": 441584,"Workers": []},{"Node Type": "Hash","Parent Relationship": "Inner","Parallel Aware": false,"Async Capable": false,"Startup Cost": 244.58,"Total Cost": 244.58,"Plan Rows": 400,"Plan Width": 30,"Actual Startup Time": 4.656,"Actual Total Time": 4.665,"Actual Rows": 413,"Actual Loops": 5,"Hash Buckets": 1024,"Original Hash Buckets": 1024,"Hash Batches": 1,"Original Hash Batches": 1,"Peak Memory Usage": 34,"Workers": [],"Plans": [{"Node Type": "Nested Loop","Parent Relationship": "Outer","Parallel Aware": false,"Async Capable": false,"Join Type": "Inner","Startup Cost": 7.38,"Total Cost": 244.58,"Plan Rows": 400,"Plan Width": 30,"Actual Startup Time": 0.318,"Actual Total Time": 4.505,"Actual Rows": 413,"Actual Loops": 5,"Inner Unique": false,"Workers": [],"Plans": [{"Node Type": "Seq Scan","Parent Relationship": "Outer","Parallel Aware": false,"Async Capable": false,"Relation Name": "nation","Alias": "nation","Startup Cost": 0.00,"Total Cost": 1.31,"Plan Rows": 1,"Plan Width": 4,"Actual Startup Time": 0.066,"Actual Total Time": 0.071,"Actual Rows": 1,"Actual Loops": 5,"Filter": "(n_name = 'ARGENTINA'::bpchar)","Rows Removed by Filter": 24,"Workers": []},{"Node Type": "Bitmap Heap Scan","Parent Relationship": "Inner","Parallel Aware": false,"Async Capable": false,"Relation Name": "supplier","Alias": "supplier","Startup Cost": 7.38,"Total Cost": 239.27,"Plan Rows": 400,"Plan Width": 34,"Actual Startup Time": 0.247,"Actual Total Time": 4.358,"Actual Rows": 413,"Actual Loops": 5,"Recheck Cond": "(s_nationkey = nation.n_nationkey)","Rows Removed by Index Recheck": 0,"Exact Heap Blocks": 190,"Lossy Heap Blocks": 0,"Workers": [],"Plans": [{"Node Type": "Bitmap Index Scan","Parent Relationship": "Outer","Parallel Aware": false,"Async Capable": false,"Index Name": "idx_supplier_nation_key","Startup Cost": 0.00,"Total Cost": 7.29,"Plan Rows": 400,"Plan Width": 0,"Actual Startup Time": 0.157,"Actual Total Time": 0.158,"Actual Rows": 413,"Actual Loops": 5,"Index Cond": "(s_nationkey = nation.n_nationkey)","Workers": []}]}]}]}]},{"Node Type": "Index Scan","Parent Relationship": "Inner","Parallel Aware": false,"Async Capable": false,"Scan Direction": "Forward","Index Name": "idx_lineitem_orderkey","Relation Name": "lineitem","Alias": "l3","Startup Cost": 0.43,"Total Cost": 1.06,"Plan Rows": 6,"Plan Width": 8,"Actual Startup Time": 0.003,"Actual Total Time": 0.003,"Actual Rows": 1,"Actual Loops": 156898,"Index Cond": "(l_orderkey = l1.l_orderkey)","Rows Removed by Index Recheck": 0,"Filter": "((l_receiptdate > l_commitdate) AND (l_suppkey <> l1.l_suppkey))","Rows Removed by Filter": 1,"Workers": []}]}]},{"Node Type": "Index Scan","Parent Relationship": "Inner","Parallel Aware": false,"Async Capable": false,"Scan Direction": "Forward","Index Name": "idx_lineitem_orderkey","Relation Name": "lineitem","Alias": "l2","Startup Cost": 0.43,"Total Cost": 1.02,"Plan Rows": 17,"Plan Width": 8,"Actual Startup Time": 0.007,"Actual Total Time": 0.007,"Actual Rows": 1,"Actual Loops": 14141,"Index Cond": "(l_orderkey = l1.l_orderkey)","Rows Removed by Index Recheck": 0,"Filter": "(l_suppkey <> l1.l_suppkey)","Rows Removed by Filter": 1}]},{"Node Type": "Index Scan","Parent Relationship": "Inner","Parallel Aware": false,"Async Capable": false,"Scan Direction": "Forward","Index Name": "orders_pkey","Relation Name": "orders","Alias": "orders","Startup Cost": 0.43,"Total Cost": 0.51,"Plan Rows": 1,"Plan Width": 4,"Actual Startup Time": 0.008,"Actual Total Time": 0.008,"Actual Rows": 0,"Actual Loops": 8468,"Index Cond": "(o_orderkey = l1.l_orderkey)","Rows Removed by Index Recheck": 0,"Filter": "(o_orderstatus = 'F'::bpchar)","Rows Removed by Filter": 1}]}]}]}]},"Planning Time": 8.601,"Triggers": [],"Execution Time": 522.197}]
[{"Plan": {"Node Type": "Sort","Parallel Aware": false,"Async Capable": false,"Startup Cost": 147378.80,"Total Cost": 147378.81,"Plan Rows": 1,"Plan Width": 34,"Actual Startup Time": 510.910,"Actual Total Time": 530.461,"Actual Rows": 420,"Actual Loops": 1,"Sort Key": ["(count(*)) DESC", "supplier.s_name"],"Sort Method": "quicksort","Sort Space Used": 57,"Sort Space Type": "Memory","Plans": [{"Node Type": "Aggregate","Strategy": "Sorted","Partial Mode": "Simple","Parent Relationship": "Outer","Parallel Aware": false,"Async Capable": false,"Startup Cost": 147378.77,"Total Cost": 147378.79,"Plan Rows": 1,"Plan Width": 34,"Actual Startup Time": 509.613,"Actual Total Time": 529.683,"Actual Rows": 420,"Actual Loops": 1,"Group Key": ["supplier.s_name"],"Plans": [{"Node Type": "Sort","Parent Relationship": "Outer","Parallel Aware": false,"Async Capable": false,"Startup Cost": 147378.77,"Total Cost": 147378.78,"Plan Rows": 1,"Plan Width": 26,"Actual Startup Time": 509.594,"Actual Total Time": 529.267,"Actual Rows": 4090,"Actual Loops": 1,"Sort Key": ["supplier.s_name"],"Sort Method": "quicksort","Sort Space Used": 384,"Sort Space Type": "Memory","Plans": [{"Node Type": "Nested Loop","Parent Relationship": "Outer","Parallel Aware": false,"Async Capable": false,"Join Type": "Inner","Startup Cost": 1250.87,"Total Cost": 147378.76,"Plan Rows": 1,"Plan Width": 26,"Actual Startup Time": 4.580,"Actual Total Time": 518.201,"Actual Rows": 4090,"Actual Loops": 1,"Inner Unique": true,"Plans": [{"Node Type": "Nested Loop","Parent Relationship": "Outer","Parallel Aware": false,"Async Capable": false,"Join Type": "Semi","Startup Cost": 1250.44,"Total Cost": 147378.26,"Plan Rows": 1,"Plan Width": 34,"Actual Startup Time": 4.545,"Actual Total Time": 454.390,"Actual Rows": 8430,"Actual Loops": 1,"Inner Unique": false,"Plans": [{"Node Type": "Gather","Parent Relationship": "Outer","Parallel Aware": false,"Async Capable": false,"Startup Cost": 1250.01,"Total Cost": 147377.22,"Plan Rows": 1,"Plan Width": 34,"Actual Startup Time": 4.342,"Actual Total Time": 344.810,"Actual Rows": 14089,"Actual Loops": 1,"Workers Planned": 4,"Workers Launched": 4,"Single Copy": false,"Plans": [{"Node Type": "Nested Loop","Parent Relationship": "Outer","Parallel Aware": false,"Async Capable": false,"Join Type": "Anti","Startup Cost": 250.01,"Total Cost": 146377.12,"Plan Rows": 1,"Plan Width": 34,"Actual Startup Time": 5.491,"Actual Total Time": 451.438,"Actual Rows": 2818,"Actual Loops": 5,"Inner Unique": false,"Workers": [],"Plans": [{"Node Type": "Hash Join","Parent Relationship": "Outer","Parallel Aware": false,"Async Capable": false,"Join Type": "Inner","Startup Cost": 249.58,"Total Cost": 133581.65,"Plan Rows": 19990,"Plan Width": 34,"Actual Startup Time": 5.196,"Actual Total Time": 357.512,"Actual Rows": 31960,"Actual Loops": 5,"Inner Unique": false,"Hash Cond": "(l1.l_suppkey = supplier.s_suppkey)","Workers": [],"Plans": [{"Node Type": "Seq Scan","Parent Relationship": "Outer","Parallel Aware": true,"Async Capable": false,"Relation Name": "lineitem","Alias": "l1","Startup Cost": 0.00,"Total Cost": 131256.80,"Plan Rows": 500101,"Plan Width": 8,"Actual Startup Time": 0.027,"Actual Total Time": 305.923,"Actual Rows": 758659,"Actual Loops": 5,"Filter": "(l_receiptdate > l_commitdate)","Rows Removed by Filter": 441584,"Workers": []},{"Node Type": "Hash","Parent Relationship": "Inner","Parallel Aware": false,"Async Capable": false,"Startup Cost": 244.58,"Total Cost": 244.58,"Plan Rows": 400,"Plan Width": 30,"Actual Startup Time": 4.831,"Actual Total Time": 4.844,"Actual Rows": 420,"Actual Loops": 5,"Hash Buckets": 1024,"Original Hash Buckets": 1024,"Hash Batches": 1,"Original Hash Batches": 1,"Peak Memory Usage": 35,"Workers": [],"Plans": [{"Node Type": "Nested Loop","Parent Relationship": "Outer","Parallel Aware": false,"Async Capable": false,"Join Type": "Inner","Startup Cost": 7.38,"Total Cost": 244.58,"Plan Rows": 400,"Plan Width": 30,"Actual Startup Time": 0.275,"Actual Total Time": 4.655,"Actual Rows": 420,"Actual Loops": 5,"Inner Unique": false,"Workers": [],"Plans": [{"Node Type": "Seq Scan","Parent Relationship": "Outer","Parallel Aware": false,"Async Capable": false,"Relation Name": "nation","Alias": "nation","Startup Cost": 0.00,"Total Cost": 1.31,"Plan Rows": 1,"Plan Width": 4,"Actual Startup Time": 0.047,"Actual Total Time": 0.057,"Actual Rows": 1,"Actual Loops": 5,"Filter": "(n_name = 'ALGERIA'::bpchar)","Rows Removed by Filter": 24,"Workers": []},{"Node Type": "Bitmap Heap Scan","Parent Relationship": "Inner","Parallel Aware": false,"Async Capable": false,"Relation Name": "supplier","Alias": "supplier","Startup Cost": 7.38,"Total Cost": 239.27,"Plan Rows": 400,"Plan Width": 34,"Actual Startup Time": 0.222,"Actual Total Time": 4.505,"Actual Rows": 420,"Actual Loops": 5,"Recheck Cond": "(s_nationkey = nation.n_nationkey)","Rows Removed by Index Recheck": 0,"Exact Heap Blocks": 197,"Lossy Heap Blocks": 0,"Workers": [],"Plans": [{"Node Type": "Bitmap Index Scan","Parent Relationship": "Outer","Parallel Aware": false,"Async Capable": false,"Index Name": "idx_supplier_nation_key","Startup Cost": 0.00,"Total Cost": 7.29,"Plan Rows": 400,"Plan Width": 0,"Actual Startup Time": 0.137,"Actual Total Time": 0.140,"Actual Rows": 420,"Actual Loops": 5,"Index Cond": "(s_nationkey = nation.n_nationkey)","Workers": []}]}]}]}]},{"Node Type": "Index Scan","Parent Relationship": "Inner","Parallel Aware": false,"Async Capable": false,"Scan Direction": "Forward","Index Name": "idx_lineitem_orderkey","Relation Name": "lineitem","Alias": "l3","Startup Cost": 0.43,"Total Cost": 1.06,"Plan Rows": 6,"Plan Width": 8,"Actual Startup Time": 0.003,"Actual Total Time": 0.003,"Actual Rows": 1,"Actual Loops": 159800,"Index Cond": "(l_orderkey = l1.l_orderkey)","Rows Removed by Index Recheck": 0,"Filter": "((l_receiptdate > l_commitdate) AND (l_suppkey <> l1.l_suppkey))","Rows Removed by Filter": 1,"Workers": []}]}]},{"Node Type": "Index Scan","Parent Relationship": "Inner","Parallel Aware": false,"Async Capable": false,"Scan Direction": "Forward","Index Name": "idx_lineitem_orderkey","Relation Name": "lineitem","Alias": "l2","Startup Cost": 0.43,"Total Cost": 1.02,"Plan Rows": 17,"Plan Width": 8,"Actual Startup Time": 0.007,"Actual Total Time": 0.007,"Actual Rows": 1,"Actual Loops": 14089,"Index Cond": "(l_orderkey = l1.l_orderkey)","Rows Removed by Index Recheck": 0,"Filter": "(l_suppkey <> l1.l_suppkey)","Rows Removed by Filter": 1}]},{"Node Type": "Index Scan","Parent Relationship": "Inner","Parallel Aware": false,"Async Capable": false,"Scan Direction": "Forward","Index Name": "orders_pkey","Relation Name": "orders","Alias": "orders","Startup Cost": 0.43,"Total Cost": 0.51,"Plan Rows": 1,"Plan Width": 4,"Actual Startup Time": 0.007,"Actual Total Time": 0.007,"Actual Rows": 0,"Actual Loops": 8430,"Index Cond": "(o_orderkey = l1.l_orderkey)","Rows Removed by Index Recheck": 0,"Filter": "(o_orderstatus = 'F'::bpchar)","Rows Removed by Filter": 1}]}]}]}]},"Planning Time": 9.770,"Triggers": [],"Execution Time": 531.084}]
[{"Plan": {"Node Type": "Sort","Parallel Aware": false,"Async Capable": false,"Startup Cost": 147378.80,"Total Cost": 147378.81,"Plan Rows": 1,"Plan Width": 34,"Actual Startup Time": 503.423,"Actual Total Time": 521.004,"Actual Rows": 406,"Actual Loops": 1,"Sort Key": ["(count(*)) DESC", "supplier.s_name"],"Sort Method": "quicksort","Sort Space Used": 56,"Sort Space Type": "Memory","Plans": [{"Node Type": "Aggregate","Strategy": "Sorted","Partial Mode": "Simple","Parent Relationship": "Outer","Parallel Aware": false,"Async Capable": false,"Startup Cost": 147378.77,"Total Cost": 147378.79,"Plan Rows": 1,"Plan Width": 34,"Actual Startup Time": 502.176,"Actual Total Time": 520.280,"Actual Rows": 406,"Actual Loops": 1,"Group Key": ["supplier.s_name"],"Plans": [{"Node Type": "Sort","Parent Relationship": "Outer","Parallel Aware": false,"Async Capable": false,"Startup Cost": 147378.77,"Total Cost": 147378.78,"Plan Rows": 1,"Plan Width": 26,"Actual Startup Time": 502.147,"Actual Total Time": 519.852,"Actual Rows": 4052,"Actual Loops": 1,"Sort Key": ["supplier.s_name"],"Sort Method": "quicksort","Sort Space Used": 381,"Sort Space Type": "Memory","Plans": [{"Node Type": "Nested Loop","Parent Relationship": "Outer","Parallel Aware": false,"Async Capable": false,"Join Type": "Inner","Startup Cost": 1250.87,"Total Cost": 147378.76,"Plan Rows": 1,"Plan Width": 26,"Actual Startup Time": 4.486,"Actual Total Time": 508.290,"Actual Rows": 4052,"Actual Loops": 1,"Inner Unique": true,"Plans": [{"Node Type": "Nested Loop","Parent Relationship": "Outer","Parallel Aware": false,"Async Capable": false,"Join Type": "Semi","Startup Cost": 1250.44,"Total Cost": 147378.26,"Plan Rows": 1,"Plan Width": 34,"Actual Startup Time": 4.452,"Actual Total Time": 441.127,"Actual Rows": 8332,"Actual Loops": 1,"Inner Unique": false,"Plans": [{"Node Type": "Gather","Parent Relationship": "Outer","Parallel Aware": false,"Async Capable": false,"Startup Cost": 1250.01,"Total Cost": 147377.22,"Plan Rows": 1,"Plan Width": 34,"Actual Startup Time": 4.440,"Actual Total Time": 331.994,"Actual Rows": 13791,"Actual Loops": 1,"Workers Planned": 4,"Workers Launched": 4,"Single Copy": false,"Plans": [{"Node Type": "Nested Loop","Parent Relationship": "Outer","Parallel Aware": false,"Async Capable": false,"Join Type": "Anti","Startup Cost": 250.01,"Total Cost": 146377.12,"Plan Rows": 1,"Plan Width": 34,"Actual Startup Time": 4.624,"Actual Total Time": 442.937,"Actual Rows": 2758,"Actual Loops": 5,"Inner Unique": false,"Workers": [],"Plans": [{"Node Type": "Hash Join","Parent Relationship": "Outer","Parallel Aware": false,"Async Capable": false,"Join Type": "Inner","Startup Cost": 249.58,"Total Cost": 133581.65,"Plan Rows": 19990,"Plan Width": 34,"Actual Startup Time": 4.481,"Actual Total Time": 353.409,"Actual Rows": 30900,"Actual Loops": 5,"Inner Unique": false,"Hash Cond": "(l1.l_suppkey = supplier.s_suppkey)","Workers": [],"Plans": [{"Node Type": "Seq Scan","Parent Relationship": "Outer","Parallel Aware": true,"Async Capable": false,"Relation Name": "lineitem","Alias": "l1","Startup Cost": 0.00,"Total Cost": 131256.80,"Plan Rows": 500101,"Plan Width": 8,"Actual Startup Time": 0.029,"Actual Total Time": 301.270,"Actual Rows": 758659,"Actual Loops": 5,"Filter": "(l_receiptdate > l_commitdate)","Rows Removed by Filter": 441584,"Workers": []},{"Node Type": "Hash","Parent Relationship": "Inner","Parallel Aware": false,"Async Capable": false,"Startup Cost": 244.58,"Total Cost": 244.58,"Plan Rows": 400,"Plan Width": 30,"Actual Startup Time": 4.105,"Actual Total Time": 4.114,"Actual Rows": 406,"Actual Loops": 5,"Hash Buckets": 1024,"Original Hash Buckets": 1024,"Hash Batches": 1,"Original Hash Batches": 1,"Peak Memory Usage": 34,"Workers": [],"Plans": [{"Node Type": "Nested Loop","Parent Relationship": "Outer","Parallel Aware": false,"Async Capable": false,"Join Type": "Inner","Startup Cost": 7.38,"Total Cost": 244.58,"Plan Rows": 400,"Plan Width": 30,"Actual Startup Time": 0.252,"Actual Total Time": 3.975,"Actual Rows": 406,"Actual Loops": 5,"Inner Unique": false,"Workers": [],"Plans": [{"Node Type": "Seq Scan","Parent Relationship": "Outer","Parallel Aware": false,"Async Capable": false,"Relation Name": "nation","Alias": "nation","Startup Cost": 0.00,"Total Cost": 1.31,"Plan Rows": 1,"Plan Width": 4,"Actual Startup Time": 0.055,"Actual Total Time": 0.058,"Actual Rows": 1,"Actual Loops": 5,"Filter": "(n_name = 'MOZAMBIQUE'::bpchar)","Rows Removed by Filter": 24,"Workers": []},{"Node Type": "Bitmap Heap Scan","Parent Relationship": "Inner","Parallel Aware": false,"Async Capable": false,"Relation Name": "supplier","Alias": "supplier","Startup Cost": 7.38,"Total Cost": 239.27,"Plan Rows": 400,"Plan Width": 34,"Actual Startup Time": 0.193,"Actual Total Time": 3.854,"Actual Rows": 406,"Actual Loops": 5,"Recheck Cond": "(s_nationkey = nation.n_nationkey)","Rows Removed by Index Recheck": 0,"Exact Heap Blocks": 186,"Lossy Heap Blocks": 0,"Workers": [],"Plans": [{"Node Type": "Bitmap Index Scan","Parent Relationship": "Outer","Parallel Aware": false,"Async Capable": false,"Index Name": "idx_supplier_nation_key","Startup Cost": 0.00,"Total Cost": 7.29,"Plan Rows": 400,"Plan Width": 0,"Actual Startup Time": 0.125,"Actual Total Time": 0.126,"Actual Rows": 406,"Actual Loops": 5,"Index Cond": "(s_nationkey = nation.n_nationkey)","Workers": []}]}]}]}]},{"Node Type": "Index Scan","Parent Relationship": "Inner","Parallel Aware": false,"Async Capable": false,"Scan Direction": "Forward","Index Name": "idx_lineitem_orderkey","Relation Name": "lineitem","Alias": "l3","Startup Cost": 0.43,"Total Cost": 1.06,"Plan Rows": 6,"Plan Width": 8,"Actual Startup Time": 0.003,"Actual Total Time": 0.003,"Actual Rows": 1,"Actual Loops": 154501,"Index Cond": "(l_orderkey = l1.l_orderkey)","Rows Removed by Index Recheck": 0,"Filter": "((l_receiptdate > l_commitdate) AND (l_suppkey <> l1.l_suppkey))","Rows Removed by Filter": 1,"Workers": []}]}]},{"Node Type": "Index Scan","Parent Relationship": "Inner","Parallel Aware": false,"Async Capable": false,"Scan Direction": "Forward","Index Name": "idx_lineitem_orderkey","Relation Name": "lineitem","Alias": "l2","Startup Cost": 0.43,"Total Cost": 1.02,"Plan Rows": 17,"Plan Width": 8,"Actual Startup Time": 0.007,"Actual Total Time": 0.007,"Actual Rows": 1,"Actual Loops": 13791,"Index Cond": "(l_orderkey = l1.l_orderkey)","Rows Removed by Index Recheck": 0,"Filter": "(l_suppkey <> l1.l_suppkey)","Rows Removed by Filter": 1}]},{"Node Type": "Index Scan","Parent Relationship": "Inner","Parallel Aware": false,"Async Capable": false,"Scan Direction": "Forward","Index Name": "orders_pkey","Relation Name": "orders","Alias": "orders","Startup Cost": 0.43,"Total Cost": 0.51,"Plan Rows": 1,"Plan Width": 4,"Actual Startup Time": 0.008,"Actual Total Time": 0.008,"Actual Rows": 0,"Actual Loops": 8332,"Index Cond": "(o_orderkey = l1.l_orderkey)","Rows Removed by Index Recheck": 0,"Filter": "(o_orderstatus = 'F'::bpchar)","Rows Removed by Filter": 1}]}]}]}]},"Planning Time": 9.793,"Triggers": [],"Execution Time": 521.577}]
[{"Plan": {"Node Type": "Sort","Parallel Aware": false,"Async Capable": false,"Startup Cost": 147378.80,"Total Cost": 147378.81,"Plan Rows": 1,"Plan Width": 34,"Actual Startup Time": 510.910,"Actual Total Time": 530.461,"Actual Rows": 420,"Actual Loops": 1,"Sort Key": ["(count(*)) DESC", "supplier.s_name"],"Sort Method": "quicksort","Sort Space Used": 57,"Sort Space Type": "Memory","Plans": [{"Node Type": "Aggregate","Strategy": "Sorted","Partial Mode": "Simple","Parent Relationship": "Outer","Parallel Aware": false,"Async Capable": false,"Startup Cost": 147378.77,"Total Cost": 147378.79,"Plan Rows": 1,"Plan Width": 34,"Actual Startup Time": 509.613,"Actual Total Time": 529.683,"Actual Rows": 420,"Actual Loops": 1,"Group Key": ["supplier.s_name"],"Plans": [{"Node Type": "Sort","Parent Relationship": "Outer","Parallel Aware": false,"Async Capable": false,"Startup Cost": 147378.77,"Total Cost": 147378.78,"Plan Rows": 1,"Plan Width": 26,"Actual Startup Time": 509.594,"Actual Total Time": 529.267,"Actual Rows": 4090,"Actual Loops": 1,"Sort Key": ["supplier.s_name"],"Sort Method": "quicksort","Sort Space Used": 384,"Sort Space Type": "Memory","Plans": [{"Node Type": "Nested Loop","Parent Relationship": "Outer","Parallel Aware": false,"Async Capable": false,"Join Type": "Inner","Startup Cost": 1250.87,"Total Cost": 147378.76,"Plan Rows": 1,"Plan Width": 26,"Actual Startup Time": 4.580,"Actual Total Time": 518.201,"Actual Rows": 4090,"Actual Loops": 1,"Inner Unique": true,"Plans": [{"Node Type": "Nested Loop","Parent Relationship": "Outer","Parallel Aware": false,"Async Capable": false,"Join Type": "Semi","Startup Cost": 1250.44,"Total Cost": 147378.26,"Plan Rows": 1,"Plan Width": 34,"Actual Startup Time": 4.545,"Actual Total Time": 454.390,"Actual Rows": 8430,"Actual Loops": 1,"Inner Unique": false,"Plans": [{"Node Type": "Gather","Parent Relationship": "Outer","Parallel Aware": false,"Async Capable": false,"Startup Cost": 1250.01,"Total Cost": 147377.22,"Plan Rows": 1,"Plan Width": 34,"Actual Startup Time": 4.342,"Actual Total Time": 344.810,"Actual Rows": 14089,"Actual Loops": 1,"Workers Planned": 4,"Workers Launched": 4,"Single Copy": false,"Plans": [{"Node Type": "Nested Loop","Parent Relationship": "Outer","Parallel Aware": false,"Async Capable": false,"Join Type": "Anti","Startup Cost": 250.01,"Total Cost": 146377.12,"Plan Rows": 1,"Plan Width": 34,"Actual Startup Time": 5.491,"Actual Total Time": 451.438,"Actual Rows": 2818,"Actual Loops": 5,"Inner Unique": false,"Workers": [],"Plans": [{"Node Type": "Hash Join","Parent Relationship": "Outer","Parallel Aware": false,"Async Capable": false,"Join Type": "Inner","Startup Cost": 249.58,"Total Cost": 133581.65,"Plan Rows": 19990,"Plan Width": 34,"Actual Startup Time": 5.196,"Actual Total Time": 357.512,"Actual Rows": 31960,"Actual Loops": 5,"Inner Unique": false,"Hash Cond": "(l1.l_suppkey = supplier.s_suppkey)","Workers": [],"Plans": [{"Node Type": "Seq Scan","Parent Relationship": "Outer","Parallel Aware": true,"Async Capable": false,"Relation Name": "lineitem","Alias": "l1","Startup Cost": 0.00,"Total Cost": 131256.80,"Plan Rows": 500101,"Plan Width": 8,"Actual Startup Time": 0.027,"Actual Total Time": 305.923,"Actual Rows": 758659,"Actual Loops": 5,"Filter": "(l_receiptdate > l_commitdate)","Rows Removed by Filter": 441584,"Workers": []},{"Node Type": "Hash","Parent Relationship": "Inner","Parallel Aware": false,"Async Capable": false,"Startup Cost": 244.58,"Total Cost": 244.58,"Plan Rows": 400,"Plan Width": 30,"Actual Startup Time": 4.831,"Actual Total Time": 4.844,"Actual Rows": 420,"Actual Loops": 5,"Hash Buckets": 1024,"Original Hash Buckets": 1024,"Hash Batches": 1,"Original Hash Batches": 1,"Peak Memory Usage": 35,"Workers": [],"Plans": [{"Node Type": "Nested Loop","Parent Relationship": "Outer","Parallel Aware": false,"Async Capable": false,"Join Type": "Inner","Startup Cost": 7.38,"Total Cost": 244.58,"Plan Rows": 400,"Plan Width": 30,"Actual Startup Time": 0.275,"Actual Total Time": 4.655,"Actual Rows": 420,"Actual Loops": 5,"Inner Unique": false,"Workers": [],"Plans": [{"Node Type": "Seq Scan","Parent Relationship": "Outer","Parallel Aware": false,"Async Capable": false,"Relation Name": "nation","Alias": "nation","Startup Cost": 0.00,"Total Cost": 1.31,"Plan Rows": 1,"Plan Width": 4,"Actual Startup Time": 0.047,"Actual Total Time": 0.057,"Actual Rows": 1,"Actual Loops": 5,"Filter": "(n_name = 'ALGERIA'::bpchar)","Rows Removed by Filter": 24,"Workers": []},{"Node Type": "Bitmap Heap Scan","Parent Relationship": "Inner","Parallel Aware": false,"Async Capable": false,"Relation Name": "supplier","Alias": "supplier","Startup Cost": 7.38,"Total Cost": 239.27,"Plan Rows": 400,"Plan Width": 34,"Actual Startup Time": 0.222,"Actual Total Time": 4.505,"Actual Rows": 420,"Actual Loops": 5,"Recheck Cond": "(s_nationkey = nation.n_nationkey)","Rows Removed by Index Recheck": 0,"Exact Heap Blocks": 197,"Lossy Heap Blocks": 0,"Workers": [],"Plans": [{"Node Type": "Bitmap Index Scan","Parent Relationship": "Outer","Parallel Aware": false,"Async Capable": false,"Index Name": "idx_supplier_nation_key","Startup Cost": 0.00,"Total Cost": 7.29,"Plan Rows": 400,"Plan Width": 0,"Actual Startup Time": 0.137,"Actual Total Time": 0.140,"Actual Rows": 420,"Actual Loops": 5,"Index Cond": "(s_nationkey = nation.n_nationkey)","Workers": []}]}]}]}]},{"Node Type": "Index Scan","Parent Relationship": "Inner","Parallel Aware": false,"Async Capable": false,"Scan Direction": "Forward","Index Name": "idx_lineitem_orderkey","Relation Name": "lineitem","Alias": "l3","Startup Cost": 0.43,"Total Cost": 1.06,"Plan Rows": 6,"Plan Width": 8,"Actual Startup Time": 0.003,"Actual Total Time": 0.003,"Actual Rows": 1,"Actual Loops": 159800,"Index Cond": "(l_orderkey = l1.l_orderkey)","Rows Removed by Index Recheck": 0,"Filter": "((l_receiptdate > l_commitdate) AND (l_suppkey <> l1.l_suppkey))","Rows Removed by Filter": 1,"Workers": []}]}]},{"Node Type": "Index Scan","Parent Relationship": "Inner","Parallel Aware": false,"Async Capable": false,"Scan Direction": "Forward","Index Name": "idx_lineitem_orderkey","Relation Name": "lineitem","Alias": "l2","Startup Cost": 0.43,"Total Cost": 1.02,"Plan Rows": 17,"Plan Width": 8,"Actual Startup Time": 0.007,"Actual Total Time": 0.007,"Actual Rows": 1,"Actual Loops": 14089,"Index Cond": "(l_orderkey = l1.l_orderkey)","Rows Removed by Index Recheck": 0,"Filter": "(l_suppkey <> l1.l_suppkey)","Rows Removed by Filter": 1}]},{"Node Type": "Index Scan","Parent Relationship": "Inner","Parallel Aware": false,"Async Capable": false,"Scan Direction": "Forward","Index Name": "orders_pkey","Relation Name": "orders","Alias": "orders","Startup Cost": 0.43,"Total Cost": 0.51,"Plan Rows": 1,"Plan Width": 4,"Actual Startup Time": 0.007,"Actual Total Time": 0.007,"Actual Rows": 0,"Actual Loops": 8430,"Index Cond": "(o_orderkey = l1.l_orderkey)","Rows Removed by Index Recheck": 0,"Filter": "(o_orderstatus = 'F'::bpchar)","Rows Removed by Filter": 1}]}]}]}]},"Planning Time": 9.770,"Triggers": [],"Execution Time": 531.084}]
[{"Plan": {"Node Type": "Sort","Parallel Aware": false,"Async Capable": false,"Startup Cost": 147378.80,"Total Cost": 147378.81,"Plan Rows": 1,"Plan Width": 34,"Actual Startup Time": 493.231,"Actual Total Time": 511.674,"Actual Rows": 376,"Actual Loops": 1,"Sort Key": ["(count(*)) DESC", "supplier.s_name"],"Sort Method": "quicksort","Sort Space Used": 54,"Sort Space Type": "Memory","Plans": [{"Node Type": "Aggregate","Strategy": "Sorted","Partial Mode": "Simple","Parent Relationship": "Outer","Parallel Aware": false,"Async Capable": false,"Startup Cost": 147378.77,"Total Cost": 147378.79,"Plan Rows": 1,"Plan Width": 34,"Actual Startup Time": 492.079,"Actual Total Time": 510.997,"Actual Rows": 376,"Actual Loops": 1,"Group Key": ["supplier.s_name"],"Plans": [{"Node Type": "Sort","Parent Relationship": "Outer","Parallel Aware": false,"Async Capable": false,"Startup Cost": 147378.77,"Total Cost": 147378.78,"Plan Rows": 1,"Plan Width": 26,"Actual Startup Time": 492.053,"Actual Total Time": 510.609,"Actual Rows": 3697,"Actual Loops": 1,"Sort Key": ["supplier.s_name"],"Sort Method": "quicksort","Sort Space Used": 356,"Sort Space Type": "Memory","Plans": [{"Node Type": "Nested Loop","Parent Relationship": "Outer","Parallel Aware": false,"Async Capable": false,"Join Type": "Inner","Startup Cost": 1250.87,"Total Cost": 147378.76,"Plan Rows": 1,"Plan Width": 26,"Actual Startup Time": 5.656,"Actual Total Time": 499.948,"Actual Rows": 3697,"Actual Loops": 1,"Inner Unique": true,"Plans": [{"Node Type": "Nested Loop","Parent Relationship": "Outer","Parallel Aware": false,"Async Capable": false,"Join Type": "Semi","Startup Cost": 1250.44,"Total Cost": 147378.26,"Plan Rows": 1,"Plan Width": 34,"Actual Startup Time": 5.611,"Actual Total Time": 438.655,"Actual Rows": 7589,"Actual Loops": 1,"Inner Unique": false,"Plans": [{"Node Type": "Gather","Parent Relationship": "Outer","Parallel Aware": false,"Async Capable": false,"Startup Cost": 1250.01,"Total Cost": 147377.22,"Plan Rows": 1,"Plan Width": 34,"Actual Startup Time": 4.591,"Actual Total Time": 336.749,"Actual Rows": 12677,"Actual Loops": 1,"Workers Planned": 4,"Workers Launched": 4,"Single Copy": false,"Plans": [{"Node Type": "Nested Loop","Parent Relationship": "Outer","Parallel Aware": false,"Async Capable": false,"Join Type": "Anti","Startup Cost": 250.01,"Total Cost": 146377.12,"Plan Rows": 1,"Plan Width": 34,"Actual Startup Time": 5.313,"Actual Total Time": 436.446,"Actual Rows": 2535,"Actual Loops": 5,"Inner Unique": false,"Workers": [],"Plans": [{"Node Type": "Hash Join","Parent Relationship": "Outer","Parallel Aware": false,"Async Capable": false,"Join Type": "Inner","Startup Cost": 249.58,"Total Cost": 133581.65,"Plan Rows": 19990,"Plan Width": 34,"Actual Startup Time": 5.158,"Actual Total Time": 352.526,"Actual Rows": 28439,"Actual Loops": 5,"Inner Unique": false,"Hash Cond": "(l1.l_suppkey = supplier.s_suppkey)","Workers": [],"Plans": [{"Node Type": "Seq Scan","Parent Relationship": "Outer","Parallel Aware": true,"Async Capable": false,"Relation Name": "lineitem","Alias": "l1","Startup Cost": 0.00,"Total Cost": 131256.80,"Plan Rows": 500101,"Plan Width": 8,"Actual Startup Time": 0.028,"Actual Total Time": 300.563,"Actual Rows": 758659,"Actual Loops": 5,"Filter": "(l_receiptdate > l_commitdate)","Rows Removed by Filter": 441584,"Workers": []},{"Node Type": "Hash","Parent Relationship": "Inner","Parallel Aware": false,"Async Capable": false,"Startup Cost": 244.58,"Total Cost": 244.58,"Plan Rows": 400,"Plan Width": 30,"Actual Startup Time": 4.780,"Actual Total Time": 4.790,"Actual Rows": 376,"Actual Loops": 5,"Hash Buckets": 1024,"Original Hash Buckets": 1024,"Hash Batches": 1,"Original Hash Batches": 1,"Peak Memory Usage": 32,"Workers": [],"Plans": [{"Node Type": "Nested Loop","Parent Relationship": "Outer","Parallel Aware": false,"Async Capable": false,"Join Type": "Inner","Startup Cost": 7.38,"Total Cost": 244.58,"Plan Rows": 400,"Plan Width": 30,"Actual Startup Time": 0.359,"Actual Total Time": 4.625,"Actual Rows": 376,"Actual Loops": 5,"Inner Unique": false,"Workers": [],"Plans": [{"Node Type": "Seq Scan","Parent Relationship": "Outer","Parallel Aware": false,"Async Capable": false,"Relation Name": "nation","Alias": "nation","Startup Cost": 0.00,"Total Cost": 1.31,"Plan Rows": 1,"Plan Width": 4,"Actual Startup Time": 0.066,"Actual Total Time": 0.070,"Actual Rows": 1,"Actual Loops": 5,"Filter": "(n_name = 'KENYA'::bpchar)","Rows Removed by Filter": 24,"Workers": []},{"Node Type": "Bitmap Heap Scan","Parent Relationship": "Inner","Parallel Aware": false,"Async Capable": false,"Relation Name": "supplier","Alias": "supplier","Startup Cost": 7.38,"Total Cost": 239.27,"Plan Rows": 400,"Plan Width": 34,"Actual Startup Time": 0.287,"Actual Total Time": 4.480,"Actual Rows": 376,"Actual Loops": 5,"Recheck Cond": "(s_nationkey = nation.n_nationkey)","Rows Removed by Index Recheck": 0,"Exact Heap Blocks": 179,"Lossy Heap Blocks": 0,"Workers": [],"Plans": [{"Node Type": "Bitmap Index Scan","Parent Relationship": "Outer","Parallel Aware": false,"Async Capable": false,"Index Name": "idx_supplier_nation_key","Startup Cost": 0.00,"Total Cost": 7.29,"Plan Rows": 400,"Plan Width": 0,"Actual Startup Time": 0.181,"Actual Total Time": 0.182,"Actual Rows": 376,"Actual Loops": 5,"Index Cond": "(s_nationkey = nation.n_nationkey)","Workers": []}]}]}]}]},{"Node Type": "Index Scan","Parent Relationship": "Inner","Parallel Aware": false,"Async Capable": false,"Scan Direction": "Forward","Index Name": "idx_lineitem_orderkey","Relation Name": "lineitem","Alias": "l3","Startup Cost": 0.43,"Total Cost": 1.06,"Plan Rows": 6,"Plan Width": 8,"Actual Startup Time": 0.003,"Actual Total Time": 0.003,"Actual Rows": 1,"Actual Loops": 142196,"Index Cond": "(l_orderkey = l1.l_orderkey)","Rows Removed by Index Recheck": 0,"Filter": "((l_receiptdate > l_commitdate) AND (l_suppkey <> l1.l_suppkey))","Rows Removed by Filter": 1,"Workers": []}]}]},{"Node Type": "Index Scan","Parent Relationship": "Inner","Parallel Aware": false,"Async Capable": false,"Scan Direction": "Forward","Index Name": "idx_lineitem_orderkey","Relation Name": "lineitem","Alias": "l2","Startup Cost": 0.43,"Total Cost": 1.02,"Plan Rows": 17,"Plan Width": 8,"Actual Startup Time": 0.008,"Actual Total Time": 0.008,"Actual Rows": 1,"Actual Loops": 12677,"Index Cond": "(l_orderkey = l1.l_orderkey)","Rows Removed by Index Recheck": 0,"Filter": "(l_suppkey <> l1.l_suppkey)","Rows Removed by Filter": 1}]},{"Node Type": "Index Scan","Parent Relationship": "Inner","Parallel Aware": false,"Async Capable": false,"Scan Direction": "Forward","Index Name": "orders_pkey","Relation Name": "orders","Alias": "orders","Startup Cost": 0.43,"Total Cost": 0.51,"Plan Rows": 1,"Plan Width": 4,"Actual Startup Time": 0.008,"Actual Total Time": 0.008,"Actual Rows": 0,"Actual Loops": 7589,"Index Cond": "(o_orderkey = l1.l_orderkey)","Rows Removed by Index Recheck": 0,"Filter": "(o_orderstatus = 'F'::bpchar)","Rows Removed by Filter": 1}]}]}]}]},"Planning Time": 8.298,"Triggers": [],"Execution Time": 512.274}]
[{"Plan": {"Node Type": "Sort","Parallel Aware": false,"Async Capable": false,"Startup Cost": 147378.80,"Total Cost": 147378.81,"Plan Rows": 1,"Plan Width": 34,"Actual Startup Time": 506.689,"Actual Total Time": 525.046,"Actual Rows": 415,"Actual Loops": 1,"Sort Key": ["(count(*)) DESC", "supplier.s_name"],"Sort Method": "quicksort","Sort Space Used": 57,"Sort Space Type": "Memory","Plans": [{"Node Type": "Aggregate","Strategy": "Sorted","Partial Mode": "Simple","Parent Relationship": "Outer","Parallel Aware": false,"Async Capable": false,"Startup Cost": 147378.77,"Total Cost": 147378.79,"Plan Rows": 1,"Plan Width": 34,"Actual Startup Time": 505.377,"Actual Total Time": 524.254,"Actual Rows": 415,"Actual Loops": 1,"Group Key": ["supplier.s_name"],"Plans": [{"Node Type": "Sort","Parent Relationship": "Outer","Parallel Aware": false,"Async Capable": false,"Startup Cost": 147378.77,"Total Cost": 147378.78,"Plan Rows": 1,"Plan Width": 26,"Actual Startup Time": 505.350,"Actual Total Time": 523.830,"Actual Rows": 4021,"Actual Loops": 1,"Sort Key": ["supplier.s_name"],"Sort Method": "quicksort","Sort Space Used": 379,"Sort Space Type": "Memory","Plans": [{"Node Type": "Nested Loop","Parent Relationship": "Outer","Parallel Aware": false,"Async Capable": false,"Join Type": "Inner","Startup Cost": 1250.87,"Total Cost": 147378.76,"Plan Rows": 1,"Plan Width": 26,"Actual Startup Time": 4.344,"Actual Total Time": 512.010,"Actual Rows": 4021,"Actual Loops": 1,"Inner Unique": true,"Plans": [{"Node Type": "Nested Loop","Parent Relationship": "Outer","Parallel Aware": false,"Async Capable": false,"Join Type": "Semi","Startup Cost": 1250.44,"Total Cost": 147378.26,"Plan Rows": 1,"Plan Width": 34,"Actual Startup Time": 4.308,"Actual Total Time": 447.240,"Actual Rows": 8423,"Actual Loops": 1,"Inner Unique": false,"Plans": [{"Node Type": "Gather","Parent Relationship": "Outer","Parallel Aware": false,"Async Capable": false,"Startup Cost": 1250.01,"Total Cost": 147377.22,"Plan Rows": 1,"Plan Width": 34,"Actual Startup Time": 4.250,"Actual Total Time": 340.738,"Actual Rows": 13873,"Actual Loops": 1,"Workers Planned": 4,"Workers Launched": 4,"Single Copy": false,"Plans": [{"Node Type": "Nested Loop","Parent Relationship": "Outer","Parallel Aware": false,"Async Capable": false,"Join Type": "Anti","Startup Cost": 250.01,"Total Cost": 146377.12,"Plan Rows": 1,"Plan Width": 34,"Actual Startup Time": 6.059,"Actual Total Time": 447.143,"Actual Rows": 2775,"Actual Loops": 5,"Inner Unique": false,"Workers": [],"Plans": [{"Node Type": "Hash Join","Parent Relationship": "Outer","Parallel Aware": false,"Async Capable": false,"Join Type": "Inner","Startup Cost": 249.58,"Total Cost": 133581.65,"Plan Rows": 19990,"Plan Width": 34,"Actual Startup Time": 5.350,"Actual Total Time": 355.670,"Actual Rows": 31496,"Actual Loops": 5,"Inner Unique": false,"Hash Cond": "(l1.l_suppkey = supplier.s_suppkey)","Workers": [],"Plans": [{"Node Type": "Seq Scan","Parent Relationship": "Outer","Parallel Aware": true,"Async Capable": false,"Relation Name": "lineitem","Alias": "l1","Startup Cost": 0.00,"Total Cost": 131256.80,"Plan Rows": 500101,"Plan Width": 8,"Actual Startup Time": 0.034,"Actual Total Time": 302.387,"Actual Rows": 758659,"Actual Loops": 5,"Filter": "(l_receiptdate > l_commitdate)","Rows Removed by Filter": 441584,"Workers": []},{"Node Type": "Hash","Parent Relationship": "Inner","Parallel Aware": false,"Async Capable": false,"Startup Cost": 244.58,"Total Cost": 244.58,"Plan Rows": 400,"Plan Width": 30,"Actual Startup Time": 5.023,"Actual Total Time": 5.034,"Actual Rows": 415,"Actual Loops": 5,"Hash Buckets": 1024,"Original Hash Buckets": 1024,"Hash Batches": 1,"Original Hash Batches": 1,"Peak Memory Usage": 34,"Workers": [],"Plans": [{"Node Type": "Nested Loop","Parent Relationship": "Outer","Parallel Aware": false,"Async Capable": false,"Join Type": "Inner","Startup Cost": 7.38,"Total Cost": 244.58,"Plan Rows": 400,"Plan Width": 30,"Actual Startup Time": 0.341,"Actual Total Time": 4.843,"Actual Rows": 415,"Actual Loops": 5,"Inner Unique": false,"Workers": [],"Plans": [{"Node Type": "Seq Scan","Parent Relationship": "Outer","Parallel Aware": false,"Async Capable": false,"Relation Name": "nation","Alias": "nation","Startup Cost": 0.00,"Total Cost": 1.31,"Plan Rows": 1,"Plan Width": 4,"Actual Startup Time": 0.054,"Actual Total Time": 0.060,"Actual Rows": 1,"Actual Loops": 5,"Filter": "(n_name = 'INDIA'::bpchar)","Rows Removed by Filter": 24,"Workers": []},{"Node Type": "Bitmap Heap Scan","Parent Relationship": "Inner","Parallel Aware": false,"Async Capable": false,"Relation Name": "supplier","Alias": "supplier","Startup Cost": 7.38,"Total Cost": 239.27,"Plan Rows": 400,"Plan Width": 34,"Actual Startup Time": 0.281,"Actual Total Time": 4.691,"Actual Rows": 415,"Actual Loops": 5,"Recheck Cond": "(s_nationkey = nation.n_nationkey)","Rows Removed by Index Recheck": 0,"Exact Heap Blocks": 186,"Lossy Heap Blocks": 0,"Workers": [],"Plans": [{"Node Type": "Bitmap Index Scan","Parent Relationship": "Outer","Parallel Aware": false,"Async Capable": false,"Index Name": "idx_supplier_nation_key","Startup Cost": 0.00,"Total Cost": 7.29,"Plan Rows": 400,"Plan Width": 0,"Actual Startup Time": 0.207,"Actual Total Time": 0.208,"Actual Rows": 415,"Actual Loops": 5,"Index Cond": "(s_nationkey = nation.n_nationkey)","Workers": []}]}]}]}]},{"Node Type": "Index Scan","Parent Relationship": "Inner","Parallel Aware": false,"Async Capable": false,"Scan Direction": "Forward","Index Name": "idx_lineitem_orderkey","Relation Name": "lineitem","Alias": "l3","Startup Cost": 0.43,"Total Cost": 1.06,"Plan Rows": 6,"Plan Width": 8,"Actual Startup Time": 0.003,"Actual Total Time": 0.003,"Actual Rows": 1,"Actual Loops": 157482,"Index Cond": "(l_orderkey = l1.l_orderkey)","Rows Removed by Index Recheck": 0,"Filter": "((l_receiptdate > l_commitdate) AND (l_suppkey <> l1.l_suppkey))","Rows Removed by Filter": 1,"Workers": []}]}]},{"Node Type": "Index Scan","Parent Relationship": "Inner","Parallel Aware": false,"Async Capable": false,"Scan Direction": "Forward","Index Name": "idx_lineitem_orderkey","Relation Name": "lineitem","Alias": "l2","Startup Cost": 0.43,"Total Cost": 1.02,"Plan Rows": 17,"Plan Width": 8,"Actual Startup Time": 0.007,"Actual Total Time": 0.007,"Actual Rows": 1,"Actual Loops": 13873,"Index Cond": "(l_orderkey = l1.l_orderkey)","Rows Removed by Index Recheck": 0,"Filter": "(l_suppkey <> l1.l_suppkey)","Rows Removed by Filter": 1}]},{"Node Type": "Index Scan","Parent Relationship": "Inner","Parallel Aware": false,"Async Capable": false,"Scan Direction": "Forward","Index Name": "orders_pkey","Relation Name": "orders","Alias": "orders","Startup Cost": 0.43,"Total Cost": 0.51,"Plan Rows": 1,"Plan Width": 4,"Actual Startup Time": 0.007,"Actual Total Time": 0.007,"Actual Rows": 0,"Actual Loops": 8423,"Index Cond": "(o_orderkey = l1.l_orderkey)","Rows Removed by Index Recheck": 0,"Filter": "(o_orderstatus = 'F'::bpchar)","Rows Removed by Filter": 1}]}]}]}]},"Planning Time": 9.331,"Triggers": [],"Execution Time": 525.561}]
[{"Plan": {"Node Type": "Sort","Parallel Aware": false,"Async Capable": false,"Startup Cost": 147378.80,"Total Cost": 147378.81,"Plan Rows": 1,"Plan Width": 34,"Actual Startup Time": 506.689,"Actual Total Time": 525.046,"Actual Rows": 415,"Actual Loops": 1,"Sort Key": ["(count(*)) DESC", "supplier.s_name"],"Sort Method": "quicksort","Sort Space Used": 57,"Sort Space Type": "Memory","Plans": [{"Node Type": "Aggregate","Strategy": "Sorted","Partial Mode": "Simple","Parent Relationship": "Outer","Parallel Aware": false,"Async Capable": false,"Startup Cost": 147378.77,"Total Cost": 147378.79,"Plan Rows": 1,"Plan Width": 34,"Actual Startup Time": 505.377,"Actual Total Time": 524.254,"Actual Rows": 415,"Actual Loops": 1,"Group Key": ["supplier.s_name"],"Plans": [{"Node Type": "Sort","Parent Relationship": "Outer","Parallel Aware": false,"Async Capable": false,"Startup Cost": 147378.77,"Total Cost": 147378.78,"Plan Rows": 1,"Plan Width": 26,"Actual Startup Time": 505.350,"Actual Total Time": 523.830,"Actual Rows": 4021,"Actual Loops": 1,"Sort Key": ["supplier.s_name"],"Sort Method": "quicksort","Sort Space Used": 379,"Sort Space Type": "Memory","Plans": [{"Node Type": "Nested Loop","Parent Relationship": "Outer","Parallel Aware": false,"Async Capable": false,"Join Type": "Inner","Startup Cost": 1250.87,"Total Cost": 147378.76,"Plan Rows": 1,"Plan Width": 26,"Actual Startup Time": 4.344,"Actual Total Time": 512.010,"Actual Rows": 4021,"Actual Loops": 1,"Inner Unique": true,"Plans": [{"Node Type": "Nested Loop","Parent Relationship": "Outer","Parallel Aware": false,"Async Capable": false,"Join Type": "Semi","Startup Cost": 1250.44,"Total Cost": 147378.26,"Plan Rows": 1,"Plan Width": 34,"Actual Startup Time": 4.308,"Actual Total Time": 447.240,"Actual Rows": 8423,"Actual Loops": 1,"Inner Unique": false,"Plans": [{"Node Type": "Gather","Parent Relationship": "Outer","Parallel Aware": false,"Async Capable": false,"Startup Cost": 1250.01,"Total Cost": 147377.22,"Plan Rows": 1,"Plan Width": 34,"Actual Startup Time": 4.250,"Actual Total Time": 340.738,"Actual Rows": 13873,"Actual Loops": 1,"Workers Planned": 4,"Workers Launched": 4,"Single Copy": false,"Plans": [{"Node Type": "Nested Loop","Parent Relationship": "Outer","Parallel Aware": false,"Async Capable": false,"Join Type": "Anti","Startup Cost": 250.01,"Total Cost": 146377.12,"Plan Rows": 1,"Plan Width": 34,"Actual Startup Time": 6.059,"Actual Total Time": 447.143,"Actual Rows": 2775,"Actual Loops": 5,"Inner Unique": false,"Workers": [],"Plans": [{"Node Type": "Hash Join","Parent Relationship": "Outer","Parallel Aware": false,"Async Capable": false,"Join Type": "Inner","Startup Cost": 249.58,"Total Cost": 133581.65,"Plan Rows": 19990,"Plan Width": 34,"Actual Startup Time": 5.350,"Actual Total Time": 355.670,"Actual Rows": 31496,"Actual Loops": 5,"Inner Unique": false,"Hash Cond": "(l1.l_suppkey = supplier.s_suppkey)","Workers": [],"Plans": [{"Node Type": "Seq Scan","Parent Relationship": "Outer","Parallel Aware": true,"Async Capable": false,"Relation Name": "lineitem","Alias": "l1","Startup Cost": 0.00,"Total Cost": 131256.80,"Plan Rows": 500101,"Plan Width": 8,"Actual Startup Time": 0.034,"Actual Total Time": 302.387,"Actual Rows": 758659,"Actual Loops": 5,"Filter": "(l_receiptdate > l_commitdate)","Rows Removed by Filter": 441584,"Workers": []},{"Node Type": "Hash","Parent Relationship": "Inner","Parallel Aware": false,"Async Capable": false,"Startup Cost": 244.58,"Total Cost": 244.58,"Plan Rows": 400,"Plan Width": 30,"Actual Startup Time": 5.023,"Actual Total Time": 5.034,"Actual Rows": 415,"Actual Loops": 5,"Hash Buckets": 1024,"Original Hash Buckets": 1024,"Hash Batches": 1,"Original Hash Batches": 1,"Peak Memory Usage": 34,"Workers": [],"Plans": [{"Node Type": "Nested Loop","Parent Relationship": "Outer","Parallel Aware": false,"Async Capable": false,"Join Type": "Inner","Startup Cost": 7.38,"Total Cost": 244.58,"Plan Rows": 400,"Plan Width": 30,"Actual Startup Time": 0.341,"Actual Total Time": 4.843,"Actual Rows": 415,"Actual Loops": 5,"Inner Unique": false,"Workers": [],"Plans": [{"Node Type": "Seq Scan","Parent Relationship": "Outer","Parallel Aware": false,"Async Capable": false,"Relation Name": "nation","Alias": "nation","Startup Cost": 0.00,"Total Cost": 1.31,"Plan Rows": 1,"Plan Width": 4,"Actual Startup Time": 0.054,"Actual Total Time": 0.060,"Actual Rows": 1,"Actual Loops": 5,"Filter": "(n_name = 'INDIA'::bpchar)","Rows Removed by Filter": 24,"Workers": []},{"Node Type": "Bitmap Heap Scan","Parent Relationship": "Inner","Parallel Aware": false,"Async Capable": false,"Relation Name": "supplier","Alias": "supplier","Startup Cost": 7.38,"Total Cost": 239.27,"Plan Rows": 400,"Plan Width": 34,"Actual Startup Time": 0.281,"Actual Total Time": 4.691,"Actual Rows": 415,"Actual Loops": 5,"Recheck Cond": "(s_nationkey = nation.n_nationkey)","Rows Removed by Index Recheck": 0,"Exact Heap Blocks": 186,"Lossy Heap Blocks": 0,"Workers": [],"Plans": [{"Node Type": "Bitmap Index Scan","Parent Relationship": "Outer","Parallel Aware": false,"Async Capable": false,"Index Name": "idx_supplier_nation_key","Startup Cost": 0.00,"Total Cost": 7.29,"Plan Rows": 400,"Plan Width": 0,"Actual Startup Time": 0.207,"Actual Total Time": 0.208,"Actual Rows": 415,"Actual Loops": 5,"Index Cond": "(s_nationkey = nation.n_nationkey)","Workers": []}]}]}]}]},{"Node Type": "Index Scan","Parent Relationship": "Inner","Parallel Aware": false,"Async Capable": false,"Scan Direction": "Forward","Index Name": "idx_lineitem_orderkey","Relation Name": "lineitem","Alias": "l3","Startup Cost": 0.43,"Total Cost": 1.06,"Plan Rows": 6,"Plan Width": 8,"Actual Startup Time": 0.003,"Actual Total Time": 0.003,"Actual Rows": 1,"Actual Loops": 157482,"Index Cond": "(l_orderkey = l1.l_orderkey)","Rows Removed by Index Recheck": 0,"Filter": "((l_receiptdate > l_commitdate) AND (l_suppkey <> l1.l_suppkey))","Rows Removed by Filter": 1,"Workers": []}]}]},{"Node Type": "Index Scan","Parent Relationship": "Inner","Parallel Aware": false,"Async Capable": false,"Scan Direction": "Forward","Index Name": "idx_lineitem_orderkey","Relation Name": "lineitem","Alias": "l2","Startup Cost": 0.43,"Total Cost": 1.02,"Plan Rows": 17,"Plan Width": 8,"Actual Startup Time": 0.007,"Actual Total Time": 0.007,"Actual Rows": 1,"Actual Loops": 13873,"Index Cond": "(l_orderkey = l1.l_orderkey)","Rows Removed by Index Recheck": 0,"Filter": "(l_suppkey <> l1.l_suppkey)","Rows Removed by Filter": 1}]},{"Node Type": "Index Scan","Parent Relationship": "Inner","Parallel Aware": false,"Async Capable": false,"Scan Direction": "Forward","Index Name": "orders_pkey","Relation Name": "orders","Alias": "orders","Startup Cost": 0.43,"Total Cost": 0.51,"Plan Rows": 1,"Plan Width": 4,"Actual Startup Time": 0.007,"Actual Total Time": 0.007,"Actual Rows": 0,"Actual Loops": 8423,"Index Cond": "(o_orderkey = l1.l_orderkey)","Rows Removed by Index Recheck": 0,"Filter": "(o_orderstatus = 'F'::bpchar)","Rows Removed by Filter": 1}]}]}]}]},"Planning Time": 9.331,"Triggers": [],"Execution Time": 525.561}]
[{"Plan": {"Node Type": "Sort","Parallel Aware": false,"Async Capable": false,"Startup Cost": 147378.80,"Total Cost": 147378.81,"Plan Rows": 1,"Plan Width": 34,"Actual Startup Time": 484.568,"Actual Total Time": 505.980,"Actual Rows": 362,"Actual Loops": 1,"Sort Key": ["(count(*)) DESC", "supplier.s_name"],"Sort Method": "quicksort","Sort Space Used": 53,"Sort Space Type": "Memory","Plans": [{"Node Type": "Aggregate","Strategy": "Sorted","Partial Mode": "Simple","Parent Relationship": "Outer","Parallel Aware": false,"Async Capable": false,"Startup Cost": 147378.77,"Total Cost": 147378.79,"Plan Rows": 1,"Plan Width": 34,"Actual Startup Time": 483.467,"Actual Total Time": 505.326,"Actual Rows": 362,"Actual Loops": 1,"Group Key": ["supplier.s_name"],"Plans": [{"Node Type": "Sort","Parent Relationship": "Outer","Parallel Aware": false,"Async Capable": false,"Startup Cost": 147378.77,"Total Cost": 147378.78,"Plan Rows": 1,"Plan Width": 26,"Actual Startup Time": 483.448,"Actual Total Time": 504.962,"Actual Rows": 3454,"Actual Loops": 1,"Sort Key": ["supplier.s_name"],"Sort Method": "quicksort","Sort Space Used": 339,"Sort Space Type": "Memory","Plans": [{"Node Type": "Nested Loop","Parent Relationship": "Outer","Parallel Aware": false,"Async Capable": false,"Join Type": "Inner","Startup Cost": 1250.87,"Total Cost": 147378.76,"Plan Rows": 1,"Plan Width": 26,"Actual Startup Time": 4.046,"Actual Total Time": 494.960,"Actual Rows": 3454,"Actual Loops": 1,"Inner Unique": true,"Plans": [{"Node Type": "Nested Loop","Parent Relationship": "Outer","Parallel Aware": false,"Async Capable": false,"Join Type": "Semi","Startup Cost": 1250.44,"Total Cost": 147378.26,"Plan Rows": 1,"Plan Width": 34,"Actual Startup Time": 3.697,"Actual Total Time": 437.513,"Actual Rows": 7167,"Actual Loops": 1,"Inner Unique": false,"Plans": [{"Node Type": "Gather","Parent Relationship": "Outer","Parallel Aware": false,"Async Capable": false,"Startup Cost": 1250.01,"Total Cost": 147377.22,"Plan Rows": 1,"Plan Width": 34,"Actual Startup Time": 3.682,"Actual Total Time": 337.976,"Actual Rows": 12136,"Actual Loops": 1,"Workers Planned": 4,"Workers Launched": 4,"Single Copy": false,"Plans": [{"Node Type": "Nested Loop","Parent Relationship": "Outer","Parallel Aware": false,"Async Capable": false,"Join Type": "Anti","Startup Cost": 250.01,"Total Cost": 146377.12,"Plan Rows": 1,"Plan Width": 34,"Actual Startup Time": 4.367,"Actual Total Time": 431.433,"Actual Rows": 2427,"Actual Loops": 5,"Inner Unique": false,"Workers": [],"Plans": [{"Node Type": "Hash Join","Parent Relationship": "Outer","Parallel Aware": false,"Async Capable": false,"Join Type": "Inner","Startup Cost": 249.58,"Total Cost": 133581.65,"Plan Rows": 19990,"Plan Width": 34,"Actual Startup Time": 4.181,"Actual Total Time": 349.984,"Actual Rows": 27450,"Actual Loops": 5,"Inner Unique": false,"Hash Cond": "(l1.l_suppkey = supplier.s_suppkey)","Workers": [],"Plans": [{"Node Type": "Seq Scan","Parent Relationship": "Outer","Parallel Aware": true,"Async Capable": false,"Relation Name": "lineitem","Alias": "l1","Startup Cost": 0.00,"Total Cost": 131256.80,"Plan Rows": 500101,"Plan Width": 8,"Actual Startup Time": 0.027,"Actual Total Time": 299.399,"Actual Rows": 758659,"Actual Loops": 5,"Filter": "(l_receiptdate > l_commitdate)","Rows Removed by Filter": 441584,"Workers": []},{"Node Type": "Hash","Parent Relationship": "Inner","Parallel Aware": false,"Async Capable": false,"Startup Cost": 244.58,"Total Cost": 244.58,"Plan Rows": 400,"Plan Width": 30,"Actual Startup Time": 3.849,"Actual Total Time": 3.862,"Actual Rows": 362,"Actual Loops": 5,"Hash Buckets": 1024,"Original Hash Buckets": 1024,"Hash Batches": 1,"Original Hash Batches": 1,"Peak Memory Usage": 31,"Workers": [],"Plans": [{"Node Type": "Nested Loop","Parent Relationship": "Outer","Parallel Aware": false,"Async Capable": false,"Join Type": "Inner","Startup Cost": 7.38,"Total Cost": 244.58,"Plan Rows": 400,"Plan Width": 30,"Actual Startup Time": 0.339,"Actual Total Time": 3.727,"Actual Rows": 362,"Actual Loops": 5,"Inner Unique": false,"Workers": [],"Plans": [{"Node Type": "Seq Scan","Parent Relationship": "Outer","Parallel Aware": false,"Async Capable": false,"Relation Name": "nation","Alias": "nation","Startup Cost": 0.00,"Total Cost": 1.31,"Plan Rows": 1,"Plan Width": 4,"Actual Startup Time": 0.061,"Actual Total Time": 0.064,"Actual Rows": 1,"Actual Loops": 5,"Filter": "(n_name = 'JORDAN'::bpchar)","Rows Removed by Filter": 24,"Workers": []},{"Node Type": "Bitmap Heap Scan","Parent Relationship": "Inner","Parallel Aware": false,"Async Capable": false,"Relation Name": "supplier","Alias": "supplier","Startup Cost": 7.38,"Total Cost": 239.27,"Plan Rows": 400,"Plan Width": 34,"Actual Startup Time": 0.272,"Actual Total Time": 3.601,"Actual Rows": 362,"Actual Loops": 5,"Recheck Cond": "(s_nationkey = nation.n_nationkey)","Rows Removed by Index Recheck": 0,"Exact Heap Blocks": 166,"Lossy Heap Blocks": 0,"Workers": [],"Plans": [{"Node Type": "Bitmap Index Scan","Parent Relationship": "Outer","Parallel Aware": false,"Async Capable": false,"Index Name": "idx_supplier_nation_key","Startup Cost": 0.00,"Total Cost": 7.29,"Plan Rows": 400,"Plan Width": 0,"Actual Startup Time": 0.176,"Actual Total Time": 0.178,"Actual Rows": 362,"Actual Loops": 5,"Index Cond": "(s_nationkey = nation.n_nationkey)","Workers": []}]}]}]}]},{"Node Type": "Index Scan","Parent Relationship": "Inner","Parallel Aware": false,"Async Capable": false,"Scan Direction": "Forward","Index Name": "idx_lineitem_orderkey","Relation Name": "lineitem","Alias": "l3","Startup Cost": 0.43,"Total Cost": 1.06,"Plan Rows": 6,"Plan Width": 8,"Actual Startup Time": 0.003,"Actual Total Time": 0.003,"Actual Rows": 1,"Actual Loops": 137252,"Index Cond": "(l_orderkey = l1.l_orderkey)","Rows Removed by Index Recheck": 0,"Filter": "((l_receiptdate > l_commitdate) AND (l_suppkey <> l1.l_suppkey))","Rows Removed by Filter": 1,"Workers": []}]}]},{"Node Type": "Index Scan","Parent Relationship": "Inner","Parallel Aware": false,"Async Capable": false,"Scan Direction": "Forward","Index Name": "idx_lineitem_orderkey","Relation Name": "lineitem","Alias": "l2","Startup Cost": 0.43,"Total Cost": 1.02,"Plan Rows": 17,"Plan Width": 8,"Actual Startup Time": 0.008,"Actual Total Time": 0.008,"Actual Rows": 1,"Actual Loops": 12136,"Index Cond": "(l_orderkey = l1.l_orderkey)","Rows Removed by Index Recheck": 0,"Filter": "(l_suppkey <> l1.l_suppkey)","Rows Removed by Filter": 1}]},{"Node Type": "Index Scan","Parent Relationship": "Inner","Parallel Aware": false,"Async Capable": false,"Scan Direction": "Forward","Index Name": "orders_pkey","Relation Name": "orders","Alias": "orders","Startup Cost": 0.43,"Total Cost": 0.51,"Plan Rows": 1,"Plan Width": 4,"Actual Startup Time": 0.008,"Actual Total Time": 0.008,"Actual Rows": 0,"Actual Loops": 7167,"Index Cond": "(o_orderkey = l1.l_orderkey)","Rows Removed by Index Recheck": 0,"Filter": "(o_orderstatus = 'F'::bpchar)","Rows Removed by Filter": 1}]}]}]}]},"Planning Time": 8.148,"Triggers": [],"Execution Time": 506.532}]
[{"Plan": {"Node Type": "Sort","Parallel Aware": false,"Async Capable": false,"Startup Cost": 147378.80,"Total Cost": 147378.81,"Plan Rows": 1,"Plan Width": 34,"Actual Startup Time": 499.004,"Actual Total Time": 520.055,"Actual Rows": 399,"Actual Loops": 1,"Sort Key": ["(count(*)) DESC", "supplier.s_name"],"Sort Method": "quicksort","Sort Space Used": 56,"Sort Space Type": "Memory","Plans": [{"Node Type": "Aggregate","Strategy": "Sorted","Partial Mode": "Simple","Parent Relationship": "Outer","Parallel Aware": false,"Async Capable": false,"Startup Cost": 147378.77,"Total Cost": 147378.79,"Plan Rows": 1,"Plan Width": 34,"Actual Startup Time": 497.768,"Actual Total Time": 519.326,"Actual Rows": 399,"Actual Loops": 1,"Group Key": ["supplier.s_name"],"Plans": [{"Node Type": "Sort","Parent Relationship": "Outer","Parallel Aware": false,"Async Capable": false,"Startup Cost": 147378.77,"Total Cost": 147378.78,"Plan Rows": 1,"Plan Width": 26,"Actual Startup Time": 497.754,"Actual Total Time": 518.925,"Actual Rows": 3901,"Actual Loops": 1,"Sort Key": ["supplier.s_name"],"Sort Method": "quicksort","Sort Space Used": 371,"Sort Space Type": "Memory","Plans": [{"Node Type": "Nested Loop","Parent Relationship": "Outer","Parallel Aware": false,"Async Capable": false,"Join Type": "Inner","Startup Cost": 1250.87,"Total Cost": 147378.76,"Plan Rows": 1,"Plan Width": 26,"Actual Startup Time": 5.425,"Actual Total Time": 507.475,"Actual Rows": 3901,"Actual Loops": 1,"Inner Unique": true,"Plans": [{"Node Type": "Nested Loop","Parent Relationship": "Outer","Parallel Aware": false,"Async Capable": false,"Join Type": "Semi","Startup Cost": 1250.44,"Total Cost": 147378.26,"Plan Rows": 1,"Plan Width": 34,"Actual Startup Time": 5.049,"Actual Total Time": 443.858,"Actual Rows": 7909,"Actual Loops": 1,"Inner Unique": false,"Plans": [{"Node Type": "Gather","Parent Relationship": "Outer","Parallel Aware": false,"Async Capable": false,"Startup Cost": 1250.01,"Total Cost": 147377.22,"Plan Rows": 1,"Plan Width": 34,"Actual Startup Time": 4.716,"Actual Total Time": 337.054,"Actual Rows": 13313,"Actual Loops": 1,"Workers Planned": 4,"Workers Launched": 4,"Single Copy": false,"Plans": [{"Node Type": "Nested Loop","Parent Relationship": "Outer","Parallel Aware": false,"Async Capable": false,"Join Type": "Anti","Startup Cost": 250.01,"Total Cost": 146377.12,"Plan Rows": 1,"Plan Width": 34,"Actual Startup Time": 4.762,"Actual Total Time": 442.169,"Actual Rows": 2663,"Actual Loops": 5,"Inner Unique": false,"Workers": [],"Plans": [{"Node Type": "Hash Join","Parent Relationship": "Outer","Parallel Aware": false,"Async Capable": false,"Join Type": "Inner","Startup Cost": 249.58,"Total Cost": 133581.65,"Plan Rows": 19990,"Plan Width": 34,"Actual Startup Time": 4.517,"Actual Total Time": 353.941,"Actual Rows": 30247,"Actual Loops": 5,"Inner Unique": false,"Hash Cond": "(l1.l_suppkey = supplier.s_suppkey)","Workers": [],"Plans": [{"Node Type": "Seq Scan","Parent Relationship": "Outer","Parallel Aware": true,"Async Capable": false,"Relation Name": "lineitem","Alias": "l1","Startup Cost": 0.00,"Total Cost": 131256.80,"Plan Rows": 500101,"Plan Width": 8,"Actual Startup Time": 0.021,"Actual Total Time": 302.084,"Actual Rows": 758659,"Actual Loops": 5,"Filter": "(l_receiptdate > l_commitdate)","Rows Removed by Filter": 441584,"Workers": []},{"Node Type": "Hash","Parent Relationship": "Inner","Parallel Aware": false,"Async Capable": false,"Startup Cost": 244.58,"Total Cost": 244.58,"Plan Rows": 400,"Plan Width": 30,"Actual Startup Time": 4.286,"Actual Total Time": 4.296,"Actual Rows": 399,"Actual Loops": 5,"Hash Buckets": 1024,"Original Hash Buckets": 1024,"Hash Batches": 1,"Original Hash Batches": 1,"Peak Memory Usage": 33,"Workers": [],"Plans": [{"Node Type": "Nested Loop","Parent Relationship": "Outer","Parallel Aware": false,"Async Capable": false,"Join Type": "Inner","Startup Cost": 7.38,"Total Cost": 244.58,"Plan Rows": 400,"Plan Width": 30,"Actual Startup Time": 0.243,"Actual Total Time": 4.128,"Actual Rows": 399,"Actual Loops": 5,"Inner Unique": false,"Workers": [],"Plans": [{"Node Type": "Seq Scan","Parent Relationship": "Outer","Parallel Aware": false,"Async Capable": false,"Relation Name": "nation","Alias": "nation","Startup Cost": 0.00,"Total Cost": 1.31,"Plan Rows": 1,"Plan Width": 4,"Actual Startup Time": 0.049,"Actual Total Time": 0.051,"Actual Rows": 1,"Actual Loops": 5,"Filter": "(n_name = 'VIETNAM'::bpchar)","Rows Removed by Filter": 24,"Workers": []},{"Node Type": "Bitmap Heap Scan","Parent Relationship": "Inner","Parallel Aware": false,"Async Capable": false,"Relation Name": "supplier","Alias": "supplier","Startup Cost": 7.38,"Total Cost": 239.27,"Plan Rows": 400,"Plan Width": 34,"Actual Startup Time": 0.189,"Actual Total Time": 4.007,"Actual Rows": 399,"Actual Loops": 5,"Recheck Cond": "(s_nationkey = nation.n_nationkey)","Rows Removed by Index Recheck": 0,"Exact Heap Blocks": 191,"Lossy Heap Blocks": 0,"Workers": [],"Plans": [{"Node Type": "Bitmap Index Scan","Parent Relationship": "Outer","Parallel Aware": false,"Async Capable": false,"Index Name": "idx_supplier_nation_key","Startup Cost": 0.00,"Total Cost": 7.29,"Plan Rows": 400,"Plan Width": 0,"Actual Startup Time": 0.123,"Actual Total Time": 0.125,"Actual Rows": 399,"Actual Loops": 5,"Index Cond": "(s_nationkey = nation.n_nationkey)","Workers": []}]}]}]}]},{"Node Type": "Index Scan","Parent Relationship": "Inner","Parallel Aware": false,"Async Capable": false,"Scan Direction": "Forward","Index Name": "idx_lineitem_orderkey","Relation Name": "lineitem","Alias": "l3","Startup Cost": 0.43,"Total Cost": 1.06,"Plan Rows": 6,"Plan Width": 8,"Actual Startup Time": 0.003,"Actual Total Time": 0.003,"Actual Rows": 1,"Actual Loops": 151237,"Index Cond": "(l_orderkey = l1.l_orderkey)","Rows Removed by Index Recheck": 0,"Filter": "((l_receiptdate > l_commitdate) AND (l_suppkey <> l1.l_suppkey))","Rows Removed by Filter": 1,"Workers": []}]}]},{"Node Type": "Index Scan","Parent Relationship": "Inner","Parallel Aware": false,"Async Capable": false,"Scan Direction": "Forward","Index Name": "idx_lineitem_orderkey","Relation Name": "lineitem","Alias": "l2","Startup Cost": 0.43,"Total Cost": 1.02,"Plan Rows": 17,"Plan Width": 8,"Actual Startup Time": 0.008,"Actual Total Time": 0.008,"Actual Rows": 1,"Actual Loops": 13313,"Index Cond": "(l_orderkey = l1.l_orderkey)","Rows Removed by Index Recheck": 0,"Filter": "(l_suppkey <> l1.l_suppkey)","Rows Removed by Filter": 1}]},{"Node Type": "Index Scan","Parent Relationship": "Inner","Parallel Aware": false,"Async Capable": false,"Scan Direction": "Forward","Index Name": "orders_pkey","Relation Name": "orders","Alias": "orders","Startup Cost": 0.43,"Total Cost": 0.51,"Plan Rows": 1,"Plan Width": 4,"Actual Startup Time": 0.008,"Actual Total Time": 0.008,"Actual Rows": 0,"Actual Loops": 7909,"Index Cond": "(o_orderkey = l1.l_orderkey)","Rows Removed by Index Recheck": 0,"Filter": "(o_orderstatus = 'F'::bpchar)","Rows Removed by Filter": 1}]}]}]}]},"Planning Time": 9.630,"Triggers": [],"Execution Time": 520.585}]
[{"Plan": {"Node Type": "Sort","Parallel Aware": false,"Async Capable": false,"Startup Cost": 147378.80,"Total Cost": 147378.81,"Plan Rows": 1,"Plan Width": 34,"Actual Startup Time": 493.231,"Actual Total Time": 511.674,"Actual Rows": 376,"Actual Loops": 1,"Sort Key": ["(count(*)) DESC", "supplier.s_name"],"Sort Method": "quicksort","Sort Space Used": 54,"Sort Space Type": "Memory","Plans": [{"Node Type": "Aggregate","Strategy": "Sorted","Partial Mode": "Simple","Parent Relationship": "Outer","Parallel Aware": false,"Async Capable": false,"Startup Cost": 147378.77,"Total Cost": 147378.79,"Plan Rows": 1,"Plan Width": 34,"Actual Startup Time": 492.079,"Actual Total Time": 510.997,"Actual Rows": 376,"Actual Loops": 1,"Group Key": ["supplier.s_name"],"Plans": [{"Node Type": "Sort","Parent Relationship": "Outer","Parallel Aware": false,"Async Capable": false,"Startup Cost": 147378.77,"Total Cost": 147378.78,"Plan Rows": 1,"Plan Width": 26,"Actual Startup Time": 492.053,"Actual Total Time": 510.609,"Actual Rows": 3697,"Actual Loops": 1,"Sort Key": ["supplier.s_name"],"Sort Method": "quicksort","Sort Space Used": 356,"Sort Space Type": "Memory","Plans": [{"Node Type": "Nested Loop","Parent Relationship": "Outer","Parallel Aware": false,"Async Capable": false,"Join Type": "Inner","Startup Cost": 1250.87,"Total Cost": 147378.76,"Plan Rows": 1,"Plan Width": 26,"Actual Startup Time": 5.656,"Actual Total Time": 499.948,"Actual Rows": 3697,"Actual Loops": 1,"Inner Unique": true,"Plans": [{"Node Type": "Nested Loop","Parent Relationship": "Outer","Parallel Aware": false,"Async Capable": false,"Join Type": "Semi","Startup Cost": 1250.44,"Total Cost": 147378.26,"Plan Rows": 1,"Plan Width": 34,"Actual Startup Time": 5.611,"Actual Total Time": 438.655,"Actual Rows": 7589,"Actual Loops": 1,"Inner Unique": false,"Plans": [{"Node Type": "Gather","Parent Relationship": "Outer","Parallel Aware": false,"Async Capable": false,"Startup Cost": 1250.01,"Total Cost": 147377.22,"Plan Rows": 1,"Plan Width": 34,"Actual Startup Time": 4.591,"Actual Total Time": 336.749,"Actual Rows": 12677,"Actual Loops": 1,"Workers Planned": 4,"Workers Launched": 4,"Single Copy": false,"Plans": [{"Node Type": "Nested Loop","Parent Relationship": "Outer","Parallel Aware": false,"Async Capable": false,"Join Type": "Anti","Startup Cost": 250.01,"Total Cost": 146377.12,"Plan Rows": 1,"Plan Width": 34,"Actual Startup Time": 5.313,"Actual Total Time": 436.446,"Actual Rows": 2535,"Actual Loops": 5,"Inner Unique": false,"Workers": [],"Plans": [{"Node Type": "Hash Join","Parent Relationship": "Outer","Parallel Aware": false,"Async Capable": false,"Join Type": "Inner","Startup Cost": 249.58,"Total Cost": 133581.65,"Plan Rows": 19990,"Plan Width": 34,"Actual Startup Time": 5.158,"Actual Total Time": 352.526,"Actual Rows": 28439,"Actual Loops": 5,"Inner Unique": false,"Hash Cond": "(l1.l_suppkey = supplier.s_suppkey)","Workers": [],"Plans": [{"Node Type": "Seq Scan","Parent Relationship": "Outer","Parallel Aware": true,"Async Capable": false,"Relation Name": "lineitem","Alias": "l1","Startup Cost": 0.00,"Total Cost": 131256.80,"Plan Rows": 500101,"Plan Width": 8,"Actual Startup Time": 0.028,"Actual Total Time": 300.563,"Actual Rows": 758659,"Actual Loops": 5,"Filter": "(l_receiptdate > l_commitdate)","Rows Removed by Filter": 441584,"Workers": []},{"Node Type": "Hash","Parent Relationship": "Inner","Parallel Aware": false,"Async Capable": false,"Startup Cost": 244.58,"Total Cost": 244.58,"Plan Rows": 400,"Plan Width": 30,"Actual Startup Time": 4.780,"Actual Total Time": 4.790,"Actual Rows": 376,"Actual Loops": 5,"Hash Buckets": 1024,"Original Hash Buckets": 1024,"Hash Batches": 1,"Original Hash Batches": 1,"Peak Memory Usage": 32,"Workers": [],"Plans": [{"Node Type": "Nested Loop","Parent Relationship": "Outer","Parallel Aware": false,"Async Capable": false,"Join Type": "Inner","Startup Cost": 7.38,"Total Cost": 244.58,"Plan Rows": 400,"Plan Width": 30,"Actual Startup Time": 0.359,"Actual Total Time": 4.625,"Actual Rows": 376,"Actual Loops": 5,"Inner Unique": false,"Workers": [],"Plans": [{"Node Type": "Seq Scan","Parent Relationship": "Outer","Parallel Aware": false,"Async Capable": false,"Relation Name": "nation","Alias": "nation","Startup Cost": 0.00,"Total Cost": 1.31,"Plan Rows": 1,"Plan Width": 4,"Actual Startup Time": 0.066,"Actual Total Time": 0.070,"Actual Rows": 1,"Actual Loops": 5,"Filter": "(n_name = 'KENYA'::bpchar)","Rows Removed by Filter": 24,"Workers": []},{"Node Type": "Bitmap Heap Scan","Parent Relationship": "Inner","Parallel Aware": false,"Async Capable": false,"Relation Name": "supplier","Alias": "supplier","Startup Cost": 7.38,"Total Cost": 239.27,"Plan Rows": 400,"Plan Width": 34,"Actual Startup Time": 0.287,"Actual Total Time": 4.480,"Actual Rows": 376,"Actual Loops": 5,"Recheck Cond": "(s_nationkey = nation.n_nationkey)","Rows Removed by Index Recheck": 0,"Exact Heap Blocks": 179,"Lossy Heap Blocks": 0,"Workers": [],"Plans": [{"Node Type": "Bitmap Index Scan","Parent Relationship": "Outer","Parallel Aware": false,"Async Capable": false,"Index Name": "idx_supplier_nation_key","Startup Cost": 0.00,"Total Cost": 7.29,"Plan Rows": 400,"Plan Width": 0,"Actual Startup Time": 0.181,"Actual Total Time": 0.182,"Actual Rows": 376,"Actual Loops": 5,"Index Cond": "(s_nationkey = nation.n_nationkey)","Workers": []}]}]}]}]},{"Node Type": "Index Scan","Parent Relationship": "Inner","Parallel Aware": false,"Async Capable": false,"Scan Direction": "Forward","Index Name": "idx_lineitem_orderkey","Relation Name": "lineitem","Alias": "l3","Startup Cost": 0.43,"Total Cost": 1.06,"Plan Rows": 6,"Plan Width": 8,"Actual Startup Time": 0.003,"Actual Total Time": 0.003,"Actual Rows": 1,"Actual Loops": 142196,"Index Cond": "(l_orderkey = l1.l_orderkey)","Rows Removed by Index Recheck": 0,"Filter": "((l_receiptdate > l_commitdate) AND (l_suppkey <> l1.l_suppkey))","Rows Removed by Filter": 1,"Workers": []}]}]},{"Node Type": "Index Scan","Parent Relationship": "Inner","Parallel Aware": false,"Async Capable": false,"Scan Direction": "Forward","Index Name": "idx_lineitem_orderkey","Relation Name": "lineitem","Alias": "l2","Startup Cost": 0.43,"Total Cost": 1.02,"Plan Rows": 17,"Plan Width": 8,"Actual Startup Time": 0.008,"Actual Total Time": 0.008,"Actual Rows": 1,"Actual Loops": 12677,"Index Cond": "(l_orderkey = l1.l_orderkey)","Rows Removed by Index Recheck": 0,"Filter": "(l_suppkey <> l1.l_suppkey)","Rows Removed by Filter": 1}]},{"Node Type": "Index Scan","Parent Relationship": "Inner","Parallel Aware": false,"Async Capable": false,"Scan Direction": "Forward","Index Name": "orders_pkey","Relation Name": "orders","Alias": "orders","Startup Cost": 0.43,"Total Cost": 0.51,"Plan Rows": 1,"Plan Width": 4,"Actual Startup Time": 0.008,"Actual Total Time": 0.008,"Actual Rows": 0,"Actual Loops": 7589,"Index Cond": "(o_orderkey = l1.l_orderkey)","Rows Removed by Index Recheck": 0,"Filter": "(o_orderstatus = 'F'::bpchar)","Rows Removed by Filter": 1}]}]}]}]},"Planning Time": 8.298,"Triggers": [],"Execution Time": 512.274}]
[{"Plan": {"Node Type": "Sort","Parallel Aware": false,"Async Capable": false,"Startup Cost": 147378.80,"Total Cost": 147378.81,"Plan Rows": 1,"Plan Width": 34,"Actual Startup Time": 503.423,"Actual Total Time": 521.004,"Actual Rows": 406,"Actual Loops": 1,"Sort Key": ["(count(*)) DESC", "supplier.s_name"],"Sort Method": "quicksort","Sort Space Used": 56,"Sort Space Type": "Memory","Plans": [{"Node Type": "Aggregate","Strategy": "Sorted","Partial Mode": "Simple","Parent Relationship": "Outer","Parallel Aware": false,"Async Capable": false,"Startup Cost": 147378.77,"Total Cost": 147378.79,"Plan Rows": 1,"Plan Width": 34,"Actual Startup Time": 502.176,"Actual Total Time": 520.280,"Actual Rows": 406,"Actual Loops": 1,"Group Key": ["supplier.s_name"],"Plans": [{"Node Type": "Sort","Parent Relationship": "Outer","Parallel Aware": false,"Async Capable": false,"Startup Cost": 147378.77,"Total Cost": 147378.78,"Plan Rows": 1,"Plan Width": 26,"Actual Startup Time": 502.147,"Actual Total Time": 519.852,"Actual Rows": 4052,"Actual Loops": 1,"Sort Key": ["supplier.s_name"],"Sort Method": "quicksort","Sort Space Used": 381,"Sort Space Type": "Memory","Plans": [{"Node Type": "Nested Loop","Parent Relationship": "Outer","Parallel Aware": false,"Async Capable": false,"Join Type": "Inner","Startup Cost": 1250.87,"Total Cost": 147378.76,"Plan Rows": 1,"Plan Width": 26,"Actual Startup Time": 4.486,"Actual Total Time": 508.290,"Actual Rows": 4052,"Actual Loops": 1,"Inner Unique": true,"Plans": [{"Node Type": "Nested Loop","Parent Relationship": "Outer","Parallel Aware": false,"Async Capable": false,"Join Type": "Semi","Startup Cost": 1250.44,"Total Cost": 147378.26,"Plan Rows": 1,"Plan Width": 34,"Actual Startup Time": 4.452,"Actual Total Time": 441.127,"Actual Rows": 8332,"Actual Loops": 1,"Inner Unique": false,"Plans": [{"Node Type": "Gather","Parent Relationship": "Outer","Parallel Aware": false,"Async Capable": false,"Startup Cost": 1250.01,"Total Cost": 147377.22,"Plan Rows": 1,"Plan Width": 34,"Actual Startup Time": 4.440,"Actual Total Time": 331.994,"Actual Rows": 13791,"Actual Loops": 1,"Workers Planned": 4,"Workers Launched": 4,"Single Copy": false,"Plans": [{"Node Type": "Nested Loop","Parent Relationship": "Outer","Parallel Aware": false,"Async Capable": false,"Join Type": "Anti","Startup Cost": 250.01,"Total Cost": 146377.12,"Plan Rows": 1,"Plan Width": 34,"Actual Startup Time": 4.624,"Actual Total Time": 442.937,"Actual Rows": 2758,"Actual Loops": 5,"Inner Unique": false,"Workers": [],"Plans": [{"Node Type": "Hash Join","Parent Relationship": "Outer","Parallel Aware": false,"Async Capable": false,"Join Type": "Inner","Startup Cost": 249.58,"Total Cost": 133581.65,"Plan Rows": 19990,"Plan Width": 34,"Actual Startup Time": 4.481,"Actual Total Time": 353.409,"Actual Rows": 30900,"Actual Loops": 5,"Inner Unique": false,"Hash Cond": "(l1.l_suppkey = supplier.s_suppkey)","Workers": [],"Plans": [{"Node Type": "Seq Scan","Parent Relationship": "Outer","Parallel Aware": true,"Async Capable": false,"Relation Name": "lineitem","Alias": "l1","Startup Cost": 0.00,"Total Cost": 131256.80,"Plan Rows": 500101,"Plan Width": 8,"Actual Startup Time": 0.029,"Actual Total Time": 301.270,"Actual Rows": 758659,"Actual Loops": 5,"Filter": "(l_receiptdate > l_commitdate)","Rows Removed by Filter": 441584,"Workers": []},{"Node Type": "Hash","Parent Relationship": "Inner","Parallel Aware": false,"Async Capable": false,"Startup Cost": 244.58,"Total Cost": 244.58,"Plan Rows": 400,"Plan Width": 30,"Actual Startup Time": 4.105,"Actual Total Time": 4.114,"Actual Rows": 406,"Actual Loops": 5,"Hash Buckets": 1024,"Original Hash Buckets": 1024,"Hash Batches": 1,"Original Hash Batches": 1,"Peak Memory Usage": 34,"Workers": [],"Plans": [{"Node Type": "Nested Loop","Parent Relationship": "Outer","Parallel Aware": false,"Async Capable": false,"Join Type": "Inner","Startup Cost": 7.38,"Total Cost": 244.58,"Plan Rows": 400,"Plan Width": 30,"Actual Startup Time": 0.252,"Actual Total Time": 3.975,"Actual Rows": 406,"Actual Loops": 5,"Inner Unique": false,"Workers": [],"Plans": [{"Node Type": "Seq Scan","Parent Relationship": "Outer","Parallel Aware": false,"Async Capable": false,"Relation Name": "nation","Alias": "nation","Startup Cost": 0.00,"Total Cost": 1.31,"Plan Rows": 1,"Plan Width": 4,"Actual Startup Time": 0.055,"Actual Total Time": 0.058,"Actual Rows": 1,"Actual Loops": 5,"Filter": "(n_name = 'MOZAMBIQUE'::bpchar)","Rows Removed by Filter": 24,"Workers": []},{"Node Type": "Bitmap Heap Scan","Parent Relationship": "Inner","Parallel Aware": false,"Async Capable": false,"Relation Name": "supplier","Alias": "supplier","Startup Cost": 7.38,"Total Cost": 239.27,"Plan Rows": 400,"Plan Width": 34,"Actual Startup Time": 0.193,"Actual Total Time": 3.854,"Actual Rows": 406,"Actual Loops": 5,"Recheck Cond": "(s_nationkey = nation.n_nationkey)","Rows Removed by Index Recheck": 0,"Exact Heap Blocks": 186,"Lossy Heap Blocks": 0,"Workers": [],"Plans": [{"Node Type": "Bitmap Index Scan","Parent Relationship": "Outer","Parallel Aware": false,"Async Capable": false,"Index Name": "idx_supplier_nation_key","Startup Cost": 0.00,"Total Cost": 7.29,"Plan Rows": 400,"Plan Width": 0,"Actual Startup Time": 0.125,"Actual Total Time": 0.126,"Actual Rows": 406,"Actual Loops": 5,"Index Cond": "(s_nationkey = nation.n_nationkey)","Workers": []}]}]}]}]},{"Node Type": "Index Scan","Parent Relationship": "Inner","Parallel Aware": false,"Async Capable": false,"Scan Direction": "Forward","Index Name": "idx_lineitem_orderkey","Relation Name": "lineitem","Alias": "l3","Startup Cost": 0.43,"Total Cost": 1.06,"Plan Rows": 6,"Plan Width": 8,"Actual Startup Time": 0.003,"Actual Total Time": 0.003,"Actual Rows": 1,"Actual Loops": 154501,"Index Cond": "(l_orderkey = l1.l_orderkey)","Rows Removed by Index Recheck": 0,"Filter": "((l_receiptdate > l_commitdate) AND (l_suppkey <> l1.l_suppkey))","Rows Removed by Filter": 1,"Workers": []}]}]},{"Node Type": "Index Scan","Parent Relationship": "Inner","Parallel Aware": false,"Async Capable": false,"Scan Direction": "Forward","Index Name": "idx_lineitem_orderkey","Relation Name": "lineitem","Alias": "l2","Startup Cost": 0.43,"Total Cost": 1.02,"Plan Rows": 17,"Plan Width": 8,"Actual Startup Time": 0.007,"Actual Total Time": 0.007,"Actual Rows": 1,"Actual Loops": 13791,"Index Cond": "(l_orderkey = l1.l_orderkey)","Rows Removed by Index Recheck": 0,"Filter": "(l_suppkey <> l1.l_suppkey)","Rows Removed by Filter": 1}]},{"Node Type": "Index Scan","Parent Relationship": "Inner","Parallel Aware": false,"Async Capable": false,"Scan Direction": "Forward","Index Name": "orders_pkey","Relation Name": "orders","Alias": "orders","Startup Cost": 0.43,"Total Cost": 0.51,"Plan Rows": 1,"Plan Width": 4,"Actual Startup Time": 0.008,"Actual Total Time": 0.008,"Actual Rows": 0,"Actual Loops": 8332,"Index Cond": "(o_orderkey = l1.l_orderkey)","Rows Removed by Index Recheck": 0,"Filter": "(o_orderstatus = 'F'::bpchar)","Rows Removed by Filter": 1}]}]}]}]},"Planning Time": 9.793,"Triggers": [],"Execution Time": 521.577}]
[{"Plan": {"Node Type": "Sort","Parallel Aware": false,"Async Capable": false,"Startup Cost": 147378.80,"Total Cost": 147378.81,"Plan Rows": 1,"Plan Width": 34,"Actual Startup Time": 511.931,"Actual Total Time": 527.174,"Actual Rows": 415,"Actual Loops": 1,"Sort Key": ["(count(*)) DESC", "supplier.s_name"],"Sort Method": "quicksort","Sort Space Used": 57,"Sort Space Type": "Memory","Plans": [{"Node Type": "Aggregate","Strategy": "Sorted","Partial Mode": "Simple","Parent Relationship": "Outer","Parallel Aware": false,"Async Capable": false,"Startup Cost": 147378.77,"Total Cost": 147378.79,"Plan Rows": 1,"Plan Width": 34,"Actual Startup Time": 510.675,"Actual Total Time": 526.442,"Actual Rows": 415,"Actual Loops": 1,"Group Key": ["supplier.s_name"],"Plans": [{"Node Type": "Sort","Parent Relationship": "Outer","Parallel Aware": false,"Async Capable": false,"Startup Cost": 147378.77,"Total Cost": 147378.78,"Plan Rows": 1,"Plan Width": 26,"Actual Startup Time": 510.644,"Actual Total Time": 526.012,"Actual Rows": 4112,"Actual Loops": 1,"Sort Key": ["supplier.s_name"],"Sort Method": "quicksort","Sort Space Used": 482,"Sort Space Type": "Memory","Plans": [{"Node Type": "Nested Loop","Parent Relationship": "Outer","Parallel Aware": false,"Async Capable": false,"Join Type": "Inner","Startup Cost": 1250.87,"Total Cost": 147378.76,"Plan Rows": 1,"Plan Width": 26,"Actual Startup Time": 4.482,"Actual Total Time": 514.049,"Actual Rows": 4112,"Actual Loops": 1,"Inner Unique": true,"Plans": [{"Node Type": "Nested Loop","Parent Relationship": "Outer","Parallel Aware": false,"Async Capable": false,"Join Type": "Semi","Startup Cost": 1250.44,"Total Cost": 147378.26,"Plan Rows": 1,"Plan Width": 34,"Actual Startup Time": 4.433,"Actual Total Time": 447.118,"Actual Rows": 8423,"Actual Loops": 1,"Inner Unique": false,"Plans": [{"Node Type": "Gather","Parent Relationship": "Outer","Parallel Aware": false,"Async Capable": false,"Startup Cost": 1250.01,"Total Cost": 147377.22,"Plan Rows": 1,"Plan Width": 34,"Actual Startup Time": 4.417,"Actual Total Time": 335.444,"Actual Rows": 14099,"Actual Loops": 1,"Workers Planned": 4,"Workers Launched": 4,"Single Copy": false,"Plans": [{"Node Type": "Nested Loop","Parent Relationship": "Outer","Parallel Aware": false,"Async Capable": false,"Join Type": "Anti","Startup Cost": 250.01,"Total Cost": 146377.12,"Plan Rows": 1,"Plan Width": 34,"Actual Startup Time": 5.494,"Actual Total Time": 449.293,"Actual Rows": 2820,"Actual Loops": 5,"Inner Unique": false,"Workers": [],"Plans": [{"Node Type": "Hash Join","Parent Relationship": "Outer","Parallel Aware": false,"Async Capable": false,"Join Type": "Inner","Startup Cost": 249.58,"Total Cost": 133581.65,"Plan Rows": 19990,"Plan Width": 34,"Actual Startup Time": 5.114,"Actual Total Time": 356.460,"Actual Rows": 31599,"Actual Loops": 5,"Inner Unique": false,"Hash Cond": "(l1.l_suppkey = supplier.s_suppkey)","Workers": [],"Plans": [{"Node Type": "Seq Scan","Parent Relationship": "Outer","Parallel Aware": true,"Async Capable": false,"Relation Name": "lineitem","Alias": "l1","Startup Cost": 0.00,"Total Cost": 131256.80,"Plan Rows": 500101,"Plan Width": 8,"Actual Startup Time": 0.028,"Actual Total Time": 305.044,"Actual Rows": 758659,"Actual Loops": 5,"Filter": "(l_receiptdate > l_commitdate)","Rows Removed by Filter": 441584,"Workers": []},{"Node Type": "Hash","Parent Relationship": "Inner","Parallel Aware": false,"Async Capable": false,"Startup Cost": 244.58,"Total Cost": 244.58,"Plan Rows": 400,"Plan Width": 30,"Actual Startup Time": 4.772,"Actual Total Time": 4.789,"Actual Rows": 415,"Actual Loops": 5,"Hash Buckets": 1024,"Original Hash Buckets": 1024,"Hash Batches": 1,"Original Hash Batches": 1,"Peak Memory Usage": 34,"Workers": [],"Plans": [{"Node Type": "Nested Loop","Parent Relationship": "Outer","Parallel Aware": false,"Async Capable": false,"Join Type": "Inner","Startup Cost": 7.38,"Total Cost": 244.58,"Plan Rows": 400,"Plan Width": 30,"Actual Startup Time": 0.307,"Actual Total Time": 4.608,"Actual Rows": 415,"Actual Loops": 5,"Inner Unique": false,"Workers": [],"Plans": [{"Node Type": "Seq Scan","Parent Relationship": "Outer","Parallel Aware": false,"Async Capable": false,"Relation Name": "nation","Alias": "nation","Startup Cost": 0.00,"Total Cost": 1.31,"Plan Rows": 1,"Plan Width": 4,"Actual Startup Time": 0.059,"Actual Total Time": 0.064,"Actual Rows": 1,"Actual Loops": 5,"Filter": "(n_name = 'EGYPT'::bpchar)","Rows Removed by Filter": 24,"Workers": []},{"Node Type": "Bitmap Heap Scan","Parent Relationship": "Inner","Parallel Aware": false,"Async Capable": false,"Relation Name": "supplier","Alias": "supplier","Startup Cost": 7.38,"Total Cost": 239.27,"Plan Rows": 400,"Plan Width": 34,"Actual Startup Time": 0.244,"Actual Total Time": 4.451,"Actual Rows": 415,"Actual Loops": 5,"Recheck Cond": "(s_nationkey = nation.n_nationkey)","Rows Removed by Index Recheck": 0,"Exact Heap Blocks": 183,"Lossy Heap Blocks": 0,"Workers": [],"Plans": [{"Node Type": "Bitmap Index Scan","Parent Relationship": "Outer","Parallel Aware": false,"Async Capable": false,"Index Name": "idx_supplier_nation_key","Startup Cost": 0.00,"Total Cost": 7.29,"Plan Rows": 400,"Plan Width": 0,"Actual Startup Time": 0.159,"Actual Total Time": 0.162,"Actual Rows": 415,"Actual Loops": 5,"Index Cond": "(s_nationkey = nation.n_nationkey)","Workers": []}]}]}]}]},{"Node Type": "Index Scan","Parent Relationship": "Inner","Parallel Aware": false,"Async Capable": false,"Scan Direction": "Forward","Index Name": "idx_lineitem_orderkey","Relation Name": "lineitem","Alias": "l3","Startup Cost": 0.43,"Total Cost": 1.06,"Plan Rows": 6,"Plan Width": 8,"Actual Startup Time": 0.003,"Actual Total Time": 0.003,"Actual Rows": 1,"Actual Loops": 157994,"Index Cond": "(l_orderkey = l1.l_orderkey)","Rows Removed by Index Recheck": 0,"Filter": "((l_receiptdate > l_commitdate) AND (l_suppkey <> l1.l_suppkey))","Rows Removed by Filter": 1,"Workers": []}]}]},{"Node Type": "Index Scan","Parent Relationship": "Inner","Parallel Aware": false,"Async Capable": false,"Scan Direction": "Forward","Index Name": "idx_lineitem_orderkey","Relation Name": "lineitem","Alias": "l2","Startup Cost": 0.43,"Total Cost": 1.02,"Plan Rows": 17,"Plan Width": 8,"Actual Startup Time": 0.007,"Actual Total Time": 0.007,"Actual Rows": 1,"Actual Loops": 14099,"Index Cond": "(l_orderkey = l1.l_orderkey)","Rows Removed by Index Recheck": 0,"Filter": "(l_suppkey <> l1.l_suppkey)","Rows Removed by Filter": 1}]},{"Node Type": "Index Scan","Parent Relationship": "Inner","Parallel Aware": false,"Async Capable": false,"Scan Direction": "Forward","Index Name": "orders_pkey","Relation Name": "orders","Alias": "orders","Startup Cost": 0.43,"Total Cost": 0.51,"Plan Rows": 1,"Plan Width": 4,"Actual Startup Time": 0.008,"Actual Total Time": 0.008,"Actual Rows": 0,"Actual Loops": 8423,"Index Cond": "(o_orderkey = l1.l_orderkey)","Rows Removed by Index Recheck": 0,"Filter": "(o_orderstatus = 'F'::bpchar)","Rows Removed by Filter": 1}]}]}]}]},"Planning Time": 8.195,"Triggers": [],"Execution Time": 527.804}]
[{"Plan": {"Node Type": "Sort","Parallel Aware": false,"Async Capable": false,"Startup Cost": 147378.80,"Total Cost": 147378.81,"Plan Rows": 1,"Plan Width": 34,"Actual Startup Time": 503.423,"Actual Total Time": 521.004,"Actual Rows": 406,"Actual Loops": 1,"Sort Key": ["(count(*)) DESC", "supplier.s_name"],"Sort Method": "quicksort","Sort Space Used": 56,"Sort Space Type": "Memory","Plans": [{"Node Type": "Aggregate","Strategy": "Sorted","Partial Mode": "Simple","Parent Relationship": "Outer","Parallel Aware": false,"Async Capable": false,"Startup Cost": 147378.77,"Total Cost": 147378.79,"Plan Rows": 1,"Plan Width": 34,"Actual Startup Time": 502.176,"Actual Total Time": 520.280,"Actual Rows": 406,"Actual Loops": 1,"Group Key": ["supplier.s_name"],"Plans": [{"Node Type": "Sort","Parent Relationship": "Outer","Parallel Aware": false,"Async Capable": false,"Startup Cost": 147378.77,"Total Cost": 147378.78,"Plan Rows": 1,"Plan Width": 26,"Actual Startup Time": 502.147,"Actual Total Time": 519.852,"Actual Rows": 4052,"Actual Loops": 1,"Sort Key": ["supplier.s_name"],"Sort Method": "quicksort","Sort Space Used": 381,"Sort Space Type": "Memory","Plans": [{"Node Type": "Nested Loop","Parent Relationship": "Outer","Parallel Aware": false,"Async Capable": false,"Join Type": "Inner","Startup Cost": 1250.87,"Total Cost": 147378.76,"Plan Rows": 1,"Plan Width": 26,"Actual Startup Time": 4.486,"Actual Total Time": 508.290,"Actual Rows": 4052,"Actual Loops": 1,"Inner Unique": true,"Plans": [{"Node Type": "Nested Loop","Parent Relationship": "Outer","Parallel Aware": false,"Async Capable": false,"Join Type": "Semi","Startup Cost": 1250.44,"Total Cost": 147378.26,"Plan Rows": 1,"Plan Width": 34,"Actual Startup Time": 4.452,"Actual Total Time": 441.127,"Actual Rows": 8332,"Actual Loops": 1,"Inner Unique": false,"Plans": [{"Node Type": "Gather","Parent Relationship": "Outer","Parallel Aware": false,"Async Capable": false,"Startup Cost": 1250.01,"Total Cost": 147377.22,"Plan Rows": 1,"Plan Width": 34,"Actual Startup Time": 4.440,"Actual Total Time": 331.994,"Actual Rows": 13791,"Actual Loops": 1,"Workers Planned": 4,"Workers Launched": 4,"Single Copy": false,"Plans": [{"Node Type": "Nested Loop","Parent Relationship": "Outer","Parallel Aware": false,"Async Capable": false,"Join Type": "Anti","Startup Cost": 250.01,"Total Cost": 146377.12,"Plan Rows": 1,"Plan Width": 34,"Actual Startup Time": 4.624,"Actual Total Time": 442.937,"Actual Rows": 2758,"Actual Loops": 5,"Inner Unique": false,"Workers": [],"Plans": [{"Node Type": "Hash Join","Parent Relationship": "Outer","Parallel Aware": false,"Async Capable": false,"Join Type": "Inner","Startup Cost": 249.58,"Total Cost": 133581.65,"Plan Rows": 19990,"Plan Width": 34,"Actual Startup Time": 4.481,"Actual Total Time": 353.409,"Actual Rows": 30900,"Actual Loops": 5,"Inner Unique": false,"Hash Cond": "(l1.l_suppkey = supplier.s_suppkey)","Workers": [],"Plans": [{"Node Type": "Seq Scan","Parent Relationship": "Outer","Parallel Aware": true,"Async Capable": false,"Relation Name": "lineitem","Alias": "l1","Startup Cost": 0.00,"Total Cost": 131256.80,"Plan Rows": 500101,"Plan Width": 8,"Actual Startup Time": 0.029,"Actual Total Time": 301.270,"Actual Rows": 758659,"Actual Loops": 5,"Filter": "(l_receiptdate > l_commitdate)","Rows Removed by Filter": 441584,"Workers": []},{"Node Type": "Hash","Parent Relationship": "Inner","Parallel Aware": false,"Async Capable": false,"Startup Cost": 244.58,"Total Cost": 244.58,"Plan Rows": 400,"Plan Width": 30,"Actual Startup Time": 4.105,"Actual Total Time": 4.114,"Actual Rows": 406,"Actual Loops": 5,"Hash Buckets": 1024,"Original Hash Buckets": 1024,"Hash Batches": 1,"Original Hash Batches": 1,"Peak Memory Usage": 34,"Workers": [],"Plans": [{"Node Type": "Nested Loop","Parent Relationship": "Outer","Parallel Aware": false,"Async Capable": false,"Join Type": "Inner","Startup Cost": 7.38,"Total Cost": 244.58,"Plan Rows": 400,"Plan Width": 30,"Actual Startup Time": 0.252,"Actual Total Time": 3.975,"Actual Rows": 406,"Actual Loops": 5,"Inner Unique": false,"Workers": [],"Plans": [{"Node Type": "Seq Scan","Parent Relationship": "Outer","Parallel Aware": false,"Async Capable": false,"Relation Name": "nation","Alias": "nation","Startup Cost": 0.00,"Total Cost": 1.31,"Plan Rows": 1,"Plan Width": 4,"Actual Startup Time": 0.055,"Actual Total Time": 0.058,"Actual Rows": 1,"Actual Loops": 5,"Filter": "(n_name = 'MOZAMBIQUE'::bpchar)","Rows Removed by Filter": 24,"Workers": []},{"Node Type": "Bitmap Heap Scan","Parent Relationship": "Inner","Parallel Aware": false,"Async Capable": false,"Relation Name": "supplier","Alias": "supplier","Startup Cost": 7.38,"Total Cost": 239.27,"Plan Rows": 400,"Plan Width": 34,"Actual Startup Time": 0.193,"Actual Total Time": 3.854,"Actual Rows": 406,"Actual Loops": 5,"Recheck Cond": "(s_nationkey = nation.n_nationkey)","Rows Removed by Index Recheck": 0,"Exact Heap Blocks": 186,"Lossy Heap Blocks": 0,"Workers": [],"Plans": [{"Node Type": "Bitmap Index Scan","Parent Relationship": "Outer","Parallel Aware": false,"Async Capable": false,"Index Name": "idx_supplier_nation_key","Startup Cost": 0.00,"Total Cost": 7.29,"Plan Rows": 400,"Plan Width": 0,"Actual Startup Time": 0.125,"Actual Total Time": 0.126,"Actual Rows": 406,"Actual Loops": 5,"Index Cond": "(s_nationkey = nation.n_nationkey)","Workers": []}]}]}]}]},{"Node Type": "Index Scan","Parent Relationship": "Inner","Parallel Aware": false,"Async Capable": false,"Scan Direction": "Forward","Index Name": "idx_lineitem_orderkey","Relation Name": "lineitem","Alias": "l3","Startup Cost": 0.43,"Total Cost": 1.06,"Plan Rows": 6,"Plan Width": 8,"Actual Startup Time": 0.003,"Actual Total Time": 0.003,"Actual Rows": 1,"Actual Loops": 154501,"Index Cond": "(l_orderkey = l1.l_orderkey)","Rows Removed by Index Recheck": 0,"Filter": "((l_receiptdate > l_commitdate) AND (l_suppkey <> l1.l_suppkey))","Rows Removed by Filter": 1,"Workers": []}]}]},{"Node Type": "Index Scan","Parent Relationship": "Inner","Parallel Aware": false,"Async Capable": false,"Scan Direction": "Forward","Index Name": "idx_lineitem_orderkey","Relation Name": "lineitem","Alias": "l2","Startup Cost": 0.43,"Total Cost": 1.02,"Plan Rows": 17,"Plan Width": 8,"Actual Startup Time": 0.007,"Actual Total Time": 0.007,"Actual Rows": 1,"Actual Loops": 13791,"Index Cond": "(l_orderkey = l1.l_orderkey)","Rows Removed by Index Recheck": 0,"Filter": "(l_suppkey <> l1.l_suppkey)","Rows Removed by Filter": 1}]},{"Node Type": "Index Scan","Parent Relationship": "Inner","Parallel Aware": false,"Async Capable": false,"Scan Direction": "Forward","Index Name": "orders_pkey","Relation Name": "orders","Alias": "orders","Startup Cost": 0.43,"Total Cost": 0.51,"Plan Rows": 1,"Plan Width": 4,"Actual Startup Time": 0.008,"Actual Total Time": 0.008,"Actual Rows": 0,"Actual Loops": 8332,"Index Cond": "(o_orderkey = l1.l_orderkey)","Rows Removed by Index Recheck": 0,"Filter": "(o_orderstatus = 'F'::bpchar)","Rows Removed by Filter": 1}]}]}]}]},"Planning Time": 9.793,"Triggers": [],"Execution Time": 521.577}]
[{"Plan": {"Node Type": "Sort","Parallel Aware": false,"Async Capable": false,"Startup Cost": 147378.80,"Total Cost": 147378.81,"Plan Rows": 1,"Plan Width": 34,"Actual Startup Time": 499.004,"Actual Total Time": 520.055,"Actual Rows": 399,"Actual Loops": 1,"Sort Key": ["(count(*)) DESC", "supplier.s_name"],"Sort Method": "quicksort","Sort Space Used": 56,"Sort Space Type": "Memory","Plans": [{"Node Type": "Aggregate","Strategy": "Sorted","Partial Mode": "Simple","Parent Relationship": "Outer","Parallel Aware": false,"Async Capable": false,"Startup Cost": 147378.77,"Total Cost": 147378.79,"Plan Rows": 1,"Plan Width": 34,"Actual Startup Time": 497.768,"Actual Total Time": 519.326,"Actual Rows": 399,"Actual Loops": 1,"Group Key": ["supplier.s_name"],"Plans": [{"Node Type": "Sort","Parent Relationship": "Outer","Parallel Aware": false,"Async Capable": false,"Startup Cost": 147378.77,"Total Cost": 147378.78,"Plan Rows": 1,"Plan Width": 26,"Actual Startup Time": 497.754,"Actual Total Time": 518.925,"Actual Rows": 3901,"Actual Loops": 1,"Sort Key": ["supplier.s_name"],"Sort Method": "quicksort","Sort Space Used": 371,"Sort Space Type": "Memory","Plans": [{"Node Type": "Nested Loop","Parent Relationship": "Outer","Parallel Aware": false,"Async Capable": false,"Join Type": "Inner","Startup Cost": 1250.87,"Total Cost": 147378.76,"Plan Rows": 1,"Plan Width": 26,"Actual Startup Time": 5.425,"Actual Total Time": 507.475,"Actual Rows": 3901,"Actual Loops": 1,"Inner Unique": true,"Plans": [{"Node Type": "Nested Loop","Parent Relationship": "Outer","Parallel Aware": false,"Async Capable": false,"Join Type": "Semi","Startup Cost": 1250.44,"Total Cost": 147378.26,"Plan Rows": 1,"Plan Width": 34,"Actual Startup Time": 5.049,"Actual Total Time": 443.858,"Actual Rows": 7909,"Actual Loops": 1,"Inner Unique": false,"Plans": [{"Node Type": "Gather","Parent Relationship": "Outer","Parallel Aware": false,"Async Capable": false,"Startup Cost": 1250.01,"Total Cost": 147377.22,"Plan Rows": 1,"Plan Width": 34,"Actual Startup Time": 4.716,"Actual Total Time": 337.054,"Actual Rows": 13313,"Actual Loops": 1,"Workers Planned": 4,"Workers Launched": 4,"Single Copy": false,"Plans": [{"Node Type": "Nested Loop","Parent Relationship": "Outer","Parallel Aware": false,"Async Capable": false,"Join Type": "Anti","Startup Cost": 250.01,"Total Cost": 146377.12,"Plan Rows": 1,"Plan Width": 34,"Actual Startup Time": 4.762,"Actual Total Time": 442.169,"Actual Rows": 2663,"Actual Loops": 5,"Inner Unique": false,"Workers": [],"Plans": [{"Node Type": "Hash Join","Parent Relationship": "Outer","Parallel Aware": false,"Async Capable": false,"Join Type": "Inner","Startup Cost": 249.58,"Total Cost": 133581.65,"Plan Rows": 19990,"Plan Width": 34,"Actual Startup Time": 4.517,"Actual Total Time": 353.941,"Actual Rows": 30247,"Actual Loops": 5,"Inner Unique": false,"Hash Cond": "(l1.l_suppkey = supplier.s_suppkey)","Workers": [],"Plans": [{"Node Type": "Seq Scan","Parent Relationship": "Outer","Parallel Aware": true,"Async Capable": false,"Relation Name": "lineitem","Alias": "l1","Startup Cost": 0.00,"Total Cost": 131256.80,"Plan Rows": 500101,"Plan Width": 8,"Actual Startup Time": 0.021,"Actual Total Time": 302.084,"Actual Rows": 758659,"Actual Loops": 5,"Filter": "(l_receiptdate > l_commitdate)","Rows Removed by Filter": 441584,"Workers": []},{"Node Type": "Hash","Parent Relationship": "Inner","Parallel Aware": false,"Async Capable": false,"Startup Cost": 244.58,"Total Cost": 244.58,"Plan Rows": 400,"Plan Width": 30,"Actual Startup Time": 4.286,"Actual Total Time": 4.296,"Actual Rows": 399,"Actual Loops": 5,"Hash Buckets": 1024,"Original Hash Buckets": 1024,"Hash Batches": 1,"Original Hash Batches": 1,"Peak Memory Usage": 33,"Workers": [],"Plans": [{"Node Type": "Nested Loop","Parent Relationship": "Outer","Parallel Aware": false,"Async Capable": false,"Join Type": "Inner","Startup Cost": 7.38,"Total Cost": 244.58,"Plan Rows": 400,"Plan Width": 30,"Actual Startup Time": 0.243,"Actual Total Time": 4.128,"Actual Rows": 399,"Actual Loops": 5,"Inner Unique": false,"Workers": [],"Plans": [{"Node Type": "Seq Scan","Parent Relationship": "Outer","Parallel Aware": false,"Async Capable": false,"Relation Name": "nation","Alias": "nation","Startup Cost": 0.00,"Total Cost": 1.31,"Plan Rows": 1,"Plan Width": 4,"Actual Startup Time": 0.049,"Actual Total Time": 0.051,"Actual Rows": 1,"Actual Loops": 5,"Filter": "(n_name = 'VIETNAM'::bpchar)","Rows Removed by Filter": 24,"Workers": []},{"Node Type": "Bitmap Heap Scan","Parent Relationship": "Inner","Parallel Aware": false,"Async Capable": false,"Relation Name": "supplier","Alias": "supplier","Startup Cost": 7.38,"Total Cost": 239.27,"Plan Rows": 400,"Plan Width": 34,"Actual Startup Time": 0.189,"Actual Total Time": 4.007,"Actual Rows": 399,"Actual Loops": 5,"Recheck Cond": "(s_nationkey = nation.n_nationkey)","Rows Removed by Index Recheck": 0,"Exact Heap Blocks": 191,"Lossy Heap Blocks": 0,"Workers": [],"Plans": [{"Node Type": "Bitmap Index Scan","Parent Relationship": "Outer","Parallel Aware": false,"Async Capable": false,"Index Name": "idx_supplier_nation_key","Startup Cost": 0.00,"Total Cost": 7.29,"Plan Rows": 400,"Plan Width": 0,"Actual Startup Time": 0.123,"Actual Total Time": 0.125,"Actual Rows": 399,"Actual Loops": 5,"Index Cond": "(s_nationkey = nation.n_nationkey)","Workers": []}]}]}]}]},{"Node Type": "Index Scan","Parent Relationship": "Inner","Parallel Aware": false,"Async Capable": false,"Scan Direction": "Forward","Index Name": "idx_lineitem_orderkey","Relation Name": "lineitem","Alias": "l3","Startup Cost": 0.43,"Total Cost": 1.06,"Plan Rows": 6,"Plan Width": 8,"Actual Startup Time": 0.003,"Actual Total Time": 0.003,"Actual Rows": 1,"Actual Loops": 151237,"Index Cond": "(l_orderkey = l1.l_orderkey)","Rows Removed by Index Recheck": 0,"Filter": "((l_receiptdate > l_commitdate) AND (l_suppkey <> l1.l_suppkey))","Rows Removed by Filter": 1,"Workers": []}]}]},{"Node Type": "Index Scan","Parent Relationship": "Inner","Parallel Aware": false,"Async Capable": false,"Scan Direction": "Forward","Index Name": "idx_lineitem_orderkey","Relation Name": "lineitem","Alias": "l2","Startup Cost": 0.43,"Total Cost": 1.02,"Plan Rows": 17,"Plan Width": 8,"Actual Startup Time": 0.008,"Actual Total Time": 0.008,"Actual Rows": 1,"Actual Loops": 13313,"Index Cond": "(l_orderkey = l1.l_orderkey)","Rows Removed by Index Recheck": 0,"Filter": "(l_suppkey <> l1.l_suppkey)","Rows Removed by Filter": 1}]},{"Node Type": "Index Scan","Parent Relationship": "Inner","Parallel Aware": false,"Async Capable": false,"Scan Direction": "Forward","Index Name": "orders_pkey","Relation Name": "orders","Alias": "orders","Startup Cost": 0.43,"Total Cost": 0.51,"Plan Rows": 1,"Plan Width": 4,"Actual Startup Time": 0.008,"Actual Total Time": 0.008,"Actual Rows": 0,"Actual Loops": 7909,"Index Cond": "(o_orderkey = l1.l_orderkey)","Rows Removed by Index Recheck": 0,"Filter": "(o_orderstatus = 'F'::bpchar)","Rows Removed by Filter": 1}]}]}]}]},"Planning Time": 9.630,"Triggers": [],"Execution Time": 520.585}]
[{"Plan": {"Node Type": "Sort","Parallel Aware": false,"Async Capable": false,"Startup Cost": 147378.80,"Total Cost": 147378.81,"Plan Rows": 1,"Plan Width": 34,"Actual Startup Time": 509.264,"Actual Total Time": 527.696,"Actual Rows": 421,"Actual Loops": 1,"Sort Key": ["(count(*)) DESC", "supplier.s_name"],"Sort Method": "quicksort","Sort Space Used": 57,"Sort Space Type": "Memory","Plans": [{"Node Type": "Aggregate","Strategy": "Sorted","Partial Mode": "Simple","Parent Relationship": "Outer","Parallel Aware": false,"Async Capable": false,"Startup Cost": 147378.77,"Total Cost": 147378.79,"Plan Rows": 1,"Plan Width": 34,"Actual Startup Time": 507.941,"Actual Total Time": 526.990,"Actual Rows": 421,"Actual Loops": 1,"Group Key": ["supplier.s_name"],"Plans": [{"Node Type": "Sort","Parent Relationship": "Outer","Parallel Aware": false,"Async Capable": false,"Startup Cost": 147378.77,"Total Cost": 147378.78,"Plan Rows": 1,"Plan Width": 26,"Actual Startup Time": 507.919,"Actual Total Time": 526.540,"Actual Rows": 4227,"Actual Loops": 1,"Sort Key": ["supplier.s_name"],"Sort Method": "quicksort","Sort Space Used": 490,"Sort Space Type": "Memory","Plans": [{"Node Type": "Nested Loop","Parent Relationship": "Outer","Parallel Aware": false,"Async Capable": false,"Join Type": "Inner","Startup Cost": 1250.87,"Total Cost": 147378.76,"Plan Rows": 1,"Plan Width": 26,"Actual Startup Time": 5.396,"Actual Total Time": 515.076,"Actual Rows": 4227,"Actual Loops": 1,"Inner Unique": true,"Plans": [{"Node Type": "Nested Loop","Parent Relationship": "Outer","Parallel Aware": false,"Async Capable": false,"Join Type": "Semi","Startup Cost": 1250.44,"Total Cost": 147378.26,"Plan Rows": 1,"Plan Width": 34,"Actual Startup Time": 5.356,"Actual Total Time": 448.186,"Actual Rows": 8678,"Actual Loops": 1,"Inner Unique": false,"Plans": [{"Node Type": "Gather","Parent Relationship": "Outer","Parallel Aware": false,"Async Capable": false,"Startup Cost": 1250.01,"Total Cost": 147377.22,"Plan Rows": 1,"Plan Width": 34,"Actual Startup Time": 5.315,"Actual Total Time": 333.619,"Actual Rows": 14289,"Actual Loops": 1,"Workers Planned": 4,"Workers Launched": 4,"Single Copy": false,"Plans": [{"Node Type": "Nested Loop","Parent Relationship": "Outer","Parallel Aware": false,"Async Capable": false,"Join Type": "Anti","Startup Cost": 250.01,"Total Cost": 146377.12,"Plan Rows": 1,"Plan Width": 34,"Actual Startup Time": 5.155,"Actual Total Time": 447.803,"Actual Rows": 2858,"Actual Loops": 5,"Inner Unique": false,"Workers": [],"Plans": [{"Node Type": "Hash Join","Parent Relationship": "Outer","Parallel Aware": false,"Async Capable": false,"Join Type": "Inner","Startup Cost": 249.58,"Total Cost": 133581.65,"Plan Rows": 19990,"Plan Width": 34,"Actual Startup Time": 4.679,"Actual Total Time": 355.100,"Actual Rows": 31833,"Actual Loops": 5,"Inner Unique": false,"Hash Cond": "(l1.l_suppkey = supplier.s_suppkey)","Workers": [],"Plans": [{"Node Type": "Seq Scan","Parent Relationship": "Outer","Parallel Aware": true,"Async Capable": false,"Relation Name": "lineitem","Alias": "l1","Startup Cost": 0.00,"Total Cost": 131256.80,"Plan Rows": 500101,"Plan Width": 8,"Actual Startup Time": 0.028,"Actual Total Time": 302.880,"Actual Rows": 758659,"Actual Loops": 5,"Filter": "(l_receiptdate > l_commitdate)","Rows Removed by Filter": 441584,"Workers": []},{"Node Type": "Hash","Parent Relationship": "Inner","Parallel Aware": false,"Async Capable": false,"Startup Cost": 244.58,"Total Cost": 244.58,"Plan Rows": 400,"Plan Width": 30,"Actual Startup Time": 4.328,"Actual Total Time": 4.340,"Actual Rows": 421,"Actual Loops": 5,"Hash Buckets": 1024,"Original Hash Buckets": 1024,"Hash Batches": 1,"Original Hash Batches": 1,"Peak Memory Usage": 35,"Workers": [],"Plans": [{"Node Type": "Nested Loop","Parent Relationship": "Outer","Parallel Aware": false,"Async Capable": false,"Join Type": "Inner","Startup Cost": 7.38,"Total Cost": 244.58,"Plan Rows": 400,"Plan Width": 30,"Actual Startup Time": 0.319,"Actual Total Time": 4.167,"Actual Rows": 421,"Actual Loops": 5,"Inner Unique": false,"Workers": [],"Plans": [{"Node Type": "Seq Scan","Parent Relationship": "Outer","Parallel Aware": false,"Async Capable": false,"Relation Name": "nation","Alias": "nation","Startup Cost": 0.00,"Total Cost": 1.31,"Plan Rows": 1,"Plan Width": 4,"Actual Startup Time": 0.061,"Actual Total Time": 0.065,"Actual Rows": 1,"Actual Loops": 5,"Filter": "(n_name = 'PERU'::bpchar)","Rows Removed by Filter": 24,"Workers": []},{"Node Type": "Bitmap Heap Scan","Parent Relationship": "Inner","Parallel Aware": false,"Async Capable": false,"Relation Name": "supplier","Alias": "supplier","Startup Cost": 7.38,"Total Cost": 239.27,"Plan Rows": 400,"Plan Width": 34,"Actual Startup Time": 0.253,"Actual Total Time": 4.010,"Actual Rows": 421,"Actual Loops": 5,"Recheck Cond": "(s_nationkey = nation.n_nationkey)","Rows Removed by Index Recheck": 0,"Exact Heap Blocks": 187,"Lossy Heap Blocks": 0,"Workers": [],"Plans": [{"Node Type": "Bitmap Index Scan","Parent Relationship": "Outer","Parallel Aware": false,"Async Capable": false,"Index Name": "idx_supplier_nation_key","Startup Cost": 0.00,"Total Cost": 7.29,"Plan Rows": 400,"Plan Width": 0,"Actual Startup Time": 0.167,"Actual Total Time": 0.169,"Actual Rows": 421,"Actual Loops": 5,"Index Cond": "(s_nationkey = nation.n_nationkey)","Workers": []}]}]}]}]},{"Node Type": "Index Scan","Parent Relationship": "Inner","Parallel Aware": false,"Async Capable": false,"Scan Direction": "Forward","Index Name": "idx_lineitem_orderkey","Relation Name": "lineitem","Alias": "l3","Startup Cost": 0.43,"Total Cost": 1.06,"Plan Rows": 6,"Plan Width": 8,"Actual Startup Time": 0.003,"Actual Total Time": 0.003,"Actual Rows": 1,"Actual Loops": 159165,"Index Cond": "(l_orderkey = l1.l_orderkey)","Rows Removed by Index Recheck": 0,"Filter": "((l_receiptdate > l_commitdate) AND (l_suppkey <> l1.l_suppkey))","Rows Removed by Filter": 1,"Workers": []}]}]},{"Node Type": "Index Scan","Parent Relationship": "Inner","Parallel Aware": false,"Async Capable": false,"Scan Direction": "Forward","Index Name": "idx_lineitem_orderkey","Relation Name": "lineitem","Alias": "l2","Startup Cost": 0.43,"Total Cost": 1.02,"Plan Rows": 17,"Plan Width": 8,"Actual Startup Time": 0.008,"Actual Total Time": 0.008,"Actual Rows": 1,"Actual Loops": 14289,"Index Cond": "(l_orderkey = l1.l_orderkey)","Rows Removed by Index Recheck": 0,"Filter": "(l_suppkey <> l1.l_suppkey)","Rows Removed by Filter": 1}]},{"Node Type": "Index Scan","Parent Relationship": "Inner","Parallel Aware": false,"Async Capable": false,"Scan Direction": "Forward","Index Name": "orders_pkey","Relation Name": "orders","Alias": "orders","Startup Cost": 0.43,"Total Cost": 0.51,"Plan Rows": 1,"Plan Width": 4,"Actual Startup Time": 0.007,"Actual Total Time": 0.007,"Actual Rows": 0,"Actual Loops": 8678,"Index Cond": "(o_orderkey = l1.l_orderkey)","Rows Removed by Index Recheck": 0,"Filter": "(o_orderstatus = 'F'::bpchar)","Rows Removed by Filter": 1}]}]}]}]},"Planning Time": 8.374,"Triggers": [],"Execution Time": 528.458}]
[{"Plan": {"Node Type": "Sort","Parallel Aware": false,"Async Capable": false,"Startup Cost": 147378.80,"Total Cost": 147378.81,"Plan Rows": 1,"Plan Width": 34,"Actual Startup Time": 494.346,"Actual Total Time": 515.587,"Actual Rows": 393,"Actual Loops": 1,"Sort Key": ["(count(*)) DESC", "supplier.s_name"],"Sort Method": "quicksort","Sort Space Used": 55,"Sort Space Type": "Memory","Plans": [{"Node Type": "Aggregate","Strategy": "Sorted","Partial Mode": "Simple","Parent Relationship": "Outer","Parallel Aware": false,"Async Capable": false,"Startup Cost": 147378.77,"Total Cost": 147378.79,"Plan Rows": 1,"Plan Width": 34,"Actual Startup Time": 493.176,"Actual Total Time": 514.919,"Actual Rows": 393,"Actual Loops": 1,"Group Key": ["supplier.s_name"],"Plans": [{"Node Type": "Sort","Parent Relationship": "Outer","Parallel Aware": false,"Async Capable": false,"Startup Cost": 147378.77,"Total Cost": 147378.78,"Plan Rows": 1,"Plan Width": 26,"Actual Startup Time": 493.153,"Actual Total Time": 514.517,"Actual Rows": 3918,"Actual Loops": 1,"Sort Key": ["supplier.s_name"],"Sort Method": "quicksort","Sort Space Used": 372,"Sort Space Type": "Memory","Plans": [{"Node Type": "Nested Loop","Parent Relationship": "Outer","Parallel Aware": false,"Async Capable": false,"Join Type": "Inner","Startup Cost": 1250.87,"Total Cost": 147378.76,"Plan Rows": 1,"Plan Width": 26,"Actual Startup Time": 5.562,"Actual Total Time": 503.525,"Actual Rows": 3918,"Actual Loops": 1,"Inner Unique": true,"Plans": [{"Node Type": "Nested Loop","Parent Relationship": "Outer","Parallel Aware": false,"Async Capable": false,"Join Type": "Semi","Startup Cost": 1250.44,"Total Cost": 147378.26,"Plan Rows": 1,"Plan Width": 34,"Actual Startup Time": 5.515,"Actual Total Time": 439.510,"Actual Rows": 8028,"Actual Loops": 1,"Inner Unique": false,"Plans": [{"Node Type": "Gather","Parent Relationship": "Outer","Parallel Aware": false,"Async Capable": false,"Startup Cost": 1250.01,"Total Cost": 147377.22,"Plan Rows": 1,"Plan Width": 34,"Actual Startup Time": 4.155,"Actual Total Time": 333.265,"Actual Rows": 13416,"Actual Loops": 1,"Workers Planned": 4,"Workers Launched": 4,"Single Copy": false,"Plans": [{"Node Type": "Nested Loop","Parent Relationship": "Outer","Parallel Aware": false,"Async Capable": false,"Join Type": "Anti","Startup Cost": 250.01,"Total Cost": 146377.12,"Plan Rows": 1,"Plan Width": 34,"Actual Startup Time": 4.167,"Actual Total Time": 438.104,"Actual Rows": 2683,"Actual Loops": 5,"Inner Unique": false,"Workers": [],"Plans": [{"Node Type": "Hash Join","Parent Relationship": "Outer","Parallel Aware": false,"Async Capable": false,"Join Type": "Inner","Startup Cost": 249.58,"Total Cost": 133581.65,"Plan Rows": 19990,"Plan Width": 34,"Actual Startup Time": 4.021,"Actual Total Time": 350.831,"Actual Rows": 29888,"Actual Loops": 5,"Inner Unique": false,"Hash Cond": "(l1.l_suppkey = supplier.s_suppkey)","Workers": [],"Plans": [{"Node Type": "Seq Scan","Parent Relationship": "Outer","Parallel Aware": true,"Async Capable": false,"Relation Name": "lineitem","Alias": "l1","Startup Cost": 0.00,"Total Cost": 131256.80,"Plan Rows": 500101,"Plan Width": 8,"Actual Startup Time": 0.026,"Actual Total Time": 301.034,"Actual Rows": 758659,"Actual Loops": 5,"Filter": "(l_receiptdate > l_commitdate)","Rows Removed by Filter": 441584,"Workers": []},{"Node Type": "Hash","Parent Relationship": "Inner","Parallel Aware": false,"Async Capable": false,"Startup Cost": 244.58,"Total Cost": 244.58,"Plan Rows": 400,"Plan Width": 30,"Actual Startup Time": 3.677,"Actual Total Time": 3.687,"Actual Rows": 393,"Actual Loops": 5,"Hash Buckets": 1024,"Original Hash Buckets": 1024,"Hash Batches": 1,"Original Hash Batches": 1,"Peak Memory Usage": 33,"Workers": [],"Plans": [{"Node Type": "Nested Loop","Parent Relationship": "Outer","Parallel Aware": false,"Async Capable": false,"Join Type": "Inner","Startup Cost": 7.38,"Total Cost": 244.58,"Plan Rows": 400,"Plan Width": 30,"Actual Startup Time": 0.289,"Actual Total Time": 3.533,"Actual Rows": 393,"Actual Loops": 5,"Inner Unique": false,"Workers": [],"Plans": [{"Node Type": "Seq Scan","Parent Relationship": "Outer","Parallel Aware": false,"Async Capable": false,"Relation Name": "nation","Alias": "nation","Startup Cost": 0.00,"Total Cost": 1.31,"Plan Rows": 1,"Plan Width": 4,"Actual Startup Time": 0.064,"Actual Total Time": 0.066,"Actual Rows": 1,"Actual Loops": 5,"Filter": "(n_name = 'UNITED STATES'::bpchar)","Rows Removed by Filter": 24,"Workers": []},{"Node Type": "Bitmap Heap Scan","Parent Relationship": "Inner","Parallel Aware": false,"Async Capable": false,"Relation Name": "supplier","Alias": "supplier","Startup Cost": 7.38,"Total Cost": 239.27,"Plan Rows": 400,"Plan Width": 34,"Actual Startup Time": 0.219,"Actual Total Time": 3.401,"Actual Rows": 393,"Actual Loops": 5,"Recheck Cond": "(s_nationkey = nation.n_nationkey)","Rows Removed by Index Recheck": 0,"Exact Heap Blocks": 181,"Lossy Heap Blocks": 0,"Workers": [],"Plans": [{"Node Type": "Bitmap Index Scan","Parent Relationship": "Outer","Parallel Aware": false,"Async Capable": false,"Index Name": "idx_supplier_nation_key","Startup Cost": 0.00,"Total Cost": 7.29,"Plan Rows": 400,"Plan Width": 0,"Actual Startup Time": 0.141,"Actual Total Time": 0.143,"Actual Rows": 393,"Actual Loops": 5,"Index Cond": "(s_nationkey = nation.n_nationkey)","Workers": []}]}]}]}]},{"Node Type": "Index Scan","Parent Relationship": "Inner","Parallel Aware": false,"Async Capable": false,"Scan Direction": "Forward","Index Name": "idx_lineitem_orderkey","Relation Name": "lineitem","Alias": "l3","Startup Cost": 0.43,"Total Cost": 1.06,"Plan Rows": 6,"Plan Width": 8,"Actual Startup Time": 0.003,"Actual Total Time": 0.003,"Actual Rows": 1,"Actual Loops": 149442,"Index Cond": "(l_orderkey = l1.l_orderkey)","Rows Removed by Index Recheck": 0,"Filter": "((l_receiptdate > l_commitdate) AND (l_suppkey <> l1.l_suppkey))","Rows Removed by Filter": 1,"Workers": []}]}]},{"Node Type": "Index Scan","Parent Relationship": "Inner","Parallel Aware": false,"Async Capable": false,"Scan Direction": "Forward","Index Name": "idx_lineitem_orderkey","Relation Name": "lineitem","Alias": "l2","Startup Cost": 0.43,"Total Cost": 1.02,"Plan Rows": 17,"Plan Width": 8,"Actual Startup Time": 0.007,"Actual Total Time": 0.007,"Actual Rows": 1,"Actual Loops": 13416,"Index Cond": "(l_orderkey = l1.l_orderkey)","Rows Removed by Index Recheck": 0,"Filter": "(l_suppkey <> l1.l_suppkey)","Rows Removed by Filter": 1}]},{"Node Type": "Index Scan","Parent Relationship": "Inner","Parallel Aware": false,"Async Capable": false,"Scan Direction": "Forward","Index Name": "orders_pkey","Relation Name": "orders","Alias": "orders","Startup Cost": 0.43,"Total Cost": 0.51,"Plan Rows": 1,"Plan Width": 4,"Actual Startup Time": 0.008,"Actual Total Time": 0.008,"Actual Rows": 0,"Actual Loops": 8028,"Index Cond": "(o_orderkey = l1.l_orderkey)","Rows Removed by Index Recheck": 0,"Filter": "(o_orderstatus = 'F'::bpchar)","Rows Removed by Filter": 1}]}]}]}]},"Planning Time": 9.767,"Triggers": [],"Execution Time": 516.024}]
[{"Plan": {"Node Type": "Sort","Parallel Aware": false,"Async Capable": false,"Startup Cost": 147378.80,"Total Cost": 147378.81,"Plan Rows": 1,"Plan Width": 34,"Actual Startup Time": 509.264,"Actual Total Time": 527.696,"Actual Rows": 421,"Actual Loops": 1,"Sort Key": ["(count(*)) DESC", "supplier.s_name"],"Sort Method": "quicksort","Sort Space Used": 57,"Sort Space Type": "Memory","Plans": [{"Node Type": "Aggregate","Strategy": "Sorted","Partial Mode": "Simple","Parent Relationship": "Outer","Parallel Aware": false,"Async Capable": false,"Startup Cost": 147378.77,"Total Cost": 147378.79,"Plan Rows": 1,"Plan Width": 34,"Actual Startup Time": 507.941,"Actual Total Time": 526.990,"Actual Rows": 421,"Actual Loops": 1,"Group Key": ["supplier.s_name"],"Plans": [{"Node Type": "Sort","Parent Relationship": "Outer","Parallel Aware": false,"Async Capable": false,"Startup Cost": 147378.77,"Total Cost": 147378.78,"Plan Rows": 1,"Plan Width": 26,"Actual Startup Time": 507.919,"Actual Total Time": 526.540,"Actual Rows": 4227,"Actual Loops": 1,"Sort Key": ["supplier.s_name"],"Sort Method": "quicksort","Sort Space Used": 490,"Sort Space Type": "Memory","Plans": [{"Node Type": "Nested Loop","Parent Relationship": "Outer","Parallel Aware": false,"Async Capable": false,"Join Type": "Inner","Startup Cost": 1250.87,"Total Cost": 147378.76,"Plan Rows": 1,"Plan Width": 26,"Actual Startup Time": 5.396,"Actual Total Time": 515.076,"Actual Rows": 4227,"Actual Loops": 1,"Inner Unique": true,"Plans": [{"Node Type": "Nested Loop","Parent Relationship": "Outer","Parallel Aware": false,"Async Capable": false,"Join Type": "Semi","Startup Cost": 1250.44,"Total Cost": 147378.26,"Plan Rows": 1,"Plan Width": 34,"Actual Startup Time": 5.356,"Actual Total Time": 448.186,"Actual Rows": 8678,"Actual Loops": 1,"Inner Unique": false,"Plans": [{"Node Type": "Gather","Parent Relationship": "Outer","Parallel Aware": false,"Async Capable": false,"Startup Cost": 1250.01,"Total Cost": 147377.22,"Plan Rows": 1,"Plan Width": 34,"Actual Startup Time": 5.315,"Actual Total Time": 333.619,"Actual Rows": 14289,"Actual Loops": 1,"Workers Planned": 4,"Workers Launched": 4,"Single Copy": false,"Plans": [{"Node Type": "Nested Loop","Parent Relationship": "Outer","Parallel Aware": false,"Async Capable": false,"Join Type": "Anti","Startup Cost": 250.01,"Total Cost": 146377.12,"Plan Rows": 1,"Plan Width": 34,"Actual Startup Time": 5.155,"Actual Total Time": 447.803,"Actual Rows": 2858,"Actual Loops": 5,"Inner Unique": false,"Workers": [],"Plans": [{"Node Type": "Hash Join","Parent Relationship": "Outer","Parallel Aware": false,"Async Capable": false,"Join Type": "Inner","Startup Cost": 249.58,"Total Cost": 133581.65,"Plan Rows": 19990,"Plan Width": 34,"Actual Startup Time": 4.679,"Actual Total Time": 355.100,"Actual Rows": 31833,"Actual Loops": 5,"Inner Unique": false,"Hash Cond": "(l1.l_suppkey = supplier.s_suppkey)","Workers": [],"Plans": [{"Node Type": "Seq Scan","Parent Relationship": "Outer","Parallel Aware": true,"Async Capable": false,"Relation Name": "lineitem","Alias": "l1","Startup Cost": 0.00,"Total Cost": 131256.80,"Plan Rows": 500101,"Plan Width": 8,"Actual Startup Time": 0.028,"Actual Total Time": 302.880,"Actual Rows": 758659,"Actual Loops": 5,"Filter": "(l_receiptdate > l_commitdate)","Rows Removed by Filter": 441584,"Workers": []},{"Node Type": "Hash","Parent Relationship": "Inner","Parallel Aware": false,"Async Capable": false,"Startup Cost": 244.58,"Total Cost": 244.58,"Plan Rows": 400,"Plan Width": 30,"Actual Startup Time": 4.328,"Actual Total Time": 4.340,"Actual Rows": 421,"Actual Loops": 5,"Hash Buckets": 1024,"Original Hash Buckets": 1024,"Hash Batches": 1,"Original Hash Batches": 1,"Peak Memory Usage": 35,"Workers": [],"Plans": [{"Node Type": "Nested Loop","Parent Relationship": "Outer","Parallel Aware": false,"Async Capable": false,"Join Type": "Inner","Startup Cost": 7.38,"Total Cost": 244.58,"Plan Rows": 400,"Plan Width": 30,"Actual Startup Time": 0.319,"Actual Total Time": 4.167,"Actual Rows": 421,"Actual Loops": 5,"Inner Unique": false,"Workers": [],"Plans": [{"Node Type": "Seq Scan","Parent Relationship": "Outer","Parallel Aware": false,"Async Capable": false,"Relation Name": "nation","Alias": "nation","Startup Cost": 0.00,"Total Cost": 1.31,"Plan Rows": 1,"Plan Width": 4,"Actual Startup Time": 0.061,"Actual Total Time": 0.065,"Actual Rows": 1,"Actual Loops": 5,"Filter": "(n_name = 'PERU'::bpchar)","Rows Removed by Filter": 24,"Workers": []},{"Node Type": "Bitmap Heap Scan","Parent Relationship": "Inner","Parallel Aware": false,"Async Capable": false,"Relation Name": "supplier","Alias": "supplier","Startup Cost": 7.38,"Total Cost": 239.27,"Plan Rows": 400,"Plan Width": 34,"Actual Startup Time": 0.253,"Actual Total Time": 4.010,"Actual Rows": 421,"Actual Loops": 5,"Recheck Cond": "(s_nationkey = nation.n_nationkey)","Rows Removed by Index Recheck": 0,"Exact Heap Blocks": 187,"Lossy Heap Blocks": 0,"Workers": [],"Plans": [{"Node Type": "Bitmap Index Scan","Parent Relationship": "Outer","Parallel Aware": false,"Async Capable": false,"Index Name": "idx_supplier_nation_key","Startup Cost": 0.00,"Total Cost": 7.29,"Plan Rows": 400,"Plan Width": 0,"Actual Startup Time": 0.167,"Actual Total Time": 0.169,"Actual Rows": 421,"Actual Loops": 5,"Index Cond": "(s_nationkey = nation.n_nationkey)","Workers": []}]}]}]}]},{"Node Type": "Index Scan","Parent Relationship": "Inner","Parallel Aware": false,"Async Capable": false,"Scan Direction": "Forward","Index Name": "idx_lineitem_orderkey","Relation Name": "lineitem","Alias": "l3","Startup Cost": 0.43,"Total Cost": 1.06,"Plan Rows": 6,"Plan Width": 8,"Actual Startup Time": 0.003,"Actual Total Time": 0.003,"Actual Rows": 1,"Actual Loops": 159165,"Index Cond": "(l_orderkey = l1.l_orderkey)","Rows Removed by Index Recheck": 0,"Filter": "((l_receiptdate > l_commitdate) AND (l_suppkey <> l1.l_suppkey))","Rows Removed by Filter": 1,"Workers": []}]}]},{"Node Type": "Index Scan","Parent Relationship": "Inner","Parallel Aware": false,"Async Capable": false,"Scan Direction": "Forward","Index Name": "idx_lineitem_orderkey","Relation Name": "lineitem","Alias": "l2","Startup Cost": 0.43,"Total Cost": 1.02,"Plan Rows": 17,"Plan Width": 8,"Actual Startup Time": 0.008,"Actual Total Time": 0.008,"Actual Rows": 1,"Actual Loops": 14289,"Index Cond": "(l_orderkey = l1.l_orderkey)","Rows Removed by Index Recheck": 0,"Filter": "(l_suppkey <> l1.l_suppkey)","Rows Removed by Filter": 1}]},{"Node Type": "Index Scan","Parent Relationship": "Inner","Parallel Aware": false,"Async Capable": false,"Scan Direction": "Forward","Index Name": "orders_pkey","Relation Name": "orders","Alias": "orders","Startup Cost": 0.43,"Total Cost": 0.51,"Plan Rows": 1,"Plan Width": 4,"Actual Startup Time": 0.007,"Actual Total Time": 0.007,"Actual Rows": 0,"Actual Loops": 8678,"Index Cond": "(o_orderkey = l1.l_orderkey)","Rows Removed by Index Recheck": 0,"Filter": "(o_orderstatus = 'F'::bpchar)","Rows Removed by Filter": 1}]}]}]}]},"Planning Time": 8.374,"Triggers": [],"Execution Time": 528.458}]
[{"Plan": {"Node Type": "Sort","Parallel Aware": false,"Async Capable": false,"Startup Cost": 147378.80,"Total Cost": 147378.81,"Plan Rows": 1,"Plan Width": 34,"Actual Startup Time": 494.557,"Actual Total Time": 516.628,"Actual Rows": 380,"Actual Loops": 1,"Sort Key": ["(count(*)) DESC", "supplier.s_name"],"Sort Method": "quicksort","Sort Space Used": 54,"Sort Space Type": "Memory","Plans": [{"Node Type": "Aggregate","Strategy": "Sorted","Partial Mode": "Simple","Parent Relationship": "Outer","Parallel Aware": false,"Async Capable": false,"Startup Cost": 147378.77,"Total Cost": 147378.79,"Plan Rows": 1,"Plan Width": 34,"Actual Startup Time": 493.417,"Actual Total Time": 515.990,"Actual Rows": 380,"Actual Loops": 1,"Group Key": ["supplier.s_name"],"Plans": [{"Node Type": "Sort","Parent Relationship": "Outer","Parallel Aware": false,"Async Capable": false,"Startup Cost": 147378.77,"Total Cost": 147378.78,"Plan Rows": 1,"Plan Width": 26,"Actual Startup Time": 493.396,"Actual Total Time": 515.587,"Actual Rows": 3777,"Actual Loops": 1,"Sort Key": ["supplier.s_name"],"Sort Method": "quicksort","Sort Space Used": 362,"Sort Space Type": "Memory","Plans": [{"Node Type": "Nested Loop","Parent Relationship": "Outer","Parallel Aware": false,"Async Capable": false,"Join Type": "Inner","Startup Cost": 1250.87,"Total Cost": 147378.76,"Plan Rows": 1,"Plan Width": 26,"Actual Startup Time": 4.998,"Actual Total Time": 504.711,"Actual Rows": 3777,"Actual Loops": 1,"Inner Unique": true,"Plans": [{"Node Type": "Nested Loop","Parent Relationship": "Outer","Parallel Aware": false,"Async Capable": false,"Join Type": "Semi","Startup Cost": 1250.44,"Total Cost": 147378.26,"Plan Rows": 1,"Plan Width": 34,"Actual Startup Time": 4.963,"Actual Total Time": 440.621,"Actual Rows": 7670,"Actual Loops": 1,"Inner Unique": false,"Plans": [{"Node Type": "Gather","Parent Relationship": "Outer","Parallel Aware": false,"Async Capable": false,"Startup Cost": 1250.01,"Total Cost": 147377.22,"Plan Rows": 1,"Plan Width": 34,"Actual Startup Time": 4.951,"Actual Total Time": 333.201,"Actual Rows": 12935,"Actual Loops": 1,"Workers Planned": 4,"Workers Launched": 4,"Single Copy": false,"Plans": [{"Node Type": "Nested Loop","Parent Relationship": "Outer","Parallel Aware": false,"Async Capable": false,"Join Type": "Anti","Startup Cost": 250.01,"Total Cost": 146377.12,"Plan Rows": 1,"Plan Width": 34,"Actual Startup Time": 5.873,"Actual Total Time": 437.867,"Actual Rows": 2587,"Actual Loops": 5,"Inner Unique": false,"Workers": [],"Plans": [{"Node Type": "Hash Join","Parent Relationship": "Outer","Parallel Aware": false,"Async Capable": false,"Join Type": "Inner","Startup Cost": 249.58,"Total Cost": 133581.65,"Plan Rows": 19990,"Plan Width": 34,"Actual Startup Time": 5.239,"Actual Total Time": 352.656,"Actual Rows": 28741,"Actual Loops": 5,"Inner Unique": false,"Hash Cond": "(l1.l_suppkey = supplier.s_suppkey)","Workers": [],"Plans": [{"Node Type": "Seq Scan","Parent Relationship": "Outer","Parallel Aware": true,"Async Capable": false,"Relation Name": "lineitem","Alias": "l1","Startup Cost": 0.00,"Total Cost": 131256.80,"Plan Rows": 500101,"Plan Width": 8,"Actual Startup Time": 0.031,"Actual Total Time": 300.900,"Actual Rows": 758659,"Actual Loops": 5,"Filter": "(l_receiptdate > l_commitdate)","Rows Removed by Filter": 441584,"Workers": []},{"Node Type": "Hash","Parent Relationship": "Inner","Parallel Aware": false,"Async Capable": false,"Startup Cost": 244.58,"Total Cost": 244.58,"Plan Rows": 400,"Plan Width": 30,"Actual Startup Time": 4.907,"Actual Total Time": 4.921,"Actual Rows": 380,"Actual Loops": 5,"Hash Buckets": 1024,"Original Hash Buckets": 1024,"Hash Batches": 1,"Original Hash Batches": 1,"Peak Memory Usage": 32,"Workers": [],"Plans": [{"Node Type": "Nested Loop","Parent Relationship": "Outer","Parallel Aware": false,"Async Capable": false,"Join Type": "Inner","Startup Cost": 7.38,"Total Cost": 244.58,"Plan Rows": 400,"Plan Width": 30,"Actual Startup Time": 0.293,"Actual Total Time": 4.740,"Actual Rows": 380,"Actual Loops": 5,"Inner Unique": false,"Workers": [],"Plans": [{"Node Type": "Seq Scan","Parent Relationship": "Outer","Parallel Aware": false,"Async Capable": false,"Relation Name": "nation","Alias": "nation","Startup Cost": 0.00,"Total Cost": 1.31,"Plan Rows": 1,"Plan Width": 4,"Actual Startup Time": 0.048,"Actual Total Time": 0.056,"Actual Rows": 1,"Actual Loops": 5,"Filter": "(n_name = 'ETHIOPIA'::bpchar)","Rows Removed by Filter": 24,"Workers": []},{"Node Type": "Bitmap Heap Scan","Parent Relationship": "Inner","Parallel Aware": false,"Async Capable": false,"Relation Name": "supplier","Alias": "supplier","Startup Cost": 7.38,"Total Cost": 239.27,"Plan Rows": 400,"Plan Width": 34,"Actual Startup Time": 0.240,"Actual Total Time": 4.598,"Actual Rows": 380,"Actual Loops": 5,"Recheck Cond": "(s_nationkey = nation.n_nationkey)","Rows Removed by Index Recheck": 0,"Exact Heap Blocks": 192,"Lossy Heap Blocks": 0,"Workers": [],"Plans": [{"Node Type": "Bitmap Index Scan","Parent Relationship": "Outer","Parallel Aware": false,"Async Capable": false,"Index Name": "idx_supplier_nation_key","Startup Cost": 0.00,"Total Cost": 7.29,"Plan Rows": 400,"Plan Width": 0,"Actual Startup Time": 0.158,"Actual Total Time": 0.159,"Actual Rows": 380,"Actual Loops": 5,"Index Cond": "(s_nationkey = nation.n_nationkey)","Workers": []}]}]}]}]},{"Node Type": "Index Scan","Parent Relationship": "Inner","Parallel Aware": false,"Async Capable": false,"Scan Direction": "Forward","Index Name": "idx_lineitem_orderkey","Relation Name": "lineitem","Alias": "l3","Startup Cost": 0.43,"Total Cost": 1.06,"Plan Rows": 6,"Plan Width": 8,"Actual Startup Time": 0.003,"Actual Total Time": 0.003,"Actual Rows": 1,"Actual Loops": 143707,"Index Cond": "(l_orderkey = l1.l_orderkey)","Rows Removed by Index Recheck": 0,"Filter": "((l_receiptdate > l_commitdate) AND (l_suppkey <> l1.l_suppkey))","Rows Removed by Filter": 1,"Workers": []}]}]},{"Node Type": "Index Scan","Parent Relationship": "Inner","Parallel Aware": false,"Async Capable": false,"Scan Direction": "Forward","Index Name": "idx_lineitem_orderkey","Relation Name": "lineitem","Alias": "l2","Startup Cost": 0.43,"Total Cost": 1.02,"Plan Rows": 17,"Plan Width": 8,"Actual Startup Time": 0.008,"Actual Total Time": 0.008,"Actual Rows": 1,"Actual Loops": 12935,"Index Cond": "(l_orderkey = l1.l_orderkey)","Rows Removed by Index Recheck": 0,"Filter": "(l_suppkey <> l1.l_suppkey)","Rows Removed by Filter": 1}]},{"Node Type": "Index Scan","Parent Relationship": "Inner","Parallel Aware": false,"Async Capable": false,"Scan Direction": "Forward","Index Name": "orders_pkey","Relation Name": "orders","Alias": "orders","Startup Cost": 0.43,"Total Cost": 0.51,"Plan Rows": 1,"Plan Width": 4,"Actual Startup Time": 0.008,"Actual Total Time": 0.008,"Actual Rows": 0,"Actual Loops": 7670,"Index Cond": "(o_orderkey = l1.l_orderkey)","Rows Removed by Index Recheck": 0,"Filter": "(o_orderstatus = 'F'::bpchar)","Rows Removed by Filter": 1}]}]}]}]},"Planning Time": 9.415,"Triggers": [],"Execution Time": 517.200}]
[{"Plan": {"Node Type": "Sort","Parallel Aware": false,"Async Capable": false,"Startup Cost": 147378.80,"Total Cost": 147378.81,"Plan Rows": 1,"Plan Width": 34,"Actual Startup Time": 507.691,"Actual Total Time": 527.119,"Actual Rows": 411,"Actual Loops": 1,"Sort Key": ["(count(*)) DESC", "supplier.s_name"],"Sort Method": "quicksort","Sort Space Used": 57,"Sort Space Type": "Memory","Plans": [{"Node Type": "Aggregate","Strategy": "Sorted","Partial Mode": "Simple","Parent Relationship": "Outer","Parallel Aware": false,"Async Capable": false,"Startup Cost": 147378.77,"Total Cost": 147378.79,"Plan Rows": 1,"Plan Width": 34,"Actual Startup Time": 506.441,"Actual Total Time": 526.395,"Actual Rows": 411,"Actual Loops": 1,"Group Key": ["supplier.s_name"],"Plans": [{"Node Type": "Sort","Parent Relationship": "Outer","Parallel Aware": false,"Async Capable": false,"Startup Cost": 147378.77,"Total Cost": 147378.78,"Plan Rows": 1,"Plan Width": 26,"Actual Startup Time": 506.413,"Actual Total Time": 525.969,"Actual Rows": 4141,"Actual Loops": 1,"Sort Key": ["supplier.s_name"],"Sort Method": "quicksort","Sort Space Used": 484,"Sort Space Type": "Memory","Plans": [{"Node Type": "Nested Loop","Parent Relationship": "Outer","Parallel Aware": false,"Async Capable": false,"Join Type": "Inner","Startup Cost": 1250.87,"Total Cost": 147378.76,"Plan Rows": 1,"Plan Width": 26,"Actual Startup Time": 4.973,"Actual Total Time": 514.878,"Actual Rows": 4141,"Actual Loops": 1,"Inner Unique": true,"Plans": [{"Node Type": "Nested Loop","Parent Relationship": "Outer","Parallel Aware": false,"Async Capable": false,"Join Type": "Semi","Startup Cost": 1250.44,"Total Cost": 147378.26,"Plan Rows": 1,"Plan Width": 34,"Actual Startup Time": 4.329,"Actual Total Time": 453.804,"Actual Rows": 8357,"Actual Loops": 1,"Inner Unique": false,"Plans": [{"Node Type": "Gather","Parent Relationship": "Outer","Parallel Aware": false,"Async Capable": false,"Startup Cost": 1250.01,"Total Cost": 147377.22,"Plan Rows": 1,"Plan Width": 34,"Actual Startup Time": 4.312,"Actual Total Time": 350.336,"Actual Rows": 13859,"Actual Loops": 1,"Workers Planned": 4,"Workers Launched": 4,"Single Copy": false,"Plans": [{"Node Type": "Nested Loop","Parent Relationship": "Outer","Parallel Aware": false,"Async Capable": false,"Join Type": "Anti","Startup Cost": 250.01,"Total Cost": 146377.12,"Plan Rows": 1,"Plan Width": 34,"Actual Startup Time": 4.818,"Actual Total Time": 450.256,"Actual Rows": 2772,"Actual Loops": 5,"Inner Unique": false,"Workers": [],"Plans": [{"Node Type": "Hash Join","Parent Relationship": "Outer","Parallel Aware": false,"Async Capable": false,"Join Type": "Inner","Startup Cost": 249.58,"Total Cost": 133581.65,"Plan Rows": 19990,"Plan Width": 34,"Actual Startup Time": 4.474,"Actual Total Time": 357.672,"Actual Rows": 31348,"Actual Loops": 5,"Inner Unique": false,"Hash Cond": "(l1.l_suppkey = supplier.s_suppkey)","Workers": [],"Plans": [{"Node Type": "Seq Scan","Parent Relationship": "Outer","Parallel Aware": true,"Async Capable": false,"Relation Name": "lineitem","Alias": "l1","Startup Cost": 0.00,"Total Cost": 131256.80,"Plan Rows": 500101,"Plan Width": 8,"Actual Startup Time": 0.028,"Actual Total Time": 306.873,"Actual Rows": 758659,"Actual Loops": 5,"Filter": "(l_receiptdate > l_commitdate)","Rows Removed by Filter": 441584,"Workers": []},{"Node Type": "Hash","Parent Relationship": "Inner","Parallel Aware": false,"Async Capable": false,"Startup Cost": 244.58,"Total Cost": 244.58,"Plan Rows": 400,"Plan Width": 30,"Actual Startup Time": 4.175,"Actual Total Time": 4.188,"Actual Rows": 411,"Actual Loops": 5,"Hash Buckets": 1024,"Original Hash Buckets": 1024,"Hash Batches": 1,"Original Hash Batches": 1,"Peak Memory Usage": 34,"Workers": [],"Plans": [{"Node Type": "Nested Loop","Parent Relationship": "Outer","Parallel Aware": false,"Async Capable": false,"Join Type": "Inner","Startup Cost": 7.38,"Total Cost": 244.58,"Plan Rows": 400,"Plan Width": 30,"Actual Startup Time": 0.256,"Actual Total Time": 4.027,"Actual Rows": 411,"Actual Loops": 5,"Inner Unique": false,"Workers": [],"Plans": [{"Node Type": "Seq Scan","Parent Relationship": "Outer","Parallel Aware": false,"Async Capable": false,"Relation Name": "nation","Alias": "nation","Startup Cost": 0.00,"Total Cost": 1.31,"Plan Rows": 1,"Plan Width": 4,"Actual Startup Time": 0.047,"Actual Total Time": 0.051,"Actual Rows": 1,"Actual Loops": 5,"Filter": "(n_name = 'SAUDI ARABIA'::bpchar)","Rows Removed by Filter": 24,"Workers": []},{"Node Type": "Bitmap Heap Scan","Parent Relationship": "Inner","Parallel Aware": false,"Async Capable": false,"Relation Name": "supplier","Alias": "supplier","Startup Cost": 7.38,"Total Cost": 239.27,"Plan Rows": 400,"Plan Width": 34,"Actual Startup Time": 0.204,"Actual Total Time": 3.890,"Actual Rows": 411,"Actual Loops": 5,"Recheck Cond": "(s_nationkey = nation.n_nationkey)","Rows Removed by Index Recheck": 0,"Exact Heap Blocks": 182,"Lossy Heap Blocks": 0,"Workers": [],"Plans": [{"Node Type": "Bitmap Index Scan","Parent Relationship": "Outer","Parallel Aware": false,"Async Capable": false,"Index Name": "idx_supplier_nation_key","Startup Cost": 0.00,"Total Cost": 7.29,"Plan Rows": 400,"Plan Width": 0,"Actual Startup Time": 0.143,"Actual Total Time": 0.145,"Actual Rows": 411,"Actual Loops": 5,"Index Cond": "(s_nationkey = nation.n_nationkey)","Workers": []}]}]}]}]},{"Node Type": "Index Scan","Parent Relationship": "Inner","Parallel Aware": false,"Async Capable": false,"Scan Direction": "Forward","Index Name": "idx_lineitem_orderkey","Relation Name": "lineitem","Alias": "l3","Startup Cost": 0.43,"Total Cost": 1.06,"Plan Rows": 6,"Plan Width": 8,"Actual Startup Time": 0.003,"Actual Total Time": 0.003,"Actual Rows": 1,"Actual Loops": 156739,"Index Cond": "(l_orderkey = l1.l_orderkey)","Rows Removed by Index Recheck": 0,"Filter": "((l_receiptdate > l_commitdate) AND (l_suppkey <> l1.l_suppkey))","Rows Removed by Filter": 1,"Workers": []}]}]},{"Node Type": "Index Scan","Parent Relationship": "Inner","Parallel Aware": false,"Async Capable": false,"Scan Direction": "Forward","Index Name": "idx_lineitem_orderkey","Relation Name": "lineitem","Alias": "l2","Startup Cost": 0.43,"Total Cost": 1.02,"Plan Rows": 17,"Plan Width": 8,"Actual Startup Time": 0.007,"Actual Total Time": 0.007,"Actual Rows": 1,"Actual Loops": 13859,"Index Cond": "(l_orderkey = l1.l_orderkey)","Rows Removed by Index Recheck": 0,"Filter": "(l_suppkey <> l1.l_suppkey)","Rows Removed by Filter": 1}]},{"Node Type": "Index Scan","Parent Relationship": "Inner","Parallel Aware": false,"Async Capable": false,"Scan Direction": "Forward","Index Name": "orders_pkey","Relation Name": "orders","Alias": "orders","Startup Cost": 0.43,"Total Cost": 0.51,"Plan Rows": 1,"Plan Width": 4,"Actual Startup Time": 0.007,"Actual Total Time": 0.007,"Actual Rows": 0,"Actual Loops": 8357,"Index Cond": "(o_orderkey = l1.l_orderkey)","Rows Removed by Index Recheck": 0,"Filter": "(o_orderstatus = 'F'::bpchar)","Rows Removed by Filter": 1}]}]}]}]},"Planning Time": 9.483,"Triggers": [],"Execution Time": 527.804}]
[{"Plan": {"Node Type": "Sort","Parallel Aware": false,"Async Capable": false,"Startup Cost": 147378.80,"Total Cost": 147378.81,"Plan Rows": 1,"Plan Width": 34,"Actual Startup Time": 502.540,"Actual Total Time": 523.684,"Actual Rows": 401,"Actual Loops": 1,"Sort Key": ["(count(*)) DESC", "supplier.s_name"],"Sort Method": "quicksort","Sort Space Used": 56,"Sort Space Type": "Memory","Plans": [{"Node Type": "Aggregate","Strategy": "Sorted","Partial Mode": "Simple","Parent Relationship": "Outer","Parallel Aware": false,"Async Capable": false,"Startup Cost": 147378.77,"Total Cost": 147378.79,"Plan Rows": 1,"Plan Width": 34,"Actual Startup Time": 501.310,"Actual Total Time": 522.965,"Actual Rows": 401,"Actual Loops": 1,"Group Key": ["supplier.s_name"],"Plans": [{"Node Type": "Sort","Parent Relationship": "Outer","Parallel Aware": false,"Async Capable": false,"Startup Cost": 147378.77,"Total Cost": 147378.78,"Plan Rows": 1,"Plan Width": 26,"Actual Startup Time": 501.284,"Actual Total Time": 522.551,"Actual Rows": 3970,"Actual Loops": 1,"Sort Key": ["supplier.s_name"],"Sort Method": "quicksort","Sort Space Used": 376,"Sort Space Type": "Memory","Plans": [{"Node Type": "Nested Loop","Parent Relationship": "Outer","Parallel Aware": false,"Async Capable": false,"Join Type": "Inner","Startup Cost": 1250.87,"Total Cost": 147378.76,"Plan Rows": 1,"Plan Width": 26,"Actual Startup Time": 5.240,"Actual Total Time": 512.097,"Actual Rows": 3970,"Actual Loops": 1,"Inner Unique": true,"Plans": [{"Node Type": "Nested Loop","Parent Relationship": "Outer","Parallel Aware": false,"Async Capable": false,"Join Type": "Semi","Startup Cost": 1250.44,"Total Cost": 147378.26,"Plan Rows": 1,"Plan Width": 34,"Actual Startup Time": 4.627,"Actual Total Time": 451.513,"Actual Rows": 8097,"Actual Loops": 1,"Inner Unique": false,"Plans": [{"Node Type": "Gather","Parent Relationship": "Outer","Parallel Aware": false,"Async Capable": false,"Startup Cost": 1250.01,"Total Cost": 147377.22,"Plan Rows": 1,"Plan Width": 34,"Actual Startup Time": 4.615,"Actual Total Time": 347.691,"Actual Rows": 13583,"Actual Loops": 1,"Workers Planned": 4,"Workers Launched": 4,"Single Copy": false,"Plans": [{"Node Type": "Nested Loop","Parent Relationship": "Outer","Parallel Aware": false,"Async Capable": false,"Join Type": "Anti","Startup Cost": 250.01,"Total Cost": 146377.12,"Plan Rows": 1,"Plan Width": 34,"Actual Startup Time": 4.828,"Actual Total Time": 446.701,"Actual Rows": 2717,"Actual Loops": 5,"Inner Unique": false,"Workers": [],"Plans": [{"Node Type": "Hash Join","Parent Relationship": "Outer","Parallel Aware": false,"Async Capable": false,"Join Type": "Inner","Startup Cost": 249.58,"Total Cost": 133581.65,"Plan Rows": 19990,"Plan Width": 34,"Actual Startup Time": 4.456,"Actual Total Time": 356.594,"Actual Rows": 30499,"Actual Loops": 5,"Inner Unique": false,"Hash Cond": "(l1.l_suppkey = supplier.s_suppkey)","Workers": [],"Plans": [{"Node Type": "Seq Scan","Parent Relationship": "Outer","Parallel Aware": true,"Async Capable": false,"Relation Name": "lineitem","Alias": "l1","Startup Cost": 0.00,"Total Cost": 131256.80,"Plan Rows": 500101,"Plan Width": 8,"Actual Startup Time": 0.022,"Actual Total Time": 305.978,"Actual Rows": 758659,"Actual Loops": 5,"Filter": "(l_receiptdate > l_commitdate)","Rows Removed by Filter": 441584,"Workers": []},{"Node Type": "Hash","Parent Relationship": "Inner","Parallel Aware": false,"Async Capable": false,"Startup Cost": 244.58,"Total Cost": 244.58,"Plan Rows": 400,"Plan Width": 30,"Actual Startup Time": 4.157,"Actual Total Time": 4.168,"Actual Rows": 401,"Actual Loops": 5,"Hash Buckets": 1024,"Original Hash Buckets": 1024,"Hash Batches": 1,"Original Hash Batches": 1,"Peak Memory Usage": 34,"Workers": [],"Plans": [{"Node Type": "Nested Loop","Parent Relationship": "Outer","Parallel Aware": false,"Async Capable": false,"Join Type": "Inner","Startup Cost": 7.38,"Total Cost": 244.58,"Plan Rows": 400,"Plan Width": 30,"Actual Startup Time": 0.269,"Actual Total Time": 4.009,"Actual Rows": 401,"Actual Loops": 5,"Inner Unique": false,"Workers": [],"Plans": [{"Node Type": "Seq Scan","Parent Relationship": "Outer","Parallel Aware": false,"Async Capable": false,"Relation Name": "nation","Alias": "nation","Startup Cost": 0.00,"Total Cost": 1.31,"Plan Rows": 1,"Plan Width": 4,"Actual Startup Time": 0.053,"Actual Total Time": 0.057,"Actual Rows": 1,"Actual Loops": 5,"Filter": "(n_name = 'RUSSIA'::bpchar)","Rows Removed by Filter": 24,"Workers": []},{"Node Type": "Bitmap Heap Scan","Parent Relationship": "Inner","Parallel Aware": false,"Async Capable": false,"Relation Name": "supplier","Alias": "supplier","Startup Cost": 7.38,"Total Cost": 239.27,"Plan Rows": 400,"Plan Width": 34,"Actual Startup Time": 0.210,"Actual Total Time": 3.875,"Actual Rows": 401,"Actual Loops": 5,"Recheck Cond": "(s_nationkey = nation.n_nationkey)","Rows Removed by Index Recheck": 0,"Exact Heap Blocks": 180,"Lossy Heap Blocks": 0,"Workers": [],"Plans": [{"Node Type": "Bitmap Index Scan","Parent Relationship": "Outer","Parallel Aware": false,"Async Capable": false,"Index Name": "idx_supplier_nation_key","Startup Cost": 0.00,"Total Cost": 7.29,"Plan Rows": 400,"Plan Width": 0,"Actual Startup Time": 0.139,"Actual Total Time": 0.140,"Actual Rows": 401,"Actual Loops": 5,"Index Cond": "(s_nationkey = nation.n_nationkey)","Workers": []}]}]}]}]},{"Node Type": "Index Scan","Parent Relationship": "Inner","Parallel Aware": false,"Async Capable": false,"Scan Direction": "Forward","Index Name": "idx_lineitem_orderkey","Relation Name": "lineitem","Alias": "l3","Startup Cost": 0.43,"Total Cost": 1.06,"Plan Rows": 6,"Plan Width": 8,"Actual Startup Time": 0.003,"Actual Total Time": 0.003,"Actual Rows": 1,"Actual Loops": 152495,"Index Cond": "(l_orderkey = l1.l_orderkey)","Rows Removed by Index Recheck": 0,"Filter": "((l_receiptdate > l_commitdate) AND (l_suppkey <> l1.l_suppkey))","Rows Removed by Filter": 1,"Workers": []}]}]},{"Node Type": "Index Scan","Parent Relationship": "Inner","Parallel Aware": false,"Async Capable": false,"Scan Direction": "Forward","Index Name": "idx_lineitem_orderkey","Relation Name": "lineitem","Alias": "l2","Startup Cost": 0.43,"Total Cost": 1.02,"Plan Rows": 17,"Plan Width": 8,"Actual Startup Time": 0.007,"Actual Total Time": 0.007,"Actual Rows": 1,"Actual Loops": 13583,"Index Cond": "(l_orderkey = l1.l_orderkey)","Rows Removed by Index Recheck": 0,"Filter": "(l_suppkey <> l1.l_suppkey)","Rows Removed by Filter": 1}]},{"Node Type": "Index Scan","Parent Relationship": "Inner","Parallel Aware": false,"Async Capable": false,"Scan Direction": "Forward","Index Name": "orders_pkey","Relation Name": "orders","Alias": "orders","Startup Cost": 0.43,"Total Cost": 0.51,"Plan Rows": 1,"Plan Width": 4,"Actual Startup Time": 0.007,"Actual Total Time": 0.007,"Actual Rows": 0,"Actual Loops": 8097,"Index Cond": "(o_orderkey = l1.l_orderkey)","Rows Removed by Index Recheck": 0,"Filter": "(o_orderstatus = 'F'::bpchar)","Rows Removed by Filter": 1}]}]}]}]},"Planning Time": 9.437,"Triggers": [],"Execution Time": 524.297}]
[{"Plan": {"Node Type": "Sort","Parallel Aware": false,"Async Capable": false,"Startup Cost": 147378.80,"Total Cost": 147378.81,"Plan Rows": 1,"Plan Width": 34,"Actual Startup Time": 502.540,"Actual Total Time": 523.684,"Actual Rows": 401,"Actual Loops": 1,"Sort Key": ["(count(*)) DESC", "supplier.s_name"],"Sort Method": "quicksort","Sort Space Used": 56,"Sort Space Type": "Memory","Plans": [{"Node Type": "Aggregate","Strategy": "Sorted","Partial Mode": "Simple","Parent Relationship": "Outer","Parallel Aware": false,"Async Capable": false,"Startup Cost": 147378.77,"Total Cost": 147378.79,"Plan Rows": 1,"Plan Width": 34,"Actual Startup Time": 501.310,"Actual Total Time": 522.965,"Actual Rows": 401,"Actual Loops": 1,"Group Key": ["supplier.s_name"],"Plans": [{"Node Type": "Sort","Parent Relationship": "Outer","Parallel Aware": false,"Async Capable": false,"Startup Cost": 147378.77,"Total Cost": 147378.78,"Plan Rows": 1,"Plan Width": 26,"Actual Startup Time": 501.284,"Actual Total Time": 522.551,"Actual Rows": 3970,"Actual Loops": 1,"Sort Key": ["supplier.s_name"],"Sort Method": "quicksort","Sort Space Used": 376,"Sort Space Type": "Memory","Plans": [{"Node Type": "Nested Loop","Parent Relationship": "Outer","Parallel Aware": false,"Async Capable": false,"Join Type": "Inner","Startup Cost": 1250.87,"Total Cost": 147378.76,"Plan Rows": 1,"Plan Width": 26,"Actual Startup Time": 5.240,"Actual Total Time": 512.097,"Actual Rows": 3970,"Actual Loops": 1,"Inner Unique": true,"Plans": [{"Node Type": "Nested Loop","Parent Relationship": "Outer","Parallel Aware": false,"Async Capable": false,"Join Type": "Semi","Startup Cost": 1250.44,"Total Cost": 147378.26,"Plan Rows": 1,"Plan Width": 34,"Actual Startup Time": 4.627,"Actual Total Time": 451.513,"Actual Rows": 8097,"Actual Loops": 1,"Inner Unique": false,"Plans": [{"Node Type": "Gather","Parent Relationship": "Outer","Parallel Aware": false,"Async Capable": false,"Startup Cost": 1250.01,"Total Cost": 147377.22,"Plan Rows": 1,"Plan Width": 34,"Actual Startup Time": 4.615,"Actual Total Time": 347.691,"Actual Rows": 13583,"Actual Loops": 1,"Workers Planned": 4,"Workers Launched": 4,"Single Copy": false,"Plans": [{"Node Type": "Nested Loop","Parent Relationship": "Outer","Parallel Aware": false,"Async Capable": false,"Join Type": "Anti","Startup Cost": 250.01,"Total Cost": 146377.12,"Plan Rows": 1,"Plan Width": 34,"Actual Startup Time": 4.828,"Actual Total Time": 446.701,"Actual Rows": 2717,"Actual Loops": 5,"Inner Unique": false,"Workers": [],"Plans": [{"Node Type": "Hash Join","Parent Relationship": "Outer","Parallel Aware": false,"Async Capable": false,"Join Type": "Inner","Startup Cost": 249.58,"Total Cost": 133581.65,"Plan Rows": 19990,"Plan Width": 34,"Actual Startup Time": 4.456,"Actual Total Time": 356.594,"Actual Rows": 30499,"Actual Loops": 5,"Inner Unique": false,"Hash Cond": "(l1.l_suppkey = supplier.s_suppkey)","Workers": [],"Plans": [{"Node Type": "Seq Scan","Parent Relationship": "Outer","Parallel Aware": true,"Async Capable": false,"Relation Name": "lineitem","Alias": "l1","Startup Cost": 0.00,"Total Cost": 131256.80,"Plan Rows": 500101,"Plan Width": 8,"Actual Startup Time": 0.022,"Actual Total Time": 305.978,"Actual Rows": 758659,"Actual Loops": 5,"Filter": "(l_receiptdate > l_commitdate)","Rows Removed by Filter": 441584,"Workers": []},{"Node Type": "Hash","Parent Relationship": "Inner","Parallel Aware": false,"Async Capable": false,"Startup Cost": 244.58,"Total Cost": 244.58,"Plan Rows": 400,"Plan Width": 30,"Actual Startup Time": 4.157,"Actual Total Time": 4.168,"Actual Rows": 401,"Actual Loops": 5,"Hash Buckets": 1024,"Original Hash Buckets": 1024,"Hash Batches": 1,"Original Hash Batches": 1,"Peak Memory Usage": 34,"Workers": [],"Plans": [{"Node Type": "Nested Loop","Parent Relationship": "Outer","Parallel Aware": false,"Async Capable": false,"Join Type": "Inner","Startup Cost": 7.38,"Total Cost": 244.58,"Plan Rows": 400,"Plan Width": 30,"Actual Startup Time": 0.269,"Actual Total Time": 4.009,"Actual Rows": 401,"Actual Loops": 5,"Inner Unique": false,"Workers": [],"Plans": [{"Node Type": "Seq Scan","Parent Relationship": "Outer","Parallel Aware": false,"Async Capable": false,"Relation Name": "nation","Alias": "nation","Startup Cost": 0.00,"Total Cost": 1.31,"Plan Rows": 1,"Plan Width": 4,"Actual Startup Time": 0.053,"Actual Total Time": 0.057,"Actual Rows": 1,"Actual Loops": 5,"Filter": "(n_name = 'RUSSIA'::bpchar)","Rows Removed by Filter": 24,"Workers": []},{"Node Type": "Bitmap Heap Scan","Parent Relationship": "Inner","Parallel Aware": false,"Async Capable": false,"Relation Name": "supplier","Alias": "supplier","Startup Cost": 7.38,"Total Cost": 239.27,"Plan Rows": 400,"Plan Width": 34,"Actual Startup Time": 0.210,"Actual Total Time": 3.875,"Actual Rows": 401,"Actual Loops": 5,"Recheck Cond": "(s_nationkey = nation.n_nationkey)","Rows Removed by Index Recheck": 0,"Exact Heap Blocks": 180,"Lossy Heap Blocks": 0,"Workers": [],"Plans": [{"Node Type": "Bitmap Index Scan","Parent Relationship": "Outer","Parallel Aware": false,"Async Capable": false,"Index Name": "idx_supplier_nation_key","Startup Cost": 0.00,"Total Cost": 7.29,"Plan Rows": 400,"Plan Width": 0,"Actual Startup Time": 0.139,"Actual Total Time": 0.140,"Actual Rows": 401,"Actual Loops": 5,"Index Cond": "(s_nationkey = nation.n_nationkey)","Workers": []}]}]}]}]},{"Node Type": "Index Scan","Parent Relationship": "Inner","Parallel Aware": false,"Async Capable": false,"Scan Direction": "Forward","Index Name": "idx_lineitem_orderkey","Relation Name": "lineitem","Alias": "l3","Startup Cost": 0.43,"Total Cost": 1.06,"Plan Rows": 6,"Plan Width": 8,"Actual Startup Time": 0.003,"Actual Total Time": 0.003,"Actual Rows": 1,"Actual Loops": 152495,"Index Cond": "(l_orderkey = l1.l_orderkey)","Rows Removed by Index Recheck": 0,"Filter": "((l_receiptdate > l_commitdate) AND (l_suppkey <> l1.l_suppkey))","Rows Removed by Filter": 1,"Workers": []}]}]},{"Node Type": "Index Scan","Parent Relationship": "Inner","Parallel Aware": false,"Async Capable": false,"Scan Direction": "Forward","Index Name": "idx_lineitem_orderkey","Relation Name": "lineitem","Alias": "l2","Startup Cost": 0.43,"Total Cost": 1.02,"Plan Rows": 17,"Plan Width": 8,"Actual Startup Time": 0.007,"Actual Total Time": 0.007,"Actual Rows": 1,"Actual Loops": 13583,"Index Cond": "(l_orderkey = l1.l_orderkey)","Rows Removed by Index Recheck": 0,"Filter": "(l_suppkey <> l1.l_suppkey)","Rows Removed by Filter": 1}]},{"Node Type": "Index Scan","Parent Relationship": "Inner","Parallel Aware": false,"Async Capable": false,"Scan Direction": "Forward","Index Name": "orders_pkey","Relation Name": "orders","Alias": "orders","Startup Cost": 0.43,"Total Cost": 0.51,"Plan Rows": 1,"Plan Width": 4,"Actual Startup Time": 0.007,"Actual Total Time": 0.007,"Actual Rows": 0,"Actual Loops": 8097,"Index Cond": "(o_orderkey = l1.l_orderkey)","Rows Removed by Index Recheck": 0,"Filter": "(o_orderstatus = 'F'::bpchar)","Rows Removed by Filter": 1}]}]}]}]},"Planning Time": 9.437,"Triggers": [],"Execution Time": 524.297}]
[{"Plan": {"Node Type": "Sort","Parallel Aware": false,"Async Capable": false,"Startup Cost": 147378.80,"Total Cost": 147378.81,"Plan Rows": 1,"Plan Width": 34,"Actual Startup Time": 496.555,"Actual Total Time": 517.754,"Actual Rows": 397,"Actual Loops": 1,"Sort Key": ["(count(*)) DESC", "supplier.s_name"],"Sort Method": "quicksort","Sort Space Used": 56,"Sort Space Type": "Memory","Plans": [{"Node Type": "Aggregate","Strategy": "Sorted","Partial Mode": "Simple","Parent Relationship": "Outer","Parallel Aware": false,"Async Capable": false,"Startup Cost": 147378.77,"Total Cost": 147378.79,"Plan Rows": 1,"Plan Width": 34,"Actual Startup Time": 495.361,"Actual Total Time": 517.058,"Actual Rows": 397,"Actual Loops": 1,"Group Key": ["supplier.s_name"],"Plans": [{"Node Type": "Sort","Parent Relationship": "Outer","Parallel Aware": false,"Async Capable": false,"Startup Cost": 147378.77,"Total Cost": 147378.78,"Plan Rows": 1,"Plan Width": 26,"Actual Startup Time": 495.332,"Actual Total Time": 516.651,"Actual Rows": 3913,"Actual Loops": 1,"Sort Key": ["supplier.s_name"],"Sort Method": "quicksort","Sort Space Used": 372,"Sort Space Type": "Memory","Plans": [{"Node Type": "Nested Loop","Parent Relationship": "Outer","Parallel Aware": false,"Async Capable": false,"Join Type": "Inner","Startup Cost": 1250.87,"Total Cost": 147378.76,"Plan Rows": 1,"Plan Width": 26,"Actual Startup Time": 5.355,"Actual Total Time": 505.328,"Actual Rows": 3913,"Actual Loops": 1,"Inner Unique": true,"Plans": [{"Node Type": "Nested Loop","Parent Relationship": "Outer","Parallel Aware": false,"Async Capable": false,"Join Type": "Semi","Startup Cost": 1250.44,"Total Cost": 147378.26,"Plan Rows": 1,"Plan Width": 34,"Actual Startup Time": 4.468,"Actual Total Time": 441.221,"Actual Rows": 7976,"Actual Loops": 1,"Inner Unique": false,"Plans": [{"Node Type": "Gather","Parent Relationship": "Outer","Parallel Aware": false,"Async Capable": false,"Startup Cost": 1250.01,"Total Cost": 147377.22,"Plan Rows": 1,"Plan Width": 34,"Actual Startup Time": 4.454,"Actual Total Time": 332.117,"Actual Rows": 13419,"Actual Loops": 1,"Workers Planned": 4,"Workers Launched": 4,"Single Copy": false,"Plans": [{"Node Type": "Nested Loop","Parent Relationship": "Outer","Parallel Aware": false,"Async Capable": false,"Join Type": "Anti","Startup Cost": 250.01,"Total Cost": 146377.12,"Plan Rows": 1,"Plan Width": 34,"Actual Startup Time": 5.707,"Actual Total Time": 439.562,"Actual Rows": 2684,"Actual Loops": 5,"Inner Unique": false,"Workers": [],"Plans": [{"Node Type": "Hash Join","Parent Relationship": "Outer","Parallel Aware": false,"Async Capable": false,"Join Type": "Inner","Startup Cost": 249.58,"Total Cost": 133581.65,"Plan Rows": 19990,"Plan Width": 34,"Actual Startup Time": 5.222,"Actual Total Time": 351.394,"Actual Rows": 30171,"Actual Loops": 5,"Inner Unique": false,"Hash Cond": "(l1.l_suppkey = supplier.s_suppkey)","Workers": [],"Plans": [{"Node Type": "Seq Scan","Parent Relationship": "Outer","Parallel Aware": true,"Async Capable": false,"Relation Name": "lineitem","Alias": "l1","Startup Cost": 0.00,"Total Cost": 131256.80,"Plan Rows": 500101,"Plan Width": 8,"Actual Startup Time": 0.029,"Actual Total Time": 300.354,"Actual Rows": 758659,"Actual Loops": 5,"Filter": "(l_receiptdate > l_commitdate)","Rows Removed by Filter": 441584,"Workers": []},{"Node Type": "Hash","Parent Relationship": "Inner","Parallel Aware": false,"Async Capable": false,"Startup Cost": 244.58,"Total Cost": 244.58,"Plan Rows": 400,"Plan Width": 30,"Actual Startup Time": 4.859,"Actual Total Time": 4.869,"Actual Rows": 397,"Actual Loops": 5,"Hash Buckets": 1024,"Original Hash Buckets": 1024,"Hash Batches": 1,"Original Hash Batches": 1,"Peak Memory Usage": 33,"Workers": [],"Plans": [{"Node Type": "Nested Loop","Parent Relationship": "Outer","Parallel Aware": false,"Async Capable": false,"Join Type": "Inner","Startup Cost": 7.38,"Total Cost": 244.58,"Plan Rows": 400,"Plan Width": 30,"Actual Startup Time": 0.335,"Actual Total Time": 4.677,"Actual Rows": 397,"Actual Loops": 5,"Inner Unique": false,"Workers": [],"Plans": [{"Node Type": "Seq Scan","Parent Relationship": "Outer","Parallel Aware": false,"Async Capable": false,"Relation Name": "nation","Alias": "nation","Startup Cost": 0.00,"Total Cost": 1.31,"Plan Rows": 1,"Plan Width": 4,"Actual Startup Time": 0.076,"Actual Total Time": 0.084,"Actual Rows": 1,"Actual Loops": 5,"Filter": "(n_name = 'BRAZIL'::bpchar)","Rows Removed by Filter": 24,"Workers": []},{"Node Type": "Bitmap Heap Scan","Parent Relationship": "Inner","Parallel Aware": false,"Async Capable": false,"Relation Name": "supplier","Alias": "supplier","Startup Cost": 7.38,"Total Cost": 239.27,"Plan Rows": 400,"Plan Width": 34,"Actual Startup Time": 0.255,"Actual Total Time": 4.499,"Actual Rows": 397,"Actual Loops": 5,"Recheck Cond": "(s_nationkey = nation.n_nationkey)","Rows Removed by Index Recheck": 0,"Exact Heap Blocks": 187,"Lossy Heap Blocks": 0,"Workers": [],"Plans": [{"Node Type": "Bitmap Index Scan","Parent Relationship": "Outer","Parallel Aware": false,"Async Capable": false,"Index Name": "idx_supplier_nation_key","Startup Cost": 0.00,"Total Cost": 7.29,"Plan Rows": 400,"Plan Width": 0,"Actual Startup Time": 0.169,"Actual Total Time": 0.170,"Actual Rows": 397,"Actual Loops": 5,"Index Cond": "(s_nationkey = nation.n_nationkey)","Workers": []}]}]}]}]},{"Node Type": "Index Scan","Parent Relationship": "Inner","Parallel Aware": false,"Async Capable": false,"Scan Direction": "Forward","Index Name": "idx_lineitem_orderkey","Relation Name": "lineitem","Alias": "l3","Startup Cost": 0.43,"Total Cost": 1.06,"Plan Rows": 6,"Plan Width": 8,"Actual Startup Time": 0.003,"Actual Total Time": 0.003,"Actual Rows": 1,"Actual Loops": 150857,"Index Cond": "(l_orderkey = l1.l_orderkey)","Rows Removed by Index Recheck": 0,"Filter": "((l_receiptdate > l_commitdate) AND (l_suppkey <> l1.l_suppkey))","Rows Removed by Filter": 1,"Workers": []}]}]},{"Node Type": "Index Scan","Parent Relationship": "Inner","Parallel Aware": false,"Async Capable": false,"Scan Direction": "Forward","Index Name": "idx_lineitem_orderkey","Relation Name": "lineitem","Alias": "l2","Startup Cost": 0.43,"Total Cost": 1.02,"Plan Rows": 17,"Plan Width": 8,"Actual Startup Time": 0.008,"Actual Total Time": 0.008,"Actual Rows": 1,"Actual Loops": 13419,"Index Cond": "(l_orderkey = l1.l_orderkey)","Rows Removed by Index Recheck": 0,"Filter": "(l_suppkey <> l1.l_suppkey)","Rows Removed by Filter": 1}]},{"Node Type": "Index Scan","Parent Relationship": "Inner","Parallel Aware": false,"Async Capable": false,"Scan Direction": "Forward","Index Name": "orders_pkey","Relation Name": "orders","Alias": "orders","Startup Cost": 0.43,"Total Cost": 0.51,"Plan Rows": 1,"Plan Width": 4,"Actual Startup Time": 0.008,"Actual Total Time": 0.008,"Actual Rows": 0,"Actual Loops": 7976,"Index Cond": "(o_orderkey = l1.l_orderkey)","Rows Removed by Index Recheck": 0,"Filter": "(o_orderstatus = 'F'::bpchar)","Rows Removed by Filter": 1}]}]}]}]},"Planning Time": 8.213,"Triggers": [],"Execution Time": 518.316}]
[{"Plan": {"Node Type": "Sort","Parallel Aware": false,"Async Capable": false,"Startup Cost": 147378.80,"Total Cost": 147378.81,"Plan Rows": 1,"Plan Width": 34,"Actual Startup Time": 500.709,"Actual Total Time": 524.703,"Actual Rows": 407,"Actual Loops": 1,"Sort Key": ["(count(*)) DESC", "supplier.s_name"],"Sort Method": "quicksort","Sort Space Used": 56,"Sort Space Type": "Memory","Plans": [{"Node Type": "Aggregate","Strategy": "Sorted","Partial Mode": "Simple","Parent Relationship": "Outer","Parallel Aware": false,"Async Capable": false,"Startup Cost": 147378.77,"Total Cost": 147378.79,"Plan Rows": 1,"Plan Width": 34,"Actual Startup Time": 499.455,"Actual Total Time": 523.962,"Actual Rows": 407,"Actual Loops": 1,"Group Key": ["supplier.s_name"],"Plans": [{"Node Type": "Sort","Parent Relationship": "Outer","Parallel Aware": false,"Async Capable": false,"Startup Cost": 147378.77,"Total Cost": 147378.78,"Plan Rows": 1,"Plan Width": 26,"Actual Startup Time": 499.433,"Actual Total Time": 523.550,"Actual Rows": 3965,"Actual Loops": 1,"Sort Key": ["supplier.s_name"],"Sort Method": "quicksort","Sort Space Used": 375,"Sort Space Type": "Memory","Plans": [{"Node Type": "Nested Loop","Parent Relationship": "Outer","Parallel Aware": false,"Async Capable": false,"Join Type": "Inner","Startup Cost": 1250.87,"Total Cost": 147378.76,"Plan Rows": 1,"Plan Width": 26,"Actual Startup Time": 5.067,"Actual Total Time": 512.972,"Actual Rows": 3965,"Actual Loops": 1,"Inner Unique": true,"Plans": [{"Node Type": "Nested Loop","Parent Relationship": "Outer","Parallel Aware": false,"Async Capable": false,"Join Type": "Semi","Startup Cost": 1250.44,"Total Cost": 147378.26,"Plan Rows": 1,"Plan Width": 34,"Actual Startup Time": 5.045,"Actual Total Time": 451.382,"Actual Rows": 8089,"Actual Loops": 1,"Inner Unique": false,"Plans": [{"Node Type": "Gather","Parent Relationship": "Outer","Parallel Aware": false,"Async Capable": false,"Startup Cost": 1250.01,"Total Cost": 147377.22,"Plan Rows": 1,"Plan Width": 34,"Actual Startup Time": 4.734,"Actual Total Time": 344.998,"Actual Rows": 13526,"Actual Loops": 1,"Workers Planned": 4,"Workers Launched": 4,"Single Copy": false,"Plans": [{"Node Type": "Nested Loop","Parent Relationship": "Outer","Parallel Aware": false,"Async Capable": false,"Join Type": "Anti","Startup Cost": 250.01,"Total Cost": 146377.12,"Plan Rows": 1,"Plan Width": 34,"Actual Startup Time": 4.775,"Actual Total Time": 445.542,"Actual Rows": 2705,"Actual Loops": 5,"Inner Unique": false,"Workers": [],"Plans": [{"Node Type": "Hash Join","Parent Relationship": "Outer","Parallel Aware": false,"Async Capable": false,"Join Type": "Inner","Startup Cost": 249.58,"Total Cost": 133581.65,"Plan Rows": 19990,"Plan Width": 34,"Actual Startup Time": 4.487,"Actual Total Time": 354.785,"Actual Rows": 30752,"Actual Loops": 5,"Inner Unique": false,"Hash Cond": "(l1.l_suppkey = supplier.s_suppkey)","Workers": [],"Plans": [{"Node Type": "Seq Scan","Parent Relationship": "Outer","Parallel Aware": true,"Async Capable": false,"Relation Name": "lineitem","Alias": "l1","Startup Cost": 0.00,"Total Cost": 131256.80,"Plan Rows": 500101,"Plan Width": 8,"Actual Startup Time": 0.026,"Actual Total Time": 303.161,"Actual Rows": 758659,"Actual Loops": 5,"Filter": "(l_receiptdate > l_commitdate)","Rows Removed by Filter": 441584,"Workers": []},{"Node Type": "Hash","Parent Relationship": "Inner","Parallel Aware": false,"Async Capable": false,"Startup Cost": 244.58,"Total Cost": 244.58,"Plan Rows": 400,"Plan Width": 30,"Actual Startup Time": 4.170,"Actual Total Time": 4.181,"Actual Rows": 407,"Actual Loops": 5,"Hash Buckets": 1024,"Original Hash Buckets": 1024,"Hash Batches": 1,"Original Hash Batches": 1,"Peak Memory Usage": 34,"Workers": [],"Plans": [{"Node Type": "Nested Loop","Parent Relationship": "Outer","Parallel Aware": false,"Async Capable": false,"Join Type": "Inner","Startup Cost": 7.38,"Total Cost": 244.58,"Plan Rows": 400,"Plan Width": 30,"Actual Startup Time": 0.302,"Actual Total Time": 4.018,"Actual Rows": 407,"Actual Loops": 5,"Inner Unique": false,"Workers": [],"Plans": [{"Node Type": "Seq Scan","Parent Relationship": "Outer","Parallel Aware": false,"Async Capable": false,"Relation Name": "nation","Alias": "nation","Startup Cost": 0.00,"Total Cost": 1.31,"Plan Rows": 1,"Plan Width": 4,"Actual Startup Time": 0.065,"Actual Total Time": 0.068,"Actual Rows": 1,"Actual Loops": 5,"Filter": "(n_name = 'CHINA'::bpchar)","Rows Removed by Filter": 24,"Workers": []},{"Node Type": "Bitmap Heap Scan","Parent Relationship": "Inner","Parallel Aware": false,"Async Capable": false,"Relation Name": "supplier","Alias": "supplier","Startup Cost": 7.38,"Total Cost": 239.27,"Plan Rows": 400,"Plan Width": 34,"Actual Startup Time": 0.229,"Actual Total Time": 3.872,"Actual Rows": 407,"Actual Loops": 5,"Recheck Cond": "(s_nationkey = nation.n_nationkey)","Rows Removed by Index Recheck": 0,"Exact Heap Blocks": 186,"Lossy Heap Blocks": 0,"Workers": [],"Plans": [{"Node Type": "Bitmap Index Scan","Parent Relationship": "Outer","Parallel Aware": false,"Async Capable": false,"Index Name": "idx_supplier_nation_key","Startup Cost": 0.00,"Total Cost": 7.29,"Plan Rows": 400,"Plan Width": 0,"Actual Startup Time": 0.141,"Actual Total Time": 0.143,"Actual Rows": 407,"Actual Loops": 5,"Index Cond": "(s_nationkey = nation.n_nationkey)","Workers": []}]}]}]}]},{"Node Type": "Index Scan","Parent Relationship": "Inner","Parallel Aware": false,"Async Capable": false,"Scan Direction": "Forward","Index Name": "idx_lineitem_orderkey","Relation Name": "lineitem","Alias": "l3","Startup Cost": 0.43,"Total Cost": 1.06,"Plan Rows": 6,"Plan Width": 8,"Actual Startup Time": 0.003,"Actual Total Time": 0.003,"Actual Rows": 1,"Actual Loops": 153758,"Index Cond": "(l_orderkey = l1.l_orderkey)","Rows Removed by Index Recheck": 0,"Filter": "((l_receiptdate > l_commitdate) AND (l_suppkey <> l1.l_suppkey))","Rows Removed by Filter": 1,"Workers": []}]}]},{"Node Type": "Index Scan","Parent Relationship": "Inner","Parallel Aware": false,"Async Capable": false,"Scan Direction": "Forward","Index Name": "idx_lineitem_orderkey","Relation Name": "lineitem","Alias": "l2","Startup Cost": 0.43,"Total Cost": 1.02,"Plan Rows": 17,"Plan Width": 8,"Actual Startup Time": 0.007,"Actual Total Time": 0.007,"Actual Rows": 1,"Actual Loops": 13526,"Index Cond": "(l_orderkey = l1.l_orderkey)","Rows Removed by Index Recheck": 0,"Filter": "(l_suppkey <> l1.l_suppkey)","Rows Removed by Filter": 1}]},{"Node Type": "Index Scan","Parent Relationship": "Inner","Parallel Aware": false,"Async Capable": false,"Scan Direction": "Forward","Index Name": "orders_pkey","Relation Name": "orders","Alias": "orders","Startup Cost": 0.43,"Total Cost": 0.51,"Plan Rows": 1,"Plan Width": 4,"Actual Startup Time": 0.007,"Actual Total Time": 0.007,"Actual Rows": 0,"Actual Loops": 8089,"Index Cond": "(o_orderkey = l1.l_orderkey)","Rows Removed by Index Recheck": 0,"Filter": "(o_orderstatus = 'F'::bpchar)","Rows Removed by Filter": 1}]}]}]}]},"Planning Time": 8.452,"Triggers": [],"Execution Time": 525.397}]
[{"Plan": {"Node Type": "Sort","Parallel Aware": false,"Async Capable": false,"Startup Cost": 147378.80,"Total Cost": 147378.81,"Plan Rows": 1,"Plan Width": 34,"Actual Startup Time": 494.557,"Actual Total Time": 516.628,"Actual Rows": 380,"Actual Loops": 1,"Sort Key": ["(count(*)) DESC", "supplier.s_name"],"Sort Method": "quicksort","Sort Space Used": 54,"Sort Space Type": "Memory","Plans": [{"Node Type": "Aggregate","Strategy": "Sorted","Partial Mode": "Simple","Parent Relationship": "Outer","Parallel Aware": false,"Async Capable": false,"Startup Cost": 147378.77,"Total Cost": 147378.79,"Plan Rows": 1,"Plan Width": 34,"Actual Startup Time": 493.417,"Actual Total Time": 515.990,"Actual Rows": 380,"Actual Loops": 1,"Group Key": ["supplier.s_name"],"Plans": [{"Node Type": "Sort","Parent Relationship": "Outer","Parallel Aware": false,"Async Capable": false,"Startup Cost": 147378.77,"Total Cost": 147378.78,"Plan Rows": 1,"Plan Width": 26,"Actual Startup Time": 493.396,"Actual Total Time": 515.587,"Actual Rows": 3777,"Actual Loops": 1,"Sort Key": ["supplier.s_name"],"Sort Method": "quicksort","Sort Space Used": 362,"Sort Space Type": "Memory","Plans": [{"Node Type": "Nested Loop","Parent Relationship": "Outer","Parallel Aware": false,"Async Capable": false,"Join Type": "Inner","Startup Cost": 1250.87,"Total Cost": 147378.76,"Plan Rows": 1,"Plan Width": 26,"Actual Startup Time": 4.998,"Actual Total Time": 504.711,"Actual Rows": 3777,"Actual Loops": 1,"Inner Unique": true,"Plans": [{"Node Type": "Nested Loop","Parent Relationship": "Outer","Parallel Aware": false,"Async Capable": false,"Join Type": "Semi","Startup Cost": 1250.44,"Total Cost": 147378.26,"Plan Rows": 1,"Plan Width": 34,"Actual Startup Time": 4.963,"Actual Total Time": 440.621,"Actual Rows": 7670,"Actual Loops": 1,"Inner Unique": false,"Plans": [{"Node Type": "Gather","Parent Relationship": "Outer","Parallel Aware": false,"Async Capable": false,"Startup Cost": 1250.01,"Total Cost": 147377.22,"Plan Rows": 1,"Plan Width": 34,"Actual Startup Time": 4.951,"Actual Total Time": 333.201,"Actual Rows": 12935,"Actual Loops": 1,"Workers Planned": 4,"Workers Launched": 4,"Single Copy": false,"Plans": [{"Node Type": "Nested Loop","Parent Relationship": "Outer","Parallel Aware": false,"Async Capable": false,"Join Type": "Anti","Startup Cost": 250.01,"Total Cost": 146377.12,"Plan Rows": 1,"Plan Width": 34,"Actual Startup Time": 5.873,"Actual Total Time": 437.867,"Actual Rows": 2587,"Actual Loops": 5,"Inner Unique": false,"Workers": [],"Plans": [{"Node Type": "Hash Join","Parent Relationship": "Outer","Parallel Aware": false,"Async Capable": false,"Join Type": "Inner","Startup Cost": 249.58,"Total Cost": 133581.65,"Plan Rows": 19990,"Plan Width": 34,"Actual Startup Time": 5.239,"Actual Total Time": 352.656,"Actual Rows": 28741,"Actual Loops": 5,"Inner Unique": false,"Hash Cond": "(l1.l_suppkey = supplier.s_suppkey)","Workers": [],"Plans": [{"Node Type": "Seq Scan","Parent Relationship": "Outer","Parallel Aware": true,"Async Capable": false,"Relation Name": "lineitem","Alias": "l1","Startup Cost": 0.00,"Total Cost": 131256.80,"Plan Rows": 500101,"Plan Width": 8,"Actual Startup Time": 0.031,"Actual Total Time": 300.900,"Actual Rows": 758659,"Actual Loops": 5,"Filter": "(l_receiptdate > l_commitdate)","Rows Removed by Filter": 441584,"Workers": []},{"Node Type": "Hash","Parent Relationship": "Inner","Parallel Aware": false,"Async Capable": false,"Startup Cost": 244.58,"Total Cost": 244.58,"Plan Rows": 400,"Plan Width": 30,"Actual Startup Time": 4.907,"Actual Total Time": 4.921,"Actual Rows": 380,"Actual Loops": 5,"Hash Buckets": 1024,"Original Hash Buckets": 1024,"Hash Batches": 1,"Original Hash Batches": 1,"Peak Memory Usage": 32,"Workers": [],"Plans": [{"Node Type": "Nested Loop","Parent Relationship": "Outer","Parallel Aware": false,"Async Capable": false,"Join Type": "Inner","Startup Cost": 7.38,"Total Cost": 244.58,"Plan Rows": 400,"Plan Width": 30,"Actual Startup Time": 0.293,"Actual Total Time": 4.740,"Actual Rows": 380,"Actual Loops": 5,"Inner Unique": false,"Workers": [],"Plans": [{"Node Type": "Seq Scan","Parent Relationship": "Outer","Parallel Aware": false,"Async Capable": false,"Relation Name": "nation","Alias": "nation","Startup Cost": 0.00,"Total Cost": 1.31,"Plan Rows": 1,"Plan Width": 4,"Actual Startup Time": 0.048,"Actual Total Time": 0.056,"Actual Rows": 1,"Actual Loops": 5,"Filter": "(n_name = 'ETHIOPIA'::bpchar)","Rows Removed by Filter": 24,"Workers": []},{"Node Type": "Bitmap Heap Scan","Parent Relationship": "Inner","Parallel Aware": false,"Async Capable": false,"Relation Name": "supplier","Alias": "supplier","Startup Cost": 7.38,"Total Cost": 239.27,"Plan Rows": 400,"Plan Width": 34,"Actual Startup Time": 0.240,"Actual Total Time": 4.598,"Actual Rows": 380,"Actual Loops": 5,"Recheck Cond": "(s_nationkey = nation.n_nationkey)","Rows Removed by Index Recheck": 0,"Exact Heap Blocks": 192,"Lossy Heap Blocks": 0,"Workers": [],"Plans": [{"Node Type": "Bitmap Index Scan","Parent Relationship": "Outer","Parallel Aware": false,"Async Capable": false,"Index Name": "idx_supplier_nation_key","Startup Cost": 0.00,"Total Cost": 7.29,"Plan Rows": 400,"Plan Width": 0,"Actual Startup Time": 0.158,"Actual Total Time": 0.159,"Actual Rows": 380,"Actual Loops": 5,"Index Cond": "(s_nationkey = nation.n_nationkey)","Workers": []}]}]}]}]},{"Node Type": "Index Scan","Parent Relationship": "Inner","Parallel Aware": false,"Async Capable": false,"Scan Direction": "Forward","Index Name": "idx_lineitem_orderkey","Relation Name": "lineitem","Alias": "l3","Startup Cost": 0.43,"Total Cost": 1.06,"Plan Rows": 6,"Plan Width": 8,"Actual Startup Time": 0.003,"Actual Total Time": 0.003,"Actual Rows": 1,"Actual Loops": 143707,"Index Cond": "(l_orderkey = l1.l_orderkey)","Rows Removed by Index Recheck": 0,"Filter": "((l_receiptdate > l_commitdate) AND (l_suppkey <> l1.l_suppkey))","Rows Removed by Filter": 1,"Workers": []}]}]},{"Node Type": "Index Scan","Parent Relationship": "Inner","Parallel Aware": false,"Async Capable": false,"Scan Direction": "Forward","Index Name": "idx_lineitem_orderkey","Relation Name": "lineitem","Alias": "l2","Startup Cost": 0.43,"Total Cost": 1.02,"Plan Rows": 17,"Plan Width": 8,"Actual Startup Time": 0.008,"Actual Total Time": 0.008,"Actual Rows": 1,"Actual Loops": 12935,"Index Cond": "(l_orderkey = l1.l_orderkey)","Rows Removed by Index Recheck": 0,"Filter": "(l_suppkey <> l1.l_suppkey)","Rows Removed by Filter": 1}]},{"Node Type": "Index Scan","Parent Relationship": "Inner","Parallel Aware": false,"Async Capable": false,"Scan Direction": "Forward","Index Name": "orders_pkey","Relation Name": "orders","Alias": "orders","Startup Cost": 0.43,"Total Cost": 0.51,"Plan Rows": 1,"Plan Width": 4,"Actual Startup Time": 0.008,"Actual Total Time": 0.008,"Actual Rows": 0,"Actual Loops": 7670,"Index Cond": "(o_orderkey = l1.l_orderkey)","Rows Removed by Index Recheck": 0,"Filter": "(o_orderstatus = 'F'::bpchar)","Rows Removed by Filter": 1}]}]}]}]},"Planning Time": 9.415,"Triggers": [],"Execution Time": 517.200}]
[{"Plan": {"Node Type": "Sort","Parallel Aware": false,"Async Capable": false,"Startup Cost": 147378.80,"Total Cost": 147378.81,"Plan Rows": 1,"Plan Width": 34,"Actual Startup Time": 501.108,"Actual Total Time": 521.576,"Actual Rows": 402,"Actual Loops": 1,"Sort Key": ["(count(*)) DESC", "supplier.s_name"],"Sort Method": "quicksort","Sort Space Used": 56,"Sort Space Type": "Memory","Plans": [{"Node Type": "Aggregate","Strategy": "Sorted","Partial Mode": "Simple","Parent Relationship": "Outer","Parallel Aware": false,"Async Capable": false,"Startup Cost": 147378.77,"Total Cost": 147378.79,"Plan Rows": 1,"Plan Width": 34,"Actual Startup Time": 499.889,"Actual Total Time": 520.867,"Actual Rows": 402,"Actual Loops": 1,"Group Key": ["supplier.s_name"],"Plans": [{"Node Type": "Sort","Parent Relationship": "Outer","Parallel Aware": false,"Async Capable": false,"Startup Cost": 147378.77,"Total Cost": 147378.78,"Plan Rows": 1,"Plan Width": 26,"Actual Startup Time": 499.865,"Actual Total Time": 520.454,"Actual Rows": 3981,"Actual Loops": 1,"Sort Key": ["supplier.s_name"],"Sort Method": "quicksort","Sort Space Used": 376,"Sort Space Type": "Memory","Plans": [{"Node Type": "Nested Loop","Parent Relationship": "Outer","Parallel Aware": false,"Async Capable": false,"Join Type": "Inner","Startup Cost": 1250.87,"Total Cost": 147378.76,"Plan Rows": 1,"Plan Width": 26,"Actual Startup Time": 4.395,"Actual Total Time": 509.623,"Actual Rows": 3981,"Actual Loops": 1,"Inner Unique": true,"Plans": [{"Node Type": "Nested Loop","Parent Relationship": "Outer","Parallel Aware": false,"Async Capable": false,"Join Type": "Semi","Startup Cost": 1250.44,"Total Cost": 147378.26,"Plan Rows": 1,"Plan Width": 34,"Actual Startup Time": 4.360,"Actual Total Time": 449.398,"Actual Rows": 7983,"Actual Loops": 1,"Inner Unique": false,"Plans": [{"Node Type": "Gather","Parent Relationship": "Outer","Parallel Aware": false,"Async Capable": false,"Startup Cost": 1250.01,"Total Cost": 147377.22,"Plan Rows": 1,"Plan Width": 34,"Actual Startup Time": 4.200,"Actual Total Time": 345.088,"Actual Rows": 13400,"Actual Loops": 1,"Workers Planned": 4,"Workers Launched": 4,"Single Copy": false,"Plans": [{"Node Type": "Nested Loop","Parent Relationship": "Outer","Parallel Aware": false,"Async Capable": false,"Join Type": "Anti","Startup Cost": 250.01,"Total Cost": 146377.12,"Plan Rows": 1,"Plan Width": 34,"Actual Startup Time": 4.071,"Actual Total Time": 443.940,"Actual Rows": 2680,"Actual Loops": 5,"Inner Unique": false,"Workers": [],"Plans": [{"Node Type": "Hash Join","Parent Relationship": "Outer","Parallel Aware": false,"Async Capable": false,"Join Type": "Inner","Startup Cost": 249.58,"Total Cost": 133581.65,"Plan Rows": 19990,"Plan Width": 34,"Actual Startup Time": 3.886,"Actual Total Time": 354.291,"Actual Rows": 30378,"Actual Loops": 5,"Inner Unique": false,"Hash Cond": "(l1.l_suppkey = supplier.s_suppkey)","Workers": [],"Plans": [{"Node Type": "Seq Scan","Parent Relationship": "Outer","Parallel Aware": true,"Async Capable": false,"Relation Name": "lineitem","Alias": "l1","Startup Cost": 0.00,"Total Cost": 131256.80,"Plan Rows": 500101,"Plan Width": 8,"Actual Startup Time": 0.029,"Actual Total Time": 304.276,"Actual Rows": 758659,"Actual Loops": 5,"Filter": "(l_receiptdate > l_commitdate)","Rows Removed by Filter": 441584,"Workers": []},{"Node Type": "Hash","Parent Relationship": "Inner","Parallel Aware": false,"Async Capable": false,"Startup Cost": 244.58,"Total Cost": 244.58,"Plan Rows": 400,"Plan Width": 30,"Actual Startup Time": 3.550,"Actual Total Time": 3.564,"Actual Rows": 402,"Actual Loops": 5,"Hash Buckets": 1024,"Original Hash Buckets": 1024,"Hash Batches": 1,"Original Hash Batches": 1,"Peak Memory Usage": 34,"Workers": [],"Plans": [{"Node Type": "Nested Loop","Parent Relationship": "Outer","Parallel Aware": false,"Async Capable": false,"Join Type": "Inner","Startup Cost": 7.38,"Total Cost": 244.58,"Plan Rows": 400,"Plan Width": 30,"Actual Startup Time": 0.305,"Actual Total Time": 3.431,"Actual Rows": 402,"Actual Loops": 5,"Inner Unique": false,"Workers": [],"Plans": [{"Node Type": "Seq Scan","Parent Relationship": "Outer","Parallel Aware": false,"Async Capable": false,"Relation Name": "nation","Alias": "nation","Startup Cost": 0.00,"Total Cost": 1.31,"Plan Rows": 1,"Plan Width": 4,"Actual Startup Time": 0.076,"Actual Total Time": 0.081,"Actual Rows": 1,"Actual Loops": 5,"Filter": "(n_name = 'FRANCE'::bpchar)","Rows Removed by Filter": 24,"Workers": []},{"Node Type": "Bitmap Heap Scan","Parent Relationship": "Inner","Parallel Aware": false,"Async Capable": false,"Relation Name": "supplier","Alias": "supplier","Startup Cost": 7.38,"Total Cost": 239.27,"Plan Rows": 400,"Plan Width": 34,"Actual Startup Time": 0.223,"Actual Total Time": 3.284,"Actual Rows": 402,"Actual Loops": 5,"Recheck Cond": "(s_nationkey = nation.n_nationkey)","Rows Removed by Index Recheck": 0,"Exact Heap Blocks": 184,"Lossy Heap Blocks": 0,"Workers": [],"Plans": [{"Node Type": "Bitmap Index Scan","Parent Relationship": "Outer","Parallel Aware": false,"Async Capable": false,"Index Name": "idx_supplier_nation_key","Startup Cost": 0.00,"Total Cost": 7.29,"Plan Rows": 400,"Plan Width": 0,"Actual Startup Time": 0.129,"Actual Total Time": 0.130,"Actual Rows": 402,"Actual Loops": 5,"Index Cond": "(s_nationkey = nation.n_nationkey)","Workers": []}]}]}]}]},{"Node Type": "Index Scan","Parent Relationship": "Inner","Parallel Aware": false,"Async Capable": false,"Scan Direction": "Forward","Index Name": "idx_lineitem_orderkey","Relation Name": "lineitem","Alias": "l3","Startup Cost": 0.43,"Total Cost": 1.06,"Plan Rows": 6,"Plan Width": 8,"Actual Startup Time": 0.003,"Actual Total Time": 0.003,"Actual Rows": 1,"Actual Loops": 151892,"Index Cond": "(l_orderkey = l1.l_orderkey)","Rows Removed by Index Recheck": 0,"Filter": "((l_receiptdate > l_commitdate) AND (l_suppkey <> l1.l_suppkey))","Rows Removed by Filter": 1,"Workers": []}]}]},{"Node Type": "Index Scan","Parent Relationship": "Inner","Parallel Aware": false,"Async Capable": false,"Scan Direction": "Forward","Index Name": "idx_lineitem_orderkey","Relation Name": "lineitem","Alias": "l2","Startup Cost": 0.43,"Total Cost": 1.02,"Plan Rows": 17,"Plan Width": 8,"Actual Startup Time": 0.007,"Actual Total Time": 0.007,"Actual Rows": 1,"Actual Loops": 13400,"Index Cond": "(l_orderkey = l1.l_orderkey)","Rows Removed by Index Recheck": 0,"Filter": "(l_suppkey <> l1.l_suppkey)","Rows Removed by Filter": 1}]},{"Node Type": "Index Scan","Parent Relationship": "Inner","Parallel Aware": false,"Async Capable": false,"Scan Direction": "Forward","Index Name": "orders_pkey","Relation Name": "orders","Alias": "orders","Startup Cost": 0.43,"Total Cost": 0.51,"Plan Rows": 1,"Plan Width": 4,"Actual Startup Time": 0.007,"Actual Total Time": 0.007,"Actual Rows": 0,"Actual Loops": 7983,"Index Cond": "(o_orderkey = l1.l_orderkey)","Rows Removed by Index Recheck": 0,"Filter": "(o_orderstatus = 'F'::bpchar)","Rows Removed by Filter": 1}]}]}]}]},"Planning Time": 8.323,"Triggers": [],"Execution Time": 522.235}]
[{"Plan": {"Node Type": "Sort","Parallel Aware": false,"Async Capable": false,"Startup Cost": 147378.80,"Total Cost": 147378.81,"Plan Rows": 1,"Plan Width": 34,"Actual Startup Time": 500.709,"Actual Total Time": 524.703,"Actual Rows": 407,"Actual Loops": 1,"Sort Key": ["(count(*)) DESC", "supplier.s_name"],"Sort Method": "quicksort","Sort Space Used": 56,"Sort Space Type": "Memory","Plans": [{"Node Type": "Aggregate","Strategy": "Sorted","Partial Mode": "Simple","Parent Relationship": "Outer","Parallel Aware": false,"Async Capable": false,"Startup Cost": 147378.77,"Total Cost": 147378.79,"Plan Rows": 1,"Plan Width": 34,"Actual Startup Time": 499.455,"Actual Total Time": 523.962,"Actual Rows": 407,"Actual Loops": 1,"Group Key": ["supplier.s_name"],"Plans": [{"Node Type": "Sort","Parent Relationship": "Outer","Parallel Aware": false,"Async Capable": false,"Startup Cost": 147378.77,"Total Cost": 147378.78,"Plan Rows": 1,"Plan Width": 26,"Actual Startup Time": 499.433,"Actual Total Time": 523.550,"Actual Rows": 3965,"Actual Loops": 1,"Sort Key": ["supplier.s_name"],"Sort Method": "quicksort","Sort Space Used": 375,"Sort Space Type": "Memory","Plans": [{"Node Type": "Nested Loop","Parent Relationship": "Outer","Parallel Aware": false,"Async Capable": false,"Join Type": "Inner","Startup Cost": 1250.87,"Total Cost": 147378.76,"Plan Rows": 1,"Plan Width": 26,"Actual Startup Time": 5.067,"Actual Total Time": 512.972,"Actual Rows": 3965,"Actual Loops": 1,"Inner Unique": true,"Plans": [{"Node Type": "Nested Loop","Parent Relationship": "Outer","Parallel Aware": false,"Async Capable": false,"Join Type": "Semi","Startup Cost": 1250.44,"Total Cost": 147378.26,"Plan Rows": 1,"Plan Width": 34,"Actual Startup Time": 5.045,"Actual Total Time": 451.382,"Actual Rows": 8089,"Actual Loops": 1,"Inner Unique": false,"Plans": [{"Node Type": "Gather","Parent Relationship": "Outer","Parallel Aware": false,"Async Capable": false,"Startup Cost": 1250.01,"Total Cost": 147377.22,"Plan Rows": 1,"Plan Width": 34,"Actual Startup Time": 4.734,"Actual Total Time": 344.998,"Actual Rows": 13526,"Actual Loops": 1,"Workers Planned": 4,"Workers Launched": 4,"Single Copy": false,"Plans": [{"Node Type": "Nested Loop","Parent Relationship": "Outer","Parallel Aware": false,"Async Capable": false,"Join Type": "Anti","Startup Cost": 250.01,"Total Cost": 146377.12,"Plan Rows": 1,"Plan Width": 34,"Actual Startup Time": 4.775,"Actual Total Time": 445.542,"Actual Rows": 2705,"Actual Loops": 5,"Inner Unique": false,"Workers": [],"Plans": [{"Node Type": "Hash Join","Parent Relationship": "Outer","Parallel Aware": false,"Async Capable": false,"Join Type": "Inner","Startup Cost": 249.58,"Total Cost": 133581.65,"Plan Rows": 19990,"Plan Width": 34,"Actual Startup Time": 4.487,"Actual Total Time": 354.785,"Actual Rows": 30752,"Actual Loops": 5,"Inner Unique": false,"Hash Cond": "(l1.l_suppkey = supplier.s_suppkey)","Workers": [],"Plans": [{"Node Type": "Seq Scan","Parent Relationship": "Outer","Parallel Aware": true,"Async Capable": false,"Relation Name": "lineitem","Alias": "l1","Startup Cost": 0.00,"Total Cost": 131256.80,"Plan Rows": 500101,"Plan Width": 8,"Actual Startup Time": 0.026,"Actual Total Time": 303.161,"Actual Rows": 758659,"Actual Loops": 5,"Filter": "(l_receiptdate > l_commitdate)","Rows Removed by Filter": 441584,"Workers": []},{"Node Type": "Hash","Parent Relationship": "Inner","Parallel Aware": false,"Async Capable": false,"Startup Cost": 244.58,"Total Cost": 244.58,"Plan Rows": 400,"Plan Width": 30,"Actual Startup Time": 4.170,"Actual Total Time": 4.181,"Actual Rows": 407,"Actual Loops": 5,"Hash Buckets": 1024,"Original Hash Buckets": 1024,"Hash Batches": 1,"Original Hash Batches": 1,"Peak Memory Usage": 34,"Workers": [],"Plans": [{"Node Type": "Nested Loop","Parent Relationship": "Outer","Parallel Aware": false,"Async Capable": false,"Join Type": "Inner","Startup Cost": 7.38,"Total Cost": 244.58,"Plan Rows": 400,"Plan Width": 30,"Actual Startup Time": 0.302,"Actual Total Time": 4.018,"Actual Rows": 407,"Actual Loops": 5,"Inner Unique": false,"Workers": [],"Plans": [{"Node Type": "Seq Scan","Parent Relationship": "Outer","Parallel Aware": false,"Async Capable": false,"Relation Name": "nation","Alias": "nation","Startup Cost": 0.00,"Total Cost": 1.31,"Plan Rows": 1,"Plan Width": 4,"Actual Startup Time": 0.065,"Actual Total Time": 0.068,"Actual Rows": 1,"Actual Loops": 5,"Filter": "(n_name = 'CHINA'::bpchar)","Rows Removed by Filter": 24,"Workers": []},{"Node Type": "Bitmap Heap Scan","Parent Relationship": "Inner","Parallel Aware": false,"Async Capable": false,"Relation Name": "supplier","Alias": "supplier","Startup Cost": 7.38,"Total Cost": 239.27,"Plan Rows": 400,"Plan Width": 34,"Actual Startup Time": 0.229,"Actual Total Time": 3.872,"Actual Rows": 407,"Actual Loops": 5,"Recheck Cond": "(s_nationkey = nation.n_nationkey)","Rows Removed by Index Recheck": 0,"Exact Heap Blocks": 186,"Lossy Heap Blocks": 0,"Workers": [],"Plans": [{"Node Type": "Bitmap Index Scan","Parent Relationship": "Outer","Parallel Aware": false,"Async Capable": false,"Index Name": "idx_supplier_nation_key","Startup Cost": 0.00,"Total Cost": 7.29,"Plan Rows": 400,"Plan Width": 0,"Actual Startup Time": 0.141,"Actual Total Time": 0.143,"Actual Rows": 407,"Actual Loops": 5,"Index Cond": "(s_nationkey = nation.n_nationkey)","Workers": []}]}]}]}]},{"Node Type": "Index Scan","Parent Relationship": "Inner","Parallel Aware": false,"Async Capable": false,"Scan Direction": "Forward","Index Name": "idx_lineitem_orderkey","Relation Name": "lineitem","Alias": "l3","Startup Cost": 0.43,"Total Cost": 1.06,"Plan Rows": 6,"Plan Width": 8,"Actual Startup Time": 0.003,"Actual Total Time": 0.003,"Actual Rows": 1,"Actual Loops": 153758,"Index Cond": "(l_orderkey = l1.l_orderkey)","Rows Removed by Index Recheck": 0,"Filter": "((l_receiptdate > l_commitdate) AND (l_suppkey <> l1.l_suppkey))","Rows Removed by Filter": 1,"Workers": []}]}]},{"Node Type": "Index Scan","Parent Relationship": "Inner","Parallel Aware": false,"Async Capable": false,"Scan Direction": "Forward","Index Name": "idx_lineitem_orderkey","Relation Name": "lineitem","Alias": "l2","Startup Cost": 0.43,"Total Cost": 1.02,"Plan Rows": 17,"Plan Width": 8,"Actual Startup Time": 0.007,"Actual Total Time": 0.007,"Actual Rows": 1,"Actual Loops": 13526,"Index Cond": "(l_orderkey = l1.l_orderkey)","Rows Removed by Index Recheck": 0,"Filter": "(l_suppkey <> l1.l_suppkey)","Rows Removed by Filter": 1}]},{"Node Type": "Index Scan","Parent Relationship": "Inner","Parallel Aware": false,"Async Capable": false,"Scan Direction": "Forward","Index Name": "orders_pkey","Relation Name": "orders","Alias": "orders","Startup Cost": 0.43,"Total Cost": 0.51,"Plan Rows": 1,"Plan Width": 4,"Actual Startup Time": 0.007,"Actual Total Time": 0.007,"Actual Rows": 0,"Actual Loops": 8089,"Index Cond": "(o_orderkey = l1.l_orderkey)","Rows Removed by Index Recheck": 0,"Filter": "(o_orderstatus = 'F'::bpchar)","Rows Removed by Filter": 1}]}]}]}]},"Planning Time": 8.452,"Triggers": [],"Execution Time": 525.397}]
[{"Plan": {"Node Type": "Sort","Parallel Aware": false,"Async Capable": false,"Startup Cost": 147378.80,"Total Cost": 147378.81,"Plan Rows": 1,"Plan Width": 34,"Actual Startup Time": 484.568,"Actual Total Time": 505.980,"Actual Rows": 362,"Actual Loops": 1,"Sort Key": ["(count(*)) DESC", "supplier.s_name"],"Sort Method": "quicksort","Sort Space Used": 53,"Sort Space Type": "Memory","Plans": [{"Node Type": "Aggregate","Strategy": "Sorted","Partial Mode": "Simple","Parent Relationship": "Outer","Parallel Aware": false,"Async Capable": false,"Startup Cost": 147378.77,"Total Cost": 147378.79,"Plan Rows": 1,"Plan Width": 34,"Actual Startup Time": 483.467,"Actual Total Time": 505.326,"Actual Rows": 362,"Actual Loops": 1,"Group Key": ["supplier.s_name"],"Plans": [{"Node Type": "Sort","Parent Relationship": "Outer","Parallel Aware": false,"Async Capable": false,"Startup Cost": 147378.77,"Total Cost": 147378.78,"Plan Rows": 1,"Plan Width": 26,"Actual Startup Time": 483.448,"Actual Total Time": 504.962,"Actual Rows": 3454,"Actual Loops": 1,"Sort Key": ["supplier.s_name"],"Sort Method": "quicksort","Sort Space Used": 339,"Sort Space Type": "Memory","Plans": [{"Node Type": "Nested Loop","Parent Relationship": "Outer","Parallel Aware": false,"Async Capable": false,"Join Type": "Inner","Startup Cost": 1250.87,"Total Cost": 147378.76,"Plan Rows": 1,"Plan Width": 26,"Actual Startup Time": 4.046,"Actual Total Time": 494.960,"Actual Rows": 3454,"Actual Loops": 1,"Inner Unique": true,"Plans": [{"Node Type": "Nested Loop","Parent Relationship": "Outer","Parallel Aware": false,"Async Capable": false,"Join Type": "Semi","Startup Cost": 1250.44,"Total Cost": 147378.26,"Plan Rows": 1,"Plan Width": 34,"Actual Startup Time": 3.697,"Actual Total Time": 437.513,"Actual Rows": 7167,"Actual Loops": 1,"Inner Unique": false,"Plans": [{"Node Type": "Gather","Parent Relationship": "Outer","Parallel Aware": false,"Async Capable": false,"Startup Cost": 1250.01,"Total Cost": 147377.22,"Plan Rows": 1,"Plan Width": 34,"Actual Startup Time": 3.682,"Actual Total Time": 337.976,"Actual Rows": 12136,"Actual Loops": 1,"Workers Planned": 4,"Workers Launched": 4,"Single Copy": false,"Plans": [{"Node Type": "Nested Loop","Parent Relationship": "Outer","Parallel Aware": false,"Async Capable": false,"Join Type": "Anti","Startup Cost": 250.01,"Total Cost": 146377.12,"Plan Rows": 1,"Plan Width": 34,"Actual Startup Time": 4.367,"Actual Total Time": 431.433,"Actual Rows": 2427,"Actual Loops": 5,"Inner Unique": false,"Workers": [],"Plans": [{"Node Type": "Hash Join","Parent Relationship": "Outer","Parallel Aware": false,"Async Capable": false,"Join Type": "Inner","Startup Cost": 249.58,"Total Cost": 133581.65,"Plan Rows": 19990,"Plan Width": 34,"Actual Startup Time": 4.181,"Actual Total Time": 349.984,"Actual Rows": 27450,"Actual Loops": 5,"Inner Unique": false,"Hash Cond": "(l1.l_suppkey = supplier.s_suppkey)","Workers": [],"Plans": [{"Node Type": "Seq Scan","Parent Relationship": "Outer","Parallel Aware": true,"Async Capable": false,"Relation Name": "lineitem","Alias": "l1","Startup Cost": 0.00,"Total Cost": 131256.80,"Plan Rows": 500101,"Plan Width": 8,"Actual Startup Time": 0.027,"Actual Total Time": 299.399,"Actual Rows": 758659,"Actual Loops": 5,"Filter": "(l_receiptdate > l_commitdate)","Rows Removed by Filter": 441584,"Workers": []},{"Node Type": "Hash","Parent Relationship": "Inner","Parallel Aware": false,"Async Capable": false,"Startup Cost": 244.58,"Total Cost": 244.58,"Plan Rows": 400,"Plan Width": 30,"Actual Startup Time": 3.849,"Actual Total Time": 3.862,"Actual Rows": 362,"Actual Loops": 5,"Hash Buckets": 1024,"Original Hash Buckets": 1024,"Hash Batches": 1,"Original Hash Batches": 1,"Peak Memory Usage": 31,"Workers": [],"Plans": [{"Node Type": "Nested Loop","Parent Relationship": "Outer","Parallel Aware": false,"Async Capable": false,"Join Type": "Inner","Startup Cost": 7.38,"Total Cost": 244.58,"Plan Rows": 400,"Plan Width": 30,"Actual Startup Time": 0.339,"Actual Total Time": 3.727,"Actual Rows": 362,"Actual Loops": 5,"Inner Unique": false,"Workers": [],"Plans": [{"Node Type": "Seq Scan","Parent Relationship": "Outer","Parallel Aware": false,"Async Capable": false,"Relation Name": "nation","Alias": "nation","Startup Cost": 0.00,"Total Cost": 1.31,"Plan Rows": 1,"Plan Width": 4,"Actual Startup Time": 0.061,"Actual Total Time": 0.064,"Actual Rows": 1,"Actual Loops": 5,"Filter": "(n_name = 'JORDAN'::bpchar)","Rows Removed by Filter": 24,"Workers": []},{"Node Type": "Bitmap Heap Scan","Parent Relationship": "Inner","Parallel Aware": false,"Async Capable": false,"Relation Name": "supplier","Alias": "supplier","Startup Cost": 7.38,"Total Cost": 239.27,"Plan Rows": 400,"Plan Width": 34,"Actual Startup Time": 0.272,"Actual Total Time": 3.601,"Actual Rows": 362,"Actual Loops": 5,"Recheck Cond": "(s_nationkey = nation.n_nationkey)","Rows Removed by Index Recheck": 0,"Exact Heap Blocks": 166,"Lossy Heap Blocks": 0,"Workers": [],"Plans": [{"Node Type": "Bitmap Index Scan","Parent Relationship": "Outer","Parallel Aware": false,"Async Capable": false,"Index Name": "idx_supplier_nation_key","Startup Cost": 0.00,"Total Cost": 7.29,"Plan Rows": 400,"Plan Width": 0,"Actual Startup Time": 0.176,"Actual Total Time": 0.178,"Actual Rows": 362,"Actual Loops": 5,"Index Cond": "(s_nationkey = nation.n_nationkey)","Workers": []}]}]}]}]},{"Node Type": "Index Scan","Parent Relationship": "Inner","Parallel Aware": false,"Async Capable": false,"Scan Direction": "Forward","Index Name": "idx_lineitem_orderkey","Relation Name": "lineitem","Alias": "l3","Startup Cost": 0.43,"Total Cost": 1.06,"Plan Rows": 6,"Plan Width": 8,"Actual Startup Time": 0.003,"Actual Total Time": 0.003,"Actual Rows": 1,"Actual Loops": 137252,"Index Cond": "(l_orderkey = l1.l_orderkey)","Rows Removed by Index Recheck": 0,"Filter": "((l_receiptdate > l_commitdate) AND (l_suppkey <> l1.l_suppkey))","Rows Removed by Filter": 1,"Workers": []}]}]},{"Node Type": "Index Scan","Parent Relationship": "Inner","Parallel Aware": false,"Async Capable": false,"Scan Direction": "Forward","Index Name": "idx_lineitem_orderkey","Relation Name": "lineitem","Alias": "l2","Startup Cost": 0.43,"Total Cost": 1.02,"Plan Rows": 17,"Plan Width": 8,"Actual Startup Time": 0.008,"Actual Total Time": 0.008,"Actual Rows": 1,"Actual Loops": 12136,"Index Cond": "(l_orderkey = l1.l_orderkey)","Rows Removed by Index Recheck": 0,"Filter": "(l_suppkey <> l1.l_suppkey)","Rows Removed by Filter": 1}]},{"Node Type": "Index Scan","Parent Relationship": "Inner","Parallel Aware": false,"Async Capable": false,"Scan Direction": "Forward","Index Name": "orders_pkey","Relation Name": "orders","Alias": "orders","Startup Cost": 0.43,"Total Cost": 0.51,"Plan Rows": 1,"Plan Width": 4,"Actual Startup Time": 0.008,"Actual Total Time": 0.008,"Actual Rows": 0,"Actual Loops": 7167,"Index Cond": "(o_orderkey = l1.l_orderkey)","Rows Removed by Index Recheck": 0,"Filter": "(o_orderstatus = 'F'::bpchar)","Rows Removed by Filter": 1}]}]}]}]},"Planning Time": 8.148,"Triggers": [],"Execution Time": 506.532}]
[{"Plan": {"Node Type": "Sort","Parallel Aware": false,"Async Capable": false,"Startup Cost": 147378.80,"Total Cost": 147378.81,"Plan Rows": 1,"Plan Width": 34,"Actual Startup Time": 504.512,"Actual Total Time": 521.552,"Actual Rows": 413,"Actual Loops": 1,"Sort Key": ["(count(*)) DESC", "supplier.s_name"],"Sort Method": "quicksort","Sort Space Used": 57,"Sort Space Type": "Memory","Plans": [{"Node Type": "Aggregate","Strategy": "Sorted","Partial Mode": "Simple","Parent Relationship": "Outer","Parallel Aware": false,"Async Capable": false,"Startup Cost": 147378.77,"Total Cost": 147378.79,"Plan Rows": 1,"Plan Width": 34,"Actual Startup Time": 503.286,"Actual Total Time": 520.862,"Actual Rows": 413,"Actual Loops": 1,"Group Key": ["supplier.s_name"],"Plans": [{"Node Type": "Sort","Parent Relationship": "Outer","Parallel Aware": false,"Async Capable": false,"Startup Cost": 147378.77,"Total Cost": 147378.78,"Plan Rows": 1,"Plan Width": 26,"Actual Startup Time": 503.265,"Actual Total Time": 520.434,"Actual Rows": 4164,"Actual Loops": 1,"Sort Key": ["supplier.s_name"],"Sort Method": "quicksort","Sort Space Used": 485,"Sort Space Type": "Memory","Plans": [{"Node Type": "Nested Loop","Parent Relationship": "Outer","Parallel Aware": false,"Async Capable": false,"Join Type": "Inner","Startup Cost": 1250.87,"Total Cost": 147378.76,"Plan Rows": 1,"Plan Width": 26,"Actual Startup Time": 4.247,"Actual Total Time": 508.248,"Actual Rows": 4164,"Actual Loops": 1,"Inner Unique": true,"Plans": [{"Node Type": "Nested Loop","Parent Relationship": "Outer","Parallel Aware": false,"Async Capable": false,"Join Type": "Semi","Startup Cost": 1250.44,"Total Cost": 147378.26,"Plan Rows": 1,"Plan Width": 34,"Actual Startup Time": 4.214,"Actual Total Time": 442.064,"Actual Rows": 8468,"Actual Loops": 1,"Inner Unique": false,"Plans": [{"Node Type": "Gather","Parent Relationship": "Outer","Parallel Aware": false,"Async Capable": false,"Startup Cost": 1250.01,"Total Cost": 147377.22,"Plan Rows": 1,"Plan Width": 34,"Actual Startup Time": 4.200,"Actual Total Time": 330.934,"Actual Rows": 14141,"Actual Loops": 1,"Workers Planned": 4,"Workers Launched": 4,"Single Copy": false,"Plans": [{"Node Type": "Nested Loop","Parent Relationship": "Outer","Parallel Aware": false,"Async Capable": false,"Join Type": "Anti","Startup Cost": 250.01,"Total Cost": 146377.12,"Plan Rows": 1,"Plan Width": 34,"Actual Startup Time": 5.165,"Actual Total Time": 443.283,"Actual Rows": 2828,"Actual Loops": 5,"Inner Unique": false,"Workers": [],"Plans": [{"Node Type": "Hash Join","Parent Relationship": "Outer","Parallel Aware": false,"Async Capable": false,"Join Type": "Inner","Startup Cost": 249.58,"Total Cost": 133581.65,"Plan Rows": 19990,"Plan Width": 34,"Actual Startup Time": 5.033,"Actual Total Time": 352.494,"Actual Rows": 31380,"Actual Loops": 5,"Inner Unique": false,"Hash Cond": "(l1.l_suppkey = supplier.s_suppkey)","Workers": [],"Plans": [{"Node Type": "Seq Scan","Parent Relationship": "Outer","Parallel Aware": true,"Async Capable": false,"Relation Name": "lineitem","Alias": "l1","Startup Cost": 0.00,"Total Cost": 131256.80,"Plan Rows": 500101,"Plan Width": 8,"Actual Startup Time": 0.028,"Actual Total Time": 299.882,"Actual Rows": 758659,"Actual Loops": 5,"Filter": "(l_receiptdate > l_commitdate)","Rows Removed by Filter": 441584,"Workers": []},{"Node Type": "Hash","Parent Relationship": "Inner","Parallel Aware": false,"Async Capable": false,"Startup Cost": 244.58,"Total Cost": 244.58,"Plan Rows": 400,"Plan Width": 30,"Actual Startup Time": 4.656,"Actual Total Time": 4.665,"Actual Rows": 413,"Actual Loops": 5,"Hash Buckets": 1024,"Original Hash Buckets": 1024,"Hash Batches": 1,"Original Hash Batches": 1,"Peak Memory Usage": 34,"Workers": [],"Plans": [{"Node Type": "Nested Loop","Parent Relationship": "Outer","Parallel Aware": false,"Async Capable": false,"Join Type": "Inner","Startup Cost": 7.38,"Total Cost": 244.58,"Plan Rows": 400,"Plan Width": 30,"Actual Startup Time": 0.318,"Actual Total Time": 4.505,"Actual Rows": 413,"Actual Loops": 5,"Inner Unique": false,"Workers": [],"Plans": [{"Node Type": "Seq Scan","Parent Relationship": "Outer","Parallel Aware": false,"Async Capable": false,"Relation Name": "nation","Alias": "nation","Startup Cost": 0.00,"Total Cost": 1.31,"Plan Rows": 1,"Plan Width": 4,"Actual Startup Time": 0.066,"Actual Total Time": 0.071,"Actual Rows": 1,"Actual Loops": 5,"Filter": "(n_name = 'ARGENTINA'::bpchar)","Rows Removed by Filter": 24,"Workers": []},{"Node Type": "Bitmap Heap Scan","Parent Relationship": "Inner","Parallel Aware": false,"Async Capable": false,"Relation Name": "supplier","Alias": "supplier","Startup Cost": 7.38,"Total Cost": 239.27,"Plan Rows": 400,"Plan Width": 34,"Actual Startup Time": 0.247,"Actual Total Time": 4.358,"Actual Rows": 413,"Actual Loops": 5,"Recheck Cond": "(s_nationkey = nation.n_nationkey)","Rows Removed by Index Recheck": 0,"Exact Heap Blocks": 190,"Lossy Heap Blocks": 0,"Workers": [],"Plans": [{"Node Type": "Bitmap Index Scan","Parent Relationship": "Outer","Parallel Aware": false,"Async Capable": false,"Index Name": "idx_supplier_nation_key","Startup Cost": 0.00,"Total Cost": 7.29,"Plan Rows": 400,"Plan Width": 0,"Actual Startup Time": 0.157,"Actual Total Time": 0.158,"Actual Rows": 413,"Actual Loops": 5,"Index Cond": "(s_nationkey = nation.n_nationkey)","Workers": []}]}]}]}]},{"Node Type": "Index Scan","Parent Relationship": "Inner","Parallel Aware": false,"Async Capable": false,"Scan Direction": "Forward","Index Name": "idx_lineitem_orderkey","Relation Name": "lineitem","Alias": "l3","Startup Cost": 0.43,"Total Cost": 1.06,"Plan Rows": 6,"Plan Width": 8,"Actual Startup Time": 0.003,"Actual Total Time": 0.003,"Actual Rows": 1,"Actual Loops": 156898,"Index Cond": "(l_orderkey = l1.l_orderkey)","Rows Removed by Index Recheck": 0,"Filter": "((l_receiptdate > l_commitdate) AND (l_suppkey <> l1.l_suppkey))","Rows Removed by Filter": 1,"Workers": []}]}]},{"Node Type": "Index Scan","Parent Relationship": "Inner","Parallel Aware": false,"Async Capable": false,"Scan Direction": "Forward","Index Name": "idx_lineitem_orderkey","Relation Name": "lineitem","Alias": "l2","Startup Cost": 0.43,"Total Cost": 1.02,"Plan Rows": 17,"Plan Width": 8,"Actual Startup Time": 0.007,"Actual Total Time": 0.007,"Actual Rows": 1,"Actual Loops": 14141,"Index Cond": "(l_orderkey = l1.l_orderkey)","Rows Removed by Index Recheck": 0,"Filter": "(l_suppkey <> l1.l_suppkey)","Rows Removed by Filter": 1}]},{"Node Type": "Index Scan","Parent Relationship": "Inner","Parallel Aware": false,"Async Capable": false,"Scan Direction": "Forward","Index Name": "orders_pkey","Relation Name": "orders","Alias": "orders","Startup Cost": 0.43,"Total Cost": 0.51,"Plan Rows": 1,"Plan Width": 4,"Actual Startup Time": 0.008,"Actual Total Time": 0.008,"Actual Rows": 0,"Actual Loops": 8468,"Index Cond": "(o_orderkey = l1.l_orderkey)","Rows Removed by Index Recheck": 0,"Filter": "(o_orderstatus = 'F'::bpchar)","Rows Removed by Filter": 1}]}]}]}]},"Planning Time": 8.601,"Triggers": [],"Execution Time": 522.197}]
[{"Plan": {"Node Type": "Sort","Parallel Aware": false,"Async Capable": false,"Startup Cost": 147378.80,"Total Cost": 147378.81,"Plan Rows": 1,"Plan Width": 34,"Actual Startup Time": 499.004,"Actual Total Time": 520.055,"Actual Rows": 399,"Actual Loops": 1,"Sort Key": ["(count(*)) DESC", "supplier.s_name"],"Sort Method": "quicksort","Sort Space Used": 56,"Sort Space Type": "Memory","Plans": [{"Node Type": "Aggregate","Strategy": "Sorted","Partial Mode": "Simple","Parent Relationship": "Outer","Parallel Aware": false,"Async Capable": false,"Startup Cost": 147378.77,"Total Cost": 147378.79,"Plan Rows": 1,"Plan Width": 34,"Actual Startup Time": 497.768,"Actual Total Time": 519.326,"Actual Rows": 399,"Actual Loops": 1,"Group Key": ["supplier.s_name"],"Plans": [{"Node Type": "Sort","Parent Relationship": "Outer","Parallel Aware": false,"Async Capable": false,"Startup Cost": 147378.77,"Total Cost": 147378.78,"Plan Rows": 1,"Plan Width": 26,"Actual Startup Time": 497.754,"Actual Total Time": 518.925,"Actual Rows": 3901,"Actual Loops": 1,"Sort Key": ["supplier.s_name"],"Sort Method": "quicksort","Sort Space Used": 371,"Sort Space Type": "Memory","Plans": [{"Node Type": "Nested Loop","Parent Relationship": "Outer","Parallel Aware": false,"Async Capable": false,"Join Type": "Inner","Startup Cost": 1250.87,"Total Cost": 147378.76,"Plan Rows": 1,"Plan Width": 26,"Actual Startup Time": 5.425,"Actual Total Time": 507.475,"Actual Rows": 3901,"Actual Loops": 1,"Inner Unique": true,"Plans": [{"Node Type": "Nested Loop","Parent Relationship": "Outer","Parallel Aware": false,"Async Capable": false,"Join Type": "Semi","Startup Cost": 1250.44,"Total Cost": 147378.26,"Plan Rows": 1,"Plan Width": 34,"Actual Startup Time": 5.049,"Actual Total Time": 443.858,"Actual Rows": 7909,"Actual Loops": 1,"Inner Unique": false,"Plans": [{"Node Type": "Gather","Parent Relationship": "Outer","Parallel Aware": false,"Async Capable": false,"Startup Cost": 1250.01,"Total Cost": 147377.22,"Plan Rows": 1,"Plan Width": 34,"Actual Startup Time": 4.716,"Actual Total Time": 337.054,"Actual Rows": 13313,"Actual Loops": 1,"Workers Planned": 4,"Workers Launched": 4,"Single Copy": false,"Plans": [{"Node Type": "Nested Loop","Parent Relationship": "Outer","Parallel Aware": false,"Async Capable": false,"Join Type": "Anti","Startup Cost": 250.01,"Total Cost": 146377.12,"Plan Rows": 1,"Plan Width": 34,"Actual Startup Time": 4.762,"Actual Total Time": 442.169,"Actual Rows": 2663,"Actual Loops": 5,"Inner Unique": false,"Workers": [],"Plans": [{"Node Type": "Hash Join","Parent Relationship": "Outer","Parallel Aware": false,"Async Capable": false,"Join Type": "Inner","Startup Cost": 249.58,"Total Cost": 133581.65,"Plan Rows": 19990,"Plan Width": 34,"Actual Startup Time": 4.517,"Actual Total Time": 353.941,"Actual Rows": 30247,"Actual Loops": 5,"Inner Unique": false,"Hash Cond": "(l1.l_suppkey = supplier.s_suppkey)","Workers": [],"Plans": [{"Node Type": "Seq Scan","Parent Relationship": "Outer","Parallel Aware": true,"Async Capable": false,"Relation Name": "lineitem","Alias": "l1","Startup Cost": 0.00,"Total Cost": 131256.80,"Plan Rows": 500101,"Plan Width": 8,"Actual Startup Time": 0.021,"Actual Total Time": 302.084,"Actual Rows": 758659,"Actual Loops": 5,"Filter": "(l_receiptdate > l_commitdate)","Rows Removed by Filter": 441584,"Workers": []},{"Node Type": "Hash","Parent Relationship": "Inner","Parallel Aware": false,"Async Capable": false,"Startup Cost": 244.58,"Total Cost": 244.58,"Plan Rows": 400,"Plan Width": 30,"Actual Startup Time": 4.286,"Actual Total Time": 4.296,"Actual Rows": 399,"Actual Loops": 5,"Hash Buckets": 1024,"Original Hash Buckets": 1024,"Hash Batches": 1,"Original Hash Batches": 1,"Peak Memory Usage": 33,"Workers": [],"Plans": [{"Node Type": "Nested Loop","Parent Relationship": "Outer","Parallel Aware": false,"Async Capable": false,"Join Type": "Inner","Startup Cost": 7.38,"Total Cost": 244.58,"Plan Rows": 400,"Plan Width": 30,"Actual Startup Time": 0.243,"Actual Total Time": 4.128,"Actual Rows": 399,"Actual Loops": 5,"Inner Unique": false,"Workers": [],"Plans": [{"Node Type": "Seq Scan","Parent Relationship": "Outer","Parallel Aware": false,"Async Capable": false,"Relation Name": "nation","Alias": "nation","Startup Cost": 0.00,"Total Cost": 1.31,"Plan Rows": 1,"Plan Width": 4,"Actual Startup Time": 0.049,"Actual Total Time": 0.051,"Actual Rows": 1,"Actual Loops": 5,"Filter": "(n_name = 'VIETNAM'::bpchar)","Rows Removed by Filter": 24,"Workers": []},{"Node Type": "Bitmap Heap Scan","Parent Relationship": "Inner","Parallel Aware": false,"Async Capable": false,"Relation Name": "supplier","Alias": "supplier","Startup Cost": 7.38,"Total Cost": 239.27,"Plan Rows": 400,"Plan Width": 34,"Actual Startup Time": 0.189,"Actual Total Time": 4.007,"Actual Rows": 399,"Actual Loops": 5,"Recheck Cond": "(s_nationkey = nation.n_nationkey)","Rows Removed by Index Recheck": 0,"Exact Heap Blocks": 191,"Lossy Heap Blocks": 0,"Workers": [],"Plans": [{"Node Type": "Bitmap Index Scan","Parent Relationship": "Outer","Parallel Aware": false,"Async Capable": false,"Index Name": "idx_supplier_nation_key","Startup Cost": 0.00,"Total Cost": 7.29,"Plan Rows": 400,"Plan Width": 0,"Actual Startup Time": 0.123,"Actual Total Time": 0.125,"Actual Rows": 399,"Actual Loops": 5,"Index Cond": "(s_nationkey = nation.n_nationkey)","Workers": []}]}]}]}]},{"Node Type": "Index Scan","Parent Relationship": "Inner","Parallel Aware": false,"Async Capable": false,"Scan Direction": "Forward","Index Name": "idx_lineitem_orderkey","Relation Name": "lineitem","Alias": "l3","Startup Cost": 0.43,"Total Cost": 1.06,"Plan Rows": 6,"Plan Width": 8,"Actual Startup Time": 0.003,"Actual Total Time": 0.003,"Actual Rows": 1,"Actual Loops": 151237,"Index Cond": "(l_orderkey = l1.l_orderkey)","Rows Removed by Index Recheck": 0,"Filter": "((l_receiptdate > l_commitdate) AND (l_suppkey <> l1.l_suppkey))","Rows Removed by Filter": 1,"Workers": []}]}]},{"Node Type": "Index Scan","Parent Relationship": "Inner","Parallel Aware": false,"Async Capable": false,"Scan Direction": "Forward","Index Name": "idx_lineitem_orderkey","Relation Name": "lineitem","Alias": "l2","Startup Cost": 0.43,"Total Cost": 1.02,"Plan Rows": 17,"Plan Width": 8,"Actual Startup Time": 0.008,"Actual Total Time": 0.008,"Actual Rows": 1,"Actual Loops": 13313,"Index Cond": "(l_orderkey = l1.l_orderkey)","Rows Removed by Index Recheck": 0,"Filter": "(l_suppkey <> l1.l_suppkey)","Rows Removed by Filter": 1}]},{"Node Type": "Index Scan","Parent Relationship": "Inner","Parallel Aware": false,"Async Capable": false,"Scan Direction": "Forward","Index Name": "orders_pkey","Relation Name": "orders","Alias": "orders","Startup Cost": 0.43,"Total Cost": 0.51,"Plan Rows": 1,"Plan Width": 4,"Actual Startup Time": 0.008,"Actual Total Time": 0.008,"Actual Rows": 0,"Actual Loops": 7909,"Index Cond": "(o_orderkey = l1.l_orderkey)","Rows Removed by Index Recheck": 0,"Filter": "(o_orderstatus = 'F'::bpchar)","Rows Removed by Filter": 1}]}]}]}]},"Planning Time": 9.630,"Triggers": [],"Execution Time": 520.585}]
[{"Plan": {"Node Type": "Sort","Parallel Aware": false,"Async Capable": false,"Startup Cost": 147378.80,"Total Cost": 147378.81,"Plan Rows": 1,"Plan Width": 34,"Actual Startup Time": 509.264,"Actual Total Time": 527.696,"Actual Rows": 421,"Actual Loops": 1,"Sort Key": ["(count(*)) DESC", "supplier.s_name"],"Sort Method": "quicksort","Sort Space Used": 57,"Sort Space Type": "Memory","Plans": [{"Node Type": "Aggregate","Strategy": "Sorted","Partial Mode": "Simple","Parent Relationship": "Outer","Parallel Aware": false,"Async Capable": false,"Startup Cost": 147378.77,"Total Cost": 147378.79,"Plan Rows": 1,"Plan Width": 34,"Actual Startup Time": 507.941,"Actual Total Time": 526.990,"Actual Rows": 421,"Actual Loops": 1,"Group Key": ["supplier.s_name"],"Plans": [{"Node Type": "Sort","Parent Relationship": "Outer","Parallel Aware": false,"Async Capable": false,"Startup Cost": 147378.77,"Total Cost": 147378.78,"Plan Rows": 1,"Plan Width": 26,"Actual Startup Time": 507.919,"Actual Total Time": 526.540,"Actual Rows": 4227,"Actual Loops": 1,"Sort Key": ["supplier.s_name"],"Sort Method": "quicksort","Sort Space Used": 490,"Sort Space Type": "Memory","Plans": [{"Node Type": "Nested Loop","Parent Relationship": "Outer","Parallel Aware": false,"Async Capable": false,"Join Type": "Inner","Startup Cost": 1250.87,"Total Cost": 147378.76,"Plan Rows": 1,"Plan Width": 26,"Actual Startup Time": 5.396,"Actual Total Time": 515.076,"Actual Rows": 4227,"Actual Loops": 1,"Inner Unique": true,"Plans": [{"Node Type": "Nested Loop","Parent Relationship": "Outer","Parallel Aware": false,"Async Capable": false,"Join Type": "Semi","Startup Cost": 1250.44,"Total Cost": 147378.26,"Plan Rows": 1,"Plan Width": 34,"Actual Startup Time": 5.356,"Actual Total Time": 448.186,"Actual Rows": 8678,"Actual Loops": 1,"Inner Unique": false,"Plans": [{"Node Type": "Gather","Parent Relationship": "Outer","Parallel Aware": false,"Async Capable": false,"Startup Cost": 1250.01,"Total Cost": 147377.22,"Plan Rows": 1,"Plan Width": 34,"Actual Startup Time": 5.315,"Actual Total Time": 333.619,"Actual Rows": 14289,"Actual Loops": 1,"Workers Planned": 4,"Workers Launched": 4,"Single Copy": false,"Plans": [{"Node Type": "Nested Loop","Parent Relationship": "Outer","Parallel Aware": false,"Async Capable": false,"Join Type": "Anti","Startup Cost": 250.01,"Total Cost": 146377.12,"Plan Rows": 1,"Plan Width": 34,"Actual Startup Time": 5.155,"Actual Total Time": 447.803,"Actual Rows": 2858,"Actual Loops": 5,"Inner Unique": false,"Workers": [],"Plans": [{"Node Type": "Hash Join","Parent Relationship": "Outer","Parallel Aware": false,"Async Capable": false,"Join Type": "Inner","Startup Cost": 249.58,"Total Cost": 133581.65,"Plan Rows": 19990,"Plan Width": 34,"Actual Startup Time": 4.679,"Actual Total Time": 355.100,"Actual Rows": 31833,"Actual Loops": 5,"Inner Unique": false,"Hash Cond": "(l1.l_suppkey = supplier.s_suppkey)","Workers": [],"Plans": [{"Node Type": "Seq Scan","Parent Relationship": "Outer","Parallel Aware": true,"Async Capable": false,"Relation Name": "lineitem","Alias": "l1","Startup Cost": 0.00,"Total Cost": 131256.80,"Plan Rows": 500101,"Plan Width": 8,"Actual Startup Time": 0.028,"Actual Total Time": 302.880,"Actual Rows": 758659,"Actual Loops": 5,"Filter": "(l_receiptdate > l_commitdate)","Rows Removed by Filter": 441584,"Workers": []},{"Node Type": "Hash","Parent Relationship": "Inner","Parallel Aware": false,"Async Capable": false,"Startup Cost": 244.58,"Total Cost": 244.58,"Plan Rows": 400,"Plan Width": 30,"Actual Startup Time": 4.328,"Actual Total Time": 4.340,"Actual Rows": 421,"Actual Loops": 5,"Hash Buckets": 1024,"Original Hash Buckets": 1024,"Hash Batches": 1,"Original Hash Batches": 1,"Peak Memory Usage": 35,"Workers": [],"Plans": [{"Node Type": "Nested Loop","Parent Relationship": "Outer","Parallel Aware": false,"Async Capable": false,"Join Type": "Inner","Startup Cost": 7.38,"Total Cost": 244.58,"Plan Rows": 400,"Plan Width": 30,"Actual Startup Time": 0.319,"Actual Total Time": 4.167,"Actual Rows": 421,"Actual Loops": 5,"Inner Unique": false,"Workers": [],"Plans": [{"Node Type": "Seq Scan","Parent Relationship": "Outer","Parallel Aware": false,"Async Capable": false,"Relation Name": "nation","Alias": "nation","Startup Cost": 0.00,"Total Cost": 1.31,"Plan Rows": 1,"Plan Width": 4,"Actual Startup Time": 0.061,"Actual Total Time": 0.065,"Actual Rows": 1,"Actual Loops": 5,"Filter": "(n_name = 'PERU'::bpchar)","Rows Removed by Filter": 24,"Workers": []},{"Node Type": "Bitmap Heap Scan","Parent Relationship": "Inner","Parallel Aware": false,"Async Capable": false,"Relation Name": "supplier","Alias": "supplier","Startup Cost": 7.38,"Total Cost": 239.27,"Plan Rows": 400,"Plan Width": 34,"Actual Startup Time": 0.253,"Actual Total Time": 4.010,"Actual Rows": 421,"Actual Loops": 5,"Recheck Cond": "(s_nationkey = nation.n_nationkey)","Rows Removed by Index Recheck": 0,"Exact Heap Blocks": 187,"Lossy Heap Blocks": 0,"Workers": [],"Plans": [{"Node Type": "Bitmap Index Scan","Parent Relationship": "Outer","Parallel Aware": false,"Async Capable": false,"Index Name": "idx_supplier_nation_key","Startup Cost": 0.00,"Total Cost": 7.29,"Plan Rows": 400,"Plan Width": 0,"Actual Startup Time": 0.167,"Actual Total Time": 0.169,"Actual Rows": 421,"Actual Loops": 5,"Index Cond": "(s_nationkey = nation.n_nationkey)","Workers": []}]}]}]}]},{"Node Type": "Index Scan","Parent Relationship": "Inner","Parallel Aware": false,"Async Capable": false,"Scan Direction": "Forward","Index Name": "idx_lineitem_orderkey","Relation Name": "lineitem","Alias": "l3","Startup Cost": 0.43,"Total Cost": 1.06,"Plan Rows": 6,"Plan Width": 8,"Actual Startup Time": 0.003,"Actual Total Time": 0.003,"Actual Rows": 1,"Actual Loops": 159165,"Index Cond": "(l_orderkey = l1.l_orderkey)","Rows Removed by Index Recheck": 0,"Filter": "((l_receiptdate > l_commitdate) AND (l_suppkey <> l1.l_suppkey))","Rows Removed by Filter": 1,"Workers": []}]}]},{"Node Type": "Index Scan","Parent Relationship": "Inner","Parallel Aware": false,"Async Capable": false,"Scan Direction": "Forward","Index Name": "idx_lineitem_orderkey","Relation Name": "lineitem","Alias": "l2","Startup Cost": 0.43,"Total Cost": 1.02,"Plan Rows": 17,"Plan Width": 8,"Actual Startup Time": 0.008,"Actual Total Time": 0.008,"Actual Rows": 1,"Actual Loops": 14289,"Index Cond": "(l_orderkey = l1.l_orderkey)","Rows Removed by Index Recheck": 0,"Filter": "(l_suppkey <> l1.l_suppkey)","Rows Removed by Filter": 1}]},{"Node Type": "Index Scan","Parent Relationship": "Inner","Parallel Aware": false,"Async Capable": false,"Scan Direction": "Forward","Index Name": "orders_pkey","Relation Name": "orders","Alias": "orders","Startup Cost": 0.43,"Total Cost": 0.51,"Plan Rows": 1,"Plan Width": 4,"Actual Startup Time": 0.007,"Actual Total Time": 0.007,"Actual Rows": 0,"Actual Loops": 8678,"Index Cond": "(o_orderkey = l1.l_orderkey)","Rows Removed by Index Recheck": 0,"Filter": "(o_orderstatus = 'F'::bpchar)","Rows Removed by Filter": 1}]}]}]}]},"Planning Time": 8.374,"Triggers": [],"Execution Time": 528.458}]
[{"Plan": {"Node Type": "Sort","Parallel Aware": false,"Async Capable": false,"Startup Cost": 147378.80,"Total Cost": 147378.81,"Plan Rows": 1,"Plan Width": 34,"Actual Startup Time": 494.346,"Actual Total Time": 515.587,"Actual Rows": 393,"Actual Loops": 1,"Sort Key": ["(count(*)) DESC", "supplier.s_name"],"Sort Method": "quicksort","Sort Space Used": 55,"Sort Space Type": "Memory","Plans": [{"Node Type": "Aggregate","Strategy": "Sorted","Partial Mode": "Simple","Parent Relationship": "Outer","Parallel Aware": false,"Async Capable": false,"Startup Cost": 147378.77,"Total Cost": 147378.79,"Plan Rows": 1,"Plan Width": 34,"Actual Startup Time": 493.176,"Actual Total Time": 514.919,"Actual Rows": 393,"Actual Loops": 1,"Group Key": ["supplier.s_name"],"Plans": [{"Node Type": "Sort","Parent Relationship": "Outer","Parallel Aware": false,"Async Capable": false,"Startup Cost": 147378.77,"Total Cost": 147378.78,"Plan Rows": 1,"Plan Width": 26,"Actual Startup Time": 493.153,"Actual Total Time": 514.517,"Actual Rows": 3918,"Actual Loops": 1,"Sort Key": ["supplier.s_name"],"Sort Method": "quicksort","Sort Space Used": 372,"Sort Space Type": "Memory","Plans": [{"Node Type": "Nested Loop","Parent Relationship": "Outer","Parallel Aware": false,"Async Capable": false,"Join Type": "Inner","Startup Cost": 1250.87,"Total Cost": 147378.76,"Plan Rows": 1,"Plan Width": 26,"Actual Startup Time": 5.562,"Actual Total Time": 503.525,"Actual Rows": 3918,"Actual Loops": 1,"Inner Unique": true,"Plans": [{"Node Type": "Nested Loop","Parent Relationship": "Outer","Parallel Aware": false,"Async Capable": false,"Join Type": "Semi","Startup Cost": 1250.44,"Total Cost": 147378.26,"Plan Rows": 1,"Plan Width": 34,"Actual Startup Time": 5.515,"Actual Total Time": 439.510,"Actual Rows": 8028,"Actual Loops": 1,"Inner Unique": false,"Plans": [{"Node Type": "Gather","Parent Relationship": "Outer","Parallel Aware": false,"Async Capable": false,"Startup Cost": 1250.01,"Total Cost": 147377.22,"Plan Rows": 1,"Plan Width": 34,"Actual Startup Time": 4.155,"Actual Total Time": 333.265,"Actual Rows": 13416,"Actual Loops": 1,"Workers Planned": 4,"Workers Launched": 4,"Single Copy": false,"Plans": [{"Node Type": "Nested Loop","Parent Relationship": "Outer","Parallel Aware": false,"Async Capable": false,"Join Type": "Anti","Startup Cost": 250.01,"Total Cost": 146377.12,"Plan Rows": 1,"Plan Width": 34,"Actual Startup Time": 4.167,"Actual Total Time": 438.104,"Actual Rows": 2683,"Actual Loops": 5,"Inner Unique": false,"Workers": [],"Plans": [{"Node Type": "Hash Join","Parent Relationship": "Outer","Parallel Aware": false,"Async Capable": false,"Join Type": "Inner","Startup Cost": 249.58,"Total Cost": 133581.65,"Plan Rows": 19990,"Plan Width": 34,"Actual Startup Time": 4.021,"Actual Total Time": 350.831,"Actual Rows": 29888,"Actual Loops": 5,"Inner Unique": false,"Hash Cond": "(l1.l_suppkey = supplier.s_suppkey)","Workers": [],"Plans": [{"Node Type": "Seq Scan","Parent Relationship": "Outer","Parallel Aware": true,"Async Capable": false,"Relation Name": "lineitem","Alias": "l1","Startup Cost": 0.00,"Total Cost": 131256.80,"Plan Rows": 500101,"Plan Width": 8,"Actual Startup Time": 0.026,"Actual Total Time": 301.034,"Actual Rows": 758659,"Actual Loops": 5,"Filter": "(l_receiptdate > l_commitdate)","Rows Removed by Filter": 441584,"Workers": []},{"Node Type": "Hash","Parent Relationship": "Inner","Parallel Aware": false,"Async Capable": false,"Startup Cost": 244.58,"Total Cost": 244.58,"Plan Rows": 400,"Plan Width": 30,"Actual Startup Time": 3.677,"Actual Total Time": 3.687,"Actual Rows": 393,"Actual Loops": 5,"Hash Buckets": 1024,"Original Hash Buckets": 1024,"Hash Batches": 1,"Original Hash Batches": 1,"Peak Memory Usage": 33,"Workers": [],"Plans": [{"Node Type": "Nested Loop","Parent Relationship": "Outer","Parallel Aware": false,"Async Capable": false,"Join Type": "Inner","Startup Cost": 7.38,"Total Cost": 244.58,"Plan Rows": 400,"Plan Width": 30,"Actual Startup Time": 0.289,"Actual Total Time": 3.533,"Actual Rows": 393,"Actual Loops": 5,"Inner Unique": false,"Workers": [],"Plans": [{"Node Type": "Seq Scan","Parent Relationship": "Outer","Parallel Aware": false,"Async Capable": false,"Relation Name": "nation","Alias": "nation","Startup Cost": 0.00,"Total Cost": 1.31,"Plan Rows": 1,"Plan Width": 4,"Actual Startup Time": 0.064,"Actual Total Time": 0.066,"Actual Rows": 1,"Actual Loops": 5,"Filter": "(n_name = 'UNITED STATES'::bpchar)","Rows Removed by Filter": 24,"Workers": []},{"Node Type": "Bitmap Heap Scan","Parent Relationship": "Inner","Parallel Aware": false,"Async Capable": false,"Relation Name": "supplier","Alias": "supplier","Startup Cost": 7.38,"Total Cost": 239.27,"Plan Rows": 400,"Plan Width": 34,"Actual Startup Time": 0.219,"Actual Total Time": 3.401,"Actual Rows": 393,"Actual Loops": 5,"Recheck Cond": "(s_nationkey = nation.n_nationkey)","Rows Removed by Index Recheck": 0,"Exact Heap Blocks": 181,"Lossy Heap Blocks": 0,"Workers": [],"Plans": [{"Node Type": "Bitmap Index Scan","Parent Relationship": "Outer","Parallel Aware": false,"Async Capable": false,"Index Name": "idx_supplier_nation_key","Startup Cost": 0.00,"Total Cost": 7.29,"Plan Rows": 400,"Plan Width": 0,"Actual Startup Time": 0.141,"Actual Total Time": 0.143,"Actual Rows": 393,"Actual Loops": 5,"Index Cond": "(s_nationkey = nation.n_nationkey)","Workers": []}]}]}]}]},{"Node Type": "Index Scan","Parent Relationship": "Inner","Parallel Aware": false,"Async Capable": false,"Scan Direction": "Forward","Index Name": "idx_lineitem_orderkey","Relation Name": "lineitem","Alias": "l3","Startup Cost": 0.43,"Total Cost": 1.06,"Plan Rows": 6,"Plan Width": 8,"Actual Startup Time": 0.003,"Actual Total Time": 0.003,"Actual Rows": 1,"Actual Loops": 149442,"Index Cond": "(l_orderkey = l1.l_orderkey)","Rows Removed by Index Recheck": 0,"Filter": "((l_receiptdate > l_commitdate) AND (l_suppkey <> l1.l_suppkey))","Rows Removed by Filter": 1,"Workers": []}]}]},{"Node Type": "Index Scan","Parent Relationship": "Inner","Parallel Aware": false,"Async Capable": false,"Scan Direction": "Forward","Index Name": "idx_lineitem_orderkey","Relation Name": "lineitem","Alias": "l2","Startup Cost": 0.43,"Total Cost": 1.02,"Plan Rows": 17,"Plan Width": 8,"Actual Startup Time": 0.007,"Actual Total Time": 0.007,"Actual Rows": 1,"Actual Loops": 13416,"Index Cond": "(l_orderkey = l1.l_orderkey)","Rows Removed by Index Recheck": 0,"Filter": "(l_suppkey <> l1.l_suppkey)","Rows Removed by Filter": 1}]},{"Node Type": "Index Scan","Parent Relationship": "Inner","Parallel Aware": false,"Async Capable": false,"Scan Direction": "Forward","Index Name": "orders_pkey","Relation Name": "orders","Alias": "orders","Startup Cost": 0.43,"Total Cost": 0.51,"Plan Rows": 1,"Plan Width": 4,"Actual Startup Time": 0.008,"Actual Total Time": 0.008,"Actual Rows": 0,"Actual Loops": 8028,"Index Cond": "(o_orderkey = l1.l_orderkey)","Rows Removed by Index Recheck": 0,"Filter": "(o_orderstatus = 'F'::bpchar)","Rows Removed by Filter": 1}]}]}]}]},"Planning Time": 9.767,"Triggers": [],"Execution Time": 516.024}]
[{"Plan": {"Node Type": "Sort","Parallel Aware": false,"Async Capable": false,"Startup Cost": 147378.80,"Total Cost": 147378.81,"Plan Rows": 1,"Plan Width": 34,"Actual Startup Time": 505.815,"Actual Total Time": 525.309,"Actual Rows": 390,"Actual Loops": 1,"Sort Key": ["(count(*)) DESC", "supplier.s_name"],"Sort Method": "quicksort","Sort Space Used": 55,"Sort Space Type": "Memory","Plans": [{"Node Type": "Aggregate","Strategy": "Sorted","Partial Mode": "Simple","Parent Relationship": "Outer","Parallel Aware": false,"Async Capable": false,"Startup Cost": 147378.77,"Total Cost": 147378.79,"Plan Rows": 1,"Plan Width": 34,"Actual Startup Time": 504.634,"Actual Total Time": 524.620,"Actual Rows": 390,"Actual Loops": 1,"Group Key": ["supplier.s_name"],"Plans": [{"Node Type": "Sort","Parent Relationship": "Outer","Parallel Aware": false,"Async Capable": false,"Startup Cost": 147378.77,"Total Cost": 147378.78,"Plan Rows": 1,"Plan Width": 26,"Actual Startup Time": 504.612,"Actual Total Time": 524.224,"Actual Rows": 3844,"Actual Loops": 1,"Sort Key": ["supplier.s_name"],"Sort Method": "quicksort","Sort Space Used": 367,"Sort Space Type": "Memory","Plans": [{"Node Type": "Nested Loop","Parent Relationship": "Outer","Parallel Aware": false,"Async Capable": false,"Join Type": "Inner","Startup Cost": 1250.87,"Total Cost": 147378.76,"Plan Rows": 1,"Plan Width": 26,"Actual Startup Time": 4.787,"Actual Total Time": 512.994,"Actual Rows": 3844,"Actual Loops": 1,"Inner Unique": true,"Plans": [{"Node Type": "Nested Loop","Parent Relationship": "Outer","Parallel Aware": false,"Async Capable": false,"Join Type": "Semi","Startup Cost": 1250.44,"Total Cost": 147378.26,"Plan Rows": 1,"Plan Width": 34,"Actual Startup Time": 4.747,"Actual Total Time": 447.855,"Actual Rows": 7892,"Actual Loops": 1,"Inner Unique": false,"Plans": [{"Node Type": "Gather","Parent Relationship": "Outer","Parallel Aware": false,"Async Capable": false,"Startup Cost": 1250.01,"Total Cost": 147377.22,"Plan Rows": 1,"Plan Width": 34,"Actual Startup Time": 4.560,"Actual Total Time": 339.834,"Actual Rows": 13152,"Actual Loops": 1,"Workers Planned": 4,"Workers Launched": 4,"Single Copy": false,"Plans": [{"Node Type": "Nested Loop","Parent Relationship": "Outer","Parallel Aware": false,"Async Capable": false,"Join Type": "Anti","Startup Cost": 250.01,"Total Cost": 146377.12,"Plan Rows": 1,"Plan Width": 34,"Actual Startup Time": 5.683,"Actual Total Time": 445.299,"Actual Rows": 2630,"Actual Loops": 5,"Inner Unique": false,"Workers": [],"Plans": [{"Node Type": "Hash Join","Parent Relationship": "Outer","Parallel Aware": false,"Async Capable": false,"Join Type": "Inner","Startup Cost": 249.58,"Total Cost": 133581.65,"Plan Rows": 19990,"Plan Width": 34,"Actual Startup Time": 5.525,"Actual Total Time": 357.256,"Actual Rows": 29502,"Actual Loops": 5,"Inner Unique": false,"Hash Cond": "(l1.l_suppkey = supplier.s_suppkey)","Workers": [],"Plans": [{"Node Type": "Seq Scan","Parent Relationship": "Outer","Parallel Aware": true,"Async Capable": false,"Relation Name": "lineitem","Alias": "l1","Startup Cost": 0.00,"Total Cost": 131256.80,"Plan Rows": 500101,"Plan Width": 8,"Actual Startup Time": 0.033,"Actual Total Time": 305.756,"Actual Rows": 758659,"Actual Loops": 5,"Filter": "(l_receiptdate > l_commitdate)","Rows Removed by Filter": 441584,"Workers": []},{"Node Type": "Hash","Parent Relationship": "Inner","Parallel Aware": false,"Async Capable": false,"Startup Cost": 244.58,"Total Cost": 244.58,"Plan Rows": 400,"Plan Width": 30,"Actual Startup Time": 5.155,"Actual Total Time": 5.167,"Actual Rows": 390,"Actual Loops": 5,"Hash Buckets": 1024,"Original Hash Buckets": 1024,"Hash Batches": 1,"Original Hash Batches": 1,"Peak Memory Usage": 33,"Workers": [],"Plans": [{"Node Type": "Nested Loop","Parent Relationship": "Outer","Parallel Aware": false,"Async Capable": false,"Join Type": "Inner","Startup Cost": 7.38,"Total Cost": 244.58,"Plan Rows": 400,"Plan Width": 30,"Actual Startup Time": 0.295,"Actual Total Time": 4.960,"Actual Rows": 390,"Actual Loops": 5,"Inner Unique": false,"Workers": [],"Plans": [{"Node Type": "Seq Scan","Parent Relationship": "Outer","Parallel Aware": false,"Async Capable": false,"Relation Name": "nation","Alias": "nation","Startup Cost": 0.00,"Total Cost": 1.31,"Plan Rows": 1,"Plan Width": 4,"Actual Startup Time": 0.065,"Actual Total Time": 0.070,"Actual Rows": 1,"Actual Loops": 5,"Filter": "(n_name = 'UNITED KINGDOM'::bpchar)","Rows Removed by Filter": 24,"Workers": []},{"Node Type": "Bitmap Heap Scan","Parent Relationship": "Inner","Parallel Aware": false,"Async Capable": false,"Relation Name": "supplier","Alias": "supplier","Startup Cost": 7.38,"Total Cost": 239.27,"Plan Rows": 400,"Plan Width": 34,"Actual Startup Time": 0.224,"Actual Total Time": 4.798,"Actual Rows": 390,"Actual Loops": 5,"Recheck Cond": "(s_nationkey = nation.n_nationkey)","Rows Removed by Index Recheck": 0,"Exact Heap Blocks": 190,"Lossy Heap Blocks": 0,"Workers": [],"Plans": [{"Node Type": "Bitmap Index Scan","Parent Relationship": "Outer","Parallel Aware": false,"Async Capable": false,"Index Name": "idx_supplier_nation_key","Startup Cost": 0.00,"Total Cost": 7.29,"Plan Rows": 400,"Plan Width": 0,"Actual Startup Time": 0.138,"Actual Total Time": 0.139,"Actual Rows": 390,"Actual Loops": 5,"Index Cond": "(s_nationkey = nation.n_nationkey)","Workers": []}]}]}]}]},{"Node Type": "Index Scan","Parent Relationship": "Inner","Parallel Aware": false,"Async Capable": false,"Scan Direction": "Forward","Index Name": "idx_lineitem_orderkey","Relation Name": "lineitem","Alias": "l3","Startup Cost": 0.43,"Total Cost": 1.06,"Plan Rows": 6,"Plan Width": 8,"Actual Startup Time": 0.003,"Actual Total Time": 0.003,"Actual Rows": 1,"Actual Loops": 147510,"Index Cond": "(l_orderkey = l1.l_orderkey)","Rows Removed by Index Recheck": 0,"Filter": "((l_receiptdate > l_commitdate) AND (l_suppkey <> l1.l_suppkey))","Rows Removed by Filter": 1,"Workers": []}]}]},{"Node Type": "Index Scan","Parent Relationship": "Inner","Parallel Aware": false,"Async Capable": false,"Scan Direction": "Forward","Index Name": "idx_lineitem_orderkey","Relation Name": "lineitem","Alias": "l2","Startup Cost": 0.43,"Total Cost": 1.02,"Plan Rows": 17,"Plan Width": 8,"Actual Startup Time": 0.008,"Actual Total Time": 0.008,"Actual Rows": 1,"Actual Loops": 13152,"Index Cond": "(l_orderkey = l1.l_orderkey)","Rows Removed by Index Recheck": 0,"Filter": "(l_suppkey <> l1.l_suppkey)","Rows Removed by Filter": 1}]},{"Node Type": "Index Scan","Parent Relationship": "Inner","Parallel Aware": false,"Async Capable": false,"Scan Direction": "Forward","Index Name": "orders_pkey","Relation Name": "orders","Alias": "orders","Startup Cost": 0.43,"Total Cost": 0.51,"Plan Rows": 1,"Plan Width": 4,"Actual Startup Time": 0.008,"Actual Total Time": 0.008,"Actual Rows": 0,"Actual Loops": 7892,"Index Cond": "(o_orderkey = l1.l_orderkey)","Rows Removed by Index Recheck": 0,"Filter": "(o_orderstatus = 'F'::bpchar)","Rows Removed by Filter": 1}]}]}]}]},"Planning Time": 10.043,"Triggers": [],"Execution Time": 525.836}]
[{"Plan": {"Node Type": "Sort","Parallel Aware": false,"Async Capable": false,"Startup Cost": 147378.80,"Total Cost": 147378.81,"Plan Rows": 1,"Plan Width": 34,"Actual Startup Time": 509.264,"Actual Total Time": 527.696,"Actual Rows": 421,"Actual Loops": 1,"Sort Key": ["(count(*)) DESC", "supplier.s_name"],"Sort Method": "quicksort","Sort Space Used": 57,"Sort Space Type": "Memory","Plans": [{"Node Type": "Aggregate","Strategy": "Sorted","Partial Mode": "Simple","Parent Relationship": "Outer","Parallel Aware": false,"Async Capable": false,"Startup Cost": 147378.77,"Total Cost": 147378.79,"Plan Rows": 1,"Plan Width": 34,"Actual Startup Time": 507.941,"Actual Total Time": 526.990,"Actual Rows": 421,"Actual Loops": 1,"Group Key": ["supplier.s_name"],"Plans": [{"Node Type": "Sort","Parent Relationship": "Outer","Parallel Aware": false,"Async Capable": false,"Startup Cost": 147378.77,"Total Cost": 147378.78,"Plan Rows": 1,"Plan Width": 26,"Actual Startup Time": 507.919,"Actual Total Time": 526.540,"Actual Rows": 4227,"Actual Loops": 1,"Sort Key": ["supplier.s_name"],"Sort Method": "quicksort","Sort Space Used": 490,"Sort Space Type": "Memory","Plans": [{"Node Type": "Nested Loop","Parent Relationship": "Outer","Parallel Aware": false,"Async Capable": false,"Join Type": "Inner","Startup Cost": 1250.87,"Total Cost": 147378.76,"Plan Rows": 1,"Plan Width": 26,"Actual Startup Time": 5.396,"Actual Total Time": 515.076,"Actual Rows": 4227,"Actual Loops": 1,"Inner Unique": true,"Plans": [{"Node Type": "Nested Loop","Parent Relationship": "Outer","Parallel Aware": false,"Async Capable": false,"Join Type": "Semi","Startup Cost": 1250.44,"Total Cost": 147378.26,"Plan Rows": 1,"Plan Width": 34,"Actual Startup Time": 5.356,"Actual Total Time": 448.186,"Actual Rows": 8678,"Actual Loops": 1,"Inner Unique": false,"Plans": [{"Node Type": "Gather","Parent Relationship": "Outer","Parallel Aware": false,"Async Capable": false,"Startup Cost": 1250.01,"Total Cost": 147377.22,"Plan Rows": 1,"Plan Width": 34,"Actual Startup Time": 5.315,"Actual Total Time": 333.619,"Actual Rows": 14289,"Actual Loops": 1,"Workers Planned": 4,"Workers Launched": 4,"Single Copy": false,"Plans": [{"Node Type": "Nested Loop","Parent Relationship": "Outer","Parallel Aware": false,"Async Capable": false,"Join Type": "Anti","Startup Cost": 250.01,"Total Cost": 146377.12,"Plan Rows": 1,"Plan Width": 34,"Actual Startup Time": 5.155,"Actual Total Time": 447.803,"Actual Rows": 2858,"Actual Loops": 5,"Inner Unique": false,"Workers": [],"Plans": [{"Node Type": "Hash Join","Parent Relationship": "Outer","Parallel Aware": false,"Async Capable": false,"Join Type": "Inner","Startup Cost": 249.58,"Total Cost": 133581.65,"Plan Rows": 19990,"Plan Width": 34,"Actual Startup Time": 4.679,"Actual Total Time": 355.100,"Actual Rows": 31833,"Actual Loops": 5,"Inner Unique": false,"Hash Cond": "(l1.l_suppkey = supplier.s_suppkey)","Workers": [],"Plans": [{"Node Type": "Seq Scan","Parent Relationship": "Outer","Parallel Aware": true,"Async Capable": false,"Relation Name": "lineitem","Alias": "l1","Startup Cost": 0.00,"Total Cost": 131256.80,"Plan Rows": 500101,"Plan Width": 8,"Actual Startup Time": 0.028,"Actual Total Time": 302.880,"Actual Rows": 758659,"Actual Loops": 5,"Filter": "(l_receiptdate > l_commitdate)","Rows Removed by Filter": 441584,"Workers": []},{"Node Type": "Hash","Parent Relationship": "Inner","Parallel Aware": false,"Async Capable": false,"Startup Cost": 244.58,"Total Cost": 244.58,"Plan Rows": 400,"Plan Width": 30,"Actual Startup Time": 4.328,"Actual Total Time": 4.340,"Actual Rows": 421,"Actual Loops": 5,"Hash Buckets": 1024,"Original Hash Buckets": 1024,"Hash Batches": 1,"Original Hash Batches": 1,"Peak Memory Usage": 35,"Workers": [],"Plans": [{"Node Type": "Nested Loop","Parent Relationship": "Outer","Parallel Aware": false,"Async Capable": false,"Join Type": "Inner","Startup Cost": 7.38,"Total Cost": 244.58,"Plan Rows": 400,"Plan Width": 30,"Actual Startup Time": 0.319,"Actual Total Time": 4.167,"Actual Rows": 421,"Actual Loops": 5,"Inner Unique": false,"Workers": [],"Plans": [{"Node Type": "Seq Scan","Parent Relationship": "Outer","Parallel Aware": false,"Async Capable": false,"Relation Name": "nation","Alias": "nation","Startup Cost": 0.00,"Total Cost": 1.31,"Plan Rows": 1,"Plan Width": 4,"Actual Startup Time": 0.061,"Actual Total Time": 0.065,"Actual Rows": 1,"Actual Loops": 5,"Filter": "(n_name = 'PERU'::bpchar)","Rows Removed by Filter": 24,"Workers": []},{"Node Type": "Bitmap Heap Scan","Parent Relationship": "Inner","Parallel Aware": false,"Async Capable": false,"Relation Name": "supplier","Alias": "supplier","Startup Cost": 7.38,"Total Cost": 239.27,"Plan Rows": 400,"Plan Width": 34,"Actual Startup Time": 0.253,"Actual Total Time": 4.010,"Actual Rows": 421,"Actual Loops": 5,"Recheck Cond": "(s_nationkey = nation.n_nationkey)","Rows Removed by Index Recheck": 0,"Exact Heap Blocks": 187,"Lossy Heap Blocks": 0,"Workers": [],"Plans": [{"Node Type": "Bitmap Index Scan","Parent Relationship": "Outer","Parallel Aware": false,"Async Capable": false,"Index Name": "idx_supplier_nation_key","Startup Cost": 0.00,"Total Cost": 7.29,"Plan Rows": 400,"Plan Width": 0,"Actual Startup Time": 0.167,"Actual Total Time": 0.169,"Actual Rows": 421,"Actual Loops": 5,"Index Cond": "(s_nationkey = nation.n_nationkey)","Workers": []}]}]}]}]},{"Node Type": "Index Scan","Parent Relationship": "Inner","Parallel Aware": false,"Async Capable": false,"Scan Direction": "Forward","Index Name": "idx_lineitem_orderkey","Relation Name": "lineitem","Alias": "l3","Startup Cost": 0.43,"Total Cost": 1.06,"Plan Rows": 6,"Plan Width": 8,"Actual Startup Time": 0.003,"Actual Total Time": 0.003,"Actual Rows": 1,"Actual Loops": 159165,"Index Cond": "(l_orderkey = l1.l_orderkey)","Rows Removed by Index Recheck": 0,"Filter": "((l_receiptdate > l_commitdate) AND (l_suppkey <> l1.l_suppkey))","Rows Removed by Filter": 1,"Workers": []}]}]},{"Node Type": "Index Scan","Parent Relationship": "Inner","Parallel Aware": false,"Async Capable": false,"Scan Direction": "Forward","Index Name": "idx_lineitem_orderkey","Relation Name": "lineitem","Alias": "l2","Startup Cost": 0.43,"Total Cost": 1.02,"Plan Rows": 17,"Plan Width": 8,"Actual Startup Time": 0.008,"Actual Total Time": 0.008,"Actual Rows": 1,"Actual Loops": 14289,"Index Cond": "(l_orderkey = l1.l_orderkey)","Rows Removed by Index Recheck": 0,"Filter": "(l_suppkey <> l1.l_suppkey)","Rows Removed by Filter": 1}]},{"Node Type": "Index Scan","Parent Relationship": "Inner","Parallel Aware": false,"Async Capable": false,"Scan Direction": "Forward","Index Name": "orders_pkey","Relation Name": "orders","Alias": "orders","Startup Cost": 0.43,"Total Cost": 0.51,"Plan Rows": 1,"Plan Width": 4,"Actual Startup Time": 0.007,"Actual Total Time": 0.007,"Actual Rows": 0,"Actual Loops": 8678,"Index Cond": "(o_orderkey = l1.l_orderkey)","Rows Removed by Index Recheck": 0,"Filter": "(o_orderstatus = 'F'::bpchar)","Rows Removed by Filter": 1}]}]}]}]},"Planning Time": 8.374,"Triggers": [],"Execution Time": 528.458}]
[{"Plan": {"Node Type": "Sort","Parallel Aware": false,"Async Capable": false,"Startup Cost": 147378.80,"Total Cost": 147378.81,"Plan Rows": 1,"Plan Width": 34,"Actual Startup Time": 512.736,"Actual Total Time": 529.210,"Actual Rows": 438,"Actual Loops": 1,"Sort Key": ["(count(*)) DESC", "supplier.s_name"],"Sort Method": "quicksort","Sort Space Used": 59,"Sort Space Type": "Memory","Plans": [{"Node Type": "Aggregate","Strategy": "Sorted","Partial Mode": "Simple","Parent Relationship": "Outer","Parallel Aware": false,"Async Capable": false,"Startup Cost": 147378.77,"Total Cost": 147378.79,"Plan Rows": 1,"Plan Width": 34,"Actual Startup Time": 511.404,"Actual Total Time": 528.425,"Actual Rows": 438,"Actual Loops": 1,"Group Key": ["supplier.s_name"],"Plans": [{"Node Type": "Sort","Parent Relationship": "Outer","Parallel Aware": false,"Async Capable": false,"Startup Cost": 147378.77,"Total Cost": 147378.78,"Plan Rows": 1,"Plan Width": 26,"Actual Startup Time": 511.372,"Actual Total Time": 527.974,"Actual Rows": 4210,"Actual Loops": 1,"Sort Key": ["supplier.s_name"],"Sort Method": "quicksort","Sort Space Used": 489,"Sort Space Type": "Memory","Plans": [{"Node Type": "Nested Loop","Parent Relationship": "Outer","Parallel Aware": false,"Async Capable": false,"Join Type": "Inner","Startup Cost": 1250.87,"Total Cost": 147378.76,"Plan Rows": 1,"Plan Width": 26,"Actual Startup Time": 5.368,"Actual Total Time": 515.358,"Actual Rows": 4210,"Actual Loops": 1,"Inner Unique": true,"Plans": [{"Node Type": "Nested Loop","Parent Relationship": "Outer","Parallel Aware": false,"Async Capable": false,"Join Type": "Semi","Startup Cost": 1250.44,"Total Cost": 147378.26,"Plan Rows": 1,"Plan Width": 34,"Actual Startup Time": 5.330,"Actual Total Time": 447.041,"Actual Rows": 8778,"Actual Loops": 1,"Inner Unique": false,"Plans": [{"Node Type": "Gather","Parent Relationship": "Outer","Parallel Aware": false,"Async Capable": false,"Startup Cost": 1250.01,"Total Cost": 147377.22,"Plan Rows": 1,"Plan Width": 34,"Actual Startup Time": 5.278,"Actual Total Time": 329.789,"Actual Rows": 14669,"Actual Loops": 1,"Workers Planned": 4,"Workers Launched": 4,"Single Copy": false,"Plans": [{"Node Type": "Nested Loop","Parent Relationship": "Outer","Parallel Aware": false,"Async Capable": false,"Join Type": "Anti","Startup Cost": 250.01,"Total Cost": 146377.12,"Plan Rows": 1,"Plan Width": 34,"Actual Startup Time": 5.105,"Actual Total Time": 449.554,"Actual Rows": 2934,"Actual Loops": 5,"Inner Unique": false,"Workers": [],"Plans": [{"Node Type": "Hash Join","Parent Relationship": "Outer","Parallel Aware": false,"Async Capable": false,"Join Type": "Inner","Startup Cost": 249.58,"Total Cost": 133581.65,"Plan Rows": 19990,"Plan Width": 34,"Actual Startup Time": 4.734,"Actual Total Time": 354.759,"Actual Rows": 33108,"Actual Loops": 5,"Inner Unique": false,"Hash Cond": "(l1.l_suppkey = supplier.s_suppkey)","Workers": [],"Plans": [{"Node Type": "Seq Scan","Parent Relationship": "Outer","Parallel Aware": true,"Async Capable": false,"Relation Name": "lineitem","Alias": "l1","Startup Cost": 0.00,"Total Cost": 131256.80,"Plan Rows": 500101,"Plan Width": 8,"Actual Startup Time": 0.025,"Actual Total Time": 303.070,"Actual Rows": 758659,"Actual Loops": 5,"Filter": "(l_receiptdate > l_commitdate)","Rows Removed by Filter": 441584,"Workers": []},{"Node Type": "Hash","Parent Relationship": "Inner","Parallel Aware": false,"Async Capable": false,"Startup Cost": 244.58,"Total Cost": 244.58,"Plan Rows": 400,"Plan Width": 30,"Actual Startup Time": 4.446,"Actual Total Time": 4.454,"Actual Rows": 438,"Actual Loops": 5,"Hash Buckets": 1024,"Original Hash Buckets": 1024,"Hash Batches": 1,"Original Hash Batches": 1,"Peak Memory Usage": 36,"Workers": [],"Plans": [{"Node Type": "Nested Loop","Parent Relationship": "Outer","Parallel Aware": false,"Async Capable": false,"Join Type": "Inner","Startup Cost": 7.38,"Total Cost": 244.58,"Plan Rows": 400,"Plan Width": 30,"Actual Startup Time": 0.266,"Actual Total Time": 4.290,"Actual Rows": 438,"Actual Loops": 5,"Inner Unique": false,"Workers": [],"Plans": [{"Node Type": "Seq Scan","Parent Relationship": "Outer","Parallel Aware": false,"Async Capable": false,"Relation Name": "nation","Alias": "nation","Startup Cost": 0.00,"Total Cost": 1.31,"Plan Rows": 1,"Plan Width": 4,"Actual Startup Time": 0.058,"Actual Total Time": 0.064,"Actual Rows": 1,"Actual Loops": 5,"Filter": "(n_name = 'IRAQ'::bpchar)","Rows Removed by Filter": 24,"Workers": []},{"Node Type": "Bitmap Heap Scan","Parent Relationship": "Inner","Parallel Aware": false,"Async Capable": false,"Relation Name": "supplier","Alias": "supplier","Startup Cost": 7.38,"Total Cost": 239.27,"Plan Rows": 400,"Plan Width": 34,"Actual Startup Time": 0.204,"Actual Total Time": 4.151,"Actual Rows": 438,"Actual Loops": 5,"Recheck Cond": "(s_nationkey = nation.n_nationkey)","Rows Removed by Index Recheck": 0,"Exact Heap Blocks": 194,"Lossy Heap Blocks": 0,"Workers": [],"Plans": [{"Node Type": "Bitmap Index Scan","Parent Relationship": "Outer","Parallel Aware": false,"Async Capable": false,"Index Name": "idx_supplier_nation_key","Startup Cost": 0.00,"Total Cost": 7.29,"Plan Rows": 400,"Plan Width": 0,"Actual Startup Time": 0.139,"Actual Total Time": 0.140,"Actual Rows": 438,"Actual Loops": 5,"Index Cond": "(s_nationkey = nation.n_nationkey)","Workers": []}]}]}]}]},{"Node Type": "Index Scan","Parent Relationship": "Inner","Parallel Aware": false,"Async Capable": false,"Scan Direction": "Forward","Index Name": "idx_lineitem_orderkey","Relation Name": "lineitem","Alias": "l3","Startup Cost": 0.43,"Total Cost": 1.06,"Plan Rows": 6,"Plan Width": 8,"Actual Startup Time": 0.003,"Actual Total Time": 0.003,"Actual Rows": 1,"Actual Loops": 165540,"Index Cond": "(l_orderkey = l1.l_orderkey)","Rows Removed by Index Recheck": 0,"Filter": "((l_receiptdate > l_commitdate) AND (l_suppkey <> l1.l_suppkey))","Rows Removed by Filter": 1,"Workers": []}]}]},{"Node Type": "Index Scan","Parent Relationship": "Inner","Parallel Aware": false,"Async Capable": false,"Scan Direction": "Forward","Index Name": "idx_lineitem_orderkey","Relation Name": "lineitem","Alias": "l2","Startup Cost": 0.43,"Total Cost": 1.02,"Plan Rows": 17,"Plan Width": 8,"Actual Startup Time": 0.007,"Actual Total Time": 0.007,"Actual Rows": 1,"Actual Loops": 14669,"Index Cond": "(l_orderkey = l1.l_orderkey)","Rows Removed by Index Recheck": 0,"Filter": "(l_suppkey <> l1.l_suppkey)","Rows Removed by Filter": 1}]},{"Node Type": "Index Scan","Parent Relationship": "Inner","Parallel Aware": false,"Async Capable": false,"Scan Direction": "Forward","Index Name": "orders_pkey","Relation Name": "orders","Alias": "orders","Startup Cost": 0.43,"Total Cost": 0.51,"Plan Rows": 1,"Plan Width": 4,"Actual Startup Time": 0.008,"Actual Total Time": 0.008,"Actual Rows": 0,"Actual Loops": 8778,"Index Cond": "(o_orderkey = l1.l_orderkey)","Rows Removed by Index Recheck": 0,"Filter": "(o_orderstatus = 'F'::bpchar)","Rows Removed by Filter": 1}]}]}]}]},"Planning Time": 9.762,"Triggers": [],"Execution Time": 529.872}]
[{"Plan": {"Node Type": "Sort","Parallel Aware": false,"Async Capable": false,"Startup Cost": 147378.80,"Total Cost": 147378.81,"Plan Rows": 1,"Plan Width": 34,"Actual Startup Time": 494.346,"Actual Total Time": 515.587,"Actual Rows": 393,"Actual Loops": 1,"Sort Key": ["(count(*)) DESC", "supplier.s_name"],"Sort Method": "quicksort","Sort Space Used": 55,"Sort Space Type": "Memory","Plans": [{"Node Type": "Aggregate","Strategy": "Sorted","Partial Mode": "Simple","Parent Relationship": "Outer","Parallel Aware": false,"Async Capable": false,"Startup Cost": 147378.77,"Total Cost": 147378.79,"Plan Rows": 1,"Plan Width": 34,"Actual Startup Time": 493.176,"Actual Total Time": 514.919,"Actual Rows": 393,"Actual Loops": 1,"Group Key": ["supplier.s_name"],"Plans": [{"Node Type": "Sort","Parent Relationship": "Outer","Parallel Aware": false,"Async Capable": false,"Startup Cost": 147378.77,"Total Cost": 147378.78,"Plan Rows": 1,"Plan Width": 26,"Actual Startup Time": 493.153,"Actual Total Time": 514.517,"Actual Rows": 3918,"Actual Loops": 1,"Sort Key": ["supplier.s_name"],"Sort Method": "quicksort","Sort Space Used": 372,"Sort Space Type": "Memory","Plans": [{"Node Type": "Nested Loop","Parent Relationship": "Outer","Parallel Aware": false,"Async Capable": false,"Join Type": "Inner","Startup Cost": 1250.87,"Total Cost": 147378.76,"Plan Rows": 1,"Plan Width": 26,"Actual Startup Time": 5.562,"Actual Total Time": 503.525,"Actual Rows": 3918,"Actual Loops": 1,"Inner Unique": true,"Plans": [{"Node Type": "Nested Loop","Parent Relationship": "Outer","Parallel Aware": false,"Async Capable": false,"Join Type": "Semi","Startup Cost": 1250.44,"Total Cost": 147378.26,"Plan Rows": 1,"Plan Width": 34,"Actual Startup Time": 5.515,"Actual Total Time": 439.510,"Actual Rows": 8028,"Actual Loops": 1,"Inner Unique": false,"Plans": [{"Node Type": "Gather","Parent Relationship": "Outer","Parallel Aware": false,"Async Capable": false,"Startup Cost": 1250.01,"Total Cost": 147377.22,"Plan Rows": 1,"Plan Width": 34,"Actual Startup Time": 4.155,"Actual Total Time": 333.265,"Actual Rows": 13416,"Actual Loops": 1,"Workers Planned": 4,"Workers Launched": 4,"Single Copy": false,"Plans": [{"Node Type": "Nested Loop","Parent Relationship": "Outer","Parallel Aware": false,"Async Capable": false,"Join Type": "Anti","Startup Cost": 250.01,"Total Cost": 146377.12,"Plan Rows": 1,"Plan Width": 34,"Actual Startup Time": 4.167,"Actual Total Time": 438.104,"Actual Rows": 2683,"Actual Loops": 5,"Inner Unique": false,"Workers": [],"Plans": [{"Node Type": "Hash Join","Parent Relationship": "Outer","Parallel Aware": false,"Async Capable": false,"Join Type": "Inner","Startup Cost": 249.58,"Total Cost": 133581.65,"Plan Rows": 19990,"Plan Width": 34,"Actual Startup Time": 4.021,"Actual Total Time": 350.831,"Actual Rows": 29888,"Actual Loops": 5,"Inner Unique": false,"Hash Cond": "(l1.l_suppkey = supplier.s_suppkey)","Workers": [],"Plans": [{"Node Type": "Seq Scan","Parent Relationship": "Outer","Parallel Aware": true,"Async Capable": false,"Relation Name": "lineitem","Alias": "l1","Startup Cost": 0.00,"Total Cost": 131256.80,"Plan Rows": 500101,"Plan Width": 8,"Actual Startup Time": 0.026,"Actual Total Time": 301.034,"Actual Rows": 758659,"Actual Loops": 5,"Filter": "(l_receiptdate > l_commitdate)","Rows Removed by Filter": 441584,"Workers": []},{"Node Type": "Hash","Parent Relationship": "Inner","Parallel Aware": false,"Async Capable": false,"Startup Cost": 244.58,"Total Cost": 244.58,"Plan Rows": 400,"Plan Width": 30,"Actual Startup Time": 3.677,"Actual Total Time": 3.687,"Actual Rows": 393,"Actual Loops": 5,"Hash Buckets": 1024,"Original Hash Buckets": 1024,"Hash Batches": 1,"Original Hash Batches": 1,"Peak Memory Usage": 33,"Workers": [],"Plans": [{"Node Type": "Nested Loop","Parent Relationship": "Outer","Parallel Aware": false,"Async Capable": false,"Join Type": "Inner","Startup Cost": 7.38,"Total Cost": 244.58,"Plan Rows": 400,"Plan Width": 30,"Actual Startup Time": 0.289,"Actual Total Time": 3.533,"Actual Rows": 393,"Actual Loops": 5,"Inner Unique": false,"Workers": [],"Plans": [{"Node Type": "Seq Scan","Parent Relationship": "Outer","Parallel Aware": false,"Async Capable": false,"Relation Name": "nation","Alias": "nation","Startup Cost": 0.00,"Total Cost": 1.31,"Plan Rows": 1,"Plan Width": 4,"Actual Startup Time": 0.064,"Actual Total Time": 0.066,"Actual Rows": 1,"Actual Loops": 5,"Filter": "(n_name = 'UNITED STATES'::bpchar)","Rows Removed by Filter": 24,"Workers": []},{"Node Type": "Bitmap Heap Scan","Parent Relationship": "Inner","Parallel Aware": false,"Async Capable": false,"Relation Name": "supplier","Alias": "supplier","Startup Cost": 7.38,"Total Cost": 239.27,"Plan Rows": 400,"Plan Width": 34,"Actual Startup Time": 0.219,"Actual Total Time": 3.401,"Actual Rows": 393,"Actual Loops": 5,"Recheck Cond": "(s_nationkey = nation.n_nationkey)","Rows Removed by Index Recheck": 0,"Exact Heap Blocks": 181,"Lossy Heap Blocks": 0,"Workers": [],"Plans": [{"Node Type": "Bitmap Index Scan","Parent Relationship": "Outer","Parallel Aware": false,"Async Capable": false,"Index Name": "idx_supplier_nation_key","Startup Cost": 0.00,"Total Cost": 7.29,"Plan Rows": 400,"Plan Width": 0,"Actual Startup Time": 0.141,"Actual Total Time": 0.143,"Actual Rows": 393,"Actual Loops": 5,"Index Cond": "(s_nationkey = nation.n_nationkey)","Workers": []}]}]}]}]},{"Node Type": "Index Scan","Parent Relationship": "Inner","Parallel Aware": false,"Async Capable": false,"Scan Direction": "Forward","Index Name": "idx_lineitem_orderkey","Relation Name": "lineitem","Alias": "l3","Startup Cost": 0.43,"Total Cost": 1.06,"Plan Rows": 6,"Plan Width": 8,"Actual Startup Time": 0.003,"Actual Total Time": 0.003,"Actual Rows": 1,"Actual Loops": 149442,"Index Cond": "(l_orderkey = l1.l_orderkey)","Rows Removed by Index Recheck": 0,"Filter": "((l_receiptdate > l_commitdate) AND (l_suppkey <> l1.l_suppkey))","Rows Removed by Filter": 1,"Workers": []}]}]},{"Node Type": "Index Scan","Parent Relationship": "Inner","Parallel Aware": false,"Async Capable": false,"Scan Direction": "Forward","Index Name": "idx_lineitem_orderkey","Relation Name": "lineitem","Alias": "l2","Startup Cost": 0.43,"Total Cost": 1.02,"Plan Rows": 17,"Plan Width": 8,"Actual Startup Time": 0.007,"Actual Total Time": 0.007,"Actual Rows": 1,"Actual Loops": 13416,"Index Cond": "(l_orderkey = l1.l_orderkey)","Rows Removed by Index Recheck": 0,"Filter": "(l_suppkey <> l1.l_suppkey)","Rows Removed by Filter": 1}]},{"Node Type": "Index Scan","Parent Relationship": "Inner","Parallel Aware": false,"Async Capable": false,"Scan Direction": "Forward","Index Name": "orders_pkey","Relation Name": "orders","Alias": "orders","Startup Cost": 0.43,"Total Cost": 0.51,"Plan Rows": 1,"Plan Width": 4,"Actual Startup Time": 0.008,"Actual Total Time": 0.008,"Actual Rows": 0,"Actual Loops": 8028,"Index Cond": "(o_orderkey = l1.l_orderkey)","Rows Removed by Index Recheck": 0,"Filter": "(o_orderstatus = 'F'::bpchar)","Rows Removed by Filter": 1}]}]}]}]},"Planning Time": 9.767,"Triggers": [],"Execution Time": 516.024}]
[{"Plan": {"Node Type": "Sort","Parallel Aware": false,"Async Capable": false,"Startup Cost": 147378.80,"Total Cost": 147378.81,"Plan Rows": 1,"Plan Width": 34,"Actual Startup Time": 500.228,"Actual Total Time": 519.082,"Actual Rows": 412,"Actual Loops": 1,"Sort Key": ["(count(*)) DESC", "supplier.s_name"],"Sort Method": "quicksort","Sort Space Used": 57,"Sort Space Type": "Memory","Plans": [{"Node Type": "Aggregate","Strategy": "Sorted","Partial Mode": "Simple","Parent Relationship": "Outer","Parallel Aware": false,"Async Capable": false,"Startup Cost": 147378.77,"Total Cost": 147378.79,"Plan Rows": 1,"Plan Width": 34,"Actual Startup Time": 498.981,"Actual Total Time": 518.359,"Actual Rows": 412,"Actual Loops": 1,"Group Key": ["supplier.s_name"],"Plans": [{"Node Type": "Sort","Parent Relationship": "Outer","Parallel Aware": false,"Async Capable": false,"Startup Cost": 147378.77,"Total Cost": 147378.78,"Plan Rows": 1,"Plan Width": 26,"Actual Startup Time": 498.949,"Actual Total Time": 517.928,"Actual Rows": 4030,"Actual Loops": 1,"Sort Key": ["supplier.s_name"],"Sort Method": "quicksort","Sort Space Used": 380,"Sort Space Type": "Memory","Plans": [{"Node Type": "Nested Loop","Parent Relationship": "Outer","Parallel Aware": false,"Async Capable": false,"Join Type": "Inner","Startup Cost": 1250.87,"Total Cost": 147378.76,"Plan Rows": 1,"Plan Width": 26,"Actual Startup Time": 4.020,"Actual Total Time": 506.052,"Actual Rows": 4030,"Actual Loops": 1,"Inner Unique": true,"Plans": [{"Node Type": "Nested Loop","Parent Relationship": "Outer","Parallel Aware": false,"Async Capable": false,"Join Type": "Semi","Startup Cost": 1250.44,"Total Cost": 147378.26,"Plan Rows": 1,"Plan Width": 34,"Actual Startup Time": 3.993,"Actual Total Time": 443.011,"Actual Rows": 8146,"Actual Loops": 1,"Inner Unique": false,"Plans": [{"Node Type": "Gather","Parent Relationship": "Outer","Parallel Aware": false,"Async Capable": false,"Startup Cost": 1250.01,"Total Cost": 147377.22,"Plan Rows": 1,"Plan Width": 34,"Actual Startup Time": 3.980,"Actual Total Time": 336.738,"Actual Rows": 13748,"Actual Loops": 1,"Workers Planned": 4,"Workers Launched": 4,"Single Copy": false,"Plans": [{"Node Type": "Nested Loop","Parent Relationship": "Outer","Parallel Aware": false,"Async Capable": false,"Join Type": "Anti","Startup Cost": 250.01,"Total Cost": 146377.12,"Plan Rows": 1,"Plan Width": 34,"Actual Startup Time": 4.569,"Actual Total Time": 441.712,"Actual Rows": 2750,"Actual Loops": 5,"Inner Unique": false,"Workers": [],"Plans": [{"Node Type": "Hash Join","Parent Relationship": "Outer","Parallel Aware": false,"Async Capable": false,"Join Type": "Inner","Startup Cost": 249.58,"Total Cost": 133581.65,"Plan Rows": 19990,"Plan Width": 34,"Actual Startup Time": 4.262,"Actual Total Time": 350.942,"Actual Rows": 31209,"Actual Loops": 5,"Inner Unique": false,"Hash Cond": "(l1.l_suppkey = supplier.s_suppkey)","Workers": [],"Plans": [{"Node Type": "Seq Scan","Parent Relationship": "Outer","Parallel Aware": true,"Async Capable": false,"Relation Name": "lineitem","Alias": "l1","Startup Cost": 0.00,"Total Cost": 131256.80,"Plan Rows": 500101,"Plan Width": 8,"Actual Startup Time": 0.026,"Actual Total Time": 299.296,"Actual Rows": 758659,"Actual Loops": 5,"Filter": "(l_receiptdate > l_commitdate)","Rows Removed by Filter": 441584,"Workers": []},{"Node Type": "Hash","Parent Relationship": "Inner","Parallel Aware": false,"Async Capable": false,"Startup Cost": 244.58,"Total Cost": 244.58,"Plan Rows": 400,"Plan Width": 30,"Actual Startup Time": 3.907,"Actual Total Time": 3.918,"Actual Rows": 412,"Actual Loops": 5,"Hash Buckets": 1024,"Original Hash Buckets": 1024,"Hash Batches": 1,"Original Hash Batches": 1,"Peak Memory Usage": 34,"Workers": [],"Plans": [{"Node Type": "Nested Loop","Parent Relationship": "Outer","Parallel Aware": false,"Async Capable": false,"Join Type": "Inner","Startup Cost": 7.38,"Total Cost": 244.58,"Plan Rows": 400,"Plan Width": 30,"Actual Startup Time": 0.286,"Actual Total Time": 3.756,"Actual Rows": 412,"Actual Loops": 5,"Inner Unique": false,"Workers": [],"Plans": [{"Node Type": "Seq Scan","Parent Relationship": "Outer","Parallel Aware": false,"Async Capable": false,"Relation Name": "nation","Alias": "nation","Startup Cost": 0.00,"Total Cost": 1.31,"Plan Rows": 1,"Plan Width": 4,"Actual Startup Time": 0.059,"Actual Total Time": 0.064,"Actual Rows": 1,"Actual Loops": 5,"Filter": "(n_name = 'CANADA'::bpchar)","Rows Removed by Filter": 24,"Workers": []},{"Node Type": "Bitmap Heap Scan","Parent Relationship": "Inner","Parallel Aware": false,"Async Capable": false,"Relation Name": "supplier","Alias": "supplier","Startup Cost": 7.38,"Total Cost": 239.27,"Plan Rows": 400,"Plan Width": 34,"Actual Startup Time": 0.222,"Actual Total Time": 3.623,"Actual Rows": 412,"Actual Loops": 5,"Recheck Cond": "(s_nationkey = nation.n_nationkey)","Rows Removed by Index Recheck": 0,"Exact Heap Blocks": 189,"Lossy Heap Blocks": 0,"Workers": [],"Plans": [{"Node Type": "Bitmap Index Scan","Parent Relationship": "Outer","Parallel Aware": false,"Async Capable": false,"Index Name": "idx_supplier_nation_key","Startup Cost": 0.00,"Total Cost": 7.29,"Plan Rows": 400,"Plan Width": 0,"Actual Startup Time": 0.144,"Actual Total Time": 0.145,"Actual Rows": 412,"Actual Loops": 5,"Index Cond": "(s_nationkey = nation.n_nationkey)","Workers": []}]}]}]}]},{"Node Type": "Index Scan","Parent Relationship": "Inner","Parallel Aware": false,"Async Capable": false,"Scan Direction": "Forward","Index Name": "idx_lineitem_orderkey","Relation Name": "lineitem","Alias": "l3","Startup Cost": 0.43,"Total Cost": 1.06,"Plan Rows": 6,"Plan Width": 8,"Actual Startup Time": 0.003,"Actual Total Time": 0.003,"Actual Rows": 1,"Actual Loops": 156047,"Index Cond": "(l_orderkey = l1.l_orderkey)","Rows Removed by Index Recheck": 0,"Filter": "((l_receiptdate > l_commitdate) AND (l_suppkey <> l1.l_suppkey))","Rows Removed by Filter": 1,"Workers": []}]}]},{"Node Type": "Index Scan","Parent Relationship": "Inner","Parallel Aware": false,"Async Capable": false,"Scan Direction": "Forward","Index Name": "idx_lineitem_orderkey","Relation Name": "lineitem","Alias": "l2","Startup Cost": 0.43,"Total Cost": 1.02,"Plan Rows": 17,"Plan Width": 8,"Actual Startup Time": 0.007,"Actual Total Time": 0.007,"Actual Rows": 1,"Actual Loops": 13748,"Index Cond": "(l_orderkey = l1.l_orderkey)","Rows Removed by Index Recheck": 0,"Filter": "(l_suppkey <> l1.l_suppkey)","Rows Removed by Filter": 1}]},{"Node Type": "Index Scan","Parent Relationship": "Inner","Parallel Aware": false,"Async Capable": false,"Scan Direction": "Forward","Index Name": "orders_pkey","Relation Name": "orders","Alias": "orders","Startup Cost": 0.43,"Total Cost": 0.51,"Plan Rows": 1,"Plan Width": 4,"Actual Startup Time": 0.007,"Actual Total Time": 0.007,"Actual Rows": 0,"Actual Loops": 8146,"Index Cond": "(o_orderkey = l1.l_orderkey)","Rows Removed by Index Recheck": 0,"Filter": "(o_orderstatus = 'F'::bpchar)","Rows Removed by Filter": 1}]}]}]}]},"Planning Time": 9.689,"Triggers": [],"Execution Time": 519.513}]
[{"Plan": {"Node Type": "Sort","Parallel Aware": false,"Async Capable": false,"Startup Cost": 147378.80,"Total Cost": 147378.81,"Plan Rows": 1,"Plan Width": 34,"Actual Startup Time": 503.423,"Actual Total Time": 521.004,"Actual Rows": 406,"Actual Loops": 1,"Sort Key": ["(count(*)) DESC", "supplier.s_name"],"Sort Method": "quicksort","Sort Space Used": 56,"Sort Space Type": "Memory","Plans": [{"Node Type": "Aggregate","Strategy": "Sorted","Partial Mode": "Simple","Parent Relationship": "Outer","Parallel Aware": false,"Async Capable": false,"Startup Cost": 147378.77,"Total Cost": 147378.79,"Plan Rows": 1,"Plan Width": 34,"Actual Startup Time": 502.176,"Actual Total Time": 520.280,"Actual Rows": 406,"Actual Loops": 1,"Group Key": ["supplier.s_name"],"Plans": [{"Node Type": "Sort","Parent Relationship": "Outer","Parallel Aware": false,"Async Capable": false,"Startup Cost": 147378.77,"Total Cost": 147378.78,"Plan Rows": 1,"Plan Width": 26,"Actual Startup Time": 502.147,"Actual Total Time": 519.852,"Actual Rows": 4052,"Actual Loops": 1,"Sort Key": ["supplier.s_name"],"Sort Method": "quicksort","Sort Space Used": 381,"Sort Space Type": "Memory","Plans": [{"Node Type": "Nested Loop","Parent Relationship": "Outer","Parallel Aware": false,"Async Capable": false,"Join Type": "Inner","Startup Cost": 1250.87,"Total Cost": 147378.76,"Plan Rows": 1,"Plan Width": 26,"Actual Startup Time": 4.486,"Actual Total Time": 508.290,"Actual Rows": 4052,"Actual Loops": 1,"Inner Unique": true,"Plans": [{"Node Type": "Nested Loop","Parent Relationship": "Outer","Parallel Aware": false,"Async Capable": false,"Join Type": "Semi","Startup Cost": 1250.44,"Total Cost": 147378.26,"Plan Rows": 1,"Plan Width": 34,"Actual Startup Time": 4.452,"Actual Total Time": 441.127,"Actual Rows": 8332,"Actual Loops": 1,"Inner Unique": false,"Plans": [{"Node Type": "Gather","Parent Relationship": "Outer","Parallel Aware": false,"Async Capable": false,"Startup Cost": 1250.01,"Total Cost": 147377.22,"Plan Rows": 1,"Plan Width": 34,"Actual Startup Time": 4.440,"Actual Total Time": 331.994,"Actual Rows": 13791,"Actual Loops": 1,"Workers Planned": 4,"Workers Launched": 4,"Single Copy": false,"Plans": [{"Node Type": "Nested Loop","Parent Relationship": "Outer","Parallel Aware": false,"Async Capable": false,"Join Type": "Anti","Startup Cost": 250.01,"Total Cost": 146377.12,"Plan Rows": 1,"Plan Width": 34,"Actual Startup Time": 4.624,"Actual Total Time": 442.937,"Actual Rows": 2758,"Actual Loops": 5,"Inner Unique": false,"Workers": [],"Plans": [{"Node Type": "Hash Join","Parent Relationship": "Outer","Parallel Aware": false,"Async Capable": false,"Join Type": "Inner","Startup Cost": 249.58,"Total Cost": 133581.65,"Plan Rows": 19990,"Plan Width": 34,"Actual Startup Time": 4.481,"Actual Total Time": 353.409,"Actual Rows": 30900,"Actual Loops": 5,"Inner Unique": false,"Hash Cond": "(l1.l_suppkey = supplier.s_suppkey)","Workers": [],"Plans": [{"Node Type": "Seq Scan","Parent Relationship": "Outer","Parallel Aware": true,"Async Capable": false,"Relation Name": "lineitem","Alias": "l1","Startup Cost": 0.00,"Total Cost": 131256.80,"Plan Rows": 500101,"Plan Width": 8,"Actual Startup Time": 0.029,"Actual Total Time": 301.270,"Actual Rows": 758659,"Actual Loops": 5,"Filter": "(l_receiptdate > l_commitdate)","Rows Removed by Filter": 441584,"Workers": []},{"Node Type": "Hash","Parent Relationship": "Inner","Parallel Aware": false,"Async Capable": false,"Startup Cost": 244.58,"Total Cost": 244.58,"Plan Rows": 400,"Plan Width": 30,"Actual Startup Time": 4.105,"Actual Total Time": 4.114,"Actual Rows": 406,"Actual Loops": 5,"Hash Buckets": 1024,"Original Hash Buckets": 1024,"Hash Batches": 1,"Original Hash Batches": 1,"Peak Memory Usage": 34,"Workers": [],"Plans": [{"Node Type": "Nested Loop","Parent Relationship": "Outer","Parallel Aware": false,"Async Capable": false,"Join Type": "Inner","Startup Cost": 7.38,"Total Cost": 244.58,"Plan Rows": 400,"Plan Width": 30,"Actual Startup Time": 0.252,"Actual Total Time": 3.975,"Actual Rows": 406,"Actual Loops": 5,"Inner Unique": false,"Workers": [],"Plans": [{"Node Type": "Seq Scan","Parent Relationship": "Outer","Parallel Aware": false,"Async Capable": false,"Relation Name": "nation","Alias": "nation","Startup Cost": 0.00,"Total Cost": 1.31,"Plan Rows": 1,"Plan Width": 4,"Actual Startup Time": 0.055,"Actual Total Time": 0.058,"Actual Rows": 1,"Actual Loops": 5,"Filter": "(n_name = 'MOZAMBIQUE'::bpchar)","Rows Removed by Filter": 24,"Workers": []},{"Node Type": "Bitmap Heap Scan","Parent Relationship": "Inner","Parallel Aware": false,"Async Capable": false,"Relation Name": "supplier","Alias": "supplier","Startup Cost": 7.38,"Total Cost": 239.27,"Plan Rows": 400,"Plan Width": 34,"Actual Startup Time": 0.193,"Actual Total Time": 3.854,"Actual Rows": 406,"Actual Loops": 5,"Recheck Cond": "(s_nationkey = nation.n_nationkey)","Rows Removed by Index Recheck": 0,"Exact Heap Blocks": 186,"Lossy Heap Blocks": 0,"Workers": [],"Plans": [{"Node Type": "Bitmap Index Scan","Parent Relationship": "Outer","Parallel Aware": false,"Async Capable": false,"Index Name": "idx_supplier_nation_key","Startup Cost": 0.00,"Total Cost": 7.29,"Plan Rows": 400,"Plan Width": 0,"Actual Startup Time": 0.125,"Actual Total Time": 0.126,"Actual Rows": 406,"Actual Loops": 5,"Index Cond": "(s_nationkey = nation.n_nationkey)","Workers": []}]}]}]}]},{"Node Type": "Index Scan","Parent Relationship": "Inner","Parallel Aware": false,"Async Capable": false,"Scan Direction": "Forward","Index Name": "idx_lineitem_orderkey","Relation Name": "lineitem","Alias": "l3","Startup Cost": 0.43,"Total Cost": 1.06,"Plan Rows": 6,"Plan Width": 8,"Actual Startup Time": 0.003,"Actual Total Time": 0.003,"Actual Rows": 1,"Actual Loops": 154501,"Index Cond": "(l_orderkey = l1.l_orderkey)","Rows Removed by Index Recheck": 0,"Filter": "((l_receiptdate > l_commitdate) AND (l_suppkey <> l1.l_suppkey))","Rows Removed by Filter": 1,"Workers": []}]}]},{"Node Type": "Index Scan","Parent Relationship": "Inner","Parallel Aware": false,"Async Capable": false,"Scan Direction": "Forward","Index Name": "idx_lineitem_orderkey","Relation Name": "lineitem","Alias": "l2","Startup Cost": 0.43,"Total Cost": 1.02,"Plan Rows": 17,"Plan Width": 8,"Actual Startup Time": 0.007,"Actual Total Time": 0.007,"Actual Rows": 1,"Actual Loops": 13791,"Index Cond": "(l_orderkey = l1.l_orderkey)","Rows Removed by Index Recheck": 0,"Filter": "(l_suppkey <> l1.l_suppkey)","Rows Removed by Filter": 1}]},{"Node Type": "Index Scan","Parent Relationship": "Inner","Parallel Aware": false,"Async Capable": false,"Scan Direction": "Forward","Index Name": "orders_pkey","Relation Name": "orders","Alias": "orders","Startup Cost": 0.43,"Total Cost": 0.51,"Plan Rows": 1,"Plan Width": 4,"Actual Startup Time": 0.008,"Actual Total Time": 0.008,"Actual Rows": 0,"Actual Loops": 8332,"Index Cond": "(o_orderkey = l1.l_orderkey)","Rows Removed by Index Recheck": 0,"Filter": "(o_orderstatus = 'F'::bpchar)","Rows Removed by Filter": 1}]}]}]}]},"Planning Time": 9.793,"Triggers": [],"Execution Time": 521.577}]
[{"Plan": {"Node Type": "Sort","Parallel Aware": false,"Async Capable": false,"Startup Cost": 147378.80,"Total Cost": 147378.81,"Plan Rows": 1,"Plan Width": 34,"Actual Startup Time": 500.228,"Actual Total Time": 519.082,"Actual Rows": 412,"Actual Loops": 1,"Sort Key": ["(count(*)) DESC", "supplier.s_name"],"Sort Method": "quicksort","Sort Space Used": 57,"Sort Space Type": "Memory","Plans": [{"Node Type": "Aggregate","Strategy": "Sorted","Partial Mode": "Simple","Parent Relationship": "Outer","Parallel Aware": false,"Async Capable": false,"Startup Cost": 147378.77,"Total Cost": 147378.79,"Plan Rows": 1,"Plan Width": 34,"Actual Startup Time": 498.981,"Actual Total Time": 518.359,"Actual Rows": 412,"Actual Loops": 1,"Group Key": ["supplier.s_name"],"Plans": [{"Node Type": "Sort","Parent Relationship": "Outer","Parallel Aware": false,"Async Capable": false,"Startup Cost": 147378.77,"Total Cost": 147378.78,"Plan Rows": 1,"Plan Width": 26,"Actual Startup Time": 498.949,"Actual Total Time": 517.928,"Actual Rows": 4030,"Actual Loops": 1,"Sort Key": ["supplier.s_name"],"Sort Method": "quicksort","Sort Space Used": 380,"Sort Space Type": "Memory","Plans": [{"Node Type": "Nested Loop","Parent Relationship": "Outer","Parallel Aware": false,"Async Capable": false,"Join Type": "Inner","Startup Cost": 1250.87,"Total Cost": 147378.76,"Plan Rows": 1,"Plan Width": 26,"Actual Startup Time": 4.020,"Actual Total Time": 506.052,"Actual Rows": 4030,"Actual Loops": 1,"Inner Unique": true,"Plans": [{"Node Type": "Nested Loop","Parent Relationship": "Outer","Parallel Aware": false,"Async Capable": false,"Join Type": "Semi","Startup Cost": 1250.44,"Total Cost": 147378.26,"Plan Rows": 1,"Plan Width": 34,"Actual Startup Time": 3.993,"Actual Total Time": 443.011,"Actual Rows": 8146,"Actual Loops": 1,"Inner Unique": false,"Plans": [{"Node Type": "Gather","Parent Relationship": "Outer","Parallel Aware": false,"Async Capable": false,"Startup Cost": 1250.01,"Total Cost": 147377.22,"Plan Rows": 1,"Plan Width": 34,"Actual Startup Time": 3.980,"Actual Total Time": 336.738,"Actual Rows": 13748,"Actual Loops": 1,"Workers Planned": 4,"Workers Launched": 4,"Single Copy": false,"Plans": [{"Node Type": "Nested Loop","Parent Relationship": "Outer","Parallel Aware": false,"Async Capable": false,"Join Type": "Anti","Startup Cost": 250.01,"Total Cost": 146377.12,"Plan Rows": 1,"Plan Width": 34,"Actual Startup Time": 4.569,"Actual Total Time": 441.712,"Actual Rows": 2750,"Actual Loops": 5,"Inner Unique": false,"Workers": [],"Plans": [{"Node Type": "Hash Join","Parent Relationship": "Outer","Parallel Aware": false,"Async Capable": false,"Join Type": "Inner","Startup Cost": 249.58,"Total Cost": 133581.65,"Plan Rows": 19990,"Plan Width": 34,"Actual Startup Time": 4.262,"Actual Total Time": 350.942,"Actual Rows": 31209,"Actual Loops": 5,"Inner Unique": false,"Hash Cond": "(l1.l_suppkey = supplier.s_suppkey)","Workers": [],"Plans": [{"Node Type": "Seq Scan","Parent Relationship": "Outer","Parallel Aware": true,"Async Capable": false,"Relation Name": "lineitem","Alias": "l1","Startup Cost": 0.00,"Total Cost": 131256.80,"Plan Rows": 500101,"Plan Width": 8,"Actual Startup Time": 0.026,"Actual Total Time": 299.296,"Actual Rows": 758659,"Actual Loops": 5,"Filter": "(l_receiptdate > l_commitdate)","Rows Removed by Filter": 441584,"Workers": []},{"Node Type": "Hash","Parent Relationship": "Inner","Parallel Aware": false,"Async Capable": false,"Startup Cost": 244.58,"Total Cost": 244.58,"Plan Rows": 400,"Plan Width": 30,"Actual Startup Time": 3.907,"Actual Total Time": 3.918,"Actual Rows": 412,"Actual Loops": 5,"Hash Buckets": 1024,"Original Hash Buckets": 1024,"Hash Batches": 1,"Original Hash Batches": 1,"Peak Memory Usage": 34,"Workers": [],"Plans": [{"Node Type": "Nested Loop","Parent Relationship": "Outer","Parallel Aware": false,"Async Capable": false,"Join Type": "Inner","Startup Cost": 7.38,"Total Cost": 244.58,"Plan Rows": 400,"Plan Width": 30,"Actual Startup Time": 0.286,"Actual Total Time": 3.756,"Actual Rows": 412,"Actual Loops": 5,"Inner Unique": false,"Workers": [],"Plans": [{"Node Type": "Seq Scan","Parent Relationship": "Outer","Parallel Aware": false,"Async Capable": false,"Relation Name": "nation","Alias": "nation","Startup Cost": 0.00,"Total Cost": 1.31,"Plan Rows": 1,"Plan Width": 4,"Actual Startup Time": 0.059,"Actual Total Time": 0.064,"Actual Rows": 1,"Actual Loops": 5,"Filter": "(n_name = 'CANADA'::bpchar)","Rows Removed by Filter": 24,"Workers": []},{"Node Type": "Bitmap Heap Scan","Parent Relationship": "Inner","Parallel Aware": false,"Async Capable": false,"Relation Name": "supplier","Alias": "supplier","Startup Cost": 7.38,"Total Cost": 239.27,"Plan Rows": 400,"Plan Width": 34,"Actual Startup Time": 0.222,"Actual Total Time": 3.623,"Actual Rows": 412,"Actual Loops": 5,"Recheck Cond": "(s_nationkey = nation.n_nationkey)","Rows Removed by Index Recheck": 0,"Exact Heap Blocks": 189,"Lossy Heap Blocks": 0,"Workers": [],"Plans": [{"Node Type": "Bitmap Index Scan","Parent Relationship": "Outer","Parallel Aware": false,"Async Capable": false,"Index Name": "idx_supplier_nation_key","Startup Cost": 0.00,"Total Cost": 7.29,"Plan Rows": 400,"Plan Width": 0,"Actual Startup Time": 0.144,"Actual Total Time": 0.145,"Actual Rows": 412,"Actual Loops": 5,"Index Cond": "(s_nationkey = nation.n_nationkey)","Workers": []}]}]}]}]},{"Node Type": "Index Scan","Parent Relationship": "Inner","Parallel Aware": false,"Async Capable": false,"Scan Direction": "Forward","Index Name": "idx_lineitem_orderkey","Relation Name": "lineitem","Alias": "l3","Startup Cost": 0.43,"Total Cost": 1.06,"Plan Rows": 6,"Plan Width": 8,"Actual Startup Time": 0.003,"Actual Total Time": 0.003,"Actual Rows": 1,"Actual Loops": 156047,"Index Cond": "(l_orderkey = l1.l_orderkey)","Rows Removed by Index Recheck": 0,"Filter": "((l_receiptdate > l_commitdate) AND (l_suppkey <> l1.l_suppkey))","Rows Removed by Filter": 1,"Workers": []}]}]},{"Node Type": "Index Scan","Parent Relationship": "Inner","Parallel Aware": false,"Async Capable": false,"Scan Direction": "Forward","Index Name": "idx_lineitem_orderkey","Relation Name": "lineitem","Alias": "l2","Startup Cost": 0.43,"Total Cost": 1.02,"Plan Rows": 17,"Plan Width": 8,"Actual Startup Time": 0.007,"Actual Total Time": 0.007,"Actual Rows": 1,"Actual Loops": 13748,"Index Cond": "(l_orderkey = l1.l_orderkey)","Rows Removed by Index Recheck": 0,"Filter": "(l_suppkey <> l1.l_suppkey)","Rows Removed by Filter": 1}]},{"Node Type": "Index Scan","Parent Relationship": "Inner","Parallel Aware": false,"Async Capable": false,"Scan Direction": "Forward","Index Name": "orders_pkey","Relation Name": "orders","Alias": "orders","Startup Cost": 0.43,"Total Cost": 0.51,"Plan Rows": 1,"Plan Width": 4,"Actual Startup Time": 0.007,"Actual Total Time": 0.007,"Actual Rows": 0,"Actual Loops": 8146,"Index Cond": "(o_orderkey = l1.l_orderkey)","Rows Removed by Index Recheck": 0,"Filter": "(o_orderstatus = 'F'::bpchar)","Rows Removed by Filter": 1}]}]}]}]},"Planning Time": 9.689,"Triggers": [],"Execution Time": 519.513}]
[{"Plan": {"Node Type": "Sort","Parallel Aware": false,"Async Capable": false,"Startup Cost": 147378.80,"Total Cost": 147378.81,"Plan Rows": 1,"Plan Width": 34,"Actual Startup Time": 492.880,"Actual Total Time": 511.387,"Actual Rows": 377,"Actual Loops": 1,"Sort Key": ["(count(*)) DESC", "supplier.s_name"],"Sort Method": "quicksort","Sort Space Used": 54,"Sort Space Type": "Memory","Plans": [{"Node Type": "Aggregate","Strategy": "Sorted","Partial Mode": "Simple","Parent Relationship": "Outer","Parallel Aware": false,"Async Capable": false,"Startup Cost": 147378.77,"Total Cost": 147378.79,"Plan Rows": 1,"Plan Width": 34,"Actual Startup Time": 491.719,"Actual Total Time": 510.711,"Actual Rows": 377,"Actual Loops": 1,"Group Key": ["supplier.s_name"],"Plans": [{"Node Type": "Sort","Parent Relationship": "Outer","Parallel Aware": false,"Async Capable": false,"Startup Cost": 147378.77,"Total Cost": 147378.78,"Plan Rows": 1,"Plan Width": 26,"Actual Startup Time": 491.689,"Actual Total Time": 510.309,"Actual Rows": 3707,"Actual Loops": 1,"Sort Key": ["supplier.s_name"],"Sort Method": "quicksort","Sort Space Used": 357,"Sort Space Type": "Memory","Plans": [{"Node Type": "Nested Loop","Parent Relationship": "Outer","Parallel Aware": false,"Async Capable": false,"Join Type": "Inner","Startup Cost": 1250.87,"Total Cost": 147378.76,"Plan Rows": 1,"Plan Width": 26,"Actual Startup Time": 4.620,"Actual Total Time": 499.542,"Actual Rows": 3707,"Actual Loops": 1,"Inner Unique": true,"Plans": [{"Node Type": "Nested Loop","Parent Relationship": "Outer","Parallel Aware": false,"Async Capable": false,"Join Type": "Semi","Startup Cost": 1250.44,"Total Cost": 147378.26,"Plan Rows": 1,"Plan Width": 34,"Actual Startup Time": 4.581,"Actual Total Time": 437.361,"Actual Rows": 7590,"Actual Loops": 1,"Inner Unique": false,"Plans": [{"Node Type": "Gather","Parent Relationship": "Outer","Parallel Aware": false,"Async Capable": false,"Startup Cost": 1250.01,"Total Cost": 147377.22,"Plan Rows": 1,"Plan Width": 34,"Actual Startup Time": 4.430,"Actual Total Time": 334.305,"Actual Rows": 12724,"Actual Loops": 1,"Workers Planned": 4,"Workers Launched": 4,"Single Copy": false,"Plans": [{"Node Type": "Nested Loop","Parent Relationship": "Outer","Parallel Aware": false,"Async Capable": false,"Join Type": "Anti","Startup Cost": 250.01,"Total Cost": 146377.12,"Plan Rows": 1,"Plan Width": 34,"Actual Startup Time": 5.283,"Actual Total Time": 435.218,"Actual Rows": 2545,"Actual Loops": 5,"Inner Unique": false,"Workers": [],"Plans": [{"Node Type": "Hash Join","Parent Relationship": "Outer","Parallel Aware": false,"Async Capable": false,"Join Type": "Inner","Startup Cost": 249.58,"Total Cost": 133581.65,"Plan Rows": 19990,"Plan Width": 34,"Actual Startup Time": 4.967,"Actual Total Time": 350.606,"Actual Rows": 28669,"Actual Loops": 5,"Inner Unique": false,"Hash Cond": "(l1.l_suppkey = supplier.s_suppkey)","Workers": [],"Plans": [{"Node Type": "Seq Scan","Parent Relationship": "Outer","Parallel Aware": true,"Async Capable": false,"Relation Name": "lineitem","Alias": "l1","Startup Cost": 0.00,"Total Cost": 131256.80,"Plan Rows": 500101,"Plan Width": 8,"Actual Startup Time": 0.028,"Actual Total Time": 300.375,"Actual Rows": 758659,"Actual Loops": 5,"Filter": "(l_receiptdate > l_commitdate)","Rows Removed by Filter": 441584,"Workers": []},{"Node Type": "Hash","Parent Relationship": "Inner","Parallel Aware": false,"Async Capable": false,"Startup Cost": 244.58,"Total Cost": 244.58,"Plan Rows": 400,"Plan Width": 30,"Actual Startup Time": 4.611,"Actual Total Time": 4.626,"Actual Rows": 377,"Actual Loops": 5,"Hash Buckets": 1024,"Original Hash Buckets": 1024,"Hash Batches": 1,"Original Hash Batches": 1,"Peak Memory Usage": 32,"Workers": [],"Plans": [{"Node Type": "Nested Loop","Parent Relationship": "Outer","Parallel Aware": false,"Async Capable": false,"Join Type": "Inner","Startup Cost": 7.38,"Total Cost": 244.58,"Plan Rows": 400,"Plan Width": 30,"Actual Startup Time": 0.296,"Actual Total Time": 4.444,"Actual Rows": 377,"Actual Loops": 5,"Inner Unique": false,"Workers": [],"Plans": [{"Node Type": "Seq Scan","Parent Relationship": "Outer","Parallel Aware": false,"Async Capable": false,"Relation Name": "nation","Alias": "nation","Startup Cost": 0.00,"Total Cost": 1.31,"Plan Rows": 1,"Plan Width": 4,"Actual Startup Time": 0.056,"Actual Total Time": 0.065,"Actual Rows": 1,"Actual Loops": 5,"Filter": "(n_name = 'JAPAN'::bpchar)","Rows Removed by Filter": 24,"Workers": []},{"Node Type": "Bitmap Heap Scan","Parent Relationship": "Inner","Parallel Aware": false,"Async Capable": false,"Relation Name": "supplier","Alias": "supplier","Startup Cost": 7.38,"Total Cost": 239.27,"Plan Rows": 400,"Plan Width": 34,"Actual Startup Time": 0.234,"Actual Total Time": 4.286,"Actual Rows": 377,"Actual Loops": 5,"Recheck Cond": "(s_nationkey = nation.n_nationkey)","Rows Removed by Index Recheck": 0,"Exact Heap Blocks": 180,"Lossy Heap Blocks": 0,"Workers": [],"Plans": [{"Node Type": "Bitmap Index Scan","Parent Relationship": "Outer","Parallel Aware": false,"Async Capable": false,"Index Name": "idx_supplier_nation_key","Startup Cost": 0.00,"Total Cost": 7.29,"Plan Rows": 400,"Plan Width": 0,"Actual Startup Time": 0.148,"Actual Total Time": 0.149,"Actual Rows": 377,"Actual Loops": 5,"Index Cond": "(s_nationkey = nation.n_nationkey)","Workers": []}]}]}]}]},{"Node Type": "Index Scan","Parent Relationship": "Inner","Parallel Aware": false,"Async Capable": false,"Scan Direction": "Forward","Index Name": "idx_lineitem_orderkey","Relation Name": "lineitem","Alias": "l3","Startup Cost": 0.43,"Total Cost": 1.06,"Plan Rows": 6,"Plan Width": 8,"Actual Startup Time": 0.003,"Actual Total Time": 0.003,"Actual Rows": 1,"Actual Loops": 143344,"Index Cond": "(l_orderkey = l1.l_orderkey)","Rows Removed by Index Recheck": 0,"Filter": "((l_receiptdate > l_commitdate) AND (l_suppkey <> l1.l_suppkey))","Rows Removed by Filter": 1,"Workers": []}]}]},{"Node Type": "Index Scan","Parent Relationship": "Inner","Parallel Aware": false,"Async Capable": false,"Scan Direction": "Forward","Index Name": "idx_lineitem_orderkey","Relation Name": "lineitem","Alias": "l2","Startup Cost": 0.43,"Total Cost": 1.02,"Plan Rows": 17,"Plan Width": 8,"Actual Startup Time": 0.008,"Actual Total Time": 0.008,"Actual Rows": 1,"Actual Loops": 12724,"Index Cond": "(l_orderkey = l1.l_orderkey)","Rows Removed by Index Recheck": 0,"Filter": "(l_suppkey <> l1.l_suppkey)","Rows Removed by Filter": 1}]},{"Node Type": "Index Scan","Parent Relationship": "Inner","Parallel Aware": false,"Async Capable": false,"Scan Direction": "Forward","Index Name": "orders_pkey","Relation Name": "orders","Alias": "orders","Startup Cost": 0.43,"Total Cost": 0.51,"Plan Rows": 1,"Plan Width": 4,"Actual Startup Time": 0.008,"Actual Total Time": 0.008,"Actual Rows": 0,"Actual Loops": 7590,"Index Cond": "(o_orderkey = l1.l_orderkey)","Rows Removed by Index Recheck": 0,"Filter": "(o_orderstatus = 'F'::bpchar)","Rows Removed by Filter": 1}]}]}]}]},"Planning Time": 9.583,"Triggers": [],"Execution Time": 511.800}]
[{"Plan": {"Node Type": "Sort","Parallel Aware": false,"Async Capable": false,"Startup Cost": 147378.80,"Total Cost": 147378.81,"Plan Rows": 1,"Plan Width": 34,"Actual Startup Time": 492.880,"Actual Total Time": 511.387,"Actual Rows": 377,"Actual Loops": 1,"Sort Key": ["(count(*)) DESC", "supplier.s_name"],"Sort Method": "quicksort","Sort Space Used": 54,"Sort Space Type": "Memory","Plans": [{"Node Type": "Aggregate","Strategy": "Sorted","Partial Mode": "Simple","Parent Relationship": "Outer","Parallel Aware": false,"Async Capable": false,"Startup Cost": 147378.77,"Total Cost": 147378.79,"Plan Rows": 1,"Plan Width": 34,"Actual Startup Time": 491.719,"Actual Total Time": 510.711,"Actual Rows": 377,"Actual Loops": 1,"Group Key": ["supplier.s_name"],"Plans": [{"Node Type": "Sort","Parent Relationship": "Outer","Parallel Aware": false,"Async Capable": false,"Startup Cost": 147378.77,"Total Cost": 147378.78,"Plan Rows": 1,"Plan Width": 26,"Actual Startup Time": 491.689,"Actual Total Time": 510.309,"Actual Rows": 3707,"Actual Loops": 1,"Sort Key": ["supplier.s_name"],"Sort Method": "quicksort","Sort Space Used": 357,"Sort Space Type": "Memory","Plans": [{"Node Type": "Nested Loop","Parent Relationship": "Outer","Parallel Aware": false,"Async Capable": false,"Join Type": "Inner","Startup Cost": 1250.87,"Total Cost": 147378.76,"Plan Rows": 1,"Plan Width": 26,"Actual Startup Time": 4.620,"Actual Total Time": 499.542,"Actual Rows": 3707,"Actual Loops": 1,"Inner Unique": true,"Plans": [{"Node Type": "Nested Loop","Parent Relationship": "Outer","Parallel Aware": false,"Async Capable": false,"Join Type": "Semi","Startup Cost": 1250.44,"Total Cost": 147378.26,"Plan Rows": 1,"Plan Width": 34,"Actual Startup Time": 4.581,"Actual Total Time": 437.361,"Actual Rows": 7590,"Actual Loops": 1,"Inner Unique": false,"Plans": [{"Node Type": "Gather","Parent Relationship": "Outer","Parallel Aware": false,"Async Capable": false,"Startup Cost": 1250.01,"Total Cost": 147377.22,"Plan Rows": 1,"Plan Width": 34,"Actual Startup Time": 4.430,"Actual Total Time": 334.305,"Actual Rows": 12724,"Actual Loops": 1,"Workers Planned": 4,"Workers Launched": 4,"Single Copy": false,"Plans": [{"Node Type": "Nested Loop","Parent Relationship": "Outer","Parallel Aware": false,"Async Capable": false,"Join Type": "Anti","Startup Cost": 250.01,"Total Cost": 146377.12,"Plan Rows": 1,"Plan Width": 34,"Actual Startup Time": 5.283,"Actual Total Time": 435.218,"Actual Rows": 2545,"Actual Loops": 5,"Inner Unique": false,"Workers": [],"Plans": [{"Node Type": "Hash Join","Parent Relationship": "Outer","Parallel Aware": false,"Async Capable": false,"Join Type": "Inner","Startup Cost": 249.58,"Total Cost": 133581.65,"Plan Rows": 19990,"Plan Width": 34,"Actual Startup Time": 4.967,"Actual Total Time": 350.606,"Actual Rows": 28669,"Actual Loops": 5,"Inner Unique": false,"Hash Cond": "(l1.l_suppkey = supplier.s_suppkey)","Workers": [],"Plans": [{"Node Type": "Seq Scan","Parent Relationship": "Outer","Parallel Aware": true,"Async Capable": false,"Relation Name": "lineitem","Alias": "l1","Startup Cost": 0.00,"Total Cost": 131256.80,"Plan Rows": 500101,"Plan Width": 8,"Actual Startup Time": 0.028,"Actual Total Time": 300.375,"Actual Rows": 758659,"Actual Loops": 5,"Filter": "(l_receiptdate > l_commitdate)","Rows Removed by Filter": 441584,"Workers": []},{"Node Type": "Hash","Parent Relationship": "Inner","Parallel Aware": false,"Async Capable": false,"Startup Cost": 244.58,"Total Cost": 244.58,"Plan Rows": 400,"Plan Width": 30,"Actual Startup Time": 4.611,"Actual Total Time": 4.626,"Actual Rows": 377,"Actual Loops": 5,"Hash Buckets": 1024,"Original Hash Buckets": 1024,"Hash Batches": 1,"Original Hash Batches": 1,"Peak Memory Usage": 32,"Workers": [],"Plans": [{"Node Type": "Nested Loop","Parent Relationship": "Outer","Parallel Aware": false,"Async Capable": false,"Join Type": "Inner","Startup Cost": 7.38,"Total Cost": 244.58,"Plan Rows": 400,"Plan Width": 30,"Actual Startup Time": 0.296,"Actual Total Time": 4.444,"Actual Rows": 377,"Actual Loops": 5,"Inner Unique": false,"Workers": [],"Plans": [{"Node Type": "Seq Scan","Parent Relationship": "Outer","Parallel Aware": false,"Async Capable": false,"Relation Name": "nation","Alias": "nation","Startup Cost": 0.00,"Total Cost": 1.31,"Plan Rows": 1,"Plan Width": 4,"Actual Startup Time": 0.056,"Actual Total Time": 0.065,"Actual Rows": 1,"Actual Loops": 5,"Filter": "(n_name = 'JAPAN'::bpchar)","Rows Removed by Filter": 24,"Workers": []},{"Node Type": "Bitmap Heap Scan","Parent Relationship": "Inner","Parallel Aware": false,"Async Capable": false,"Relation Name": "supplier","Alias": "supplier","Startup Cost": 7.38,"Total Cost": 239.27,"Plan Rows": 400,"Plan Width": 34,"Actual Startup Time": 0.234,"Actual Total Time": 4.286,"Actual Rows": 377,"Actual Loops": 5,"Recheck Cond": "(s_nationkey = nation.n_nationkey)","Rows Removed by Index Recheck": 0,"Exact Heap Blocks": 180,"Lossy Heap Blocks": 0,"Workers": [],"Plans": [{"Node Type": "Bitmap Index Scan","Parent Relationship": "Outer","Parallel Aware": false,"Async Capable": false,"Index Name": "idx_supplier_nation_key","Startup Cost": 0.00,"Total Cost": 7.29,"Plan Rows": 400,"Plan Width": 0,"Actual Startup Time": 0.148,"Actual Total Time": 0.149,"Actual Rows": 377,"Actual Loops": 5,"Index Cond": "(s_nationkey = nation.n_nationkey)","Workers": []}]}]}]}]},{"Node Type": "Index Scan","Parent Relationship": "Inner","Parallel Aware": false,"Async Capable": false,"Scan Direction": "Forward","Index Name": "idx_lineitem_orderkey","Relation Name": "lineitem","Alias": "l3","Startup Cost": 0.43,"Total Cost": 1.06,"Plan Rows": 6,"Plan Width": 8,"Actual Startup Time": 0.003,"Actual Total Time": 0.003,"Actual Rows": 1,"Actual Loops": 143344,"Index Cond": "(l_orderkey = l1.l_orderkey)","Rows Removed by Index Recheck": 0,"Filter": "((l_receiptdate > l_commitdate) AND (l_suppkey <> l1.l_suppkey))","Rows Removed by Filter": 1,"Workers": []}]}]},{"Node Type": "Index Scan","Parent Relationship": "Inner","Parallel Aware": false,"Async Capable": false,"Scan Direction": "Forward","Index Name": "idx_lineitem_orderkey","Relation Name": "lineitem","Alias": "l2","Startup Cost": 0.43,"Total Cost": 1.02,"Plan Rows": 17,"Plan Width": 8,"Actual Startup Time": 0.008,"Actual Total Time": 0.008,"Actual Rows": 1,"Actual Loops": 12724,"Index Cond": "(l_orderkey = l1.l_orderkey)","Rows Removed by Index Recheck": 0,"Filter": "(l_suppkey <> l1.l_suppkey)","Rows Removed by Filter": 1}]},{"Node Type": "Index Scan","Parent Relationship": "Inner","Parallel Aware": false,"Async Capable": false,"Scan Direction": "Forward","Index Name": "orders_pkey","Relation Name": "orders","Alias": "orders","Startup Cost": 0.43,"Total Cost": 0.51,"Plan Rows": 1,"Plan Width": 4,"Actual Startup Time": 0.008,"Actual Total Time": 0.008,"Actual Rows": 0,"Actual Loops": 7590,"Index Cond": "(o_orderkey = l1.l_orderkey)","Rows Removed by Index Recheck": 0,"Filter": "(o_orderstatus = 'F'::bpchar)","Rows Removed by Filter": 1}]}]}]}]},"Planning Time": 9.583,"Triggers": [],"Execution Time": 511.800}]
[{"Plan": {"Node Type": "Sort","Parallel Aware": false,"Async Capable": false,"Startup Cost": 147378.80,"Total Cost": 147378.81,"Plan Rows": 1,"Plan Width": 34,"Actual Startup Time": 484.568,"Actual Total Time": 505.980,"Actual Rows": 362,"Actual Loops": 1,"Sort Key": ["(count(*)) DESC", "supplier.s_name"],"Sort Method": "quicksort","Sort Space Used": 53,"Sort Space Type": "Memory","Plans": [{"Node Type": "Aggregate","Strategy": "Sorted","Partial Mode": "Simple","Parent Relationship": "Outer","Parallel Aware": false,"Async Capable": false,"Startup Cost": 147378.77,"Total Cost": 147378.79,"Plan Rows": 1,"Plan Width": 34,"Actual Startup Time": 483.467,"Actual Total Time": 505.326,"Actual Rows": 362,"Actual Loops": 1,"Group Key": ["supplier.s_name"],"Plans": [{"Node Type": "Sort","Parent Relationship": "Outer","Parallel Aware": false,"Async Capable": false,"Startup Cost": 147378.77,"Total Cost": 147378.78,"Plan Rows": 1,"Plan Width": 26,"Actual Startup Time": 483.448,"Actual Total Time": 504.962,"Actual Rows": 3454,"Actual Loops": 1,"Sort Key": ["supplier.s_name"],"Sort Method": "quicksort","Sort Space Used": 339,"Sort Space Type": "Memory","Plans": [{"Node Type": "Nested Loop","Parent Relationship": "Outer","Parallel Aware": false,"Async Capable": false,"Join Type": "Inner","Startup Cost": 1250.87,"Total Cost": 147378.76,"Plan Rows": 1,"Plan Width": 26,"Actual Startup Time": 4.046,"Actual Total Time": 494.960,"Actual Rows": 3454,"Actual Loops": 1,"Inner Unique": true,"Plans": [{"Node Type": "Nested Loop","Parent Relationship": "Outer","Parallel Aware": false,"Async Capable": false,"Join Type": "Semi","Startup Cost": 1250.44,"Total Cost": 147378.26,"Plan Rows": 1,"Plan Width": 34,"Actual Startup Time": 3.697,"Actual Total Time": 437.513,"Actual Rows": 7167,"Actual Loops": 1,"Inner Unique": false,"Plans": [{"Node Type": "Gather","Parent Relationship": "Outer","Parallel Aware": false,"Async Capable": false,"Startup Cost": 1250.01,"Total Cost": 147377.22,"Plan Rows": 1,"Plan Width": 34,"Actual Startup Time": 3.682,"Actual Total Time": 337.976,"Actual Rows": 12136,"Actual Loops": 1,"Workers Planned": 4,"Workers Launched": 4,"Single Copy": false,"Plans": [{"Node Type": "Nested Loop","Parent Relationship": "Outer","Parallel Aware": false,"Async Capable": false,"Join Type": "Anti","Startup Cost": 250.01,"Total Cost": 146377.12,"Plan Rows": 1,"Plan Width": 34,"Actual Startup Time": 4.367,"Actual Total Time": 431.433,"Actual Rows": 2427,"Actual Loops": 5,"Inner Unique": false,"Workers": [],"Plans": [{"Node Type": "Hash Join","Parent Relationship": "Outer","Parallel Aware": false,"Async Capable": false,"Join Type": "Inner","Startup Cost": 249.58,"Total Cost": 133581.65,"Plan Rows": 19990,"Plan Width": 34,"Actual Startup Time": 4.181,"Actual Total Time": 349.984,"Actual Rows": 27450,"Actual Loops": 5,"Inner Unique": false,"Hash Cond": "(l1.l_suppkey = supplier.s_suppkey)","Workers": [],"Plans": [{"Node Type": "Seq Scan","Parent Relationship": "Outer","Parallel Aware": true,"Async Capable": false,"Relation Name": "lineitem","Alias": "l1","Startup Cost": 0.00,"Total Cost": 131256.80,"Plan Rows": 500101,"Plan Width": 8,"Actual Startup Time": 0.027,"Actual Total Time": 299.399,"Actual Rows": 758659,"Actual Loops": 5,"Filter": "(l_receiptdate > l_commitdate)","Rows Removed by Filter": 441584,"Workers": []},{"Node Type": "Hash","Parent Relationship": "Inner","Parallel Aware": false,"Async Capable": false,"Startup Cost": 244.58,"Total Cost": 244.58,"Plan Rows": 400,"Plan Width": 30,"Actual Startup Time": 3.849,"Actual Total Time": 3.862,"Actual Rows": 362,"Actual Loops": 5,"Hash Buckets": 1024,"Original Hash Buckets": 1024,"Hash Batches": 1,"Original Hash Batches": 1,"Peak Memory Usage": 31,"Workers": [],"Plans": [{"Node Type": "Nested Loop","Parent Relationship": "Outer","Parallel Aware": false,"Async Capable": false,"Join Type": "Inner","Startup Cost": 7.38,"Total Cost": 244.58,"Plan Rows": 400,"Plan Width": 30,"Actual Startup Time": 0.339,"Actual Total Time": 3.727,"Actual Rows": 362,"Actual Loops": 5,"Inner Unique": false,"Workers": [],"Plans": [{"Node Type": "Seq Scan","Parent Relationship": "Outer","Parallel Aware": false,"Async Capable": false,"Relation Name": "nation","Alias": "nation","Startup Cost": 0.00,"Total Cost": 1.31,"Plan Rows": 1,"Plan Width": 4,"Actual Startup Time": 0.061,"Actual Total Time": 0.064,"Actual Rows": 1,"Actual Loops": 5,"Filter": "(n_name = 'JORDAN'::bpchar)","Rows Removed by Filter": 24,"Workers": []},{"Node Type": "Bitmap Heap Scan","Parent Relationship": "Inner","Parallel Aware": false,"Async Capable": false,"Relation Name": "supplier","Alias": "supplier","Startup Cost": 7.38,"Total Cost": 239.27,"Plan Rows": 400,"Plan Width": 34,"Actual Startup Time": 0.272,"Actual Total Time": 3.601,"Actual Rows": 362,"Actual Loops": 5,"Recheck Cond": "(s_nationkey = nation.n_nationkey)","Rows Removed by Index Recheck": 0,"Exact Heap Blocks": 166,"Lossy Heap Blocks": 0,"Workers": [],"Plans": [{"Node Type": "Bitmap Index Scan","Parent Relationship": "Outer","Parallel Aware": false,"Async Capable": false,"Index Name": "idx_supplier_nation_key","Startup Cost": 0.00,"Total Cost": 7.29,"Plan Rows": 400,"Plan Width": 0,"Actual Startup Time": 0.176,"Actual Total Time": 0.178,"Actual Rows": 362,"Actual Loops": 5,"Index Cond": "(s_nationkey = nation.n_nationkey)","Workers": []}]}]}]}]},{"Node Type": "Index Scan","Parent Relationship": "Inner","Parallel Aware": false,"Async Capable": false,"Scan Direction": "Forward","Index Name": "idx_lineitem_orderkey","Relation Name": "lineitem","Alias": "l3","Startup Cost": 0.43,"Total Cost": 1.06,"Plan Rows": 6,"Plan Width": 8,"Actual Startup Time": 0.003,"Actual Total Time": 0.003,"Actual Rows": 1,"Actual Loops": 137252,"Index Cond": "(l_orderkey = l1.l_orderkey)","Rows Removed by Index Recheck": 0,"Filter": "((l_receiptdate > l_commitdate) AND (l_suppkey <> l1.l_suppkey))","Rows Removed by Filter": 1,"Workers": []}]}]},{"Node Type": "Index Scan","Parent Relationship": "Inner","Parallel Aware": false,"Async Capable": false,"Scan Direction": "Forward","Index Name": "idx_lineitem_orderkey","Relation Name": "lineitem","Alias": "l2","Startup Cost": 0.43,"Total Cost": 1.02,"Plan Rows": 17,"Plan Width": 8,"Actual Startup Time": 0.008,"Actual Total Time": 0.008,"Actual Rows": 1,"Actual Loops": 12136,"Index Cond": "(l_orderkey = l1.l_orderkey)","Rows Removed by Index Recheck": 0,"Filter": "(l_suppkey <> l1.l_suppkey)","Rows Removed by Filter": 1}]},{"Node Type": "Index Scan","Parent Relationship": "Inner","Parallel Aware": false,"Async Capable": false,"Scan Direction": "Forward","Index Name": "orders_pkey","Relation Name": "orders","Alias": "orders","Startup Cost": 0.43,"Total Cost": 0.51,"Plan Rows": 1,"Plan Width": 4,"Actual Startup Time": 0.008,"Actual Total Time": 0.008,"Actual Rows": 0,"Actual Loops": 7167,"Index Cond": "(o_orderkey = l1.l_orderkey)","Rows Removed by Index Recheck": 0,"Filter": "(o_orderstatus = 'F'::bpchar)","Rows Removed by Filter": 1}]}]}]}]},"Planning Time": 8.148,"Triggers": [],"Execution Time": 506.532}]
[{"Plan": {"Node Type": "Sort","Parallel Aware": false,"Async Capable": false,"Startup Cost": 147378.80,"Total Cost": 147378.81,"Plan Rows": 1,"Plan Width": 34,"Actual Startup Time": 511.931,"Actual Total Time": 527.174,"Actual Rows": 415,"Actual Loops": 1,"Sort Key": ["(count(*)) DESC", "supplier.s_name"],"Sort Method": "quicksort","Sort Space Used": 57,"Sort Space Type": "Memory","Plans": [{"Node Type": "Aggregate","Strategy": "Sorted","Partial Mode": "Simple","Parent Relationship": "Outer","Parallel Aware": false,"Async Capable": false,"Startup Cost": 147378.77,"Total Cost": 147378.79,"Plan Rows": 1,"Plan Width": 34,"Actual Startup Time": 510.675,"Actual Total Time": 526.442,"Actual Rows": 415,"Actual Loops": 1,"Group Key": ["supplier.s_name"],"Plans": [{"Node Type": "Sort","Parent Relationship": "Outer","Parallel Aware": false,"Async Capable": false,"Startup Cost": 147378.77,"Total Cost": 147378.78,"Plan Rows": 1,"Plan Width": 26,"Actual Startup Time": 510.644,"Actual Total Time": 526.012,"Actual Rows": 4112,"Actual Loops": 1,"Sort Key": ["supplier.s_name"],"Sort Method": "quicksort","Sort Space Used": 482,"Sort Space Type": "Memory","Plans": [{"Node Type": "Nested Loop","Parent Relationship": "Outer","Parallel Aware": false,"Async Capable": false,"Join Type": "Inner","Startup Cost": 1250.87,"Total Cost": 147378.76,"Plan Rows": 1,"Plan Width": 26,"Actual Startup Time": 4.482,"Actual Total Time": 514.049,"Actual Rows": 4112,"Actual Loops": 1,"Inner Unique": true,"Plans": [{"Node Type": "Nested Loop","Parent Relationship": "Outer","Parallel Aware": false,"Async Capable": false,"Join Type": "Semi","Startup Cost": 1250.44,"Total Cost": 147378.26,"Plan Rows": 1,"Plan Width": 34,"Actual Startup Time": 4.433,"Actual Total Time": 447.118,"Actual Rows": 8423,"Actual Loops": 1,"Inner Unique": false,"Plans": [{"Node Type": "Gather","Parent Relationship": "Outer","Parallel Aware": false,"Async Capable": false,"Startup Cost": 1250.01,"Total Cost": 147377.22,"Plan Rows": 1,"Plan Width": 34,"Actual Startup Time": 4.417,"Actual Total Time": 335.444,"Actual Rows": 14099,"Actual Loops": 1,"Workers Planned": 4,"Workers Launched": 4,"Single Copy": false,"Plans": [{"Node Type": "Nested Loop","Parent Relationship": "Outer","Parallel Aware": false,"Async Capable": false,"Join Type": "Anti","Startup Cost": 250.01,"Total Cost": 146377.12,"Plan Rows": 1,"Plan Width": 34,"Actual Startup Time": 5.494,"Actual Total Time": 449.293,"Actual Rows": 2820,"Actual Loops": 5,"Inner Unique": false,"Workers": [],"Plans": [{"Node Type": "Hash Join","Parent Relationship": "Outer","Parallel Aware": false,"Async Capable": false,"Join Type": "Inner","Startup Cost": 249.58,"Total Cost": 133581.65,"Plan Rows": 19990,"Plan Width": 34,"Actual Startup Time": 5.114,"Actual Total Time": 356.460,"Actual Rows": 31599,"Actual Loops": 5,"Inner Unique": false,"Hash Cond": "(l1.l_suppkey = supplier.s_suppkey)","Workers": [],"Plans": [{"Node Type": "Seq Scan","Parent Relationship": "Outer","Parallel Aware": true,"Async Capable": false,"Relation Name": "lineitem","Alias": "l1","Startup Cost": 0.00,"Total Cost": 131256.80,"Plan Rows": 500101,"Plan Width": 8,"Actual Startup Time": 0.028,"Actual Total Time": 305.044,"Actual Rows": 758659,"Actual Loops": 5,"Filter": "(l_receiptdate > l_commitdate)","Rows Removed by Filter": 441584,"Workers": []},{"Node Type": "Hash","Parent Relationship": "Inner","Parallel Aware": false,"Async Capable": false,"Startup Cost": 244.58,"Total Cost": 244.58,"Plan Rows": 400,"Plan Width": 30,"Actual Startup Time": 4.772,"Actual Total Time": 4.789,"Actual Rows": 415,"Actual Loops": 5,"Hash Buckets": 1024,"Original Hash Buckets": 1024,"Hash Batches": 1,"Original Hash Batches": 1,"Peak Memory Usage": 34,"Workers": [],"Plans": [{"Node Type": "Nested Loop","Parent Relationship": "Outer","Parallel Aware": false,"Async Capable": false,"Join Type": "Inner","Startup Cost": 7.38,"Total Cost": 244.58,"Plan Rows": 400,"Plan Width": 30,"Actual Startup Time": 0.307,"Actual Total Time": 4.608,"Actual Rows": 415,"Actual Loops": 5,"Inner Unique": false,"Workers": [],"Plans": [{"Node Type": "Seq Scan","Parent Relationship": "Outer","Parallel Aware": false,"Async Capable": false,"Relation Name": "nation","Alias": "nation","Startup Cost": 0.00,"Total Cost": 1.31,"Plan Rows": 1,"Plan Width": 4,"Actual Startup Time": 0.059,"Actual Total Time": 0.064,"Actual Rows": 1,"Actual Loops": 5,"Filter": "(n_name = 'EGYPT'::bpchar)","Rows Removed by Filter": 24,"Workers": []},{"Node Type": "Bitmap Heap Scan","Parent Relationship": "Inner","Parallel Aware": false,"Async Capable": false,"Relation Name": "supplier","Alias": "supplier","Startup Cost": 7.38,"Total Cost": 239.27,"Plan Rows": 400,"Plan Width": 34,"Actual Startup Time": 0.244,"Actual Total Time": 4.451,"Actual Rows": 415,"Actual Loops": 5,"Recheck Cond": "(s_nationkey = nation.n_nationkey)","Rows Removed by Index Recheck": 0,"Exact Heap Blocks": 183,"Lossy Heap Blocks": 0,"Workers": [],"Plans": [{"Node Type": "Bitmap Index Scan","Parent Relationship": "Outer","Parallel Aware": false,"Async Capable": false,"Index Name": "idx_supplier_nation_key","Startup Cost": 0.00,"Total Cost": 7.29,"Plan Rows": 400,"Plan Width": 0,"Actual Startup Time": 0.159,"Actual Total Time": 0.162,"Actual Rows": 415,"Actual Loops": 5,"Index Cond": "(s_nationkey = nation.n_nationkey)","Workers": []}]}]}]}]},{"Node Type": "Index Scan","Parent Relationship": "Inner","Parallel Aware": false,"Async Capable": false,"Scan Direction": "Forward","Index Name": "idx_lineitem_orderkey","Relation Name": "lineitem","Alias": "l3","Startup Cost": 0.43,"Total Cost": 1.06,"Plan Rows": 6,"Plan Width": 8,"Actual Startup Time": 0.003,"Actual Total Time": 0.003,"Actual Rows": 1,"Actual Loops": 157994,"Index Cond": "(l_orderkey = l1.l_orderkey)","Rows Removed by Index Recheck": 0,"Filter": "((l_receiptdate > l_commitdate) AND (l_suppkey <> l1.l_suppkey))","Rows Removed by Filter": 1,"Workers": []}]}]},{"Node Type": "Index Scan","Parent Relationship": "Inner","Parallel Aware": false,"Async Capable": false,"Scan Direction": "Forward","Index Name": "idx_lineitem_orderkey","Relation Name": "lineitem","Alias": "l2","Startup Cost": 0.43,"Total Cost": 1.02,"Plan Rows": 17,"Plan Width": 8,"Actual Startup Time": 0.007,"Actual Total Time": 0.007,"Actual Rows": 1,"Actual Loops": 14099,"Index Cond": "(l_orderkey = l1.l_orderkey)","Rows Removed by Index Recheck": 0,"Filter": "(l_suppkey <> l1.l_suppkey)","Rows Removed by Filter": 1}]},{"Node Type": "Index Scan","Parent Relationship": "Inner","Parallel Aware": false,"Async Capable": false,"Scan Direction": "Forward","Index Name": "orders_pkey","Relation Name": "orders","Alias": "orders","Startup Cost": 0.43,"Total Cost": 0.51,"Plan Rows": 1,"Plan Width": 4,"Actual Startup Time": 0.008,"Actual Total Time": 0.008,"Actual Rows": 0,"Actual Loops": 8423,"Index Cond": "(o_orderkey = l1.l_orderkey)","Rows Removed by Index Recheck": 0,"Filter": "(o_orderstatus = 'F'::bpchar)","Rows Removed by Filter": 1}]}]}]}]},"Planning Time": 8.195,"Triggers": [],"Execution Time": 527.804}]
[{"Plan": {"Node Type": "Sort","Parallel Aware": false,"Async Capable": false,"Startup Cost": 147378.80,"Total Cost": 147378.81,"Plan Rows": 1,"Plan Width": 34,"Actual Startup Time": 484.568,"Actual Total Time": 505.980,"Actual Rows": 362,"Actual Loops": 1,"Sort Key": ["(count(*)) DESC", "supplier.s_name"],"Sort Method": "quicksort","Sort Space Used": 53,"Sort Space Type": "Memory","Plans": [{"Node Type": "Aggregate","Strategy": "Sorted","Partial Mode": "Simple","Parent Relationship": "Outer","Parallel Aware": false,"Async Capable": false,"Startup Cost": 147378.77,"Total Cost": 147378.79,"Plan Rows": 1,"Plan Width": 34,"Actual Startup Time": 483.467,"Actual Total Time": 505.326,"Actual Rows": 362,"Actual Loops": 1,"Group Key": ["supplier.s_name"],"Plans": [{"Node Type": "Sort","Parent Relationship": "Outer","Parallel Aware": false,"Async Capable": false,"Startup Cost": 147378.77,"Total Cost": 147378.78,"Plan Rows": 1,"Plan Width": 26,"Actual Startup Time": 483.448,"Actual Total Time": 504.962,"Actual Rows": 3454,"Actual Loops": 1,"Sort Key": ["supplier.s_name"],"Sort Method": "quicksort","Sort Space Used": 339,"Sort Space Type": "Memory","Plans": [{"Node Type": "Nested Loop","Parent Relationship": "Outer","Parallel Aware": false,"Async Capable": false,"Join Type": "Inner","Startup Cost": 1250.87,"Total Cost": 147378.76,"Plan Rows": 1,"Plan Width": 26,"Actual Startup Time": 4.046,"Actual Total Time": 494.960,"Actual Rows": 3454,"Actual Loops": 1,"Inner Unique": true,"Plans": [{"Node Type": "Nested Loop","Parent Relationship": "Outer","Parallel Aware": false,"Async Capable": false,"Join Type": "Semi","Startup Cost": 1250.44,"Total Cost": 147378.26,"Plan Rows": 1,"Plan Width": 34,"Actual Startup Time": 3.697,"Actual Total Time": 437.513,"Actual Rows": 7167,"Actual Loops": 1,"Inner Unique": false,"Plans": [{"Node Type": "Gather","Parent Relationship": "Outer","Parallel Aware": false,"Async Capable": false,"Startup Cost": 1250.01,"Total Cost": 147377.22,"Plan Rows": 1,"Plan Width": 34,"Actual Startup Time": 3.682,"Actual Total Time": 337.976,"Actual Rows": 12136,"Actual Loops": 1,"Workers Planned": 4,"Workers Launched": 4,"Single Copy": false,"Plans": [{"Node Type": "Nested Loop","Parent Relationship": "Outer","Parallel Aware": false,"Async Capable": false,"Join Type": "Anti","Startup Cost": 250.01,"Total Cost": 146377.12,"Plan Rows": 1,"Plan Width": 34,"Actual Startup Time": 4.367,"Actual Total Time": 431.433,"Actual Rows": 2427,"Actual Loops": 5,"Inner Unique": false,"Workers": [],"Plans": [{"Node Type": "Hash Join","Parent Relationship": "Outer","Parallel Aware": false,"Async Capable": false,"Join Type": "Inner","Startup Cost": 249.58,"Total Cost": 133581.65,"Plan Rows": 19990,"Plan Width": 34,"Actual Startup Time": 4.181,"Actual Total Time": 349.984,"Actual Rows": 27450,"Actual Loops": 5,"Inner Unique": false,"Hash Cond": "(l1.l_suppkey = supplier.s_suppkey)","Workers": [],"Plans": [{"Node Type": "Seq Scan","Parent Relationship": "Outer","Parallel Aware": true,"Async Capable": false,"Relation Name": "lineitem","Alias": "l1","Startup Cost": 0.00,"Total Cost": 131256.80,"Plan Rows": 500101,"Plan Width": 8,"Actual Startup Time": 0.027,"Actual Total Time": 299.399,"Actual Rows": 758659,"Actual Loops": 5,"Filter": "(l_receiptdate > l_commitdate)","Rows Removed by Filter": 441584,"Workers": []},{"Node Type": "Hash","Parent Relationship": "Inner","Parallel Aware": false,"Async Capable": false,"Startup Cost": 244.58,"Total Cost": 244.58,"Plan Rows": 400,"Plan Width": 30,"Actual Startup Time": 3.849,"Actual Total Time": 3.862,"Actual Rows": 362,"Actual Loops": 5,"Hash Buckets": 1024,"Original Hash Buckets": 1024,"Hash Batches": 1,"Original Hash Batches": 1,"Peak Memory Usage": 31,"Workers": [],"Plans": [{"Node Type": "Nested Loop","Parent Relationship": "Outer","Parallel Aware": false,"Async Capable": false,"Join Type": "Inner","Startup Cost": 7.38,"Total Cost": 244.58,"Plan Rows": 400,"Plan Width": 30,"Actual Startup Time": 0.339,"Actual Total Time": 3.727,"Actual Rows": 362,"Actual Loops": 5,"Inner Unique": false,"Workers": [],"Plans": [{"Node Type": "Seq Scan","Parent Relationship": "Outer","Parallel Aware": false,"Async Capable": false,"Relation Name": "nation","Alias": "nation","Startup Cost": 0.00,"Total Cost": 1.31,"Plan Rows": 1,"Plan Width": 4,"Actual Startup Time": 0.061,"Actual Total Time": 0.064,"Actual Rows": 1,"Actual Loops": 5,"Filter": "(n_name = 'JORDAN'::bpchar)","Rows Removed by Filter": 24,"Workers": []},{"Node Type": "Bitmap Heap Scan","Parent Relationship": "Inner","Parallel Aware": false,"Async Capable": false,"Relation Name": "supplier","Alias": "supplier","Startup Cost": 7.38,"Total Cost": 239.27,"Plan Rows": 400,"Plan Width": 34,"Actual Startup Time": 0.272,"Actual Total Time": 3.601,"Actual Rows": 362,"Actual Loops": 5,"Recheck Cond": "(s_nationkey = nation.n_nationkey)","Rows Removed by Index Recheck": 0,"Exact Heap Blocks": 166,"Lossy Heap Blocks": 0,"Workers": [],"Plans": [{"Node Type": "Bitmap Index Scan","Parent Relationship": "Outer","Parallel Aware": false,"Async Capable": false,"Index Name": "idx_supplier_nation_key","Startup Cost": 0.00,"Total Cost": 7.29,"Plan Rows": 400,"Plan Width": 0,"Actual Startup Time": 0.176,"Actual Total Time": 0.178,"Actual Rows": 362,"Actual Loops": 5,"Index Cond": "(s_nationkey = nation.n_nationkey)","Workers": []}]}]}]}]},{"Node Type": "Index Scan","Parent Relationship": "Inner","Parallel Aware": false,"Async Capable": false,"Scan Direction": "Forward","Index Name": "idx_lineitem_orderkey","Relation Name": "lineitem","Alias": "l3","Startup Cost": 0.43,"Total Cost": 1.06,"Plan Rows": 6,"Plan Width": 8,"Actual Startup Time": 0.003,"Actual Total Time": 0.003,"Actual Rows": 1,"Actual Loops": 137252,"Index Cond": "(l_orderkey = l1.l_orderkey)","Rows Removed by Index Recheck": 0,"Filter": "((l_receiptdate > l_commitdate) AND (l_suppkey <> l1.l_suppkey))","Rows Removed by Filter": 1,"Workers": []}]}]},{"Node Type": "Index Scan","Parent Relationship": "Inner","Parallel Aware": false,"Async Capable": false,"Scan Direction": "Forward","Index Name": "idx_lineitem_orderkey","Relation Name": "lineitem","Alias": "l2","Startup Cost": 0.43,"Total Cost": 1.02,"Plan Rows": 17,"Plan Width": 8,"Actual Startup Time": 0.008,"Actual Total Time": 0.008,"Actual Rows": 1,"Actual Loops": 12136,"Index Cond": "(l_orderkey = l1.l_orderkey)","Rows Removed by Index Recheck": 0,"Filter": "(l_suppkey <> l1.l_suppkey)","Rows Removed by Filter": 1}]},{"Node Type": "Index Scan","Parent Relationship": "Inner","Parallel Aware": false,"Async Capable": false,"Scan Direction": "Forward","Index Name": "orders_pkey","Relation Name": "orders","Alias": "orders","Startup Cost": 0.43,"Total Cost": 0.51,"Plan Rows": 1,"Plan Width": 4,"Actual Startup Time": 0.008,"Actual Total Time": 0.008,"Actual Rows": 0,"Actual Loops": 7167,"Index Cond": "(o_orderkey = l1.l_orderkey)","Rows Removed by Index Recheck": 0,"Filter": "(o_orderstatus = 'F'::bpchar)","Rows Removed by Filter": 1}]}]}]}]},"Planning Time": 8.148,"Triggers": [],"Execution Time": 506.532}]
[{"Plan": {"Node Type": "Sort","Parallel Aware": false,"Async Capable": false,"Startup Cost": 147378.80,"Total Cost": 147378.81,"Plan Rows": 1,"Plan Width": 34,"Actual Startup Time": 499.004,"Actual Total Time": 520.055,"Actual Rows": 399,"Actual Loops": 1,"Sort Key": ["(count(*)) DESC", "supplier.s_name"],"Sort Method": "quicksort","Sort Space Used": 56,"Sort Space Type": "Memory","Plans": [{"Node Type": "Aggregate","Strategy": "Sorted","Partial Mode": "Simple","Parent Relationship": "Outer","Parallel Aware": false,"Async Capable": false,"Startup Cost": 147378.77,"Total Cost": 147378.79,"Plan Rows": 1,"Plan Width": 34,"Actual Startup Time": 497.768,"Actual Total Time": 519.326,"Actual Rows": 399,"Actual Loops": 1,"Group Key": ["supplier.s_name"],"Plans": [{"Node Type": "Sort","Parent Relationship": "Outer","Parallel Aware": false,"Async Capable": false,"Startup Cost": 147378.77,"Total Cost": 147378.78,"Plan Rows": 1,"Plan Width": 26,"Actual Startup Time": 497.754,"Actual Total Time": 518.925,"Actual Rows": 3901,"Actual Loops": 1,"Sort Key": ["supplier.s_name"],"Sort Method": "quicksort","Sort Space Used": 371,"Sort Space Type": "Memory","Plans": [{"Node Type": "Nested Loop","Parent Relationship": "Outer","Parallel Aware": false,"Async Capable": false,"Join Type": "Inner","Startup Cost": 1250.87,"Total Cost": 147378.76,"Plan Rows": 1,"Plan Width": 26,"Actual Startup Time": 5.425,"Actual Total Time": 507.475,"Actual Rows": 3901,"Actual Loops": 1,"Inner Unique": true,"Plans": [{"Node Type": "Nested Loop","Parent Relationship": "Outer","Parallel Aware": false,"Async Capable": false,"Join Type": "Semi","Startup Cost": 1250.44,"Total Cost": 147378.26,"Plan Rows": 1,"Plan Width": 34,"Actual Startup Time": 5.049,"Actual Total Time": 443.858,"Actual Rows": 7909,"Actual Loops": 1,"Inner Unique": false,"Plans": [{"Node Type": "Gather","Parent Relationship": "Outer","Parallel Aware": false,"Async Capable": false,"Startup Cost": 1250.01,"Total Cost": 147377.22,"Plan Rows": 1,"Plan Width": 34,"Actual Startup Time": 4.716,"Actual Total Time": 337.054,"Actual Rows": 13313,"Actual Loops": 1,"Workers Planned": 4,"Workers Launched": 4,"Single Copy": false,"Plans": [{"Node Type": "Nested Loop","Parent Relationship": "Outer","Parallel Aware": false,"Async Capable": false,"Join Type": "Anti","Startup Cost": 250.01,"Total Cost": 146377.12,"Plan Rows": 1,"Plan Width": 34,"Actual Startup Time": 4.762,"Actual Total Time": 442.169,"Actual Rows": 2663,"Actual Loops": 5,"Inner Unique": false,"Workers": [],"Plans": [{"Node Type": "Hash Join","Parent Relationship": "Outer","Parallel Aware": false,"Async Capable": false,"Join Type": "Inner","Startup Cost": 249.58,"Total Cost": 133581.65,"Plan Rows": 19990,"Plan Width": 34,"Actual Startup Time": 4.517,"Actual Total Time": 353.941,"Actual Rows": 30247,"Actual Loops": 5,"Inner Unique": false,"Hash Cond": "(l1.l_suppkey = supplier.s_suppkey)","Workers": [],"Plans": [{"Node Type": "Seq Scan","Parent Relationship": "Outer","Parallel Aware": true,"Async Capable": false,"Relation Name": "lineitem","Alias": "l1","Startup Cost": 0.00,"Total Cost": 131256.80,"Plan Rows": 500101,"Plan Width": 8,"Actual Startup Time": 0.021,"Actual Total Time": 302.084,"Actual Rows": 758659,"Actual Loops": 5,"Filter": "(l_receiptdate > l_commitdate)","Rows Removed by Filter": 441584,"Workers": []},{"Node Type": "Hash","Parent Relationship": "Inner","Parallel Aware": false,"Async Capable": false,"Startup Cost": 244.58,"Total Cost": 244.58,"Plan Rows": 400,"Plan Width": 30,"Actual Startup Time": 4.286,"Actual Total Time": 4.296,"Actual Rows": 399,"Actual Loops": 5,"Hash Buckets": 1024,"Original Hash Buckets": 1024,"Hash Batches": 1,"Original Hash Batches": 1,"Peak Memory Usage": 33,"Workers": [],"Plans": [{"Node Type": "Nested Loop","Parent Relationship": "Outer","Parallel Aware": false,"Async Capable": false,"Join Type": "Inner","Startup Cost": 7.38,"Total Cost": 244.58,"Plan Rows": 400,"Plan Width": 30,"Actual Startup Time": 0.243,"Actual Total Time": 4.128,"Actual Rows": 399,"Actual Loops": 5,"Inner Unique": false,"Workers": [],"Plans": [{"Node Type": "Seq Scan","Parent Relationship": "Outer","Parallel Aware": false,"Async Capable": false,"Relation Name": "nation","Alias": "nation","Startup Cost": 0.00,"Total Cost": 1.31,"Plan Rows": 1,"Plan Width": 4,"Actual Startup Time": 0.049,"Actual Total Time": 0.051,"Actual Rows": 1,"Actual Loops": 5,"Filter": "(n_name = 'VIETNAM'::bpchar)","Rows Removed by Filter": 24,"Workers": []},{"Node Type": "Bitmap Heap Scan","Parent Relationship": "Inner","Parallel Aware": false,"Async Capable": false,"Relation Name": "supplier","Alias": "supplier","Startup Cost": 7.38,"Total Cost": 239.27,"Plan Rows": 400,"Plan Width": 34,"Actual Startup Time": 0.189,"Actual Total Time": 4.007,"Actual Rows": 399,"Actual Loops": 5,"Recheck Cond": "(s_nationkey = nation.n_nationkey)","Rows Removed by Index Recheck": 0,"Exact Heap Blocks": 191,"Lossy Heap Blocks": 0,"Workers": [],"Plans": [{"Node Type": "Bitmap Index Scan","Parent Relationship": "Outer","Parallel Aware": false,"Async Capable": false,"Index Name": "idx_supplier_nation_key","Startup Cost": 0.00,"Total Cost": 7.29,"Plan Rows": 400,"Plan Width": 0,"Actual Startup Time": 0.123,"Actual Total Time": 0.125,"Actual Rows": 399,"Actual Loops": 5,"Index Cond": "(s_nationkey = nation.n_nationkey)","Workers": []}]}]}]}]},{"Node Type": "Index Scan","Parent Relationship": "Inner","Parallel Aware": false,"Async Capable": false,"Scan Direction": "Forward","Index Name": "idx_lineitem_orderkey","Relation Name": "lineitem","Alias": "l3","Startup Cost": 0.43,"Total Cost": 1.06,"Plan Rows": 6,"Plan Width": 8,"Actual Startup Time": 0.003,"Actual Total Time": 0.003,"Actual Rows": 1,"Actual Loops": 151237,"Index Cond": "(l_orderkey = l1.l_orderkey)","Rows Removed by Index Recheck": 0,"Filter": "((l_receiptdate > l_commitdate) AND (l_suppkey <> l1.l_suppkey))","Rows Removed by Filter": 1,"Workers": []}]}]},{"Node Type": "Index Scan","Parent Relationship": "Inner","Parallel Aware": false,"Async Capable": false,"Scan Direction": "Forward","Index Name": "idx_lineitem_orderkey","Relation Name": "lineitem","Alias": "l2","Startup Cost": 0.43,"Total Cost": 1.02,"Plan Rows": 17,"Plan Width": 8,"Actual Startup Time": 0.008,"Actual Total Time": 0.008,"Actual Rows": 1,"Actual Loops": 13313,"Index Cond": "(l_orderkey = l1.l_orderkey)","Rows Removed by Index Recheck": 0,"Filter": "(l_suppkey <> l1.l_suppkey)","Rows Removed by Filter": 1}]},{"Node Type": "Index Scan","Parent Relationship": "Inner","Parallel Aware": false,"Async Capable": false,"Scan Direction": "Forward","Index Name": "orders_pkey","Relation Name": "orders","Alias": "orders","Startup Cost": 0.43,"Total Cost": 0.51,"Plan Rows": 1,"Plan Width": 4,"Actual Startup Time": 0.008,"Actual Total Time": 0.008,"Actual Rows": 0,"Actual Loops": 7909,"Index Cond": "(o_orderkey = l1.l_orderkey)","Rows Removed by Index Recheck": 0,"Filter": "(o_orderstatus = 'F'::bpchar)","Rows Removed by Filter": 1}]}]}]}]},"Planning Time": 9.630,"Triggers": [],"Execution Time": 520.585}]
[{"Plan": {"Node Type": "Sort","Parallel Aware": false,"Async Capable": false,"Startup Cost": 147378.80,"Total Cost": 147378.81,"Plan Rows": 1,"Plan Width": 34,"Actual Startup Time": 493.231,"Actual Total Time": 511.674,"Actual Rows": 376,"Actual Loops": 1,"Sort Key": ["(count(*)) DESC", "supplier.s_name"],"Sort Method": "quicksort","Sort Space Used": 54,"Sort Space Type": "Memory","Plans": [{"Node Type": "Aggregate","Strategy": "Sorted","Partial Mode": "Simple","Parent Relationship": "Outer","Parallel Aware": false,"Async Capable": false,"Startup Cost": 147378.77,"Total Cost": 147378.79,"Plan Rows": 1,"Plan Width": 34,"Actual Startup Time": 492.079,"Actual Total Time": 510.997,"Actual Rows": 376,"Actual Loops": 1,"Group Key": ["supplier.s_name"],"Plans": [{"Node Type": "Sort","Parent Relationship": "Outer","Parallel Aware": false,"Async Capable": false,"Startup Cost": 147378.77,"Total Cost": 147378.78,"Plan Rows": 1,"Plan Width": 26,"Actual Startup Time": 492.053,"Actual Total Time": 510.609,"Actual Rows": 3697,"Actual Loops": 1,"Sort Key": ["supplier.s_name"],"Sort Method": "quicksort","Sort Space Used": 356,"Sort Space Type": "Memory","Plans": [{"Node Type": "Nested Loop","Parent Relationship": "Outer","Parallel Aware": false,"Async Capable": false,"Join Type": "Inner","Startup Cost": 1250.87,"Total Cost": 147378.76,"Plan Rows": 1,"Plan Width": 26,"Actual Startup Time": 5.656,"Actual Total Time": 499.948,"Actual Rows": 3697,"Actual Loops": 1,"Inner Unique": true,"Plans": [{"Node Type": "Nested Loop","Parent Relationship": "Outer","Parallel Aware": false,"Async Capable": false,"Join Type": "Semi","Startup Cost": 1250.44,"Total Cost": 147378.26,"Plan Rows": 1,"Plan Width": 34,"Actual Startup Time": 5.611,"Actual Total Time": 438.655,"Actual Rows": 7589,"Actual Loops": 1,"Inner Unique": false,"Plans": [{"Node Type": "Gather","Parent Relationship": "Outer","Parallel Aware": false,"Async Capable": false,"Startup Cost": 1250.01,"Total Cost": 147377.22,"Plan Rows": 1,"Plan Width": 34,"Actual Startup Time": 4.591,"Actual Total Time": 336.749,"Actual Rows": 12677,"Actual Loops": 1,"Workers Planned": 4,"Workers Launched": 4,"Single Copy": false,"Plans": [{"Node Type": "Nested Loop","Parent Relationship": "Outer","Parallel Aware": false,"Async Capable": false,"Join Type": "Anti","Startup Cost": 250.01,"Total Cost": 146377.12,"Plan Rows": 1,"Plan Width": 34,"Actual Startup Time": 5.313,"Actual Total Time": 436.446,"Actual Rows": 2535,"Actual Loops": 5,"Inner Unique": false,"Workers": [],"Plans": [{"Node Type": "Hash Join","Parent Relationship": "Outer","Parallel Aware": false,"Async Capable": false,"Join Type": "Inner","Startup Cost": 249.58,"Total Cost": 133581.65,"Plan Rows": 19990,"Plan Width": 34,"Actual Startup Time": 5.158,"Actual Total Time": 352.526,"Actual Rows": 28439,"Actual Loops": 5,"Inner Unique": false,"Hash Cond": "(l1.l_suppkey = supplier.s_suppkey)","Workers": [],"Plans": [{"Node Type": "Seq Scan","Parent Relationship": "Outer","Parallel Aware": true,"Async Capable": false,"Relation Name": "lineitem","Alias": "l1","Startup Cost": 0.00,"Total Cost": 131256.80,"Plan Rows": 500101,"Plan Width": 8,"Actual Startup Time": 0.028,"Actual Total Time": 300.563,"Actual Rows": 758659,"Actual Loops": 5,"Filter": "(l_receiptdate > l_commitdate)","Rows Removed by Filter": 441584,"Workers": []},{"Node Type": "Hash","Parent Relationship": "Inner","Parallel Aware": false,"Async Capable": false,"Startup Cost": 244.58,"Total Cost": 244.58,"Plan Rows": 400,"Plan Width": 30,"Actual Startup Time": 4.780,"Actual Total Time": 4.790,"Actual Rows": 376,"Actual Loops": 5,"Hash Buckets": 1024,"Original Hash Buckets": 1024,"Hash Batches": 1,"Original Hash Batches": 1,"Peak Memory Usage": 32,"Workers": [],"Plans": [{"Node Type": "Nested Loop","Parent Relationship": "Outer","Parallel Aware": false,"Async Capable": false,"Join Type": "Inner","Startup Cost": 7.38,"Total Cost": 244.58,"Plan Rows": 400,"Plan Width": 30,"Actual Startup Time": 0.359,"Actual Total Time": 4.625,"Actual Rows": 376,"Actual Loops": 5,"Inner Unique": false,"Workers": [],"Plans": [{"Node Type": "Seq Scan","Parent Relationship": "Outer","Parallel Aware": false,"Async Capable": false,"Relation Name": "nation","Alias": "nation","Startup Cost": 0.00,"Total Cost": 1.31,"Plan Rows": 1,"Plan Width": 4,"Actual Startup Time": 0.066,"Actual Total Time": 0.070,"Actual Rows": 1,"Actual Loops": 5,"Filter": "(n_name = 'KENYA'::bpchar)","Rows Removed by Filter": 24,"Workers": []},{"Node Type": "Bitmap Heap Scan","Parent Relationship": "Inner","Parallel Aware": false,"Async Capable": false,"Relation Name": "supplier","Alias": "supplier","Startup Cost": 7.38,"Total Cost": 239.27,"Plan Rows": 400,"Plan Width": 34,"Actual Startup Time": 0.287,"Actual Total Time": 4.480,"Actual Rows": 376,"Actual Loops": 5,"Recheck Cond": "(s_nationkey = nation.n_nationkey)","Rows Removed by Index Recheck": 0,"Exact Heap Blocks": 179,"Lossy Heap Blocks": 0,"Workers": [],"Plans": [{"Node Type": "Bitmap Index Scan","Parent Relationship": "Outer","Parallel Aware": false,"Async Capable": false,"Index Name": "idx_supplier_nation_key","Startup Cost": 0.00,"Total Cost": 7.29,"Plan Rows": 400,"Plan Width": 0,"Actual Startup Time": 0.181,"Actual Total Time": 0.182,"Actual Rows": 376,"Actual Loops": 5,"Index Cond": "(s_nationkey = nation.n_nationkey)","Workers": []}]}]}]}]},{"Node Type": "Index Scan","Parent Relationship": "Inner","Parallel Aware": false,"Async Capable": false,"Scan Direction": "Forward","Index Name": "idx_lineitem_orderkey","Relation Name": "lineitem","Alias": "l3","Startup Cost": 0.43,"Total Cost": 1.06,"Plan Rows": 6,"Plan Width": 8,"Actual Startup Time": 0.003,"Actual Total Time": 0.003,"Actual Rows": 1,"Actual Loops": 142196,"Index Cond": "(l_orderkey = l1.l_orderkey)","Rows Removed by Index Recheck": 0,"Filter": "((l_receiptdate > l_commitdate) AND (l_suppkey <> l1.l_suppkey))","Rows Removed by Filter": 1,"Workers": []}]}]},{"Node Type": "Index Scan","Parent Relationship": "Inner","Parallel Aware": false,"Async Capable": false,"Scan Direction": "Forward","Index Name": "idx_lineitem_orderkey","Relation Name": "lineitem","Alias": "l2","Startup Cost": 0.43,"Total Cost": 1.02,"Plan Rows": 17,"Plan Width": 8,"Actual Startup Time": 0.008,"Actual Total Time": 0.008,"Actual Rows": 1,"Actual Loops": 12677,"Index Cond": "(l_orderkey = l1.l_orderkey)","Rows Removed by Index Recheck": 0,"Filter": "(l_suppkey <> l1.l_suppkey)","Rows Removed by Filter": 1}]},{"Node Type": "Index Scan","Parent Relationship": "Inner","Parallel Aware": false,"Async Capable": false,"Scan Direction": "Forward","Index Name": "orders_pkey","Relation Name": "orders","Alias": "orders","Startup Cost": 0.43,"Total Cost": 0.51,"Plan Rows": 1,"Plan Width": 4,"Actual Startup Time": 0.008,"Actual Total Time": 0.008,"Actual Rows": 0,"Actual Loops": 7589,"Index Cond": "(o_orderkey = l1.l_orderkey)","Rows Removed by Index Recheck": 0,"Filter": "(o_orderstatus = 'F'::bpchar)","Rows Removed by Filter": 1}]}]}]}]},"Planning Time": 8.298,"Triggers": [],"Execution Time": 512.274}]
[{"Plan": {"Node Type": "Sort","Parallel Aware": false,"Async Capable": false,"Startup Cost": 147378.80,"Total Cost": 147378.81,"Plan Rows": 1,"Plan Width": 34,"Actual Startup Time": 504.512,"Actual Total Time": 521.552,"Actual Rows": 413,"Actual Loops": 1,"Sort Key": ["(count(*)) DESC", "supplier.s_name"],"Sort Method": "quicksort","Sort Space Used": 57,"Sort Space Type": "Memory","Plans": [{"Node Type": "Aggregate","Strategy": "Sorted","Partial Mode": "Simple","Parent Relationship": "Outer","Parallel Aware": false,"Async Capable": false,"Startup Cost": 147378.77,"Total Cost": 147378.79,"Plan Rows": 1,"Plan Width": 34,"Actual Startup Time": 503.286,"Actual Total Time": 520.862,"Actual Rows": 413,"Actual Loops": 1,"Group Key": ["supplier.s_name"],"Plans": [{"Node Type": "Sort","Parent Relationship": "Outer","Parallel Aware": false,"Async Capable": false,"Startup Cost": 147378.77,"Total Cost": 147378.78,"Plan Rows": 1,"Plan Width": 26,"Actual Startup Time": 503.265,"Actual Total Time": 520.434,"Actual Rows": 4164,"Actual Loops": 1,"Sort Key": ["supplier.s_name"],"Sort Method": "quicksort","Sort Space Used": 485,"Sort Space Type": "Memory","Plans": [{"Node Type": "Nested Loop","Parent Relationship": "Outer","Parallel Aware": false,"Async Capable": false,"Join Type": "Inner","Startup Cost": 1250.87,"Total Cost": 147378.76,"Plan Rows": 1,"Plan Width": 26,"Actual Startup Time": 4.247,"Actual Total Time": 508.248,"Actual Rows": 4164,"Actual Loops": 1,"Inner Unique": true,"Plans": [{"Node Type": "Nested Loop","Parent Relationship": "Outer","Parallel Aware": false,"Async Capable": false,"Join Type": "Semi","Startup Cost": 1250.44,"Total Cost": 147378.26,"Plan Rows": 1,"Plan Width": 34,"Actual Startup Time": 4.214,"Actual Total Time": 442.064,"Actual Rows": 8468,"Actual Loops": 1,"Inner Unique": false,"Plans": [{"Node Type": "Gather","Parent Relationship": "Outer","Parallel Aware": false,"Async Capable": false,"Startup Cost": 1250.01,"Total Cost": 147377.22,"Plan Rows": 1,"Plan Width": 34,"Actual Startup Time": 4.200,"Actual Total Time": 330.934,"Actual Rows": 14141,"Actual Loops": 1,"Workers Planned": 4,"Workers Launched": 4,"Single Copy": false,"Plans": [{"Node Type": "Nested Loop","Parent Relationship": "Outer","Parallel Aware": false,"Async Capable": false,"Join Type": "Anti","Startup Cost": 250.01,"Total Cost": 146377.12,"Plan Rows": 1,"Plan Width": 34,"Actual Startup Time": 5.165,"Actual Total Time": 443.283,"Actual Rows": 2828,"Actual Loops": 5,"Inner Unique": false,"Workers": [],"Plans": [{"Node Type": "Hash Join","Parent Relationship": "Outer","Parallel Aware": false,"Async Capable": false,"Join Type": "Inner","Startup Cost": 249.58,"Total Cost": 133581.65,"Plan Rows": 19990,"Plan Width": 34,"Actual Startup Time": 5.033,"Actual Total Time": 352.494,"Actual Rows": 31380,"Actual Loops": 5,"Inner Unique": false,"Hash Cond": "(l1.l_suppkey = supplier.s_suppkey)","Workers": [],"Plans": [{"Node Type": "Seq Scan","Parent Relationship": "Outer","Parallel Aware": true,"Async Capable": false,"Relation Name": "lineitem","Alias": "l1","Startup Cost": 0.00,"Total Cost": 131256.80,"Plan Rows": 500101,"Plan Width": 8,"Actual Startup Time": 0.028,"Actual Total Time": 299.882,"Actual Rows": 758659,"Actual Loops": 5,"Filter": "(l_receiptdate > l_commitdate)","Rows Removed by Filter": 441584,"Workers": []},{"Node Type": "Hash","Parent Relationship": "Inner","Parallel Aware": false,"Async Capable": false,"Startup Cost": 244.58,"Total Cost": 244.58,"Plan Rows": 400,"Plan Width": 30,"Actual Startup Time": 4.656,"Actual Total Time": 4.665,"Actual Rows": 413,"Actual Loops": 5,"Hash Buckets": 1024,"Original Hash Buckets": 1024,"Hash Batches": 1,"Original Hash Batches": 1,"Peak Memory Usage": 34,"Workers": [],"Plans": [{"Node Type": "Nested Loop","Parent Relationship": "Outer","Parallel Aware": false,"Async Capable": false,"Join Type": "Inner","Startup Cost": 7.38,"Total Cost": 244.58,"Plan Rows": 400,"Plan Width": 30,"Actual Startup Time": 0.318,"Actual Total Time": 4.505,"Actual Rows": 413,"Actual Loops": 5,"Inner Unique": false,"Workers": [],"Plans": [{"Node Type": "Seq Scan","Parent Relationship": "Outer","Parallel Aware": false,"Async Capable": false,"Relation Name": "nation","Alias": "nation","Startup Cost": 0.00,"Total Cost": 1.31,"Plan Rows": 1,"Plan Width": 4,"Actual Startup Time": 0.066,"Actual Total Time": 0.071,"Actual Rows": 1,"Actual Loops": 5,"Filter": "(n_name = 'ARGENTINA'::bpchar)","Rows Removed by Filter": 24,"Workers": []},{"Node Type": "Bitmap Heap Scan","Parent Relationship": "Inner","Parallel Aware": false,"Async Capable": false,"Relation Name": "supplier","Alias": "supplier","Startup Cost": 7.38,"Total Cost": 239.27,"Plan Rows": 400,"Plan Width": 34,"Actual Startup Time": 0.247,"Actual Total Time": 4.358,"Actual Rows": 413,"Actual Loops": 5,"Recheck Cond": "(s_nationkey = nation.n_nationkey)","Rows Removed by Index Recheck": 0,"Exact Heap Blocks": 190,"Lossy Heap Blocks": 0,"Workers": [],"Plans": [{"Node Type": "Bitmap Index Scan","Parent Relationship": "Outer","Parallel Aware": false,"Async Capable": false,"Index Name": "idx_supplier_nation_key","Startup Cost": 0.00,"Total Cost": 7.29,"Plan Rows": 400,"Plan Width": 0,"Actual Startup Time": 0.157,"Actual Total Time": 0.158,"Actual Rows": 413,"Actual Loops": 5,"Index Cond": "(s_nationkey = nation.n_nationkey)","Workers": []}]}]}]}]},{"Node Type": "Index Scan","Parent Relationship": "Inner","Parallel Aware": false,"Async Capable": false,"Scan Direction": "Forward","Index Name": "idx_lineitem_orderkey","Relation Name": "lineitem","Alias": "l3","Startup Cost": 0.43,"Total Cost": 1.06,"Plan Rows": 6,"Plan Width": 8,"Actual Startup Time": 0.003,"Actual Total Time": 0.003,"Actual Rows": 1,"Actual Loops": 156898,"Index Cond": "(l_orderkey = l1.l_orderkey)","Rows Removed by Index Recheck": 0,"Filter": "((l_receiptdate > l_commitdate) AND (l_suppkey <> l1.l_suppkey))","Rows Removed by Filter": 1,"Workers": []}]}]},{"Node Type": "Index Scan","Parent Relationship": "Inner","Parallel Aware": false,"Async Capable": false,"Scan Direction": "Forward","Index Name": "idx_lineitem_orderkey","Relation Name": "lineitem","Alias": "l2","Startup Cost": 0.43,"Total Cost": 1.02,"Plan Rows": 17,"Plan Width": 8,"Actual Startup Time": 0.007,"Actual Total Time": 0.007,"Actual Rows": 1,"Actual Loops": 14141,"Index Cond": "(l_orderkey = l1.l_orderkey)","Rows Removed by Index Recheck": 0,"Filter": "(l_suppkey <> l1.l_suppkey)","Rows Removed by Filter": 1}]},{"Node Type": "Index Scan","Parent Relationship": "Inner","Parallel Aware": false,"Async Capable": false,"Scan Direction": "Forward","Index Name": "orders_pkey","Relation Name": "orders","Alias": "orders","Startup Cost": 0.43,"Total Cost": 0.51,"Plan Rows": 1,"Plan Width": 4,"Actual Startup Time": 0.008,"Actual Total Time": 0.008,"Actual Rows": 0,"Actual Loops": 8468,"Index Cond": "(o_orderkey = l1.l_orderkey)","Rows Removed by Index Recheck": 0,"Filter": "(o_orderstatus = 'F'::bpchar)","Rows Removed by Filter": 1}]}]}]}]},"Planning Time": 8.601,"Triggers": [],"Execution Time": 522.197}]
[{"Plan": {"Node Type": "Sort","Parallel Aware": false,"Async Capable": false,"Startup Cost": 147378.80,"Total Cost": 147378.81,"Plan Rows": 1,"Plan Width": 34,"Actual Startup Time": 509.264,"Actual Total Time": 527.696,"Actual Rows": 421,"Actual Loops": 1,"Sort Key": ["(count(*)) DESC", "supplier.s_name"],"Sort Method": "quicksort","Sort Space Used": 57,"Sort Space Type": "Memory","Plans": [{"Node Type": "Aggregate","Strategy": "Sorted","Partial Mode": "Simple","Parent Relationship": "Outer","Parallel Aware": false,"Async Capable": false,"Startup Cost": 147378.77,"Total Cost": 147378.79,"Plan Rows": 1,"Plan Width": 34,"Actual Startup Time": 507.941,"Actual Total Time": 526.990,"Actual Rows": 421,"Actual Loops": 1,"Group Key": ["supplier.s_name"],"Plans": [{"Node Type": "Sort","Parent Relationship": "Outer","Parallel Aware": false,"Async Capable": false,"Startup Cost": 147378.77,"Total Cost": 147378.78,"Plan Rows": 1,"Plan Width": 26,"Actual Startup Time": 507.919,"Actual Total Time": 526.540,"Actual Rows": 4227,"Actual Loops": 1,"Sort Key": ["supplier.s_name"],"Sort Method": "quicksort","Sort Space Used": 490,"Sort Space Type": "Memory","Plans": [{"Node Type": "Nested Loop","Parent Relationship": "Outer","Parallel Aware": false,"Async Capable": false,"Join Type": "Inner","Startup Cost": 1250.87,"Total Cost": 147378.76,"Plan Rows": 1,"Plan Width": 26,"Actual Startup Time": 5.396,"Actual Total Time": 515.076,"Actual Rows": 4227,"Actual Loops": 1,"Inner Unique": true,"Plans": [{"Node Type": "Nested Loop","Parent Relationship": "Outer","Parallel Aware": false,"Async Capable": false,"Join Type": "Semi","Startup Cost": 1250.44,"Total Cost": 147378.26,"Plan Rows": 1,"Plan Width": 34,"Actual Startup Time": 5.356,"Actual Total Time": 448.186,"Actual Rows": 8678,"Actual Loops": 1,"Inner Unique": false,"Plans": [{"Node Type": "Gather","Parent Relationship": "Outer","Parallel Aware": false,"Async Capable": false,"Startup Cost": 1250.01,"Total Cost": 147377.22,"Plan Rows": 1,"Plan Width": 34,"Actual Startup Time": 5.315,"Actual Total Time": 333.619,"Actual Rows": 14289,"Actual Loops": 1,"Workers Planned": 4,"Workers Launched": 4,"Single Copy": false,"Plans": [{"Node Type": "Nested Loop","Parent Relationship": "Outer","Parallel Aware": false,"Async Capable": false,"Join Type": "Anti","Startup Cost": 250.01,"Total Cost": 146377.12,"Plan Rows": 1,"Plan Width": 34,"Actual Startup Time": 5.155,"Actual Total Time": 447.803,"Actual Rows": 2858,"Actual Loops": 5,"Inner Unique": false,"Workers": [],"Plans": [{"Node Type": "Hash Join","Parent Relationship": "Outer","Parallel Aware": false,"Async Capable": false,"Join Type": "Inner","Startup Cost": 249.58,"Total Cost": 133581.65,"Plan Rows": 19990,"Plan Width": 34,"Actual Startup Time": 4.679,"Actual Total Time": 355.100,"Actual Rows": 31833,"Actual Loops": 5,"Inner Unique": false,"Hash Cond": "(l1.l_suppkey = supplier.s_suppkey)","Workers": [],"Plans": [{"Node Type": "Seq Scan","Parent Relationship": "Outer","Parallel Aware": true,"Async Capable": false,"Relation Name": "lineitem","Alias": "l1","Startup Cost": 0.00,"Total Cost": 131256.80,"Plan Rows": 500101,"Plan Width": 8,"Actual Startup Time": 0.028,"Actual Total Time": 302.880,"Actual Rows": 758659,"Actual Loops": 5,"Filter": "(l_receiptdate > l_commitdate)","Rows Removed by Filter": 441584,"Workers": []},{"Node Type": "Hash","Parent Relationship": "Inner","Parallel Aware": false,"Async Capable": false,"Startup Cost": 244.58,"Total Cost": 244.58,"Plan Rows": 400,"Plan Width": 30,"Actual Startup Time": 4.328,"Actual Total Time": 4.340,"Actual Rows": 421,"Actual Loops": 5,"Hash Buckets": 1024,"Original Hash Buckets": 1024,"Hash Batches": 1,"Original Hash Batches": 1,"Peak Memory Usage": 35,"Workers": [],"Plans": [{"Node Type": "Nested Loop","Parent Relationship": "Outer","Parallel Aware": false,"Async Capable": false,"Join Type": "Inner","Startup Cost": 7.38,"Total Cost": 244.58,"Plan Rows": 400,"Plan Width": 30,"Actual Startup Time": 0.319,"Actual Total Time": 4.167,"Actual Rows": 421,"Actual Loops": 5,"Inner Unique": false,"Workers": [],"Plans": [{"Node Type": "Seq Scan","Parent Relationship": "Outer","Parallel Aware": false,"Async Capable": false,"Relation Name": "nation","Alias": "nation","Startup Cost": 0.00,"Total Cost": 1.31,"Plan Rows": 1,"Plan Width": 4,"Actual Startup Time": 0.061,"Actual Total Time": 0.065,"Actual Rows": 1,"Actual Loops": 5,"Filter": "(n_name = 'PERU'::bpchar)","Rows Removed by Filter": 24,"Workers": []},{"Node Type": "Bitmap Heap Scan","Parent Relationship": "Inner","Parallel Aware": false,"Async Capable": false,"Relation Name": "supplier","Alias": "supplier","Startup Cost": 7.38,"Total Cost": 239.27,"Plan Rows": 400,"Plan Width": 34,"Actual Startup Time": 0.253,"Actual Total Time": 4.010,"Actual Rows": 421,"Actual Loops": 5,"Recheck Cond": "(s_nationkey = nation.n_nationkey)","Rows Removed by Index Recheck": 0,"Exact Heap Blocks": 187,"Lossy Heap Blocks": 0,"Workers": [],"Plans": [{"Node Type": "Bitmap Index Scan","Parent Relationship": "Outer","Parallel Aware": false,"Async Capable": false,"Index Name": "idx_supplier_nation_key","Startup Cost": 0.00,"Total Cost": 7.29,"Plan Rows": 400,"Plan Width": 0,"Actual Startup Time": 0.167,"Actual Total Time": 0.169,"Actual Rows": 421,"Actual Loops": 5,"Index Cond": "(s_nationkey = nation.n_nationkey)","Workers": []}]}]}]}]},{"Node Type": "Index Scan","Parent Relationship": "Inner","Parallel Aware": false,"Async Capable": false,"Scan Direction": "Forward","Index Name": "idx_lineitem_orderkey","Relation Name": "lineitem","Alias": "l3","Startup Cost": 0.43,"Total Cost": 1.06,"Plan Rows": 6,"Plan Width": 8,"Actual Startup Time": 0.003,"Actual Total Time": 0.003,"Actual Rows": 1,"Actual Loops": 159165,"Index Cond": "(l_orderkey = l1.l_orderkey)","Rows Removed by Index Recheck": 0,"Filter": "((l_receiptdate > l_commitdate) AND (l_suppkey <> l1.l_suppkey))","Rows Removed by Filter": 1,"Workers": []}]}]},{"Node Type": "Index Scan","Parent Relationship": "Inner","Parallel Aware": false,"Async Capable": false,"Scan Direction": "Forward","Index Name": "idx_lineitem_orderkey","Relation Name": "lineitem","Alias": "l2","Startup Cost": 0.43,"Total Cost": 1.02,"Plan Rows": 17,"Plan Width": 8,"Actual Startup Time": 0.008,"Actual Total Time": 0.008,"Actual Rows": 1,"Actual Loops": 14289,"Index Cond": "(l_orderkey = l1.l_orderkey)","Rows Removed by Index Recheck": 0,"Filter": "(l_suppkey <> l1.l_suppkey)","Rows Removed by Filter": 1}]},{"Node Type": "Index Scan","Parent Relationship": "Inner","Parallel Aware": false,"Async Capable": false,"Scan Direction": "Forward","Index Name": "orders_pkey","Relation Name": "orders","Alias": "orders","Startup Cost": 0.43,"Total Cost": 0.51,"Plan Rows": 1,"Plan Width": 4,"Actual Startup Time": 0.007,"Actual Total Time": 0.007,"Actual Rows": 0,"Actual Loops": 8678,"Index Cond": "(o_orderkey = l1.l_orderkey)","Rows Removed by Index Recheck": 0,"Filter": "(o_orderstatus = 'F'::bpchar)","Rows Removed by Filter": 1}]}]}]}]},"Planning Time": 8.374,"Triggers": [],"Execution Time": 528.458}]
[{"Plan": {"Node Type": "Sort","Parallel Aware": false,"Async Capable": false,"Startup Cost": 147378.80,"Total Cost": 147378.81,"Plan Rows": 1,"Plan Width": 34,"Actual Startup Time": 496.555,"Actual Total Time": 517.754,"Actual Rows": 397,"Actual Loops": 1,"Sort Key": ["(count(*)) DESC", "supplier.s_name"],"Sort Method": "quicksort","Sort Space Used": 56,"Sort Space Type": "Memory","Plans": [{"Node Type": "Aggregate","Strategy": "Sorted","Partial Mode": "Simple","Parent Relationship": "Outer","Parallel Aware": false,"Async Capable": false,"Startup Cost": 147378.77,"Total Cost": 147378.79,"Plan Rows": 1,"Plan Width": 34,"Actual Startup Time": 495.361,"Actual Total Time": 517.058,"Actual Rows": 397,"Actual Loops": 1,"Group Key": ["supplier.s_name"],"Plans": [{"Node Type": "Sort","Parent Relationship": "Outer","Parallel Aware": false,"Async Capable": false,"Startup Cost": 147378.77,"Total Cost": 147378.78,"Plan Rows": 1,"Plan Width": 26,"Actual Startup Time": 495.332,"Actual Total Time": 516.651,"Actual Rows": 3913,"Actual Loops": 1,"Sort Key": ["supplier.s_name"],"Sort Method": "quicksort","Sort Space Used": 372,"Sort Space Type": "Memory","Plans": [{"Node Type": "Nested Loop","Parent Relationship": "Outer","Parallel Aware": false,"Async Capable": false,"Join Type": "Inner","Startup Cost": 1250.87,"Total Cost": 147378.76,"Plan Rows": 1,"Plan Width": 26,"Actual Startup Time": 5.355,"Actual Total Time": 505.328,"Actual Rows": 3913,"Actual Loops": 1,"Inner Unique": true,"Plans": [{"Node Type": "Nested Loop","Parent Relationship": "Outer","Parallel Aware": false,"Async Capable": false,"Join Type": "Semi","Startup Cost": 1250.44,"Total Cost": 147378.26,"Plan Rows": 1,"Plan Width": 34,"Actual Startup Time": 4.468,"Actual Total Time": 441.221,"Actual Rows": 7976,"Actual Loops": 1,"Inner Unique": false,"Plans": [{"Node Type": "Gather","Parent Relationship": "Outer","Parallel Aware": false,"Async Capable": false,"Startup Cost": 1250.01,"Total Cost": 147377.22,"Plan Rows": 1,"Plan Width": 34,"Actual Startup Time": 4.454,"Actual Total Time": 332.117,"Actual Rows": 13419,"Actual Loops": 1,"Workers Planned": 4,"Workers Launched": 4,"Single Copy": false,"Plans": [{"Node Type": "Nested Loop","Parent Relationship": "Outer","Parallel Aware": false,"Async Capable": false,"Join Type": "Anti","Startup Cost": 250.01,"Total Cost": 146377.12,"Plan Rows": 1,"Plan Width": 34,"Actual Startup Time": 5.707,"Actual Total Time": 439.562,"Actual Rows": 2684,"Actual Loops": 5,"Inner Unique": false,"Workers": [],"Plans": [{"Node Type": "Hash Join","Parent Relationship": "Outer","Parallel Aware": false,"Async Capable": false,"Join Type": "Inner","Startup Cost": 249.58,"Total Cost": 133581.65,"Plan Rows": 19990,"Plan Width": 34,"Actual Startup Time": 5.222,"Actual Total Time": 351.394,"Actual Rows": 30171,"Actual Loops": 5,"Inner Unique": false,"Hash Cond": "(l1.l_suppkey = supplier.s_suppkey)","Workers": [],"Plans": [{"Node Type": "Seq Scan","Parent Relationship": "Outer","Parallel Aware": true,"Async Capable": false,"Relation Name": "lineitem","Alias": "l1","Startup Cost": 0.00,"Total Cost": 131256.80,"Plan Rows": 500101,"Plan Width": 8,"Actual Startup Time": 0.029,"Actual Total Time": 300.354,"Actual Rows": 758659,"Actual Loops": 5,"Filter": "(l_receiptdate > l_commitdate)","Rows Removed by Filter": 441584,"Workers": []},{"Node Type": "Hash","Parent Relationship": "Inner","Parallel Aware": false,"Async Capable": false,"Startup Cost": 244.58,"Total Cost": 244.58,"Plan Rows": 400,"Plan Width": 30,"Actual Startup Time": 4.859,"Actual Total Time": 4.869,"Actual Rows": 397,"Actual Loops": 5,"Hash Buckets": 1024,"Original Hash Buckets": 1024,"Hash Batches": 1,"Original Hash Batches": 1,"Peak Memory Usage": 33,"Workers": [],"Plans": [{"Node Type": "Nested Loop","Parent Relationship": "Outer","Parallel Aware": false,"Async Capable": false,"Join Type": "Inner","Startup Cost": 7.38,"Total Cost": 244.58,"Plan Rows": 400,"Plan Width": 30,"Actual Startup Time": 0.335,"Actual Total Time": 4.677,"Actual Rows": 397,"Actual Loops": 5,"Inner Unique": false,"Workers": [],"Plans": [{"Node Type": "Seq Scan","Parent Relationship": "Outer","Parallel Aware": false,"Async Capable": false,"Relation Name": "nation","Alias": "nation","Startup Cost": 0.00,"Total Cost": 1.31,"Plan Rows": 1,"Plan Width": 4,"Actual Startup Time": 0.076,"Actual Total Time": 0.084,"Actual Rows": 1,"Actual Loops": 5,"Filter": "(n_name = 'BRAZIL'::bpchar)","Rows Removed by Filter": 24,"Workers": []},{"Node Type": "Bitmap Heap Scan","Parent Relationship": "Inner","Parallel Aware": false,"Async Capable": false,"Relation Name": "supplier","Alias": "supplier","Startup Cost": 7.38,"Total Cost": 239.27,"Plan Rows": 400,"Plan Width": 34,"Actual Startup Time": 0.255,"Actual Total Time": 4.499,"Actual Rows": 397,"Actual Loops": 5,"Recheck Cond": "(s_nationkey = nation.n_nationkey)","Rows Removed by Index Recheck": 0,"Exact Heap Blocks": 187,"Lossy Heap Blocks": 0,"Workers": [],"Plans": [{"Node Type": "Bitmap Index Scan","Parent Relationship": "Outer","Parallel Aware": false,"Async Capable": false,"Index Name": "idx_supplier_nation_key","Startup Cost": 0.00,"Total Cost": 7.29,"Plan Rows": 400,"Plan Width": 0,"Actual Startup Time": 0.169,"Actual Total Time": 0.170,"Actual Rows": 397,"Actual Loops": 5,"Index Cond": "(s_nationkey = nation.n_nationkey)","Workers": []}]}]}]}]},{"Node Type": "Index Scan","Parent Relationship": "Inner","Parallel Aware": false,"Async Capable": false,"Scan Direction": "Forward","Index Name": "idx_lineitem_orderkey","Relation Name": "lineitem","Alias": "l3","Startup Cost": 0.43,"Total Cost": 1.06,"Plan Rows": 6,"Plan Width": 8,"Actual Startup Time": 0.003,"Actual Total Time": 0.003,"Actual Rows": 1,"Actual Loops": 150857,"Index Cond": "(l_orderkey = l1.l_orderkey)","Rows Removed by Index Recheck": 0,"Filter": "((l_receiptdate > l_commitdate) AND (l_suppkey <> l1.l_suppkey))","Rows Removed by Filter": 1,"Workers": []}]}]},{"Node Type": "Index Scan","Parent Relationship": "Inner","Parallel Aware": false,"Async Capable": false,"Scan Direction": "Forward","Index Name": "idx_lineitem_orderkey","Relation Name": "lineitem","Alias": "l2","Startup Cost": 0.43,"Total Cost": 1.02,"Plan Rows": 17,"Plan Width": 8,"Actual Startup Time": 0.008,"Actual Total Time": 0.008,"Actual Rows": 1,"Actual Loops": 13419,"Index Cond": "(l_orderkey = l1.l_orderkey)","Rows Removed by Index Recheck": 0,"Filter": "(l_suppkey <> l1.l_suppkey)","Rows Removed by Filter": 1}]},{"Node Type": "Index Scan","Parent Relationship": "Inner","Parallel Aware": false,"Async Capable": false,"Scan Direction": "Forward","Index Name": "orders_pkey","Relation Name": "orders","Alias": "orders","Startup Cost": 0.43,"Total Cost": 0.51,"Plan Rows": 1,"Plan Width": 4,"Actual Startup Time": 0.008,"Actual Total Time": 0.008,"Actual Rows": 0,"Actual Loops": 7976,"Index Cond": "(o_orderkey = l1.l_orderkey)","Rows Removed by Index Recheck": 0,"Filter": "(o_orderstatus = 'F'::bpchar)","Rows Removed by Filter": 1}]}]}]}]},"Planning Time": 8.213,"Triggers": [],"Execution Time": 518.316}]
[{"Plan": {"Node Type": "Sort","Parallel Aware": false,"Async Capable": false,"Startup Cost": 147378.80,"Total Cost": 147378.81,"Plan Rows": 1,"Plan Width": 34,"Actual Startup Time": 495.675,"Actual Total Time": 514.954,"Actual Rows": 398,"Actual Loops": 1,"Sort Key": ["(count(*)) DESC", "supplier.s_name"],"Sort Method": "quicksort","Sort Space Used": 56,"Sort Space Type": "Memory","Plans": [{"Node Type": "Aggregate","Strategy": "Sorted","Partial Mode": "Simple","Parent Relationship": "Outer","Parallel Aware": false,"Async Capable": false,"Startup Cost": 147378.77,"Total Cost": 147378.79,"Plan Rows": 1,"Plan Width": 34,"Actual Startup Time": 494.471,"Actual Total Time": 514.270,"Actual Rows": 398,"Actual Loops": 1,"Group Key": ["supplier.s_name"],"Plans": [{"Node Type": "Sort","Parent Relationship": "Outer","Parallel Aware": false,"Async Capable": false,"Startup Cost": 147378.77,"Total Cost": 147378.78,"Plan Rows": 1,"Plan Width": 26,"Actual Startup Time": 494.457,"Actual Total Time": 513.859,"Actual Rows": 4033,"Actual Loops": 1,"Sort Key": ["supplier.s_name"],"Sort Method": "quicksort","Sort Space Used": 380,"Sort Space Type": "Memory","Plans": [{"Node Type": "Nested Loop","Parent Relationship": "Outer","Parallel Aware": false,"Async Capable": false,"Join Type": "Inner","Startup Cost": 1250.87,"Total Cost": 147378.76,"Plan Rows": 1,"Plan Width": 26,"Actual Startup Time": 5.438,"Actual Total Time": 502.238,"Actual Rows": 4033,"Actual Loops": 1,"Inner Unique": true,"Plans": [{"Node Type": "Nested Loop","Parent Relationship": "Outer","Parallel Aware": false,"Async Capable": false,"Join Type": "Semi","Startup Cost": 1250.44,"Total Cost": 147378.26,"Plan Rows": 1,"Plan Width": 34,"Actual Startup Time": 5.342,"Actual Total Time": 438.031,"Actual Rows": 8241,"Actual Loops": 1,"Inner Unique": false,"Plans": [{"Node Type": "Gather","Parent Relationship": "Outer","Parallel Aware": false,"Async Capable": false,"Startup Cost": 1250.01,"Total Cost": 147377.22,"Plan Rows": 1,"Plan Width": 34,"Actual Startup Time": 5.330,"Actual Total Time": 330.100,"Actual Rows": 13657,"Actual Loops": 1,"Workers Planned": 4,"Workers Launched": 4,"Single Copy": false,"Plans": [{"Node Type": "Nested Loop","Parent Relationship": "Outer","Parallel Aware": false,"Async Capable": false,"Join Type": "Anti","Startup Cost": 250.01,"Total Cost": 146377.12,"Plan Rows": 1,"Plan Width": 34,"Actual Startup Time": 5.586,"Actual Total Time": 437.639,"Actual Rows": 2731,"Actual Loops": 5,"Inner Unique": false,"Workers": [],"Plans": [{"Node Type": "Hash Join","Parent Relationship": "Outer","Parallel Aware": false,"Async Capable": false,"Join Type": "Inner","Startup Cost": 249.58,"Total Cost": 133581.65,"Plan Rows": 19990,"Plan Width": 34,"Actual Startup Time": 4.860,"Actual Total Time": 349.886,"Actual Rows": 30149,"Actual Loops": 5,"Inner Unique": false,"Hash Cond": "(l1.l_suppkey = supplier.s_suppkey)","Workers": [],"Plans": [{"Node Type": "Seq Scan","Parent Relationship": "Outer","Parallel Aware": true,"Async Capable": false,"Relation Name": "lineitem","Alias": "l1","Startup Cost": 0.00,"Total Cost": 131256.80,"Plan Rows": 500101,"Plan Width": 8,"Actual Startup Time": 0.029,"Actual Total Time": 298.079,"Actual Rows": 758659,"Actual Loops": 5,"Filter": "(l_receiptdate > l_commitdate)","Rows Removed by Filter": 441584,"Workers": []},{"Node Type": "Hash","Parent Relationship": "Inner","Parallel Aware": false,"Async Capable": false,"Startup Cost": 244.58,"Total Cost": 244.58,"Plan Rows": 400,"Plan Width": 30,"Actual Startup Time": 4.540,"Actual Total Time": 4.550,"Actual Rows": 398,"Actual Loops": 5,"Hash Buckets": 1024,"Original Hash Buckets": 1024,"Hash Batches": 1,"Original Hash Batches": 1,"Peak Memory Usage": 33,"Workers": [],"Plans": [{"Node Type": "Nested Loop","Parent Relationship": "Outer","Parallel Aware": false,"Async Capable": false,"Join Type": "Inner","Startup Cost": 7.38,"Total Cost": 244.58,"Plan Rows": 400,"Plan Width": 30,"Actual Startup Time": 0.267,"Actual Total Time": 4.371,"Actual Rows": 398,"Actual Loops": 5,"Inner Unique": false,"Workers": [],"Plans": [{"Node Type": "Seq Scan","Parent Relationship": "Outer","Parallel Aware": false,"Async Capable": false,"Relation Name": "nation","Alias": "nation","Startup Cost": 0.00,"Total Cost": 1.31,"Plan Rows": 1,"Plan Width": 4,"Actual Startup Time": 0.059,"Actual Total Time": 0.062,"Actual Rows": 1,"Actual Loops": 5,"Filter": "(n_name = 'ROMANIA'::bpchar)","Rows Removed by Filter": 24,"Workers": []},{"Node Type": "Bitmap Heap Scan","Parent Relationship": "Inner","Parallel Aware": false,"Async Capable": false,"Relation Name": "supplier","Alias": "supplier","Startup Cost": 7.38,"Total Cost": 239.27,"Plan Rows": 400,"Plan Width": 34,"Actual Startup Time": 0.204,"Actual Total Time": 4.227,"Actual Rows": 398,"Actual Loops": 5,"Recheck Cond": "(s_nationkey = nation.n_nationkey)","Rows Removed by Index Recheck": 0,"Exact Heap Blocks": 186,"Lossy Heap Blocks": 0,"Workers": [],"Plans": [{"Node Type": "Bitmap Index Scan","Parent Relationship": "Outer","Parallel Aware": false,"Async Capable": false,"Index Name": "idx_supplier_nation_key","Startup Cost": 0.00,"Total Cost": 7.29,"Plan Rows": 400,"Plan Width": 0,"Actual Startup Time": 0.126,"Actual Total Time": 0.128,"Actual Rows": 398,"Actual Loops": 5,"Index Cond": "(s_nationkey = nation.n_nationkey)","Workers": []}]}]}]}]},{"Node Type": "Index Scan","Parent Relationship": "Inner","Parallel Aware": false,"Async Capable": false,"Scan Direction": "Forward","Index Name": "idx_lineitem_orderkey","Relation Name": "lineitem","Alias": "l3","Startup Cost": 0.43,"Total Cost": 1.06,"Plan Rows": 6,"Plan Width": 8,"Actual Startup Time": 0.003,"Actual Total Time": 0.003,"Actual Rows": 1,"Actual Loops": 150746,"Index Cond": "(l_orderkey = l1.l_orderkey)","Rows Removed by Index Recheck": 0,"Filter": "((l_receiptdate > l_commitdate) AND (l_suppkey <> l1.l_suppkey))","Rows Removed by Filter": 1,"Workers": []}]}]},{"Node Type": "Index Scan","Parent Relationship": "Inner","Parallel Aware": false,"Async Capable": false,"Scan Direction": "Forward","Index Name": "idx_lineitem_orderkey","Relation Name": "lineitem","Alias": "l2","Startup Cost": 0.43,"Total Cost": 1.02,"Plan Rows": 17,"Plan Width": 8,"Actual Startup Time": 0.007,"Actual Total Time": 0.007,"Actual Rows": 1,"Actual Loops": 13657,"Index Cond": "(l_orderkey = l1.l_orderkey)","Rows Removed by Index Recheck": 0,"Filter": "(l_suppkey <> l1.l_suppkey)","Rows Removed by Filter": 1}]},{"Node Type": "Index Scan","Parent Relationship": "Inner","Parallel Aware": false,"Async Capable": false,"Scan Direction": "Forward","Index Name": "orders_pkey","Relation Name": "orders","Alias": "orders","Startup Cost": 0.43,"Total Cost": 0.51,"Plan Rows": 1,"Plan Width": 4,"Actual Startup Time": 0.008,"Actual Total Time": 0.008,"Actual Rows": 0,"Actual Loops": 8241,"Index Cond": "(o_orderkey = l1.l_orderkey)","Rows Removed by Index Recheck": 0,"Filter": "(o_orderstatus = 'F'::bpchar)","Rows Removed by Filter": 1}]}]}]}]},"Planning Time": 9.721,"Triggers": [],"Execution Time": 515.552}]
[{"Plan": {"Node Type": "Sort","Parallel Aware": false,"Async Capable": false,"Startup Cost": 147378.80,"Total Cost": 147378.81,"Plan Rows": 1,"Plan Width": 34,"Actual Startup Time": 506.689,"Actual Total Time": 525.046,"Actual Rows": 415,"Actual Loops": 1,"Sort Key": ["(count(*)) DESC", "supplier.s_name"],"Sort Method": "quicksort","Sort Space Used": 57,"Sort Space Type": "Memory","Plans": [{"Node Type": "Aggregate","Strategy": "Sorted","Partial Mode": "Simple","Parent Relationship": "Outer","Parallel Aware": false,"Async Capable": false,"Startup Cost": 147378.77,"Total Cost": 147378.79,"Plan Rows": 1,"Plan Width": 34,"Actual Startup Time": 505.377,"Actual Total Time": 524.254,"Actual Rows": 415,"Actual Loops": 1,"Group Key": ["supplier.s_name"],"Plans": [{"Node Type": "Sort","Parent Relationship": "Outer","Parallel Aware": false,"Async Capable": false,"Startup Cost": 147378.77,"Total Cost": 147378.78,"Plan Rows": 1,"Plan Width": 26,"Actual Startup Time": 505.350,"Actual Total Time": 523.830,"Actual Rows": 4021,"Actual Loops": 1,"Sort Key": ["supplier.s_name"],"Sort Method": "quicksort","Sort Space Used": 379,"Sort Space Type": "Memory","Plans": [{"Node Type": "Nested Loop","Parent Relationship": "Outer","Parallel Aware": false,"Async Capable": false,"Join Type": "Inner","Startup Cost": 1250.87,"Total Cost": 147378.76,"Plan Rows": 1,"Plan Width": 26,"Actual Startup Time": 4.344,"Actual Total Time": 512.010,"Actual Rows": 4021,"Actual Loops": 1,"Inner Unique": true,"Plans": [{"Node Type": "Nested Loop","Parent Relationship": "Outer","Parallel Aware": false,"Async Capable": false,"Join Type": "Semi","Startup Cost": 1250.44,"Total Cost": 147378.26,"Plan Rows": 1,"Plan Width": 34,"Actual Startup Time": 4.308,"Actual Total Time": 447.240,"Actual Rows": 8423,"Actual Loops": 1,"Inner Unique": false,"Plans": [{"Node Type": "Gather","Parent Relationship": "Outer","Parallel Aware": false,"Async Capable": false,"Startup Cost": 1250.01,"Total Cost": 147377.22,"Plan Rows": 1,"Plan Width": 34,"Actual Startup Time": 4.250,"Actual Total Time": 340.738,"Actual Rows": 13873,"Actual Loops": 1,"Workers Planned": 4,"Workers Launched": 4,"Single Copy": false,"Plans": [{"Node Type": "Nested Loop","Parent Relationship": "Outer","Parallel Aware": false,"Async Capable": false,"Join Type": "Anti","Startup Cost": 250.01,"Total Cost": 146377.12,"Plan Rows": 1,"Plan Width": 34,"Actual Startup Time": 6.059,"Actual Total Time": 447.143,"Actual Rows": 2775,"Actual Loops": 5,"Inner Unique": false,"Workers": [],"Plans": [{"Node Type": "Hash Join","Parent Relationship": "Outer","Parallel Aware": false,"Async Capable": false,"Join Type": "Inner","Startup Cost": 249.58,"Total Cost": 133581.65,"Plan Rows": 19990,"Plan Width": 34,"Actual Startup Time": 5.350,"Actual Total Time": 355.670,"Actual Rows": 31496,"Actual Loops": 5,"Inner Unique": false,"Hash Cond": "(l1.l_suppkey = supplier.s_suppkey)","Workers": [],"Plans": [{"Node Type": "Seq Scan","Parent Relationship": "Outer","Parallel Aware": true,"Async Capable": false,"Relation Name": "lineitem","Alias": "l1","Startup Cost": 0.00,"Total Cost": 131256.80,"Plan Rows": 500101,"Plan Width": 8,"Actual Startup Time": 0.034,"Actual Total Time": 302.387,"Actual Rows": 758659,"Actual Loops": 5,"Filter": "(l_receiptdate > l_commitdate)","Rows Removed by Filter": 441584,"Workers": []},{"Node Type": "Hash","Parent Relationship": "Inner","Parallel Aware": false,"Async Capable": false,"Startup Cost": 244.58,"Total Cost": 244.58,"Plan Rows": 400,"Plan Width": 30,"Actual Startup Time": 5.023,"Actual Total Time": 5.034,"Actual Rows": 415,"Actual Loops": 5,"Hash Buckets": 1024,"Original Hash Buckets": 1024,"Hash Batches": 1,"Original Hash Batches": 1,"Peak Memory Usage": 34,"Workers": [],"Plans": [{"Node Type": "Nested Loop","Parent Relationship": "Outer","Parallel Aware": false,"Async Capable": false,"Join Type": "Inner","Startup Cost": 7.38,"Total Cost": 244.58,"Plan Rows": 400,"Plan Width": 30,"Actual Startup Time": 0.341,"Actual Total Time": 4.843,"Actual Rows": 415,"Actual Loops": 5,"Inner Unique": false,"Workers": [],"Plans": [{"Node Type": "Seq Scan","Parent Relationship": "Outer","Parallel Aware": false,"Async Capable": false,"Relation Name": "nation","Alias": "nation","Startup Cost": 0.00,"Total Cost": 1.31,"Plan Rows": 1,"Plan Width": 4,"Actual Startup Time": 0.054,"Actual Total Time": 0.060,"Actual Rows": 1,"Actual Loops": 5,"Filter": "(n_name = 'INDIA'::bpchar)","Rows Removed by Filter": 24,"Workers": []},{"Node Type": "Bitmap Heap Scan","Parent Relationship": "Inner","Parallel Aware": false,"Async Capable": false,"Relation Name": "supplier","Alias": "supplier","Startup Cost": 7.38,"Total Cost": 239.27,"Plan Rows": 400,"Plan Width": 34,"Actual Startup Time": 0.281,"Actual Total Time": 4.691,"Actual Rows": 415,"Actual Loops": 5,"Recheck Cond": "(s_nationkey = nation.n_nationkey)","Rows Removed by Index Recheck": 0,"Exact Heap Blocks": 186,"Lossy Heap Blocks": 0,"Workers": [],"Plans": [{"Node Type": "Bitmap Index Scan","Parent Relationship": "Outer","Parallel Aware": false,"Async Capable": false,"Index Name": "idx_supplier_nation_key","Startup Cost": 0.00,"Total Cost": 7.29,"Plan Rows": 400,"Plan Width": 0,"Actual Startup Time": 0.207,"Actual Total Time": 0.208,"Actual Rows": 415,"Actual Loops": 5,"Index Cond": "(s_nationkey = nation.n_nationkey)","Workers": []}]}]}]}]},{"Node Type": "Index Scan","Parent Relationship": "Inner","Parallel Aware": false,"Async Capable": false,"Scan Direction": "Forward","Index Name": "idx_lineitem_orderkey","Relation Name": "lineitem","Alias": "l3","Startup Cost": 0.43,"Total Cost": 1.06,"Plan Rows": 6,"Plan Width": 8,"Actual Startup Time": 0.003,"Actual Total Time": 0.003,"Actual Rows": 1,"Actual Loops": 157482,"Index Cond": "(l_orderkey = l1.l_orderkey)","Rows Removed by Index Recheck": 0,"Filter": "((l_receiptdate > l_commitdate) AND (l_suppkey <> l1.l_suppkey))","Rows Removed by Filter": 1,"Workers": []}]}]},{"Node Type": "Index Scan","Parent Relationship": "Inner","Parallel Aware": false,"Async Capable": false,"Scan Direction": "Forward","Index Name": "idx_lineitem_orderkey","Relation Name": "lineitem","Alias": "l2","Startup Cost": 0.43,"Total Cost": 1.02,"Plan Rows": 17,"Plan Width": 8,"Actual Startup Time": 0.007,"Actual Total Time": 0.007,"Actual Rows": 1,"Actual Loops": 13873,"Index Cond": "(l_orderkey = l1.l_orderkey)","Rows Removed by Index Recheck": 0,"Filter": "(l_suppkey <> l1.l_suppkey)","Rows Removed by Filter": 1}]},{"Node Type": "Index Scan","Parent Relationship": "Inner","Parallel Aware": false,"Async Capable": false,"Scan Direction": "Forward","Index Name": "orders_pkey","Relation Name": "orders","Alias": "orders","Startup Cost": 0.43,"Total Cost": 0.51,"Plan Rows": 1,"Plan Width": 4,"Actual Startup Time": 0.007,"Actual Total Time": 0.007,"Actual Rows": 0,"Actual Loops": 8423,"Index Cond": "(o_orderkey = l1.l_orderkey)","Rows Removed by Index Recheck": 0,"Filter": "(o_orderstatus = 'F'::bpchar)","Rows Removed by Filter": 1}]}]}]}]},"Planning Time": 9.331,"Triggers": [],"Execution Time": 525.561}]
[{"Plan": {"Node Type": "Sort","Parallel Aware": false,"Async Capable": false,"Startup Cost": 147378.80,"Total Cost": 147378.81,"Plan Rows": 1,"Plan Width": 34,"Actual Startup Time": 507.691,"Actual Total Time": 527.119,"Actual Rows": 411,"Actual Loops": 1,"Sort Key": ["(count(*)) DESC", "supplier.s_name"],"Sort Method": "quicksort","Sort Space Used": 57,"Sort Space Type": "Memory","Plans": [{"Node Type": "Aggregate","Strategy": "Sorted","Partial Mode": "Simple","Parent Relationship": "Outer","Parallel Aware": false,"Async Capable": false,"Startup Cost": 147378.77,"Total Cost": 147378.79,"Plan Rows": 1,"Plan Width": 34,"Actual Startup Time": 506.441,"Actual Total Time": 526.395,"Actual Rows": 411,"Actual Loops": 1,"Group Key": ["supplier.s_name"],"Plans": [{"Node Type": "Sort","Parent Relationship": "Outer","Parallel Aware": false,"Async Capable": false,"Startup Cost": 147378.77,"Total Cost": 147378.78,"Plan Rows": 1,"Plan Width": 26,"Actual Startup Time": 506.413,"Actual Total Time": 525.969,"Actual Rows": 4141,"Actual Loops": 1,"Sort Key": ["supplier.s_name"],"Sort Method": "quicksort","Sort Space Used": 484,"Sort Space Type": "Memory","Plans": [{"Node Type": "Nested Loop","Parent Relationship": "Outer","Parallel Aware": false,"Async Capable": false,"Join Type": "Inner","Startup Cost": 1250.87,"Total Cost": 147378.76,"Plan Rows": 1,"Plan Width": 26,"Actual Startup Time": 4.973,"Actual Total Time": 514.878,"Actual Rows": 4141,"Actual Loops": 1,"Inner Unique": true,"Plans": [{"Node Type": "Nested Loop","Parent Relationship": "Outer","Parallel Aware": false,"Async Capable": false,"Join Type": "Semi","Startup Cost": 1250.44,"Total Cost": 147378.26,"Plan Rows": 1,"Plan Width": 34,"Actual Startup Time": 4.329,"Actual Total Time": 453.804,"Actual Rows": 8357,"Actual Loops": 1,"Inner Unique": false,"Plans": [{"Node Type": "Gather","Parent Relationship": "Outer","Parallel Aware": false,"Async Capable": false,"Startup Cost": 1250.01,"Total Cost": 147377.22,"Plan Rows": 1,"Plan Width": 34,"Actual Startup Time": 4.312,"Actual Total Time": 350.336,"Actual Rows": 13859,"Actual Loops": 1,"Workers Planned": 4,"Workers Launched": 4,"Single Copy": false,"Plans": [{"Node Type": "Nested Loop","Parent Relationship": "Outer","Parallel Aware": false,"Async Capable": false,"Join Type": "Anti","Startup Cost": 250.01,"Total Cost": 146377.12,"Plan Rows": 1,"Plan Width": 34,"Actual Startup Time": 4.818,"Actual Total Time": 450.256,"Actual Rows": 2772,"Actual Loops": 5,"Inner Unique": false,"Workers": [],"Plans": [{"Node Type": "Hash Join","Parent Relationship": "Outer","Parallel Aware": false,"Async Capable": false,"Join Type": "Inner","Startup Cost": 249.58,"Total Cost": 133581.65,"Plan Rows": 19990,"Plan Width": 34,"Actual Startup Time": 4.474,"Actual Total Time": 357.672,"Actual Rows": 31348,"Actual Loops": 5,"Inner Unique": false,"Hash Cond": "(l1.l_suppkey = supplier.s_suppkey)","Workers": [],"Plans": [{"Node Type": "Seq Scan","Parent Relationship": "Outer","Parallel Aware": true,"Async Capable": false,"Relation Name": "lineitem","Alias": "l1","Startup Cost": 0.00,"Total Cost": 131256.80,"Plan Rows": 500101,"Plan Width": 8,"Actual Startup Time": 0.028,"Actual Total Time": 306.873,"Actual Rows": 758659,"Actual Loops": 5,"Filter": "(l_receiptdate > l_commitdate)","Rows Removed by Filter": 441584,"Workers": []},{"Node Type": "Hash","Parent Relationship": "Inner","Parallel Aware": false,"Async Capable": false,"Startup Cost": 244.58,"Total Cost": 244.58,"Plan Rows": 400,"Plan Width": 30,"Actual Startup Time": 4.175,"Actual Total Time": 4.188,"Actual Rows": 411,"Actual Loops": 5,"Hash Buckets": 1024,"Original Hash Buckets": 1024,"Hash Batches": 1,"Original Hash Batches": 1,"Peak Memory Usage": 34,"Workers": [],"Plans": [{"Node Type": "Nested Loop","Parent Relationship": "Outer","Parallel Aware": false,"Async Capable": false,"Join Type": "Inner","Startup Cost": 7.38,"Total Cost": 244.58,"Plan Rows": 400,"Plan Width": 30,"Actual Startup Time": 0.256,"Actual Total Time": 4.027,"Actual Rows": 411,"Actual Loops": 5,"Inner Unique": false,"Workers": [],"Plans": [{"Node Type": "Seq Scan","Parent Relationship": "Outer","Parallel Aware": false,"Async Capable": false,"Relation Name": "nation","Alias": "nation","Startup Cost": 0.00,"Total Cost": 1.31,"Plan Rows": 1,"Plan Width": 4,"Actual Startup Time": 0.047,"Actual Total Time": 0.051,"Actual Rows": 1,"Actual Loops": 5,"Filter": "(n_name = 'SAUDI ARABIA'::bpchar)","Rows Removed by Filter": 24,"Workers": []},{"Node Type": "Bitmap Heap Scan","Parent Relationship": "Inner","Parallel Aware": false,"Async Capable": false,"Relation Name": "supplier","Alias": "supplier","Startup Cost": 7.38,"Total Cost": 239.27,"Plan Rows": 400,"Plan Width": 34,"Actual Startup Time": 0.204,"Actual Total Time": 3.890,"Actual Rows": 411,"Actual Loops": 5,"Recheck Cond": "(s_nationkey = nation.n_nationkey)","Rows Removed by Index Recheck": 0,"Exact Heap Blocks": 182,"Lossy Heap Blocks": 0,"Workers": [],"Plans": [{"Node Type": "Bitmap Index Scan","Parent Relationship": "Outer","Parallel Aware": false,"Async Capable": false,"Index Name": "idx_supplier_nation_key","Startup Cost": 0.00,"Total Cost": 7.29,"Plan Rows": 400,"Plan Width": 0,"Actual Startup Time": 0.143,"Actual Total Time": 0.145,"Actual Rows": 411,"Actual Loops": 5,"Index Cond": "(s_nationkey = nation.n_nationkey)","Workers": []}]}]}]}]},{"Node Type": "Index Scan","Parent Relationship": "Inner","Parallel Aware": false,"Async Capable": false,"Scan Direction": "Forward","Index Name": "idx_lineitem_orderkey","Relation Name": "lineitem","Alias": "l3","Startup Cost": 0.43,"Total Cost": 1.06,"Plan Rows": 6,"Plan Width": 8,"Actual Startup Time": 0.003,"Actual Total Time": 0.003,"Actual Rows": 1,"Actual Loops": 156739,"Index Cond": "(l_orderkey = l1.l_orderkey)","Rows Removed by Index Recheck": 0,"Filter": "((l_receiptdate > l_commitdate) AND (l_suppkey <> l1.l_suppkey))","Rows Removed by Filter": 1,"Workers": []}]}]},{"Node Type": "Index Scan","Parent Relationship": "Inner","Parallel Aware": false,"Async Capable": false,"Scan Direction": "Forward","Index Name": "idx_lineitem_orderkey","Relation Name": "lineitem","Alias": "l2","Startup Cost": 0.43,"Total Cost": 1.02,"Plan Rows": 17,"Plan Width": 8,"Actual Startup Time": 0.007,"Actual Total Time": 0.007,"Actual Rows": 1,"Actual Loops": 13859,"Index Cond": "(l_orderkey = l1.l_orderkey)","Rows Removed by Index Recheck": 0,"Filter": "(l_suppkey <> l1.l_suppkey)","Rows Removed by Filter": 1}]},{"Node Type": "Index Scan","Parent Relationship": "Inner","Parallel Aware": false,"Async Capable": false,"Scan Direction": "Forward","Index Name": "orders_pkey","Relation Name": "orders","Alias": "orders","Startup Cost": 0.43,"Total Cost": 0.51,"Plan Rows": 1,"Plan Width": 4,"Actual Startup Time": 0.007,"Actual Total Time": 0.007,"Actual Rows": 0,"Actual Loops": 8357,"Index Cond": "(o_orderkey = l1.l_orderkey)","Rows Removed by Index Recheck": 0,"Filter": "(o_orderstatus = 'F'::bpchar)","Rows Removed by Filter": 1}]}]}]}]},"Planning Time": 9.483,"Triggers": [],"Execution Time": 527.804}]
[{"Plan": {"Node Type": "Sort","Parallel Aware": false,"Async Capable": false,"Startup Cost": 147378.80,"Total Cost": 147378.81,"Plan Rows": 1,"Plan Width": 34,"Actual Startup Time": 509.264,"Actual Total Time": 527.696,"Actual Rows": 421,"Actual Loops": 1,"Sort Key": ["(count(*)) DESC", "supplier.s_name"],"Sort Method": "quicksort","Sort Space Used": 57,"Sort Space Type": "Memory","Plans": [{"Node Type": "Aggregate","Strategy": "Sorted","Partial Mode": "Simple","Parent Relationship": "Outer","Parallel Aware": false,"Async Capable": false,"Startup Cost": 147378.77,"Total Cost": 147378.79,"Plan Rows": 1,"Plan Width": 34,"Actual Startup Time": 507.941,"Actual Total Time": 526.990,"Actual Rows": 421,"Actual Loops": 1,"Group Key": ["supplier.s_name"],"Plans": [{"Node Type": "Sort","Parent Relationship": "Outer","Parallel Aware": false,"Async Capable": false,"Startup Cost": 147378.77,"Total Cost": 147378.78,"Plan Rows": 1,"Plan Width": 26,"Actual Startup Time": 507.919,"Actual Total Time": 526.540,"Actual Rows": 4227,"Actual Loops": 1,"Sort Key": ["supplier.s_name"],"Sort Method": "quicksort","Sort Space Used": 490,"Sort Space Type": "Memory","Plans": [{"Node Type": "Nested Loop","Parent Relationship": "Outer","Parallel Aware": false,"Async Capable": false,"Join Type": "Inner","Startup Cost": 1250.87,"Total Cost": 147378.76,"Plan Rows": 1,"Plan Width": 26,"Actual Startup Time": 5.396,"Actual Total Time": 515.076,"Actual Rows": 4227,"Actual Loops": 1,"Inner Unique": true,"Plans": [{"Node Type": "Nested Loop","Parent Relationship": "Outer","Parallel Aware": false,"Async Capable": false,"Join Type": "Semi","Startup Cost": 1250.44,"Total Cost": 147378.26,"Plan Rows": 1,"Plan Width": 34,"Actual Startup Time": 5.356,"Actual Total Time": 448.186,"Actual Rows": 8678,"Actual Loops": 1,"Inner Unique": false,"Plans": [{"Node Type": "Gather","Parent Relationship": "Outer","Parallel Aware": false,"Async Capable": false,"Startup Cost": 1250.01,"Total Cost": 147377.22,"Plan Rows": 1,"Plan Width": 34,"Actual Startup Time": 5.315,"Actual Total Time": 333.619,"Actual Rows": 14289,"Actual Loops": 1,"Workers Planned": 4,"Workers Launched": 4,"Single Copy": false,"Plans": [{"Node Type": "Nested Loop","Parent Relationship": "Outer","Parallel Aware": false,"Async Capable": false,"Join Type": "Anti","Startup Cost": 250.01,"Total Cost": 146377.12,"Plan Rows": 1,"Plan Width": 34,"Actual Startup Time": 5.155,"Actual Total Time": 447.803,"Actual Rows": 2858,"Actual Loops": 5,"Inner Unique": false,"Workers": [],"Plans": [{"Node Type": "Hash Join","Parent Relationship": "Outer","Parallel Aware": false,"Async Capable": false,"Join Type": "Inner","Startup Cost": 249.58,"Total Cost": 133581.65,"Plan Rows": 19990,"Plan Width": 34,"Actual Startup Time": 4.679,"Actual Total Time": 355.100,"Actual Rows": 31833,"Actual Loops": 5,"Inner Unique": false,"Hash Cond": "(l1.l_suppkey = supplier.s_suppkey)","Workers": [],"Plans": [{"Node Type": "Seq Scan","Parent Relationship": "Outer","Parallel Aware": true,"Async Capable": false,"Relation Name": "lineitem","Alias": "l1","Startup Cost": 0.00,"Total Cost": 131256.80,"Plan Rows": 500101,"Plan Width": 8,"Actual Startup Time": 0.028,"Actual Total Time": 302.880,"Actual Rows": 758659,"Actual Loops": 5,"Filter": "(l_receiptdate > l_commitdate)","Rows Removed by Filter": 441584,"Workers": []},{"Node Type": "Hash","Parent Relationship": "Inner","Parallel Aware": false,"Async Capable": false,"Startup Cost": 244.58,"Total Cost": 244.58,"Plan Rows": 400,"Plan Width": 30,"Actual Startup Time": 4.328,"Actual Total Time": 4.340,"Actual Rows": 421,"Actual Loops": 5,"Hash Buckets": 1024,"Original Hash Buckets": 1024,"Hash Batches": 1,"Original Hash Batches": 1,"Peak Memory Usage": 35,"Workers": [],"Plans": [{"Node Type": "Nested Loop","Parent Relationship": "Outer","Parallel Aware": false,"Async Capable": false,"Join Type": "Inner","Startup Cost": 7.38,"Total Cost": 244.58,"Plan Rows": 400,"Plan Width": 30,"Actual Startup Time": 0.319,"Actual Total Time": 4.167,"Actual Rows": 421,"Actual Loops": 5,"Inner Unique": false,"Workers": [],"Plans": [{"Node Type": "Seq Scan","Parent Relationship": "Outer","Parallel Aware": false,"Async Capable": false,"Relation Name": "nation","Alias": "nation","Startup Cost": 0.00,"Total Cost": 1.31,"Plan Rows": 1,"Plan Width": 4,"Actual Startup Time": 0.061,"Actual Total Time": 0.065,"Actual Rows": 1,"Actual Loops": 5,"Filter": "(n_name = 'PERU'::bpchar)","Rows Removed by Filter": 24,"Workers": []},{"Node Type": "Bitmap Heap Scan","Parent Relationship": "Inner","Parallel Aware": false,"Async Capable": false,"Relation Name": "supplier","Alias": "supplier","Startup Cost": 7.38,"Total Cost": 239.27,"Plan Rows": 400,"Plan Width": 34,"Actual Startup Time": 0.253,"Actual Total Time": 4.010,"Actual Rows": 421,"Actual Loops": 5,"Recheck Cond": "(s_nationkey = nation.n_nationkey)","Rows Removed by Index Recheck": 0,"Exact Heap Blocks": 187,"Lossy Heap Blocks": 0,"Workers": [],"Plans": [{"Node Type": "Bitmap Index Scan","Parent Relationship": "Outer","Parallel Aware": false,"Async Capable": false,"Index Name": "idx_supplier_nation_key","Startup Cost": 0.00,"Total Cost": 7.29,"Plan Rows": 400,"Plan Width": 0,"Actual Startup Time": 0.167,"Actual Total Time": 0.169,"Actual Rows": 421,"Actual Loops": 5,"Index Cond": "(s_nationkey = nation.n_nationkey)","Workers": []}]}]}]}]},{"Node Type": "Index Scan","Parent Relationship": "Inner","Parallel Aware": false,"Async Capable": false,"Scan Direction": "Forward","Index Name": "idx_lineitem_orderkey","Relation Name": "lineitem","Alias": "l3","Startup Cost": 0.43,"Total Cost": 1.06,"Plan Rows": 6,"Plan Width": 8,"Actual Startup Time": 0.003,"Actual Total Time": 0.003,"Actual Rows": 1,"Actual Loops": 159165,"Index Cond": "(l_orderkey = l1.l_orderkey)","Rows Removed by Index Recheck": 0,"Filter": "((l_receiptdate > l_commitdate) AND (l_suppkey <> l1.l_suppkey))","Rows Removed by Filter": 1,"Workers": []}]}]},{"Node Type": "Index Scan","Parent Relationship": "Inner","Parallel Aware": false,"Async Capable": false,"Scan Direction": "Forward","Index Name": "idx_lineitem_orderkey","Relation Name": "lineitem","Alias": "l2","Startup Cost": 0.43,"Total Cost": 1.02,"Plan Rows": 17,"Plan Width": 8,"Actual Startup Time": 0.008,"Actual Total Time": 0.008,"Actual Rows": 1,"Actual Loops": 14289,"Index Cond": "(l_orderkey = l1.l_orderkey)","Rows Removed by Index Recheck": 0,"Filter": "(l_suppkey <> l1.l_suppkey)","Rows Removed by Filter": 1}]},{"Node Type": "Index Scan","Parent Relationship": "Inner","Parallel Aware": false,"Async Capable": false,"Scan Direction": "Forward","Index Name": "orders_pkey","Relation Name": "orders","Alias": "orders","Startup Cost": 0.43,"Total Cost": 0.51,"Plan Rows": 1,"Plan Width": 4,"Actual Startup Time": 0.007,"Actual Total Time": 0.007,"Actual Rows": 0,"Actual Loops": 8678,"Index Cond": "(o_orderkey = l1.l_orderkey)","Rows Removed by Index Recheck": 0,"Filter": "(o_orderstatus = 'F'::bpchar)","Rows Removed by Filter": 1}]}]}]}]},"Planning Time": 8.374,"Triggers": [],"Execution Time": 528.458}]
[{"Plan": {"Node Type": "Sort","Parallel Aware": false,"Async Capable": false,"Startup Cost": 147378.80,"Total Cost": 147378.81,"Plan Rows": 1,"Plan Width": 34,"Actual Startup Time": 494.346,"Actual Total Time": 515.587,"Actual Rows": 393,"Actual Loops": 1,"Sort Key": ["(count(*)) DESC", "supplier.s_name"],"Sort Method": "quicksort","Sort Space Used": 55,"Sort Space Type": "Memory","Plans": [{"Node Type": "Aggregate","Strategy": "Sorted","Partial Mode": "Simple","Parent Relationship": "Outer","Parallel Aware": false,"Async Capable": false,"Startup Cost": 147378.77,"Total Cost": 147378.79,"Plan Rows": 1,"Plan Width": 34,"Actual Startup Time": 493.176,"Actual Total Time": 514.919,"Actual Rows": 393,"Actual Loops": 1,"Group Key": ["supplier.s_name"],"Plans": [{"Node Type": "Sort","Parent Relationship": "Outer","Parallel Aware": false,"Async Capable": false,"Startup Cost": 147378.77,"Total Cost": 147378.78,"Plan Rows": 1,"Plan Width": 26,"Actual Startup Time": 493.153,"Actual Total Time": 514.517,"Actual Rows": 3918,"Actual Loops": 1,"Sort Key": ["supplier.s_name"],"Sort Method": "quicksort","Sort Space Used": 372,"Sort Space Type": "Memory","Plans": [{"Node Type": "Nested Loop","Parent Relationship": "Outer","Parallel Aware": false,"Async Capable": false,"Join Type": "Inner","Startup Cost": 1250.87,"Total Cost": 147378.76,"Plan Rows": 1,"Plan Width": 26,"Actual Startup Time": 5.562,"Actual Total Time": 503.525,"Actual Rows": 3918,"Actual Loops": 1,"Inner Unique": true,"Plans": [{"Node Type": "Nested Loop","Parent Relationship": "Outer","Parallel Aware": false,"Async Capable": false,"Join Type": "Semi","Startup Cost": 1250.44,"Total Cost": 147378.26,"Plan Rows": 1,"Plan Width": 34,"Actual Startup Time": 5.515,"Actual Total Time": 439.510,"Actual Rows": 8028,"Actual Loops": 1,"Inner Unique": false,"Plans": [{"Node Type": "Gather","Parent Relationship": "Outer","Parallel Aware": false,"Async Capable": false,"Startup Cost": 1250.01,"Total Cost": 147377.22,"Plan Rows": 1,"Plan Width": 34,"Actual Startup Time": 4.155,"Actual Total Time": 333.265,"Actual Rows": 13416,"Actual Loops": 1,"Workers Planned": 4,"Workers Launched": 4,"Single Copy": false,"Plans": [{"Node Type": "Nested Loop","Parent Relationship": "Outer","Parallel Aware": false,"Async Capable": false,"Join Type": "Anti","Startup Cost": 250.01,"Total Cost": 146377.12,"Plan Rows": 1,"Plan Width": 34,"Actual Startup Time": 4.167,"Actual Total Time": 438.104,"Actual Rows": 2683,"Actual Loops": 5,"Inner Unique": false,"Workers": [],"Plans": [{"Node Type": "Hash Join","Parent Relationship": "Outer","Parallel Aware": false,"Async Capable": false,"Join Type": "Inner","Startup Cost": 249.58,"Total Cost": 133581.65,"Plan Rows": 19990,"Plan Width": 34,"Actual Startup Time": 4.021,"Actual Total Time": 350.831,"Actual Rows": 29888,"Actual Loops": 5,"Inner Unique": false,"Hash Cond": "(l1.l_suppkey = supplier.s_suppkey)","Workers": [],"Plans": [{"Node Type": "Seq Scan","Parent Relationship": "Outer","Parallel Aware": true,"Async Capable": false,"Relation Name": "lineitem","Alias": "l1","Startup Cost": 0.00,"Total Cost": 131256.80,"Plan Rows": 500101,"Plan Width": 8,"Actual Startup Time": 0.026,"Actual Total Time": 301.034,"Actual Rows": 758659,"Actual Loops": 5,"Filter": "(l_receiptdate > l_commitdate)","Rows Removed by Filter": 441584,"Workers": []},{"Node Type": "Hash","Parent Relationship": "Inner","Parallel Aware": false,"Async Capable": false,"Startup Cost": 244.58,"Total Cost": 244.58,"Plan Rows": 400,"Plan Width": 30,"Actual Startup Time": 3.677,"Actual Total Time": 3.687,"Actual Rows": 393,"Actual Loops": 5,"Hash Buckets": 1024,"Original Hash Buckets": 1024,"Hash Batches": 1,"Original Hash Batches": 1,"Peak Memory Usage": 33,"Workers": [],"Plans": [{"Node Type": "Nested Loop","Parent Relationship": "Outer","Parallel Aware": false,"Async Capable": false,"Join Type": "Inner","Startup Cost": 7.38,"Total Cost": 244.58,"Plan Rows": 400,"Plan Width": 30,"Actual Startup Time": 0.289,"Actual Total Time": 3.533,"Actual Rows": 393,"Actual Loops": 5,"Inner Unique": false,"Workers": [],"Plans": [{"Node Type": "Seq Scan","Parent Relationship": "Outer","Parallel Aware": false,"Async Capable": false,"Relation Name": "nation","Alias": "nation","Startup Cost": 0.00,"Total Cost": 1.31,"Plan Rows": 1,"Plan Width": 4,"Actual Startup Time": 0.064,"Actual Total Time": 0.066,"Actual Rows": 1,"Actual Loops": 5,"Filter": "(n_name = 'UNITED STATES'::bpchar)","Rows Removed by Filter": 24,"Workers": []},{"Node Type": "Bitmap Heap Scan","Parent Relationship": "Inner","Parallel Aware": false,"Async Capable": false,"Relation Name": "supplier","Alias": "supplier","Startup Cost": 7.38,"Total Cost": 239.27,"Plan Rows": 400,"Plan Width": 34,"Actual Startup Time": 0.219,"Actual Total Time": 3.401,"Actual Rows": 393,"Actual Loops": 5,"Recheck Cond": "(s_nationkey = nation.n_nationkey)","Rows Removed by Index Recheck": 0,"Exact Heap Blocks": 181,"Lossy Heap Blocks": 0,"Workers": [],"Plans": [{"Node Type": "Bitmap Index Scan","Parent Relationship": "Outer","Parallel Aware": false,"Async Capable": false,"Index Name": "idx_supplier_nation_key","Startup Cost": 0.00,"Total Cost": 7.29,"Plan Rows": 400,"Plan Width": 0,"Actual Startup Time": 0.141,"Actual Total Time": 0.143,"Actual Rows": 393,"Actual Loops": 5,"Index Cond": "(s_nationkey = nation.n_nationkey)","Workers": []}]}]}]}]},{"Node Type": "Index Scan","Parent Relationship": "Inner","Parallel Aware": false,"Async Capable": false,"Scan Direction": "Forward","Index Name": "idx_lineitem_orderkey","Relation Name": "lineitem","Alias": "l3","Startup Cost": 0.43,"Total Cost": 1.06,"Plan Rows": 6,"Plan Width": 8,"Actual Startup Time": 0.003,"Actual Total Time": 0.003,"Actual Rows": 1,"Actual Loops": 149442,"Index Cond": "(l_orderkey = l1.l_orderkey)","Rows Removed by Index Recheck": 0,"Filter": "((l_receiptdate > l_commitdate) AND (l_suppkey <> l1.l_suppkey))","Rows Removed by Filter": 1,"Workers": []}]}]},{"Node Type": "Index Scan","Parent Relationship": "Inner","Parallel Aware": false,"Async Capable": false,"Scan Direction": "Forward","Index Name": "idx_lineitem_orderkey","Relation Name": "lineitem","Alias": "l2","Startup Cost": 0.43,"Total Cost": 1.02,"Plan Rows": 17,"Plan Width": 8,"Actual Startup Time": 0.007,"Actual Total Time": 0.007,"Actual Rows": 1,"Actual Loops": 13416,"Index Cond": "(l_orderkey = l1.l_orderkey)","Rows Removed by Index Recheck": 0,"Filter": "(l_suppkey <> l1.l_suppkey)","Rows Removed by Filter": 1}]},{"Node Type": "Index Scan","Parent Relationship": "Inner","Parallel Aware": false,"Async Capable": false,"Scan Direction": "Forward","Index Name": "orders_pkey","Relation Name": "orders","Alias": "orders","Startup Cost": 0.43,"Total Cost": 0.51,"Plan Rows": 1,"Plan Width": 4,"Actual Startup Time": 0.008,"Actual Total Time": 0.008,"Actual Rows": 0,"Actual Loops": 8028,"Index Cond": "(o_orderkey = l1.l_orderkey)","Rows Removed by Index Recheck": 0,"Filter": "(o_orderstatus = 'F'::bpchar)","Rows Removed by Filter": 1}]}]}]}]},"Planning Time": 9.767,"Triggers": [],"Execution Time": 516.024}]
[{"Plan": {"Node Type": "Sort","Parallel Aware": false,"Async Capable": false,"Startup Cost": 147378.80,"Total Cost": 147378.81,"Plan Rows": 1,"Plan Width": 34,"Actual Startup Time": 504.512,"Actual Total Time": 521.552,"Actual Rows": 413,"Actual Loops": 1,"Sort Key": ["(count(*)) DESC", "supplier.s_name"],"Sort Method": "quicksort","Sort Space Used": 57,"Sort Space Type": "Memory","Plans": [{"Node Type": "Aggregate","Strategy": "Sorted","Partial Mode": "Simple","Parent Relationship": "Outer","Parallel Aware": false,"Async Capable": false,"Startup Cost": 147378.77,"Total Cost": 147378.79,"Plan Rows": 1,"Plan Width": 34,"Actual Startup Time": 503.286,"Actual Total Time": 520.862,"Actual Rows": 413,"Actual Loops": 1,"Group Key": ["supplier.s_name"],"Plans": [{"Node Type": "Sort","Parent Relationship": "Outer","Parallel Aware": false,"Async Capable": false,"Startup Cost": 147378.77,"Total Cost": 147378.78,"Plan Rows": 1,"Plan Width": 26,"Actual Startup Time": 503.265,"Actual Total Time": 520.434,"Actual Rows": 4164,"Actual Loops": 1,"Sort Key": ["supplier.s_name"],"Sort Method": "quicksort","Sort Space Used": 485,"Sort Space Type": "Memory","Plans": [{"Node Type": "Nested Loop","Parent Relationship": "Outer","Parallel Aware": false,"Async Capable": false,"Join Type": "Inner","Startup Cost": 1250.87,"Total Cost": 147378.76,"Plan Rows": 1,"Plan Width": 26,"Actual Startup Time": 4.247,"Actual Total Time": 508.248,"Actual Rows": 4164,"Actual Loops": 1,"Inner Unique": true,"Plans": [{"Node Type": "Nested Loop","Parent Relationship": "Outer","Parallel Aware": false,"Async Capable": false,"Join Type": "Semi","Startup Cost": 1250.44,"Total Cost": 147378.26,"Plan Rows": 1,"Plan Width": 34,"Actual Startup Time": 4.214,"Actual Total Time": 442.064,"Actual Rows": 8468,"Actual Loops": 1,"Inner Unique": false,"Plans": [{"Node Type": "Gather","Parent Relationship": "Outer","Parallel Aware": false,"Async Capable": false,"Startup Cost": 1250.01,"Total Cost": 147377.22,"Plan Rows": 1,"Plan Width": 34,"Actual Startup Time": 4.200,"Actual Total Time": 330.934,"Actual Rows": 14141,"Actual Loops": 1,"Workers Planned": 4,"Workers Launched": 4,"Single Copy": false,"Plans": [{"Node Type": "Nested Loop","Parent Relationship": "Outer","Parallel Aware": false,"Async Capable": false,"Join Type": "Anti","Startup Cost": 250.01,"Total Cost": 146377.12,"Plan Rows": 1,"Plan Width": 34,"Actual Startup Time": 5.165,"Actual Total Time": 443.283,"Actual Rows": 2828,"Actual Loops": 5,"Inner Unique": false,"Workers": [],"Plans": [{"Node Type": "Hash Join","Parent Relationship": "Outer","Parallel Aware": false,"Async Capable": false,"Join Type": "Inner","Startup Cost": 249.58,"Total Cost": 133581.65,"Plan Rows": 19990,"Plan Width": 34,"Actual Startup Time": 5.033,"Actual Total Time": 352.494,"Actual Rows": 31380,"Actual Loops": 5,"Inner Unique": false,"Hash Cond": "(l1.l_suppkey = supplier.s_suppkey)","Workers": [],"Plans": [{"Node Type": "Seq Scan","Parent Relationship": "Outer","Parallel Aware": true,"Async Capable": false,"Relation Name": "lineitem","Alias": "l1","Startup Cost": 0.00,"Total Cost": 131256.80,"Plan Rows": 500101,"Plan Width": 8,"Actual Startup Time": 0.028,"Actual Total Time": 299.882,"Actual Rows": 758659,"Actual Loops": 5,"Filter": "(l_receiptdate > l_commitdate)","Rows Removed by Filter": 441584,"Workers": []},{"Node Type": "Hash","Parent Relationship": "Inner","Parallel Aware": false,"Async Capable": false,"Startup Cost": 244.58,"Total Cost": 244.58,"Plan Rows": 400,"Plan Width": 30,"Actual Startup Time": 4.656,"Actual Total Time": 4.665,"Actual Rows": 413,"Actual Loops": 5,"Hash Buckets": 1024,"Original Hash Buckets": 1024,"Hash Batches": 1,"Original Hash Batches": 1,"Peak Memory Usage": 34,"Workers": [],"Plans": [{"Node Type": "Nested Loop","Parent Relationship": "Outer","Parallel Aware": false,"Async Capable": false,"Join Type": "Inner","Startup Cost": 7.38,"Total Cost": 244.58,"Plan Rows": 400,"Plan Width": 30,"Actual Startup Time": 0.318,"Actual Total Time": 4.505,"Actual Rows": 413,"Actual Loops": 5,"Inner Unique": false,"Workers": [],"Plans": [{"Node Type": "Seq Scan","Parent Relationship": "Outer","Parallel Aware": false,"Async Capable": false,"Relation Name": "nation","Alias": "nation","Startup Cost": 0.00,"Total Cost": 1.31,"Plan Rows": 1,"Plan Width": 4,"Actual Startup Time": 0.066,"Actual Total Time": 0.071,"Actual Rows": 1,"Actual Loops": 5,"Filter": "(n_name = 'ARGENTINA'::bpchar)","Rows Removed by Filter": 24,"Workers": []},{"Node Type": "Bitmap Heap Scan","Parent Relationship": "Inner","Parallel Aware": false,"Async Capable": false,"Relation Name": "supplier","Alias": "supplier","Startup Cost": 7.38,"Total Cost": 239.27,"Plan Rows": 400,"Plan Width": 34,"Actual Startup Time": 0.247,"Actual Total Time": 4.358,"Actual Rows": 413,"Actual Loops": 5,"Recheck Cond": "(s_nationkey = nation.n_nationkey)","Rows Removed by Index Recheck": 0,"Exact Heap Blocks": 190,"Lossy Heap Blocks": 0,"Workers": [],"Plans": [{"Node Type": "Bitmap Index Scan","Parent Relationship": "Outer","Parallel Aware": false,"Async Capable": false,"Index Name": "idx_supplier_nation_key","Startup Cost": 0.00,"Total Cost": 7.29,"Plan Rows": 400,"Plan Width": 0,"Actual Startup Time": 0.157,"Actual Total Time": 0.158,"Actual Rows": 413,"Actual Loops": 5,"Index Cond": "(s_nationkey = nation.n_nationkey)","Workers": []}]}]}]}]},{"Node Type": "Index Scan","Parent Relationship": "Inner","Parallel Aware": false,"Async Capable": false,"Scan Direction": "Forward","Index Name": "idx_lineitem_orderkey","Relation Name": "lineitem","Alias": "l3","Startup Cost": 0.43,"Total Cost": 1.06,"Plan Rows": 6,"Plan Width": 8,"Actual Startup Time": 0.003,"Actual Total Time": 0.003,"Actual Rows": 1,"Actual Loops": 156898,"Index Cond": "(l_orderkey = l1.l_orderkey)","Rows Removed by Index Recheck": 0,"Filter": "((l_receiptdate > l_commitdate) AND (l_suppkey <> l1.l_suppkey))","Rows Removed by Filter": 1,"Workers": []}]}]},{"Node Type": "Index Scan","Parent Relationship": "Inner","Parallel Aware": false,"Async Capable": false,"Scan Direction": "Forward","Index Name": "idx_lineitem_orderkey","Relation Name": "lineitem","Alias": "l2","Startup Cost": 0.43,"Total Cost": 1.02,"Plan Rows": 17,"Plan Width": 8,"Actual Startup Time": 0.007,"Actual Total Time": 0.007,"Actual Rows": 1,"Actual Loops": 14141,"Index Cond": "(l_orderkey = l1.l_orderkey)","Rows Removed by Index Recheck": 0,"Filter": "(l_suppkey <> l1.l_suppkey)","Rows Removed by Filter": 1}]},{"Node Type": "Index Scan","Parent Relationship": "Inner","Parallel Aware": false,"Async Capable": false,"Scan Direction": "Forward","Index Name": "orders_pkey","Relation Name": "orders","Alias": "orders","Startup Cost": 0.43,"Total Cost": 0.51,"Plan Rows": 1,"Plan Width": 4,"Actual Startup Time": 0.008,"Actual Total Time": 0.008,"Actual Rows": 0,"Actual Loops": 8468,"Index Cond": "(o_orderkey = l1.l_orderkey)","Rows Removed by Index Recheck": 0,"Filter": "(o_orderstatus = 'F'::bpchar)","Rows Removed by Filter": 1}]}]}]}]},"Planning Time": 8.601,"Triggers": [],"Execution Time": 522.197}]
[{"Plan": {"Node Type": "Sort","Parallel Aware": false,"Async Capable": false,"Startup Cost": 147378.80,"Total Cost": 147378.81,"Plan Rows": 1,"Plan Width": 34,"Actual Startup Time": 500.709,"Actual Total Time": 524.703,"Actual Rows": 407,"Actual Loops": 1,"Sort Key": ["(count(*)) DESC", "supplier.s_name"],"Sort Method": "quicksort","Sort Space Used": 56,"Sort Space Type": "Memory","Plans": [{"Node Type": "Aggregate","Strategy": "Sorted","Partial Mode": "Simple","Parent Relationship": "Outer","Parallel Aware": false,"Async Capable": false,"Startup Cost": 147378.77,"Total Cost": 147378.79,"Plan Rows": 1,"Plan Width": 34,"Actual Startup Time": 499.455,"Actual Total Time": 523.962,"Actual Rows": 407,"Actual Loops": 1,"Group Key": ["supplier.s_name"],"Plans": [{"Node Type": "Sort","Parent Relationship": "Outer","Parallel Aware": false,"Async Capable": false,"Startup Cost": 147378.77,"Total Cost": 147378.78,"Plan Rows": 1,"Plan Width": 26,"Actual Startup Time": 499.433,"Actual Total Time": 523.550,"Actual Rows": 3965,"Actual Loops": 1,"Sort Key": ["supplier.s_name"],"Sort Method": "quicksort","Sort Space Used": 375,"Sort Space Type": "Memory","Plans": [{"Node Type": "Nested Loop","Parent Relationship": "Outer","Parallel Aware": false,"Async Capable": false,"Join Type": "Inner","Startup Cost": 1250.87,"Total Cost": 147378.76,"Plan Rows": 1,"Plan Width": 26,"Actual Startup Time": 5.067,"Actual Total Time": 512.972,"Actual Rows": 3965,"Actual Loops": 1,"Inner Unique": true,"Plans": [{"Node Type": "Nested Loop","Parent Relationship": "Outer","Parallel Aware": false,"Async Capable": false,"Join Type": "Semi","Startup Cost": 1250.44,"Total Cost": 147378.26,"Plan Rows": 1,"Plan Width": 34,"Actual Startup Time": 5.045,"Actual Total Time": 451.382,"Actual Rows": 8089,"Actual Loops": 1,"Inner Unique": false,"Plans": [{"Node Type": "Gather","Parent Relationship": "Outer","Parallel Aware": false,"Async Capable": false,"Startup Cost": 1250.01,"Total Cost": 147377.22,"Plan Rows": 1,"Plan Width": 34,"Actual Startup Time": 4.734,"Actual Total Time": 344.998,"Actual Rows": 13526,"Actual Loops": 1,"Workers Planned": 4,"Workers Launched": 4,"Single Copy": false,"Plans": [{"Node Type": "Nested Loop","Parent Relationship": "Outer","Parallel Aware": false,"Async Capable": false,"Join Type": "Anti","Startup Cost": 250.01,"Total Cost": 146377.12,"Plan Rows": 1,"Plan Width": 34,"Actual Startup Time": 4.775,"Actual Total Time": 445.542,"Actual Rows": 2705,"Actual Loops": 5,"Inner Unique": false,"Workers": [],"Plans": [{"Node Type": "Hash Join","Parent Relationship": "Outer","Parallel Aware": false,"Async Capable": false,"Join Type": "Inner","Startup Cost": 249.58,"Total Cost": 133581.65,"Plan Rows": 19990,"Plan Width": 34,"Actual Startup Time": 4.487,"Actual Total Time": 354.785,"Actual Rows": 30752,"Actual Loops": 5,"Inner Unique": false,"Hash Cond": "(l1.l_suppkey = supplier.s_suppkey)","Workers": [],"Plans": [{"Node Type": "Seq Scan","Parent Relationship": "Outer","Parallel Aware": true,"Async Capable": false,"Relation Name": "lineitem","Alias": "l1","Startup Cost": 0.00,"Total Cost": 131256.80,"Plan Rows": 500101,"Plan Width": 8,"Actual Startup Time": 0.026,"Actual Total Time": 303.161,"Actual Rows": 758659,"Actual Loops": 5,"Filter": "(l_receiptdate > l_commitdate)","Rows Removed by Filter": 441584,"Workers": []},{"Node Type": "Hash","Parent Relationship": "Inner","Parallel Aware": false,"Async Capable": false,"Startup Cost": 244.58,"Total Cost": 244.58,"Plan Rows": 400,"Plan Width": 30,"Actual Startup Time": 4.170,"Actual Total Time": 4.181,"Actual Rows": 407,"Actual Loops": 5,"Hash Buckets": 1024,"Original Hash Buckets": 1024,"Hash Batches": 1,"Original Hash Batches": 1,"Peak Memory Usage": 34,"Workers": [],"Plans": [{"Node Type": "Nested Loop","Parent Relationship": "Outer","Parallel Aware": false,"Async Capable": false,"Join Type": "Inner","Startup Cost": 7.38,"Total Cost": 244.58,"Plan Rows": 400,"Plan Width": 30,"Actual Startup Time": 0.302,"Actual Total Time": 4.018,"Actual Rows": 407,"Actual Loops": 5,"Inner Unique": false,"Workers": [],"Plans": [{"Node Type": "Seq Scan","Parent Relationship": "Outer","Parallel Aware": false,"Async Capable": false,"Relation Name": "nation","Alias": "nation","Startup Cost": 0.00,"Total Cost": 1.31,"Plan Rows": 1,"Plan Width": 4,"Actual Startup Time": 0.065,"Actual Total Time": 0.068,"Actual Rows": 1,"Actual Loops": 5,"Filter": "(n_name = 'CHINA'::bpchar)","Rows Removed by Filter": 24,"Workers": []},{"Node Type": "Bitmap Heap Scan","Parent Relationship": "Inner","Parallel Aware": false,"Async Capable": false,"Relation Name": "supplier","Alias": "supplier","Startup Cost": 7.38,"Total Cost": 239.27,"Plan Rows": 400,"Plan Width": 34,"Actual Startup Time": 0.229,"Actual Total Time": 3.872,"Actual Rows": 407,"Actual Loops": 5,"Recheck Cond": "(s_nationkey = nation.n_nationkey)","Rows Removed by Index Recheck": 0,"Exact Heap Blocks": 186,"Lossy Heap Blocks": 0,"Workers": [],"Plans": [{"Node Type": "Bitmap Index Scan","Parent Relationship": "Outer","Parallel Aware": false,"Async Capable": false,"Index Name": "idx_supplier_nation_key","Startup Cost": 0.00,"Total Cost": 7.29,"Plan Rows": 400,"Plan Width": 0,"Actual Startup Time": 0.141,"Actual Total Time": 0.143,"Actual Rows": 407,"Actual Loops": 5,"Index Cond": "(s_nationkey = nation.n_nationkey)","Workers": []}]}]}]}]},{"Node Type": "Index Scan","Parent Relationship": "Inner","Parallel Aware": false,"Async Capable": false,"Scan Direction": "Forward","Index Name": "idx_lineitem_orderkey","Relation Name": "lineitem","Alias": "l3","Startup Cost": 0.43,"Total Cost": 1.06,"Plan Rows": 6,"Plan Width": 8,"Actual Startup Time": 0.003,"Actual Total Time": 0.003,"Actual Rows": 1,"Actual Loops": 153758,"Index Cond": "(l_orderkey = l1.l_orderkey)","Rows Removed by Index Recheck": 0,"Filter": "((l_receiptdate > l_commitdate) AND (l_suppkey <> l1.l_suppkey))","Rows Removed by Filter": 1,"Workers": []}]}]},{"Node Type": "Index Scan","Parent Relationship": "Inner","Parallel Aware": false,"Async Capable": false,"Scan Direction": "Forward","Index Name": "idx_lineitem_orderkey","Relation Name": "lineitem","Alias": "l2","Startup Cost": 0.43,"Total Cost": 1.02,"Plan Rows": 17,"Plan Width": 8,"Actual Startup Time": 0.007,"Actual Total Time": 0.007,"Actual Rows": 1,"Actual Loops": 13526,"Index Cond": "(l_orderkey = l1.l_orderkey)","Rows Removed by Index Recheck": 0,"Filter": "(l_suppkey <> l1.l_suppkey)","Rows Removed by Filter": 1}]},{"Node Type": "Index Scan","Parent Relationship": "Inner","Parallel Aware": false,"Async Capable": false,"Scan Direction": "Forward","Index Name": "orders_pkey","Relation Name": "orders","Alias": "orders","Startup Cost": 0.43,"Total Cost": 0.51,"Plan Rows": 1,"Plan Width": 4,"Actual Startup Time": 0.007,"Actual Total Time": 0.007,"Actual Rows": 0,"Actual Loops": 8089,"Index Cond": "(o_orderkey = l1.l_orderkey)","Rows Removed by Index Recheck": 0,"Filter": "(o_orderstatus = 'F'::bpchar)","Rows Removed by Filter": 1}]}]}]}]},"Planning Time": 8.452,"Triggers": [],"Execution Time": 525.397}]
[{"Plan": {"Node Type": "Sort","Parallel Aware": false,"Async Capable": false,"Startup Cost": 147378.80,"Total Cost": 147378.81,"Plan Rows": 1,"Plan Width": 34,"Actual Startup Time": 494.557,"Actual Total Time": 516.628,"Actual Rows": 380,"Actual Loops": 1,"Sort Key": ["(count(*)) DESC", "supplier.s_name"],"Sort Method": "quicksort","Sort Space Used": 54,"Sort Space Type": "Memory","Plans": [{"Node Type": "Aggregate","Strategy": "Sorted","Partial Mode": "Simple","Parent Relationship": "Outer","Parallel Aware": false,"Async Capable": false,"Startup Cost": 147378.77,"Total Cost": 147378.79,"Plan Rows": 1,"Plan Width": 34,"Actual Startup Time": 493.417,"Actual Total Time": 515.990,"Actual Rows": 380,"Actual Loops": 1,"Group Key": ["supplier.s_name"],"Plans": [{"Node Type": "Sort","Parent Relationship": "Outer","Parallel Aware": false,"Async Capable": false,"Startup Cost": 147378.77,"Total Cost": 147378.78,"Plan Rows": 1,"Plan Width": 26,"Actual Startup Time": 493.396,"Actual Total Time": 515.587,"Actual Rows": 3777,"Actual Loops": 1,"Sort Key": ["supplier.s_name"],"Sort Method": "quicksort","Sort Space Used": 362,"Sort Space Type": "Memory","Plans": [{"Node Type": "Nested Loop","Parent Relationship": "Outer","Parallel Aware": false,"Async Capable": false,"Join Type": "Inner","Startup Cost": 1250.87,"Total Cost": 147378.76,"Plan Rows": 1,"Plan Width": 26,"Actual Startup Time": 4.998,"Actual Total Time": 504.711,"Actual Rows": 3777,"Actual Loops": 1,"Inner Unique": true,"Plans": [{"Node Type": "Nested Loop","Parent Relationship": "Outer","Parallel Aware": false,"Async Capable": false,"Join Type": "Semi","Startup Cost": 1250.44,"Total Cost": 147378.26,"Plan Rows": 1,"Plan Width": 34,"Actual Startup Time": 4.963,"Actual Total Time": 440.621,"Actual Rows": 7670,"Actual Loops": 1,"Inner Unique": false,"Plans": [{"Node Type": "Gather","Parent Relationship": "Outer","Parallel Aware": false,"Async Capable": false,"Startup Cost": 1250.01,"Total Cost": 147377.22,"Plan Rows": 1,"Plan Width": 34,"Actual Startup Time": 4.951,"Actual Total Time": 333.201,"Actual Rows": 12935,"Actual Loops": 1,"Workers Planned": 4,"Workers Launched": 4,"Single Copy": false,"Plans": [{"Node Type": "Nested Loop","Parent Relationship": "Outer","Parallel Aware": false,"Async Capable": false,"Join Type": "Anti","Startup Cost": 250.01,"Total Cost": 146377.12,"Plan Rows": 1,"Plan Width": 34,"Actual Startup Time": 5.873,"Actual Total Time": 437.867,"Actual Rows": 2587,"Actual Loops": 5,"Inner Unique": false,"Workers": [],"Plans": [{"Node Type": "Hash Join","Parent Relationship": "Outer","Parallel Aware": false,"Async Capable": false,"Join Type": "Inner","Startup Cost": 249.58,"Total Cost": 133581.65,"Plan Rows": 19990,"Plan Width": 34,"Actual Startup Time": 5.239,"Actual Total Time": 352.656,"Actual Rows": 28741,"Actual Loops": 5,"Inner Unique": false,"Hash Cond": "(l1.l_suppkey = supplier.s_suppkey)","Workers": [],"Plans": [{"Node Type": "Seq Scan","Parent Relationship": "Outer","Parallel Aware": true,"Async Capable": false,"Relation Name": "lineitem","Alias": "l1","Startup Cost": 0.00,"Total Cost": 131256.80,"Plan Rows": 500101,"Plan Width": 8,"Actual Startup Time": 0.031,"Actual Total Time": 300.900,"Actual Rows": 758659,"Actual Loops": 5,"Filter": "(l_receiptdate > l_commitdate)","Rows Removed by Filter": 441584,"Workers": []},{"Node Type": "Hash","Parent Relationship": "Inner","Parallel Aware": false,"Async Capable": false,"Startup Cost": 244.58,"Total Cost": 244.58,"Plan Rows": 400,"Plan Width": 30,"Actual Startup Time": 4.907,"Actual Total Time": 4.921,"Actual Rows": 380,"Actual Loops": 5,"Hash Buckets": 1024,"Original Hash Buckets": 1024,"Hash Batches": 1,"Original Hash Batches": 1,"Peak Memory Usage": 32,"Workers": [],"Plans": [{"Node Type": "Nested Loop","Parent Relationship": "Outer","Parallel Aware": false,"Async Capable": false,"Join Type": "Inner","Startup Cost": 7.38,"Total Cost": 244.58,"Plan Rows": 400,"Plan Width": 30,"Actual Startup Time": 0.293,"Actual Total Time": 4.740,"Actual Rows": 380,"Actual Loops": 5,"Inner Unique": false,"Workers": [],"Plans": [{"Node Type": "Seq Scan","Parent Relationship": "Outer","Parallel Aware": false,"Async Capable": false,"Relation Name": "nation","Alias": "nation","Startup Cost": 0.00,"Total Cost": 1.31,"Plan Rows": 1,"Plan Width": 4,"Actual Startup Time": 0.048,"Actual Total Time": 0.056,"Actual Rows": 1,"Actual Loops": 5,"Filter": "(n_name = 'ETHIOPIA'::bpchar)","Rows Removed by Filter": 24,"Workers": []},{"Node Type": "Bitmap Heap Scan","Parent Relationship": "Inner","Parallel Aware": false,"Async Capable": false,"Relation Name": "supplier","Alias": "supplier","Startup Cost": 7.38,"Total Cost": 239.27,"Plan Rows": 400,"Plan Width": 34,"Actual Startup Time": 0.240,"Actual Total Time": 4.598,"Actual Rows": 380,"Actual Loops": 5,"Recheck Cond": "(s_nationkey = nation.n_nationkey)","Rows Removed by Index Recheck": 0,"Exact Heap Blocks": 192,"Lossy Heap Blocks": 0,"Workers": [],"Plans": [{"Node Type": "Bitmap Index Scan","Parent Relationship": "Outer","Parallel Aware": false,"Async Capable": false,"Index Name": "idx_supplier_nation_key","Startup Cost": 0.00,"Total Cost": 7.29,"Plan Rows": 400,"Plan Width": 0,"Actual Startup Time": 0.158,"Actual Total Time": 0.159,"Actual Rows": 380,"Actual Loops": 5,"Index Cond": "(s_nationkey = nation.n_nationkey)","Workers": []}]}]}]}]},{"Node Type": "Index Scan","Parent Relationship": "Inner","Parallel Aware": false,"Async Capable": false,"Scan Direction": "Forward","Index Name": "idx_lineitem_orderkey","Relation Name": "lineitem","Alias": "l3","Startup Cost": 0.43,"Total Cost": 1.06,"Plan Rows": 6,"Plan Width": 8,"Actual Startup Time": 0.003,"Actual Total Time": 0.003,"Actual Rows": 1,"Actual Loops": 143707,"Index Cond": "(l_orderkey = l1.l_orderkey)","Rows Removed by Index Recheck": 0,"Filter": "((l_receiptdate > l_commitdate) AND (l_suppkey <> l1.l_suppkey))","Rows Removed by Filter": 1,"Workers": []}]}]},{"Node Type": "Index Scan","Parent Relationship": "Inner","Parallel Aware": false,"Async Capable": false,"Scan Direction": "Forward","Index Name": "idx_lineitem_orderkey","Relation Name": "lineitem","Alias": "l2","Startup Cost": 0.43,"Total Cost": 1.02,"Plan Rows": 17,"Plan Width": 8,"Actual Startup Time": 0.008,"Actual Total Time": 0.008,"Actual Rows": 1,"Actual Loops": 12935,"Index Cond": "(l_orderkey = l1.l_orderkey)","Rows Removed by Index Recheck": 0,"Filter": "(l_suppkey <> l1.l_suppkey)","Rows Removed by Filter": 1}]},{"Node Type": "Index Scan","Parent Relationship": "Inner","Parallel Aware": false,"Async Capable": false,"Scan Direction": "Forward","Index Name": "orders_pkey","Relation Name": "orders","Alias": "orders","Startup Cost": 0.43,"Total Cost": 0.51,"Plan Rows": 1,"Plan Width": 4,"Actual Startup Time": 0.008,"Actual Total Time": 0.008,"Actual Rows": 0,"Actual Loops": 7670,"Index Cond": "(o_orderkey = l1.l_orderkey)","Rows Removed by Index Recheck": 0,"Filter": "(o_orderstatus = 'F'::bpchar)","Rows Removed by Filter": 1}]}]}]}]},"Planning Time": 9.415,"Triggers": [],"Execution Time": 517.200}]
[{"Plan": {"Node Type": "Sort","Parallel Aware": false,"Async Capable": false,"Startup Cost": 147378.80,"Total Cost": 147378.81,"Plan Rows": 1,"Plan Width": 34,"Actual Startup Time": 507.691,"Actual Total Time": 527.119,"Actual Rows": 411,"Actual Loops": 1,"Sort Key": ["(count(*)) DESC", "supplier.s_name"],"Sort Method": "quicksort","Sort Space Used": 57,"Sort Space Type": "Memory","Plans": [{"Node Type": "Aggregate","Strategy": "Sorted","Partial Mode": "Simple","Parent Relationship": "Outer","Parallel Aware": false,"Async Capable": false,"Startup Cost": 147378.77,"Total Cost": 147378.79,"Plan Rows": 1,"Plan Width": 34,"Actual Startup Time": 506.441,"Actual Total Time": 526.395,"Actual Rows": 411,"Actual Loops": 1,"Group Key": ["supplier.s_name"],"Plans": [{"Node Type": "Sort","Parent Relationship": "Outer","Parallel Aware": false,"Async Capable": false,"Startup Cost": 147378.77,"Total Cost": 147378.78,"Plan Rows": 1,"Plan Width": 26,"Actual Startup Time": 506.413,"Actual Total Time": 525.969,"Actual Rows": 4141,"Actual Loops": 1,"Sort Key": ["supplier.s_name"],"Sort Method": "quicksort","Sort Space Used": 484,"Sort Space Type": "Memory","Plans": [{"Node Type": "Nested Loop","Parent Relationship": "Outer","Parallel Aware": false,"Async Capable": false,"Join Type": "Inner","Startup Cost": 1250.87,"Total Cost": 147378.76,"Plan Rows": 1,"Plan Width": 26,"Actual Startup Time": 4.973,"Actual Total Time": 514.878,"Actual Rows": 4141,"Actual Loops": 1,"Inner Unique": true,"Plans": [{"Node Type": "Nested Loop","Parent Relationship": "Outer","Parallel Aware": false,"Async Capable": false,"Join Type": "Semi","Startup Cost": 1250.44,"Total Cost": 147378.26,"Plan Rows": 1,"Plan Width": 34,"Actual Startup Time": 4.329,"Actual Total Time": 453.804,"Actual Rows": 8357,"Actual Loops": 1,"Inner Unique": false,"Plans": [{"Node Type": "Gather","Parent Relationship": "Outer","Parallel Aware": false,"Async Capable": false,"Startup Cost": 1250.01,"Total Cost": 147377.22,"Plan Rows": 1,"Plan Width": 34,"Actual Startup Time": 4.312,"Actual Total Time": 350.336,"Actual Rows": 13859,"Actual Loops": 1,"Workers Planned": 4,"Workers Launched": 4,"Single Copy": false,"Plans": [{"Node Type": "Nested Loop","Parent Relationship": "Outer","Parallel Aware": false,"Async Capable": false,"Join Type": "Anti","Startup Cost": 250.01,"Total Cost": 146377.12,"Plan Rows": 1,"Plan Width": 34,"Actual Startup Time": 4.818,"Actual Total Time": 450.256,"Actual Rows": 2772,"Actual Loops": 5,"Inner Unique": false,"Workers": [],"Plans": [{"Node Type": "Hash Join","Parent Relationship": "Outer","Parallel Aware": false,"Async Capable": false,"Join Type": "Inner","Startup Cost": 249.58,"Total Cost": 133581.65,"Plan Rows": 19990,"Plan Width": 34,"Actual Startup Time": 4.474,"Actual Total Time": 357.672,"Actual Rows": 31348,"Actual Loops": 5,"Inner Unique": false,"Hash Cond": "(l1.l_suppkey = supplier.s_suppkey)","Workers": [],"Plans": [{"Node Type": "Seq Scan","Parent Relationship": "Outer","Parallel Aware": true,"Async Capable": false,"Relation Name": "lineitem","Alias": "l1","Startup Cost": 0.00,"Total Cost": 131256.80,"Plan Rows": 500101,"Plan Width": 8,"Actual Startup Time": 0.028,"Actual Total Time": 306.873,"Actual Rows": 758659,"Actual Loops": 5,"Filter": "(l_receiptdate > l_commitdate)","Rows Removed by Filter": 441584,"Workers": []},{"Node Type": "Hash","Parent Relationship": "Inner","Parallel Aware": false,"Async Capable": false,"Startup Cost": 244.58,"Total Cost": 244.58,"Plan Rows": 400,"Plan Width": 30,"Actual Startup Time": 4.175,"Actual Total Time": 4.188,"Actual Rows": 411,"Actual Loops": 5,"Hash Buckets": 1024,"Original Hash Buckets": 1024,"Hash Batches": 1,"Original Hash Batches": 1,"Peak Memory Usage": 34,"Workers": [],"Plans": [{"Node Type": "Nested Loop","Parent Relationship": "Outer","Parallel Aware": false,"Async Capable": false,"Join Type": "Inner","Startup Cost": 7.38,"Total Cost": 244.58,"Plan Rows": 400,"Plan Width": 30,"Actual Startup Time": 0.256,"Actual Total Time": 4.027,"Actual Rows": 411,"Actual Loops": 5,"Inner Unique": false,"Workers": [],"Plans": [{"Node Type": "Seq Scan","Parent Relationship": "Outer","Parallel Aware": false,"Async Capable": false,"Relation Name": "nation","Alias": "nation","Startup Cost": 0.00,"Total Cost": 1.31,"Plan Rows": 1,"Plan Width": 4,"Actual Startup Time": 0.047,"Actual Total Time": 0.051,"Actual Rows": 1,"Actual Loops": 5,"Filter": "(n_name = 'SAUDI ARABIA'::bpchar)","Rows Removed by Filter": 24,"Workers": []},{"Node Type": "Bitmap Heap Scan","Parent Relationship": "Inner","Parallel Aware": false,"Async Capable": false,"Relation Name": "supplier","Alias": "supplier","Startup Cost": 7.38,"Total Cost": 239.27,"Plan Rows": 400,"Plan Width": 34,"Actual Startup Time": 0.204,"Actual Total Time": 3.890,"Actual Rows": 411,"Actual Loops": 5,"Recheck Cond": "(s_nationkey = nation.n_nationkey)","Rows Removed by Index Recheck": 0,"Exact Heap Blocks": 182,"Lossy Heap Blocks": 0,"Workers": [],"Plans": [{"Node Type": "Bitmap Index Scan","Parent Relationship": "Outer","Parallel Aware": false,"Async Capable": false,"Index Name": "idx_supplier_nation_key","Startup Cost": 0.00,"Total Cost": 7.29,"Plan Rows": 400,"Plan Width": 0,"Actual Startup Time": 0.143,"Actual Total Time": 0.145,"Actual Rows": 411,"Actual Loops": 5,"Index Cond": "(s_nationkey = nation.n_nationkey)","Workers": []}]}]}]}]},{"Node Type": "Index Scan","Parent Relationship": "Inner","Parallel Aware": false,"Async Capable": false,"Scan Direction": "Forward","Index Name": "idx_lineitem_orderkey","Relation Name": "lineitem","Alias": "l3","Startup Cost": 0.43,"Total Cost": 1.06,"Plan Rows": 6,"Plan Width": 8,"Actual Startup Time": 0.003,"Actual Total Time": 0.003,"Actual Rows": 1,"Actual Loops": 156739,"Index Cond": "(l_orderkey = l1.l_orderkey)","Rows Removed by Index Recheck": 0,"Filter": "((l_receiptdate > l_commitdate) AND (l_suppkey <> l1.l_suppkey))","Rows Removed by Filter": 1,"Workers": []}]}]},{"Node Type": "Index Scan","Parent Relationship": "Inner","Parallel Aware": false,"Async Capable": false,"Scan Direction": "Forward","Index Name": "idx_lineitem_orderkey","Relation Name": "lineitem","Alias": "l2","Startup Cost": 0.43,"Total Cost": 1.02,"Plan Rows": 17,"Plan Width": 8,"Actual Startup Time": 0.007,"Actual Total Time": 0.007,"Actual Rows": 1,"Actual Loops": 13859,"Index Cond": "(l_orderkey = l1.l_orderkey)","Rows Removed by Index Recheck": 0,"Filter": "(l_suppkey <> l1.l_suppkey)","Rows Removed by Filter": 1}]},{"Node Type": "Index Scan","Parent Relationship": "Inner","Parallel Aware": false,"Async Capable": false,"Scan Direction": "Forward","Index Name": "orders_pkey","Relation Name": "orders","Alias": "orders","Startup Cost": 0.43,"Total Cost": 0.51,"Plan Rows": 1,"Plan Width": 4,"Actual Startup Time": 0.007,"Actual Total Time": 0.007,"Actual Rows": 0,"Actual Loops": 8357,"Index Cond": "(o_orderkey = l1.l_orderkey)","Rows Removed by Index Recheck": 0,"Filter": "(o_orderstatus = 'F'::bpchar)","Rows Removed by Filter": 1}]}]}]}]},"Planning Time": 9.483,"Triggers": [],"Execution Time": 527.804}]
[{"Plan": {"Node Type": "Sort","Parallel Aware": false,"Async Capable": false,"Startup Cost": 147378.80,"Total Cost": 147378.81,"Plan Rows": 1,"Plan Width": 34,"Actual Startup Time": 496.555,"Actual Total Time": 517.754,"Actual Rows": 397,"Actual Loops": 1,"Sort Key": ["(count(*)) DESC", "supplier.s_name"],"Sort Method": "quicksort","Sort Space Used": 56,"Sort Space Type": "Memory","Plans": [{"Node Type": "Aggregate","Strategy": "Sorted","Partial Mode": "Simple","Parent Relationship": "Outer","Parallel Aware": false,"Async Capable": false,"Startup Cost": 147378.77,"Total Cost": 147378.79,"Plan Rows": 1,"Plan Width": 34,"Actual Startup Time": 495.361,"Actual Total Time": 517.058,"Actual Rows": 397,"Actual Loops": 1,"Group Key": ["supplier.s_name"],"Plans": [{"Node Type": "Sort","Parent Relationship": "Outer","Parallel Aware": false,"Async Capable": false,"Startup Cost": 147378.77,"Total Cost": 147378.78,"Plan Rows": 1,"Plan Width": 26,"Actual Startup Time": 495.332,"Actual Total Time": 516.651,"Actual Rows": 3913,"Actual Loops": 1,"Sort Key": ["supplier.s_name"],"Sort Method": "quicksort","Sort Space Used": 372,"Sort Space Type": "Memory","Plans": [{"Node Type": "Nested Loop","Parent Relationship": "Outer","Parallel Aware": false,"Async Capable": false,"Join Type": "Inner","Startup Cost": 1250.87,"Total Cost": 147378.76,"Plan Rows": 1,"Plan Width": 26,"Actual Startup Time": 5.355,"Actual Total Time": 505.328,"Actual Rows": 3913,"Actual Loops": 1,"Inner Unique": true,"Plans": [{"Node Type": "Nested Loop","Parent Relationship": "Outer","Parallel Aware": false,"Async Capable": false,"Join Type": "Semi","Startup Cost": 1250.44,"Total Cost": 147378.26,"Plan Rows": 1,"Plan Width": 34,"Actual Startup Time": 4.468,"Actual Total Time": 441.221,"Actual Rows": 7976,"Actual Loops": 1,"Inner Unique": false,"Plans": [{"Node Type": "Gather","Parent Relationship": "Outer","Parallel Aware": false,"Async Capable": false,"Startup Cost": 1250.01,"Total Cost": 147377.22,"Plan Rows": 1,"Plan Width": 34,"Actual Startup Time": 4.454,"Actual Total Time": 332.117,"Actual Rows": 13419,"Actual Loops": 1,"Workers Planned": 4,"Workers Launched": 4,"Single Copy": false,"Plans": [{"Node Type": "Nested Loop","Parent Relationship": "Outer","Parallel Aware": false,"Async Capable": false,"Join Type": "Anti","Startup Cost": 250.01,"Total Cost": 146377.12,"Plan Rows": 1,"Plan Width": 34,"Actual Startup Time": 5.707,"Actual Total Time": 439.562,"Actual Rows": 2684,"Actual Loops": 5,"Inner Unique": false,"Workers": [],"Plans": [{"Node Type": "Hash Join","Parent Relationship": "Outer","Parallel Aware": false,"Async Capable": false,"Join Type": "Inner","Startup Cost": 249.58,"Total Cost": 133581.65,"Plan Rows": 19990,"Plan Width": 34,"Actual Startup Time": 5.222,"Actual Total Time": 351.394,"Actual Rows": 30171,"Actual Loops": 5,"Inner Unique": false,"Hash Cond": "(l1.l_suppkey = supplier.s_suppkey)","Workers": [],"Plans": [{"Node Type": "Seq Scan","Parent Relationship": "Outer","Parallel Aware": true,"Async Capable": false,"Relation Name": "lineitem","Alias": "l1","Startup Cost": 0.00,"Total Cost": 131256.80,"Plan Rows": 500101,"Plan Width": 8,"Actual Startup Time": 0.029,"Actual Total Time": 300.354,"Actual Rows": 758659,"Actual Loops": 5,"Filter": "(l_receiptdate > l_commitdate)","Rows Removed by Filter": 441584,"Workers": []},{"Node Type": "Hash","Parent Relationship": "Inner","Parallel Aware": false,"Async Capable": false,"Startup Cost": 244.58,"Total Cost": 244.58,"Plan Rows": 400,"Plan Width": 30,"Actual Startup Time": 4.859,"Actual Total Time": 4.869,"Actual Rows": 397,"Actual Loops": 5,"Hash Buckets": 1024,"Original Hash Buckets": 1024,"Hash Batches": 1,"Original Hash Batches": 1,"Peak Memory Usage": 33,"Workers": [],"Plans": [{"Node Type": "Nested Loop","Parent Relationship": "Outer","Parallel Aware": false,"Async Capable": false,"Join Type": "Inner","Startup Cost": 7.38,"Total Cost": 244.58,"Plan Rows": 400,"Plan Width": 30,"Actual Startup Time": 0.335,"Actual Total Time": 4.677,"Actual Rows": 397,"Actual Loops": 5,"Inner Unique": false,"Workers": [],"Plans": [{"Node Type": "Seq Scan","Parent Relationship": "Outer","Parallel Aware": false,"Async Capable": false,"Relation Name": "nation","Alias": "nation","Startup Cost": 0.00,"Total Cost": 1.31,"Plan Rows": 1,"Plan Width": 4,"Actual Startup Time": 0.076,"Actual Total Time": 0.084,"Actual Rows": 1,"Actual Loops": 5,"Filter": "(n_name = 'BRAZIL'::bpchar)","Rows Removed by Filter": 24,"Workers": []},{"Node Type": "Bitmap Heap Scan","Parent Relationship": "Inner","Parallel Aware": false,"Async Capable": false,"Relation Name": "supplier","Alias": "supplier","Startup Cost": 7.38,"Total Cost": 239.27,"Plan Rows": 400,"Plan Width": 34,"Actual Startup Time": 0.255,"Actual Total Time": 4.499,"Actual Rows": 397,"Actual Loops": 5,"Recheck Cond": "(s_nationkey = nation.n_nationkey)","Rows Removed by Index Recheck": 0,"Exact Heap Blocks": 187,"Lossy Heap Blocks": 0,"Workers": [],"Plans": [{"Node Type": "Bitmap Index Scan","Parent Relationship": "Outer","Parallel Aware": false,"Async Capable": false,"Index Name": "idx_supplier_nation_key","Startup Cost": 0.00,"Total Cost": 7.29,"Plan Rows": 400,"Plan Width": 0,"Actual Startup Time": 0.169,"Actual Total Time": 0.170,"Actual Rows": 397,"Actual Loops": 5,"Index Cond": "(s_nationkey = nation.n_nationkey)","Workers": []}]}]}]}]},{"Node Type": "Index Scan","Parent Relationship": "Inner","Parallel Aware": false,"Async Capable": false,"Scan Direction": "Forward","Index Name": "idx_lineitem_orderkey","Relation Name": "lineitem","Alias": "l3","Startup Cost": 0.43,"Total Cost": 1.06,"Plan Rows": 6,"Plan Width": 8,"Actual Startup Time": 0.003,"Actual Total Time": 0.003,"Actual Rows": 1,"Actual Loops": 150857,"Index Cond": "(l_orderkey = l1.l_orderkey)","Rows Removed by Index Recheck": 0,"Filter": "((l_receiptdate > l_commitdate) AND (l_suppkey <> l1.l_suppkey))","Rows Removed by Filter": 1,"Workers": []}]}]},{"Node Type": "Index Scan","Parent Relationship": "Inner","Parallel Aware": false,"Async Capable": false,"Scan Direction": "Forward","Index Name": "idx_lineitem_orderkey","Relation Name": "lineitem","Alias": "l2","Startup Cost": 0.43,"Total Cost": 1.02,"Plan Rows": 17,"Plan Width": 8,"Actual Startup Time": 0.008,"Actual Total Time": 0.008,"Actual Rows": 1,"Actual Loops": 13419,"Index Cond": "(l_orderkey = l1.l_orderkey)","Rows Removed by Index Recheck": 0,"Filter": "(l_suppkey <> l1.l_suppkey)","Rows Removed by Filter": 1}]},{"Node Type": "Index Scan","Parent Relationship": "Inner","Parallel Aware": false,"Async Capable": false,"Scan Direction": "Forward","Index Name": "orders_pkey","Relation Name": "orders","Alias": "orders","Startup Cost": 0.43,"Total Cost": 0.51,"Plan Rows": 1,"Plan Width": 4,"Actual Startup Time": 0.008,"Actual Total Time": 0.008,"Actual Rows": 0,"Actual Loops": 7976,"Index Cond": "(o_orderkey = l1.l_orderkey)","Rows Removed by Index Recheck": 0,"Filter": "(o_orderstatus = 'F'::bpchar)","Rows Removed by Filter": 1}]}]}]}]},"Planning Time": 8.213,"Triggers": [],"Execution Time": 518.316}]
[{"Plan": {"Node Type": "Sort","Parallel Aware": false,"Async Capable": false,"Startup Cost": 147378.80,"Total Cost": 147378.81,"Plan Rows": 1,"Plan Width": 34,"Actual Startup Time": 500.228,"Actual Total Time": 519.082,"Actual Rows": 412,"Actual Loops": 1,"Sort Key": ["(count(*)) DESC", "supplier.s_name"],"Sort Method": "quicksort","Sort Space Used": 57,"Sort Space Type": "Memory","Plans": [{"Node Type": "Aggregate","Strategy": "Sorted","Partial Mode": "Simple","Parent Relationship": "Outer","Parallel Aware": false,"Async Capable": false,"Startup Cost": 147378.77,"Total Cost": 147378.79,"Plan Rows": 1,"Plan Width": 34,"Actual Startup Time": 498.981,"Actual Total Time": 518.359,"Actual Rows": 412,"Actual Loops": 1,"Group Key": ["supplier.s_name"],"Plans": [{"Node Type": "Sort","Parent Relationship": "Outer","Parallel Aware": false,"Async Capable": false,"Startup Cost": 147378.77,"Total Cost": 147378.78,"Plan Rows": 1,"Plan Width": 26,"Actual Startup Time": 498.949,"Actual Total Time": 517.928,"Actual Rows": 4030,"Actual Loops": 1,"Sort Key": ["supplier.s_name"],"Sort Method": "quicksort","Sort Space Used": 380,"Sort Space Type": "Memory","Plans": [{"Node Type": "Nested Loop","Parent Relationship": "Outer","Parallel Aware": false,"Async Capable": false,"Join Type": "Inner","Startup Cost": 1250.87,"Total Cost": 147378.76,"Plan Rows": 1,"Plan Width": 26,"Actual Startup Time": 4.020,"Actual Total Time": 506.052,"Actual Rows": 4030,"Actual Loops": 1,"Inner Unique": true,"Plans": [{"Node Type": "Nested Loop","Parent Relationship": "Outer","Parallel Aware": false,"Async Capable": false,"Join Type": "Semi","Startup Cost": 1250.44,"Total Cost": 147378.26,"Plan Rows": 1,"Plan Width": 34,"Actual Startup Time": 3.993,"Actual Total Time": 443.011,"Actual Rows": 8146,"Actual Loops": 1,"Inner Unique": false,"Plans": [{"Node Type": "Gather","Parent Relationship": "Outer","Parallel Aware": false,"Async Capable": false,"Startup Cost": 1250.01,"Total Cost": 147377.22,"Plan Rows": 1,"Plan Width": 34,"Actual Startup Time": 3.980,"Actual Total Time": 336.738,"Actual Rows": 13748,"Actual Loops": 1,"Workers Planned": 4,"Workers Launched": 4,"Single Copy": false,"Plans": [{"Node Type": "Nested Loop","Parent Relationship": "Outer","Parallel Aware": false,"Async Capable": false,"Join Type": "Anti","Startup Cost": 250.01,"Total Cost": 146377.12,"Plan Rows": 1,"Plan Width": 34,"Actual Startup Time": 4.569,"Actual Total Time": 441.712,"Actual Rows": 2750,"Actual Loops": 5,"Inner Unique": false,"Workers": [],"Plans": [{"Node Type": "Hash Join","Parent Relationship": "Outer","Parallel Aware": false,"Async Capable": false,"Join Type": "Inner","Startup Cost": 249.58,"Total Cost": 133581.65,"Plan Rows": 19990,"Plan Width": 34,"Actual Startup Time": 4.262,"Actual Total Time": 350.942,"Actual Rows": 31209,"Actual Loops": 5,"Inner Unique": false,"Hash Cond": "(l1.l_suppkey = supplier.s_suppkey)","Workers": [],"Plans": [{"Node Type": "Seq Scan","Parent Relationship": "Outer","Parallel Aware": true,"Async Capable": false,"Relation Name": "lineitem","Alias": "l1","Startup Cost": 0.00,"Total Cost": 131256.80,"Plan Rows": 500101,"Plan Width": 8,"Actual Startup Time": 0.026,"Actual Total Time": 299.296,"Actual Rows": 758659,"Actual Loops": 5,"Filter": "(l_receiptdate > l_commitdate)","Rows Removed by Filter": 441584,"Workers": []},{"Node Type": "Hash","Parent Relationship": "Inner","Parallel Aware": false,"Async Capable": false,"Startup Cost": 244.58,"Total Cost": 244.58,"Plan Rows": 400,"Plan Width": 30,"Actual Startup Time": 3.907,"Actual Total Time": 3.918,"Actual Rows": 412,"Actual Loops": 5,"Hash Buckets": 1024,"Original Hash Buckets": 1024,"Hash Batches": 1,"Original Hash Batches": 1,"Peak Memory Usage": 34,"Workers": [],"Plans": [{"Node Type": "Nested Loop","Parent Relationship": "Outer","Parallel Aware": false,"Async Capable": false,"Join Type": "Inner","Startup Cost": 7.38,"Total Cost": 244.58,"Plan Rows": 400,"Plan Width": 30,"Actual Startup Time": 0.286,"Actual Total Time": 3.756,"Actual Rows": 412,"Actual Loops": 5,"Inner Unique": false,"Workers": [],"Plans": [{"Node Type": "Seq Scan","Parent Relationship": "Outer","Parallel Aware": false,"Async Capable": false,"Relation Name": "nation","Alias": "nation","Startup Cost": 0.00,"Total Cost": 1.31,"Plan Rows": 1,"Plan Width": 4,"Actual Startup Time": 0.059,"Actual Total Time": 0.064,"Actual Rows": 1,"Actual Loops": 5,"Filter": "(n_name = 'CANADA'::bpchar)","Rows Removed by Filter": 24,"Workers": []},{"Node Type": "Bitmap Heap Scan","Parent Relationship": "Inner","Parallel Aware": false,"Async Capable": false,"Relation Name": "supplier","Alias": "supplier","Startup Cost": 7.38,"Total Cost": 239.27,"Plan Rows": 400,"Plan Width": 34,"Actual Startup Time": 0.222,"Actual Total Time": 3.623,"Actual Rows": 412,"Actual Loops": 5,"Recheck Cond": "(s_nationkey = nation.n_nationkey)","Rows Removed by Index Recheck": 0,"Exact Heap Blocks": 189,"Lossy Heap Blocks": 0,"Workers": [],"Plans": [{"Node Type": "Bitmap Index Scan","Parent Relationship": "Outer","Parallel Aware": false,"Async Capable": false,"Index Name": "idx_supplier_nation_key","Startup Cost": 0.00,"Total Cost": 7.29,"Plan Rows": 400,"Plan Width": 0,"Actual Startup Time": 0.144,"Actual Total Time": 0.145,"Actual Rows": 412,"Actual Loops": 5,"Index Cond": "(s_nationkey = nation.n_nationkey)","Workers": []}]}]}]}]},{"Node Type": "Index Scan","Parent Relationship": "Inner","Parallel Aware": false,"Async Capable": false,"Scan Direction": "Forward","Index Name": "idx_lineitem_orderkey","Relation Name": "lineitem","Alias": "l3","Startup Cost": 0.43,"Total Cost": 1.06,"Plan Rows": 6,"Plan Width": 8,"Actual Startup Time": 0.003,"Actual Total Time": 0.003,"Actual Rows": 1,"Actual Loops": 156047,"Index Cond": "(l_orderkey = l1.l_orderkey)","Rows Removed by Index Recheck": 0,"Filter": "((l_receiptdate > l_commitdate) AND (l_suppkey <> l1.l_suppkey))","Rows Removed by Filter": 1,"Workers": []}]}]},{"Node Type": "Index Scan","Parent Relationship": "Inner","Parallel Aware": false,"Async Capable": false,"Scan Direction": "Forward","Index Name": "idx_lineitem_orderkey","Relation Name": "lineitem","Alias": "l2","Startup Cost": 0.43,"Total Cost": 1.02,"Plan Rows": 17,"Plan Width": 8,"Actual Startup Time": 0.007,"Actual Total Time": 0.007,"Actual Rows": 1,"Actual Loops": 13748,"Index Cond": "(l_orderkey = l1.l_orderkey)","Rows Removed by Index Recheck": 0,"Filter": "(l_suppkey <> l1.l_suppkey)","Rows Removed by Filter": 1}]},{"Node Type": "Index Scan","Parent Relationship": "Inner","Parallel Aware": false,"Async Capable": false,"Scan Direction": "Forward","Index Name": "orders_pkey","Relation Name": "orders","Alias": "orders","Startup Cost": 0.43,"Total Cost": 0.51,"Plan Rows": 1,"Plan Width": 4,"Actual Startup Time": 0.007,"Actual Total Time": 0.007,"Actual Rows": 0,"Actual Loops": 8146,"Index Cond": "(o_orderkey = l1.l_orderkey)","Rows Removed by Index Recheck": 0,"Filter": "(o_orderstatus = 'F'::bpchar)","Rows Removed by Filter": 1}]}]}]}]},"Planning Time": 9.689,"Triggers": [],"Execution Time": 519.513}]
[{"Plan": {"Node Type": "Sort","Parallel Aware": false,"Async Capable": false,"Startup Cost": 147378.80,"Total Cost": 147378.81,"Plan Rows": 1,"Plan Width": 34,"Actual Startup Time": 492.880,"Actual Total Time": 511.387,"Actual Rows": 377,"Actual Loops": 1,"Sort Key": ["(count(*)) DESC", "supplier.s_name"],"Sort Method": "quicksort","Sort Space Used": 54,"Sort Space Type": "Memory","Plans": [{"Node Type": "Aggregate","Strategy": "Sorted","Partial Mode": "Simple","Parent Relationship": "Outer","Parallel Aware": false,"Async Capable": false,"Startup Cost": 147378.77,"Total Cost": 147378.79,"Plan Rows": 1,"Plan Width": 34,"Actual Startup Time": 491.719,"Actual Total Time": 510.711,"Actual Rows": 377,"Actual Loops": 1,"Group Key": ["supplier.s_name"],"Plans": [{"Node Type": "Sort","Parent Relationship": "Outer","Parallel Aware": false,"Async Capable": false,"Startup Cost": 147378.77,"Total Cost": 147378.78,"Plan Rows": 1,"Plan Width": 26,"Actual Startup Time": 491.689,"Actual Total Time": 510.309,"Actual Rows": 3707,"Actual Loops": 1,"Sort Key": ["supplier.s_name"],"Sort Method": "quicksort","Sort Space Used": 357,"Sort Space Type": "Memory","Plans": [{"Node Type": "Nested Loop","Parent Relationship": "Outer","Parallel Aware": false,"Async Capable": false,"Join Type": "Inner","Startup Cost": 1250.87,"Total Cost": 147378.76,"Plan Rows": 1,"Plan Width": 26,"Actual Startup Time": 4.620,"Actual Total Time": 499.542,"Actual Rows": 3707,"Actual Loops": 1,"Inner Unique": true,"Plans": [{"Node Type": "Nested Loop","Parent Relationship": "Outer","Parallel Aware": false,"Async Capable": false,"Join Type": "Semi","Startup Cost": 1250.44,"Total Cost": 147378.26,"Plan Rows": 1,"Plan Width": 34,"Actual Startup Time": 4.581,"Actual Total Time": 437.361,"Actual Rows": 7590,"Actual Loops": 1,"Inner Unique": false,"Plans": [{"Node Type": "Gather","Parent Relationship": "Outer","Parallel Aware": false,"Async Capable": false,"Startup Cost": 1250.01,"Total Cost": 147377.22,"Plan Rows": 1,"Plan Width": 34,"Actual Startup Time": 4.430,"Actual Total Time": 334.305,"Actual Rows": 12724,"Actual Loops": 1,"Workers Planned": 4,"Workers Launched": 4,"Single Copy": false,"Plans": [{"Node Type": "Nested Loop","Parent Relationship": "Outer","Parallel Aware": false,"Async Capable": false,"Join Type": "Anti","Startup Cost": 250.01,"Total Cost": 146377.12,"Plan Rows": 1,"Plan Width": 34,"Actual Startup Time": 5.283,"Actual Total Time": 435.218,"Actual Rows": 2545,"Actual Loops": 5,"Inner Unique": false,"Workers": [],"Plans": [{"Node Type": "Hash Join","Parent Relationship": "Outer","Parallel Aware": false,"Async Capable": false,"Join Type": "Inner","Startup Cost": 249.58,"Total Cost": 133581.65,"Plan Rows": 19990,"Plan Width": 34,"Actual Startup Time": 4.967,"Actual Total Time": 350.606,"Actual Rows": 28669,"Actual Loops": 5,"Inner Unique": false,"Hash Cond": "(l1.l_suppkey = supplier.s_suppkey)","Workers": [],"Plans": [{"Node Type": "Seq Scan","Parent Relationship": "Outer","Parallel Aware": true,"Async Capable": false,"Relation Name": "lineitem","Alias": "l1","Startup Cost": 0.00,"Total Cost": 131256.80,"Plan Rows": 500101,"Plan Width": 8,"Actual Startup Time": 0.028,"Actual Total Time": 300.375,"Actual Rows": 758659,"Actual Loops": 5,"Filter": "(l_receiptdate > l_commitdate)","Rows Removed by Filter": 441584,"Workers": []},{"Node Type": "Hash","Parent Relationship": "Inner","Parallel Aware": false,"Async Capable": false,"Startup Cost": 244.58,"Total Cost": 244.58,"Plan Rows": 400,"Plan Width": 30,"Actual Startup Time": 4.611,"Actual Total Time": 4.626,"Actual Rows": 377,"Actual Loops": 5,"Hash Buckets": 1024,"Original Hash Buckets": 1024,"Hash Batches": 1,"Original Hash Batches": 1,"Peak Memory Usage": 32,"Workers": [],"Plans": [{"Node Type": "Nested Loop","Parent Relationship": "Outer","Parallel Aware": false,"Async Capable": false,"Join Type": "Inner","Startup Cost": 7.38,"Total Cost": 244.58,"Plan Rows": 400,"Plan Width": 30,"Actual Startup Time": 0.296,"Actual Total Time": 4.444,"Actual Rows": 377,"Actual Loops": 5,"Inner Unique": false,"Workers": [],"Plans": [{"Node Type": "Seq Scan","Parent Relationship": "Outer","Parallel Aware": false,"Async Capable": false,"Relation Name": "nation","Alias": "nation","Startup Cost": 0.00,"Total Cost": 1.31,"Plan Rows": 1,"Plan Width": 4,"Actual Startup Time": 0.056,"Actual Total Time": 0.065,"Actual Rows": 1,"Actual Loops": 5,"Filter": "(n_name = 'JAPAN'::bpchar)","Rows Removed by Filter": 24,"Workers": []},{"Node Type": "Bitmap Heap Scan","Parent Relationship": "Inner","Parallel Aware": false,"Async Capable": false,"Relation Name": "supplier","Alias": "supplier","Startup Cost": 7.38,"Total Cost": 239.27,"Plan Rows": 400,"Plan Width": 34,"Actual Startup Time": 0.234,"Actual Total Time": 4.286,"Actual Rows": 377,"Actual Loops": 5,"Recheck Cond": "(s_nationkey = nation.n_nationkey)","Rows Removed by Index Recheck": 0,"Exact Heap Blocks": 180,"Lossy Heap Blocks": 0,"Workers": [],"Plans": [{"Node Type": "Bitmap Index Scan","Parent Relationship": "Outer","Parallel Aware": false,"Async Capable": false,"Index Name": "idx_supplier_nation_key","Startup Cost": 0.00,"Total Cost": 7.29,"Plan Rows": 400,"Plan Width": 0,"Actual Startup Time": 0.148,"Actual Total Time": 0.149,"Actual Rows": 377,"Actual Loops": 5,"Index Cond": "(s_nationkey = nation.n_nationkey)","Workers": []}]}]}]}]},{"Node Type": "Index Scan","Parent Relationship": "Inner","Parallel Aware": false,"Async Capable": false,"Scan Direction": "Forward","Index Name": "idx_lineitem_orderkey","Relation Name": "lineitem","Alias": "l3","Startup Cost": 0.43,"Total Cost": 1.06,"Plan Rows": 6,"Plan Width": 8,"Actual Startup Time": 0.003,"Actual Total Time": 0.003,"Actual Rows": 1,"Actual Loops": 143344,"Index Cond": "(l_orderkey = l1.l_orderkey)","Rows Removed by Index Recheck": 0,"Filter": "((l_receiptdate > l_commitdate) AND (l_suppkey <> l1.l_suppkey))","Rows Removed by Filter": 1,"Workers": []}]}]},{"Node Type": "Index Scan","Parent Relationship": "Inner","Parallel Aware": false,"Async Capable": false,"Scan Direction": "Forward","Index Name": "idx_lineitem_orderkey","Relation Name": "lineitem","Alias": "l2","Startup Cost": 0.43,"Total Cost": 1.02,"Plan Rows": 17,"Plan Width": 8,"Actual Startup Time": 0.008,"Actual Total Time": 0.008,"Actual Rows": 1,"Actual Loops": 12724,"Index Cond": "(l_orderkey = l1.l_orderkey)","Rows Removed by Index Recheck": 0,"Filter": "(l_suppkey <> l1.l_suppkey)","Rows Removed by Filter": 1}]},{"Node Type": "Index Scan","Parent Relationship": "Inner","Parallel Aware": false,"Async Capable": false,"Scan Direction": "Forward","Index Name": "orders_pkey","Relation Name": "orders","Alias": "orders","Startup Cost": 0.43,"Total Cost": 0.51,"Plan Rows": 1,"Plan Width": 4,"Actual Startup Time": 0.008,"Actual Total Time": 0.008,"Actual Rows": 0,"Actual Loops": 7590,"Index Cond": "(o_orderkey = l1.l_orderkey)","Rows Removed by Index Recheck": 0,"Filter": "(o_orderstatus = 'F'::bpchar)","Rows Removed by Filter": 1}]}]}]}]},"Planning Time": 9.583,"Triggers": [],"Execution Time": 511.800}]
[{"Plan": {"Node Type": "Sort","Parallel Aware": false,"Async Capable": false,"Startup Cost": 147378.80,"Total Cost": 147378.81,"Plan Rows": 1,"Plan Width": 34,"Actual Startup Time": 495.675,"Actual Total Time": 514.954,"Actual Rows": 398,"Actual Loops": 1,"Sort Key": ["(count(*)) DESC", "supplier.s_name"],"Sort Method": "quicksort","Sort Space Used": 56,"Sort Space Type": "Memory","Plans": [{"Node Type": "Aggregate","Strategy": "Sorted","Partial Mode": "Simple","Parent Relationship": "Outer","Parallel Aware": false,"Async Capable": false,"Startup Cost": 147378.77,"Total Cost": 147378.79,"Plan Rows": 1,"Plan Width": 34,"Actual Startup Time": 494.471,"Actual Total Time": 514.270,"Actual Rows": 398,"Actual Loops": 1,"Group Key": ["supplier.s_name"],"Plans": [{"Node Type": "Sort","Parent Relationship": "Outer","Parallel Aware": false,"Async Capable": false,"Startup Cost": 147378.77,"Total Cost": 147378.78,"Plan Rows": 1,"Plan Width": 26,"Actual Startup Time": 494.457,"Actual Total Time": 513.859,"Actual Rows": 4033,"Actual Loops": 1,"Sort Key": ["supplier.s_name"],"Sort Method": "quicksort","Sort Space Used": 380,"Sort Space Type": "Memory","Plans": [{"Node Type": "Nested Loop","Parent Relationship": "Outer","Parallel Aware": false,"Async Capable": false,"Join Type": "Inner","Startup Cost": 1250.87,"Total Cost": 147378.76,"Plan Rows": 1,"Plan Width": 26,"Actual Startup Time": 5.438,"Actual Total Time": 502.238,"Actual Rows": 4033,"Actual Loops": 1,"Inner Unique": true,"Plans": [{"Node Type": "Nested Loop","Parent Relationship": "Outer","Parallel Aware": false,"Async Capable": false,"Join Type": "Semi","Startup Cost": 1250.44,"Total Cost": 147378.26,"Plan Rows": 1,"Plan Width": 34,"Actual Startup Time": 5.342,"Actual Total Time": 438.031,"Actual Rows": 8241,"Actual Loops": 1,"Inner Unique": false,"Plans": [{"Node Type": "Gather","Parent Relationship": "Outer","Parallel Aware": false,"Async Capable": false,"Startup Cost": 1250.01,"Total Cost": 147377.22,"Plan Rows": 1,"Plan Width": 34,"Actual Startup Time": 5.330,"Actual Total Time": 330.100,"Actual Rows": 13657,"Actual Loops": 1,"Workers Planned": 4,"Workers Launched": 4,"Single Copy": false,"Plans": [{"Node Type": "Nested Loop","Parent Relationship": "Outer","Parallel Aware": false,"Async Capable": false,"Join Type": "Anti","Startup Cost": 250.01,"Total Cost": 146377.12,"Plan Rows": 1,"Plan Width": 34,"Actual Startup Time": 5.586,"Actual Total Time": 437.639,"Actual Rows": 2731,"Actual Loops": 5,"Inner Unique": false,"Workers": [],"Plans": [{"Node Type": "Hash Join","Parent Relationship": "Outer","Parallel Aware": false,"Async Capable": false,"Join Type": "Inner","Startup Cost": 249.58,"Total Cost": 133581.65,"Plan Rows": 19990,"Plan Width": 34,"Actual Startup Time": 4.860,"Actual Total Time": 349.886,"Actual Rows": 30149,"Actual Loops": 5,"Inner Unique": false,"Hash Cond": "(l1.l_suppkey = supplier.s_suppkey)","Workers": [],"Plans": [{"Node Type": "Seq Scan","Parent Relationship": "Outer","Parallel Aware": true,"Async Capable": false,"Relation Name": "lineitem","Alias": "l1","Startup Cost": 0.00,"Total Cost": 131256.80,"Plan Rows": 500101,"Plan Width": 8,"Actual Startup Time": 0.029,"Actual Total Time": 298.079,"Actual Rows": 758659,"Actual Loops": 5,"Filter": "(l_receiptdate > l_commitdate)","Rows Removed by Filter": 441584,"Workers": []},{"Node Type": "Hash","Parent Relationship": "Inner","Parallel Aware": false,"Async Capable": false,"Startup Cost": 244.58,"Total Cost": 244.58,"Plan Rows": 400,"Plan Width": 30,"Actual Startup Time": 4.540,"Actual Total Time": 4.550,"Actual Rows": 398,"Actual Loops": 5,"Hash Buckets": 1024,"Original Hash Buckets": 1024,"Hash Batches": 1,"Original Hash Batches": 1,"Peak Memory Usage": 33,"Workers": [],"Plans": [{"Node Type": "Nested Loop","Parent Relationship": "Outer","Parallel Aware": false,"Async Capable": false,"Join Type": "Inner","Startup Cost": 7.38,"Total Cost": 244.58,"Plan Rows": 400,"Plan Width": 30,"Actual Startup Time": 0.267,"Actual Total Time": 4.371,"Actual Rows": 398,"Actual Loops": 5,"Inner Unique": false,"Workers": [],"Plans": [{"Node Type": "Seq Scan","Parent Relationship": "Outer","Parallel Aware": false,"Async Capable": false,"Relation Name": "nation","Alias": "nation","Startup Cost": 0.00,"Total Cost": 1.31,"Plan Rows": 1,"Plan Width": 4,"Actual Startup Time": 0.059,"Actual Total Time": 0.062,"Actual Rows": 1,"Actual Loops": 5,"Filter": "(n_name = 'ROMANIA'::bpchar)","Rows Removed by Filter": 24,"Workers": []},{"Node Type": "Bitmap Heap Scan","Parent Relationship": "Inner","Parallel Aware": false,"Async Capable": false,"Relation Name": "supplier","Alias": "supplier","Startup Cost": 7.38,"Total Cost": 239.27,"Plan Rows": 400,"Plan Width": 34,"Actual Startup Time": 0.204,"Actual Total Time": 4.227,"Actual Rows": 398,"Actual Loops": 5,"Recheck Cond": "(s_nationkey = nation.n_nationkey)","Rows Removed by Index Recheck": 0,"Exact Heap Blocks": 186,"Lossy Heap Blocks": 0,"Workers": [],"Plans": [{"Node Type": "Bitmap Index Scan","Parent Relationship": "Outer","Parallel Aware": false,"Async Capable": false,"Index Name": "idx_supplier_nation_key","Startup Cost": 0.00,"Total Cost": 7.29,"Plan Rows": 400,"Plan Width": 0,"Actual Startup Time": 0.126,"Actual Total Time": 0.128,"Actual Rows": 398,"Actual Loops": 5,"Index Cond": "(s_nationkey = nation.n_nationkey)","Workers": []}]}]}]}]},{"Node Type": "Index Scan","Parent Relationship": "Inner","Parallel Aware": false,"Async Capable": false,"Scan Direction": "Forward","Index Name": "idx_lineitem_orderkey","Relation Name": "lineitem","Alias": "l3","Startup Cost": 0.43,"Total Cost": 1.06,"Plan Rows": 6,"Plan Width": 8,"Actual Startup Time": 0.003,"Actual Total Time": 0.003,"Actual Rows": 1,"Actual Loops": 150746,"Index Cond": "(l_orderkey = l1.l_orderkey)","Rows Removed by Index Recheck": 0,"Filter": "((l_receiptdate > l_commitdate) AND (l_suppkey <> l1.l_suppkey))","Rows Removed by Filter": 1,"Workers": []}]}]},{"Node Type": "Index Scan","Parent Relationship": "Inner","Parallel Aware": false,"Async Capable": false,"Scan Direction": "Forward","Index Name": "idx_lineitem_orderkey","Relation Name": "lineitem","Alias": "l2","Startup Cost": 0.43,"Total Cost": 1.02,"Plan Rows": 17,"Plan Width": 8,"Actual Startup Time": 0.007,"Actual Total Time": 0.007,"Actual Rows": 1,"Actual Loops": 13657,"Index Cond": "(l_orderkey = l1.l_orderkey)","Rows Removed by Index Recheck": 0,"Filter": "(l_suppkey <> l1.l_suppkey)","Rows Removed by Filter": 1}]},{"Node Type": "Index Scan","Parent Relationship": "Inner","Parallel Aware": false,"Async Capable": false,"Scan Direction": "Forward","Index Name": "orders_pkey","Relation Name": "orders","Alias": "orders","Startup Cost": 0.43,"Total Cost": 0.51,"Plan Rows": 1,"Plan Width": 4,"Actual Startup Time": 0.008,"Actual Total Time": 0.008,"Actual Rows": 0,"Actual Loops": 8241,"Index Cond": "(o_orderkey = l1.l_orderkey)","Rows Removed by Index Recheck": 0,"Filter": "(o_orderstatus = 'F'::bpchar)","Rows Removed by Filter": 1}]}]}]}]},"Planning Time": 9.721,"Triggers": [],"Execution Time": 515.552}]
[{"Plan": {"Node Type": "Sort","Parallel Aware": false,"Async Capable": false,"Startup Cost": 147378.80,"Total Cost": 147378.81,"Plan Rows": 1,"Plan Width": 34,"Actual Startup Time": 496.555,"Actual Total Time": 517.754,"Actual Rows": 397,"Actual Loops": 1,"Sort Key": ["(count(*)) DESC", "supplier.s_name"],"Sort Method": "quicksort","Sort Space Used": 56,"Sort Space Type": "Memory","Plans": [{"Node Type": "Aggregate","Strategy": "Sorted","Partial Mode": "Simple","Parent Relationship": "Outer","Parallel Aware": false,"Async Capable": false,"Startup Cost": 147378.77,"Total Cost": 147378.79,"Plan Rows": 1,"Plan Width": 34,"Actual Startup Time": 495.361,"Actual Total Time": 517.058,"Actual Rows": 397,"Actual Loops": 1,"Group Key": ["supplier.s_name"],"Plans": [{"Node Type": "Sort","Parent Relationship": "Outer","Parallel Aware": false,"Async Capable": false,"Startup Cost": 147378.77,"Total Cost": 147378.78,"Plan Rows": 1,"Plan Width": 26,"Actual Startup Time": 495.332,"Actual Total Time": 516.651,"Actual Rows": 3913,"Actual Loops": 1,"Sort Key": ["supplier.s_name"],"Sort Method": "quicksort","Sort Space Used": 372,"Sort Space Type": "Memory","Plans": [{"Node Type": "Nested Loop","Parent Relationship": "Outer","Parallel Aware": false,"Async Capable": false,"Join Type": "Inner","Startup Cost": 1250.87,"Total Cost": 147378.76,"Plan Rows": 1,"Plan Width": 26,"Actual Startup Time": 5.355,"Actual Total Time": 505.328,"Actual Rows": 3913,"Actual Loops": 1,"Inner Unique": true,"Plans": [{"Node Type": "Nested Loop","Parent Relationship": "Outer","Parallel Aware": false,"Async Capable": false,"Join Type": "Semi","Startup Cost": 1250.44,"Total Cost": 147378.26,"Plan Rows": 1,"Plan Width": 34,"Actual Startup Time": 4.468,"Actual Total Time": 441.221,"Actual Rows": 7976,"Actual Loops": 1,"Inner Unique": false,"Plans": [{"Node Type": "Gather","Parent Relationship": "Outer","Parallel Aware": false,"Async Capable": false,"Startup Cost": 1250.01,"Total Cost": 147377.22,"Plan Rows": 1,"Plan Width": 34,"Actual Startup Time": 4.454,"Actual Total Time": 332.117,"Actual Rows": 13419,"Actual Loops": 1,"Workers Planned": 4,"Workers Launched": 4,"Single Copy": false,"Plans": [{"Node Type": "Nested Loop","Parent Relationship": "Outer","Parallel Aware": false,"Async Capable": false,"Join Type": "Anti","Startup Cost": 250.01,"Total Cost": 146377.12,"Plan Rows": 1,"Plan Width": 34,"Actual Startup Time": 5.707,"Actual Total Time": 439.562,"Actual Rows": 2684,"Actual Loops": 5,"Inner Unique": false,"Workers": [],"Plans": [{"Node Type": "Hash Join","Parent Relationship": "Outer","Parallel Aware": false,"Async Capable": false,"Join Type": "Inner","Startup Cost": 249.58,"Total Cost": 133581.65,"Plan Rows": 19990,"Plan Width": 34,"Actual Startup Time": 5.222,"Actual Total Time": 351.394,"Actual Rows": 30171,"Actual Loops": 5,"Inner Unique": false,"Hash Cond": "(l1.l_suppkey = supplier.s_suppkey)","Workers": [],"Plans": [{"Node Type": "Seq Scan","Parent Relationship": "Outer","Parallel Aware": true,"Async Capable": false,"Relation Name": "lineitem","Alias": "l1","Startup Cost": 0.00,"Total Cost": 131256.80,"Plan Rows": 500101,"Plan Width": 8,"Actual Startup Time": 0.029,"Actual Total Time": 300.354,"Actual Rows": 758659,"Actual Loops": 5,"Filter": "(l_receiptdate > l_commitdate)","Rows Removed by Filter": 441584,"Workers": []},{"Node Type": "Hash","Parent Relationship": "Inner","Parallel Aware": false,"Async Capable": false,"Startup Cost": 244.58,"Total Cost": 244.58,"Plan Rows": 400,"Plan Width": 30,"Actual Startup Time": 4.859,"Actual Total Time": 4.869,"Actual Rows": 397,"Actual Loops": 5,"Hash Buckets": 1024,"Original Hash Buckets": 1024,"Hash Batches": 1,"Original Hash Batches": 1,"Peak Memory Usage": 33,"Workers": [],"Plans": [{"Node Type": "Nested Loop","Parent Relationship": "Outer","Parallel Aware": false,"Async Capable": false,"Join Type": "Inner","Startup Cost": 7.38,"Total Cost": 244.58,"Plan Rows": 400,"Plan Width": 30,"Actual Startup Time": 0.335,"Actual Total Time": 4.677,"Actual Rows": 397,"Actual Loops": 5,"Inner Unique": false,"Workers": [],"Plans": [{"Node Type": "Seq Scan","Parent Relationship": "Outer","Parallel Aware": false,"Async Capable": false,"Relation Name": "nation","Alias": "nation","Startup Cost": 0.00,"Total Cost": 1.31,"Plan Rows": 1,"Plan Width": 4,"Actual Startup Time": 0.076,"Actual Total Time": 0.084,"Actual Rows": 1,"Actual Loops": 5,"Filter": "(n_name = 'BRAZIL'::bpchar)","Rows Removed by Filter": 24,"Workers": []},{"Node Type": "Bitmap Heap Scan","Parent Relationship": "Inner","Parallel Aware": false,"Async Capable": false,"Relation Name": "supplier","Alias": "supplier","Startup Cost": 7.38,"Total Cost": 239.27,"Plan Rows": 400,"Plan Width": 34,"Actual Startup Time": 0.255,"Actual Total Time": 4.499,"Actual Rows": 397,"Actual Loops": 5,"Recheck Cond": "(s_nationkey = nation.n_nationkey)","Rows Removed by Index Recheck": 0,"Exact Heap Blocks": 187,"Lossy Heap Blocks": 0,"Workers": [],"Plans": [{"Node Type": "Bitmap Index Scan","Parent Relationship": "Outer","Parallel Aware": false,"Async Capable": false,"Index Name": "idx_supplier_nation_key","Startup Cost": 0.00,"Total Cost": 7.29,"Plan Rows": 400,"Plan Width": 0,"Actual Startup Time": 0.169,"Actual Total Time": 0.170,"Actual Rows": 397,"Actual Loops": 5,"Index Cond": "(s_nationkey = nation.n_nationkey)","Workers": []}]}]}]}]},{"Node Type": "Index Scan","Parent Relationship": "Inner","Parallel Aware": false,"Async Capable": false,"Scan Direction": "Forward","Index Name": "idx_lineitem_orderkey","Relation Name": "lineitem","Alias": "l3","Startup Cost": 0.43,"Total Cost": 1.06,"Plan Rows": 6,"Plan Width": 8,"Actual Startup Time": 0.003,"Actual Total Time": 0.003,"Actual Rows": 1,"Actual Loops": 150857,"Index Cond": "(l_orderkey = l1.l_orderkey)","Rows Removed by Index Recheck": 0,"Filter": "((l_receiptdate > l_commitdate) AND (l_suppkey <> l1.l_suppkey))","Rows Removed by Filter": 1,"Workers": []}]}]},{"Node Type": "Index Scan","Parent Relationship": "Inner","Parallel Aware": false,"Async Capable": false,"Scan Direction": "Forward","Index Name": "idx_lineitem_orderkey","Relation Name": "lineitem","Alias": "l2","Startup Cost": 0.43,"Total Cost": 1.02,"Plan Rows": 17,"Plan Width": 8,"Actual Startup Time": 0.008,"Actual Total Time": 0.008,"Actual Rows": 1,"Actual Loops": 13419,"Index Cond": "(l_orderkey = l1.l_orderkey)","Rows Removed by Index Recheck": 0,"Filter": "(l_suppkey <> l1.l_suppkey)","Rows Removed by Filter": 1}]},{"Node Type": "Index Scan","Parent Relationship": "Inner","Parallel Aware": false,"Async Capable": false,"Scan Direction": "Forward","Index Name": "orders_pkey","Relation Name": "orders","Alias": "orders","Startup Cost": 0.43,"Total Cost": 0.51,"Plan Rows": 1,"Plan Width": 4,"Actual Startup Time": 0.008,"Actual Total Time": 0.008,"Actual Rows": 0,"Actual Loops": 7976,"Index Cond": "(o_orderkey = l1.l_orderkey)","Rows Removed by Index Recheck": 0,"Filter": "(o_orderstatus = 'F'::bpchar)","Rows Removed by Filter": 1}]}]}]}]},"Planning Time": 8.213,"Triggers": [],"Execution Time": 518.316}]
[{"Plan": {"Node Type": "Sort","Parallel Aware": false,"Async Capable": false,"Startup Cost": 147378.80,"Total Cost": 147378.81,"Plan Rows": 1,"Plan Width": 34,"Actual Startup Time": 505.815,"Actual Total Time": 525.309,"Actual Rows": 390,"Actual Loops": 1,"Sort Key": ["(count(*)) DESC", "supplier.s_name"],"Sort Method": "quicksort","Sort Space Used": 55,"Sort Space Type": "Memory","Plans": [{"Node Type": "Aggregate","Strategy": "Sorted","Partial Mode": "Simple","Parent Relationship": "Outer","Parallel Aware": false,"Async Capable": false,"Startup Cost": 147378.77,"Total Cost": 147378.79,"Plan Rows": 1,"Plan Width": 34,"Actual Startup Time": 504.634,"Actual Total Time": 524.620,"Actual Rows": 390,"Actual Loops": 1,"Group Key": ["supplier.s_name"],"Plans": [{"Node Type": "Sort","Parent Relationship": "Outer","Parallel Aware": false,"Async Capable": false,"Startup Cost": 147378.77,"Total Cost": 147378.78,"Plan Rows": 1,"Plan Width": 26,"Actual Startup Time": 504.612,"Actual Total Time": 524.224,"Actual Rows": 3844,"Actual Loops": 1,"Sort Key": ["supplier.s_name"],"Sort Method": "quicksort","Sort Space Used": 367,"Sort Space Type": "Memory","Plans": [{"Node Type": "Nested Loop","Parent Relationship": "Outer","Parallel Aware": false,"Async Capable": false,"Join Type": "Inner","Startup Cost": 1250.87,"Total Cost": 147378.76,"Plan Rows": 1,"Plan Width": 26,"Actual Startup Time": 4.787,"Actual Total Time": 512.994,"Actual Rows": 3844,"Actual Loops": 1,"Inner Unique": true,"Plans": [{"Node Type": "Nested Loop","Parent Relationship": "Outer","Parallel Aware": false,"Async Capable": false,"Join Type": "Semi","Startup Cost": 1250.44,"Total Cost": 147378.26,"Plan Rows": 1,"Plan Width": 34,"Actual Startup Time": 4.747,"Actual Total Time": 447.855,"Actual Rows": 7892,"Actual Loops": 1,"Inner Unique": false,"Plans": [{"Node Type": "Gather","Parent Relationship": "Outer","Parallel Aware": false,"Async Capable": false,"Startup Cost": 1250.01,"Total Cost": 147377.22,"Plan Rows": 1,"Plan Width": 34,"Actual Startup Time": 4.560,"Actual Total Time": 339.834,"Actual Rows": 13152,"Actual Loops": 1,"Workers Planned": 4,"Workers Launched": 4,"Single Copy": false,"Plans": [{"Node Type": "Nested Loop","Parent Relationship": "Outer","Parallel Aware": false,"Async Capable": false,"Join Type": "Anti","Startup Cost": 250.01,"Total Cost": 146377.12,"Plan Rows": 1,"Plan Width": 34,"Actual Startup Time": 5.683,"Actual Total Time": 445.299,"Actual Rows": 2630,"Actual Loops": 5,"Inner Unique": false,"Workers": [],"Plans": [{"Node Type": "Hash Join","Parent Relationship": "Outer","Parallel Aware": false,"Async Capable": false,"Join Type": "Inner","Startup Cost": 249.58,"Total Cost": 133581.65,"Plan Rows": 19990,"Plan Width": 34,"Actual Startup Time": 5.525,"Actual Total Time": 357.256,"Actual Rows": 29502,"Actual Loops": 5,"Inner Unique": false,"Hash Cond": "(l1.l_suppkey = supplier.s_suppkey)","Workers": [],"Plans": [{"Node Type": "Seq Scan","Parent Relationship": "Outer","Parallel Aware": true,"Async Capable": false,"Relation Name": "lineitem","Alias": "l1","Startup Cost": 0.00,"Total Cost": 131256.80,"Plan Rows": 500101,"Plan Width": 8,"Actual Startup Time": 0.033,"Actual Total Time": 305.756,"Actual Rows": 758659,"Actual Loops": 5,"Filter": "(l_receiptdate > l_commitdate)","Rows Removed by Filter": 441584,"Workers": []},{"Node Type": "Hash","Parent Relationship": "Inner","Parallel Aware": false,"Async Capable": false,"Startup Cost": 244.58,"Total Cost": 244.58,"Plan Rows": 400,"Plan Width": 30,"Actual Startup Time": 5.155,"Actual Total Time": 5.167,"Actual Rows": 390,"Actual Loops": 5,"Hash Buckets": 1024,"Original Hash Buckets": 1024,"Hash Batches": 1,"Original Hash Batches": 1,"Peak Memory Usage": 33,"Workers": [],"Plans": [{"Node Type": "Nested Loop","Parent Relationship": "Outer","Parallel Aware": false,"Async Capable": false,"Join Type": "Inner","Startup Cost": 7.38,"Total Cost": 244.58,"Plan Rows": 400,"Plan Width": 30,"Actual Startup Time": 0.295,"Actual Total Time": 4.960,"Actual Rows": 390,"Actual Loops": 5,"Inner Unique": false,"Workers": [],"Plans": [{"Node Type": "Seq Scan","Parent Relationship": "Outer","Parallel Aware": false,"Async Capable": false,"Relation Name": "nation","Alias": "nation","Startup Cost": 0.00,"Total Cost": 1.31,"Plan Rows": 1,"Plan Width": 4,"Actual Startup Time": 0.065,"Actual Total Time": 0.070,"Actual Rows": 1,"Actual Loops": 5,"Filter": "(n_name = 'UNITED KINGDOM'::bpchar)","Rows Removed by Filter": 24,"Workers": []},{"Node Type": "Bitmap Heap Scan","Parent Relationship": "Inner","Parallel Aware": false,"Async Capable": false,"Relation Name": "supplier","Alias": "supplier","Startup Cost": 7.38,"Total Cost": 239.27,"Plan Rows": 400,"Plan Width": 34,"Actual Startup Time": 0.224,"Actual Total Time": 4.798,"Actual Rows": 390,"Actual Loops": 5,"Recheck Cond": "(s_nationkey = nation.n_nationkey)","Rows Removed by Index Recheck": 0,"Exact Heap Blocks": 190,"Lossy Heap Blocks": 0,"Workers": [],"Plans": [{"Node Type": "Bitmap Index Scan","Parent Relationship": "Outer","Parallel Aware": false,"Async Capable": false,"Index Name": "idx_supplier_nation_key","Startup Cost": 0.00,"Total Cost": 7.29,"Plan Rows": 400,"Plan Width": 0,"Actual Startup Time": 0.138,"Actual Total Time": 0.139,"Actual Rows": 390,"Actual Loops": 5,"Index Cond": "(s_nationkey = nation.n_nationkey)","Workers": []}]}]}]}]},{"Node Type": "Index Scan","Parent Relationship": "Inner","Parallel Aware": false,"Async Capable": false,"Scan Direction": "Forward","Index Name": "idx_lineitem_orderkey","Relation Name": "lineitem","Alias": "l3","Startup Cost": 0.43,"Total Cost": 1.06,"Plan Rows": 6,"Plan Width": 8,"Actual Startup Time": 0.003,"Actual Total Time": 0.003,"Actual Rows": 1,"Actual Loops": 147510,"Index Cond": "(l_orderkey = l1.l_orderkey)","Rows Removed by Index Recheck": 0,"Filter": "((l_receiptdate > l_commitdate) AND (l_suppkey <> l1.l_suppkey))","Rows Removed by Filter": 1,"Workers": []}]}]},{"Node Type": "Index Scan","Parent Relationship": "Inner","Parallel Aware": false,"Async Capable": false,"Scan Direction": "Forward","Index Name": "idx_lineitem_orderkey","Relation Name": "lineitem","Alias": "l2","Startup Cost": 0.43,"Total Cost": 1.02,"Plan Rows": 17,"Plan Width": 8,"Actual Startup Time": 0.008,"Actual Total Time": 0.008,"Actual Rows": 1,"Actual Loops": 13152,"Index Cond": "(l_orderkey = l1.l_orderkey)","Rows Removed by Index Recheck": 0,"Filter": "(l_suppkey <> l1.l_suppkey)","Rows Removed by Filter": 1}]},{"Node Type": "Index Scan","Parent Relationship": "Inner","Parallel Aware": false,"Async Capable": false,"Scan Direction": "Forward","Index Name": "orders_pkey","Relation Name": "orders","Alias": "orders","Startup Cost": 0.43,"Total Cost": 0.51,"Plan Rows": 1,"Plan Width": 4,"Actual Startup Time": 0.008,"Actual Total Time": 0.008,"Actual Rows": 0,"Actual Loops": 7892,"Index Cond": "(o_orderkey = l1.l_orderkey)","Rows Removed by Index Recheck": 0,"Filter": "(o_orderstatus = 'F'::bpchar)","Rows Removed by Filter": 1}]}]}]}]},"Planning Time": 10.043,"Triggers": [],"Execution Time": 525.836}]
[{"Plan": {"Node Type": "Sort","Parallel Aware": false,"Async Capable": false,"Startup Cost": 147378.80,"Total Cost": 147378.81,"Plan Rows": 1,"Plan Width": 34,"Actual Startup Time": 506.689,"Actual Total Time": 525.046,"Actual Rows": 415,"Actual Loops": 1,"Sort Key": ["(count(*)) DESC", "supplier.s_name"],"Sort Method": "quicksort","Sort Space Used": 57,"Sort Space Type": "Memory","Plans": [{"Node Type": "Aggregate","Strategy": "Sorted","Partial Mode": "Simple","Parent Relationship": "Outer","Parallel Aware": false,"Async Capable": false,"Startup Cost": 147378.77,"Total Cost": 147378.79,"Plan Rows": 1,"Plan Width": 34,"Actual Startup Time": 505.377,"Actual Total Time": 524.254,"Actual Rows": 415,"Actual Loops": 1,"Group Key": ["supplier.s_name"],"Plans": [{"Node Type": "Sort","Parent Relationship": "Outer","Parallel Aware": false,"Async Capable": false,"Startup Cost": 147378.77,"Total Cost": 147378.78,"Plan Rows": 1,"Plan Width": 26,"Actual Startup Time": 505.350,"Actual Total Time": 523.830,"Actual Rows": 4021,"Actual Loops": 1,"Sort Key": ["supplier.s_name"],"Sort Method": "quicksort","Sort Space Used": 379,"Sort Space Type": "Memory","Plans": [{"Node Type": "Nested Loop","Parent Relationship": "Outer","Parallel Aware": false,"Async Capable": false,"Join Type": "Inner","Startup Cost": 1250.87,"Total Cost": 147378.76,"Plan Rows": 1,"Plan Width": 26,"Actual Startup Time": 4.344,"Actual Total Time": 512.010,"Actual Rows": 4021,"Actual Loops": 1,"Inner Unique": true,"Plans": [{"Node Type": "Nested Loop","Parent Relationship": "Outer","Parallel Aware": false,"Async Capable": false,"Join Type": "Semi","Startup Cost": 1250.44,"Total Cost": 147378.26,"Plan Rows": 1,"Plan Width": 34,"Actual Startup Time": 4.308,"Actual Total Time": 447.240,"Actual Rows": 8423,"Actual Loops": 1,"Inner Unique": false,"Plans": [{"Node Type": "Gather","Parent Relationship": "Outer","Parallel Aware": false,"Async Capable": false,"Startup Cost": 1250.01,"Total Cost": 147377.22,"Plan Rows": 1,"Plan Width": 34,"Actual Startup Time": 4.250,"Actual Total Time": 340.738,"Actual Rows": 13873,"Actual Loops": 1,"Workers Planned": 4,"Workers Launched": 4,"Single Copy": false,"Plans": [{"Node Type": "Nested Loop","Parent Relationship": "Outer","Parallel Aware": false,"Async Capable": false,"Join Type": "Anti","Startup Cost": 250.01,"Total Cost": 146377.12,"Plan Rows": 1,"Plan Width": 34,"Actual Startup Time": 6.059,"Actual Total Time": 447.143,"Actual Rows": 2775,"Actual Loops": 5,"Inner Unique": false,"Workers": [],"Plans": [{"Node Type": "Hash Join","Parent Relationship": "Outer","Parallel Aware": false,"Async Capable": false,"Join Type": "Inner","Startup Cost": 249.58,"Total Cost": 133581.65,"Plan Rows": 19990,"Plan Width": 34,"Actual Startup Time": 5.350,"Actual Total Time": 355.670,"Actual Rows": 31496,"Actual Loops": 5,"Inner Unique": false,"Hash Cond": "(l1.l_suppkey = supplier.s_suppkey)","Workers": [],"Plans": [{"Node Type": "Seq Scan","Parent Relationship": "Outer","Parallel Aware": true,"Async Capable": false,"Relation Name": "lineitem","Alias": "l1","Startup Cost": 0.00,"Total Cost": 131256.80,"Plan Rows": 500101,"Plan Width": 8,"Actual Startup Time": 0.034,"Actual Total Time": 302.387,"Actual Rows": 758659,"Actual Loops": 5,"Filter": "(l_receiptdate > l_commitdate)","Rows Removed by Filter": 441584,"Workers": []},{"Node Type": "Hash","Parent Relationship": "Inner","Parallel Aware": false,"Async Capable": false,"Startup Cost": 244.58,"Total Cost": 244.58,"Plan Rows": 400,"Plan Width": 30,"Actual Startup Time": 5.023,"Actual Total Time": 5.034,"Actual Rows": 415,"Actual Loops": 5,"Hash Buckets": 1024,"Original Hash Buckets": 1024,"Hash Batches": 1,"Original Hash Batches": 1,"Peak Memory Usage": 34,"Workers": [],"Plans": [{"Node Type": "Nested Loop","Parent Relationship": "Outer","Parallel Aware": false,"Async Capable": false,"Join Type": "Inner","Startup Cost": 7.38,"Total Cost": 244.58,"Plan Rows": 400,"Plan Width": 30,"Actual Startup Time": 0.341,"Actual Total Time": 4.843,"Actual Rows": 415,"Actual Loops": 5,"Inner Unique": false,"Workers": [],"Plans": [{"Node Type": "Seq Scan","Parent Relationship": "Outer","Parallel Aware": false,"Async Capable": false,"Relation Name": "nation","Alias": "nation","Startup Cost": 0.00,"Total Cost": 1.31,"Plan Rows": 1,"Plan Width": 4,"Actual Startup Time": 0.054,"Actual Total Time": 0.060,"Actual Rows": 1,"Actual Loops": 5,"Filter": "(n_name = 'INDIA'::bpchar)","Rows Removed by Filter": 24,"Workers": []},{"Node Type": "Bitmap Heap Scan","Parent Relationship": "Inner","Parallel Aware": false,"Async Capable": false,"Relation Name": "supplier","Alias": "supplier","Startup Cost": 7.38,"Total Cost": 239.27,"Plan Rows": 400,"Plan Width": 34,"Actual Startup Time": 0.281,"Actual Total Time": 4.691,"Actual Rows": 415,"Actual Loops": 5,"Recheck Cond": "(s_nationkey = nation.n_nationkey)","Rows Removed by Index Recheck": 0,"Exact Heap Blocks": 186,"Lossy Heap Blocks": 0,"Workers": [],"Plans": [{"Node Type": "Bitmap Index Scan","Parent Relationship": "Outer","Parallel Aware": false,"Async Capable": false,"Index Name": "idx_supplier_nation_key","Startup Cost": 0.00,"Total Cost": 7.29,"Plan Rows": 400,"Plan Width": 0,"Actual Startup Time": 0.207,"Actual Total Time": 0.208,"Actual Rows": 415,"Actual Loops": 5,"Index Cond": "(s_nationkey = nation.n_nationkey)","Workers": []}]}]}]}]},{"Node Type": "Index Scan","Parent Relationship": "Inner","Parallel Aware": false,"Async Capable": false,"Scan Direction": "Forward","Index Name": "idx_lineitem_orderkey","Relation Name": "lineitem","Alias": "l3","Startup Cost": 0.43,"Total Cost": 1.06,"Plan Rows": 6,"Plan Width": 8,"Actual Startup Time": 0.003,"Actual Total Time": 0.003,"Actual Rows": 1,"Actual Loops": 157482,"Index Cond": "(l_orderkey = l1.l_orderkey)","Rows Removed by Index Recheck": 0,"Filter": "((l_receiptdate > l_commitdate) AND (l_suppkey <> l1.l_suppkey))","Rows Removed by Filter": 1,"Workers": []}]}]},{"Node Type": "Index Scan","Parent Relationship": "Inner","Parallel Aware": false,"Async Capable": false,"Scan Direction": "Forward","Index Name": "idx_lineitem_orderkey","Relation Name": "lineitem","Alias": "l2","Startup Cost": 0.43,"Total Cost": 1.02,"Plan Rows": 17,"Plan Width": 8,"Actual Startup Time": 0.007,"Actual Total Time": 0.007,"Actual Rows": 1,"Actual Loops": 13873,"Index Cond": "(l_orderkey = l1.l_orderkey)","Rows Removed by Index Recheck": 0,"Filter": "(l_suppkey <> l1.l_suppkey)","Rows Removed by Filter": 1}]},{"Node Type": "Index Scan","Parent Relationship": "Inner","Parallel Aware": false,"Async Capable": false,"Scan Direction": "Forward","Index Name": "orders_pkey","Relation Name": "orders","Alias": "orders","Startup Cost": 0.43,"Total Cost": 0.51,"Plan Rows": 1,"Plan Width": 4,"Actual Startup Time": 0.007,"Actual Total Time": 0.007,"Actual Rows": 0,"Actual Loops": 8423,"Index Cond": "(o_orderkey = l1.l_orderkey)","Rows Removed by Index Recheck": 0,"Filter": "(o_orderstatus = 'F'::bpchar)","Rows Removed by Filter": 1}]}]}]}]},"Planning Time": 9.331,"Triggers": [],"Execution Time": 525.561}]
[{"Plan": {"Node Type": "Sort","Parallel Aware": false,"Async Capable": false,"Startup Cost": 147378.80,"Total Cost": 147378.81,"Plan Rows": 1,"Plan Width": 34,"Actual Startup Time": 501.304,"Actual Total Time": 522.071,"Actual Rows": 393,"Actual Loops": 1,"Sort Key": ["(count(*)) DESC", "supplier.s_name"],"Sort Method": "quicksort","Sort Space Used": 55,"Sort Space Type": "Memory","Plans": [{"Node Type": "Aggregate","Strategy": "Sorted","Partial Mode": "Simple","Parent Relationship": "Outer","Parallel Aware": false,"Async Capable": false,"Startup Cost": 147378.77,"Total Cost": 147378.79,"Plan Rows": 1,"Plan Width": 34,"Actual Startup Time": 500.141,"Actual Total Time": 521.406,"Actual Rows": 393,"Actual Loops": 1,"Group Key": ["supplier.s_name"],"Plans": [{"Node Type": "Sort","Parent Relationship": "Outer","Parallel Aware": false,"Async Capable": false,"Startup Cost": 147378.77,"Total Cost": 147378.78,"Plan Rows": 1,"Plan Width": 26,"Actual Startup Time": 500.117,"Actual Total Time": 521.005,"Actual Rows": 3888,"Actual Loops": 1,"Sort Key": ["supplier.s_name"],"Sort Method": "quicksort","Sort Space Used": 370,"Sort Space Type": "Memory","Plans": [{"Node Type": "Nested Loop","Parent Relationship": "Outer","Parallel Aware": false,"Async Capable": false,"Join Type": "Inner","Startup Cost": 1250.87,"Total Cost": 147378.76,"Plan Rows": 1,"Plan Width": 26,"Actual Startup Time": 4.419,"Actual Total Time": 510.533,"Actual Rows": 3888,"Actual Loops": 1,"Inner Unique": true,"Plans": [{"Node Type": "Nested Loop","Parent Relationship": "Outer","Parallel Aware": false,"Async Capable": false,"Join Type": "Semi","Startup Cost": 1250.44,"Total Cost": 147378.26,"Plan Rows": 1,"Plan Width": 34,"Actual Startup Time": 4.399,"Actual Total Time": 450.183,"Actual Rows": 7870,"Actual Loops": 1,"Inner Unique": false,"Plans": [{"Node Type": "Gather","Parent Relationship": "Outer","Parallel Aware": false,"Async Capable": false,"Startup Cost": 1250.01,"Total Cost": 147377.22,"Plan Rows": 1,"Plan Width": 34,"Actual Startup Time": 4.381,"Actual Total Time": 345.433,"Actual Rows": 13167,"Actual Loops": 1,"Workers Planned": 4,"Workers Launched": 4,"Single Copy": false,"Plans": [{"Node Type": "Nested Loop","Parent Relationship": "Outer","Parallel Aware": false,"Async Capable": false,"Join Type": "Anti","Startup Cost": 250.01,"Total Cost": 146377.12,"Plan Rows": 1,"Plan Width": 34,"Actual Startup Time": 4.384,"Actual Total Time": 444.967,"Actual Rows": 2633,"Actual Loops": 5,"Inner Unique": false,"Workers": [],"Plans": [{"Node Type": "Hash Join","Parent Relationship": "Outer","Parallel Aware": false,"Async Capable": false,"Join Type": "Inner","Startup Cost": 249.58,"Total Cost": 133581.65,"Plan Rows": 19990,"Plan Width": 34,"Actual Startup Time": 4.142,"Actual Total Time": 356.305,"Actual Rows": 29760,"Actual Loops": 5,"Inner Unique": false,"Hash Cond": "(l1.l_suppkey = supplier.s_suppkey)","Workers": [],"Plans": [{"Node Type": "Seq Scan","Parent Relationship": "Outer","Parallel Aware": true,"Async Capable": false,"Relation Name": "lineitem","Alias": "l1","Startup Cost": 0.00,"Total Cost": 131256.80,"Plan Rows": 500101,"Plan Width": 8,"Actual Startup Time": 0.027,"Actual Total Time": 306.242,"Actual Rows": 758659,"Actual Loops": 5,"Filter": "(l_receiptdate > l_commitdate)","Rows Removed by Filter": 441584,"Workers": []},{"Node Type": "Hash","Parent Relationship": "Inner","Parallel Aware": false,"Async Capable": false,"Startup Cost": 244.58,"Total Cost": 244.58,"Plan Rows": 400,"Plan Width": 30,"Actual Startup Time": 3.834,"Actual Total Time": 3.847,"Actual Rows": 393,"Actual Loops": 5,"Hash Buckets": 1024,"Original Hash Buckets": 1024,"Hash Batches": 1,"Original Hash Batches": 1,"Peak Memory Usage": 33,"Workers": [],"Plans": [{"Node Type": "Nested Loop","Parent Relationship": "Outer","Parallel Aware": false,"Async Capable": false,"Join Type": "Inner","Startup Cost": 7.38,"Total Cost": 244.58,"Plan Rows": 400,"Plan Width": 30,"Actual Startup Time": 0.244,"Actual Total Time": 3.695,"Actual Rows": 393,"Actual Loops": 5,"Inner Unique": false,"Workers": [],"Plans": [{"Node Type": "Seq Scan","Parent Relationship": "Outer","Parallel Aware": false,"Async Capable": false,"Relation Name": "nation","Alias": "nation","Startup Cost": 0.00,"Total Cost": 1.31,"Plan Rows": 1,"Plan Width": 4,"Actual Startup Time": 0.049,"Actual Total Time": 0.055,"Actual Rows": 1,"Actual Loops": 5,"Filter": "(n_name = 'IRAN'::bpchar)","Rows Removed by Filter": 24,"Workers": []},{"Node Type": "Bitmap Heap Scan","Parent Relationship": "Inner","Parallel Aware": false,"Async Capable": false,"Relation Name": "supplier","Alias": "supplier","Startup Cost": 7.38,"Total Cost": 239.27,"Plan Rows": 400,"Plan Width": 34,"Actual Startup Time": 0.188,"Actual Total Time": 3.562,"Actual Rows": 393,"Actual Loops": 5,"Recheck Cond": "(s_nationkey = nation.n_nationkey)","Rows Removed by Index Recheck": 0,"Exact Heap Blocks": 179,"Lossy Heap Blocks": 0,"Workers": [],"Plans": [{"Node Type": "Bitmap Index Scan","Parent Relationship": "Outer","Parallel Aware": false,"Async Capable": false,"Index Name": "idx_supplier_nation_key","Startup Cost": 0.00,"Total Cost": 7.29,"Plan Rows": 400,"Plan Width": 0,"Actual Startup Time": 0.116,"Actual Total Time": 0.118,"Actual Rows": 393,"Actual Loops": 5,"Index Cond": "(s_nationkey = nation.n_nationkey)","Workers": []}]}]}]}]},{"Node Type": "Index Scan","Parent Relationship": "Inner","Parallel Aware": false,"Async Capable": false,"Scan Direction": "Forward","Index Name": "idx_lineitem_orderkey","Relation Name": "lineitem","Alias": "l3","Startup Cost": 0.43,"Total Cost": 1.06,"Plan Rows": 6,"Plan Width": 8,"Actual Startup Time": 0.003,"Actual Total Time": 0.003,"Actual Rows": 1,"Actual Loops": 148802,"Index Cond": "(l_orderkey = l1.l_orderkey)","Rows Removed by Index Recheck": 0,"Filter": "((l_receiptdate > l_commitdate) AND (l_suppkey <> l1.l_suppkey))","Rows Removed by Filter": 1,"Workers": []}]}]},{"Node Type": "Index Scan","Parent Relationship": "Inner","Parallel Aware": false,"Async Capable": false,"Scan Direction": "Forward","Index Name": "idx_lineitem_orderkey","Relation Name": "lineitem","Alias": "l2","Startup Cost": 0.43,"Total Cost": 1.02,"Plan Rows": 17,"Plan Width": 8,"Actual Startup Time": 0.008,"Actual Total Time": 0.008,"Actual Rows": 1,"Actual Loops": 13167,"Index Cond": "(l_orderkey = l1.l_orderkey)","Rows Removed by Index Recheck": 0,"Filter": "(l_suppkey <> l1.l_suppkey)","Rows Removed by Filter": 1}]},{"Node Type": "Index Scan","Parent Relationship": "Inner","Parallel Aware": false,"Async Capable": false,"Scan Direction": "Forward","Index Name": "orders_pkey","Relation Name": "orders","Alias": "orders","Startup Cost": 0.43,"Total Cost": 0.51,"Plan Rows": 1,"Plan Width": 4,"Actual Startup Time": 0.007,"Actual Total Time": 0.007,"Actual Rows": 0,"Actual Loops": 7870,"Index Cond": "(o_orderkey = l1.l_orderkey)","Rows Removed by Index Recheck": 0,"Filter": "(o_orderstatus = 'F'::bpchar)","Rows Removed by Filter": 1}]}]}]}]},"Planning Time": 9.769,"Triggers": [],"Execution Time": 522.666}]
[{"Plan": {"Node Type": "Sort","Parallel Aware": false,"Async Capable": false,"Startup Cost": 147378.80,"Total Cost": 147378.81,"Plan Rows": 1,"Plan Width": 34,"Actual Startup Time": 500.709,"Actual Total Time": 524.703,"Actual Rows": 407,"Actual Loops": 1,"Sort Key": ["(count(*)) DESC", "supplier.s_name"],"Sort Method": "quicksort","Sort Space Used": 56,"Sort Space Type": "Memory","Plans": [{"Node Type": "Aggregate","Strategy": "Sorted","Partial Mode": "Simple","Parent Relationship": "Outer","Parallel Aware": false,"Async Capable": false,"Startup Cost": 147378.77,"Total Cost": 147378.79,"Plan Rows": 1,"Plan Width": 34,"Actual Startup Time": 499.455,"Actual Total Time": 523.962,"Actual Rows": 407,"Actual Loops": 1,"Group Key": ["supplier.s_name"],"Plans": [{"Node Type": "Sort","Parent Relationship": "Outer","Parallel Aware": false,"Async Capable": false,"Startup Cost": 147378.77,"Total Cost": 147378.78,"Plan Rows": 1,"Plan Width": 26,"Actual Startup Time": 499.433,"Actual Total Time": 523.550,"Actual Rows": 3965,"Actual Loops": 1,"Sort Key": ["supplier.s_name"],"Sort Method": "quicksort","Sort Space Used": 375,"Sort Space Type": "Memory","Plans": [{"Node Type": "Nested Loop","Parent Relationship": "Outer","Parallel Aware": false,"Async Capable": false,"Join Type": "Inner","Startup Cost": 1250.87,"Total Cost": 147378.76,"Plan Rows": 1,"Plan Width": 26,"Actual Startup Time": 5.067,"Actual Total Time": 512.972,"Actual Rows": 3965,"Actual Loops": 1,"Inner Unique": true,"Plans": [{"Node Type": "Nested Loop","Parent Relationship": "Outer","Parallel Aware": false,"Async Capable": false,"Join Type": "Semi","Startup Cost": 1250.44,"Total Cost": 147378.26,"Plan Rows": 1,"Plan Width": 34,"Actual Startup Time": 5.045,"Actual Total Time": 451.382,"Actual Rows": 8089,"Actual Loops": 1,"Inner Unique": false,"Plans": [{"Node Type": "Gather","Parent Relationship": "Outer","Parallel Aware": false,"Async Capable": false,"Startup Cost": 1250.01,"Total Cost": 147377.22,"Plan Rows": 1,"Plan Width": 34,"Actual Startup Time": 4.734,"Actual Total Time": 344.998,"Actual Rows": 13526,"Actual Loops": 1,"Workers Planned": 4,"Workers Launched": 4,"Single Copy": false,"Plans": [{"Node Type": "Nested Loop","Parent Relationship": "Outer","Parallel Aware": false,"Async Capable": false,"Join Type": "Anti","Startup Cost": 250.01,"Total Cost": 146377.12,"Plan Rows": 1,"Plan Width": 34,"Actual Startup Time": 4.775,"Actual Total Time": 445.542,"Actual Rows": 2705,"Actual Loops": 5,"Inner Unique": false,"Workers": [],"Plans": [{"Node Type": "Hash Join","Parent Relationship": "Outer","Parallel Aware": false,"Async Capable": false,"Join Type": "Inner","Startup Cost": 249.58,"Total Cost": 133581.65,"Plan Rows": 19990,"Plan Width": 34,"Actual Startup Time": 4.487,"Actual Total Time": 354.785,"Actual Rows": 30752,"Actual Loops": 5,"Inner Unique": false,"Hash Cond": "(l1.l_suppkey = supplier.s_suppkey)","Workers": [],"Plans": [{"Node Type": "Seq Scan","Parent Relationship": "Outer","Parallel Aware": true,"Async Capable": false,"Relation Name": "lineitem","Alias": "l1","Startup Cost": 0.00,"Total Cost": 131256.80,"Plan Rows": 500101,"Plan Width": 8,"Actual Startup Time": 0.026,"Actual Total Time": 303.161,"Actual Rows": 758659,"Actual Loops": 5,"Filter": "(l_receiptdate > l_commitdate)","Rows Removed by Filter": 441584,"Workers": []},{"Node Type": "Hash","Parent Relationship": "Inner","Parallel Aware": false,"Async Capable": false,"Startup Cost": 244.58,"Total Cost": 244.58,"Plan Rows": 400,"Plan Width": 30,"Actual Startup Time": 4.170,"Actual Total Time": 4.181,"Actual Rows": 407,"Actual Loops": 5,"Hash Buckets": 1024,"Original Hash Buckets": 1024,"Hash Batches": 1,"Original Hash Batches": 1,"Peak Memory Usage": 34,"Workers": [],"Plans": [{"Node Type": "Nested Loop","Parent Relationship": "Outer","Parallel Aware": false,"Async Capable": false,"Join Type": "Inner","Startup Cost": 7.38,"Total Cost": 244.58,"Plan Rows": 400,"Plan Width": 30,"Actual Startup Time": 0.302,"Actual Total Time": 4.018,"Actual Rows": 407,"Actual Loops": 5,"Inner Unique": false,"Workers": [],"Plans": [{"Node Type": "Seq Scan","Parent Relationship": "Outer","Parallel Aware": false,"Async Capable": false,"Relation Name": "nation","Alias": "nation","Startup Cost": 0.00,"Total Cost": 1.31,"Plan Rows": 1,"Plan Width": 4,"Actual Startup Time": 0.065,"Actual Total Time": 0.068,"Actual Rows": 1,"Actual Loops": 5,"Filter": "(n_name = 'CHINA'::bpchar)","Rows Removed by Filter": 24,"Workers": []},{"Node Type": "Bitmap Heap Scan","Parent Relationship": "Inner","Parallel Aware": false,"Async Capable": false,"Relation Name": "supplier","Alias": "supplier","Startup Cost": 7.38,"Total Cost": 239.27,"Plan Rows": 400,"Plan Width": 34,"Actual Startup Time": 0.229,"Actual Total Time": 3.872,"Actual Rows": 407,"Actual Loops": 5,"Recheck Cond": "(s_nationkey = nation.n_nationkey)","Rows Removed by Index Recheck": 0,"Exact Heap Blocks": 186,"Lossy Heap Blocks": 0,"Workers": [],"Plans": [{"Node Type": "Bitmap Index Scan","Parent Relationship": "Outer","Parallel Aware": false,"Async Capable": false,"Index Name": "idx_supplier_nation_key","Startup Cost": 0.00,"Total Cost": 7.29,"Plan Rows": 400,"Plan Width": 0,"Actual Startup Time": 0.141,"Actual Total Time": 0.143,"Actual Rows": 407,"Actual Loops": 5,"Index Cond": "(s_nationkey = nation.n_nationkey)","Workers": []}]}]}]}]},{"Node Type": "Index Scan","Parent Relationship": "Inner","Parallel Aware": false,"Async Capable": false,"Scan Direction": "Forward","Index Name": "idx_lineitem_orderkey","Relation Name": "lineitem","Alias": "l3","Startup Cost": 0.43,"Total Cost": 1.06,"Plan Rows": 6,"Plan Width": 8,"Actual Startup Time": 0.003,"Actual Total Time": 0.003,"Actual Rows": 1,"Actual Loops": 153758,"Index Cond": "(l_orderkey = l1.l_orderkey)","Rows Removed by Index Recheck": 0,"Filter": "((l_receiptdate > l_commitdate) AND (l_suppkey <> l1.l_suppkey))","Rows Removed by Filter": 1,"Workers": []}]}]},{"Node Type": "Index Scan","Parent Relationship": "Inner","Parallel Aware": false,"Async Capable": false,"Scan Direction": "Forward","Index Name": "idx_lineitem_orderkey","Relation Name": "lineitem","Alias": "l2","Startup Cost": 0.43,"Total Cost": 1.02,"Plan Rows": 17,"Plan Width": 8,"Actual Startup Time": 0.007,"Actual Total Time": 0.007,"Actual Rows": 1,"Actual Loops": 13526,"Index Cond": "(l_orderkey = l1.l_orderkey)","Rows Removed by Index Recheck": 0,"Filter": "(l_suppkey <> l1.l_suppkey)","Rows Removed by Filter": 1}]},{"Node Type": "Index Scan","Parent Relationship": "Inner","Parallel Aware": false,"Async Capable": false,"Scan Direction": "Forward","Index Name": "orders_pkey","Relation Name": "orders","Alias": "orders","Startup Cost": 0.43,"Total Cost": 0.51,"Plan Rows": 1,"Plan Width": 4,"Actual Startup Time": 0.007,"Actual Total Time": 0.007,"Actual Rows": 0,"Actual Loops": 8089,"Index Cond": "(o_orderkey = l1.l_orderkey)","Rows Removed by Index Recheck": 0,"Filter": "(o_orderstatus = 'F'::bpchar)","Rows Removed by Filter": 1}]}]}]}]},"Planning Time": 8.452,"Triggers": [],"Execution Time": 525.397}]
[{"Plan": {"Node Type": "Sort","Parallel Aware": false,"Async Capable": false,"Startup Cost": 147378.80,"Total Cost": 147378.81,"Plan Rows": 1,"Plan Width": 34,"Actual Startup Time": 494.346,"Actual Total Time": 515.587,"Actual Rows": 393,"Actual Loops": 1,"Sort Key": ["(count(*)) DESC", "supplier.s_name"],"Sort Method": "quicksort","Sort Space Used": 55,"Sort Space Type": "Memory","Plans": [{"Node Type": "Aggregate","Strategy": "Sorted","Partial Mode": "Simple","Parent Relationship": "Outer","Parallel Aware": false,"Async Capable": false,"Startup Cost": 147378.77,"Total Cost": 147378.79,"Plan Rows": 1,"Plan Width": 34,"Actual Startup Time": 493.176,"Actual Total Time": 514.919,"Actual Rows": 393,"Actual Loops": 1,"Group Key": ["supplier.s_name"],"Plans": [{"Node Type": "Sort","Parent Relationship": "Outer","Parallel Aware": false,"Async Capable": false,"Startup Cost": 147378.77,"Total Cost": 147378.78,"Plan Rows": 1,"Plan Width": 26,"Actual Startup Time": 493.153,"Actual Total Time": 514.517,"Actual Rows": 3918,"Actual Loops": 1,"Sort Key": ["supplier.s_name"],"Sort Method": "quicksort","Sort Space Used": 372,"Sort Space Type": "Memory","Plans": [{"Node Type": "Nested Loop","Parent Relationship": "Outer","Parallel Aware": false,"Async Capable": false,"Join Type": "Inner","Startup Cost": 1250.87,"Total Cost": 147378.76,"Plan Rows": 1,"Plan Width": 26,"Actual Startup Time": 5.562,"Actual Total Time": 503.525,"Actual Rows": 3918,"Actual Loops": 1,"Inner Unique": true,"Plans": [{"Node Type": "Nested Loop","Parent Relationship": "Outer","Parallel Aware": false,"Async Capable": false,"Join Type": "Semi","Startup Cost": 1250.44,"Total Cost": 147378.26,"Plan Rows": 1,"Plan Width": 34,"Actual Startup Time": 5.515,"Actual Total Time": 439.510,"Actual Rows": 8028,"Actual Loops": 1,"Inner Unique": false,"Plans": [{"Node Type": "Gather","Parent Relationship": "Outer","Parallel Aware": false,"Async Capable": false,"Startup Cost": 1250.01,"Total Cost": 147377.22,"Plan Rows": 1,"Plan Width": 34,"Actual Startup Time": 4.155,"Actual Total Time": 333.265,"Actual Rows": 13416,"Actual Loops": 1,"Workers Planned": 4,"Workers Launched": 4,"Single Copy": false,"Plans": [{"Node Type": "Nested Loop","Parent Relationship": "Outer","Parallel Aware": false,"Async Capable": false,"Join Type": "Anti","Startup Cost": 250.01,"Total Cost": 146377.12,"Plan Rows": 1,"Plan Width": 34,"Actual Startup Time": 4.167,"Actual Total Time": 438.104,"Actual Rows": 2683,"Actual Loops": 5,"Inner Unique": false,"Workers": [],"Plans": [{"Node Type": "Hash Join","Parent Relationship": "Outer","Parallel Aware": false,"Async Capable": false,"Join Type": "Inner","Startup Cost": 249.58,"Total Cost": 133581.65,"Plan Rows": 19990,"Plan Width": 34,"Actual Startup Time": 4.021,"Actual Total Time": 350.831,"Actual Rows": 29888,"Actual Loops": 5,"Inner Unique": false,"Hash Cond": "(l1.l_suppkey = supplier.s_suppkey)","Workers": [],"Plans": [{"Node Type": "Seq Scan","Parent Relationship": "Outer","Parallel Aware": true,"Async Capable": false,"Relation Name": "lineitem","Alias": "l1","Startup Cost": 0.00,"Total Cost": 131256.80,"Plan Rows": 500101,"Plan Width": 8,"Actual Startup Time": 0.026,"Actual Total Time": 301.034,"Actual Rows": 758659,"Actual Loops": 5,"Filter": "(l_receiptdate > l_commitdate)","Rows Removed by Filter": 441584,"Workers": []},{"Node Type": "Hash","Parent Relationship": "Inner","Parallel Aware": false,"Async Capable": false,"Startup Cost": 244.58,"Total Cost": 244.58,"Plan Rows": 400,"Plan Width": 30,"Actual Startup Time": 3.677,"Actual Total Time": 3.687,"Actual Rows": 393,"Actual Loops": 5,"Hash Buckets": 1024,"Original Hash Buckets": 1024,"Hash Batches": 1,"Original Hash Batches": 1,"Peak Memory Usage": 33,"Workers": [],"Plans": [{"Node Type": "Nested Loop","Parent Relationship": "Outer","Parallel Aware": false,"Async Capable": false,"Join Type": "Inner","Startup Cost": 7.38,"Total Cost": 244.58,"Plan Rows": 400,"Plan Width": 30,"Actual Startup Time": 0.289,"Actual Total Time": 3.533,"Actual Rows": 393,"Actual Loops": 5,"Inner Unique": false,"Workers": [],"Plans": [{"Node Type": "Seq Scan","Parent Relationship": "Outer","Parallel Aware": false,"Async Capable": false,"Relation Name": "nation","Alias": "nation","Startup Cost": 0.00,"Total Cost": 1.31,"Plan Rows": 1,"Plan Width": 4,"Actual Startup Time": 0.064,"Actual Total Time": 0.066,"Actual Rows": 1,"Actual Loops": 5,"Filter": "(n_name = 'UNITED STATES'::bpchar)","Rows Removed by Filter": 24,"Workers": []},{"Node Type": "Bitmap Heap Scan","Parent Relationship": "Inner","Parallel Aware": false,"Async Capable": false,"Relation Name": "supplier","Alias": "supplier","Startup Cost": 7.38,"Total Cost": 239.27,"Plan Rows": 400,"Plan Width": 34,"Actual Startup Time": 0.219,"Actual Total Time": 3.401,"Actual Rows": 393,"Actual Loops": 5,"Recheck Cond": "(s_nationkey = nation.n_nationkey)","Rows Removed by Index Recheck": 0,"Exact Heap Blocks": 181,"Lossy Heap Blocks": 0,"Workers": [],"Plans": [{"Node Type": "Bitmap Index Scan","Parent Relationship": "Outer","Parallel Aware": false,"Async Capable": false,"Index Name": "idx_supplier_nation_key","Startup Cost": 0.00,"Total Cost": 7.29,"Plan Rows": 400,"Plan Width": 0,"Actual Startup Time": 0.141,"Actual Total Time": 0.143,"Actual Rows": 393,"Actual Loops": 5,"Index Cond": "(s_nationkey = nation.n_nationkey)","Workers": []}]}]}]}]},{"Node Type": "Index Scan","Parent Relationship": "Inner","Parallel Aware": false,"Async Capable": false,"Scan Direction": "Forward","Index Name": "idx_lineitem_orderkey","Relation Name": "lineitem","Alias": "l3","Startup Cost": 0.43,"Total Cost": 1.06,"Plan Rows": 6,"Plan Width": 8,"Actual Startup Time": 0.003,"Actual Total Time": 0.003,"Actual Rows": 1,"Actual Loops": 149442,"Index Cond": "(l_orderkey = l1.l_orderkey)","Rows Removed by Index Recheck": 0,"Filter": "((l_receiptdate > l_commitdate) AND (l_suppkey <> l1.l_suppkey))","Rows Removed by Filter": 1,"Workers": []}]}]},{"Node Type": "Index Scan","Parent Relationship": "Inner","Parallel Aware": false,"Async Capable": false,"Scan Direction": "Forward","Index Name": "idx_lineitem_orderkey","Relation Name": "lineitem","Alias": "l2","Startup Cost": 0.43,"Total Cost": 1.02,"Plan Rows": 17,"Plan Width": 8,"Actual Startup Time": 0.007,"Actual Total Time": 0.007,"Actual Rows": 1,"Actual Loops": 13416,"Index Cond": "(l_orderkey = l1.l_orderkey)","Rows Removed by Index Recheck": 0,"Filter": "(l_suppkey <> l1.l_suppkey)","Rows Removed by Filter": 1}]},{"Node Type": "Index Scan","Parent Relationship": "Inner","Parallel Aware": false,"Async Capable": false,"Scan Direction": "Forward","Index Name": "orders_pkey","Relation Name": "orders","Alias": "orders","Startup Cost": 0.43,"Total Cost": 0.51,"Plan Rows": 1,"Plan Width": 4,"Actual Startup Time": 0.008,"Actual Total Time": 0.008,"Actual Rows": 0,"Actual Loops": 8028,"Index Cond": "(o_orderkey = l1.l_orderkey)","Rows Removed by Index Recheck": 0,"Filter": "(o_orderstatus = 'F'::bpchar)","Rows Removed by Filter": 1}]}]}]}]},"Planning Time": 9.767,"Triggers": [],"Execution Time": 516.024}]
[{"Plan": {"Node Type": "Sort","Parallel Aware": false,"Async Capable": false,"Startup Cost": 147378.80,"Total Cost": 147378.81,"Plan Rows": 1,"Plan Width": 34,"Actual Startup Time": 504.512,"Actual Total Time": 521.552,"Actual Rows": 413,"Actual Loops": 1,"Sort Key": ["(count(*)) DESC", "supplier.s_name"],"Sort Method": "quicksort","Sort Space Used": 57,"Sort Space Type": "Memory","Plans": [{"Node Type": "Aggregate","Strategy": "Sorted","Partial Mode": "Simple","Parent Relationship": "Outer","Parallel Aware": false,"Async Capable": false,"Startup Cost": 147378.77,"Total Cost": 147378.79,"Plan Rows": 1,"Plan Width": 34,"Actual Startup Time": 503.286,"Actual Total Time": 520.862,"Actual Rows": 413,"Actual Loops": 1,"Group Key": ["supplier.s_name"],"Plans": [{"Node Type": "Sort","Parent Relationship": "Outer","Parallel Aware": false,"Async Capable": false,"Startup Cost": 147378.77,"Total Cost": 147378.78,"Plan Rows": 1,"Plan Width": 26,"Actual Startup Time": 503.265,"Actual Total Time": 520.434,"Actual Rows": 4164,"Actual Loops": 1,"Sort Key": ["supplier.s_name"],"Sort Method": "quicksort","Sort Space Used": 485,"Sort Space Type": "Memory","Plans": [{"Node Type": "Nested Loop","Parent Relationship": "Outer","Parallel Aware": false,"Async Capable": false,"Join Type": "Inner","Startup Cost": 1250.87,"Total Cost": 147378.76,"Plan Rows": 1,"Plan Width": 26,"Actual Startup Time": 4.247,"Actual Total Time": 508.248,"Actual Rows": 4164,"Actual Loops": 1,"Inner Unique": true,"Plans": [{"Node Type": "Nested Loop","Parent Relationship": "Outer","Parallel Aware": false,"Async Capable": false,"Join Type": "Semi","Startup Cost": 1250.44,"Total Cost": 147378.26,"Plan Rows": 1,"Plan Width": 34,"Actual Startup Time": 4.214,"Actual Total Time": 442.064,"Actual Rows": 8468,"Actual Loops": 1,"Inner Unique": false,"Plans": [{"Node Type": "Gather","Parent Relationship": "Outer","Parallel Aware": false,"Async Capable": false,"Startup Cost": 1250.01,"Total Cost": 147377.22,"Plan Rows": 1,"Plan Width": 34,"Actual Startup Time": 4.200,"Actual Total Time": 330.934,"Actual Rows": 14141,"Actual Loops": 1,"Workers Planned": 4,"Workers Launched": 4,"Single Copy": false,"Plans": [{"Node Type": "Nested Loop","Parent Relationship": "Outer","Parallel Aware": false,"Async Capable": false,"Join Type": "Anti","Startup Cost": 250.01,"Total Cost": 146377.12,"Plan Rows": 1,"Plan Width": 34,"Actual Startup Time": 5.165,"Actual Total Time": 443.283,"Actual Rows": 2828,"Actual Loops": 5,"Inner Unique": false,"Workers": [],"Plans": [{"Node Type": "Hash Join","Parent Relationship": "Outer","Parallel Aware": false,"Async Capable": false,"Join Type": "Inner","Startup Cost": 249.58,"Total Cost": 133581.65,"Plan Rows": 19990,"Plan Width": 34,"Actual Startup Time": 5.033,"Actual Total Time": 352.494,"Actual Rows": 31380,"Actual Loops": 5,"Inner Unique": false,"Hash Cond": "(l1.l_suppkey = supplier.s_suppkey)","Workers": [],"Plans": [{"Node Type": "Seq Scan","Parent Relationship": "Outer","Parallel Aware": true,"Async Capable": false,"Relation Name": "lineitem","Alias": "l1","Startup Cost": 0.00,"Total Cost": 131256.80,"Plan Rows": 500101,"Plan Width": 8,"Actual Startup Time": 0.028,"Actual Total Time": 299.882,"Actual Rows": 758659,"Actual Loops": 5,"Filter": "(l_receiptdate > l_commitdate)","Rows Removed by Filter": 441584,"Workers": []},{"Node Type": "Hash","Parent Relationship": "Inner","Parallel Aware": false,"Async Capable": false,"Startup Cost": 244.58,"Total Cost": 244.58,"Plan Rows": 400,"Plan Width": 30,"Actual Startup Time": 4.656,"Actual Total Time": 4.665,"Actual Rows": 413,"Actual Loops": 5,"Hash Buckets": 1024,"Original Hash Buckets": 1024,"Hash Batches": 1,"Original Hash Batches": 1,"Peak Memory Usage": 34,"Workers": [],"Plans": [{"Node Type": "Nested Loop","Parent Relationship": "Outer","Parallel Aware": false,"Async Capable": false,"Join Type": "Inner","Startup Cost": 7.38,"Total Cost": 244.58,"Plan Rows": 400,"Plan Width": 30,"Actual Startup Time": 0.318,"Actual Total Time": 4.505,"Actual Rows": 413,"Actual Loops": 5,"Inner Unique": false,"Workers": [],"Plans": [{"Node Type": "Seq Scan","Parent Relationship": "Outer","Parallel Aware": false,"Async Capable": false,"Relation Name": "nation","Alias": "nation","Startup Cost": 0.00,"Total Cost": 1.31,"Plan Rows": 1,"Plan Width": 4,"Actual Startup Time": 0.066,"Actual Total Time": 0.071,"Actual Rows": 1,"Actual Loops": 5,"Filter": "(n_name = 'ARGENTINA'::bpchar)","Rows Removed by Filter": 24,"Workers": []},{"Node Type": "Bitmap Heap Scan","Parent Relationship": "Inner","Parallel Aware": false,"Async Capable": false,"Relation Name": "supplier","Alias": "supplier","Startup Cost": 7.38,"Total Cost": 239.27,"Plan Rows": 400,"Plan Width": 34,"Actual Startup Time": 0.247,"Actual Total Time": 4.358,"Actual Rows": 413,"Actual Loops": 5,"Recheck Cond": "(s_nationkey = nation.n_nationkey)","Rows Removed by Index Recheck": 0,"Exact Heap Blocks": 190,"Lossy Heap Blocks": 0,"Workers": [],"Plans": [{"Node Type": "Bitmap Index Scan","Parent Relationship": "Outer","Parallel Aware": false,"Async Capable": false,"Index Name": "idx_supplier_nation_key","Startup Cost": 0.00,"Total Cost": 7.29,"Plan Rows": 400,"Plan Width": 0,"Actual Startup Time": 0.157,"Actual Total Time": 0.158,"Actual Rows": 413,"Actual Loops": 5,"Index Cond": "(s_nationkey = nation.n_nationkey)","Workers": []}]}]}]}]},{"Node Type": "Index Scan","Parent Relationship": "Inner","Parallel Aware": false,"Async Capable": false,"Scan Direction": "Forward","Index Name": "idx_lineitem_orderkey","Relation Name": "lineitem","Alias": "l3","Startup Cost": 0.43,"Total Cost": 1.06,"Plan Rows": 6,"Plan Width": 8,"Actual Startup Time": 0.003,"Actual Total Time": 0.003,"Actual Rows": 1,"Actual Loops": 156898,"Index Cond": "(l_orderkey = l1.l_orderkey)","Rows Removed by Index Recheck": 0,"Filter": "((l_receiptdate > l_commitdate) AND (l_suppkey <> l1.l_suppkey))","Rows Removed by Filter": 1,"Workers": []}]}]},{"Node Type": "Index Scan","Parent Relationship": "Inner","Parallel Aware": false,"Async Capable": false,"Scan Direction": "Forward","Index Name": "idx_lineitem_orderkey","Relation Name": "lineitem","Alias": "l2","Startup Cost": 0.43,"Total Cost": 1.02,"Plan Rows": 17,"Plan Width": 8,"Actual Startup Time": 0.007,"Actual Total Time": 0.007,"Actual Rows": 1,"Actual Loops": 14141,"Index Cond": "(l_orderkey = l1.l_orderkey)","Rows Removed by Index Recheck": 0,"Filter": "(l_suppkey <> l1.l_suppkey)","Rows Removed by Filter": 1}]},{"Node Type": "Index Scan","Parent Relationship": "Inner","Parallel Aware": false,"Async Capable": false,"Scan Direction": "Forward","Index Name": "orders_pkey","Relation Name": "orders","Alias": "orders","Startup Cost": 0.43,"Total Cost": 0.51,"Plan Rows": 1,"Plan Width": 4,"Actual Startup Time": 0.008,"Actual Total Time": 0.008,"Actual Rows": 0,"Actual Loops": 8468,"Index Cond": "(o_orderkey = l1.l_orderkey)","Rows Removed by Index Recheck": 0,"Filter": "(o_orderstatus = 'F'::bpchar)","Rows Removed by Filter": 1}]}]}]}]},"Planning Time": 8.601,"Triggers": [],"Execution Time": 522.197}]
[{"Plan": {"Node Type": "Sort","Parallel Aware": false,"Async Capable": false,"Startup Cost": 147378.80,"Total Cost": 147378.81,"Plan Rows": 1,"Plan Width": 34,"Actual Startup Time": 501.304,"Actual Total Time": 522.071,"Actual Rows": 393,"Actual Loops": 1,"Sort Key": ["(count(*)) DESC", "supplier.s_name"],"Sort Method": "quicksort","Sort Space Used": 55,"Sort Space Type": "Memory","Plans": [{"Node Type": "Aggregate","Strategy": "Sorted","Partial Mode": "Simple","Parent Relationship": "Outer","Parallel Aware": false,"Async Capable": false,"Startup Cost": 147378.77,"Total Cost": 147378.79,"Plan Rows": 1,"Plan Width": 34,"Actual Startup Time": 500.141,"Actual Total Time": 521.406,"Actual Rows": 393,"Actual Loops": 1,"Group Key": ["supplier.s_name"],"Plans": [{"Node Type": "Sort","Parent Relationship": "Outer","Parallel Aware": false,"Async Capable": false,"Startup Cost": 147378.77,"Total Cost": 147378.78,"Plan Rows": 1,"Plan Width": 26,"Actual Startup Time": 500.117,"Actual Total Time": 521.005,"Actual Rows": 3888,"Actual Loops": 1,"Sort Key": ["supplier.s_name"],"Sort Method": "quicksort","Sort Space Used": 370,"Sort Space Type": "Memory","Plans": [{"Node Type": "Nested Loop","Parent Relationship": "Outer","Parallel Aware": false,"Async Capable": false,"Join Type": "Inner","Startup Cost": 1250.87,"Total Cost": 147378.76,"Plan Rows": 1,"Plan Width": 26,"Actual Startup Time": 4.419,"Actual Total Time": 510.533,"Actual Rows": 3888,"Actual Loops": 1,"Inner Unique": true,"Plans": [{"Node Type": "Nested Loop","Parent Relationship": "Outer","Parallel Aware": false,"Async Capable": false,"Join Type": "Semi","Startup Cost": 1250.44,"Total Cost": 147378.26,"Plan Rows": 1,"Plan Width": 34,"Actual Startup Time": 4.399,"Actual Total Time": 450.183,"Actual Rows": 7870,"Actual Loops": 1,"Inner Unique": false,"Plans": [{"Node Type": "Gather","Parent Relationship": "Outer","Parallel Aware": false,"Async Capable": false,"Startup Cost": 1250.01,"Total Cost": 147377.22,"Plan Rows": 1,"Plan Width": 34,"Actual Startup Time": 4.381,"Actual Total Time": 345.433,"Actual Rows": 13167,"Actual Loops": 1,"Workers Planned": 4,"Workers Launched": 4,"Single Copy": false,"Plans": [{"Node Type": "Nested Loop","Parent Relationship": "Outer","Parallel Aware": false,"Async Capable": false,"Join Type": "Anti","Startup Cost": 250.01,"Total Cost": 146377.12,"Plan Rows": 1,"Plan Width": 34,"Actual Startup Time": 4.384,"Actual Total Time": 444.967,"Actual Rows": 2633,"Actual Loops": 5,"Inner Unique": false,"Workers": [],"Plans": [{"Node Type": "Hash Join","Parent Relationship": "Outer","Parallel Aware": false,"Async Capable": false,"Join Type": "Inner","Startup Cost": 249.58,"Total Cost": 133581.65,"Plan Rows": 19990,"Plan Width": 34,"Actual Startup Time": 4.142,"Actual Total Time": 356.305,"Actual Rows": 29760,"Actual Loops": 5,"Inner Unique": false,"Hash Cond": "(l1.l_suppkey = supplier.s_suppkey)","Workers": [],"Plans": [{"Node Type": "Seq Scan","Parent Relationship": "Outer","Parallel Aware": true,"Async Capable": false,"Relation Name": "lineitem","Alias": "l1","Startup Cost": 0.00,"Total Cost": 131256.80,"Plan Rows": 500101,"Plan Width": 8,"Actual Startup Time": 0.027,"Actual Total Time": 306.242,"Actual Rows": 758659,"Actual Loops": 5,"Filter": "(l_receiptdate > l_commitdate)","Rows Removed by Filter": 441584,"Workers": []},{"Node Type": "Hash","Parent Relationship": "Inner","Parallel Aware": false,"Async Capable": false,"Startup Cost": 244.58,"Total Cost": 244.58,"Plan Rows": 400,"Plan Width": 30,"Actual Startup Time": 3.834,"Actual Total Time": 3.847,"Actual Rows": 393,"Actual Loops": 5,"Hash Buckets": 1024,"Original Hash Buckets": 1024,"Hash Batches": 1,"Original Hash Batches": 1,"Peak Memory Usage": 33,"Workers": [],"Plans": [{"Node Type": "Nested Loop","Parent Relationship": "Outer","Parallel Aware": false,"Async Capable": false,"Join Type": "Inner","Startup Cost": 7.38,"Total Cost": 244.58,"Plan Rows": 400,"Plan Width": 30,"Actual Startup Time": 0.244,"Actual Total Time": 3.695,"Actual Rows": 393,"Actual Loops": 5,"Inner Unique": false,"Workers": [],"Plans": [{"Node Type": "Seq Scan","Parent Relationship": "Outer","Parallel Aware": false,"Async Capable": false,"Relation Name": "nation","Alias": "nation","Startup Cost": 0.00,"Total Cost": 1.31,"Plan Rows": 1,"Plan Width": 4,"Actual Startup Time": 0.049,"Actual Total Time": 0.055,"Actual Rows": 1,"Actual Loops": 5,"Filter": "(n_name = 'IRAN'::bpchar)","Rows Removed by Filter": 24,"Workers": []},{"Node Type": "Bitmap Heap Scan","Parent Relationship": "Inner","Parallel Aware": false,"Async Capable": false,"Relation Name": "supplier","Alias": "supplier","Startup Cost": 7.38,"Total Cost": 239.27,"Plan Rows": 400,"Plan Width": 34,"Actual Startup Time": 0.188,"Actual Total Time": 3.562,"Actual Rows": 393,"Actual Loops": 5,"Recheck Cond": "(s_nationkey = nation.n_nationkey)","Rows Removed by Index Recheck": 0,"Exact Heap Blocks": 179,"Lossy Heap Blocks": 0,"Workers": [],"Plans": [{"Node Type": "Bitmap Index Scan","Parent Relationship": "Outer","Parallel Aware": false,"Async Capable": false,"Index Name": "idx_supplier_nation_key","Startup Cost": 0.00,"Total Cost": 7.29,"Plan Rows": 400,"Plan Width": 0,"Actual Startup Time": 0.116,"Actual Total Time": 0.118,"Actual Rows": 393,"Actual Loops": 5,"Index Cond": "(s_nationkey = nation.n_nationkey)","Workers": []}]}]}]}]},{"Node Type": "Index Scan","Parent Relationship": "Inner","Parallel Aware": false,"Async Capable": false,"Scan Direction": "Forward","Index Name": "idx_lineitem_orderkey","Relation Name": "lineitem","Alias": "l3","Startup Cost": 0.43,"Total Cost": 1.06,"Plan Rows": 6,"Plan Width": 8,"Actual Startup Time": 0.003,"Actual Total Time": 0.003,"Actual Rows": 1,"Actual Loops": 148802,"Index Cond": "(l_orderkey = l1.l_orderkey)","Rows Removed by Index Recheck": 0,"Filter": "((l_receiptdate > l_commitdate) AND (l_suppkey <> l1.l_suppkey))","Rows Removed by Filter": 1,"Workers": []}]}]},{"Node Type": "Index Scan","Parent Relationship": "Inner","Parallel Aware": false,"Async Capable": false,"Scan Direction": "Forward","Index Name": "idx_lineitem_orderkey","Relation Name": "lineitem","Alias": "l2","Startup Cost": 0.43,"Total Cost": 1.02,"Plan Rows": 17,"Plan Width": 8,"Actual Startup Time": 0.008,"Actual Total Time": 0.008,"Actual Rows": 1,"Actual Loops": 13167,"Index Cond": "(l_orderkey = l1.l_orderkey)","Rows Removed by Index Recheck": 0,"Filter": "(l_suppkey <> l1.l_suppkey)","Rows Removed by Filter": 1}]},{"Node Type": "Index Scan","Parent Relationship": "Inner","Parallel Aware": false,"Async Capable": false,"Scan Direction": "Forward","Index Name": "orders_pkey","Relation Name": "orders","Alias": "orders","Startup Cost": 0.43,"Total Cost": 0.51,"Plan Rows": 1,"Plan Width": 4,"Actual Startup Time": 0.007,"Actual Total Time": 0.007,"Actual Rows": 0,"Actual Loops": 7870,"Index Cond": "(o_orderkey = l1.l_orderkey)","Rows Removed by Index Recheck": 0,"Filter": "(o_orderstatus = 'F'::bpchar)","Rows Removed by Filter": 1}]}]}]}]},"Planning Time": 9.769,"Triggers": [],"Execution Time": 522.666}]
[{"Plan": {"Node Type": "Sort","Parallel Aware": false,"Async Capable": false,"Startup Cost": 147378.80,"Total Cost": 147378.81,"Plan Rows": 1,"Plan Width": 34,"Actual Startup Time": 512.736,"Actual Total Time": 529.210,"Actual Rows": 438,"Actual Loops": 1,"Sort Key": ["(count(*)) DESC", "supplier.s_name"],"Sort Method": "quicksort","Sort Space Used": 59,"Sort Space Type": "Memory","Plans": [{"Node Type": "Aggregate","Strategy": "Sorted","Partial Mode": "Simple","Parent Relationship": "Outer","Parallel Aware": false,"Async Capable": false,"Startup Cost": 147378.77,"Total Cost": 147378.79,"Plan Rows": 1,"Plan Width": 34,"Actual Startup Time": 511.404,"Actual Total Time": 528.425,"Actual Rows": 438,"Actual Loops": 1,"Group Key": ["supplier.s_name"],"Plans": [{"Node Type": "Sort","Parent Relationship": "Outer","Parallel Aware": false,"Async Capable": false,"Startup Cost": 147378.77,"Total Cost": 147378.78,"Plan Rows": 1,"Plan Width": 26,"Actual Startup Time": 511.372,"Actual Total Time": 527.974,"Actual Rows": 4210,"Actual Loops": 1,"Sort Key": ["supplier.s_name"],"Sort Method": "quicksort","Sort Space Used": 489,"Sort Space Type": "Memory","Plans": [{"Node Type": "Nested Loop","Parent Relationship": "Outer","Parallel Aware": false,"Async Capable": false,"Join Type": "Inner","Startup Cost": 1250.87,"Total Cost": 147378.76,"Plan Rows": 1,"Plan Width": 26,"Actual Startup Time": 5.368,"Actual Total Time": 515.358,"Actual Rows": 4210,"Actual Loops": 1,"Inner Unique": true,"Plans": [{"Node Type": "Nested Loop","Parent Relationship": "Outer","Parallel Aware": false,"Async Capable": false,"Join Type": "Semi","Startup Cost": 1250.44,"Total Cost": 147378.26,"Plan Rows": 1,"Plan Width": 34,"Actual Startup Time": 5.330,"Actual Total Time": 447.041,"Actual Rows": 8778,"Actual Loops": 1,"Inner Unique": false,"Plans": [{"Node Type": "Gather","Parent Relationship": "Outer","Parallel Aware": false,"Async Capable": false,"Startup Cost": 1250.01,"Total Cost": 147377.22,"Plan Rows": 1,"Plan Width": 34,"Actual Startup Time": 5.278,"Actual Total Time": 329.789,"Actual Rows": 14669,"Actual Loops": 1,"Workers Planned": 4,"Workers Launched": 4,"Single Copy": false,"Plans": [{"Node Type": "Nested Loop","Parent Relationship": "Outer","Parallel Aware": false,"Async Capable": false,"Join Type": "Anti","Startup Cost": 250.01,"Total Cost": 146377.12,"Plan Rows": 1,"Plan Width": 34,"Actual Startup Time": 5.105,"Actual Total Time": 449.554,"Actual Rows": 2934,"Actual Loops": 5,"Inner Unique": false,"Workers": [],"Plans": [{"Node Type": "Hash Join","Parent Relationship": "Outer","Parallel Aware": false,"Async Capable": false,"Join Type": "Inner","Startup Cost": 249.58,"Total Cost": 133581.65,"Plan Rows": 19990,"Plan Width": 34,"Actual Startup Time": 4.734,"Actual Total Time": 354.759,"Actual Rows": 33108,"Actual Loops": 5,"Inner Unique": false,"Hash Cond": "(l1.l_suppkey = supplier.s_suppkey)","Workers": [],"Plans": [{"Node Type": "Seq Scan","Parent Relationship": "Outer","Parallel Aware": true,"Async Capable": false,"Relation Name": "lineitem","Alias": "l1","Startup Cost": 0.00,"Total Cost": 131256.80,"Plan Rows": 500101,"Plan Width": 8,"Actual Startup Time": 0.025,"Actual Total Time": 303.070,"Actual Rows": 758659,"Actual Loops": 5,"Filter": "(l_receiptdate > l_commitdate)","Rows Removed by Filter": 441584,"Workers": []},{"Node Type": "Hash","Parent Relationship": "Inner","Parallel Aware": false,"Async Capable": false,"Startup Cost": 244.58,"Total Cost": 244.58,"Plan Rows": 400,"Plan Width": 30,"Actual Startup Time": 4.446,"Actual Total Time": 4.454,"Actual Rows": 438,"Actual Loops": 5,"Hash Buckets": 1024,"Original Hash Buckets": 1024,"Hash Batches": 1,"Original Hash Batches": 1,"Peak Memory Usage": 36,"Workers": [],"Plans": [{"Node Type": "Nested Loop","Parent Relationship": "Outer","Parallel Aware": false,"Async Capable": false,"Join Type": "Inner","Startup Cost": 7.38,"Total Cost": 244.58,"Plan Rows": 400,"Plan Width": 30,"Actual Startup Time": 0.266,"Actual Total Time": 4.290,"Actual Rows": 438,"Actual Loops": 5,"Inner Unique": false,"Workers": [],"Plans": [{"Node Type": "Seq Scan","Parent Relationship": "Outer","Parallel Aware": false,"Async Capable": false,"Relation Name": "nation","Alias": "nation","Startup Cost": 0.00,"Total Cost": 1.31,"Plan Rows": 1,"Plan Width": 4,"Actual Startup Time": 0.058,"Actual Total Time": 0.064,"Actual Rows": 1,"Actual Loops": 5,"Filter": "(n_name = 'IRAQ'::bpchar)","Rows Removed by Filter": 24,"Workers": []},{"Node Type": "Bitmap Heap Scan","Parent Relationship": "Inner","Parallel Aware": false,"Async Capable": false,"Relation Name": "supplier","Alias": "supplier","Startup Cost": 7.38,"Total Cost": 239.27,"Plan Rows": 400,"Plan Width": 34,"Actual Startup Time": 0.204,"Actual Total Time": 4.151,"Actual Rows": 438,"Actual Loops": 5,"Recheck Cond": "(s_nationkey = nation.n_nationkey)","Rows Removed by Index Recheck": 0,"Exact Heap Blocks": 194,"Lossy Heap Blocks": 0,"Workers": [],"Plans": [{"Node Type": "Bitmap Index Scan","Parent Relationship": "Outer","Parallel Aware": false,"Async Capable": false,"Index Name": "idx_supplier_nation_key","Startup Cost": 0.00,"Total Cost": 7.29,"Plan Rows": 400,"Plan Width": 0,"Actual Startup Time": 0.139,"Actual Total Time": 0.140,"Actual Rows": 438,"Actual Loops": 5,"Index Cond": "(s_nationkey = nation.n_nationkey)","Workers": []}]}]}]}]},{"Node Type": "Index Scan","Parent Relationship": "Inner","Parallel Aware": false,"Async Capable": false,"Scan Direction": "Forward","Index Name": "idx_lineitem_orderkey","Relation Name": "lineitem","Alias": "l3","Startup Cost": 0.43,"Total Cost": 1.06,"Plan Rows": 6,"Plan Width": 8,"Actual Startup Time": 0.003,"Actual Total Time": 0.003,"Actual Rows": 1,"Actual Loops": 165540,"Index Cond": "(l_orderkey = l1.l_orderkey)","Rows Removed by Index Recheck": 0,"Filter": "((l_receiptdate > l_commitdate) AND (l_suppkey <> l1.l_suppkey))","Rows Removed by Filter": 1,"Workers": []}]}]},{"Node Type": "Index Scan","Parent Relationship": "Inner","Parallel Aware": false,"Async Capable": false,"Scan Direction": "Forward","Index Name": "idx_lineitem_orderkey","Relation Name": "lineitem","Alias": "l2","Startup Cost": 0.43,"Total Cost": 1.02,"Plan Rows": 17,"Plan Width": 8,"Actual Startup Time": 0.007,"Actual Total Time": 0.007,"Actual Rows": 1,"Actual Loops": 14669,"Index Cond": "(l_orderkey = l1.l_orderkey)","Rows Removed by Index Recheck": 0,"Filter": "(l_suppkey <> l1.l_suppkey)","Rows Removed by Filter": 1}]},{"Node Type": "Index Scan","Parent Relationship": "Inner","Parallel Aware": false,"Async Capable": false,"Scan Direction": "Forward","Index Name": "orders_pkey","Relation Name": "orders","Alias": "orders","Startup Cost": 0.43,"Total Cost": 0.51,"Plan Rows": 1,"Plan Width": 4,"Actual Startup Time": 0.008,"Actual Total Time": 0.008,"Actual Rows": 0,"Actual Loops": 8778,"Index Cond": "(o_orderkey = l1.l_orderkey)","Rows Removed by Index Recheck": 0,"Filter": "(o_orderstatus = 'F'::bpchar)","Rows Removed by Filter": 1}]}]}]}]},"Planning Time": 9.762,"Triggers": [],"Execution Time": 529.872}]
[{"Plan": {"Node Type": "Sort","Parallel Aware": false,"Async Capable": false,"Startup Cost": 147378.80,"Total Cost": 147378.81,"Plan Rows": 1,"Plan Width": 34,"Actual Startup Time": 501.304,"Actual Total Time": 522.071,"Actual Rows": 393,"Actual Loops": 1,"Sort Key": ["(count(*)) DESC", "supplier.s_name"],"Sort Method": "quicksort","Sort Space Used": 55,"Sort Space Type": "Memory","Plans": [{"Node Type": "Aggregate","Strategy": "Sorted","Partial Mode": "Simple","Parent Relationship": "Outer","Parallel Aware": false,"Async Capable": false,"Startup Cost": 147378.77,"Total Cost": 147378.79,"Plan Rows": 1,"Plan Width": 34,"Actual Startup Time": 500.141,"Actual Total Time": 521.406,"Actual Rows": 393,"Actual Loops": 1,"Group Key": ["supplier.s_name"],"Plans": [{"Node Type": "Sort","Parent Relationship": "Outer","Parallel Aware": false,"Async Capable": false,"Startup Cost": 147378.77,"Total Cost": 147378.78,"Plan Rows": 1,"Plan Width": 26,"Actual Startup Time": 500.117,"Actual Total Time": 521.005,"Actual Rows": 3888,"Actual Loops": 1,"Sort Key": ["supplier.s_name"],"Sort Method": "quicksort","Sort Space Used": 370,"Sort Space Type": "Memory","Plans": [{"Node Type": "Nested Loop","Parent Relationship": "Outer","Parallel Aware": false,"Async Capable": false,"Join Type": "Inner","Startup Cost": 1250.87,"Total Cost": 147378.76,"Plan Rows": 1,"Plan Width": 26,"Actual Startup Time": 4.419,"Actual Total Time": 510.533,"Actual Rows": 3888,"Actual Loops": 1,"Inner Unique": true,"Plans": [{"Node Type": "Nested Loop","Parent Relationship": "Outer","Parallel Aware": false,"Async Capable": false,"Join Type": "Semi","Startup Cost": 1250.44,"Total Cost": 147378.26,"Plan Rows": 1,"Plan Width": 34,"Actual Startup Time": 4.399,"Actual Total Time": 450.183,"Actual Rows": 7870,"Actual Loops": 1,"Inner Unique": false,"Plans": [{"Node Type": "Gather","Parent Relationship": "Outer","Parallel Aware": false,"Async Capable": false,"Startup Cost": 1250.01,"Total Cost": 147377.22,"Plan Rows": 1,"Plan Width": 34,"Actual Startup Time": 4.381,"Actual Total Time": 345.433,"Actual Rows": 13167,"Actual Loops": 1,"Workers Planned": 4,"Workers Launched": 4,"Single Copy": false,"Plans": [{"Node Type": "Nested Loop","Parent Relationship": "Outer","Parallel Aware": false,"Async Capable": false,"Join Type": "Anti","Startup Cost": 250.01,"Total Cost": 146377.12,"Plan Rows": 1,"Plan Width": 34,"Actual Startup Time": 4.384,"Actual Total Time": 444.967,"Actual Rows": 2633,"Actual Loops": 5,"Inner Unique": false,"Workers": [],"Plans": [{"Node Type": "Hash Join","Parent Relationship": "Outer","Parallel Aware": false,"Async Capable": false,"Join Type": "Inner","Startup Cost": 249.58,"Total Cost": 133581.65,"Plan Rows": 19990,"Plan Width": 34,"Actual Startup Time": 4.142,"Actual Total Time": 356.305,"Actual Rows": 29760,"Actual Loops": 5,"Inner Unique": false,"Hash Cond": "(l1.l_suppkey = supplier.s_suppkey)","Workers": [],"Plans": [{"Node Type": "Seq Scan","Parent Relationship": "Outer","Parallel Aware": true,"Async Capable": false,"Relation Name": "lineitem","Alias": "l1","Startup Cost": 0.00,"Total Cost": 131256.80,"Plan Rows": 500101,"Plan Width": 8,"Actual Startup Time": 0.027,"Actual Total Time": 306.242,"Actual Rows": 758659,"Actual Loops": 5,"Filter": "(l_receiptdate > l_commitdate)","Rows Removed by Filter": 441584,"Workers": []},{"Node Type": "Hash","Parent Relationship": "Inner","Parallel Aware": false,"Async Capable": false,"Startup Cost": 244.58,"Total Cost": 244.58,"Plan Rows": 400,"Plan Width": 30,"Actual Startup Time": 3.834,"Actual Total Time": 3.847,"Actual Rows": 393,"Actual Loops": 5,"Hash Buckets": 1024,"Original Hash Buckets": 1024,"Hash Batches": 1,"Original Hash Batches": 1,"Peak Memory Usage": 33,"Workers": [],"Plans": [{"Node Type": "Nested Loop","Parent Relationship": "Outer","Parallel Aware": false,"Async Capable": false,"Join Type": "Inner","Startup Cost": 7.38,"Total Cost": 244.58,"Plan Rows": 400,"Plan Width": 30,"Actual Startup Time": 0.244,"Actual Total Time": 3.695,"Actual Rows": 393,"Actual Loops": 5,"Inner Unique": false,"Workers": [],"Plans": [{"Node Type": "Seq Scan","Parent Relationship": "Outer","Parallel Aware": false,"Async Capable": false,"Relation Name": "nation","Alias": "nation","Startup Cost": 0.00,"Total Cost": 1.31,"Plan Rows": 1,"Plan Width": 4,"Actual Startup Time": 0.049,"Actual Total Time": 0.055,"Actual Rows": 1,"Actual Loops": 5,"Filter": "(n_name = 'IRAN'::bpchar)","Rows Removed by Filter": 24,"Workers": []},{"Node Type": "Bitmap Heap Scan","Parent Relationship": "Inner","Parallel Aware": false,"Async Capable": false,"Relation Name": "supplier","Alias": "supplier","Startup Cost": 7.38,"Total Cost": 239.27,"Plan Rows": 400,"Plan Width": 34,"Actual Startup Time": 0.188,"Actual Total Time": 3.562,"Actual Rows": 393,"Actual Loops": 5,"Recheck Cond": "(s_nationkey = nation.n_nationkey)","Rows Removed by Index Recheck": 0,"Exact Heap Blocks": 179,"Lossy Heap Blocks": 0,"Workers": [],"Plans": [{"Node Type": "Bitmap Index Scan","Parent Relationship": "Outer","Parallel Aware": false,"Async Capable": false,"Index Name": "idx_supplier_nation_key","Startup Cost": 0.00,"Total Cost": 7.29,"Plan Rows": 400,"Plan Width": 0,"Actual Startup Time": 0.116,"Actual Total Time": 0.118,"Actual Rows": 393,"Actual Loops": 5,"Index Cond": "(s_nationkey = nation.n_nationkey)","Workers": []}]}]}]}]},{"Node Type": "Index Scan","Parent Relationship": "Inner","Parallel Aware": false,"Async Capable": false,"Scan Direction": "Forward","Index Name": "idx_lineitem_orderkey","Relation Name": "lineitem","Alias": "l3","Startup Cost": 0.43,"Total Cost": 1.06,"Plan Rows": 6,"Plan Width": 8,"Actual Startup Time": 0.003,"Actual Total Time": 0.003,"Actual Rows": 1,"Actual Loops": 148802,"Index Cond": "(l_orderkey = l1.l_orderkey)","Rows Removed by Index Recheck": 0,"Filter": "((l_receiptdate > l_commitdate) AND (l_suppkey <> l1.l_suppkey))","Rows Removed by Filter": 1,"Workers": []}]}]},{"Node Type": "Index Scan","Parent Relationship": "Inner","Parallel Aware": false,"Async Capable": false,"Scan Direction": "Forward","Index Name": "idx_lineitem_orderkey","Relation Name": "lineitem","Alias": "l2","Startup Cost": 0.43,"Total Cost": 1.02,"Plan Rows": 17,"Plan Width": 8,"Actual Startup Time": 0.008,"Actual Total Time": 0.008,"Actual Rows": 1,"Actual Loops": 13167,"Index Cond": "(l_orderkey = l1.l_orderkey)","Rows Removed by Index Recheck": 0,"Filter": "(l_suppkey <> l1.l_suppkey)","Rows Removed by Filter": 1}]},{"Node Type": "Index Scan","Parent Relationship": "Inner","Parallel Aware": false,"Async Capable": false,"Scan Direction": "Forward","Index Name": "orders_pkey","Relation Name": "orders","Alias": "orders","Startup Cost": 0.43,"Total Cost": 0.51,"Plan Rows": 1,"Plan Width": 4,"Actual Startup Time": 0.007,"Actual Total Time": 0.007,"Actual Rows": 0,"Actual Loops": 7870,"Index Cond": "(o_orderkey = l1.l_orderkey)","Rows Removed by Index Recheck": 0,"Filter": "(o_orderstatus = 'F'::bpchar)","Rows Removed by Filter": 1}]}]}]}]},"Planning Time": 9.769,"Triggers": [],"Execution Time": 522.666}]
[{"Plan": {"Node Type": "Sort","Parallel Aware": false,"Async Capable": false,"Startup Cost": 147378.80,"Total Cost": 147378.81,"Plan Rows": 1,"Plan Width": 34,"Actual Startup Time": 505.815,"Actual Total Time": 525.309,"Actual Rows": 390,"Actual Loops": 1,"Sort Key": ["(count(*)) DESC", "supplier.s_name"],"Sort Method": "quicksort","Sort Space Used": 55,"Sort Space Type": "Memory","Plans": [{"Node Type": "Aggregate","Strategy": "Sorted","Partial Mode": "Simple","Parent Relationship": "Outer","Parallel Aware": false,"Async Capable": false,"Startup Cost": 147378.77,"Total Cost": 147378.79,"Plan Rows": 1,"Plan Width": 34,"Actual Startup Time": 504.634,"Actual Total Time": 524.620,"Actual Rows": 390,"Actual Loops": 1,"Group Key": ["supplier.s_name"],"Plans": [{"Node Type": "Sort","Parent Relationship": "Outer","Parallel Aware": false,"Async Capable": false,"Startup Cost": 147378.77,"Total Cost": 147378.78,"Plan Rows": 1,"Plan Width": 26,"Actual Startup Time": 504.612,"Actual Total Time": 524.224,"Actual Rows": 3844,"Actual Loops": 1,"Sort Key": ["supplier.s_name"],"Sort Method": "quicksort","Sort Space Used": 367,"Sort Space Type": "Memory","Plans": [{"Node Type": "Nested Loop","Parent Relationship": "Outer","Parallel Aware": false,"Async Capable": false,"Join Type": "Inner","Startup Cost": 1250.87,"Total Cost": 147378.76,"Plan Rows": 1,"Plan Width": 26,"Actual Startup Time": 4.787,"Actual Total Time": 512.994,"Actual Rows": 3844,"Actual Loops": 1,"Inner Unique": true,"Plans": [{"Node Type": "Nested Loop","Parent Relationship": "Outer","Parallel Aware": false,"Async Capable": false,"Join Type": "Semi","Startup Cost": 1250.44,"Total Cost": 147378.26,"Plan Rows": 1,"Plan Width": 34,"Actual Startup Time": 4.747,"Actual Total Time": 447.855,"Actual Rows": 7892,"Actual Loops": 1,"Inner Unique": false,"Plans": [{"Node Type": "Gather","Parent Relationship": "Outer","Parallel Aware": false,"Async Capable": false,"Startup Cost": 1250.01,"Total Cost": 147377.22,"Plan Rows": 1,"Plan Width": 34,"Actual Startup Time": 4.560,"Actual Total Time": 339.834,"Actual Rows": 13152,"Actual Loops": 1,"Workers Planned": 4,"Workers Launched": 4,"Single Copy": false,"Plans": [{"Node Type": "Nested Loop","Parent Relationship": "Outer","Parallel Aware": false,"Async Capable": false,"Join Type": "Anti","Startup Cost": 250.01,"Total Cost": 146377.12,"Plan Rows": 1,"Plan Width": 34,"Actual Startup Time": 5.683,"Actual Total Time": 445.299,"Actual Rows": 2630,"Actual Loops": 5,"Inner Unique": false,"Workers": [],"Plans": [{"Node Type": "Hash Join","Parent Relationship": "Outer","Parallel Aware": false,"Async Capable": false,"Join Type": "Inner","Startup Cost": 249.58,"Total Cost": 133581.65,"Plan Rows": 19990,"Plan Width": 34,"Actual Startup Time": 5.525,"Actual Total Time": 357.256,"Actual Rows": 29502,"Actual Loops": 5,"Inner Unique": false,"Hash Cond": "(l1.l_suppkey = supplier.s_suppkey)","Workers": [],"Plans": [{"Node Type": "Seq Scan","Parent Relationship": "Outer","Parallel Aware": true,"Async Capable": false,"Relation Name": "lineitem","Alias": "l1","Startup Cost": 0.00,"Total Cost": 131256.80,"Plan Rows": 500101,"Plan Width": 8,"Actual Startup Time": 0.033,"Actual Total Time": 305.756,"Actual Rows": 758659,"Actual Loops": 5,"Filter": "(l_receiptdate > l_commitdate)","Rows Removed by Filter": 441584,"Workers": []},{"Node Type": "Hash","Parent Relationship": "Inner","Parallel Aware": false,"Async Capable": false,"Startup Cost": 244.58,"Total Cost": 244.58,"Plan Rows": 400,"Plan Width": 30,"Actual Startup Time": 5.155,"Actual Total Time": 5.167,"Actual Rows": 390,"Actual Loops": 5,"Hash Buckets": 1024,"Original Hash Buckets": 1024,"Hash Batches": 1,"Original Hash Batches": 1,"Peak Memory Usage": 33,"Workers": [],"Plans": [{"Node Type": "Nested Loop","Parent Relationship": "Outer","Parallel Aware": false,"Async Capable": false,"Join Type": "Inner","Startup Cost": 7.38,"Total Cost": 244.58,"Plan Rows": 400,"Plan Width": 30,"Actual Startup Time": 0.295,"Actual Total Time": 4.960,"Actual Rows": 390,"Actual Loops": 5,"Inner Unique": false,"Workers": [],"Plans": [{"Node Type": "Seq Scan","Parent Relationship": "Outer","Parallel Aware": false,"Async Capable": false,"Relation Name": "nation","Alias": "nation","Startup Cost": 0.00,"Total Cost": 1.31,"Plan Rows": 1,"Plan Width": 4,"Actual Startup Time": 0.065,"Actual Total Time": 0.070,"Actual Rows": 1,"Actual Loops": 5,"Filter": "(n_name = 'UNITED KINGDOM'::bpchar)","Rows Removed by Filter": 24,"Workers": []},{"Node Type": "Bitmap Heap Scan","Parent Relationship": "Inner","Parallel Aware": false,"Async Capable": false,"Relation Name": "supplier","Alias": "supplier","Startup Cost": 7.38,"Total Cost": 239.27,"Plan Rows": 400,"Plan Width": 34,"Actual Startup Time": 0.224,"Actual Total Time": 4.798,"Actual Rows": 390,"Actual Loops": 5,"Recheck Cond": "(s_nationkey = nation.n_nationkey)","Rows Removed by Index Recheck": 0,"Exact Heap Blocks": 190,"Lossy Heap Blocks": 0,"Workers": [],"Plans": [{"Node Type": "Bitmap Index Scan","Parent Relationship": "Outer","Parallel Aware": false,"Async Capable": false,"Index Name": "idx_supplier_nation_key","Startup Cost": 0.00,"Total Cost": 7.29,"Plan Rows": 400,"Plan Width": 0,"Actual Startup Time": 0.138,"Actual Total Time": 0.139,"Actual Rows": 390,"Actual Loops": 5,"Index Cond": "(s_nationkey = nation.n_nationkey)","Workers": []}]}]}]}]},{"Node Type": "Index Scan","Parent Relationship": "Inner","Parallel Aware": false,"Async Capable": false,"Scan Direction": "Forward","Index Name": "idx_lineitem_orderkey","Relation Name": "lineitem","Alias": "l3","Startup Cost": 0.43,"Total Cost": 1.06,"Plan Rows": 6,"Plan Width": 8,"Actual Startup Time": 0.003,"Actual Total Time": 0.003,"Actual Rows": 1,"Actual Loops": 147510,"Index Cond": "(l_orderkey = l1.l_orderkey)","Rows Removed by Index Recheck": 0,"Filter": "((l_receiptdate > l_commitdate) AND (l_suppkey <> l1.l_suppkey))","Rows Removed by Filter": 1,"Workers": []}]}]},{"Node Type": "Index Scan","Parent Relationship": "Inner","Parallel Aware": false,"Async Capable": false,"Scan Direction": "Forward","Index Name": "idx_lineitem_orderkey","Relation Name": "lineitem","Alias": "l2","Startup Cost": 0.43,"Total Cost": 1.02,"Plan Rows": 17,"Plan Width": 8,"Actual Startup Time": 0.008,"Actual Total Time": 0.008,"Actual Rows": 1,"Actual Loops": 13152,"Index Cond": "(l_orderkey = l1.l_orderkey)","Rows Removed by Index Recheck": 0,"Filter": "(l_suppkey <> l1.l_suppkey)","Rows Removed by Filter": 1}]},{"Node Type": "Index Scan","Parent Relationship": "Inner","Parallel Aware": false,"Async Capable": false,"Scan Direction": "Forward","Index Name": "orders_pkey","Relation Name": "orders","Alias": "orders","Startup Cost": 0.43,"Total Cost": 0.51,"Plan Rows": 1,"Plan Width": 4,"Actual Startup Time": 0.008,"Actual Total Time": 0.008,"Actual Rows": 0,"Actual Loops": 7892,"Index Cond": "(o_orderkey = l1.l_orderkey)","Rows Removed by Index Recheck": 0,"Filter": "(o_orderstatus = 'F'::bpchar)","Rows Removed by Filter": 1}]}]}]}]},"Planning Time": 10.043,"Triggers": [],"Execution Time": 525.836}]
[{"Plan": {"Node Type": "Sort","Parallel Aware": false,"Async Capable": false,"Startup Cost": 147378.80,"Total Cost": 147378.81,"Plan Rows": 1,"Plan Width": 34,"Actual Startup Time": 511.931,"Actual Total Time": 527.174,"Actual Rows": 415,"Actual Loops": 1,"Sort Key": ["(count(*)) DESC", "supplier.s_name"],"Sort Method": "quicksort","Sort Space Used": 57,"Sort Space Type": "Memory","Plans": [{"Node Type": "Aggregate","Strategy": "Sorted","Partial Mode": "Simple","Parent Relationship": "Outer","Parallel Aware": false,"Async Capable": false,"Startup Cost": 147378.77,"Total Cost": 147378.79,"Plan Rows": 1,"Plan Width": 34,"Actual Startup Time": 510.675,"Actual Total Time": 526.442,"Actual Rows": 415,"Actual Loops": 1,"Group Key": ["supplier.s_name"],"Plans": [{"Node Type": "Sort","Parent Relationship": "Outer","Parallel Aware": false,"Async Capable": false,"Startup Cost": 147378.77,"Total Cost": 147378.78,"Plan Rows": 1,"Plan Width": 26,"Actual Startup Time": 510.644,"Actual Total Time": 526.012,"Actual Rows": 4112,"Actual Loops": 1,"Sort Key": ["supplier.s_name"],"Sort Method": "quicksort","Sort Space Used": 482,"Sort Space Type": "Memory","Plans": [{"Node Type": "Nested Loop","Parent Relationship": "Outer","Parallel Aware": false,"Async Capable": false,"Join Type": "Inner","Startup Cost": 1250.87,"Total Cost": 147378.76,"Plan Rows": 1,"Plan Width": 26,"Actual Startup Time": 4.482,"Actual Total Time": 514.049,"Actual Rows": 4112,"Actual Loops": 1,"Inner Unique": true,"Plans": [{"Node Type": "Nested Loop","Parent Relationship": "Outer","Parallel Aware": false,"Async Capable": false,"Join Type": "Semi","Startup Cost": 1250.44,"Total Cost": 147378.26,"Plan Rows": 1,"Plan Width": 34,"Actual Startup Time": 4.433,"Actual Total Time": 447.118,"Actual Rows": 8423,"Actual Loops": 1,"Inner Unique": false,"Plans": [{"Node Type": "Gather","Parent Relationship": "Outer","Parallel Aware": false,"Async Capable": false,"Startup Cost": 1250.01,"Total Cost": 147377.22,"Plan Rows": 1,"Plan Width": 34,"Actual Startup Time": 4.417,"Actual Total Time": 335.444,"Actual Rows": 14099,"Actual Loops": 1,"Workers Planned": 4,"Workers Launched": 4,"Single Copy": false,"Plans": [{"Node Type": "Nested Loop","Parent Relationship": "Outer","Parallel Aware": false,"Async Capable": false,"Join Type": "Anti","Startup Cost": 250.01,"Total Cost": 146377.12,"Plan Rows": 1,"Plan Width": 34,"Actual Startup Time": 5.494,"Actual Total Time": 449.293,"Actual Rows": 2820,"Actual Loops": 5,"Inner Unique": false,"Workers": [],"Plans": [{"Node Type": "Hash Join","Parent Relationship": "Outer","Parallel Aware": false,"Async Capable": false,"Join Type": "Inner","Startup Cost": 249.58,"Total Cost": 133581.65,"Plan Rows": 19990,"Plan Width": 34,"Actual Startup Time": 5.114,"Actual Total Time": 356.460,"Actual Rows": 31599,"Actual Loops": 5,"Inner Unique": false,"Hash Cond": "(l1.l_suppkey = supplier.s_suppkey)","Workers": [],"Plans": [{"Node Type": "Seq Scan","Parent Relationship": "Outer","Parallel Aware": true,"Async Capable": false,"Relation Name": "lineitem","Alias": "l1","Startup Cost": 0.00,"Total Cost": 131256.80,"Plan Rows": 500101,"Plan Width": 8,"Actual Startup Time": 0.028,"Actual Total Time": 305.044,"Actual Rows": 758659,"Actual Loops": 5,"Filter": "(l_receiptdate > l_commitdate)","Rows Removed by Filter": 441584,"Workers": []},{"Node Type": "Hash","Parent Relationship": "Inner","Parallel Aware": false,"Async Capable": false,"Startup Cost": 244.58,"Total Cost": 244.58,"Plan Rows": 400,"Plan Width": 30,"Actual Startup Time": 4.772,"Actual Total Time": 4.789,"Actual Rows": 415,"Actual Loops": 5,"Hash Buckets": 1024,"Original Hash Buckets": 1024,"Hash Batches": 1,"Original Hash Batches": 1,"Peak Memory Usage": 34,"Workers": [],"Plans": [{"Node Type": "Nested Loop","Parent Relationship": "Outer","Parallel Aware": false,"Async Capable": false,"Join Type": "Inner","Startup Cost": 7.38,"Total Cost": 244.58,"Plan Rows": 400,"Plan Width": 30,"Actual Startup Time": 0.307,"Actual Total Time": 4.608,"Actual Rows": 415,"Actual Loops": 5,"Inner Unique": false,"Workers": [],"Plans": [{"Node Type": "Seq Scan","Parent Relationship": "Outer","Parallel Aware": false,"Async Capable": false,"Relation Name": "nation","Alias": "nation","Startup Cost": 0.00,"Total Cost": 1.31,"Plan Rows": 1,"Plan Width": 4,"Actual Startup Time": 0.059,"Actual Total Time": 0.064,"Actual Rows": 1,"Actual Loops": 5,"Filter": "(n_name = 'EGYPT'::bpchar)","Rows Removed by Filter": 24,"Workers": []},{"Node Type": "Bitmap Heap Scan","Parent Relationship": "Inner","Parallel Aware": false,"Async Capable": false,"Relation Name": "supplier","Alias": "supplier","Startup Cost": 7.38,"Total Cost": 239.27,"Plan Rows": 400,"Plan Width": 34,"Actual Startup Time": 0.244,"Actual Total Time": 4.451,"Actual Rows": 415,"Actual Loops": 5,"Recheck Cond": "(s_nationkey = nation.n_nationkey)","Rows Removed by Index Recheck": 0,"Exact Heap Blocks": 183,"Lossy Heap Blocks": 0,"Workers": [],"Plans": [{"Node Type": "Bitmap Index Scan","Parent Relationship": "Outer","Parallel Aware": false,"Async Capable": false,"Index Name": "idx_supplier_nation_key","Startup Cost": 0.00,"Total Cost": 7.29,"Plan Rows": 400,"Plan Width": 0,"Actual Startup Time": 0.159,"Actual Total Time": 0.162,"Actual Rows": 415,"Actual Loops": 5,"Index Cond": "(s_nationkey = nation.n_nationkey)","Workers": []}]}]}]}]},{"Node Type": "Index Scan","Parent Relationship": "Inner","Parallel Aware": false,"Async Capable": false,"Scan Direction": "Forward","Index Name": "idx_lineitem_orderkey","Relation Name": "lineitem","Alias": "l3","Startup Cost": 0.43,"Total Cost": 1.06,"Plan Rows": 6,"Plan Width": 8,"Actual Startup Time": 0.003,"Actual Total Time": 0.003,"Actual Rows": 1,"Actual Loops": 157994,"Index Cond": "(l_orderkey = l1.l_orderkey)","Rows Removed by Index Recheck": 0,"Filter": "((l_receiptdate > l_commitdate) AND (l_suppkey <> l1.l_suppkey))","Rows Removed by Filter": 1,"Workers": []}]}]},{"Node Type": "Index Scan","Parent Relationship": "Inner","Parallel Aware": false,"Async Capable": false,"Scan Direction": "Forward","Index Name": "idx_lineitem_orderkey","Relation Name": "lineitem","Alias": "l2","Startup Cost": 0.43,"Total Cost": 1.02,"Plan Rows": 17,"Plan Width": 8,"Actual Startup Time": 0.007,"Actual Total Time": 0.007,"Actual Rows": 1,"Actual Loops": 14099,"Index Cond": "(l_orderkey = l1.l_orderkey)","Rows Removed by Index Recheck": 0,"Filter": "(l_suppkey <> l1.l_suppkey)","Rows Removed by Filter": 1}]},{"Node Type": "Index Scan","Parent Relationship": "Inner","Parallel Aware": false,"Async Capable": false,"Scan Direction": "Forward","Index Name": "orders_pkey","Relation Name": "orders","Alias": "orders","Startup Cost": 0.43,"Total Cost": 0.51,"Plan Rows": 1,"Plan Width": 4,"Actual Startup Time": 0.008,"Actual Total Time": 0.008,"Actual Rows": 0,"Actual Loops": 8423,"Index Cond": "(o_orderkey = l1.l_orderkey)","Rows Removed by Index Recheck": 0,"Filter": "(o_orderstatus = 'F'::bpchar)","Rows Removed by Filter": 1}]}]}]}]},"Planning Time": 8.195,"Triggers": [],"Execution Time": 527.804}]
[{"Plan": {"Node Type": "Sort","Parallel Aware": false,"Async Capable": false,"Startup Cost": 147378.80,"Total Cost": 147378.81,"Plan Rows": 1,"Plan Width": 34,"Actual Startup Time": 491.039,"Actual Total Time": 509.746,"Actual Rows": 373,"Actual Loops": 1,"Sort Key": ["(count(*)) DESC", "supplier.s_name"],"Sort Method": "quicksort","Sort Space Used": 54,"Sort Space Type": "Memory","Plans": [{"Node Type": "Aggregate","Strategy": "Sorted","Partial Mode": "Simple","Parent Relationship": "Outer","Parallel Aware": false,"Async Capable": false,"Startup Cost": 147378.77,"Total Cost": 147378.79,"Plan Rows": 1,"Plan Width": 34,"Actual Startup Time": 489.852,"Actual Total Time": 509.039,"Actual Rows": 373,"Actual Loops": 1,"Group Key": ["supplier.s_name"],"Plans": [{"Node Type": "Sort","Parent Relationship": "Outer","Parallel Aware": false,"Async Capable": false,"Startup Cost": 147378.77,"Total Cost": 147378.78,"Plan Rows": 1,"Plan Width": 26,"Actual Startup Time": 489.818,"Actual Total Time": 508.641,"Actual Rows": 3775,"Actual Loops": 1,"Sort Key": ["supplier.s_name"],"Sort Method": "quicksort","Sort Space Used": 362,"Sort Space Type": "Memory","Plans": [{"Node Type": "Nested Loop","Parent Relationship": "Outer","Parallel Aware": false,"Async Capable": false,"Join Type": "Inner","Startup Cost": 1250.87,"Total Cost": 147378.76,"Plan Rows": 1,"Plan Width": 26,"Actual Startup Time": 4.604,"Actual Total Time": 497.627,"Actual Rows": 3775,"Actual Loops": 1,"Inner Unique": true,"Plans": [{"Node Type": "Nested Loop","Parent Relationship": "Outer","Parallel Aware": false,"Async Capable": false,"Join Type": "Semi","Startup Cost": 1250.44,"Total Cost": 147378.26,"Plan Rows": 1,"Plan Width": 34,"Actual Startup Time": 4.579,"Actual Total Time": 434.821,"Actual Rows": 7601,"Actual Loops": 1,"Inner Unique": false,"Plans": [{"Node Type": "Gather","Parent Relationship": "Outer","Parallel Aware": false,"Async Capable": false,"Startup Cost": 1250.01,"Total Cost": 147377.22,"Plan Rows": 1,"Plan Width": 34,"Actual Startup Time": 4.564,"Actual Total Time": 332.092,"Actual Rows": 12602,"Actual Loops": 1,"Workers Planned": 4,"Workers Launched": 4,"Single Copy": false,"Plans": [{"Node Type": "Nested Loop","Parent Relationship": "Outer","Parallel Aware": false,"Async Capable": false,"Join Type": "Anti","Startup Cost": 250.01,"Total Cost": 146377.12,"Plan Rows": 1,"Plan Width": 34,"Actual Startup Time": 4.313,"Actual Total Time": 433.903,"Actual Rows": 2520,"Actual Loops": 5,"Inner Unique": false,"Workers": [],"Plans": [{"Node Type": "Hash Join","Parent Relationship": "Outer","Parallel Aware": false,"Async Capable": false,"Join Type": "Inner","Startup Cost": 249.58,"Total Cost": 133581.65,"Plan Rows": 19990,"Plan Width": 34,"Actual Startup Time": 3.915,"Actual Total Time": 349.840,"Actual Rows": 28289,"Actual Loops": 5,"Inner Unique": false,"Hash Cond": "(l1.l_suppkey = supplier.s_suppkey)","Workers": [],"Plans": [{"Node Type": "Seq Scan","Parent Relationship": "Outer","Parallel Aware": true,"Async Capable": false,"Relation Name": "lineitem","Alias": "l1","Startup Cost": 0.00,"Total Cost": 131256.80,"Plan Rows": 500101,"Plan Width": 8,"Actual Startup Time": 0.025,"Actual Total Time": 300.593,"Actual Rows": 758659,"Actual Loops": 5,"Filter": "(l_receiptdate > l_commitdate)","Rows Removed by Filter": 441584,"Workers": []},{"Node Type": "Hash","Parent Relationship": "Inner","Parallel Aware": false,"Async Capable": false,"Startup Cost": 244.58,"Total Cost": 244.58,"Plan Rows": 400,"Plan Width": 30,"Actual Startup Time": 3.661,"Actual Total Time": 3.675,"Actual Rows": 373,"Actual Loops": 5,"Hash Buckets": 1024,"Original Hash Buckets": 1024,"Hash Batches": 1,"Original Hash Batches": 1,"Peak Memory Usage": 32,"Workers": [],"Plans": [{"Node Type": "Nested Loop","Parent Relationship": "Outer","Parallel Aware": false,"Async Capable": false,"Join Type": "Inner","Startup Cost": 7.38,"Total Cost": 244.58,"Plan Rows": 400,"Plan Width": 30,"Actual Startup Time": 0.231,"Actual Total Time": 3.539,"Actual Rows": 373,"Actual Loops": 5,"Inner Unique": false,"Workers": [],"Plans": [{"Node Type": "Seq Scan","Parent Relationship": "Outer","Parallel Aware": false,"Async Capable": false,"Relation Name": "nation","Alias": "nation","Startup Cost": 0.00,"Total Cost": 1.31,"Plan Rows": 1,"Plan Width": 4,"Actual Startup Time": 0.052,"Actual Total Time": 0.058,"Actual Rows": 1,"Actual Loops": 5,"Filter": "(n_name = 'MOROCCO'::bpchar)","Rows Removed by Filter": 24,"Workers": []},{"Node Type": "Bitmap Heap Scan","Parent Relationship": "Inner","Parallel Aware": false,"Async Capable": false,"Relation Name": "supplier","Alias": "supplier","Startup Cost": 7.38,"Total Cost": 239.27,"Plan Rows": 400,"Plan Width": 34,"Actual Startup Time": 0.174,"Actual Total Time": 3.419,"Actual Rows": 373,"Actual Loops": 5,"Recheck Cond": "(s_nationkey = nation.n_nationkey)","Rows Removed by Index Recheck": 0,"Exact Heap Blocks": 180,"Lossy Heap Blocks": 0,"Workers": [],"Plans": [{"Node Type": "Bitmap Index Scan","Parent Relationship": "Outer","Parallel Aware": false,"Async Capable": false,"Index Name": "idx_supplier_nation_key","Startup Cost": 0.00,"Total Cost": 7.29,"Plan Rows": 400,"Plan Width": 0,"Actual Startup Time": 0.112,"Actual Total Time": 0.115,"Actual Rows": 373,"Actual Loops": 5,"Index Cond": "(s_nationkey = nation.n_nationkey)","Workers": []}]}]}]}]},{"Node Type": "Index Scan","Parent Relationship": "Inner","Parallel Aware": false,"Async Capable": false,"Scan Direction": "Forward","Index Name": "idx_lineitem_orderkey","Relation Name": "lineitem","Alias": "l3","Startup Cost": 0.43,"Total Cost": 1.06,"Plan Rows": 6,"Plan Width": 8,"Actual Startup Time": 0.003,"Actual Total Time": 0.003,"Actual Rows": 1,"Actual Loops": 141445,"Index Cond": "(l_orderkey = l1.l_orderkey)","Rows Removed by Index Recheck": 0,"Filter": "((l_receiptdate > l_commitdate) AND (l_suppkey <> l1.l_suppkey))","Rows Removed by Filter": 1,"Workers": []}]}]},{"Node Type": "Index Scan","Parent Relationship": "Inner","Parallel Aware": false,"Async Capable": false,"Scan Direction": "Forward","Index Name": "idx_lineitem_orderkey","Relation Name": "lineitem","Alias": "l2","Startup Cost": 0.43,"Total Cost": 1.02,"Plan Rows": 17,"Plan Width": 8,"Actual Startup Time": 0.008,"Actual Total Time": 0.008,"Actual Rows": 1,"Actual Loops": 12602,"Index Cond": "(l_orderkey = l1.l_orderkey)","Rows Removed by Index Recheck": 0,"Filter": "(l_suppkey <> l1.l_suppkey)","Rows Removed by Filter": 1}]},{"Node Type": "Index Scan","Parent Relationship": "Inner","Parallel Aware": false,"Async Capable": false,"Scan Direction": "Forward","Index Name": "orders_pkey","Relation Name": "orders","Alias": "orders","Startup Cost": 0.43,"Total Cost": 0.51,"Plan Rows": 1,"Plan Width": 4,"Actual Startup Time": 0.008,"Actual Total Time": 0.008,"Actual Rows": 0,"Actual Loops": 7601,"Index Cond": "(o_orderkey = l1.l_orderkey)","Rows Removed by Index Recheck": 0,"Filter": "(o_orderstatus = 'F'::bpchar)","Rows Removed by Filter": 1}]}]}]}]},"Planning Time": 9.187,"Triggers": [],"Execution Time": 510.411}]
[{"Plan": {"Node Type": "Sort","Parallel Aware": false,"Async Capable": false,"Startup Cost": 147378.80,"Total Cost": 147378.81,"Plan Rows": 1,"Plan Width": 34,"Actual Startup Time": 491.039,"Actual Total Time": 509.746,"Actual Rows": 373,"Actual Loops": 1,"Sort Key": ["(count(*)) DESC", "supplier.s_name"],"Sort Method": "quicksort","Sort Space Used": 54,"Sort Space Type": "Memory","Plans": [{"Node Type": "Aggregate","Strategy": "Sorted","Partial Mode": "Simple","Parent Relationship": "Outer","Parallel Aware": false,"Async Capable": false,"Startup Cost": 147378.77,"Total Cost": 147378.79,"Plan Rows": 1,"Plan Width": 34,"Actual Startup Time": 489.852,"Actual Total Time": 509.039,"Actual Rows": 373,"Actual Loops": 1,"Group Key": ["supplier.s_name"],"Plans": [{"Node Type": "Sort","Parent Relationship": "Outer","Parallel Aware": false,"Async Capable": false,"Startup Cost": 147378.77,"Total Cost": 147378.78,"Plan Rows": 1,"Plan Width": 26,"Actual Startup Time": 489.818,"Actual Total Time": 508.641,"Actual Rows": 3775,"Actual Loops": 1,"Sort Key": ["supplier.s_name"],"Sort Method": "quicksort","Sort Space Used": 362,"Sort Space Type": "Memory","Plans": [{"Node Type": "Nested Loop","Parent Relationship": "Outer","Parallel Aware": false,"Async Capable": false,"Join Type": "Inner","Startup Cost": 1250.87,"Total Cost": 147378.76,"Plan Rows": 1,"Plan Width": 26,"Actual Startup Time": 4.604,"Actual Total Time": 497.627,"Actual Rows": 3775,"Actual Loops": 1,"Inner Unique": true,"Plans": [{"Node Type": "Nested Loop","Parent Relationship": "Outer","Parallel Aware": false,"Async Capable": false,"Join Type": "Semi","Startup Cost": 1250.44,"Total Cost": 147378.26,"Plan Rows": 1,"Plan Width": 34,"Actual Startup Time": 4.579,"Actual Total Time": 434.821,"Actual Rows": 7601,"Actual Loops": 1,"Inner Unique": false,"Plans": [{"Node Type": "Gather","Parent Relationship": "Outer","Parallel Aware": false,"Async Capable": false,"Startup Cost": 1250.01,"Total Cost": 147377.22,"Plan Rows": 1,"Plan Width": 34,"Actual Startup Time": 4.564,"Actual Total Time": 332.092,"Actual Rows": 12602,"Actual Loops": 1,"Workers Planned": 4,"Workers Launched": 4,"Single Copy": false,"Plans": [{"Node Type": "Nested Loop","Parent Relationship": "Outer","Parallel Aware": false,"Async Capable": false,"Join Type": "Anti","Startup Cost": 250.01,"Total Cost": 146377.12,"Plan Rows": 1,"Plan Width": 34,"Actual Startup Time": 4.313,"Actual Total Time": 433.903,"Actual Rows": 2520,"Actual Loops": 5,"Inner Unique": false,"Workers": [],"Plans": [{"Node Type": "Hash Join","Parent Relationship": "Outer","Parallel Aware": false,"Async Capable": false,"Join Type": "Inner","Startup Cost": 249.58,"Total Cost": 133581.65,"Plan Rows": 19990,"Plan Width": 34,"Actual Startup Time": 3.915,"Actual Total Time": 349.840,"Actual Rows": 28289,"Actual Loops": 5,"Inner Unique": false,"Hash Cond": "(l1.l_suppkey = supplier.s_suppkey)","Workers": [],"Plans": [{"Node Type": "Seq Scan","Parent Relationship": "Outer","Parallel Aware": true,"Async Capable": false,"Relation Name": "lineitem","Alias": "l1","Startup Cost": 0.00,"Total Cost": 131256.80,"Plan Rows": 500101,"Plan Width": 8,"Actual Startup Time": 0.025,"Actual Total Time": 300.593,"Actual Rows": 758659,"Actual Loops": 5,"Filter": "(l_receiptdate > l_commitdate)","Rows Removed by Filter": 441584,"Workers": []},{"Node Type": "Hash","Parent Relationship": "Inner","Parallel Aware": false,"Async Capable": false,"Startup Cost": 244.58,"Total Cost": 244.58,"Plan Rows": 400,"Plan Width": 30,"Actual Startup Time": 3.661,"Actual Total Time": 3.675,"Actual Rows": 373,"Actual Loops": 5,"Hash Buckets": 1024,"Original Hash Buckets": 1024,"Hash Batches": 1,"Original Hash Batches": 1,"Peak Memory Usage": 32,"Workers": [],"Plans": [{"Node Type": "Nested Loop","Parent Relationship": "Outer","Parallel Aware": false,"Async Capable": false,"Join Type": "Inner","Startup Cost": 7.38,"Total Cost": 244.58,"Plan Rows": 400,"Plan Width": 30,"Actual Startup Time": 0.231,"Actual Total Time": 3.539,"Actual Rows": 373,"Actual Loops": 5,"Inner Unique": false,"Workers": [],"Plans": [{"Node Type": "Seq Scan","Parent Relationship": "Outer","Parallel Aware": false,"Async Capable": false,"Relation Name": "nation","Alias": "nation","Startup Cost": 0.00,"Total Cost": 1.31,"Plan Rows": 1,"Plan Width": 4,"Actual Startup Time": 0.052,"Actual Total Time": 0.058,"Actual Rows": 1,"Actual Loops": 5,"Filter": "(n_name = 'MOROCCO'::bpchar)","Rows Removed by Filter": 24,"Workers": []},{"Node Type": "Bitmap Heap Scan","Parent Relationship": "Inner","Parallel Aware": false,"Async Capable": false,"Relation Name": "supplier","Alias": "supplier","Startup Cost": 7.38,"Total Cost": 239.27,"Plan Rows": 400,"Plan Width": 34,"Actual Startup Time": 0.174,"Actual Total Time": 3.419,"Actual Rows": 373,"Actual Loops": 5,"Recheck Cond": "(s_nationkey = nation.n_nationkey)","Rows Removed by Index Recheck": 0,"Exact Heap Blocks": 180,"Lossy Heap Blocks": 0,"Workers": [],"Plans": [{"Node Type": "Bitmap Index Scan","Parent Relationship": "Outer","Parallel Aware": false,"Async Capable": false,"Index Name": "idx_supplier_nation_key","Startup Cost": 0.00,"Total Cost": 7.29,"Plan Rows": 400,"Plan Width": 0,"Actual Startup Time": 0.112,"Actual Total Time": 0.115,"Actual Rows": 373,"Actual Loops": 5,"Index Cond": "(s_nationkey = nation.n_nationkey)","Workers": []}]}]}]}]},{"Node Type": "Index Scan","Parent Relationship": "Inner","Parallel Aware": false,"Async Capable": false,"Scan Direction": "Forward","Index Name": "idx_lineitem_orderkey","Relation Name": "lineitem","Alias": "l3","Startup Cost": 0.43,"Total Cost": 1.06,"Plan Rows": 6,"Plan Width": 8,"Actual Startup Time": 0.003,"Actual Total Time": 0.003,"Actual Rows": 1,"Actual Loops": 141445,"Index Cond": "(l_orderkey = l1.l_orderkey)","Rows Removed by Index Recheck": 0,"Filter": "((l_receiptdate > l_commitdate) AND (l_suppkey <> l1.l_suppkey))","Rows Removed by Filter": 1,"Workers": []}]}]},{"Node Type": "Index Scan","Parent Relationship": "Inner","Parallel Aware": false,"Async Capable": false,"Scan Direction": "Forward","Index Name": "idx_lineitem_orderkey","Relation Name": "lineitem","Alias": "l2","Startup Cost": 0.43,"Total Cost": 1.02,"Plan Rows": 17,"Plan Width": 8,"Actual Startup Time": 0.008,"Actual Total Time": 0.008,"Actual Rows": 1,"Actual Loops": 12602,"Index Cond": "(l_orderkey = l1.l_orderkey)","Rows Removed by Index Recheck": 0,"Filter": "(l_suppkey <> l1.l_suppkey)","Rows Removed by Filter": 1}]},{"Node Type": "Index Scan","Parent Relationship": "Inner","Parallel Aware": false,"Async Capable": false,"Scan Direction": "Forward","Index Name": "orders_pkey","Relation Name": "orders","Alias": "orders","Startup Cost": 0.43,"Total Cost": 0.51,"Plan Rows": 1,"Plan Width": 4,"Actual Startup Time": 0.008,"Actual Total Time": 0.008,"Actual Rows": 0,"Actual Loops": 7601,"Index Cond": "(o_orderkey = l1.l_orderkey)","Rows Removed by Index Recheck": 0,"Filter": "(o_orderstatus = 'F'::bpchar)","Rows Removed by Filter": 1}]}]}]}]},"Planning Time": 9.187,"Triggers": [],"Execution Time": 510.411}]
[{"Plan": {"Node Type": "Sort","Parallel Aware": false,"Async Capable": false,"Startup Cost": 147378.80,"Total Cost": 147378.81,"Plan Rows": 1,"Plan Width": 34,"Actual Startup Time": 493.231,"Actual Total Time": 511.674,"Actual Rows": 376,"Actual Loops": 1,"Sort Key": ["(count(*)) DESC", "supplier.s_name"],"Sort Method": "quicksort","Sort Space Used": 54,"Sort Space Type": "Memory","Plans": [{"Node Type": "Aggregate","Strategy": "Sorted","Partial Mode": "Simple","Parent Relationship": "Outer","Parallel Aware": false,"Async Capable": false,"Startup Cost": 147378.77,"Total Cost": 147378.79,"Plan Rows": 1,"Plan Width": 34,"Actual Startup Time": 492.079,"Actual Total Time": 510.997,"Actual Rows": 376,"Actual Loops": 1,"Group Key": ["supplier.s_name"],"Plans": [{"Node Type": "Sort","Parent Relationship": "Outer","Parallel Aware": false,"Async Capable": false,"Startup Cost": 147378.77,"Total Cost": 147378.78,"Plan Rows": 1,"Plan Width": 26,"Actual Startup Time": 492.053,"Actual Total Time": 510.609,"Actual Rows": 3697,"Actual Loops": 1,"Sort Key": ["supplier.s_name"],"Sort Method": "quicksort","Sort Space Used": 356,"Sort Space Type": "Memory","Plans": [{"Node Type": "Nested Loop","Parent Relationship": "Outer","Parallel Aware": false,"Async Capable": false,"Join Type": "Inner","Startup Cost": 1250.87,"Total Cost": 147378.76,"Plan Rows": 1,"Plan Width": 26,"Actual Startup Time": 5.656,"Actual Total Time": 499.948,"Actual Rows": 3697,"Actual Loops": 1,"Inner Unique": true,"Plans": [{"Node Type": "Nested Loop","Parent Relationship": "Outer","Parallel Aware": false,"Async Capable": false,"Join Type": "Semi","Startup Cost": 1250.44,"Total Cost": 147378.26,"Plan Rows": 1,"Plan Width": 34,"Actual Startup Time": 5.611,"Actual Total Time": 438.655,"Actual Rows": 7589,"Actual Loops": 1,"Inner Unique": false,"Plans": [{"Node Type": "Gather","Parent Relationship": "Outer","Parallel Aware": false,"Async Capable": false,"Startup Cost": 1250.01,"Total Cost": 147377.22,"Plan Rows": 1,"Plan Width": 34,"Actual Startup Time": 4.591,"Actual Total Time": 336.749,"Actual Rows": 12677,"Actual Loops": 1,"Workers Planned": 4,"Workers Launched": 4,"Single Copy": false,"Plans": [{"Node Type": "Nested Loop","Parent Relationship": "Outer","Parallel Aware": false,"Async Capable": false,"Join Type": "Anti","Startup Cost": 250.01,"Total Cost": 146377.12,"Plan Rows": 1,"Plan Width": 34,"Actual Startup Time": 5.313,"Actual Total Time": 436.446,"Actual Rows": 2535,"Actual Loops": 5,"Inner Unique": false,"Workers": [],"Plans": [{"Node Type": "Hash Join","Parent Relationship": "Outer","Parallel Aware": false,"Async Capable": false,"Join Type": "Inner","Startup Cost": 249.58,"Total Cost": 133581.65,"Plan Rows": 19990,"Plan Width": 34,"Actual Startup Time": 5.158,"Actual Total Time": 352.526,"Actual Rows": 28439,"Actual Loops": 5,"Inner Unique": false,"Hash Cond": "(l1.l_suppkey = supplier.s_suppkey)","Workers": [],"Plans": [{"Node Type": "Seq Scan","Parent Relationship": "Outer","Parallel Aware": true,"Async Capable": false,"Relation Name": "lineitem","Alias": "l1","Startup Cost": 0.00,"Total Cost": 131256.80,"Plan Rows": 500101,"Plan Width": 8,"Actual Startup Time": 0.028,"Actual Total Time": 300.563,"Actual Rows": 758659,"Actual Loops": 5,"Filter": "(l_receiptdate > l_commitdate)","Rows Removed by Filter": 441584,"Workers": []},{"Node Type": "Hash","Parent Relationship": "Inner","Parallel Aware": false,"Async Capable": false,"Startup Cost": 244.58,"Total Cost": 244.58,"Plan Rows": 400,"Plan Width": 30,"Actual Startup Time": 4.780,"Actual Total Time": 4.790,"Actual Rows": 376,"Actual Loops": 5,"Hash Buckets": 1024,"Original Hash Buckets": 1024,"Hash Batches": 1,"Original Hash Batches": 1,"Peak Memory Usage": 32,"Workers": [],"Plans": [{"Node Type": "Nested Loop","Parent Relationship": "Outer","Parallel Aware": false,"Async Capable": false,"Join Type": "Inner","Startup Cost": 7.38,"Total Cost": 244.58,"Plan Rows": 400,"Plan Width": 30,"Actual Startup Time": 0.359,"Actual Total Time": 4.625,"Actual Rows": 376,"Actual Loops": 5,"Inner Unique": false,"Workers": [],"Plans": [{"Node Type": "Seq Scan","Parent Relationship": "Outer","Parallel Aware": false,"Async Capable": false,"Relation Name": "nation","Alias": "nation","Startup Cost": 0.00,"Total Cost": 1.31,"Plan Rows": 1,"Plan Width": 4,"Actual Startup Time": 0.066,"Actual Total Time": 0.070,"Actual Rows": 1,"Actual Loops": 5,"Filter": "(n_name = 'KENYA'::bpchar)","Rows Removed by Filter": 24,"Workers": []},{"Node Type": "Bitmap Heap Scan","Parent Relationship": "Inner","Parallel Aware": false,"Async Capable": false,"Relation Name": "supplier","Alias": "supplier","Startup Cost": 7.38,"Total Cost": 239.27,"Plan Rows": 400,"Plan Width": 34,"Actual Startup Time": 0.287,"Actual Total Time": 4.480,"Actual Rows": 376,"Actual Loops": 5,"Recheck Cond": "(s_nationkey = nation.n_nationkey)","Rows Removed by Index Recheck": 0,"Exact Heap Blocks": 179,"Lossy Heap Blocks": 0,"Workers": [],"Plans": [{"Node Type": "Bitmap Index Scan","Parent Relationship": "Outer","Parallel Aware": false,"Async Capable": false,"Index Name": "idx_supplier_nation_key","Startup Cost": 0.00,"Total Cost": 7.29,"Plan Rows": 400,"Plan Width": 0,"Actual Startup Time": 0.181,"Actual Total Time": 0.182,"Actual Rows": 376,"Actual Loops": 5,"Index Cond": "(s_nationkey = nation.n_nationkey)","Workers": []}]}]}]}]},{"Node Type": "Index Scan","Parent Relationship": "Inner","Parallel Aware": false,"Async Capable": false,"Scan Direction": "Forward","Index Name": "idx_lineitem_orderkey","Relation Name": "lineitem","Alias": "l3","Startup Cost": 0.43,"Total Cost": 1.06,"Plan Rows": 6,"Plan Width": 8,"Actual Startup Time": 0.003,"Actual Total Time": 0.003,"Actual Rows": 1,"Actual Loops": 142196,"Index Cond": "(l_orderkey = l1.l_orderkey)","Rows Removed by Index Recheck": 0,"Filter": "((l_receiptdate > l_commitdate) AND (l_suppkey <> l1.l_suppkey))","Rows Removed by Filter": 1,"Workers": []}]}]},{"Node Type": "Index Scan","Parent Relationship": "Inner","Parallel Aware": false,"Async Capable": false,"Scan Direction": "Forward","Index Name": "idx_lineitem_orderkey","Relation Name": "lineitem","Alias": "l2","Startup Cost": 0.43,"Total Cost": 1.02,"Plan Rows": 17,"Plan Width": 8,"Actual Startup Time": 0.008,"Actual Total Time": 0.008,"Actual Rows": 1,"Actual Loops": 12677,"Index Cond": "(l_orderkey = l1.l_orderkey)","Rows Removed by Index Recheck": 0,"Filter": "(l_suppkey <> l1.l_suppkey)","Rows Removed by Filter": 1}]},{"Node Type": "Index Scan","Parent Relationship": "Inner","Parallel Aware": false,"Async Capable": false,"Scan Direction": "Forward","Index Name": "orders_pkey","Relation Name": "orders","Alias": "orders","Startup Cost": 0.43,"Total Cost": 0.51,"Plan Rows": 1,"Plan Width": 4,"Actual Startup Time": 0.008,"Actual Total Time": 0.008,"Actual Rows": 0,"Actual Loops": 7589,"Index Cond": "(o_orderkey = l1.l_orderkey)","Rows Removed by Index Recheck": 0,"Filter": "(o_orderstatus = 'F'::bpchar)","Rows Removed by Filter": 1}]}]}]}]},"Planning Time": 8.298,"Triggers": [],"Execution Time": 512.274}]
[{"Plan": {"Node Type": "Sort","Parallel Aware": false,"Async Capable": false,"Startup Cost": 147378.80,"Total Cost": 147378.81,"Plan Rows": 1,"Plan Width": 34,"Actual Startup Time": 484.568,"Actual Total Time": 505.980,"Actual Rows": 362,"Actual Loops": 1,"Sort Key": ["(count(*)) DESC", "supplier.s_name"],"Sort Method": "quicksort","Sort Space Used": 53,"Sort Space Type": "Memory","Plans": [{"Node Type": "Aggregate","Strategy": "Sorted","Partial Mode": "Simple","Parent Relationship": "Outer","Parallel Aware": false,"Async Capable": false,"Startup Cost": 147378.77,"Total Cost": 147378.79,"Plan Rows": 1,"Plan Width": 34,"Actual Startup Time": 483.467,"Actual Total Time": 505.326,"Actual Rows": 362,"Actual Loops": 1,"Group Key": ["supplier.s_name"],"Plans": [{"Node Type": "Sort","Parent Relationship": "Outer","Parallel Aware": false,"Async Capable": false,"Startup Cost": 147378.77,"Total Cost": 147378.78,"Plan Rows": 1,"Plan Width": 26,"Actual Startup Time": 483.448,"Actual Total Time": 504.962,"Actual Rows": 3454,"Actual Loops": 1,"Sort Key": ["supplier.s_name"],"Sort Method": "quicksort","Sort Space Used": 339,"Sort Space Type": "Memory","Plans": [{"Node Type": "Nested Loop","Parent Relationship": "Outer","Parallel Aware": false,"Async Capable": false,"Join Type": "Inner","Startup Cost": 1250.87,"Total Cost": 147378.76,"Plan Rows": 1,"Plan Width": 26,"Actual Startup Time": 4.046,"Actual Total Time": 494.960,"Actual Rows": 3454,"Actual Loops": 1,"Inner Unique": true,"Plans": [{"Node Type": "Nested Loop","Parent Relationship": "Outer","Parallel Aware": false,"Async Capable": false,"Join Type": "Semi","Startup Cost": 1250.44,"Total Cost": 147378.26,"Plan Rows": 1,"Plan Width": 34,"Actual Startup Time": 3.697,"Actual Total Time": 437.513,"Actual Rows": 7167,"Actual Loops": 1,"Inner Unique": false,"Plans": [{"Node Type": "Gather","Parent Relationship": "Outer","Parallel Aware": false,"Async Capable": false,"Startup Cost": 1250.01,"Total Cost": 147377.22,"Plan Rows": 1,"Plan Width": 34,"Actual Startup Time": 3.682,"Actual Total Time": 337.976,"Actual Rows": 12136,"Actual Loops": 1,"Workers Planned": 4,"Workers Launched": 4,"Single Copy": false,"Plans": [{"Node Type": "Nested Loop","Parent Relationship": "Outer","Parallel Aware": false,"Async Capable": false,"Join Type": "Anti","Startup Cost": 250.01,"Total Cost": 146377.12,"Plan Rows": 1,"Plan Width": 34,"Actual Startup Time": 4.367,"Actual Total Time": 431.433,"Actual Rows": 2427,"Actual Loops": 5,"Inner Unique": false,"Workers": [],"Plans": [{"Node Type": "Hash Join","Parent Relationship": "Outer","Parallel Aware": false,"Async Capable": false,"Join Type": "Inner","Startup Cost": 249.58,"Total Cost": 133581.65,"Plan Rows": 19990,"Plan Width": 34,"Actual Startup Time": 4.181,"Actual Total Time": 349.984,"Actual Rows": 27450,"Actual Loops": 5,"Inner Unique": false,"Hash Cond": "(l1.l_suppkey = supplier.s_suppkey)","Workers": [],"Plans": [{"Node Type": "Seq Scan","Parent Relationship": "Outer","Parallel Aware": true,"Async Capable": false,"Relation Name": "lineitem","Alias": "l1","Startup Cost": 0.00,"Total Cost": 131256.80,"Plan Rows": 500101,"Plan Width": 8,"Actual Startup Time": 0.027,"Actual Total Time": 299.399,"Actual Rows": 758659,"Actual Loops": 5,"Filter": "(l_receiptdate > l_commitdate)","Rows Removed by Filter": 441584,"Workers": []},{"Node Type": "Hash","Parent Relationship": "Inner","Parallel Aware": false,"Async Capable": false,"Startup Cost": 244.58,"Total Cost": 244.58,"Plan Rows": 400,"Plan Width": 30,"Actual Startup Time": 3.849,"Actual Total Time": 3.862,"Actual Rows": 362,"Actual Loops": 5,"Hash Buckets": 1024,"Original Hash Buckets": 1024,"Hash Batches": 1,"Original Hash Batches": 1,"Peak Memory Usage": 31,"Workers": [],"Plans": [{"Node Type": "Nested Loop","Parent Relationship": "Outer","Parallel Aware": false,"Async Capable": false,"Join Type": "Inner","Startup Cost": 7.38,"Total Cost": 244.58,"Plan Rows": 400,"Plan Width": 30,"Actual Startup Time": 0.339,"Actual Total Time": 3.727,"Actual Rows": 362,"Actual Loops": 5,"Inner Unique": false,"Workers": [],"Plans": [{"Node Type": "Seq Scan","Parent Relationship": "Outer","Parallel Aware": false,"Async Capable": false,"Relation Name": "nation","Alias": "nation","Startup Cost": 0.00,"Total Cost": 1.31,"Plan Rows": 1,"Plan Width": 4,"Actual Startup Time": 0.061,"Actual Total Time": 0.064,"Actual Rows": 1,"Actual Loops": 5,"Filter": "(n_name = 'JORDAN'::bpchar)","Rows Removed by Filter": 24,"Workers": []},{"Node Type": "Bitmap Heap Scan","Parent Relationship": "Inner","Parallel Aware": false,"Async Capable": false,"Relation Name": "supplier","Alias": "supplier","Startup Cost": 7.38,"Total Cost": 239.27,"Plan Rows": 400,"Plan Width": 34,"Actual Startup Time": 0.272,"Actual Total Time": 3.601,"Actual Rows": 362,"Actual Loops": 5,"Recheck Cond": "(s_nationkey = nation.n_nationkey)","Rows Removed by Index Recheck": 0,"Exact Heap Blocks": 166,"Lossy Heap Blocks": 0,"Workers": [],"Plans": [{"Node Type": "Bitmap Index Scan","Parent Relationship": "Outer","Parallel Aware": false,"Async Capable": false,"Index Name": "idx_supplier_nation_key","Startup Cost": 0.00,"Total Cost": 7.29,"Plan Rows": 400,"Plan Width": 0,"Actual Startup Time": 0.176,"Actual Total Time": 0.178,"Actual Rows": 362,"Actual Loops": 5,"Index Cond": "(s_nationkey = nation.n_nationkey)","Workers": []}]}]}]}]},{"Node Type": "Index Scan","Parent Relationship": "Inner","Parallel Aware": false,"Async Capable": false,"Scan Direction": "Forward","Index Name": "idx_lineitem_orderkey","Relation Name": "lineitem","Alias": "l3","Startup Cost": 0.43,"Total Cost": 1.06,"Plan Rows": 6,"Plan Width": 8,"Actual Startup Time": 0.003,"Actual Total Time": 0.003,"Actual Rows": 1,"Actual Loops": 137252,"Index Cond": "(l_orderkey = l1.l_orderkey)","Rows Removed by Index Recheck": 0,"Filter": "((l_receiptdate > l_commitdate) AND (l_suppkey <> l1.l_suppkey))","Rows Removed by Filter": 1,"Workers": []}]}]},{"Node Type": "Index Scan","Parent Relationship": "Inner","Parallel Aware": false,"Async Capable": false,"Scan Direction": "Forward","Index Name": "idx_lineitem_orderkey","Relation Name": "lineitem","Alias": "l2","Startup Cost": 0.43,"Total Cost": 1.02,"Plan Rows": 17,"Plan Width": 8,"Actual Startup Time": 0.008,"Actual Total Time": 0.008,"Actual Rows": 1,"Actual Loops": 12136,"Index Cond": "(l_orderkey = l1.l_orderkey)","Rows Removed by Index Recheck": 0,"Filter": "(l_suppkey <> l1.l_suppkey)","Rows Removed by Filter": 1}]},{"Node Type": "Index Scan","Parent Relationship": "Inner","Parallel Aware": false,"Async Capable": false,"Scan Direction": "Forward","Index Name": "orders_pkey","Relation Name": "orders","Alias": "orders","Startup Cost": 0.43,"Total Cost": 0.51,"Plan Rows": 1,"Plan Width": 4,"Actual Startup Time": 0.008,"Actual Total Time": 0.008,"Actual Rows": 0,"Actual Loops": 7167,"Index Cond": "(o_orderkey = l1.l_orderkey)","Rows Removed by Index Recheck": 0,"Filter": "(o_orderstatus = 'F'::bpchar)","Rows Removed by Filter": 1}]}]}]}]},"Planning Time": 8.148,"Triggers": [],"Execution Time": 506.532}]
[{"Plan": {"Node Type": "Sort","Parallel Aware": false,"Async Capable": false,"Startup Cost": 147378.80,"Total Cost": 147378.81,"Plan Rows": 1,"Plan Width": 34,"Actual Startup Time": 507.691,"Actual Total Time": 527.119,"Actual Rows": 411,"Actual Loops": 1,"Sort Key": ["(count(*)) DESC", "supplier.s_name"],"Sort Method": "quicksort","Sort Space Used": 57,"Sort Space Type": "Memory","Plans": [{"Node Type": "Aggregate","Strategy": "Sorted","Partial Mode": "Simple","Parent Relationship": "Outer","Parallel Aware": false,"Async Capable": false,"Startup Cost": 147378.77,"Total Cost": 147378.79,"Plan Rows": 1,"Plan Width": 34,"Actual Startup Time": 506.441,"Actual Total Time": 526.395,"Actual Rows": 411,"Actual Loops": 1,"Group Key": ["supplier.s_name"],"Plans": [{"Node Type": "Sort","Parent Relationship": "Outer","Parallel Aware": false,"Async Capable": false,"Startup Cost": 147378.77,"Total Cost": 147378.78,"Plan Rows": 1,"Plan Width": 26,"Actual Startup Time": 506.413,"Actual Total Time": 525.969,"Actual Rows": 4141,"Actual Loops": 1,"Sort Key": ["supplier.s_name"],"Sort Method": "quicksort","Sort Space Used": 484,"Sort Space Type": "Memory","Plans": [{"Node Type": "Nested Loop","Parent Relationship": "Outer","Parallel Aware": false,"Async Capable": false,"Join Type": "Inner","Startup Cost": 1250.87,"Total Cost": 147378.76,"Plan Rows": 1,"Plan Width": 26,"Actual Startup Time": 4.973,"Actual Total Time": 514.878,"Actual Rows": 4141,"Actual Loops": 1,"Inner Unique": true,"Plans": [{"Node Type": "Nested Loop","Parent Relationship": "Outer","Parallel Aware": false,"Async Capable": false,"Join Type": "Semi","Startup Cost": 1250.44,"Total Cost": 147378.26,"Plan Rows": 1,"Plan Width": 34,"Actual Startup Time": 4.329,"Actual Total Time": 453.804,"Actual Rows": 8357,"Actual Loops": 1,"Inner Unique": false,"Plans": [{"Node Type": "Gather","Parent Relationship": "Outer","Parallel Aware": false,"Async Capable": false,"Startup Cost": 1250.01,"Total Cost": 147377.22,"Plan Rows": 1,"Plan Width": 34,"Actual Startup Time": 4.312,"Actual Total Time": 350.336,"Actual Rows": 13859,"Actual Loops": 1,"Workers Planned": 4,"Workers Launched": 4,"Single Copy": false,"Plans": [{"Node Type": "Nested Loop","Parent Relationship": "Outer","Parallel Aware": false,"Async Capable": false,"Join Type": "Anti","Startup Cost": 250.01,"Total Cost": 146377.12,"Plan Rows": 1,"Plan Width": 34,"Actual Startup Time": 4.818,"Actual Total Time": 450.256,"Actual Rows": 2772,"Actual Loops": 5,"Inner Unique": false,"Workers": [],"Plans": [{"Node Type": "Hash Join","Parent Relationship": "Outer","Parallel Aware": false,"Async Capable": false,"Join Type": "Inner","Startup Cost": 249.58,"Total Cost": 133581.65,"Plan Rows": 19990,"Plan Width": 34,"Actual Startup Time": 4.474,"Actual Total Time": 357.672,"Actual Rows": 31348,"Actual Loops": 5,"Inner Unique": false,"Hash Cond": "(l1.l_suppkey = supplier.s_suppkey)","Workers": [],"Plans": [{"Node Type": "Seq Scan","Parent Relationship": "Outer","Parallel Aware": true,"Async Capable": false,"Relation Name": "lineitem","Alias": "l1","Startup Cost": 0.00,"Total Cost": 131256.80,"Plan Rows": 500101,"Plan Width": 8,"Actual Startup Time": 0.028,"Actual Total Time": 306.873,"Actual Rows": 758659,"Actual Loops": 5,"Filter": "(l_receiptdate > l_commitdate)","Rows Removed by Filter": 441584,"Workers": []},{"Node Type": "Hash","Parent Relationship": "Inner","Parallel Aware": false,"Async Capable": false,"Startup Cost": 244.58,"Total Cost": 244.58,"Plan Rows": 400,"Plan Width": 30,"Actual Startup Time": 4.175,"Actual Total Time": 4.188,"Actual Rows": 411,"Actual Loops": 5,"Hash Buckets": 1024,"Original Hash Buckets": 1024,"Hash Batches": 1,"Original Hash Batches": 1,"Peak Memory Usage": 34,"Workers": [],"Plans": [{"Node Type": "Nested Loop","Parent Relationship": "Outer","Parallel Aware": false,"Async Capable": false,"Join Type": "Inner","Startup Cost": 7.38,"Total Cost": 244.58,"Plan Rows": 400,"Plan Width": 30,"Actual Startup Time": 0.256,"Actual Total Time": 4.027,"Actual Rows": 411,"Actual Loops": 5,"Inner Unique": false,"Workers": [],"Plans": [{"Node Type": "Seq Scan","Parent Relationship": "Outer","Parallel Aware": false,"Async Capable": false,"Relation Name": "nation","Alias": "nation","Startup Cost": 0.00,"Total Cost": 1.31,"Plan Rows": 1,"Plan Width": 4,"Actual Startup Time": 0.047,"Actual Total Time": 0.051,"Actual Rows": 1,"Actual Loops": 5,"Filter": "(n_name = 'SAUDI ARABIA'::bpchar)","Rows Removed by Filter": 24,"Workers": []},{"Node Type": "Bitmap Heap Scan","Parent Relationship": "Inner","Parallel Aware": false,"Async Capable": false,"Relation Name": "supplier","Alias": "supplier","Startup Cost": 7.38,"Total Cost": 239.27,"Plan Rows": 400,"Plan Width": 34,"Actual Startup Time": 0.204,"Actual Total Time": 3.890,"Actual Rows": 411,"Actual Loops": 5,"Recheck Cond": "(s_nationkey = nation.n_nationkey)","Rows Removed by Index Recheck": 0,"Exact Heap Blocks": 182,"Lossy Heap Blocks": 0,"Workers": [],"Plans": [{"Node Type": "Bitmap Index Scan","Parent Relationship": "Outer","Parallel Aware": false,"Async Capable": false,"Index Name": "idx_supplier_nation_key","Startup Cost": 0.00,"Total Cost": 7.29,"Plan Rows": 400,"Plan Width": 0,"Actual Startup Time": 0.143,"Actual Total Time": 0.145,"Actual Rows": 411,"Actual Loops": 5,"Index Cond": "(s_nationkey = nation.n_nationkey)","Workers": []}]}]}]}]},{"Node Type": "Index Scan","Parent Relationship": "Inner","Parallel Aware": false,"Async Capable": false,"Scan Direction": "Forward","Index Name": "idx_lineitem_orderkey","Relation Name": "lineitem","Alias": "l3","Startup Cost": 0.43,"Total Cost": 1.06,"Plan Rows": 6,"Plan Width": 8,"Actual Startup Time": 0.003,"Actual Total Time": 0.003,"Actual Rows": 1,"Actual Loops": 156739,"Index Cond": "(l_orderkey = l1.l_orderkey)","Rows Removed by Index Recheck": 0,"Filter": "((l_receiptdate > l_commitdate) AND (l_suppkey <> l1.l_suppkey))","Rows Removed by Filter": 1,"Workers": []}]}]},{"Node Type": "Index Scan","Parent Relationship": "Inner","Parallel Aware": false,"Async Capable": false,"Scan Direction": "Forward","Index Name": "idx_lineitem_orderkey","Relation Name": "lineitem","Alias": "l2","Startup Cost": 0.43,"Total Cost": 1.02,"Plan Rows": 17,"Plan Width": 8,"Actual Startup Time": 0.007,"Actual Total Time": 0.007,"Actual Rows": 1,"Actual Loops": 13859,"Index Cond": "(l_orderkey = l1.l_orderkey)","Rows Removed by Index Recheck": 0,"Filter": "(l_suppkey <> l1.l_suppkey)","Rows Removed by Filter": 1}]},{"Node Type": "Index Scan","Parent Relationship": "Inner","Parallel Aware": false,"Async Capable": false,"Scan Direction": "Forward","Index Name": "orders_pkey","Relation Name": "orders","Alias": "orders","Startup Cost": 0.43,"Total Cost": 0.51,"Plan Rows": 1,"Plan Width": 4,"Actual Startup Time": 0.007,"Actual Total Time": 0.007,"Actual Rows": 0,"Actual Loops": 8357,"Index Cond": "(o_orderkey = l1.l_orderkey)","Rows Removed by Index Recheck": 0,"Filter": "(o_orderstatus = 'F'::bpchar)","Rows Removed by Filter": 1}]}]}]}]},"Planning Time": 9.483,"Triggers": [],"Execution Time": 527.804}]
[{"Plan": {"Node Type": "Sort","Parallel Aware": false,"Async Capable": false,"Startup Cost": 147378.80,"Total Cost": 147378.81,"Plan Rows": 1,"Plan Width": 34,"Actual Startup Time": 509.264,"Actual Total Time": 527.696,"Actual Rows": 421,"Actual Loops": 1,"Sort Key": ["(count(*)) DESC", "supplier.s_name"],"Sort Method": "quicksort","Sort Space Used": 57,"Sort Space Type": "Memory","Plans": [{"Node Type": "Aggregate","Strategy": "Sorted","Partial Mode": "Simple","Parent Relationship": "Outer","Parallel Aware": false,"Async Capable": false,"Startup Cost": 147378.77,"Total Cost": 147378.79,"Plan Rows": 1,"Plan Width": 34,"Actual Startup Time": 507.941,"Actual Total Time": 526.990,"Actual Rows": 421,"Actual Loops": 1,"Group Key": ["supplier.s_name"],"Plans": [{"Node Type": "Sort","Parent Relationship": "Outer","Parallel Aware": false,"Async Capable": false,"Startup Cost": 147378.77,"Total Cost": 147378.78,"Plan Rows": 1,"Plan Width": 26,"Actual Startup Time": 507.919,"Actual Total Time": 526.540,"Actual Rows": 4227,"Actual Loops": 1,"Sort Key": ["supplier.s_name"],"Sort Method": "quicksort","Sort Space Used": 490,"Sort Space Type": "Memory","Plans": [{"Node Type": "Nested Loop","Parent Relationship": "Outer","Parallel Aware": false,"Async Capable": false,"Join Type": "Inner","Startup Cost": 1250.87,"Total Cost": 147378.76,"Plan Rows": 1,"Plan Width": 26,"Actual Startup Time": 5.396,"Actual Total Time": 515.076,"Actual Rows": 4227,"Actual Loops": 1,"Inner Unique": true,"Plans": [{"Node Type": "Nested Loop","Parent Relationship": "Outer","Parallel Aware": false,"Async Capable": false,"Join Type": "Semi","Startup Cost": 1250.44,"Total Cost": 147378.26,"Plan Rows": 1,"Plan Width": 34,"Actual Startup Time": 5.356,"Actual Total Time": 448.186,"Actual Rows": 8678,"Actual Loops": 1,"Inner Unique": false,"Plans": [{"Node Type": "Gather","Parent Relationship": "Outer","Parallel Aware": false,"Async Capable": false,"Startup Cost": 1250.01,"Total Cost": 147377.22,"Plan Rows": 1,"Plan Width": 34,"Actual Startup Time": 5.315,"Actual Total Time": 333.619,"Actual Rows": 14289,"Actual Loops": 1,"Workers Planned": 4,"Workers Launched": 4,"Single Copy": false,"Plans": [{"Node Type": "Nested Loop","Parent Relationship": "Outer","Parallel Aware": false,"Async Capable": false,"Join Type": "Anti","Startup Cost": 250.01,"Total Cost": 146377.12,"Plan Rows": 1,"Plan Width": 34,"Actual Startup Time": 5.155,"Actual Total Time": 447.803,"Actual Rows": 2858,"Actual Loops": 5,"Inner Unique": false,"Workers": [],"Plans": [{"Node Type": "Hash Join","Parent Relationship": "Outer","Parallel Aware": false,"Async Capable": false,"Join Type": "Inner","Startup Cost": 249.58,"Total Cost": 133581.65,"Plan Rows": 19990,"Plan Width": 34,"Actual Startup Time": 4.679,"Actual Total Time": 355.100,"Actual Rows": 31833,"Actual Loops": 5,"Inner Unique": false,"Hash Cond": "(l1.l_suppkey = supplier.s_suppkey)","Workers": [],"Plans": [{"Node Type": "Seq Scan","Parent Relationship": "Outer","Parallel Aware": true,"Async Capable": false,"Relation Name": "lineitem","Alias": "l1","Startup Cost": 0.00,"Total Cost": 131256.80,"Plan Rows": 500101,"Plan Width": 8,"Actual Startup Time": 0.028,"Actual Total Time": 302.880,"Actual Rows": 758659,"Actual Loops": 5,"Filter": "(l_receiptdate > l_commitdate)","Rows Removed by Filter": 441584,"Workers": []},{"Node Type": "Hash","Parent Relationship": "Inner","Parallel Aware": false,"Async Capable": false,"Startup Cost": 244.58,"Total Cost": 244.58,"Plan Rows": 400,"Plan Width": 30,"Actual Startup Time": 4.328,"Actual Total Time": 4.340,"Actual Rows": 421,"Actual Loops": 5,"Hash Buckets": 1024,"Original Hash Buckets": 1024,"Hash Batches": 1,"Original Hash Batches": 1,"Peak Memory Usage": 35,"Workers": [],"Plans": [{"Node Type": "Nested Loop","Parent Relationship": "Outer","Parallel Aware": false,"Async Capable": false,"Join Type": "Inner","Startup Cost": 7.38,"Total Cost": 244.58,"Plan Rows": 400,"Plan Width": 30,"Actual Startup Time": 0.319,"Actual Total Time": 4.167,"Actual Rows": 421,"Actual Loops": 5,"Inner Unique": false,"Workers": [],"Plans": [{"Node Type": "Seq Scan","Parent Relationship": "Outer","Parallel Aware": false,"Async Capable": false,"Relation Name": "nation","Alias": "nation","Startup Cost": 0.00,"Total Cost": 1.31,"Plan Rows": 1,"Plan Width": 4,"Actual Startup Time": 0.061,"Actual Total Time": 0.065,"Actual Rows": 1,"Actual Loops": 5,"Filter": "(n_name = 'PERU'::bpchar)","Rows Removed by Filter": 24,"Workers": []},{"Node Type": "Bitmap Heap Scan","Parent Relationship": "Inner","Parallel Aware": false,"Async Capable": false,"Relation Name": "supplier","Alias": "supplier","Startup Cost": 7.38,"Total Cost": 239.27,"Plan Rows": 400,"Plan Width": 34,"Actual Startup Time": 0.253,"Actual Total Time": 4.010,"Actual Rows": 421,"Actual Loops": 5,"Recheck Cond": "(s_nationkey = nation.n_nationkey)","Rows Removed by Index Recheck": 0,"Exact Heap Blocks": 187,"Lossy Heap Blocks": 0,"Workers": [],"Plans": [{"Node Type": "Bitmap Index Scan","Parent Relationship": "Outer","Parallel Aware": false,"Async Capable": false,"Index Name": "idx_supplier_nation_key","Startup Cost": 0.00,"Total Cost": 7.29,"Plan Rows": 400,"Plan Width": 0,"Actual Startup Time": 0.167,"Actual Total Time": 0.169,"Actual Rows": 421,"Actual Loops": 5,"Index Cond": "(s_nationkey = nation.n_nationkey)","Workers": []}]}]}]}]},{"Node Type": "Index Scan","Parent Relationship": "Inner","Parallel Aware": false,"Async Capable": false,"Scan Direction": "Forward","Index Name": "idx_lineitem_orderkey","Relation Name": "lineitem","Alias": "l3","Startup Cost": 0.43,"Total Cost": 1.06,"Plan Rows": 6,"Plan Width": 8,"Actual Startup Time": 0.003,"Actual Total Time": 0.003,"Actual Rows": 1,"Actual Loops": 159165,"Index Cond": "(l_orderkey = l1.l_orderkey)","Rows Removed by Index Recheck": 0,"Filter": "((l_receiptdate > l_commitdate) AND (l_suppkey <> l1.l_suppkey))","Rows Removed by Filter": 1,"Workers": []}]}]},{"Node Type": "Index Scan","Parent Relationship": "Inner","Parallel Aware": false,"Async Capable": false,"Scan Direction": "Forward","Index Name": "idx_lineitem_orderkey","Relation Name": "lineitem","Alias": "l2","Startup Cost": 0.43,"Total Cost": 1.02,"Plan Rows": 17,"Plan Width": 8,"Actual Startup Time": 0.008,"Actual Total Time": 0.008,"Actual Rows": 1,"Actual Loops": 14289,"Index Cond": "(l_orderkey = l1.l_orderkey)","Rows Removed by Index Recheck": 0,"Filter": "(l_suppkey <> l1.l_suppkey)","Rows Removed by Filter": 1}]},{"Node Type": "Index Scan","Parent Relationship": "Inner","Parallel Aware": false,"Async Capable": false,"Scan Direction": "Forward","Index Name": "orders_pkey","Relation Name": "orders","Alias": "orders","Startup Cost": 0.43,"Total Cost": 0.51,"Plan Rows": 1,"Plan Width": 4,"Actual Startup Time": 0.007,"Actual Total Time": 0.007,"Actual Rows": 0,"Actual Loops": 8678,"Index Cond": "(o_orderkey = l1.l_orderkey)","Rows Removed by Index Recheck": 0,"Filter": "(o_orderstatus = 'F'::bpchar)","Rows Removed by Filter": 1}]}]}]}]},"Planning Time": 8.374,"Triggers": [],"Execution Time": 528.458}]
[{"Plan": {"Node Type": "Sort","Parallel Aware": false,"Async Capable": false,"Startup Cost": 147378.80,"Total Cost": 147378.81,"Plan Rows": 1,"Plan Width": 34,"Actual Startup Time": 506.689,"Actual Total Time": 525.046,"Actual Rows": 415,"Actual Loops": 1,"Sort Key": ["(count(*)) DESC", "supplier.s_name"],"Sort Method": "quicksort","Sort Space Used": 57,"Sort Space Type": "Memory","Plans": [{"Node Type": "Aggregate","Strategy": "Sorted","Partial Mode": "Simple","Parent Relationship": "Outer","Parallel Aware": false,"Async Capable": false,"Startup Cost": 147378.77,"Total Cost": 147378.79,"Plan Rows": 1,"Plan Width": 34,"Actual Startup Time": 505.377,"Actual Total Time": 524.254,"Actual Rows": 415,"Actual Loops": 1,"Group Key": ["supplier.s_name"],"Plans": [{"Node Type": "Sort","Parent Relationship": "Outer","Parallel Aware": false,"Async Capable": false,"Startup Cost": 147378.77,"Total Cost": 147378.78,"Plan Rows": 1,"Plan Width": 26,"Actual Startup Time": 505.350,"Actual Total Time": 523.830,"Actual Rows": 4021,"Actual Loops": 1,"Sort Key": ["supplier.s_name"],"Sort Method": "quicksort","Sort Space Used": 379,"Sort Space Type": "Memory","Plans": [{"Node Type": "Nested Loop","Parent Relationship": "Outer","Parallel Aware": false,"Async Capable": false,"Join Type": "Inner","Startup Cost": 1250.87,"Total Cost": 147378.76,"Plan Rows": 1,"Plan Width": 26,"Actual Startup Time": 4.344,"Actual Total Time": 512.010,"Actual Rows": 4021,"Actual Loops": 1,"Inner Unique": true,"Plans": [{"Node Type": "Nested Loop","Parent Relationship": "Outer","Parallel Aware": false,"Async Capable": false,"Join Type": "Semi","Startup Cost": 1250.44,"Total Cost": 147378.26,"Plan Rows": 1,"Plan Width": 34,"Actual Startup Time": 4.308,"Actual Total Time": 447.240,"Actual Rows": 8423,"Actual Loops": 1,"Inner Unique": false,"Plans": [{"Node Type": "Gather","Parent Relationship": "Outer","Parallel Aware": false,"Async Capable": false,"Startup Cost": 1250.01,"Total Cost": 147377.22,"Plan Rows": 1,"Plan Width": 34,"Actual Startup Time": 4.250,"Actual Total Time": 340.738,"Actual Rows": 13873,"Actual Loops": 1,"Workers Planned": 4,"Workers Launched": 4,"Single Copy": false,"Plans": [{"Node Type": "Nested Loop","Parent Relationship": "Outer","Parallel Aware": false,"Async Capable": false,"Join Type": "Anti","Startup Cost": 250.01,"Total Cost": 146377.12,"Plan Rows": 1,"Plan Width": 34,"Actual Startup Time": 6.059,"Actual Total Time": 447.143,"Actual Rows": 2775,"Actual Loops": 5,"Inner Unique": false,"Workers": [],"Plans": [{"Node Type": "Hash Join","Parent Relationship": "Outer","Parallel Aware": false,"Async Capable": false,"Join Type": "Inner","Startup Cost": 249.58,"Total Cost": 133581.65,"Plan Rows": 19990,"Plan Width": 34,"Actual Startup Time": 5.350,"Actual Total Time": 355.670,"Actual Rows": 31496,"Actual Loops": 5,"Inner Unique": false,"Hash Cond": "(l1.l_suppkey = supplier.s_suppkey)","Workers": [],"Plans": [{"Node Type": "Seq Scan","Parent Relationship": "Outer","Parallel Aware": true,"Async Capable": false,"Relation Name": "lineitem","Alias": "l1","Startup Cost": 0.00,"Total Cost": 131256.80,"Plan Rows": 500101,"Plan Width": 8,"Actual Startup Time": 0.034,"Actual Total Time": 302.387,"Actual Rows": 758659,"Actual Loops": 5,"Filter": "(l_receiptdate > l_commitdate)","Rows Removed by Filter": 441584,"Workers": []},{"Node Type": "Hash","Parent Relationship": "Inner","Parallel Aware": false,"Async Capable": false,"Startup Cost": 244.58,"Total Cost": 244.58,"Plan Rows": 400,"Plan Width": 30,"Actual Startup Time": 5.023,"Actual Total Time": 5.034,"Actual Rows": 415,"Actual Loops": 5,"Hash Buckets": 1024,"Original Hash Buckets": 1024,"Hash Batches": 1,"Original Hash Batches": 1,"Peak Memory Usage": 34,"Workers": [],"Plans": [{"Node Type": "Nested Loop","Parent Relationship": "Outer","Parallel Aware": false,"Async Capable": false,"Join Type": "Inner","Startup Cost": 7.38,"Total Cost": 244.58,"Plan Rows": 400,"Plan Width": 30,"Actual Startup Time": 0.341,"Actual Total Time": 4.843,"Actual Rows": 415,"Actual Loops": 5,"Inner Unique": false,"Workers": [],"Plans": [{"Node Type": "Seq Scan","Parent Relationship": "Outer","Parallel Aware": false,"Async Capable": false,"Relation Name": "nation","Alias": "nation","Startup Cost": 0.00,"Total Cost": 1.31,"Plan Rows": 1,"Plan Width": 4,"Actual Startup Time": 0.054,"Actual Total Time": 0.060,"Actual Rows": 1,"Actual Loops": 5,"Filter": "(n_name = 'INDIA'::bpchar)","Rows Removed by Filter": 24,"Workers": []},{"Node Type": "Bitmap Heap Scan","Parent Relationship": "Inner","Parallel Aware": false,"Async Capable": false,"Relation Name": "supplier","Alias": "supplier","Startup Cost": 7.38,"Total Cost": 239.27,"Plan Rows": 400,"Plan Width": 34,"Actual Startup Time": 0.281,"Actual Total Time": 4.691,"Actual Rows": 415,"Actual Loops": 5,"Recheck Cond": "(s_nationkey = nation.n_nationkey)","Rows Removed by Index Recheck": 0,"Exact Heap Blocks": 186,"Lossy Heap Blocks": 0,"Workers": [],"Plans": [{"Node Type": "Bitmap Index Scan","Parent Relationship": "Outer","Parallel Aware": false,"Async Capable": false,"Index Name": "idx_supplier_nation_key","Startup Cost": 0.00,"Total Cost": 7.29,"Plan Rows": 400,"Plan Width": 0,"Actual Startup Time": 0.207,"Actual Total Time": 0.208,"Actual Rows": 415,"Actual Loops": 5,"Index Cond": "(s_nationkey = nation.n_nationkey)","Workers": []}]}]}]}]},{"Node Type": "Index Scan","Parent Relationship": "Inner","Parallel Aware": false,"Async Capable": false,"Scan Direction": "Forward","Index Name": "idx_lineitem_orderkey","Relation Name": "lineitem","Alias": "l3","Startup Cost": 0.43,"Total Cost": 1.06,"Plan Rows": 6,"Plan Width": 8,"Actual Startup Time": 0.003,"Actual Total Time": 0.003,"Actual Rows": 1,"Actual Loops": 157482,"Index Cond": "(l_orderkey = l1.l_orderkey)","Rows Removed by Index Recheck": 0,"Filter": "((l_receiptdate > l_commitdate) AND (l_suppkey <> l1.l_suppkey))","Rows Removed by Filter": 1,"Workers": []}]}]},{"Node Type": "Index Scan","Parent Relationship": "Inner","Parallel Aware": false,"Async Capable": false,"Scan Direction": "Forward","Index Name": "idx_lineitem_orderkey","Relation Name": "lineitem","Alias": "l2","Startup Cost": 0.43,"Total Cost": 1.02,"Plan Rows": 17,"Plan Width": 8,"Actual Startup Time": 0.007,"Actual Total Time": 0.007,"Actual Rows": 1,"Actual Loops": 13873,"Index Cond": "(l_orderkey = l1.l_orderkey)","Rows Removed by Index Recheck": 0,"Filter": "(l_suppkey <> l1.l_suppkey)","Rows Removed by Filter": 1}]},{"Node Type": "Index Scan","Parent Relationship": "Inner","Parallel Aware": false,"Async Capable": false,"Scan Direction": "Forward","Index Name": "orders_pkey","Relation Name": "orders","Alias": "orders","Startup Cost": 0.43,"Total Cost": 0.51,"Plan Rows": 1,"Plan Width": 4,"Actual Startup Time": 0.007,"Actual Total Time": 0.007,"Actual Rows": 0,"Actual Loops": 8423,"Index Cond": "(o_orderkey = l1.l_orderkey)","Rows Removed by Index Recheck": 0,"Filter": "(o_orderstatus = 'F'::bpchar)","Rows Removed by Filter": 1}]}]}]}]},"Planning Time": 9.331,"Triggers": [],"Execution Time": 525.561}]
[{"Plan": {"Node Type": "Sort","Parallel Aware": false,"Async Capable": false,"Startup Cost": 147378.80,"Total Cost": 147378.81,"Plan Rows": 1,"Plan Width": 34,"Actual Startup Time": 511.931,"Actual Total Time": 527.174,"Actual Rows": 415,"Actual Loops": 1,"Sort Key": ["(count(*)) DESC", "supplier.s_name"],"Sort Method": "quicksort","Sort Space Used": 57,"Sort Space Type": "Memory","Plans": [{"Node Type": "Aggregate","Strategy": "Sorted","Partial Mode": "Simple","Parent Relationship": "Outer","Parallel Aware": false,"Async Capable": false,"Startup Cost": 147378.77,"Total Cost": 147378.79,"Plan Rows": 1,"Plan Width": 34,"Actual Startup Time": 510.675,"Actual Total Time": 526.442,"Actual Rows": 415,"Actual Loops": 1,"Group Key": ["supplier.s_name"],"Plans": [{"Node Type": "Sort","Parent Relationship": "Outer","Parallel Aware": false,"Async Capable": false,"Startup Cost": 147378.77,"Total Cost": 147378.78,"Plan Rows": 1,"Plan Width": 26,"Actual Startup Time": 510.644,"Actual Total Time": 526.012,"Actual Rows": 4112,"Actual Loops": 1,"Sort Key": ["supplier.s_name"],"Sort Method": "quicksort","Sort Space Used": 482,"Sort Space Type": "Memory","Plans": [{"Node Type": "Nested Loop","Parent Relationship": "Outer","Parallel Aware": false,"Async Capable": false,"Join Type": "Inner","Startup Cost": 1250.87,"Total Cost": 147378.76,"Plan Rows": 1,"Plan Width": 26,"Actual Startup Time": 4.482,"Actual Total Time": 514.049,"Actual Rows": 4112,"Actual Loops": 1,"Inner Unique": true,"Plans": [{"Node Type": "Nested Loop","Parent Relationship": "Outer","Parallel Aware": false,"Async Capable": false,"Join Type": "Semi","Startup Cost": 1250.44,"Total Cost": 147378.26,"Plan Rows": 1,"Plan Width": 34,"Actual Startup Time": 4.433,"Actual Total Time": 447.118,"Actual Rows": 8423,"Actual Loops": 1,"Inner Unique": false,"Plans": [{"Node Type": "Gather","Parent Relationship": "Outer","Parallel Aware": false,"Async Capable": false,"Startup Cost": 1250.01,"Total Cost": 147377.22,"Plan Rows": 1,"Plan Width": 34,"Actual Startup Time": 4.417,"Actual Total Time": 335.444,"Actual Rows": 14099,"Actual Loops": 1,"Workers Planned": 4,"Workers Launched": 4,"Single Copy": false,"Plans": [{"Node Type": "Nested Loop","Parent Relationship": "Outer","Parallel Aware": false,"Async Capable": false,"Join Type": "Anti","Startup Cost": 250.01,"Total Cost": 146377.12,"Plan Rows": 1,"Plan Width": 34,"Actual Startup Time": 5.494,"Actual Total Time": 449.293,"Actual Rows": 2820,"Actual Loops": 5,"Inner Unique": false,"Workers": [],"Plans": [{"Node Type": "Hash Join","Parent Relationship": "Outer","Parallel Aware": false,"Async Capable": false,"Join Type": "Inner","Startup Cost": 249.58,"Total Cost": 133581.65,"Plan Rows": 19990,"Plan Width": 34,"Actual Startup Time": 5.114,"Actual Total Time": 356.460,"Actual Rows": 31599,"Actual Loops": 5,"Inner Unique": false,"Hash Cond": "(l1.l_suppkey = supplier.s_suppkey)","Workers": [],"Plans": [{"Node Type": "Seq Scan","Parent Relationship": "Outer","Parallel Aware": true,"Async Capable": false,"Relation Name": "lineitem","Alias": "l1","Startup Cost": 0.00,"Total Cost": 131256.80,"Plan Rows": 500101,"Plan Width": 8,"Actual Startup Time": 0.028,"Actual Total Time": 305.044,"Actual Rows": 758659,"Actual Loops": 5,"Filter": "(l_receiptdate > l_commitdate)","Rows Removed by Filter": 441584,"Workers": []},{"Node Type": "Hash","Parent Relationship": "Inner","Parallel Aware": false,"Async Capable": false,"Startup Cost": 244.58,"Total Cost": 244.58,"Plan Rows": 400,"Plan Width": 30,"Actual Startup Time": 4.772,"Actual Total Time": 4.789,"Actual Rows": 415,"Actual Loops": 5,"Hash Buckets": 1024,"Original Hash Buckets": 1024,"Hash Batches": 1,"Original Hash Batches": 1,"Peak Memory Usage": 34,"Workers": [],"Plans": [{"Node Type": "Nested Loop","Parent Relationship": "Outer","Parallel Aware": false,"Async Capable": false,"Join Type": "Inner","Startup Cost": 7.38,"Total Cost": 244.58,"Plan Rows": 400,"Plan Width": 30,"Actual Startup Time": 0.307,"Actual Total Time": 4.608,"Actual Rows": 415,"Actual Loops": 5,"Inner Unique": false,"Workers": [],"Plans": [{"Node Type": "Seq Scan","Parent Relationship": "Outer","Parallel Aware": false,"Async Capable": false,"Relation Name": "nation","Alias": "nation","Startup Cost": 0.00,"Total Cost": 1.31,"Plan Rows": 1,"Plan Width": 4,"Actual Startup Time": 0.059,"Actual Total Time": 0.064,"Actual Rows": 1,"Actual Loops": 5,"Filter": "(n_name = 'EGYPT'::bpchar)","Rows Removed by Filter": 24,"Workers": []},{"Node Type": "Bitmap Heap Scan","Parent Relationship": "Inner","Parallel Aware": false,"Async Capable": false,"Relation Name": "supplier","Alias": "supplier","Startup Cost": 7.38,"Total Cost": 239.27,"Plan Rows": 400,"Plan Width": 34,"Actual Startup Time": 0.244,"Actual Total Time": 4.451,"Actual Rows": 415,"Actual Loops": 5,"Recheck Cond": "(s_nationkey = nation.n_nationkey)","Rows Removed by Index Recheck": 0,"Exact Heap Blocks": 183,"Lossy Heap Blocks": 0,"Workers": [],"Plans": [{"Node Type": "Bitmap Index Scan","Parent Relationship": "Outer","Parallel Aware": false,"Async Capable": false,"Index Name": "idx_supplier_nation_key","Startup Cost": 0.00,"Total Cost": 7.29,"Plan Rows": 400,"Plan Width": 0,"Actual Startup Time": 0.159,"Actual Total Time": 0.162,"Actual Rows": 415,"Actual Loops": 5,"Index Cond": "(s_nationkey = nation.n_nationkey)","Workers": []}]}]}]}]},{"Node Type": "Index Scan","Parent Relationship": "Inner","Parallel Aware": false,"Async Capable": false,"Scan Direction": "Forward","Index Name": "idx_lineitem_orderkey","Relation Name": "lineitem","Alias": "l3","Startup Cost": 0.43,"Total Cost": 1.06,"Plan Rows": 6,"Plan Width": 8,"Actual Startup Time": 0.003,"Actual Total Time": 0.003,"Actual Rows": 1,"Actual Loops": 157994,"Index Cond": "(l_orderkey = l1.l_orderkey)","Rows Removed by Index Recheck": 0,"Filter": "((l_receiptdate > l_commitdate) AND (l_suppkey <> l1.l_suppkey))","Rows Removed by Filter": 1,"Workers": []}]}]},{"Node Type": "Index Scan","Parent Relationship": "Inner","Parallel Aware": false,"Async Capable": false,"Scan Direction": "Forward","Index Name": "idx_lineitem_orderkey","Relation Name": "lineitem","Alias": "l2","Startup Cost": 0.43,"Total Cost": 1.02,"Plan Rows": 17,"Plan Width": 8,"Actual Startup Time": 0.007,"Actual Total Time": 0.007,"Actual Rows": 1,"Actual Loops": 14099,"Index Cond": "(l_orderkey = l1.l_orderkey)","Rows Removed by Index Recheck": 0,"Filter": "(l_suppkey <> l1.l_suppkey)","Rows Removed by Filter": 1}]},{"Node Type": "Index Scan","Parent Relationship": "Inner","Parallel Aware": false,"Async Capable": false,"Scan Direction": "Forward","Index Name": "orders_pkey","Relation Name": "orders","Alias": "orders","Startup Cost": 0.43,"Total Cost": 0.51,"Plan Rows": 1,"Plan Width": 4,"Actual Startup Time": 0.008,"Actual Total Time": 0.008,"Actual Rows": 0,"Actual Loops": 8423,"Index Cond": "(o_orderkey = l1.l_orderkey)","Rows Removed by Index Recheck": 0,"Filter": "(o_orderstatus = 'F'::bpchar)","Rows Removed by Filter": 1}]}]}]}]},"Planning Time": 8.195,"Triggers": [],"Execution Time": 527.804}]
[{"Plan": {"Node Type": "Sort","Parallel Aware": false,"Async Capable": false,"Startup Cost": 147378.80,"Total Cost": 147378.81,"Plan Rows": 1,"Plan Width": 34,"Actual Startup Time": 510.910,"Actual Total Time": 530.461,"Actual Rows": 420,"Actual Loops": 1,"Sort Key": ["(count(*)) DESC", "supplier.s_name"],"Sort Method": "quicksort","Sort Space Used": 57,"Sort Space Type": "Memory","Plans": [{"Node Type": "Aggregate","Strategy": "Sorted","Partial Mode": "Simple","Parent Relationship": "Outer","Parallel Aware": false,"Async Capable": false,"Startup Cost": 147378.77,"Total Cost": 147378.79,"Plan Rows": 1,"Plan Width": 34,"Actual Startup Time": 509.613,"Actual Total Time": 529.683,"Actual Rows": 420,"Actual Loops": 1,"Group Key": ["supplier.s_name"],"Plans": [{"Node Type": "Sort","Parent Relationship": "Outer","Parallel Aware": false,"Async Capable": false,"Startup Cost": 147378.77,"Total Cost": 147378.78,"Plan Rows": 1,"Plan Width": 26,"Actual Startup Time": 509.594,"Actual Total Time": 529.267,"Actual Rows": 4090,"Actual Loops": 1,"Sort Key": ["supplier.s_name"],"Sort Method": "quicksort","Sort Space Used": 384,"Sort Space Type": "Memory","Plans": [{"Node Type": "Nested Loop","Parent Relationship": "Outer","Parallel Aware": false,"Async Capable": false,"Join Type": "Inner","Startup Cost": 1250.87,"Total Cost": 147378.76,"Plan Rows": 1,"Plan Width": 26,"Actual Startup Time": 4.580,"Actual Total Time": 518.201,"Actual Rows": 4090,"Actual Loops": 1,"Inner Unique": true,"Plans": [{"Node Type": "Nested Loop","Parent Relationship": "Outer","Parallel Aware": false,"Async Capable": false,"Join Type": "Semi","Startup Cost": 1250.44,"Total Cost": 147378.26,"Plan Rows": 1,"Plan Width": 34,"Actual Startup Time": 4.545,"Actual Total Time": 454.390,"Actual Rows": 8430,"Actual Loops": 1,"Inner Unique": false,"Plans": [{"Node Type": "Gather","Parent Relationship": "Outer","Parallel Aware": false,"Async Capable": false,"Startup Cost": 1250.01,"Total Cost": 147377.22,"Plan Rows": 1,"Plan Width": 34,"Actual Startup Time": 4.342,"Actual Total Time": 344.810,"Actual Rows": 14089,"Actual Loops": 1,"Workers Planned": 4,"Workers Launched": 4,"Single Copy": false,"Plans": [{"Node Type": "Nested Loop","Parent Relationship": "Outer","Parallel Aware": false,"Async Capable": false,"Join Type": "Anti","Startup Cost": 250.01,"Total Cost": 146377.12,"Plan Rows": 1,"Plan Width": 34,"Actual Startup Time": 5.491,"Actual Total Time": 451.438,"Actual Rows": 2818,"Actual Loops": 5,"Inner Unique": false,"Workers": [],"Plans": [{"Node Type": "Hash Join","Parent Relationship": "Outer","Parallel Aware": false,"Async Capable": false,"Join Type": "Inner","Startup Cost": 249.58,"Total Cost": 133581.65,"Plan Rows": 19990,"Plan Width": 34,"Actual Startup Time": 5.196,"Actual Total Time": 357.512,"Actual Rows": 31960,"Actual Loops": 5,"Inner Unique": false,"Hash Cond": "(l1.l_suppkey = supplier.s_suppkey)","Workers": [],"Plans": [{"Node Type": "Seq Scan","Parent Relationship": "Outer","Parallel Aware": true,"Async Capable": false,"Relation Name": "lineitem","Alias": "l1","Startup Cost": 0.00,"Total Cost": 131256.80,"Plan Rows": 500101,"Plan Width": 8,"Actual Startup Time": 0.027,"Actual Total Time": 305.923,"Actual Rows": 758659,"Actual Loops": 5,"Filter": "(l_receiptdate > l_commitdate)","Rows Removed by Filter": 441584,"Workers": []},{"Node Type": "Hash","Parent Relationship": "Inner","Parallel Aware": false,"Async Capable": false,"Startup Cost": 244.58,"Total Cost": 244.58,"Plan Rows": 400,"Plan Width": 30,"Actual Startup Time": 4.831,"Actual Total Time": 4.844,"Actual Rows": 420,"Actual Loops": 5,"Hash Buckets": 1024,"Original Hash Buckets": 1024,"Hash Batches": 1,"Original Hash Batches": 1,"Peak Memory Usage": 35,"Workers": [],"Plans": [{"Node Type": "Nested Loop","Parent Relationship": "Outer","Parallel Aware": false,"Async Capable": false,"Join Type": "Inner","Startup Cost": 7.38,"Total Cost": 244.58,"Plan Rows": 400,"Plan Width": 30,"Actual Startup Time": 0.275,"Actual Total Time": 4.655,"Actual Rows": 420,"Actual Loops": 5,"Inner Unique": false,"Workers": [],"Plans": [{"Node Type": "Seq Scan","Parent Relationship": "Outer","Parallel Aware": false,"Async Capable": false,"Relation Name": "nation","Alias": "nation","Startup Cost": 0.00,"Total Cost": 1.31,"Plan Rows": 1,"Plan Width": 4,"Actual Startup Time": 0.047,"Actual Total Time": 0.057,"Actual Rows": 1,"Actual Loops": 5,"Filter": "(n_name = 'ALGERIA'::bpchar)","Rows Removed by Filter": 24,"Workers": []},{"Node Type": "Bitmap Heap Scan","Parent Relationship": "Inner","Parallel Aware": false,"Async Capable": false,"Relation Name": "supplier","Alias": "supplier","Startup Cost": 7.38,"Total Cost": 239.27,"Plan Rows": 400,"Plan Width": 34,"Actual Startup Time": 0.222,"Actual Total Time": 4.505,"Actual Rows": 420,"Actual Loops": 5,"Recheck Cond": "(s_nationkey = nation.n_nationkey)","Rows Removed by Index Recheck": 0,"Exact Heap Blocks": 197,"Lossy Heap Blocks": 0,"Workers": [],"Plans": [{"Node Type": "Bitmap Index Scan","Parent Relationship": "Outer","Parallel Aware": false,"Async Capable": false,"Index Name": "idx_supplier_nation_key","Startup Cost": 0.00,"Total Cost": 7.29,"Plan Rows": 400,"Plan Width": 0,"Actual Startup Time": 0.137,"Actual Total Time": 0.140,"Actual Rows": 420,"Actual Loops": 5,"Index Cond": "(s_nationkey = nation.n_nationkey)","Workers": []}]}]}]}]},{"Node Type": "Index Scan","Parent Relationship": "Inner","Parallel Aware": false,"Async Capable": false,"Scan Direction": "Forward","Index Name": "idx_lineitem_orderkey","Relation Name": "lineitem","Alias": "l3","Startup Cost": 0.43,"Total Cost": 1.06,"Plan Rows": 6,"Plan Width": 8,"Actual Startup Time": 0.003,"Actual Total Time": 0.003,"Actual Rows": 1,"Actual Loops": 159800,"Index Cond": "(l_orderkey = l1.l_orderkey)","Rows Removed by Index Recheck": 0,"Filter": "((l_receiptdate > l_commitdate) AND (l_suppkey <> l1.l_suppkey))","Rows Removed by Filter": 1,"Workers": []}]}]},{"Node Type": "Index Scan","Parent Relationship": "Inner","Parallel Aware": false,"Async Capable": false,"Scan Direction": "Forward","Index Name": "idx_lineitem_orderkey","Relation Name": "lineitem","Alias": "l2","Startup Cost": 0.43,"Total Cost": 1.02,"Plan Rows": 17,"Plan Width": 8,"Actual Startup Time": 0.007,"Actual Total Time": 0.007,"Actual Rows": 1,"Actual Loops": 14089,"Index Cond": "(l_orderkey = l1.l_orderkey)","Rows Removed by Index Recheck": 0,"Filter": "(l_suppkey <> l1.l_suppkey)","Rows Removed by Filter": 1}]},{"Node Type": "Index Scan","Parent Relationship": "Inner","Parallel Aware": false,"Async Capable": false,"Scan Direction": "Forward","Index Name": "orders_pkey","Relation Name": "orders","Alias": "orders","Startup Cost": 0.43,"Total Cost": 0.51,"Plan Rows": 1,"Plan Width": 4,"Actual Startup Time": 0.007,"Actual Total Time": 0.007,"Actual Rows": 0,"Actual Loops": 8430,"Index Cond": "(o_orderkey = l1.l_orderkey)","Rows Removed by Index Recheck": 0,"Filter": "(o_orderstatus = 'F'::bpchar)","Rows Removed by Filter": 1}]}]}]}]},"Planning Time": 9.770,"Triggers": [],"Execution Time": 531.084}]
[{"Plan": {"Node Type": "Sort","Parallel Aware": false,"Async Capable": false,"Startup Cost": 147378.80,"Total Cost": 147378.81,"Plan Rows": 1,"Plan Width": 34,"Actual Startup Time": 499.004,"Actual Total Time": 520.055,"Actual Rows": 399,"Actual Loops": 1,"Sort Key": ["(count(*)) DESC", "supplier.s_name"],"Sort Method": "quicksort","Sort Space Used": 56,"Sort Space Type": "Memory","Plans": [{"Node Type": "Aggregate","Strategy": "Sorted","Partial Mode": "Simple","Parent Relationship": "Outer","Parallel Aware": false,"Async Capable": false,"Startup Cost": 147378.77,"Total Cost": 147378.79,"Plan Rows": 1,"Plan Width": 34,"Actual Startup Time": 497.768,"Actual Total Time": 519.326,"Actual Rows": 399,"Actual Loops": 1,"Group Key": ["supplier.s_name"],"Plans": [{"Node Type": "Sort","Parent Relationship": "Outer","Parallel Aware": false,"Async Capable": false,"Startup Cost": 147378.77,"Total Cost": 147378.78,"Plan Rows": 1,"Plan Width": 26,"Actual Startup Time": 497.754,"Actual Total Time": 518.925,"Actual Rows": 3901,"Actual Loops": 1,"Sort Key": ["supplier.s_name"],"Sort Method": "quicksort","Sort Space Used": 371,"Sort Space Type": "Memory","Plans": [{"Node Type": "Nested Loop","Parent Relationship": "Outer","Parallel Aware": false,"Async Capable": false,"Join Type": "Inner","Startup Cost": 1250.87,"Total Cost": 147378.76,"Plan Rows": 1,"Plan Width": 26,"Actual Startup Time": 5.425,"Actual Total Time": 507.475,"Actual Rows": 3901,"Actual Loops": 1,"Inner Unique": true,"Plans": [{"Node Type": "Nested Loop","Parent Relationship": "Outer","Parallel Aware": false,"Async Capable": false,"Join Type": "Semi","Startup Cost": 1250.44,"Total Cost": 147378.26,"Plan Rows": 1,"Plan Width": 34,"Actual Startup Time": 5.049,"Actual Total Time": 443.858,"Actual Rows": 7909,"Actual Loops": 1,"Inner Unique": false,"Plans": [{"Node Type": "Gather","Parent Relationship": "Outer","Parallel Aware": false,"Async Capable": false,"Startup Cost": 1250.01,"Total Cost": 147377.22,"Plan Rows": 1,"Plan Width": 34,"Actual Startup Time": 4.716,"Actual Total Time": 337.054,"Actual Rows": 13313,"Actual Loops": 1,"Workers Planned": 4,"Workers Launched": 4,"Single Copy": false,"Plans": [{"Node Type": "Nested Loop","Parent Relationship": "Outer","Parallel Aware": false,"Async Capable": false,"Join Type": "Anti","Startup Cost": 250.01,"Total Cost": 146377.12,"Plan Rows": 1,"Plan Width": 34,"Actual Startup Time": 4.762,"Actual Total Time": 442.169,"Actual Rows": 2663,"Actual Loops": 5,"Inner Unique": false,"Workers": [],"Plans": [{"Node Type": "Hash Join","Parent Relationship": "Outer","Parallel Aware": false,"Async Capable": false,"Join Type": "Inner","Startup Cost": 249.58,"Total Cost": 133581.65,"Plan Rows": 19990,"Plan Width": 34,"Actual Startup Time": 4.517,"Actual Total Time": 353.941,"Actual Rows": 30247,"Actual Loops": 5,"Inner Unique": false,"Hash Cond": "(l1.l_suppkey = supplier.s_suppkey)","Workers": [],"Plans": [{"Node Type": "Seq Scan","Parent Relationship": "Outer","Parallel Aware": true,"Async Capable": false,"Relation Name": "lineitem","Alias": "l1","Startup Cost": 0.00,"Total Cost": 131256.80,"Plan Rows": 500101,"Plan Width": 8,"Actual Startup Time": 0.021,"Actual Total Time": 302.084,"Actual Rows": 758659,"Actual Loops": 5,"Filter": "(l_receiptdate > l_commitdate)","Rows Removed by Filter": 441584,"Workers": []},{"Node Type": "Hash","Parent Relationship": "Inner","Parallel Aware": false,"Async Capable": false,"Startup Cost": 244.58,"Total Cost": 244.58,"Plan Rows": 400,"Plan Width": 30,"Actual Startup Time": 4.286,"Actual Total Time": 4.296,"Actual Rows": 399,"Actual Loops": 5,"Hash Buckets": 1024,"Original Hash Buckets": 1024,"Hash Batches": 1,"Original Hash Batches": 1,"Peak Memory Usage": 33,"Workers": [],"Plans": [{"Node Type": "Nested Loop","Parent Relationship": "Outer","Parallel Aware": false,"Async Capable": false,"Join Type": "Inner","Startup Cost": 7.38,"Total Cost": 244.58,"Plan Rows": 400,"Plan Width": 30,"Actual Startup Time": 0.243,"Actual Total Time": 4.128,"Actual Rows": 399,"Actual Loops": 5,"Inner Unique": false,"Workers": [],"Plans": [{"Node Type": "Seq Scan","Parent Relationship": "Outer","Parallel Aware": false,"Async Capable": false,"Relation Name": "nation","Alias": "nation","Startup Cost": 0.00,"Total Cost": 1.31,"Plan Rows": 1,"Plan Width": 4,"Actual Startup Time": 0.049,"Actual Total Time": 0.051,"Actual Rows": 1,"Actual Loops": 5,"Filter": "(n_name = 'VIETNAM'::bpchar)","Rows Removed by Filter": 24,"Workers": []},{"Node Type": "Bitmap Heap Scan","Parent Relationship": "Inner","Parallel Aware": false,"Async Capable": false,"Relation Name": "supplier","Alias": "supplier","Startup Cost": 7.38,"Total Cost": 239.27,"Plan Rows": 400,"Plan Width": 34,"Actual Startup Time": 0.189,"Actual Total Time": 4.007,"Actual Rows": 399,"Actual Loops": 5,"Recheck Cond": "(s_nationkey = nation.n_nationkey)","Rows Removed by Index Recheck": 0,"Exact Heap Blocks": 191,"Lossy Heap Blocks": 0,"Workers": [],"Plans": [{"Node Type": "Bitmap Index Scan","Parent Relationship": "Outer","Parallel Aware": false,"Async Capable": false,"Index Name": "idx_supplier_nation_key","Startup Cost": 0.00,"Total Cost": 7.29,"Plan Rows": 400,"Plan Width": 0,"Actual Startup Time": 0.123,"Actual Total Time": 0.125,"Actual Rows": 399,"Actual Loops": 5,"Index Cond": "(s_nationkey = nation.n_nationkey)","Workers": []}]}]}]}]},{"Node Type": "Index Scan","Parent Relationship": "Inner","Parallel Aware": false,"Async Capable": false,"Scan Direction": "Forward","Index Name": "idx_lineitem_orderkey","Relation Name": "lineitem","Alias": "l3","Startup Cost": 0.43,"Total Cost": 1.06,"Plan Rows": 6,"Plan Width": 8,"Actual Startup Time": 0.003,"Actual Total Time": 0.003,"Actual Rows": 1,"Actual Loops": 151237,"Index Cond": "(l_orderkey = l1.l_orderkey)","Rows Removed by Index Recheck": 0,"Filter": "((l_receiptdate > l_commitdate) AND (l_suppkey <> l1.l_suppkey))","Rows Removed by Filter": 1,"Workers": []}]}]},{"Node Type": "Index Scan","Parent Relationship": "Inner","Parallel Aware": false,"Async Capable": false,"Scan Direction": "Forward","Index Name": "idx_lineitem_orderkey","Relation Name": "lineitem","Alias": "l2","Startup Cost": 0.43,"Total Cost": 1.02,"Plan Rows": 17,"Plan Width": 8,"Actual Startup Time": 0.008,"Actual Total Time": 0.008,"Actual Rows": 1,"Actual Loops": 13313,"Index Cond": "(l_orderkey = l1.l_orderkey)","Rows Removed by Index Recheck": 0,"Filter": "(l_suppkey <> l1.l_suppkey)","Rows Removed by Filter": 1}]},{"Node Type": "Index Scan","Parent Relationship": "Inner","Parallel Aware": false,"Async Capable": false,"Scan Direction": "Forward","Index Name": "orders_pkey","Relation Name": "orders","Alias": "orders","Startup Cost": 0.43,"Total Cost": 0.51,"Plan Rows": 1,"Plan Width": 4,"Actual Startup Time": 0.008,"Actual Total Time": 0.008,"Actual Rows": 0,"Actual Loops": 7909,"Index Cond": "(o_orderkey = l1.l_orderkey)","Rows Removed by Index Recheck": 0,"Filter": "(o_orderstatus = 'F'::bpchar)","Rows Removed by Filter": 1}]}]}]}]},"Planning Time": 9.630,"Triggers": [],"Execution Time": 520.585}]
[{"Plan": {"Node Type": "Sort","Parallel Aware": false,"Async Capable": false,"Startup Cost": 147378.80,"Total Cost": 147378.81,"Plan Rows": 1,"Plan Width": 34,"Actual Startup Time": 511.931,"Actual Total Time": 527.174,"Actual Rows": 415,"Actual Loops": 1,"Sort Key": ["(count(*)) DESC", "supplier.s_name"],"Sort Method": "quicksort","Sort Space Used": 57,"Sort Space Type": "Memory","Plans": [{"Node Type": "Aggregate","Strategy": "Sorted","Partial Mode": "Simple","Parent Relationship": "Outer","Parallel Aware": false,"Async Capable": false,"Startup Cost": 147378.77,"Total Cost": 147378.79,"Plan Rows": 1,"Plan Width": 34,"Actual Startup Time": 510.675,"Actual Total Time": 526.442,"Actual Rows": 415,"Actual Loops": 1,"Group Key": ["supplier.s_name"],"Plans": [{"Node Type": "Sort","Parent Relationship": "Outer","Parallel Aware": false,"Async Capable": false,"Startup Cost": 147378.77,"Total Cost": 147378.78,"Plan Rows": 1,"Plan Width": 26,"Actual Startup Time": 510.644,"Actual Total Time": 526.012,"Actual Rows": 4112,"Actual Loops": 1,"Sort Key": ["supplier.s_name"],"Sort Method": "quicksort","Sort Space Used": 482,"Sort Space Type": "Memory","Plans": [{"Node Type": "Nested Loop","Parent Relationship": "Outer","Parallel Aware": false,"Async Capable": false,"Join Type": "Inner","Startup Cost": 1250.87,"Total Cost": 147378.76,"Plan Rows": 1,"Plan Width": 26,"Actual Startup Time": 4.482,"Actual Total Time": 514.049,"Actual Rows": 4112,"Actual Loops": 1,"Inner Unique": true,"Plans": [{"Node Type": "Nested Loop","Parent Relationship": "Outer","Parallel Aware": false,"Async Capable": false,"Join Type": "Semi","Startup Cost": 1250.44,"Total Cost": 147378.26,"Plan Rows": 1,"Plan Width": 34,"Actual Startup Time": 4.433,"Actual Total Time": 447.118,"Actual Rows": 8423,"Actual Loops": 1,"Inner Unique": false,"Plans": [{"Node Type": "Gather","Parent Relationship": "Outer","Parallel Aware": false,"Async Capable": false,"Startup Cost": 1250.01,"Total Cost": 147377.22,"Plan Rows": 1,"Plan Width": 34,"Actual Startup Time": 4.417,"Actual Total Time": 335.444,"Actual Rows": 14099,"Actual Loops": 1,"Workers Planned": 4,"Workers Launched": 4,"Single Copy": false,"Plans": [{"Node Type": "Nested Loop","Parent Relationship": "Outer","Parallel Aware": false,"Async Capable": false,"Join Type": "Anti","Startup Cost": 250.01,"Total Cost": 146377.12,"Plan Rows": 1,"Plan Width": 34,"Actual Startup Time": 5.494,"Actual Total Time": 449.293,"Actual Rows": 2820,"Actual Loops": 5,"Inner Unique": false,"Workers": [],"Plans": [{"Node Type": "Hash Join","Parent Relationship": "Outer","Parallel Aware": false,"Async Capable": false,"Join Type": "Inner","Startup Cost": 249.58,"Total Cost": 133581.65,"Plan Rows": 19990,"Plan Width": 34,"Actual Startup Time": 5.114,"Actual Total Time": 356.460,"Actual Rows": 31599,"Actual Loops": 5,"Inner Unique": false,"Hash Cond": "(l1.l_suppkey = supplier.s_suppkey)","Workers": [],"Plans": [{"Node Type": "Seq Scan","Parent Relationship": "Outer","Parallel Aware": true,"Async Capable": false,"Relation Name": "lineitem","Alias": "l1","Startup Cost": 0.00,"Total Cost": 131256.80,"Plan Rows": 500101,"Plan Width": 8,"Actual Startup Time": 0.028,"Actual Total Time": 305.044,"Actual Rows": 758659,"Actual Loops": 5,"Filter": "(l_receiptdate > l_commitdate)","Rows Removed by Filter": 441584,"Workers": []},{"Node Type": "Hash","Parent Relationship": "Inner","Parallel Aware": false,"Async Capable": false,"Startup Cost": 244.58,"Total Cost": 244.58,"Plan Rows": 400,"Plan Width": 30,"Actual Startup Time": 4.772,"Actual Total Time": 4.789,"Actual Rows": 415,"Actual Loops": 5,"Hash Buckets": 1024,"Original Hash Buckets": 1024,"Hash Batches": 1,"Original Hash Batches": 1,"Peak Memory Usage": 34,"Workers": [],"Plans": [{"Node Type": "Nested Loop","Parent Relationship": "Outer","Parallel Aware": false,"Async Capable": false,"Join Type": "Inner","Startup Cost": 7.38,"Total Cost": 244.58,"Plan Rows": 400,"Plan Width": 30,"Actual Startup Time": 0.307,"Actual Total Time": 4.608,"Actual Rows": 415,"Actual Loops": 5,"Inner Unique": false,"Workers": [],"Plans": [{"Node Type": "Seq Scan","Parent Relationship": "Outer","Parallel Aware": false,"Async Capable": false,"Relation Name": "nation","Alias": "nation","Startup Cost": 0.00,"Total Cost": 1.31,"Plan Rows": 1,"Plan Width": 4,"Actual Startup Time": 0.059,"Actual Total Time": 0.064,"Actual Rows": 1,"Actual Loops": 5,"Filter": "(n_name = 'EGYPT'::bpchar)","Rows Removed by Filter": 24,"Workers": []},{"Node Type": "Bitmap Heap Scan","Parent Relationship": "Inner","Parallel Aware": false,"Async Capable": false,"Relation Name": "supplier","Alias": "supplier","Startup Cost": 7.38,"Total Cost": 239.27,"Plan Rows": 400,"Plan Width": 34,"Actual Startup Time": 0.244,"Actual Total Time": 4.451,"Actual Rows": 415,"Actual Loops": 5,"Recheck Cond": "(s_nationkey = nation.n_nationkey)","Rows Removed by Index Recheck": 0,"Exact Heap Blocks": 183,"Lossy Heap Blocks": 0,"Workers": [],"Plans": [{"Node Type": "Bitmap Index Scan","Parent Relationship": "Outer","Parallel Aware": false,"Async Capable": false,"Index Name": "idx_supplier_nation_key","Startup Cost": 0.00,"Total Cost": 7.29,"Plan Rows": 400,"Plan Width": 0,"Actual Startup Time": 0.159,"Actual Total Time": 0.162,"Actual Rows": 415,"Actual Loops": 5,"Index Cond": "(s_nationkey = nation.n_nationkey)","Workers": []}]}]}]}]},{"Node Type": "Index Scan","Parent Relationship": "Inner","Parallel Aware": false,"Async Capable": false,"Scan Direction": "Forward","Index Name": "idx_lineitem_orderkey","Relation Name": "lineitem","Alias": "l3","Startup Cost": 0.43,"Total Cost": 1.06,"Plan Rows": 6,"Plan Width": 8,"Actual Startup Time": 0.003,"Actual Total Time": 0.003,"Actual Rows": 1,"Actual Loops": 157994,"Index Cond": "(l_orderkey = l1.l_orderkey)","Rows Removed by Index Recheck": 0,"Filter": "((l_receiptdate > l_commitdate) AND (l_suppkey <> l1.l_suppkey))","Rows Removed by Filter": 1,"Workers": []}]}]},{"Node Type": "Index Scan","Parent Relationship": "Inner","Parallel Aware": false,"Async Capable": false,"Scan Direction": "Forward","Index Name": "idx_lineitem_orderkey","Relation Name": "lineitem","Alias": "l2","Startup Cost": 0.43,"Total Cost": 1.02,"Plan Rows": 17,"Plan Width": 8,"Actual Startup Time": 0.007,"Actual Total Time": 0.007,"Actual Rows": 1,"Actual Loops": 14099,"Index Cond": "(l_orderkey = l1.l_orderkey)","Rows Removed by Index Recheck": 0,"Filter": "(l_suppkey <> l1.l_suppkey)","Rows Removed by Filter": 1}]},{"Node Type": "Index Scan","Parent Relationship": "Inner","Parallel Aware": false,"Async Capable": false,"Scan Direction": "Forward","Index Name": "orders_pkey","Relation Name": "orders","Alias": "orders","Startup Cost": 0.43,"Total Cost": 0.51,"Plan Rows": 1,"Plan Width": 4,"Actual Startup Time": 0.008,"Actual Total Time": 0.008,"Actual Rows": 0,"Actual Loops": 8423,"Index Cond": "(o_orderkey = l1.l_orderkey)","Rows Removed by Index Recheck": 0,"Filter": "(o_orderstatus = 'F'::bpchar)","Rows Removed by Filter": 1}]}]}]}]},"Planning Time": 8.195,"Triggers": [],"Execution Time": 527.804}]
[{"Plan": {"Node Type": "Sort","Parallel Aware": false,"Async Capable": false,"Startup Cost": 147378.80,"Total Cost": 147378.81,"Plan Rows": 1,"Plan Width": 34,"Actual Startup Time": 504.512,"Actual Total Time": 521.552,"Actual Rows": 413,"Actual Loops": 1,"Sort Key": ["(count(*)) DESC", "supplier.s_name"],"Sort Method": "quicksort","Sort Space Used": 57,"Sort Space Type": "Memory","Plans": [{"Node Type": "Aggregate","Strategy": "Sorted","Partial Mode": "Simple","Parent Relationship": "Outer","Parallel Aware": false,"Async Capable": false,"Startup Cost": 147378.77,"Total Cost": 147378.79,"Plan Rows": 1,"Plan Width": 34,"Actual Startup Time": 503.286,"Actual Total Time": 520.862,"Actual Rows": 413,"Actual Loops": 1,"Group Key": ["supplier.s_name"],"Plans": [{"Node Type": "Sort","Parent Relationship": "Outer","Parallel Aware": false,"Async Capable": false,"Startup Cost": 147378.77,"Total Cost": 147378.78,"Plan Rows": 1,"Plan Width": 26,"Actual Startup Time": 503.265,"Actual Total Time": 520.434,"Actual Rows": 4164,"Actual Loops": 1,"Sort Key": ["supplier.s_name"],"Sort Method": "quicksort","Sort Space Used": 485,"Sort Space Type": "Memory","Plans": [{"Node Type": "Nested Loop","Parent Relationship": "Outer","Parallel Aware": false,"Async Capable": false,"Join Type": "Inner","Startup Cost": 1250.87,"Total Cost": 147378.76,"Plan Rows": 1,"Plan Width": 26,"Actual Startup Time": 4.247,"Actual Total Time": 508.248,"Actual Rows": 4164,"Actual Loops": 1,"Inner Unique": true,"Plans": [{"Node Type": "Nested Loop","Parent Relationship": "Outer","Parallel Aware": false,"Async Capable": false,"Join Type": "Semi","Startup Cost": 1250.44,"Total Cost": 147378.26,"Plan Rows": 1,"Plan Width": 34,"Actual Startup Time": 4.214,"Actual Total Time": 442.064,"Actual Rows": 8468,"Actual Loops": 1,"Inner Unique": false,"Plans": [{"Node Type": "Gather","Parent Relationship": "Outer","Parallel Aware": false,"Async Capable": false,"Startup Cost": 1250.01,"Total Cost": 147377.22,"Plan Rows": 1,"Plan Width": 34,"Actual Startup Time": 4.200,"Actual Total Time": 330.934,"Actual Rows": 14141,"Actual Loops": 1,"Workers Planned": 4,"Workers Launched": 4,"Single Copy": false,"Plans": [{"Node Type": "Nested Loop","Parent Relationship": "Outer","Parallel Aware": false,"Async Capable": false,"Join Type": "Anti","Startup Cost": 250.01,"Total Cost": 146377.12,"Plan Rows": 1,"Plan Width": 34,"Actual Startup Time": 5.165,"Actual Total Time": 443.283,"Actual Rows": 2828,"Actual Loops": 5,"Inner Unique": false,"Workers": [],"Plans": [{"Node Type": "Hash Join","Parent Relationship": "Outer","Parallel Aware": false,"Async Capable": false,"Join Type": "Inner","Startup Cost": 249.58,"Total Cost": 133581.65,"Plan Rows": 19990,"Plan Width": 34,"Actual Startup Time": 5.033,"Actual Total Time": 352.494,"Actual Rows": 31380,"Actual Loops": 5,"Inner Unique": false,"Hash Cond": "(l1.l_suppkey = supplier.s_suppkey)","Workers": [],"Plans": [{"Node Type": "Seq Scan","Parent Relationship": "Outer","Parallel Aware": true,"Async Capable": false,"Relation Name": "lineitem","Alias": "l1","Startup Cost": 0.00,"Total Cost": 131256.80,"Plan Rows": 500101,"Plan Width": 8,"Actual Startup Time": 0.028,"Actual Total Time": 299.882,"Actual Rows": 758659,"Actual Loops": 5,"Filter": "(l_receiptdate > l_commitdate)","Rows Removed by Filter": 441584,"Workers": []},{"Node Type": "Hash","Parent Relationship": "Inner","Parallel Aware": false,"Async Capable": false,"Startup Cost": 244.58,"Total Cost": 244.58,"Plan Rows": 400,"Plan Width": 30,"Actual Startup Time": 4.656,"Actual Total Time": 4.665,"Actual Rows": 413,"Actual Loops": 5,"Hash Buckets": 1024,"Original Hash Buckets": 1024,"Hash Batches": 1,"Original Hash Batches": 1,"Peak Memory Usage": 34,"Workers": [],"Plans": [{"Node Type": "Nested Loop","Parent Relationship": "Outer","Parallel Aware": false,"Async Capable": false,"Join Type": "Inner","Startup Cost": 7.38,"Total Cost": 244.58,"Plan Rows": 400,"Plan Width": 30,"Actual Startup Time": 0.318,"Actual Total Time": 4.505,"Actual Rows": 413,"Actual Loops": 5,"Inner Unique": false,"Workers": [],"Plans": [{"Node Type": "Seq Scan","Parent Relationship": "Outer","Parallel Aware": false,"Async Capable": false,"Relation Name": "nation","Alias": "nation","Startup Cost": 0.00,"Total Cost": 1.31,"Plan Rows": 1,"Plan Width": 4,"Actual Startup Time": 0.066,"Actual Total Time": 0.071,"Actual Rows": 1,"Actual Loops": 5,"Filter": "(n_name = 'ARGENTINA'::bpchar)","Rows Removed by Filter": 24,"Workers": []},{"Node Type": "Bitmap Heap Scan","Parent Relationship": "Inner","Parallel Aware": false,"Async Capable": false,"Relation Name": "supplier","Alias": "supplier","Startup Cost": 7.38,"Total Cost": 239.27,"Plan Rows": 400,"Plan Width": 34,"Actual Startup Time": 0.247,"Actual Total Time": 4.358,"Actual Rows": 413,"Actual Loops": 5,"Recheck Cond": "(s_nationkey = nation.n_nationkey)","Rows Removed by Index Recheck": 0,"Exact Heap Blocks": 190,"Lossy Heap Blocks": 0,"Workers": [],"Plans": [{"Node Type": "Bitmap Index Scan","Parent Relationship": "Outer","Parallel Aware": false,"Async Capable": false,"Index Name": "idx_supplier_nation_key","Startup Cost": 0.00,"Total Cost": 7.29,"Plan Rows": 400,"Plan Width": 0,"Actual Startup Time": 0.157,"Actual Total Time": 0.158,"Actual Rows": 413,"Actual Loops": 5,"Index Cond": "(s_nationkey = nation.n_nationkey)","Workers": []}]}]}]}]},{"Node Type": "Index Scan","Parent Relationship": "Inner","Parallel Aware": false,"Async Capable": false,"Scan Direction": "Forward","Index Name": "idx_lineitem_orderkey","Relation Name": "lineitem","Alias": "l3","Startup Cost": 0.43,"Total Cost": 1.06,"Plan Rows": 6,"Plan Width": 8,"Actual Startup Time": 0.003,"Actual Total Time": 0.003,"Actual Rows": 1,"Actual Loops": 156898,"Index Cond": "(l_orderkey = l1.l_orderkey)","Rows Removed by Index Recheck": 0,"Filter": "((l_receiptdate > l_commitdate) AND (l_suppkey <> l1.l_suppkey))","Rows Removed by Filter": 1,"Workers": []}]}]},{"Node Type": "Index Scan","Parent Relationship": "Inner","Parallel Aware": false,"Async Capable": false,"Scan Direction": "Forward","Index Name": "idx_lineitem_orderkey","Relation Name": "lineitem","Alias": "l2","Startup Cost": 0.43,"Total Cost": 1.02,"Plan Rows": 17,"Plan Width": 8,"Actual Startup Time": 0.007,"Actual Total Time": 0.007,"Actual Rows": 1,"Actual Loops": 14141,"Index Cond": "(l_orderkey = l1.l_orderkey)","Rows Removed by Index Recheck": 0,"Filter": "(l_suppkey <> l1.l_suppkey)","Rows Removed by Filter": 1}]},{"Node Type": "Index Scan","Parent Relationship": "Inner","Parallel Aware": false,"Async Capable": false,"Scan Direction": "Forward","Index Name": "orders_pkey","Relation Name": "orders","Alias": "orders","Startup Cost": 0.43,"Total Cost": 0.51,"Plan Rows": 1,"Plan Width": 4,"Actual Startup Time": 0.008,"Actual Total Time": 0.008,"Actual Rows": 0,"Actual Loops": 8468,"Index Cond": "(o_orderkey = l1.l_orderkey)","Rows Removed by Index Recheck": 0,"Filter": "(o_orderstatus = 'F'::bpchar)","Rows Removed by Filter": 1}]}]}]}]},"Planning Time": 8.601,"Triggers": [],"Execution Time": 522.197}]
[{"Plan": {"Node Type": "Sort","Parallel Aware": false,"Async Capable": false,"Startup Cost": 147378.80,"Total Cost": 147378.81,"Plan Rows": 1,"Plan Width": 34,"Actual Startup Time": 493.231,"Actual Total Time": 511.674,"Actual Rows": 376,"Actual Loops": 1,"Sort Key": ["(count(*)) DESC", "supplier.s_name"],"Sort Method": "quicksort","Sort Space Used": 54,"Sort Space Type": "Memory","Plans": [{"Node Type": "Aggregate","Strategy": "Sorted","Partial Mode": "Simple","Parent Relationship": "Outer","Parallel Aware": false,"Async Capable": false,"Startup Cost": 147378.77,"Total Cost": 147378.79,"Plan Rows": 1,"Plan Width": 34,"Actual Startup Time": 492.079,"Actual Total Time": 510.997,"Actual Rows": 376,"Actual Loops": 1,"Group Key": ["supplier.s_name"],"Plans": [{"Node Type": "Sort","Parent Relationship": "Outer","Parallel Aware": false,"Async Capable": false,"Startup Cost": 147378.77,"Total Cost": 147378.78,"Plan Rows": 1,"Plan Width": 26,"Actual Startup Time": 492.053,"Actual Total Time": 510.609,"Actual Rows": 3697,"Actual Loops": 1,"Sort Key": ["supplier.s_name"],"Sort Method": "quicksort","Sort Space Used": 356,"Sort Space Type": "Memory","Plans": [{"Node Type": "Nested Loop","Parent Relationship": "Outer","Parallel Aware": false,"Async Capable": false,"Join Type": "Inner","Startup Cost": 1250.87,"Total Cost": 147378.76,"Plan Rows": 1,"Plan Width": 26,"Actual Startup Time": 5.656,"Actual Total Time": 499.948,"Actual Rows": 3697,"Actual Loops": 1,"Inner Unique": true,"Plans": [{"Node Type": "Nested Loop","Parent Relationship": "Outer","Parallel Aware": false,"Async Capable": false,"Join Type": "Semi","Startup Cost": 1250.44,"Total Cost": 147378.26,"Plan Rows": 1,"Plan Width": 34,"Actual Startup Time": 5.611,"Actual Total Time": 438.655,"Actual Rows": 7589,"Actual Loops": 1,"Inner Unique": false,"Plans": [{"Node Type": "Gather","Parent Relationship": "Outer","Parallel Aware": false,"Async Capable": false,"Startup Cost": 1250.01,"Total Cost": 147377.22,"Plan Rows": 1,"Plan Width": 34,"Actual Startup Time": 4.591,"Actual Total Time": 336.749,"Actual Rows": 12677,"Actual Loops": 1,"Workers Planned": 4,"Workers Launched": 4,"Single Copy": false,"Plans": [{"Node Type": "Nested Loop","Parent Relationship": "Outer","Parallel Aware": false,"Async Capable": false,"Join Type": "Anti","Startup Cost": 250.01,"Total Cost": 146377.12,"Plan Rows": 1,"Plan Width": 34,"Actual Startup Time": 5.313,"Actual Total Time": 436.446,"Actual Rows": 2535,"Actual Loops": 5,"Inner Unique": false,"Workers": [],"Plans": [{"Node Type": "Hash Join","Parent Relationship": "Outer","Parallel Aware": false,"Async Capable": false,"Join Type": "Inner","Startup Cost": 249.58,"Total Cost": 133581.65,"Plan Rows": 19990,"Plan Width": 34,"Actual Startup Time": 5.158,"Actual Total Time": 352.526,"Actual Rows": 28439,"Actual Loops": 5,"Inner Unique": false,"Hash Cond": "(l1.l_suppkey = supplier.s_suppkey)","Workers": [],"Plans": [{"Node Type": "Seq Scan","Parent Relationship": "Outer","Parallel Aware": true,"Async Capable": false,"Relation Name": "lineitem","Alias": "l1","Startup Cost": 0.00,"Total Cost": 131256.80,"Plan Rows": 500101,"Plan Width": 8,"Actual Startup Time": 0.028,"Actual Total Time": 300.563,"Actual Rows": 758659,"Actual Loops": 5,"Filter": "(l_receiptdate > l_commitdate)","Rows Removed by Filter": 441584,"Workers": []},{"Node Type": "Hash","Parent Relationship": "Inner","Parallel Aware": false,"Async Capable": false,"Startup Cost": 244.58,"Total Cost": 244.58,"Plan Rows": 400,"Plan Width": 30,"Actual Startup Time": 4.780,"Actual Total Time": 4.790,"Actual Rows": 376,"Actual Loops": 5,"Hash Buckets": 1024,"Original Hash Buckets": 1024,"Hash Batches": 1,"Original Hash Batches": 1,"Peak Memory Usage": 32,"Workers": [],"Plans": [{"Node Type": "Nested Loop","Parent Relationship": "Outer","Parallel Aware": false,"Async Capable": false,"Join Type": "Inner","Startup Cost": 7.38,"Total Cost": 244.58,"Plan Rows": 400,"Plan Width": 30,"Actual Startup Time": 0.359,"Actual Total Time": 4.625,"Actual Rows": 376,"Actual Loops": 5,"Inner Unique": false,"Workers": [],"Plans": [{"Node Type": "Seq Scan","Parent Relationship": "Outer","Parallel Aware": false,"Async Capable": false,"Relation Name": "nation","Alias": "nation","Startup Cost": 0.00,"Total Cost": 1.31,"Plan Rows": 1,"Plan Width": 4,"Actual Startup Time": 0.066,"Actual Total Time": 0.070,"Actual Rows": 1,"Actual Loops": 5,"Filter": "(n_name = 'KENYA'::bpchar)","Rows Removed by Filter": 24,"Workers": []},{"Node Type": "Bitmap Heap Scan","Parent Relationship": "Inner","Parallel Aware": false,"Async Capable": false,"Relation Name": "supplier","Alias": "supplier","Startup Cost": 7.38,"Total Cost": 239.27,"Plan Rows": 400,"Plan Width": 34,"Actual Startup Time": 0.287,"Actual Total Time": 4.480,"Actual Rows": 376,"Actual Loops": 5,"Recheck Cond": "(s_nationkey = nation.n_nationkey)","Rows Removed by Index Recheck": 0,"Exact Heap Blocks": 179,"Lossy Heap Blocks": 0,"Workers": [],"Plans": [{"Node Type": "Bitmap Index Scan","Parent Relationship": "Outer","Parallel Aware": false,"Async Capable": false,"Index Name": "idx_supplier_nation_key","Startup Cost": 0.00,"Total Cost": 7.29,"Plan Rows": 400,"Plan Width": 0,"Actual Startup Time": 0.181,"Actual Total Time": 0.182,"Actual Rows": 376,"Actual Loops": 5,"Index Cond": "(s_nationkey = nation.n_nationkey)","Workers": []}]}]}]}]},{"Node Type": "Index Scan","Parent Relationship": "Inner","Parallel Aware": false,"Async Capable": false,"Scan Direction": "Forward","Index Name": "idx_lineitem_orderkey","Relation Name": "lineitem","Alias": "l3","Startup Cost": 0.43,"Total Cost": 1.06,"Plan Rows": 6,"Plan Width": 8,"Actual Startup Time": 0.003,"Actual Total Time": 0.003,"Actual Rows": 1,"Actual Loops": 142196,"Index Cond": "(l_orderkey = l1.l_orderkey)","Rows Removed by Index Recheck": 0,"Filter": "((l_receiptdate > l_commitdate) AND (l_suppkey <> l1.l_suppkey))","Rows Removed by Filter": 1,"Workers": []}]}]},{"Node Type": "Index Scan","Parent Relationship": "Inner","Parallel Aware": false,"Async Capable": false,"Scan Direction": "Forward","Index Name": "idx_lineitem_orderkey","Relation Name": "lineitem","Alias": "l2","Startup Cost": 0.43,"Total Cost": 1.02,"Plan Rows": 17,"Plan Width": 8,"Actual Startup Time": 0.008,"Actual Total Time": 0.008,"Actual Rows": 1,"Actual Loops": 12677,"Index Cond": "(l_orderkey = l1.l_orderkey)","Rows Removed by Index Recheck": 0,"Filter": "(l_suppkey <> l1.l_suppkey)","Rows Removed by Filter": 1}]},{"Node Type": "Index Scan","Parent Relationship": "Inner","Parallel Aware": false,"Async Capable": false,"Scan Direction": "Forward","Index Name": "orders_pkey","Relation Name": "orders","Alias": "orders","Startup Cost": 0.43,"Total Cost": 0.51,"Plan Rows": 1,"Plan Width": 4,"Actual Startup Time": 0.008,"Actual Total Time": 0.008,"Actual Rows": 0,"Actual Loops": 7589,"Index Cond": "(o_orderkey = l1.l_orderkey)","Rows Removed by Index Recheck": 0,"Filter": "(o_orderstatus = 'F'::bpchar)","Rows Removed by Filter": 1}]}]}]}]},"Planning Time": 8.298,"Triggers": [],"Execution Time": 512.274}]
[{"Plan": {"Node Type": "Sort","Parallel Aware": false,"Async Capable": false,"Startup Cost": 147378.80,"Total Cost": 147378.81,"Plan Rows": 1,"Plan Width": 34,"Actual Startup Time": 494.557,"Actual Total Time": 516.628,"Actual Rows": 380,"Actual Loops": 1,"Sort Key": ["(count(*)) DESC", "supplier.s_name"],"Sort Method": "quicksort","Sort Space Used": 54,"Sort Space Type": "Memory","Plans": [{"Node Type": "Aggregate","Strategy": "Sorted","Partial Mode": "Simple","Parent Relationship": "Outer","Parallel Aware": false,"Async Capable": false,"Startup Cost": 147378.77,"Total Cost": 147378.79,"Plan Rows": 1,"Plan Width": 34,"Actual Startup Time": 493.417,"Actual Total Time": 515.990,"Actual Rows": 380,"Actual Loops": 1,"Group Key": ["supplier.s_name"],"Plans": [{"Node Type": "Sort","Parent Relationship": "Outer","Parallel Aware": false,"Async Capable": false,"Startup Cost": 147378.77,"Total Cost": 147378.78,"Plan Rows": 1,"Plan Width": 26,"Actual Startup Time": 493.396,"Actual Total Time": 515.587,"Actual Rows": 3777,"Actual Loops": 1,"Sort Key": ["supplier.s_name"],"Sort Method": "quicksort","Sort Space Used": 362,"Sort Space Type": "Memory","Plans": [{"Node Type": "Nested Loop","Parent Relationship": "Outer","Parallel Aware": false,"Async Capable": false,"Join Type": "Inner","Startup Cost": 1250.87,"Total Cost": 147378.76,"Plan Rows": 1,"Plan Width": 26,"Actual Startup Time": 4.998,"Actual Total Time": 504.711,"Actual Rows": 3777,"Actual Loops": 1,"Inner Unique": true,"Plans": [{"Node Type": "Nested Loop","Parent Relationship": "Outer","Parallel Aware": false,"Async Capable": false,"Join Type": "Semi","Startup Cost": 1250.44,"Total Cost": 147378.26,"Plan Rows": 1,"Plan Width": 34,"Actual Startup Time": 4.963,"Actual Total Time": 440.621,"Actual Rows": 7670,"Actual Loops": 1,"Inner Unique": false,"Plans": [{"Node Type": "Gather","Parent Relationship": "Outer","Parallel Aware": false,"Async Capable": false,"Startup Cost": 1250.01,"Total Cost": 147377.22,"Plan Rows": 1,"Plan Width": 34,"Actual Startup Time": 4.951,"Actual Total Time": 333.201,"Actual Rows": 12935,"Actual Loops": 1,"Workers Planned": 4,"Workers Launched": 4,"Single Copy": false,"Plans": [{"Node Type": "Nested Loop","Parent Relationship": "Outer","Parallel Aware": false,"Async Capable": false,"Join Type": "Anti","Startup Cost": 250.01,"Total Cost": 146377.12,"Plan Rows": 1,"Plan Width": 34,"Actual Startup Time": 5.873,"Actual Total Time": 437.867,"Actual Rows": 2587,"Actual Loops": 5,"Inner Unique": false,"Workers": [],"Plans": [{"Node Type": "Hash Join","Parent Relationship": "Outer","Parallel Aware": false,"Async Capable": false,"Join Type": "Inner","Startup Cost": 249.58,"Total Cost": 133581.65,"Plan Rows": 19990,"Plan Width": 34,"Actual Startup Time": 5.239,"Actual Total Time": 352.656,"Actual Rows": 28741,"Actual Loops": 5,"Inner Unique": false,"Hash Cond": "(l1.l_suppkey = supplier.s_suppkey)","Workers": [],"Plans": [{"Node Type": "Seq Scan","Parent Relationship": "Outer","Parallel Aware": true,"Async Capable": false,"Relation Name": "lineitem","Alias": "l1","Startup Cost": 0.00,"Total Cost": 131256.80,"Plan Rows": 500101,"Plan Width": 8,"Actual Startup Time": 0.031,"Actual Total Time": 300.900,"Actual Rows": 758659,"Actual Loops": 5,"Filter": "(l_receiptdate > l_commitdate)","Rows Removed by Filter": 441584,"Workers": []},{"Node Type": "Hash","Parent Relationship": "Inner","Parallel Aware": false,"Async Capable": false,"Startup Cost": 244.58,"Total Cost": 244.58,"Plan Rows": 400,"Plan Width": 30,"Actual Startup Time": 4.907,"Actual Total Time": 4.921,"Actual Rows": 380,"Actual Loops": 5,"Hash Buckets": 1024,"Original Hash Buckets": 1024,"Hash Batches": 1,"Original Hash Batches": 1,"Peak Memory Usage": 32,"Workers": [],"Plans": [{"Node Type": "Nested Loop","Parent Relationship": "Outer","Parallel Aware": false,"Async Capable": false,"Join Type": "Inner","Startup Cost": 7.38,"Total Cost": 244.58,"Plan Rows": 400,"Plan Width": 30,"Actual Startup Time": 0.293,"Actual Total Time": 4.740,"Actual Rows": 380,"Actual Loops": 5,"Inner Unique": false,"Workers": [],"Plans": [{"Node Type": "Seq Scan","Parent Relationship": "Outer","Parallel Aware": false,"Async Capable": false,"Relation Name": "nation","Alias": "nation","Startup Cost": 0.00,"Total Cost": 1.31,"Plan Rows": 1,"Plan Width": 4,"Actual Startup Time": 0.048,"Actual Total Time": 0.056,"Actual Rows": 1,"Actual Loops": 5,"Filter": "(n_name = 'ETHIOPIA'::bpchar)","Rows Removed by Filter": 24,"Workers": []},{"Node Type": "Bitmap Heap Scan","Parent Relationship": "Inner","Parallel Aware": false,"Async Capable": false,"Relation Name": "supplier","Alias": "supplier","Startup Cost": 7.38,"Total Cost": 239.27,"Plan Rows": 400,"Plan Width": 34,"Actual Startup Time": 0.240,"Actual Total Time": 4.598,"Actual Rows": 380,"Actual Loops": 5,"Recheck Cond": "(s_nationkey = nation.n_nationkey)","Rows Removed by Index Recheck": 0,"Exact Heap Blocks": 192,"Lossy Heap Blocks": 0,"Workers": [],"Plans": [{"Node Type": "Bitmap Index Scan","Parent Relationship": "Outer","Parallel Aware": false,"Async Capable": false,"Index Name": "idx_supplier_nation_key","Startup Cost": 0.00,"Total Cost": 7.29,"Plan Rows": 400,"Plan Width": 0,"Actual Startup Time": 0.158,"Actual Total Time": 0.159,"Actual Rows": 380,"Actual Loops": 5,"Index Cond": "(s_nationkey = nation.n_nationkey)","Workers": []}]}]}]}]},{"Node Type": "Index Scan","Parent Relationship": "Inner","Parallel Aware": false,"Async Capable": false,"Scan Direction": "Forward","Index Name": "idx_lineitem_orderkey","Relation Name": "lineitem","Alias": "l3","Startup Cost": 0.43,"Total Cost": 1.06,"Plan Rows": 6,"Plan Width": 8,"Actual Startup Time": 0.003,"Actual Total Time": 0.003,"Actual Rows": 1,"Actual Loops": 143707,"Index Cond": "(l_orderkey = l1.l_orderkey)","Rows Removed by Index Recheck": 0,"Filter": "((l_receiptdate > l_commitdate) AND (l_suppkey <> l1.l_suppkey))","Rows Removed by Filter": 1,"Workers": []}]}]},{"Node Type": "Index Scan","Parent Relationship": "Inner","Parallel Aware": false,"Async Capable": false,"Scan Direction": "Forward","Index Name": "idx_lineitem_orderkey","Relation Name": "lineitem","Alias": "l2","Startup Cost": 0.43,"Total Cost": 1.02,"Plan Rows": 17,"Plan Width": 8,"Actual Startup Time": 0.008,"Actual Total Time": 0.008,"Actual Rows": 1,"Actual Loops": 12935,"Index Cond": "(l_orderkey = l1.l_orderkey)","Rows Removed by Index Recheck": 0,"Filter": "(l_suppkey <> l1.l_suppkey)","Rows Removed by Filter": 1}]},{"Node Type": "Index Scan","Parent Relationship": "Inner","Parallel Aware": false,"Async Capable": false,"Scan Direction": "Forward","Index Name": "orders_pkey","Relation Name": "orders","Alias": "orders","Startup Cost": 0.43,"Total Cost": 0.51,"Plan Rows": 1,"Plan Width": 4,"Actual Startup Time": 0.008,"Actual Total Time": 0.008,"Actual Rows": 0,"Actual Loops": 7670,"Index Cond": "(o_orderkey = l1.l_orderkey)","Rows Removed by Index Recheck": 0,"Filter": "(o_orderstatus = 'F'::bpchar)","Rows Removed by Filter": 1}]}]}]}]},"Planning Time": 9.415,"Triggers": [],"Execution Time": 517.200}]
[{"Plan": {"Node Type": "Sort","Parallel Aware": false,"Async Capable": false,"Startup Cost": 147378.80,"Total Cost": 147378.81,"Plan Rows": 1,"Plan Width": 34,"Actual Startup Time": 502.540,"Actual Total Time": 523.684,"Actual Rows": 401,"Actual Loops": 1,"Sort Key": ["(count(*)) DESC", "supplier.s_name"],"Sort Method": "quicksort","Sort Space Used": 56,"Sort Space Type": "Memory","Plans": [{"Node Type": "Aggregate","Strategy": "Sorted","Partial Mode": "Simple","Parent Relationship": "Outer","Parallel Aware": false,"Async Capable": false,"Startup Cost": 147378.77,"Total Cost": 147378.79,"Plan Rows": 1,"Plan Width": 34,"Actual Startup Time": 501.310,"Actual Total Time": 522.965,"Actual Rows": 401,"Actual Loops": 1,"Group Key": ["supplier.s_name"],"Plans": [{"Node Type": "Sort","Parent Relationship": "Outer","Parallel Aware": false,"Async Capable": false,"Startup Cost": 147378.77,"Total Cost": 147378.78,"Plan Rows": 1,"Plan Width": 26,"Actual Startup Time": 501.284,"Actual Total Time": 522.551,"Actual Rows": 3970,"Actual Loops": 1,"Sort Key": ["supplier.s_name"],"Sort Method": "quicksort","Sort Space Used": 376,"Sort Space Type": "Memory","Plans": [{"Node Type": "Nested Loop","Parent Relationship": "Outer","Parallel Aware": false,"Async Capable": false,"Join Type": "Inner","Startup Cost": 1250.87,"Total Cost": 147378.76,"Plan Rows": 1,"Plan Width": 26,"Actual Startup Time": 5.240,"Actual Total Time": 512.097,"Actual Rows": 3970,"Actual Loops": 1,"Inner Unique": true,"Plans": [{"Node Type": "Nested Loop","Parent Relationship": "Outer","Parallel Aware": false,"Async Capable": false,"Join Type": "Semi","Startup Cost": 1250.44,"Total Cost": 147378.26,"Plan Rows": 1,"Plan Width": 34,"Actual Startup Time": 4.627,"Actual Total Time": 451.513,"Actual Rows": 8097,"Actual Loops": 1,"Inner Unique": false,"Plans": [{"Node Type": "Gather","Parent Relationship": "Outer","Parallel Aware": false,"Async Capable": false,"Startup Cost": 1250.01,"Total Cost": 147377.22,"Plan Rows": 1,"Plan Width": 34,"Actual Startup Time": 4.615,"Actual Total Time": 347.691,"Actual Rows": 13583,"Actual Loops": 1,"Workers Planned": 4,"Workers Launched": 4,"Single Copy": false,"Plans": [{"Node Type": "Nested Loop","Parent Relationship": "Outer","Parallel Aware": false,"Async Capable": false,"Join Type": "Anti","Startup Cost": 250.01,"Total Cost": 146377.12,"Plan Rows": 1,"Plan Width": 34,"Actual Startup Time": 4.828,"Actual Total Time": 446.701,"Actual Rows": 2717,"Actual Loops": 5,"Inner Unique": false,"Workers": [],"Plans": [{"Node Type": "Hash Join","Parent Relationship": "Outer","Parallel Aware": false,"Async Capable": false,"Join Type": "Inner","Startup Cost": 249.58,"Total Cost": 133581.65,"Plan Rows": 19990,"Plan Width": 34,"Actual Startup Time": 4.456,"Actual Total Time": 356.594,"Actual Rows": 30499,"Actual Loops": 5,"Inner Unique": false,"Hash Cond": "(l1.l_suppkey = supplier.s_suppkey)","Workers": [],"Plans": [{"Node Type": "Seq Scan","Parent Relationship": "Outer","Parallel Aware": true,"Async Capable": false,"Relation Name": "lineitem","Alias": "l1","Startup Cost": 0.00,"Total Cost": 131256.80,"Plan Rows": 500101,"Plan Width": 8,"Actual Startup Time": 0.022,"Actual Total Time": 305.978,"Actual Rows": 758659,"Actual Loops": 5,"Filter": "(l_receiptdate > l_commitdate)","Rows Removed by Filter": 441584,"Workers": []},{"Node Type": "Hash","Parent Relationship": "Inner","Parallel Aware": false,"Async Capable": false,"Startup Cost": 244.58,"Total Cost": 244.58,"Plan Rows": 400,"Plan Width": 30,"Actual Startup Time": 4.157,"Actual Total Time": 4.168,"Actual Rows": 401,"Actual Loops": 5,"Hash Buckets": 1024,"Original Hash Buckets": 1024,"Hash Batches": 1,"Original Hash Batches": 1,"Peak Memory Usage": 34,"Workers": [],"Plans": [{"Node Type": "Nested Loop","Parent Relationship": "Outer","Parallel Aware": false,"Async Capable": false,"Join Type": "Inner","Startup Cost": 7.38,"Total Cost": 244.58,"Plan Rows": 400,"Plan Width": 30,"Actual Startup Time": 0.269,"Actual Total Time": 4.009,"Actual Rows": 401,"Actual Loops": 5,"Inner Unique": false,"Workers": [],"Plans": [{"Node Type": "Seq Scan","Parent Relationship": "Outer","Parallel Aware": false,"Async Capable": false,"Relation Name": "nation","Alias": "nation","Startup Cost": 0.00,"Total Cost": 1.31,"Plan Rows": 1,"Plan Width": 4,"Actual Startup Time": 0.053,"Actual Total Time": 0.057,"Actual Rows": 1,"Actual Loops": 5,"Filter": "(n_name = 'RUSSIA'::bpchar)","Rows Removed by Filter": 24,"Workers": []},{"Node Type": "Bitmap Heap Scan","Parent Relationship": "Inner","Parallel Aware": false,"Async Capable": false,"Relation Name": "supplier","Alias": "supplier","Startup Cost": 7.38,"Total Cost": 239.27,"Plan Rows": 400,"Plan Width": 34,"Actual Startup Time": 0.210,"Actual Total Time": 3.875,"Actual Rows": 401,"Actual Loops": 5,"Recheck Cond": "(s_nationkey = nation.n_nationkey)","Rows Removed by Index Recheck": 0,"Exact Heap Blocks": 180,"Lossy Heap Blocks": 0,"Workers": [],"Plans": [{"Node Type": "Bitmap Index Scan","Parent Relationship": "Outer","Parallel Aware": false,"Async Capable": false,"Index Name": "idx_supplier_nation_key","Startup Cost": 0.00,"Total Cost": 7.29,"Plan Rows": 400,"Plan Width": 0,"Actual Startup Time": 0.139,"Actual Total Time": 0.140,"Actual Rows": 401,"Actual Loops": 5,"Index Cond": "(s_nationkey = nation.n_nationkey)","Workers": []}]}]}]}]},{"Node Type": "Index Scan","Parent Relationship": "Inner","Parallel Aware": false,"Async Capable": false,"Scan Direction": "Forward","Index Name": "idx_lineitem_orderkey","Relation Name": "lineitem","Alias": "l3","Startup Cost": 0.43,"Total Cost": 1.06,"Plan Rows": 6,"Plan Width": 8,"Actual Startup Time": 0.003,"Actual Total Time": 0.003,"Actual Rows": 1,"Actual Loops": 152495,"Index Cond": "(l_orderkey = l1.l_orderkey)","Rows Removed by Index Recheck": 0,"Filter": "((l_receiptdate > l_commitdate) AND (l_suppkey <> l1.l_suppkey))","Rows Removed by Filter": 1,"Workers": []}]}]},{"Node Type": "Index Scan","Parent Relationship": "Inner","Parallel Aware": false,"Async Capable": false,"Scan Direction": "Forward","Index Name": "idx_lineitem_orderkey","Relation Name": "lineitem","Alias": "l2","Startup Cost": 0.43,"Total Cost": 1.02,"Plan Rows": 17,"Plan Width": 8,"Actual Startup Time": 0.007,"Actual Total Time": 0.007,"Actual Rows": 1,"Actual Loops": 13583,"Index Cond": "(l_orderkey = l1.l_orderkey)","Rows Removed by Index Recheck": 0,"Filter": "(l_suppkey <> l1.l_suppkey)","Rows Removed by Filter": 1}]},{"Node Type": "Index Scan","Parent Relationship": "Inner","Parallel Aware": false,"Async Capable": false,"Scan Direction": "Forward","Index Name": "orders_pkey","Relation Name": "orders","Alias": "orders","Startup Cost": 0.43,"Total Cost": 0.51,"Plan Rows": 1,"Plan Width": 4,"Actual Startup Time": 0.007,"Actual Total Time": 0.007,"Actual Rows": 0,"Actual Loops": 8097,"Index Cond": "(o_orderkey = l1.l_orderkey)","Rows Removed by Index Recheck": 0,"Filter": "(o_orderstatus = 'F'::bpchar)","Rows Removed by Filter": 1}]}]}]}]},"Planning Time": 9.437,"Triggers": [],"Execution Time": 524.297}]
[{"Plan": {"Node Type": "Sort","Parallel Aware": false,"Async Capable": false,"Startup Cost": 147378.80,"Total Cost": 147378.81,"Plan Rows": 1,"Plan Width": 34,"Actual Startup Time": 504.070,"Actual Total Time": 522.796,"Actual Rows": 405,"Actual Loops": 1,"Sort Key": ["(count(*)) DESC", "supplier.s_name"],"Sort Method": "quicksort","Sort Space Used": 56,"Sort Space Type": "Memory","Plans": [{"Node Type": "Aggregate","Strategy": "Sorted","Partial Mode": "Simple","Parent Relationship": "Outer","Parallel Aware": false,"Async Capable": false,"Startup Cost": 147378.77,"Total Cost": 147378.79,"Plan Rows": 1,"Plan Width": 34,"Actual Startup Time": 502.850,"Actual Total Time": 522.098,"Actual Rows": 405,"Actual Loops": 1,"Group Key": ["supplier.s_name"],"Plans": [{"Node Type": "Sort","Parent Relationship": "Outer","Parallel Aware": false,"Async Capable": false,"Startup Cost": 147378.77,"Total Cost": 147378.78,"Plan Rows": 1,"Plan Width": 26,"Actual Startup Time": 502.828,"Actual Total Time": 521.678,"Actual Rows": 4028,"Actual Loops": 1,"Sort Key": ["supplier.s_name"],"Sort Method": "quicksort","Sort Space Used": 380,"Sort Space Type": "Memory","Plans": [{"Node Type": "Nested Loop","Parent Relationship": "Outer","Parallel Aware": false,"Async Capable": false,"Join Type": "Inner","Startup Cost": 1250.87,"Total Cost": 147378.76,"Plan Rows": 1,"Plan Width": 26,"Actual Startup Time": 4.998,"Actual Total Time": 510.942,"Actual Rows": 4028,"Actual Loops": 1,"Inner Unique": true,"Plans": [{"Node Type": "Nested Loop","Parent Relationship": "Outer","Parallel Aware": false,"Async Capable": false,"Join Type": "Semi","Startup Cost": 1250.44,"Total Cost": 147378.26,"Plan Rows": 1,"Plan Width": 34,"Actual Startup Time": 4.975,"Actual Total Time": 450.040,"Actual Rows": 8320,"Actual Loops": 1,"Inner Unique": false,"Plans": [{"Node Type": "Gather","Parent Relationship": "Outer","Parallel Aware": false,"Async Capable": false,"Startup Cost": 1250.01,"Total Cost": 147377.22,"Plan Rows": 1,"Plan Width": 34,"Actual Startup Time": 4.836,"Actual Total Time": 345.420,"Actual Rows": 13965,"Actual Loops": 1,"Workers Planned": 4,"Workers Launched": 4,"Single Copy": false,"Plans": [{"Node Type": "Nested Loop","Parent Relationship": "Outer","Parallel Aware": false,"Async Capable": false,"Join Type": "Anti","Startup Cost": 250.01,"Total Cost": 146377.12,"Plan Rows": 1,"Plan Width": 34,"Actual Startup Time": 4.706,"Actual Total Time": 445.819,"Actual Rows": 2793,"Actual Loops": 5,"Inner Unique": false,"Workers": [],"Plans": [{"Node Type": "Hash Join","Parent Relationship": "Outer","Parallel Aware": false,"Async Capable": false,"Join Type": "Inner","Startup Cost": 249.58,"Total Cost": 133581.65,"Plan Rows": 19990,"Plan Width": 34,"Actual Startup Time": 4.328,"Actual Total Time": 354.989,"Actual Rows": 30731,"Actual Loops": 5,"Inner Unique": false,"Hash Cond": "(l1.l_suppkey = supplier.s_suppkey)","Workers": [],"Plans": [{"Node Type": "Seq Scan","Parent Relationship": "Outer","Parallel Aware": true,"Async Capable": false,"Relation Name": "lineitem","Alias": "l1","Startup Cost": 0.00,"Total Cost": 131256.80,"Plan Rows": 500101,"Plan Width": 8,"Actual Startup Time": 0.030,"Actual Total Time": 303.427,"Actual Rows": 758659,"Actual Loops": 5,"Filter": "(l_receiptdate > l_commitdate)","Rows Removed by Filter": 441584,"Workers": []},{"Node Type": "Hash","Parent Relationship": "Inner","Parallel Aware": false,"Async Capable": false,"Startup Cost": 244.58,"Total Cost": 244.58,"Plan Rows": 400,"Plan Width": 30,"Actual Startup Time": 4.016,"Actual Total Time": 4.027,"Actual Rows": 405,"Actual Loops": 5,"Hash Buckets": 1024,"Original Hash Buckets": 1024,"Hash Batches": 1,"Original Hash Batches": 1,"Peak Memory Usage": 34,"Workers": [],"Plans": [{"Node Type": "Nested Loop","Parent Relationship": "Outer","Parallel Aware": false,"Async Capable": false,"Join Type": "Inner","Startup Cost": 7.38,"Total Cost": 244.58,"Plan Rows": 400,"Plan Width": 30,"Actual Startup Time": 0.282,"Actual Total Time": 3.870,"Actual Rows": 405,"Actual Loops": 5,"Inner Unique": false,"Workers": [],"Plans": [{"Node Type": "Seq Scan","Parent Relationship": "Outer","Parallel Aware": false,"Async Capable": false,"Relation Name": "nation","Alias": "nation","Startup Cost": 0.00,"Total Cost": 1.31,"Plan Rows": 1,"Plan Width": 4,"Actual Startup Time": 0.049,"Actual Total Time": 0.055,"Actual Rows": 1,"Actual Loops": 5,"Filter": "(n_name = 'INDONESIA'::bpchar)","Rows Removed by Filter": 24,"Workers": []},{"Node Type": "Bitmap Heap Scan","Parent Relationship": "Inner","Parallel Aware": false,"Async Capable": false,"Relation Name": "supplier","Alias": "supplier","Startup Cost": 7.38,"Total Cost": 239.27,"Plan Rows": 400,"Plan Width": 34,"Actual Startup Time": 0.227,"Actual Total Time": 3.740,"Actual Rows": 405,"Actual Loops": 5,"Recheck Cond": "(s_nationkey = nation.n_nationkey)","Rows Removed by Index Recheck": 0,"Exact Heap Blocks": 192,"Lossy Heap Blocks": 0,"Workers": [],"Plans": [{"Node Type": "Bitmap Index Scan","Parent Relationship": "Outer","Parallel Aware": false,"Async Capable": false,"Index Name": "idx_supplier_nation_key","Startup Cost": 0.00,"Total Cost": 7.29,"Plan Rows": 400,"Plan Width": 0,"Actual Startup Time": 0.146,"Actual Total Time": 0.147,"Actual Rows": 405,"Actual Loops": 5,"Index Cond": "(s_nationkey = nation.n_nationkey)","Workers": []}]}]}]}]},{"Node Type": "Index Scan","Parent Relationship": "Inner","Parallel Aware": false,"Async Capable": false,"Scan Direction": "Forward","Index Name": "idx_lineitem_orderkey","Relation Name": "lineitem","Alias": "l3","Startup Cost": 0.43,"Total Cost": 1.06,"Plan Rows": 6,"Plan Width": 8,"Actual Startup Time": 0.003,"Actual Total Time": 0.003,"Actual Rows": 1,"Actual Loops": 153653,"Index Cond": "(l_orderkey = l1.l_orderkey)","Rows Removed by Index Recheck": 0,"Filter": "((l_receiptdate > l_commitdate) AND (l_suppkey <> l1.l_suppkey))","Rows Removed by Filter": 1,"Workers": []}]}]},{"Node Type": "Index Scan","Parent Relationship": "Inner","Parallel Aware": false,"Async Capable": false,"Scan Direction": "Forward","Index Name": "idx_lineitem_orderkey","Relation Name": "lineitem","Alias": "l2","Startup Cost": 0.43,"Total Cost": 1.02,"Plan Rows": 17,"Plan Width": 8,"Actual Startup Time": 0.007,"Actual Total Time": 0.007,"Actual Rows": 1,"Actual Loops": 13965,"Index Cond": "(l_orderkey = l1.l_orderkey)","Rows Removed by Index Recheck": 0,"Filter": "(l_suppkey <> l1.l_suppkey)","Rows Removed by Filter": 1}]},{"Node Type": "Index Scan","Parent Relationship": "Inner","Parallel Aware": false,"Async Capable": false,"Scan Direction": "Forward","Index Name": "orders_pkey","Relation Name": "orders","Alias": "orders","Startup Cost": 0.43,"Total Cost": 0.51,"Plan Rows": 1,"Plan Width": 4,"Actual Startup Time": 0.007,"Actual Total Time": 0.007,"Actual Rows": 0,"Actual Loops": 8320,"Index Cond": "(o_orderkey = l1.l_orderkey)","Rows Removed by Index Recheck": 0,"Filter": "(o_orderstatus = 'F'::bpchar)","Rows Removed by Filter": 1}]}]}]}]},"Planning Time": 8.753,"Triggers": [],"Execution Time": 523.514}]
[{"Plan": {"Node Type": "Sort","Parallel Aware": false,"Async Capable": false,"Startup Cost": 147378.80,"Total Cost": 147378.81,"Plan Rows": 1,"Plan Width": 34,"Actual Startup Time": 506.689,"Actual Total Time": 525.046,"Actual Rows": 415,"Actual Loops": 1,"Sort Key": ["(count(*)) DESC", "supplier.s_name"],"Sort Method": "quicksort","Sort Space Used": 57,"Sort Space Type": "Memory","Plans": [{"Node Type": "Aggregate","Strategy": "Sorted","Partial Mode": "Simple","Parent Relationship": "Outer","Parallel Aware": false,"Async Capable": false,"Startup Cost": 147378.77,"Total Cost": 147378.79,"Plan Rows": 1,"Plan Width": 34,"Actual Startup Time": 505.377,"Actual Total Time": 524.254,"Actual Rows": 415,"Actual Loops": 1,"Group Key": ["supplier.s_name"],"Plans": [{"Node Type": "Sort","Parent Relationship": "Outer","Parallel Aware": false,"Async Capable": false,"Startup Cost": 147378.77,"Total Cost": 147378.78,"Plan Rows": 1,"Plan Width": 26,"Actual Startup Time": 505.350,"Actual Total Time": 523.830,"Actual Rows": 4021,"Actual Loops": 1,"Sort Key": ["supplier.s_name"],"Sort Method": "quicksort","Sort Space Used": 379,"Sort Space Type": "Memory","Plans": [{"Node Type": "Nested Loop","Parent Relationship": "Outer","Parallel Aware": false,"Async Capable": false,"Join Type": "Inner","Startup Cost": 1250.87,"Total Cost": 147378.76,"Plan Rows": 1,"Plan Width": 26,"Actual Startup Time": 4.344,"Actual Total Time": 512.010,"Actual Rows": 4021,"Actual Loops": 1,"Inner Unique": true,"Plans": [{"Node Type": "Nested Loop","Parent Relationship": "Outer","Parallel Aware": false,"Async Capable": false,"Join Type": "Semi","Startup Cost": 1250.44,"Total Cost": 147378.26,"Plan Rows": 1,"Plan Width": 34,"Actual Startup Time": 4.308,"Actual Total Time": 447.240,"Actual Rows": 8423,"Actual Loops": 1,"Inner Unique": false,"Plans": [{"Node Type": "Gather","Parent Relationship": "Outer","Parallel Aware": false,"Async Capable": false,"Startup Cost": 1250.01,"Total Cost": 147377.22,"Plan Rows": 1,"Plan Width": 34,"Actual Startup Time": 4.250,"Actual Total Time": 340.738,"Actual Rows": 13873,"Actual Loops": 1,"Workers Planned": 4,"Workers Launched": 4,"Single Copy": false,"Plans": [{"Node Type": "Nested Loop","Parent Relationship": "Outer","Parallel Aware": false,"Async Capable": false,"Join Type": "Anti","Startup Cost": 250.01,"Total Cost": 146377.12,"Plan Rows": 1,"Plan Width": 34,"Actual Startup Time": 6.059,"Actual Total Time": 447.143,"Actual Rows": 2775,"Actual Loops": 5,"Inner Unique": false,"Workers": [],"Plans": [{"Node Type": "Hash Join","Parent Relationship": "Outer","Parallel Aware": false,"Async Capable": false,"Join Type": "Inner","Startup Cost": 249.58,"Total Cost": 133581.65,"Plan Rows": 19990,"Plan Width": 34,"Actual Startup Time": 5.350,"Actual Total Time": 355.670,"Actual Rows": 31496,"Actual Loops": 5,"Inner Unique": false,"Hash Cond": "(l1.l_suppkey = supplier.s_suppkey)","Workers": [],"Plans": [{"Node Type": "Seq Scan","Parent Relationship": "Outer","Parallel Aware": true,"Async Capable": false,"Relation Name": "lineitem","Alias": "l1","Startup Cost": 0.00,"Total Cost": 131256.80,"Plan Rows": 500101,"Plan Width": 8,"Actual Startup Time": 0.034,"Actual Total Time": 302.387,"Actual Rows": 758659,"Actual Loops": 5,"Filter": "(l_receiptdate > l_commitdate)","Rows Removed by Filter": 441584,"Workers": []},{"Node Type": "Hash","Parent Relationship": "Inner","Parallel Aware": false,"Async Capable": false,"Startup Cost": 244.58,"Total Cost": 244.58,"Plan Rows": 400,"Plan Width": 30,"Actual Startup Time": 5.023,"Actual Total Time": 5.034,"Actual Rows": 415,"Actual Loops": 5,"Hash Buckets": 1024,"Original Hash Buckets": 1024,"Hash Batches": 1,"Original Hash Batches": 1,"Peak Memory Usage": 34,"Workers": [],"Plans": [{"Node Type": "Nested Loop","Parent Relationship": "Outer","Parallel Aware": false,"Async Capable": false,"Join Type": "Inner","Startup Cost": 7.38,"Total Cost": 244.58,"Plan Rows": 400,"Plan Width": 30,"Actual Startup Time": 0.341,"Actual Total Time": 4.843,"Actual Rows": 415,"Actual Loops": 5,"Inner Unique": false,"Workers": [],"Plans": [{"Node Type": "Seq Scan","Parent Relationship": "Outer","Parallel Aware": false,"Async Capable": false,"Relation Name": "nation","Alias": "nation","Startup Cost": 0.00,"Total Cost": 1.31,"Plan Rows": 1,"Plan Width": 4,"Actual Startup Time": 0.054,"Actual Total Time": 0.060,"Actual Rows": 1,"Actual Loops": 5,"Filter": "(n_name = 'INDIA'::bpchar)","Rows Removed by Filter": 24,"Workers": []},{"Node Type": "Bitmap Heap Scan","Parent Relationship": "Inner","Parallel Aware": false,"Async Capable": false,"Relation Name": "supplier","Alias": "supplier","Startup Cost": 7.38,"Total Cost": 239.27,"Plan Rows": 400,"Plan Width": 34,"Actual Startup Time": 0.281,"Actual Total Time": 4.691,"Actual Rows": 415,"Actual Loops": 5,"Recheck Cond": "(s_nationkey = nation.n_nationkey)","Rows Removed by Index Recheck": 0,"Exact Heap Blocks": 186,"Lossy Heap Blocks": 0,"Workers": [],"Plans": [{"Node Type": "Bitmap Index Scan","Parent Relationship": "Outer","Parallel Aware": false,"Async Capable": false,"Index Name": "idx_supplier_nation_key","Startup Cost": 0.00,"Total Cost": 7.29,"Plan Rows": 400,"Plan Width": 0,"Actual Startup Time": 0.207,"Actual Total Time": 0.208,"Actual Rows": 415,"Actual Loops": 5,"Index Cond": "(s_nationkey = nation.n_nationkey)","Workers": []}]}]}]}]},{"Node Type": "Index Scan","Parent Relationship": "Inner","Parallel Aware": false,"Async Capable": false,"Scan Direction": "Forward","Index Name": "idx_lineitem_orderkey","Relation Name": "lineitem","Alias": "l3","Startup Cost": 0.43,"Total Cost": 1.06,"Plan Rows": 6,"Plan Width": 8,"Actual Startup Time": 0.003,"Actual Total Time": 0.003,"Actual Rows": 1,"Actual Loops": 157482,"Index Cond": "(l_orderkey = l1.l_orderkey)","Rows Removed by Index Recheck": 0,"Filter": "((l_receiptdate > l_commitdate) AND (l_suppkey <> l1.l_suppkey))","Rows Removed by Filter": 1,"Workers": []}]}]},{"Node Type": "Index Scan","Parent Relationship": "Inner","Parallel Aware": false,"Async Capable": false,"Scan Direction": "Forward","Index Name": "idx_lineitem_orderkey","Relation Name": "lineitem","Alias": "l2","Startup Cost": 0.43,"Total Cost": 1.02,"Plan Rows": 17,"Plan Width": 8,"Actual Startup Time": 0.007,"Actual Total Time": 0.007,"Actual Rows": 1,"Actual Loops": 13873,"Index Cond": "(l_orderkey = l1.l_orderkey)","Rows Removed by Index Recheck": 0,"Filter": "(l_suppkey <> l1.l_suppkey)","Rows Removed by Filter": 1}]},{"Node Type": "Index Scan","Parent Relationship": "Inner","Parallel Aware": false,"Async Capable": false,"Scan Direction": "Forward","Index Name": "orders_pkey","Relation Name": "orders","Alias": "orders","Startup Cost": 0.43,"Total Cost": 0.51,"Plan Rows": 1,"Plan Width": 4,"Actual Startup Time": 0.007,"Actual Total Time": 0.007,"Actual Rows": 0,"Actual Loops": 8423,"Index Cond": "(o_orderkey = l1.l_orderkey)","Rows Removed by Index Recheck": 0,"Filter": "(o_orderstatus = 'F'::bpchar)","Rows Removed by Filter": 1}]}]}]}]},"Planning Time": 9.331,"Triggers": [],"Execution Time": 525.561}]
[{"Plan": {"Node Type": "Sort","Parallel Aware": false,"Async Capable": false,"Startup Cost": 147378.80,"Total Cost": 147378.81,"Plan Rows": 1,"Plan Width": 34,"Actual Startup Time": 504.512,"Actual Total Time": 521.552,"Actual Rows": 413,"Actual Loops": 1,"Sort Key": ["(count(*)) DESC", "supplier.s_name"],"Sort Method": "quicksort","Sort Space Used": 57,"Sort Space Type": "Memory","Plans": [{"Node Type": "Aggregate","Strategy": "Sorted","Partial Mode": "Simple","Parent Relationship": "Outer","Parallel Aware": false,"Async Capable": false,"Startup Cost": 147378.77,"Total Cost": 147378.79,"Plan Rows": 1,"Plan Width": 34,"Actual Startup Time": 503.286,"Actual Total Time": 520.862,"Actual Rows": 413,"Actual Loops": 1,"Group Key": ["supplier.s_name"],"Plans": [{"Node Type": "Sort","Parent Relationship": "Outer","Parallel Aware": false,"Async Capable": false,"Startup Cost": 147378.77,"Total Cost": 147378.78,"Plan Rows": 1,"Plan Width": 26,"Actual Startup Time": 503.265,"Actual Total Time": 520.434,"Actual Rows": 4164,"Actual Loops": 1,"Sort Key": ["supplier.s_name"],"Sort Method": "quicksort","Sort Space Used": 485,"Sort Space Type": "Memory","Plans": [{"Node Type": "Nested Loop","Parent Relationship": "Outer","Parallel Aware": false,"Async Capable": false,"Join Type": "Inner","Startup Cost": 1250.87,"Total Cost": 147378.76,"Plan Rows": 1,"Plan Width": 26,"Actual Startup Time": 4.247,"Actual Total Time": 508.248,"Actual Rows": 4164,"Actual Loops": 1,"Inner Unique": true,"Plans": [{"Node Type": "Nested Loop","Parent Relationship": "Outer","Parallel Aware": false,"Async Capable": false,"Join Type": "Semi","Startup Cost": 1250.44,"Total Cost": 147378.26,"Plan Rows": 1,"Plan Width": 34,"Actual Startup Time": 4.214,"Actual Total Time": 442.064,"Actual Rows": 8468,"Actual Loops": 1,"Inner Unique": false,"Plans": [{"Node Type": "Gather","Parent Relationship": "Outer","Parallel Aware": false,"Async Capable": false,"Startup Cost": 1250.01,"Total Cost": 147377.22,"Plan Rows": 1,"Plan Width": 34,"Actual Startup Time": 4.200,"Actual Total Time": 330.934,"Actual Rows": 14141,"Actual Loops": 1,"Workers Planned": 4,"Workers Launched": 4,"Single Copy": false,"Plans": [{"Node Type": "Nested Loop","Parent Relationship": "Outer","Parallel Aware": false,"Async Capable": false,"Join Type": "Anti","Startup Cost": 250.01,"Total Cost": 146377.12,"Plan Rows": 1,"Plan Width": 34,"Actual Startup Time": 5.165,"Actual Total Time": 443.283,"Actual Rows": 2828,"Actual Loops": 5,"Inner Unique": false,"Workers": [],"Plans": [{"Node Type": "Hash Join","Parent Relationship": "Outer","Parallel Aware": false,"Async Capable": false,"Join Type": "Inner","Startup Cost": 249.58,"Total Cost": 133581.65,"Plan Rows": 19990,"Plan Width": 34,"Actual Startup Time": 5.033,"Actual Total Time": 352.494,"Actual Rows": 31380,"Actual Loops": 5,"Inner Unique": false,"Hash Cond": "(l1.l_suppkey = supplier.s_suppkey)","Workers": [],"Plans": [{"Node Type": "Seq Scan","Parent Relationship": "Outer","Parallel Aware": true,"Async Capable": false,"Relation Name": "lineitem","Alias": "l1","Startup Cost": 0.00,"Total Cost": 131256.80,"Plan Rows": 500101,"Plan Width": 8,"Actual Startup Time": 0.028,"Actual Total Time": 299.882,"Actual Rows": 758659,"Actual Loops": 5,"Filter": "(l_receiptdate > l_commitdate)","Rows Removed by Filter": 441584,"Workers": []},{"Node Type": "Hash","Parent Relationship": "Inner","Parallel Aware": false,"Async Capable": false,"Startup Cost": 244.58,"Total Cost": 244.58,"Plan Rows": 400,"Plan Width": 30,"Actual Startup Time": 4.656,"Actual Total Time": 4.665,"Actual Rows": 413,"Actual Loops": 5,"Hash Buckets": 1024,"Original Hash Buckets": 1024,"Hash Batches": 1,"Original Hash Batches": 1,"Peak Memory Usage": 34,"Workers": [],"Plans": [{"Node Type": "Nested Loop","Parent Relationship": "Outer","Parallel Aware": false,"Async Capable": false,"Join Type": "Inner","Startup Cost": 7.38,"Total Cost": 244.58,"Plan Rows": 400,"Plan Width": 30,"Actual Startup Time": 0.318,"Actual Total Time": 4.505,"Actual Rows": 413,"Actual Loops": 5,"Inner Unique": false,"Workers": [],"Plans": [{"Node Type": "Seq Scan","Parent Relationship": "Outer","Parallel Aware": false,"Async Capable": false,"Relation Name": "nation","Alias": "nation","Startup Cost": 0.00,"Total Cost": 1.31,"Plan Rows": 1,"Plan Width": 4,"Actual Startup Time": 0.066,"Actual Total Time": 0.071,"Actual Rows": 1,"Actual Loops": 5,"Filter": "(n_name = 'ARGENTINA'::bpchar)","Rows Removed by Filter": 24,"Workers": []},{"Node Type": "Bitmap Heap Scan","Parent Relationship": "Inner","Parallel Aware": false,"Async Capable": false,"Relation Name": "supplier","Alias": "supplier","Startup Cost": 7.38,"Total Cost": 239.27,"Plan Rows": 400,"Plan Width": 34,"Actual Startup Time": 0.247,"Actual Total Time": 4.358,"Actual Rows": 413,"Actual Loops": 5,"Recheck Cond": "(s_nationkey = nation.n_nationkey)","Rows Removed by Index Recheck": 0,"Exact Heap Blocks": 190,"Lossy Heap Blocks": 0,"Workers": [],"Plans": [{"Node Type": "Bitmap Index Scan","Parent Relationship": "Outer","Parallel Aware": false,"Async Capable": false,"Index Name": "idx_supplier_nation_key","Startup Cost": 0.00,"Total Cost": 7.29,"Plan Rows": 400,"Plan Width": 0,"Actual Startup Time": 0.157,"Actual Total Time": 0.158,"Actual Rows": 413,"Actual Loops": 5,"Index Cond": "(s_nationkey = nation.n_nationkey)","Workers": []}]}]}]}]},{"Node Type": "Index Scan","Parent Relationship": "Inner","Parallel Aware": false,"Async Capable": false,"Scan Direction": "Forward","Index Name": "idx_lineitem_orderkey","Relation Name": "lineitem","Alias": "l3","Startup Cost": 0.43,"Total Cost": 1.06,"Plan Rows": 6,"Plan Width": 8,"Actual Startup Time": 0.003,"Actual Total Time": 0.003,"Actual Rows": 1,"Actual Loops": 156898,"Index Cond": "(l_orderkey = l1.l_orderkey)","Rows Removed by Index Recheck": 0,"Filter": "((l_receiptdate > l_commitdate) AND (l_suppkey <> l1.l_suppkey))","Rows Removed by Filter": 1,"Workers": []}]}]},{"Node Type": "Index Scan","Parent Relationship": "Inner","Parallel Aware": false,"Async Capable": false,"Scan Direction": "Forward","Index Name": "idx_lineitem_orderkey","Relation Name": "lineitem","Alias": "l2","Startup Cost": 0.43,"Total Cost": 1.02,"Plan Rows": 17,"Plan Width": 8,"Actual Startup Time": 0.007,"Actual Total Time": 0.007,"Actual Rows": 1,"Actual Loops": 14141,"Index Cond": "(l_orderkey = l1.l_orderkey)","Rows Removed by Index Recheck": 0,"Filter": "(l_suppkey <> l1.l_suppkey)","Rows Removed by Filter": 1}]},{"Node Type": "Index Scan","Parent Relationship": "Inner","Parallel Aware": false,"Async Capable": false,"Scan Direction": "Forward","Index Name": "orders_pkey","Relation Name": "orders","Alias": "orders","Startup Cost": 0.43,"Total Cost": 0.51,"Plan Rows": 1,"Plan Width": 4,"Actual Startup Time": 0.008,"Actual Total Time": 0.008,"Actual Rows": 0,"Actual Loops": 8468,"Index Cond": "(o_orderkey = l1.l_orderkey)","Rows Removed by Index Recheck": 0,"Filter": "(o_orderstatus = 'F'::bpchar)","Rows Removed by Filter": 1}]}]}]}]},"Planning Time": 8.601,"Triggers": [],"Execution Time": 522.197}]
[{"Plan": {"Node Type": "Sort","Parallel Aware": false,"Async Capable": false,"Startup Cost": 147378.80,"Total Cost": 147378.81,"Plan Rows": 1,"Plan Width": 34,"Actual Startup Time": 510.910,"Actual Total Time": 530.461,"Actual Rows": 420,"Actual Loops": 1,"Sort Key": ["(count(*)) DESC", "supplier.s_name"],"Sort Method": "quicksort","Sort Space Used": 57,"Sort Space Type": "Memory","Plans": [{"Node Type": "Aggregate","Strategy": "Sorted","Partial Mode": "Simple","Parent Relationship": "Outer","Parallel Aware": false,"Async Capable": false,"Startup Cost": 147378.77,"Total Cost": 147378.79,"Plan Rows": 1,"Plan Width": 34,"Actual Startup Time": 509.613,"Actual Total Time": 529.683,"Actual Rows": 420,"Actual Loops": 1,"Group Key": ["supplier.s_name"],"Plans": [{"Node Type": "Sort","Parent Relationship": "Outer","Parallel Aware": false,"Async Capable": false,"Startup Cost": 147378.77,"Total Cost": 147378.78,"Plan Rows": 1,"Plan Width": 26,"Actual Startup Time": 509.594,"Actual Total Time": 529.267,"Actual Rows": 4090,"Actual Loops": 1,"Sort Key": ["supplier.s_name"],"Sort Method": "quicksort","Sort Space Used": 384,"Sort Space Type": "Memory","Plans": [{"Node Type": "Nested Loop","Parent Relationship": "Outer","Parallel Aware": false,"Async Capable": false,"Join Type": "Inner","Startup Cost": 1250.87,"Total Cost": 147378.76,"Plan Rows": 1,"Plan Width": 26,"Actual Startup Time": 4.580,"Actual Total Time": 518.201,"Actual Rows": 4090,"Actual Loops": 1,"Inner Unique": true,"Plans": [{"Node Type": "Nested Loop","Parent Relationship": "Outer","Parallel Aware": false,"Async Capable": false,"Join Type": "Semi","Startup Cost": 1250.44,"Total Cost": 147378.26,"Plan Rows": 1,"Plan Width": 34,"Actual Startup Time": 4.545,"Actual Total Time": 454.390,"Actual Rows": 8430,"Actual Loops": 1,"Inner Unique": false,"Plans": [{"Node Type": "Gather","Parent Relationship": "Outer","Parallel Aware": false,"Async Capable": false,"Startup Cost": 1250.01,"Total Cost": 147377.22,"Plan Rows": 1,"Plan Width": 34,"Actual Startup Time": 4.342,"Actual Total Time": 344.810,"Actual Rows": 14089,"Actual Loops": 1,"Workers Planned": 4,"Workers Launched": 4,"Single Copy": false,"Plans": [{"Node Type": "Nested Loop","Parent Relationship": "Outer","Parallel Aware": false,"Async Capable": false,"Join Type": "Anti","Startup Cost": 250.01,"Total Cost": 146377.12,"Plan Rows": 1,"Plan Width": 34,"Actual Startup Time": 5.491,"Actual Total Time": 451.438,"Actual Rows": 2818,"Actual Loops": 5,"Inner Unique": false,"Workers": [],"Plans": [{"Node Type": "Hash Join","Parent Relationship": "Outer","Parallel Aware": false,"Async Capable": false,"Join Type": "Inner","Startup Cost": 249.58,"Total Cost": 133581.65,"Plan Rows": 19990,"Plan Width": 34,"Actual Startup Time": 5.196,"Actual Total Time": 357.512,"Actual Rows": 31960,"Actual Loops": 5,"Inner Unique": false,"Hash Cond": "(l1.l_suppkey = supplier.s_suppkey)","Workers": [],"Plans": [{"Node Type": "Seq Scan","Parent Relationship": "Outer","Parallel Aware": true,"Async Capable": false,"Relation Name": "lineitem","Alias": "l1","Startup Cost": 0.00,"Total Cost": 131256.80,"Plan Rows": 500101,"Plan Width": 8,"Actual Startup Time": 0.027,"Actual Total Time": 305.923,"Actual Rows": 758659,"Actual Loops": 5,"Filter": "(l_receiptdate > l_commitdate)","Rows Removed by Filter": 441584,"Workers": []},{"Node Type": "Hash","Parent Relationship": "Inner","Parallel Aware": false,"Async Capable": false,"Startup Cost": 244.58,"Total Cost": 244.58,"Plan Rows": 400,"Plan Width": 30,"Actual Startup Time": 4.831,"Actual Total Time": 4.844,"Actual Rows": 420,"Actual Loops": 5,"Hash Buckets": 1024,"Original Hash Buckets": 1024,"Hash Batches": 1,"Original Hash Batches": 1,"Peak Memory Usage": 35,"Workers": [],"Plans": [{"Node Type": "Nested Loop","Parent Relationship": "Outer","Parallel Aware": false,"Async Capable": false,"Join Type": "Inner","Startup Cost": 7.38,"Total Cost": 244.58,"Plan Rows": 400,"Plan Width": 30,"Actual Startup Time": 0.275,"Actual Total Time": 4.655,"Actual Rows": 420,"Actual Loops": 5,"Inner Unique": false,"Workers": [],"Plans": [{"Node Type": "Seq Scan","Parent Relationship": "Outer","Parallel Aware": false,"Async Capable": false,"Relation Name": "nation","Alias": "nation","Startup Cost": 0.00,"Total Cost": 1.31,"Plan Rows": 1,"Plan Width": 4,"Actual Startup Time": 0.047,"Actual Total Time": 0.057,"Actual Rows": 1,"Actual Loops": 5,"Filter": "(n_name = 'ALGERIA'::bpchar)","Rows Removed by Filter": 24,"Workers": []},{"Node Type": "Bitmap Heap Scan","Parent Relationship": "Inner","Parallel Aware": false,"Async Capable": false,"Relation Name": "supplier","Alias": "supplier","Startup Cost": 7.38,"Total Cost": 239.27,"Plan Rows": 400,"Plan Width": 34,"Actual Startup Time": 0.222,"Actual Total Time": 4.505,"Actual Rows": 420,"Actual Loops": 5,"Recheck Cond": "(s_nationkey = nation.n_nationkey)","Rows Removed by Index Recheck": 0,"Exact Heap Blocks": 197,"Lossy Heap Blocks": 0,"Workers": [],"Plans": [{"Node Type": "Bitmap Index Scan","Parent Relationship": "Outer","Parallel Aware": false,"Async Capable": false,"Index Name": "idx_supplier_nation_key","Startup Cost": 0.00,"Total Cost": 7.29,"Plan Rows": 400,"Plan Width": 0,"Actual Startup Time": 0.137,"Actual Total Time": 0.140,"Actual Rows": 420,"Actual Loops": 5,"Index Cond": "(s_nationkey = nation.n_nationkey)","Workers": []}]}]}]}]},{"Node Type": "Index Scan","Parent Relationship": "Inner","Parallel Aware": false,"Async Capable": false,"Scan Direction": "Forward","Index Name": "idx_lineitem_orderkey","Relation Name": "lineitem","Alias": "l3","Startup Cost": 0.43,"Total Cost": 1.06,"Plan Rows": 6,"Plan Width": 8,"Actual Startup Time": 0.003,"Actual Total Time": 0.003,"Actual Rows": 1,"Actual Loops": 159800,"Index Cond": "(l_orderkey = l1.l_orderkey)","Rows Removed by Index Recheck": 0,"Filter": "((l_receiptdate > l_commitdate) AND (l_suppkey <> l1.l_suppkey))","Rows Removed by Filter": 1,"Workers": []}]}]},{"Node Type": "Index Scan","Parent Relationship": "Inner","Parallel Aware": false,"Async Capable": false,"Scan Direction": "Forward","Index Name": "idx_lineitem_orderkey","Relation Name": "lineitem","Alias": "l2","Startup Cost": 0.43,"Total Cost": 1.02,"Plan Rows": 17,"Plan Width": 8,"Actual Startup Time": 0.007,"Actual Total Time": 0.007,"Actual Rows": 1,"Actual Loops": 14089,"Index Cond": "(l_orderkey = l1.l_orderkey)","Rows Removed by Index Recheck": 0,"Filter": "(l_suppkey <> l1.l_suppkey)","Rows Removed by Filter": 1}]},{"Node Type": "Index Scan","Parent Relationship": "Inner","Parallel Aware": false,"Async Capable": false,"Scan Direction": "Forward","Index Name": "orders_pkey","Relation Name": "orders","Alias": "orders","Startup Cost": 0.43,"Total Cost": 0.51,"Plan Rows": 1,"Plan Width": 4,"Actual Startup Time": 0.007,"Actual Total Time": 0.007,"Actual Rows": 0,"Actual Loops": 8430,"Index Cond": "(o_orderkey = l1.l_orderkey)","Rows Removed by Index Recheck": 0,"Filter": "(o_orderstatus = 'F'::bpchar)","Rows Removed by Filter": 1}]}]}]}]},"Planning Time": 9.770,"Triggers": [],"Execution Time": 531.084}]
[{"Plan": {"Node Type": "Sort","Parallel Aware": false,"Async Capable": false,"Startup Cost": 147378.80,"Total Cost": 147378.81,"Plan Rows": 1,"Plan Width": 34,"Actual Startup Time": 500.185,"Actual Total Time": 519.970,"Actual Rows": 396,"Actual Loops": 1,"Sort Key": ["(count(*)) DESC", "supplier.s_name"],"Sort Method": "quicksort","Sort Space Used": 55,"Sort Space Type": "Memory","Plans": [{"Node Type": "Aggregate","Strategy": "Sorted","Partial Mode": "Simple","Parent Relationship": "Outer","Parallel Aware": false,"Async Capable": false,"Startup Cost": 147378.77,"Total Cost": 147378.79,"Plan Rows": 1,"Plan Width": 34,"Actual Startup Time": 498.969,"Actual Total Time": 519.272,"Actual Rows": 396,"Actual Loops": 1,"Group Key": ["supplier.s_name"],"Plans": [{"Node Type": "Sort","Parent Relationship": "Outer","Parallel Aware": false,"Async Capable": false,"Startup Cost": 147378.77,"Total Cost": 147378.78,"Plan Rows": 1,"Plan Width": 26,"Actual Startup Time": 498.950,"Actual Total Time": 518.863,"Actual Rows": 3935,"Actual Loops": 1,"Sort Key": ["supplier.s_name"],"Sort Method": "quicksort","Sort Space Used": 373,"Sort Space Type": "Memory","Plans": [{"Node Type": "Nested Loop","Parent Relationship": "Outer","Parallel Aware": false,"Async Capable": false,"Join Type": "Inner","Startup Cost": 1250.87,"Total Cost": 147378.76,"Plan Rows": 1,"Plan Width": 26,"Actual Startup Time": 5.056,"Actual Total Time": 508.223,"Actual Rows": 3935,"Actual Loops": 1,"Inner Unique": true,"Plans": [{"Node Type": "Nested Loop","Parent Relationship": "Outer","Parallel Aware": false,"Async Capable": false,"Join Type": "Semi","Startup Cost": 1250.44,"Total Cost": 147378.26,"Plan Rows": 1,"Plan Width": 34,"Actual Startup Time": 5.029,"Actual Total Time": 447.558,"Actual Rows": 8035,"Actual Loops": 1,"Inner Unique": false,"Plans": [{"Node Type": "Gather","Parent Relationship": "Outer","Parallel Aware": false,"Async Capable": false,"Startup Cost": 1250.01,"Total Cost": 147377.22,"Plan Rows": 1,"Plan Width": 34,"Actual Startup Time": 4.623,"Actual Total Time": 341.887,"Actual Rows": 13450,"Actual Loops": 1,"Workers Planned": 4,"Workers Launched": 4,"Single Copy": false,"Plans": [{"Node Type": "Nested Loop","Parent Relationship": "Outer","Parallel Aware": false,"Async Capable": false,"Join Type": "Anti","Startup Cost": 250.01,"Total Cost": 146377.12,"Plan Rows": 1,"Plan Width": 34,"Actual Startup Time": 4.632,"Actual Total Time": 442.832,"Actual Rows": 2690,"Actual Loops": 5,"Inner Unique": false,"Workers": [],"Plans": [{"Node Type": "Hash Join","Parent Relationship": "Outer","Parallel Aware": false,"Async Capable": false,"Join Type": "Inner","Startup Cost": 249.58,"Total Cost": 133581.65,"Plan Rows": 19990,"Plan Width": 34,"Actual Startup Time": 4.440,"Actual Total Time": 353.938,"Actual Rows": 30159,"Actual Loops": 5,"Inner Unique": false,"Hash Cond": "(l1.l_suppkey = supplier.s_suppkey)","Workers": [],"Plans": [{"Node Type": "Seq Scan","Parent Relationship": "Outer","Parallel Aware": true,"Async Capable": false,"Relation Name": "lineitem","Alias": "l1","Startup Cost": 0.00,"Total Cost": 131256.80,"Plan Rows": 500101,"Plan Width": 8,"Actual Startup Time": 0.027,"Actual Total Time": 302.537,"Actual Rows": 758659,"Actual Loops": 5,"Filter": "(l_receiptdate > l_commitdate)","Rows Removed by Filter": 441584,"Workers": []},{"Node Type": "Hash","Parent Relationship": "Inner","Parallel Aware": false,"Async Capable": false,"Startup Cost": 244.58,"Total Cost": 244.58,"Plan Rows": 400,"Plan Width": 30,"Actual Startup Time": 4.114,"Actual Total Time": 4.124,"Actual Rows": 396,"Actual Loops": 5,"Hash Buckets": 1024,"Original Hash Buckets": 1024,"Hash Batches": 1,"Original Hash Batches": 1,"Peak Memory Usage": 33,"Workers": [],"Plans": [{"Node Type": "Nested Loop","Parent Relationship": "Outer","Parallel Aware": false,"Async Capable": false,"Join Type": "Inner","Startup Cost": 7.38,"Total Cost": 244.58,"Plan Rows": 400,"Plan Width": 30,"Actual Startup Time": 0.301,"Actual Total Time": 3.971,"Actual Rows": 396,"Actual Loops": 5,"Inner Unique": false,"Workers": [],"Plans": [{"Node Type": "Seq Scan","Parent Relationship": "Outer","Parallel Aware": false,"Async Capable": false,"Relation Name": "nation","Alias": "nation","Startup Cost": 0.00,"Total Cost": 1.31,"Plan Rows": 1,"Plan Width": 4,"Actual Startup Time": 0.063,"Actual Total Time": 0.068,"Actual Rows": 1,"Actual Loops": 5,"Filter": "(n_name = 'GERMANY'::bpchar)","Rows Removed by Filter": 24,"Workers": []},{"Node Type": "Bitmap Heap Scan","Parent Relationship": "Inner","Parallel Aware": false,"Async Capable": false,"Relation Name": "supplier","Alias": "supplier","Startup Cost": 7.38,"Total Cost": 239.27,"Plan Rows": 400,"Plan Width": 34,"Actual Startup Time": 0.232,"Actual Total Time": 3.829,"Actual Rows": 396,"Actual Loops": 5,"Recheck Cond": "(s_nationkey = nation.n_nationkey)","Rows Removed by Index Recheck": 0,"Exact Heap Blocks": 191,"Lossy Heap Blocks": 0,"Workers": [],"Plans": [{"Node Type": "Bitmap Index Scan","Parent Relationship": "Outer","Parallel Aware": false,"Async Capable": false,"Index Name": "idx_supplier_nation_key","Startup Cost": 0.00,"Total Cost": 7.29,"Plan Rows": 400,"Plan Width": 0,"Actual Startup Time": 0.147,"Actual Total Time": 0.148,"Actual Rows": 396,"Actual Loops": 5,"Index Cond": "(s_nationkey = nation.n_nationkey)","Workers": []}]}]}]}]},{"Node Type": "Index Scan","Parent Relationship": "Inner","Parallel Aware": false,"Async Capable": false,"Scan Direction": "Forward","Index Name": "idx_lineitem_orderkey","Relation Name": "lineitem","Alias": "l3","Startup Cost": 0.43,"Total Cost": 1.06,"Plan Rows": 6,"Plan Width": 8,"Actual Startup Time": 0.003,"Actual Total Time": 0.003,"Actual Rows": 1,"Actual Loops": 150794,"Index Cond": "(l_orderkey = l1.l_orderkey)","Rows Removed by Index Recheck": 0,"Filter": "((l_receiptdate > l_commitdate) AND (l_suppkey <> l1.l_suppkey))","Rows Removed by Filter": 1,"Workers": []}]}]},{"Node Type": "Index Scan","Parent Relationship": "Inner","Parallel Aware": false,"Async Capable": false,"Scan Direction": "Forward","Index Name": "idx_lineitem_orderkey","Relation Name": "lineitem","Alias": "l2","Startup Cost": 0.43,"Total Cost": 1.02,"Plan Rows": 17,"Plan Width": 8,"Actual Startup Time": 0.007,"Actual Total Time": 0.007,"Actual Rows": 1,"Actual Loops": 13450,"Index Cond": "(l_orderkey = l1.l_orderkey)","Rows Removed by Index Recheck": 0,"Filter": "(l_suppkey <> l1.l_suppkey)","Rows Removed by Filter": 1}]},{"Node Type": "Index Scan","Parent Relationship": "Inner","Parallel Aware": false,"Async Capable": false,"Scan Direction": "Forward","Index Name": "orders_pkey","Relation Name": "orders","Alias": "orders","Startup Cost": 0.43,"Total Cost": 0.51,"Plan Rows": 1,"Plan Width": 4,"Actual Startup Time": 0.007,"Actual Total Time": 0.007,"Actual Rows": 0,"Actual Loops": 8035,"Index Cond": "(o_orderkey = l1.l_orderkey)","Rows Removed by Index Recheck": 0,"Filter": "(o_orderstatus = 'F'::bpchar)","Rows Removed by Filter": 1}]}]}]}]},"Planning Time": 8.500,"Triggers": [],"Execution Time": 520.683}]
[{"Plan": {"Node Type": "Sort","Parallel Aware": false,"Async Capable": false,"Startup Cost": 147378.80,"Total Cost": 147378.81,"Plan Rows": 1,"Plan Width": 34,"Actual Startup Time": 499.004,"Actual Total Time": 520.055,"Actual Rows": 399,"Actual Loops": 1,"Sort Key": ["(count(*)) DESC", "supplier.s_name"],"Sort Method": "quicksort","Sort Space Used": 56,"Sort Space Type": "Memory","Plans": [{"Node Type": "Aggregate","Strategy": "Sorted","Partial Mode": "Simple","Parent Relationship": "Outer","Parallel Aware": false,"Async Capable": false,"Startup Cost": 147378.77,"Total Cost": 147378.79,"Plan Rows": 1,"Plan Width": 34,"Actual Startup Time": 497.768,"Actual Total Time": 519.326,"Actual Rows": 399,"Actual Loops": 1,"Group Key": ["supplier.s_name"],"Plans": [{"Node Type": "Sort","Parent Relationship": "Outer","Parallel Aware": false,"Async Capable": false,"Startup Cost": 147378.77,"Total Cost": 147378.78,"Plan Rows": 1,"Plan Width": 26,"Actual Startup Time": 497.754,"Actual Total Time": 518.925,"Actual Rows": 3901,"Actual Loops": 1,"Sort Key": ["supplier.s_name"],"Sort Method": "quicksort","Sort Space Used": 371,"Sort Space Type": "Memory","Plans": [{"Node Type": "Nested Loop","Parent Relationship": "Outer","Parallel Aware": false,"Async Capable": false,"Join Type": "Inner","Startup Cost": 1250.87,"Total Cost": 147378.76,"Plan Rows": 1,"Plan Width": 26,"Actual Startup Time": 5.425,"Actual Total Time": 507.475,"Actual Rows": 3901,"Actual Loops": 1,"Inner Unique": true,"Plans": [{"Node Type": "Nested Loop","Parent Relationship": "Outer","Parallel Aware": false,"Async Capable": false,"Join Type": "Semi","Startup Cost": 1250.44,"Total Cost": 147378.26,"Plan Rows": 1,"Plan Width": 34,"Actual Startup Time": 5.049,"Actual Total Time": 443.858,"Actual Rows": 7909,"Actual Loops": 1,"Inner Unique": false,"Plans": [{"Node Type": "Gather","Parent Relationship": "Outer","Parallel Aware": false,"Async Capable": false,"Startup Cost": 1250.01,"Total Cost": 147377.22,"Plan Rows": 1,"Plan Width": 34,"Actual Startup Time": 4.716,"Actual Total Time": 337.054,"Actual Rows": 13313,"Actual Loops": 1,"Workers Planned": 4,"Workers Launched": 4,"Single Copy": false,"Plans": [{"Node Type": "Nested Loop","Parent Relationship": "Outer","Parallel Aware": false,"Async Capable": false,"Join Type": "Anti","Startup Cost": 250.01,"Total Cost": 146377.12,"Plan Rows": 1,"Plan Width": 34,"Actual Startup Time": 4.762,"Actual Total Time": 442.169,"Actual Rows": 2663,"Actual Loops": 5,"Inner Unique": false,"Workers": [],"Plans": [{"Node Type": "Hash Join","Parent Relationship": "Outer","Parallel Aware": false,"Async Capable": false,"Join Type": "Inner","Startup Cost": 249.58,"Total Cost": 133581.65,"Plan Rows": 19990,"Plan Width": 34,"Actual Startup Time": 4.517,"Actual Total Time": 353.941,"Actual Rows": 30247,"Actual Loops": 5,"Inner Unique": false,"Hash Cond": "(l1.l_suppkey = supplier.s_suppkey)","Workers": [],"Plans": [{"Node Type": "Seq Scan","Parent Relationship": "Outer","Parallel Aware": true,"Async Capable": false,"Relation Name": "lineitem","Alias": "l1","Startup Cost": 0.00,"Total Cost": 131256.80,"Plan Rows": 500101,"Plan Width": 8,"Actual Startup Time": 0.021,"Actual Total Time": 302.084,"Actual Rows": 758659,"Actual Loops": 5,"Filter": "(l_receiptdate > l_commitdate)","Rows Removed by Filter": 441584,"Workers": []},{"Node Type": "Hash","Parent Relationship": "Inner","Parallel Aware": false,"Async Capable": false,"Startup Cost": 244.58,"Total Cost": 244.58,"Plan Rows": 400,"Plan Width": 30,"Actual Startup Time": 4.286,"Actual Total Time": 4.296,"Actual Rows": 399,"Actual Loops": 5,"Hash Buckets": 1024,"Original Hash Buckets": 1024,"Hash Batches": 1,"Original Hash Batches": 1,"Peak Memory Usage": 33,"Workers": [],"Plans": [{"Node Type": "Nested Loop","Parent Relationship": "Outer","Parallel Aware": false,"Async Capable": false,"Join Type": "Inner","Startup Cost": 7.38,"Total Cost": 244.58,"Plan Rows": 400,"Plan Width": 30,"Actual Startup Time": 0.243,"Actual Total Time": 4.128,"Actual Rows": 399,"Actual Loops": 5,"Inner Unique": false,"Workers": [],"Plans": [{"Node Type": "Seq Scan","Parent Relationship": "Outer","Parallel Aware": false,"Async Capable": false,"Relation Name": "nation","Alias": "nation","Startup Cost": 0.00,"Total Cost": 1.31,"Plan Rows": 1,"Plan Width": 4,"Actual Startup Time": 0.049,"Actual Total Time": 0.051,"Actual Rows": 1,"Actual Loops": 5,"Filter": "(n_name = 'VIETNAM'::bpchar)","Rows Removed by Filter": 24,"Workers": []},{"Node Type": "Bitmap Heap Scan","Parent Relationship": "Inner","Parallel Aware": false,"Async Capable": false,"Relation Name": "supplier","Alias": "supplier","Startup Cost": 7.38,"Total Cost": 239.27,"Plan Rows": 400,"Plan Width": 34,"Actual Startup Time": 0.189,"Actual Total Time": 4.007,"Actual Rows": 399,"Actual Loops": 5,"Recheck Cond": "(s_nationkey = nation.n_nationkey)","Rows Removed by Index Recheck": 0,"Exact Heap Blocks": 191,"Lossy Heap Blocks": 0,"Workers": [],"Plans": [{"Node Type": "Bitmap Index Scan","Parent Relationship": "Outer","Parallel Aware": false,"Async Capable": false,"Index Name": "idx_supplier_nation_key","Startup Cost": 0.00,"Total Cost": 7.29,"Plan Rows": 400,"Plan Width": 0,"Actual Startup Time": 0.123,"Actual Total Time": 0.125,"Actual Rows": 399,"Actual Loops": 5,"Index Cond": "(s_nationkey = nation.n_nationkey)","Workers": []}]}]}]}]},{"Node Type": "Index Scan","Parent Relationship": "Inner","Parallel Aware": false,"Async Capable": false,"Scan Direction": "Forward","Index Name": "idx_lineitem_orderkey","Relation Name": "lineitem","Alias": "l3","Startup Cost": 0.43,"Total Cost": 1.06,"Plan Rows": 6,"Plan Width": 8,"Actual Startup Time": 0.003,"Actual Total Time": 0.003,"Actual Rows": 1,"Actual Loops": 151237,"Index Cond": "(l_orderkey = l1.l_orderkey)","Rows Removed by Index Recheck": 0,"Filter": "((l_receiptdate > l_commitdate) AND (l_suppkey <> l1.l_suppkey))","Rows Removed by Filter": 1,"Workers": []}]}]},{"Node Type": "Index Scan","Parent Relationship": "Inner","Parallel Aware": false,"Async Capable": false,"Scan Direction": "Forward","Index Name": "idx_lineitem_orderkey","Relation Name": "lineitem","Alias": "l2","Startup Cost": 0.43,"Total Cost": 1.02,"Plan Rows": 17,"Plan Width": 8,"Actual Startup Time": 0.008,"Actual Total Time": 0.008,"Actual Rows": 1,"Actual Loops": 13313,"Index Cond": "(l_orderkey = l1.l_orderkey)","Rows Removed by Index Recheck": 0,"Filter": "(l_suppkey <> l1.l_suppkey)","Rows Removed by Filter": 1}]},{"Node Type": "Index Scan","Parent Relationship": "Inner","Parallel Aware": false,"Async Capable": false,"Scan Direction": "Forward","Index Name": "orders_pkey","Relation Name": "orders","Alias": "orders","Startup Cost": 0.43,"Total Cost": 0.51,"Plan Rows": 1,"Plan Width": 4,"Actual Startup Time": 0.008,"Actual Total Time": 0.008,"Actual Rows": 0,"Actual Loops": 7909,"Index Cond": "(o_orderkey = l1.l_orderkey)","Rows Removed by Index Recheck": 0,"Filter": "(o_orderstatus = 'F'::bpchar)","Rows Removed by Filter": 1}]}]}]}]},"Planning Time": 9.630,"Triggers": [],"Execution Time": 520.585}]
[{"Plan": {"Node Type": "Sort","Parallel Aware": false,"Async Capable": false,"Startup Cost": 147378.80,"Total Cost": 147378.81,"Plan Rows": 1,"Plan Width": 34,"Actual Startup Time": 499.004,"Actual Total Time": 520.055,"Actual Rows": 399,"Actual Loops": 1,"Sort Key": ["(count(*)) DESC", "supplier.s_name"],"Sort Method": "quicksort","Sort Space Used": 56,"Sort Space Type": "Memory","Plans": [{"Node Type": "Aggregate","Strategy": "Sorted","Partial Mode": "Simple","Parent Relationship": "Outer","Parallel Aware": false,"Async Capable": false,"Startup Cost": 147378.77,"Total Cost": 147378.79,"Plan Rows": 1,"Plan Width": 34,"Actual Startup Time": 497.768,"Actual Total Time": 519.326,"Actual Rows": 399,"Actual Loops": 1,"Group Key": ["supplier.s_name"],"Plans": [{"Node Type": "Sort","Parent Relationship": "Outer","Parallel Aware": false,"Async Capable": false,"Startup Cost": 147378.77,"Total Cost": 147378.78,"Plan Rows": 1,"Plan Width": 26,"Actual Startup Time": 497.754,"Actual Total Time": 518.925,"Actual Rows": 3901,"Actual Loops": 1,"Sort Key": ["supplier.s_name"],"Sort Method": "quicksort","Sort Space Used": 371,"Sort Space Type": "Memory","Plans": [{"Node Type": "Nested Loop","Parent Relationship": "Outer","Parallel Aware": false,"Async Capable": false,"Join Type": "Inner","Startup Cost": 1250.87,"Total Cost": 147378.76,"Plan Rows": 1,"Plan Width": 26,"Actual Startup Time": 5.425,"Actual Total Time": 507.475,"Actual Rows": 3901,"Actual Loops": 1,"Inner Unique": true,"Plans": [{"Node Type": "Nested Loop","Parent Relationship": "Outer","Parallel Aware": false,"Async Capable": false,"Join Type": "Semi","Startup Cost": 1250.44,"Total Cost": 147378.26,"Plan Rows": 1,"Plan Width": 34,"Actual Startup Time": 5.049,"Actual Total Time": 443.858,"Actual Rows": 7909,"Actual Loops": 1,"Inner Unique": false,"Plans": [{"Node Type": "Gather","Parent Relationship": "Outer","Parallel Aware": false,"Async Capable": false,"Startup Cost": 1250.01,"Total Cost": 147377.22,"Plan Rows": 1,"Plan Width": 34,"Actual Startup Time": 4.716,"Actual Total Time": 337.054,"Actual Rows": 13313,"Actual Loops": 1,"Workers Planned": 4,"Workers Launched": 4,"Single Copy": false,"Plans": [{"Node Type": "Nested Loop","Parent Relationship": "Outer","Parallel Aware": false,"Async Capable": false,"Join Type": "Anti","Startup Cost": 250.01,"Total Cost": 146377.12,"Plan Rows": 1,"Plan Width": 34,"Actual Startup Time": 4.762,"Actual Total Time": 442.169,"Actual Rows": 2663,"Actual Loops": 5,"Inner Unique": false,"Workers": [],"Plans": [{"Node Type": "Hash Join","Parent Relationship": "Outer","Parallel Aware": false,"Async Capable": false,"Join Type": "Inner","Startup Cost": 249.58,"Total Cost": 133581.65,"Plan Rows": 19990,"Plan Width": 34,"Actual Startup Time": 4.517,"Actual Total Time": 353.941,"Actual Rows": 30247,"Actual Loops": 5,"Inner Unique": false,"Hash Cond": "(l1.l_suppkey = supplier.s_suppkey)","Workers": [],"Plans": [{"Node Type": "Seq Scan","Parent Relationship": "Outer","Parallel Aware": true,"Async Capable": false,"Relation Name": "lineitem","Alias": "l1","Startup Cost": 0.00,"Total Cost": 131256.80,"Plan Rows": 500101,"Plan Width": 8,"Actual Startup Time": 0.021,"Actual Total Time": 302.084,"Actual Rows": 758659,"Actual Loops": 5,"Filter": "(l_receiptdate > l_commitdate)","Rows Removed by Filter": 441584,"Workers": []},{"Node Type": "Hash","Parent Relationship": "Inner","Parallel Aware": false,"Async Capable": false,"Startup Cost": 244.58,"Total Cost": 244.58,"Plan Rows": 400,"Plan Width": 30,"Actual Startup Time": 4.286,"Actual Total Time": 4.296,"Actual Rows": 399,"Actual Loops": 5,"Hash Buckets": 1024,"Original Hash Buckets": 1024,"Hash Batches": 1,"Original Hash Batches": 1,"Peak Memory Usage": 33,"Workers": [],"Plans": [{"Node Type": "Nested Loop","Parent Relationship": "Outer","Parallel Aware": false,"Async Capable": false,"Join Type": "Inner","Startup Cost": 7.38,"Total Cost": 244.58,"Plan Rows": 400,"Plan Width": 30,"Actual Startup Time": 0.243,"Actual Total Time": 4.128,"Actual Rows": 399,"Actual Loops": 5,"Inner Unique": false,"Workers": [],"Plans": [{"Node Type": "Seq Scan","Parent Relationship": "Outer","Parallel Aware": false,"Async Capable": false,"Relation Name": "nation","Alias": "nation","Startup Cost": 0.00,"Total Cost": 1.31,"Plan Rows": 1,"Plan Width": 4,"Actual Startup Time": 0.049,"Actual Total Time": 0.051,"Actual Rows": 1,"Actual Loops": 5,"Filter": "(n_name = 'VIETNAM'::bpchar)","Rows Removed by Filter": 24,"Workers": []},{"Node Type": "Bitmap Heap Scan","Parent Relationship": "Inner","Parallel Aware": false,"Async Capable": false,"Relation Name": "supplier","Alias": "supplier","Startup Cost": 7.38,"Total Cost": 239.27,"Plan Rows": 400,"Plan Width": 34,"Actual Startup Time": 0.189,"Actual Total Time": 4.007,"Actual Rows": 399,"Actual Loops": 5,"Recheck Cond": "(s_nationkey = nation.n_nationkey)","Rows Removed by Index Recheck": 0,"Exact Heap Blocks": 191,"Lossy Heap Blocks": 0,"Workers": [],"Plans": [{"Node Type": "Bitmap Index Scan","Parent Relationship": "Outer","Parallel Aware": false,"Async Capable": false,"Index Name": "idx_supplier_nation_key","Startup Cost": 0.00,"Total Cost": 7.29,"Plan Rows": 400,"Plan Width": 0,"Actual Startup Time": 0.123,"Actual Total Time": 0.125,"Actual Rows": 399,"Actual Loops": 5,"Index Cond": "(s_nationkey = nation.n_nationkey)","Workers": []}]}]}]}]},{"Node Type": "Index Scan","Parent Relationship": "Inner","Parallel Aware": false,"Async Capable": false,"Scan Direction": "Forward","Index Name": "idx_lineitem_orderkey","Relation Name": "lineitem","Alias": "l3","Startup Cost": 0.43,"Total Cost": 1.06,"Plan Rows": 6,"Plan Width": 8,"Actual Startup Time": 0.003,"Actual Total Time": 0.003,"Actual Rows": 1,"Actual Loops": 151237,"Index Cond": "(l_orderkey = l1.l_orderkey)","Rows Removed by Index Recheck": 0,"Filter": "((l_receiptdate > l_commitdate) AND (l_suppkey <> l1.l_suppkey))","Rows Removed by Filter": 1,"Workers": []}]}]},{"Node Type": "Index Scan","Parent Relationship": "Inner","Parallel Aware": false,"Async Capable": false,"Scan Direction": "Forward","Index Name": "idx_lineitem_orderkey","Relation Name": "lineitem","Alias": "l2","Startup Cost": 0.43,"Total Cost": 1.02,"Plan Rows": 17,"Plan Width": 8,"Actual Startup Time": 0.008,"Actual Total Time": 0.008,"Actual Rows": 1,"Actual Loops": 13313,"Index Cond": "(l_orderkey = l1.l_orderkey)","Rows Removed by Index Recheck": 0,"Filter": "(l_suppkey <> l1.l_suppkey)","Rows Removed by Filter": 1}]},{"Node Type": "Index Scan","Parent Relationship": "Inner","Parallel Aware": false,"Async Capable": false,"Scan Direction": "Forward","Index Name": "orders_pkey","Relation Name": "orders","Alias": "orders","Startup Cost": 0.43,"Total Cost": 0.51,"Plan Rows": 1,"Plan Width": 4,"Actual Startup Time": 0.008,"Actual Total Time": 0.008,"Actual Rows": 0,"Actual Loops": 7909,"Index Cond": "(o_orderkey = l1.l_orderkey)","Rows Removed by Index Recheck": 0,"Filter": "(o_orderstatus = 'F'::bpchar)","Rows Removed by Filter": 1}]}]}]}]},"Planning Time": 9.630,"Triggers": [],"Execution Time": 520.585}]
[{"Plan": {"Node Type": "Sort","Parallel Aware": false,"Async Capable": false,"Startup Cost": 147378.80,"Total Cost": 147378.81,"Plan Rows": 1,"Plan Width": 34,"Actual Startup Time": 509.264,"Actual Total Time": 527.696,"Actual Rows": 421,"Actual Loops": 1,"Sort Key": ["(count(*)) DESC", "supplier.s_name"],"Sort Method": "quicksort","Sort Space Used": 57,"Sort Space Type": "Memory","Plans": [{"Node Type": "Aggregate","Strategy": "Sorted","Partial Mode": "Simple","Parent Relationship": "Outer","Parallel Aware": false,"Async Capable": false,"Startup Cost": 147378.77,"Total Cost": 147378.79,"Plan Rows": 1,"Plan Width": 34,"Actual Startup Time": 507.941,"Actual Total Time": 526.990,"Actual Rows": 421,"Actual Loops": 1,"Group Key": ["supplier.s_name"],"Plans": [{"Node Type": "Sort","Parent Relationship": "Outer","Parallel Aware": false,"Async Capable": false,"Startup Cost": 147378.77,"Total Cost": 147378.78,"Plan Rows": 1,"Plan Width": 26,"Actual Startup Time": 507.919,"Actual Total Time": 526.540,"Actual Rows": 4227,"Actual Loops": 1,"Sort Key": ["supplier.s_name"],"Sort Method": "quicksort","Sort Space Used": 490,"Sort Space Type": "Memory","Plans": [{"Node Type": "Nested Loop","Parent Relationship": "Outer","Parallel Aware": false,"Async Capable": false,"Join Type": "Inner","Startup Cost": 1250.87,"Total Cost": 147378.76,"Plan Rows": 1,"Plan Width": 26,"Actual Startup Time": 5.396,"Actual Total Time": 515.076,"Actual Rows": 4227,"Actual Loops": 1,"Inner Unique": true,"Plans": [{"Node Type": "Nested Loop","Parent Relationship": "Outer","Parallel Aware": false,"Async Capable": false,"Join Type": "Semi","Startup Cost": 1250.44,"Total Cost": 147378.26,"Plan Rows": 1,"Plan Width": 34,"Actual Startup Time": 5.356,"Actual Total Time": 448.186,"Actual Rows": 8678,"Actual Loops": 1,"Inner Unique": false,"Plans": [{"Node Type": "Gather","Parent Relationship": "Outer","Parallel Aware": false,"Async Capable": false,"Startup Cost": 1250.01,"Total Cost": 147377.22,"Plan Rows": 1,"Plan Width": 34,"Actual Startup Time": 5.315,"Actual Total Time": 333.619,"Actual Rows": 14289,"Actual Loops": 1,"Workers Planned": 4,"Workers Launched": 4,"Single Copy": false,"Plans": [{"Node Type": "Nested Loop","Parent Relationship": "Outer","Parallel Aware": false,"Async Capable": false,"Join Type": "Anti","Startup Cost": 250.01,"Total Cost": 146377.12,"Plan Rows": 1,"Plan Width": 34,"Actual Startup Time": 5.155,"Actual Total Time": 447.803,"Actual Rows": 2858,"Actual Loops": 5,"Inner Unique": false,"Workers": [],"Plans": [{"Node Type": "Hash Join","Parent Relationship": "Outer","Parallel Aware": false,"Async Capable": false,"Join Type": "Inner","Startup Cost": 249.58,"Total Cost": 133581.65,"Plan Rows": 19990,"Plan Width": 34,"Actual Startup Time": 4.679,"Actual Total Time": 355.100,"Actual Rows": 31833,"Actual Loops": 5,"Inner Unique": false,"Hash Cond": "(l1.l_suppkey = supplier.s_suppkey)","Workers": [],"Plans": [{"Node Type": "Seq Scan","Parent Relationship": "Outer","Parallel Aware": true,"Async Capable": false,"Relation Name": "lineitem","Alias": "l1","Startup Cost": 0.00,"Total Cost": 131256.80,"Plan Rows": 500101,"Plan Width": 8,"Actual Startup Time": 0.028,"Actual Total Time": 302.880,"Actual Rows": 758659,"Actual Loops": 5,"Filter": "(l_receiptdate > l_commitdate)","Rows Removed by Filter": 441584,"Workers": []},{"Node Type": "Hash","Parent Relationship": "Inner","Parallel Aware": false,"Async Capable": false,"Startup Cost": 244.58,"Total Cost": 244.58,"Plan Rows": 400,"Plan Width": 30,"Actual Startup Time": 4.328,"Actual Total Time": 4.340,"Actual Rows": 421,"Actual Loops": 5,"Hash Buckets": 1024,"Original Hash Buckets": 1024,"Hash Batches": 1,"Original Hash Batches": 1,"Peak Memory Usage": 35,"Workers": [],"Plans": [{"Node Type": "Nested Loop","Parent Relationship": "Outer","Parallel Aware": false,"Async Capable": false,"Join Type": "Inner","Startup Cost": 7.38,"Total Cost": 244.58,"Plan Rows": 400,"Plan Width": 30,"Actual Startup Time": 0.319,"Actual Total Time": 4.167,"Actual Rows": 421,"Actual Loops": 5,"Inner Unique": false,"Workers": [],"Plans": [{"Node Type": "Seq Scan","Parent Relationship": "Outer","Parallel Aware": false,"Async Capable": false,"Relation Name": "nation","Alias": "nation","Startup Cost": 0.00,"Total Cost": 1.31,"Plan Rows": 1,"Plan Width": 4,"Actual Startup Time": 0.061,"Actual Total Time": 0.065,"Actual Rows": 1,"Actual Loops": 5,"Filter": "(n_name = 'PERU'::bpchar)","Rows Removed by Filter": 24,"Workers": []},{"Node Type": "Bitmap Heap Scan","Parent Relationship": "Inner","Parallel Aware": false,"Async Capable": false,"Relation Name": "supplier","Alias": "supplier","Startup Cost": 7.38,"Total Cost": 239.27,"Plan Rows": 400,"Plan Width": 34,"Actual Startup Time": 0.253,"Actual Total Time": 4.010,"Actual Rows": 421,"Actual Loops": 5,"Recheck Cond": "(s_nationkey = nation.n_nationkey)","Rows Removed by Index Recheck": 0,"Exact Heap Blocks": 187,"Lossy Heap Blocks": 0,"Workers": [],"Plans": [{"Node Type": "Bitmap Index Scan","Parent Relationship": "Outer","Parallel Aware": false,"Async Capable": false,"Index Name": "idx_supplier_nation_key","Startup Cost": 0.00,"Total Cost": 7.29,"Plan Rows": 400,"Plan Width": 0,"Actual Startup Time": 0.167,"Actual Total Time": 0.169,"Actual Rows": 421,"Actual Loops": 5,"Index Cond": "(s_nationkey = nation.n_nationkey)","Workers": []}]}]}]}]},{"Node Type": "Index Scan","Parent Relationship": "Inner","Parallel Aware": false,"Async Capable": false,"Scan Direction": "Forward","Index Name": "idx_lineitem_orderkey","Relation Name": "lineitem","Alias": "l3","Startup Cost": 0.43,"Total Cost": 1.06,"Plan Rows": 6,"Plan Width": 8,"Actual Startup Time": 0.003,"Actual Total Time": 0.003,"Actual Rows": 1,"Actual Loops": 159165,"Index Cond": "(l_orderkey = l1.l_orderkey)","Rows Removed by Index Recheck": 0,"Filter": "((l_receiptdate > l_commitdate) AND (l_suppkey <> l1.l_suppkey))","Rows Removed by Filter": 1,"Workers": []}]}]},{"Node Type": "Index Scan","Parent Relationship": "Inner","Parallel Aware": false,"Async Capable": false,"Scan Direction": "Forward","Index Name": "idx_lineitem_orderkey","Relation Name": "lineitem","Alias": "l2","Startup Cost": 0.43,"Total Cost": 1.02,"Plan Rows": 17,"Plan Width": 8,"Actual Startup Time": 0.008,"Actual Total Time": 0.008,"Actual Rows": 1,"Actual Loops": 14289,"Index Cond": "(l_orderkey = l1.l_orderkey)","Rows Removed by Index Recheck": 0,"Filter": "(l_suppkey <> l1.l_suppkey)","Rows Removed by Filter": 1}]},{"Node Type": "Index Scan","Parent Relationship": "Inner","Parallel Aware": false,"Async Capable": false,"Scan Direction": "Forward","Index Name": "orders_pkey","Relation Name": "orders","Alias": "orders","Startup Cost": 0.43,"Total Cost": 0.51,"Plan Rows": 1,"Plan Width": 4,"Actual Startup Time": 0.007,"Actual Total Time": 0.007,"Actual Rows": 0,"Actual Loops": 8678,"Index Cond": "(o_orderkey = l1.l_orderkey)","Rows Removed by Index Recheck": 0,"Filter": "(o_orderstatus = 'F'::bpchar)","Rows Removed by Filter": 1}]}]}]}]},"Planning Time": 8.374,"Triggers": [],"Execution Time": 528.458}]
[{"Plan": {"Node Type": "Sort","Parallel Aware": false,"Async Capable": false,"Startup Cost": 147378.80,"Total Cost": 147378.81,"Plan Rows": 1,"Plan Width": 34,"Actual Startup Time": 491.039,"Actual Total Time": 509.746,"Actual Rows": 373,"Actual Loops": 1,"Sort Key": ["(count(*)) DESC", "supplier.s_name"],"Sort Method": "quicksort","Sort Space Used": 54,"Sort Space Type": "Memory","Plans": [{"Node Type": "Aggregate","Strategy": "Sorted","Partial Mode": "Simple","Parent Relationship": "Outer","Parallel Aware": false,"Async Capable": false,"Startup Cost": 147378.77,"Total Cost": 147378.79,"Plan Rows": 1,"Plan Width": 34,"Actual Startup Time": 489.852,"Actual Total Time": 509.039,"Actual Rows": 373,"Actual Loops": 1,"Group Key": ["supplier.s_name"],"Plans": [{"Node Type": "Sort","Parent Relationship": "Outer","Parallel Aware": false,"Async Capable": false,"Startup Cost": 147378.77,"Total Cost": 147378.78,"Plan Rows": 1,"Plan Width": 26,"Actual Startup Time": 489.818,"Actual Total Time": 508.641,"Actual Rows": 3775,"Actual Loops": 1,"Sort Key": ["supplier.s_name"],"Sort Method": "quicksort","Sort Space Used": 362,"Sort Space Type": "Memory","Plans": [{"Node Type": "Nested Loop","Parent Relationship": "Outer","Parallel Aware": false,"Async Capable": false,"Join Type": "Inner","Startup Cost": 1250.87,"Total Cost": 147378.76,"Plan Rows": 1,"Plan Width": 26,"Actual Startup Time": 4.604,"Actual Total Time": 497.627,"Actual Rows": 3775,"Actual Loops": 1,"Inner Unique": true,"Plans": [{"Node Type": "Nested Loop","Parent Relationship": "Outer","Parallel Aware": false,"Async Capable": false,"Join Type": "Semi","Startup Cost": 1250.44,"Total Cost": 147378.26,"Plan Rows": 1,"Plan Width": 34,"Actual Startup Time": 4.579,"Actual Total Time": 434.821,"Actual Rows": 7601,"Actual Loops": 1,"Inner Unique": false,"Plans": [{"Node Type": "Gather","Parent Relationship": "Outer","Parallel Aware": false,"Async Capable": false,"Startup Cost": 1250.01,"Total Cost": 147377.22,"Plan Rows": 1,"Plan Width": 34,"Actual Startup Time": 4.564,"Actual Total Time": 332.092,"Actual Rows": 12602,"Actual Loops": 1,"Workers Planned": 4,"Workers Launched": 4,"Single Copy": false,"Plans": [{"Node Type": "Nested Loop","Parent Relationship": "Outer","Parallel Aware": false,"Async Capable": false,"Join Type": "Anti","Startup Cost": 250.01,"Total Cost": 146377.12,"Plan Rows": 1,"Plan Width": 34,"Actual Startup Time": 4.313,"Actual Total Time": 433.903,"Actual Rows": 2520,"Actual Loops": 5,"Inner Unique": false,"Workers": [],"Plans": [{"Node Type": "Hash Join","Parent Relationship": "Outer","Parallel Aware": false,"Async Capable": false,"Join Type": "Inner","Startup Cost": 249.58,"Total Cost": 133581.65,"Plan Rows": 19990,"Plan Width": 34,"Actual Startup Time": 3.915,"Actual Total Time": 349.840,"Actual Rows": 28289,"Actual Loops": 5,"Inner Unique": false,"Hash Cond": "(l1.l_suppkey = supplier.s_suppkey)","Workers": [],"Plans": [{"Node Type": "Seq Scan","Parent Relationship": "Outer","Parallel Aware": true,"Async Capable": false,"Relation Name": "lineitem","Alias": "l1","Startup Cost": 0.00,"Total Cost": 131256.80,"Plan Rows": 500101,"Plan Width": 8,"Actual Startup Time": 0.025,"Actual Total Time": 300.593,"Actual Rows": 758659,"Actual Loops": 5,"Filter": "(l_receiptdate > l_commitdate)","Rows Removed by Filter": 441584,"Workers": []},{"Node Type": "Hash","Parent Relationship": "Inner","Parallel Aware": false,"Async Capable": false,"Startup Cost": 244.58,"Total Cost": 244.58,"Plan Rows": 400,"Plan Width": 30,"Actual Startup Time": 3.661,"Actual Total Time": 3.675,"Actual Rows": 373,"Actual Loops": 5,"Hash Buckets": 1024,"Original Hash Buckets": 1024,"Hash Batches": 1,"Original Hash Batches": 1,"Peak Memory Usage": 32,"Workers": [],"Plans": [{"Node Type": "Nested Loop","Parent Relationship": "Outer","Parallel Aware": false,"Async Capable": false,"Join Type": "Inner","Startup Cost": 7.38,"Total Cost": 244.58,"Plan Rows": 400,"Plan Width": 30,"Actual Startup Time": 0.231,"Actual Total Time": 3.539,"Actual Rows": 373,"Actual Loops": 5,"Inner Unique": false,"Workers": [],"Plans": [{"Node Type": "Seq Scan","Parent Relationship": "Outer","Parallel Aware": false,"Async Capable": false,"Relation Name": "nation","Alias": "nation","Startup Cost": 0.00,"Total Cost": 1.31,"Plan Rows": 1,"Plan Width": 4,"Actual Startup Time": 0.052,"Actual Total Time": 0.058,"Actual Rows": 1,"Actual Loops": 5,"Filter": "(n_name = 'MOROCCO'::bpchar)","Rows Removed by Filter": 24,"Workers": []},{"Node Type": "Bitmap Heap Scan","Parent Relationship": "Inner","Parallel Aware": false,"Async Capable": false,"Relation Name": "supplier","Alias": "supplier","Startup Cost": 7.38,"Total Cost": 239.27,"Plan Rows": 400,"Plan Width": 34,"Actual Startup Time": 0.174,"Actual Total Time": 3.419,"Actual Rows": 373,"Actual Loops": 5,"Recheck Cond": "(s_nationkey = nation.n_nationkey)","Rows Removed by Index Recheck": 0,"Exact Heap Blocks": 180,"Lossy Heap Blocks": 0,"Workers": [],"Plans": [{"Node Type": "Bitmap Index Scan","Parent Relationship": "Outer","Parallel Aware": false,"Async Capable": false,"Index Name": "idx_supplier_nation_key","Startup Cost": 0.00,"Total Cost": 7.29,"Plan Rows": 400,"Plan Width": 0,"Actual Startup Time": 0.112,"Actual Total Time": 0.115,"Actual Rows": 373,"Actual Loops": 5,"Index Cond": "(s_nationkey = nation.n_nationkey)","Workers": []}]}]}]}]},{"Node Type": "Index Scan","Parent Relationship": "Inner","Parallel Aware": false,"Async Capable": false,"Scan Direction": "Forward","Index Name": "idx_lineitem_orderkey","Relation Name": "lineitem","Alias": "l3","Startup Cost": 0.43,"Total Cost": 1.06,"Plan Rows": 6,"Plan Width": 8,"Actual Startup Time": 0.003,"Actual Total Time": 0.003,"Actual Rows": 1,"Actual Loops": 141445,"Index Cond": "(l_orderkey = l1.l_orderkey)","Rows Removed by Index Recheck": 0,"Filter": "((l_receiptdate > l_commitdate) AND (l_suppkey <> l1.l_suppkey))","Rows Removed by Filter": 1,"Workers": []}]}]},{"Node Type": "Index Scan","Parent Relationship": "Inner","Parallel Aware": false,"Async Capable": false,"Scan Direction": "Forward","Index Name": "idx_lineitem_orderkey","Relation Name": "lineitem","Alias": "l2","Startup Cost": 0.43,"Total Cost": 1.02,"Plan Rows": 17,"Plan Width": 8,"Actual Startup Time": 0.008,"Actual Total Time": 0.008,"Actual Rows": 1,"Actual Loops": 12602,"Index Cond": "(l_orderkey = l1.l_orderkey)","Rows Removed by Index Recheck": 0,"Filter": "(l_suppkey <> l1.l_suppkey)","Rows Removed by Filter": 1}]},{"Node Type": "Index Scan","Parent Relationship": "Inner","Parallel Aware": false,"Async Capable": false,"Scan Direction": "Forward","Index Name": "orders_pkey","Relation Name": "orders","Alias": "orders","Startup Cost": 0.43,"Total Cost": 0.51,"Plan Rows": 1,"Plan Width": 4,"Actual Startup Time": 0.008,"Actual Total Time": 0.008,"Actual Rows": 0,"Actual Loops": 7601,"Index Cond": "(o_orderkey = l1.l_orderkey)","Rows Removed by Index Recheck": 0,"Filter": "(o_orderstatus = 'F'::bpchar)","Rows Removed by Filter": 1}]}]}]}]},"Planning Time": 9.187,"Triggers": [],"Execution Time": 510.411}]
[{"Plan": {"Node Type": "Sort","Parallel Aware": false,"Async Capable": false,"Startup Cost": 147378.80,"Total Cost": 147378.81,"Plan Rows": 1,"Plan Width": 34,"Actual Startup Time": 503.423,"Actual Total Time": 521.004,"Actual Rows": 406,"Actual Loops": 1,"Sort Key": ["(count(*)) DESC", "supplier.s_name"],"Sort Method": "quicksort","Sort Space Used": 56,"Sort Space Type": "Memory","Plans": [{"Node Type": "Aggregate","Strategy": "Sorted","Partial Mode": "Simple","Parent Relationship": "Outer","Parallel Aware": false,"Async Capable": false,"Startup Cost": 147378.77,"Total Cost": 147378.79,"Plan Rows": 1,"Plan Width": 34,"Actual Startup Time": 502.176,"Actual Total Time": 520.280,"Actual Rows": 406,"Actual Loops": 1,"Group Key": ["supplier.s_name"],"Plans": [{"Node Type": "Sort","Parent Relationship": "Outer","Parallel Aware": false,"Async Capable": false,"Startup Cost": 147378.77,"Total Cost": 147378.78,"Plan Rows": 1,"Plan Width": 26,"Actual Startup Time": 502.147,"Actual Total Time": 519.852,"Actual Rows": 4052,"Actual Loops": 1,"Sort Key": ["supplier.s_name"],"Sort Method": "quicksort","Sort Space Used": 381,"Sort Space Type": "Memory","Plans": [{"Node Type": "Nested Loop","Parent Relationship": "Outer","Parallel Aware": false,"Async Capable": false,"Join Type": "Inner","Startup Cost": 1250.87,"Total Cost": 147378.76,"Plan Rows": 1,"Plan Width": 26,"Actual Startup Time": 4.486,"Actual Total Time": 508.290,"Actual Rows": 4052,"Actual Loops": 1,"Inner Unique": true,"Plans": [{"Node Type": "Nested Loop","Parent Relationship": "Outer","Parallel Aware": false,"Async Capable": false,"Join Type": "Semi","Startup Cost": 1250.44,"Total Cost": 147378.26,"Plan Rows": 1,"Plan Width": 34,"Actual Startup Time": 4.452,"Actual Total Time": 441.127,"Actual Rows": 8332,"Actual Loops": 1,"Inner Unique": false,"Plans": [{"Node Type": "Gather","Parent Relationship": "Outer","Parallel Aware": false,"Async Capable": false,"Startup Cost": 1250.01,"Total Cost": 147377.22,"Plan Rows": 1,"Plan Width": 34,"Actual Startup Time": 4.440,"Actual Total Time": 331.994,"Actual Rows": 13791,"Actual Loops": 1,"Workers Planned": 4,"Workers Launched": 4,"Single Copy": false,"Plans": [{"Node Type": "Nested Loop","Parent Relationship": "Outer","Parallel Aware": false,"Async Capable": false,"Join Type": "Anti","Startup Cost": 250.01,"Total Cost": 146377.12,"Plan Rows": 1,"Plan Width": 34,"Actual Startup Time": 4.624,"Actual Total Time": 442.937,"Actual Rows": 2758,"Actual Loops": 5,"Inner Unique": false,"Workers": [],"Plans": [{"Node Type": "Hash Join","Parent Relationship": "Outer","Parallel Aware": false,"Async Capable": false,"Join Type": "Inner","Startup Cost": 249.58,"Total Cost": 133581.65,"Plan Rows": 19990,"Plan Width": 34,"Actual Startup Time": 4.481,"Actual Total Time": 353.409,"Actual Rows": 30900,"Actual Loops": 5,"Inner Unique": false,"Hash Cond": "(l1.l_suppkey = supplier.s_suppkey)","Workers": [],"Plans": [{"Node Type": "Seq Scan","Parent Relationship": "Outer","Parallel Aware": true,"Async Capable": false,"Relation Name": "lineitem","Alias": "l1","Startup Cost": 0.00,"Total Cost": 131256.80,"Plan Rows": 500101,"Plan Width": 8,"Actual Startup Time": 0.029,"Actual Total Time": 301.270,"Actual Rows": 758659,"Actual Loops": 5,"Filter": "(l_receiptdate > l_commitdate)","Rows Removed by Filter": 441584,"Workers": []},{"Node Type": "Hash","Parent Relationship": "Inner","Parallel Aware": false,"Async Capable": false,"Startup Cost": 244.58,"Total Cost": 244.58,"Plan Rows": 400,"Plan Width": 30,"Actual Startup Time": 4.105,"Actual Total Time": 4.114,"Actual Rows": 406,"Actual Loops": 5,"Hash Buckets": 1024,"Original Hash Buckets": 1024,"Hash Batches": 1,"Original Hash Batches": 1,"Peak Memory Usage": 34,"Workers": [],"Plans": [{"Node Type": "Nested Loop","Parent Relationship": "Outer","Parallel Aware": false,"Async Capable": false,"Join Type": "Inner","Startup Cost": 7.38,"Total Cost": 244.58,"Plan Rows": 400,"Plan Width": 30,"Actual Startup Time": 0.252,"Actual Total Time": 3.975,"Actual Rows": 406,"Actual Loops": 5,"Inner Unique": false,"Workers": [],"Plans": [{"Node Type": "Seq Scan","Parent Relationship": "Outer","Parallel Aware": false,"Async Capable": false,"Relation Name": "nation","Alias": "nation","Startup Cost": 0.00,"Total Cost": 1.31,"Plan Rows": 1,"Plan Width": 4,"Actual Startup Time": 0.055,"Actual Total Time": 0.058,"Actual Rows": 1,"Actual Loops": 5,"Filter": "(n_name = 'MOZAMBIQUE'::bpchar)","Rows Removed by Filter": 24,"Workers": []},{"Node Type": "Bitmap Heap Scan","Parent Relationship": "Inner","Parallel Aware": false,"Async Capable": false,"Relation Name": "supplier","Alias": "supplier","Startup Cost": 7.38,"Total Cost": 239.27,"Plan Rows": 400,"Plan Width": 34,"Actual Startup Time": 0.193,"Actual Total Time": 3.854,"Actual Rows": 406,"Actual Loops": 5,"Recheck Cond": "(s_nationkey = nation.n_nationkey)","Rows Removed by Index Recheck": 0,"Exact Heap Blocks": 186,"Lossy Heap Blocks": 0,"Workers": [],"Plans": [{"Node Type": "Bitmap Index Scan","Parent Relationship": "Outer","Parallel Aware": false,"Async Capable": false,"Index Name": "idx_supplier_nation_key","Startup Cost": 0.00,"Total Cost": 7.29,"Plan Rows": 400,"Plan Width": 0,"Actual Startup Time": 0.125,"Actual Total Time": 0.126,"Actual Rows": 406,"Actual Loops": 5,"Index Cond": "(s_nationkey = nation.n_nationkey)","Workers": []}]}]}]}]},{"Node Type": "Index Scan","Parent Relationship": "Inner","Parallel Aware": false,"Async Capable": false,"Scan Direction": "Forward","Index Name": "idx_lineitem_orderkey","Relation Name": "lineitem","Alias": "l3","Startup Cost": 0.43,"Total Cost": 1.06,"Plan Rows": 6,"Plan Width": 8,"Actual Startup Time": 0.003,"Actual Total Time": 0.003,"Actual Rows": 1,"Actual Loops": 154501,"Index Cond": "(l_orderkey = l1.l_orderkey)","Rows Removed by Index Recheck": 0,"Filter": "((l_receiptdate > l_commitdate) AND (l_suppkey <> l1.l_suppkey))","Rows Removed by Filter": 1,"Workers": []}]}]},{"Node Type": "Index Scan","Parent Relationship": "Inner","Parallel Aware": false,"Async Capable": false,"Scan Direction": "Forward","Index Name": "idx_lineitem_orderkey","Relation Name": "lineitem","Alias": "l2","Startup Cost": 0.43,"Total Cost": 1.02,"Plan Rows": 17,"Plan Width": 8,"Actual Startup Time": 0.007,"Actual Total Time": 0.007,"Actual Rows": 1,"Actual Loops": 13791,"Index Cond": "(l_orderkey = l1.l_orderkey)","Rows Removed by Index Recheck": 0,"Filter": "(l_suppkey <> l1.l_suppkey)","Rows Removed by Filter": 1}]},{"Node Type": "Index Scan","Parent Relationship": "Inner","Parallel Aware": false,"Async Capable": false,"Scan Direction": "Forward","Index Name": "orders_pkey","Relation Name": "orders","Alias": "orders","Startup Cost": 0.43,"Total Cost": 0.51,"Plan Rows": 1,"Plan Width": 4,"Actual Startup Time": 0.008,"Actual Total Time": 0.008,"Actual Rows": 0,"Actual Loops": 8332,"Index Cond": "(o_orderkey = l1.l_orderkey)","Rows Removed by Index Recheck": 0,"Filter": "(o_orderstatus = 'F'::bpchar)","Rows Removed by Filter": 1}]}]}]}]},"Planning Time": 9.793,"Triggers": [],"Execution Time": 521.577}]
[{"Plan": {"Node Type": "Sort","Parallel Aware": false,"Async Capable": false,"Startup Cost": 147378.80,"Total Cost": 147378.81,"Plan Rows": 1,"Plan Width": 34,"Actual Startup Time": 491.039,"Actual Total Time": 509.746,"Actual Rows": 373,"Actual Loops": 1,"Sort Key": ["(count(*)) DESC", "supplier.s_name"],"Sort Method": "quicksort","Sort Space Used": 54,"Sort Space Type": "Memory","Plans": [{"Node Type": "Aggregate","Strategy": "Sorted","Partial Mode": "Simple","Parent Relationship": "Outer","Parallel Aware": false,"Async Capable": false,"Startup Cost": 147378.77,"Total Cost": 147378.79,"Plan Rows": 1,"Plan Width": 34,"Actual Startup Time": 489.852,"Actual Total Time": 509.039,"Actual Rows": 373,"Actual Loops": 1,"Group Key": ["supplier.s_name"],"Plans": [{"Node Type": "Sort","Parent Relationship": "Outer","Parallel Aware": false,"Async Capable": false,"Startup Cost": 147378.77,"Total Cost": 147378.78,"Plan Rows": 1,"Plan Width": 26,"Actual Startup Time": 489.818,"Actual Total Time": 508.641,"Actual Rows": 3775,"Actual Loops": 1,"Sort Key": ["supplier.s_name"],"Sort Method": "quicksort","Sort Space Used": 362,"Sort Space Type": "Memory","Plans": [{"Node Type": "Nested Loop","Parent Relationship": "Outer","Parallel Aware": false,"Async Capable": false,"Join Type": "Inner","Startup Cost": 1250.87,"Total Cost": 147378.76,"Plan Rows": 1,"Plan Width": 26,"Actual Startup Time": 4.604,"Actual Total Time": 497.627,"Actual Rows": 3775,"Actual Loops": 1,"Inner Unique": true,"Plans": [{"Node Type": "Nested Loop","Parent Relationship": "Outer","Parallel Aware": false,"Async Capable": false,"Join Type": "Semi","Startup Cost": 1250.44,"Total Cost": 147378.26,"Plan Rows": 1,"Plan Width": 34,"Actual Startup Time": 4.579,"Actual Total Time": 434.821,"Actual Rows": 7601,"Actual Loops": 1,"Inner Unique": false,"Plans": [{"Node Type": "Gather","Parent Relationship": "Outer","Parallel Aware": false,"Async Capable": false,"Startup Cost": 1250.01,"Total Cost": 147377.22,"Plan Rows": 1,"Plan Width": 34,"Actual Startup Time": 4.564,"Actual Total Time": 332.092,"Actual Rows": 12602,"Actual Loops": 1,"Workers Planned": 4,"Workers Launched": 4,"Single Copy": false,"Plans": [{"Node Type": "Nested Loop","Parent Relationship": "Outer","Parallel Aware": false,"Async Capable": false,"Join Type": "Anti","Startup Cost": 250.01,"Total Cost": 146377.12,"Plan Rows": 1,"Plan Width": 34,"Actual Startup Time": 4.313,"Actual Total Time": 433.903,"Actual Rows": 2520,"Actual Loops": 5,"Inner Unique": false,"Workers": [],"Plans": [{"Node Type": "Hash Join","Parent Relationship": "Outer","Parallel Aware": false,"Async Capable": false,"Join Type": "Inner","Startup Cost": 249.58,"Total Cost": 133581.65,"Plan Rows": 19990,"Plan Width": 34,"Actual Startup Time": 3.915,"Actual Total Time": 349.840,"Actual Rows": 28289,"Actual Loops": 5,"Inner Unique": false,"Hash Cond": "(l1.l_suppkey = supplier.s_suppkey)","Workers": [],"Plans": [{"Node Type": "Seq Scan","Parent Relationship": "Outer","Parallel Aware": true,"Async Capable": false,"Relation Name": "lineitem","Alias": "l1","Startup Cost": 0.00,"Total Cost": 131256.80,"Plan Rows": 500101,"Plan Width": 8,"Actual Startup Time": 0.025,"Actual Total Time": 300.593,"Actual Rows": 758659,"Actual Loops": 5,"Filter": "(l_receiptdate > l_commitdate)","Rows Removed by Filter": 441584,"Workers": []},{"Node Type": "Hash","Parent Relationship": "Inner","Parallel Aware": false,"Async Capable": false,"Startup Cost": 244.58,"Total Cost": 244.58,"Plan Rows": 400,"Plan Width": 30,"Actual Startup Time": 3.661,"Actual Total Time": 3.675,"Actual Rows": 373,"Actual Loops": 5,"Hash Buckets": 1024,"Original Hash Buckets": 1024,"Hash Batches": 1,"Original Hash Batches": 1,"Peak Memory Usage": 32,"Workers": [],"Plans": [{"Node Type": "Nested Loop","Parent Relationship": "Outer","Parallel Aware": false,"Async Capable": false,"Join Type": "Inner","Startup Cost": 7.38,"Total Cost": 244.58,"Plan Rows": 400,"Plan Width": 30,"Actual Startup Time": 0.231,"Actual Total Time": 3.539,"Actual Rows": 373,"Actual Loops": 5,"Inner Unique": false,"Workers": [],"Plans": [{"Node Type": "Seq Scan","Parent Relationship": "Outer","Parallel Aware": false,"Async Capable": false,"Relation Name": "nation","Alias": "nation","Startup Cost": 0.00,"Total Cost": 1.31,"Plan Rows": 1,"Plan Width": 4,"Actual Startup Time": 0.052,"Actual Total Time": 0.058,"Actual Rows": 1,"Actual Loops": 5,"Filter": "(n_name = 'MOROCCO'::bpchar)","Rows Removed by Filter": 24,"Workers": []},{"Node Type": "Bitmap Heap Scan","Parent Relationship": "Inner","Parallel Aware": false,"Async Capable": false,"Relation Name": "supplier","Alias": "supplier","Startup Cost": 7.38,"Total Cost": 239.27,"Plan Rows": 400,"Plan Width": 34,"Actual Startup Time": 0.174,"Actual Total Time": 3.419,"Actual Rows": 373,"Actual Loops": 5,"Recheck Cond": "(s_nationkey = nation.n_nationkey)","Rows Removed by Index Recheck": 0,"Exact Heap Blocks": 180,"Lossy Heap Blocks": 0,"Workers": [],"Plans": [{"Node Type": "Bitmap Index Scan","Parent Relationship": "Outer","Parallel Aware": false,"Async Capable": false,"Index Name": "idx_supplier_nation_key","Startup Cost": 0.00,"Total Cost": 7.29,"Plan Rows": 400,"Plan Width": 0,"Actual Startup Time": 0.112,"Actual Total Time": 0.115,"Actual Rows": 373,"Actual Loops": 5,"Index Cond": "(s_nationkey = nation.n_nationkey)","Workers": []}]}]}]}]},{"Node Type": "Index Scan","Parent Relationship": "Inner","Parallel Aware": false,"Async Capable": false,"Scan Direction": "Forward","Index Name": "idx_lineitem_orderkey","Relation Name": "lineitem","Alias": "l3","Startup Cost": 0.43,"Total Cost": 1.06,"Plan Rows": 6,"Plan Width": 8,"Actual Startup Time": 0.003,"Actual Total Time": 0.003,"Actual Rows": 1,"Actual Loops": 141445,"Index Cond": "(l_orderkey = l1.l_orderkey)","Rows Removed by Index Recheck": 0,"Filter": "((l_receiptdate > l_commitdate) AND (l_suppkey <> l1.l_suppkey))","Rows Removed by Filter": 1,"Workers": []}]}]},{"Node Type": "Index Scan","Parent Relationship": "Inner","Parallel Aware": false,"Async Capable": false,"Scan Direction": "Forward","Index Name": "idx_lineitem_orderkey","Relation Name": "lineitem","Alias": "l2","Startup Cost": 0.43,"Total Cost": 1.02,"Plan Rows": 17,"Plan Width": 8,"Actual Startup Time": 0.008,"Actual Total Time": 0.008,"Actual Rows": 1,"Actual Loops": 12602,"Index Cond": "(l_orderkey = l1.l_orderkey)","Rows Removed by Index Recheck": 0,"Filter": "(l_suppkey <> l1.l_suppkey)","Rows Removed by Filter": 1}]},{"Node Type": "Index Scan","Parent Relationship": "Inner","Parallel Aware": false,"Async Capable": false,"Scan Direction": "Forward","Index Name": "orders_pkey","Relation Name": "orders","Alias": "orders","Startup Cost": 0.43,"Total Cost": 0.51,"Plan Rows": 1,"Plan Width": 4,"Actual Startup Time": 0.008,"Actual Total Time": 0.008,"Actual Rows": 0,"Actual Loops": 7601,"Index Cond": "(o_orderkey = l1.l_orderkey)","Rows Removed by Index Recheck": 0,"Filter": "(o_orderstatus = 'F'::bpchar)","Rows Removed by Filter": 1}]}]}]}]},"Planning Time": 9.187,"Triggers": [],"Execution Time": 510.411}]
[{"Plan": {"Node Type": "Sort","Parallel Aware": false,"Async Capable": false,"Startup Cost": 147378.80,"Total Cost": 147378.81,"Plan Rows": 1,"Plan Width": 34,"Actual Startup Time": 510.910,"Actual Total Time": 530.461,"Actual Rows": 420,"Actual Loops": 1,"Sort Key": ["(count(*)) DESC", "supplier.s_name"],"Sort Method": "quicksort","Sort Space Used": 57,"Sort Space Type": "Memory","Plans": [{"Node Type": "Aggregate","Strategy": "Sorted","Partial Mode": "Simple","Parent Relationship": "Outer","Parallel Aware": false,"Async Capable": false,"Startup Cost": 147378.77,"Total Cost": 147378.79,"Plan Rows": 1,"Plan Width": 34,"Actual Startup Time": 509.613,"Actual Total Time": 529.683,"Actual Rows": 420,"Actual Loops": 1,"Group Key": ["supplier.s_name"],"Plans": [{"Node Type": "Sort","Parent Relationship": "Outer","Parallel Aware": false,"Async Capable": false,"Startup Cost": 147378.77,"Total Cost": 147378.78,"Plan Rows": 1,"Plan Width": 26,"Actual Startup Time": 509.594,"Actual Total Time": 529.267,"Actual Rows": 4090,"Actual Loops": 1,"Sort Key": ["supplier.s_name"],"Sort Method": "quicksort","Sort Space Used": 384,"Sort Space Type": "Memory","Plans": [{"Node Type": "Nested Loop","Parent Relationship": "Outer","Parallel Aware": false,"Async Capable": false,"Join Type": "Inner","Startup Cost": 1250.87,"Total Cost": 147378.76,"Plan Rows": 1,"Plan Width": 26,"Actual Startup Time": 4.580,"Actual Total Time": 518.201,"Actual Rows": 4090,"Actual Loops": 1,"Inner Unique": true,"Plans": [{"Node Type": "Nested Loop","Parent Relationship": "Outer","Parallel Aware": false,"Async Capable": false,"Join Type": "Semi","Startup Cost": 1250.44,"Total Cost": 147378.26,"Plan Rows": 1,"Plan Width": 34,"Actual Startup Time": 4.545,"Actual Total Time": 454.390,"Actual Rows": 8430,"Actual Loops": 1,"Inner Unique": false,"Plans": [{"Node Type": "Gather","Parent Relationship": "Outer","Parallel Aware": false,"Async Capable": false,"Startup Cost": 1250.01,"Total Cost": 147377.22,"Plan Rows": 1,"Plan Width": 34,"Actual Startup Time": 4.342,"Actual Total Time": 344.810,"Actual Rows": 14089,"Actual Loops": 1,"Workers Planned": 4,"Workers Launched": 4,"Single Copy": false,"Plans": [{"Node Type": "Nested Loop","Parent Relationship": "Outer","Parallel Aware": false,"Async Capable": false,"Join Type": "Anti","Startup Cost": 250.01,"Total Cost": 146377.12,"Plan Rows": 1,"Plan Width": 34,"Actual Startup Time": 5.491,"Actual Total Time": 451.438,"Actual Rows": 2818,"Actual Loops": 5,"Inner Unique": false,"Workers": [],"Plans": [{"Node Type": "Hash Join","Parent Relationship": "Outer","Parallel Aware": false,"Async Capable": false,"Join Type": "Inner","Startup Cost": 249.58,"Total Cost": 133581.65,"Plan Rows": 19990,"Plan Width": 34,"Actual Startup Time": 5.196,"Actual Total Time": 357.512,"Actual Rows": 31960,"Actual Loops": 5,"Inner Unique": false,"Hash Cond": "(l1.l_suppkey = supplier.s_suppkey)","Workers": [],"Plans": [{"Node Type": "Seq Scan","Parent Relationship": "Outer","Parallel Aware": true,"Async Capable": false,"Relation Name": "lineitem","Alias": "l1","Startup Cost": 0.00,"Total Cost": 131256.80,"Plan Rows": 500101,"Plan Width": 8,"Actual Startup Time": 0.027,"Actual Total Time": 305.923,"Actual Rows": 758659,"Actual Loops": 5,"Filter": "(l_receiptdate > l_commitdate)","Rows Removed by Filter": 441584,"Workers": []},{"Node Type": "Hash","Parent Relationship": "Inner","Parallel Aware": false,"Async Capable": false,"Startup Cost": 244.58,"Total Cost": 244.58,"Plan Rows": 400,"Plan Width": 30,"Actual Startup Time": 4.831,"Actual Total Time": 4.844,"Actual Rows": 420,"Actual Loops": 5,"Hash Buckets": 1024,"Original Hash Buckets": 1024,"Hash Batches": 1,"Original Hash Batches": 1,"Peak Memory Usage": 35,"Workers": [],"Plans": [{"Node Type": "Nested Loop","Parent Relationship": "Outer","Parallel Aware": false,"Async Capable": false,"Join Type": "Inner","Startup Cost": 7.38,"Total Cost": 244.58,"Plan Rows": 400,"Plan Width": 30,"Actual Startup Time": 0.275,"Actual Total Time": 4.655,"Actual Rows": 420,"Actual Loops": 5,"Inner Unique": false,"Workers": [],"Plans": [{"Node Type": "Seq Scan","Parent Relationship": "Outer","Parallel Aware": false,"Async Capable": false,"Relation Name": "nation","Alias": "nation","Startup Cost": 0.00,"Total Cost": 1.31,"Plan Rows": 1,"Plan Width": 4,"Actual Startup Time": 0.047,"Actual Total Time": 0.057,"Actual Rows": 1,"Actual Loops": 5,"Filter": "(n_name = 'ALGERIA'::bpchar)","Rows Removed by Filter": 24,"Workers": []},{"Node Type": "Bitmap Heap Scan","Parent Relationship": "Inner","Parallel Aware": false,"Async Capable": false,"Relation Name": "supplier","Alias": "supplier","Startup Cost": 7.38,"Total Cost": 239.27,"Plan Rows": 400,"Plan Width": 34,"Actual Startup Time": 0.222,"Actual Total Time": 4.505,"Actual Rows": 420,"Actual Loops": 5,"Recheck Cond": "(s_nationkey = nation.n_nationkey)","Rows Removed by Index Recheck": 0,"Exact Heap Blocks": 197,"Lossy Heap Blocks": 0,"Workers": [],"Plans": [{"Node Type": "Bitmap Index Scan","Parent Relationship": "Outer","Parallel Aware": false,"Async Capable": false,"Index Name": "idx_supplier_nation_key","Startup Cost": 0.00,"Total Cost": 7.29,"Plan Rows": 400,"Plan Width": 0,"Actual Startup Time": 0.137,"Actual Total Time": 0.140,"Actual Rows": 420,"Actual Loops": 5,"Index Cond": "(s_nationkey = nation.n_nationkey)","Workers": []}]}]}]}]},{"Node Type": "Index Scan","Parent Relationship": "Inner","Parallel Aware": false,"Async Capable": false,"Scan Direction": "Forward","Index Name": "idx_lineitem_orderkey","Relation Name": "lineitem","Alias": "l3","Startup Cost": 0.43,"Total Cost": 1.06,"Plan Rows": 6,"Plan Width": 8,"Actual Startup Time": 0.003,"Actual Total Time": 0.003,"Actual Rows": 1,"Actual Loops": 159800,"Index Cond": "(l_orderkey = l1.l_orderkey)","Rows Removed by Index Recheck": 0,"Filter": "((l_receiptdate > l_commitdate) AND (l_suppkey <> l1.l_suppkey))","Rows Removed by Filter": 1,"Workers": []}]}]},{"Node Type": "Index Scan","Parent Relationship": "Inner","Parallel Aware": false,"Async Capable": false,"Scan Direction": "Forward","Index Name": "idx_lineitem_orderkey","Relation Name": "lineitem","Alias": "l2","Startup Cost": 0.43,"Total Cost": 1.02,"Plan Rows": 17,"Plan Width": 8,"Actual Startup Time": 0.007,"Actual Total Time": 0.007,"Actual Rows": 1,"Actual Loops": 14089,"Index Cond": "(l_orderkey = l1.l_orderkey)","Rows Removed by Index Recheck": 0,"Filter": "(l_suppkey <> l1.l_suppkey)","Rows Removed by Filter": 1}]},{"Node Type": "Index Scan","Parent Relationship": "Inner","Parallel Aware": false,"Async Capable": false,"Scan Direction": "Forward","Index Name": "orders_pkey","Relation Name": "orders","Alias": "orders","Startup Cost": 0.43,"Total Cost": 0.51,"Plan Rows": 1,"Plan Width": 4,"Actual Startup Time": 0.007,"Actual Total Time": 0.007,"Actual Rows": 0,"Actual Loops": 8430,"Index Cond": "(o_orderkey = l1.l_orderkey)","Rows Removed by Index Recheck": 0,"Filter": "(o_orderstatus = 'F'::bpchar)","Rows Removed by Filter": 1}]}]}]}]},"Planning Time": 9.770,"Triggers": [],"Execution Time": 531.084}]
[{"Plan": {"Node Type": "Sort","Parallel Aware": false,"Async Capable": false,"Startup Cost": 147378.80,"Total Cost": 147378.81,"Plan Rows": 1,"Plan Width": 34,"Actual Startup Time": 500.228,"Actual Total Time": 519.082,"Actual Rows": 412,"Actual Loops": 1,"Sort Key": ["(count(*)) DESC", "supplier.s_name"],"Sort Method": "quicksort","Sort Space Used": 57,"Sort Space Type": "Memory","Plans": [{"Node Type": "Aggregate","Strategy": "Sorted","Partial Mode": "Simple","Parent Relationship": "Outer","Parallel Aware": false,"Async Capable": false,"Startup Cost": 147378.77,"Total Cost": 147378.79,"Plan Rows": 1,"Plan Width": 34,"Actual Startup Time": 498.981,"Actual Total Time": 518.359,"Actual Rows": 412,"Actual Loops": 1,"Group Key": ["supplier.s_name"],"Plans": [{"Node Type": "Sort","Parent Relationship": "Outer","Parallel Aware": false,"Async Capable": false,"Startup Cost": 147378.77,"Total Cost": 147378.78,"Plan Rows": 1,"Plan Width": 26,"Actual Startup Time": 498.949,"Actual Total Time": 517.928,"Actual Rows": 4030,"Actual Loops": 1,"Sort Key": ["supplier.s_name"],"Sort Method": "quicksort","Sort Space Used": 380,"Sort Space Type": "Memory","Plans": [{"Node Type": "Nested Loop","Parent Relationship": "Outer","Parallel Aware": false,"Async Capable": false,"Join Type": "Inner","Startup Cost": 1250.87,"Total Cost": 147378.76,"Plan Rows": 1,"Plan Width": 26,"Actual Startup Time": 4.020,"Actual Total Time": 506.052,"Actual Rows": 4030,"Actual Loops": 1,"Inner Unique": true,"Plans": [{"Node Type": "Nested Loop","Parent Relationship": "Outer","Parallel Aware": false,"Async Capable": false,"Join Type": "Semi","Startup Cost": 1250.44,"Total Cost": 147378.26,"Plan Rows": 1,"Plan Width": 34,"Actual Startup Time": 3.993,"Actual Total Time": 443.011,"Actual Rows": 8146,"Actual Loops": 1,"Inner Unique": false,"Plans": [{"Node Type": "Gather","Parent Relationship": "Outer","Parallel Aware": false,"Async Capable": false,"Startup Cost": 1250.01,"Total Cost": 147377.22,"Plan Rows": 1,"Plan Width": 34,"Actual Startup Time": 3.980,"Actual Total Time": 336.738,"Actual Rows": 13748,"Actual Loops": 1,"Workers Planned": 4,"Workers Launched": 4,"Single Copy": false,"Plans": [{"Node Type": "Nested Loop","Parent Relationship": "Outer","Parallel Aware": false,"Async Capable": false,"Join Type": "Anti","Startup Cost": 250.01,"Total Cost": 146377.12,"Plan Rows": 1,"Plan Width": 34,"Actual Startup Time": 4.569,"Actual Total Time": 441.712,"Actual Rows": 2750,"Actual Loops": 5,"Inner Unique": false,"Workers": [],"Plans": [{"Node Type": "Hash Join","Parent Relationship": "Outer","Parallel Aware": false,"Async Capable": false,"Join Type": "Inner","Startup Cost": 249.58,"Total Cost": 133581.65,"Plan Rows": 19990,"Plan Width": 34,"Actual Startup Time": 4.262,"Actual Total Time": 350.942,"Actual Rows": 31209,"Actual Loops": 5,"Inner Unique": false,"Hash Cond": "(l1.l_suppkey = supplier.s_suppkey)","Workers": [],"Plans": [{"Node Type": "Seq Scan","Parent Relationship": "Outer","Parallel Aware": true,"Async Capable": false,"Relation Name": "lineitem","Alias": "l1","Startup Cost": 0.00,"Total Cost": 131256.80,"Plan Rows": 500101,"Plan Width": 8,"Actual Startup Time": 0.026,"Actual Total Time": 299.296,"Actual Rows": 758659,"Actual Loops": 5,"Filter": "(l_receiptdate > l_commitdate)","Rows Removed by Filter": 441584,"Workers": []},{"Node Type": "Hash","Parent Relationship": "Inner","Parallel Aware": false,"Async Capable": false,"Startup Cost": 244.58,"Total Cost": 244.58,"Plan Rows": 400,"Plan Width": 30,"Actual Startup Time": 3.907,"Actual Total Time": 3.918,"Actual Rows": 412,"Actual Loops": 5,"Hash Buckets": 1024,"Original Hash Buckets": 1024,"Hash Batches": 1,"Original Hash Batches": 1,"Peak Memory Usage": 34,"Workers": [],"Plans": [{"Node Type": "Nested Loop","Parent Relationship": "Outer","Parallel Aware": false,"Async Capable": false,"Join Type": "Inner","Startup Cost": 7.38,"Total Cost": 244.58,"Plan Rows": 400,"Plan Width": 30,"Actual Startup Time": 0.286,"Actual Total Time": 3.756,"Actual Rows": 412,"Actual Loops": 5,"Inner Unique": false,"Workers": [],"Plans": [{"Node Type": "Seq Scan","Parent Relationship": "Outer","Parallel Aware": false,"Async Capable": false,"Relation Name": "nation","Alias": "nation","Startup Cost": 0.00,"Total Cost": 1.31,"Plan Rows": 1,"Plan Width": 4,"Actual Startup Time": 0.059,"Actual Total Time": 0.064,"Actual Rows": 1,"Actual Loops": 5,"Filter": "(n_name = 'CANADA'::bpchar)","Rows Removed by Filter": 24,"Workers": []},{"Node Type": "Bitmap Heap Scan","Parent Relationship": "Inner","Parallel Aware": false,"Async Capable": false,"Relation Name": "supplier","Alias": "supplier","Startup Cost": 7.38,"Total Cost": 239.27,"Plan Rows": 400,"Plan Width": 34,"Actual Startup Time": 0.222,"Actual Total Time": 3.623,"Actual Rows": 412,"Actual Loops": 5,"Recheck Cond": "(s_nationkey = nation.n_nationkey)","Rows Removed by Index Recheck": 0,"Exact Heap Blocks": 189,"Lossy Heap Blocks": 0,"Workers": [],"Plans": [{"Node Type": "Bitmap Index Scan","Parent Relationship": "Outer","Parallel Aware": false,"Async Capable": false,"Index Name": "idx_supplier_nation_key","Startup Cost": 0.00,"Total Cost": 7.29,"Plan Rows": 400,"Plan Width": 0,"Actual Startup Time": 0.144,"Actual Total Time": 0.145,"Actual Rows": 412,"Actual Loops": 5,"Index Cond": "(s_nationkey = nation.n_nationkey)","Workers": []}]}]}]}]},{"Node Type": "Index Scan","Parent Relationship": "Inner","Parallel Aware": false,"Async Capable": false,"Scan Direction": "Forward","Index Name": "idx_lineitem_orderkey","Relation Name": "lineitem","Alias": "l3","Startup Cost": 0.43,"Total Cost": 1.06,"Plan Rows": 6,"Plan Width": 8,"Actual Startup Time": 0.003,"Actual Total Time": 0.003,"Actual Rows": 1,"Actual Loops": 156047,"Index Cond": "(l_orderkey = l1.l_orderkey)","Rows Removed by Index Recheck": 0,"Filter": "((l_receiptdate > l_commitdate) AND (l_suppkey <> l1.l_suppkey))","Rows Removed by Filter": 1,"Workers": []}]}]},{"Node Type": "Index Scan","Parent Relationship": "Inner","Parallel Aware": false,"Async Capable": false,"Scan Direction": "Forward","Index Name": "idx_lineitem_orderkey","Relation Name": "lineitem","Alias": "l2","Startup Cost": 0.43,"Total Cost": 1.02,"Plan Rows": 17,"Plan Width": 8,"Actual Startup Time": 0.007,"Actual Total Time": 0.007,"Actual Rows": 1,"Actual Loops": 13748,"Index Cond": "(l_orderkey = l1.l_orderkey)","Rows Removed by Index Recheck": 0,"Filter": "(l_suppkey <> l1.l_suppkey)","Rows Removed by Filter": 1}]},{"Node Type": "Index Scan","Parent Relationship": "Inner","Parallel Aware": false,"Async Capable": false,"Scan Direction": "Forward","Index Name": "orders_pkey","Relation Name": "orders","Alias": "orders","Startup Cost": 0.43,"Total Cost": 0.51,"Plan Rows": 1,"Plan Width": 4,"Actual Startup Time": 0.007,"Actual Total Time": 0.007,"Actual Rows": 0,"Actual Loops": 8146,"Index Cond": "(o_orderkey = l1.l_orderkey)","Rows Removed by Index Recheck": 0,"Filter": "(o_orderstatus = 'F'::bpchar)","Rows Removed by Filter": 1}]}]}]}]},"Planning Time": 9.689,"Triggers": [],"Execution Time": 519.513}]
[{"Plan": {"Node Type": "Sort","Parallel Aware": false,"Async Capable": false,"Startup Cost": 147378.80,"Total Cost": 147378.81,"Plan Rows": 1,"Plan Width": 34,"Actual Startup Time": 509.264,"Actual Total Time": 527.696,"Actual Rows": 421,"Actual Loops": 1,"Sort Key": ["(count(*)) DESC", "supplier.s_name"],"Sort Method": "quicksort","Sort Space Used": 57,"Sort Space Type": "Memory","Plans": [{"Node Type": "Aggregate","Strategy": "Sorted","Partial Mode": "Simple","Parent Relationship": "Outer","Parallel Aware": false,"Async Capable": false,"Startup Cost": 147378.77,"Total Cost": 147378.79,"Plan Rows": 1,"Plan Width": 34,"Actual Startup Time": 507.941,"Actual Total Time": 526.990,"Actual Rows": 421,"Actual Loops": 1,"Group Key": ["supplier.s_name"],"Plans": [{"Node Type": "Sort","Parent Relationship": "Outer","Parallel Aware": false,"Async Capable": false,"Startup Cost": 147378.77,"Total Cost": 147378.78,"Plan Rows": 1,"Plan Width": 26,"Actual Startup Time": 507.919,"Actual Total Time": 526.540,"Actual Rows": 4227,"Actual Loops": 1,"Sort Key": ["supplier.s_name"],"Sort Method": "quicksort","Sort Space Used": 490,"Sort Space Type": "Memory","Plans": [{"Node Type": "Nested Loop","Parent Relationship": "Outer","Parallel Aware": false,"Async Capable": false,"Join Type": "Inner","Startup Cost": 1250.87,"Total Cost": 147378.76,"Plan Rows": 1,"Plan Width": 26,"Actual Startup Time": 5.396,"Actual Total Time": 515.076,"Actual Rows": 4227,"Actual Loops": 1,"Inner Unique": true,"Plans": [{"Node Type": "Nested Loop","Parent Relationship": "Outer","Parallel Aware": false,"Async Capable": false,"Join Type": "Semi","Startup Cost": 1250.44,"Total Cost": 147378.26,"Plan Rows": 1,"Plan Width": 34,"Actual Startup Time": 5.356,"Actual Total Time": 448.186,"Actual Rows": 8678,"Actual Loops": 1,"Inner Unique": false,"Plans": [{"Node Type": "Gather","Parent Relationship": "Outer","Parallel Aware": false,"Async Capable": false,"Startup Cost": 1250.01,"Total Cost": 147377.22,"Plan Rows": 1,"Plan Width": 34,"Actual Startup Time": 5.315,"Actual Total Time": 333.619,"Actual Rows": 14289,"Actual Loops": 1,"Workers Planned": 4,"Workers Launched": 4,"Single Copy": false,"Plans": [{"Node Type": "Nested Loop","Parent Relationship": "Outer","Parallel Aware": false,"Async Capable": false,"Join Type": "Anti","Startup Cost": 250.01,"Total Cost": 146377.12,"Plan Rows": 1,"Plan Width": 34,"Actual Startup Time": 5.155,"Actual Total Time": 447.803,"Actual Rows": 2858,"Actual Loops": 5,"Inner Unique": false,"Workers": [],"Plans": [{"Node Type": "Hash Join","Parent Relationship": "Outer","Parallel Aware": false,"Async Capable": false,"Join Type": "Inner","Startup Cost": 249.58,"Total Cost": 133581.65,"Plan Rows": 19990,"Plan Width": 34,"Actual Startup Time": 4.679,"Actual Total Time": 355.100,"Actual Rows": 31833,"Actual Loops": 5,"Inner Unique": false,"Hash Cond": "(l1.l_suppkey = supplier.s_suppkey)","Workers": [],"Plans": [{"Node Type": "Seq Scan","Parent Relationship": "Outer","Parallel Aware": true,"Async Capable": false,"Relation Name": "lineitem","Alias": "l1","Startup Cost": 0.00,"Total Cost": 131256.80,"Plan Rows": 500101,"Plan Width": 8,"Actual Startup Time": 0.028,"Actual Total Time": 302.880,"Actual Rows": 758659,"Actual Loops": 5,"Filter": "(l_receiptdate > l_commitdate)","Rows Removed by Filter": 441584,"Workers": []},{"Node Type": "Hash","Parent Relationship": "Inner","Parallel Aware": false,"Async Capable": false,"Startup Cost": 244.58,"Total Cost": 244.58,"Plan Rows": 400,"Plan Width": 30,"Actual Startup Time": 4.328,"Actual Total Time": 4.340,"Actual Rows": 421,"Actual Loops": 5,"Hash Buckets": 1024,"Original Hash Buckets": 1024,"Hash Batches": 1,"Original Hash Batches": 1,"Peak Memory Usage": 35,"Workers": [],"Plans": [{"Node Type": "Nested Loop","Parent Relationship": "Outer","Parallel Aware": false,"Async Capable": false,"Join Type": "Inner","Startup Cost": 7.38,"Total Cost": 244.58,"Plan Rows": 400,"Plan Width": 30,"Actual Startup Time": 0.319,"Actual Total Time": 4.167,"Actual Rows": 421,"Actual Loops": 5,"Inner Unique": false,"Workers": [],"Plans": [{"Node Type": "Seq Scan","Parent Relationship": "Outer","Parallel Aware": false,"Async Capable": false,"Relation Name": "nation","Alias": "nation","Startup Cost": 0.00,"Total Cost": 1.31,"Plan Rows": 1,"Plan Width": 4,"Actual Startup Time": 0.061,"Actual Total Time": 0.065,"Actual Rows": 1,"Actual Loops": 5,"Filter": "(n_name = 'PERU'::bpchar)","Rows Removed by Filter": 24,"Workers": []},{"Node Type": "Bitmap Heap Scan","Parent Relationship": "Inner","Parallel Aware": false,"Async Capable": false,"Relation Name": "supplier","Alias": "supplier","Startup Cost": 7.38,"Total Cost": 239.27,"Plan Rows": 400,"Plan Width": 34,"Actual Startup Time": 0.253,"Actual Total Time": 4.010,"Actual Rows": 421,"Actual Loops": 5,"Recheck Cond": "(s_nationkey = nation.n_nationkey)","Rows Removed by Index Recheck": 0,"Exact Heap Blocks": 187,"Lossy Heap Blocks": 0,"Workers": [],"Plans": [{"Node Type": "Bitmap Index Scan","Parent Relationship": "Outer","Parallel Aware": false,"Async Capable": false,"Index Name": "idx_supplier_nation_key","Startup Cost": 0.00,"Total Cost": 7.29,"Plan Rows": 400,"Plan Width": 0,"Actual Startup Time": 0.167,"Actual Total Time": 0.169,"Actual Rows": 421,"Actual Loops": 5,"Index Cond": "(s_nationkey = nation.n_nationkey)","Workers": []}]}]}]}]},{"Node Type": "Index Scan","Parent Relationship": "Inner","Parallel Aware": false,"Async Capable": false,"Scan Direction": "Forward","Index Name": "idx_lineitem_orderkey","Relation Name": "lineitem","Alias": "l3","Startup Cost": 0.43,"Total Cost": 1.06,"Plan Rows": 6,"Plan Width": 8,"Actual Startup Time": 0.003,"Actual Total Time": 0.003,"Actual Rows": 1,"Actual Loops": 159165,"Index Cond": "(l_orderkey = l1.l_orderkey)","Rows Removed by Index Recheck": 0,"Filter": "((l_receiptdate > l_commitdate) AND (l_suppkey <> l1.l_suppkey))","Rows Removed by Filter": 1,"Workers": []}]}]},{"Node Type": "Index Scan","Parent Relationship": "Inner","Parallel Aware": false,"Async Capable": false,"Scan Direction": "Forward","Index Name": "idx_lineitem_orderkey","Relation Name": "lineitem","Alias": "l2","Startup Cost": 0.43,"Total Cost": 1.02,"Plan Rows": 17,"Plan Width": 8,"Actual Startup Time": 0.008,"Actual Total Time": 0.008,"Actual Rows": 1,"Actual Loops": 14289,"Index Cond": "(l_orderkey = l1.l_orderkey)","Rows Removed by Index Recheck": 0,"Filter": "(l_suppkey <> l1.l_suppkey)","Rows Removed by Filter": 1}]},{"Node Type": "Index Scan","Parent Relationship": "Inner","Parallel Aware": false,"Async Capable": false,"Scan Direction": "Forward","Index Name": "orders_pkey","Relation Name": "orders","Alias": "orders","Startup Cost": 0.43,"Total Cost": 0.51,"Plan Rows": 1,"Plan Width": 4,"Actual Startup Time": 0.007,"Actual Total Time": 0.007,"Actual Rows": 0,"Actual Loops": 8678,"Index Cond": "(o_orderkey = l1.l_orderkey)","Rows Removed by Index Recheck": 0,"Filter": "(o_orderstatus = 'F'::bpchar)","Rows Removed by Filter": 1}]}]}]}]},"Planning Time": 8.374,"Triggers": [],"Execution Time": 528.458}]
[{"Plan": {"Node Type": "Sort","Parallel Aware": false,"Async Capable": false,"Startup Cost": 147378.80,"Total Cost": 147378.81,"Plan Rows": 1,"Plan Width": 34,"Actual Startup Time": 512.736,"Actual Total Time": 529.210,"Actual Rows": 438,"Actual Loops": 1,"Sort Key": ["(count(*)) DESC", "supplier.s_name"],"Sort Method": "quicksort","Sort Space Used": 59,"Sort Space Type": "Memory","Plans": [{"Node Type": "Aggregate","Strategy": "Sorted","Partial Mode": "Simple","Parent Relationship": "Outer","Parallel Aware": false,"Async Capable": false,"Startup Cost": 147378.77,"Total Cost": 147378.79,"Plan Rows": 1,"Plan Width": 34,"Actual Startup Time": 511.404,"Actual Total Time": 528.425,"Actual Rows": 438,"Actual Loops": 1,"Group Key": ["supplier.s_name"],"Plans": [{"Node Type": "Sort","Parent Relationship": "Outer","Parallel Aware": false,"Async Capable": false,"Startup Cost": 147378.77,"Total Cost": 147378.78,"Plan Rows": 1,"Plan Width": 26,"Actual Startup Time": 511.372,"Actual Total Time": 527.974,"Actual Rows": 4210,"Actual Loops": 1,"Sort Key": ["supplier.s_name"],"Sort Method": "quicksort","Sort Space Used": 489,"Sort Space Type": "Memory","Plans": [{"Node Type": "Nested Loop","Parent Relationship": "Outer","Parallel Aware": false,"Async Capable": false,"Join Type": "Inner","Startup Cost": 1250.87,"Total Cost": 147378.76,"Plan Rows": 1,"Plan Width": 26,"Actual Startup Time": 5.368,"Actual Total Time": 515.358,"Actual Rows": 4210,"Actual Loops": 1,"Inner Unique": true,"Plans": [{"Node Type": "Nested Loop","Parent Relationship": "Outer","Parallel Aware": false,"Async Capable": false,"Join Type": "Semi","Startup Cost": 1250.44,"Total Cost": 147378.26,"Plan Rows": 1,"Plan Width": 34,"Actual Startup Time": 5.330,"Actual Total Time": 447.041,"Actual Rows": 8778,"Actual Loops": 1,"Inner Unique": false,"Plans": [{"Node Type": "Gather","Parent Relationship": "Outer","Parallel Aware": false,"Async Capable": false,"Startup Cost": 1250.01,"Total Cost": 147377.22,"Plan Rows": 1,"Plan Width": 34,"Actual Startup Time": 5.278,"Actual Total Time": 329.789,"Actual Rows": 14669,"Actual Loops": 1,"Workers Planned": 4,"Workers Launched": 4,"Single Copy": false,"Plans": [{"Node Type": "Nested Loop","Parent Relationship": "Outer","Parallel Aware": false,"Async Capable": false,"Join Type": "Anti","Startup Cost": 250.01,"Total Cost": 146377.12,"Plan Rows": 1,"Plan Width": 34,"Actual Startup Time": 5.105,"Actual Total Time": 449.554,"Actual Rows": 2934,"Actual Loops": 5,"Inner Unique": false,"Workers": [],"Plans": [{"Node Type": "Hash Join","Parent Relationship": "Outer","Parallel Aware": false,"Async Capable": false,"Join Type": "Inner","Startup Cost": 249.58,"Total Cost": 133581.65,"Plan Rows": 19990,"Plan Width": 34,"Actual Startup Time": 4.734,"Actual Total Time": 354.759,"Actual Rows": 33108,"Actual Loops": 5,"Inner Unique": false,"Hash Cond": "(l1.l_suppkey = supplier.s_suppkey)","Workers": [],"Plans": [{"Node Type": "Seq Scan","Parent Relationship": "Outer","Parallel Aware": true,"Async Capable": false,"Relation Name": "lineitem","Alias": "l1","Startup Cost": 0.00,"Total Cost": 131256.80,"Plan Rows": 500101,"Plan Width": 8,"Actual Startup Time": 0.025,"Actual Total Time": 303.070,"Actual Rows": 758659,"Actual Loops": 5,"Filter": "(l_receiptdate > l_commitdate)","Rows Removed by Filter": 441584,"Workers": []},{"Node Type": "Hash","Parent Relationship": "Inner","Parallel Aware": false,"Async Capable": false,"Startup Cost": 244.58,"Total Cost": 244.58,"Plan Rows": 400,"Plan Width": 30,"Actual Startup Time": 4.446,"Actual Total Time": 4.454,"Actual Rows": 438,"Actual Loops": 5,"Hash Buckets": 1024,"Original Hash Buckets": 1024,"Hash Batches": 1,"Original Hash Batches": 1,"Peak Memory Usage": 36,"Workers": [],"Plans": [{"Node Type": "Nested Loop","Parent Relationship": "Outer","Parallel Aware": false,"Async Capable": false,"Join Type": "Inner","Startup Cost": 7.38,"Total Cost": 244.58,"Plan Rows": 400,"Plan Width": 30,"Actual Startup Time": 0.266,"Actual Total Time": 4.290,"Actual Rows": 438,"Actual Loops": 5,"Inner Unique": false,"Workers": [],"Plans": [{"Node Type": "Seq Scan","Parent Relationship": "Outer","Parallel Aware": false,"Async Capable": false,"Relation Name": "nation","Alias": "nation","Startup Cost": 0.00,"Total Cost": 1.31,"Plan Rows": 1,"Plan Width": 4,"Actual Startup Time": 0.058,"Actual Total Time": 0.064,"Actual Rows": 1,"Actual Loops": 5,"Filter": "(n_name = 'IRAQ'::bpchar)","Rows Removed by Filter": 24,"Workers": []},{"Node Type": "Bitmap Heap Scan","Parent Relationship": "Inner","Parallel Aware": false,"Async Capable": false,"Relation Name": "supplier","Alias": "supplier","Startup Cost": 7.38,"Total Cost": 239.27,"Plan Rows": 400,"Plan Width": 34,"Actual Startup Time": 0.204,"Actual Total Time": 4.151,"Actual Rows": 438,"Actual Loops": 5,"Recheck Cond": "(s_nationkey = nation.n_nationkey)","Rows Removed by Index Recheck": 0,"Exact Heap Blocks": 194,"Lossy Heap Blocks": 0,"Workers": [],"Plans": [{"Node Type": "Bitmap Index Scan","Parent Relationship": "Outer","Parallel Aware": false,"Async Capable": false,"Index Name": "idx_supplier_nation_key","Startup Cost": 0.00,"Total Cost": 7.29,"Plan Rows": 400,"Plan Width": 0,"Actual Startup Time": 0.139,"Actual Total Time": 0.140,"Actual Rows": 438,"Actual Loops": 5,"Index Cond": "(s_nationkey = nation.n_nationkey)","Workers": []}]}]}]}]},{"Node Type": "Index Scan","Parent Relationship": "Inner","Parallel Aware": false,"Async Capable": false,"Scan Direction": "Forward","Index Name": "idx_lineitem_orderkey","Relation Name": "lineitem","Alias": "l3","Startup Cost": 0.43,"Total Cost": 1.06,"Plan Rows": 6,"Plan Width": 8,"Actual Startup Time": 0.003,"Actual Total Time": 0.003,"Actual Rows": 1,"Actual Loops": 165540,"Index Cond": "(l_orderkey = l1.l_orderkey)","Rows Removed by Index Recheck": 0,"Filter": "((l_receiptdate > l_commitdate) AND (l_suppkey <> l1.l_suppkey))","Rows Removed by Filter": 1,"Workers": []}]}]},{"Node Type": "Index Scan","Parent Relationship": "Inner","Parallel Aware": false,"Async Capable": false,"Scan Direction": "Forward","Index Name": "idx_lineitem_orderkey","Relation Name": "lineitem","Alias": "l2","Startup Cost": 0.43,"Total Cost": 1.02,"Plan Rows": 17,"Plan Width": 8,"Actual Startup Time": 0.007,"Actual Total Time": 0.007,"Actual Rows": 1,"Actual Loops": 14669,"Index Cond": "(l_orderkey = l1.l_orderkey)","Rows Removed by Index Recheck": 0,"Filter": "(l_suppkey <> l1.l_suppkey)","Rows Removed by Filter": 1}]},{"Node Type": "Index Scan","Parent Relationship": "Inner","Parallel Aware": false,"Async Capable": false,"Scan Direction": "Forward","Index Name": "orders_pkey","Relation Name": "orders","Alias": "orders","Startup Cost": 0.43,"Total Cost": 0.51,"Plan Rows": 1,"Plan Width": 4,"Actual Startup Time": 0.008,"Actual Total Time": 0.008,"Actual Rows": 0,"Actual Loops": 8778,"Index Cond": "(o_orderkey = l1.l_orderkey)","Rows Removed by Index Recheck": 0,"Filter": "(o_orderstatus = 'F'::bpchar)","Rows Removed by Filter": 1}]}]}]}]},"Planning Time": 9.762,"Triggers": [],"Execution Time": 529.872}]
[{"Plan": {"Node Type": "Sort","Parallel Aware": false,"Async Capable": false,"Startup Cost": 147378.80,"Total Cost": 147378.81,"Plan Rows": 1,"Plan Width": 34,"Actual Startup Time": 500.228,"Actual Total Time": 519.082,"Actual Rows": 412,"Actual Loops": 1,"Sort Key": ["(count(*)) DESC", "supplier.s_name"],"Sort Method": "quicksort","Sort Space Used": 57,"Sort Space Type": "Memory","Plans": [{"Node Type": "Aggregate","Strategy": "Sorted","Partial Mode": "Simple","Parent Relationship": "Outer","Parallel Aware": false,"Async Capable": false,"Startup Cost": 147378.77,"Total Cost": 147378.79,"Plan Rows": 1,"Plan Width": 34,"Actual Startup Time": 498.981,"Actual Total Time": 518.359,"Actual Rows": 412,"Actual Loops": 1,"Group Key": ["supplier.s_name"],"Plans": [{"Node Type": "Sort","Parent Relationship": "Outer","Parallel Aware": false,"Async Capable": false,"Startup Cost": 147378.77,"Total Cost": 147378.78,"Plan Rows": 1,"Plan Width": 26,"Actual Startup Time": 498.949,"Actual Total Time": 517.928,"Actual Rows": 4030,"Actual Loops": 1,"Sort Key": ["supplier.s_name"],"Sort Method": "quicksort","Sort Space Used": 380,"Sort Space Type": "Memory","Plans": [{"Node Type": "Nested Loop","Parent Relationship": "Outer","Parallel Aware": false,"Async Capable": false,"Join Type": "Inner","Startup Cost": 1250.87,"Total Cost": 147378.76,"Plan Rows": 1,"Plan Width": 26,"Actual Startup Time": 4.020,"Actual Total Time": 506.052,"Actual Rows": 4030,"Actual Loops": 1,"Inner Unique": true,"Plans": [{"Node Type": "Nested Loop","Parent Relationship": "Outer","Parallel Aware": false,"Async Capable": false,"Join Type": "Semi","Startup Cost": 1250.44,"Total Cost": 147378.26,"Plan Rows": 1,"Plan Width": 34,"Actual Startup Time": 3.993,"Actual Total Time": 443.011,"Actual Rows": 8146,"Actual Loops": 1,"Inner Unique": false,"Plans": [{"Node Type": "Gather","Parent Relationship": "Outer","Parallel Aware": false,"Async Capable": false,"Startup Cost": 1250.01,"Total Cost": 147377.22,"Plan Rows": 1,"Plan Width": 34,"Actual Startup Time": 3.980,"Actual Total Time": 336.738,"Actual Rows": 13748,"Actual Loops": 1,"Workers Planned": 4,"Workers Launched": 4,"Single Copy": false,"Plans": [{"Node Type": "Nested Loop","Parent Relationship": "Outer","Parallel Aware": false,"Async Capable": false,"Join Type": "Anti","Startup Cost": 250.01,"Total Cost": 146377.12,"Plan Rows": 1,"Plan Width": 34,"Actual Startup Time": 4.569,"Actual Total Time": 441.712,"Actual Rows": 2750,"Actual Loops": 5,"Inner Unique": false,"Workers": [],"Plans": [{"Node Type": "Hash Join","Parent Relationship": "Outer","Parallel Aware": false,"Async Capable": false,"Join Type": "Inner","Startup Cost": 249.58,"Total Cost": 133581.65,"Plan Rows": 19990,"Plan Width": 34,"Actual Startup Time": 4.262,"Actual Total Time": 350.942,"Actual Rows": 31209,"Actual Loops": 5,"Inner Unique": false,"Hash Cond": "(l1.l_suppkey = supplier.s_suppkey)","Workers": [],"Plans": [{"Node Type": "Seq Scan","Parent Relationship": "Outer","Parallel Aware": true,"Async Capable": false,"Relation Name": "lineitem","Alias": "l1","Startup Cost": 0.00,"Total Cost": 131256.80,"Plan Rows": 500101,"Plan Width": 8,"Actual Startup Time": 0.026,"Actual Total Time": 299.296,"Actual Rows": 758659,"Actual Loops": 5,"Filter": "(l_receiptdate > l_commitdate)","Rows Removed by Filter": 441584,"Workers": []},{"Node Type": "Hash","Parent Relationship": "Inner","Parallel Aware": false,"Async Capable": false,"Startup Cost": 244.58,"Total Cost": 244.58,"Plan Rows": 400,"Plan Width": 30,"Actual Startup Time": 3.907,"Actual Total Time": 3.918,"Actual Rows": 412,"Actual Loops": 5,"Hash Buckets": 1024,"Original Hash Buckets": 1024,"Hash Batches": 1,"Original Hash Batches": 1,"Peak Memory Usage": 34,"Workers": [],"Plans": [{"Node Type": "Nested Loop","Parent Relationship": "Outer","Parallel Aware": false,"Async Capable": false,"Join Type": "Inner","Startup Cost": 7.38,"Total Cost": 244.58,"Plan Rows": 400,"Plan Width": 30,"Actual Startup Time": 0.286,"Actual Total Time": 3.756,"Actual Rows": 412,"Actual Loops": 5,"Inner Unique": false,"Workers": [],"Plans": [{"Node Type": "Seq Scan","Parent Relationship": "Outer","Parallel Aware": false,"Async Capable": false,"Relation Name": "nation","Alias": "nation","Startup Cost": 0.00,"Total Cost": 1.31,"Plan Rows": 1,"Plan Width": 4,"Actual Startup Time": 0.059,"Actual Total Time": 0.064,"Actual Rows": 1,"Actual Loops": 5,"Filter": "(n_name = 'CANADA'::bpchar)","Rows Removed by Filter": 24,"Workers": []},{"Node Type": "Bitmap Heap Scan","Parent Relationship": "Inner","Parallel Aware": false,"Async Capable": false,"Relation Name": "supplier","Alias": "supplier","Startup Cost": 7.38,"Total Cost": 239.27,"Plan Rows": 400,"Plan Width": 34,"Actual Startup Time": 0.222,"Actual Total Time": 3.623,"Actual Rows": 412,"Actual Loops": 5,"Recheck Cond": "(s_nationkey = nation.n_nationkey)","Rows Removed by Index Recheck": 0,"Exact Heap Blocks": 189,"Lossy Heap Blocks": 0,"Workers": [],"Plans": [{"Node Type": "Bitmap Index Scan","Parent Relationship": "Outer","Parallel Aware": false,"Async Capable": false,"Index Name": "idx_supplier_nation_key","Startup Cost": 0.00,"Total Cost": 7.29,"Plan Rows": 400,"Plan Width": 0,"Actual Startup Time": 0.144,"Actual Total Time": 0.145,"Actual Rows": 412,"Actual Loops": 5,"Index Cond": "(s_nationkey = nation.n_nationkey)","Workers": []}]}]}]}]},{"Node Type": "Index Scan","Parent Relationship": "Inner","Parallel Aware": false,"Async Capable": false,"Scan Direction": "Forward","Index Name": "idx_lineitem_orderkey","Relation Name": "lineitem","Alias": "l3","Startup Cost": 0.43,"Total Cost": 1.06,"Plan Rows": 6,"Plan Width": 8,"Actual Startup Time": 0.003,"Actual Total Time": 0.003,"Actual Rows": 1,"Actual Loops": 156047,"Index Cond": "(l_orderkey = l1.l_orderkey)","Rows Removed by Index Recheck": 0,"Filter": "((l_receiptdate > l_commitdate) AND (l_suppkey <> l1.l_suppkey))","Rows Removed by Filter": 1,"Workers": []}]}]},{"Node Type": "Index Scan","Parent Relationship": "Inner","Parallel Aware": false,"Async Capable": false,"Scan Direction": "Forward","Index Name": "idx_lineitem_orderkey","Relation Name": "lineitem","Alias": "l2","Startup Cost": 0.43,"Total Cost": 1.02,"Plan Rows": 17,"Plan Width": 8,"Actual Startup Time": 0.007,"Actual Total Time": 0.007,"Actual Rows": 1,"Actual Loops": 13748,"Index Cond": "(l_orderkey = l1.l_orderkey)","Rows Removed by Index Recheck": 0,"Filter": "(l_suppkey <> l1.l_suppkey)","Rows Removed by Filter": 1}]},{"Node Type": "Index Scan","Parent Relationship": "Inner","Parallel Aware": false,"Async Capable": false,"Scan Direction": "Forward","Index Name": "orders_pkey","Relation Name": "orders","Alias": "orders","Startup Cost": 0.43,"Total Cost": 0.51,"Plan Rows": 1,"Plan Width": 4,"Actual Startup Time": 0.007,"Actual Total Time": 0.007,"Actual Rows": 0,"Actual Loops": 8146,"Index Cond": "(o_orderkey = l1.l_orderkey)","Rows Removed by Index Recheck": 0,"Filter": "(o_orderstatus = 'F'::bpchar)","Rows Removed by Filter": 1}]}]}]}]},"Planning Time": 9.689,"Triggers": [],"Execution Time": 519.513}]
[{"Plan": {"Node Type": "Sort","Parallel Aware": false,"Async Capable": false,"Startup Cost": 147378.80,"Total Cost": 147378.81,"Plan Rows": 1,"Plan Width": 34,"Actual Startup Time": 511.931,"Actual Total Time": 527.174,"Actual Rows": 415,"Actual Loops": 1,"Sort Key": ["(count(*)) DESC", "supplier.s_name"],"Sort Method": "quicksort","Sort Space Used": 57,"Sort Space Type": "Memory","Plans": [{"Node Type": "Aggregate","Strategy": "Sorted","Partial Mode": "Simple","Parent Relationship": "Outer","Parallel Aware": false,"Async Capable": false,"Startup Cost": 147378.77,"Total Cost": 147378.79,"Plan Rows": 1,"Plan Width": 34,"Actual Startup Time": 510.675,"Actual Total Time": 526.442,"Actual Rows": 415,"Actual Loops": 1,"Group Key": ["supplier.s_name"],"Plans": [{"Node Type": "Sort","Parent Relationship": "Outer","Parallel Aware": false,"Async Capable": false,"Startup Cost": 147378.77,"Total Cost": 147378.78,"Plan Rows": 1,"Plan Width": 26,"Actual Startup Time": 510.644,"Actual Total Time": 526.012,"Actual Rows": 4112,"Actual Loops": 1,"Sort Key": ["supplier.s_name"],"Sort Method": "quicksort","Sort Space Used": 482,"Sort Space Type": "Memory","Plans": [{"Node Type": "Nested Loop","Parent Relationship": "Outer","Parallel Aware": false,"Async Capable": false,"Join Type": "Inner","Startup Cost": 1250.87,"Total Cost": 147378.76,"Plan Rows": 1,"Plan Width": 26,"Actual Startup Time": 4.482,"Actual Total Time": 514.049,"Actual Rows": 4112,"Actual Loops": 1,"Inner Unique": true,"Plans": [{"Node Type": "Nested Loop","Parent Relationship": "Outer","Parallel Aware": false,"Async Capable": false,"Join Type": "Semi","Startup Cost": 1250.44,"Total Cost": 147378.26,"Plan Rows": 1,"Plan Width": 34,"Actual Startup Time": 4.433,"Actual Total Time": 447.118,"Actual Rows": 8423,"Actual Loops": 1,"Inner Unique": false,"Plans": [{"Node Type": "Gather","Parent Relationship": "Outer","Parallel Aware": false,"Async Capable": false,"Startup Cost": 1250.01,"Total Cost": 147377.22,"Plan Rows": 1,"Plan Width": 34,"Actual Startup Time": 4.417,"Actual Total Time": 335.444,"Actual Rows": 14099,"Actual Loops": 1,"Workers Planned": 4,"Workers Launched": 4,"Single Copy": false,"Plans": [{"Node Type": "Nested Loop","Parent Relationship": "Outer","Parallel Aware": false,"Async Capable": false,"Join Type": "Anti","Startup Cost": 250.01,"Total Cost": 146377.12,"Plan Rows": 1,"Plan Width": 34,"Actual Startup Time": 5.494,"Actual Total Time": 449.293,"Actual Rows": 2820,"Actual Loops": 5,"Inner Unique": false,"Workers": [],"Plans": [{"Node Type": "Hash Join","Parent Relationship": "Outer","Parallel Aware": false,"Async Capable": false,"Join Type": "Inner","Startup Cost": 249.58,"Total Cost": 133581.65,"Plan Rows": 19990,"Plan Width": 34,"Actual Startup Time": 5.114,"Actual Total Time": 356.460,"Actual Rows": 31599,"Actual Loops": 5,"Inner Unique": false,"Hash Cond": "(l1.l_suppkey = supplier.s_suppkey)","Workers": [],"Plans": [{"Node Type": "Seq Scan","Parent Relationship": "Outer","Parallel Aware": true,"Async Capable": false,"Relation Name": "lineitem","Alias": "l1","Startup Cost": 0.00,"Total Cost": 131256.80,"Plan Rows": 500101,"Plan Width": 8,"Actual Startup Time": 0.028,"Actual Total Time": 305.044,"Actual Rows": 758659,"Actual Loops": 5,"Filter": "(l_receiptdate > l_commitdate)","Rows Removed by Filter": 441584,"Workers": []},{"Node Type": "Hash","Parent Relationship": "Inner","Parallel Aware": false,"Async Capable": false,"Startup Cost": 244.58,"Total Cost": 244.58,"Plan Rows": 400,"Plan Width": 30,"Actual Startup Time": 4.772,"Actual Total Time": 4.789,"Actual Rows": 415,"Actual Loops": 5,"Hash Buckets": 1024,"Original Hash Buckets": 1024,"Hash Batches": 1,"Original Hash Batches": 1,"Peak Memory Usage": 34,"Workers": [],"Plans": [{"Node Type": "Nested Loop","Parent Relationship": "Outer","Parallel Aware": false,"Async Capable": false,"Join Type": "Inner","Startup Cost": 7.38,"Total Cost": 244.58,"Plan Rows": 400,"Plan Width": 30,"Actual Startup Time": 0.307,"Actual Total Time": 4.608,"Actual Rows": 415,"Actual Loops": 5,"Inner Unique": false,"Workers": [],"Plans": [{"Node Type": "Seq Scan","Parent Relationship": "Outer","Parallel Aware": false,"Async Capable": false,"Relation Name": "nation","Alias": "nation","Startup Cost": 0.00,"Total Cost": 1.31,"Plan Rows": 1,"Plan Width": 4,"Actual Startup Time": 0.059,"Actual Total Time": 0.064,"Actual Rows": 1,"Actual Loops": 5,"Filter": "(n_name = 'EGYPT'::bpchar)","Rows Removed by Filter": 24,"Workers": []},{"Node Type": "Bitmap Heap Scan","Parent Relationship": "Inner","Parallel Aware": false,"Async Capable": false,"Relation Name": "supplier","Alias": "supplier","Startup Cost": 7.38,"Total Cost": 239.27,"Plan Rows": 400,"Plan Width": 34,"Actual Startup Time": 0.244,"Actual Total Time": 4.451,"Actual Rows": 415,"Actual Loops": 5,"Recheck Cond": "(s_nationkey = nation.n_nationkey)","Rows Removed by Index Recheck": 0,"Exact Heap Blocks": 183,"Lossy Heap Blocks": 0,"Workers": [],"Plans": [{"Node Type": "Bitmap Index Scan","Parent Relationship": "Outer","Parallel Aware": false,"Async Capable": false,"Index Name": "idx_supplier_nation_key","Startup Cost": 0.00,"Total Cost": 7.29,"Plan Rows": 400,"Plan Width": 0,"Actual Startup Time": 0.159,"Actual Total Time": 0.162,"Actual Rows": 415,"Actual Loops": 5,"Index Cond": "(s_nationkey = nation.n_nationkey)","Workers": []}]}]}]}]},{"Node Type": "Index Scan","Parent Relationship": "Inner","Parallel Aware": false,"Async Capable": false,"Scan Direction": "Forward","Index Name": "idx_lineitem_orderkey","Relation Name": "lineitem","Alias": "l3","Startup Cost": 0.43,"Total Cost": 1.06,"Plan Rows": 6,"Plan Width": 8,"Actual Startup Time": 0.003,"Actual Total Time": 0.003,"Actual Rows": 1,"Actual Loops": 157994,"Index Cond": "(l_orderkey = l1.l_orderkey)","Rows Removed by Index Recheck": 0,"Filter": "((l_receiptdate > l_commitdate) AND (l_suppkey <> l1.l_suppkey))","Rows Removed by Filter": 1,"Workers": []}]}]},{"Node Type": "Index Scan","Parent Relationship": "Inner","Parallel Aware": false,"Async Capable": false,"Scan Direction": "Forward","Index Name": "idx_lineitem_orderkey","Relation Name": "lineitem","Alias": "l2","Startup Cost": 0.43,"Total Cost": 1.02,"Plan Rows": 17,"Plan Width": 8,"Actual Startup Time": 0.007,"Actual Total Time": 0.007,"Actual Rows": 1,"Actual Loops": 14099,"Index Cond": "(l_orderkey = l1.l_orderkey)","Rows Removed by Index Recheck": 0,"Filter": "(l_suppkey <> l1.l_suppkey)","Rows Removed by Filter": 1}]},{"Node Type": "Index Scan","Parent Relationship": "Inner","Parallel Aware": false,"Async Capable": false,"Scan Direction": "Forward","Index Name": "orders_pkey","Relation Name": "orders","Alias": "orders","Startup Cost": 0.43,"Total Cost": 0.51,"Plan Rows": 1,"Plan Width": 4,"Actual Startup Time": 0.008,"Actual Total Time": 0.008,"Actual Rows": 0,"Actual Loops": 8423,"Index Cond": "(o_orderkey = l1.l_orderkey)","Rows Removed by Index Recheck": 0,"Filter": "(o_orderstatus = 'F'::bpchar)","Rows Removed by Filter": 1}]}]}]}]},"Planning Time": 8.195,"Triggers": [],"Execution Time": 527.804}]
[{"Plan": {"Node Type": "Sort","Parallel Aware": false,"Async Capable": false,"Startup Cost": 147378.80,"Total Cost": 147378.81,"Plan Rows": 1,"Plan Width": 34,"Actual Startup Time": 496.555,"Actual Total Time": 517.754,"Actual Rows": 397,"Actual Loops": 1,"Sort Key": ["(count(*)) DESC", "supplier.s_name"],"Sort Method": "quicksort","Sort Space Used": 56,"Sort Space Type": "Memory","Plans": [{"Node Type": "Aggregate","Strategy": "Sorted","Partial Mode": "Simple","Parent Relationship": "Outer","Parallel Aware": false,"Async Capable": false,"Startup Cost": 147378.77,"Total Cost": 147378.79,"Plan Rows": 1,"Plan Width": 34,"Actual Startup Time": 495.361,"Actual Total Time": 517.058,"Actual Rows": 397,"Actual Loops": 1,"Group Key": ["supplier.s_name"],"Plans": [{"Node Type": "Sort","Parent Relationship": "Outer","Parallel Aware": false,"Async Capable": false,"Startup Cost": 147378.77,"Total Cost": 147378.78,"Plan Rows": 1,"Plan Width": 26,"Actual Startup Time": 495.332,"Actual Total Time": 516.651,"Actual Rows": 3913,"Actual Loops": 1,"Sort Key": ["supplier.s_name"],"Sort Method": "quicksort","Sort Space Used": 372,"Sort Space Type": "Memory","Plans": [{"Node Type": "Nested Loop","Parent Relationship": "Outer","Parallel Aware": false,"Async Capable": false,"Join Type": "Inner","Startup Cost": 1250.87,"Total Cost": 147378.76,"Plan Rows": 1,"Plan Width": 26,"Actual Startup Time": 5.355,"Actual Total Time": 505.328,"Actual Rows": 3913,"Actual Loops": 1,"Inner Unique": true,"Plans": [{"Node Type": "Nested Loop","Parent Relationship": "Outer","Parallel Aware": false,"Async Capable": false,"Join Type": "Semi","Startup Cost": 1250.44,"Total Cost": 147378.26,"Plan Rows": 1,"Plan Width": 34,"Actual Startup Time": 4.468,"Actual Total Time": 441.221,"Actual Rows": 7976,"Actual Loops": 1,"Inner Unique": false,"Plans": [{"Node Type": "Gather","Parent Relationship": "Outer","Parallel Aware": false,"Async Capable": false,"Startup Cost": 1250.01,"Total Cost": 147377.22,"Plan Rows": 1,"Plan Width": 34,"Actual Startup Time": 4.454,"Actual Total Time": 332.117,"Actual Rows": 13419,"Actual Loops": 1,"Workers Planned": 4,"Workers Launched": 4,"Single Copy": false,"Plans": [{"Node Type": "Nested Loop","Parent Relationship": "Outer","Parallel Aware": false,"Async Capable": false,"Join Type": "Anti","Startup Cost": 250.01,"Total Cost": 146377.12,"Plan Rows": 1,"Plan Width": 34,"Actual Startup Time": 5.707,"Actual Total Time": 439.562,"Actual Rows": 2684,"Actual Loops": 5,"Inner Unique": false,"Workers": [],"Plans": [{"Node Type": "Hash Join","Parent Relationship": "Outer","Parallel Aware": false,"Async Capable": false,"Join Type": "Inner","Startup Cost": 249.58,"Total Cost": 133581.65,"Plan Rows": 19990,"Plan Width": 34,"Actual Startup Time": 5.222,"Actual Total Time": 351.394,"Actual Rows": 30171,"Actual Loops": 5,"Inner Unique": false,"Hash Cond": "(l1.l_suppkey = supplier.s_suppkey)","Workers": [],"Plans": [{"Node Type": "Seq Scan","Parent Relationship": "Outer","Parallel Aware": true,"Async Capable": false,"Relation Name": "lineitem","Alias": "l1","Startup Cost": 0.00,"Total Cost": 131256.80,"Plan Rows": 500101,"Plan Width": 8,"Actual Startup Time": 0.029,"Actual Total Time": 300.354,"Actual Rows": 758659,"Actual Loops": 5,"Filter": "(l_receiptdate > l_commitdate)","Rows Removed by Filter": 441584,"Workers": []},{"Node Type": "Hash","Parent Relationship": "Inner","Parallel Aware": false,"Async Capable": false,"Startup Cost": 244.58,"Total Cost": 244.58,"Plan Rows": 400,"Plan Width": 30,"Actual Startup Time": 4.859,"Actual Total Time": 4.869,"Actual Rows": 397,"Actual Loops": 5,"Hash Buckets": 1024,"Original Hash Buckets": 1024,"Hash Batches": 1,"Original Hash Batches": 1,"Peak Memory Usage": 33,"Workers": [],"Plans": [{"Node Type": "Nested Loop","Parent Relationship": "Outer","Parallel Aware": false,"Async Capable": false,"Join Type": "Inner","Startup Cost": 7.38,"Total Cost": 244.58,"Plan Rows": 400,"Plan Width": 30,"Actual Startup Time": 0.335,"Actual Total Time": 4.677,"Actual Rows": 397,"Actual Loops": 5,"Inner Unique": false,"Workers": [],"Plans": [{"Node Type": "Seq Scan","Parent Relationship": "Outer","Parallel Aware": false,"Async Capable": false,"Relation Name": "nation","Alias": "nation","Startup Cost": 0.00,"Total Cost": 1.31,"Plan Rows": 1,"Plan Width": 4,"Actual Startup Time": 0.076,"Actual Total Time": 0.084,"Actual Rows": 1,"Actual Loops": 5,"Filter": "(n_name = 'BRAZIL'::bpchar)","Rows Removed by Filter": 24,"Workers": []},{"Node Type": "Bitmap Heap Scan","Parent Relationship": "Inner","Parallel Aware": false,"Async Capable": false,"Relation Name": "supplier","Alias": "supplier","Startup Cost": 7.38,"Total Cost": 239.27,"Plan Rows": 400,"Plan Width": 34,"Actual Startup Time": 0.255,"Actual Total Time": 4.499,"Actual Rows": 397,"Actual Loops": 5,"Recheck Cond": "(s_nationkey = nation.n_nationkey)","Rows Removed by Index Recheck": 0,"Exact Heap Blocks": 187,"Lossy Heap Blocks": 0,"Workers": [],"Plans": [{"Node Type": "Bitmap Index Scan","Parent Relationship": "Outer","Parallel Aware": false,"Async Capable": false,"Index Name": "idx_supplier_nation_key","Startup Cost": 0.00,"Total Cost": 7.29,"Plan Rows": 400,"Plan Width": 0,"Actual Startup Time": 0.169,"Actual Total Time": 0.170,"Actual Rows": 397,"Actual Loops": 5,"Index Cond": "(s_nationkey = nation.n_nationkey)","Workers": []}]}]}]}]},{"Node Type": "Index Scan","Parent Relationship": "Inner","Parallel Aware": false,"Async Capable": false,"Scan Direction": "Forward","Index Name": "idx_lineitem_orderkey","Relation Name": "lineitem","Alias": "l3","Startup Cost": 0.43,"Total Cost": 1.06,"Plan Rows": 6,"Plan Width": 8,"Actual Startup Time": 0.003,"Actual Total Time": 0.003,"Actual Rows": 1,"Actual Loops": 150857,"Index Cond": "(l_orderkey = l1.l_orderkey)","Rows Removed by Index Recheck": 0,"Filter": "((l_receiptdate > l_commitdate) AND (l_suppkey <> l1.l_suppkey))","Rows Removed by Filter": 1,"Workers": []}]}]},{"Node Type": "Index Scan","Parent Relationship": "Inner","Parallel Aware": false,"Async Capable": false,"Scan Direction": "Forward","Index Name": "idx_lineitem_orderkey","Relation Name": "lineitem","Alias": "l2","Startup Cost": 0.43,"Total Cost": 1.02,"Plan Rows": 17,"Plan Width": 8,"Actual Startup Time": 0.008,"Actual Total Time": 0.008,"Actual Rows": 1,"Actual Loops": 13419,"Index Cond": "(l_orderkey = l1.l_orderkey)","Rows Removed by Index Recheck": 0,"Filter": "(l_suppkey <> l1.l_suppkey)","Rows Removed by Filter": 1}]},{"Node Type": "Index Scan","Parent Relationship": "Inner","Parallel Aware": false,"Async Capable": false,"Scan Direction": "Forward","Index Name": "orders_pkey","Relation Name": "orders","Alias": "orders","Startup Cost": 0.43,"Total Cost": 0.51,"Plan Rows": 1,"Plan Width": 4,"Actual Startup Time": 0.008,"Actual Total Time": 0.008,"Actual Rows": 0,"Actual Loops": 7976,"Index Cond": "(o_orderkey = l1.l_orderkey)","Rows Removed by Index Recheck": 0,"Filter": "(o_orderstatus = 'F'::bpchar)","Rows Removed by Filter": 1}]}]}]}]},"Planning Time": 8.213,"Triggers": [],"Execution Time": 518.316}]
[{"Plan": {"Node Type": "Sort","Parallel Aware": false,"Async Capable": false,"Startup Cost": 147378.80,"Total Cost": 147378.81,"Plan Rows": 1,"Plan Width": 34,"Actual Startup Time": 484.568,"Actual Total Time": 505.980,"Actual Rows": 362,"Actual Loops": 1,"Sort Key": ["(count(*)) DESC", "supplier.s_name"],"Sort Method": "quicksort","Sort Space Used": 53,"Sort Space Type": "Memory","Plans": [{"Node Type": "Aggregate","Strategy": "Sorted","Partial Mode": "Simple","Parent Relationship": "Outer","Parallel Aware": false,"Async Capable": false,"Startup Cost": 147378.77,"Total Cost": 147378.79,"Plan Rows": 1,"Plan Width": 34,"Actual Startup Time": 483.467,"Actual Total Time": 505.326,"Actual Rows": 362,"Actual Loops": 1,"Group Key": ["supplier.s_name"],"Plans": [{"Node Type": "Sort","Parent Relationship": "Outer","Parallel Aware": false,"Async Capable": false,"Startup Cost": 147378.77,"Total Cost": 147378.78,"Plan Rows": 1,"Plan Width": 26,"Actual Startup Time": 483.448,"Actual Total Time": 504.962,"Actual Rows": 3454,"Actual Loops": 1,"Sort Key": ["supplier.s_name"],"Sort Method": "quicksort","Sort Space Used": 339,"Sort Space Type": "Memory","Plans": [{"Node Type": "Nested Loop","Parent Relationship": "Outer","Parallel Aware": false,"Async Capable": false,"Join Type": "Inner","Startup Cost": 1250.87,"Total Cost": 147378.76,"Plan Rows": 1,"Plan Width": 26,"Actual Startup Time": 4.046,"Actual Total Time": 494.960,"Actual Rows": 3454,"Actual Loops": 1,"Inner Unique": true,"Plans": [{"Node Type": "Nested Loop","Parent Relationship": "Outer","Parallel Aware": false,"Async Capable": false,"Join Type": "Semi","Startup Cost": 1250.44,"Total Cost": 147378.26,"Plan Rows": 1,"Plan Width": 34,"Actual Startup Time": 3.697,"Actual Total Time": 437.513,"Actual Rows": 7167,"Actual Loops": 1,"Inner Unique": false,"Plans": [{"Node Type": "Gather","Parent Relationship": "Outer","Parallel Aware": false,"Async Capable": false,"Startup Cost": 1250.01,"Total Cost": 147377.22,"Plan Rows": 1,"Plan Width": 34,"Actual Startup Time": 3.682,"Actual Total Time": 337.976,"Actual Rows": 12136,"Actual Loops": 1,"Workers Planned": 4,"Workers Launched": 4,"Single Copy": false,"Plans": [{"Node Type": "Nested Loop","Parent Relationship": "Outer","Parallel Aware": false,"Async Capable": false,"Join Type": "Anti","Startup Cost": 250.01,"Total Cost": 146377.12,"Plan Rows": 1,"Plan Width": 34,"Actual Startup Time": 4.367,"Actual Total Time": 431.433,"Actual Rows": 2427,"Actual Loops": 5,"Inner Unique": false,"Workers": [],"Plans": [{"Node Type": "Hash Join","Parent Relationship": "Outer","Parallel Aware": false,"Async Capable": false,"Join Type": "Inner","Startup Cost": 249.58,"Total Cost": 133581.65,"Plan Rows": 19990,"Plan Width": 34,"Actual Startup Time": 4.181,"Actual Total Time": 349.984,"Actual Rows": 27450,"Actual Loops": 5,"Inner Unique": false,"Hash Cond": "(l1.l_suppkey = supplier.s_suppkey)","Workers": [],"Plans": [{"Node Type": "Seq Scan","Parent Relationship": "Outer","Parallel Aware": true,"Async Capable": false,"Relation Name": "lineitem","Alias": "l1","Startup Cost": 0.00,"Total Cost": 131256.80,"Plan Rows": 500101,"Plan Width": 8,"Actual Startup Time": 0.027,"Actual Total Time": 299.399,"Actual Rows": 758659,"Actual Loops": 5,"Filter": "(l_receiptdate > l_commitdate)","Rows Removed by Filter": 441584,"Workers": []},{"Node Type": "Hash","Parent Relationship": "Inner","Parallel Aware": false,"Async Capable": false,"Startup Cost": 244.58,"Total Cost": 244.58,"Plan Rows": 400,"Plan Width": 30,"Actual Startup Time": 3.849,"Actual Total Time": 3.862,"Actual Rows": 362,"Actual Loops": 5,"Hash Buckets": 1024,"Original Hash Buckets": 1024,"Hash Batches": 1,"Original Hash Batches": 1,"Peak Memory Usage": 31,"Workers": [],"Plans": [{"Node Type": "Nested Loop","Parent Relationship": "Outer","Parallel Aware": false,"Async Capable": false,"Join Type": "Inner","Startup Cost": 7.38,"Total Cost": 244.58,"Plan Rows": 400,"Plan Width": 30,"Actual Startup Time": 0.339,"Actual Total Time": 3.727,"Actual Rows": 362,"Actual Loops": 5,"Inner Unique": false,"Workers": [],"Plans": [{"Node Type": "Seq Scan","Parent Relationship": "Outer","Parallel Aware": false,"Async Capable": false,"Relation Name": "nation","Alias": "nation","Startup Cost": 0.00,"Total Cost": 1.31,"Plan Rows": 1,"Plan Width": 4,"Actual Startup Time": 0.061,"Actual Total Time": 0.064,"Actual Rows": 1,"Actual Loops": 5,"Filter": "(n_name = 'JORDAN'::bpchar)","Rows Removed by Filter": 24,"Workers": []},{"Node Type": "Bitmap Heap Scan","Parent Relationship": "Inner","Parallel Aware": false,"Async Capable": false,"Relation Name": "supplier","Alias": "supplier","Startup Cost": 7.38,"Total Cost": 239.27,"Plan Rows": 400,"Plan Width": 34,"Actual Startup Time": 0.272,"Actual Total Time": 3.601,"Actual Rows": 362,"Actual Loops": 5,"Recheck Cond": "(s_nationkey = nation.n_nationkey)","Rows Removed by Index Recheck": 0,"Exact Heap Blocks": 166,"Lossy Heap Blocks": 0,"Workers": [],"Plans": [{"Node Type": "Bitmap Index Scan","Parent Relationship": "Outer","Parallel Aware": false,"Async Capable": false,"Index Name": "idx_supplier_nation_key","Startup Cost": 0.00,"Total Cost": 7.29,"Plan Rows": 400,"Plan Width": 0,"Actual Startup Time": 0.176,"Actual Total Time": 0.178,"Actual Rows": 362,"Actual Loops": 5,"Index Cond": "(s_nationkey = nation.n_nationkey)","Workers": []}]}]}]}]},{"Node Type": "Index Scan","Parent Relationship": "Inner","Parallel Aware": false,"Async Capable": false,"Scan Direction": "Forward","Index Name": "idx_lineitem_orderkey","Relation Name": "lineitem","Alias": "l3","Startup Cost": 0.43,"Total Cost": 1.06,"Plan Rows": 6,"Plan Width": 8,"Actual Startup Time": 0.003,"Actual Total Time": 0.003,"Actual Rows": 1,"Actual Loops": 137252,"Index Cond": "(l_orderkey = l1.l_orderkey)","Rows Removed by Index Recheck": 0,"Filter": "((l_receiptdate > l_commitdate) AND (l_suppkey <> l1.l_suppkey))","Rows Removed by Filter": 1,"Workers": []}]}]},{"Node Type": "Index Scan","Parent Relationship": "Inner","Parallel Aware": false,"Async Capable": false,"Scan Direction": "Forward","Index Name": "idx_lineitem_orderkey","Relation Name": "lineitem","Alias": "l2","Startup Cost": 0.43,"Total Cost": 1.02,"Plan Rows": 17,"Plan Width": 8,"Actual Startup Time": 0.008,"Actual Total Time": 0.008,"Actual Rows": 1,"Actual Loops": 12136,"Index Cond": "(l_orderkey = l1.l_orderkey)","Rows Removed by Index Recheck": 0,"Filter": "(l_suppkey <> l1.l_suppkey)","Rows Removed by Filter": 1}]},{"Node Type": "Index Scan","Parent Relationship": "Inner","Parallel Aware": false,"Async Capable": false,"Scan Direction": "Forward","Index Name": "orders_pkey","Relation Name": "orders","Alias": "orders","Startup Cost": 0.43,"Total Cost": 0.51,"Plan Rows": 1,"Plan Width": 4,"Actual Startup Time": 0.008,"Actual Total Time": 0.008,"Actual Rows": 0,"Actual Loops": 7167,"Index Cond": "(o_orderkey = l1.l_orderkey)","Rows Removed by Index Recheck": 0,"Filter": "(o_orderstatus = 'F'::bpchar)","Rows Removed by Filter": 1}]}]}]}]},"Planning Time": 8.148,"Triggers": [],"Execution Time": 506.532}]
[{"Plan": {"Node Type": "Sort","Parallel Aware": false,"Async Capable": false,"Startup Cost": 147378.80,"Total Cost": 147378.81,"Plan Rows": 1,"Plan Width": 34,"Actual Startup Time": 484.568,"Actual Total Time": 505.980,"Actual Rows": 362,"Actual Loops": 1,"Sort Key": ["(count(*)) DESC", "supplier.s_name"],"Sort Method": "quicksort","Sort Space Used": 53,"Sort Space Type": "Memory","Plans": [{"Node Type": "Aggregate","Strategy": "Sorted","Partial Mode": "Simple","Parent Relationship": "Outer","Parallel Aware": false,"Async Capable": false,"Startup Cost": 147378.77,"Total Cost": 147378.79,"Plan Rows": 1,"Plan Width": 34,"Actual Startup Time": 483.467,"Actual Total Time": 505.326,"Actual Rows": 362,"Actual Loops": 1,"Group Key": ["supplier.s_name"],"Plans": [{"Node Type": "Sort","Parent Relationship": "Outer","Parallel Aware": false,"Async Capable": false,"Startup Cost": 147378.77,"Total Cost": 147378.78,"Plan Rows": 1,"Plan Width": 26,"Actual Startup Time": 483.448,"Actual Total Time": 504.962,"Actual Rows": 3454,"Actual Loops": 1,"Sort Key": ["supplier.s_name"],"Sort Method": "quicksort","Sort Space Used": 339,"Sort Space Type": "Memory","Plans": [{"Node Type": "Nested Loop","Parent Relationship": "Outer","Parallel Aware": false,"Async Capable": false,"Join Type": "Inner","Startup Cost": 1250.87,"Total Cost": 147378.76,"Plan Rows": 1,"Plan Width": 26,"Actual Startup Time": 4.046,"Actual Total Time": 494.960,"Actual Rows": 3454,"Actual Loops": 1,"Inner Unique": true,"Plans": [{"Node Type": "Nested Loop","Parent Relationship": "Outer","Parallel Aware": false,"Async Capable": false,"Join Type": "Semi","Startup Cost": 1250.44,"Total Cost": 147378.26,"Plan Rows": 1,"Plan Width": 34,"Actual Startup Time": 3.697,"Actual Total Time": 437.513,"Actual Rows": 7167,"Actual Loops": 1,"Inner Unique": false,"Plans": [{"Node Type": "Gather","Parent Relationship": "Outer","Parallel Aware": false,"Async Capable": false,"Startup Cost": 1250.01,"Total Cost": 147377.22,"Plan Rows": 1,"Plan Width": 34,"Actual Startup Time": 3.682,"Actual Total Time": 337.976,"Actual Rows": 12136,"Actual Loops": 1,"Workers Planned": 4,"Workers Launched": 4,"Single Copy": false,"Plans": [{"Node Type": "Nested Loop","Parent Relationship": "Outer","Parallel Aware": false,"Async Capable": false,"Join Type": "Anti","Startup Cost": 250.01,"Total Cost": 146377.12,"Plan Rows": 1,"Plan Width": 34,"Actual Startup Time": 4.367,"Actual Total Time": 431.433,"Actual Rows": 2427,"Actual Loops": 5,"Inner Unique": false,"Workers": [],"Plans": [{"Node Type": "Hash Join","Parent Relationship": "Outer","Parallel Aware": false,"Async Capable": false,"Join Type": "Inner","Startup Cost": 249.58,"Total Cost": 133581.65,"Plan Rows": 19990,"Plan Width": 34,"Actual Startup Time": 4.181,"Actual Total Time": 349.984,"Actual Rows": 27450,"Actual Loops": 5,"Inner Unique": false,"Hash Cond": "(l1.l_suppkey = supplier.s_suppkey)","Workers": [],"Plans": [{"Node Type": "Seq Scan","Parent Relationship": "Outer","Parallel Aware": true,"Async Capable": false,"Relation Name": "lineitem","Alias": "l1","Startup Cost": 0.00,"Total Cost": 131256.80,"Plan Rows": 500101,"Plan Width": 8,"Actual Startup Time": 0.027,"Actual Total Time": 299.399,"Actual Rows": 758659,"Actual Loops": 5,"Filter": "(l_receiptdate > l_commitdate)","Rows Removed by Filter": 441584,"Workers": []},{"Node Type": "Hash","Parent Relationship": "Inner","Parallel Aware": false,"Async Capable": false,"Startup Cost": 244.58,"Total Cost": 244.58,"Plan Rows": 400,"Plan Width": 30,"Actual Startup Time": 3.849,"Actual Total Time": 3.862,"Actual Rows": 362,"Actual Loops": 5,"Hash Buckets": 1024,"Original Hash Buckets": 1024,"Hash Batches": 1,"Original Hash Batches": 1,"Peak Memory Usage": 31,"Workers": [],"Plans": [{"Node Type": "Nested Loop","Parent Relationship": "Outer","Parallel Aware": false,"Async Capable": false,"Join Type": "Inner","Startup Cost": 7.38,"Total Cost": 244.58,"Plan Rows": 400,"Plan Width": 30,"Actual Startup Time": 0.339,"Actual Total Time": 3.727,"Actual Rows": 362,"Actual Loops": 5,"Inner Unique": false,"Workers": [],"Plans": [{"Node Type": "Seq Scan","Parent Relationship": "Outer","Parallel Aware": false,"Async Capable": false,"Relation Name": "nation","Alias": "nation","Startup Cost": 0.00,"Total Cost": 1.31,"Plan Rows": 1,"Plan Width": 4,"Actual Startup Time": 0.061,"Actual Total Time": 0.064,"Actual Rows": 1,"Actual Loops": 5,"Filter": "(n_name = 'JORDAN'::bpchar)","Rows Removed by Filter": 24,"Workers": []},{"Node Type": "Bitmap Heap Scan","Parent Relationship": "Inner","Parallel Aware": false,"Async Capable": false,"Relation Name": "supplier","Alias": "supplier","Startup Cost": 7.38,"Total Cost": 239.27,"Plan Rows": 400,"Plan Width": 34,"Actual Startup Time": 0.272,"Actual Total Time": 3.601,"Actual Rows": 362,"Actual Loops": 5,"Recheck Cond": "(s_nationkey = nation.n_nationkey)","Rows Removed by Index Recheck": 0,"Exact Heap Blocks": 166,"Lossy Heap Blocks": 0,"Workers": [],"Plans": [{"Node Type": "Bitmap Index Scan","Parent Relationship": "Outer","Parallel Aware": false,"Async Capable": false,"Index Name": "idx_supplier_nation_key","Startup Cost": 0.00,"Total Cost": 7.29,"Plan Rows": 400,"Plan Width": 0,"Actual Startup Time": 0.176,"Actual Total Time": 0.178,"Actual Rows": 362,"Actual Loops": 5,"Index Cond": "(s_nationkey = nation.n_nationkey)","Workers": []}]}]}]}]},{"Node Type": "Index Scan","Parent Relationship": "Inner","Parallel Aware": false,"Async Capable": false,"Scan Direction": "Forward","Index Name": "idx_lineitem_orderkey","Relation Name": "lineitem","Alias": "l3","Startup Cost": 0.43,"Total Cost": 1.06,"Plan Rows": 6,"Plan Width": 8,"Actual Startup Time": 0.003,"Actual Total Time": 0.003,"Actual Rows": 1,"Actual Loops": 137252,"Index Cond": "(l_orderkey = l1.l_orderkey)","Rows Removed by Index Recheck": 0,"Filter": "((l_receiptdate > l_commitdate) AND (l_suppkey <> l1.l_suppkey))","Rows Removed by Filter": 1,"Workers": []}]}]},{"Node Type": "Index Scan","Parent Relationship": "Inner","Parallel Aware": false,"Async Capable": false,"Scan Direction": "Forward","Index Name": "idx_lineitem_orderkey","Relation Name": "lineitem","Alias": "l2","Startup Cost": 0.43,"Total Cost": 1.02,"Plan Rows": 17,"Plan Width": 8,"Actual Startup Time": 0.008,"Actual Total Time": 0.008,"Actual Rows": 1,"Actual Loops": 12136,"Index Cond": "(l_orderkey = l1.l_orderkey)","Rows Removed by Index Recheck": 0,"Filter": "(l_suppkey <> l1.l_suppkey)","Rows Removed by Filter": 1}]},{"Node Type": "Index Scan","Parent Relationship": "Inner","Parallel Aware": false,"Async Capable": false,"Scan Direction": "Forward","Index Name": "orders_pkey","Relation Name": "orders","Alias": "orders","Startup Cost": 0.43,"Total Cost": 0.51,"Plan Rows": 1,"Plan Width": 4,"Actual Startup Time": 0.008,"Actual Total Time": 0.008,"Actual Rows": 0,"Actual Loops": 7167,"Index Cond": "(o_orderkey = l1.l_orderkey)","Rows Removed by Index Recheck": 0,"Filter": "(o_orderstatus = 'F'::bpchar)","Rows Removed by Filter": 1}]}]}]}]},"Planning Time": 8.148,"Triggers": [],"Execution Time": 506.532}]
[{"Plan": {"Node Type": "Sort","Parallel Aware": false,"Async Capable": false,"Startup Cost": 147378.80,"Total Cost": 147378.81,"Plan Rows": 1,"Plan Width": 34,"Actual Startup Time": 505.815,"Actual Total Time": 525.309,"Actual Rows": 390,"Actual Loops": 1,"Sort Key": ["(count(*)) DESC", "supplier.s_name"],"Sort Method": "quicksort","Sort Space Used": 55,"Sort Space Type": "Memory","Plans": [{"Node Type": "Aggregate","Strategy": "Sorted","Partial Mode": "Simple","Parent Relationship": "Outer","Parallel Aware": false,"Async Capable": false,"Startup Cost": 147378.77,"Total Cost": 147378.79,"Plan Rows": 1,"Plan Width": 34,"Actual Startup Time": 504.634,"Actual Total Time": 524.620,"Actual Rows": 390,"Actual Loops": 1,"Group Key": ["supplier.s_name"],"Plans": [{"Node Type": "Sort","Parent Relationship": "Outer","Parallel Aware": false,"Async Capable": false,"Startup Cost": 147378.77,"Total Cost": 147378.78,"Plan Rows": 1,"Plan Width": 26,"Actual Startup Time": 504.612,"Actual Total Time": 524.224,"Actual Rows": 3844,"Actual Loops": 1,"Sort Key": ["supplier.s_name"],"Sort Method": "quicksort","Sort Space Used": 367,"Sort Space Type": "Memory","Plans": [{"Node Type": "Nested Loop","Parent Relationship": "Outer","Parallel Aware": false,"Async Capable": false,"Join Type": "Inner","Startup Cost": 1250.87,"Total Cost": 147378.76,"Plan Rows": 1,"Plan Width": 26,"Actual Startup Time": 4.787,"Actual Total Time": 512.994,"Actual Rows": 3844,"Actual Loops": 1,"Inner Unique": true,"Plans": [{"Node Type": "Nested Loop","Parent Relationship": "Outer","Parallel Aware": false,"Async Capable": false,"Join Type": "Semi","Startup Cost": 1250.44,"Total Cost": 147378.26,"Plan Rows": 1,"Plan Width": 34,"Actual Startup Time": 4.747,"Actual Total Time": 447.855,"Actual Rows": 7892,"Actual Loops": 1,"Inner Unique": false,"Plans": [{"Node Type": "Gather","Parent Relationship": "Outer","Parallel Aware": false,"Async Capable": false,"Startup Cost": 1250.01,"Total Cost": 147377.22,"Plan Rows": 1,"Plan Width": 34,"Actual Startup Time": 4.560,"Actual Total Time": 339.834,"Actual Rows": 13152,"Actual Loops": 1,"Workers Planned": 4,"Workers Launched": 4,"Single Copy": false,"Plans": [{"Node Type": "Nested Loop","Parent Relationship": "Outer","Parallel Aware": false,"Async Capable": false,"Join Type": "Anti","Startup Cost": 250.01,"Total Cost": 146377.12,"Plan Rows": 1,"Plan Width": 34,"Actual Startup Time": 5.683,"Actual Total Time": 445.299,"Actual Rows": 2630,"Actual Loops": 5,"Inner Unique": false,"Workers": [],"Plans": [{"Node Type": "Hash Join","Parent Relationship": "Outer","Parallel Aware": false,"Async Capable": false,"Join Type": "Inner","Startup Cost": 249.58,"Total Cost": 133581.65,"Plan Rows": 19990,"Plan Width": 34,"Actual Startup Time": 5.525,"Actual Total Time": 357.256,"Actual Rows": 29502,"Actual Loops": 5,"Inner Unique": false,"Hash Cond": "(l1.l_suppkey = supplier.s_suppkey)","Workers": [],"Plans": [{"Node Type": "Seq Scan","Parent Relationship": "Outer","Parallel Aware": true,"Async Capable": false,"Relation Name": "lineitem","Alias": "l1","Startup Cost": 0.00,"Total Cost": 131256.80,"Plan Rows": 500101,"Plan Width": 8,"Actual Startup Time": 0.033,"Actual Total Time": 305.756,"Actual Rows": 758659,"Actual Loops": 5,"Filter": "(l_receiptdate > l_commitdate)","Rows Removed by Filter": 441584,"Workers": []},{"Node Type": "Hash","Parent Relationship": "Inner","Parallel Aware": false,"Async Capable": false,"Startup Cost": 244.58,"Total Cost": 244.58,"Plan Rows": 400,"Plan Width": 30,"Actual Startup Time": 5.155,"Actual Total Time": 5.167,"Actual Rows": 390,"Actual Loops": 5,"Hash Buckets": 1024,"Original Hash Buckets": 1024,"Hash Batches": 1,"Original Hash Batches": 1,"Peak Memory Usage": 33,"Workers": [],"Plans": [{"Node Type": "Nested Loop","Parent Relationship": "Outer","Parallel Aware": false,"Async Capable": false,"Join Type": "Inner","Startup Cost": 7.38,"Total Cost": 244.58,"Plan Rows": 400,"Plan Width": 30,"Actual Startup Time": 0.295,"Actual Total Time": 4.960,"Actual Rows": 390,"Actual Loops": 5,"Inner Unique": false,"Workers": [],"Plans": [{"Node Type": "Seq Scan","Parent Relationship": "Outer","Parallel Aware": false,"Async Capable": false,"Relation Name": "nation","Alias": "nation","Startup Cost": 0.00,"Total Cost": 1.31,"Plan Rows": 1,"Plan Width": 4,"Actual Startup Time": 0.065,"Actual Total Time": 0.070,"Actual Rows": 1,"Actual Loops": 5,"Filter": "(n_name = 'UNITED KINGDOM'::bpchar)","Rows Removed by Filter": 24,"Workers": []},{"Node Type": "Bitmap Heap Scan","Parent Relationship": "Inner","Parallel Aware": false,"Async Capable": false,"Relation Name": "supplier","Alias": "supplier","Startup Cost": 7.38,"Total Cost": 239.27,"Plan Rows": 400,"Plan Width": 34,"Actual Startup Time": 0.224,"Actual Total Time": 4.798,"Actual Rows": 390,"Actual Loops": 5,"Recheck Cond": "(s_nationkey = nation.n_nationkey)","Rows Removed by Index Recheck": 0,"Exact Heap Blocks": 190,"Lossy Heap Blocks": 0,"Workers": [],"Plans": [{"Node Type": "Bitmap Index Scan","Parent Relationship": "Outer","Parallel Aware": false,"Async Capable": false,"Index Name": "idx_supplier_nation_key","Startup Cost": 0.00,"Total Cost": 7.29,"Plan Rows": 400,"Plan Width": 0,"Actual Startup Time": 0.138,"Actual Total Time": 0.139,"Actual Rows": 390,"Actual Loops": 5,"Index Cond": "(s_nationkey = nation.n_nationkey)","Workers": []}]}]}]}]},{"Node Type": "Index Scan","Parent Relationship": "Inner","Parallel Aware": false,"Async Capable": false,"Scan Direction": "Forward","Index Name": "idx_lineitem_orderkey","Relation Name": "lineitem","Alias": "l3","Startup Cost": 0.43,"Total Cost": 1.06,"Plan Rows": 6,"Plan Width": 8,"Actual Startup Time": 0.003,"Actual Total Time": 0.003,"Actual Rows": 1,"Actual Loops": 147510,"Index Cond": "(l_orderkey = l1.l_orderkey)","Rows Removed by Index Recheck": 0,"Filter": "((l_receiptdate > l_commitdate) AND (l_suppkey <> l1.l_suppkey))","Rows Removed by Filter": 1,"Workers": []}]}]},{"Node Type": "Index Scan","Parent Relationship": "Inner","Parallel Aware": false,"Async Capable": false,"Scan Direction": "Forward","Index Name": "idx_lineitem_orderkey","Relation Name": "lineitem","Alias": "l2","Startup Cost": 0.43,"Total Cost": 1.02,"Plan Rows": 17,"Plan Width": 8,"Actual Startup Time": 0.008,"Actual Total Time": 0.008,"Actual Rows": 1,"Actual Loops": 13152,"Index Cond": "(l_orderkey = l1.l_orderkey)","Rows Removed by Index Recheck": 0,"Filter": "(l_suppkey <> l1.l_suppkey)","Rows Removed by Filter": 1}]},{"Node Type": "Index Scan","Parent Relationship": "Inner","Parallel Aware": false,"Async Capable": false,"Scan Direction": "Forward","Index Name": "orders_pkey","Relation Name": "orders","Alias": "orders","Startup Cost": 0.43,"Total Cost": 0.51,"Plan Rows": 1,"Plan Width": 4,"Actual Startup Time": 0.008,"Actual Total Time": 0.008,"Actual Rows": 0,"Actual Loops": 7892,"Index Cond": "(o_orderkey = l1.l_orderkey)","Rows Removed by Index Recheck": 0,"Filter": "(o_orderstatus = 'F'::bpchar)","Rows Removed by Filter": 1}]}]}]}]},"Planning Time": 10.043,"Triggers": [],"Execution Time": 525.836}]
[{"Plan": {"Node Type": "Sort","Parallel Aware": false,"Async Capable": false,"Startup Cost": 147378.80,"Total Cost": 147378.81,"Plan Rows": 1,"Plan Width": 34,"Actual Startup Time": 500.709,"Actual Total Time": 524.703,"Actual Rows": 407,"Actual Loops": 1,"Sort Key": ["(count(*)) DESC", "supplier.s_name"],"Sort Method": "quicksort","Sort Space Used": 56,"Sort Space Type": "Memory","Plans": [{"Node Type": "Aggregate","Strategy": "Sorted","Partial Mode": "Simple","Parent Relationship": "Outer","Parallel Aware": false,"Async Capable": false,"Startup Cost": 147378.77,"Total Cost": 147378.79,"Plan Rows": 1,"Plan Width": 34,"Actual Startup Time": 499.455,"Actual Total Time": 523.962,"Actual Rows": 407,"Actual Loops": 1,"Group Key": ["supplier.s_name"],"Plans": [{"Node Type": "Sort","Parent Relationship": "Outer","Parallel Aware": false,"Async Capable": false,"Startup Cost": 147378.77,"Total Cost": 147378.78,"Plan Rows": 1,"Plan Width": 26,"Actual Startup Time": 499.433,"Actual Total Time": 523.550,"Actual Rows": 3965,"Actual Loops": 1,"Sort Key": ["supplier.s_name"],"Sort Method": "quicksort","Sort Space Used": 375,"Sort Space Type": "Memory","Plans": [{"Node Type": "Nested Loop","Parent Relationship": "Outer","Parallel Aware": false,"Async Capable": false,"Join Type": "Inner","Startup Cost": 1250.87,"Total Cost": 147378.76,"Plan Rows": 1,"Plan Width": 26,"Actual Startup Time": 5.067,"Actual Total Time": 512.972,"Actual Rows": 3965,"Actual Loops": 1,"Inner Unique": true,"Plans": [{"Node Type": "Nested Loop","Parent Relationship": "Outer","Parallel Aware": false,"Async Capable": false,"Join Type": "Semi","Startup Cost": 1250.44,"Total Cost": 147378.26,"Plan Rows": 1,"Plan Width": 34,"Actual Startup Time": 5.045,"Actual Total Time": 451.382,"Actual Rows": 8089,"Actual Loops": 1,"Inner Unique": false,"Plans": [{"Node Type": "Gather","Parent Relationship": "Outer","Parallel Aware": false,"Async Capable": false,"Startup Cost": 1250.01,"Total Cost": 147377.22,"Plan Rows": 1,"Plan Width": 34,"Actual Startup Time": 4.734,"Actual Total Time": 344.998,"Actual Rows": 13526,"Actual Loops": 1,"Workers Planned": 4,"Workers Launched": 4,"Single Copy": false,"Plans": [{"Node Type": "Nested Loop","Parent Relationship": "Outer","Parallel Aware": false,"Async Capable": false,"Join Type": "Anti","Startup Cost": 250.01,"Total Cost": 146377.12,"Plan Rows": 1,"Plan Width": 34,"Actual Startup Time": 4.775,"Actual Total Time": 445.542,"Actual Rows": 2705,"Actual Loops": 5,"Inner Unique": false,"Workers": [],"Plans": [{"Node Type": "Hash Join","Parent Relationship": "Outer","Parallel Aware": false,"Async Capable": false,"Join Type": "Inner","Startup Cost": 249.58,"Total Cost": 133581.65,"Plan Rows": 19990,"Plan Width": 34,"Actual Startup Time": 4.487,"Actual Total Time": 354.785,"Actual Rows": 30752,"Actual Loops": 5,"Inner Unique": false,"Hash Cond": "(l1.l_suppkey = supplier.s_suppkey)","Workers": [],"Plans": [{"Node Type": "Seq Scan","Parent Relationship": "Outer","Parallel Aware": true,"Async Capable": false,"Relation Name": "lineitem","Alias": "l1","Startup Cost": 0.00,"Total Cost": 131256.80,"Plan Rows": 500101,"Plan Width": 8,"Actual Startup Time": 0.026,"Actual Total Time": 303.161,"Actual Rows": 758659,"Actual Loops": 5,"Filter": "(l_receiptdate > l_commitdate)","Rows Removed by Filter": 441584,"Workers": []},{"Node Type": "Hash","Parent Relationship": "Inner","Parallel Aware": false,"Async Capable": false,"Startup Cost": 244.58,"Total Cost": 244.58,"Plan Rows": 400,"Plan Width": 30,"Actual Startup Time": 4.170,"Actual Total Time": 4.181,"Actual Rows": 407,"Actual Loops": 5,"Hash Buckets": 1024,"Original Hash Buckets": 1024,"Hash Batches": 1,"Original Hash Batches": 1,"Peak Memory Usage": 34,"Workers": [],"Plans": [{"Node Type": "Nested Loop","Parent Relationship": "Outer","Parallel Aware": false,"Async Capable": false,"Join Type": "Inner","Startup Cost": 7.38,"Total Cost": 244.58,"Plan Rows": 400,"Plan Width": 30,"Actual Startup Time": 0.302,"Actual Total Time": 4.018,"Actual Rows": 407,"Actual Loops": 5,"Inner Unique": false,"Workers": [],"Plans": [{"Node Type": "Seq Scan","Parent Relationship": "Outer","Parallel Aware": false,"Async Capable": false,"Relation Name": "nation","Alias": "nation","Startup Cost": 0.00,"Total Cost": 1.31,"Plan Rows": 1,"Plan Width": 4,"Actual Startup Time": 0.065,"Actual Total Time": 0.068,"Actual Rows": 1,"Actual Loops": 5,"Filter": "(n_name = 'CHINA'::bpchar)","Rows Removed by Filter": 24,"Workers": []},{"Node Type": "Bitmap Heap Scan","Parent Relationship": "Inner","Parallel Aware": false,"Async Capable": false,"Relation Name": "supplier","Alias": "supplier","Startup Cost": 7.38,"Total Cost": 239.27,"Plan Rows": 400,"Plan Width": 34,"Actual Startup Time": 0.229,"Actual Total Time": 3.872,"Actual Rows": 407,"Actual Loops": 5,"Recheck Cond": "(s_nationkey = nation.n_nationkey)","Rows Removed by Index Recheck": 0,"Exact Heap Blocks": 186,"Lossy Heap Blocks": 0,"Workers": [],"Plans": [{"Node Type": "Bitmap Index Scan","Parent Relationship": "Outer","Parallel Aware": false,"Async Capable": false,"Index Name": "idx_supplier_nation_key","Startup Cost": 0.00,"Total Cost": 7.29,"Plan Rows": 400,"Plan Width": 0,"Actual Startup Time": 0.141,"Actual Total Time": 0.143,"Actual Rows": 407,"Actual Loops": 5,"Index Cond": "(s_nationkey = nation.n_nationkey)","Workers": []}]}]}]}]},{"Node Type": "Index Scan","Parent Relationship": "Inner","Parallel Aware": false,"Async Capable": false,"Scan Direction": "Forward","Index Name": "idx_lineitem_orderkey","Relation Name": "lineitem","Alias": "l3","Startup Cost": 0.43,"Total Cost": 1.06,"Plan Rows": 6,"Plan Width": 8,"Actual Startup Time": 0.003,"Actual Total Time": 0.003,"Actual Rows": 1,"Actual Loops": 153758,"Index Cond": "(l_orderkey = l1.l_orderkey)","Rows Removed by Index Recheck": 0,"Filter": "((l_receiptdate > l_commitdate) AND (l_suppkey <> l1.l_suppkey))","Rows Removed by Filter": 1,"Workers": []}]}]},{"Node Type": "Index Scan","Parent Relationship": "Inner","Parallel Aware": false,"Async Capable": false,"Scan Direction": "Forward","Index Name": "idx_lineitem_orderkey","Relation Name": "lineitem","Alias": "l2","Startup Cost": 0.43,"Total Cost": 1.02,"Plan Rows": 17,"Plan Width": 8,"Actual Startup Time": 0.007,"Actual Total Time": 0.007,"Actual Rows": 1,"Actual Loops": 13526,"Index Cond": "(l_orderkey = l1.l_orderkey)","Rows Removed by Index Recheck": 0,"Filter": "(l_suppkey <> l1.l_suppkey)","Rows Removed by Filter": 1}]},{"Node Type": "Index Scan","Parent Relationship": "Inner","Parallel Aware": false,"Async Capable": false,"Scan Direction": "Forward","Index Name": "orders_pkey","Relation Name": "orders","Alias": "orders","Startup Cost": 0.43,"Total Cost": 0.51,"Plan Rows": 1,"Plan Width": 4,"Actual Startup Time": 0.007,"Actual Total Time": 0.007,"Actual Rows": 0,"Actual Loops": 8089,"Index Cond": "(o_orderkey = l1.l_orderkey)","Rows Removed by Index Recheck": 0,"Filter": "(o_orderstatus = 'F'::bpchar)","Rows Removed by Filter": 1}]}]}]}]},"Planning Time": 8.452,"Triggers": [],"Execution Time": 525.397}]
[{"Plan": {"Node Type": "Sort","Parallel Aware": false,"Async Capable": false,"Startup Cost": 147378.80,"Total Cost": 147378.81,"Plan Rows": 1,"Plan Width": 34,"Actual Startup Time": 493.231,"Actual Total Time": 511.674,"Actual Rows": 376,"Actual Loops": 1,"Sort Key": ["(count(*)) DESC", "supplier.s_name"],"Sort Method": "quicksort","Sort Space Used": 54,"Sort Space Type": "Memory","Plans": [{"Node Type": "Aggregate","Strategy": "Sorted","Partial Mode": "Simple","Parent Relationship": "Outer","Parallel Aware": false,"Async Capable": false,"Startup Cost": 147378.77,"Total Cost": 147378.79,"Plan Rows": 1,"Plan Width": 34,"Actual Startup Time": 492.079,"Actual Total Time": 510.997,"Actual Rows": 376,"Actual Loops": 1,"Group Key": ["supplier.s_name"],"Plans": [{"Node Type": "Sort","Parent Relationship": "Outer","Parallel Aware": false,"Async Capable": false,"Startup Cost": 147378.77,"Total Cost": 147378.78,"Plan Rows": 1,"Plan Width": 26,"Actual Startup Time": 492.053,"Actual Total Time": 510.609,"Actual Rows": 3697,"Actual Loops": 1,"Sort Key": ["supplier.s_name"],"Sort Method": "quicksort","Sort Space Used": 356,"Sort Space Type": "Memory","Plans": [{"Node Type": "Nested Loop","Parent Relationship": "Outer","Parallel Aware": false,"Async Capable": false,"Join Type": "Inner","Startup Cost": 1250.87,"Total Cost": 147378.76,"Plan Rows": 1,"Plan Width": 26,"Actual Startup Time": 5.656,"Actual Total Time": 499.948,"Actual Rows": 3697,"Actual Loops": 1,"Inner Unique": true,"Plans": [{"Node Type": "Nested Loop","Parent Relationship": "Outer","Parallel Aware": false,"Async Capable": false,"Join Type": "Semi","Startup Cost": 1250.44,"Total Cost": 147378.26,"Plan Rows": 1,"Plan Width": 34,"Actual Startup Time": 5.611,"Actual Total Time": 438.655,"Actual Rows": 7589,"Actual Loops": 1,"Inner Unique": false,"Plans": [{"Node Type": "Gather","Parent Relationship": "Outer","Parallel Aware": false,"Async Capable": false,"Startup Cost": 1250.01,"Total Cost": 147377.22,"Plan Rows": 1,"Plan Width": 34,"Actual Startup Time": 4.591,"Actual Total Time": 336.749,"Actual Rows": 12677,"Actual Loops": 1,"Workers Planned": 4,"Workers Launched": 4,"Single Copy": false,"Plans": [{"Node Type": "Nested Loop","Parent Relationship": "Outer","Parallel Aware": false,"Async Capable": false,"Join Type": "Anti","Startup Cost": 250.01,"Total Cost": 146377.12,"Plan Rows": 1,"Plan Width": 34,"Actual Startup Time": 5.313,"Actual Total Time": 436.446,"Actual Rows": 2535,"Actual Loops": 5,"Inner Unique": false,"Workers": [],"Plans": [{"Node Type": "Hash Join","Parent Relationship": "Outer","Parallel Aware": false,"Async Capable": false,"Join Type": "Inner","Startup Cost": 249.58,"Total Cost": 133581.65,"Plan Rows": 19990,"Plan Width": 34,"Actual Startup Time": 5.158,"Actual Total Time": 352.526,"Actual Rows": 28439,"Actual Loops": 5,"Inner Unique": false,"Hash Cond": "(l1.l_suppkey = supplier.s_suppkey)","Workers": [],"Plans": [{"Node Type": "Seq Scan","Parent Relationship": "Outer","Parallel Aware": true,"Async Capable": false,"Relation Name": "lineitem","Alias": "l1","Startup Cost": 0.00,"Total Cost": 131256.80,"Plan Rows": 500101,"Plan Width": 8,"Actual Startup Time": 0.028,"Actual Total Time": 300.563,"Actual Rows": 758659,"Actual Loops": 5,"Filter": "(l_receiptdate > l_commitdate)","Rows Removed by Filter": 441584,"Workers": []},{"Node Type": "Hash","Parent Relationship": "Inner","Parallel Aware": false,"Async Capable": false,"Startup Cost": 244.58,"Total Cost": 244.58,"Plan Rows": 400,"Plan Width": 30,"Actual Startup Time": 4.780,"Actual Total Time": 4.790,"Actual Rows": 376,"Actual Loops": 5,"Hash Buckets": 1024,"Original Hash Buckets": 1024,"Hash Batches": 1,"Original Hash Batches": 1,"Peak Memory Usage": 32,"Workers": [],"Plans": [{"Node Type": "Nested Loop","Parent Relationship": "Outer","Parallel Aware": false,"Async Capable": false,"Join Type": "Inner","Startup Cost": 7.38,"Total Cost": 244.58,"Plan Rows": 400,"Plan Width": 30,"Actual Startup Time": 0.359,"Actual Total Time": 4.625,"Actual Rows": 376,"Actual Loops": 5,"Inner Unique": false,"Workers": [],"Plans": [{"Node Type": "Seq Scan","Parent Relationship": "Outer","Parallel Aware": false,"Async Capable": false,"Relation Name": "nation","Alias": "nation","Startup Cost": 0.00,"Total Cost": 1.31,"Plan Rows": 1,"Plan Width": 4,"Actual Startup Time": 0.066,"Actual Total Time": 0.070,"Actual Rows": 1,"Actual Loops": 5,"Filter": "(n_name = 'KENYA'::bpchar)","Rows Removed by Filter": 24,"Workers": []},{"Node Type": "Bitmap Heap Scan","Parent Relationship": "Inner","Parallel Aware": false,"Async Capable": false,"Relation Name": "supplier","Alias": "supplier","Startup Cost": 7.38,"Total Cost": 239.27,"Plan Rows": 400,"Plan Width": 34,"Actual Startup Time": 0.287,"Actual Total Time": 4.480,"Actual Rows": 376,"Actual Loops": 5,"Recheck Cond": "(s_nationkey = nation.n_nationkey)","Rows Removed by Index Recheck": 0,"Exact Heap Blocks": 179,"Lossy Heap Blocks": 0,"Workers": [],"Plans": [{"Node Type": "Bitmap Index Scan","Parent Relationship": "Outer","Parallel Aware": false,"Async Capable": false,"Index Name": "idx_supplier_nation_key","Startup Cost": 0.00,"Total Cost": 7.29,"Plan Rows": 400,"Plan Width": 0,"Actual Startup Time": 0.181,"Actual Total Time": 0.182,"Actual Rows": 376,"Actual Loops": 5,"Index Cond": "(s_nationkey = nation.n_nationkey)","Workers": []}]}]}]}]},{"Node Type": "Index Scan","Parent Relationship": "Inner","Parallel Aware": false,"Async Capable": false,"Scan Direction": "Forward","Index Name": "idx_lineitem_orderkey","Relation Name": "lineitem","Alias": "l3","Startup Cost": 0.43,"Total Cost": 1.06,"Plan Rows": 6,"Plan Width": 8,"Actual Startup Time": 0.003,"Actual Total Time": 0.003,"Actual Rows": 1,"Actual Loops": 142196,"Index Cond": "(l_orderkey = l1.l_orderkey)","Rows Removed by Index Recheck": 0,"Filter": "((l_receiptdate > l_commitdate) AND (l_suppkey <> l1.l_suppkey))","Rows Removed by Filter": 1,"Workers": []}]}]},{"Node Type": "Index Scan","Parent Relationship": "Inner","Parallel Aware": false,"Async Capable": false,"Scan Direction": "Forward","Index Name": "idx_lineitem_orderkey","Relation Name": "lineitem","Alias": "l2","Startup Cost": 0.43,"Total Cost": 1.02,"Plan Rows": 17,"Plan Width": 8,"Actual Startup Time": 0.008,"Actual Total Time": 0.008,"Actual Rows": 1,"Actual Loops": 12677,"Index Cond": "(l_orderkey = l1.l_orderkey)","Rows Removed by Index Recheck": 0,"Filter": "(l_suppkey <> l1.l_suppkey)","Rows Removed by Filter": 1}]},{"Node Type": "Index Scan","Parent Relationship": "Inner","Parallel Aware": false,"Async Capable": false,"Scan Direction": "Forward","Index Name": "orders_pkey","Relation Name": "orders","Alias": "orders","Startup Cost": 0.43,"Total Cost": 0.51,"Plan Rows": 1,"Plan Width": 4,"Actual Startup Time": 0.008,"Actual Total Time": 0.008,"Actual Rows": 0,"Actual Loops": 7589,"Index Cond": "(o_orderkey = l1.l_orderkey)","Rows Removed by Index Recheck": 0,"Filter": "(o_orderstatus = 'F'::bpchar)","Rows Removed by Filter": 1}]}]}]}]},"Planning Time": 8.298,"Triggers": [],"Execution Time": 512.274}]
[{"Plan": {"Node Type": "Sort","Parallel Aware": false,"Async Capable": false,"Startup Cost": 147378.80,"Total Cost": 147378.81,"Plan Rows": 1,"Plan Width": 34,"Actual Startup Time": 503.423,"Actual Total Time": 521.004,"Actual Rows": 406,"Actual Loops": 1,"Sort Key": ["(count(*)) DESC", "supplier.s_name"],"Sort Method": "quicksort","Sort Space Used": 56,"Sort Space Type": "Memory","Plans": [{"Node Type": "Aggregate","Strategy": "Sorted","Partial Mode": "Simple","Parent Relationship": "Outer","Parallel Aware": false,"Async Capable": false,"Startup Cost": 147378.77,"Total Cost": 147378.79,"Plan Rows": 1,"Plan Width": 34,"Actual Startup Time": 502.176,"Actual Total Time": 520.280,"Actual Rows": 406,"Actual Loops": 1,"Group Key": ["supplier.s_name"],"Plans": [{"Node Type": "Sort","Parent Relationship": "Outer","Parallel Aware": false,"Async Capable": false,"Startup Cost": 147378.77,"Total Cost": 147378.78,"Plan Rows": 1,"Plan Width": 26,"Actual Startup Time": 502.147,"Actual Total Time": 519.852,"Actual Rows": 4052,"Actual Loops": 1,"Sort Key": ["supplier.s_name"],"Sort Method": "quicksort","Sort Space Used": 381,"Sort Space Type": "Memory","Plans": [{"Node Type": "Nested Loop","Parent Relationship": "Outer","Parallel Aware": false,"Async Capable": false,"Join Type": "Inner","Startup Cost": 1250.87,"Total Cost": 147378.76,"Plan Rows": 1,"Plan Width": 26,"Actual Startup Time": 4.486,"Actual Total Time": 508.290,"Actual Rows": 4052,"Actual Loops": 1,"Inner Unique": true,"Plans": [{"Node Type": "Nested Loop","Parent Relationship": "Outer","Parallel Aware": false,"Async Capable": false,"Join Type": "Semi","Startup Cost": 1250.44,"Total Cost": 147378.26,"Plan Rows": 1,"Plan Width": 34,"Actual Startup Time": 4.452,"Actual Total Time": 441.127,"Actual Rows": 8332,"Actual Loops": 1,"Inner Unique": false,"Plans": [{"Node Type": "Gather","Parent Relationship": "Outer","Parallel Aware": false,"Async Capable": false,"Startup Cost": 1250.01,"Total Cost": 147377.22,"Plan Rows": 1,"Plan Width": 34,"Actual Startup Time": 4.440,"Actual Total Time": 331.994,"Actual Rows": 13791,"Actual Loops": 1,"Workers Planned": 4,"Workers Launched": 4,"Single Copy": false,"Plans": [{"Node Type": "Nested Loop","Parent Relationship": "Outer","Parallel Aware": false,"Async Capable": false,"Join Type": "Anti","Startup Cost": 250.01,"Total Cost": 146377.12,"Plan Rows": 1,"Plan Width": 34,"Actual Startup Time": 4.624,"Actual Total Time": 442.937,"Actual Rows": 2758,"Actual Loops": 5,"Inner Unique": false,"Workers": [],"Plans": [{"Node Type": "Hash Join","Parent Relationship": "Outer","Parallel Aware": false,"Async Capable": false,"Join Type": "Inner","Startup Cost": 249.58,"Total Cost": 133581.65,"Plan Rows": 19990,"Plan Width": 34,"Actual Startup Time": 4.481,"Actual Total Time": 353.409,"Actual Rows": 30900,"Actual Loops": 5,"Inner Unique": false,"Hash Cond": "(l1.l_suppkey = supplier.s_suppkey)","Workers": [],"Plans": [{"Node Type": "Seq Scan","Parent Relationship": "Outer","Parallel Aware": true,"Async Capable": false,"Relation Name": "lineitem","Alias": "l1","Startup Cost": 0.00,"Total Cost": 131256.80,"Plan Rows": 500101,"Plan Width": 8,"Actual Startup Time": 0.029,"Actual Total Time": 301.270,"Actual Rows": 758659,"Actual Loops": 5,"Filter": "(l_receiptdate > l_commitdate)","Rows Removed by Filter": 441584,"Workers": []},{"Node Type": "Hash","Parent Relationship": "Inner","Parallel Aware": false,"Async Capable": false,"Startup Cost": 244.58,"Total Cost": 244.58,"Plan Rows": 400,"Plan Width": 30,"Actual Startup Time": 4.105,"Actual Total Time": 4.114,"Actual Rows": 406,"Actual Loops": 5,"Hash Buckets": 1024,"Original Hash Buckets": 1024,"Hash Batches": 1,"Original Hash Batches": 1,"Peak Memory Usage": 34,"Workers": [],"Plans": [{"Node Type": "Nested Loop","Parent Relationship": "Outer","Parallel Aware": false,"Async Capable": false,"Join Type": "Inner","Startup Cost": 7.38,"Total Cost": 244.58,"Plan Rows": 400,"Plan Width": 30,"Actual Startup Time": 0.252,"Actual Total Time": 3.975,"Actual Rows": 406,"Actual Loops": 5,"Inner Unique": false,"Workers": [],"Plans": [{"Node Type": "Seq Scan","Parent Relationship": "Outer","Parallel Aware": false,"Async Capable": false,"Relation Name": "nation","Alias": "nation","Startup Cost": 0.00,"Total Cost": 1.31,"Plan Rows": 1,"Plan Width": 4,"Actual Startup Time": 0.055,"Actual Total Time": 0.058,"Actual Rows": 1,"Actual Loops": 5,"Filter": "(n_name = 'MOZAMBIQUE'::bpchar)","Rows Removed by Filter": 24,"Workers": []},{"Node Type": "Bitmap Heap Scan","Parent Relationship": "Inner","Parallel Aware": false,"Async Capable": false,"Relation Name": "supplier","Alias": "supplier","Startup Cost": 7.38,"Total Cost": 239.27,"Plan Rows": 400,"Plan Width": 34,"Actual Startup Time": 0.193,"Actual Total Time": 3.854,"Actual Rows": 406,"Actual Loops": 5,"Recheck Cond": "(s_nationkey = nation.n_nationkey)","Rows Removed by Index Recheck": 0,"Exact Heap Blocks": 186,"Lossy Heap Blocks": 0,"Workers": [],"Plans": [{"Node Type": "Bitmap Index Scan","Parent Relationship": "Outer","Parallel Aware": false,"Async Capable": false,"Index Name": "idx_supplier_nation_key","Startup Cost": 0.00,"Total Cost": 7.29,"Plan Rows": 400,"Plan Width": 0,"Actual Startup Time": 0.125,"Actual Total Time": 0.126,"Actual Rows": 406,"Actual Loops": 5,"Index Cond": "(s_nationkey = nation.n_nationkey)","Workers": []}]}]}]}]},{"Node Type": "Index Scan","Parent Relationship": "Inner","Parallel Aware": false,"Async Capable": false,"Scan Direction": "Forward","Index Name": "idx_lineitem_orderkey","Relation Name": "lineitem","Alias": "l3","Startup Cost": 0.43,"Total Cost": 1.06,"Plan Rows": 6,"Plan Width": 8,"Actual Startup Time": 0.003,"Actual Total Time": 0.003,"Actual Rows": 1,"Actual Loops": 154501,"Index Cond": "(l_orderkey = l1.l_orderkey)","Rows Removed by Index Recheck": 0,"Filter": "((l_receiptdate > l_commitdate) AND (l_suppkey <> l1.l_suppkey))","Rows Removed by Filter": 1,"Workers": []}]}]},{"Node Type": "Index Scan","Parent Relationship": "Inner","Parallel Aware": false,"Async Capable": false,"Scan Direction": "Forward","Index Name": "idx_lineitem_orderkey","Relation Name": "lineitem","Alias": "l2","Startup Cost": 0.43,"Total Cost": 1.02,"Plan Rows": 17,"Plan Width": 8,"Actual Startup Time": 0.007,"Actual Total Time": 0.007,"Actual Rows": 1,"Actual Loops": 13791,"Index Cond": "(l_orderkey = l1.l_orderkey)","Rows Removed by Index Recheck": 0,"Filter": "(l_suppkey <> l1.l_suppkey)","Rows Removed by Filter": 1}]},{"Node Type": "Index Scan","Parent Relationship": "Inner","Parallel Aware": false,"Async Capable": false,"Scan Direction": "Forward","Index Name": "orders_pkey","Relation Name": "orders","Alias": "orders","Startup Cost": 0.43,"Total Cost": 0.51,"Plan Rows": 1,"Plan Width": 4,"Actual Startup Time": 0.008,"Actual Total Time": 0.008,"Actual Rows": 0,"Actual Loops": 8332,"Index Cond": "(o_orderkey = l1.l_orderkey)","Rows Removed by Index Recheck": 0,"Filter": "(o_orderstatus = 'F'::bpchar)","Rows Removed by Filter": 1}]}]}]}]},"Planning Time": 9.793,"Triggers": [],"Execution Time": 521.577}]
[{"Plan": {"Node Type": "Sort","Parallel Aware": false,"Async Capable": false,"Startup Cost": 147378.80,"Total Cost": 147378.81,"Plan Rows": 1,"Plan Width": 34,"Actual Startup Time": 495.675,"Actual Total Time": 514.954,"Actual Rows": 398,"Actual Loops": 1,"Sort Key": ["(count(*)) DESC", "supplier.s_name"],"Sort Method": "quicksort","Sort Space Used": 56,"Sort Space Type": "Memory","Plans": [{"Node Type": "Aggregate","Strategy": "Sorted","Partial Mode": "Simple","Parent Relationship": "Outer","Parallel Aware": false,"Async Capable": false,"Startup Cost": 147378.77,"Total Cost": 147378.79,"Plan Rows": 1,"Plan Width": 34,"Actual Startup Time": 494.471,"Actual Total Time": 514.270,"Actual Rows": 398,"Actual Loops": 1,"Group Key": ["supplier.s_name"],"Plans": [{"Node Type": "Sort","Parent Relationship": "Outer","Parallel Aware": false,"Async Capable": false,"Startup Cost": 147378.77,"Total Cost": 147378.78,"Plan Rows": 1,"Plan Width": 26,"Actual Startup Time": 494.457,"Actual Total Time": 513.859,"Actual Rows": 4033,"Actual Loops": 1,"Sort Key": ["supplier.s_name"],"Sort Method": "quicksort","Sort Space Used": 380,"Sort Space Type": "Memory","Plans": [{"Node Type": "Nested Loop","Parent Relationship": "Outer","Parallel Aware": false,"Async Capable": false,"Join Type": "Inner","Startup Cost": 1250.87,"Total Cost": 147378.76,"Plan Rows": 1,"Plan Width": 26,"Actual Startup Time": 5.438,"Actual Total Time": 502.238,"Actual Rows": 4033,"Actual Loops": 1,"Inner Unique": true,"Plans": [{"Node Type": "Nested Loop","Parent Relationship": "Outer","Parallel Aware": false,"Async Capable": false,"Join Type": "Semi","Startup Cost": 1250.44,"Total Cost": 147378.26,"Plan Rows": 1,"Plan Width": 34,"Actual Startup Time": 5.342,"Actual Total Time": 438.031,"Actual Rows": 8241,"Actual Loops": 1,"Inner Unique": false,"Plans": [{"Node Type": "Gather","Parent Relationship": "Outer","Parallel Aware": false,"Async Capable": false,"Startup Cost": 1250.01,"Total Cost": 147377.22,"Plan Rows": 1,"Plan Width": 34,"Actual Startup Time": 5.330,"Actual Total Time": 330.100,"Actual Rows": 13657,"Actual Loops": 1,"Workers Planned": 4,"Workers Launched": 4,"Single Copy": false,"Plans": [{"Node Type": "Nested Loop","Parent Relationship": "Outer","Parallel Aware": false,"Async Capable": false,"Join Type": "Anti","Startup Cost": 250.01,"Total Cost": 146377.12,"Plan Rows": 1,"Plan Width": 34,"Actual Startup Time": 5.586,"Actual Total Time": 437.639,"Actual Rows": 2731,"Actual Loops": 5,"Inner Unique": false,"Workers": [],"Plans": [{"Node Type": "Hash Join","Parent Relationship": "Outer","Parallel Aware": false,"Async Capable": false,"Join Type": "Inner","Startup Cost": 249.58,"Total Cost": 133581.65,"Plan Rows": 19990,"Plan Width": 34,"Actual Startup Time": 4.860,"Actual Total Time": 349.886,"Actual Rows": 30149,"Actual Loops": 5,"Inner Unique": false,"Hash Cond": "(l1.l_suppkey = supplier.s_suppkey)","Workers": [],"Plans": [{"Node Type": "Seq Scan","Parent Relationship": "Outer","Parallel Aware": true,"Async Capable": false,"Relation Name": "lineitem","Alias": "l1","Startup Cost": 0.00,"Total Cost": 131256.80,"Plan Rows": 500101,"Plan Width": 8,"Actual Startup Time": 0.029,"Actual Total Time": 298.079,"Actual Rows": 758659,"Actual Loops": 5,"Filter": "(l_receiptdate > l_commitdate)","Rows Removed by Filter": 441584,"Workers": []},{"Node Type": "Hash","Parent Relationship": "Inner","Parallel Aware": false,"Async Capable": false,"Startup Cost": 244.58,"Total Cost": 244.58,"Plan Rows": 400,"Plan Width": 30,"Actual Startup Time": 4.540,"Actual Total Time": 4.550,"Actual Rows": 398,"Actual Loops": 5,"Hash Buckets": 1024,"Original Hash Buckets": 1024,"Hash Batches": 1,"Original Hash Batches": 1,"Peak Memory Usage": 33,"Workers": [],"Plans": [{"Node Type": "Nested Loop","Parent Relationship": "Outer","Parallel Aware": false,"Async Capable": false,"Join Type": "Inner","Startup Cost": 7.38,"Total Cost": 244.58,"Plan Rows": 400,"Plan Width": 30,"Actual Startup Time": 0.267,"Actual Total Time": 4.371,"Actual Rows": 398,"Actual Loops": 5,"Inner Unique": false,"Workers": [],"Plans": [{"Node Type": "Seq Scan","Parent Relationship": "Outer","Parallel Aware": false,"Async Capable": false,"Relation Name": "nation","Alias": "nation","Startup Cost": 0.00,"Total Cost": 1.31,"Plan Rows": 1,"Plan Width": 4,"Actual Startup Time": 0.059,"Actual Total Time": 0.062,"Actual Rows": 1,"Actual Loops": 5,"Filter": "(n_name = 'ROMANIA'::bpchar)","Rows Removed by Filter": 24,"Workers": []},{"Node Type": "Bitmap Heap Scan","Parent Relationship": "Inner","Parallel Aware": false,"Async Capable": false,"Relation Name": "supplier","Alias": "supplier","Startup Cost": 7.38,"Total Cost": 239.27,"Plan Rows": 400,"Plan Width": 34,"Actual Startup Time": 0.204,"Actual Total Time": 4.227,"Actual Rows": 398,"Actual Loops": 5,"Recheck Cond": "(s_nationkey = nation.n_nationkey)","Rows Removed by Index Recheck": 0,"Exact Heap Blocks": 186,"Lossy Heap Blocks": 0,"Workers": [],"Plans": [{"Node Type": "Bitmap Index Scan","Parent Relationship": "Outer","Parallel Aware": false,"Async Capable": false,"Index Name": "idx_supplier_nation_key","Startup Cost": 0.00,"Total Cost": 7.29,"Plan Rows": 400,"Plan Width": 0,"Actual Startup Time": 0.126,"Actual Total Time": 0.128,"Actual Rows": 398,"Actual Loops": 5,"Index Cond": "(s_nationkey = nation.n_nationkey)","Workers": []}]}]}]}]},{"Node Type": "Index Scan","Parent Relationship": "Inner","Parallel Aware": false,"Async Capable": false,"Scan Direction": "Forward","Index Name": "idx_lineitem_orderkey","Relation Name": "lineitem","Alias": "l3","Startup Cost": 0.43,"Total Cost": 1.06,"Plan Rows": 6,"Plan Width": 8,"Actual Startup Time": 0.003,"Actual Total Time": 0.003,"Actual Rows": 1,"Actual Loops": 150746,"Index Cond": "(l_orderkey = l1.l_orderkey)","Rows Removed by Index Recheck": 0,"Filter": "((l_receiptdate > l_commitdate) AND (l_suppkey <> l1.l_suppkey))","Rows Removed by Filter": 1,"Workers": []}]}]},{"Node Type": "Index Scan","Parent Relationship": "Inner","Parallel Aware": false,"Async Capable": false,"Scan Direction": "Forward","Index Name": "idx_lineitem_orderkey","Relation Name": "lineitem","Alias": "l2","Startup Cost": 0.43,"Total Cost": 1.02,"Plan Rows": 17,"Plan Width": 8,"Actual Startup Time": 0.007,"Actual Total Time": 0.007,"Actual Rows": 1,"Actual Loops": 13657,"Index Cond": "(l_orderkey = l1.l_orderkey)","Rows Removed by Index Recheck": 0,"Filter": "(l_suppkey <> l1.l_suppkey)","Rows Removed by Filter": 1}]},{"Node Type": "Index Scan","Parent Relationship": "Inner","Parallel Aware": false,"Async Capable": false,"Scan Direction": "Forward","Index Name": "orders_pkey","Relation Name": "orders","Alias": "orders","Startup Cost": 0.43,"Total Cost": 0.51,"Plan Rows": 1,"Plan Width": 4,"Actual Startup Time": 0.008,"Actual Total Time": 0.008,"Actual Rows": 0,"Actual Loops": 8241,"Index Cond": "(o_orderkey = l1.l_orderkey)","Rows Removed by Index Recheck": 0,"Filter": "(o_orderstatus = 'F'::bpchar)","Rows Removed by Filter": 1}]}]}]}]},"Planning Time": 9.721,"Triggers": [],"Execution Time": 515.552}]
[{"Plan": {"Node Type": "Sort","Parallel Aware": false,"Async Capable": false,"Startup Cost": 147378.80,"Total Cost": 147378.81,"Plan Rows": 1,"Plan Width": 34,"Actual Startup Time": 501.304,"Actual Total Time": 522.071,"Actual Rows": 393,"Actual Loops": 1,"Sort Key": ["(count(*)) DESC", "supplier.s_name"],"Sort Method": "quicksort","Sort Space Used": 55,"Sort Space Type": "Memory","Plans": [{"Node Type": "Aggregate","Strategy": "Sorted","Partial Mode": "Simple","Parent Relationship": "Outer","Parallel Aware": false,"Async Capable": false,"Startup Cost": 147378.77,"Total Cost": 147378.79,"Plan Rows": 1,"Plan Width": 34,"Actual Startup Time": 500.141,"Actual Total Time": 521.406,"Actual Rows": 393,"Actual Loops": 1,"Group Key": ["supplier.s_name"],"Plans": [{"Node Type": "Sort","Parent Relationship": "Outer","Parallel Aware": false,"Async Capable": false,"Startup Cost": 147378.77,"Total Cost": 147378.78,"Plan Rows": 1,"Plan Width": 26,"Actual Startup Time": 500.117,"Actual Total Time": 521.005,"Actual Rows": 3888,"Actual Loops": 1,"Sort Key": ["supplier.s_name"],"Sort Method": "quicksort","Sort Space Used": 370,"Sort Space Type": "Memory","Plans": [{"Node Type": "Nested Loop","Parent Relationship": "Outer","Parallel Aware": false,"Async Capable": false,"Join Type": "Inner","Startup Cost": 1250.87,"Total Cost": 147378.76,"Plan Rows": 1,"Plan Width": 26,"Actual Startup Time": 4.419,"Actual Total Time": 510.533,"Actual Rows": 3888,"Actual Loops": 1,"Inner Unique": true,"Plans": [{"Node Type": "Nested Loop","Parent Relationship": "Outer","Parallel Aware": false,"Async Capable": false,"Join Type": "Semi","Startup Cost": 1250.44,"Total Cost": 147378.26,"Plan Rows": 1,"Plan Width": 34,"Actual Startup Time": 4.399,"Actual Total Time": 450.183,"Actual Rows": 7870,"Actual Loops": 1,"Inner Unique": false,"Plans": [{"Node Type": "Gather","Parent Relationship": "Outer","Parallel Aware": false,"Async Capable": false,"Startup Cost": 1250.01,"Total Cost": 147377.22,"Plan Rows": 1,"Plan Width": 34,"Actual Startup Time": 4.381,"Actual Total Time": 345.433,"Actual Rows": 13167,"Actual Loops": 1,"Workers Planned": 4,"Workers Launched": 4,"Single Copy": false,"Plans": [{"Node Type": "Nested Loop","Parent Relationship": "Outer","Parallel Aware": false,"Async Capable": false,"Join Type": "Anti","Startup Cost": 250.01,"Total Cost": 146377.12,"Plan Rows": 1,"Plan Width": 34,"Actual Startup Time": 4.384,"Actual Total Time": 444.967,"Actual Rows": 2633,"Actual Loops": 5,"Inner Unique": false,"Workers": [],"Plans": [{"Node Type": "Hash Join","Parent Relationship": "Outer","Parallel Aware": false,"Async Capable": false,"Join Type": "Inner","Startup Cost": 249.58,"Total Cost": 133581.65,"Plan Rows": 19990,"Plan Width": 34,"Actual Startup Time": 4.142,"Actual Total Time": 356.305,"Actual Rows": 29760,"Actual Loops": 5,"Inner Unique": false,"Hash Cond": "(l1.l_suppkey = supplier.s_suppkey)","Workers": [],"Plans": [{"Node Type": "Seq Scan","Parent Relationship": "Outer","Parallel Aware": true,"Async Capable": false,"Relation Name": "lineitem","Alias": "l1","Startup Cost": 0.00,"Total Cost": 131256.80,"Plan Rows": 500101,"Plan Width": 8,"Actual Startup Time": 0.027,"Actual Total Time": 306.242,"Actual Rows": 758659,"Actual Loops": 5,"Filter": "(l_receiptdate > l_commitdate)","Rows Removed by Filter": 441584,"Workers": []},{"Node Type": "Hash","Parent Relationship": "Inner","Parallel Aware": false,"Async Capable": false,"Startup Cost": 244.58,"Total Cost": 244.58,"Plan Rows": 400,"Plan Width": 30,"Actual Startup Time": 3.834,"Actual Total Time": 3.847,"Actual Rows": 393,"Actual Loops": 5,"Hash Buckets": 1024,"Original Hash Buckets": 1024,"Hash Batches": 1,"Original Hash Batches": 1,"Peak Memory Usage": 33,"Workers": [],"Plans": [{"Node Type": "Nested Loop","Parent Relationship": "Outer","Parallel Aware": false,"Async Capable": false,"Join Type": "Inner","Startup Cost": 7.38,"Total Cost": 244.58,"Plan Rows": 400,"Plan Width": 30,"Actual Startup Time": 0.244,"Actual Total Time": 3.695,"Actual Rows": 393,"Actual Loops": 5,"Inner Unique": false,"Workers": [],"Plans": [{"Node Type": "Seq Scan","Parent Relationship": "Outer","Parallel Aware": false,"Async Capable": false,"Relation Name": "nation","Alias": "nation","Startup Cost": 0.00,"Total Cost": 1.31,"Plan Rows": 1,"Plan Width": 4,"Actual Startup Time": 0.049,"Actual Total Time": 0.055,"Actual Rows": 1,"Actual Loops": 5,"Filter": "(n_name = 'IRAN'::bpchar)","Rows Removed by Filter": 24,"Workers": []},{"Node Type": "Bitmap Heap Scan","Parent Relationship": "Inner","Parallel Aware": false,"Async Capable": false,"Relation Name": "supplier","Alias": "supplier","Startup Cost": 7.38,"Total Cost": 239.27,"Plan Rows": 400,"Plan Width": 34,"Actual Startup Time": 0.188,"Actual Total Time": 3.562,"Actual Rows": 393,"Actual Loops": 5,"Recheck Cond": "(s_nationkey = nation.n_nationkey)","Rows Removed by Index Recheck": 0,"Exact Heap Blocks": 179,"Lossy Heap Blocks": 0,"Workers": [],"Plans": [{"Node Type": "Bitmap Index Scan","Parent Relationship": "Outer","Parallel Aware": false,"Async Capable": false,"Index Name": "idx_supplier_nation_key","Startup Cost": 0.00,"Total Cost": 7.29,"Plan Rows": 400,"Plan Width": 0,"Actual Startup Time": 0.116,"Actual Total Time": 0.118,"Actual Rows": 393,"Actual Loops": 5,"Index Cond": "(s_nationkey = nation.n_nationkey)","Workers": []}]}]}]}]},{"Node Type": "Index Scan","Parent Relationship": "Inner","Parallel Aware": false,"Async Capable": false,"Scan Direction": "Forward","Index Name": "idx_lineitem_orderkey","Relation Name": "lineitem","Alias": "l3","Startup Cost": 0.43,"Total Cost": 1.06,"Plan Rows": 6,"Plan Width": 8,"Actual Startup Time": 0.003,"Actual Total Time": 0.003,"Actual Rows": 1,"Actual Loops": 148802,"Index Cond": "(l_orderkey = l1.l_orderkey)","Rows Removed by Index Recheck": 0,"Filter": "((l_receiptdate > l_commitdate) AND (l_suppkey <> l1.l_suppkey))","Rows Removed by Filter": 1,"Workers": []}]}]},{"Node Type": "Index Scan","Parent Relationship": "Inner","Parallel Aware": false,"Async Capable": false,"Scan Direction": "Forward","Index Name": "idx_lineitem_orderkey","Relation Name": "lineitem","Alias": "l2","Startup Cost": 0.43,"Total Cost": 1.02,"Plan Rows": 17,"Plan Width": 8,"Actual Startup Time": 0.008,"Actual Total Time": 0.008,"Actual Rows": 1,"Actual Loops": 13167,"Index Cond": "(l_orderkey = l1.l_orderkey)","Rows Removed by Index Recheck": 0,"Filter": "(l_suppkey <> l1.l_suppkey)","Rows Removed by Filter": 1}]},{"Node Type": "Index Scan","Parent Relationship": "Inner","Parallel Aware": false,"Async Capable": false,"Scan Direction": "Forward","Index Name": "orders_pkey","Relation Name": "orders","Alias": "orders","Startup Cost": 0.43,"Total Cost": 0.51,"Plan Rows": 1,"Plan Width": 4,"Actual Startup Time": 0.007,"Actual Total Time": 0.007,"Actual Rows": 0,"Actual Loops": 7870,"Index Cond": "(o_orderkey = l1.l_orderkey)","Rows Removed by Index Recheck": 0,"Filter": "(o_orderstatus = 'F'::bpchar)","Rows Removed by Filter": 1}]}]}]}]},"Planning Time": 9.769,"Triggers": [],"Execution Time": 522.666}]
[{"Plan": {"Node Type": "Sort","Parallel Aware": false,"Async Capable": false,"Startup Cost": 147378.80,"Total Cost": 147378.81,"Plan Rows": 1,"Plan Width": 34,"Actual Startup Time": 503.423,"Actual Total Time": 521.004,"Actual Rows": 406,"Actual Loops": 1,"Sort Key": ["(count(*)) DESC", "supplier.s_name"],"Sort Method": "quicksort","Sort Space Used": 56,"Sort Space Type": "Memory","Plans": [{"Node Type": "Aggregate","Strategy": "Sorted","Partial Mode": "Simple","Parent Relationship": "Outer","Parallel Aware": false,"Async Capable": false,"Startup Cost": 147378.77,"Total Cost": 147378.79,"Plan Rows": 1,"Plan Width": 34,"Actual Startup Time": 502.176,"Actual Total Time": 520.280,"Actual Rows": 406,"Actual Loops": 1,"Group Key": ["supplier.s_name"],"Plans": [{"Node Type": "Sort","Parent Relationship": "Outer","Parallel Aware": false,"Async Capable": false,"Startup Cost": 147378.77,"Total Cost": 147378.78,"Plan Rows": 1,"Plan Width": 26,"Actual Startup Time": 502.147,"Actual Total Time": 519.852,"Actual Rows": 4052,"Actual Loops": 1,"Sort Key": ["supplier.s_name"],"Sort Method": "quicksort","Sort Space Used": 381,"Sort Space Type": "Memory","Plans": [{"Node Type": "Nested Loop","Parent Relationship": "Outer","Parallel Aware": false,"Async Capable": false,"Join Type": "Inner","Startup Cost": 1250.87,"Total Cost": 147378.76,"Plan Rows": 1,"Plan Width": 26,"Actual Startup Time": 4.486,"Actual Total Time": 508.290,"Actual Rows": 4052,"Actual Loops": 1,"Inner Unique": true,"Plans": [{"Node Type": "Nested Loop","Parent Relationship": "Outer","Parallel Aware": false,"Async Capable": false,"Join Type": "Semi","Startup Cost": 1250.44,"Total Cost": 147378.26,"Plan Rows": 1,"Plan Width": 34,"Actual Startup Time": 4.452,"Actual Total Time": 441.127,"Actual Rows": 8332,"Actual Loops": 1,"Inner Unique": false,"Plans": [{"Node Type": "Gather","Parent Relationship": "Outer","Parallel Aware": false,"Async Capable": false,"Startup Cost": 1250.01,"Total Cost": 147377.22,"Plan Rows": 1,"Plan Width": 34,"Actual Startup Time": 4.440,"Actual Total Time": 331.994,"Actual Rows": 13791,"Actual Loops": 1,"Workers Planned": 4,"Workers Launched": 4,"Single Copy": false,"Plans": [{"Node Type": "Nested Loop","Parent Relationship": "Outer","Parallel Aware": false,"Async Capable": false,"Join Type": "Anti","Startup Cost": 250.01,"Total Cost": 146377.12,"Plan Rows": 1,"Plan Width": 34,"Actual Startup Time": 4.624,"Actual Total Time": 442.937,"Actual Rows": 2758,"Actual Loops": 5,"Inner Unique": false,"Workers": [],"Plans": [{"Node Type": "Hash Join","Parent Relationship": "Outer","Parallel Aware": false,"Async Capable": false,"Join Type": "Inner","Startup Cost": 249.58,"Total Cost": 133581.65,"Plan Rows": 19990,"Plan Width": 34,"Actual Startup Time": 4.481,"Actual Total Time": 353.409,"Actual Rows": 30900,"Actual Loops": 5,"Inner Unique": false,"Hash Cond": "(l1.l_suppkey = supplier.s_suppkey)","Workers": [],"Plans": [{"Node Type": "Seq Scan","Parent Relationship": "Outer","Parallel Aware": true,"Async Capable": false,"Relation Name": "lineitem","Alias": "l1","Startup Cost": 0.00,"Total Cost": 131256.80,"Plan Rows": 500101,"Plan Width": 8,"Actual Startup Time": 0.029,"Actual Total Time": 301.270,"Actual Rows": 758659,"Actual Loops": 5,"Filter": "(l_receiptdate > l_commitdate)","Rows Removed by Filter": 441584,"Workers": []},{"Node Type": "Hash","Parent Relationship": "Inner","Parallel Aware": false,"Async Capable": false,"Startup Cost": 244.58,"Total Cost": 244.58,"Plan Rows": 400,"Plan Width": 30,"Actual Startup Time": 4.105,"Actual Total Time": 4.114,"Actual Rows": 406,"Actual Loops": 5,"Hash Buckets": 1024,"Original Hash Buckets": 1024,"Hash Batches": 1,"Original Hash Batches": 1,"Peak Memory Usage": 34,"Workers": [],"Plans": [{"Node Type": "Nested Loop","Parent Relationship": "Outer","Parallel Aware": false,"Async Capable": false,"Join Type": "Inner","Startup Cost": 7.38,"Total Cost": 244.58,"Plan Rows": 400,"Plan Width": 30,"Actual Startup Time": 0.252,"Actual Total Time": 3.975,"Actual Rows": 406,"Actual Loops": 5,"Inner Unique": false,"Workers": [],"Plans": [{"Node Type": "Seq Scan","Parent Relationship": "Outer","Parallel Aware": false,"Async Capable": false,"Relation Name": "nation","Alias": "nation","Startup Cost": 0.00,"Total Cost": 1.31,"Plan Rows": 1,"Plan Width": 4,"Actual Startup Time": 0.055,"Actual Total Time": 0.058,"Actual Rows": 1,"Actual Loops": 5,"Filter": "(n_name = 'MOZAMBIQUE'::bpchar)","Rows Removed by Filter": 24,"Workers": []},{"Node Type": "Bitmap Heap Scan","Parent Relationship": "Inner","Parallel Aware": false,"Async Capable": false,"Relation Name": "supplier","Alias": "supplier","Startup Cost": 7.38,"Total Cost": 239.27,"Plan Rows": 400,"Plan Width": 34,"Actual Startup Time": 0.193,"Actual Total Time": 3.854,"Actual Rows": 406,"Actual Loops": 5,"Recheck Cond": "(s_nationkey = nation.n_nationkey)","Rows Removed by Index Recheck": 0,"Exact Heap Blocks": 186,"Lossy Heap Blocks": 0,"Workers": [],"Plans": [{"Node Type": "Bitmap Index Scan","Parent Relationship": "Outer","Parallel Aware": false,"Async Capable": false,"Index Name": "idx_supplier_nation_key","Startup Cost": 0.00,"Total Cost": 7.29,"Plan Rows": 400,"Plan Width": 0,"Actual Startup Time": 0.125,"Actual Total Time": 0.126,"Actual Rows": 406,"Actual Loops": 5,"Index Cond": "(s_nationkey = nation.n_nationkey)","Workers": []}]}]}]}]},{"Node Type": "Index Scan","Parent Relationship": "Inner","Parallel Aware": false,"Async Capable": false,"Scan Direction": "Forward","Index Name": "idx_lineitem_orderkey","Relation Name": "lineitem","Alias": "l3","Startup Cost": 0.43,"Total Cost": 1.06,"Plan Rows": 6,"Plan Width": 8,"Actual Startup Time": 0.003,"Actual Total Time": 0.003,"Actual Rows": 1,"Actual Loops": 154501,"Index Cond": "(l_orderkey = l1.l_orderkey)","Rows Removed by Index Recheck": 0,"Filter": "((l_receiptdate > l_commitdate) AND (l_suppkey <> l1.l_suppkey))","Rows Removed by Filter": 1,"Workers": []}]}]},{"Node Type": "Index Scan","Parent Relationship": "Inner","Parallel Aware": false,"Async Capable": false,"Scan Direction": "Forward","Index Name": "idx_lineitem_orderkey","Relation Name": "lineitem","Alias": "l2","Startup Cost": 0.43,"Total Cost": 1.02,"Plan Rows": 17,"Plan Width": 8,"Actual Startup Time": 0.007,"Actual Total Time": 0.007,"Actual Rows": 1,"Actual Loops": 13791,"Index Cond": "(l_orderkey = l1.l_orderkey)","Rows Removed by Index Recheck": 0,"Filter": "(l_suppkey <> l1.l_suppkey)","Rows Removed by Filter": 1}]},{"Node Type": "Index Scan","Parent Relationship": "Inner","Parallel Aware": false,"Async Capable": false,"Scan Direction": "Forward","Index Name": "orders_pkey","Relation Name": "orders","Alias": "orders","Startup Cost": 0.43,"Total Cost": 0.51,"Plan Rows": 1,"Plan Width": 4,"Actual Startup Time": 0.008,"Actual Total Time": 0.008,"Actual Rows": 0,"Actual Loops": 8332,"Index Cond": "(o_orderkey = l1.l_orderkey)","Rows Removed by Index Recheck": 0,"Filter": "(o_orderstatus = 'F'::bpchar)","Rows Removed by Filter": 1}]}]}]}]},"Planning Time": 9.793,"Triggers": [],"Execution Time": 521.577}]
[{"Plan": {"Node Type": "Sort","Parallel Aware": false,"Async Capable": false,"Startup Cost": 147378.80,"Total Cost": 147378.81,"Plan Rows": 1,"Plan Width": 34,"Actual Startup Time": 499.004,"Actual Total Time": 520.055,"Actual Rows": 399,"Actual Loops": 1,"Sort Key": ["(count(*)) DESC", "supplier.s_name"],"Sort Method": "quicksort","Sort Space Used": 56,"Sort Space Type": "Memory","Plans": [{"Node Type": "Aggregate","Strategy": "Sorted","Partial Mode": "Simple","Parent Relationship": "Outer","Parallel Aware": false,"Async Capable": false,"Startup Cost": 147378.77,"Total Cost": 147378.79,"Plan Rows": 1,"Plan Width": 34,"Actual Startup Time": 497.768,"Actual Total Time": 519.326,"Actual Rows": 399,"Actual Loops": 1,"Group Key": ["supplier.s_name"],"Plans": [{"Node Type": "Sort","Parent Relationship": "Outer","Parallel Aware": false,"Async Capable": false,"Startup Cost": 147378.77,"Total Cost": 147378.78,"Plan Rows": 1,"Plan Width": 26,"Actual Startup Time": 497.754,"Actual Total Time": 518.925,"Actual Rows": 3901,"Actual Loops": 1,"Sort Key": ["supplier.s_name"],"Sort Method": "quicksort","Sort Space Used": 371,"Sort Space Type": "Memory","Plans": [{"Node Type": "Nested Loop","Parent Relationship": "Outer","Parallel Aware": false,"Async Capable": false,"Join Type": "Inner","Startup Cost": 1250.87,"Total Cost": 147378.76,"Plan Rows": 1,"Plan Width": 26,"Actual Startup Time": 5.425,"Actual Total Time": 507.475,"Actual Rows": 3901,"Actual Loops": 1,"Inner Unique": true,"Plans": [{"Node Type": "Nested Loop","Parent Relationship": "Outer","Parallel Aware": false,"Async Capable": false,"Join Type": "Semi","Startup Cost": 1250.44,"Total Cost": 147378.26,"Plan Rows": 1,"Plan Width": 34,"Actual Startup Time": 5.049,"Actual Total Time": 443.858,"Actual Rows": 7909,"Actual Loops": 1,"Inner Unique": false,"Plans": [{"Node Type": "Gather","Parent Relationship": "Outer","Parallel Aware": false,"Async Capable": false,"Startup Cost": 1250.01,"Total Cost": 147377.22,"Plan Rows": 1,"Plan Width": 34,"Actual Startup Time": 4.716,"Actual Total Time": 337.054,"Actual Rows": 13313,"Actual Loops": 1,"Workers Planned": 4,"Workers Launched": 4,"Single Copy": false,"Plans": [{"Node Type": "Nested Loop","Parent Relationship": "Outer","Parallel Aware": false,"Async Capable": false,"Join Type": "Anti","Startup Cost": 250.01,"Total Cost": 146377.12,"Plan Rows": 1,"Plan Width": 34,"Actual Startup Time": 4.762,"Actual Total Time": 442.169,"Actual Rows": 2663,"Actual Loops": 5,"Inner Unique": false,"Workers": [],"Plans": [{"Node Type": "Hash Join","Parent Relationship": "Outer","Parallel Aware": false,"Async Capable": false,"Join Type": "Inner","Startup Cost": 249.58,"Total Cost": 133581.65,"Plan Rows": 19990,"Plan Width": 34,"Actual Startup Time": 4.517,"Actual Total Time": 353.941,"Actual Rows": 30247,"Actual Loops": 5,"Inner Unique": false,"Hash Cond": "(l1.l_suppkey = supplier.s_suppkey)","Workers": [],"Plans": [{"Node Type": "Seq Scan","Parent Relationship": "Outer","Parallel Aware": true,"Async Capable": false,"Relation Name": "lineitem","Alias": "l1","Startup Cost": 0.00,"Total Cost": 131256.80,"Plan Rows": 500101,"Plan Width": 8,"Actual Startup Time": 0.021,"Actual Total Time": 302.084,"Actual Rows": 758659,"Actual Loops": 5,"Filter": "(l_receiptdate > l_commitdate)","Rows Removed by Filter": 441584,"Workers": []},{"Node Type": "Hash","Parent Relationship": "Inner","Parallel Aware": false,"Async Capable": false,"Startup Cost": 244.58,"Total Cost": 244.58,"Plan Rows": 400,"Plan Width": 30,"Actual Startup Time": 4.286,"Actual Total Time": 4.296,"Actual Rows": 399,"Actual Loops": 5,"Hash Buckets": 1024,"Original Hash Buckets": 1024,"Hash Batches": 1,"Original Hash Batches": 1,"Peak Memory Usage": 33,"Workers": [],"Plans": [{"Node Type": "Nested Loop","Parent Relationship": "Outer","Parallel Aware": false,"Async Capable": false,"Join Type": "Inner","Startup Cost": 7.38,"Total Cost": 244.58,"Plan Rows": 400,"Plan Width": 30,"Actual Startup Time": 0.243,"Actual Total Time": 4.128,"Actual Rows": 399,"Actual Loops": 5,"Inner Unique": false,"Workers": [],"Plans": [{"Node Type": "Seq Scan","Parent Relationship": "Outer","Parallel Aware": false,"Async Capable": false,"Relation Name": "nation","Alias": "nation","Startup Cost": 0.00,"Total Cost": 1.31,"Plan Rows": 1,"Plan Width": 4,"Actual Startup Time": 0.049,"Actual Total Time": 0.051,"Actual Rows": 1,"Actual Loops": 5,"Filter": "(n_name = 'VIETNAM'::bpchar)","Rows Removed by Filter": 24,"Workers": []},{"Node Type": "Bitmap Heap Scan","Parent Relationship": "Inner","Parallel Aware": false,"Async Capable": false,"Relation Name": "supplier","Alias": "supplier","Startup Cost": 7.38,"Total Cost": 239.27,"Plan Rows": 400,"Plan Width": 34,"Actual Startup Time": 0.189,"Actual Total Time": 4.007,"Actual Rows": 399,"Actual Loops": 5,"Recheck Cond": "(s_nationkey = nation.n_nationkey)","Rows Removed by Index Recheck": 0,"Exact Heap Blocks": 191,"Lossy Heap Blocks": 0,"Workers": [],"Plans": [{"Node Type": "Bitmap Index Scan","Parent Relationship": "Outer","Parallel Aware": false,"Async Capable": false,"Index Name": "idx_supplier_nation_key","Startup Cost": 0.00,"Total Cost": 7.29,"Plan Rows": 400,"Plan Width": 0,"Actual Startup Time": 0.123,"Actual Total Time": 0.125,"Actual Rows": 399,"Actual Loops": 5,"Index Cond": "(s_nationkey = nation.n_nationkey)","Workers": []}]}]}]}]},{"Node Type": "Index Scan","Parent Relationship": "Inner","Parallel Aware": false,"Async Capable": false,"Scan Direction": "Forward","Index Name": "idx_lineitem_orderkey","Relation Name": "lineitem","Alias": "l3","Startup Cost": 0.43,"Total Cost": 1.06,"Plan Rows": 6,"Plan Width": 8,"Actual Startup Time": 0.003,"Actual Total Time": 0.003,"Actual Rows": 1,"Actual Loops": 151237,"Index Cond": "(l_orderkey = l1.l_orderkey)","Rows Removed by Index Recheck": 0,"Filter": "((l_receiptdate > l_commitdate) AND (l_suppkey <> l1.l_suppkey))","Rows Removed by Filter": 1,"Workers": []}]}]},{"Node Type": "Index Scan","Parent Relationship": "Inner","Parallel Aware": false,"Async Capable": false,"Scan Direction": "Forward","Index Name": "idx_lineitem_orderkey","Relation Name": "lineitem","Alias": "l2","Startup Cost": 0.43,"Total Cost": 1.02,"Plan Rows": 17,"Plan Width": 8,"Actual Startup Time": 0.008,"Actual Total Time": 0.008,"Actual Rows": 1,"Actual Loops": 13313,"Index Cond": "(l_orderkey = l1.l_orderkey)","Rows Removed by Index Recheck": 0,"Filter": "(l_suppkey <> l1.l_suppkey)","Rows Removed by Filter": 1}]},{"Node Type": "Index Scan","Parent Relationship": "Inner","Parallel Aware": false,"Async Capable": false,"Scan Direction": "Forward","Index Name": "orders_pkey","Relation Name": "orders","Alias": "orders","Startup Cost": 0.43,"Total Cost": 0.51,"Plan Rows": 1,"Plan Width": 4,"Actual Startup Time": 0.008,"Actual Total Time": 0.008,"Actual Rows": 0,"Actual Loops": 7909,"Index Cond": "(o_orderkey = l1.l_orderkey)","Rows Removed by Index Recheck": 0,"Filter": "(o_orderstatus = 'F'::bpchar)","Rows Removed by Filter": 1}]}]}]}]},"Planning Time": 9.630,"Triggers": [],"Execution Time": 520.585}]
[{"Plan": {"Node Type": "Sort","Parallel Aware": false,"Async Capable": false,"Startup Cost": 147378.80,"Total Cost": 147378.81,"Plan Rows": 1,"Plan Width": 34,"Actual Startup Time": 492.880,"Actual Total Time": 511.387,"Actual Rows": 377,"Actual Loops": 1,"Sort Key": ["(count(*)) DESC", "supplier.s_name"],"Sort Method": "quicksort","Sort Space Used": 54,"Sort Space Type": "Memory","Plans": [{"Node Type": "Aggregate","Strategy": "Sorted","Partial Mode": "Simple","Parent Relationship": "Outer","Parallel Aware": false,"Async Capable": false,"Startup Cost": 147378.77,"Total Cost": 147378.79,"Plan Rows": 1,"Plan Width": 34,"Actual Startup Time": 491.719,"Actual Total Time": 510.711,"Actual Rows": 377,"Actual Loops": 1,"Group Key": ["supplier.s_name"],"Plans": [{"Node Type": "Sort","Parent Relationship": "Outer","Parallel Aware": false,"Async Capable": false,"Startup Cost": 147378.77,"Total Cost": 147378.78,"Plan Rows": 1,"Plan Width": 26,"Actual Startup Time": 491.689,"Actual Total Time": 510.309,"Actual Rows": 3707,"Actual Loops": 1,"Sort Key": ["supplier.s_name"],"Sort Method": "quicksort","Sort Space Used": 357,"Sort Space Type": "Memory","Plans": [{"Node Type": "Nested Loop","Parent Relationship": "Outer","Parallel Aware": false,"Async Capable": false,"Join Type": "Inner","Startup Cost": 1250.87,"Total Cost": 147378.76,"Plan Rows": 1,"Plan Width": 26,"Actual Startup Time": 4.620,"Actual Total Time": 499.542,"Actual Rows": 3707,"Actual Loops": 1,"Inner Unique": true,"Plans": [{"Node Type": "Nested Loop","Parent Relationship": "Outer","Parallel Aware": false,"Async Capable": false,"Join Type": "Semi","Startup Cost": 1250.44,"Total Cost": 147378.26,"Plan Rows": 1,"Plan Width": 34,"Actual Startup Time": 4.581,"Actual Total Time": 437.361,"Actual Rows": 7590,"Actual Loops": 1,"Inner Unique": false,"Plans": [{"Node Type": "Gather","Parent Relationship": "Outer","Parallel Aware": false,"Async Capable": false,"Startup Cost": 1250.01,"Total Cost": 147377.22,"Plan Rows": 1,"Plan Width": 34,"Actual Startup Time": 4.430,"Actual Total Time": 334.305,"Actual Rows": 12724,"Actual Loops": 1,"Workers Planned": 4,"Workers Launched": 4,"Single Copy": false,"Plans": [{"Node Type": "Nested Loop","Parent Relationship": "Outer","Parallel Aware": false,"Async Capable": false,"Join Type": "Anti","Startup Cost": 250.01,"Total Cost": 146377.12,"Plan Rows": 1,"Plan Width": 34,"Actual Startup Time": 5.283,"Actual Total Time": 435.218,"Actual Rows": 2545,"Actual Loops": 5,"Inner Unique": false,"Workers": [],"Plans": [{"Node Type": "Hash Join","Parent Relationship": "Outer","Parallel Aware": false,"Async Capable": false,"Join Type": "Inner","Startup Cost": 249.58,"Total Cost": 133581.65,"Plan Rows": 19990,"Plan Width": 34,"Actual Startup Time": 4.967,"Actual Total Time": 350.606,"Actual Rows": 28669,"Actual Loops": 5,"Inner Unique": false,"Hash Cond": "(l1.l_suppkey = supplier.s_suppkey)","Workers": [],"Plans": [{"Node Type": "Seq Scan","Parent Relationship": "Outer","Parallel Aware": true,"Async Capable": false,"Relation Name": "lineitem","Alias": "l1","Startup Cost": 0.00,"Total Cost": 131256.80,"Plan Rows": 500101,"Plan Width": 8,"Actual Startup Time": 0.028,"Actual Total Time": 300.375,"Actual Rows": 758659,"Actual Loops": 5,"Filter": "(l_receiptdate > l_commitdate)","Rows Removed by Filter": 441584,"Workers": []},{"Node Type": "Hash","Parent Relationship": "Inner","Parallel Aware": false,"Async Capable": false,"Startup Cost": 244.58,"Total Cost": 244.58,"Plan Rows": 400,"Plan Width": 30,"Actual Startup Time": 4.611,"Actual Total Time": 4.626,"Actual Rows": 377,"Actual Loops": 5,"Hash Buckets": 1024,"Original Hash Buckets": 1024,"Hash Batches": 1,"Original Hash Batches": 1,"Peak Memory Usage": 32,"Workers": [],"Plans": [{"Node Type": "Nested Loop","Parent Relationship": "Outer","Parallel Aware": false,"Async Capable": false,"Join Type": "Inner","Startup Cost": 7.38,"Total Cost": 244.58,"Plan Rows": 400,"Plan Width": 30,"Actual Startup Time": 0.296,"Actual Total Time": 4.444,"Actual Rows": 377,"Actual Loops": 5,"Inner Unique": false,"Workers": [],"Plans": [{"Node Type": "Seq Scan","Parent Relationship": "Outer","Parallel Aware": false,"Async Capable": false,"Relation Name": "nation","Alias": "nation","Startup Cost": 0.00,"Total Cost": 1.31,"Plan Rows": 1,"Plan Width": 4,"Actual Startup Time": 0.056,"Actual Total Time": 0.065,"Actual Rows": 1,"Actual Loops": 5,"Filter": "(n_name = 'JAPAN'::bpchar)","Rows Removed by Filter": 24,"Workers": []},{"Node Type": "Bitmap Heap Scan","Parent Relationship": "Inner","Parallel Aware": false,"Async Capable": false,"Relation Name": "supplier","Alias": "supplier","Startup Cost": 7.38,"Total Cost": 239.27,"Plan Rows": 400,"Plan Width": 34,"Actual Startup Time": 0.234,"Actual Total Time": 4.286,"Actual Rows": 377,"Actual Loops": 5,"Recheck Cond": "(s_nationkey = nation.n_nationkey)","Rows Removed by Index Recheck": 0,"Exact Heap Blocks": 180,"Lossy Heap Blocks": 0,"Workers": [],"Plans": [{"Node Type": "Bitmap Index Scan","Parent Relationship": "Outer","Parallel Aware": false,"Async Capable": false,"Index Name": "idx_supplier_nation_key","Startup Cost": 0.00,"Total Cost": 7.29,"Plan Rows": 400,"Plan Width": 0,"Actual Startup Time": 0.148,"Actual Total Time": 0.149,"Actual Rows": 377,"Actual Loops": 5,"Index Cond": "(s_nationkey = nation.n_nationkey)","Workers": []}]}]}]}]},{"Node Type": "Index Scan","Parent Relationship": "Inner","Parallel Aware": false,"Async Capable": false,"Scan Direction": "Forward","Index Name": "idx_lineitem_orderkey","Relation Name": "lineitem","Alias": "l3","Startup Cost": 0.43,"Total Cost": 1.06,"Plan Rows": 6,"Plan Width": 8,"Actual Startup Time": 0.003,"Actual Total Time": 0.003,"Actual Rows": 1,"Actual Loops": 143344,"Index Cond": "(l_orderkey = l1.l_orderkey)","Rows Removed by Index Recheck": 0,"Filter": "((l_receiptdate > l_commitdate) AND (l_suppkey <> l1.l_suppkey))","Rows Removed by Filter": 1,"Workers": []}]}]},{"Node Type": "Index Scan","Parent Relationship": "Inner","Parallel Aware": false,"Async Capable": false,"Scan Direction": "Forward","Index Name": "idx_lineitem_orderkey","Relation Name": "lineitem","Alias": "l2","Startup Cost": 0.43,"Total Cost": 1.02,"Plan Rows": 17,"Plan Width": 8,"Actual Startup Time": 0.008,"Actual Total Time": 0.008,"Actual Rows": 1,"Actual Loops": 12724,"Index Cond": "(l_orderkey = l1.l_orderkey)","Rows Removed by Index Recheck": 0,"Filter": "(l_suppkey <> l1.l_suppkey)","Rows Removed by Filter": 1}]},{"Node Type": "Index Scan","Parent Relationship": "Inner","Parallel Aware": false,"Async Capable": false,"Scan Direction": "Forward","Index Name": "orders_pkey","Relation Name": "orders","Alias": "orders","Startup Cost": 0.43,"Total Cost": 0.51,"Plan Rows": 1,"Plan Width": 4,"Actual Startup Time": 0.008,"Actual Total Time": 0.008,"Actual Rows": 0,"Actual Loops": 7590,"Index Cond": "(o_orderkey = l1.l_orderkey)","Rows Removed by Index Recheck": 0,"Filter": "(o_orderstatus = 'F'::bpchar)","Rows Removed by Filter": 1}]}]}]}]},"Planning Time": 9.583,"Triggers": [],"Execution Time": 511.800}]
[{"Plan": {"Node Type": "Sort","Parallel Aware": false,"Async Capable": false,"Startup Cost": 147378.80,"Total Cost": 147378.81,"Plan Rows": 1,"Plan Width": 34,"Actual Startup Time": 501.304,"Actual Total Time": 522.071,"Actual Rows": 393,"Actual Loops": 1,"Sort Key": ["(count(*)) DESC", "supplier.s_name"],"Sort Method": "quicksort","Sort Space Used": 55,"Sort Space Type": "Memory","Plans": [{"Node Type": "Aggregate","Strategy": "Sorted","Partial Mode": "Simple","Parent Relationship": "Outer","Parallel Aware": false,"Async Capable": false,"Startup Cost": 147378.77,"Total Cost": 147378.79,"Plan Rows": 1,"Plan Width": 34,"Actual Startup Time": 500.141,"Actual Total Time": 521.406,"Actual Rows": 393,"Actual Loops": 1,"Group Key": ["supplier.s_name"],"Plans": [{"Node Type": "Sort","Parent Relationship": "Outer","Parallel Aware": false,"Async Capable": false,"Startup Cost": 147378.77,"Total Cost": 147378.78,"Plan Rows": 1,"Plan Width": 26,"Actual Startup Time": 500.117,"Actual Total Time": 521.005,"Actual Rows": 3888,"Actual Loops": 1,"Sort Key": ["supplier.s_name"],"Sort Method": "quicksort","Sort Space Used": 370,"Sort Space Type": "Memory","Plans": [{"Node Type": "Nested Loop","Parent Relationship": "Outer","Parallel Aware": false,"Async Capable": false,"Join Type": "Inner","Startup Cost": 1250.87,"Total Cost": 147378.76,"Plan Rows": 1,"Plan Width": 26,"Actual Startup Time": 4.419,"Actual Total Time": 510.533,"Actual Rows": 3888,"Actual Loops": 1,"Inner Unique": true,"Plans": [{"Node Type": "Nested Loop","Parent Relationship": "Outer","Parallel Aware": false,"Async Capable": false,"Join Type": "Semi","Startup Cost": 1250.44,"Total Cost": 147378.26,"Plan Rows": 1,"Plan Width": 34,"Actual Startup Time": 4.399,"Actual Total Time": 450.183,"Actual Rows": 7870,"Actual Loops": 1,"Inner Unique": false,"Plans": [{"Node Type": "Gather","Parent Relationship": "Outer","Parallel Aware": false,"Async Capable": false,"Startup Cost": 1250.01,"Total Cost": 147377.22,"Plan Rows": 1,"Plan Width": 34,"Actual Startup Time": 4.381,"Actual Total Time": 345.433,"Actual Rows": 13167,"Actual Loops": 1,"Workers Planned": 4,"Workers Launched": 4,"Single Copy": false,"Plans": [{"Node Type": "Nested Loop","Parent Relationship": "Outer","Parallel Aware": false,"Async Capable": false,"Join Type": "Anti","Startup Cost": 250.01,"Total Cost": 146377.12,"Plan Rows": 1,"Plan Width": 34,"Actual Startup Time": 4.384,"Actual Total Time": 444.967,"Actual Rows": 2633,"Actual Loops": 5,"Inner Unique": false,"Workers": [],"Plans": [{"Node Type": "Hash Join","Parent Relationship": "Outer","Parallel Aware": false,"Async Capable": false,"Join Type": "Inner","Startup Cost": 249.58,"Total Cost": 133581.65,"Plan Rows": 19990,"Plan Width": 34,"Actual Startup Time": 4.142,"Actual Total Time": 356.305,"Actual Rows": 29760,"Actual Loops": 5,"Inner Unique": false,"Hash Cond": "(l1.l_suppkey = supplier.s_suppkey)","Workers": [],"Plans": [{"Node Type": "Seq Scan","Parent Relationship": "Outer","Parallel Aware": true,"Async Capable": false,"Relation Name": "lineitem","Alias": "l1","Startup Cost": 0.00,"Total Cost": 131256.80,"Plan Rows": 500101,"Plan Width": 8,"Actual Startup Time": 0.027,"Actual Total Time": 306.242,"Actual Rows": 758659,"Actual Loops": 5,"Filter": "(l_receiptdate > l_commitdate)","Rows Removed by Filter": 441584,"Workers": []},{"Node Type": "Hash","Parent Relationship": "Inner","Parallel Aware": false,"Async Capable": false,"Startup Cost": 244.58,"Total Cost": 244.58,"Plan Rows": 400,"Plan Width": 30,"Actual Startup Time": 3.834,"Actual Total Time": 3.847,"Actual Rows": 393,"Actual Loops": 5,"Hash Buckets": 1024,"Original Hash Buckets": 1024,"Hash Batches": 1,"Original Hash Batches": 1,"Peak Memory Usage": 33,"Workers": [],"Plans": [{"Node Type": "Nested Loop","Parent Relationship": "Outer","Parallel Aware": false,"Async Capable": false,"Join Type": "Inner","Startup Cost": 7.38,"Total Cost": 244.58,"Plan Rows": 400,"Plan Width": 30,"Actual Startup Time": 0.244,"Actual Total Time": 3.695,"Actual Rows": 393,"Actual Loops": 5,"Inner Unique": false,"Workers": [],"Plans": [{"Node Type": "Seq Scan","Parent Relationship": "Outer","Parallel Aware": false,"Async Capable": false,"Relation Name": "nation","Alias": "nation","Startup Cost": 0.00,"Total Cost": 1.31,"Plan Rows": 1,"Plan Width": 4,"Actual Startup Time": 0.049,"Actual Total Time": 0.055,"Actual Rows": 1,"Actual Loops": 5,"Filter": "(n_name = 'IRAN'::bpchar)","Rows Removed by Filter": 24,"Workers": []},{"Node Type": "Bitmap Heap Scan","Parent Relationship": "Inner","Parallel Aware": false,"Async Capable": false,"Relation Name": "supplier","Alias": "supplier","Startup Cost": 7.38,"Total Cost": 239.27,"Plan Rows": 400,"Plan Width": 34,"Actual Startup Time": 0.188,"Actual Total Time": 3.562,"Actual Rows": 393,"Actual Loops": 5,"Recheck Cond": "(s_nationkey = nation.n_nationkey)","Rows Removed by Index Recheck": 0,"Exact Heap Blocks": 179,"Lossy Heap Blocks": 0,"Workers": [],"Plans": [{"Node Type": "Bitmap Index Scan","Parent Relationship": "Outer","Parallel Aware": false,"Async Capable": false,"Index Name": "idx_supplier_nation_key","Startup Cost": 0.00,"Total Cost": 7.29,"Plan Rows": 400,"Plan Width": 0,"Actual Startup Time": 0.116,"Actual Total Time": 0.118,"Actual Rows": 393,"Actual Loops": 5,"Index Cond": "(s_nationkey = nation.n_nationkey)","Workers": []}]}]}]}]},{"Node Type": "Index Scan","Parent Relationship": "Inner","Parallel Aware": false,"Async Capable": false,"Scan Direction": "Forward","Index Name": "idx_lineitem_orderkey","Relation Name": "lineitem","Alias": "l3","Startup Cost": 0.43,"Total Cost": 1.06,"Plan Rows": 6,"Plan Width": 8,"Actual Startup Time": 0.003,"Actual Total Time": 0.003,"Actual Rows": 1,"Actual Loops": 148802,"Index Cond": "(l_orderkey = l1.l_orderkey)","Rows Removed by Index Recheck": 0,"Filter": "((l_receiptdate > l_commitdate) AND (l_suppkey <> l1.l_suppkey))","Rows Removed by Filter": 1,"Workers": []}]}]},{"Node Type": "Index Scan","Parent Relationship": "Inner","Parallel Aware": false,"Async Capable": false,"Scan Direction": "Forward","Index Name": "idx_lineitem_orderkey","Relation Name": "lineitem","Alias": "l2","Startup Cost": 0.43,"Total Cost": 1.02,"Plan Rows": 17,"Plan Width": 8,"Actual Startup Time": 0.008,"Actual Total Time": 0.008,"Actual Rows": 1,"Actual Loops": 13167,"Index Cond": "(l_orderkey = l1.l_orderkey)","Rows Removed by Index Recheck": 0,"Filter": "(l_suppkey <> l1.l_suppkey)","Rows Removed by Filter": 1}]},{"Node Type": "Index Scan","Parent Relationship": "Inner","Parallel Aware": false,"Async Capable": false,"Scan Direction": "Forward","Index Name": "orders_pkey","Relation Name": "orders","Alias": "orders","Startup Cost": 0.43,"Total Cost": 0.51,"Plan Rows": 1,"Plan Width": 4,"Actual Startup Time": 0.007,"Actual Total Time": 0.007,"Actual Rows": 0,"Actual Loops": 7870,"Index Cond": "(o_orderkey = l1.l_orderkey)","Rows Removed by Index Recheck": 0,"Filter": "(o_orderstatus = 'F'::bpchar)","Rows Removed by Filter": 1}]}]}]}]},"Planning Time": 9.769,"Triggers": [],"Execution Time": 522.666}]
[{"Plan": {"Node Type": "Sort","Parallel Aware": false,"Async Capable": false,"Startup Cost": 147378.80,"Total Cost": 147378.81,"Plan Rows": 1,"Plan Width": 34,"Actual Startup Time": 493.231,"Actual Total Time": 511.674,"Actual Rows": 376,"Actual Loops": 1,"Sort Key": ["(count(*)) DESC", "supplier.s_name"],"Sort Method": "quicksort","Sort Space Used": 54,"Sort Space Type": "Memory","Plans": [{"Node Type": "Aggregate","Strategy": "Sorted","Partial Mode": "Simple","Parent Relationship": "Outer","Parallel Aware": false,"Async Capable": false,"Startup Cost": 147378.77,"Total Cost": 147378.79,"Plan Rows": 1,"Plan Width": 34,"Actual Startup Time": 492.079,"Actual Total Time": 510.997,"Actual Rows": 376,"Actual Loops": 1,"Group Key": ["supplier.s_name"],"Plans": [{"Node Type": "Sort","Parent Relationship": "Outer","Parallel Aware": false,"Async Capable": false,"Startup Cost": 147378.77,"Total Cost": 147378.78,"Plan Rows": 1,"Plan Width": 26,"Actual Startup Time": 492.053,"Actual Total Time": 510.609,"Actual Rows": 3697,"Actual Loops": 1,"Sort Key": ["supplier.s_name"],"Sort Method": "quicksort","Sort Space Used": 356,"Sort Space Type": "Memory","Plans": [{"Node Type": "Nested Loop","Parent Relationship": "Outer","Parallel Aware": false,"Async Capable": false,"Join Type": "Inner","Startup Cost": 1250.87,"Total Cost": 147378.76,"Plan Rows": 1,"Plan Width": 26,"Actual Startup Time": 5.656,"Actual Total Time": 499.948,"Actual Rows": 3697,"Actual Loops": 1,"Inner Unique": true,"Plans": [{"Node Type": "Nested Loop","Parent Relationship": "Outer","Parallel Aware": false,"Async Capable": false,"Join Type": "Semi","Startup Cost": 1250.44,"Total Cost": 147378.26,"Plan Rows": 1,"Plan Width": 34,"Actual Startup Time": 5.611,"Actual Total Time": 438.655,"Actual Rows": 7589,"Actual Loops": 1,"Inner Unique": false,"Plans": [{"Node Type": "Gather","Parent Relationship": "Outer","Parallel Aware": false,"Async Capable": false,"Startup Cost": 1250.01,"Total Cost": 147377.22,"Plan Rows": 1,"Plan Width": 34,"Actual Startup Time": 4.591,"Actual Total Time": 336.749,"Actual Rows": 12677,"Actual Loops": 1,"Workers Planned": 4,"Workers Launched": 4,"Single Copy": false,"Plans": [{"Node Type": "Nested Loop","Parent Relationship": "Outer","Parallel Aware": false,"Async Capable": false,"Join Type": "Anti","Startup Cost": 250.01,"Total Cost": 146377.12,"Plan Rows": 1,"Plan Width": 34,"Actual Startup Time": 5.313,"Actual Total Time": 436.446,"Actual Rows": 2535,"Actual Loops": 5,"Inner Unique": false,"Workers": [],"Plans": [{"Node Type": "Hash Join","Parent Relationship": "Outer","Parallel Aware": false,"Async Capable": false,"Join Type": "Inner","Startup Cost": 249.58,"Total Cost": 133581.65,"Plan Rows": 19990,"Plan Width": 34,"Actual Startup Time": 5.158,"Actual Total Time": 352.526,"Actual Rows": 28439,"Actual Loops": 5,"Inner Unique": false,"Hash Cond": "(l1.l_suppkey = supplier.s_suppkey)","Workers": [],"Plans": [{"Node Type": "Seq Scan","Parent Relationship": "Outer","Parallel Aware": true,"Async Capable": false,"Relation Name": "lineitem","Alias": "l1","Startup Cost": 0.00,"Total Cost": 131256.80,"Plan Rows": 500101,"Plan Width": 8,"Actual Startup Time": 0.028,"Actual Total Time": 300.563,"Actual Rows": 758659,"Actual Loops": 5,"Filter": "(l_receiptdate > l_commitdate)","Rows Removed by Filter": 441584,"Workers": []},{"Node Type": "Hash","Parent Relationship": "Inner","Parallel Aware": false,"Async Capable": false,"Startup Cost": 244.58,"Total Cost": 244.58,"Plan Rows": 400,"Plan Width": 30,"Actual Startup Time": 4.780,"Actual Total Time": 4.790,"Actual Rows": 376,"Actual Loops": 5,"Hash Buckets": 1024,"Original Hash Buckets": 1024,"Hash Batches": 1,"Original Hash Batches": 1,"Peak Memory Usage": 32,"Workers": [],"Plans": [{"Node Type": "Nested Loop","Parent Relationship": "Outer","Parallel Aware": false,"Async Capable": false,"Join Type": "Inner","Startup Cost": 7.38,"Total Cost": 244.58,"Plan Rows": 400,"Plan Width": 30,"Actual Startup Time": 0.359,"Actual Total Time": 4.625,"Actual Rows": 376,"Actual Loops": 5,"Inner Unique": false,"Workers": [],"Plans": [{"Node Type": "Seq Scan","Parent Relationship": "Outer","Parallel Aware": false,"Async Capable": false,"Relation Name": "nation","Alias": "nation","Startup Cost": 0.00,"Total Cost": 1.31,"Plan Rows": 1,"Plan Width": 4,"Actual Startup Time": 0.066,"Actual Total Time": 0.070,"Actual Rows": 1,"Actual Loops": 5,"Filter": "(n_name = 'KENYA'::bpchar)","Rows Removed by Filter": 24,"Workers": []},{"Node Type": "Bitmap Heap Scan","Parent Relationship": "Inner","Parallel Aware": false,"Async Capable": false,"Relation Name": "supplier","Alias": "supplier","Startup Cost": 7.38,"Total Cost": 239.27,"Plan Rows": 400,"Plan Width": 34,"Actual Startup Time": 0.287,"Actual Total Time": 4.480,"Actual Rows": 376,"Actual Loops": 5,"Recheck Cond": "(s_nationkey = nation.n_nationkey)","Rows Removed by Index Recheck": 0,"Exact Heap Blocks": 179,"Lossy Heap Blocks": 0,"Workers": [],"Plans": [{"Node Type": "Bitmap Index Scan","Parent Relationship": "Outer","Parallel Aware": false,"Async Capable": false,"Index Name": "idx_supplier_nation_key","Startup Cost": 0.00,"Total Cost": 7.29,"Plan Rows": 400,"Plan Width": 0,"Actual Startup Time": 0.181,"Actual Total Time": 0.182,"Actual Rows": 376,"Actual Loops": 5,"Index Cond": "(s_nationkey = nation.n_nationkey)","Workers": []}]}]}]}]},{"Node Type": "Index Scan","Parent Relationship": "Inner","Parallel Aware": false,"Async Capable": false,"Scan Direction": "Forward","Index Name": "idx_lineitem_orderkey","Relation Name": "lineitem","Alias": "l3","Startup Cost": 0.43,"Total Cost": 1.06,"Plan Rows": 6,"Plan Width": 8,"Actual Startup Time": 0.003,"Actual Total Time": 0.003,"Actual Rows": 1,"Actual Loops": 142196,"Index Cond": "(l_orderkey = l1.l_orderkey)","Rows Removed by Index Recheck": 0,"Filter": "((l_receiptdate > l_commitdate) AND (l_suppkey <> l1.l_suppkey))","Rows Removed by Filter": 1,"Workers": []}]}]},{"Node Type": "Index Scan","Parent Relationship": "Inner","Parallel Aware": false,"Async Capable": false,"Scan Direction": "Forward","Index Name": "idx_lineitem_orderkey","Relation Name": "lineitem","Alias": "l2","Startup Cost": 0.43,"Total Cost": 1.02,"Plan Rows": 17,"Plan Width": 8,"Actual Startup Time": 0.008,"Actual Total Time": 0.008,"Actual Rows": 1,"Actual Loops": 12677,"Index Cond": "(l_orderkey = l1.l_orderkey)","Rows Removed by Index Recheck": 0,"Filter": "(l_suppkey <> l1.l_suppkey)","Rows Removed by Filter": 1}]},{"Node Type": "Index Scan","Parent Relationship": "Inner","Parallel Aware": false,"Async Capable": false,"Scan Direction": "Forward","Index Name": "orders_pkey","Relation Name": "orders","Alias": "orders","Startup Cost": 0.43,"Total Cost": 0.51,"Plan Rows": 1,"Plan Width": 4,"Actual Startup Time": 0.008,"Actual Total Time": 0.008,"Actual Rows": 0,"Actual Loops": 7589,"Index Cond": "(o_orderkey = l1.l_orderkey)","Rows Removed by Index Recheck": 0,"Filter": "(o_orderstatus = 'F'::bpchar)","Rows Removed by Filter": 1}]}]}]}]},"Planning Time": 8.298,"Triggers": [],"Execution Time": 512.274}]
[{"Plan": {"Node Type": "Sort","Parallel Aware": false,"Async Capable": false,"Startup Cost": 147378.80,"Total Cost": 147378.81,"Plan Rows": 1,"Plan Width": 34,"Actual Startup Time": 509.264,"Actual Total Time": 527.696,"Actual Rows": 421,"Actual Loops": 1,"Sort Key": ["(count(*)) DESC", "supplier.s_name"],"Sort Method": "quicksort","Sort Space Used": 57,"Sort Space Type": "Memory","Plans": [{"Node Type": "Aggregate","Strategy": "Sorted","Partial Mode": "Simple","Parent Relationship": "Outer","Parallel Aware": false,"Async Capable": false,"Startup Cost": 147378.77,"Total Cost": 147378.79,"Plan Rows": 1,"Plan Width": 34,"Actual Startup Time": 507.941,"Actual Total Time": 526.990,"Actual Rows": 421,"Actual Loops": 1,"Group Key": ["supplier.s_name"],"Plans": [{"Node Type": "Sort","Parent Relationship": "Outer","Parallel Aware": false,"Async Capable": false,"Startup Cost": 147378.77,"Total Cost": 147378.78,"Plan Rows": 1,"Plan Width": 26,"Actual Startup Time": 507.919,"Actual Total Time": 526.540,"Actual Rows": 4227,"Actual Loops": 1,"Sort Key": ["supplier.s_name"],"Sort Method": "quicksort","Sort Space Used": 490,"Sort Space Type": "Memory","Plans": [{"Node Type": "Nested Loop","Parent Relationship": "Outer","Parallel Aware": false,"Async Capable": false,"Join Type": "Inner","Startup Cost": 1250.87,"Total Cost": 147378.76,"Plan Rows": 1,"Plan Width": 26,"Actual Startup Time": 5.396,"Actual Total Time": 515.076,"Actual Rows": 4227,"Actual Loops": 1,"Inner Unique": true,"Plans": [{"Node Type": "Nested Loop","Parent Relationship": "Outer","Parallel Aware": false,"Async Capable": false,"Join Type": "Semi","Startup Cost": 1250.44,"Total Cost": 147378.26,"Plan Rows": 1,"Plan Width": 34,"Actual Startup Time": 5.356,"Actual Total Time": 448.186,"Actual Rows": 8678,"Actual Loops": 1,"Inner Unique": false,"Plans": [{"Node Type": "Gather","Parent Relationship": "Outer","Parallel Aware": false,"Async Capable": false,"Startup Cost": 1250.01,"Total Cost": 147377.22,"Plan Rows": 1,"Plan Width": 34,"Actual Startup Time": 5.315,"Actual Total Time": 333.619,"Actual Rows": 14289,"Actual Loops": 1,"Workers Planned": 4,"Workers Launched": 4,"Single Copy": false,"Plans": [{"Node Type": "Nested Loop","Parent Relationship": "Outer","Parallel Aware": false,"Async Capable": false,"Join Type": "Anti","Startup Cost": 250.01,"Total Cost": 146377.12,"Plan Rows": 1,"Plan Width": 34,"Actual Startup Time": 5.155,"Actual Total Time": 447.803,"Actual Rows": 2858,"Actual Loops": 5,"Inner Unique": false,"Workers": [],"Plans": [{"Node Type": "Hash Join","Parent Relationship": "Outer","Parallel Aware": false,"Async Capable": false,"Join Type": "Inner","Startup Cost": 249.58,"Total Cost": 133581.65,"Plan Rows": 19990,"Plan Width": 34,"Actual Startup Time": 4.679,"Actual Total Time": 355.100,"Actual Rows": 31833,"Actual Loops": 5,"Inner Unique": false,"Hash Cond": "(l1.l_suppkey = supplier.s_suppkey)","Workers": [],"Plans": [{"Node Type": "Seq Scan","Parent Relationship": "Outer","Parallel Aware": true,"Async Capable": false,"Relation Name": "lineitem","Alias": "l1","Startup Cost": 0.00,"Total Cost": 131256.80,"Plan Rows": 500101,"Plan Width": 8,"Actual Startup Time": 0.028,"Actual Total Time": 302.880,"Actual Rows": 758659,"Actual Loops": 5,"Filter": "(l_receiptdate > l_commitdate)","Rows Removed by Filter": 441584,"Workers": []},{"Node Type": "Hash","Parent Relationship": "Inner","Parallel Aware": false,"Async Capable": false,"Startup Cost": 244.58,"Total Cost": 244.58,"Plan Rows": 400,"Plan Width": 30,"Actual Startup Time": 4.328,"Actual Total Time": 4.340,"Actual Rows": 421,"Actual Loops": 5,"Hash Buckets": 1024,"Original Hash Buckets": 1024,"Hash Batches": 1,"Original Hash Batches": 1,"Peak Memory Usage": 35,"Workers": [],"Plans": [{"Node Type": "Nested Loop","Parent Relationship": "Outer","Parallel Aware": false,"Async Capable": false,"Join Type": "Inner","Startup Cost": 7.38,"Total Cost": 244.58,"Plan Rows": 400,"Plan Width": 30,"Actual Startup Time": 0.319,"Actual Total Time": 4.167,"Actual Rows": 421,"Actual Loops": 5,"Inner Unique": false,"Workers": [],"Plans": [{"Node Type": "Seq Scan","Parent Relationship": "Outer","Parallel Aware": false,"Async Capable": false,"Relation Name": "nation","Alias": "nation","Startup Cost": 0.00,"Total Cost": 1.31,"Plan Rows": 1,"Plan Width": 4,"Actual Startup Time": 0.061,"Actual Total Time": 0.065,"Actual Rows": 1,"Actual Loops": 5,"Filter": "(n_name = 'PERU'::bpchar)","Rows Removed by Filter": 24,"Workers": []},{"Node Type": "Bitmap Heap Scan","Parent Relationship": "Inner","Parallel Aware": false,"Async Capable": false,"Relation Name": "supplier","Alias": "supplier","Startup Cost": 7.38,"Total Cost": 239.27,"Plan Rows": 400,"Plan Width": 34,"Actual Startup Time": 0.253,"Actual Total Time": 4.010,"Actual Rows": 421,"Actual Loops": 5,"Recheck Cond": "(s_nationkey = nation.n_nationkey)","Rows Removed by Index Recheck": 0,"Exact Heap Blocks": 187,"Lossy Heap Blocks": 0,"Workers": [],"Plans": [{"Node Type": "Bitmap Index Scan","Parent Relationship": "Outer","Parallel Aware": false,"Async Capable": false,"Index Name": "idx_supplier_nation_key","Startup Cost": 0.00,"Total Cost": 7.29,"Plan Rows": 400,"Plan Width": 0,"Actual Startup Time": 0.167,"Actual Total Time": 0.169,"Actual Rows": 421,"Actual Loops": 5,"Index Cond": "(s_nationkey = nation.n_nationkey)","Workers": []}]}]}]}]},{"Node Type": "Index Scan","Parent Relationship": "Inner","Parallel Aware": false,"Async Capable": false,"Scan Direction": "Forward","Index Name": "idx_lineitem_orderkey","Relation Name": "lineitem","Alias": "l3","Startup Cost": 0.43,"Total Cost": 1.06,"Plan Rows": 6,"Plan Width": 8,"Actual Startup Time": 0.003,"Actual Total Time": 0.003,"Actual Rows": 1,"Actual Loops": 159165,"Index Cond": "(l_orderkey = l1.l_orderkey)","Rows Removed by Index Recheck": 0,"Filter": "((l_receiptdate > l_commitdate) AND (l_suppkey <> l1.l_suppkey))","Rows Removed by Filter": 1,"Workers": []}]}]},{"Node Type": "Index Scan","Parent Relationship": "Inner","Parallel Aware": false,"Async Capable": false,"Scan Direction": "Forward","Index Name": "idx_lineitem_orderkey","Relation Name": "lineitem","Alias": "l2","Startup Cost": 0.43,"Total Cost": 1.02,"Plan Rows": 17,"Plan Width": 8,"Actual Startup Time": 0.008,"Actual Total Time": 0.008,"Actual Rows": 1,"Actual Loops": 14289,"Index Cond": "(l_orderkey = l1.l_orderkey)","Rows Removed by Index Recheck": 0,"Filter": "(l_suppkey <> l1.l_suppkey)","Rows Removed by Filter": 1}]},{"Node Type": "Index Scan","Parent Relationship": "Inner","Parallel Aware": false,"Async Capable": false,"Scan Direction": "Forward","Index Name": "orders_pkey","Relation Name": "orders","Alias": "orders","Startup Cost": 0.43,"Total Cost": 0.51,"Plan Rows": 1,"Plan Width": 4,"Actual Startup Time": 0.007,"Actual Total Time": 0.007,"Actual Rows": 0,"Actual Loops": 8678,"Index Cond": "(o_orderkey = l1.l_orderkey)","Rows Removed by Index Recheck": 0,"Filter": "(o_orderstatus = 'F'::bpchar)","Rows Removed by Filter": 1}]}]}]}]},"Planning Time": 8.374,"Triggers": [],"Execution Time": 528.458}]
[{"Plan": {"Node Type": "Sort","Parallel Aware": false,"Async Capable": false,"Startup Cost": 147378.80,"Total Cost": 147378.81,"Plan Rows": 1,"Plan Width": 34,"Actual Startup Time": 495.675,"Actual Total Time": 514.954,"Actual Rows": 398,"Actual Loops": 1,"Sort Key": ["(count(*)) DESC", "supplier.s_name"],"Sort Method": "quicksort","Sort Space Used": 56,"Sort Space Type": "Memory","Plans": [{"Node Type": "Aggregate","Strategy": "Sorted","Partial Mode": "Simple","Parent Relationship": "Outer","Parallel Aware": false,"Async Capable": false,"Startup Cost": 147378.77,"Total Cost": 147378.79,"Plan Rows": 1,"Plan Width": 34,"Actual Startup Time": 494.471,"Actual Total Time": 514.270,"Actual Rows": 398,"Actual Loops": 1,"Group Key": ["supplier.s_name"],"Plans": [{"Node Type": "Sort","Parent Relationship": "Outer","Parallel Aware": false,"Async Capable": false,"Startup Cost": 147378.77,"Total Cost": 147378.78,"Plan Rows": 1,"Plan Width": 26,"Actual Startup Time": 494.457,"Actual Total Time": 513.859,"Actual Rows": 4033,"Actual Loops": 1,"Sort Key": ["supplier.s_name"],"Sort Method": "quicksort","Sort Space Used": 380,"Sort Space Type": "Memory","Plans": [{"Node Type": "Nested Loop","Parent Relationship": "Outer","Parallel Aware": false,"Async Capable": false,"Join Type": "Inner","Startup Cost": 1250.87,"Total Cost": 147378.76,"Plan Rows": 1,"Plan Width": 26,"Actual Startup Time": 5.438,"Actual Total Time": 502.238,"Actual Rows": 4033,"Actual Loops": 1,"Inner Unique": true,"Plans": [{"Node Type": "Nested Loop","Parent Relationship": "Outer","Parallel Aware": false,"Async Capable": false,"Join Type": "Semi","Startup Cost": 1250.44,"Total Cost": 147378.26,"Plan Rows": 1,"Plan Width": 34,"Actual Startup Time": 5.342,"Actual Total Time": 438.031,"Actual Rows": 8241,"Actual Loops": 1,"Inner Unique": false,"Plans": [{"Node Type": "Gather","Parent Relationship": "Outer","Parallel Aware": false,"Async Capable": false,"Startup Cost": 1250.01,"Total Cost": 147377.22,"Plan Rows": 1,"Plan Width": 34,"Actual Startup Time": 5.330,"Actual Total Time": 330.100,"Actual Rows": 13657,"Actual Loops": 1,"Workers Planned": 4,"Workers Launched": 4,"Single Copy": false,"Plans": [{"Node Type": "Nested Loop","Parent Relationship": "Outer","Parallel Aware": false,"Async Capable": false,"Join Type": "Anti","Startup Cost": 250.01,"Total Cost": 146377.12,"Plan Rows": 1,"Plan Width": 34,"Actual Startup Time": 5.586,"Actual Total Time": 437.639,"Actual Rows": 2731,"Actual Loops": 5,"Inner Unique": false,"Workers": [],"Plans": [{"Node Type": "Hash Join","Parent Relationship": "Outer","Parallel Aware": false,"Async Capable": false,"Join Type": "Inner","Startup Cost": 249.58,"Total Cost": 133581.65,"Plan Rows": 19990,"Plan Width": 34,"Actual Startup Time": 4.860,"Actual Total Time": 349.886,"Actual Rows": 30149,"Actual Loops": 5,"Inner Unique": false,"Hash Cond": "(l1.l_suppkey = supplier.s_suppkey)","Workers": [],"Plans": [{"Node Type": "Seq Scan","Parent Relationship": "Outer","Parallel Aware": true,"Async Capable": false,"Relation Name": "lineitem","Alias": "l1","Startup Cost": 0.00,"Total Cost": 131256.80,"Plan Rows": 500101,"Plan Width": 8,"Actual Startup Time": 0.029,"Actual Total Time": 298.079,"Actual Rows": 758659,"Actual Loops": 5,"Filter": "(l_receiptdate > l_commitdate)","Rows Removed by Filter": 441584,"Workers": []},{"Node Type": "Hash","Parent Relationship": "Inner","Parallel Aware": false,"Async Capable": false,"Startup Cost": 244.58,"Total Cost": 244.58,"Plan Rows": 400,"Plan Width": 30,"Actual Startup Time": 4.540,"Actual Total Time": 4.550,"Actual Rows": 398,"Actual Loops": 5,"Hash Buckets": 1024,"Original Hash Buckets": 1024,"Hash Batches": 1,"Original Hash Batches": 1,"Peak Memory Usage": 33,"Workers": [],"Plans": [{"Node Type": "Nested Loop","Parent Relationship": "Outer","Parallel Aware": false,"Async Capable": false,"Join Type": "Inner","Startup Cost": 7.38,"Total Cost": 244.58,"Plan Rows": 400,"Plan Width": 30,"Actual Startup Time": 0.267,"Actual Total Time": 4.371,"Actual Rows": 398,"Actual Loops": 5,"Inner Unique": false,"Workers": [],"Plans": [{"Node Type": "Seq Scan","Parent Relationship": "Outer","Parallel Aware": false,"Async Capable": false,"Relation Name": "nation","Alias": "nation","Startup Cost": 0.00,"Total Cost": 1.31,"Plan Rows": 1,"Plan Width": 4,"Actual Startup Time": 0.059,"Actual Total Time": 0.062,"Actual Rows": 1,"Actual Loops": 5,"Filter": "(n_name = 'ROMANIA'::bpchar)","Rows Removed by Filter": 24,"Workers": []},{"Node Type": "Bitmap Heap Scan","Parent Relationship": "Inner","Parallel Aware": false,"Async Capable": false,"Relation Name": "supplier","Alias": "supplier","Startup Cost": 7.38,"Total Cost": 239.27,"Plan Rows": 400,"Plan Width": 34,"Actual Startup Time": 0.204,"Actual Total Time": 4.227,"Actual Rows": 398,"Actual Loops": 5,"Recheck Cond": "(s_nationkey = nation.n_nationkey)","Rows Removed by Index Recheck": 0,"Exact Heap Blocks": 186,"Lossy Heap Blocks": 0,"Workers": [],"Plans": [{"Node Type": "Bitmap Index Scan","Parent Relationship": "Outer","Parallel Aware": false,"Async Capable": false,"Index Name": "idx_supplier_nation_key","Startup Cost": 0.00,"Total Cost": 7.29,"Plan Rows": 400,"Plan Width": 0,"Actual Startup Time": 0.126,"Actual Total Time": 0.128,"Actual Rows": 398,"Actual Loops": 5,"Index Cond": "(s_nationkey = nation.n_nationkey)","Workers": []}]}]}]}]},{"Node Type": "Index Scan","Parent Relationship": "Inner","Parallel Aware": false,"Async Capable": false,"Scan Direction": "Forward","Index Name": "idx_lineitem_orderkey","Relation Name": "lineitem","Alias": "l3","Startup Cost": 0.43,"Total Cost": 1.06,"Plan Rows": 6,"Plan Width": 8,"Actual Startup Time": 0.003,"Actual Total Time": 0.003,"Actual Rows": 1,"Actual Loops": 150746,"Index Cond": "(l_orderkey = l1.l_orderkey)","Rows Removed by Index Recheck": 0,"Filter": "((l_receiptdate > l_commitdate) AND (l_suppkey <> l1.l_suppkey))","Rows Removed by Filter": 1,"Workers": []}]}]},{"Node Type": "Index Scan","Parent Relationship": "Inner","Parallel Aware": false,"Async Capable": false,"Scan Direction": "Forward","Index Name": "idx_lineitem_orderkey","Relation Name": "lineitem","Alias": "l2","Startup Cost": 0.43,"Total Cost": 1.02,"Plan Rows": 17,"Plan Width": 8,"Actual Startup Time": 0.007,"Actual Total Time": 0.007,"Actual Rows": 1,"Actual Loops": 13657,"Index Cond": "(l_orderkey = l1.l_orderkey)","Rows Removed by Index Recheck": 0,"Filter": "(l_suppkey <> l1.l_suppkey)","Rows Removed by Filter": 1}]},{"Node Type": "Index Scan","Parent Relationship": "Inner","Parallel Aware": false,"Async Capable": false,"Scan Direction": "Forward","Index Name": "orders_pkey","Relation Name": "orders","Alias": "orders","Startup Cost": 0.43,"Total Cost": 0.51,"Plan Rows": 1,"Plan Width": 4,"Actual Startup Time": 0.008,"Actual Total Time": 0.008,"Actual Rows": 0,"Actual Loops": 8241,"Index Cond": "(o_orderkey = l1.l_orderkey)","Rows Removed by Index Recheck": 0,"Filter": "(o_orderstatus = 'F'::bpchar)","Rows Removed by Filter": 1}]}]}]}]},"Planning Time": 9.721,"Triggers": [],"Execution Time": 515.552}]
[{"Plan": {"Node Type": "Sort","Parallel Aware": false,"Async Capable": false,"Startup Cost": 147378.80,"Total Cost": 147378.81,"Plan Rows": 1,"Plan Width": 34,"Actual Startup Time": 512.736,"Actual Total Time": 529.210,"Actual Rows": 438,"Actual Loops": 1,"Sort Key": ["(count(*)) DESC", "supplier.s_name"],"Sort Method": "quicksort","Sort Space Used": 59,"Sort Space Type": "Memory","Plans": [{"Node Type": "Aggregate","Strategy": "Sorted","Partial Mode": "Simple","Parent Relationship": "Outer","Parallel Aware": false,"Async Capable": false,"Startup Cost": 147378.77,"Total Cost": 147378.79,"Plan Rows": 1,"Plan Width": 34,"Actual Startup Time": 511.404,"Actual Total Time": 528.425,"Actual Rows": 438,"Actual Loops": 1,"Group Key": ["supplier.s_name"],"Plans": [{"Node Type": "Sort","Parent Relationship": "Outer","Parallel Aware": false,"Async Capable": false,"Startup Cost": 147378.77,"Total Cost": 147378.78,"Plan Rows": 1,"Plan Width": 26,"Actual Startup Time": 511.372,"Actual Total Time": 527.974,"Actual Rows": 4210,"Actual Loops": 1,"Sort Key": ["supplier.s_name"],"Sort Method": "quicksort","Sort Space Used": 489,"Sort Space Type": "Memory","Plans": [{"Node Type": "Nested Loop","Parent Relationship": "Outer","Parallel Aware": false,"Async Capable": false,"Join Type": "Inner","Startup Cost": 1250.87,"Total Cost": 147378.76,"Plan Rows": 1,"Plan Width": 26,"Actual Startup Time": 5.368,"Actual Total Time": 515.358,"Actual Rows": 4210,"Actual Loops": 1,"Inner Unique": true,"Plans": [{"Node Type": "Nested Loop","Parent Relationship": "Outer","Parallel Aware": false,"Async Capable": false,"Join Type": "Semi","Startup Cost": 1250.44,"Total Cost": 147378.26,"Plan Rows": 1,"Plan Width": 34,"Actual Startup Time": 5.330,"Actual Total Time": 447.041,"Actual Rows": 8778,"Actual Loops": 1,"Inner Unique": false,"Plans": [{"Node Type": "Gather","Parent Relationship": "Outer","Parallel Aware": false,"Async Capable": false,"Startup Cost": 1250.01,"Total Cost": 147377.22,"Plan Rows": 1,"Plan Width": 34,"Actual Startup Time": 5.278,"Actual Total Time": 329.789,"Actual Rows": 14669,"Actual Loops": 1,"Workers Planned": 4,"Workers Launched": 4,"Single Copy": false,"Plans": [{"Node Type": "Nested Loop","Parent Relationship": "Outer","Parallel Aware": false,"Async Capable": false,"Join Type": "Anti","Startup Cost": 250.01,"Total Cost": 146377.12,"Plan Rows": 1,"Plan Width": 34,"Actual Startup Time": 5.105,"Actual Total Time": 449.554,"Actual Rows": 2934,"Actual Loops": 5,"Inner Unique": false,"Workers": [],"Plans": [{"Node Type": "Hash Join","Parent Relationship": "Outer","Parallel Aware": false,"Async Capable": false,"Join Type": "Inner","Startup Cost": 249.58,"Total Cost": 133581.65,"Plan Rows": 19990,"Plan Width": 34,"Actual Startup Time": 4.734,"Actual Total Time": 354.759,"Actual Rows": 33108,"Actual Loops": 5,"Inner Unique": false,"Hash Cond": "(l1.l_suppkey = supplier.s_suppkey)","Workers": [],"Plans": [{"Node Type": "Seq Scan","Parent Relationship": "Outer","Parallel Aware": true,"Async Capable": false,"Relation Name": "lineitem","Alias": "l1","Startup Cost": 0.00,"Total Cost": 131256.80,"Plan Rows": 500101,"Plan Width": 8,"Actual Startup Time": 0.025,"Actual Total Time": 303.070,"Actual Rows": 758659,"Actual Loops": 5,"Filter": "(l_receiptdate > l_commitdate)","Rows Removed by Filter": 441584,"Workers": []},{"Node Type": "Hash","Parent Relationship": "Inner","Parallel Aware": false,"Async Capable": false,"Startup Cost": 244.58,"Total Cost": 244.58,"Plan Rows": 400,"Plan Width": 30,"Actual Startup Time": 4.446,"Actual Total Time": 4.454,"Actual Rows": 438,"Actual Loops": 5,"Hash Buckets": 1024,"Original Hash Buckets": 1024,"Hash Batches": 1,"Original Hash Batches": 1,"Peak Memory Usage": 36,"Workers": [],"Plans": [{"Node Type": "Nested Loop","Parent Relationship": "Outer","Parallel Aware": false,"Async Capable": false,"Join Type": "Inner","Startup Cost": 7.38,"Total Cost": 244.58,"Plan Rows": 400,"Plan Width": 30,"Actual Startup Time": 0.266,"Actual Total Time": 4.290,"Actual Rows": 438,"Actual Loops": 5,"Inner Unique": false,"Workers": [],"Plans": [{"Node Type": "Seq Scan","Parent Relationship": "Outer","Parallel Aware": false,"Async Capable": false,"Relation Name": "nation","Alias": "nation","Startup Cost": 0.00,"Total Cost": 1.31,"Plan Rows": 1,"Plan Width": 4,"Actual Startup Time": 0.058,"Actual Total Time": 0.064,"Actual Rows": 1,"Actual Loops": 5,"Filter": "(n_name = 'IRAQ'::bpchar)","Rows Removed by Filter": 24,"Workers": []},{"Node Type": "Bitmap Heap Scan","Parent Relationship": "Inner","Parallel Aware": false,"Async Capable": false,"Relation Name": "supplier","Alias": "supplier","Startup Cost": 7.38,"Total Cost": 239.27,"Plan Rows": 400,"Plan Width": 34,"Actual Startup Time": 0.204,"Actual Total Time": 4.151,"Actual Rows": 438,"Actual Loops": 5,"Recheck Cond": "(s_nationkey = nation.n_nationkey)","Rows Removed by Index Recheck": 0,"Exact Heap Blocks": 194,"Lossy Heap Blocks": 0,"Workers": [],"Plans": [{"Node Type": "Bitmap Index Scan","Parent Relationship": "Outer","Parallel Aware": false,"Async Capable": false,"Index Name": "idx_supplier_nation_key","Startup Cost": 0.00,"Total Cost": 7.29,"Plan Rows": 400,"Plan Width": 0,"Actual Startup Time": 0.139,"Actual Total Time": 0.140,"Actual Rows": 438,"Actual Loops": 5,"Index Cond": "(s_nationkey = nation.n_nationkey)","Workers": []}]}]}]}]},{"Node Type": "Index Scan","Parent Relationship": "Inner","Parallel Aware": false,"Async Capable": false,"Scan Direction": "Forward","Index Name": "idx_lineitem_orderkey","Relation Name": "lineitem","Alias": "l3","Startup Cost": 0.43,"Total Cost": 1.06,"Plan Rows": 6,"Plan Width": 8,"Actual Startup Time": 0.003,"Actual Total Time": 0.003,"Actual Rows": 1,"Actual Loops": 165540,"Index Cond": "(l_orderkey = l1.l_orderkey)","Rows Removed by Index Recheck": 0,"Filter": "((l_receiptdate > l_commitdate) AND (l_suppkey <> l1.l_suppkey))","Rows Removed by Filter": 1,"Workers": []}]}]},{"Node Type": "Index Scan","Parent Relationship": "Inner","Parallel Aware": false,"Async Capable": false,"Scan Direction": "Forward","Index Name": "idx_lineitem_orderkey","Relation Name": "lineitem","Alias": "l2","Startup Cost": 0.43,"Total Cost": 1.02,"Plan Rows": 17,"Plan Width": 8,"Actual Startup Time": 0.007,"Actual Total Time": 0.007,"Actual Rows": 1,"Actual Loops": 14669,"Index Cond": "(l_orderkey = l1.l_orderkey)","Rows Removed by Index Recheck": 0,"Filter": "(l_suppkey <> l1.l_suppkey)","Rows Removed by Filter": 1}]},{"Node Type": "Index Scan","Parent Relationship": "Inner","Parallel Aware": false,"Async Capable": false,"Scan Direction": "Forward","Index Name": "orders_pkey","Relation Name": "orders","Alias": "orders","Startup Cost": 0.43,"Total Cost": 0.51,"Plan Rows": 1,"Plan Width": 4,"Actual Startup Time": 0.008,"Actual Total Time": 0.008,"Actual Rows": 0,"Actual Loops": 8778,"Index Cond": "(o_orderkey = l1.l_orderkey)","Rows Removed by Index Recheck": 0,"Filter": "(o_orderstatus = 'F'::bpchar)","Rows Removed by Filter": 1}]}]}]}]},"Planning Time": 9.762,"Triggers": [],"Execution Time": 529.872}]
[{"Plan": {"Node Type": "Sort","Parallel Aware": false,"Async Capable": false,"Startup Cost": 147378.80,"Total Cost": 147378.81,"Plan Rows": 1,"Plan Width": 34,"Actual Startup Time": 484.568,"Actual Total Time": 505.980,"Actual Rows": 362,"Actual Loops": 1,"Sort Key": ["(count(*)) DESC", "supplier.s_name"],"Sort Method": "quicksort","Sort Space Used": 53,"Sort Space Type": "Memory","Plans": [{"Node Type": "Aggregate","Strategy": "Sorted","Partial Mode": "Simple","Parent Relationship": "Outer","Parallel Aware": false,"Async Capable": false,"Startup Cost": 147378.77,"Total Cost": 147378.79,"Plan Rows": 1,"Plan Width": 34,"Actual Startup Time": 483.467,"Actual Total Time": 505.326,"Actual Rows": 362,"Actual Loops": 1,"Group Key": ["supplier.s_name"],"Plans": [{"Node Type": "Sort","Parent Relationship": "Outer","Parallel Aware": false,"Async Capable": false,"Startup Cost": 147378.77,"Total Cost": 147378.78,"Plan Rows": 1,"Plan Width": 26,"Actual Startup Time": 483.448,"Actual Total Time": 504.962,"Actual Rows": 3454,"Actual Loops": 1,"Sort Key": ["supplier.s_name"],"Sort Method": "quicksort","Sort Space Used": 339,"Sort Space Type": "Memory","Plans": [{"Node Type": "Nested Loop","Parent Relationship": "Outer","Parallel Aware": false,"Async Capable": false,"Join Type": "Inner","Startup Cost": 1250.87,"Total Cost": 147378.76,"Plan Rows": 1,"Plan Width": 26,"Actual Startup Time": 4.046,"Actual Total Time": 494.960,"Actual Rows": 3454,"Actual Loops": 1,"Inner Unique": true,"Plans": [{"Node Type": "Nested Loop","Parent Relationship": "Outer","Parallel Aware": false,"Async Capable": false,"Join Type": "Semi","Startup Cost": 1250.44,"Total Cost": 147378.26,"Plan Rows": 1,"Plan Width": 34,"Actual Startup Time": 3.697,"Actual Total Time": 437.513,"Actual Rows": 7167,"Actual Loops": 1,"Inner Unique": false,"Plans": [{"Node Type": "Gather","Parent Relationship": "Outer","Parallel Aware": false,"Async Capable": false,"Startup Cost": 1250.01,"Total Cost": 147377.22,"Plan Rows": 1,"Plan Width": 34,"Actual Startup Time": 3.682,"Actual Total Time": 337.976,"Actual Rows": 12136,"Actual Loops": 1,"Workers Planned": 4,"Workers Launched": 4,"Single Copy": false,"Plans": [{"Node Type": "Nested Loop","Parent Relationship": "Outer","Parallel Aware": false,"Async Capable": false,"Join Type": "Anti","Startup Cost": 250.01,"Total Cost": 146377.12,"Plan Rows": 1,"Plan Width": 34,"Actual Startup Time": 4.367,"Actual Total Time": 431.433,"Actual Rows": 2427,"Actual Loops": 5,"Inner Unique": false,"Workers": [],"Plans": [{"Node Type": "Hash Join","Parent Relationship": "Outer","Parallel Aware": false,"Async Capable": false,"Join Type": "Inner","Startup Cost": 249.58,"Total Cost": 133581.65,"Plan Rows": 19990,"Plan Width": 34,"Actual Startup Time": 4.181,"Actual Total Time": 349.984,"Actual Rows": 27450,"Actual Loops": 5,"Inner Unique": false,"Hash Cond": "(l1.l_suppkey = supplier.s_suppkey)","Workers": [],"Plans": [{"Node Type": "Seq Scan","Parent Relationship": "Outer","Parallel Aware": true,"Async Capable": false,"Relation Name": "lineitem","Alias": "l1","Startup Cost": 0.00,"Total Cost": 131256.80,"Plan Rows": 500101,"Plan Width": 8,"Actual Startup Time": 0.027,"Actual Total Time": 299.399,"Actual Rows": 758659,"Actual Loops": 5,"Filter": "(l_receiptdate > l_commitdate)","Rows Removed by Filter": 441584,"Workers": []},{"Node Type": "Hash","Parent Relationship": "Inner","Parallel Aware": false,"Async Capable": false,"Startup Cost": 244.58,"Total Cost": 244.58,"Plan Rows": 400,"Plan Width": 30,"Actual Startup Time": 3.849,"Actual Total Time": 3.862,"Actual Rows": 362,"Actual Loops": 5,"Hash Buckets": 1024,"Original Hash Buckets": 1024,"Hash Batches": 1,"Original Hash Batches": 1,"Peak Memory Usage": 31,"Workers": [],"Plans": [{"Node Type": "Nested Loop","Parent Relationship": "Outer","Parallel Aware": false,"Async Capable": false,"Join Type": "Inner","Startup Cost": 7.38,"Total Cost": 244.58,"Plan Rows": 400,"Plan Width": 30,"Actual Startup Time": 0.339,"Actual Total Time": 3.727,"Actual Rows": 362,"Actual Loops": 5,"Inner Unique": false,"Workers": [],"Plans": [{"Node Type": "Seq Scan","Parent Relationship": "Outer","Parallel Aware": false,"Async Capable": false,"Relation Name": "nation","Alias": "nation","Startup Cost": 0.00,"Total Cost": 1.31,"Plan Rows": 1,"Plan Width": 4,"Actual Startup Time": 0.061,"Actual Total Time": 0.064,"Actual Rows": 1,"Actual Loops": 5,"Filter": "(n_name = 'JORDAN'::bpchar)","Rows Removed by Filter": 24,"Workers": []},{"Node Type": "Bitmap Heap Scan","Parent Relationship": "Inner","Parallel Aware": false,"Async Capable": false,"Relation Name": "supplier","Alias": "supplier","Startup Cost": 7.38,"Total Cost": 239.27,"Plan Rows": 400,"Plan Width": 34,"Actual Startup Time": 0.272,"Actual Total Time": 3.601,"Actual Rows": 362,"Actual Loops": 5,"Recheck Cond": "(s_nationkey = nation.n_nationkey)","Rows Removed by Index Recheck": 0,"Exact Heap Blocks": 166,"Lossy Heap Blocks": 0,"Workers": [],"Plans": [{"Node Type": "Bitmap Index Scan","Parent Relationship": "Outer","Parallel Aware": false,"Async Capable": false,"Index Name": "idx_supplier_nation_key","Startup Cost": 0.00,"Total Cost": 7.29,"Plan Rows": 400,"Plan Width": 0,"Actual Startup Time": 0.176,"Actual Total Time": 0.178,"Actual Rows": 362,"Actual Loops": 5,"Index Cond": "(s_nationkey = nation.n_nationkey)","Workers": []}]}]}]}]},{"Node Type": "Index Scan","Parent Relationship": "Inner","Parallel Aware": false,"Async Capable": false,"Scan Direction": "Forward","Index Name": "idx_lineitem_orderkey","Relation Name": "lineitem","Alias": "l3","Startup Cost": 0.43,"Total Cost": 1.06,"Plan Rows": 6,"Plan Width": 8,"Actual Startup Time": 0.003,"Actual Total Time": 0.003,"Actual Rows": 1,"Actual Loops": 137252,"Index Cond": "(l_orderkey = l1.l_orderkey)","Rows Removed by Index Recheck": 0,"Filter": "((l_receiptdate > l_commitdate) AND (l_suppkey <> l1.l_suppkey))","Rows Removed by Filter": 1,"Workers": []}]}]},{"Node Type": "Index Scan","Parent Relationship": "Inner","Parallel Aware": false,"Async Capable": false,"Scan Direction": "Forward","Index Name": "idx_lineitem_orderkey","Relation Name": "lineitem","Alias": "l2","Startup Cost": 0.43,"Total Cost": 1.02,"Plan Rows": 17,"Plan Width": 8,"Actual Startup Time": 0.008,"Actual Total Time": 0.008,"Actual Rows": 1,"Actual Loops": 12136,"Index Cond": "(l_orderkey = l1.l_orderkey)","Rows Removed by Index Recheck": 0,"Filter": "(l_suppkey <> l1.l_suppkey)","Rows Removed by Filter": 1}]},{"Node Type": "Index Scan","Parent Relationship": "Inner","Parallel Aware": false,"Async Capable": false,"Scan Direction": "Forward","Index Name": "orders_pkey","Relation Name": "orders","Alias": "orders","Startup Cost": 0.43,"Total Cost": 0.51,"Plan Rows": 1,"Plan Width": 4,"Actual Startup Time": 0.008,"Actual Total Time": 0.008,"Actual Rows": 0,"Actual Loops": 7167,"Index Cond": "(o_orderkey = l1.l_orderkey)","Rows Removed by Index Recheck": 0,"Filter": "(o_orderstatus = 'F'::bpchar)","Rows Removed by Filter": 1}]}]}]}]},"Planning Time": 8.148,"Triggers": [],"Execution Time": 506.532}]
[{"Plan": {"Node Type": "Sort","Parallel Aware": false,"Async Capable": false,"Startup Cost": 147378.80,"Total Cost": 147378.81,"Plan Rows": 1,"Plan Width": 34,"Actual Startup Time": 493.231,"Actual Total Time": 511.674,"Actual Rows": 376,"Actual Loops": 1,"Sort Key": ["(count(*)) DESC", "supplier.s_name"],"Sort Method": "quicksort","Sort Space Used": 54,"Sort Space Type": "Memory","Plans": [{"Node Type": "Aggregate","Strategy": "Sorted","Partial Mode": "Simple","Parent Relationship": "Outer","Parallel Aware": false,"Async Capable": false,"Startup Cost": 147378.77,"Total Cost": 147378.79,"Plan Rows": 1,"Plan Width": 34,"Actual Startup Time": 492.079,"Actual Total Time": 510.997,"Actual Rows": 376,"Actual Loops": 1,"Group Key": ["supplier.s_name"],"Plans": [{"Node Type": "Sort","Parent Relationship": "Outer","Parallel Aware": false,"Async Capable": false,"Startup Cost": 147378.77,"Total Cost": 147378.78,"Plan Rows": 1,"Plan Width": 26,"Actual Startup Time": 492.053,"Actual Total Time": 510.609,"Actual Rows": 3697,"Actual Loops": 1,"Sort Key": ["supplier.s_name"],"Sort Method": "quicksort","Sort Space Used": 356,"Sort Space Type": "Memory","Plans": [{"Node Type": "Nested Loop","Parent Relationship": "Outer","Parallel Aware": false,"Async Capable": false,"Join Type": "Inner","Startup Cost": 1250.87,"Total Cost": 147378.76,"Plan Rows": 1,"Plan Width": 26,"Actual Startup Time": 5.656,"Actual Total Time": 499.948,"Actual Rows": 3697,"Actual Loops": 1,"Inner Unique": true,"Plans": [{"Node Type": "Nested Loop","Parent Relationship": "Outer","Parallel Aware": false,"Async Capable": false,"Join Type": "Semi","Startup Cost": 1250.44,"Total Cost": 147378.26,"Plan Rows": 1,"Plan Width": 34,"Actual Startup Time": 5.611,"Actual Total Time": 438.655,"Actual Rows": 7589,"Actual Loops": 1,"Inner Unique": false,"Plans": [{"Node Type": "Gather","Parent Relationship": "Outer","Parallel Aware": false,"Async Capable": false,"Startup Cost": 1250.01,"Total Cost": 147377.22,"Plan Rows": 1,"Plan Width": 34,"Actual Startup Time": 4.591,"Actual Total Time": 336.749,"Actual Rows": 12677,"Actual Loops": 1,"Workers Planned": 4,"Workers Launched": 4,"Single Copy": false,"Plans": [{"Node Type": "Nested Loop","Parent Relationship": "Outer","Parallel Aware": false,"Async Capable": false,"Join Type": "Anti","Startup Cost": 250.01,"Total Cost": 146377.12,"Plan Rows": 1,"Plan Width": 34,"Actual Startup Time": 5.313,"Actual Total Time": 436.446,"Actual Rows": 2535,"Actual Loops": 5,"Inner Unique": false,"Workers": [],"Plans": [{"Node Type": "Hash Join","Parent Relationship": "Outer","Parallel Aware": false,"Async Capable": false,"Join Type": "Inner","Startup Cost": 249.58,"Total Cost": 133581.65,"Plan Rows": 19990,"Plan Width": 34,"Actual Startup Time": 5.158,"Actual Total Time": 352.526,"Actual Rows": 28439,"Actual Loops": 5,"Inner Unique": false,"Hash Cond": "(l1.l_suppkey = supplier.s_suppkey)","Workers": [],"Plans": [{"Node Type": "Seq Scan","Parent Relationship": "Outer","Parallel Aware": true,"Async Capable": false,"Relation Name": "lineitem","Alias": "l1","Startup Cost": 0.00,"Total Cost": 131256.80,"Plan Rows": 500101,"Plan Width": 8,"Actual Startup Time": 0.028,"Actual Total Time": 300.563,"Actual Rows": 758659,"Actual Loops": 5,"Filter": "(l_receiptdate > l_commitdate)","Rows Removed by Filter": 441584,"Workers": []},{"Node Type": "Hash","Parent Relationship": "Inner","Parallel Aware": false,"Async Capable": false,"Startup Cost": 244.58,"Total Cost": 244.58,"Plan Rows": 400,"Plan Width": 30,"Actual Startup Time": 4.780,"Actual Total Time": 4.790,"Actual Rows": 376,"Actual Loops": 5,"Hash Buckets": 1024,"Original Hash Buckets": 1024,"Hash Batches": 1,"Original Hash Batches": 1,"Peak Memory Usage": 32,"Workers": [],"Plans": [{"Node Type": "Nested Loop","Parent Relationship": "Outer","Parallel Aware": false,"Async Capable": false,"Join Type": "Inner","Startup Cost": 7.38,"Total Cost": 244.58,"Plan Rows": 400,"Plan Width": 30,"Actual Startup Time": 0.359,"Actual Total Time": 4.625,"Actual Rows": 376,"Actual Loops": 5,"Inner Unique": false,"Workers": [],"Plans": [{"Node Type": "Seq Scan","Parent Relationship": "Outer","Parallel Aware": false,"Async Capable": false,"Relation Name": "nation","Alias": "nation","Startup Cost": 0.00,"Total Cost": 1.31,"Plan Rows": 1,"Plan Width": 4,"Actual Startup Time": 0.066,"Actual Total Time": 0.070,"Actual Rows": 1,"Actual Loops": 5,"Filter": "(n_name = 'KENYA'::bpchar)","Rows Removed by Filter": 24,"Workers": []},{"Node Type": "Bitmap Heap Scan","Parent Relationship": "Inner","Parallel Aware": false,"Async Capable": false,"Relation Name": "supplier","Alias": "supplier","Startup Cost": 7.38,"Total Cost": 239.27,"Plan Rows": 400,"Plan Width": 34,"Actual Startup Time": 0.287,"Actual Total Time": 4.480,"Actual Rows": 376,"Actual Loops": 5,"Recheck Cond": "(s_nationkey = nation.n_nationkey)","Rows Removed by Index Recheck": 0,"Exact Heap Blocks": 179,"Lossy Heap Blocks": 0,"Workers": [],"Plans": [{"Node Type": "Bitmap Index Scan","Parent Relationship": "Outer","Parallel Aware": false,"Async Capable": false,"Index Name": "idx_supplier_nation_key","Startup Cost": 0.00,"Total Cost": 7.29,"Plan Rows": 400,"Plan Width": 0,"Actual Startup Time": 0.181,"Actual Total Time": 0.182,"Actual Rows": 376,"Actual Loops": 5,"Index Cond": "(s_nationkey = nation.n_nationkey)","Workers": []}]}]}]}]},{"Node Type": "Index Scan","Parent Relationship": "Inner","Parallel Aware": false,"Async Capable": false,"Scan Direction": "Forward","Index Name": "idx_lineitem_orderkey","Relation Name": "lineitem","Alias": "l3","Startup Cost": 0.43,"Total Cost": 1.06,"Plan Rows": 6,"Plan Width": 8,"Actual Startup Time": 0.003,"Actual Total Time": 0.003,"Actual Rows": 1,"Actual Loops": 142196,"Index Cond": "(l_orderkey = l1.l_orderkey)","Rows Removed by Index Recheck": 0,"Filter": "((l_receiptdate > l_commitdate) AND (l_suppkey <> l1.l_suppkey))","Rows Removed by Filter": 1,"Workers": []}]}]},{"Node Type": "Index Scan","Parent Relationship": "Inner","Parallel Aware": false,"Async Capable": false,"Scan Direction": "Forward","Index Name": "idx_lineitem_orderkey","Relation Name": "lineitem","Alias": "l2","Startup Cost": 0.43,"Total Cost": 1.02,"Plan Rows": 17,"Plan Width": 8,"Actual Startup Time": 0.008,"Actual Total Time": 0.008,"Actual Rows": 1,"Actual Loops": 12677,"Index Cond": "(l_orderkey = l1.l_orderkey)","Rows Removed by Index Recheck": 0,"Filter": "(l_suppkey <> l1.l_suppkey)","Rows Removed by Filter": 1}]},{"Node Type": "Index Scan","Parent Relationship": "Inner","Parallel Aware": false,"Async Capable": false,"Scan Direction": "Forward","Index Name": "orders_pkey","Relation Name": "orders","Alias": "orders","Startup Cost": 0.43,"Total Cost": 0.51,"Plan Rows": 1,"Plan Width": 4,"Actual Startup Time": 0.008,"Actual Total Time": 0.008,"Actual Rows": 0,"Actual Loops": 7589,"Index Cond": "(o_orderkey = l1.l_orderkey)","Rows Removed by Index Recheck": 0,"Filter": "(o_orderstatus = 'F'::bpchar)","Rows Removed by Filter": 1}]}]}]}]},"Planning Time": 8.298,"Triggers": [],"Execution Time": 512.274}]
[{"Plan": {"Node Type": "Sort","Parallel Aware": false,"Async Capable": false,"Startup Cost": 147378.80,"Total Cost": 147378.81,"Plan Rows": 1,"Plan Width": 34,"Actual Startup Time": 506.689,"Actual Total Time": 525.046,"Actual Rows": 415,"Actual Loops": 1,"Sort Key": ["(count(*)) DESC", "supplier.s_name"],"Sort Method": "quicksort","Sort Space Used": 57,"Sort Space Type": "Memory","Plans": [{"Node Type": "Aggregate","Strategy": "Sorted","Partial Mode": "Simple","Parent Relationship": "Outer","Parallel Aware": false,"Async Capable": false,"Startup Cost": 147378.77,"Total Cost": 147378.79,"Plan Rows": 1,"Plan Width": 34,"Actual Startup Time": 505.377,"Actual Total Time": 524.254,"Actual Rows": 415,"Actual Loops": 1,"Group Key": ["supplier.s_name"],"Plans": [{"Node Type": "Sort","Parent Relationship": "Outer","Parallel Aware": false,"Async Capable": false,"Startup Cost": 147378.77,"Total Cost": 147378.78,"Plan Rows": 1,"Plan Width": 26,"Actual Startup Time": 505.350,"Actual Total Time": 523.830,"Actual Rows": 4021,"Actual Loops": 1,"Sort Key": ["supplier.s_name"],"Sort Method": "quicksort","Sort Space Used": 379,"Sort Space Type": "Memory","Plans": [{"Node Type": "Nested Loop","Parent Relationship": "Outer","Parallel Aware": false,"Async Capable": false,"Join Type": "Inner","Startup Cost": 1250.87,"Total Cost": 147378.76,"Plan Rows": 1,"Plan Width": 26,"Actual Startup Time": 4.344,"Actual Total Time": 512.010,"Actual Rows": 4021,"Actual Loops": 1,"Inner Unique": true,"Plans": [{"Node Type": "Nested Loop","Parent Relationship": "Outer","Parallel Aware": false,"Async Capable": false,"Join Type": "Semi","Startup Cost": 1250.44,"Total Cost": 147378.26,"Plan Rows": 1,"Plan Width": 34,"Actual Startup Time": 4.308,"Actual Total Time": 447.240,"Actual Rows": 8423,"Actual Loops": 1,"Inner Unique": false,"Plans": [{"Node Type": "Gather","Parent Relationship": "Outer","Parallel Aware": false,"Async Capable": false,"Startup Cost": 1250.01,"Total Cost": 147377.22,"Plan Rows": 1,"Plan Width": 34,"Actual Startup Time": 4.250,"Actual Total Time": 340.738,"Actual Rows": 13873,"Actual Loops": 1,"Workers Planned": 4,"Workers Launched": 4,"Single Copy": false,"Plans": [{"Node Type": "Nested Loop","Parent Relationship": "Outer","Parallel Aware": false,"Async Capable": false,"Join Type": "Anti","Startup Cost": 250.01,"Total Cost": 146377.12,"Plan Rows": 1,"Plan Width": 34,"Actual Startup Time": 6.059,"Actual Total Time": 447.143,"Actual Rows": 2775,"Actual Loops": 5,"Inner Unique": false,"Workers": [],"Plans": [{"Node Type": "Hash Join","Parent Relationship": "Outer","Parallel Aware": false,"Async Capable": false,"Join Type": "Inner","Startup Cost": 249.58,"Total Cost": 133581.65,"Plan Rows": 19990,"Plan Width": 34,"Actual Startup Time": 5.350,"Actual Total Time": 355.670,"Actual Rows": 31496,"Actual Loops": 5,"Inner Unique": false,"Hash Cond": "(l1.l_suppkey = supplier.s_suppkey)","Workers": [],"Plans": [{"Node Type": "Seq Scan","Parent Relationship": "Outer","Parallel Aware": true,"Async Capable": false,"Relation Name": "lineitem","Alias": "l1","Startup Cost": 0.00,"Total Cost": 131256.80,"Plan Rows": 500101,"Plan Width": 8,"Actual Startup Time": 0.034,"Actual Total Time": 302.387,"Actual Rows": 758659,"Actual Loops": 5,"Filter": "(l_receiptdate > l_commitdate)","Rows Removed by Filter": 441584,"Workers": []},{"Node Type": "Hash","Parent Relationship": "Inner","Parallel Aware": false,"Async Capable": false,"Startup Cost": 244.58,"Total Cost": 244.58,"Plan Rows": 400,"Plan Width": 30,"Actual Startup Time": 5.023,"Actual Total Time": 5.034,"Actual Rows": 415,"Actual Loops": 5,"Hash Buckets": 1024,"Original Hash Buckets": 1024,"Hash Batches": 1,"Original Hash Batches": 1,"Peak Memory Usage": 34,"Workers": [],"Plans": [{"Node Type": "Nested Loop","Parent Relationship": "Outer","Parallel Aware": false,"Async Capable": false,"Join Type": "Inner","Startup Cost": 7.38,"Total Cost": 244.58,"Plan Rows": 400,"Plan Width": 30,"Actual Startup Time": 0.341,"Actual Total Time": 4.843,"Actual Rows": 415,"Actual Loops": 5,"Inner Unique": false,"Workers": [],"Plans": [{"Node Type": "Seq Scan","Parent Relationship": "Outer","Parallel Aware": false,"Async Capable": false,"Relation Name": "nation","Alias": "nation","Startup Cost": 0.00,"Total Cost": 1.31,"Plan Rows": 1,"Plan Width": 4,"Actual Startup Time": 0.054,"Actual Total Time": 0.060,"Actual Rows": 1,"Actual Loops": 5,"Filter": "(n_name = 'INDIA'::bpchar)","Rows Removed by Filter": 24,"Workers": []},{"Node Type": "Bitmap Heap Scan","Parent Relationship": "Inner","Parallel Aware": false,"Async Capable": false,"Relation Name": "supplier","Alias": "supplier","Startup Cost": 7.38,"Total Cost": 239.27,"Plan Rows": 400,"Plan Width": 34,"Actual Startup Time": 0.281,"Actual Total Time": 4.691,"Actual Rows": 415,"Actual Loops": 5,"Recheck Cond": "(s_nationkey = nation.n_nationkey)","Rows Removed by Index Recheck": 0,"Exact Heap Blocks": 186,"Lossy Heap Blocks": 0,"Workers": [],"Plans": [{"Node Type": "Bitmap Index Scan","Parent Relationship": "Outer","Parallel Aware": false,"Async Capable": false,"Index Name": "idx_supplier_nation_key","Startup Cost": 0.00,"Total Cost": 7.29,"Plan Rows": 400,"Plan Width": 0,"Actual Startup Time": 0.207,"Actual Total Time": 0.208,"Actual Rows": 415,"Actual Loops": 5,"Index Cond": "(s_nationkey = nation.n_nationkey)","Workers": []}]}]}]}]},{"Node Type": "Index Scan","Parent Relationship": "Inner","Parallel Aware": false,"Async Capable": false,"Scan Direction": "Forward","Index Name": "idx_lineitem_orderkey","Relation Name": "lineitem","Alias": "l3","Startup Cost": 0.43,"Total Cost": 1.06,"Plan Rows": 6,"Plan Width": 8,"Actual Startup Time": 0.003,"Actual Total Time": 0.003,"Actual Rows": 1,"Actual Loops": 157482,"Index Cond": "(l_orderkey = l1.l_orderkey)","Rows Removed by Index Recheck": 0,"Filter": "((l_receiptdate > l_commitdate) AND (l_suppkey <> l1.l_suppkey))","Rows Removed by Filter": 1,"Workers": []}]}]},{"Node Type": "Index Scan","Parent Relationship": "Inner","Parallel Aware": false,"Async Capable": false,"Scan Direction": "Forward","Index Name": "idx_lineitem_orderkey","Relation Name": "lineitem","Alias": "l2","Startup Cost": 0.43,"Total Cost": 1.02,"Plan Rows": 17,"Plan Width": 8,"Actual Startup Time": 0.007,"Actual Total Time": 0.007,"Actual Rows": 1,"Actual Loops": 13873,"Index Cond": "(l_orderkey = l1.l_orderkey)","Rows Removed by Index Recheck": 0,"Filter": "(l_suppkey <> l1.l_suppkey)","Rows Removed by Filter": 1}]},{"Node Type": "Index Scan","Parent Relationship": "Inner","Parallel Aware": false,"Async Capable": false,"Scan Direction": "Forward","Index Name": "orders_pkey","Relation Name": "orders","Alias": "orders","Startup Cost": 0.43,"Total Cost": 0.51,"Plan Rows": 1,"Plan Width": 4,"Actual Startup Time": 0.007,"Actual Total Time": 0.007,"Actual Rows": 0,"Actual Loops": 8423,"Index Cond": "(o_orderkey = l1.l_orderkey)","Rows Removed by Index Recheck": 0,"Filter": "(o_orderstatus = 'F'::bpchar)","Rows Removed by Filter": 1}]}]}]}]},"Planning Time": 9.331,"Triggers": [],"Execution Time": 525.561}]
[{"Plan": {"Node Type": "Sort","Parallel Aware": false,"Async Capable": false,"Startup Cost": 147378.80,"Total Cost": 147378.81,"Plan Rows": 1,"Plan Width": 34,"Actual Startup Time": 504.070,"Actual Total Time": 522.796,"Actual Rows": 405,"Actual Loops": 1,"Sort Key": ["(count(*)) DESC", "supplier.s_name"],"Sort Method": "quicksort","Sort Space Used": 56,"Sort Space Type": "Memory","Plans": [{"Node Type": "Aggregate","Strategy": "Sorted","Partial Mode": "Simple","Parent Relationship": "Outer","Parallel Aware": false,"Async Capable": false,"Startup Cost": 147378.77,"Total Cost": 147378.79,"Plan Rows": 1,"Plan Width": 34,"Actual Startup Time": 502.850,"Actual Total Time": 522.098,"Actual Rows": 405,"Actual Loops": 1,"Group Key": ["supplier.s_name"],"Plans": [{"Node Type": "Sort","Parent Relationship": "Outer","Parallel Aware": false,"Async Capable": false,"Startup Cost": 147378.77,"Total Cost": 147378.78,"Plan Rows": 1,"Plan Width": 26,"Actual Startup Time": 502.828,"Actual Total Time": 521.678,"Actual Rows": 4028,"Actual Loops": 1,"Sort Key": ["supplier.s_name"],"Sort Method": "quicksort","Sort Space Used": 380,"Sort Space Type": "Memory","Plans": [{"Node Type": "Nested Loop","Parent Relationship": "Outer","Parallel Aware": false,"Async Capable": false,"Join Type": "Inner","Startup Cost": 1250.87,"Total Cost": 147378.76,"Plan Rows": 1,"Plan Width": 26,"Actual Startup Time": 4.998,"Actual Total Time": 510.942,"Actual Rows": 4028,"Actual Loops": 1,"Inner Unique": true,"Plans": [{"Node Type": "Nested Loop","Parent Relationship": "Outer","Parallel Aware": false,"Async Capable": false,"Join Type": "Semi","Startup Cost": 1250.44,"Total Cost": 147378.26,"Plan Rows": 1,"Plan Width": 34,"Actual Startup Time": 4.975,"Actual Total Time": 450.040,"Actual Rows": 8320,"Actual Loops": 1,"Inner Unique": false,"Plans": [{"Node Type": "Gather","Parent Relationship": "Outer","Parallel Aware": false,"Async Capable": false,"Startup Cost": 1250.01,"Total Cost": 147377.22,"Plan Rows": 1,"Plan Width": 34,"Actual Startup Time": 4.836,"Actual Total Time": 345.420,"Actual Rows": 13965,"Actual Loops": 1,"Workers Planned": 4,"Workers Launched": 4,"Single Copy": false,"Plans": [{"Node Type": "Nested Loop","Parent Relationship": "Outer","Parallel Aware": false,"Async Capable": false,"Join Type": "Anti","Startup Cost": 250.01,"Total Cost": 146377.12,"Plan Rows": 1,"Plan Width": 34,"Actual Startup Time": 4.706,"Actual Total Time": 445.819,"Actual Rows": 2793,"Actual Loops": 5,"Inner Unique": false,"Workers": [],"Plans": [{"Node Type": "Hash Join","Parent Relationship": "Outer","Parallel Aware": false,"Async Capable": false,"Join Type": "Inner","Startup Cost": 249.58,"Total Cost": 133581.65,"Plan Rows": 19990,"Plan Width": 34,"Actual Startup Time": 4.328,"Actual Total Time": 354.989,"Actual Rows": 30731,"Actual Loops": 5,"Inner Unique": false,"Hash Cond": "(l1.l_suppkey = supplier.s_suppkey)","Workers": [],"Plans": [{"Node Type": "Seq Scan","Parent Relationship": "Outer","Parallel Aware": true,"Async Capable": false,"Relation Name": "lineitem","Alias": "l1","Startup Cost": 0.00,"Total Cost": 131256.80,"Plan Rows": 500101,"Plan Width": 8,"Actual Startup Time": 0.030,"Actual Total Time": 303.427,"Actual Rows": 758659,"Actual Loops": 5,"Filter": "(l_receiptdate > l_commitdate)","Rows Removed by Filter": 441584,"Workers": []},{"Node Type": "Hash","Parent Relationship": "Inner","Parallel Aware": false,"Async Capable": false,"Startup Cost": 244.58,"Total Cost": 244.58,"Plan Rows": 400,"Plan Width": 30,"Actual Startup Time": 4.016,"Actual Total Time": 4.027,"Actual Rows": 405,"Actual Loops": 5,"Hash Buckets": 1024,"Original Hash Buckets": 1024,"Hash Batches": 1,"Original Hash Batches": 1,"Peak Memory Usage": 34,"Workers": [],"Plans": [{"Node Type": "Nested Loop","Parent Relationship": "Outer","Parallel Aware": false,"Async Capable": false,"Join Type": "Inner","Startup Cost": 7.38,"Total Cost": 244.58,"Plan Rows": 400,"Plan Width": 30,"Actual Startup Time": 0.282,"Actual Total Time": 3.870,"Actual Rows": 405,"Actual Loops": 5,"Inner Unique": false,"Workers": [],"Plans": [{"Node Type": "Seq Scan","Parent Relationship": "Outer","Parallel Aware": false,"Async Capable": false,"Relation Name": "nation","Alias": "nation","Startup Cost": 0.00,"Total Cost": 1.31,"Plan Rows": 1,"Plan Width": 4,"Actual Startup Time": 0.049,"Actual Total Time": 0.055,"Actual Rows": 1,"Actual Loops": 5,"Filter": "(n_name = 'INDONESIA'::bpchar)","Rows Removed by Filter": 24,"Workers": []},{"Node Type": "Bitmap Heap Scan","Parent Relationship": "Inner","Parallel Aware": false,"Async Capable": false,"Relation Name": "supplier","Alias": "supplier","Startup Cost": 7.38,"Total Cost": 239.27,"Plan Rows": 400,"Plan Width": 34,"Actual Startup Time": 0.227,"Actual Total Time": 3.740,"Actual Rows": 405,"Actual Loops": 5,"Recheck Cond": "(s_nationkey = nation.n_nationkey)","Rows Removed by Index Recheck": 0,"Exact Heap Blocks": 192,"Lossy Heap Blocks": 0,"Workers": [],"Plans": [{"Node Type": "Bitmap Index Scan","Parent Relationship": "Outer","Parallel Aware": false,"Async Capable": false,"Index Name": "idx_supplier_nation_key","Startup Cost": 0.00,"Total Cost": 7.29,"Plan Rows": 400,"Plan Width": 0,"Actual Startup Time": 0.146,"Actual Total Time": 0.147,"Actual Rows": 405,"Actual Loops": 5,"Index Cond": "(s_nationkey = nation.n_nationkey)","Workers": []}]}]}]}]},{"Node Type": "Index Scan","Parent Relationship": "Inner","Parallel Aware": false,"Async Capable": false,"Scan Direction": "Forward","Index Name": "idx_lineitem_orderkey","Relation Name": "lineitem","Alias": "l3","Startup Cost": 0.43,"Total Cost": 1.06,"Plan Rows": 6,"Plan Width": 8,"Actual Startup Time": 0.003,"Actual Total Time": 0.003,"Actual Rows": 1,"Actual Loops": 153653,"Index Cond": "(l_orderkey = l1.l_orderkey)","Rows Removed by Index Recheck": 0,"Filter": "((l_receiptdate > l_commitdate) AND (l_suppkey <> l1.l_suppkey))","Rows Removed by Filter": 1,"Workers": []}]}]},{"Node Type": "Index Scan","Parent Relationship": "Inner","Parallel Aware": false,"Async Capable": false,"Scan Direction": "Forward","Index Name": "idx_lineitem_orderkey","Relation Name": "lineitem","Alias": "l2","Startup Cost": 0.43,"Total Cost": 1.02,"Plan Rows": 17,"Plan Width": 8,"Actual Startup Time": 0.007,"Actual Total Time": 0.007,"Actual Rows": 1,"Actual Loops": 13965,"Index Cond": "(l_orderkey = l1.l_orderkey)","Rows Removed by Index Recheck": 0,"Filter": "(l_suppkey <> l1.l_suppkey)","Rows Removed by Filter": 1}]},{"Node Type": "Index Scan","Parent Relationship": "Inner","Parallel Aware": false,"Async Capable": false,"Scan Direction": "Forward","Index Name": "orders_pkey","Relation Name": "orders","Alias": "orders","Startup Cost": 0.43,"Total Cost": 0.51,"Plan Rows": 1,"Plan Width": 4,"Actual Startup Time": 0.007,"Actual Total Time": 0.007,"Actual Rows": 0,"Actual Loops": 8320,"Index Cond": "(o_orderkey = l1.l_orderkey)","Rows Removed by Index Recheck": 0,"Filter": "(o_orderstatus = 'F'::bpchar)","Rows Removed by Filter": 1}]}]}]}]},"Planning Time": 8.753,"Triggers": [],"Execution Time": 523.514}]
[{"Plan": {"Node Type": "Sort","Parallel Aware": false,"Async Capable": false,"Startup Cost": 147378.80,"Total Cost": 147378.81,"Plan Rows": 1,"Plan Width": 34,"Actual Startup Time": 500.228,"Actual Total Time": 519.082,"Actual Rows": 412,"Actual Loops": 1,"Sort Key": ["(count(*)) DESC", "supplier.s_name"],"Sort Method": "quicksort","Sort Space Used": 57,"Sort Space Type": "Memory","Plans": [{"Node Type": "Aggregate","Strategy": "Sorted","Partial Mode": "Simple","Parent Relationship": "Outer","Parallel Aware": false,"Async Capable": false,"Startup Cost": 147378.77,"Total Cost": 147378.79,"Plan Rows": 1,"Plan Width": 34,"Actual Startup Time": 498.981,"Actual Total Time": 518.359,"Actual Rows": 412,"Actual Loops": 1,"Group Key": ["supplier.s_name"],"Plans": [{"Node Type": "Sort","Parent Relationship": "Outer","Parallel Aware": false,"Async Capable": false,"Startup Cost": 147378.77,"Total Cost": 147378.78,"Plan Rows": 1,"Plan Width": 26,"Actual Startup Time": 498.949,"Actual Total Time": 517.928,"Actual Rows": 4030,"Actual Loops": 1,"Sort Key": ["supplier.s_name"],"Sort Method": "quicksort","Sort Space Used": 380,"Sort Space Type": "Memory","Plans": [{"Node Type": "Nested Loop","Parent Relationship": "Outer","Parallel Aware": false,"Async Capable": false,"Join Type": "Inner","Startup Cost": 1250.87,"Total Cost": 147378.76,"Plan Rows": 1,"Plan Width": 26,"Actual Startup Time": 4.020,"Actual Total Time": 506.052,"Actual Rows": 4030,"Actual Loops": 1,"Inner Unique": true,"Plans": [{"Node Type": "Nested Loop","Parent Relationship": "Outer","Parallel Aware": false,"Async Capable": false,"Join Type": "Semi","Startup Cost": 1250.44,"Total Cost": 147378.26,"Plan Rows": 1,"Plan Width": 34,"Actual Startup Time": 3.993,"Actual Total Time": 443.011,"Actual Rows": 8146,"Actual Loops": 1,"Inner Unique": false,"Plans": [{"Node Type": "Gather","Parent Relationship": "Outer","Parallel Aware": false,"Async Capable": false,"Startup Cost": 1250.01,"Total Cost": 147377.22,"Plan Rows": 1,"Plan Width": 34,"Actual Startup Time": 3.980,"Actual Total Time": 336.738,"Actual Rows": 13748,"Actual Loops": 1,"Workers Planned": 4,"Workers Launched": 4,"Single Copy": false,"Plans": [{"Node Type": "Nested Loop","Parent Relationship": "Outer","Parallel Aware": false,"Async Capable": false,"Join Type": "Anti","Startup Cost": 250.01,"Total Cost": 146377.12,"Plan Rows": 1,"Plan Width": 34,"Actual Startup Time": 4.569,"Actual Total Time": 441.712,"Actual Rows": 2750,"Actual Loops": 5,"Inner Unique": false,"Workers": [],"Plans": [{"Node Type": "Hash Join","Parent Relationship": "Outer","Parallel Aware": false,"Async Capable": false,"Join Type": "Inner","Startup Cost": 249.58,"Total Cost": 133581.65,"Plan Rows": 19990,"Plan Width": 34,"Actual Startup Time": 4.262,"Actual Total Time": 350.942,"Actual Rows": 31209,"Actual Loops": 5,"Inner Unique": false,"Hash Cond": "(l1.l_suppkey = supplier.s_suppkey)","Workers": [],"Plans": [{"Node Type": "Seq Scan","Parent Relationship": "Outer","Parallel Aware": true,"Async Capable": false,"Relation Name": "lineitem","Alias": "l1","Startup Cost": 0.00,"Total Cost": 131256.80,"Plan Rows": 500101,"Plan Width": 8,"Actual Startup Time": 0.026,"Actual Total Time": 299.296,"Actual Rows": 758659,"Actual Loops": 5,"Filter": "(l_receiptdate > l_commitdate)","Rows Removed by Filter": 441584,"Workers": []},{"Node Type": "Hash","Parent Relationship": "Inner","Parallel Aware": false,"Async Capable": false,"Startup Cost": 244.58,"Total Cost": 244.58,"Plan Rows": 400,"Plan Width": 30,"Actual Startup Time": 3.907,"Actual Total Time": 3.918,"Actual Rows": 412,"Actual Loops": 5,"Hash Buckets": 1024,"Original Hash Buckets": 1024,"Hash Batches": 1,"Original Hash Batches": 1,"Peak Memory Usage": 34,"Workers": [],"Plans": [{"Node Type": "Nested Loop","Parent Relationship": "Outer","Parallel Aware": false,"Async Capable": false,"Join Type": "Inner","Startup Cost": 7.38,"Total Cost": 244.58,"Plan Rows": 400,"Plan Width": 30,"Actual Startup Time": 0.286,"Actual Total Time": 3.756,"Actual Rows": 412,"Actual Loops": 5,"Inner Unique": false,"Workers": [],"Plans": [{"Node Type": "Seq Scan","Parent Relationship": "Outer","Parallel Aware": false,"Async Capable": false,"Relation Name": "nation","Alias": "nation","Startup Cost": 0.00,"Total Cost": 1.31,"Plan Rows": 1,"Plan Width": 4,"Actual Startup Time": 0.059,"Actual Total Time": 0.064,"Actual Rows": 1,"Actual Loops": 5,"Filter": "(n_name = 'CANADA'::bpchar)","Rows Removed by Filter": 24,"Workers": []},{"Node Type": "Bitmap Heap Scan","Parent Relationship": "Inner","Parallel Aware": false,"Async Capable": false,"Relation Name": "supplier","Alias": "supplier","Startup Cost": 7.38,"Total Cost": 239.27,"Plan Rows": 400,"Plan Width": 34,"Actual Startup Time": 0.222,"Actual Total Time": 3.623,"Actual Rows": 412,"Actual Loops": 5,"Recheck Cond": "(s_nationkey = nation.n_nationkey)","Rows Removed by Index Recheck": 0,"Exact Heap Blocks": 189,"Lossy Heap Blocks": 0,"Workers": [],"Plans": [{"Node Type": "Bitmap Index Scan","Parent Relationship": "Outer","Parallel Aware": false,"Async Capable": false,"Index Name": "idx_supplier_nation_key","Startup Cost": 0.00,"Total Cost": 7.29,"Plan Rows": 400,"Plan Width": 0,"Actual Startup Time": 0.144,"Actual Total Time": 0.145,"Actual Rows": 412,"Actual Loops": 5,"Index Cond": "(s_nationkey = nation.n_nationkey)","Workers": []}]}]}]}]},{"Node Type": "Index Scan","Parent Relationship": "Inner","Parallel Aware": false,"Async Capable": false,"Scan Direction": "Forward","Index Name": "idx_lineitem_orderkey","Relation Name": "lineitem","Alias": "l3","Startup Cost": 0.43,"Total Cost": 1.06,"Plan Rows": 6,"Plan Width": 8,"Actual Startup Time": 0.003,"Actual Total Time": 0.003,"Actual Rows": 1,"Actual Loops": 156047,"Index Cond": "(l_orderkey = l1.l_orderkey)","Rows Removed by Index Recheck": 0,"Filter": "((l_receiptdate > l_commitdate) AND (l_suppkey <> l1.l_suppkey))","Rows Removed by Filter": 1,"Workers": []}]}]},{"Node Type": "Index Scan","Parent Relationship": "Inner","Parallel Aware": false,"Async Capable": false,"Scan Direction": "Forward","Index Name": "idx_lineitem_orderkey","Relation Name": "lineitem","Alias": "l2","Startup Cost": 0.43,"Total Cost": 1.02,"Plan Rows": 17,"Plan Width": 8,"Actual Startup Time": 0.007,"Actual Total Time": 0.007,"Actual Rows": 1,"Actual Loops": 13748,"Index Cond": "(l_orderkey = l1.l_orderkey)","Rows Removed by Index Recheck": 0,"Filter": "(l_suppkey <> l1.l_suppkey)","Rows Removed by Filter": 1}]},{"Node Type": "Index Scan","Parent Relationship": "Inner","Parallel Aware": false,"Async Capable": false,"Scan Direction": "Forward","Index Name": "orders_pkey","Relation Name": "orders","Alias": "orders","Startup Cost": 0.43,"Total Cost": 0.51,"Plan Rows": 1,"Plan Width": 4,"Actual Startup Time": 0.007,"Actual Total Time": 0.007,"Actual Rows": 0,"Actual Loops": 8146,"Index Cond": "(o_orderkey = l1.l_orderkey)","Rows Removed by Index Recheck": 0,"Filter": "(o_orderstatus = 'F'::bpchar)","Rows Removed by Filter": 1}]}]}]}]},"Planning Time": 9.689,"Triggers": [],"Execution Time": 519.513}]
[{"Plan": {"Node Type": "Sort","Parallel Aware": false,"Async Capable": false,"Startup Cost": 147378.80,"Total Cost": 147378.81,"Plan Rows": 1,"Plan Width": 34,"Actual Startup Time": 491.039,"Actual Total Time": 509.746,"Actual Rows": 373,"Actual Loops": 1,"Sort Key": ["(count(*)) DESC", "supplier.s_name"],"Sort Method": "quicksort","Sort Space Used": 54,"Sort Space Type": "Memory","Plans": [{"Node Type": "Aggregate","Strategy": "Sorted","Partial Mode": "Simple","Parent Relationship": "Outer","Parallel Aware": false,"Async Capable": false,"Startup Cost": 147378.77,"Total Cost": 147378.79,"Plan Rows": 1,"Plan Width": 34,"Actual Startup Time": 489.852,"Actual Total Time": 509.039,"Actual Rows": 373,"Actual Loops": 1,"Group Key": ["supplier.s_name"],"Plans": [{"Node Type": "Sort","Parent Relationship": "Outer","Parallel Aware": false,"Async Capable": false,"Startup Cost": 147378.77,"Total Cost": 147378.78,"Plan Rows": 1,"Plan Width": 26,"Actual Startup Time": 489.818,"Actual Total Time": 508.641,"Actual Rows": 3775,"Actual Loops": 1,"Sort Key": ["supplier.s_name"],"Sort Method": "quicksort","Sort Space Used": 362,"Sort Space Type": "Memory","Plans": [{"Node Type": "Nested Loop","Parent Relationship": "Outer","Parallel Aware": false,"Async Capable": false,"Join Type": "Inner","Startup Cost": 1250.87,"Total Cost": 147378.76,"Plan Rows": 1,"Plan Width": 26,"Actual Startup Time": 4.604,"Actual Total Time": 497.627,"Actual Rows": 3775,"Actual Loops": 1,"Inner Unique": true,"Plans": [{"Node Type": "Nested Loop","Parent Relationship": "Outer","Parallel Aware": false,"Async Capable": false,"Join Type": "Semi","Startup Cost": 1250.44,"Total Cost": 147378.26,"Plan Rows": 1,"Plan Width": 34,"Actual Startup Time": 4.579,"Actual Total Time": 434.821,"Actual Rows": 7601,"Actual Loops": 1,"Inner Unique": false,"Plans": [{"Node Type": "Gather","Parent Relationship": "Outer","Parallel Aware": false,"Async Capable": false,"Startup Cost": 1250.01,"Total Cost": 147377.22,"Plan Rows": 1,"Plan Width": 34,"Actual Startup Time": 4.564,"Actual Total Time": 332.092,"Actual Rows": 12602,"Actual Loops": 1,"Workers Planned": 4,"Workers Launched": 4,"Single Copy": false,"Plans": [{"Node Type": "Nested Loop","Parent Relationship": "Outer","Parallel Aware": false,"Async Capable": false,"Join Type": "Anti","Startup Cost": 250.01,"Total Cost": 146377.12,"Plan Rows": 1,"Plan Width": 34,"Actual Startup Time": 4.313,"Actual Total Time": 433.903,"Actual Rows": 2520,"Actual Loops": 5,"Inner Unique": false,"Workers": [],"Plans": [{"Node Type": "Hash Join","Parent Relationship": "Outer","Parallel Aware": false,"Async Capable": false,"Join Type": "Inner","Startup Cost": 249.58,"Total Cost": 133581.65,"Plan Rows": 19990,"Plan Width": 34,"Actual Startup Time": 3.915,"Actual Total Time": 349.840,"Actual Rows": 28289,"Actual Loops": 5,"Inner Unique": false,"Hash Cond": "(l1.l_suppkey = supplier.s_suppkey)","Workers": [],"Plans": [{"Node Type": "Seq Scan","Parent Relationship": "Outer","Parallel Aware": true,"Async Capable": false,"Relation Name": "lineitem","Alias": "l1","Startup Cost": 0.00,"Total Cost": 131256.80,"Plan Rows": 500101,"Plan Width": 8,"Actual Startup Time": 0.025,"Actual Total Time": 300.593,"Actual Rows": 758659,"Actual Loops": 5,"Filter": "(l_receiptdate > l_commitdate)","Rows Removed by Filter": 441584,"Workers": []},{"Node Type": "Hash","Parent Relationship": "Inner","Parallel Aware": false,"Async Capable": false,"Startup Cost": 244.58,"Total Cost": 244.58,"Plan Rows": 400,"Plan Width": 30,"Actual Startup Time": 3.661,"Actual Total Time": 3.675,"Actual Rows": 373,"Actual Loops": 5,"Hash Buckets": 1024,"Original Hash Buckets": 1024,"Hash Batches": 1,"Original Hash Batches": 1,"Peak Memory Usage": 32,"Workers": [],"Plans": [{"Node Type": "Nested Loop","Parent Relationship": "Outer","Parallel Aware": false,"Async Capable": false,"Join Type": "Inner","Startup Cost": 7.38,"Total Cost": 244.58,"Plan Rows": 400,"Plan Width": 30,"Actual Startup Time": 0.231,"Actual Total Time": 3.539,"Actual Rows": 373,"Actual Loops": 5,"Inner Unique": false,"Workers": [],"Plans": [{"Node Type": "Seq Scan","Parent Relationship": "Outer","Parallel Aware": false,"Async Capable": false,"Relation Name": "nation","Alias": "nation","Startup Cost": 0.00,"Total Cost": 1.31,"Plan Rows": 1,"Plan Width": 4,"Actual Startup Time": 0.052,"Actual Total Time": 0.058,"Actual Rows": 1,"Actual Loops": 5,"Filter": "(n_name = 'MOROCCO'::bpchar)","Rows Removed by Filter": 24,"Workers": []},{"Node Type": "Bitmap Heap Scan","Parent Relationship": "Inner","Parallel Aware": false,"Async Capable": false,"Relation Name": "supplier","Alias": "supplier","Startup Cost": 7.38,"Total Cost": 239.27,"Plan Rows": 400,"Plan Width": 34,"Actual Startup Time": 0.174,"Actual Total Time": 3.419,"Actual Rows": 373,"Actual Loops": 5,"Recheck Cond": "(s_nationkey = nation.n_nationkey)","Rows Removed by Index Recheck": 0,"Exact Heap Blocks": 180,"Lossy Heap Blocks": 0,"Workers": [],"Plans": [{"Node Type": "Bitmap Index Scan","Parent Relationship": "Outer","Parallel Aware": false,"Async Capable": false,"Index Name": "idx_supplier_nation_key","Startup Cost": 0.00,"Total Cost": 7.29,"Plan Rows": 400,"Plan Width": 0,"Actual Startup Time": 0.112,"Actual Total Time": 0.115,"Actual Rows": 373,"Actual Loops": 5,"Index Cond": "(s_nationkey = nation.n_nationkey)","Workers": []}]}]}]}]},{"Node Type": "Index Scan","Parent Relationship": "Inner","Parallel Aware": false,"Async Capable": false,"Scan Direction": "Forward","Index Name": "idx_lineitem_orderkey","Relation Name": "lineitem","Alias": "l3","Startup Cost": 0.43,"Total Cost": 1.06,"Plan Rows": 6,"Plan Width": 8,"Actual Startup Time": 0.003,"Actual Total Time": 0.003,"Actual Rows": 1,"Actual Loops": 141445,"Index Cond": "(l_orderkey = l1.l_orderkey)","Rows Removed by Index Recheck": 0,"Filter": "((l_receiptdate > l_commitdate) AND (l_suppkey <> l1.l_suppkey))","Rows Removed by Filter": 1,"Workers": []}]}]},{"Node Type": "Index Scan","Parent Relationship": "Inner","Parallel Aware": false,"Async Capable": false,"Scan Direction": "Forward","Index Name": "idx_lineitem_orderkey","Relation Name": "lineitem","Alias": "l2","Startup Cost": 0.43,"Total Cost": 1.02,"Plan Rows": 17,"Plan Width": 8,"Actual Startup Time": 0.008,"Actual Total Time": 0.008,"Actual Rows": 1,"Actual Loops": 12602,"Index Cond": "(l_orderkey = l1.l_orderkey)","Rows Removed by Index Recheck": 0,"Filter": "(l_suppkey <> l1.l_suppkey)","Rows Removed by Filter": 1}]},{"Node Type": "Index Scan","Parent Relationship": "Inner","Parallel Aware": false,"Async Capable": false,"Scan Direction": "Forward","Index Name": "orders_pkey","Relation Name": "orders","Alias": "orders","Startup Cost": 0.43,"Total Cost": 0.51,"Plan Rows": 1,"Plan Width": 4,"Actual Startup Time": 0.008,"Actual Total Time": 0.008,"Actual Rows": 0,"Actual Loops": 7601,"Index Cond": "(o_orderkey = l1.l_orderkey)","Rows Removed by Index Recheck": 0,"Filter": "(o_orderstatus = 'F'::bpchar)","Rows Removed by Filter": 1}]}]}]}]},"Planning Time": 9.187,"Triggers": [],"Execution Time": 510.411}]
[{"Plan": {"Node Type": "Sort","Parallel Aware": false,"Async Capable": false,"Startup Cost": 147378.80,"Total Cost": 147378.81,"Plan Rows": 1,"Plan Width": 34,"Actual Startup Time": 499.004,"Actual Total Time": 520.055,"Actual Rows": 399,"Actual Loops": 1,"Sort Key": ["(count(*)) DESC", "supplier.s_name"],"Sort Method": "quicksort","Sort Space Used": 56,"Sort Space Type": "Memory","Plans": [{"Node Type": "Aggregate","Strategy": "Sorted","Partial Mode": "Simple","Parent Relationship": "Outer","Parallel Aware": false,"Async Capable": false,"Startup Cost": 147378.77,"Total Cost": 147378.79,"Plan Rows": 1,"Plan Width": 34,"Actual Startup Time": 497.768,"Actual Total Time": 519.326,"Actual Rows": 399,"Actual Loops": 1,"Group Key": ["supplier.s_name"],"Plans": [{"Node Type": "Sort","Parent Relationship": "Outer","Parallel Aware": false,"Async Capable": false,"Startup Cost": 147378.77,"Total Cost": 147378.78,"Plan Rows": 1,"Plan Width": 26,"Actual Startup Time": 497.754,"Actual Total Time": 518.925,"Actual Rows": 3901,"Actual Loops": 1,"Sort Key": ["supplier.s_name"],"Sort Method": "quicksort","Sort Space Used": 371,"Sort Space Type": "Memory","Plans": [{"Node Type": "Nested Loop","Parent Relationship": "Outer","Parallel Aware": false,"Async Capable": false,"Join Type": "Inner","Startup Cost": 1250.87,"Total Cost": 147378.76,"Plan Rows": 1,"Plan Width": 26,"Actual Startup Time": 5.425,"Actual Total Time": 507.475,"Actual Rows": 3901,"Actual Loops": 1,"Inner Unique": true,"Plans": [{"Node Type": "Nested Loop","Parent Relationship": "Outer","Parallel Aware": false,"Async Capable": false,"Join Type": "Semi","Startup Cost": 1250.44,"Total Cost": 147378.26,"Plan Rows": 1,"Plan Width": 34,"Actual Startup Time": 5.049,"Actual Total Time": 443.858,"Actual Rows": 7909,"Actual Loops": 1,"Inner Unique": false,"Plans": [{"Node Type": "Gather","Parent Relationship": "Outer","Parallel Aware": false,"Async Capable": false,"Startup Cost": 1250.01,"Total Cost": 147377.22,"Plan Rows": 1,"Plan Width": 34,"Actual Startup Time": 4.716,"Actual Total Time": 337.054,"Actual Rows": 13313,"Actual Loops": 1,"Workers Planned": 4,"Workers Launched": 4,"Single Copy": false,"Plans": [{"Node Type": "Nested Loop","Parent Relationship": "Outer","Parallel Aware": false,"Async Capable": false,"Join Type": "Anti","Startup Cost": 250.01,"Total Cost": 146377.12,"Plan Rows": 1,"Plan Width": 34,"Actual Startup Time": 4.762,"Actual Total Time": 442.169,"Actual Rows": 2663,"Actual Loops": 5,"Inner Unique": false,"Workers": [],"Plans": [{"Node Type": "Hash Join","Parent Relationship": "Outer","Parallel Aware": false,"Async Capable": false,"Join Type": "Inner","Startup Cost": 249.58,"Total Cost": 133581.65,"Plan Rows": 19990,"Plan Width": 34,"Actual Startup Time": 4.517,"Actual Total Time": 353.941,"Actual Rows": 30247,"Actual Loops": 5,"Inner Unique": false,"Hash Cond": "(l1.l_suppkey = supplier.s_suppkey)","Workers": [],"Plans": [{"Node Type": "Seq Scan","Parent Relationship": "Outer","Parallel Aware": true,"Async Capable": false,"Relation Name": "lineitem","Alias": "l1","Startup Cost": 0.00,"Total Cost": 131256.80,"Plan Rows": 500101,"Plan Width": 8,"Actual Startup Time": 0.021,"Actual Total Time": 302.084,"Actual Rows": 758659,"Actual Loops": 5,"Filter": "(l_receiptdate > l_commitdate)","Rows Removed by Filter": 441584,"Workers": []},{"Node Type": "Hash","Parent Relationship": "Inner","Parallel Aware": false,"Async Capable": false,"Startup Cost": 244.58,"Total Cost": 244.58,"Plan Rows": 400,"Plan Width": 30,"Actual Startup Time": 4.286,"Actual Total Time": 4.296,"Actual Rows": 399,"Actual Loops": 5,"Hash Buckets": 1024,"Original Hash Buckets": 1024,"Hash Batches": 1,"Original Hash Batches": 1,"Peak Memory Usage": 33,"Workers": [],"Plans": [{"Node Type": "Nested Loop","Parent Relationship": "Outer","Parallel Aware": false,"Async Capable": false,"Join Type": "Inner","Startup Cost": 7.38,"Total Cost": 244.58,"Plan Rows": 400,"Plan Width": 30,"Actual Startup Time": 0.243,"Actual Total Time": 4.128,"Actual Rows": 399,"Actual Loops": 5,"Inner Unique": false,"Workers": [],"Plans": [{"Node Type": "Seq Scan","Parent Relationship": "Outer","Parallel Aware": false,"Async Capable": false,"Relation Name": "nation","Alias": "nation","Startup Cost": 0.00,"Total Cost": 1.31,"Plan Rows": 1,"Plan Width": 4,"Actual Startup Time": 0.049,"Actual Total Time": 0.051,"Actual Rows": 1,"Actual Loops": 5,"Filter": "(n_name = 'VIETNAM'::bpchar)","Rows Removed by Filter": 24,"Workers": []},{"Node Type": "Bitmap Heap Scan","Parent Relationship": "Inner","Parallel Aware": false,"Async Capable": false,"Relation Name": "supplier","Alias": "supplier","Startup Cost": 7.38,"Total Cost": 239.27,"Plan Rows": 400,"Plan Width": 34,"Actual Startup Time": 0.189,"Actual Total Time": 4.007,"Actual Rows": 399,"Actual Loops": 5,"Recheck Cond": "(s_nationkey = nation.n_nationkey)","Rows Removed by Index Recheck": 0,"Exact Heap Blocks": 191,"Lossy Heap Blocks": 0,"Workers": [],"Plans": [{"Node Type": "Bitmap Index Scan","Parent Relationship": "Outer","Parallel Aware": false,"Async Capable": false,"Index Name": "idx_supplier_nation_key","Startup Cost": 0.00,"Total Cost": 7.29,"Plan Rows": 400,"Plan Width": 0,"Actual Startup Time": 0.123,"Actual Total Time": 0.125,"Actual Rows": 399,"Actual Loops": 5,"Index Cond": "(s_nationkey = nation.n_nationkey)","Workers": []}]}]}]}]},{"Node Type": "Index Scan","Parent Relationship": "Inner","Parallel Aware": false,"Async Capable": false,"Scan Direction": "Forward","Index Name": "idx_lineitem_orderkey","Relation Name": "lineitem","Alias": "l3","Startup Cost": 0.43,"Total Cost": 1.06,"Plan Rows": 6,"Plan Width": 8,"Actual Startup Time": 0.003,"Actual Total Time": 0.003,"Actual Rows": 1,"Actual Loops": 151237,"Index Cond": "(l_orderkey = l1.l_orderkey)","Rows Removed by Index Recheck": 0,"Filter": "((l_receiptdate > l_commitdate) AND (l_suppkey <> l1.l_suppkey))","Rows Removed by Filter": 1,"Workers": []}]}]},{"Node Type": "Index Scan","Parent Relationship": "Inner","Parallel Aware": false,"Async Capable": false,"Scan Direction": "Forward","Index Name": "idx_lineitem_orderkey","Relation Name": "lineitem","Alias": "l2","Startup Cost": 0.43,"Total Cost": 1.02,"Plan Rows": 17,"Plan Width": 8,"Actual Startup Time": 0.008,"Actual Total Time": 0.008,"Actual Rows": 1,"Actual Loops": 13313,"Index Cond": "(l_orderkey = l1.l_orderkey)","Rows Removed by Index Recheck": 0,"Filter": "(l_suppkey <> l1.l_suppkey)","Rows Removed by Filter": 1}]},{"Node Type": "Index Scan","Parent Relationship": "Inner","Parallel Aware": false,"Async Capable": false,"Scan Direction": "Forward","Index Name": "orders_pkey","Relation Name": "orders","Alias": "orders","Startup Cost": 0.43,"Total Cost": 0.51,"Plan Rows": 1,"Plan Width": 4,"Actual Startup Time": 0.008,"Actual Total Time": 0.008,"Actual Rows": 0,"Actual Loops": 7909,"Index Cond": "(o_orderkey = l1.l_orderkey)","Rows Removed by Index Recheck": 0,"Filter": "(o_orderstatus = 'F'::bpchar)","Rows Removed by Filter": 1}]}]}]}]},"Planning Time": 9.630,"Triggers": [],"Execution Time": 520.585}]
[{"Plan": {"Node Type": "Sort","Parallel Aware": false,"Async Capable": false,"Startup Cost": 147378.80,"Total Cost": 147378.81,"Plan Rows": 1,"Plan Width": 34,"Actual Startup Time": 501.304,"Actual Total Time": 522.071,"Actual Rows": 393,"Actual Loops": 1,"Sort Key": ["(count(*)) DESC", "supplier.s_name"],"Sort Method": "quicksort","Sort Space Used": 55,"Sort Space Type": "Memory","Plans": [{"Node Type": "Aggregate","Strategy": "Sorted","Partial Mode": "Simple","Parent Relationship": "Outer","Parallel Aware": false,"Async Capable": false,"Startup Cost": 147378.77,"Total Cost": 147378.79,"Plan Rows": 1,"Plan Width": 34,"Actual Startup Time": 500.141,"Actual Total Time": 521.406,"Actual Rows": 393,"Actual Loops": 1,"Group Key": ["supplier.s_name"],"Plans": [{"Node Type": "Sort","Parent Relationship": "Outer","Parallel Aware": false,"Async Capable": false,"Startup Cost": 147378.77,"Total Cost": 147378.78,"Plan Rows": 1,"Plan Width": 26,"Actual Startup Time": 500.117,"Actual Total Time": 521.005,"Actual Rows": 3888,"Actual Loops": 1,"Sort Key": ["supplier.s_name"],"Sort Method": "quicksort","Sort Space Used": 370,"Sort Space Type": "Memory","Plans": [{"Node Type": "Nested Loop","Parent Relationship": "Outer","Parallel Aware": false,"Async Capable": false,"Join Type": "Inner","Startup Cost": 1250.87,"Total Cost": 147378.76,"Plan Rows": 1,"Plan Width": 26,"Actual Startup Time": 4.419,"Actual Total Time": 510.533,"Actual Rows": 3888,"Actual Loops": 1,"Inner Unique": true,"Plans": [{"Node Type": "Nested Loop","Parent Relationship": "Outer","Parallel Aware": false,"Async Capable": false,"Join Type": "Semi","Startup Cost": 1250.44,"Total Cost": 147378.26,"Plan Rows": 1,"Plan Width": 34,"Actual Startup Time": 4.399,"Actual Total Time": 450.183,"Actual Rows": 7870,"Actual Loops": 1,"Inner Unique": false,"Plans": [{"Node Type": "Gather","Parent Relationship": "Outer","Parallel Aware": false,"Async Capable": false,"Startup Cost": 1250.01,"Total Cost": 147377.22,"Plan Rows": 1,"Plan Width": 34,"Actual Startup Time": 4.381,"Actual Total Time": 345.433,"Actual Rows": 13167,"Actual Loops": 1,"Workers Planned": 4,"Workers Launched": 4,"Single Copy": false,"Plans": [{"Node Type": "Nested Loop","Parent Relationship": "Outer","Parallel Aware": false,"Async Capable": false,"Join Type": "Anti","Startup Cost": 250.01,"Total Cost": 146377.12,"Plan Rows": 1,"Plan Width": 34,"Actual Startup Time": 4.384,"Actual Total Time": 444.967,"Actual Rows": 2633,"Actual Loops": 5,"Inner Unique": false,"Workers": [],"Plans": [{"Node Type": "Hash Join","Parent Relationship": "Outer","Parallel Aware": false,"Async Capable": false,"Join Type": "Inner","Startup Cost": 249.58,"Total Cost": 133581.65,"Plan Rows": 19990,"Plan Width": 34,"Actual Startup Time": 4.142,"Actual Total Time": 356.305,"Actual Rows": 29760,"Actual Loops": 5,"Inner Unique": false,"Hash Cond": "(l1.l_suppkey = supplier.s_suppkey)","Workers": [],"Plans": [{"Node Type": "Seq Scan","Parent Relationship": "Outer","Parallel Aware": true,"Async Capable": false,"Relation Name": "lineitem","Alias": "l1","Startup Cost": 0.00,"Total Cost": 131256.80,"Plan Rows": 500101,"Plan Width": 8,"Actual Startup Time": 0.027,"Actual Total Time": 306.242,"Actual Rows": 758659,"Actual Loops": 5,"Filter": "(l_receiptdate > l_commitdate)","Rows Removed by Filter": 441584,"Workers": []},{"Node Type": "Hash","Parent Relationship": "Inner","Parallel Aware": false,"Async Capable": false,"Startup Cost": 244.58,"Total Cost": 244.58,"Plan Rows": 400,"Plan Width": 30,"Actual Startup Time": 3.834,"Actual Total Time": 3.847,"Actual Rows": 393,"Actual Loops": 5,"Hash Buckets": 1024,"Original Hash Buckets": 1024,"Hash Batches": 1,"Original Hash Batches": 1,"Peak Memory Usage": 33,"Workers": [],"Plans": [{"Node Type": "Nested Loop","Parent Relationship": "Outer","Parallel Aware": false,"Async Capable": false,"Join Type": "Inner","Startup Cost": 7.38,"Total Cost": 244.58,"Plan Rows": 400,"Plan Width": 30,"Actual Startup Time": 0.244,"Actual Total Time": 3.695,"Actual Rows": 393,"Actual Loops": 5,"Inner Unique": false,"Workers": [],"Plans": [{"Node Type": "Seq Scan","Parent Relationship": "Outer","Parallel Aware": false,"Async Capable": false,"Relation Name": "nation","Alias": "nation","Startup Cost": 0.00,"Total Cost": 1.31,"Plan Rows": 1,"Plan Width": 4,"Actual Startup Time": 0.049,"Actual Total Time": 0.055,"Actual Rows": 1,"Actual Loops": 5,"Filter": "(n_name = 'IRAN'::bpchar)","Rows Removed by Filter": 24,"Workers": []},{"Node Type": "Bitmap Heap Scan","Parent Relationship": "Inner","Parallel Aware": false,"Async Capable": false,"Relation Name": "supplier","Alias": "supplier","Startup Cost": 7.38,"Total Cost": 239.27,"Plan Rows": 400,"Plan Width": 34,"Actual Startup Time": 0.188,"Actual Total Time": 3.562,"Actual Rows": 393,"Actual Loops": 5,"Recheck Cond": "(s_nationkey = nation.n_nationkey)","Rows Removed by Index Recheck": 0,"Exact Heap Blocks": 179,"Lossy Heap Blocks": 0,"Workers": [],"Plans": [{"Node Type": "Bitmap Index Scan","Parent Relationship": "Outer","Parallel Aware": false,"Async Capable": false,"Index Name": "idx_supplier_nation_key","Startup Cost": 0.00,"Total Cost": 7.29,"Plan Rows": 400,"Plan Width": 0,"Actual Startup Time": 0.116,"Actual Total Time": 0.118,"Actual Rows": 393,"Actual Loops": 5,"Index Cond": "(s_nationkey = nation.n_nationkey)","Workers": []}]}]}]}]},{"Node Type": "Index Scan","Parent Relationship": "Inner","Parallel Aware": false,"Async Capable": false,"Scan Direction": "Forward","Index Name": "idx_lineitem_orderkey","Relation Name": "lineitem","Alias": "l3","Startup Cost": 0.43,"Total Cost": 1.06,"Plan Rows": 6,"Plan Width": 8,"Actual Startup Time": 0.003,"Actual Total Time": 0.003,"Actual Rows": 1,"Actual Loops": 148802,"Index Cond": "(l_orderkey = l1.l_orderkey)","Rows Removed by Index Recheck": 0,"Filter": "((l_receiptdate > l_commitdate) AND (l_suppkey <> l1.l_suppkey))","Rows Removed by Filter": 1,"Workers": []}]}]},{"Node Type": "Index Scan","Parent Relationship": "Inner","Parallel Aware": false,"Async Capable": false,"Scan Direction": "Forward","Index Name": "idx_lineitem_orderkey","Relation Name": "lineitem","Alias": "l2","Startup Cost": 0.43,"Total Cost": 1.02,"Plan Rows": 17,"Plan Width": 8,"Actual Startup Time": 0.008,"Actual Total Time": 0.008,"Actual Rows": 1,"Actual Loops": 13167,"Index Cond": "(l_orderkey = l1.l_orderkey)","Rows Removed by Index Recheck": 0,"Filter": "(l_suppkey <> l1.l_suppkey)","Rows Removed by Filter": 1}]},{"Node Type": "Index Scan","Parent Relationship": "Inner","Parallel Aware": false,"Async Capable": false,"Scan Direction": "Forward","Index Name": "orders_pkey","Relation Name": "orders","Alias": "orders","Startup Cost": 0.43,"Total Cost": 0.51,"Plan Rows": 1,"Plan Width": 4,"Actual Startup Time": 0.007,"Actual Total Time": 0.007,"Actual Rows": 0,"Actual Loops": 7870,"Index Cond": "(o_orderkey = l1.l_orderkey)","Rows Removed by Index Recheck": 0,"Filter": "(o_orderstatus = 'F'::bpchar)","Rows Removed by Filter": 1}]}]}]}]},"Planning Time": 9.769,"Triggers": [],"Execution Time": 522.666}]
[{"Plan": {"Node Type": "Sort","Parallel Aware": false,"Async Capable": false,"Startup Cost": 147378.80,"Total Cost": 147378.81,"Plan Rows": 1,"Plan Width": 34,"Actual Startup Time": 503.423,"Actual Total Time": 521.004,"Actual Rows": 406,"Actual Loops": 1,"Sort Key": ["(count(*)) DESC", "supplier.s_name"],"Sort Method": "quicksort","Sort Space Used": 56,"Sort Space Type": "Memory","Plans": [{"Node Type": "Aggregate","Strategy": "Sorted","Partial Mode": "Simple","Parent Relationship": "Outer","Parallel Aware": false,"Async Capable": false,"Startup Cost": 147378.77,"Total Cost": 147378.79,"Plan Rows": 1,"Plan Width": 34,"Actual Startup Time": 502.176,"Actual Total Time": 520.280,"Actual Rows": 406,"Actual Loops": 1,"Group Key": ["supplier.s_name"],"Plans": [{"Node Type": "Sort","Parent Relationship": "Outer","Parallel Aware": false,"Async Capable": false,"Startup Cost": 147378.77,"Total Cost": 147378.78,"Plan Rows": 1,"Plan Width": 26,"Actual Startup Time": 502.147,"Actual Total Time": 519.852,"Actual Rows": 4052,"Actual Loops": 1,"Sort Key": ["supplier.s_name"],"Sort Method": "quicksort","Sort Space Used": 381,"Sort Space Type": "Memory","Plans": [{"Node Type": "Nested Loop","Parent Relationship": "Outer","Parallel Aware": false,"Async Capable": false,"Join Type": "Inner","Startup Cost": 1250.87,"Total Cost": 147378.76,"Plan Rows": 1,"Plan Width": 26,"Actual Startup Time": 4.486,"Actual Total Time": 508.290,"Actual Rows": 4052,"Actual Loops": 1,"Inner Unique": true,"Plans": [{"Node Type": "Nested Loop","Parent Relationship": "Outer","Parallel Aware": false,"Async Capable": false,"Join Type": "Semi","Startup Cost": 1250.44,"Total Cost": 147378.26,"Plan Rows": 1,"Plan Width": 34,"Actual Startup Time": 4.452,"Actual Total Time": 441.127,"Actual Rows": 8332,"Actual Loops": 1,"Inner Unique": false,"Plans": [{"Node Type": "Gather","Parent Relationship": "Outer","Parallel Aware": false,"Async Capable": false,"Startup Cost": 1250.01,"Total Cost": 147377.22,"Plan Rows": 1,"Plan Width": 34,"Actual Startup Time": 4.440,"Actual Total Time": 331.994,"Actual Rows": 13791,"Actual Loops": 1,"Workers Planned": 4,"Workers Launched": 4,"Single Copy": false,"Plans": [{"Node Type": "Nested Loop","Parent Relationship": "Outer","Parallel Aware": false,"Async Capable": false,"Join Type": "Anti","Startup Cost": 250.01,"Total Cost": 146377.12,"Plan Rows": 1,"Plan Width": 34,"Actual Startup Time": 4.624,"Actual Total Time": 442.937,"Actual Rows": 2758,"Actual Loops": 5,"Inner Unique": false,"Workers": [],"Plans": [{"Node Type": "Hash Join","Parent Relationship": "Outer","Parallel Aware": false,"Async Capable": false,"Join Type": "Inner","Startup Cost": 249.58,"Total Cost": 133581.65,"Plan Rows": 19990,"Plan Width": 34,"Actual Startup Time": 4.481,"Actual Total Time": 353.409,"Actual Rows": 30900,"Actual Loops": 5,"Inner Unique": false,"Hash Cond": "(l1.l_suppkey = supplier.s_suppkey)","Workers": [],"Plans": [{"Node Type": "Seq Scan","Parent Relationship": "Outer","Parallel Aware": true,"Async Capable": false,"Relation Name": "lineitem","Alias": "l1","Startup Cost": 0.00,"Total Cost": 131256.80,"Plan Rows": 500101,"Plan Width": 8,"Actual Startup Time": 0.029,"Actual Total Time": 301.270,"Actual Rows": 758659,"Actual Loops": 5,"Filter": "(l_receiptdate > l_commitdate)","Rows Removed by Filter": 441584,"Workers": []},{"Node Type": "Hash","Parent Relationship": "Inner","Parallel Aware": false,"Async Capable": false,"Startup Cost": 244.58,"Total Cost": 244.58,"Plan Rows": 400,"Plan Width": 30,"Actual Startup Time": 4.105,"Actual Total Time": 4.114,"Actual Rows": 406,"Actual Loops": 5,"Hash Buckets": 1024,"Original Hash Buckets": 1024,"Hash Batches": 1,"Original Hash Batches": 1,"Peak Memory Usage": 34,"Workers": [],"Plans": [{"Node Type": "Nested Loop","Parent Relationship": "Outer","Parallel Aware": false,"Async Capable": false,"Join Type": "Inner","Startup Cost": 7.38,"Total Cost": 244.58,"Plan Rows": 400,"Plan Width": 30,"Actual Startup Time": 0.252,"Actual Total Time": 3.975,"Actual Rows": 406,"Actual Loops": 5,"Inner Unique": false,"Workers": [],"Plans": [{"Node Type": "Seq Scan","Parent Relationship": "Outer","Parallel Aware": false,"Async Capable": false,"Relation Name": "nation","Alias": "nation","Startup Cost": 0.00,"Total Cost": 1.31,"Plan Rows": 1,"Plan Width": 4,"Actual Startup Time": 0.055,"Actual Total Time": 0.058,"Actual Rows": 1,"Actual Loops": 5,"Filter": "(n_name = 'MOZAMBIQUE'::bpchar)","Rows Removed by Filter": 24,"Workers": []},{"Node Type": "Bitmap Heap Scan","Parent Relationship": "Inner","Parallel Aware": false,"Async Capable": false,"Relation Name": "supplier","Alias": "supplier","Startup Cost": 7.38,"Total Cost": 239.27,"Plan Rows": 400,"Plan Width": 34,"Actual Startup Time": 0.193,"Actual Total Time": 3.854,"Actual Rows": 406,"Actual Loops": 5,"Recheck Cond": "(s_nationkey = nation.n_nationkey)","Rows Removed by Index Recheck": 0,"Exact Heap Blocks": 186,"Lossy Heap Blocks": 0,"Workers": [],"Plans": [{"Node Type": "Bitmap Index Scan","Parent Relationship": "Outer","Parallel Aware": false,"Async Capable": false,"Index Name": "idx_supplier_nation_key","Startup Cost": 0.00,"Total Cost": 7.29,"Plan Rows": 400,"Plan Width": 0,"Actual Startup Time": 0.125,"Actual Total Time": 0.126,"Actual Rows": 406,"Actual Loops": 5,"Index Cond": "(s_nationkey = nation.n_nationkey)","Workers": []}]}]}]}]},{"Node Type": "Index Scan","Parent Relationship": "Inner","Parallel Aware": false,"Async Capable": false,"Scan Direction": "Forward","Index Name": "idx_lineitem_orderkey","Relation Name": "lineitem","Alias": "l3","Startup Cost": 0.43,"Total Cost": 1.06,"Plan Rows": 6,"Plan Width": 8,"Actual Startup Time": 0.003,"Actual Total Time": 0.003,"Actual Rows": 1,"Actual Loops": 154501,"Index Cond": "(l_orderkey = l1.l_orderkey)","Rows Removed by Index Recheck": 0,"Filter": "((l_receiptdate > l_commitdate) AND (l_suppkey <> l1.l_suppkey))","Rows Removed by Filter": 1,"Workers": []}]}]},{"Node Type": "Index Scan","Parent Relationship": "Inner","Parallel Aware": false,"Async Capable": false,"Scan Direction": "Forward","Index Name": "idx_lineitem_orderkey","Relation Name": "lineitem","Alias": "l2","Startup Cost": 0.43,"Total Cost": 1.02,"Plan Rows": 17,"Plan Width": 8,"Actual Startup Time": 0.007,"Actual Total Time": 0.007,"Actual Rows": 1,"Actual Loops": 13791,"Index Cond": "(l_orderkey = l1.l_orderkey)","Rows Removed by Index Recheck": 0,"Filter": "(l_suppkey <> l1.l_suppkey)","Rows Removed by Filter": 1}]},{"Node Type": "Index Scan","Parent Relationship": "Inner","Parallel Aware": false,"Async Capable": false,"Scan Direction": "Forward","Index Name": "orders_pkey","Relation Name": "orders","Alias": "orders","Startup Cost": 0.43,"Total Cost": 0.51,"Plan Rows": 1,"Plan Width": 4,"Actual Startup Time": 0.008,"Actual Total Time": 0.008,"Actual Rows": 0,"Actual Loops": 8332,"Index Cond": "(o_orderkey = l1.l_orderkey)","Rows Removed by Index Recheck": 0,"Filter": "(o_orderstatus = 'F'::bpchar)","Rows Removed by Filter": 1}]}]}]}]},"Planning Time": 9.793,"Triggers": [],"Execution Time": 521.577}]
[{"Plan": {"Node Type": "Sort","Parallel Aware": false,"Async Capable": false,"Startup Cost": 147378.80,"Total Cost": 147378.81,"Plan Rows": 1,"Plan Width": 34,"Actual Startup Time": 492.880,"Actual Total Time": 511.387,"Actual Rows": 377,"Actual Loops": 1,"Sort Key": ["(count(*)) DESC", "supplier.s_name"],"Sort Method": "quicksort","Sort Space Used": 54,"Sort Space Type": "Memory","Plans": [{"Node Type": "Aggregate","Strategy": "Sorted","Partial Mode": "Simple","Parent Relationship": "Outer","Parallel Aware": false,"Async Capable": false,"Startup Cost": 147378.77,"Total Cost": 147378.79,"Plan Rows": 1,"Plan Width": 34,"Actual Startup Time": 491.719,"Actual Total Time": 510.711,"Actual Rows": 377,"Actual Loops": 1,"Group Key": ["supplier.s_name"],"Plans": [{"Node Type": "Sort","Parent Relationship": "Outer","Parallel Aware": false,"Async Capable": false,"Startup Cost": 147378.77,"Total Cost": 147378.78,"Plan Rows": 1,"Plan Width": 26,"Actual Startup Time": 491.689,"Actual Total Time": 510.309,"Actual Rows": 3707,"Actual Loops": 1,"Sort Key": ["supplier.s_name"],"Sort Method": "quicksort","Sort Space Used": 357,"Sort Space Type": "Memory","Plans": [{"Node Type": "Nested Loop","Parent Relationship": "Outer","Parallel Aware": false,"Async Capable": false,"Join Type": "Inner","Startup Cost": 1250.87,"Total Cost": 147378.76,"Plan Rows": 1,"Plan Width": 26,"Actual Startup Time": 4.620,"Actual Total Time": 499.542,"Actual Rows": 3707,"Actual Loops": 1,"Inner Unique": true,"Plans": [{"Node Type": "Nested Loop","Parent Relationship": "Outer","Parallel Aware": false,"Async Capable": false,"Join Type": "Semi","Startup Cost": 1250.44,"Total Cost": 147378.26,"Plan Rows": 1,"Plan Width": 34,"Actual Startup Time": 4.581,"Actual Total Time": 437.361,"Actual Rows": 7590,"Actual Loops": 1,"Inner Unique": false,"Plans": [{"Node Type": "Gather","Parent Relationship": "Outer","Parallel Aware": false,"Async Capable": false,"Startup Cost": 1250.01,"Total Cost": 147377.22,"Plan Rows": 1,"Plan Width": 34,"Actual Startup Time": 4.430,"Actual Total Time": 334.305,"Actual Rows": 12724,"Actual Loops": 1,"Workers Planned": 4,"Workers Launched": 4,"Single Copy": false,"Plans": [{"Node Type": "Nested Loop","Parent Relationship": "Outer","Parallel Aware": false,"Async Capable": false,"Join Type": "Anti","Startup Cost": 250.01,"Total Cost": 146377.12,"Plan Rows": 1,"Plan Width": 34,"Actual Startup Time": 5.283,"Actual Total Time": 435.218,"Actual Rows": 2545,"Actual Loops": 5,"Inner Unique": false,"Workers": [],"Plans": [{"Node Type": "Hash Join","Parent Relationship": "Outer","Parallel Aware": false,"Async Capable": false,"Join Type": "Inner","Startup Cost": 249.58,"Total Cost": 133581.65,"Plan Rows": 19990,"Plan Width": 34,"Actual Startup Time": 4.967,"Actual Total Time": 350.606,"Actual Rows": 28669,"Actual Loops": 5,"Inner Unique": false,"Hash Cond": "(l1.l_suppkey = supplier.s_suppkey)","Workers": [],"Plans": [{"Node Type": "Seq Scan","Parent Relationship": "Outer","Parallel Aware": true,"Async Capable": false,"Relation Name": "lineitem","Alias": "l1","Startup Cost": 0.00,"Total Cost": 131256.80,"Plan Rows": 500101,"Plan Width": 8,"Actual Startup Time": 0.028,"Actual Total Time": 300.375,"Actual Rows": 758659,"Actual Loops": 5,"Filter": "(l_receiptdate > l_commitdate)","Rows Removed by Filter": 441584,"Workers": []},{"Node Type": "Hash","Parent Relationship": "Inner","Parallel Aware": false,"Async Capable": false,"Startup Cost": 244.58,"Total Cost": 244.58,"Plan Rows": 400,"Plan Width": 30,"Actual Startup Time": 4.611,"Actual Total Time": 4.626,"Actual Rows": 377,"Actual Loops": 5,"Hash Buckets": 1024,"Original Hash Buckets": 1024,"Hash Batches": 1,"Original Hash Batches": 1,"Peak Memory Usage": 32,"Workers": [],"Plans": [{"Node Type": "Nested Loop","Parent Relationship": "Outer","Parallel Aware": false,"Async Capable": false,"Join Type": "Inner","Startup Cost": 7.38,"Total Cost": 244.58,"Plan Rows": 400,"Plan Width": 30,"Actual Startup Time": 0.296,"Actual Total Time": 4.444,"Actual Rows": 377,"Actual Loops": 5,"Inner Unique": false,"Workers": [],"Plans": [{"Node Type": "Seq Scan","Parent Relationship": "Outer","Parallel Aware": false,"Async Capable": false,"Relation Name": "nation","Alias": "nation","Startup Cost": 0.00,"Total Cost": 1.31,"Plan Rows": 1,"Plan Width": 4,"Actual Startup Time": 0.056,"Actual Total Time": 0.065,"Actual Rows": 1,"Actual Loops": 5,"Filter": "(n_name = 'JAPAN'::bpchar)","Rows Removed by Filter": 24,"Workers": []},{"Node Type": "Bitmap Heap Scan","Parent Relationship": "Inner","Parallel Aware": false,"Async Capable": false,"Relation Name": "supplier","Alias": "supplier","Startup Cost": 7.38,"Total Cost": 239.27,"Plan Rows": 400,"Plan Width": 34,"Actual Startup Time": 0.234,"Actual Total Time": 4.286,"Actual Rows": 377,"Actual Loops": 5,"Recheck Cond": "(s_nationkey = nation.n_nationkey)","Rows Removed by Index Recheck": 0,"Exact Heap Blocks": 180,"Lossy Heap Blocks": 0,"Workers": [],"Plans": [{"Node Type": "Bitmap Index Scan","Parent Relationship": "Outer","Parallel Aware": false,"Async Capable": false,"Index Name": "idx_supplier_nation_key","Startup Cost": 0.00,"Total Cost": 7.29,"Plan Rows": 400,"Plan Width": 0,"Actual Startup Time": 0.148,"Actual Total Time": 0.149,"Actual Rows": 377,"Actual Loops": 5,"Index Cond": "(s_nationkey = nation.n_nationkey)","Workers": []}]}]}]}]},{"Node Type": "Index Scan","Parent Relationship": "Inner","Parallel Aware": false,"Async Capable": false,"Scan Direction": "Forward","Index Name": "idx_lineitem_orderkey","Relation Name": "lineitem","Alias": "l3","Startup Cost": 0.43,"Total Cost": 1.06,"Plan Rows": 6,"Plan Width": 8,"Actual Startup Time": 0.003,"Actual Total Time": 0.003,"Actual Rows": 1,"Actual Loops": 143344,"Index Cond": "(l_orderkey = l1.l_orderkey)","Rows Removed by Index Recheck": 0,"Filter": "((l_receiptdate > l_commitdate) AND (l_suppkey <> l1.l_suppkey))","Rows Removed by Filter": 1,"Workers": []}]}]},{"Node Type": "Index Scan","Parent Relationship": "Inner","Parallel Aware": false,"Async Capable": false,"Scan Direction": "Forward","Index Name": "idx_lineitem_orderkey","Relation Name": "lineitem","Alias": "l2","Startup Cost": 0.43,"Total Cost": 1.02,"Plan Rows": 17,"Plan Width": 8,"Actual Startup Time": 0.008,"Actual Total Time": 0.008,"Actual Rows": 1,"Actual Loops": 12724,"Index Cond": "(l_orderkey = l1.l_orderkey)","Rows Removed by Index Recheck": 0,"Filter": "(l_suppkey <> l1.l_suppkey)","Rows Removed by Filter": 1}]},{"Node Type": "Index Scan","Parent Relationship": "Inner","Parallel Aware": false,"Async Capable": false,"Scan Direction": "Forward","Index Name": "orders_pkey","Relation Name": "orders","Alias": "orders","Startup Cost": 0.43,"Total Cost": 0.51,"Plan Rows": 1,"Plan Width": 4,"Actual Startup Time": 0.008,"Actual Total Time": 0.008,"Actual Rows": 0,"Actual Loops": 7590,"Index Cond": "(o_orderkey = l1.l_orderkey)","Rows Removed by Index Recheck": 0,"Filter": "(o_orderstatus = 'F'::bpchar)","Rows Removed by Filter": 1}]}]}]}]},"Planning Time": 9.583,"Triggers": [],"Execution Time": 511.800}]
[{"Plan": {"Node Type": "Sort","Parallel Aware": false,"Async Capable": false,"Startup Cost": 147378.80,"Total Cost": 147378.81,"Plan Rows": 1,"Plan Width": 34,"Actual Startup Time": 494.346,"Actual Total Time": 515.587,"Actual Rows": 393,"Actual Loops": 1,"Sort Key": ["(count(*)) DESC", "supplier.s_name"],"Sort Method": "quicksort","Sort Space Used": 55,"Sort Space Type": "Memory","Plans": [{"Node Type": "Aggregate","Strategy": "Sorted","Partial Mode": "Simple","Parent Relationship": "Outer","Parallel Aware": false,"Async Capable": false,"Startup Cost": 147378.77,"Total Cost": 147378.79,"Plan Rows": 1,"Plan Width": 34,"Actual Startup Time": 493.176,"Actual Total Time": 514.919,"Actual Rows": 393,"Actual Loops": 1,"Group Key": ["supplier.s_name"],"Plans": [{"Node Type": "Sort","Parent Relationship": "Outer","Parallel Aware": false,"Async Capable": false,"Startup Cost": 147378.77,"Total Cost": 147378.78,"Plan Rows": 1,"Plan Width": 26,"Actual Startup Time": 493.153,"Actual Total Time": 514.517,"Actual Rows": 3918,"Actual Loops": 1,"Sort Key": ["supplier.s_name"],"Sort Method": "quicksort","Sort Space Used": 372,"Sort Space Type": "Memory","Plans": [{"Node Type": "Nested Loop","Parent Relationship": "Outer","Parallel Aware": false,"Async Capable": false,"Join Type": "Inner","Startup Cost": 1250.87,"Total Cost": 147378.76,"Plan Rows": 1,"Plan Width": 26,"Actual Startup Time": 5.562,"Actual Total Time": 503.525,"Actual Rows": 3918,"Actual Loops": 1,"Inner Unique": true,"Plans": [{"Node Type": "Nested Loop","Parent Relationship": "Outer","Parallel Aware": false,"Async Capable": false,"Join Type": "Semi","Startup Cost": 1250.44,"Total Cost": 147378.26,"Plan Rows": 1,"Plan Width": 34,"Actual Startup Time": 5.515,"Actual Total Time": 439.510,"Actual Rows": 8028,"Actual Loops": 1,"Inner Unique": false,"Plans": [{"Node Type": "Gather","Parent Relationship": "Outer","Parallel Aware": false,"Async Capable": false,"Startup Cost": 1250.01,"Total Cost": 147377.22,"Plan Rows": 1,"Plan Width": 34,"Actual Startup Time": 4.155,"Actual Total Time": 333.265,"Actual Rows": 13416,"Actual Loops": 1,"Workers Planned": 4,"Workers Launched": 4,"Single Copy": false,"Plans": [{"Node Type": "Nested Loop","Parent Relationship": "Outer","Parallel Aware": false,"Async Capable": false,"Join Type": "Anti","Startup Cost": 250.01,"Total Cost": 146377.12,"Plan Rows": 1,"Plan Width": 34,"Actual Startup Time": 4.167,"Actual Total Time": 438.104,"Actual Rows": 2683,"Actual Loops": 5,"Inner Unique": false,"Workers": [],"Plans": [{"Node Type": "Hash Join","Parent Relationship": "Outer","Parallel Aware": false,"Async Capable": false,"Join Type": "Inner","Startup Cost": 249.58,"Total Cost": 133581.65,"Plan Rows": 19990,"Plan Width": 34,"Actual Startup Time": 4.021,"Actual Total Time": 350.831,"Actual Rows": 29888,"Actual Loops": 5,"Inner Unique": false,"Hash Cond": "(l1.l_suppkey = supplier.s_suppkey)","Workers": [],"Plans": [{"Node Type": "Seq Scan","Parent Relationship": "Outer","Parallel Aware": true,"Async Capable": false,"Relation Name": "lineitem","Alias": "l1","Startup Cost": 0.00,"Total Cost": 131256.80,"Plan Rows": 500101,"Plan Width": 8,"Actual Startup Time": 0.026,"Actual Total Time": 301.034,"Actual Rows": 758659,"Actual Loops": 5,"Filter": "(l_receiptdate > l_commitdate)","Rows Removed by Filter": 441584,"Workers": []},{"Node Type": "Hash","Parent Relationship": "Inner","Parallel Aware": false,"Async Capable": false,"Startup Cost": 244.58,"Total Cost": 244.58,"Plan Rows": 400,"Plan Width": 30,"Actual Startup Time": 3.677,"Actual Total Time": 3.687,"Actual Rows": 393,"Actual Loops": 5,"Hash Buckets": 1024,"Original Hash Buckets": 1024,"Hash Batches": 1,"Original Hash Batches": 1,"Peak Memory Usage": 33,"Workers": [],"Plans": [{"Node Type": "Nested Loop","Parent Relationship": "Outer","Parallel Aware": false,"Async Capable": false,"Join Type": "Inner","Startup Cost": 7.38,"Total Cost": 244.58,"Plan Rows": 400,"Plan Width": 30,"Actual Startup Time": 0.289,"Actual Total Time": 3.533,"Actual Rows": 393,"Actual Loops": 5,"Inner Unique": false,"Workers": [],"Plans": [{"Node Type": "Seq Scan","Parent Relationship": "Outer","Parallel Aware": false,"Async Capable": false,"Relation Name": "nation","Alias": "nation","Startup Cost": 0.00,"Total Cost": 1.31,"Plan Rows": 1,"Plan Width": 4,"Actual Startup Time": 0.064,"Actual Total Time": 0.066,"Actual Rows": 1,"Actual Loops": 5,"Filter": "(n_name = 'UNITED STATES'::bpchar)","Rows Removed by Filter": 24,"Workers": []},{"Node Type": "Bitmap Heap Scan","Parent Relationship": "Inner","Parallel Aware": false,"Async Capable": false,"Relation Name": "supplier","Alias": "supplier","Startup Cost": 7.38,"Total Cost": 239.27,"Plan Rows": 400,"Plan Width": 34,"Actual Startup Time": 0.219,"Actual Total Time": 3.401,"Actual Rows": 393,"Actual Loops": 5,"Recheck Cond": "(s_nationkey = nation.n_nationkey)","Rows Removed by Index Recheck": 0,"Exact Heap Blocks": 181,"Lossy Heap Blocks": 0,"Workers": [],"Plans": [{"Node Type": "Bitmap Index Scan","Parent Relationship": "Outer","Parallel Aware": false,"Async Capable": false,"Index Name": "idx_supplier_nation_key","Startup Cost": 0.00,"Total Cost": 7.29,"Plan Rows": 400,"Plan Width": 0,"Actual Startup Time": 0.141,"Actual Total Time": 0.143,"Actual Rows": 393,"Actual Loops": 5,"Index Cond": "(s_nationkey = nation.n_nationkey)","Workers": []}]}]}]}]},{"Node Type": "Index Scan","Parent Relationship": "Inner","Parallel Aware": false,"Async Capable": false,"Scan Direction": "Forward","Index Name": "idx_lineitem_orderkey","Relation Name": "lineitem","Alias": "l3","Startup Cost": 0.43,"Total Cost": 1.06,"Plan Rows": 6,"Plan Width": 8,"Actual Startup Time": 0.003,"Actual Total Time": 0.003,"Actual Rows": 1,"Actual Loops": 149442,"Index Cond": "(l_orderkey = l1.l_orderkey)","Rows Removed by Index Recheck": 0,"Filter": "((l_receiptdate > l_commitdate) AND (l_suppkey <> l1.l_suppkey))","Rows Removed by Filter": 1,"Workers": []}]}]},{"Node Type": "Index Scan","Parent Relationship": "Inner","Parallel Aware": false,"Async Capable": false,"Scan Direction": "Forward","Index Name": "idx_lineitem_orderkey","Relation Name": "lineitem","Alias": "l2","Startup Cost": 0.43,"Total Cost": 1.02,"Plan Rows": 17,"Plan Width": 8,"Actual Startup Time": 0.007,"Actual Total Time": 0.007,"Actual Rows": 1,"Actual Loops": 13416,"Index Cond": "(l_orderkey = l1.l_orderkey)","Rows Removed by Index Recheck": 0,"Filter": "(l_suppkey <> l1.l_suppkey)","Rows Removed by Filter": 1}]},{"Node Type": "Index Scan","Parent Relationship": "Inner","Parallel Aware": false,"Async Capable": false,"Scan Direction": "Forward","Index Name": "orders_pkey","Relation Name": "orders","Alias": "orders","Startup Cost": 0.43,"Total Cost": 0.51,"Plan Rows": 1,"Plan Width": 4,"Actual Startup Time": 0.008,"Actual Total Time": 0.008,"Actual Rows": 0,"Actual Loops": 8028,"Index Cond": "(o_orderkey = l1.l_orderkey)","Rows Removed by Index Recheck": 0,"Filter": "(o_orderstatus = 'F'::bpchar)","Rows Removed by Filter": 1}]}]}]}]},"Planning Time": 9.767,"Triggers": [],"Execution Time": 516.024}]
[{"Plan": {"Node Type": "Sort","Parallel Aware": false,"Async Capable": false,"Startup Cost": 147378.80,"Total Cost": 147378.81,"Plan Rows": 1,"Plan Width": 34,"Actual Startup Time": 500.228,"Actual Total Time": 519.082,"Actual Rows": 412,"Actual Loops": 1,"Sort Key": ["(count(*)) DESC", "supplier.s_name"],"Sort Method": "quicksort","Sort Space Used": 57,"Sort Space Type": "Memory","Plans": [{"Node Type": "Aggregate","Strategy": "Sorted","Partial Mode": "Simple","Parent Relationship": "Outer","Parallel Aware": false,"Async Capable": false,"Startup Cost": 147378.77,"Total Cost": 147378.79,"Plan Rows": 1,"Plan Width": 34,"Actual Startup Time": 498.981,"Actual Total Time": 518.359,"Actual Rows": 412,"Actual Loops": 1,"Group Key": ["supplier.s_name"],"Plans": [{"Node Type": "Sort","Parent Relationship": "Outer","Parallel Aware": false,"Async Capable": false,"Startup Cost": 147378.77,"Total Cost": 147378.78,"Plan Rows": 1,"Plan Width": 26,"Actual Startup Time": 498.949,"Actual Total Time": 517.928,"Actual Rows": 4030,"Actual Loops": 1,"Sort Key": ["supplier.s_name"],"Sort Method": "quicksort","Sort Space Used": 380,"Sort Space Type": "Memory","Plans": [{"Node Type": "Nested Loop","Parent Relationship": "Outer","Parallel Aware": false,"Async Capable": false,"Join Type": "Inner","Startup Cost": 1250.87,"Total Cost": 147378.76,"Plan Rows": 1,"Plan Width": 26,"Actual Startup Time": 4.020,"Actual Total Time": 506.052,"Actual Rows": 4030,"Actual Loops": 1,"Inner Unique": true,"Plans": [{"Node Type": "Nested Loop","Parent Relationship": "Outer","Parallel Aware": false,"Async Capable": false,"Join Type": "Semi","Startup Cost": 1250.44,"Total Cost": 147378.26,"Plan Rows": 1,"Plan Width": 34,"Actual Startup Time": 3.993,"Actual Total Time": 443.011,"Actual Rows": 8146,"Actual Loops": 1,"Inner Unique": false,"Plans": [{"Node Type": "Gather","Parent Relationship": "Outer","Parallel Aware": false,"Async Capable": false,"Startup Cost": 1250.01,"Total Cost": 147377.22,"Plan Rows": 1,"Plan Width": 34,"Actual Startup Time": 3.980,"Actual Total Time": 336.738,"Actual Rows": 13748,"Actual Loops": 1,"Workers Planned": 4,"Workers Launched": 4,"Single Copy": false,"Plans": [{"Node Type": "Nested Loop","Parent Relationship": "Outer","Parallel Aware": false,"Async Capable": false,"Join Type": "Anti","Startup Cost": 250.01,"Total Cost": 146377.12,"Plan Rows": 1,"Plan Width": 34,"Actual Startup Time": 4.569,"Actual Total Time": 441.712,"Actual Rows": 2750,"Actual Loops": 5,"Inner Unique": false,"Workers": [],"Plans": [{"Node Type": "Hash Join","Parent Relationship": "Outer","Parallel Aware": false,"Async Capable": false,"Join Type": "Inner","Startup Cost": 249.58,"Total Cost": 133581.65,"Plan Rows": 19990,"Plan Width": 34,"Actual Startup Time": 4.262,"Actual Total Time": 350.942,"Actual Rows": 31209,"Actual Loops": 5,"Inner Unique": false,"Hash Cond": "(l1.l_suppkey = supplier.s_suppkey)","Workers": [],"Plans": [{"Node Type": "Seq Scan","Parent Relationship": "Outer","Parallel Aware": true,"Async Capable": false,"Relation Name": "lineitem","Alias": "l1","Startup Cost": 0.00,"Total Cost": 131256.80,"Plan Rows": 500101,"Plan Width": 8,"Actual Startup Time": 0.026,"Actual Total Time": 299.296,"Actual Rows": 758659,"Actual Loops": 5,"Filter": "(l_receiptdate > l_commitdate)","Rows Removed by Filter": 441584,"Workers": []},{"Node Type": "Hash","Parent Relationship": "Inner","Parallel Aware": false,"Async Capable": false,"Startup Cost": 244.58,"Total Cost": 244.58,"Plan Rows": 400,"Plan Width": 30,"Actual Startup Time": 3.907,"Actual Total Time": 3.918,"Actual Rows": 412,"Actual Loops": 5,"Hash Buckets": 1024,"Original Hash Buckets": 1024,"Hash Batches": 1,"Original Hash Batches": 1,"Peak Memory Usage": 34,"Workers": [],"Plans": [{"Node Type": "Nested Loop","Parent Relationship": "Outer","Parallel Aware": false,"Async Capable": false,"Join Type": "Inner","Startup Cost": 7.38,"Total Cost": 244.58,"Plan Rows": 400,"Plan Width": 30,"Actual Startup Time": 0.286,"Actual Total Time": 3.756,"Actual Rows": 412,"Actual Loops": 5,"Inner Unique": false,"Workers": [],"Plans": [{"Node Type": "Seq Scan","Parent Relationship": "Outer","Parallel Aware": false,"Async Capable": false,"Relation Name": "nation","Alias": "nation","Startup Cost": 0.00,"Total Cost": 1.31,"Plan Rows": 1,"Plan Width": 4,"Actual Startup Time": 0.059,"Actual Total Time": 0.064,"Actual Rows": 1,"Actual Loops": 5,"Filter": "(n_name = 'CANADA'::bpchar)","Rows Removed by Filter": 24,"Workers": []},{"Node Type": "Bitmap Heap Scan","Parent Relationship": "Inner","Parallel Aware": false,"Async Capable": false,"Relation Name": "supplier","Alias": "supplier","Startup Cost": 7.38,"Total Cost": 239.27,"Plan Rows": 400,"Plan Width": 34,"Actual Startup Time": 0.222,"Actual Total Time": 3.623,"Actual Rows": 412,"Actual Loops": 5,"Recheck Cond": "(s_nationkey = nation.n_nationkey)","Rows Removed by Index Recheck": 0,"Exact Heap Blocks": 189,"Lossy Heap Blocks": 0,"Workers": [],"Plans": [{"Node Type": "Bitmap Index Scan","Parent Relationship": "Outer","Parallel Aware": false,"Async Capable": false,"Index Name": "idx_supplier_nation_key","Startup Cost": 0.00,"Total Cost": 7.29,"Plan Rows": 400,"Plan Width": 0,"Actual Startup Time": 0.144,"Actual Total Time": 0.145,"Actual Rows": 412,"Actual Loops": 5,"Index Cond": "(s_nationkey = nation.n_nationkey)","Workers": []}]}]}]}]},{"Node Type": "Index Scan","Parent Relationship": "Inner","Parallel Aware": false,"Async Capable": false,"Scan Direction": "Forward","Index Name": "idx_lineitem_orderkey","Relation Name": "lineitem","Alias": "l3","Startup Cost": 0.43,"Total Cost": 1.06,"Plan Rows": 6,"Plan Width": 8,"Actual Startup Time": 0.003,"Actual Total Time": 0.003,"Actual Rows": 1,"Actual Loops": 156047,"Index Cond": "(l_orderkey = l1.l_orderkey)","Rows Removed by Index Recheck": 0,"Filter": "((l_receiptdate > l_commitdate) AND (l_suppkey <> l1.l_suppkey))","Rows Removed by Filter": 1,"Workers": []}]}]},{"Node Type": "Index Scan","Parent Relationship": "Inner","Parallel Aware": false,"Async Capable": false,"Scan Direction": "Forward","Index Name": "idx_lineitem_orderkey","Relation Name": "lineitem","Alias": "l2","Startup Cost": 0.43,"Total Cost": 1.02,"Plan Rows": 17,"Plan Width": 8,"Actual Startup Time": 0.007,"Actual Total Time": 0.007,"Actual Rows": 1,"Actual Loops": 13748,"Index Cond": "(l_orderkey = l1.l_orderkey)","Rows Removed by Index Recheck": 0,"Filter": "(l_suppkey <> l1.l_suppkey)","Rows Removed by Filter": 1}]},{"Node Type": "Index Scan","Parent Relationship": "Inner","Parallel Aware": false,"Async Capable": false,"Scan Direction": "Forward","Index Name": "orders_pkey","Relation Name": "orders","Alias": "orders","Startup Cost": 0.43,"Total Cost": 0.51,"Plan Rows": 1,"Plan Width": 4,"Actual Startup Time": 0.007,"Actual Total Time": 0.007,"Actual Rows": 0,"Actual Loops": 8146,"Index Cond": "(o_orderkey = l1.l_orderkey)","Rows Removed by Index Recheck": 0,"Filter": "(o_orderstatus = 'F'::bpchar)","Rows Removed by Filter": 1}]}]}]}]},"Planning Time": 9.689,"Triggers": [],"Execution Time": 519.513}]
[{"Plan": {"Node Type": "Sort","Parallel Aware": false,"Async Capable": false,"Startup Cost": 147378.80,"Total Cost": 147378.81,"Plan Rows": 1,"Plan Width": 34,"Actual Startup Time": 503.423,"Actual Total Time": 521.004,"Actual Rows": 406,"Actual Loops": 1,"Sort Key": ["(count(*)) DESC", "supplier.s_name"],"Sort Method": "quicksort","Sort Space Used": 56,"Sort Space Type": "Memory","Plans": [{"Node Type": "Aggregate","Strategy": "Sorted","Partial Mode": "Simple","Parent Relationship": "Outer","Parallel Aware": false,"Async Capable": false,"Startup Cost": 147378.77,"Total Cost": 147378.79,"Plan Rows": 1,"Plan Width": 34,"Actual Startup Time": 502.176,"Actual Total Time": 520.280,"Actual Rows": 406,"Actual Loops": 1,"Group Key": ["supplier.s_name"],"Plans": [{"Node Type": "Sort","Parent Relationship": "Outer","Parallel Aware": false,"Async Capable": false,"Startup Cost": 147378.77,"Total Cost": 147378.78,"Plan Rows": 1,"Plan Width": 26,"Actual Startup Time": 502.147,"Actual Total Time": 519.852,"Actual Rows": 4052,"Actual Loops": 1,"Sort Key": ["supplier.s_name"],"Sort Method": "quicksort","Sort Space Used": 381,"Sort Space Type": "Memory","Plans": [{"Node Type": "Nested Loop","Parent Relationship": "Outer","Parallel Aware": false,"Async Capable": false,"Join Type": "Inner","Startup Cost": 1250.87,"Total Cost": 147378.76,"Plan Rows": 1,"Plan Width": 26,"Actual Startup Time": 4.486,"Actual Total Time": 508.290,"Actual Rows": 4052,"Actual Loops": 1,"Inner Unique": true,"Plans": [{"Node Type": "Nested Loop","Parent Relationship": "Outer","Parallel Aware": false,"Async Capable": false,"Join Type": "Semi","Startup Cost": 1250.44,"Total Cost": 147378.26,"Plan Rows": 1,"Plan Width": 34,"Actual Startup Time": 4.452,"Actual Total Time": 441.127,"Actual Rows": 8332,"Actual Loops": 1,"Inner Unique": false,"Plans": [{"Node Type": "Gather","Parent Relationship": "Outer","Parallel Aware": false,"Async Capable": false,"Startup Cost": 1250.01,"Total Cost": 147377.22,"Plan Rows": 1,"Plan Width": 34,"Actual Startup Time": 4.440,"Actual Total Time": 331.994,"Actual Rows": 13791,"Actual Loops": 1,"Workers Planned": 4,"Workers Launched": 4,"Single Copy": false,"Plans": [{"Node Type": "Nested Loop","Parent Relationship": "Outer","Parallel Aware": false,"Async Capable": false,"Join Type": "Anti","Startup Cost": 250.01,"Total Cost": 146377.12,"Plan Rows": 1,"Plan Width": 34,"Actual Startup Time": 4.624,"Actual Total Time": 442.937,"Actual Rows": 2758,"Actual Loops": 5,"Inner Unique": false,"Workers": [],"Plans": [{"Node Type": "Hash Join","Parent Relationship": "Outer","Parallel Aware": false,"Async Capable": false,"Join Type": "Inner","Startup Cost": 249.58,"Total Cost": 133581.65,"Plan Rows": 19990,"Plan Width": 34,"Actual Startup Time": 4.481,"Actual Total Time": 353.409,"Actual Rows": 30900,"Actual Loops": 5,"Inner Unique": false,"Hash Cond": "(l1.l_suppkey = supplier.s_suppkey)","Workers": [],"Plans": [{"Node Type": "Seq Scan","Parent Relationship": "Outer","Parallel Aware": true,"Async Capable": false,"Relation Name": "lineitem","Alias": "l1","Startup Cost": 0.00,"Total Cost": 131256.80,"Plan Rows": 500101,"Plan Width": 8,"Actual Startup Time": 0.029,"Actual Total Time": 301.270,"Actual Rows": 758659,"Actual Loops": 5,"Filter": "(l_receiptdate > l_commitdate)","Rows Removed by Filter": 441584,"Workers": []},{"Node Type": "Hash","Parent Relationship": "Inner","Parallel Aware": false,"Async Capable": false,"Startup Cost": 244.58,"Total Cost": 244.58,"Plan Rows": 400,"Plan Width": 30,"Actual Startup Time": 4.105,"Actual Total Time": 4.114,"Actual Rows": 406,"Actual Loops": 5,"Hash Buckets": 1024,"Original Hash Buckets": 1024,"Hash Batches": 1,"Original Hash Batches": 1,"Peak Memory Usage": 34,"Workers": [],"Plans": [{"Node Type": "Nested Loop","Parent Relationship": "Outer","Parallel Aware": false,"Async Capable": false,"Join Type": "Inner","Startup Cost": 7.38,"Total Cost": 244.58,"Plan Rows": 400,"Plan Width": 30,"Actual Startup Time": 0.252,"Actual Total Time": 3.975,"Actual Rows": 406,"Actual Loops": 5,"Inner Unique": false,"Workers": [],"Plans": [{"Node Type": "Seq Scan","Parent Relationship": "Outer","Parallel Aware": false,"Async Capable": false,"Relation Name": "nation","Alias": "nation","Startup Cost": 0.00,"Total Cost": 1.31,"Plan Rows": 1,"Plan Width": 4,"Actual Startup Time": 0.055,"Actual Total Time": 0.058,"Actual Rows": 1,"Actual Loops": 5,"Filter": "(n_name = 'MOZAMBIQUE'::bpchar)","Rows Removed by Filter": 24,"Workers": []},{"Node Type": "Bitmap Heap Scan","Parent Relationship": "Inner","Parallel Aware": false,"Async Capable": false,"Relation Name": "supplier","Alias": "supplier","Startup Cost": 7.38,"Total Cost": 239.27,"Plan Rows": 400,"Plan Width": 34,"Actual Startup Time": 0.193,"Actual Total Time": 3.854,"Actual Rows": 406,"Actual Loops": 5,"Recheck Cond": "(s_nationkey = nation.n_nationkey)","Rows Removed by Index Recheck": 0,"Exact Heap Blocks": 186,"Lossy Heap Blocks": 0,"Workers": [],"Plans": [{"Node Type": "Bitmap Index Scan","Parent Relationship": "Outer","Parallel Aware": false,"Async Capable": false,"Index Name": "idx_supplier_nation_key","Startup Cost": 0.00,"Total Cost": 7.29,"Plan Rows": 400,"Plan Width": 0,"Actual Startup Time": 0.125,"Actual Total Time": 0.126,"Actual Rows": 406,"Actual Loops": 5,"Index Cond": "(s_nationkey = nation.n_nationkey)","Workers": []}]}]}]}]},{"Node Type": "Index Scan","Parent Relationship": "Inner","Parallel Aware": false,"Async Capable": false,"Scan Direction": "Forward","Index Name": "idx_lineitem_orderkey","Relation Name": "lineitem","Alias": "l3","Startup Cost": 0.43,"Total Cost": 1.06,"Plan Rows": 6,"Plan Width": 8,"Actual Startup Time": 0.003,"Actual Total Time": 0.003,"Actual Rows": 1,"Actual Loops": 154501,"Index Cond": "(l_orderkey = l1.l_orderkey)","Rows Removed by Index Recheck": 0,"Filter": "((l_receiptdate > l_commitdate) AND (l_suppkey <> l1.l_suppkey))","Rows Removed by Filter": 1,"Workers": []}]}]},{"Node Type": "Index Scan","Parent Relationship": "Inner","Parallel Aware": false,"Async Capable": false,"Scan Direction": "Forward","Index Name": "idx_lineitem_orderkey","Relation Name": "lineitem","Alias": "l2","Startup Cost": 0.43,"Total Cost": 1.02,"Plan Rows": 17,"Plan Width": 8,"Actual Startup Time": 0.007,"Actual Total Time": 0.007,"Actual Rows": 1,"Actual Loops": 13791,"Index Cond": "(l_orderkey = l1.l_orderkey)","Rows Removed by Index Recheck": 0,"Filter": "(l_suppkey <> l1.l_suppkey)","Rows Removed by Filter": 1}]},{"Node Type": "Index Scan","Parent Relationship": "Inner","Parallel Aware": false,"Async Capable": false,"Scan Direction": "Forward","Index Name": "orders_pkey","Relation Name": "orders","Alias": "orders","Startup Cost": 0.43,"Total Cost": 0.51,"Plan Rows": 1,"Plan Width": 4,"Actual Startup Time": 0.008,"Actual Total Time": 0.008,"Actual Rows": 0,"Actual Loops": 8332,"Index Cond": "(o_orderkey = l1.l_orderkey)","Rows Removed by Index Recheck": 0,"Filter": "(o_orderstatus = 'F'::bpchar)","Rows Removed by Filter": 1}]}]}]}]},"Planning Time": 9.793,"Triggers": [],"Execution Time": 521.577}]
[{"Plan": {"Node Type": "Sort","Parallel Aware": false,"Async Capable": false,"Startup Cost": 147378.80,"Total Cost": 147378.81,"Plan Rows": 1,"Plan Width": 34,"Actual Startup Time": 494.346,"Actual Total Time": 515.587,"Actual Rows": 393,"Actual Loops": 1,"Sort Key": ["(count(*)) DESC", "supplier.s_name"],"Sort Method": "quicksort","Sort Space Used": 55,"Sort Space Type": "Memory","Plans": [{"Node Type": "Aggregate","Strategy": "Sorted","Partial Mode": "Simple","Parent Relationship": "Outer","Parallel Aware": false,"Async Capable": false,"Startup Cost": 147378.77,"Total Cost": 147378.79,"Plan Rows": 1,"Plan Width": 34,"Actual Startup Time": 493.176,"Actual Total Time": 514.919,"Actual Rows": 393,"Actual Loops": 1,"Group Key": ["supplier.s_name"],"Plans": [{"Node Type": "Sort","Parent Relationship": "Outer","Parallel Aware": false,"Async Capable": false,"Startup Cost": 147378.77,"Total Cost": 147378.78,"Plan Rows": 1,"Plan Width": 26,"Actual Startup Time": 493.153,"Actual Total Time": 514.517,"Actual Rows": 3918,"Actual Loops": 1,"Sort Key": ["supplier.s_name"],"Sort Method": "quicksort","Sort Space Used": 372,"Sort Space Type": "Memory","Plans": [{"Node Type": "Nested Loop","Parent Relationship": "Outer","Parallel Aware": false,"Async Capable": false,"Join Type": "Inner","Startup Cost": 1250.87,"Total Cost": 147378.76,"Plan Rows": 1,"Plan Width": 26,"Actual Startup Time": 5.562,"Actual Total Time": 503.525,"Actual Rows": 3918,"Actual Loops": 1,"Inner Unique": true,"Plans": [{"Node Type": "Nested Loop","Parent Relationship": "Outer","Parallel Aware": false,"Async Capable": false,"Join Type": "Semi","Startup Cost": 1250.44,"Total Cost": 147378.26,"Plan Rows": 1,"Plan Width": 34,"Actual Startup Time": 5.515,"Actual Total Time": 439.510,"Actual Rows": 8028,"Actual Loops": 1,"Inner Unique": false,"Plans": [{"Node Type": "Gather","Parent Relationship": "Outer","Parallel Aware": false,"Async Capable": false,"Startup Cost": 1250.01,"Total Cost": 147377.22,"Plan Rows": 1,"Plan Width": 34,"Actual Startup Time": 4.155,"Actual Total Time": 333.265,"Actual Rows": 13416,"Actual Loops": 1,"Workers Planned": 4,"Workers Launched": 4,"Single Copy": false,"Plans": [{"Node Type": "Nested Loop","Parent Relationship": "Outer","Parallel Aware": false,"Async Capable": false,"Join Type": "Anti","Startup Cost": 250.01,"Total Cost": 146377.12,"Plan Rows": 1,"Plan Width": 34,"Actual Startup Time": 4.167,"Actual Total Time": 438.104,"Actual Rows": 2683,"Actual Loops": 5,"Inner Unique": false,"Workers": [],"Plans": [{"Node Type": "Hash Join","Parent Relationship": "Outer","Parallel Aware": false,"Async Capable": false,"Join Type": "Inner","Startup Cost": 249.58,"Total Cost": 133581.65,"Plan Rows": 19990,"Plan Width": 34,"Actual Startup Time": 4.021,"Actual Total Time": 350.831,"Actual Rows": 29888,"Actual Loops": 5,"Inner Unique": false,"Hash Cond": "(l1.l_suppkey = supplier.s_suppkey)","Workers": [],"Plans": [{"Node Type": "Seq Scan","Parent Relationship": "Outer","Parallel Aware": true,"Async Capable": false,"Relation Name": "lineitem","Alias": "l1","Startup Cost": 0.00,"Total Cost": 131256.80,"Plan Rows": 500101,"Plan Width": 8,"Actual Startup Time": 0.026,"Actual Total Time": 301.034,"Actual Rows": 758659,"Actual Loops": 5,"Filter": "(l_receiptdate > l_commitdate)","Rows Removed by Filter": 441584,"Workers": []},{"Node Type": "Hash","Parent Relationship": "Inner","Parallel Aware": false,"Async Capable": false,"Startup Cost": 244.58,"Total Cost": 244.58,"Plan Rows": 400,"Plan Width": 30,"Actual Startup Time": 3.677,"Actual Total Time": 3.687,"Actual Rows": 393,"Actual Loops": 5,"Hash Buckets": 1024,"Original Hash Buckets": 1024,"Hash Batches": 1,"Original Hash Batches": 1,"Peak Memory Usage": 33,"Workers": [],"Plans": [{"Node Type": "Nested Loop","Parent Relationship": "Outer","Parallel Aware": false,"Async Capable": false,"Join Type": "Inner","Startup Cost": 7.38,"Total Cost": 244.58,"Plan Rows": 400,"Plan Width": 30,"Actual Startup Time": 0.289,"Actual Total Time": 3.533,"Actual Rows": 393,"Actual Loops": 5,"Inner Unique": false,"Workers": [],"Plans": [{"Node Type": "Seq Scan","Parent Relationship": "Outer","Parallel Aware": false,"Async Capable": false,"Relation Name": "nation","Alias": "nation","Startup Cost": 0.00,"Total Cost": 1.31,"Plan Rows": 1,"Plan Width": 4,"Actual Startup Time": 0.064,"Actual Total Time": 0.066,"Actual Rows": 1,"Actual Loops": 5,"Filter": "(n_name = 'UNITED STATES'::bpchar)","Rows Removed by Filter": 24,"Workers": []},{"Node Type": "Bitmap Heap Scan","Parent Relationship": "Inner","Parallel Aware": false,"Async Capable": false,"Relation Name": "supplier","Alias": "supplier","Startup Cost": 7.38,"Total Cost": 239.27,"Plan Rows": 400,"Plan Width": 34,"Actual Startup Time": 0.219,"Actual Total Time": 3.401,"Actual Rows": 393,"Actual Loops": 5,"Recheck Cond": "(s_nationkey = nation.n_nationkey)","Rows Removed by Index Recheck": 0,"Exact Heap Blocks": 181,"Lossy Heap Blocks": 0,"Workers": [],"Plans": [{"Node Type": "Bitmap Index Scan","Parent Relationship": "Outer","Parallel Aware": false,"Async Capable": false,"Index Name": "idx_supplier_nation_key","Startup Cost": 0.00,"Total Cost": 7.29,"Plan Rows": 400,"Plan Width": 0,"Actual Startup Time": 0.141,"Actual Total Time": 0.143,"Actual Rows": 393,"Actual Loops": 5,"Index Cond": "(s_nationkey = nation.n_nationkey)","Workers": []}]}]}]}]},{"Node Type": "Index Scan","Parent Relationship": "Inner","Parallel Aware": false,"Async Capable": false,"Scan Direction": "Forward","Index Name": "idx_lineitem_orderkey","Relation Name": "lineitem","Alias": "l3","Startup Cost": 0.43,"Total Cost": 1.06,"Plan Rows": 6,"Plan Width": 8,"Actual Startup Time": 0.003,"Actual Total Time": 0.003,"Actual Rows": 1,"Actual Loops": 149442,"Index Cond": "(l_orderkey = l1.l_orderkey)","Rows Removed by Index Recheck": 0,"Filter": "((l_receiptdate > l_commitdate) AND (l_suppkey <> l1.l_suppkey))","Rows Removed by Filter": 1,"Workers": []}]}]},{"Node Type": "Index Scan","Parent Relationship": "Inner","Parallel Aware": false,"Async Capable": false,"Scan Direction": "Forward","Index Name": "idx_lineitem_orderkey","Relation Name": "lineitem","Alias": "l2","Startup Cost": 0.43,"Total Cost": 1.02,"Plan Rows": 17,"Plan Width": 8,"Actual Startup Time": 0.007,"Actual Total Time": 0.007,"Actual Rows": 1,"Actual Loops": 13416,"Index Cond": "(l_orderkey = l1.l_orderkey)","Rows Removed by Index Recheck": 0,"Filter": "(l_suppkey <> l1.l_suppkey)","Rows Removed by Filter": 1}]},{"Node Type": "Index Scan","Parent Relationship": "Inner","Parallel Aware": false,"Async Capable": false,"Scan Direction": "Forward","Index Name": "orders_pkey","Relation Name": "orders","Alias": "orders","Startup Cost": 0.43,"Total Cost": 0.51,"Plan Rows": 1,"Plan Width": 4,"Actual Startup Time": 0.008,"Actual Total Time": 0.008,"Actual Rows": 0,"Actual Loops": 8028,"Index Cond": "(o_orderkey = l1.l_orderkey)","Rows Removed by Index Recheck": 0,"Filter": "(o_orderstatus = 'F'::bpchar)","Rows Removed by Filter": 1}]}]}]}]},"Planning Time": 9.767,"Triggers": [],"Execution Time": 516.024}]
[{"Plan": {"Node Type": "Sort","Parallel Aware": false,"Async Capable": false,"Startup Cost": 147378.80,"Total Cost": 147378.81,"Plan Rows": 1,"Plan Width": 34,"Actual Startup Time": 495.675,"Actual Total Time": 514.954,"Actual Rows": 398,"Actual Loops": 1,"Sort Key": ["(count(*)) DESC", "supplier.s_name"],"Sort Method": "quicksort","Sort Space Used": 56,"Sort Space Type": "Memory","Plans": [{"Node Type": "Aggregate","Strategy": "Sorted","Partial Mode": "Simple","Parent Relationship": "Outer","Parallel Aware": false,"Async Capable": false,"Startup Cost": 147378.77,"Total Cost": 147378.79,"Plan Rows": 1,"Plan Width": 34,"Actual Startup Time": 494.471,"Actual Total Time": 514.270,"Actual Rows": 398,"Actual Loops": 1,"Group Key": ["supplier.s_name"],"Plans": [{"Node Type": "Sort","Parent Relationship": "Outer","Parallel Aware": false,"Async Capable": false,"Startup Cost": 147378.77,"Total Cost": 147378.78,"Plan Rows": 1,"Plan Width": 26,"Actual Startup Time": 494.457,"Actual Total Time": 513.859,"Actual Rows": 4033,"Actual Loops": 1,"Sort Key": ["supplier.s_name"],"Sort Method": "quicksort","Sort Space Used": 380,"Sort Space Type": "Memory","Plans": [{"Node Type": "Nested Loop","Parent Relationship": "Outer","Parallel Aware": false,"Async Capable": false,"Join Type": "Inner","Startup Cost": 1250.87,"Total Cost": 147378.76,"Plan Rows": 1,"Plan Width": 26,"Actual Startup Time": 5.438,"Actual Total Time": 502.238,"Actual Rows": 4033,"Actual Loops": 1,"Inner Unique": true,"Plans": [{"Node Type": "Nested Loop","Parent Relationship": "Outer","Parallel Aware": false,"Async Capable": false,"Join Type": "Semi","Startup Cost": 1250.44,"Total Cost": 147378.26,"Plan Rows": 1,"Plan Width": 34,"Actual Startup Time": 5.342,"Actual Total Time": 438.031,"Actual Rows": 8241,"Actual Loops": 1,"Inner Unique": false,"Plans": [{"Node Type": "Gather","Parent Relationship": "Outer","Parallel Aware": false,"Async Capable": false,"Startup Cost": 1250.01,"Total Cost": 147377.22,"Plan Rows": 1,"Plan Width": 34,"Actual Startup Time": 5.330,"Actual Total Time": 330.100,"Actual Rows": 13657,"Actual Loops": 1,"Workers Planned": 4,"Workers Launched": 4,"Single Copy": false,"Plans": [{"Node Type": "Nested Loop","Parent Relationship": "Outer","Parallel Aware": false,"Async Capable": false,"Join Type": "Anti","Startup Cost": 250.01,"Total Cost": 146377.12,"Plan Rows": 1,"Plan Width": 34,"Actual Startup Time": 5.586,"Actual Total Time": 437.639,"Actual Rows": 2731,"Actual Loops": 5,"Inner Unique": false,"Workers": [],"Plans": [{"Node Type": "Hash Join","Parent Relationship": "Outer","Parallel Aware": false,"Async Capable": false,"Join Type": "Inner","Startup Cost": 249.58,"Total Cost": 133581.65,"Plan Rows": 19990,"Plan Width": 34,"Actual Startup Time": 4.860,"Actual Total Time": 349.886,"Actual Rows": 30149,"Actual Loops": 5,"Inner Unique": false,"Hash Cond": "(l1.l_suppkey = supplier.s_suppkey)","Workers": [],"Plans": [{"Node Type": "Seq Scan","Parent Relationship": "Outer","Parallel Aware": true,"Async Capable": false,"Relation Name": "lineitem","Alias": "l1","Startup Cost": 0.00,"Total Cost": 131256.80,"Plan Rows": 500101,"Plan Width": 8,"Actual Startup Time": 0.029,"Actual Total Time": 298.079,"Actual Rows": 758659,"Actual Loops": 5,"Filter": "(l_receiptdate > l_commitdate)","Rows Removed by Filter": 441584,"Workers": []},{"Node Type": "Hash","Parent Relationship": "Inner","Parallel Aware": false,"Async Capable": false,"Startup Cost": 244.58,"Total Cost": 244.58,"Plan Rows": 400,"Plan Width": 30,"Actual Startup Time": 4.540,"Actual Total Time": 4.550,"Actual Rows": 398,"Actual Loops": 5,"Hash Buckets": 1024,"Original Hash Buckets": 1024,"Hash Batches": 1,"Original Hash Batches": 1,"Peak Memory Usage": 33,"Workers": [],"Plans": [{"Node Type": "Nested Loop","Parent Relationship": "Outer","Parallel Aware": false,"Async Capable": false,"Join Type": "Inner","Startup Cost": 7.38,"Total Cost": 244.58,"Plan Rows": 400,"Plan Width": 30,"Actual Startup Time": 0.267,"Actual Total Time": 4.371,"Actual Rows": 398,"Actual Loops": 5,"Inner Unique": false,"Workers": [],"Plans": [{"Node Type": "Seq Scan","Parent Relationship": "Outer","Parallel Aware": false,"Async Capable": false,"Relation Name": "nation","Alias": "nation","Startup Cost": 0.00,"Total Cost": 1.31,"Plan Rows": 1,"Plan Width": 4,"Actual Startup Time": 0.059,"Actual Total Time": 0.062,"Actual Rows": 1,"Actual Loops": 5,"Filter": "(n_name = 'ROMANIA'::bpchar)","Rows Removed by Filter": 24,"Workers": []},{"Node Type": "Bitmap Heap Scan","Parent Relationship": "Inner","Parallel Aware": false,"Async Capable": false,"Relation Name": "supplier","Alias": "supplier","Startup Cost": 7.38,"Total Cost": 239.27,"Plan Rows": 400,"Plan Width": 34,"Actual Startup Time": 0.204,"Actual Total Time": 4.227,"Actual Rows": 398,"Actual Loops": 5,"Recheck Cond": "(s_nationkey = nation.n_nationkey)","Rows Removed by Index Recheck": 0,"Exact Heap Blocks": 186,"Lossy Heap Blocks": 0,"Workers": [],"Plans": [{"Node Type": "Bitmap Index Scan","Parent Relationship": "Outer","Parallel Aware": false,"Async Capable": false,"Index Name": "idx_supplier_nation_key","Startup Cost": 0.00,"Total Cost": 7.29,"Plan Rows": 400,"Plan Width": 0,"Actual Startup Time": 0.126,"Actual Total Time": 0.128,"Actual Rows": 398,"Actual Loops": 5,"Index Cond": "(s_nationkey = nation.n_nationkey)","Workers": []}]}]}]}]},{"Node Type": "Index Scan","Parent Relationship": "Inner","Parallel Aware": false,"Async Capable": false,"Scan Direction": "Forward","Index Name": "idx_lineitem_orderkey","Relation Name": "lineitem","Alias": "l3","Startup Cost": 0.43,"Total Cost": 1.06,"Plan Rows": 6,"Plan Width": 8,"Actual Startup Time": 0.003,"Actual Total Time": 0.003,"Actual Rows": 1,"Actual Loops": 150746,"Index Cond": "(l_orderkey = l1.l_orderkey)","Rows Removed by Index Recheck": 0,"Filter": "((l_receiptdate > l_commitdate) AND (l_suppkey <> l1.l_suppkey))","Rows Removed by Filter": 1,"Workers": []}]}]},{"Node Type": "Index Scan","Parent Relationship": "Inner","Parallel Aware": false,"Async Capable": false,"Scan Direction": "Forward","Index Name": "idx_lineitem_orderkey","Relation Name": "lineitem","Alias": "l2","Startup Cost": 0.43,"Total Cost": 1.02,"Plan Rows": 17,"Plan Width": 8,"Actual Startup Time": 0.007,"Actual Total Time": 0.007,"Actual Rows": 1,"Actual Loops": 13657,"Index Cond": "(l_orderkey = l1.l_orderkey)","Rows Removed by Index Recheck": 0,"Filter": "(l_suppkey <> l1.l_suppkey)","Rows Removed by Filter": 1}]},{"Node Type": "Index Scan","Parent Relationship": "Inner","Parallel Aware": false,"Async Capable": false,"Scan Direction": "Forward","Index Name": "orders_pkey","Relation Name": "orders","Alias": "orders","Startup Cost": 0.43,"Total Cost": 0.51,"Plan Rows": 1,"Plan Width": 4,"Actual Startup Time": 0.008,"Actual Total Time": 0.008,"Actual Rows": 0,"Actual Loops": 8241,"Index Cond": "(o_orderkey = l1.l_orderkey)","Rows Removed by Index Recheck": 0,"Filter": "(o_orderstatus = 'F'::bpchar)","Rows Removed by Filter": 1}]}]}]}]},"Planning Time": 9.721,"Triggers": [],"Execution Time": 515.552}]
[{"Plan": {"Node Type": "Sort","Parallel Aware": false,"Async Capable": false,"Startup Cost": 147378.80,"Total Cost": 147378.81,"Plan Rows": 1,"Plan Width": 34,"Actual Startup Time": 502.540,"Actual Total Time": 523.684,"Actual Rows": 401,"Actual Loops": 1,"Sort Key": ["(count(*)) DESC", "supplier.s_name"],"Sort Method": "quicksort","Sort Space Used": 56,"Sort Space Type": "Memory","Plans": [{"Node Type": "Aggregate","Strategy": "Sorted","Partial Mode": "Simple","Parent Relationship": "Outer","Parallel Aware": false,"Async Capable": false,"Startup Cost": 147378.77,"Total Cost": 147378.79,"Plan Rows": 1,"Plan Width": 34,"Actual Startup Time": 501.310,"Actual Total Time": 522.965,"Actual Rows": 401,"Actual Loops": 1,"Group Key": ["supplier.s_name"],"Plans": [{"Node Type": "Sort","Parent Relationship": "Outer","Parallel Aware": false,"Async Capable": false,"Startup Cost": 147378.77,"Total Cost": 147378.78,"Plan Rows": 1,"Plan Width": 26,"Actual Startup Time": 501.284,"Actual Total Time": 522.551,"Actual Rows": 3970,"Actual Loops": 1,"Sort Key": ["supplier.s_name"],"Sort Method": "quicksort","Sort Space Used": 376,"Sort Space Type": "Memory","Plans": [{"Node Type": "Nested Loop","Parent Relationship": "Outer","Parallel Aware": false,"Async Capable": false,"Join Type": "Inner","Startup Cost": 1250.87,"Total Cost": 147378.76,"Plan Rows": 1,"Plan Width": 26,"Actual Startup Time": 5.240,"Actual Total Time": 512.097,"Actual Rows": 3970,"Actual Loops": 1,"Inner Unique": true,"Plans": [{"Node Type": "Nested Loop","Parent Relationship": "Outer","Parallel Aware": false,"Async Capable": false,"Join Type": "Semi","Startup Cost": 1250.44,"Total Cost": 147378.26,"Plan Rows": 1,"Plan Width": 34,"Actual Startup Time": 4.627,"Actual Total Time": 451.513,"Actual Rows": 8097,"Actual Loops": 1,"Inner Unique": false,"Plans": [{"Node Type": "Gather","Parent Relationship": "Outer","Parallel Aware": false,"Async Capable": false,"Startup Cost": 1250.01,"Total Cost": 147377.22,"Plan Rows": 1,"Plan Width": 34,"Actual Startup Time": 4.615,"Actual Total Time": 347.691,"Actual Rows": 13583,"Actual Loops": 1,"Workers Planned": 4,"Workers Launched": 4,"Single Copy": false,"Plans": [{"Node Type": "Nested Loop","Parent Relationship": "Outer","Parallel Aware": false,"Async Capable": false,"Join Type": "Anti","Startup Cost": 250.01,"Total Cost": 146377.12,"Plan Rows": 1,"Plan Width": 34,"Actual Startup Time": 4.828,"Actual Total Time": 446.701,"Actual Rows": 2717,"Actual Loops": 5,"Inner Unique": false,"Workers": [],"Plans": [{"Node Type": "Hash Join","Parent Relationship": "Outer","Parallel Aware": false,"Async Capable": false,"Join Type": "Inner","Startup Cost": 249.58,"Total Cost": 133581.65,"Plan Rows": 19990,"Plan Width": 34,"Actual Startup Time": 4.456,"Actual Total Time": 356.594,"Actual Rows": 30499,"Actual Loops": 5,"Inner Unique": false,"Hash Cond": "(l1.l_suppkey = supplier.s_suppkey)","Workers": [],"Plans": [{"Node Type": "Seq Scan","Parent Relationship": "Outer","Parallel Aware": true,"Async Capable": false,"Relation Name": "lineitem","Alias": "l1","Startup Cost": 0.00,"Total Cost": 131256.80,"Plan Rows": 500101,"Plan Width": 8,"Actual Startup Time": 0.022,"Actual Total Time": 305.978,"Actual Rows": 758659,"Actual Loops": 5,"Filter": "(l_receiptdate > l_commitdate)","Rows Removed by Filter": 441584,"Workers": []},{"Node Type": "Hash","Parent Relationship": "Inner","Parallel Aware": false,"Async Capable": false,"Startup Cost": 244.58,"Total Cost": 244.58,"Plan Rows": 400,"Plan Width": 30,"Actual Startup Time": 4.157,"Actual Total Time": 4.168,"Actual Rows": 401,"Actual Loops": 5,"Hash Buckets": 1024,"Original Hash Buckets": 1024,"Hash Batches": 1,"Original Hash Batches": 1,"Peak Memory Usage": 34,"Workers": [],"Plans": [{"Node Type": "Nested Loop","Parent Relationship": "Outer","Parallel Aware": false,"Async Capable": false,"Join Type": "Inner","Startup Cost": 7.38,"Total Cost": 244.58,"Plan Rows": 400,"Plan Width": 30,"Actual Startup Time": 0.269,"Actual Total Time": 4.009,"Actual Rows": 401,"Actual Loops": 5,"Inner Unique": false,"Workers": [],"Plans": [{"Node Type": "Seq Scan","Parent Relationship": "Outer","Parallel Aware": false,"Async Capable": false,"Relation Name": "nation","Alias": "nation","Startup Cost": 0.00,"Total Cost": 1.31,"Plan Rows": 1,"Plan Width": 4,"Actual Startup Time": 0.053,"Actual Total Time": 0.057,"Actual Rows": 1,"Actual Loops": 5,"Filter": "(n_name = 'RUSSIA'::bpchar)","Rows Removed by Filter": 24,"Workers": []},{"Node Type": "Bitmap Heap Scan","Parent Relationship": "Inner","Parallel Aware": false,"Async Capable": false,"Relation Name": "supplier","Alias": "supplier","Startup Cost": 7.38,"Total Cost": 239.27,"Plan Rows": 400,"Plan Width": 34,"Actual Startup Time": 0.210,"Actual Total Time": 3.875,"Actual Rows": 401,"Actual Loops": 5,"Recheck Cond": "(s_nationkey = nation.n_nationkey)","Rows Removed by Index Recheck": 0,"Exact Heap Blocks": 180,"Lossy Heap Blocks": 0,"Workers": [],"Plans": [{"Node Type": "Bitmap Index Scan","Parent Relationship": "Outer","Parallel Aware": false,"Async Capable": false,"Index Name": "idx_supplier_nation_key","Startup Cost": 0.00,"Total Cost": 7.29,"Plan Rows": 400,"Plan Width": 0,"Actual Startup Time": 0.139,"Actual Total Time": 0.140,"Actual Rows": 401,"Actual Loops": 5,"Index Cond": "(s_nationkey = nation.n_nationkey)","Workers": []}]}]}]}]},{"Node Type": "Index Scan","Parent Relationship": "Inner","Parallel Aware": false,"Async Capable": false,"Scan Direction": "Forward","Index Name": "idx_lineitem_orderkey","Relation Name": "lineitem","Alias": "l3","Startup Cost": 0.43,"Total Cost": 1.06,"Plan Rows": 6,"Plan Width": 8,"Actual Startup Time": 0.003,"Actual Total Time": 0.003,"Actual Rows": 1,"Actual Loops": 152495,"Index Cond": "(l_orderkey = l1.l_orderkey)","Rows Removed by Index Recheck": 0,"Filter": "((l_receiptdate > l_commitdate) AND (l_suppkey <> l1.l_suppkey))","Rows Removed by Filter": 1,"Workers": []}]}]},{"Node Type": "Index Scan","Parent Relationship": "Inner","Parallel Aware": false,"Async Capable": false,"Scan Direction": "Forward","Index Name": "idx_lineitem_orderkey","Relation Name": "lineitem","Alias": "l2","Startup Cost": 0.43,"Total Cost": 1.02,"Plan Rows": 17,"Plan Width": 8,"Actual Startup Time": 0.007,"Actual Total Time": 0.007,"Actual Rows": 1,"Actual Loops": 13583,"Index Cond": "(l_orderkey = l1.l_orderkey)","Rows Removed by Index Recheck": 0,"Filter": "(l_suppkey <> l1.l_suppkey)","Rows Removed by Filter": 1}]},{"Node Type": "Index Scan","Parent Relationship": "Inner","Parallel Aware": false,"Async Capable": false,"Scan Direction": "Forward","Index Name": "orders_pkey","Relation Name": "orders","Alias": "orders","Startup Cost": 0.43,"Total Cost": 0.51,"Plan Rows": 1,"Plan Width": 4,"Actual Startup Time": 0.007,"Actual Total Time": 0.007,"Actual Rows": 0,"Actual Loops": 8097,"Index Cond": "(o_orderkey = l1.l_orderkey)","Rows Removed by Index Recheck": 0,"Filter": "(o_orderstatus = 'F'::bpchar)","Rows Removed by Filter": 1}]}]}]}]},"Planning Time": 9.437,"Triggers": [],"Execution Time": 524.297}]
[{"Plan": {"Node Type": "Sort","Parallel Aware": false,"Async Capable": false,"Startup Cost": 147378.80,"Total Cost": 147378.81,"Plan Rows": 1,"Plan Width": 34,"Actual Startup Time": 484.568,"Actual Total Time": 505.980,"Actual Rows": 362,"Actual Loops": 1,"Sort Key": ["(count(*)) DESC", "supplier.s_name"],"Sort Method": "quicksort","Sort Space Used": 53,"Sort Space Type": "Memory","Plans": [{"Node Type": "Aggregate","Strategy": "Sorted","Partial Mode": "Simple","Parent Relationship": "Outer","Parallel Aware": false,"Async Capable": false,"Startup Cost": 147378.77,"Total Cost": 147378.79,"Plan Rows": 1,"Plan Width": 34,"Actual Startup Time": 483.467,"Actual Total Time": 505.326,"Actual Rows": 362,"Actual Loops": 1,"Group Key": ["supplier.s_name"],"Plans": [{"Node Type": "Sort","Parent Relationship": "Outer","Parallel Aware": false,"Async Capable": false,"Startup Cost": 147378.77,"Total Cost": 147378.78,"Plan Rows": 1,"Plan Width": 26,"Actual Startup Time": 483.448,"Actual Total Time": 504.962,"Actual Rows": 3454,"Actual Loops": 1,"Sort Key": ["supplier.s_name"],"Sort Method": "quicksort","Sort Space Used": 339,"Sort Space Type": "Memory","Plans": [{"Node Type": "Nested Loop","Parent Relationship": "Outer","Parallel Aware": false,"Async Capable": false,"Join Type": "Inner","Startup Cost": 1250.87,"Total Cost": 147378.76,"Plan Rows": 1,"Plan Width": 26,"Actual Startup Time": 4.046,"Actual Total Time": 494.960,"Actual Rows": 3454,"Actual Loops": 1,"Inner Unique": true,"Plans": [{"Node Type": "Nested Loop","Parent Relationship": "Outer","Parallel Aware": false,"Async Capable": false,"Join Type": "Semi","Startup Cost": 1250.44,"Total Cost": 147378.26,"Plan Rows": 1,"Plan Width": 34,"Actual Startup Time": 3.697,"Actual Total Time": 437.513,"Actual Rows": 7167,"Actual Loops": 1,"Inner Unique": false,"Plans": [{"Node Type": "Gather","Parent Relationship": "Outer","Parallel Aware": false,"Async Capable": false,"Startup Cost": 1250.01,"Total Cost": 147377.22,"Plan Rows": 1,"Plan Width": 34,"Actual Startup Time": 3.682,"Actual Total Time": 337.976,"Actual Rows": 12136,"Actual Loops": 1,"Workers Planned": 4,"Workers Launched": 4,"Single Copy": false,"Plans": [{"Node Type": "Nested Loop","Parent Relationship": "Outer","Parallel Aware": false,"Async Capable": false,"Join Type": "Anti","Startup Cost": 250.01,"Total Cost": 146377.12,"Plan Rows": 1,"Plan Width": 34,"Actual Startup Time": 4.367,"Actual Total Time": 431.433,"Actual Rows": 2427,"Actual Loops": 5,"Inner Unique": false,"Workers": [],"Plans": [{"Node Type": "Hash Join","Parent Relationship": "Outer","Parallel Aware": false,"Async Capable": false,"Join Type": "Inner","Startup Cost": 249.58,"Total Cost": 133581.65,"Plan Rows": 19990,"Plan Width": 34,"Actual Startup Time": 4.181,"Actual Total Time": 349.984,"Actual Rows": 27450,"Actual Loops": 5,"Inner Unique": false,"Hash Cond": "(l1.l_suppkey = supplier.s_suppkey)","Workers": [],"Plans": [{"Node Type": "Seq Scan","Parent Relationship": "Outer","Parallel Aware": true,"Async Capable": false,"Relation Name": "lineitem","Alias": "l1","Startup Cost": 0.00,"Total Cost": 131256.80,"Plan Rows": 500101,"Plan Width": 8,"Actual Startup Time": 0.027,"Actual Total Time": 299.399,"Actual Rows": 758659,"Actual Loops": 5,"Filter": "(l_receiptdate > l_commitdate)","Rows Removed by Filter": 441584,"Workers": []},{"Node Type": "Hash","Parent Relationship": "Inner","Parallel Aware": false,"Async Capable": false,"Startup Cost": 244.58,"Total Cost": 244.58,"Plan Rows": 400,"Plan Width": 30,"Actual Startup Time": 3.849,"Actual Total Time": 3.862,"Actual Rows": 362,"Actual Loops": 5,"Hash Buckets": 1024,"Original Hash Buckets": 1024,"Hash Batches": 1,"Original Hash Batches": 1,"Peak Memory Usage": 31,"Workers": [],"Plans": [{"Node Type": "Nested Loop","Parent Relationship": "Outer","Parallel Aware": false,"Async Capable": false,"Join Type": "Inner","Startup Cost": 7.38,"Total Cost": 244.58,"Plan Rows": 400,"Plan Width": 30,"Actual Startup Time": 0.339,"Actual Total Time": 3.727,"Actual Rows": 362,"Actual Loops": 5,"Inner Unique": false,"Workers": [],"Plans": [{"Node Type": "Seq Scan","Parent Relationship": "Outer","Parallel Aware": false,"Async Capable": false,"Relation Name": "nation","Alias": "nation","Startup Cost": 0.00,"Total Cost": 1.31,"Plan Rows": 1,"Plan Width": 4,"Actual Startup Time": 0.061,"Actual Total Time": 0.064,"Actual Rows": 1,"Actual Loops": 5,"Filter": "(n_name = 'JORDAN'::bpchar)","Rows Removed by Filter": 24,"Workers": []},{"Node Type": "Bitmap Heap Scan","Parent Relationship": "Inner","Parallel Aware": false,"Async Capable": false,"Relation Name": "supplier","Alias": "supplier","Startup Cost": 7.38,"Total Cost": 239.27,"Plan Rows": 400,"Plan Width": 34,"Actual Startup Time": 0.272,"Actual Total Time": 3.601,"Actual Rows": 362,"Actual Loops": 5,"Recheck Cond": "(s_nationkey = nation.n_nationkey)","Rows Removed by Index Recheck": 0,"Exact Heap Blocks": 166,"Lossy Heap Blocks": 0,"Workers": [],"Plans": [{"Node Type": "Bitmap Index Scan","Parent Relationship": "Outer","Parallel Aware": false,"Async Capable": false,"Index Name": "idx_supplier_nation_key","Startup Cost": 0.00,"Total Cost": 7.29,"Plan Rows": 400,"Plan Width": 0,"Actual Startup Time": 0.176,"Actual Total Time": 0.178,"Actual Rows": 362,"Actual Loops": 5,"Index Cond": "(s_nationkey = nation.n_nationkey)","Workers": []}]}]}]}]},{"Node Type": "Index Scan","Parent Relationship": "Inner","Parallel Aware": false,"Async Capable": false,"Scan Direction": "Forward","Index Name": "idx_lineitem_orderkey","Relation Name": "lineitem","Alias": "l3","Startup Cost": 0.43,"Total Cost": 1.06,"Plan Rows": 6,"Plan Width": 8,"Actual Startup Time": 0.003,"Actual Total Time": 0.003,"Actual Rows": 1,"Actual Loops": 137252,"Index Cond": "(l_orderkey = l1.l_orderkey)","Rows Removed by Index Recheck": 0,"Filter": "((l_receiptdate > l_commitdate) AND (l_suppkey <> l1.l_suppkey))","Rows Removed by Filter": 1,"Workers": []}]}]},{"Node Type": "Index Scan","Parent Relationship": "Inner","Parallel Aware": false,"Async Capable": false,"Scan Direction": "Forward","Index Name": "idx_lineitem_orderkey","Relation Name": "lineitem","Alias": "l2","Startup Cost": 0.43,"Total Cost": 1.02,"Plan Rows": 17,"Plan Width": 8,"Actual Startup Time": 0.008,"Actual Total Time": 0.008,"Actual Rows": 1,"Actual Loops": 12136,"Index Cond": "(l_orderkey = l1.l_orderkey)","Rows Removed by Index Recheck": 0,"Filter": "(l_suppkey <> l1.l_suppkey)","Rows Removed by Filter": 1}]},{"Node Type": "Index Scan","Parent Relationship": "Inner","Parallel Aware": false,"Async Capable": false,"Scan Direction": "Forward","Index Name": "orders_pkey","Relation Name": "orders","Alias": "orders","Startup Cost": 0.43,"Total Cost": 0.51,"Plan Rows": 1,"Plan Width": 4,"Actual Startup Time": 0.008,"Actual Total Time": 0.008,"Actual Rows": 0,"Actual Loops": 7167,"Index Cond": "(o_orderkey = l1.l_orderkey)","Rows Removed by Index Recheck": 0,"Filter": "(o_orderstatus = 'F'::bpchar)","Rows Removed by Filter": 1}]}]}]}]},"Planning Time": 8.148,"Triggers": [],"Execution Time": 506.532}]
[{"Plan": {"Node Type": "Sort","Parallel Aware": false,"Async Capable": false,"Startup Cost": 147378.80,"Total Cost": 147378.81,"Plan Rows": 1,"Plan Width": 34,"Actual Startup Time": 484.568,"Actual Total Time": 505.980,"Actual Rows": 362,"Actual Loops": 1,"Sort Key": ["(count(*)) DESC", "supplier.s_name"],"Sort Method": "quicksort","Sort Space Used": 53,"Sort Space Type": "Memory","Plans": [{"Node Type": "Aggregate","Strategy": "Sorted","Partial Mode": "Simple","Parent Relationship": "Outer","Parallel Aware": false,"Async Capable": false,"Startup Cost": 147378.77,"Total Cost": 147378.79,"Plan Rows": 1,"Plan Width": 34,"Actual Startup Time": 483.467,"Actual Total Time": 505.326,"Actual Rows": 362,"Actual Loops": 1,"Group Key": ["supplier.s_name"],"Plans": [{"Node Type": "Sort","Parent Relationship": "Outer","Parallel Aware": false,"Async Capable": false,"Startup Cost": 147378.77,"Total Cost": 147378.78,"Plan Rows": 1,"Plan Width": 26,"Actual Startup Time": 483.448,"Actual Total Time": 504.962,"Actual Rows": 3454,"Actual Loops": 1,"Sort Key": ["supplier.s_name"],"Sort Method": "quicksort","Sort Space Used": 339,"Sort Space Type": "Memory","Plans": [{"Node Type": "Nested Loop","Parent Relationship": "Outer","Parallel Aware": false,"Async Capable": false,"Join Type": "Inner","Startup Cost": 1250.87,"Total Cost": 147378.76,"Plan Rows": 1,"Plan Width": 26,"Actual Startup Time": 4.046,"Actual Total Time": 494.960,"Actual Rows": 3454,"Actual Loops": 1,"Inner Unique": true,"Plans": [{"Node Type": "Nested Loop","Parent Relationship": "Outer","Parallel Aware": false,"Async Capable": false,"Join Type": "Semi","Startup Cost": 1250.44,"Total Cost": 147378.26,"Plan Rows": 1,"Plan Width": 34,"Actual Startup Time": 3.697,"Actual Total Time": 437.513,"Actual Rows": 7167,"Actual Loops": 1,"Inner Unique": false,"Plans": [{"Node Type": "Gather","Parent Relationship": "Outer","Parallel Aware": false,"Async Capable": false,"Startup Cost": 1250.01,"Total Cost": 147377.22,"Plan Rows": 1,"Plan Width": 34,"Actual Startup Time": 3.682,"Actual Total Time": 337.976,"Actual Rows": 12136,"Actual Loops": 1,"Workers Planned": 4,"Workers Launched": 4,"Single Copy": false,"Plans": [{"Node Type": "Nested Loop","Parent Relationship": "Outer","Parallel Aware": false,"Async Capable": false,"Join Type": "Anti","Startup Cost": 250.01,"Total Cost": 146377.12,"Plan Rows": 1,"Plan Width": 34,"Actual Startup Time": 4.367,"Actual Total Time": 431.433,"Actual Rows": 2427,"Actual Loops": 5,"Inner Unique": false,"Workers": [],"Plans": [{"Node Type": "Hash Join","Parent Relationship": "Outer","Parallel Aware": false,"Async Capable": false,"Join Type": "Inner","Startup Cost": 249.58,"Total Cost": 133581.65,"Plan Rows": 19990,"Plan Width": 34,"Actual Startup Time": 4.181,"Actual Total Time": 349.984,"Actual Rows": 27450,"Actual Loops": 5,"Inner Unique": false,"Hash Cond": "(l1.l_suppkey = supplier.s_suppkey)","Workers": [],"Plans": [{"Node Type": "Seq Scan","Parent Relationship": "Outer","Parallel Aware": true,"Async Capable": false,"Relation Name": "lineitem","Alias": "l1","Startup Cost": 0.00,"Total Cost": 131256.80,"Plan Rows": 500101,"Plan Width": 8,"Actual Startup Time": 0.027,"Actual Total Time": 299.399,"Actual Rows": 758659,"Actual Loops": 5,"Filter": "(l_receiptdate > l_commitdate)","Rows Removed by Filter": 441584,"Workers": []},{"Node Type": "Hash","Parent Relationship": "Inner","Parallel Aware": false,"Async Capable": false,"Startup Cost": 244.58,"Total Cost": 244.58,"Plan Rows": 400,"Plan Width": 30,"Actual Startup Time": 3.849,"Actual Total Time": 3.862,"Actual Rows": 362,"Actual Loops": 5,"Hash Buckets": 1024,"Original Hash Buckets": 1024,"Hash Batches": 1,"Original Hash Batches": 1,"Peak Memory Usage": 31,"Workers": [],"Plans": [{"Node Type": "Nested Loop","Parent Relationship": "Outer","Parallel Aware": false,"Async Capable": false,"Join Type": "Inner","Startup Cost": 7.38,"Total Cost": 244.58,"Plan Rows": 400,"Plan Width": 30,"Actual Startup Time": 0.339,"Actual Total Time": 3.727,"Actual Rows": 362,"Actual Loops": 5,"Inner Unique": false,"Workers": [],"Plans": [{"Node Type": "Seq Scan","Parent Relationship": "Outer","Parallel Aware": false,"Async Capable": false,"Relation Name": "nation","Alias": "nation","Startup Cost": 0.00,"Total Cost": 1.31,"Plan Rows": 1,"Plan Width": 4,"Actual Startup Time": 0.061,"Actual Total Time": 0.064,"Actual Rows": 1,"Actual Loops": 5,"Filter": "(n_name = 'JORDAN'::bpchar)","Rows Removed by Filter": 24,"Workers": []},{"Node Type": "Bitmap Heap Scan","Parent Relationship": "Inner","Parallel Aware": false,"Async Capable": false,"Relation Name": "supplier","Alias": "supplier","Startup Cost": 7.38,"Total Cost": 239.27,"Plan Rows": 400,"Plan Width": 34,"Actual Startup Time": 0.272,"Actual Total Time": 3.601,"Actual Rows": 362,"Actual Loops": 5,"Recheck Cond": "(s_nationkey = nation.n_nationkey)","Rows Removed by Index Recheck": 0,"Exact Heap Blocks": 166,"Lossy Heap Blocks": 0,"Workers": [],"Plans": [{"Node Type": "Bitmap Index Scan","Parent Relationship": "Outer","Parallel Aware": false,"Async Capable": false,"Index Name": "idx_supplier_nation_key","Startup Cost": 0.00,"Total Cost": 7.29,"Plan Rows": 400,"Plan Width": 0,"Actual Startup Time": 0.176,"Actual Total Time": 0.178,"Actual Rows": 362,"Actual Loops": 5,"Index Cond": "(s_nationkey = nation.n_nationkey)","Workers": []}]}]}]}]},{"Node Type": "Index Scan","Parent Relationship": "Inner","Parallel Aware": false,"Async Capable": false,"Scan Direction": "Forward","Index Name": "idx_lineitem_orderkey","Relation Name": "lineitem","Alias": "l3","Startup Cost": 0.43,"Total Cost": 1.06,"Plan Rows": 6,"Plan Width": 8,"Actual Startup Time": 0.003,"Actual Total Time": 0.003,"Actual Rows": 1,"Actual Loops": 137252,"Index Cond": "(l_orderkey = l1.l_orderkey)","Rows Removed by Index Recheck": 0,"Filter": "((l_receiptdate > l_commitdate) AND (l_suppkey <> l1.l_suppkey))","Rows Removed by Filter": 1,"Workers": []}]}]},{"Node Type": "Index Scan","Parent Relationship": "Inner","Parallel Aware": false,"Async Capable": false,"Scan Direction": "Forward","Index Name": "idx_lineitem_orderkey","Relation Name": "lineitem","Alias": "l2","Startup Cost": 0.43,"Total Cost": 1.02,"Plan Rows": 17,"Plan Width": 8,"Actual Startup Time": 0.008,"Actual Total Time": 0.008,"Actual Rows": 1,"Actual Loops": 12136,"Index Cond": "(l_orderkey = l1.l_orderkey)","Rows Removed by Index Recheck": 0,"Filter": "(l_suppkey <> l1.l_suppkey)","Rows Removed by Filter": 1}]},{"Node Type": "Index Scan","Parent Relationship": "Inner","Parallel Aware": false,"Async Capable": false,"Scan Direction": "Forward","Index Name": "orders_pkey","Relation Name": "orders","Alias": "orders","Startup Cost": 0.43,"Total Cost": 0.51,"Plan Rows": 1,"Plan Width": 4,"Actual Startup Time": 0.008,"Actual Total Time": 0.008,"Actual Rows": 0,"Actual Loops": 7167,"Index Cond": "(o_orderkey = l1.l_orderkey)","Rows Removed by Index Recheck": 0,"Filter": "(o_orderstatus = 'F'::bpchar)","Rows Removed by Filter": 1}]}]}]}]},"Planning Time": 8.148,"Triggers": [],"Execution Time": 506.532}]
[{"Plan": {"Node Type": "Sort","Parallel Aware": false,"Async Capable": false,"Startup Cost": 147378.80,"Total Cost": 147378.81,"Plan Rows": 1,"Plan Width": 34,"Actual Startup Time": 512.736,"Actual Total Time": 529.210,"Actual Rows": 438,"Actual Loops": 1,"Sort Key": ["(count(*)) DESC", "supplier.s_name"],"Sort Method": "quicksort","Sort Space Used": 59,"Sort Space Type": "Memory","Plans": [{"Node Type": "Aggregate","Strategy": "Sorted","Partial Mode": "Simple","Parent Relationship": "Outer","Parallel Aware": false,"Async Capable": false,"Startup Cost": 147378.77,"Total Cost": 147378.79,"Plan Rows": 1,"Plan Width": 34,"Actual Startup Time": 511.404,"Actual Total Time": 528.425,"Actual Rows": 438,"Actual Loops": 1,"Group Key": ["supplier.s_name"],"Plans": [{"Node Type": "Sort","Parent Relationship": "Outer","Parallel Aware": false,"Async Capable": false,"Startup Cost": 147378.77,"Total Cost": 147378.78,"Plan Rows": 1,"Plan Width": 26,"Actual Startup Time": 511.372,"Actual Total Time": 527.974,"Actual Rows": 4210,"Actual Loops": 1,"Sort Key": ["supplier.s_name"],"Sort Method": "quicksort","Sort Space Used": 489,"Sort Space Type": "Memory","Plans": [{"Node Type": "Nested Loop","Parent Relationship": "Outer","Parallel Aware": false,"Async Capable": false,"Join Type": "Inner","Startup Cost": 1250.87,"Total Cost": 147378.76,"Plan Rows": 1,"Plan Width": 26,"Actual Startup Time": 5.368,"Actual Total Time": 515.358,"Actual Rows": 4210,"Actual Loops": 1,"Inner Unique": true,"Plans": [{"Node Type": "Nested Loop","Parent Relationship": "Outer","Parallel Aware": false,"Async Capable": false,"Join Type": "Semi","Startup Cost": 1250.44,"Total Cost": 147378.26,"Plan Rows": 1,"Plan Width": 34,"Actual Startup Time": 5.330,"Actual Total Time": 447.041,"Actual Rows": 8778,"Actual Loops": 1,"Inner Unique": false,"Plans": [{"Node Type": "Gather","Parent Relationship": "Outer","Parallel Aware": false,"Async Capable": false,"Startup Cost": 1250.01,"Total Cost": 147377.22,"Plan Rows": 1,"Plan Width": 34,"Actual Startup Time": 5.278,"Actual Total Time": 329.789,"Actual Rows": 14669,"Actual Loops": 1,"Workers Planned": 4,"Workers Launched": 4,"Single Copy": false,"Plans": [{"Node Type": "Nested Loop","Parent Relationship": "Outer","Parallel Aware": false,"Async Capable": false,"Join Type": "Anti","Startup Cost": 250.01,"Total Cost": 146377.12,"Plan Rows": 1,"Plan Width": 34,"Actual Startup Time": 5.105,"Actual Total Time": 449.554,"Actual Rows": 2934,"Actual Loops": 5,"Inner Unique": false,"Workers": [],"Plans": [{"Node Type": "Hash Join","Parent Relationship": "Outer","Parallel Aware": false,"Async Capable": false,"Join Type": "Inner","Startup Cost": 249.58,"Total Cost": 133581.65,"Plan Rows": 19990,"Plan Width": 34,"Actual Startup Time": 4.734,"Actual Total Time": 354.759,"Actual Rows": 33108,"Actual Loops": 5,"Inner Unique": false,"Hash Cond": "(l1.l_suppkey = supplier.s_suppkey)","Workers": [],"Plans": [{"Node Type": "Seq Scan","Parent Relationship": "Outer","Parallel Aware": true,"Async Capable": false,"Relation Name": "lineitem","Alias": "l1","Startup Cost": 0.00,"Total Cost": 131256.80,"Plan Rows": 500101,"Plan Width": 8,"Actual Startup Time": 0.025,"Actual Total Time": 303.070,"Actual Rows": 758659,"Actual Loops": 5,"Filter": "(l_receiptdate > l_commitdate)","Rows Removed by Filter": 441584,"Workers": []},{"Node Type": "Hash","Parent Relationship": "Inner","Parallel Aware": false,"Async Capable": false,"Startup Cost": 244.58,"Total Cost": 244.58,"Plan Rows": 400,"Plan Width": 30,"Actual Startup Time": 4.446,"Actual Total Time": 4.454,"Actual Rows": 438,"Actual Loops": 5,"Hash Buckets": 1024,"Original Hash Buckets": 1024,"Hash Batches": 1,"Original Hash Batches": 1,"Peak Memory Usage": 36,"Workers": [],"Plans": [{"Node Type": "Nested Loop","Parent Relationship": "Outer","Parallel Aware": false,"Async Capable": false,"Join Type": "Inner","Startup Cost": 7.38,"Total Cost": 244.58,"Plan Rows": 400,"Plan Width": 30,"Actual Startup Time": 0.266,"Actual Total Time": 4.290,"Actual Rows": 438,"Actual Loops": 5,"Inner Unique": false,"Workers": [],"Plans": [{"Node Type": "Seq Scan","Parent Relationship": "Outer","Parallel Aware": false,"Async Capable": false,"Relation Name": "nation","Alias": "nation","Startup Cost": 0.00,"Total Cost": 1.31,"Plan Rows": 1,"Plan Width": 4,"Actual Startup Time": 0.058,"Actual Total Time": 0.064,"Actual Rows": 1,"Actual Loops": 5,"Filter": "(n_name = 'IRAQ'::bpchar)","Rows Removed by Filter": 24,"Workers": []},{"Node Type": "Bitmap Heap Scan","Parent Relationship": "Inner","Parallel Aware": false,"Async Capable": false,"Relation Name": "supplier","Alias": "supplier","Startup Cost": 7.38,"Total Cost": 239.27,"Plan Rows": 400,"Plan Width": 34,"Actual Startup Time": 0.204,"Actual Total Time": 4.151,"Actual Rows": 438,"Actual Loops": 5,"Recheck Cond": "(s_nationkey = nation.n_nationkey)","Rows Removed by Index Recheck": 0,"Exact Heap Blocks": 194,"Lossy Heap Blocks": 0,"Workers": [],"Plans": [{"Node Type": "Bitmap Index Scan","Parent Relationship": "Outer","Parallel Aware": false,"Async Capable": false,"Index Name": "idx_supplier_nation_key","Startup Cost": 0.00,"Total Cost": 7.29,"Plan Rows": 400,"Plan Width": 0,"Actual Startup Time": 0.139,"Actual Total Time": 0.140,"Actual Rows": 438,"Actual Loops": 5,"Index Cond": "(s_nationkey = nation.n_nationkey)","Workers": []}]}]}]}]},{"Node Type": "Index Scan","Parent Relationship": "Inner","Parallel Aware": false,"Async Capable": false,"Scan Direction": "Forward","Index Name": "idx_lineitem_orderkey","Relation Name": "lineitem","Alias": "l3","Startup Cost": 0.43,"Total Cost": 1.06,"Plan Rows": 6,"Plan Width": 8,"Actual Startup Time": 0.003,"Actual Total Time": 0.003,"Actual Rows": 1,"Actual Loops": 165540,"Index Cond": "(l_orderkey = l1.l_orderkey)","Rows Removed by Index Recheck": 0,"Filter": "((l_receiptdate > l_commitdate) AND (l_suppkey <> l1.l_suppkey))","Rows Removed by Filter": 1,"Workers": []}]}]},{"Node Type": "Index Scan","Parent Relationship": "Inner","Parallel Aware": false,"Async Capable": false,"Scan Direction": "Forward","Index Name": "idx_lineitem_orderkey","Relation Name": "lineitem","Alias": "l2","Startup Cost": 0.43,"Total Cost": 1.02,"Plan Rows": 17,"Plan Width": 8,"Actual Startup Time": 0.007,"Actual Total Time": 0.007,"Actual Rows": 1,"Actual Loops": 14669,"Index Cond": "(l_orderkey = l1.l_orderkey)","Rows Removed by Index Recheck": 0,"Filter": "(l_suppkey <> l1.l_suppkey)","Rows Removed by Filter": 1}]},{"Node Type": "Index Scan","Parent Relationship": "Inner","Parallel Aware": false,"Async Capable": false,"Scan Direction": "Forward","Index Name": "orders_pkey","Relation Name": "orders","Alias": "orders","Startup Cost": 0.43,"Total Cost": 0.51,"Plan Rows": 1,"Plan Width": 4,"Actual Startup Time": 0.008,"Actual Total Time": 0.008,"Actual Rows": 0,"Actual Loops": 8778,"Index Cond": "(o_orderkey = l1.l_orderkey)","Rows Removed by Index Recheck": 0,"Filter": "(o_orderstatus = 'F'::bpchar)","Rows Removed by Filter": 1}]}]}]}]},"Planning Time": 9.762,"Triggers": [],"Execution Time": 529.872}]
[{"Plan": {"Node Type": "Sort","Parallel Aware": false,"Async Capable": false,"Startup Cost": 147378.80,"Total Cost": 147378.81,"Plan Rows": 1,"Plan Width": 34,"Actual Startup Time": 505.815,"Actual Total Time": 525.309,"Actual Rows": 390,"Actual Loops": 1,"Sort Key": ["(count(*)) DESC", "supplier.s_name"],"Sort Method": "quicksort","Sort Space Used": 55,"Sort Space Type": "Memory","Plans": [{"Node Type": "Aggregate","Strategy": "Sorted","Partial Mode": "Simple","Parent Relationship": "Outer","Parallel Aware": false,"Async Capable": false,"Startup Cost": 147378.77,"Total Cost": 147378.79,"Plan Rows": 1,"Plan Width": 34,"Actual Startup Time": 504.634,"Actual Total Time": 524.620,"Actual Rows": 390,"Actual Loops": 1,"Group Key": ["supplier.s_name"],"Plans": [{"Node Type": "Sort","Parent Relationship": "Outer","Parallel Aware": false,"Async Capable": false,"Startup Cost": 147378.77,"Total Cost": 147378.78,"Plan Rows": 1,"Plan Width": 26,"Actual Startup Time": 504.612,"Actual Total Time": 524.224,"Actual Rows": 3844,"Actual Loops": 1,"Sort Key": ["supplier.s_name"],"Sort Method": "quicksort","Sort Space Used": 367,"Sort Space Type": "Memory","Plans": [{"Node Type": "Nested Loop","Parent Relationship": "Outer","Parallel Aware": false,"Async Capable": false,"Join Type": "Inner","Startup Cost": 1250.87,"Total Cost": 147378.76,"Plan Rows": 1,"Plan Width": 26,"Actual Startup Time": 4.787,"Actual Total Time": 512.994,"Actual Rows": 3844,"Actual Loops": 1,"Inner Unique": true,"Plans": [{"Node Type": "Nested Loop","Parent Relationship": "Outer","Parallel Aware": false,"Async Capable": false,"Join Type": "Semi","Startup Cost": 1250.44,"Total Cost": 147378.26,"Plan Rows": 1,"Plan Width": 34,"Actual Startup Time": 4.747,"Actual Total Time": 447.855,"Actual Rows": 7892,"Actual Loops": 1,"Inner Unique": false,"Plans": [{"Node Type": "Gather","Parent Relationship": "Outer","Parallel Aware": false,"Async Capable": false,"Startup Cost": 1250.01,"Total Cost": 147377.22,"Plan Rows": 1,"Plan Width": 34,"Actual Startup Time": 4.560,"Actual Total Time": 339.834,"Actual Rows": 13152,"Actual Loops": 1,"Workers Planned": 4,"Workers Launched": 4,"Single Copy": false,"Plans": [{"Node Type": "Nested Loop","Parent Relationship": "Outer","Parallel Aware": false,"Async Capable": false,"Join Type": "Anti","Startup Cost": 250.01,"Total Cost": 146377.12,"Plan Rows": 1,"Plan Width": 34,"Actual Startup Time": 5.683,"Actual Total Time": 445.299,"Actual Rows": 2630,"Actual Loops": 5,"Inner Unique": false,"Workers": [],"Plans": [{"Node Type": "Hash Join","Parent Relationship": "Outer","Parallel Aware": false,"Async Capable": false,"Join Type": "Inner","Startup Cost": 249.58,"Total Cost": 133581.65,"Plan Rows": 19990,"Plan Width": 34,"Actual Startup Time": 5.525,"Actual Total Time": 357.256,"Actual Rows": 29502,"Actual Loops": 5,"Inner Unique": false,"Hash Cond": "(l1.l_suppkey = supplier.s_suppkey)","Workers": [],"Plans": [{"Node Type": "Seq Scan","Parent Relationship": "Outer","Parallel Aware": true,"Async Capable": false,"Relation Name": "lineitem","Alias": "l1","Startup Cost": 0.00,"Total Cost": 131256.80,"Plan Rows": 500101,"Plan Width": 8,"Actual Startup Time": 0.033,"Actual Total Time": 305.756,"Actual Rows": 758659,"Actual Loops": 5,"Filter": "(l_receiptdate > l_commitdate)","Rows Removed by Filter": 441584,"Workers": []},{"Node Type": "Hash","Parent Relationship": "Inner","Parallel Aware": false,"Async Capable": false,"Startup Cost": 244.58,"Total Cost": 244.58,"Plan Rows": 400,"Plan Width": 30,"Actual Startup Time": 5.155,"Actual Total Time": 5.167,"Actual Rows": 390,"Actual Loops": 5,"Hash Buckets": 1024,"Original Hash Buckets": 1024,"Hash Batches": 1,"Original Hash Batches": 1,"Peak Memory Usage": 33,"Workers": [],"Plans": [{"Node Type": "Nested Loop","Parent Relationship": "Outer","Parallel Aware": false,"Async Capable": false,"Join Type": "Inner","Startup Cost": 7.38,"Total Cost": 244.58,"Plan Rows": 400,"Plan Width": 30,"Actual Startup Time": 0.295,"Actual Total Time": 4.960,"Actual Rows": 390,"Actual Loops": 5,"Inner Unique": false,"Workers": [],"Plans": [{"Node Type": "Seq Scan","Parent Relationship": "Outer","Parallel Aware": false,"Async Capable": false,"Relation Name": "nation","Alias": "nation","Startup Cost": 0.00,"Total Cost": 1.31,"Plan Rows": 1,"Plan Width": 4,"Actual Startup Time": 0.065,"Actual Total Time": 0.070,"Actual Rows": 1,"Actual Loops": 5,"Filter": "(n_name = 'UNITED KINGDOM'::bpchar)","Rows Removed by Filter": 24,"Workers": []},{"Node Type": "Bitmap Heap Scan","Parent Relationship": "Inner","Parallel Aware": false,"Async Capable": false,"Relation Name": "supplier","Alias": "supplier","Startup Cost": 7.38,"Total Cost": 239.27,"Plan Rows": 400,"Plan Width": 34,"Actual Startup Time": 0.224,"Actual Total Time": 4.798,"Actual Rows": 390,"Actual Loops": 5,"Recheck Cond": "(s_nationkey = nation.n_nationkey)","Rows Removed by Index Recheck": 0,"Exact Heap Blocks": 190,"Lossy Heap Blocks": 0,"Workers": [],"Plans": [{"Node Type": "Bitmap Index Scan","Parent Relationship": "Outer","Parallel Aware": false,"Async Capable": false,"Index Name": "idx_supplier_nation_key","Startup Cost": 0.00,"Total Cost": 7.29,"Plan Rows": 400,"Plan Width": 0,"Actual Startup Time": 0.138,"Actual Total Time": 0.139,"Actual Rows": 390,"Actual Loops": 5,"Index Cond": "(s_nationkey = nation.n_nationkey)","Workers": []}]}]}]}]},{"Node Type": "Index Scan","Parent Relationship": "Inner","Parallel Aware": false,"Async Capable": false,"Scan Direction": "Forward","Index Name": "idx_lineitem_orderkey","Relation Name": "lineitem","Alias": "l3","Startup Cost": 0.43,"Total Cost": 1.06,"Plan Rows": 6,"Plan Width": 8,"Actual Startup Time": 0.003,"Actual Total Time": 0.003,"Actual Rows": 1,"Actual Loops": 147510,"Index Cond": "(l_orderkey = l1.l_orderkey)","Rows Removed by Index Recheck": 0,"Filter": "((l_receiptdate > l_commitdate) AND (l_suppkey <> l1.l_suppkey))","Rows Removed by Filter": 1,"Workers": []}]}]},{"Node Type": "Index Scan","Parent Relationship": "Inner","Parallel Aware": false,"Async Capable": false,"Scan Direction": "Forward","Index Name": "idx_lineitem_orderkey","Relation Name": "lineitem","Alias": "l2","Startup Cost": 0.43,"Total Cost": 1.02,"Plan Rows": 17,"Plan Width": 8,"Actual Startup Time": 0.008,"Actual Total Time": 0.008,"Actual Rows": 1,"Actual Loops": 13152,"Index Cond": "(l_orderkey = l1.l_orderkey)","Rows Removed by Index Recheck": 0,"Filter": "(l_suppkey <> l1.l_suppkey)","Rows Removed by Filter": 1}]},{"Node Type": "Index Scan","Parent Relationship": "Inner","Parallel Aware": false,"Async Capable": false,"Scan Direction": "Forward","Index Name": "orders_pkey","Relation Name": "orders","Alias": "orders","Startup Cost": 0.43,"Total Cost": 0.51,"Plan Rows": 1,"Plan Width": 4,"Actual Startup Time": 0.008,"Actual Total Time": 0.008,"Actual Rows": 0,"Actual Loops": 7892,"Index Cond": "(o_orderkey = l1.l_orderkey)","Rows Removed by Index Recheck": 0,"Filter": "(o_orderstatus = 'F'::bpchar)","Rows Removed by Filter": 1}]}]}]}]},"Planning Time": 10.043,"Triggers": [],"Execution Time": 525.836}]
[{"Plan": {"Node Type": "Sort","Parallel Aware": false,"Async Capable": false,"Startup Cost": 147378.80,"Total Cost": 147378.81,"Plan Rows": 1,"Plan Width": 34,"Actual Startup Time": 510.910,"Actual Total Time": 530.461,"Actual Rows": 420,"Actual Loops": 1,"Sort Key": ["(count(*)) DESC", "supplier.s_name"],"Sort Method": "quicksort","Sort Space Used": 57,"Sort Space Type": "Memory","Plans": [{"Node Type": "Aggregate","Strategy": "Sorted","Partial Mode": "Simple","Parent Relationship": "Outer","Parallel Aware": false,"Async Capable": false,"Startup Cost": 147378.77,"Total Cost": 147378.79,"Plan Rows": 1,"Plan Width": 34,"Actual Startup Time": 509.613,"Actual Total Time": 529.683,"Actual Rows": 420,"Actual Loops": 1,"Group Key": ["supplier.s_name"],"Plans": [{"Node Type": "Sort","Parent Relationship": "Outer","Parallel Aware": false,"Async Capable": false,"Startup Cost": 147378.77,"Total Cost": 147378.78,"Plan Rows": 1,"Plan Width": 26,"Actual Startup Time": 509.594,"Actual Total Time": 529.267,"Actual Rows": 4090,"Actual Loops": 1,"Sort Key": ["supplier.s_name"],"Sort Method": "quicksort","Sort Space Used": 384,"Sort Space Type": "Memory","Plans": [{"Node Type": "Nested Loop","Parent Relationship": "Outer","Parallel Aware": false,"Async Capable": false,"Join Type": "Inner","Startup Cost": 1250.87,"Total Cost": 147378.76,"Plan Rows": 1,"Plan Width": 26,"Actual Startup Time": 4.580,"Actual Total Time": 518.201,"Actual Rows": 4090,"Actual Loops": 1,"Inner Unique": true,"Plans": [{"Node Type": "Nested Loop","Parent Relationship": "Outer","Parallel Aware": false,"Async Capable": false,"Join Type": "Semi","Startup Cost": 1250.44,"Total Cost": 147378.26,"Plan Rows": 1,"Plan Width": 34,"Actual Startup Time": 4.545,"Actual Total Time": 454.390,"Actual Rows": 8430,"Actual Loops": 1,"Inner Unique": false,"Plans": [{"Node Type": "Gather","Parent Relationship": "Outer","Parallel Aware": false,"Async Capable": false,"Startup Cost": 1250.01,"Total Cost": 147377.22,"Plan Rows": 1,"Plan Width": 34,"Actual Startup Time": 4.342,"Actual Total Time": 344.810,"Actual Rows": 14089,"Actual Loops": 1,"Workers Planned": 4,"Workers Launched": 4,"Single Copy": false,"Plans": [{"Node Type": "Nested Loop","Parent Relationship": "Outer","Parallel Aware": false,"Async Capable": false,"Join Type": "Anti","Startup Cost": 250.01,"Total Cost": 146377.12,"Plan Rows": 1,"Plan Width": 34,"Actual Startup Time": 5.491,"Actual Total Time": 451.438,"Actual Rows": 2818,"Actual Loops": 5,"Inner Unique": false,"Workers": [],"Plans": [{"Node Type": "Hash Join","Parent Relationship": "Outer","Parallel Aware": false,"Async Capable": false,"Join Type": "Inner","Startup Cost": 249.58,"Total Cost": 133581.65,"Plan Rows": 19990,"Plan Width": 34,"Actual Startup Time": 5.196,"Actual Total Time": 357.512,"Actual Rows": 31960,"Actual Loops": 5,"Inner Unique": false,"Hash Cond": "(l1.l_suppkey = supplier.s_suppkey)","Workers": [],"Plans": [{"Node Type": "Seq Scan","Parent Relationship": "Outer","Parallel Aware": true,"Async Capable": false,"Relation Name": "lineitem","Alias": "l1","Startup Cost": 0.00,"Total Cost": 131256.80,"Plan Rows": 500101,"Plan Width": 8,"Actual Startup Time": 0.027,"Actual Total Time": 305.923,"Actual Rows": 758659,"Actual Loops": 5,"Filter": "(l_receiptdate > l_commitdate)","Rows Removed by Filter": 441584,"Workers": []},{"Node Type": "Hash","Parent Relationship": "Inner","Parallel Aware": false,"Async Capable": false,"Startup Cost": 244.58,"Total Cost": 244.58,"Plan Rows": 400,"Plan Width": 30,"Actual Startup Time": 4.831,"Actual Total Time": 4.844,"Actual Rows": 420,"Actual Loops": 5,"Hash Buckets": 1024,"Original Hash Buckets": 1024,"Hash Batches": 1,"Original Hash Batches": 1,"Peak Memory Usage": 35,"Workers": [],"Plans": [{"Node Type": "Nested Loop","Parent Relationship": "Outer","Parallel Aware": false,"Async Capable": false,"Join Type": "Inner","Startup Cost": 7.38,"Total Cost": 244.58,"Plan Rows": 400,"Plan Width": 30,"Actual Startup Time": 0.275,"Actual Total Time": 4.655,"Actual Rows": 420,"Actual Loops": 5,"Inner Unique": false,"Workers": [],"Plans": [{"Node Type": "Seq Scan","Parent Relationship": "Outer","Parallel Aware": false,"Async Capable": false,"Relation Name": "nation","Alias": "nation","Startup Cost": 0.00,"Total Cost": 1.31,"Plan Rows": 1,"Plan Width": 4,"Actual Startup Time": 0.047,"Actual Total Time": 0.057,"Actual Rows": 1,"Actual Loops": 5,"Filter": "(n_name = 'ALGERIA'::bpchar)","Rows Removed by Filter": 24,"Workers": []},{"Node Type": "Bitmap Heap Scan","Parent Relationship": "Inner","Parallel Aware": false,"Async Capable": false,"Relation Name": "supplier","Alias": "supplier","Startup Cost": 7.38,"Total Cost": 239.27,"Plan Rows": 400,"Plan Width": 34,"Actual Startup Time": 0.222,"Actual Total Time": 4.505,"Actual Rows": 420,"Actual Loops": 5,"Recheck Cond": "(s_nationkey = nation.n_nationkey)","Rows Removed by Index Recheck": 0,"Exact Heap Blocks": 197,"Lossy Heap Blocks": 0,"Workers": [],"Plans": [{"Node Type": "Bitmap Index Scan","Parent Relationship": "Outer","Parallel Aware": false,"Async Capable": false,"Index Name": "idx_supplier_nation_key","Startup Cost": 0.00,"Total Cost": 7.29,"Plan Rows": 400,"Plan Width": 0,"Actual Startup Time": 0.137,"Actual Total Time": 0.140,"Actual Rows": 420,"Actual Loops": 5,"Index Cond": "(s_nationkey = nation.n_nationkey)","Workers": []}]}]}]}]},{"Node Type": "Index Scan","Parent Relationship": "Inner","Parallel Aware": false,"Async Capable": false,"Scan Direction": "Forward","Index Name": "idx_lineitem_orderkey","Relation Name": "lineitem","Alias": "l3","Startup Cost": 0.43,"Total Cost": 1.06,"Plan Rows": 6,"Plan Width": 8,"Actual Startup Time": 0.003,"Actual Total Time": 0.003,"Actual Rows": 1,"Actual Loops": 159800,"Index Cond": "(l_orderkey = l1.l_orderkey)","Rows Removed by Index Recheck": 0,"Filter": "((l_receiptdate > l_commitdate) AND (l_suppkey <> l1.l_suppkey))","Rows Removed by Filter": 1,"Workers": []}]}]},{"Node Type": "Index Scan","Parent Relationship": "Inner","Parallel Aware": false,"Async Capable": false,"Scan Direction": "Forward","Index Name": "idx_lineitem_orderkey","Relation Name": "lineitem","Alias": "l2","Startup Cost": 0.43,"Total Cost": 1.02,"Plan Rows": 17,"Plan Width": 8,"Actual Startup Time": 0.007,"Actual Total Time": 0.007,"Actual Rows": 1,"Actual Loops": 14089,"Index Cond": "(l_orderkey = l1.l_orderkey)","Rows Removed by Index Recheck": 0,"Filter": "(l_suppkey <> l1.l_suppkey)","Rows Removed by Filter": 1}]},{"Node Type": "Index Scan","Parent Relationship": "Inner","Parallel Aware": false,"Async Capable": false,"Scan Direction": "Forward","Index Name": "orders_pkey","Relation Name": "orders","Alias": "orders","Startup Cost": 0.43,"Total Cost": 0.51,"Plan Rows": 1,"Plan Width": 4,"Actual Startup Time": 0.007,"Actual Total Time": 0.007,"Actual Rows": 0,"Actual Loops": 8430,"Index Cond": "(o_orderkey = l1.l_orderkey)","Rows Removed by Index Recheck": 0,"Filter": "(o_orderstatus = 'F'::bpchar)","Rows Removed by Filter": 1}]}]}]}]},"Planning Time": 9.770,"Triggers": [],"Execution Time": 531.084}]
[{"Plan": {"Node Type": "Sort","Parallel Aware": false,"Async Capable": false,"Startup Cost": 147378.80,"Total Cost": 147378.81,"Plan Rows": 1,"Plan Width": 34,"Actual Startup Time": 494.557,"Actual Total Time": 516.628,"Actual Rows": 380,"Actual Loops": 1,"Sort Key": ["(count(*)) DESC", "supplier.s_name"],"Sort Method": "quicksort","Sort Space Used": 54,"Sort Space Type": "Memory","Plans": [{"Node Type": "Aggregate","Strategy": "Sorted","Partial Mode": "Simple","Parent Relationship": "Outer","Parallel Aware": false,"Async Capable": false,"Startup Cost": 147378.77,"Total Cost": 147378.79,"Plan Rows": 1,"Plan Width": 34,"Actual Startup Time": 493.417,"Actual Total Time": 515.990,"Actual Rows": 380,"Actual Loops": 1,"Group Key": ["supplier.s_name"],"Plans": [{"Node Type": "Sort","Parent Relationship": "Outer","Parallel Aware": false,"Async Capable": false,"Startup Cost": 147378.77,"Total Cost": 147378.78,"Plan Rows": 1,"Plan Width": 26,"Actual Startup Time": 493.396,"Actual Total Time": 515.587,"Actual Rows": 3777,"Actual Loops": 1,"Sort Key": ["supplier.s_name"],"Sort Method": "quicksort","Sort Space Used": 362,"Sort Space Type": "Memory","Plans": [{"Node Type": "Nested Loop","Parent Relationship": "Outer","Parallel Aware": false,"Async Capable": false,"Join Type": "Inner","Startup Cost": 1250.87,"Total Cost": 147378.76,"Plan Rows": 1,"Plan Width": 26,"Actual Startup Time": 4.998,"Actual Total Time": 504.711,"Actual Rows": 3777,"Actual Loops": 1,"Inner Unique": true,"Plans": [{"Node Type": "Nested Loop","Parent Relationship": "Outer","Parallel Aware": false,"Async Capable": false,"Join Type": "Semi","Startup Cost": 1250.44,"Total Cost": 147378.26,"Plan Rows": 1,"Plan Width": 34,"Actual Startup Time": 4.963,"Actual Total Time": 440.621,"Actual Rows": 7670,"Actual Loops": 1,"Inner Unique": false,"Plans": [{"Node Type": "Gather","Parent Relationship": "Outer","Parallel Aware": false,"Async Capable": false,"Startup Cost": 1250.01,"Total Cost": 147377.22,"Plan Rows": 1,"Plan Width": 34,"Actual Startup Time": 4.951,"Actual Total Time": 333.201,"Actual Rows": 12935,"Actual Loops": 1,"Workers Planned": 4,"Workers Launched": 4,"Single Copy": false,"Plans": [{"Node Type": "Nested Loop","Parent Relationship": "Outer","Parallel Aware": false,"Async Capable": false,"Join Type": "Anti","Startup Cost": 250.01,"Total Cost": 146377.12,"Plan Rows": 1,"Plan Width": 34,"Actual Startup Time": 5.873,"Actual Total Time": 437.867,"Actual Rows": 2587,"Actual Loops": 5,"Inner Unique": false,"Workers": [],"Plans": [{"Node Type": "Hash Join","Parent Relationship": "Outer","Parallel Aware": false,"Async Capable": false,"Join Type": "Inner","Startup Cost": 249.58,"Total Cost": 133581.65,"Plan Rows": 19990,"Plan Width": 34,"Actual Startup Time": 5.239,"Actual Total Time": 352.656,"Actual Rows": 28741,"Actual Loops": 5,"Inner Unique": false,"Hash Cond": "(l1.l_suppkey = supplier.s_suppkey)","Workers": [],"Plans": [{"Node Type": "Seq Scan","Parent Relationship": "Outer","Parallel Aware": true,"Async Capable": false,"Relation Name": "lineitem","Alias": "l1","Startup Cost": 0.00,"Total Cost": 131256.80,"Plan Rows": 500101,"Plan Width": 8,"Actual Startup Time": 0.031,"Actual Total Time": 300.900,"Actual Rows": 758659,"Actual Loops": 5,"Filter": "(l_receiptdate > l_commitdate)","Rows Removed by Filter": 441584,"Workers": []},{"Node Type": "Hash","Parent Relationship": "Inner","Parallel Aware": false,"Async Capable": false,"Startup Cost": 244.58,"Total Cost": 244.58,"Plan Rows": 400,"Plan Width": 30,"Actual Startup Time": 4.907,"Actual Total Time": 4.921,"Actual Rows": 380,"Actual Loops": 5,"Hash Buckets": 1024,"Original Hash Buckets": 1024,"Hash Batches": 1,"Original Hash Batches": 1,"Peak Memory Usage": 32,"Workers": [],"Plans": [{"Node Type": "Nested Loop","Parent Relationship": "Outer","Parallel Aware": false,"Async Capable": false,"Join Type": "Inner","Startup Cost": 7.38,"Total Cost": 244.58,"Plan Rows": 400,"Plan Width": 30,"Actual Startup Time": 0.293,"Actual Total Time": 4.740,"Actual Rows": 380,"Actual Loops": 5,"Inner Unique": false,"Workers": [],"Plans": [{"Node Type": "Seq Scan","Parent Relationship": "Outer","Parallel Aware": false,"Async Capable": false,"Relation Name": "nation","Alias": "nation","Startup Cost": 0.00,"Total Cost": 1.31,"Plan Rows": 1,"Plan Width": 4,"Actual Startup Time": 0.048,"Actual Total Time": 0.056,"Actual Rows": 1,"Actual Loops": 5,"Filter": "(n_name = 'ETHIOPIA'::bpchar)","Rows Removed by Filter": 24,"Workers": []},{"Node Type": "Bitmap Heap Scan","Parent Relationship": "Inner","Parallel Aware": false,"Async Capable": false,"Relation Name": "supplier","Alias": "supplier","Startup Cost": 7.38,"Total Cost": 239.27,"Plan Rows": 400,"Plan Width": 34,"Actual Startup Time": 0.240,"Actual Total Time": 4.598,"Actual Rows": 380,"Actual Loops": 5,"Recheck Cond": "(s_nationkey = nation.n_nationkey)","Rows Removed by Index Recheck": 0,"Exact Heap Blocks": 192,"Lossy Heap Blocks": 0,"Workers": [],"Plans": [{"Node Type": "Bitmap Index Scan","Parent Relationship": "Outer","Parallel Aware": false,"Async Capable": false,"Index Name": "idx_supplier_nation_key","Startup Cost": 0.00,"Total Cost": 7.29,"Plan Rows": 400,"Plan Width": 0,"Actual Startup Time": 0.158,"Actual Total Time": 0.159,"Actual Rows": 380,"Actual Loops": 5,"Index Cond": "(s_nationkey = nation.n_nationkey)","Workers": []}]}]}]}]},{"Node Type": "Index Scan","Parent Relationship": "Inner","Parallel Aware": false,"Async Capable": false,"Scan Direction": "Forward","Index Name": "idx_lineitem_orderkey","Relation Name": "lineitem","Alias": "l3","Startup Cost": 0.43,"Total Cost": 1.06,"Plan Rows": 6,"Plan Width": 8,"Actual Startup Time": 0.003,"Actual Total Time": 0.003,"Actual Rows": 1,"Actual Loops": 143707,"Index Cond": "(l_orderkey = l1.l_orderkey)","Rows Removed by Index Recheck": 0,"Filter": "((l_receiptdate > l_commitdate) AND (l_suppkey <> l1.l_suppkey))","Rows Removed by Filter": 1,"Workers": []}]}]},{"Node Type": "Index Scan","Parent Relationship": "Inner","Parallel Aware": false,"Async Capable": false,"Scan Direction": "Forward","Index Name": "idx_lineitem_orderkey","Relation Name": "lineitem","Alias": "l2","Startup Cost": 0.43,"Total Cost": 1.02,"Plan Rows": 17,"Plan Width": 8,"Actual Startup Time": 0.008,"Actual Total Time": 0.008,"Actual Rows": 1,"Actual Loops": 12935,"Index Cond": "(l_orderkey = l1.l_orderkey)","Rows Removed by Index Recheck": 0,"Filter": "(l_suppkey <> l1.l_suppkey)","Rows Removed by Filter": 1}]},{"Node Type": "Index Scan","Parent Relationship": "Inner","Parallel Aware": false,"Async Capable": false,"Scan Direction": "Forward","Index Name": "orders_pkey","Relation Name": "orders","Alias": "orders","Startup Cost": 0.43,"Total Cost": 0.51,"Plan Rows": 1,"Plan Width": 4,"Actual Startup Time": 0.008,"Actual Total Time": 0.008,"Actual Rows": 0,"Actual Loops": 7670,"Index Cond": "(o_orderkey = l1.l_orderkey)","Rows Removed by Index Recheck": 0,"Filter": "(o_orderstatus = 'F'::bpchar)","Rows Removed by Filter": 1}]}]}]}]},"Planning Time": 9.415,"Triggers": [],"Execution Time": 517.200}]
[{"Plan": {"Node Type": "Sort","Parallel Aware": false,"Async Capable": false,"Startup Cost": 147378.80,"Total Cost": 147378.81,"Plan Rows": 1,"Plan Width": 34,"Actual Startup Time": 510.910,"Actual Total Time": 530.461,"Actual Rows": 420,"Actual Loops": 1,"Sort Key": ["(count(*)) DESC", "supplier.s_name"],"Sort Method": "quicksort","Sort Space Used": 57,"Sort Space Type": "Memory","Plans": [{"Node Type": "Aggregate","Strategy": "Sorted","Partial Mode": "Simple","Parent Relationship": "Outer","Parallel Aware": false,"Async Capable": false,"Startup Cost": 147378.77,"Total Cost": 147378.79,"Plan Rows": 1,"Plan Width": 34,"Actual Startup Time": 509.613,"Actual Total Time": 529.683,"Actual Rows": 420,"Actual Loops": 1,"Group Key": ["supplier.s_name"],"Plans": [{"Node Type": "Sort","Parent Relationship": "Outer","Parallel Aware": false,"Async Capable": false,"Startup Cost": 147378.77,"Total Cost": 147378.78,"Plan Rows": 1,"Plan Width": 26,"Actual Startup Time": 509.594,"Actual Total Time": 529.267,"Actual Rows": 4090,"Actual Loops": 1,"Sort Key": ["supplier.s_name"],"Sort Method": "quicksort","Sort Space Used": 384,"Sort Space Type": "Memory","Plans": [{"Node Type": "Nested Loop","Parent Relationship": "Outer","Parallel Aware": false,"Async Capable": false,"Join Type": "Inner","Startup Cost": 1250.87,"Total Cost": 147378.76,"Plan Rows": 1,"Plan Width": 26,"Actual Startup Time": 4.580,"Actual Total Time": 518.201,"Actual Rows": 4090,"Actual Loops": 1,"Inner Unique": true,"Plans": [{"Node Type": "Nested Loop","Parent Relationship": "Outer","Parallel Aware": false,"Async Capable": false,"Join Type": "Semi","Startup Cost": 1250.44,"Total Cost": 147378.26,"Plan Rows": 1,"Plan Width": 34,"Actual Startup Time": 4.545,"Actual Total Time": 454.390,"Actual Rows": 8430,"Actual Loops": 1,"Inner Unique": false,"Plans": [{"Node Type": "Gather","Parent Relationship": "Outer","Parallel Aware": false,"Async Capable": false,"Startup Cost": 1250.01,"Total Cost": 147377.22,"Plan Rows": 1,"Plan Width": 34,"Actual Startup Time": 4.342,"Actual Total Time": 344.810,"Actual Rows": 14089,"Actual Loops": 1,"Workers Planned": 4,"Workers Launched": 4,"Single Copy": false,"Plans": [{"Node Type": "Nested Loop","Parent Relationship": "Outer","Parallel Aware": false,"Async Capable": false,"Join Type": "Anti","Startup Cost": 250.01,"Total Cost": 146377.12,"Plan Rows": 1,"Plan Width": 34,"Actual Startup Time": 5.491,"Actual Total Time": 451.438,"Actual Rows": 2818,"Actual Loops": 5,"Inner Unique": false,"Workers": [],"Plans": [{"Node Type": "Hash Join","Parent Relationship": "Outer","Parallel Aware": false,"Async Capable": false,"Join Type": "Inner","Startup Cost": 249.58,"Total Cost": 133581.65,"Plan Rows": 19990,"Plan Width": 34,"Actual Startup Time": 5.196,"Actual Total Time": 357.512,"Actual Rows": 31960,"Actual Loops": 5,"Inner Unique": false,"Hash Cond": "(l1.l_suppkey = supplier.s_suppkey)","Workers": [],"Plans": [{"Node Type": "Seq Scan","Parent Relationship": "Outer","Parallel Aware": true,"Async Capable": false,"Relation Name": "lineitem","Alias": "l1","Startup Cost": 0.00,"Total Cost": 131256.80,"Plan Rows": 500101,"Plan Width": 8,"Actual Startup Time": 0.027,"Actual Total Time": 305.923,"Actual Rows": 758659,"Actual Loops": 5,"Filter": "(l_receiptdate > l_commitdate)","Rows Removed by Filter": 441584,"Workers": []},{"Node Type": "Hash","Parent Relationship": "Inner","Parallel Aware": false,"Async Capable": false,"Startup Cost": 244.58,"Total Cost": 244.58,"Plan Rows": 400,"Plan Width": 30,"Actual Startup Time": 4.831,"Actual Total Time": 4.844,"Actual Rows": 420,"Actual Loops": 5,"Hash Buckets": 1024,"Original Hash Buckets": 1024,"Hash Batches": 1,"Original Hash Batches": 1,"Peak Memory Usage": 35,"Workers": [],"Plans": [{"Node Type": "Nested Loop","Parent Relationship": "Outer","Parallel Aware": false,"Async Capable": false,"Join Type": "Inner","Startup Cost": 7.38,"Total Cost": 244.58,"Plan Rows": 400,"Plan Width": 30,"Actual Startup Time": 0.275,"Actual Total Time": 4.655,"Actual Rows": 420,"Actual Loops": 5,"Inner Unique": false,"Workers": [],"Plans": [{"Node Type": "Seq Scan","Parent Relationship": "Outer","Parallel Aware": false,"Async Capable": false,"Relation Name": "nation","Alias": "nation","Startup Cost": 0.00,"Total Cost": 1.31,"Plan Rows": 1,"Plan Width": 4,"Actual Startup Time": 0.047,"Actual Total Time": 0.057,"Actual Rows": 1,"Actual Loops": 5,"Filter": "(n_name = 'ALGERIA'::bpchar)","Rows Removed by Filter": 24,"Workers": []},{"Node Type": "Bitmap Heap Scan","Parent Relationship": "Inner","Parallel Aware": false,"Async Capable": false,"Relation Name": "supplier","Alias": "supplier","Startup Cost": 7.38,"Total Cost": 239.27,"Plan Rows": 400,"Plan Width": 34,"Actual Startup Time": 0.222,"Actual Total Time": 4.505,"Actual Rows": 420,"Actual Loops": 5,"Recheck Cond": "(s_nationkey = nation.n_nationkey)","Rows Removed by Index Recheck": 0,"Exact Heap Blocks": 197,"Lossy Heap Blocks": 0,"Workers": [],"Plans": [{"Node Type": "Bitmap Index Scan","Parent Relationship": "Outer","Parallel Aware": false,"Async Capable": false,"Index Name": "idx_supplier_nation_key","Startup Cost": 0.00,"Total Cost": 7.29,"Plan Rows": 400,"Plan Width": 0,"Actual Startup Time": 0.137,"Actual Total Time": 0.140,"Actual Rows": 420,"Actual Loops": 5,"Index Cond": "(s_nationkey = nation.n_nationkey)","Workers": []}]}]}]}]},{"Node Type": "Index Scan","Parent Relationship": "Inner","Parallel Aware": false,"Async Capable": false,"Scan Direction": "Forward","Index Name": "idx_lineitem_orderkey","Relation Name": "lineitem","Alias": "l3","Startup Cost": 0.43,"Total Cost": 1.06,"Plan Rows": 6,"Plan Width": 8,"Actual Startup Time": 0.003,"Actual Total Time": 0.003,"Actual Rows": 1,"Actual Loops": 159800,"Index Cond": "(l_orderkey = l1.l_orderkey)","Rows Removed by Index Recheck": 0,"Filter": "((l_receiptdate > l_commitdate) AND (l_suppkey <> l1.l_suppkey))","Rows Removed by Filter": 1,"Workers": []}]}]},{"Node Type": "Index Scan","Parent Relationship": "Inner","Parallel Aware": false,"Async Capable": false,"Scan Direction": "Forward","Index Name": "idx_lineitem_orderkey","Relation Name": "lineitem","Alias": "l2","Startup Cost": 0.43,"Total Cost": 1.02,"Plan Rows": 17,"Plan Width": 8,"Actual Startup Time": 0.007,"Actual Total Time": 0.007,"Actual Rows": 1,"Actual Loops": 14089,"Index Cond": "(l_orderkey = l1.l_orderkey)","Rows Removed by Index Recheck": 0,"Filter": "(l_suppkey <> l1.l_suppkey)","Rows Removed by Filter": 1}]},{"Node Type": "Index Scan","Parent Relationship": "Inner","Parallel Aware": false,"Async Capable": false,"Scan Direction": "Forward","Index Name": "orders_pkey","Relation Name": "orders","Alias": "orders","Startup Cost": 0.43,"Total Cost": 0.51,"Plan Rows": 1,"Plan Width": 4,"Actual Startup Time": 0.007,"Actual Total Time": 0.007,"Actual Rows": 0,"Actual Loops": 8430,"Index Cond": "(o_orderkey = l1.l_orderkey)","Rows Removed by Index Recheck": 0,"Filter": "(o_orderstatus = 'F'::bpchar)","Rows Removed by Filter": 1}]}]}]}]},"Planning Time": 9.770,"Triggers": [],"Execution Time": 531.084}]
[{"Plan": {"Node Type": "Sort","Parallel Aware": false,"Async Capable": false,"Startup Cost": 147378.80,"Total Cost": 147378.81,"Plan Rows": 1,"Plan Width": 34,"Actual Startup Time": 504.070,"Actual Total Time": 522.796,"Actual Rows": 405,"Actual Loops": 1,"Sort Key": ["(count(*)) DESC", "supplier.s_name"],"Sort Method": "quicksort","Sort Space Used": 56,"Sort Space Type": "Memory","Plans": [{"Node Type": "Aggregate","Strategy": "Sorted","Partial Mode": "Simple","Parent Relationship": "Outer","Parallel Aware": false,"Async Capable": false,"Startup Cost": 147378.77,"Total Cost": 147378.79,"Plan Rows": 1,"Plan Width": 34,"Actual Startup Time": 502.850,"Actual Total Time": 522.098,"Actual Rows": 405,"Actual Loops": 1,"Group Key": ["supplier.s_name"],"Plans": [{"Node Type": "Sort","Parent Relationship": "Outer","Parallel Aware": false,"Async Capable": false,"Startup Cost": 147378.77,"Total Cost": 147378.78,"Plan Rows": 1,"Plan Width": 26,"Actual Startup Time": 502.828,"Actual Total Time": 521.678,"Actual Rows": 4028,"Actual Loops": 1,"Sort Key": ["supplier.s_name"],"Sort Method": "quicksort","Sort Space Used": 380,"Sort Space Type": "Memory","Plans": [{"Node Type": "Nested Loop","Parent Relationship": "Outer","Parallel Aware": false,"Async Capable": false,"Join Type": "Inner","Startup Cost": 1250.87,"Total Cost": 147378.76,"Plan Rows": 1,"Plan Width": 26,"Actual Startup Time": 4.998,"Actual Total Time": 510.942,"Actual Rows": 4028,"Actual Loops": 1,"Inner Unique": true,"Plans": [{"Node Type": "Nested Loop","Parent Relationship": "Outer","Parallel Aware": false,"Async Capable": false,"Join Type": "Semi","Startup Cost": 1250.44,"Total Cost": 147378.26,"Plan Rows": 1,"Plan Width": 34,"Actual Startup Time": 4.975,"Actual Total Time": 450.040,"Actual Rows": 8320,"Actual Loops": 1,"Inner Unique": false,"Plans": [{"Node Type": "Gather","Parent Relationship": "Outer","Parallel Aware": false,"Async Capable": false,"Startup Cost": 1250.01,"Total Cost": 147377.22,"Plan Rows": 1,"Plan Width": 34,"Actual Startup Time": 4.836,"Actual Total Time": 345.420,"Actual Rows": 13965,"Actual Loops": 1,"Workers Planned": 4,"Workers Launched": 4,"Single Copy": false,"Plans": [{"Node Type": "Nested Loop","Parent Relationship": "Outer","Parallel Aware": false,"Async Capable": false,"Join Type": "Anti","Startup Cost": 250.01,"Total Cost": 146377.12,"Plan Rows": 1,"Plan Width": 34,"Actual Startup Time": 4.706,"Actual Total Time": 445.819,"Actual Rows": 2793,"Actual Loops": 5,"Inner Unique": false,"Workers": [],"Plans": [{"Node Type": "Hash Join","Parent Relationship": "Outer","Parallel Aware": false,"Async Capable": false,"Join Type": "Inner","Startup Cost": 249.58,"Total Cost": 133581.65,"Plan Rows": 19990,"Plan Width": 34,"Actual Startup Time": 4.328,"Actual Total Time": 354.989,"Actual Rows": 30731,"Actual Loops": 5,"Inner Unique": false,"Hash Cond": "(l1.l_suppkey = supplier.s_suppkey)","Workers": [],"Plans": [{"Node Type": "Seq Scan","Parent Relationship": "Outer","Parallel Aware": true,"Async Capable": false,"Relation Name": "lineitem","Alias": "l1","Startup Cost": 0.00,"Total Cost": 131256.80,"Plan Rows": 500101,"Plan Width": 8,"Actual Startup Time": 0.030,"Actual Total Time": 303.427,"Actual Rows": 758659,"Actual Loops": 5,"Filter": "(l_receiptdate > l_commitdate)","Rows Removed by Filter": 441584,"Workers": []},{"Node Type": "Hash","Parent Relationship": "Inner","Parallel Aware": false,"Async Capable": false,"Startup Cost": 244.58,"Total Cost": 244.58,"Plan Rows": 400,"Plan Width": 30,"Actual Startup Time": 4.016,"Actual Total Time": 4.027,"Actual Rows": 405,"Actual Loops": 5,"Hash Buckets": 1024,"Original Hash Buckets": 1024,"Hash Batches": 1,"Original Hash Batches": 1,"Peak Memory Usage": 34,"Workers": [],"Plans": [{"Node Type": "Nested Loop","Parent Relationship": "Outer","Parallel Aware": false,"Async Capable": false,"Join Type": "Inner","Startup Cost": 7.38,"Total Cost": 244.58,"Plan Rows": 400,"Plan Width": 30,"Actual Startup Time": 0.282,"Actual Total Time": 3.870,"Actual Rows": 405,"Actual Loops": 5,"Inner Unique": false,"Workers": [],"Plans": [{"Node Type": "Seq Scan","Parent Relationship": "Outer","Parallel Aware": false,"Async Capable": false,"Relation Name": "nation","Alias": "nation","Startup Cost": 0.00,"Total Cost": 1.31,"Plan Rows": 1,"Plan Width": 4,"Actual Startup Time": 0.049,"Actual Total Time": 0.055,"Actual Rows": 1,"Actual Loops": 5,"Filter": "(n_name = 'INDONESIA'::bpchar)","Rows Removed by Filter": 24,"Workers": []},{"Node Type": "Bitmap Heap Scan","Parent Relationship": "Inner","Parallel Aware": false,"Async Capable": false,"Relation Name": "supplier","Alias": "supplier","Startup Cost": 7.38,"Total Cost": 239.27,"Plan Rows": 400,"Plan Width": 34,"Actual Startup Time": 0.227,"Actual Total Time": 3.740,"Actual Rows": 405,"Actual Loops": 5,"Recheck Cond": "(s_nationkey = nation.n_nationkey)","Rows Removed by Index Recheck": 0,"Exact Heap Blocks": 192,"Lossy Heap Blocks": 0,"Workers": [],"Plans": [{"Node Type": "Bitmap Index Scan","Parent Relationship": "Outer","Parallel Aware": false,"Async Capable": false,"Index Name": "idx_supplier_nation_key","Startup Cost": 0.00,"Total Cost": 7.29,"Plan Rows": 400,"Plan Width": 0,"Actual Startup Time": 0.146,"Actual Total Time": 0.147,"Actual Rows": 405,"Actual Loops": 5,"Index Cond": "(s_nationkey = nation.n_nationkey)","Workers": []}]}]}]}]},{"Node Type": "Index Scan","Parent Relationship": "Inner","Parallel Aware": false,"Async Capable": false,"Scan Direction": "Forward","Index Name": "idx_lineitem_orderkey","Relation Name": "lineitem","Alias": "l3","Startup Cost": 0.43,"Total Cost": 1.06,"Plan Rows": 6,"Plan Width": 8,"Actual Startup Time": 0.003,"Actual Total Time": 0.003,"Actual Rows": 1,"Actual Loops": 153653,"Index Cond": "(l_orderkey = l1.l_orderkey)","Rows Removed by Index Recheck": 0,"Filter": "((l_receiptdate > l_commitdate) AND (l_suppkey <> l1.l_suppkey))","Rows Removed by Filter": 1,"Workers": []}]}]},{"Node Type": "Index Scan","Parent Relationship": "Inner","Parallel Aware": false,"Async Capable": false,"Scan Direction": "Forward","Index Name": "idx_lineitem_orderkey","Relation Name": "lineitem","Alias": "l2","Startup Cost": 0.43,"Total Cost": 1.02,"Plan Rows": 17,"Plan Width": 8,"Actual Startup Time": 0.007,"Actual Total Time": 0.007,"Actual Rows": 1,"Actual Loops": 13965,"Index Cond": "(l_orderkey = l1.l_orderkey)","Rows Removed by Index Recheck": 0,"Filter": "(l_suppkey <> l1.l_suppkey)","Rows Removed by Filter": 1}]},{"Node Type": "Index Scan","Parent Relationship": "Inner","Parallel Aware": false,"Async Capable": false,"Scan Direction": "Forward","Index Name": "orders_pkey","Relation Name": "orders","Alias": "orders","Startup Cost": 0.43,"Total Cost": 0.51,"Plan Rows": 1,"Plan Width": 4,"Actual Startup Time": 0.007,"Actual Total Time": 0.007,"Actual Rows": 0,"Actual Loops": 8320,"Index Cond": "(o_orderkey = l1.l_orderkey)","Rows Removed by Index Recheck": 0,"Filter": "(o_orderstatus = 'F'::bpchar)","Rows Removed by Filter": 1}]}]}]}]},"Planning Time": 8.753,"Triggers": [],"Execution Time": 523.514}]
[{"Plan": {"Node Type": "Sort","Parallel Aware": false,"Async Capable": false,"Startup Cost": 147378.80,"Total Cost": 147378.81,"Plan Rows": 1,"Plan Width": 34,"Actual Startup Time": 502.540,"Actual Total Time": 523.684,"Actual Rows": 401,"Actual Loops": 1,"Sort Key": ["(count(*)) DESC", "supplier.s_name"],"Sort Method": "quicksort","Sort Space Used": 56,"Sort Space Type": "Memory","Plans": [{"Node Type": "Aggregate","Strategy": "Sorted","Partial Mode": "Simple","Parent Relationship": "Outer","Parallel Aware": false,"Async Capable": false,"Startup Cost": 147378.77,"Total Cost": 147378.79,"Plan Rows": 1,"Plan Width": 34,"Actual Startup Time": 501.310,"Actual Total Time": 522.965,"Actual Rows": 401,"Actual Loops": 1,"Group Key": ["supplier.s_name"],"Plans": [{"Node Type": "Sort","Parent Relationship": "Outer","Parallel Aware": false,"Async Capable": false,"Startup Cost": 147378.77,"Total Cost": 147378.78,"Plan Rows": 1,"Plan Width": 26,"Actual Startup Time": 501.284,"Actual Total Time": 522.551,"Actual Rows": 3970,"Actual Loops": 1,"Sort Key": ["supplier.s_name"],"Sort Method": "quicksort","Sort Space Used": 376,"Sort Space Type": "Memory","Plans": [{"Node Type": "Nested Loop","Parent Relationship": "Outer","Parallel Aware": false,"Async Capable": false,"Join Type": "Inner","Startup Cost": 1250.87,"Total Cost": 147378.76,"Plan Rows": 1,"Plan Width": 26,"Actual Startup Time": 5.240,"Actual Total Time": 512.097,"Actual Rows": 3970,"Actual Loops": 1,"Inner Unique": true,"Plans": [{"Node Type": "Nested Loop","Parent Relationship": "Outer","Parallel Aware": false,"Async Capable": false,"Join Type": "Semi","Startup Cost": 1250.44,"Total Cost": 147378.26,"Plan Rows": 1,"Plan Width": 34,"Actual Startup Time": 4.627,"Actual Total Time": 451.513,"Actual Rows": 8097,"Actual Loops": 1,"Inner Unique": false,"Plans": [{"Node Type": "Gather","Parent Relationship": "Outer","Parallel Aware": false,"Async Capable": false,"Startup Cost": 1250.01,"Total Cost": 147377.22,"Plan Rows": 1,"Plan Width": 34,"Actual Startup Time": 4.615,"Actual Total Time": 347.691,"Actual Rows": 13583,"Actual Loops": 1,"Workers Planned": 4,"Workers Launched": 4,"Single Copy": false,"Plans": [{"Node Type": "Nested Loop","Parent Relationship": "Outer","Parallel Aware": false,"Async Capable": false,"Join Type": "Anti","Startup Cost": 250.01,"Total Cost": 146377.12,"Plan Rows": 1,"Plan Width": 34,"Actual Startup Time": 4.828,"Actual Total Time": 446.701,"Actual Rows": 2717,"Actual Loops": 5,"Inner Unique": false,"Workers": [],"Plans": [{"Node Type": "Hash Join","Parent Relationship": "Outer","Parallel Aware": false,"Async Capable": false,"Join Type": "Inner","Startup Cost": 249.58,"Total Cost": 133581.65,"Plan Rows": 19990,"Plan Width": 34,"Actual Startup Time": 4.456,"Actual Total Time": 356.594,"Actual Rows": 30499,"Actual Loops": 5,"Inner Unique": false,"Hash Cond": "(l1.l_suppkey = supplier.s_suppkey)","Workers": [],"Plans": [{"Node Type": "Seq Scan","Parent Relationship": "Outer","Parallel Aware": true,"Async Capable": false,"Relation Name": "lineitem","Alias": "l1","Startup Cost": 0.00,"Total Cost": 131256.80,"Plan Rows": 500101,"Plan Width": 8,"Actual Startup Time": 0.022,"Actual Total Time": 305.978,"Actual Rows": 758659,"Actual Loops": 5,"Filter": "(l_receiptdate > l_commitdate)","Rows Removed by Filter": 441584,"Workers": []},{"Node Type": "Hash","Parent Relationship": "Inner","Parallel Aware": false,"Async Capable": false,"Startup Cost": 244.58,"Total Cost": 244.58,"Plan Rows": 400,"Plan Width": 30,"Actual Startup Time": 4.157,"Actual Total Time": 4.168,"Actual Rows": 401,"Actual Loops": 5,"Hash Buckets": 1024,"Original Hash Buckets": 1024,"Hash Batches": 1,"Original Hash Batches": 1,"Peak Memory Usage": 34,"Workers": [],"Plans": [{"Node Type": "Nested Loop","Parent Relationship": "Outer","Parallel Aware": false,"Async Capable": false,"Join Type": "Inner","Startup Cost": 7.38,"Total Cost": 244.58,"Plan Rows": 400,"Plan Width": 30,"Actual Startup Time": 0.269,"Actual Total Time": 4.009,"Actual Rows": 401,"Actual Loops": 5,"Inner Unique": false,"Workers": [],"Plans": [{"Node Type": "Seq Scan","Parent Relationship": "Outer","Parallel Aware": false,"Async Capable": false,"Relation Name": "nation","Alias": "nation","Startup Cost": 0.00,"Total Cost": 1.31,"Plan Rows": 1,"Plan Width": 4,"Actual Startup Time": 0.053,"Actual Total Time": 0.057,"Actual Rows": 1,"Actual Loops": 5,"Filter": "(n_name = 'RUSSIA'::bpchar)","Rows Removed by Filter": 24,"Workers": []},{"Node Type": "Bitmap Heap Scan","Parent Relationship": "Inner","Parallel Aware": false,"Async Capable": false,"Relation Name": "supplier","Alias": "supplier","Startup Cost": 7.38,"Total Cost": 239.27,"Plan Rows": 400,"Plan Width": 34,"Actual Startup Time": 0.210,"Actual Total Time": 3.875,"Actual Rows": 401,"Actual Loops": 5,"Recheck Cond": "(s_nationkey = nation.n_nationkey)","Rows Removed by Index Recheck": 0,"Exact Heap Blocks": 180,"Lossy Heap Blocks": 0,"Workers": [],"Plans": [{"Node Type": "Bitmap Index Scan","Parent Relationship": "Outer","Parallel Aware": false,"Async Capable": false,"Index Name": "idx_supplier_nation_key","Startup Cost": 0.00,"Total Cost": 7.29,"Plan Rows": 400,"Plan Width": 0,"Actual Startup Time": 0.139,"Actual Total Time": 0.140,"Actual Rows": 401,"Actual Loops": 5,"Index Cond": "(s_nationkey = nation.n_nationkey)","Workers": []}]}]}]}]},{"Node Type": "Index Scan","Parent Relationship": "Inner","Parallel Aware": false,"Async Capable": false,"Scan Direction": "Forward","Index Name": "idx_lineitem_orderkey","Relation Name": "lineitem","Alias": "l3","Startup Cost": 0.43,"Total Cost": 1.06,"Plan Rows": 6,"Plan Width": 8,"Actual Startup Time": 0.003,"Actual Total Time": 0.003,"Actual Rows": 1,"Actual Loops": 152495,"Index Cond": "(l_orderkey = l1.l_orderkey)","Rows Removed by Index Recheck": 0,"Filter": "((l_receiptdate > l_commitdate) AND (l_suppkey <> l1.l_suppkey))","Rows Removed by Filter": 1,"Workers": []}]}]},{"Node Type": "Index Scan","Parent Relationship": "Inner","Parallel Aware": false,"Async Capable": false,"Scan Direction": "Forward","Index Name": "idx_lineitem_orderkey","Relation Name": "lineitem","Alias": "l2","Startup Cost": 0.43,"Total Cost": 1.02,"Plan Rows": 17,"Plan Width": 8,"Actual Startup Time": 0.007,"Actual Total Time": 0.007,"Actual Rows": 1,"Actual Loops": 13583,"Index Cond": "(l_orderkey = l1.l_orderkey)","Rows Removed by Index Recheck": 0,"Filter": "(l_suppkey <> l1.l_suppkey)","Rows Removed by Filter": 1}]},{"Node Type": "Index Scan","Parent Relationship": "Inner","Parallel Aware": false,"Async Capable": false,"Scan Direction": "Forward","Index Name": "orders_pkey","Relation Name": "orders","Alias": "orders","Startup Cost": 0.43,"Total Cost": 0.51,"Plan Rows": 1,"Plan Width": 4,"Actual Startup Time": 0.007,"Actual Total Time": 0.007,"Actual Rows": 0,"Actual Loops": 8097,"Index Cond": "(o_orderkey = l1.l_orderkey)","Rows Removed by Index Recheck": 0,"Filter": "(o_orderstatus = 'F'::bpchar)","Rows Removed by Filter": 1}]}]}]}]},"Planning Time": 9.437,"Triggers": [],"Execution Time": 524.297}]
[{"Plan": {"Node Type": "Sort","Parallel Aware": false,"Async Capable": false,"Startup Cost": 147378.80,"Total Cost": 147378.81,"Plan Rows": 1,"Plan Width": 34,"Actual Startup Time": 504.070,"Actual Total Time": 522.796,"Actual Rows": 405,"Actual Loops": 1,"Sort Key": ["(count(*)) DESC", "supplier.s_name"],"Sort Method": "quicksort","Sort Space Used": 56,"Sort Space Type": "Memory","Plans": [{"Node Type": "Aggregate","Strategy": "Sorted","Partial Mode": "Simple","Parent Relationship": "Outer","Parallel Aware": false,"Async Capable": false,"Startup Cost": 147378.77,"Total Cost": 147378.79,"Plan Rows": 1,"Plan Width": 34,"Actual Startup Time": 502.850,"Actual Total Time": 522.098,"Actual Rows": 405,"Actual Loops": 1,"Group Key": ["supplier.s_name"],"Plans": [{"Node Type": "Sort","Parent Relationship": "Outer","Parallel Aware": false,"Async Capable": false,"Startup Cost": 147378.77,"Total Cost": 147378.78,"Plan Rows": 1,"Plan Width": 26,"Actual Startup Time": 502.828,"Actual Total Time": 521.678,"Actual Rows": 4028,"Actual Loops": 1,"Sort Key": ["supplier.s_name"],"Sort Method": "quicksort","Sort Space Used": 380,"Sort Space Type": "Memory","Plans": [{"Node Type": "Nested Loop","Parent Relationship": "Outer","Parallel Aware": false,"Async Capable": false,"Join Type": "Inner","Startup Cost": 1250.87,"Total Cost": 147378.76,"Plan Rows": 1,"Plan Width": 26,"Actual Startup Time": 4.998,"Actual Total Time": 510.942,"Actual Rows": 4028,"Actual Loops": 1,"Inner Unique": true,"Plans": [{"Node Type": "Nested Loop","Parent Relationship": "Outer","Parallel Aware": false,"Async Capable": false,"Join Type": "Semi","Startup Cost": 1250.44,"Total Cost": 147378.26,"Plan Rows": 1,"Plan Width": 34,"Actual Startup Time": 4.975,"Actual Total Time": 450.040,"Actual Rows": 8320,"Actual Loops": 1,"Inner Unique": false,"Plans": [{"Node Type": "Gather","Parent Relationship": "Outer","Parallel Aware": false,"Async Capable": false,"Startup Cost": 1250.01,"Total Cost": 147377.22,"Plan Rows": 1,"Plan Width": 34,"Actual Startup Time": 4.836,"Actual Total Time": 345.420,"Actual Rows": 13965,"Actual Loops": 1,"Workers Planned": 4,"Workers Launched": 4,"Single Copy": false,"Plans": [{"Node Type": "Nested Loop","Parent Relationship": "Outer","Parallel Aware": false,"Async Capable": false,"Join Type": "Anti","Startup Cost": 250.01,"Total Cost": 146377.12,"Plan Rows": 1,"Plan Width": 34,"Actual Startup Time": 4.706,"Actual Total Time": 445.819,"Actual Rows": 2793,"Actual Loops": 5,"Inner Unique": false,"Workers": [],"Plans": [{"Node Type": "Hash Join","Parent Relationship": "Outer","Parallel Aware": false,"Async Capable": false,"Join Type": "Inner","Startup Cost": 249.58,"Total Cost": 133581.65,"Plan Rows": 19990,"Plan Width": 34,"Actual Startup Time": 4.328,"Actual Total Time": 354.989,"Actual Rows": 30731,"Actual Loops": 5,"Inner Unique": false,"Hash Cond": "(l1.l_suppkey = supplier.s_suppkey)","Workers": [],"Plans": [{"Node Type": "Seq Scan","Parent Relationship": "Outer","Parallel Aware": true,"Async Capable": false,"Relation Name": "lineitem","Alias": "l1","Startup Cost": 0.00,"Total Cost": 131256.80,"Plan Rows": 500101,"Plan Width": 8,"Actual Startup Time": 0.030,"Actual Total Time": 303.427,"Actual Rows": 758659,"Actual Loops": 5,"Filter": "(l_receiptdate > l_commitdate)","Rows Removed by Filter": 441584,"Workers": []},{"Node Type": "Hash","Parent Relationship": "Inner","Parallel Aware": false,"Async Capable": false,"Startup Cost": 244.58,"Total Cost": 244.58,"Plan Rows": 400,"Plan Width": 30,"Actual Startup Time": 4.016,"Actual Total Time": 4.027,"Actual Rows": 405,"Actual Loops": 5,"Hash Buckets": 1024,"Original Hash Buckets": 1024,"Hash Batches": 1,"Original Hash Batches": 1,"Peak Memory Usage": 34,"Workers": [],"Plans": [{"Node Type": "Nested Loop","Parent Relationship": "Outer","Parallel Aware": false,"Async Capable": false,"Join Type": "Inner","Startup Cost": 7.38,"Total Cost": 244.58,"Plan Rows": 400,"Plan Width": 30,"Actual Startup Time": 0.282,"Actual Total Time": 3.870,"Actual Rows": 405,"Actual Loops": 5,"Inner Unique": false,"Workers": [],"Plans": [{"Node Type": "Seq Scan","Parent Relationship": "Outer","Parallel Aware": false,"Async Capable": false,"Relation Name": "nation","Alias": "nation","Startup Cost": 0.00,"Total Cost": 1.31,"Plan Rows": 1,"Plan Width": 4,"Actual Startup Time": 0.049,"Actual Total Time": 0.055,"Actual Rows": 1,"Actual Loops": 5,"Filter": "(n_name = 'INDONESIA'::bpchar)","Rows Removed by Filter": 24,"Workers": []},{"Node Type": "Bitmap Heap Scan","Parent Relationship": "Inner","Parallel Aware": false,"Async Capable": false,"Relation Name": "supplier","Alias": "supplier","Startup Cost": 7.38,"Total Cost": 239.27,"Plan Rows": 400,"Plan Width": 34,"Actual Startup Time": 0.227,"Actual Total Time": 3.740,"Actual Rows": 405,"Actual Loops": 5,"Recheck Cond": "(s_nationkey = nation.n_nationkey)","Rows Removed by Index Recheck": 0,"Exact Heap Blocks": 192,"Lossy Heap Blocks": 0,"Workers": [],"Plans": [{"Node Type": "Bitmap Index Scan","Parent Relationship": "Outer","Parallel Aware": false,"Async Capable": false,"Index Name": "idx_supplier_nation_key","Startup Cost": 0.00,"Total Cost": 7.29,"Plan Rows": 400,"Plan Width": 0,"Actual Startup Time": 0.146,"Actual Total Time": 0.147,"Actual Rows": 405,"Actual Loops": 5,"Index Cond": "(s_nationkey = nation.n_nationkey)","Workers": []}]}]}]}]},{"Node Type": "Index Scan","Parent Relationship": "Inner","Parallel Aware": false,"Async Capable": false,"Scan Direction": "Forward","Index Name": "idx_lineitem_orderkey","Relation Name": "lineitem","Alias": "l3","Startup Cost": 0.43,"Total Cost": 1.06,"Plan Rows": 6,"Plan Width": 8,"Actual Startup Time": 0.003,"Actual Total Time": 0.003,"Actual Rows": 1,"Actual Loops": 153653,"Index Cond": "(l_orderkey = l1.l_orderkey)","Rows Removed by Index Recheck": 0,"Filter": "((l_receiptdate > l_commitdate) AND (l_suppkey <> l1.l_suppkey))","Rows Removed by Filter": 1,"Workers": []}]}]},{"Node Type": "Index Scan","Parent Relationship": "Inner","Parallel Aware": false,"Async Capable": false,"Scan Direction": "Forward","Index Name": "idx_lineitem_orderkey","Relation Name": "lineitem","Alias": "l2","Startup Cost": 0.43,"Total Cost": 1.02,"Plan Rows": 17,"Plan Width": 8,"Actual Startup Time": 0.007,"Actual Total Time": 0.007,"Actual Rows": 1,"Actual Loops": 13965,"Index Cond": "(l_orderkey = l1.l_orderkey)","Rows Removed by Index Recheck": 0,"Filter": "(l_suppkey <> l1.l_suppkey)","Rows Removed by Filter": 1}]},{"Node Type": "Index Scan","Parent Relationship": "Inner","Parallel Aware": false,"Async Capable": false,"Scan Direction": "Forward","Index Name": "orders_pkey","Relation Name": "orders","Alias": "orders","Startup Cost": 0.43,"Total Cost": 0.51,"Plan Rows": 1,"Plan Width": 4,"Actual Startup Time": 0.007,"Actual Total Time": 0.007,"Actual Rows": 0,"Actual Loops": 8320,"Index Cond": "(o_orderkey = l1.l_orderkey)","Rows Removed by Index Recheck": 0,"Filter": "(o_orderstatus = 'F'::bpchar)","Rows Removed by Filter": 1}]}]}]}]},"Planning Time": 8.753,"Triggers": [],"Execution Time": 523.514}]
[{"Plan": {"Node Type": "Sort","Parallel Aware": false,"Async Capable": false,"Startup Cost": 147378.80,"Total Cost": 147378.81,"Plan Rows": 1,"Plan Width": 34,"Actual Startup Time": 507.691,"Actual Total Time": 527.119,"Actual Rows": 411,"Actual Loops": 1,"Sort Key": ["(count(*)) DESC", "supplier.s_name"],"Sort Method": "quicksort","Sort Space Used": 57,"Sort Space Type": "Memory","Plans": [{"Node Type": "Aggregate","Strategy": "Sorted","Partial Mode": "Simple","Parent Relationship": "Outer","Parallel Aware": false,"Async Capable": false,"Startup Cost": 147378.77,"Total Cost": 147378.79,"Plan Rows": 1,"Plan Width": 34,"Actual Startup Time": 506.441,"Actual Total Time": 526.395,"Actual Rows": 411,"Actual Loops": 1,"Group Key": ["supplier.s_name"],"Plans": [{"Node Type": "Sort","Parent Relationship": "Outer","Parallel Aware": false,"Async Capable": false,"Startup Cost": 147378.77,"Total Cost": 147378.78,"Plan Rows": 1,"Plan Width": 26,"Actual Startup Time": 506.413,"Actual Total Time": 525.969,"Actual Rows": 4141,"Actual Loops": 1,"Sort Key": ["supplier.s_name"],"Sort Method": "quicksort","Sort Space Used": 484,"Sort Space Type": "Memory","Plans": [{"Node Type": "Nested Loop","Parent Relationship": "Outer","Parallel Aware": false,"Async Capable": false,"Join Type": "Inner","Startup Cost": 1250.87,"Total Cost": 147378.76,"Plan Rows": 1,"Plan Width": 26,"Actual Startup Time": 4.973,"Actual Total Time": 514.878,"Actual Rows": 4141,"Actual Loops": 1,"Inner Unique": true,"Plans": [{"Node Type": "Nested Loop","Parent Relationship": "Outer","Parallel Aware": false,"Async Capable": false,"Join Type": "Semi","Startup Cost": 1250.44,"Total Cost": 147378.26,"Plan Rows": 1,"Plan Width": 34,"Actual Startup Time": 4.329,"Actual Total Time": 453.804,"Actual Rows": 8357,"Actual Loops": 1,"Inner Unique": false,"Plans": [{"Node Type": "Gather","Parent Relationship": "Outer","Parallel Aware": false,"Async Capable": false,"Startup Cost": 1250.01,"Total Cost": 147377.22,"Plan Rows": 1,"Plan Width": 34,"Actual Startup Time": 4.312,"Actual Total Time": 350.336,"Actual Rows": 13859,"Actual Loops": 1,"Workers Planned": 4,"Workers Launched": 4,"Single Copy": false,"Plans": [{"Node Type": "Nested Loop","Parent Relationship": "Outer","Parallel Aware": false,"Async Capable": false,"Join Type": "Anti","Startup Cost": 250.01,"Total Cost": 146377.12,"Plan Rows": 1,"Plan Width": 34,"Actual Startup Time": 4.818,"Actual Total Time": 450.256,"Actual Rows": 2772,"Actual Loops": 5,"Inner Unique": false,"Workers": [],"Plans": [{"Node Type": "Hash Join","Parent Relationship": "Outer","Parallel Aware": false,"Async Capable": false,"Join Type": "Inner","Startup Cost": 249.58,"Total Cost": 133581.65,"Plan Rows": 19990,"Plan Width": 34,"Actual Startup Time": 4.474,"Actual Total Time": 357.672,"Actual Rows": 31348,"Actual Loops": 5,"Inner Unique": false,"Hash Cond": "(l1.l_suppkey = supplier.s_suppkey)","Workers": [],"Plans": [{"Node Type": "Seq Scan","Parent Relationship": "Outer","Parallel Aware": true,"Async Capable": false,"Relation Name": "lineitem","Alias": "l1","Startup Cost": 0.00,"Total Cost": 131256.80,"Plan Rows": 500101,"Plan Width": 8,"Actual Startup Time": 0.028,"Actual Total Time": 306.873,"Actual Rows": 758659,"Actual Loops": 5,"Filter": "(l_receiptdate > l_commitdate)","Rows Removed by Filter": 441584,"Workers": []},{"Node Type": "Hash","Parent Relationship": "Inner","Parallel Aware": false,"Async Capable": false,"Startup Cost": 244.58,"Total Cost": 244.58,"Plan Rows": 400,"Plan Width": 30,"Actual Startup Time": 4.175,"Actual Total Time": 4.188,"Actual Rows": 411,"Actual Loops": 5,"Hash Buckets": 1024,"Original Hash Buckets": 1024,"Hash Batches": 1,"Original Hash Batches": 1,"Peak Memory Usage": 34,"Workers": [],"Plans": [{"Node Type": "Nested Loop","Parent Relationship": "Outer","Parallel Aware": false,"Async Capable": false,"Join Type": "Inner","Startup Cost": 7.38,"Total Cost": 244.58,"Plan Rows": 400,"Plan Width": 30,"Actual Startup Time": 0.256,"Actual Total Time": 4.027,"Actual Rows": 411,"Actual Loops": 5,"Inner Unique": false,"Workers": [],"Plans": [{"Node Type": "Seq Scan","Parent Relationship": "Outer","Parallel Aware": false,"Async Capable": false,"Relation Name": "nation","Alias": "nation","Startup Cost": 0.00,"Total Cost": 1.31,"Plan Rows": 1,"Plan Width": 4,"Actual Startup Time": 0.047,"Actual Total Time": 0.051,"Actual Rows": 1,"Actual Loops": 5,"Filter": "(n_name = 'SAUDI ARABIA'::bpchar)","Rows Removed by Filter": 24,"Workers": []},{"Node Type": "Bitmap Heap Scan","Parent Relationship": "Inner","Parallel Aware": false,"Async Capable": false,"Relation Name": "supplier","Alias": "supplier","Startup Cost": 7.38,"Total Cost": 239.27,"Plan Rows": 400,"Plan Width": 34,"Actual Startup Time": 0.204,"Actual Total Time": 3.890,"Actual Rows": 411,"Actual Loops": 5,"Recheck Cond": "(s_nationkey = nation.n_nationkey)","Rows Removed by Index Recheck": 0,"Exact Heap Blocks": 182,"Lossy Heap Blocks": 0,"Workers": [],"Plans": [{"Node Type": "Bitmap Index Scan","Parent Relationship": "Outer","Parallel Aware": false,"Async Capable": false,"Index Name": "idx_supplier_nation_key","Startup Cost": 0.00,"Total Cost": 7.29,"Plan Rows": 400,"Plan Width": 0,"Actual Startup Time": 0.143,"Actual Total Time": 0.145,"Actual Rows": 411,"Actual Loops": 5,"Index Cond": "(s_nationkey = nation.n_nationkey)","Workers": []}]}]}]}]},{"Node Type": "Index Scan","Parent Relationship": "Inner","Parallel Aware": false,"Async Capable": false,"Scan Direction": "Forward","Index Name": "idx_lineitem_orderkey","Relation Name": "lineitem","Alias": "l3","Startup Cost": 0.43,"Total Cost": 1.06,"Plan Rows": 6,"Plan Width": 8,"Actual Startup Time": 0.003,"Actual Total Time": 0.003,"Actual Rows": 1,"Actual Loops": 156739,"Index Cond": "(l_orderkey = l1.l_orderkey)","Rows Removed by Index Recheck": 0,"Filter": "((l_receiptdate > l_commitdate) AND (l_suppkey <> l1.l_suppkey))","Rows Removed by Filter": 1,"Workers": []}]}]},{"Node Type": "Index Scan","Parent Relationship": "Inner","Parallel Aware": false,"Async Capable": false,"Scan Direction": "Forward","Index Name": "idx_lineitem_orderkey","Relation Name": "lineitem","Alias": "l2","Startup Cost": 0.43,"Total Cost": 1.02,"Plan Rows": 17,"Plan Width": 8,"Actual Startup Time": 0.007,"Actual Total Time": 0.007,"Actual Rows": 1,"Actual Loops": 13859,"Index Cond": "(l_orderkey = l1.l_orderkey)","Rows Removed by Index Recheck": 0,"Filter": "(l_suppkey <> l1.l_suppkey)","Rows Removed by Filter": 1}]},{"Node Type": "Index Scan","Parent Relationship": "Inner","Parallel Aware": false,"Async Capable": false,"Scan Direction": "Forward","Index Name": "orders_pkey","Relation Name": "orders","Alias": "orders","Startup Cost": 0.43,"Total Cost": 0.51,"Plan Rows": 1,"Plan Width": 4,"Actual Startup Time": 0.007,"Actual Total Time": 0.007,"Actual Rows": 0,"Actual Loops": 8357,"Index Cond": "(o_orderkey = l1.l_orderkey)","Rows Removed by Index Recheck": 0,"Filter": "(o_orderstatus = 'F'::bpchar)","Rows Removed by Filter": 1}]}]}]}]},"Planning Time": 9.483,"Triggers": [],"Execution Time": 527.804}]
[{"Plan": {"Node Type": "Sort","Parallel Aware": false,"Async Capable": false,"Startup Cost": 147378.80,"Total Cost": 147378.81,"Plan Rows": 1,"Plan Width": 34,"Actual Startup Time": 512.736,"Actual Total Time": 529.210,"Actual Rows": 438,"Actual Loops": 1,"Sort Key": ["(count(*)) DESC", "supplier.s_name"],"Sort Method": "quicksort","Sort Space Used": 59,"Sort Space Type": "Memory","Plans": [{"Node Type": "Aggregate","Strategy": "Sorted","Partial Mode": "Simple","Parent Relationship": "Outer","Parallel Aware": false,"Async Capable": false,"Startup Cost": 147378.77,"Total Cost": 147378.79,"Plan Rows": 1,"Plan Width": 34,"Actual Startup Time": 511.404,"Actual Total Time": 528.425,"Actual Rows": 438,"Actual Loops": 1,"Group Key": ["supplier.s_name"],"Plans": [{"Node Type": "Sort","Parent Relationship": "Outer","Parallel Aware": false,"Async Capable": false,"Startup Cost": 147378.77,"Total Cost": 147378.78,"Plan Rows": 1,"Plan Width": 26,"Actual Startup Time": 511.372,"Actual Total Time": 527.974,"Actual Rows": 4210,"Actual Loops": 1,"Sort Key": ["supplier.s_name"],"Sort Method": "quicksort","Sort Space Used": 489,"Sort Space Type": "Memory","Plans": [{"Node Type": "Nested Loop","Parent Relationship": "Outer","Parallel Aware": false,"Async Capable": false,"Join Type": "Inner","Startup Cost": 1250.87,"Total Cost": 147378.76,"Plan Rows": 1,"Plan Width": 26,"Actual Startup Time": 5.368,"Actual Total Time": 515.358,"Actual Rows": 4210,"Actual Loops": 1,"Inner Unique": true,"Plans": [{"Node Type": "Nested Loop","Parent Relationship": "Outer","Parallel Aware": false,"Async Capable": false,"Join Type": "Semi","Startup Cost": 1250.44,"Total Cost": 147378.26,"Plan Rows": 1,"Plan Width": 34,"Actual Startup Time": 5.330,"Actual Total Time": 447.041,"Actual Rows": 8778,"Actual Loops": 1,"Inner Unique": false,"Plans": [{"Node Type": "Gather","Parent Relationship": "Outer","Parallel Aware": false,"Async Capable": false,"Startup Cost": 1250.01,"Total Cost": 147377.22,"Plan Rows": 1,"Plan Width": 34,"Actual Startup Time": 5.278,"Actual Total Time": 329.789,"Actual Rows": 14669,"Actual Loops": 1,"Workers Planned": 4,"Workers Launched": 4,"Single Copy": false,"Plans": [{"Node Type": "Nested Loop","Parent Relationship": "Outer","Parallel Aware": false,"Async Capable": false,"Join Type": "Anti","Startup Cost": 250.01,"Total Cost": 146377.12,"Plan Rows": 1,"Plan Width": 34,"Actual Startup Time": 5.105,"Actual Total Time": 449.554,"Actual Rows": 2934,"Actual Loops": 5,"Inner Unique": false,"Workers": [],"Plans": [{"Node Type": "Hash Join","Parent Relationship": "Outer","Parallel Aware": false,"Async Capable": false,"Join Type": "Inner","Startup Cost": 249.58,"Total Cost": 133581.65,"Plan Rows": 19990,"Plan Width": 34,"Actual Startup Time": 4.734,"Actual Total Time": 354.759,"Actual Rows": 33108,"Actual Loops": 5,"Inner Unique": false,"Hash Cond": "(l1.l_suppkey = supplier.s_suppkey)","Workers": [],"Plans": [{"Node Type": "Seq Scan","Parent Relationship": "Outer","Parallel Aware": true,"Async Capable": false,"Relation Name": "lineitem","Alias": "l1","Startup Cost": 0.00,"Total Cost": 131256.80,"Plan Rows": 500101,"Plan Width": 8,"Actual Startup Time": 0.025,"Actual Total Time": 303.070,"Actual Rows": 758659,"Actual Loops": 5,"Filter": "(l_receiptdate > l_commitdate)","Rows Removed by Filter": 441584,"Workers": []},{"Node Type": "Hash","Parent Relationship": "Inner","Parallel Aware": false,"Async Capable": false,"Startup Cost": 244.58,"Total Cost": 244.58,"Plan Rows": 400,"Plan Width": 30,"Actual Startup Time": 4.446,"Actual Total Time": 4.454,"Actual Rows": 438,"Actual Loops": 5,"Hash Buckets": 1024,"Original Hash Buckets": 1024,"Hash Batches": 1,"Original Hash Batches": 1,"Peak Memory Usage": 36,"Workers": [],"Plans": [{"Node Type": "Nested Loop","Parent Relationship": "Outer","Parallel Aware": false,"Async Capable": false,"Join Type": "Inner","Startup Cost": 7.38,"Total Cost": 244.58,"Plan Rows": 400,"Plan Width": 30,"Actual Startup Time": 0.266,"Actual Total Time": 4.290,"Actual Rows": 438,"Actual Loops": 5,"Inner Unique": false,"Workers": [],"Plans": [{"Node Type": "Seq Scan","Parent Relationship": "Outer","Parallel Aware": false,"Async Capable": false,"Relation Name": "nation","Alias": "nation","Startup Cost": 0.00,"Total Cost": 1.31,"Plan Rows": 1,"Plan Width": 4,"Actual Startup Time": 0.058,"Actual Total Time": 0.064,"Actual Rows": 1,"Actual Loops": 5,"Filter": "(n_name = 'IRAQ'::bpchar)","Rows Removed by Filter": 24,"Workers": []},{"Node Type": "Bitmap Heap Scan","Parent Relationship": "Inner","Parallel Aware": false,"Async Capable": false,"Relation Name": "supplier","Alias": "supplier","Startup Cost": 7.38,"Total Cost": 239.27,"Plan Rows": 400,"Plan Width": 34,"Actual Startup Time": 0.204,"Actual Total Time": 4.151,"Actual Rows": 438,"Actual Loops": 5,"Recheck Cond": "(s_nationkey = nation.n_nationkey)","Rows Removed by Index Recheck": 0,"Exact Heap Blocks": 194,"Lossy Heap Blocks": 0,"Workers": [],"Plans": [{"Node Type": "Bitmap Index Scan","Parent Relationship": "Outer","Parallel Aware": false,"Async Capable": false,"Index Name": "idx_supplier_nation_key","Startup Cost": 0.00,"Total Cost": 7.29,"Plan Rows": 400,"Plan Width": 0,"Actual Startup Time": 0.139,"Actual Total Time": 0.140,"Actual Rows": 438,"Actual Loops": 5,"Index Cond": "(s_nationkey = nation.n_nationkey)","Workers": []}]}]}]}]},{"Node Type": "Index Scan","Parent Relationship": "Inner","Parallel Aware": false,"Async Capable": false,"Scan Direction": "Forward","Index Name": "idx_lineitem_orderkey","Relation Name": "lineitem","Alias": "l3","Startup Cost": 0.43,"Total Cost": 1.06,"Plan Rows": 6,"Plan Width": 8,"Actual Startup Time": 0.003,"Actual Total Time": 0.003,"Actual Rows": 1,"Actual Loops": 165540,"Index Cond": "(l_orderkey = l1.l_orderkey)","Rows Removed by Index Recheck": 0,"Filter": "((l_receiptdate > l_commitdate) AND (l_suppkey <> l1.l_suppkey))","Rows Removed by Filter": 1,"Workers": []}]}]},{"Node Type": "Index Scan","Parent Relationship": "Inner","Parallel Aware": false,"Async Capable": false,"Scan Direction": "Forward","Index Name": "idx_lineitem_orderkey","Relation Name": "lineitem","Alias": "l2","Startup Cost": 0.43,"Total Cost": 1.02,"Plan Rows": 17,"Plan Width": 8,"Actual Startup Time": 0.007,"Actual Total Time": 0.007,"Actual Rows": 1,"Actual Loops": 14669,"Index Cond": "(l_orderkey = l1.l_orderkey)","Rows Removed by Index Recheck": 0,"Filter": "(l_suppkey <> l1.l_suppkey)","Rows Removed by Filter": 1}]},{"Node Type": "Index Scan","Parent Relationship": "Inner","Parallel Aware": false,"Async Capable": false,"Scan Direction": "Forward","Index Name": "orders_pkey","Relation Name": "orders","Alias": "orders","Startup Cost": 0.43,"Total Cost": 0.51,"Plan Rows": 1,"Plan Width": 4,"Actual Startup Time": 0.008,"Actual Total Time": 0.008,"Actual Rows": 0,"Actual Loops": 8778,"Index Cond": "(o_orderkey = l1.l_orderkey)","Rows Removed by Index Recheck": 0,"Filter": "(o_orderstatus = 'F'::bpchar)","Rows Removed by Filter": 1}]}]}]}]},"Planning Time": 9.762,"Triggers": [],"Execution Time": 529.872}]
[{"Plan": {"Node Type": "Sort","Parallel Aware": false,"Async Capable": false,"Startup Cost": 147378.80,"Total Cost": 147378.81,"Plan Rows": 1,"Plan Width": 34,"Actual Startup Time": 496.555,"Actual Total Time": 517.754,"Actual Rows": 397,"Actual Loops": 1,"Sort Key": ["(count(*)) DESC", "supplier.s_name"],"Sort Method": "quicksort","Sort Space Used": 56,"Sort Space Type": "Memory","Plans": [{"Node Type": "Aggregate","Strategy": "Sorted","Partial Mode": "Simple","Parent Relationship": "Outer","Parallel Aware": false,"Async Capable": false,"Startup Cost": 147378.77,"Total Cost": 147378.79,"Plan Rows": 1,"Plan Width": 34,"Actual Startup Time": 495.361,"Actual Total Time": 517.058,"Actual Rows": 397,"Actual Loops": 1,"Group Key": ["supplier.s_name"],"Plans": [{"Node Type": "Sort","Parent Relationship": "Outer","Parallel Aware": false,"Async Capable": false,"Startup Cost": 147378.77,"Total Cost": 147378.78,"Plan Rows": 1,"Plan Width": 26,"Actual Startup Time": 495.332,"Actual Total Time": 516.651,"Actual Rows": 3913,"Actual Loops": 1,"Sort Key": ["supplier.s_name"],"Sort Method": "quicksort","Sort Space Used": 372,"Sort Space Type": "Memory","Plans": [{"Node Type": "Nested Loop","Parent Relationship": "Outer","Parallel Aware": false,"Async Capable": false,"Join Type": "Inner","Startup Cost": 1250.87,"Total Cost": 147378.76,"Plan Rows": 1,"Plan Width": 26,"Actual Startup Time": 5.355,"Actual Total Time": 505.328,"Actual Rows": 3913,"Actual Loops": 1,"Inner Unique": true,"Plans": [{"Node Type": "Nested Loop","Parent Relationship": "Outer","Parallel Aware": false,"Async Capable": false,"Join Type": "Semi","Startup Cost": 1250.44,"Total Cost": 147378.26,"Plan Rows": 1,"Plan Width": 34,"Actual Startup Time": 4.468,"Actual Total Time": 441.221,"Actual Rows": 7976,"Actual Loops": 1,"Inner Unique": false,"Plans": [{"Node Type": "Gather","Parent Relationship": "Outer","Parallel Aware": false,"Async Capable": false,"Startup Cost": 1250.01,"Total Cost": 147377.22,"Plan Rows": 1,"Plan Width": 34,"Actual Startup Time": 4.454,"Actual Total Time": 332.117,"Actual Rows": 13419,"Actual Loops": 1,"Workers Planned": 4,"Workers Launched": 4,"Single Copy": false,"Plans": [{"Node Type": "Nested Loop","Parent Relationship": "Outer","Parallel Aware": false,"Async Capable": false,"Join Type": "Anti","Startup Cost": 250.01,"Total Cost": 146377.12,"Plan Rows": 1,"Plan Width": 34,"Actual Startup Time": 5.707,"Actual Total Time": 439.562,"Actual Rows": 2684,"Actual Loops": 5,"Inner Unique": false,"Workers": [],"Plans": [{"Node Type": "Hash Join","Parent Relationship": "Outer","Parallel Aware": false,"Async Capable": false,"Join Type": "Inner","Startup Cost": 249.58,"Total Cost": 133581.65,"Plan Rows": 19990,"Plan Width": 34,"Actual Startup Time": 5.222,"Actual Total Time": 351.394,"Actual Rows": 30171,"Actual Loops": 5,"Inner Unique": false,"Hash Cond": "(l1.l_suppkey = supplier.s_suppkey)","Workers": [],"Plans": [{"Node Type": "Seq Scan","Parent Relationship": "Outer","Parallel Aware": true,"Async Capable": false,"Relation Name": "lineitem","Alias": "l1","Startup Cost": 0.00,"Total Cost": 131256.80,"Plan Rows": 500101,"Plan Width": 8,"Actual Startup Time": 0.029,"Actual Total Time": 300.354,"Actual Rows": 758659,"Actual Loops": 5,"Filter": "(l_receiptdate > l_commitdate)","Rows Removed by Filter": 441584,"Workers": []},{"Node Type": "Hash","Parent Relationship": "Inner","Parallel Aware": false,"Async Capable": false,"Startup Cost": 244.58,"Total Cost": 244.58,"Plan Rows": 400,"Plan Width": 30,"Actual Startup Time": 4.859,"Actual Total Time": 4.869,"Actual Rows": 397,"Actual Loops": 5,"Hash Buckets": 1024,"Original Hash Buckets": 1024,"Hash Batches": 1,"Original Hash Batches": 1,"Peak Memory Usage": 33,"Workers": [],"Plans": [{"Node Type": "Nested Loop","Parent Relationship": "Outer","Parallel Aware": false,"Async Capable": false,"Join Type": "Inner","Startup Cost": 7.38,"Total Cost": 244.58,"Plan Rows": 400,"Plan Width": 30,"Actual Startup Time": 0.335,"Actual Total Time": 4.677,"Actual Rows": 397,"Actual Loops": 5,"Inner Unique": false,"Workers": [],"Plans": [{"Node Type": "Seq Scan","Parent Relationship": "Outer","Parallel Aware": false,"Async Capable": false,"Relation Name": "nation","Alias": "nation","Startup Cost": 0.00,"Total Cost": 1.31,"Plan Rows": 1,"Plan Width": 4,"Actual Startup Time": 0.076,"Actual Total Time": 0.084,"Actual Rows": 1,"Actual Loops": 5,"Filter": "(n_name = 'BRAZIL'::bpchar)","Rows Removed by Filter": 24,"Workers": []},{"Node Type": "Bitmap Heap Scan","Parent Relationship": "Inner","Parallel Aware": false,"Async Capable": false,"Relation Name": "supplier","Alias": "supplier","Startup Cost": 7.38,"Total Cost": 239.27,"Plan Rows": 400,"Plan Width": 34,"Actual Startup Time": 0.255,"Actual Total Time": 4.499,"Actual Rows": 397,"Actual Loops": 5,"Recheck Cond": "(s_nationkey = nation.n_nationkey)","Rows Removed by Index Recheck": 0,"Exact Heap Blocks": 187,"Lossy Heap Blocks": 0,"Workers": [],"Plans": [{"Node Type": "Bitmap Index Scan","Parent Relationship": "Outer","Parallel Aware": false,"Async Capable": false,"Index Name": "idx_supplier_nation_key","Startup Cost": 0.00,"Total Cost": 7.29,"Plan Rows": 400,"Plan Width": 0,"Actual Startup Time": 0.169,"Actual Total Time": 0.170,"Actual Rows": 397,"Actual Loops": 5,"Index Cond": "(s_nationkey = nation.n_nationkey)","Workers": []}]}]}]}]},{"Node Type": "Index Scan","Parent Relationship": "Inner","Parallel Aware": false,"Async Capable": false,"Scan Direction": "Forward","Index Name": "idx_lineitem_orderkey","Relation Name": "lineitem","Alias": "l3","Startup Cost": 0.43,"Total Cost": 1.06,"Plan Rows": 6,"Plan Width": 8,"Actual Startup Time": 0.003,"Actual Total Time": 0.003,"Actual Rows": 1,"Actual Loops": 150857,"Index Cond": "(l_orderkey = l1.l_orderkey)","Rows Removed by Index Recheck": 0,"Filter": "((l_receiptdate > l_commitdate) AND (l_suppkey <> l1.l_suppkey))","Rows Removed by Filter": 1,"Workers": []}]}]},{"Node Type": "Index Scan","Parent Relationship": "Inner","Parallel Aware": false,"Async Capable": false,"Scan Direction": "Forward","Index Name": "idx_lineitem_orderkey","Relation Name": "lineitem","Alias": "l2","Startup Cost": 0.43,"Total Cost": 1.02,"Plan Rows": 17,"Plan Width": 8,"Actual Startup Time": 0.008,"Actual Total Time": 0.008,"Actual Rows": 1,"Actual Loops": 13419,"Index Cond": "(l_orderkey = l1.l_orderkey)","Rows Removed by Index Recheck": 0,"Filter": "(l_suppkey <> l1.l_suppkey)","Rows Removed by Filter": 1}]},{"Node Type": "Index Scan","Parent Relationship": "Inner","Parallel Aware": false,"Async Capable": false,"Scan Direction": "Forward","Index Name": "orders_pkey","Relation Name": "orders","Alias": "orders","Startup Cost": 0.43,"Total Cost": 0.51,"Plan Rows": 1,"Plan Width": 4,"Actual Startup Time": 0.008,"Actual Total Time": 0.008,"Actual Rows": 0,"Actual Loops": 7976,"Index Cond": "(o_orderkey = l1.l_orderkey)","Rows Removed by Index Recheck": 0,"Filter": "(o_orderstatus = 'F'::bpchar)","Rows Removed by Filter": 1}]}]}]}]},"Planning Time": 8.213,"Triggers": [],"Execution Time": 518.316}]
[{"Plan": {"Node Type": "Sort","Parallel Aware": false,"Async Capable": false,"Startup Cost": 147378.80,"Total Cost": 147378.81,"Plan Rows": 1,"Plan Width": 34,"Actual Startup Time": 501.304,"Actual Total Time": 522.071,"Actual Rows": 393,"Actual Loops": 1,"Sort Key": ["(count(*)) DESC", "supplier.s_name"],"Sort Method": "quicksort","Sort Space Used": 55,"Sort Space Type": "Memory","Plans": [{"Node Type": "Aggregate","Strategy": "Sorted","Partial Mode": "Simple","Parent Relationship": "Outer","Parallel Aware": false,"Async Capable": false,"Startup Cost": 147378.77,"Total Cost": 147378.79,"Plan Rows": 1,"Plan Width": 34,"Actual Startup Time": 500.141,"Actual Total Time": 521.406,"Actual Rows": 393,"Actual Loops": 1,"Group Key": ["supplier.s_name"],"Plans": [{"Node Type": "Sort","Parent Relationship": "Outer","Parallel Aware": false,"Async Capable": false,"Startup Cost": 147378.77,"Total Cost": 147378.78,"Plan Rows": 1,"Plan Width": 26,"Actual Startup Time": 500.117,"Actual Total Time": 521.005,"Actual Rows": 3888,"Actual Loops": 1,"Sort Key": ["supplier.s_name"],"Sort Method": "quicksort","Sort Space Used": 370,"Sort Space Type": "Memory","Plans": [{"Node Type": "Nested Loop","Parent Relationship": "Outer","Parallel Aware": false,"Async Capable": false,"Join Type": "Inner","Startup Cost": 1250.87,"Total Cost": 147378.76,"Plan Rows": 1,"Plan Width": 26,"Actual Startup Time": 4.419,"Actual Total Time": 510.533,"Actual Rows": 3888,"Actual Loops": 1,"Inner Unique": true,"Plans": [{"Node Type": "Nested Loop","Parent Relationship": "Outer","Parallel Aware": false,"Async Capable": false,"Join Type": "Semi","Startup Cost": 1250.44,"Total Cost": 147378.26,"Plan Rows": 1,"Plan Width": 34,"Actual Startup Time": 4.399,"Actual Total Time": 450.183,"Actual Rows": 7870,"Actual Loops": 1,"Inner Unique": false,"Plans": [{"Node Type": "Gather","Parent Relationship": "Outer","Parallel Aware": false,"Async Capable": false,"Startup Cost": 1250.01,"Total Cost": 147377.22,"Plan Rows": 1,"Plan Width": 34,"Actual Startup Time": 4.381,"Actual Total Time": 345.433,"Actual Rows": 13167,"Actual Loops": 1,"Workers Planned": 4,"Workers Launched": 4,"Single Copy": false,"Plans": [{"Node Type": "Nested Loop","Parent Relationship": "Outer","Parallel Aware": false,"Async Capable": false,"Join Type": "Anti","Startup Cost": 250.01,"Total Cost": 146377.12,"Plan Rows": 1,"Plan Width": 34,"Actual Startup Time": 4.384,"Actual Total Time": 444.967,"Actual Rows": 2633,"Actual Loops": 5,"Inner Unique": false,"Workers": [],"Plans": [{"Node Type": "Hash Join","Parent Relationship": "Outer","Parallel Aware": false,"Async Capable": false,"Join Type": "Inner","Startup Cost": 249.58,"Total Cost": 133581.65,"Plan Rows": 19990,"Plan Width": 34,"Actual Startup Time": 4.142,"Actual Total Time": 356.305,"Actual Rows": 29760,"Actual Loops": 5,"Inner Unique": false,"Hash Cond": "(l1.l_suppkey = supplier.s_suppkey)","Workers": [],"Plans": [{"Node Type": "Seq Scan","Parent Relationship": "Outer","Parallel Aware": true,"Async Capable": false,"Relation Name": "lineitem","Alias": "l1","Startup Cost": 0.00,"Total Cost": 131256.80,"Plan Rows": 500101,"Plan Width": 8,"Actual Startup Time": 0.027,"Actual Total Time": 306.242,"Actual Rows": 758659,"Actual Loops": 5,"Filter": "(l_receiptdate > l_commitdate)","Rows Removed by Filter": 441584,"Workers": []},{"Node Type": "Hash","Parent Relationship": "Inner","Parallel Aware": false,"Async Capable": false,"Startup Cost": 244.58,"Total Cost": 244.58,"Plan Rows": 400,"Plan Width": 30,"Actual Startup Time": 3.834,"Actual Total Time": 3.847,"Actual Rows": 393,"Actual Loops": 5,"Hash Buckets": 1024,"Original Hash Buckets": 1024,"Hash Batches": 1,"Original Hash Batches": 1,"Peak Memory Usage": 33,"Workers": [],"Plans": [{"Node Type": "Nested Loop","Parent Relationship": "Outer","Parallel Aware": false,"Async Capable": false,"Join Type": "Inner","Startup Cost": 7.38,"Total Cost": 244.58,"Plan Rows": 400,"Plan Width": 30,"Actual Startup Time": 0.244,"Actual Total Time": 3.695,"Actual Rows": 393,"Actual Loops": 5,"Inner Unique": false,"Workers": [],"Plans": [{"Node Type": "Seq Scan","Parent Relationship": "Outer","Parallel Aware": false,"Async Capable": false,"Relation Name": "nation","Alias": "nation","Startup Cost": 0.00,"Total Cost": 1.31,"Plan Rows": 1,"Plan Width": 4,"Actual Startup Time": 0.049,"Actual Total Time": 0.055,"Actual Rows": 1,"Actual Loops": 5,"Filter": "(n_name = 'IRAN'::bpchar)","Rows Removed by Filter": 24,"Workers": []},{"Node Type": "Bitmap Heap Scan","Parent Relationship": "Inner","Parallel Aware": false,"Async Capable": false,"Relation Name": "supplier","Alias": "supplier","Startup Cost": 7.38,"Total Cost": 239.27,"Plan Rows": 400,"Plan Width": 34,"Actual Startup Time": 0.188,"Actual Total Time": 3.562,"Actual Rows": 393,"Actual Loops": 5,"Recheck Cond": "(s_nationkey = nation.n_nationkey)","Rows Removed by Index Recheck": 0,"Exact Heap Blocks": 179,"Lossy Heap Blocks": 0,"Workers": [],"Plans": [{"Node Type": "Bitmap Index Scan","Parent Relationship": "Outer","Parallel Aware": false,"Async Capable": false,"Index Name": "idx_supplier_nation_key","Startup Cost": 0.00,"Total Cost": 7.29,"Plan Rows": 400,"Plan Width": 0,"Actual Startup Time": 0.116,"Actual Total Time": 0.118,"Actual Rows": 393,"Actual Loops": 5,"Index Cond": "(s_nationkey = nation.n_nationkey)","Workers": []}]}]}]}]},{"Node Type": "Index Scan","Parent Relationship": "Inner","Parallel Aware": false,"Async Capable": false,"Scan Direction": "Forward","Index Name": "idx_lineitem_orderkey","Relation Name": "lineitem","Alias": "l3","Startup Cost": 0.43,"Total Cost": 1.06,"Plan Rows": 6,"Plan Width": 8,"Actual Startup Time": 0.003,"Actual Total Time": 0.003,"Actual Rows": 1,"Actual Loops": 148802,"Index Cond": "(l_orderkey = l1.l_orderkey)","Rows Removed by Index Recheck": 0,"Filter": "((l_receiptdate > l_commitdate) AND (l_suppkey <> l1.l_suppkey))","Rows Removed by Filter": 1,"Workers": []}]}]},{"Node Type": "Index Scan","Parent Relationship": "Inner","Parallel Aware": false,"Async Capable": false,"Scan Direction": "Forward","Index Name": "idx_lineitem_orderkey","Relation Name": "lineitem","Alias": "l2","Startup Cost": 0.43,"Total Cost": 1.02,"Plan Rows": 17,"Plan Width": 8,"Actual Startup Time": 0.008,"Actual Total Time": 0.008,"Actual Rows": 1,"Actual Loops": 13167,"Index Cond": "(l_orderkey = l1.l_orderkey)","Rows Removed by Index Recheck": 0,"Filter": "(l_suppkey <> l1.l_suppkey)","Rows Removed by Filter": 1}]},{"Node Type": "Index Scan","Parent Relationship": "Inner","Parallel Aware": false,"Async Capable": false,"Scan Direction": "Forward","Index Name": "orders_pkey","Relation Name": "orders","Alias": "orders","Startup Cost": 0.43,"Total Cost": 0.51,"Plan Rows": 1,"Plan Width": 4,"Actual Startup Time": 0.007,"Actual Total Time": 0.007,"Actual Rows": 0,"Actual Loops": 7870,"Index Cond": "(o_orderkey = l1.l_orderkey)","Rows Removed by Index Recheck": 0,"Filter": "(o_orderstatus = 'F'::bpchar)","Rows Removed by Filter": 1}]}]}]}]},"Planning Time": 9.769,"Triggers": [],"Execution Time": 522.666}]
[{"Plan": {"Node Type": "Sort","Parallel Aware": false,"Async Capable": false,"Startup Cost": 147378.80,"Total Cost": 147378.81,"Plan Rows": 1,"Plan Width": 34,"Actual Startup Time": 491.039,"Actual Total Time": 509.746,"Actual Rows": 373,"Actual Loops": 1,"Sort Key": ["(count(*)) DESC", "supplier.s_name"],"Sort Method": "quicksort","Sort Space Used": 54,"Sort Space Type": "Memory","Plans": [{"Node Type": "Aggregate","Strategy": "Sorted","Partial Mode": "Simple","Parent Relationship": "Outer","Parallel Aware": false,"Async Capable": false,"Startup Cost": 147378.77,"Total Cost": 147378.79,"Plan Rows": 1,"Plan Width": 34,"Actual Startup Time": 489.852,"Actual Total Time": 509.039,"Actual Rows": 373,"Actual Loops": 1,"Group Key": ["supplier.s_name"],"Plans": [{"Node Type": "Sort","Parent Relationship": "Outer","Parallel Aware": false,"Async Capable": false,"Startup Cost": 147378.77,"Total Cost": 147378.78,"Plan Rows": 1,"Plan Width": 26,"Actual Startup Time": 489.818,"Actual Total Time": 508.641,"Actual Rows": 3775,"Actual Loops": 1,"Sort Key": ["supplier.s_name"],"Sort Method": "quicksort","Sort Space Used": 362,"Sort Space Type": "Memory","Plans": [{"Node Type": "Nested Loop","Parent Relationship": "Outer","Parallel Aware": false,"Async Capable": false,"Join Type": "Inner","Startup Cost": 1250.87,"Total Cost": 147378.76,"Plan Rows": 1,"Plan Width": 26,"Actual Startup Time": 4.604,"Actual Total Time": 497.627,"Actual Rows": 3775,"Actual Loops": 1,"Inner Unique": true,"Plans": [{"Node Type": "Nested Loop","Parent Relationship": "Outer","Parallel Aware": false,"Async Capable": false,"Join Type": "Semi","Startup Cost": 1250.44,"Total Cost": 147378.26,"Plan Rows": 1,"Plan Width": 34,"Actual Startup Time": 4.579,"Actual Total Time": 434.821,"Actual Rows": 7601,"Actual Loops": 1,"Inner Unique": false,"Plans": [{"Node Type": "Gather","Parent Relationship": "Outer","Parallel Aware": false,"Async Capable": false,"Startup Cost": 1250.01,"Total Cost": 147377.22,"Plan Rows": 1,"Plan Width": 34,"Actual Startup Time": 4.564,"Actual Total Time": 332.092,"Actual Rows": 12602,"Actual Loops": 1,"Workers Planned": 4,"Workers Launched": 4,"Single Copy": false,"Plans": [{"Node Type": "Nested Loop","Parent Relationship": "Outer","Parallel Aware": false,"Async Capable": false,"Join Type": "Anti","Startup Cost": 250.01,"Total Cost": 146377.12,"Plan Rows": 1,"Plan Width": 34,"Actual Startup Time": 4.313,"Actual Total Time": 433.903,"Actual Rows": 2520,"Actual Loops": 5,"Inner Unique": false,"Workers": [],"Plans": [{"Node Type": "Hash Join","Parent Relationship": "Outer","Parallel Aware": false,"Async Capable": false,"Join Type": "Inner","Startup Cost": 249.58,"Total Cost": 133581.65,"Plan Rows": 19990,"Plan Width": 34,"Actual Startup Time": 3.915,"Actual Total Time": 349.840,"Actual Rows": 28289,"Actual Loops": 5,"Inner Unique": false,"Hash Cond": "(l1.l_suppkey = supplier.s_suppkey)","Workers": [],"Plans": [{"Node Type": "Seq Scan","Parent Relationship": "Outer","Parallel Aware": true,"Async Capable": false,"Relation Name": "lineitem","Alias": "l1","Startup Cost": 0.00,"Total Cost": 131256.80,"Plan Rows": 500101,"Plan Width": 8,"Actual Startup Time": 0.025,"Actual Total Time": 300.593,"Actual Rows": 758659,"Actual Loops": 5,"Filter": "(l_receiptdate > l_commitdate)","Rows Removed by Filter": 441584,"Workers": []},{"Node Type": "Hash","Parent Relationship": "Inner","Parallel Aware": false,"Async Capable": false,"Startup Cost": 244.58,"Total Cost": 244.58,"Plan Rows": 400,"Plan Width": 30,"Actual Startup Time": 3.661,"Actual Total Time": 3.675,"Actual Rows": 373,"Actual Loops": 5,"Hash Buckets": 1024,"Original Hash Buckets": 1024,"Hash Batches": 1,"Original Hash Batches": 1,"Peak Memory Usage": 32,"Workers": [],"Plans": [{"Node Type": "Nested Loop","Parent Relationship": "Outer","Parallel Aware": false,"Async Capable": false,"Join Type": "Inner","Startup Cost": 7.38,"Total Cost": 244.58,"Plan Rows": 400,"Plan Width": 30,"Actual Startup Time": 0.231,"Actual Total Time": 3.539,"Actual Rows": 373,"Actual Loops": 5,"Inner Unique": false,"Workers": [],"Plans": [{"Node Type": "Seq Scan","Parent Relationship": "Outer","Parallel Aware": false,"Async Capable": false,"Relation Name": "nation","Alias": "nation","Startup Cost": 0.00,"Total Cost": 1.31,"Plan Rows": 1,"Plan Width": 4,"Actual Startup Time": 0.052,"Actual Total Time": 0.058,"Actual Rows": 1,"Actual Loops": 5,"Filter": "(n_name = 'MOROCCO'::bpchar)","Rows Removed by Filter": 24,"Workers": []},{"Node Type": "Bitmap Heap Scan","Parent Relationship": "Inner","Parallel Aware": false,"Async Capable": false,"Relation Name": "supplier","Alias": "supplier","Startup Cost": 7.38,"Total Cost": 239.27,"Plan Rows": 400,"Plan Width": 34,"Actual Startup Time": 0.174,"Actual Total Time": 3.419,"Actual Rows": 373,"Actual Loops": 5,"Recheck Cond": "(s_nationkey = nation.n_nationkey)","Rows Removed by Index Recheck": 0,"Exact Heap Blocks": 180,"Lossy Heap Blocks": 0,"Workers": [],"Plans": [{"Node Type": "Bitmap Index Scan","Parent Relationship": "Outer","Parallel Aware": false,"Async Capable": false,"Index Name": "idx_supplier_nation_key","Startup Cost": 0.00,"Total Cost": 7.29,"Plan Rows": 400,"Plan Width": 0,"Actual Startup Time": 0.112,"Actual Total Time": 0.115,"Actual Rows": 373,"Actual Loops": 5,"Index Cond": "(s_nationkey = nation.n_nationkey)","Workers": []}]}]}]}]},{"Node Type": "Index Scan","Parent Relationship": "Inner","Parallel Aware": false,"Async Capable": false,"Scan Direction": "Forward","Index Name": "idx_lineitem_orderkey","Relation Name": "lineitem","Alias": "l3","Startup Cost": 0.43,"Total Cost": 1.06,"Plan Rows": 6,"Plan Width": 8,"Actual Startup Time": 0.003,"Actual Total Time": 0.003,"Actual Rows": 1,"Actual Loops": 141445,"Index Cond": "(l_orderkey = l1.l_orderkey)","Rows Removed by Index Recheck": 0,"Filter": "((l_receiptdate > l_commitdate) AND (l_suppkey <> l1.l_suppkey))","Rows Removed by Filter": 1,"Workers": []}]}]},{"Node Type": "Index Scan","Parent Relationship": "Inner","Parallel Aware": false,"Async Capable": false,"Scan Direction": "Forward","Index Name": "idx_lineitem_orderkey","Relation Name": "lineitem","Alias": "l2","Startup Cost": 0.43,"Total Cost": 1.02,"Plan Rows": 17,"Plan Width": 8,"Actual Startup Time": 0.008,"Actual Total Time": 0.008,"Actual Rows": 1,"Actual Loops": 12602,"Index Cond": "(l_orderkey = l1.l_orderkey)","Rows Removed by Index Recheck": 0,"Filter": "(l_suppkey <> l1.l_suppkey)","Rows Removed by Filter": 1}]},{"Node Type": "Index Scan","Parent Relationship": "Inner","Parallel Aware": false,"Async Capable": false,"Scan Direction": "Forward","Index Name": "orders_pkey","Relation Name": "orders","Alias": "orders","Startup Cost": 0.43,"Total Cost": 0.51,"Plan Rows": 1,"Plan Width": 4,"Actual Startup Time": 0.008,"Actual Total Time": 0.008,"Actual Rows": 0,"Actual Loops": 7601,"Index Cond": "(o_orderkey = l1.l_orderkey)","Rows Removed by Index Recheck": 0,"Filter": "(o_orderstatus = 'F'::bpchar)","Rows Removed by Filter": 1}]}]}]}]},"Planning Time": 9.187,"Triggers": [],"Execution Time": 510.411}]
[{"Plan": {"Node Type": "Sort","Parallel Aware": false,"Async Capable": false,"Startup Cost": 147378.80,"Total Cost": 147378.81,"Plan Rows": 1,"Plan Width": 34,"Actual Startup Time": 503.423,"Actual Total Time": 521.004,"Actual Rows": 406,"Actual Loops": 1,"Sort Key": ["(count(*)) DESC", "supplier.s_name"],"Sort Method": "quicksort","Sort Space Used": 56,"Sort Space Type": "Memory","Plans": [{"Node Type": "Aggregate","Strategy": "Sorted","Partial Mode": "Simple","Parent Relationship": "Outer","Parallel Aware": false,"Async Capable": false,"Startup Cost": 147378.77,"Total Cost": 147378.79,"Plan Rows": 1,"Plan Width": 34,"Actual Startup Time": 502.176,"Actual Total Time": 520.280,"Actual Rows": 406,"Actual Loops": 1,"Group Key": ["supplier.s_name"],"Plans": [{"Node Type": "Sort","Parent Relationship": "Outer","Parallel Aware": false,"Async Capable": false,"Startup Cost": 147378.77,"Total Cost": 147378.78,"Plan Rows": 1,"Plan Width": 26,"Actual Startup Time": 502.147,"Actual Total Time": 519.852,"Actual Rows": 4052,"Actual Loops": 1,"Sort Key": ["supplier.s_name"],"Sort Method": "quicksort","Sort Space Used": 381,"Sort Space Type": "Memory","Plans": [{"Node Type": "Nested Loop","Parent Relationship": "Outer","Parallel Aware": false,"Async Capable": false,"Join Type": "Inner","Startup Cost": 1250.87,"Total Cost": 147378.76,"Plan Rows": 1,"Plan Width": 26,"Actual Startup Time": 4.486,"Actual Total Time": 508.290,"Actual Rows": 4052,"Actual Loops": 1,"Inner Unique": true,"Plans": [{"Node Type": "Nested Loop","Parent Relationship": "Outer","Parallel Aware": false,"Async Capable": false,"Join Type": "Semi","Startup Cost": 1250.44,"Total Cost": 147378.26,"Plan Rows": 1,"Plan Width": 34,"Actual Startup Time": 4.452,"Actual Total Time": 441.127,"Actual Rows": 8332,"Actual Loops": 1,"Inner Unique": false,"Plans": [{"Node Type": "Gather","Parent Relationship": "Outer","Parallel Aware": false,"Async Capable": false,"Startup Cost": 1250.01,"Total Cost": 147377.22,"Plan Rows": 1,"Plan Width": 34,"Actual Startup Time": 4.440,"Actual Total Time": 331.994,"Actual Rows": 13791,"Actual Loops": 1,"Workers Planned": 4,"Workers Launched": 4,"Single Copy": false,"Plans": [{"Node Type": "Nested Loop","Parent Relationship": "Outer","Parallel Aware": false,"Async Capable": false,"Join Type": "Anti","Startup Cost": 250.01,"Total Cost": 146377.12,"Plan Rows": 1,"Plan Width": 34,"Actual Startup Time": 4.624,"Actual Total Time": 442.937,"Actual Rows": 2758,"Actual Loops": 5,"Inner Unique": false,"Workers": [],"Plans": [{"Node Type": "Hash Join","Parent Relationship": "Outer","Parallel Aware": false,"Async Capable": false,"Join Type": "Inner","Startup Cost": 249.58,"Total Cost": 133581.65,"Plan Rows": 19990,"Plan Width": 34,"Actual Startup Time": 4.481,"Actual Total Time": 353.409,"Actual Rows": 30900,"Actual Loops": 5,"Inner Unique": false,"Hash Cond": "(l1.l_suppkey = supplier.s_suppkey)","Workers": [],"Plans": [{"Node Type": "Seq Scan","Parent Relationship": "Outer","Parallel Aware": true,"Async Capable": false,"Relation Name": "lineitem","Alias": "l1","Startup Cost": 0.00,"Total Cost": 131256.80,"Plan Rows": 500101,"Plan Width": 8,"Actual Startup Time": 0.029,"Actual Total Time": 301.270,"Actual Rows": 758659,"Actual Loops": 5,"Filter": "(l_receiptdate > l_commitdate)","Rows Removed by Filter": 441584,"Workers": []},{"Node Type": "Hash","Parent Relationship": "Inner","Parallel Aware": false,"Async Capable": false,"Startup Cost": 244.58,"Total Cost": 244.58,"Plan Rows": 400,"Plan Width": 30,"Actual Startup Time": 4.105,"Actual Total Time": 4.114,"Actual Rows": 406,"Actual Loops": 5,"Hash Buckets": 1024,"Original Hash Buckets": 1024,"Hash Batches": 1,"Original Hash Batches": 1,"Peak Memory Usage": 34,"Workers": [],"Plans": [{"Node Type": "Nested Loop","Parent Relationship": "Outer","Parallel Aware": false,"Async Capable": false,"Join Type": "Inner","Startup Cost": 7.38,"Total Cost": 244.58,"Plan Rows": 400,"Plan Width": 30,"Actual Startup Time": 0.252,"Actual Total Time": 3.975,"Actual Rows": 406,"Actual Loops": 5,"Inner Unique": false,"Workers": [],"Plans": [{"Node Type": "Seq Scan","Parent Relationship": "Outer","Parallel Aware": false,"Async Capable": false,"Relation Name": "nation","Alias": "nation","Startup Cost": 0.00,"Total Cost": 1.31,"Plan Rows": 1,"Plan Width": 4,"Actual Startup Time": 0.055,"Actual Total Time": 0.058,"Actual Rows": 1,"Actual Loops": 5,"Filter": "(n_name = 'MOZAMBIQUE'::bpchar)","Rows Removed by Filter": 24,"Workers": []},{"Node Type": "Bitmap Heap Scan","Parent Relationship": "Inner","Parallel Aware": false,"Async Capable": false,"Relation Name": "supplier","Alias": "supplier","Startup Cost": 7.38,"Total Cost": 239.27,"Plan Rows": 400,"Plan Width": 34,"Actual Startup Time": 0.193,"Actual Total Time": 3.854,"Actual Rows": 406,"Actual Loops": 5,"Recheck Cond": "(s_nationkey = nation.n_nationkey)","Rows Removed by Index Recheck": 0,"Exact Heap Blocks": 186,"Lossy Heap Blocks": 0,"Workers": [],"Plans": [{"Node Type": "Bitmap Index Scan","Parent Relationship": "Outer","Parallel Aware": false,"Async Capable": false,"Index Name": "idx_supplier_nation_key","Startup Cost": 0.00,"Total Cost": 7.29,"Plan Rows": 400,"Plan Width": 0,"Actual Startup Time": 0.125,"Actual Total Time": 0.126,"Actual Rows": 406,"Actual Loops": 5,"Index Cond": "(s_nationkey = nation.n_nationkey)","Workers": []}]}]}]}]},{"Node Type": "Index Scan","Parent Relationship": "Inner","Parallel Aware": false,"Async Capable": false,"Scan Direction": "Forward","Index Name": "idx_lineitem_orderkey","Relation Name": "lineitem","Alias": "l3","Startup Cost": 0.43,"Total Cost": 1.06,"Plan Rows": 6,"Plan Width": 8,"Actual Startup Time": 0.003,"Actual Total Time": 0.003,"Actual Rows": 1,"Actual Loops": 154501,"Index Cond": "(l_orderkey = l1.l_orderkey)","Rows Removed by Index Recheck": 0,"Filter": "((l_receiptdate > l_commitdate) AND (l_suppkey <> l1.l_suppkey))","Rows Removed by Filter": 1,"Workers": []}]}]},{"Node Type": "Index Scan","Parent Relationship": "Inner","Parallel Aware": false,"Async Capable": false,"Scan Direction": "Forward","Index Name": "idx_lineitem_orderkey","Relation Name": "lineitem","Alias": "l2","Startup Cost": 0.43,"Total Cost": 1.02,"Plan Rows": 17,"Plan Width": 8,"Actual Startup Time": 0.007,"Actual Total Time": 0.007,"Actual Rows": 1,"Actual Loops": 13791,"Index Cond": "(l_orderkey = l1.l_orderkey)","Rows Removed by Index Recheck": 0,"Filter": "(l_suppkey <> l1.l_suppkey)","Rows Removed by Filter": 1}]},{"Node Type": "Index Scan","Parent Relationship": "Inner","Parallel Aware": false,"Async Capable": false,"Scan Direction": "Forward","Index Name": "orders_pkey","Relation Name": "orders","Alias": "orders","Startup Cost": 0.43,"Total Cost": 0.51,"Plan Rows": 1,"Plan Width": 4,"Actual Startup Time": 0.008,"Actual Total Time": 0.008,"Actual Rows": 0,"Actual Loops": 8332,"Index Cond": "(o_orderkey = l1.l_orderkey)","Rows Removed by Index Recheck": 0,"Filter": "(o_orderstatus = 'F'::bpchar)","Rows Removed by Filter": 1}]}]}]}]},"Planning Time": 9.793,"Triggers": [],"Execution Time": 521.577}]
[{"Plan": {"Node Type": "Sort","Parallel Aware": false,"Async Capable": false,"Startup Cost": 147378.80,"Total Cost": 147378.81,"Plan Rows": 1,"Plan Width": 34,"Actual Startup Time": 507.691,"Actual Total Time": 527.119,"Actual Rows": 411,"Actual Loops": 1,"Sort Key": ["(count(*)) DESC", "supplier.s_name"],"Sort Method": "quicksort","Sort Space Used": 57,"Sort Space Type": "Memory","Plans": [{"Node Type": "Aggregate","Strategy": "Sorted","Partial Mode": "Simple","Parent Relationship": "Outer","Parallel Aware": false,"Async Capable": false,"Startup Cost": 147378.77,"Total Cost": 147378.79,"Plan Rows": 1,"Plan Width": 34,"Actual Startup Time": 506.441,"Actual Total Time": 526.395,"Actual Rows": 411,"Actual Loops": 1,"Group Key": ["supplier.s_name"],"Plans": [{"Node Type": "Sort","Parent Relationship": "Outer","Parallel Aware": false,"Async Capable": false,"Startup Cost": 147378.77,"Total Cost": 147378.78,"Plan Rows": 1,"Plan Width": 26,"Actual Startup Time": 506.413,"Actual Total Time": 525.969,"Actual Rows": 4141,"Actual Loops": 1,"Sort Key": ["supplier.s_name"],"Sort Method": "quicksort","Sort Space Used": 484,"Sort Space Type": "Memory","Plans": [{"Node Type": "Nested Loop","Parent Relationship": "Outer","Parallel Aware": false,"Async Capable": false,"Join Type": "Inner","Startup Cost": 1250.87,"Total Cost": 147378.76,"Plan Rows": 1,"Plan Width": 26,"Actual Startup Time": 4.973,"Actual Total Time": 514.878,"Actual Rows": 4141,"Actual Loops": 1,"Inner Unique": true,"Plans": [{"Node Type": "Nested Loop","Parent Relationship": "Outer","Parallel Aware": false,"Async Capable": false,"Join Type": "Semi","Startup Cost": 1250.44,"Total Cost": 147378.26,"Plan Rows": 1,"Plan Width": 34,"Actual Startup Time": 4.329,"Actual Total Time": 453.804,"Actual Rows": 8357,"Actual Loops": 1,"Inner Unique": false,"Plans": [{"Node Type": "Gather","Parent Relationship": "Outer","Parallel Aware": false,"Async Capable": false,"Startup Cost": 1250.01,"Total Cost": 147377.22,"Plan Rows": 1,"Plan Width": 34,"Actual Startup Time": 4.312,"Actual Total Time": 350.336,"Actual Rows": 13859,"Actual Loops": 1,"Workers Planned": 4,"Workers Launched": 4,"Single Copy": false,"Plans": [{"Node Type": "Nested Loop","Parent Relationship": "Outer","Parallel Aware": false,"Async Capable": false,"Join Type": "Anti","Startup Cost": 250.01,"Total Cost": 146377.12,"Plan Rows": 1,"Plan Width": 34,"Actual Startup Time": 4.818,"Actual Total Time": 450.256,"Actual Rows": 2772,"Actual Loops": 5,"Inner Unique": false,"Workers": [],"Plans": [{"Node Type": "Hash Join","Parent Relationship": "Outer","Parallel Aware": false,"Async Capable": false,"Join Type": "Inner","Startup Cost": 249.58,"Total Cost": 133581.65,"Plan Rows": 19990,"Plan Width": 34,"Actual Startup Time": 4.474,"Actual Total Time": 357.672,"Actual Rows": 31348,"Actual Loops": 5,"Inner Unique": false,"Hash Cond": "(l1.l_suppkey = supplier.s_suppkey)","Workers": [],"Plans": [{"Node Type": "Seq Scan","Parent Relationship": "Outer","Parallel Aware": true,"Async Capable": false,"Relation Name": "lineitem","Alias": "l1","Startup Cost": 0.00,"Total Cost": 131256.80,"Plan Rows": 500101,"Plan Width": 8,"Actual Startup Time": 0.028,"Actual Total Time": 306.873,"Actual Rows": 758659,"Actual Loops": 5,"Filter": "(l_receiptdate > l_commitdate)","Rows Removed by Filter": 441584,"Workers": []},{"Node Type": "Hash","Parent Relationship": "Inner","Parallel Aware": false,"Async Capable": false,"Startup Cost": 244.58,"Total Cost": 244.58,"Plan Rows": 400,"Plan Width": 30,"Actual Startup Time": 4.175,"Actual Total Time": 4.188,"Actual Rows": 411,"Actual Loops": 5,"Hash Buckets": 1024,"Original Hash Buckets": 1024,"Hash Batches": 1,"Original Hash Batches": 1,"Peak Memory Usage": 34,"Workers": [],"Plans": [{"Node Type": "Nested Loop","Parent Relationship": "Outer","Parallel Aware": false,"Async Capable": false,"Join Type": "Inner","Startup Cost": 7.38,"Total Cost": 244.58,"Plan Rows": 400,"Plan Width": 30,"Actual Startup Time": 0.256,"Actual Total Time": 4.027,"Actual Rows": 411,"Actual Loops": 5,"Inner Unique": false,"Workers": [],"Plans": [{"Node Type": "Seq Scan","Parent Relationship": "Outer","Parallel Aware": false,"Async Capable": false,"Relation Name": "nation","Alias": "nation","Startup Cost": 0.00,"Total Cost": 1.31,"Plan Rows": 1,"Plan Width": 4,"Actual Startup Time": 0.047,"Actual Total Time": 0.051,"Actual Rows": 1,"Actual Loops": 5,"Filter": "(n_name = 'SAUDI ARABIA'::bpchar)","Rows Removed by Filter": 24,"Workers": []},{"Node Type": "Bitmap Heap Scan","Parent Relationship": "Inner","Parallel Aware": false,"Async Capable": false,"Relation Name": "supplier","Alias": "supplier","Startup Cost": 7.38,"Total Cost": 239.27,"Plan Rows": 400,"Plan Width": 34,"Actual Startup Time": 0.204,"Actual Total Time": 3.890,"Actual Rows": 411,"Actual Loops": 5,"Recheck Cond": "(s_nationkey = nation.n_nationkey)","Rows Removed by Index Recheck": 0,"Exact Heap Blocks": 182,"Lossy Heap Blocks": 0,"Workers": [],"Plans": [{"Node Type": "Bitmap Index Scan","Parent Relationship": "Outer","Parallel Aware": false,"Async Capable": false,"Index Name": "idx_supplier_nation_key","Startup Cost": 0.00,"Total Cost": 7.29,"Plan Rows": 400,"Plan Width": 0,"Actual Startup Time": 0.143,"Actual Total Time": 0.145,"Actual Rows": 411,"Actual Loops": 5,"Index Cond": "(s_nationkey = nation.n_nationkey)","Workers": []}]}]}]}]},{"Node Type": "Index Scan","Parent Relationship": "Inner","Parallel Aware": false,"Async Capable": false,"Scan Direction": "Forward","Index Name": "idx_lineitem_orderkey","Relation Name": "lineitem","Alias": "l3","Startup Cost": 0.43,"Total Cost": 1.06,"Plan Rows": 6,"Plan Width": 8,"Actual Startup Time": 0.003,"Actual Total Time": 0.003,"Actual Rows": 1,"Actual Loops": 156739,"Index Cond": "(l_orderkey = l1.l_orderkey)","Rows Removed by Index Recheck": 0,"Filter": "((l_receiptdate > l_commitdate) AND (l_suppkey <> l1.l_suppkey))","Rows Removed by Filter": 1,"Workers": []}]}]},{"Node Type": "Index Scan","Parent Relationship": "Inner","Parallel Aware": false,"Async Capable": false,"Scan Direction": "Forward","Index Name": "idx_lineitem_orderkey","Relation Name": "lineitem","Alias": "l2","Startup Cost": 0.43,"Total Cost": 1.02,"Plan Rows": 17,"Plan Width": 8,"Actual Startup Time": 0.007,"Actual Total Time": 0.007,"Actual Rows": 1,"Actual Loops": 13859,"Index Cond": "(l_orderkey = l1.l_orderkey)","Rows Removed by Index Recheck": 0,"Filter": "(l_suppkey <> l1.l_suppkey)","Rows Removed by Filter": 1}]},{"Node Type": "Index Scan","Parent Relationship": "Inner","Parallel Aware": false,"Async Capable": false,"Scan Direction": "Forward","Index Name": "orders_pkey","Relation Name": "orders","Alias": "orders","Startup Cost": 0.43,"Total Cost": 0.51,"Plan Rows": 1,"Plan Width": 4,"Actual Startup Time": 0.007,"Actual Total Time": 0.007,"Actual Rows": 0,"Actual Loops": 8357,"Index Cond": "(o_orderkey = l1.l_orderkey)","Rows Removed by Index Recheck": 0,"Filter": "(o_orderstatus = 'F'::bpchar)","Rows Removed by Filter": 1}]}]}]}]},"Planning Time": 9.483,"Triggers": [],"Execution Time": 527.804}]
[{"Plan": {"Node Type": "Sort","Parallel Aware": false,"Async Capable": false,"Startup Cost": 147378.80,"Total Cost": 147378.81,"Plan Rows": 1,"Plan Width": 34,"Actual Startup Time": 495.675,"Actual Total Time": 514.954,"Actual Rows": 398,"Actual Loops": 1,"Sort Key": ["(count(*)) DESC", "supplier.s_name"],"Sort Method": "quicksort","Sort Space Used": 56,"Sort Space Type": "Memory","Plans": [{"Node Type": "Aggregate","Strategy": "Sorted","Partial Mode": "Simple","Parent Relationship": "Outer","Parallel Aware": false,"Async Capable": false,"Startup Cost": 147378.77,"Total Cost": 147378.79,"Plan Rows": 1,"Plan Width": 34,"Actual Startup Time": 494.471,"Actual Total Time": 514.270,"Actual Rows": 398,"Actual Loops": 1,"Group Key": ["supplier.s_name"],"Plans": [{"Node Type": "Sort","Parent Relationship": "Outer","Parallel Aware": false,"Async Capable": false,"Startup Cost": 147378.77,"Total Cost": 147378.78,"Plan Rows": 1,"Plan Width": 26,"Actual Startup Time": 494.457,"Actual Total Time": 513.859,"Actual Rows": 4033,"Actual Loops": 1,"Sort Key": ["supplier.s_name"],"Sort Method": "quicksort","Sort Space Used": 380,"Sort Space Type": "Memory","Plans": [{"Node Type": "Nested Loop","Parent Relationship": "Outer","Parallel Aware": false,"Async Capable": false,"Join Type": "Inner","Startup Cost": 1250.87,"Total Cost": 147378.76,"Plan Rows": 1,"Plan Width": 26,"Actual Startup Time": 5.438,"Actual Total Time": 502.238,"Actual Rows": 4033,"Actual Loops": 1,"Inner Unique": true,"Plans": [{"Node Type": "Nested Loop","Parent Relationship": "Outer","Parallel Aware": false,"Async Capable": false,"Join Type": "Semi","Startup Cost": 1250.44,"Total Cost": 147378.26,"Plan Rows": 1,"Plan Width": 34,"Actual Startup Time": 5.342,"Actual Total Time": 438.031,"Actual Rows": 8241,"Actual Loops": 1,"Inner Unique": false,"Plans": [{"Node Type": "Gather","Parent Relationship": "Outer","Parallel Aware": false,"Async Capable": false,"Startup Cost": 1250.01,"Total Cost": 147377.22,"Plan Rows": 1,"Plan Width": 34,"Actual Startup Time": 5.330,"Actual Total Time": 330.100,"Actual Rows": 13657,"Actual Loops": 1,"Workers Planned": 4,"Workers Launched": 4,"Single Copy": false,"Plans": [{"Node Type": "Nested Loop","Parent Relationship": "Outer","Parallel Aware": false,"Async Capable": false,"Join Type": "Anti","Startup Cost": 250.01,"Total Cost": 146377.12,"Plan Rows": 1,"Plan Width": 34,"Actual Startup Time": 5.586,"Actual Total Time": 437.639,"Actual Rows": 2731,"Actual Loops": 5,"Inner Unique": false,"Workers": [],"Plans": [{"Node Type": "Hash Join","Parent Relationship": "Outer","Parallel Aware": false,"Async Capable": false,"Join Type": "Inner","Startup Cost": 249.58,"Total Cost": 133581.65,"Plan Rows": 19990,"Plan Width": 34,"Actual Startup Time": 4.860,"Actual Total Time": 349.886,"Actual Rows": 30149,"Actual Loops": 5,"Inner Unique": false,"Hash Cond": "(l1.l_suppkey = supplier.s_suppkey)","Workers": [],"Plans": [{"Node Type": "Seq Scan","Parent Relationship": "Outer","Parallel Aware": true,"Async Capable": false,"Relation Name": "lineitem","Alias": "l1","Startup Cost": 0.00,"Total Cost": 131256.80,"Plan Rows": 500101,"Plan Width": 8,"Actual Startup Time": 0.029,"Actual Total Time": 298.079,"Actual Rows": 758659,"Actual Loops": 5,"Filter": "(l_receiptdate > l_commitdate)","Rows Removed by Filter": 441584,"Workers": []},{"Node Type": "Hash","Parent Relationship": "Inner","Parallel Aware": false,"Async Capable": false,"Startup Cost": 244.58,"Total Cost": 244.58,"Plan Rows": 400,"Plan Width": 30,"Actual Startup Time": 4.540,"Actual Total Time": 4.550,"Actual Rows": 398,"Actual Loops": 5,"Hash Buckets": 1024,"Original Hash Buckets": 1024,"Hash Batches": 1,"Original Hash Batches": 1,"Peak Memory Usage": 33,"Workers": [],"Plans": [{"Node Type": "Nested Loop","Parent Relationship": "Outer","Parallel Aware": false,"Async Capable": false,"Join Type": "Inner","Startup Cost": 7.38,"Total Cost": 244.58,"Plan Rows": 400,"Plan Width": 30,"Actual Startup Time": 0.267,"Actual Total Time": 4.371,"Actual Rows": 398,"Actual Loops": 5,"Inner Unique": false,"Workers": [],"Plans": [{"Node Type": "Seq Scan","Parent Relationship": "Outer","Parallel Aware": false,"Async Capable": false,"Relation Name": "nation","Alias": "nation","Startup Cost": 0.00,"Total Cost": 1.31,"Plan Rows": 1,"Plan Width": 4,"Actual Startup Time": 0.059,"Actual Total Time": 0.062,"Actual Rows": 1,"Actual Loops": 5,"Filter": "(n_name = 'ROMANIA'::bpchar)","Rows Removed by Filter": 24,"Workers": []},{"Node Type": "Bitmap Heap Scan","Parent Relationship": "Inner","Parallel Aware": false,"Async Capable": false,"Relation Name": "supplier","Alias": "supplier","Startup Cost": 7.38,"Total Cost": 239.27,"Plan Rows": 400,"Plan Width": 34,"Actual Startup Time": 0.204,"Actual Total Time": 4.227,"Actual Rows": 398,"Actual Loops": 5,"Recheck Cond": "(s_nationkey = nation.n_nationkey)","Rows Removed by Index Recheck": 0,"Exact Heap Blocks": 186,"Lossy Heap Blocks": 0,"Workers": [],"Plans": [{"Node Type": "Bitmap Index Scan","Parent Relationship": "Outer","Parallel Aware": false,"Async Capable": false,"Index Name": "idx_supplier_nation_key","Startup Cost": 0.00,"Total Cost": 7.29,"Plan Rows": 400,"Plan Width": 0,"Actual Startup Time": 0.126,"Actual Total Time": 0.128,"Actual Rows": 398,"Actual Loops": 5,"Index Cond": "(s_nationkey = nation.n_nationkey)","Workers": []}]}]}]}]},{"Node Type": "Index Scan","Parent Relationship": "Inner","Parallel Aware": false,"Async Capable": false,"Scan Direction": "Forward","Index Name": "idx_lineitem_orderkey","Relation Name": "lineitem","Alias": "l3","Startup Cost": 0.43,"Total Cost": 1.06,"Plan Rows": 6,"Plan Width": 8,"Actual Startup Time": 0.003,"Actual Total Time": 0.003,"Actual Rows": 1,"Actual Loops": 150746,"Index Cond": "(l_orderkey = l1.l_orderkey)","Rows Removed by Index Recheck": 0,"Filter": "((l_receiptdate > l_commitdate) AND (l_suppkey <> l1.l_suppkey))","Rows Removed by Filter": 1,"Workers": []}]}]},{"Node Type": "Index Scan","Parent Relationship": "Inner","Parallel Aware": false,"Async Capable": false,"Scan Direction": "Forward","Index Name": "idx_lineitem_orderkey","Relation Name": "lineitem","Alias": "l2","Startup Cost": 0.43,"Total Cost": 1.02,"Plan Rows": 17,"Plan Width": 8,"Actual Startup Time": 0.007,"Actual Total Time": 0.007,"Actual Rows": 1,"Actual Loops": 13657,"Index Cond": "(l_orderkey = l1.l_orderkey)","Rows Removed by Index Recheck": 0,"Filter": "(l_suppkey <> l1.l_suppkey)","Rows Removed by Filter": 1}]},{"Node Type": "Index Scan","Parent Relationship": "Inner","Parallel Aware": false,"Async Capable": false,"Scan Direction": "Forward","Index Name": "orders_pkey","Relation Name": "orders","Alias": "orders","Startup Cost": 0.43,"Total Cost": 0.51,"Plan Rows": 1,"Plan Width": 4,"Actual Startup Time": 0.008,"Actual Total Time": 0.008,"Actual Rows": 0,"Actual Loops": 8241,"Index Cond": "(o_orderkey = l1.l_orderkey)","Rows Removed by Index Recheck": 0,"Filter": "(o_orderstatus = 'F'::bpchar)","Rows Removed by Filter": 1}]}]}]}]},"Planning Time": 9.721,"Triggers": [],"Execution Time": 515.552}]
[{"Plan": {"Node Type": "Sort","Parallel Aware": false,"Async Capable": false,"Startup Cost": 147378.80,"Total Cost": 147378.81,"Plan Rows": 1,"Plan Width": 34,"Actual Startup Time": 493.231,"Actual Total Time": 511.674,"Actual Rows": 376,"Actual Loops": 1,"Sort Key": ["(count(*)) DESC", "supplier.s_name"],"Sort Method": "quicksort","Sort Space Used": 54,"Sort Space Type": "Memory","Plans": [{"Node Type": "Aggregate","Strategy": "Sorted","Partial Mode": "Simple","Parent Relationship": "Outer","Parallel Aware": false,"Async Capable": false,"Startup Cost": 147378.77,"Total Cost": 147378.79,"Plan Rows": 1,"Plan Width": 34,"Actual Startup Time": 492.079,"Actual Total Time": 510.997,"Actual Rows": 376,"Actual Loops": 1,"Group Key": ["supplier.s_name"],"Plans": [{"Node Type": "Sort","Parent Relationship": "Outer","Parallel Aware": false,"Async Capable": false,"Startup Cost": 147378.77,"Total Cost": 147378.78,"Plan Rows": 1,"Plan Width": 26,"Actual Startup Time": 492.053,"Actual Total Time": 510.609,"Actual Rows": 3697,"Actual Loops": 1,"Sort Key": ["supplier.s_name"],"Sort Method": "quicksort","Sort Space Used": 356,"Sort Space Type": "Memory","Plans": [{"Node Type": "Nested Loop","Parent Relationship": "Outer","Parallel Aware": false,"Async Capable": false,"Join Type": "Inner","Startup Cost": 1250.87,"Total Cost": 147378.76,"Plan Rows": 1,"Plan Width": 26,"Actual Startup Time": 5.656,"Actual Total Time": 499.948,"Actual Rows": 3697,"Actual Loops": 1,"Inner Unique": true,"Plans": [{"Node Type": "Nested Loop","Parent Relationship": "Outer","Parallel Aware": false,"Async Capable": false,"Join Type": "Semi","Startup Cost": 1250.44,"Total Cost": 147378.26,"Plan Rows": 1,"Plan Width": 34,"Actual Startup Time": 5.611,"Actual Total Time": 438.655,"Actual Rows": 7589,"Actual Loops": 1,"Inner Unique": false,"Plans": [{"Node Type": "Gather","Parent Relationship": "Outer","Parallel Aware": false,"Async Capable": false,"Startup Cost": 1250.01,"Total Cost": 147377.22,"Plan Rows": 1,"Plan Width": 34,"Actual Startup Time": 4.591,"Actual Total Time": 336.749,"Actual Rows": 12677,"Actual Loops": 1,"Workers Planned": 4,"Workers Launched": 4,"Single Copy": false,"Plans": [{"Node Type": "Nested Loop","Parent Relationship": "Outer","Parallel Aware": false,"Async Capable": false,"Join Type": "Anti","Startup Cost": 250.01,"Total Cost": 146377.12,"Plan Rows": 1,"Plan Width": 34,"Actual Startup Time": 5.313,"Actual Total Time": 436.446,"Actual Rows": 2535,"Actual Loops": 5,"Inner Unique": false,"Workers": [],"Plans": [{"Node Type": "Hash Join","Parent Relationship": "Outer","Parallel Aware": false,"Async Capable": false,"Join Type": "Inner","Startup Cost": 249.58,"Total Cost": 133581.65,"Plan Rows": 19990,"Plan Width": 34,"Actual Startup Time": 5.158,"Actual Total Time": 352.526,"Actual Rows": 28439,"Actual Loops": 5,"Inner Unique": false,"Hash Cond": "(l1.l_suppkey = supplier.s_suppkey)","Workers": [],"Plans": [{"Node Type": "Seq Scan","Parent Relationship": "Outer","Parallel Aware": true,"Async Capable": false,"Relation Name": "lineitem","Alias": "l1","Startup Cost": 0.00,"Total Cost": 131256.80,"Plan Rows": 500101,"Plan Width": 8,"Actual Startup Time": 0.028,"Actual Total Time": 300.563,"Actual Rows": 758659,"Actual Loops": 5,"Filter": "(l_receiptdate > l_commitdate)","Rows Removed by Filter": 441584,"Workers": []},{"Node Type": "Hash","Parent Relationship": "Inner","Parallel Aware": false,"Async Capable": false,"Startup Cost": 244.58,"Total Cost": 244.58,"Plan Rows": 400,"Plan Width": 30,"Actual Startup Time": 4.780,"Actual Total Time": 4.790,"Actual Rows": 376,"Actual Loops": 5,"Hash Buckets": 1024,"Original Hash Buckets": 1024,"Hash Batches": 1,"Original Hash Batches": 1,"Peak Memory Usage": 32,"Workers": [],"Plans": [{"Node Type": "Nested Loop","Parent Relationship": "Outer","Parallel Aware": false,"Async Capable": false,"Join Type": "Inner","Startup Cost": 7.38,"Total Cost": 244.58,"Plan Rows": 400,"Plan Width": 30,"Actual Startup Time": 0.359,"Actual Total Time": 4.625,"Actual Rows": 376,"Actual Loops": 5,"Inner Unique": false,"Workers": [],"Plans": [{"Node Type": "Seq Scan","Parent Relationship": "Outer","Parallel Aware": false,"Async Capable": false,"Relation Name": "nation","Alias": "nation","Startup Cost": 0.00,"Total Cost": 1.31,"Plan Rows": 1,"Plan Width": 4,"Actual Startup Time": 0.066,"Actual Total Time": 0.070,"Actual Rows": 1,"Actual Loops": 5,"Filter": "(n_name = 'KENYA'::bpchar)","Rows Removed by Filter": 24,"Workers": []},{"Node Type": "Bitmap Heap Scan","Parent Relationship": "Inner","Parallel Aware": false,"Async Capable": false,"Relation Name": "supplier","Alias": "supplier","Startup Cost": 7.38,"Total Cost": 239.27,"Plan Rows": 400,"Plan Width": 34,"Actual Startup Time": 0.287,"Actual Total Time": 4.480,"Actual Rows": 376,"Actual Loops": 5,"Recheck Cond": "(s_nationkey = nation.n_nationkey)","Rows Removed by Index Recheck": 0,"Exact Heap Blocks": 179,"Lossy Heap Blocks": 0,"Workers": [],"Plans": [{"Node Type": "Bitmap Index Scan","Parent Relationship": "Outer","Parallel Aware": false,"Async Capable": false,"Index Name": "idx_supplier_nation_key","Startup Cost": 0.00,"Total Cost": 7.29,"Plan Rows": 400,"Plan Width": 0,"Actual Startup Time": 0.181,"Actual Total Time": 0.182,"Actual Rows": 376,"Actual Loops": 5,"Index Cond": "(s_nationkey = nation.n_nationkey)","Workers": []}]}]}]}]},{"Node Type": "Index Scan","Parent Relationship": "Inner","Parallel Aware": false,"Async Capable": false,"Scan Direction": "Forward","Index Name": "idx_lineitem_orderkey","Relation Name": "lineitem","Alias": "l3","Startup Cost": 0.43,"Total Cost": 1.06,"Plan Rows": 6,"Plan Width": 8,"Actual Startup Time": 0.003,"Actual Total Time": 0.003,"Actual Rows": 1,"Actual Loops": 142196,"Index Cond": "(l_orderkey = l1.l_orderkey)","Rows Removed by Index Recheck": 0,"Filter": "((l_receiptdate > l_commitdate) AND (l_suppkey <> l1.l_suppkey))","Rows Removed by Filter": 1,"Workers": []}]}]},{"Node Type": "Index Scan","Parent Relationship": "Inner","Parallel Aware": false,"Async Capable": false,"Scan Direction": "Forward","Index Name": "idx_lineitem_orderkey","Relation Name": "lineitem","Alias": "l2","Startup Cost": 0.43,"Total Cost": 1.02,"Plan Rows": 17,"Plan Width": 8,"Actual Startup Time": 0.008,"Actual Total Time": 0.008,"Actual Rows": 1,"Actual Loops": 12677,"Index Cond": "(l_orderkey = l1.l_orderkey)","Rows Removed by Index Recheck": 0,"Filter": "(l_suppkey <> l1.l_suppkey)","Rows Removed by Filter": 1}]},{"Node Type": "Index Scan","Parent Relationship": "Inner","Parallel Aware": false,"Async Capable": false,"Scan Direction": "Forward","Index Name": "orders_pkey","Relation Name": "orders","Alias": "orders","Startup Cost": 0.43,"Total Cost": 0.51,"Plan Rows": 1,"Plan Width": 4,"Actual Startup Time": 0.008,"Actual Total Time": 0.008,"Actual Rows": 0,"Actual Loops": 7589,"Index Cond": "(o_orderkey = l1.l_orderkey)","Rows Removed by Index Recheck": 0,"Filter": "(o_orderstatus = 'F'::bpchar)","Rows Removed by Filter": 1}]}]}]}]},"Planning Time": 8.298,"Triggers": [],"Execution Time": 512.274}]
[{"Plan": {"Node Type": "Sort","Parallel Aware": false,"Async Capable": false,"Startup Cost": 147378.80,"Total Cost": 147378.81,"Plan Rows": 1,"Plan Width": 34,"Actual Startup Time": 491.039,"Actual Total Time": 509.746,"Actual Rows": 373,"Actual Loops": 1,"Sort Key": ["(count(*)) DESC", "supplier.s_name"],"Sort Method": "quicksort","Sort Space Used": 54,"Sort Space Type": "Memory","Plans": [{"Node Type": "Aggregate","Strategy": "Sorted","Partial Mode": "Simple","Parent Relationship": "Outer","Parallel Aware": false,"Async Capable": false,"Startup Cost": 147378.77,"Total Cost": 147378.79,"Plan Rows": 1,"Plan Width": 34,"Actual Startup Time": 489.852,"Actual Total Time": 509.039,"Actual Rows": 373,"Actual Loops": 1,"Group Key": ["supplier.s_name"],"Plans": [{"Node Type": "Sort","Parent Relationship": "Outer","Parallel Aware": false,"Async Capable": false,"Startup Cost": 147378.77,"Total Cost": 147378.78,"Plan Rows": 1,"Plan Width": 26,"Actual Startup Time": 489.818,"Actual Total Time": 508.641,"Actual Rows": 3775,"Actual Loops": 1,"Sort Key": ["supplier.s_name"],"Sort Method": "quicksort","Sort Space Used": 362,"Sort Space Type": "Memory","Plans": [{"Node Type": "Nested Loop","Parent Relationship": "Outer","Parallel Aware": false,"Async Capable": false,"Join Type": "Inner","Startup Cost": 1250.87,"Total Cost": 147378.76,"Plan Rows": 1,"Plan Width": 26,"Actual Startup Time": 4.604,"Actual Total Time": 497.627,"Actual Rows": 3775,"Actual Loops": 1,"Inner Unique": true,"Plans": [{"Node Type": "Nested Loop","Parent Relationship": "Outer","Parallel Aware": false,"Async Capable": false,"Join Type": "Semi","Startup Cost": 1250.44,"Total Cost": 147378.26,"Plan Rows": 1,"Plan Width": 34,"Actual Startup Time": 4.579,"Actual Total Time": 434.821,"Actual Rows": 7601,"Actual Loops": 1,"Inner Unique": false,"Plans": [{"Node Type": "Gather","Parent Relationship": "Outer","Parallel Aware": false,"Async Capable": false,"Startup Cost": 1250.01,"Total Cost": 147377.22,"Plan Rows": 1,"Plan Width": 34,"Actual Startup Time": 4.564,"Actual Total Time": 332.092,"Actual Rows": 12602,"Actual Loops": 1,"Workers Planned": 4,"Workers Launched": 4,"Single Copy": false,"Plans": [{"Node Type": "Nested Loop","Parent Relationship": "Outer","Parallel Aware": false,"Async Capable": false,"Join Type": "Anti","Startup Cost": 250.01,"Total Cost": 146377.12,"Plan Rows": 1,"Plan Width": 34,"Actual Startup Time": 4.313,"Actual Total Time": 433.903,"Actual Rows": 2520,"Actual Loops": 5,"Inner Unique": false,"Workers": [],"Plans": [{"Node Type": "Hash Join","Parent Relationship": "Outer","Parallel Aware": false,"Async Capable": false,"Join Type": "Inner","Startup Cost": 249.58,"Total Cost": 133581.65,"Plan Rows": 19990,"Plan Width": 34,"Actual Startup Time": 3.915,"Actual Total Time": 349.840,"Actual Rows": 28289,"Actual Loops": 5,"Inner Unique": false,"Hash Cond": "(l1.l_suppkey = supplier.s_suppkey)","Workers": [],"Plans": [{"Node Type": "Seq Scan","Parent Relationship": "Outer","Parallel Aware": true,"Async Capable": false,"Relation Name": "lineitem","Alias": "l1","Startup Cost": 0.00,"Total Cost": 131256.80,"Plan Rows": 500101,"Plan Width": 8,"Actual Startup Time": 0.025,"Actual Total Time": 300.593,"Actual Rows": 758659,"Actual Loops": 5,"Filter": "(l_receiptdate > l_commitdate)","Rows Removed by Filter": 441584,"Workers": []},{"Node Type": "Hash","Parent Relationship": "Inner","Parallel Aware": false,"Async Capable": false,"Startup Cost": 244.58,"Total Cost": 244.58,"Plan Rows": 400,"Plan Width": 30,"Actual Startup Time": 3.661,"Actual Total Time": 3.675,"Actual Rows": 373,"Actual Loops": 5,"Hash Buckets": 1024,"Original Hash Buckets": 1024,"Hash Batches": 1,"Original Hash Batches": 1,"Peak Memory Usage": 32,"Workers": [],"Plans": [{"Node Type": "Nested Loop","Parent Relationship": "Outer","Parallel Aware": false,"Async Capable": false,"Join Type": "Inner","Startup Cost": 7.38,"Total Cost": 244.58,"Plan Rows": 400,"Plan Width": 30,"Actual Startup Time": 0.231,"Actual Total Time": 3.539,"Actual Rows": 373,"Actual Loops": 5,"Inner Unique": false,"Workers": [],"Plans": [{"Node Type": "Seq Scan","Parent Relationship": "Outer","Parallel Aware": false,"Async Capable": false,"Relation Name": "nation","Alias": "nation","Startup Cost": 0.00,"Total Cost": 1.31,"Plan Rows": 1,"Plan Width": 4,"Actual Startup Time": 0.052,"Actual Total Time": 0.058,"Actual Rows": 1,"Actual Loops": 5,"Filter": "(n_name = 'MOROCCO'::bpchar)","Rows Removed by Filter": 24,"Workers": []},{"Node Type": "Bitmap Heap Scan","Parent Relationship": "Inner","Parallel Aware": false,"Async Capable": false,"Relation Name": "supplier","Alias": "supplier","Startup Cost": 7.38,"Total Cost": 239.27,"Plan Rows": 400,"Plan Width": 34,"Actual Startup Time": 0.174,"Actual Total Time": 3.419,"Actual Rows": 373,"Actual Loops": 5,"Recheck Cond": "(s_nationkey = nation.n_nationkey)","Rows Removed by Index Recheck": 0,"Exact Heap Blocks": 180,"Lossy Heap Blocks": 0,"Workers": [],"Plans": [{"Node Type": "Bitmap Index Scan","Parent Relationship": "Outer","Parallel Aware": false,"Async Capable": false,"Index Name": "idx_supplier_nation_key","Startup Cost": 0.00,"Total Cost": 7.29,"Plan Rows": 400,"Plan Width": 0,"Actual Startup Time": 0.112,"Actual Total Time": 0.115,"Actual Rows": 373,"Actual Loops": 5,"Index Cond": "(s_nationkey = nation.n_nationkey)","Workers": []}]}]}]}]},{"Node Type": "Index Scan","Parent Relationship": "Inner","Parallel Aware": false,"Async Capable": false,"Scan Direction": "Forward","Index Name": "idx_lineitem_orderkey","Relation Name": "lineitem","Alias": "l3","Startup Cost": 0.43,"Total Cost": 1.06,"Plan Rows": 6,"Plan Width": 8,"Actual Startup Time": 0.003,"Actual Total Time": 0.003,"Actual Rows": 1,"Actual Loops": 141445,"Index Cond": "(l_orderkey = l1.l_orderkey)","Rows Removed by Index Recheck": 0,"Filter": "((l_receiptdate > l_commitdate) AND (l_suppkey <> l1.l_suppkey))","Rows Removed by Filter": 1,"Workers": []}]}]},{"Node Type": "Index Scan","Parent Relationship": "Inner","Parallel Aware": false,"Async Capable": false,"Scan Direction": "Forward","Index Name": "idx_lineitem_orderkey","Relation Name": "lineitem","Alias": "l2","Startup Cost": 0.43,"Total Cost": 1.02,"Plan Rows": 17,"Plan Width": 8,"Actual Startup Time": 0.008,"Actual Total Time": 0.008,"Actual Rows": 1,"Actual Loops": 12602,"Index Cond": "(l_orderkey = l1.l_orderkey)","Rows Removed by Index Recheck": 0,"Filter": "(l_suppkey <> l1.l_suppkey)","Rows Removed by Filter": 1}]},{"Node Type": "Index Scan","Parent Relationship": "Inner","Parallel Aware": false,"Async Capable": false,"Scan Direction": "Forward","Index Name": "orders_pkey","Relation Name": "orders","Alias": "orders","Startup Cost": 0.43,"Total Cost": 0.51,"Plan Rows": 1,"Plan Width": 4,"Actual Startup Time": 0.008,"Actual Total Time": 0.008,"Actual Rows": 0,"Actual Loops": 7601,"Index Cond": "(o_orderkey = l1.l_orderkey)","Rows Removed by Index Recheck": 0,"Filter": "(o_orderstatus = 'F'::bpchar)","Rows Removed by Filter": 1}]}]}]}]},"Planning Time": 9.187,"Triggers": [],"Execution Time": 510.411}]
[{"Plan": {"Node Type": "Sort","Parallel Aware": false,"Async Capable": false,"Startup Cost": 147378.80,"Total Cost": 147378.81,"Plan Rows": 1,"Plan Width": 34,"Actual Startup Time": 501.304,"Actual Total Time": 522.071,"Actual Rows": 393,"Actual Loops": 1,"Sort Key": ["(count(*)) DESC", "supplier.s_name"],"Sort Method": "quicksort","Sort Space Used": 55,"Sort Space Type": "Memory","Plans": [{"Node Type": "Aggregate","Strategy": "Sorted","Partial Mode": "Simple","Parent Relationship": "Outer","Parallel Aware": false,"Async Capable": false,"Startup Cost": 147378.77,"Total Cost": 147378.79,"Plan Rows": 1,"Plan Width": 34,"Actual Startup Time": 500.141,"Actual Total Time": 521.406,"Actual Rows": 393,"Actual Loops": 1,"Group Key": ["supplier.s_name"],"Plans": [{"Node Type": "Sort","Parent Relationship": "Outer","Parallel Aware": false,"Async Capable": false,"Startup Cost": 147378.77,"Total Cost": 147378.78,"Plan Rows": 1,"Plan Width": 26,"Actual Startup Time": 500.117,"Actual Total Time": 521.005,"Actual Rows": 3888,"Actual Loops": 1,"Sort Key": ["supplier.s_name"],"Sort Method": "quicksort","Sort Space Used": 370,"Sort Space Type": "Memory","Plans": [{"Node Type": "Nested Loop","Parent Relationship": "Outer","Parallel Aware": false,"Async Capable": false,"Join Type": "Inner","Startup Cost": 1250.87,"Total Cost": 147378.76,"Plan Rows": 1,"Plan Width": 26,"Actual Startup Time": 4.419,"Actual Total Time": 510.533,"Actual Rows": 3888,"Actual Loops": 1,"Inner Unique": true,"Plans": [{"Node Type": "Nested Loop","Parent Relationship": "Outer","Parallel Aware": false,"Async Capable": false,"Join Type": "Semi","Startup Cost": 1250.44,"Total Cost": 147378.26,"Plan Rows": 1,"Plan Width": 34,"Actual Startup Time": 4.399,"Actual Total Time": 450.183,"Actual Rows": 7870,"Actual Loops": 1,"Inner Unique": false,"Plans": [{"Node Type": "Gather","Parent Relationship": "Outer","Parallel Aware": false,"Async Capable": false,"Startup Cost": 1250.01,"Total Cost": 147377.22,"Plan Rows": 1,"Plan Width": 34,"Actual Startup Time": 4.381,"Actual Total Time": 345.433,"Actual Rows": 13167,"Actual Loops": 1,"Workers Planned": 4,"Workers Launched": 4,"Single Copy": false,"Plans": [{"Node Type": "Nested Loop","Parent Relationship": "Outer","Parallel Aware": false,"Async Capable": false,"Join Type": "Anti","Startup Cost": 250.01,"Total Cost": 146377.12,"Plan Rows": 1,"Plan Width": 34,"Actual Startup Time": 4.384,"Actual Total Time": 444.967,"Actual Rows": 2633,"Actual Loops": 5,"Inner Unique": false,"Workers": [],"Plans": [{"Node Type": "Hash Join","Parent Relationship": "Outer","Parallel Aware": false,"Async Capable": false,"Join Type": "Inner","Startup Cost": 249.58,"Total Cost": 133581.65,"Plan Rows": 19990,"Plan Width": 34,"Actual Startup Time": 4.142,"Actual Total Time": 356.305,"Actual Rows": 29760,"Actual Loops": 5,"Inner Unique": false,"Hash Cond": "(l1.l_suppkey = supplier.s_suppkey)","Workers": [],"Plans": [{"Node Type": "Seq Scan","Parent Relationship": "Outer","Parallel Aware": true,"Async Capable": false,"Relation Name": "lineitem","Alias": "l1","Startup Cost": 0.00,"Total Cost": 131256.80,"Plan Rows": 500101,"Plan Width": 8,"Actual Startup Time": 0.027,"Actual Total Time": 306.242,"Actual Rows": 758659,"Actual Loops": 5,"Filter": "(l_receiptdate > l_commitdate)","Rows Removed by Filter": 441584,"Workers": []},{"Node Type": "Hash","Parent Relationship": "Inner","Parallel Aware": false,"Async Capable": false,"Startup Cost": 244.58,"Total Cost": 244.58,"Plan Rows": 400,"Plan Width": 30,"Actual Startup Time": 3.834,"Actual Total Time": 3.847,"Actual Rows": 393,"Actual Loops": 5,"Hash Buckets": 1024,"Original Hash Buckets": 1024,"Hash Batches": 1,"Original Hash Batches": 1,"Peak Memory Usage": 33,"Workers": [],"Plans": [{"Node Type": "Nested Loop","Parent Relationship": "Outer","Parallel Aware": false,"Async Capable": false,"Join Type": "Inner","Startup Cost": 7.38,"Total Cost": 244.58,"Plan Rows": 400,"Plan Width": 30,"Actual Startup Time": 0.244,"Actual Total Time": 3.695,"Actual Rows": 393,"Actual Loops": 5,"Inner Unique": false,"Workers": [],"Plans": [{"Node Type": "Seq Scan","Parent Relationship": "Outer","Parallel Aware": false,"Async Capable": false,"Relation Name": "nation","Alias": "nation","Startup Cost": 0.00,"Total Cost": 1.31,"Plan Rows": 1,"Plan Width": 4,"Actual Startup Time": 0.049,"Actual Total Time": 0.055,"Actual Rows": 1,"Actual Loops": 5,"Filter": "(n_name = 'IRAN'::bpchar)","Rows Removed by Filter": 24,"Workers": []},{"Node Type": "Bitmap Heap Scan","Parent Relationship": "Inner","Parallel Aware": false,"Async Capable": false,"Relation Name": "supplier","Alias": "supplier","Startup Cost": 7.38,"Total Cost": 239.27,"Plan Rows": 400,"Plan Width": 34,"Actual Startup Time": 0.188,"Actual Total Time": 3.562,"Actual Rows": 393,"Actual Loops": 5,"Recheck Cond": "(s_nationkey = nation.n_nationkey)","Rows Removed by Index Recheck": 0,"Exact Heap Blocks": 179,"Lossy Heap Blocks": 0,"Workers": [],"Plans": [{"Node Type": "Bitmap Index Scan","Parent Relationship": "Outer","Parallel Aware": false,"Async Capable": false,"Index Name": "idx_supplier_nation_key","Startup Cost": 0.00,"Total Cost": 7.29,"Plan Rows": 400,"Plan Width": 0,"Actual Startup Time": 0.116,"Actual Total Time": 0.118,"Actual Rows": 393,"Actual Loops": 5,"Index Cond": "(s_nationkey = nation.n_nationkey)","Workers": []}]}]}]}]},{"Node Type": "Index Scan","Parent Relationship": "Inner","Parallel Aware": false,"Async Capable": false,"Scan Direction": "Forward","Index Name": "idx_lineitem_orderkey","Relation Name": "lineitem","Alias": "l3","Startup Cost": 0.43,"Total Cost": 1.06,"Plan Rows": 6,"Plan Width": 8,"Actual Startup Time": 0.003,"Actual Total Time": 0.003,"Actual Rows": 1,"Actual Loops": 148802,"Index Cond": "(l_orderkey = l1.l_orderkey)","Rows Removed by Index Recheck": 0,"Filter": "((l_receiptdate > l_commitdate) AND (l_suppkey <> l1.l_suppkey))","Rows Removed by Filter": 1,"Workers": []}]}]},{"Node Type": "Index Scan","Parent Relationship": "Inner","Parallel Aware": false,"Async Capable": false,"Scan Direction": "Forward","Index Name": "idx_lineitem_orderkey","Relation Name": "lineitem","Alias": "l2","Startup Cost": 0.43,"Total Cost": 1.02,"Plan Rows": 17,"Plan Width": 8,"Actual Startup Time": 0.008,"Actual Total Time": 0.008,"Actual Rows": 1,"Actual Loops": 13167,"Index Cond": "(l_orderkey = l1.l_orderkey)","Rows Removed by Index Recheck": 0,"Filter": "(l_suppkey <> l1.l_suppkey)","Rows Removed by Filter": 1}]},{"Node Type": "Index Scan","Parent Relationship": "Inner","Parallel Aware": false,"Async Capable": false,"Scan Direction": "Forward","Index Name": "orders_pkey","Relation Name": "orders","Alias": "orders","Startup Cost": 0.43,"Total Cost": 0.51,"Plan Rows": 1,"Plan Width": 4,"Actual Startup Time": 0.007,"Actual Total Time": 0.007,"Actual Rows": 0,"Actual Loops": 7870,"Index Cond": "(o_orderkey = l1.l_orderkey)","Rows Removed by Index Recheck": 0,"Filter": "(o_orderstatus = 'F'::bpchar)","Rows Removed by Filter": 1}]}]}]}]},"Planning Time": 9.769,"Triggers": [],"Execution Time": 522.666}]
[{"Plan": {"Node Type": "Sort","Parallel Aware": false,"Async Capable": false,"Startup Cost": 147378.80,"Total Cost": 147378.81,"Plan Rows": 1,"Plan Width": 34,"Actual Startup Time": 512.736,"Actual Total Time": 529.210,"Actual Rows": 438,"Actual Loops": 1,"Sort Key": ["(count(*)) DESC", "supplier.s_name"],"Sort Method": "quicksort","Sort Space Used": 59,"Sort Space Type": "Memory","Plans": [{"Node Type": "Aggregate","Strategy": "Sorted","Partial Mode": "Simple","Parent Relationship": "Outer","Parallel Aware": false,"Async Capable": false,"Startup Cost": 147378.77,"Total Cost": 147378.79,"Plan Rows": 1,"Plan Width": 34,"Actual Startup Time": 511.404,"Actual Total Time": 528.425,"Actual Rows": 438,"Actual Loops": 1,"Group Key": ["supplier.s_name"],"Plans": [{"Node Type": "Sort","Parent Relationship": "Outer","Parallel Aware": false,"Async Capable": false,"Startup Cost": 147378.77,"Total Cost": 147378.78,"Plan Rows": 1,"Plan Width": 26,"Actual Startup Time": 511.372,"Actual Total Time": 527.974,"Actual Rows": 4210,"Actual Loops": 1,"Sort Key": ["supplier.s_name"],"Sort Method": "quicksort","Sort Space Used": 489,"Sort Space Type": "Memory","Plans": [{"Node Type": "Nested Loop","Parent Relationship": "Outer","Parallel Aware": false,"Async Capable": false,"Join Type": "Inner","Startup Cost": 1250.87,"Total Cost": 147378.76,"Plan Rows": 1,"Plan Width": 26,"Actual Startup Time": 5.368,"Actual Total Time": 515.358,"Actual Rows": 4210,"Actual Loops": 1,"Inner Unique": true,"Plans": [{"Node Type": "Nested Loop","Parent Relationship": "Outer","Parallel Aware": false,"Async Capable": false,"Join Type": "Semi","Startup Cost": 1250.44,"Total Cost": 147378.26,"Plan Rows": 1,"Plan Width": 34,"Actual Startup Time": 5.330,"Actual Total Time": 447.041,"Actual Rows": 8778,"Actual Loops": 1,"Inner Unique": false,"Plans": [{"Node Type": "Gather","Parent Relationship": "Outer","Parallel Aware": false,"Async Capable": false,"Startup Cost": 1250.01,"Total Cost": 147377.22,"Plan Rows": 1,"Plan Width": 34,"Actual Startup Time": 5.278,"Actual Total Time": 329.789,"Actual Rows": 14669,"Actual Loops": 1,"Workers Planned": 4,"Workers Launched": 4,"Single Copy": false,"Plans": [{"Node Type": "Nested Loop","Parent Relationship": "Outer","Parallel Aware": false,"Async Capable": false,"Join Type": "Anti","Startup Cost": 250.01,"Total Cost": 146377.12,"Plan Rows": 1,"Plan Width": 34,"Actual Startup Time": 5.105,"Actual Total Time": 449.554,"Actual Rows": 2934,"Actual Loops": 5,"Inner Unique": false,"Workers": [],"Plans": [{"Node Type": "Hash Join","Parent Relationship": "Outer","Parallel Aware": false,"Async Capable": false,"Join Type": "Inner","Startup Cost": 249.58,"Total Cost": 133581.65,"Plan Rows": 19990,"Plan Width": 34,"Actual Startup Time": 4.734,"Actual Total Time": 354.759,"Actual Rows": 33108,"Actual Loops": 5,"Inner Unique": false,"Hash Cond": "(l1.l_suppkey = supplier.s_suppkey)","Workers": [],"Plans": [{"Node Type": "Seq Scan","Parent Relationship": "Outer","Parallel Aware": true,"Async Capable": false,"Relation Name": "lineitem","Alias": "l1","Startup Cost": 0.00,"Total Cost": 131256.80,"Plan Rows": 500101,"Plan Width": 8,"Actual Startup Time": 0.025,"Actual Total Time": 303.070,"Actual Rows": 758659,"Actual Loops": 5,"Filter": "(l_receiptdate > l_commitdate)","Rows Removed by Filter": 441584,"Workers": []},{"Node Type": "Hash","Parent Relationship": "Inner","Parallel Aware": false,"Async Capable": false,"Startup Cost": 244.58,"Total Cost": 244.58,"Plan Rows": 400,"Plan Width": 30,"Actual Startup Time": 4.446,"Actual Total Time": 4.454,"Actual Rows": 438,"Actual Loops": 5,"Hash Buckets": 1024,"Original Hash Buckets": 1024,"Hash Batches": 1,"Original Hash Batches": 1,"Peak Memory Usage": 36,"Workers": [],"Plans": [{"Node Type": "Nested Loop","Parent Relationship": "Outer","Parallel Aware": false,"Async Capable": false,"Join Type": "Inner","Startup Cost": 7.38,"Total Cost": 244.58,"Plan Rows": 400,"Plan Width": 30,"Actual Startup Time": 0.266,"Actual Total Time": 4.290,"Actual Rows": 438,"Actual Loops": 5,"Inner Unique": false,"Workers": [],"Plans": [{"Node Type": "Seq Scan","Parent Relationship": "Outer","Parallel Aware": false,"Async Capable": false,"Relation Name": "nation","Alias": "nation","Startup Cost": 0.00,"Total Cost": 1.31,"Plan Rows": 1,"Plan Width": 4,"Actual Startup Time": 0.058,"Actual Total Time": 0.064,"Actual Rows": 1,"Actual Loops": 5,"Filter": "(n_name = 'IRAQ'::bpchar)","Rows Removed by Filter": 24,"Workers": []},{"Node Type": "Bitmap Heap Scan","Parent Relationship": "Inner","Parallel Aware": false,"Async Capable": false,"Relation Name": "supplier","Alias": "supplier","Startup Cost": 7.38,"Total Cost": 239.27,"Plan Rows": 400,"Plan Width": 34,"Actual Startup Time": 0.204,"Actual Total Time": 4.151,"Actual Rows": 438,"Actual Loops": 5,"Recheck Cond": "(s_nationkey = nation.n_nationkey)","Rows Removed by Index Recheck": 0,"Exact Heap Blocks": 194,"Lossy Heap Blocks": 0,"Workers": [],"Plans": [{"Node Type": "Bitmap Index Scan","Parent Relationship": "Outer","Parallel Aware": false,"Async Capable": false,"Index Name": "idx_supplier_nation_key","Startup Cost": 0.00,"Total Cost": 7.29,"Plan Rows": 400,"Plan Width": 0,"Actual Startup Time": 0.139,"Actual Total Time": 0.140,"Actual Rows": 438,"Actual Loops": 5,"Index Cond": "(s_nationkey = nation.n_nationkey)","Workers": []}]}]}]}]},{"Node Type": "Index Scan","Parent Relationship": "Inner","Parallel Aware": false,"Async Capable": false,"Scan Direction": "Forward","Index Name": "idx_lineitem_orderkey","Relation Name": "lineitem","Alias": "l3","Startup Cost": 0.43,"Total Cost": 1.06,"Plan Rows": 6,"Plan Width": 8,"Actual Startup Time": 0.003,"Actual Total Time": 0.003,"Actual Rows": 1,"Actual Loops": 165540,"Index Cond": "(l_orderkey = l1.l_orderkey)","Rows Removed by Index Recheck": 0,"Filter": "((l_receiptdate > l_commitdate) AND (l_suppkey <> l1.l_suppkey))","Rows Removed by Filter": 1,"Workers": []}]}]},{"Node Type": "Index Scan","Parent Relationship": "Inner","Parallel Aware": false,"Async Capable": false,"Scan Direction": "Forward","Index Name": "idx_lineitem_orderkey","Relation Name": "lineitem","Alias": "l2","Startup Cost": 0.43,"Total Cost": 1.02,"Plan Rows": 17,"Plan Width": 8,"Actual Startup Time": 0.007,"Actual Total Time": 0.007,"Actual Rows": 1,"Actual Loops": 14669,"Index Cond": "(l_orderkey = l1.l_orderkey)","Rows Removed by Index Recheck": 0,"Filter": "(l_suppkey <> l1.l_suppkey)","Rows Removed by Filter": 1}]},{"Node Type": "Index Scan","Parent Relationship": "Inner","Parallel Aware": false,"Async Capable": false,"Scan Direction": "Forward","Index Name": "orders_pkey","Relation Name": "orders","Alias": "orders","Startup Cost": 0.43,"Total Cost": 0.51,"Plan Rows": 1,"Plan Width": 4,"Actual Startup Time": 0.008,"Actual Total Time": 0.008,"Actual Rows": 0,"Actual Loops": 8778,"Index Cond": "(o_orderkey = l1.l_orderkey)","Rows Removed by Index Recheck": 0,"Filter": "(o_orderstatus = 'F'::bpchar)","Rows Removed by Filter": 1}]}]}]}]},"Planning Time": 9.762,"Triggers": [],"Execution Time": 529.872}]
[{"Plan": {"Node Type": "Sort","Parallel Aware": false,"Async Capable": false,"Startup Cost": 147378.80,"Total Cost": 147378.81,"Plan Rows": 1,"Plan Width": 34,"Actual Startup Time": 502.540,"Actual Total Time": 523.684,"Actual Rows": 401,"Actual Loops": 1,"Sort Key": ["(count(*)) DESC", "supplier.s_name"],"Sort Method": "quicksort","Sort Space Used": 56,"Sort Space Type": "Memory","Plans": [{"Node Type": "Aggregate","Strategy": "Sorted","Partial Mode": "Simple","Parent Relationship": "Outer","Parallel Aware": false,"Async Capable": false,"Startup Cost": 147378.77,"Total Cost": 147378.79,"Plan Rows": 1,"Plan Width": 34,"Actual Startup Time": 501.310,"Actual Total Time": 522.965,"Actual Rows": 401,"Actual Loops": 1,"Group Key": ["supplier.s_name"],"Plans": [{"Node Type": "Sort","Parent Relationship": "Outer","Parallel Aware": false,"Async Capable": false,"Startup Cost": 147378.77,"Total Cost": 147378.78,"Plan Rows": 1,"Plan Width": 26,"Actual Startup Time": 501.284,"Actual Total Time": 522.551,"Actual Rows": 3970,"Actual Loops": 1,"Sort Key": ["supplier.s_name"],"Sort Method": "quicksort","Sort Space Used": 376,"Sort Space Type": "Memory","Plans": [{"Node Type": "Nested Loop","Parent Relationship": "Outer","Parallel Aware": false,"Async Capable": false,"Join Type": "Inner","Startup Cost": 1250.87,"Total Cost": 147378.76,"Plan Rows": 1,"Plan Width": 26,"Actual Startup Time": 5.240,"Actual Total Time": 512.097,"Actual Rows": 3970,"Actual Loops": 1,"Inner Unique": true,"Plans": [{"Node Type": "Nested Loop","Parent Relationship": "Outer","Parallel Aware": false,"Async Capable": false,"Join Type": "Semi","Startup Cost": 1250.44,"Total Cost": 147378.26,"Plan Rows": 1,"Plan Width": 34,"Actual Startup Time": 4.627,"Actual Total Time": 451.513,"Actual Rows": 8097,"Actual Loops": 1,"Inner Unique": false,"Plans": [{"Node Type": "Gather","Parent Relationship": "Outer","Parallel Aware": false,"Async Capable": false,"Startup Cost": 1250.01,"Total Cost": 147377.22,"Plan Rows": 1,"Plan Width": 34,"Actual Startup Time": 4.615,"Actual Total Time": 347.691,"Actual Rows": 13583,"Actual Loops": 1,"Workers Planned": 4,"Workers Launched": 4,"Single Copy": false,"Plans": [{"Node Type": "Nested Loop","Parent Relationship": "Outer","Parallel Aware": false,"Async Capable": false,"Join Type": "Anti","Startup Cost": 250.01,"Total Cost": 146377.12,"Plan Rows": 1,"Plan Width": 34,"Actual Startup Time": 4.828,"Actual Total Time": 446.701,"Actual Rows": 2717,"Actual Loops": 5,"Inner Unique": false,"Workers": [],"Plans": [{"Node Type": "Hash Join","Parent Relationship": "Outer","Parallel Aware": false,"Async Capable": false,"Join Type": "Inner","Startup Cost": 249.58,"Total Cost": 133581.65,"Plan Rows": 19990,"Plan Width": 34,"Actual Startup Time": 4.456,"Actual Total Time": 356.594,"Actual Rows": 30499,"Actual Loops": 5,"Inner Unique": false,"Hash Cond": "(l1.l_suppkey = supplier.s_suppkey)","Workers": [],"Plans": [{"Node Type": "Seq Scan","Parent Relationship": "Outer","Parallel Aware": true,"Async Capable": false,"Relation Name": "lineitem","Alias": "l1","Startup Cost": 0.00,"Total Cost": 131256.80,"Plan Rows": 500101,"Plan Width": 8,"Actual Startup Time": 0.022,"Actual Total Time": 305.978,"Actual Rows": 758659,"Actual Loops": 5,"Filter": "(l_receiptdate > l_commitdate)","Rows Removed by Filter": 441584,"Workers": []},{"Node Type": "Hash","Parent Relationship": "Inner","Parallel Aware": false,"Async Capable": false,"Startup Cost": 244.58,"Total Cost": 244.58,"Plan Rows": 400,"Plan Width": 30,"Actual Startup Time": 4.157,"Actual Total Time": 4.168,"Actual Rows": 401,"Actual Loops": 5,"Hash Buckets": 1024,"Original Hash Buckets": 1024,"Hash Batches": 1,"Original Hash Batches": 1,"Peak Memory Usage": 34,"Workers": [],"Plans": [{"Node Type": "Nested Loop","Parent Relationship": "Outer","Parallel Aware": false,"Async Capable": false,"Join Type": "Inner","Startup Cost": 7.38,"Total Cost": 244.58,"Plan Rows": 400,"Plan Width": 30,"Actual Startup Time": 0.269,"Actual Total Time": 4.009,"Actual Rows": 401,"Actual Loops": 5,"Inner Unique": false,"Workers": [],"Plans": [{"Node Type": "Seq Scan","Parent Relationship": "Outer","Parallel Aware": false,"Async Capable": false,"Relation Name": "nation","Alias": "nation","Startup Cost": 0.00,"Total Cost": 1.31,"Plan Rows": 1,"Plan Width": 4,"Actual Startup Time": 0.053,"Actual Total Time": 0.057,"Actual Rows": 1,"Actual Loops": 5,"Filter": "(n_name = 'RUSSIA'::bpchar)","Rows Removed by Filter": 24,"Workers": []},{"Node Type": "Bitmap Heap Scan","Parent Relationship": "Inner","Parallel Aware": false,"Async Capable": false,"Relation Name": "supplier","Alias": "supplier","Startup Cost": 7.38,"Total Cost": 239.27,"Plan Rows": 400,"Plan Width": 34,"Actual Startup Time": 0.210,"Actual Total Time": 3.875,"Actual Rows": 401,"Actual Loops": 5,"Recheck Cond": "(s_nationkey = nation.n_nationkey)","Rows Removed by Index Recheck": 0,"Exact Heap Blocks": 180,"Lossy Heap Blocks": 0,"Workers": [],"Plans": [{"Node Type": "Bitmap Index Scan","Parent Relationship": "Outer","Parallel Aware": false,"Async Capable": false,"Index Name": "idx_supplier_nation_key","Startup Cost": 0.00,"Total Cost": 7.29,"Plan Rows": 400,"Plan Width": 0,"Actual Startup Time": 0.139,"Actual Total Time": 0.140,"Actual Rows": 401,"Actual Loops": 5,"Index Cond": "(s_nationkey = nation.n_nationkey)","Workers": []}]}]}]}]},{"Node Type": "Index Scan","Parent Relationship": "Inner","Parallel Aware": false,"Async Capable": false,"Scan Direction": "Forward","Index Name": "idx_lineitem_orderkey","Relation Name": "lineitem","Alias": "l3","Startup Cost": 0.43,"Total Cost": 1.06,"Plan Rows": 6,"Plan Width": 8,"Actual Startup Time": 0.003,"Actual Total Time": 0.003,"Actual Rows": 1,"Actual Loops": 152495,"Index Cond": "(l_orderkey = l1.l_orderkey)","Rows Removed by Index Recheck": 0,"Filter": "((l_receiptdate > l_commitdate) AND (l_suppkey <> l1.l_suppkey))","Rows Removed by Filter": 1,"Workers": []}]}]},{"Node Type": "Index Scan","Parent Relationship": "Inner","Parallel Aware": false,"Async Capable": false,"Scan Direction": "Forward","Index Name": "idx_lineitem_orderkey","Relation Name": "lineitem","Alias": "l2","Startup Cost": 0.43,"Total Cost": 1.02,"Plan Rows": 17,"Plan Width": 8,"Actual Startup Time": 0.007,"Actual Total Time": 0.007,"Actual Rows": 1,"Actual Loops": 13583,"Index Cond": "(l_orderkey = l1.l_orderkey)","Rows Removed by Index Recheck": 0,"Filter": "(l_suppkey <> l1.l_suppkey)","Rows Removed by Filter": 1}]},{"Node Type": "Index Scan","Parent Relationship": "Inner","Parallel Aware": false,"Async Capable": false,"Scan Direction": "Forward","Index Name": "orders_pkey","Relation Name": "orders","Alias": "orders","Startup Cost": 0.43,"Total Cost": 0.51,"Plan Rows": 1,"Plan Width": 4,"Actual Startup Time": 0.007,"Actual Total Time": 0.007,"Actual Rows": 0,"Actual Loops": 8097,"Index Cond": "(o_orderkey = l1.l_orderkey)","Rows Removed by Index Recheck": 0,"Filter": "(o_orderstatus = 'F'::bpchar)","Rows Removed by Filter": 1}]}]}]}]},"Planning Time": 9.437,"Triggers": [],"Execution Time": 524.297}]
[{"Plan": {"Node Type": "Sort","Parallel Aware": false,"Async Capable": false,"Startup Cost": 147378.80,"Total Cost": 147378.81,"Plan Rows": 1,"Plan Width": 34,"Actual Startup Time": 491.039,"Actual Total Time": 509.746,"Actual Rows": 373,"Actual Loops": 1,"Sort Key": ["(count(*)) DESC", "supplier.s_name"],"Sort Method": "quicksort","Sort Space Used": 54,"Sort Space Type": "Memory","Plans": [{"Node Type": "Aggregate","Strategy": "Sorted","Partial Mode": "Simple","Parent Relationship": "Outer","Parallel Aware": false,"Async Capable": false,"Startup Cost": 147378.77,"Total Cost": 147378.79,"Plan Rows": 1,"Plan Width": 34,"Actual Startup Time": 489.852,"Actual Total Time": 509.039,"Actual Rows": 373,"Actual Loops": 1,"Group Key": ["supplier.s_name"],"Plans": [{"Node Type": "Sort","Parent Relationship": "Outer","Parallel Aware": false,"Async Capable": false,"Startup Cost": 147378.77,"Total Cost": 147378.78,"Plan Rows": 1,"Plan Width": 26,"Actual Startup Time": 489.818,"Actual Total Time": 508.641,"Actual Rows": 3775,"Actual Loops": 1,"Sort Key": ["supplier.s_name"],"Sort Method": "quicksort","Sort Space Used": 362,"Sort Space Type": "Memory","Plans": [{"Node Type": "Nested Loop","Parent Relationship": "Outer","Parallel Aware": false,"Async Capable": false,"Join Type": "Inner","Startup Cost": 1250.87,"Total Cost": 147378.76,"Plan Rows": 1,"Plan Width": 26,"Actual Startup Time": 4.604,"Actual Total Time": 497.627,"Actual Rows": 3775,"Actual Loops": 1,"Inner Unique": true,"Plans": [{"Node Type": "Nested Loop","Parent Relationship": "Outer","Parallel Aware": false,"Async Capable": false,"Join Type": "Semi","Startup Cost": 1250.44,"Total Cost": 147378.26,"Plan Rows": 1,"Plan Width": 34,"Actual Startup Time": 4.579,"Actual Total Time": 434.821,"Actual Rows": 7601,"Actual Loops": 1,"Inner Unique": false,"Plans": [{"Node Type": "Gather","Parent Relationship": "Outer","Parallel Aware": false,"Async Capable": false,"Startup Cost": 1250.01,"Total Cost": 147377.22,"Plan Rows": 1,"Plan Width": 34,"Actual Startup Time": 4.564,"Actual Total Time": 332.092,"Actual Rows": 12602,"Actual Loops": 1,"Workers Planned": 4,"Workers Launched": 4,"Single Copy": false,"Plans": [{"Node Type": "Nested Loop","Parent Relationship": "Outer","Parallel Aware": false,"Async Capable": false,"Join Type": "Anti","Startup Cost": 250.01,"Total Cost": 146377.12,"Plan Rows": 1,"Plan Width": 34,"Actual Startup Time": 4.313,"Actual Total Time": 433.903,"Actual Rows": 2520,"Actual Loops": 5,"Inner Unique": false,"Workers": [],"Plans": [{"Node Type": "Hash Join","Parent Relationship": "Outer","Parallel Aware": false,"Async Capable": false,"Join Type": "Inner","Startup Cost": 249.58,"Total Cost": 133581.65,"Plan Rows": 19990,"Plan Width": 34,"Actual Startup Time": 3.915,"Actual Total Time": 349.840,"Actual Rows": 28289,"Actual Loops": 5,"Inner Unique": false,"Hash Cond": "(l1.l_suppkey = supplier.s_suppkey)","Workers": [],"Plans": [{"Node Type": "Seq Scan","Parent Relationship": "Outer","Parallel Aware": true,"Async Capable": false,"Relation Name": "lineitem","Alias": "l1","Startup Cost": 0.00,"Total Cost": 131256.80,"Plan Rows": 500101,"Plan Width": 8,"Actual Startup Time": 0.025,"Actual Total Time": 300.593,"Actual Rows": 758659,"Actual Loops": 5,"Filter": "(l_receiptdate > l_commitdate)","Rows Removed by Filter": 441584,"Workers": []},{"Node Type": "Hash","Parent Relationship": "Inner","Parallel Aware": false,"Async Capable": false,"Startup Cost": 244.58,"Total Cost": 244.58,"Plan Rows": 400,"Plan Width": 30,"Actual Startup Time": 3.661,"Actual Total Time": 3.675,"Actual Rows": 373,"Actual Loops": 5,"Hash Buckets": 1024,"Original Hash Buckets": 1024,"Hash Batches": 1,"Original Hash Batches": 1,"Peak Memory Usage": 32,"Workers": [],"Plans": [{"Node Type": "Nested Loop","Parent Relationship": "Outer","Parallel Aware": false,"Async Capable": false,"Join Type": "Inner","Startup Cost": 7.38,"Total Cost": 244.58,"Plan Rows": 400,"Plan Width": 30,"Actual Startup Time": 0.231,"Actual Total Time": 3.539,"Actual Rows": 373,"Actual Loops": 5,"Inner Unique": false,"Workers": [],"Plans": [{"Node Type": "Seq Scan","Parent Relationship": "Outer","Parallel Aware": false,"Async Capable": false,"Relation Name": "nation","Alias": "nation","Startup Cost": 0.00,"Total Cost": 1.31,"Plan Rows": 1,"Plan Width": 4,"Actual Startup Time": 0.052,"Actual Total Time": 0.058,"Actual Rows": 1,"Actual Loops": 5,"Filter": "(n_name = 'MOROCCO'::bpchar)","Rows Removed by Filter": 24,"Workers": []},{"Node Type": "Bitmap Heap Scan","Parent Relationship": "Inner","Parallel Aware": false,"Async Capable": false,"Relation Name": "supplier","Alias": "supplier","Startup Cost": 7.38,"Total Cost": 239.27,"Plan Rows": 400,"Plan Width": 34,"Actual Startup Time": 0.174,"Actual Total Time": 3.419,"Actual Rows": 373,"Actual Loops": 5,"Recheck Cond": "(s_nationkey = nation.n_nationkey)","Rows Removed by Index Recheck": 0,"Exact Heap Blocks": 180,"Lossy Heap Blocks": 0,"Workers": [],"Plans": [{"Node Type": "Bitmap Index Scan","Parent Relationship": "Outer","Parallel Aware": false,"Async Capable": false,"Index Name": "idx_supplier_nation_key","Startup Cost": 0.00,"Total Cost": 7.29,"Plan Rows": 400,"Plan Width": 0,"Actual Startup Time": 0.112,"Actual Total Time": 0.115,"Actual Rows": 373,"Actual Loops": 5,"Index Cond": "(s_nationkey = nation.n_nationkey)","Workers": []}]}]}]}]},{"Node Type": "Index Scan","Parent Relationship": "Inner","Parallel Aware": false,"Async Capable": false,"Scan Direction": "Forward","Index Name": "idx_lineitem_orderkey","Relation Name": "lineitem","Alias": "l3","Startup Cost": 0.43,"Total Cost": 1.06,"Plan Rows": 6,"Plan Width": 8,"Actual Startup Time": 0.003,"Actual Total Time": 0.003,"Actual Rows": 1,"Actual Loops": 141445,"Index Cond": "(l_orderkey = l1.l_orderkey)","Rows Removed by Index Recheck": 0,"Filter": "((l_receiptdate > l_commitdate) AND (l_suppkey <> l1.l_suppkey))","Rows Removed by Filter": 1,"Workers": []}]}]},{"Node Type": "Index Scan","Parent Relationship": "Inner","Parallel Aware": false,"Async Capable": false,"Scan Direction": "Forward","Index Name": "idx_lineitem_orderkey","Relation Name": "lineitem","Alias": "l2","Startup Cost": 0.43,"Total Cost": 1.02,"Plan Rows": 17,"Plan Width": 8,"Actual Startup Time": 0.008,"Actual Total Time": 0.008,"Actual Rows": 1,"Actual Loops": 12602,"Index Cond": "(l_orderkey = l1.l_orderkey)","Rows Removed by Index Recheck": 0,"Filter": "(l_suppkey <> l1.l_suppkey)","Rows Removed by Filter": 1}]},{"Node Type": "Index Scan","Parent Relationship": "Inner","Parallel Aware": false,"Async Capable": false,"Scan Direction": "Forward","Index Name": "orders_pkey","Relation Name": "orders","Alias": "orders","Startup Cost": 0.43,"Total Cost": 0.51,"Plan Rows": 1,"Plan Width": 4,"Actual Startup Time": 0.008,"Actual Total Time": 0.008,"Actual Rows": 0,"Actual Loops": 7601,"Index Cond": "(o_orderkey = l1.l_orderkey)","Rows Removed by Index Recheck": 0,"Filter": "(o_orderstatus = 'F'::bpchar)","Rows Removed by Filter": 1}]}]}]}]},"Planning Time": 9.187,"Triggers": [],"Execution Time": 510.411}]
[{"Plan": {"Node Type": "Sort","Parallel Aware": false,"Async Capable": false,"Startup Cost": 147378.80,"Total Cost": 147378.81,"Plan Rows": 1,"Plan Width": 34,"Actual Startup Time": 505.815,"Actual Total Time": 525.309,"Actual Rows": 390,"Actual Loops": 1,"Sort Key": ["(count(*)) DESC", "supplier.s_name"],"Sort Method": "quicksort","Sort Space Used": 55,"Sort Space Type": "Memory","Plans": [{"Node Type": "Aggregate","Strategy": "Sorted","Partial Mode": "Simple","Parent Relationship": "Outer","Parallel Aware": false,"Async Capable": false,"Startup Cost": 147378.77,"Total Cost": 147378.79,"Plan Rows": 1,"Plan Width": 34,"Actual Startup Time": 504.634,"Actual Total Time": 524.620,"Actual Rows": 390,"Actual Loops": 1,"Group Key": ["supplier.s_name"],"Plans": [{"Node Type": "Sort","Parent Relationship": "Outer","Parallel Aware": false,"Async Capable": false,"Startup Cost": 147378.77,"Total Cost": 147378.78,"Plan Rows": 1,"Plan Width": 26,"Actual Startup Time": 504.612,"Actual Total Time": 524.224,"Actual Rows": 3844,"Actual Loops": 1,"Sort Key": ["supplier.s_name"],"Sort Method": "quicksort","Sort Space Used": 367,"Sort Space Type": "Memory","Plans": [{"Node Type": "Nested Loop","Parent Relationship": "Outer","Parallel Aware": false,"Async Capable": false,"Join Type": "Inner","Startup Cost": 1250.87,"Total Cost": 147378.76,"Plan Rows": 1,"Plan Width": 26,"Actual Startup Time": 4.787,"Actual Total Time": 512.994,"Actual Rows": 3844,"Actual Loops": 1,"Inner Unique": true,"Plans": [{"Node Type": "Nested Loop","Parent Relationship": "Outer","Parallel Aware": false,"Async Capable": false,"Join Type": "Semi","Startup Cost": 1250.44,"Total Cost": 147378.26,"Plan Rows": 1,"Plan Width": 34,"Actual Startup Time": 4.747,"Actual Total Time": 447.855,"Actual Rows": 7892,"Actual Loops": 1,"Inner Unique": false,"Plans": [{"Node Type": "Gather","Parent Relationship": "Outer","Parallel Aware": false,"Async Capable": false,"Startup Cost": 1250.01,"Total Cost": 147377.22,"Plan Rows": 1,"Plan Width": 34,"Actual Startup Time": 4.560,"Actual Total Time": 339.834,"Actual Rows": 13152,"Actual Loops": 1,"Workers Planned": 4,"Workers Launched": 4,"Single Copy": false,"Plans": [{"Node Type": "Nested Loop","Parent Relationship": "Outer","Parallel Aware": false,"Async Capable": false,"Join Type": "Anti","Startup Cost": 250.01,"Total Cost": 146377.12,"Plan Rows": 1,"Plan Width": 34,"Actual Startup Time": 5.683,"Actual Total Time": 445.299,"Actual Rows": 2630,"Actual Loops": 5,"Inner Unique": false,"Workers": [],"Plans": [{"Node Type": "Hash Join","Parent Relationship": "Outer","Parallel Aware": false,"Async Capable": false,"Join Type": "Inner","Startup Cost": 249.58,"Total Cost": 133581.65,"Plan Rows": 19990,"Plan Width": 34,"Actual Startup Time": 5.525,"Actual Total Time": 357.256,"Actual Rows": 29502,"Actual Loops": 5,"Inner Unique": false,"Hash Cond": "(l1.l_suppkey = supplier.s_suppkey)","Workers": [],"Plans": [{"Node Type": "Seq Scan","Parent Relationship": "Outer","Parallel Aware": true,"Async Capable": false,"Relation Name": "lineitem","Alias": "l1","Startup Cost": 0.00,"Total Cost": 131256.80,"Plan Rows": 500101,"Plan Width": 8,"Actual Startup Time": 0.033,"Actual Total Time": 305.756,"Actual Rows": 758659,"Actual Loops": 5,"Filter": "(l_receiptdate > l_commitdate)","Rows Removed by Filter": 441584,"Workers": []},{"Node Type": "Hash","Parent Relationship": "Inner","Parallel Aware": false,"Async Capable": false,"Startup Cost": 244.58,"Total Cost": 244.58,"Plan Rows": 400,"Plan Width": 30,"Actual Startup Time": 5.155,"Actual Total Time": 5.167,"Actual Rows": 390,"Actual Loops": 5,"Hash Buckets": 1024,"Original Hash Buckets": 1024,"Hash Batches": 1,"Original Hash Batches": 1,"Peak Memory Usage": 33,"Workers": [],"Plans": [{"Node Type": "Nested Loop","Parent Relationship": "Outer","Parallel Aware": false,"Async Capable": false,"Join Type": "Inner","Startup Cost": 7.38,"Total Cost": 244.58,"Plan Rows": 400,"Plan Width": 30,"Actual Startup Time": 0.295,"Actual Total Time": 4.960,"Actual Rows": 390,"Actual Loops": 5,"Inner Unique": false,"Workers": [],"Plans": [{"Node Type": "Seq Scan","Parent Relationship": "Outer","Parallel Aware": false,"Async Capable": false,"Relation Name": "nation","Alias": "nation","Startup Cost": 0.00,"Total Cost": 1.31,"Plan Rows": 1,"Plan Width": 4,"Actual Startup Time": 0.065,"Actual Total Time": 0.070,"Actual Rows": 1,"Actual Loops": 5,"Filter": "(n_name = 'UNITED KINGDOM'::bpchar)","Rows Removed by Filter": 24,"Workers": []},{"Node Type": "Bitmap Heap Scan","Parent Relationship": "Inner","Parallel Aware": false,"Async Capable": false,"Relation Name": "supplier","Alias": "supplier","Startup Cost": 7.38,"Total Cost": 239.27,"Plan Rows": 400,"Plan Width": 34,"Actual Startup Time": 0.224,"Actual Total Time": 4.798,"Actual Rows": 390,"Actual Loops": 5,"Recheck Cond": "(s_nationkey = nation.n_nationkey)","Rows Removed by Index Recheck": 0,"Exact Heap Blocks": 190,"Lossy Heap Blocks": 0,"Workers": [],"Plans": [{"Node Type": "Bitmap Index Scan","Parent Relationship": "Outer","Parallel Aware": false,"Async Capable": false,"Index Name": "idx_supplier_nation_key","Startup Cost": 0.00,"Total Cost": 7.29,"Plan Rows": 400,"Plan Width": 0,"Actual Startup Time": 0.138,"Actual Total Time": 0.139,"Actual Rows": 390,"Actual Loops": 5,"Index Cond": "(s_nationkey = nation.n_nationkey)","Workers": []}]}]}]}]},{"Node Type": "Index Scan","Parent Relationship": "Inner","Parallel Aware": false,"Async Capable": false,"Scan Direction": "Forward","Index Name": "idx_lineitem_orderkey","Relation Name": "lineitem","Alias": "l3","Startup Cost": 0.43,"Total Cost": 1.06,"Plan Rows": 6,"Plan Width": 8,"Actual Startup Time": 0.003,"Actual Total Time": 0.003,"Actual Rows": 1,"Actual Loops": 147510,"Index Cond": "(l_orderkey = l1.l_orderkey)","Rows Removed by Index Recheck": 0,"Filter": "((l_receiptdate > l_commitdate) AND (l_suppkey <> l1.l_suppkey))","Rows Removed by Filter": 1,"Workers": []}]}]},{"Node Type": "Index Scan","Parent Relationship": "Inner","Parallel Aware": false,"Async Capable": false,"Scan Direction": "Forward","Index Name": "idx_lineitem_orderkey","Relation Name": "lineitem","Alias": "l2","Startup Cost": 0.43,"Total Cost": 1.02,"Plan Rows": 17,"Plan Width": 8,"Actual Startup Time": 0.008,"Actual Total Time": 0.008,"Actual Rows": 1,"Actual Loops": 13152,"Index Cond": "(l_orderkey = l1.l_orderkey)","Rows Removed by Index Recheck": 0,"Filter": "(l_suppkey <> l1.l_suppkey)","Rows Removed by Filter": 1}]},{"Node Type": "Index Scan","Parent Relationship": "Inner","Parallel Aware": false,"Async Capable": false,"Scan Direction": "Forward","Index Name": "orders_pkey","Relation Name": "orders","Alias": "orders","Startup Cost": 0.43,"Total Cost": 0.51,"Plan Rows": 1,"Plan Width": 4,"Actual Startup Time": 0.008,"Actual Total Time": 0.008,"Actual Rows": 0,"Actual Loops": 7892,"Index Cond": "(o_orderkey = l1.l_orderkey)","Rows Removed by Index Recheck": 0,"Filter": "(o_orderstatus = 'F'::bpchar)","Rows Removed by Filter": 1}]}]}]}]},"Planning Time": 10.043,"Triggers": [],"Execution Time": 525.836}]
[{"Plan": {"Node Type": "Sort","Parallel Aware": false,"Async Capable": false,"Startup Cost": 147378.80,"Total Cost": 147378.81,"Plan Rows": 1,"Plan Width": 34,"Actual Startup Time": 509.264,"Actual Total Time": 527.696,"Actual Rows": 421,"Actual Loops": 1,"Sort Key": ["(count(*)) DESC", "supplier.s_name"],"Sort Method": "quicksort","Sort Space Used": 57,"Sort Space Type": "Memory","Plans": [{"Node Type": "Aggregate","Strategy": "Sorted","Partial Mode": "Simple","Parent Relationship": "Outer","Parallel Aware": false,"Async Capable": false,"Startup Cost": 147378.77,"Total Cost": 147378.79,"Plan Rows": 1,"Plan Width": 34,"Actual Startup Time": 507.941,"Actual Total Time": 526.990,"Actual Rows": 421,"Actual Loops": 1,"Group Key": ["supplier.s_name"],"Plans": [{"Node Type": "Sort","Parent Relationship": "Outer","Parallel Aware": false,"Async Capable": false,"Startup Cost": 147378.77,"Total Cost": 147378.78,"Plan Rows": 1,"Plan Width": 26,"Actual Startup Time": 507.919,"Actual Total Time": 526.540,"Actual Rows": 4227,"Actual Loops": 1,"Sort Key": ["supplier.s_name"],"Sort Method": "quicksort","Sort Space Used": 490,"Sort Space Type": "Memory","Plans": [{"Node Type": "Nested Loop","Parent Relationship": "Outer","Parallel Aware": false,"Async Capable": false,"Join Type": "Inner","Startup Cost": 1250.87,"Total Cost": 147378.76,"Plan Rows": 1,"Plan Width": 26,"Actual Startup Time": 5.396,"Actual Total Time": 515.076,"Actual Rows": 4227,"Actual Loops": 1,"Inner Unique": true,"Plans": [{"Node Type": "Nested Loop","Parent Relationship": "Outer","Parallel Aware": false,"Async Capable": false,"Join Type": "Semi","Startup Cost": 1250.44,"Total Cost": 147378.26,"Plan Rows": 1,"Plan Width": 34,"Actual Startup Time": 5.356,"Actual Total Time": 448.186,"Actual Rows": 8678,"Actual Loops": 1,"Inner Unique": false,"Plans": [{"Node Type": "Gather","Parent Relationship": "Outer","Parallel Aware": false,"Async Capable": false,"Startup Cost": 1250.01,"Total Cost": 147377.22,"Plan Rows": 1,"Plan Width": 34,"Actual Startup Time": 5.315,"Actual Total Time": 333.619,"Actual Rows": 14289,"Actual Loops": 1,"Workers Planned": 4,"Workers Launched": 4,"Single Copy": false,"Plans": [{"Node Type": "Nested Loop","Parent Relationship": "Outer","Parallel Aware": false,"Async Capable": false,"Join Type": "Anti","Startup Cost": 250.01,"Total Cost": 146377.12,"Plan Rows": 1,"Plan Width": 34,"Actual Startup Time": 5.155,"Actual Total Time": 447.803,"Actual Rows": 2858,"Actual Loops": 5,"Inner Unique": false,"Workers": [],"Plans": [{"Node Type": "Hash Join","Parent Relationship": "Outer","Parallel Aware": false,"Async Capable": false,"Join Type": "Inner","Startup Cost": 249.58,"Total Cost": 133581.65,"Plan Rows": 19990,"Plan Width": 34,"Actual Startup Time": 4.679,"Actual Total Time": 355.100,"Actual Rows": 31833,"Actual Loops": 5,"Inner Unique": false,"Hash Cond": "(l1.l_suppkey = supplier.s_suppkey)","Workers": [],"Plans": [{"Node Type": "Seq Scan","Parent Relationship": "Outer","Parallel Aware": true,"Async Capable": false,"Relation Name": "lineitem","Alias": "l1","Startup Cost": 0.00,"Total Cost": 131256.80,"Plan Rows": 500101,"Plan Width": 8,"Actual Startup Time": 0.028,"Actual Total Time": 302.880,"Actual Rows": 758659,"Actual Loops": 5,"Filter": "(l_receiptdate > l_commitdate)","Rows Removed by Filter": 441584,"Workers": []},{"Node Type": "Hash","Parent Relationship": "Inner","Parallel Aware": false,"Async Capable": false,"Startup Cost": 244.58,"Total Cost": 244.58,"Plan Rows": 400,"Plan Width": 30,"Actual Startup Time": 4.328,"Actual Total Time": 4.340,"Actual Rows": 421,"Actual Loops": 5,"Hash Buckets": 1024,"Original Hash Buckets": 1024,"Hash Batches": 1,"Original Hash Batches": 1,"Peak Memory Usage": 35,"Workers": [],"Plans": [{"Node Type": "Nested Loop","Parent Relationship": "Outer","Parallel Aware": false,"Async Capable": false,"Join Type": "Inner","Startup Cost": 7.38,"Total Cost": 244.58,"Plan Rows": 400,"Plan Width": 30,"Actual Startup Time": 0.319,"Actual Total Time": 4.167,"Actual Rows": 421,"Actual Loops": 5,"Inner Unique": false,"Workers": [],"Plans": [{"Node Type": "Seq Scan","Parent Relationship": "Outer","Parallel Aware": false,"Async Capable": false,"Relation Name": "nation","Alias": "nation","Startup Cost": 0.00,"Total Cost": 1.31,"Plan Rows": 1,"Plan Width": 4,"Actual Startup Time": 0.061,"Actual Total Time": 0.065,"Actual Rows": 1,"Actual Loops": 5,"Filter": "(n_name = 'PERU'::bpchar)","Rows Removed by Filter": 24,"Workers": []},{"Node Type": "Bitmap Heap Scan","Parent Relationship": "Inner","Parallel Aware": false,"Async Capable": false,"Relation Name": "supplier","Alias": "supplier","Startup Cost": 7.38,"Total Cost": 239.27,"Plan Rows": 400,"Plan Width": 34,"Actual Startup Time": 0.253,"Actual Total Time": 4.010,"Actual Rows": 421,"Actual Loops": 5,"Recheck Cond": "(s_nationkey = nation.n_nationkey)","Rows Removed by Index Recheck": 0,"Exact Heap Blocks": 187,"Lossy Heap Blocks": 0,"Workers": [],"Plans": [{"Node Type": "Bitmap Index Scan","Parent Relationship": "Outer","Parallel Aware": false,"Async Capable": false,"Index Name": "idx_supplier_nation_key","Startup Cost": 0.00,"Total Cost": 7.29,"Plan Rows": 400,"Plan Width": 0,"Actual Startup Time": 0.167,"Actual Total Time": 0.169,"Actual Rows": 421,"Actual Loops": 5,"Index Cond": "(s_nationkey = nation.n_nationkey)","Workers": []}]}]}]}]},{"Node Type": "Index Scan","Parent Relationship": "Inner","Parallel Aware": false,"Async Capable": false,"Scan Direction": "Forward","Index Name": "idx_lineitem_orderkey","Relation Name": "lineitem","Alias": "l3","Startup Cost": 0.43,"Total Cost": 1.06,"Plan Rows": 6,"Plan Width": 8,"Actual Startup Time": 0.003,"Actual Total Time": 0.003,"Actual Rows": 1,"Actual Loops": 159165,"Index Cond": "(l_orderkey = l1.l_orderkey)","Rows Removed by Index Recheck": 0,"Filter": "((l_receiptdate > l_commitdate) AND (l_suppkey <> l1.l_suppkey))","Rows Removed by Filter": 1,"Workers": []}]}]},{"Node Type": "Index Scan","Parent Relationship": "Inner","Parallel Aware": false,"Async Capable": false,"Scan Direction": "Forward","Index Name": "idx_lineitem_orderkey","Relation Name": "lineitem","Alias": "l2","Startup Cost": 0.43,"Total Cost": 1.02,"Plan Rows": 17,"Plan Width": 8,"Actual Startup Time": 0.008,"Actual Total Time": 0.008,"Actual Rows": 1,"Actual Loops": 14289,"Index Cond": "(l_orderkey = l1.l_orderkey)","Rows Removed by Index Recheck": 0,"Filter": "(l_suppkey <> l1.l_suppkey)","Rows Removed by Filter": 1}]},{"Node Type": "Index Scan","Parent Relationship": "Inner","Parallel Aware": false,"Async Capable": false,"Scan Direction": "Forward","Index Name": "orders_pkey","Relation Name": "orders","Alias": "orders","Startup Cost": 0.43,"Total Cost": 0.51,"Plan Rows": 1,"Plan Width": 4,"Actual Startup Time": 0.007,"Actual Total Time": 0.007,"Actual Rows": 0,"Actual Loops": 8678,"Index Cond": "(o_orderkey = l1.l_orderkey)","Rows Removed by Index Recheck": 0,"Filter": "(o_orderstatus = 'F'::bpchar)","Rows Removed by Filter": 1}]}]}]}]},"Planning Time": 8.374,"Triggers": [],"Execution Time": 528.458}]
[{"Plan": {"Node Type": "Sort","Parallel Aware": false,"Async Capable": false,"Startup Cost": 147378.80,"Total Cost": 147378.81,"Plan Rows": 1,"Plan Width": 34,"Actual Startup Time": 493.231,"Actual Total Time": 511.674,"Actual Rows": 376,"Actual Loops": 1,"Sort Key": ["(count(*)) DESC", "supplier.s_name"],"Sort Method": "quicksort","Sort Space Used": 54,"Sort Space Type": "Memory","Plans": [{"Node Type": "Aggregate","Strategy": "Sorted","Partial Mode": "Simple","Parent Relationship": "Outer","Parallel Aware": false,"Async Capable": false,"Startup Cost": 147378.77,"Total Cost": 147378.79,"Plan Rows": 1,"Plan Width": 34,"Actual Startup Time": 492.079,"Actual Total Time": 510.997,"Actual Rows": 376,"Actual Loops": 1,"Group Key": ["supplier.s_name"],"Plans": [{"Node Type": "Sort","Parent Relationship": "Outer","Parallel Aware": false,"Async Capable": false,"Startup Cost": 147378.77,"Total Cost": 147378.78,"Plan Rows": 1,"Plan Width": 26,"Actual Startup Time": 492.053,"Actual Total Time": 510.609,"Actual Rows": 3697,"Actual Loops": 1,"Sort Key": ["supplier.s_name"],"Sort Method": "quicksort","Sort Space Used": 356,"Sort Space Type": "Memory","Plans": [{"Node Type": "Nested Loop","Parent Relationship": "Outer","Parallel Aware": false,"Async Capable": false,"Join Type": "Inner","Startup Cost": 1250.87,"Total Cost": 147378.76,"Plan Rows": 1,"Plan Width": 26,"Actual Startup Time": 5.656,"Actual Total Time": 499.948,"Actual Rows": 3697,"Actual Loops": 1,"Inner Unique": true,"Plans": [{"Node Type": "Nested Loop","Parent Relationship": "Outer","Parallel Aware": false,"Async Capable": false,"Join Type": "Semi","Startup Cost": 1250.44,"Total Cost": 147378.26,"Plan Rows": 1,"Plan Width": 34,"Actual Startup Time": 5.611,"Actual Total Time": 438.655,"Actual Rows": 7589,"Actual Loops": 1,"Inner Unique": false,"Plans": [{"Node Type": "Gather","Parent Relationship": "Outer","Parallel Aware": false,"Async Capable": false,"Startup Cost": 1250.01,"Total Cost": 147377.22,"Plan Rows": 1,"Plan Width": 34,"Actual Startup Time": 4.591,"Actual Total Time": 336.749,"Actual Rows": 12677,"Actual Loops": 1,"Workers Planned": 4,"Workers Launched": 4,"Single Copy": false,"Plans": [{"Node Type": "Nested Loop","Parent Relationship": "Outer","Parallel Aware": false,"Async Capable": false,"Join Type": "Anti","Startup Cost": 250.01,"Total Cost": 146377.12,"Plan Rows": 1,"Plan Width": 34,"Actual Startup Time": 5.313,"Actual Total Time": 436.446,"Actual Rows": 2535,"Actual Loops": 5,"Inner Unique": false,"Workers": [],"Plans": [{"Node Type": "Hash Join","Parent Relationship": "Outer","Parallel Aware": false,"Async Capable": false,"Join Type": "Inner","Startup Cost": 249.58,"Total Cost": 133581.65,"Plan Rows": 19990,"Plan Width": 34,"Actual Startup Time": 5.158,"Actual Total Time": 352.526,"Actual Rows": 28439,"Actual Loops": 5,"Inner Unique": false,"Hash Cond": "(l1.l_suppkey = supplier.s_suppkey)","Workers": [],"Plans": [{"Node Type": "Seq Scan","Parent Relationship": "Outer","Parallel Aware": true,"Async Capable": false,"Relation Name": "lineitem","Alias": "l1","Startup Cost": 0.00,"Total Cost": 131256.80,"Plan Rows": 500101,"Plan Width": 8,"Actual Startup Time": 0.028,"Actual Total Time": 300.563,"Actual Rows": 758659,"Actual Loops": 5,"Filter": "(l_receiptdate > l_commitdate)","Rows Removed by Filter": 441584,"Workers": []},{"Node Type": "Hash","Parent Relationship": "Inner","Parallel Aware": false,"Async Capable": false,"Startup Cost": 244.58,"Total Cost": 244.58,"Plan Rows": 400,"Plan Width": 30,"Actual Startup Time": 4.780,"Actual Total Time": 4.790,"Actual Rows": 376,"Actual Loops": 5,"Hash Buckets": 1024,"Original Hash Buckets": 1024,"Hash Batches": 1,"Original Hash Batches": 1,"Peak Memory Usage": 32,"Workers": [],"Plans": [{"Node Type": "Nested Loop","Parent Relationship": "Outer","Parallel Aware": false,"Async Capable": false,"Join Type": "Inner","Startup Cost": 7.38,"Total Cost": 244.58,"Plan Rows": 400,"Plan Width": 30,"Actual Startup Time": 0.359,"Actual Total Time": 4.625,"Actual Rows": 376,"Actual Loops": 5,"Inner Unique": false,"Workers": [],"Plans": [{"Node Type": "Seq Scan","Parent Relationship": "Outer","Parallel Aware": false,"Async Capable": false,"Relation Name": "nation","Alias": "nation","Startup Cost": 0.00,"Total Cost": 1.31,"Plan Rows": 1,"Plan Width": 4,"Actual Startup Time": 0.066,"Actual Total Time": 0.070,"Actual Rows": 1,"Actual Loops": 5,"Filter": "(n_name = 'KENYA'::bpchar)","Rows Removed by Filter": 24,"Workers": []},{"Node Type": "Bitmap Heap Scan","Parent Relationship": "Inner","Parallel Aware": false,"Async Capable": false,"Relation Name": "supplier","Alias": "supplier","Startup Cost": 7.38,"Total Cost": 239.27,"Plan Rows": 400,"Plan Width": 34,"Actual Startup Time": 0.287,"Actual Total Time": 4.480,"Actual Rows": 376,"Actual Loops": 5,"Recheck Cond": "(s_nationkey = nation.n_nationkey)","Rows Removed by Index Recheck": 0,"Exact Heap Blocks": 179,"Lossy Heap Blocks": 0,"Workers": [],"Plans": [{"Node Type": "Bitmap Index Scan","Parent Relationship": "Outer","Parallel Aware": false,"Async Capable": false,"Index Name": "idx_supplier_nation_key","Startup Cost": 0.00,"Total Cost": 7.29,"Plan Rows": 400,"Plan Width": 0,"Actual Startup Time": 0.181,"Actual Total Time": 0.182,"Actual Rows": 376,"Actual Loops": 5,"Index Cond": "(s_nationkey = nation.n_nationkey)","Workers": []}]}]}]}]},{"Node Type": "Index Scan","Parent Relationship": "Inner","Parallel Aware": false,"Async Capable": false,"Scan Direction": "Forward","Index Name": "idx_lineitem_orderkey","Relation Name": "lineitem","Alias": "l3","Startup Cost": 0.43,"Total Cost": 1.06,"Plan Rows": 6,"Plan Width": 8,"Actual Startup Time": 0.003,"Actual Total Time": 0.003,"Actual Rows": 1,"Actual Loops": 142196,"Index Cond": "(l_orderkey = l1.l_orderkey)","Rows Removed by Index Recheck": 0,"Filter": "((l_receiptdate > l_commitdate) AND (l_suppkey <> l1.l_suppkey))","Rows Removed by Filter": 1,"Workers": []}]}]},{"Node Type": "Index Scan","Parent Relationship": "Inner","Parallel Aware": false,"Async Capable": false,"Scan Direction": "Forward","Index Name": "idx_lineitem_orderkey","Relation Name": "lineitem","Alias": "l2","Startup Cost": 0.43,"Total Cost": 1.02,"Plan Rows": 17,"Plan Width": 8,"Actual Startup Time": 0.008,"Actual Total Time": 0.008,"Actual Rows": 1,"Actual Loops": 12677,"Index Cond": "(l_orderkey = l1.l_orderkey)","Rows Removed by Index Recheck": 0,"Filter": "(l_suppkey <> l1.l_suppkey)","Rows Removed by Filter": 1}]},{"Node Type": "Index Scan","Parent Relationship": "Inner","Parallel Aware": false,"Async Capable": false,"Scan Direction": "Forward","Index Name": "orders_pkey","Relation Name": "orders","Alias": "orders","Startup Cost": 0.43,"Total Cost": 0.51,"Plan Rows": 1,"Plan Width": 4,"Actual Startup Time": 0.008,"Actual Total Time": 0.008,"Actual Rows": 0,"Actual Loops": 7589,"Index Cond": "(o_orderkey = l1.l_orderkey)","Rows Removed by Index Recheck": 0,"Filter": "(o_orderstatus = 'F'::bpchar)","Rows Removed by Filter": 1}]}]}]}]},"Planning Time": 8.298,"Triggers": [],"Execution Time": 512.274}]
[{"Plan": {"Node Type": "Sort","Parallel Aware": false,"Async Capable": false,"Startup Cost": 147378.80,"Total Cost": 147378.81,"Plan Rows": 1,"Plan Width": 34,"Actual Startup Time": 500.228,"Actual Total Time": 519.082,"Actual Rows": 412,"Actual Loops": 1,"Sort Key": ["(count(*)) DESC", "supplier.s_name"],"Sort Method": "quicksort","Sort Space Used": 57,"Sort Space Type": "Memory","Plans": [{"Node Type": "Aggregate","Strategy": "Sorted","Partial Mode": "Simple","Parent Relationship": "Outer","Parallel Aware": false,"Async Capable": false,"Startup Cost": 147378.77,"Total Cost": 147378.79,"Plan Rows": 1,"Plan Width": 34,"Actual Startup Time": 498.981,"Actual Total Time": 518.359,"Actual Rows": 412,"Actual Loops": 1,"Group Key": ["supplier.s_name"],"Plans": [{"Node Type": "Sort","Parent Relationship": "Outer","Parallel Aware": false,"Async Capable": false,"Startup Cost": 147378.77,"Total Cost": 147378.78,"Plan Rows": 1,"Plan Width": 26,"Actual Startup Time": 498.949,"Actual Total Time": 517.928,"Actual Rows": 4030,"Actual Loops": 1,"Sort Key": ["supplier.s_name"],"Sort Method": "quicksort","Sort Space Used": 380,"Sort Space Type": "Memory","Plans": [{"Node Type": "Nested Loop","Parent Relationship": "Outer","Parallel Aware": false,"Async Capable": false,"Join Type": "Inner","Startup Cost": 1250.87,"Total Cost": 147378.76,"Plan Rows": 1,"Plan Width": 26,"Actual Startup Time": 4.020,"Actual Total Time": 506.052,"Actual Rows": 4030,"Actual Loops": 1,"Inner Unique": true,"Plans": [{"Node Type": "Nested Loop","Parent Relationship": "Outer","Parallel Aware": false,"Async Capable": false,"Join Type": "Semi","Startup Cost": 1250.44,"Total Cost": 147378.26,"Plan Rows": 1,"Plan Width": 34,"Actual Startup Time": 3.993,"Actual Total Time": 443.011,"Actual Rows": 8146,"Actual Loops": 1,"Inner Unique": false,"Plans": [{"Node Type": "Gather","Parent Relationship": "Outer","Parallel Aware": false,"Async Capable": false,"Startup Cost": 1250.01,"Total Cost": 147377.22,"Plan Rows": 1,"Plan Width": 34,"Actual Startup Time": 3.980,"Actual Total Time": 336.738,"Actual Rows": 13748,"Actual Loops": 1,"Workers Planned": 4,"Workers Launched": 4,"Single Copy": false,"Plans": [{"Node Type": "Nested Loop","Parent Relationship": "Outer","Parallel Aware": false,"Async Capable": false,"Join Type": "Anti","Startup Cost": 250.01,"Total Cost": 146377.12,"Plan Rows": 1,"Plan Width": 34,"Actual Startup Time": 4.569,"Actual Total Time": 441.712,"Actual Rows": 2750,"Actual Loops": 5,"Inner Unique": false,"Workers": [],"Plans": [{"Node Type": "Hash Join","Parent Relationship": "Outer","Parallel Aware": false,"Async Capable": false,"Join Type": "Inner","Startup Cost": 249.58,"Total Cost": 133581.65,"Plan Rows": 19990,"Plan Width": 34,"Actual Startup Time": 4.262,"Actual Total Time": 350.942,"Actual Rows": 31209,"Actual Loops": 5,"Inner Unique": false,"Hash Cond": "(l1.l_suppkey = supplier.s_suppkey)","Workers": [],"Plans": [{"Node Type": "Seq Scan","Parent Relationship": "Outer","Parallel Aware": true,"Async Capable": false,"Relation Name": "lineitem","Alias": "l1","Startup Cost": 0.00,"Total Cost": 131256.80,"Plan Rows": 500101,"Plan Width": 8,"Actual Startup Time": 0.026,"Actual Total Time": 299.296,"Actual Rows": 758659,"Actual Loops": 5,"Filter": "(l_receiptdate > l_commitdate)","Rows Removed by Filter": 441584,"Workers": []},{"Node Type": "Hash","Parent Relationship": "Inner","Parallel Aware": false,"Async Capable": false,"Startup Cost": 244.58,"Total Cost": 244.58,"Plan Rows": 400,"Plan Width": 30,"Actual Startup Time": 3.907,"Actual Total Time": 3.918,"Actual Rows": 412,"Actual Loops": 5,"Hash Buckets": 1024,"Original Hash Buckets": 1024,"Hash Batches": 1,"Original Hash Batches": 1,"Peak Memory Usage": 34,"Workers": [],"Plans": [{"Node Type": "Nested Loop","Parent Relationship": "Outer","Parallel Aware": false,"Async Capable": false,"Join Type": "Inner","Startup Cost": 7.38,"Total Cost": 244.58,"Plan Rows": 400,"Plan Width": 30,"Actual Startup Time": 0.286,"Actual Total Time": 3.756,"Actual Rows": 412,"Actual Loops": 5,"Inner Unique": false,"Workers": [],"Plans": [{"Node Type": "Seq Scan","Parent Relationship": "Outer","Parallel Aware": false,"Async Capable": false,"Relation Name": "nation","Alias": "nation","Startup Cost": 0.00,"Total Cost": 1.31,"Plan Rows": 1,"Plan Width": 4,"Actual Startup Time": 0.059,"Actual Total Time": 0.064,"Actual Rows": 1,"Actual Loops": 5,"Filter": "(n_name = 'CANADA'::bpchar)","Rows Removed by Filter": 24,"Workers": []},{"Node Type": "Bitmap Heap Scan","Parent Relationship": "Inner","Parallel Aware": false,"Async Capable": false,"Relation Name": "supplier","Alias": "supplier","Startup Cost": 7.38,"Total Cost": 239.27,"Plan Rows": 400,"Plan Width": 34,"Actual Startup Time": 0.222,"Actual Total Time": 3.623,"Actual Rows": 412,"Actual Loops": 5,"Recheck Cond": "(s_nationkey = nation.n_nationkey)","Rows Removed by Index Recheck": 0,"Exact Heap Blocks": 189,"Lossy Heap Blocks": 0,"Workers": [],"Plans": [{"Node Type": "Bitmap Index Scan","Parent Relationship": "Outer","Parallel Aware": false,"Async Capable": false,"Index Name": "idx_supplier_nation_key","Startup Cost": 0.00,"Total Cost": 7.29,"Plan Rows": 400,"Plan Width": 0,"Actual Startup Time": 0.144,"Actual Total Time": 0.145,"Actual Rows": 412,"Actual Loops": 5,"Index Cond": "(s_nationkey = nation.n_nationkey)","Workers": []}]}]}]}]},{"Node Type": "Index Scan","Parent Relationship": "Inner","Parallel Aware": false,"Async Capable": false,"Scan Direction": "Forward","Index Name": "idx_lineitem_orderkey","Relation Name": "lineitem","Alias": "l3","Startup Cost": 0.43,"Total Cost": 1.06,"Plan Rows": 6,"Plan Width": 8,"Actual Startup Time": 0.003,"Actual Total Time": 0.003,"Actual Rows": 1,"Actual Loops": 156047,"Index Cond": "(l_orderkey = l1.l_orderkey)","Rows Removed by Index Recheck": 0,"Filter": "((l_receiptdate > l_commitdate) AND (l_suppkey <> l1.l_suppkey))","Rows Removed by Filter": 1,"Workers": []}]}]},{"Node Type": "Index Scan","Parent Relationship": "Inner","Parallel Aware": false,"Async Capable": false,"Scan Direction": "Forward","Index Name": "idx_lineitem_orderkey","Relation Name": "lineitem","Alias": "l2","Startup Cost": 0.43,"Total Cost": 1.02,"Plan Rows": 17,"Plan Width": 8,"Actual Startup Time": 0.007,"Actual Total Time": 0.007,"Actual Rows": 1,"Actual Loops": 13748,"Index Cond": "(l_orderkey = l1.l_orderkey)","Rows Removed by Index Recheck": 0,"Filter": "(l_suppkey <> l1.l_suppkey)","Rows Removed by Filter": 1}]},{"Node Type": "Index Scan","Parent Relationship": "Inner","Parallel Aware": false,"Async Capable": false,"Scan Direction": "Forward","Index Name": "orders_pkey","Relation Name": "orders","Alias": "orders","Startup Cost": 0.43,"Total Cost": 0.51,"Plan Rows": 1,"Plan Width": 4,"Actual Startup Time": 0.007,"Actual Total Time": 0.007,"Actual Rows": 0,"Actual Loops": 8146,"Index Cond": "(o_orderkey = l1.l_orderkey)","Rows Removed by Index Recheck": 0,"Filter": "(o_orderstatus = 'F'::bpchar)","Rows Removed by Filter": 1}]}]}]}]},"Planning Time": 9.689,"Triggers": [],"Execution Time": 519.513}]
[{"Plan": {"Node Type": "Sort","Parallel Aware": false,"Async Capable": false,"Startup Cost": 147378.80,"Total Cost": 147378.81,"Plan Rows": 1,"Plan Width": 34,"Actual Startup Time": 492.880,"Actual Total Time": 511.387,"Actual Rows": 377,"Actual Loops": 1,"Sort Key": ["(count(*)) DESC", "supplier.s_name"],"Sort Method": "quicksort","Sort Space Used": 54,"Sort Space Type": "Memory","Plans": [{"Node Type": "Aggregate","Strategy": "Sorted","Partial Mode": "Simple","Parent Relationship": "Outer","Parallel Aware": false,"Async Capable": false,"Startup Cost": 147378.77,"Total Cost": 147378.79,"Plan Rows": 1,"Plan Width": 34,"Actual Startup Time": 491.719,"Actual Total Time": 510.711,"Actual Rows": 377,"Actual Loops": 1,"Group Key": ["supplier.s_name"],"Plans": [{"Node Type": "Sort","Parent Relationship": "Outer","Parallel Aware": false,"Async Capable": false,"Startup Cost": 147378.77,"Total Cost": 147378.78,"Plan Rows": 1,"Plan Width": 26,"Actual Startup Time": 491.689,"Actual Total Time": 510.309,"Actual Rows": 3707,"Actual Loops": 1,"Sort Key": ["supplier.s_name"],"Sort Method": "quicksort","Sort Space Used": 357,"Sort Space Type": "Memory","Plans": [{"Node Type": "Nested Loop","Parent Relationship": "Outer","Parallel Aware": false,"Async Capable": false,"Join Type": "Inner","Startup Cost": 1250.87,"Total Cost": 147378.76,"Plan Rows": 1,"Plan Width": 26,"Actual Startup Time": 4.620,"Actual Total Time": 499.542,"Actual Rows": 3707,"Actual Loops": 1,"Inner Unique": true,"Plans": [{"Node Type": "Nested Loop","Parent Relationship": "Outer","Parallel Aware": false,"Async Capable": false,"Join Type": "Semi","Startup Cost": 1250.44,"Total Cost": 147378.26,"Plan Rows": 1,"Plan Width": 34,"Actual Startup Time": 4.581,"Actual Total Time": 437.361,"Actual Rows": 7590,"Actual Loops": 1,"Inner Unique": false,"Plans": [{"Node Type": "Gather","Parent Relationship": "Outer","Parallel Aware": false,"Async Capable": false,"Startup Cost": 1250.01,"Total Cost": 147377.22,"Plan Rows": 1,"Plan Width": 34,"Actual Startup Time": 4.430,"Actual Total Time": 334.305,"Actual Rows": 12724,"Actual Loops": 1,"Workers Planned": 4,"Workers Launched": 4,"Single Copy": false,"Plans": [{"Node Type": "Nested Loop","Parent Relationship": "Outer","Parallel Aware": false,"Async Capable": false,"Join Type": "Anti","Startup Cost": 250.01,"Total Cost": 146377.12,"Plan Rows": 1,"Plan Width": 34,"Actual Startup Time": 5.283,"Actual Total Time": 435.218,"Actual Rows": 2545,"Actual Loops": 5,"Inner Unique": false,"Workers": [],"Plans": [{"Node Type": "Hash Join","Parent Relationship": "Outer","Parallel Aware": false,"Async Capable": false,"Join Type": "Inner","Startup Cost": 249.58,"Total Cost": 133581.65,"Plan Rows": 19990,"Plan Width": 34,"Actual Startup Time": 4.967,"Actual Total Time": 350.606,"Actual Rows": 28669,"Actual Loops": 5,"Inner Unique": false,"Hash Cond": "(l1.l_suppkey = supplier.s_suppkey)","Workers": [],"Plans": [{"Node Type": "Seq Scan","Parent Relationship": "Outer","Parallel Aware": true,"Async Capable": false,"Relation Name": "lineitem","Alias": "l1","Startup Cost": 0.00,"Total Cost": 131256.80,"Plan Rows": 500101,"Plan Width": 8,"Actual Startup Time": 0.028,"Actual Total Time": 300.375,"Actual Rows": 758659,"Actual Loops": 5,"Filter": "(l_receiptdate > l_commitdate)","Rows Removed by Filter": 441584,"Workers": []},{"Node Type": "Hash","Parent Relationship": "Inner","Parallel Aware": false,"Async Capable": false,"Startup Cost": 244.58,"Total Cost": 244.58,"Plan Rows": 400,"Plan Width": 30,"Actual Startup Time": 4.611,"Actual Total Time": 4.626,"Actual Rows": 377,"Actual Loops": 5,"Hash Buckets": 1024,"Original Hash Buckets": 1024,"Hash Batches": 1,"Original Hash Batches": 1,"Peak Memory Usage": 32,"Workers": [],"Plans": [{"Node Type": "Nested Loop","Parent Relationship": "Outer","Parallel Aware": false,"Async Capable": false,"Join Type": "Inner","Startup Cost": 7.38,"Total Cost": 244.58,"Plan Rows": 400,"Plan Width": 30,"Actual Startup Time": 0.296,"Actual Total Time": 4.444,"Actual Rows": 377,"Actual Loops": 5,"Inner Unique": false,"Workers": [],"Plans": [{"Node Type": "Seq Scan","Parent Relationship": "Outer","Parallel Aware": false,"Async Capable": false,"Relation Name": "nation","Alias": "nation","Startup Cost": 0.00,"Total Cost": 1.31,"Plan Rows": 1,"Plan Width": 4,"Actual Startup Time": 0.056,"Actual Total Time": 0.065,"Actual Rows": 1,"Actual Loops": 5,"Filter": "(n_name = 'JAPAN'::bpchar)","Rows Removed by Filter": 24,"Workers": []},{"Node Type": "Bitmap Heap Scan","Parent Relationship": "Inner","Parallel Aware": false,"Async Capable": false,"Relation Name": "supplier","Alias": "supplier","Startup Cost": 7.38,"Total Cost": 239.27,"Plan Rows": 400,"Plan Width": 34,"Actual Startup Time": 0.234,"Actual Total Time": 4.286,"Actual Rows": 377,"Actual Loops": 5,"Recheck Cond": "(s_nationkey = nation.n_nationkey)","Rows Removed by Index Recheck": 0,"Exact Heap Blocks": 180,"Lossy Heap Blocks": 0,"Workers": [],"Plans": [{"Node Type": "Bitmap Index Scan","Parent Relationship": "Outer","Parallel Aware": false,"Async Capable": false,"Index Name": "idx_supplier_nation_key","Startup Cost": 0.00,"Total Cost": 7.29,"Plan Rows": 400,"Plan Width": 0,"Actual Startup Time": 0.148,"Actual Total Time": 0.149,"Actual Rows": 377,"Actual Loops": 5,"Index Cond": "(s_nationkey = nation.n_nationkey)","Workers": []}]}]}]}]},{"Node Type": "Index Scan","Parent Relationship": "Inner","Parallel Aware": false,"Async Capable": false,"Scan Direction": "Forward","Index Name": "idx_lineitem_orderkey","Relation Name": "lineitem","Alias": "l3","Startup Cost": 0.43,"Total Cost": 1.06,"Plan Rows": 6,"Plan Width": 8,"Actual Startup Time": 0.003,"Actual Total Time": 0.003,"Actual Rows": 1,"Actual Loops": 143344,"Index Cond": "(l_orderkey = l1.l_orderkey)","Rows Removed by Index Recheck": 0,"Filter": "((l_receiptdate > l_commitdate) AND (l_suppkey <> l1.l_suppkey))","Rows Removed by Filter": 1,"Workers": []}]}]},{"Node Type": "Index Scan","Parent Relationship": "Inner","Parallel Aware": false,"Async Capable": false,"Scan Direction": "Forward","Index Name": "idx_lineitem_orderkey","Relation Name": "lineitem","Alias": "l2","Startup Cost": 0.43,"Total Cost": 1.02,"Plan Rows": 17,"Plan Width": 8,"Actual Startup Time": 0.008,"Actual Total Time": 0.008,"Actual Rows": 1,"Actual Loops": 12724,"Index Cond": "(l_orderkey = l1.l_orderkey)","Rows Removed by Index Recheck": 0,"Filter": "(l_suppkey <> l1.l_suppkey)","Rows Removed by Filter": 1}]},{"Node Type": "Index Scan","Parent Relationship": "Inner","Parallel Aware": false,"Async Capable": false,"Scan Direction": "Forward","Index Name": "orders_pkey","Relation Name": "orders","Alias": "orders","Startup Cost": 0.43,"Total Cost": 0.51,"Plan Rows": 1,"Plan Width": 4,"Actual Startup Time": 0.008,"Actual Total Time": 0.008,"Actual Rows": 0,"Actual Loops": 7590,"Index Cond": "(o_orderkey = l1.l_orderkey)","Rows Removed by Index Recheck": 0,"Filter": "(o_orderstatus = 'F'::bpchar)","Rows Removed by Filter": 1}]}]}]}]},"Planning Time": 9.583,"Triggers": [],"Execution Time": 511.800}]
[{"Plan": {"Node Type": "Sort","Parallel Aware": false,"Async Capable": false,"Startup Cost": 147378.80,"Total Cost": 147378.81,"Plan Rows": 1,"Plan Width": 34,"Actual Startup Time": 506.689,"Actual Total Time": 525.046,"Actual Rows": 415,"Actual Loops": 1,"Sort Key": ["(count(*)) DESC", "supplier.s_name"],"Sort Method": "quicksort","Sort Space Used": 57,"Sort Space Type": "Memory","Plans": [{"Node Type": "Aggregate","Strategy": "Sorted","Partial Mode": "Simple","Parent Relationship": "Outer","Parallel Aware": false,"Async Capable": false,"Startup Cost": 147378.77,"Total Cost": 147378.79,"Plan Rows": 1,"Plan Width": 34,"Actual Startup Time": 505.377,"Actual Total Time": 524.254,"Actual Rows": 415,"Actual Loops": 1,"Group Key": ["supplier.s_name"],"Plans": [{"Node Type": "Sort","Parent Relationship": "Outer","Parallel Aware": false,"Async Capable": false,"Startup Cost": 147378.77,"Total Cost": 147378.78,"Plan Rows": 1,"Plan Width": 26,"Actual Startup Time": 505.350,"Actual Total Time": 523.830,"Actual Rows": 4021,"Actual Loops": 1,"Sort Key": ["supplier.s_name"],"Sort Method": "quicksort","Sort Space Used": 379,"Sort Space Type": "Memory","Plans": [{"Node Type": "Nested Loop","Parent Relationship": "Outer","Parallel Aware": false,"Async Capable": false,"Join Type": "Inner","Startup Cost": 1250.87,"Total Cost": 147378.76,"Plan Rows": 1,"Plan Width": 26,"Actual Startup Time": 4.344,"Actual Total Time": 512.010,"Actual Rows": 4021,"Actual Loops": 1,"Inner Unique": true,"Plans": [{"Node Type": "Nested Loop","Parent Relationship": "Outer","Parallel Aware": false,"Async Capable": false,"Join Type": "Semi","Startup Cost": 1250.44,"Total Cost": 147378.26,"Plan Rows": 1,"Plan Width": 34,"Actual Startup Time": 4.308,"Actual Total Time": 447.240,"Actual Rows": 8423,"Actual Loops": 1,"Inner Unique": false,"Plans": [{"Node Type": "Gather","Parent Relationship": "Outer","Parallel Aware": false,"Async Capable": false,"Startup Cost": 1250.01,"Total Cost": 147377.22,"Plan Rows": 1,"Plan Width": 34,"Actual Startup Time": 4.250,"Actual Total Time": 340.738,"Actual Rows": 13873,"Actual Loops": 1,"Workers Planned": 4,"Workers Launched": 4,"Single Copy": false,"Plans": [{"Node Type": "Nested Loop","Parent Relationship": "Outer","Parallel Aware": false,"Async Capable": false,"Join Type": "Anti","Startup Cost": 250.01,"Total Cost": 146377.12,"Plan Rows": 1,"Plan Width": 34,"Actual Startup Time": 6.059,"Actual Total Time": 447.143,"Actual Rows": 2775,"Actual Loops": 5,"Inner Unique": false,"Workers": [],"Plans": [{"Node Type": "Hash Join","Parent Relationship": "Outer","Parallel Aware": false,"Async Capable": false,"Join Type": "Inner","Startup Cost": 249.58,"Total Cost": 133581.65,"Plan Rows": 19990,"Plan Width": 34,"Actual Startup Time": 5.350,"Actual Total Time": 355.670,"Actual Rows": 31496,"Actual Loops": 5,"Inner Unique": false,"Hash Cond": "(l1.l_suppkey = supplier.s_suppkey)","Workers": [],"Plans": [{"Node Type": "Seq Scan","Parent Relationship": "Outer","Parallel Aware": true,"Async Capable": false,"Relation Name": "lineitem","Alias": "l1","Startup Cost": 0.00,"Total Cost": 131256.80,"Plan Rows": 500101,"Plan Width": 8,"Actual Startup Time": 0.034,"Actual Total Time": 302.387,"Actual Rows": 758659,"Actual Loops": 5,"Filter": "(l_receiptdate > l_commitdate)","Rows Removed by Filter": 441584,"Workers": []},{"Node Type": "Hash","Parent Relationship": "Inner","Parallel Aware": false,"Async Capable": false,"Startup Cost": 244.58,"Total Cost": 244.58,"Plan Rows": 400,"Plan Width": 30,"Actual Startup Time": 5.023,"Actual Total Time": 5.034,"Actual Rows": 415,"Actual Loops": 5,"Hash Buckets": 1024,"Original Hash Buckets": 1024,"Hash Batches": 1,"Original Hash Batches": 1,"Peak Memory Usage": 34,"Workers": [],"Plans": [{"Node Type": "Nested Loop","Parent Relationship": "Outer","Parallel Aware": false,"Async Capable": false,"Join Type": "Inner","Startup Cost": 7.38,"Total Cost": 244.58,"Plan Rows": 400,"Plan Width": 30,"Actual Startup Time": 0.341,"Actual Total Time": 4.843,"Actual Rows": 415,"Actual Loops": 5,"Inner Unique": false,"Workers": [],"Plans": [{"Node Type": "Seq Scan","Parent Relationship": "Outer","Parallel Aware": false,"Async Capable": false,"Relation Name": "nation","Alias": "nation","Startup Cost": 0.00,"Total Cost": 1.31,"Plan Rows": 1,"Plan Width": 4,"Actual Startup Time": 0.054,"Actual Total Time": 0.060,"Actual Rows": 1,"Actual Loops": 5,"Filter": "(n_name = 'INDIA'::bpchar)","Rows Removed by Filter": 24,"Workers": []},{"Node Type": "Bitmap Heap Scan","Parent Relationship": "Inner","Parallel Aware": false,"Async Capable": false,"Relation Name": "supplier","Alias": "supplier","Startup Cost": 7.38,"Total Cost": 239.27,"Plan Rows": 400,"Plan Width": 34,"Actual Startup Time": 0.281,"Actual Total Time": 4.691,"Actual Rows": 415,"Actual Loops": 5,"Recheck Cond": "(s_nationkey = nation.n_nationkey)","Rows Removed by Index Recheck": 0,"Exact Heap Blocks": 186,"Lossy Heap Blocks": 0,"Workers": [],"Plans": [{"Node Type": "Bitmap Index Scan","Parent Relationship": "Outer","Parallel Aware": false,"Async Capable": false,"Index Name": "idx_supplier_nation_key","Startup Cost": 0.00,"Total Cost": 7.29,"Plan Rows": 400,"Plan Width": 0,"Actual Startup Time": 0.207,"Actual Total Time": 0.208,"Actual Rows": 415,"Actual Loops": 5,"Index Cond": "(s_nationkey = nation.n_nationkey)","Workers": []}]}]}]}]},{"Node Type": "Index Scan","Parent Relationship": "Inner","Parallel Aware": false,"Async Capable": false,"Scan Direction": "Forward","Index Name": "idx_lineitem_orderkey","Relation Name": "lineitem","Alias": "l3","Startup Cost": 0.43,"Total Cost": 1.06,"Plan Rows": 6,"Plan Width": 8,"Actual Startup Time": 0.003,"Actual Total Time": 0.003,"Actual Rows": 1,"Actual Loops": 157482,"Index Cond": "(l_orderkey = l1.l_orderkey)","Rows Removed by Index Recheck": 0,"Filter": "((l_receiptdate > l_commitdate) AND (l_suppkey <> l1.l_suppkey))","Rows Removed by Filter": 1,"Workers": []}]}]},{"Node Type": "Index Scan","Parent Relationship": "Inner","Parallel Aware": false,"Async Capable": false,"Scan Direction": "Forward","Index Name": "idx_lineitem_orderkey","Relation Name": "lineitem","Alias": "l2","Startup Cost": 0.43,"Total Cost": 1.02,"Plan Rows": 17,"Plan Width": 8,"Actual Startup Time": 0.007,"Actual Total Time": 0.007,"Actual Rows": 1,"Actual Loops": 13873,"Index Cond": "(l_orderkey = l1.l_orderkey)","Rows Removed by Index Recheck": 0,"Filter": "(l_suppkey <> l1.l_suppkey)","Rows Removed by Filter": 1}]},{"Node Type": "Index Scan","Parent Relationship": "Inner","Parallel Aware": false,"Async Capable": false,"Scan Direction": "Forward","Index Name": "orders_pkey","Relation Name": "orders","Alias": "orders","Startup Cost": 0.43,"Total Cost": 0.51,"Plan Rows": 1,"Plan Width": 4,"Actual Startup Time": 0.007,"Actual Total Time": 0.007,"Actual Rows": 0,"Actual Loops": 8423,"Index Cond": "(o_orderkey = l1.l_orderkey)","Rows Removed by Index Recheck": 0,"Filter": "(o_orderstatus = 'F'::bpchar)","Rows Removed by Filter": 1}]}]}]}]},"Planning Time": 9.331,"Triggers": [],"Execution Time": 525.561}]
[{"Plan": {"Node Type": "Sort","Parallel Aware": false,"Async Capable": false,"Startup Cost": 147378.80,"Total Cost": 147378.81,"Plan Rows": 1,"Plan Width": 34,"Actual Startup Time": 507.691,"Actual Total Time": 527.119,"Actual Rows": 411,"Actual Loops": 1,"Sort Key": ["(count(*)) DESC", "supplier.s_name"],"Sort Method": "quicksort","Sort Space Used": 57,"Sort Space Type": "Memory","Plans": [{"Node Type": "Aggregate","Strategy": "Sorted","Partial Mode": "Simple","Parent Relationship": "Outer","Parallel Aware": false,"Async Capable": false,"Startup Cost": 147378.77,"Total Cost": 147378.79,"Plan Rows": 1,"Plan Width": 34,"Actual Startup Time": 506.441,"Actual Total Time": 526.395,"Actual Rows": 411,"Actual Loops": 1,"Group Key": ["supplier.s_name"],"Plans": [{"Node Type": "Sort","Parent Relationship": "Outer","Parallel Aware": false,"Async Capable": false,"Startup Cost": 147378.77,"Total Cost": 147378.78,"Plan Rows": 1,"Plan Width": 26,"Actual Startup Time": 506.413,"Actual Total Time": 525.969,"Actual Rows": 4141,"Actual Loops": 1,"Sort Key": ["supplier.s_name"],"Sort Method": "quicksort","Sort Space Used": 484,"Sort Space Type": "Memory","Plans": [{"Node Type": "Nested Loop","Parent Relationship": "Outer","Parallel Aware": false,"Async Capable": false,"Join Type": "Inner","Startup Cost": 1250.87,"Total Cost": 147378.76,"Plan Rows": 1,"Plan Width": 26,"Actual Startup Time": 4.973,"Actual Total Time": 514.878,"Actual Rows": 4141,"Actual Loops": 1,"Inner Unique": true,"Plans": [{"Node Type": "Nested Loop","Parent Relationship": "Outer","Parallel Aware": false,"Async Capable": false,"Join Type": "Semi","Startup Cost": 1250.44,"Total Cost": 147378.26,"Plan Rows": 1,"Plan Width": 34,"Actual Startup Time": 4.329,"Actual Total Time": 453.804,"Actual Rows": 8357,"Actual Loops": 1,"Inner Unique": false,"Plans": [{"Node Type": "Gather","Parent Relationship": "Outer","Parallel Aware": false,"Async Capable": false,"Startup Cost": 1250.01,"Total Cost": 147377.22,"Plan Rows": 1,"Plan Width": 34,"Actual Startup Time": 4.312,"Actual Total Time": 350.336,"Actual Rows": 13859,"Actual Loops": 1,"Workers Planned": 4,"Workers Launched": 4,"Single Copy": false,"Plans": [{"Node Type": "Nested Loop","Parent Relationship": "Outer","Parallel Aware": false,"Async Capable": false,"Join Type": "Anti","Startup Cost": 250.01,"Total Cost": 146377.12,"Plan Rows": 1,"Plan Width": 34,"Actual Startup Time": 4.818,"Actual Total Time": 450.256,"Actual Rows": 2772,"Actual Loops": 5,"Inner Unique": false,"Workers": [],"Plans": [{"Node Type": "Hash Join","Parent Relationship": "Outer","Parallel Aware": false,"Async Capable": false,"Join Type": "Inner","Startup Cost": 249.58,"Total Cost": 133581.65,"Plan Rows": 19990,"Plan Width": 34,"Actual Startup Time": 4.474,"Actual Total Time": 357.672,"Actual Rows": 31348,"Actual Loops": 5,"Inner Unique": false,"Hash Cond": "(l1.l_suppkey = supplier.s_suppkey)","Workers": [],"Plans": [{"Node Type": "Seq Scan","Parent Relationship": "Outer","Parallel Aware": true,"Async Capable": false,"Relation Name": "lineitem","Alias": "l1","Startup Cost": 0.00,"Total Cost": 131256.80,"Plan Rows": 500101,"Plan Width": 8,"Actual Startup Time": 0.028,"Actual Total Time": 306.873,"Actual Rows": 758659,"Actual Loops": 5,"Filter": "(l_receiptdate > l_commitdate)","Rows Removed by Filter": 441584,"Workers": []},{"Node Type": "Hash","Parent Relationship": "Inner","Parallel Aware": false,"Async Capable": false,"Startup Cost": 244.58,"Total Cost": 244.58,"Plan Rows": 400,"Plan Width": 30,"Actual Startup Time": 4.175,"Actual Total Time": 4.188,"Actual Rows": 411,"Actual Loops": 5,"Hash Buckets": 1024,"Original Hash Buckets": 1024,"Hash Batches": 1,"Original Hash Batches": 1,"Peak Memory Usage": 34,"Workers": [],"Plans": [{"Node Type": "Nested Loop","Parent Relationship": "Outer","Parallel Aware": false,"Async Capable": false,"Join Type": "Inner","Startup Cost": 7.38,"Total Cost": 244.58,"Plan Rows": 400,"Plan Width": 30,"Actual Startup Time": 0.256,"Actual Total Time": 4.027,"Actual Rows": 411,"Actual Loops": 5,"Inner Unique": false,"Workers": [],"Plans": [{"Node Type": "Seq Scan","Parent Relationship": "Outer","Parallel Aware": false,"Async Capable": false,"Relation Name": "nation","Alias": "nation","Startup Cost": 0.00,"Total Cost": 1.31,"Plan Rows": 1,"Plan Width": 4,"Actual Startup Time": 0.047,"Actual Total Time": 0.051,"Actual Rows": 1,"Actual Loops": 5,"Filter": "(n_name = 'SAUDI ARABIA'::bpchar)","Rows Removed by Filter": 24,"Workers": []},{"Node Type": "Bitmap Heap Scan","Parent Relationship": "Inner","Parallel Aware": false,"Async Capable": false,"Relation Name": "supplier","Alias": "supplier","Startup Cost": 7.38,"Total Cost": 239.27,"Plan Rows": 400,"Plan Width": 34,"Actual Startup Time": 0.204,"Actual Total Time": 3.890,"Actual Rows": 411,"Actual Loops": 5,"Recheck Cond": "(s_nationkey = nation.n_nationkey)","Rows Removed by Index Recheck": 0,"Exact Heap Blocks": 182,"Lossy Heap Blocks": 0,"Workers": [],"Plans": [{"Node Type": "Bitmap Index Scan","Parent Relationship": "Outer","Parallel Aware": false,"Async Capable": false,"Index Name": "idx_supplier_nation_key","Startup Cost": 0.00,"Total Cost": 7.29,"Plan Rows": 400,"Plan Width": 0,"Actual Startup Time": 0.143,"Actual Total Time": 0.145,"Actual Rows": 411,"Actual Loops": 5,"Index Cond": "(s_nationkey = nation.n_nationkey)","Workers": []}]}]}]}]},{"Node Type": "Index Scan","Parent Relationship": "Inner","Parallel Aware": false,"Async Capable": false,"Scan Direction": "Forward","Index Name": "idx_lineitem_orderkey","Relation Name": "lineitem","Alias": "l3","Startup Cost": 0.43,"Total Cost": 1.06,"Plan Rows": 6,"Plan Width": 8,"Actual Startup Time": 0.003,"Actual Total Time": 0.003,"Actual Rows": 1,"Actual Loops": 156739,"Index Cond": "(l_orderkey = l1.l_orderkey)","Rows Removed by Index Recheck": 0,"Filter": "((l_receiptdate > l_commitdate) AND (l_suppkey <> l1.l_suppkey))","Rows Removed by Filter": 1,"Workers": []}]}]},{"Node Type": "Index Scan","Parent Relationship": "Inner","Parallel Aware": false,"Async Capable": false,"Scan Direction": "Forward","Index Name": "idx_lineitem_orderkey","Relation Name": "lineitem","Alias": "l2","Startup Cost": 0.43,"Total Cost": 1.02,"Plan Rows": 17,"Plan Width": 8,"Actual Startup Time": 0.007,"Actual Total Time": 0.007,"Actual Rows": 1,"Actual Loops": 13859,"Index Cond": "(l_orderkey = l1.l_orderkey)","Rows Removed by Index Recheck": 0,"Filter": "(l_suppkey <> l1.l_suppkey)","Rows Removed by Filter": 1}]},{"Node Type": "Index Scan","Parent Relationship": "Inner","Parallel Aware": false,"Async Capable": false,"Scan Direction": "Forward","Index Name": "orders_pkey","Relation Name": "orders","Alias": "orders","Startup Cost": 0.43,"Total Cost": 0.51,"Plan Rows": 1,"Plan Width": 4,"Actual Startup Time": 0.007,"Actual Total Time": 0.007,"Actual Rows": 0,"Actual Loops": 8357,"Index Cond": "(o_orderkey = l1.l_orderkey)","Rows Removed by Index Recheck": 0,"Filter": "(o_orderstatus = 'F'::bpchar)","Rows Removed by Filter": 1}]}]}]}]},"Planning Time": 9.483,"Triggers": [],"Execution Time": 527.804}]
[{"Plan": {"Node Type": "Sort","Parallel Aware": false,"Async Capable": false,"Startup Cost": 147378.80,"Total Cost": 147378.81,"Plan Rows": 1,"Plan Width": 34,"Actual Startup Time": 499.004,"Actual Total Time": 520.055,"Actual Rows": 399,"Actual Loops": 1,"Sort Key": ["(count(*)) DESC", "supplier.s_name"],"Sort Method": "quicksort","Sort Space Used": 56,"Sort Space Type": "Memory","Plans": [{"Node Type": "Aggregate","Strategy": "Sorted","Partial Mode": "Simple","Parent Relationship": "Outer","Parallel Aware": false,"Async Capable": false,"Startup Cost": 147378.77,"Total Cost": 147378.79,"Plan Rows": 1,"Plan Width": 34,"Actual Startup Time": 497.768,"Actual Total Time": 519.326,"Actual Rows": 399,"Actual Loops": 1,"Group Key": ["supplier.s_name"],"Plans": [{"Node Type": "Sort","Parent Relationship": "Outer","Parallel Aware": false,"Async Capable": false,"Startup Cost": 147378.77,"Total Cost": 147378.78,"Plan Rows": 1,"Plan Width": 26,"Actual Startup Time": 497.754,"Actual Total Time": 518.925,"Actual Rows": 3901,"Actual Loops": 1,"Sort Key": ["supplier.s_name"],"Sort Method": "quicksort","Sort Space Used": 371,"Sort Space Type": "Memory","Plans": [{"Node Type": "Nested Loop","Parent Relationship": "Outer","Parallel Aware": false,"Async Capable": false,"Join Type": "Inner","Startup Cost": 1250.87,"Total Cost": 147378.76,"Plan Rows": 1,"Plan Width": 26,"Actual Startup Time": 5.425,"Actual Total Time": 507.475,"Actual Rows": 3901,"Actual Loops": 1,"Inner Unique": true,"Plans": [{"Node Type": "Nested Loop","Parent Relationship": "Outer","Parallel Aware": false,"Async Capable": false,"Join Type": "Semi","Startup Cost": 1250.44,"Total Cost": 147378.26,"Plan Rows": 1,"Plan Width": 34,"Actual Startup Time": 5.049,"Actual Total Time": 443.858,"Actual Rows": 7909,"Actual Loops": 1,"Inner Unique": false,"Plans": [{"Node Type": "Gather","Parent Relationship": "Outer","Parallel Aware": false,"Async Capable": false,"Startup Cost": 1250.01,"Total Cost": 147377.22,"Plan Rows": 1,"Plan Width": 34,"Actual Startup Time": 4.716,"Actual Total Time": 337.054,"Actual Rows": 13313,"Actual Loops": 1,"Workers Planned": 4,"Workers Launched": 4,"Single Copy": false,"Plans": [{"Node Type": "Nested Loop","Parent Relationship": "Outer","Parallel Aware": false,"Async Capable": false,"Join Type": "Anti","Startup Cost": 250.01,"Total Cost": 146377.12,"Plan Rows": 1,"Plan Width": 34,"Actual Startup Time": 4.762,"Actual Total Time": 442.169,"Actual Rows": 2663,"Actual Loops": 5,"Inner Unique": false,"Workers": [],"Plans": [{"Node Type": "Hash Join","Parent Relationship": "Outer","Parallel Aware": false,"Async Capable": false,"Join Type": "Inner","Startup Cost": 249.58,"Total Cost": 133581.65,"Plan Rows": 19990,"Plan Width": 34,"Actual Startup Time": 4.517,"Actual Total Time": 353.941,"Actual Rows": 30247,"Actual Loops": 5,"Inner Unique": false,"Hash Cond": "(l1.l_suppkey = supplier.s_suppkey)","Workers": [],"Plans": [{"Node Type": "Seq Scan","Parent Relationship": "Outer","Parallel Aware": true,"Async Capable": false,"Relation Name": "lineitem","Alias": "l1","Startup Cost": 0.00,"Total Cost": 131256.80,"Plan Rows": 500101,"Plan Width": 8,"Actual Startup Time": 0.021,"Actual Total Time": 302.084,"Actual Rows": 758659,"Actual Loops": 5,"Filter": "(l_receiptdate > l_commitdate)","Rows Removed by Filter": 441584,"Workers": []},{"Node Type": "Hash","Parent Relationship": "Inner","Parallel Aware": false,"Async Capable": false,"Startup Cost": 244.58,"Total Cost": 244.58,"Plan Rows": 400,"Plan Width": 30,"Actual Startup Time": 4.286,"Actual Total Time": 4.296,"Actual Rows": 399,"Actual Loops": 5,"Hash Buckets": 1024,"Original Hash Buckets": 1024,"Hash Batches": 1,"Original Hash Batches": 1,"Peak Memory Usage": 33,"Workers": [],"Plans": [{"Node Type": "Nested Loop","Parent Relationship": "Outer","Parallel Aware": false,"Async Capable": false,"Join Type": "Inner","Startup Cost": 7.38,"Total Cost": 244.58,"Plan Rows": 400,"Plan Width": 30,"Actual Startup Time": 0.243,"Actual Total Time": 4.128,"Actual Rows": 399,"Actual Loops": 5,"Inner Unique": false,"Workers": [],"Plans": [{"Node Type": "Seq Scan","Parent Relationship": "Outer","Parallel Aware": false,"Async Capable": false,"Relation Name": "nation","Alias": "nation","Startup Cost": 0.00,"Total Cost": 1.31,"Plan Rows": 1,"Plan Width": 4,"Actual Startup Time": 0.049,"Actual Total Time": 0.051,"Actual Rows": 1,"Actual Loops": 5,"Filter": "(n_name = 'VIETNAM'::bpchar)","Rows Removed by Filter": 24,"Workers": []},{"Node Type": "Bitmap Heap Scan","Parent Relationship": "Inner","Parallel Aware": false,"Async Capable": false,"Relation Name": "supplier","Alias": "supplier","Startup Cost": 7.38,"Total Cost": 239.27,"Plan Rows": 400,"Plan Width": 34,"Actual Startup Time": 0.189,"Actual Total Time": 4.007,"Actual Rows": 399,"Actual Loops": 5,"Recheck Cond": "(s_nationkey = nation.n_nationkey)","Rows Removed by Index Recheck": 0,"Exact Heap Blocks": 191,"Lossy Heap Blocks": 0,"Workers": [],"Plans": [{"Node Type": "Bitmap Index Scan","Parent Relationship": "Outer","Parallel Aware": false,"Async Capable": false,"Index Name": "idx_supplier_nation_key","Startup Cost": 0.00,"Total Cost": 7.29,"Plan Rows": 400,"Plan Width": 0,"Actual Startup Time": 0.123,"Actual Total Time": 0.125,"Actual Rows": 399,"Actual Loops": 5,"Index Cond": "(s_nationkey = nation.n_nationkey)","Workers": []}]}]}]}]},{"Node Type": "Index Scan","Parent Relationship": "Inner","Parallel Aware": false,"Async Capable": false,"Scan Direction": "Forward","Index Name": "idx_lineitem_orderkey","Relation Name": "lineitem","Alias": "l3","Startup Cost": 0.43,"Total Cost": 1.06,"Plan Rows": 6,"Plan Width": 8,"Actual Startup Time": 0.003,"Actual Total Time": 0.003,"Actual Rows": 1,"Actual Loops": 151237,"Index Cond": "(l_orderkey = l1.l_orderkey)","Rows Removed by Index Recheck": 0,"Filter": "((l_receiptdate > l_commitdate) AND (l_suppkey <> l1.l_suppkey))","Rows Removed by Filter": 1,"Workers": []}]}]},{"Node Type": "Index Scan","Parent Relationship": "Inner","Parallel Aware": false,"Async Capable": false,"Scan Direction": "Forward","Index Name": "idx_lineitem_orderkey","Relation Name": "lineitem","Alias": "l2","Startup Cost": 0.43,"Total Cost": 1.02,"Plan Rows": 17,"Plan Width": 8,"Actual Startup Time": 0.008,"Actual Total Time": 0.008,"Actual Rows": 1,"Actual Loops": 13313,"Index Cond": "(l_orderkey = l1.l_orderkey)","Rows Removed by Index Recheck": 0,"Filter": "(l_suppkey <> l1.l_suppkey)","Rows Removed by Filter": 1}]},{"Node Type": "Index Scan","Parent Relationship": "Inner","Parallel Aware": false,"Async Capable": false,"Scan Direction": "Forward","Index Name": "orders_pkey","Relation Name": "orders","Alias": "orders","Startup Cost": 0.43,"Total Cost": 0.51,"Plan Rows": 1,"Plan Width": 4,"Actual Startup Time": 0.008,"Actual Total Time": 0.008,"Actual Rows": 0,"Actual Loops": 7909,"Index Cond": "(o_orderkey = l1.l_orderkey)","Rows Removed by Index Recheck": 0,"Filter": "(o_orderstatus = 'F'::bpchar)","Rows Removed by Filter": 1}]}]}]}]},"Planning Time": 9.630,"Triggers": [],"Execution Time": 520.585}]
[{"Plan": {"Node Type": "Sort","Parallel Aware": false,"Async Capable": false,"Startup Cost": 147378.80,"Total Cost": 147378.81,"Plan Rows": 1,"Plan Width": 34,"Actual Startup Time": 504.070,"Actual Total Time": 522.796,"Actual Rows": 405,"Actual Loops": 1,"Sort Key": ["(count(*)) DESC", "supplier.s_name"],"Sort Method": "quicksort","Sort Space Used": 56,"Sort Space Type": "Memory","Plans": [{"Node Type": "Aggregate","Strategy": "Sorted","Partial Mode": "Simple","Parent Relationship": "Outer","Parallel Aware": false,"Async Capable": false,"Startup Cost": 147378.77,"Total Cost": 147378.79,"Plan Rows": 1,"Plan Width": 34,"Actual Startup Time": 502.850,"Actual Total Time": 522.098,"Actual Rows": 405,"Actual Loops": 1,"Group Key": ["supplier.s_name"],"Plans": [{"Node Type": "Sort","Parent Relationship": "Outer","Parallel Aware": false,"Async Capable": false,"Startup Cost": 147378.77,"Total Cost": 147378.78,"Plan Rows": 1,"Plan Width": 26,"Actual Startup Time": 502.828,"Actual Total Time": 521.678,"Actual Rows": 4028,"Actual Loops": 1,"Sort Key": ["supplier.s_name"],"Sort Method": "quicksort","Sort Space Used": 380,"Sort Space Type": "Memory","Plans": [{"Node Type": "Nested Loop","Parent Relationship": "Outer","Parallel Aware": false,"Async Capable": false,"Join Type": "Inner","Startup Cost": 1250.87,"Total Cost": 147378.76,"Plan Rows": 1,"Plan Width": 26,"Actual Startup Time": 4.998,"Actual Total Time": 510.942,"Actual Rows": 4028,"Actual Loops": 1,"Inner Unique": true,"Plans": [{"Node Type": "Nested Loop","Parent Relationship": "Outer","Parallel Aware": false,"Async Capable": false,"Join Type": "Semi","Startup Cost": 1250.44,"Total Cost": 147378.26,"Plan Rows": 1,"Plan Width": 34,"Actual Startup Time": 4.975,"Actual Total Time": 450.040,"Actual Rows": 8320,"Actual Loops": 1,"Inner Unique": false,"Plans": [{"Node Type": "Gather","Parent Relationship": "Outer","Parallel Aware": false,"Async Capable": false,"Startup Cost": 1250.01,"Total Cost": 147377.22,"Plan Rows": 1,"Plan Width": 34,"Actual Startup Time": 4.836,"Actual Total Time": 345.420,"Actual Rows": 13965,"Actual Loops": 1,"Workers Planned": 4,"Workers Launched": 4,"Single Copy": false,"Plans": [{"Node Type": "Nested Loop","Parent Relationship": "Outer","Parallel Aware": false,"Async Capable": false,"Join Type": "Anti","Startup Cost": 250.01,"Total Cost": 146377.12,"Plan Rows": 1,"Plan Width": 34,"Actual Startup Time": 4.706,"Actual Total Time": 445.819,"Actual Rows": 2793,"Actual Loops": 5,"Inner Unique": false,"Workers": [],"Plans": [{"Node Type": "Hash Join","Parent Relationship": "Outer","Parallel Aware": false,"Async Capable": false,"Join Type": "Inner","Startup Cost": 249.58,"Total Cost": 133581.65,"Plan Rows": 19990,"Plan Width": 34,"Actual Startup Time": 4.328,"Actual Total Time": 354.989,"Actual Rows": 30731,"Actual Loops": 5,"Inner Unique": false,"Hash Cond": "(l1.l_suppkey = supplier.s_suppkey)","Workers": [],"Plans": [{"Node Type": "Seq Scan","Parent Relationship": "Outer","Parallel Aware": true,"Async Capable": false,"Relation Name": "lineitem","Alias": "l1","Startup Cost": 0.00,"Total Cost": 131256.80,"Plan Rows": 500101,"Plan Width": 8,"Actual Startup Time": 0.030,"Actual Total Time": 303.427,"Actual Rows": 758659,"Actual Loops": 5,"Filter": "(l_receiptdate > l_commitdate)","Rows Removed by Filter": 441584,"Workers": []},{"Node Type": "Hash","Parent Relationship": "Inner","Parallel Aware": false,"Async Capable": false,"Startup Cost": 244.58,"Total Cost": 244.58,"Plan Rows": 400,"Plan Width": 30,"Actual Startup Time": 4.016,"Actual Total Time": 4.027,"Actual Rows": 405,"Actual Loops": 5,"Hash Buckets": 1024,"Original Hash Buckets": 1024,"Hash Batches": 1,"Original Hash Batches": 1,"Peak Memory Usage": 34,"Workers": [],"Plans": [{"Node Type": "Nested Loop","Parent Relationship": "Outer","Parallel Aware": false,"Async Capable": false,"Join Type": "Inner","Startup Cost": 7.38,"Total Cost": 244.58,"Plan Rows": 400,"Plan Width": 30,"Actual Startup Time": 0.282,"Actual Total Time": 3.870,"Actual Rows": 405,"Actual Loops": 5,"Inner Unique": false,"Workers": [],"Plans": [{"Node Type": "Seq Scan","Parent Relationship": "Outer","Parallel Aware": false,"Async Capable": false,"Relation Name": "nation","Alias": "nation","Startup Cost": 0.00,"Total Cost": 1.31,"Plan Rows": 1,"Plan Width": 4,"Actual Startup Time": 0.049,"Actual Total Time": 0.055,"Actual Rows": 1,"Actual Loops": 5,"Filter": "(n_name = 'INDONESIA'::bpchar)","Rows Removed by Filter": 24,"Workers": []},{"Node Type": "Bitmap Heap Scan","Parent Relationship": "Inner","Parallel Aware": false,"Async Capable": false,"Relation Name": "supplier","Alias": "supplier","Startup Cost": 7.38,"Total Cost": 239.27,"Plan Rows": 400,"Plan Width": 34,"Actual Startup Time": 0.227,"Actual Total Time": 3.740,"Actual Rows": 405,"Actual Loops": 5,"Recheck Cond": "(s_nationkey = nation.n_nationkey)","Rows Removed by Index Recheck": 0,"Exact Heap Blocks": 192,"Lossy Heap Blocks": 0,"Workers": [],"Plans": [{"Node Type": "Bitmap Index Scan","Parent Relationship": "Outer","Parallel Aware": false,"Async Capable": false,"Index Name": "idx_supplier_nation_key","Startup Cost": 0.00,"Total Cost": 7.29,"Plan Rows": 400,"Plan Width": 0,"Actual Startup Time": 0.146,"Actual Total Time": 0.147,"Actual Rows": 405,"Actual Loops": 5,"Index Cond": "(s_nationkey = nation.n_nationkey)","Workers": []}]}]}]}]},{"Node Type": "Index Scan","Parent Relationship": "Inner","Parallel Aware": false,"Async Capable": false,"Scan Direction": "Forward","Index Name": "idx_lineitem_orderkey","Relation Name": "lineitem","Alias": "l3","Startup Cost": 0.43,"Total Cost": 1.06,"Plan Rows": 6,"Plan Width": 8,"Actual Startup Time": 0.003,"Actual Total Time": 0.003,"Actual Rows": 1,"Actual Loops": 153653,"Index Cond": "(l_orderkey = l1.l_orderkey)","Rows Removed by Index Recheck": 0,"Filter": "((l_receiptdate > l_commitdate) AND (l_suppkey <> l1.l_suppkey))","Rows Removed by Filter": 1,"Workers": []}]}]},{"Node Type": "Index Scan","Parent Relationship": "Inner","Parallel Aware": false,"Async Capable": false,"Scan Direction": "Forward","Index Name": "idx_lineitem_orderkey","Relation Name": "lineitem","Alias": "l2","Startup Cost": 0.43,"Total Cost": 1.02,"Plan Rows": 17,"Plan Width": 8,"Actual Startup Time": 0.007,"Actual Total Time": 0.007,"Actual Rows": 1,"Actual Loops": 13965,"Index Cond": "(l_orderkey = l1.l_orderkey)","Rows Removed by Index Recheck": 0,"Filter": "(l_suppkey <> l1.l_suppkey)","Rows Removed by Filter": 1}]},{"Node Type": "Index Scan","Parent Relationship": "Inner","Parallel Aware": false,"Async Capable": false,"Scan Direction": "Forward","Index Name": "orders_pkey","Relation Name": "orders","Alias": "orders","Startup Cost": 0.43,"Total Cost": 0.51,"Plan Rows": 1,"Plan Width": 4,"Actual Startup Time": 0.007,"Actual Total Time": 0.007,"Actual Rows": 0,"Actual Loops": 8320,"Index Cond": "(o_orderkey = l1.l_orderkey)","Rows Removed by Index Recheck": 0,"Filter": "(o_orderstatus = 'F'::bpchar)","Rows Removed by Filter": 1}]}]}]}]},"Planning Time": 8.753,"Triggers": [],"Execution Time": 523.514}]
[{"Plan": {"Node Type": "Sort","Parallel Aware": false,"Async Capable": false,"Startup Cost": 147378.80,"Total Cost": 147378.81,"Plan Rows": 1,"Plan Width": 34,"Actual Startup Time": 500.185,"Actual Total Time": 519.970,"Actual Rows": 396,"Actual Loops": 1,"Sort Key": ["(count(*)) DESC", "supplier.s_name"],"Sort Method": "quicksort","Sort Space Used": 55,"Sort Space Type": "Memory","Plans": [{"Node Type": "Aggregate","Strategy": "Sorted","Partial Mode": "Simple","Parent Relationship": "Outer","Parallel Aware": false,"Async Capable": false,"Startup Cost": 147378.77,"Total Cost": 147378.79,"Plan Rows": 1,"Plan Width": 34,"Actual Startup Time": 498.969,"Actual Total Time": 519.272,"Actual Rows": 396,"Actual Loops": 1,"Group Key": ["supplier.s_name"],"Plans": [{"Node Type": "Sort","Parent Relationship": "Outer","Parallel Aware": false,"Async Capable": false,"Startup Cost": 147378.77,"Total Cost": 147378.78,"Plan Rows": 1,"Plan Width": 26,"Actual Startup Time": 498.950,"Actual Total Time": 518.863,"Actual Rows": 3935,"Actual Loops": 1,"Sort Key": ["supplier.s_name"],"Sort Method": "quicksort","Sort Space Used": 373,"Sort Space Type": "Memory","Plans": [{"Node Type": "Nested Loop","Parent Relationship": "Outer","Parallel Aware": false,"Async Capable": false,"Join Type": "Inner","Startup Cost": 1250.87,"Total Cost": 147378.76,"Plan Rows": 1,"Plan Width": 26,"Actual Startup Time": 5.056,"Actual Total Time": 508.223,"Actual Rows": 3935,"Actual Loops": 1,"Inner Unique": true,"Plans": [{"Node Type": "Nested Loop","Parent Relationship": "Outer","Parallel Aware": false,"Async Capable": false,"Join Type": "Semi","Startup Cost": 1250.44,"Total Cost": 147378.26,"Plan Rows": 1,"Plan Width": 34,"Actual Startup Time": 5.029,"Actual Total Time": 447.558,"Actual Rows": 8035,"Actual Loops": 1,"Inner Unique": false,"Plans": [{"Node Type": "Gather","Parent Relationship": "Outer","Parallel Aware": false,"Async Capable": false,"Startup Cost": 1250.01,"Total Cost": 147377.22,"Plan Rows": 1,"Plan Width": 34,"Actual Startup Time": 4.623,"Actual Total Time": 341.887,"Actual Rows": 13450,"Actual Loops": 1,"Workers Planned": 4,"Workers Launched": 4,"Single Copy": false,"Plans": [{"Node Type": "Nested Loop","Parent Relationship": "Outer","Parallel Aware": false,"Async Capable": false,"Join Type": "Anti","Startup Cost": 250.01,"Total Cost": 146377.12,"Plan Rows": 1,"Plan Width": 34,"Actual Startup Time": 4.632,"Actual Total Time": 442.832,"Actual Rows": 2690,"Actual Loops": 5,"Inner Unique": false,"Workers": [],"Plans": [{"Node Type": "Hash Join","Parent Relationship": "Outer","Parallel Aware": false,"Async Capable": false,"Join Type": "Inner","Startup Cost": 249.58,"Total Cost": 133581.65,"Plan Rows": 19990,"Plan Width": 34,"Actual Startup Time": 4.440,"Actual Total Time": 353.938,"Actual Rows": 30159,"Actual Loops": 5,"Inner Unique": false,"Hash Cond": "(l1.l_suppkey = supplier.s_suppkey)","Workers": [],"Plans": [{"Node Type": "Seq Scan","Parent Relationship": "Outer","Parallel Aware": true,"Async Capable": false,"Relation Name": "lineitem","Alias": "l1","Startup Cost": 0.00,"Total Cost": 131256.80,"Plan Rows": 500101,"Plan Width": 8,"Actual Startup Time": 0.027,"Actual Total Time": 302.537,"Actual Rows": 758659,"Actual Loops": 5,"Filter": "(l_receiptdate > l_commitdate)","Rows Removed by Filter": 441584,"Workers": []},{"Node Type": "Hash","Parent Relationship": "Inner","Parallel Aware": false,"Async Capable": false,"Startup Cost": 244.58,"Total Cost": 244.58,"Plan Rows": 400,"Plan Width": 30,"Actual Startup Time": 4.114,"Actual Total Time": 4.124,"Actual Rows": 396,"Actual Loops": 5,"Hash Buckets": 1024,"Original Hash Buckets": 1024,"Hash Batches": 1,"Original Hash Batches": 1,"Peak Memory Usage": 33,"Workers": [],"Plans": [{"Node Type": "Nested Loop","Parent Relationship": "Outer","Parallel Aware": false,"Async Capable": false,"Join Type": "Inner","Startup Cost": 7.38,"Total Cost": 244.58,"Plan Rows": 400,"Plan Width": 30,"Actual Startup Time": 0.301,"Actual Total Time": 3.971,"Actual Rows": 396,"Actual Loops": 5,"Inner Unique": false,"Workers": [],"Plans": [{"Node Type": "Seq Scan","Parent Relationship": "Outer","Parallel Aware": false,"Async Capable": false,"Relation Name": "nation","Alias": "nation","Startup Cost": 0.00,"Total Cost": 1.31,"Plan Rows": 1,"Plan Width": 4,"Actual Startup Time": 0.063,"Actual Total Time": 0.068,"Actual Rows": 1,"Actual Loops": 5,"Filter": "(n_name = 'GERMANY'::bpchar)","Rows Removed by Filter": 24,"Workers": []},{"Node Type": "Bitmap Heap Scan","Parent Relationship": "Inner","Parallel Aware": false,"Async Capable": false,"Relation Name": "supplier","Alias": "supplier","Startup Cost": 7.38,"Total Cost": 239.27,"Plan Rows": 400,"Plan Width": 34,"Actual Startup Time": 0.232,"Actual Total Time": 3.829,"Actual Rows": 396,"Actual Loops": 5,"Recheck Cond": "(s_nationkey = nation.n_nationkey)","Rows Removed by Index Recheck": 0,"Exact Heap Blocks": 191,"Lossy Heap Blocks": 0,"Workers": [],"Plans": [{"Node Type": "Bitmap Index Scan","Parent Relationship": "Outer","Parallel Aware": false,"Async Capable": false,"Index Name": "idx_supplier_nation_key","Startup Cost": 0.00,"Total Cost": 7.29,"Plan Rows": 400,"Plan Width": 0,"Actual Startup Time": 0.147,"Actual Total Time": 0.148,"Actual Rows": 396,"Actual Loops": 5,"Index Cond": "(s_nationkey = nation.n_nationkey)","Workers": []}]}]}]}]},{"Node Type": "Index Scan","Parent Relationship": "Inner","Parallel Aware": false,"Async Capable": false,"Scan Direction": "Forward","Index Name": "idx_lineitem_orderkey","Relation Name": "lineitem","Alias": "l3","Startup Cost": 0.43,"Total Cost": 1.06,"Plan Rows": 6,"Plan Width": 8,"Actual Startup Time": 0.003,"Actual Total Time": 0.003,"Actual Rows": 1,"Actual Loops": 150794,"Index Cond": "(l_orderkey = l1.l_orderkey)","Rows Removed by Index Recheck": 0,"Filter": "((l_receiptdate > l_commitdate) AND (l_suppkey <> l1.l_suppkey))","Rows Removed by Filter": 1,"Workers": []}]}]},{"Node Type": "Index Scan","Parent Relationship": "Inner","Parallel Aware": false,"Async Capable": false,"Scan Direction": "Forward","Index Name": "idx_lineitem_orderkey","Relation Name": "lineitem","Alias": "l2","Startup Cost": 0.43,"Total Cost": 1.02,"Plan Rows": 17,"Plan Width": 8,"Actual Startup Time": 0.007,"Actual Total Time": 0.007,"Actual Rows": 1,"Actual Loops": 13450,"Index Cond": "(l_orderkey = l1.l_orderkey)","Rows Removed by Index Recheck": 0,"Filter": "(l_suppkey <> l1.l_suppkey)","Rows Removed by Filter": 1}]},{"Node Type": "Index Scan","Parent Relationship": "Inner","Parallel Aware": false,"Async Capable": false,"Scan Direction": "Forward","Index Name": "orders_pkey","Relation Name": "orders","Alias": "orders","Startup Cost": 0.43,"Total Cost": 0.51,"Plan Rows": 1,"Plan Width": 4,"Actual Startup Time": 0.007,"Actual Total Time": 0.007,"Actual Rows": 0,"Actual Loops": 8035,"Index Cond": "(o_orderkey = l1.l_orderkey)","Rows Removed by Index Recheck": 0,"Filter": "(o_orderstatus = 'F'::bpchar)","Rows Removed by Filter": 1}]}]}]}]},"Planning Time": 8.500,"Triggers": [],"Execution Time": 520.683}]
[{"Plan": {"Node Type": "Sort","Parallel Aware": false,"Async Capable": false,"Startup Cost": 147378.80,"Total Cost": 147378.81,"Plan Rows": 1,"Plan Width": 34,"Actual Startup Time": 492.880,"Actual Total Time": 511.387,"Actual Rows": 377,"Actual Loops": 1,"Sort Key": ["(count(*)) DESC", "supplier.s_name"],"Sort Method": "quicksort","Sort Space Used": 54,"Sort Space Type": "Memory","Plans": [{"Node Type": "Aggregate","Strategy": "Sorted","Partial Mode": "Simple","Parent Relationship": "Outer","Parallel Aware": false,"Async Capable": false,"Startup Cost": 147378.77,"Total Cost": 147378.79,"Plan Rows": 1,"Plan Width": 34,"Actual Startup Time": 491.719,"Actual Total Time": 510.711,"Actual Rows": 377,"Actual Loops": 1,"Group Key": ["supplier.s_name"],"Plans": [{"Node Type": "Sort","Parent Relationship": "Outer","Parallel Aware": false,"Async Capable": false,"Startup Cost": 147378.77,"Total Cost": 147378.78,"Plan Rows": 1,"Plan Width": 26,"Actual Startup Time": 491.689,"Actual Total Time": 510.309,"Actual Rows": 3707,"Actual Loops": 1,"Sort Key": ["supplier.s_name"],"Sort Method": "quicksort","Sort Space Used": 357,"Sort Space Type": "Memory","Plans": [{"Node Type": "Nested Loop","Parent Relationship": "Outer","Parallel Aware": false,"Async Capable": false,"Join Type": "Inner","Startup Cost": 1250.87,"Total Cost": 147378.76,"Plan Rows": 1,"Plan Width": 26,"Actual Startup Time": 4.620,"Actual Total Time": 499.542,"Actual Rows": 3707,"Actual Loops": 1,"Inner Unique": true,"Plans": [{"Node Type": "Nested Loop","Parent Relationship": "Outer","Parallel Aware": false,"Async Capable": false,"Join Type": "Semi","Startup Cost": 1250.44,"Total Cost": 147378.26,"Plan Rows": 1,"Plan Width": 34,"Actual Startup Time": 4.581,"Actual Total Time": 437.361,"Actual Rows": 7590,"Actual Loops": 1,"Inner Unique": false,"Plans": [{"Node Type": "Gather","Parent Relationship": "Outer","Parallel Aware": false,"Async Capable": false,"Startup Cost": 1250.01,"Total Cost": 147377.22,"Plan Rows": 1,"Plan Width": 34,"Actual Startup Time": 4.430,"Actual Total Time": 334.305,"Actual Rows": 12724,"Actual Loops": 1,"Workers Planned": 4,"Workers Launched": 4,"Single Copy": false,"Plans": [{"Node Type": "Nested Loop","Parent Relationship": "Outer","Parallel Aware": false,"Async Capable": false,"Join Type": "Anti","Startup Cost": 250.01,"Total Cost": 146377.12,"Plan Rows": 1,"Plan Width": 34,"Actual Startup Time": 5.283,"Actual Total Time": 435.218,"Actual Rows": 2545,"Actual Loops": 5,"Inner Unique": false,"Workers": [],"Plans": [{"Node Type": "Hash Join","Parent Relationship": "Outer","Parallel Aware": false,"Async Capable": false,"Join Type": "Inner","Startup Cost": 249.58,"Total Cost": 133581.65,"Plan Rows": 19990,"Plan Width": 34,"Actual Startup Time": 4.967,"Actual Total Time": 350.606,"Actual Rows": 28669,"Actual Loops": 5,"Inner Unique": false,"Hash Cond": "(l1.l_suppkey = supplier.s_suppkey)","Workers": [],"Plans": [{"Node Type": "Seq Scan","Parent Relationship": "Outer","Parallel Aware": true,"Async Capable": false,"Relation Name": "lineitem","Alias": "l1","Startup Cost": 0.00,"Total Cost": 131256.80,"Plan Rows": 500101,"Plan Width": 8,"Actual Startup Time": 0.028,"Actual Total Time": 300.375,"Actual Rows": 758659,"Actual Loops": 5,"Filter": "(l_receiptdate > l_commitdate)","Rows Removed by Filter": 441584,"Workers": []},{"Node Type": "Hash","Parent Relationship": "Inner","Parallel Aware": false,"Async Capable": false,"Startup Cost": 244.58,"Total Cost": 244.58,"Plan Rows": 400,"Plan Width": 30,"Actual Startup Time": 4.611,"Actual Total Time": 4.626,"Actual Rows": 377,"Actual Loops": 5,"Hash Buckets": 1024,"Original Hash Buckets": 1024,"Hash Batches": 1,"Original Hash Batches": 1,"Peak Memory Usage": 32,"Workers": [],"Plans": [{"Node Type": "Nested Loop","Parent Relationship": "Outer","Parallel Aware": false,"Async Capable": false,"Join Type": "Inner","Startup Cost": 7.38,"Total Cost": 244.58,"Plan Rows": 400,"Plan Width": 30,"Actual Startup Time": 0.296,"Actual Total Time": 4.444,"Actual Rows": 377,"Actual Loops": 5,"Inner Unique": false,"Workers": [],"Plans": [{"Node Type": "Seq Scan","Parent Relationship": "Outer","Parallel Aware": false,"Async Capable": false,"Relation Name": "nation","Alias": "nation","Startup Cost": 0.00,"Total Cost": 1.31,"Plan Rows": 1,"Plan Width": 4,"Actual Startup Time": 0.056,"Actual Total Time": 0.065,"Actual Rows": 1,"Actual Loops": 5,"Filter": "(n_name = 'JAPAN'::bpchar)","Rows Removed by Filter": 24,"Workers": []},{"Node Type": "Bitmap Heap Scan","Parent Relationship": "Inner","Parallel Aware": false,"Async Capable": false,"Relation Name": "supplier","Alias": "supplier","Startup Cost": 7.38,"Total Cost": 239.27,"Plan Rows": 400,"Plan Width": 34,"Actual Startup Time": 0.234,"Actual Total Time": 4.286,"Actual Rows": 377,"Actual Loops": 5,"Recheck Cond": "(s_nationkey = nation.n_nationkey)","Rows Removed by Index Recheck": 0,"Exact Heap Blocks": 180,"Lossy Heap Blocks": 0,"Workers": [],"Plans": [{"Node Type": "Bitmap Index Scan","Parent Relationship": "Outer","Parallel Aware": false,"Async Capable": false,"Index Name": "idx_supplier_nation_key","Startup Cost": 0.00,"Total Cost": 7.29,"Plan Rows": 400,"Plan Width": 0,"Actual Startup Time": 0.148,"Actual Total Time": 0.149,"Actual Rows": 377,"Actual Loops": 5,"Index Cond": "(s_nationkey = nation.n_nationkey)","Workers": []}]}]}]}]},{"Node Type": "Index Scan","Parent Relationship": "Inner","Parallel Aware": false,"Async Capable": false,"Scan Direction": "Forward","Index Name": "idx_lineitem_orderkey","Relation Name": "lineitem","Alias": "l3","Startup Cost": 0.43,"Total Cost": 1.06,"Plan Rows": 6,"Plan Width": 8,"Actual Startup Time": 0.003,"Actual Total Time": 0.003,"Actual Rows": 1,"Actual Loops": 143344,"Index Cond": "(l_orderkey = l1.l_orderkey)","Rows Removed by Index Recheck": 0,"Filter": "((l_receiptdate > l_commitdate) AND (l_suppkey <> l1.l_suppkey))","Rows Removed by Filter": 1,"Workers": []}]}]},{"Node Type": "Index Scan","Parent Relationship": "Inner","Parallel Aware": false,"Async Capable": false,"Scan Direction": "Forward","Index Name": "idx_lineitem_orderkey","Relation Name": "lineitem","Alias": "l2","Startup Cost": 0.43,"Total Cost": 1.02,"Plan Rows": 17,"Plan Width": 8,"Actual Startup Time": 0.008,"Actual Total Time": 0.008,"Actual Rows": 1,"Actual Loops": 12724,"Index Cond": "(l_orderkey = l1.l_orderkey)","Rows Removed by Index Recheck": 0,"Filter": "(l_suppkey <> l1.l_suppkey)","Rows Removed by Filter": 1}]},{"Node Type": "Index Scan","Parent Relationship": "Inner","Parallel Aware": false,"Async Capable": false,"Scan Direction": "Forward","Index Name": "orders_pkey","Relation Name": "orders","Alias": "orders","Startup Cost": 0.43,"Total Cost": 0.51,"Plan Rows": 1,"Plan Width": 4,"Actual Startup Time": 0.008,"Actual Total Time": 0.008,"Actual Rows": 0,"Actual Loops": 7590,"Index Cond": "(o_orderkey = l1.l_orderkey)","Rows Removed by Index Recheck": 0,"Filter": "(o_orderstatus = 'F'::bpchar)","Rows Removed by Filter": 1}]}]}]}]},"Planning Time": 9.583,"Triggers": [],"Execution Time": 511.800}]
[{"Plan": {"Node Type": "Sort","Parallel Aware": false,"Async Capable": false,"Startup Cost": 147378.80,"Total Cost": 147378.81,"Plan Rows": 1,"Plan Width": 34,"Actual Startup Time": 501.304,"Actual Total Time": 522.071,"Actual Rows": 393,"Actual Loops": 1,"Sort Key": ["(count(*)) DESC", "supplier.s_name"],"Sort Method": "quicksort","Sort Space Used": 55,"Sort Space Type": "Memory","Plans": [{"Node Type": "Aggregate","Strategy": "Sorted","Partial Mode": "Simple","Parent Relationship": "Outer","Parallel Aware": false,"Async Capable": false,"Startup Cost": 147378.77,"Total Cost": 147378.79,"Plan Rows": 1,"Plan Width": 34,"Actual Startup Time": 500.141,"Actual Total Time": 521.406,"Actual Rows": 393,"Actual Loops": 1,"Group Key": ["supplier.s_name"],"Plans": [{"Node Type": "Sort","Parent Relationship": "Outer","Parallel Aware": false,"Async Capable": false,"Startup Cost": 147378.77,"Total Cost": 147378.78,"Plan Rows": 1,"Plan Width": 26,"Actual Startup Time": 500.117,"Actual Total Time": 521.005,"Actual Rows": 3888,"Actual Loops": 1,"Sort Key": ["supplier.s_name"],"Sort Method": "quicksort","Sort Space Used": 370,"Sort Space Type": "Memory","Plans": [{"Node Type": "Nested Loop","Parent Relationship": "Outer","Parallel Aware": false,"Async Capable": false,"Join Type": "Inner","Startup Cost": 1250.87,"Total Cost": 147378.76,"Plan Rows": 1,"Plan Width": 26,"Actual Startup Time": 4.419,"Actual Total Time": 510.533,"Actual Rows": 3888,"Actual Loops": 1,"Inner Unique": true,"Plans": [{"Node Type": "Nested Loop","Parent Relationship": "Outer","Parallel Aware": false,"Async Capable": false,"Join Type": "Semi","Startup Cost": 1250.44,"Total Cost": 147378.26,"Plan Rows": 1,"Plan Width": 34,"Actual Startup Time": 4.399,"Actual Total Time": 450.183,"Actual Rows": 7870,"Actual Loops": 1,"Inner Unique": false,"Plans": [{"Node Type": "Gather","Parent Relationship": "Outer","Parallel Aware": false,"Async Capable": false,"Startup Cost": 1250.01,"Total Cost": 147377.22,"Plan Rows": 1,"Plan Width": 34,"Actual Startup Time": 4.381,"Actual Total Time": 345.433,"Actual Rows": 13167,"Actual Loops": 1,"Workers Planned": 4,"Workers Launched": 4,"Single Copy": false,"Plans": [{"Node Type": "Nested Loop","Parent Relationship": "Outer","Parallel Aware": false,"Async Capable": false,"Join Type": "Anti","Startup Cost": 250.01,"Total Cost": 146377.12,"Plan Rows": 1,"Plan Width": 34,"Actual Startup Time": 4.384,"Actual Total Time": 444.967,"Actual Rows": 2633,"Actual Loops": 5,"Inner Unique": false,"Workers": [],"Plans": [{"Node Type": "Hash Join","Parent Relationship": "Outer","Parallel Aware": false,"Async Capable": false,"Join Type": "Inner","Startup Cost": 249.58,"Total Cost": 133581.65,"Plan Rows": 19990,"Plan Width": 34,"Actual Startup Time": 4.142,"Actual Total Time": 356.305,"Actual Rows": 29760,"Actual Loops": 5,"Inner Unique": false,"Hash Cond": "(l1.l_suppkey = supplier.s_suppkey)","Workers": [],"Plans": [{"Node Type": "Seq Scan","Parent Relationship": "Outer","Parallel Aware": true,"Async Capable": false,"Relation Name": "lineitem","Alias": "l1","Startup Cost": 0.00,"Total Cost": 131256.80,"Plan Rows": 500101,"Plan Width": 8,"Actual Startup Time": 0.027,"Actual Total Time": 306.242,"Actual Rows": 758659,"Actual Loops": 5,"Filter": "(l_receiptdate > l_commitdate)","Rows Removed by Filter": 441584,"Workers": []},{"Node Type": "Hash","Parent Relationship": "Inner","Parallel Aware": false,"Async Capable": false,"Startup Cost": 244.58,"Total Cost": 244.58,"Plan Rows": 400,"Plan Width": 30,"Actual Startup Time": 3.834,"Actual Total Time": 3.847,"Actual Rows": 393,"Actual Loops": 5,"Hash Buckets": 1024,"Original Hash Buckets": 1024,"Hash Batches": 1,"Original Hash Batches": 1,"Peak Memory Usage": 33,"Workers": [],"Plans": [{"Node Type": "Nested Loop","Parent Relationship": "Outer","Parallel Aware": false,"Async Capable": false,"Join Type": "Inner","Startup Cost": 7.38,"Total Cost": 244.58,"Plan Rows": 400,"Plan Width": 30,"Actual Startup Time": 0.244,"Actual Total Time": 3.695,"Actual Rows": 393,"Actual Loops": 5,"Inner Unique": false,"Workers": [],"Plans": [{"Node Type": "Seq Scan","Parent Relationship": "Outer","Parallel Aware": false,"Async Capable": false,"Relation Name": "nation","Alias": "nation","Startup Cost": 0.00,"Total Cost": 1.31,"Plan Rows": 1,"Plan Width": 4,"Actual Startup Time": 0.049,"Actual Total Time": 0.055,"Actual Rows": 1,"Actual Loops": 5,"Filter": "(n_name = 'IRAN'::bpchar)","Rows Removed by Filter": 24,"Workers": []},{"Node Type": "Bitmap Heap Scan","Parent Relationship": "Inner","Parallel Aware": false,"Async Capable": false,"Relation Name": "supplier","Alias": "supplier","Startup Cost": 7.38,"Total Cost": 239.27,"Plan Rows": 400,"Plan Width": 34,"Actual Startup Time": 0.188,"Actual Total Time": 3.562,"Actual Rows": 393,"Actual Loops": 5,"Recheck Cond": "(s_nationkey = nation.n_nationkey)","Rows Removed by Index Recheck": 0,"Exact Heap Blocks": 179,"Lossy Heap Blocks": 0,"Workers": [],"Plans": [{"Node Type": "Bitmap Index Scan","Parent Relationship": "Outer","Parallel Aware": false,"Async Capable": false,"Index Name": "idx_supplier_nation_key","Startup Cost": 0.00,"Total Cost": 7.29,"Plan Rows": 400,"Plan Width": 0,"Actual Startup Time": 0.116,"Actual Total Time": 0.118,"Actual Rows": 393,"Actual Loops": 5,"Index Cond": "(s_nationkey = nation.n_nationkey)","Workers": []}]}]}]}]},{"Node Type": "Index Scan","Parent Relationship": "Inner","Parallel Aware": false,"Async Capable": false,"Scan Direction": "Forward","Index Name": "idx_lineitem_orderkey","Relation Name": "lineitem","Alias": "l3","Startup Cost": 0.43,"Total Cost": 1.06,"Plan Rows": 6,"Plan Width": 8,"Actual Startup Time": 0.003,"Actual Total Time": 0.003,"Actual Rows": 1,"Actual Loops": 148802,"Index Cond": "(l_orderkey = l1.l_orderkey)","Rows Removed by Index Recheck": 0,"Filter": "((l_receiptdate > l_commitdate) AND (l_suppkey <> l1.l_suppkey))","Rows Removed by Filter": 1,"Workers": []}]}]},{"Node Type": "Index Scan","Parent Relationship": "Inner","Parallel Aware": false,"Async Capable": false,"Scan Direction": "Forward","Index Name": "idx_lineitem_orderkey","Relation Name": "lineitem","Alias": "l2","Startup Cost": 0.43,"Total Cost": 1.02,"Plan Rows": 17,"Plan Width": 8,"Actual Startup Time": 0.008,"Actual Total Time": 0.008,"Actual Rows": 1,"Actual Loops": 13167,"Index Cond": "(l_orderkey = l1.l_orderkey)","Rows Removed by Index Recheck": 0,"Filter": "(l_suppkey <> l1.l_suppkey)","Rows Removed by Filter": 1}]},{"Node Type": "Index Scan","Parent Relationship": "Inner","Parallel Aware": false,"Async Capable": false,"Scan Direction": "Forward","Index Name": "orders_pkey","Relation Name": "orders","Alias": "orders","Startup Cost": 0.43,"Total Cost": 0.51,"Plan Rows": 1,"Plan Width": 4,"Actual Startup Time": 0.007,"Actual Total Time": 0.007,"Actual Rows": 0,"Actual Loops": 7870,"Index Cond": "(o_orderkey = l1.l_orderkey)","Rows Removed by Index Recheck": 0,"Filter": "(o_orderstatus = 'F'::bpchar)","Rows Removed by Filter": 1}]}]}]}]},"Planning Time": 9.769,"Triggers": [],"Execution Time": 522.666}]
[{"Plan": {"Node Type": "Sort","Parallel Aware": false,"Async Capable": false,"Startup Cost": 147378.80,"Total Cost": 147378.81,"Plan Rows": 1,"Plan Width": 34,"Actual Startup Time": 484.568,"Actual Total Time": 505.980,"Actual Rows": 362,"Actual Loops": 1,"Sort Key": ["(count(*)) DESC", "supplier.s_name"],"Sort Method": "quicksort","Sort Space Used": 53,"Sort Space Type": "Memory","Plans": [{"Node Type": "Aggregate","Strategy": "Sorted","Partial Mode": "Simple","Parent Relationship": "Outer","Parallel Aware": false,"Async Capable": false,"Startup Cost": 147378.77,"Total Cost": 147378.79,"Plan Rows": 1,"Plan Width": 34,"Actual Startup Time": 483.467,"Actual Total Time": 505.326,"Actual Rows": 362,"Actual Loops": 1,"Group Key": ["supplier.s_name"],"Plans": [{"Node Type": "Sort","Parent Relationship": "Outer","Parallel Aware": false,"Async Capable": false,"Startup Cost": 147378.77,"Total Cost": 147378.78,"Plan Rows": 1,"Plan Width": 26,"Actual Startup Time": 483.448,"Actual Total Time": 504.962,"Actual Rows": 3454,"Actual Loops": 1,"Sort Key": ["supplier.s_name"],"Sort Method": "quicksort","Sort Space Used": 339,"Sort Space Type": "Memory","Plans": [{"Node Type": "Nested Loop","Parent Relationship": "Outer","Parallel Aware": false,"Async Capable": false,"Join Type": "Inner","Startup Cost": 1250.87,"Total Cost": 147378.76,"Plan Rows": 1,"Plan Width": 26,"Actual Startup Time": 4.046,"Actual Total Time": 494.960,"Actual Rows": 3454,"Actual Loops": 1,"Inner Unique": true,"Plans": [{"Node Type": "Nested Loop","Parent Relationship": "Outer","Parallel Aware": false,"Async Capable": false,"Join Type": "Semi","Startup Cost": 1250.44,"Total Cost": 147378.26,"Plan Rows": 1,"Plan Width": 34,"Actual Startup Time": 3.697,"Actual Total Time": 437.513,"Actual Rows": 7167,"Actual Loops": 1,"Inner Unique": false,"Plans": [{"Node Type": "Gather","Parent Relationship": "Outer","Parallel Aware": false,"Async Capable": false,"Startup Cost": 1250.01,"Total Cost": 147377.22,"Plan Rows": 1,"Plan Width": 34,"Actual Startup Time": 3.682,"Actual Total Time": 337.976,"Actual Rows": 12136,"Actual Loops": 1,"Workers Planned": 4,"Workers Launched": 4,"Single Copy": false,"Plans": [{"Node Type": "Nested Loop","Parent Relationship": "Outer","Parallel Aware": false,"Async Capable": false,"Join Type": "Anti","Startup Cost": 250.01,"Total Cost": 146377.12,"Plan Rows": 1,"Plan Width": 34,"Actual Startup Time": 4.367,"Actual Total Time": 431.433,"Actual Rows": 2427,"Actual Loops": 5,"Inner Unique": false,"Workers": [],"Plans": [{"Node Type": "Hash Join","Parent Relationship": "Outer","Parallel Aware": false,"Async Capable": false,"Join Type": "Inner","Startup Cost": 249.58,"Total Cost": 133581.65,"Plan Rows": 19990,"Plan Width": 34,"Actual Startup Time": 4.181,"Actual Total Time": 349.984,"Actual Rows": 27450,"Actual Loops": 5,"Inner Unique": false,"Hash Cond": "(l1.l_suppkey = supplier.s_suppkey)","Workers": [],"Plans": [{"Node Type": "Seq Scan","Parent Relationship": "Outer","Parallel Aware": true,"Async Capable": false,"Relation Name": "lineitem","Alias": "l1","Startup Cost": 0.00,"Total Cost": 131256.80,"Plan Rows": 500101,"Plan Width": 8,"Actual Startup Time": 0.027,"Actual Total Time": 299.399,"Actual Rows": 758659,"Actual Loops": 5,"Filter": "(l_receiptdate > l_commitdate)","Rows Removed by Filter": 441584,"Workers": []},{"Node Type": "Hash","Parent Relationship": "Inner","Parallel Aware": false,"Async Capable": false,"Startup Cost": 244.58,"Total Cost": 244.58,"Plan Rows": 400,"Plan Width": 30,"Actual Startup Time": 3.849,"Actual Total Time": 3.862,"Actual Rows": 362,"Actual Loops": 5,"Hash Buckets": 1024,"Original Hash Buckets": 1024,"Hash Batches": 1,"Original Hash Batches": 1,"Peak Memory Usage": 31,"Workers": [],"Plans": [{"Node Type": "Nested Loop","Parent Relationship": "Outer","Parallel Aware": false,"Async Capable": false,"Join Type": "Inner","Startup Cost": 7.38,"Total Cost": 244.58,"Plan Rows": 400,"Plan Width": 30,"Actual Startup Time": 0.339,"Actual Total Time": 3.727,"Actual Rows": 362,"Actual Loops": 5,"Inner Unique": false,"Workers": [],"Plans": [{"Node Type": "Seq Scan","Parent Relationship": "Outer","Parallel Aware": false,"Async Capable": false,"Relation Name": "nation","Alias": "nation","Startup Cost": 0.00,"Total Cost": 1.31,"Plan Rows": 1,"Plan Width": 4,"Actual Startup Time": 0.061,"Actual Total Time": 0.064,"Actual Rows": 1,"Actual Loops": 5,"Filter": "(n_name = 'JORDAN'::bpchar)","Rows Removed by Filter": 24,"Workers": []},{"Node Type": "Bitmap Heap Scan","Parent Relationship": "Inner","Parallel Aware": false,"Async Capable": false,"Relation Name": "supplier","Alias": "supplier","Startup Cost": 7.38,"Total Cost": 239.27,"Plan Rows": 400,"Plan Width": 34,"Actual Startup Time": 0.272,"Actual Total Time": 3.601,"Actual Rows": 362,"Actual Loops": 5,"Recheck Cond": "(s_nationkey = nation.n_nationkey)","Rows Removed by Index Recheck": 0,"Exact Heap Blocks": 166,"Lossy Heap Blocks": 0,"Workers": [],"Plans": [{"Node Type": "Bitmap Index Scan","Parent Relationship": "Outer","Parallel Aware": false,"Async Capable": false,"Index Name": "idx_supplier_nation_key","Startup Cost": 0.00,"Total Cost": 7.29,"Plan Rows": 400,"Plan Width": 0,"Actual Startup Time": 0.176,"Actual Total Time": 0.178,"Actual Rows": 362,"Actual Loops": 5,"Index Cond": "(s_nationkey = nation.n_nationkey)","Workers": []}]}]}]}]},{"Node Type": "Index Scan","Parent Relationship": "Inner","Parallel Aware": false,"Async Capable": false,"Scan Direction": "Forward","Index Name": "idx_lineitem_orderkey","Relation Name": "lineitem","Alias": "l3","Startup Cost": 0.43,"Total Cost": 1.06,"Plan Rows": 6,"Plan Width": 8,"Actual Startup Time": 0.003,"Actual Total Time": 0.003,"Actual Rows": 1,"Actual Loops": 137252,"Index Cond": "(l_orderkey = l1.l_orderkey)","Rows Removed by Index Recheck": 0,"Filter": "((l_receiptdate > l_commitdate) AND (l_suppkey <> l1.l_suppkey))","Rows Removed by Filter": 1,"Workers": []}]}]},{"Node Type": "Index Scan","Parent Relationship": "Inner","Parallel Aware": false,"Async Capable": false,"Scan Direction": "Forward","Index Name": "idx_lineitem_orderkey","Relation Name": "lineitem","Alias": "l2","Startup Cost": 0.43,"Total Cost": 1.02,"Plan Rows": 17,"Plan Width": 8,"Actual Startup Time": 0.008,"Actual Total Time": 0.008,"Actual Rows": 1,"Actual Loops": 12136,"Index Cond": "(l_orderkey = l1.l_orderkey)","Rows Removed by Index Recheck": 0,"Filter": "(l_suppkey <> l1.l_suppkey)","Rows Removed by Filter": 1}]},{"Node Type": "Index Scan","Parent Relationship": "Inner","Parallel Aware": false,"Async Capable": false,"Scan Direction": "Forward","Index Name": "orders_pkey","Relation Name": "orders","Alias": "orders","Startup Cost": 0.43,"Total Cost": 0.51,"Plan Rows": 1,"Plan Width": 4,"Actual Startup Time": 0.008,"Actual Total Time": 0.008,"Actual Rows": 0,"Actual Loops": 7167,"Index Cond": "(o_orderkey = l1.l_orderkey)","Rows Removed by Index Recheck": 0,"Filter": "(o_orderstatus = 'F'::bpchar)","Rows Removed by Filter": 1}]}]}]}]},"Planning Time": 8.148,"Triggers": [],"Execution Time": 506.532}]
[{"Plan": {"Node Type": "Sort","Parallel Aware": false,"Async Capable": false,"Startup Cost": 147378.80,"Total Cost": 147378.81,"Plan Rows": 1,"Plan Width": 34,"Actual Startup Time": 506.689,"Actual Total Time": 525.046,"Actual Rows": 415,"Actual Loops": 1,"Sort Key": ["(count(*)) DESC", "supplier.s_name"],"Sort Method": "quicksort","Sort Space Used": 57,"Sort Space Type": "Memory","Plans": [{"Node Type": "Aggregate","Strategy": "Sorted","Partial Mode": "Simple","Parent Relationship": "Outer","Parallel Aware": false,"Async Capable": false,"Startup Cost": 147378.77,"Total Cost": 147378.79,"Plan Rows": 1,"Plan Width": 34,"Actual Startup Time": 505.377,"Actual Total Time": 524.254,"Actual Rows": 415,"Actual Loops": 1,"Group Key": ["supplier.s_name"],"Plans": [{"Node Type": "Sort","Parent Relationship": "Outer","Parallel Aware": false,"Async Capable": false,"Startup Cost": 147378.77,"Total Cost": 147378.78,"Plan Rows": 1,"Plan Width": 26,"Actual Startup Time": 505.350,"Actual Total Time": 523.830,"Actual Rows": 4021,"Actual Loops": 1,"Sort Key": ["supplier.s_name"],"Sort Method": "quicksort","Sort Space Used": 379,"Sort Space Type": "Memory","Plans": [{"Node Type": "Nested Loop","Parent Relationship": "Outer","Parallel Aware": false,"Async Capable": false,"Join Type": "Inner","Startup Cost": 1250.87,"Total Cost": 147378.76,"Plan Rows": 1,"Plan Width": 26,"Actual Startup Time": 4.344,"Actual Total Time": 512.010,"Actual Rows": 4021,"Actual Loops": 1,"Inner Unique": true,"Plans": [{"Node Type": "Nested Loop","Parent Relationship": "Outer","Parallel Aware": false,"Async Capable": false,"Join Type": "Semi","Startup Cost": 1250.44,"Total Cost": 147378.26,"Plan Rows": 1,"Plan Width": 34,"Actual Startup Time": 4.308,"Actual Total Time": 447.240,"Actual Rows": 8423,"Actual Loops": 1,"Inner Unique": false,"Plans": [{"Node Type": "Gather","Parent Relationship": "Outer","Parallel Aware": false,"Async Capable": false,"Startup Cost": 1250.01,"Total Cost": 147377.22,"Plan Rows": 1,"Plan Width": 34,"Actual Startup Time": 4.250,"Actual Total Time": 340.738,"Actual Rows": 13873,"Actual Loops": 1,"Workers Planned": 4,"Workers Launched": 4,"Single Copy": false,"Plans": [{"Node Type": "Nested Loop","Parent Relationship": "Outer","Parallel Aware": false,"Async Capable": false,"Join Type": "Anti","Startup Cost": 250.01,"Total Cost": 146377.12,"Plan Rows": 1,"Plan Width": 34,"Actual Startup Time": 6.059,"Actual Total Time": 447.143,"Actual Rows": 2775,"Actual Loops": 5,"Inner Unique": false,"Workers": [],"Plans": [{"Node Type": "Hash Join","Parent Relationship": "Outer","Parallel Aware": false,"Async Capable": false,"Join Type": "Inner","Startup Cost": 249.58,"Total Cost": 133581.65,"Plan Rows": 19990,"Plan Width": 34,"Actual Startup Time": 5.350,"Actual Total Time": 355.670,"Actual Rows": 31496,"Actual Loops": 5,"Inner Unique": false,"Hash Cond": "(l1.l_suppkey = supplier.s_suppkey)","Workers": [],"Plans": [{"Node Type": "Seq Scan","Parent Relationship": "Outer","Parallel Aware": true,"Async Capable": false,"Relation Name": "lineitem","Alias": "l1","Startup Cost": 0.00,"Total Cost": 131256.80,"Plan Rows": 500101,"Plan Width": 8,"Actual Startup Time": 0.034,"Actual Total Time": 302.387,"Actual Rows": 758659,"Actual Loops": 5,"Filter": "(l_receiptdate > l_commitdate)","Rows Removed by Filter": 441584,"Workers": []},{"Node Type": "Hash","Parent Relationship": "Inner","Parallel Aware": false,"Async Capable": false,"Startup Cost": 244.58,"Total Cost": 244.58,"Plan Rows": 400,"Plan Width": 30,"Actual Startup Time": 5.023,"Actual Total Time": 5.034,"Actual Rows": 415,"Actual Loops": 5,"Hash Buckets": 1024,"Original Hash Buckets": 1024,"Hash Batches": 1,"Original Hash Batches": 1,"Peak Memory Usage": 34,"Workers": [],"Plans": [{"Node Type": "Nested Loop","Parent Relationship": "Outer","Parallel Aware": false,"Async Capable": false,"Join Type": "Inner","Startup Cost": 7.38,"Total Cost": 244.58,"Plan Rows": 400,"Plan Width": 30,"Actual Startup Time": 0.341,"Actual Total Time": 4.843,"Actual Rows": 415,"Actual Loops": 5,"Inner Unique": false,"Workers": [],"Plans": [{"Node Type": "Seq Scan","Parent Relationship": "Outer","Parallel Aware": false,"Async Capable": false,"Relation Name": "nation","Alias": "nation","Startup Cost": 0.00,"Total Cost": 1.31,"Plan Rows": 1,"Plan Width": 4,"Actual Startup Time": 0.054,"Actual Total Time": 0.060,"Actual Rows": 1,"Actual Loops": 5,"Filter": "(n_name = 'INDIA'::bpchar)","Rows Removed by Filter": 24,"Workers": []},{"Node Type": "Bitmap Heap Scan","Parent Relationship": "Inner","Parallel Aware": false,"Async Capable": false,"Relation Name": "supplier","Alias": "supplier","Startup Cost": 7.38,"Total Cost": 239.27,"Plan Rows": 400,"Plan Width": 34,"Actual Startup Time": 0.281,"Actual Total Time": 4.691,"Actual Rows": 415,"Actual Loops": 5,"Recheck Cond": "(s_nationkey = nation.n_nationkey)","Rows Removed by Index Recheck": 0,"Exact Heap Blocks": 186,"Lossy Heap Blocks": 0,"Workers": [],"Plans": [{"Node Type": "Bitmap Index Scan","Parent Relationship": "Outer","Parallel Aware": false,"Async Capable": false,"Index Name": "idx_supplier_nation_key","Startup Cost": 0.00,"Total Cost": 7.29,"Plan Rows": 400,"Plan Width": 0,"Actual Startup Time": 0.207,"Actual Total Time": 0.208,"Actual Rows": 415,"Actual Loops": 5,"Index Cond": "(s_nationkey = nation.n_nationkey)","Workers": []}]}]}]}]},{"Node Type": "Index Scan","Parent Relationship": "Inner","Parallel Aware": false,"Async Capable": false,"Scan Direction": "Forward","Index Name": "idx_lineitem_orderkey","Relation Name": "lineitem","Alias": "l3","Startup Cost": 0.43,"Total Cost": 1.06,"Plan Rows": 6,"Plan Width": 8,"Actual Startup Time": 0.003,"Actual Total Time": 0.003,"Actual Rows": 1,"Actual Loops": 157482,"Index Cond": "(l_orderkey = l1.l_orderkey)","Rows Removed by Index Recheck": 0,"Filter": "((l_receiptdate > l_commitdate) AND (l_suppkey <> l1.l_suppkey))","Rows Removed by Filter": 1,"Workers": []}]}]},{"Node Type": "Index Scan","Parent Relationship": "Inner","Parallel Aware": false,"Async Capable": false,"Scan Direction": "Forward","Index Name": "idx_lineitem_orderkey","Relation Name": "lineitem","Alias": "l2","Startup Cost": 0.43,"Total Cost": 1.02,"Plan Rows": 17,"Plan Width": 8,"Actual Startup Time": 0.007,"Actual Total Time": 0.007,"Actual Rows": 1,"Actual Loops": 13873,"Index Cond": "(l_orderkey = l1.l_orderkey)","Rows Removed by Index Recheck": 0,"Filter": "(l_suppkey <> l1.l_suppkey)","Rows Removed by Filter": 1}]},{"Node Type": "Index Scan","Parent Relationship": "Inner","Parallel Aware": false,"Async Capable": false,"Scan Direction": "Forward","Index Name": "orders_pkey","Relation Name": "orders","Alias": "orders","Startup Cost": 0.43,"Total Cost": 0.51,"Plan Rows": 1,"Plan Width": 4,"Actual Startup Time": 0.007,"Actual Total Time": 0.007,"Actual Rows": 0,"Actual Loops": 8423,"Index Cond": "(o_orderkey = l1.l_orderkey)","Rows Removed by Index Recheck": 0,"Filter": "(o_orderstatus = 'F'::bpchar)","Rows Removed by Filter": 1}]}]}]}]},"Planning Time": 9.331,"Triggers": [],"Execution Time": 525.561}]
[{"Plan": {"Node Type": "Sort","Parallel Aware": false,"Async Capable": false,"Startup Cost": 147378.80,"Total Cost": 147378.81,"Plan Rows": 1,"Plan Width": 34,"Actual Startup Time": 503.423,"Actual Total Time": 521.004,"Actual Rows": 406,"Actual Loops": 1,"Sort Key": ["(count(*)) DESC", "supplier.s_name"],"Sort Method": "quicksort","Sort Space Used": 56,"Sort Space Type": "Memory","Plans": [{"Node Type": "Aggregate","Strategy": "Sorted","Partial Mode": "Simple","Parent Relationship": "Outer","Parallel Aware": false,"Async Capable": false,"Startup Cost": 147378.77,"Total Cost": 147378.79,"Plan Rows": 1,"Plan Width": 34,"Actual Startup Time": 502.176,"Actual Total Time": 520.280,"Actual Rows": 406,"Actual Loops": 1,"Group Key": ["supplier.s_name"],"Plans": [{"Node Type": "Sort","Parent Relationship": "Outer","Parallel Aware": false,"Async Capable": false,"Startup Cost": 147378.77,"Total Cost": 147378.78,"Plan Rows": 1,"Plan Width": 26,"Actual Startup Time": 502.147,"Actual Total Time": 519.852,"Actual Rows": 4052,"Actual Loops": 1,"Sort Key": ["supplier.s_name"],"Sort Method": "quicksort","Sort Space Used": 381,"Sort Space Type": "Memory","Plans": [{"Node Type": "Nested Loop","Parent Relationship": "Outer","Parallel Aware": false,"Async Capable": false,"Join Type": "Inner","Startup Cost": 1250.87,"Total Cost": 147378.76,"Plan Rows": 1,"Plan Width": 26,"Actual Startup Time": 4.486,"Actual Total Time": 508.290,"Actual Rows": 4052,"Actual Loops": 1,"Inner Unique": true,"Plans": [{"Node Type": "Nested Loop","Parent Relationship": "Outer","Parallel Aware": false,"Async Capable": false,"Join Type": "Semi","Startup Cost": 1250.44,"Total Cost": 147378.26,"Plan Rows": 1,"Plan Width": 34,"Actual Startup Time": 4.452,"Actual Total Time": 441.127,"Actual Rows": 8332,"Actual Loops": 1,"Inner Unique": false,"Plans": [{"Node Type": "Gather","Parent Relationship": "Outer","Parallel Aware": false,"Async Capable": false,"Startup Cost": 1250.01,"Total Cost": 147377.22,"Plan Rows": 1,"Plan Width": 34,"Actual Startup Time": 4.440,"Actual Total Time": 331.994,"Actual Rows": 13791,"Actual Loops": 1,"Workers Planned": 4,"Workers Launched": 4,"Single Copy": false,"Plans": [{"Node Type": "Nested Loop","Parent Relationship": "Outer","Parallel Aware": false,"Async Capable": false,"Join Type": "Anti","Startup Cost": 250.01,"Total Cost": 146377.12,"Plan Rows": 1,"Plan Width": 34,"Actual Startup Time": 4.624,"Actual Total Time": 442.937,"Actual Rows": 2758,"Actual Loops": 5,"Inner Unique": false,"Workers": [],"Plans": [{"Node Type": "Hash Join","Parent Relationship": "Outer","Parallel Aware": false,"Async Capable": false,"Join Type": "Inner","Startup Cost": 249.58,"Total Cost": 133581.65,"Plan Rows": 19990,"Plan Width": 34,"Actual Startup Time": 4.481,"Actual Total Time": 353.409,"Actual Rows": 30900,"Actual Loops": 5,"Inner Unique": false,"Hash Cond": "(l1.l_suppkey = supplier.s_suppkey)","Workers": [],"Plans": [{"Node Type": "Seq Scan","Parent Relationship": "Outer","Parallel Aware": true,"Async Capable": false,"Relation Name": "lineitem","Alias": "l1","Startup Cost": 0.00,"Total Cost": 131256.80,"Plan Rows": 500101,"Plan Width": 8,"Actual Startup Time": 0.029,"Actual Total Time": 301.270,"Actual Rows": 758659,"Actual Loops": 5,"Filter": "(l_receiptdate > l_commitdate)","Rows Removed by Filter": 441584,"Workers": []},{"Node Type": "Hash","Parent Relationship": "Inner","Parallel Aware": false,"Async Capable": false,"Startup Cost": 244.58,"Total Cost": 244.58,"Plan Rows": 400,"Plan Width": 30,"Actual Startup Time": 4.105,"Actual Total Time": 4.114,"Actual Rows": 406,"Actual Loops": 5,"Hash Buckets": 1024,"Original Hash Buckets": 1024,"Hash Batches": 1,"Original Hash Batches": 1,"Peak Memory Usage": 34,"Workers": [],"Plans": [{"Node Type": "Nested Loop","Parent Relationship": "Outer","Parallel Aware": false,"Async Capable": false,"Join Type": "Inner","Startup Cost": 7.38,"Total Cost": 244.58,"Plan Rows": 400,"Plan Width": 30,"Actual Startup Time": 0.252,"Actual Total Time": 3.975,"Actual Rows": 406,"Actual Loops": 5,"Inner Unique": false,"Workers": [],"Plans": [{"Node Type": "Seq Scan","Parent Relationship": "Outer","Parallel Aware": false,"Async Capable": false,"Relation Name": "nation","Alias": "nation","Startup Cost": 0.00,"Total Cost": 1.31,"Plan Rows": 1,"Plan Width": 4,"Actual Startup Time": 0.055,"Actual Total Time": 0.058,"Actual Rows": 1,"Actual Loops": 5,"Filter": "(n_name = 'MOZAMBIQUE'::bpchar)","Rows Removed by Filter": 24,"Workers": []},{"Node Type": "Bitmap Heap Scan","Parent Relationship": "Inner","Parallel Aware": false,"Async Capable": false,"Relation Name": "supplier","Alias": "supplier","Startup Cost": 7.38,"Total Cost": 239.27,"Plan Rows": 400,"Plan Width": 34,"Actual Startup Time": 0.193,"Actual Total Time": 3.854,"Actual Rows": 406,"Actual Loops": 5,"Recheck Cond": "(s_nationkey = nation.n_nationkey)","Rows Removed by Index Recheck": 0,"Exact Heap Blocks": 186,"Lossy Heap Blocks": 0,"Workers": [],"Plans": [{"Node Type": "Bitmap Index Scan","Parent Relationship": "Outer","Parallel Aware": false,"Async Capable": false,"Index Name": "idx_supplier_nation_key","Startup Cost": 0.00,"Total Cost": 7.29,"Plan Rows": 400,"Plan Width": 0,"Actual Startup Time": 0.125,"Actual Total Time": 0.126,"Actual Rows": 406,"Actual Loops": 5,"Index Cond": "(s_nationkey = nation.n_nationkey)","Workers": []}]}]}]}]},{"Node Type": "Index Scan","Parent Relationship": "Inner","Parallel Aware": false,"Async Capable": false,"Scan Direction": "Forward","Index Name": "idx_lineitem_orderkey","Relation Name": "lineitem","Alias": "l3","Startup Cost": 0.43,"Total Cost": 1.06,"Plan Rows": 6,"Plan Width": 8,"Actual Startup Time": 0.003,"Actual Total Time": 0.003,"Actual Rows": 1,"Actual Loops": 154501,"Index Cond": "(l_orderkey = l1.l_orderkey)","Rows Removed by Index Recheck": 0,"Filter": "((l_receiptdate > l_commitdate) AND (l_suppkey <> l1.l_suppkey))","Rows Removed by Filter": 1,"Workers": []}]}]},{"Node Type": "Index Scan","Parent Relationship": "Inner","Parallel Aware": false,"Async Capable": false,"Scan Direction": "Forward","Index Name": "idx_lineitem_orderkey","Relation Name": "lineitem","Alias": "l2","Startup Cost": 0.43,"Total Cost": 1.02,"Plan Rows": 17,"Plan Width": 8,"Actual Startup Time": 0.007,"Actual Total Time": 0.007,"Actual Rows": 1,"Actual Loops": 13791,"Index Cond": "(l_orderkey = l1.l_orderkey)","Rows Removed by Index Recheck": 0,"Filter": "(l_suppkey <> l1.l_suppkey)","Rows Removed by Filter": 1}]},{"Node Type": "Index Scan","Parent Relationship": "Inner","Parallel Aware": false,"Async Capable": false,"Scan Direction": "Forward","Index Name": "orders_pkey","Relation Name": "orders","Alias": "orders","Startup Cost": 0.43,"Total Cost": 0.51,"Plan Rows": 1,"Plan Width": 4,"Actual Startup Time": 0.008,"Actual Total Time": 0.008,"Actual Rows": 0,"Actual Loops": 8332,"Index Cond": "(o_orderkey = l1.l_orderkey)","Rows Removed by Index Recheck": 0,"Filter": "(o_orderstatus = 'F'::bpchar)","Rows Removed by Filter": 1}]}]}]}]},"Planning Time": 9.793,"Triggers": [],"Execution Time": 521.577}]
[{"Plan": {"Node Type": "Sort","Parallel Aware": false,"Async Capable": false,"Startup Cost": 147378.80,"Total Cost": 147378.81,"Plan Rows": 1,"Plan Width": 34,"Actual Startup Time": 501.108,"Actual Total Time": 521.576,"Actual Rows": 402,"Actual Loops": 1,"Sort Key": ["(count(*)) DESC", "supplier.s_name"],"Sort Method": "quicksort","Sort Space Used": 56,"Sort Space Type": "Memory","Plans": [{"Node Type": "Aggregate","Strategy": "Sorted","Partial Mode": "Simple","Parent Relationship": "Outer","Parallel Aware": false,"Async Capable": false,"Startup Cost": 147378.77,"Total Cost": 147378.79,"Plan Rows": 1,"Plan Width": 34,"Actual Startup Time": 499.889,"Actual Total Time": 520.867,"Actual Rows": 402,"Actual Loops": 1,"Group Key": ["supplier.s_name"],"Plans": [{"Node Type": "Sort","Parent Relationship": "Outer","Parallel Aware": false,"Async Capable": false,"Startup Cost": 147378.77,"Total Cost": 147378.78,"Plan Rows": 1,"Plan Width": 26,"Actual Startup Time": 499.865,"Actual Total Time": 520.454,"Actual Rows": 3981,"Actual Loops": 1,"Sort Key": ["supplier.s_name"],"Sort Method": "quicksort","Sort Space Used": 376,"Sort Space Type": "Memory","Plans": [{"Node Type": "Nested Loop","Parent Relationship": "Outer","Parallel Aware": false,"Async Capable": false,"Join Type": "Inner","Startup Cost": 1250.87,"Total Cost": 147378.76,"Plan Rows": 1,"Plan Width": 26,"Actual Startup Time": 4.395,"Actual Total Time": 509.623,"Actual Rows": 3981,"Actual Loops": 1,"Inner Unique": true,"Plans": [{"Node Type": "Nested Loop","Parent Relationship": "Outer","Parallel Aware": false,"Async Capable": false,"Join Type": "Semi","Startup Cost": 1250.44,"Total Cost": 147378.26,"Plan Rows": 1,"Plan Width": 34,"Actual Startup Time": 4.360,"Actual Total Time": 449.398,"Actual Rows": 7983,"Actual Loops": 1,"Inner Unique": false,"Plans": [{"Node Type": "Gather","Parent Relationship": "Outer","Parallel Aware": false,"Async Capable": false,"Startup Cost": 1250.01,"Total Cost": 147377.22,"Plan Rows": 1,"Plan Width": 34,"Actual Startup Time": 4.200,"Actual Total Time": 345.088,"Actual Rows": 13400,"Actual Loops": 1,"Workers Planned": 4,"Workers Launched": 4,"Single Copy": false,"Plans": [{"Node Type": "Nested Loop","Parent Relationship": "Outer","Parallel Aware": false,"Async Capable": false,"Join Type": "Anti","Startup Cost": 250.01,"Total Cost": 146377.12,"Plan Rows": 1,"Plan Width": 34,"Actual Startup Time": 4.071,"Actual Total Time": 443.940,"Actual Rows": 2680,"Actual Loops": 5,"Inner Unique": false,"Workers": [],"Plans": [{"Node Type": "Hash Join","Parent Relationship": "Outer","Parallel Aware": false,"Async Capable": false,"Join Type": "Inner","Startup Cost": 249.58,"Total Cost": 133581.65,"Plan Rows": 19990,"Plan Width": 34,"Actual Startup Time": 3.886,"Actual Total Time": 354.291,"Actual Rows": 30378,"Actual Loops": 5,"Inner Unique": false,"Hash Cond": "(l1.l_suppkey = supplier.s_suppkey)","Workers": [],"Plans": [{"Node Type": "Seq Scan","Parent Relationship": "Outer","Parallel Aware": true,"Async Capable": false,"Relation Name": "lineitem","Alias": "l1","Startup Cost": 0.00,"Total Cost": 131256.80,"Plan Rows": 500101,"Plan Width": 8,"Actual Startup Time": 0.029,"Actual Total Time": 304.276,"Actual Rows": 758659,"Actual Loops": 5,"Filter": "(l_receiptdate > l_commitdate)","Rows Removed by Filter": 441584,"Workers": []},{"Node Type": "Hash","Parent Relationship": "Inner","Parallel Aware": false,"Async Capable": false,"Startup Cost": 244.58,"Total Cost": 244.58,"Plan Rows": 400,"Plan Width": 30,"Actual Startup Time": 3.550,"Actual Total Time": 3.564,"Actual Rows": 402,"Actual Loops": 5,"Hash Buckets": 1024,"Original Hash Buckets": 1024,"Hash Batches": 1,"Original Hash Batches": 1,"Peak Memory Usage": 34,"Workers": [],"Plans": [{"Node Type": "Nested Loop","Parent Relationship": "Outer","Parallel Aware": false,"Async Capable": false,"Join Type": "Inner","Startup Cost": 7.38,"Total Cost": 244.58,"Plan Rows": 400,"Plan Width": 30,"Actual Startup Time": 0.305,"Actual Total Time": 3.431,"Actual Rows": 402,"Actual Loops": 5,"Inner Unique": false,"Workers": [],"Plans": [{"Node Type": "Seq Scan","Parent Relationship": "Outer","Parallel Aware": false,"Async Capable": false,"Relation Name": "nation","Alias": "nation","Startup Cost": 0.00,"Total Cost": 1.31,"Plan Rows": 1,"Plan Width": 4,"Actual Startup Time": 0.076,"Actual Total Time": 0.081,"Actual Rows": 1,"Actual Loops": 5,"Filter": "(n_name = 'FRANCE'::bpchar)","Rows Removed by Filter": 24,"Workers": []},{"Node Type": "Bitmap Heap Scan","Parent Relationship": "Inner","Parallel Aware": false,"Async Capable": false,"Relation Name": "supplier","Alias": "supplier","Startup Cost": 7.38,"Total Cost": 239.27,"Plan Rows": 400,"Plan Width": 34,"Actual Startup Time": 0.223,"Actual Total Time": 3.284,"Actual Rows": 402,"Actual Loops": 5,"Recheck Cond": "(s_nationkey = nation.n_nationkey)","Rows Removed by Index Recheck": 0,"Exact Heap Blocks": 184,"Lossy Heap Blocks": 0,"Workers": [],"Plans": [{"Node Type": "Bitmap Index Scan","Parent Relationship": "Outer","Parallel Aware": false,"Async Capable": false,"Index Name": "idx_supplier_nation_key","Startup Cost": 0.00,"Total Cost": 7.29,"Plan Rows": 400,"Plan Width": 0,"Actual Startup Time": 0.129,"Actual Total Time": 0.130,"Actual Rows": 402,"Actual Loops": 5,"Index Cond": "(s_nationkey = nation.n_nationkey)","Workers": []}]}]}]}]},{"Node Type": "Index Scan","Parent Relationship": "Inner","Parallel Aware": false,"Async Capable": false,"Scan Direction": "Forward","Index Name": "idx_lineitem_orderkey","Relation Name": "lineitem","Alias": "l3","Startup Cost": 0.43,"Total Cost": 1.06,"Plan Rows": 6,"Plan Width": 8,"Actual Startup Time": 0.003,"Actual Total Time": 0.003,"Actual Rows": 1,"Actual Loops": 151892,"Index Cond": "(l_orderkey = l1.l_orderkey)","Rows Removed by Index Recheck": 0,"Filter": "((l_receiptdate > l_commitdate) AND (l_suppkey <> l1.l_suppkey))","Rows Removed by Filter": 1,"Workers": []}]}]},{"Node Type": "Index Scan","Parent Relationship": "Inner","Parallel Aware": false,"Async Capable": false,"Scan Direction": "Forward","Index Name": "idx_lineitem_orderkey","Relation Name": "lineitem","Alias": "l2","Startup Cost": 0.43,"Total Cost": 1.02,"Plan Rows": 17,"Plan Width": 8,"Actual Startup Time": 0.007,"Actual Total Time": 0.007,"Actual Rows": 1,"Actual Loops": 13400,"Index Cond": "(l_orderkey = l1.l_orderkey)","Rows Removed by Index Recheck": 0,"Filter": "(l_suppkey <> l1.l_suppkey)","Rows Removed by Filter": 1}]},{"Node Type": "Index Scan","Parent Relationship": "Inner","Parallel Aware": false,"Async Capable": false,"Scan Direction": "Forward","Index Name": "orders_pkey","Relation Name": "orders","Alias": "orders","Startup Cost": 0.43,"Total Cost": 0.51,"Plan Rows": 1,"Plan Width": 4,"Actual Startup Time": 0.007,"Actual Total Time": 0.007,"Actual Rows": 0,"Actual Loops": 7983,"Index Cond": "(o_orderkey = l1.l_orderkey)","Rows Removed by Index Recheck": 0,"Filter": "(o_orderstatus = 'F'::bpchar)","Rows Removed by Filter": 1}]}]}]}]},"Planning Time": 8.323,"Triggers": [],"Execution Time": 522.235}]
[{"Plan": {"Node Type": "Sort","Parallel Aware": false,"Async Capable": false,"Startup Cost": 147378.80,"Total Cost": 147378.81,"Plan Rows": 1,"Plan Width": 34,"Actual Startup Time": 500.709,"Actual Total Time": 524.703,"Actual Rows": 407,"Actual Loops": 1,"Sort Key": ["(count(*)) DESC", "supplier.s_name"],"Sort Method": "quicksort","Sort Space Used": 56,"Sort Space Type": "Memory","Plans": [{"Node Type": "Aggregate","Strategy": "Sorted","Partial Mode": "Simple","Parent Relationship": "Outer","Parallel Aware": false,"Async Capable": false,"Startup Cost": 147378.77,"Total Cost": 147378.79,"Plan Rows": 1,"Plan Width": 34,"Actual Startup Time": 499.455,"Actual Total Time": 523.962,"Actual Rows": 407,"Actual Loops": 1,"Group Key": ["supplier.s_name"],"Plans": [{"Node Type": "Sort","Parent Relationship": "Outer","Parallel Aware": false,"Async Capable": false,"Startup Cost": 147378.77,"Total Cost": 147378.78,"Plan Rows": 1,"Plan Width": 26,"Actual Startup Time": 499.433,"Actual Total Time": 523.550,"Actual Rows": 3965,"Actual Loops": 1,"Sort Key": ["supplier.s_name"],"Sort Method": "quicksort","Sort Space Used": 375,"Sort Space Type": "Memory","Plans": [{"Node Type": "Nested Loop","Parent Relationship": "Outer","Parallel Aware": false,"Async Capable": false,"Join Type": "Inner","Startup Cost": 1250.87,"Total Cost": 147378.76,"Plan Rows": 1,"Plan Width": 26,"Actual Startup Time": 5.067,"Actual Total Time": 512.972,"Actual Rows": 3965,"Actual Loops": 1,"Inner Unique": true,"Plans": [{"Node Type": "Nested Loop","Parent Relationship": "Outer","Parallel Aware": false,"Async Capable": false,"Join Type": "Semi","Startup Cost": 1250.44,"Total Cost": 147378.26,"Plan Rows": 1,"Plan Width": 34,"Actual Startup Time": 5.045,"Actual Total Time": 451.382,"Actual Rows": 8089,"Actual Loops": 1,"Inner Unique": false,"Plans": [{"Node Type": "Gather","Parent Relationship": "Outer","Parallel Aware": false,"Async Capable": false,"Startup Cost": 1250.01,"Total Cost": 147377.22,"Plan Rows": 1,"Plan Width": 34,"Actual Startup Time": 4.734,"Actual Total Time": 344.998,"Actual Rows": 13526,"Actual Loops": 1,"Workers Planned": 4,"Workers Launched": 4,"Single Copy": false,"Plans": [{"Node Type": "Nested Loop","Parent Relationship": "Outer","Parallel Aware": false,"Async Capable": false,"Join Type": "Anti","Startup Cost": 250.01,"Total Cost": 146377.12,"Plan Rows": 1,"Plan Width": 34,"Actual Startup Time": 4.775,"Actual Total Time": 445.542,"Actual Rows": 2705,"Actual Loops": 5,"Inner Unique": false,"Workers": [],"Plans": [{"Node Type": "Hash Join","Parent Relationship": "Outer","Parallel Aware": false,"Async Capable": false,"Join Type": "Inner","Startup Cost": 249.58,"Total Cost": 133581.65,"Plan Rows": 19990,"Plan Width": 34,"Actual Startup Time": 4.487,"Actual Total Time": 354.785,"Actual Rows": 30752,"Actual Loops": 5,"Inner Unique": false,"Hash Cond": "(l1.l_suppkey = supplier.s_suppkey)","Workers": [],"Plans": [{"Node Type": "Seq Scan","Parent Relationship": "Outer","Parallel Aware": true,"Async Capable": false,"Relation Name": "lineitem","Alias": "l1","Startup Cost": 0.00,"Total Cost": 131256.80,"Plan Rows": 500101,"Plan Width": 8,"Actual Startup Time": 0.026,"Actual Total Time": 303.161,"Actual Rows": 758659,"Actual Loops": 5,"Filter": "(l_receiptdate > l_commitdate)","Rows Removed by Filter": 441584,"Workers": []},{"Node Type": "Hash","Parent Relationship": "Inner","Parallel Aware": false,"Async Capable": false,"Startup Cost": 244.58,"Total Cost": 244.58,"Plan Rows": 400,"Plan Width": 30,"Actual Startup Time": 4.170,"Actual Total Time": 4.181,"Actual Rows": 407,"Actual Loops": 5,"Hash Buckets": 1024,"Original Hash Buckets": 1024,"Hash Batches": 1,"Original Hash Batches": 1,"Peak Memory Usage": 34,"Workers": [],"Plans": [{"Node Type": "Nested Loop","Parent Relationship": "Outer","Parallel Aware": false,"Async Capable": false,"Join Type": "Inner","Startup Cost": 7.38,"Total Cost": 244.58,"Plan Rows": 400,"Plan Width": 30,"Actual Startup Time": 0.302,"Actual Total Time": 4.018,"Actual Rows": 407,"Actual Loops": 5,"Inner Unique": false,"Workers": [],"Plans": [{"Node Type": "Seq Scan","Parent Relationship": "Outer","Parallel Aware": false,"Async Capable": false,"Relation Name": "nation","Alias": "nation","Startup Cost": 0.00,"Total Cost": 1.31,"Plan Rows": 1,"Plan Width": 4,"Actual Startup Time": 0.065,"Actual Total Time": 0.068,"Actual Rows": 1,"Actual Loops": 5,"Filter": "(n_name = 'CHINA'::bpchar)","Rows Removed by Filter": 24,"Workers": []},{"Node Type": "Bitmap Heap Scan","Parent Relationship": "Inner","Parallel Aware": false,"Async Capable": false,"Relation Name": "supplier","Alias": "supplier","Startup Cost": 7.38,"Total Cost": 239.27,"Plan Rows": 400,"Plan Width": 34,"Actual Startup Time": 0.229,"Actual Total Time": 3.872,"Actual Rows": 407,"Actual Loops": 5,"Recheck Cond": "(s_nationkey = nation.n_nationkey)","Rows Removed by Index Recheck": 0,"Exact Heap Blocks": 186,"Lossy Heap Blocks": 0,"Workers": [],"Plans": [{"Node Type": "Bitmap Index Scan","Parent Relationship": "Outer","Parallel Aware": false,"Async Capable": false,"Index Name": "idx_supplier_nation_key","Startup Cost": 0.00,"Total Cost": 7.29,"Plan Rows": 400,"Plan Width": 0,"Actual Startup Time": 0.141,"Actual Total Time": 0.143,"Actual Rows": 407,"Actual Loops": 5,"Index Cond": "(s_nationkey = nation.n_nationkey)","Workers": []}]}]}]}]},{"Node Type": "Index Scan","Parent Relationship": "Inner","Parallel Aware": false,"Async Capable": false,"Scan Direction": "Forward","Index Name": "idx_lineitem_orderkey","Relation Name": "lineitem","Alias": "l3","Startup Cost": 0.43,"Total Cost": 1.06,"Plan Rows": 6,"Plan Width": 8,"Actual Startup Time": 0.003,"Actual Total Time": 0.003,"Actual Rows": 1,"Actual Loops": 153758,"Index Cond": "(l_orderkey = l1.l_orderkey)","Rows Removed by Index Recheck": 0,"Filter": "((l_receiptdate > l_commitdate) AND (l_suppkey <> l1.l_suppkey))","Rows Removed by Filter": 1,"Workers": []}]}]},{"Node Type": "Index Scan","Parent Relationship": "Inner","Parallel Aware": false,"Async Capable": false,"Scan Direction": "Forward","Index Name": "idx_lineitem_orderkey","Relation Name": "lineitem","Alias": "l2","Startup Cost": 0.43,"Total Cost": 1.02,"Plan Rows": 17,"Plan Width": 8,"Actual Startup Time": 0.007,"Actual Total Time": 0.007,"Actual Rows": 1,"Actual Loops": 13526,"Index Cond": "(l_orderkey = l1.l_orderkey)","Rows Removed by Index Recheck": 0,"Filter": "(l_suppkey <> l1.l_suppkey)","Rows Removed by Filter": 1}]},{"Node Type": "Index Scan","Parent Relationship": "Inner","Parallel Aware": false,"Async Capable": false,"Scan Direction": "Forward","Index Name": "orders_pkey","Relation Name": "orders","Alias": "orders","Startup Cost": 0.43,"Total Cost": 0.51,"Plan Rows": 1,"Plan Width": 4,"Actual Startup Time": 0.007,"Actual Total Time": 0.007,"Actual Rows": 0,"Actual Loops": 8089,"Index Cond": "(o_orderkey = l1.l_orderkey)","Rows Removed by Index Recheck": 0,"Filter": "(o_orderstatus = 'F'::bpchar)","Rows Removed by Filter": 1}]}]}]}]},"Planning Time": 8.452,"Triggers": [],"Execution Time": 525.397}]
[{"Plan": {"Node Type": "Sort","Parallel Aware": false,"Async Capable": false,"Startup Cost": 147378.80,"Total Cost": 147378.81,"Plan Rows": 1,"Plan Width": 34,"Actual Startup Time": 500.185,"Actual Total Time": 519.970,"Actual Rows": 396,"Actual Loops": 1,"Sort Key": ["(count(*)) DESC", "supplier.s_name"],"Sort Method": "quicksort","Sort Space Used": 55,"Sort Space Type": "Memory","Plans": [{"Node Type": "Aggregate","Strategy": "Sorted","Partial Mode": "Simple","Parent Relationship": "Outer","Parallel Aware": false,"Async Capable": false,"Startup Cost": 147378.77,"Total Cost": 147378.79,"Plan Rows": 1,"Plan Width": 34,"Actual Startup Time": 498.969,"Actual Total Time": 519.272,"Actual Rows": 396,"Actual Loops": 1,"Group Key": ["supplier.s_name"],"Plans": [{"Node Type": "Sort","Parent Relationship": "Outer","Parallel Aware": false,"Async Capable": false,"Startup Cost": 147378.77,"Total Cost": 147378.78,"Plan Rows": 1,"Plan Width": 26,"Actual Startup Time": 498.950,"Actual Total Time": 518.863,"Actual Rows": 3935,"Actual Loops": 1,"Sort Key": ["supplier.s_name"],"Sort Method": "quicksort","Sort Space Used": 373,"Sort Space Type": "Memory","Plans": [{"Node Type": "Nested Loop","Parent Relationship": "Outer","Parallel Aware": false,"Async Capable": false,"Join Type": "Inner","Startup Cost": 1250.87,"Total Cost": 147378.76,"Plan Rows": 1,"Plan Width": 26,"Actual Startup Time": 5.056,"Actual Total Time": 508.223,"Actual Rows": 3935,"Actual Loops": 1,"Inner Unique": true,"Plans": [{"Node Type": "Nested Loop","Parent Relationship": "Outer","Parallel Aware": false,"Async Capable": false,"Join Type": "Semi","Startup Cost": 1250.44,"Total Cost": 147378.26,"Plan Rows": 1,"Plan Width": 34,"Actual Startup Time": 5.029,"Actual Total Time": 447.558,"Actual Rows": 8035,"Actual Loops": 1,"Inner Unique": false,"Plans": [{"Node Type": "Gather","Parent Relationship": "Outer","Parallel Aware": false,"Async Capable": false,"Startup Cost": 1250.01,"Total Cost": 147377.22,"Plan Rows": 1,"Plan Width": 34,"Actual Startup Time": 4.623,"Actual Total Time": 341.887,"Actual Rows": 13450,"Actual Loops": 1,"Workers Planned": 4,"Workers Launched": 4,"Single Copy": false,"Plans": [{"Node Type": "Nested Loop","Parent Relationship": "Outer","Parallel Aware": false,"Async Capable": false,"Join Type": "Anti","Startup Cost": 250.01,"Total Cost": 146377.12,"Plan Rows": 1,"Plan Width": 34,"Actual Startup Time": 4.632,"Actual Total Time": 442.832,"Actual Rows": 2690,"Actual Loops": 5,"Inner Unique": false,"Workers": [],"Plans": [{"Node Type": "Hash Join","Parent Relationship": "Outer","Parallel Aware": false,"Async Capable": false,"Join Type": "Inner","Startup Cost": 249.58,"Total Cost": 133581.65,"Plan Rows": 19990,"Plan Width": 34,"Actual Startup Time": 4.440,"Actual Total Time": 353.938,"Actual Rows": 30159,"Actual Loops": 5,"Inner Unique": false,"Hash Cond": "(l1.l_suppkey = supplier.s_suppkey)","Workers": [],"Plans": [{"Node Type": "Seq Scan","Parent Relationship": "Outer","Parallel Aware": true,"Async Capable": false,"Relation Name": "lineitem","Alias": "l1","Startup Cost": 0.00,"Total Cost": 131256.80,"Plan Rows": 500101,"Plan Width": 8,"Actual Startup Time": 0.027,"Actual Total Time": 302.537,"Actual Rows": 758659,"Actual Loops": 5,"Filter": "(l_receiptdate > l_commitdate)","Rows Removed by Filter": 441584,"Workers": []},{"Node Type": "Hash","Parent Relationship": "Inner","Parallel Aware": false,"Async Capable": false,"Startup Cost": 244.58,"Total Cost": 244.58,"Plan Rows": 400,"Plan Width": 30,"Actual Startup Time": 4.114,"Actual Total Time": 4.124,"Actual Rows": 396,"Actual Loops": 5,"Hash Buckets": 1024,"Original Hash Buckets": 1024,"Hash Batches": 1,"Original Hash Batches": 1,"Peak Memory Usage": 33,"Workers": [],"Plans": [{"Node Type": "Nested Loop","Parent Relationship": "Outer","Parallel Aware": false,"Async Capable": false,"Join Type": "Inner","Startup Cost": 7.38,"Total Cost": 244.58,"Plan Rows": 400,"Plan Width": 30,"Actual Startup Time": 0.301,"Actual Total Time": 3.971,"Actual Rows": 396,"Actual Loops": 5,"Inner Unique": false,"Workers": [],"Plans": [{"Node Type": "Seq Scan","Parent Relationship": "Outer","Parallel Aware": false,"Async Capable": false,"Relation Name": "nation","Alias": "nation","Startup Cost": 0.00,"Total Cost": 1.31,"Plan Rows": 1,"Plan Width": 4,"Actual Startup Time": 0.063,"Actual Total Time": 0.068,"Actual Rows": 1,"Actual Loops": 5,"Filter": "(n_name = 'GERMANY'::bpchar)","Rows Removed by Filter": 24,"Workers": []},{"Node Type": "Bitmap Heap Scan","Parent Relationship": "Inner","Parallel Aware": false,"Async Capable": false,"Relation Name": "supplier","Alias": "supplier","Startup Cost": 7.38,"Total Cost": 239.27,"Plan Rows": 400,"Plan Width": 34,"Actual Startup Time": 0.232,"Actual Total Time": 3.829,"Actual Rows": 396,"Actual Loops": 5,"Recheck Cond": "(s_nationkey = nation.n_nationkey)","Rows Removed by Index Recheck": 0,"Exact Heap Blocks": 191,"Lossy Heap Blocks": 0,"Workers": [],"Plans": [{"Node Type": "Bitmap Index Scan","Parent Relationship": "Outer","Parallel Aware": false,"Async Capable": false,"Index Name": "idx_supplier_nation_key","Startup Cost": 0.00,"Total Cost": 7.29,"Plan Rows": 400,"Plan Width": 0,"Actual Startup Time": 0.147,"Actual Total Time": 0.148,"Actual Rows": 396,"Actual Loops": 5,"Index Cond": "(s_nationkey = nation.n_nationkey)","Workers": []}]}]}]}]},{"Node Type": "Index Scan","Parent Relationship": "Inner","Parallel Aware": false,"Async Capable": false,"Scan Direction": "Forward","Index Name": "idx_lineitem_orderkey","Relation Name": "lineitem","Alias": "l3","Startup Cost": 0.43,"Total Cost": 1.06,"Plan Rows": 6,"Plan Width": 8,"Actual Startup Time": 0.003,"Actual Total Time": 0.003,"Actual Rows": 1,"Actual Loops": 150794,"Index Cond": "(l_orderkey = l1.l_orderkey)","Rows Removed by Index Recheck": 0,"Filter": "((l_receiptdate > l_commitdate) AND (l_suppkey <> l1.l_suppkey))","Rows Removed by Filter": 1,"Workers": []}]}]},{"Node Type": "Index Scan","Parent Relationship": "Inner","Parallel Aware": false,"Async Capable": false,"Scan Direction": "Forward","Index Name": "idx_lineitem_orderkey","Relation Name": "lineitem","Alias": "l2","Startup Cost": 0.43,"Total Cost": 1.02,"Plan Rows": 17,"Plan Width": 8,"Actual Startup Time": 0.007,"Actual Total Time": 0.007,"Actual Rows": 1,"Actual Loops": 13450,"Index Cond": "(l_orderkey = l1.l_orderkey)","Rows Removed by Index Recheck": 0,"Filter": "(l_suppkey <> l1.l_suppkey)","Rows Removed by Filter": 1}]},{"Node Type": "Index Scan","Parent Relationship": "Inner","Parallel Aware": false,"Async Capable": false,"Scan Direction": "Forward","Index Name": "orders_pkey","Relation Name": "orders","Alias": "orders","Startup Cost": 0.43,"Total Cost": 0.51,"Plan Rows": 1,"Plan Width": 4,"Actual Startup Time": 0.007,"Actual Total Time": 0.007,"Actual Rows": 0,"Actual Loops": 8035,"Index Cond": "(o_orderkey = l1.l_orderkey)","Rows Removed by Index Recheck": 0,"Filter": "(o_orderstatus = 'F'::bpchar)","Rows Removed by Filter": 1}]}]}]}]},"Planning Time": 8.500,"Triggers": [],"Execution Time": 520.683}]
[{"Plan": {"Node Type": "Sort","Parallel Aware": false,"Async Capable": false,"Startup Cost": 147378.80,"Total Cost": 147378.81,"Plan Rows": 1,"Plan Width": 34,"Actual Startup Time": 500.709,"Actual Total Time": 524.703,"Actual Rows": 407,"Actual Loops": 1,"Sort Key": ["(count(*)) DESC", "supplier.s_name"],"Sort Method": "quicksort","Sort Space Used": 56,"Sort Space Type": "Memory","Plans": [{"Node Type": "Aggregate","Strategy": "Sorted","Partial Mode": "Simple","Parent Relationship": "Outer","Parallel Aware": false,"Async Capable": false,"Startup Cost": 147378.77,"Total Cost": 147378.79,"Plan Rows": 1,"Plan Width": 34,"Actual Startup Time": 499.455,"Actual Total Time": 523.962,"Actual Rows": 407,"Actual Loops": 1,"Group Key": ["supplier.s_name"],"Plans": [{"Node Type": "Sort","Parent Relationship": "Outer","Parallel Aware": false,"Async Capable": false,"Startup Cost": 147378.77,"Total Cost": 147378.78,"Plan Rows": 1,"Plan Width": 26,"Actual Startup Time": 499.433,"Actual Total Time": 523.550,"Actual Rows": 3965,"Actual Loops": 1,"Sort Key": ["supplier.s_name"],"Sort Method": "quicksort","Sort Space Used": 375,"Sort Space Type": "Memory","Plans": [{"Node Type": "Nested Loop","Parent Relationship": "Outer","Parallel Aware": false,"Async Capable": false,"Join Type": "Inner","Startup Cost": 1250.87,"Total Cost": 147378.76,"Plan Rows": 1,"Plan Width": 26,"Actual Startup Time": 5.067,"Actual Total Time": 512.972,"Actual Rows": 3965,"Actual Loops": 1,"Inner Unique": true,"Plans": [{"Node Type": "Nested Loop","Parent Relationship": "Outer","Parallel Aware": false,"Async Capable": false,"Join Type": "Semi","Startup Cost": 1250.44,"Total Cost": 147378.26,"Plan Rows": 1,"Plan Width": 34,"Actual Startup Time": 5.045,"Actual Total Time": 451.382,"Actual Rows": 8089,"Actual Loops": 1,"Inner Unique": false,"Plans": [{"Node Type": "Gather","Parent Relationship": "Outer","Parallel Aware": false,"Async Capable": false,"Startup Cost": 1250.01,"Total Cost": 147377.22,"Plan Rows": 1,"Plan Width": 34,"Actual Startup Time": 4.734,"Actual Total Time": 344.998,"Actual Rows": 13526,"Actual Loops": 1,"Workers Planned": 4,"Workers Launched": 4,"Single Copy": false,"Plans": [{"Node Type": "Nested Loop","Parent Relationship": "Outer","Parallel Aware": false,"Async Capable": false,"Join Type": "Anti","Startup Cost": 250.01,"Total Cost": 146377.12,"Plan Rows": 1,"Plan Width": 34,"Actual Startup Time": 4.775,"Actual Total Time": 445.542,"Actual Rows": 2705,"Actual Loops": 5,"Inner Unique": false,"Workers": [],"Plans": [{"Node Type": "Hash Join","Parent Relationship": "Outer","Parallel Aware": false,"Async Capable": false,"Join Type": "Inner","Startup Cost": 249.58,"Total Cost": 133581.65,"Plan Rows": 19990,"Plan Width": 34,"Actual Startup Time": 4.487,"Actual Total Time": 354.785,"Actual Rows": 30752,"Actual Loops": 5,"Inner Unique": false,"Hash Cond": "(l1.l_suppkey = supplier.s_suppkey)","Workers": [],"Plans": [{"Node Type": "Seq Scan","Parent Relationship": "Outer","Parallel Aware": true,"Async Capable": false,"Relation Name": "lineitem","Alias": "l1","Startup Cost": 0.00,"Total Cost": 131256.80,"Plan Rows": 500101,"Plan Width": 8,"Actual Startup Time": 0.026,"Actual Total Time": 303.161,"Actual Rows": 758659,"Actual Loops": 5,"Filter": "(l_receiptdate > l_commitdate)","Rows Removed by Filter": 441584,"Workers": []},{"Node Type": "Hash","Parent Relationship": "Inner","Parallel Aware": false,"Async Capable": false,"Startup Cost": 244.58,"Total Cost": 244.58,"Plan Rows": 400,"Plan Width": 30,"Actual Startup Time": 4.170,"Actual Total Time": 4.181,"Actual Rows": 407,"Actual Loops": 5,"Hash Buckets": 1024,"Original Hash Buckets": 1024,"Hash Batches": 1,"Original Hash Batches": 1,"Peak Memory Usage": 34,"Workers": [],"Plans": [{"Node Type": "Nested Loop","Parent Relationship": "Outer","Parallel Aware": false,"Async Capable": false,"Join Type": "Inner","Startup Cost": 7.38,"Total Cost": 244.58,"Plan Rows": 400,"Plan Width": 30,"Actual Startup Time": 0.302,"Actual Total Time": 4.018,"Actual Rows": 407,"Actual Loops": 5,"Inner Unique": false,"Workers": [],"Plans": [{"Node Type": "Seq Scan","Parent Relationship": "Outer","Parallel Aware": false,"Async Capable": false,"Relation Name": "nation","Alias": "nation","Startup Cost": 0.00,"Total Cost": 1.31,"Plan Rows": 1,"Plan Width": 4,"Actual Startup Time": 0.065,"Actual Total Time": 0.068,"Actual Rows": 1,"Actual Loops": 5,"Filter": "(n_name = 'CHINA'::bpchar)","Rows Removed by Filter": 24,"Workers": []},{"Node Type": "Bitmap Heap Scan","Parent Relationship": "Inner","Parallel Aware": false,"Async Capable": false,"Relation Name": "supplier","Alias": "supplier","Startup Cost": 7.38,"Total Cost": 239.27,"Plan Rows": 400,"Plan Width": 34,"Actual Startup Time": 0.229,"Actual Total Time": 3.872,"Actual Rows": 407,"Actual Loops": 5,"Recheck Cond": "(s_nationkey = nation.n_nationkey)","Rows Removed by Index Recheck": 0,"Exact Heap Blocks": 186,"Lossy Heap Blocks": 0,"Workers": [],"Plans": [{"Node Type": "Bitmap Index Scan","Parent Relationship": "Outer","Parallel Aware": false,"Async Capable": false,"Index Name": "idx_supplier_nation_key","Startup Cost": 0.00,"Total Cost": 7.29,"Plan Rows": 400,"Plan Width": 0,"Actual Startup Time": 0.141,"Actual Total Time": 0.143,"Actual Rows": 407,"Actual Loops": 5,"Index Cond": "(s_nationkey = nation.n_nationkey)","Workers": []}]}]}]}]},{"Node Type": "Index Scan","Parent Relationship": "Inner","Parallel Aware": false,"Async Capable": false,"Scan Direction": "Forward","Index Name": "idx_lineitem_orderkey","Relation Name": "lineitem","Alias": "l3","Startup Cost": 0.43,"Total Cost": 1.06,"Plan Rows": 6,"Plan Width": 8,"Actual Startup Time": 0.003,"Actual Total Time": 0.003,"Actual Rows": 1,"Actual Loops": 153758,"Index Cond": "(l_orderkey = l1.l_orderkey)","Rows Removed by Index Recheck": 0,"Filter": "((l_receiptdate > l_commitdate) AND (l_suppkey <> l1.l_suppkey))","Rows Removed by Filter": 1,"Workers": []}]}]},{"Node Type": "Index Scan","Parent Relationship": "Inner","Parallel Aware": false,"Async Capable": false,"Scan Direction": "Forward","Index Name": "idx_lineitem_orderkey","Relation Name": "lineitem","Alias": "l2","Startup Cost": 0.43,"Total Cost": 1.02,"Plan Rows": 17,"Plan Width": 8,"Actual Startup Time": 0.007,"Actual Total Time": 0.007,"Actual Rows": 1,"Actual Loops": 13526,"Index Cond": "(l_orderkey = l1.l_orderkey)","Rows Removed by Index Recheck": 0,"Filter": "(l_suppkey <> l1.l_suppkey)","Rows Removed by Filter": 1}]},{"Node Type": "Index Scan","Parent Relationship": "Inner","Parallel Aware": false,"Async Capable": false,"Scan Direction": "Forward","Index Name": "orders_pkey","Relation Name": "orders","Alias": "orders","Startup Cost": 0.43,"Total Cost": 0.51,"Plan Rows": 1,"Plan Width": 4,"Actual Startup Time": 0.007,"Actual Total Time": 0.007,"Actual Rows": 0,"Actual Loops": 8089,"Index Cond": "(o_orderkey = l1.l_orderkey)","Rows Removed by Index Recheck": 0,"Filter": "(o_orderstatus = 'F'::bpchar)","Rows Removed by Filter": 1}]}]}]}]},"Planning Time": 8.452,"Triggers": [],"Execution Time": 525.397}]
[{"Plan": {"Node Type": "Sort","Parallel Aware": false,"Async Capable": false,"Startup Cost": 147378.80,"Total Cost": 147378.81,"Plan Rows": 1,"Plan Width": 34,"Actual Startup Time": 507.691,"Actual Total Time": 527.119,"Actual Rows": 411,"Actual Loops": 1,"Sort Key": ["(count(*)) DESC", "supplier.s_name"],"Sort Method": "quicksort","Sort Space Used": 57,"Sort Space Type": "Memory","Plans": [{"Node Type": "Aggregate","Strategy": "Sorted","Partial Mode": "Simple","Parent Relationship": "Outer","Parallel Aware": false,"Async Capable": false,"Startup Cost": 147378.77,"Total Cost": 147378.79,"Plan Rows": 1,"Plan Width": 34,"Actual Startup Time": 506.441,"Actual Total Time": 526.395,"Actual Rows": 411,"Actual Loops": 1,"Group Key": ["supplier.s_name"],"Plans": [{"Node Type": "Sort","Parent Relationship": "Outer","Parallel Aware": false,"Async Capable": false,"Startup Cost": 147378.77,"Total Cost": 147378.78,"Plan Rows": 1,"Plan Width": 26,"Actual Startup Time": 506.413,"Actual Total Time": 525.969,"Actual Rows": 4141,"Actual Loops": 1,"Sort Key": ["supplier.s_name"],"Sort Method": "quicksort","Sort Space Used": 484,"Sort Space Type": "Memory","Plans": [{"Node Type": "Nested Loop","Parent Relationship": "Outer","Parallel Aware": false,"Async Capable": false,"Join Type": "Inner","Startup Cost": 1250.87,"Total Cost": 147378.76,"Plan Rows": 1,"Plan Width": 26,"Actual Startup Time": 4.973,"Actual Total Time": 514.878,"Actual Rows": 4141,"Actual Loops": 1,"Inner Unique": true,"Plans": [{"Node Type": "Nested Loop","Parent Relationship": "Outer","Parallel Aware": false,"Async Capable": false,"Join Type": "Semi","Startup Cost": 1250.44,"Total Cost": 147378.26,"Plan Rows": 1,"Plan Width": 34,"Actual Startup Time": 4.329,"Actual Total Time": 453.804,"Actual Rows": 8357,"Actual Loops": 1,"Inner Unique": false,"Plans": [{"Node Type": "Gather","Parent Relationship": "Outer","Parallel Aware": false,"Async Capable": false,"Startup Cost": 1250.01,"Total Cost": 147377.22,"Plan Rows": 1,"Plan Width": 34,"Actual Startup Time": 4.312,"Actual Total Time": 350.336,"Actual Rows": 13859,"Actual Loops": 1,"Workers Planned": 4,"Workers Launched": 4,"Single Copy": false,"Plans": [{"Node Type": "Nested Loop","Parent Relationship": "Outer","Parallel Aware": false,"Async Capable": false,"Join Type": "Anti","Startup Cost": 250.01,"Total Cost": 146377.12,"Plan Rows": 1,"Plan Width": 34,"Actual Startup Time": 4.818,"Actual Total Time": 450.256,"Actual Rows": 2772,"Actual Loops": 5,"Inner Unique": false,"Workers": [],"Plans": [{"Node Type": "Hash Join","Parent Relationship": "Outer","Parallel Aware": false,"Async Capable": false,"Join Type": "Inner","Startup Cost": 249.58,"Total Cost": 133581.65,"Plan Rows": 19990,"Plan Width": 34,"Actual Startup Time": 4.474,"Actual Total Time": 357.672,"Actual Rows": 31348,"Actual Loops": 5,"Inner Unique": false,"Hash Cond": "(l1.l_suppkey = supplier.s_suppkey)","Workers": [],"Plans": [{"Node Type": "Seq Scan","Parent Relationship": "Outer","Parallel Aware": true,"Async Capable": false,"Relation Name": "lineitem","Alias": "l1","Startup Cost": 0.00,"Total Cost": 131256.80,"Plan Rows": 500101,"Plan Width": 8,"Actual Startup Time": 0.028,"Actual Total Time": 306.873,"Actual Rows": 758659,"Actual Loops": 5,"Filter": "(l_receiptdate > l_commitdate)","Rows Removed by Filter": 441584,"Workers": []},{"Node Type": "Hash","Parent Relationship": "Inner","Parallel Aware": false,"Async Capable": false,"Startup Cost": 244.58,"Total Cost": 244.58,"Plan Rows": 400,"Plan Width": 30,"Actual Startup Time": 4.175,"Actual Total Time": 4.188,"Actual Rows": 411,"Actual Loops": 5,"Hash Buckets": 1024,"Original Hash Buckets": 1024,"Hash Batches": 1,"Original Hash Batches": 1,"Peak Memory Usage": 34,"Workers": [],"Plans": [{"Node Type": "Nested Loop","Parent Relationship": "Outer","Parallel Aware": false,"Async Capable": false,"Join Type": "Inner","Startup Cost": 7.38,"Total Cost": 244.58,"Plan Rows": 400,"Plan Width": 30,"Actual Startup Time": 0.256,"Actual Total Time": 4.027,"Actual Rows": 411,"Actual Loops": 5,"Inner Unique": false,"Workers": [],"Plans": [{"Node Type": "Seq Scan","Parent Relationship": "Outer","Parallel Aware": false,"Async Capable": false,"Relation Name": "nation","Alias": "nation","Startup Cost": 0.00,"Total Cost": 1.31,"Plan Rows": 1,"Plan Width": 4,"Actual Startup Time": 0.047,"Actual Total Time": 0.051,"Actual Rows": 1,"Actual Loops": 5,"Filter": "(n_name = 'SAUDI ARABIA'::bpchar)","Rows Removed by Filter": 24,"Workers": []},{"Node Type": "Bitmap Heap Scan","Parent Relationship": "Inner","Parallel Aware": false,"Async Capable": false,"Relation Name": "supplier","Alias": "supplier","Startup Cost": 7.38,"Total Cost": 239.27,"Plan Rows": 400,"Plan Width": 34,"Actual Startup Time": 0.204,"Actual Total Time": 3.890,"Actual Rows": 411,"Actual Loops": 5,"Recheck Cond": "(s_nationkey = nation.n_nationkey)","Rows Removed by Index Recheck": 0,"Exact Heap Blocks": 182,"Lossy Heap Blocks": 0,"Workers": [],"Plans": [{"Node Type": "Bitmap Index Scan","Parent Relationship": "Outer","Parallel Aware": false,"Async Capable": false,"Index Name": "idx_supplier_nation_key","Startup Cost": 0.00,"Total Cost": 7.29,"Plan Rows": 400,"Plan Width": 0,"Actual Startup Time": 0.143,"Actual Total Time": 0.145,"Actual Rows": 411,"Actual Loops": 5,"Index Cond": "(s_nationkey = nation.n_nationkey)","Workers": []}]}]}]}]},{"Node Type": "Index Scan","Parent Relationship": "Inner","Parallel Aware": false,"Async Capable": false,"Scan Direction": "Forward","Index Name": "idx_lineitem_orderkey","Relation Name": "lineitem","Alias": "l3","Startup Cost": 0.43,"Total Cost": 1.06,"Plan Rows": 6,"Plan Width": 8,"Actual Startup Time": 0.003,"Actual Total Time": 0.003,"Actual Rows": 1,"Actual Loops": 156739,"Index Cond": "(l_orderkey = l1.l_orderkey)","Rows Removed by Index Recheck": 0,"Filter": "((l_receiptdate > l_commitdate) AND (l_suppkey <> l1.l_suppkey))","Rows Removed by Filter": 1,"Workers": []}]}]},{"Node Type": "Index Scan","Parent Relationship": "Inner","Parallel Aware": false,"Async Capable": false,"Scan Direction": "Forward","Index Name": "idx_lineitem_orderkey","Relation Name": "lineitem","Alias": "l2","Startup Cost": 0.43,"Total Cost": 1.02,"Plan Rows": 17,"Plan Width": 8,"Actual Startup Time": 0.007,"Actual Total Time": 0.007,"Actual Rows": 1,"Actual Loops": 13859,"Index Cond": "(l_orderkey = l1.l_orderkey)","Rows Removed by Index Recheck": 0,"Filter": "(l_suppkey <> l1.l_suppkey)","Rows Removed by Filter": 1}]},{"Node Type": "Index Scan","Parent Relationship": "Inner","Parallel Aware": false,"Async Capable": false,"Scan Direction": "Forward","Index Name": "orders_pkey","Relation Name": "orders","Alias": "orders","Startup Cost": 0.43,"Total Cost": 0.51,"Plan Rows": 1,"Plan Width": 4,"Actual Startup Time": 0.007,"Actual Total Time": 0.007,"Actual Rows": 0,"Actual Loops": 8357,"Index Cond": "(o_orderkey = l1.l_orderkey)","Rows Removed by Index Recheck": 0,"Filter": "(o_orderstatus = 'F'::bpchar)","Rows Removed by Filter": 1}]}]}]}]},"Planning Time": 9.483,"Triggers": [],"Execution Time": 527.804}]
[{"Plan": {"Node Type": "Sort","Parallel Aware": false,"Async Capable": false,"Startup Cost": 147378.80,"Total Cost": 147378.81,"Plan Rows": 1,"Plan Width": 34,"Actual Startup Time": 494.557,"Actual Total Time": 516.628,"Actual Rows": 380,"Actual Loops": 1,"Sort Key": ["(count(*)) DESC", "supplier.s_name"],"Sort Method": "quicksort","Sort Space Used": 54,"Sort Space Type": "Memory","Plans": [{"Node Type": "Aggregate","Strategy": "Sorted","Partial Mode": "Simple","Parent Relationship": "Outer","Parallel Aware": false,"Async Capable": false,"Startup Cost": 147378.77,"Total Cost": 147378.79,"Plan Rows": 1,"Plan Width": 34,"Actual Startup Time": 493.417,"Actual Total Time": 515.990,"Actual Rows": 380,"Actual Loops": 1,"Group Key": ["supplier.s_name"],"Plans": [{"Node Type": "Sort","Parent Relationship": "Outer","Parallel Aware": false,"Async Capable": false,"Startup Cost": 147378.77,"Total Cost": 147378.78,"Plan Rows": 1,"Plan Width": 26,"Actual Startup Time": 493.396,"Actual Total Time": 515.587,"Actual Rows": 3777,"Actual Loops": 1,"Sort Key": ["supplier.s_name"],"Sort Method": "quicksort","Sort Space Used": 362,"Sort Space Type": "Memory","Plans": [{"Node Type": "Nested Loop","Parent Relationship": "Outer","Parallel Aware": false,"Async Capable": false,"Join Type": "Inner","Startup Cost": 1250.87,"Total Cost": 147378.76,"Plan Rows": 1,"Plan Width": 26,"Actual Startup Time": 4.998,"Actual Total Time": 504.711,"Actual Rows": 3777,"Actual Loops": 1,"Inner Unique": true,"Plans": [{"Node Type": "Nested Loop","Parent Relationship": "Outer","Parallel Aware": false,"Async Capable": false,"Join Type": "Semi","Startup Cost": 1250.44,"Total Cost": 147378.26,"Plan Rows": 1,"Plan Width": 34,"Actual Startup Time": 4.963,"Actual Total Time": 440.621,"Actual Rows": 7670,"Actual Loops": 1,"Inner Unique": false,"Plans": [{"Node Type": "Gather","Parent Relationship": "Outer","Parallel Aware": false,"Async Capable": false,"Startup Cost": 1250.01,"Total Cost": 147377.22,"Plan Rows": 1,"Plan Width": 34,"Actual Startup Time": 4.951,"Actual Total Time": 333.201,"Actual Rows": 12935,"Actual Loops": 1,"Workers Planned": 4,"Workers Launched": 4,"Single Copy": false,"Plans": [{"Node Type": "Nested Loop","Parent Relationship": "Outer","Parallel Aware": false,"Async Capable": false,"Join Type": "Anti","Startup Cost": 250.01,"Total Cost": 146377.12,"Plan Rows": 1,"Plan Width": 34,"Actual Startup Time": 5.873,"Actual Total Time": 437.867,"Actual Rows": 2587,"Actual Loops": 5,"Inner Unique": false,"Workers": [],"Plans": [{"Node Type": "Hash Join","Parent Relationship": "Outer","Parallel Aware": false,"Async Capable": false,"Join Type": "Inner","Startup Cost": 249.58,"Total Cost": 133581.65,"Plan Rows": 19990,"Plan Width": 34,"Actual Startup Time": 5.239,"Actual Total Time": 352.656,"Actual Rows": 28741,"Actual Loops": 5,"Inner Unique": false,"Hash Cond": "(l1.l_suppkey = supplier.s_suppkey)","Workers": [],"Plans": [{"Node Type": "Seq Scan","Parent Relationship": "Outer","Parallel Aware": true,"Async Capable": false,"Relation Name": "lineitem","Alias": "l1","Startup Cost": 0.00,"Total Cost": 131256.80,"Plan Rows": 500101,"Plan Width": 8,"Actual Startup Time": 0.031,"Actual Total Time": 300.900,"Actual Rows": 758659,"Actual Loops": 5,"Filter": "(l_receiptdate > l_commitdate)","Rows Removed by Filter": 441584,"Workers": []},{"Node Type": "Hash","Parent Relationship": "Inner","Parallel Aware": false,"Async Capable": false,"Startup Cost": 244.58,"Total Cost": 244.58,"Plan Rows": 400,"Plan Width": 30,"Actual Startup Time": 4.907,"Actual Total Time": 4.921,"Actual Rows": 380,"Actual Loops": 5,"Hash Buckets": 1024,"Original Hash Buckets": 1024,"Hash Batches": 1,"Original Hash Batches": 1,"Peak Memory Usage": 32,"Workers": [],"Plans": [{"Node Type": "Nested Loop","Parent Relationship": "Outer","Parallel Aware": false,"Async Capable": false,"Join Type": "Inner","Startup Cost": 7.38,"Total Cost": 244.58,"Plan Rows": 400,"Plan Width": 30,"Actual Startup Time": 0.293,"Actual Total Time": 4.740,"Actual Rows": 380,"Actual Loops": 5,"Inner Unique": false,"Workers": [],"Plans": [{"Node Type": "Seq Scan","Parent Relationship": "Outer","Parallel Aware": false,"Async Capable": false,"Relation Name": "nation","Alias": "nation","Startup Cost": 0.00,"Total Cost": 1.31,"Plan Rows": 1,"Plan Width": 4,"Actual Startup Time": 0.048,"Actual Total Time": 0.056,"Actual Rows": 1,"Actual Loops": 5,"Filter": "(n_name = 'ETHIOPIA'::bpchar)","Rows Removed by Filter": 24,"Workers": []},{"Node Type": "Bitmap Heap Scan","Parent Relationship": "Inner","Parallel Aware": false,"Async Capable": false,"Relation Name": "supplier","Alias": "supplier","Startup Cost": 7.38,"Total Cost": 239.27,"Plan Rows": 400,"Plan Width": 34,"Actual Startup Time": 0.240,"Actual Total Time": 4.598,"Actual Rows": 380,"Actual Loops": 5,"Recheck Cond": "(s_nationkey = nation.n_nationkey)","Rows Removed by Index Recheck": 0,"Exact Heap Blocks": 192,"Lossy Heap Blocks": 0,"Workers": [],"Plans": [{"Node Type": "Bitmap Index Scan","Parent Relationship": "Outer","Parallel Aware": false,"Async Capable": false,"Index Name": "idx_supplier_nation_key","Startup Cost": 0.00,"Total Cost": 7.29,"Plan Rows": 400,"Plan Width": 0,"Actual Startup Time": 0.158,"Actual Total Time": 0.159,"Actual Rows": 380,"Actual Loops": 5,"Index Cond": "(s_nationkey = nation.n_nationkey)","Workers": []}]}]}]}]},{"Node Type": "Index Scan","Parent Relationship": "Inner","Parallel Aware": false,"Async Capable": false,"Scan Direction": "Forward","Index Name": "idx_lineitem_orderkey","Relation Name": "lineitem","Alias": "l3","Startup Cost": 0.43,"Total Cost": 1.06,"Plan Rows": 6,"Plan Width": 8,"Actual Startup Time": 0.003,"Actual Total Time": 0.003,"Actual Rows": 1,"Actual Loops": 143707,"Index Cond": "(l_orderkey = l1.l_orderkey)","Rows Removed by Index Recheck": 0,"Filter": "((l_receiptdate > l_commitdate) AND (l_suppkey <> l1.l_suppkey))","Rows Removed by Filter": 1,"Workers": []}]}]},{"Node Type": "Index Scan","Parent Relationship": "Inner","Parallel Aware": false,"Async Capable": false,"Scan Direction": "Forward","Index Name": "idx_lineitem_orderkey","Relation Name": "lineitem","Alias": "l2","Startup Cost": 0.43,"Total Cost": 1.02,"Plan Rows": 17,"Plan Width": 8,"Actual Startup Time": 0.008,"Actual Total Time": 0.008,"Actual Rows": 1,"Actual Loops": 12935,"Index Cond": "(l_orderkey = l1.l_orderkey)","Rows Removed by Index Recheck": 0,"Filter": "(l_suppkey <> l1.l_suppkey)","Rows Removed by Filter": 1}]},{"Node Type": "Index Scan","Parent Relationship": "Inner","Parallel Aware": false,"Async Capable": false,"Scan Direction": "Forward","Index Name": "orders_pkey","Relation Name": "orders","Alias": "orders","Startup Cost": 0.43,"Total Cost": 0.51,"Plan Rows": 1,"Plan Width": 4,"Actual Startup Time": 0.008,"Actual Total Time": 0.008,"Actual Rows": 0,"Actual Loops": 7670,"Index Cond": "(o_orderkey = l1.l_orderkey)","Rows Removed by Index Recheck": 0,"Filter": "(o_orderstatus = 'F'::bpchar)","Rows Removed by Filter": 1}]}]}]}]},"Planning Time": 9.415,"Triggers": [],"Execution Time": 517.200}]
[{"Plan": {"Node Type": "Sort","Parallel Aware": false,"Async Capable": false,"Startup Cost": 147378.80,"Total Cost": 147378.81,"Plan Rows": 1,"Plan Width": 34,"Actual Startup Time": 494.557,"Actual Total Time": 516.628,"Actual Rows": 380,"Actual Loops": 1,"Sort Key": ["(count(*)) DESC", "supplier.s_name"],"Sort Method": "quicksort","Sort Space Used": 54,"Sort Space Type": "Memory","Plans": [{"Node Type": "Aggregate","Strategy": "Sorted","Partial Mode": "Simple","Parent Relationship": "Outer","Parallel Aware": false,"Async Capable": false,"Startup Cost": 147378.77,"Total Cost": 147378.79,"Plan Rows": 1,"Plan Width": 34,"Actual Startup Time": 493.417,"Actual Total Time": 515.990,"Actual Rows": 380,"Actual Loops": 1,"Group Key": ["supplier.s_name"],"Plans": [{"Node Type": "Sort","Parent Relationship": "Outer","Parallel Aware": false,"Async Capable": false,"Startup Cost": 147378.77,"Total Cost": 147378.78,"Plan Rows": 1,"Plan Width": 26,"Actual Startup Time": 493.396,"Actual Total Time": 515.587,"Actual Rows": 3777,"Actual Loops": 1,"Sort Key": ["supplier.s_name"],"Sort Method": "quicksort","Sort Space Used": 362,"Sort Space Type": "Memory","Plans": [{"Node Type": "Nested Loop","Parent Relationship": "Outer","Parallel Aware": false,"Async Capable": false,"Join Type": "Inner","Startup Cost": 1250.87,"Total Cost": 147378.76,"Plan Rows": 1,"Plan Width": 26,"Actual Startup Time": 4.998,"Actual Total Time": 504.711,"Actual Rows": 3777,"Actual Loops": 1,"Inner Unique": true,"Plans": [{"Node Type": "Nested Loop","Parent Relationship": "Outer","Parallel Aware": false,"Async Capable": false,"Join Type": "Semi","Startup Cost": 1250.44,"Total Cost": 147378.26,"Plan Rows": 1,"Plan Width": 34,"Actual Startup Time": 4.963,"Actual Total Time": 440.621,"Actual Rows": 7670,"Actual Loops": 1,"Inner Unique": false,"Plans": [{"Node Type": "Gather","Parent Relationship": "Outer","Parallel Aware": false,"Async Capable": false,"Startup Cost": 1250.01,"Total Cost": 147377.22,"Plan Rows": 1,"Plan Width": 34,"Actual Startup Time": 4.951,"Actual Total Time": 333.201,"Actual Rows": 12935,"Actual Loops": 1,"Workers Planned": 4,"Workers Launched": 4,"Single Copy": false,"Plans": [{"Node Type": "Nested Loop","Parent Relationship": "Outer","Parallel Aware": false,"Async Capable": false,"Join Type": "Anti","Startup Cost": 250.01,"Total Cost": 146377.12,"Plan Rows": 1,"Plan Width": 34,"Actual Startup Time": 5.873,"Actual Total Time": 437.867,"Actual Rows": 2587,"Actual Loops": 5,"Inner Unique": false,"Workers": [],"Plans": [{"Node Type": "Hash Join","Parent Relationship": "Outer","Parallel Aware": false,"Async Capable": false,"Join Type": "Inner","Startup Cost": 249.58,"Total Cost": 133581.65,"Plan Rows": 19990,"Plan Width": 34,"Actual Startup Time": 5.239,"Actual Total Time": 352.656,"Actual Rows": 28741,"Actual Loops": 5,"Inner Unique": false,"Hash Cond": "(l1.l_suppkey = supplier.s_suppkey)","Workers": [],"Plans": [{"Node Type": "Seq Scan","Parent Relationship": "Outer","Parallel Aware": true,"Async Capable": false,"Relation Name": "lineitem","Alias": "l1","Startup Cost": 0.00,"Total Cost": 131256.80,"Plan Rows": 500101,"Plan Width": 8,"Actual Startup Time": 0.031,"Actual Total Time": 300.900,"Actual Rows": 758659,"Actual Loops": 5,"Filter": "(l_receiptdate > l_commitdate)","Rows Removed by Filter": 441584,"Workers": []},{"Node Type": "Hash","Parent Relationship": "Inner","Parallel Aware": false,"Async Capable": false,"Startup Cost": 244.58,"Total Cost": 244.58,"Plan Rows": 400,"Plan Width": 30,"Actual Startup Time": 4.907,"Actual Total Time": 4.921,"Actual Rows": 380,"Actual Loops": 5,"Hash Buckets": 1024,"Original Hash Buckets": 1024,"Hash Batches": 1,"Original Hash Batches": 1,"Peak Memory Usage": 32,"Workers": [],"Plans": [{"Node Type": "Nested Loop","Parent Relationship": "Outer","Parallel Aware": false,"Async Capable": false,"Join Type": "Inner","Startup Cost": 7.38,"Total Cost": 244.58,"Plan Rows": 400,"Plan Width": 30,"Actual Startup Time": 0.293,"Actual Total Time": 4.740,"Actual Rows": 380,"Actual Loops": 5,"Inner Unique": false,"Workers": [],"Plans": [{"Node Type": "Seq Scan","Parent Relationship": "Outer","Parallel Aware": false,"Async Capable": false,"Relation Name": "nation","Alias": "nation","Startup Cost": 0.00,"Total Cost": 1.31,"Plan Rows": 1,"Plan Width": 4,"Actual Startup Time": 0.048,"Actual Total Time": 0.056,"Actual Rows": 1,"Actual Loops": 5,"Filter": "(n_name = 'ETHIOPIA'::bpchar)","Rows Removed by Filter": 24,"Workers": []},{"Node Type": "Bitmap Heap Scan","Parent Relationship": "Inner","Parallel Aware": false,"Async Capable": false,"Relation Name": "supplier","Alias": "supplier","Startup Cost": 7.38,"Total Cost": 239.27,"Plan Rows": 400,"Plan Width": 34,"Actual Startup Time": 0.240,"Actual Total Time": 4.598,"Actual Rows": 380,"Actual Loops": 5,"Recheck Cond": "(s_nationkey = nation.n_nationkey)","Rows Removed by Index Recheck": 0,"Exact Heap Blocks": 192,"Lossy Heap Blocks": 0,"Workers": [],"Plans": [{"Node Type": "Bitmap Index Scan","Parent Relationship": "Outer","Parallel Aware": false,"Async Capable": false,"Index Name": "idx_supplier_nation_key","Startup Cost": 0.00,"Total Cost": 7.29,"Plan Rows": 400,"Plan Width": 0,"Actual Startup Time": 0.158,"Actual Total Time": 0.159,"Actual Rows": 380,"Actual Loops": 5,"Index Cond": "(s_nationkey = nation.n_nationkey)","Workers": []}]}]}]}]},{"Node Type": "Index Scan","Parent Relationship": "Inner","Parallel Aware": false,"Async Capable": false,"Scan Direction": "Forward","Index Name": "idx_lineitem_orderkey","Relation Name": "lineitem","Alias": "l3","Startup Cost": 0.43,"Total Cost": 1.06,"Plan Rows": 6,"Plan Width": 8,"Actual Startup Time": 0.003,"Actual Total Time": 0.003,"Actual Rows": 1,"Actual Loops": 143707,"Index Cond": "(l_orderkey = l1.l_orderkey)","Rows Removed by Index Recheck": 0,"Filter": "((l_receiptdate > l_commitdate) AND (l_suppkey <> l1.l_suppkey))","Rows Removed by Filter": 1,"Workers": []}]}]},{"Node Type": "Index Scan","Parent Relationship": "Inner","Parallel Aware": false,"Async Capable": false,"Scan Direction": "Forward","Index Name": "idx_lineitem_orderkey","Relation Name": "lineitem","Alias": "l2","Startup Cost": 0.43,"Total Cost": 1.02,"Plan Rows": 17,"Plan Width": 8,"Actual Startup Time": 0.008,"Actual Total Time": 0.008,"Actual Rows": 1,"Actual Loops": 12935,"Index Cond": "(l_orderkey = l1.l_orderkey)","Rows Removed by Index Recheck": 0,"Filter": "(l_suppkey <> l1.l_suppkey)","Rows Removed by Filter": 1}]},{"Node Type": "Index Scan","Parent Relationship": "Inner","Parallel Aware": false,"Async Capable": false,"Scan Direction": "Forward","Index Name": "orders_pkey","Relation Name": "orders","Alias": "orders","Startup Cost": 0.43,"Total Cost": 0.51,"Plan Rows": 1,"Plan Width": 4,"Actual Startup Time": 0.008,"Actual Total Time": 0.008,"Actual Rows": 0,"Actual Loops": 7670,"Index Cond": "(o_orderkey = l1.l_orderkey)","Rows Removed by Index Recheck": 0,"Filter": "(o_orderstatus = 'F'::bpchar)","Rows Removed by Filter": 1}]}]}]}]},"Planning Time": 9.415,"Triggers": [],"Execution Time": 517.200}]
[{"Plan": {"Node Type": "Sort","Parallel Aware": false,"Async Capable": false,"Startup Cost": 147378.80,"Total Cost": 147378.81,"Plan Rows": 1,"Plan Width": 34,"Actual Startup Time": 512.736,"Actual Total Time": 529.210,"Actual Rows": 438,"Actual Loops": 1,"Sort Key": ["(count(*)) DESC", "supplier.s_name"],"Sort Method": "quicksort","Sort Space Used": 59,"Sort Space Type": "Memory","Plans": [{"Node Type": "Aggregate","Strategy": "Sorted","Partial Mode": "Simple","Parent Relationship": "Outer","Parallel Aware": false,"Async Capable": false,"Startup Cost": 147378.77,"Total Cost": 147378.79,"Plan Rows": 1,"Plan Width": 34,"Actual Startup Time": 511.404,"Actual Total Time": 528.425,"Actual Rows": 438,"Actual Loops": 1,"Group Key": ["supplier.s_name"],"Plans": [{"Node Type": "Sort","Parent Relationship": "Outer","Parallel Aware": false,"Async Capable": false,"Startup Cost": 147378.77,"Total Cost": 147378.78,"Plan Rows": 1,"Plan Width": 26,"Actual Startup Time": 511.372,"Actual Total Time": 527.974,"Actual Rows": 4210,"Actual Loops": 1,"Sort Key": ["supplier.s_name"],"Sort Method": "quicksort","Sort Space Used": 489,"Sort Space Type": "Memory","Plans": [{"Node Type": "Nested Loop","Parent Relationship": "Outer","Parallel Aware": false,"Async Capable": false,"Join Type": "Inner","Startup Cost": 1250.87,"Total Cost": 147378.76,"Plan Rows": 1,"Plan Width": 26,"Actual Startup Time": 5.368,"Actual Total Time": 515.358,"Actual Rows": 4210,"Actual Loops": 1,"Inner Unique": true,"Plans": [{"Node Type": "Nested Loop","Parent Relationship": "Outer","Parallel Aware": false,"Async Capable": false,"Join Type": "Semi","Startup Cost": 1250.44,"Total Cost": 147378.26,"Plan Rows": 1,"Plan Width": 34,"Actual Startup Time": 5.330,"Actual Total Time": 447.041,"Actual Rows": 8778,"Actual Loops": 1,"Inner Unique": false,"Plans": [{"Node Type": "Gather","Parent Relationship": "Outer","Parallel Aware": false,"Async Capable": false,"Startup Cost": 1250.01,"Total Cost": 147377.22,"Plan Rows": 1,"Plan Width": 34,"Actual Startup Time": 5.278,"Actual Total Time": 329.789,"Actual Rows": 14669,"Actual Loops": 1,"Workers Planned": 4,"Workers Launched": 4,"Single Copy": false,"Plans": [{"Node Type": "Nested Loop","Parent Relationship": "Outer","Parallel Aware": false,"Async Capable": false,"Join Type": "Anti","Startup Cost": 250.01,"Total Cost": 146377.12,"Plan Rows": 1,"Plan Width": 34,"Actual Startup Time": 5.105,"Actual Total Time": 449.554,"Actual Rows": 2934,"Actual Loops": 5,"Inner Unique": false,"Workers": [],"Plans": [{"Node Type": "Hash Join","Parent Relationship": "Outer","Parallel Aware": false,"Async Capable": false,"Join Type": "Inner","Startup Cost": 249.58,"Total Cost": 133581.65,"Plan Rows": 19990,"Plan Width": 34,"Actual Startup Time": 4.734,"Actual Total Time": 354.759,"Actual Rows": 33108,"Actual Loops": 5,"Inner Unique": false,"Hash Cond": "(l1.l_suppkey = supplier.s_suppkey)","Workers": [],"Plans": [{"Node Type": "Seq Scan","Parent Relationship": "Outer","Parallel Aware": true,"Async Capable": false,"Relation Name": "lineitem","Alias": "l1","Startup Cost": 0.00,"Total Cost": 131256.80,"Plan Rows": 500101,"Plan Width": 8,"Actual Startup Time": 0.025,"Actual Total Time": 303.070,"Actual Rows": 758659,"Actual Loops": 5,"Filter": "(l_receiptdate > l_commitdate)","Rows Removed by Filter": 441584,"Workers": []},{"Node Type": "Hash","Parent Relationship": "Inner","Parallel Aware": false,"Async Capable": false,"Startup Cost": 244.58,"Total Cost": 244.58,"Plan Rows": 400,"Plan Width": 30,"Actual Startup Time": 4.446,"Actual Total Time": 4.454,"Actual Rows": 438,"Actual Loops": 5,"Hash Buckets": 1024,"Original Hash Buckets": 1024,"Hash Batches": 1,"Original Hash Batches": 1,"Peak Memory Usage": 36,"Workers": [],"Plans": [{"Node Type": "Nested Loop","Parent Relationship": "Outer","Parallel Aware": false,"Async Capable": false,"Join Type": "Inner","Startup Cost": 7.38,"Total Cost": 244.58,"Plan Rows": 400,"Plan Width": 30,"Actual Startup Time": 0.266,"Actual Total Time": 4.290,"Actual Rows": 438,"Actual Loops": 5,"Inner Unique": false,"Workers": [],"Plans": [{"Node Type": "Seq Scan","Parent Relationship": "Outer","Parallel Aware": false,"Async Capable": false,"Relation Name": "nation","Alias": "nation","Startup Cost": 0.00,"Total Cost": 1.31,"Plan Rows": 1,"Plan Width": 4,"Actual Startup Time": 0.058,"Actual Total Time": 0.064,"Actual Rows": 1,"Actual Loops": 5,"Filter": "(n_name = 'IRAQ'::bpchar)","Rows Removed by Filter": 24,"Workers": []},{"Node Type": "Bitmap Heap Scan","Parent Relationship": "Inner","Parallel Aware": false,"Async Capable": false,"Relation Name": "supplier","Alias": "supplier","Startup Cost": 7.38,"Total Cost": 239.27,"Plan Rows": 400,"Plan Width": 34,"Actual Startup Time": 0.204,"Actual Total Time": 4.151,"Actual Rows": 438,"Actual Loops": 5,"Recheck Cond": "(s_nationkey = nation.n_nationkey)","Rows Removed by Index Recheck": 0,"Exact Heap Blocks": 194,"Lossy Heap Blocks": 0,"Workers": [],"Plans": [{"Node Type": "Bitmap Index Scan","Parent Relationship": "Outer","Parallel Aware": false,"Async Capable": false,"Index Name": "idx_supplier_nation_key","Startup Cost": 0.00,"Total Cost": 7.29,"Plan Rows": 400,"Plan Width": 0,"Actual Startup Time": 0.139,"Actual Total Time": 0.140,"Actual Rows": 438,"Actual Loops": 5,"Index Cond": "(s_nationkey = nation.n_nationkey)","Workers": []}]}]}]}]},{"Node Type": "Index Scan","Parent Relationship": "Inner","Parallel Aware": false,"Async Capable": false,"Scan Direction": "Forward","Index Name": "idx_lineitem_orderkey","Relation Name": "lineitem","Alias": "l3","Startup Cost": 0.43,"Total Cost": 1.06,"Plan Rows": 6,"Plan Width": 8,"Actual Startup Time": 0.003,"Actual Total Time": 0.003,"Actual Rows": 1,"Actual Loops": 165540,"Index Cond": "(l_orderkey = l1.l_orderkey)","Rows Removed by Index Recheck": 0,"Filter": "((l_receiptdate > l_commitdate) AND (l_suppkey <> l1.l_suppkey))","Rows Removed by Filter": 1,"Workers": []}]}]},{"Node Type": "Index Scan","Parent Relationship": "Inner","Parallel Aware": false,"Async Capable": false,"Scan Direction": "Forward","Index Name": "idx_lineitem_orderkey","Relation Name": "lineitem","Alias": "l2","Startup Cost": 0.43,"Total Cost": 1.02,"Plan Rows": 17,"Plan Width": 8,"Actual Startup Time": 0.007,"Actual Total Time": 0.007,"Actual Rows": 1,"Actual Loops": 14669,"Index Cond": "(l_orderkey = l1.l_orderkey)","Rows Removed by Index Recheck": 0,"Filter": "(l_suppkey <> l1.l_suppkey)","Rows Removed by Filter": 1}]},{"Node Type": "Index Scan","Parent Relationship": "Inner","Parallel Aware": false,"Async Capable": false,"Scan Direction": "Forward","Index Name": "orders_pkey","Relation Name": "orders","Alias": "orders","Startup Cost": 0.43,"Total Cost": 0.51,"Plan Rows": 1,"Plan Width": 4,"Actual Startup Time": 0.008,"Actual Total Time": 0.008,"Actual Rows": 0,"Actual Loops": 8778,"Index Cond": "(o_orderkey = l1.l_orderkey)","Rows Removed by Index Recheck": 0,"Filter": "(o_orderstatus = 'F'::bpchar)","Rows Removed by Filter": 1}]}]}]}]},"Planning Time": 9.762,"Triggers": [],"Execution Time": 529.872}]
[{"Plan": {"Node Type": "Sort","Parallel Aware": false,"Async Capable": false,"Startup Cost": 147378.80,"Total Cost": 147378.81,"Plan Rows": 1,"Plan Width": 34,"Actual Startup Time": 510.910,"Actual Total Time": 530.461,"Actual Rows": 420,"Actual Loops": 1,"Sort Key": ["(count(*)) DESC", "supplier.s_name"],"Sort Method": "quicksort","Sort Space Used": 57,"Sort Space Type": "Memory","Plans": [{"Node Type": "Aggregate","Strategy": "Sorted","Partial Mode": "Simple","Parent Relationship": "Outer","Parallel Aware": false,"Async Capable": false,"Startup Cost": 147378.77,"Total Cost": 147378.79,"Plan Rows": 1,"Plan Width": 34,"Actual Startup Time": 509.613,"Actual Total Time": 529.683,"Actual Rows": 420,"Actual Loops": 1,"Group Key": ["supplier.s_name"],"Plans": [{"Node Type": "Sort","Parent Relationship": "Outer","Parallel Aware": false,"Async Capable": false,"Startup Cost": 147378.77,"Total Cost": 147378.78,"Plan Rows": 1,"Plan Width": 26,"Actual Startup Time": 509.594,"Actual Total Time": 529.267,"Actual Rows": 4090,"Actual Loops": 1,"Sort Key": ["supplier.s_name"],"Sort Method": "quicksort","Sort Space Used": 384,"Sort Space Type": "Memory","Plans": [{"Node Type": "Nested Loop","Parent Relationship": "Outer","Parallel Aware": false,"Async Capable": false,"Join Type": "Inner","Startup Cost": 1250.87,"Total Cost": 147378.76,"Plan Rows": 1,"Plan Width": 26,"Actual Startup Time": 4.580,"Actual Total Time": 518.201,"Actual Rows": 4090,"Actual Loops": 1,"Inner Unique": true,"Plans": [{"Node Type": "Nested Loop","Parent Relationship": "Outer","Parallel Aware": false,"Async Capable": false,"Join Type": "Semi","Startup Cost": 1250.44,"Total Cost": 147378.26,"Plan Rows": 1,"Plan Width": 34,"Actual Startup Time": 4.545,"Actual Total Time": 454.390,"Actual Rows": 8430,"Actual Loops": 1,"Inner Unique": false,"Plans": [{"Node Type": "Gather","Parent Relationship": "Outer","Parallel Aware": false,"Async Capable": false,"Startup Cost": 1250.01,"Total Cost": 147377.22,"Plan Rows": 1,"Plan Width": 34,"Actual Startup Time": 4.342,"Actual Total Time": 344.810,"Actual Rows": 14089,"Actual Loops": 1,"Workers Planned": 4,"Workers Launched": 4,"Single Copy": false,"Plans": [{"Node Type": "Nested Loop","Parent Relationship": "Outer","Parallel Aware": false,"Async Capable": false,"Join Type": "Anti","Startup Cost": 250.01,"Total Cost": 146377.12,"Plan Rows": 1,"Plan Width": 34,"Actual Startup Time": 5.491,"Actual Total Time": 451.438,"Actual Rows": 2818,"Actual Loops": 5,"Inner Unique": false,"Workers": [],"Plans": [{"Node Type": "Hash Join","Parent Relationship": "Outer","Parallel Aware": false,"Async Capable": false,"Join Type": "Inner","Startup Cost": 249.58,"Total Cost": 133581.65,"Plan Rows": 19990,"Plan Width": 34,"Actual Startup Time": 5.196,"Actual Total Time": 357.512,"Actual Rows": 31960,"Actual Loops": 5,"Inner Unique": false,"Hash Cond": "(l1.l_suppkey = supplier.s_suppkey)","Workers": [],"Plans": [{"Node Type": "Seq Scan","Parent Relationship": "Outer","Parallel Aware": true,"Async Capable": false,"Relation Name": "lineitem","Alias": "l1","Startup Cost": 0.00,"Total Cost": 131256.80,"Plan Rows": 500101,"Plan Width": 8,"Actual Startup Time": 0.027,"Actual Total Time": 305.923,"Actual Rows": 758659,"Actual Loops": 5,"Filter": "(l_receiptdate > l_commitdate)","Rows Removed by Filter": 441584,"Workers": []},{"Node Type": "Hash","Parent Relationship": "Inner","Parallel Aware": false,"Async Capable": false,"Startup Cost": 244.58,"Total Cost": 244.58,"Plan Rows": 400,"Plan Width": 30,"Actual Startup Time": 4.831,"Actual Total Time": 4.844,"Actual Rows": 420,"Actual Loops": 5,"Hash Buckets": 1024,"Original Hash Buckets": 1024,"Hash Batches": 1,"Original Hash Batches": 1,"Peak Memory Usage": 35,"Workers": [],"Plans": [{"Node Type": "Nested Loop","Parent Relationship": "Outer","Parallel Aware": false,"Async Capable": false,"Join Type": "Inner","Startup Cost": 7.38,"Total Cost": 244.58,"Plan Rows": 400,"Plan Width": 30,"Actual Startup Time": 0.275,"Actual Total Time": 4.655,"Actual Rows": 420,"Actual Loops": 5,"Inner Unique": false,"Workers": [],"Plans": [{"Node Type": "Seq Scan","Parent Relationship": "Outer","Parallel Aware": false,"Async Capable": false,"Relation Name": "nation","Alias": "nation","Startup Cost": 0.00,"Total Cost": 1.31,"Plan Rows": 1,"Plan Width": 4,"Actual Startup Time": 0.047,"Actual Total Time": 0.057,"Actual Rows": 1,"Actual Loops": 5,"Filter": "(n_name = 'ALGERIA'::bpchar)","Rows Removed by Filter": 24,"Workers": []},{"Node Type": "Bitmap Heap Scan","Parent Relationship": "Inner","Parallel Aware": false,"Async Capable": false,"Relation Name": "supplier","Alias": "supplier","Startup Cost": 7.38,"Total Cost": 239.27,"Plan Rows": 400,"Plan Width": 34,"Actual Startup Time": 0.222,"Actual Total Time": 4.505,"Actual Rows": 420,"Actual Loops": 5,"Recheck Cond": "(s_nationkey = nation.n_nationkey)","Rows Removed by Index Recheck": 0,"Exact Heap Blocks": 197,"Lossy Heap Blocks": 0,"Workers": [],"Plans": [{"Node Type": "Bitmap Index Scan","Parent Relationship": "Outer","Parallel Aware": false,"Async Capable": false,"Index Name": "idx_supplier_nation_key","Startup Cost": 0.00,"Total Cost": 7.29,"Plan Rows": 400,"Plan Width": 0,"Actual Startup Time": 0.137,"Actual Total Time": 0.140,"Actual Rows": 420,"Actual Loops": 5,"Index Cond": "(s_nationkey = nation.n_nationkey)","Workers": []}]}]}]}]},{"Node Type": "Index Scan","Parent Relationship": "Inner","Parallel Aware": false,"Async Capable": false,"Scan Direction": "Forward","Index Name": "idx_lineitem_orderkey","Relation Name": "lineitem","Alias": "l3","Startup Cost": 0.43,"Total Cost": 1.06,"Plan Rows": 6,"Plan Width": 8,"Actual Startup Time": 0.003,"Actual Total Time": 0.003,"Actual Rows": 1,"Actual Loops": 159800,"Index Cond": "(l_orderkey = l1.l_orderkey)","Rows Removed by Index Recheck": 0,"Filter": "((l_receiptdate > l_commitdate) AND (l_suppkey <> l1.l_suppkey))","Rows Removed by Filter": 1,"Workers": []}]}]},{"Node Type": "Index Scan","Parent Relationship": "Inner","Parallel Aware": false,"Async Capable": false,"Scan Direction": "Forward","Index Name": "idx_lineitem_orderkey","Relation Name": "lineitem","Alias": "l2","Startup Cost": 0.43,"Total Cost": 1.02,"Plan Rows": 17,"Plan Width": 8,"Actual Startup Time": 0.007,"Actual Total Time": 0.007,"Actual Rows": 1,"Actual Loops": 14089,"Index Cond": "(l_orderkey = l1.l_orderkey)","Rows Removed by Index Recheck": 0,"Filter": "(l_suppkey <> l1.l_suppkey)","Rows Removed by Filter": 1}]},{"Node Type": "Index Scan","Parent Relationship": "Inner","Parallel Aware": false,"Async Capable": false,"Scan Direction": "Forward","Index Name": "orders_pkey","Relation Name": "orders","Alias": "orders","Startup Cost": 0.43,"Total Cost": 0.51,"Plan Rows": 1,"Plan Width": 4,"Actual Startup Time": 0.007,"Actual Total Time": 0.007,"Actual Rows": 0,"Actual Loops": 8430,"Index Cond": "(o_orderkey = l1.l_orderkey)","Rows Removed by Index Recheck": 0,"Filter": "(o_orderstatus = 'F'::bpchar)","Rows Removed by Filter": 1}]}]}]}]},"Planning Time": 9.770,"Triggers": [],"Execution Time": 531.084}]
[{"Plan": {"Node Type": "Sort","Parallel Aware": false,"Async Capable": false,"Startup Cost": 147378.80,"Total Cost": 147378.81,"Plan Rows": 1,"Plan Width": 34,"Actual Startup Time": 509.264,"Actual Total Time": 527.696,"Actual Rows": 421,"Actual Loops": 1,"Sort Key": ["(count(*)) DESC", "supplier.s_name"],"Sort Method": "quicksort","Sort Space Used": 57,"Sort Space Type": "Memory","Plans": [{"Node Type": "Aggregate","Strategy": "Sorted","Partial Mode": "Simple","Parent Relationship": "Outer","Parallel Aware": false,"Async Capable": false,"Startup Cost": 147378.77,"Total Cost": 147378.79,"Plan Rows": 1,"Plan Width": 34,"Actual Startup Time": 507.941,"Actual Total Time": 526.990,"Actual Rows": 421,"Actual Loops": 1,"Group Key": ["supplier.s_name"],"Plans": [{"Node Type": "Sort","Parent Relationship": "Outer","Parallel Aware": false,"Async Capable": false,"Startup Cost": 147378.77,"Total Cost": 147378.78,"Plan Rows": 1,"Plan Width": 26,"Actual Startup Time": 507.919,"Actual Total Time": 526.540,"Actual Rows": 4227,"Actual Loops": 1,"Sort Key": ["supplier.s_name"],"Sort Method": "quicksort","Sort Space Used": 490,"Sort Space Type": "Memory","Plans": [{"Node Type": "Nested Loop","Parent Relationship": "Outer","Parallel Aware": false,"Async Capable": false,"Join Type": "Inner","Startup Cost": 1250.87,"Total Cost": 147378.76,"Plan Rows": 1,"Plan Width": 26,"Actual Startup Time": 5.396,"Actual Total Time": 515.076,"Actual Rows": 4227,"Actual Loops": 1,"Inner Unique": true,"Plans": [{"Node Type": "Nested Loop","Parent Relationship": "Outer","Parallel Aware": false,"Async Capable": false,"Join Type": "Semi","Startup Cost": 1250.44,"Total Cost": 147378.26,"Plan Rows": 1,"Plan Width": 34,"Actual Startup Time": 5.356,"Actual Total Time": 448.186,"Actual Rows": 8678,"Actual Loops": 1,"Inner Unique": false,"Plans": [{"Node Type": "Gather","Parent Relationship": "Outer","Parallel Aware": false,"Async Capable": false,"Startup Cost": 1250.01,"Total Cost": 147377.22,"Plan Rows": 1,"Plan Width": 34,"Actual Startup Time": 5.315,"Actual Total Time": 333.619,"Actual Rows": 14289,"Actual Loops": 1,"Workers Planned": 4,"Workers Launched": 4,"Single Copy": false,"Plans": [{"Node Type": "Nested Loop","Parent Relationship": "Outer","Parallel Aware": false,"Async Capable": false,"Join Type": "Anti","Startup Cost": 250.01,"Total Cost": 146377.12,"Plan Rows": 1,"Plan Width": 34,"Actual Startup Time": 5.155,"Actual Total Time": 447.803,"Actual Rows": 2858,"Actual Loops": 5,"Inner Unique": false,"Workers": [],"Plans": [{"Node Type": "Hash Join","Parent Relationship": "Outer","Parallel Aware": false,"Async Capable": false,"Join Type": "Inner","Startup Cost": 249.58,"Total Cost": 133581.65,"Plan Rows": 19990,"Plan Width": 34,"Actual Startup Time": 4.679,"Actual Total Time": 355.100,"Actual Rows": 31833,"Actual Loops": 5,"Inner Unique": false,"Hash Cond": "(l1.l_suppkey = supplier.s_suppkey)","Workers": [],"Plans": [{"Node Type": "Seq Scan","Parent Relationship": "Outer","Parallel Aware": true,"Async Capable": false,"Relation Name": "lineitem","Alias": "l1","Startup Cost": 0.00,"Total Cost": 131256.80,"Plan Rows": 500101,"Plan Width": 8,"Actual Startup Time": 0.028,"Actual Total Time": 302.880,"Actual Rows": 758659,"Actual Loops": 5,"Filter": "(l_receiptdate > l_commitdate)","Rows Removed by Filter": 441584,"Workers": []},{"Node Type": "Hash","Parent Relationship": "Inner","Parallel Aware": false,"Async Capable": false,"Startup Cost": 244.58,"Total Cost": 244.58,"Plan Rows": 400,"Plan Width": 30,"Actual Startup Time": 4.328,"Actual Total Time": 4.340,"Actual Rows": 421,"Actual Loops": 5,"Hash Buckets": 1024,"Original Hash Buckets": 1024,"Hash Batches": 1,"Original Hash Batches": 1,"Peak Memory Usage": 35,"Workers": [],"Plans": [{"Node Type": "Nested Loop","Parent Relationship": "Outer","Parallel Aware": false,"Async Capable": false,"Join Type": "Inner","Startup Cost": 7.38,"Total Cost": 244.58,"Plan Rows": 400,"Plan Width": 30,"Actual Startup Time": 0.319,"Actual Total Time": 4.167,"Actual Rows": 421,"Actual Loops": 5,"Inner Unique": false,"Workers": [],"Plans": [{"Node Type": "Seq Scan","Parent Relationship": "Outer","Parallel Aware": false,"Async Capable": false,"Relation Name": "nation","Alias": "nation","Startup Cost": 0.00,"Total Cost": 1.31,"Plan Rows": 1,"Plan Width": 4,"Actual Startup Time": 0.061,"Actual Total Time": 0.065,"Actual Rows": 1,"Actual Loops": 5,"Filter": "(n_name = 'PERU'::bpchar)","Rows Removed by Filter": 24,"Workers": []},{"Node Type": "Bitmap Heap Scan","Parent Relationship": "Inner","Parallel Aware": false,"Async Capable": false,"Relation Name": "supplier","Alias": "supplier","Startup Cost": 7.38,"Total Cost": 239.27,"Plan Rows": 400,"Plan Width": 34,"Actual Startup Time": 0.253,"Actual Total Time": 4.010,"Actual Rows": 421,"Actual Loops": 5,"Recheck Cond": "(s_nationkey = nation.n_nationkey)","Rows Removed by Index Recheck": 0,"Exact Heap Blocks": 187,"Lossy Heap Blocks": 0,"Workers": [],"Plans": [{"Node Type": "Bitmap Index Scan","Parent Relationship": "Outer","Parallel Aware": false,"Async Capable": false,"Index Name": "idx_supplier_nation_key","Startup Cost": 0.00,"Total Cost": 7.29,"Plan Rows": 400,"Plan Width": 0,"Actual Startup Time": 0.167,"Actual Total Time": 0.169,"Actual Rows": 421,"Actual Loops": 5,"Index Cond": "(s_nationkey = nation.n_nationkey)","Workers": []}]}]}]}]},{"Node Type": "Index Scan","Parent Relationship": "Inner","Parallel Aware": false,"Async Capable": false,"Scan Direction": "Forward","Index Name": "idx_lineitem_orderkey","Relation Name": "lineitem","Alias": "l3","Startup Cost": 0.43,"Total Cost": 1.06,"Plan Rows": 6,"Plan Width": 8,"Actual Startup Time": 0.003,"Actual Total Time": 0.003,"Actual Rows": 1,"Actual Loops": 159165,"Index Cond": "(l_orderkey = l1.l_orderkey)","Rows Removed by Index Recheck": 0,"Filter": "((l_receiptdate > l_commitdate) AND (l_suppkey <> l1.l_suppkey))","Rows Removed by Filter": 1,"Workers": []}]}]},{"Node Type": "Index Scan","Parent Relationship": "Inner","Parallel Aware": false,"Async Capable": false,"Scan Direction": "Forward","Index Name": "idx_lineitem_orderkey","Relation Name": "lineitem","Alias": "l2","Startup Cost": 0.43,"Total Cost": 1.02,"Plan Rows": 17,"Plan Width": 8,"Actual Startup Time": 0.008,"Actual Total Time": 0.008,"Actual Rows": 1,"Actual Loops": 14289,"Index Cond": "(l_orderkey = l1.l_orderkey)","Rows Removed by Index Recheck": 0,"Filter": "(l_suppkey <> l1.l_suppkey)","Rows Removed by Filter": 1}]},{"Node Type": "Index Scan","Parent Relationship": "Inner","Parallel Aware": false,"Async Capable": false,"Scan Direction": "Forward","Index Name": "orders_pkey","Relation Name": "orders","Alias": "orders","Startup Cost": 0.43,"Total Cost": 0.51,"Plan Rows": 1,"Plan Width": 4,"Actual Startup Time": 0.007,"Actual Total Time": 0.007,"Actual Rows": 0,"Actual Loops": 8678,"Index Cond": "(o_orderkey = l1.l_orderkey)","Rows Removed by Index Recheck": 0,"Filter": "(o_orderstatus = 'F'::bpchar)","Rows Removed by Filter": 1}]}]}]}]},"Planning Time": 8.374,"Triggers": [],"Execution Time": 528.458}]
[{"Plan": {"Node Type": "Sort","Parallel Aware": false,"Async Capable": false,"Startup Cost": 147378.80,"Total Cost": 147378.81,"Plan Rows": 1,"Plan Width": 34,"Actual Startup Time": 499.004,"Actual Total Time": 520.055,"Actual Rows": 399,"Actual Loops": 1,"Sort Key": ["(count(*)) DESC", "supplier.s_name"],"Sort Method": "quicksort","Sort Space Used": 56,"Sort Space Type": "Memory","Plans": [{"Node Type": "Aggregate","Strategy": "Sorted","Partial Mode": "Simple","Parent Relationship": "Outer","Parallel Aware": false,"Async Capable": false,"Startup Cost": 147378.77,"Total Cost": 147378.79,"Plan Rows": 1,"Plan Width": 34,"Actual Startup Time": 497.768,"Actual Total Time": 519.326,"Actual Rows": 399,"Actual Loops": 1,"Group Key": ["supplier.s_name"],"Plans": [{"Node Type": "Sort","Parent Relationship": "Outer","Parallel Aware": false,"Async Capable": false,"Startup Cost": 147378.77,"Total Cost": 147378.78,"Plan Rows": 1,"Plan Width": 26,"Actual Startup Time": 497.754,"Actual Total Time": 518.925,"Actual Rows": 3901,"Actual Loops": 1,"Sort Key": ["supplier.s_name"],"Sort Method": "quicksort","Sort Space Used": 371,"Sort Space Type": "Memory","Plans": [{"Node Type": "Nested Loop","Parent Relationship": "Outer","Parallel Aware": false,"Async Capable": false,"Join Type": "Inner","Startup Cost": 1250.87,"Total Cost": 147378.76,"Plan Rows": 1,"Plan Width": 26,"Actual Startup Time": 5.425,"Actual Total Time": 507.475,"Actual Rows": 3901,"Actual Loops": 1,"Inner Unique": true,"Plans": [{"Node Type": "Nested Loop","Parent Relationship": "Outer","Parallel Aware": false,"Async Capable": false,"Join Type": "Semi","Startup Cost": 1250.44,"Total Cost": 147378.26,"Plan Rows": 1,"Plan Width": 34,"Actual Startup Time": 5.049,"Actual Total Time": 443.858,"Actual Rows": 7909,"Actual Loops": 1,"Inner Unique": false,"Plans": [{"Node Type": "Gather","Parent Relationship": "Outer","Parallel Aware": false,"Async Capable": false,"Startup Cost": 1250.01,"Total Cost": 147377.22,"Plan Rows": 1,"Plan Width": 34,"Actual Startup Time": 4.716,"Actual Total Time": 337.054,"Actual Rows": 13313,"Actual Loops": 1,"Workers Planned": 4,"Workers Launched": 4,"Single Copy": false,"Plans": [{"Node Type": "Nested Loop","Parent Relationship": "Outer","Parallel Aware": false,"Async Capable": false,"Join Type": "Anti","Startup Cost": 250.01,"Total Cost": 146377.12,"Plan Rows": 1,"Plan Width": 34,"Actual Startup Time": 4.762,"Actual Total Time": 442.169,"Actual Rows": 2663,"Actual Loops": 5,"Inner Unique": false,"Workers": [],"Plans": [{"Node Type": "Hash Join","Parent Relationship": "Outer","Parallel Aware": false,"Async Capable": false,"Join Type": "Inner","Startup Cost": 249.58,"Total Cost": 133581.65,"Plan Rows": 19990,"Plan Width": 34,"Actual Startup Time": 4.517,"Actual Total Time": 353.941,"Actual Rows": 30247,"Actual Loops": 5,"Inner Unique": false,"Hash Cond": "(l1.l_suppkey = supplier.s_suppkey)","Workers": [],"Plans": [{"Node Type": "Seq Scan","Parent Relationship": "Outer","Parallel Aware": true,"Async Capable": false,"Relation Name": "lineitem","Alias": "l1","Startup Cost": 0.00,"Total Cost": 131256.80,"Plan Rows": 500101,"Plan Width": 8,"Actual Startup Time": 0.021,"Actual Total Time": 302.084,"Actual Rows": 758659,"Actual Loops": 5,"Filter": "(l_receiptdate > l_commitdate)","Rows Removed by Filter": 441584,"Workers": []},{"Node Type": "Hash","Parent Relationship": "Inner","Parallel Aware": false,"Async Capable": false,"Startup Cost": 244.58,"Total Cost": 244.58,"Plan Rows": 400,"Plan Width": 30,"Actual Startup Time": 4.286,"Actual Total Time": 4.296,"Actual Rows": 399,"Actual Loops": 5,"Hash Buckets": 1024,"Original Hash Buckets": 1024,"Hash Batches": 1,"Original Hash Batches": 1,"Peak Memory Usage": 33,"Workers": [],"Plans": [{"Node Type": "Nested Loop","Parent Relationship": "Outer","Parallel Aware": false,"Async Capable": false,"Join Type": "Inner","Startup Cost": 7.38,"Total Cost": 244.58,"Plan Rows": 400,"Plan Width": 30,"Actual Startup Time": 0.243,"Actual Total Time": 4.128,"Actual Rows": 399,"Actual Loops": 5,"Inner Unique": false,"Workers": [],"Plans": [{"Node Type": "Seq Scan","Parent Relationship": "Outer","Parallel Aware": false,"Async Capable": false,"Relation Name": "nation","Alias": "nation","Startup Cost": 0.00,"Total Cost": 1.31,"Plan Rows": 1,"Plan Width": 4,"Actual Startup Time": 0.049,"Actual Total Time": 0.051,"Actual Rows": 1,"Actual Loops": 5,"Filter": "(n_name = 'VIETNAM'::bpchar)","Rows Removed by Filter": 24,"Workers": []},{"Node Type": "Bitmap Heap Scan","Parent Relationship": "Inner","Parallel Aware": false,"Async Capable": false,"Relation Name": "supplier","Alias": "supplier","Startup Cost": 7.38,"Total Cost": 239.27,"Plan Rows": 400,"Plan Width": 34,"Actual Startup Time": 0.189,"Actual Total Time": 4.007,"Actual Rows": 399,"Actual Loops": 5,"Recheck Cond": "(s_nationkey = nation.n_nationkey)","Rows Removed by Index Recheck": 0,"Exact Heap Blocks": 191,"Lossy Heap Blocks": 0,"Workers": [],"Plans": [{"Node Type": "Bitmap Index Scan","Parent Relationship": "Outer","Parallel Aware": false,"Async Capable": false,"Index Name": "idx_supplier_nation_key","Startup Cost": 0.00,"Total Cost": 7.29,"Plan Rows": 400,"Plan Width": 0,"Actual Startup Time": 0.123,"Actual Total Time": 0.125,"Actual Rows": 399,"Actual Loops": 5,"Index Cond": "(s_nationkey = nation.n_nationkey)","Workers": []}]}]}]}]},{"Node Type": "Index Scan","Parent Relationship": "Inner","Parallel Aware": false,"Async Capable": false,"Scan Direction": "Forward","Index Name": "idx_lineitem_orderkey","Relation Name": "lineitem","Alias": "l3","Startup Cost": 0.43,"Total Cost": 1.06,"Plan Rows": 6,"Plan Width": 8,"Actual Startup Time": 0.003,"Actual Total Time": 0.003,"Actual Rows": 1,"Actual Loops": 151237,"Index Cond": "(l_orderkey = l1.l_orderkey)","Rows Removed by Index Recheck": 0,"Filter": "((l_receiptdate > l_commitdate) AND (l_suppkey <> l1.l_suppkey))","Rows Removed by Filter": 1,"Workers": []}]}]},{"Node Type": "Index Scan","Parent Relationship": "Inner","Parallel Aware": false,"Async Capable": false,"Scan Direction": "Forward","Index Name": "idx_lineitem_orderkey","Relation Name": "lineitem","Alias": "l2","Startup Cost": 0.43,"Total Cost": 1.02,"Plan Rows": 17,"Plan Width": 8,"Actual Startup Time": 0.008,"Actual Total Time": 0.008,"Actual Rows": 1,"Actual Loops": 13313,"Index Cond": "(l_orderkey = l1.l_orderkey)","Rows Removed by Index Recheck": 0,"Filter": "(l_suppkey <> l1.l_suppkey)","Rows Removed by Filter": 1}]},{"Node Type": "Index Scan","Parent Relationship": "Inner","Parallel Aware": false,"Async Capable": false,"Scan Direction": "Forward","Index Name": "orders_pkey","Relation Name": "orders","Alias": "orders","Startup Cost": 0.43,"Total Cost": 0.51,"Plan Rows": 1,"Plan Width": 4,"Actual Startup Time": 0.008,"Actual Total Time": 0.008,"Actual Rows": 0,"Actual Loops": 7909,"Index Cond": "(o_orderkey = l1.l_orderkey)","Rows Removed by Index Recheck": 0,"Filter": "(o_orderstatus = 'F'::bpchar)","Rows Removed by Filter": 1}]}]}]}]},"Planning Time": 9.630,"Triggers": [],"Execution Time": 520.585}]
[{"Plan": {"Node Type": "Sort","Parallel Aware": false,"Async Capable": false,"Startup Cost": 147378.80,"Total Cost": 147378.81,"Plan Rows": 1,"Plan Width": 34,"Actual Startup Time": 492.880,"Actual Total Time": 511.387,"Actual Rows": 377,"Actual Loops": 1,"Sort Key": ["(count(*)) DESC", "supplier.s_name"],"Sort Method": "quicksort","Sort Space Used": 54,"Sort Space Type": "Memory","Plans": [{"Node Type": "Aggregate","Strategy": "Sorted","Partial Mode": "Simple","Parent Relationship": "Outer","Parallel Aware": false,"Async Capable": false,"Startup Cost": 147378.77,"Total Cost": 147378.79,"Plan Rows": 1,"Plan Width": 34,"Actual Startup Time": 491.719,"Actual Total Time": 510.711,"Actual Rows": 377,"Actual Loops": 1,"Group Key": ["supplier.s_name"],"Plans": [{"Node Type": "Sort","Parent Relationship": "Outer","Parallel Aware": false,"Async Capable": false,"Startup Cost": 147378.77,"Total Cost": 147378.78,"Plan Rows": 1,"Plan Width": 26,"Actual Startup Time": 491.689,"Actual Total Time": 510.309,"Actual Rows": 3707,"Actual Loops": 1,"Sort Key": ["supplier.s_name"],"Sort Method": "quicksort","Sort Space Used": 357,"Sort Space Type": "Memory","Plans": [{"Node Type": "Nested Loop","Parent Relationship": "Outer","Parallel Aware": false,"Async Capable": false,"Join Type": "Inner","Startup Cost": 1250.87,"Total Cost": 147378.76,"Plan Rows": 1,"Plan Width": 26,"Actual Startup Time": 4.620,"Actual Total Time": 499.542,"Actual Rows": 3707,"Actual Loops": 1,"Inner Unique": true,"Plans": [{"Node Type": "Nested Loop","Parent Relationship": "Outer","Parallel Aware": false,"Async Capable": false,"Join Type": "Semi","Startup Cost": 1250.44,"Total Cost": 147378.26,"Plan Rows": 1,"Plan Width": 34,"Actual Startup Time": 4.581,"Actual Total Time": 437.361,"Actual Rows": 7590,"Actual Loops": 1,"Inner Unique": false,"Plans": [{"Node Type": "Gather","Parent Relationship": "Outer","Parallel Aware": false,"Async Capable": false,"Startup Cost": 1250.01,"Total Cost": 147377.22,"Plan Rows": 1,"Plan Width": 34,"Actual Startup Time": 4.430,"Actual Total Time": 334.305,"Actual Rows": 12724,"Actual Loops": 1,"Workers Planned": 4,"Workers Launched": 4,"Single Copy": false,"Plans": [{"Node Type": "Nested Loop","Parent Relationship": "Outer","Parallel Aware": false,"Async Capable": false,"Join Type": "Anti","Startup Cost": 250.01,"Total Cost": 146377.12,"Plan Rows": 1,"Plan Width": 34,"Actual Startup Time": 5.283,"Actual Total Time": 435.218,"Actual Rows": 2545,"Actual Loops": 5,"Inner Unique": false,"Workers": [],"Plans": [{"Node Type": "Hash Join","Parent Relationship": "Outer","Parallel Aware": false,"Async Capable": false,"Join Type": "Inner","Startup Cost": 249.58,"Total Cost": 133581.65,"Plan Rows": 19990,"Plan Width": 34,"Actual Startup Time": 4.967,"Actual Total Time": 350.606,"Actual Rows": 28669,"Actual Loops": 5,"Inner Unique": false,"Hash Cond": "(l1.l_suppkey = supplier.s_suppkey)","Workers": [],"Plans": [{"Node Type": "Seq Scan","Parent Relationship": "Outer","Parallel Aware": true,"Async Capable": false,"Relation Name": "lineitem","Alias": "l1","Startup Cost": 0.00,"Total Cost": 131256.80,"Plan Rows": 500101,"Plan Width": 8,"Actual Startup Time": 0.028,"Actual Total Time": 300.375,"Actual Rows": 758659,"Actual Loops": 5,"Filter": "(l_receiptdate > l_commitdate)","Rows Removed by Filter": 441584,"Workers": []},{"Node Type": "Hash","Parent Relationship": "Inner","Parallel Aware": false,"Async Capable": false,"Startup Cost": 244.58,"Total Cost": 244.58,"Plan Rows": 400,"Plan Width": 30,"Actual Startup Time": 4.611,"Actual Total Time": 4.626,"Actual Rows": 377,"Actual Loops": 5,"Hash Buckets": 1024,"Original Hash Buckets": 1024,"Hash Batches": 1,"Original Hash Batches": 1,"Peak Memory Usage": 32,"Workers": [],"Plans": [{"Node Type": "Nested Loop","Parent Relationship": "Outer","Parallel Aware": false,"Async Capable": false,"Join Type": "Inner","Startup Cost": 7.38,"Total Cost": 244.58,"Plan Rows": 400,"Plan Width": 30,"Actual Startup Time": 0.296,"Actual Total Time": 4.444,"Actual Rows": 377,"Actual Loops": 5,"Inner Unique": false,"Workers": [],"Plans": [{"Node Type": "Seq Scan","Parent Relationship": "Outer","Parallel Aware": false,"Async Capable": false,"Relation Name": "nation","Alias": "nation","Startup Cost": 0.00,"Total Cost": 1.31,"Plan Rows": 1,"Plan Width": 4,"Actual Startup Time": 0.056,"Actual Total Time": 0.065,"Actual Rows": 1,"Actual Loops": 5,"Filter": "(n_name = 'JAPAN'::bpchar)","Rows Removed by Filter": 24,"Workers": []},{"Node Type": "Bitmap Heap Scan","Parent Relationship": "Inner","Parallel Aware": false,"Async Capable": false,"Relation Name": "supplier","Alias": "supplier","Startup Cost": 7.38,"Total Cost": 239.27,"Plan Rows": 400,"Plan Width": 34,"Actual Startup Time": 0.234,"Actual Total Time": 4.286,"Actual Rows": 377,"Actual Loops": 5,"Recheck Cond": "(s_nationkey = nation.n_nationkey)","Rows Removed by Index Recheck": 0,"Exact Heap Blocks": 180,"Lossy Heap Blocks": 0,"Workers": [],"Plans": [{"Node Type": "Bitmap Index Scan","Parent Relationship": "Outer","Parallel Aware": false,"Async Capable": false,"Index Name": "idx_supplier_nation_key","Startup Cost": 0.00,"Total Cost": 7.29,"Plan Rows": 400,"Plan Width": 0,"Actual Startup Time": 0.148,"Actual Total Time": 0.149,"Actual Rows": 377,"Actual Loops": 5,"Index Cond": "(s_nationkey = nation.n_nationkey)","Workers": []}]}]}]}]},{"Node Type": "Index Scan","Parent Relationship": "Inner","Parallel Aware": false,"Async Capable": false,"Scan Direction": "Forward","Index Name": "idx_lineitem_orderkey","Relation Name": "lineitem","Alias": "l3","Startup Cost": 0.43,"Total Cost": 1.06,"Plan Rows": 6,"Plan Width": 8,"Actual Startup Time": 0.003,"Actual Total Time": 0.003,"Actual Rows": 1,"Actual Loops": 143344,"Index Cond": "(l_orderkey = l1.l_orderkey)","Rows Removed by Index Recheck": 0,"Filter": "((l_receiptdate > l_commitdate) AND (l_suppkey <> l1.l_suppkey))","Rows Removed by Filter": 1,"Workers": []}]}]},{"Node Type": "Index Scan","Parent Relationship": "Inner","Parallel Aware": false,"Async Capable": false,"Scan Direction": "Forward","Index Name": "idx_lineitem_orderkey","Relation Name": "lineitem","Alias": "l2","Startup Cost": 0.43,"Total Cost": 1.02,"Plan Rows": 17,"Plan Width": 8,"Actual Startup Time": 0.008,"Actual Total Time": 0.008,"Actual Rows": 1,"Actual Loops": 12724,"Index Cond": "(l_orderkey = l1.l_orderkey)","Rows Removed by Index Recheck": 0,"Filter": "(l_suppkey <> l1.l_suppkey)","Rows Removed by Filter": 1}]},{"Node Type": "Index Scan","Parent Relationship": "Inner","Parallel Aware": false,"Async Capable": false,"Scan Direction": "Forward","Index Name": "orders_pkey","Relation Name": "orders","Alias": "orders","Startup Cost": 0.43,"Total Cost": 0.51,"Plan Rows": 1,"Plan Width": 4,"Actual Startup Time": 0.008,"Actual Total Time": 0.008,"Actual Rows": 0,"Actual Loops": 7590,"Index Cond": "(o_orderkey = l1.l_orderkey)","Rows Removed by Index Recheck": 0,"Filter": "(o_orderstatus = 'F'::bpchar)","Rows Removed by Filter": 1}]}]}]}]},"Planning Time": 9.583,"Triggers": [],"Execution Time": 511.800}]
[{"Plan": {"Node Type": "Sort","Parallel Aware": false,"Async Capable": false,"Startup Cost": 147378.80,"Total Cost": 147378.81,"Plan Rows": 1,"Plan Width": 34,"Actual Startup Time": 505.815,"Actual Total Time": 525.309,"Actual Rows": 390,"Actual Loops": 1,"Sort Key": ["(count(*)) DESC", "supplier.s_name"],"Sort Method": "quicksort","Sort Space Used": 55,"Sort Space Type": "Memory","Plans": [{"Node Type": "Aggregate","Strategy": "Sorted","Partial Mode": "Simple","Parent Relationship": "Outer","Parallel Aware": false,"Async Capable": false,"Startup Cost": 147378.77,"Total Cost": 147378.79,"Plan Rows": 1,"Plan Width": 34,"Actual Startup Time": 504.634,"Actual Total Time": 524.620,"Actual Rows": 390,"Actual Loops": 1,"Group Key": ["supplier.s_name"],"Plans": [{"Node Type": "Sort","Parent Relationship": "Outer","Parallel Aware": false,"Async Capable": false,"Startup Cost": 147378.77,"Total Cost": 147378.78,"Plan Rows": 1,"Plan Width": 26,"Actual Startup Time": 504.612,"Actual Total Time": 524.224,"Actual Rows": 3844,"Actual Loops": 1,"Sort Key": ["supplier.s_name"],"Sort Method": "quicksort","Sort Space Used": 367,"Sort Space Type": "Memory","Plans": [{"Node Type": "Nested Loop","Parent Relationship": "Outer","Parallel Aware": false,"Async Capable": false,"Join Type": "Inner","Startup Cost": 1250.87,"Total Cost": 147378.76,"Plan Rows": 1,"Plan Width": 26,"Actual Startup Time": 4.787,"Actual Total Time": 512.994,"Actual Rows": 3844,"Actual Loops": 1,"Inner Unique": true,"Plans": [{"Node Type": "Nested Loop","Parent Relationship": "Outer","Parallel Aware": false,"Async Capable": false,"Join Type": "Semi","Startup Cost": 1250.44,"Total Cost": 147378.26,"Plan Rows": 1,"Plan Width": 34,"Actual Startup Time": 4.747,"Actual Total Time": 447.855,"Actual Rows": 7892,"Actual Loops": 1,"Inner Unique": false,"Plans": [{"Node Type": "Gather","Parent Relationship": "Outer","Parallel Aware": false,"Async Capable": false,"Startup Cost": 1250.01,"Total Cost": 147377.22,"Plan Rows": 1,"Plan Width": 34,"Actual Startup Time": 4.560,"Actual Total Time": 339.834,"Actual Rows": 13152,"Actual Loops": 1,"Workers Planned": 4,"Workers Launched": 4,"Single Copy": false,"Plans": [{"Node Type": "Nested Loop","Parent Relationship": "Outer","Parallel Aware": false,"Async Capable": false,"Join Type": "Anti","Startup Cost": 250.01,"Total Cost": 146377.12,"Plan Rows": 1,"Plan Width": 34,"Actual Startup Time": 5.683,"Actual Total Time": 445.299,"Actual Rows": 2630,"Actual Loops": 5,"Inner Unique": false,"Workers": [],"Plans": [{"Node Type": "Hash Join","Parent Relationship": "Outer","Parallel Aware": false,"Async Capable": false,"Join Type": "Inner","Startup Cost": 249.58,"Total Cost": 133581.65,"Plan Rows": 19990,"Plan Width": 34,"Actual Startup Time": 5.525,"Actual Total Time": 357.256,"Actual Rows": 29502,"Actual Loops": 5,"Inner Unique": false,"Hash Cond": "(l1.l_suppkey = supplier.s_suppkey)","Workers": [],"Plans": [{"Node Type": "Seq Scan","Parent Relationship": "Outer","Parallel Aware": true,"Async Capable": false,"Relation Name": "lineitem","Alias": "l1","Startup Cost": 0.00,"Total Cost": 131256.80,"Plan Rows": 500101,"Plan Width": 8,"Actual Startup Time": 0.033,"Actual Total Time": 305.756,"Actual Rows": 758659,"Actual Loops": 5,"Filter": "(l_receiptdate > l_commitdate)","Rows Removed by Filter": 441584,"Workers": []},{"Node Type": "Hash","Parent Relationship": "Inner","Parallel Aware": false,"Async Capable": false,"Startup Cost": 244.58,"Total Cost": 244.58,"Plan Rows": 400,"Plan Width": 30,"Actual Startup Time": 5.155,"Actual Total Time": 5.167,"Actual Rows": 390,"Actual Loops": 5,"Hash Buckets": 1024,"Original Hash Buckets": 1024,"Hash Batches": 1,"Original Hash Batches": 1,"Peak Memory Usage": 33,"Workers": [],"Plans": [{"Node Type": "Nested Loop","Parent Relationship": "Outer","Parallel Aware": false,"Async Capable": false,"Join Type": "Inner","Startup Cost": 7.38,"Total Cost": 244.58,"Plan Rows": 400,"Plan Width": 30,"Actual Startup Time": 0.295,"Actual Total Time": 4.960,"Actual Rows": 390,"Actual Loops": 5,"Inner Unique": false,"Workers": [],"Plans": [{"Node Type": "Seq Scan","Parent Relationship": "Outer","Parallel Aware": false,"Async Capable": false,"Relation Name": "nation","Alias": "nation","Startup Cost": 0.00,"Total Cost": 1.31,"Plan Rows": 1,"Plan Width": 4,"Actual Startup Time": 0.065,"Actual Total Time": 0.070,"Actual Rows": 1,"Actual Loops": 5,"Filter": "(n_name = 'UNITED KINGDOM'::bpchar)","Rows Removed by Filter": 24,"Workers": []},{"Node Type": "Bitmap Heap Scan","Parent Relationship": "Inner","Parallel Aware": false,"Async Capable": false,"Relation Name": "supplier","Alias": "supplier","Startup Cost": 7.38,"Total Cost": 239.27,"Plan Rows": 400,"Plan Width": 34,"Actual Startup Time": 0.224,"Actual Total Time": 4.798,"Actual Rows": 390,"Actual Loops": 5,"Recheck Cond": "(s_nationkey = nation.n_nationkey)","Rows Removed by Index Recheck": 0,"Exact Heap Blocks": 190,"Lossy Heap Blocks": 0,"Workers": [],"Plans": [{"Node Type": "Bitmap Index Scan","Parent Relationship": "Outer","Parallel Aware": false,"Async Capable": false,"Index Name": "idx_supplier_nation_key","Startup Cost": 0.00,"Total Cost": 7.29,"Plan Rows": 400,"Plan Width": 0,"Actual Startup Time": 0.138,"Actual Total Time": 0.139,"Actual Rows": 390,"Actual Loops": 5,"Index Cond": "(s_nationkey = nation.n_nationkey)","Workers": []}]}]}]}]},{"Node Type": "Index Scan","Parent Relationship": "Inner","Parallel Aware": false,"Async Capable": false,"Scan Direction": "Forward","Index Name": "idx_lineitem_orderkey","Relation Name": "lineitem","Alias": "l3","Startup Cost": 0.43,"Total Cost": 1.06,"Plan Rows": 6,"Plan Width": 8,"Actual Startup Time": 0.003,"Actual Total Time": 0.003,"Actual Rows": 1,"Actual Loops": 147510,"Index Cond": "(l_orderkey = l1.l_orderkey)","Rows Removed by Index Recheck": 0,"Filter": "((l_receiptdate > l_commitdate) AND (l_suppkey <> l1.l_suppkey))","Rows Removed by Filter": 1,"Workers": []}]}]},{"Node Type": "Index Scan","Parent Relationship": "Inner","Parallel Aware": false,"Async Capable": false,"Scan Direction": "Forward","Index Name": "idx_lineitem_orderkey","Relation Name": "lineitem","Alias": "l2","Startup Cost": 0.43,"Total Cost": 1.02,"Plan Rows": 17,"Plan Width": 8,"Actual Startup Time": 0.008,"Actual Total Time": 0.008,"Actual Rows": 1,"Actual Loops": 13152,"Index Cond": "(l_orderkey = l1.l_orderkey)","Rows Removed by Index Recheck": 0,"Filter": "(l_suppkey <> l1.l_suppkey)","Rows Removed by Filter": 1}]},{"Node Type": "Index Scan","Parent Relationship": "Inner","Parallel Aware": false,"Async Capable": false,"Scan Direction": "Forward","Index Name": "orders_pkey","Relation Name": "orders","Alias": "orders","Startup Cost": 0.43,"Total Cost": 0.51,"Plan Rows": 1,"Plan Width": 4,"Actual Startup Time": 0.008,"Actual Total Time": 0.008,"Actual Rows": 0,"Actual Loops": 7892,"Index Cond": "(o_orderkey = l1.l_orderkey)","Rows Removed by Index Recheck": 0,"Filter": "(o_orderstatus = 'F'::bpchar)","Rows Removed by Filter": 1}]}]}]}]},"Planning Time": 10.043,"Triggers": [],"Execution Time": 525.836}]
[{"Plan": {"Node Type": "Sort","Parallel Aware": false,"Async Capable": false,"Startup Cost": 147378.80,"Total Cost": 147378.81,"Plan Rows": 1,"Plan Width": 34,"Actual Startup Time": 510.910,"Actual Total Time": 530.461,"Actual Rows": 420,"Actual Loops": 1,"Sort Key": ["(count(*)) DESC", "supplier.s_name"],"Sort Method": "quicksort","Sort Space Used": 57,"Sort Space Type": "Memory","Plans": [{"Node Type": "Aggregate","Strategy": "Sorted","Partial Mode": "Simple","Parent Relationship": "Outer","Parallel Aware": false,"Async Capable": false,"Startup Cost": 147378.77,"Total Cost": 147378.79,"Plan Rows": 1,"Plan Width": 34,"Actual Startup Time": 509.613,"Actual Total Time": 529.683,"Actual Rows": 420,"Actual Loops": 1,"Group Key": ["supplier.s_name"],"Plans": [{"Node Type": "Sort","Parent Relationship": "Outer","Parallel Aware": false,"Async Capable": false,"Startup Cost": 147378.77,"Total Cost": 147378.78,"Plan Rows": 1,"Plan Width": 26,"Actual Startup Time": 509.594,"Actual Total Time": 529.267,"Actual Rows": 4090,"Actual Loops": 1,"Sort Key": ["supplier.s_name"],"Sort Method": "quicksort","Sort Space Used": 384,"Sort Space Type": "Memory","Plans": [{"Node Type": "Nested Loop","Parent Relationship": "Outer","Parallel Aware": false,"Async Capable": false,"Join Type": "Inner","Startup Cost": 1250.87,"Total Cost": 147378.76,"Plan Rows": 1,"Plan Width": 26,"Actual Startup Time": 4.580,"Actual Total Time": 518.201,"Actual Rows": 4090,"Actual Loops": 1,"Inner Unique": true,"Plans": [{"Node Type": "Nested Loop","Parent Relationship": "Outer","Parallel Aware": false,"Async Capable": false,"Join Type": "Semi","Startup Cost": 1250.44,"Total Cost": 147378.26,"Plan Rows": 1,"Plan Width": 34,"Actual Startup Time": 4.545,"Actual Total Time": 454.390,"Actual Rows": 8430,"Actual Loops": 1,"Inner Unique": false,"Plans": [{"Node Type": "Gather","Parent Relationship": "Outer","Parallel Aware": false,"Async Capable": false,"Startup Cost": 1250.01,"Total Cost": 147377.22,"Plan Rows": 1,"Plan Width": 34,"Actual Startup Time": 4.342,"Actual Total Time": 344.810,"Actual Rows": 14089,"Actual Loops": 1,"Workers Planned": 4,"Workers Launched": 4,"Single Copy": false,"Plans": [{"Node Type": "Nested Loop","Parent Relationship": "Outer","Parallel Aware": false,"Async Capable": false,"Join Type": "Anti","Startup Cost": 250.01,"Total Cost": 146377.12,"Plan Rows": 1,"Plan Width": 34,"Actual Startup Time": 5.491,"Actual Total Time": 451.438,"Actual Rows": 2818,"Actual Loops": 5,"Inner Unique": false,"Workers": [],"Plans": [{"Node Type": "Hash Join","Parent Relationship": "Outer","Parallel Aware": false,"Async Capable": false,"Join Type": "Inner","Startup Cost": 249.58,"Total Cost": 133581.65,"Plan Rows": 19990,"Plan Width": 34,"Actual Startup Time": 5.196,"Actual Total Time": 357.512,"Actual Rows": 31960,"Actual Loops": 5,"Inner Unique": false,"Hash Cond": "(l1.l_suppkey = supplier.s_suppkey)","Workers": [],"Plans": [{"Node Type": "Seq Scan","Parent Relationship": "Outer","Parallel Aware": true,"Async Capable": false,"Relation Name": "lineitem","Alias": "l1","Startup Cost": 0.00,"Total Cost": 131256.80,"Plan Rows": 500101,"Plan Width": 8,"Actual Startup Time": 0.027,"Actual Total Time": 305.923,"Actual Rows": 758659,"Actual Loops": 5,"Filter": "(l_receiptdate > l_commitdate)","Rows Removed by Filter": 441584,"Workers": []},{"Node Type": "Hash","Parent Relationship": "Inner","Parallel Aware": false,"Async Capable": false,"Startup Cost": 244.58,"Total Cost": 244.58,"Plan Rows": 400,"Plan Width": 30,"Actual Startup Time": 4.831,"Actual Total Time": 4.844,"Actual Rows": 420,"Actual Loops": 5,"Hash Buckets": 1024,"Original Hash Buckets": 1024,"Hash Batches": 1,"Original Hash Batches": 1,"Peak Memory Usage": 35,"Workers": [],"Plans": [{"Node Type": "Nested Loop","Parent Relationship": "Outer","Parallel Aware": false,"Async Capable": false,"Join Type": "Inner","Startup Cost": 7.38,"Total Cost": 244.58,"Plan Rows": 400,"Plan Width": 30,"Actual Startup Time": 0.275,"Actual Total Time": 4.655,"Actual Rows": 420,"Actual Loops": 5,"Inner Unique": false,"Workers": [],"Plans": [{"Node Type": "Seq Scan","Parent Relationship": "Outer","Parallel Aware": false,"Async Capable": false,"Relation Name": "nation","Alias": "nation","Startup Cost": 0.00,"Total Cost": 1.31,"Plan Rows": 1,"Plan Width": 4,"Actual Startup Time": 0.047,"Actual Total Time": 0.057,"Actual Rows": 1,"Actual Loops": 5,"Filter": "(n_name = 'ALGERIA'::bpchar)","Rows Removed by Filter": 24,"Workers": []},{"Node Type": "Bitmap Heap Scan","Parent Relationship": "Inner","Parallel Aware": false,"Async Capable": false,"Relation Name": "supplier","Alias": "supplier","Startup Cost": 7.38,"Total Cost": 239.27,"Plan Rows": 400,"Plan Width": 34,"Actual Startup Time": 0.222,"Actual Total Time": 4.505,"Actual Rows": 420,"Actual Loops": 5,"Recheck Cond": "(s_nationkey = nation.n_nationkey)","Rows Removed by Index Recheck": 0,"Exact Heap Blocks": 197,"Lossy Heap Blocks": 0,"Workers": [],"Plans": [{"Node Type": "Bitmap Index Scan","Parent Relationship": "Outer","Parallel Aware": false,"Async Capable": false,"Index Name": "idx_supplier_nation_key","Startup Cost": 0.00,"Total Cost": 7.29,"Plan Rows": 400,"Plan Width": 0,"Actual Startup Time": 0.137,"Actual Total Time": 0.140,"Actual Rows": 420,"Actual Loops": 5,"Index Cond": "(s_nationkey = nation.n_nationkey)","Workers": []}]}]}]}]},{"Node Type": "Index Scan","Parent Relationship": "Inner","Parallel Aware": false,"Async Capable": false,"Scan Direction": "Forward","Index Name": "idx_lineitem_orderkey","Relation Name": "lineitem","Alias": "l3","Startup Cost": 0.43,"Total Cost": 1.06,"Plan Rows": 6,"Plan Width": 8,"Actual Startup Time": 0.003,"Actual Total Time": 0.003,"Actual Rows": 1,"Actual Loops": 159800,"Index Cond": "(l_orderkey = l1.l_orderkey)","Rows Removed by Index Recheck": 0,"Filter": "((l_receiptdate > l_commitdate) AND (l_suppkey <> l1.l_suppkey))","Rows Removed by Filter": 1,"Workers": []}]}]},{"Node Type": "Index Scan","Parent Relationship": "Inner","Parallel Aware": false,"Async Capable": false,"Scan Direction": "Forward","Index Name": "idx_lineitem_orderkey","Relation Name": "lineitem","Alias": "l2","Startup Cost": 0.43,"Total Cost": 1.02,"Plan Rows": 17,"Plan Width": 8,"Actual Startup Time": 0.007,"Actual Total Time": 0.007,"Actual Rows": 1,"Actual Loops": 14089,"Index Cond": "(l_orderkey = l1.l_orderkey)","Rows Removed by Index Recheck": 0,"Filter": "(l_suppkey <> l1.l_suppkey)","Rows Removed by Filter": 1}]},{"Node Type": "Index Scan","Parent Relationship": "Inner","Parallel Aware": false,"Async Capable": false,"Scan Direction": "Forward","Index Name": "orders_pkey","Relation Name": "orders","Alias": "orders","Startup Cost": 0.43,"Total Cost": 0.51,"Plan Rows": 1,"Plan Width": 4,"Actual Startup Time": 0.007,"Actual Total Time": 0.007,"Actual Rows": 0,"Actual Loops": 8430,"Index Cond": "(o_orderkey = l1.l_orderkey)","Rows Removed by Index Recheck": 0,"Filter": "(o_orderstatus = 'F'::bpchar)","Rows Removed by Filter": 1}]}]}]}]},"Planning Time": 9.770,"Triggers": [],"Execution Time": 531.084}]
[{"Plan": {"Node Type": "Sort","Parallel Aware": false,"Async Capable": false,"Startup Cost": 147378.80,"Total Cost": 147378.81,"Plan Rows": 1,"Plan Width": 34,"Actual Startup Time": 494.557,"Actual Total Time": 516.628,"Actual Rows": 380,"Actual Loops": 1,"Sort Key": ["(count(*)) DESC", "supplier.s_name"],"Sort Method": "quicksort","Sort Space Used": 54,"Sort Space Type": "Memory","Plans": [{"Node Type": "Aggregate","Strategy": "Sorted","Partial Mode": "Simple","Parent Relationship": "Outer","Parallel Aware": false,"Async Capable": false,"Startup Cost": 147378.77,"Total Cost": 147378.79,"Plan Rows": 1,"Plan Width": 34,"Actual Startup Time": 493.417,"Actual Total Time": 515.990,"Actual Rows": 380,"Actual Loops": 1,"Group Key": ["supplier.s_name"],"Plans": [{"Node Type": "Sort","Parent Relationship": "Outer","Parallel Aware": false,"Async Capable": false,"Startup Cost": 147378.77,"Total Cost": 147378.78,"Plan Rows": 1,"Plan Width": 26,"Actual Startup Time": 493.396,"Actual Total Time": 515.587,"Actual Rows": 3777,"Actual Loops": 1,"Sort Key": ["supplier.s_name"],"Sort Method": "quicksort","Sort Space Used": 362,"Sort Space Type": "Memory","Plans": [{"Node Type": "Nested Loop","Parent Relationship": "Outer","Parallel Aware": false,"Async Capable": false,"Join Type": "Inner","Startup Cost": 1250.87,"Total Cost": 147378.76,"Plan Rows": 1,"Plan Width": 26,"Actual Startup Time": 4.998,"Actual Total Time": 504.711,"Actual Rows": 3777,"Actual Loops": 1,"Inner Unique": true,"Plans": [{"Node Type": "Nested Loop","Parent Relationship": "Outer","Parallel Aware": false,"Async Capable": false,"Join Type": "Semi","Startup Cost": 1250.44,"Total Cost": 147378.26,"Plan Rows": 1,"Plan Width": 34,"Actual Startup Time": 4.963,"Actual Total Time": 440.621,"Actual Rows": 7670,"Actual Loops": 1,"Inner Unique": false,"Plans": [{"Node Type": "Gather","Parent Relationship": "Outer","Parallel Aware": false,"Async Capable": false,"Startup Cost": 1250.01,"Total Cost": 147377.22,"Plan Rows": 1,"Plan Width": 34,"Actual Startup Time": 4.951,"Actual Total Time": 333.201,"Actual Rows": 12935,"Actual Loops": 1,"Workers Planned": 4,"Workers Launched": 4,"Single Copy": false,"Plans": [{"Node Type": "Nested Loop","Parent Relationship": "Outer","Parallel Aware": false,"Async Capable": false,"Join Type": "Anti","Startup Cost": 250.01,"Total Cost": 146377.12,"Plan Rows": 1,"Plan Width": 34,"Actual Startup Time": 5.873,"Actual Total Time": 437.867,"Actual Rows": 2587,"Actual Loops": 5,"Inner Unique": false,"Workers": [],"Plans": [{"Node Type": "Hash Join","Parent Relationship": "Outer","Parallel Aware": false,"Async Capable": false,"Join Type": "Inner","Startup Cost": 249.58,"Total Cost": 133581.65,"Plan Rows": 19990,"Plan Width": 34,"Actual Startup Time": 5.239,"Actual Total Time": 352.656,"Actual Rows": 28741,"Actual Loops": 5,"Inner Unique": false,"Hash Cond": "(l1.l_suppkey = supplier.s_suppkey)","Workers": [],"Plans": [{"Node Type": "Seq Scan","Parent Relationship": "Outer","Parallel Aware": true,"Async Capable": false,"Relation Name": "lineitem","Alias": "l1","Startup Cost": 0.00,"Total Cost": 131256.80,"Plan Rows": 500101,"Plan Width": 8,"Actual Startup Time": 0.031,"Actual Total Time": 300.900,"Actual Rows": 758659,"Actual Loops": 5,"Filter": "(l_receiptdate > l_commitdate)","Rows Removed by Filter": 441584,"Workers": []},{"Node Type": "Hash","Parent Relationship": "Inner","Parallel Aware": false,"Async Capable": false,"Startup Cost": 244.58,"Total Cost": 244.58,"Plan Rows": 400,"Plan Width": 30,"Actual Startup Time": 4.907,"Actual Total Time": 4.921,"Actual Rows": 380,"Actual Loops": 5,"Hash Buckets": 1024,"Original Hash Buckets": 1024,"Hash Batches": 1,"Original Hash Batches": 1,"Peak Memory Usage": 32,"Workers": [],"Plans": [{"Node Type": "Nested Loop","Parent Relationship": "Outer","Parallel Aware": false,"Async Capable": false,"Join Type": "Inner","Startup Cost": 7.38,"Total Cost": 244.58,"Plan Rows": 400,"Plan Width": 30,"Actual Startup Time": 0.293,"Actual Total Time": 4.740,"Actual Rows": 380,"Actual Loops": 5,"Inner Unique": false,"Workers": [],"Plans": [{"Node Type": "Seq Scan","Parent Relationship": "Outer","Parallel Aware": false,"Async Capable": false,"Relation Name": "nation","Alias": "nation","Startup Cost": 0.00,"Total Cost": 1.31,"Plan Rows": 1,"Plan Width": 4,"Actual Startup Time": 0.048,"Actual Total Time": 0.056,"Actual Rows": 1,"Actual Loops": 5,"Filter": "(n_name = 'ETHIOPIA'::bpchar)","Rows Removed by Filter": 24,"Workers": []},{"Node Type": "Bitmap Heap Scan","Parent Relationship": "Inner","Parallel Aware": false,"Async Capable": false,"Relation Name": "supplier","Alias": "supplier","Startup Cost": 7.38,"Total Cost": 239.27,"Plan Rows": 400,"Plan Width": 34,"Actual Startup Time": 0.240,"Actual Total Time": 4.598,"Actual Rows": 380,"Actual Loops": 5,"Recheck Cond": "(s_nationkey = nation.n_nationkey)","Rows Removed by Index Recheck": 0,"Exact Heap Blocks": 192,"Lossy Heap Blocks": 0,"Workers": [],"Plans": [{"Node Type": "Bitmap Index Scan","Parent Relationship": "Outer","Parallel Aware": false,"Async Capable": false,"Index Name": "idx_supplier_nation_key","Startup Cost": 0.00,"Total Cost": 7.29,"Plan Rows": 400,"Plan Width": 0,"Actual Startup Time": 0.158,"Actual Total Time": 0.159,"Actual Rows": 380,"Actual Loops": 5,"Index Cond": "(s_nationkey = nation.n_nationkey)","Workers": []}]}]}]}]},{"Node Type": "Index Scan","Parent Relationship": "Inner","Parallel Aware": false,"Async Capable": false,"Scan Direction": "Forward","Index Name": "idx_lineitem_orderkey","Relation Name": "lineitem","Alias": "l3","Startup Cost": 0.43,"Total Cost": 1.06,"Plan Rows": 6,"Plan Width": 8,"Actual Startup Time": 0.003,"Actual Total Time": 0.003,"Actual Rows": 1,"Actual Loops": 143707,"Index Cond": "(l_orderkey = l1.l_orderkey)","Rows Removed by Index Recheck": 0,"Filter": "((l_receiptdate > l_commitdate) AND (l_suppkey <> l1.l_suppkey))","Rows Removed by Filter": 1,"Workers": []}]}]},{"Node Type": "Index Scan","Parent Relationship": "Inner","Parallel Aware": false,"Async Capable": false,"Scan Direction": "Forward","Index Name": "idx_lineitem_orderkey","Relation Name": "lineitem","Alias": "l2","Startup Cost": 0.43,"Total Cost": 1.02,"Plan Rows": 17,"Plan Width": 8,"Actual Startup Time": 0.008,"Actual Total Time": 0.008,"Actual Rows": 1,"Actual Loops": 12935,"Index Cond": "(l_orderkey = l1.l_orderkey)","Rows Removed by Index Recheck": 0,"Filter": "(l_suppkey <> l1.l_suppkey)","Rows Removed by Filter": 1}]},{"Node Type": "Index Scan","Parent Relationship": "Inner","Parallel Aware": false,"Async Capable": false,"Scan Direction": "Forward","Index Name": "orders_pkey","Relation Name": "orders","Alias": "orders","Startup Cost": 0.43,"Total Cost": 0.51,"Plan Rows": 1,"Plan Width": 4,"Actual Startup Time": 0.008,"Actual Total Time": 0.008,"Actual Rows": 0,"Actual Loops": 7670,"Index Cond": "(o_orderkey = l1.l_orderkey)","Rows Removed by Index Recheck": 0,"Filter": "(o_orderstatus = 'F'::bpchar)","Rows Removed by Filter": 1}]}]}]}]},"Planning Time": 9.415,"Triggers": [],"Execution Time": 517.200}]
[{"Plan": {"Node Type": "Sort","Parallel Aware": false,"Async Capable": false,"Startup Cost": 147378.80,"Total Cost": 147378.81,"Plan Rows": 1,"Plan Width": 34,"Actual Startup Time": 504.070,"Actual Total Time": 522.796,"Actual Rows": 405,"Actual Loops": 1,"Sort Key": ["(count(*)) DESC", "supplier.s_name"],"Sort Method": "quicksort","Sort Space Used": 56,"Sort Space Type": "Memory","Plans": [{"Node Type": "Aggregate","Strategy": "Sorted","Partial Mode": "Simple","Parent Relationship": "Outer","Parallel Aware": false,"Async Capable": false,"Startup Cost": 147378.77,"Total Cost": 147378.79,"Plan Rows": 1,"Plan Width": 34,"Actual Startup Time": 502.850,"Actual Total Time": 522.098,"Actual Rows": 405,"Actual Loops": 1,"Group Key": ["supplier.s_name"],"Plans": [{"Node Type": "Sort","Parent Relationship": "Outer","Parallel Aware": false,"Async Capable": false,"Startup Cost": 147378.77,"Total Cost": 147378.78,"Plan Rows": 1,"Plan Width": 26,"Actual Startup Time": 502.828,"Actual Total Time": 521.678,"Actual Rows": 4028,"Actual Loops": 1,"Sort Key": ["supplier.s_name"],"Sort Method": "quicksort","Sort Space Used": 380,"Sort Space Type": "Memory","Plans": [{"Node Type": "Nested Loop","Parent Relationship": "Outer","Parallel Aware": false,"Async Capable": false,"Join Type": "Inner","Startup Cost": 1250.87,"Total Cost": 147378.76,"Plan Rows": 1,"Plan Width": 26,"Actual Startup Time": 4.998,"Actual Total Time": 510.942,"Actual Rows": 4028,"Actual Loops": 1,"Inner Unique": true,"Plans": [{"Node Type": "Nested Loop","Parent Relationship": "Outer","Parallel Aware": false,"Async Capable": false,"Join Type": "Semi","Startup Cost": 1250.44,"Total Cost": 147378.26,"Plan Rows": 1,"Plan Width": 34,"Actual Startup Time": 4.975,"Actual Total Time": 450.040,"Actual Rows": 8320,"Actual Loops": 1,"Inner Unique": false,"Plans": [{"Node Type": "Gather","Parent Relationship": "Outer","Parallel Aware": false,"Async Capable": false,"Startup Cost": 1250.01,"Total Cost": 147377.22,"Plan Rows": 1,"Plan Width": 34,"Actual Startup Time": 4.836,"Actual Total Time": 345.420,"Actual Rows": 13965,"Actual Loops": 1,"Workers Planned": 4,"Workers Launched": 4,"Single Copy": false,"Plans": [{"Node Type": "Nested Loop","Parent Relationship": "Outer","Parallel Aware": false,"Async Capable": false,"Join Type": "Anti","Startup Cost": 250.01,"Total Cost": 146377.12,"Plan Rows": 1,"Plan Width": 34,"Actual Startup Time": 4.706,"Actual Total Time": 445.819,"Actual Rows": 2793,"Actual Loops": 5,"Inner Unique": false,"Workers": [],"Plans": [{"Node Type": "Hash Join","Parent Relationship": "Outer","Parallel Aware": false,"Async Capable": false,"Join Type": "Inner","Startup Cost": 249.58,"Total Cost": 133581.65,"Plan Rows": 19990,"Plan Width": 34,"Actual Startup Time": 4.328,"Actual Total Time": 354.989,"Actual Rows": 30731,"Actual Loops": 5,"Inner Unique": false,"Hash Cond": "(l1.l_suppkey = supplier.s_suppkey)","Workers": [],"Plans": [{"Node Type": "Seq Scan","Parent Relationship": "Outer","Parallel Aware": true,"Async Capable": false,"Relation Name": "lineitem","Alias": "l1","Startup Cost": 0.00,"Total Cost": 131256.80,"Plan Rows": 500101,"Plan Width": 8,"Actual Startup Time": 0.030,"Actual Total Time": 303.427,"Actual Rows": 758659,"Actual Loops": 5,"Filter": "(l_receiptdate > l_commitdate)","Rows Removed by Filter": 441584,"Workers": []},{"Node Type": "Hash","Parent Relationship": "Inner","Parallel Aware": false,"Async Capable": false,"Startup Cost": 244.58,"Total Cost": 244.58,"Plan Rows": 400,"Plan Width": 30,"Actual Startup Time": 4.016,"Actual Total Time": 4.027,"Actual Rows": 405,"Actual Loops": 5,"Hash Buckets": 1024,"Original Hash Buckets": 1024,"Hash Batches": 1,"Original Hash Batches": 1,"Peak Memory Usage": 34,"Workers": [],"Plans": [{"Node Type": "Nested Loop","Parent Relationship": "Outer","Parallel Aware": false,"Async Capable": false,"Join Type": "Inner","Startup Cost": 7.38,"Total Cost": 244.58,"Plan Rows": 400,"Plan Width": 30,"Actual Startup Time": 0.282,"Actual Total Time": 3.870,"Actual Rows": 405,"Actual Loops": 5,"Inner Unique": false,"Workers": [],"Plans": [{"Node Type": "Seq Scan","Parent Relationship": "Outer","Parallel Aware": false,"Async Capable": false,"Relation Name": "nation","Alias": "nation","Startup Cost": 0.00,"Total Cost": 1.31,"Plan Rows": 1,"Plan Width": 4,"Actual Startup Time": 0.049,"Actual Total Time": 0.055,"Actual Rows": 1,"Actual Loops": 5,"Filter": "(n_name = 'INDONESIA'::bpchar)","Rows Removed by Filter": 24,"Workers": []},{"Node Type": "Bitmap Heap Scan","Parent Relationship": "Inner","Parallel Aware": false,"Async Capable": false,"Relation Name": "supplier","Alias": "supplier","Startup Cost": 7.38,"Total Cost": 239.27,"Plan Rows": 400,"Plan Width": 34,"Actual Startup Time": 0.227,"Actual Total Time": 3.740,"Actual Rows": 405,"Actual Loops": 5,"Recheck Cond": "(s_nationkey = nation.n_nationkey)","Rows Removed by Index Recheck": 0,"Exact Heap Blocks": 192,"Lossy Heap Blocks": 0,"Workers": [],"Plans": [{"Node Type": "Bitmap Index Scan","Parent Relationship": "Outer","Parallel Aware": false,"Async Capable": false,"Index Name": "idx_supplier_nation_key","Startup Cost": 0.00,"Total Cost": 7.29,"Plan Rows": 400,"Plan Width": 0,"Actual Startup Time": 0.146,"Actual Total Time": 0.147,"Actual Rows": 405,"Actual Loops": 5,"Index Cond": "(s_nationkey = nation.n_nationkey)","Workers": []}]}]}]}]},{"Node Type": "Index Scan","Parent Relationship": "Inner","Parallel Aware": false,"Async Capable": false,"Scan Direction": "Forward","Index Name": "idx_lineitem_orderkey","Relation Name": "lineitem","Alias": "l3","Startup Cost": 0.43,"Total Cost": 1.06,"Plan Rows": 6,"Plan Width": 8,"Actual Startup Time": 0.003,"Actual Total Time": 0.003,"Actual Rows": 1,"Actual Loops": 153653,"Index Cond": "(l_orderkey = l1.l_orderkey)","Rows Removed by Index Recheck": 0,"Filter": "((l_receiptdate > l_commitdate) AND (l_suppkey <> l1.l_suppkey))","Rows Removed by Filter": 1,"Workers": []}]}]},{"Node Type": "Index Scan","Parent Relationship": "Inner","Parallel Aware": false,"Async Capable": false,"Scan Direction": "Forward","Index Name": "idx_lineitem_orderkey","Relation Name": "lineitem","Alias": "l2","Startup Cost": 0.43,"Total Cost": 1.02,"Plan Rows": 17,"Plan Width": 8,"Actual Startup Time": 0.007,"Actual Total Time": 0.007,"Actual Rows": 1,"Actual Loops": 13965,"Index Cond": "(l_orderkey = l1.l_orderkey)","Rows Removed by Index Recheck": 0,"Filter": "(l_suppkey <> l1.l_suppkey)","Rows Removed by Filter": 1}]},{"Node Type": "Index Scan","Parent Relationship": "Inner","Parallel Aware": false,"Async Capable": false,"Scan Direction": "Forward","Index Name": "orders_pkey","Relation Name": "orders","Alias": "orders","Startup Cost": 0.43,"Total Cost": 0.51,"Plan Rows": 1,"Plan Width": 4,"Actual Startup Time": 0.007,"Actual Total Time": 0.007,"Actual Rows": 0,"Actual Loops": 8320,"Index Cond": "(o_orderkey = l1.l_orderkey)","Rows Removed by Index Recheck": 0,"Filter": "(o_orderstatus = 'F'::bpchar)","Rows Removed by Filter": 1}]}]}]}]},"Planning Time": 8.753,"Triggers": [],"Execution Time": 523.514}]
[{"Plan": {"Node Type": "Sort","Parallel Aware": false,"Async Capable": false,"Startup Cost": 147378.80,"Total Cost": 147378.81,"Plan Rows": 1,"Plan Width": 34,"Actual Startup Time": 495.675,"Actual Total Time": 514.954,"Actual Rows": 398,"Actual Loops": 1,"Sort Key": ["(count(*)) DESC", "supplier.s_name"],"Sort Method": "quicksort","Sort Space Used": 56,"Sort Space Type": "Memory","Plans": [{"Node Type": "Aggregate","Strategy": "Sorted","Partial Mode": "Simple","Parent Relationship": "Outer","Parallel Aware": false,"Async Capable": false,"Startup Cost": 147378.77,"Total Cost": 147378.79,"Plan Rows": 1,"Plan Width": 34,"Actual Startup Time": 494.471,"Actual Total Time": 514.270,"Actual Rows": 398,"Actual Loops": 1,"Group Key": ["supplier.s_name"],"Plans": [{"Node Type": "Sort","Parent Relationship": "Outer","Parallel Aware": false,"Async Capable": false,"Startup Cost": 147378.77,"Total Cost": 147378.78,"Plan Rows": 1,"Plan Width": 26,"Actual Startup Time": 494.457,"Actual Total Time": 513.859,"Actual Rows": 4033,"Actual Loops": 1,"Sort Key": ["supplier.s_name"],"Sort Method": "quicksort","Sort Space Used": 380,"Sort Space Type": "Memory","Plans": [{"Node Type": "Nested Loop","Parent Relationship": "Outer","Parallel Aware": false,"Async Capable": false,"Join Type": "Inner","Startup Cost": 1250.87,"Total Cost": 147378.76,"Plan Rows": 1,"Plan Width": 26,"Actual Startup Time": 5.438,"Actual Total Time": 502.238,"Actual Rows": 4033,"Actual Loops": 1,"Inner Unique": true,"Plans": [{"Node Type": "Nested Loop","Parent Relationship": "Outer","Parallel Aware": false,"Async Capable": false,"Join Type": "Semi","Startup Cost": 1250.44,"Total Cost": 147378.26,"Plan Rows": 1,"Plan Width": 34,"Actual Startup Time": 5.342,"Actual Total Time": 438.031,"Actual Rows": 8241,"Actual Loops": 1,"Inner Unique": false,"Plans": [{"Node Type": "Gather","Parent Relationship": "Outer","Parallel Aware": false,"Async Capable": false,"Startup Cost": 1250.01,"Total Cost": 147377.22,"Plan Rows": 1,"Plan Width": 34,"Actual Startup Time": 5.330,"Actual Total Time": 330.100,"Actual Rows": 13657,"Actual Loops": 1,"Workers Planned": 4,"Workers Launched": 4,"Single Copy": false,"Plans": [{"Node Type": "Nested Loop","Parent Relationship": "Outer","Parallel Aware": false,"Async Capable": false,"Join Type": "Anti","Startup Cost": 250.01,"Total Cost": 146377.12,"Plan Rows": 1,"Plan Width": 34,"Actual Startup Time": 5.586,"Actual Total Time": 437.639,"Actual Rows": 2731,"Actual Loops": 5,"Inner Unique": false,"Workers": [],"Plans": [{"Node Type": "Hash Join","Parent Relationship": "Outer","Parallel Aware": false,"Async Capable": false,"Join Type": "Inner","Startup Cost": 249.58,"Total Cost": 133581.65,"Plan Rows": 19990,"Plan Width": 34,"Actual Startup Time": 4.860,"Actual Total Time": 349.886,"Actual Rows": 30149,"Actual Loops": 5,"Inner Unique": false,"Hash Cond": "(l1.l_suppkey = supplier.s_suppkey)","Workers": [],"Plans": [{"Node Type": "Seq Scan","Parent Relationship": "Outer","Parallel Aware": true,"Async Capable": false,"Relation Name": "lineitem","Alias": "l1","Startup Cost": 0.00,"Total Cost": 131256.80,"Plan Rows": 500101,"Plan Width": 8,"Actual Startup Time": 0.029,"Actual Total Time": 298.079,"Actual Rows": 758659,"Actual Loops": 5,"Filter": "(l_receiptdate > l_commitdate)","Rows Removed by Filter": 441584,"Workers": []},{"Node Type": "Hash","Parent Relationship": "Inner","Parallel Aware": false,"Async Capable": false,"Startup Cost": 244.58,"Total Cost": 244.58,"Plan Rows": 400,"Plan Width": 30,"Actual Startup Time": 4.540,"Actual Total Time": 4.550,"Actual Rows": 398,"Actual Loops": 5,"Hash Buckets": 1024,"Original Hash Buckets": 1024,"Hash Batches": 1,"Original Hash Batches": 1,"Peak Memory Usage": 33,"Workers": [],"Plans": [{"Node Type": "Nested Loop","Parent Relationship": "Outer","Parallel Aware": false,"Async Capable": false,"Join Type": "Inner","Startup Cost": 7.38,"Total Cost": 244.58,"Plan Rows": 400,"Plan Width": 30,"Actual Startup Time": 0.267,"Actual Total Time": 4.371,"Actual Rows": 398,"Actual Loops": 5,"Inner Unique": false,"Workers": [],"Plans": [{"Node Type": "Seq Scan","Parent Relationship": "Outer","Parallel Aware": false,"Async Capable": false,"Relation Name": "nation","Alias": "nation","Startup Cost": 0.00,"Total Cost": 1.31,"Plan Rows": 1,"Plan Width": 4,"Actual Startup Time": 0.059,"Actual Total Time": 0.062,"Actual Rows": 1,"Actual Loops": 5,"Filter": "(n_name = 'ROMANIA'::bpchar)","Rows Removed by Filter": 24,"Workers": []},{"Node Type": "Bitmap Heap Scan","Parent Relationship": "Inner","Parallel Aware": false,"Async Capable": false,"Relation Name": "supplier","Alias": "supplier","Startup Cost": 7.38,"Total Cost": 239.27,"Plan Rows": 400,"Plan Width": 34,"Actual Startup Time": 0.204,"Actual Total Time": 4.227,"Actual Rows": 398,"Actual Loops": 5,"Recheck Cond": "(s_nationkey = nation.n_nationkey)","Rows Removed by Index Recheck": 0,"Exact Heap Blocks": 186,"Lossy Heap Blocks": 0,"Workers": [],"Plans": [{"Node Type": "Bitmap Index Scan","Parent Relationship": "Outer","Parallel Aware": false,"Async Capable": false,"Index Name": "idx_supplier_nation_key","Startup Cost": 0.00,"Total Cost": 7.29,"Plan Rows": 400,"Plan Width": 0,"Actual Startup Time": 0.126,"Actual Total Time": 0.128,"Actual Rows": 398,"Actual Loops": 5,"Index Cond": "(s_nationkey = nation.n_nationkey)","Workers": []}]}]}]}]},{"Node Type": "Index Scan","Parent Relationship": "Inner","Parallel Aware": false,"Async Capable": false,"Scan Direction": "Forward","Index Name": "idx_lineitem_orderkey","Relation Name": "lineitem","Alias": "l3","Startup Cost": 0.43,"Total Cost": 1.06,"Plan Rows": 6,"Plan Width": 8,"Actual Startup Time": 0.003,"Actual Total Time": 0.003,"Actual Rows": 1,"Actual Loops": 150746,"Index Cond": "(l_orderkey = l1.l_orderkey)","Rows Removed by Index Recheck": 0,"Filter": "((l_receiptdate > l_commitdate) AND (l_suppkey <> l1.l_suppkey))","Rows Removed by Filter": 1,"Workers": []}]}]},{"Node Type": "Index Scan","Parent Relationship": "Inner","Parallel Aware": false,"Async Capable": false,"Scan Direction": "Forward","Index Name": "idx_lineitem_orderkey","Relation Name": "lineitem","Alias": "l2","Startup Cost": 0.43,"Total Cost": 1.02,"Plan Rows": 17,"Plan Width": 8,"Actual Startup Time": 0.007,"Actual Total Time": 0.007,"Actual Rows": 1,"Actual Loops": 13657,"Index Cond": "(l_orderkey = l1.l_orderkey)","Rows Removed by Index Recheck": 0,"Filter": "(l_suppkey <> l1.l_suppkey)","Rows Removed by Filter": 1}]},{"Node Type": "Index Scan","Parent Relationship": "Inner","Parallel Aware": false,"Async Capable": false,"Scan Direction": "Forward","Index Name": "orders_pkey","Relation Name": "orders","Alias": "orders","Startup Cost": 0.43,"Total Cost": 0.51,"Plan Rows": 1,"Plan Width": 4,"Actual Startup Time": 0.008,"Actual Total Time": 0.008,"Actual Rows": 0,"Actual Loops": 8241,"Index Cond": "(o_orderkey = l1.l_orderkey)","Rows Removed by Index Recheck": 0,"Filter": "(o_orderstatus = 'F'::bpchar)","Rows Removed by Filter": 1}]}]}]}]},"Planning Time": 9.721,"Triggers": [],"Execution Time": 515.552}]
[{"Plan": {"Node Type": "Sort","Parallel Aware": false,"Async Capable": false,"Startup Cost": 147378.80,"Total Cost": 147378.81,"Plan Rows": 1,"Plan Width": 34,"Actual Startup Time": 500.709,"Actual Total Time": 524.703,"Actual Rows": 407,"Actual Loops": 1,"Sort Key": ["(count(*)) DESC", "supplier.s_name"],"Sort Method": "quicksort","Sort Space Used": 56,"Sort Space Type": "Memory","Plans": [{"Node Type": "Aggregate","Strategy": "Sorted","Partial Mode": "Simple","Parent Relationship": "Outer","Parallel Aware": false,"Async Capable": false,"Startup Cost": 147378.77,"Total Cost": 147378.79,"Plan Rows": 1,"Plan Width": 34,"Actual Startup Time": 499.455,"Actual Total Time": 523.962,"Actual Rows": 407,"Actual Loops": 1,"Group Key": ["supplier.s_name"],"Plans": [{"Node Type": "Sort","Parent Relationship": "Outer","Parallel Aware": false,"Async Capable": false,"Startup Cost": 147378.77,"Total Cost": 147378.78,"Plan Rows": 1,"Plan Width": 26,"Actual Startup Time": 499.433,"Actual Total Time": 523.550,"Actual Rows": 3965,"Actual Loops": 1,"Sort Key": ["supplier.s_name"],"Sort Method": "quicksort","Sort Space Used": 375,"Sort Space Type": "Memory","Plans": [{"Node Type": "Nested Loop","Parent Relationship": "Outer","Parallel Aware": false,"Async Capable": false,"Join Type": "Inner","Startup Cost": 1250.87,"Total Cost": 147378.76,"Plan Rows": 1,"Plan Width": 26,"Actual Startup Time": 5.067,"Actual Total Time": 512.972,"Actual Rows": 3965,"Actual Loops": 1,"Inner Unique": true,"Plans": [{"Node Type": "Nested Loop","Parent Relationship": "Outer","Parallel Aware": false,"Async Capable": false,"Join Type": "Semi","Startup Cost": 1250.44,"Total Cost": 147378.26,"Plan Rows": 1,"Plan Width": 34,"Actual Startup Time": 5.045,"Actual Total Time": 451.382,"Actual Rows": 8089,"Actual Loops": 1,"Inner Unique": false,"Plans": [{"Node Type": "Gather","Parent Relationship": "Outer","Parallel Aware": false,"Async Capable": false,"Startup Cost": 1250.01,"Total Cost": 147377.22,"Plan Rows": 1,"Plan Width": 34,"Actual Startup Time": 4.734,"Actual Total Time": 344.998,"Actual Rows": 13526,"Actual Loops": 1,"Workers Planned": 4,"Workers Launched": 4,"Single Copy": false,"Plans": [{"Node Type": "Nested Loop","Parent Relationship": "Outer","Parallel Aware": false,"Async Capable": false,"Join Type": "Anti","Startup Cost": 250.01,"Total Cost": 146377.12,"Plan Rows": 1,"Plan Width": 34,"Actual Startup Time": 4.775,"Actual Total Time": 445.542,"Actual Rows": 2705,"Actual Loops": 5,"Inner Unique": false,"Workers": [],"Plans": [{"Node Type": "Hash Join","Parent Relationship": "Outer","Parallel Aware": false,"Async Capable": false,"Join Type": "Inner","Startup Cost": 249.58,"Total Cost": 133581.65,"Plan Rows": 19990,"Plan Width": 34,"Actual Startup Time": 4.487,"Actual Total Time": 354.785,"Actual Rows": 30752,"Actual Loops": 5,"Inner Unique": false,"Hash Cond": "(l1.l_suppkey = supplier.s_suppkey)","Workers": [],"Plans": [{"Node Type": "Seq Scan","Parent Relationship": "Outer","Parallel Aware": true,"Async Capable": false,"Relation Name": "lineitem","Alias": "l1","Startup Cost": 0.00,"Total Cost": 131256.80,"Plan Rows": 500101,"Plan Width": 8,"Actual Startup Time": 0.026,"Actual Total Time": 303.161,"Actual Rows": 758659,"Actual Loops": 5,"Filter": "(l_receiptdate > l_commitdate)","Rows Removed by Filter": 441584,"Workers": []},{"Node Type": "Hash","Parent Relationship": "Inner","Parallel Aware": false,"Async Capable": false,"Startup Cost": 244.58,"Total Cost": 244.58,"Plan Rows": 400,"Plan Width": 30,"Actual Startup Time": 4.170,"Actual Total Time": 4.181,"Actual Rows": 407,"Actual Loops": 5,"Hash Buckets": 1024,"Original Hash Buckets": 1024,"Hash Batches": 1,"Original Hash Batches": 1,"Peak Memory Usage": 34,"Workers": [],"Plans": [{"Node Type": "Nested Loop","Parent Relationship": "Outer","Parallel Aware": false,"Async Capable": false,"Join Type": "Inner","Startup Cost": 7.38,"Total Cost": 244.58,"Plan Rows": 400,"Plan Width": 30,"Actual Startup Time": 0.302,"Actual Total Time": 4.018,"Actual Rows": 407,"Actual Loops": 5,"Inner Unique": false,"Workers": [],"Plans": [{"Node Type": "Seq Scan","Parent Relationship": "Outer","Parallel Aware": false,"Async Capable": false,"Relation Name": "nation","Alias": "nation","Startup Cost": 0.00,"Total Cost": 1.31,"Plan Rows": 1,"Plan Width": 4,"Actual Startup Time": 0.065,"Actual Total Time": 0.068,"Actual Rows": 1,"Actual Loops": 5,"Filter": "(n_name = 'CHINA'::bpchar)","Rows Removed by Filter": 24,"Workers": []},{"Node Type": "Bitmap Heap Scan","Parent Relationship": "Inner","Parallel Aware": false,"Async Capable": false,"Relation Name": "supplier","Alias": "supplier","Startup Cost": 7.38,"Total Cost": 239.27,"Plan Rows": 400,"Plan Width": 34,"Actual Startup Time": 0.229,"Actual Total Time": 3.872,"Actual Rows": 407,"Actual Loops": 5,"Recheck Cond": "(s_nationkey = nation.n_nationkey)","Rows Removed by Index Recheck": 0,"Exact Heap Blocks": 186,"Lossy Heap Blocks": 0,"Workers": [],"Plans": [{"Node Type": "Bitmap Index Scan","Parent Relationship": "Outer","Parallel Aware": false,"Async Capable": false,"Index Name": "idx_supplier_nation_key","Startup Cost": 0.00,"Total Cost": 7.29,"Plan Rows": 400,"Plan Width": 0,"Actual Startup Time": 0.141,"Actual Total Time": 0.143,"Actual Rows": 407,"Actual Loops": 5,"Index Cond": "(s_nationkey = nation.n_nationkey)","Workers": []}]}]}]}]},{"Node Type": "Index Scan","Parent Relationship": "Inner","Parallel Aware": false,"Async Capable": false,"Scan Direction": "Forward","Index Name": "idx_lineitem_orderkey","Relation Name": "lineitem","Alias": "l3","Startup Cost": 0.43,"Total Cost": 1.06,"Plan Rows": 6,"Plan Width": 8,"Actual Startup Time": 0.003,"Actual Total Time": 0.003,"Actual Rows": 1,"Actual Loops": 153758,"Index Cond": "(l_orderkey = l1.l_orderkey)","Rows Removed by Index Recheck": 0,"Filter": "((l_receiptdate > l_commitdate) AND (l_suppkey <> l1.l_suppkey))","Rows Removed by Filter": 1,"Workers": []}]}]},{"Node Type": "Index Scan","Parent Relationship": "Inner","Parallel Aware": false,"Async Capable": false,"Scan Direction": "Forward","Index Name": "idx_lineitem_orderkey","Relation Name": "lineitem","Alias": "l2","Startup Cost": 0.43,"Total Cost": 1.02,"Plan Rows": 17,"Plan Width": 8,"Actual Startup Time": 0.007,"Actual Total Time": 0.007,"Actual Rows": 1,"Actual Loops": 13526,"Index Cond": "(l_orderkey = l1.l_orderkey)","Rows Removed by Index Recheck": 0,"Filter": "(l_suppkey <> l1.l_suppkey)","Rows Removed by Filter": 1}]},{"Node Type": "Index Scan","Parent Relationship": "Inner","Parallel Aware": false,"Async Capable": false,"Scan Direction": "Forward","Index Name": "orders_pkey","Relation Name": "orders","Alias": "orders","Startup Cost": 0.43,"Total Cost": 0.51,"Plan Rows": 1,"Plan Width": 4,"Actual Startup Time": 0.007,"Actual Total Time": 0.007,"Actual Rows": 0,"Actual Loops": 8089,"Index Cond": "(o_orderkey = l1.l_orderkey)","Rows Removed by Index Recheck": 0,"Filter": "(o_orderstatus = 'F'::bpchar)","Rows Removed by Filter": 1}]}]}]}]},"Planning Time": 8.452,"Triggers": [],"Execution Time": 525.397}]
[{"Plan": {"Node Type": "Sort","Parallel Aware": false,"Async Capable": false,"Startup Cost": 147378.80,"Total Cost": 147378.81,"Plan Rows": 1,"Plan Width": 34,"Actual Startup Time": 491.039,"Actual Total Time": 509.746,"Actual Rows": 373,"Actual Loops": 1,"Sort Key": ["(count(*)) DESC", "supplier.s_name"],"Sort Method": "quicksort","Sort Space Used": 54,"Sort Space Type": "Memory","Plans": [{"Node Type": "Aggregate","Strategy": "Sorted","Partial Mode": "Simple","Parent Relationship": "Outer","Parallel Aware": false,"Async Capable": false,"Startup Cost": 147378.77,"Total Cost": 147378.79,"Plan Rows": 1,"Plan Width": 34,"Actual Startup Time": 489.852,"Actual Total Time": 509.039,"Actual Rows": 373,"Actual Loops": 1,"Group Key": ["supplier.s_name"],"Plans": [{"Node Type": "Sort","Parent Relationship": "Outer","Parallel Aware": false,"Async Capable": false,"Startup Cost": 147378.77,"Total Cost": 147378.78,"Plan Rows": 1,"Plan Width": 26,"Actual Startup Time": 489.818,"Actual Total Time": 508.641,"Actual Rows": 3775,"Actual Loops": 1,"Sort Key": ["supplier.s_name"],"Sort Method": "quicksort","Sort Space Used": 362,"Sort Space Type": "Memory","Plans": [{"Node Type": "Nested Loop","Parent Relationship": "Outer","Parallel Aware": false,"Async Capable": false,"Join Type": "Inner","Startup Cost": 1250.87,"Total Cost": 147378.76,"Plan Rows": 1,"Plan Width": 26,"Actual Startup Time": 4.604,"Actual Total Time": 497.627,"Actual Rows": 3775,"Actual Loops": 1,"Inner Unique": true,"Plans": [{"Node Type": "Nested Loop","Parent Relationship": "Outer","Parallel Aware": false,"Async Capable": false,"Join Type": "Semi","Startup Cost": 1250.44,"Total Cost": 147378.26,"Plan Rows": 1,"Plan Width": 34,"Actual Startup Time": 4.579,"Actual Total Time": 434.821,"Actual Rows": 7601,"Actual Loops": 1,"Inner Unique": false,"Plans": [{"Node Type": "Gather","Parent Relationship": "Outer","Parallel Aware": false,"Async Capable": false,"Startup Cost": 1250.01,"Total Cost": 147377.22,"Plan Rows": 1,"Plan Width": 34,"Actual Startup Time": 4.564,"Actual Total Time": 332.092,"Actual Rows": 12602,"Actual Loops": 1,"Workers Planned": 4,"Workers Launched": 4,"Single Copy": false,"Plans": [{"Node Type": "Nested Loop","Parent Relationship": "Outer","Parallel Aware": false,"Async Capable": false,"Join Type": "Anti","Startup Cost": 250.01,"Total Cost": 146377.12,"Plan Rows": 1,"Plan Width": 34,"Actual Startup Time": 4.313,"Actual Total Time": 433.903,"Actual Rows": 2520,"Actual Loops": 5,"Inner Unique": false,"Workers": [],"Plans": [{"Node Type": "Hash Join","Parent Relationship": "Outer","Parallel Aware": false,"Async Capable": false,"Join Type": "Inner","Startup Cost": 249.58,"Total Cost": 133581.65,"Plan Rows": 19990,"Plan Width": 34,"Actual Startup Time": 3.915,"Actual Total Time": 349.840,"Actual Rows": 28289,"Actual Loops": 5,"Inner Unique": false,"Hash Cond": "(l1.l_suppkey = supplier.s_suppkey)","Workers": [],"Plans": [{"Node Type": "Seq Scan","Parent Relationship": "Outer","Parallel Aware": true,"Async Capable": false,"Relation Name": "lineitem","Alias": "l1","Startup Cost": 0.00,"Total Cost": 131256.80,"Plan Rows": 500101,"Plan Width": 8,"Actual Startup Time": 0.025,"Actual Total Time": 300.593,"Actual Rows": 758659,"Actual Loops": 5,"Filter": "(l_receiptdate > l_commitdate)","Rows Removed by Filter": 441584,"Workers": []},{"Node Type": "Hash","Parent Relationship": "Inner","Parallel Aware": false,"Async Capable": false,"Startup Cost": 244.58,"Total Cost": 244.58,"Plan Rows": 400,"Plan Width": 30,"Actual Startup Time": 3.661,"Actual Total Time": 3.675,"Actual Rows": 373,"Actual Loops": 5,"Hash Buckets": 1024,"Original Hash Buckets": 1024,"Hash Batches": 1,"Original Hash Batches": 1,"Peak Memory Usage": 32,"Workers": [],"Plans": [{"Node Type": "Nested Loop","Parent Relationship": "Outer","Parallel Aware": false,"Async Capable": false,"Join Type": "Inner","Startup Cost": 7.38,"Total Cost": 244.58,"Plan Rows": 400,"Plan Width": 30,"Actual Startup Time": 0.231,"Actual Total Time": 3.539,"Actual Rows": 373,"Actual Loops": 5,"Inner Unique": false,"Workers": [],"Plans": [{"Node Type": "Seq Scan","Parent Relationship": "Outer","Parallel Aware": false,"Async Capable": false,"Relation Name": "nation","Alias": "nation","Startup Cost": 0.00,"Total Cost": 1.31,"Plan Rows": 1,"Plan Width": 4,"Actual Startup Time": 0.052,"Actual Total Time": 0.058,"Actual Rows": 1,"Actual Loops": 5,"Filter": "(n_name = 'MOROCCO'::bpchar)","Rows Removed by Filter": 24,"Workers": []},{"Node Type": "Bitmap Heap Scan","Parent Relationship": "Inner","Parallel Aware": false,"Async Capable": false,"Relation Name": "supplier","Alias": "supplier","Startup Cost": 7.38,"Total Cost": 239.27,"Plan Rows": 400,"Plan Width": 34,"Actual Startup Time": 0.174,"Actual Total Time": 3.419,"Actual Rows": 373,"Actual Loops": 5,"Recheck Cond": "(s_nationkey = nation.n_nationkey)","Rows Removed by Index Recheck": 0,"Exact Heap Blocks": 180,"Lossy Heap Blocks": 0,"Workers": [],"Plans": [{"Node Type": "Bitmap Index Scan","Parent Relationship": "Outer","Parallel Aware": false,"Async Capable": false,"Index Name": "idx_supplier_nation_key","Startup Cost": 0.00,"Total Cost": 7.29,"Plan Rows": 400,"Plan Width": 0,"Actual Startup Time": 0.112,"Actual Total Time": 0.115,"Actual Rows": 373,"Actual Loops": 5,"Index Cond": "(s_nationkey = nation.n_nationkey)","Workers": []}]}]}]}]},{"Node Type": "Index Scan","Parent Relationship": "Inner","Parallel Aware": false,"Async Capable": false,"Scan Direction": "Forward","Index Name": "idx_lineitem_orderkey","Relation Name": "lineitem","Alias": "l3","Startup Cost": 0.43,"Total Cost": 1.06,"Plan Rows": 6,"Plan Width": 8,"Actual Startup Time": 0.003,"Actual Total Time": 0.003,"Actual Rows": 1,"Actual Loops": 141445,"Index Cond": "(l_orderkey = l1.l_orderkey)","Rows Removed by Index Recheck": 0,"Filter": "((l_receiptdate > l_commitdate) AND (l_suppkey <> l1.l_suppkey))","Rows Removed by Filter": 1,"Workers": []}]}]},{"Node Type": "Index Scan","Parent Relationship": "Inner","Parallel Aware": false,"Async Capable": false,"Scan Direction": "Forward","Index Name": "idx_lineitem_orderkey","Relation Name": "lineitem","Alias": "l2","Startup Cost": 0.43,"Total Cost": 1.02,"Plan Rows": 17,"Plan Width": 8,"Actual Startup Time": 0.008,"Actual Total Time": 0.008,"Actual Rows": 1,"Actual Loops": 12602,"Index Cond": "(l_orderkey = l1.l_orderkey)","Rows Removed by Index Recheck": 0,"Filter": "(l_suppkey <> l1.l_suppkey)","Rows Removed by Filter": 1}]},{"Node Type": "Index Scan","Parent Relationship": "Inner","Parallel Aware": false,"Async Capable": false,"Scan Direction": "Forward","Index Name": "orders_pkey","Relation Name": "orders","Alias": "orders","Startup Cost": 0.43,"Total Cost": 0.51,"Plan Rows": 1,"Plan Width": 4,"Actual Startup Time": 0.008,"Actual Total Time": 0.008,"Actual Rows": 0,"Actual Loops": 7601,"Index Cond": "(o_orderkey = l1.l_orderkey)","Rows Removed by Index Recheck": 0,"Filter": "(o_orderstatus = 'F'::bpchar)","Rows Removed by Filter": 1}]}]}]}]},"Planning Time": 9.187,"Triggers": [],"Execution Time": 510.411}]
[{"Plan": {"Node Type": "Sort","Parallel Aware": false,"Async Capable": false,"Startup Cost": 147378.80,"Total Cost": 147378.81,"Plan Rows": 1,"Plan Width": 34,"Actual Startup Time": 502.540,"Actual Total Time": 523.684,"Actual Rows": 401,"Actual Loops": 1,"Sort Key": ["(count(*)) DESC", "supplier.s_name"],"Sort Method": "quicksort","Sort Space Used": 56,"Sort Space Type": "Memory","Plans": [{"Node Type": "Aggregate","Strategy": "Sorted","Partial Mode": "Simple","Parent Relationship": "Outer","Parallel Aware": false,"Async Capable": false,"Startup Cost": 147378.77,"Total Cost": 147378.79,"Plan Rows": 1,"Plan Width": 34,"Actual Startup Time": 501.310,"Actual Total Time": 522.965,"Actual Rows": 401,"Actual Loops": 1,"Group Key": ["supplier.s_name"],"Plans": [{"Node Type": "Sort","Parent Relationship": "Outer","Parallel Aware": false,"Async Capable": false,"Startup Cost": 147378.77,"Total Cost": 147378.78,"Plan Rows": 1,"Plan Width": 26,"Actual Startup Time": 501.284,"Actual Total Time": 522.551,"Actual Rows": 3970,"Actual Loops": 1,"Sort Key": ["supplier.s_name"],"Sort Method": "quicksort","Sort Space Used": 376,"Sort Space Type": "Memory","Plans": [{"Node Type": "Nested Loop","Parent Relationship": "Outer","Parallel Aware": false,"Async Capable": false,"Join Type": "Inner","Startup Cost": 1250.87,"Total Cost": 147378.76,"Plan Rows": 1,"Plan Width": 26,"Actual Startup Time": 5.240,"Actual Total Time": 512.097,"Actual Rows": 3970,"Actual Loops": 1,"Inner Unique": true,"Plans": [{"Node Type": "Nested Loop","Parent Relationship": "Outer","Parallel Aware": false,"Async Capable": false,"Join Type": "Semi","Startup Cost": 1250.44,"Total Cost": 147378.26,"Plan Rows": 1,"Plan Width": 34,"Actual Startup Time": 4.627,"Actual Total Time": 451.513,"Actual Rows": 8097,"Actual Loops": 1,"Inner Unique": false,"Plans": [{"Node Type": "Gather","Parent Relationship": "Outer","Parallel Aware": false,"Async Capable": false,"Startup Cost": 1250.01,"Total Cost": 147377.22,"Plan Rows": 1,"Plan Width": 34,"Actual Startup Time": 4.615,"Actual Total Time": 347.691,"Actual Rows": 13583,"Actual Loops": 1,"Workers Planned": 4,"Workers Launched": 4,"Single Copy": false,"Plans": [{"Node Type": "Nested Loop","Parent Relationship": "Outer","Parallel Aware": false,"Async Capable": false,"Join Type": "Anti","Startup Cost": 250.01,"Total Cost": 146377.12,"Plan Rows": 1,"Plan Width": 34,"Actual Startup Time": 4.828,"Actual Total Time": 446.701,"Actual Rows": 2717,"Actual Loops": 5,"Inner Unique": false,"Workers": [],"Plans": [{"Node Type": "Hash Join","Parent Relationship": "Outer","Parallel Aware": false,"Async Capable": false,"Join Type": "Inner","Startup Cost": 249.58,"Total Cost": 133581.65,"Plan Rows": 19990,"Plan Width": 34,"Actual Startup Time": 4.456,"Actual Total Time": 356.594,"Actual Rows": 30499,"Actual Loops": 5,"Inner Unique": false,"Hash Cond": "(l1.l_suppkey = supplier.s_suppkey)","Workers": [],"Plans": [{"Node Type": "Seq Scan","Parent Relationship": "Outer","Parallel Aware": true,"Async Capable": false,"Relation Name": "lineitem","Alias": "l1","Startup Cost": 0.00,"Total Cost": 131256.80,"Plan Rows": 500101,"Plan Width": 8,"Actual Startup Time": 0.022,"Actual Total Time": 305.978,"Actual Rows": 758659,"Actual Loops": 5,"Filter": "(l_receiptdate > l_commitdate)","Rows Removed by Filter": 441584,"Workers": []},{"Node Type": "Hash","Parent Relationship": "Inner","Parallel Aware": false,"Async Capable": false,"Startup Cost": 244.58,"Total Cost": 244.58,"Plan Rows": 400,"Plan Width": 30,"Actual Startup Time": 4.157,"Actual Total Time": 4.168,"Actual Rows": 401,"Actual Loops": 5,"Hash Buckets": 1024,"Original Hash Buckets": 1024,"Hash Batches": 1,"Original Hash Batches": 1,"Peak Memory Usage": 34,"Workers": [],"Plans": [{"Node Type": "Nested Loop","Parent Relationship": "Outer","Parallel Aware": false,"Async Capable": false,"Join Type": "Inner","Startup Cost": 7.38,"Total Cost": 244.58,"Plan Rows": 400,"Plan Width": 30,"Actual Startup Time": 0.269,"Actual Total Time": 4.009,"Actual Rows": 401,"Actual Loops": 5,"Inner Unique": false,"Workers": [],"Plans": [{"Node Type": "Seq Scan","Parent Relationship": "Outer","Parallel Aware": false,"Async Capable": false,"Relation Name": "nation","Alias": "nation","Startup Cost": 0.00,"Total Cost": 1.31,"Plan Rows": 1,"Plan Width": 4,"Actual Startup Time": 0.053,"Actual Total Time": 0.057,"Actual Rows": 1,"Actual Loops": 5,"Filter": "(n_name = 'RUSSIA'::bpchar)","Rows Removed by Filter": 24,"Workers": []},{"Node Type": "Bitmap Heap Scan","Parent Relationship": "Inner","Parallel Aware": false,"Async Capable": false,"Relation Name": "supplier","Alias": "supplier","Startup Cost": 7.38,"Total Cost": 239.27,"Plan Rows": 400,"Plan Width": 34,"Actual Startup Time": 0.210,"Actual Total Time": 3.875,"Actual Rows": 401,"Actual Loops": 5,"Recheck Cond": "(s_nationkey = nation.n_nationkey)","Rows Removed by Index Recheck": 0,"Exact Heap Blocks": 180,"Lossy Heap Blocks": 0,"Workers": [],"Plans": [{"Node Type": "Bitmap Index Scan","Parent Relationship": "Outer","Parallel Aware": false,"Async Capable": false,"Index Name": "idx_supplier_nation_key","Startup Cost": 0.00,"Total Cost": 7.29,"Plan Rows": 400,"Plan Width": 0,"Actual Startup Time": 0.139,"Actual Total Time": 0.140,"Actual Rows": 401,"Actual Loops": 5,"Index Cond": "(s_nationkey = nation.n_nationkey)","Workers": []}]}]}]}]},{"Node Type": "Index Scan","Parent Relationship": "Inner","Parallel Aware": false,"Async Capable": false,"Scan Direction": "Forward","Index Name": "idx_lineitem_orderkey","Relation Name": "lineitem","Alias": "l3","Startup Cost": 0.43,"Total Cost": 1.06,"Plan Rows": 6,"Plan Width": 8,"Actual Startup Time": 0.003,"Actual Total Time": 0.003,"Actual Rows": 1,"Actual Loops": 152495,"Index Cond": "(l_orderkey = l1.l_orderkey)","Rows Removed by Index Recheck": 0,"Filter": "((l_receiptdate > l_commitdate) AND (l_suppkey <> l1.l_suppkey))","Rows Removed by Filter": 1,"Workers": []}]}]},{"Node Type": "Index Scan","Parent Relationship": "Inner","Parallel Aware": false,"Async Capable": false,"Scan Direction": "Forward","Index Name": "idx_lineitem_orderkey","Relation Name": "lineitem","Alias": "l2","Startup Cost": 0.43,"Total Cost": 1.02,"Plan Rows": 17,"Plan Width": 8,"Actual Startup Time": 0.007,"Actual Total Time": 0.007,"Actual Rows": 1,"Actual Loops": 13583,"Index Cond": "(l_orderkey = l1.l_orderkey)","Rows Removed by Index Recheck": 0,"Filter": "(l_suppkey <> l1.l_suppkey)","Rows Removed by Filter": 1}]},{"Node Type": "Index Scan","Parent Relationship": "Inner","Parallel Aware": false,"Async Capable": false,"Scan Direction": "Forward","Index Name": "orders_pkey","Relation Name": "orders","Alias": "orders","Startup Cost": 0.43,"Total Cost": 0.51,"Plan Rows": 1,"Plan Width": 4,"Actual Startup Time": 0.007,"Actual Total Time": 0.007,"Actual Rows": 0,"Actual Loops": 8097,"Index Cond": "(o_orderkey = l1.l_orderkey)","Rows Removed by Index Recheck": 0,"Filter": "(o_orderstatus = 'F'::bpchar)","Rows Removed by Filter": 1}]}]}]}]},"Planning Time": 9.437,"Triggers": [],"Execution Time": 524.297}]
[{"Plan": {"Node Type": "Sort","Parallel Aware": false,"Async Capable": false,"Startup Cost": 147378.80,"Total Cost": 147378.81,"Plan Rows": 1,"Plan Width": 34,"Actual Startup Time": 494.557,"Actual Total Time": 516.628,"Actual Rows": 380,"Actual Loops": 1,"Sort Key": ["(count(*)) DESC", "supplier.s_name"],"Sort Method": "quicksort","Sort Space Used": 54,"Sort Space Type": "Memory","Plans": [{"Node Type": "Aggregate","Strategy": "Sorted","Partial Mode": "Simple","Parent Relationship": "Outer","Parallel Aware": false,"Async Capable": false,"Startup Cost": 147378.77,"Total Cost": 147378.79,"Plan Rows": 1,"Plan Width": 34,"Actual Startup Time": 493.417,"Actual Total Time": 515.990,"Actual Rows": 380,"Actual Loops": 1,"Group Key": ["supplier.s_name"],"Plans": [{"Node Type": "Sort","Parent Relationship": "Outer","Parallel Aware": false,"Async Capable": false,"Startup Cost": 147378.77,"Total Cost": 147378.78,"Plan Rows": 1,"Plan Width": 26,"Actual Startup Time": 493.396,"Actual Total Time": 515.587,"Actual Rows": 3777,"Actual Loops": 1,"Sort Key": ["supplier.s_name"],"Sort Method": "quicksort","Sort Space Used": 362,"Sort Space Type": "Memory","Plans": [{"Node Type": "Nested Loop","Parent Relationship": "Outer","Parallel Aware": false,"Async Capable": false,"Join Type": "Inner","Startup Cost": 1250.87,"Total Cost": 147378.76,"Plan Rows": 1,"Plan Width": 26,"Actual Startup Time": 4.998,"Actual Total Time": 504.711,"Actual Rows": 3777,"Actual Loops": 1,"Inner Unique": true,"Plans": [{"Node Type": "Nested Loop","Parent Relationship": "Outer","Parallel Aware": false,"Async Capable": false,"Join Type": "Semi","Startup Cost": 1250.44,"Total Cost": 147378.26,"Plan Rows": 1,"Plan Width": 34,"Actual Startup Time": 4.963,"Actual Total Time": 440.621,"Actual Rows": 7670,"Actual Loops": 1,"Inner Unique": false,"Plans": [{"Node Type": "Gather","Parent Relationship": "Outer","Parallel Aware": false,"Async Capable": false,"Startup Cost": 1250.01,"Total Cost": 147377.22,"Plan Rows": 1,"Plan Width": 34,"Actual Startup Time": 4.951,"Actual Total Time": 333.201,"Actual Rows": 12935,"Actual Loops": 1,"Workers Planned": 4,"Workers Launched": 4,"Single Copy": false,"Plans": [{"Node Type": "Nested Loop","Parent Relationship": "Outer","Parallel Aware": false,"Async Capable": false,"Join Type": "Anti","Startup Cost": 250.01,"Total Cost": 146377.12,"Plan Rows": 1,"Plan Width": 34,"Actual Startup Time": 5.873,"Actual Total Time": 437.867,"Actual Rows": 2587,"Actual Loops": 5,"Inner Unique": false,"Workers": [],"Plans": [{"Node Type": "Hash Join","Parent Relationship": "Outer","Parallel Aware": false,"Async Capable": false,"Join Type": "Inner","Startup Cost": 249.58,"Total Cost": 133581.65,"Plan Rows": 19990,"Plan Width": 34,"Actual Startup Time": 5.239,"Actual Total Time": 352.656,"Actual Rows": 28741,"Actual Loops": 5,"Inner Unique": false,"Hash Cond": "(l1.l_suppkey = supplier.s_suppkey)","Workers": [],"Plans": [{"Node Type": "Seq Scan","Parent Relationship": "Outer","Parallel Aware": true,"Async Capable": false,"Relation Name": "lineitem","Alias": "l1","Startup Cost": 0.00,"Total Cost": 131256.80,"Plan Rows": 500101,"Plan Width": 8,"Actual Startup Time": 0.031,"Actual Total Time": 300.900,"Actual Rows": 758659,"Actual Loops": 5,"Filter": "(l_receiptdate > l_commitdate)","Rows Removed by Filter": 441584,"Workers": []},{"Node Type": "Hash","Parent Relationship": "Inner","Parallel Aware": false,"Async Capable": false,"Startup Cost": 244.58,"Total Cost": 244.58,"Plan Rows": 400,"Plan Width": 30,"Actual Startup Time": 4.907,"Actual Total Time": 4.921,"Actual Rows": 380,"Actual Loops": 5,"Hash Buckets": 1024,"Original Hash Buckets": 1024,"Hash Batches": 1,"Original Hash Batches": 1,"Peak Memory Usage": 32,"Workers": [],"Plans": [{"Node Type": "Nested Loop","Parent Relationship": "Outer","Parallel Aware": false,"Async Capable": false,"Join Type": "Inner","Startup Cost": 7.38,"Total Cost": 244.58,"Plan Rows": 400,"Plan Width": 30,"Actual Startup Time": 0.293,"Actual Total Time": 4.740,"Actual Rows": 380,"Actual Loops": 5,"Inner Unique": false,"Workers": [],"Plans": [{"Node Type": "Seq Scan","Parent Relationship": "Outer","Parallel Aware": false,"Async Capable": false,"Relation Name": "nation","Alias": "nation","Startup Cost": 0.00,"Total Cost": 1.31,"Plan Rows": 1,"Plan Width": 4,"Actual Startup Time": 0.048,"Actual Total Time": 0.056,"Actual Rows": 1,"Actual Loops": 5,"Filter": "(n_name = 'ETHIOPIA'::bpchar)","Rows Removed by Filter": 24,"Workers": []},{"Node Type": "Bitmap Heap Scan","Parent Relationship": "Inner","Parallel Aware": false,"Async Capable": false,"Relation Name": "supplier","Alias": "supplier","Startup Cost": 7.38,"Total Cost": 239.27,"Plan Rows": 400,"Plan Width": 34,"Actual Startup Time": 0.240,"Actual Total Time": 4.598,"Actual Rows": 380,"Actual Loops": 5,"Recheck Cond": "(s_nationkey = nation.n_nationkey)","Rows Removed by Index Recheck": 0,"Exact Heap Blocks": 192,"Lossy Heap Blocks": 0,"Workers": [],"Plans": [{"Node Type": "Bitmap Index Scan","Parent Relationship": "Outer","Parallel Aware": false,"Async Capable": false,"Index Name": "idx_supplier_nation_key","Startup Cost": 0.00,"Total Cost": 7.29,"Plan Rows": 400,"Plan Width": 0,"Actual Startup Time": 0.158,"Actual Total Time": 0.159,"Actual Rows": 380,"Actual Loops": 5,"Index Cond": "(s_nationkey = nation.n_nationkey)","Workers": []}]}]}]}]},{"Node Type": "Index Scan","Parent Relationship": "Inner","Parallel Aware": false,"Async Capable": false,"Scan Direction": "Forward","Index Name": "idx_lineitem_orderkey","Relation Name": "lineitem","Alias": "l3","Startup Cost": 0.43,"Total Cost": 1.06,"Plan Rows": 6,"Plan Width": 8,"Actual Startup Time": 0.003,"Actual Total Time": 0.003,"Actual Rows": 1,"Actual Loops": 143707,"Index Cond": "(l_orderkey = l1.l_orderkey)","Rows Removed by Index Recheck": 0,"Filter": "((l_receiptdate > l_commitdate) AND (l_suppkey <> l1.l_suppkey))","Rows Removed by Filter": 1,"Workers": []}]}]},{"Node Type": "Index Scan","Parent Relationship": "Inner","Parallel Aware": false,"Async Capable": false,"Scan Direction": "Forward","Index Name": "idx_lineitem_orderkey","Relation Name": "lineitem","Alias": "l2","Startup Cost": 0.43,"Total Cost": 1.02,"Plan Rows": 17,"Plan Width": 8,"Actual Startup Time": 0.008,"Actual Total Time": 0.008,"Actual Rows": 1,"Actual Loops": 12935,"Index Cond": "(l_orderkey = l1.l_orderkey)","Rows Removed by Index Recheck": 0,"Filter": "(l_suppkey <> l1.l_suppkey)","Rows Removed by Filter": 1}]},{"Node Type": "Index Scan","Parent Relationship": "Inner","Parallel Aware": false,"Async Capable": false,"Scan Direction": "Forward","Index Name": "orders_pkey","Relation Name": "orders","Alias": "orders","Startup Cost": 0.43,"Total Cost": 0.51,"Plan Rows": 1,"Plan Width": 4,"Actual Startup Time": 0.008,"Actual Total Time": 0.008,"Actual Rows": 0,"Actual Loops": 7670,"Index Cond": "(o_orderkey = l1.l_orderkey)","Rows Removed by Index Recheck": 0,"Filter": "(o_orderstatus = 'F'::bpchar)","Rows Removed by Filter": 1}]}]}]}]},"Planning Time": 9.415,"Triggers": [],"Execution Time": 517.200}]
[{"Plan": {"Node Type": "Sort","Parallel Aware": false,"Async Capable": false,"Startup Cost": 147378.80,"Total Cost": 147378.81,"Plan Rows": 1,"Plan Width": 34,"Actual Startup Time": 495.675,"Actual Total Time": 514.954,"Actual Rows": 398,"Actual Loops": 1,"Sort Key": ["(count(*)) DESC", "supplier.s_name"],"Sort Method": "quicksort","Sort Space Used": 56,"Sort Space Type": "Memory","Plans": [{"Node Type": "Aggregate","Strategy": "Sorted","Partial Mode": "Simple","Parent Relationship": "Outer","Parallel Aware": false,"Async Capable": false,"Startup Cost": 147378.77,"Total Cost": 147378.79,"Plan Rows": 1,"Plan Width": 34,"Actual Startup Time": 494.471,"Actual Total Time": 514.270,"Actual Rows": 398,"Actual Loops": 1,"Group Key": ["supplier.s_name"],"Plans": [{"Node Type": "Sort","Parent Relationship": "Outer","Parallel Aware": false,"Async Capable": false,"Startup Cost": 147378.77,"Total Cost": 147378.78,"Plan Rows": 1,"Plan Width": 26,"Actual Startup Time": 494.457,"Actual Total Time": 513.859,"Actual Rows": 4033,"Actual Loops": 1,"Sort Key": ["supplier.s_name"],"Sort Method": "quicksort","Sort Space Used": 380,"Sort Space Type": "Memory","Plans": [{"Node Type": "Nested Loop","Parent Relationship": "Outer","Parallel Aware": false,"Async Capable": false,"Join Type": "Inner","Startup Cost": 1250.87,"Total Cost": 147378.76,"Plan Rows": 1,"Plan Width": 26,"Actual Startup Time": 5.438,"Actual Total Time": 502.238,"Actual Rows": 4033,"Actual Loops": 1,"Inner Unique": true,"Plans": [{"Node Type": "Nested Loop","Parent Relationship": "Outer","Parallel Aware": false,"Async Capable": false,"Join Type": "Semi","Startup Cost": 1250.44,"Total Cost": 147378.26,"Plan Rows": 1,"Plan Width": 34,"Actual Startup Time": 5.342,"Actual Total Time": 438.031,"Actual Rows": 8241,"Actual Loops": 1,"Inner Unique": false,"Plans": [{"Node Type": "Gather","Parent Relationship": "Outer","Parallel Aware": false,"Async Capable": false,"Startup Cost": 1250.01,"Total Cost": 147377.22,"Plan Rows": 1,"Plan Width": 34,"Actual Startup Time": 5.330,"Actual Total Time": 330.100,"Actual Rows": 13657,"Actual Loops": 1,"Workers Planned": 4,"Workers Launched": 4,"Single Copy": false,"Plans": [{"Node Type": "Nested Loop","Parent Relationship": "Outer","Parallel Aware": false,"Async Capable": false,"Join Type": "Anti","Startup Cost": 250.01,"Total Cost": 146377.12,"Plan Rows": 1,"Plan Width": 34,"Actual Startup Time": 5.586,"Actual Total Time": 437.639,"Actual Rows": 2731,"Actual Loops": 5,"Inner Unique": false,"Workers": [],"Plans": [{"Node Type": "Hash Join","Parent Relationship": "Outer","Parallel Aware": false,"Async Capable": false,"Join Type": "Inner","Startup Cost": 249.58,"Total Cost": 133581.65,"Plan Rows": 19990,"Plan Width": 34,"Actual Startup Time": 4.860,"Actual Total Time": 349.886,"Actual Rows": 30149,"Actual Loops": 5,"Inner Unique": false,"Hash Cond": "(l1.l_suppkey = supplier.s_suppkey)","Workers": [],"Plans": [{"Node Type": "Seq Scan","Parent Relationship": "Outer","Parallel Aware": true,"Async Capable": false,"Relation Name": "lineitem","Alias": "l1","Startup Cost": 0.00,"Total Cost": 131256.80,"Plan Rows": 500101,"Plan Width": 8,"Actual Startup Time": 0.029,"Actual Total Time": 298.079,"Actual Rows": 758659,"Actual Loops": 5,"Filter": "(l_receiptdate > l_commitdate)","Rows Removed by Filter": 441584,"Workers": []},{"Node Type": "Hash","Parent Relationship": "Inner","Parallel Aware": false,"Async Capable": false,"Startup Cost": 244.58,"Total Cost": 244.58,"Plan Rows": 400,"Plan Width": 30,"Actual Startup Time": 4.540,"Actual Total Time": 4.550,"Actual Rows": 398,"Actual Loops": 5,"Hash Buckets": 1024,"Original Hash Buckets": 1024,"Hash Batches": 1,"Original Hash Batches": 1,"Peak Memory Usage": 33,"Workers": [],"Plans": [{"Node Type": "Nested Loop","Parent Relationship": "Outer","Parallel Aware": false,"Async Capable": false,"Join Type": "Inner","Startup Cost": 7.38,"Total Cost": 244.58,"Plan Rows": 400,"Plan Width": 30,"Actual Startup Time": 0.267,"Actual Total Time": 4.371,"Actual Rows": 398,"Actual Loops": 5,"Inner Unique": false,"Workers": [],"Plans": [{"Node Type": "Seq Scan","Parent Relationship": "Outer","Parallel Aware": false,"Async Capable": false,"Relation Name": "nation","Alias": "nation","Startup Cost": 0.00,"Total Cost": 1.31,"Plan Rows": 1,"Plan Width": 4,"Actual Startup Time": 0.059,"Actual Total Time": 0.062,"Actual Rows": 1,"Actual Loops": 5,"Filter": "(n_name = 'ROMANIA'::bpchar)","Rows Removed by Filter": 24,"Workers": []},{"Node Type": "Bitmap Heap Scan","Parent Relationship": "Inner","Parallel Aware": false,"Async Capable": false,"Relation Name": "supplier","Alias": "supplier","Startup Cost": 7.38,"Total Cost": 239.27,"Plan Rows": 400,"Plan Width": 34,"Actual Startup Time": 0.204,"Actual Total Time": 4.227,"Actual Rows": 398,"Actual Loops": 5,"Recheck Cond": "(s_nationkey = nation.n_nationkey)","Rows Removed by Index Recheck": 0,"Exact Heap Blocks": 186,"Lossy Heap Blocks": 0,"Workers": [],"Plans": [{"Node Type": "Bitmap Index Scan","Parent Relationship": "Outer","Parallel Aware": false,"Async Capable": false,"Index Name": "idx_supplier_nation_key","Startup Cost": 0.00,"Total Cost": 7.29,"Plan Rows": 400,"Plan Width": 0,"Actual Startup Time": 0.126,"Actual Total Time": 0.128,"Actual Rows": 398,"Actual Loops": 5,"Index Cond": "(s_nationkey = nation.n_nationkey)","Workers": []}]}]}]}]},{"Node Type": "Index Scan","Parent Relationship": "Inner","Parallel Aware": false,"Async Capable": false,"Scan Direction": "Forward","Index Name": "idx_lineitem_orderkey","Relation Name": "lineitem","Alias": "l3","Startup Cost": 0.43,"Total Cost": 1.06,"Plan Rows": 6,"Plan Width": 8,"Actual Startup Time": 0.003,"Actual Total Time": 0.003,"Actual Rows": 1,"Actual Loops": 150746,"Index Cond": "(l_orderkey = l1.l_orderkey)","Rows Removed by Index Recheck": 0,"Filter": "((l_receiptdate > l_commitdate) AND (l_suppkey <> l1.l_suppkey))","Rows Removed by Filter": 1,"Workers": []}]}]},{"Node Type": "Index Scan","Parent Relationship": "Inner","Parallel Aware": false,"Async Capable": false,"Scan Direction": "Forward","Index Name": "idx_lineitem_orderkey","Relation Name": "lineitem","Alias": "l2","Startup Cost": 0.43,"Total Cost": 1.02,"Plan Rows": 17,"Plan Width": 8,"Actual Startup Time": 0.007,"Actual Total Time": 0.007,"Actual Rows": 1,"Actual Loops": 13657,"Index Cond": "(l_orderkey = l1.l_orderkey)","Rows Removed by Index Recheck": 0,"Filter": "(l_suppkey <> l1.l_suppkey)","Rows Removed by Filter": 1}]},{"Node Type": "Index Scan","Parent Relationship": "Inner","Parallel Aware": false,"Async Capable": false,"Scan Direction": "Forward","Index Name": "orders_pkey","Relation Name": "orders","Alias": "orders","Startup Cost": 0.43,"Total Cost": 0.51,"Plan Rows": 1,"Plan Width": 4,"Actual Startup Time": 0.008,"Actual Total Time": 0.008,"Actual Rows": 0,"Actual Loops": 8241,"Index Cond": "(o_orderkey = l1.l_orderkey)","Rows Removed by Index Recheck": 0,"Filter": "(o_orderstatus = 'F'::bpchar)","Rows Removed by Filter": 1}]}]}]}]},"Planning Time": 9.721,"Triggers": [],"Execution Time": 515.552}]
[{"Plan": {"Node Type": "Sort","Parallel Aware": false,"Async Capable": false,"Startup Cost": 147378.80,"Total Cost": 147378.81,"Plan Rows": 1,"Plan Width": 34,"Actual Startup Time": 500.709,"Actual Total Time": 524.703,"Actual Rows": 407,"Actual Loops": 1,"Sort Key": ["(count(*)) DESC", "supplier.s_name"],"Sort Method": "quicksort","Sort Space Used": 56,"Sort Space Type": "Memory","Plans": [{"Node Type": "Aggregate","Strategy": "Sorted","Partial Mode": "Simple","Parent Relationship": "Outer","Parallel Aware": false,"Async Capable": false,"Startup Cost": 147378.77,"Total Cost": 147378.79,"Plan Rows": 1,"Plan Width": 34,"Actual Startup Time": 499.455,"Actual Total Time": 523.962,"Actual Rows": 407,"Actual Loops": 1,"Group Key": ["supplier.s_name"],"Plans": [{"Node Type": "Sort","Parent Relationship": "Outer","Parallel Aware": false,"Async Capable": false,"Startup Cost": 147378.77,"Total Cost": 147378.78,"Plan Rows": 1,"Plan Width": 26,"Actual Startup Time": 499.433,"Actual Total Time": 523.550,"Actual Rows": 3965,"Actual Loops": 1,"Sort Key": ["supplier.s_name"],"Sort Method": "quicksort","Sort Space Used": 375,"Sort Space Type": "Memory","Plans": [{"Node Type": "Nested Loop","Parent Relationship": "Outer","Parallel Aware": false,"Async Capable": false,"Join Type": "Inner","Startup Cost": 1250.87,"Total Cost": 147378.76,"Plan Rows": 1,"Plan Width": 26,"Actual Startup Time": 5.067,"Actual Total Time": 512.972,"Actual Rows": 3965,"Actual Loops": 1,"Inner Unique": true,"Plans": [{"Node Type": "Nested Loop","Parent Relationship": "Outer","Parallel Aware": false,"Async Capable": false,"Join Type": "Semi","Startup Cost": 1250.44,"Total Cost": 147378.26,"Plan Rows": 1,"Plan Width": 34,"Actual Startup Time": 5.045,"Actual Total Time": 451.382,"Actual Rows": 8089,"Actual Loops": 1,"Inner Unique": false,"Plans": [{"Node Type": "Gather","Parent Relationship": "Outer","Parallel Aware": false,"Async Capable": false,"Startup Cost": 1250.01,"Total Cost": 147377.22,"Plan Rows": 1,"Plan Width": 34,"Actual Startup Time": 4.734,"Actual Total Time": 344.998,"Actual Rows": 13526,"Actual Loops": 1,"Workers Planned": 4,"Workers Launched": 4,"Single Copy": false,"Plans": [{"Node Type": "Nested Loop","Parent Relationship": "Outer","Parallel Aware": false,"Async Capable": false,"Join Type": "Anti","Startup Cost": 250.01,"Total Cost": 146377.12,"Plan Rows": 1,"Plan Width": 34,"Actual Startup Time": 4.775,"Actual Total Time": 445.542,"Actual Rows": 2705,"Actual Loops": 5,"Inner Unique": false,"Workers": [],"Plans": [{"Node Type": "Hash Join","Parent Relationship": "Outer","Parallel Aware": false,"Async Capable": false,"Join Type": "Inner","Startup Cost": 249.58,"Total Cost": 133581.65,"Plan Rows": 19990,"Plan Width": 34,"Actual Startup Time": 4.487,"Actual Total Time": 354.785,"Actual Rows": 30752,"Actual Loops": 5,"Inner Unique": false,"Hash Cond": "(l1.l_suppkey = supplier.s_suppkey)","Workers": [],"Plans": [{"Node Type": "Seq Scan","Parent Relationship": "Outer","Parallel Aware": true,"Async Capable": false,"Relation Name": "lineitem","Alias": "l1","Startup Cost": 0.00,"Total Cost": 131256.80,"Plan Rows": 500101,"Plan Width": 8,"Actual Startup Time": 0.026,"Actual Total Time": 303.161,"Actual Rows": 758659,"Actual Loops": 5,"Filter": "(l_receiptdate > l_commitdate)","Rows Removed by Filter": 441584,"Workers": []},{"Node Type": "Hash","Parent Relationship": "Inner","Parallel Aware": false,"Async Capable": false,"Startup Cost": 244.58,"Total Cost": 244.58,"Plan Rows": 400,"Plan Width": 30,"Actual Startup Time": 4.170,"Actual Total Time": 4.181,"Actual Rows": 407,"Actual Loops": 5,"Hash Buckets": 1024,"Original Hash Buckets": 1024,"Hash Batches": 1,"Original Hash Batches": 1,"Peak Memory Usage": 34,"Workers": [],"Plans": [{"Node Type": "Nested Loop","Parent Relationship": "Outer","Parallel Aware": false,"Async Capable": false,"Join Type": "Inner","Startup Cost": 7.38,"Total Cost": 244.58,"Plan Rows": 400,"Plan Width": 30,"Actual Startup Time": 0.302,"Actual Total Time": 4.018,"Actual Rows": 407,"Actual Loops": 5,"Inner Unique": false,"Workers": [],"Plans": [{"Node Type": "Seq Scan","Parent Relationship": "Outer","Parallel Aware": false,"Async Capable": false,"Relation Name": "nation","Alias": "nation","Startup Cost": 0.00,"Total Cost": 1.31,"Plan Rows": 1,"Plan Width": 4,"Actual Startup Time": 0.065,"Actual Total Time": 0.068,"Actual Rows": 1,"Actual Loops": 5,"Filter": "(n_name = 'CHINA'::bpchar)","Rows Removed by Filter": 24,"Workers": []},{"Node Type": "Bitmap Heap Scan","Parent Relationship": "Inner","Parallel Aware": false,"Async Capable": false,"Relation Name": "supplier","Alias": "supplier","Startup Cost": 7.38,"Total Cost": 239.27,"Plan Rows": 400,"Plan Width": 34,"Actual Startup Time": 0.229,"Actual Total Time": 3.872,"Actual Rows": 407,"Actual Loops": 5,"Recheck Cond": "(s_nationkey = nation.n_nationkey)","Rows Removed by Index Recheck": 0,"Exact Heap Blocks": 186,"Lossy Heap Blocks": 0,"Workers": [],"Plans": [{"Node Type": "Bitmap Index Scan","Parent Relationship": "Outer","Parallel Aware": false,"Async Capable": false,"Index Name": "idx_supplier_nation_key","Startup Cost": 0.00,"Total Cost": 7.29,"Plan Rows": 400,"Plan Width": 0,"Actual Startup Time": 0.141,"Actual Total Time": 0.143,"Actual Rows": 407,"Actual Loops": 5,"Index Cond": "(s_nationkey = nation.n_nationkey)","Workers": []}]}]}]}]},{"Node Type": "Index Scan","Parent Relationship": "Inner","Parallel Aware": false,"Async Capable": false,"Scan Direction": "Forward","Index Name": "idx_lineitem_orderkey","Relation Name": "lineitem","Alias": "l3","Startup Cost": 0.43,"Total Cost": 1.06,"Plan Rows": 6,"Plan Width": 8,"Actual Startup Time": 0.003,"Actual Total Time": 0.003,"Actual Rows": 1,"Actual Loops": 153758,"Index Cond": "(l_orderkey = l1.l_orderkey)","Rows Removed by Index Recheck": 0,"Filter": "((l_receiptdate > l_commitdate) AND (l_suppkey <> l1.l_suppkey))","Rows Removed by Filter": 1,"Workers": []}]}]},{"Node Type": "Index Scan","Parent Relationship": "Inner","Parallel Aware": false,"Async Capable": false,"Scan Direction": "Forward","Index Name": "idx_lineitem_orderkey","Relation Name": "lineitem","Alias": "l2","Startup Cost": 0.43,"Total Cost": 1.02,"Plan Rows": 17,"Plan Width": 8,"Actual Startup Time": 0.007,"Actual Total Time": 0.007,"Actual Rows": 1,"Actual Loops": 13526,"Index Cond": "(l_orderkey = l1.l_orderkey)","Rows Removed by Index Recheck": 0,"Filter": "(l_suppkey <> l1.l_suppkey)","Rows Removed by Filter": 1}]},{"Node Type": "Index Scan","Parent Relationship": "Inner","Parallel Aware": false,"Async Capable": false,"Scan Direction": "Forward","Index Name": "orders_pkey","Relation Name": "orders","Alias": "orders","Startup Cost": 0.43,"Total Cost": 0.51,"Plan Rows": 1,"Plan Width": 4,"Actual Startup Time": 0.007,"Actual Total Time": 0.007,"Actual Rows": 0,"Actual Loops": 8089,"Index Cond": "(o_orderkey = l1.l_orderkey)","Rows Removed by Index Recheck": 0,"Filter": "(o_orderstatus = 'F'::bpchar)","Rows Removed by Filter": 1}]}]}]}]},"Planning Time": 8.452,"Triggers": [],"Execution Time": 525.397}]
[{"Plan": {"Node Type": "Sort","Parallel Aware": false,"Async Capable": false,"Startup Cost": 147378.80,"Total Cost": 147378.81,"Plan Rows": 1,"Plan Width": 34,"Actual Startup Time": 495.675,"Actual Total Time": 514.954,"Actual Rows": 398,"Actual Loops": 1,"Sort Key": ["(count(*)) DESC", "supplier.s_name"],"Sort Method": "quicksort","Sort Space Used": 56,"Sort Space Type": "Memory","Plans": [{"Node Type": "Aggregate","Strategy": "Sorted","Partial Mode": "Simple","Parent Relationship": "Outer","Parallel Aware": false,"Async Capable": false,"Startup Cost": 147378.77,"Total Cost": 147378.79,"Plan Rows": 1,"Plan Width": 34,"Actual Startup Time": 494.471,"Actual Total Time": 514.270,"Actual Rows": 398,"Actual Loops": 1,"Group Key": ["supplier.s_name"],"Plans": [{"Node Type": "Sort","Parent Relationship": "Outer","Parallel Aware": false,"Async Capable": false,"Startup Cost": 147378.77,"Total Cost": 147378.78,"Plan Rows": 1,"Plan Width": 26,"Actual Startup Time": 494.457,"Actual Total Time": 513.859,"Actual Rows": 4033,"Actual Loops": 1,"Sort Key": ["supplier.s_name"],"Sort Method": "quicksort","Sort Space Used": 380,"Sort Space Type": "Memory","Plans": [{"Node Type": "Nested Loop","Parent Relationship": "Outer","Parallel Aware": false,"Async Capable": false,"Join Type": "Inner","Startup Cost": 1250.87,"Total Cost": 147378.76,"Plan Rows": 1,"Plan Width": 26,"Actual Startup Time": 5.438,"Actual Total Time": 502.238,"Actual Rows": 4033,"Actual Loops": 1,"Inner Unique": true,"Plans": [{"Node Type": "Nested Loop","Parent Relationship": "Outer","Parallel Aware": false,"Async Capable": false,"Join Type": "Semi","Startup Cost": 1250.44,"Total Cost": 147378.26,"Plan Rows": 1,"Plan Width": 34,"Actual Startup Time": 5.342,"Actual Total Time": 438.031,"Actual Rows": 8241,"Actual Loops": 1,"Inner Unique": false,"Plans": [{"Node Type": "Gather","Parent Relationship": "Outer","Parallel Aware": false,"Async Capable": false,"Startup Cost": 1250.01,"Total Cost": 147377.22,"Plan Rows": 1,"Plan Width": 34,"Actual Startup Time": 5.330,"Actual Total Time": 330.100,"Actual Rows": 13657,"Actual Loops": 1,"Workers Planned": 4,"Workers Launched": 4,"Single Copy": false,"Plans": [{"Node Type": "Nested Loop","Parent Relationship": "Outer","Parallel Aware": false,"Async Capable": false,"Join Type": "Anti","Startup Cost": 250.01,"Total Cost": 146377.12,"Plan Rows": 1,"Plan Width": 34,"Actual Startup Time": 5.586,"Actual Total Time": 437.639,"Actual Rows": 2731,"Actual Loops": 5,"Inner Unique": false,"Workers": [],"Plans": [{"Node Type": "Hash Join","Parent Relationship": "Outer","Parallel Aware": false,"Async Capable": false,"Join Type": "Inner","Startup Cost": 249.58,"Total Cost": 133581.65,"Plan Rows": 19990,"Plan Width": 34,"Actual Startup Time": 4.860,"Actual Total Time": 349.886,"Actual Rows": 30149,"Actual Loops": 5,"Inner Unique": false,"Hash Cond": "(l1.l_suppkey = supplier.s_suppkey)","Workers": [],"Plans": [{"Node Type": "Seq Scan","Parent Relationship": "Outer","Parallel Aware": true,"Async Capable": false,"Relation Name": "lineitem","Alias": "l1","Startup Cost": 0.00,"Total Cost": 131256.80,"Plan Rows": 500101,"Plan Width": 8,"Actual Startup Time": 0.029,"Actual Total Time": 298.079,"Actual Rows": 758659,"Actual Loops": 5,"Filter": "(l_receiptdate > l_commitdate)","Rows Removed by Filter": 441584,"Workers": []},{"Node Type": "Hash","Parent Relationship": "Inner","Parallel Aware": false,"Async Capable": false,"Startup Cost": 244.58,"Total Cost": 244.58,"Plan Rows": 400,"Plan Width": 30,"Actual Startup Time": 4.540,"Actual Total Time": 4.550,"Actual Rows": 398,"Actual Loops": 5,"Hash Buckets": 1024,"Original Hash Buckets": 1024,"Hash Batches": 1,"Original Hash Batches": 1,"Peak Memory Usage": 33,"Workers": [],"Plans": [{"Node Type": "Nested Loop","Parent Relationship": "Outer","Parallel Aware": false,"Async Capable": false,"Join Type": "Inner","Startup Cost": 7.38,"Total Cost": 244.58,"Plan Rows": 400,"Plan Width": 30,"Actual Startup Time": 0.267,"Actual Total Time": 4.371,"Actual Rows": 398,"Actual Loops": 5,"Inner Unique": false,"Workers": [],"Plans": [{"Node Type": "Seq Scan","Parent Relationship": "Outer","Parallel Aware": false,"Async Capable": false,"Relation Name": "nation","Alias": "nation","Startup Cost": 0.00,"Total Cost": 1.31,"Plan Rows": 1,"Plan Width": 4,"Actual Startup Time": 0.059,"Actual Total Time": 0.062,"Actual Rows": 1,"Actual Loops": 5,"Filter": "(n_name = 'ROMANIA'::bpchar)","Rows Removed by Filter": 24,"Workers": []},{"Node Type": "Bitmap Heap Scan","Parent Relationship": "Inner","Parallel Aware": false,"Async Capable": false,"Relation Name": "supplier","Alias": "supplier","Startup Cost": 7.38,"Total Cost": 239.27,"Plan Rows": 400,"Plan Width": 34,"Actual Startup Time": 0.204,"Actual Total Time": 4.227,"Actual Rows": 398,"Actual Loops": 5,"Recheck Cond": "(s_nationkey = nation.n_nationkey)","Rows Removed by Index Recheck": 0,"Exact Heap Blocks": 186,"Lossy Heap Blocks": 0,"Workers": [],"Plans": [{"Node Type": "Bitmap Index Scan","Parent Relationship": "Outer","Parallel Aware": false,"Async Capable": false,"Index Name": "idx_supplier_nation_key","Startup Cost": 0.00,"Total Cost": 7.29,"Plan Rows": 400,"Plan Width": 0,"Actual Startup Time": 0.126,"Actual Total Time": 0.128,"Actual Rows": 398,"Actual Loops": 5,"Index Cond": "(s_nationkey = nation.n_nationkey)","Workers": []}]}]}]}]},{"Node Type": "Index Scan","Parent Relationship": "Inner","Parallel Aware": false,"Async Capable": false,"Scan Direction": "Forward","Index Name": "idx_lineitem_orderkey","Relation Name": "lineitem","Alias": "l3","Startup Cost": 0.43,"Total Cost": 1.06,"Plan Rows": 6,"Plan Width": 8,"Actual Startup Time": 0.003,"Actual Total Time": 0.003,"Actual Rows": 1,"Actual Loops": 150746,"Index Cond": "(l_orderkey = l1.l_orderkey)","Rows Removed by Index Recheck": 0,"Filter": "((l_receiptdate > l_commitdate) AND (l_suppkey <> l1.l_suppkey))","Rows Removed by Filter": 1,"Workers": []}]}]},{"Node Type": "Index Scan","Parent Relationship": "Inner","Parallel Aware": false,"Async Capable": false,"Scan Direction": "Forward","Index Name": "idx_lineitem_orderkey","Relation Name": "lineitem","Alias": "l2","Startup Cost": 0.43,"Total Cost": 1.02,"Plan Rows": 17,"Plan Width": 8,"Actual Startup Time": 0.007,"Actual Total Time": 0.007,"Actual Rows": 1,"Actual Loops": 13657,"Index Cond": "(l_orderkey = l1.l_orderkey)","Rows Removed by Index Recheck": 0,"Filter": "(l_suppkey <> l1.l_suppkey)","Rows Removed by Filter": 1}]},{"Node Type": "Index Scan","Parent Relationship": "Inner","Parallel Aware": false,"Async Capable": false,"Scan Direction": "Forward","Index Name": "orders_pkey","Relation Name": "orders","Alias": "orders","Startup Cost": 0.43,"Total Cost": 0.51,"Plan Rows": 1,"Plan Width": 4,"Actual Startup Time": 0.008,"Actual Total Time": 0.008,"Actual Rows": 0,"Actual Loops": 8241,"Index Cond": "(o_orderkey = l1.l_orderkey)","Rows Removed by Index Recheck": 0,"Filter": "(o_orderstatus = 'F'::bpchar)","Rows Removed by Filter": 1}]}]}]}]},"Planning Time": 9.721,"Triggers": [],"Execution Time": 515.552}]
[{"Plan": {"Node Type": "Sort","Parallel Aware": false,"Async Capable": false,"Startup Cost": 147378.80,"Total Cost": 147378.81,"Plan Rows": 1,"Plan Width": 34,"Actual Startup Time": 510.910,"Actual Total Time": 530.461,"Actual Rows": 420,"Actual Loops": 1,"Sort Key": ["(count(*)) DESC", "supplier.s_name"],"Sort Method": "quicksort","Sort Space Used": 57,"Sort Space Type": "Memory","Plans": [{"Node Type": "Aggregate","Strategy": "Sorted","Partial Mode": "Simple","Parent Relationship": "Outer","Parallel Aware": false,"Async Capable": false,"Startup Cost": 147378.77,"Total Cost": 147378.79,"Plan Rows": 1,"Plan Width": 34,"Actual Startup Time": 509.613,"Actual Total Time": 529.683,"Actual Rows": 420,"Actual Loops": 1,"Group Key": ["supplier.s_name"],"Plans": [{"Node Type": "Sort","Parent Relationship": "Outer","Parallel Aware": false,"Async Capable": false,"Startup Cost": 147378.77,"Total Cost": 147378.78,"Plan Rows": 1,"Plan Width": 26,"Actual Startup Time": 509.594,"Actual Total Time": 529.267,"Actual Rows": 4090,"Actual Loops": 1,"Sort Key": ["supplier.s_name"],"Sort Method": "quicksort","Sort Space Used": 384,"Sort Space Type": "Memory","Plans": [{"Node Type": "Nested Loop","Parent Relationship": "Outer","Parallel Aware": false,"Async Capable": false,"Join Type": "Inner","Startup Cost": 1250.87,"Total Cost": 147378.76,"Plan Rows": 1,"Plan Width": 26,"Actual Startup Time": 4.580,"Actual Total Time": 518.201,"Actual Rows": 4090,"Actual Loops": 1,"Inner Unique": true,"Plans": [{"Node Type": "Nested Loop","Parent Relationship": "Outer","Parallel Aware": false,"Async Capable": false,"Join Type": "Semi","Startup Cost": 1250.44,"Total Cost": 147378.26,"Plan Rows": 1,"Plan Width": 34,"Actual Startup Time": 4.545,"Actual Total Time": 454.390,"Actual Rows": 8430,"Actual Loops": 1,"Inner Unique": false,"Plans": [{"Node Type": "Gather","Parent Relationship": "Outer","Parallel Aware": false,"Async Capable": false,"Startup Cost": 1250.01,"Total Cost": 147377.22,"Plan Rows": 1,"Plan Width": 34,"Actual Startup Time": 4.342,"Actual Total Time": 344.810,"Actual Rows": 14089,"Actual Loops": 1,"Workers Planned": 4,"Workers Launched": 4,"Single Copy": false,"Plans": [{"Node Type": "Nested Loop","Parent Relationship": "Outer","Parallel Aware": false,"Async Capable": false,"Join Type": "Anti","Startup Cost": 250.01,"Total Cost": 146377.12,"Plan Rows": 1,"Plan Width": 34,"Actual Startup Time": 5.491,"Actual Total Time": 451.438,"Actual Rows": 2818,"Actual Loops": 5,"Inner Unique": false,"Workers": [],"Plans": [{"Node Type": "Hash Join","Parent Relationship": "Outer","Parallel Aware": false,"Async Capable": false,"Join Type": "Inner","Startup Cost": 249.58,"Total Cost": 133581.65,"Plan Rows": 19990,"Plan Width": 34,"Actual Startup Time": 5.196,"Actual Total Time": 357.512,"Actual Rows": 31960,"Actual Loops": 5,"Inner Unique": false,"Hash Cond": "(l1.l_suppkey = supplier.s_suppkey)","Workers": [],"Plans": [{"Node Type": "Seq Scan","Parent Relationship": "Outer","Parallel Aware": true,"Async Capable": false,"Relation Name": "lineitem","Alias": "l1","Startup Cost": 0.00,"Total Cost": 131256.80,"Plan Rows": 500101,"Plan Width": 8,"Actual Startup Time": 0.027,"Actual Total Time": 305.923,"Actual Rows": 758659,"Actual Loops": 5,"Filter": "(l_receiptdate > l_commitdate)","Rows Removed by Filter": 441584,"Workers": []},{"Node Type": "Hash","Parent Relationship": "Inner","Parallel Aware": false,"Async Capable": false,"Startup Cost": 244.58,"Total Cost": 244.58,"Plan Rows": 400,"Plan Width": 30,"Actual Startup Time": 4.831,"Actual Total Time": 4.844,"Actual Rows": 420,"Actual Loops": 5,"Hash Buckets": 1024,"Original Hash Buckets": 1024,"Hash Batches": 1,"Original Hash Batches": 1,"Peak Memory Usage": 35,"Workers": [],"Plans": [{"Node Type": "Nested Loop","Parent Relationship": "Outer","Parallel Aware": false,"Async Capable": false,"Join Type": "Inner","Startup Cost": 7.38,"Total Cost": 244.58,"Plan Rows": 400,"Plan Width": 30,"Actual Startup Time": 0.275,"Actual Total Time": 4.655,"Actual Rows": 420,"Actual Loops": 5,"Inner Unique": false,"Workers": [],"Plans": [{"Node Type": "Seq Scan","Parent Relationship": "Outer","Parallel Aware": false,"Async Capable": false,"Relation Name": "nation","Alias": "nation","Startup Cost": 0.00,"Total Cost": 1.31,"Plan Rows": 1,"Plan Width": 4,"Actual Startup Time": 0.047,"Actual Total Time": 0.057,"Actual Rows": 1,"Actual Loops": 5,"Filter": "(n_name = 'ALGERIA'::bpchar)","Rows Removed by Filter": 24,"Workers": []},{"Node Type": "Bitmap Heap Scan","Parent Relationship": "Inner","Parallel Aware": false,"Async Capable": false,"Relation Name": "supplier","Alias": "supplier","Startup Cost": 7.38,"Total Cost": 239.27,"Plan Rows": 400,"Plan Width": 34,"Actual Startup Time": 0.222,"Actual Total Time": 4.505,"Actual Rows": 420,"Actual Loops": 5,"Recheck Cond": "(s_nationkey = nation.n_nationkey)","Rows Removed by Index Recheck": 0,"Exact Heap Blocks": 197,"Lossy Heap Blocks": 0,"Workers": [],"Plans": [{"Node Type": "Bitmap Index Scan","Parent Relationship": "Outer","Parallel Aware": false,"Async Capable": false,"Index Name": "idx_supplier_nation_key","Startup Cost": 0.00,"Total Cost": 7.29,"Plan Rows": 400,"Plan Width": 0,"Actual Startup Time": 0.137,"Actual Total Time": 0.140,"Actual Rows": 420,"Actual Loops": 5,"Index Cond": "(s_nationkey = nation.n_nationkey)","Workers": []}]}]}]}]},{"Node Type": "Index Scan","Parent Relationship": "Inner","Parallel Aware": false,"Async Capable": false,"Scan Direction": "Forward","Index Name": "idx_lineitem_orderkey","Relation Name": "lineitem","Alias": "l3","Startup Cost": 0.43,"Total Cost": 1.06,"Plan Rows": 6,"Plan Width": 8,"Actual Startup Time": 0.003,"Actual Total Time": 0.003,"Actual Rows": 1,"Actual Loops": 159800,"Index Cond": "(l_orderkey = l1.l_orderkey)","Rows Removed by Index Recheck": 0,"Filter": "((l_receiptdate > l_commitdate) AND (l_suppkey <> l1.l_suppkey))","Rows Removed by Filter": 1,"Workers": []}]}]},{"Node Type": "Index Scan","Parent Relationship": "Inner","Parallel Aware": false,"Async Capable": false,"Scan Direction": "Forward","Index Name": "idx_lineitem_orderkey","Relation Name": "lineitem","Alias": "l2","Startup Cost": 0.43,"Total Cost": 1.02,"Plan Rows": 17,"Plan Width": 8,"Actual Startup Time": 0.007,"Actual Total Time": 0.007,"Actual Rows": 1,"Actual Loops": 14089,"Index Cond": "(l_orderkey = l1.l_orderkey)","Rows Removed by Index Recheck": 0,"Filter": "(l_suppkey <> l1.l_suppkey)","Rows Removed by Filter": 1}]},{"Node Type": "Index Scan","Parent Relationship": "Inner","Parallel Aware": false,"Async Capable": false,"Scan Direction": "Forward","Index Name": "orders_pkey","Relation Name": "orders","Alias": "orders","Startup Cost": 0.43,"Total Cost": 0.51,"Plan Rows": 1,"Plan Width": 4,"Actual Startup Time": 0.007,"Actual Total Time": 0.007,"Actual Rows": 0,"Actual Loops": 8430,"Index Cond": "(o_orderkey = l1.l_orderkey)","Rows Removed by Index Recheck": 0,"Filter": "(o_orderstatus = 'F'::bpchar)","Rows Removed by Filter": 1}]}]}]}]},"Planning Time": 9.770,"Triggers": [],"Execution Time": 531.084}]
[{"Plan": {"Node Type": "Sort","Parallel Aware": false,"Async Capable": false,"Startup Cost": 147378.80,"Total Cost": 147378.81,"Plan Rows": 1,"Plan Width": 34,"Actual Startup Time": 504.512,"Actual Total Time": 521.552,"Actual Rows": 413,"Actual Loops": 1,"Sort Key": ["(count(*)) DESC", "supplier.s_name"],"Sort Method": "quicksort","Sort Space Used": 57,"Sort Space Type": "Memory","Plans": [{"Node Type": "Aggregate","Strategy": "Sorted","Partial Mode": "Simple","Parent Relationship": "Outer","Parallel Aware": false,"Async Capable": false,"Startup Cost": 147378.77,"Total Cost": 147378.79,"Plan Rows": 1,"Plan Width": 34,"Actual Startup Time": 503.286,"Actual Total Time": 520.862,"Actual Rows": 413,"Actual Loops": 1,"Group Key": ["supplier.s_name"],"Plans": [{"Node Type": "Sort","Parent Relationship": "Outer","Parallel Aware": false,"Async Capable": false,"Startup Cost": 147378.77,"Total Cost": 147378.78,"Plan Rows": 1,"Plan Width": 26,"Actual Startup Time": 503.265,"Actual Total Time": 520.434,"Actual Rows": 4164,"Actual Loops": 1,"Sort Key": ["supplier.s_name"],"Sort Method": "quicksort","Sort Space Used": 485,"Sort Space Type": "Memory","Plans": [{"Node Type": "Nested Loop","Parent Relationship": "Outer","Parallel Aware": false,"Async Capable": false,"Join Type": "Inner","Startup Cost": 1250.87,"Total Cost": 147378.76,"Plan Rows": 1,"Plan Width": 26,"Actual Startup Time": 4.247,"Actual Total Time": 508.248,"Actual Rows": 4164,"Actual Loops": 1,"Inner Unique": true,"Plans": [{"Node Type": "Nested Loop","Parent Relationship": "Outer","Parallel Aware": false,"Async Capable": false,"Join Type": "Semi","Startup Cost": 1250.44,"Total Cost": 147378.26,"Plan Rows": 1,"Plan Width": 34,"Actual Startup Time": 4.214,"Actual Total Time": 442.064,"Actual Rows": 8468,"Actual Loops": 1,"Inner Unique": false,"Plans": [{"Node Type": "Gather","Parent Relationship": "Outer","Parallel Aware": false,"Async Capable": false,"Startup Cost": 1250.01,"Total Cost": 147377.22,"Plan Rows": 1,"Plan Width": 34,"Actual Startup Time": 4.200,"Actual Total Time": 330.934,"Actual Rows": 14141,"Actual Loops": 1,"Workers Planned": 4,"Workers Launched": 4,"Single Copy": false,"Plans": [{"Node Type": "Nested Loop","Parent Relationship": "Outer","Parallel Aware": false,"Async Capable": false,"Join Type": "Anti","Startup Cost": 250.01,"Total Cost": 146377.12,"Plan Rows": 1,"Plan Width": 34,"Actual Startup Time": 5.165,"Actual Total Time": 443.283,"Actual Rows": 2828,"Actual Loops": 5,"Inner Unique": false,"Workers": [],"Plans": [{"Node Type": "Hash Join","Parent Relationship": "Outer","Parallel Aware": false,"Async Capable": false,"Join Type": "Inner","Startup Cost": 249.58,"Total Cost": 133581.65,"Plan Rows": 19990,"Plan Width": 34,"Actual Startup Time": 5.033,"Actual Total Time": 352.494,"Actual Rows": 31380,"Actual Loops": 5,"Inner Unique": false,"Hash Cond": "(l1.l_suppkey = supplier.s_suppkey)","Workers": [],"Plans": [{"Node Type": "Seq Scan","Parent Relationship": "Outer","Parallel Aware": true,"Async Capable": false,"Relation Name": "lineitem","Alias": "l1","Startup Cost": 0.00,"Total Cost": 131256.80,"Plan Rows": 500101,"Plan Width": 8,"Actual Startup Time": 0.028,"Actual Total Time": 299.882,"Actual Rows": 758659,"Actual Loops": 5,"Filter": "(l_receiptdate > l_commitdate)","Rows Removed by Filter": 441584,"Workers": []},{"Node Type": "Hash","Parent Relationship": "Inner","Parallel Aware": false,"Async Capable": false,"Startup Cost": 244.58,"Total Cost": 244.58,"Plan Rows": 400,"Plan Width": 30,"Actual Startup Time": 4.656,"Actual Total Time": 4.665,"Actual Rows": 413,"Actual Loops": 5,"Hash Buckets": 1024,"Original Hash Buckets": 1024,"Hash Batches": 1,"Original Hash Batches": 1,"Peak Memory Usage": 34,"Workers": [],"Plans": [{"Node Type": "Nested Loop","Parent Relationship": "Outer","Parallel Aware": false,"Async Capable": false,"Join Type": "Inner","Startup Cost": 7.38,"Total Cost": 244.58,"Plan Rows": 400,"Plan Width": 30,"Actual Startup Time": 0.318,"Actual Total Time": 4.505,"Actual Rows": 413,"Actual Loops": 5,"Inner Unique": false,"Workers": [],"Plans": [{"Node Type": "Seq Scan","Parent Relationship": "Outer","Parallel Aware": false,"Async Capable": false,"Relation Name": "nation","Alias": "nation","Startup Cost": 0.00,"Total Cost": 1.31,"Plan Rows": 1,"Plan Width": 4,"Actual Startup Time": 0.066,"Actual Total Time": 0.071,"Actual Rows": 1,"Actual Loops": 5,"Filter": "(n_name = 'ARGENTINA'::bpchar)","Rows Removed by Filter": 24,"Workers": []},{"Node Type": "Bitmap Heap Scan","Parent Relationship": "Inner","Parallel Aware": false,"Async Capable": false,"Relation Name": "supplier","Alias": "supplier","Startup Cost": 7.38,"Total Cost": 239.27,"Plan Rows": 400,"Plan Width": 34,"Actual Startup Time": 0.247,"Actual Total Time": 4.358,"Actual Rows": 413,"Actual Loops": 5,"Recheck Cond": "(s_nationkey = nation.n_nationkey)","Rows Removed by Index Recheck": 0,"Exact Heap Blocks": 190,"Lossy Heap Blocks": 0,"Workers": [],"Plans": [{"Node Type": "Bitmap Index Scan","Parent Relationship": "Outer","Parallel Aware": false,"Async Capable": false,"Index Name": "idx_supplier_nation_key","Startup Cost": 0.00,"Total Cost": 7.29,"Plan Rows": 400,"Plan Width": 0,"Actual Startup Time": 0.157,"Actual Total Time": 0.158,"Actual Rows": 413,"Actual Loops": 5,"Index Cond": "(s_nationkey = nation.n_nationkey)","Workers": []}]}]}]}]},{"Node Type": "Index Scan","Parent Relationship": "Inner","Parallel Aware": false,"Async Capable": false,"Scan Direction": "Forward","Index Name": "idx_lineitem_orderkey","Relation Name": "lineitem","Alias": "l3","Startup Cost": 0.43,"Total Cost": 1.06,"Plan Rows": 6,"Plan Width": 8,"Actual Startup Time": 0.003,"Actual Total Time": 0.003,"Actual Rows": 1,"Actual Loops": 156898,"Index Cond": "(l_orderkey = l1.l_orderkey)","Rows Removed by Index Recheck": 0,"Filter": "((l_receiptdate > l_commitdate) AND (l_suppkey <> l1.l_suppkey))","Rows Removed by Filter": 1,"Workers": []}]}]},{"Node Type": "Index Scan","Parent Relationship": "Inner","Parallel Aware": false,"Async Capable": false,"Scan Direction": "Forward","Index Name": "idx_lineitem_orderkey","Relation Name": "lineitem","Alias": "l2","Startup Cost": 0.43,"Total Cost": 1.02,"Plan Rows": 17,"Plan Width": 8,"Actual Startup Time": 0.007,"Actual Total Time": 0.007,"Actual Rows": 1,"Actual Loops": 14141,"Index Cond": "(l_orderkey = l1.l_orderkey)","Rows Removed by Index Recheck": 0,"Filter": "(l_suppkey <> l1.l_suppkey)","Rows Removed by Filter": 1}]},{"Node Type": "Index Scan","Parent Relationship": "Inner","Parallel Aware": false,"Async Capable": false,"Scan Direction": "Forward","Index Name": "orders_pkey","Relation Name": "orders","Alias": "orders","Startup Cost": 0.43,"Total Cost": 0.51,"Plan Rows": 1,"Plan Width": 4,"Actual Startup Time": 0.008,"Actual Total Time": 0.008,"Actual Rows": 0,"Actual Loops": 8468,"Index Cond": "(o_orderkey = l1.l_orderkey)","Rows Removed by Index Recheck": 0,"Filter": "(o_orderstatus = 'F'::bpchar)","Rows Removed by Filter": 1}]}]}]}]},"Planning Time": 8.601,"Triggers": [],"Execution Time": 522.197}]
[{"Plan": {"Node Type": "Sort","Parallel Aware": false,"Async Capable": false,"Startup Cost": 147378.80,"Total Cost": 147378.81,"Plan Rows": 1,"Plan Width": 34,"Actual Startup Time": 501.108,"Actual Total Time": 521.576,"Actual Rows": 402,"Actual Loops": 1,"Sort Key": ["(count(*)) DESC", "supplier.s_name"],"Sort Method": "quicksort","Sort Space Used": 56,"Sort Space Type": "Memory","Plans": [{"Node Type": "Aggregate","Strategy": "Sorted","Partial Mode": "Simple","Parent Relationship": "Outer","Parallel Aware": false,"Async Capable": false,"Startup Cost": 147378.77,"Total Cost": 147378.79,"Plan Rows": 1,"Plan Width": 34,"Actual Startup Time": 499.889,"Actual Total Time": 520.867,"Actual Rows": 402,"Actual Loops": 1,"Group Key": ["supplier.s_name"],"Plans": [{"Node Type": "Sort","Parent Relationship": "Outer","Parallel Aware": false,"Async Capable": false,"Startup Cost": 147378.77,"Total Cost": 147378.78,"Plan Rows": 1,"Plan Width": 26,"Actual Startup Time": 499.865,"Actual Total Time": 520.454,"Actual Rows": 3981,"Actual Loops": 1,"Sort Key": ["supplier.s_name"],"Sort Method": "quicksort","Sort Space Used": 376,"Sort Space Type": "Memory","Plans": [{"Node Type": "Nested Loop","Parent Relationship": "Outer","Parallel Aware": false,"Async Capable": false,"Join Type": "Inner","Startup Cost": 1250.87,"Total Cost": 147378.76,"Plan Rows": 1,"Plan Width": 26,"Actual Startup Time": 4.395,"Actual Total Time": 509.623,"Actual Rows": 3981,"Actual Loops": 1,"Inner Unique": true,"Plans": [{"Node Type": "Nested Loop","Parent Relationship": "Outer","Parallel Aware": false,"Async Capable": false,"Join Type": "Semi","Startup Cost": 1250.44,"Total Cost": 147378.26,"Plan Rows": 1,"Plan Width": 34,"Actual Startup Time": 4.360,"Actual Total Time": 449.398,"Actual Rows": 7983,"Actual Loops": 1,"Inner Unique": false,"Plans": [{"Node Type": "Gather","Parent Relationship": "Outer","Parallel Aware": false,"Async Capable": false,"Startup Cost": 1250.01,"Total Cost": 147377.22,"Plan Rows": 1,"Plan Width": 34,"Actual Startup Time": 4.200,"Actual Total Time": 345.088,"Actual Rows": 13400,"Actual Loops": 1,"Workers Planned": 4,"Workers Launched": 4,"Single Copy": false,"Plans": [{"Node Type": "Nested Loop","Parent Relationship": "Outer","Parallel Aware": false,"Async Capable": false,"Join Type": "Anti","Startup Cost": 250.01,"Total Cost": 146377.12,"Plan Rows": 1,"Plan Width": 34,"Actual Startup Time": 4.071,"Actual Total Time": 443.940,"Actual Rows": 2680,"Actual Loops": 5,"Inner Unique": false,"Workers": [],"Plans": [{"Node Type": "Hash Join","Parent Relationship": "Outer","Parallel Aware": false,"Async Capable": false,"Join Type": "Inner","Startup Cost": 249.58,"Total Cost": 133581.65,"Plan Rows": 19990,"Plan Width": 34,"Actual Startup Time": 3.886,"Actual Total Time": 354.291,"Actual Rows": 30378,"Actual Loops": 5,"Inner Unique": false,"Hash Cond": "(l1.l_suppkey = supplier.s_suppkey)","Workers": [],"Plans": [{"Node Type": "Seq Scan","Parent Relationship": "Outer","Parallel Aware": true,"Async Capable": false,"Relation Name": "lineitem","Alias": "l1","Startup Cost": 0.00,"Total Cost": 131256.80,"Plan Rows": 500101,"Plan Width": 8,"Actual Startup Time": 0.029,"Actual Total Time": 304.276,"Actual Rows": 758659,"Actual Loops": 5,"Filter": "(l_receiptdate > l_commitdate)","Rows Removed by Filter": 441584,"Workers": []},{"Node Type": "Hash","Parent Relationship": "Inner","Parallel Aware": false,"Async Capable": false,"Startup Cost": 244.58,"Total Cost": 244.58,"Plan Rows": 400,"Plan Width": 30,"Actual Startup Time": 3.550,"Actual Total Time": 3.564,"Actual Rows": 402,"Actual Loops": 5,"Hash Buckets": 1024,"Original Hash Buckets": 1024,"Hash Batches": 1,"Original Hash Batches": 1,"Peak Memory Usage": 34,"Workers": [],"Plans": [{"Node Type": "Nested Loop","Parent Relationship": "Outer","Parallel Aware": false,"Async Capable": false,"Join Type": "Inner","Startup Cost": 7.38,"Total Cost": 244.58,"Plan Rows": 400,"Plan Width": 30,"Actual Startup Time": 0.305,"Actual Total Time": 3.431,"Actual Rows": 402,"Actual Loops": 5,"Inner Unique": false,"Workers": [],"Plans": [{"Node Type": "Seq Scan","Parent Relationship": "Outer","Parallel Aware": false,"Async Capable": false,"Relation Name": "nation","Alias": "nation","Startup Cost": 0.00,"Total Cost": 1.31,"Plan Rows": 1,"Plan Width": 4,"Actual Startup Time": 0.076,"Actual Total Time": 0.081,"Actual Rows": 1,"Actual Loops": 5,"Filter": "(n_name = 'FRANCE'::bpchar)","Rows Removed by Filter": 24,"Workers": []},{"Node Type": "Bitmap Heap Scan","Parent Relationship": "Inner","Parallel Aware": false,"Async Capable": false,"Relation Name": "supplier","Alias": "supplier","Startup Cost": 7.38,"Total Cost": 239.27,"Plan Rows": 400,"Plan Width": 34,"Actual Startup Time": 0.223,"Actual Total Time": 3.284,"Actual Rows": 402,"Actual Loops": 5,"Recheck Cond": "(s_nationkey = nation.n_nationkey)","Rows Removed by Index Recheck": 0,"Exact Heap Blocks": 184,"Lossy Heap Blocks": 0,"Workers": [],"Plans": [{"Node Type": "Bitmap Index Scan","Parent Relationship": "Outer","Parallel Aware": false,"Async Capable": false,"Index Name": "idx_supplier_nation_key","Startup Cost": 0.00,"Total Cost": 7.29,"Plan Rows": 400,"Plan Width": 0,"Actual Startup Time": 0.129,"Actual Total Time": 0.130,"Actual Rows": 402,"Actual Loops": 5,"Index Cond": "(s_nationkey = nation.n_nationkey)","Workers": []}]}]}]}]},{"Node Type": "Index Scan","Parent Relationship": "Inner","Parallel Aware": false,"Async Capable": false,"Scan Direction": "Forward","Index Name": "idx_lineitem_orderkey","Relation Name": "lineitem","Alias": "l3","Startup Cost": 0.43,"Total Cost": 1.06,"Plan Rows": 6,"Plan Width": 8,"Actual Startup Time": 0.003,"Actual Total Time": 0.003,"Actual Rows": 1,"Actual Loops": 151892,"Index Cond": "(l_orderkey = l1.l_orderkey)","Rows Removed by Index Recheck": 0,"Filter": "((l_receiptdate > l_commitdate) AND (l_suppkey <> l1.l_suppkey))","Rows Removed by Filter": 1,"Workers": []}]}]},{"Node Type": "Index Scan","Parent Relationship": "Inner","Parallel Aware": false,"Async Capable": false,"Scan Direction": "Forward","Index Name": "idx_lineitem_orderkey","Relation Name": "lineitem","Alias": "l2","Startup Cost": 0.43,"Total Cost": 1.02,"Plan Rows": 17,"Plan Width": 8,"Actual Startup Time": 0.007,"Actual Total Time": 0.007,"Actual Rows": 1,"Actual Loops": 13400,"Index Cond": "(l_orderkey = l1.l_orderkey)","Rows Removed by Index Recheck": 0,"Filter": "(l_suppkey <> l1.l_suppkey)","Rows Removed by Filter": 1}]},{"Node Type": "Index Scan","Parent Relationship": "Inner","Parallel Aware": false,"Async Capable": false,"Scan Direction": "Forward","Index Name": "orders_pkey","Relation Name": "orders","Alias": "orders","Startup Cost": 0.43,"Total Cost": 0.51,"Plan Rows": 1,"Plan Width": 4,"Actual Startup Time": 0.007,"Actual Total Time": 0.007,"Actual Rows": 0,"Actual Loops": 7983,"Index Cond": "(o_orderkey = l1.l_orderkey)","Rows Removed by Index Recheck": 0,"Filter": "(o_orderstatus = 'F'::bpchar)","Rows Removed by Filter": 1}]}]}]}]},"Planning Time": 8.323,"Triggers": [],"Execution Time": 522.235}]
[{"Plan": {"Node Type": "Sort","Parallel Aware": false,"Async Capable": false,"Startup Cost": 147378.80,"Total Cost": 147378.81,"Plan Rows": 1,"Plan Width": 34,"Actual Startup Time": 500.228,"Actual Total Time": 519.082,"Actual Rows": 412,"Actual Loops": 1,"Sort Key": ["(count(*)) DESC", "supplier.s_name"],"Sort Method": "quicksort","Sort Space Used": 57,"Sort Space Type": "Memory","Plans": [{"Node Type": "Aggregate","Strategy": "Sorted","Partial Mode": "Simple","Parent Relationship": "Outer","Parallel Aware": false,"Async Capable": false,"Startup Cost": 147378.77,"Total Cost": 147378.79,"Plan Rows": 1,"Plan Width": 34,"Actual Startup Time": 498.981,"Actual Total Time": 518.359,"Actual Rows": 412,"Actual Loops": 1,"Group Key": ["supplier.s_name"],"Plans": [{"Node Type": "Sort","Parent Relationship": "Outer","Parallel Aware": false,"Async Capable": false,"Startup Cost": 147378.77,"Total Cost": 147378.78,"Plan Rows": 1,"Plan Width": 26,"Actual Startup Time": 498.949,"Actual Total Time": 517.928,"Actual Rows": 4030,"Actual Loops": 1,"Sort Key": ["supplier.s_name"],"Sort Method": "quicksort","Sort Space Used": 380,"Sort Space Type": "Memory","Plans": [{"Node Type": "Nested Loop","Parent Relationship": "Outer","Parallel Aware": false,"Async Capable": false,"Join Type": "Inner","Startup Cost": 1250.87,"Total Cost": 147378.76,"Plan Rows": 1,"Plan Width": 26,"Actual Startup Time": 4.020,"Actual Total Time": 506.052,"Actual Rows": 4030,"Actual Loops": 1,"Inner Unique": true,"Plans": [{"Node Type": "Nested Loop","Parent Relationship": "Outer","Parallel Aware": false,"Async Capable": false,"Join Type": "Semi","Startup Cost": 1250.44,"Total Cost": 147378.26,"Plan Rows": 1,"Plan Width": 34,"Actual Startup Time": 3.993,"Actual Total Time": 443.011,"Actual Rows": 8146,"Actual Loops": 1,"Inner Unique": false,"Plans": [{"Node Type": "Gather","Parent Relationship": "Outer","Parallel Aware": false,"Async Capable": false,"Startup Cost": 1250.01,"Total Cost": 147377.22,"Plan Rows": 1,"Plan Width": 34,"Actual Startup Time": 3.980,"Actual Total Time": 336.738,"Actual Rows": 13748,"Actual Loops": 1,"Workers Planned": 4,"Workers Launched": 4,"Single Copy": false,"Plans": [{"Node Type": "Nested Loop","Parent Relationship": "Outer","Parallel Aware": false,"Async Capable": false,"Join Type": "Anti","Startup Cost": 250.01,"Total Cost": 146377.12,"Plan Rows": 1,"Plan Width": 34,"Actual Startup Time": 4.569,"Actual Total Time": 441.712,"Actual Rows": 2750,"Actual Loops": 5,"Inner Unique": false,"Workers": [],"Plans": [{"Node Type": "Hash Join","Parent Relationship": "Outer","Parallel Aware": false,"Async Capable": false,"Join Type": "Inner","Startup Cost": 249.58,"Total Cost": 133581.65,"Plan Rows": 19990,"Plan Width": 34,"Actual Startup Time": 4.262,"Actual Total Time": 350.942,"Actual Rows": 31209,"Actual Loops": 5,"Inner Unique": false,"Hash Cond": "(l1.l_suppkey = supplier.s_suppkey)","Workers": [],"Plans": [{"Node Type": "Seq Scan","Parent Relationship": "Outer","Parallel Aware": true,"Async Capable": false,"Relation Name": "lineitem","Alias": "l1","Startup Cost": 0.00,"Total Cost": 131256.80,"Plan Rows": 500101,"Plan Width": 8,"Actual Startup Time": 0.026,"Actual Total Time": 299.296,"Actual Rows": 758659,"Actual Loops": 5,"Filter": "(l_receiptdate > l_commitdate)","Rows Removed by Filter": 441584,"Workers": []},{"Node Type": "Hash","Parent Relationship": "Inner","Parallel Aware": false,"Async Capable": false,"Startup Cost": 244.58,"Total Cost": 244.58,"Plan Rows": 400,"Plan Width": 30,"Actual Startup Time": 3.907,"Actual Total Time": 3.918,"Actual Rows": 412,"Actual Loops": 5,"Hash Buckets": 1024,"Original Hash Buckets": 1024,"Hash Batches": 1,"Original Hash Batches": 1,"Peak Memory Usage": 34,"Workers": [],"Plans": [{"Node Type": "Nested Loop","Parent Relationship": "Outer","Parallel Aware": false,"Async Capable": false,"Join Type": "Inner","Startup Cost": 7.38,"Total Cost": 244.58,"Plan Rows": 400,"Plan Width": 30,"Actual Startup Time": 0.286,"Actual Total Time": 3.756,"Actual Rows": 412,"Actual Loops": 5,"Inner Unique": false,"Workers": [],"Plans": [{"Node Type": "Seq Scan","Parent Relationship": "Outer","Parallel Aware": false,"Async Capable": false,"Relation Name": "nation","Alias": "nation","Startup Cost": 0.00,"Total Cost": 1.31,"Plan Rows": 1,"Plan Width": 4,"Actual Startup Time": 0.059,"Actual Total Time": 0.064,"Actual Rows": 1,"Actual Loops": 5,"Filter": "(n_name = 'CANADA'::bpchar)","Rows Removed by Filter": 24,"Workers": []},{"Node Type": "Bitmap Heap Scan","Parent Relationship": "Inner","Parallel Aware": false,"Async Capable": false,"Relation Name": "supplier","Alias": "supplier","Startup Cost": 7.38,"Total Cost": 239.27,"Plan Rows": 400,"Plan Width": 34,"Actual Startup Time": 0.222,"Actual Total Time": 3.623,"Actual Rows": 412,"Actual Loops": 5,"Recheck Cond": "(s_nationkey = nation.n_nationkey)","Rows Removed by Index Recheck": 0,"Exact Heap Blocks": 189,"Lossy Heap Blocks": 0,"Workers": [],"Plans": [{"Node Type": "Bitmap Index Scan","Parent Relationship": "Outer","Parallel Aware": false,"Async Capable": false,"Index Name": "idx_supplier_nation_key","Startup Cost": 0.00,"Total Cost": 7.29,"Plan Rows": 400,"Plan Width": 0,"Actual Startup Time": 0.144,"Actual Total Time": 0.145,"Actual Rows": 412,"Actual Loops": 5,"Index Cond": "(s_nationkey = nation.n_nationkey)","Workers": []}]}]}]}]},{"Node Type": "Index Scan","Parent Relationship": "Inner","Parallel Aware": false,"Async Capable": false,"Scan Direction": "Forward","Index Name": "idx_lineitem_orderkey","Relation Name": "lineitem","Alias": "l3","Startup Cost": 0.43,"Total Cost": 1.06,"Plan Rows": 6,"Plan Width": 8,"Actual Startup Time": 0.003,"Actual Total Time": 0.003,"Actual Rows": 1,"Actual Loops": 156047,"Index Cond": "(l_orderkey = l1.l_orderkey)","Rows Removed by Index Recheck": 0,"Filter": "((l_receiptdate > l_commitdate) AND (l_suppkey <> l1.l_suppkey))","Rows Removed by Filter": 1,"Workers": []}]}]},{"Node Type": "Index Scan","Parent Relationship": "Inner","Parallel Aware": false,"Async Capable": false,"Scan Direction": "Forward","Index Name": "idx_lineitem_orderkey","Relation Name": "lineitem","Alias": "l2","Startup Cost": 0.43,"Total Cost": 1.02,"Plan Rows": 17,"Plan Width": 8,"Actual Startup Time": 0.007,"Actual Total Time": 0.007,"Actual Rows": 1,"Actual Loops": 13748,"Index Cond": "(l_orderkey = l1.l_orderkey)","Rows Removed by Index Recheck": 0,"Filter": "(l_suppkey <> l1.l_suppkey)","Rows Removed by Filter": 1}]},{"Node Type": "Index Scan","Parent Relationship": "Inner","Parallel Aware": false,"Async Capable": false,"Scan Direction": "Forward","Index Name": "orders_pkey","Relation Name": "orders","Alias": "orders","Startup Cost": 0.43,"Total Cost": 0.51,"Plan Rows": 1,"Plan Width": 4,"Actual Startup Time": 0.007,"Actual Total Time": 0.007,"Actual Rows": 0,"Actual Loops": 8146,"Index Cond": "(o_orderkey = l1.l_orderkey)","Rows Removed by Index Recheck": 0,"Filter": "(o_orderstatus = 'F'::bpchar)","Rows Removed by Filter": 1}]}]}]}]},"Planning Time": 9.689,"Triggers": [],"Execution Time": 519.513}]
[{"Plan": {"Node Type": "Sort","Parallel Aware": false,"Async Capable": false,"Startup Cost": 147378.80,"Total Cost": 147378.81,"Plan Rows": 1,"Plan Width": 34,"Actual Startup Time": 501.304,"Actual Total Time": 522.071,"Actual Rows": 393,"Actual Loops": 1,"Sort Key": ["(count(*)) DESC", "supplier.s_name"],"Sort Method": "quicksort","Sort Space Used": 55,"Sort Space Type": "Memory","Plans": [{"Node Type": "Aggregate","Strategy": "Sorted","Partial Mode": "Simple","Parent Relationship": "Outer","Parallel Aware": false,"Async Capable": false,"Startup Cost": 147378.77,"Total Cost": 147378.79,"Plan Rows": 1,"Plan Width": 34,"Actual Startup Time": 500.141,"Actual Total Time": 521.406,"Actual Rows": 393,"Actual Loops": 1,"Group Key": ["supplier.s_name"],"Plans": [{"Node Type": "Sort","Parent Relationship": "Outer","Parallel Aware": false,"Async Capable": false,"Startup Cost": 147378.77,"Total Cost": 147378.78,"Plan Rows": 1,"Plan Width": 26,"Actual Startup Time": 500.117,"Actual Total Time": 521.005,"Actual Rows": 3888,"Actual Loops": 1,"Sort Key": ["supplier.s_name"],"Sort Method": "quicksort","Sort Space Used": 370,"Sort Space Type": "Memory","Plans": [{"Node Type": "Nested Loop","Parent Relationship": "Outer","Parallel Aware": false,"Async Capable": false,"Join Type": "Inner","Startup Cost": 1250.87,"Total Cost": 147378.76,"Plan Rows": 1,"Plan Width": 26,"Actual Startup Time": 4.419,"Actual Total Time": 510.533,"Actual Rows": 3888,"Actual Loops": 1,"Inner Unique": true,"Plans": [{"Node Type": "Nested Loop","Parent Relationship": "Outer","Parallel Aware": false,"Async Capable": false,"Join Type": "Semi","Startup Cost": 1250.44,"Total Cost": 147378.26,"Plan Rows": 1,"Plan Width": 34,"Actual Startup Time": 4.399,"Actual Total Time": 450.183,"Actual Rows": 7870,"Actual Loops": 1,"Inner Unique": false,"Plans": [{"Node Type": "Gather","Parent Relationship": "Outer","Parallel Aware": false,"Async Capable": false,"Startup Cost": 1250.01,"Total Cost": 147377.22,"Plan Rows": 1,"Plan Width": 34,"Actual Startup Time": 4.381,"Actual Total Time": 345.433,"Actual Rows": 13167,"Actual Loops": 1,"Workers Planned": 4,"Workers Launched": 4,"Single Copy": false,"Plans": [{"Node Type": "Nested Loop","Parent Relationship": "Outer","Parallel Aware": false,"Async Capable": false,"Join Type": "Anti","Startup Cost": 250.01,"Total Cost": 146377.12,"Plan Rows": 1,"Plan Width": 34,"Actual Startup Time": 4.384,"Actual Total Time": 444.967,"Actual Rows": 2633,"Actual Loops": 5,"Inner Unique": false,"Workers": [],"Plans": [{"Node Type": "Hash Join","Parent Relationship": "Outer","Parallel Aware": false,"Async Capable": false,"Join Type": "Inner","Startup Cost": 249.58,"Total Cost": 133581.65,"Plan Rows": 19990,"Plan Width": 34,"Actual Startup Time": 4.142,"Actual Total Time": 356.305,"Actual Rows": 29760,"Actual Loops": 5,"Inner Unique": false,"Hash Cond": "(l1.l_suppkey = supplier.s_suppkey)","Workers": [],"Plans": [{"Node Type": "Seq Scan","Parent Relationship": "Outer","Parallel Aware": true,"Async Capable": false,"Relation Name": "lineitem","Alias": "l1","Startup Cost": 0.00,"Total Cost": 131256.80,"Plan Rows": 500101,"Plan Width": 8,"Actual Startup Time": 0.027,"Actual Total Time": 306.242,"Actual Rows": 758659,"Actual Loops": 5,"Filter": "(l_receiptdate > l_commitdate)","Rows Removed by Filter": 441584,"Workers": []},{"Node Type": "Hash","Parent Relationship": "Inner","Parallel Aware": false,"Async Capable": false,"Startup Cost": 244.58,"Total Cost": 244.58,"Plan Rows": 400,"Plan Width": 30,"Actual Startup Time": 3.834,"Actual Total Time": 3.847,"Actual Rows": 393,"Actual Loops": 5,"Hash Buckets": 1024,"Original Hash Buckets": 1024,"Hash Batches": 1,"Original Hash Batches": 1,"Peak Memory Usage": 33,"Workers": [],"Plans": [{"Node Type": "Nested Loop","Parent Relationship": "Outer","Parallel Aware": false,"Async Capable": false,"Join Type": "Inner","Startup Cost": 7.38,"Total Cost": 244.58,"Plan Rows": 400,"Plan Width": 30,"Actual Startup Time": 0.244,"Actual Total Time": 3.695,"Actual Rows": 393,"Actual Loops": 5,"Inner Unique": false,"Workers": [],"Plans": [{"Node Type": "Seq Scan","Parent Relationship": "Outer","Parallel Aware": false,"Async Capable": false,"Relation Name": "nation","Alias": "nation","Startup Cost": 0.00,"Total Cost": 1.31,"Plan Rows": 1,"Plan Width": 4,"Actual Startup Time": 0.049,"Actual Total Time": 0.055,"Actual Rows": 1,"Actual Loops": 5,"Filter": "(n_name = 'IRAN'::bpchar)","Rows Removed by Filter": 24,"Workers": []},{"Node Type": "Bitmap Heap Scan","Parent Relationship": "Inner","Parallel Aware": false,"Async Capable": false,"Relation Name": "supplier","Alias": "supplier","Startup Cost": 7.38,"Total Cost": 239.27,"Plan Rows": 400,"Plan Width": 34,"Actual Startup Time": 0.188,"Actual Total Time": 3.562,"Actual Rows": 393,"Actual Loops": 5,"Recheck Cond": "(s_nationkey = nation.n_nationkey)","Rows Removed by Index Recheck": 0,"Exact Heap Blocks": 179,"Lossy Heap Blocks": 0,"Workers": [],"Plans": [{"Node Type": "Bitmap Index Scan","Parent Relationship": "Outer","Parallel Aware": false,"Async Capable": false,"Index Name": "idx_supplier_nation_key","Startup Cost": 0.00,"Total Cost": 7.29,"Plan Rows": 400,"Plan Width": 0,"Actual Startup Time": 0.116,"Actual Total Time": 0.118,"Actual Rows": 393,"Actual Loops": 5,"Index Cond": "(s_nationkey = nation.n_nationkey)","Workers": []}]}]}]}]},{"Node Type": "Index Scan","Parent Relationship": "Inner","Parallel Aware": false,"Async Capable": false,"Scan Direction": "Forward","Index Name": "idx_lineitem_orderkey","Relation Name": "lineitem","Alias": "l3","Startup Cost": 0.43,"Total Cost": 1.06,"Plan Rows": 6,"Plan Width": 8,"Actual Startup Time": 0.003,"Actual Total Time": 0.003,"Actual Rows": 1,"Actual Loops": 148802,"Index Cond": "(l_orderkey = l1.l_orderkey)","Rows Removed by Index Recheck": 0,"Filter": "((l_receiptdate > l_commitdate) AND (l_suppkey <> l1.l_suppkey))","Rows Removed by Filter": 1,"Workers": []}]}]},{"Node Type": "Index Scan","Parent Relationship": "Inner","Parallel Aware": false,"Async Capable": false,"Scan Direction": "Forward","Index Name": "idx_lineitem_orderkey","Relation Name": "lineitem","Alias": "l2","Startup Cost": 0.43,"Total Cost": 1.02,"Plan Rows": 17,"Plan Width": 8,"Actual Startup Time": 0.008,"Actual Total Time": 0.008,"Actual Rows": 1,"Actual Loops": 13167,"Index Cond": "(l_orderkey = l1.l_orderkey)","Rows Removed by Index Recheck": 0,"Filter": "(l_suppkey <> l1.l_suppkey)","Rows Removed by Filter": 1}]},{"Node Type": "Index Scan","Parent Relationship": "Inner","Parallel Aware": false,"Async Capable": false,"Scan Direction": "Forward","Index Name": "orders_pkey","Relation Name": "orders","Alias": "orders","Startup Cost": 0.43,"Total Cost": 0.51,"Plan Rows": 1,"Plan Width": 4,"Actual Startup Time": 0.007,"Actual Total Time": 0.007,"Actual Rows": 0,"Actual Loops": 7870,"Index Cond": "(o_orderkey = l1.l_orderkey)","Rows Removed by Index Recheck": 0,"Filter": "(o_orderstatus = 'F'::bpchar)","Rows Removed by Filter": 1}]}]}]}]},"Planning Time": 9.769,"Triggers": [],"Execution Time": 522.666}]
[{"Plan": {"Node Type": "Sort","Parallel Aware": false,"Async Capable": false,"Startup Cost": 147378.80,"Total Cost": 147378.81,"Plan Rows": 1,"Plan Width": 34,"Actual Startup Time": 512.736,"Actual Total Time": 529.210,"Actual Rows": 438,"Actual Loops": 1,"Sort Key": ["(count(*)) DESC", "supplier.s_name"],"Sort Method": "quicksort","Sort Space Used": 59,"Sort Space Type": "Memory","Plans": [{"Node Type": "Aggregate","Strategy": "Sorted","Partial Mode": "Simple","Parent Relationship": "Outer","Parallel Aware": false,"Async Capable": false,"Startup Cost": 147378.77,"Total Cost": 147378.79,"Plan Rows": 1,"Plan Width": 34,"Actual Startup Time": 511.404,"Actual Total Time": 528.425,"Actual Rows": 438,"Actual Loops": 1,"Group Key": ["supplier.s_name"],"Plans": [{"Node Type": "Sort","Parent Relationship": "Outer","Parallel Aware": false,"Async Capable": false,"Startup Cost": 147378.77,"Total Cost": 147378.78,"Plan Rows": 1,"Plan Width": 26,"Actual Startup Time": 511.372,"Actual Total Time": 527.974,"Actual Rows": 4210,"Actual Loops": 1,"Sort Key": ["supplier.s_name"],"Sort Method": "quicksort","Sort Space Used": 489,"Sort Space Type": "Memory","Plans": [{"Node Type": "Nested Loop","Parent Relationship": "Outer","Parallel Aware": false,"Async Capable": false,"Join Type": "Inner","Startup Cost": 1250.87,"Total Cost": 147378.76,"Plan Rows": 1,"Plan Width": 26,"Actual Startup Time": 5.368,"Actual Total Time": 515.358,"Actual Rows": 4210,"Actual Loops": 1,"Inner Unique": true,"Plans": [{"Node Type": "Nested Loop","Parent Relationship": "Outer","Parallel Aware": false,"Async Capable": false,"Join Type": "Semi","Startup Cost": 1250.44,"Total Cost": 147378.26,"Plan Rows": 1,"Plan Width": 34,"Actual Startup Time": 5.330,"Actual Total Time": 447.041,"Actual Rows": 8778,"Actual Loops": 1,"Inner Unique": false,"Plans": [{"Node Type": "Gather","Parent Relationship": "Outer","Parallel Aware": false,"Async Capable": false,"Startup Cost": 1250.01,"Total Cost": 147377.22,"Plan Rows": 1,"Plan Width": 34,"Actual Startup Time": 5.278,"Actual Total Time": 329.789,"Actual Rows": 14669,"Actual Loops": 1,"Workers Planned": 4,"Workers Launched": 4,"Single Copy": false,"Plans": [{"Node Type": "Nested Loop","Parent Relationship": "Outer","Parallel Aware": false,"Async Capable": false,"Join Type": "Anti","Startup Cost": 250.01,"Total Cost": 146377.12,"Plan Rows": 1,"Plan Width": 34,"Actual Startup Time": 5.105,"Actual Total Time": 449.554,"Actual Rows": 2934,"Actual Loops": 5,"Inner Unique": false,"Workers": [],"Plans": [{"Node Type": "Hash Join","Parent Relationship": "Outer","Parallel Aware": false,"Async Capable": false,"Join Type": "Inner","Startup Cost": 249.58,"Total Cost": 133581.65,"Plan Rows": 19990,"Plan Width": 34,"Actual Startup Time": 4.734,"Actual Total Time": 354.759,"Actual Rows": 33108,"Actual Loops": 5,"Inner Unique": false,"Hash Cond": "(l1.l_suppkey = supplier.s_suppkey)","Workers": [],"Plans": [{"Node Type": "Seq Scan","Parent Relationship": "Outer","Parallel Aware": true,"Async Capable": false,"Relation Name": "lineitem","Alias": "l1","Startup Cost": 0.00,"Total Cost": 131256.80,"Plan Rows": 500101,"Plan Width": 8,"Actual Startup Time": 0.025,"Actual Total Time": 303.070,"Actual Rows": 758659,"Actual Loops": 5,"Filter": "(l_receiptdate > l_commitdate)","Rows Removed by Filter": 441584,"Workers": []},{"Node Type": "Hash","Parent Relationship": "Inner","Parallel Aware": false,"Async Capable": false,"Startup Cost": 244.58,"Total Cost": 244.58,"Plan Rows": 400,"Plan Width": 30,"Actual Startup Time": 4.446,"Actual Total Time": 4.454,"Actual Rows": 438,"Actual Loops": 5,"Hash Buckets": 1024,"Original Hash Buckets": 1024,"Hash Batches": 1,"Original Hash Batches": 1,"Peak Memory Usage": 36,"Workers": [],"Plans": [{"Node Type": "Nested Loop","Parent Relationship": "Outer","Parallel Aware": false,"Async Capable": false,"Join Type": "Inner","Startup Cost": 7.38,"Total Cost": 244.58,"Plan Rows": 400,"Plan Width": 30,"Actual Startup Time": 0.266,"Actual Total Time": 4.290,"Actual Rows": 438,"Actual Loops": 5,"Inner Unique": false,"Workers": [],"Plans": [{"Node Type": "Seq Scan","Parent Relationship": "Outer","Parallel Aware": false,"Async Capable": false,"Relation Name": "nation","Alias": "nation","Startup Cost": 0.00,"Total Cost": 1.31,"Plan Rows": 1,"Plan Width": 4,"Actual Startup Time": 0.058,"Actual Total Time": 0.064,"Actual Rows": 1,"Actual Loops": 5,"Filter": "(n_name = 'IRAQ'::bpchar)","Rows Removed by Filter": 24,"Workers": []},{"Node Type": "Bitmap Heap Scan","Parent Relationship": "Inner","Parallel Aware": false,"Async Capable": false,"Relation Name": "supplier","Alias": "supplier","Startup Cost": 7.38,"Total Cost": 239.27,"Plan Rows": 400,"Plan Width": 34,"Actual Startup Time": 0.204,"Actual Total Time": 4.151,"Actual Rows": 438,"Actual Loops": 5,"Recheck Cond": "(s_nationkey = nation.n_nationkey)","Rows Removed by Index Recheck": 0,"Exact Heap Blocks": 194,"Lossy Heap Blocks": 0,"Workers": [],"Plans": [{"Node Type": "Bitmap Index Scan","Parent Relationship": "Outer","Parallel Aware": false,"Async Capable": false,"Index Name": "idx_supplier_nation_key","Startup Cost": 0.00,"Total Cost": 7.29,"Plan Rows": 400,"Plan Width": 0,"Actual Startup Time": 0.139,"Actual Total Time": 0.140,"Actual Rows": 438,"Actual Loops": 5,"Index Cond": "(s_nationkey = nation.n_nationkey)","Workers": []}]}]}]}]},{"Node Type": "Index Scan","Parent Relationship": "Inner","Parallel Aware": false,"Async Capable": false,"Scan Direction": "Forward","Index Name": "idx_lineitem_orderkey","Relation Name": "lineitem","Alias": "l3","Startup Cost": 0.43,"Total Cost": 1.06,"Plan Rows": 6,"Plan Width": 8,"Actual Startup Time": 0.003,"Actual Total Time": 0.003,"Actual Rows": 1,"Actual Loops": 165540,"Index Cond": "(l_orderkey = l1.l_orderkey)","Rows Removed by Index Recheck": 0,"Filter": "((l_receiptdate > l_commitdate) AND (l_suppkey <> l1.l_suppkey))","Rows Removed by Filter": 1,"Workers": []}]}]},{"Node Type": "Index Scan","Parent Relationship": "Inner","Parallel Aware": false,"Async Capable": false,"Scan Direction": "Forward","Index Name": "idx_lineitem_orderkey","Relation Name": "lineitem","Alias": "l2","Startup Cost": 0.43,"Total Cost": 1.02,"Plan Rows": 17,"Plan Width": 8,"Actual Startup Time": 0.007,"Actual Total Time": 0.007,"Actual Rows": 1,"Actual Loops": 14669,"Index Cond": "(l_orderkey = l1.l_orderkey)","Rows Removed by Index Recheck": 0,"Filter": "(l_suppkey <> l1.l_suppkey)","Rows Removed by Filter": 1}]},{"Node Type": "Index Scan","Parent Relationship": "Inner","Parallel Aware": false,"Async Capable": false,"Scan Direction": "Forward","Index Name": "orders_pkey","Relation Name": "orders","Alias": "orders","Startup Cost": 0.43,"Total Cost": 0.51,"Plan Rows": 1,"Plan Width": 4,"Actual Startup Time": 0.008,"Actual Total Time": 0.008,"Actual Rows": 0,"Actual Loops": 8778,"Index Cond": "(o_orderkey = l1.l_orderkey)","Rows Removed by Index Recheck": 0,"Filter": "(o_orderstatus = 'F'::bpchar)","Rows Removed by Filter": 1}]}]}]}]},"Planning Time": 9.762,"Triggers": [],"Execution Time": 529.872}]
[{"Plan": {"Node Type": "Sort","Parallel Aware": false,"Async Capable": false,"Startup Cost": 147378.80,"Total Cost": 147378.81,"Plan Rows": 1,"Plan Width": 34,"Actual Startup Time": 491.039,"Actual Total Time": 509.746,"Actual Rows": 373,"Actual Loops": 1,"Sort Key": ["(count(*)) DESC", "supplier.s_name"],"Sort Method": "quicksort","Sort Space Used": 54,"Sort Space Type": "Memory","Plans": [{"Node Type": "Aggregate","Strategy": "Sorted","Partial Mode": "Simple","Parent Relationship": "Outer","Parallel Aware": false,"Async Capable": false,"Startup Cost": 147378.77,"Total Cost": 147378.79,"Plan Rows": 1,"Plan Width": 34,"Actual Startup Time": 489.852,"Actual Total Time": 509.039,"Actual Rows": 373,"Actual Loops": 1,"Group Key": ["supplier.s_name"],"Plans": [{"Node Type": "Sort","Parent Relationship": "Outer","Parallel Aware": false,"Async Capable": false,"Startup Cost": 147378.77,"Total Cost": 147378.78,"Plan Rows": 1,"Plan Width": 26,"Actual Startup Time": 489.818,"Actual Total Time": 508.641,"Actual Rows": 3775,"Actual Loops": 1,"Sort Key": ["supplier.s_name"],"Sort Method": "quicksort","Sort Space Used": 362,"Sort Space Type": "Memory","Plans": [{"Node Type": "Nested Loop","Parent Relationship": "Outer","Parallel Aware": false,"Async Capable": false,"Join Type": "Inner","Startup Cost": 1250.87,"Total Cost": 147378.76,"Plan Rows": 1,"Plan Width": 26,"Actual Startup Time": 4.604,"Actual Total Time": 497.627,"Actual Rows": 3775,"Actual Loops": 1,"Inner Unique": true,"Plans": [{"Node Type": "Nested Loop","Parent Relationship": "Outer","Parallel Aware": false,"Async Capable": false,"Join Type": "Semi","Startup Cost": 1250.44,"Total Cost": 147378.26,"Plan Rows": 1,"Plan Width": 34,"Actual Startup Time": 4.579,"Actual Total Time": 434.821,"Actual Rows": 7601,"Actual Loops": 1,"Inner Unique": false,"Plans": [{"Node Type": "Gather","Parent Relationship": "Outer","Parallel Aware": false,"Async Capable": false,"Startup Cost": 1250.01,"Total Cost": 147377.22,"Plan Rows": 1,"Plan Width": 34,"Actual Startup Time": 4.564,"Actual Total Time": 332.092,"Actual Rows": 12602,"Actual Loops": 1,"Workers Planned": 4,"Workers Launched": 4,"Single Copy": false,"Plans": [{"Node Type": "Nested Loop","Parent Relationship": "Outer","Parallel Aware": false,"Async Capable": false,"Join Type": "Anti","Startup Cost": 250.01,"Total Cost": 146377.12,"Plan Rows": 1,"Plan Width": 34,"Actual Startup Time": 4.313,"Actual Total Time": 433.903,"Actual Rows": 2520,"Actual Loops": 5,"Inner Unique": false,"Workers": [],"Plans": [{"Node Type": "Hash Join","Parent Relationship": "Outer","Parallel Aware": false,"Async Capable": false,"Join Type": "Inner","Startup Cost": 249.58,"Total Cost": 133581.65,"Plan Rows": 19990,"Plan Width": 34,"Actual Startup Time": 3.915,"Actual Total Time": 349.840,"Actual Rows": 28289,"Actual Loops": 5,"Inner Unique": false,"Hash Cond": "(l1.l_suppkey = supplier.s_suppkey)","Workers": [],"Plans": [{"Node Type": "Seq Scan","Parent Relationship": "Outer","Parallel Aware": true,"Async Capable": false,"Relation Name": "lineitem","Alias": "l1","Startup Cost": 0.00,"Total Cost": 131256.80,"Plan Rows": 500101,"Plan Width": 8,"Actual Startup Time": 0.025,"Actual Total Time": 300.593,"Actual Rows": 758659,"Actual Loops": 5,"Filter": "(l_receiptdate > l_commitdate)","Rows Removed by Filter": 441584,"Workers": []},{"Node Type": "Hash","Parent Relationship": "Inner","Parallel Aware": false,"Async Capable": false,"Startup Cost": 244.58,"Total Cost": 244.58,"Plan Rows": 400,"Plan Width": 30,"Actual Startup Time": 3.661,"Actual Total Time": 3.675,"Actual Rows": 373,"Actual Loops": 5,"Hash Buckets": 1024,"Original Hash Buckets": 1024,"Hash Batches": 1,"Original Hash Batches": 1,"Peak Memory Usage": 32,"Workers": [],"Plans": [{"Node Type": "Nested Loop","Parent Relationship": "Outer","Parallel Aware": false,"Async Capable": false,"Join Type": "Inner","Startup Cost": 7.38,"Total Cost": 244.58,"Plan Rows": 400,"Plan Width": 30,"Actual Startup Time": 0.231,"Actual Total Time": 3.539,"Actual Rows": 373,"Actual Loops": 5,"Inner Unique": false,"Workers": [],"Plans": [{"Node Type": "Seq Scan","Parent Relationship": "Outer","Parallel Aware": false,"Async Capable": false,"Relation Name": "nation","Alias": "nation","Startup Cost": 0.00,"Total Cost": 1.31,"Plan Rows": 1,"Plan Width": 4,"Actual Startup Time": 0.052,"Actual Total Time": 0.058,"Actual Rows": 1,"Actual Loops": 5,"Filter": "(n_name = 'MOROCCO'::bpchar)","Rows Removed by Filter": 24,"Workers": []},{"Node Type": "Bitmap Heap Scan","Parent Relationship": "Inner","Parallel Aware": false,"Async Capable": false,"Relation Name": "supplier","Alias": "supplier","Startup Cost": 7.38,"Total Cost": 239.27,"Plan Rows": 400,"Plan Width": 34,"Actual Startup Time": 0.174,"Actual Total Time": 3.419,"Actual Rows": 373,"Actual Loops": 5,"Recheck Cond": "(s_nationkey = nation.n_nationkey)","Rows Removed by Index Recheck": 0,"Exact Heap Blocks": 180,"Lossy Heap Blocks": 0,"Workers": [],"Plans": [{"Node Type": "Bitmap Index Scan","Parent Relationship": "Outer","Parallel Aware": false,"Async Capable": false,"Index Name": "idx_supplier_nation_key","Startup Cost": 0.00,"Total Cost": 7.29,"Plan Rows": 400,"Plan Width": 0,"Actual Startup Time": 0.112,"Actual Total Time": 0.115,"Actual Rows": 373,"Actual Loops": 5,"Index Cond": "(s_nationkey = nation.n_nationkey)","Workers": []}]}]}]}]},{"Node Type": "Index Scan","Parent Relationship": "Inner","Parallel Aware": false,"Async Capable": false,"Scan Direction": "Forward","Index Name": "idx_lineitem_orderkey","Relation Name": "lineitem","Alias": "l3","Startup Cost": 0.43,"Total Cost": 1.06,"Plan Rows": 6,"Plan Width": 8,"Actual Startup Time": 0.003,"Actual Total Time": 0.003,"Actual Rows": 1,"Actual Loops": 141445,"Index Cond": "(l_orderkey = l1.l_orderkey)","Rows Removed by Index Recheck": 0,"Filter": "((l_receiptdate > l_commitdate) AND (l_suppkey <> l1.l_suppkey))","Rows Removed by Filter": 1,"Workers": []}]}]},{"Node Type": "Index Scan","Parent Relationship": "Inner","Parallel Aware": false,"Async Capable": false,"Scan Direction": "Forward","Index Name": "idx_lineitem_orderkey","Relation Name": "lineitem","Alias": "l2","Startup Cost": 0.43,"Total Cost": 1.02,"Plan Rows": 17,"Plan Width": 8,"Actual Startup Time": 0.008,"Actual Total Time": 0.008,"Actual Rows": 1,"Actual Loops": 12602,"Index Cond": "(l_orderkey = l1.l_orderkey)","Rows Removed by Index Recheck": 0,"Filter": "(l_suppkey <> l1.l_suppkey)","Rows Removed by Filter": 1}]},{"Node Type": "Index Scan","Parent Relationship": "Inner","Parallel Aware": false,"Async Capable": false,"Scan Direction": "Forward","Index Name": "orders_pkey","Relation Name": "orders","Alias": "orders","Startup Cost": 0.43,"Total Cost": 0.51,"Plan Rows": 1,"Plan Width": 4,"Actual Startup Time": 0.008,"Actual Total Time": 0.008,"Actual Rows": 0,"Actual Loops": 7601,"Index Cond": "(o_orderkey = l1.l_orderkey)","Rows Removed by Index Recheck": 0,"Filter": "(o_orderstatus = 'F'::bpchar)","Rows Removed by Filter": 1}]}]}]}]},"Planning Time": 9.187,"Triggers": [],"Execution Time": 510.411}]
[{"Plan": {"Node Type": "Sort","Parallel Aware": false,"Async Capable": false,"Startup Cost": 147378.80,"Total Cost": 147378.81,"Plan Rows": 1,"Plan Width": 34,"Actual Startup Time": 509.264,"Actual Total Time": 527.696,"Actual Rows": 421,"Actual Loops": 1,"Sort Key": ["(count(*)) DESC", "supplier.s_name"],"Sort Method": "quicksort","Sort Space Used": 57,"Sort Space Type": "Memory","Plans": [{"Node Type": "Aggregate","Strategy": "Sorted","Partial Mode": "Simple","Parent Relationship": "Outer","Parallel Aware": false,"Async Capable": false,"Startup Cost": 147378.77,"Total Cost": 147378.79,"Plan Rows": 1,"Plan Width": 34,"Actual Startup Time": 507.941,"Actual Total Time": 526.990,"Actual Rows": 421,"Actual Loops": 1,"Group Key": ["supplier.s_name"],"Plans": [{"Node Type": "Sort","Parent Relationship": "Outer","Parallel Aware": false,"Async Capable": false,"Startup Cost": 147378.77,"Total Cost": 147378.78,"Plan Rows": 1,"Plan Width": 26,"Actual Startup Time": 507.919,"Actual Total Time": 526.540,"Actual Rows": 4227,"Actual Loops": 1,"Sort Key": ["supplier.s_name"],"Sort Method": "quicksort","Sort Space Used": 490,"Sort Space Type": "Memory","Plans": [{"Node Type": "Nested Loop","Parent Relationship": "Outer","Parallel Aware": false,"Async Capable": false,"Join Type": "Inner","Startup Cost": 1250.87,"Total Cost": 147378.76,"Plan Rows": 1,"Plan Width": 26,"Actual Startup Time": 5.396,"Actual Total Time": 515.076,"Actual Rows": 4227,"Actual Loops": 1,"Inner Unique": true,"Plans": [{"Node Type": "Nested Loop","Parent Relationship": "Outer","Parallel Aware": false,"Async Capable": false,"Join Type": "Semi","Startup Cost": 1250.44,"Total Cost": 147378.26,"Plan Rows": 1,"Plan Width": 34,"Actual Startup Time": 5.356,"Actual Total Time": 448.186,"Actual Rows": 8678,"Actual Loops": 1,"Inner Unique": false,"Plans": [{"Node Type": "Gather","Parent Relationship": "Outer","Parallel Aware": false,"Async Capable": false,"Startup Cost": 1250.01,"Total Cost": 147377.22,"Plan Rows": 1,"Plan Width": 34,"Actual Startup Time": 5.315,"Actual Total Time": 333.619,"Actual Rows": 14289,"Actual Loops": 1,"Workers Planned": 4,"Workers Launched": 4,"Single Copy": false,"Plans": [{"Node Type": "Nested Loop","Parent Relationship": "Outer","Parallel Aware": false,"Async Capable": false,"Join Type": "Anti","Startup Cost": 250.01,"Total Cost": 146377.12,"Plan Rows": 1,"Plan Width": 34,"Actual Startup Time": 5.155,"Actual Total Time": 447.803,"Actual Rows": 2858,"Actual Loops": 5,"Inner Unique": false,"Workers": [],"Plans": [{"Node Type": "Hash Join","Parent Relationship": "Outer","Parallel Aware": false,"Async Capable": false,"Join Type": "Inner","Startup Cost": 249.58,"Total Cost": 133581.65,"Plan Rows": 19990,"Plan Width": 34,"Actual Startup Time": 4.679,"Actual Total Time": 355.100,"Actual Rows": 31833,"Actual Loops": 5,"Inner Unique": false,"Hash Cond": "(l1.l_suppkey = supplier.s_suppkey)","Workers": [],"Plans": [{"Node Type": "Seq Scan","Parent Relationship": "Outer","Parallel Aware": true,"Async Capable": false,"Relation Name": "lineitem","Alias": "l1","Startup Cost": 0.00,"Total Cost": 131256.80,"Plan Rows": 500101,"Plan Width": 8,"Actual Startup Time": 0.028,"Actual Total Time": 302.880,"Actual Rows": 758659,"Actual Loops": 5,"Filter": "(l_receiptdate > l_commitdate)","Rows Removed by Filter": 441584,"Workers": []},{"Node Type": "Hash","Parent Relationship": "Inner","Parallel Aware": false,"Async Capable": false,"Startup Cost": 244.58,"Total Cost": 244.58,"Plan Rows": 400,"Plan Width": 30,"Actual Startup Time": 4.328,"Actual Total Time": 4.340,"Actual Rows": 421,"Actual Loops": 5,"Hash Buckets": 1024,"Original Hash Buckets": 1024,"Hash Batches": 1,"Original Hash Batches": 1,"Peak Memory Usage": 35,"Workers": [],"Plans": [{"Node Type": "Nested Loop","Parent Relationship": "Outer","Parallel Aware": false,"Async Capable": false,"Join Type": "Inner","Startup Cost": 7.38,"Total Cost": 244.58,"Plan Rows": 400,"Plan Width": 30,"Actual Startup Time": 0.319,"Actual Total Time": 4.167,"Actual Rows": 421,"Actual Loops": 5,"Inner Unique": false,"Workers": [],"Plans": [{"Node Type": "Seq Scan","Parent Relationship": "Outer","Parallel Aware": false,"Async Capable": false,"Relation Name": "nation","Alias": "nation","Startup Cost": 0.00,"Total Cost": 1.31,"Plan Rows": 1,"Plan Width": 4,"Actual Startup Time": 0.061,"Actual Total Time": 0.065,"Actual Rows": 1,"Actual Loops": 5,"Filter": "(n_name = 'PERU'::bpchar)","Rows Removed by Filter": 24,"Workers": []},{"Node Type": "Bitmap Heap Scan","Parent Relationship": "Inner","Parallel Aware": false,"Async Capable": false,"Relation Name": "supplier","Alias": "supplier","Startup Cost": 7.38,"Total Cost": 239.27,"Plan Rows": 400,"Plan Width": 34,"Actual Startup Time": 0.253,"Actual Total Time": 4.010,"Actual Rows": 421,"Actual Loops": 5,"Recheck Cond": "(s_nationkey = nation.n_nationkey)","Rows Removed by Index Recheck": 0,"Exact Heap Blocks": 187,"Lossy Heap Blocks": 0,"Workers": [],"Plans": [{"Node Type": "Bitmap Index Scan","Parent Relationship": "Outer","Parallel Aware": false,"Async Capable": false,"Index Name": "idx_supplier_nation_key","Startup Cost": 0.00,"Total Cost": 7.29,"Plan Rows": 400,"Plan Width": 0,"Actual Startup Time": 0.167,"Actual Total Time": 0.169,"Actual Rows": 421,"Actual Loops": 5,"Index Cond": "(s_nationkey = nation.n_nationkey)","Workers": []}]}]}]}]},{"Node Type": "Index Scan","Parent Relationship": "Inner","Parallel Aware": false,"Async Capable": false,"Scan Direction": "Forward","Index Name": "idx_lineitem_orderkey","Relation Name": "lineitem","Alias": "l3","Startup Cost": 0.43,"Total Cost": 1.06,"Plan Rows": 6,"Plan Width": 8,"Actual Startup Time": 0.003,"Actual Total Time": 0.003,"Actual Rows": 1,"Actual Loops": 159165,"Index Cond": "(l_orderkey = l1.l_orderkey)","Rows Removed by Index Recheck": 0,"Filter": "((l_receiptdate > l_commitdate) AND (l_suppkey <> l1.l_suppkey))","Rows Removed by Filter": 1,"Workers": []}]}]},{"Node Type": "Index Scan","Parent Relationship": "Inner","Parallel Aware": false,"Async Capable": false,"Scan Direction": "Forward","Index Name": "idx_lineitem_orderkey","Relation Name": "lineitem","Alias": "l2","Startup Cost": 0.43,"Total Cost": 1.02,"Plan Rows": 17,"Plan Width": 8,"Actual Startup Time": 0.008,"Actual Total Time": 0.008,"Actual Rows": 1,"Actual Loops": 14289,"Index Cond": "(l_orderkey = l1.l_orderkey)","Rows Removed by Index Recheck": 0,"Filter": "(l_suppkey <> l1.l_suppkey)","Rows Removed by Filter": 1}]},{"Node Type": "Index Scan","Parent Relationship": "Inner","Parallel Aware": false,"Async Capable": false,"Scan Direction": "Forward","Index Name": "orders_pkey","Relation Name": "orders","Alias": "orders","Startup Cost": 0.43,"Total Cost": 0.51,"Plan Rows": 1,"Plan Width": 4,"Actual Startup Time": 0.007,"Actual Total Time": 0.007,"Actual Rows": 0,"Actual Loops": 8678,"Index Cond": "(o_orderkey = l1.l_orderkey)","Rows Removed by Index Recheck": 0,"Filter": "(o_orderstatus = 'F'::bpchar)","Rows Removed by Filter": 1}]}]}]}]},"Planning Time": 8.374,"Triggers": [],"Execution Time": 528.458}]
[{"Plan": {"Node Type": "Sort","Parallel Aware": false,"Async Capable": false,"Startup Cost": 147378.80,"Total Cost": 147378.81,"Plan Rows": 1,"Plan Width": 34,"Actual Startup Time": 494.557,"Actual Total Time": 516.628,"Actual Rows": 380,"Actual Loops": 1,"Sort Key": ["(count(*)) DESC", "supplier.s_name"],"Sort Method": "quicksort","Sort Space Used": 54,"Sort Space Type": "Memory","Plans": [{"Node Type": "Aggregate","Strategy": "Sorted","Partial Mode": "Simple","Parent Relationship": "Outer","Parallel Aware": false,"Async Capable": false,"Startup Cost": 147378.77,"Total Cost": 147378.79,"Plan Rows": 1,"Plan Width": 34,"Actual Startup Time": 493.417,"Actual Total Time": 515.990,"Actual Rows": 380,"Actual Loops": 1,"Group Key": ["supplier.s_name"],"Plans": [{"Node Type": "Sort","Parent Relationship": "Outer","Parallel Aware": false,"Async Capable": false,"Startup Cost": 147378.77,"Total Cost": 147378.78,"Plan Rows": 1,"Plan Width": 26,"Actual Startup Time": 493.396,"Actual Total Time": 515.587,"Actual Rows": 3777,"Actual Loops": 1,"Sort Key": ["supplier.s_name"],"Sort Method": "quicksort","Sort Space Used": 362,"Sort Space Type": "Memory","Plans": [{"Node Type": "Nested Loop","Parent Relationship": "Outer","Parallel Aware": false,"Async Capable": false,"Join Type": "Inner","Startup Cost": 1250.87,"Total Cost": 147378.76,"Plan Rows": 1,"Plan Width": 26,"Actual Startup Time": 4.998,"Actual Total Time": 504.711,"Actual Rows": 3777,"Actual Loops": 1,"Inner Unique": true,"Plans": [{"Node Type": "Nested Loop","Parent Relationship": "Outer","Parallel Aware": false,"Async Capable": false,"Join Type": "Semi","Startup Cost": 1250.44,"Total Cost": 147378.26,"Plan Rows": 1,"Plan Width": 34,"Actual Startup Time": 4.963,"Actual Total Time": 440.621,"Actual Rows": 7670,"Actual Loops": 1,"Inner Unique": false,"Plans": [{"Node Type": "Gather","Parent Relationship": "Outer","Parallel Aware": false,"Async Capable": false,"Startup Cost": 1250.01,"Total Cost": 147377.22,"Plan Rows": 1,"Plan Width": 34,"Actual Startup Time": 4.951,"Actual Total Time": 333.201,"Actual Rows": 12935,"Actual Loops": 1,"Workers Planned": 4,"Workers Launched": 4,"Single Copy": false,"Plans": [{"Node Type": "Nested Loop","Parent Relationship": "Outer","Parallel Aware": false,"Async Capable": false,"Join Type": "Anti","Startup Cost": 250.01,"Total Cost": 146377.12,"Plan Rows": 1,"Plan Width": 34,"Actual Startup Time": 5.873,"Actual Total Time": 437.867,"Actual Rows": 2587,"Actual Loops": 5,"Inner Unique": false,"Workers": [],"Plans": [{"Node Type": "Hash Join","Parent Relationship": "Outer","Parallel Aware": false,"Async Capable": false,"Join Type": "Inner","Startup Cost": 249.58,"Total Cost": 133581.65,"Plan Rows": 19990,"Plan Width": 34,"Actual Startup Time": 5.239,"Actual Total Time": 352.656,"Actual Rows": 28741,"Actual Loops": 5,"Inner Unique": false,"Hash Cond": "(l1.l_suppkey = supplier.s_suppkey)","Workers": [],"Plans": [{"Node Type": "Seq Scan","Parent Relationship": "Outer","Parallel Aware": true,"Async Capable": false,"Relation Name": "lineitem","Alias": "l1","Startup Cost": 0.00,"Total Cost": 131256.80,"Plan Rows": 500101,"Plan Width": 8,"Actual Startup Time": 0.031,"Actual Total Time": 300.900,"Actual Rows": 758659,"Actual Loops": 5,"Filter": "(l_receiptdate > l_commitdate)","Rows Removed by Filter": 441584,"Workers": []},{"Node Type": "Hash","Parent Relationship": "Inner","Parallel Aware": false,"Async Capable": false,"Startup Cost": 244.58,"Total Cost": 244.58,"Plan Rows": 400,"Plan Width": 30,"Actual Startup Time": 4.907,"Actual Total Time": 4.921,"Actual Rows": 380,"Actual Loops": 5,"Hash Buckets": 1024,"Original Hash Buckets": 1024,"Hash Batches": 1,"Original Hash Batches": 1,"Peak Memory Usage": 32,"Workers": [],"Plans": [{"Node Type": "Nested Loop","Parent Relationship": "Outer","Parallel Aware": false,"Async Capable": false,"Join Type": "Inner","Startup Cost": 7.38,"Total Cost": 244.58,"Plan Rows": 400,"Plan Width": 30,"Actual Startup Time": 0.293,"Actual Total Time": 4.740,"Actual Rows": 380,"Actual Loops": 5,"Inner Unique": false,"Workers": [],"Plans": [{"Node Type": "Seq Scan","Parent Relationship": "Outer","Parallel Aware": false,"Async Capable": false,"Relation Name": "nation","Alias": "nation","Startup Cost": 0.00,"Total Cost": 1.31,"Plan Rows": 1,"Plan Width": 4,"Actual Startup Time": 0.048,"Actual Total Time": 0.056,"Actual Rows": 1,"Actual Loops": 5,"Filter": "(n_name = 'ETHIOPIA'::bpchar)","Rows Removed by Filter": 24,"Workers": []},{"Node Type": "Bitmap Heap Scan","Parent Relationship": "Inner","Parallel Aware": false,"Async Capable": false,"Relation Name": "supplier","Alias": "supplier","Startup Cost": 7.38,"Total Cost": 239.27,"Plan Rows": 400,"Plan Width": 34,"Actual Startup Time": 0.240,"Actual Total Time": 4.598,"Actual Rows": 380,"Actual Loops": 5,"Recheck Cond": "(s_nationkey = nation.n_nationkey)","Rows Removed by Index Recheck": 0,"Exact Heap Blocks": 192,"Lossy Heap Blocks": 0,"Workers": [],"Plans": [{"Node Type": "Bitmap Index Scan","Parent Relationship": "Outer","Parallel Aware": false,"Async Capable": false,"Index Name": "idx_supplier_nation_key","Startup Cost": 0.00,"Total Cost": 7.29,"Plan Rows": 400,"Plan Width": 0,"Actual Startup Time": 0.158,"Actual Total Time": 0.159,"Actual Rows": 380,"Actual Loops": 5,"Index Cond": "(s_nationkey = nation.n_nationkey)","Workers": []}]}]}]}]},{"Node Type": "Index Scan","Parent Relationship": "Inner","Parallel Aware": false,"Async Capable": false,"Scan Direction": "Forward","Index Name": "idx_lineitem_orderkey","Relation Name": "lineitem","Alias": "l3","Startup Cost": 0.43,"Total Cost": 1.06,"Plan Rows": 6,"Plan Width": 8,"Actual Startup Time": 0.003,"Actual Total Time": 0.003,"Actual Rows": 1,"Actual Loops": 143707,"Index Cond": "(l_orderkey = l1.l_orderkey)","Rows Removed by Index Recheck": 0,"Filter": "((l_receiptdate > l_commitdate) AND (l_suppkey <> l1.l_suppkey))","Rows Removed by Filter": 1,"Workers": []}]}]},{"Node Type": "Index Scan","Parent Relationship": "Inner","Parallel Aware": false,"Async Capable": false,"Scan Direction": "Forward","Index Name": "idx_lineitem_orderkey","Relation Name": "lineitem","Alias": "l2","Startup Cost": 0.43,"Total Cost": 1.02,"Plan Rows": 17,"Plan Width": 8,"Actual Startup Time": 0.008,"Actual Total Time": 0.008,"Actual Rows": 1,"Actual Loops": 12935,"Index Cond": "(l_orderkey = l1.l_orderkey)","Rows Removed by Index Recheck": 0,"Filter": "(l_suppkey <> l1.l_suppkey)","Rows Removed by Filter": 1}]},{"Node Type": "Index Scan","Parent Relationship": "Inner","Parallel Aware": false,"Async Capable": false,"Scan Direction": "Forward","Index Name": "orders_pkey","Relation Name": "orders","Alias": "orders","Startup Cost": 0.43,"Total Cost": 0.51,"Plan Rows": 1,"Plan Width": 4,"Actual Startup Time": 0.008,"Actual Total Time": 0.008,"Actual Rows": 0,"Actual Loops": 7670,"Index Cond": "(o_orderkey = l1.l_orderkey)","Rows Removed by Index Recheck": 0,"Filter": "(o_orderstatus = 'F'::bpchar)","Rows Removed by Filter": 1}]}]}]}]},"Planning Time": 9.415,"Triggers": [],"Execution Time": 517.200}]
[{"Plan": {"Node Type": "Sort","Parallel Aware": false,"Async Capable": false,"Startup Cost": 147378.80,"Total Cost": 147378.81,"Plan Rows": 1,"Plan Width": 34,"Actual Startup Time": 491.039,"Actual Total Time": 509.746,"Actual Rows": 373,"Actual Loops": 1,"Sort Key": ["(count(*)) DESC", "supplier.s_name"],"Sort Method": "quicksort","Sort Space Used": 54,"Sort Space Type": "Memory","Plans": [{"Node Type": "Aggregate","Strategy": "Sorted","Partial Mode": "Simple","Parent Relationship": "Outer","Parallel Aware": false,"Async Capable": false,"Startup Cost": 147378.77,"Total Cost": 147378.79,"Plan Rows": 1,"Plan Width": 34,"Actual Startup Time": 489.852,"Actual Total Time": 509.039,"Actual Rows": 373,"Actual Loops": 1,"Group Key": ["supplier.s_name"],"Plans": [{"Node Type": "Sort","Parent Relationship": "Outer","Parallel Aware": false,"Async Capable": false,"Startup Cost": 147378.77,"Total Cost": 147378.78,"Plan Rows": 1,"Plan Width": 26,"Actual Startup Time": 489.818,"Actual Total Time": 508.641,"Actual Rows": 3775,"Actual Loops": 1,"Sort Key": ["supplier.s_name"],"Sort Method": "quicksort","Sort Space Used": 362,"Sort Space Type": "Memory","Plans": [{"Node Type": "Nested Loop","Parent Relationship": "Outer","Parallel Aware": false,"Async Capable": false,"Join Type": "Inner","Startup Cost": 1250.87,"Total Cost": 147378.76,"Plan Rows": 1,"Plan Width": 26,"Actual Startup Time": 4.604,"Actual Total Time": 497.627,"Actual Rows": 3775,"Actual Loops": 1,"Inner Unique": true,"Plans": [{"Node Type": "Nested Loop","Parent Relationship": "Outer","Parallel Aware": false,"Async Capable": false,"Join Type": "Semi","Startup Cost": 1250.44,"Total Cost": 147378.26,"Plan Rows": 1,"Plan Width": 34,"Actual Startup Time": 4.579,"Actual Total Time": 434.821,"Actual Rows": 7601,"Actual Loops": 1,"Inner Unique": false,"Plans": [{"Node Type": "Gather","Parent Relationship": "Outer","Parallel Aware": false,"Async Capable": false,"Startup Cost": 1250.01,"Total Cost": 147377.22,"Plan Rows": 1,"Plan Width": 34,"Actual Startup Time": 4.564,"Actual Total Time": 332.092,"Actual Rows": 12602,"Actual Loops": 1,"Workers Planned": 4,"Workers Launched": 4,"Single Copy": false,"Plans": [{"Node Type": "Nested Loop","Parent Relationship": "Outer","Parallel Aware": false,"Async Capable": false,"Join Type": "Anti","Startup Cost": 250.01,"Total Cost": 146377.12,"Plan Rows": 1,"Plan Width": 34,"Actual Startup Time": 4.313,"Actual Total Time": 433.903,"Actual Rows": 2520,"Actual Loops": 5,"Inner Unique": false,"Workers": [],"Plans": [{"Node Type": "Hash Join","Parent Relationship": "Outer","Parallel Aware": false,"Async Capable": false,"Join Type": "Inner","Startup Cost": 249.58,"Total Cost": 133581.65,"Plan Rows": 19990,"Plan Width": 34,"Actual Startup Time": 3.915,"Actual Total Time": 349.840,"Actual Rows": 28289,"Actual Loops": 5,"Inner Unique": false,"Hash Cond": "(l1.l_suppkey = supplier.s_suppkey)","Workers": [],"Plans": [{"Node Type": "Seq Scan","Parent Relationship": "Outer","Parallel Aware": true,"Async Capable": false,"Relation Name": "lineitem","Alias": "l1","Startup Cost": 0.00,"Total Cost": 131256.80,"Plan Rows": 500101,"Plan Width": 8,"Actual Startup Time": 0.025,"Actual Total Time": 300.593,"Actual Rows": 758659,"Actual Loops": 5,"Filter": "(l_receiptdate > l_commitdate)","Rows Removed by Filter": 441584,"Workers": []},{"Node Type": "Hash","Parent Relationship": "Inner","Parallel Aware": false,"Async Capable": false,"Startup Cost": 244.58,"Total Cost": 244.58,"Plan Rows": 400,"Plan Width": 30,"Actual Startup Time": 3.661,"Actual Total Time": 3.675,"Actual Rows": 373,"Actual Loops": 5,"Hash Buckets": 1024,"Original Hash Buckets": 1024,"Hash Batches": 1,"Original Hash Batches": 1,"Peak Memory Usage": 32,"Workers": [],"Plans": [{"Node Type": "Nested Loop","Parent Relationship": "Outer","Parallel Aware": false,"Async Capable": false,"Join Type": "Inner","Startup Cost": 7.38,"Total Cost": 244.58,"Plan Rows": 400,"Plan Width": 30,"Actual Startup Time": 0.231,"Actual Total Time": 3.539,"Actual Rows": 373,"Actual Loops": 5,"Inner Unique": false,"Workers": [],"Plans": [{"Node Type": "Seq Scan","Parent Relationship": "Outer","Parallel Aware": false,"Async Capable": false,"Relation Name": "nation","Alias": "nation","Startup Cost": 0.00,"Total Cost": 1.31,"Plan Rows": 1,"Plan Width": 4,"Actual Startup Time": 0.052,"Actual Total Time": 0.058,"Actual Rows": 1,"Actual Loops": 5,"Filter": "(n_name = 'MOROCCO'::bpchar)","Rows Removed by Filter": 24,"Workers": []},{"Node Type": "Bitmap Heap Scan","Parent Relationship": "Inner","Parallel Aware": false,"Async Capable": false,"Relation Name": "supplier","Alias": "supplier","Startup Cost": 7.38,"Total Cost": 239.27,"Plan Rows": 400,"Plan Width": 34,"Actual Startup Time": 0.174,"Actual Total Time": 3.419,"Actual Rows": 373,"Actual Loops": 5,"Recheck Cond": "(s_nationkey = nation.n_nationkey)","Rows Removed by Index Recheck": 0,"Exact Heap Blocks": 180,"Lossy Heap Blocks": 0,"Workers": [],"Plans": [{"Node Type": "Bitmap Index Scan","Parent Relationship": "Outer","Parallel Aware": false,"Async Capable": false,"Index Name": "idx_supplier_nation_key","Startup Cost": 0.00,"Total Cost": 7.29,"Plan Rows": 400,"Plan Width": 0,"Actual Startup Time": 0.112,"Actual Total Time": 0.115,"Actual Rows": 373,"Actual Loops": 5,"Index Cond": "(s_nationkey = nation.n_nationkey)","Workers": []}]}]}]}]},{"Node Type": "Index Scan","Parent Relationship": "Inner","Parallel Aware": false,"Async Capable": false,"Scan Direction": "Forward","Index Name": "idx_lineitem_orderkey","Relation Name": "lineitem","Alias": "l3","Startup Cost": 0.43,"Total Cost": 1.06,"Plan Rows": 6,"Plan Width": 8,"Actual Startup Time": 0.003,"Actual Total Time": 0.003,"Actual Rows": 1,"Actual Loops": 141445,"Index Cond": "(l_orderkey = l1.l_orderkey)","Rows Removed by Index Recheck": 0,"Filter": "((l_receiptdate > l_commitdate) AND (l_suppkey <> l1.l_suppkey))","Rows Removed by Filter": 1,"Workers": []}]}]},{"Node Type": "Index Scan","Parent Relationship": "Inner","Parallel Aware": false,"Async Capable": false,"Scan Direction": "Forward","Index Name": "idx_lineitem_orderkey","Relation Name": "lineitem","Alias": "l2","Startup Cost": 0.43,"Total Cost": 1.02,"Plan Rows": 17,"Plan Width": 8,"Actual Startup Time": 0.008,"Actual Total Time": 0.008,"Actual Rows": 1,"Actual Loops": 12602,"Index Cond": "(l_orderkey = l1.l_orderkey)","Rows Removed by Index Recheck": 0,"Filter": "(l_suppkey <> l1.l_suppkey)","Rows Removed by Filter": 1}]},{"Node Type": "Index Scan","Parent Relationship": "Inner","Parallel Aware": false,"Async Capable": false,"Scan Direction": "Forward","Index Name": "orders_pkey","Relation Name": "orders","Alias": "orders","Startup Cost": 0.43,"Total Cost": 0.51,"Plan Rows": 1,"Plan Width": 4,"Actual Startup Time": 0.008,"Actual Total Time": 0.008,"Actual Rows": 0,"Actual Loops": 7601,"Index Cond": "(o_orderkey = l1.l_orderkey)","Rows Removed by Index Recheck": 0,"Filter": "(o_orderstatus = 'F'::bpchar)","Rows Removed by Filter": 1}]}]}]}]},"Planning Time": 9.187,"Triggers": [],"Execution Time": 510.411}]
[{"Plan": {"Node Type": "Sort","Parallel Aware": false,"Async Capable": false,"Startup Cost": 147378.80,"Total Cost": 147378.81,"Plan Rows": 1,"Plan Width": 34,"Actual Startup Time": 496.555,"Actual Total Time": 517.754,"Actual Rows": 397,"Actual Loops": 1,"Sort Key": ["(count(*)) DESC", "supplier.s_name"],"Sort Method": "quicksort","Sort Space Used": 56,"Sort Space Type": "Memory","Plans": [{"Node Type": "Aggregate","Strategy": "Sorted","Partial Mode": "Simple","Parent Relationship": "Outer","Parallel Aware": false,"Async Capable": false,"Startup Cost": 147378.77,"Total Cost": 147378.79,"Plan Rows": 1,"Plan Width": 34,"Actual Startup Time": 495.361,"Actual Total Time": 517.058,"Actual Rows": 397,"Actual Loops": 1,"Group Key": ["supplier.s_name"],"Plans": [{"Node Type": "Sort","Parent Relationship": "Outer","Parallel Aware": false,"Async Capable": false,"Startup Cost": 147378.77,"Total Cost": 147378.78,"Plan Rows": 1,"Plan Width": 26,"Actual Startup Time": 495.332,"Actual Total Time": 516.651,"Actual Rows": 3913,"Actual Loops": 1,"Sort Key": ["supplier.s_name"],"Sort Method": "quicksort","Sort Space Used": 372,"Sort Space Type": "Memory","Plans": [{"Node Type": "Nested Loop","Parent Relationship": "Outer","Parallel Aware": false,"Async Capable": false,"Join Type": "Inner","Startup Cost": 1250.87,"Total Cost": 147378.76,"Plan Rows": 1,"Plan Width": 26,"Actual Startup Time": 5.355,"Actual Total Time": 505.328,"Actual Rows": 3913,"Actual Loops": 1,"Inner Unique": true,"Plans": [{"Node Type": "Nested Loop","Parent Relationship": "Outer","Parallel Aware": false,"Async Capable": false,"Join Type": "Semi","Startup Cost": 1250.44,"Total Cost": 147378.26,"Plan Rows": 1,"Plan Width": 34,"Actual Startup Time": 4.468,"Actual Total Time": 441.221,"Actual Rows": 7976,"Actual Loops": 1,"Inner Unique": false,"Plans": [{"Node Type": "Gather","Parent Relationship": "Outer","Parallel Aware": false,"Async Capable": false,"Startup Cost": 1250.01,"Total Cost": 147377.22,"Plan Rows": 1,"Plan Width": 34,"Actual Startup Time": 4.454,"Actual Total Time": 332.117,"Actual Rows": 13419,"Actual Loops": 1,"Workers Planned": 4,"Workers Launched": 4,"Single Copy": false,"Plans": [{"Node Type": "Nested Loop","Parent Relationship": "Outer","Parallel Aware": false,"Async Capable": false,"Join Type": "Anti","Startup Cost": 250.01,"Total Cost": 146377.12,"Plan Rows": 1,"Plan Width": 34,"Actual Startup Time": 5.707,"Actual Total Time": 439.562,"Actual Rows": 2684,"Actual Loops": 5,"Inner Unique": false,"Workers": [],"Plans": [{"Node Type": "Hash Join","Parent Relationship": "Outer","Parallel Aware": false,"Async Capable": false,"Join Type": "Inner","Startup Cost": 249.58,"Total Cost": 133581.65,"Plan Rows": 19990,"Plan Width": 34,"Actual Startup Time": 5.222,"Actual Total Time": 351.394,"Actual Rows": 30171,"Actual Loops": 5,"Inner Unique": false,"Hash Cond": "(l1.l_suppkey = supplier.s_suppkey)","Workers": [],"Plans": [{"Node Type": "Seq Scan","Parent Relationship": "Outer","Parallel Aware": true,"Async Capable": false,"Relation Name": "lineitem","Alias": "l1","Startup Cost": 0.00,"Total Cost": 131256.80,"Plan Rows": 500101,"Plan Width": 8,"Actual Startup Time": 0.029,"Actual Total Time": 300.354,"Actual Rows": 758659,"Actual Loops": 5,"Filter": "(l_receiptdate > l_commitdate)","Rows Removed by Filter": 441584,"Workers": []},{"Node Type": "Hash","Parent Relationship": "Inner","Parallel Aware": false,"Async Capable": false,"Startup Cost": 244.58,"Total Cost": 244.58,"Plan Rows": 400,"Plan Width": 30,"Actual Startup Time": 4.859,"Actual Total Time": 4.869,"Actual Rows": 397,"Actual Loops": 5,"Hash Buckets": 1024,"Original Hash Buckets": 1024,"Hash Batches": 1,"Original Hash Batches": 1,"Peak Memory Usage": 33,"Workers": [],"Plans": [{"Node Type": "Nested Loop","Parent Relationship": "Outer","Parallel Aware": false,"Async Capable": false,"Join Type": "Inner","Startup Cost": 7.38,"Total Cost": 244.58,"Plan Rows": 400,"Plan Width": 30,"Actual Startup Time": 0.335,"Actual Total Time": 4.677,"Actual Rows": 397,"Actual Loops": 5,"Inner Unique": false,"Workers": [],"Plans": [{"Node Type": "Seq Scan","Parent Relationship": "Outer","Parallel Aware": false,"Async Capable": false,"Relation Name": "nation","Alias": "nation","Startup Cost": 0.00,"Total Cost": 1.31,"Plan Rows": 1,"Plan Width": 4,"Actual Startup Time": 0.076,"Actual Total Time": 0.084,"Actual Rows": 1,"Actual Loops": 5,"Filter": "(n_name = 'BRAZIL'::bpchar)","Rows Removed by Filter": 24,"Workers": []},{"Node Type": "Bitmap Heap Scan","Parent Relationship": "Inner","Parallel Aware": false,"Async Capable": false,"Relation Name": "supplier","Alias": "supplier","Startup Cost": 7.38,"Total Cost": 239.27,"Plan Rows": 400,"Plan Width": 34,"Actual Startup Time": 0.255,"Actual Total Time": 4.499,"Actual Rows": 397,"Actual Loops": 5,"Recheck Cond": "(s_nationkey = nation.n_nationkey)","Rows Removed by Index Recheck": 0,"Exact Heap Blocks": 187,"Lossy Heap Blocks": 0,"Workers": [],"Plans": [{"Node Type": "Bitmap Index Scan","Parent Relationship": "Outer","Parallel Aware": false,"Async Capable": false,"Index Name": "idx_supplier_nation_key","Startup Cost": 0.00,"Total Cost": 7.29,"Plan Rows": 400,"Plan Width": 0,"Actual Startup Time": 0.169,"Actual Total Time": 0.170,"Actual Rows": 397,"Actual Loops": 5,"Index Cond": "(s_nationkey = nation.n_nationkey)","Workers": []}]}]}]}]},{"Node Type": "Index Scan","Parent Relationship": "Inner","Parallel Aware": false,"Async Capable": false,"Scan Direction": "Forward","Index Name": "idx_lineitem_orderkey","Relation Name": "lineitem","Alias": "l3","Startup Cost": 0.43,"Total Cost": 1.06,"Plan Rows": 6,"Plan Width": 8,"Actual Startup Time": 0.003,"Actual Total Time": 0.003,"Actual Rows": 1,"Actual Loops": 150857,"Index Cond": "(l_orderkey = l1.l_orderkey)","Rows Removed by Index Recheck": 0,"Filter": "((l_receiptdate > l_commitdate) AND (l_suppkey <> l1.l_suppkey))","Rows Removed by Filter": 1,"Workers": []}]}]},{"Node Type": "Index Scan","Parent Relationship": "Inner","Parallel Aware": false,"Async Capable": false,"Scan Direction": "Forward","Index Name": "idx_lineitem_orderkey","Relation Name": "lineitem","Alias": "l2","Startup Cost": 0.43,"Total Cost": 1.02,"Plan Rows": 17,"Plan Width": 8,"Actual Startup Time": 0.008,"Actual Total Time": 0.008,"Actual Rows": 1,"Actual Loops": 13419,"Index Cond": "(l_orderkey = l1.l_orderkey)","Rows Removed by Index Recheck": 0,"Filter": "(l_suppkey <> l1.l_suppkey)","Rows Removed by Filter": 1}]},{"Node Type": "Index Scan","Parent Relationship": "Inner","Parallel Aware": false,"Async Capable": false,"Scan Direction": "Forward","Index Name": "orders_pkey","Relation Name": "orders","Alias": "orders","Startup Cost": 0.43,"Total Cost": 0.51,"Plan Rows": 1,"Plan Width": 4,"Actual Startup Time": 0.008,"Actual Total Time": 0.008,"Actual Rows": 0,"Actual Loops": 7976,"Index Cond": "(o_orderkey = l1.l_orderkey)","Rows Removed by Index Recheck": 0,"Filter": "(o_orderstatus = 'F'::bpchar)","Rows Removed by Filter": 1}]}]}]}]},"Planning Time": 8.213,"Triggers": [],"Execution Time": 518.316}]
[{"Plan": {"Node Type": "Sort","Parallel Aware": false,"Async Capable": false,"Startup Cost": 147378.80,"Total Cost": 147378.81,"Plan Rows": 1,"Plan Width": 34,"Actual Startup Time": 510.910,"Actual Total Time": 530.461,"Actual Rows": 420,"Actual Loops": 1,"Sort Key": ["(count(*)) DESC", "supplier.s_name"],"Sort Method": "quicksort","Sort Space Used": 57,"Sort Space Type": "Memory","Plans": [{"Node Type": "Aggregate","Strategy": "Sorted","Partial Mode": "Simple","Parent Relationship": "Outer","Parallel Aware": false,"Async Capable": false,"Startup Cost": 147378.77,"Total Cost": 147378.79,"Plan Rows": 1,"Plan Width": 34,"Actual Startup Time": 509.613,"Actual Total Time": 529.683,"Actual Rows": 420,"Actual Loops": 1,"Group Key": ["supplier.s_name"],"Plans": [{"Node Type": "Sort","Parent Relationship": "Outer","Parallel Aware": false,"Async Capable": false,"Startup Cost": 147378.77,"Total Cost": 147378.78,"Plan Rows": 1,"Plan Width": 26,"Actual Startup Time": 509.594,"Actual Total Time": 529.267,"Actual Rows": 4090,"Actual Loops": 1,"Sort Key": ["supplier.s_name"],"Sort Method": "quicksort","Sort Space Used": 384,"Sort Space Type": "Memory","Plans": [{"Node Type": "Nested Loop","Parent Relationship": "Outer","Parallel Aware": false,"Async Capable": false,"Join Type": "Inner","Startup Cost": 1250.87,"Total Cost": 147378.76,"Plan Rows": 1,"Plan Width": 26,"Actual Startup Time": 4.580,"Actual Total Time": 518.201,"Actual Rows": 4090,"Actual Loops": 1,"Inner Unique": true,"Plans": [{"Node Type": "Nested Loop","Parent Relationship": "Outer","Parallel Aware": false,"Async Capable": false,"Join Type": "Semi","Startup Cost": 1250.44,"Total Cost": 147378.26,"Plan Rows": 1,"Plan Width": 34,"Actual Startup Time": 4.545,"Actual Total Time": 454.390,"Actual Rows": 8430,"Actual Loops": 1,"Inner Unique": false,"Plans": [{"Node Type": "Gather","Parent Relationship": "Outer","Parallel Aware": false,"Async Capable": false,"Startup Cost": 1250.01,"Total Cost": 147377.22,"Plan Rows": 1,"Plan Width": 34,"Actual Startup Time": 4.342,"Actual Total Time": 344.810,"Actual Rows": 14089,"Actual Loops": 1,"Workers Planned": 4,"Workers Launched": 4,"Single Copy": false,"Plans": [{"Node Type": "Nested Loop","Parent Relationship": "Outer","Parallel Aware": false,"Async Capable": false,"Join Type": "Anti","Startup Cost": 250.01,"Total Cost": 146377.12,"Plan Rows": 1,"Plan Width": 34,"Actual Startup Time": 5.491,"Actual Total Time": 451.438,"Actual Rows": 2818,"Actual Loops": 5,"Inner Unique": false,"Workers": [],"Plans": [{"Node Type": "Hash Join","Parent Relationship": "Outer","Parallel Aware": false,"Async Capable": false,"Join Type": "Inner","Startup Cost": 249.58,"Total Cost": 133581.65,"Plan Rows": 19990,"Plan Width": 34,"Actual Startup Time": 5.196,"Actual Total Time": 357.512,"Actual Rows": 31960,"Actual Loops": 5,"Inner Unique": false,"Hash Cond": "(l1.l_suppkey = supplier.s_suppkey)","Workers": [],"Plans": [{"Node Type": "Seq Scan","Parent Relationship": "Outer","Parallel Aware": true,"Async Capable": false,"Relation Name": "lineitem","Alias": "l1","Startup Cost": 0.00,"Total Cost": 131256.80,"Plan Rows": 500101,"Plan Width": 8,"Actual Startup Time": 0.027,"Actual Total Time": 305.923,"Actual Rows": 758659,"Actual Loops": 5,"Filter": "(l_receiptdate > l_commitdate)","Rows Removed by Filter": 441584,"Workers": []},{"Node Type": "Hash","Parent Relationship": "Inner","Parallel Aware": false,"Async Capable": false,"Startup Cost": 244.58,"Total Cost": 244.58,"Plan Rows": 400,"Plan Width": 30,"Actual Startup Time": 4.831,"Actual Total Time": 4.844,"Actual Rows": 420,"Actual Loops": 5,"Hash Buckets": 1024,"Original Hash Buckets": 1024,"Hash Batches": 1,"Original Hash Batches": 1,"Peak Memory Usage": 35,"Workers": [],"Plans": [{"Node Type": "Nested Loop","Parent Relationship": "Outer","Parallel Aware": false,"Async Capable": false,"Join Type": "Inner","Startup Cost": 7.38,"Total Cost": 244.58,"Plan Rows": 400,"Plan Width": 30,"Actual Startup Time": 0.275,"Actual Total Time": 4.655,"Actual Rows": 420,"Actual Loops": 5,"Inner Unique": false,"Workers": [],"Plans": [{"Node Type": "Seq Scan","Parent Relationship": "Outer","Parallel Aware": false,"Async Capable": false,"Relation Name": "nation","Alias": "nation","Startup Cost": 0.00,"Total Cost": 1.31,"Plan Rows": 1,"Plan Width": 4,"Actual Startup Time": 0.047,"Actual Total Time": 0.057,"Actual Rows": 1,"Actual Loops": 5,"Filter": "(n_name = 'ALGERIA'::bpchar)","Rows Removed by Filter": 24,"Workers": []},{"Node Type": "Bitmap Heap Scan","Parent Relationship": "Inner","Parallel Aware": false,"Async Capable": false,"Relation Name": "supplier","Alias": "supplier","Startup Cost": 7.38,"Total Cost": 239.27,"Plan Rows": 400,"Plan Width": 34,"Actual Startup Time": 0.222,"Actual Total Time": 4.505,"Actual Rows": 420,"Actual Loops": 5,"Recheck Cond": "(s_nationkey = nation.n_nationkey)","Rows Removed by Index Recheck": 0,"Exact Heap Blocks": 197,"Lossy Heap Blocks": 0,"Workers": [],"Plans": [{"Node Type": "Bitmap Index Scan","Parent Relationship": "Outer","Parallel Aware": false,"Async Capable": false,"Index Name": "idx_supplier_nation_key","Startup Cost": 0.00,"Total Cost": 7.29,"Plan Rows": 400,"Plan Width": 0,"Actual Startup Time": 0.137,"Actual Total Time": 0.140,"Actual Rows": 420,"Actual Loops": 5,"Index Cond": "(s_nationkey = nation.n_nationkey)","Workers": []}]}]}]}]},{"Node Type": "Index Scan","Parent Relationship": "Inner","Parallel Aware": false,"Async Capable": false,"Scan Direction": "Forward","Index Name": "idx_lineitem_orderkey","Relation Name": "lineitem","Alias": "l3","Startup Cost": 0.43,"Total Cost": 1.06,"Plan Rows": 6,"Plan Width": 8,"Actual Startup Time": 0.003,"Actual Total Time": 0.003,"Actual Rows": 1,"Actual Loops": 159800,"Index Cond": "(l_orderkey = l1.l_orderkey)","Rows Removed by Index Recheck": 0,"Filter": "((l_receiptdate > l_commitdate) AND (l_suppkey <> l1.l_suppkey))","Rows Removed by Filter": 1,"Workers": []}]}]},{"Node Type": "Index Scan","Parent Relationship": "Inner","Parallel Aware": false,"Async Capable": false,"Scan Direction": "Forward","Index Name": "idx_lineitem_orderkey","Relation Name": "lineitem","Alias": "l2","Startup Cost": 0.43,"Total Cost": 1.02,"Plan Rows": 17,"Plan Width": 8,"Actual Startup Time": 0.007,"Actual Total Time": 0.007,"Actual Rows": 1,"Actual Loops": 14089,"Index Cond": "(l_orderkey = l1.l_orderkey)","Rows Removed by Index Recheck": 0,"Filter": "(l_suppkey <> l1.l_suppkey)","Rows Removed by Filter": 1}]},{"Node Type": "Index Scan","Parent Relationship": "Inner","Parallel Aware": false,"Async Capable": false,"Scan Direction": "Forward","Index Name": "orders_pkey","Relation Name": "orders","Alias": "orders","Startup Cost": 0.43,"Total Cost": 0.51,"Plan Rows": 1,"Plan Width": 4,"Actual Startup Time": 0.007,"Actual Total Time": 0.007,"Actual Rows": 0,"Actual Loops": 8430,"Index Cond": "(o_orderkey = l1.l_orderkey)","Rows Removed by Index Recheck": 0,"Filter": "(o_orderstatus = 'F'::bpchar)","Rows Removed by Filter": 1}]}]}]}]},"Planning Time": 9.770,"Triggers": [],"Execution Time": 531.084}]
[{"Plan": {"Node Type": "Sort","Parallel Aware": false,"Async Capable": false,"Startup Cost": 147378.80,"Total Cost": 147378.81,"Plan Rows": 1,"Plan Width": 34,"Actual Startup Time": 503.423,"Actual Total Time": 521.004,"Actual Rows": 406,"Actual Loops": 1,"Sort Key": ["(count(*)) DESC", "supplier.s_name"],"Sort Method": "quicksort","Sort Space Used": 56,"Sort Space Type": "Memory","Plans": [{"Node Type": "Aggregate","Strategy": "Sorted","Partial Mode": "Simple","Parent Relationship": "Outer","Parallel Aware": false,"Async Capable": false,"Startup Cost": 147378.77,"Total Cost": 147378.79,"Plan Rows": 1,"Plan Width": 34,"Actual Startup Time": 502.176,"Actual Total Time": 520.280,"Actual Rows": 406,"Actual Loops": 1,"Group Key": ["supplier.s_name"],"Plans": [{"Node Type": "Sort","Parent Relationship": "Outer","Parallel Aware": false,"Async Capable": false,"Startup Cost": 147378.77,"Total Cost": 147378.78,"Plan Rows": 1,"Plan Width": 26,"Actual Startup Time": 502.147,"Actual Total Time": 519.852,"Actual Rows": 4052,"Actual Loops": 1,"Sort Key": ["supplier.s_name"],"Sort Method": "quicksort","Sort Space Used": 381,"Sort Space Type": "Memory","Plans": [{"Node Type": "Nested Loop","Parent Relationship": "Outer","Parallel Aware": false,"Async Capable": false,"Join Type": "Inner","Startup Cost": 1250.87,"Total Cost": 147378.76,"Plan Rows": 1,"Plan Width": 26,"Actual Startup Time": 4.486,"Actual Total Time": 508.290,"Actual Rows": 4052,"Actual Loops": 1,"Inner Unique": true,"Plans": [{"Node Type": "Nested Loop","Parent Relationship": "Outer","Parallel Aware": false,"Async Capable": false,"Join Type": "Semi","Startup Cost": 1250.44,"Total Cost": 147378.26,"Plan Rows": 1,"Plan Width": 34,"Actual Startup Time": 4.452,"Actual Total Time": 441.127,"Actual Rows": 8332,"Actual Loops": 1,"Inner Unique": false,"Plans": [{"Node Type": "Gather","Parent Relationship": "Outer","Parallel Aware": false,"Async Capable": false,"Startup Cost": 1250.01,"Total Cost": 147377.22,"Plan Rows": 1,"Plan Width": 34,"Actual Startup Time": 4.440,"Actual Total Time": 331.994,"Actual Rows": 13791,"Actual Loops": 1,"Workers Planned": 4,"Workers Launched": 4,"Single Copy": false,"Plans": [{"Node Type": "Nested Loop","Parent Relationship": "Outer","Parallel Aware": false,"Async Capable": false,"Join Type": "Anti","Startup Cost": 250.01,"Total Cost": 146377.12,"Plan Rows": 1,"Plan Width": 34,"Actual Startup Time": 4.624,"Actual Total Time": 442.937,"Actual Rows": 2758,"Actual Loops": 5,"Inner Unique": false,"Workers": [],"Plans": [{"Node Type": "Hash Join","Parent Relationship": "Outer","Parallel Aware": false,"Async Capable": false,"Join Type": "Inner","Startup Cost": 249.58,"Total Cost": 133581.65,"Plan Rows": 19990,"Plan Width": 34,"Actual Startup Time": 4.481,"Actual Total Time": 353.409,"Actual Rows": 30900,"Actual Loops": 5,"Inner Unique": false,"Hash Cond": "(l1.l_suppkey = supplier.s_suppkey)","Workers": [],"Plans": [{"Node Type": "Seq Scan","Parent Relationship": "Outer","Parallel Aware": true,"Async Capable": false,"Relation Name": "lineitem","Alias": "l1","Startup Cost": 0.00,"Total Cost": 131256.80,"Plan Rows": 500101,"Plan Width": 8,"Actual Startup Time": 0.029,"Actual Total Time": 301.270,"Actual Rows": 758659,"Actual Loops": 5,"Filter": "(l_receiptdate > l_commitdate)","Rows Removed by Filter": 441584,"Workers": []},{"Node Type": "Hash","Parent Relationship": "Inner","Parallel Aware": false,"Async Capable": false,"Startup Cost": 244.58,"Total Cost": 244.58,"Plan Rows": 400,"Plan Width": 30,"Actual Startup Time": 4.105,"Actual Total Time": 4.114,"Actual Rows": 406,"Actual Loops": 5,"Hash Buckets": 1024,"Original Hash Buckets": 1024,"Hash Batches": 1,"Original Hash Batches": 1,"Peak Memory Usage": 34,"Workers": [],"Plans": [{"Node Type": "Nested Loop","Parent Relationship": "Outer","Parallel Aware": false,"Async Capable": false,"Join Type": "Inner","Startup Cost": 7.38,"Total Cost": 244.58,"Plan Rows": 400,"Plan Width": 30,"Actual Startup Time": 0.252,"Actual Total Time": 3.975,"Actual Rows": 406,"Actual Loops": 5,"Inner Unique": false,"Workers": [],"Plans": [{"Node Type": "Seq Scan","Parent Relationship": "Outer","Parallel Aware": false,"Async Capable": false,"Relation Name": "nation","Alias": "nation","Startup Cost": 0.00,"Total Cost": 1.31,"Plan Rows": 1,"Plan Width": 4,"Actual Startup Time": 0.055,"Actual Total Time": 0.058,"Actual Rows": 1,"Actual Loops": 5,"Filter": "(n_name = 'MOZAMBIQUE'::bpchar)","Rows Removed by Filter": 24,"Workers": []},{"Node Type": "Bitmap Heap Scan","Parent Relationship": "Inner","Parallel Aware": false,"Async Capable": false,"Relation Name": "supplier","Alias": "supplier","Startup Cost": 7.38,"Total Cost": 239.27,"Plan Rows": 400,"Plan Width": 34,"Actual Startup Time": 0.193,"Actual Total Time": 3.854,"Actual Rows": 406,"Actual Loops": 5,"Recheck Cond": "(s_nationkey = nation.n_nationkey)","Rows Removed by Index Recheck": 0,"Exact Heap Blocks": 186,"Lossy Heap Blocks": 0,"Workers": [],"Plans": [{"Node Type": "Bitmap Index Scan","Parent Relationship": "Outer","Parallel Aware": false,"Async Capable": false,"Index Name": "idx_supplier_nation_key","Startup Cost": 0.00,"Total Cost": 7.29,"Plan Rows": 400,"Plan Width": 0,"Actual Startup Time": 0.125,"Actual Total Time": 0.126,"Actual Rows": 406,"Actual Loops": 5,"Index Cond": "(s_nationkey = nation.n_nationkey)","Workers": []}]}]}]}]},{"Node Type": "Index Scan","Parent Relationship": "Inner","Parallel Aware": false,"Async Capable": false,"Scan Direction": "Forward","Index Name": "idx_lineitem_orderkey","Relation Name": "lineitem","Alias": "l3","Startup Cost": 0.43,"Total Cost": 1.06,"Plan Rows": 6,"Plan Width": 8,"Actual Startup Time": 0.003,"Actual Total Time": 0.003,"Actual Rows": 1,"Actual Loops": 154501,"Index Cond": "(l_orderkey = l1.l_orderkey)","Rows Removed by Index Recheck": 0,"Filter": "((l_receiptdate > l_commitdate) AND (l_suppkey <> l1.l_suppkey))","Rows Removed by Filter": 1,"Workers": []}]}]},{"Node Type": "Index Scan","Parent Relationship": "Inner","Parallel Aware": false,"Async Capable": false,"Scan Direction": "Forward","Index Name": "idx_lineitem_orderkey","Relation Name": "lineitem","Alias": "l2","Startup Cost": 0.43,"Total Cost": 1.02,"Plan Rows": 17,"Plan Width": 8,"Actual Startup Time": 0.007,"Actual Total Time": 0.007,"Actual Rows": 1,"Actual Loops": 13791,"Index Cond": "(l_orderkey = l1.l_orderkey)","Rows Removed by Index Recheck": 0,"Filter": "(l_suppkey <> l1.l_suppkey)","Rows Removed by Filter": 1}]},{"Node Type": "Index Scan","Parent Relationship": "Inner","Parallel Aware": false,"Async Capable": false,"Scan Direction": "Forward","Index Name": "orders_pkey","Relation Name": "orders","Alias": "orders","Startup Cost": 0.43,"Total Cost": 0.51,"Plan Rows": 1,"Plan Width": 4,"Actual Startup Time": 0.008,"Actual Total Time": 0.008,"Actual Rows": 0,"Actual Loops": 8332,"Index Cond": "(o_orderkey = l1.l_orderkey)","Rows Removed by Index Recheck": 0,"Filter": "(o_orderstatus = 'F'::bpchar)","Rows Removed by Filter": 1}]}]}]}]},"Planning Time": 9.793,"Triggers": [],"Execution Time": 521.577}]
[{"Plan": {"Node Type": "Sort","Parallel Aware": false,"Async Capable": false,"Startup Cost": 147378.80,"Total Cost": 147378.81,"Plan Rows": 1,"Plan Width": 34,"Actual Startup Time": 500.228,"Actual Total Time": 519.082,"Actual Rows": 412,"Actual Loops": 1,"Sort Key": ["(count(*)) DESC", "supplier.s_name"],"Sort Method": "quicksort","Sort Space Used": 57,"Sort Space Type": "Memory","Plans": [{"Node Type": "Aggregate","Strategy": "Sorted","Partial Mode": "Simple","Parent Relationship": "Outer","Parallel Aware": false,"Async Capable": false,"Startup Cost": 147378.77,"Total Cost": 147378.79,"Plan Rows": 1,"Plan Width": 34,"Actual Startup Time": 498.981,"Actual Total Time": 518.359,"Actual Rows": 412,"Actual Loops": 1,"Group Key": ["supplier.s_name"],"Plans": [{"Node Type": "Sort","Parent Relationship": "Outer","Parallel Aware": false,"Async Capable": false,"Startup Cost": 147378.77,"Total Cost": 147378.78,"Plan Rows": 1,"Plan Width": 26,"Actual Startup Time": 498.949,"Actual Total Time": 517.928,"Actual Rows": 4030,"Actual Loops": 1,"Sort Key": ["supplier.s_name"],"Sort Method": "quicksort","Sort Space Used": 380,"Sort Space Type": "Memory","Plans": [{"Node Type": "Nested Loop","Parent Relationship": "Outer","Parallel Aware": false,"Async Capable": false,"Join Type": "Inner","Startup Cost": 1250.87,"Total Cost": 147378.76,"Plan Rows": 1,"Plan Width": 26,"Actual Startup Time": 4.020,"Actual Total Time": 506.052,"Actual Rows": 4030,"Actual Loops": 1,"Inner Unique": true,"Plans": [{"Node Type": "Nested Loop","Parent Relationship": "Outer","Parallel Aware": false,"Async Capable": false,"Join Type": "Semi","Startup Cost": 1250.44,"Total Cost": 147378.26,"Plan Rows": 1,"Plan Width": 34,"Actual Startup Time": 3.993,"Actual Total Time": 443.011,"Actual Rows": 8146,"Actual Loops": 1,"Inner Unique": false,"Plans": [{"Node Type": "Gather","Parent Relationship": "Outer","Parallel Aware": false,"Async Capable": false,"Startup Cost": 1250.01,"Total Cost": 147377.22,"Plan Rows": 1,"Plan Width": 34,"Actual Startup Time": 3.980,"Actual Total Time": 336.738,"Actual Rows": 13748,"Actual Loops": 1,"Workers Planned": 4,"Workers Launched": 4,"Single Copy": false,"Plans": [{"Node Type": "Nested Loop","Parent Relationship": "Outer","Parallel Aware": false,"Async Capable": false,"Join Type": "Anti","Startup Cost": 250.01,"Total Cost": 146377.12,"Plan Rows": 1,"Plan Width": 34,"Actual Startup Time": 4.569,"Actual Total Time": 441.712,"Actual Rows": 2750,"Actual Loops": 5,"Inner Unique": false,"Workers": [],"Plans": [{"Node Type": "Hash Join","Parent Relationship": "Outer","Parallel Aware": false,"Async Capable": false,"Join Type": "Inner","Startup Cost": 249.58,"Total Cost": 133581.65,"Plan Rows": 19990,"Plan Width": 34,"Actual Startup Time": 4.262,"Actual Total Time": 350.942,"Actual Rows": 31209,"Actual Loops": 5,"Inner Unique": false,"Hash Cond": "(l1.l_suppkey = supplier.s_suppkey)","Workers": [],"Plans": [{"Node Type": "Seq Scan","Parent Relationship": "Outer","Parallel Aware": true,"Async Capable": false,"Relation Name": "lineitem","Alias": "l1","Startup Cost": 0.00,"Total Cost": 131256.80,"Plan Rows": 500101,"Plan Width": 8,"Actual Startup Time": 0.026,"Actual Total Time": 299.296,"Actual Rows": 758659,"Actual Loops": 5,"Filter": "(l_receiptdate > l_commitdate)","Rows Removed by Filter": 441584,"Workers": []},{"Node Type": "Hash","Parent Relationship": "Inner","Parallel Aware": false,"Async Capable": false,"Startup Cost": 244.58,"Total Cost": 244.58,"Plan Rows": 400,"Plan Width": 30,"Actual Startup Time": 3.907,"Actual Total Time": 3.918,"Actual Rows": 412,"Actual Loops": 5,"Hash Buckets": 1024,"Original Hash Buckets": 1024,"Hash Batches": 1,"Original Hash Batches": 1,"Peak Memory Usage": 34,"Workers": [],"Plans": [{"Node Type": "Nested Loop","Parent Relationship": "Outer","Parallel Aware": false,"Async Capable": false,"Join Type": "Inner","Startup Cost": 7.38,"Total Cost": 244.58,"Plan Rows": 400,"Plan Width": 30,"Actual Startup Time": 0.286,"Actual Total Time": 3.756,"Actual Rows": 412,"Actual Loops": 5,"Inner Unique": false,"Workers": [],"Plans": [{"Node Type": "Seq Scan","Parent Relationship": "Outer","Parallel Aware": false,"Async Capable": false,"Relation Name": "nation","Alias": "nation","Startup Cost": 0.00,"Total Cost": 1.31,"Plan Rows": 1,"Plan Width": 4,"Actual Startup Time": 0.059,"Actual Total Time": 0.064,"Actual Rows": 1,"Actual Loops": 5,"Filter": "(n_name = 'CANADA'::bpchar)","Rows Removed by Filter": 24,"Workers": []},{"Node Type": "Bitmap Heap Scan","Parent Relationship": "Inner","Parallel Aware": false,"Async Capable": false,"Relation Name": "supplier","Alias": "supplier","Startup Cost": 7.38,"Total Cost": 239.27,"Plan Rows": 400,"Plan Width": 34,"Actual Startup Time": 0.222,"Actual Total Time": 3.623,"Actual Rows": 412,"Actual Loops": 5,"Recheck Cond": "(s_nationkey = nation.n_nationkey)","Rows Removed by Index Recheck": 0,"Exact Heap Blocks": 189,"Lossy Heap Blocks": 0,"Workers": [],"Plans": [{"Node Type": "Bitmap Index Scan","Parent Relationship": "Outer","Parallel Aware": false,"Async Capable": false,"Index Name": "idx_supplier_nation_key","Startup Cost": 0.00,"Total Cost": 7.29,"Plan Rows": 400,"Plan Width": 0,"Actual Startup Time": 0.144,"Actual Total Time": 0.145,"Actual Rows": 412,"Actual Loops": 5,"Index Cond": "(s_nationkey = nation.n_nationkey)","Workers": []}]}]}]}]},{"Node Type": "Index Scan","Parent Relationship": "Inner","Parallel Aware": false,"Async Capable": false,"Scan Direction": "Forward","Index Name": "idx_lineitem_orderkey","Relation Name": "lineitem","Alias": "l3","Startup Cost": 0.43,"Total Cost": 1.06,"Plan Rows": 6,"Plan Width": 8,"Actual Startup Time": 0.003,"Actual Total Time": 0.003,"Actual Rows": 1,"Actual Loops": 156047,"Index Cond": "(l_orderkey = l1.l_orderkey)","Rows Removed by Index Recheck": 0,"Filter": "((l_receiptdate > l_commitdate) AND (l_suppkey <> l1.l_suppkey))","Rows Removed by Filter": 1,"Workers": []}]}]},{"Node Type": "Index Scan","Parent Relationship": "Inner","Parallel Aware": false,"Async Capable": false,"Scan Direction": "Forward","Index Name": "idx_lineitem_orderkey","Relation Name": "lineitem","Alias": "l2","Startup Cost": 0.43,"Total Cost": 1.02,"Plan Rows": 17,"Plan Width": 8,"Actual Startup Time": 0.007,"Actual Total Time": 0.007,"Actual Rows": 1,"Actual Loops": 13748,"Index Cond": "(l_orderkey = l1.l_orderkey)","Rows Removed by Index Recheck": 0,"Filter": "(l_suppkey <> l1.l_suppkey)","Rows Removed by Filter": 1}]},{"Node Type": "Index Scan","Parent Relationship": "Inner","Parallel Aware": false,"Async Capable": false,"Scan Direction": "Forward","Index Name": "orders_pkey","Relation Name": "orders","Alias": "orders","Startup Cost": 0.43,"Total Cost": 0.51,"Plan Rows": 1,"Plan Width": 4,"Actual Startup Time": 0.007,"Actual Total Time": 0.007,"Actual Rows": 0,"Actual Loops": 8146,"Index Cond": "(o_orderkey = l1.l_orderkey)","Rows Removed by Index Recheck": 0,"Filter": "(o_orderstatus = 'F'::bpchar)","Rows Removed by Filter": 1}]}]}]}]},"Planning Time": 9.689,"Triggers": [],"Execution Time": 519.513}]
[{"Plan": {"Node Type": "Sort","Parallel Aware": false,"Async Capable": false,"Startup Cost": 147378.80,"Total Cost": 147378.81,"Plan Rows": 1,"Plan Width": 34,"Actual Startup Time": 506.689,"Actual Total Time": 525.046,"Actual Rows": 415,"Actual Loops": 1,"Sort Key": ["(count(*)) DESC", "supplier.s_name"],"Sort Method": "quicksort","Sort Space Used": 57,"Sort Space Type": "Memory","Plans": [{"Node Type": "Aggregate","Strategy": "Sorted","Partial Mode": "Simple","Parent Relationship": "Outer","Parallel Aware": false,"Async Capable": false,"Startup Cost": 147378.77,"Total Cost": 147378.79,"Plan Rows": 1,"Plan Width": 34,"Actual Startup Time": 505.377,"Actual Total Time": 524.254,"Actual Rows": 415,"Actual Loops": 1,"Group Key": ["supplier.s_name"],"Plans": [{"Node Type": "Sort","Parent Relationship": "Outer","Parallel Aware": false,"Async Capable": false,"Startup Cost": 147378.77,"Total Cost": 147378.78,"Plan Rows": 1,"Plan Width": 26,"Actual Startup Time": 505.350,"Actual Total Time": 523.830,"Actual Rows": 4021,"Actual Loops": 1,"Sort Key": ["supplier.s_name"],"Sort Method": "quicksort","Sort Space Used": 379,"Sort Space Type": "Memory","Plans": [{"Node Type": "Nested Loop","Parent Relationship": "Outer","Parallel Aware": false,"Async Capable": false,"Join Type": "Inner","Startup Cost": 1250.87,"Total Cost": 147378.76,"Plan Rows": 1,"Plan Width": 26,"Actual Startup Time": 4.344,"Actual Total Time": 512.010,"Actual Rows": 4021,"Actual Loops": 1,"Inner Unique": true,"Plans": [{"Node Type": "Nested Loop","Parent Relationship": "Outer","Parallel Aware": false,"Async Capable": false,"Join Type": "Semi","Startup Cost": 1250.44,"Total Cost": 147378.26,"Plan Rows": 1,"Plan Width": 34,"Actual Startup Time": 4.308,"Actual Total Time": 447.240,"Actual Rows": 8423,"Actual Loops": 1,"Inner Unique": false,"Plans": [{"Node Type": "Gather","Parent Relationship": "Outer","Parallel Aware": false,"Async Capable": false,"Startup Cost": 1250.01,"Total Cost": 147377.22,"Plan Rows": 1,"Plan Width": 34,"Actual Startup Time": 4.250,"Actual Total Time": 340.738,"Actual Rows": 13873,"Actual Loops": 1,"Workers Planned": 4,"Workers Launched": 4,"Single Copy": false,"Plans": [{"Node Type": "Nested Loop","Parent Relationship": "Outer","Parallel Aware": false,"Async Capable": false,"Join Type": "Anti","Startup Cost": 250.01,"Total Cost": 146377.12,"Plan Rows": 1,"Plan Width": 34,"Actual Startup Time": 6.059,"Actual Total Time": 447.143,"Actual Rows": 2775,"Actual Loops": 5,"Inner Unique": false,"Workers": [],"Plans": [{"Node Type": "Hash Join","Parent Relationship": "Outer","Parallel Aware": false,"Async Capable": false,"Join Type": "Inner","Startup Cost": 249.58,"Total Cost": 133581.65,"Plan Rows": 19990,"Plan Width": 34,"Actual Startup Time": 5.350,"Actual Total Time": 355.670,"Actual Rows": 31496,"Actual Loops": 5,"Inner Unique": false,"Hash Cond": "(l1.l_suppkey = supplier.s_suppkey)","Workers": [],"Plans": [{"Node Type": "Seq Scan","Parent Relationship": "Outer","Parallel Aware": true,"Async Capable": false,"Relation Name": "lineitem","Alias": "l1","Startup Cost": 0.00,"Total Cost": 131256.80,"Plan Rows": 500101,"Plan Width": 8,"Actual Startup Time": 0.034,"Actual Total Time": 302.387,"Actual Rows": 758659,"Actual Loops": 5,"Filter": "(l_receiptdate > l_commitdate)","Rows Removed by Filter": 441584,"Workers": []},{"Node Type": "Hash","Parent Relationship": "Inner","Parallel Aware": false,"Async Capable": false,"Startup Cost": 244.58,"Total Cost": 244.58,"Plan Rows": 400,"Plan Width": 30,"Actual Startup Time": 5.023,"Actual Total Time": 5.034,"Actual Rows": 415,"Actual Loops": 5,"Hash Buckets": 1024,"Original Hash Buckets": 1024,"Hash Batches": 1,"Original Hash Batches": 1,"Peak Memory Usage": 34,"Workers": [],"Plans": [{"Node Type": "Nested Loop","Parent Relationship": "Outer","Parallel Aware": false,"Async Capable": false,"Join Type": "Inner","Startup Cost": 7.38,"Total Cost": 244.58,"Plan Rows": 400,"Plan Width": 30,"Actual Startup Time": 0.341,"Actual Total Time": 4.843,"Actual Rows": 415,"Actual Loops": 5,"Inner Unique": false,"Workers": [],"Plans": [{"Node Type": "Seq Scan","Parent Relationship": "Outer","Parallel Aware": false,"Async Capable": false,"Relation Name": "nation","Alias": "nation","Startup Cost": 0.00,"Total Cost": 1.31,"Plan Rows": 1,"Plan Width": 4,"Actual Startup Time": 0.054,"Actual Total Time": 0.060,"Actual Rows": 1,"Actual Loops": 5,"Filter": "(n_name = 'INDIA'::bpchar)","Rows Removed by Filter": 24,"Workers": []},{"Node Type": "Bitmap Heap Scan","Parent Relationship": "Inner","Parallel Aware": false,"Async Capable": false,"Relation Name": "supplier","Alias": "supplier","Startup Cost": 7.38,"Total Cost": 239.27,"Plan Rows": 400,"Plan Width": 34,"Actual Startup Time": 0.281,"Actual Total Time": 4.691,"Actual Rows": 415,"Actual Loops": 5,"Recheck Cond": "(s_nationkey = nation.n_nationkey)","Rows Removed by Index Recheck": 0,"Exact Heap Blocks": 186,"Lossy Heap Blocks": 0,"Workers": [],"Plans": [{"Node Type": "Bitmap Index Scan","Parent Relationship": "Outer","Parallel Aware": false,"Async Capable": false,"Index Name": "idx_supplier_nation_key","Startup Cost": 0.00,"Total Cost": 7.29,"Plan Rows": 400,"Plan Width": 0,"Actual Startup Time": 0.207,"Actual Total Time": 0.208,"Actual Rows": 415,"Actual Loops": 5,"Index Cond": "(s_nationkey = nation.n_nationkey)","Workers": []}]}]}]}]},{"Node Type": "Index Scan","Parent Relationship": "Inner","Parallel Aware": false,"Async Capable": false,"Scan Direction": "Forward","Index Name": "idx_lineitem_orderkey","Relation Name": "lineitem","Alias": "l3","Startup Cost": 0.43,"Total Cost": 1.06,"Plan Rows": 6,"Plan Width": 8,"Actual Startup Time": 0.003,"Actual Total Time": 0.003,"Actual Rows": 1,"Actual Loops": 157482,"Index Cond": "(l_orderkey = l1.l_orderkey)","Rows Removed by Index Recheck": 0,"Filter": "((l_receiptdate > l_commitdate) AND (l_suppkey <> l1.l_suppkey))","Rows Removed by Filter": 1,"Workers": []}]}]},{"Node Type": "Index Scan","Parent Relationship": "Inner","Parallel Aware": false,"Async Capable": false,"Scan Direction": "Forward","Index Name": "idx_lineitem_orderkey","Relation Name": "lineitem","Alias": "l2","Startup Cost": 0.43,"Total Cost": 1.02,"Plan Rows": 17,"Plan Width": 8,"Actual Startup Time": 0.007,"Actual Total Time": 0.007,"Actual Rows": 1,"Actual Loops": 13873,"Index Cond": "(l_orderkey = l1.l_orderkey)","Rows Removed by Index Recheck": 0,"Filter": "(l_suppkey <> l1.l_suppkey)","Rows Removed by Filter": 1}]},{"Node Type": "Index Scan","Parent Relationship": "Inner","Parallel Aware": false,"Async Capable": false,"Scan Direction": "Forward","Index Name": "orders_pkey","Relation Name": "orders","Alias": "orders","Startup Cost": 0.43,"Total Cost": 0.51,"Plan Rows": 1,"Plan Width": 4,"Actual Startup Time": 0.007,"Actual Total Time": 0.007,"Actual Rows": 0,"Actual Loops": 8423,"Index Cond": "(o_orderkey = l1.l_orderkey)","Rows Removed by Index Recheck": 0,"Filter": "(o_orderstatus = 'F'::bpchar)","Rows Removed by Filter": 1}]}]}]}]},"Planning Time": 9.331,"Triggers": [],"Execution Time": 525.561}]
[{"Plan": {"Node Type": "Sort","Parallel Aware": false,"Async Capable": false,"Startup Cost": 147378.80,"Total Cost": 147378.81,"Plan Rows": 1,"Plan Width": 34,"Actual Startup Time": 492.880,"Actual Total Time": 511.387,"Actual Rows": 377,"Actual Loops": 1,"Sort Key": ["(count(*)) DESC", "supplier.s_name"],"Sort Method": "quicksort","Sort Space Used": 54,"Sort Space Type": "Memory","Plans": [{"Node Type": "Aggregate","Strategy": "Sorted","Partial Mode": "Simple","Parent Relationship": "Outer","Parallel Aware": false,"Async Capable": false,"Startup Cost": 147378.77,"Total Cost": 147378.79,"Plan Rows": 1,"Plan Width": 34,"Actual Startup Time": 491.719,"Actual Total Time": 510.711,"Actual Rows": 377,"Actual Loops": 1,"Group Key": ["supplier.s_name"],"Plans": [{"Node Type": "Sort","Parent Relationship": "Outer","Parallel Aware": false,"Async Capable": false,"Startup Cost": 147378.77,"Total Cost": 147378.78,"Plan Rows": 1,"Plan Width": 26,"Actual Startup Time": 491.689,"Actual Total Time": 510.309,"Actual Rows": 3707,"Actual Loops": 1,"Sort Key": ["supplier.s_name"],"Sort Method": "quicksort","Sort Space Used": 357,"Sort Space Type": "Memory","Plans": [{"Node Type": "Nested Loop","Parent Relationship": "Outer","Parallel Aware": false,"Async Capable": false,"Join Type": "Inner","Startup Cost": 1250.87,"Total Cost": 147378.76,"Plan Rows": 1,"Plan Width": 26,"Actual Startup Time": 4.620,"Actual Total Time": 499.542,"Actual Rows": 3707,"Actual Loops": 1,"Inner Unique": true,"Plans": [{"Node Type": "Nested Loop","Parent Relationship": "Outer","Parallel Aware": false,"Async Capable": false,"Join Type": "Semi","Startup Cost": 1250.44,"Total Cost": 147378.26,"Plan Rows": 1,"Plan Width": 34,"Actual Startup Time": 4.581,"Actual Total Time": 437.361,"Actual Rows": 7590,"Actual Loops": 1,"Inner Unique": false,"Plans": [{"Node Type": "Gather","Parent Relationship": "Outer","Parallel Aware": false,"Async Capable": false,"Startup Cost": 1250.01,"Total Cost": 147377.22,"Plan Rows": 1,"Plan Width": 34,"Actual Startup Time": 4.430,"Actual Total Time": 334.305,"Actual Rows": 12724,"Actual Loops": 1,"Workers Planned": 4,"Workers Launched": 4,"Single Copy": false,"Plans": [{"Node Type": "Nested Loop","Parent Relationship": "Outer","Parallel Aware": false,"Async Capable": false,"Join Type": "Anti","Startup Cost": 250.01,"Total Cost": 146377.12,"Plan Rows": 1,"Plan Width": 34,"Actual Startup Time": 5.283,"Actual Total Time": 435.218,"Actual Rows": 2545,"Actual Loops": 5,"Inner Unique": false,"Workers": [],"Plans": [{"Node Type": "Hash Join","Parent Relationship": "Outer","Parallel Aware": false,"Async Capable": false,"Join Type": "Inner","Startup Cost": 249.58,"Total Cost": 133581.65,"Plan Rows": 19990,"Plan Width": 34,"Actual Startup Time": 4.967,"Actual Total Time": 350.606,"Actual Rows": 28669,"Actual Loops": 5,"Inner Unique": false,"Hash Cond": "(l1.l_suppkey = supplier.s_suppkey)","Workers": [],"Plans": [{"Node Type": "Seq Scan","Parent Relationship": "Outer","Parallel Aware": true,"Async Capable": false,"Relation Name": "lineitem","Alias": "l1","Startup Cost": 0.00,"Total Cost": 131256.80,"Plan Rows": 500101,"Plan Width": 8,"Actual Startup Time": 0.028,"Actual Total Time": 300.375,"Actual Rows": 758659,"Actual Loops": 5,"Filter": "(l_receiptdate > l_commitdate)","Rows Removed by Filter": 441584,"Workers": []},{"Node Type": "Hash","Parent Relationship": "Inner","Parallel Aware": false,"Async Capable": false,"Startup Cost": 244.58,"Total Cost": 244.58,"Plan Rows": 400,"Plan Width": 30,"Actual Startup Time": 4.611,"Actual Total Time": 4.626,"Actual Rows": 377,"Actual Loops": 5,"Hash Buckets": 1024,"Original Hash Buckets": 1024,"Hash Batches": 1,"Original Hash Batches": 1,"Peak Memory Usage": 32,"Workers": [],"Plans": [{"Node Type": "Nested Loop","Parent Relationship": "Outer","Parallel Aware": false,"Async Capable": false,"Join Type": "Inner","Startup Cost": 7.38,"Total Cost": 244.58,"Plan Rows": 400,"Plan Width": 30,"Actual Startup Time": 0.296,"Actual Total Time": 4.444,"Actual Rows": 377,"Actual Loops": 5,"Inner Unique": false,"Workers": [],"Plans": [{"Node Type": "Seq Scan","Parent Relationship": "Outer","Parallel Aware": false,"Async Capable": false,"Relation Name": "nation","Alias": "nation","Startup Cost": 0.00,"Total Cost": 1.31,"Plan Rows": 1,"Plan Width": 4,"Actual Startup Time": 0.056,"Actual Total Time": 0.065,"Actual Rows": 1,"Actual Loops": 5,"Filter": "(n_name = 'JAPAN'::bpchar)","Rows Removed by Filter": 24,"Workers": []},{"Node Type": "Bitmap Heap Scan","Parent Relationship": "Inner","Parallel Aware": false,"Async Capable": false,"Relation Name": "supplier","Alias": "supplier","Startup Cost": 7.38,"Total Cost": 239.27,"Plan Rows": 400,"Plan Width": 34,"Actual Startup Time": 0.234,"Actual Total Time": 4.286,"Actual Rows": 377,"Actual Loops": 5,"Recheck Cond": "(s_nationkey = nation.n_nationkey)","Rows Removed by Index Recheck": 0,"Exact Heap Blocks": 180,"Lossy Heap Blocks": 0,"Workers": [],"Plans": [{"Node Type": "Bitmap Index Scan","Parent Relationship": "Outer","Parallel Aware": false,"Async Capable": false,"Index Name": "idx_supplier_nation_key","Startup Cost": 0.00,"Total Cost": 7.29,"Plan Rows": 400,"Plan Width": 0,"Actual Startup Time": 0.148,"Actual Total Time": 0.149,"Actual Rows": 377,"Actual Loops": 5,"Index Cond": "(s_nationkey = nation.n_nationkey)","Workers": []}]}]}]}]},{"Node Type": "Index Scan","Parent Relationship": "Inner","Parallel Aware": false,"Async Capable": false,"Scan Direction": "Forward","Index Name": "idx_lineitem_orderkey","Relation Name": "lineitem","Alias": "l3","Startup Cost": 0.43,"Total Cost": 1.06,"Plan Rows": 6,"Plan Width": 8,"Actual Startup Time": 0.003,"Actual Total Time": 0.003,"Actual Rows": 1,"Actual Loops": 143344,"Index Cond": "(l_orderkey = l1.l_orderkey)","Rows Removed by Index Recheck": 0,"Filter": "((l_receiptdate > l_commitdate) AND (l_suppkey <> l1.l_suppkey))","Rows Removed by Filter": 1,"Workers": []}]}]},{"Node Type": "Index Scan","Parent Relationship": "Inner","Parallel Aware": false,"Async Capable": false,"Scan Direction": "Forward","Index Name": "idx_lineitem_orderkey","Relation Name": "lineitem","Alias": "l2","Startup Cost": 0.43,"Total Cost": 1.02,"Plan Rows": 17,"Plan Width": 8,"Actual Startup Time": 0.008,"Actual Total Time": 0.008,"Actual Rows": 1,"Actual Loops": 12724,"Index Cond": "(l_orderkey = l1.l_orderkey)","Rows Removed by Index Recheck": 0,"Filter": "(l_suppkey <> l1.l_suppkey)","Rows Removed by Filter": 1}]},{"Node Type": "Index Scan","Parent Relationship": "Inner","Parallel Aware": false,"Async Capable": false,"Scan Direction": "Forward","Index Name": "orders_pkey","Relation Name": "orders","Alias": "orders","Startup Cost": 0.43,"Total Cost": 0.51,"Plan Rows": 1,"Plan Width": 4,"Actual Startup Time": 0.008,"Actual Total Time": 0.008,"Actual Rows": 0,"Actual Loops": 7590,"Index Cond": "(o_orderkey = l1.l_orderkey)","Rows Removed by Index Recheck": 0,"Filter": "(o_orderstatus = 'F'::bpchar)","Rows Removed by Filter": 1}]}]}]}]},"Planning Time": 9.583,"Triggers": [],"Execution Time": 511.800}]
[{"Plan": {"Node Type": "Sort","Parallel Aware": false,"Async Capable": false,"Startup Cost": 147378.80,"Total Cost": 147378.81,"Plan Rows": 1,"Plan Width": 34,"Actual Startup Time": 503.423,"Actual Total Time": 521.004,"Actual Rows": 406,"Actual Loops": 1,"Sort Key": ["(count(*)) DESC", "supplier.s_name"],"Sort Method": "quicksort","Sort Space Used": 56,"Sort Space Type": "Memory","Plans": [{"Node Type": "Aggregate","Strategy": "Sorted","Partial Mode": "Simple","Parent Relationship": "Outer","Parallel Aware": false,"Async Capable": false,"Startup Cost": 147378.77,"Total Cost": 147378.79,"Plan Rows": 1,"Plan Width": 34,"Actual Startup Time": 502.176,"Actual Total Time": 520.280,"Actual Rows": 406,"Actual Loops": 1,"Group Key": ["supplier.s_name"],"Plans": [{"Node Type": "Sort","Parent Relationship": "Outer","Parallel Aware": false,"Async Capable": false,"Startup Cost": 147378.77,"Total Cost": 147378.78,"Plan Rows": 1,"Plan Width": 26,"Actual Startup Time": 502.147,"Actual Total Time": 519.852,"Actual Rows": 4052,"Actual Loops": 1,"Sort Key": ["supplier.s_name"],"Sort Method": "quicksort","Sort Space Used": 381,"Sort Space Type": "Memory","Plans": [{"Node Type": "Nested Loop","Parent Relationship": "Outer","Parallel Aware": false,"Async Capable": false,"Join Type": "Inner","Startup Cost": 1250.87,"Total Cost": 147378.76,"Plan Rows": 1,"Plan Width": 26,"Actual Startup Time": 4.486,"Actual Total Time": 508.290,"Actual Rows": 4052,"Actual Loops": 1,"Inner Unique": true,"Plans": [{"Node Type": "Nested Loop","Parent Relationship": "Outer","Parallel Aware": false,"Async Capable": false,"Join Type": "Semi","Startup Cost": 1250.44,"Total Cost": 147378.26,"Plan Rows": 1,"Plan Width": 34,"Actual Startup Time": 4.452,"Actual Total Time": 441.127,"Actual Rows": 8332,"Actual Loops": 1,"Inner Unique": false,"Plans": [{"Node Type": "Gather","Parent Relationship": "Outer","Parallel Aware": false,"Async Capable": false,"Startup Cost": 1250.01,"Total Cost": 147377.22,"Plan Rows": 1,"Plan Width": 34,"Actual Startup Time": 4.440,"Actual Total Time": 331.994,"Actual Rows": 13791,"Actual Loops": 1,"Workers Planned": 4,"Workers Launched": 4,"Single Copy": false,"Plans": [{"Node Type": "Nested Loop","Parent Relationship": "Outer","Parallel Aware": false,"Async Capable": false,"Join Type": "Anti","Startup Cost": 250.01,"Total Cost": 146377.12,"Plan Rows": 1,"Plan Width": 34,"Actual Startup Time": 4.624,"Actual Total Time": 442.937,"Actual Rows": 2758,"Actual Loops": 5,"Inner Unique": false,"Workers": [],"Plans": [{"Node Type": "Hash Join","Parent Relationship": "Outer","Parallel Aware": false,"Async Capable": false,"Join Type": "Inner","Startup Cost": 249.58,"Total Cost": 133581.65,"Plan Rows": 19990,"Plan Width": 34,"Actual Startup Time": 4.481,"Actual Total Time": 353.409,"Actual Rows": 30900,"Actual Loops": 5,"Inner Unique": false,"Hash Cond": "(l1.l_suppkey = supplier.s_suppkey)","Workers": [],"Plans": [{"Node Type": "Seq Scan","Parent Relationship": "Outer","Parallel Aware": true,"Async Capable": false,"Relation Name": "lineitem","Alias": "l1","Startup Cost": 0.00,"Total Cost": 131256.80,"Plan Rows": 500101,"Plan Width": 8,"Actual Startup Time": 0.029,"Actual Total Time": 301.270,"Actual Rows": 758659,"Actual Loops": 5,"Filter": "(l_receiptdate > l_commitdate)","Rows Removed by Filter": 441584,"Workers": []},{"Node Type": "Hash","Parent Relationship": "Inner","Parallel Aware": false,"Async Capable": false,"Startup Cost": 244.58,"Total Cost": 244.58,"Plan Rows": 400,"Plan Width": 30,"Actual Startup Time": 4.105,"Actual Total Time": 4.114,"Actual Rows": 406,"Actual Loops": 5,"Hash Buckets": 1024,"Original Hash Buckets": 1024,"Hash Batches": 1,"Original Hash Batches": 1,"Peak Memory Usage": 34,"Workers": [],"Plans": [{"Node Type": "Nested Loop","Parent Relationship": "Outer","Parallel Aware": false,"Async Capable": false,"Join Type": "Inner","Startup Cost": 7.38,"Total Cost": 244.58,"Plan Rows": 400,"Plan Width": 30,"Actual Startup Time": 0.252,"Actual Total Time": 3.975,"Actual Rows": 406,"Actual Loops": 5,"Inner Unique": false,"Workers": [],"Plans": [{"Node Type": "Seq Scan","Parent Relationship": "Outer","Parallel Aware": false,"Async Capable": false,"Relation Name": "nation","Alias": "nation","Startup Cost": 0.00,"Total Cost": 1.31,"Plan Rows": 1,"Plan Width": 4,"Actual Startup Time": 0.055,"Actual Total Time": 0.058,"Actual Rows": 1,"Actual Loops": 5,"Filter": "(n_name = 'MOZAMBIQUE'::bpchar)","Rows Removed by Filter": 24,"Workers": []},{"Node Type": "Bitmap Heap Scan","Parent Relationship": "Inner","Parallel Aware": false,"Async Capable": false,"Relation Name": "supplier","Alias": "supplier","Startup Cost": 7.38,"Total Cost": 239.27,"Plan Rows": 400,"Plan Width": 34,"Actual Startup Time": 0.193,"Actual Total Time": 3.854,"Actual Rows": 406,"Actual Loops": 5,"Recheck Cond": "(s_nationkey = nation.n_nationkey)","Rows Removed by Index Recheck": 0,"Exact Heap Blocks": 186,"Lossy Heap Blocks": 0,"Workers": [],"Plans": [{"Node Type": "Bitmap Index Scan","Parent Relationship": "Outer","Parallel Aware": false,"Async Capable": false,"Index Name": "idx_supplier_nation_key","Startup Cost": 0.00,"Total Cost": 7.29,"Plan Rows": 400,"Plan Width": 0,"Actual Startup Time": 0.125,"Actual Total Time": 0.126,"Actual Rows": 406,"Actual Loops": 5,"Index Cond": "(s_nationkey = nation.n_nationkey)","Workers": []}]}]}]}]},{"Node Type": "Index Scan","Parent Relationship": "Inner","Parallel Aware": false,"Async Capable": false,"Scan Direction": "Forward","Index Name": "idx_lineitem_orderkey","Relation Name": "lineitem","Alias": "l3","Startup Cost": 0.43,"Total Cost": 1.06,"Plan Rows": 6,"Plan Width": 8,"Actual Startup Time": 0.003,"Actual Total Time": 0.003,"Actual Rows": 1,"Actual Loops": 154501,"Index Cond": "(l_orderkey = l1.l_orderkey)","Rows Removed by Index Recheck": 0,"Filter": "((l_receiptdate > l_commitdate) AND (l_suppkey <> l1.l_suppkey))","Rows Removed by Filter": 1,"Workers": []}]}]},{"Node Type": "Index Scan","Parent Relationship": "Inner","Parallel Aware": false,"Async Capable": false,"Scan Direction": "Forward","Index Name": "idx_lineitem_orderkey","Relation Name": "lineitem","Alias": "l2","Startup Cost": 0.43,"Total Cost": 1.02,"Plan Rows": 17,"Plan Width": 8,"Actual Startup Time": 0.007,"Actual Total Time": 0.007,"Actual Rows": 1,"Actual Loops": 13791,"Index Cond": "(l_orderkey = l1.l_orderkey)","Rows Removed by Index Recheck": 0,"Filter": "(l_suppkey <> l1.l_suppkey)","Rows Removed by Filter": 1}]},{"Node Type": "Index Scan","Parent Relationship": "Inner","Parallel Aware": false,"Async Capable": false,"Scan Direction": "Forward","Index Name": "orders_pkey","Relation Name": "orders","Alias": "orders","Startup Cost": 0.43,"Total Cost": 0.51,"Plan Rows": 1,"Plan Width": 4,"Actual Startup Time": 0.008,"Actual Total Time": 0.008,"Actual Rows": 0,"Actual Loops": 8332,"Index Cond": "(o_orderkey = l1.l_orderkey)","Rows Removed by Index Recheck": 0,"Filter": "(o_orderstatus = 'F'::bpchar)","Rows Removed by Filter": 1}]}]}]}]},"Planning Time": 9.793,"Triggers": [],"Execution Time": 521.577}]
[{"Plan": {"Node Type": "Sort","Parallel Aware": false,"Async Capable": false,"Startup Cost": 147378.80,"Total Cost": 147378.81,"Plan Rows": 1,"Plan Width": 34,"Actual Startup Time": 502.540,"Actual Total Time": 523.684,"Actual Rows": 401,"Actual Loops": 1,"Sort Key": ["(count(*)) DESC", "supplier.s_name"],"Sort Method": "quicksort","Sort Space Used": 56,"Sort Space Type": "Memory","Plans": [{"Node Type": "Aggregate","Strategy": "Sorted","Partial Mode": "Simple","Parent Relationship": "Outer","Parallel Aware": false,"Async Capable": false,"Startup Cost": 147378.77,"Total Cost": 147378.79,"Plan Rows": 1,"Plan Width": 34,"Actual Startup Time": 501.310,"Actual Total Time": 522.965,"Actual Rows": 401,"Actual Loops": 1,"Group Key": ["supplier.s_name"],"Plans": [{"Node Type": "Sort","Parent Relationship": "Outer","Parallel Aware": false,"Async Capable": false,"Startup Cost": 147378.77,"Total Cost": 147378.78,"Plan Rows": 1,"Plan Width": 26,"Actual Startup Time": 501.284,"Actual Total Time": 522.551,"Actual Rows": 3970,"Actual Loops": 1,"Sort Key": ["supplier.s_name"],"Sort Method": "quicksort","Sort Space Used": 376,"Sort Space Type": "Memory","Plans": [{"Node Type": "Nested Loop","Parent Relationship": "Outer","Parallel Aware": false,"Async Capable": false,"Join Type": "Inner","Startup Cost": 1250.87,"Total Cost": 147378.76,"Plan Rows": 1,"Plan Width": 26,"Actual Startup Time": 5.240,"Actual Total Time": 512.097,"Actual Rows": 3970,"Actual Loops": 1,"Inner Unique": true,"Plans": [{"Node Type": "Nested Loop","Parent Relationship": "Outer","Parallel Aware": false,"Async Capable": false,"Join Type": "Semi","Startup Cost": 1250.44,"Total Cost": 147378.26,"Plan Rows": 1,"Plan Width": 34,"Actual Startup Time": 4.627,"Actual Total Time": 451.513,"Actual Rows": 8097,"Actual Loops": 1,"Inner Unique": false,"Plans": [{"Node Type": "Gather","Parent Relationship": "Outer","Parallel Aware": false,"Async Capable": false,"Startup Cost": 1250.01,"Total Cost": 147377.22,"Plan Rows": 1,"Plan Width": 34,"Actual Startup Time": 4.615,"Actual Total Time": 347.691,"Actual Rows": 13583,"Actual Loops": 1,"Workers Planned": 4,"Workers Launched": 4,"Single Copy": false,"Plans": [{"Node Type": "Nested Loop","Parent Relationship": "Outer","Parallel Aware": false,"Async Capable": false,"Join Type": "Anti","Startup Cost": 250.01,"Total Cost": 146377.12,"Plan Rows": 1,"Plan Width": 34,"Actual Startup Time": 4.828,"Actual Total Time": 446.701,"Actual Rows": 2717,"Actual Loops": 5,"Inner Unique": false,"Workers": [],"Plans": [{"Node Type": "Hash Join","Parent Relationship": "Outer","Parallel Aware": false,"Async Capable": false,"Join Type": "Inner","Startup Cost": 249.58,"Total Cost": 133581.65,"Plan Rows": 19990,"Plan Width": 34,"Actual Startup Time": 4.456,"Actual Total Time": 356.594,"Actual Rows": 30499,"Actual Loops": 5,"Inner Unique": false,"Hash Cond": "(l1.l_suppkey = supplier.s_suppkey)","Workers": [],"Plans": [{"Node Type": "Seq Scan","Parent Relationship": "Outer","Parallel Aware": true,"Async Capable": false,"Relation Name": "lineitem","Alias": "l1","Startup Cost": 0.00,"Total Cost": 131256.80,"Plan Rows": 500101,"Plan Width": 8,"Actual Startup Time": 0.022,"Actual Total Time": 305.978,"Actual Rows": 758659,"Actual Loops": 5,"Filter": "(l_receiptdate > l_commitdate)","Rows Removed by Filter": 441584,"Workers": []},{"Node Type": "Hash","Parent Relationship": "Inner","Parallel Aware": false,"Async Capable": false,"Startup Cost": 244.58,"Total Cost": 244.58,"Plan Rows": 400,"Plan Width": 30,"Actual Startup Time": 4.157,"Actual Total Time": 4.168,"Actual Rows": 401,"Actual Loops": 5,"Hash Buckets": 1024,"Original Hash Buckets": 1024,"Hash Batches": 1,"Original Hash Batches": 1,"Peak Memory Usage": 34,"Workers": [],"Plans": [{"Node Type": "Nested Loop","Parent Relationship": "Outer","Parallel Aware": false,"Async Capable": false,"Join Type": "Inner","Startup Cost": 7.38,"Total Cost": 244.58,"Plan Rows": 400,"Plan Width": 30,"Actual Startup Time": 0.269,"Actual Total Time": 4.009,"Actual Rows": 401,"Actual Loops": 5,"Inner Unique": false,"Workers": [],"Plans": [{"Node Type": "Seq Scan","Parent Relationship": "Outer","Parallel Aware": false,"Async Capable": false,"Relation Name": "nation","Alias": "nation","Startup Cost": 0.00,"Total Cost": 1.31,"Plan Rows": 1,"Plan Width": 4,"Actual Startup Time": 0.053,"Actual Total Time": 0.057,"Actual Rows": 1,"Actual Loops": 5,"Filter": "(n_name = 'RUSSIA'::bpchar)","Rows Removed by Filter": 24,"Workers": []},{"Node Type": "Bitmap Heap Scan","Parent Relationship": "Inner","Parallel Aware": false,"Async Capable": false,"Relation Name": "supplier","Alias": "supplier","Startup Cost": 7.38,"Total Cost": 239.27,"Plan Rows": 400,"Plan Width": 34,"Actual Startup Time": 0.210,"Actual Total Time": 3.875,"Actual Rows": 401,"Actual Loops": 5,"Recheck Cond": "(s_nationkey = nation.n_nationkey)","Rows Removed by Index Recheck": 0,"Exact Heap Blocks": 180,"Lossy Heap Blocks": 0,"Workers": [],"Plans": [{"Node Type": "Bitmap Index Scan","Parent Relationship": "Outer","Parallel Aware": false,"Async Capable": false,"Index Name": "idx_supplier_nation_key","Startup Cost": 0.00,"Total Cost": 7.29,"Plan Rows": 400,"Plan Width": 0,"Actual Startup Time": 0.139,"Actual Total Time": 0.140,"Actual Rows": 401,"Actual Loops": 5,"Index Cond": "(s_nationkey = nation.n_nationkey)","Workers": []}]}]}]}]},{"Node Type": "Index Scan","Parent Relationship": "Inner","Parallel Aware": false,"Async Capable": false,"Scan Direction": "Forward","Index Name": "idx_lineitem_orderkey","Relation Name": "lineitem","Alias": "l3","Startup Cost": 0.43,"Total Cost": 1.06,"Plan Rows": 6,"Plan Width": 8,"Actual Startup Time": 0.003,"Actual Total Time": 0.003,"Actual Rows": 1,"Actual Loops": 152495,"Index Cond": "(l_orderkey = l1.l_orderkey)","Rows Removed by Index Recheck": 0,"Filter": "((l_receiptdate > l_commitdate) AND (l_suppkey <> l1.l_suppkey))","Rows Removed by Filter": 1,"Workers": []}]}]},{"Node Type": "Index Scan","Parent Relationship": "Inner","Parallel Aware": false,"Async Capable": false,"Scan Direction": "Forward","Index Name": "idx_lineitem_orderkey","Relation Name": "lineitem","Alias": "l2","Startup Cost": 0.43,"Total Cost": 1.02,"Plan Rows": 17,"Plan Width": 8,"Actual Startup Time": 0.007,"Actual Total Time": 0.007,"Actual Rows": 1,"Actual Loops": 13583,"Index Cond": "(l_orderkey = l1.l_orderkey)","Rows Removed by Index Recheck": 0,"Filter": "(l_suppkey <> l1.l_suppkey)","Rows Removed by Filter": 1}]},{"Node Type": "Index Scan","Parent Relationship": "Inner","Parallel Aware": false,"Async Capable": false,"Scan Direction": "Forward","Index Name": "orders_pkey","Relation Name": "orders","Alias": "orders","Startup Cost": 0.43,"Total Cost": 0.51,"Plan Rows": 1,"Plan Width": 4,"Actual Startup Time": 0.007,"Actual Total Time": 0.007,"Actual Rows": 0,"Actual Loops": 8097,"Index Cond": "(o_orderkey = l1.l_orderkey)","Rows Removed by Index Recheck": 0,"Filter": "(o_orderstatus = 'F'::bpchar)","Rows Removed by Filter": 1}]}]}]}]},"Planning Time": 9.437,"Triggers": [],"Execution Time": 524.297}]
[{"Plan": {"Node Type": "Sort","Parallel Aware": false,"Async Capable": false,"Startup Cost": 147378.80,"Total Cost": 147378.81,"Plan Rows": 1,"Plan Width": 34,"Actual Startup Time": 509.264,"Actual Total Time": 527.696,"Actual Rows": 421,"Actual Loops": 1,"Sort Key": ["(count(*)) DESC", "supplier.s_name"],"Sort Method": "quicksort","Sort Space Used": 57,"Sort Space Type": "Memory","Plans": [{"Node Type": "Aggregate","Strategy": "Sorted","Partial Mode": "Simple","Parent Relationship": "Outer","Parallel Aware": false,"Async Capable": false,"Startup Cost": 147378.77,"Total Cost": 147378.79,"Plan Rows": 1,"Plan Width": 34,"Actual Startup Time": 507.941,"Actual Total Time": 526.990,"Actual Rows": 421,"Actual Loops": 1,"Group Key": ["supplier.s_name"],"Plans": [{"Node Type": "Sort","Parent Relationship": "Outer","Parallel Aware": false,"Async Capable": false,"Startup Cost": 147378.77,"Total Cost": 147378.78,"Plan Rows": 1,"Plan Width": 26,"Actual Startup Time": 507.919,"Actual Total Time": 526.540,"Actual Rows": 4227,"Actual Loops": 1,"Sort Key": ["supplier.s_name"],"Sort Method": "quicksort","Sort Space Used": 490,"Sort Space Type": "Memory","Plans": [{"Node Type": "Nested Loop","Parent Relationship": "Outer","Parallel Aware": false,"Async Capable": false,"Join Type": "Inner","Startup Cost": 1250.87,"Total Cost": 147378.76,"Plan Rows": 1,"Plan Width": 26,"Actual Startup Time": 5.396,"Actual Total Time": 515.076,"Actual Rows": 4227,"Actual Loops": 1,"Inner Unique": true,"Plans": [{"Node Type": "Nested Loop","Parent Relationship": "Outer","Parallel Aware": false,"Async Capable": false,"Join Type": "Semi","Startup Cost": 1250.44,"Total Cost": 147378.26,"Plan Rows": 1,"Plan Width": 34,"Actual Startup Time": 5.356,"Actual Total Time": 448.186,"Actual Rows": 8678,"Actual Loops": 1,"Inner Unique": false,"Plans": [{"Node Type": "Gather","Parent Relationship": "Outer","Parallel Aware": false,"Async Capable": false,"Startup Cost": 1250.01,"Total Cost": 147377.22,"Plan Rows": 1,"Plan Width": 34,"Actual Startup Time": 5.315,"Actual Total Time": 333.619,"Actual Rows": 14289,"Actual Loops": 1,"Workers Planned": 4,"Workers Launched": 4,"Single Copy": false,"Plans": [{"Node Type": "Nested Loop","Parent Relationship": "Outer","Parallel Aware": false,"Async Capable": false,"Join Type": "Anti","Startup Cost": 250.01,"Total Cost": 146377.12,"Plan Rows": 1,"Plan Width": 34,"Actual Startup Time": 5.155,"Actual Total Time": 447.803,"Actual Rows": 2858,"Actual Loops": 5,"Inner Unique": false,"Workers": [],"Plans": [{"Node Type": "Hash Join","Parent Relationship": "Outer","Parallel Aware": false,"Async Capable": false,"Join Type": "Inner","Startup Cost": 249.58,"Total Cost": 133581.65,"Plan Rows": 19990,"Plan Width": 34,"Actual Startup Time": 4.679,"Actual Total Time": 355.100,"Actual Rows": 31833,"Actual Loops": 5,"Inner Unique": false,"Hash Cond": "(l1.l_suppkey = supplier.s_suppkey)","Workers": [],"Plans": [{"Node Type": "Seq Scan","Parent Relationship": "Outer","Parallel Aware": true,"Async Capable": false,"Relation Name": "lineitem","Alias": "l1","Startup Cost": 0.00,"Total Cost": 131256.80,"Plan Rows": 500101,"Plan Width": 8,"Actual Startup Time": 0.028,"Actual Total Time": 302.880,"Actual Rows": 758659,"Actual Loops": 5,"Filter": "(l_receiptdate > l_commitdate)","Rows Removed by Filter": 441584,"Workers": []},{"Node Type": "Hash","Parent Relationship": "Inner","Parallel Aware": false,"Async Capable": false,"Startup Cost": 244.58,"Total Cost": 244.58,"Plan Rows": 400,"Plan Width": 30,"Actual Startup Time": 4.328,"Actual Total Time": 4.340,"Actual Rows": 421,"Actual Loops": 5,"Hash Buckets": 1024,"Original Hash Buckets": 1024,"Hash Batches": 1,"Original Hash Batches": 1,"Peak Memory Usage": 35,"Workers": [],"Plans": [{"Node Type": "Nested Loop","Parent Relationship": "Outer","Parallel Aware": false,"Async Capable": false,"Join Type": "Inner","Startup Cost": 7.38,"Total Cost": 244.58,"Plan Rows": 400,"Plan Width": 30,"Actual Startup Time": 0.319,"Actual Total Time": 4.167,"Actual Rows": 421,"Actual Loops": 5,"Inner Unique": false,"Workers": [],"Plans": [{"Node Type": "Seq Scan","Parent Relationship": "Outer","Parallel Aware": false,"Async Capable": false,"Relation Name": "nation","Alias": "nation","Startup Cost": 0.00,"Total Cost": 1.31,"Plan Rows": 1,"Plan Width": 4,"Actual Startup Time": 0.061,"Actual Total Time": 0.065,"Actual Rows": 1,"Actual Loops": 5,"Filter": "(n_name = 'PERU'::bpchar)","Rows Removed by Filter": 24,"Workers": []},{"Node Type": "Bitmap Heap Scan","Parent Relationship": "Inner","Parallel Aware": false,"Async Capable": false,"Relation Name": "supplier","Alias": "supplier","Startup Cost": 7.38,"Total Cost": 239.27,"Plan Rows": 400,"Plan Width": 34,"Actual Startup Time": 0.253,"Actual Total Time": 4.010,"Actual Rows": 421,"Actual Loops": 5,"Recheck Cond": "(s_nationkey = nation.n_nationkey)","Rows Removed by Index Recheck": 0,"Exact Heap Blocks": 187,"Lossy Heap Blocks": 0,"Workers": [],"Plans": [{"Node Type": "Bitmap Index Scan","Parent Relationship": "Outer","Parallel Aware": false,"Async Capable": false,"Index Name": "idx_supplier_nation_key","Startup Cost": 0.00,"Total Cost": 7.29,"Plan Rows": 400,"Plan Width": 0,"Actual Startup Time": 0.167,"Actual Total Time": 0.169,"Actual Rows": 421,"Actual Loops": 5,"Index Cond": "(s_nationkey = nation.n_nationkey)","Workers": []}]}]}]}]},{"Node Type": "Index Scan","Parent Relationship": "Inner","Parallel Aware": false,"Async Capable": false,"Scan Direction": "Forward","Index Name": "idx_lineitem_orderkey","Relation Name": "lineitem","Alias": "l3","Startup Cost": 0.43,"Total Cost": 1.06,"Plan Rows": 6,"Plan Width": 8,"Actual Startup Time": 0.003,"Actual Total Time": 0.003,"Actual Rows": 1,"Actual Loops": 159165,"Index Cond": "(l_orderkey = l1.l_orderkey)","Rows Removed by Index Recheck": 0,"Filter": "((l_receiptdate > l_commitdate) AND (l_suppkey <> l1.l_suppkey))","Rows Removed by Filter": 1,"Workers": []}]}]},{"Node Type": "Index Scan","Parent Relationship": "Inner","Parallel Aware": false,"Async Capable": false,"Scan Direction": "Forward","Index Name": "idx_lineitem_orderkey","Relation Name": "lineitem","Alias": "l2","Startup Cost": 0.43,"Total Cost": 1.02,"Plan Rows": 17,"Plan Width": 8,"Actual Startup Time": 0.008,"Actual Total Time": 0.008,"Actual Rows": 1,"Actual Loops": 14289,"Index Cond": "(l_orderkey = l1.l_orderkey)","Rows Removed by Index Recheck": 0,"Filter": "(l_suppkey <> l1.l_suppkey)","Rows Removed by Filter": 1}]},{"Node Type": "Index Scan","Parent Relationship": "Inner","Parallel Aware": false,"Async Capable": false,"Scan Direction": "Forward","Index Name": "orders_pkey","Relation Name": "orders","Alias": "orders","Startup Cost": 0.43,"Total Cost": 0.51,"Plan Rows": 1,"Plan Width": 4,"Actual Startup Time": 0.007,"Actual Total Time": 0.007,"Actual Rows": 0,"Actual Loops": 8678,"Index Cond": "(o_orderkey = l1.l_orderkey)","Rows Removed by Index Recheck": 0,"Filter": "(o_orderstatus = 'F'::bpchar)","Rows Removed by Filter": 1}]}]}]}]},"Planning Time": 8.374,"Triggers": [],"Execution Time": 528.458}]
[{"Plan": {"Node Type": "Sort","Parallel Aware": false,"Async Capable": false,"Startup Cost": 147378.80,"Total Cost": 147378.81,"Plan Rows": 1,"Plan Width": 34,"Actual Startup Time": 500.185,"Actual Total Time": 519.970,"Actual Rows": 396,"Actual Loops": 1,"Sort Key": ["(count(*)) DESC", "supplier.s_name"],"Sort Method": "quicksort","Sort Space Used": 55,"Sort Space Type": "Memory","Plans": [{"Node Type": "Aggregate","Strategy": "Sorted","Partial Mode": "Simple","Parent Relationship": "Outer","Parallel Aware": false,"Async Capable": false,"Startup Cost": 147378.77,"Total Cost": 147378.79,"Plan Rows": 1,"Plan Width": 34,"Actual Startup Time": 498.969,"Actual Total Time": 519.272,"Actual Rows": 396,"Actual Loops": 1,"Group Key": ["supplier.s_name"],"Plans": [{"Node Type": "Sort","Parent Relationship": "Outer","Parallel Aware": false,"Async Capable": false,"Startup Cost": 147378.77,"Total Cost": 147378.78,"Plan Rows": 1,"Plan Width": 26,"Actual Startup Time": 498.950,"Actual Total Time": 518.863,"Actual Rows": 3935,"Actual Loops": 1,"Sort Key": ["supplier.s_name"],"Sort Method": "quicksort","Sort Space Used": 373,"Sort Space Type": "Memory","Plans": [{"Node Type": "Nested Loop","Parent Relationship": "Outer","Parallel Aware": false,"Async Capable": false,"Join Type": "Inner","Startup Cost": 1250.87,"Total Cost": 147378.76,"Plan Rows": 1,"Plan Width": 26,"Actual Startup Time": 5.056,"Actual Total Time": 508.223,"Actual Rows": 3935,"Actual Loops": 1,"Inner Unique": true,"Plans": [{"Node Type": "Nested Loop","Parent Relationship": "Outer","Parallel Aware": false,"Async Capable": false,"Join Type": "Semi","Startup Cost": 1250.44,"Total Cost": 147378.26,"Plan Rows": 1,"Plan Width": 34,"Actual Startup Time": 5.029,"Actual Total Time": 447.558,"Actual Rows": 8035,"Actual Loops": 1,"Inner Unique": false,"Plans": [{"Node Type": "Gather","Parent Relationship": "Outer","Parallel Aware": false,"Async Capable": false,"Startup Cost": 1250.01,"Total Cost": 147377.22,"Plan Rows": 1,"Plan Width": 34,"Actual Startup Time": 4.623,"Actual Total Time": 341.887,"Actual Rows": 13450,"Actual Loops": 1,"Workers Planned": 4,"Workers Launched": 4,"Single Copy": false,"Plans": [{"Node Type": "Nested Loop","Parent Relationship": "Outer","Parallel Aware": false,"Async Capable": false,"Join Type": "Anti","Startup Cost": 250.01,"Total Cost": 146377.12,"Plan Rows": 1,"Plan Width": 34,"Actual Startup Time": 4.632,"Actual Total Time": 442.832,"Actual Rows": 2690,"Actual Loops": 5,"Inner Unique": false,"Workers": [],"Plans": [{"Node Type": "Hash Join","Parent Relationship": "Outer","Parallel Aware": false,"Async Capable": false,"Join Type": "Inner","Startup Cost": 249.58,"Total Cost": 133581.65,"Plan Rows": 19990,"Plan Width": 34,"Actual Startup Time": 4.440,"Actual Total Time": 353.938,"Actual Rows": 30159,"Actual Loops": 5,"Inner Unique": false,"Hash Cond": "(l1.l_suppkey = supplier.s_suppkey)","Workers": [],"Plans": [{"Node Type": "Seq Scan","Parent Relationship": "Outer","Parallel Aware": true,"Async Capable": false,"Relation Name": "lineitem","Alias": "l1","Startup Cost": 0.00,"Total Cost": 131256.80,"Plan Rows": 500101,"Plan Width": 8,"Actual Startup Time": 0.027,"Actual Total Time": 302.537,"Actual Rows": 758659,"Actual Loops": 5,"Filter": "(l_receiptdate > l_commitdate)","Rows Removed by Filter": 441584,"Workers": []},{"Node Type": "Hash","Parent Relationship": "Inner","Parallel Aware": false,"Async Capable": false,"Startup Cost": 244.58,"Total Cost": 244.58,"Plan Rows": 400,"Plan Width": 30,"Actual Startup Time": 4.114,"Actual Total Time": 4.124,"Actual Rows": 396,"Actual Loops": 5,"Hash Buckets": 1024,"Original Hash Buckets": 1024,"Hash Batches": 1,"Original Hash Batches": 1,"Peak Memory Usage": 33,"Workers": [],"Plans": [{"Node Type": "Nested Loop","Parent Relationship": "Outer","Parallel Aware": false,"Async Capable": false,"Join Type": "Inner","Startup Cost": 7.38,"Total Cost": 244.58,"Plan Rows": 400,"Plan Width": 30,"Actual Startup Time": 0.301,"Actual Total Time": 3.971,"Actual Rows": 396,"Actual Loops": 5,"Inner Unique": false,"Workers": [],"Plans": [{"Node Type": "Seq Scan","Parent Relationship": "Outer","Parallel Aware": false,"Async Capable": false,"Relation Name": "nation","Alias": "nation","Startup Cost": 0.00,"Total Cost": 1.31,"Plan Rows": 1,"Plan Width": 4,"Actual Startup Time": 0.063,"Actual Total Time": 0.068,"Actual Rows": 1,"Actual Loops": 5,"Filter": "(n_name = 'GERMANY'::bpchar)","Rows Removed by Filter": 24,"Workers": []},{"Node Type": "Bitmap Heap Scan","Parent Relationship": "Inner","Parallel Aware": false,"Async Capable": false,"Relation Name": "supplier","Alias": "supplier","Startup Cost": 7.38,"Total Cost": 239.27,"Plan Rows": 400,"Plan Width": 34,"Actual Startup Time": 0.232,"Actual Total Time": 3.829,"Actual Rows": 396,"Actual Loops": 5,"Recheck Cond": "(s_nationkey = nation.n_nationkey)","Rows Removed by Index Recheck": 0,"Exact Heap Blocks": 191,"Lossy Heap Blocks": 0,"Workers": [],"Plans": [{"Node Type": "Bitmap Index Scan","Parent Relationship": "Outer","Parallel Aware": false,"Async Capable": false,"Index Name": "idx_supplier_nation_key","Startup Cost": 0.00,"Total Cost": 7.29,"Plan Rows": 400,"Plan Width": 0,"Actual Startup Time": 0.147,"Actual Total Time": 0.148,"Actual Rows": 396,"Actual Loops": 5,"Index Cond": "(s_nationkey = nation.n_nationkey)","Workers": []}]}]}]}]},{"Node Type": "Index Scan","Parent Relationship": "Inner","Parallel Aware": false,"Async Capable": false,"Scan Direction": "Forward","Index Name": "idx_lineitem_orderkey","Relation Name": "lineitem","Alias": "l3","Startup Cost": 0.43,"Total Cost": 1.06,"Plan Rows": 6,"Plan Width": 8,"Actual Startup Time": 0.003,"Actual Total Time": 0.003,"Actual Rows": 1,"Actual Loops": 150794,"Index Cond": "(l_orderkey = l1.l_orderkey)","Rows Removed by Index Recheck": 0,"Filter": "((l_receiptdate > l_commitdate) AND (l_suppkey <> l1.l_suppkey))","Rows Removed by Filter": 1,"Workers": []}]}]},{"Node Type": "Index Scan","Parent Relationship": "Inner","Parallel Aware": false,"Async Capable": false,"Scan Direction": "Forward","Index Name": "idx_lineitem_orderkey","Relation Name": "lineitem","Alias": "l2","Startup Cost": 0.43,"Total Cost": 1.02,"Plan Rows": 17,"Plan Width": 8,"Actual Startup Time": 0.007,"Actual Total Time": 0.007,"Actual Rows": 1,"Actual Loops": 13450,"Index Cond": "(l_orderkey = l1.l_orderkey)","Rows Removed by Index Recheck": 0,"Filter": "(l_suppkey <> l1.l_suppkey)","Rows Removed by Filter": 1}]},{"Node Type": "Index Scan","Parent Relationship": "Inner","Parallel Aware": false,"Async Capable": false,"Scan Direction": "Forward","Index Name": "orders_pkey","Relation Name": "orders","Alias": "orders","Startup Cost": 0.43,"Total Cost": 0.51,"Plan Rows": 1,"Plan Width": 4,"Actual Startup Time": 0.007,"Actual Total Time": 0.007,"Actual Rows": 0,"Actual Loops": 8035,"Index Cond": "(o_orderkey = l1.l_orderkey)","Rows Removed by Index Recheck": 0,"Filter": "(o_orderstatus = 'F'::bpchar)","Rows Removed by Filter": 1}]}]}]}]},"Planning Time": 8.500,"Triggers": [],"Execution Time": 520.683}]
[{"Plan": {"Node Type": "Sort","Parallel Aware": false,"Async Capable": false,"Startup Cost": 147378.80,"Total Cost": 147378.81,"Plan Rows": 1,"Plan Width": 34,"Actual Startup Time": 500.709,"Actual Total Time": 524.703,"Actual Rows": 407,"Actual Loops": 1,"Sort Key": ["(count(*)) DESC", "supplier.s_name"],"Sort Method": "quicksort","Sort Space Used": 56,"Sort Space Type": "Memory","Plans": [{"Node Type": "Aggregate","Strategy": "Sorted","Partial Mode": "Simple","Parent Relationship": "Outer","Parallel Aware": false,"Async Capable": false,"Startup Cost": 147378.77,"Total Cost": 147378.79,"Plan Rows": 1,"Plan Width": 34,"Actual Startup Time": 499.455,"Actual Total Time": 523.962,"Actual Rows": 407,"Actual Loops": 1,"Group Key": ["supplier.s_name"],"Plans": [{"Node Type": "Sort","Parent Relationship": "Outer","Parallel Aware": false,"Async Capable": false,"Startup Cost": 147378.77,"Total Cost": 147378.78,"Plan Rows": 1,"Plan Width": 26,"Actual Startup Time": 499.433,"Actual Total Time": 523.550,"Actual Rows": 3965,"Actual Loops": 1,"Sort Key": ["supplier.s_name"],"Sort Method": "quicksort","Sort Space Used": 375,"Sort Space Type": "Memory","Plans": [{"Node Type": "Nested Loop","Parent Relationship": "Outer","Parallel Aware": false,"Async Capable": false,"Join Type": "Inner","Startup Cost": 1250.87,"Total Cost": 147378.76,"Plan Rows": 1,"Plan Width": 26,"Actual Startup Time": 5.067,"Actual Total Time": 512.972,"Actual Rows": 3965,"Actual Loops": 1,"Inner Unique": true,"Plans": [{"Node Type": "Nested Loop","Parent Relationship": "Outer","Parallel Aware": false,"Async Capable": false,"Join Type": "Semi","Startup Cost": 1250.44,"Total Cost": 147378.26,"Plan Rows": 1,"Plan Width": 34,"Actual Startup Time": 5.045,"Actual Total Time": 451.382,"Actual Rows": 8089,"Actual Loops": 1,"Inner Unique": false,"Plans": [{"Node Type": "Gather","Parent Relationship": "Outer","Parallel Aware": false,"Async Capable": false,"Startup Cost": 1250.01,"Total Cost": 147377.22,"Plan Rows": 1,"Plan Width": 34,"Actual Startup Time": 4.734,"Actual Total Time": 344.998,"Actual Rows": 13526,"Actual Loops": 1,"Workers Planned": 4,"Workers Launched": 4,"Single Copy": false,"Plans": [{"Node Type": "Nested Loop","Parent Relationship": "Outer","Parallel Aware": false,"Async Capable": false,"Join Type": "Anti","Startup Cost": 250.01,"Total Cost": 146377.12,"Plan Rows": 1,"Plan Width": 34,"Actual Startup Time": 4.775,"Actual Total Time": 445.542,"Actual Rows": 2705,"Actual Loops": 5,"Inner Unique": false,"Workers": [],"Plans": [{"Node Type": "Hash Join","Parent Relationship": "Outer","Parallel Aware": false,"Async Capable": false,"Join Type": "Inner","Startup Cost": 249.58,"Total Cost": 133581.65,"Plan Rows": 19990,"Plan Width": 34,"Actual Startup Time": 4.487,"Actual Total Time": 354.785,"Actual Rows": 30752,"Actual Loops": 5,"Inner Unique": false,"Hash Cond": "(l1.l_suppkey = supplier.s_suppkey)","Workers": [],"Plans": [{"Node Type": "Seq Scan","Parent Relationship": "Outer","Parallel Aware": true,"Async Capable": false,"Relation Name": "lineitem","Alias": "l1","Startup Cost": 0.00,"Total Cost": 131256.80,"Plan Rows": 500101,"Plan Width": 8,"Actual Startup Time": 0.026,"Actual Total Time": 303.161,"Actual Rows": 758659,"Actual Loops": 5,"Filter": "(l_receiptdate > l_commitdate)","Rows Removed by Filter": 441584,"Workers": []},{"Node Type": "Hash","Parent Relationship": "Inner","Parallel Aware": false,"Async Capable": false,"Startup Cost": 244.58,"Total Cost": 244.58,"Plan Rows": 400,"Plan Width": 30,"Actual Startup Time": 4.170,"Actual Total Time": 4.181,"Actual Rows": 407,"Actual Loops": 5,"Hash Buckets": 1024,"Original Hash Buckets": 1024,"Hash Batches": 1,"Original Hash Batches": 1,"Peak Memory Usage": 34,"Workers": [],"Plans": [{"Node Type": "Nested Loop","Parent Relationship": "Outer","Parallel Aware": false,"Async Capable": false,"Join Type": "Inner","Startup Cost": 7.38,"Total Cost": 244.58,"Plan Rows": 400,"Plan Width": 30,"Actual Startup Time": 0.302,"Actual Total Time": 4.018,"Actual Rows": 407,"Actual Loops": 5,"Inner Unique": false,"Workers": [],"Plans": [{"Node Type": "Seq Scan","Parent Relationship": "Outer","Parallel Aware": false,"Async Capable": false,"Relation Name": "nation","Alias": "nation","Startup Cost": 0.00,"Total Cost": 1.31,"Plan Rows": 1,"Plan Width": 4,"Actual Startup Time": 0.065,"Actual Total Time": 0.068,"Actual Rows": 1,"Actual Loops": 5,"Filter": "(n_name = 'CHINA'::bpchar)","Rows Removed by Filter": 24,"Workers": []},{"Node Type": "Bitmap Heap Scan","Parent Relationship": "Inner","Parallel Aware": false,"Async Capable": false,"Relation Name": "supplier","Alias": "supplier","Startup Cost": 7.38,"Total Cost": 239.27,"Plan Rows": 400,"Plan Width": 34,"Actual Startup Time": 0.229,"Actual Total Time": 3.872,"Actual Rows": 407,"Actual Loops": 5,"Recheck Cond": "(s_nationkey = nation.n_nationkey)","Rows Removed by Index Recheck": 0,"Exact Heap Blocks": 186,"Lossy Heap Blocks": 0,"Workers": [],"Plans": [{"Node Type": "Bitmap Index Scan","Parent Relationship": "Outer","Parallel Aware": false,"Async Capable": false,"Index Name": "idx_supplier_nation_key","Startup Cost": 0.00,"Total Cost": 7.29,"Plan Rows": 400,"Plan Width": 0,"Actual Startup Time": 0.141,"Actual Total Time": 0.143,"Actual Rows": 407,"Actual Loops": 5,"Index Cond": "(s_nationkey = nation.n_nationkey)","Workers": []}]}]}]}]},{"Node Type": "Index Scan","Parent Relationship": "Inner","Parallel Aware": false,"Async Capable": false,"Scan Direction": "Forward","Index Name": "idx_lineitem_orderkey","Relation Name": "lineitem","Alias": "l3","Startup Cost": 0.43,"Total Cost": 1.06,"Plan Rows": 6,"Plan Width": 8,"Actual Startup Time": 0.003,"Actual Total Time": 0.003,"Actual Rows": 1,"Actual Loops": 153758,"Index Cond": "(l_orderkey = l1.l_orderkey)","Rows Removed by Index Recheck": 0,"Filter": "((l_receiptdate > l_commitdate) AND (l_suppkey <> l1.l_suppkey))","Rows Removed by Filter": 1,"Workers": []}]}]},{"Node Type": "Index Scan","Parent Relationship": "Inner","Parallel Aware": false,"Async Capable": false,"Scan Direction": "Forward","Index Name": "idx_lineitem_orderkey","Relation Name": "lineitem","Alias": "l2","Startup Cost": 0.43,"Total Cost": 1.02,"Plan Rows": 17,"Plan Width": 8,"Actual Startup Time": 0.007,"Actual Total Time": 0.007,"Actual Rows": 1,"Actual Loops": 13526,"Index Cond": "(l_orderkey = l1.l_orderkey)","Rows Removed by Index Recheck": 0,"Filter": "(l_suppkey <> l1.l_suppkey)","Rows Removed by Filter": 1}]},{"Node Type": "Index Scan","Parent Relationship": "Inner","Parallel Aware": false,"Async Capable": false,"Scan Direction": "Forward","Index Name": "orders_pkey","Relation Name": "orders","Alias": "orders","Startup Cost": 0.43,"Total Cost": 0.51,"Plan Rows": 1,"Plan Width": 4,"Actual Startup Time": 0.007,"Actual Total Time": 0.007,"Actual Rows": 0,"Actual Loops": 8089,"Index Cond": "(o_orderkey = l1.l_orderkey)","Rows Removed by Index Recheck": 0,"Filter": "(o_orderstatus = 'F'::bpchar)","Rows Removed by Filter": 1}]}]}]}]},"Planning Time": 8.452,"Triggers": [],"Execution Time": 525.397}]
[{"Plan": {"Node Type": "Sort","Parallel Aware": false,"Async Capable": false,"Startup Cost": 147378.80,"Total Cost": 147378.81,"Plan Rows": 1,"Plan Width": 34,"Actual Startup Time": 500.709,"Actual Total Time": 524.703,"Actual Rows": 407,"Actual Loops": 1,"Sort Key": ["(count(*)) DESC", "supplier.s_name"],"Sort Method": "quicksort","Sort Space Used": 56,"Sort Space Type": "Memory","Plans": [{"Node Type": "Aggregate","Strategy": "Sorted","Partial Mode": "Simple","Parent Relationship": "Outer","Parallel Aware": false,"Async Capable": false,"Startup Cost": 147378.77,"Total Cost": 147378.79,"Plan Rows": 1,"Plan Width": 34,"Actual Startup Time": 499.455,"Actual Total Time": 523.962,"Actual Rows": 407,"Actual Loops": 1,"Group Key": ["supplier.s_name"],"Plans": [{"Node Type": "Sort","Parent Relationship": "Outer","Parallel Aware": false,"Async Capable": false,"Startup Cost": 147378.77,"Total Cost": 147378.78,"Plan Rows": 1,"Plan Width": 26,"Actual Startup Time": 499.433,"Actual Total Time": 523.550,"Actual Rows": 3965,"Actual Loops": 1,"Sort Key": ["supplier.s_name"],"Sort Method": "quicksort","Sort Space Used": 375,"Sort Space Type": "Memory","Plans": [{"Node Type": "Nested Loop","Parent Relationship": "Outer","Parallel Aware": false,"Async Capable": false,"Join Type": "Inner","Startup Cost": 1250.87,"Total Cost": 147378.76,"Plan Rows": 1,"Plan Width": 26,"Actual Startup Time": 5.067,"Actual Total Time": 512.972,"Actual Rows": 3965,"Actual Loops": 1,"Inner Unique": true,"Plans": [{"Node Type": "Nested Loop","Parent Relationship": "Outer","Parallel Aware": false,"Async Capable": false,"Join Type": "Semi","Startup Cost": 1250.44,"Total Cost": 147378.26,"Plan Rows": 1,"Plan Width": 34,"Actual Startup Time": 5.045,"Actual Total Time": 451.382,"Actual Rows": 8089,"Actual Loops": 1,"Inner Unique": false,"Plans": [{"Node Type": "Gather","Parent Relationship": "Outer","Parallel Aware": false,"Async Capable": false,"Startup Cost": 1250.01,"Total Cost": 147377.22,"Plan Rows": 1,"Plan Width": 34,"Actual Startup Time": 4.734,"Actual Total Time": 344.998,"Actual Rows": 13526,"Actual Loops": 1,"Workers Planned": 4,"Workers Launched": 4,"Single Copy": false,"Plans": [{"Node Type": "Nested Loop","Parent Relationship": "Outer","Parallel Aware": false,"Async Capable": false,"Join Type": "Anti","Startup Cost": 250.01,"Total Cost": 146377.12,"Plan Rows": 1,"Plan Width": 34,"Actual Startup Time": 4.775,"Actual Total Time": 445.542,"Actual Rows": 2705,"Actual Loops": 5,"Inner Unique": false,"Workers": [],"Plans": [{"Node Type": "Hash Join","Parent Relationship": "Outer","Parallel Aware": false,"Async Capable": false,"Join Type": "Inner","Startup Cost": 249.58,"Total Cost": 133581.65,"Plan Rows": 19990,"Plan Width": 34,"Actual Startup Time": 4.487,"Actual Total Time": 354.785,"Actual Rows": 30752,"Actual Loops": 5,"Inner Unique": false,"Hash Cond": "(l1.l_suppkey = supplier.s_suppkey)","Workers": [],"Plans": [{"Node Type": "Seq Scan","Parent Relationship": "Outer","Parallel Aware": true,"Async Capable": false,"Relation Name": "lineitem","Alias": "l1","Startup Cost": 0.00,"Total Cost": 131256.80,"Plan Rows": 500101,"Plan Width": 8,"Actual Startup Time": 0.026,"Actual Total Time": 303.161,"Actual Rows": 758659,"Actual Loops": 5,"Filter": "(l_receiptdate > l_commitdate)","Rows Removed by Filter": 441584,"Workers": []},{"Node Type": "Hash","Parent Relationship": "Inner","Parallel Aware": false,"Async Capable": false,"Startup Cost": 244.58,"Total Cost": 244.58,"Plan Rows": 400,"Plan Width": 30,"Actual Startup Time": 4.170,"Actual Total Time": 4.181,"Actual Rows": 407,"Actual Loops": 5,"Hash Buckets": 1024,"Original Hash Buckets": 1024,"Hash Batches": 1,"Original Hash Batches": 1,"Peak Memory Usage": 34,"Workers": [],"Plans": [{"Node Type": "Nested Loop","Parent Relationship": "Outer","Parallel Aware": false,"Async Capable": false,"Join Type": "Inner","Startup Cost": 7.38,"Total Cost": 244.58,"Plan Rows": 400,"Plan Width": 30,"Actual Startup Time": 0.302,"Actual Total Time": 4.018,"Actual Rows": 407,"Actual Loops": 5,"Inner Unique": false,"Workers": [],"Plans": [{"Node Type": "Seq Scan","Parent Relationship": "Outer","Parallel Aware": false,"Async Capable": false,"Relation Name": "nation","Alias": "nation","Startup Cost": 0.00,"Total Cost": 1.31,"Plan Rows": 1,"Plan Width": 4,"Actual Startup Time": 0.065,"Actual Total Time": 0.068,"Actual Rows": 1,"Actual Loops": 5,"Filter": "(n_name = 'CHINA'::bpchar)","Rows Removed by Filter": 24,"Workers": []},{"Node Type": "Bitmap Heap Scan","Parent Relationship": "Inner","Parallel Aware": false,"Async Capable": false,"Relation Name": "supplier","Alias": "supplier","Startup Cost": 7.38,"Total Cost": 239.27,"Plan Rows": 400,"Plan Width": 34,"Actual Startup Time": 0.229,"Actual Total Time": 3.872,"Actual Rows": 407,"Actual Loops": 5,"Recheck Cond": "(s_nationkey = nation.n_nationkey)","Rows Removed by Index Recheck": 0,"Exact Heap Blocks": 186,"Lossy Heap Blocks": 0,"Workers": [],"Plans": [{"Node Type": "Bitmap Index Scan","Parent Relationship": "Outer","Parallel Aware": false,"Async Capable": false,"Index Name": "idx_supplier_nation_key","Startup Cost": 0.00,"Total Cost": 7.29,"Plan Rows": 400,"Plan Width": 0,"Actual Startup Time": 0.141,"Actual Total Time": 0.143,"Actual Rows": 407,"Actual Loops": 5,"Index Cond": "(s_nationkey = nation.n_nationkey)","Workers": []}]}]}]}]},{"Node Type": "Index Scan","Parent Relationship": "Inner","Parallel Aware": false,"Async Capable": false,"Scan Direction": "Forward","Index Name": "idx_lineitem_orderkey","Relation Name": "lineitem","Alias": "l3","Startup Cost": 0.43,"Total Cost": 1.06,"Plan Rows": 6,"Plan Width": 8,"Actual Startup Time": 0.003,"Actual Total Time": 0.003,"Actual Rows": 1,"Actual Loops": 153758,"Index Cond": "(l_orderkey = l1.l_orderkey)","Rows Removed by Index Recheck": 0,"Filter": "((l_receiptdate > l_commitdate) AND (l_suppkey <> l1.l_suppkey))","Rows Removed by Filter": 1,"Workers": []}]}]},{"Node Type": "Index Scan","Parent Relationship": "Inner","Parallel Aware": false,"Async Capable": false,"Scan Direction": "Forward","Index Name": "idx_lineitem_orderkey","Relation Name": "lineitem","Alias": "l2","Startup Cost": 0.43,"Total Cost": 1.02,"Plan Rows": 17,"Plan Width": 8,"Actual Startup Time": 0.007,"Actual Total Time": 0.007,"Actual Rows": 1,"Actual Loops": 13526,"Index Cond": "(l_orderkey = l1.l_orderkey)","Rows Removed by Index Recheck": 0,"Filter": "(l_suppkey <> l1.l_suppkey)","Rows Removed by Filter": 1}]},{"Node Type": "Index Scan","Parent Relationship": "Inner","Parallel Aware": false,"Async Capable": false,"Scan Direction": "Forward","Index Name": "orders_pkey","Relation Name": "orders","Alias": "orders","Startup Cost": 0.43,"Total Cost": 0.51,"Plan Rows": 1,"Plan Width": 4,"Actual Startup Time": 0.007,"Actual Total Time": 0.007,"Actual Rows": 0,"Actual Loops": 8089,"Index Cond": "(o_orderkey = l1.l_orderkey)","Rows Removed by Index Recheck": 0,"Filter": "(o_orderstatus = 'F'::bpchar)","Rows Removed by Filter": 1}]}]}]}]},"Planning Time": 8.452,"Triggers": [],"Execution Time": 525.397}]
[{"Plan": {"Node Type": "Sort","Parallel Aware": false,"Async Capable": false,"Startup Cost": 147378.80,"Total Cost": 147378.81,"Plan Rows": 1,"Plan Width": 34,"Actual Startup Time": 509.264,"Actual Total Time": 527.696,"Actual Rows": 421,"Actual Loops": 1,"Sort Key": ["(count(*)) DESC", "supplier.s_name"],"Sort Method": "quicksort","Sort Space Used": 57,"Sort Space Type": "Memory","Plans": [{"Node Type": "Aggregate","Strategy": "Sorted","Partial Mode": "Simple","Parent Relationship": "Outer","Parallel Aware": false,"Async Capable": false,"Startup Cost": 147378.77,"Total Cost": 147378.79,"Plan Rows": 1,"Plan Width": 34,"Actual Startup Time": 507.941,"Actual Total Time": 526.990,"Actual Rows": 421,"Actual Loops": 1,"Group Key": ["supplier.s_name"],"Plans": [{"Node Type": "Sort","Parent Relationship": "Outer","Parallel Aware": false,"Async Capable": false,"Startup Cost": 147378.77,"Total Cost": 147378.78,"Plan Rows": 1,"Plan Width": 26,"Actual Startup Time": 507.919,"Actual Total Time": 526.540,"Actual Rows": 4227,"Actual Loops": 1,"Sort Key": ["supplier.s_name"],"Sort Method": "quicksort","Sort Space Used": 490,"Sort Space Type": "Memory","Plans": [{"Node Type": "Nested Loop","Parent Relationship": "Outer","Parallel Aware": false,"Async Capable": false,"Join Type": "Inner","Startup Cost": 1250.87,"Total Cost": 147378.76,"Plan Rows": 1,"Plan Width": 26,"Actual Startup Time": 5.396,"Actual Total Time": 515.076,"Actual Rows": 4227,"Actual Loops": 1,"Inner Unique": true,"Plans": [{"Node Type": "Nested Loop","Parent Relationship": "Outer","Parallel Aware": false,"Async Capable": false,"Join Type": "Semi","Startup Cost": 1250.44,"Total Cost": 147378.26,"Plan Rows": 1,"Plan Width": 34,"Actual Startup Time": 5.356,"Actual Total Time": 448.186,"Actual Rows": 8678,"Actual Loops": 1,"Inner Unique": false,"Plans": [{"Node Type": "Gather","Parent Relationship": "Outer","Parallel Aware": false,"Async Capable": false,"Startup Cost": 1250.01,"Total Cost": 147377.22,"Plan Rows": 1,"Plan Width": 34,"Actual Startup Time": 5.315,"Actual Total Time": 333.619,"Actual Rows": 14289,"Actual Loops": 1,"Workers Planned": 4,"Workers Launched": 4,"Single Copy": false,"Plans": [{"Node Type": "Nested Loop","Parent Relationship": "Outer","Parallel Aware": false,"Async Capable": false,"Join Type": "Anti","Startup Cost": 250.01,"Total Cost": 146377.12,"Plan Rows": 1,"Plan Width": 34,"Actual Startup Time": 5.155,"Actual Total Time": 447.803,"Actual Rows": 2858,"Actual Loops": 5,"Inner Unique": false,"Workers": [],"Plans": [{"Node Type": "Hash Join","Parent Relationship": "Outer","Parallel Aware": false,"Async Capable": false,"Join Type": "Inner","Startup Cost": 249.58,"Total Cost": 133581.65,"Plan Rows": 19990,"Plan Width": 34,"Actual Startup Time": 4.679,"Actual Total Time": 355.100,"Actual Rows": 31833,"Actual Loops": 5,"Inner Unique": false,"Hash Cond": "(l1.l_suppkey = supplier.s_suppkey)","Workers": [],"Plans": [{"Node Type": "Seq Scan","Parent Relationship": "Outer","Parallel Aware": true,"Async Capable": false,"Relation Name": "lineitem","Alias": "l1","Startup Cost": 0.00,"Total Cost": 131256.80,"Plan Rows": 500101,"Plan Width": 8,"Actual Startup Time": 0.028,"Actual Total Time": 302.880,"Actual Rows": 758659,"Actual Loops": 5,"Filter": "(l_receiptdate > l_commitdate)","Rows Removed by Filter": 441584,"Workers": []},{"Node Type": "Hash","Parent Relationship": "Inner","Parallel Aware": false,"Async Capable": false,"Startup Cost": 244.58,"Total Cost": 244.58,"Plan Rows": 400,"Plan Width": 30,"Actual Startup Time": 4.328,"Actual Total Time": 4.340,"Actual Rows": 421,"Actual Loops": 5,"Hash Buckets": 1024,"Original Hash Buckets": 1024,"Hash Batches": 1,"Original Hash Batches": 1,"Peak Memory Usage": 35,"Workers": [],"Plans": [{"Node Type": "Nested Loop","Parent Relationship": "Outer","Parallel Aware": false,"Async Capable": false,"Join Type": "Inner","Startup Cost": 7.38,"Total Cost": 244.58,"Plan Rows": 400,"Plan Width": 30,"Actual Startup Time": 0.319,"Actual Total Time": 4.167,"Actual Rows": 421,"Actual Loops": 5,"Inner Unique": false,"Workers": [],"Plans": [{"Node Type": "Seq Scan","Parent Relationship": "Outer","Parallel Aware": false,"Async Capable": false,"Relation Name": "nation","Alias": "nation","Startup Cost": 0.00,"Total Cost": 1.31,"Plan Rows": 1,"Plan Width": 4,"Actual Startup Time": 0.061,"Actual Total Time": 0.065,"Actual Rows": 1,"Actual Loops": 5,"Filter": "(n_name = 'PERU'::bpchar)","Rows Removed by Filter": 24,"Workers": []},{"Node Type": "Bitmap Heap Scan","Parent Relationship": "Inner","Parallel Aware": false,"Async Capable": false,"Relation Name": "supplier","Alias": "supplier","Startup Cost": 7.38,"Total Cost": 239.27,"Plan Rows": 400,"Plan Width": 34,"Actual Startup Time": 0.253,"Actual Total Time": 4.010,"Actual Rows": 421,"Actual Loops": 5,"Recheck Cond": "(s_nationkey = nation.n_nationkey)","Rows Removed by Index Recheck": 0,"Exact Heap Blocks": 187,"Lossy Heap Blocks": 0,"Workers": [],"Plans": [{"Node Type": "Bitmap Index Scan","Parent Relationship": "Outer","Parallel Aware": false,"Async Capable": false,"Index Name": "idx_supplier_nation_key","Startup Cost": 0.00,"Total Cost": 7.29,"Plan Rows": 400,"Plan Width": 0,"Actual Startup Time": 0.167,"Actual Total Time": 0.169,"Actual Rows": 421,"Actual Loops": 5,"Index Cond": "(s_nationkey = nation.n_nationkey)","Workers": []}]}]}]}]},{"Node Type": "Index Scan","Parent Relationship": "Inner","Parallel Aware": false,"Async Capable": false,"Scan Direction": "Forward","Index Name": "idx_lineitem_orderkey","Relation Name": "lineitem","Alias": "l3","Startup Cost": 0.43,"Total Cost": 1.06,"Plan Rows": 6,"Plan Width": 8,"Actual Startup Time": 0.003,"Actual Total Time": 0.003,"Actual Rows": 1,"Actual Loops": 159165,"Index Cond": "(l_orderkey = l1.l_orderkey)","Rows Removed by Index Recheck": 0,"Filter": "((l_receiptdate > l_commitdate) AND (l_suppkey <> l1.l_suppkey))","Rows Removed by Filter": 1,"Workers": []}]}]},{"Node Type": "Index Scan","Parent Relationship": "Inner","Parallel Aware": false,"Async Capable": false,"Scan Direction": "Forward","Index Name": "idx_lineitem_orderkey","Relation Name": "lineitem","Alias": "l2","Startup Cost": 0.43,"Total Cost": 1.02,"Plan Rows": 17,"Plan Width": 8,"Actual Startup Time": 0.008,"Actual Total Time": 0.008,"Actual Rows": 1,"Actual Loops": 14289,"Index Cond": "(l_orderkey = l1.l_orderkey)","Rows Removed by Index Recheck": 0,"Filter": "(l_suppkey <> l1.l_suppkey)","Rows Removed by Filter": 1}]},{"Node Type": "Index Scan","Parent Relationship": "Inner","Parallel Aware": false,"Async Capable": false,"Scan Direction": "Forward","Index Name": "orders_pkey","Relation Name": "orders","Alias": "orders","Startup Cost": 0.43,"Total Cost": 0.51,"Plan Rows": 1,"Plan Width": 4,"Actual Startup Time": 0.007,"Actual Total Time": 0.007,"Actual Rows": 0,"Actual Loops": 8678,"Index Cond": "(o_orderkey = l1.l_orderkey)","Rows Removed by Index Recheck": 0,"Filter": "(o_orderstatus = 'F'::bpchar)","Rows Removed by Filter": 1}]}]}]}]},"Planning Time": 8.374,"Triggers": [],"Execution Time": 528.458}]
[{"Plan": {"Node Type": "Sort","Parallel Aware": false,"Async Capable": false,"Startup Cost": 147378.80,"Total Cost": 147378.81,"Plan Rows": 1,"Plan Width": 34,"Actual Startup Time": 484.568,"Actual Total Time": 505.980,"Actual Rows": 362,"Actual Loops": 1,"Sort Key": ["(count(*)) DESC", "supplier.s_name"],"Sort Method": "quicksort","Sort Space Used": 53,"Sort Space Type": "Memory","Plans": [{"Node Type": "Aggregate","Strategy": "Sorted","Partial Mode": "Simple","Parent Relationship": "Outer","Parallel Aware": false,"Async Capable": false,"Startup Cost": 147378.77,"Total Cost": 147378.79,"Plan Rows": 1,"Plan Width": 34,"Actual Startup Time": 483.467,"Actual Total Time": 505.326,"Actual Rows": 362,"Actual Loops": 1,"Group Key": ["supplier.s_name"],"Plans": [{"Node Type": "Sort","Parent Relationship": "Outer","Parallel Aware": false,"Async Capable": false,"Startup Cost": 147378.77,"Total Cost": 147378.78,"Plan Rows": 1,"Plan Width": 26,"Actual Startup Time": 483.448,"Actual Total Time": 504.962,"Actual Rows": 3454,"Actual Loops": 1,"Sort Key": ["supplier.s_name"],"Sort Method": "quicksort","Sort Space Used": 339,"Sort Space Type": "Memory","Plans": [{"Node Type": "Nested Loop","Parent Relationship": "Outer","Parallel Aware": false,"Async Capable": false,"Join Type": "Inner","Startup Cost": 1250.87,"Total Cost": 147378.76,"Plan Rows": 1,"Plan Width": 26,"Actual Startup Time": 4.046,"Actual Total Time": 494.960,"Actual Rows": 3454,"Actual Loops": 1,"Inner Unique": true,"Plans": [{"Node Type": "Nested Loop","Parent Relationship": "Outer","Parallel Aware": false,"Async Capable": false,"Join Type": "Semi","Startup Cost": 1250.44,"Total Cost": 147378.26,"Plan Rows": 1,"Plan Width": 34,"Actual Startup Time": 3.697,"Actual Total Time": 437.513,"Actual Rows": 7167,"Actual Loops": 1,"Inner Unique": false,"Plans": [{"Node Type": "Gather","Parent Relationship": "Outer","Parallel Aware": false,"Async Capable": false,"Startup Cost": 1250.01,"Total Cost": 147377.22,"Plan Rows": 1,"Plan Width": 34,"Actual Startup Time": 3.682,"Actual Total Time": 337.976,"Actual Rows": 12136,"Actual Loops": 1,"Workers Planned": 4,"Workers Launched": 4,"Single Copy": false,"Plans": [{"Node Type": "Nested Loop","Parent Relationship": "Outer","Parallel Aware": false,"Async Capable": false,"Join Type": "Anti","Startup Cost": 250.01,"Total Cost": 146377.12,"Plan Rows": 1,"Plan Width": 34,"Actual Startup Time": 4.367,"Actual Total Time": 431.433,"Actual Rows": 2427,"Actual Loops": 5,"Inner Unique": false,"Workers": [],"Plans": [{"Node Type": "Hash Join","Parent Relationship": "Outer","Parallel Aware": false,"Async Capable": false,"Join Type": "Inner","Startup Cost": 249.58,"Total Cost": 133581.65,"Plan Rows": 19990,"Plan Width": 34,"Actual Startup Time": 4.181,"Actual Total Time": 349.984,"Actual Rows": 27450,"Actual Loops": 5,"Inner Unique": false,"Hash Cond": "(l1.l_suppkey = supplier.s_suppkey)","Workers": [],"Plans": [{"Node Type": "Seq Scan","Parent Relationship": "Outer","Parallel Aware": true,"Async Capable": false,"Relation Name": "lineitem","Alias": "l1","Startup Cost": 0.00,"Total Cost": 131256.80,"Plan Rows": 500101,"Plan Width": 8,"Actual Startup Time": 0.027,"Actual Total Time": 299.399,"Actual Rows": 758659,"Actual Loops": 5,"Filter": "(l_receiptdate > l_commitdate)","Rows Removed by Filter": 441584,"Workers": []},{"Node Type": "Hash","Parent Relationship": "Inner","Parallel Aware": false,"Async Capable": false,"Startup Cost": 244.58,"Total Cost": 244.58,"Plan Rows": 400,"Plan Width": 30,"Actual Startup Time": 3.849,"Actual Total Time": 3.862,"Actual Rows": 362,"Actual Loops": 5,"Hash Buckets": 1024,"Original Hash Buckets": 1024,"Hash Batches": 1,"Original Hash Batches": 1,"Peak Memory Usage": 31,"Workers": [],"Plans": [{"Node Type": "Nested Loop","Parent Relationship": "Outer","Parallel Aware": false,"Async Capable": false,"Join Type": "Inner","Startup Cost": 7.38,"Total Cost": 244.58,"Plan Rows": 400,"Plan Width": 30,"Actual Startup Time": 0.339,"Actual Total Time": 3.727,"Actual Rows": 362,"Actual Loops": 5,"Inner Unique": false,"Workers": [],"Plans": [{"Node Type": "Seq Scan","Parent Relationship": "Outer","Parallel Aware": false,"Async Capable": false,"Relation Name": "nation","Alias": "nation","Startup Cost": 0.00,"Total Cost": 1.31,"Plan Rows": 1,"Plan Width": 4,"Actual Startup Time": 0.061,"Actual Total Time": 0.064,"Actual Rows": 1,"Actual Loops": 5,"Filter": "(n_name = 'JORDAN'::bpchar)","Rows Removed by Filter": 24,"Workers": []},{"Node Type": "Bitmap Heap Scan","Parent Relationship": "Inner","Parallel Aware": false,"Async Capable": false,"Relation Name": "supplier","Alias": "supplier","Startup Cost": 7.38,"Total Cost": 239.27,"Plan Rows": 400,"Plan Width": 34,"Actual Startup Time": 0.272,"Actual Total Time": 3.601,"Actual Rows": 362,"Actual Loops": 5,"Recheck Cond": "(s_nationkey = nation.n_nationkey)","Rows Removed by Index Recheck": 0,"Exact Heap Blocks": 166,"Lossy Heap Blocks": 0,"Workers": [],"Plans": [{"Node Type": "Bitmap Index Scan","Parent Relationship": "Outer","Parallel Aware": false,"Async Capable": false,"Index Name": "idx_supplier_nation_key","Startup Cost": 0.00,"Total Cost": 7.29,"Plan Rows": 400,"Plan Width": 0,"Actual Startup Time": 0.176,"Actual Total Time": 0.178,"Actual Rows": 362,"Actual Loops": 5,"Index Cond": "(s_nationkey = nation.n_nationkey)","Workers": []}]}]}]}]},{"Node Type": "Index Scan","Parent Relationship": "Inner","Parallel Aware": false,"Async Capable": false,"Scan Direction": "Forward","Index Name": "idx_lineitem_orderkey","Relation Name": "lineitem","Alias": "l3","Startup Cost": 0.43,"Total Cost": 1.06,"Plan Rows": 6,"Plan Width": 8,"Actual Startup Time": 0.003,"Actual Total Time": 0.003,"Actual Rows": 1,"Actual Loops": 137252,"Index Cond": "(l_orderkey = l1.l_orderkey)","Rows Removed by Index Recheck": 0,"Filter": "((l_receiptdate > l_commitdate) AND (l_suppkey <> l1.l_suppkey))","Rows Removed by Filter": 1,"Workers": []}]}]},{"Node Type": "Index Scan","Parent Relationship": "Inner","Parallel Aware": false,"Async Capable": false,"Scan Direction": "Forward","Index Name": "idx_lineitem_orderkey","Relation Name": "lineitem","Alias": "l2","Startup Cost": 0.43,"Total Cost": 1.02,"Plan Rows": 17,"Plan Width": 8,"Actual Startup Time": 0.008,"Actual Total Time": 0.008,"Actual Rows": 1,"Actual Loops": 12136,"Index Cond": "(l_orderkey = l1.l_orderkey)","Rows Removed by Index Recheck": 0,"Filter": "(l_suppkey <> l1.l_suppkey)","Rows Removed by Filter": 1}]},{"Node Type": "Index Scan","Parent Relationship": "Inner","Parallel Aware": false,"Async Capable": false,"Scan Direction": "Forward","Index Name": "orders_pkey","Relation Name": "orders","Alias": "orders","Startup Cost": 0.43,"Total Cost": 0.51,"Plan Rows": 1,"Plan Width": 4,"Actual Startup Time": 0.008,"Actual Total Time": 0.008,"Actual Rows": 0,"Actual Loops": 7167,"Index Cond": "(o_orderkey = l1.l_orderkey)","Rows Removed by Index Recheck": 0,"Filter": "(o_orderstatus = 'F'::bpchar)","Rows Removed by Filter": 1}]}]}]}]},"Planning Time": 8.148,"Triggers": [],"Execution Time": 506.532}]
[{"Plan": {"Node Type": "Sort","Parallel Aware": false,"Async Capable": false,"Startup Cost": 147378.80,"Total Cost": 147378.81,"Plan Rows": 1,"Plan Width": 34,"Actual Startup Time": 500.228,"Actual Total Time": 519.082,"Actual Rows": 412,"Actual Loops": 1,"Sort Key": ["(count(*)) DESC", "supplier.s_name"],"Sort Method": "quicksort","Sort Space Used": 57,"Sort Space Type": "Memory","Plans": [{"Node Type": "Aggregate","Strategy": "Sorted","Partial Mode": "Simple","Parent Relationship": "Outer","Parallel Aware": false,"Async Capable": false,"Startup Cost": 147378.77,"Total Cost": 147378.79,"Plan Rows": 1,"Plan Width": 34,"Actual Startup Time": 498.981,"Actual Total Time": 518.359,"Actual Rows": 412,"Actual Loops": 1,"Group Key": ["supplier.s_name"],"Plans": [{"Node Type": "Sort","Parent Relationship": "Outer","Parallel Aware": false,"Async Capable": false,"Startup Cost": 147378.77,"Total Cost": 147378.78,"Plan Rows": 1,"Plan Width": 26,"Actual Startup Time": 498.949,"Actual Total Time": 517.928,"Actual Rows": 4030,"Actual Loops": 1,"Sort Key": ["supplier.s_name"],"Sort Method": "quicksort","Sort Space Used": 380,"Sort Space Type": "Memory","Plans": [{"Node Type": "Nested Loop","Parent Relationship": "Outer","Parallel Aware": false,"Async Capable": false,"Join Type": "Inner","Startup Cost": 1250.87,"Total Cost": 147378.76,"Plan Rows": 1,"Plan Width": 26,"Actual Startup Time": 4.020,"Actual Total Time": 506.052,"Actual Rows": 4030,"Actual Loops": 1,"Inner Unique": true,"Plans": [{"Node Type": "Nested Loop","Parent Relationship": "Outer","Parallel Aware": false,"Async Capable": false,"Join Type": "Semi","Startup Cost": 1250.44,"Total Cost": 147378.26,"Plan Rows": 1,"Plan Width": 34,"Actual Startup Time": 3.993,"Actual Total Time": 443.011,"Actual Rows": 8146,"Actual Loops": 1,"Inner Unique": false,"Plans": [{"Node Type": "Gather","Parent Relationship": "Outer","Parallel Aware": false,"Async Capable": false,"Startup Cost": 1250.01,"Total Cost": 147377.22,"Plan Rows": 1,"Plan Width": 34,"Actual Startup Time": 3.980,"Actual Total Time": 336.738,"Actual Rows": 13748,"Actual Loops": 1,"Workers Planned": 4,"Workers Launched": 4,"Single Copy": false,"Plans": [{"Node Type": "Nested Loop","Parent Relationship": "Outer","Parallel Aware": false,"Async Capable": false,"Join Type": "Anti","Startup Cost": 250.01,"Total Cost": 146377.12,"Plan Rows": 1,"Plan Width": 34,"Actual Startup Time": 4.569,"Actual Total Time": 441.712,"Actual Rows": 2750,"Actual Loops": 5,"Inner Unique": false,"Workers": [],"Plans": [{"Node Type": "Hash Join","Parent Relationship": "Outer","Parallel Aware": false,"Async Capable": false,"Join Type": "Inner","Startup Cost": 249.58,"Total Cost": 133581.65,"Plan Rows": 19990,"Plan Width": 34,"Actual Startup Time": 4.262,"Actual Total Time": 350.942,"Actual Rows": 31209,"Actual Loops": 5,"Inner Unique": false,"Hash Cond": "(l1.l_suppkey = supplier.s_suppkey)","Workers": [],"Plans": [{"Node Type": "Seq Scan","Parent Relationship": "Outer","Parallel Aware": true,"Async Capable": false,"Relation Name": "lineitem","Alias": "l1","Startup Cost": 0.00,"Total Cost": 131256.80,"Plan Rows": 500101,"Plan Width": 8,"Actual Startup Time": 0.026,"Actual Total Time": 299.296,"Actual Rows": 758659,"Actual Loops": 5,"Filter": "(l_receiptdate > l_commitdate)","Rows Removed by Filter": 441584,"Workers": []},{"Node Type": "Hash","Parent Relationship": "Inner","Parallel Aware": false,"Async Capable": false,"Startup Cost": 244.58,"Total Cost": 244.58,"Plan Rows": 400,"Plan Width": 30,"Actual Startup Time": 3.907,"Actual Total Time": 3.918,"Actual Rows": 412,"Actual Loops": 5,"Hash Buckets": 1024,"Original Hash Buckets": 1024,"Hash Batches": 1,"Original Hash Batches": 1,"Peak Memory Usage": 34,"Workers": [],"Plans": [{"Node Type": "Nested Loop","Parent Relationship": "Outer","Parallel Aware": false,"Async Capable": false,"Join Type": "Inner","Startup Cost": 7.38,"Total Cost": 244.58,"Plan Rows": 400,"Plan Width": 30,"Actual Startup Time": 0.286,"Actual Total Time": 3.756,"Actual Rows": 412,"Actual Loops": 5,"Inner Unique": false,"Workers": [],"Plans": [{"Node Type": "Seq Scan","Parent Relationship": "Outer","Parallel Aware": false,"Async Capable": false,"Relation Name": "nation","Alias": "nation","Startup Cost": 0.00,"Total Cost": 1.31,"Plan Rows": 1,"Plan Width": 4,"Actual Startup Time": 0.059,"Actual Total Time": 0.064,"Actual Rows": 1,"Actual Loops": 5,"Filter": "(n_name = 'CANADA'::bpchar)","Rows Removed by Filter": 24,"Workers": []},{"Node Type": "Bitmap Heap Scan","Parent Relationship": "Inner","Parallel Aware": false,"Async Capable": false,"Relation Name": "supplier","Alias": "supplier","Startup Cost": 7.38,"Total Cost": 239.27,"Plan Rows": 400,"Plan Width": 34,"Actual Startup Time": 0.222,"Actual Total Time": 3.623,"Actual Rows": 412,"Actual Loops": 5,"Recheck Cond": "(s_nationkey = nation.n_nationkey)","Rows Removed by Index Recheck": 0,"Exact Heap Blocks": 189,"Lossy Heap Blocks": 0,"Workers": [],"Plans": [{"Node Type": "Bitmap Index Scan","Parent Relationship": "Outer","Parallel Aware": false,"Async Capable": false,"Index Name": "idx_supplier_nation_key","Startup Cost": 0.00,"Total Cost": 7.29,"Plan Rows": 400,"Plan Width": 0,"Actual Startup Time": 0.144,"Actual Total Time": 0.145,"Actual Rows": 412,"Actual Loops": 5,"Index Cond": "(s_nationkey = nation.n_nationkey)","Workers": []}]}]}]}]},{"Node Type": "Index Scan","Parent Relationship": "Inner","Parallel Aware": false,"Async Capable": false,"Scan Direction": "Forward","Index Name": "idx_lineitem_orderkey","Relation Name": "lineitem","Alias": "l3","Startup Cost": 0.43,"Total Cost": 1.06,"Plan Rows": 6,"Plan Width": 8,"Actual Startup Time": 0.003,"Actual Total Time": 0.003,"Actual Rows": 1,"Actual Loops": 156047,"Index Cond": "(l_orderkey = l1.l_orderkey)","Rows Removed by Index Recheck": 0,"Filter": "((l_receiptdate > l_commitdate) AND (l_suppkey <> l1.l_suppkey))","Rows Removed by Filter": 1,"Workers": []}]}]},{"Node Type": "Index Scan","Parent Relationship": "Inner","Parallel Aware": false,"Async Capable": false,"Scan Direction": "Forward","Index Name": "idx_lineitem_orderkey","Relation Name": "lineitem","Alias": "l2","Startup Cost": 0.43,"Total Cost": 1.02,"Plan Rows": 17,"Plan Width": 8,"Actual Startup Time": 0.007,"Actual Total Time": 0.007,"Actual Rows": 1,"Actual Loops": 13748,"Index Cond": "(l_orderkey = l1.l_orderkey)","Rows Removed by Index Recheck": 0,"Filter": "(l_suppkey <> l1.l_suppkey)","Rows Removed by Filter": 1}]},{"Node Type": "Index Scan","Parent Relationship": "Inner","Parallel Aware": false,"Async Capable": false,"Scan Direction": "Forward","Index Name": "orders_pkey","Relation Name": "orders","Alias": "orders","Startup Cost": 0.43,"Total Cost": 0.51,"Plan Rows": 1,"Plan Width": 4,"Actual Startup Time": 0.007,"Actual Total Time": 0.007,"Actual Rows": 0,"Actual Loops": 8146,"Index Cond": "(o_orderkey = l1.l_orderkey)","Rows Removed by Index Recheck": 0,"Filter": "(o_orderstatus = 'F'::bpchar)","Rows Removed by Filter": 1}]}]}]}]},"Planning Time": 9.689,"Triggers": [],"Execution Time": 519.513}]
[{"Plan": {"Node Type": "Sort","Parallel Aware": false,"Async Capable": false,"Startup Cost": 147378.80,"Total Cost": 147378.81,"Plan Rows": 1,"Plan Width": 34,"Actual Startup Time": 511.931,"Actual Total Time": 527.174,"Actual Rows": 415,"Actual Loops": 1,"Sort Key": ["(count(*)) DESC", "supplier.s_name"],"Sort Method": "quicksort","Sort Space Used": 57,"Sort Space Type": "Memory","Plans": [{"Node Type": "Aggregate","Strategy": "Sorted","Partial Mode": "Simple","Parent Relationship": "Outer","Parallel Aware": false,"Async Capable": false,"Startup Cost": 147378.77,"Total Cost": 147378.79,"Plan Rows": 1,"Plan Width": 34,"Actual Startup Time": 510.675,"Actual Total Time": 526.442,"Actual Rows": 415,"Actual Loops": 1,"Group Key": ["supplier.s_name"],"Plans": [{"Node Type": "Sort","Parent Relationship": "Outer","Parallel Aware": false,"Async Capable": false,"Startup Cost": 147378.77,"Total Cost": 147378.78,"Plan Rows": 1,"Plan Width": 26,"Actual Startup Time": 510.644,"Actual Total Time": 526.012,"Actual Rows": 4112,"Actual Loops": 1,"Sort Key": ["supplier.s_name"],"Sort Method": "quicksort","Sort Space Used": 482,"Sort Space Type": "Memory","Plans": [{"Node Type": "Nested Loop","Parent Relationship": "Outer","Parallel Aware": false,"Async Capable": false,"Join Type": "Inner","Startup Cost": 1250.87,"Total Cost": 147378.76,"Plan Rows": 1,"Plan Width": 26,"Actual Startup Time": 4.482,"Actual Total Time": 514.049,"Actual Rows": 4112,"Actual Loops": 1,"Inner Unique": true,"Plans": [{"Node Type": "Nested Loop","Parent Relationship": "Outer","Parallel Aware": false,"Async Capable": false,"Join Type": "Semi","Startup Cost": 1250.44,"Total Cost": 147378.26,"Plan Rows": 1,"Plan Width": 34,"Actual Startup Time": 4.433,"Actual Total Time": 447.118,"Actual Rows": 8423,"Actual Loops": 1,"Inner Unique": false,"Plans": [{"Node Type": "Gather","Parent Relationship": "Outer","Parallel Aware": false,"Async Capable": false,"Startup Cost": 1250.01,"Total Cost": 147377.22,"Plan Rows": 1,"Plan Width": 34,"Actual Startup Time": 4.417,"Actual Total Time": 335.444,"Actual Rows": 14099,"Actual Loops": 1,"Workers Planned": 4,"Workers Launched": 4,"Single Copy": false,"Plans": [{"Node Type": "Nested Loop","Parent Relationship": "Outer","Parallel Aware": false,"Async Capable": false,"Join Type": "Anti","Startup Cost": 250.01,"Total Cost": 146377.12,"Plan Rows": 1,"Plan Width": 34,"Actual Startup Time": 5.494,"Actual Total Time": 449.293,"Actual Rows": 2820,"Actual Loops": 5,"Inner Unique": false,"Workers": [],"Plans": [{"Node Type": "Hash Join","Parent Relationship": "Outer","Parallel Aware": false,"Async Capable": false,"Join Type": "Inner","Startup Cost": 249.58,"Total Cost": 133581.65,"Plan Rows": 19990,"Plan Width": 34,"Actual Startup Time": 5.114,"Actual Total Time": 356.460,"Actual Rows": 31599,"Actual Loops": 5,"Inner Unique": false,"Hash Cond": "(l1.l_suppkey = supplier.s_suppkey)","Workers": [],"Plans": [{"Node Type": "Seq Scan","Parent Relationship": "Outer","Parallel Aware": true,"Async Capable": false,"Relation Name": "lineitem","Alias": "l1","Startup Cost": 0.00,"Total Cost": 131256.80,"Plan Rows": 500101,"Plan Width": 8,"Actual Startup Time": 0.028,"Actual Total Time": 305.044,"Actual Rows": 758659,"Actual Loops": 5,"Filter": "(l_receiptdate > l_commitdate)","Rows Removed by Filter": 441584,"Workers": []},{"Node Type": "Hash","Parent Relationship": "Inner","Parallel Aware": false,"Async Capable": false,"Startup Cost": 244.58,"Total Cost": 244.58,"Plan Rows": 400,"Plan Width": 30,"Actual Startup Time": 4.772,"Actual Total Time": 4.789,"Actual Rows": 415,"Actual Loops": 5,"Hash Buckets": 1024,"Original Hash Buckets": 1024,"Hash Batches": 1,"Original Hash Batches": 1,"Peak Memory Usage": 34,"Workers": [],"Plans": [{"Node Type": "Nested Loop","Parent Relationship": "Outer","Parallel Aware": false,"Async Capable": false,"Join Type": "Inner","Startup Cost": 7.38,"Total Cost": 244.58,"Plan Rows": 400,"Plan Width": 30,"Actual Startup Time": 0.307,"Actual Total Time": 4.608,"Actual Rows": 415,"Actual Loops": 5,"Inner Unique": false,"Workers": [],"Plans": [{"Node Type": "Seq Scan","Parent Relationship": "Outer","Parallel Aware": false,"Async Capable": false,"Relation Name": "nation","Alias": "nation","Startup Cost": 0.00,"Total Cost": 1.31,"Plan Rows": 1,"Plan Width": 4,"Actual Startup Time": 0.059,"Actual Total Time": 0.064,"Actual Rows": 1,"Actual Loops": 5,"Filter": "(n_name = 'EGYPT'::bpchar)","Rows Removed by Filter": 24,"Workers": []},{"Node Type": "Bitmap Heap Scan","Parent Relationship": "Inner","Parallel Aware": false,"Async Capable": false,"Relation Name": "supplier","Alias": "supplier","Startup Cost": 7.38,"Total Cost": 239.27,"Plan Rows": 400,"Plan Width": 34,"Actual Startup Time": 0.244,"Actual Total Time": 4.451,"Actual Rows": 415,"Actual Loops": 5,"Recheck Cond": "(s_nationkey = nation.n_nationkey)","Rows Removed by Index Recheck": 0,"Exact Heap Blocks": 183,"Lossy Heap Blocks": 0,"Workers": [],"Plans": [{"Node Type": "Bitmap Index Scan","Parent Relationship": "Outer","Parallel Aware": false,"Async Capable": false,"Index Name": "idx_supplier_nation_key","Startup Cost": 0.00,"Total Cost": 7.29,"Plan Rows": 400,"Plan Width": 0,"Actual Startup Time": 0.159,"Actual Total Time": 0.162,"Actual Rows": 415,"Actual Loops": 5,"Index Cond": "(s_nationkey = nation.n_nationkey)","Workers": []}]}]}]}]},{"Node Type": "Index Scan","Parent Relationship": "Inner","Parallel Aware": false,"Async Capable": false,"Scan Direction": "Forward","Index Name": "idx_lineitem_orderkey","Relation Name": "lineitem","Alias": "l3","Startup Cost": 0.43,"Total Cost": 1.06,"Plan Rows": 6,"Plan Width": 8,"Actual Startup Time": 0.003,"Actual Total Time": 0.003,"Actual Rows": 1,"Actual Loops": 157994,"Index Cond": "(l_orderkey = l1.l_orderkey)","Rows Removed by Index Recheck": 0,"Filter": "((l_receiptdate > l_commitdate) AND (l_suppkey <> l1.l_suppkey))","Rows Removed by Filter": 1,"Workers": []}]}]},{"Node Type": "Index Scan","Parent Relationship": "Inner","Parallel Aware": false,"Async Capable": false,"Scan Direction": "Forward","Index Name": "idx_lineitem_orderkey","Relation Name": "lineitem","Alias": "l2","Startup Cost": 0.43,"Total Cost": 1.02,"Plan Rows": 17,"Plan Width": 8,"Actual Startup Time": 0.007,"Actual Total Time": 0.007,"Actual Rows": 1,"Actual Loops": 14099,"Index Cond": "(l_orderkey = l1.l_orderkey)","Rows Removed by Index Recheck": 0,"Filter": "(l_suppkey <> l1.l_suppkey)","Rows Removed by Filter": 1}]},{"Node Type": "Index Scan","Parent Relationship": "Inner","Parallel Aware": false,"Async Capable": false,"Scan Direction": "Forward","Index Name": "orders_pkey","Relation Name": "orders","Alias": "orders","Startup Cost": 0.43,"Total Cost": 0.51,"Plan Rows": 1,"Plan Width": 4,"Actual Startup Time": 0.008,"Actual Total Time": 0.008,"Actual Rows": 0,"Actual Loops": 8423,"Index Cond": "(o_orderkey = l1.l_orderkey)","Rows Removed by Index Recheck": 0,"Filter": "(o_orderstatus = 'F'::bpchar)","Rows Removed by Filter": 1}]}]}]}]},"Planning Time": 8.195,"Triggers": [],"Execution Time": 527.804}]
[{"Plan": {"Node Type": "Sort","Parallel Aware": false,"Async Capable": false,"Startup Cost": 147378.80,"Total Cost": 147378.81,"Plan Rows": 1,"Plan Width": 34,"Actual Startup Time": 500.228,"Actual Total Time": 519.082,"Actual Rows": 412,"Actual Loops": 1,"Sort Key": ["(count(*)) DESC", "supplier.s_name"],"Sort Method": "quicksort","Sort Space Used": 57,"Sort Space Type": "Memory","Plans": [{"Node Type": "Aggregate","Strategy": "Sorted","Partial Mode": "Simple","Parent Relationship": "Outer","Parallel Aware": false,"Async Capable": false,"Startup Cost": 147378.77,"Total Cost": 147378.79,"Plan Rows": 1,"Plan Width": 34,"Actual Startup Time": 498.981,"Actual Total Time": 518.359,"Actual Rows": 412,"Actual Loops": 1,"Group Key": ["supplier.s_name"],"Plans": [{"Node Type": "Sort","Parent Relationship": "Outer","Parallel Aware": false,"Async Capable": false,"Startup Cost": 147378.77,"Total Cost": 147378.78,"Plan Rows": 1,"Plan Width": 26,"Actual Startup Time": 498.949,"Actual Total Time": 517.928,"Actual Rows": 4030,"Actual Loops": 1,"Sort Key": ["supplier.s_name"],"Sort Method": "quicksort","Sort Space Used": 380,"Sort Space Type": "Memory","Plans": [{"Node Type": "Nested Loop","Parent Relationship": "Outer","Parallel Aware": false,"Async Capable": false,"Join Type": "Inner","Startup Cost": 1250.87,"Total Cost": 147378.76,"Plan Rows": 1,"Plan Width": 26,"Actual Startup Time": 4.020,"Actual Total Time": 506.052,"Actual Rows": 4030,"Actual Loops": 1,"Inner Unique": true,"Plans": [{"Node Type": "Nested Loop","Parent Relationship": "Outer","Parallel Aware": false,"Async Capable": false,"Join Type": "Semi","Startup Cost": 1250.44,"Total Cost": 147378.26,"Plan Rows": 1,"Plan Width": 34,"Actual Startup Time": 3.993,"Actual Total Time": 443.011,"Actual Rows": 8146,"Actual Loops": 1,"Inner Unique": false,"Plans": [{"Node Type": "Gather","Parent Relationship": "Outer","Parallel Aware": false,"Async Capable": false,"Startup Cost": 1250.01,"Total Cost": 147377.22,"Plan Rows": 1,"Plan Width": 34,"Actual Startup Time": 3.980,"Actual Total Time": 336.738,"Actual Rows": 13748,"Actual Loops": 1,"Workers Planned": 4,"Workers Launched": 4,"Single Copy": false,"Plans": [{"Node Type": "Nested Loop","Parent Relationship": "Outer","Parallel Aware": false,"Async Capable": false,"Join Type": "Anti","Startup Cost": 250.01,"Total Cost": 146377.12,"Plan Rows": 1,"Plan Width": 34,"Actual Startup Time": 4.569,"Actual Total Time": 441.712,"Actual Rows": 2750,"Actual Loops": 5,"Inner Unique": false,"Workers": [],"Plans": [{"Node Type": "Hash Join","Parent Relationship": "Outer","Parallel Aware": false,"Async Capable": false,"Join Type": "Inner","Startup Cost": 249.58,"Total Cost": 133581.65,"Plan Rows": 19990,"Plan Width": 34,"Actual Startup Time": 4.262,"Actual Total Time": 350.942,"Actual Rows": 31209,"Actual Loops": 5,"Inner Unique": false,"Hash Cond": "(l1.l_suppkey = supplier.s_suppkey)","Workers": [],"Plans": [{"Node Type": "Seq Scan","Parent Relationship": "Outer","Parallel Aware": true,"Async Capable": false,"Relation Name": "lineitem","Alias": "l1","Startup Cost": 0.00,"Total Cost": 131256.80,"Plan Rows": 500101,"Plan Width": 8,"Actual Startup Time": 0.026,"Actual Total Time": 299.296,"Actual Rows": 758659,"Actual Loops": 5,"Filter": "(l_receiptdate > l_commitdate)","Rows Removed by Filter": 441584,"Workers": []},{"Node Type": "Hash","Parent Relationship": "Inner","Parallel Aware": false,"Async Capable": false,"Startup Cost": 244.58,"Total Cost": 244.58,"Plan Rows": 400,"Plan Width": 30,"Actual Startup Time": 3.907,"Actual Total Time": 3.918,"Actual Rows": 412,"Actual Loops": 5,"Hash Buckets": 1024,"Original Hash Buckets": 1024,"Hash Batches": 1,"Original Hash Batches": 1,"Peak Memory Usage": 34,"Workers": [],"Plans": [{"Node Type": "Nested Loop","Parent Relationship": "Outer","Parallel Aware": false,"Async Capable": false,"Join Type": "Inner","Startup Cost": 7.38,"Total Cost": 244.58,"Plan Rows": 400,"Plan Width": 30,"Actual Startup Time": 0.286,"Actual Total Time": 3.756,"Actual Rows": 412,"Actual Loops": 5,"Inner Unique": false,"Workers": [],"Plans": [{"Node Type": "Seq Scan","Parent Relationship": "Outer","Parallel Aware": false,"Async Capable": false,"Relation Name": "nation","Alias": "nation","Startup Cost": 0.00,"Total Cost": 1.31,"Plan Rows": 1,"Plan Width": 4,"Actual Startup Time": 0.059,"Actual Total Time": 0.064,"Actual Rows": 1,"Actual Loops": 5,"Filter": "(n_name = 'CANADA'::bpchar)","Rows Removed by Filter": 24,"Workers": []},{"Node Type": "Bitmap Heap Scan","Parent Relationship": "Inner","Parallel Aware": false,"Async Capable": false,"Relation Name": "supplier","Alias": "supplier","Startup Cost": 7.38,"Total Cost": 239.27,"Plan Rows": 400,"Plan Width": 34,"Actual Startup Time": 0.222,"Actual Total Time": 3.623,"Actual Rows": 412,"Actual Loops": 5,"Recheck Cond": "(s_nationkey = nation.n_nationkey)","Rows Removed by Index Recheck": 0,"Exact Heap Blocks": 189,"Lossy Heap Blocks": 0,"Workers": [],"Plans": [{"Node Type": "Bitmap Index Scan","Parent Relationship": "Outer","Parallel Aware": false,"Async Capable": false,"Index Name": "idx_supplier_nation_key","Startup Cost": 0.00,"Total Cost": 7.29,"Plan Rows": 400,"Plan Width": 0,"Actual Startup Time": 0.144,"Actual Total Time": 0.145,"Actual Rows": 412,"Actual Loops": 5,"Index Cond": "(s_nationkey = nation.n_nationkey)","Workers": []}]}]}]}]},{"Node Type": "Index Scan","Parent Relationship": "Inner","Parallel Aware": false,"Async Capable": false,"Scan Direction": "Forward","Index Name": "idx_lineitem_orderkey","Relation Name": "lineitem","Alias": "l3","Startup Cost": 0.43,"Total Cost": 1.06,"Plan Rows": 6,"Plan Width": 8,"Actual Startup Time": 0.003,"Actual Total Time": 0.003,"Actual Rows": 1,"Actual Loops": 156047,"Index Cond": "(l_orderkey = l1.l_orderkey)","Rows Removed by Index Recheck": 0,"Filter": "((l_receiptdate > l_commitdate) AND (l_suppkey <> l1.l_suppkey))","Rows Removed by Filter": 1,"Workers": []}]}]},{"Node Type": "Index Scan","Parent Relationship": "Inner","Parallel Aware": false,"Async Capable": false,"Scan Direction": "Forward","Index Name": "idx_lineitem_orderkey","Relation Name": "lineitem","Alias": "l2","Startup Cost": 0.43,"Total Cost": 1.02,"Plan Rows": 17,"Plan Width": 8,"Actual Startup Time": 0.007,"Actual Total Time": 0.007,"Actual Rows": 1,"Actual Loops": 13748,"Index Cond": "(l_orderkey = l1.l_orderkey)","Rows Removed by Index Recheck": 0,"Filter": "(l_suppkey <> l1.l_suppkey)","Rows Removed by Filter": 1}]},{"Node Type": "Index Scan","Parent Relationship": "Inner","Parallel Aware": false,"Async Capable": false,"Scan Direction": "Forward","Index Name": "orders_pkey","Relation Name": "orders","Alias": "orders","Startup Cost": 0.43,"Total Cost": 0.51,"Plan Rows": 1,"Plan Width": 4,"Actual Startup Time": 0.007,"Actual Total Time": 0.007,"Actual Rows": 0,"Actual Loops": 8146,"Index Cond": "(o_orderkey = l1.l_orderkey)","Rows Removed by Index Recheck": 0,"Filter": "(o_orderstatus = 'F'::bpchar)","Rows Removed by Filter": 1}]}]}]}]},"Planning Time": 9.689,"Triggers": [],"Execution Time": 519.513}]
[{"Plan": {"Node Type": "Sort","Parallel Aware": false,"Async Capable": false,"Startup Cost": 147378.80,"Total Cost": 147378.81,"Plan Rows": 1,"Plan Width": 34,"Actual Startup Time": 511.931,"Actual Total Time": 527.174,"Actual Rows": 415,"Actual Loops": 1,"Sort Key": ["(count(*)) DESC", "supplier.s_name"],"Sort Method": "quicksort","Sort Space Used": 57,"Sort Space Type": "Memory","Plans": [{"Node Type": "Aggregate","Strategy": "Sorted","Partial Mode": "Simple","Parent Relationship": "Outer","Parallel Aware": false,"Async Capable": false,"Startup Cost": 147378.77,"Total Cost": 147378.79,"Plan Rows": 1,"Plan Width": 34,"Actual Startup Time": 510.675,"Actual Total Time": 526.442,"Actual Rows": 415,"Actual Loops": 1,"Group Key": ["supplier.s_name"],"Plans": [{"Node Type": "Sort","Parent Relationship": "Outer","Parallel Aware": false,"Async Capable": false,"Startup Cost": 147378.77,"Total Cost": 147378.78,"Plan Rows": 1,"Plan Width": 26,"Actual Startup Time": 510.644,"Actual Total Time": 526.012,"Actual Rows": 4112,"Actual Loops": 1,"Sort Key": ["supplier.s_name"],"Sort Method": "quicksort","Sort Space Used": 482,"Sort Space Type": "Memory","Plans": [{"Node Type": "Nested Loop","Parent Relationship": "Outer","Parallel Aware": false,"Async Capable": false,"Join Type": "Inner","Startup Cost": 1250.87,"Total Cost": 147378.76,"Plan Rows": 1,"Plan Width": 26,"Actual Startup Time": 4.482,"Actual Total Time": 514.049,"Actual Rows": 4112,"Actual Loops": 1,"Inner Unique": true,"Plans": [{"Node Type": "Nested Loop","Parent Relationship": "Outer","Parallel Aware": false,"Async Capable": false,"Join Type": "Semi","Startup Cost": 1250.44,"Total Cost": 147378.26,"Plan Rows": 1,"Plan Width": 34,"Actual Startup Time": 4.433,"Actual Total Time": 447.118,"Actual Rows": 8423,"Actual Loops": 1,"Inner Unique": false,"Plans": [{"Node Type": "Gather","Parent Relationship": "Outer","Parallel Aware": false,"Async Capable": false,"Startup Cost": 1250.01,"Total Cost": 147377.22,"Plan Rows": 1,"Plan Width": 34,"Actual Startup Time": 4.417,"Actual Total Time": 335.444,"Actual Rows": 14099,"Actual Loops": 1,"Workers Planned": 4,"Workers Launched": 4,"Single Copy": false,"Plans": [{"Node Type": "Nested Loop","Parent Relationship": "Outer","Parallel Aware": false,"Async Capable": false,"Join Type": "Anti","Startup Cost": 250.01,"Total Cost": 146377.12,"Plan Rows": 1,"Plan Width": 34,"Actual Startup Time": 5.494,"Actual Total Time": 449.293,"Actual Rows": 2820,"Actual Loops": 5,"Inner Unique": false,"Workers": [],"Plans": [{"Node Type": "Hash Join","Parent Relationship": "Outer","Parallel Aware": false,"Async Capable": false,"Join Type": "Inner","Startup Cost": 249.58,"Total Cost": 133581.65,"Plan Rows": 19990,"Plan Width": 34,"Actual Startup Time": 5.114,"Actual Total Time": 356.460,"Actual Rows": 31599,"Actual Loops": 5,"Inner Unique": false,"Hash Cond": "(l1.l_suppkey = supplier.s_suppkey)","Workers": [],"Plans": [{"Node Type": "Seq Scan","Parent Relationship": "Outer","Parallel Aware": true,"Async Capable": false,"Relation Name": "lineitem","Alias": "l1","Startup Cost": 0.00,"Total Cost": 131256.80,"Plan Rows": 500101,"Plan Width": 8,"Actual Startup Time": 0.028,"Actual Total Time": 305.044,"Actual Rows": 758659,"Actual Loops": 5,"Filter": "(l_receiptdate > l_commitdate)","Rows Removed by Filter": 441584,"Workers": []},{"Node Type": "Hash","Parent Relationship": "Inner","Parallel Aware": false,"Async Capable": false,"Startup Cost": 244.58,"Total Cost": 244.58,"Plan Rows": 400,"Plan Width": 30,"Actual Startup Time": 4.772,"Actual Total Time": 4.789,"Actual Rows": 415,"Actual Loops": 5,"Hash Buckets": 1024,"Original Hash Buckets": 1024,"Hash Batches": 1,"Original Hash Batches": 1,"Peak Memory Usage": 34,"Workers": [],"Plans": [{"Node Type": "Nested Loop","Parent Relationship": "Outer","Parallel Aware": false,"Async Capable": false,"Join Type": "Inner","Startup Cost": 7.38,"Total Cost": 244.58,"Plan Rows": 400,"Plan Width": 30,"Actual Startup Time": 0.307,"Actual Total Time": 4.608,"Actual Rows": 415,"Actual Loops": 5,"Inner Unique": false,"Workers": [],"Plans": [{"Node Type": "Seq Scan","Parent Relationship": "Outer","Parallel Aware": false,"Async Capable": false,"Relation Name": "nation","Alias": "nation","Startup Cost": 0.00,"Total Cost": 1.31,"Plan Rows": 1,"Plan Width": 4,"Actual Startup Time": 0.059,"Actual Total Time": 0.064,"Actual Rows": 1,"Actual Loops": 5,"Filter": "(n_name = 'EGYPT'::bpchar)","Rows Removed by Filter": 24,"Workers": []},{"Node Type": "Bitmap Heap Scan","Parent Relationship": "Inner","Parallel Aware": false,"Async Capable": false,"Relation Name": "supplier","Alias": "supplier","Startup Cost": 7.38,"Total Cost": 239.27,"Plan Rows": 400,"Plan Width": 34,"Actual Startup Time": 0.244,"Actual Total Time": 4.451,"Actual Rows": 415,"Actual Loops": 5,"Recheck Cond": "(s_nationkey = nation.n_nationkey)","Rows Removed by Index Recheck": 0,"Exact Heap Blocks": 183,"Lossy Heap Blocks": 0,"Workers": [],"Plans": [{"Node Type": "Bitmap Index Scan","Parent Relationship": "Outer","Parallel Aware": false,"Async Capable": false,"Index Name": "idx_supplier_nation_key","Startup Cost": 0.00,"Total Cost": 7.29,"Plan Rows": 400,"Plan Width": 0,"Actual Startup Time": 0.159,"Actual Total Time": 0.162,"Actual Rows": 415,"Actual Loops": 5,"Index Cond": "(s_nationkey = nation.n_nationkey)","Workers": []}]}]}]}]},{"Node Type": "Index Scan","Parent Relationship": "Inner","Parallel Aware": false,"Async Capable": false,"Scan Direction": "Forward","Index Name": "idx_lineitem_orderkey","Relation Name": "lineitem","Alias": "l3","Startup Cost": 0.43,"Total Cost": 1.06,"Plan Rows": 6,"Plan Width": 8,"Actual Startup Time": 0.003,"Actual Total Time": 0.003,"Actual Rows": 1,"Actual Loops": 157994,"Index Cond": "(l_orderkey = l1.l_orderkey)","Rows Removed by Index Recheck": 0,"Filter": "((l_receiptdate > l_commitdate) AND (l_suppkey <> l1.l_suppkey))","Rows Removed by Filter": 1,"Workers": []}]}]},{"Node Type": "Index Scan","Parent Relationship": "Inner","Parallel Aware": false,"Async Capable": false,"Scan Direction": "Forward","Index Name": "idx_lineitem_orderkey","Relation Name": "lineitem","Alias": "l2","Startup Cost": 0.43,"Total Cost": 1.02,"Plan Rows": 17,"Plan Width": 8,"Actual Startup Time": 0.007,"Actual Total Time": 0.007,"Actual Rows": 1,"Actual Loops": 14099,"Index Cond": "(l_orderkey = l1.l_orderkey)","Rows Removed by Index Recheck": 0,"Filter": "(l_suppkey <> l1.l_suppkey)","Rows Removed by Filter": 1}]},{"Node Type": "Index Scan","Parent Relationship": "Inner","Parallel Aware": false,"Async Capable": false,"Scan Direction": "Forward","Index Name": "orders_pkey","Relation Name": "orders","Alias": "orders","Startup Cost": 0.43,"Total Cost": 0.51,"Plan Rows": 1,"Plan Width": 4,"Actual Startup Time": 0.008,"Actual Total Time": 0.008,"Actual Rows": 0,"Actual Loops": 8423,"Index Cond": "(o_orderkey = l1.l_orderkey)","Rows Removed by Index Recheck": 0,"Filter": "(o_orderstatus = 'F'::bpchar)","Rows Removed by Filter": 1}]}]}]}]},"Planning Time": 8.195,"Triggers": [],"Execution Time": 527.804}]
[{"Plan": {"Node Type": "Sort","Parallel Aware": false,"Async Capable": false,"Startup Cost": 147378.80,"Total Cost": 147378.81,"Plan Rows": 1,"Plan Width": 34,"Actual Startup Time": 503.423,"Actual Total Time": 521.004,"Actual Rows": 406,"Actual Loops": 1,"Sort Key": ["(count(*)) DESC", "supplier.s_name"],"Sort Method": "quicksort","Sort Space Used": 56,"Sort Space Type": "Memory","Plans": [{"Node Type": "Aggregate","Strategy": "Sorted","Partial Mode": "Simple","Parent Relationship": "Outer","Parallel Aware": false,"Async Capable": false,"Startup Cost": 147378.77,"Total Cost": 147378.79,"Plan Rows": 1,"Plan Width": 34,"Actual Startup Time": 502.176,"Actual Total Time": 520.280,"Actual Rows": 406,"Actual Loops": 1,"Group Key": ["supplier.s_name"],"Plans": [{"Node Type": "Sort","Parent Relationship": "Outer","Parallel Aware": false,"Async Capable": false,"Startup Cost": 147378.77,"Total Cost": 147378.78,"Plan Rows": 1,"Plan Width": 26,"Actual Startup Time": 502.147,"Actual Total Time": 519.852,"Actual Rows": 4052,"Actual Loops": 1,"Sort Key": ["supplier.s_name"],"Sort Method": "quicksort","Sort Space Used": 381,"Sort Space Type": "Memory","Plans": [{"Node Type": "Nested Loop","Parent Relationship": "Outer","Parallel Aware": false,"Async Capable": false,"Join Type": "Inner","Startup Cost": 1250.87,"Total Cost": 147378.76,"Plan Rows": 1,"Plan Width": 26,"Actual Startup Time": 4.486,"Actual Total Time": 508.290,"Actual Rows": 4052,"Actual Loops": 1,"Inner Unique": true,"Plans": [{"Node Type": "Nested Loop","Parent Relationship": "Outer","Parallel Aware": false,"Async Capable": false,"Join Type": "Semi","Startup Cost": 1250.44,"Total Cost": 147378.26,"Plan Rows": 1,"Plan Width": 34,"Actual Startup Time": 4.452,"Actual Total Time": 441.127,"Actual Rows": 8332,"Actual Loops": 1,"Inner Unique": false,"Plans": [{"Node Type": "Gather","Parent Relationship": "Outer","Parallel Aware": false,"Async Capable": false,"Startup Cost": 1250.01,"Total Cost": 147377.22,"Plan Rows": 1,"Plan Width": 34,"Actual Startup Time": 4.440,"Actual Total Time": 331.994,"Actual Rows": 13791,"Actual Loops": 1,"Workers Planned": 4,"Workers Launched": 4,"Single Copy": false,"Plans": [{"Node Type": "Nested Loop","Parent Relationship": "Outer","Parallel Aware": false,"Async Capable": false,"Join Type": "Anti","Startup Cost": 250.01,"Total Cost": 146377.12,"Plan Rows": 1,"Plan Width": 34,"Actual Startup Time": 4.624,"Actual Total Time": 442.937,"Actual Rows": 2758,"Actual Loops": 5,"Inner Unique": false,"Workers": [],"Plans": [{"Node Type": "Hash Join","Parent Relationship": "Outer","Parallel Aware": false,"Async Capable": false,"Join Type": "Inner","Startup Cost": 249.58,"Total Cost": 133581.65,"Plan Rows": 19990,"Plan Width": 34,"Actual Startup Time": 4.481,"Actual Total Time": 353.409,"Actual Rows": 30900,"Actual Loops": 5,"Inner Unique": false,"Hash Cond": "(l1.l_suppkey = supplier.s_suppkey)","Workers": [],"Plans": [{"Node Type": "Seq Scan","Parent Relationship": "Outer","Parallel Aware": true,"Async Capable": false,"Relation Name": "lineitem","Alias": "l1","Startup Cost": 0.00,"Total Cost": 131256.80,"Plan Rows": 500101,"Plan Width": 8,"Actual Startup Time": 0.029,"Actual Total Time": 301.270,"Actual Rows": 758659,"Actual Loops": 5,"Filter": "(l_receiptdate > l_commitdate)","Rows Removed by Filter": 441584,"Workers": []},{"Node Type": "Hash","Parent Relationship": "Inner","Parallel Aware": false,"Async Capable": false,"Startup Cost": 244.58,"Total Cost": 244.58,"Plan Rows": 400,"Plan Width": 30,"Actual Startup Time": 4.105,"Actual Total Time": 4.114,"Actual Rows": 406,"Actual Loops": 5,"Hash Buckets": 1024,"Original Hash Buckets": 1024,"Hash Batches": 1,"Original Hash Batches": 1,"Peak Memory Usage": 34,"Workers": [],"Plans": [{"Node Type": "Nested Loop","Parent Relationship": "Outer","Parallel Aware": false,"Async Capable": false,"Join Type": "Inner","Startup Cost": 7.38,"Total Cost": 244.58,"Plan Rows": 400,"Plan Width": 30,"Actual Startup Time": 0.252,"Actual Total Time": 3.975,"Actual Rows": 406,"Actual Loops": 5,"Inner Unique": false,"Workers": [],"Plans": [{"Node Type": "Seq Scan","Parent Relationship": "Outer","Parallel Aware": false,"Async Capable": false,"Relation Name": "nation","Alias": "nation","Startup Cost": 0.00,"Total Cost": 1.31,"Plan Rows": 1,"Plan Width": 4,"Actual Startup Time": 0.055,"Actual Total Time": 0.058,"Actual Rows": 1,"Actual Loops": 5,"Filter": "(n_name = 'MOZAMBIQUE'::bpchar)","Rows Removed by Filter": 24,"Workers": []},{"Node Type": "Bitmap Heap Scan","Parent Relationship": "Inner","Parallel Aware": false,"Async Capable": false,"Relation Name": "supplier","Alias": "supplier","Startup Cost": 7.38,"Total Cost": 239.27,"Plan Rows": 400,"Plan Width": 34,"Actual Startup Time": 0.193,"Actual Total Time": 3.854,"Actual Rows": 406,"Actual Loops": 5,"Recheck Cond": "(s_nationkey = nation.n_nationkey)","Rows Removed by Index Recheck": 0,"Exact Heap Blocks": 186,"Lossy Heap Blocks": 0,"Workers": [],"Plans": [{"Node Type": "Bitmap Index Scan","Parent Relationship": "Outer","Parallel Aware": false,"Async Capable": false,"Index Name": "idx_supplier_nation_key","Startup Cost": 0.00,"Total Cost": 7.29,"Plan Rows": 400,"Plan Width": 0,"Actual Startup Time": 0.125,"Actual Total Time": 0.126,"Actual Rows": 406,"Actual Loops": 5,"Index Cond": "(s_nationkey = nation.n_nationkey)","Workers": []}]}]}]}]},{"Node Type": "Index Scan","Parent Relationship": "Inner","Parallel Aware": false,"Async Capable": false,"Scan Direction": "Forward","Index Name": "idx_lineitem_orderkey","Relation Name": "lineitem","Alias": "l3","Startup Cost": 0.43,"Total Cost": 1.06,"Plan Rows": 6,"Plan Width": 8,"Actual Startup Time": 0.003,"Actual Total Time": 0.003,"Actual Rows": 1,"Actual Loops": 154501,"Index Cond": "(l_orderkey = l1.l_orderkey)","Rows Removed by Index Recheck": 0,"Filter": "((l_receiptdate > l_commitdate) AND (l_suppkey <> l1.l_suppkey))","Rows Removed by Filter": 1,"Workers": []}]}]},{"Node Type": "Index Scan","Parent Relationship": "Inner","Parallel Aware": false,"Async Capable": false,"Scan Direction": "Forward","Index Name": "idx_lineitem_orderkey","Relation Name": "lineitem","Alias": "l2","Startup Cost": 0.43,"Total Cost": 1.02,"Plan Rows": 17,"Plan Width": 8,"Actual Startup Time": 0.007,"Actual Total Time": 0.007,"Actual Rows": 1,"Actual Loops": 13791,"Index Cond": "(l_orderkey = l1.l_orderkey)","Rows Removed by Index Recheck": 0,"Filter": "(l_suppkey <> l1.l_suppkey)","Rows Removed by Filter": 1}]},{"Node Type": "Index Scan","Parent Relationship": "Inner","Parallel Aware": false,"Async Capable": false,"Scan Direction": "Forward","Index Name": "orders_pkey","Relation Name": "orders","Alias": "orders","Startup Cost": 0.43,"Total Cost": 0.51,"Plan Rows": 1,"Plan Width": 4,"Actual Startup Time": 0.008,"Actual Total Time": 0.008,"Actual Rows": 0,"Actual Loops": 8332,"Index Cond": "(o_orderkey = l1.l_orderkey)","Rows Removed by Index Recheck": 0,"Filter": "(o_orderstatus = 'F'::bpchar)","Rows Removed by Filter": 1}]}]}]}]},"Planning Time": 9.793,"Triggers": [],"Execution Time": 521.577}]
[{"Plan": {"Node Type": "Sort","Parallel Aware": false,"Async Capable": false,"Startup Cost": 147378.80,"Total Cost": 147378.81,"Plan Rows": 1,"Plan Width": 34,"Actual Startup Time": 509.264,"Actual Total Time": 527.696,"Actual Rows": 421,"Actual Loops": 1,"Sort Key": ["(count(*)) DESC", "supplier.s_name"],"Sort Method": "quicksort","Sort Space Used": 57,"Sort Space Type": "Memory","Plans": [{"Node Type": "Aggregate","Strategy": "Sorted","Partial Mode": "Simple","Parent Relationship": "Outer","Parallel Aware": false,"Async Capable": false,"Startup Cost": 147378.77,"Total Cost": 147378.79,"Plan Rows": 1,"Plan Width": 34,"Actual Startup Time": 507.941,"Actual Total Time": 526.990,"Actual Rows": 421,"Actual Loops": 1,"Group Key": ["supplier.s_name"],"Plans": [{"Node Type": "Sort","Parent Relationship": "Outer","Parallel Aware": false,"Async Capable": false,"Startup Cost": 147378.77,"Total Cost": 147378.78,"Plan Rows": 1,"Plan Width": 26,"Actual Startup Time": 507.919,"Actual Total Time": 526.540,"Actual Rows": 4227,"Actual Loops": 1,"Sort Key": ["supplier.s_name"],"Sort Method": "quicksort","Sort Space Used": 490,"Sort Space Type": "Memory","Plans": [{"Node Type": "Nested Loop","Parent Relationship": "Outer","Parallel Aware": false,"Async Capable": false,"Join Type": "Inner","Startup Cost": 1250.87,"Total Cost": 147378.76,"Plan Rows": 1,"Plan Width": 26,"Actual Startup Time": 5.396,"Actual Total Time": 515.076,"Actual Rows": 4227,"Actual Loops": 1,"Inner Unique": true,"Plans": [{"Node Type": "Nested Loop","Parent Relationship": "Outer","Parallel Aware": false,"Async Capable": false,"Join Type": "Semi","Startup Cost": 1250.44,"Total Cost": 147378.26,"Plan Rows": 1,"Plan Width": 34,"Actual Startup Time": 5.356,"Actual Total Time": 448.186,"Actual Rows": 8678,"Actual Loops": 1,"Inner Unique": false,"Plans": [{"Node Type": "Gather","Parent Relationship": "Outer","Parallel Aware": false,"Async Capable": false,"Startup Cost": 1250.01,"Total Cost": 147377.22,"Plan Rows": 1,"Plan Width": 34,"Actual Startup Time": 5.315,"Actual Total Time": 333.619,"Actual Rows": 14289,"Actual Loops": 1,"Workers Planned": 4,"Workers Launched": 4,"Single Copy": false,"Plans": [{"Node Type": "Nested Loop","Parent Relationship": "Outer","Parallel Aware": false,"Async Capable": false,"Join Type": "Anti","Startup Cost": 250.01,"Total Cost": 146377.12,"Plan Rows": 1,"Plan Width": 34,"Actual Startup Time": 5.155,"Actual Total Time": 447.803,"Actual Rows": 2858,"Actual Loops": 5,"Inner Unique": false,"Workers": [],"Plans": [{"Node Type": "Hash Join","Parent Relationship": "Outer","Parallel Aware": false,"Async Capable": false,"Join Type": "Inner","Startup Cost": 249.58,"Total Cost": 133581.65,"Plan Rows": 19990,"Plan Width": 34,"Actual Startup Time": 4.679,"Actual Total Time": 355.100,"Actual Rows": 31833,"Actual Loops": 5,"Inner Unique": false,"Hash Cond": "(l1.l_suppkey = supplier.s_suppkey)","Workers": [],"Plans": [{"Node Type": "Seq Scan","Parent Relationship": "Outer","Parallel Aware": true,"Async Capable": false,"Relation Name": "lineitem","Alias": "l1","Startup Cost": 0.00,"Total Cost": 131256.80,"Plan Rows": 500101,"Plan Width": 8,"Actual Startup Time": 0.028,"Actual Total Time": 302.880,"Actual Rows": 758659,"Actual Loops": 5,"Filter": "(l_receiptdate > l_commitdate)","Rows Removed by Filter": 441584,"Workers": []},{"Node Type": "Hash","Parent Relationship": "Inner","Parallel Aware": false,"Async Capable": false,"Startup Cost": 244.58,"Total Cost": 244.58,"Plan Rows": 400,"Plan Width": 30,"Actual Startup Time": 4.328,"Actual Total Time": 4.340,"Actual Rows": 421,"Actual Loops": 5,"Hash Buckets": 1024,"Original Hash Buckets": 1024,"Hash Batches": 1,"Original Hash Batches": 1,"Peak Memory Usage": 35,"Workers": [],"Plans": [{"Node Type": "Nested Loop","Parent Relationship": "Outer","Parallel Aware": false,"Async Capable": false,"Join Type": "Inner","Startup Cost": 7.38,"Total Cost": 244.58,"Plan Rows": 400,"Plan Width": 30,"Actual Startup Time": 0.319,"Actual Total Time": 4.167,"Actual Rows": 421,"Actual Loops": 5,"Inner Unique": false,"Workers": [],"Plans": [{"Node Type": "Seq Scan","Parent Relationship": "Outer","Parallel Aware": false,"Async Capable": false,"Relation Name": "nation","Alias": "nation","Startup Cost": 0.00,"Total Cost": 1.31,"Plan Rows": 1,"Plan Width": 4,"Actual Startup Time": 0.061,"Actual Total Time": 0.065,"Actual Rows": 1,"Actual Loops": 5,"Filter": "(n_name = 'PERU'::bpchar)","Rows Removed by Filter": 24,"Workers": []},{"Node Type": "Bitmap Heap Scan","Parent Relationship": "Inner","Parallel Aware": false,"Async Capable": false,"Relation Name": "supplier","Alias": "supplier","Startup Cost": 7.38,"Total Cost": 239.27,"Plan Rows": 400,"Plan Width": 34,"Actual Startup Time": 0.253,"Actual Total Time": 4.010,"Actual Rows": 421,"Actual Loops": 5,"Recheck Cond": "(s_nationkey = nation.n_nationkey)","Rows Removed by Index Recheck": 0,"Exact Heap Blocks": 187,"Lossy Heap Blocks": 0,"Workers": [],"Plans": [{"Node Type": "Bitmap Index Scan","Parent Relationship": "Outer","Parallel Aware": false,"Async Capable": false,"Index Name": "idx_supplier_nation_key","Startup Cost": 0.00,"Total Cost": 7.29,"Plan Rows": 400,"Plan Width": 0,"Actual Startup Time": 0.167,"Actual Total Time": 0.169,"Actual Rows": 421,"Actual Loops": 5,"Index Cond": "(s_nationkey = nation.n_nationkey)","Workers": []}]}]}]}]},{"Node Type": "Index Scan","Parent Relationship": "Inner","Parallel Aware": false,"Async Capable": false,"Scan Direction": "Forward","Index Name": "idx_lineitem_orderkey","Relation Name": "lineitem","Alias": "l3","Startup Cost": 0.43,"Total Cost": 1.06,"Plan Rows": 6,"Plan Width": 8,"Actual Startup Time": 0.003,"Actual Total Time": 0.003,"Actual Rows": 1,"Actual Loops": 159165,"Index Cond": "(l_orderkey = l1.l_orderkey)","Rows Removed by Index Recheck": 0,"Filter": "((l_receiptdate > l_commitdate) AND (l_suppkey <> l1.l_suppkey))","Rows Removed by Filter": 1,"Workers": []}]}]},{"Node Type": "Index Scan","Parent Relationship": "Inner","Parallel Aware": false,"Async Capable": false,"Scan Direction": "Forward","Index Name": "idx_lineitem_orderkey","Relation Name": "lineitem","Alias": "l2","Startup Cost": 0.43,"Total Cost": 1.02,"Plan Rows": 17,"Plan Width": 8,"Actual Startup Time": 0.008,"Actual Total Time": 0.008,"Actual Rows": 1,"Actual Loops": 14289,"Index Cond": "(l_orderkey = l1.l_orderkey)","Rows Removed by Index Recheck": 0,"Filter": "(l_suppkey <> l1.l_suppkey)","Rows Removed by Filter": 1}]},{"Node Type": "Index Scan","Parent Relationship": "Inner","Parallel Aware": false,"Async Capable": false,"Scan Direction": "Forward","Index Name": "orders_pkey","Relation Name": "orders","Alias": "orders","Startup Cost": 0.43,"Total Cost": 0.51,"Plan Rows": 1,"Plan Width": 4,"Actual Startup Time": 0.007,"Actual Total Time": 0.007,"Actual Rows": 0,"Actual Loops": 8678,"Index Cond": "(o_orderkey = l1.l_orderkey)","Rows Removed by Index Recheck": 0,"Filter": "(o_orderstatus = 'F'::bpchar)","Rows Removed by Filter": 1}]}]}]}]},"Planning Time": 8.374,"Triggers": [],"Execution Time": 528.458}]
[{"Plan": {"Node Type": "Sort","Parallel Aware": false,"Async Capable": false,"Startup Cost": 147378.80,"Total Cost": 147378.81,"Plan Rows": 1,"Plan Width": 34,"Actual Startup Time": 507.691,"Actual Total Time": 527.119,"Actual Rows": 411,"Actual Loops": 1,"Sort Key": ["(count(*)) DESC", "supplier.s_name"],"Sort Method": "quicksort","Sort Space Used": 57,"Sort Space Type": "Memory","Plans": [{"Node Type": "Aggregate","Strategy": "Sorted","Partial Mode": "Simple","Parent Relationship": "Outer","Parallel Aware": false,"Async Capable": false,"Startup Cost": 147378.77,"Total Cost": 147378.79,"Plan Rows": 1,"Plan Width": 34,"Actual Startup Time": 506.441,"Actual Total Time": 526.395,"Actual Rows": 411,"Actual Loops": 1,"Group Key": ["supplier.s_name"],"Plans": [{"Node Type": "Sort","Parent Relationship": "Outer","Parallel Aware": false,"Async Capable": false,"Startup Cost": 147378.77,"Total Cost": 147378.78,"Plan Rows": 1,"Plan Width": 26,"Actual Startup Time": 506.413,"Actual Total Time": 525.969,"Actual Rows": 4141,"Actual Loops": 1,"Sort Key": ["supplier.s_name"],"Sort Method": "quicksort","Sort Space Used": 484,"Sort Space Type": "Memory","Plans": [{"Node Type": "Nested Loop","Parent Relationship": "Outer","Parallel Aware": false,"Async Capable": false,"Join Type": "Inner","Startup Cost": 1250.87,"Total Cost": 147378.76,"Plan Rows": 1,"Plan Width": 26,"Actual Startup Time": 4.973,"Actual Total Time": 514.878,"Actual Rows": 4141,"Actual Loops": 1,"Inner Unique": true,"Plans": [{"Node Type": "Nested Loop","Parent Relationship": "Outer","Parallel Aware": false,"Async Capable": false,"Join Type": "Semi","Startup Cost": 1250.44,"Total Cost": 147378.26,"Plan Rows": 1,"Plan Width": 34,"Actual Startup Time": 4.329,"Actual Total Time": 453.804,"Actual Rows": 8357,"Actual Loops": 1,"Inner Unique": false,"Plans": [{"Node Type": "Gather","Parent Relationship": "Outer","Parallel Aware": false,"Async Capable": false,"Startup Cost": 1250.01,"Total Cost": 147377.22,"Plan Rows": 1,"Plan Width": 34,"Actual Startup Time": 4.312,"Actual Total Time": 350.336,"Actual Rows": 13859,"Actual Loops": 1,"Workers Planned": 4,"Workers Launched": 4,"Single Copy": false,"Plans": [{"Node Type": "Nested Loop","Parent Relationship": "Outer","Parallel Aware": false,"Async Capable": false,"Join Type": "Anti","Startup Cost": 250.01,"Total Cost": 146377.12,"Plan Rows": 1,"Plan Width": 34,"Actual Startup Time": 4.818,"Actual Total Time": 450.256,"Actual Rows": 2772,"Actual Loops": 5,"Inner Unique": false,"Workers": [],"Plans": [{"Node Type": "Hash Join","Parent Relationship": "Outer","Parallel Aware": false,"Async Capable": false,"Join Type": "Inner","Startup Cost": 249.58,"Total Cost": 133581.65,"Plan Rows": 19990,"Plan Width": 34,"Actual Startup Time": 4.474,"Actual Total Time": 357.672,"Actual Rows": 31348,"Actual Loops": 5,"Inner Unique": false,"Hash Cond": "(l1.l_suppkey = supplier.s_suppkey)","Workers": [],"Plans": [{"Node Type": "Seq Scan","Parent Relationship": "Outer","Parallel Aware": true,"Async Capable": false,"Relation Name": "lineitem","Alias": "l1","Startup Cost": 0.00,"Total Cost": 131256.80,"Plan Rows": 500101,"Plan Width": 8,"Actual Startup Time": 0.028,"Actual Total Time": 306.873,"Actual Rows": 758659,"Actual Loops": 5,"Filter": "(l_receiptdate > l_commitdate)","Rows Removed by Filter": 441584,"Workers": []},{"Node Type": "Hash","Parent Relationship": "Inner","Parallel Aware": false,"Async Capable": false,"Startup Cost": 244.58,"Total Cost": 244.58,"Plan Rows": 400,"Plan Width": 30,"Actual Startup Time": 4.175,"Actual Total Time": 4.188,"Actual Rows": 411,"Actual Loops": 5,"Hash Buckets": 1024,"Original Hash Buckets": 1024,"Hash Batches": 1,"Original Hash Batches": 1,"Peak Memory Usage": 34,"Workers": [],"Plans": [{"Node Type": "Nested Loop","Parent Relationship": "Outer","Parallel Aware": false,"Async Capable": false,"Join Type": "Inner","Startup Cost": 7.38,"Total Cost": 244.58,"Plan Rows": 400,"Plan Width": 30,"Actual Startup Time": 0.256,"Actual Total Time": 4.027,"Actual Rows": 411,"Actual Loops": 5,"Inner Unique": false,"Workers": [],"Plans": [{"Node Type": "Seq Scan","Parent Relationship": "Outer","Parallel Aware": false,"Async Capable": false,"Relation Name": "nation","Alias": "nation","Startup Cost": 0.00,"Total Cost": 1.31,"Plan Rows": 1,"Plan Width": 4,"Actual Startup Time": 0.047,"Actual Total Time": 0.051,"Actual Rows": 1,"Actual Loops": 5,"Filter": "(n_name = 'SAUDI ARABIA'::bpchar)","Rows Removed by Filter": 24,"Workers": []},{"Node Type": "Bitmap Heap Scan","Parent Relationship": "Inner","Parallel Aware": false,"Async Capable": false,"Relation Name": "supplier","Alias": "supplier","Startup Cost": 7.38,"Total Cost": 239.27,"Plan Rows": 400,"Plan Width": 34,"Actual Startup Time": 0.204,"Actual Total Time": 3.890,"Actual Rows": 411,"Actual Loops": 5,"Recheck Cond": "(s_nationkey = nation.n_nationkey)","Rows Removed by Index Recheck": 0,"Exact Heap Blocks": 182,"Lossy Heap Blocks": 0,"Workers": [],"Plans": [{"Node Type": "Bitmap Index Scan","Parent Relationship": "Outer","Parallel Aware": false,"Async Capable": false,"Index Name": "idx_supplier_nation_key","Startup Cost": 0.00,"Total Cost": 7.29,"Plan Rows": 400,"Plan Width": 0,"Actual Startup Time": 0.143,"Actual Total Time": 0.145,"Actual Rows": 411,"Actual Loops": 5,"Index Cond": "(s_nationkey = nation.n_nationkey)","Workers": []}]}]}]}]},{"Node Type": "Index Scan","Parent Relationship": "Inner","Parallel Aware": false,"Async Capable": false,"Scan Direction": "Forward","Index Name": "idx_lineitem_orderkey","Relation Name": "lineitem","Alias": "l3","Startup Cost": 0.43,"Total Cost": 1.06,"Plan Rows": 6,"Plan Width": 8,"Actual Startup Time": 0.003,"Actual Total Time": 0.003,"Actual Rows": 1,"Actual Loops": 156739,"Index Cond": "(l_orderkey = l1.l_orderkey)","Rows Removed by Index Recheck": 0,"Filter": "((l_receiptdate > l_commitdate) AND (l_suppkey <> l1.l_suppkey))","Rows Removed by Filter": 1,"Workers": []}]}]},{"Node Type": "Index Scan","Parent Relationship": "Inner","Parallel Aware": false,"Async Capable": false,"Scan Direction": "Forward","Index Name": "idx_lineitem_orderkey","Relation Name": "lineitem","Alias": "l2","Startup Cost": 0.43,"Total Cost": 1.02,"Plan Rows": 17,"Plan Width": 8,"Actual Startup Time": 0.007,"Actual Total Time": 0.007,"Actual Rows": 1,"Actual Loops": 13859,"Index Cond": "(l_orderkey = l1.l_orderkey)","Rows Removed by Index Recheck": 0,"Filter": "(l_suppkey <> l1.l_suppkey)","Rows Removed by Filter": 1}]},{"Node Type": "Index Scan","Parent Relationship": "Inner","Parallel Aware": false,"Async Capable": false,"Scan Direction": "Forward","Index Name": "orders_pkey","Relation Name": "orders","Alias": "orders","Startup Cost": 0.43,"Total Cost": 0.51,"Plan Rows": 1,"Plan Width": 4,"Actual Startup Time": 0.007,"Actual Total Time": 0.007,"Actual Rows": 0,"Actual Loops": 8357,"Index Cond": "(o_orderkey = l1.l_orderkey)","Rows Removed by Index Recheck": 0,"Filter": "(o_orderstatus = 'F'::bpchar)","Rows Removed by Filter": 1}]}]}]}]},"Planning Time": 9.483,"Triggers": [],"Execution Time": 527.804}]
[{"Plan": {"Node Type": "Sort","Parallel Aware": false,"Async Capable": false,"Startup Cost": 147378.80,"Total Cost": 147378.81,"Plan Rows": 1,"Plan Width": 34,"Actual Startup Time": 503.423,"Actual Total Time": 521.004,"Actual Rows": 406,"Actual Loops": 1,"Sort Key": ["(count(*)) DESC", "supplier.s_name"],"Sort Method": "quicksort","Sort Space Used": 56,"Sort Space Type": "Memory","Plans": [{"Node Type": "Aggregate","Strategy": "Sorted","Partial Mode": "Simple","Parent Relationship": "Outer","Parallel Aware": false,"Async Capable": false,"Startup Cost": 147378.77,"Total Cost": 147378.79,"Plan Rows": 1,"Plan Width": 34,"Actual Startup Time": 502.176,"Actual Total Time": 520.280,"Actual Rows": 406,"Actual Loops": 1,"Group Key": ["supplier.s_name"],"Plans": [{"Node Type": "Sort","Parent Relationship": "Outer","Parallel Aware": false,"Async Capable": false,"Startup Cost": 147378.77,"Total Cost": 147378.78,"Plan Rows": 1,"Plan Width": 26,"Actual Startup Time": 502.147,"Actual Total Time": 519.852,"Actual Rows": 4052,"Actual Loops": 1,"Sort Key": ["supplier.s_name"],"Sort Method": "quicksort","Sort Space Used": 381,"Sort Space Type": "Memory","Plans": [{"Node Type": "Nested Loop","Parent Relationship": "Outer","Parallel Aware": false,"Async Capable": false,"Join Type": "Inner","Startup Cost": 1250.87,"Total Cost": 147378.76,"Plan Rows": 1,"Plan Width": 26,"Actual Startup Time": 4.486,"Actual Total Time": 508.290,"Actual Rows": 4052,"Actual Loops": 1,"Inner Unique": true,"Plans": [{"Node Type": "Nested Loop","Parent Relationship": "Outer","Parallel Aware": false,"Async Capable": false,"Join Type": "Semi","Startup Cost": 1250.44,"Total Cost": 147378.26,"Plan Rows": 1,"Plan Width": 34,"Actual Startup Time": 4.452,"Actual Total Time": 441.127,"Actual Rows": 8332,"Actual Loops": 1,"Inner Unique": false,"Plans": [{"Node Type": "Gather","Parent Relationship": "Outer","Parallel Aware": false,"Async Capable": false,"Startup Cost": 1250.01,"Total Cost": 147377.22,"Plan Rows": 1,"Plan Width": 34,"Actual Startup Time": 4.440,"Actual Total Time": 331.994,"Actual Rows": 13791,"Actual Loops": 1,"Workers Planned": 4,"Workers Launched": 4,"Single Copy": false,"Plans": [{"Node Type": "Nested Loop","Parent Relationship": "Outer","Parallel Aware": false,"Async Capable": false,"Join Type": "Anti","Startup Cost": 250.01,"Total Cost": 146377.12,"Plan Rows": 1,"Plan Width": 34,"Actual Startup Time": 4.624,"Actual Total Time": 442.937,"Actual Rows": 2758,"Actual Loops": 5,"Inner Unique": false,"Workers": [],"Plans": [{"Node Type": "Hash Join","Parent Relationship": "Outer","Parallel Aware": false,"Async Capable": false,"Join Type": "Inner","Startup Cost": 249.58,"Total Cost": 133581.65,"Plan Rows": 19990,"Plan Width": 34,"Actual Startup Time": 4.481,"Actual Total Time": 353.409,"Actual Rows": 30900,"Actual Loops": 5,"Inner Unique": false,"Hash Cond": "(l1.l_suppkey = supplier.s_suppkey)","Workers": [],"Plans": [{"Node Type": "Seq Scan","Parent Relationship": "Outer","Parallel Aware": true,"Async Capable": false,"Relation Name": "lineitem","Alias": "l1","Startup Cost": 0.00,"Total Cost": 131256.80,"Plan Rows": 500101,"Plan Width": 8,"Actual Startup Time": 0.029,"Actual Total Time": 301.270,"Actual Rows": 758659,"Actual Loops": 5,"Filter": "(l_receiptdate > l_commitdate)","Rows Removed by Filter": 441584,"Workers": []},{"Node Type": "Hash","Parent Relationship": "Inner","Parallel Aware": false,"Async Capable": false,"Startup Cost": 244.58,"Total Cost": 244.58,"Plan Rows": 400,"Plan Width": 30,"Actual Startup Time": 4.105,"Actual Total Time": 4.114,"Actual Rows": 406,"Actual Loops": 5,"Hash Buckets": 1024,"Original Hash Buckets": 1024,"Hash Batches": 1,"Original Hash Batches": 1,"Peak Memory Usage": 34,"Workers": [],"Plans": [{"Node Type": "Nested Loop","Parent Relationship": "Outer","Parallel Aware": false,"Async Capable": false,"Join Type": "Inner","Startup Cost": 7.38,"Total Cost": 244.58,"Plan Rows": 400,"Plan Width": 30,"Actual Startup Time": 0.252,"Actual Total Time": 3.975,"Actual Rows": 406,"Actual Loops": 5,"Inner Unique": false,"Workers": [],"Plans": [{"Node Type": "Seq Scan","Parent Relationship": "Outer","Parallel Aware": false,"Async Capable": false,"Relation Name": "nation","Alias": "nation","Startup Cost": 0.00,"Total Cost": 1.31,"Plan Rows": 1,"Plan Width": 4,"Actual Startup Time": 0.055,"Actual Total Time": 0.058,"Actual Rows": 1,"Actual Loops": 5,"Filter": "(n_name = 'MOZAMBIQUE'::bpchar)","Rows Removed by Filter": 24,"Workers": []},{"Node Type": "Bitmap Heap Scan","Parent Relationship": "Inner","Parallel Aware": false,"Async Capable": false,"Relation Name": "supplier","Alias": "supplier","Startup Cost": 7.38,"Total Cost": 239.27,"Plan Rows": 400,"Plan Width": 34,"Actual Startup Time": 0.193,"Actual Total Time": 3.854,"Actual Rows": 406,"Actual Loops": 5,"Recheck Cond": "(s_nationkey = nation.n_nationkey)","Rows Removed by Index Recheck": 0,"Exact Heap Blocks": 186,"Lossy Heap Blocks": 0,"Workers": [],"Plans": [{"Node Type": "Bitmap Index Scan","Parent Relationship": "Outer","Parallel Aware": false,"Async Capable": false,"Index Name": "idx_supplier_nation_key","Startup Cost": 0.00,"Total Cost": 7.29,"Plan Rows": 400,"Plan Width": 0,"Actual Startup Time": 0.125,"Actual Total Time": 0.126,"Actual Rows": 406,"Actual Loops": 5,"Index Cond": "(s_nationkey = nation.n_nationkey)","Workers": []}]}]}]}]},{"Node Type": "Index Scan","Parent Relationship": "Inner","Parallel Aware": false,"Async Capable": false,"Scan Direction": "Forward","Index Name": "idx_lineitem_orderkey","Relation Name": "lineitem","Alias": "l3","Startup Cost": 0.43,"Total Cost": 1.06,"Plan Rows": 6,"Plan Width": 8,"Actual Startup Time": 0.003,"Actual Total Time": 0.003,"Actual Rows": 1,"Actual Loops": 154501,"Index Cond": "(l_orderkey = l1.l_orderkey)","Rows Removed by Index Recheck": 0,"Filter": "((l_receiptdate > l_commitdate) AND (l_suppkey <> l1.l_suppkey))","Rows Removed by Filter": 1,"Workers": []}]}]},{"Node Type": "Index Scan","Parent Relationship": "Inner","Parallel Aware": false,"Async Capable": false,"Scan Direction": "Forward","Index Name": "idx_lineitem_orderkey","Relation Name": "lineitem","Alias": "l2","Startup Cost": 0.43,"Total Cost": 1.02,"Plan Rows": 17,"Plan Width": 8,"Actual Startup Time": 0.007,"Actual Total Time": 0.007,"Actual Rows": 1,"Actual Loops": 13791,"Index Cond": "(l_orderkey = l1.l_orderkey)","Rows Removed by Index Recheck": 0,"Filter": "(l_suppkey <> l1.l_suppkey)","Rows Removed by Filter": 1}]},{"Node Type": "Index Scan","Parent Relationship": "Inner","Parallel Aware": false,"Async Capable": false,"Scan Direction": "Forward","Index Name": "orders_pkey","Relation Name": "orders","Alias": "orders","Startup Cost": 0.43,"Total Cost": 0.51,"Plan Rows": 1,"Plan Width": 4,"Actual Startup Time": 0.008,"Actual Total Time": 0.008,"Actual Rows": 0,"Actual Loops": 8332,"Index Cond": "(o_orderkey = l1.l_orderkey)","Rows Removed by Index Recheck": 0,"Filter": "(o_orderstatus = 'F'::bpchar)","Rows Removed by Filter": 1}]}]}]}]},"Planning Time": 9.793,"Triggers": [],"Execution Time": 521.577}]
[{"Plan": {"Node Type": "Sort","Parallel Aware": false,"Async Capable": false,"Startup Cost": 147378.80,"Total Cost": 147378.81,"Plan Rows": 1,"Plan Width": 34,"Actual Startup Time": 512.736,"Actual Total Time": 529.210,"Actual Rows": 438,"Actual Loops": 1,"Sort Key": ["(count(*)) DESC", "supplier.s_name"],"Sort Method": "quicksort","Sort Space Used": 59,"Sort Space Type": "Memory","Plans": [{"Node Type": "Aggregate","Strategy": "Sorted","Partial Mode": "Simple","Parent Relationship": "Outer","Parallel Aware": false,"Async Capable": false,"Startup Cost": 147378.77,"Total Cost": 147378.79,"Plan Rows": 1,"Plan Width": 34,"Actual Startup Time": 511.404,"Actual Total Time": 528.425,"Actual Rows": 438,"Actual Loops": 1,"Group Key": ["supplier.s_name"],"Plans": [{"Node Type": "Sort","Parent Relationship": "Outer","Parallel Aware": false,"Async Capable": false,"Startup Cost": 147378.77,"Total Cost": 147378.78,"Plan Rows": 1,"Plan Width": 26,"Actual Startup Time": 511.372,"Actual Total Time": 527.974,"Actual Rows": 4210,"Actual Loops": 1,"Sort Key": ["supplier.s_name"],"Sort Method": "quicksort","Sort Space Used": 489,"Sort Space Type": "Memory","Plans": [{"Node Type": "Nested Loop","Parent Relationship": "Outer","Parallel Aware": false,"Async Capable": false,"Join Type": "Inner","Startup Cost": 1250.87,"Total Cost": 147378.76,"Plan Rows": 1,"Plan Width": 26,"Actual Startup Time": 5.368,"Actual Total Time": 515.358,"Actual Rows": 4210,"Actual Loops": 1,"Inner Unique": true,"Plans": [{"Node Type": "Nested Loop","Parent Relationship": "Outer","Parallel Aware": false,"Async Capable": false,"Join Type": "Semi","Startup Cost": 1250.44,"Total Cost": 147378.26,"Plan Rows": 1,"Plan Width": 34,"Actual Startup Time": 5.330,"Actual Total Time": 447.041,"Actual Rows": 8778,"Actual Loops": 1,"Inner Unique": false,"Plans": [{"Node Type": "Gather","Parent Relationship": "Outer","Parallel Aware": false,"Async Capable": false,"Startup Cost": 1250.01,"Total Cost": 147377.22,"Plan Rows": 1,"Plan Width": 34,"Actual Startup Time": 5.278,"Actual Total Time": 329.789,"Actual Rows": 14669,"Actual Loops": 1,"Workers Planned": 4,"Workers Launched": 4,"Single Copy": false,"Plans": [{"Node Type": "Nested Loop","Parent Relationship": "Outer","Parallel Aware": false,"Async Capable": false,"Join Type": "Anti","Startup Cost": 250.01,"Total Cost": 146377.12,"Plan Rows": 1,"Plan Width": 34,"Actual Startup Time": 5.105,"Actual Total Time": 449.554,"Actual Rows": 2934,"Actual Loops": 5,"Inner Unique": false,"Workers": [],"Plans": [{"Node Type": "Hash Join","Parent Relationship": "Outer","Parallel Aware": false,"Async Capable": false,"Join Type": "Inner","Startup Cost": 249.58,"Total Cost": 133581.65,"Plan Rows": 19990,"Plan Width": 34,"Actual Startup Time": 4.734,"Actual Total Time": 354.759,"Actual Rows": 33108,"Actual Loops": 5,"Inner Unique": false,"Hash Cond": "(l1.l_suppkey = supplier.s_suppkey)","Workers": [],"Plans": [{"Node Type": "Seq Scan","Parent Relationship": "Outer","Parallel Aware": true,"Async Capable": false,"Relation Name": "lineitem","Alias": "l1","Startup Cost": 0.00,"Total Cost": 131256.80,"Plan Rows": 500101,"Plan Width": 8,"Actual Startup Time": 0.025,"Actual Total Time": 303.070,"Actual Rows": 758659,"Actual Loops": 5,"Filter": "(l_receiptdate > l_commitdate)","Rows Removed by Filter": 441584,"Workers": []},{"Node Type": "Hash","Parent Relationship": "Inner","Parallel Aware": false,"Async Capable": false,"Startup Cost": 244.58,"Total Cost": 244.58,"Plan Rows": 400,"Plan Width": 30,"Actual Startup Time": 4.446,"Actual Total Time": 4.454,"Actual Rows": 438,"Actual Loops": 5,"Hash Buckets": 1024,"Original Hash Buckets": 1024,"Hash Batches": 1,"Original Hash Batches": 1,"Peak Memory Usage": 36,"Workers": [],"Plans": [{"Node Type": "Nested Loop","Parent Relationship": "Outer","Parallel Aware": false,"Async Capable": false,"Join Type": "Inner","Startup Cost": 7.38,"Total Cost": 244.58,"Plan Rows": 400,"Plan Width": 30,"Actual Startup Time": 0.266,"Actual Total Time": 4.290,"Actual Rows": 438,"Actual Loops": 5,"Inner Unique": false,"Workers": [],"Plans": [{"Node Type": "Seq Scan","Parent Relationship": "Outer","Parallel Aware": false,"Async Capable": false,"Relation Name": "nation","Alias": "nation","Startup Cost": 0.00,"Total Cost": 1.31,"Plan Rows": 1,"Plan Width": 4,"Actual Startup Time": 0.058,"Actual Total Time": 0.064,"Actual Rows": 1,"Actual Loops": 5,"Filter": "(n_name = 'IRAQ'::bpchar)","Rows Removed by Filter": 24,"Workers": []},{"Node Type": "Bitmap Heap Scan","Parent Relationship": "Inner","Parallel Aware": false,"Async Capable": false,"Relation Name": "supplier","Alias": "supplier","Startup Cost": 7.38,"Total Cost": 239.27,"Plan Rows": 400,"Plan Width": 34,"Actual Startup Time": 0.204,"Actual Total Time": 4.151,"Actual Rows": 438,"Actual Loops": 5,"Recheck Cond": "(s_nationkey = nation.n_nationkey)","Rows Removed by Index Recheck": 0,"Exact Heap Blocks": 194,"Lossy Heap Blocks": 0,"Workers": [],"Plans": [{"Node Type": "Bitmap Index Scan","Parent Relationship": "Outer","Parallel Aware": false,"Async Capable": false,"Index Name": "idx_supplier_nation_key","Startup Cost": 0.00,"Total Cost": 7.29,"Plan Rows": 400,"Plan Width": 0,"Actual Startup Time": 0.139,"Actual Total Time": 0.140,"Actual Rows": 438,"Actual Loops": 5,"Index Cond": "(s_nationkey = nation.n_nationkey)","Workers": []}]}]}]}]},{"Node Type": "Index Scan","Parent Relationship": "Inner","Parallel Aware": false,"Async Capable": false,"Scan Direction": "Forward","Index Name": "idx_lineitem_orderkey","Relation Name": "lineitem","Alias": "l3","Startup Cost": 0.43,"Total Cost": 1.06,"Plan Rows": 6,"Plan Width": 8,"Actual Startup Time": 0.003,"Actual Total Time": 0.003,"Actual Rows": 1,"Actual Loops": 165540,"Index Cond": "(l_orderkey = l1.l_orderkey)","Rows Removed by Index Recheck": 0,"Filter": "((l_receiptdate > l_commitdate) AND (l_suppkey <> l1.l_suppkey))","Rows Removed by Filter": 1,"Workers": []}]}]},{"Node Type": "Index Scan","Parent Relationship": "Inner","Parallel Aware": false,"Async Capable": false,"Scan Direction": "Forward","Index Name": "idx_lineitem_orderkey","Relation Name": "lineitem","Alias": "l2","Startup Cost": 0.43,"Total Cost": 1.02,"Plan Rows": 17,"Plan Width": 8,"Actual Startup Time": 0.007,"Actual Total Time": 0.007,"Actual Rows": 1,"Actual Loops": 14669,"Index Cond": "(l_orderkey = l1.l_orderkey)","Rows Removed by Index Recheck": 0,"Filter": "(l_suppkey <> l1.l_suppkey)","Rows Removed by Filter": 1}]},{"Node Type": "Index Scan","Parent Relationship": "Inner","Parallel Aware": false,"Async Capable": false,"Scan Direction": "Forward","Index Name": "orders_pkey","Relation Name": "orders","Alias": "orders","Startup Cost": 0.43,"Total Cost": 0.51,"Plan Rows": 1,"Plan Width": 4,"Actual Startup Time": 0.008,"Actual Total Time": 0.008,"Actual Rows": 0,"Actual Loops": 8778,"Index Cond": "(o_orderkey = l1.l_orderkey)","Rows Removed by Index Recheck": 0,"Filter": "(o_orderstatus = 'F'::bpchar)","Rows Removed by Filter": 1}]}]}]}]},"Planning Time": 9.762,"Triggers": [],"Execution Time": 529.872}]
[{"Plan": {"Node Type": "Sort","Parallel Aware": false,"Async Capable": false,"Startup Cost": 147378.80,"Total Cost": 147378.81,"Plan Rows": 1,"Plan Width": 34,"Actual Startup Time": 502.540,"Actual Total Time": 523.684,"Actual Rows": 401,"Actual Loops": 1,"Sort Key": ["(count(*)) DESC", "supplier.s_name"],"Sort Method": "quicksort","Sort Space Used": 56,"Sort Space Type": "Memory","Plans": [{"Node Type": "Aggregate","Strategy": "Sorted","Partial Mode": "Simple","Parent Relationship": "Outer","Parallel Aware": false,"Async Capable": false,"Startup Cost": 147378.77,"Total Cost": 147378.79,"Plan Rows": 1,"Plan Width": 34,"Actual Startup Time": 501.310,"Actual Total Time": 522.965,"Actual Rows": 401,"Actual Loops": 1,"Group Key": ["supplier.s_name"],"Plans": [{"Node Type": "Sort","Parent Relationship": "Outer","Parallel Aware": false,"Async Capable": false,"Startup Cost": 147378.77,"Total Cost": 147378.78,"Plan Rows": 1,"Plan Width": 26,"Actual Startup Time": 501.284,"Actual Total Time": 522.551,"Actual Rows": 3970,"Actual Loops": 1,"Sort Key": ["supplier.s_name"],"Sort Method": "quicksort","Sort Space Used": 376,"Sort Space Type": "Memory","Plans": [{"Node Type": "Nested Loop","Parent Relationship": "Outer","Parallel Aware": false,"Async Capable": false,"Join Type": "Inner","Startup Cost": 1250.87,"Total Cost": 147378.76,"Plan Rows": 1,"Plan Width": 26,"Actual Startup Time": 5.240,"Actual Total Time": 512.097,"Actual Rows": 3970,"Actual Loops": 1,"Inner Unique": true,"Plans": [{"Node Type": "Nested Loop","Parent Relationship": "Outer","Parallel Aware": false,"Async Capable": false,"Join Type": "Semi","Startup Cost": 1250.44,"Total Cost": 147378.26,"Plan Rows": 1,"Plan Width": 34,"Actual Startup Time": 4.627,"Actual Total Time": 451.513,"Actual Rows": 8097,"Actual Loops": 1,"Inner Unique": false,"Plans": [{"Node Type": "Gather","Parent Relationship": "Outer","Parallel Aware": false,"Async Capable": false,"Startup Cost": 1250.01,"Total Cost": 147377.22,"Plan Rows": 1,"Plan Width": 34,"Actual Startup Time": 4.615,"Actual Total Time": 347.691,"Actual Rows": 13583,"Actual Loops": 1,"Workers Planned": 4,"Workers Launched": 4,"Single Copy": false,"Plans": [{"Node Type": "Nested Loop","Parent Relationship": "Outer","Parallel Aware": false,"Async Capable": false,"Join Type": "Anti","Startup Cost": 250.01,"Total Cost": 146377.12,"Plan Rows": 1,"Plan Width": 34,"Actual Startup Time": 4.828,"Actual Total Time": 446.701,"Actual Rows": 2717,"Actual Loops": 5,"Inner Unique": false,"Workers": [],"Plans": [{"Node Type": "Hash Join","Parent Relationship": "Outer","Parallel Aware": false,"Async Capable": false,"Join Type": "Inner","Startup Cost": 249.58,"Total Cost": 133581.65,"Plan Rows": 19990,"Plan Width": 34,"Actual Startup Time": 4.456,"Actual Total Time": 356.594,"Actual Rows": 30499,"Actual Loops": 5,"Inner Unique": false,"Hash Cond": "(l1.l_suppkey = supplier.s_suppkey)","Workers": [],"Plans": [{"Node Type": "Seq Scan","Parent Relationship": "Outer","Parallel Aware": true,"Async Capable": false,"Relation Name": "lineitem","Alias": "l1","Startup Cost": 0.00,"Total Cost": 131256.80,"Plan Rows": 500101,"Plan Width": 8,"Actual Startup Time": 0.022,"Actual Total Time": 305.978,"Actual Rows": 758659,"Actual Loops": 5,"Filter": "(l_receiptdate > l_commitdate)","Rows Removed by Filter": 441584,"Workers": []},{"Node Type": "Hash","Parent Relationship": "Inner","Parallel Aware": false,"Async Capable": false,"Startup Cost": 244.58,"Total Cost": 244.58,"Plan Rows": 400,"Plan Width": 30,"Actual Startup Time": 4.157,"Actual Total Time": 4.168,"Actual Rows": 401,"Actual Loops": 5,"Hash Buckets": 1024,"Original Hash Buckets": 1024,"Hash Batches": 1,"Original Hash Batches": 1,"Peak Memory Usage": 34,"Workers": [],"Plans": [{"Node Type": "Nested Loop","Parent Relationship": "Outer","Parallel Aware": false,"Async Capable": false,"Join Type": "Inner","Startup Cost": 7.38,"Total Cost": 244.58,"Plan Rows": 400,"Plan Width": 30,"Actual Startup Time": 0.269,"Actual Total Time": 4.009,"Actual Rows": 401,"Actual Loops": 5,"Inner Unique": false,"Workers": [],"Plans": [{"Node Type": "Seq Scan","Parent Relationship": "Outer","Parallel Aware": false,"Async Capable": false,"Relation Name": "nation","Alias": "nation","Startup Cost": 0.00,"Total Cost": 1.31,"Plan Rows": 1,"Plan Width": 4,"Actual Startup Time": 0.053,"Actual Total Time": 0.057,"Actual Rows": 1,"Actual Loops": 5,"Filter": "(n_name = 'RUSSIA'::bpchar)","Rows Removed by Filter": 24,"Workers": []},{"Node Type": "Bitmap Heap Scan","Parent Relationship": "Inner","Parallel Aware": false,"Async Capable": false,"Relation Name": "supplier","Alias": "supplier","Startup Cost": 7.38,"Total Cost": 239.27,"Plan Rows": 400,"Plan Width": 34,"Actual Startup Time": 0.210,"Actual Total Time": 3.875,"Actual Rows": 401,"Actual Loops": 5,"Recheck Cond": "(s_nationkey = nation.n_nationkey)","Rows Removed by Index Recheck": 0,"Exact Heap Blocks": 180,"Lossy Heap Blocks": 0,"Workers": [],"Plans": [{"Node Type": "Bitmap Index Scan","Parent Relationship": "Outer","Parallel Aware": false,"Async Capable": false,"Index Name": "idx_supplier_nation_key","Startup Cost": 0.00,"Total Cost": 7.29,"Plan Rows": 400,"Plan Width": 0,"Actual Startup Time": 0.139,"Actual Total Time": 0.140,"Actual Rows": 401,"Actual Loops": 5,"Index Cond": "(s_nationkey = nation.n_nationkey)","Workers": []}]}]}]}]},{"Node Type": "Index Scan","Parent Relationship": "Inner","Parallel Aware": false,"Async Capable": false,"Scan Direction": "Forward","Index Name": "idx_lineitem_orderkey","Relation Name": "lineitem","Alias": "l3","Startup Cost": 0.43,"Total Cost": 1.06,"Plan Rows": 6,"Plan Width": 8,"Actual Startup Time": 0.003,"Actual Total Time": 0.003,"Actual Rows": 1,"Actual Loops": 152495,"Index Cond": "(l_orderkey = l1.l_orderkey)","Rows Removed by Index Recheck": 0,"Filter": "((l_receiptdate > l_commitdate) AND (l_suppkey <> l1.l_suppkey))","Rows Removed by Filter": 1,"Workers": []}]}]},{"Node Type": "Index Scan","Parent Relationship": "Inner","Parallel Aware": false,"Async Capable": false,"Scan Direction": "Forward","Index Name": "idx_lineitem_orderkey","Relation Name": "lineitem","Alias": "l2","Startup Cost": 0.43,"Total Cost": 1.02,"Plan Rows": 17,"Plan Width": 8,"Actual Startup Time": 0.007,"Actual Total Time": 0.007,"Actual Rows": 1,"Actual Loops": 13583,"Index Cond": "(l_orderkey = l1.l_orderkey)","Rows Removed by Index Recheck": 0,"Filter": "(l_suppkey <> l1.l_suppkey)","Rows Removed by Filter": 1}]},{"Node Type": "Index Scan","Parent Relationship": "Inner","Parallel Aware": false,"Async Capable": false,"Scan Direction": "Forward","Index Name": "orders_pkey","Relation Name": "orders","Alias": "orders","Startup Cost": 0.43,"Total Cost": 0.51,"Plan Rows": 1,"Plan Width": 4,"Actual Startup Time": 0.007,"Actual Total Time": 0.007,"Actual Rows": 0,"Actual Loops": 8097,"Index Cond": "(o_orderkey = l1.l_orderkey)","Rows Removed by Index Recheck": 0,"Filter": "(o_orderstatus = 'F'::bpchar)","Rows Removed by Filter": 1}]}]}]}]},"Planning Time": 9.437,"Triggers": [],"Execution Time": 524.297}]
[{"Plan": {"Node Type": "Sort","Parallel Aware": false,"Async Capable": false,"Startup Cost": 147378.80,"Total Cost": 147378.81,"Plan Rows": 1,"Plan Width": 34,"Actual Startup Time": 503.423,"Actual Total Time": 521.004,"Actual Rows": 406,"Actual Loops": 1,"Sort Key": ["(count(*)) DESC", "supplier.s_name"],"Sort Method": "quicksort","Sort Space Used": 56,"Sort Space Type": "Memory","Plans": [{"Node Type": "Aggregate","Strategy": "Sorted","Partial Mode": "Simple","Parent Relationship": "Outer","Parallel Aware": false,"Async Capable": false,"Startup Cost": 147378.77,"Total Cost": 147378.79,"Plan Rows": 1,"Plan Width": 34,"Actual Startup Time": 502.176,"Actual Total Time": 520.280,"Actual Rows": 406,"Actual Loops": 1,"Group Key": ["supplier.s_name"],"Plans": [{"Node Type": "Sort","Parent Relationship": "Outer","Parallel Aware": false,"Async Capable": false,"Startup Cost": 147378.77,"Total Cost": 147378.78,"Plan Rows": 1,"Plan Width": 26,"Actual Startup Time": 502.147,"Actual Total Time": 519.852,"Actual Rows": 4052,"Actual Loops": 1,"Sort Key": ["supplier.s_name"],"Sort Method": "quicksort","Sort Space Used": 381,"Sort Space Type": "Memory","Plans": [{"Node Type": "Nested Loop","Parent Relationship": "Outer","Parallel Aware": false,"Async Capable": false,"Join Type": "Inner","Startup Cost": 1250.87,"Total Cost": 147378.76,"Plan Rows": 1,"Plan Width": 26,"Actual Startup Time": 4.486,"Actual Total Time": 508.290,"Actual Rows": 4052,"Actual Loops": 1,"Inner Unique": true,"Plans": [{"Node Type": "Nested Loop","Parent Relationship": "Outer","Parallel Aware": false,"Async Capable": false,"Join Type": "Semi","Startup Cost": 1250.44,"Total Cost": 147378.26,"Plan Rows": 1,"Plan Width": 34,"Actual Startup Time": 4.452,"Actual Total Time": 441.127,"Actual Rows": 8332,"Actual Loops": 1,"Inner Unique": false,"Plans": [{"Node Type": "Gather","Parent Relationship": "Outer","Parallel Aware": false,"Async Capable": false,"Startup Cost": 1250.01,"Total Cost": 147377.22,"Plan Rows": 1,"Plan Width": 34,"Actual Startup Time": 4.440,"Actual Total Time": 331.994,"Actual Rows": 13791,"Actual Loops": 1,"Workers Planned": 4,"Workers Launched": 4,"Single Copy": false,"Plans": [{"Node Type": "Nested Loop","Parent Relationship": "Outer","Parallel Aware": false,"Async Capable": false,"Join Type": "Anti","Startup Cost": 250.01,"Total Cost": 146377.12,"Plan Rows": 1,"Plan Width": 34,"Actual Startup Time": 4.624,"Actual Total Time": 442.937,"Actual Rows": 2758,"Actual Loops": 5,"Inner Unique": false,"Workers": [],"Plans": [{"Node Type": "Hash Join","Parent Relationship": "Outer","Parallel Aware": false,"Async Capable": false,"Join Type": "Inner","Startup Cost": 249.58,"Total Cost": 133581.65,"Plan Rows": 19990,"Plan Width": 34,"Actual Startup Time": 4.481,"Actual Total Time": 353.409,"Actual Rows": 30900,"Actual Loops": 5,"Inner Unique": false,"Hash Cond": "(l1.l_suppkey = supplier.s_suppkey)","Workers": [],"Plans": [{"Node Type": "Seq Scan","Parent Relationship": "Outer","Parallel Aware": true,"Async Capable": false,"Relation Name": "lineitem","Alias": "l1","Startup Cost": 0.00,"Total Cost": 131256.80,"Plan Rows": 500101,"Plan Width": 8,"Actual Startup Time": 0.029,"Actual Total Time": 301.270,"Actual Rows": 758659,"Actual Loops": 5,"Filter": "(l_receiptdate > l_commitdate)","Rows Removed by Filter": 441584,"Workers": []},{"Node Type": "Hash","Parent Relationship": "Inner","Parallel Aware": false,"Async Capable": false,"Startup Cost": 244.58,"Total Cost": 244.58,"Plan Rows": 400,"Plan Width": 30,"Actual Startup Time": 4.105,"Actual Total Time": 4.114,"Actual Rows": 406,"Actual Loops": 5,"Hash Buckets": 1024,"Original Hash Buckets": 1024,"Hash Batches": 1,"Original Hash Batches": 1,"Peak Memory Usage": 34,"Workers": [],"Plans": [{"Node Type": "Nested Loop","Parent Relationship": "Outer","Parallel Aware": false,"Async Capable": false,"Join Type": "Inner","Startup Cost": 7.38,"Total Cost": 244.58,"Plan Rows": 400,"Plan Width": 30,"Actual Startup Time": 0.252,"Actual Total Time": 3.975,"Actual Rows": 406,"Actual Loops": 5,"Inner Unique": false,"Workers": [],"Plans": [{"Node Type": "Seq Scan","Parent Relationship": "Outer","Parallel Aware": false,"Async Capable": false,"Relation Name": "nation","Alias": "nation","Startup Cost": 0.00,"Total Cost": 1.31,"Plan Rows": 1,"Plan Width": 4,"Actual Startup Time": 0.055,"Actual Total Time": 0.058,"Actual Rows": 1,"Actual Loops": 5,"Filter": "(n_name = 'MOZAMBIQUE'::bpchar)","Rows Removed by Filter": 24,"Workers": []},{"Node Type": "Bitmap Heap Scan","Parent Relationship": "Inner","Parallel Aware": false,"Async Capable": false,"Relation Name": "supplier","Alias": "supplier","Startup Cost": 7.38,"Total Cost": 239.27,"Plan Rows": 400,"Plan Width": 34,"Actual Startup Time": 0.193,"Actual Total Time": 3.854,"Actual Rows": 406,"Actual Loops": 5,"Recheck Cond": "(s_nationkey = nation.n_nationkey)","Rows Removed by Index Recheck": 0,"Exact Heap Blocks": 186,"Lossy Heap Blocks": 0,"Workers": [],"Plans": [{"Node Type": "Bitmap Index Scan","Parent Relationship": "Outer","Parallel Aware": false,"Async Capable": false,"Index Name": "idx_supplier_nation_key","Startup Cost": 0.00,"Total Cost": 7.29,"Plan Rows": 400,"Plan Width": 0,"Actual Startup Time": 0.125,"Actual Total Time": 0.126,"Actual Rows": 406,"Actual Loops": 5,"Index Cond": "(s_nationkey = nation.n_nationkey)","Workers": []}]}]}]}]},{"Node Type": "Index Scan","Parent Relationship": "Inner","Parallel Aware": false,"Async Capable": false,"Scan Direction": "Forward","Index Name": "idx_lineitem_orderkey","Relation Name": "lineitem","Alias": "l3","Startup Cost": 0.43,"Total Cost": 1.06,"Plan Rows": 6,"Plan Width": 8,"Actual Startup Time": 0.003,"Actual Total Time": 0.003,"Actual Rows": 1,"Actual Loops": 154501,"Index Cond": "(l_orderkey = l1.l_orderkey)","Rows Removed by Index Recheck": 0,"Filter": "((l_receiptdate > l_commitdate) AND (l_suppkey <> l1.l_suppkey))","Rows Removed by Filter": 1,"Workers": []}]}]},{"Node Type": "Index Scan","Parent Relationship": "Inner","Parallel Aware": false,"Async Capable": false,"Scan Direction": "Forward","Index Name": "idx_lineitem_orderkey","Relation Name": "lineitem","Alias": "l2","Startup Cost": 0.43,"Total Cost": 1.02,"Plan Rows": 17,"Plan Width": 8,"Actual Startup Time": 0.007,"Actual Total Time": 0.007,"Actual Rows": 1,"Actual Loops": 13791,"Index Cond": "(l_orderkey = l1.l_orderkey)","Rows Removed by Index Recheck": 0,"Filter": "(l_suppkey <> l1.l_suppkey)","Rows Removed by Filter": 1}]},{"Node Type": "Index Scan","Parent Relationship": "Inner","Parallel Aware": false,"Async Capable": false,"Scan Direction": "Forward","Index Name": "orders_pkey","Relation Name": "orders","Alias": "orders","Startup Cost": 0.43,"Total Cost": 0.51,"Plan Rows": 1,"Plan Width": 4,"Actual Startup Time": 0.008,"Actual Total Time": 0.008,"Actual Rows": 0,"Actual Loops": 8332,"Index Cond": "(o_orderkey = l1.l_orderkey)","Rows Removed by Index Recheck": 0,"Filter": "(o_orderstatus = 'F'::bpchar)","Rows Removed by Filter": 1}]}]}]}]},"Planning Time": 9.793,"Triggers": [],"Execution Time": 521.577}]
[{"Plan": {"Node Type": "Sort","Parallel Aware": false,"Async Capable": false,"Startup Cost": 147378.80,"Total Cost": 147378.81,"Plan Rows": 1,"Plan Width": 34,"Actual Startup Time": 509.264,"Actual Total Time": 527.696,"Actual Rows": 421,"Actual Loops": 1,"Sort Key": ["(count(*)) DESC", "supplier.s_name"],"Sort Method": "quicksort","Sort Space Used": 57,"Sort Space Type": "Memory","Plans": [{"Node Type": "Aggregate","Strategy": "Sorted","Partial Mode": "Simple","Parent Relationship": "Outer","Parallel Aware": false,"Async Capable": false,"Startup Cost": 147378.77,"Total Cost": 147378.79,"Plan Rows": 1,"Plan Width": 34,"Actual Startup Time": 507.941,"Actual Total Time": 526.990,"Actual Rows": 421,"Actual Loops": 1,"Group Key": ["supplier.s_name"],"Plans": [{"Node Type": "Sort","Parent Relationship": "Outer","Parallel Aware": false,"Async Capable": false,"Startup Cost": 147378.77,"Total Cost": 147378.78,"Plan Rows": 1,"Plan Width": 26,"Actual Startup Time": 507.919,"Actual Total Time": 526.540,"Actual Rows": 4227,"Actual Loops": 1,"Sort Key": ["supplier.s_name"],"Sort Method": "quicksort","Sort Space Used": 490,"Sort Space Type": "Memory","Plans": [{"Node Type": "Nested Loop","Parent Relationship": "Outer","Parallel Aware": false,"Async Capable": false,"Join Type": "Inner","Startup Cost": 1250.87,"Total Cost": 147378.76,"Plan Rows": 1,"Plan Width": 26,"Actual Startup Time": 5.396,"Actual Total Time": 515.076,"Actual Rows": 4227,"Actual Loops": 1,"Inner Unique": true,"Plans": [{"Node Type": "Nested Loop","Parent Relationship": "Outer","Parallel Aware": false,"Async Capable": false,"Join Type": "Semi","Startup Cost": 1250.44,"Total Cost": 147378.26,"Plan Rows": 1,"Plan Width": 34,"Actual Startup Time": 5.356,"Actual Total Time": 448.186,"Actual Rows": 8678,"Actual Loops": 1,"Inner Unique": false,"Plans": [{"Node Type": "Gather","Parent Relationship": "Outer","Parallel Aware": false,"Async Capable": false,"Startup Cost": 1250.01,"Total Cost": 147377.22,"Plan Rows": 1,"Plan Width": 34,"Actual Startup Time": 5.315,"Actual Total Time": 333.619,"Actual Rows": 14289,"Actual Loops": 1,"Workers Planned": 4,"Workers Launched": 4,"Single Copy": false,"Plans": [{"Node Type": "Nested Loop","Parent Relationship": "Outer","Parallel Aware": false,"Async Capable": false,"Join Type": "Anti","Startup Cost": 250.01,"Total Cost": 146377.12,"Plan Rows": 1,"Plan Width": 34,"Actual Startup Time": 5.155,"Actual Total Time": 447.803,"Actual Rows": 2858,"Actual Loops": 5,"Inner Unique": false,"Workers": [],"Plans": [{"Node Type": "Hash Join","Parent Relationship": "Outer","Parallel Aware": false,"Async Capable": false,"Join Type": "Inner","Startup Cost": 249.58,"Total Cost": 133581.65,"Plan Rows": 19990,"Plan Width": 34,"Actual Startup Time": 4.679,"Actual Total Time": 355.100,"Actual Rows": 31833,"Actual Loops": 5,"Inner Unique": false,"Hash Cond": "(l1.l_suppkey = supplier.s_suppkey)","Workers": [],"Plans": [{"Node Type": "Seq Scan","Parent Relationship": "Outer","Parallel Aware": true,"Async Capable": false,"Relation Name": "lineitem","Alias": "l1","Startup Cost": 0.00,"Total Cost": 131256.80,"Plan Rows": 500101,"Plan Width": 8,"Actual Startup Time": 0.028,"Actual Total Time": 302.880,"Actual Rows": 758659,"Actual Loops": 5,"Filter": "(l_receiptdate > l_commitdate)","Rows Removed by Filter": 441584,"Workers": []},{"Node Type": "Hash","Parent Relationship": "Inner","Parallel Aware": false,"Async Capable": false,"Startup Cost": 244.58,"Total Cost": 244.58,"Plan Rows": 400,"Plan Width": 30,"Actual Startup Time": 4.328,"Actual Total Time": 4.340,"Actual Rows": 421,"Actual Loops": 5,"Hash Buckets": 1024,"Original Hash Buckets": 1024,"Hash Batches": 1,"Original Hash Batches": 1,"Peak Memory Usage": 35,"Workers": [],"Plans": [{"Node Type": "Nested Loop","Parent Relationship": "Outer","Parallel Aware": false,"Async Capable": false,"Join Type": "Inner","Startup Cost": 7.38,"Total Cost": 244.58,"Plan Rows": 400,"Plan Width": 30,"Actual Startup Time": 0.319,"Actual Total Time": 4.167,"Actual Rows": 421,"Actual Loops": 5,"Inner Unique": false,"Workers": [],"Plans": [{"Node Type": "Seq Scan","Parent Relationship": "Outer","Parallel Aware": false,"Async Capable": false,"Relation Name": "nation","Alias": "nation","Startup Cost": 0.00,"Total Cost": 1.31,"Plan Rows": 1,"Plan Width": 4,"Actual Startup Time": 0.061,"Actual Total Time": 0.065,"Actual Rows": 1,"Actual Loops": 5,"Filter": "(n_name = 'PERU'::bpchar)","Rows Removed by Filter": 24,"Workers": []},{"Node Type": "Bitmap Heap Scan","Parent Relationship": "Inner","Parallel Aware": false,"Async Capable": false,"Relation Name": "supplier","Alias": "supplier","Startup Cost": 7.38,"Total Cost": 239.27,"Plan Rows": 400,"Plan Width": 34,"Actual Startup Time": 0.253,"Actual Total Time": 4.010,"Actual Rows": 421,"Actual Loops": 5,"Recheck Cond": "(s_nationkey = nation.n_nationkey)","Rows Removed by Index Recheck": 0,"Exact Heap Blocks": 187,"Lossy Heap Blocks": 0,"Workers": [],"Plans": [{"Node Type": "Bitmap Index Scan","Parent Relationship": "Outer","Parallel Aware": false,"Async Capable": false,"Index Name": "idx_supplier_nation_key","Startup Cost": 0.00,"Total Cost": 7.29,"Plan Rows": 400,"Plan Width": 0,"Actual Startup Time": 0.167,"Actual Total Time": 0.169,"Actual Rows": 421,"Actual Loops": 5,"Index Cond": "(s_nationkey = nation.n_nationkey)","Workers": []}]}]}]}]},{"Node Type": "Index Scan","Parent Relationship": "Inner","Parallel Aware": false,"Async Capable": false,"Scan Direction": "Forward","Index Name": "idx_lineitem_orderkey","Relation Name": "lineitem","Alias": "l3","Startup Cost": 0.43,"Total Cost": 1.06,"Plan Rows": 6,"Plan Width": 8,"Actual Startup Time": 0.003,"Actual Total Time": 0.003,"Actual Rows": 1,"Actual Loops": 159165,"Index Cond": "(l_orderkey = l1.l_orderkey)","Rows Removed by Index Recheck": 0,"Filter": "((l_receiptdate > l_commitdate) AND (l_suppkey <> l1.l_suppkey))","Rows Removed by Filter": 1,"Workers": []}]}]},{"Node Type": "Index Scan","Parent Relationship": "Inner","Parallel Aware": false,"Async Capable": false,"Scan Direction": "Forward","Index Name": "idx_lineitem_orderkey","Relation Name": "lineitem","Alias": "l2","Startup Cost": 0.43,"Total Cost": 1.02,"Plan Rows": 17,"Plan Width": 8,"Actual Startup Time": 0.008,"Actual Total Time": 0.008,"Actual Rows": 1,"Actual Loops": 14289,"Index Cond": "(l_orderkey = l1.l_orderkey)","Rows Removed by Index Recheck": 0,"Filter": "(l_suppkey <> l1.l_suppkey)","Rows Removed by Filter": 1}]},{"Node Type": "Index Scan","Parent Relationship": "Inner","Parallel Aware": false,"Async Capable": false,"Scan Direction": "Forward","Index Name": "orders_pkey","Relation Name": "orders","Alias": "orders","Startup Cost": 0.43,"Total Cost": 0.51,"Plan Rows": 1,"Plan Width": 4,"Actual Startup Time": 0.007,"Actual Total Time": 0.007,"Actual Rows": 0,"Actual Loops": 8678,"Index Cond": "(o_orderkey = l1.l_orderkey)","Rows Removed by Index Recheck": 0,"Filter": "(o_orderstatus = 'F'::bpchar)","Rows Removed by Filter": 1}]}]}]}]},"Planning Time": 8.374,"Triggers": [],"Execution Time": 528.458}]
[{"Plan": {"Node Type": "Sort","Parallel Aware": false,"Async Capable": false,"Startup Cost": 147378.80,"Total Cost": 147378.81,"Plan Rows": 1,"Plan Width": 34,"Actual Startup Time": 504.070,"Actual Total Time": 522.796,"Actual Rows": 405,"Actual Loops": 1,"Sort Key": ["(count(*)) DESC", "supplier.s_name"],"Sort Method": "quicksort","Sort Space Used": 56,"Sort Space Type": "Memory","Plans": [{"Node Type": "Aggregate","Strategy": "Sorted","Partial Mode": "Simple","Parent Relationship": "Outer","Parallel Aware": false,"Async Capable": false,"Startup Cost": 147378.77,"Total Cost": 147378.79,"Plan Rows": 1,"Plan Width": 34,"Actual Startup Time": 502.850,"Actual Total Time": 522.098,"Actual Rows": 405,"Actual Loops": 1,"Group Key": ["supplier.s_name"],"Plans": [{"Node Type": "Sort","Parent Relationship": "Outer","Parallel Aware": false,"Async Capable": false,"Startup Cost": 147378.77,"Total Cost": 147378.78,"Plan Rows": 1,"Plan Width": 26,"Actual Startup Time": 502.828,"Actual Total Time": 521.678,"Actual Rows": 4028,"Actual Loops": 1,"Sort Key": ["supplier.s_name"],"Sort Method": "quicksort","Sort Space Used": 380,"Sort Space Type": "Memory","Plans": [{"Node Type": "Nested Loop","Parent Relationship": "Outer","Parallel Aware": false,"Async Capable": false,"Join Type": "Inner","Startup Cost": 1250.87,"Total Cost": 147378.76,"Plan Rows": 1,"Plan Width": 26,"Actual Startup Time": 4.998,"Actual Total Time": 510.942,"Actual Rows": 4028,"Actual Loops": 1,"Inner Unique": true,"Plans": [{"Node Type": "Nested Loop","Parent Relationship": "Outer","Parallel Aware": false,"Async Capable": false,"Join Type": "Semi","Startup Cost": 1250.44,"Total Cost": 147378.26,"Plan Rows": 1,"Plan Width": 34,"Actual Startup Time": 4.975,"Actual Total Time": 450.040,"Actual Rows": 8320,"Actual Loops": 1,"Inner Unique": false,"Plans": [{"Node Type": "Gather","Parent Relationship": "Outer","Parallel Aware": false,"Async Capable": false,"Startup Cost": 1250.01,"Total Cost": 147377.22,"Plan Rows": 1,"Plan Width": 34,"Actual Startup Time": 4.836,"Actual Total Time": 345.420,"Actual Rows": 13965,"Actual Loops": 1,"Workers Planned": 4,"Workers Launched": 4,"Single Copy": false,"Plans": [{"Node Type": "Nested Loop","Parent Relationship": "Outer","Parallel Aware": false,"Async Capable": false,"Join Type": "Anti","Startup Cost": 250.01,"Total Cost": 146377.12,"Plan Rows": 1,"Plan Width": 34,"Actual Startup Time": 4.706,"Actual Total Time": 445.819,"Actual Rows": 2793,"Actual Loops": 5,"Inner Unique": false,"Workers": [],"Plans": [{"Node Type": "Hash Join","Parent Relationship": "Outer","Parallel Aware": false,"Async Capable": false,"Join Type": "Inner","Startup Cost": 249.58,"Total Cost": 133581.65,"Plan Rows": 19990,"Plan Width": 34,"Actual Startup Time": 4.328,"Actual Total Time": 354.989,"Actual Rows": 30731,"Actual Loops": 5,"Inner Unique": false,"Hash Cond": "(l1.l_suppkey = supplier.s_suppkey)","Workers": [],"Plans": [{"Node Type": "Seq Scan","Parent Relationship": "Outer","Parallel Aware": true,"Async Capable": false,"Relation Name": "lineitem","Alias": "l1","Startup Cost": 0.00,"Total Cost": 131256.80,"Plan Rows": 500101,"Plan Width": 8,"Actual Startup Time": 0.030,"Actual Total Time": 303.427,"Actual Rows": 758659,"Actual Loops": 5,"Filter": "(l_receiptdate > l_commitdate)","Rows Removed by Filter": 441584,"Workers": []},{"Node Type": "Hash","Parent Relationship": "Inner","Parallel Aware": false,"Async Capable": false,"Startup Cost": 244.58,"Total Cost": 244.58,"Plan Rows": 400,"Plan Width": 30,"Actual Startup Time": 4.016,"Actual Total Time": 4.027,"Actual Rows": 405,"Actual Loops": 5,"Hash Buckets": 1024,"Original Hash Buckets": 1024,"Hash Batches": 1,"Original Hash Batches": 1,"Peak Memory Usage": 34,"Workers": [],"Plans": [{"Node Type": "Nested Loop","Parent Relationship": "Outer","Parallel Aware": false,"Async Capable": false,"Join Type": "Inner","Startup Cost": 7.38,"Total Cost": 244.58,"Plan Rows": 400,"Plan Width": 30,"Actual Startup Time": 0.282,"Actual Total Time": 3.870,"Actual Rows": 405,"Actual Loops": 5,"Inner Unique": false,"Workers": [],"Plans": [{"Node Type": "Seq Scan","Parent Relationship": "Outer","Parallel Aware": false,"Async Capable": false,"Relation Name": "nation","Alias": "nation","Startup Cost": 0.00,"Total Cost": 1.31,"Plan Rows": 1,"Plan Width": 4,"Actual Startup Time": 0.049,"Actual Total Time": 0.055,"Actual Rows": 1,"Actual Loops": 5,"Filter": "(n_name = 'INDONESIA'::bpchar)","Rows Removed by Filter": 24,"Workers": []},{"Node Type": "Bitmap Heap Scan","Parent Relationship": "Inner","Parallel Aware": false,"Async Capable": false,"Relation Name": "supplier","Alias": "supplier","Startup Cost": 7.38,"Total Cost": 239.27,"Plan Rows": 400,"Plan Width": 34,"Actual Startup Time": 0.227,"Actual Total Time": 3.740,"Actual Rows": 405,"Actual Loops": 5,"Recheck Cond": "(s_nationkey = nation.n_nationkey)","Rows Removed by Index Recheck": 0,"Exact Heap Blocks": 192,"Lossy Heap Blocks": 0,"Workers": [],"Plans": [{"Node Type": "Bitmap Index Scan","Parent Relationship": "Outer","Parallel Aware": false,"Async Capable": false,"Index Name": "idx_supplier_nation_key","Startup Cost": 0.00,"Total Cost": 7.29,"Plan Rows": 400,"Plan Width": 0,"Actual Startup Time": 0.146,"Actual Total Time": 0.147,"Actual Rows": 405,"Actual Loops": 5,"Index Cond": "(s_nationkey = nation.n_nationkey)","Workers": []}]}]}]}]},{"Node Type": "Index Scan","Parent Relationship": "Inner","Parallel Aware": false,"Async Capable": false,"Scan Direction": "Forward","Index Name": "idx_lineitem_orderkey","Relation Name": "lineitem","Alias": "l3","Startup Cost": 0.43,"Total Cost": 1.06,"Plan Rows": 6,"Plan Width": 8,"Actual Startup Time": 0.003,"Actual Total Time": 0.003,"Actual Rows": 1,"Actual Loops": 153653,"Index Cond": "(l_orderkey = l1.l_orderkey)","Rows Removed by Index Recheck": 0,"Filter": "((l_receiptdate > l_commitdate) AND (l_suppkey <> l1.l_suppkey))","Rows Removed by Filter": 1,"Workers": []}]}]},{"Node Type": "Index Scan","Parent Relationship": "Inner","Parallel Aware": false,"Async Capable": false,"Scan Direction": "Forward","Index Name": "idx_lineitem_orderkey","Relation Name": "lineitem","Alias": "l2","Startup Cost": 0.43,"Total Cost": 1.02,"Plan Rows": 17,"Plan Width": 8,"Actual Startup Time": 0.007,"Actual Total Time": 0.007,"Actual Rows": 1,"Actual Loops": 13965,"Index Cond": "(l_orderkey = l1.l_orderkey)","Rows Removed by Index Recheck": 0,"Filter": "(l_suppkey <> l1.l_suppkey)","Rows Removed by Filter": 1}]},{"Node Type": "Index Scan","Parent Relationship": "Inner","Parallel Aware": false,"Async Capable": false,"Scan Direction": "Forward","Index Name": "orders_pkey","Relation Name": "orders","Alias": "orders","Startup Cost": 0.43,"Total Cost": 0.51,"Plan Rows": 1,"Plan Width": 4,"Actual Startup Time": 0.007,"Actual Total Time": 0.007,"Actual Rows": 0,"Actual Loops": 8320,"Index Cond": "(o_orderkey = l1.l_orderkey)","Rows Removed by Index Recheck": 0,"Filter": "(o_orderstatus = 'F'::bpchar)","Rows Removed by Filter": 1}]}]}]}]},"Planning Time": 8.753,"Triggers": [],"Execution Time": 523.514}]
[{"Plan": {"Node Type": "Sort","Parallel Aware": false,"Async Capable": false,"Startup Cost": 147378.80,"Total Cost": 147378.81,"Plan Rows": 1,"Plan Width": 34,"Actual Startup Time": 494.346,"Actual Total Time": 515.587,"Actual Rows": 393,"Actual Loops": 1,"Sort Key": ["(count(*)) DESC", "supplier.s_name"],"Sort Method": "quicksort","Sort Space Used": 55,"Sort Space Type": "Memory","Plans": [{"Node Type": "Aggregate","Strategy": "Sorted","Partial Mode": "Simple","Parent Relationship": "Outer","Parallel Aware": false,"Async Capable": false,"Startup Cost": 147378.77,"Total Cost": 147378.79,"Plan Rows": 1,"Plan Width": 34,"Actual Startup Time": 493.176,"Actual Total Time": 514.919,"Actual Rows": 393,"Actual Loops": 1,"Group Key": ["supplier.s_name"],"Plans": [{"Node Type": "Sort","Parent Relationship": "Outer","Parallel Aware": false,"Async Capable": false,"Startup Cost": 147378.77,"Total Cost": 147378.78,"Plan Rows": 1,"Plan Width": 26,"Actual Startup Time": 493.153,"Actual Total Time": 514.517,"Actual Rows": 3918,"Actual Loops": 1,"Sort Key": ["supplier.s_name"],"Sort Method": "quicksort","Sort Space Used": 372,"Sort Space Type": "Memory","Plans": [{"Node Type": "Nested Loop","Parent Relationship": "Outer","Parallel Aware": false,"Async Capable": false,"Join Type": "Inner","Startup Cost": 1250.87,"Total Cost": 147378.76,"Plan Rows": 1,"Plan Width": 26,"Actual Startup Time": 5.562,"Actual Total Time": 503.525,"Actual Rows": 3918,"Actual Loops": 1,"Inner Unique": true,"Plans": [{"Node Type": "Nested Loop","Parent Relationship": "Outer","Parallel Aware": false,"Async Capable": false,"Join Type": "Semi","Startup Cost": 1250.44,"Total Cost": 147378.26,"Plan Rows": 1,"Plan Width": 34,"Actual Startup Time": 5.515,"Actual Total Time": 439.510,"Actual Rows": 8028,"Actual Loops": 1,"Inner Unique": false,"Plans": [{"Node Type": "Gather","Parent Relationship": "Outer","Parallel Aware": false,"Async Capable": false,"Startup Cost": 1250.01,"Total Cost": 147377.22,"Plan Rows": 1,"Plan Width": 34,"Actual Startup Time": 4.155,"Actual Total Time": 333.265,"Actual Rows": 13416,"Actual Loops": 1,"Workers Planned": 4,"Workers Launched": 4,"Single Copy": false,"Plans": [{"Node Type": "Nested Loop","Parent Relationship": "Outer","Parallel Aware": false,"Async Capable": false,"Join Type": "Anti","Startup Cost": 250.01,"Total Cost": 146377.12,"Plan Rows": 1,"Plan Width": 34,"Actual Startup Time": 4.167,"Actual Total Time": 438.104,"Actual Rows": 2683,"Actual Loops": 5,"Inner Unique": false,"Workers": [],"Plans": [{"Node Type": "Hash Join","Parent Relationship": "Outer","Parallel Aware": false,"Async Capable": false,"Join Type": "Inner","Startup Cost": 249.58,"Total Cost": 133581.65,"Plan Rows": 19990,"Plan Width": 34,"Actual Startup Time": 4.021,"Actual Total Time": 350.831,"Actual Rows": 29888,"Actual Loops": 5,"Inner Unique": false,"Hash Cond": "(l1.l_suppkey = supplier.s_suppkey)","Workers": [],"Plans": [{"Node Type": "Seq Scan","Parent Relationship": "Outer","Parallel Aware": true,"Async Capable": false,"Relation Name": "lineitem","Alias": "l1","Startup Cost": 0.00,"Total Cost": 131256.80,"Plan Rows": 500101,"Plan Width": 8,"Actual Startup Time": 0.026,"Actual Total Time": 301.034,"Actual Rows": 758659,"Actual Loops": 5,"Filter": "(l_receiptdate > l_commitdate)","Rows Removed by Filter": 441584,"Workers": []},{"Node Type": "Hash","Parent Relationship": "Inner","Parallel Aware": false,"Async Capable": false,"Startup Cost": 244.58,"Total Cost": 244.58,"Plan Rows": 400,"Plan Width": 30,"Actual Startup Time": 3.677,"Actual Total Time": 3.687,"Actual Rows": 393,"Actual Loops": 5,"Hash Buckets": 1024,"Original Hash Buckets": 1024,"Hash Batches": 1,"Original Hash Batches": 1,"Peak Memory Usage": 33,"Workers": [],"Plans": [{"Node Type": "Nested Loop","Parent Relationship": "Outer","Parallel Aware": false,"Async Capable": false,"Join Type": "Inner","Startup Cost": 7.38,"Total Cost": 244.58,"Plan Rows": 400,"Plan Width": 30,"Actual Startup Time": 0.289,"Actual Total Time": 3.533,"Actual Rows": 393,"Actual Loops": 5,"Inner Unique": false,"Workers": [],"Plans": [{"Node Type": "Seq Scan","Parent Relationship": "Outer","Parallel Aware": false,"Async Capable": false,"Relation Name": "nation","Alias": "nation","Startup Cost": 0.00,"Total Cost": 1.31,"Plan Rows": 1,"Plan Width": 4,"Actual Startup Time": 0.064,"Actual Total Time": 0.066,"Actual Rows": 1,"Actual Loops": 5,"Filter": "(n_name = 'UNITED STATES'::bpchar)","Rows Removed by Filter": 24,"Workers": []},{"Node Type": "Bitmap Heap Scan","Parent Relationship": "Inner","Parallel Aware": false,"Async Capable": false,"Relation Name": "supplier","Alias": "supplier","Startup Cost": 7.38,"Total Cost": 239.27,"Plan Rows": 400,"Plan Width": 34,"Actual Startup Time": 0.219,"Actual Total Time": 3.401,"Actual Rows": 393,"Actual Loops": 5,"Recheck Cond": "(s_nationkey = nation.n_nationkey)","Rows Removed by Index Recheck": 0,"Exact Heap Blocks": 181,"Lossy Heap Blocks": 0,"Workers": [],"Plans": [{"Node Type": "Bitmap Index Scan","Parent Relationship": "Outer","Parallel Aware": false,"Async Capable": false,"Index Name": "idx_supplier_nation_key","Startup Cost": 0.00,"Total Cost": 7.29,"Plan Rows": 400,"Plan Width": 0,"Actual Startup Time": 0.141,"Actual Total Time": 0.143,"Actual Rows": 393,"Actual Loops": 5,"Index Cond": "(s_nationkey = nation.n_nationkey)","Workers": []}]}]}]}]},{"Node Type": "Index Scan","Parent Relationship": "Inner","Parallel Aware": false,"Async Capable": false,"Scan Direction": "Forward","Index Name": "idx_lineitem_orderkey","Relation Name": "lineitem","Alias": "l3","Startup Cost": 0.43,"Total Cost": 1.06,"Plan Rows": 6,"Plan Width": 8,"Actual Startup Time": 0.003,"Actual Total Time": 0.003,"Actual Rows": 1,"Actual Loops": 149442,"Index Cond": "(l_orderkey = l1.l_orderkey)","Rows Removed by Index Recheck": 0,"Filter": "((l_receiptdate > l_commitdate) AND (l_suppkey <> l1.l_suppkey))","Rows Removed by Filter": 1,"Workers": []}]}]},{"Node Type": "Index Scan","Parent Relationship": "Inner","Parallel Aware": false,"Async Capable": false,"Scan Direction": "Forward","Index Name": "idx_lineitem_orderkey","Relation Name": "lineitem","Alias": "l2","Startup Cost": 0.43,"Total Cost": 1.02,"Plan Rows": 17,"Plan Width": 8,"Actual Startup Time": 0.007,"Actual Total Time": 0.007,"Actual Rows": 1,"Actual Loops": 13416,"Index Cond": "(l_orderkey = l1.l_orderkey)","Rows Removed by Index Recheck": 0,"Filter": "(l_suppkey <> l1.l_suppkey)","Rows Removed by Filter": 1}]},{"Node Type": "Index Scan","Parent Relationship": "Inner","Parallel Aware": false,"Async Capable": false,"Scan Direction": "Forward","Index Name": "orders_pkey","Relation Name": "orders","Alias": "orders","Startup Cost": 0.43,"Total Cost": 0.51,"Plan Rows": 1,"Plan Width": 4,"Actual Startup Time": 0.008,"Actual Total Time": 0.008,"Actual Rows": 0,"Actual Loops": 8028,"Index Cond": "(o_orderkey = l1.l_orderkey)","Rows Removed by Index Recheck": 0,"Filter": "(o_orderstatus = 'F'::bpchar)","Rows Removed by Filter": 1}]}]}]}]},"Planning Time": 9.767,"Triggers": [],"Execution Time": 516.024}]
[{"Plan": {"Node Type": "Sort","Parallel Aware": false,"Async Capable": false,"Startup Cost": 147378.80,"Total Cost": 147378.81,"Plan Rows": 1,"Plan Width": 34,"Actual Startup Time": 504.512,"Actual Total Time": 521.552,"Actual Rows": 413,"Actual Loops": 1,"Sort Key": ["(count(*)) DESC", "supplier.s_name"],"Sort Method": "quicksort","Sort Space Used": 57,"Sort Space Type": "Memory","Plans": [{"Node Type": "Aggregate","Strategy": "Sorted","Partial Mode": "Simple","Parent Relationship": "Outer","Parallel Aware": false,"Async Capable": false,"Startup Cost": 147378.77,"Total Cost": 147378.79,"Plan Rows": 1,"Plan Width": 34,"Actual Startup Time": 503.286,"Actual Total Time": 520.862,"Actual Rows": 413,"Actual Loops": 1,"Group Key": ["supplier.s_name"],"Plans": [{"Node Type": "Sort","Parent Relationship": "Outer","Parallel Aware": false,"Async Capable": false,"Startup Cost": 147378.77,"Total Cost": 147378.78,"Plan Rows": 1,"Plan Width": 26,"Actual Startup Time": 503.265,"Actual Total Time": 520.434,"Actual Rows": 4164,"Actual Loops": 1,"Sort Key": ["supplier.s_name"],"Sort Method": "quicksort","Sort Space Used": 485,"Sort Space Type": "Memory","Plans": [{"Node Type": "Nested Loop","Parent Relationship": "Outer","Parallel Aware": false,"Async Capable": false,"Join Type": "Inner","Startup Cost": 1250.87,"Total Cost": 147378.76,"Plan Rows": 1,"Plan Width": 26,"Actual Startup Time": 4.247,"Actual Total Time": 508.248,"Actual Rows": 4164,"Actual Loops": 1,"Inner Unique": true,"Plans": [{"Node Type": "Nested Loop","Parent Relationship": "Outer","Parallel Aware": false,"Async Capable": false,"Join Type": "Semi","Startup Cost": 1250.44,"Total Cost": 147378.26,"Plan Rows": 1,"Plan Width": 34,"Actual Startup Time": 4.214,"Actual Total Time": 442.064,"Actual Rows": 8468,"Actual Loops": 1,"Inner Unique": false,"Plans": [{"Node Type": "Gather","Parent Relationship": "Outer","Parallel Aware": false,"Async Capable": false,"Startup Cost": 1250.01,"Total Cost": 147377.22,"Plan Rows": 1,"Plan Width": 34,"Actual Startup Time": 4.200,"Actual Total Time": 330.934,"Actual Rows": 14141,"Actual Loops": 1,"Workers Planned": 4,"Workers Launched": 4,"Single Copy": false,"Plans": [{"Node Type": "Nested Loop","Parent Relationship": "Outer","Parallel Aware": false,"Async Capable": false,"Join Type": "Anti","Startup Cost": 250.01,"Total Cost": 146377.12,"Plan Rows": 1,"Plan Width": 34,"Actual Startup Time": 5.165,"Actual Total Time": 443.283,"Actual Rows": 2828,"Actual Loops": 5,"Inner Unique": false,"Workers": [],"Plans": [{"Node Type": "Hash Join","Parent Relationship": "Outer","Parallel Aware": false,"Async Capable": false,"Join Type": "Inner","Startup Cost": 249.58,"Total Cost": 133581.65,"Plan Rows": 19990,"Plan Width": 34,"Actual Startup Time": 5.033,"Actual Total Time": 352.494,"Actual Rows": 31380,"Actual Loops": 5,"Inner Unique": false,"Hash Cond": "(l1.l_suppkey = supplier.s_suppkey)","Workers": [],"Plans": [{"Node Type": "Seq Scan","Parent Relationship": "Outer","Parallel Aware": true,"Async Capable": false,"Relation Name": "lineitem","Alias": "l1","Startup Cost": 0.00,"Total Cost": 131256.80,"Plan Rows": 500101,"Plan Width": 8,"Actual Startup Time": 0.028,"Actual Total Time": 299.882,"Actual Rows": 758659,"Actual Loops": 5,"Filter": "(l_receiptdate > l_commitdate)","Rows Removed by Filter": 441584,"Workers": []},{"Node Type": "Hash","Parent Relationship": "Inner","Parallel Aware": false,"Async Capable": false,"Startup Cost": 244.58,"Total Cost": 244.58,"Plan Rows": 400,"Plan Width": 30,"Actual Startup Time": 4.656,"Actual Total Time": 4.665,"Actual Rows": 413,"Actual Loops": 5,"Hash Buckets": 1024,"Original Hash Buckets": 1024,"Hash Batches": 1,"Original Hash Batches": 1,"Peak Memory Usage": 34,"Workers": [],"Plans": [{"Node Type": "Nested Loop","Parent Relationship": "Outer","Parallel Aware": false,"Async Capable": false,"Join Type": "Inner","Startup Cost": 7.38,"Total Cost": 244.58,"Plan Rows": 400,"Plan Width": 30,"Actual Startup Time": 0.318,"Actual Total Time": 4.505,"Actual Rows": 413,"Actual Loops": 5,"Inner Unique": false,"Workers": [],"Plans": [{"Node Type": "Seq Scan","Parent Relationship": "Outer","Parallel Aware": false,"Async Capable": false,"Relation Name": "nation","Alias": "nation","Startup Cost": 0.00,"Total Cost": 1.31,"Plan Rows": 1,"Plan Width": 4,"Actual Startup Time": 0.066,"Actual Total Time": 0.071,"Actual Rows": 1,"Actual Loops": 5,"Filter": "(n_name = 'ARGENTINA'::bpchar)","Rows Removed by Filter": 24,"Workers": []},{"Node Type": "Bitmap Heap Scan","Parent Relationship": "Inner","Parallel Aware": false,"Async Capable": false,"Relation Name": "supplier","Alias": "supplier","Startup Cost": 7.38,"Total Cost": 239.27,"Plan Rows": 400,"Plan Width": 34,"Actual Startup Time": 0.247,"Actual Total Time": 4.358,"Actual Rows": 413,"Actual Loops": 5,"Recheck Cond": "(s_nationkey = nation.n_nationkey)","Rows Removed by Index Recheck": 0,"Exact Heap Blocks": 190,"Lossy Heap Blocks": 0,"Workers": [],"Plans": [{"Node Type": "Bitmap Index Scan","Parent Relationship": "Outer","Parallel Aware": false,"Async Capable": false,"Index Name": "idx_supplier_nation_key","Startup Cost": 0.00,"Total Cost": 7.29,"Plan Rows": 400,"Plan Width": 0,"Actual Startup Time": 0.157,"Actual Total Time": 0.158,"Actual Rows": 413,"Actual Loops": 5,"Index Cond": "(s_nationkey = nation.n_nationkey)","Workers": []}]}]}]}]},{"Node Type": "Index Scan","Parent Relationship": "Inner","Parallel Aware": false,"Async Capable": false,"Scan Direction": "Forward","Index Name": "idx_lineitem_orderkey","Relation Name": "lineitem","Alias": "l3","Startup Cost": 0.43,"Total Cost": 1.06,"Plan Rows": 6,"Plan Width": 8,"Actual Startup Time": 0.003,"Actual Total Time": 0.003,"Actual Rows": 1,"Actual Loops": 156898,"Index Cond": "(l_orderkey = l1.l_orderkey)","Rows Removed by Index Recheck": 0,"Filter": "((l_receiptdate > l_commitdate) AND (l_suppkey <> l1.l_suppkey))","Rows Removed by Filter": 1,"Workers": []}]}]},{"Node Type": "Index Scan","Parent Relationship": "Inner","Parallel Aware": false,"Async Capable": false,"Scan Direction": "Forward","Index Name": "idx_lineitem_orderkey","Relation Name": "lineitem","Alias": "l2","Startup Cost": 0.43,"Total Cost": 1.02,"Plan Rows": 17,"Plan Width": 8,"Actual Startup Time": 0.007,"Actual Total Time": 0.007,"Actual Rows": 1,"Actual Loops": 14141,"Index Cond": "(l_orderkey = l1.l_orderkey)","Rows Removed by Index Recheck": 0,"Filter": "(l_suppkey <> l1.l_suppkey)","Rows Removed by Filter": 1}]},{"Node Type": "Index Scan","Parent Relationship": "Inner","Parallel Aware": false,"Async Capable": false,"Scan Direction": "Forward","Index Name": "orders_pkey","Relation Name": "orders","Alias": "orders","Startup Cost": 0.43,"Total Cost": 0.51,"Plan Rows": 1,"Plan Width": 4,"Actual Startup Time": 0.008,"Actual Total Time": 0.008,"Actual Rows": 0,"Actual Loops": 8468,"Index Cond": "(o_orderkey = l1.l_orderkey)","Rows Removed by Index Recheck": 0,"Filter": "(o_orderstatus = 'F'::bpchar)","Rows Removed by Filter": 1}]}]}]}]},"Planning Time": 8.601,"Triggers": [],"Execution Time": 522.197}]
[{"Plan": {"Node Type": "Sort","Parallel Aware": false,"Async Capable": false,"Startup Cost": 147378.80,"Total Cost": 147378.81,"Plan Rows": 1,"Plan Width": 34,"Actual Startup Time": 493.231,"Actual Total Time": 511.674,"Actual Rows": 376,"Actual Loops": 1,"Sort Key": ["(count(*)) DESC", "supplier.s_name"],"Sort Method": "quicksort","Sort Space Used": 54,"Sort Space Type": "Memory","Plans": [{"Node Type": "Aggregate","Strategy": "Sorted","Partial Mode": "Simple","Parent Relationship": "Outer","Parallel Aware": false,"Async Capable": false,"Startup Cost": 147378.77,"Total Cost": 147378.79,"Plan Rows": 1,"Plan Width": 34,"Actual Startup Time": 492.079,"Actual Total Time": 510.997,"Actual Rows": 376,"Actual Loops": 1,"Group Key": ["supplier.s_name"],"Plans": [{"Node Type": "Sort","Parent Relationship": "Outer","Parallel Aware": false,"Async Capable": false,"Startup Cost": 147378.77,"Total Cost": 147378.78,"Plan Rows": 1,"Plan Width": 26,"Actual Startup Time": 492.053,"Actual Total Time": 510.609,"Actual Rows": 3697,"Actual Loops": 1,"Sort Key": ["supplier.s_name"],"Sort Method": "quicksort","Sort Space Used": 356,"Sort Space Type": "Memory","Plans": [{"Node Type": "Nested Loop","Parent Relationship": "Outer","Parallel Aware": false,"Async Capable": false,"Join Type": "Inner","Startup Cost": 1250.87,"Total Cost": 147378.76,"Plan Rows": 1,"Plan Width": 26,"Actual Startup Time": 5.656,"Actual Total Time": 499.948,"Actual Rows": 3697,"Actual Loops": 1,"Inner Unique": true,"Plans": [{"Node Type": "Nested Loop","Parent Relationship": "Outer","Parallel Aware": false,"Async Capable": false,"Join Type": "Semi","Startup Cost": 1250.44,"Total Cost": 147378.26,"Plan Rows": 1,"Plan Width": 34,"Actual Startup Time": 5.611,"Actual Total Time": 438.655,"Actual Rows": 7589,"Actual Loops": 1,"Inner Unique": false,"Plans": [{"Node Type": "Gather","Parent Relationship": "Outer","Parallel Aware": false,"Async Capable": false,"Startup Cost": 1250.01,"Total Cost": 147377.22,"Plan Rows": 1,"Plan Width": 34,"Actual Startup Time": 4.591,"Actual Total Time": 336.749,"Actual Rows": 12677,"Actual Loops": 1,"Workers Planned": 4,"Workers Launched": 4,"Single Copy": false,"Plans": [{"Node Type": "Nested Loop","Parent Relationship": "Outer","Parallel Aware": false,"Async Capable": false,"Join Type": "Anti","Startup Cost": 250.01,"Total Cost": 146377.12,"Plan Rows": 1,"Plan Width": 34,"Actual Startup Time": 5.313,"Actual Total Time": 436.446,"Actual Rows": 2535,"Actual Loops": 5,"Inner Unique": false,"Workers": [],"Plans": [{"Node Type": "Hash Join","Parent Relationship": "Outer","Parallel Aware": false,"Async Capable": false,"Join Type": "Inner","Startup Cost": 249.58,"Total Cost": 133581.65,"Plan Rows": 19990,"Plan Width": 34,"Actual Startup Time": 5.158,"Actual Total Time": 352.526,"Actual Rows": 28439,"Actual Loops": 5,"Inner Unique": false,"Hash Cond": "(l1.l_suppkey = supplier.s_suppkey)","Workers": [],"Plans": [{"Node Type": "Seq Scan","Parent Relationship": "Outer","Parallel Aware": true,"Async Capable": false,"Relation Name": "lineitem","Alias": "l1","Startup Cost": 0.00,"Total Cost": 131256.80,"Plan Rows": 500101,"Plan Width": 8,"Actual Startup Time": 0.028,"Actual Total Time": 300.563,"Actual Rows": 758659,"Actual Loops": 5,"Filter": "(l_receiptdate > l_commitdate)","Rows Removed by Filter": 441584,"Workers": []},{"Node Type": "Hash","Parent Relationship": "Inner","Parallel Aware": false,"Async Capable": false,"Startup Cost": 244.58,"Total Cost": 244.58,"Plan Rows": 400,"Plan Width": 30,"Actual Startup Time": 4.780,"Actual Total Time": 4.790,"Actual Rows": 376,"Actual Loops": 5,"Hash Buckets": 1024,"Original Hash Buckets": 1024,"Hash Batches": 1,"Original Hash Batches": 1,"Peak Memory Usage": 32,"Workers": [],"Plans": [{"Node Type": "Nested Loop","Parent Relationship": "Outer","Parallel Aware": false,"Async Capable": false,"Join Type": "Inner","Startup Cost": 7.38,"Total Cost": 244.58,"Plan Rows": 400,"Plan Width": 30,"Actual Startup Time": 0.359,"Actual Total Time": 4.625,"Actual Rows": 376,"Actual Loops": 5,"Inner Unique": false,"Workers": [],"Plans": [{"Node Type": "Seq Scan","Parent Relationship": "Outer","Parallel Aware": false,"Async Capable": false,"Relation Name": "nation","Alias": "nation","Startup Cost": 0.00,"Total Cost": 1.31,"Plan Rows": 1,"Plan Width": 4,"Actual Startup Time": 0.066,"Actual Total Time": 0.070,"Actual Rows": 1,"Actual Loops": 5,"Filter": "(n_name = 'KENYA'::bpchar)","Rows Removed by Filter": 24,"Workers": []},{"Node Type": "Bitmap Heap Scan","Parent Relationship": "Inner","Parallel Aware": false,"Async Capable": false,"Relation Name": "supplier","Alias": "supplier","Startup Cost": 7.38,"Total Cost": 239.27,"Plan Rows": 400,"Plan Width": 34,"Actual Startup Time": 0.287,"Actual Total Time": 4.480,"Actual Rows": 376,"Actual Loops": 5,"Recheck Cond": "(s_nationkey = nation.n_nationkey)","Rows Removed by Index Recheck": 0,"Exact Heap Blocks": 179,"Lossy Heap Blocks": 0,"Workers": [],"Plans": [{"Node Type": "Bitmap Index Scan","Parent Relationship": "Outer","Parallel Aware": false,"Async Capable": false,"Index Name": "idx_supplier_nation_key","Startup Cost": 0.00,"Total Cost": 7.29,"Plan Rows": 400,"Plan Width": 0,"Actual Startup Time": 0.181,"Actual Total Time": 0.182,"Actual Rows": 376,"Actual Loops": 5,"Index Cond": "(s_nationkey = nation.n_nationkey)","Workers": []}]}]}]}]},{"Node Type": "Index Scan","Parent Relationship": "Inner","Parallel Aware": false,"Async Capable": false,"Scan Direction": "Forward","Index Name": "idx_lineitem_orderkey","Relation Name": "lineitem","Alias": "l3","Startup Cost": 0.43,"Total Cost": 1.06,"Plan Rows": 6,"Plan Width": 8,"Actual Startup Time": 0.003,"Actual Total Time": 0.003,"Actual Rows": 1,"Actual Loops": 142196,"Index Cond": "(l_orderkey = l1.l_orderkey)","Rows Removed by Index Recheck": 0,"Filter": "((l_receiptdate > l_commitdate) AND (l_suppkey <> l1.l_suppkey))","Rows Removed by Filter": 1,"Workers": []}]}]},{"Node Type": "Index Scan","Parent Relationship": "Inner","Parallel Aware": false,"Async Capable": false,"Scan Direction": "Forward","Index Name": "idx_lineitem_orderkey","Relation Name": "lineitem","Alias": "l2","Startup Cost": 0.43,"Total Cost": 1.02,"Plan Rows": 17,"Plan Width": 8,"Actual Startup Time": 0.008,"Actual Total Time": 0.008,"Actual Rows": 1,"Actual Loops": 12677,"Index Cond": "(l_orderkey = l1.l_orderkey)","Rows Removed by Index Recheck": 0,"Filter": "(l_suppkey <> l1.l_suppkey)","Rows Removed by Filter": 1}]},{"Node Type": "Index Scan","Parent Relationship": "Inner","Parallel Aware": false,"Async Capable": false,"Scan Direction": "Forward","Index Name": "orders_pkey","Relation Name": "orders","Alias": "orders","Startup Cost": 0.43,"Total Cost": 0.51,"Plan Rows": 1,"Plan Width": 4,"Actual Startup Time": 0.008,"Actual Total Time": 0.008,"Actual Rows": 0,"Actual Loops": 7589,"Index Cond": "(o_orderkey = l1.l_orderkey)","Rows Removed by Index Recheck": 0,"Filter": "(o_orderstatus = 'F'::bpchar)","Rows Removed by Filter": 1}]}]}]}]},"Planning Time": 8.298,"Triggers": [],"Execution Time": 512.274}]
[{"Plan": {"Node Type": "Sort","Parallel Aware": false,"Async Capable": false,"Startup Cost": 147378.80,"Total Cost": 147378.81,"Plan Rows": 1,"Plan Width": 34,"Actual Startup Time": 501.304,"Actual Total Time": 522.071,"Actual Rows": 393,"Actual Loops": 1,"Sort Key": ["(count(*)) DESC", "supplier.s_name"],"Sort Method": "quicksort","Sort Space Used": 55,"Sort Space Type": "Memory","Plans": [{"Node Type": "Aggregate","Strategy": "Sorted","Partial Mode": "Simple","Parent Relationship": "Outer","Parallel Aware": false,"Async Capable": false,"Startup Cost": 147378.77,"Total Cost": 147378.79,"Plan Rows": 1,"Plan Width": 34,"Actual Startup Time": 500.141,"Actual Total Time": 521.406,"Actual Rows": 393,"Actual Loops": 1,"Group Key": ["supplier.s_name"],"Plans": [{"Node Type": "Sort","Parent Relationship": "Outer","Parallel Aware": false,"Async Capable": false,"Startup Cost": 147378.77,"Total Cost": 147378.78,"Plan Rows": 1,"Plan Width": 26,"Actual Startup Time": 500.117,"Actual Total Time": 521.005,"Actual Rows": 3888,"Actual Loops": 1,"Sort Key": ["supplier.s_name"],"Sort Method": "quicksort","Sort Space Used": 370,"Sort Space Type": "Memory","Plans": [{"Node Type": "Nested Loop","Parent Relationship": "Outer","Parallel Aware": false,"Async Capable": false,"Join Type": "Inner","Startup Cost": 1250.87,"Total Cost": 147378.76,"Plan Rows": 1,"Plan Width": 26,"Actual Startup Time": 4.419,"Actual Total Time": 510.533,"Actual Rows": 3888,"Actual Loops": 1,"Inner Unique": true,"Plans": [{"Node Type": "Nested Loop","Parent Relationship": "Outer","Parallel Aware": false,"Async Capable": false,"Join Type": "Semi","Startup Cost": 1250.44,"Total Cost": 147378.26,"Plan Rows": 1,"Plan Width": 34,"Actual Startup Time": 4.399,"Actual Total Time": 450.183,"Actual Rows": 7870,"Actual Loops": 1,"Inner Unique": false,"Plans": [{"Node Type": "Gather","Parent Relationship": "Outer","Parallel Aware": false,"Async Capable": false,"Startup Cost": 1250.01,"Total Cost": 147377.22,"Plan Rows": 1,"Plan Width": 34,"Actual Startup Time": 4.381,"Actual Total Time": 345.433,"Actual Rows": 13167,"Actual Loops": 1,"Workers Planned": 4,"Workers Launched": 4,"Single Copy": false,"Plans": [{"Node Type": "Nested Loop","Parent Relationship": "Outer","Parallel Aware": false,"Async Capable": false,"Join Type": "Anti","Startup Cost": 250.01,"Total Cost": 146377.12,"Plan Rows": 1,"Plan Width": 34,"Actual Startup Time": 4.384,"Actual Total Time": 444.967,"Actual Rows": 2633,"Actual Loops": 5,"Inner Unique": false,"Workers": [],"Plans": [{"Node Type": "Hash Join","Parent Relationship": "Outer","Parallel Aware": false,"Async Capable": false,"Join Type": "Inner","Startup Cost": 249.58,"Total Cost": 133581.65,"Plan Rows": 19990,"Plan Width": 34,"Actual Startup Time": 4.142,"Actual Total Time": 356.305,"Actual Rows": 29760,"Actual Loops": 5,"Inner Unique": false,"Hash Cond": "(l1.l_suppkey = supplier.s_suppkey)","Workers": [],"Plans": [{"Node Type": "Seq Scan","Parent Relationship": "Outer","Parallel Aware": true,"Async Capable": false,"Relation Name": "lineitem","Alias": "l1","Startup Cost": 0.00,"Total Cost": 131256.80,"Plan Rows": 500101,"Plan Width": 8,"Actual Startup Time": 0.027,"Actual Total Time": 306.242,"Actual Rows": 758659,"Actual Loops": 5,"Filter": "(l_receiptdate > l_commitdate)","Rows Removed by Filter": 441584,"Workers": []},{"Node Type": "Hash","Parent Relationship": "Inner","Parallel Aware": false,"Async Capable": false,"Startup Cost": 244.58,"Total Cost": 244.58,"Plan Rows": 400,"Plan Width": 30,"Actual Startup Time": 3.834,"Actual Total Time": 3.847,"Actual Rows": 393,"Actual Loops": 5,"Hash Buckets": 1024,"Original Hash Buckets": 1024,"Hash Batches": 1,"Original Hash Batches": 1,"Peak Memory Usage": 33,"Workers": [],"Plans": [{"Node Type": "Nested Loop","Parent Relationship": "Outer","Parallel Aware": false,"Async Capable": false,"Join Type": "Inner","Startup Cost": 7.38,"Total Cost": 244.58,"Plan Rows": 400,"Plan Width": 30,"Actual Startup Time": 0.244,"Actual Total Time": 3.695,"Actual Rows": 393,"Actual Loops": 5,"Inner Unique": false,"Workers": [],"Plans": [{"Node Type": "Seq Scan","Parent Relationship": "Outer","Parallel Aware": false,"Async Capable": false,"Relation Name": "nation","Alias": "nation","Startup Cost": 0.00,"Total Cost": 1.31,"Plan Rows": 1,"Plan Width": 4,"Actual Startup Time": 0.049,"Actual Total Time": 0.055,"Actual Rows": 1,"Actual Loops": 5,"Filter": "(n_name = 'IRAN'::bpchar)","Rows Removed by Filter": 24,"Workers": []},{"Node Type": "Bitmap Heap Scan","Parent Relationship": "Inner","Parallel Aware": false,"Async Capable": false,"Relation Name": "supplier","Alias": "supplier","Startup Cost": 7.38,"Total Cost": 239.27,"Plan Rows": 400,"Plan Width": 34,"Actual Startup Time": 0.188,"Actual Total Time": 3.562,"Actual Rows": 393,"Actual Loops": 5,"Recheck Cond": "(s_nationkey = nation.n_nationkey)","Rows Removed by Index Recheck": 0,"Exact Heap Blocks": 179,"Lossy Heap Blocks": 0,"Workers": [],"Plans": [{"Node Type": "Bitmap Index Scan","Parent Relationship": "Outer","Parallel Aware": false,"Async Capable": false,"Index Name": "idx_supplier_nation_key","Startup Cost": 0.00,"Total Cost": 7.29,"Plan Rows": 400,"Plan Width": 0,"Actual Startup Time": 0.116,"Actual Total Time": 0.118,"Actual Rows": 393,"Actual Loops": 5,"Index Cond": "(s_nationkey = nation.n_nationkey)","Workers": []}]}]}]}]},{"Node Type": "Index Scan","Parent Relationship": "Inner","Parallel Aware": false,"Async Capable": false,"Scan Direction": "Forward","Index Name": "idx_lineitem_orderkey","Relation Name": "lineitem","Alias": "l3","Startup Cost": 0.43,"Total Cost": 1.06,"Plan Rows": 6,"Plan Width": 8,"Actual Startup Time": 0.003,"Actual Total Time": 0.003,"Actual Rows": 1,"Actual Loops": 148802,"Index Cond": "(l_orderkey = l1.l_orderkey)","Rows Removed by Index Recheck": 0,"Filter": "((l_receiptdate > l_commitdate) AND (l_suppkey <> l1.l_suppkey))","Rows Removed by Filter": 1,"Workers": []}]}]},{"Node Type": "Index Scan","Parent Relationship": "Inner","Parallel Aware": false,"Async Capable": false,"Scan Direction": "Forward","Index Name": "idx_lineitem_orderkey","Relation Name": "lineitem","Alias": "l2","Startup Cost": 0.43,"Total Cost": 1.02,"Plan Rows": 17,"Plan Width": 8,"Actual Startup Time": 0.008,"Actual Total Time": 0.008,"Actual Rows": 1,"Actual Loops": 13167,"Index Cond": "(l_orderkey = l1.l_orderkey)","Rows Removed by Index Recheck": 0,"Filter": "(l_suppkey <> l1.l_suppkey)","Rows Removed by Filter": 1}]},{"Node Type": "Index Scan","Parent Relationship": "Inner","Parallel Aware": false,"Async Capable": false,"Scan Direction": "Forward","Index Name": "orders_pkey","Relation Name": "orders","Alias": "orders","Startup Cost": 0.43,"Total Cost": 0.51,"Plan Rows": 1,"Plan Width": 4,"Actual Startup Time": 0.007,"Actual Total Time": 0.007,"Actual Rows": 0,"Actual Loops": 7870,"Index Cond": "(o_orderkey = l1.l_orderkey)","Rows Removed by Index Recheck": 0,"Filter": "(o_orderstatus = 'F'::bpchar)","Rows Removed by Filter": 1}]}]}]}]},"Planning Time": 9.769,"Triggers": [],"Execution Time": 522.666}]
[{"Plan": {"Node Type": "Sort","Parallel Aware": false,"Async Capable": false,"Startup Cost": 147378.80,"Total Cost": 147378.81,"Plan Rows": 1,"Plan Width": 34,"Actual Startup Time": 494.346,"Actual Total Time": 515.587,"Actual Rows": 393,"Actual Loops": 1,"Sort Key": ["(count(*)) DESC", "supplier.s_name"],"Sort Method": "quicksort","Sort Space Used": 55,"Sort Space Type": "Memory","Plans": [{"Node Type": "Aggregate","Strategy": "Sorted","Partial Mode": "Simple","Parent Relationship": "Outer","Parallel Aware": false,"Async Capable": false,"Startup Cost": 147378.77,"Total Cost": 147378.79,"Plan Rows": 1,"Plan Width": 34,"Actual Startup Time": 493.176,"Actual Total Time": 514.919,"Actual Rows": 393,"Actual Loops": 1,"Group Key": ["supplier.s_name"],"Plans": [{"Node Type": "Sort","Parent Relationship": "Outer","Parallel Aware": false,"Async Capable": false,"Startup Cost": 147378.77,"Total Cost": 147378.78,"Plan Rows": 1,"Plan Width": 26,"Actual Startup Time": 493.153,"Actual Total Time": 514.517,"Actual Rows": 3918,"Actual Loops": 1,"Sort Key": ["supplier.s_name"],"Sort Method": "quicksort","Sort Space Used": 372,"Sort Space Type": "Memory","Plans": [{"Node Type": "Nested Loop","Parent Relationship": "Outer","Parallel Aware": false,"Async Capable": false,"Join Type": "Inner","Startup Cost": 1250.87,"Total Cost": 147378.76,"Plan Rows": 1,"Plan Width": 26,"Actual Startup Time": 5.562,"Actual Total Time": 503.525,"Actual Rows": 3918,"Actual Loops": 1,"Inner Unique": true,"Plans": [{"Node Type": "Nested Loop","Parent Relationship": "Outer","Parallel Aware": false,"Async Capable": false,"Join Type": "Semi","Startup Cost": 1250.44,"Total Cost": 147378.26,"Plan Rows": 1,"Plan Width": 34,"Actual Startup Time": 5.515,"Actual Total Time": 439.510,"Actual Rows": 8028,"Actual Loops": 1,"Inner Unique": false,"Plans": [{"Node Type": "Gather","Parent Relationship": "Outer","Parallel Aware": false,"Async Capable": false,"Startup Cost": 1250.01,"Total Cost": 147377.22,"Plan Rows": 1,"Plan Width": 34,"Actual Startup Time": 4.155,"Actual Total Time": 333.265,"Actual Rows": 13416,"Actual Loops": 1,"Workers Planned": 4,"Workers Launched": 4,"Single Copy": false,"Plans": [{"Node Type": "Nested Loop","Parent Relationship": "Outer","Parallel Aware": false,"Async Capable": false,"Join Type": "Anti","Startup Cost": 250.01,"Total Cost": 146377.12,"Plan Rows": 1,"Plan Width": 34,"Actual Startup Time": 4.167,"Actual Total Time": 438.104,"Actual Rows": 2683,"Actual Loops": 5,"Inner Unique": false,"Workers": [],"Plans": [{"Node Type": "Hash Join","Parent Relationship": "Outer","Parallel Aware": false,"Async Capable": false,"Join Type": "Inner","Startup Cost": 249.58,"Total Cost": 133581.65,"Plan Rows": 19990,"Plan Width": 34,"Actual Startup Time": 4.021,"Actual Total Time": 350.831,"Actual Rows": 29888,"Actual Loops": 5,"Inner Unique": false,"Hash Cond": "(l1.l_suppkey = supplier.s_suppkey)","Workers": [],"Plans": [{"Node Type": "Seq Scan","Parent Relationship": "Outer","Parallel Aware": true,"Async Capable": false,"Relation Name": "lineitem","Alias": "l1","Startup Cost": 0.00,"Total Cost": 131256.80,"Plan Rows": 500101,"Plan Width": 8,"Actual Startup Time": 0.026,"Actual Total Time": 301.034,"Actual Rows": 758659,"Actual Loops": 5,"Filter": "(l_receiptdate > l_commitdate)","Rows Removed by Filter": 441584,"Workers": []},{"Node Type": "Hash","Parent Relationship": "Inner","Parallel Aware": false,"Async Capable": false,"Startup Cost": 244.58,"Total Cost": 244.58,"Plan Rows": 400,"Plan Width": 30,"Actual Startup Time": 3.677,"Actual Total Time": 3.687,"Actual Rows": 393,"Actual Loops": 5,"Hash Buckets": 1024,"Original Hash Buckets": 1024,"Hash Batches": 1,"Original Hash Batches": 1,"Peak Memory Usage": 33,"Workers": [],"Plans": [{"Node Type": "Nested Loop","Parent Relationship": "Outer","Parallel Aware": false,"Async Capable": false,"Join Type": "Inner","Startup Cost": 7.38,"Total Cost": 244.58,"Plan Rows": 400,"Plan Width": 30,"Actual Startup Time": 0.289,"Actual Total Time": 3.533,"Actual Rows": 393,"Actual Loops": 5,"Inner Unique": false,"Workers": [],"Plans": [{"Node Type": "Seq Scan","Parent Relationship": "Outer","Parallel Aware": false,"Async Capable": false,"Relation Name": "nation","Alias": "nation","Startup Cost": 0.00,"Total Cost": 1.31,"Plan Rows": 1,"Plan Width": 4,"Actual Startup Time": 0.064,"Actual Total Time": 0.066,"Actual Rows": 1,"Actual Loops": 5,"Filter": "(n_name = 'UNITED STATES'::bpchar)","Rows Removed by Filter": 24,"Workers": []},{"Node Type": "Bitmap Heap Scan","Parent Relationship": "Inner","Parallel Aware": false,"Async Capable": false,"Relation Name": "supplier","Alias": "supplier","Startup Cost": 7.38,"Total Cost": 239.27,"Plan Rows": 400,"Plan Width": 34,"Actual Startup Time": 0.219,"Actual Total Time": 3.401,"Actual Rows": 393,"Actual Loops": 5,"Recheck Cond": "(s_nationkey = nation.n_nationkey)","Rows Removed by Index Recheck": 0,"Exact Heap Blocks": 181,"Lossy Heap Blocks": 0,"Workers": [],"Plans": [{"Node Type": "Bitmap Index Scan","Parent Relationship": "Outer","Parallel Aware": false,"Async Capable": false,"Index Name": "idx_supplier_nation_key","Startup Cost": 0.00,"Total Cost": 7.29,"Plan Rows": 400,"Plan Width": 0,"Actual Startup Time": 0.141,"Actual Total Time": 0.143,"Actual Rows": 393,"Actual Loops": 5,"Index Cond": "(s_nationkey = nation.n_nationkey)","Workers": []}]}]}]}]},{"Node Type": "Index Scan","Parent Relationship": "Inner","Parallel Aware": false,"Async Capable": false,"Scan Direction": "Forward","Index Name": "idx_lineitem_orderkey","Relation Name": "lineitem","Alias": "l3","Startup Cost": 0.43,"Total Cost": 1.06,"Plan Rows": 6,"Plan Width": 8,"Actual Startup Time": 0.003,"Actual Total Time": 0.003,"Actual Rows": 1,"Actual Loops": 149442,"Index Cond": "(l_orderkey = l1.l_orderkey)","Rows Removed by Index Recheck": 0,"Filter": "((l_receiptdate > l_commitdate) AND (l_suppkey <> l1.l_suppkey))","Rows Removed by Filter": 1,"Workers": []}]}]},{"Node Type": "Index Scan","Parent Relationship": "Inner","Parallel Aware": false,"Async Capable": false,"Scan Direction": "Forward","Index Name": "idx_lineitem_orderkey","Relation Name": "lineitem","Alias": "l2","Startup Cost": 0.43,"Total Cost": 1.02,"Plan Rows": 17,"Plan Width": 8,"Actual Startup Time": 0.007,"Actual Total Time": 0.007,"Actual Rows": 1,"Actual Loops": 13416,"Index Cond": "(l_orderkey = l1.l_orderkey)","Rows Removed by Index Recheck": 0,"Filter": "(l_suppkey <> l1.l_suppkey)","Rows Removed by Filter": 1}]},{"Node Type": "Index Scan","Parent Relationship": "Inner","Parallel Aware": false,"Async Capable": false,"Scan Direction": "Forward","Index Name": "orders_pkey","Relation Name": "orders","Alias": "orders","Startup Cost": 0.43,"Total Cost": 0.51,"Plan Rows": 1,"Plan Width": 4,"Actual Startup Time": 0.008,"Actual Total Time": 0.008,"Actual Rows": 0,"Actual Loops": 8028,"Index Cond": "(o_orderkey = l1.l_orderkey)","Rows Removed by Index Recheck": 0,"Filter": "(o_orderstatus = 'F'::bpchar)","Rows Removed by Filter": 1}]}]}]}]},"Planning Time": 9.767,"Triggers": [],"Execution Time": 516.024}]
[{"Plan": {"Node Type": "Sort","Parallel Aware": false,"Async Capable": false,"Startup Cost": 147378.80,"Total Cost": 147378.81,"Plan Rows": 1,"Plan Width": 34,"Actual Startup Time": 491.039,"Actual Total Time": 509.746,"Actual Rows": 373,"Actual Loops": 1,"Sort Key": ["(count(*)) DESC", "supplier.s_name"],"Sort Method": "quicksort","Sort Space Used": 54,"Sort Space Type": "Memory","Plans": [{"Node Type": "Aggregate","Strategy": "Sorted","Partial Mode": "Simple","Parent Relationship": "Outer","Parallel Aware": false,"Async Capable": false,"Startup Cost": 147378.77,"Total Cost": 147378.79,"Plan Rows": 1,"Plan Width": 34,"Actual Startup Time": 489.852,"Actual Total Time": 509.039,"Actual Rows": 373,"Actual Loops": 1,"Group Key": ["supplier.s_name"],"Plans": [{"Node Type": "Sort","Parent Relationship": "Outer","Parallel Aware": false,"Async Capable": false,"Startup Cost": 147378.77,"Total Cost": 147378.78,"Plan Rows": 1,"Plan Width": 26,"Actual Startup Time": 489.818,"Actual Total Time": 508.641,"Actual Rows": 3775,"Actual Loops": 1,"Sort Key": ["supplier.s_name"],"Sort Method": "quicksort","Sort Space Used": 362,"Sort Space Type": "Memory","Plans": [{"Node Type": "Nested Loop","Parent Relationship": "Outer","Parallel Aware": false,"Async Capable": false,"Join Type": "Inner","Startup Cost": 1250.87,"Total Cost": 147378.76,"Plan Rows": 1,"Plan Width": 26,"Actual Startup Time": 4.604,"Actual Total Time": 497.627,"Actual Rows": 3775,"Actual Loops": 1,"Inner Unique": true,"Plans": [{"Node Type": "Nested Loop","Parent Relationship": "Outer","Parallel Aware": false,"Async Capable": false,"Join Type": "Semi","Startup Cost": 1250.44,"Total Cost": 147378.26,"Plan Rows": 1,"Plan Width": 34,"Actual Startup Time": 4.579,"Actual Total Time": 434.821,"Actual Rows": 7601,"Actual Loops": 1,"Inner Unique": false,"Plans": [{"Node Type": "Gather","Parent Relationship": "Outer","Parallel Aware": false,"Async Capable": false,"Startup Cost": 1250.01,"Total Cost": 147377.22,"Plan Rows": 1,"Plan Width": 34,"Actual Startup Time": 4.564,"Actual Total Time": 332.092,"Actual Rows": 12602,"Actual Loops": 1,"Workers Planned": 4,"Workers Launched": 4,"Single Copy": false,"Plans": [{"Node Type": "Nested Loop","Parent Relationship": "Outer","Parallel Aware": false,"Async Capable": false,"Join Type": "Anti","Startup Cost": 250.01,"Total Cost": 146377.12,"Plan Rows": 1,"Plan Width": 34,"Actual Startup Time": 4.313,"Actual Total Time": 433.903,"Actual Rows": 2520,"Actual Loops": 5,"Inner Unique": false,"Workers": [],"Plans": [{"Node Type": "Hash Join","Parent Relationship": "Outer","Parallel Aware": false,"Async Capable": false,"Join Type": "Inner","Startup Cost": 249.58,"Total Cost": 133581.65,"Plan Rows": 19990,"Plan Width": 34,"Actual Startup Time": 3.915,"Actual Total Time": 349.840,"Actual Rows": 28289,"Actual Loops": 5,"Inner Unique": false,"Hash Cond": "(l1.l_suppkey = supplier.s_suppkey)","Workers": [],"Plans": [{"Node Type": "Seq Scan","Parent Relationship": "Outer","Parallel Aware": true,"Async Capable": false,"Relation Name": "lineitem","Alias": "l1","Startup Cost": 0.00,"Total Cost": 131256.80,"Plan Rows": 500101,"Plan Width": 8,"Actual Startup Time": 0.025,"Actual Total Time": 300.593,"Actual Rows": 758659,"Actual Loops": 5,"Filter": "(l_receiptdate > l_commitdate)","Rows Removed by Filter": 441584,"Workers": []},{"Node Type": "Hash","Parent Relationship": "Inner","Parallel Aware": false,"Async Capable": false,"Startup Cost": 244.58,"Total Cost": 244.58,"Plan Rows": 400,"Plan Width": 30,"Actual Startup Time": 3.661,"Actual Total Time": 3.675,"Actual Rows": 373,"Actual Loops": 5,"Hash Buckets": 1024,"Original Hash Buckets": 1024,"Hash Batches": 1,"Original Hash Batches": 1,"Peak Memory Usage": 32,"Workers": [],"Plans": [{"Node Type": "Nested Loop","Parent Relationship": "Outer","Parallel Aware": false,"Async Capable": false,"Join Type": "Inner","Startup Cost": 7.38,"Total Cost": 244.58,"Plan Rows": 400,"Plan Width": 30,"Actual Startup Time": 0.231,"Actual Total Time": 3.539,"Actual Rows": 373,"Actual Loops": 5,"Inner Unique": false,"Workers": [],"Plans": [{"Node Type": "Seq Scan","Parent Relationship": "Outer","Parallel Aware": false,"Async Capable": false,"Relation Name": "nation","Alias": "nation","Startup Cost": 0.00,"Total Cost": 1.31,"Plan Rows": 1,"Plan Width": 4,"Actual Startup Time": 0.052,"Actual Total Time": 0.058,"Actual Rows": 1,"Actual Loops": 5,"Filter": "(n_name = 'MOROCCO'::bpchar)","Rows Removed by Filter": 24,"Workers": []},{"Node Type": "Bitmap Heap Scan","Parent Relationship": "Inner","Parallel Aware": false,"Async Capable": false,"Relation Name": "supplier","Alias": "supplier","Startup Cost": 7.38,"Total Cost": 239.27,"Plan Rows": 400,"Plan Width": 34,"Actual Startup Time": 0.174,"Actual Total Time": 3.419,"Actual Rows": 373,"Actual Loops": 5,"Recheck Cond": "(s_nationkey = nation.n_nationkey)","Rows Removed by Index Recheck": 0,"Exact Heap Blocks": 180,"Lossy Heap Blocks": 0,"Workers": [],"Plans": [{"Node Type": "Bitmap Index Scan","Parent Relationship": "Outer","Parallel Aware": false,"Async Capable": false,"Index Name": "idx_supplier_nation_key","Startup Cost": 0.00,"Total Cost": 7.29,"Plan Rows": 400,"Plan Width": 0,"Actual Startup Time": 0.112,"Actual Total Time": 0.115,"Actual Rows": 373,"Actual Loops": 5,"Index Cond": "(s_nationkey = nation.n_nationkey)","Workers": []}]}]}]}]},{"Node Type": "Index Scan","Parent Relationship": "Inner","Parallel Aware": false,"Async Capable": false,"Scan Direction": "Forward","Index Name": "idx_lineitem_orderkey","Relation Name": "lineitem","Alias": "l3","Startup Cost": 0.43,"Total Cost": 1.06,"Plan Rows": 6,"Plan Width": 8,"Actual Startup Time": 0.003,"Actual Total Time": 0.003,"Actual Rows": 1,"Actual Loops": 141445,"Index Cond": "(l_orderkey = l1.l_orderkey)","Rows Removed by Index Recheck": 0,"Filter": "((l_receiptdate > l_commitdate) AND (l_suppkey <> l1.l_suppkey))","Rows Removed by Filter": 1,"Workers": []}]}]},{"Node Type": "Index Scan","Parent Relationship": "Inner","Parallel Aware": false,"Async Capable": false,"Scan Direction": "Forward","Index Name": "idx_lineitem_orderkey","Relation Name": "lineitem","Alias": "l2","Startup Cost": 0.43,"Total Cost": 1.02,"Plan Rows": 17,"Plan Width": 8,"Actual Startup Time": 0.008,"Actual Total Time": 0.008,"Actual Rows": 1,"Actual Loops": 12602,"Index Cond": "(l_orderkey = l1.l_orderkey)","Rows Removed by Index Recheck": 0,"Filter": "(l_suppkey <> l1.l_suppkey)","Rows Removed by Filter": 1}]},{"Node Type": "Index Scan","Parent Relationship": "Inner","Parallel Aware": false,"Async Capable": false,"Scan Direction": "Forward","Index Name": "orders_pkey","Relation Name": "orders","Alias": "orders","Startup Cost": 0.43,"Total Cost": 0.51,"Plan Rows": 1,"Plan Width": 4,"Actual Startup Time": 0.008,"Actual Total Time": 0.008,"Actual Rows": 0,"Actual Loops": 7601,"Index Cond": "(o_orderkey = l1.l_orderkey)","Rows Removed by Index Recheck": 0,"Filter": "(o_orderstatus = 'F'::bpchar)","Rows Removed by Filter": 1}]}]}]}]},"Planning Time": 9.187,"Triggers": [],"Execution Time": 510.411}]
[{"Plan": {"Node Type": "Sort","Parallel Aware": false,"Async Capable": false,"Startup Cost": 147378.80,"Total Cost": 147378.81,"Plan Rows": 1,"Plan Width": 34,"Actual Startup Time": 504.512,"Actual Total Time": 521.552,"Actual Rows": 413,"Actual Loops": 1,"Sort Key": ["(count(*)) DESC", "supplier.s_name"],"Sort Method": "quicksort","Sort Space Used": 57,"Sort Space Type": "Memory","Plans": [{"Node Type": "Aggregate","Strategy": "Sorted","Partial Mode": "Simple","Parent Relationship": "Outer","Parallel Aware": false,"Async Capable": false,"Startup Cost": 147378.77,"Total Cost": 147378.79,"Plan Rows": 1,"Plan Width": 34,"Actual Startup Time": 503.286,"Actual Total Time": 520.862,"Actual Rows": 413,"Actual Loops": 1,"Group Key": ["supplier.s_name"],"Plans": [{"Node Type": "Sort","Parent Relationship": "Outer","Parallel Aware": false,"Async Capable": false,"Startup Cost": 147378.77,"Total Cost": 147378.78,"Plan Rows": 1,"Plan Width": 26,"Actual Startup Time": 503.265,"Actual Total Time": 520.434,"Actual Rows": 4164,"Actual Loops": 1,"Sort Key": ["supplier.s_name"],"Sort Method": "quicksort","Sort Space Used": 485,"Sort Space Type": "Memory","Plans": [{"Node Type": "Nested Loop","Parent Relationship": "Outer","Parallel Aware": false,"Async Capable": false,"Join Type": "Inner","Startup Cost": 1250.87,"Total Cost": 147378.76,"Plan Rows": 1,"Plan Width": 26,"Actual Startup Time": 4.247,"Actual Total Time": 508.248,"Actual Rows": 4164,"Actual Loops": 1,"Inner Unique": true,"Plans": [{"Node Type": "Nested Loop","Parent Relationship": "Outer","Parallel Aware": false,"Async Capable": false,"Join Type": "Semi","Startup Cost": 1250.44,"Total Cost": 147378.26,"Plan Rows": 1,"Plan Width": 34,"Actual Startup Time": 4.214,"Actual Total Time": 442.064,"Actual Rows": 8468,"Actual Loops": 1,"Inner Unique": false,"Plans": [{"Node Type": "Gather","Parent Relationship": "Outer","Parallel Aware": false,"Async Capable": false,"Startup Cost": 1250.01,"Total Cost": 147377.22,"Plan Rows": 1,"Plan Width": 34,"Actual Startup Time": 4.200,"Actual Total Time": 330.934,"Actual Rows": 14141,"Actual Loops": 1,"Workers Planned": 4,"Workers Launched": 4,"Single Copy": false,"Plans": [{"Node Type": "Nested Loop","Parent Relationship": "Outer","Parallel Aware": false,"Async Capable": false,"Join Type": "Anti","Startup Cost": 250.01,"Total Cost": 146377.12,"Plan Rows": 1,"Plan Width": 34,"Actual Startup Time": 5.165,"Actual Total Time": 443.283,"Actual Rows": 2828,"Actual Loops": 5,"Inner Unique": false,"Workers": [],"Plans": [{"Node Type": "Hash Join","Parent Relationship": "Outer","Parallel Aware": false,"Async Capable": false,"Join Type": "Inner","Startup Cost": 249.58,"Total Cost": 133581.65,"Plan Rows": 19990,"Plan Width": 34,"Actual Startup Time": 5.033,"Actual Total Time": 352.494,"Actual Rows": 31380,"Actual Loops": 5,"Inner Unique": false,"Hash Cond": "(l1.l_suppkey = supplier.s_suppkey)","Workers": [],"Plans": [{"Node Type": "Seq Scan","Parent Relationship": "Outer","Parallel Aware": true,"Async Capable": false,"Relation Name": "lineitem","Alias": "l1","Startup Cost": 0.00,"Total Cost": 131256.80,"Plan Rows": 500101,"Plan Width": 8,"Actual Startup Time": 0.028,"Actual Total Time": 299.882,"Actual Rows": 758659,"Actual Loops": 5,"Filter": "(l_receiptdate > l_commitdate)","Rows Removed by Filter": 441584,"Workers": []},{"Node Type": "Hash","Parent Relationship": "Inner","Parallel Aware": false,"Async Capable": false,"Startup Cost": 244.58,"Total Cost": 244.58,"Plan Rows": 400,"Plan Width": 30,"Actual Startup Time": 4.656,"Actual Total Time": 4.665,"Actual Rows": 413,"Actual Loops": 5,"Hash Buckets": 1024,"Original Hash Buckets": 1024,"Hash Batches": 1,"Original Hash Batches": 1,"Peak Memory Usage": 34,"Workers": [],"Plans": [{"Node Type": "Nested Loop","Parent Relationship": "Outer","Parallel Aware": false,"Async Capable": false,"Join Type": "Inner","Startup Cost": 7.38,"Total Cost": 244.58,"Plan Rows": 400,"Plan Width": 30,"Actual Startup Time": 0.318,"Actual Total Time": 4.505,"Actual Rows": 413,"Actual Loops": 5,"Inner Unique": false,"Workers": [],"Plans": [{"Node Type": "Seq Scan","Parent Relationship": "Outer","Parallel Aware": false,"Async Capable": false,"Relation Name": "nation","Alias": "nation","Startup Cost": 0.00,"Total Cost": 1.31,"Plan Rows": 1,"Plan Width": 4,"Actual Startup Time": 0.066,"Actual Total Time": 0.071,"Actual Rows": 1,"Actual Loops": 5,"Filter": "(n_name = 'ARGENTINA'::bpchar)","Rows Removed by Filter": 24,"Workers": []},{"Node Type": "Bitmap Heap Scan","Parent Relationship": "Inner","Parallel Aware": false,"Async Capable": false,"Relation Name": "supplier","Alias": "supplier","Startup Cost": 7.38,"Total Cost": 239.27,"Plan Rows": 400,"Plan Width": 34,"Actual Startup Time": 0.247,"Actual Total Time": 4.358,"Actual Rows": 413,"Actual Loops": 5,"Recheck Cond": "(s_nationkey = nation.n_nationkey)","Rows Removed by Index Recheck": 0,"Exact Heap Blocks": 190,"Lossy Heap Blocks": 0,"Workers": [],"Plans": [{"Node Type": "Bitmap Index Scan","Parent Relationship": "Outer","Parallel Aware": false,"Async Capable": false,"Index Name": "idx_supplier_nation_key","Startup Cost": 0.00,"Total Cost": 7.29,"Plan Rows": 400,"Plan Width": 0,"Actual Startup Time": 0.157,"Actual Total Time": 0.158,"Actual Rows": 413,"Actual Loops": 5,"Index Cond": "(s_nationkey = nation.n_nationkey)","Workers": []}]}]}]}]},{"Node Type": "Index Scan","Parent Relationship": "Inner","Parallel Aware": false,"Async Capable": false,"Scan Direction": "Forward","Index Name": "idx_lineitem_orderkey","Relation Name": "lineitem","Alias": "l3","Startup Cost": 0.43,"Total Cost": 1.06,"Plan Rows": 6,"Plan Width": 8,"Actual Startup Time": 0.003,"Actual Total Time": 0.003,"Actual Rows": 1,"Actual Loops": 156898,"Index Cond": "(l_orderkey = l1.l_orderkey)","Rows Removed by Index Recheck": 0,"Filter": "((l_receiptdate > l_commitdate) AND (l_suppkey <> l1.l_suppkey))","Rows Removed by Filter": 1,"Workers": []}]}]},{"Node Type": "Index Scan","Parent Relationship": "Inner","Parallel Aware": false,"Async Capable": false,"Scan Direction": "Forward","Index Name": "idx_lineitem_orderkey","Relation Name": "lineitem","Alias": "l2","Startup Cost": 0.43,"Total Cost": 1.02,"Plan Rows": 17,"Plan Width": 8,"Actual Startup Time": 0.007,"Actual Total Time": 0.007,"Actual Rows": 1,"Actual Loops": 14141,"Index Cond": "(l_orderkey = l1.l_orderkey)","Rows Removed by Index Recheck": 0,"Filter": "(l_suppkey <> l1.l_suppkey)","Rows Removed by Filter": 1}]},{"Node Type": "Index Scan","Parent Relationship": "Inner","Parallel Aware": false,"Async Capable": false,"Scan Direction": "Forward","Index Name": "orders_pkey","Relation Name": "orders","Alias": "orders","Startup Cost": 0.43,"Total Cost": 0.51,"Plan Rows": 1,"Plan Width": 4,"Actual Startup Time": 0.008,"Actual Total Time": 0.008,"Actual Rows": 0,"Actual Loops": 8468,"Index Cond": "(o_orderkey = l1.l_orderkey)","Rows Removed by Index Recheck": 0,"Filter": "(o_orderstatus = 'F'::bpchar)","Rows Removed by Filter": 1}]}]}]}]},"Planning Time": 8.601,"Triggers": [],"Execution Time": 522.197}]
[{"Plan": {"Node Type": "Sort","Parallel Aware": false,"Async Capable": false,"Startup Cost": 147378.80,"Total Cost": 147378.81,"Plan Rows": 1,"Plan Width": 34,"Actual Startup Time": 500.228,"Actual Total Time": 519.082,"Actual Rows": 412,"Actual Loops": 1,"Sort Key": ["(count(*)) DESC", "supplier.s_name"],"Sort Method": "quicksort","Sort Space Used": 57,"Sort Space Type": "Memory","Plans": [{"Node Type": "Aggregate","Strategy": "Sorted","Partial Mode": "Simple","Parent Relationship": "Outer","Parallel Aware": false,"Async Capable": false,"Startup Cost": 147378.77,"Total Cost": 147378.79,"Plan Rows": 1,"Plan Width": 34,"Actual Startup Time": 498.981,"Actual Total Time": 518.359,"Actual Rows": 412,"Actual Loops": 1,"Group Key": ["supplier.s_name"],"Plans": [{"Node Type": "Sort","Parent Relationship": "Outer","Parallel Aware": false,"Async Capable": false,"Startup Cost": 147378.77,"Total Cost": 147378.78,"Plan Rows": 1,"Plan Width": 26,"Actual Startup Time": 498.949,"Actual Total Time": 517.928,"Actual Rows": 4030,"Actual Loops": 1,"Sort Key": ["supplier.s_name"],"Sort Method": "quicksort","Sort Space Used": 380,"Sort Space Type": "Memory","Plans": [{"Node Type": "Nested Loop","Parent Relationship": "Outer","Parallel Aware": false,"Async Capable": false,"Join Type": "Inner","Startup Cost": 1250.87,"Total Cost": 147378.76,"Plan Rows": 1,"Plan Width": 26,"Actual Startup Time": 4.020,"Actual Total Time": 506.052,"Actual Rows": 4030,"Actual Loops": 1,"Inner Unique": true,"Plans": [{"Node Type": "Nested Loop","Parent Relationship": "Outer","Parallel Aware": false,"Async Capable": false,"Join Type": "Semi","Startup Cost": 1250.44,"Total Cost": 147378.26,"Plan Rows": 1,"Plan Width": 34,"Actual Startup Time": 3.993,"Actual Total Time": 443.011,"Actual Rows": 8146,"Actual Loops": 1,"Inner Unique": false,"Plans": [{"Node Type": "Gather","Parent Relationship": "Outer","Parallel Aware": false,"Async Capable": false,"Startup Cost": 1250.01,"Total Cost": 147377.22,"Plan Rows": 1,"Plan Width": 34,"Actual Startup Time": 3.980,"Actual Total Time": 336.738,"Actual Rows": 13748,"Actual Loops": 1,"Workers Planned": 4,"Workers Launched": 4,"Single Copy": false,"Plans": [{"Node Type": "Nested Loop","Parent Relationship": "Outer","Parallel Aware": false,"Async Capable": false,"Join Type": "Anti","Startup Cost": 250.01,"Total Cost": 146377.12,"Plan Rows": 1,"Plan Width": 34,"Actual Startup Time": 4.569,"Actual Total Time": 441.712,"Actual Rows": 2750,"Actual Loops": 5,"Inner Unique": false,"Workers": [],"Plans": [{"Node Type": "Hash Join","Parent Relationship": "Outer","Parallel Aware": false,"Async Capable": false,"Join Type": "Inner","Startup Cost": 249.58,"Total Cost": 133581.65,"Plan Rows": 19990,"Plan Width": 34,"Actual Startup Time": 4.262,"Actual Total Time": 350.942,"Actual Rows": 31209,"Actual Loops": 5,"Inner Unique": false,"Hash Cond": "(l1.l_suppkey = supplier.s_suppkey)","Workers": [],"Plans": [{"Node Type": "Seq Scan","Parent Relationship": "Outer","Parallel Aware": true,"Async Capable": false,"Relation Name": "lineitem","Alias": "l1","Startup Cost": 0.00,"Total Cost": 131256.80,"Plan Rows": 500101,"Plan Width": 8,"Actual Startup Time": 0.026,"Actual Total Time": 299.296,"Actual Rows": 758659,"Actual Loops": 5,"Filter": "(l_receiptdate > l_commitdate)","Rows Removed by Filter": 441584,"Workers": []},{"Node Type": "Hash","Parent Relationship": "Inner","Parallel Aware": false,"Async Capable": false,"Startup Cost": 244.58,"Total Cost": 244.58,"Plan Rows": 400,"Plan Width": 30,"Actual Startup Time": 3.907,"Actual Total Time": 3.918,"Actual Rows": 412,"Actual Loops": 5,"Hash Buckets": 1024,"Original Hash Buckets": 1024,"Hash Batches": 1,"Original Hash Batches": 1,"Peak Memory Usage": 34,"Workers": [],"Plans": [{"Node Type": "Nested Loop","Parent Relationship": "Outer","Parallel Aware": false,"Async Capable": false,"Join Type": "Inner","Startup Cost": 7.38,"Total Cost": 244.58,"Plan Rows": 400,"Plan Width": 30,"Actual Startup Time": 0.286,"Actual Total Time": 3.756,"Actual Rows": 412,"Actual Loops": 5,"Inner Unique": false,"Workers": [],"Plans": [{"Node Type": "Seq Scan","Parent Relationship": "Outer","Parallel Aware": false,"Async Capable": false,"Relation Name": "nation","Alias": "nation","Startup Cost": 0.00,"Total Cost": 1.31,"Plan Rows": 1,"Plan Width": 4,"Actual Startup Time": 0.059,"Actual Total Time": 0.064,"Actual Rows": 1,"Actual Loops": 5,"Filter": "(n_name = 'CANADA'::bpchar)","Rows Removed by Filter": 24,"Workers": []},{"Node Type": "Bitmap Heap Scan","Parent Relationship": "Inner","Parallel Aware": false,"Async Capable": false,"Relation Name": "supplier","Alias": "supplier","Startup Cost": 7.38,"Total Cost": 239.27,"Plan Rows": 400,"Plan Width": 34,"Actual Startup Time": 0.222,"Actual Total Time": 3.623,"Actual Rows": 412,"Actual Loops": 5,"Recheck Cond": "(s_nationkey = nation.n_nationkey)","Rows Removed by Index Recheck": 0,"Exact Heap Blocks": 189,"Lossy Heap Blocks": 0,"Workers": [],"Plans": [{"Node Type": "Bitmap Index Scan","Parent Relationship": "Outer","Parallel Aware": false,"Async Capable": false,"Index Name": "idx_supplier_nation_key","Startup Cost": 0.00,"Total Cost": 7.29,"Plan Rows": 400,"Plan Width": 0,"Actual Startup Time": 0.144,"Actual Total Time": 0.145,"Actual Rows": 412,"Actual Loops": 5,"Index Cond": "(s_nationkey = nation.n_nationkey)","Workers": []}]}]}]}]},{"Node Type": "Index Scan","Parent Relationship": "Inner","Parallel Aware": false,"Async Capable": false,"Scan Direction": "Forward","Index Name": "idx_lineitem_orderkey","Relation Name": "lineitem","Alias": "l3","Startup Cost": 0.43,"Total Cost": 1.06,"Plan Rows": 6,"Plan Width": 8,"Actual Startup Time": 0.003,"Actual Total Time": 0.003,"Actual Rows": 1,"Actual Loops": 156047,"Index Cond": "(l_orderkey = l1.l_orderkey)","Rows Removed by Index Recheck": 0,"Filter": "((l_receiptdate > l_commitdate) AND (l_suppkey <> l1.l_suppkey))","Rows Removed by Filter": 1,"Workers": []}]}]},{"Node Type": "Index Scan","Parent Relationship": "Inner","Parallel Aware": false,"Async Capable": false,"Scan Direction": "Forward","Index Name": "idx_lineitem_orderkey","Relation Name": "lineitem","Alias": "l2","Startup Cost": 0.43,"Total Cost": 1.02,"Plan Rows": 17,"Plan Width": 8,"Actual Startup Time": 0.007,"Actual Total Time": 0.007,"Actual Rows": 1,"Actual Loops": 13748,"Index Cond": "(l_orderkey = l1.l_orderkey)","Rows Removed by Index Recheck": 0,"Filter": "(l_suppkey <> l1.l_suppkey)","Rows Removed by Filter": 1}]},{"Node Type": "Index Scan","Parent Relationship": "Inner","Parallel Aware": false,"Async Capable": false,"Scan Direction": "Forward","Index Name": "orders_pkey","Relation Name": "orders","Alias": "orders","Startup Cost": 0.43,"Total Cost": 0.51,"Plan Rows": 1,"Plan Width": 4,"Actual Startup Time": 0.007,"Actual Total Time": 0.007,"Actual Rows": 0,"Actual Loops": 8146,"Index Cond": "(o_orderkey = l1.l_orderkey)","Rows Removed by Index Recheck": 0,"Filter": "(o_orderstatus = 'F'::bpchar)","Rows Removed by Filter": 1}]}]}]}]},"Planning Time": 9.689,"Triggers": [],"Execution Time": 519.513}]
[{"Plan": {"Node Type": "Sort","Parallel Aware": false,"Async Capable": false,"Startup Cost": 147378.80,"Total Cost": 147378.81,"Plan Rows": 1,"Plan Width": 34,"Actual Startup Time": 492.880,"Actual Total Time": 511.387,"Actual Rows": 377,"Actual Loops": 1,"Sort Key": ["(count(*)) DESC", "supplier.s_name"],"Sort Method": "quicksort","Sort Space Used": 54,"Sort Space Type": "Memory","Plans": [{"Node Type": "Aggregate","Strategy": "Sorted","Partial Mode": "Simple","Parent Relationship": "Outer","Parallel Aware": false,"Async Capable": false,"Startup Cost": 147378.77,"Total Cost": 147378.79,"Plan Rows": 1,"Plan Width": 34,"Actual Startup Time": 491.719,"Actual Total Time": 510.711,"Actual Rows": 377,"Actual Loops": 1,"Group Key": ["supplier.s_name"],"Plans": [{"Node Type": "Sort","Parent Relationship": "Outer","Parallel Aware": false,"Async Capable": false,"Startup Cost": 147378.77,"Total Cost": 147378.78,"Plan Rows": 1,"Plan Width": 26,"Actual Startup Time": 491.689,"Actual Total Time": 510.309,"Actual Rows": 3707,"Actual Loops": 1,"Sort Key": ["supplier.s_name"],"Sort Method": "quicksort","Sort Space Used": 357,"Sort Space Type": "Memory","Plans": [{"Node Type": "Nested Loop","Parent Relationship": "Outer","Parallel Aware": false,"Async Capable": false,"Join Type": "Inner","Startup Cost": 1250.87,"Total Cost": 147378.76,"Plan Rows": 1,"Plan Width": 26,"Actual Startup Time": 4.620,"Actual Total Time": 499.542,"Actual Rows": 3707,"Actual Loops": 1,"Inner Unique": true,"Plans": [{"Node Type": "Nested Loop","Parent Relationship": "Outer","Parallel Aware": false,"Async Capable": false,"Join Type": "Semi","Startup Cost": 1250.44,"Total Cost": 147378.26,"Plan Rows": 1,"Plan Width": 34,"Actual Startup Time": 4.581,"Actual Total Time": 437.361,"Actual Rows": 7590,"Actual Loops": 1,"Inner Unique": false,"Plans": [{"Node Type": "Gather","Parent Relationship": "Outer","Parallel Aware": false,"Async Capable": false,"Startup Cost": 1250.01,"Total Cost": 147377.22,"Plan Rows": 1,"Plan Width": 34,"Actual Startup Time": 4.430,"Actual Total Time": 334.305,"Actual Rows": 12724,"Actual Loops": 1,"Workers Planned": 4,"Workers Launched": 4,"Single Copy": false,"Plans": [{"Node Type": "Nested Loop","Parent Relationship": "Outer","Parallel Aware": false,"Async Capable": false,"Join Type": "Anti","Startup Cost": 250.01,"Total Cost": 146377.12,"Plan Rows": 1,"Plan Width": 34,"Actual Startup Time": 5.283,"Actual Total Time": 435.218,"Actual Rows": 2545,"Actual Loops": 5,"Inner Unique": false,"Workers": [],"Plans": [{"Node Type": "Hash Join","Parent Relationship": "Outer","Parallel Aware": false,"Async Capable": false,"Join Type": "Inner","Startup Cost": 249.58,"Total Cost": 133581.65,"Plan Rows": 19990,"Plan Width": 34,"Actual Startup Time": 4.967,"Actual Total Time": 350.606,"Actual Rows": 28669,"Actual Loops": 5,"Inner Unique": false,"Hash Cond": "(l1.l_suppkey = supplier.s_suppkey)","Workers": [],"Plans": [{"Node Type": "Seq Scan","Parent Relationship": "Outer","Parallel Aware": true,"Async Capable": false,"Relation Name": "lineitem","Alias": "l1","Startup Cost": 0.00,"Total Cost": 131256.80,"Plan Rows": 500101,"Plan Width": 8,"Actual Startup Time": 0.028,"Actual Total Time": 300.375,"Actual Rows": 758659,"Actual Loops": 5,"Filter": "(l_receiptdate > l_commitdate)","Rows Removed by Filter": 441584,"Workers": []},{"Node Type": "Hash","Parent Relationship": "Inner","Parallel Aware": false,"Async Capable": false,"Startup Cost": 244.58,"Total Cost": 244.58,"Plan Rows": 400,"Plan Width": 30,"Actual Startup Time": 4.611,"Actual Total Time": 4.626,"Actual Rows": 377,"Actual Loops": 5,"Hash Buckets": 1024,"Original Hash Buckets": 1024,"Hash Batches": 1,"Original Hash Batches": 1,"Peak Memory Usage": 32,"Workers": [],"Plans": [{"Node Type": "Nested Loop","Parent Relationship": "Outer","Parallel Aware": false,"Async Capable": false,"Join Type": "Inner","Startup Cost": 7.38,"Total Cost": 244.58,"Plan Rows": 400,"Plan Width": 30,"Actual Startup Time": 0.296,"Actual Total Time": 4.444,"Actual Rows": 377,"Actual Loops": 5,"Inner Unique": false,"Workers": [],"Plans": [{"Node Type": "Seq Scan","Parent Relationship": "Outer","Parallel Aware": false,"Async Capable": false,"Relation Name": "nation","Alias": "nation","Startup Cost": 0.00,"Total Cost": 1.31,"Plan Rows": 1,"Plan Width": 4,"Actual Startup Time": 0.056,"Actual Total Time": 0.065,"Actual Rows": 1,"Actual Loops": 5,"Filter": "(n_name = 'JAPAN'::bpchar)","Rows Removed by Filter": 24,"Workers": []},{"Node Type": "Bitmap Heap Scan","Parent Relationship": "Inner","Parallel Aware": false,"Async Capable": false,"Relation Name": "supplier","Alias": "supplier","Startup Cost": 7.38,"Total Cost": 239.27,"Plan Rows": 400,"Plan Width": 34,"Actual Startup Time": 0.234,"Actual Total Time": 4.286,"Actual Rows": 377,"Actual Loops": 5,"Recheck Cond": "(s_nationkey = nation.n_nationkey)","Rows Removed by Index Recheck": 0,"Exact Heap Blocks": 180,"Lossy Heap Blocks": 0,"Workers": [],"Plans": [{"Node Type": "Bitmap Index Scan","Parent Relationship": "Outer","Parallel Aware": false,"Async Capable": false,"Index Name": "idx_supplier_nation_key","Startup Cost": 0.00,"Total Cost": 7.29,"Plan Rows": 400,"Plan Width": 0,"Actual Startup Time": 0.148,"Actual Total Time": 0.149,"Actual Rows": 377,"Actual Loops": 5,"Index Cond": "(s_nationkey = nation.n_nationkey)","Workers": []}]}]}]}]},{"Node Type": "Index Scan","Parent Relationship": "Inner","Parallel Aware": false,"Async Capable": false,"Scan Direction": "Forward","Index Name": "idx_lineitem_orderkey","Relation Name": "lineitem","Alias": "l3","Startup Cost": 0.43,"Total Cost": 1.06,"Plan Rows": 6,"Plan Width": 8,"Actual Startup Time": 0.003,"Actual Total Time": 0.003,"Actual Rows": 1,"Actual Loops": 143344,"Index Cond": "(l_orderkey = l1.l_orderkey)","Rows Removed by Index Recheck": 0,"Filter": "((l_receiptdate > l_commitdate) AND (l_suppkey <> l1.l_suppkey))","Rows Removed by Filter": 1,"Workers": []}]}]},{"Node Type": "Index Scan","Parent Relationship": "Inner","Parallel Aware": false,"Async Capable": false,"Scan Direction": "Forward","Index Name": "idx_lineitem_orderkey","Relation Name": "lineitem","Alias": "l2","Startup Cost": 0.43,"Total Cost": 1.02,"Plan Rows": 17,"Plan Width": 8,"Actual Startup Time": 0.008,"Actual Total Time": 0.008,"Actual Rows": 1,"Actual Loops": 12724,"Index Cond": "(l_orderkey = l1.l_orderkey)","Rows Removed by Index Recheck": 0,"Filter": "(l_suppkey <> l1.l_suppkey)","Rows Removed by Filter": 1}]},{"Node Type": "Index Scan","Parent Relationship": "Inner","Parallel Aware": false,"Async Capable": false,"Scan Direction": "Forward","Index Name": "orders_pkey","Relation Name": "orders","Alias": "orders","Startup Cost": 0.43,"Total Cost": 0.51,"Plan Rows": 1,"Plan Width": 4,"Actual Startup Time": 0.008,"Actual Total Time": 0.008,"Actual Rows": 0,"Actual Loops": 7590,"Index Cond": "(o_orderkey = l1.l_orderkey)","Rows Removed by Index Recheck": 0,"Filter": "(o_orderstatus = 'F'::bpchar)","Rows Removed by Filter": 1}]}]}]}]},"Planning Time": 9.583,"Triggers": [],"Execution Time": 511.800}]
[{"Plan": {"Node Type": "Sort","Parallel Aware": false,"Async Capable": false,"Startup Cost": 147378.80,"Total Cost": 147378.81,"Plan Rows": 1,"Plan Width": 34,"Actual Startup Time": 493.231,"Actual Total Time": 511.674,"Actual Rows": 376,"Actual Loops": 1,"Sort Key": ["(count(*)) DESC", "supplier.s_name"],"Sort Method": "quicksort","Sort Space Used": 54,"Sort Space Type": "Memory","Plans": [{"Node Type": "Aggregate","Strategy": "Sorted","Partial Mode": "Simple","Parent Relationship": "Outer","Parallel Aware": false,"Async Capable": false,"Startup Cost": 147378.77,"Total Cost": 147378.79,"Plan Rows": 1,"Plan Width": 34,"Actual Startup Time": 492.079,"Actual Total Time": 510.997,"Actual Rows": 376,"Actual Loops": 1,"Group Key": ["supplier.s_name"],"Plans": [{"Node Type": "Sort","Parent Relationship": "Outer","Parallel Aware": false,"Async Capable": false,"Startup Cost": 147378.77,"Total Cost": 147378.78,"Plan Rows": 1,"Plan Width": 26,"Actual Startup Time": 492.053,"Actual Total Time": 510.609,"Actual Rows": 3697,"Actual Loops": 1,"Sort Key": ["supplier.s_name"],"Sort Method": "quicksort","Sort Space Used": 356,"Sort Space Type": "Memory","Plans": [{"Node Type": "Nested Loop","Parent Relationship": "Outer","Parallel Aware": false,"Async Capable": false,"Join Type": "Inner","Startup Cost": 1250.87,"Total Cost": 147378.76,"Plan Rows": 1,"Plan Width": 26,"Actual Startup Time": 5.656,"Actual Total Time": 499.948,"Actual Rows": 3697,"Actual Loops": 1,"Inner Unique": true,"Plans": [{"Node Type": "Nested Loop","Parent Relationship": "Outer","Parallel Aware": false,"Async Capable": false,"Join Type": "Semi","Startup Cost": 1250.44,"Total Cost": 147378.26,"Plan Rows": 1,"Plan Width": 34,"Actual Startup Time": 5.611,"Actual Total Time": 438.655,"Actual Rows": 7589,"Actual Loops": 1,"Inner Unique": false,"Plans": [{"Node Type": "Gather","Parent Relationship": "Outer","Parallel Aware": false,"Async Capable": false,"Startup Cost": 1250.01,"Total Cost": 147377.22,"Plan Rows": 1,"Plan Width": 34,"Actual Startup Time": 4.591,"Actual Total Time": 336.749,"Actual Rows": 12677,"Actual Loops": 1,"Workers Planned": 4,"Workers Launched": 4,"Single Copy": false,"Plans": [{"Node Type": "Nested Loop","Parent Relationship": "Outer","Parallel Aware": false,"Async Capable": false,"Join Type": "Anti","Startup Cost": 250.01,"Total Cost": 146377.12,"Plan Rows": 1,"Plan Width": 34,"Actual Startup Time": 5.313,"Actual Total Time": 436.446,"Actual Rows": 2535,"Actual Loops": 5,"Inner Unique": false,"Workers": [],"Plans": [{"Node Type": "Hash Join","Parent Relationship": "Outer","Parallel Aware": false,"Async Capable": false,"Join Type": "Inner","Startup Cost": 249.58,"Total Cost": 133581.65,"Plan Rows": 19990,"Plan Width": 34,"Actual Startup Time": 5.158,"Actual Total Time": 352.526,"Actual Rows": 28439,"Actual Loops": 5,"Inner Unique": false,"Hash Cond": "(l1.l_suppkey = supplier.s_suppkey)","Workers": [],"Plans": [{"Node Type": "Seq Scan","Parent Relationship": "Outer","Parallel Aware": true,"Async Capable": false,"Relation Name": "lineitem","Alias": "l1","Startup Cost": 0.00,"Total Cost": 131256.80,"Plan Rows": 500101,"Plan Width": 8,"Actual Startup Time": 0.028,"Actual Total Time": 300.563,"Actual Rows": 758659,"Actual Loops": 5,"Filter": "(l_receiptdate > l_commitdate)","Rows Removed by Filter": 441584,"Workers": []},{"Node Type": "Hash","Parent Relationship": "Inner","Parallel Aware": false,"Async Capable": false,"Startup Cost": 244.58,"Total Cost": 244.58,"Plan Rows": 400,"Plan Width": 30,"Actual Startup Time": 4.780,"Actual Total Time": 4.790,"Actual Rows": 376,"Actual Loops": 5,"Hash Buckets": 1024,"Original Hash Buckets": 1024,"Hash Batches": 1,"Original Hash Batches": 1,"Peak Memory Usage": 32,"Workers": [],"Plans": [{"Node Type": "Nested Loop","Parent Relationship": "Outer","Parallel Aware": false,"Async Capable": false,"Join Type": "Inner","Startup Cost": 7.38,"Total Cost": 244.58,"Plan Rows": 400,"Plan Width": 30,"Actual Startup Time": 0.359,"Actual Total Time": 4.625,"Actual Rows": 376,"Actual Loops": 5,"Inner Unique": false,"Workers": [],"Plans": [{"Node Type": "Seq Scan","Parent Relationship": "Outer","Parallel Aware": false,"Async Capable": false,"Relation Name": "nation","Alias": "nation","Startup Cost": 0.00,"Total Cost": 1.31,"Plan Rows": 1,"Plan Width": 4,"Actual Startup Time": 0.066,"Actual Total Time": 0.070,"Actual Rows": 1,"Actual Loops": 5,"Filter": "(n_name = 'KENYA'::bpchar)","Rows Removed by Filter": 24,"Workers": []},{"Node Type": "Bitmap Heap Scan","Parent Relationship": "Inner","Parallel Aware": false,"Async Capable": false,"Relation Name": "supplier","Alias": "supplier","Startup Cost": 7.38,"Total Cost": 239.27,"Plan Rows": 400,"Plan Width": 34,"Actual Startup Time": 0.287,"Actual Total Time": 4.480,"Actual Rows": 376,"Actual Loops": 5,"Recheck Cond": "(s_nationkey = nation.n_nationkey)","Rows Removed by Index Recheck": 0,"Exact Heap Blocks": 179,"Lossy Heap Blocks": 0,"Workers": [],"Plans": [{"Node Type": "Bitmap Index Scan","Parent Relationship": "Outer","Parallel Aware": false,"Async Capable": false,"Index Name": "idx_supplier_nation_key","Startup Cost": 0.00,"Total Cost": 7.29,"Plan Rows": 400,"Plan Width": 0,"Actual Startup Time": 0.181,"Actual Total Time": 0.182,"Actual Rows": 376,"Actual Loops": 5,"Index Cond": "(s_nationkey = nation.n_nationkey)","Workers": []}]}]}]}]},{"Node Type": "Index Scan","Parent Relationship": "Inner","Parallel Aware": false,"Async Capable": false,"Scan Direction": "Forward","Index Name": "idx_lineitem_orderkey","Relation Name": "lineitem","Alias": "l3","Startup Cost": 0.43,"Total Cost": 1.06,"Plan Rows": 6,"Plan Width": 8,"Actual Startup Time": 0.003,"Actual Total Time": 0.003,"Actual Rows": 1,"Actual Loops": 142196,"Index Cond": "(l_orderkey = l1.l_orderkey)","Rows Removed by Index Recheck": 0,"Filter": "((l_receiptdate > l_commitdate) AND (l_suppkey <> l1.l_suppkey))","Rows Removed by Filter": 1,"Workers": []}]}]},{"Node Type": "Index Scan","Parent Relationship": "Inner","Parallel Aware": false,"Async Capable": false,"Scan Direction": "Forward","Index Name": "idx_lineitem_orderkey","Relation Name": "lineitem","Alias": "l2","Startup Cost": 0.43,"Total Cost": 1.02,"Plan Rows": 17,"Plan Width": 8,"Actual Startup Time": 0.008,"Actual Total Time": 0.008,"Actual Rows": 1,"Actual Loops": 12677,"Index Cond": "(l_orderkey = l1.l_orderkey)","Rows Removed by Index Recheck": 0,"Filter": "(l_suppkey <> l1.l_suppkey)","Rows Removed by Filter": 1}]},{"Node Type": "Index Scan","Parent Relationship": "Inner","Parallel Aware": false,"Async Capable": false,"Scan Direction": "Forward","Index Name": "orders_pkey","Relation Name": "orders","Alias": "orders","Startup Cost": 0.43,"Total Cost": 0.51,"Plan Rows": 1,"Plan Width": 4,"Actual Startup Time": 0.008,"Actual Total Time": 0.008,"Actual Rows": 0,"Actual Loops": 7589,"Index Cond": "(o_orderkey = l1.l_orderkey)","Rows Removed by Index Recheck": 0,"Filter": "(o_orderstatus = 'F'::bpchar)","Rows Removed by Filter": 1}]}]}]}]},"Planning Time": 8.298,"Triggers": [],"Execution Time": 512.274}]
[{"Plan": {"Node Type": "Sort","Parallel Aware": false,"Async Capable": false,"Startup Cost": 147378.80,"Total Cost": 147378.81,"Plan Rows": 1,"Plan Width": 34,"Actual Startup Time": 506.689,"Actual Total Time": 525.046,"Actual Rows": 415,"Actual Loops": 1,"Sort Key": ["(count(*)) DESC", "supplier.s_name"],"Sort Method": "quicksort","Sort Space Used": 57,"Sort Space Type": "Memory","Plans": [{"Node Type": "Aggregate","Strategy": "Sorted","Partial Mode": "Simple","Parent Relationship": "Outer","Parallel Aware": false,"Async Capable": false,"Startup Cost": 147378.77,"Total Cost": 147378.79,"Plan Rows": 1,"Plan Width": 34,"Actual Startup Time": 505.377,"Actual Total Time": 524.254,"Actual Rows": 415,"Actual Loops": 1,"Group Key": ["supplier.s_name"],"Plans": [{"Node Type": "Sort","Parent Relationship": "Outer","Parallel Aware": false,"Async Capable": false,"Startup Cost": 147378.77,"Total Cost": 147378.78,"Plan Rows": 1,"Plan Width": 26,"Actual Startup Time": 505.350,"Actual Total Time": 523.830,"Actual Rows": 4021,"Actual Loops": 1,"Sort Key": ["supplier.s_name"],"Sort Method": "quicksort","Sort Space Used": 379,"Sort Space Type": "Memory","Plans": [{"Node Type": "Nested Loop","Parent Relationship": "Outer","Parallel Aware": false,"Async Capable": false,"Join Type": "Inner","Startup Cost": 1250.87,"Total Cost": 147378.76,"Plan Rows": 1,"Plan Width": 26,"Actual Startup Time": 4.344,"Actual Total Time": 512.010,"Actual Rows": 4021,"Actual Loops": 1,"Inner Unique": true,"Plans": [{"Node Type": "Nested Loop","Parent Relationship": "Outer","Parallel Aware": false,"Async Capable": false,"Join Type": "Semi","Startup Cost": 1250.44,"Total Cost": 147378.26,"Plan Rows": 1,"Plan Width": 34,"Actual Startup Time": 4.308,"Actual Total Time": 447.240,"Actual Rows": 8423,"Actual Loops": 1,"Inner Unique": false,"Plans": [{"Node Type": "Gather","Parent Relationship": "Outer","Parallel Aware": false,"Async Capable": false,"Startup Cost": 1250.01,"Total Cost": 147377.22,"Plan Rows": 1,"Plan Width": 34,"Actual Startup Time": 4.250,"Actual Total Time": 340.738,"Actual Rows": 13873,"Actual Loops": 1,"Workers Planned": 4,"Workers Launched": 4,"Single Copy": false,"Plans": [{"Node Type": "Nested Loop","Parent Relationship": "Outer","Parallel Aware": false,"Async Capable": false,"Join Type": "Anti","Startup Cost": 250.01,"Total Cost": 146377.12,"Plan Rows": 1,"Plan Width": 34,"Actual Startup Time": 6.059,"Actual Total Time": 447.143,"Actual Rows": 2775,"Actual Loops": 5,"Inner Unique": false,"Workers": [],"Plans": [{"Node Type": "Hash Join","Parent Relationship": "Outer","Parallel Aware": false,"Async Capable": false,"Join Type": "Inner","Startup Cost": 249.58,"Total Cost": 133581.65,"Plan Rows": 19990,"Plan Width": 34,"Actual Startup Time": 5.350,"Actual Total Time": 355.670,"Actual Rows": 31496,"Actual Loops": 5,"Inner Unique": false,"Hash Cond": "(l1.l_suppkey = supplier.s_suppkey)","Workers": [],"Plans": [{"Node Type": "Seq Scan","Parent Relationship": "Outer","Parallel Aware": true,"Async Capable": false,"Relation Name": "lineitem","Alias": "l1","Startup Cost": 0.00,"Total Cost": 131256.80,"Plan Rows": 500101,"Plan Width": 8,"Actual Startup Time": 0.034,"Actual Total Time": 302.387,"Actual Rows": 758659,"Actual Loops": 5,"Filter": "(l_receiptdate > l_commitdate)","Rows Removed by Filter": 441584,"Workers": []},{"Node Type": "Hash","Parent Relationship": "Inner","Parallel Aware": false,"Async Capable": false,"Startup Cost": 244.58,"Total Cost": 244.58,"Plan Rows": 400,"Plan Width": 30,"Actual Startup Time": 5.023,"Actual Total Time": 5.034,"Actual Rows": 415,"Actual Loops": 5,"Hash Buckets": 1024,"Original Hash Buckets": 1024,"Hash Batches": 1,"Original Hash Batches": 1,"Peak Memory Usage": 34,"Workers": [],"Plans": [{"Node Type": "Nested Loop","Parent Relationship": "Outer","Parallel Aware": false,"Async Capable": false,"Join Type": "Inner","Startup Cost": 7.38,"Total Cost": 244.58,"Plan Rows": 400,"Plan Width": 30,"Actual Startup Time": 0.341,"Actual Total Time": 4.843,"Actual Rows": 415,"Actual Loops": 5,"Inner Unique": false,"Workers": [],"Plans": [{"Node Type": "Seq Scan","Parent Relationship": "Outer","Parallel Aware": false,"Async Capable": false,"Relation Name": "nation","Alias": "nation","Startup Cost": 0.00,"Total Cost": 1.31,"Plan Rows": 1,"Plan Width": 4,"Actual Startup Time": 0.054,"Actual Total Time": 0.060,"Actual Rows": 1,"Actual Loops": 5,"Filter": "(n_name = 'INDIA'::bpchar)","Rows Removed by Filter": 24,"Workers": []},{"Node Type": "Bitmap Heap Scan","Parent Relationship": "Inner","Parallel Aware": false,"Async Capable": false,"Relation Name": "supplier","Alias": "supplier","Startup Cost": 7.38,"Total Cost": 239.27,"Plan Rows": 400,"Plan Width": 34,"Actual Startup Time": 0.281,"Actual Total Time": 4.691,"Actual Rows": 415,"Actual Loops": 5,"Recheck Cond": "(s_nationkey = nation.n_nationkey)","Rows Removed by Index Recheck": 0,"Exact Heap Blocks": 186,"Lossy Heap Blocks": 0,"Workers": [],"Plans": [{"Node Type": "Bitmap Index Scan","Parent Relationship": "Outer","Parallel Aware": false,"Async Capable": false,"Index Name": "idx_supplier_nation_key","Startup Cost": 0.00,"Total Cost": 7.29,"Plan Rows": 400,"Plan Width": 0,"Actual Startup Time": 0.207,"Actual Total Time": 0.208,"Actual Rows": 415,"Actual Loops": 5,"Index Cond": "(s_nationkey = nation.n_nationkey)","Workers": []}]}]}]}]},{"Node Type": "Index Scan","Parent Relationship": "Inner","Parallel Aware": false,"Async Capable": false,"Scan Direction": "Forward","Index Name": "idx_lineitem_orderkey","Relation Name": "lineitem","Alias": "l3","Startup Cost": 0.43,"Total Cost": 1.06,"Plan Rows": 6,"Plan Width": 8,"Actual Startup Time": 0.003,"Actual Total Time": 0.003,"Actual Rows": 1,"Actual Loops": 157482,"Index Cond": "(l_orderkey = l1.l_orderkey)","Rows Removed by Index Recheck": 0,"Filter": "((l_receiptdate > l_commitdate) AND (l_suppkey <> l1.l_suppkey))","Rows Removed by Filter": 1,"Workers": []}]}]},{"Node Type": "Index Scan","Parent Relationship": "Inner","Parallel Aware": false,"Async Capable": false,"Scan Direction": "Forward","Index Name": "idx_lineitem_orderkey","Relation Name": "lineitem","Alias": "l2","Startup Cost": 0.43,"Total Cost": 1.02,"Plan Rows": 17,"Plan Width": 8,"Actual Startup Time": 0.007,"Actual Total Time": 0.007,"Actual Rows": 1,"Actual Loops": 13873,"Index Cond": "(l_orderkey = l1.l_orderkey)","Rows Removed by Index Recheck": 0,"Filter": "(l_suppkey <> l1.l_suppkey)","Rows Removed by Filter": 1}]},{"Node Type": "Index Scan","Parent Relationship": "Inner","Parallel Aware": false,"Async Capable": false,"Scan Direction": "Forward","Index Name": "orders_pkey","Relation Name": "orders","Alias": "orders","Startup Cost": 0.43,"Total Cost": 0.51,"Plan Rows": 1,"Plan Width": 4,"Actual Startup Time": 0.007,"Actual Total Time": 0.007,"Actual Rows": 0,"Actual Loops": 8423,"Index Cond": "(o_orderkey = l1.l_orderkey)","Rows Removed by Index Recheck": 0,"Filter": "(o_orderstatus = 'F'::bpchar)","Rows Removed by Filter": 1}]}]}]}]},"Planning Time": 9.331,"Triggers": [],"Execution Time": 525.561}]
[{"Plan": {"Node Type": "Sort","Parallel Aware": false,"Async Capable": false,"Startup Cost": 147378.80,"Total Cost": 147378.81,"Plan Rows": 1,"Plan Width": 34,"Actual Startup Time": 494.557,"Actual Total Time": 516.628,"Actual Rows": 380,"Actual Loops": 1,"Sort Key": ["(count(*)) DESC", "supplier.s_name"],"Sort Method": "quicksort","Sort Space Used": 54,"Sort Space Type": "Memory","Plans": [{"Node Type": "Aggregate","Strategy": "Sorted","Partial Mode": "Simple","Parent Relationship": "Outer","Parallel Aware": false,"Async Capable": false,"Startup Cost": 147378.77,"Total Cost": 147378.79,"Plan Rows": 1,"Plan Width": 34,"Actual Startup Time": 493.417,"Actual Total Time": 515.990,"Actual Rows": 380,"Actual Loops": 1,"Group Key": ["supplier.s_name"],"Plans": [{"Node Type": "Sort","Parent Relationship": "Outer","Parallel Aware": false,"Async Capable": false,"Startup Cost": 147378.77,"Total Cost": 147378.78,"Plan Rows": 1,"Plan Width": 26,"Actual Startup Time": 493.396,"Actual Total Time": 515.587,"Actual Rows": 3777,"Actual Loops": 1,"Sort Key": ["supplier.s_name"],"Sort Method": "quicksort","Sort Space Used": 362,"Sort Space Type": "Memory","Plans": [{"Node Type": "Nested Loop","Parent Relationship": "Outer","Parallel Aware": false,"Async Capable": false,"Join Type": "Inner","Startup Cost": 1250.87,"Total Cost": 147378.76,"Plan Rows": 1,"Plan Width": 26,"Actual Startup Time": 4.998,"Actual Total Time": 504.711,"Actual Rows": 3777,"Actual Loops": 1,"Inner Unique": true,"Plans": [{"Node Type": "Nested Loop","Parent Relationship": "Outer","Parallel Aware": false,"Async Capable": false,"Join Type": "Semi","Startup Cost": 1250.44,"Total Cost": 147378.26,"Plan Rows": 1,"Plan Width": 34,"Actual Startup Time": 4.963,"Actual Total Time": 440.621,"Actual Rows": 7670,"Actual Loops": 1,"Inner Unique": false,"Plans": [{"Node Type": "Gather","Parent Relationship": "Outer","Parallel Aware": false,"Async Capable": false,"Startup Cost": 1250.01,"Total Cost": 147377.22,"Plan Rows": 1,"Plan Width": 34,"Actual Startup Time": 4.951,"Actual Total Time": 333.201,"Actual Rows": 12935,"Actual Loops": 1,"Workers Planned": 4,"Workers Launched": 4,"Single Copy": false,"Plans": [{"Node Type": "Nested Loop","Parent Relationship": "Outer","Parallel Aware": false,"Async Capable": false,"Join Type": "Anti","Startup Cost": 250.01,"Total Cost": 146377.12,"Plan Rows": 1,"Plan Width": 34,"Actual Startup Time": 5.873,"Actual Total Time": 437.867,"Actual Rows": 2587,"Actual Loops": 5,"Inner Unique": false,"Workers": [],"Plans": [{"Node Type": "Hash Join","Parent Relationship": "Outer","Parallel Aware": false,"Async Capable": false,"Join Type": "Inner","Startup Cost": 249.58,"Total Cost": 133581.65,"Plan Rows": 19990,"Plan Width": 34,"Actual Startup Time": 5.239,"Actual Total Time": 352.656,"Actual Rows": 28741,"Actual Loops": 5,"Inner Unique": false,"Hash Cond": "(l1.l_suppkey = supplier.s_suppkey)","Workers": [],"Plans": [{"Node Type": "Seq Scan","Parent Relationship": "Outer","Parallel Aware": true,"Async Capable": false,"Relation Name": "lineitem","Alias": "l1","Startup Cost": 0.00,"Total Cost": 131256.80,"Plan Rows": 500101,"Plan Width": 8,"Actual Startup Time": 0.031,"Actual Total Time": 300.900,"Actual Rows": 758659,"Actual Loops": 5,"Filter": "(l_receiptdate > l_commitdate)","Rows Removed by Filter": 441584,"Workers": []},{"Node Type": "Hash","Parent Relationship": "Inner","Parallel Aware": false,"Async Capable": false,"Startup Cost": 244.58,"Total Cost": 244.58,"Plan Rows": 400,"Plan Width": 30,"Actual Startup Time": 4.907,"Actual Total Time": 4.921,"Actual Rows": 380,"Actual Loops": 5,"Hash Buckets": 1024,"Original Hash Buckets": 1024,"Hash Batches": 1,"Original Hash Batches": 1,"Peak Memory Usage": 32,"Workers": [],"Plans": [{"Node Type": "Nested Loop","Parent Relationship": "Outer","Parallel Aware": false,"Async Capable": false,"Join Type": "Inner","Startup Cost": 7.38,"Total Cost": 244.58,"Plan Rows": 400,"Plan Width": 30,"Actual Startup Time": 0.293,"Actual Total Time": 4.740,"Actual Rows": 380,"Actual Loops": 5,"Inner Unique": false,"Workers": [],"Plans": [{"Node Type": "Seq Scan","Parent Relationship": "Outer","Parallel Aware": false,"Async Capable": false,"Relation Name": "nation","Alias": "nation","Startup Cost": 0.00,"Total Cost": 1.31,"Plan Rows": 1,"Plan Width": 4,"Actual Startup Time": 0.048,"Actual Total Time": 0.056,"Actual Rows": 1,"Actual Loops": 5,"Filter": "(n_name = 'ETHIOPIA'::bpchar)","Rows Removed by Filter": 24,"Workers": []},{"Node Type": "Bitmap Heap Scan","Parent Relationship": "Inner","Parallel Aware": false,"Async Capable": false,"Relation Name": "supplier","Alias": "supplier","Startup Cost": 7.38,"Total Cost": 239.27,"Plan Rows": 400,"Plan Width": 34,"Actual Startup Time": 0.240,"Actual Total Time": 4.598,"Actual Rows": 380,"Actual Loops": 5,"Recheck Cond": "(s_nationkey = nation.n_nationkey)","Rows Removed by Index Recheck": 0,"Exact Heap Blocks": 192,"Lossy Heap Blocks": 0,"Workers": [],"Plans": [{"Node Type": "Bitmap Index Scan","Parent Relationship": "Outer","Parallel Aware": false,"Async Capable": false,"Index Name": "idx_supplier_nation_key","Startup Cost": 0.00,"Total Cost": 7.29,"Plan Rows": 400,"Plan Width": 0,"Actual Startup Time": 0.158,"Actual Total Time": 0.159,"Actual Rows": 380,"Actual Loops": 5,"Index Cond": "(s_nationkey = nation.n_nationkey)","Workers": []}]}]}]}]},{"Node Type": "Index Scan","Parent Relationship": "Inner","Parallel Aware": false,"Async Capable": false,"Scan Direction": "Forward","Index Name": "idx_lineitem_orderkey","Relation Name": "lineitem","Alias": "l3","Startup Cost": 0.43,"Total Cost": 1.06,"Plan Rows": 6,"Plan Width": 8,"Actual Startup Time": 0.003,"Actual Total Time": 0.003,"Actual Rows": 1,"Actual Loops": 143707,"Index Cond": "(l_orderkey = l1.l_orderkey)","Rows Removed by Index Recheck": 0,"Filter": "((l_receiptdate > l_commitdate) AND (l_suppkey <> l1.l_suppkey))","Rows Removed by Filter": 1,"Workers": []}]}]},{"Node Type": "Index Scan","Parent Relationship": "Inner","Parallel Aware": false,"Async Capable": false,"Scan Direction": "Forward","Index Name": "idx_lineitem_orderkey","Relation Name": "lineitem","Alias": "l2","Startup Cost": 0.43,"Total Cost": 1.02,"Plan Rows": 17,"Plan Width": 8,"Actual Startup Time": 0.008,"Actual Total Time": 0.008,"Actual Rows": 1,"Actual Loops": 12935,"Index Cond": "(l_orderkey = l1.l_orderkey)","Rows Removed by Index Recheck": 0,"Filter": "(l_suppkey <> l1.l_suppkey)","Rows Removed by Filter": 1}]},{"Node Type": "Index Scan","Parent Relationship": "Inner","Parallel Aware": false,"Async Capable": false,"Scan Direction": "Forward","Index Name": "orders_pkey","Relation Name": "orders","Alias": "orders","Startup Cost": 0.43,"Total Cost": 0.51,"Plan Rows": 1,"Plan Width": 4,"Actual Startup Time": 0.008,"Actual Total Time": 0.008,"Actual Rows": 0,"Actual Loops": 7670,"Index Cond": "(o_orderkey = l1.l_orderkey)","Rows Removed by Index Recheck": 0,"Filter": "(o_orderstatus = 'F'::bpchar)","Rows Removed by Filter": 1}]}]}]}]},"Planning Time": 9.415,"Triggers": [],"Execution Time": 517.200}]
[{"Plan": {"Node Type": "Sort","Parallel Aware": false,"Async Capable": false,"Startup Cost": 147378.80,"Total Cost": 147378.81,"Plan Rows": 1,"Plan Width": 34,"Actual Startup Time": 496.555,"Actual Total Time": 517.754,"Actual Rows": 397,"Actual Loops": 1,"Sort Key": ["(count(*)) DESC", "supplier.s_name"],"Sort Method": "quicksort","Sort Space Used": 56,"Sort Space Type": "Memory","Plans": [{"Node Type": "Aggregate","Strategy": "Sorted","Partial Mode": "Simple","Parent Relationship": "Outer","Parallel Aware": false,"Async Capable": false,"Startup Cost": 147378.77,"Total Cost": 147378.79,"Plan Rows": 1,"Plan Width": 34,"Actual Startup Time": 495.361,"Actual Total Time": 517.058,"Actual Rows": 397,"Actual Loops": 1,"Group Key": ["supplier.s_name"],"Plans": [{"Node Type": "Sort","Parent Relationship": "Outer","Parallel Aware": false,"Async Capable": false,"Startup Cost": 147378.77,"Total Cost": 147378.78,"Plan Rows": 1,"Plan Width": 26,"Actual Startup Time": 495.332,"Actual Total Time": 516.651,"Actual Rows": 3913,"Actual Loops": 1,"Sort Key": ["supplier.s_name"],"Sort Method": "quicksort","Sort Space Used": 372,"Sort Space Type": "Memory","Plans": [{"Node Type": "Nested Loop","Parent Relationship": "Outer","Parallel Aware": false,"Async Capable": false,"Join Type": "Inner","Startup Cost": 1250.87,"Total Cost": 147378.76,"Plan Rows": 1,"Plan Width": 26,"Actual Startup Time": 5.355,"Actual Total Time": 505.328,"Actual Rows": 3913,"Actual Loops": 1,"Inner Unique": true,"Plans": [{"Node Type": "Nested Loop","Parent Relationship": "Outer","Parallel Aware": false,"Async Capable": false,"Join Type": "Semi","Startup Cost": 1250.44,"Total Cost": 147378.26,"Plan Rows": 1,"Plan Width": 34,"Actual Startup Time": 4.468,"Actual Total Time": 441.221,"Actual Rows": 7976,"Actual Loops": 1,"Inner Unique": false,"Plans": [{"Node Type": "Gather","Parent Relationship": "Outer","Parallel Aware": false,"Async Capable": false,"Startup Cost": 1250.01,"Total Cost": 147377.22,"Plan Rows": 1,"Plan Width": 34,"Actual Startup Time": 4.454,"Actual Total Time": 332.117,"Actual Rows": 13419,"Actual Loops": 1,"Workers Planned": 4,"Workers Launched": 4,"Single Copy": false,"Plans": [{"Node Type": "Nested Loop","Parent Relationship": "Outer","Parallel Aware": false,"Async Capable": false,"Join Type": "Anti","Startup Cost": 250.01,"Total Cost": 146377.12,"Plan Rows": 1,"Plan Width": 34,"Actual Startup Time": 5.707,"Actual Total Time": 439.562,"Actual Rows": 2684,"Actual Loops": 5,"Inner Unique": false,"Workers": [],"Plans": [{"Node Type": "Hash Join","Parent Relationship": "Outer","Parallel Aware": false,"Async Capable": false,"Join Type": "Inner","Startup Cost": 249.58,"Total Cost": 133581.65,"Plan Rows": 19990,"Plan Width": 34,"Actual Startup Time": 5.222,"Actual Total Time": 351.394,"Actual Rows": 30171,"Actual Loops": 5,"Inner Unique": false,"Hash Cond": "(l1.l_suppkey = supplier.s_suppkey)","Workers": [],"Plans": [{"Node Type": "Seq Scan","Parent Relationship": "Outer","Parallel Aware": true,"Async Capable": false,"Relation Name": "lineitem","Alias": "l1","Startup Cost": 0.00,"Total Cost": 131256.80,"Plan Rows": 500101,"Plan Width": 8,"Actual Startup Time": 0.029,"Actual Total Time": 300.354,"Actual Rows": 758659,"Actual Loops": 5,"Filter": "(l_receiptdate > l_commitdate)","Rows Removed by Filter": 441584,"Workers": []},{"Node Type": "Hash","Parent Relationship": "Inner","Parallel Aware": false,"Async Capable": false,"Startup Cost": 244.58,"Total Cost": 244.58,"Plan Rows": 400,"Plan Width": 30,"Actual Startup Time": 4.859,"Actual Total Time": 4.869,"Actual Rows": 397,"Actual Loops": 5,"Hash Buckets": 1024,"Original Hash Buckets": 1024,"Hash Batches": 1,"Original Hash Batches": 1,"Peak Memory Usage": 33,"Workers": [],"Plans": [{"Node Type": "Nested Loop","Parent Relationship": "Outer","Parallel Aware": false,"Async Capable": false,"Join Type": "Inner","Startup Cost": 7.38,"Total Cost": 244.58,"Plan Rows": 400,"Plan Width": 30,"Actual Startup Time": 0.335,"Actual Total Time": 4.677,"Actual Rows": 397,"Actual Loops": 5,"Inner Unique": false,"Workers": [],"Plans": [{"Node Type": "Seq Scan","Parent Relationship": "Outer","Parallel Aware": false,"Async Capable": false,"Relation Name": "nation","Alias": "nation","Startup Cost": 0.00,"Total Cost": 1.31,"Plan Rows": 1,"Plan Width": 4,"Actual Startup Time": 0.076,"Actual Total Time": 0.084,"Actual Rows": 1,"Actual Loops": 5,"Filter": "(n_name = 'BRAZIL'::bpchar)","Rows Removed by Filter": 24,"Workers": []},{"Node Type": "Bitmap Heap Scan","Parent Relationship": "Inner","Parallel Aware": false,"Async Capable": false,"Relation Name": "supplier","Alias": "supplier","Startup Cost": 7.38,"Total Cost": 239.27,"Plan Rows": 400,"Plan Width": 34,"Actual Startup Time": 0.255,"Actual Total Time": 4.499,"Actual Rows": 397,"Actual Loops": 5,"Recheck Cond": "(s_nationkey = nation.n_nationkey)","Rows Removed by Index Recheck": 0,"Exact Heap Blocks": 187,"Lossy Heap Blocks": 0,"Workers": [],"Plans": [{"Node Type": "Bitmap Index Scan","Parent Relationship": "Outer","Parallel Aware": false,"Async Capable": false,"Index Name": "idx_supplier_nation_key","Startup Cost": 0.00,"Total Cost": 7.29,"Plan Rows": 400,"Plan Width": 0,"Actual Startup Time": 0.169,"Actual Total Time": 0.170,"Actual Rows": 397,"Actual Loops": 5,"Index Cond": "(s_nationkey = nation.n_nationkey)","Workers": []}]}]}]}]},{"Node Type": "Index Scan","Parent Relationship": "Inner","Parallel Aware": false,"Async Capable": false,"Scan Direction": "Forward","Index Name": "idx_lineitem_orderkey","Relation Name": "lineitem","Alias": "l3","Startup Cost": 0.43,"Total Cost": 1.06,"Plan Rows": 6,"Plan Width": 8,"Actual Startup Time": 0.003,"Actual Total Time": 0.003,"Actual Rows": 1,"Actual Loops": 150857,"Index Cond": "(l_orderkey = l1.l_orderkey)","Rows Removed by Index Recheck": 0,"Filter": "((l_receiptdate > l_commitdate) AND (l_suppkey <> l1.l_suppkey))","Rows Removed by Filter": 1,"Workers": []}]}]},{"Node Type": "Index Scan","Parent Relationship": "Inner","Parallel Aware": false,"Async Capable": false,"Scan Direction": "Forward","Index Name": "idx_lineitem_orderkey","Relation Name": "lineitem","Alias": "l2","Startup Cost": 0.43,"Total Cost": 1.02,"Plan Rows": 17,"Plan Width": 8,"Actual Startup Time": 0.008,"Actual Total Time": 0.008,"Actual Rows": 1,"Actual Loops": 13419,"Index Cond": "(l_orderkey = l1.l_orderkey)","Rows Removed by Index Recheck": 0,"Filter": "(l_suppkey <> l1.l_suppkey)","Rows Removed by Filter": 1}]},{"Node Type": "Index Scan","Parent Relationship": "Inner","Parallel Aware": false,"Async Capable": false,"Scan Direction": "Forward","Index Name": "orders_pkey","Relation Name": "orders","Alias": "orders","Startup Cost": 0.43,"Total Cost": 0.51,"Plan Rows": 1,"Plan Width": 4,"Actual Startup Time": 0.008,"Actual Total Time": 0.008,"Actual Rows": 0,"Actual Loops": 7976,"Index Cond": "(o_orderkey = l1.l_orderkey)","Rows Removed by Index Recheck": 0,"Filter": "(o_orderstatus = 'F'::bpchar)","Rows Removed by Filter": 1}]}]}]}]},"Planning Time": 8.213,"Triggers": [],"Execution Time": 518.316}]
[{"Plan": {"Node Type": "Sort","Parallel Aware": false,"Async Capable": false,"Startup Cost": 147378.80,"Total Cost": 147378.81,"Plan Rows": 1,"Plan Width": 34,"Actual Startup Time": 503.423,"Actual Total Time": 521.004,"Actual Rows": 406,"Actual Loops": 1,"Sort Key": ["(count(*)) DESC", "supplier.s_name"],"Sort Method": "quicksort","Sort Space Used": 56,"Sort Space Type": "Memory","Plans": [{"Node Type": "Aggregate","Strategy": "Sorted","Partial Mode": "Simple","Parent Relationship": "Outer","Parallel Aware": false,"Async Capable": false,"Startup Cost": 147378.77,"Total Cost": 147378.79,"Plan Rows": 1,"Plan Width": 34,"Actual Startup Time": 502.176,"Actual Total Time": 520.280,"Actual Rows": 406,"Actual Loops": 1,"Group Key": ["supplier.s_name"],"Plans": [{"Node Type": "Sort","Parent Relationship": "Outer","Parallel Aware": false,"Async Capable": false,"Startup Cost": 147378.77,"Total Cost": 147378.78,"Plan Rows": 1,"Plan Width": 26,"Actual Startup Time": 502.147,"Actual Total Time": 519.852,"Actual Rows": 4052,"Actual Loops": 1,"Sort Key": ["supplier.s_name"],"Sort Method": "quicksort","Sort Space Used": 381,"Sort Space Type": "Memory","Plans": [{"Node Type": "Nested Loop","Parent Relationship": "Outer","Parallel Aware": false,"Async Capable": false,"Join Type": "Inner","Startup Cost": 1250.87,"Total Cost": 147378.76,"Plan Rows": 1,"Plan Width": 26,"Actual Startup Time": 4.486,"Actual Total Time": 508.290,"Actual Rows": 4052,"Actual Loops": 1,"Inner Unique": true,"Plans": [{"Node Type": "Nested Loop","Parent Relationship": "Outer","Parallel Aware": false,"Async Capable": false,"Join Type": "Semi","Startup Cost": 1250.44,"Total Cost": 147378.26,"Plan Rows": 1,"Plan Width": 34,"Actual Startup Time": 4.452,"Actual Total Time": 441.127,"Actual Rows": 8332,"Actual Loops": 1,"Inner Unique": false,"Plans": [{"Node Type": "Gather","Parent Relationship": "Outer","Parallel Aware": false,"Async Capable": false,"Startup Cost": 1250.01,"Total Cost": 147377.22,"Plan Rows": 1,"Plan Width": 34,"Actual Startup Time": 4.440,"Actual Total Time": 331.994,"Actual Rows": 13791,"Actual Loops": 1,"Workers Planned": 4,"Workers Launched": 4,"Single Copy": false,"Plans": [{"Node Type": "Nested Loop","Parent Relationship": "Outer","Parallel Aware": false,"Async Capable": false,"Join Type": "Anti","Startup Cost": 250.01,"Total Cost": 146377.12,"Plan Rows": 1,"Plan Width": 34,"Actual Startup Time": 4.624,"Actual Total Time": 442.937,"Actual Rows": 2758,"Actual Loops": 5,"Inner Unique": false,"Workers": [],"Plans": [{"Node Type": "Hash Join","Parent Relationship": "Outer","Parallel Aware": false,"Async Capable": false,"Join Type": "Inner","Startup Cost": 249.58,"Total Cost": 133581.65,"Plan Rows": 19990,"Plan Width": 34,"Actual Startup Time": 4.481,"Actual Total Time": 353.409,"Actual Rows": 30900,"Actual Loops": 5,"Inner Unique": false,"Hash Cond": "(l1.l_suppkey = supplier.s_suppkey)","Workers": [],"Plans": [{"Node Type": "Seq Scan","Parent Relationship": "Outer","Parallel Aware": true,"Async Capable": false,"Relation Name": "lineitem","Alias": "l1","Startup Cost": 0.00,"Total Cost": 131256.80,"Plan Rows": 500101,"Plan Width": 8,"Actual Startup Time": 0.029,"Actual Total Time": 301.270,"Actual Rows": 758659,"Actual Loops": 5,"Filter": "(l_receiptdate > l_commitdate)","Rows Removed by Filter": 441584,"Workers": []},{"Node Type": "Hash","Parent Relationship": "Inner","Parallel Aware": false,"Async Capable": false,"Startup Cost": 244.58,"Total Cost": 244.58,"Plan Rows": 400,"Plan Width": 30,"Actual Startup Time": 4.105,"Actual Total Time": 4.114,"Actual Rows": 406,"Actual Loops": 5,"Hash Buckets": 1024,"Original Hash Buckets": 1024,"Hash Batches": 1,"Original Hash Batches": 1,"Peak Memory Usage": 34,"Workers": [],"Plans": [{"Node Type": "Nested Loop","Parent Relationship": "Outer","Parallel Aware": false,"Async Capable": false,"Join Type": "Inner","Startup Cost": 7.38,"Total Cost": 244.58,"Plan Rows": 400,"Plan Width": 30,"Actual Startup Time": 0.252,"Actual Total Time": 3.975,"Actual Rows": 406,"Actual Loops": 5,"Inner Unique": false,"Workers": [],"Plans": [{"Node Type": "Seq Scan","Parent Relationship": "Outer","Parallel Aware": false,"Async Capable": false,"Relation Name": "nation","Alias": "nation","Startup Cost": 0.00,"Total Cost": 1.31,"Plan Rows": 1,"Plan Width": 4,"Actual Startup Time": 0.055,"Actual Total Time": 0.058,"Actual Rows": 1,"Actual Loops": 5,"Filter": "(n_name = 'MOZAMBIQUE'::bpchar)","Rows Removed by Filter": 24,"Workers": []},{"Node Type": "Bitmap Heap Scan","Parent Relationship": "Inner","Parallel Aware": false,"Async Capable": false,"Relation Name": "supplier","Alias": "supplier","Startup Cost": 7.38,"Total Cost": 239.27,"Plan Rows": 400,"Plan Width": 34,"Actual Startup Time": 0.193,"Actual Total Time": 3.854,"Actual Rows": 406,"Actual Loops": 5,"Recheck Cond": "(s_nationkey = nation.n_nationkey)","Rows Removed by Index Recheck": 0,"Exact Heap Blocks": 186,"Lossy Heap Blocks": 0,"Workers": [],"Plans": [{"Node Type": "Bitmap Index Scan","Parent Relationship": "Outer","Parallel Aware": false,"Async Capable": false,"Index Name": "idx_supplier_nation_key","Startup Cost": 0.00,"Total Cost": 7.29,"Plan Rows": 400,"Plan Width": 0,"Actual Startup Time": 0.125,"Actual Total Time": 0.126,"Actual Rows": 406,"Actual Loops": 5,"Index Cond": "(s_nationkey = nation.n_nationkey)","Workers": []}]}]}]}]},{"Node Type": "Index Scan","Parent Relationship": "Inner","Parallel Aware": false,"Async Capable": false,"Scan Direction": "Forward","Index Name": "idx_lineitem_orderkey","Relation Name": "lineitem","Alias": "l3","Startup Cost": 0.43,"Total Cost": 1.06,"Plan Rows": 6,"Plan Width": 8,"Actual Startup Time": 0.003,"Actual Total Time": 0.003,"Actual Rows": 1,"Actual Loops": 154501,"Index Cond": "(l_orderkey = l1.l_orderkey)","Rows Removed by Index Recheck": 0,"Filter": "((l_receiptdate > l_commitdate) AND (l_suppkey <> l1.l_suppkey))","Rows Removed by Filter": 1,"Workers": []}]}]},{"Node Type": "Index Scan","Parent Relationship": "Inner","Parallel Aware": false,"Async Capable": false,"Scan Direction": "Forward","Index Name": "idx_lineitem_orderkey","Relation Name": "lineitem","Alias": "l2","Startup Cost": 0.43,"Total Cost": 1.02,"Plan Rows": 17,"Plan Width": 8,"Actual Startup Time": 0.007,"Actual Total Time": 0.007,"Actual Rows": 1,"Actual Loops": 13791,"Index Cond": "(l_orderkey = l1.l_orderkey)","Rows Removed by Index Recheck": 0,"Filter": "(l_suppkey <> l1.l_suppkey)","Rows Removed by Filter": 1}]},{"Node Type": "Index Scan","Parent Relationship": "Inner","Parallel Aware": false,"Async Capable": false,"Scan Direction": "Forward","Index Name": "orders_pkey","Relation Name": "orders","Alias": "orders","Startup Cost": 0.43,"Total Cost": 0.51,"Plan Rows": 1,"Plan Width": 4,"Actual Startup Time": 0.008,"Actual Total Time": 0.008,"Actual Rows": 0,"Actual Loops": 8332,"Index Cond": "(o_orderkey = l1.l_orderkey)","Rows Removed by Index Recheck": 0,"Filter": "(o_orderstatus = 'F'::bpchar)","Rows Removed by Filter": 1}]}]}]}]},"Planning Time": 9.793,"Triggers": [],"Execution Time": 521.577}]
[{"Plan": {"Node Type": "Sort","Parallel Aware": false,"Async Capable": false,"Startup Cost": 147378.80,"Total Cost": 147378.81,"Plan Rows": 1,"Plan Width": 34,"Actual Startup Time": 505.815,"Actual Total Time": 525.309,"Actual Rows": 390,"Actual Loops": 1,"Sort Key": ["(count(*)) DESC", "supplier.s_name"],"Sort Method": "quicksort","Sort Space Used": 55,"Sort Space Type": "Memory","Plans": [{"Node Type": "Aggregate","Strategy": "Sorted","Partial Mode": "Simple","Parent Relationship": "Outer","Parallel Aware": false,"Async Capable": false,"Startup Cost": 147378.77,"Total Cost": 147378.79,"Plan Rows": 1,"Plan Width": 34,"Actual Startup Time": 504.634,"Actual Total Time": 524.620,"Actual Rows": 390,"Actual Loops": 1,"Group Key": ["supplier.s_name"],"Plans": [{"Node Type": "Sort","Parent Relationship": "Outer","Parallel Aware": false,"Async Capable": false,"Startup Cost": 147378.77,"Total Cost": 147378.78,"Plan Rows": 1,"Plan Width": 26,"Actual Startup Time": 504.612,"Actual Total Time": 524.224,"Actual Rows": 3844,"Actual Loops": 1,"Sort Key": ["supplier.s_name"],"Sort Method": "quicksort","Sort Space Used": 367,"Sort Space Type": "Memory","Plans": [{"Node Type": "Nested Loop","Parent Relationship": "Outer","Parallel Aware": false,"Async Capable": false,"Join Type": "Inner","Startup Cost": 1250.87,"Total Cost": 147378.76,"Plan Rows": 1,"Plan Width": 26,"Actual Startup Time": 4.787,"Actual Total Time": 512.994,"Actual Rows": 3844,"Actual Loops": 1,"Inner Unique": true,"Plans": [{"Node Type": "Nested Loop","Parent Relationship": "Outer","Parallel Aware": false,"Async Capable": false,"Join Type": "Semi","Startup Cost": 1250.44,"Total Cost": 147378.26,"Plan Rows": 1,"Plan Width": 34,"Actual Startup Time": 4.747,"Actual Total Time": 447.855,"Actual Rows": 7892,"Actual Loops": 1,"Inner Unique": false,"Plans": [{"Node Type": "Gather","Parent Relationship": "Outer","Parallel Aware": false,"Async Capable": false,"Startup Cost": 1250.01,"Total Cost": 147377.22,"Plan Rows": 1,"Plan Width": 34,"Actual Startup Time": 4.560,"Actual Total Time": 339.834,"Actual Rows": 13152,"Actual Loops": 1,"Workers Planned": 4,"Workers Launched": 4,"Single Copy": false,"Plans": [{"Node Type": "Nested Loop","Parent Relationship": "Outer","Parallel Aware": false,"Async Capable": false,"Join Type": "Anti","Startup Cost": 250.01,"Total Cost": 146377.12,"Plan Rows": 1,"Plan Width": 34,"Actual Startup Time": 5.683,"Actual Total Time": 445.299,"Actual Rows": 2630,"Actual Loops": 5,"Inner Unique": false,"Workers": [],"Plans": [{"Node Type": "Hash Join","Parent Relationship": "Outer","Parallel Aware": false,"Async Capable": false,"Join Type": "Inner","Startup Cost": 249.58,"Total Cost": 133581.65,"Plan Rows": 19990,"Plan Width": 34,"Actual Startup Time": 5.525,"Actual Total Time": 357.256,"Actual Rows": 29502,"Actual Loops": 5,"Inner Unique": false,"Hash Cond": "(l1.l_suppkey = supplier.s_suppkey)","Workers": [],"Plans": [{"Node Type": "Seq Scan","Parent Relationship": "Outer","Parallel Aware": true,"Async Capable": false,"Relation Name": "lineitem","Alias": "l1","Startup Cost": 0.00,"Total Cost": 131256.80,"Plan Rows": 500101,"Plan Width": 8,"Actual Startup Time": 0.033,"Actual Total Time": 305.756,"Actual Rows": 758659,"Actual Loops": 5,"Filter": "(l_receiptdate > l_commitdate)","Rows Removed by Filter": 441584,"Workers": []},{"Node Type": "Hash","Parent Relationship": "Inner","Parallel Aware": false,"Async Capable": false,"Startup Cost": 244.58,"Total Cost": 244.58,"Plan Rows": 400,"Plan Width": 30,"Actual Startup Time": 5.155,"Actual Total Time": 5.167,"Actual Rows": 390,"Actual Loops": 5,"Hash Buckets": 1024,"Original Hash Buckets": 1024,"Hash Batches": 1,"Original Hash Batches": 1,"Peak Memory Usage": 33,"Workers": [],"Plans": [{"Node Type": "Nested Loop","Parent Relationship": "Outer","Parallel Aware": false,"Async Capable": false,"Join Type": "Inner","Startup Cost": 7.38,"Total Cost": 244.58,"Plan Rows": 400,"Plan Width": 30,"Actual Startup Time": 0.295,"Actual Total Time": 4.960,"Actual Rows": 390,"Actual Loops": 5,"Inner Unique": false,"Workers": [],"Plans": [{"Node Type": "Seq Scan","Parent Relationship": "Outer","Parallel Aware": false,"Async Capable": false,"Relation Name": "nation","Alias": "nation","Startup Cost": 0.00,"Total Cost": 1.31,"Plan Rows": 1,"Plan Width": 4,"Actual Startup Time": 0.065,"Actual Total Time": 0.070,"Actual Rows": 1,"Actual Loops": 5,"Filter": "(n_name = 'UNITED KINGDOM'::bpchar)","Rows Removed by Filter": 24,"Workers": []},{"Node Type": "Bitmap Heap Scan","Parent Relationship": "Inner","Parallel Aware": false,"Async Capable": false,"Relation Name": "supplier","Alias": "supplier","Startup Cost": 7.38,"Total Cost": 239.27,"Plan Rows": 400,"Plan Width": 34,"Actual Startup Time": 0.224,"Actual Total Time": 4.798,"Actual Rows": 390,"Actual Loops": 5,"Recheck Cond": "(s_nationkey = nation.n_nationkey)","Rows Removed by Index Recheck": 0,"Exact Heap Blocks": 190,"Lossy Heap Blocks": 0,"Workers": [],"Plans": [{"Node Type": "Bitmap Index Scan","Parent Relationship": "Outer","Parallel Aware": false,"Async Capable": false,"Index Name": "idx_supplier_nation_key","Startup Cost": 0.00,"Total Cost": 7.29,"Plan Rows": 400,"Plan Width": 0,"Actual Startup Time": 0.138,"Actual Total Time": 0.139,"Actual Rows": 390,"Actual Loops": 5,"Index Cond": "(s_nationkey = nation.n_nationkey)","Workers": []}]}]}]}]},{"Node Type": "Index Scan","Parent Relationship": "Inner","Parallel Aware": false,"Async Capable": false,"Scan Direction": "Forward","Index Name": "idx_lineitem_orderkey","Relation Name": "lineitem","Alias": "l3","Startup Cost": 0.43,"Total Cost": 1.06,"Plan Rows": 6,"Plan Width": 8,"Actual Startup Time": 0.003,"Actual Total Time": 0.003,"Actual Rows": 1,"Actual Loops": 147510,"Index Cond": "(l_orderkey = l1.l_orderkey)","Rows Removed by Index Recheck": 0,"Filter": "((l_receiptdate > l_commitdate) AND (l_suppkey <> l1.l_suppkey))","Rows Removed by Filter": 1,"Workers": []}]}]},{"Node Type": "Index Scan","Parent Relationship": "Inner","Parallel Aware": false,"Async Capable": false,"Scan Direction": "Forward","Index Name": "idx_lineitem_orderkey","Relation Name": "lineitem","Alias": "l2","Startup Cost": 0.43,"Total Cost": 1.02,"Plan Rows": 17,"Plan Width": 8,"Actual Startup Time": 0.008,"Actual Total Time": 0.008,"Actual Rows": 1,"Actual Loops": 13152,"Index Cond": "(l_orderkey = l1.l_orderkey)","Rows Removed by Index Recheck": 0,"Filter": "(l_suppkey <> l1.l_suppkey)","Rows Removed by Filter": 1}]},{"Node Type": "Index Scan","Parent Relationship": "Inner","Parallel Aware": false,"Async Capable": false,"Scan Direction": "Forward","Index Name": "orders_pkey","Relation Name": "orders","Alias": "orders","Startup Cost": 0.43,"Total Cost": 0.51,"Plan Rows": 1,"Plan Width": 4,"Actual Startup Time": 0.008,"Actual Total Time": 0.008,"Actual Rows": 0,"Actual Loops": 7892,"Index Cond": "(o_orderkey = l1.l_orderkey)","Rows Removed by Index Recheck": 0,"Filter": "(o_orderstatus = 'F'::bpchar)","Rows Removed by Filter": 1}]}]}]}]},"Planning Time": 10.043,"Triggers": [],"Execution Time": 525.836}]
[{"Plan": {"Node Type": "Sort","Parallel Aware": false,"Async Capable": false,"Startup Cost": 147378.80,"Total Cost": 147378.81,"Plan Rows": 1,"Plan Width": 34,"Actual Startup Time": 506.689,"Actual Total Time": 525.046,"Actual Rows": 415,"Actual Loops": 1,"Sort Key": ["(count(*)) DESC", "supplier.s_name"],"Sort Method": "quicksort","Sort Space Used": 57,"Sort Space Type": "Memory","Plans": [{"Node Type": "Aggregate","Strategy": "Sorted","Partial Mode": "Simple","Parent Relationship": "Outer","Parallel Aware": false,"Async Capable": false,"Startup Cost": 147378.77,"Total Cost": 147378.79,"Plan Rows": 1,"Plan Width": 34,"Actual Startup Time": 505.377,"Actual Total Time": 524.254,"Actual Rows": 415,"Actual Loops": 1,"Group Key": ["supplier.s_name"],"Plans": [{"Node Type": "Sort","Parent Relationship": "Outer","Parallel Aware": false,"Async Capable": false,"Startup Cost": 147378.77,"Total Cost": 147378.78,"Plan Rows": 1,"Plan Width": 26,"Actual Startup Time": 505.350,"Actual Total Time": 523.830,"Actual Rows": 4021,"Actual Loops": 1,"Sort Key": ["supplier.s_name"],"Sort Method": "quicksort","Sort Space Used": 379,"Sort Space Type": "Memory","Plans": [{"Node Type": "Nested Loop","Parent Relationship": "Outer","Parallel Aware": false,"Async Capable": false,"Join Type": "Inner","Startup Cost": 1250.87,"Total Cost": 147378.76,"Plan Rows": 1,"Plan Width": 26,"Actual Startup Time": 4.344,"Actual Total Time": 512.010,"Actual Rows": 4021,"Actual Loops": 1,"Inner Unique": true,"Plans": [{"Node Type": "Nested Loop","Parent Relationship": "Outer","Parallel Aware": false,"Async Capable": false,"Join Type": "Semi","Startup Cost": 1250.44,"Total Cost": 147378.26,"Plan Rows": 1,"Plan Width": 34,"Actual Startup Time": 4.308,"Actual Total Time": 447.240,"Actual Rows": 8423,"Actual Loops": 1,"Inner Unique": false,"Plans": [{"Node Type": "Gather","Parent Relationship": "Outer","Parallel Aware": false,"Async Capable": false,"Startup Cost": 1250.01,"Total Cost": 147377.22,"Plan Rows": 1,"Plan Width": 34,"Actual Startup Time": 4.250,"Actual Total Time": 340.738,"Actual Rows": 13873,"Actual Loops": 1,"Workers Planned": 4,"Workers Launched": 4,"Single Copy": false,"Plans": [{"Node Type": "Nested Loop","Parent Relationship": "Outer","Parallel Aware": false,"Async Capable": false,"Join Type": "Anti","Startup Cost": 250.01,"Total Cost": 146377.12,"Plan Rows": 1,"Plan Width": 34,"Actual Startup Time": 6.059,"Actual Total Time": 447.143,"Actual Rows": 2775,"Actual Loops": 5,"Inner Unique": false,"Workers": [],"Plans": [{"Node Type": "Hash Join","Parent Relationship": "Outer","Parallel Aware": false,"Async Capable": false,"Join Type": "Inner","Startup Cost": 249.58,"Total Cost": 133581.65,"Plan Rows": 19990,"Plan Width": 34,"Actual Startup Time": 5.350,"Actual Total Time": 355.670,"Actual Rows": 31496,"Actual Loops": 5,"Inner Unique": false,"Hash Cond": "(l1.l_suppkey = supplier.s_suppkey)","Workers": [],"Plans": [{"Node Type": "Seq Scan","Parent Relationship": "Outer","Parallel Aware": true,"Async Capable": false,"Relation Name": "lineitem","Alias": "l1","Startup Cost": 0.00,"Total Cost": 131256.80,"Plan Rows": 500101,"Plan Width": 8,"Actual Startup Time": 0.034,"Actual Total Time": 302.387,"Actual Rows": 758659,"Actual Loops": 5,"Filter": "(l_receiptdate > l_commitdate)","Rows Removed by Filter": 441584,"Workers": []},{"Node Type": "Hash","Parent Relationship": "Inner","Parallel Aware": false,"Async Capable": false,"Startup Cost": 244.58,"Total Cost": 244.58,"Plan Rows": 400,"Plan Width": 30,"Actual Startup Time": 5.023,"Actual Total Time": 5.034,"Actual Rows": 415,"Actual Loops": 5,"Hash Buckets": 1024,"Original Hash Buckets": 1024,"Hash Batches": 1,"Original Hash Batches": 1,"Peak Memory Usage": 34,"Workers": [],"Plans": [{"Node Type": "Nested Loop","Parent Relationship": "Outer","Parallel Aware": false,"Async Capable": false,"Join Type": "Inner","Startup Cost": 7.38,"Total Cost": 244.58,"Plan Rows": 400,"Plan Width": 30,"Actual Startup Time": 0.341,"Actual Total Time": 4.843,"Actual Rows": 415,"Actual Loops": 5,"Inner Unique": false,"Workers": [],"Plans": [{"Node Type": "Seq Scan","Parent Relationship": "Outer","Parallel Aware": false,"Async Capable": false,"Relation Name": "nation","Alias": "nation","Startup Cost": 0.00,"Total Cost": 1.31,"Plan Rows": 1,"Plan Width": 4,"Actual Startup Time": 0.054,"Actual Total Time": 0.060,"Actual Rows": 1,"Actual Loops": 5,"Filter": "(n_name = 'INDIA'::bpchar)","Rows Removed by Filter": 24,"Workers": []},{"Node Type": "Bitmap Heap Scan","Parent Relationship": "Inner","Parallel Aware": false,"Async Capable": false,"Relation Name": "supplier","Alias": "supplier","Startup Cost": 7.38,"Total Cost": 239.27,"Plan Rows": 400,"Plan Width": 34,"Actual Startup Time": 0.281,"Actual Total Time": 4.691,"Actual Rows": 415,"Actual Loops": 5,"Recheck Cond": "(s_nationkey = nation.n_nationkey)","Rows Removed by Index Recheck": 0,"Exact Heap Blocks": 186,"Lossy Heap Blocks": 0,"Workers": [],"Plans": [{"Node Type": "Bitmap Index Scan","Parent Relationship": "Outer","Parallel Aware": false,"Async Capable": false,"Index Name": "idx_supplier_nation_key","Startup Cost": 0.00,"Total Cost": 7.29,"Plan Rows": 400,"Plan Width": 0,"Actual Startup Time": 0.207,"Actual Total Time": 0.208,"Actual Rows": 415,"Actual Loops": 5,"Index Cond": "(s_nationkey = nation.n_nationkey)","Workers": []}]}]}]}]},{"Node Type": "Index Scan","Parent Relationship": "Inner","Parallel Aware": false,"Async Capable": false,"Scan Direction": "Forward","Index Name": "idx_lineitem_orderkey","Relation Name": "lineitem","Alias": "l3","Startup Cost": 0.43,"Total Cost": 1.06,"Plan Rows": 6,"Plan Width": 8,"Actual Startup Time": 0.003,"Actual Total Time": 0.003,"Actual Rows": 1,"Actual Loops": 157482,"Index Cond": "(l_orderkey = l1.l_orderkey)","Rows Removed by Index Recheck": 0,"Filter": "((l_receiptdate > l_commitdate) AND (l_suppkey <> l1.l_suppkey))","Rows Removed by Filter": 1,"Workers": []}]}]},{"Node Type": "Index Scan","Parent Relationship": "Inner","Parallel Aware": false,"Async Capable": false,"Scan Direction": "Forward","Index Name": "idx_lineitem_orderkey","Relation Name": "lineitem","Alias": "l2","Startup Cost": 0.43,"Total Cost": 1.02,"Plan Rows": 17,"Plan Width": 8,"Actual Startup Time": 0.007,"Actual Total Time": 0.007,"Actual Rows": 1,"Actual Loops": 13873,"Index Cond": "(l_orderkey = l1.l_orderkey)","Rows Removed by Index Recheck": 0,"Filter": "(l_suppkey <> l1.l_suppkey)","Rows Removed by Filter": 1}]},{"Node Type": "Index Scan","Parent Relationship": "Inner","Parallel Aware": false,"Async Capable": false,"Scan Direction": "Forward","Index Name": "orders_pkey","Relation Name": "orders","Alias": "orders","Startup Cost": 0.43,"Total Cost": 0.51,"Plan Rows": 1,"Plan Width": 4,"Actual Startup Time": 0.007,"Actual Total Time": 0.007,"Actual Rows": 0,"Actual Loops": 8423,"Index Cond": "(o_orderkey = l1.l_orderkey)","Rows Removed by Index Recheck": 0,"Filter": "(o_orderstatus = 'F'::bpchar)","Rows Removed by Filter": 1}]}]}]}]},"Planning Time": 9.331,"Triggers": [],"Execution Time": 525.561}]
[{"Plan": {"Node Type": "Sort","Parallel Aware": false,"Async Capable": false,"Startup Cost": 147378.80,"Total Cost": 147378.81,"Plan Rows": 1,"Plan Width": 34,"Actual Startup Time": 511.931,"Actual Total Time": 527.174,"Actual Rows": 415,"Actual Loops": 1,"Sort Key": ["(count(*)) DESC", "supplier.s_name"],"Sort Method": "quicksort","Sort Space Used": 57,"Sort Space Type": "Memory","Plans": [{"Node Type": "Aggregate","Strategy": "Sorted","Partial Mode": "Simple","Parent Relationship": "Outer","Parallel Aware": false,"Async Capable": false,"Startup Cost": 147378.77,"Total Cost": 147378.79,"Plan Rows": 1,"Plan Width": 34,"Actual Startup Time": 510.675,"Actual Total Time": 526.442,"Actual Rows": 415,"Actual Loops": 1,"Group Key": ["supplier.s_name"],"Plans": [{"Node Type": "Sort","Parent Relationship": "Outer","Parallel Aware": false,"Async Capable": false,"Startup Cost": 147378.77,"Total Cost": 147378.78,"Plan Rows": 1,"Plan Width": 26,"Actual Startup Time": 510.644,"Actual Total Time": 526.012,"Actual Rows": 4112,"Actual Loops": 1,"Sort Key": ["supplier.s_name"],"Sort Method": "quicksort","Sort Space Used": 482,"Sort Space Type": "Memory","Plans": [{"Node Type": "Nested Loop","Parent Relationship": "Outer","Parallel Aware": false,"Async Capable": false,"Join Type": "Inner","Startup Cost": 1250.87,"Total Cost": 147378.76,"Plan Rows": 1,"Plan Width": 26,"Actual Startup Time": 4.482,"Actual Total Time": 514.049,"Actual Rows": 4112,"Actual Loops": 1,"Inner Unique": true,"Plans": [{"Node Type": "Nested Loop","Parent Relationship": "Outer","Parallel Aware": false,"Async Capable": false,"Join Type": "Semi","Startup Cost": 1250.44,"Total Cost": 147378.26,"Plan Rows": 1,"Plan Width": 34,"Actual Startup Time": 4.433,"Actual Total Time": 447.118,"Actual Rows": 8423,"Actual Loops": 1,"Inner Unique": false,"Plans": [{"Node Type": "Gather","Parent Relationship": "Outer","Parallel Aware": false,"Async Capable": false,"Startup Cost": 1250.01,"Total Cost": 147377.22,"Plan Rows": 1,"Plan Width": 34,"Actual Startup Time": 4.417,"Actual Total Time": 335.444,"Actual Rows": 14099,"Actual Loops": 1,"Workers Planned": 4,"Workers Launched": 4,"Single Copy": false,"Plans": [{"Node Type": "Nested Loop","Parent Relationship": "Outer","Parallel Aware": false,"Async Capable": false,"Join Type": "Anti","Startup Cost": 250.01,"Total Cost": 146377.12,"Plan Rows": 1,"Plan Width": 34,"Actual Startup Time": 5.494,"Actual Total Time": 449.293,"Actual Rows": 2820,"Actual Loops": 5,"Inner Unique": false,"Workers": [],"Plans": [{"Node Type": "Hash Join","Parent Relationship": "Outer","Parallel Aware": false,"Async Capable": false,"Join Type": "Inner","Startup Cost": 249.58,"Total Cost": 133581.65,"Plan Rows": 19990,"Plan Width": 34,"Actual Startup Time": 5.114,"Actual Total Time": 356.460,"Actual Rows": 31599,"Actual Loops": 5,"Inner Unique": false,"Hash Cond": "(l1.l_suppkey = supplier.s_suppkey)","Workers": [],"Plans": [{"Node Type": "Seq Scan","Parent Relationship": "Outer","Parallel Aware": true,"Async Capable": false,"Relation Name": "lineitem","Alias": "l1","Startup Cost": 0.00,"Total Cost": 131256.80,"Plan Rows": 500101,"Plan Width": 8,"Actual Startup Time": 0.028,"Actual Total Time": 305.044,"Actual Rows": 758659,"Actual Loops": 5,"Filter": "(l_receiptdate > l_commitdate)","Rows Removed by Filter": 441584,"Workers": []},{"Node Type": "Hash","Parent Relationship": "Inner","Parallel Aware": false,"Async Capable": false,"Startup Cost": 244.58,"Total Cost": 244.58,"Plan Rows": 400,"Plan Width": 30,"Actual Startup Time": 4.772,"Actual Total Time": 4.789,"Actual Rows": 415,"Actual Loops": 5,"Hash Buckets": 1024,"Original Hash Buckets": 1024,"Hash Batches": 1,"Original Hash Batches": 1,"Peak Memory Usage": 34,"Workers": [],"Plans": [{"Node Type": "Nested Loop","Parent Relationship": "Outer","Parallel Aware": false,"Async Capable": false,"Join Type": "Inner","Startup Cost": 7.38,"Total Cost": 244.58,"Plan Rows": 400,"Plan Width": 30,"Actual Startup Time": 0.307,"Actual Total Time": 4.608,"Actual Rows": 415,"Actual Loops": 5,"Inner Unique": false,"Workers": [],"Plans": [{"Node Type": "Seq Scan","Parent Relationship": "Outer","Parallel Aware": false,"Async Capable": false,"Relation Name": "nation","Alias": "nation","Startup Cost": 0.00,"Total Cost": 1.31,"Plan Rows": 1,"Plan Width": 4,"Actual Startup Time": 0.059,"Actual Total Time": 0.064,"Actual Rows": 1,"Actual Loops": 5,"Filter": "(n_name = 'EGYPT'::bpchar)","Rows Removed by Filter": 24,"Workers": []},{"Node Type": "Bitmap Heap Scan","Parent Relationship": "Inner","Parallel Aware": false,"Async Capable": false,"Relation Name": "supplier","Alias": "supplier","Startup Cost": 7.38,"Total Cost": 239.27,"Plan Rows": 400,"Plan Width": 34,"Actual Startup Time": 0.244,"Actual Total Time": 4.451,"Actual Rows": 415,"Actual Loops": 5,"Recheck Cond": "(s_nationkey = nation.n_nationkey)","Rows Removed by Index Recheck": 0,"Exact Heap Blocks": 183,"Lossy Heap Blocks": 0,"Workers": [],"Plans": [{"Node Type": "Bitmap Index Scan","Parent Relationship": "Outer","Parallel Aware": false,"Async Capable": false,"Index Name": "idx_supplier_nation_key","Startup Cost": 0.00,"Total Cost": 7.29,"Plan Rows": 400,"Plan Width": 0,"Actual Startup Time": 0.159,"Actual Total Time": 0.162,"Actual Rows": 415,"Actual Loops": 5,"Index Cond": "(s_nationkey = nation.n_nationkey)","Workers": []}]}]}]}]},{"Node Type": "Index Scan","Parent Relationship": "Inner","Parallel Aware": false,"Async Capable": false,"Scan Direction": "Forward","Index Name": "idx_lineitem_orderkey","Relation Name": "lineitem","Alias": "l3","Startup Cost": 0.43,"Total Cost": 1.06,"Plan Rows": 6,"Plan Width": 8,"Actual Startup Time": 0.003,"Actual Total Time": 0.003,"Actual Rows": 1,"Actual Loops": 157994,"Index Cond": "(l_orderkey = l1.l_orderkey)","Rows Removed by Index Recheck": 0,"Filter": "((l_receiptdate > l_commitdate) AND (l_suppkey <> l1.l_suppkey))","Rows Removed by Filter": 1,"Workers": []}]}]},{"Node Type": "Index Scan","Parent Relationship": "Inner","Parallel Aware": false,"Async Capable": false,"Scan Direction": "Forward","Index Name": "idx_lineitem_orderkey","Relation Name": "lineitem","Alias": "l2","Startup Cost": 0.43,"Total Cost": 1.02,"Plan Rows": 17,"Plan Width": 8,"Actual Startup Time": 0.007,"Actual Total Time": 0.007,"Actual Rows": 1,"Actual Loops": 14099,"Index Cond": "(l_orderkey = l1.l_orderkey)","Rows Removed by Index Recheck": 0,"Filter": "(l_suppkey <> l1.l_suppkey)","Rows Removed by Filter": 1}]},{"Node Type": "Index Scan","Parent Relationship": "Inner","Parallel Aware": false,"Async Capable": false,"Scan Direction": "Forward","Index Name": "orders_pkey","Relation Name": "orders","Alias": "orders","Startup Cost": 0.43,"Total Cost": 0.51,"Plan Rows": 1,"Plan Width": 4,"Actual Startup Time": 0.008,"Actual Total Time": 0.008,"Actual Rows": 0,"Actual Loops": 8423,"Index Cond": "(o_orderkey = l1.l_orderkey)","Rows Removed by Index Recheck": 0,"Filter": "(o_orderstatus = 'F'::bpchar)","Rows Removed by Filter": 1}]}]}]}]},"Planning Time": 8.195,"Triggers": [],"Execution Time": 527.804}]
[{"Plan": {"Node Type": "Sort","Parallel Aware": false,"Async Capable": false,"Startup Cost": 147378.80,"Total Cost": 147378.81,"Plan Rows": 1,"Plan Width": 34,"Actual Startup Time": 506.689,"Actual Total Time": 525.046,"Actual Rows": 415,"Actual Loops": 1,"Sort Key": ["(count(*)) DESC", "supplier.s_name"],"Sort Method": "quicksort","Sort Space Used": 57,"Sort Space Type": "Memory","Plans": [{"Node Type": "Aggregate","Strategy": "Sorted","Partial Mode": "Simple","Parent Relationship": "Outer","Parallel Aware": false,"Async Capable": false,"Startup Cost": 147378.77,"Total Cost": 147378.79,"Plan Rows": 1,"Plan Width": 34,"Actual Startup Time": 505.377,"Actual Total Time": 524.254,"Actual Rows": 415,"Actual Loops": 1,"Group Key": ["supplier.s_name"],"Plans": [{"Node Type": "Sort","Parent Relationship": "Outer","Parallel Aware": false,"Async Capable": false,"Startup Cost": 147378.77,"Total Cost": 147378.78,"Plan Rows": 1,"Plan Width": 26,"Actual Startup Time": 505.350,"Actual Total Time": 523.830,"Actual Rows": 4021,"Actual Loops": 1,"Sort Key": ["supplier.s_name"],"Sort Method": "quicksort","Sort Space Used": 379,"Sort Space Type": "Memory","Plans": [{"Node Type": "Nested Loop","Parent Relationship": "Outer","Parallel Aware": false,"Async Capable": false,"Join Type": "Inner","Startup Cost": 1250.87,"Total Cost": 147378.76,"Plan Rows": 1,"Plan Width": 26,"Actual Startup Time": 4.344,"Actual Total Time": 512.010,"Actual Rows": 4021,"Actual Loops": 1,"Inner Unique": true,"Plans": [{"Node Type": "Nested Loop","Parent Relationship": "Outer","Parallel Aware": false,"Async Capable": false,"Join Type": "Semi","Startup Cost": 1250.44,"Total Cost": 147378.26,"Plan Rows": 1,"Plan Width": 34,"Actual Startup Time": 4.308,"Actual Total Time": 447.240,"Actual Rows": 8423,"Actual Loops": 1,"Inner Unique": false,"Plans": [{"Node Type": "Gather","Parent Relationship": "Outer","Parallel Aware": false,"Async Capable": false,"Startup Cost": 1250.01,"Total Cost": 147377.22,"Plan Rows": 1,"Plan Width": 34,"Actual Startup Time": 4.250,"Actual Total Time": 340.738,"Actual Rows": 13873,"Actual Loops": 1,"Workers Planned": 4,"Workers Launched": 4,"Single Copy": false,"Plans": [{"Node Type": "Nested Loop","Parent Relationship": "Outer","Parallel Aware": false,"Async Capable": false,"Join Type": "Anti","Startup Cost": 250.01,"Total Cost": 146377.12,"Plan Rows": 1,"Plan Width": 34,"Actual Startup Time": 6.059,"Actual Total Time": 447.143,"Actual Rows": 2775,"Actual Loops": 5,"Inner Unique": false,"Workers": [],"Plans": [{"Node Type": "Hash Join","Parent Relationship": "Outer","Parallel Aware": false,"Async Capable": false,"Join Type": "Inner","Startup Cost": 249.58,"Total Cost": 133581.65,"Plan Rows": 19990,"Plan Width": 34,"Actual Startup Time": 5.350,"Actual Total Time": 355.670,"Actual Rows": 31496,"Actual Loops": 5,"Inner Unique": false,"Hash Cond": "(l1.l_suppkey = supplier.s_suppkey)","Workers": [],"Plans": [{"Node Type": "Seq Scan","Parent Relationship": "Outer","Parallel Aware": true,"Async Capable": false,"Relation Name": "lineitem","Alias": "l1","Startup Cost": 0.00,"Total Cost": 131256.80,"Plan Rows": 500101,"Plan Width": 8,"Actual Startup Time": 0.034,"Actual Total Time": 302.387,"Actual Rows": 758659,"Actual Loops": 5,"Filter": "(l_receiptdate > l_commitdate)","Rows Removed by Filter": 441584,"Workers": []},{"Node Type": "Hash","Parent Relationship": "Inner","Parallel Aware": false,"Async Capable": false,"Startup Cost": 244.58,"Total Cost": 244.58,"Plan Rows": 400,"Plan Width": 30,"Actual Startup Time": 5.023,"Actual Total Time": 5.034,"Actual Rows": 415,"Actual Loops": 5,"Hash Buckets": 1024,"Original Hash Buckets": 1024,"Hash Batches": 1,"Original Hash Batches": 1,"Peak Memory Usage": 34,"Workers": [],"Plans": [{"Node Type": "Nested Loop","Parent Relationship": "Outer","Parallel Aware": false,"Async Capable": false,"Join Type": "Inner","Startup Cost": 7.38,"Total Cost": 244.58,"Plan Rows": 400,"Plan Width": 30,"Actual Startup Time": 0.341,"Actual Total Time": 4.843,"Actual Rows": 415,"Actual Loops": 5,"Inner Unique": false,"Workers": [],"Plans": [{"Node Type": "Seq Scan","Parent Relationship": "Outer","Parallel Aware": false,"Async Capable": false,"Relation Name": "nation","Alias": "nation","Startup Cost": 0.00,"Total Cost": 1.31,"Plan Rows": 1,"Plan Width": 4,"Actual Startup Time": 0.054,"Actual Total Time": 0.060,"Actual Rows": 1,"Actual Loops": 5,"Filter": "(n_name = 'INDIA'::bpchar)","Rows Removed by Filter": 24,"Workers": []},{"Node Type": "Bitmap Heap Scan","Parent Relationship": "Inner","Parallel Aware": false,"Async Capable": false,"Relation Name": "supplier","Alias": "supplier","Startup Cost": 7.38,"Total Cost": 239.27,"Plan Rows": 400,"Plan Width": 34,"Actual Startup Time": 0.281,"Actual Total Time": 4.691,"Actual Rows": 415,"Actual Loops": 5,"Recheck Cond": "(s_nationkey = nation.n_nationkey)","Rows Removed by Index Recheck": 0,"Exact Heap Blocks": 186,"Lossy Heap Blocks": 0,"Workers": [],"Plans": [{"Node Type": "Bitmap Index Scan","Parent Relationship": "Outer","Parallel Aware": false,"Async Capable": false,"Index Name": "idx_supplier_nation_key","Startup Cost": 0.00,"Total Cost": 7.29,"Plan Rows": 400,"Plan Width": 0,"Actual Startup Time": 0.207,"Actual Total Time": 0.208,"Actual Rows": 415,"Actual Loops": 5,"Index Cond": "(s_nationkey = nation.n_nationkey)","Workers": []}]}]}]}]},{"Node Type": "Index Scan","Parent Relationship": "Inner","Parallel Aware": false,"Async Capable": false,"Scan Direction": "Forward","Index Name": "idx_lineitem_orderkey","Relation Name": "lineitem","Alias": "l3","Startup Cost": 0.43,"Total Cost": 1.06,"Plan Rows": 6,"Plan Width": 8,"Actual Startup Time": 0.003,"Actual Total Time": 0.003,"Actual Rows": 1,"Actual Loops": 157482,"Index Cond": "(l_orderkey = l1.l_orderkey)","Rows Removed by Index Recheck": 0,"Filter": "((l_receiptdate > l_commitdate) AND (l_suppkey <> l1.l_suppkey))","Rows Removed by Filter": 1,"Workers": []}]}]},{"Node Type": "Index Scan","Parent Relationship": "Inner","Parallel Aware": false,"Async Capable": false,"Scan Direction": "Forward","Index Name": "idx_lineitem_orderkey","Relation Name": "lineitem","Alias": "l2","Startup Cost": 0.43,"Total Cost": 1.02,"Plan Rows": 17,"Plan Width": 8,"Actual Startup Time": 0.007,"Actual Total Time": 0.007,"Actual Rows": 1,"Actual Loops": 13873,"Index Cond": "(l_orderkey = l1.l_orderkey)","Rows Removed by Index Recheck": 0,"Filter": "(l_suppkey <> l1.l_suppkey)","Rows Removed by Filter": 1}]},{"Node Type": "Index Scan","Parent Relationship": "Inner","Parallel Aware": false,"Async Capable": false,"Scan Direction": "Forward","Index Name": "orders_pkey","Relation Name": "orders","Alias": "orders","Startup Cost": 0.43,"Total Cost": 0.51,"Plan Rows": 1,"Plan Width": 4,"Actual Startup Time": 0.007,"Actual Total Time": 0.007,"Actual Rows": 0,"Actual Loops": 8423,"Index Cond": "(o_orderkey = l1.l_orderkey)","Rows Removed by Index Recheck": 0,"Filter": "(o_orderstatus = 'F'::bpchar)","Rows Removed by Filter": 1}]}]}]}]},"Planning Time": 9.331,"Triggers": [],"Execution Time": 525.561}]
[{"Plan": {"Node Type": "Sort","Parallel Aware": false,"Async Capable": false,"Startup Cost": 147378.80,"Total Cost": 147378.81,"Plan Rows": 1,"Plan Width": 34,"Actual Startup Time": 500.185,"Actual Total Time": 519.970,"Actual Rows": 396,"Actual Loops": 1,"Sort Key": ["(count(*)) DESC", "supplier.s_name"],"Sort Method": "quicksort","Sort Space Used": 55,"Sort Space Type": "Memory","Plans": [{"Node Type": "Aggregate","Strategy": "Sorted","Partial Mode": "Simple","Parent Relationship": "Outer","Parallel Aware": false,"Async Capable": false,"Startup Cost": 147378.77,"Total Cost": 147378.79,"Plan Rows": 1,"Plan Width": 34,"Actual Startup Time": 498.969,"Actual Total Time": 519.272,"Actual Rows": 396,"Actual Loops": 1,"Group Key": ["supplier.s_name"],"Plans": [{"Node Type": "Sort","Parent Relationship": "Outer","Parallel Aware": false,"Async Capable": false,"Startup Cost": 147378.77,"Total Cost": 147378.78,"Plan Rows": 1,"Plan Width": 26,"Actual Startup Time": 498.950,"Actual Total Time": 518.863,"Actual Rows": 3935,"Actual Loops": 1,"Sort Key": ["supplier.s_name"],"Sort Method": "quicksort","Sort Space Used": 373,"Sort Space Type": "Memory","Plans": [{"Node Type": "Nested Loop","Parent Relationship": "Outer","Parallel Aware": false,"Async Capable": false,"Join Type": "Inner","Startup Cost": 1250.87,"Total Cost": 147378.76,"Plan Rows": 1,"Plan Width": 26,"Actual Startup Time": 5.056,"Actual Total Time": 508.223,"Actual Rows": 3935,"Actual Loops": 1,"Inner Unique": true,"Plans": [{"Node Type": "Nested Loop","Parent Relationship": "Outer","Parallel Aware": false,"Async Capable": false,"Join Type": "Semi","Startup Cost": 1250.44,"Total Cost": 147378.26,"Plan Rows": 1,"Plan Width": 34,"Actual Startup Time": 5.029,"Actual Total Time": 447.558,"Actual Rows": 8035,"Actual Loops": 1,"Inner Unique": false,"Plans": [{"Node Type": "Gather","Parent Relationship": "Outer","Parallel Aware": false,"Async Capable": false,"Startup Cost": 1250.01,"Total Cost": 147377.22,"Plan Rows": 1,"Plan Width": 34,"Actual Startup Time": 4.623,"Actual Total Time": 341.887,"Actual Rows": 13450,"Actual Loops": 1,"Workers Planned": 4,"Workers Launched": 4,"Single Copy": false,"Plans": [{"Node Type": "Nested Loop","Parent Relationship": "Outer","Parallel Aware": false,"Async Capable": false,"Join Type": "Anti","Startup Cost": 250.01,"Total Cost": 146377.12,"Plan Rows": 1,"Plan Width": 34,"Actual Startup Time": 4.632,"Actual Total Time": 442.832,"Actual Rows": 2690,"Actual Loops": 5,"Inner Unique": false,"Workers": [],"Plans": [{"Node Type": "Hash Join","Parent Relationship": "Outer","Parallel Aware": false,"Async Capable": false,"Join Type": "Inner","Startup Cost": 249.58,"Total Cost": 133581.65,"Plan Rows": 19990,"Plan Width": 34,"Actual Startup Time": 4.440,"Actual Total Time": 353.938,"Actual Rows": 30159,"Actual Loops": 5,"Inner Unique": false,"Hash Cond": "(l1.l_suppkey = supplier.s_suppkey)","Workers": [],"Plans": [{"Node Type": "Seq Scan","Parent Relationship": "Outer","Parallel Aware": true,"Async Capable": false,"Relation Name": "lineitem","Alias": "l1","Startup Cost": 0.00,"Total Cost": 131256.80,"Plan Rows": 500101,"Plan Width": 8,"Actual Startup Time": 0.027,"Actual Total Time": 302.537,"Actual Rows": 758659,"Actual Loops": 5,"Filter": "(l_receiptdate > l_commitdate)","Rows Removed by Filter": 441584,"Workers": []},{"Node Type": "Hash","Parent Relationship": "Inner","Parallel Aware": false,"Async Capable": false,"Startup Cost": 244.58,"Total Cost": 244.58,"Plan Rows": 400,"Plan Width": 30,"Actual Startup Time": 4.114,"Actual Total Time": 4.124,"Actual Rows": 396,"Actual Loops": 5,"Hash Buckets": 1024,"Original Hash Buckets": 1024,"Hash Batches": 1,"Original Hash Batches": 1,"Peak Memory Usage": 33,"Workers": [],"Plans": [{"Node Type": "Nested Loop","Parent Relationship": "Outer","Parallel Aware": false,"Async Capable": false,"Join Type": "Inner","Startup Cost": 7.38,"Total Cost": 244.58,"Plan Rows": 400,"Plan Width": 30,"Actual Startup Time": 0.301,"Actual Total Time": 3.971,"Actual Rows": 396,"Actual Loops": 5,"Inner Unique": false,"Workers": [],"Plans": [{"Node Type": "Seq Scan","Parent Relationship": "Outer","Parallel Aware": false,"Async Capable": false,"Relation Name": "nation","Alias": "nation","Startup Cost": 0.00,"Total Cost": 1.31,"Plan Rows": 1,"Plan Width": 4,"Actual Startup Time": 0.063,"Actual Total Time": 0.068,"Actual Rows": 1,"Actual Loops": 5,"Filter": "(n_name = 'GERMANY'::bpchar)","Rows Removed by Filter": 24,"Workers": []},{"Node Type": "Bitmap Heap Scan","Parent Relationship": "Inner","Parallel Aware": false,"Async Capable": false,"Relation Name": "supplier","Alias": "supplier","Startup Cost": 7.38,"Total Cost": 239.27,"Plan Rows": 400,"Plan Width": 34,"Actual Startup Time": 0.232,"Actual Total Time": 3.829,"Actual Rows": 396,"Actual Loops": 5,"Recheck Cond": "(s_nationkey = nation.n_nationkey)","Rows Removed by Index Recheck": 0,"Exact Heap Blocks": 191,"Lossy Heap Blocks": 0,"Workers": [],"Plans": [{"Node Type": "Bitmap Index Scan","Parent Relationship": "Outer","Parallel Aware": false,"Async Capable": false,"Index Name": "idx_supplier_nation_key","Startup Cost": 0.00,"Total Cost": 7.29,"Plan Rows": 400,"Plan Width": 0,"Actual Startup Time": 0.147,"Actual Total Time": 0.148,"Actual Rows": 396,"Actual Loops": 5,"Index Cond": "(s_nationkey = nation.n_nationkey)","Workers": []}]}]}]}]},{"Node Type": "Index Scan","Parent Relationship": "Inner","Parallel Aware": false,"Async Capable": false,"Scan Direction": "Forward","Index Name": "idx_lineitem_orderkey","Relation Name": "lineitem","Alias": "l3","Startup Cost": 0.43,"Total Cost": 1.06,"Plan Rows": 6,"Plan Width": 8,"Actual Startup Time": 0.003,"Actual Total Time": 0.003,"Actual Rows": 1,"Actual Loops": 150794,"Index Cond": "(l_orderkey = l1.l_orderkey)","Rows Removed by Index Recheck": 0,"Filter": "((l_receiptdate > l_commitdate) AND (l_suppkey <> l1.l_suppkey))","Rows Removed by Filter": 1,"Workers": []}]}]},{"Node Type": "Index Scan","Parent Relationship": "Inner","Parallel Aware": false,"Async Capable": false,"Scan Direction": "Forward","Index Name": "idx_lineitem_orderkey","Relation Name": "lineitem","Alias": "l2","Startup Cost": 0.43,"Total Cost": 1.02,"Plan Rows": 17,"Plan Width": 8,"Actual Startup Time": 0.007,"Actual Total Time": 0.007,"Actual Rows": 1,"Actual Loops": 13450,"Index Cond": "(l_orderkey = l1.l_orderkey)","Rows Removed by Index Recheck": 0,"Filter": "(l_suppkey <> l1.l_suppkey)","Rows Removed by Filter": 1}]},{"Node Type": "Index Scan","Parent Relationship": "Inner","Parallel Aware": false,"Async Capable": false,"Scan Direction": "Forward","Index Name": "orders_pkey","Relation Name": "orders","Alias": "orders","Startup Cost": 0.43,"Total Cost": 0.51,"Plan Rows": 1,"Plan Width": 4,"Actual Startup Time": 0.007,"Actual Total Time": 0.007,"Actual Rows": 0,"Actual Loops": 8035,"Index Cond": "(o_orderkey = l1.l_orderkey)","Rows Removed by Index Recheck": 0,"Filter": "(o_orderstatus = 'F'::bpchar)","Rows Removed by Filter": 1}]}]}]}]},"Planning Time": 8.500,"Triggers": [],"Execution Time": 520.683}]
[{"Plan": {"Node Type": "Sort","Parallel Aware": false,"Async Capable": false,"Startup Cost": 147378.80,"Total Cost": 147378.81,"Plan Rows": 1,"Plan Width": 34,"Actual Startup Time": 510.910,"Actual Total Time": 530.461,"Actual Rows": 420,"Actual Loops": 1,"Sort Key": ["(count(*)) DESC", "supplier.s_name"],"Sort Method": "quicksort","Sort Space Used": 57,"Sort Space Type": "Memory","Plans": [{"Node Type": "Aggregate","Strategy": "Sorted","Partial Mode": "Simple","Parent Relationship": "Outer","Parallel Aware": false,"Async Capable": false,"Startup Cost": 147378.77,"Total Cost": 147378.79,"Plan Rows": 1,"Plan Width": 34,"Actual Startup Time": 509.613,"Actual Total Time": 529.683,"Actual Rows": 420,"Actual Loops": 1,"Group Key": ["supplier.s_name"],"Plans": [{"Node Type": "Sort","Parent Relationship": "Outer","Parallel Aware": false,"Async Capable": false,"Startup Cost": 147378.77,"Total Cost": 147378.78,"Plan Rows": 1,"Plan Width": 26,"Actual Startup Time": 509.594,"Actual Total Time": 529.267,"Actual Rows": 4090,"Actual Loops": 1,"Sort Key": ["supplier.s_name"],"Sort Method": "quicksort","Sort Space Used": 384,"Sort Space Type": "Memory","Plans": [{"Node Type": "Nested Loop","Parent Relationship": "Outer","Parallel Aware": false,"Async Capable": false,"Join Type": "Inner","Startup Cost": 1250.87,"Total Cost": 147378.76,"Plan Rows": 1,"Plan Width": 26,"Actual Startup Time": 4.580,"Actual Total Time": 518.201,"Actual Rows": 4090,"Actual Loops": 1,"Inner Unique": true,"Plans": [{"Node Type": "Nested Loop","Parent Relationship": "Outer","Parallel Aware": false,"Async Capable": false,"Join Type": "Semi","Startup Cost": 1250.44,"Total Cost": 147378.26,"Plan Rows": 1,"Plan Width": 34,"Actual Startup Time": 4.545,"Actual Total Time": 454.390,"Actual Rows": 8430,"Actual Loops": 1,"Inner Unique": false,"Plans": [{"Node Type": "Gather","Parent Relationship": "Outer","Parallel Aware": false,"Async Capable": false,"Startup Cost": 1250.01,"Total Cost": 147377.22,"Plan Rows": 1,"Plan Width": 34,"Actual Startup Time": 4.342,"Actual Total Time": 344.810,"Actual Rows": 14089,"Actual Loops": 1,"Workers Planned": 4,"Workers Launched": 4,"Single Copy": false,"Plans": [{"Node Type": "Nested Loop","Parent Relationship": "Outer","Parallel Aware": false,"Async Capable": false,"Join Type": "Anti","Startup Cost": 250.01,"Total Cost": 146377.12,"Plan Rows": 1,"Plan Width": 34,"Actual Startup Time": 5.491,"Actual Total Time": 451.438,"Actual Rows": 2818,"Actual Loops": 5,"Inner Unique": false,"Workers": [],"Plans": [{"Node Type": "Hash Join","Parent Relationship": "Outer","Parallel Aware": false,"Async Capable": false,"Join Type": "Inner","Startup Cost": 249.58,"Total Cost": 133581.65,"Plan Rows": 19990,"Plan Width": 34,"Actual Startup Time": 5.196,"Actual Total Time": 357.512,"Actual Rows": 31960,"Actual Loops": 5,"Inner Unique": false,"Hash Cond": "(l1.l_suppkey = supplier.s_suppkey)","Workers": [],"Plans": [{"Node Type": "Seq Scan","Parent Relationship": "Outer","Parallel Aware": true,"Async Capable": false,"Relation Name": "lineitem","Alias": "l1","Startup Cost": 0.00,"Total Cost": 131256.80,"Plan Rows": 500101,"Plan Width": 8,"Actual Startup Time": 0.027,"Actual Total Time": 305.923,"Actual Rows": 758659,"Actual Loops": 5,"Filter": "(l_receiptdate > l_commitdate)","Rows Removed by Filter": 441584,"Workers": []},{"Node Type": "Hash","Parent Relationship": "Inner","Parallel Aware": false,"Async Capable": false,"Startup Cost": 244.58,"Total Cost": 244.58,"Plan Rows": 400,"Plan Width": 30,"Actual Startup Time": 4.831,"Actual Total Time": 4.844,"Actual Rows": 420,"Actual Loops": 5,"Hash Buckets": 1024,"Original Hash Buckets": 1024,"Hash Batches": 1,"Original Hash Batches": 1,"Peak Memory Usage": 35,"Workers": [],"Plans": [{"Node Type": "Nested Loop","Parent Relationship": "Outer","Parallel Aware": false,"Async Capable": false,"Join Type": "Inner","Startup Cost": 7.38,"Total Cost": 244.58,"Plan Rows": 400,"Plan Width": 30,"Actual Startup Time": 0.275,"Actual Total Time": 4.655,"Actual Rows": 420,"Actual Loops": 5,"Inner Unique": false,"Workers": [],"Plans": [{"Node Type": "Seq Scan","Parent Relationship": "Outer","Parallel Aware": false,"Async Capable": false,"Relation Name": "nation","Alias": "nation","Startup Cost": 0.00,"Total Cost": 1.31,"Plan Rows": 1,"Plan Width": 4,"Actual Startup Time": 0.047,"Actual Total Time": 0.057,"Actual Rows": 1,"Actual Loops": 5,"Filter": "(n_name = 'ALGERIA'::bpchar)","Rows Removed by Filter": 24,"Workers": []},{"Node Type": "Bitmap Heap Scan","Parent Relationship": "Inner","Parallel Aware": false,"Async Capable": false,"Relation Name": "supplier","Alias": "supplier","Startup Cost": 7.38,"Total Cost": 239.27,"Plan Rows": 400,"Plan Width": 34,"Actual Startup Time": 0.222,"Actual Total Time": 4.505,"Actual Rows": 420,"Actual Loops": 5,"Recheck Cond": "(s_nationkey = nation.n_nationkey)","Rows Removed by Index Recheck": 0,"Exact Heap Blocks": 197,"Lossy Heap Blocks": 0,"Workers": [],"Plans": [{"Node Type": "Bitmap Index Scan","Parent Relationship": "Outer","Parallel Aware": false,"Async Capable": false,"Index Name": "idx_supplier_nation_key","Startup Cost": 0.00,"Total Cost": 7.29,"Plan Rows": 400,"Plan Width": 0,"Actual Startup Time": 0.137,"Actual Total Time": 0.140,"Actual Rows": 420,"Actual Loops": 5,"Index Cond": "(s_nationkey = nation.n_nationkey)","Workers": []}]}]}]}]},{"Node Type": "Index Scan","Parent Relationship": "Inner","Parallel Aware": false,"Async Capable": false,"Scan Direction": "Forward","Index Name": "idx_lineitem_orderkey","Relation Name": "lineitem","Alias": "l3","Startup Cost": 0.43,"Total Cost": 1.06,"Plan Rows": 6,"Plan Width": 8,"Actual Startup Time": 0.003,"Actual Total Time": 0.003,"Actual Rows": 1,"Actual Loops": 159800,"Index Cond": "(l_orderkey = l1.l_orderkey)","Rows Removed by Index Recheck": 0,"Filter": "((l_receiptdate > l_commitdate) AND (l_suppkey <> l1.l_suppkey))","Rows Removed by Filter": 1,"Workers": []}]}]},{"Node Type": "Index Scan","Parent Relationship": "Inner","Parallel Aware": false,"Async Capable": false,"Scan Direction": "Forward","Index Name": "idx_lineitem_orderkey","Relation Name": "lineitem","Alias": "l2","Startup Cost": 0.43,"Total Cost": 1.02,"Plan Rows": 17,"Plan Width": 8,"Actual Startup Time": 0.007,"Actual Total Time": 0.007,"Actual Rows": 1,"Actual Loops": 14089,"Index Cond": "(l_orderkey = l1.l_orderkey)","Rows Removed by Index Recheck": 0,"Filter": "(l_suppkey <> l1.l_suppkey)","Rows Removed by Filter": 1}]},{"Node Type": "Index Scan","Parent Relationship": "Inner","Parallel Aware": false,"Async Capable": false,"Scan Direction": "Forward","Index Name": "orders_pkey","Relation Name": "orders","Alias": "orders","Startup Cost": 0.43,"Total Cost": 0.51,"Plan Rows": 1,"Plan Width": 4,"Actual Startup Time": 0.007,"Actual Total Time": 0.007,"Actual Rows": 0,"Actual Loops": 8430,"Index Cond": "(o_orderkey = l1.l_orderkey)","Rows Removed by Index Recheck": 0,"Filter": "(o_orderstatus = 'F'::bpchar)","Rows Removed by Filter": 1}]}]}]}]},"Planning Time": 9.770,"Triggers": [],"Execution Time": 531.084}]
[{"Plan": {"Node Type": "Sort","Parallel Aware": false,"Async Capable": false,"Startup Cost": 147378.80,"Total Cost": 147378.81,"Plan Rows": 1,"Plan Width": 34,"Actual Startup Time": 500.185,"Actual Total Time": 519.970,"Actual Rows": 396,"Actual Loops": 1,"Sort Key": ["(count(*)) DESC", "supplier.s_name"],"Sort Method": "quicksort","Sort Space Used": 55,"Sort Space Type": "Memory","Plans": [{"Node Type": "Aggregate","Strategy": "Sorted","Partial Mode": "Simple","Parent Relationship": "Outer","Parallel Aware": false,"Async Capable": false,"Startup Cost": 147378.77,"Total Cost": 147378.79,"Plan Rows": 1,"Plan Width": 34,"Actual Startup Time": 498.969,"Actual Total Time": 519.272,"Actual Rows": 396,"Actual Loops": 1,"Group Key": ["supplier.s_name"],"Plans": [{"Node Type": "Sort","Parent Relationship": "Outer","Parallel Aware": false,"Async Capable": false,"Startup Cost": 147378.77,"Total Cost": 147378.78,"Plan Rows": 1,"Plan Width": 26,"Actual Startup Time": 498.950,"Actual Total Time": 518.863,"Actual Rows": 3935,"Actual Loops": 1,"Sort Key": ["supplier.s_name"],"Sort Method": "quicksort","Sort Space Used": 373,"Sort Space Type": "Memory","Plans": [{"Node Type": "Nested Loop","Parent Relationship": "Outer","Parallel Aware": false,"Async Capable": false,"Join Type": "Inner","Startup Cost": 1250.87,"Total Cost": 147378.76,"Plan Rows": 1,"Plan Width": 26,"Actual Startup Time": 5.056,"Actual Total Time": 508.223,"Actual Rows": 3935,"Actual Loops": 1,"Inner Unique": true,"Plans": [{"Node Type": "Nested Loop","Parent Relationship": "Outer","Parallel Aware": false,"Async Capable": false,"Join Type": "Semi","Startup Cost": 1250.44,"Total Cost": 147378.26,"Plan Rows": 1,"Plan Width": 34,"Actual Startup Time": 5.029,"Actual Total Time": 447.558,"Actual Rows": 8035,"Actual Loops": 1,"Inner Unique": false,"Plans": [{"Node Type": "Gather","Parent Relationship": "Outer","Parallel Aware": false,"Async Capable": false,"Startup Cost": 1250.01,"Total Cost": 147377.22,"Plan Rows": 1,"Plan Width": 34,"Actual Startup Time": 4.623,"Actual Total Time": 341.887,"Actual Rows": 13450,"Actual Loops": 1,"Workers Planned": 4,"Workers Launched": 4,"Single Copy": false,"Plans": [{"Node Type": "Nested Loop","Parent Relationship": "Outer","Parallel Aware": false,"Async Capable": false,"Join Type": "Anti","Startup Cost": 250.01,"Total Cost": 146377.12,"Plan Rows": 1,"Plan Width": 34,"Actual Startup Time": 4.632,"Actual Total Time": 442.832,"Actual Rows": 2690,"Actual Loops": 5,"Inner Unique": false,"Workers": [],"Plans": [{"Node Type": "Hash Join","Parent Relationship": "Outer","Parallel Aware": false,"Async Capable": false,"Join Type": "Inner","Startup Cost": 249.58,"Total Cost": 133581.65,"Plan Rows": 19990,"Plan Width": 34,"Actual Startup Time": 4.440,"Actual Total Time": 353.938,"Actual Rows": 30159,"Actual Loops": 5,"Inner Unique": false,"Hash Cond": "(l1.l_suppkey = supplier.s_suppkey)","Workers": [],"Plans": [{"Node Type": "Seq Scan","Parent Relationship": "Outer","Parallel Aware": true,"Async Capable": false,"Relation Name": "lineitem","Alias": "l1","Startup Cost": 0.00,"Total Cost": 131256.80,"Plan Rows": 500101,"Plan Width": 8,"Actual Startup Time": 0.027,"Actual Total Time": 302.537,"Actual Rows": 758659,"Actual Loops": 5,"Filter": "(l_receiptdate > l_commitdate)","Rows Removed by Filter": 441584,"Workers": []},{"Node Type": "Hash","Parent Relationship": "Inner","Parallel Aware": false,"Async Capable": false,"Startup Cost": 244.58,"Total Cost": 244.58,"Plan Rows": 400,"Plan Width": 30,"Actual Startup Time": 4.114,"Actual Total Time": 4.124,"Actual Rows": 396,"Actual Loops": 5,"Hash Buckets": 1024,"Original Hash Buckets": 1024,"Hash Batches": 1,"Original Hash Batches": 1,"Peak Memory Usage": 33,"Workers": [],"Plans": [{"Node Type": "Nested Loop","Parent Relationship": "Outer","Parallel Aware": false,"Async Capable": false,"Join Type": "Inner","Startup Cost": 7.38,"Total Cost": 244.58,"Plan Rows": 400,"Plan Width": 30,"Actual Startup Time": 0.301,"Actual Total Time": 3.971,"Actual Rows": 396,"Actual Loops": 5,"Inner Unique": false,"Workers": [],"Plans": [{"Node Type": "Seq Scan","Parent Relationship": "Outer","Parallel Aware": false,"Async Capable": false,"Relation Name": "nation","Alias": "nation","Startup Cost": 0.00,"Total Cost": 1.31,"Plan Rows": 1,"Plan Width": 4,"Actual Startup Time": 0.063,"Actual Total Time": 0.068,"Actual Rows": 1,"Actual Loops": 5,"Filter": "(n_name = 'GERMANY'::bpchar)","Rows Removed by Filter": 24,"Workers": []},{"Node Type": "Bitmap Heap Scan","Parent Relationship": "Inner","Parallel Aware": false,"Async Capable": false,"Relation Name": "supplier","Alias": "supplier","Startup Cost": 7.38,"Total Cost": 239.27,"Plan Rows": 400,"Plan Width": 34,"Actual Startup Time": 0.232,"Actual Total Time": 3.829,"Actual Rows": 396,"Actual Loops": 5,"Recheck Cond": "(s_nationkey = nation.n_nationkey)","Rows Removed by Index Recheck": 0,"Exact Heap Blocks": 191,"Lossy Heap Blocks": 0,"Workers": [],"Plans": [{"Node Type": "Bitmap Index Scan","Parent Relationship": "Outer","Parallel Aware": false,"Async Capable": false,"Index Name": "idx_supplier_nation_key","Startup Cost": 0.00,"Total Cost": 7.29,"Plan Rows": 400,"Plan Width": 0,"Actual Startup Time": 0.147,"Actual Total Time": 0.148,"Actual Rows": 396,"Actual Loops": 5,"Index Cond": "(s_nationkey = nation.n_nationkey)","Workers": []}]}]}]}]},{"Node Type": "Index Scan","Parent Relationship": "Inner","Parallel Aware": false,"Async Capable": false,"Scan Direction": "Forward","Index Name": "idx_lineitem_orderkey","Relation Name": "lineitem","Alias": "l3","Startup Cost": 0.43,"Total Cost": 1.06,"Plan Rows": 6,"Plan Width": 8,"Actual Startup Time": 0.003,"Actual Total Time": 0.003,"Actual Rows": 1,"Actual Loops": 150794,"Index Cond": "(l_orderkey = l1.l_orderkey)","Rows Removed by Index Recheck": 0,"Filter": "((l_receiptdate > l_commitdate) AND (l_suppkey <> l1.l_suppkey))","Rows Removed by Filter": 1,"Workers": []}]}]},{"Node Type": "Index Scan","Parent Relationship": "Inner","Parallel Aware": false,"Async Capable": false,"Scan Direction": "Forward","Index Name": "idx_lineitem_orderkey","Relation Name": "lineitem","Alias": "l2","Startup Cost": 0.43,"Total Cost": 1.02,"Plan Rows": 17,"Plan Width": 8,"Actual Startup Time": 0.007,"Actual Total Time": 0.007,"Actual Rows": 1,"Actual Loops": 13450,"Index Cond": "(l_orderkey = l1.l_orderkey)","Rows Removed by Index Recheck": 0,"Filter": "(l_suppkey <> l1.l_suppkey)","Rows Removed by Filter": 1}]},{"Node Type": "Index Scan","Parent Relationship": "Inner","Parallel Aware": false,"Async Capable": false,"Scan Direction": "Forward","Index Name": "orders_pkey","Relation Name": "orders","Alias": "orders","Startup Cost": 0.43,"Total Cost": 0.51,"Plan Rows": 1,"Plan Width": 4,"Actual Startup Time": 0.007,"Actual Total Time": 0.007,"Actual Rows": 0,"Actual Loops": 8035,"Index Cond": "(o_orderkey = l1.l_orderkey)","Rows Removed by Index Recheck": 0,"Filter": "(o_orderstatus = 'F'::bpchar)","Rows Removed by Filter": 1}]}]}]}]},"Planning Time": 8.500,"Triggers": [],"Execution Time": 520.683}]
[{"Plan": {"Node Type": "Sort","Parallel Aware": false,"Async Capable": false,"Startup Cost": 147378.80,"Total Cost": 147378.81,"Plan Rows": 1,"Plan Width": 34,"Actual Startup Time": 492.880,"Actual Total Time": 511.387,"Actual Rows": 377,"Actual Loops": 1,"Sort Key": ["(count(*)) DESC", "supplier.s_name"],"Sort Method": "quicksort","Sort Space Used": 54,"Sort Space Type": "Memory","Plans": [{"Node Type": "Aggregate","Strategy": "Sorted","Partial Mode": "Simple","Parent Relationship": "Outer","Parallel Aware": false,"Async Capable": false,"Startup Cost": 147378.77,"Total Cost": 147378.79,"Plan Rows": 1,"Plan Width": 34,"Actual Startup Time": 491.719,"Actual Total Time": 510.711,"Actual Rows": 377,"Actual Loops": 1,"Group Key": ["supplier.s_name"],"Plans": [{"Node Type": "Sort","Parent Relationship": "Outer","Parallel Aware": false,"Async Capable": false,"Startup Cost": 147378.77,"Total Cost": 147378.78,"Plan Rows": 1,"Plan Width": 26,"Actual Startup Time": 491.689,"Actual Total Time": 510.309,"Actual Rows": 3707,"Actual Loops": 1,"Sort Key": ["supplier.s_name"],"Sort Method": "quicksort","Sort Space Used": 357,"Sort Space Type": "Memory","Plans": [{"Node Type": "Nested Loop","Parent Relationship": "Outer","Parallel Aware": false,"Async Capable": false,"Join Type": "Inner","Startup Cost": 1250.87,"Total Cost": 147378.76,"Plan Rows": 1,"Plan Width": 26,"Actual Startup Time": 4.620,"Actual Total Time": 499.542,"Actual Rows": 3707,"Actual Loops": 1,"Inner Unique": true,"Plans": [{"Node Type": "Nested Loop","Parent Relationship": "Outer","Parallel Aware": false,"Async Capable": false,"Join Type": "Semi","Startup Cost": 1250.44,"Total Cost": 147378.26,"Plan Rows": 1,"Plan Width": 34,"Actual Startup Time": 4.581,"Actual Total Time": 437.361,"Actual Rows": 7590,"Actual Loops": 1,"Inner Unique": false,"Plans": [{"Node Type": "Gather","Parent Relationship": "Outer","Parallel Aware": false,"Async Capable": false,"Startup Cost": 1250.01,"Total Cost": 147377.22,"Plan Rows": 1,"Plan Width": 34,"Actual Startup Time": 4.430,"Actual Total Time": 334.305,"Actual Rows": 12724,"Actual Loops": 1,"Workers Planned": 4,"Workers Launched": 4,"Single Copy": false,"Plans": [{"Node Type": "Nested Loop","Parent Relationship": "Outer","Parallel Aware": false,"Async Capable": false,"Join Type": "Anti","Startup Cost": 250.01,"Total Cost": 146377.12,"Plan Rows": 1,"Plan Width": 34,"Actual Startup Time": 5.283,"Actual Total Time": 435.218,"Actual Rows": 2545,"Actual Loops": 5,"Inner Unique": false,"Workers": [],"Plans": [{"Node Type": "Hash Join","Parent Relationship": "Outer","Parallel Aware": false,"Async Capable": false,"Join Type": "Inner","Startup Cost": 249.58,"Total Cost": 133581.65,"Plan Rows": 19990,"Plan Width": 34,"Actual Startup Time": 4.967,"Actual Total Time": 350.606,"Actual Rows": 28669,"Actual Loops": 5,"Inner Unique": false,"Hash Cond": "(l1.l_suppkey = supplier.s_suppkey)","Workers": [],"Plans": [{"Node Type": "Seq Scan","Parent Relationship": "Outer","Parallel Aware": true,"Async Capable": false,"Relation Name": "lineitem","Alias": "l1","Startup Cost": 0.00,"Total Cost": 131256.80,"Plan Rows": 500101,"Plan Width": 8,"Actual Startup Time": 0.028,"Actual Total Time": 300.375,"Actual Rows": 758659,"Actual Loops": 5,"Filter": "(l_receiptdate > l_commitdate)","Rows Removed by Filter": 441584,"Workers": []},{"Node Type": "Hash","Parent Relationship": "Inner","Parallel Aware": false,"Async Capable": false,"Startup Cost": 244.58,"Total Cost": 244.58,"Plan Rows": 400,"Plan Width": 30,"Actual Startup Time": 4.611,"Actual Total Time": 4.626,"Actual Rows": 377,"Actual Loops": 5,"Hash Buckets": 1024,"Original Hash Buckets": 1024,"Hash Batches": 1,"Original Hash Batches": 1,"Peak Memory Usage": 32,"Workers": [],"Plans": [{"Node Type": "Nested Loop","Parent Relationship": "Outer","Parallel Aware": false,"Async Capable": false,"Join Type": "Inner","Startup Cost": 7.38,"Total Cost": 244.58,"Plan Rows": 400,"Plan Width": 30,"Actual Startup Time": 0.296,"Actual Total Time": 4.444,"Actual Rows": 377,"Actual Loops": 5,"Inner Unique": false,"Workers": [],"Plans": [{"Node Type": "Seq Scan","Parent Relationship": "Outer","Parallel Aware": false,"Async Capable": false,"Relation Name": "nation","Alias": "nation","Startup Cost": 0.00,"Total Cost": 1.31,"Plan Rows": 1,"Plan Width": 4,"Actual Startup Time": 0.056,"Actual Total Time": 0.065,"Actual Rows": 1,"Actual Loops": 5,"Filter": "(n_name = 'JAPAN'::bpchar)","Rows Removed by Filter": 24,"Workers": []},{"Node Type": "Bitmap Heap Scan","Parent Relationship": "Inner","Parallel Aware": false,"Async Capable": false,"Relation Name": "supplier","Alias": "supplier","Startup Cost": 7.38,"Total Cost": 239.27,"Plan Rows": 400,"Plan Width": 34,"Actual Startup Time": 0.234,"Actual Total Time": 4.286,"Actual Rows": 377,"Actual Loops": 5,"Recheck Cond": "(s_nationkey = nation.n_nationkey)","Rows Removed by Index Recheck": 0,"Exact Heap Blocks": 180,"Lossy Heap Blocks": 0,"Workers": [],"Plans": [{"Node Type": "Bitmap Index Scan","Parent Relationship": "Outer","Parallel Aware": false,"Async Capable": false,"Index Name": "idx_supplier_nation_key","Startup Cost": 0.00,"Total Cost": 7.29,"Plan Rows": 400,"Plan Width": 0,"Actual Startup Time": 0.148,"Actual Total Time": 0.149,"Actual Rows": 377,"Actual Loops": 5,"Index Cond": "(s_nationkey = nation.n_nationkey)","Workers": []}]}]}]}]},{"Node Type": "Index Scan","Parent Relationship": "Inner","Parallel Aware": false,"Async Capable": false,"Scan Direction": "Forward","Index Name": "idx_lineitem_orderkey","Relation Name": "lineitem","Alias": "l3","Startup Cost": 0.43,"Total Cost": 1.06,"Plan Rows": 6,"Plan Width": 8,"Actual Startup Time": 0.003,"Actual Total Time": 0.003,"Actual Rows": 1,"Actual Loops": 143344,"Index Cond": "(l_orderkey = l1.l_orderkey)","Rows Removed by Index Recheck": 0,"Filter": "((l_receiptdate > l_commitdate) AND (l_suppkey <> l1.l_suppkey))","Rows Removed by Filter": 1,"Workers": []}]}]},{"Node Type": "Index Scan","Parent Relationship": "Inner","Parallel Aware": false,"Async Capable": false,"Scan Direction": "Forward","Index Name": "idx_lineitem_orderkey","Relation Name": "lineitem","Alias": "l2","Startup Cost": 0.43,"Total Cost": 1.02,"Plan Rows": 17,"Plan Width": 8,"Actual Startup Time": 0.008,"Actual Total Time": 0.008,"Actual Rows": 1,"Actual Loops": 12724,"Index Cond": "(l_orderkey = l1.l_orderkey)","Rows Removed by Index Recheck": 0,"Filter": "(l_suppkey <> l1.l_suppkey)","Rows Removed by Filter": 1}]},{"Node Type": "Index Scan","Parent Relationship": "Inner","Parallel Aware": false,"Async Capable": false,"Scan Direction": "Forward","Index Name": "orders_pkey","Relation Name": "orders","Alias": "orders","Startup Cost": 0.43,"Total Cost": 0.51,"Plan Rows": 1,"Plan Width": 4,"Actual Startup Time": 0.008,"Actual Total Time": 0.008,"Actual Rows": 0,"Actual Loops": 7590,"Index Cond": "(o_orderkey = l1.l_orderkey)","Rows Removed by Index Recheck": 0,"Filter": "(o_orderstatus = 'F'::bpchar)","Rows Removed by Filter": 1}]}]}]}]},"Planning Time": 9.583,"Triggers": [],"Execution Time": 511.800}]
[{"Plan": {"Node Type": "Sort","Parallel Aware": false,"Async Capable": false,"Startup Cost": 147378.80,"Total Cost": 147378.81,"Plan Rows": 1,"Plan Width": 34,"Actual Startup Time": 492.880,"Actual Total Time": 511.387,"Actual Rows": 377,"Actual Loops": 1,"Sort Key": ["(count(*)) DESC", "supplier.s_name"],"Sort Method": "quicksort","Sort Space Used": 54,"Sort Space Type": "Memory","Plans": [{"Node Type": "Aggregate","Strategy": "Sorted","Partial Mode": "Simple","Parent Relationship": "Outer","Parallel Aware": false,"Async Capable": false,"Startup Cost": 147378.77,"Total Cost": 147378.79,"Plan Rows": 1,"Plan Width": 34,"Actual Startup Time": 491.719,"Actual Total Time": 510.711,"Actual Rows": 377,"Actual Loops": 1,"Group Key": ["supplier.s_name"],"Plans": [{"Node Type": "Sort","Parent Relationship": "Outer","Parallel Aware": false,"Async Capable": false,"Startup Cost": 147378.77,"Total Cost": 147378.78,"Plan Rows": 1,"Plan Width": 26,"Actual Startup Time": 491.689,"Actual Total Time": 510.309,"Actual Rows": 3707,"Actual Loops": 1,"Sort Key": ["supplier.s_name"],"Sort Method": "quicksort","Sort Space Used": 357,"Sort Space Type": "Memory","Plans": [{"Node Type": "Nested Loop","Parent Relationship": "Outer","Parallel Aware": false,"Async Capable": false,"Join Type": "Inner","Startup Cost": 1250.87,"Total Cost": 147378.76,"Plan Rows": 1,"Plan Width": 26,"Actual Startup Time": 4.620,"Actual Total Time": 499.542,"Actual Rows": 3707,"Actual Loops": 1,"Inner Unique": true,"Plans": [{"Node Type": "Nested Loop","Parent Relationship": "Outer","Parallel Aware": false,"Async Capable": false,"Join Type": "Semi","Startup Cost": 1250.44,"Total Cost": 147378.26,"Plan Rows": 1,"Plan Width": 34,"Actual Startup Time": 4.581,"Actual Total Time": 437.361,"Actual Rows": 7590,"Actual Loops": 1,"Inner Unique": false,"Plans": [{"Node Type": "Gather","Parent Relationship": "Outer","Parallel Aware": false,"Async Capable": false,"Startup Cost": 1250.01,"Total Cost": 147377.22,"Plan Rows": 1,"Plan Width": 34,"Actual Startup Time": 4.430,"Actual Total Time": 334.305,"Actual Rows": 12724,"Actual Loops": 1,"Workers Planned": 4,"Workers Launched": 4,"Single Copy": false,"Plans": [{"Node Type": "Nested Loop","Parent Relationship": "Outer","Parallel Aware": false,"Async Capable": false,"Join Type": "Anti","Startup Cost": 250.01,"Total Cost": 146377.12,"Plan Rows": 1,"Plan Width": 34,"Actual Startup Time": 5.283,"Actual Total Time": 435.218,"Actual Rows": 2545,"Actual Loops": 5,"Inner Unique": false,"Workers": [],"Plans": [{"Node Type": "Hash Join","Parent Relationship": "Outer","Parallel Aware": false,"Async Capable": false,"Join Type": "Inner","Startup Cost": 249.58,"Total Cost": 133581.65,"Plan Rows": 19990,"Plan Width": 34,"Actual Startup Time": 4.967,"Actual Total Time": 350.606,"Actual Rows": 28669,"Actual Loops": 5,"Inner Unique": false,"Hash Cond": "(l1.l_suppkey = supplier.s_suppkey)","Workers": [],"Plans": [{"Node Type": "Seq Scan","Parent Relationship": "Outer","Parallel Aware": true,"Async Capable": false,"Relation Name": "lineitem","Alias": "l1","Startup Cost": 0.00,"Total Cost": 131256.80,"Plan Rows": 500101,"Plan Width": 8,"Actual Startup Time": 0.028,"Actual Total Time": 300.375,"Actual Rows": 758659,"Actual Loops": 5,"Filter": "(l_receiptdate > l_commitdate)","Rows Removed by Filter": 441584,"Workers": []},{"Node Type": "Hash","Parent Relationship": "Inner","Parallel Aware": false,"Async Capable": false,"Startup Cost": 244.58,"Total Cost": 244.58,"Plan Rows": 400,"Plan Width": 30,"Actual Startup Time": 4.611,"Actual Total Time": 4.626,"Actual Rows": 377,"Actual Loops": 5,"Hash Buckets": 1024,"Original Hash Buckets": 1024,"Hash Batches": 1,"Original Hash Batches": 1,"Peak Memory Usage": 32,"Workers": [],"Plans": [{"Node Type": "Nested Loop","Parent Relationship": "Outer","Parallel Aware": false,"Async Capable": false,"Join Type": "Inner","Startup Cost": 7.38,"Total Cost": 244.58,"Plan Rows": 400,"Plan Width": 30,"Actual Startup Time": 0.296,"Actual Total Time": 4.444,"Actual Rows": 377,"Actual Loops": 5,"Inner Unique": false,"Workers": [],"Plans": [{"Node Type": "Seq Scan","Parent Relationship": "Outer","Parallel Aware": false,"Async Capable": false,"Relation Name": "nation","Alias": "nation","Startup Cost": 0.00,"Total Cost": 1.31,"Plan Rows": 1,"Plan Width": 4,"Actual Startup Time": 0.056,"Actual Total Time": 0.065,"Actual Rows": 1,"Actual Loops": 5,"Filter": "(n_name = 'JAPAN'::bpchar)","Rows Removed by Filter": 24,"Workers": []},{"Node Type": "Bitmap Heap Scan","Parent Relationship": "Inner","Parallel Aware": false,"Async Capable": false,"Relation Name": "supplier","Alias": "supplier","Startup Cost": 7.38,"Total Cost": 239.27,"Plan Rows": 400,"Plan Width": 34,"Actual Startup Time": 0.234,"Actual Total Time": 4.286,"Actual Rows": 377,"Actual Loops": 5,"Recheck Cond": "(s_nationkey = nation.n_nationkey)","Rows Removed by Index Recheck": 0,"Exact Heap Blocks": 180,"Lossy Heap Blocks": 0,"Workers": [],"Plans": [{"Node Type": "Bitmap Index Scan","Parent Relationship": "Outer","Parallel Aware": false,"Async Capable": false,"Index Name": "idx_supplier_nation_key","Startup Cost": 0.00,"Total Cost": 7.29,"Plan Rows": 400,"Plan Width": 0,"Actual Startup Time": 0.148,"Actual Total Time": 0.149,"Actual Rows": 377,"Actual Loops": 5,"Index Cond": "(s_nationkey = nation.n_nationkey)","Workers": []}]}]}]}]},{"Node Type": "Index Scan","Parent Relationship": "Inner","Parallel Aware": false,"Async Capable": false,"Scan Direction": "Forward","Index Name": "idx_lineitem_orderkey","Relation Name": "lineitem","Alias": "l3","Startup Cost": 0.43,"Total Cost": 1.06,"Plan Rows": 6,"Plan Width": 8,"Actual Startup Time": 0.003,"Actual Total Time": 0.003,"Actual Rows": 1,"Actual Loops": 143344,"Index Cond": "(l_orderkey = l1.l_orderkey)","Rows Removed by Index Recheck": 0,"Filter": "((l_receiptdate > l_commitdate) AND (l_suppkey <> l1.l_suppkey))","Rows Removed by Filter": 1,"Workers": []}]}]},{"Node Type": "Index Scan","Parent Relationship": "Inner","Parallel Aware": false,"Async Capable": false,"Scan Direction": "Forward","Index Name": "idx_lineitem_orderkey","Relation Name": "lineitem","Alias": "l2","Startup Cost": 0.43,"Total Cost": 1.02,"Plan Rows": 17,"Plan Width": 8,"Actual Startup Time": 0.008,"Actual Total Time": 0.008,"Actual Rows": 1,"Actual Loops": 12724,"Index Cond": "(l_orderkey = l1.l_orderkey)","Rows Removed by Index Recheck": 0,"Filter": "(l_suppkey <> l1.l_suppkey)","Rows Removed by Filter": 1}]},{"Node Type": "Index Scan","Parent Relationship": "Inner","Parallel Aware": false,"Async Capable": false,"Scan Direction": "Forward","Index Name": "orders_pkey","Relation Name": "orders","Alias": "orders","Startup Cost": 0.43,"Total Cost": 0.51,"Plan Rows": 1,"Plan Width": 4,"Actual Startup Time": 0.008,"Actual Total Time": 0.008,"Actual Rows": 0,"Actual Loops": 7590,"Index Cond": "(o_orderkey = l1.l_orderkey)","Rows Removed by Index Recheck": 0,"Filter": "(o_orderstatus = 'F'::bpchar)","Rows Removed by Filter": 1}]}]}]}]},"Planning Time": 9.583,"Triggers": [],"Execution Time": 511.800}]
[{"Plan": {"Node Type": "Sort","Parallel Aware": false,"Async Capable": false,"Startup Cost": 147378.80,"Total Cost": 147378.81,"Plan Rows": 1,"Plan Width": 34,"Actual Startup Time": 509.264,"Actual Total Time": 527.696,"Actual Rows": 421,"Actual Loops": 1,"Sort Key": ["(count(*)) DESC", "supplier.s_name"],"Sort Method": "quicksort","Sort Space Used": 57,"Sort Space Type": "Memory","Plans": [{"Node Type": "Aggregate","Strategy": "Sorted","Partial Mode": "Simple","Parent Relationship": "Outer","Parallel Aware": false,"Async Capable": false,"Startup Cost": 147378.77,"Total Cost": 147378.79,"Plan Rows": 1,"Plan Width": 34,"Actual Startup Time": 507.941,"Actual Total Time": 526.990,"Actual Rows": 421,"Actual Loops": 1,"Group Key": ["supplier.s_name"],"Plans": [{"Node Type": "Sort","Parent Relationship": "Outer","Parallel Aware": false,"Async Capable": false,"Startup Cost": 147378.77,"Total Cost": 147378.78,"Plan Rows": 1,"Plan Width": 26,"Actual Startup Time": 507.919,"Actual Total Time": 526.540,"Actual Rows": 4227,"Actual Loops": 1,"Sort Key": ["supplier.s_name"],"Sort Method": "quicksort","Sort Space Used": 490,"Sort Space Type": "Memory","Plans": [{"Node Type": "Nested Loop","Parent Relationship": "Outer","Parallel Aware": false,"Async Capable": false,"Join Type": "Inner","Startup Cost": 1250.87,"Total Cost": 147378.76,"Plan Rows": 1,"Plan Width": 26,"Actual Startup Time": 5.396,"Actual Total Time": 515.076,"Actual Rows": 4227,"Actual Loops": 1,"Inner Unique": true,"Plans": [{"Node Type": "Nested Loop","Parent Relationship": "Outer","Parallel Aware": false,"Async Capable": false,"Join Type": "Semi","Startup Cost": 1250.44,"Total Cost": 147378.26,"Plan Rows": 1,"Plan Width": 34,"Actual Startup Time": 5.356,"Actual Total Time": 448.186,"Actual Rows": 8678,"Actual Loops": 1,"Inner Unique": false,"Plans": [{"Node Type": "Gather","Parent Relationship": "Outer","Parallel Aware": false,"Async Capable": false,"Startup Cost": 1250.01,"Total Cost": 147377.22,"Plan Rows": 1,"Plan Width": 34,"Actual Startup Time": 5.315,"Actual Total Time": 333.619,"Actual Rows": 14289,"Actual Loops": 1,"Workers Planned": 4,"Workers Launched": 4,"Single Copy": false,"Plans": [{"Node Type": "Nested Loop","Parent Relationship": "Outer","Parallel Aware": false,"Async Capable": false,"Join Type": "Anti","Startup Cost": 250.01,"Total Cost": 146377.12,"Plan Rows": 1,"Plan Width": 34,"Actual Startup Time": 5.155,"Actual Total Time": 447.803,"Actual Rows": 2858,"Actual Loops": 5,"Inner Unique": false,"Workers": [],"Plans": [{"Node Type": "Hash Join","Parent Relationship": "Outer","Parallel Aware": false,"Async Capable": false,"Join Type": "Inner","Startup Cost": 249.58,"Total Cost": 133581.65,"Plan Rows": 19990,"Plan Width": 34,"Actual Startup Time": 4.679,"Actual Total Time": 355.100,"Actual Rows": 31833,"Actual Loops": 5,"Inner Unique": false,"Hash Cond": "(l1.l_suppkey = supplier.s_suppkey)","Workers": [],"Plans": [{"Node Type": "Seq Scan","Parent Relationship": "Outer","Parallel Aware": true,"Async Capable": false,"Relation Name": "lineitem","Alias": "l1","Startup Cost": 0.00,"Total Cost": 131256.80,"Plan Rows": 500101,"Plan Width": 8,"Actual Startup Time": 0.028,"Actual Total Time": 302.880,"Actual Rows": 758659,"Actual Loops": 5,"Filter": "(l_receiptdate > l_commitdate)","Rows Removed by Filter": 441584,"Workers": []},{"Node Type": "Hash","Parent Relationship": "Inner","Parallel Aware": false,"Async Capable": false,"Startup Cost": 244.58,"Total Cost": 244.58,"Plan Rows": 400,"Plan Width": 30,"Actual Startup Time": 4.328,"Actual Total Time": 4.340,"Actual Rows": 421,"Actual Loops": 5,"Hash Buckets": 1024,"Original Hash Buckets": 1024,"Hash Batches": 1,"Original Hash Batches": 1,"Peak Memory Usage": 35,"Workers": [],"Plans": [{"Node Type": "Nested Loop","Parent Relationship": "Outer","Parallel Aware": false,"Async Capable": false,"Join Type": "Inner","Startup Cost": 7.38,"Total Cost": 244.58,"Plan Rows": 400,"Plan Width": 30,"Actual Startup Time": 0.319,"Actual Total Time": 4.167,"Actual Rows": 421,"Actual Loops": 5,"Inner Unique": false,"Workers": [],"Plans": [{"Node Type": "Seq Scan","Parent Relationship": "Outer","Parallel Aware": false,"Async Capable": false,"Relation Name": "nation","Alias": "nation","Startup Cost": 0.00,"Total Cost": 1.31,"Plan Rows": 1,"Plan Width": 4,"Actual Startup Time": 0.061,"Actual Total Time": 0.065,"Actual Rows": 1,"Actual Loops": 5,"Filter": "(n_name = 'PERU'::bpchar)","Rows Removed by Filter": 24,"Workers": []},{"Node Type": "Bitmap Heap Scan","Parent Relationship": "Inner","Parallel Aware": false,"Async Capable": false,"Relation Name": "supplier","Alias": "supplier","Startup Cost": 7.38,"Total Cost": 239.27,"Plan Rows": 400,"Plan Width": 34,"Actual Startup Time": 0.253,"Actual Total Time": 4.010,"Actual Rows": 421,"Actual Loops": 5,"Recheck Cond": "(s_nationkey = nation.n_nationkey)","Rows Removed by Index Recheck": 0,"Exact Heap Blocks": 187,"Lossy Heap Blocks": 0,"Workers": [],"Plans": [{"Node Type": "Bitmap Index Scan","Parent Relationship": "Outer","Parallel Aware": false,"Async Capable": false,"Index Name": "idx_supplier_nation_key","Startup Cost": 0.00,"Total Cost": 7.29,"Plan Rows": 400,"Plan Width": 0,"Actual Startup Time": 0.167,"Actual Total Time": 0.169,"Actual Rows": 421,"Actual Loops": 5,"Index Cond": "(s_nationkey = nation.n_nationkey)","Workers": []}]}]}]}]},{"Node Type": "Index Scan","Parent Relationship": "Inner","Parallel Aware": false,"Async Capable": false,"Scan Direction": "Forward","Index Name": "idx_lineitem_orderkey","Relation Name": "lineitem","Alias": "l3","Startup Cost": 0.43,"Total Cost": 1.06,"Plan Rows": 6,"Plan Width": 8,"Actual Startup Time": 0.003,"Actual Total Time": 0.003,"Actual Rows": 1,"Actual Loops": 159165,"Index Cond": "(l_orderkey = l1.l_orderkey)","Rows Removed by Index Recheck": 0,"Filter": "((l_receiptdate > l_commitdate) AND (l_suppkey <> l1.l_suppkey))","Rows Removed by Filter": 1,"Workers": []}]}]},{"Node Type": "Index Scan","Parent Relationship": "Inner","Parallel Aware": false,"Async Capable": false,"Scan Direction": "Forward","Index Name": "idx_lineitem_orderkey","Relation Name": "lineitem","Alias": "l2","Startup Cost": 0.43,"Total Cost": 1.02,"Plan Rows": 17,"Plan Width": 8,"Actual Startup Time": 0.008,"Actual Total Time": 0.008,"Actual Rows": 1,"Actual Loops": 14289,"Index Cond": "(l_orderkey = l1.l_orderkey)","Rows Removed by Index Recheck": 0,"Filter": "(l_suppkey <> l1.l_suppkey)","Rows Removed by Filter": 1}]},{"Node Type": "Index Scan","Parent Relationship": "Inner","Parallel Aware": false,"Async Capable": false,"Scan Direction": "Forward","Index Name": "orders_pkey","Relation Name": "orders","Alias": "orders","Startup Cost": 0.43,"Total Cost": 0.51,"Plan Rows": 1,"Plan Width": 4,"Actual Startup Time": 0.007,"Actual Total Time": 0.007,"Actual Rows": 0,"Actual Loops": 8678,"Index Cond": "(o_orderkey = l1.l_orderkey)","Rows Removed by Index Recheck": 0,"Filter": "(o_orderstatus = 'F'::bpchar)","Rows Removed by Filter": 1}]}]}]}]},"Planning Time": 8.374,"Triggers": [],"Execution Time": 528.458}]
[{"Plan": {"Node Type": "Sort","Parallel Aware": false,"Async Capable": false,"Startup Cost": 147378.80,"Total Cost": 147378.81,"Plan Rows": 1,"Plan Width": 34,"Actual Startup Time": 510.910,"Actual Total Time": 530.461,"Actual Rows": 420,"Actual Loops": 1,"Sort Key": ["(count(*)) DESC", "supplier.s_name"],"Sort Method": "quicksort","Sort Space Used": 57,"Sort Space Type": "Memory","Plans": [{"Node Type": "Aggregate","Strategy": "Sorted","Partial Mode": "Simple","Parent Relationship": "Outer","Parallel Aware": false,"Async Capable": false,"Startup Cost": 147378.77,"Total Cost": 147378.79,"Plan Rows": 1,"Plan Width": 34,"Actual Startup Time": 509.613,"Actual Total Time": 529.683,"Actual Rows": 420,"Actual Loops": 1,"Group Key": ["supplier.s_name"],"Plans": [{"Node Type": "Sort","Parent Relationship": "Outer","Parallel Aware": false,"Async Capable": false,"Startup Cost": 147378.77,"Total Cost": 147378.78,"Plan Rows": 1,"Plan Width": 26,"Actual Startup Time": 509.594,"Actual Total Time": 529.267,"Actual Rows": 4090,"Actual Loops": 1,"Sort Key": ["supplier.s_name"],"Sort Method": "quicksort","Sort Space Used": 384,"Sort Space Type": "Memory","Plans": [{"Node Type": "Nested Loop","Parent Relationship": "Outer","Parallel Aware": false,"Async Capable": false,"Join Type": "Inner","Startup Cost": 1250.87,"Total Cost": 147378.76,"Plan Rows": 1,"Plan Width": 26,"Actual Startup Time": 4.580,"Actual Total Time": 518.201,"Actual Rows": 4090,"Actual Loops": 1,"Inner Unique": true,"Plans": [{"Node Type": "Nested Loop","Parent Relationship": "Outer","Parallel Aware": false,"Async Capable": false,"Join Type": "Semi","Startup Cost": 1250.44,"Total Cost": 147378.26,"Plan Rows": 1,"Plan Width": 34,"Actual Startup Time": 4.545,"Actual Total Time": 454.390,"Actual Rows": 8430,"Actual Loops": 1,"Inner Unique": false,"Plans": [{"Node Type": "Gather","Parent Relationship": "Outer","Parallel Aware": false,"Async Capable": false,"Startup Cost": 1250.01,"Total Cost": 147377.22,"Plan Rows": 1,"Plan Width": 34,"Actual Startup Time": 4.342,"Actual Total Time": 344.810,"Actual Rows": 14089,"Actual Loops": 1,"Workers Planned": 4,"Workers Launched": 4,"Single Copy": false,"Plans": [{"Node Type": "Nested Loop","Parent Relationship": "Outer","Parallel Aware": false,"Async Capable": false,"Join Type": "Anti","Startup Cost": 250.01,"Total Cost": 146377.12,"Plan Rows": 1,"Plan Width": 34,"Actual Startup Time": 5.491,"Actual Total Time": 451.438,"Actual Rows": 2818,"Actual Loops": 5,"Inner Unique": false,"Workers": [],"Plans": [{"Node Type": "Hash Join","Parent Relationship": "Outer","Parallel Aware": false,"Async Capable": false,"Join Type": "Inner","Startup Cost": 249.58,"Total Cost": 133581.65,"Plan Rows": 19990,"Plan Width": 34,"Actual Startup Time": 5.196,"Actual Total Time": 357.512,"Actual Rows": 31960,"Actual Loops": 5,"Inner Unique": false,"Hash Cond": "(l1.l_suppkey = supplier.s_suppkey)","Workers": [],"Plans": [{"Node Type": "Seq Scan","Parent Relationship": "Outer","Parallel Aware": true,"Async Capable": false,"Relation Name": "lineitem","Alias": "l1","Startup Cost": 0.00,"Total Cost": 131256.80,"Plan Rows": 500101,"Plan Width": 8,"Actual Startup Time": 0.027,"Actual Total Time": 305.923,"Actual Rows": 758659,"Actual Loops": 5,"Filter": "(l_receiptdate > l_commitdate)","Rows Removed by Filter": 441584,"Workers": []},{"Node Type": "Hash","Parent Relationship": "Inner","Parallel Aware": false,"Async Capable": false,"Startup Cost": 244.58,"Total Cost": 244.58,"Plan Rows": 400,"Plan Width": 30,"Actual Startup Time": 4.831,"Actual Total Time": 4.844,"Actual Rows": 420,"Actual Loops": 5,"Hash Buckets": 1024,"Original Hash Buckets": 1024,"Hash Batches": 1,"Original Hash Batches": 1,"Peak Memory Usage": 35,"Workers": [],"Plans": [{"Node Type": "Nested Loop","Parent Relationship": "Outer","Parallel Aware": false,"Async Capable": false,"Join Type": "Inner","Startup Cost": 7.38,"Total Cost": 244.58,"Plan Rows": 400,"Plan Width": 30,"Actual Startup Time": 0.275,"Actual Total Time": 4.655,"Actual Rows": 420,"Actual Loops": 5,"Inner Unique": false,"Workers": [],"Plans": [{"Node Type": "Seq Scan","Parent Relationship": "Outer","Parallel Aware": false,"Async Capable": false,"Relation Name": "nation","Alias": "nation","Startup Cost": 0.00,"Total Cost": 1.31,"Plan Rows": 1,"Plan Width": 4,"Actual Startup Time": 0.047,"Actual Total Time": 0.057,"Actual Rows": 1,"Actual Loops": 5,"Filter": "(n_name = 'ALGERIA'::bpchar)","Rows Removed by Filter": 24,"Workers": []},{"Node Type": "Bitmap Heap Scan","Parent Relationship": "Inner","Parallel Aware": false,"Async Capable": false,"Relation Name": "supplier","Alias": "supplier","Startup Cost": 7.38,"Total Cost": 239.27,"Plan Rows": 400,"Plan Width": 34,"Actual Startup Time": 0.222,"Actual Total Time": 4.505,"Actual Rows": 420,"Actual Loops": 5,"Recheck Cond": "(s_nationkey = nation.n_nationkey)","Rows Removed by Index Recheck": 0,"Exact Heap Blocks": 197,"Lossy Heap Blocks": 0,"Workers": [],"Plans": [{"Node Type": "Bitmap Index Scan","Parent Relationship": "Outer","Parallel Aware": false,"Async Capable": false,"Index Name": "idx_supplier_nation_key","Startup Cost": 0.00,"Total Cost": 7.29,"Plan Rows": 400,"Plan Width": 0,"Actual Startup Time": 0.137,"Actual Total Time": 0.140,"Actual Rows": 420,"Actual Loops": 5,"Index Cond": "(s_nationkey = nation.n_nationkey)","Workers": []}]}]}]}]},{"Node Type": "Index Scan","Parent Relationship": "Inner","Parallel Aware": false,"Async Capable": false,"Scan Direction": "Forward","Index Name": "idx_lineitem_orderkey","Relation Name": "lineitem","Alias": "l3","Startup Cost": 0.43,"Total Cost": 1.06,"Plan Rows": 6,"Plan Width": 8,"Actual Startup Time": 0.003,"Actual Total Time": 0.003,"Actual Rows": 1,"Actual Loops": 159800,"Index Cond": "(l_orderkey = l1.l_orderkey)","Rows Removed by Index Recheck": 0,"Filter": "((l_receiptdate > l_commitdate) AND (l_suppkey <> l1.l_suppkey))","Rows Removed by Filter": 1,"Workers": []}]}]},{"Node Type": "Index Scan","Parent Relationship": "Inner","Parallel Aware": false,"Async Capable": false,"Scan Direction": "Forward","Index Name": "idx_lineitem_orderkey","Relation Name": "lineitem","Alias": "l2","Startup Cost": 0.43,"Total Cost": 1.02,"Plan Rows": 17,"Plan Width": 8,"Actual Startup Time": 0.007,"Actual Total Time": 0.007,"Actual Rows": 1,"Actual Loops": 14089,"Index Cond": "(l_orderkey = l1.l_orderkey)","Rows Removed by Index Recheck": 0,"Filter": "(l_suppkey <> l1.l_suppkey)","Rows Removed by Filter": 1}]},{"Node Type": "Index Scan","Parent Relationship": "Inner","Parallel Aware": false,"Async Capable": false,"Scan Direction": "Forward","Index Name": "orders_pkey","Relation Name": "orders","Alias": "orders","Startup Cost": 0.43,"Total Cost": 0.51,"Plan Rows": 1,"Plan Width": 4,"Actual Startup Time": 0.007,"Actual Total Time": 0.007,"Actual Rows": 0,"Actual Loops": 8430,"Index Cond": "(o_orderkey = l1.l_orderkey)","Rows Removed by Index Recheck": 0,"Filter": "(o_orderstatus = 'F'::bpchar)","Rows Removed by Filter": 1}]}]}]}]},"Planning Time": 9.770,"Triggers": [],"Execution Time": 531.084}]
[{"Plan": {"Node Type": "Sort","Parallel Aware": false,"Async Capable": false,"Startup Cost": 147378.80,"Total Cost": 147378.81,"Plan Rows": 1,"Plan Width": 34,"Actual Startup Time": 510.910,"Actual Total Time": 530.461,"Actual Rows": 420,"Actual Loops": 1,"Sort Key": ["(count(*)) DESC", "supplier.s_name"],"Sort Method": "quicksort","Sort Space Used": 57,"Sort Space Type": "Memory","Plans": [{"Node Type": "Aggregate","Strategy": "Sorted","Partial Mode": "Simple","Parent Relationship": "Outer","Parallel Aware": false,"Async Capable": false,"Startup Cost": 147378.77,"Total Cost": 147378.79,"Plan Rows": 1,"Plan Width": 34,"Actual Startup Time": 509.613,"Actual Total Time": 529.683,"Actual Rows": 420,"Actual Loops": 1,"Group Key": ["supplier.s_name"],"Plans": [{"Node Type": "Sort","Parent Relationship": "Outer","Parallel Aware": false,"Async Capable": false,"Startup Cost": 147378.77,"Total Cost": 147378.78,"Plan Rows": 1,"Plan Width": 26,"Actual Startup Time": 509.594,"Actual Total Time": 529.267,"Actual Rows": 4090,"Actual Loops": 1,"Sort Key": ["supplier.s_name"],"Sort Method": "quicksort","Sort Space Used": 384,"Sort Space Type": "Memory","Plans": [{"Node Type": "Nested Loop","Parent Relationship": "Outer","Parallel Aware": false,"Async Capable": false,"Join Type": "Inner","Startup Cost": 1250.87,"Total Cost": 147378.76,"Plan Rows": 1,"Plan Width": 26,"Actual Startup Time": 4.580,"Actual Total Time": 518.201,"Actual Rows": 4090,"Actual Loops": 1,"Inner Unique": true,"Plans": [{"Node Type": "Nested Loop","Parent Relationship": "Outer","Parallel Aware": false,"Async Capable": false,"Join Type": "Semi","Startup Cost": 1250.44,"Total Cost": 147378.26,"Plan Rows": 1,"Plan Width": 34,"Actual Startup Time": 4.545,"Actual Total Time": 454.390,"Actual Rows": 8430,"Actual Loops": 1,"Inner Unique": false,"Plans": [{"Node Type": "Gather","Parent Relationship": "Outer","Parallel Aware": false,"Async Capable": false,"Startup Cost": 1250.01,"Total Cost": 147377.22,"Plan Rows": 1,"Plan Width": 34,"Actual Startup Time": 4.342,"Actual Total Time": 344.810,"Actual Rows": 14089,"Actual Loops": 1,"Workers Planned": 4,"Workers Launched": 4,"Single Copy": false,"Plans": [{"Node Type": "Nested Loop","Parent Relationship": "Outer","Parallel Aware": false,"Async Capable": false,"Join Type": "Anti","Startup Cost": 250.01,"Total Cost": 146377.12,"Plan Rows": 1,"Plan Width": 34,"Actual Startup Time": 5.491,"Actual Total Time": 451.438,"Actual Rows": 2818,"Actual Loops": 5,"Inner Unique": false,"Workers": [],"Plans": [{"Node Type": "Hash Join","Parent Relationship": "Outer","Parallel Aware": false,"Async Capable": false,"Join Type": "Inner","Startup Cost": 249.58,"Total Cost": 133581.65,"Plan Rows": 19990,"Plan Width": 34,"Actual Startup Time": 5.196,"Actual Total Time": 357.512,"Actual Rows": 31960,"Actual Loops": 5,"Inner Unique": false,"Hash Cond": "(l1.l_suppkey = supplier.s_suppkey)","Workers": [],"Plans": [{"Node Type": "Seq Scan","Parent Relationship": "Outer","Parallel Aware": true,"Async Capable": false,"Relation Name": "lineitem","Alias": "l1","Startup Cost": 0.00,"Total Cost": 131256.80,"Plan Rows": 500101,"Plan Width": 8,"Actual Startup Time": 0.027,"Actual Total Time": 305.923,"Actual Rows": 758659,"Actual Loops": 5,"Filter": "(l_receiptdate > l_commitdate)","Rows Removed by Filter": 441584,"Workers": []},{"Node Type": "Hash","Parent Relationship": "Inner","Parallel Aware": false,"Async Capable": false,"Startup Cost": 244.58,"Total Cost": 244.58,"Plan Rows": 400,"Plan Width": 30,"Actual Startup Time": 4.831,"Actual Total Time": 4.844,"Actual Rows": 420,"Actual Loops": 5,"Hash Buckets": 1024,"Original Hash Buckets": 1024,"Hash Batches": 1,"Original Hash Batches": 1,"Peak Memory Usage": 35,"Workers": [],"Plans": [{"Node Type": "Nested Loop","Parent Relationship": "Outer","Parallel Aware": false,"Async Capable": false,"Join Type": "Inner","Startup Cost": 7.38,"Total Cost": 244.58,"Plan Rows": 400,"Plan Width": 30,"Actual Startup Time": 0.275,"Actual Total Time": 4.655,"Actual Rows": 420,"Actual Loops": 5,"Inner Unique": false,"Workers": [],"Plans": [{"Node Type": "Seq Scan","Parent Relationship": "Outer","Parallel Aware": false,"Async Capable": false,"Relation Name": "nation","Alias": "nation","Startup Cost": 0.00,"Total Cost": 1.31,"Plan Rows": 1,"Plan Width": 4,"Actual Startup Time": 0.047,"Actual Total Time": 0.057,"Actual Rows": 1,"Actual Loops": 5,"Filter": "(n_name = 'ALGERIA'::bpchar)","Rows Removed by Filter": 24,"Workers": []},{"Node Type": "Bitmap Heap Scan","Parent Relationship": "Inner","Parallel Aware": false,"Async Capable": false,"Relation Name": "supplier","Alias": "supplier","Startup Cost": 7.38,"Total Cost": 239.27,"Plan Rows": 400,"Plan Width": 34,"Actual Startup Time": 0.222,"Actual Total Time": 4.505,"Actual Rows": 420,"Actual Loops": 5,"Recheck Cond": "(s_nationkey = nation.n_nationkey)","Rows Removed by Index Recheck": 0,"Exact Heap Blocks": 197,"Lossy Heap Blocks": 0,"Workers": [],"Plans": [{"Node Type": "Bitmap Index Scan","Parent Relationship": "Outer","Parallel Aware": false,"Async Capable": false,"Index Name": "idx_supplier_nation_key","Startup Cost": 0.00,"Total Cost": 7.29,"Plan Rows": 400,"Plan Width": 0,"Actual Startup Time": 0.137,"Actual Total Time": 0.140,"Actual Rows": 420,"Actual Loops": 5,"Index Cond": "(s_nationkey = nation.n_nationkey)","Workers": []}]}]}]}]},{"Node Type": "Index Scan","Parent Relationship": "Inner","Parallel Aware": false,"Async Capable": false,"Scan Direction": "Forward","Index Name": "idx_lineitem_orderkey","Relation Name": "lineitem","Alias": "l3","Startup Cost": 0.43,"Total Cost": 1.06,"Plan Rows": 6,"Plan Width": 8,"Actual Startup Time": 0.003,"Actual Total Time": 0.003,"Actual Rows": 1,"Actual Loops": 159800,"Index Cond": "(l_orderkey = l1.l_orderkey)","Rows Removed by Index Recheck": 0,"Filter": "((l_receiptdate > l_commitdate) AND (l_suppkey <> l1.l_suppkey))","Rows Removed by Filter": 1,"Workers": []}]}]},{"Node Type": "Index Scan","Parent Relationship": "Inner","Parallel Aware": false,"Async Capable": false,"Scan Direction": "Forward","Index Name": "idx_lineitem_orderkey","Relation Name": "lineitem","Alias": "l2","Startup Cost": 0.43,"Total Cost": 1.02,"Plan Rows": 17,"Plan Width": 8,"Actual Startup Time": 0.007,"Actual Total Time": 0.007,"Actual Rows": 1,"Actual Loops": 14089,"Index Cond": "(l_orderkey = l1.l_orderkey)","Rows Removed by Index Recheck": 0,"Filter": "(l_suppkey <> l1.l_suppkey)","Rows Removed by Filter": 1}]},{"Node Type": "Index Scan","Parent Relationship": "Inner","Parallel Aware": false,"Async Capable": false,"Scan Direction": "Forward","Index Name": "orders_pkey","Relation Name": "orders","Alias": "orders","Startup Cost": 0.43,"Total Cost": 0.51,"Plan Rows": 1,"Plan Width": 4,"Actual Startup Time": 0.007,"Actual Total Time": 0.007,"Actual Rows": 0,"Actual Loops": 8430,"Index Cond": "(o_orderkey = l1.l_orderkey)","Rows Removed by Index Recheck": 0,"Filter": "(o_orderstatus = 'F'::bpchar)","Rows Removed by Filter": 1}]}]}]}]},"Planning Time": 9.770,"Triggers": [],"Execution Time": 531.084}]
[{"Plan": {"Node Type": "Sort","Parallel Aware": false,"Async Capable": false,"Startup Cost": 147378.80,"Total Cost": 147378.81,"Plan Rows": 1,"Plan Width": 34,"Actual Startup Time": 500.228,"Actual Total Time": 519.082,"Actual Rows": 412,"Actual Loops": 1,"Sort Key": ["(count(*)) DESC", "supplier.s_name"],"Sort Method": "quicksort","Sort Space Used": 57,"Sort Space Type": "Memory","Plans": [{"Node Type": "Aggregate","Strategy": "Sorted","Partial Mode": "Simple","Parent Relationship": "Outer","Parallel Aware": false,"Async Capable": false,"Startup Cost": 147378.77,"Total Cost": 147378.79,"Plan Rows": 1,"Plan Width": 34,"Actual Startup Time": 498.981,"Actual Total Time": 518.359,"Actual Rows": 412,"Actual Loops": 1,"Group Key": ["supplier.s_name"],"Plans": [{"Node Type": "Sort","Parent Relationship": "Outer","Parallel Aware": false,"Async Capable": false,"Startup Cost": 147378.77,"Total Cost": 147378.78,"Plan Rows": 1,"Plan Width": 26,"Actual Startup Time": 498.949,"Actual Total Time": 517.928,"Actual Rows": 4030,"Actual Loops": 1,"Sort Key": ["supplier.s_name"],"Sort Method": "quicksort","Sort Space Used": 380,"Sort Space Type": "Memory","Plans": [{"Node Type": "Nested Loop","Parent Relationship": "Outer","Parallel Aware": false,"Async Capable": false,"Join Type": "Inner","Startup Cost": 1250.87,"Total Cost": 147378.76,"Plan Rows": 1,"Plan Width": 26,"Actual Startup Time": 4.020,"Actual Total Time": 506.052,"Actual Rows": 4030,"Actual Loops": 1,"Inner Unique": true,"Plans": [{"Node Type": "Nested Loop","Parent Relationship": "Outer","Parallel Aware": false,"Async Capable": false,"Join Type": "Semi","Startup Cost": 1250.44,"Total Cost": 147378.26,"Plan Rows": 1,"Plan Width": 34,"Actual Startup Time": 3.993,"Actual Total Time": 443.011,"Actual Rows": 8146,"Actual Loops": 1,"Inner Unique": false,"Plans": [{"Node Type": "Gather","Parent Relationship": "Outer","Parallel Aware": false,"Async Capable": false,"Startup Cost": 1250.01,"Total Cost": 147377.22,"Plan Rows": 1,"Plan Width": 34,"Actual Startup Time": 3.980,"Actual Total Time": 336.738,"Actual Rows": 13748,"Actual Loops": 1,"Workers Planned": 4,"Workers Launched": 4,"Single Copy": false,"Plans": [{"Node Type": "Nested Loop","Parent Relationship": "Outer","Parallel Aware": false,"Async Capable": false,"Join Type": "Anti","Startup Cost": 250.01,"Total Cost": 146377.12,"Plan Rows": 1,"Plan Width": 34,"Actual Startup Time": 4.569,"Actual Total Time": 441.712,"Actual Rows": 2750,"Actual Loops": 5,"Inner Unique": false,"Workers": [],"Plans": [{"Node Type": "Hash Join","Parent Relationship": "Outer","Parallel Aware": false,"Async Capable": false,"Join Type": "Inner","Startup Cost": 249.58,"Total Cost": 133581.65,"Plan Rows": 19990,"Plan Width": 34,"Actual Startup Time": 4.262,"Actual Total Time": 350.942,"Actual Rows": 31209,"Actual Loops": 5,"Inner Unique": false,"Hash Cond": "(l1.l_suppkey = supplier.s_suppkey)","Workers": [],"Plans": [{"Node Type": "Seq Scan","Parent Relationship": "Outer","Parallel Aware": true,"Async Capable": false,"Relation Name": "lineitem","Alias": "l1","Startup Cost": 0.00,"Total Cost": 131256.80,"Plan Rows": 500101,"Plan Width": 8,"Actual Startup Time": 0.026,"Actual Total Time": 299.296,"Actual Rows": 758659,"Actual Loops": 5,"Filter": "(l_receiptdate > l_commitdate)","Rows Removed by Filter": 441584,"Workers": []},{"Node Type": "Hash","Parent Relationship": "Inner","Parallel Aware": false,"Async Capable": false,"Startup Cost": 244.58,"Total Cost": 244.58,"Plan Rows": 400,"Plan Width": 30,"Actual Startup Time": 3.907,"Actual Total Time": 3.918,"Actual Rows": 412,"Actual Loops": 5,"Hash Buckets": 1024,"Original Hash Buckets": 1024,"Hash Batches": 1,"Original Hash Batches": 1,"Peak Memory Usage": 34,"Workers": [],"Plans": [{"Node Type": "Nested Loop","Parent Relationship": "Outer","Parallel Aware": false,"Async Capable": false,"Join Type": "Inner","Startup Cost": 7.38,"Total Cost": 244.58,"Plan Rows": 400,"Plan Width": 30,"Actual Startup Time": 0.286,"Actual Total Time": 3.756,"Actual Rows": 412,"Actual Loops": 5,"Inner Unique": false,"Workers": [],"Plans": [{"Node Type": "Seq Scan","Parent Relationship": "Outer","Parallel Aware": false,"Async Capable": false,"Relation Name": "nation","Alias": "nation","Startup Cost": 0.00,"Total Cost": 1.31,"Plan Rows": 1,"Plan Width": 4,"Actual Startup Time": 0.059,"Actual Total Time": 0.064,"Actual Rows": 1,"Actual Loops": 5,"Filter": "(n_name = 'CANADA'::bpchar)","Rows Removed by Filter": 24,"Workers": []},{"Node Type": "Bitmap Heap Scan","Parent Relationship": "Inner","Parallel Aware": false,"Async Capable": false,"Relation Name": "supplier","Alias": "supplier","Startup Cost": 7.38,"Total Cost": 239.27,"Plan Rows": 400,"Plan Width": 34,"Actual Startup Time": 0.222,"Actual Total Time": 3.623,"Actual Rows": 412,"Actual Loops": 5,"Recheck Cond": "(s_nationkey = nation.n_nationkey)","Rows Removed by Index Recheck": 0,"Exact Heap Blocks": 189,"Lossy Heap Blocks": 0,"Workers": [],"Plans": [{"Node Type": "Bitmap Index Scan","Parent Relationship": "Outer","Parallel Aware": false,"Async Capable": false,"Index Name": "idx_supplier_nation_key","Startup Cost": 0.00,"Total Cost": 7.29,"Plan Rows": 400,"Plan Width": 0,"Actual Startup Time": 0.144,"Actual Total Time": 0.145,"Actual Rows": 412,"Actual Loops": 5,"Index Cond": "(s_nationkey = nation.n_nationkey)","Workers": []}]}]}]}]},{"Node Type": "Index Scan","Parent Relationship": "Inner","Parallel Aware": false,"Async Capable": false,"Scan Direction": "Forward","Index Name": "idx_lineitem_orderkey","Relation Name": "lineitem","Alias": "l3","Startup Cost": 0.43,"Total Cost": 1.06,"Plan Rows": 6,"Plan Width": 8,"Actual Startup Time": 0.003,"Actual Total Time": 0.003,"Actual Rows": 1,"Actual Loops": 156047,"Index Cond": "(l_orderkey = l1.l_orderkey)","Rows Removed by Index Recheck": 0,"Filter": "((l_receiptdate > l_commitdate) AND (l_suppkey <> l1.l_suppkey))","Rows Removed by Filter": 1,"Workers": []}]}]},{"Node Type": "Index Scan","Parent Relationship": "Inner","Parallel Aware": false,"Async Capable": false,"Scan Direction": "Forward","Index Name": "idx_lineitem_orderkey","Relation Name": "lineitem","Alias": "l2","Startup Cost": 0.43,"Total Cost": 1.02,"Plan Rows": 17,"Plan Width": 8,"Actual Startup Time": 0.007,"Actual Total Time": 0.007,"Actual Rows": 1,"Actual Loops": 13748,"Index Cond": "(l_orderkey = l1.l_orderkey)","Rows Removed by Index Recheck": 0,"Filter": "(l_suppkey <> l1.l_suppkey)","Rows Removed by Filter": 1}]},{"Node Type": "Index Scan","Parent Relationship": "Inner","Parallel Aware": false,"Async Capable": false,"Scan Direction": "Forward","Index Name": "orders_pkey","Relation Name": "orders","Alias": "orders","Startup Cost": 0.43,"Total Cost": 0.51,"Plan Rows": 1,"Plan Width": 4,"Actual Startup Time": 0.007,"Actual Total Time": 0.007,"Actual Rows": 0,"Actual Loops": 8146,"Index Cond": "(o_orderkey = l1.l_orderkey)","Rows Removed by Index Recheck": 0,"Filter": "(o_orderstatus = 'F'::bpchar)","Rows Removed by Filter": 1}]}]}]}]},"Planning Time": 9.689,"Triggers": [],"Execution Time": 519.513}]
[{"Plan": {"Node Type": "Sort","Parallel Aware": false,"Async Capable": false,"Startup Cost": 147378.80,"Total Cost": 147378.81,"Plan Rows": 1,"Plan Width": 34,"Actual Startup Time": 500.709,"Actual Total Time": 524.703,"Actual Rows": 407,"Actual Loops": 1,"Sort Key": ["(count(*)) DESC", "supplier.s_name"],"Sort Method": "quicksort","Sort Space Used": 56,"Sort Space Type": "Memory","Plans": [{"Node Type": "Aggregate","Strategy": "Sorted","Partial Mode": "Simple","Parent Relationship": "Outer","Parallel Aware": false,"Async Capable": false,"Startup Cost": 147378.77,"Total Cost": 147378.79,"Plan Rows": 1,"Plan Width": 34,"Actual Startup Time": 499.455,"Actual Total Time": 523.962,"Actual Rows": 407,"Actual Loops": 1,"Group Key": ["supplier.s_name"],"Plans": [{"Node Type": "Sort","Parent Relationship": "Outer","Parallel Aware": false,"Async Capable": false,"Startup Cost": 147378.77,"Total Cost": 147378.78,"Plan Rows": 1,"Plan Width": 26,"Actual Startup Time": 499.433,"Actual Total Time": 523.550,"Actual Rows": 3965,"Actual Loops": 1,"Sort Key": ["supplier.s_name"],"Sort Method": "quicksort","Sort Space Used": 375,"Sort Space Type": "Memory","Plans": [{"Node Type": "Nested Loop","Parent Relationship": "Outer","Parallel Aware": false,"Async Capable": false,"Join Type": "Inner","Startup Cost": 1250.87,"Total Cost": 147378.76,"Plan Rows": 1,"Plan Width": 26,"Actual Startup Time": 5.067,"Actual Total Time": 512.972,"Actual Rows": 3965,"Actual Loops": 1,"Inner Unique": true,"Plans": [{"Node Type": "Nested Loop","Parent Relationship": "Outer","Parallel Aware": false,"Async Capable": false,"Join Type": "Semi","Startup Cost": 1250.44,"Total Cost": 147378.26,"Plan Rows": 1,"Plan Width": 34,"Actual Startup Time": 5.045,"Actual Total Time": 451.382,"Actual Rows": 8089,"Actual Loops": 1,"Inner Unique": false,"Plans": [{"Node Type": "Gather","Parent Relationship": "Outer","Parallel Aware": false,"Async Capable": false,"Startup Cost": 1250.01,"Total Cost": 147377.22,"Plan Rows": 1,"Plan Width": 34,"Actual Startup Time": 4.734,"Actual Total Time": 344.998,"Actual Rows": 13526,"Actual Loops": 1,"Workers Planned": 4,"Workers Launched": 4,"Single Copy": false,"Plans": [{"Node Type": "Nested Loop","Parent Relationship": "Outer","Parallel Aware": false,"Async Capable": false,"Join Type": "Anti","Startup Cost": 250.01,"Total Cost": 146377.12,"Plan Rows": 1,"Plan Width": 34,"Actual Startup Time": 4.775,"Actual Total Time": 445.542,"Actual Rows": 2705,"Actual Loops": 5,"Inner Unique": false,"Workers": [],"Plans": [{"Node Type": "Hash Join","Parent Relationship": "Outer","Parallel Aware": false,"Async Capable": false,"Join Type": "Inner","Startup Cost": 249.58,"Total Cost": 133581.65,"Plan Rows": 19990,"Plan Width": 34,"Actual Startup Time": 4.487,"Actual Total Time": 354.785,"Actual Rows": 30752,"Actual Loops": 5,"Inner Unique": false,"Hash Cond": "(l1.l_suppkey = supplier.s_suppkey)","Workers": [],"Plans": [{"Node Type": "Seq Scan","Parent Relationship": "Outer","Parallel Aware": true,"Async Capable": false,"Relation Name": "lineitem","Alias": "l1","Startup Cost": 0.00,"Total Cost": 131256.80,"Plan Rows": 500101,"Plan Width": 8,"Actual Startup Time": 0.026,"Actual Total Time": 303.161,"Actual Rows": 758659,"Actual Loops": 5,"Filter": "(l_receiptdate > l_commitdate)","Rows Removed by Filter": 441584,"Workers": []},{"Node Type": "Hash","Parent Relationship": "Inner","Parallel Aware": false,"Async Capable": false,"Startup Cost": 244.58,"Total Cost": 244.58,"Plan Rows": 400,"Plan Width": 30,"Actual Startup Time": 4.170,"Actual Total Time": 4.181,"Actual Rows": 407,"Actual Loops": 5,"Hash Buckets": 1024,"Original Hash Buckets": 1024,"Hash Batches": 1,"Original Hash Batches": 1,"Peak Memory Usage": 34,"Workers": [],"Plans": [{"Node Type": "Nested Loop","Parent Relationship": "Outer","Parallel Aware": false,"Async Capable": false,"Join Type": "Inner","Startup Cost": 7.38,"Total Cost": 244.58,"Plan Rows": 400,"Plan Width": 30,"Actual Startup Time": 0.302,"Actual Total Time": 4.018,"Actual Rows": 407,"Actual Loops": 5,"Inner Unique": false,"Workers": [],"Plans": [{"Node Type": "Seq Scan","Parent Relationship": "Outer","Parallel Aware": false,"Async Capable": false,"Relation Name": "nation","Alias": "nation","Startup Cost": 0.00,"Total Cost": 1.31,"Plan Rows": 1,"Plan Width": 4,"Actual Startup Time": 0.065,"Actual Total Time": 0.068,"Actual Rows": 1,"Actual Loops": 5,"Filter": "(n_name = 'CHINA'::bpchar)","Rows Removed by Filter": 24,"Workers": []},{"Node Type": "Bitmap Heap Scan","Parent Relationship": "Inner","Parallel Aware": false,"Async Capable": false,"Relation Name": "supplier","Alias": "supplier","Startup Cost": 7.38,"Total Cost": 239.27,"Plan Rows": 400,"Plan Width": 34,"Actual Startup Time": 0.229,"Actual Total Time": 3.872,"Actual Rows": 407,"Actual Loops": 5,"Recheck Cond": "(s_nationkey = nation.n_nationkey)","Rows Removed by Index Recheck": 0,"Exact Heap Blocks": 186,"Lossy Heap Blocks": 0,"Workers": [],"Plans": [{"Node Type": "Bitmap Index Scan","Parent Relationship": "Outer","Parallel Aware": false,"Async Capable": false,"Index Name": "idx_supplier_nation_key","Startup Cost": 0.00,"Total Cost": 7.29,"Plan Rows": 400,"Plan Width": 0,"Actual Startup Time": 0.141,"Actual Total Time": 0.143,"Actual Rows": 407,"Actual Loops": 5,"Index Cond": "(s_nationkey = nation.n_nationkey)","Workers": []}]}]}]}]},{"Node Type": "Index Scan","Parent Relationship": "Inner","Parallel Aware": false,"Async Capable": false,"Scan Direction": "Forward","Index Name": "idx_lineitem_orderkey","Relation Name": "lineitem","Alias": "l3","Startup Cost": 0.43,"Total Cost": 1.06,"Plan Rows": 6,"Plan Width": 8,"Actual Startup Time": 0.003,"Actual Total Time": 0.003,"Actual Rows": 1,"Actual Loops": 153758,"Index Cond": "(l_orderkey = l1.l_orderkey)","Rows Removed by Index Recheck": 0,"Filter": "((l_receiptdate > l_commitdate) AND (l_suppkey <> l1.l_suppkey))","Rows Removed by Filter": 1,"Workers": []}]}]},{"Node Type": "Index Scan","Parent Relationship": "Inner","Parallel Aware": false,"Async Capable": false,"Scan Direction": "Forward","Index Name": "idx_lineitem_orderkey","Relation Name": "lineitem","Alias": "l2","Startup Cost": 0.43,"Total Cost": 1.02,"Plan Rows": 17,"Plan Width": 8,"Actual Startup Time": 0.007,"Actual Total Time": 0.007,"Actual Rows": 1,"Actual Loops": 13526,"Index Cond": "(l_orderkey = l1.l_orderkey)","Rows Removed by Index Recheck": 0,"Filter": "(l_suppkey <> l1.l_suppkey)","Rows Removed by Filter": 1}]},{"Node Type": "Index Scan","Parent Relationship": "Inner","Parallel Aware": false,"Async Capable": false,"Scan Direction": "Forward","Index Name": "orders_pkey","Relation Name": "orders","Alias": "orders","Startup Cost": 0.43,"Total Cost": 0.51,"Plan Rows": 1,"Plan Width": 4,"Actual Startup Time": 0.007,"Actual Total Time": 0.007,"Actual Rows": 0,"Actual Loops": 8089,"Index Cond": "(o_orderkey = l1.l_orderkey)","Rows Removed by Index Recheck": 0,"Filter": "(o_orderstatus = 'F'::bpchar)","Rows Removed by Filter": 1}]}]}]}]},"Planning Time": 8.452,"Triggers": [],"Execution Time": 525.397}]
[{"Plan": {"Node Type": "Sort","Parallel Aware": false,"Async Capable": false,"Startup Cost": 147378.80,"Total Cost": 147378.81,"Plan Rows": 1,"Plan Width": 34,"Actual Startup Time": 504.070,"Actual Total Time": 522.796,"Actual Rows": 405,"Actual Loops": 1,"Sort Key": ["(count(*)) DESC", "supplier.s_name"],"Sort Method": "quicksort","Sort Space Used": 56,"Sort Space Type": "Memory","Plans": [{"Node Type": "Aggregate","Strategy": "Sorted","Partial Mode": "Simple","Parent Relationship": "Outer","Parallel Aware": false,"Async Capable": false,"Startup Cost": 147378.77,"Total Cost": 147378.79,"Plan Rows": 1,"Plan Width": 34,"Actual Startup Time": 502.850,"Actual Total Time": 522.098,"Actual Rows": 405,"Actual Loops": 1,"Group Key": ["supplier.s_name"],"Plans": [{"Node Type": "Sort","Parent Relationship": "Outer","Parallel Aware": false,"Async Capable": false,"Startup Cost": 147378.77,"Total Cost": 147378.78,"Plan Rows": 1,"Plan Width": 26,"Actual Startup Time": 502.828,"Actual Total Time": 521.678,"Actual Rows": 4028,"Actual Loops": 1,"Sort Key": ["supplier.s_name"],"Sort Method": "quicksort","Sort Space Used": 380,"Sort Space Type": "Memory","Plans": [{"Node Type": "Nested Loop","Parent Relationship": "Outer","Parallel Aware": false,"Async Capable": false,"Join Type": "Inner","Startup Cost": 1250.87,"Total Cost": 147378.76,"Plan Rows": 1,"Plan Width": 26,"Actual Startup Time": 4.998,"Actual Total Time": 510.942,"Actual Rows": 4028,"Actual Loops": 1,"Inner Unique": true,"Plans": [{"Node Type": "Nested Loop","Parent Relationship": "Outer","Parallel Aware": false,"Async Capable": false,"Join Type": "Semi","Startup Cost": 1250.44,"Total Cost": 147378.26,"Plan Rows": 1,"Plan Width": 34,"Actual Startup Time": 4.975,"Actual Total Time": 450.040,"Actual Rows": 8320,"Actual Loops": 1,"Inner Unique": false,"Plans": [{"Node Type": "Gather","Parent Relationship": "Outer","Parallel Aware": false,"Async Capable": false,"Startup Cost": 1250.01,"Total Cost": 147377.22,"Plan Rows": 1,"Plan Width": 34,"Actual Startup Time": 4.836,"Actual Total Time": 345.420,"Actual Rows": 13965,"Actual Loops": 1,"Workers Planned": 4,"Workers Launched": 4,"Single Copy": false,"Plans": [{"Node Type": "Nested Loop","Parent Relationship": "Outer","Parallel Aware": false,"Async Capable": false,"Join Type": "Anti","Startup Cost": 250.01,"Total Cost": 146377.12,"Plan Rows": 1,"Plan Width": 34,"Actual Startup Time": 4.706,"Actual Total Time": 445.819,"Actual Rows": 2793,"Actual Loops": 5,"Inner Unique": false,"Workers": [],"Plans": [{"Node Type": "Hash Join","Parent Relationship": "Outer","Parallel Aware": false,"Async Capable": false,"Join Type": "Inner","Startup Cost": 249.58,"Total Cost": 133581.65,"Plan Rows": 19990,"Plan Width": 34,"Actual Startup Time": 4.328,"Actual Total Time": 354.989,"Actual Rows": 30731,"Actual Loops": 5,"Inner Unique": false,"Hash Cond": "(l1.l_suppkey = supplier.s_suppkey)","Workers": [],"Plans": [{"Node Type": "Seq Scan","Parent Relationship": "Outer","Parallel Aware": true,"Async Capable": false,"Relation Name": "lineitem","Alias": "l1","Startup Cost": 0.00,"Total Cost": 131256.80,"Plan Rows": 500101,"Plan Width": 8,"Actual Startup Time": 0.030,"Actual Total Time": 303.427,"Actual Rows": 758659,"Actual Loops": 5,"Filter": "(l_receiptdate > l_commitdate)","Rows Removed by Filter": 441584,"Workers": []},{"Node Type": "Hash","Parent Relationship": "Inner","Parallel Aware": false,"Async Capable": false,"Startup Cost": 244.58,"Total Cost": 244.58,"Plan Rows": 400,"Plan Width": 30,"Actual Startup Time": 4.016,"Actual Total Time": 4.027,"Actual Rows": 405,"Actual Loops": 5,"Hash Buckets": 1024,"Original Hash Buckets": 1024,"Hash Batches": 1,"Original Hash Batches": 1,"Peak Memory Usage": 34,"Workers": [],"Plans": [{"Node Type": "Nested Loop","Parent Relationship": "Outer","Parallel Aware": false,"Async Capable": false,"Join Type": "Inner","Startup Cost": 7.38,"Total Cost": 244.58,"Plan Rows": 400,"Plan Width": 30,"Actual Startup Time": 0.282,"Actual Total Time": 3.870,"Actual Rows": 405,"Actual Loops": 5,"Inner Unique": false,"Workers": [],"Plans": [{"Node Type": "Seq Scan","Parent Relationship": "Outer","Parallel Aware": false,"Async Capable": false,"Relation Name": "nation","Alias": "nation","Startup Cost": 0.00,"Total Cost": 1.31,"Plan Rows": 1,"Plan Width": 4,"Actual Startup Time": 0.049,"Actual Total Time": 0.055,"Actual Rows": 1,"Actual Loops": 5,"Filter": "(n_name = 'INDONESIA'::bpchar)","Rows Removed by Filter": 24,"Workers": []},{"Node Type": "Bitmap Heap Scan","Parent Relationship": "Inner","Parallel Aware": false,"Async Capable": false,"Relation Name": "supplier","Alias": "supplier","Startup Cost": 7.38,"Total Cost": 239.27,"Plan Rows": 400,"Plan Width": 34,"Actual Startup Time": 0.227,"Actual Total Time": 3.740,"Actual Rows": 405,"Actual Loops": 5,"Recheck Cond": "(s_nationkey = nation.n_nationkey)","Rows Removed by Index Recheck": 0,"Exact Heap Blocks": 192,"Lossy Heap Blocks": 0,"Workers": [],"Plans": [{"Node Type": "Bitmap Index Scan","Parent Relationship": "Outer","Parallel Aware": false,"Async Capable": false,"Index Name": "idx_supplier_nation_key","Startup Cost": 0.00,"Total Cost": 7.29,"Plan Rows": 400,"Plan Width": 0,"Actual Startup Time": 0.146,"Actual Total Time": 0.147,"Actual Rows": 405,"Actual Loops": 5,"Index Cond": "(s_nationkey = nation.n_nationkey)","Workers": []}]}]}]}]},{"Node Type": "Index Scan","Parent Relationship": "Inner","Parallel Aware": false,"Async Capable": false,"Scan Direction": "Forward","Index Name": "idx_lineitem_orderkey","Relation Name": "lineitem","Alias": "l3","Startup Cost": 0.43,"Total Cost": 1.06,"Plan Rows": 6,"Plan Width": 8,"Actual Startup Time": 0.003,"Actual Total Time": 0.003,"Actual Rows": 1,"Actual Loops": 153653,"Index Cond": "(l_orderkey = l1.l_orderkey)","Rows Removed by Index Recheck": 0,"Filter": "((l_receiptdate > l_commitdate) AND (l_suppkey <> l1.l_suppkey))","Rows Removed by Filter": 1,"Workers": []}]}]},{"Node Type": "Index Scan","Parent Relationship": "Inner","Parallel Aware": false,"Async Capable": false,"Scan Direction": "Forward","Index Name": "idx_lineitem_orderkey","Relation Name": "lineitem","Alias": "l2","Startup Cost": 0.43,"Total Cost": 1.02,"Plan Rows": 17,"Plan Width": 8,"Actual Startup Time": 0.007,"Actual Total Time": 0.007,"Actual Rows": 1,"Actual Loops": 13965,"Index Cond": "(l_orderkey = l1.l_orderkey)","Rows Removed by Index Recheck": 0,"Filter": "(l_suppkey <> l1.l_suppkey)","Rows Removed by Filter": 1}]},{"Node Type": "Index Scan","Parent Relationship": "Inner","Parallel Aware": false,"Async Capable": false,"Scan Direction": "Forward","Index Name": "orders_pkey","Relation Name": "orders","Alias": "orders","Startup Cost": 0.43,"Total Cost": 0.51,"Plan Rows": 1,"Plan Width": 4,"Actual Startup Time": 0.007,"Actual Total Time": 0.007,"Actual Rows": 0,"Actual Loops": 8320,"Index Cond": "(o_orderkey = l1.l_orderkey)","Rows Removed by Index Recheck": 0,"Filter": "(o_orderstatus = 'F'::bpchar)","Rows Removed by Filter": 1}]}]}]}]},"Planning Time": 8.753,"Triggers": [],"Execution Time": 523.514}]
[{"Plan": {"Node Type": "Sort","Parallel Aware": false,"Async Capable": false,"Startup Cost": 147378.80,"Total Cost": 147378.81,"Plan Rows": 1,"Plan Width": 34,"Actual Startup Time": 503.423,"Actual Total Time": 521.004,"Actual Rows": 406,"Actual Loops": 1,"Sort Key": ["(count(*)) DESC", "supplier.s_name"],"Sort Method": "quicksort","Sort Space Used": 56,"Sort Space Type": "Memory","Plans": [{"Node Type": "Aggregate","Strategy": "Sorted","Partial Mode": "Simple","Parent Relationship": "Outer","Parallel Aware": false,"Async Capable": false,"Startup Cost": 147378.77,"Total Cost": 147378.79,"Plan Rows": 1,"Plan Width": 34,"Actual Startup Time": 502.176,"Actual Total Time": 520.280,"Actual Rows": 406,"Actual Loops": 1,"Group Key": ["supplier.s_name"],"Plans": [{"Node Type": "Sort","Parent Relationship": "Outer","Parallel Aware": false,"Async Capable": false,"Startup Cost": 147378.77,"Total Cost": 147378.78,"Plan Rows": 1,"Plan Width": 26,"Actual Startup Time": 502.147,"Actual Total Time": 519.852,"Actual Rows": 4052,"Actual Loops": 1,"Sort Key": ["supplier.s_name"],"Sort Method": "quicksort","Sort Space Used": 381,"Sort Space Type": "Memory","Plans": [{"Node Type": "Nested Loop","Parent Relationship": "Outer","Parallel Aware": false,"Async Capable": false,"Join Type": "Inner","Startup Cost": 1250.87,"Total Cost": 147378.76,"Plan Rows": 1,"Plan Width": 26,"Actual Startup Time": 4.486,"Actual Total Time": 508.290,"Actual Rows": 4052,"Actual Loops": 1,"Inner Unique": true,"Plans": [{"Node Type": "Nested Loop","Parent Relationship": "Outer","Parallel Aware": false,"Async Capable": false,"Join Type": "Semi","Startup Cost": 1250.44,"Total Cost": 147378.26,"Plan Rows": 1,"Plan Width": 34,"Actual Startup Time": 4.452,"Actual Total Time": 441.127,"Actual Rows": 8332,"Actual Loops": 1,"Inner Unique": false,"Plans": [{"Node Type": "Gather","Parent Relationship": "Outer","Parallel Aware": false,"Async Capable": false,"Startup Cost": 1250.01,"Total Cost": 147377.22,"Plan Rows": 1,"Plan Width": 34,"Actual Startup Time": 4.440,"Actual Total Time": 331.994,"Actual Rows": 13791,"Actual Loops": 1,"Workers Planned": 4,"Workers Launched": 4,"Single Copy": false,"Plans": [{"Node Type": "Nested Loop","Parent Relationship": "Outer","Parallel Aware": false,"Async Capable": false,"Join Type": "Anti","Startup Cost": 250.01,"Total Cost": 146377.12,"Plan Rows": 1,"Plan Width": 34,"Actual Startup Time": 4.624,"Actual Total Time": 442.937,"Actual Rows": 2758,"Actual Loops": 5,"Inner Unique": false,"Workers": [],"Plans": [{"Node Type": "Hash Join","Parent Relationship": "Outer","Parallel Aware": false,"Async Capable": false,"Join Type": "Inner","Startup Cost": 249.58,"Total Cost": 133581.65,"Plan Rows": 19990,"Plan Width": 34,"Actual Startup Time": 4.481,"Actual Total Time": 353.409,"Actual Rows": 30900,"Actual Loops": 5,"Inner Unique": false,"Hash Cond": "(l1.l_suppkey = supplier.s_suppkey)","Workers": [],"Plans": [{"Node Type": "Seq Scan","Parent Relationship": "Outer","Parallel Aware": true,"Async Capable": false,"Relation Name": "lineitem","Alias": "l1","Startup Cost": 0.00,"Total Cost": 131256.80,"Plan Rows": 500101,"Plan Width": 8,"Actual Startup Time": 0.029,"Actual Total Time": 301.270,"Actual Rows": 758659,"Actual Loops": 5,"Filter": "(l_receiptdate > l_commitdate)","Rows Removed by Filter": 441584,"Workers": []},{"Node Type": "Hash","Parent Relationship": "Inner","Parallel Aware": false,"Async Capable": false,"Startup Cost": 244.58,"Total Cost": 244.58,"Plan Rows": 400,"Plan Width": 30,"Actual Startup Time": 4.105,"Actual Total Time": 4.114,"Actual Rows": 406,"Actual Loops": 5,"Hash Buckets": 1024,"Original Hash Buckets": 1024,"Hash Batches": 1,"Original Hash Batches": 1,"Peak Memory Usage": 34,"Workers": [],"Plans": [{"Node Type": "Nested Loop","Parent Relationship": "Outer","Parallel Aware": false,"Async Capable": false,"Join Type": "Inner","Startup Cost": 7.38,"Total Cost": 244.58,"Plan Rows": 400,"Plan Width": 30,"Actual Startup Time": 0.252,"Actual Total Time": 3.975,"Actual Rows": 406,"Actual Loops": 5,"Inner Unique": false,"Workers": [],"Plans": [{"Node Type": "Seq Scan","Parent Relationship": "Outer","Parallel Aware": false,"Async Capable": false,"Relation Name": "nation","Alias": "nation","Startup Cost": 0.00,"Total Cost": 1.31,"Plan Rows": 1,"Plan Width": 4,"Actual Startup Time": 0.055,"Actual Total Time": 0.058,"Actual Rows": 1,"Actual Loops": 5,"Filter": "(n_name = 'MOZAMBIQUE'::bpchar)","Rows Removed by Filter": 24,"Workers": []},{"Node Type": "Bitmap Heap Scan","Parent Relationship": "Inner","Parallel Aware": false,"Async Capable": false,"Relation Name": "supplier","Alias": "supplier","Startup Cost": 7.38,"Total Cost": 239.27,"Plan Rows": 400,"Plan Width": 34,"Actual Startup Time": 0.193,"Actual Total Time": 3.854,"Actual Rows": 406,"Actual Loops": 5,"Recheck Cond": "(s_nationkey = nation.n_nationkey)","Rows Removed by Index Recheck": 0,"Exact Heap Blocks": 186,"Lossy Heap Blocks": 0,"Workers": [],"Plans": [{"Node Type": "Bitmap Index Scan","Parent Relationship": "Outer","Parallel Aware": false,"Async Capable": false,"Index Name": "idx_supplier_nation_key","Startup Cost": 0.00,"Total Cost": 7.29,"Plan Rows": 400,"Plan Width": 0,"Actual Startup Time": 0.125,"Actual Total Time": 0.126,"Actual Rows": 406,"Actual Loops": 5,"Index Cond": "(s_nationkey = nation.n_nationkey)","Workers": []}]}]}]}]},{"Node Type": "Index Scan","Parent Relationship": "Inner","Parallel Aware": false,"Async Capable": false,"Scan Direction": "Forward","Index Name": "idx_lineitem_orderkey","Relation Name": "lineitem","Alias": "l3","Startup Cost": 0.43,"Total Cost": 1.06,"Plan Rows": 6,"Plan Width": 8,"Actual Startup Time": 0.003,"Actual Total Time": 0.003,"Actual Rows": 1,"Actual Loops": 154501,"Index Cond": "(l_orderkey = l1.l_orderkey)","Rows Removed by Index Recheck": 0,"Filter": "((l_receiptdate > l_commitdate) AND (l_suppkey <> l1.l_suppkey))","Rows Removed by Filter": 1,"Workers": []}]}]},{"Node Type": "Index Scan","Parent Relationship": "Inner","Parallel Aware": false,"Async Capable": false,"Scan Direction": "Forward","Index Name": "idx_lineitem_orderkey","Relation Name": "lineitem","Alias": "l2","Startup Cost": 0.43,"Total Cost": 1.02,"Plan Rows": 17,"Plan Width": 8,"Actual Startup Time": 0.007,"Actual Total Time": 0.007,"Actual Rows": 1,"Actual Loops": 13791,"Index Cond": "(l_orderkey = l1.l_orderkey)","Rows Removed by Index Recheck": 0,"Filter": "(l_suppkey <> l1.l_suppkey)","Rows Removed by Filter": 1}]},{"Node Type": "Index Scan","Parent Relationship": "Inner","Parallel Aware": false,"Async Capable": false,"Scan Direction": "Forward","Index Name": "orders_pkey","Relation Name": "orders","Alias": "orders","Startup Cost": 0.43,"Total Cost": 0.51,"Plan Rows": 1,"Plan Width": 4,"Actual Startup Time": 0.008,"Actual Total Time": 0.008,"Actual Rows": 0,"Actual Loops": 8332,"Index Cond": "(o_orderkey = l1.l_orderkey)","Rows Removed by Index Recheck": 0,"Filter": "(o_orderstatus = 'F'::bpchar)","Rows Removed by Filter": 1}]}]}]}]},"Planning Time": 9.793,"Triggers": [],"Execution Time": 521.577}]
[{"Plan": {"Node Type": "Sort","Parallel Aware": false,"Async Capable": false,"Startup Cost": 147378.80,"Total Cost": 147378.81,"Plan Rows": 1,"Plan Width": 34,"Actual Startup Time": 507.691,"Actual Total Time": 527.119,"Actual Rows": 411,"Actual Loops": 1,"Sort Key": ["(count(*)) DESC", "supplier.s_name"],"Sort Method": "quicksort","Sort Space Used": 57,"Sort Space Type": "Memory","Plans": [{"Node Type": "Aggregate","Strategy": "Sorted","Partial Mode": "Simple","Parent Relationship": "Outer","Parallel Aware": false,"Async Capable": false,"Startup Cost": 147378.77,"Total Cost": 147378.79,"Plan Rows": 1,"Plan Width": 34,"Actual Startup Time": 506.441,"Actual Total Time": 526.395,"Actual Rows": 411,"Actual Loops": 1,"Group Key": ["supplier.s_name"],"Plans": [{"Node Type": "Sort","Parent Relationship": "Outer","Parallel Aware": false,"Async Capable": false,"Startup Cost": 147378.77,"Total Cost": 147378.78,"Plan Rows": 1,"Plan Width": 26,"Actual Startup Time": 506.413,"Actual Total Time": 525.969,"Actual Rows": 4141,"Actual Loops": 1,"Sort Key": ["supplier.s_name"],"Sort Method": "quicksort","Sort Space Used": 484,"Sort Space Type": "Memory","Plans": [{"Node Type": "Nested Loop","Parent Relationship": "Outer","Parallel Aware": false,"Async Capable": false,"Join Type": "Inner","Startup Cost": 1250.87,"Total Cost": 147378.76,"Plan Rows": 1,"Plan Width": 26,"Actual Startup Time": 4.973,"Actual Total Time": 514.878,"Actual Rows": 4141,"Actual Loops": 1,"Inner Unique": true,"Plans": [{"Node Type": "Nested Loop","Parent Relationship": "Outer","Parallel Aware": false,"Async Capable": false,"Join Type": "Semi","Startup Cost": 1250.44,"Total Cost": 147378.26,"Plan Rows": 1,"Plan Width": 34,"Actual Startup Time": 4.329,"Actual Total Time": 453.804,"Actual Rows": 8357,"Actual Loops": 1,"Inner Unique": false,"Plans": [{"Node Type": "Gather","Parent Relationship": "Outer","Parallel Aware": false,"Async Capable": false,"Startup Cost": 1250.01,"Total Cost": 147377.22,"Plan Rows": 1,"Plan Width": 34,"Actual Startup Time": 4.312,"Actual Total Time": 350.336,"Actual Rows": 13859,"Actual Loops": 1,"Workers Planned": 4,"Workers Launched": 4,"Single Copy": false,"Plans": [{"Node Type": "Nested Loop","Parent Relationship": "Outer","Parallel Aware": false,"Async Capable": false,"Join Type": "Anti","Startup Cost": 250.01,"Total Cost": 146377.12,"Plan Rows": 1,"Plan Width": 34,"Actual Startup Time": 4.818,"Actual Total Time": 450.256,"Actual Rows": 2772,"Actual Loops": 5,"Inner Unique": false,"Workers": [],"Plans": [{"Node Type": "Hash Join","Parent Relationship": "Outer","Parallel Aware": false,"Async Capable": false,"Join Type": "Inner","Startup Cost": 249.58,"Total Cost": 133581.65,"Plan Rows": 19990,"Plan Width": 34,"Actual Startup Time": 4.474,"Actual Total Time": 357.672,"Actual Rows": 31348,"Actual Loops": 5,"Inner Unique": false,"Hash Cond": "(l1.l_suppkey = supplier.s_suppkey)","Workers": [],"Plans": [{"Node Type": "Seq Scan","Parent Relationship": "Outer","Parallel Aware": true,"Async Capable": false,"Relation Name": "lineitem","Alias": "l1","Startup Cost": 0.00,"Total Cost": 131256.80,"Plan Rows": 500101,"Plan Width": 8,"Actual Startup Time": 0.028,"Actual Total Time": 306.873,"Actual Rows": 758659,"Actual Loops": 5,"Filter": "(l_receiptdate > l_commitdate)","Rows Removed by Filter": 441584,"Workers": []},{"Node Type": "Hash","Parent Relationship": "Inner","Parallel Aware": false,"Async Capable": false,"Startup Cost": 244.58,"Total Cost": 244.58,"Plan Rows": 400,"Plan Width": 30,"Actual Startup Time": 4.175,"Actual Total Time": 4.188,"Actual Rows": 411,"Actual Loops": 5,"Hash Buckets": 1024,"Original Hash Buckets": 1024,"Hash Batches": 1,"Original Hash Batches": 1,"Peak Memory Usage": 34,"Workers": [],"Plans": [{"Node Type": "Nested Loop","Parent Relationship": "Outer","Parallel Aware": false,"Async Capable": false,"Join Type": "Inner","Startup Cost": 7.38,"Total Cost": 244.58,"Plan Rows": 400,"Plan Width": 30,"Actual Startup Time": 0.256,"Actual Total Time": 4.027,"Actual Rows": 411,"Actual Loops": 5,"Inner Unique": false,"Workers": [],"Plans": [{"Node Type": "Seq Scan","Parent Relationship": "Outer","Parallel Aware": false,"Async Capable": false,"Relation Name": "nation","Alias": "nation","Startup Cost": 0.00,"Total Cost": 1.31,"Plan Rows": 1,"Plan Width": 4,"Actual Startup Time": 0.047,"Actual Total Time": 0.051,"Actual Rows": 1,"Actual Loops": 5,"Filter": "(n_name = 'SAUDI ARABIA'::bpchar)","Rows Removed by Filter": 24,"Workers": []},{"Node Type": "Bitmap Heap Scan","Parent Relationship": "Inner","Parallel Aware": false,"Async Capable": false,"Relation Name": "supplier","Alias": "supplier","Startup Cost": 7.38,"Total Cost": 239.27,"Plan Rows": 400,"Plan Width": 34,"Actual Startup Time": 0.204,"Actual Total Time": 3.890,"Actual Rows": 411,"Actual Loops": 5,"Recheck Cond": "(s_nationkey = nation.n_nationkey)","Rows Removed by Index Recheck": 0,"Exact Heap Blocks": 182,"Lossy Heap Blocks": 0,"Workers": [],"Plans": [{"Node Type": "Bitmap Index Scan","Parent Relationship": "Outer","Parallel Aware": false,"Async Capable": false,"Index Name": "idx_supplier_nation_key","Startup Cost": 0.00,"Total Cost": 7.29,"Plan Rows": 400,"Plan Width": 0,"Actual Startup Time": 0.143,"Actual Total Time": 0.145,"Actual Rows": 411,"Actual Loops": 5,"Index Cond": "(s_nationkey = nation.n_nationkey)","Workers": []}]}]}]}]},{"Node Type": "Index Scan","Parent Relationship": "Inner","Parallel Aware": false,"Async Capable": false,"Scan Direction": "Forward","Index Name": "idx_lineitem_orderkey","Relation Name": "lineitem","Alias": "l3","Startup Cost": 0.43,"Total Cost": 1.06,"Plan Rows": 6,"Plan Width": 8,"Actual Startup Time": 0.003,"Actual Total Time": 0.003,"Actual Rows": 1,"Actual Loops": 156739,"Index Cond": "(l_orderkey = l1.l_orderkey)","Rows Removed by Index Recheck": 0,"Filter": "((l_receiptdate > l_commitdate) AND (l_suppkey <> l1.l_suppkey))","Rows Removed by Filter": 1,"Workers": []}]}]},{"Node Type": "Index Scan","Parent Relationship": "Inner","Parallel Aware": false,"Async Capable": false,"Scan Direction": "Forward","Index Name": "idx_lineitem_orderkey","Relation Name": "lineitem","Alias": "l2","Startup Cost": 0.43,"Total Cost": 1.02,"Plan Rows": 17,"Plan Width": 8,"Actual Startup Time": 0.007,"Actual Total Time": 0.007,"Actual Rows": 1,"Actual Loops": 13859,"Index Cond": "(l_orderkey = l1.l_orderkey)","Rows Removed by Index Recheck": 0,"Filter": "(l_suppkey <> l1.l_suppkey)","Rows Removed by Filter": 1}]},{"Node Type": "Index Scan","Parent Relationship": "Inner","Parallel Aware": false,"Async Capable": false,"Scan Direction": "Forward","Index Name": "orders_pkey","Relation Name": "orders","Alias": "orders","Startup Cost": 0.43,"Total Cost": 0.51,"Plan Rows": 1,"Plan Width": 4,"Actual Startup Time": 0.007,"Actual Total Time": 0.007,"Actual Rows": 0,"Actual Loops": 8357,"Index Cond": "(o_orderkey = l1.l_orderkey)","Rows Removed by Index Recheck": 0,"Filter": "(o_orderstatus = 'F'::bpchar)","Rows Removed by Filter": 1}]}]}]}]},"Planning Time": 9.483,"Triggers": [],"Execution Time": 527.804}]
[{"Plan": {"Node Type": "Sort","Parallel Aware": false,"Async Capable": false,"Startup Cost": 147378.80,"Total Cost": 147378.81,"Plan Rows": 1,"Plan Width": 34,"Actual Startup Time": 511.931,"Actual Total Time": 527.174,"Actual Rows": 415,"Actual Loops": 1,"Sort Key": ["(count(*)) DESC", "supplier.s_name"],"Sort Method": "quicksort","Sort Space Used": 57,"Sort Space Type": "Memory","Plans": [{"Node Type": "Aggregate","Strategy": "Sorted","Partial Mode": "Simple","Parent Relationship": "Outer","Parallel Aware": false,"Async Capable": false,"Startup Cost": 147378.77,"Total Cost": 147378.79,"Plan Rows": 1,"Plan Width": 34,"Actual Startup Time": 510.675,"Actual Total Time": 526.442,"Actual Rows": 415,"Actual Loops": 1,"Group Key": ["supplier.s_name"],"Plans": [{"Node Type": "Sort","Parent Relationship": "Outer","Parallel Aware": false,"Async Capable": false,"Startup Cost": 147378.77,"Total Cost": 147378.78,"Plan Rows": 1,"Plan Width": 26,"Actual Startup Time": 510.644,"Actual Total Time": 526.012,"Actual Rows": 4112,"Actual Loops": 1,"Sort Key": ["supplier.s_name"],"Sort Method": "quicksort","Sort Space Used": 482,"Sort Space Type": "Memory","Plans": [{"Node Type": "Nested Loop","Parent Relationship": "Outer","Parallel Aware": false,"Async Capable": false,"Join Type": "Inner","Startup Cost": 1250.87,"Total Cost": 147378.76,"Plan Rows": 1,"Plan Width": 26,"Actual Startup Time": 4.482,"Actual Total Time": 514.049,"Actual Rows": 4112,"Actual Loops": 1,"Inner Unique": true,"Plans": [{"Node Type": "Nested Loop","Parent Relationship": "Outer","Parallel Aware": false,"Async Capable": false,"Join Type": "Semi","Startup Cost": 1250.44,"Total Cost": 147378.26,"Plan Rows": 1,"Plan Width": 34,"Actual Startup Time": 4.433,"Actual Total Time": 447.118,"Actual Rows": 8423,"Actual Loops": 1,"Inner Unique": false,"Plans": [{"Node Type": "Gather","Parent Relationship": "Outer","Parallel Aware": false,"Async Capable": false,"Startup Cost": 1250.01,"Total Cost": 147377.22,"Plan Rows": 1,"Plan Width": 34,"Actual Startup Time": 4.417,"Actual Total Time": 335.444,"Actual Rows": 14099,"Actual Loops": 1,"Workers Planned": 4,"Workers Launched": 4,"Single Copy": false,"Plans": [{"Node Type": "Nested Loop","Parent Relationship": "Outer","Parallel Aware": false,"Async Capable": false,"Join Type": "Anti","Startup Cost": 250.01,"Total Cost": 146377.12,"Plan Rows": 1,"Plan Width": 34,"Actual Startup Time": 5.494,"Actual Total Time": 449.293,"Actual Rows": 2820,"Actual Loops": 5,"Inner Unique": false,"Workers": [],"Plans": [{"Node Type": "Hash Join","Parent Relationship": "Outer","Parallel Aware": false,"Async Capable": false,"Join Type": "Inner","Startup Cost": 249.58,"Total Cost": 133581.65,"Plan Rows": 19990,"Plan Width": 34,"Actual Startup Time": 5.114,"Actual Total Time": 356.460,"Actual Rows": 31599,"Actual Loops": 5,"Inner Unique": false,"Hash Cond": "(l1.l_suppkey = supplier.s_suppkey)","Workers": [],"Plans": [{"Node Type": "Seq Scan","Parent Relationship": "Outer","Parallel Aware": true,"Async Capable": false,"Relation Name": "lineitem","Alias": "l1","Startup Cost": 0.00,"Total Cost": 131256.80,"Plan Rows": 500101,"Plan Width": 8,"Actual Startup Time": 0.028,"Actual Total Time": 305.044,"Actual Rows": 758659,"Actual Loops": 5,"Filter": "(l_receiptdate > l_commitdate)","Rows Removed by Filter": 441584,"Workers": []},{"Node Type": "Hash","Parent Relationship": "Inner","Parallel Aware": false,"Async Capable": false,"Startup Cost": 244.58,"Total Cost": 244.58,"Plan Rows": 400,"Plan Width": 30,"Actual Startup Time": 4.772,"Actual Total Time": 4.789,"Actual Rows": 415,"Actual Loops": 5,"Hash Buckets": 1024,"Original Hash Buckets": 1024,"Hash Batches": 1,"Original Hash Batches": 1,"Peak Memory Usage": 34,"Workers": [],"Plans": [{"Node Type": "Nested Loop","Parent Relationship": "Outer","Parallel Aware": false,"Async Capable": false,"Join Type": "Inner","Startup Cost": 7.38,"Total Cost": 244.58,"Plan Rows": 400,"Plan Width": 30,"Actual Startup Time": 0.307,"Actual Total Time": 4.608,"Actual Rows": 415,"Actual Loops": 5,"Inner Unique": false,"Workers": [],"Plans": [{"Node Type": "Seq Scan","Parent Relationship": "Outer","Parallel Aware": false,"Async Capable": false,"Relation Name": "nation","Alias": "nation","Startup Cost": 0.00,"Total Cost": 1.31,"Plan Rows": 1,"Plan Width": 4,"Actual Startup Time": 0.059,"Actual Total Time": 0.064,"Actual Rows": 1,"Actual Loops": 5,"Filter": "(n_name = 'EGYPT'::bpchar)","Rows Removed by Filter": 24,"Workers": []},{"Node Type": "Bitmap Heap Scan","Parent Relationship": "Inner","Parallel Aware": false,"Async Capable": false,"Relation Name": "supplier","Alias": "supplier","Startup Cost": 7.38,"Total Cost": 239.27,"Plan Rows": 400,"Plan Width": 34,"Actual Startup Time": 0.244,"Actual Total Time": 4.451,"Actual Rows": 415,"Actual Loops": 5,"Recheck Cond": "(s_nationkey = nation.n_nationkey)","Rows Removed by Index Recheck": 0,"Exact Heap Blocks": 183,"Lossy Heap Blocks": 0,"Workers": [],"Plans": [{"Node Type": "Bitmap Index Scan","Parent Relationship": "Outer","Parallel Aware": false,"Async Capable": false,"Index Name": "idx_supplier_nation_key","Startup Cost": 0.00,"Total Cost": 7.29,"Plan Rows": 400,"Plan Width": 0,"Actual Startup Time": 0.159,"Actual Total Time": 0.162,"Actual Rows": 415,"Actual Loops": 5,"Index Cond": "(s_nationkey = nation.n_nationkey)","Workers": []}]}]}]}]},{"Node Type": "Index Scan","Parent Relationship": "Inner","Parallel Aware": false,"Async Capable": false,"Scan Direction": "Forward","Index Name": "idx_lineitem_orderkey","Relation Name": "lineitem","Alias": "l3","Startup Cost": 0.43,"Total Cost": 1.06,"Plan Rows": 6,"Plan Width": 8,"Actual Startup Time": 0.003,"Actual Total Time": 0.003,"Actual Rows": 1,"Actual Loops": 157994,"Index Cond": "(l_orderkey = l1.l_orderkey)","Rows Removed by Index Recheck": 0,"Filter": "((l_receiptdate > l_commitdate) AND (l_suppkey <> l1.l_suppkey))","Rows Removed by Filter": 1,"Workers": []}]}]},{"Node Type": "Index Scan","Parent Relationship": "Inner","Parallel Aware": false,"Async Capable": false,"Scan Direction": "Forward","Index Name": "idx_lineitem_orderkey","Relation Name": "lineitem","Alias": "l2","Startup Cost": 0.43,"Total Cost": 1.02,"Plan Rows": 17,"Plan Width": 8,"Actual Startup Time": 0.007,"Actual Total Time": 0.007,"Actual Rows": 1,"Actual Loops": 14099,"Index Cond": "(l_orderkey = l1.l_orderkey)","Rows Removed by Index Recheck": 0,"Filter": "(l_suppkey <> l1.l_suppkey)","Rows Removed by Filter": 1}]},{"Node Type": "Index Scan","Parent Relationship": "Inner","Parallel Aware": false,"Async Capable": false,"Scan Direction": "Forward","Index Name": "orders_pkey","Relation Name": "orders","Alias": "orders","Startup Cost": 0.43,"Total Cost": 0.51,"Plan Rows": 1,"Plan Width": 4,"Actual Startup Time": 0.008,"Actual Total Time": 0.008,"Actual Rows": 0,"Actual Loops": 8423,"Index Cond": "(o_orderkey = l1.l_orderkey)","Rows Removed by Index Recheck": 0,"Filter": "(o_orderstatus = 'F'::bpchar)","Rows Removed by Filter": 1}]}]}]}]},"Planning Time": 8.195,"Triggers": [],"Execution Time": 527.804}]
[{"Plan": {"Node Type": "Sort","Parallel Aware": false,"Async Capable": false,"Startup Cost": 147378.80,"Total Cost": 147378.81,"Plan Rows": 1,"Plan Width": 34,"Actual Startup Time": 509.264,"Actual Total Time": 527.696,"Actual Rows": 421,"Actual Loops": 1,"Sort Key": ["(count(*)) DESC", "supplier.s_name"],"Sort Method": "quicksort","Sort Space Used": 57,"Sort Space Type": "Memory","Plans": [{"Node Type": "Aggregate","Strategy": "Sorted","Partial Mode": "Simple","Parent Relationship": "Outer","Parallel Aware": false,"Async Capable": false,"Startup Cost": 147378.77,"Total Cost": 147378.79,"Plan Rows": 1,"Plan Width": 34,"Actual Startup Time": 507.941,"Actual Total Time": 526.990,"Actual Rows": 421,"Actual Loops": 1,"Group Key": ["supplier.s_name"],"Plans": [{"Node Type": "Sort","Parent Relationship": "Outer","Parallel Aware": false,"Async Capable": false,"Startup Cost": 147378.77,"Total Cost": 147378.78,"Plan Rows": 1,"Plan Width": 26,"Actual Startup Time": 507.919,"Actual Total Time": 526.540,"Actual Rows": 4227,"Actual Loops": 1,"Sort Key": ["supplier.s_name"],"Sort Method": "quicksort","Sort Space Used": 490,"Sort Space Type": "Memory","Plans": [{"Node Type": "Nested Loop","Parent Relationship": "Outer","Parallel Aware": false,"Async Capable": false,"Join Type": "Inner","Startup Cost": 1250.87,"Total Cost": 147378.76,"Plan Rows": 1,"Plan Width": 26,"Actual Startup Time": 5.396,"Actual Total Time": 515.076,"Actual Rows": 4227,"Actual Loops": 1,"Inner Unique": true,"Plans": [{"Node Type": "Nested Loop","Parent Relationship": "Outer","Parallel Aware": false,"Async Capable": false,"Join Type": "Semi","Startup Cost": 1250.44,"Total Cost": 147378.26,"Plan Rows": 1,"Plan Width": 34,"Actual Startup Time": 5.356,"Actual Total Time": 448.186,"Actual Rows": 8678,"Actual Loops": 1,"Inner Unique": false,"Plans": [{"Node Type": "Gather","Parent Relationship": "Outer","Parallel Aware": false,"Async Capable": false,"Startup Cost": 1250.01,"Total Cost": 147377.22,"Plan Rows": 1,"Plan Width": 34,"Actual Startup Time": 5.315,"Actual Total Time": 333.619,"Actual Rows": 14289,"Actual Loops": 1,"Workers Planned": 4,"Workers Launched": 4,"Single Copy": false,"Plans": [{"Node Type": "Nested Loop","Parent Relationship": "Outer","Parallel Aware": false,"Async Capable": false,"Join Type": "Anti","Startup Cost": 250.01,"Total Cost": 146377.12,"Plan Rows": 1,"Plan Width": 34,"Actual Startup Time": 5.155,"Actual Total Time": 447.803,"Actual Rows": 2858,"Actual Loops": 5,"Inner Unique": false,"Workers": [],"Plans": [{"Node Type": "Hash Join","Parent Relationship": "Outer","Parallel Aware": false,"Async Capable": false,"Join Type": "Inner","Startup Cost": 249.58,"Total Cost": 133581.65,"Plan Rows": 19990,"Plan Width": 34,"Actual Startup Time": 4.679,"Actual Total Time": 355.100,"Actual Rows": 31833,"Actual Loops": 5,"Inner Unique": false,"Hash Cond": "(l1.l_suppkey = supplier.s_suppkey)","Workers": [],"Plans": [{"Node Type": "Seq Scan","Parent Relationship": "Outer","Parallel Aware": true,"Async Capable": false,"Relation Name": "lineitem","Alias": "l1","Startup Cost": 0.00,"Total Cost": 131256.80,"Plan Rows": 500101,"Plan Width": 8,"Actual Startup Time": 0.028,"Actual Total Time": 302.880,"Actual Rows": 758659,"Actual Loops": 5,"Filter": "(l_receiptdate > l_commitdate)","Rows Removed by Filter": 441584,"Workers": []},{"Node Type": "Hash","Parent Relationship": "Inner","Parallel Aware": false,"Async Capable": false,"Startup Cost": 244.58,"Total Cost": 244.58,"Plan Rows": 400,"Plan Width": 30,"Actual Startup Time": 4.328,"Actual Total Time": 4.340,"Actual Rows": 421,"Actual Loops": 5,"Hash Buckets": 1024,"Original Hash Buckets": 1024,"Hash Batches": 1,"Original Hash Batches": 1,"Peak Memory Usage": 35,"Workers": [],"Plans": [{"Node Type": "Nested Loop","Parent Relationship": "Outer","Parallel Aware": false,"Async Capable": false,"Join Type": "Inner","Startup Cost": 7.38,"Total Cost": 244.58,"Plan Rows": 400,"Plan Width": 30,"Actual Startup Time": 0.319,"Actual Total Time": 4.167,"Actual Rows": 421,"Actual Loops": 5,"Inner Unique": false,"Workers": [],"Plans": [{"Node Type": "Seq Scan","Parent Relationship": "Outer","Parallel Aware": false,"Async Capable": false,"Relation Name": "nation","Alias": "nation","Startup Cost": 0.00,"Total Cost": 1.31,"Plan Rows": 1,"Plan Width": 4,"Actual Startup Time": 0.061,"Actual Total Time": 0.065,"Actual Rows": 1,"Actual Loops": 5,"Filter": "(n_name = 'PERU'::bpchar)","Rows Removed by Filter": 24,"Workers": []},{"Node Type": "Bitmap Heap Scan","Parent Relationship": "Inner","Parallel Aware": false,"Async Capable": false,"Relation Name": "supplier","Alias": "supplier","Startup Cost": 7.38,"Total Cost": 239.27,"Plan Rows": 400,"Plan Width": 34,"Actual Startup Time": 0.253,"Actual Total Time": 4.010,"Actual Rows": 421,"Actual Loops": 5,"Recheck Cond": "(s_nationkey = nation.n_nationkey)","Rows Removed by Index Recheck": 0,"Exact Heap Blocks": 187,"Lossy Heap Blocks": 0,"Workers": [],"Plans": [{"Node Type": "Bitmap Index Scan","Parent Relationship": "Outer","Parallel Aware": false,"Async Capable": false,"Index Name": "idx_supplier_nation_key","Startup Cost": 0.00,"Total Cost": 7.29,"Plan Rows": 400,"Plan Width": 0,"Actual Startup Time": 0.167,"Actual Total Time": 0.169,"Actual Rows": 421,"Actual Loops": 5,"Index Cond": "(s_nationkey = nation.n_nationkey)","Workers": []}]}]}]}]},{"Node Type": "Index Scan","Parent Relationship": "Inner","Parallel Aware": false,"Async Capable": false,"Scan Direction": "Forward","Index Name": "idx_lineitem_orderkey","Relation Name": "lineitem","Alias": "l3","Startup Cost": 0.43,"Total Cost": 1.06,"Plan Rows": 6,"Plan Width": 8,"Actual Startup Time": 0.003,"Actual Total Time": 0.003,"Actual Rows": 1,"Actual Loops": 159165,"Index Cond": "(l_orderkey = l1.l_orderkey)","Rows Removed by Index Recheck": 0,"Filter": "((l_receiptdate > l_commitdate) AND (l_suppkey <> l1.l_suppkey))","Rows Removed by Filter": 1,"Workers": []}]}]},{"Node Type": "Index Scan","Parent Relationship": "Inner","Parallel Aware": false,"Async Capable": false,"Scan Direction": "Forward","Index Name": "idx_lineitem_orderkey","Relation Name": "lineitem","Alias": "l2","Startup Cost": 0.43,"Total Cost": 1.02,"Plan Rows": 17,"Plan Width": 8,"Actual Startup Time": 0.008,"Actual Total Time": 0.008,"Actual Rows": 1,"Actual Loops": 14289,"Index Cond": "(l_orderkey = l1.l_orderkey)","Rows Removed by Index Recheck": 0,"Filter": "(l_suppkey <> l1.l_suppkey)","Rows Removed by Filter": 1}]},{"Node Type": "Index Scan","Parent Relationship": "Inner","Parallel Aware": false,"Async Capable": false,"Scan Direction": "Forward","Index Name": "orders_pkey","Relation Name": "orders","Alias": "orders","Startup Cost": 0.43,"Total Cost": 0.51,"Plan Rows": 1,"Plan Width": 4,"Actual Startup Time": 0.007,"Actual Total Time": 0.007,"Actual Rows": 0,"Actual Loops": 8678,"Index Cond": "(o_orderkey = l1.l_orderkey)","Rows Removed by Index Recheck": 0,"Filter": "(o_orderstatus = 'F'::bpchar)","Rows Removed by Filter": 1}]}]}]}]},"Planning Time": 8.374,"Triggers": [],"Execution Time": 528.458}]
[{"Plan": {"Node Type": "Sort","Parallel Aware": false,"Async Capable": false,"Startup Cost": 147378.80,"Total Cost": 147378.81,"Plan Rows": 1,"Plan Width": 34,"Actual Startup Time": 501.304,"Actual Total Time": 522.071,"Actual Rows": 393,"Actual Loops": 1,"Sort Key": ["(count(*)) DESC", "supplier.s_name"],"Sort Method": "quicksort","Sort Space Used": 55,"Sort Space Type": "Memory","Plans": [{"Node Type": "Aggregate","Strategy": "Sorted","Partial Mode": "Simple","Parent Relationship": "Outer","Parallel Aware": false,"Async Capable": false,"Startup Cost": 147378.77,"Total Cost": 147378.79,"Plan Rows": 1,"Plan Width": 34,"Actual Startup Time": 500.141,"Actual Total Time": 521.406,"Actual Rows": 393,"Actual Loops": 1,"Group Key": ["supplier.s_name"],"Plans": [{"Node Type": "Sort","Parent Relationship": "Outer","Parallel Aware": false,"Async Capable": false,"Startup Cost": 147378.77,"Total Cost": 147378.78,"Plan Rows": 1,"Plan Width": 26,"Actual Startup Time": 500.117,"Actual Total Time": 521.005,"Actual Rows": 3888,"Actual Loops": 1,"Sort Key": ["supplier.s_name"],"Sort Method": "quicksort","Sort Space Used": 370,"Sort Space Type": "Memory","Plans": [{"Node Type": "Nested Loop","Parent Relationship": "Outer","Parallel Aware": false,"Async Capable": false,"Join Type": "Inner","Startup Cost": 1250.87,"Total Cost": 147378.76,"Plan Rows": 1,"Plan Width": 26,"Actual Startup Time": 4.419,"Actual Total Time": 510.533,"Actual Rows": 3888,"Actual Loops": 1,"Inner Unique": true,"Plans": [{"Node Type": "Nested Loop","Parent Relationship": "Outer","Parallel Aware": false,"Async Capable": false,"Join Type": "Semi","Startup Cost": 1250.44,"Total Cost": 147378.26,"Plan Rows": 1,"Plan Width": 34,"Actual Startup Time": 4.399,"Actual Total Time": 450.183,"Actual Rows": 7870,"Actual Loops": 1,"Inner Unique": false,"Plans": [{"Node Type": "Gather","Parent Relationship": "Outer","Parallel Aware": false,"Async Capable": false,"Startup Cost": 1250.01,"Total Cost": 147377.22,"Plan Rows": 1,"Plan Width": 34,"Actual Startup Time": 4.381,"Actual Total Time": 345.433,"Actual Rows": 13167,"Actual Loops": 1,"Workers Planned": 4,"Workers Launched": 4,"Single Copy": false,"Plans": [{"Node Type": "Nested Loop","Parent Relationship": "Outer","Parallel Aware": false,"Async Capable": false,"Join Type": "Anti","Startup Cost": 250.01,"Total Cost": 146377.12,"Plan Rows": 1,"Plan Width": 34,"Actual Startup Time": 4.384,"Actual Total Time": 444.967,"Actual Rows": 2633,"Actual Loops": 5,"Inner Unique": false,"Workers": [],"Plans": [{"Node Type": "Hash Join","Parent Relationship": "Outer","Parallel Aware": false,"Async Capable": false,"Join Type": "Inner","Startup Cost": 249.58,"Total Cost": 133581.65,"Plan Rows": 19990,"Plan Width": 34,"Actual Startup Time": 4.142,"Actual Total Time": 356.305,"Actual Rows": 29760,"Actual Loops": 5,"Inner Unique": false,"Hash Cond": "(l1.l_suppkey = supplier.s_suppkey)","Workers": [],"Plans": [{"Node Type": "Seq Scan","Parent Relationship": "Outer","Parallel Aware": true,"Async Capable": false,"Relation Name": "lineitem","Alias": "l1","Startup Cost": 0.00,"Total Cost": 131256.80,"Plan Rows": 500101,"Plan Width": 8,"Actual Startup Time": 0.027,"Actual Total Time": 306.242,"Actual Rows": 758659,"Actual Loops": 5,"Filter": "(l_receiptdate > l_commitdate)","Rows Removed by Filter": 441584,"Workers": []},{"Node Type": "Hash","Parent Relationship": "Inner","Parallel Aware": false,"Async Capable": false,"Startup Cost": 244.58,"Total Cost": 244.58,"Plan Rows": 400,"Plan Width": 30,"Actual Startup Time": 3.834,"Actual Total Time": 3.847,"Actual Rows": 393,"Actual Loops": 5,"Hash Buckets": 1024,"Original Hash Buckets": 1024,"Hash Batches": 1,"Original Hash Batches": 1,"Peak Memory Usage": 33,"Workers": [],"Plans": [{"Node Type": "Nested Loop","Parent Relationship": "Outer","Parallel Aware": false,"Async Capable": false,"Join Type": "Inner","Startup Cost": 7.38,"Total Cost": 244.58,"Plan Rows": 400,"Plan Width": 30,"Actual Startup Time": 0.244,"Actual Total Time": 3.695,"Actual Rows": 393,"Actual Loops": 5,"Inner Unique": false,"Workers": [],"Plans": [{"Node Type": "Seq Scan","Parent Relationship": "Outer","Parallel Aware": false,"Async Capable": false,"Relation Name": "nation","Alias": "nation","Startup Cost": 0.00,"Total Cost": 1.31,"Plan Rows": 1,"Plan Width": 4,"Actual Startup Time": 0.049,"Actual Total Time": 0.055,"Actual Rows": 1,"Actual Loops": 5,"Filter": "(n_name = 'IRAN'::bpchar)","Rows Removed by Filter": 24,"Workers": []},{"Node Type": "Bitmap Heap Scan","Parent Relationship": "Inner","Parallel Aware": false,"Async Capable": false,"Relation Name": "supplier","Alias": "supplier","Startup Cost": 7.38,"Total Cost": 239.27,"Plan Rows": 400,"Plan Width": 34,"Actual Startup Time": 0.188,"Actual Total Time": 3.562,"Actual Rows": 393,"Actual Loops": 5,"Recheck Cond": "(s_nationkey = nation.n_nationkey)","Rows Removed by Index Recheck": 0,"Exact Heap Blocks": 179,"Lossy Heap Blocks": 0,"Workers": [],"Plans": [{"Node Type": "Bitmap Index Scan","Parent Relationship": "Outer","Parallel Aware": false,"Async Capable": false,"Index Name": "idx_supplier_nation_key","Startup Cost": 0.00,"Total Cost": 7.29,"Plan Rows": 400,"Plan Width": 0,"Actual Startup Time": 0.116,"Actual Total Time": 0.118,"Actual Rows": 393,"Actual Loops": 5,"Index Cond": "(s_nationkey = nation.n_nationkey)","Workers": []}]}]}]}]},{"Node Type": "Index Scan","Parent Relationship": "Inner","Parallel Aware": false,"Async Capable": false,"Scan Direction": "Forward","Index Name": "idx_lineitem_orderkey","Relation Name": "lineitem","Alias": "l3","Startup Cost": 0.43,"Total Cost": 1.06,"Plan Rows": 6,"Plan Width": 8,"Actual Startup Time": 0.003,"Actual Total Time": 0.003,"Actual Rows": 1,"Actual Loops": 148802,"Index Cond": "(l_orderkey = l1.l_orderkey)","Rows Removed by Index Recheck": 0,"Filter": "((l_receiptdate > l_commitdate) AND (l_suppkey <> l1.l_suppkey))","Rows Removed by Filter": 1,"Workers": []}]}]},{"Node Type": "Index Scan","Parent Relationship": "Inner","Parallel Aware": false,"Async Capable": false,"Scan Direction": "Forward","Index Name": "idx_lineitem_orderkey","Relation Name": "lineitem","Alias": "l2","Startup Cost": 0.43,"Total Cost": 1.02,"Plan Rows": 17,"Plan Width": 8,"Actual Startup Time": 0.008,"Actual Total Time": 0.008,"Actual Rows": 1,"Actual Loops": 13167,"Index Cond": "(l_orderkey = l1.l_orderkey)","Rows Removed by Index Recheck": 0,"Filter": "(l_suppkey <> l1.l_suppkey)","Rows Removed by Filter": 1}]},{"Node Type": "Index Scan","Parent Relationship": "Inner","Parallel Aware": false,"Async Capable": false,"Scan Direction": "Forward","Index Name": "orders_pkey","Relation Name": "orders","Alias": "orders","Startup Cost": 0.43,"Total Cost": 0.51,"Plan Rows": 1,"Plan Width": 4,"Actual Startup Time": 0.007,"Actual Total Time": 0.007,"Actual Rows": 0,"Actual Loops": 7870,"Index Cond": "(o_orderkey = l1.l_orderkey)","Rows Removed by Index Recheck": 0,"Filter": "(o_orderstatus = 'F'::bpchar)","Rows Removed by Filter": 1}]}]}]}]},"Planning Time": 9.769,"Triggers": [],"Execution Time": 522.666}]
[{"Plan": {"Node Type": "Sort","Parallel Aware": false,"Async Capable": false,"Startup Cost": 147378.80,"Total Cost": 147378.81,"Plan Rows": 1,"Plan Width": 34,"Actual Startup Time": 501.304,"Actual Total Time": 522.071,"Actual Rows": 393,"Actual Loops": 1,"Sort Key": ["(count(*)) DESC", "supplier.s_name"],"Sort Method": "quicksort","Sort Space Used": 55,"Sort Space Type": "Memory","Plans": [{"Node Type": "Aggregate","Strategy": "Sorted","Partial Mode": "Simple","Parent Relationship": "Outer","Parallel Aware": false,"Async Capable": false,"Startup Cost": 147378.77,"Total Cost": 147378.79,"Plan Rows": 1,"Plan Width": 34,"Actual Startup Time": 500.141,"Actual Total Time": 521.406,"Actual Rows": 393,"Actual Loops": 1,"Group Key": ["supplier.s_name"],"Plans": [{"Node Type": "Sort","Parent Relationship": "Outer","Parallel Aware": false,"Async Capable": false,"Startup Cost": 147378.77,"Total Cost": 147378.78,"Plan Rows": 1,"Plan Width": 26,"Actual Startup Time": 500.117,"Actual Total Time": 521.005,"Actual Rows": 3888,"Actual Loops": 1,"Sort Key": ["supplier.s_name"],"Sort Method": "quicksort","Sort Space Used": 370,"Sort Space Type": "Memory","Plans": [{"Node Type": "Nested Loop","Parent Relationship": "Outer","Parallel Aware": false,"Async Capable": false,"Join Type": "Inner","Startup Cost": 1250.87,"Total Cost": 147378.76,"Plan Rows": 1,"Plan Width": 26,"Actual Startup Time": 4.419,"Actual Total Time": 510.533,"Actual Rows": 3888,"Actual Loops": 1,"Inner Unique": true,"Plans": [{"Node Type": "Nested Loop","Parent Relationship": "Outer","Parallel Aware": false,"Async Capable": false,"Join Type": "Semi","Startup Cost": 1250.44,"Total Cost": 147378.26,"Plan Rows": 1,"Plan Width": 34,"Actual Startup Time": 4.399,"Actual Total Time": 450.183,"Actual Rows": 7870,"Actual Loops": 1,"Inner Unique": false,"Plans": [{"Node Type": "Gather","Parent Relationship": "Outer","Parallel Aware": false,"Async Capable": false,"Startup Cost": 1250.01,"Total Cost": 147377.22,"Plan Rows": 1,"Plan Width": 34,"Actual Startup Time": 4.381,"Actual Total Time": 345.433,"Actual Rows": 13167,"Actual Loops": 1,"Workers Planned": 4,"Workers Launched": 4,"Single Copy": false,"Plans": [{"Node Type": "Nested Loop","Parent Relationship": "Outer","Parallel Aware": false,"Async Capable": false,"Join Type": "Anti","Startup Cost": 250.01,"Total Cost": 146377.12,"Plan Rows": 1,"Plan Width": 34,"Actual Startup Time": 4.384,"Actual Total Time": 444.967,"Actual Rows": 2633,"Actual Loops": 5,"Inner Unique": false,"Workers": [],"Plans": [{"Node Type": "Hash Join","Parent Relationship": "Outer","Parallel Aware": false,"Async Capable": false,"Join Type": "Inner","Startup Cost": 249.58,"Total Cost": 133581.65,"Plan Rows": 19990,"Plan Width": 34,"Actual Startup Time": 4.142,"Actual Total Time": 356.305,"Actual Rows": 29760,"Actual Loops": 5,"Inner Unique": false,"Hash Cond": "(l1.l_suppkey = supplier.s_suppkey)","Workers": [],"Plans": [{"Node Type": "Seq Scan","Parent Relationship": "Outer","Parallel Aware": true,"Async Capable": false,"Relation Name": "lineitem","Alias": "l1","Startup Cost": 0.00,"Total Cost": 131256.80,"Plan Rows": 500101,"Plan Width": 8,"Actual Startup Time": 0.027,"Actual Total Time": 306.242,"Actual Rows": 758659,"Actual Loops": 5,"Filter": "(l_receiptdate > l_commitdate)","Rows Removed by Filter": 441584,"Workers": []},{"Node Type": "Hash","Parent Relationship": "Inner","Parallel Aware": false,"Async Capable": false,"Startup Cost": 244.58,"Total Cost": 244.58,"Plan Rows": 400,"Plan Width": 30,"Actual Startup Time": 3.834,"Actual Total Time": 3.847,"Actual Rows": 393,"Actual Loops": 5,"Hash Buckets": 1024,"Original Hash Buckets": 1024,"Hash Batches": 1,"Original Hash Batches": 1,"Peak Memory Usage": 33,"Workers": [],"Plans": [{"Node Type": "Nested Loop","Parent Relationship": "Outer","Parallel Aware": false,"Async Capable": false,"Join Type": "Inner","Startup Cost": 7.38,"Total Cost": 244.58,"Plan Rows": 400,"Plan Width": 30,"Actual Startup Time": 0.244,"Actual Total Time": 3.695,"Actual Rows": 393,"Actual Loops": 5,"Inner Unique": false,"Workers": [],"Plans": [{"Node Type": "Seq Scan","Parent Relationship": "Outer","Parallel Aware": false,"Async Capable": false,"Relation Name": "nation","Alias": "nation","Startup Cost": 0.00,"Total Cost": 1.31,"Plan Rows": 1,"Plan Width": 4,"Actual Startup Time": 0.049,"Actual Total Time": 0.055,"Actual Rows": 1,"Actual Loops": 5,"Filter": "(n_name = 'IRAN'::bpchar)","Rows Removed by Filter": 24,"Workers": []},{"Node Type": "Bitmap Heap Scan","Parent Relationship": "Inner","Parallel Aware": false,"Async Capable": false,"Relation Name": "supplier","Alias": "supplier","Startup Cost": 7.38,"Total Cost": 239.27,"Plan Rows": 400,"Plan Width": 34,"Actual Startup Time": 0.188,"Actual Total Time": 3.562,"Actual Rows": 393,"Actual Loops": 5,"Recheck Cond": "(s_nationkey = nation.n_nationkey)","Rows Removed by Index Recheck": 0,"Exact Heap Blocks": 179,"Lossy Heap Blocks": 0,"Workers": [],"Plans": [{"Node Type": "Bitmap Index Scan","Parent Relationship": "Outer","Parallel Aware": false,"Async Capable": false,"Index Name": "idx_supplier_nation_key","Startup Cost": 0.00,"Total Cost": 7.29,"Plan Rows": 400,"Plan Width": 0,"Actual Startup Time": 0.116,"Actual Total Time": 0.118,"Actual Rows": 393,"Actual Loops": 5,"Index Cond": "(s_nationkey = nation.n_nationkey)","Workers": []}]}]}]}]},{"Node Type": "Index Scan","Parent Relationship": "Inner","Parallel Aware": false,"Async Capable": false,"Scan Direction": "Forward","Index Name": "idx_lineitem_orderkey","Relation Name": "lineitem","Alias": "l3","Startup Cost": 0.43,"Total Cost": 1.06,"Plan Rows": 6,"Plan Width": 8,"Actual Startup Time": 0.003,"Actual Total Time": 0.003,"Actual Rows": 1,"Actual Loops": 148802,"Index Cond": "(l_orderkey = l1.l_orderkey)","Rows Removed by Index Recheck": 0,"Filter": "((l_receiptdate > l_commitdate) AND (l_suppkey <> l1.l_suppkey))","Rows Removed by Filter": 1,"Workers": []}]}]},{"Node Type": "Index Scan","Parent Relationship": "Inner","Parallel Aware": false,"Async Capable": false,"Scan Direction": "Forward","Index Name": "idx_lineitem_orderkey","Relation Name": "lineitem","Alias": "l2","Startup Cost": 0.43,"Total Cost": 1.02,"Plan Rows": 17,"Plan Width": 8,"Actual Startup Time": 0.008,"Actual Total Time": 0.008,"Actual Rows": 1,"Actual Loops": 13167,"Index Cond": "(l_orderkey = l1.l_orderkey)","Rows Removed by Index Recheck": 0,"Filter": "(l_suppkey <> l1.l_suppkey)","Rows Removed by Filter": 1}]},{"Node Type": "Index Scan","Parent Relationship": "Inner","Parallel Aware": false,"Async Capable": false,"Scan Direction": "Forward","Index Name": "orders_pkey","Relation Name": "orders","Alias": "orders","Startup Cost": 0.43,"Total Cost": 0.51,"Plan Rows": 1,"Plan Width": 4,"Actual Startup Time": 0.007,"Actual Total Time": 0.007,"Actual Rows": 0,"Actual Loops": 7870,"Index Cond": "(o_orderkey = l1.l_orderkey)","Rows Removed by Index Recheck": 0,"Filter": "(o_orderstatus = 'F'::bpchar)","Rows Removed by Filter": 1}]}]}]}]},"Planning Time": 9.769,"Triggers": [],"Execution Time": 522.666}]
[{"Plan": {"Node Type": "Sort","Parallel Aware": false,"Async Capable": false,"Startup Cost": 147378.80,"Total Cost": 147378.81,"Plan Rows": 1,"Plan Width": 34,"Actual Startup Time": 509.264,"Actual Total Time": 527.696,"Actual Rows": 421,"Actual Loops": 1,"Sort Key": ["(count(*)) DESC", "supplier.s_name"],"Sort Method": "quicksort","Sort Space Used": 57,"Sort Space Type": "Memory","Plans": [{"Node Type": "Aggregate","Strategy": "Sorted","Partial Mode": "Simple","Parent Relationship": "Outer","Parallel Aware": false,"Async Capable": false,"Startup Cost": 147378.77,"Total Cost": 147378.79,"Plan Rows": 1,"Plan Width": 34,"Actual Startup Time": 507.941,"Actual Total Time": 526.990,"Actual Rows": 421,"Actual Loops": 1,"Group Key": ["supplier.s_name"],"Plans": [{"Node Type": "Sort","Parent Relationship": "Outer","Parallel Aware": false,"Async Capable": false,"Startup Cost": 147378.77,"Total Cost": 147378.78,"Plan Rows": 1,"Plan Width": 26,"Actual Startup Time": 507.919,"Actual Total Time": 526.540,"Actual Rows": 4227,"Actual Loops": 1,"Sort Key": ["supplier.s_name"],"Sort Method": "quicksort","Sort Space Used": 490,"Sort Space Type": "Memory","Plans": [{"Node Type": "Nested Loop","Parent Relationship": "Outer","Parallel Aware": false,"Async Capable": false,"Join Type": "Inner","Startup Cost": 1250.87,"Total Cost": 147378.76,"Plan Rows": 1,"Plan Width": 26,"Actual Startup Time": 5.396,"Actual Total Time": 515.076,"Actual Rows": 4227,"Actual Loops": 1,"Inner Unique": true,"Plans": [{"Node Type": "Nested Loop","Parent Relationship": "Outer","Parallel Aware": false,"Async Capable": false,"Join Type": "Semi","Startup Cost": 1250.44,"Total Cost": 147378.26,"Plan Rows": 1,"Plan Width": 34,"Actual Startup Time": 5.356,"Actual Total Time": 448.186,"Actual Rows": 8678,"Actual Loops": 1,"Inner Unique": false,"Plans": [{"Node Type": "Gather","Parent Relationship": "Outer","Parallel Aware": false,"Async Capable": false,"Startup Cost": 1250.01,"Total Cost": 147377.22,"Plan Rows": 1,"Plan Width": 34,"Actual Startup Time": 5.315,"Actual Total Time": 333.619,"Actual Rows": 14289,"Actual Loops": 1,"Workers Planned": 4,"Workers Launched": 4,"Single Copy": false,"Plans": [{"Node Type": "Nested Loop","Parent Relationship": "Outer","Parallel Aware": false,"Async Capable": false,"Join Type": "Anti","Startup Cost": 250.01,"Total Cost": 146377.12,"Plan Rows": 1,"Plan Width": 34,"Actual Startup Time": 5.155,"Actual Total Time": 447.803,"Actual Rows": 2858,"Actual Loops": 5,"Inner Unique": false,"Workers": [],"Plans": [{"Node Type": "Hash Join","Parent Relationship": "Outer","Parallel Aware": false,"Async Capable": false,"Join Type": "Inner","Startup Cost": 249.58,"Total Cost": 133581.65,"Plan Rows": 19990,"Plan Width": 34,"Actual Startup Time": 4.679,"Actual Total Time": 355.100,"Actual Rows": 31833,"Actual Loops": 5,"Inner Unique": false,"Hash Cond": "(l1.l_suppkey = supplier.s_suppkey)","Workers": [],"Plans": [{"Node Type": "Seq Scan","Parent Relationship": "Outer","Parallel Aware": true,"Async Capable": false,"Relation Name": "lineitem","Alias": "l1","Startup Cost": 0.00,"Total Cost": 131256.80,"Plan Rows": 500101,"Plan Width": 8,"Actual Startup Time": 0.028,"Actual Total Time": 302.880,"Actual Rows": 758659,"Actual Loops": 5,"Filter": "(l_receiptdate > l_commitdate)","Rows Removed by Filter": 441584,"Workers": []},{"Node Type": "Hash","Parent Relationship": "Inner","Parallel Aware": false,"Async Capable": false,"Startup Cost": 244.58,"Total Cost": 244.58,"Plan Rows": 400,"Plan Width": 30,"Actual Startup Time": 4.328,"Actual Total Time": 4.340,"Actual Rows": 421,"Actual Loops": 5,"Hash Buckets": 1024,"Original Hash Buckets": 1024,"Hash Batches": 1,"Original Hash Batches": 1,"Peak Memory Usage": 35,"Workers": [],"Plans": [{"Node Type": "Nested Loop","Parent Relationship": "Outer","Parallel Aware": false,"Async Capable": false,"Join Type": "Inner","Startup Cost": 7.38,"Total Cost": 244.58,"Plan Rows": 400,"Plan Width": 30,"Actual Startup Time": 0.319,"Actual Total Time": 4.167,"Actual Rows": 421,"Actual Loops": 5,"Inner Unique": false,"Workers": [],"Plans": [{"Node Type": "Seq Scan","Parent Relationship": "Outer","Parallel Aware": false,"Async Capable": false,"Relation Name": "nation","Alias": "nation","Startup Cost": 0.00,"Total Cost": 1.31,"Plan Rows": 1,"Plan Width": 4,"Actual Startup Time": 0.061,"Actual Total Time": 0.065,"Actual Rows": 1,"Actual Loops": 5,"Filter": "(n_name = 'PERU'::bpchar)","Rows Removed by Filter": 24,"Workers": []},{"Node Type": "Bitmap Heap Scan","Parent Relationship": "Inner","Parallel Aware": false,"Async Capable": false,"Relation Name": "supplier","Alias": "supplier","Startup Cost": 7.38,"Total Cost": 239.27,"Plan Rows": 400,"Plan Width": 34,"Actual Startup Time": 0.253,"Actual Total Time": 4.010,"Actual Rows": 421,"Actual Loops": 5,"Recheck Cond": "(s_nationkey = nation.n_nationkey)","Rows Removed by Index Recheck": 0,"Exact Heap Blocks": 187,"Lossy Heap Blocks": 0,"Workers": [],"Plans": [{"Node Type": "Bitmap Index Scan","Parent Relationship": "Outer","Parallel Aware": false,"Async Capable": false,"Index Name": "idx_supplier_nation_key","Startup Cost": 0.00,"Total Cost": 7.29,"Plan Rows": 400,"Plan Width": 0,"Actual Startup Time": 0.167,"Actual Total Time": 0.169,"Actual Rows": 421,"Actual Loops": 5,"Index Cond": "(s_nationkey = nation.n_nationkey)","Workers": []}]}]}]}]},{"Node Type": "Index Scan","Parent Relationship": "Inner","Parallel Aware": false,"Async Capable": false,"Scan Direction": "Forward","Index Name": "idx_lineitem_orderkey","Relation Name": "lineitem","Alias": "l3","Startup Cost": 0.43,"Total Cost": 1.06,"Plan Rows": 6,"Plan Width": 8,"Actual Startup Time": 0.003,"Actual Total Time": 0.003,"Actual Rows": 1,"Actual Loops": 159165,"Index Cond": "(l_orderkey = l1.l_orderkey)","Rows Removed by Index Recheck": 0,"Filter": "((l_receiptdate > l_commitdate) AND (l_suppkey <> l1.l_suppkey))","Rows Removed by Filter": 1,"Workers": []}]}]},{"Node Type": "Index Scan","Parent Relationship": "Inner","Parallel Aware": false,"Async Capable": false,"Scan Direction": "Forward","Index Name": "idx_lineitem_orderkey","Relation Name": "lineitem","Alias": "l2","Startup Cost": 0.43,"Total Cost": 1.02,"Plan Rows": 17,"Plan Width": 8,"Actual Startup Time": 0.008,"Actual Total Time": 0.008,"Actual Rows": 1,"Actual Loops": 14289,"Index Cond": "(l_orderkey = l1.l_orderkey)","Rows Removed by Index Recheck": 0,"Filter": "(l_suppkey <> l1.l_suppkey)","Rows Removed by Filter": 1}]},{"Node Type": "Index Scan","Parent Relationship": "Inner","Parallel Aware": false,"Async Capable": false,"Scan Direction": "Forward","Index Name": "orders_pkey","Relation Name": "orders","Alias": "orders","Startup Cost": 0.43,"Total Cost": 0.51,"Plan Rows": 1,"Plan Width": 4,"Actual Startup Time": 0.007,"Actual Total Time": 0.007,"Actual Rows": 0,"Actual Loops": 8678,"Index Cond": "(o_orderkey = l1.l_orderkey)","Rows Removed by Index Recheck": 0,"Filter": "(o_orderstatus = 'F'::bpchar)","Rows Removed by Filter": 1}]}]}]}]},"Planning Time": 8.374,"Triggers": [],"Execution Time": 528.458}]
[{"Plan": {"Node Type": "Sort","Parallel Aware": false,"Async Capable": false,"Startup Cost": 147378.80,"Total Cost": 147378.81,"Plan Rows": 1,"Plan Width": 34,"Actual Startup Time": 484.568,"Actual Total Time": 505.980,"Actual Rows": 362,"Actual Loops": 1,"Sort Key": ["(count(*)) DESC", "supplier.s_name"],"Sort Method": "quicksort","Sort Space Used": 53,"Sort Space Type": "Memory","Plans": [{"Node Type": "Aggregate","Strategy": "Sorted","Partial Mode": "Simple","Parent Relationship": "Outer","Parallel Aware": false,"Async Capable": false,"Startup Cost": 147378.77,"Total Cost": 147378.79,"Plan Rows": 1,"Plan Width": 34,"Actual Startup Time": 483.467,"Actual Total Time": 505.326,"Actual Rows": 362,"Actual Loops": 1,"Group Key": ["supplier.s_name"],"Plans": [{"Node Type": "Sort","Parent Relationship": "Outer","Parallel Aware": false,"Async Capable": false,"Startup Cost": 147378.77,"Total Cost": 147378.78,"Plan Rows": 1,"Plan Width": 26,"Actual Startup Time": 483.448,"Actual Total Time": 504.962,"Actual Rows": 3454,"Actual Loops": 1,"Sort Key": ["supplier.s_name"],"Sort Method": "quicksort","Sort Space Used": 339,"Sort Space Type": "Memory","Plans": [{"Node Type": "Nested Loop","Parent Relationship": "Outer","Parallel Aware": false,"Async Capable": false,"Join Type": "Inner","Startup Cost": 1250.87,"Total Cost": 147378.76,"Plan Rows": 1,"Plan Width": 26,"Actual Startup Time": 4.046,"Actual Total Time": 494.960,"Actual Rows": 3454,"Actual Loops": 1,"Inner Unique": true,"Plans": [{"Node Type": "Nested Loop","Parent Relationship": "Outer","Parallel Aware": false,"Async Capable": false,"Join Type": "Semi","Startup Cost": 1250.44,"Total Cost": 147378.26,"Plan Rows": 1,"Plan Width": 34,"Actual Startup Time": 3.697,"Actual Total Time": 437.513,"Actual Rows": 7167,"Actual Loops": 1,"Inner Unique": false,"Plans": [{"Node Type": "Gather","Parent Relationship": "Outer","Parallel Aware": false,"Async Capable": false,"Startup Cost": 1250.01,"Total Cost": 147377.22,"Plan Rows": 1,"Plan Width": 34,"Actual Startup Time": 3.682,"Actual Total Time": 337.976,"Actual Rows": 12136,"Actual Loops": 1,"Workers Planned": 4,"Workers Launched": 4,"Single Copy": false,"Plans": [{"Node Type": "Nested Loop","Parent Relationship": "Outer","Parallel Aware": false,"Async Capable": false,"Join Type": "Anti","Startup Cost": 250.01,"Total Cost": 146377.12,"Plan Rows": 1,"Plan Width": 34,"Actual Startup Time": 4.367,"Actual Total Time": 431.433,"Actual Rows": 2427,"Actual Loops": 5,"Inner Unique": false,"Workers": [],"Plans": [{"Node Type": "Hash Join","Parent Relationship": "Outer","Parallel Aware": false,"Async Capable": false,"Join Type": "Inner","Startup Cost": 249.58,"Total Cost": 133581.65,"Plan Rows": 19990,"Plan Width": 34,"Actual Startup Time": 4.181,"Actual Total Time": 349.984,"Actual Rows": 27450,"Actual Loops": 5,"Inner Unique": false,"Hash Cond": "(l1.l_suppkey = supplier.s_suppkey)","Workers": [],"Plans": [{"Node Type": "Seq Scan","Parent Relationship": "Outer","Parallel Aware": true,"Async Capable": false,"Relation Name": "lineitem","Alias": "l1","Startup Cost": 0.00,"Total Cost": 131256.80,"Plan Rows": 500101,"Plan Width": 8,"Actual Startup Time": 0.027,"Actual Total Time": 299.399,"Actual Rows": 758659,"Actual Loops": 5,"Filter": "(l_receiptdate > l_commitdate)","Rows Removed by Filter": 441584,"Workers": []},{"Node Type": "Hash","Parent Relationship": "Inner","Parallel Aware": false,"Async Capable": false,"Startup Cost": 244.58,"Total Cost": 244.58,"Plan Rows": 400,"Plan Width": 30,"Actual Startup Time": 3.849,"Actual Total Time": 3.862,"Actual Rows": 362,"Actual Loops": 5,"Hash Buckets": 1024,"Original Hash Buckets": 1024,"Hash Batches": 1,"Original Hash Batches": 1,"Peak Memory Usage": 31,"Workers": [],"Plans": [{"Node Type": "Nested Loop","Parent Relationship": "Outer","Parallel Aware": false,"Async Capable": false,"Join Type": "Inner","Startup Cost": 7.38,"Total Cost": 244.58,"Plan Rows": 400,"Plan Width": 30,"Actual Startup Time": 0.339,"Actual Total Time": 3.727,"Actual Rows": 362,"Actual Loops": 5,"Inner Unique": false,"Workers": [],"Plans": [{"Node Type": "Seq Scan","Parent Relationship": "Outer","Parallel Aware": false,"Async Capable": false,"Relation Name": "nation","Alias": "nation","Startup Cost": 0.00,"Total Cost": 1.31,"Plan Rows": 1,"Plan Width": 4,"Actual Startup Time": 0.061,"Actual Total Time": 0.064,"Actual Rows": 1,"Actual Loops": 5,"Filter": "(n_name = 'JORDAN'::bpchar)","Rows Removed by Filter": 24,"Workers": []},{"Node Type": "Bitmap Heap Scan","Parent Relationship": "Inner","Parallel Aware": false,"Async Capable": false,"Relation Name": "supplier","Alias": "supplier","Startup Cost": 7.38,"Total Cost": 239.27,"Plan Rows": 400,"Plan Width": 34,"Actual Startup Time": 0.272,"Actual Total Time": 3.601,"Actual Rows": 362,"Actual Loops": 5,"Recheck Cond": "(s_nationkey = nation.n_nationkey)","Rows Removed by Index Recheck": 0,"Exact Heap Blocks": 166,"Lossy Heap Blocks": 0,"Workers": [],"Plans": [{"Node Type": "Bitmap Index Scan","Parent Relationship": "Outer","Parallel Aware": false,"Async Capable": false,"Index Name": "idx_supplier_nation_key","Startup Cost": 0.00,"Total Cost": 7.29,"Plan Rows": 400,"Plan Width": 0,"Actual Startup Time": 0.176,"Actual Total Time": 0.178,"Actual Rows": 362,"Actual Loops": 5,"Index Cond": "(s_nationkey = nation.n_nationkey)","Workers": []}]}]}]}]},{"Node Type": "Index Scan","Parent Relationship": "Inner","Parallel Aware": false,"Async Capable": false,"Scan Direction": "Forward","Index Name": "idx_lineitem_orderkey","Relation Name": "lineitem","Alias": "l3","Startup Cost": 0.43,"Total Cost": 1.06,"Plan Rows": 6,"Plan Width": 8,"Actual Startup Time": 0.003,"Actual Total Time": 0.003,"Actual Rows": 1,"Actual Loops": 137252,"Index Cond": "(l_orderkey = l1.l_orderkey)","Rows Removed by Index Recheck": 0,"Filter": "((l_receiptdate > l_commitdate) AND (l_suppkey <> l1.l_suppkey))","Rows Removed by Filter": 1,"Workers": []}]}]},{"Node Type": "Index Scan","Parent Relationship": "Inner","Parallel Aware": false,"Async Capable": false,"Scan Direction": "Forward","Index Name": "idx_lineitem_orderkey","Relation Name": "lineitem","Alias": "l2","Startup Cost": 0.43,"Total Cost": 1.02,"Plan Rows": 17,"Plan Width": 8,"Actual Startup Time": 0.008,"Actual Total Time": 0.008,"Actual Rows": 1,"Actual Loops": 12136,"Index Cond": "(l_orderkey = l1.l_orderkey)","Rows Removed by Index Recheck": 0,"Filter": "(l_suppkey <> l1.l_suppkey)","Rows Removed by Filter": 1}]},{"Node Type": "Index Scan","Parent Relationship": "Inner","Parallel Aware": false,"Async Capable": false,"Scan Direction": "Forward","Index Name": "orders_pkey","Relation Name": "orders","Alias": "orders","Startup Cost": 0.43,"Total Cost": 0.51,"Plan Rows": 1,"Plan Width": 4,"Actual Startup Time": 0.008,"Actual Total Time": 0.008,"Actual Rows": 0,"Actual Loops": 7167,"Index Cond": "(o_orderkey = l1.l_orderkey)","Rows Removed by Index Recheck": 0,"Filter": "(o_orderstatus = 'F'::bpchar)","Rows Removed by Filter": 1}]}]}]}]},"Planning Time": 8.148,"Triggers": [],"Execution Time": 506.532}]
[{"Plan": {"Node Type": "Sort","Parallel Aware": false,"Async Capable": false,"Startup Cost": 147378.80,"Total Cost": 147378.81,"Plan Rows": 1,"Plan Width": 34,"Actual Startup Time": 512.736,"Actual Total Time": 529.210,"Actual Rows": 438,"Actual Loops": 1,"Sort Key": ["(count(*)) DESC", "supplier.s_name"],"Sort Method": "quicksort","Sort Space Used": 59,"Sort Space Type": "Memory","Plans": [{"Node Type": "Aggregate","Strategy": "Sorted","Partial Mode": "Simple","Parent Relationship": "Outer","Parallel Aware": false,"Async Capable": false,"Startup Cost": 147378.77,"Total Cost": 147378.79,"Plan Rows": 1,"Plan Width": 34,"Actual Startup Time": 511.404,"Actual Total Time": 528.425,"Actual Rows": 438,"Actual Loops": 1,"Group Key": ["supplier.s_name"],"Plans": [{"Node Type": "Sort","Parent Relationship": "Outer","Parallel Aware": false,"Async Capable": false,"Startup Cost": 147378.77,"Total Cost": 147378.78,"Plan Rows": 1,"Plan Width": 26,"Actual Startup Time": 511.372,"Actual Total Time": 527.974,"Actual Rows": 4210,"Actual Loops": 1,"Sort Key": ["supplier.s_name"],"Sort Method": "quicksort","Sort Space Used": 489,"Sort Space Type": "Memory","Plans": [{"Node Type": "Nested Loop","Parent Relationship": "Outer","Parallel Aware": false,"Async Capable": false,"Join Type": "Inner","Startup Cost": 1250.87,"Total Cost": 147378.76,"Plan Rows": 1,"Plan Width": 26,"Actual Startup Time": 5.368,"Actual Total Time": 515.358,"Actual Rows": 4210,"Actual Loops": 1,"Inner Unique": true,"Plans": [{"Node Type": "Nested Loop","Parent Relationship": "Outer","Parallel Aware": false,"Async Capable": false,"Join Type": "Semi","Startup Cost": 1250.44,"Total Cost": 147378.26,"Plan Rows": 1,"Plan Width": 34,"Actual Startup Time": 5.330,"Actual Total Time": 447.041,"Actual Rows": 8778,"Actual Loops": 1,"Inner Unique": false,"Plans": [{"Node Type": "Gather","Parent Relationship": "Outer","Parallel Aware": false,"Async Capable": false,"Startup Cost": 1250.01,"Total Cost": 147377.22,"Plan Rows": 1,"Plan Width": 34,"Actual Startup Time": 5.278,"Actual Total Time": 329.789,"Actual Rows": 14669,"Actual Loops": 1,"Workers Planned": 4,"Workers Launched": 4,"Single Copy": false,"Plans": [{"Node Type": "Nested Loop","Parent Relationship": "Outer","Parallel Aware": false,"Async Capable": false,"Join Type": "Anti","Startup Cost": 250.01,"Total Cost": 146377.12,"Plan Rows": 1,"Plan Width": 34,"Actual Startup Time": 5.105,"Actual Total Time": 449.554,"Actual Rows": 2934,"Actual Loops": 5,"Inner Unique": false,"Workers": [],"Plans": [{"Node Type": "Hash Join","Parent Relationship": "Outer","Parallel Aware": false,"Async Capable": false,"Join Type": "Inner","Startup Cost": 249.58,"Total Cost": 133581.65,"Plan Rows": 19990,"Plan Width": 34,"Actual Startup Time": 4.734,"Actual Total Time": 354.759,"Actual Rows": 33108,"Actual Loops": 5,"Inner Unique": false,"Hash Cond": "(l1.l_suppkey = supplier.s_suppkey)","Workers": [],"Plans": [{"Node Type": "Seq Scan","Parent Relationship": "Outer","Parallel Aware": true,"Async Capable": false,"Relation Name": "lineitem","Alias": "l1","Startup Cost": 0.00,"Total Cost": 131256.80,"Plan Rows": 500101,"Plan Width": 8,"Actual Startup Time": 0.025,"Actual Total Time": 303.070,"Actual Rows": 758659,"Actual Loops": 5,"Filter": "(l_receiptdate > l_commitdate)","Rows Removed by Filter": 441584,"Workers": []},{"Node Type": "Hash","Parent Relationship": "Inner","Parallel Aware": false,"Async Capable": false,"Startup Cost": 244.58,"Total Cost": 244.58,"Plan Rows": 400,"Plan Width": 30,"Actual Startup Time": 4.446,"Actual Total Time": 4.454,"Actual Rows": 438,"Actual Loops": 5,"Hash Buckets": 1024,"Original Hash Buckets": 1024,"Hash Batches": 1,"Original Hash Batches": 1,"Peak Memory Usage": 36,"Workers": [],"Plans": [{"Node Type": "Nested Loop","Parent Relationship": "Outer","Parallel Aware": false,"Async Capable": false,"Join Type": "Inner","Startup Cost": 7.38,"Total Cost": 244.58,"Plan Rows": 400,"Plan Width": 30,"Actual Startup Time": 0.266,"Actual Total Time": 4.290,"Actual Rows": 438,"Actual Loops": 5,"Inner Unique": false,"Workers": [],"Plans": [{"Node Type": "Seq Scan","Parent Relationship": "Outer","Parallel Aware": false,"Async Capable": false,"Relation Name": "nation","Alias": "nation","Startup Cost": 0.00,"Total Cost": 1.31,"Plan Rows": 1,"Plan Width": 4,"Actual Startup Time": 0.058,"Actual Total Time": 0.064,"Actual Rows": 1,"Actual Loops": 5,"Filter": "(n_name = 'IRAQ'::bpchar)","Rows Removed by Filter": 24,"Workers": []},{"Node Type": "Bitmap Heap Scan","Parent Relationship": "Inner","Parallel Aware": false,"Async Capable": false,"Relation Name": "supplier","Alias": "supplier","Startup Cost": 7.38,"Total Cost": 239.27,"Plan Rows": 400,"Plan Width": 34,"Actual Startup Time": 0.204,"Actual Total Time": 4.151,"Actual Rows": 438,"Actual Loops": 5,"Recheck Cond": "(s_nationkey = nation.n_nationkey)","Rows Removed by Index Recheck": 0,"Exact Heap Blocks": 194,"Lossy Heap Blocks": 0,"Workers": [],"Plans": [{"Node Type": "Bitmap Index Scan","Parent Relationship": "Outer","Parallel Aware": false,"Async Capable": false,"Index Name": "idx_supplier_nation_key","Startup Cost": 0.00,"Total Cost": 7.29,"Plan Rows": 400,"Plan Width": 0,"Actual Startup Time": 0.139,"Actual Total Time": 0.140,"Actual Rows": 438,"Actual Loops": 5,"Index Cond": "(s_nationkey = nation.n_nationkey)","Workers": []}]}]}]}]},{"Node Type": "Index Scan","Parent Relationship": "Inner","Parallel Aware": false,"Async Capable": false,"Scan Direction": "Forward","Index Name": "idx_lineitem_orderkey","Relation Name": "lineitem","Alias": "l3","Startup Cost": 0.43,"Total Cost": 1.06,"Plan Rows": 6,"Plan Width": 8,"Actual Startup Time": 0.003,"Actual Total Time": 0.003,"Actual Rows": 1,"Actual Loops": 165540,"Index Cond": "(l_orderkey = l1.l_orderkey)","Rows Removed by Index Recheck": 0,"Filter": "((l_receiptdate > l_commitdate) AND (l_suppkey <> l1.l_suppkey))","Rows Removed by Filter": 1,"Workers": []}]}]},{"Node Type": "Index Scan","Parent Relationship": "Inner","Parallel Aware": false,"Async Capable": false,"Scan Direction": "Forward","Index Name": "idx_lineitem_orderkey","Relation Name": "lineitem","Alias": "l2","Startup Cost": 0.43,"Total Cost": 1.02,"Plan Rows": 17,"Plan Width": 8,"Actual Startup Time": 0.007,"Actual Total Time": 0.007,"Actual Rows": 1,"Actual Loops": 14669,"Index Cond": "(l_orderkey = l1.l_orderkey)","Rows Removed by Index Recheck": 0,"Filter": "(l_suppkey <> l1.l_suppkey)","Rows Removed by Filter": 1}]},{"Node Type": "Index Scan","Parent Relationship": "Inner","Parallel Aware": false,"Async Capable": false,"Scan Direction": "Forward","Index Name": "orders_pkey","Relation Name": "orders","Alias": "orders","Startup Cost": 0.43,"Total Cost": 0.51,"Plan Rows": 1,"Plan Width": 4,"Actual Startup Time": 0.008,"Actual Total Time": 0.008,"Actual Rows": 0,"Actual Loops": 8778,"Index Cond": "(o_orderkey = l1.l_orderkey)","Rows Removed by Index Recheck": 0,"Filter": "(o_orderstatus = 'F'::bpchar)","Rows Removed by Filter": 1}]}]}]}]},"Planning Time": 9.762,"Triggers": [],"Execution Time": 529.872}]
[{"Plan": {"Node Type": "Sort","Parallel Aware": false,"Async Capable": false,"Startup Cost": 147378.80,"Total Cost": 147378.81,"Plan Rows": 1,"Plan Width": 34,"Actual Startup Time": 506.689,"Actual Total Time": 525.046,"Actual Rows": 415,"Actual Loops": 1,"Sort Key": ["(count(*)) DESC", "supplier.s_name"],"Sort Method": "quicksort","Sort Space Used": 57,"Sort Space Type": "Memory","Plans": [{"Node Type": "Aggregate","Strategy": "Sorted","Partial Mode": "Simple","Parent Relationship": "Outer","Parallel Aware": false,"Async Capable": false,"Startup Cost": 147378.77,"Total Cost": 147378.79,"Plan Rows": 1,"Plan Width": 34,"Actual Startup Time": 505.377,"Actual Total Time": 524.254,"Actual Rows": 415,"Actual Loops": 1,"Group Key": ["supplier.s_name"],"Plans": [{"Node Type": "Sort","Parent Relationship": "Outer","Parallel Aware": false,"Async Capable": false,"Startup Cost": 147378.77,"Total Cost": 147378.78,"Plan Rows": 1,"Plan Width": 26,"Actual Startup Time": 505.350,"Actual Total Time": 523.830,"Actual Rows": 4021,"Actual Loops": 1,"Sort Key": ["supplier.s_name"],"Sort Method": "quicksort","Sort Space Used": 379,"Sort Space Type": "Memory","Plans": [{"Node Type": "Nested Loop","Parent Relationship": "Outer","Parallel Aware": false,"Async Capable": false,"Join Type": "Inner","Startup Cost": 1250.87,"Total Cost": 147378.76,"Plan Rows": 1,"Plan Width": 26,"Actual Startup Time": 4.344,"Actual Total Time": 512.010,"Actual Rows": 4021,"Actual Loops": 1,"Inner Unique": true,"Plans": [{"Node Type": "Nested Loop","Parent Relationship": "Outer","Parallel Aware": false,"Async Capable": false,"Join Type": "Semi","Startup Cost": 1250.44,"Total Cost": 147378.26,"Plan Rows": 1,"Plan Width": 34,"Actual Startup Time": 4.308,"Actual Total Time": 447.240,"Actual Rows": 8423,"Actual Loops": 1,"Inner Unique": false,"Plans": [{"Node Type": "Gather","Parent Relationship": "Outer","Parallel Aware": false,"Async Capable": false,"Startup Cost": 1250.01,"Total Cost": 147377.22,"Plan Rows": 1,"Plan Width": 34,"Actual Startup Time": 4.250,"Actual Total Time": 340.738,"Actual Rows": 13873,"Actual Loops": 1,"Workers Planned": 4,"Workers Launched": 4,"Single Copy": false,"Plans": [{"Node Type": "Nested Loop","Parent Relationship": "Outer","Parallel Aware": false,"Async Capable": false,"Join Type": "Anti","Startup Cost": 250.01,"Total Cost": 146377.12,"Plan Rows": 1,"Plan Width": 34,"Actual Startup Time": 6.059,"Actual Total Time": 447.143,"Actual Rows": 2775,"Actual Loops": 5,"Inner Unique": false,"Workers": [],"Plans": [{"Node Type": "Hash Join","Parent Relationship": "Outer","Parallel Aware": false,"Async Capable": false,"Join Type": "Inner","Startup Cost": 249.58,"Total Cost": 133581.65,"Plan Rows": 19990,"Plan Width": 34,"Actual Startup Time": 5.350,"Actual Total Time": 355.670,"Actual Rows": 31496,"Actual Loops": 5,"Inner Unique": false,"Hash Cond": "(l1.l_suppkey = supplier.s_suppkey)","Workers": [],"Plans": [{"Node Type": "Seq Scan","Parent Relationship": "Outer","Parallel Aware": true,"Async Capable": false,"Relation Name": "lineitem","Alias": "l1","Startup Cost": 0.00,"Total Cost": 131256.80,"Plan Rows": 500101,"Plan Width": 8,"Actual Startup Time": 0.034,"Actual Total Time": 302.387,"Actual Rows": 758659,"Actual Loops": 5,"Filter": "(l_receiptdate > l_commitdate)","Rows Removed by Filter": 441584,"Workers": []},{"Node Type": "Hash","Parent Relationship": "Inner","Parallel Aware": false,"Async Capable": false,"Startup Cost": 244.58,"Total Cost": 244.58,"Plan Rows": 400,"Plan Width": 30,"Actual Startup Time": 5.023,"Actual Total Time": 5.034,"Actual Rows": 415,"Actual Loops": 5,"Hash Buckets": 1024,"Original Hash Buckets": 1024,"Hash Batches": 1,"Original Hash Batches": 1,"Peak Memory Usage": 34,"Workers": [],"Plans": [{"Node Type": "Nested Loop","Parent Relationship": "Outer","Parallel Aware": false,"Async Capable": false,"Join Type": "Inner","Startup Cost": 7.38,"Total Cost": 244.58,"Plan Rows": 400,"Plan Width": 30,"Actual Startup Time": 0.341,"Actual Total Time": 4.843,"Actual Rows": 415,"Actual Loops": 5,"Inner Unique": false,"Workers": [],"Plans": [{"Node Type": "Seq Scan","Parent Relationship": "Outer","Parallel Aware": false,"Async Capable": false,"Relation Name": "nation","Alias": "nation","Startup Cost": 0.00,"Total Cost": 1.31,"Plan Rows": 1,"Plan Width": 4,"Actual Startup Time": 0.054,"Actual Total Time": 0.060,"Actual Rows": 1,"Actual Loops": 5,"Filter": "(n_name = 'INDIA'::bpchar)","Rows Removed by Filter": 24,"Workers": []},{"Node Type": "Bitmap Heap Scan","Parent Relationship": "Inner","Parallel Aware": false,"Async Capable": false,"Relation Name": "supplier","Alias": "supplier","Startup Cost": 7.38,"Total Cost": 239.27,"Plan Rows": 400,"Plan Width": 34,"Actual Startup Time": 0.281,"Actual Total Time": 4.691,"Actual Rows": 415,"Actual Loops": 5,"Recheck Cond": "(s_nationkey = nation.n_nationkey)","Rows Removed by Index Recheck": 0,"Exact Heap Blocks": 186,"Lossy Heap Blocks": 0,"Workers": [],"Plans": [{"Node Type": "Bitmap Index Scan","Parent Relationship": "Outer","Parallel Aware": false,"Async Capable": false,"Index Name": "idx_supplier_nation_key","Startup Cost": 0.00,"Total Cost": 7.29,"Plan Rows": 400,"Plan Width": 0,"Actual Startup Time": 0.207,"Actual Total Time": 0.208,"Actual Rows": 415,"Actual Loops": 5,"Index Cond": "(s_nationkey = nation.n_nationkey)","Workers": []}]}]}]}]},{"Node Type": "Index Scan","Parent Relationship": "Inner","Parallel Aware": false,"Async Capable": false,"Scan Direction": "Forward","Index Name": "idx_lineitem_orderkey","Relation Name": "lineitem","Alias": "l3","Startup Cost": 0.43,"Total Cost": 1.06,"Plan Rows": 6,"Plan Width": 8,"Actual Startup Time": 0.003,"Actual Total Time": 0.003,"Actual Rows": 1,"Actual Loops": 157482,"Index Cond": "(l_orderkey = l1.l_orderkey)","Rows Removed by Index Recheck": 0,"Filter": "((l_receiptdate > l_commitdate) AND (l_suppkey <> l1.l_suppkey))","Rows Removed by Filter": 1,"Workers": []}]}]},{"Node Type": "Index Scan","Parent Relationship": "Inner","Parallel Aware": false,"Async Capable": false,"Scan Direction": "Forward","Index Name": "idx_lineitem_orderkey","Relation Name": "lineitem","Alias": "l2","Startup Cost": 0.43,"Total Cost": 1.02,"Plan Rows": 17,"Plan Width": 8,"Actual Startup Time": 0.007,"Actual Total Time": 0.007,"Actual Rows": 1,"Actual Loops": 13873,"Index Cond": "(l_orderkey = l1.l_orderkey)","Rows Removed by Index Recheck": 0,"Filter": "(l_suppkey <> l1.l_suppkey)","Rows Removed by Filter": 1}]},{"Node Type": "Index Scan","Parent Relationship": "Inner","Parallel Aware": false,"Async Capable": false,"Scan Direction": "Forward","Index Name": "orders_pkey","Relation Name": "orders","Alias": "orders","Startup Cost": 0.43,"Total Cost": 0.51,"Plan Rows": 1,"Plan Width": 4,"Actual Startup Time": 0.007,"Actual Total Time": 0.007,"Actual Rows": 0,"Actual Loops": 8423,"Index Cond": "(o_orderkey = l1.l_orderkey)","Rows Removed by Index Recheck": 0,"Filter": "(o_orderstatus = 'F'::bpchar)","Rows Removed by Filter": 1}]}]}]}]},"Planning Time": 9.331,"Triggers": [],"Execution Time": 525.561}]
[{"Plan": {"Node Type": "Sort","Parallel Aware": false,"Async Capable": false,"Startup Cost": 147378.80,"Total Cost": 147378.81,"Plan Rows": 1,"Plan Width": 34,"Actual Startup Time": 499.004,"Actual Total Time": 520.055,"Actual Rows": 399,"Actual Loops": 1,"Sort Key": ["(count(*)) DESC", "supplier.s_name"],"Sort Method": "quicksort","Sort Space Used": 56,"Sort Space Type": "Memory","Plans": [{"Node Type": "Aggregate","Strategy": "Sorted","Partial Mode": "Simple","Parent Relationship": "Outer","Parallel Aware": false,"Async Capable": false,"Startup Cost": 147378.77,"Total Cost": 147378.79,"Plan Rows": 1,"Plan Width": 34,"Actual Startup Time": 497.768,"Actual Total Time": 519.326,"Actual Rows": 399,"Actual Loops": 1,"Group Key": ["supplier.s_name"],"Plans": [{"Node Type": "Sort","Parent Relationship": "Outer","Parallel Aware": false,"Async Capable": false,"Startup Cost": 147378.77,"Total Cost": 147378.78,"Plan Rows": 1,"Plan Width": 26,"Actual Startup Time": 497.754,"Actual Total Time": 518.925,"Actual Rows": 3901,"Actual Loops": 1,"Sort Key": ["supplier.s_name"],"Sort Method": "quicksort","Sort Space Used": 371,"Sort Space Type": "Memory","Plans": [{"Node Type": "Nested Loop","Parent Relationship": "Outer","Parallel Aware": false,"Async Capable": false,"Join Type": "Inner","Startup Cost": 1250.87,"Total Cost": 147378.76,"Plan Rows": 1,"Plan Width": 26,"Actual Startup Time": 5.425,"Actual Total Time": 507.475,"Actual Rows": 3901,"Actual Loops": 1,"Inner Unique": true,"Plans": [{"Node Type": "Nested Loop","Parent Relationship": "Outer","Parallel Aware": false,"Async Capable": false,"Join Type": "Semi","Startup Cost": 1250.44,"Total Cost": 147378.26,"Plan Rows": 1,"Plan Width": 34,"Actual Startup Time": 5.049,"Actual Total Time": 443.858,"Actual Rows": 7909,"Actual Loops": 1,"Inner Unique": false,"Plans": [{"Node Type": "Gather","Parent Relationship": "Outer","Parallel Aware": false,"Async Capable": false,"Startup Cost": 1250.01,"Total Cost": 147377.22,"Plan Rows": 1,"Plan Width": 34,"Actual Startup Time": 4.716,"Actual Total Time": 337.054,"Actual Rows": 13313,"Actual Loops": 1,"Workers Planned": 4,"Workers Launched": 4,"Single Copy": false,"Plans": [{"Node Type": "Nested Loop","Parent Relationship": "Outer","Parallel Aware": false,"Async Capable": false,"Join Type": "Anti","Startup Cost": 250.01,"Total Cost": 146377.12,"Plan Rows": 1,"Plan Width": 34,"Actual Startup Time": 4.762,"Actual Total Time": 442.169,"Actual Rows": 2663,"Actual Loops": 5,"Inner Unique": false,"Workers": [],"Plans": [{"Node Type": "Hash Join","Parent Relationship": "Outer","Parallel Aware": false,"Async Capable": false,"Join Type": "Inner","Startup Cost": 249.58,"Total Cost": 133581.65,"Plan Rows": 19990,"Plan Width": 34,"Actual Startup Time": 4.517,"Actual Total Time": 353.941,"Actual Rows": 30247,"Actual Loops": 5,"Inner Unique": false,"Hash Cond": "(l1.l_suppkey = supplier.s_suppkey)","Workers": [],"Plans": [{"Node Type": "Seq Scan","Parent Relationship": "Outer","Parallel Aware": true,"Async Capable": false,"Relation Name": "lineitem","Alias": "l1","Startup Cost": 0.00,"Total Cost": 131256.80,"Plan Rows": 500101,"Plan Width": 8,"Actual Startup Time": 0.021,"Actual Total Time": 302.084,"Actual Rows": 758659,"Actual Loops": 5,"Filter": "(l_receiptdate > l_commitdate)","Rows Removed by Filter": 441584,"Workers": []},{"Node Type": "Hash","Parent Relationship": "Inner","Parallel Aware": false,"Async Capable": false,"Startup Cost": 244.58,"Total Cost": 244.58,"Plan Rows": 400,"Plan Width": 30,"Actual Startup Time": 4.286,"Actual Total Time": 4.296,"Actual Rows": 399,"Actual Loops": 5,"Hash Buckets": 1024,"Original Hash Buckets": 1024,"Hash Batches": 1,"Original Hash Batches": 1,"Peak Memory Usage": 33,"Workers": [],"Plans": [{"Node Type": "Nested Loop","Parent Relationship": "Outer","Parallel Aware": false,"Async Capable": false,"Join Type": "Inner","Startup Cost": 7.38,"Total Cost": 244.58,"Plan Rows": 400,"Plan Width": 30,"Actual Startup Time": 0.243,"Actual Total Time": 4.128,"Actual Rows": 399,"Actual Loops": 5,"Inner Unique": false,"Workers": [],"Plans": [{"Node Type": "Seq Scan","Parent Relationship": "Outer","Parallel Aware": false,"Async Capable": false,"Relation Name": "nation","Alias": "nation","Startup Cost": 0.00,"Total Cost": 1.31,"Plan Rows": 1,"Plan Width": 4,"Actual Startup Time": 0.049,"Actual Total Time": 0.051,"Actual Rows": 1,"Actual Loops": 5,"Filter": "(n_name = 'VIETNAM'::bpchar)","Rows Removed by Filter": 24,"Workers": []},{"Node Type": "Bitmap Heap Scan","Parent Relationship": "Inner","Parallel Aware": false,"Async Capable": false,"Relation Name": "supplier","Alias": "supplier","Startup Cost": 7.38,"Total Cost": 239.27,"Plan Rows": 400,"Plan Width": 34,"Actual Startup Time": 0.189,"Actual Total Time": 4.007,"Actual Rows": 399,"Actual Loops": 5,"Recheck Cond": "(s_nationkey = nation.n_nationkey)","Rows Removed by Index Recheck": 0,"Exact Heap Blocks": 191,"Lossy Heap Blocks": 0,"Workers": [],"Plans": [{"Node Type": "Bitmap Index Scan","Parent Relationship": "Outer","Parallel Aware": false,"Async Capable": false,"Index Name": "idx_supplier_nation_key","Startup Cost": 0.00,"Total Cost": 7.29,"Plan Rows": 400,"Plan Width": 0,"Actual Startup Time": 0.123,"Actual Total Time": 0.125,"Actual Rows": 399,"Actual Loops": 5,"Index Cond": "(s_nationkey = nation.n_nationkey)","Workers": []}]}]}]}]},{"Node Type": "Index Scan","Parent Relationship": "Inner","Parallel Aware": false,"Async Capable": false,"Scan Direction": "Forward","Index Name": "idx_lineitem_orderkey","Relation Name": "lineitem","Alias": "l3","Startup Cost": 0.43,"Total Cost": 1.06,"Plan Rows": 6,"Plan Width": 8,"Actual Startup Time": 0.003,"Actual Total Time": 0.003,"Actual Rows": 1,"Actual Loops": 151237,"Index Cond": "(l_orderkey = l1.l_orderkey)","Rows Removed by Index Recheck": 0,"Filter": "((l_receiptdate > l_commitdate) AND (l_suppkey <> l1.l_suppkey))","Rows Removed by Filter": 1,"Workers": []}]}]},{"Node Type": "Index Scan","Parent Relationship": "Inner","Parallel Aware": false,"Async Capable": false,"Scan Direction": "Forward","Index Name": "idx_lineitem_orderkey","Relation Name": "lineitem","Alias": "l2","Startup Cost": 0.43,"Total Cost": 1.02,"Plan Rows": 17,"Plan Width": 8,"Actual Startup Time": 0.008,"Actual Total Time": 0.008,"Actual Rows": 1,"Actual Loops": 13313,"Index Cond": "(l_orderkey = l1.l_orderkey)","Rows Removed by Index Recheck": 0,"Filter": "(l_suppkey <> l1.l_suppkey)","Rows Removed by Filter": 1}]},{"Node Type": "Index Scan","Parent Relationship": "Inner","Parallel Aware": false,"Async Capable": false,"Scan Direction": "Forward","Index Name": "orders_pkey","Relation Name": "orders","Alias": "orders","Startup Cost": 0.43,"Total Cost": 0.51,"Plan Rows": 1,"Plan Width": 4,"Actual Startup Time": 0.008,"Actual Total Time": 0.008,"Actual Rows": 0,"Actual Loops": 7909,"Index Cond": "(o_orderkey = l1.l_orderkey)","Rows Removed by Index Recheck": 0,"Filter": "(o_orderstatus = 'F'::bpchar)","Rows Removed by Filter": 1}]}]}]}]},"Planning Time": 9.630,"Triggers": [],"Execution Time": 520.585}]
[{"Plan": {"Node Type": "Sort","Parallel Aware": false,"Async Capable": false,"Startup Cost": 147378.80,"Total Cost": 147378.81,"Plan Rows": 1,"Plan Width": 34,"Actual Startup Time": 499.004,"Actual Total Time": 520.055,"Actual Rows": 399,"Actual Loops": 1,"Sort Key": ["(count(*)) DESC", "supplier.s_name"],"Sort Method": "quicksort","Sort Space Used": 56,"Sort Space Type": "Memory","Plans": [{"Node Type": "Aggregate","Strategy": "Sorted","Partial Mode": "Simple","Parent Relationship": "Outer","Parallel Aware": false,"Async Capable": false,"Startup Cost": 147378.77,"Total Cost": 147378.79,"Plan Rows": 1,"Plan Width": 34,"Actual Startup Time": 497.768,"Actual Total Time": 519.326,"Actual Rows": 399,"Actual Loops": 1,"Group Key": ["supplier.s_name"],"Plans": [{"Node Type": "Sort","Parent Relationship": "Outer","Parallel Aware": false,"Async Capable": false,"Startup Cost": 147378.77,"Total Cost": 147378.78,"Plan Rows": 1,"Plan Width": 26,"Actual Startup Time": 497.754,"Actual Total Time": 518.925,"Actual Rows": 3901,"Actual Loops": 1,"Sort Key": ["supplier.s_name"],"Sort Method": "quicksort","Sort Space Used": 371,"Sort Space Type": "Memory","Plans": [{"Node Type": "Nested Loop","Parent Relationship": "Outer","Parallel Aware": false,"Async Capable": false,"Join Type": "Inner","Startup Cost": 1250.87,"Total Cost": 147378.76,"Plan Rows": 1,"Plan Width": 26,"Actual Startup Time": 5.425,"Actual Total Time": 507.475,"Actual Rows": 3901,"Actual Loops": 1,"Inner Unique": true,"Plans": [{"Node Type": "Nested Loop","Parent Relationship": "Outer","Parallel Aware": false,"Async Capable": false,"Join Type": "Semi","Startup Cost": 1250.44,"Total Cost": 147378.26,"Plan Rows": 1,"Plan Width": 34,"Actual Startup Time": 5.049,"Actual Total Time": 443.858,"Actual Rows": 7909,"Actual Loops": 1,"Inner Unique": false,"Plans": [{"Node Type": "Gather","Parent Relationship": "Outer","Parallel Aware": false,"Async Capable": false,"Startup Cost": 1250.01,"Total Cost": 147377.22,"Plan Rows": 1,"Plan Width": 34,"Actual Startup Time": 4.716,"Actual Total Time": 337.054,"Actual Rows": 13313,"Actual Loops": 1,"Workers Planned": 4,"Workers Launched": 4,"Single Copy": false,"Plans": [{"Node Type": "Nested Loop","Parent Relationship": "Outer","Parallel Aware": false,"Async Capable": false,"Join Type": "Anti","Startup Cost": 250.01,"Total Cost": 146377.12,"Plan Rows": 1,"Plan Width": 34,"Actual Startup Time": 4.762,"Actual Total Time": 442.169,"Actual Rows": 2663,"Actual Loops": 5,"Inner Unique": false,"Workers": [],"Plans": [{"Node Type": "Hash Join","Parent Relationship": "Outer","Parallel Aware": false,"Async Capable": false,"Join Type": "Inner","Startup Cost": 249.58,"Total Cost": 133581.65,"Plan Rows": 19990,"Plan Width": 34,"Actual Startup Time": 4.517,"Actual Total Time": 353.941,"Actual Rows": 30247,"Actual Loops": 5,"Inner Unique": false,"Hash Cond": "(l1.l_suppkey = supplier.s_suppkey)","Workers": [],"Plans": [{"Node Type": "Seq Scan","Parent Relationship": "Outer","Parallel Aware": true,"Async Capable": false,"Relation Name": "lineitem","Alias": "l1","Startup Cost": 0.00,"Total Cost": 131256.80,"Plan Rows": 500101,"Plan Width": 8,"Actual Startup Time": 0.021,"Actual Total Time": 302.084,"Actual Rows": 758659,"Actual Loops": 5,"Filter": "(l_receiptdate > l_commitdate)","Rows Removed by Filter": 441584,"Workers": []},{"Node Type": "Hash","Parent Relationship": "Inner","Parallel Aware": false,"Async Capable": false,"Startup Cost": 244.58,"Total Cost": 244.58,"Plan Rows": 400,"Plan Width": 30,"Actual Startup Time": 4.286,"Actual Total Time": 4.296,"Actual Rows": 399,"Actual Loops": 5,"Hash Buckets": 1024,"Original Hash Buckets": 1024,"Hash Batches": 1,"Original Hash Batches": 1,"Peak Memory Usage": 33,"Workers": [],"Plans": [{"Node Type": "Nested Loop","Parent Relationship": "Outer","Parallel Aware": false,"Async Capable": false,"Join Type": "Inner","Startup Cost": 7.38,"Total Cost": 244.58,"Plan Rows": 400,"Plan Width": 30,"Actual Startup Time": 0.243,"Actual Total Time": 4.128,"Actual Rows": 399,"Actual Loops": 5,"Inner Unique": false,"Workers": [],"Plans": [{"Node Type": "Seq Scan","Parent Relationship": "Outer","Parallel Aware": false,"Async Capable": false,"Relation Name": "nation","Alias": "nation","Startup Cost": 0.00,"Total Cost": 1.31,"Plan Rows": 1,"Plan Width": 4,"Actual Startup Time": 0.049,"Actual Total Time": 0.051,"Actual Rows": 1,"Actual Loops": 5,"Filter": "(n_name = 'VIETNAM'::bpchar)","Rows Removed by Filter": 24,"Workers": []},{"Node Type": "Bitmap Heap Scan","Parent Relationship": "Inner","Parallel Aware": false,"Async Capable": false,"Relation Name": "supplier","Alias": "supplier","Startup Cost": 7.38,"Total Cost": 239.27,"Plan Rows": 400,"Plan Width": 34,"Actual Startup Time": 0.189,"Actual Total Time": 4.007,"Actual Rows": 399,"Actual Loops": 5,"Recheck Cond": "(s_nationkey = nation.n_nationkey)","Rows Removed by Index Recheck": 0,"Exact Heap Blocks": 191,"Lossy Heap Blocks": 0,"Workers": [],"Plans": [{"Node Type": "Bitmap Index Scan","Parent Relationship": "Outer","Parallel Aware": false,"Async Capable": false,"Index Name": "idx_supplier_nation_key","Startup Cost": 0.00,"Total Cost": 7.29,"Plan Rows": 400,"Plan Width": 0,"Actual Startup Time": 0.123,"Actual Total Time": 0.125,"Actual Rows": 399,"Actual Loops": 5,"Index Cond": "(s_nationkey = nation.n_nationkey)","Workers": []}]}]}]}]},{"Node Type": "Index Scan","Parent Relationship": "Inner","Parallel Aware": false,"Async Capable": false,"Scan Direction": "Forward","Index Name": "idx_lineitem_orderkey","Relation Name": "lineitem","Alias": "l3","Startup Cost": 0.43,"Total Cost": 1.06,"Plan Rows": 6,"Plan Width": 8,"Actual Startup Time": 0.003,"Actual Total Time": 0.003,"Actual Rows": 1,"Actual Loops": 151237,"Index Cond": "(l_orderkey = l1.l_orderkey)","Rows Removed by Index Recheck": 0,"Filter": "((l_receiptdate > l_commitdate) AND (l_suppkey <> l1.l_suppkey))","Rows Removed by Filter": 1,"Workers": []}]}]},{"Node Type": "Index Scan","Parent Relationship": "Inner","Parallel Aware": false,"Async Capable": false,"Scan Direction": "Forward","Index Name": "idx_lineitem_orderkey","Relation Name": "lineitem","Alias": "l2","Startup Cost": 0.43,"Total Cost": 1.02,"Plan Rows": 17,"Plan Width": 8,"Actual Startup Time": 0.008,"Actual Total Time": 0.008,"Actual Rows": 1,"Actual Loops": 13313,"Index Cond": "(l_orderkey = l1.l_orderkey)","Rows Removed by Index Recheck": 0,"Filter": "(l_suppkey <> l1.l_suppkey)","Rows Removed by Filter": 1}]},{"Node Type": "Index Scan","Parent Relationship": "Inner","Parallel Aware": false,"Async Capable": false,"Scan Direction": "Forward","Index Name": "orders_pkey","Relation Name": "orders","Alias": "orders","Startup Cost": 0.43,"Total Cost": 0.51,"Plan Rows": 1,"Plan Width": 4,"Actual Startup Time": 0.008,"Actual Total Time": 0.008,"Actual Rows": 0,"Actual Loops": 7909,"Index Cond": "(o_orderkey = l1.l_orderkey)","Rows Removed by Index Recheck": 0,"Filter": "(o_orderstatus = 'F'::bpchar)","Rows Removed by Filter": 1}]}]}]}]},"Planning Time": 9.630,"Triggers": [],"Execution Time": 520.585}]
[{"Plan": {"Node Type": "Sort","Parallel Aware": false,"Async Capable": false,"Startup Cost": 147378.80,"Total Cost": 147378.81,"Plan Rows": 1,"Plan Width": 34,"Actual Startup Time": 509.264,"Actual Total Time": 527.696,"Actual Rows": 421,"Actual Loops": 1,"Sort Key": ["(count(*)) DESC", "supplier.s_name"],"Sort Method": "quicksort","Sort Space Used": 57,"Sort Space Type": "Memory","Plans": [{"Node Type": "Aggregate","Strategy": "Sorted","Partial Mode": "Simple","Parent Relationship": "Outer","Parallel Aware": false,"Async Capable": false,"Startup Cost": 147378.77,"Total Cost": 147378.79,"Plan Rows": 1,"Plan Width": 34,"Actual Startup Time": 507.941,"Actual Total Time": 526.990,"Actual Rows": 421,"Actual Loops": 1,"Group Key": ["supplier.s_name"],"Plans": [{"Node Type": "Sort","Parent Relationship": "Outer","Parallel Aware": false,"Async Capable": false,"Startup Cost": 147378.77,"Total Cost": 147378.78,"Plan Rows": 1,"Plan Width": 26,"Actual Startup Time": 507.919,"Actual Total Time": 526.540,"Actual Rows": 4227,"Actual Loops": 1,"Sort Key": ["supplier.s_name"],"Sort Method": "quicksort","Sort Space Used": 490,"Sort Space Type": "Memory","Plans": [{"Node Type": "Nested Loop","Parent Relationship": "Outer","Parallel Aware": false,"Async Capable": false,"Join Type": "Inner","Startup Cost": 1250.87,"Total Cost": 147378.76,"Plan Rows": 1,"Plan Width": 26,"Actual Startup Time": 5.396,"Actual Total Time": 515.076,"Actual Rows": 4227,"Actual Loops": 1,"Inner Unique": true,"Plans": [{"Node Type": "Nested Loop","Parent Relationship": "Outer","Parallel Aware": false,"Async Capable": false,"Join Type": "Semi","Startup Cost": 1250.44,"Total Cost": 147378.26,"Plan Rows": 1,"Plan Width": 34,"Actual Startup Time": 5.356,"Actual Total Time": 448.186,"Actual Rows": 8678,"Actual Loops": 1,"Inner Unique": false,"Plans": [{"Node Type": "Gather","Parent Relationship": "Outer","Parallel Aware": false,"Async Capable": false,"Startup Cost": 1250.01,"Total Cost": 147377.22,"Plan Rows": 1,"Plan Width": 34,"Actual Startup Time": 5.315,"Actual Total Time": 333.619,"Actual Rows": 14289,"Actual Loops": 1,"Workers Planned": 4,"Workers Launched": 4,"Single Copy": false,"Plans": [{"Node Type": "Nested Loop","Parent Relationship": "Outer","Parallel Aware": false,"Async Capable": false,"Join Type": "Anti","Startup Cost": 250.01,"Total Cost": 146377.12,"Plan Rows": 1,"Plan Width": 34,"Actual Startup Time": 5.155,"Actual Total Time": 447.803,"Actual Rows": 2858,"Actual Loops": 5,"Inner Unique": false,"Workers": [],"Plans": [{"Node Type": "Hash Join","Parent Relationship": "Outer","Parallel Aware": false,"Async Capable": false,"Join Type": "Inner","Startup Cost": 249.58,"Total Cost": 133581.65,"Plan Rows": 19990,"Plan Width": 34,"Actual Startup Time": 4.679,"Actual Total Time": 355.100,"Actual Rows": 31833,"Actual Loops": 5,"Inner Unique": false,"Hash Cond": "(l1.l_suppkey = supplier.s_suppkey)","Workers": [],"Plans": [{"Node Type": "Seq Scan","Parent Relationship": "Outer","Parallel Aware": true,"Async Capable": false,"Relation Name": "lineitem","Alias": "l1","Startup Cost": 0.00,"Total Cost": 131256.80,"Plan Rows": 500101,"Plan Width": 8,"Actual Startup Time": 0.028,"Actual Total Time": 302.880,"Actual Rows": 758659,"Actual Loops": 5,"Filter": "(l_receiptdate > l_commitdate)","Rows Removed by Filter": 441584,"Workers": []},{"Node Type": "Hash","Parent Relationship": "Inner","Parallel Aware": false,"Async Capable": false,"Startup Cost": 244.58,"Total Cost": 244.58,"Plan Rows": 400,"Plan Width": 30,"Actual Startup Time": 4.328,"Actual Total Time": 4.340,"Actual Rows": 421,"Actual Loops": 5,"Hash Buckets": 1024,"Original Hash Buckets": 1024,"Hash Batches": 1,"Original Hash Batches": 1,"Peak Memory Usage": 35,"Workers": [],"Plans": [{"Node Type": "Nested Loop","Parent Relationship": "Outer","Parallel Aware": false,"Async Capable": false,"Join Type": "Inner","Startup Cost": 7.38,"Total Cost": 244.58,"Plan Rows": 400,"Plan Width": 30,"Actual Startup Time": 0.319,"Actual Total Time": 4.167,"Actual Rows": 421,"Actual Loops": 5,"Inner Unique": false,"Workers": [],"Plans": [{"Node Type": "Seq Scan","Parent Relationship": "Outer","Parallel Aware": false,"Async Capable": false,"Relation Name": "nation","Alias": "nation","Startup Cost": 0.00,"Total Cost": 1.31,"Plan Rows": 1,"Plan Width": 4,"Actual Startup Time": 0.061,"Actual Total Time": 0.065,"Actual Rows": 1,"Actual Loops": 5,"Filter": "(n_name = 'PERU'::bpchar)","Rows Removed by Filter": 24,"Workers": []},{"Node Type": "Bitmap Heap Scan","Parent Relationship": "Inner","Parallel Aware": false,"Async Capable": false,"Relation Name": "supplier","Alias": "supplier","Startup Cost": 7.38,"Total Cost": 239.27,"Plan Rows": 400,"Plan Width": 34,"Actual Startup Time": 0.253,"Actual Total Time": 4.010,"Actual Rows": 421,"Actual Loops": 5,"Recheck Cond": "(s_nationkey = nation.n_nationkey)","Rows Removed by Index Recheck": 0,"Exact Heap Blocks": 187,"Lossy Heap Blocks": 0,"Workers": [],"Plans": [{"Node Type": "Bitmap Index Scan","Parent Relationship": "Outer","Parallel Aware": false,"Async Capable": false,"Index Name": "idx_supplier_nation_key","Startup Cost": 0.00,"Total Cost": 7.29,"Plan Rows": 400,"Plan Width": 0,"Actual Startup Time": 0.167,"Actual Total Time": 0.169,"Actual Rows": 421,"Actual Loops": 5,"Index Cond": "(s_nationkey = nation.n_nationkey)","Workers": []}]}]}]}]},{"Node Type": "Index Scan","Parent Relationship": "Inner","Parallel Aware": false,"Async Capable": false,"Scan Direction": "Forward","Index Name": "idx_lineitem_orderkey","Relation Name": "lineitem","Alias": "l3","Startup Cost": 0.43,"Total Cost": 1.06,"Plan Rows": 6,"Plan Width": 8,"Actual Startup Time": 0.003,"Actual Total Time": 0.003,"Actual Rows": 1,"Actual Loops": 159165,"Index Cond": "(l_orderkey = l1.l_orderkey)","Rows Removed by Index Recheck": 0,"Filter": "((l_receiptdate > l_commitdate) AND (l_suppkey <> l1.l_suppkey))","Rows Removed by Filter": 1,"Workers": []}]}]},{"Node Type": "Index Scan","Parent Relationship": "Inner","Parallel Aware": false,"Async Capable": false,"Scan Direction": "Forward","Index Name": "idx_lineitem_orderkey","Relation Name": "lineitem","Alias": "l2","Startup Cost": 0.43,"Total Cost": 1.02,"Plan Rows": 17,"Plan Width": 8,"Actual Startup Time": 0.008,"Actual Total Time": 0.008,"Actual Rows": 1,"Actual Loops": 14289,"Index Cond": "(l_orderkey = l1.l_orderkey)","Rows Removed by Index Recheck": 0,"Filter": "(l_suppkey <> l1.l_suppkey)","Rows Removed by Filter": 1}]},{"Node Type": "Index Scan","Parent Relationship": "Inner","Parallel Aware": false,"Async Capable": false,"Scan Direction": "Forward","Index Name": "orders_pkey","Relation Name": "orders","Alias": "orders","Startup Cost": 0.43,"Total Cost": 0.51,"Plan Rows": 1,"Plan Width": 4,"Actual Startup Time": 0.007,"Actual Total Time": 0.007,"Actual Rows": 0,"Actual Loops": 8678,"Index Cond": "(o_orderkey = l1.l_orderkey)","Rows Removed by Index Recheck": 0,"Filter": "(o_orderstatus = 'F'::bpchar)","Rows Removed by Filter": 1}]}]}]}]},"Planning Time": 8.374,"Triggers": [],"Execution Time": 528.458}]
[{"Plan": {"Node Type": "Sort","Parallel Aware": false,"Async Capable": false,"Startup Cost": 147378.80,"Total Cost": 147378.81,"Plan Rows": 1,"Plan Width": 34,"Actual Startup Time": 496.555,"Actual Total Time": 517.754,"Actual Rows": 397,"Actual Loops": 1,"Sort Key": ["(count(*)) DESC", "supplier.s_name"],"Sort Method": "quicksort","Sort Space Used": 56,"Sort Space Type": "Memory","Plans": [{"Node Type": "Aggregate","Strategy": "Sorted","Partial Mode": "Simple","Parent Relationship": "Outer","Parallel Aware": false,"Async Capable": false,"Startup Cost": 147378.77,"Total Cost": 147378.79,"Plan Rows": 1,"Plan Width": 34,"Actual Startup Time": 495.361,"Actual Total Time": 517.058,"Actual Rows": 397,"Actual Loops": 1,"Group Key": ["supplier.s_name"],"Plans": [{"Node Type": "Sort","Parent Relationship": "Outer","Parallel Aware": false,"Async Capable": false,"Startup Cost": 147378.77,"Total Cost": 147378.78,"Plan Rows": 1,"Plan Width": 26,"Actual Startup Time": 495.332,"Actual Total Time": 516.651,"Actual Rows": 3913,"Actual Loops": 1,"Sort Key": ["supplier.s_name"],"Sort Method": "quicksort","Sort Space Used": 372,"Sort Space Type": "Memory","Plans": [{"Node Type": "Nested Loop","Parent Relationship": "Outer","Parallel Aware": false,"Async Capable": false,"Join Type": "Inner","Startup Cost": 1250.87,"Total Cost": 147378.76,"Plan Rows": 1,"Plan Width": 26,"Actual Startup Time": 5.355,"Actual Total Time": 505.328,"Actual Rows": 3913,"Actual Loops": 1,"Inner Unique": true,"Plans": [{"Node Type": "Nested Loop","Parent Relationship": "Outer","Parallel Aware": false,"Async Capable": false,"Join Type": "Semi","Startup Cost": 1250.44,"Total Cost": 147378.26,"Plan Rows": 1,"Plan Width": 34,"Actual Startup Time": 4.468,"Actual Total Time": 441.221,"Actual Rows": 7976,"Actual Loops": 1,"Inner Unique": false,"Plans": [{"Node Type": "Gather","Parent Relationship": "Outer","Parallel Aware": false,"Async Capable": false,"Startup Cost": 1250.01,"Total Cost": 147377.22,"Plan Rows": 1,"Plan Width": 34,"Actual Startup Time": 4.454,"Actual Total Time": 332.117,"Actual Rows": 13419,"Actual Loops": 1,"Workers Planned": 4,"Workers Launched": 4,"Single Copy": false,"Plans": [{"Node Type": "Nested Loop","Parent Relationship": "Outer","Parallel Aware": false,"Async Capable": false,"Join Type": "Anti","Startup Cost": 250.01,"Total Cost": 146377.12,"Plan Rows": 1,"Plan Width": 34,"Actual Startup Time": 5.707,"Actual Total Time": 439.562,"Actual Rows": 2684,"Actual Loops": 5,"Inner Unique": false,"Workers": [],"Plans": [{"Node Type": "Hash Join","Parent Relationship": "Outer","Parallel Aware": false,"Async Capable": false,"Join Type": "Inner","Startup Cost": 249.58,"Total Cost": 133581.65,"Plan Rows": 19990,"Plan Width": 34,"Actual Startup Time": 5.222,"Actual Total Time": 351.394,"Actual Rows": 30171,"Actual Loops": 5,"Inner Unique": false,"Hash Cond": "(l1.l_suppkey = supplier.s_suppkey)","Workers": [],"Plans": [{"Node Type": "Seq Scan","Parent Relationship": "Outer","Parallel Aware": true,"Async Capable": false,"Relation Name": "lineitem","Alias": "l1","Startup Cost": 0.00,"Total Cost": 131256.80,"Plan Rows": 500101,"Plan Width": 8,"Actual Startup Time": 0.029,"Actual Total Time": 300.354,"Actual Rows": 758659,"Actual Loops": 5,"Filter": "(l_receiptdate > l_commitdate)","Rows Removed by Filter": 441584,"Workers": []},{"Node Type": "Hash","Parent Relationship": "Inner","Parallel Aware": false,"Async Capable": false,"Startup Cost": 244.58,"Total Cost": 244.58,"Plan Rows": 400,"Plan Width": 30,"Actual Startup Time": 4.859,"Actual Total Time": 4.869,"Actual Rows": 397,"Actual Loops": 5,"Hash Buckets": 1024,"Original Hash Buckets": 1024,"Hash Batches": 1,"Original Hash Batches": 1,"Peak Memory Usage": 33,"Workers": [],"Plans": [{"Node Type": "Nested Loop","Parent Relationship": "Outer","Parallel Aware": false,"Async Capable": false,"Join Type": "Inner","Startup Cost": 7.38,"Total Cost": 244.58,"Plan Rows": 400,"Plan Width": 30,"Actual Startup Time": 0.335,"Actual Total Time": 4.677,"Actual Rows": 397,"Actual Loops": 5,"Inner Unique": false,"Workers": [],"Plans": [{"Node Type": "Seq Scan","Parent Relationship": "Outer","Parallel Aware": false,"Async Capable": false,"Relation Name": "nation","Alias": "nation","Startup Cost": 0.00,"Total Cost": 1.31,"Plan Rows": 1,"Plan Width": 4,"Actual Startup Time": 0.076,"Actual Total Time": 0.084,"Actual Rows": 1,"Actual Loops": 5,"Filter": "(n_name = 'BRAZIL'::bpchar)","Rows Removed by Filter": 24,"Workers": []},{"Node Type": "Bitmap Heap Scan","Parent Relationship": "Inner","Parallel Aware": false,"Async Capable": false,"Relation Name": "supplier","Alias": "supplier","Startup Cost": 7.38,"Total Cost": 239.27,"Plan Rows": 400,"Plan Width": 34,"Actual Startup Time": 0.255,"Actual Total Time": 4.499,"Actual Rows": 397,"Actual Loops": 5,"Recheck Cond": "(s_nationkey = nation.n_nationkey)","Rows Removed by Index Recheck": 0,"Exact Heap Blocks": 187,"Lossy Heap Blocks": 0,"Workers": [],"Plans": [{"Node Type": "Bitmap Index Scan","Parent Relationship": "Outer","Parallel Aware": false,"Async Capable": false,"Index Name": "idx_supplier_nation_key","Startup Cost": 0.00,"Total Cost": 7.29,"Plan Rows": 400,"Plan Width": 0,"Actual Startup Time": 0.169,"Actual Total Time": 0.170,"Actual Rows": 397,"Actual Loops": 5,"Index Cond": "(s_nationkey = nation.n_nationkey)","Workers": []}]}]}]}]},{"Node Type": "Index Scan","Parent Relationship": "Inner","Parallel Aware": false,"Async Capable": false,"Scan Direction": "Forward","Index Name": "idx_lineitem_orderkey","Relation Name": "lineitem","Alias": "l3","Startup Cost": 0.43,"Total Cost": 1.06,"Plan Rows": 6,"Plan Width": 8,"Actual Startup Time": 0.003,"Actual Total Time": 0.003,"Actual Rows": 1,"Actual Loops": 150857,"Index Cond": "(l_orderkey = l1.l_orderkey)","Rows Removed by Index Recheck": 0,"Filter": "((l_receiptdate > l_commitdate) AND (l_suppkey <> l1.l_suppkey))","Rows Removed by Filter": 1,"Workers": []}]}]},{"Node Type": "Index Scan","Parent Relationship": "Inner","Parallel Aware": false,"Async Capable": false,"Scan Direction": "Forward","Index Name": "idx_lineitem_orderkey","Relation Name": "lineitem","Alias": "l2","Startup Cost": 0.43,"Total Cost": 1.02,"Plan Rows": 17,"Plan Width": 8,"Actual Startup Time": 0.008,"Actual Total Time": 0.008,"Actual Rows": 1,"Actual Loops": 13419,"Index Cond": "(l_orderkey = l1.l_orderkey)","Rows Removed by Index Recheck": 0,"Filter": "(l_suppkey <> l1.l_suppkey)","Rows Removed by Filter": 1}]},{"Node Type": "Index Scan","Parent Relationship": "Inner","Parallel Aware": false,"Async Capable": false,"Scan Direction": "Forward","Index Name": "orders_pkey","Relation Name": "orders","Alias": "orders","Startup Cost": 0.43,"Total Cost": 0.51,"Plan Rows": 1,"Plan Width": 4,"Actual Startup Time": 0.008,"Actual Total Time": 0.008,"Actual Rows": 0,"Actual Loops": 7976,"Index Cond": "(o_orderkey = l1.l_orderkey)","Rows Removed by Index Recheck": 0,"Filter": "(o_orderstatus = 'F'::bpchar)","Rows Removed by Filter": 1}]}]}]}]},"Planning Time": 8.213,"Triggers": [],"Execution Time": 518.316}]
[{"Plan": {"Node Type": "Sort","Parallel Aware": false,"Async Capable": false,"Startup Cost": 147378.80,"Total Cost": 147378.81,"Plan Rows": 1,"Plan Width": 34,"Actual Startup Time": 492.880,"Actual Total Time": 511.387,"Actual Rows": 377,"Actual Loops": 1,"Sort Key": ["(count(*)) DESC", "supplier.s_name"],"Sort Method": "quicksort","Sort Space Used": 54,"Sort Space Type": "Memory","Plans": [{"Node Type": "Aggregate","Strategy": "Sorted","Partial Mode": "Simple","Parent Relationship": "Outer","Parallel Aware": false,"Async Capable": false,"Startup Cost": 147378.77,"Total Cost": 147378.79,"Plan Rows": 1,"Plan Width": 34,"Actual Startup Time": 491.719,"Actual Total Time": 510.711,"Actual Rows": 377,"Actual Loops": 1,"Group Key": ["supplier.s_name"],"Plans": [{"Node Type": "Sort","Parent Relationship": "Outer","Parallel Aware": false,"Async Capable": false,"Startup Cost": 147378.77,"Total Cost": 147378.78,"Plan Rows": 1,"Plan Width": 26,"Actual Startup Time": 491.689,"Actual Total Time": 510.309,"Actual Rows": 3707,"Actual Loops": 1,"Sort Key": ["supplier.s_name"],"Sort Method": "quicksort","Sort Space Used": 357,"Sort Space Type": "Memory","Plans": [{"Node Type": "Nested Loop","Parent Relationship": "Outer","Parallel Aware": false,"Async Capable": false,"Join Type": "Inner","Startup Cost": 1250.87,"Total Cost": 147378.76,"Plan Rows": 1,"Plan Width": 26,"Actual Startup Time": 4.620,"Actual Total Time": 499.542,"Actual Rows": 3707,"Actual Loops": 1,"Inner Unique": true,"Plans": [{"Node Type": "Nested Loop","Parent Relationship": "Outer","Parallel Aware": false,"Async Capable": false,"Join Type": "Semi","Startup Cost": 1250.44,"Total Cost": 147378.26,"Plan Rows": 1,"Plan Width": 34,"Actual Startup Time": 4.581,"Actual Total Time": 437.361,"Actual Rows": 7590,"Actual Loops": 1,"Inner Unique": false,"Plans": [{"Node Type": "Gather","Parent Relationship": "Outer","Parallel Aware": false,"Async Capable": false,"Startup Cost": 1250.01,"Total Cost": 147377.22,"Plan Rows": 1,"Plan Width": 34,"Actual Startup Time": 4.430,"Actual Total Time": 334.305,"Actual Rows": 12724,"Actual Loops": 1,"Workers Planned": 4,"Workers Launched": 4,"Single Copy": false,"Plans": [{"Node Type": "Nested Loop","Parent Relationship": "Outer","Parallel Aware": false,"Async Capable": false,"Join Type": "Anti","Startup Cost": 250.01,"Total Cost": 146377.12,"Plan Rows": 1,"Plan Width": 34,"Actual Startup Time": 5.283,"Actual Total Time": 435.218,"Actual Rows": 2545,"Actual Loops": 5,"Inner Unique": false,"Workers": [],"Plans": [{"Node Type": "Hash Join","Parent Relationship": "Outer","Parallel Aware": false,"Async Capable": false,"Join Type": "Inner","Startup Cost": 249.58,"Total Cost": 133581.65,"Plan Rows": 19990,"Plan Width": 34,"Actual Startup Time": 4.967,"Actual Total Time": 350.606,"Actual Rows": 28669,"Actual Loops": 5,"Inner Unique": false,"Hash Cond": "(l1.l_suppkey = supplier.s_suppkey)","Workers": [],"Plans": [{"Node Type": "Seq Scan","Parent Relationship": "Outer","Parallel Aware": true,"Async Capable": false,"Relation Name": "lineitem","Alias": "l1","Startup Cost": 0.00,"Total Cost": 131256.80,"Plan Rows": 500101,"Plan Width": 8,"Actual Startup Time": 0.028,"Actual Total Time": 300.375,"Actual Rows": 758659,"Actual Loops": 5,"Filter": "(l_receiptdate > l_commitdate)","Rows Removed by Filter": 441584,"Workers": []},{"Node Type": "Hash","Parent Relationship": "Inner","Parallel Aware": false,"Async Capable": false,"Startup Cost": 244.58,"Total Cost": 244.58,"Plan Rows": 400,"Plan Width": 30,"Actual Startup Time": 4.611,"Actual Total Time": 4.626,"Actual Rows": 377,"Actual Loops": 5,"Hash Buckets": 1024,"Original Hash Buckets": 1024,"Hash Batches": 1,"Original Hash Batches": 1,"Peak Memory Usage": 32,"Workers": [],"Plans": [{"Node Type": "Nested Loop","Parent Relationship": "Outer","Parallel Aware": false,"Async Capable": false,"Join Type": "Inner","Startup Cost": 7.38,"Total Cost": 244.58,"Plan Rows": 400,"Plan Width": 30,"Actual Startup Time": 0.296,"Actual Total Time": 4.444,"Actual Rows": 377,"Actual Loops": 5,"Inner Unique": false,"Workers": [],"Plans": [{"Node Type": "Seq Scan","Parent Relationship": "Outer","Parallel Aware": false,"Async Capable": false,"Relation Name": "nation","Alias": "nation","Startup Cost": 0.00,"Total Cost": 1.31,"Plan Rows": 1,"Plan Width": 4,"Actual Startup Time": 0.056,"Actual Total Time": 0.065,"Actual Rows": 1,"Actual Loops": 5,"Filter": "(n_name = 'JAPAN'::bpchar)","Rows Removed by Filter": 24,"Workers": []},{"Node Type": "Bitmap Heap Scan","Parent Relationship": "Inner","Parallel Aware": false,"Async Capable": false,"Relation Name": "supplier","Alias": "supplier","Startup Cost": 7.38,"Total Cost": 239.27,"Plan Rows": 400,"Plan Width": 34,"Actual Startup Time": 0.234,"Actual Total Time": 4.286,"Actual Rows": 377,"Actual Loops": 5,"Recheck Cond": "(s_nationkey = nation.n_nationkey)","Rows Removed by Index Recheck": 0,"Exact Heap Blocks": 180,"Lossy Heap Blocks": 0,"Workers": [],"Plans": [{"Node Type": "Bitmap Index Scan","Parent Relationship": "Outer","Parallel Aware": false,"Async Capable": false,"Index Name": "idx_supplier_nation_key","Startup Cost": 0.00,"Total Cost": 7.29,"Plan Rows": 400,"Plan Width": 0,"Actual Startup Time": 0.148,"Actual Total Time": 0.149,"Actual Rows": 377,"Actual Loops": 5,"Index Cond": "(s_nationkey = nation.n_nationkey)","Workers": []}]}]}]}]},{"Node Type": "Index Scan","Parent Relationship": "Inner","Parallel Aware": false,"Async Capable": false,"Scan Direction": "Forward","Index Name": "idx_lineitem_orderkey","Relation Name": "lineitem","Alias": "l3","Startup Cost": 0.43,"Total Cost": 1.06,"Plan Rows": 6,"Plan Width": 8,"Actual Startup Time": 0.003,"Actual Total Time": 0.003,"Actual Rows": 1,"Actual Loops": 143344,"Index Cond": "(l_orderkey = l1.l_orderkey)","Rows Removed by Index Recheck": 0,"Filter": "((l_receiptdate > l_commitdate) AND (l_suppkey <> l1.l_suppkey))","Rows Removed by Filter": 1,"Workers": []}]}]},{"Node Type": "Index Scan","Parent Relationship": "Inner","Parallel Aware": false,"Async Capable": false,"Scan Direction": "Forward","Index Name": "idx_lineitem_orderkey","Relation Name": "lineitem","Alias": "l2","Startup Cost": 0.43,"Total Cost": 1.02,"Plan Rows": 17,"Plan Width": 8,"Actual Startup Time": 0.008,"Actual Total Time": 0.008,"Actual Rows": 1,"Actual Loops": 12724,"Index Cond": "(l_orderkey = l1.l_orderkey)","Rows Removed by Index Recheck": 0,"Filter": "(l_suppkey <> l1.l_suppkey)","Rows Removed by Filter": 1}]},{"Node Type": "Index Scan","Parent Relationship": "Inner","Parallel Aware": false,"Async Capable": false,"Scan Direction": "Forward","Index Name": "orders_pkey","Relation Name": "orders","Alias": "orders","Startup Cost": 0.43,"Total Cost": 0.51,"Plan Rows": 1,"Plan Width": 4,"Actual Startup Time": 0.008,"Actual Total Time": 0.008,"Actual Rows": 0,"Actual Loops": 7590,"Index Cond": "(o_orderkey = l1.l_orderkey)","Rows Removed by Index Recheck": 0,"Filter": "(o_orderstatus = 'F'::bpchar)","Rows Removed by Filter": 1}]}]}]}]},"Planning Time": 9.583,"Triggers": [],"Execution Time": 511.800}]
[{"Plan": {"Node Type": "Sort","Parallel Aware": false,"Async Capable": false,"Startup Cost": 147378.80,"Total Cost": 147378.81,"Plan Rows": 1,"Plan Width": 34,"Actual Startup Time": 511.931,"Actual Total Time": 527.174,"Actual Rows": 415,"Actual Loops": 1,"Sort Key": ["(count(*)) DESC", "supplier.s_name"],"Sort Method": "quicksort","Sort Space Used": 57,"Sort Space Type": "Memory","Plans": [{"Node Type": "Aggregate","Strategy": "Sorted","Partial Mode": "Simple","Parent Relationship": "Outer","Parallel Aware": false,"Async Capable": false,"Startup Cost": 147378.77,"Total Cost": 147378.79,"Plan Rows": 1,"Plan Width": 34,"Actual Startup Time": 510.675,"Actual Total Time": 526.442,"Actual Rows": 415,"Actual Loops": 1,"Group Key": ["supplier.s_name"],"Plans": [{"Node Type": "Sort","Parent Relationship": "Outer","Parallel Aware": false,"Async Capable": false,"Startup Cost": 147378.77,"Total Cost": 147378.78,"Plan Rows": 1,"Plan Width": 26,"Actual Startup Time": 510.644,"Actual Total Time": 526.012,"Actual Rows": 4112,"Actual Loops": 1,"Sort Key": ["supplier.s_name"],"Sort Method": "quicksort","Sort Space Used": 482,"Sort Space Type": "Memory","Plans": [{"Node Type": "Nested Loop","Parent Relationship": "Outer","Parallel Aware": false,"Async Capable": false,"Join Type": "Inner","Startup Cost": 1250.87,"Total Cost": 147378.76,"Plan Rows": 1,"Plan Width": 26,"Actual Startup Time": 4.482,"Actual Total Time": 514.049,"Actual Rows": 4112,"Actual Loops": 1,"Inner Unique": true,"Plans": [{"Node Type": "Nested Loop","Parent Relationship": "Outer","Parallel Aware": false,"Async Capable": false,"Join Type": "Semi","Startup Cost": 1250.44,"Total Cost": 147378.26,"Plan Rows": 1,"Plan Width": 34,"Actual Startup Time": 4.433,"Actual Total Time": 447.118,"Actual Rows": 8423,"Actual Loops": 1,"Inner Unique": false,"Plans": [{"Node Type": "Gather","Parent Relationship": "Outer","Parallel Aware": false,"Async Capable": false,"Startup Cost": 1250.01,"Total Cost": 147377.22,"Plan Rows": 1,"Plan Width": 34,"Actual Startup Time": 4.417,"Actual Total Time": 335.444,"Actual Rows": 14099,"Actual Loops": 1,"Workers Planned": 4,"Workers Launched": 4,"Single Copy": false,"Plans": [{"Node Type": "Nested Loop","Parent Relationship": "Outer","Parallel Aware": false,"Async Capable": false,"Join Type": "Anti","Startup Cost": 250.01,"Total Cost": 146377.12,"Plan Rows": 1,"Plan Width": 34,"Actual Startup Time": 5.494,"Actual Total Time": 449.293,"Actual Rows": 2820,"Actual Loops": 5,"Inner Unique": false,"Workers": [],"Plans": [{"Node Type": "Hash Join","Parent Relationship": "Outer","Parallel Aware": false,"Async Capable": false,"Join Type": "Inner","Startup Cost": 249.58,"Total Cost": 133581.65,"Plan Rows": 19990,"Plan Width": 34,"Actual Startup Time": 5.114,"Actual Total Time": 356.460,"Actual Rows": 31599,"Actual Loops": 5,"Inner Unique": false,"Hash Cond": "(l1.l_suppkey = supplier.s_suppkey)","Workers": [],"Plans": [{"Node Type": "Seq Scan","Parent Relationship": "Outer","Parallel Aware": true,"Async Capable": false,"Relation Name": "lineitem","Alias": "l1","Startup Cost": 0.00,"Total Cost": 131256.80,"Plan Rows": 500101,"Plan Width": 8,"Actual Startup Time": 0.028,"Actual Total Time": 305.044,"Actual Rows": 758659,"Actual Loops": 5,"Filter": "(l_receiptdate > l_commitdate)","Rows Removed by Filter": 441584,"Workers": []},{"Node Type": "Hash","Parent Relationship": "Inner","Parallel Aware": false,"Async Capable": false,"Startup Cost": 244.58,"Total Cost": 244.58,"Plan Rows": 400,"Plan Width": 30,"Actual Startup Time": 4.772,"Actual Total Time": 4.789,"Actual Rows": 415,"Actual Loops": 5,"Hash Buckets": 1024,"Original Hash Buckets": 1024,"Hash Batches": 1,"Original Hash Batches": 1,"Peak Memory Usage": 34,"Workers": [],"Plans": [{"Node Type": "Nested Loop","Parent Relationship": "Outer","Parallel Aware": false,"Async Capable": false,"Join Type": "Inner","Startup Cost": 7.38,"Total Cost": 244.58,"Plan Rows": 400,"Plan Width": 30,"Actual Startup Time": 0.307,"Actual Total Time": 4.608,"Actual Rows": 415,"Actual Loops": 5,"Inner Unique": false,"Workers": [],"Plans": [{"Node Type": "Seq Scan","Parent Relationship": "Outer","Parallel Aware": false,"Async Capable": false,"Relation Name": "nation","Alias": "nation","Startup Cost": 0.00,"Total Cost": 1.31,"Plan Rows": 1,"Plan Width": 4,"Actual Startup Time": 0.059,"Actual Total Time": 0.064,"Actual Rows": 1,"Actual Loops": 5,"Filter": "(n_name = 'EGYPT'::bpchar)","Rows Removed by Filter": 24,"Workers": []},{"Node Type": "Bitmap Heap Scan","Parent Relationship": "Inner","Parallel Aware": false,"Async Capable": false,"Relation Name": "supplier","Alias": "supplier","Startup Cost": 7.38,"Total Cost": 239.27,"Plan Rows": 400,"Plan Width": 34,"Actual Startup Time": 0.244,"Actual Total Time": 4.451,"Actual Rows": 415,"Actual Loops": 5,"Recheck Cond": "(s_nationkey = nation.n_nationkey)","Rows Removed by Index Recheck": 0,"Exact Heap Blocks": 183,"Lossy Heap Blocks": 0,"Workers": [],"Plans": [{"Node Type": "Bitmap Index Scan","Parent Relationship": "Outer","Parallel Aware": false,"Async Capable": false,"Index Name": "idx_supplier_nation_key","Startup Cost": 0.00,"Total Cost": 7.29,"Plan Rows": 400,"Plan Width": 0,"Actual Startup Time": 0.159,"Actual Total Time": 0.162,"Actual Rows": 415,"Actual Loops": 5,"Index Cond": "(s_nationkey = nation.n_nationkey)","Workers": []}]}]}]}]},{"Node Type": "Index Scan","Parent Relationship": "Inner","Parallel Aware": false,"Async Capable": false,"Scan Direction": "Forward","Index Name": "idx_lineitem_orderkey","Relation Name": "lineitem","Alias": "l3","Startup Cost": 0.43,"Total Cost": 1.06,"Plan Rows": 6,"Plan Width": 8,"Actual Startup Time": 0.003,"Actual Total Time": 0.003,"Actual Rows": 1,"Actual Loops": 157994,"Index Cond": "(l_orderkey = l1.l_orderkey)","Rows Removed by Index Recheck": 0,"Filter": "((l_receiptdate > l_commitdate) AND (l_suppkey <> l1.l_suppkey))","Rows Removed by Filter": 1,"Workers": []}]}]},{"Node Type": "Index Scan","Parent Relationship": "Inner","Parallel Aware": false,"Async Capable": false,"Scan Direction": "Forward","Index Name": "idx_lineitem_orderkey","Relation Name": "lineitem","Alias": "l2","Startup Cost": 0.43,"Total Cost": 1.02,"Plan Rows": 17,"Plan Width": 8,"Actual Startup Time": 0.007,"Actual Total Time": 0.007,"Actual Rows": 1,"Actual Loops": 14099,"Index Cond": "(l_orderkey = l1.l_orderkey)","Rows Removed by Index Recheck": 0,"Filter": "(l_suppkey <> l1.l_suppkey)","Rows Removed by Filter": 1}]},{"Node Type": "Index Scan","Parent Relationship": "Inner","Parallel Aware": false,"Async Capable": false,"Scan Direction": "Forward","Index Name": "orders_pkey","Relation Name": "orders","Alias": "orders","Startup Cost": 0.43,"Total Cost": 0.51,"Plan Rows": 1,"Plan Width": 4,"Actual Startup Time": 0.008,"Actual Total Time": 0.008,"Actual Rows": 0,"Actual Loops": 8423,"Index Cond": "(o_orderkey = l1.l_orderkey)","Rows Removed by Index Recheck": 0,"Filter": "(o_orderstatus = 'F'::bpchar)","Rows Removed by Filter": 1}]}]}]}]},"Planning Time": 8.195,"Triggers": [],"Execution Time": 527.804}]
[{"Plan": {"Node Type": "Sort","Parallel Aware": false,"Async Capable": false,"Startup Cost": 147378.80,"Total Cost": 147378.81,"Plan Rows": 1,"Plan Width": 34,"Actual Startup Time": 499.004,"Actual Total Time": 520.055,"Actual Rows": 399,"Actual Loops": 1,"Sort Key": ["(count(*)) DESC", "supplier.s_name"],"Sort Method": "quicksort","Sort Space Used": 56,"Sort Space Type": "Memory","Plans": [{"Node Type": "Aggregate","Strategy": "Sorted","Partial Mode": "Simple","Parent Relationship": "Outer","Parallel Aware": false,"Async Capable": false,"Startup Cost": 147378.77,"Total Cost": 147378.79,"Plan Rows": 1,"Plan Width": 34,"Actual Startup Time": 497.768,"Actual Total Time": 519.326,"Actual Rows": 399,"Actual Loops": 1,"Group Key": ["supplier.s_name"],"Plans": [{"Node Type": "Sort","Parent Relationship": "Outer","Parallel Aware": false,"Async Capable": false,"Startup Cost": 147378.77,"Total Cost": 147378.78,"Plan Rows": 1,"Plan Width": 26,"Actual Startup Time": 497.754,"Actual Total Time": 518.925,"Actual Rows": 3901,"Actual Loops": 1,"Sort Key": ["supplier.s_name"],"Sort Method": "quicksort","Sort Space Used": 371,"Sort Space Type": "Memory","Plans": [{"Node Type": "Nested Loop","Parent Relationship": "Outer","Parallel Aware": false,"Async Capable": false,"Join Type": "Inner","Startup Cost": 1250.87,"Total Cost": 147378.76,"Plan Rows": 1,"Plan Width": 26,"Actual Startup Time": 5.425,"Actual Total Time": 507.475,"Actual Rows": 3901,"Actual Loops": 1,"Inner Unique": true,"Plans": [{"Node Type": "Nested Loop","Parent Relationship": "Outer","Parallel Aware": false,"Async Capable": false,"Join Type": "Semi","Startup Cost": 1250.44,"Total Cost": 147378.26,"Plan Rows": 1,"Plan Width": 34,"Actual Startup Time": 5.049,"Actual Total Time": 443.858,"Actual Rows": 7909,"Actual Loops": 1,"Inner Unique": false,"Plans": [{"Node Type": "Gather","Parent Relationship": "Outer","Parallel Aware": false,"Async Capable": false,"Startup Cost": 1250.01,"Total Cost": 147377.22,"Plan Rows": 1,"Plan Width": 34,"Actual Startup Time": 4.716,"Actual Total Time": 337.054,"Actual Rows": 13313,"Actual Loops": 1,"Workers Planned": 4,"Workers Launched": 4,"Single Copy": false,"Plans": [{"Node Type": "Nested Loop","Parent Relationship": "Outer","Parallel Aware": false,"Async Capable": false,"Join Type": "Anti","Startup Cost": 250.01,"Total Cost": 146377.12,"Plan Rows": 1,"Plan Width": 34,"Actual Startup Time": 4.762,"Actual Total Time": 442.169,"Actual Rows": 2663,"Actual Loops": 5,"Inner Unique": false,"Workers": [],"Plans": [{"Node Type": "Hash Join","Parent Relationship": "Outer","Parallel Aware": false,"Async Capable": false,"Join Type": "Inner","Startup Cost": 249.58,"Total Cost": 133581.65,"Plan Rows": 19990,"Plan Width": 34,"Actual Startup Time": 4.517,"Actual Total Time": 353.941,"Actual Rows": 30247,"Actual Loops": 5,"Inner Unique": false,"Hash Cond": "(l1.l_suppkey = supplier.s_suppkey)","Workers": [],"Plans": [{"Node Type": "Seq Scan","Parent Relationship": "Outer","Parallel Aware": true,"Async Capable": false,"Relation Name": "lineitem","Alias": "l1","Startup Cost": 0.00,"Total Cost": 131256.80,"Plan Rows": 500101,"Plan Width": 8,"Actual Startup Time": 0.021,"Actual Total Time": 302.084,"Actual Rows": 758659,"Actual Loops": 5,"Filter": "(l_receiptdate > l_commitdate)","Rows Removed by Filter": 441584,"Workers": []},{"Node Type": "Hash","Parent Relationship": "Inner","Parallel Aware": false,"Async Capable": false,"Startup Cost": 244.58,"Total Cost": 244.58,"Plan Rows": 400,"Plan Width": 30,"Actual Startup Time": 4.286,"Actual Total Time": 4.296,"Actual Rows": 399,"Actual Loops": 5,"Hash Buckets": 1024,"Original Hash Buckets": 1024,"Hash Batches": 1,"Original Hash Batches": 1,"Peak Memory Usage": 33,"Workers": [],"Plans": [{"Node Type": "Nested Loop","Parent Relationship": "Outer","Parallel Aware": false,"Async Capable": false,"Join Type": "Inner","Startup Cost": 7.38,"Total Cost": 244.58,"Plan Rows": 400,"Plan Width": 30,"Actual Startup Time": 0.243,"Actual Total Time": 4.128,"Actual Rows": 399,"Actual Loops": 5,"Inner Unique": false,"Workers": [],"Plans": [{"Node Type": "Seq Scan","Parent Relationship": "Outer","Parallel Aware": false,"Async Capable": false,"Relation Name": "nation","Alias": "nation","Startup Cost": 0.00,"Total Cost": 1.31,"Plan Rows": 1,"Plan Width": 4,"Actual Startup Time": 0.049,"Actual Total Time": 0.051,"Actual Rows": 1,"Actual Loops": 5,"Filter": "(n_name = 'VIETNAM'::bpchar)","Rows Removed by Filter": 24,"Workers": []},{"Node Type": "Bitmap Heap Scan","Parent Relationship": "Inner","Parallel Aware": false,"Async Capable": false,"Relation Name": "supplier","Alias": "supplier","Startup Cost": 7.38,"Total Cost": 239.27,"Plan Rows": 400,"Plan Width": 34,"Actual Startup Time": 0.189,"Actual Total Time": 4.007,"Actual Rows": 399,"Actual Loops": 5,"Recheck Cond": "(s_nationkey = nation.n_nationkey)","Rows Removed by Index Recheck": 0,"Exact Heap Blocks": 191,"Lossy Heap Blocks": 0,"Workers": [],"Plans": [{"Node Type": "Bitmap Index Scan","Parent Relationship": "Outer","Parallel Aware": false,"Async Capable": false,"Index Name": "idx_supplier_nation_key","Startup Cost": 0.00,"Total Cost": 7.29,"Plan Rows": 400,"Plan Width": 0,"Actual Startup Time": 0.123,"Actual Total Time": 0.125,"Actual Rows": 399,"Actual Loops": 5,"Index Cond": "(s_nationkey = nation.n_nationkey)","Workers": []}]}]}]}]},{"Node Type": "Index Scan","Parent Relationship": "Inner","Parallel Aware": false,"Async Capable": false,"Scan Direction": "Forward","Index Name": "idx_lineitem_orderkey","Relation Name": "lineitem","Alias": "l3","Startup Cost": 0.43,"Total Cost": 1.06,"Plan Rows": 6,"Plan Width": 8,"Actual Startup Time": 0.003,"Actual Total Time": 0.003,"Actual Rows": 1,"Actual Loops": 151237,"Index Cond": "(l_orderkey = l1.l_orderkey)","Rows Removed by Index Recheck": 0,"Filter": "((l_receiptdate > l_commitdate) AND (l_suppkey <> l1.l_suppkey))","Rows Removed by Filter": 1,"Workers": []}]}]},{"Node Type": "Index Scan","Parent Relationship": "Inner","Parallel Aware": false,"Async Capable": false,"Scan Direction": "Forward","Index Name": "idx_lineitem_orderkey","Relation Name": "lineitem","Alias": "l2","Startup Cost": 0.43,"Total Cost": 1.02,"Plan Rows": 17,"Plan Width": 8,"Actual Startup Time": 0.008,"Actual Total Time": 0.008,"Actual Rows": 1,"Actual Loops": 13313,"Index Cond": "(l_orderkey = l1.l_orderkey)","Rows Removed by Index Recheck": 0,"Filter": "(l_suppkey <> l1.l_suppkey)","Rows Removed by Filter": 1}]},{"Node Type": "Index Scan","Parent Relationship": "Inner","Parallel Aware": false,"Async Capable": false,"Scan Direction": "Forward","Index Name": "orders_pkey","Relation Name": "orders","Alias": "orders","Startup Cost": 0.43,"Total Cost": 0.51,"Plan Rows": 1,"Plan Width": 4,"Actual Startup Time": 0.008,"Actual Total Time": 0.008,"Actual Rows": 0,"Actual Loops": 7909,"Index Cond": "(o_orderkey = l1.l_orderkey)","Rows Removed by Index Recheck": 0,"Filter": "(o_orderstatus = 'F'::bpchar)","Rows Removed by Filter": 1}]}]}]}]},"Planning Time": 9.630,"Triggers": [],"Execution Time": 520.585}]
[{"Plan": {"Node Type": "Sort","Parallel Aware": false,"Async Capable": false,"Startup Cost": 147378.80,"Total Cost": 147378.81,"Plan Rows": 1,"Plan Width": 34,"Actual Startup Time": 507.691,"Actual Total Time": 527.119,"Actual Rows": 411,"Actual Loops": 1,"Sort Key": ["(count(*)) DESC", "supplier.s_name"],"Sort Method": "quicksort","Sort Space Used": 57,"Sort Space Type": "Memory","Plans": [{"Node Type": "Aggregate","Strategy": "Sorted","Partial Mode": "Simple","Parent Relationship": "Outer","Parallel Aware": false,"Async Capable": false,"Startup Cost": 147378.77,"Total Cost": 147378.79,"Plan Rows": 1,"Plan Width": 34,"Actual Startup Time": 506.441,"Actual Total Time": 526.395,"Actual Rows": 411,"Actual Loops": 1,"Group Key": ["supplier.s_name"],"Plans": [{"Node Type": "Sort","Parent Relationship": "Outer","Parallel Aware": false,"Async Capable": false,"Startup Cost": 147378.77,"Total Cost": 147378.78,"Plan Rows": 1,"Plan Width": 26,"Actual Startup Time": 506.413,"Actual Total Time": 525.969,"Actual Rows": 4141,"Actual Loops": 1,"Sort Key": ["supplier.s_name"],"Sort Method": "quicksort","Sort Space Used": 484,"Sort Space Type": "Memory","Plans": [{"Node Type": "Nested Loop","Parent Relationship": "Outer","Parallel Aware": false,"Async Capable": false,"Join Type": "Inner","Startup Cost": 1250.87,"Total Cost": 147378.76,"Plan Rows": 1,"Plan Width": 26,"Actual Startup Time": 4.973,"Actual Total Time": 514.878,"Actual Rows": 4141,"Actual Loops": 1,"Inner Unique": true,"Plans": [{"Node Type": "Nested Loop","Parent Relationship": "Outer","Parallel Aware": false,"Async Capable": false,"Join Type": "Semi","Startup Cost": 1250.44,"Total Cost": 147378.26,"Plan Rows": 1,"Plan Width": 34,"Actual Startup Time": 4.329,"Actual Total Time": 453.804,"Actual Rows": 8357,"Actual Loops": 1,"Inner Unique": false,"Plans": [{"Node Type": "Gather","Parent Relationship": "Outer","Parallel Aware": false,"Async Capable": false,"Startup Cost": 1250.01,"Total Cost": 147377.22,"Plan Rows": 1,"Plan Width": 34,"Actual Startup Time": 4.312,"Actual Total Time": 350.336,"Actual Rows": 13859,"Actual Loops": 1,"Workers Planned": 4,"Workers Launched": 4,"Single Copy": false,"Plans": [{"Node Type": "Nested Loop","Parent Relationship": "Outer","Parallel Aware": false,"Async Capable": false,"Join Type": "Anti","Startup Cost": 250.01,"Total Cost": 146377.12,"Plan Rows": 1,"Plan Width": 34,"Actual Startup Time": 4.818,"Actual Total Time": 450.256,"Actual Rows": 2772,"Actual Loops": 5,"Inner Unique": false,"Workers": [],"Plans": [{"Node Type": "Hash Join","Parent Relationship": "Outer","Parallel Aware": false,"Async Capable": false,"Join Type": "Inner","Startup Cost": 249.58,"Total Cost": 133581.65,"Plan Rows": 19990,"Plan Width": 34,"Actual Startup Time": 4.474,"Actual Total Time": 357.672,"Actual Rows": 31348,"Actual Loops": 5,"Inner Unique": false,"Hash Cond": "(l1.l_suppkey = supplier.s_suppkey)","Workers": [],"Plans": [{"Node Type": "Seq Scan","Parent Relationship": "Outer","Parallel Aware": true,"Async Capable": false,"Relation Name": "lineitem","Alias": "l1","Startup Cost": 0.00,"Total Cost": 131256.80,"Plan Rows": 500101,"Plan Width": 8,"Actual Startup Time": 0.028,"Actual Total Time": 306.873,"Actual Rows": 758659,"Actual Loops": 5,"Filter": "(l_receiptdate > l_commitdate)","Rows Removed by Filter": 441584,"Workers": []},{"Node Type": "Hash","Parent Relationship": "Inner","Parallel Aware": false,"Async Capable": false,"Startup Cost": 244.58,"Total Cost": 244.58,"Plan Rows": 400,"Plan Width": 30,"Actual Startup Time": 4.175,"Actual Total Time": 4.188,"Actual Rows": 411,"Actual Loops": 5,"Hash Buckets": 1024,"Original Hash Buckets": 1024,"Hash Batches": 1,"Original Hash Batches": 1,"Peak Memory Usage": 34,"Workers": [],"Plans": [{"Node Type": "Nested Loop","Parent Relationship": "Outer","Parallel Aware": false,"Async Capable": false,"Join Type": "Inner","Startup Cost": 7.38,"Total Cost": 244.58,"Plan Rows": 400,"Plan Width": 30,"Actual Startup Time": 0.256,"Actual Total Time": 4.027,"Actual Rows": 411,"Actual Loops": 5,"Inner Unique": false,"Workers": [],"Plans": [{"Node Type": "Seq Scan","Parent Relationship": "Outer","Parallel Aware": false,"Async Capable": false,"Relation Name": "nation","Alias": "nation","Startup Cost": 0.00,"Total Cost": 1.31,"Plan Rows": 1,"Plan Width": 4,"Actual Startup Time": 0.047,"Actual Total Time": 0.051,"Actual Rows": 1,"Actual Loops": 5,"Filter": "(n_name = 'SAUDI ARABIA'::bpchar)","Rows Removed by Filter": 24,"Workers": []},{"Node Type": "Bitmap Heap Scan","Parent Relationship": "Inner","Parallel Aware": false,"Async Capable": false,"Relation Name": "supplier","Alias": "supplier","Startup Cost": 7.38,"Total Cost": 239.27,"Plan Rows": 400,"Plan Width": 34,"Actual Startup Time": 0.204,"Actual Total Time": 3.890,"Actual Rows": 411,"Actual Loops": 5,"Recheck Cond": "(s_nationkey = nation.n_nationkey)","Rows Removed by Index Recheck": 0,"Exact Heap Blocks": 182,"Lossy Heap Blocks": 0,"Workers": [],"Plans": [{"Node Type": "Bitmap Index Scan","Parent Relationship": "Outer","Parallel Aware": false,"Async Capable": false,"Index Name": "idx_supplier_nation_key","Startup Cost": 0.00,"Total Cost": 7.29,"Plan Rows": 400,"Plan Width": 0,"Actual Startup Time": 0.143,"Actual Total Time": 0.145,"Actual Rows": 411,"Actual Loops": 5,"Index Cond": "(s_nationkey = nation.n_nationkey)","Workers": []}]}]}]}]},{"Node Type": "Index Scan","Parent Relationship": "Inner","Parallel Aware": false,"Async Capable": false,"Scan Direction": "Forward","Index Name": "idx_lineitem_orderkey","Relation Name": "lineitem","Alias": "l3","Startup Cost": 0.43,"Total Cost": 1.06,"Plan Rows": 6,"Plan Width": 8,"Actual Startup Time": 0.003,"Actual Total Time": 0.003,"Actual Rows": 1,"Actual Loops": 156739,"Index Cond": "(l_orderkey = l1.l_orderkey)","Rows Removed by Index Recheck": 0,"Filter": "((l_receiptdate > l_commitdate) AND (l_suppkey <> l1.l_suppkey))","Rows Removed by Filter": 1,"Workers": []}]}]},{"Node Type": "Index Scan","Parent Relationship": "Inner","Parallel Aware": false,"Async Capable": false,"Scan Direction": "Forward","Index Name": "idx_lineitem_orderkey","Relation Name": "lineitem","Alias": "l2","Startup Cost": 0.43,"Total Cost": 1.02,"Plan Rows": 17,"Plan Width": 8,"Actual Startup Time": 0.007,"Actual Total Time": 0.007,"Actual Rows": 1,"Actual Loops": 13859,"Index Cond": "(l_orderkey = l1.l_orderkey)","Rows Removed by Index Recheck": 0,"Filter": "(l_suppkey <> l1.l_suppkey)","Rows Removed by Filter": 1}]},{"Node Type": "Index Scan","Parent Relationship": "Inner","Parallel Aware": false,"Async Capable": false,"Scan Direction": "Forward","Index Name": "orders_pkey","Relation Name": "orders","Alias": "orders","Startup Cost": 0.43,"Total Cost": 0.51,"Plan Rows": 1,"Plan Width": 4,"Actual Startup Time": 0.007,"Actual Total Time": 0.007,"Actual Rows": 0,"Actual Loops": 8357,"Index Cond": "(o_orderkey = l1.l_orderkey)","Rows Removed by Index Recheck": 0,"Filter": "(o_orderstatus = 'F'::bpchar)","Rows Removed by Filter": 1}]}]}]}]},"Planning Time": 9.483,"Triggers": [],"Execution Time": 527.804}]
[{"Plan": {"Node Type": "Sort","Parallel Aware": false,"Async Capable": false,"Startup Cost": 147378.80,"Total Cost": 147378.81,"Plan Rows": 1,"Plan Width": 34,"Actual Startup Time": 504.070,"Actual Total Time": 522.796,"Actual Rows": 405,"Actual Loops": 1,"Sort Key": ["(count(*)) DESC", "supplier.s_name"],"Sort Method": "quicksort","Sort Space Used": 56,"Sort Space Type": "Memory","Plans": [{"Node Type": "Aggregate","Strategy": "Sorted","Partial Mode": "Simple","Parent Relationship": "Outer","Parallel Aware": false,"Async Capable": false,"Startup Cost": 147378.77,"Total Cost": 147378.79,"Plan Rows": 1,"Plan Width": 34,"Actual Startup Time": 502.850,"Actual Total Time": 522.098,"Actual Rows": 405,"Actual Loops": 1,"Group Key": ["supplier.s_name"],"Plans": [{"Node Type": "Sort","Parent Relationship": "Outer","Parallel Aware": false,"Async Capable": false,"Startup Cost": 147378.77,"Total Cost": 147378.78,"Plan Rows": 1,"Plan Width": 26,"Actual Startup Time": 502.828,"Actual Total Time": 521.678,"Actual Rows": 4028,"Actual Loops": 1,"Sort Key": ["supplier.s_name"],"Sort Method": "quicksort","Sort Space Used": 380,"Sort Space Type": "Memory","Plans": [{"Node Type": "Nested Loop","Parent Relationship": "Outer","Parallel Aware": false,"Async Capable": false,"Join Type": "Inner","Startup Cost": 1250.87,"Total Cost": 147378.76,"Plan Rows": 1,"Plan Width": 26,"Actual Startup Time": 4.998,"Actual Total Time": 510.942,"Actual Rows": 4028,"Actual Loops": 1,"Inner Unique": true,"Plans": [{"Node Type": "Nested Loop","Parent Relationship": "Outer","Parallel Aware": false,"Async Capable": false,"Join Type": "Semi","Startup Cost": 1250.44,"Total Cost": 147378.26,"Plan Rows": 1,"Plan Width": 34,"Actual Startup Time": 4.975,"Actual Total Time": 450.040,"Actual Rows": 8320,"Actual Loops": 1,"Inner Unique": false,"Plans": [{"Node Type": "Gather","Parent Relationship": "Outer","Parallel Aware": false,"Async Capable": false,"Startup Cost": 1250.01,"Total Cost": 147377.22,"Plan Rows": 1,"Plan Width": 34,"Actual Startup Time": 4.836,"Actual Total Time": 345.420,"Actual Rows": 13965,"Actual Loops": 1,"Workers Planned": 4,"Workers Launched": 4,"Single Copy": false,"Plans": [{"Node Type": "Nested Loop","Parent Relationship": "Outer","Parallel Aware": false,"Async Capable": false,"Join Type": "Anti","Startup Cost": 250.01,"Total Cost": 146377.12,"Plan Rows": 1,"Plan Width": 34,"Actual Startup Time": 4.706,"Actual Total Time": 445.819,"Actual Rows": 2793,"Actual Loops": 5,"Inner Unique": false,"Workers": [],"Plans": [{"Node Type": "Hash Join","Parent Relationship": "Outer","Parallel Aware": false,"Async Capable": false,"Join Type": "Inner","Startup Cost": 249.58,"Total Cost": 133581.65,"Plan Rows": 19990,"Plan Width": 34,"Actual Startup Time": 4.328,"Actual Total Time": 354.989,"Actual Rows": 30731,"Actual Loops": 5,"Inner Unique": false,"Hash Cond": "(l1.l_suppkey = supplier.s_suppkey)","Workers": [],"Plans": [{"Node Type": "Seq Scan","Parent Relationship": "Outer","Parallel Aware": true,"Async Capable": false,"Relation Name": "lineitem","Alias": "l1","Startup Cost": 0.00,"Total Cost": 131256.80,"Plan Rows": 500101,"Plan Width": 8,"Actual Startup Time": 0.030,"Actual Total Time": 303.427,"Actual Rows": 758659,"Actual Loops": 5,"Filter": "(l_receiptdate > l_commitdate)","Rows Removed by Filter": 441584,"Workers": []},{"Node Type": "Hash","Parent Relationship": "Inner","Parallel Aware": false,"Async Capable": false,"Startup Cost": 244.58,"Total Cost": 244.58,"Plan Rows": 400,"Plan Width": 30,"Actual Startup Time": 4.016,"Actual Total Time": 4.027,"Actual Rows": 405,"Actual Loops": 5,"Hash Buckets": 1024,"Original Hash Buckets": 1024,"Hash Batches": 1,"Original Hash Batches": 1,"Peak Memory Usage": 34,"Workers": [],"Plans": [{"Node Type": "Nested Loop","Parent Relationship": "Outer","Parallel Aware": false,"Async Capable": false,"Join Type": "Inner","Startup Cost": 7.38,"Total Cost": 244.58,"Plan Rows": 400,"Plan Width": 30,"Actual Startup Time": 0.282,"Actual Total Time": 3.870,"Actual Rows": 405,"Actual Loops": 5,"Inner Unique": false,"Workers": [],"Plans": [{"Node Type": "Seq Scan","Parent Relationship": "Outer","Parallel Aware": false,"Async Capable": false,"Relation Name": "nation","Alias": "nation","Startup Cost": 0.00,"Total Cost": 1.31,"Plan Rows": 1,"Plan Width": 4,"Actual Startup Time": 0.049,"Actual Total Time": 0.055,"Actual Rows": 1,"Actual Loops": 5,"Filter": "(n_name = 'INDONESIA'::bpchar)","Rows Removed by Filter": 24,"Workers": []},{"Node Type": "Bitmap Heap Scan","Parent Relationship": "Inner","Parallel Aware": false,"Async Capable": false,"Relation Name": "supplier","Alias": "supplier","Startup Cost": 7.38,"Total Cost": 239.27,"Plan Rows": 400,"Plan Width": 34,"Actual Startup Time": 0.227,"Actual Total Time": 3.740,"Actual Rows": 405,"Actual Loops": 5,"Recheck Cond": "(s_nationkey = nation.n_nationkey)","Rows Removed by Index Recheck": 0,"Exact Heap Blocks": 192,"Lossy Heap Blocks": 0,"Workers": [],"Plans": [{"Node Type": "Bitmap Index Scan","Parent Relationship": "Outer","Parallel Aware": false,"Async Capable": false,"Index Name": "idx_supplier_nation_key","Startup Cost": 0.00,"Total Cost": 7.29,"Plan Rows": 400,"Plan Width": 0,"Actual Startup Time": 0.146,"Actual Total Time": 0.147,"Actual Rows": 405,"Actual Loops": 5,"Index Cond": "(s_nationkey = nation.n_nationkey)","Workers": []}]}]}]}]},{"Node Type": "Index Scan","Parent Relationship": "Inner","Parallel Aware": false,"Async Capable": false,"Scan Direction": "Forward","Index Name": "idx_lineitem_orderkey","Relation Name": "lineitem","Alias": "l3","Startup Cost": 0.43,"Total Cost": 1.06,"Plan Rows": 6,"Plan Width": 8,"Actual Startup Time": 0.003,"Actual Total Time": 0.003,"Actual Rows": 1,"Actual Loops": 153653,"Index Cond": "(l_orderkey = l1.l_orderkey)","Rows Removed by Index Recheck": 0,"Filter": "((l_receiptdate > l_commitdate) AND (l_suppkey <> l1.l_suppkey))","Rows Removed by Filter": 1,"Workers": []}]}]},{"Node Type": "Index Scan","Parent Relationship": "Inner","Parallel Aware": false,"Async Capable": false,"Scan Direction": "Forward","Index Name": "idx_lineitem_orderkey","Relation Name": "lineitem","Alias": "l2","Startup Cost": 0.43,"Total Cost": 1.02,"Plan Rows": 17,"Plan Width": 8,"Actual Startup Time": 0.007,"Actual Total Time": 0.007,"Actual Rows": 1,"Actual Loops": 13965,"Index Cond": "(l_orderkey = l1.l_orderkey)","Rows Removed by Index Recheck": 0,"Filter": "(l_suppkey <> l1.l_suppkey)","Rows Removed by Filter": 1}]},{"Node Type": "Index Scan","Parent Relationship": "Inner","Parallel Aware": false,"Async Capable": false,"Scan Direction": "Forward","Index Name": "orders_pkey","Relation Name": "orders","Alias": "orders","Startup Cost": 0.43,"Total Cost": 0.51,"Plan Rows": 1,"Plan Width": 4,"Actual Startup Time": 0.007,"Actual Total Time": 0.007,"Actual Rows": 0,"Actual Loops": 8320,"Index Cond": "(o_orderkey = l1.l_orderkey)","Rows Removed by Index Recheck": 0,"Filter": "(o_orderstatus = 'F'::bpchar)","Rows Removed by Filter": 1}]}]}]}]},"Planning Time": 8.753,"Triggers": [],"Execution Time": 523.514}]
[{"Plan": {"Node Type": "Sort","Parallel Aware": false,"Async Capable": false,"Startup Cost": 147378.80,"Total Cost": 147378.81,"Plan Rows": 1,"Plan Width": 34,"Actual Startup Time": 511.931,"Actual Total Time": 527.174,"Actual Rows": 415,"Actual Loops": 1,"Sort Key": ["(count(*)) DESC", "supplier.s_name"],"Sort Method": "quicksort","Sort Space Used": 57,"Sort Space Type": "Memory","Plans": [{"Node Type": "Aggregate","Strategy": "Sorted","Partial Mode": "Simple","Parent Relationship": "Outer","Parallel Aware": false,"Async Capable": false,"Startup Cost": 147378.77,"Total Cost": 147378.79,"Plan Rows": 1,"Plan Width": 34,"Actual Startup Time": 510.675,"Actual Total Time": 526.442,"Actual Rows": 415,"Actual Loops": 1,"Group Key": ["supplier.s_name"],"Plans": [{"Node Type": "Sort","Parent Relationship": "Outer","Parallel Aware": false,"Async Capable": false,"Startup Cost": 147378.77,"Total Cost": 147378.78,"Plan Rows": 1,"Plan Width": 26,"Actual Startup Time": 510.644,"Actual Total Time": 526.012,"Actual Rows": 4112,"Actual Loops": 1,"Sort Key": ["supplier.s_name"],"Sort Method": "quicksort","Sort Space Used": 482,"Sort Space Type": "Memory","Plans": [{"Node Type": "Nested Loop","Parent Relationship": "Outer","Parallel Aware": false,"Async Capable": false,"Join Type": "Inner","Startup Cost": 1250.87,"Total Cost": 147378.76,"Plan Rows": 1,"Plan Width": 26,"Actual Startup Time": 4.482,"Actual Total Time": 514.049,"Actual Rows": 4112,"Actual Loops": 1,"Inner Unique": true,"Plans": [{"Node Type": "Nested Loop","Parent Relationship": "Outer","Parallel Aware": false,"Async Capable": false,"Join Type": "Semi","Startup Cost": 1250.44,"Total Cost": 147378.26,"Plan Rows": 1,"Plan Width": 34,"Actual Startup Time": 4.433,"Actual Total Time": 447.118,"Actual Rows": 8423,"Actual Loops": 1,"Inner Unique": false,"Plans": [{"Node Type": "Gather","Parent Relationship": "Outer","Parallel Aware": false,"Async Capable": false,"Startup Cost": 1250.01,"Total Cost": 147377.22,"Plan Rows": 1,"Plan Width": 34,"Actual Startup Time": 4.417,"Actual Total Time": 335.444,"Actual Rows": 14099,"Actual Loops": 1,"Workers Planned": 4,"Workers Launched": 4,"Single Copy": false,"Plans": [{"Node Type": "Nested Loop","Parent Relationship": "Outer","Parallel Aware": false,"Async Capable": false,"Join Type": "Anti","Startup Cost": 250.01,"Total Cost": 146377.12,"Plan Rows": 1,"Plan Width": 34,"Actual Startup Time": 5.494,"Actual Total Time": 449.293,"Actual Rows": 2820,"Actual Loops": 5,"Inner Unique": false,"Workers": [],"Plans": [{"Node Type": "Hash Join","Parent Relationship": "Outer","Parallel Aware": false,"Async Capable": false,"Join Type": "Inner","Startup Cost": 249.58,"Total Cost": 133581.65,"Plan Rows": 19990,"Plan Width": 34,"Actual Startup Time": 5.114,"Actual Total Time": 356.460,"Actual Rows": 31599,"Actual Loops": 5,"Inner Unique": false,"Hash Cond": "(l1.l_suppkey = supplier.s_suppkey)","Workers": [],"Plans": [{"Node Type": "Seq Scan","Parent Relationship": "Outer","Parallel Aware": true,"Async Capable": false,"Relation Name": "lineitem","Alias": "l1","Startup Cost": 0.00,"Total Cost": 131256.80,"Plan Rows": 500101,"Plan Width": 8,"Actual Startup Time": 0.028,"Actual Total Time": 305.044,"Actual Rows": 758659,"Actual Loops": 5,"Filter": "(l_receiptdate > l_commitdate)","Rows Removed by Filter": 441584,"Workers": []},{"Node Type": "Hash","Parent Relationship": "Inner","Parallel Aware": false,"Async Capable": false,"Startup Cost": 244.58,"Total Cost": 244.58,"Plan Rows": 400,"Plan Width": 30,"Actual Startup Time": 4.772,"Actual Total Time": 4.789,"Actual Rows": 415,"Actual Loops": 5,"Hash Buckets": 1024,"Original Hash Buckets": 1024,"Hash Batches": 1,"Original Hash Batches": 1,"Peak Memory Usage": 34,"Workers": [],"Plans": [{"Node Type": "Nested Loop","Parent Relationship": "Outer","Parallel Aware": false,"Async Capable": false,"Join Type": "Inner","Startup Cost": 7.38,"Total Cost": 244.58,"Plan Rows": 400,"Plan Width": 30,"Actual Startup Time": 0.307,"Actual Total Time": 4.608,"Actual Rows": 415,"Actual Loops": 5,"Inner Unique": false,"Workers": [],"Plans": [{"Node Type": "Seq Scan","Parent Relationship": "Outer","Parallel Aware": false,"Async Capable": false,"Relation Name": "nation","Alias": "nation","Startup Cost": 0.00,"Total Cost": 1.31,"Plan Rows": 1,"Plan Width": 4,"Actual Startup Time": 0.059,"Actual Total Time": 0.064,"Actual Rows": 1,"Actual Loops": 5,"Filter": "(n_name = 'EGYPT'::bpchar)","Rows Removed by Filter": 24,"Workers": []},{"Node Type": "Bitmap Heap Scan","Parent Relationship": "Inner","Parallel Aware": false,"Async Capable": false,"Relation Name": "supplier","Alias": "supplier","Startup Cost": 7.38,"Total Cost": 239.27,"Plan Rows": 400,"Plan Width": 34,"Actual Startup Time": 0.244,"Actual Total Time": 4.451,"Actual Rows": 415,"Actual Loops": 5,"Recheck Cond": "(s_nationkey = nation.n_nationkey)","Rows Removed by Index Recheck": 0,"Exact Heap Blocks": 183,"Lossy Heap Blocks": 0,"Workers": [],"Plans": [{"Node Type": "Bitmap Index Scan","Parent Relationship": "Outer","Parallel Aware": false,"Async Capable": false,"Index Name": "idx_supplier_nation_key","Startup Cost": 0.00,"Total Cost": 7.29,"Plan Rows": 400,"Plan Width": 0,"Actual Startup Time": 0.159,"Actual Total Time": 0.162,"Actual Rows": 415,"Actual Loops": 5,"Index Cond": "(s_nationkey = nation.n_nationkey)","Workers": []}]}]}]}]},{"Node Type": "Index Scan","Parent Relationship": "Inner","Parallel Aware": false,"Async Capable": false,"Scan Direction": "Forward","Index Name": "idx_lineitem_orderkey","Relation Name": "lineitem","Alias": "l3","Startup Cost": 0.43,"Total Cost": 1.06,"Plan Rows": 6,"Plan Width": 8,"Actual Startup Time": 0.003,"Actual Total Time": 0.003,"Actual Rows": 1,"Actual Loops": 157994,"Index Cond": "(l_orderkey = l1.l_orderkey)","Rows Removed by Index Recheck": 0,"Filter": "((l_receiptdate > l_commitdate) AND (l_suppkey <> l1.l_suppkey))","Rows Removed by Filter": 1,"Workers": []}]}]},{"Node Type": "Index Scan","Parent Relationship": "Inner","Parallel Aware": false,"Async Capable": false,"Scan Direction": "Forward","Index Name": "idx_lineitem_orderkey","Relation Name": "lineitem","Alias": "l2","Startup Cost": 0.43,"Total Cost": 1.02,"Plan Rows": 17,"Plan Width": 8,"Actual Startup Time": 0.007,"Actual Total Time": 0.007,"Actual Rows": 1,"Actual Loops": 14099,"Index Cond": "(l_orderkey = l1.l_orderkey)","Rows Removed by Index Recheck": 0,"Filter": "(l_suppkey <> l1.l_suppkey)","Rows Removed by Filter": 1}]},{"Node Type": "Index Scan","Parent Relationship": "Inner","Parallel Aware": false,"Async Capable": false,"Scan Direction": "Forward","Index Name": "orders_pkey","Relation Name": "orders","Alias": "orders","Startup Cost": 0.43,"Total Cost": 0.51,"Plan Rows": 1,"Plan Width": 4,"Actual Startup Time": 0.008,"Actual Total Time": 0.008,"Actual Rows": 0,"Actual Loops": 8423,"Index Cond": "(o_orderkey = l1.l_orderkey)","Rows Removed by Index Recheck": 0,"Filter": "(o_orderstatus = 'F'::bpchar)","Rows Removed by Filter": 1}]}]}]}]},"Planning Time": 8.195,"Triggers": [],"Execution Time": 527.804}]
[{"Plan": {"Node Type": "Sort","Parallel Aware": false,"Async Capable": false,"Startup Cost": 147378.80,"Total Cost": 147378.81,"Plan Rows": 1,"Plan Width": 34,"Actual Startup Time": 494.346,"Actual Total Time": 515.587,"Actual Rows": 393,"Actual Loops": 1,"Sort Key": ["(count(*)) DESC", "supplier.s_name"],"Sort Method": "quicksort","Sort Space Used": 55,"Sort Space Type": "Memory","Plans": [{"Node Type": "Aggregate","Strategy": "Sorted","Partial Mode": "Simple","Parent Relationship": "Outer","Parallel Aware": false,"Async Capable": false,"Startup Cost": 147378.77,"Total Cost": 147378.79,"Plan Rows": 1,"Plan Width": 34,"Actual Startup Time": 493.176,"Actual Total Time": 514.919,"Actual Rows": 393,"Actual Loops": 1,"Group Key": ["supplier.s_name"],"Plans": [{"Node Type": "Sort","Parent Relationship": "Outer","Parallel Aware": false,"Async Capable": false,"Startup Cost": 147378.77,"Total Cost": 147378.78,"Plan Rows": 1,"Plan Width": 26,"Actual Startup Time": 493.153,"Actual Total Time": 514.517,"Actual Rows": 3918,"Actual Loops": 1,"Sort Key": ["supplier.s_name"],"Sort Method": "quicksort","Sort Space Used": 372,"Sort Space Type": "Memory","Plans": [{"Node Type": "Nested Loop","Parent Relationship": "Outer","Parallel Aware": false,"Async Capable": false,"Join Type": "Inner","Startup Cost": 1250.87,"Total Cost": 147378.76,"Plan Rows": 1,"Plan Width": 26,"Actual Startup Time": 5.562,"Actual Total Time": 503.525,"Actual Rows": 3918,"Actual Loops": 1,"Inner Unique": true,"Plans": [{"Node Type": "Nested Loop","Parent Relationship": "Outer","Parallel Aware": false,"Async Capable": false,"Join Type": "Semi","Startup Cost": 1250.44,"Total Cost": 147378.26,"Plan Rows": 1,"Plan Width": 34,"Actual Startup Time": 5.515,"Actual Total Time": 439.510,"Actual Rows": 8028,"Actual Loops": 1,"Inner Unique": false,"Plans": [{"Node Type": "Gather","Parent Relationship": "Outer","Parallel Aware": false,"Async Capable": false,"Startup Cost": 1250.01,"Total Cost": 147377.22,"Plan Rows": 1,"Plan Width": 34,"Actual Startup Time": 4.155,"Actual Total Time": 333.265,"Actual Rows": 13416,"Actual Loops": 1,"Workers Planned": 4,"Workers Launched": 4,"Single Copy": false,"Plans": [{"Node Type": "Nested Loop","Parent Relationship": "Outer","Parallel Aware": false,"Async Capable": false,"Join Type": "Anti","Startup Cost": 250.01,"Total Cost": 146377.12,"Plan Rows": 1,"Plan Width": 34,"Actual Startup Time": 4.167,"Actual Total Time": 438.104,"Actual Rows": 2683,"Actual Loops": 5,"Inner Unique": false,"Workers": [],"Plans": [{"Node Type": "Hash Join","Parent Relationship": "Outer","Parallel Aware": false,"Async Capable": false,"Join Type": "Inner","Startup Cost": 249.58,"Total Cost": 133581.65,"Plan Rows": 19990,"Plan Width": 34,"Actual Startup Time": 4.021,"Actual Total Time": 350.831,"Actual Rows": 29888,"Actual Loops": 5,"Inner Unique": false,"Hash Cond": "(l1.l_suppkey = supplier.s_suppkey)","Workers": [],"Plans": [{"Node Type": "Seq Scan","Parent Relationship": "Outer","Parallel Aware": true,"Async Capable": false,"Relation Name": "lineitem","Alias": "l1","Startup Cost": 0.00,"Total Cost": 131256.80,"Plan Rows": 500101,"Plan Width": 8,"Actual Startup Time": 0.026,"Actual Total Time": 301.034,"Actual Rows": 758659,"Actual Loops": 5,"Filter": "(l_receiptdate > l_commitdate)","Rows Removed by Filter": 441584,"Workers": []},{"Node Type": "Hash","Parent Relationship": "Inner","Parallel Aware": false,"Async Capable": false,"Startup Cost": 244.58,"Total Cost": 244.58,"Plan Rows": 400,"Plan Width": 30,"Actual Startup Time": 3.677,"Actual Total Time": 3.687,"Actual Rows": 393,"Actual Loops": 5,"Hash Buckets": 1024,"Original Hash Buckets": 1024,"Hash Batches": 1,"Original Hash Batches": 1,"Peak Memory Usage": 33,"Workers": [],"Plans": [{"Node Type": "Nested Loop","Parent Relationship": "Outer","Parallel Aware": false,"Async Capable": false,"Join Type": "Inner","Startup Cost": 7.38,"Total Cost": 244.58,"Plan Rows": 400,"Plan Width": 30,"Actual Startup Time": 0.289,"Actual Total Time": 3.533,"Actual Rows": 393,"Actual Loops": 5,"Inner Unique": false,"Workers": [],"Plans": [{"Node Type": "Seq Scan","Parent Relationship": "Outer","Parallel Aware": false,"Async Capable": false,"Relation Name": "nation","Alias": "nation","Startup Cost": 0.00,"Total Cost": 1.31,"Plan Rows": 1,"Plan Width": 4,"Actual Startup Time": 0.064,"Actual Total Time": 0.066,"Actual Rows": 1,"Actual Loops": 5,"Filter": "(n_name = 'UNITED STATES'::bpchar)","Rows Removed by Filter": 24,"Workers": []},{"Node Type": "Bitmap Heap Scan","Parent Relationship": "Inner","Parallel Aware": false,"Async Capable": false,"Relation Name": "supplier","Alias": "supplier","Startup Cost": 7.38,"Total Cost": 239.27,"Plan Rows": 400,"Plan Width": 34,"Actual Startup Time": 0.219,"Actual Total Time": 3.401,"Actual Rows": 393,"Actual Loops": 5,"Recheck Cond": "(s_nationkey = nation.n_nationkey)","Rows Removed by Index Recheck": 0,"Exact Heap Blocks": 181,"Lossy Heap Blocks": 0,"Workers": [],"Plans": [{"Node Type": "Bitmap Index Scan","Parent Relationship": "Outer","Parallel Aware": false,"Async Capable": false,"Index Name": "idx_supplier_nation_key","Startup Cost": 0.00,"Total Cost": 7.29,"Plan Rows": 400,"Plan Width": 0,"Actual Startup Time": 0.141,"Actual Total Time": 0.143,"Actual Rows": 393,"Actual Loops": 5,"Index Cond": "(s_nationkey = nation.n_nationkey)","Workers": []}]}]}]}]},{"Node Type": "Index Scan","Parent Relationship": "Inner","Parallel Aware": false,"Async Capable": false,"Scan Direction": "Forward","Index Name": "idx_lineitem_orderkey","Relation Name": "lineitem","Alias": "l3","Startup Cost": 0.43,"Total Cost": 1.06,"Plan Rows": 6,"Plan Width": 8,"Actual Startup Time": 0.003,"Actual Total Time": 0.003,"Actual Rows": 1,"Actual Loops": 149442,"Index Cond": "(l_orderkey = l1.l_orderkey)","Rows Removed by Index Recheck": 0,"Filter": "((l_receiptdate > l_commitdate) AND (l_suppkey <> l1.l_suppkey))","Rows Removed by Filter": 1,"Workers": []}]}]},{"Node Type": "Index Scan","Parent Relationship": "Inner","Parallel Aware": false,"Async Capable": false,"Scan Direction": "Forward","Index Name": "idx_lineitem_orderkey","Relation Name": "lineitem","Alias": "l2","Startup Cost": 0.43,"Total Cost": 1.02,"Plan Rows": 17,"Plan Width": 8,"Actual Startup Time": 0.007,"Actual Total Time": 0.007,"Actual Rows": 1,"Actual Loops": 13416,"Index Cond": "(l_orderkey = l1.l_orderkey)","Rows Removed by Index Recheck": 0,"Filter": "(l_suppkey <> l1.l_suppkey)","Rows Removed by Filter": 1}]},{"Node Type": "Index Scan","Parent Relationship": "Inner","Parallel Aware": false,"Async Capable": false,"Scan Direction": "Forward","Index Name": "orders_pkey","Relation Name": "orders","Alias": "orders","Startup Cost": 0.43,"Total Cost": 0.51,"Plan Rows": 1,"Plan Width": 4,"Actual Startup Time": 0.008,"Actual Total Time": 0.008,"Actual Rows": 0,"Actual Loops": 8028,"Index Cond": "(o_orderkey = l1.l_orderkey)","Rows Removed by Index Recheck": 0,"Filter": "(o_orderstatus = 'F'::bpchar)","Rows Removed by Filter": 1}]}]}]}]},"Planning Time": 9.767,"Triggers": [],"Execution Time": 516.024}]
[{"Plan": {"Node Type": "Sort","Parallel Aware": false,"Async Capable": false,"Startup Cost": 147378.80,"Total Cost": 147378.81,"Plan Rows": 1,"Plan Width": 34,"Actual Startup Time": 494.557,"Actual Total Time": 516.628,"Actual Rows": 380,"Actual Loops": 1,"Sort Key": ["(count(*)) DESC", "supplier.s_name"],"Sort Method": "quicksort","Sort Space Used": 54,"Sort Space Type": "Memory","Plans": [{"Node Type": "Aggregate","Strategy": "Sorted","Partial Mode": "Simple","Parent Relationship": "Outer","Parallel Aware": false,"Async Capable": false,"Startup Cost": 147378.77,"Total Cost": 147378.79,"Plan Rows": 1,"Plan Width": 34,"Actual Startup Time": 493.417,"Actual Total Time": 515.990,"Actual Rows": 380,"Actual Loops": 1,"Group Key": ["supplier.s_name"],"Plans": [{"Node Type": "Sort","Parent Relationship": "Outer","Parallel Aware": false,"Async Capable": false,"Startup Cost": 147378.77,"Total Cost": 147378.78,"Plan Rows": 1,"Plan Width": 26,"Actual Startup Time": 493.396,"Actual Total Time": 515.587,"Actual Rows": 3777,"Actual Loops": 1,"Sort Key": ["supplier.s_name"],"Sort Method": "quicksort","Sort Space Used": 362,"Sort Space Type": "Memory","Plans": [{"Node Type": "Nested Loop","Parent Relationship": "Outer","Parallel Aware": false,"Async Capable": false,"Join Type": "Inner","Startup Cost": 1250.87,"Total Cost": 147378.76,"Plan Rows": 1,"Plan Width": 26,"Actual Startup Time": 4.998,"Actual Total Time": 504.711,"Actual Rows": 3777,"Actual Loops": 1,"Inner Unique": true,"Plans": [{"Node Type": "Nested Loop","Parent Relationship": "Outer","Parallel Aware": false,"Async Capable": false,"Join Type": "Semi","Startup Cost": 1250.44,"Total Cost": 147378.26,"Plan Rows": 1,"Plan Width": 34,"Actual Startup Time": 4.963,"Actual Total Time": 440.621,"Actual Rows": 7670,"Actual Loops": 1,"Inner Unique": false,"Plans": [{"Node Type": "Gather","Parent Relationship": "Outer","Parallel Aware": false,"Async Capable": false,"Startup Cost": 1250.01,"Total Cost": 147377.22,"Plan Rows": 1,"Plan Width": 34,"Actual Startup Time": 4.951,"Actual Total Time": 333.201,"Actual Rows": 12935,"Actual Loops": 1,"Workers Planned": 4,"Workers Launched": 4,"Single Copy": false,"Plans": [{"Node Type": "Nested Loop","Parent Relationship": "Outer","Parallel Aware": false,"Async Capable": false,"Join Type": "Anti","Startup Cost": 250.01,"Total Cost": 146377.12,"Plan Rows": 1,"Plan Width": 34,"Actual Startup Time": 5.873,"Actual Total Time": 437.867,"Actual Rows": 2587,"Actual Loops": 5,"Inner Unique": false,"Workers": [],"Plans": [{"Node Type": "Hash Join","Parent Relationship": "Outer","Parallel Aware": false,"Async Capable": false,"Join Type": "Inner","Startup Cost": 249.58,"Total Cost": 133581.65,"Plan Rows": 19990,"Plan Width": 34,"Actual Startup Time": 5.239,"Actual Total Time": 352.656,"Actual Rows": 28741,"Actual Loops": 5,"Inner Unique": false,"Hash Cond": "(l1.l_suppkey = supplier.s_suppkey)","Workers": [],"Plans": [{"Node Type": "Seq Scan","Parent Relationship": "Outer","Parallel Aware": true,"Async Capable": false,"Relation Name": "lineitem","Alias": "l1","Startup Cost": 0.00,"Total Cost": 131256.80,"Plan Rows": 500101,"Plan Width": 8,"Actual Startup Time": 0.031,"Actual Total Time": 300.900,"Actual Rows": 758659,"Actual Loops": 5,"Filter": "(l_receiptdate > l_commitdate)","Rows Removed by Filter": 441584,"Workers": []},{"Node Type": "Hash","Parent Relationship": "Inner","Parallel Aware": false,"Async Capable": false,"Startup Cost": 244.58,"Total Cost": 244.58,"Plan Rows": 400,"Plan Width": 30,"Actual Startup Time": 4.907,"Actual Total Time": 4.921,"Actual Rows": 380,"Actual Loops": 5,"Hash Buckets": 1024,"Original Hash Buckets": 1024,"Hash Batches": 1,"Original Hash Batches": 1,"Peak Memory Usage": 32,"Workers": [],"Plans": [{"Node Type": "Nested Loop","Parent Relationship": "Outer","Parallel Aware": false,"Async Capable": false,"Join Type": "Inner","Startup Cost": 7.38,"Total Cost": 244.58,"Plan Rows": 400,"Plan Width": 30,"Actual Startup Time": 0.293,"Actual Total Time": 4.740,"Actual Rows": 380,"Actual Loops": 5,"Inner Unique": false,"Workers": [],"Plans": [{"Node Type": "Seq Scan","Parent Relationship": "Outer","Parallel Aware": false,"Async Capable": false,"Relation Name": "nation","Alias": "nation","Startup Cost": 0.00,"Total Cost": 1.31,"Plan Rows": 1,"Plan Width": 4,"Actual Startup Time": 0.048,"Actual Total Time": 0.056,"Actual Rows": 1,"Actual Loops": 5,"Filter": "(n_name = 'ETHIOPIA'::bpchar)","Rows Removed by Filter": 24,"Workers": []},{"Node Type": "Bitmap Heap Scan","Parent Relationship": "Inner","Parallel Aware": false,"Async Capable": false,"Relation Name": "supplier","Alias": "supplier","Startup Cost": 7.38,"Total Cost": 239.27,"Plan Rows": 400,"Plan Width": 34,"Actual Startup Time": 0.240,"Actual Total Time": 4.598,"Actual Rows": 380,"Actual Loops": 5,"Recheck Cond": "(s_nationkey = nation.n_nationkey)","Rows Removed by Index Recheck": 0,"Exact Heap Blocks": 192,"Lossy Heap Blocks": 0,"Workers": [],"Plans": [{"Node Type": "Bitmap Index Scan","Parent Relationship": "Outer","Parallel Aware": false,"Async Capable": false,"Index Name": "idx_supplier_nation_key","Startup Cost": 0.00,"Total Cost": 7.29,"Plan Rows": 400,"Plan Width": 0,"Actual Startup Time": 0.158,"Actual Total Time": 0.159,"Actual Rows": 380,"Actual Loops": 5,"Index Cond": "(s_nationkey = nation.n_nationkey)","Workers": []}]}]}]}]},{"Node Type": "Index Scan","Parent Relationship": "Inner","Parallel Aware": false,"Async Capable": false,"Scan Direction": "Forward","Index Name": "idx_lineitem_orderkey","Relation Name": "lineitem","Alias": "l3","Startup Cost": 0.43,"Total Cost": 1.06,"Plan Rows": 6,"Plan Width": 8,"Actual Startup Time": 0.003,"Actual Total Time": 0.003,"Actual Rows": 1,"Actual Loops": 143707,"Index Cond": "(l_orderkey = l1.l_orderkey)","Rows Removed by Index Recheck": 0,"Filter": "((l_receiptdate > l_commitdate) AND (l_suppkey <> l1.l_suppkey))","Rows Removed by Filter": 1,"Workers": []}]}]},{"Node Type": "Index Scan","Parent Relationship": "Inner","Parallel Aware": false,"Async Capable": false,"Scan Direction": "Forward","Index Name": "idx_lineitem_orderkey","Relation Name": "lineitem","Alias": "l2","Startup Cost": 0.43,"Total Cost": 1.02,"Plan Rows": 17,"Plan Width": 8,"Actual Startup Time": 0.008,"Actual Total Time": 0.008,"Actual Rows": 1,"Actual Loops": 12935,"Index Cond": "(l_orderkey = l1.l_orderkey)","Rows Removed by Index Recheck": 0,"Filter": "(l_suppkey <> l1.l_suppkey)","Rows Removed by Filter": 1}]},{"Node Type": "Index Scan","Parent Relationship": "Inner","Parallel Aware": false,"Async Capable": false,"Scan Direction": "Forward","Index Name": "orders_pkey","Relation Name": "orders","Alias": "orders","Startup Cost": 0.43,"Total Cost": 0.51,"Plan Rows": 1,"Plan Width": 4,"Actual Startup Time": 0.008,"Actual Total Time": 0.008,"Actual Rows": 0,"Actual Loops": 7670,"Index Cond": "(o_orderkey = l1.l_orderkey)","Rows Removed by Index Recheck": 0,"Filter": "(o_orderstatus = 'F'::bpchar)","Rows Removed by Filter": 1}]}]}]}]},"Planning Time": 9.415,"Triggers": [],"Execution Time": 517.200}]
[{"Plan": {"Node Type": "Sort","Parallel Aware": false,"Async Capable": false,"Startup Cost": 147378.80,"Total Cost": 147378.81,"Plan Rows": 1,"Plan Width": 34,"Actual Startup Time": 511.931,"Actual Total Time": 527.174,"Actual Rows": 415,"Actual Loops": 1,"Sort Key": ["(count(*)) DESC", "supplier.s_name"],"Sort Method": "quicksort","Sort Space Used": 57,"Sort Space Type": "Memory","Plans": [{"Node Type": "Aggregate","Strategy": "Sorted","Partial Mode": "Simple","Parent Relationship": "Outer","Parallel Aware": false,"Async Capable": false,"Startup Cost": 147378.77,"Total Cost": 147378.79,"Plan Rows": 1,"Plan Width": 34,"Actual Startup Time": 510.675,"Actual Total Time": 526.442,"Actual Rows": 415,"Actual Loops": 1,"Group Key": ["supplier.s_name"],"Plans": [{"Node Type": "Sort","Parent Relationship": "Outer","Parallel Aware": false,"Async Capable": false,"Startup Cost": 147378.77,"Total Cost": 147378.78,"Plan Rows": 1,"Plan Width": 26,"Actual Startup Time": 510.644,"Actual Total Time": 526.012,"Actual Rows": 4112,"Actual Loops": 1,"Sort Key": ["supplier.s_name"],"Sort Method": "quicksort","Sort Space Used": 482,"Sort Space Type": "Memory","Plans": [{"Node Type": "Nested Loop","Parent Relationship": "Outer","Parallel Aware": false,"Async Capable": false,"Join Type": "Inner","Startup Cost": 1250.87,"Total Cost": 147378.76,"Plan Rows": 1,"Plan Width": 26,"Actual Startup Time": 4.482,"Actual Total Time": 514.049,"Actual Rows": 4112,"Actual Loops": 1,"Inner Unique": true,"Plans": [{"Node Type": "Nested Loop","Parent Relationship": "Outer","Parallel Aware": false,"Async Capable": false,"Join Type": "Semi","Startup Cost": 1250.44,"Total Cost": 147378.26,"Plan Rows": 1,"Plan Width": 34,"Actual Startup Time": 4.433,"Actual Total Time": 447.118,"Actual Rows": 8423,"Actual Loops": 1,"Inner Unique": false,"Plans": [{"Node Type": "Gather","Parent Relationship": "Outer","Parallel Aware": false,"Async Capable": false,"Startup Cost": 1250.01,"Total Cost": 147377.22,"Plan Rows": 1,"Plan Width": 34,"Actual Startup Time": 4.417,"Actual Total Time": 335.444,"Actual Rows": 14099,"Actual Loops": 1,"Workers Planned": 4,"Workers Launched": 4,"Single Copy": false,"Plans": [{"Node Type": "Nested Loop","Parent Relationship": "Outer","Parallel Aware": false,"Async Capable": false,"Join Type": "Anti","Startup Cost": 250.01,"Total Cost": 146377.12,"Plan Rows": 1,"Plan Width": 34,"Actual Startup Time": 5.494,"Actual Total Time": 449.293,"Actual Rows": 2820,"Actual Loops": 5,"Inner Unique": false,"Workers": [],"Plans": [{"Node Type": "Hash Join","Parent Relationship": "Outer","Parallel Aware": false,"Async Capable": false,"Join Type": "Inner","Startup Cost": 249.58,"Total Cost": 133581.65,"Plan Rows": 19990,"Plan Width": 34,"Actual Startup Time": 5.114,"Actual Total Time": 356.460,"Actual Rows": 31599,"Actual Loops": 5,"Inner Unique": false,"Hash Cond": "(l1.l_suppkey = supplier.s_suppkey)","Workers": [],"Plans": [{"Node Type": "Seq Scan","Parent Relationship": "Outer","Parallel Aware": true,"Async Capable": false,"Relation Name": "lineitem","Alias": "l1","Startup Cost": 0.00,"Total Cost": 131256.80,"Plan Rows": 500101,"Plan Width": 8,"Actual Startup Time": 0.028,"Actual Total Time": 305.044,"Actual Rows": 758659,"Actual Loops": 5,"Filter": "(l_receiptdate > l_commitdate)","Rows Removed by Filter": 441584,"Workers": []},{"Node Type": "Hash","Parent Relationship": "Inner","Parallel Aware": false,"Async Capable": false,"Startup Cost": 244.58,"Total Cost": 244.58,"Plan Rows": 400,"Plan Width": 30,"Actual Startup Time": 4.772,"Actual Total Time": 4.789,"Actual Rows": 415,"Actual Loops": 5,"Hash Buckets": 1024,"Original Hash Buckets": 1024,"Hash Batches": 1,"Original Hash Batches": 1,"Peak Memory Usage": 34,"Workers": [],"Plans": [{"Node Type": "Nested Loop","Parent Relationship": "Outer","Parallel Aware": false,"Async Capable": false,"Join Type": "Inner","Startup Cost": 7.38,"Total Cost": 244.58,"Plan Rows": 400,"Plan Width": 30,"Actual Startup Time": 0.307,"Actual Total Time": 4.608,"Actual Rows": 415,"Actual Loops": 5,"Inner Unique": false,"Workers": [],"Plans": [{"Node Type": "Seq Scan","Parent Relationship": "Outer","Parallel Aware": false,"Async Capable": false,"Relation Name": "nation","Alias": "nation","Startup Cost": 0.00,"Total Cost": 1.31,"Plan Rows": 1,"Plan Width": 4,"Actual Startup Time": 0.059,"Actual Total Time": 0.064,"Actual Rows": 1,"Actual Loops": 5,"Filter": "(n_name = 'EGYPT'::bpchar)","Rows Removed by Filter": 24,"Workers": []},{"Node Type": "Bitmap Heap Scan","Parent Relationship": "Inner","Parallel Aware": false,"Async Capable": false,"Relation Name": "supplier","Alias": "supplier","Startup Cost": 7.38,"Total Cost": 239.27,"Plan Rows": 400,"Plan Width": 34,"Actual Startup Time": 0.244,"Actual Total Time": 4.451,"Actual Rows": 415,"Actual Loops": 5,"Recheck Cond": "(s_nationkey = nation.n_nationkey)","Rows Removed by Index Recheck": 0,"Exact Heap Blocks": 183,"Lossy Heap Blocks": 0,"Workers": [],"Plans": [{"Node Type": "Bitmap Index Scan","Parent Relationship": "Outer","Parallel Aware": false,"Async Capable": false,"Index Name": "idx_supplier_nation_key","Startup Cost": 0.00,"Total Cost": 7.29,"Plan Rows": 400,"Plan Width": 0,"Actual Startup Time": 0.159,"Actual Total Time": 0.162,"Actual Rows": 415,"Actual Loops": 5,"Index Cond": "(s_nationkey = nation.n_nationkey)","Workers": []}]}]}]}]},{"Node Type": "Index Scan","Parent Relationship": "Inner","Parallel Aware": false,"Async Capable": false,"Scan Direction": "Forward","Index Name": "idx_lineitem_orderkey","Relation Name": "lineitem","Alias": "l3","Startup Cost": 0.43,"Total Cost": 1.06,"Plan Rows": 6,"Plan Width": 8,"Actual Startup Time": 0.003,"Actual Total Time": 0.003,"Actual Rows": 1,"Actual Loops": 157994,"Index Cond": "(l_orderkey = l1.l_orderkey)","Rows Removed by Index Recheck": 0,"Filter": "((l_receiptdate > l_commitdate) AND (l_suppkey <> l1.l_suppkey))","Rows Removed by Filter": 1,"Workers": []}]}]},{"Node Type": "Index Scan","Parent Relationship": "Inner","Parallel Aware": false,"Async Capable": false,"Scan Direction": "Forward","Index Name": "idx_lineitem_orderkey","Relation Name": "lineitem","Alias": "l2","Startup Cost": 0.43,"Total Cost": 1.02,"Plan Rows": 17,"Plan Width": 8,"Actual Startup Time": 0.007,"Actual Total Time": 0.007,"Actual Rows": 1,"Actual Loops": 14099,"Index Cond": "(l_orderkey = l1.l_orderkey)","Rows Removed by Index Recheck": 0,"Filter": "(l_suppkey <> l1.l_suppkey)","Rows Removed by Filter": 1}]},{"Node Type": "Index Scan","Parent Relationship": "Inner","Parallel Aware": false,"Async Capable": false,"Scan Direction": "Forward","Index Name": "orders_pkey","Relation Name": "orders","Alias": "orders","Startup Cost": 0.43,"Total Cost": 0.51,"Plan Rows": 1,"Plan Width": 4,"Actual Startup Time": 0.008,"Actual Total Time": 0.008,"Actual Rows": 0,"Actual Loops": 8423,"Index Cond": "(o_orderkey = l1.l_orderkey)","Rows Removed by Index Recheck": 0,"Filter": "(o_orderstatus = 'F'::bpchar)","Rows Removed by Filter": 1}]}]}]}]},"Planning Time": 8.195,"Triggers": [],"Execution Time": 527.804}]
[{"Plan": {"Node Type": "Sort","Parallel Aware": false,"Async Capable": false,"Startup Cost": 147378.80,"Total Cost": 147378.81,"Plan Rows": 1,"Plan Width": 34,"Actual Startup Time": 500.185,"Actual Total Time": 519.970,"Actual Rows": 396,"Actual Loops": 1,"Sort Key": ["(count(*)) DESC", "supplier.s_name"],"Sort Method": "quicksort","Sort Space Used": 55,"Sort Space Type": "Memory","Plans": [{"Node Type": "Aggregate","Strategy": "Sorted","Partial Mode": "Simple","Parent Relationship": "Outer","Parallel Aware": false,"Async Capable": false,"Startup Cost": 147378.77,"Total Cost": 147378.79,"Plan Rows": 1,"Plan Width": 34,"Actual Startup Time": 498.969,"Actual Total Time": 519.272,"Actual Rows": 396,"Actual Loops": 1,"Group Key": ["supplier.s_name"],"Plans": [{"Node Type": "Sort","Parent Relationship": "Outer","Parallel Aware": false,"Async Capable": false,"Startup Cost": 147378.77,"Total Cost": 147378.78,"Plan Rows": 1,"Plan Width": 26,"Actual Startup Time": 498.950,"Actual Total Time": 518.863,"Actual Rows": 3935,"Actual Loops": 1,"Sort Key": ["supplier.s_name"],"Sort Method": "quicksort","Sort Space Used": 373,"Sort Space Type": "Memory","Plans": [{"Node Type": "Nested Loop","Parent Relationship": "Outer","Parallel Aware": false,"Async Capable": false,"Join Type": "Inner","Startup Cost": 1250.87,"Total Cost": 147378.76,"Plan Rows": 1,"Plan Width": 26,"Actual Startup Time": 5.056,"Actual Total Time": 508.223,"Actual Rows": 3935,"Actual Loops": 1,"Inner Unique": true,"Plans": [{"Node Type": "Nested Loop","Parent Relationship": "Outer","Parallel Aware": false,"Async Capable": false,"Join Type": "Semi","Startup Cost": 1250.44,"Total Cost": 147378.26,"Plan Rows": 1,"Plan Width": 34,"Actual Startup Time": 5.029,"Actual Total Time": 447.558,"Actual Rows": 8035,"Actual Loops": 1,"Inner Unique": false,"Plans": [{"Node Type": "Gather","Parent Relationship": "Outer","Parallel Aware": false,"Async Capable": false,"Startup Cost": 1250.01,"Total Cost": 147377.22,"Plan Rows": 1,"Plan Width": 34,"Actual Startup Time": 4.623,"Actual Total Time": 341.887,"Actual Rows": 13450,"Actual Loops": 1,"Workers Planned": 4,"Workers Launched": 4,"Single Copy": false,"Plans": [{"Node Type": "Nested Loop","Parent Relationship": "Outer","Parallel Aware": false,"Async Capable": false,"Join Type": "Anti","Startup Cost": 250.01,"Total Cost": 146377.12,"Plan Rows": 1,"Plan Width": 34,"Actual Startup Time": 4.632,"Actual Total Time": 442.832,"Actual Rows": 2690,"Actual Loops": 5,"Inner Unique": false,"Workers": [],"Plans": [{"Node Type": "Hash Join","Parent Relationship": "Outer","Parallel Aware": false,"Async Capable": false,"Join Type": "Inner","Startup Cost": 249.58,"Total Cost": 133581.65,"Plan Rows": 19990,"Plan Width": 34,"Actual Startup Time": 4.440,"Actual Total Time": 353.938,"Actual Rows": 30159,"Actual Loops": 5,"Inner Unique": false,"Hash Cond": "(l1.l_suppkey = supplier.s_suppkey)","Workers": [],"Plans": [{"Node Type": "Seq Scan","Parent Relationship": "Outer","Parallel Aware": true,"Async Capable": false,"Relation Name": "lineitem","Alias": "l1","Startup Cost": 0.00,"Total Cost": 131256.80,"Plan Rows": 500101,"Plan Width": 8,"Actual Startup Time": 0.027,"Actual Total Time": 302.537,"Actual Rows": 758659,"Actual Loops": 5,"Filter": "(l_receiptdate > l_commitdate)","Rows Removed by Filter": 441584,"Workers": []},{"Node Type": "Hash","Parent Relationship": "Inner","Parallel Aware": false,"Async Capable": false,"Startup Cost": 244.58,"Total Cost": 244.58,"Plan Rows": 400,"Plan Width": 30,"Actual Startup Time": 4.114,"Actual Total Time": 4.124,"Actual Rows": 396,"Actual Loops": 5,"Hash Buckets": 1024,"Original Hash Buckets": 1024,"Hash Batches": 1,"Original Hash Batches": 1,"Peak Memory Usage": 33,"Workers": [],"Plans": [{"Node Type": "Nested Loop","Parent Relationship": "Outer","Parallel Aware": false,"Async Capable": false,"Join Type": "Inner","Startup Cost": 7.38,"Total Cost": 244.58,"Plan Rows": 400,"Plan Width": 30,"Actual Startup Time": 0.301,"Actual Total Time": 3.971,"Actual Rows": 396,"Actual Loops": 5,"Inner Unique": false,"Workers": [],"Plans": [{"Node Type": "Seq Scan","Parent Relationship": "Outer","Parallel Aware": false,"Async Capable": false,"Relation Name": "nation","Alias": "nation","Startup Cost": 0.00,"Total Cost": 1.31,"Plan Rows": 1,"Plan Width": 4,"Actual Startup Time": 0.063,"Actual Total Time": 0.068,"Actual Rows": 1,"Actual Loops": 5,"Filter": "(n_name = 'GERMANY'::bpchar)","Rows Removed by Filter": 24,"Workers": []},{"Node Type": "Bitmap Heap Scan","Parent Relationship": "Inner","Parallel Aware": false,"Async Capable": false,"Relation Name": "supplier","Alias": "supplier","Startup Cost": 7.38,"Total Cost": 239.27,"Plan Rows": 400,"Plan Width": 34,"Actual Startup Time": 0.232,"Actual Total Time": 3.829,"Actual Rows": 396,"Actual Loops": 5,"Recheck Cond": "(s_nationkey = nation.n_nationkey)","Rows Removed by Index Recheck": 0,"Exact Heap Blocks": 191,"Lossy Heap Blocks": 0,"Workers": [],"Plans": [{"Node Type": "Bitmap Index Scan","Parent Relationship": "Outer","Parallel Aware": false,"Async Capable": false,"Index Name": "idx_supplier_nation_key","Startup Cost": 0.00,"Total Cost": 7.29,"Plan Rows": 400,"Plan Width": 0,"Actual Startup Time": 0.147,"Actual Total Time": 0.148,"Actual Rows": 396,"Actual Loops": 5,"Index Cond": "(s_nationkey = nation.n_nationkey)","Workers": []}]}]}]}]},{"Node Type": "Index Scan","Parent Relationship": "Inner","Parallel Aware": false,"Async Capable": false,"Scan Direction": "Forward","Index Name": "idx_lineitem_orderkey","Relation Name": "lineitem","Alias": "l3","Startup Cost": 0.43,"Total Cost": 1.06,"Plan Rows": 6,"Plan Width": 8,"Actual Startup Time": 0.003,"Actual Total Time": 0.003,"Actual Rows": 1,"Actual Loops": 150794,"Index Cond": "(l_orderkey = l1.l_orderkey)","Rows Removed by Index Recheck": 0,"Filter": "((l_receiptdate > l_commitdate) AND (l_suppkey <> l1.l_suppkey))","Rows Removed by Filter": 1,"Workers": []}]}]},{"Node Type": "Index Scan","Parent Relationship": "Inner","Parallel Aware": false,"Async Capable": false,"Scan Direction": "Forward","Index Name": "idx_lineitem_orderkey","Relation Name": "lineitem","Alias": "l2","Startup Cost": 0.43,"Total Cost": 1.02,"Plan Rows": 17,"Plan Width": 8,"Actual Startup Time": 0.007,"Actual Total Time": 0.007,"Actual Rows": 1,"Actual Loops": 13450,"Index Cond": "(l_orderkey = l1.l_orderkey)","Rows Removed by Index Recheck": 0,"Filter": "(l_suppkey <> l1.l_suppkey)","Rows Removed by Filter": 1}]},{"Node Type": "Index Scan","Parent Relationship": "Inner","Parallel Aware": false,"Async Capable": false,"Scan Direction": "Forward","Index Name": "orders_pkey","Relation Name": "orders","Alias": "orders","Startup Cost": 0.43,"Total Cost": 0.51,"Plan Rows": 1,"Plan Width": 4,"Actual Startup Time": 0.007,"Actual Total Time": 0.007,"Actual Rows": 0,"Actual Loops": 8035,"Index Cond": "(o_orderkey = l1.l_orderkey)","Rows Removed by Index Recheck": 0,"Filter": "(o_orderstatus = 'F'::bpchar)","Rows Removed by Filter": 1}]}]}]}]},"Planning Time": 8.500,"Triggers": [],"Execution Time": 520.683}]
[{"Plan": {"Node Type": "Sort","Parallel Aware": false,"Async Capable": false,"Startup Cost": 147378.80,"Total Cost": 147378.81,"Plan Rows": 1,"Plan Width": 34,"Actual Startup Time": 500.709,"Actual Total Time": 524.703,"Actual Rows": 407,"Actual Loops": 1,"Sort Key": ["(count(*)) DESC", "supplier.s_name"],"Sort Method": "quicksort","Sort Space Used": 56,"Sort Space Type": "Memory","Plans": [{"Node Type": "Aggregate","Strategy": "Sorted","Partial Mode": "Simple","Parent Relationship": "Outer","Parallel Aware": false,"Async Capable": false,"Startup Cost": 147378.77,"Total Cost": 147378.79,"Plan Rows": 1,"Plan Width": 34,"Actual Startup Time": 499.455,"Actual Total Time": 523.962,"Actual Rows": 407,"Actual Loops": 1,"Group Key": ["supplier.s_name"],"Plans": [{"Node Type": "Sort","Parent Relationship": "Outer","Parallel Aware": false,"Async Capable": false,"Startup Cost": 147378.77,"Total Cost": 147378.78,"Plan Rows": 1,"Plan Width": 26,"Actual Startup Time": 499.433,"Actual Total Time": 523.550,"Actual Rows": 3965,"Actual Loops": 1,"Sort Key": ["supplier.s_name"],"Sort Method": "quicksort","Sort Space Used": 375,"Sort Space Type": "Memory","Plans": [{"Node Type": "Nested Loop","Parent Relationship": "Outer","Parallel Aware": false,"Async Capable": false,"Join Type": "Inner","Startup Cost": 1250.87,"Total Cost": 147378.76,"Plan Rows": 1,"Plan Width": 26,"Actual Startup Time": 5.067,"Actual Total Time": 512.972,"Actual Rows": 3965,"Actual Loops": 1,"Inner Unique": true,"Plans": [{"Node Type": "Nested Loop","Parent Relationship": "Outer","Parallel Aware": false,"Async Capable": false,"Join Type": "Semi","Startup Cost": 1250.44,"Total Cost": 147378.26,"Plan Rows": 1,"Plan Width": 34,"Actual Startup Time": 5.045,"Actual Total Time": 451.382,"Actual Rows": 8089,"Actual Loops": 1,"Inner Unique": false,"Plans": [{"Node Type": "Gather","Parent Relationship": "Outer","Parallel Aware": false,"Async Capable": false,"Startup Cost": 1250.01,"Total Cost": 147377.22,"Plan Rows": 1,"Plan Width": 34,"Actual Startup Time": 4.734,"Actual Total Time": 344.998,"Actual Rows": 13526,"Actual Loops": 1,"Workers Planned": 4,"Workers Launched": 4,"Single Copy": false,"Plans": [{"Node Type": "Nested Loop","Parent Relationship": "Outer","Parallel Aware": false,"Async Capable": false,"Join Type": "Anti","Startup Cost": 250.01,"Total Cost": 146377.12,"Plan Rows": 1,"Plan Width": 34,"Actual Startup Time": 4.775,"Actual Total Time": 445.542,"Actual Rows": 2705,"Actual Loops": 5,"Inner Unique": false,"Workers": [],"Plans": [{"Node Type": "Hash Join","Parent Relationship": "Outer","Parallel Aware": false,"Async Capable": false,"Join Type": "Inner","Startup Cost": 249.58,"Total Cost": 133581.65,"Plan Rows": 19990,"Plan Width": 34,"Actual Startup Time": 4.487,"Actual Total Time": 354.785,"Actual Rows": 30752,"Actual Loops": 5,"Inner Unique": false,"Hash Cond": "(l1.l_suppkey = supplier.s_suppkey)","Workers": [],"Plans": [{"Node Type": "Seq Scan","Parent Relationship": "Outer","Parallel Aware": true,"Async Capable": false,"Relation Name": "lineitem","Alias": "l1","Startup Cost": 0.00,"Total Cost": 131256.80,"Plan Rows": 500101,"Plan Width": 8,"Actual Startup Time": 0.026,"Actual Total Time": 303.161,"Actual Rows": 758659,"Actual Loops": 5,"Filter": "(l_receiptdate > l_commitdate)","Rows Removed by Filter": 441584,"Workers": []},{"Node Type": "Hash","Parent Relationship": "Inner","Parallel Aware": false,"Async Capable": false,"Startup Cost": 244.58,"Total Cost": 244.58,"Plan Rows": 400,"Plan Width": 30,"Actual Startup Time": 4.170,"Actual Total Time": 4.181,"Actual Rows": 407,"Actual Loops": 5,"Hash Buckets": 1024,"Original Hash Buckets": 1024,"Hash Batches": 1,"Original Hash Batches": 1,"Peak Memory Usage": 34,"Workers": [],"Plans": [{"Node Type": "Nested Loop","Parent Relationship": "Outer","Parallel Aware": false,"Async Capable": false,"Join Type": "Inner","Startup Cost": 7.38,"Total Cost": 244.58,"Plan Rows": 400,"Plan Width": 30,"Actual Startup Time": 0.302,"Actual Total Time": 4.018,"Actual Rows": 407,"Actual Loops": 5,"Inner Unique": false,"Workers": [],"Plans": [{"Node Type": "Seq Scan","Parent Relationship": "Outer","Parallel Aware": false,"Async Capable": false,"Relation Name": "nation","Alias": "nation","Startup Cost": 0.00,"Total Cost": 1.31,"Plan Rows": 1,"Plan Width": 4,"Actual Startup Time": 0.065,"Actual Total Time": 0.068,"Actual Rows": 1,"Actual Loops": 5,"Filter": "(n_name = 'CHINA'::bpchar)","Rows Removed by Filter": 24,"Workers": []},{"Node Type": "Bitmap Heap Scan","Parent Relationship": "Inner","Parallel Aware": false,"Async Capable": false,"Relation Name": "supplier","Alias": "supplier","Startup Cost": 7.38,"Total Cost": 239.27,"Plan Rows": 400,"Plan Width": 34,"Actual Startup Time": 0.229,"Actual Total Time": 3.872,"Actual Rows": 407,"Actual Loops": 5,"Recheck Cond": "(s_nationkey = nation.n_nationkey)","Rows Removed by Index Recheck": 0,"Exact Heap Blocks": 186,"Lossy Heap Blocks": 0,"Workers": [],"Plans": [{"Node Type": "Bitmap Index Scan","Parent Relationship": "Outer","Parallel Aware": false,"Async Capable": false,"Index Name": "idx_supplier_nation_key","Startup Cost": 0.00,"Total Cost": 7.29,"Plan Rows": 400,"Plan Width": 0,"Actual Startup Time": 0.141,"Actual Total Time": 0.143,"Actual Rows": 407,"Actual Loops": 5,"Index Cond": "(s_nationkey = nation.n_nationkey)","Workers": []}]}]}]}]},{"Node Type": "Index Scan","Parent Relationship": "Inner","Parallel Aware": false,"Async Capable": false,"Scan Direction": "Forward","Index Name": "idx_lineitem_orderkey","Relation Name": "lineitem","Alias": "l3","Startup Cost": 0.43,"Total Cost": 1.06,"Plan Rows": 6,"Plan Width": 8,"Actual Startup Time": 0.003,"Actual Total Time": 0.003,"Actual Rows": 1,"Actual Loops": 153758,"Index Cond": "(l_orderkey = l1.l_orderkey)","Rows Removed by Index Recheck": 0,"Filter": "((l_receiptdate > l_commitdate) AND (l_suppkey <> l1.l_suppkey))","Rows Removed by Filter": 1,"Workers": []}]}]},{"Node Type": "Index Scan","Parent Relationship": "Inner","Parallel Aware": false,"Async Capable": false,"Scan Direction": "Forward","Index Name": "idx_lineitem_orderkey","Relation Name": "lineitem","Alias": "l2","Startup Cost": 0.43,"Total Cost": 1.02,"Plan Rows": 17,"Plan Width": 8,"Actual Startup Time": 0.007,"Actual Total Time": 0.007,"Actual Rows": 1,"Actual Loops": 13526,"Index Cond": "(l_orderkey = l1.l_orderkey)","Rows Removed by Index Recheck": 0,"Filter": "(l_suppkey <> l1.l_suppkey)","Rows Removed by Filter": 1}]},{"Node Type": "Index Scan","Parent Relationship": "Inner","Parallel Aware": false,"Async Capable": false,"Scan Direction": "Forward","Index Name": "orders_pkey","Relation Name": "orders","Alias": "orders","Startup Cost": 0.43,"Total Cost": 0.51,"Plan Rows": 1,"Plan Width": 4,"Actual Startup Time": 0.007,"Actual Total Time": 0.007,"Actual Rows": 0,"Actual Loops": 8089,"Index Cond": "(o_orderkey = l1.l_orderkey)","Rows Removed by Index Recheck": 0,"Filter": "(o_orderstatus = 'F'::bpchar)","Rows Removed by Filter": 1}]}]}]}]},"Planning Time": 8.452,"Triggers": [],"Execution Time": 525.397}]
[{"Plan": {"Node Type": "Sort","Parallel Aware": false,"Async Capable": false,"Startup Cost": 147378.80,"Total Cost": 147378.81,"Plan Rows": 1,"Plan Width": 34,"Actual Startup Time": 509.264,"Actual Total Time": 527.696,"Actual Rows": 421,"Actual Loops": 1,"Sort Key": ["(count(*)) DESC", "supplier.s_name"],"Sort Method": "quicksort","Sort Space Used": 57,"Sort Space Type": "Memory","Plans": [{"Node Type": "Aggregate","Strategy": "Sorted","Partial Mode": "Simple","Parent Relationship": "Outer","Parallel Aware": false,"Async Capable": false,"Startup Cost": 147378.77,"Total Cost": 147378.79,"Plan Rows": 1,"Plan Width": 34,"Actual Startup Time": 507.941,"Actual Total Time": 526.990,"Actual Rows": 421,"Actual Loops": 1,"Group Key": ["supplier.s_name"],"Plans": [{"Node Type": "Sort","Parent Relationship": "Outer","Parallel Aware": false,"Async Capable": false,"Startup Cost": 147378.77,"Total Cost": 147378.78,"Plan Rows": 1,"Plan Width": 26,"Actual Startup Time": 507.919,"Actual Total Time": 526.540,"Actual Rows": 4227,"Actual Loops": 1,"Sort Key": ["supplier.s_name"],"Sort Method": "quicksort","Sort Space Used": 490,"Sort Space Type": "Memory","Plans": [{"Node Type": "Nested Loop","Parent Relationship": "Outer","Parallel Aware": false,"Async Capable": false,"Join Type": "Inner","Startup Cost": 1250.87,"Total Cost": 147378.76,"Plan Rows": 1,"Plan Width": 26,"Actual Startup Time": 5.396,"Actual Total Time": 515.076,"Actual Rows": 4227,"Actual Loops": 1,"Inner Unique": true,"Plans": [{"Node Type": "Nested Loop","Parent Relationship": "Outer","Parallel Aware": false,"Async Capable": false,"Join Type": "Semi","Startup Cost": 1250.44,"Total Cost": 147378.26,"Plan Rows": 1,"Plan Width": 34,"Actual Startup Time": 5.356,"Actual Total Time": 448.186,"Actual Rows": 8678,"Actual Loops": 1,"Inner Unique": false,"Plans": [{"Node Type": "Gather","Parent Relationship": "Outer","Parallel Aware": false,"Async Capable": false,"Startup Cost": 1250.01,"Total Cost": 147377.22,"Plan Rows": 1,"Plan Width": 34,"Actual Startup Time": 5.315,"Actual Total Time": 333.619,"Actual Rows": 14289,"Actual Loops": 1,"Workers Planned": 4,"Workers Launched": 4,"Single Copy": false,"Plans": [{"Node Type": "Nested Loop","Parent Relationship": "Outer","Parallel Aware": false,"Async Capable": false,"Join Type": "Anti","Startup Cost": 250.01,"Total Cost": 146377.12,"Plan Rows": 1,"Plan Width": 34,"Actual Startup Time": 5.155,"Actual Total Time": 447.803,"Actual Rows": 2858,"Actual Loops": 5,"Inner Unique": false,"Workers": [],"Plans": [{"Node Type": "Hash Join","Parent Relationship": "Outer","Parallel Aware": false,"Async Capable": false,"Join Type": "Inner","Startup Cost": 249.58,"Total Cost": 133581.65,"Plan Rows": 19990,"Plan Width": 34,"Actual Startup Time": 4.679,"Actual Total Time": 355.100,"Actual Rows": 31833,"Actual Loops": 5,"Inner Unique": false,"Hash Cond": "(l1.l_suppkey = supplier.s_suppkey)","Workers": [],"Plans": [{"Node Type": "Seq Scan","Parent Relationship": "Outer","Parallel Aware": true,"Async Capable": false,"Relation Name": "lineitem","Alias": "l1","Startup Cost": 0.00,"Total Cost": 131256.80,"Plan Rows": 500101,"Plan Width": 8,"Actual Startup Time": 0.028,"Actual Total Time": 302.880,"Actual Rows": 758659,"Actual Loops": 5,"Filter": "(l_receiptdate > l_commitdate)","Rows Removed by Filter": 441584,"Workers": []},{"Node Type": "Hash","Parent Relationship": "Inner","Parallel Aware": false,"Async Capable": false,"Startup Cost": 244.58,"Total Cost": 244.58,"Plan Rows": 400,"Plan Width": 30,"Actual Startup Time": 4.328,"Actual Total Time": 4.340,"Actual Rows": 421,"Actual Loops": 5,"Hash Buckets": 1024,"Original Hash Buckets": 1024,"Hash Batches": 1,"Original Hash Batches": 1,"Peak Memory Usage": 35,"Workers": [],"Plans": [{"Node Type": "Nested Loop","Parent Relationship": "Outer","Parallel Aware": false,"Async Capable": false,"Join Type": "Inner","Startup Cost": 7.38,"Total Cost": 244.58,"Plan Rows": 400,"Plan Width": 30,"Actual Startup Time": 0.319,"Actual Total Time": 4.167,"Actual Rows": 421,"Actual Loops": 5,"Inner Unique": false,"Workers": [],"Plans": [{"Node Type": "Seq Scan","Parent Relationship": "Outer","Parallel Aware": false,"Async Capable": false,"Relation Name": "nation","Alias": "nation","Startup Cost": 0.00,"Total Cost": 1.31,"Plan Rows": 1,"Plan Width": 4,"Actual Startup Time": 0.061,"Actual Total Time": 0.065,"Actual Rows": 1,"Actual Loops": 5,"Filter": "(n_name = 'PERU'::bpchar)","Rows Removed by Filter": 24,"Workers": []},{"Node Type": "Bitmap Heap Scan","Parent Relationship": "Inner","Parallel Aware": false,"Async Capable": false,"Relation Name": "supplier","Alias": "supplier","Startup Cost": 7.38,"Total Cost": 239.27,"Plan Rows": 400,"Plan Width": 34,"Actual Startup Time": 0.253,"Actual Total Time": 4.010,"Actual Rows": 421,"Actual Loops": 5,"Recheck Cond": "(s_nationkey = nation.n_nationkey)","Rows Removed by Index Recheck": 0,"Exact Heap Blocks": 187,"Lossy Heap Blocks": 0,"Workers": [],"Plans": [{"Node Type": "Bitmap Index Scan","Parent Relationship": "Outer","Parallel Aware": false,"Async Capable": false,"Index Name": "idx_supplier_nation_key","Startup Cost": 0.00,"Total Cost": 7.29,"Plan Rows": 400,"Plan Width": 0,"Actual Startup Time": 0.167,"Actual Total Time": 0.169,"Actual Rows": 421,"Actual Loops": 5,"Index Cond": "(s_nationkey = nation.n_nationkey)","Workers": []}]}]}]}]},{"Node Type": "Index Scan","Parent Relationship": "Inner","Parallel Aware": false,"Async Capable": false,"Scan Direction": "Forward","Index Name": "idx_lineitem_orderkey","Relation Name": "lineitem","Alias": "l3","Startup Cost": 0.43,"Total Cost": 1.06,"Plan Rows": 6,"Plan Width": 8,"Actual Startup Time": 0.003,"Actual Total Time": 0.003,"Actual Rows": 1,"Actual Loops": 159165,"Index Cond": "(l_orderkey = l1.l_orderkey)","Rows Removed by Index Recheck": 0,"Filter": "((l_receiptdate > l_commitdate) AND (l_suppkey <> l1.l_suppkey))","Rows Removed by Filter": 1,"Workers": []}]}]},{"Node Type": "Index Scan","Parent Relationship": "Inner","Parallel Aware": false,"Async Capable": false,"Scan Direction": "Forward","Index Name": "idx_lineitem_orderkey","Relation Name": "lineitem","Alias": "l2","Startup Cost": 0.43,"Total Cost": 1.02,"Plan Rows": 17,"Plan Width": 8,"Actual Startup Time": 0.008,"Actual Total Time": 0.008,"Actual Rows": 1,"Actual Loops": 14289,"Index Cond": "(l_orderkey = l1.l_orderkey)","Rows Removed by Index Recheck": 0,"Filter": "(l_suppkey <> l1.l_suppkey)","Rows Removed by Filter": 1}]},{"Node Type": "Index Scan","Parent Relationship": "Inner","Parallel Aware": false,"Async Capable": false,"Scan Direction": "Forward","Index Name": "orders_pkey","Relation Name": "orders","Alias": "orders","Startup Cost": 0.43,"Total Cost": 0.51,"Plan Rows": 1,"Plan Width": 4,"Actual Startup Time": 0.007,"Actual Total Time": 0.007,"Actual Rows": 0,"Actual Loops": 8678,"Index Cond": "(o_orderkey = l1.l_orderkey)","Rows Removed by Index Recheck": 0,"Filter": "(o_orderstatus = 'F'::bpchar)","Rows Removed by Filter": 1}]}]}]}]},"Planning Time": 8.374,"Triggers": [],"Execution Time": 528.458}]
[{"Plan": {"Node Type": "Sort","Parallel Aware": false,"Async Capable": false,"Startup Cost": 147378.80,"Total Cost": 147378.81,"Plan Rows": 1,"Plan Width": 34,"Actual Startup Time": 500.228,"Actual Total Time": 519.082,"Actual Rows": 412,"Actual Loops": 1,"Sort Key": ["(count(*)) DESC", "supplier.s_name"],"Sort Method": "quicksort","Sort Space Used": 57,"Sort Space Type": "Memory","Plans": [{"Node Type": "Aggregate","Strategy": "Sorted","Partial Mode": "Simple","Parent Relationship": "Outer","Parallel Aware": false,"Async Capable": false,"Startup Cost": 147378.77,"Total Cost": 147378.79,"Plan Rows": 1,"Plan Width": 34,"Actual Startup Time": 498.981,"Actual Total Time": 518.359,"Actual Rows": 412,"Actual Loops": 1,"Group Key": ["supplier.s_name"],"Plans": [{"Node Type": "Sort","Parent Relationship": "Outer","Parallel Aware": false,"Async Capable": false,"Startup Cost": 147378.77,"Total Cost": 147378.78,"Plan Rows": 1,"Plan Width": 26,"Actual Startup Time": 498.949,"Actual Total Time": 517.928,"Actual Rows": 4030,"Actual Loops": 1,"Sort Key": ["supplier.s_name"],"Sort Method": "quicksort","Sort Space Used": 380,"Sort Space Type": "Memory","Plans": [{"Node Type": "Nested Loop","Parent Relationship": "Outer","Parallel Aware": false,"Async Capable": false,"Join Type": "Inner","Startup Cost": 1250.87,"Total Cost": 147378.76,"Plan Rows": 1,"Plan Width": 26,"Actual Startup Time": 4.020,"Actual Total Time": 506.052,"Actual Rows": 4030,"Actual Loops": 1,"Inner Unique": true,"Plans": [{"Node Type": "Nested Loop","Parent Relationship": "Outer","Parallel Aware": false,"Async Capable": false,"Join Type": "Semi","Startup Cost": 1250.44,"Total Cost": 147378.26,"Plan Rows": 1,"Plan Width": 34,"Actual Startup Time": 3.993,"Actual Total Time": 443.011,"Actual Rows": 8146,"Actual Loops": 1,"Inner Unique": false,"Plans": [{"Node Type": "Gather","Parent Relationship": "Outer","Parallel Aware": false,"Async Capable": false,"Startup Cost": 1250.01,"Total Cost": 147377.22,"Plan Rows": 1,"Plan Width": 34,"Actual Startup Time": 3.980,"Actual Total Time": 336.738,"Actual Rows": 13748,"Actual Loops": 1,"Workers Planned": 4,"Workers Launched": 4,"Single Copy": false,"Plans": [{"Node Type": "Nested Loop","Parent Relationship": "Outer","Parallel Aware": false,"Async Capable": false,"Join Type": "Anti","Startup Cost": 250.01,"Total Cost": 146377.12,"Plan Rows": 1,"Plan Width": 34,"Actual Startup Time": 4.569,"Actual Total Time": 441.712,"Actual Rows": 2750,"Actual Loops": 5,"Inner Unique": false,"Workers": [],"Plans": [{"Node Type": "Hash Join","Parent Relationship": "Outer","Parallel Aware": false,"Async Capable": false,"Join Type": "Inner","Startup Cost": 249.58,"Total Cost": 133581.65,"Plan Rows": 19990,"Plan Width": 34,"Actual Startup Time": 4.262,"Actual Total Time": 350.942,"Actual Rows": 31209,"Actual Loops": 5,"Inner Unique": false,"Hash Cond": "(l1.l_suppkey = supplier.s_suppkey)","Workers": [],"Plans": [{"Node Type": "Seq Scan","Parent Relationship": "Outer","Parallel Aware": true,"Async Capable": false,"Relation Name": "lineitem","Alias": "l1","Startup Cost": 0.00,"Total Cost": 131256.80,"Plan Rows": 500101,"Plan Width": 8,"Actual Startup Time": 0.026,"Actual Total Time": 299.296,"Actual Rows": 758659,"Actual Loops": 5,"Filter": "(l_receiptdate > l_commitdate)","Rows Removed by Filter": 441584,"Workers": []},{"Node Type": "Hash","Parent Relationship": "Inner","Parallel Aware": false,"Async Capable": false,"Startup Cost": 244.58,"Total Cost": 244.58,"Plan Rows": 400,"Plan Width": 30,"Actual Startup Time": 3.907,"Actual Total Time": 3.918,"Actual Rows": 412,"Actual Loops": 5,"Hash Buckets": 1024,"Original Hash Buckets": 1024,"Hash Batches": 1,"Original Hash Batches": 1,"Peak Memory Usage": 34,"Workers": [],"Plans": [{"Node Type": "Nested Loop","Parent Relationship": "Outer","Parallel Aware": false,"Async Capable": false,"Join Type": "Inner","Startup Cost": 7.38,"Total Cost": 244.58,"Plan Rows": 400,"Plan Width": 30,"Actual Startup Time": 0.286,"Actual Total Time": 3.756,"Actual Rows": 412,"Actual Loops": 5,"Inner Unique": false,"Workers": [],"Plans": [{"Node Type": "Seq Scan","Parent Relationship": "Outer","Parallel Aware": false,"Async Capable": false,"Relation Name": "nation","Alias": "nation","Startup Cost": 0.00,"Total Cost": 1.31,"Plan Rows": 1,"Plan Width": 4,"Actual Startup Time": 0.059,"Actual Total Time": 0.064,"Actual Rows": 1,"Actual Loops": 5,"Filter": "(n_name = 'CANADA'::bpchar)","Rows Removed by Filter": 24,"Workers": []},{"Node Type": "Bitmap Heap Scan","Parent Relationship": "Inner","Parallel Aware": false,"Async Capable": false,"Relation Name": "supplier","Alias": "supplier","Startup Cost": 7.38,"Total Cost": 239.27,"Plan Rows": 400,"Plan Width": 34,"Actual Startup Time": 0.222,"Actual Total Time": 3.623,"Actual Rows": 412,"Actual Loops": 5,"Recheck Cond": "(s_nationkey = nation.n_nationkey)","Rows Removed by Index Recheck": 0,"Exact Heap Blocks": 189,"Lossy Heap Blocks": 0,"Workers": [],"Plans": [{"Node Type": "Bitmap Index Scan","Parent Relationship": "Outer","Parallel Aware": false,"Async Capable": false,"Index Name": "idx_supplier_nation_key","Startup Cost": 0.00,"Total Cost": 7.29,"Plan Rows": 400,"Plan Width": 0,"Actual Startup Time": 0.144,"Actual Total Time": 0.145,"Actual Rows": 412,"Actual Loops": 5,"Index Cond": "(s_nationkey = nation.n_nationkey)","Workers": []}]}]}]}]},{"Node Type": "Index Scan","Parent Relationship": "Inner","Parallel Aware": false,"Async Capable": false,"Scan Direction": "Forward","Index Name": "idx_lineitem_orderkey","Relation Name": "lineitem","Alias": "l3","Startup Cost": 0.43,"Total Cost": 1.06,"Plan Rows": 6,"Plan Width": 8,"Actual Startup Time": 0.003,"Actual Total Time": 0.003,"Actual Rows": 1,"Actual Loops": 156047,"Index Cond": "(l_orderkey = l1.l_orderkey)","Rows Removed by Index Recheck": 0,"Filter": "((l_receiptdate > l_commitdate) AND (l_suppkey <> l1.l_suppkey))","Rows Removed by Filter": 1,"Workers": []}]}]},{"Node Type": "Index Scan","Parent Relationship": "Inner","Parallel Aware": false,"Async Capable": false,"Scan Direction": "Forward","Index Name": "idx_lineitem_orderkey","Relation Name": "lineitem","Alias": "l2","Startup Cost": 0.43,"Total Cost": 1.02,"Plan Rows": 17,"Plan Width": 8,"Actual Startup Time": 0.007,"Actual Total Time": 0.007,"Actual Rows": 1,"Actual Loops": 13748,"Index Cond": "(l_orderkey = l1.l_orderkey)","Rows Removed by Index Recheck": 0,"Filter": "(l_suppkey <> l1.l_suppkey)","Rows Removed by Filter": 1}]},{"Node Type": "Index Scan","Parent Relationship": "Inner","Parallel Aware": false,"Async Capable": false,"Scan Direction": "Forward","Index Name": "orders_pkey","Relation Name": "orders","Alias": "orders","Startup Cost": 0.43,"Total Cost": 0.51,"Plan Rows": 1,"Plan Width": 4,"Actual Startup Time": 0.007,"Actual Total Time": 0.007,"Actual Rows": 0,"Actual Loops": 8146,"Index Cond": "(o_orderkey = l1.l_orderkey)","Rows Removed by Index Recheck": 0,"Filter": "(o_orderstatus = 'F'::bpchar)","Rows Removed by Filter": 1}]}]}]}]},"Planning Time": 9.689,"Triggers": [],"Execution Time": 519.513}]
[{"Plan": {"Node Type": "Sort","Parallel Aware": false,"Async Capable": false,"Startup Cost": 147378.80,"Total Cost": 147378.81,"Plan Rows": 1,"Plan Width": 34,"Actual Startup Time": 512.736,"Actual Total Time": 529.210,"Actual Rows": 438,"Actual Loops": 1,"Sort Key": ["(count(*)) DESC", "supplier.s_name"],"Sort Method": "quicksort","Sort Space Used": 59,"Sort Space Type": "Memory","Plans": [{"Node Type": "Aggregate","Strategy": "Sorted","Partial Mode": "Simple","Parent Relationship": "Outer","Parallel Aware": false,"Async Capable": false,"Startup Cost": 147378.77,"Total Cost": 147378.79,"Plan Rows": 1,"Plan Width": 34,"Actual Startup Time": 511.404,"Actual Total Time": 528.425,"Actual Rows": 438,"Actual Loops": 1,"Group Key": ["supplier.s_name"],"Plans": [{"Node Type": "Sort","Parent Relationship": "Outer","Parallel Aware": false,"Async Capable": false,"Startup Cost": 147378.77,"Total Cost": 147378.78,"Plan Rows": 1,"Plan Width": 26,"Actual Startup Time": 511.372,"Actual Total Time": 527.974,"Actual Rows": 4210,"Actual Loops": 1,"Sort Key": ["supplier.s_name"],"Sort Method": "quicksort","Sort Space Used": 489,"Sort Space Type": "Memory","Plans": [{"Node Type": "Nested Loop","Parent Relationship": "Outer","Parallel Aware": false,"Async Capable": false,"Join Type": "Inner","Startup Cost": 1250.87,"Total Cost": 147378.76,"Plan Rows": 1,"Plan Width": 26,"Actual Startup Time": 5.368,"Actual Total Time": 515.358,"Actual Rows": 4210,"Actual Loops": 1,"Inner Unique": true,"Plans": [{"Node Type": "Nested Loop","Parent Relationship": "Outer","Parallel Aware": false,"Async Capable": false,"Join Type": "Semi","Startup Cost": 1250.44,"Total Cost": 147378.26,"Plan Rows": 1,"Plan Width": 34,"Actual Startup Time": 5.330,"Actual Total Time": 447.041,"Actual Rows": 8778,"Actual Loops": 1,"Inner Unique": false,"Plans": [{"Node Type": "Gather","Parent Relationship": "Outer","Parallel Aware": false,"Async Capable": false,"Startup Cost": 1250.01,"Total Cost": 147377.22,"Plan Rows": 1,"Plan Width": 34,"Actual Startup Time": 5.278,"Actual Total Time": 329.789,"Actual Rows": 14669,"Actual Loops": 1,"Workers Planned": 4,"Workers Launched": 4,"Single Copy": false,"Plans": [{"Node Type": "Nested Loop","Parent Relationship": "Outer","Parallel Aware": false,"Async Capable": false,"Join Type": "Anti","Startup Cost": 250.01,"Total Cost": 146377.12,"Plan Rows": 1,"Plan Width": 34,"Actual Startup Time": 5.105,"Actual Total Time": 449.554,"Actual Rows": 2934,"Actual Loops": 5,"Inner Unique": false,"Workers": [],"Plans": [{"Node Type": "Hash Join","Parent Relationship": "Outer","Parallel Aware": false,"Async Capable": false,"Join Type": "Inner","Startup Cost": 249.58,"Total Cost": 133581.65,"Plan Rows": 19990,"Plan Width": 34,"Actual Startup Time": 4.734,"Actual Total Time": 354.759,"Actual Rows": 33108,"Actual Loops": 5,"Inner Unique": false,"Hash Cond": "(l1.l_suppkey = supplier.s_suppkey)","Workers": [],"Plans": [{"Node Type": "Seq Scan","Parent Relationship": "Outer","Parallel Aware": true,"Async Capable": false,"Relation Name": "lineitem","Alias": "l1","Startup Cost": 0.00,"Total Cost": 131256.80,"Plan Rows": 500101,"Plan Width": 8,"Actual Startup Time": 0.025,"Actual Total Time": 303.070,"Actual Rows": 758659,"Actual Loops": 5,"Filter": "(l_receiptdate > l_commitdate)","Rows Removed by Filter": 441584,"Workers": []},{"Node Type": "Hash","Parent Relationship": "Inner","Parallel Aware": false,"Async Capable": false,"Startup Cost": 244.58,"Total Cost": 244.58,"Plan Rows": 400,"Plan Width": 30,"Actual Startup Time": 4.446,"Actual Total Time": 4.454,"Actual Rows": 438,"Actual Loops": 5,"Hash Buckets": 1024,"Original Hash Buckets": 1024,"Hash Batches": 1,"Original Hash Batches": 1,"Peak Memory Usage": 36,"Workers": [],"Plans": [{"Node Type": "Nested Loop","Parent Relationship": "Outer","Parallel Aware": false,"Async Capable": false,"Join Type": "Inner","Startup Cost": 7.38,"Total Cost": 244.58,"Plan Rows": 400,"Plan Width": 30,"Actual Startup Time": 0.266,"Actual Total Time": 4.290,"Actual Rows": 438,"Actual Loops": 5,"Inner Unique": false,"Workers": [],"Plans": [{"Node Type": "Seq Scan","Parent Relationship": "Outer","Parallel Aware": false,"Async Capable": false,"Relation Name": "nation","Alias": "nation","Startup Cost": 0.00,"Total Cost": 1.31,"Plan Rows": 1,"Plan Width": 4,"Actual Startup Time": 0.058,"Actual Total Time": 0.064,"Actual Rows": 1,"Actual Loops": 5,"Filter": "(n_name = 'IRAQ'::bpchar)","Rows Removed by Filter": 24,"Workers": []},{"Node Type": "Bitmap Heap Scan","Parent Relationship": "Inner","Parallel Aware": false,"Async Capable": false,"Relation Name": "supplier","Alias": "supplier","Startup Cost": 7.38,"Total Cost": 239.27,"Plan Rows": 400,"Plan Width": 34,"Actual Startup Time": 0.204,"Actual Total Time": 4.151,"Actual Rows": 438,"Actual Loops": 5,"Recheck Cond": "(s_nationkey = nation.n_nationkey)","Rows Removed by Index Recheck": 0,"Exact Heap Blocks": 194,"Lossy Heap Blocks": 0,"Workers": [],"Plans": [{"Node Type": "Bitmap Index Scan","Parent Relationship": "Outer","Parallel Aware": false,"Async Capable": false,"Index Name": "idx_supplier_nation_key","Startup Cost": 0.00,"Total Cost": 7.29,"Plan Rows": 400,"Plan Width": 0,"Actual Startup Time": 0.139,"Actual Total Time": 0.140,"Actual Rows": 438,"Actual Loops": 5,"Index Cond": "(s_nationkey = nation.n_nationkey)","Workers": []}]}]}]}]},{"Node Type": "Index Scan","Parent Relationship": "Inner","Parallel Aware": false,"Async Capable": false,"Scan Direction": "Forward","Index Name": "idx_lineitem_orderkey","Relation Name": "lineitem","Alias": "l3","Startup Cost": 0.43,"Total Cost": 1.06,"Plan Rows": 6,"Plan Width": 8,"Actual Startup Time": 0.003,"Actual Total Time": 0.003,"Actual Rows": 1,"Actual Loops": 165540,"Index Cond": "(l_orderkey = l1.l_orderkey)","Rows Removed by Index Recheck": 0,"Filter": "((l_receiptdate > l_commitdate) AND (l_suppkey <> l1.l_suppkey))","Rows Removed by Filter": 1,"Workers": []}]}]},{"Node Type": "Index Scan","Parent Relationship": "Inner","Parallel Aware": false,"Async Capable": false,"Scan Direction": "Forward","Index Name": "idx_lineitem_orderkey","Relation Name": "lineitem","Alias": "l2","Startup Cost": 0.43,"Total Cost": 1.02,"Plan Rows": 17,"Plan Width": 8,"Actual Startup Time": 0.007,"Actual Total Time": 0.007,"Actual Rows": 1,"Actual Loops": 14669,"Index Cond": "(l_orderkey = l1.l_orderkey)","Rows Removed by Index Recheck": 0,"Filter": "(l_suppkey <> l1.l_suppkey)","Rows Removed by Filter": 1}]},{"Node Type": "Index Scan","Parent Relationship": "Inner","Parallel Aware": false,"Async Capable": false,"Scan Direction": "Forward","Index Name": "orders_pkey","Relation Name": "orders","Alias": "orders","Startup Cost": 0.43,"Total Cost": 0.51,"Plan Rows": 1,"Plan Width": 4,"Actual Startup Time": 0.008,"Actual Total Time": 0.008,"Actual Rows": 0,"Actual Loops": 8778,"Index Cond": "(o_orderkey = l1.l_orderkey)","Rows Removed by Index Recheck": 0,"Filter": "(o_orderstatus = 'F'::bpchar)","Rows Removed by Filter": 1}]}]}]}]},"Planning Time": 9.762,"Triggers": [],"Execution Time": 529.872}]
[{"Plan": {"Node Type": "Sort","Parallel Aware": false,"Async Capable": false,"Startup Cost": 147378.80,"Total Cost": 147378.81,"Plan Rows": 1,"Plan Width": 34,"Actual Startup Time": 503.423,"Actual Total Time": 521.004,"Actual Rows": 406,"Actual Loops": 1,"Sort Key": ["(count(*)) DESC", "supplier.s_name"],"Sort Method": "quicksort","Sort Space Used": 56,"Sort Space Type": "Memory","Plans": [{"Node Type": "Aggregate","Strategy": "Sorted","Partial Mode": "Simple","Parent Relationship": "Outer","Parallel Aware": false,"Async Capable": false,"Startup Cost": 147378.77,"Total Cost": 147378.79,"Plan Rows": 1,"Plan Width": 34,"Actual Startup Time": 502.176,"Actual Total Time": 520.280,"Actual Rows": 406,"Actual Loops": 1,"Group Key": ["supplier.s_name"],"Plans": [{"Node Type": "Sort","Parent Relationship": "Outer","Parallel Aware": false,"Async Capable": false,"Startup Cost": 147378.77,"Total Cost": 147378.78,"Plan Rows": 1,"Plan Width": 26,"Actual Startup Time": 502.147,"Actual Total Time": 519.852,"Actual Rows": 4052,"Actual Loops": 1,"Sort Key": ["supplier.s_name"],"Sort Method": "quicksort","Sort Space Used": 381,"Sort Space Type": "Memory","Plans": [{"Node Type": "Nested Loop","Parent Relationship": "Outer","Parallel Aware": false,"Async Capable": false,"Join Type": "Inner","Startup Cost": 1250.87,"Total Cost": 147378.76,"Plan Rows": 1,"Plan Width": 26,"Actual Startup Time": 4.486,"Actual Total Time": 508.290,"Actual Rows": 4052,"Actual Loops": 1,"Inner Unique": true,"Plans": [{"Node Type": "Nested Loop","Parent Relationship": "Outer","Parallel Aware": false,"Async Capable": false,"Join Type": "Semi","Startup Cost": 1250.44,"Total Cost": 147378.26,"Plan Rows": 1,"Plan Width": 34,"Actual Startup Time": 4.452,"Actual Total Time": 441.127,"Actual Rows": 8332,"Actual Loops": 1,"Inner Unique": false,"Plans": [{"Node Type": "Gather","Parent Relationship": "Outer","Parallel Aware": false,"Async Capable": false,"Startup Cost": 1250.01,"Total Cost": 147377.22,"Plan Rows": 1,"Plan Width": 34,"Actual Startup Time": 4.440,"Actual Total Time": 331.994,"Actual Rows": 13791,"Actual Loops": 1,"Workers Planned": 4,"Workers Launched": 4,"Single Copy": false,"Plans": [{"Node Type": "Nested Loop","Parent Relationship": "Outer","Parallel Aware": false,"Async Capable": false,"Join Type": "Anti","Startup Cost": 250.01,"Total Cost": 146377.12,"Plan Rows": 1,"Plan Width": 34,"Actual Startup Time": 4.624,"Actual Total Time": 442.937,"Actual Rows": 2758,"Actual Loops": 5,"Inner Unique": false,"Workers": [],"Plans": [{"Node Type": "Hash Join","Parent Relationship": "Outer","Parallel Aware": false,"Async Capable": false,"Join Type": "Inner","Startup Cost": 249.58,"Total Cost": 133581.65,"Plan Rows": 19990,"Plan Width": 34,"Actual Startup Time": 4.481,"Actual Total Time": 353.409,"Actual Rows": 30900,"Actual Loops": 5,"Inner Unique": false,"Hash Cond": "(l1.l_suppkey = supplier.s_suppkey)","Workers": [],"Plans": [{"Node Type": "Seq Scan","Parent Relationship": "Outer","Parallel Aware": true,"Async Capable": false,"Relation Name": "lineitem","Alias": "l1","Startup Cost": 0.00,"Total Cost": 131256.80,"Plan Rows": 500101,"Plan Width": 8,"Actual Startup Time": 0.029,"Actual Total Time": 301.270,"Actual Rows": 758659,"Actual Loops": 5,"Filter": "(l_receiptdate > l_commitdate)","Rows Removed by Filter": 441584,"Workers": []},{"Node Type": "Hash","Parent Relationship": "Inner","Parallel Aware": false,"Async Capable": false,"Startup Cost": 244.58,"Total Cost": 244.58,"Plan Rows": 400,"Plan Width": 30,"Actual Startup Time": 4.105,"Actual Total Time": 4.114,"Actual Rows": 406,"Actual Loops": 5,"Hash Buckets": 1024,"Original Hash Buckets": 1024,"Hash Batches": 1,"Original Hash Batches": 1,"Peak Memory Usage": 34,"Workers": [],"Plans": [{"Node Type": "Nested Loop","Parent Relationship": "Outer","Parallel Aware": false,"Async Capable": false,"Join Type": "Inner","Startup Cost": 7.38,"Total Cost": 244.58,"Plan Rows": 400,"Plan Width": 30,"Actual Startup Time": 0.252,"Actual Total Time": 3.975,"Actual Rows": 406,"Actual Loops": 5,"Inner Unique": false,"Workers": [],"Plans": [{"Node Type": "Seq Scan","Parent Relationship": "Outer","Parallel Aware": false,"Async Capable": false,"Relation Name": "nation","Alias": "nation","Startup Cost": 0.00,"Total Cost": 1.31,"Plan Rows": 1,"Plan Width": 4,"Actual Startup Time": 0.055,"Actual Total Time": 0.058,"Actual Rows": 1,"Actual Loops": 5,"Filter": "(n_name = 'MOZAMBIQUE'::bpchar)","Rows Removed by Filter": 24,"Workers": []},{"Node Type": "Bitmap Heap Scan","Parent Relationship": "Inner","Parallel Aware": false,"Async Capable": false,"Relation Name": "supplier","Alias": "supplier","Startup Cost": 7.38,"Total Cost": 239.27,"Plan Rows": 400,"Plan Width": 34,"Actual Startup Time": 0.193,"Actual Total Time": 3.854,"Actual Rows": 406,"Actual Loops": 5,"Recheck Cond": "(s_nationkey = nation.n_nationkey)","Rows Removed by Index Recheck": 0,"Exact Heap Blocks": 186,"Lossy Heap Blocks": 0,"Workers": [],"Plans": [{"Node Type": "Bitmap Index Scan","Parent Relationship": "Outer","Parallel Aware": false,"Async Capable": false,"Index Name": "idx_supplier_nation_key","Startup Cost": 0.00,"Total Cost": 7.29,"Plan Rows": 400,"Plan Width": 0,"Actual Startup Time": 0.125,"Actual Total Time": 0.126,"Actual Rows": 406,"Actual Loops": 5,"Index Cond": "(s_nationkey = nation.n_nationkey)","Workers": []}]}]}]}]},{"Node Type": "Index Scan","Parent Relationship": "Inner","Parallel Aware": false,"Async Capable": false,"Scan Direction": "Forward","Index Name": "idx_lineitem_orderkey","Relation Name": "lineitem","Alias": "l3","Startup Cost": 0.43,"Total Cost": 1.06,"Plan Rows": 6,"Plan Width": 8,"Actual Startup Time": 0.003,"Actual Total Time": 0.003,"Actual Rows": 1,"Actual Loops": 154501,"Index Cond": "(l_orderkey = l1.l_orderkey)","Rows Removed by Index Recheck": 0,"Filter": "((l_receiptdate > l_commitdate) AND (l_suppkey <> l1.l_suppkey))","Rows Removed by Filter": 1,"Workers": []}]}]},{"Node Type": "Index Scan","Parent Relationship": "Inner","Parallel Aware": false,"Async Capable": false,"Scan Direction": "Forward","Index Name": "idx_lineitem_orderkey","Relation Name": "lineitem","Alias": "l2","Startup Cost": 0.43,"Total Cost": 1.02,"Plan Rows": 17,"Plan Width": 8,"Actual Startup Time": 0.007,"Actual Total Time": 0.007,"Actual Rows": 1,"Actual Loops": 13791,"Index Cond": "(l_orderkey = l1.l_orderkey)","Rows Removed by Index Recheck": 0,"Filter": "(l_suppkey <> l1.l_suppkey)","Rows Removed by Filter": 1}]},{"Node Type": "Index Scan","Parent Relationship": "Inner","Parallel Aware": false,"Async Capable": false,"Scan Direction": "Forward","Index Name": "orders_pkey","Relation Name": "orders","Alias": "orders","Startup Cost": 0.43,"Total Cost": 0.51,"Plan Rows": 1,"Plan Width": 4,"Actual Startup Time": 0.008,"Actual Total Time": 0.008,"Actual Rows": 0,"Actual Loops": 8332,"Index Cond": "(o_orderkey = l1.l_orderkey)","Rows Removed by Index Recheck": 0,"Filter": "(o_orderstatus = 'F'::bpchar)","Rows Removed by Filter": 1}]}]}]}]},"Planning Time": 9.793,"Triggers": [],"Execution Time": 521.577}]
[{"Plan": {"Node Type": "Sort","Parallel Aware": false,"Async Capable": false,"Startup Cost": 147378.80,"Total Cost": 147378.81,"Plan Rows": 1,"Plan Width": 34,"Actual Startup Time": 493.231,"Actual Total Time": 511.674,"Actual Rows": 376,"Actual Loops": 1,"Sort Key": ["(count(*)) DESC", "supplier.s_name"],"Sort Method": "quicksort","Sort Space Used": 54,"Sort Space Type": "Memory","Plans": [{"Node Type": "Aggregate","Strategy": "Sorted","Partial Mode": "Simple","Parent Relationship": "Outer","Parallel Aware": false,"Async Capable": false,"Startup Cost": 147378.77,"Total Cost": 147378.79,"Plan Rows": 1,"Plan Width": 34,"Actual Startup Time": 492.079,"Actual Total Time": 510.997,"Actual Rows": 376,"Actual Loops": 1,"Group Key": ["supplier.s_name"],"Plans": [{"Node Type": "Sort","Parent Relationship": "Outer","Parallel Aware": false,"Async Capable": false,"Startup Cost": 147378.77,"Total Cost": 147378.78,"Plan Rows": 1,"Plan Width": 26,"Actual Startup Time": 492.053,"Actual Total Time": 510.609,"Actual Rows": 3697,"Actual Loops": 1,"Sort Key": ["supplier.s_name"],"Sort Method": "quicksort","Sort Space Used": 356,"Sort Space Type": "Memory","Plans": [{"Node Type": "Nested Loop","Parent Relationship": "Outer","Parallel Aware": false,"Async Capable": false,"Join Type": "Inner","Startup Cost": 1250.87,"Total Cost": 147378.76,"Plan Rows": 1,"Plan Width": 26,"Actual Startup Time": 5.656,"Actual Total Time": 499.948,"Actual Rows": 3697,"Actual Loops": 1,"Inner Unique": true,"Plans": [{"Node Type": "Nested Loop","Parent Relationship": "Outer","Parallel Aware": false,"Async Capable": false,"Join Type": "Semi","Startup Cost": 1250.44,"Total Cost": 147378.26,"Plan Rows": 1,"Plan Width": 34,"Actual Startup Time": 5.611,"Actual Total Time": 438.655,"Actual Rows": 7589,"Actual Loops": 1,"Inner Unique": false,"Plans": [{"Node Type": "Gather","Parent Relationship": "Outer","Parallel Aware": false,"Async Capable": false,"Startup Cost": 1250.01,"Total Cost": 147377.22,"Plan Rows": 1,"Plan Width": 34,"Actual Startup Time": 4.591,"Actual Total Time": 336.749,"Actual Rows": 12677,"Actual Loops": 1,"Workers Planned": 4,"Workers Launched": 4,"Single Copy": false,"Plans": [{"Node Type": "Nested Loop","Parent Relationship": "Outer","Parallel Aware": false,"Async Capable": false,"Join Type": "Anti","Startup Cost": 250.01,"Total Cost": 146377.12,"Plan Rows": 1,"Plan Width": 34,"Actual Startup Time": 5.313,"Actual Total Time": 436.446,"Actual Rows": 2535,"Actual Loops": 5,"Inner Unique": false,"Workers": [],"Plans": [{"Node Type": "Hash Join","Parent Relationship": "Outer","Parallel Aware": false,"Async Capable": false,"Join Type": "Inner","Startup Cost": 249.58,"Total Cost": 133581.65,"Plan Rows": 19990,"Plan Width": 34,"Actual Startup Time": 5.158,"Actual Total Time": 352.526,"Actual Rows": 28439,"Actual Loops": 5,"Inner Unique": false,"Hash Cond": "(l1.l_suppkey = supplier.s_suppkey)","Workers": [],"Plans": [{"Node Type": "Seq Scan","Parent Relationship": "Outer","Parallel Aware": true,"Async Capable": false,"Relation Name": "lineitem","Alias": "l1","Startup Cost": 0.00,"Total Cost": 131256.80,"Plan Rows": 500101,"Plan Width": 8,"Actual Startup Time": 0.028,"Actual Total Time": 300.563,"Actual Rows": 758659,"Actual Loops": 5,"Filter": "(l_receiptdate > l_commitdate)","Rows Removed by Filter": 441584,"Workers": []},{"Node Type": "Hash","Parent Relationship": "Inner","Parallel Aware": false,"Async Capable": false,"Startup Cost": 244.58,"Total Cost": 244.58,"Plan Rows": 400,"Plan Width": 30,"Actual Startup Time": 4.780,"Actual Total Time": 4.790,"Actual Rows": 376,"Actual Loops": 5,"Hash Buckets": 1024,"Original Hash Buckets": 1024,"Hash Batches": 1,"Original Hash Batches": 1,"Peak Memory Usage": 32,"Workers": [],"Plans": [{"Node Type": "Nested Loop","Parent Relationship": "Outer","Parallel Aware": false,"Async Capable": false,"Join Type": "Inner","Startup Cost": 7.38,"Total Cost": 244.58,"Plan Rows": 400,"Plan Width": 30,"Actual Startup Time": 0.359,"Actual Total Time": 4.625,"Actual Rows": 376,"Actual Loops": 5,"Inner Unique": false,"Workers": [],"Plans": [{"Node Type": "Seq Scan","Parent Relationship": "Outer","Parallel Aware": false,"Async Capable": false,"Relation Name": "nation","Alias": "nation","Startup Cost": 0.00,"Total Cost": 1.31,"Plan Rows": 1,"Plan Width": 4,"Actual Startup Time": 0.066,"Actual Total Time": 0.070,"Actual Rows": 1,"Actual Loops": 5,"Filter": "(n_name = 'KENYA'::bpchar)","Rows Removed by Filter": 24,"Workers": []},{"Node Type": "Bitmap Heap Scan","Parent Relationship": "Inner","Parallel Aware": false,"Async Capable": false,"Relation Name": "supplier","Alias": "supplier","Startup Cost": 7.38,"Total Cost": 239.27,"Plan Rows": 400,"Plan Width": 34,"Actual Startup Time": 0.287,"Actual Total Time": 4.480,"Actual Rows": 376,"Actual Loops": 5,"Recheck Cond": "(s_nationkey = nation.n_nationkey)","Rows Removed by Index Recheck": 0,"Exact Heap Blocks": 179,"Lossy Heap Blocks": 0,"Workers": [],"Plans": [{"Node Type": "Bitmap Index Scan","Parent Relationship": "Outer","Parallel Aware": false,"Async Capable": false,"Index Name": "idx_supplier_nation_key","Startup Cost": 0.00,"Total Cost": 7.29,"Plan Rows": 400,"Plan Width": 0,"Actual Startup Time": 0.181,"Actual Total Time": 0.182,"Actual Rows": 376,"Actual Loops": 5,"Index Cond": "(s_nationkey = nation.n_nationkey)","Workers": []}]}]}]}]},{"Node Type": "Index Scan","Parent Relationship": "Inner","Parallel Aware": false,"Async Capable": false,"Scan Direction": "Forward","Index Name": "idx_lineitem_orderkey","Relation Name": "lineitem","Alias": "l3","Startup Cost": 0.43,"Total Cost": 1.06,"Plan Rows": 6,"Plan Width": 8,"Actual Startup Time": 0.003,"Actual Total Time": 0.003,"Actual Rows": 1,"Actual Loops": 142196,"Index Cond": "(l_orderkey = l1.l_orderkey)","Rows Removed by Index Recheck": 0,"Filter": "((l_receiptdate > l_commitdate) AND (l_suppkey <> l1.l_suppkey))","Rows Removed by Filter": 1,"Workers": []}]}]},{"Node Type": "Index Scan","Parent Relationship": "Inner","Parallel Aware": false,"Async Capable": false,"Scan Direction": "Forward","Index Name": "idx_lineitem_orderkey","Relation Name": "lineitem","Alias": "l2","Startup Cost": 0.43,"Total Cost": 1.02,"Plan Rows": 17,"Plan Width": 8,"Actual Startup Time": 0.008,"Actual Total Time": 0.008,"Actual Rows": 1,"Actual Loops": 12677,"Index Cond": "(l_orderkey = l1.l_orderkey)","Rows Removed by Index Recheck": 0,"Filter": "(l_suppkey <> l1.l_suppkey)","Rows Removed by Filter": 1}]},{"Node Type": "Index Scan","Parent Relationship": "Inner","Parallel Aware": false,"Async Capable": false,"Scan Direction": "Forward","Index Name": "orders_pkey","Relation Name": "orders","Alias": "orders","Startup Cost": 0.43,"Total Cost": 0.51,"Plan Rows": 1,"Plan Width": 4,"Actual Startup Time": 0.008,"Actual Total Time": 0.008,"Actual Rows": 0,"Actual Loops": 7589,"Index Cond": "(o_orderkey = l1.l_orderkey)","Rows Removed by Index Recheck": 0,"Filter": "(o_orderstatus = 'F'::bpchar)","Rows Removed by Filter": 1}]}]}]}]},"Planning Time": 8.298,"Triggers": [],"Execution Time": 512.274}]
[{"Plan": {"Node Type": "Sort","Parallel Aware": false,"Async Capable": false,"Startup Cost": 147378.80,"Total Cost": 147378.81,"Plan Rows": 1,"Plan Width": 34,"Actual Startup Time": 491.039,"Actual Total Time": 509.746,"Actual Rows": 373,"Actual Loops": 1,"Sort Key": ["(count(*)) DESC", "supplier.s_name"],"Sort Method": "quicksort","Sort Space Used": 54,"Sort Space Type": "Memory","Plans": [{"Node Type": "Aggregate","Strategy": "Sorted","Partial Mode": "Simple","Parent Relationship": "Outer","Parallel Aware": false,"Async Capable": false,"Startup Cost": 147378.77,"Total Cost": 147378.79,"Plan Rows": 1,"Plan Width": 34,"Actual Startup Time": 489.852,"Actual Total Time": 509.039,"Actual Rows": 373,"Actual Loops": 1,"Group Key": ["supplier.s_name"],"Plans": [{"Node Type": "Sort","Parent Relationship": "Outer","Parallel Aware": false,"Async Capable": false,"Startup Cost": 147378.77,"Total Cost": 147378.78,"Plan Rows": 1,"Plan Width": 26,"Actual Startup Time": 489.818,"Actual Total Time": 508.641,"Actual Rows": 3775,"Actual Loops": 1,"Sort Key": ["supplier.s_name"],"Sort Method": "quicksort","Sort Space Used": 362,"Sort Space Type": "Memory","Plans": [{"Node Type": "Nested Loop","Parent Relationship": "Outer","Parallel Aware": false,"Async Capable": false,"Join Type": "Inner","Startup Cost": 1250.87,"Total Cost": 147378.76,"Plan Rows": 1,"Plan Width": 26,"Actual Startup Time": 4.604,"Actual Total Time": 497.627,"Actual Rows": 3775,"Actual Loops": 1,"Inner Unique": true,"Plans": [{"Node Type": "Nested Loop","Parent Relationship": "Outer","Parallel Aware": false,"Async Capable": false,"Join Type": "Semi","Startup Cost": 1250.44,"Total Cost": 147378.26,"Plan Rows": 1,"Plan Width": 34,"Actual Startup Time": 4.579,"Actual Total Time": 434.821,"Actual Rows": 7601,"Actual Loops": 1,"Inner Unique": false,"Plans": [{"Node Type": "Gather","Parent Relationship": "Outer","Parallel Aware": false,"Async Capable": false,"Startup Cost": 1250.01,"Total Cost": 147377.22,"Plan Rows": 1,"Plan Width": 34,"Actual Startup Time": 4.564,"Actual Total Time": 332.092,"Actual Rows": 12602,"Actual Loops": 1,"Workers Planned": 4,"Workers Launched": 4,"Single Copy": false,"Plans": [{"Node Type": "Nested Loop","Parent Relationship": "Outer","Parallel Aware": false,"Async Capable": false,"Join Type": "Anti","Startup Cost": 250.01,"Total Cost": 146377.12,"Plan Rows": 1,"Plan Width": 34,"Actual Startup Time": 4.313,"Actual Total Time": 433.903,"Actual Rows": 2520,"Actual Loops": 5,"Inner Unique": false,"Workers": [],"Plans": [{"Node Type": "Hash Join","Parent Relationship": "Outer","Parallel Aware": false,"Async Capable": false,"Join Type": "Inner","Startup Cost": 249.58,"Total Cost": 133581.65,"Plan Rows": 19990,"Plan Width": 34,"Actual Startup Time": 3.915,"Actual Total Time": 349.840,"Actual Rows": 28289,"Actual Loops": 5,"Inner Unique": false,"Hash Cond": "(l1.l_suppkey = supplier.s_suppkey)","Workers": [],"Plans": [{"Node Type": "Seq Scan","Parent Relationship": "Outer","Parallel Aware": true,"Async Capable": false,"Relation Name": "lineitem","Alias": "l1","Startup Cost": 0.00,"Total Cost": 131256.80,"Plan Rows": 500101,"Plan Width": 8,"Actual Startup Time": 0.025,"Actual Total Time": 300.593,"Actual Rows": 758659,"Actual Loops": 5,"Filter": "(l_receiptdate > l_commitdate)","Rows Removed by Filter": 441584,"Workers": []},{"Node Type": "Hash","Parent Relationship": "Inner","Parallel Aware": false,"Async Capable": false,"Startup Cost": 244.58,"Total Cost": 244.58,"Plan Rows": 400,"Plan Width": 30,"Actual Startup Time": 3.661,"Actual Total Time": 3.675,"Actual Rows": 373,"Actual Loops": 5,"Hash Buckets": 1024,"Original Hash Buckets": 1024,"Hash Batches": 1,"Original Hash Batches": 1,"Peak Memory Usage": 32,"Workers": [],"Plans": [{"Node Type": "Nested Loop","Parent Relationship": "Outer","Parallel Aware": false,"Async Capable": false,"Join Type": "Inner","Startup Cost": 7.38,"Total Cost": 244.58,"Plan Rows": 400,"Plan Width": 30,"Actual Startup Time": 0.231,"Actual Total Time": 3.539,"Actual Rows": 373,"Actual Loops": 5,"Inner Unique": false,"Workers": [],"Plans": [{"Node Type": "Seq Scan","Parent Relationship": "Outer","Parallel Aware": false,"Async Capable": false,"Relation Name": "nation","Alias": "nation","Startup Cost": 0.00,"Total Cost": 1.31,"Plan Rows": 1,"Plan Width": 4,"Actual Startup Time": 0.052,"Actual Total Time": 0.058,"Actual Rows": 1,"Actual Loops": 5,"Filter": "(n_name = 'MOROCCO'::bpchar)","Rows Removed by Filter": 24,"Workers": []},{"Node Type": "Bitmap Heap Scan","Parent Relationship": "Inner","Parallel Aware": false,"Async Capable": false,"Relation Name": "supplier","Alias": "supplier","Startup Cost": 7.38,"Total Cost": 239.27,"Plan Rows": 400,"Plan Width": 34,"Actual Startup Time": 0.174,"Actual Total Time": 3.419,"Actual Rows": 373,"Actual Loops": 5,"Recheck Cond": "(s_nationkey = nation.n_nationkey)","Rows Removed by Index Recheck": 0,"Exact Heap Blocks": 180,"Lossy Heap Blocks": 0,"Workers": [],"Plans": [{"Node Type": "Bitmap Index Scan","Parent Relationship": "Outer","Parallel Aware": false,"Async Capable": false,"Index Name": "idx_supplier_nation_key","Startup Cost": 0.00,"Total Cost": 7.29,"Plan Rows": 400,"Plan Width": 0,"Actual Startup Time": 0.112,"Actual Total Time": 0.115,"Actual Rows": 373,"Actual Loops": 5,"Index Cond": "(s_nationkey = nation.n_nationkey)","Workers": []}]}]}]}]},{"Node Type": "Index Scan","Parent Relationship": "Inner","Parallel Aware": false,"Async Capable": false,"Scan Direction": "Forward","Index Name": "idx_lineitem_orderkey","Relation Name": "lineitem","Alias": "l3","Startup Cost": 0.43,"Total Cost": 1.06,"Plan Rows": 6,"Plan Width": 8,"Actual Startup Time": 0.003,"Actual Total Time": 0.003,"Actual Rows": 1,"Actual Loops": 141445,"Index Cond": "(l_orderkey = l1.l_orderkey)","Rows Removed by Index Recheck": 0,"Filter": "((l_receiptdate > l_commitdate) AND (l_suppkey <> l1.l_suppkey))","Rows Removed by Filter": 1,"Workers": []}]}]},{"Node Type": "Index Scan","Parent Relationship": "Inner","Parallel Aware": false,"Async Capable": false,"Scan Direction": "Forward","Index Name": "idx_lineitem_orderkey","Relation Name": "lineitem","Alias": "l2","Startup Cost": 0.43,"Total Cost": 1.02,"Plan Rows": 17,"Plan Width": 8,"Actual Startup Time": 0.008,"Actual Total Time": 0.008,"Actual Rows": 1,"Actual Loops": 12602,"Index Cond": "(l_orderkey = l1.l_orderkey)","Rows Removed by Index Recheck": 0,"Filter": "(l_suppkey <> l1.l_suppkey)","Rows Removed by Filter": 1}]},{"Node Type": "Index Scan","Parent Relationship": "Inner","Parallel Aware": false,"Async Capable": false,"Scan Direction": "Forward","Index Name": "orders_pkey","Relation Name": "orders","Alias": "orders","Startup Cost": 0.43,"Total Cost": 0.51,"Plan Rows": 1,"Plan Width": 4,"Actual Startup Time": 0.008,"Actual Total Time": 0.008,"Actual Rows": 0,"Actual Loops": 7601,"Index Cond": "(o_orderkey = l1.l_orderkey)","Rows Removed by Index Recheck": 0,"Filter": "(o_orderstatus = 'F'::bpchar)","Rows Removed by Filter": 1}]}]}]}]},"Planning Time": 9.187,"Triggers": [],"Execution Time": 510.411}]
[{"Plan": {"Node Type": "Sort","Parallel Aware": false,"Async Capable": false,"Startup Cost": 147378.80,"Total Cost": 147378.81,"Plan Rows": 1,"Plan Width": 34,"Actual Startup Time": 500.185,"Actual Total Time": 519.970,"Actual Rows": 396,"Actual Loops": 1,"Sort Key": ["(count(*)) DESC", "supplier.s_name"],"Sort Method": "quicksort","Sort Space Used": 55,"Sort Space Type": "Memory","Plans": [{"Node Type": "Aggregate","Strategy": "Sorted","Partial Mode": "Simple","Parent Relationship": "Outer","Parallel Aware": false,"Async Capable": false,"Startup Cost": 147378.77,"Total Cost": 147378.79,"Plan Rows": 1,"Plan Width": 34,"Actual Startup Time": 498.969,"Actual Total Time": 519.272,"Actual Rows": 396,"Actual Loops": 1,"Group Key": ["supplier.s_name"],"Plans": [{"Node Type": "Sort","Parent Relationship": "Outer","Parallel Aware": false,"Async Capable": false,"Startup Cost": 147378.77,"Total Cost": 147378.78,"Plan Rows": 1,"Plan Width": 26,"Actual Startup Time": 498.950,"Actual Total Time": 518.863,"Actual Rows": 3935,"Actual Loops": 1,"Sort Key": ["supplier.s_name"],"Sort Method": "quicksort","Sort Space Used": 373,"Sort Space Type": "Memory","Plans": [{"Node Type": "Nested Loop","Parent Relationship": "Outer","Parallel Aware": false,"Async Capable": false,"Join Type": "Inner","Startup Cost": 1250.87,"Total Cost": 147378.76,"Plan Rows": 1,"Plan Width": 26,"Actual Startup Time": 5.056,"Actual Total Time": 508.223,"Actual Rows": 3935,"Actual Loops": 1,"Inner Unique": true,"Plans": [{"Node Type": "Nested Loop","Parent Relationship": "Outer","Parallel Aware": false,"Async Capable": false,"Join Type": "Semi","Startup Cost": 1250.44,"Total Cost": 147378.26,"Plan Rows": 1,"Plan Width": 34,"Actual Startup Time": 5.029,"Actual Total Time": 447.558,"Actual Rows": 8035,"Actual Loops": 1,"Inner Unique": false,"Plans": [{"Node Type": "Gather","Parent Relationship": "Outer","Parallel Aware": false,"Async Capable": false,"Startup Cost": 1250.01,"Total Cost": 147377.22,"Plan Rows": 1,"Plan Width": 34,"Actual Startup Time": 4.623,"Actual Total Time": 341.887,"Actual Rows": 13450,"Actual Loops": 1,"Workers Planned": 4,"Workers Launched": 4,"Single Copy": false,"Plans": [{"Node Type": "Nested Loop","Parent Relationship": "Outer","Parallel Aware": false,"Async Capable": false,"Join Type": "Anti","Startup Cost": 250.01,"Total Cost": 146377.12,"Plan Rows": 1,"Plan Width": 34,"Actual Startup Time": 4.632,"Actual Total Time": 442.832,"Actual Rows": 2690,"Actual Loops": 5,"Inner Unique": false,"Workers": [],"Plans": [{"Node Type": "Hash Join","Parent Relationship": "Outer","Parallel Aware": false,"Async Capable": false,"Join Type": "Inner","Startup Cost": 249.58,"Total Cost": 133581.65,"Plan Rows": 19990,"Plan Width": 34,"Actual Startup Time": 4.440,"Actual Total Time": 353.938,"Actual Rows": 30159,"Actual Loops": 5,"Inner Unique": false,"Hash Cond": "(l1.l_suppkey = supplier.s_suppkey)","Workers": [],"Plans": [{"Node Type": "Seq Scan","Parent Relationship": "Outer","Parallel Aware": true,"Async Capable": false,"Relation Name": "lineitem","Alias": "l1","Startup Cost": 0.00,"Total Cost": 131256.80,"Plan Rows": 500101,"Plan Width": 8,"Actual Startup Time": 0.027,"Actual Total Time": 302.537,"Actual Rows": 758659,"Actual Loops": 5,"Filter": "(l_receiptdate > l_commitdate)","Rows Removed by Filter": 441584,"Workers": []},{"Node Type": "Hash","Parent Relationship": "Inner","Parallel Aware": false,"Async Capable": false,"Startup Cost": 244.58,"Total Cost": 244.58,"Plan Rows": 400,"Plan Width": 30,"Actual Startup Time": 4.114,"Actual Total Time": 4.124,"Actual Rows": 396,"Actual Loops": 5,"Hash Buckets": 1024,"Original Hash Buckets": 1024,"Hash Batches": 1,"Original Hash Batches": 1,"Peak Memory Usage": 33,"Workers": [],"Plans": [{"Node Type": "Nested Loop","Parent Relationship": "Outer","Parallel Aware": false,"Async Capable": false,"Join Type": "Inner","Startup Cost": 7.38,"Total Cost": 244.58,"Plan Rows": 400,"Plan Width": 30,"Actual Startup Time": 0.301,"Actual Total Time": 3.971,"Actual Rows": 396,"Actual Loops": 5,"Inner Unique": false,"Workers": [],"Plans": [{"Node Type": "Seq Scan","Parent Relationship": "Outer","Parallel Aware": false,"Async Capable": false,"Relation Name": "nation","Alias": "nation","Startup Cost": 0.00,"Total Cost": 1.31,"Plan Rows": 1,"Plan Width": 4,"Actual Startup Time": 0.063,"Actual Total Time": 0.068,"Actual Rows": 1,"Actual Loops": 5,"Filter": "(n_name = 'GERMANY'::bpchar)","Rows Removed by Filter": 24,"Workers": []},{"Node Type": "Bitmap Heap Scan","Parent Relationship": "Inner","Parallel Aware": false,"Async Capable": false,"Relation Name": "supplier","Alias": "supplier","Startup Cost": 7.38,"Total Cost": 239.27,"Plan Rows": 400,"Plan Width": 34,"Actual Startup Time": 0.232,"Actual Total Time": 3.829,"Actual Rows": 396,"Actual Loops": 5,"Recheck Cond": "(s_nationkey = nation.n_nationkey)","Rows Removed by Index Recheck": 0,"Exact Heap Blocks": 191,"Lossy Heap Blocks": 0,"Workers": [],"Plans": [{"Node Type": "Bitmap Index Scan","Parent Relationship": "Outer","Parallel Aware": false,"Async Capable": false,"Index Name": "idx_supplier_nation_key","Startup Cost": 0.00,"Total Cost": 7.29,"Plan Rows": 400,"Plan Width": 0,"Actual Startup Time": 0.147,"Actual Total Time": 0.148,"Actual Rows": 396,"Actual Loops": 5,"Index Cond": "(s_nationkey = nation.n_nationkey)","Workers": []}]}]}]}]},{"Node Type": "Index Scan","Parent Relationship": "Inner","Parallel Aware": false,"Async Capable": false,"Scan Direction": "Forward","Index Name": "idx_lineitem_orderkey","Relation Name": "lineitem","Alias": "l3","Startup Cost": 0.43,"Total Cost": 1.06,"Plan Rows": 6,"Plan Width": 8,"Actual Startup Time": 0.003,"Actual Total Time": 0.003,"Actual Rows": 1,"Actual Loops": 150794,"Index Cond": "(l_orderkey = l1.l_orderkey)","Rows Removed by Index Recheck": 0,"Filter": "((l_receiptdate > l_commitdate) AND (l_suppkey <> l1.l_suppkey))","Rows Removed by Filter": 1,"Workers": []}]}]},{"Node Type": "Index Scan","Parent Relationship": "Inner","Parallel Aware": false,"Async Capable": false,"Scan Direction": "Forward","Index Name": "idx_lineitem_orderkey","Relation Name": "lineitem","Alias": "l2","Startup Cost": 0.43,"Total Cost": 1.02,"Plan Rows": 17,"Plan Width": 8,"Actual Startup Time": 0.007,"Actual Total Time": 0.007,"Actual Rows": 1,"Actual Loops": 13450,"Index Cond": "(l_orderkey = l1.l_orderkey)","Rows Removed by Index Recheck": 0,"Filter": "(l_suppkey <> l1.l_suppkey)","Rows Removed by Filter": 1}]},{"Node Type": "Index Scan","Parent Relationship": "Inner","Parallel Aware": false,"Async Capable": false,"Scan Direction": "Forward","Index Name": "orders_pkey","Relation Name": "orders","Alias": "orders","Startup Cost": 0.43,"Total Cost": 0.51,"Plan Rows": 1,"Plan Width": 4,"Actual Startup Time": 0.007,"Actual Total Time": 0.007,"Actual Rows": 0,"Actual Loops": 8035,"Index Cond": "(o_orderkey = l1.l_orderkey)","Rows Removed by Index Recheck": 0,"Filter": "(o_orderstatus = 'F'::bpchar)","Rows Removed by Filter": 1}]}]}]}]},"Planning Time": 8.500,"Triggers": [],"Execution Time": 520.683}]
[{"Plan": {"Node Type": "Sort","Parallel Aware": false,"Async Capable": false,"Startup Cost": 147378.80,"Total Cost": 147378.81,"Plan Rows": 1,"Plan Width": 34,"Actual Startup Time": 501.304,"Actual Total Time": 522.071,"Actual Rows": 393,"Actual Loops": 1,"Sort Key": ["(count(*)) DESC", "supplier.s_name"],"Sort Method": "quicksort","Sort Space Used": 55,"Sort Space Type": "Memory","Plans": [{"Node Type": "Aggregate","Strategy": "Sorted","Partial Mode": "Simple","Parent Relationship": "Outer","Parallel Aware": false,"Async Capable": false,"Startup Cost": 147378.77,"Total Cost": 147378.79,"Plan Rows": 1,"Plan Width": 34,"Actual Startup Time": 500.141,"Actual Total Time": 521.406,"Actual Rows": 393,"Actual Loops": 1,"Group Key": ["supplier.s_name"],"Plans": [{"Node Type": "Sort","Parent Relationship": "Outer","Parallel Aware": false,"Async Capable": false,"Startup Cost": 147378.77,"Total Cost": 147378.78,"Plan Rows": 1,"Plan Width": 26,"Actual Startup Time": 500.117,"Actual Total Time": 521.005,"Actual Rows": 3888,"Actual Loops": 1,"Sort Key": ["supplier.s_name"],"Sort Method": "quicksort","Sort Space Used": 370,"Sort Space Type": "Memory","Plans": [{"Node Type": "Nested Loop","Parent Relationship": "Outer","Parallel Aware": false,"Async Capable": false,"Join Type": "Inner","Startup Cost": 1250.87,"Total Cost": 147378.76,"Plan Rows": 1,"Plan Width": 26,"Actual Startup Time": 4.419,"Actual Total Time": 510.533,"Actual Rows": 3888,"Actual Loops": 1,"Inner Unique": true,"Plans": [{"Node Type": "Nested Loop","Parent Relationship": "Outer","Parallel Aware": false,"Async Capable": false,"Join Type": "Semi","Startup Cost": 1250.44,"Total Cost": 147378.26,"Plan Rows": 1,"Plan Width": 34,"Actual Startup Time": 4.399,"Actual Total Time": 450.183,"Actual Rows": 7870,"Actual Loops": 1,"Inner Unique": false,"Plans": [{"Node Type": "Gather","Parent Relationship": "Outer","Parallel Aware": false,"Async Capable": false,"Startup Cost": 1250.01,"Total Cost": 147377.22,"Plan Rows": 1,"Plan Width": 34,"Actual Startup Time": 4.381,"Actual Total Time": 345.433,"Actual Rows": 13167,"Actual Loops": 1,"Workers Planned": 4,"Workers Launched": 4,"Single Copy": false,"Plans": [{"Node Type": "Nested Loop","Parent Relationship": "Outer","Parallel Aware": false,"Async Capable": false,"Join Type": "Anti","Startup Cost": 250.01,"Total Cost": 146377.12,"Plan Rows": 1,"Plan Width": 34,"Actual Startup Time": 4.384,"Actual Total Time": 444.967,"Actual Rows": 2633,"Actual Loops": 5,"Inner Unique": false,"Workers": [],"Plans": [{"Node Type": "Hash Join","Parent Relationship": "Outer","Parallel Aware": false,"Async Capable": false,"Join Type": "Inner","Startup Cost": 249.58,"Total Cost": 133581.65,"Plan Rows": 19990,"Plan Width": 34,"Actual Startup Time": 4.142,"Actual Total Time": 356.305,"Actual Rows": 29760,"Actual Loops": 5,"Inner Unique": false,"Hash Cond": "(l1.l_suppkey = supplier.s_suppkey)","Workers": [],"Plans": [{"Node Type": "Seq Scan","Parent Relationship": "Outer","Parallel Aware": true,"Async Capable": false,"Relation Name": "lineitem","Alias": "l1","Startup Cost": 0.00,"Total Cost": 131256.80,"Plan Rows": 500101,"Plan Width": 8,"Actual Startup Time": 0.027,"Actual Total Time": 306.242,"Actual Rows": 758659,"Actual Loops": 5,"Filter": "(l_receiptdate > l_commitdate)","Rows Removed by Filter": 441584,"Workers": []},{"Node Type": "Hash","Parent Relationship": "Inner","Parallel Aware": false,"Async Capable": false,"Startup Cost": 244.58,"Total Cost": 244.58,"Plan Rows": 400,"Plan Width": 30,"Actual Startup Time": 3.834,"Actual Total Time": 3.847,"Actual Rows": 393,"Actual Loops": 5,"Hash Buckets": 1024,"Original Hash Buckets": 1024,"Hash Batches": 1,"Original Hash Batches": 1,"Peak Memory Usage": 33,"Workers": [],"Plans": [{"Node Type": "Nested Loop","Parent Relationship": "Outer","Parallel Aware": false,"Async Capable": false,"Join Type": "Inner","Startup Cost": 7.38,"Total Cost": 244.58,"Plan Rows": 400,"Plan Width": 30,"Actual Startup Time": 0.244,"Actual Total Time": 3.695,"Actual Rows": 393,"Actual Loops": 5,"Inner Unique": false,"Workers": [],"Plans": [{"Node Type": "Seq Scan","Parent Relationship": "Outer","Parallel Aware": false,"Async Capable": false,"Relation Name": "nation","Alias": "nation","Startup Cost": 0.00,"Total Cost": 1.31,"Plan Rows": 1,"Plan Width": 4,"Actual Startup Time": 0.049,"Actual Total Time": 0.055,"Actual Rows": 1,"Actual Loops": 5,"Filter": "(n_name = 'IRAN'::bpchar)","Rows Removed by Filter": 24,"Workers": []},{"Node Type": "Bitmap Heap Scan","Parent Relationship": "Inner","Parallel Aware": false,"Async Capable": false,"Relation Name": "supplier","Alias": "supplier","Startup Cost": 7.38,"Total Cost": 239.27,"Plan Rows": 400,"Plan Width": 34,"Actual Startup Time": 0.188,"Actual Total Time": 3.562,"Actual Rows": 393,"Actual Loops": 5,"Recheck Cond": "(s_nationkey = nation.n_nationkey)","Rows Removed by Index Recheck": 0,"Exact Heap Blocks": 179,"Lossy Heap Blocks": 0,"Workers": [],"Plans": [{"Node Type": "Bitmap Index Scan","Parent Relationship": "Outer","Parallel Aware": false,"Async Capable": false,"Index Name": "idx_supplier_nation_key","Startup Cost": 0.00,"Total Cost": 7.29,"Plan Rows": 400,"Plan Width": 0,"Actual Startup Time": 0.116,"Actual Total Time": 0.118,"Actual Rows": 393,"Actual Loops": 5,"Index Cond": "(s_nationkey = nation.n_nationkey)","Workers": []}]}]}]}]},{"Node Type": "Index Scan","Parent Relationship": "Inner","Parallel Aware": false,"Async Capable": false,"Scan Direction": "Forward","Index Name": "idx_lineitem_orderkey","Relation Name": "lineitem","Alias": "l3","Startup Cost": 0.43,"Total Cost": 1.06,"Plan Rows": 6,"Plan Width": 8,"Actual Startup Time": 0.003,"Actual Total Time": 0.003,"Actual Rows": 1,"Actual Loops": 148802,"Index Cond": "(l_orderkey = l1.l_orderkey)","Rows Removed by Index Recheck": 0,"Filter": "((l_receiptdate > l_commitdate) AND (l_suppkey <> l1.l_suppkey))","Rows Removed by Filter": 1,"Workers": []}]}]},{"Node Type": "Index Scan","Parent Relationship": "Inner","Parallel Aware": false,"Async Capable": false,"Scan Direction": "Forward","Index Name": "idx_lineitem_orderkey","Relation Name": "lineitem","Alias": "l2","Startup Cost": 0.43,"Total Cost": 1.02,"Plan Rows": 17,"Plan Width": 8,"Actual Startup Time": 0.008,"Actual Total Time": 0.008,"Actual Rows": 1,"Actual Loops": 13167,"Index Cond": "(l_orderkey = l1.l_orderkey)","Rows Removed by Index Recheck": 0,"Filter": "(l_suppkey <> l1.l_suppkey)","Rows Removed by Filter": 1}]},{"Node Type": "Index Scan","Parent Relationship": "Inner","Parallel Aware": false,"Async Capable": false,"Scan Direction": "Forward","Index Name": "orders_pkey","Relation Name": "orders","Alias": "orders","Startup Cost": 0.43,"Total Cost": 0.51,"Plan Rows": 1,"Plan Width": 4,"Actual Startup Time": 0.007,"Actual Total Time": 0.007,"Actual Rows": 0,"Actual Loops": 7870,"Index Cond": "(o_orderkey = l1.l_orderkey)","Rows Removed by Index Recheck": 0,"Filter": "(o_orderstatus = 'F'::bpchar)","Rows Removed by Filter": 1}]}]}]}]},"Planning Time": 9.769,"Triggers": [],"Execution Time": 522.666}]
[{"Plan": {"Node Type": "Sort","Parallel Aware": false,"Async Capable": false,"Startup Cost": 147378.80,"Total Cost": 147378.81,"Plan Rows": 1,"Plan Width": 34,"Actual Startup Time": 491.039,"Actual Total Time": 509.746,"Actual Rows": 373,"Actual Loops": 1,"Sort Key": ["(count(*)) DESC", "supplier.s_name"],"Sort Method": "quicksort","Sort Space Used": 54,"Sort Space Type": "Memory","Plans": [{"Node Type": "Aggregate","Strategy": "Sorted","Partial Mode": "Simple","Parent Relationship": "Outer","Parallel Aware": false,"Async Capable": false,"Startup Cost": 147378.77,"Total Cost": 147378.79,"Plan Rows": 1,"Plan Width": 34,"Actual Startup Time": 489.852,"Actual Total Time": 509.039,"Actual Rows": 373,"Actual Loops": 1,"Group Key": ["supplier.s_name"],"Plans": [{"Node Type": "Sort","Parent Relationship": "Outer","Parallel Aware": false,"Async Capable": false,"Startup Cost": 147378.77,"Total Cost": 147378.78,"Plan Rows": 1,"Plan Width": 26,"Actual Startup Time": 489.818,"Actual Total Time": 508.641,"Actual Rows": 3775,"Actual Loops": 1,"Sort Key": ["supplier.s_name"],"Sort Method": "quicksort","Sort Space Used": 362,"Sort Space Type": "Memory","Plans": [{"Node Type": "Nested Loop","Parent Relationship": "Outer","Parallel Aware": false,"Async Capable": false,"Join Type": "Inner","Startup Cost": 1250.87,"Total Cost": 147378.76,"Plan Rows": 1,"Plan Width": 26,"Actual Startup Time": 4.604,"Actual Total Time": 497.627,"Actual Rows": 3775,"Actual Loops": 1,"Inner Unique": true,"Plans": [{"Node Type": "Nested Loop","Parent Relationship": "Outer","Parallel Aware": false,"Async Capable": false,"Join Type": "Semi","Startup Cost": 1250.44,"Total Cost": 147378.26,"Plan Rows": 1,"Plan Width": 34,"Actual Startup Time": 4.579,"Actual Total Time": 434.821,"Actual Rows": 7601,"Actual Loops": 1,"Inner Unique": false,"Plans": [{"Node Type": "Gather","Parent Relationship": "Outer","Parallel Aware": false,"Async Capable": false,"Startup Cost": 1250.01,"Total Cost": 147377.22,"Plan Rows": 1,"Plan Width": 34,"Actual Startup Time": 4.564,"Actual Total Time": 332.092,"Actual Rows": 12602,"Actual Loops": 1,"Workers Planned": 4,"Workers Launched": 4,"Single Copy": false,"Plans": [{"Node Type": "Nested Loop","Parent Relationship": "Outer","Parallel Aware": false,"Async Capable": false,"Join Type": "Anti","Startup Cost": 250.01,"Total Cost": 146377.12,"Plan Rows": 1,"Plan Width": 34,"Actual Startup Time": 4.313,"Actual Total Time": 433.903,"Actual Rows": 2520,"Actual Loops": 5,"Inner Unique": false,"Workers": [],"Plans": [{"Node Type": "Hash Join","Parent Relationship": "Outer","Parallel Aware": false,"Async Capable": false,"Join Type": "Inner","Startup Cost": 249.58,"Total Cost": 133581.65,"Plan Rows": 19990,"Plan Width": 34,"Actual Startup Time": 3.915,"Actual Total Time": 349.840,"Actual Rows": 28289,"Actual Loops": 5,"Inner Unique": false,"Hash Cond": "(l1.l_suppkey = supplier.s_suppkey)","Workers": [],"Plans": [{"Node Type": "Seq Scan","Parent Relationship": "Outer","Parallel Aware": true,"Async Capable": false,"Relation Name": "lineitem","Alias": "l1","Startup Cost": 0.00,"Total Cost": 131256.80,"Plan Rows": 500101,"Plan Width": 8,"Actual Startup Time": 0.025,"Actual Total Time": 300.593,"Actual Rows": 758659,"Actual Loops": 5,"Filter": "(l_receiptdate > l_commitdate)","Rows Removed by Filter": 441584,"Workers": []},{"Node Type": "Hash","Parent Relationship": "Inner","Parallel Aware": false,"Async Capable": false,"Startup Cost": 244.58,"Total Cost": 244.58,"Plan Rows": 400,"Plan Width": 30,"Actual Startup Time": 3.661,"Actual Total Time": 3.675,"Actual Rows": 373,"Actual Loops": 5,"Hash Buckets": 1024,"Original Hash Buckets": 1024,"Hash Batches": 1,"Original Hash Batches": 1,"Peak Memory Usage": 32,"Workers": [],"Plans": [{"Node Type": "Nested Loop","Parent Relationship": "Outer","Parallel Aware": false,"Async Capable": false,"Join Type": "Inner","Startup Cost": 7.38,"Total Cost": 244.58,"Plan Rows": 400,"Plan Width": 30,"Actual Startup Time": 0.231,"Actual Total Time": 3.539,"Actual Rows": 373,"Actual Loops": 5,"Inner Unique": false,"Workers": [],"Plans": [{"Node Type": "Seq Scan","Parent Relationship": "Outer","Parallel Aware": false,"Async Capable": false,"Relation Name": "nation","Alias": "nation","Startup Cost": 0.00,"Total Cost": 1.31,"Plan Rows": 1,"Plan Width": 4,"Actual Startup Time": 0.052,"Actual Total Time": 0.058,"Actual Rows": 1,"Actual Loops": 5,"Filter": "(n_name = 'MOROCCO'::bpchar)","Rows Removed by Filter": 24,"Workers": []},{"Node Type": "Bitmap Heap Scan","Parent Relationship": "Inner","Parallel Aware": false,"Async Capable": false,"Relation Name": "supplier","Alias": "supplier","Startup Cost": 7.38,"Total Cost": 239.27,"Plan Rows": 400,"Plan Width": 34,"Actual Startup Time": 0.174,"Actual Total Time": 3.419,"Actual Rows": 373,"Actual Loops": 5,"Recheck Cond": "(s_nationkey = nation.n_nationkey)","Rows Removed by Index Recheck": 0,"Exact Heap Blocks": 180,"Lossy Heap Blocks": 0,"Workers": [],"Plans": [{"Node Type": "Bitmap Index Scan","Parent Relationship": "Outer","Parallel Aware": false,"Async Capable": false,"Index Name": "idx_supplier_nation_key","Startup Cost": 0.00,"Total Cost": 7.29,"Plan Rows": 400,"Plan Width": 0,"Actual Startup Time": 0.112,"Actual Total Time": 0.115,"Actual Rows": 373,"Actual Loops": 5,"Index Cond": "(s_nationkey = nation.n_nationkey)","Workers": []}]}]}]}]},{"Node Type": "Index Scan","Parent Relationship": "Inner","Parallel Aware": false,"Async Capable": false,"Scan Direction": "Forward","Index Name": "idx_lineitem_orderkey","Relation Name": "lineitem","Alias": "l3","Startup Cost": 0.43,"Total Cost": 1.06,"Plan Rows": 6,"Plan Width": 8,"Actual Startup Time": 0.003,"Actual Total Time": 0.003,"Actual Rows": 1,"Actual Loops": 141445,"Index Cond": "(l_orderkey = l1.l_orderkey)","Rows Removed by Index Recheck": 0,"Filter": "((l_receiptdate > l_commitdate) AND (l_suppkey <> l1.l_suppkey))","Rows Removed by Filter": 1,"Workers": []}]}]},{"Node Type": "Index Scan","Parent Relationship": "Inner","Parallel Aware": false,"Async Capable": false,"Scan Direction": "Forward","Index Name": "idx_lineitem_orderkey","Relation Name": "lineitem","Alias": "l2","Startup Cost": 0.43,"Total Cost": 1.02,"Plan Rows": 17,"Plan Width": 8,"Actual Startup Time": 0.008,"Actual Total Time": 0.008,"Actual Rows": 1,"Actual Loops": 12602,"Index Cond": "(l_orderkey = l1.l_orderkey)","Rows Removed by Index Recheck": 0,"Filter": "(l_suppkey <> l1.l_suppkey)","Rows Removed by Filter": 1}]},{"Node Type": "Index Scan","Parent Relationship": "Inner","Parallel Aware": false,"Async Capable": false,"Scan Direction": "Forward","Index Name": "orders_pkey","Relation Name": "orders","Alias": "orders","Startup Cost": 0.43,"Total Cost": 0.51,"Plan Rows": 1,"Plan Width": 4,"Actual Startup Time": 0.008,"Actual Total Time": 0.008,"Actual Rows": 0,"Actual Loops": 7601,"Index Cond": "(o_orderkey = l1.l_orderkey)","Rows Removed by Index Recheck": 0,"Filter": "(o_orderstatus = 'F'::bpchar)","Rows Removed by Filter": 1}]}]}]}]},"Planning Time": 9.187,"Triggers": [],"Execution Time": 510.411}]
[{"Plan": {"Node Type": "Sort","Parallel Aware": false,"Async Capable": false,"Startup Cost": 147378.80,"Total Cost": 147378.81,"Plan Rows": 1,"Plan Width": 34,"Actual Startup Time": 503.423,"Actual Total Time": 521.004,"Actual Rows": 406,"Actual Loops": 1,"Sort Key": ["(count(*)) DESC", "supplier.s_name"],"Sort Method": "quicksort","Sort Space Used": 56,"Sort Space Type": "Memory","Plans": [{"Node Type": "Aggregate","Strategy": "Sorted","Partial Mode": "Simple","Parent Relationship": "Outer","Parallel Aware": false,"Async Capable": false,"Startup Cost": 147378.77,"Total Cost": 147378.79,"Plan Rows": 1,"Plan Width": 34,"Actual Startup Time": 502.176,"Actual Total Time": 520.280,"Actual Rows": 406,"Actual Loops": 1,"Group Key": ["supplier.s_name"],"Plans": [{"Node Type": "Sort","Parent Relationship": "Outer","Parallel Aware": false,"Async Capable": false,"Startup Cost": 147378.77,"Total Cost": 147378.78,"Plan Rows": 1,"Plan Width": 26,"Actual Startup Time": 502.147,"Actual Total Time": 519.852,"Actual Rows": 4052,"Actual Loops": 1,"Sort Key": ["supplier.s_name"],"Sort Method": "quicksort","Sort Space Used": 381,"Sort Space Type": "Memory","Plans": [{"Node Type": "Nested Loop","Parent Relationship": "Outer","Parallel Aware": false,"Async Capable": false,"Join Type": "Inner","Startup Cost": 1250.87,"Total Cost": 147378.76,"Plan Rows": 1,"Plan Width": 26,"Actual Startup Time": 4.486,"Actual Total Time": 508.290,"Actual Rows": 4052,"Actual Loops": 1,"Inner Unique": true,"Plans": [{"Node Type": "Nested Loop","Parent Relationship": "Outer","Parallel Aware": false,"Async Capable": false,"Join Type": "Semi","Startup Cost": 1250.44,"Total Cost": 147378.26,"Plan Rows": 1,"Plan Width": 34,"Actual Startup Time": 4.452,"Actual Total Time": 441.127,"Actual Rows": 8332,"Actual Loops": 1,"Inner Unique": false,"Plans": [{"Node Type": "Gather","Parent Relationship": "Outer","Parallel Aware": false,"Async Capable": false,"Startup Cost": 1250.01,"Total Cost": 147377.22,"Plan Rows": 1,"Plan Width": 34,"Actual Startup Time": 4.440,"Actual Total Time": 331.994,"Actual Rows": 13791,"Actual Loops": 1,"Workers Planned": 4,"Workers Launched": 4,"Single Copy": false,"Plans": [{"Node Type": "Nested Loop","Parent Relationship": "Outer","Parallel Aware": false,"Async Capable": false,"Join Type": "Anti","Startup Cost": 250.01,"Total Cost": 146377.12,"Plan Rows": 1,"Plan Width": 34,"Actual Startup Time": 4.624,"Actual Total Time": 442.937,"Actual Rows": 2758,"Actual Loops": 5,"Inner Unique": false,"Workers": [],"Plans": [{"Node Type": "Hash Join","Parent Relationship": "Outer","Parallel Aware": false,"Async Capable": false,"Join Type": "Inner","Startup Cost": 249.58,"Total Cost": 133581.65,"Plan Rows": 19990,"Plan Width": 34,"Actual Startup Time": 4.481,"Actual Total Time": 353.409,"Actual Rows": 30900,"Actual Loops": 5,"Inner Unique": false,"Hash Cond": "(l1.l_suppkey = supplier.s_suppkey)","Workers": [],"Plans": [{"Node Type": "Seq Scan","Parent Relationship": "Outer","Parallel Aware": true,"Async Capable": false,"Relation Name": "lineitem","Alias": "l1","Startup Cost": 0.00,"Total Cost": 131256.80,"Plan Rows": 500101,"Plan Width": 8,"Actual Startup Time": 0.029,"Actual Total Time": 301.270,"Actual Rows": 758659,"Actual Loops": 5,"Filter": "(l_receiptdate > l_commitdate)","Rows Removed by Filter": 441584,"Workers": []},{"Node Type": "Hash","Parent Relationship": "Inner","Parallel Aware": false,"Async Capable": false,"Startup Cost": 244.58,"Total Cost": 244.58,"Plan Rows": 400,"Plan Width": 30,"Actual Startup Time": 4.105,"Actual Total Time": 4.114,"Actual Rows": 406,"Actual Loops": 5,"Hash Buckets": 1024,"Original Hash Buckets": 1024,"Hash Batches": 1,"Original Hash Batches": 1,"Peak Memory Usage": 34,"Workers": [],"Plans": [{"Node Type": "Nested Loop","Parent Relationship": "Outer","Parallel Aware": false,"Async Capable": false,"Join Type": "Inner","Startup Cost": 7.38,"Total Cost": 244.58,"Plan Rows": 400,"Plan Width": 30,"Actual Startup Time": 0.252,"Actual Total Time": 3.975,"Actual Rows": 406,"Actual Loops": 5,"Inner Unique": false,"Workers": [],"Plans": [{"Node Type": "Seq Scan","Parent Relationship": "Outer","Parallel Aware": false,"Async Capable": false,"Relation Name": "nation","Alias": "nation","Startup Cost": 0.00,"Total Cost": 1.31,"Plan Rows": 1,"Plan Width": 4,"Actual Startup Time": 0.055,"Actual Total Time": 0.058,"Actual Rows": 1,"Actual Loops": 5,"Filter": "(n_name = 'MOZAMBIQUE'::bpchar)","Rows Removed by Filter": 24,"Workers": []},{"Node Type": "Bitmap Heap Scan","Parent Relationship": "Inner","Parallel Aware": false,"Async Capable": false,"Relation Name": "supplier","Alias": "supplier","Startup Cost": 7.38,"Total Cost": 239.27,"Plan Rows": 400,"Plan Width": 34,"Actual Startup Time": 0.193,"Actual Total Time": 3.854,"Actual Rows": 406,"Actual Loops": 5,"Recheck Cond": "(s_nationkey = nation.n_nationkey)","Rows Removed by Index Recheck": 0,"Exact Heap Blocks": 186,"Lossy Heap Blocks": 0,"Workers": [],"Plans": [{"Node Type": "Bitmap Index Scan","Parent Relationship": "Outer","Parallel Aware": false,"Async Capable": false,"Index Name": "idx_supplier_nation_key","Startup Cost": 0.00,"Total Cost": 7.29,"Plan Rows": 400,"Plan Width": 0,"Actual Startup Time": 0.125,"Actual Total Time": 0.126,"Actual Rows": 406,"Actual Loops": 5,"Index Cond": "(s_nationkey = nation.n_nationkey)","Workers": []}]}]}]}]},{"Node Type": "Index Scan","Parent Relationship": "Inner","Parallel Aware": false,"Async Capable": false,"Scan Direction": "Forward","Index Name": "idx_lineitem_orderkey","Relation Name": "lineitem","Alias": "l3","Startup Cost": 0.43,"Total Cost": 1.06,"Plan Rows": 6,"Plan Width": 8,"Actual Startup Time": 0.003,"Actual Total Time": 0.003,"Actual Rows": 1,"Actual Loops": 154501,"Index Cond": "(l_orderkey = l1.l_orderkey)","Rows Removed by Index Recheck": 0,"Filter": "((l_receiptdate > l_commitdate) AND (l_suppkey <> l1.l_suppkey))","Rows Removed by Filter": 1,"Workers": []}]}]},{"Node Type": "Index Scan","Parent Relationship": "Inner","Parallel Aware": false,"Async Capable": false,"Scan Direction": "Forward","Index Name": "idx_lineitem_orderkey","Relation Name": "lineitem","Alias": "l2","Startup Cost": 0.43,"Total Cost": 1.02,"Plan Rows": 17,"Plan Width": 8,"Actual Startup Time": 0.007,"Actual Total Time": 0.007,"Actual Rows": 1,"Actual Loops": 13791,"Index Cond": "(l_orderkey = l1.l_orderkey)","Rows Removed by Index Recheck": 0,"Filter": "(l_suppkey <> l1.l_suppkey)","Rows Removed by Filter": 1}]},{"Node Type": "Index Scan","Parent Relationship": "Inner","Parallel Aware": false,"Async Capable": false,"Scan Direction": "Forward","Index Name": "orders_pkey","Relation Name": "orders","Alias": "orders","Startup Cost": 0.43,"Total Cost": 0.51,"Plan Rows": 1,"Plan Width": 4,"Actual Startup Time": 0.008,"Actual Total Time": 0.008,"Actual Rows": 0,"Actual Loops": 8332,"Index Cond": "(o_orderkey = l1.l_orderkey)","Rows Removed by Index Recheck": 0,"Filter": "(o_orderstatus = 'F'::bpchar)","Rows Removed by Filter": 1}]}]}]}]},"Planning Time": 9.793,"Triggers": [],"Execution Time": 521.577}]
[{"Plan": {"Node Type": "Sort","Parallel Aware": false,"Async Capable": false,"Startup Cost": 147378.80,"Total Cost": 147378.81,"Plan Rows": 1,"Plan Width": 34,"Actual Startup Time": 507.691,"Actual Total Time": 527.119,"Actual Rows": 411,"Actual Loops": 1,"Sort Key": ["(count(*)) DESC", "supplier.s_name"],"Sort Method": "quicksort","Sort Space Used": 57,"Sort Space Type": "Memory","Plans": [{"Node Type": "Aggregate","Strategy": "Sorted","Partial Mode": "Simple","Parent Relationship": "Outer","Parallel Aware": false,"Async Capable": false,"Startup Cost": 147378.77,"Total Cost": 147378.79,"Plan Rows": 1,"Plan Width": 34,"Actual Startup Time": 506.441,"Actual Total Time": 526.395,"Actual Rows": 411,"Actual Loops": 1,"Group Key": ["supplier.s_name"],"Plans": [{"Node Type": "Sort","Parent Relationship": "Outer","Parallel Aware": false,"Async Capable": false,"Startup Cost": 147378.77,"Total Cost": 147378.78,"Plan Rows": 1,"Plan Width": 26,"Actual Startup Time": 506.413,"Actual Total Time": 525.969,"Actual Rows": 4141,"Actual Loops": 1,"Sort Key": ["supplier.s_name"],"Sort Method": "quicksort","Sort Space Used": 484,"Sort Space Type": "Memory","Plans": [{"Node Type": "Nested Loop","Parent Relationship": "Outer","Parallel Aware": false,"Async Capable": false,"Join Type": "Inner","Startup Cost": 1250.87,"Total Cost": 147378.76,"Plan Rows": 1,"Plan Width": 26,"Actual Startup Time": 4.973,"Actual Total Time": 514.878,"Actual Rows": 4141,"Actual Loops": 1,"Inner Unique": true,"Plans": [{"Node Type": "Nested Loop","Parent Relationship": "Outer","Parallel Aware": false,"Async Capable": false,"Join Type": "Semi","Startup Cost": 1250.44,"Total Cost": 147378.26,"Plan Rows": 1,"Plan Width": 34,"Actual Startup Time": 4.329,"Actual Total Time": 453.804,"Actual Rows": 8357,"Actual Loops": 1,"Inner Unique": false,"Plans": [{"Node Type": "Gather","Parent Relationship": "Outer","Parallel Aware": false,"Async Capable": false,"Startup Cost": 1250.01,"Total Cost": 147377.22,"Plan Rows": 1,"Plan Width": 34,"Actual Startup Time": 4.312,"Actual Total Time": 350.336,"Actual Rows": 13859,"Actual Loops": 1,"Workers Planned": 4,"Workers Launched": 4,"Single Copy": false,"Plans": [{"Node Type": "Nested Loop","Parent Relationship": "Outer","Parallel Aware": false,"Async Capable": false,"Join Type": "Anti","Startup Cost": 250.01,"Total Cost": 146377.12,"Plan Rows": 1,"Plan Width": 34,"Actual Startup Time": 4.818,"Actual Total Time": 450.256,"Actual Rows": 2772,"Actual Loops": 5,"Inner Unique": false,"Workers": [],"Plans": [{"Node Type": "Hash Join","Parent Relationship": "Outer","Parallel Aware": false,"Async Capable": false,"Join Type": "Inner","Startup Cost": 249.58,"Total Cost": 133581.65,"Plan Rows": 19990,"Plan Width": 34,"Actual Startup Time": 4.474,"Actual Total Time": 357.672,"Actual Rows": 31348,"Actual Loops": 5,"Inner Unique": false,"Hash Cond": "(l1.l_suppkey = supplier.s_suppkey)","Workers": [],"Plans": [{"Node Type": "Seq Scan","Parent Relationship": "Outer","Parallel Aware": true,"Async Capable": false,"Relation Name": "lineitem","Alias": "l1","Startup Cost": 0.00,"Total Cost": 131256.80,"Plan Rows": 500101,"Plan Width": 8,"Actual Startup Time": 0.028,"Actual Total Time": 306.873,"Actual Rows": 758659,"Actual Loops": 5,"Filter": "(l_receiptdate > l_commitdate)","Rows Removed by Filter": 441584,"Workers": []},{"Node Type": "Hash","Parent Relationship": "Inner","Parallel Aware": false,"Async Capable": false,"Startup Cost": 244.58,"Total Cost": 244.58,"Plan Rows": 400,"Plan Width": 30,"Actual Startup Time": 4.175,"Actual Total Time": 4.188,"Actual Rows": 411,"Actual Loops": 5,"Hash Buckets": 1024,"Original Hash Buckets": 1024,"Hash Batches": 1,"Original Hash Batches": 1,"Peak Memory Usage": 34,"Workers": [],"Plans": [{"Node Type": "Nested Loop","Parent Relationship": "Outer","Parallel Aware": false,"Async Capable": false,"Join Type": "Inner","Startup Cost": 7.38,"Total Cost": 244.58,"Plan Rows": 400,"Plan Width": 30,"Actual Startup Time": 0.256,"Actual Total Time": 4.027,"Actual Rows": 411,"Actual Loops": 5,"Inner Unique": false,"Workers": [],"Plans": [{"Node Type": "Seq Scan","Parent Relationship": "Outer","Parallel Aware": false,"Async Capable": false,"Relation Name": "nation","Alias": "nation","Startup Cost": 0.00,"Total Cost": 1.31,"Plan Rows": 1,"Plan Width": 4,"Actual Startup Time": 0.047,"Actual Total Time": 0.051,"Actual Rows": 1,"Actual Loops": 5,"Filter": "(n_name = 'SAUDI ARABIA'::bpchar)","Rows Removed by Filter": 24,"Workers": []},{"Node Type": "Bitmap Heap Scan","Parent Relationship": "Inner","Parallel Aware": false,"Async Capable": false,"Relation Name": "supplier","Alias": "supplier","Startup Cost": 7.38,"Total Cost": 239.27,"Plan Rows": 400,"Plan Width": 34,"Actual Startup Time": 0.204,"Actual Total Time": 3.890,"Actual Rows": 411,"Actual Loops": 5,"Recheck Cond": "(s_nationkey = nation.n_nationkey)","Rows Removed by Index Recheck": 0,"Exact Heap Blocks": 182,"Lossy Heap Blocks": 0,"Workers": [],"Plans": [{"Node Type": "Bitmap Index Scan","Parent Relationship": "Outer","Parallel Aware": false,"Async Capable": false,"Index Name": "idx_supplier_nation_key","Startup Cost": 0.00,"Total Cost": 7.29,"Plan Rows": 400,"Plan Width": 0,"Actual Startup Time": 0.143,"Actual Total Time": 0.145,"Actual Rows": 411,"Actual Loops": 5,"Index Cond": "(s_nationkey = nation.n_nationkey)","Workers": []}]}]}]}]},{"Node Type": "Index Scan","Parent Relationship": "Inner","Parallel Aware": false,"Async Capable": false,"Scan Direction": "Forward","Index Name": "idx_lineitem_orderkey","Relation Name": "lineitem","Alias": "l3","Startup Cost": 0.43,"Total Cost": 1.06,"Plan Rows": 6,"Plan Width": 8,"Actual Startup Time": 0.003,"Actual Total Time": 0.003,"Actual Rows": 1,"Actual Loops": 156739,"Index Cond": "(l_orderkey = l1.l_orderkey)","Rows Removed by Index Recheck": 0,"Filter": "((l_receiptdate > l_commitdate) AND (l_suppkey <> l1.l_suppkey))","Rows Removed by Filter": 1,"Workers": []}]}]},{"Node Type": "Index Scan","Parent Relationship": "Inner","Parallel Aware": false,"Async Capable": false,"Scan Direction": "Forward","Index Name": "idx_lineitem_orderkey","Relation Name": "lineitem","Alias": "l2","Startup Cost": 0.43,"Total Cost": 1.02,"Plan Rows": 17,"Plan Width": 8,"Actual Startup Time": 0.007,"Actual Total Time": 0.007,"Actual Rows": 1,"Actual Loops": 13859,"Index Cond": "(l_orderkey = l1.l_orderkey)","Rows Removed by Index Recheck": 0,"Filter": "(l_suppkey <> l1.l_suppkey)","Rows Removed by Filter": 1}]},{"Node Type": "Index Scan","Parent Relationship": "Inner","Parallel Aware": false,"Async Capable": false,"Scan Direction": "Forward","Index Name": "orders_pkey","Relation Name": "orders","Alias": "orders","Startup Cost": 0.43,"Total Cost": 0.51,"Plan Rows": 1,"Plan Width": 4,"Actual Startup Time": 0.007,"Actual Total Time": 0.007,"Actual Rows": 0,"Actual Loops": 8357,"Index Cond": "(o_orderkey = l1.l_orderkey)","Rows Removed by Index Recheck": 0,"Filter": "(o_orderstatus = 'F'::bpchar)","Rows Removed by Filter": 1}]}]}]}]},"Planning Time": 9.483,"Triggers": [],"Execution Time": 527.804}]
[{"Plan": {"Node Type": "Sort","Parallel Aware": false,"Async Capable": false,"Startup Cost": 147378.80,"Total Cost": 147378.81,"Plan Rows": 1,"Plan Width": 34,"Actual Startup Time": 504.512,"Actual Total Time": 521.552,"Actual Rows": 413,"Actual Loops": 1,"Sort Key": ["(count(*)) DESC", "supplier.s_name"],"Sort Method": "quicksort","Sort Space Used": 57,"Sort Space Type": "Memory","Plans": [{"Node Type": "Aggregate","Strategy": "Sorted","Partial Mode": "Simple","Parent Relationship": "Outer","Parallel Aware": false,"Async Capable": false,"Startup Cost": 147378.77,"Total Cost": 147378.79,"Plan Rows": 1,"Plan Width": 34,"Actual Startup Time": 503.286,"Actual Total Time": 520.862,"Actual Rows": 413,"Actual Loops": 1,"Group Key": ["supplier.s_name"],"Plans": [{"Node Type": "Sort","Parent Relationship": "Outer","Parallel Aware": false,"Async Capable": false,"Startup Cost": 147378.77,"Total Cost": 147378.78,"Plan Rows": 1,"Plan Width": 26,"Actual Startup Time": 503.265,"Actual Total Time": 520.434,"Actual Rows": 4164,"Actual Loops": 1,"Sort Key": ["supplier.s_name"],"Sort Method": "quicksort","Sort Space Used": 485,"Sort Space Type": "Memory","Plans": [{"Node Type": "Nested Loop","Parent Relationship": "Outer","Parallel Aware": false,"Async Capable": false,"Join Type": "Inner","Startup Cost": 1250.87,"Total Cost": 147378.76,"Plan Rows": 1,"Plan Width": 26,"Actual Startup Time": 4.247,"Actual Total Time": 508.248,"Actual Rows": 4164,"Actual Loops": 1,"Inner Unique": true,"Plans": [{"Node Type": "Nested Loop","Parent Relationship": "Outer","Parallel Aware": false,"Async Capable": false,"Join Type": "Semi","Startup Cost": 1250.44,"Total Cost": 147378.26,"Plan Rows": 1,"Plan Width": 34,"Actual Startup Time": 4.214,"Actual Total Time": 442.064,"Actual Rows": 8468,"Actual Loops": 1,"Inner Unique": false,"Plans": [{"Node Type": "Gather","Parent Relationship": "Outer","Parallel Aware": false,"Async Capable": false,"Startup Cost": 1250.01,"Total Cost": 147377.22,"Plan Rows": 1,"Plan Width": 34,"Actual Startup Time": 4.200,"Actual Total Time": 330.934,"Actual Rows": 14141,"Actual Loops": 1,"Workers Planned": 4,"Workers Launched": 4,"Single Copy": false,"Plans": [{"Node Type": "Nested Loop","Parent Relationship": "Outer","Parallel Aware": false,"Async Capable": false,"Join Type": "Anti","Startup Cost": 250.01,"Total Cost": 146377.12,"Plan Rows": 1,"Plan Width": 34,"Actual Startup Time": 5.165,"Actual Total Time": 443.283,"Actual Rows": 2828,"Actual Loops": 5,"Inner Unique": false,"Workers": [],"Plans": [{"Node Type": "Hash Join","Parent Relationship": "Outer","Parallel Aware": false,"Async Capable": false,"Join Type": "Inner","Startup Cost": 249.58,"Total Cost": 133581.65,"Plan Rows": 19990,"Plan Width": 34,"Actual Startup Time": 5.033,"Actual Total Time": 352.494,"Actual Rows": 31380,"Actual Loops": 5,"Inner Unique": false,"Hash Cond": "(l1.l_suppkey = supplier.s_suppkey)","Workers": [],"Plans": [{"Node Type": "Seq Scan","Parent Relationship": "Outer","Parallel Aware": true,"Async Capable": false,"Relation Name": "lineitem","Alias": "l1","Startup Cost": 0.00,"Total Cost": 131256.80,"Plan Rows": 500101,"Plan Width": 8,"Actual Startup Time": 0.028,"Actual Total Time": 299.882,"Actual Rows": 758659,"Actual Loops": 5,"Filter": "(l_receiptdate > l_commitdate)","Rows Removed by Filter": 441584,"Workers": []},{"Node Type": "Hash","Parent Relationship": "Inner","Parallel Aware": false,"Async Capable": false,"Startup Cost": 244.58,"Total Cost": 244.58,"Plan Rows": 400,"Plan Width": 30,"Actual Startup Time": 4.656,"Actual Total Time": 4.665,"Actual Rows": 413,"Actual Loops": 5,"Hash Buckets": 1024,"Original Hash Buckets": 1024,"Hash Batches": 1,"Original Hash Batches": 1,"Peak Memory Usage": 34,"Workers": [],"Plans": [{"Node Type": "Nested Loop","Parent Relationship": "Outer","Parallel Aware": false,"Async Capable": false,"Join Type": "Inner","Startup Cost": 7.38,"Total Cost": 244.58,"Plan Rows": 400,"Plan Width": 30,"Actual Startup Time": 0.318,"Actual Total Time": 4.505,"Actual Rows": 413,"Actual Loops": 5,"Inner Unique": false,"Workers": [],"Plans": [{"Node Type": "Seq Scan","Parent Relationship": "Outer","Parallel Aware": false,"Async Capable": false,"Relation Name": "nation","Alias": "nation","Startup Cost": 0.00,"Total Cost": 1.31,"Plan Rows": 1,"Plan Width": 4,"Actual Startup Time": 0.066,"Actual Total Time": 0.071,"Actual Rows": 1,"Actual Loops": 5,"Filter": "(n_name = 'ARGENTINA'::bpchar)","Rows Removed by Filter": 24,"Workers": []},{"Node Type": "Bitmap Heap Scan","Parent Relationship": "Inner","Parallel Aware": false,"Async Capable": false,"Relation Name": "supplier","Alias": "supplier","Startup Cost": 7.38,"Total Cost": 239.27,"Plan Rows": 400,"Plan Width": 34,"Actual Startup Time": 0.247,"Actual Total Time": 4.358,"Actual Rows": 413,"Actual Loops": 5,"Recheck Cond": "(s_nationkey = nation.n_nationkey)","Rows Removed by Index Recheck": 0,"Exact Heap Blocks": 190,"Lossy Heap Blocks": 0,"Workers": [],"Plans": [{"Node Type": "Bitmap Index Scan","Parent Relationship": "Outer","Parallel Aware": false,"Async Capable": false,"Index Name": "idx_supplier_nation_key","Startup Cost": 0.00,"Total Cost": 7.29,"Plan Rows": 400,"Plan Width": 0,"Actual Startup Time": 0.157,"Actual Total Time": 0.158,"Actual Rows": 413,"Actual Loops": 5,"Index Cond": "(s_nationkey = nation.n_nationkey)","Workers": []}]}]}]}]},{"Node Type": "Index Scan","Parent Relationship": "Inner","Parallel Aware": false,"Async Capable": false,"Scan Direction": "Forward","Index Name": "idx_lineitem_orderkey","Relation Name": "lineitem","Alias": "l3","Startup Cost": 0.43,"Total Cost": 1.06,"Plan Rows": 6,"Plan Width": 8,"Actual Startup Time": 0.003,"Actual Total Time": 0.003,"Actual Rows": 1,"Actual Loops": 156898,"Index Cond": "(l_orderkey = l1.l_orderkey)","Rows Removed by Index Recheck": 0,"Filter": "((l_receiptdate > l_commitdate) AND (l_suppkey <> l1.l_suppkey))","Rows Removed by Filter": 1,"Workers": []}]}]},{"Node Type": "Index Scan","Parent Relationship": "Inner","Parallel Aware": false,"Async Capable": false,"Scan Direction": "Forward","Index Name": "idx_lineitem_orderkey","Relation Name": "lineitem","Alias": "l2","Startup Cost": 0.43,"Total Cost": 1.02,"Plan Rows": 17,"Plan Width": 8,"Actual Startup Time": 0.007,"Actual Total Time": 0.007,"Actual Rows": 1,"Actual Loops": 14141,"Index Cond": "(l_orderkey = l1.l_orderkey)","Rows Removed by Index Recheck": 0,"Filter": "(l_suppkey <> l1.l_suppkey)","Rows Removed by Filter": 1}]},{"Node Type": "Index Scan","Parent Relationship": "Inner","Parallel Aware": false,"Async Capable": false,"Scan Direction": "Forward","Index Name": "orders_pkey","Relation Name": "orders","Alias": "orders","Startup Cost": 0.43,"Total Cost": 0.51,"Plan Rows": 1,"Plan Width": 4,"Actual Startup Time": 0.008,"Actual Total Time": 0.008,"Actual Rows": 0,"Actual Loops": 8468,"Index Cond": "(o_orderkey = l1.l_orderkey)","Rows Removed by Index Recheck": 0,"Filter": "(o_orderstatus = 'F'::bpchar)","Rows Removed by Filter": 1}]}]}]}]},"Planning Time": 8.601,"Triggers": [],"Execution Time": 522.197}]
[{"Plan": {"Node Type": "Sort","Parallel Aware": false,"Async Capable": false,"Startup Cost": 147378.80,"Total Cost": 147378.81,"Plan Rows": 1,"Plan Width": 34,"Actual Startup Time": 511.931,"Actual Total Time": 527.174,"Actual Rows": 415,"Actual Loops": 1,"Sort Key": ["(count(*)) DESC", "supplier.s_name"],"Sort Method": "quicksort","Sort Space Used": 57,"Sort Space Type": "Memory","Plans": [{"Node Type": "Aggregate","Strategy": "Sorted","Partial Mode": "Simple","Parent Relationship": "Outer","Parallel Aware": false,"Async Capable": false,"Startup Cost": 147378.77,"Total Cost": 147378.79,"Plan Rows": 1,"Plan Width": 34,"Actual Startup Time": 510.675,"Actual Total Time": 526.442,"Actual Rows": 415,"Actual Loops": 1,"Group Key": ["supplier.s_name"],"Plans": [{"Node Type": "Sort","Parent Relationship": "Outer","Parallel Aware": false,"Async Capable": false,"Startup Cost": 147378.77,"Total Cost": 147378.78,"Plan Rows": 1,"Plan Width": 26,"Actual Startup Time": 510.644,"Actual Total Time": 526.012,"Actual Rows": 4112,"Actual Loops": 1,"Sort Key": ["supplier.s_name"],"Sort Method": "quicksort","Sort Space Used": 482,"Sort Space Type": "Memory","Plans": [{"Node Type": "Nested Loop","Parent Relationship": "Outer","Parallel Aware": false,"Async Capable": false,"Join Type": "Inner","Startup Cost": 1250.87,"Total Cost": 147378.76,"Plan Rows": 1,"Plan Width": 26,"Actual Startup Time": 4.482,"Actual Total Time": 514.049,"Actual Rows": 4112,"Actual Loops": 1,"Inner Unique": true,"Plans": [{"Node Type": "Nested Loop","Parent Relationship": "Outer","Parallel Aware": false,"Async Capable": false,"Join Type": "Semi","Startup Cost": 1250.44,"Total Cost": 147378.26,"Plan Rows": 1,"Plan Width": 34,"Actual Startup Time": 4.433,"Actual Total Time": 447.118,"Actual Rows": 8423,"Actual Loops": 1,"Inner Unique": false,"Plans": [{"Node Type": "Gather","Parent Relationship": "Outer","Parallel Aware": false,"Async Capable": false,"Startup Cost": 1250.01,"Total Cost": 147377.22,"Plan Rows": 1,"Plan Width": 34,"Actual Startup Time": 4.417,"Actual Total Time": 335.444,"Actual Rows": 14099,"Actual Loops": 1,"Workers Planned": 4,"Workers Launched": 4,"Single Copy": false,"Plans": [{"Node Type": "Nested Loop","Parent Relationship": "Outer","Parallel Aware": false,"Async Capable": false,"Join Type": "Anti","Startup Cost": 250.01,"Total Cost": 146377.12,"Plan Rows": 1,"Plan Width": 34,"Actual Startup Time": 5.494,"Actual Total Time": 449.293,"Actual Rows": 2820,"Actual Loops": 5,"Inner Unique": false,"Workers": [],"Plans": [{"Node Type": "Hash Join","Parent Relationship": "Outer","Parallel Aware": false,"Async Capable": false,"Join Type": "Inner","Startup Cost": 249.58,"Total Cost": 133581.65,"Plan Rows": 19990,"Plan Width": 34,"Actual Startup Time": 5.114,"Actual Total Time": 356.460,"Actual Rows": 31599,"Actual Loops": 5,"Inner Unique": false,"Hash Cond": "(l1.l_suppkey = supplier.s_suppkey)","Workers": [],"Plans": [{"Node Type": "Seq Scan","Parent Relationship": "Outer","Parallel Aware": true,"Async Capable": false,"Relation Name": "lineitem","Alias": "l1","Startup Cost": 0.00,"Total Cost": 131256.80,"Plan Rows": 500101,"Plan Width": 8,"Actual Startup Time": 0.028,"Actual Total Time": 305.044,"Actual Rows": 758659,"Actual Loops": 5,"Filter": "(l_receiptdate > l_commitdate)","Rows Removed by Filter": 441584,"Workers": []},{"Node Type": "Hash","Parent Relationship": "Inner","Parallel Aware": false,"Async Capable": false,"Startup Cost": 244.58,"Total Cost": 244.58,"Plan Rows": 400,"Plan Width": 30,"Actual Startup Time": 4.772,"Actual Total Time": 4.789,"Actual Rows": 415,"Actual Loops": 5,"Hash Buckets": 1024,"Original Hash Buckets": 1024,"Hash Batches": 1,"Original Hash Batches": 1,"Peak Memory Usage": 34,"Workers": [],"Plans": [{"Node Type": "Nested Loop","Parent Relationship": "Outer","Parallel Aware": false,"Async Capable": false,"Join Type": "Inner","Startup Cost": 7.38,"Total Cost": 244.58,"Plan Rows": 400,"Plan Width": 30,"Actual Startup Time": 0.307,"Actual Total Time": 4.608,"Actual Rows": 415,"Actual Loops": 5,"Inner Unique": false,"Workers": [],"Plans": [{"Node Type": "Seq Scan","Parent Relationship": "Outer","Parallel Aware": false,"Async Capable": false,"Relation Name": "nation","Alias": "nation","Startup Cost": 0.00,"Total Cost": 1.31,"Plan Rows": 1,"Plan Width": 4,"Actual Startup Time": 0.059,"Actual Total Time": 0.064,"Actual Rows": 1,"Actual Loops": 5,"Filter": "(n_name = 'EGYPT'::bpchar)","Rows Removed by Filter": 24,"Workers": []},{"Node Type": "Bitmap Heap Scan","Parent Relationship": "Inner","Parallel Aware": false,"Async Capable": false,"Relation Name": "supplier","Alias": "supplier","Startup Cost": 7.38,"Total Cost": 239.27,"Plan Rows": 400,"Plan Width": 34,"Actual Startup Time": 0.244,"Actual Total Time": 4.451,"Actual Rows": 415,"Actual Loops": 5,"Recheck Cond": "(s_nationkey = nation.n_nationkey)","Rows Removed by Index Recheck": 0,"Exact Heap Blocks": 183,"Lossy Heap Blocks": 0,"Workers": [],"Plans": [{"Node Type": "Bitmap Index Scan","Parent Relationship": "Outer","Parallel Aware": false,"Async Capable": false,"Index Name": "idx_supplier_nation_key","Startup Cost": 0.00,"Total Cost": 7.29,"Plan Rows": 400,"Plan Width": 0,"Actual Startup Time": 0.159,"Actual Total Time": 0.162,"Actual Rows": 415,"Actual Loops": 5,"Index Cond": "(s_nationkey = nation.n_nationkey)","Workers": []}]}]}]}]},{"Node Type": "Index Scan","Parent Relationship": "Inner","Parallel Aware": false,"Async Capable": false,"Scan Direction": "Forward","Index Name": "idx_lineitem_orderkey","Relation Name": "lineitem","Alias": "l3","Startup Cost": 0.43,"Total Cost": 1.06,"Plan Rows": 6,"Plan Width": 8,"Actual Startup Time": 0.003,"Actual Total Time": 0.003,"Actual Rows": 1,"Actual Loops": 157994,"Index Cond": "(l_orderkey = l1.l_orderkey)","Rows Removed by Index Recheck": 0,"Filter": "((l_receiptdate > l_commitdate) AND (l_suppkey <> l1.l_suppkey))","Rows Removed by Filter": 1,"Workers": []}]}]},{"Node Type": "Index Scan","Parent Relationship": "Inner","Parallel Aware": false,"Async Capable": false,"Scan Direction": "Forward","Index Name": "idx_lineitem_orderkey","Relation Name": "lineitem","Alias": "l2","Startup Cost": 0.43,"Total Cost": 1.02,"Plan Rows": 17,"Plan Width": 8,"Actual Startup Time": 0.007,"Actual Total Time": 0.007,"Actual Rows": 1,"Actual Loops": 14099,"Index Cond": "(l_orderkey = l1.l_orderkey)","Rows Removed by Index Recheck": 0,"Filter": "(l_suppkey <> l1.l_suppkey)","Rows Removed by Filter": 1}]},{"Node Type": "Index Scan","Parent Relationship": "Inner","Parallel Aware": false,"Async Capable": false,"Scan Direction": "Forward","Index Name": "orders_pkey","Relation Name": "orders","Alias": "orders","Startup Cost": 0.43,"Total Cost": 0.51,"Plan Rows": 1,"Plan Width": 4,"Actual Startup Time": 0.008,"Actual Total Time": 0.008,"Actual Rows": 0,"Actual Loops": 8423,"Index Cond": "(o_orderkey = l1.l_orderkey)","Rows Removed by Index Recheck": 0,"Filter": "(o_orderstatus = 'F'::bpchar)","Rows Removed by Filter": 1}]}]}]}]},"Planning Time": 8.195,"Triggers": [],"Execution Time": 527.804}]
[{"Plan": {"Node Type": "Sort","Parallel Aware": false,"Async Capable": false,"Startup Cost": 147378.80,"Total Cost": 147378.81,"Plan Rows": 1,"Plan Width": 34,"Actual Startup Time": 494.557,"Actual Total Time": 516.628,"Actual Rows": 380,"Actual Loops": 1,"Sort Key": ["(count(*)) DESC", "supplier.s_name"],"Sort Method": "quicksort","Sort Space Used": 54,"Sort Space Type": "Memory","Plans": [{"Node Type": "Aggregate","Strategy": "Sorted","Partial Mode": "Simple","Parent Relationship": "Outer","Parallel Aware": false,"Async Capable": false,"Startup Cost": 147378.77,"Total Cost": 147378.79,"Plan Rows": 1,"Plan Width": 34,"Actual Startup Time": 493.417,"Actual Total Time": 515.990,"Actual Rows": 380,"Actual Loops": 1,"Group Key": ["supplier.s_name"],"Plans": [{"Node Type": "Sort","Parent Relationship": "Outer","Parallel Aware": false,"Async Capable": false,"Startup Cost": 147378.77,"Total Cost": 147378.78,"Plan Rows": 1,"Plan Width": 26,"Actual Startup Time": 493.396,"Actual Total Time": 515.587,"Actual Rows": 3777,"Actual Loops": 1,"Sort Key": ["supplier.s_name"],"Sort Method": "quicksort","Sort Space Used": 362,"Sort Space Type": "Memory","Plans": [{"Node Type": "Nested Loop","Parent Relationship": "Outer","Parallel Aware": false,"Async Capable": false,"Join Type": "Inner","Startup Cost": 1250.87,"Total Cost": 147378.76,"Plan Rows": 1,"Plan Width": 26,"Actual Startup Time": 4.998,"Actual Total Time": 504.711,"Actual Rows": 3777,"Actual Loops": 1,"Inner Unique": true,"Plans": [{"Node Type": "Nested Loop","Parent Relationship": "Outer","Parallel Aware": false,"Async Capable": false,"Join Type": "Semi","Startup Cost": 1250.44,"Total Cost": 147378.26,"Plan Rows": 1,"Plan Width": 34,"Actual Startup Time": 4.963,"Actual Total Time": 440.621,"Actual Rows": 7670,"Actual Loops": 1,"Inner Unique": false,"Plans": [{"Node Type": "Gather","Parent Relationship": "Outer","Parallel Aware": false,"Async Capable": false,"Startup Cost": 1250.01,"Total Cost": 147377.22,"Plan Rows": 1,"Plan Width": 34,"Actual Startup Time": 4.951,"Actual Total Time": 333.201,"Actual Rows": 12935,"Actual Loops": 1,"Workers Planned": 4,"Workers Launched": 4,"Single Copy": false,"Plans": [{"Node Type": "Nested Loop","Parent Relationship": "Outer","Parallel Aware": false,"Async Capable": false,"Join Type": "Anti","Startup Cost": 250.01,"Total Cost": 146377.12,"Plan Rows": 1,"Plan Width": 34,"Actual Startup Time": 5.873,"Actual Total Time": 437.867,"Actual Rows": 2587,"Actual Loops": 5,"Inner Unique": false,"Workers": [],"Plans": [{"Node Type": "Hash Join","Parent Relationship": "Outer","Parallel Aware": false,"Async Capable": false,"Join Type": "Inner","Startup Cost": 249.58,"Total Cost": 133581.65,"Plan Rows": 19990,"Plan Width": 34,"Actual Startup Time": 5.239,"Actual Total Time": 352.656,"Actual Rows": 28741,"Actual Loops": 5,"Inner Unique": false,"Hash Cond": "(l1.l_suppkey = supplier.s_suppkey)","Workers": [],"Plans": [{"Node Type": "Seq Scan","Parent Relationship": "Outer","Parallel Aware": true,"Async Capable": false,"Relation Name": "lineitem","Alias": "l1","Startup Cost": 0.00,"Total Cost": 131256.80,"Plan Rows": 500101,"Plan Width": 8,"Actual Startup Time": 0.031,"Actual Total Time": 300.900,"Actual Rows": 758659,"Actual Loops": 5,"Filter": "(l_receiptdate > l_commitdate)","Rows Removed by Filter": 441584,"Workers": []},{"Node Type": "Hash","Parent Relationship": "Inner","Parallel Aware": false,"Async Capable": false,"Startup Cost": 244.58,"Total Cost": 244.58,"Plan Rows": 400,"Plan Width": 30,"Actual Startup Time": 4.907,"Actual Total Time": 4.921,"Actual Rows": 380,"Actual Loops": 5,"Hash Buckets": 1024,"Original Hash Buckets": 1024,"Hash Batches": 1,"Original Hash Batches": 1,"Peak Memory Usage": 32,"Workers": [],"Plans": [{"Node Type": "Nested Loop","Parent Relationship": "Outer","Parallel Aware": false,"Async Capable": false,"Join Type": "Inner","Startup Cost": 7.38,"Total Cost": 244.58,"Plan Rows": 400,"Plan Width": 30,"Actual Startup Time": 0.293,"Actual Total Time": 4.740,"Actual Rows": 380,"Actual Loops": 5,"Inner Unique": false,"Workers": [],"Plans": [{"Node Type": "Seq Scan","Parent Relationship": "Outer","Parallel Aware": false,"Async Capable": false,"Relation Name": "nation","Alias": "nation","Startup Cost": 0.00,"Total Cost": 1.31,"Plan Rows": 1,"Plan Width": 4,"Actual Startup Time": 0.048,"Actual Total Time": 0.056,"Actual Rows": 1,"Actual Loops": 5,"Filter": "(n_name = 'ETHIOPIA'::bpchar)","Rows Removed by Filter": 24,"Workers": []},{"Node Type": "Bitmap Heap Scan","Parent Relationship": "Inner","Parallel Aware": false,"Async Capable": false,"Relation Name": "supplier","Alias": "supplier","Startup Cost": 7.38,"Total Cost": 239.27,"Plan Rows": 400,"Plan Width": 34,"Actual Startup Time": 0.240,"Actual Total Time": 4.598,"Actual Rows": 380,"Actual Loops": 5,"Recheck Cond": "(s_nationkey = nation.n_nationkey)","Rows Removed by Index Recheck": 0,"Exact Heap Blocks": 192,"Lossy Heap Blocks": 0,"Workers": [],"Plans": [{"Node Type": "Bitmap Index Scan","Parent Relationship": "Outer","Parallel Aware": false,"Async Capable": false,"Index Name": "idx_supplier_nation_key","Startup Cost": 0.00,"Total Cost": 7.29,"Plan Rows": 400,"Plan Width": 0,"Actual Startup Time": 0.158,"Actual Total Time": 0.159,"Actual Rows": 380,"Actual Loops": 5,"Index Cond": "(s_nationkey = nation.n_nationkey)","Workers": []}]}]}]}]},{"Node Type": "Index Scan","Parent Relationship": "Inner","Parallel Aware": false,"Async Capable": false,"Scan Direction": "Forward","Index Name": "idx_lineitem_orderkey","Relation Name": "lineitem","Alias": "l3","Startup Cost": 0.43,"Total Cost": 1.06,"Plan Rows": 6,"Plan Width": 8,"Actual Startup Time": 0.003,"Actual Total Time": 0.003,"Actual Rows": 1,"Actual Loops": 143707,"Index Cond": "(l_orderkey = l1.l_orderkey)","Rows Removed by Index Recheck": 0,"Filter": "((l_receiptdate > l_commitdate) AND (l_suppkey <> l1.l_suppkey))","Rows Removed by Filter": 1,"Workers": []}]}]},{"Node Type": "Index Scan","Parent Relationship": "Inner","Parallel Aware": false,"Async Capable": false,"Scan Direction": "Forward","Index Name": "idx_lineitem_orderkey","Relation Name": "lineitem","Alias": "l2","Startup Cost": 0.43,"Total Cost": 1.02,"Plan Rows": 17,"Plan Width": 8,"Actual Startup Time": 0.008,"Actual Total Time": 0.008,"Actual Rows": 1,"Actual Loops": 12935,"Index Cond": "(l_orderkey = l1.l_orderkey)","Rows Removed by Index Recheck": 0,"Filter": "(l_suppkey <> l1.l_suppkey)","Rows Removed by Filter": 1}]},{"Node Type": "Index Scan","Parent Relationship": "Inner","Parallel Aware": false,"Async Capable": false,"Scan Direction": "Forward","Index Name": "orders_pkey","Relation Name": "orders","Alias": "orders","Startup Cost": 0.43,"Total Cost": 0.51,"Plan Rows": 1,"Plan Width": 4,"Actual Startup Time": 0.008,"Actual Total Time": 0.008,"Actual Rows": 0,"Actual Loops": 7670,"Index Cond": "(o_orderkey = l1.l_orderkey)","Rows Removed by Index Recheck": 0,"Filter": "(o_orderstatus = 'F'::bpchar)","Rows Removed by Filter": 1}]}]}]}]},"Planning Time": 9.415,"Triggers": [],"Execution Time": 517.200}]
[{"Plan": {"Node Type": "Sort","Parallel Aware": false,"Async Capable": false,"Startup Cost": 147378.80,"Total Cost": 147378.81,"Plan Rows": 1,"Plan Width": 34,"Actual Startup Time": 504.070,"Actual Total Time": 522.796,"Actual Rows": 405,"Actual Loops": 1,"Sort Key": ["(count(*)) DESC", "supplier.s_name"],"Sort Method": "quicksort","Sort Space Used": 56,"Sort Space Type": "Memory","Plans": [{"Node Type": "Aggregate","Strategy": "Sorted","Partial Mode": "Simple","Parent Relationship": "Outer","Parallel Aware": false,"Async Capable": false,"Startup Cost": 147378.77,"Total Cost": 147378.79,"Plan Rows": 1,"Plan Width": 34,"Actual Startup Time": 502.850,"Actual Total Time": 522.098,"Actual Rows": 405,"Actual Loops": 1,"Group Key": ["supplier.s_name"],"Plans": [{"Node Type": "Sort","Parent Relationship": "Outer","Parallel Aware": false,"Async Capable": false,"Startup Cost": 147378.77,"Total Cost": 147378.78,"Plan Rows": 1,"Plan Width": 26,"Actual Startup Time": 502.828,"Actual Total Time": 521.678,"Actual Rows": 4028,"Actual Loops": 1,"Sort Key": ["supplier.s_name"],"Sort Method": "quicksort","Sort Space Used": 380,"Sort Space Type": "Memory","Plans": [{"Node Type": "Nested Loop","Parent Relationship": "Outer","Parallel Aware": false,"Async Capable": false,"Join Type": "Inner","Startup Cost": 1250.87,"Total Cost": 147378.76,"Plan Rows": 1,"Plan Width": 26,"Actual Startup Time": 4.998,"Actual Total Time": 510.942,"Actual Rows": 4028,"Actual Loops": 1,"Inner Unique": true,"Plans": [{"Node Type": "Nested Loop","Parent Relationship": "Outer","Parallel Aware": false,"Async Capable": false,"Join Type": "Semi","Startup Cost": 1250.44,"Total Cost": 147378.26,"Plan Rows": 1,"Plan Width": 34,"Actual Startup Time": 4.975,"Actual Total Time": 450.040,"Actual Rows": 8320,"Actual Loops": 1,"Inner Unique": false,"Plans": [{"Node Type": "Gather","Parent Relationship": "Outer","Parallel Aware": false,"Async Capable": false,"Startup Cost": 1250.01,"Total Cost": 147377.22,"Plan Rows": 1,"Plan Width": 34,"Actual Startup Time": 4.836,"Actual Total Time": 345.420,"Actual Rows": 13965,"Actual Loops": 1,"Workers Planned": 4,"Workers Launched": 4,"Single Copy": false,"Plans": [{"Node Type": "Nested Loop","Parent Relationship": "Outer","Parallel Aware": false,"Async Capable": false,"Join Type": "Anti","Startup Cost": 250.01,"Total Cost": 146377.12,"Plan Rows": 1,"Plan Width": 34,"Actual Startup Time": 4.706,"Actual Total Time": 445.819,"Actual Rows": 2793,"Actual Loops": 5,"Inner Unique": false,"Workers": [],"Plans": [{"Node Type": "Hash Join","Parent Relationship": "Outer","Parallel Aware": false,"Async Capable": false,"Join Type": "Inner","Startup Cost": 249.58,"Total Cost": 133581.65,"Plan Rows": 19990,"Plan Width": 34,"Actual Startup Time": 4.328,"Actual Total Time": 354.989,"Actual Rows": 30731,"Actual Loops": 5,"Inner Unique": false,"Hash Cond": "(l1.l_suppkey = supplier.s_suppkey)","Workers": [],"Plans": [{"Node Type": "Seq Scan","Parent Relationship": "Outer","Parallel Aware": true,"Async Capable": false,"Relation Name": "lineitem","Alias": "l1","Startup Cost": 0.00,"Total Cost": 131256.80,"Plan Rows": 500101,"Plan Width": 8,"Actual Startup Time": 0.030,"Actual Total Time": 303.427,"Actual Rows": 758659,"Actual Loops": 5,"Filter": "(l_receiptdate > l_commitdate)","Rows Removed by Filter": 441584,"Workers": []},{"Node Type": "Hash","Parent Relationship": "Inner","Parallel Aware": false,"Async Capable": false,"Startup Cost": 244.58,"Total Cost": 244.58,"Plan Rows": 400,"Plan Width": 30,"Actual Startup Time": 4.016,"Actual Total Time": 4.027,"Actual Rows": 405,"Actual Loops": 5,"Hash Buckets": 1024,"Original Hash Buckets": 1024,"Hash Batches": 1,"Original Hash Batches": 1,"Peak Memory Usage": 34,"Workers": [],"Plans": [{"Node Type": "Nested Loop","Parent Relationship": "Outer","Parallel Aware": false,"Async Capable": false,"Join Type": "Inner","Startup Cost": 7.38,"Total Cost": 244.58,"Plan Rows": 400,"Plan Width": 30,"Actual Startup Time": 0.282,"Actual Total Time": 3.870,"Actual Rows": 405,"Actual Loops": 5,"Inner Unique": false,"Workers": [],"Plans": [{"Node Type": "Seq Scan","Parent Relationship": "Outer","Parallel Aware": false,"Async Capable": false,"Relation Name": "nation","Alias": "nation","Startup Cost": 0.00,"Total Cost": 1.31,"Plan Rows": 1,"Plan Width": 4,"Actual Startup Time": 0.049,"Actual Total Time": 0.055,"Actual Rows": 1,"Actual Loops": 5,"Filter": "(n_name = 'INDONESIA'::bpchar)","Rows Removed by Filter": 24,"Workers": []},{"Node Type": "Bitmap Heap Scan","Parent Relationship": "Inner","Parallel Aware": false,"Async Capable": false,"Relation Name": "supplier","Alias": "supplier","Startup Cost": 7.38,"Total Cost": 239.27,"Plan Rows": 400,"Plan Width": 34,"Actual Startup Time": 0.227,"Actual Total Time": 3.740,"Actual Rows": 405,"Actual Loops": 5,"Recheck Cond": "(s_nationkey = nation.n_nationkey)","Rows Removed by Index Recheck": 0,"Exact Heap Blocks": 192,"Lossy Heap Blocks": 0,"Workers": [],"Plans": [{"Node Type": "Bitmap Index Scan","Parent Relationship": "Outer","Parallel Aware": false,"Async Capable": false,"Index Name": "idx_supplier_nation_key","Startup Cost": 0.00,"Total Cost": 7.29,"Plan Rows": 400,"Plan Width": 0,"Actual Startup Time": 0.146,"Actual Total Time": 0.147,"Actual Rows": 405,"Actual Loops": 5,"Index Cond": "(s_nationkey = nation.n_nationkey)","Workers": []}]}]}]}]},{"Node Type": "Index Scan","Parent Relationship": "Inner","Parallel Aware": false,"Async Capable": false,"Scan Direction": "Forward","Index Name": "idx_lineitem_orderkey","Relation Name": "lineitem","Alias": "l3","Startup Cost": 0.43,"Total Cost": 1.06,"Plan Rows": 6,"Plan Width": 8,"Actual Startup Time": 0.003,"Actual Total Time": 0.003,"Actual Rows": 1,"Actual Loops": 153653,"Index Cond": "(l_orderkey = l1.l_orderkey)","Rows Removed by Index Recheck": 0,"Filter": "((l_receiptdate > l_commitdate) AND (l_suppkey <> l1.l_suppkey))","Rows Removed by Filter": 1,"Workers": []}]}]},{"Node Type": "Index Scan","Parent Relationship": "Inner","Parallel Aware": false,"Async Capable": false,"Scan Direction": "Forward","Index Name": "idx_lineitem_orderkey","Relation Name": "lineitem","Alias": "l2","Startup Cost": 0.43,"Total Cost": 1.02,"Plan Rows": 17,"Plan Width": 8,"Actual Startup Time": 0.007,"Actual Total Time": 0.007,"Actual Rows": 1,"Actual Loops": 13965,"Index Cond": "(l_orderkey = l1.l_orderkey)","Rows Removed by Index Recheck": 0,"Filter": "(l_suppkey <> l1.l_suppkey)","Rows Removed by Filter": 1}]},{"Node Type": "Index Scan","Parent Relationship": "Inner","Parallel Aware": false,"Async Capable": false,"Scan Direction": "Forward","Index Name": "orders_pkey","Relation Name": "orders","Alias": "orders","Startup Cost": 0.43,"Total Cost": 0.51,"Plan Rows": 1,"Plan Width": 4,"Actual Startup Time": 0.007,"Actual Total Time": 0.007,"Actual Rows": 0,"Actual Loops": 8320,"Index Cond": "(o_orderkey = l1.l_orderkey)","Rows Removed by Index Recheck": 0,"Filter": "(o_orderstatus = 'F'::bpchar)","Rows Removed by Filter": 1}]}]}]}]},"Planning Time": 8.753,"Triggers": [],"Execution Time": 523.514}]
[{"Plan": {"Node Type": "Sort","Parallel Aware": false,"Async Capable": false,"Startup Cost": 147378.80,"Total Cost": 147378.81,"Plan Rows": 1,"Plan Width": 34,"Actual Startup Time": 504.070,"Actual Total Time": 522.796,"Actual Rows": 405,"Actual Loops": 1,"Sort Key": ["(count(*)) DESC", "supplier.s_name"],"Sort Method": "quicksort","Sort Space Used": 56,"Sort Space Type": "Memory","Plans": [{"Node Type": "Aggregate","Strategy": "Sorted","Partial Mode": "Simple","Parent Relationship": "Outer","Parallel Aware": false,"Async Capable": false,"Startup Cost": 147378.77,"Total Cost": 147378.79,"Plan Rows": 1,"Plan Width": 34,"Actual Startup Time": 502.850,"Actual Total Time": 522.098,"Actual Rows": 405,"Actual Loops": 1,"Group Key": ["supplier.s_name"],"Plans": [{"Node Type": "Sort","Parent Relationship": "Outer","Parallel Aware": false,"Async Capable": false,"Startup Cost": 147378.77,"Total Cost": 147378.78,"Plan Rows": 1,"Plan Width": 26,"Actual Startup Time": 502.828,"Actual Total Time": 521.678,"Actual Rows": 4028,"Actual Loops": 1,"Sort Key": ["supplier.s_name"],"Sort Method": "quicksort","Sort Space Used": 380,"Sort Space Type": "Memory","Plans": [{"Node Type": "Nested Loop","Parent Relationship": "Outer","Parallel Aware": false,"Async Capable": false,"Join Type": "Inner","Startup Cost": 1250.87,"Total Cost": 147378.76,"Plan Rows": 1,"Plan Width": 26,"Actual Startup Time": 4.998,"Actual Total Time": 510.942,"Actual Rows": 4028,"Actual Loops": 1,"Inner Unique": true,"Plans": [{"Node Type": "Nested Loop","Parent Relationship": "Outer","Parallel Aware": false,"Async Capable": false,"Join Type": "Semi","Startup Cost": 1250.44,"Total Cost": 147378.26,"Plan Rows": 1,"Plan Width": 34,"Actual Startup Time": 4.975,"Actual Total Time": 450.040,"Actual Rows": 8320,"Actual Loops": 1,"Inner Unique": false,"Plans": [{"Node Type": "Gather","Parent Relationship": "Outer","Parallel Aware": false,"Async Capable": false,"Startup Cost": 1250.01,"Total Cost": 147377.22,"Plan Rows": 1,"Plan Width": 34,"Actual Startup Time": 4.836,"Actual Total Time": 345.420,"Actual Rows": 13965,"Actual Loops": 1,"Workers Planned": 4,"Workers Launched": 4,"Single Copy": false,"Plans": [{"Node Type": "Nested Loop","Parent Relationship": "Outer","Parallel Aware": false,"Async Capable": false,"Join Type": "Anti","Startup Cost": 250.01,"Total Cost": 146377.12,"Plan Rows": 1,"Plan Width": 34,"Actual Startup Time": 4.706,"Actual Total Time": 445.819,"Actual Rows": 2793,"Actual Loops": 5,"Inner Unique": false,"Workers": [],"Plans": [{"Node Type": "Hash Join","Parent Relationship": "Outer","Parallel Aware": false,"Async Capable": false,"Join Type": "Inner","Startup Cost": 249.58,"Total Cost": 133581.65,"Plan Rows": 19990,"Plan Width": 34,"Actual Startup Time": 4.328,"Actual Total Time": 354.989,"Actual Rows": 30731,"Actual Loops": 5,"Inner Unique": false,"Hash Cond": "(l1.l_suppkey = supplier.s_suppkey)","Workers": [],"Plans": [{"Node Type": "Seq Scan","Parent Relationship": "Outer","Parallel Aware": true,"Async Capable": false,"Relation Name": "lineitem","Alias": "l1","Startup Cost": 0.00,"Total Cost": 131256.80,"Plan Rows": 500101,"Plan Width": 8,"Actual Startup Time": 0.030,"Actual Total Time": 303.427,"Actual Rows": 758659,"Actual Loops": 5,"Filter": "(l_receiptdate > l_commitdate)","Rows Removed by Filter": 441584,"Workers": []},{"Node Type": "Hash","Parent Relationship": "Inner","Parallel Aware": false,"Async Capable": false,"Startup Cost": 244.58,"Total Cost": 244.58,"Plan Rows": 400,"Plan Width": 30,"Actual Startup Time": 4.016,"Actual Total Time": 4.027,"Actual Rows": 405,"Actual Loops": 5,"Hash Buckets": 1024,"Original Hash Buckets": 1024,"Hash Batches": 1,"Original Hash Batches": 1,"Peak Memory Usage": 34,"Workers": [],"Plans": [{"Node Type": "Nested Loop","Parent Relationship": "Outer","Parallel Aware": false,"Async Capable": false,"Join Type": "Inner","Startup Cost": 7.38,"Total Cost": 244.58,"Plan Rows": 400,"Plan Width": 30,"Actual Startup Time": 0.282,"Actual Total Time": 3.870,"Actual Rows": 405,"Actual Loops": 5,"Inner Unique": false,"Workers": [],"Plans": [{"Node Type": "Seq Scan","Parent Relationship": "Outer","Parallel Aware": false,"Async Capable": false,"Relation Name": "nation","Alias": "nation","Startup Cost": 0.00,"Total Cost": 1.31,"Plan Rows": 1,"Plan Width": 4,"Actual Startup Time": 0.049,"Actual Total Time": 0.055,"Actual Rows": 1,"Actual Loops": 5,"Filter": "(n_name = 'INDONESIA'::bpchar)","Rows Removed by Filter": 24,"Workers": []},{"Node Type": "Bitmap Heap Scan","Parent Relationship": "Inner","Parallel Aware": false,"Async Capable": false,"Relation Name": "supplier","Alias": "supplier","Startup Cost": 7.38,"Total Cost": 239.27,"Plan Rows": 400,"Plan Width": 34,"Actual Startup Time": 0.227,"Actual Total Time": 3.740,"Actual Rows": 405,"Actual Loops": 5,"Recheck Cond": "(s_nationkey = nation.n_nationkey)","Rows Removed by Index Recheck": 0,"Exact Heap Blocks": 192,"Lossy Heap Blocks": 0,"Workers": [],"Plans": [{"Node Type": "Bitmap Index Scan","Parent Relationship": "Outer","Parallel Aware": false,"Async Capable": false,"Index Name": "idx_supplier_nation_key","Startup Cost": 0.00,"Total Cost": 7.29,"Plan Rows": 400,"Plan Width": 0,"Actual Startup Time": 0.146,"Actual Total Time": 0.147,"Actual Rows": 405,"Actual Loops": 5,"Index Cond": "(s_nationkey = nation.n_nationkey)","Workers": []}]}]}]}]},{"Node Type": "Index Scan","Parent Relationship": "Inner","Parallel Aware": false,"Async Capable": false,"Scan Direction": "Forward","Index Name": "idx_lineitem_orderkey","Relation Name": "lineitem","Alias": "l3","Startup Cost": 0.43,"Total Cost": 1.06,"Plan Rows": 6,"Plan Width": 8,"Actual Startup Time": 0.003,"Actual Total Time": 0.003,"Actual Rows": 1,"Actual Loops": 153653,"Index Cond": "(l_orderkey = l1.l_orderkey)","Rows Removed by Index Recheck": 0,"Filter": "((l_receiptdate > l_commitdate) AND (l_suppkey <> l1.l_suppkey))","Rows Removed by Filter": 1,"Workers": []}]}]},{"Node Type": "Index Scan","Parent Relationship": "Inner","Parallel Aware": false,"Async Capable": false,"Scan Direction": "Forward","Index Name": "idx_lineitem_orderkey","Relation Name": "lineitem","Alias": "l2","Startup Cost": 0.43,"Total Cost": 1.02,"Plan Rows": 17,"Plan Width": 8,"Actual Startup Time": 0.007,"Actual Total Time": 0.007,"Actual Rows": 1,"Actual Loops": 13965,"Index Cond": "(l_orderkey = l1.l_orderkey)","Rows Removed by Index Recheck": 0,"Filter": "(l_suppkey <> l1.l_suppkey)","Rows Removed by Filter": 1}]},{"Node Type": "Index Scan","Parent Relationship": "Inner","Parallel Aware": false,"Async Capable": false,"Scan Direction": "Forward","Index Name": "orders_pkey","Relation Name": "orders","Alias": "orders","Startup Cost": 0.43,"Total Cost": 0.51,"Plan Rows": 1,"Plan Width": 4,"Actual Startup Time": 0.007,"Actual Total Time": 0.007,"Actual Rows": 0,"Actual Loops": 8320,"Index Cond": "(o_orderkey = l1.l_orderkey)","Rows Removed by Index Recheck": 0,"Filter": "(o_orderstatus = 'F'::bpchar)","Rows Removed by Filter": 1}]}]}]}]},"Planning Time": 8.753,"Triggers": [],"Execution Time": 523.514}]
[{"Plan": {"Node Type": "Sort","Parallel Aware": false,"Async Capable": false,"Startup Cost": 147378.80,"Total Cost": 147378.81,"Plan Rows": 1,"Plan Width": 34,"Actual Startup Time": 504.512,"Actual Total Time": 521.552,"Actual Rows": 413,"Actual Loops": 1,"Sort Key": ["(count(*)) DESC", "supplier.s_name"],"Sort Method": "quicksort","Sort Space Used": 57,"Sort Space Type": "Memory","Plans": [{"Node Type": "Aggregate","Strategy": "Sorted","Partial Mode": "Simple","Parent Relationship": "Outer","Parallel Aware": false,"Async Capable": false,"Startup Cost": 147378.77,"Total Cost": 147378.79,"Plan Rows": 1,"Plan Width": 34,"Actual Startup Time": 503.286,"Actual Total Time": 520.862,"Actual Rows": 413,"Actual Loops": 1,"Group Key": ["supplier.s_name"],"Plans": [{"Node Type": "Sort","Parent Relationship": "Outer","Parallel Aware": false,"Async Capable": false,"Startup Cost": 147378.77,"Total Cost": 147378.78,"Plan Rows": 1,"Plan Width": 26,"Actual Startup Time": 503.265,"Actual Total Time": 520.434,"Actual Rows": 4164,"Actual Loops": 1,"Sort Key": ["supplier.s_name"],"Sort Method": "quicksort","Sort Space Used": 485,"Sort Space Type": "Memory","Plans": [{"Node Type": "Nested Loop","Parent Relationship": "Outer","Parallel Aware": false,"Async Capable": false,"Join Type": "Inner","Startup Cost": 1250.87,"Total Cost": 147378.76,"Plan Rows": 1,"Plan Width": 26,"Actual Startup Time": 4.247,"Actual Total Time": 508.248,"Actual Rows": 4164,"Actual Loops": 1,"Inner Unique": true,"Plans": [{"Node Type": "Nested Loop","Parent Relationship": "Outer","Parallel Aware": false,"Async Capable": false,"Join Type": "Semi","Startup Cost": 1250.44,"Total Cost": 147378.26,"Plan Rows": 1,"Plan Width": 34,"Actual Startup Time": 4.214,"Actual Total Time": 442.064,"Actual Rows": 8468,"Actual Loops": 1,"Inner Unique": false,"Plans": [{"Node Type": "Gather","Parent Relationship": "Outer","Parallel Aware": false,"Async Capable": false,"Startup Cost": 1250.01,"Total Cost": 147377.22,"Plan Rows": 1,"Plan Width": 34,"Actual Startup Time": 4.200,"Actual Total Time": 330.934,"Actual Rows": 14141,"Actual Loops": 1,"Workers Planned": 4,"Workers Launched": 4,"Single Copy": false,"Plans": [{"Node Type": "Nested Loop","Parent Relationship": "Outer","Parallel Aware": false,"Async Capable": false,"Join Type": "Anti","Startup Cost": 250.01,"Total Cost": 146377.12,"Plan Rows": 1,"Plan Width": 34,"Actual Startup Time": 5.165,"Actual Total Time": 443.283,"Actual Rows": 2828,"Actual Loops": 5,"Inner Unique": false,"Workers": [],"Plans": [{"Node Type": "Hash Join","Parent Relationship": "Outer","Parallel Aware": false,"Async Capable": false,"Join Type": "Inner","Startup Cost": 249.58,"Total Cost": 133581.65,"Plan Rows": 19990,"Plan Width": 34,"Actual Startup Time": 5.033,"Actual Total Time": 352.494,"Actual Rows": 31380,"Actual Loops": 5,"Inner Unique": false,"Hash Cond": "(l1.l_suppkey = supplier.s_suppkey)","Workers": [],"Plans": [{"Node Type": "Seq Scan","Parent Relationship": "Outer","Parallel Aware": true,"Async Capable": false,"Relation Name": "lineitem","Alias": "l1","Startup Cost": 0.00,"Total Cost": 131256.80,"Plan Rows": 500101,"Plan Width": 8,"Actual Startup Time": 0.028,"Actual Total Time": 299.882,"Actual Rows": 758659,"Actual Loops": 5,"Filter": "(l_receiptdate > l_commitdate)","Rows Removed by Filter": 441584,"Workers": []},{"Node Type": "Hash","Parent Relationship": "Inner","Parallel Aware": false,"Async Capable": false,"Startup Cost": 244.58,"Total Cost": 244.58,"Plan Rows": 400,"Plan Width": 30,"Actual Startup Time": 4.656,"Actual Total Time": 4.665,"Actual Rows": 413,"Actual Loops": 5,"Hash Buckets": 1024,"Original Hash Buckets": 1024,"Hash Batches": 1,"Original Hash Batches": 1,"Peak Memory Usage": 34,"Workers": [],"Plans": [{"Node Type": "Nested Loop","Parent Relationship": "Outer","Parallel Aware": false,"Async Capable": false,"Join Type": "Inner","Startup Cost": 7.38,"Total Cost": 244.58,"Plan Rows": 400,"Plan Width": 30,"Actual Startup Time": 0.318,"Actual Total Time": 4.505,"Actual Rows": 413,"Actual Loops": 5,"Inner Unique": false,"Workers": [],"Plans": [{"Node Type": "Seq Scan","Parent Relationship": "Outer","Parallel Aware": false,"Async Capable": false,"Relation Name": "nation","Alias": "nation","Startup Cost": 0.00,"Total Cost": 1.31,"Plan Rows": 1,"Plan Width": 4,"Actual Startup Time": 0.066,"Actual Total Time": 0.071,"Actual Rows": 1,"Actual Loops": 5,"Filter": "(n_name = 'ARGENTINA'::bpchar)","Rows Removed by Filter": 24,"Workers": []},{"Node Type": "Bitmap Heap Scan","Parent Relationship": "Inner","Parallel Aware": false,"Async Capable": false,"Relation Name": "supplier","Alias": "supplier","Startup Cost": 7.38,"Total Cost": 239.27,"Plan Rows": 400,"Plan Width": 34,"Actual Startup Time": 0.247,"Actual Total Time": 4.358,"Actual Rows": 413,"Actual Loops": 5,"Recheck Cond": "(s_nationkey = nation.n_nationkey)","Rows Removed by Index Recheck": 0,"Exact Heap Blocks": 190,"Lossy Heap Blocks": 0,"Workers": [],"Plans": [{"Node Type": "Bitmap Index Scan","Parent Relationship": "Outer","Parallel Aware": false,"Async Capable": false,"Index Name": "idx_supplier_nation_key","Startup Cost": 0.00,"Total Cost": 7.29,"Plan Rows": 400,"Plan Width": 0,"Actual Startup Time": 0.157,"Actual Total Time": 0.158,"Actual Rows": 413,"Actual Loops": 5,"Index Cond": "(s_nationkey = nation.n_nationkey)","Workers": []}]}]}]}]},{"Node Type": "Index Scan","Parent Relationship": "Inner","Parallel Aware": false,"Async Capable": false,"Scan Direction": "Forward","Index Name": "idx_lineitem_orderkey","Relation Name": "lineitem","Alias": "l3","Startup Cost": 0.43,"Total Cost": 1.06,"Plan Rows": 6,"Plan Width": 8,"Actual Startup Time": 0.003,"Actual Total Time": 0.003,"Actual Rows": 1,"Actual Loops": 156898,"Index Cond": "(l_orderkey = l1.l_orderkey)","Rows Removed by Index Recheck": 0,"Filter": "((l_receiptdate > l_commitdate) AND (l_suppkey <> l1.l_suppkey))","Rows Removed by Filter": 1,"Workers": []}]}]},{"Node Type": "Index Scan","Parent Relationship": "Inner","Parallel Aware": false,"Async Capable": false,"Scan Direction": "Forward","Index Name": "idx_lineitem_orderkey","Relation Name": "lineitem","Alias": "l2","Startup Cost": 0.43,"Total Cost": 1.02,"Plan Rows": 17,"Plan Width": 8,"Actual Startup Time": 0.007,"Actual Total Time": 0.007,"Actual Rows": 1,"Actual Loops": 14141,"Index Cond": "(l_orderkey = l1.l_orderkey)","Rows Removed by Index Recheck": 0,"Filter": "(l_suppkey <> l1.l_suppkey)","Rows Removed by Filter": 1}]},{"Node Type": "Index Scan","Parent Relationship": "Inner","Parallel Aware": false,"Async Capable": false,"Scan Direction": "Forward","Index Name": "orders_pkey","Relation Name": "orders","Alias": "orders","Startup Cost": 0.43,"Total Cost": 0.51,"Plan Rows": 1,"Plan Width": 4,"Actual Startup Time": 0.008,"Actual Total Time": 0.008,"Actual Rows": 0,"Actual Loops": 8468,"Index Cond": "(o_orderkey = l1.l_orderkey)","Rows Removed by Index Recheck": 0,"Filter": "(o_orderstatus = 'F'::bpchar)","Rows Removed by Filter": 1}]}]}]}]},"Planning Time": 8.601,"Triggers": [],"Execution Time": 522.197}]
[{"Plan": {"Node Type": "Sort","Parallel Aware": false,"Async Capable": false,"Startup Cost": 147378.80,"Total Cost": 147378.81,"Plan Rows": 1,"Plan Width": 34,"Actual Startup Time": 504.512,"Actual Total Time": 521.552,"Actual Rows": 413,"Actual Loops": 1,"Sort Key": ["(count(*)) DESC", "supplier.s_name"],"Sort Method": "quicksort","Sort Space Used": 57,"Sort Space Type": "Memory","Plans": [{"Node Type": "Aggregate","Strategy": "Sorted","Partial Mode": "Simple","Parent Relationship": "Outer","Parallel Aware": false,"Async Capable": false,"Startup Cost": 147378.77,"Total Cost": 147378.79,"Plan Rows": 1,"Plan Width": 34,"Actual Startup Time": 503.286,"Actual Total Time": 520.862,"Actual Rows": 413,"Actual Loops": 1,"Group Key": ["supplier.s_name"],"Plans": [{"Node Type": "Sort","Parent Relationship": "Outer","Parallel Aware": false,"Async Capable": false,"Startup Cost": 147378.77,"Total Cost": 147378.78,"Plan Rows": 1,"Plan Width": 26,"Actual Startup Time": 503.265,"Actual Total Time": 520.434,"Actual Rows": 4164,"Actual Loops": 1,"Sort Key": ["supplier.s_name"],"Sort Method": "quicksort","Sort Space Used": 485,"Sort Space Type": "Memory","Plans": [{"Node Type": "Nested Loop","Parent Relationship": "Outer","Parallel Aware": false,"Async Capable": false,"Join Type": "Inner","Startup Cost": 1250.87,"Total Cost": 147378.76,"Plan Rows": 1,"Plan Width": 26,"Actual Startup Time": 4.247,"Actual Total Time": 508.248,"Actual Rows": 4164,"Actual Loops": 1,"Inner Unique": true,"Plans": [{"Node Type": "Nested Loop","Parent Relationship": "Outer","Parallel Aware": false,"Async Capable": false,"Join Type": "Semi","Startup Cost": 1250.44,"Total Cost": 147378.26,"Plan Rows": 1,"Plan Width": 34,"Actual Startup Time": 4.214,"Actual Total Time": 442.064,"Actual Rows": 8468,"Actual Loops": 1,"Inner Unique": false,"Plans": [{"Node Type": "Gather","Parent Relationship": "Outer","Parallel Aware": false,"Async Capable": false,"Startup Cost": 1250.01,"Total Cost": 147377.22,"Plan Rows": 1,"Plan Width": 34,"Actual Startup Time": 4.200,"Actual Total Time": 330.934,"Actual Rows": 14141,"Actual Loops": 1,"Workers Planned": 4,"Workers Launched": 4,"Single Copy": false,"Plans": [{"Node Type": "Nested Loop","Parent Relationship": "Outer","Parallel Aware": false,"Async Capable": false,"Join Type": "Anti","Startup Cost": 250.01,"Total Cost": 146377.12,"Plan Rows": 1,"Plan Width": 34,"Actual Startup Time": 5.165,"Actual Total Time": 443.283,"Actual Rows": 2828,"Actual Loops": 5,"Inner Unique": false,"Workers": [],"Plans": [{"Node Type": "Hash Join","Parent Relationship": "Outer","Parallel Aware": false,"Async Capable": false,"Join Type": "Inner","Startup Cost": 249.58,"Total Cost": 133581.65,"Plan Rows": 19990,"Plan Width": 34,"Actual Startup Time": 5.033,"Actual Total Time": 352.494,"Actual Rows": 31380,"Actual Loops": 5,"Inner Unique": false,"Hash Cond": "(l1.l_suppkey = supplier.s_suppkey)","Workers": [],"Plans": [{"Node Type": "Seq Scan","Parent Relationship": "Outer","Parallel Aware": true,"Async Capable": false,"Relation Name": "lineitem","Alias": "l1","Startup Cost": 0.00,"Total Cost": 131256.80,"Plan Rows": 500101,"Plan Width": 8,"Actual Startup Time": 0.028,"Actual Total Time": 299.882,"Actual Rows": 758659,"Actual Loops": 5,"Filter": "(l_receiptdate > l_commitdate)","Rows Removed by Filter": 441584,"Workers": []},{"Node Type": "Hash","Parent Relationship": "Inner","Parallel Aware": false,"Async Capable": false,"Startup Cost": 244.58,"Total Cost": 244.58,"Plan Rows": 400,"Plan Width": 30,"Actual Startup Time": 4.656,"Actual Total Time": 4.665,"Actual Rows": 413,"Actual Loops": 5,"Hash Buckets": 1024,"Original Hash Buckets": 1024,"Hash Batches": 1,"Original Hash Batches": 1,"Peak Memory Usage": 34,"Workers": [],"Plans": [{"Node Type": "Nested Loop","Parent Relationship": "Outer","Parallel Aware": false,"Async Capable": false,"Join Type": "Inner","Startup Cost": 7.38,"Total Cost": 244.58,"Plan Rows": 400,"Plan Width": 30,"Actual Startup Time": 0.318,"Actual Total Time": 4.505,"Actual Rows": 413,"Actual Loops": 5,"Inner Unique": false,"Workers": [],"Plans": [{"Node Type": "Seq Scan","Parent Relationship": "Outer","Parallel Aware": false,"Async Capable": false,"Relation Name": "nation","Alias": "nation","Startup Cost": 0.00,"Total Cost": 1.31,"Plan Rows": 1,"Plan Width": 4,"Actual Startup Time": 0.066,"Actual Total Time": 0.071,"Actual Rows": 1,"Actual Loops": 5,"Filter": "(n_name = 'ARGENTINA'::bpchar)","Rows Removed by Filter": 24,"Workers": []},{"Node Type": "Bitmap Heap Scan","Parent Relationship": "Inner","Parallel Aware": false,"Async Capable": false,"Relation Name": "supplier","Alias": "supplier","Startup Cost": 7.38,"Total Cost": 239.27,"Plan Rows": 400,"Plan Width": 34,"Actual Startup Time": 0.247,"Actual Total Time": 4.358,"Actual Rows": 413,"Actual Loops": 5,"Recheck Cond": "(s_nationkey = nation.n_nationkey)","Rows Removed by Index Recheck": 0,"Exact Heap Blocks": 190,"Lossy Heap Blocks": 0,"Workers": [],"Plans": [{"Node Type": "Bitmap Index Scan","Parent Relationship": "Outer","Parallel Aware": false,"Async Capable": false,"Index Name": "idx_supplier_nation_key","Startup Cost": 0.00,"Total Cost": 7.29,"Plan Rows": 400,"Plan Width": 0,"Actual Startup Time": 0.157,"Actual Total Time": 0.158,"Actual Rows": 413,"Actual Loops": 5,"Index Cond": "(s_nationkey = nation.n_nationkey)","Workers": []}]}]}]}]},{"Node Type": "Index Scan","Parent Relationship": "Inner","Parallel Aware": false,"Async Capable": false,"Scan Direction": "Forward","Index Name": "idx_lineitem_orderkey","Relation Name": "lineitem","Alias": "l3","Startup Cost": 0.43,"Total Cost": 1.06,"Plan Rows": 6,"Plan Width": 8,"Actual Startup Time": 0.003,"Actual Total Time": 0.003,"Actual Rows": 1,"Actual Loops": 156898,"Index Cond": "(l_orderkey = l1.l_orderkey)","Rows Removed by Index Recheck": 0,"Filter": "((l_receiptdate > l_commitdate) AND (l_suppkey <> l1.l_suppkey))","Rows Removed by Filter": 1,"Workers": []}]}]},{"Node Type": "Index Scan","Parent Relationship": "Inner","Parallel Aware": false,"Async Capable": false,"Scan Direction": "Forward","Index Name": "idx_lineitem_orderkey","Relation Name": "lineitem","Alias": "l2","Startup Cost": 0.43,"Total Cost": 1.02,"Plan Rows": 17,"Plan Width": 8,"Actual Startup Time": 0.007,"Actual Total Time": 0.007,"Actual Rows": 1,"Actual Loops": 14141,"Index Cond": "(l_orderkey = l1.l_orderkey)","Rows Removed by Index Recheck": 0,"Filter": "(l_suppkey <> l1.l_suppkey)","Rows Removed by Filter": 1}]},{"Node Type": "Index Scan","Parent Relationship": "Inner","Parallel Aware": false,"Async Capable": false,"Scan Direction": "Forward","Index Name": "orders_pkey","Relation Name": "orders","Alias": "orders","Startup Cost": 0.43,"Total Cost": 0.51,"Plan Rows": 1,"Plan Width": 4,"Actual Startup Time": 0.008,"Actual Total Time": 0.008,"Actual Rows": 0,"Actual Loops": 8468,"Index Cond": "(o_orderkey = l1.l_orderkey)","Rows Removed by Index Recheck": 0,"Filter": "(o_orderstatus = 'F'::bpchar)","Rows Removed by Filter": 1}]}]}]}]},"Planning Time": 8.601,"Triggers": [],"Execution Time": 522.197}]
[{"Plan": {"Node Type": "Sort","Parallel Aware": false,"Async Capable": false,"Startup Cost": 147378.80,"Total Cost": 147378.81,"Plan Rows": 1,"Plan Width": 34,"Actual Startup Time": 502.540,"Actual Total Time": 523.684,"Actual Rows": 401,"Actual Loops": 1,"Sort Key": ["(count(*)) DESC", "supplier.s_name"],"Sort Method": "quicksort","Sort Space Used": 56,"Sort Space Type": "Memory","Plans": [{"Node Type": "Aggregate","Strategy": "Sorted","Partial Mode": "Simple","Parent Relationship": "Outer","Parallel Aware": false,"Async Capable": false,"Startup Cost": 147378.77,"Total Cost": 147378.79,"Plan Rows": 1,"Plan Width": 34,"Actual Startup Time": 501.310,"Actual Total Time": 522.965,"Actual Rows": 401,"Actual Loops": 1,"Group Key": ["supplier.s_name"],"Plans": [{"Node Type": "Sort","Parent Relationship": "Outer","Parallel Aware": false,"Async Capable": false,"Startup Cost": 147378.77,"Total Cost": 147378.78,"Plan Rows": 1,"Plan Width": 26,"Actual Startup Time": 501.284,"Actual Total Time": 522.551,"Actual Rows": 3970,"Actual Loops": 1,"Sort Key": ["supplier.s_name"],"Sort Method": "quicksort","Sort Space Used": 376,"Sort Space Type": "Memory","Plans": [{"Node Type": "Nested Loop","Parent Relationship": "Outer","Parallel Aware": false,"Async Capable": false,"Join Type": "Inner","Startup Cost": 1250.87,"Total Cost": 147378.76,"Plan Rows": 1,"Plan Width": 26,"Actual Startup Time": 5.240,"Actual Total Time": 512.097,"Actual Rows": 3970,"Actual Loops": 1,"Inner Unique": true,"Plans": [{"Node Type": "Nested Loop","Parent Relationship": "Outer","Parallel Aware": false,"Async Capable": false,"Join Type": "Semi","Startup Cost": 1250.44,"Total Cost": 147378.26,"Plan Rows": 1,"Plan Width": 34,"Actual Startup Time": 4.627,"Actual Total Time": 451.513,"Actual Rows": 8097,"Actual Loops": 1,"Inner Unique": false,"Plans": [{"Node Type": "Gather","Parent Relationship": "Outer","Parallel Aware": false,"Async Capable": false,"Startup Cost": 1250.01,"Total Cost": 147377.22,"Plan Rows": 1,"Plan Width": 34,"Actual Startup Time": 4.615,"Actual Total Time": 347.691,"Actual Rows": 13583,"Actual Loops": 1,"Workers Planned": 4,"Workers Launched": 4,"Single Copy": false,"Plans": [{"Node Type": "Nested Loop","Parent Relationship": "Outer","Parallel Aware": false,"Async Capable": false,"Join Type": "Anti","Startup Cost": 250.01,"Total Cost": 146377.12,"Plan Rows": 1,"Plan Width": 34,"Actual Startup Time": 4.828,"Actual Total Time": 446.701,"Actual Rows": 2717,"Actual Loops": 5,"Inner Unique": false,"Workers": [],"Plans": [{"Node Type": "Hash Join","Parent Relationship": "Outer","Parallel Aware": false,"Async Capable": false,"Join Type": "Inner","Startup Cost": 249.58,"Total Cost": 133581.65,"Plan Rows": 19990,"Plan Width": 34,"Actual Startup Time": 4.456,"Actual Total Time": 356.594,"Actual Rows": 30499,"Actual Loops": 5,"Inner Unique": false,"Hash Cond": "(l1.l_suppkey = supplier.s_suppkey)","Workers": [],"Plans": [{"Node Type": "Seq Scan","Parent Relationship": "Outer","Parallel Aware": true,"Async Capable": false,"Relation Name": "lineitem","Alias": "l1","Startup Cost": 0.00,"Total Cost": 131256.80,"Plan Rows": 500101,"Plan Width": 8,"Actual Startup Time": 0.022,"Actual Total Time": 305.978,"Actual Rows": 758659,"Actual Loops": 5,"Filter": "(l_receiptdate > l_commitdate)","Rows Removed by Filter": 441584,"Workers": []},{"Node Type": "Hash","Parent Relationship": "Inner","Parallel Aware": false,"Async Capable": false,"Startup Cost": 244.58,"Total Cost": 244.58,"Plan Rows": 400,"Plan Width": 30,"Actual Startup Time": 4.157,"Actual Total Time": 4.168,"Actual Rows": 401,"Actual Loops": 5,"Hash Buckets": 1024,"Original Hash Buckets": 1024,"Hash Batches": 1,"Original Hash Batches": 1,"Peak Memory Usage": 34,"Workers": [],"Plans": [{"Node Type": "Nested Loop","Parent Relationship": "Outer","Parallel Aware": false,"Async Capable": false,"Join Type": "Inner","Startup Cost": 7.38,"Total Cost": 244.58,"Plan Rows": 400,"Plan Width": 30,"Actual Startup Time": 0.269,"Actual Total Time": 4.009,"Actual Rows": 401,"Actual Loops": 5,"Inner Unique": false,"Workers": [],"Plans": [{"Node Type": "Seq Scan","Parent Relationship": "Outer","Parallel Aware": false,"Async Capable": false,"Relation Name": "nation","Alias": "nation","Startup Cost": 0.00,"Total Cost": 1.31,"Plan Rows": 1,"Plan Width": 4,"Actual Startup Time": 0.053,"Actual Total Time": 0.057,"Actual Rows": 1,"Actual Loops": 5,"Filter": "(n_name = 'RUSSIA'::bpchar)","Rows Removed by Filter": 24,"Workers": []},{"Node Type": "Bitmap Heap Scan","Parent Relationship": "Inner","Parallel Aware": false,"Async Capable": false,"Relation Name": "supplier","Alias": "supplier","Startup Cost": 7.38,"Total Cost": 239.27,"Plan Rows": 400,"Plan Width": 34,"Actual Startup Time": 0.210,"Actual Total Time": 3.875,"Actual Rows": 401,"Actual Loops": 5,"Recheck Cond": "(s_nationkey = nation.n_nationkey)","Rows Removed by Index Recheck": 0,"Exact Heap Blocks": 180,"Lossy Heap Blocks": 0,"Workers": [],"Plans": [{"Node Type": "Bitmap Index Scan","Parent Relationship": "Outer","Parallel Aware": false,"Async Capable": false,"Index Name": "idx_supplier_nation_key","Startup Cost": 0.00,"Total Cost": 7.29,"Plan Rows": 400,"Plan Width": 0,"Actual Startup Time": 0.139,"Actual Total Time": 0.140,"Actual Rows": 401,"Actual Loops": 5,"Index Cond": "(s_nationkey = nation.n_nationkey)","Workers": []}]}]}]}]},{"Node Type": "Index Scan","Parent Relationship": "Inner","Parallel Aware": false,"Async Capable": false,"Scan Direction": "Forward","Index Name": "idx_lineitem_orderkey","Relation Name": "lineitem","Alias": "l3","Startup Cost": 0.43,"Total Cost": 1.06,"Plan Rows": 6,"Plan Width": 8,"Actual Startup Time": 0.003,"Actual Total Time": 0.003,"Actual Rows": 1,"Actual Loops": 152495,"Index Cond": "(l_orderkey = l1.l_orderkey)","Rows Removed by Index Recheck": 0,"Filter": "((l_receiptdate > l_commitdate) AND (l_suppkey <> l1.l_suppkey))","Rows Removed by Filter": 1,"Workers": []}]}]},{"Node Type": "Index Scan","Parent Relationship": "Inner","Parallel Aware": false,"Async Capable": false,"Scan Direction": "Forward","Index Name": "idx_lineitem_orderkey","Relation Name": "lineitem","Alias": "l2","Startup Cost": 0.43,"Total Cost": 1.02,"Plan Rows": 17,"Plan Width": 8,"Actual Startup Time": 0.007,"Actual Total Time": 0.007,"Actual Rows": 1,"Actual Loops": 13583,"Index Cond": "(l_orderkey = l1.l_orderkey)","Rows Removed by Index Recheck": 0,"Filter": "(l_suppkey <> l1.l_suppkey)","Rows Removed by Filter": 1}]},{"Node Type": "Index Scan","Parent Relationship": "Inner","Parallel Aware": false,"Async Capable": false,"Scan Direction": "Forward","Index Name": "orders_pkey","Relation Name": "orders","Alias": "orders","Startup Cost": 0.43,"Total Cost": 0.51,"Plan Rows": 1,"Plan Width": 4,"Actual Startup Time": 0.007,"Actual Total Time": 0.007,"Actual Rows": 0,"Actual Loops": 8097,"Index Cond": "(o_orderkey = l1.l_orderkey)","Rows Removed by Index Recheck": 0,"Filter": "(o_orderstatus = 'F'::bpchar)","Rows Removed by Filter": 1}]}]}]}]},"Planning Time": 9.437,"Triggers": [],"Execution Time": 524.297}]
[{"Plan": {"Node Type": "Sort","Parallel Aware": false,"Async Capable": false,"Startup Cost": 147378.80,"Total Cost": 147378.81,"Plan Rows": 1,"Plan Width": 34,"Actual Startup Time": 500.228,"Actual Total Time": 519.082,"Actual Rows": 412,"Actual Loops": 1,"Sort Key": ["(count(*)) DESC", "supplier.s_name"],"Sort Method": "quicksort","Sort Space Used": 57,"Sort Space Type": "Memory","Plans": [{"Node Type": "Aggregate","Strategy": "Sorted","Partial Mode": "Simple","Parent Relationship": "Outer","Parallel Aware": false,"Async Capable": false,"Startup Cost": 147378.77,"Total Cost": 147378.79,"Plan Rows": 1,"Plan Width": 34,"Actual Startup Time": 498.981,"Actual Total Time": 518.359,"Actual Rows": 412,"Actual Loops": 1,"Group Key": ["supplier.s_name"],"Plans": [{"Node Type": "Sort","Parent Relationship": "Outer","Parallel Aware": false,"Async Capable": false,"Startup Cost": 147378.77,"Total Cost": 147378.78,"Plan Rows": 1,"Plan Width": 26,"Actual Startup Time": 498.949,"Actual Total Time": 517.928,"Actual Rows": 4030,"Actual Loops": 1,"Sort Key": ["supplier.s_name"],"Sort Method": "quicksort","Sort Space Used": 380,"Sort Space Type": "Memory","Plans": [{"Node Type": "Nested Loop","Parent Relationship": "Outer","Parallel Aware": false,"Async Capable": false,"Join Type": "Inner","Startup Cost": 1250.87,"Total Cost": 147378.76,"Plan Rows": 1,"Plan Width": 26,"Actual Startup Time": 4.020,"Actual Total Time": 506.052,"Actual Rows": 4030,"Actual Loops": 1,"Inner Unique": true,"Plans": [{"Node Type": "Nested Loop","Parent Relationship": "Outer","Parallel Aware": false,"Async Capable": false,"Join Type": "Semi","Startup Cost": 1250.44,"Total Cost": 147378.26,"Plan Rows": 1,"Plan Width": 34,"Actual Startup Time": 3.993,"Actual Total Time": 443.011,"Actual Rows": 8146,"Actual Loops": 1,"Inner Unique": false,"Plans": [{"Node Type": "Gather","Parent Relationship": "Outer","Parallel Aware": false,"Async Capable": false,"Startup Cost": 1250.01,"Total Cost": 147377.22,"Plan Rows": 1,"Plan Width": 34,"Actual Startup Time": 3.980,"Actual Total Time": 336.738,"Actual Rows": 13748,"Actual Loops": 1,"Workers Planned": 4,"Workers Launched": 4,"Single Copy": false,"Plans": [{"Node Type": "Nested Loop","Parent Relationship": "Outer","Parallel Aware": false,"Async Capable": false,"Join Type": "Anti","Startup Cost": 250.01,"Total Cost": 146377.12,"Plan Rows": 1,"Plan Width": 34,"Actual Startup Time": 4.569,"Actual Total Time": 441.712,"Actual Rows": 2750,"Actual Loops": 5,"Inner Unique": false,"Workers": [],"Plans": [{"Node Type": "Hash Join","Parent Relationship": "Outer","Parallel Aware": false,"Async Capable": false,"Join Type": "Inner","Startup Cost": 249.58,"Total Cost": 133581.65,"Plan Rows": 19990,"Plan Width": 34,"Actual Startup Time": 4.262,"Actual Total Time": 350.942,"Actual Rows": 31209,"Actual Loops": 5,"Inner Unique": false,"Hash Cond": "(l1.l_suppkey = supplier.s_suppkey)","Workers": [],"Plans": [{"Node Type": "Seq Scan","Parent Relationship": "Outer","Parallel Aware": true,"Async Capable": false,"Relation Name": "lineitem","Alias": "l1","Startup Cost": 0.00,"Total Cost": 131256.80,"Plan Rows": 500101,"Plan Width": 8,"Actual Startup Time": 0.026,"Actual Total Time": 299.296,"Actual Rows": 758659,"Actual Loops": 5,"Filter": "(l_receiptdate > l_commitdate)","Rows Removed by Filter": 441584,"Workers": []},{"Node Type": "Hash","Parent Relationship": "Inner","Parallel Aware": false,"Async Capable": false,"Startup Cost": 244.58,"Total Cost": 244.58,"Plan Rows": 400,"Plan Width": 30,"Actual Startup Time": 3.907,"Actual Total Time": 3.918,"Actual Rows": 412,"Actual Loops": 5,"Hash Buckets": 1024,"Original Hash Buckets": 1024,"Hash Batches": 1,"Original Hash Batches": 1,"Peak Memory Usage": 34,"Workers": [],"Plans": [{"Node Type": "Nested Loop","Parent Relationship": "Outer","Parallel Aware": false,"Async Capable": false,"Join Type": "Inner","Startup Cost": 7.38,"Total Cost": 244.58,"Plan Rows": 400,"Plan Width": 30,"Actual Startup Time": 0.286,"Actual Total Time": 3.756,"Actual Rows": 412,"Actual Loops": 5,"Inner Unique": false,"Workers": [],"Plans": [{"Node Type": "Seq Scan","Parent Relationship": "Outer","Parallel Aware": false,"Async Capable": false,"Relation Name": "nation","Alias": "nation","Startup Cost": 0.00,"Total Cost": 1.31,"Plan Rows": 1,"Plan Width": 4,"Actual Startup Time": 0.059,"Actual Total Time": 0.064,"Actual Rows": 1,"Actual Loops": 5,"Filter": "(n_name = 'CANADA'::bpchar)","Rows Removed by Filter": 24,"Workers": []},{"Node Type": "Bitmap Heap Scan","Parent Relationship": "Inner","Parallel Aware": false,"Async Capable": false,"Relation Name": "supplier","Alias": "supplier","Startup Cost": 7.38,"Total Cost": 239.27,"Plan Rows": 400,"Plan Width": 34,"Actual Startup Time": 0.222,"Actual Total Time": 3.623,"Actual Rows": 412,"Actual Loops": 5,"Recheck Cond": "(s_nationkey = nation.n_nationkey)","Rows Removed by Index Recheck": 0,"Exact Heap Blocks": 189,"Lossy Heap Blocks": 0,"Workers": [],"Plans": [{"Node Type": "Bitmap Index Scan","Parent Relationship": "Outer","Parallel Aware": false,"Async Capable": false,"Index Name": "idx_supplier_nation_key","Startup Cost": 0.00,"Total Cost": 7.29,"Plan Rows": 400,"Plan Width": 0,"Actual Startup Time": 0.144,"Actual Total Time": 0.145,"Actual Rows": 412,"Actual Loops": 5,"Index Cond": "(s_nationkey = nation.n_nationkey)","Workers": []}]}]}]}]},{"Node Type": "Index Scan","Parent Relationship": "Inner","Parallel Aware": false,"Async Capable": false,"Scan Direction": "Forward","Index Name": "idx_lineitem_orderkey","Relation Name": "lineitem","Alias": "l3","Startup Cost": 0.43,"Total Cost": 1.06,"Plan Rows": 6,"Plan Width": 8,"Actual Startup Time": 0.003,"Actual Total Time": 0.003,"Actual Rows": 1,"Actual Loops": 156047,"Index Cond": "(l_orderkey = l1.l_orderkey)","Rows Removed by Index Recheck": 0,"Filter": "((l_receiptdate > l_commitdate) AND (l_suppkey <> l1.l_suppkey))","Rows Removed by Filter": 1,"Workers": []}]}]},{"Node Type": "Index Scan","Parent Relationship": "Inner","Parallel Aware": false,"Async Capable": false,"Scan Direction": "Forward","Index Name": "idx_lineitem_orderkey","Relation Name": "lineitem","Alias": "l2","Startup Cost": 0.43,"Total Cost": 1.02,"Plan Rows": 17,"Plan Width": 8,"Actual Startup Time": 0.007,"Actual Total Time": 0.007,"Actual Rows": 1,"Actual Loops": 13748,"Index Cond": "(l_orderkey = l1.l_orderkey)","Rows Removed by Index Recheck": 0,"Filter": "(l_suppkey <> l1.l_suppkey)","Rows Removed by Filter": 1}]},{"Node Type": "Index Scan","Parent Relationship": "Inner","Parallel Aware": false,"Async Capable": false,"Scan Direction": "Forward","Index Name": "orders_pkey","Relation Name": "orders","Alias": "orders","Startup Cost": 0.43,"Total Cost": 0.51,"Plan Rows": 1,"Plan Width": 4,"Actual Startup Time": 0.007,"Actual Total Time": 0.007,"Actual Rows": 0,"Actual Loops": 8146,"Index Cond": "(o_orderkey = l1.l_orderkey)","Rows Removed by Index Recheck": 0,"Filter": "(o_orderstatus = 'F'::bpchar)","Rows Removed by Filter": 1}]}]}]}]},"Planning Time": 9.689,"Triggers": [],"Execution Time": 519.513}]
[{"Plan": {"Node Type": "Sort","Parallel Aware": false,"Async Capable": false,"Startup Cost": 147378.80,"Total Cost": 147378.81,"Plan Rows": 1,"Plan Width": 34,"Actual Startup Time": 484.568,"Actual Total Time": 505.980,"Actual Rows": 362,"Actual Loops": 1,"Sort Key": ["(count(*)) DESC", "supplier.s_name"],"Sort Method": "quicksort","Sort Space Used": 53,"Sort Space Type": "Memory","Plans": [{"Node Type": "Aggregate","Strategy": "Sorted","Partial Mode": "Simple","Parent Relationship": "Outer","Parallel Aware": false,"Async Capable": false,"Startup Cost": 147378.77,"Total Cost": 147378.79,"Plan Rows": 1,"Plan Width": 34,"Actual Startup Time": 483.467,"Actual Total Time": 505.326,"Actual Rows": 362,"Actual Loops": 1,"Group Key": ["supplier.s_name"],"Plans": [{"Node Type": "Sort","Parent Relationship": "Outer","Parallel Aware": false,"Async Capable": false,"Startup Cost": 147378.77,"Total Cost": 147378.78,"Plan Rows": 1,"Plan Width": 26,"Actual Startup Time": 483.448,"Actual Total Time": 504.962,"Actual Rows": 3454,"Actual Loops": 1,"Sort Key": ["supplier.s_name"],"Sort Method": "quicksort","Sort Space Used": 339,"Sort Space Type": "Memory","Plans": [{"Node Type": "Nested Loop","Parent Relationship": "Outer","Parallel Aware": false,"Async Capable": false,"Join Type": "Inner","Startup Cost": 1250.87,"Total Cost": 147378.76,"Plan Rows": 1,"Plan Width": 26,"Actual Startup Time": 4.046,"Actual Total Time": 494.960,"Actual Rows": 3454,"Actual Loops": 1,"Inner Unique": true,"Plans": [{"Node Type": "Nested Loop","Parent Relationship": "Outer","Parallel Aware": false,"Async Capable": false,"Join Type": "Semi","Startup Cost": 1250.44,"Total Cost": 147378.26,"Plan Rows": 1,"Plan Width": 34,"Actual Startup Time": 3.697,"Actual Total Time": 437.513,"Actual Rows": 7167,"Actual Loops": 1,"Inner Unique": false,"Plans": [{"Node Type": "Gather","Parent Relationship": "Outer","Parallel Aware": false,"Async Capable": false,"Startup Cost": 1250.01,"Total Cost": 147377.22,"Plan Rows": 1,"Plan Width": 34,"Actual Startup Time": 3.682,"Actual Total Time": 337.976,"Actual Rows": 12136,"Actual Loops": 1,"Workers Planned": 4,"Workers Launched": 4,"Single Copy": false,"Plans": [{"Node Type": "Nested Loop","Parent Relationship": "Outer","Parallel Aware": false,"Async Capable": false,"Join Type": "Anti","Startup Cost": 250.01,"Total Cost": 146377.12,"Plan Rows": 1,"Plan Width": 34,"Actual Startup Time": 4.367,"Actual Total Time": 431.433,"Actual Rows": 2427,"Actual Loops": 5,"Inner Unique": false,"Workers": [],"Plans": [{"Node Type": "Hash Join","Parent Relationship": "Outer","Parallel Aware": false,"Async Capable": false,"Join Type": "Inner","Startup Cost": 249.58,"Total Cost": 133581.65,"Plan Rows": 19990,"Plan Width": 34,"Actual Startup Time": 4.181,"Actual Total Time": 349.984,"Actual Rows": 27450,"Actual Loops": 5,"Inner Unique": false,"Hash Cond": "(l1.l_suppkey = supplier.s_suppkey)","Workers": [],"Plans": [{"Node Type": "Seq Scan","Parent Relationship": "Outer","Parallel Aware": true,"Async Capable": false,"Relation Name": "lineitem","Alias": "l1","Startup Cost": 0.00,"Total Cost": 131256.80,"Plan Rows": 500101,"Plan Width": 8,"Actual Startup Time": 0.027,"Actual Total Time": 299.399,"Actual Rows": 758659,"Actual Loops": 5,"Filter": "(l_receiptdate > l_commitdate)","Rows Removed by Filter": 441584,"Workers": []},{"Node Type": "Hash","Parent Relationship": "Inner","Parallel Aware": false,"Async Capable": false,"Startup Cost": 244.58,"Total Cost": 244.58,"Plan Rows": 400,"Plan Width": 30,"Actual Startup Time": 3.849,"Actual Total Time": 3.862,"Actual Rows": 362,"Actual Loops": 5,"Hash Buckets": 1024,"Original Hash Buckets": 1024,"Hash Batches": 1,"Original Hash Batches": 1,"Peak Memory Usage": 31,"Workers": [],"Plans": [{"Node Type": "Nested Loop","Parent Relationship": "Outer","Parallel Aware": false,"Async Capable": false,"Join Type": "Inner","Startup Cost": 7.38,"Total Cost": 244.58,"Plan Rows": 400,"Plan Width": 30,"Actual Startup Time": 0.339,"Actual Total Time": 3.727,"Actual Rows": 362,"Actual Loops": 5,"Inner Unique": false,"Workers": [],"Plans": [{"Node Type": "Seq Scan","Parent Relationship": "Outer","Parallel Aware": false,"Async Capable": false,"Relation Name": "nation","Alias": "nation","Startup Cost": 0.00,"Total Cost": 1.31,"Plan Rows": 1,"Plan Width": 4,"Actual Startup Time": 0.061,"Actual Total Time": 0.064,"Actual Rows": 1,"Actual Loops": 5,"Filter": "(n_name = 'JORDAN'::bpchar)","Rows Removed by Filter": 24,"Workers": []},{"Node Type": "Bitmap Heap Scan","Parent Relationship": "Inner","Parallel Aware": false,"Async Capable": false,"Relation Name": "supplier","Alias": "supplier","Startup Cost": 7.38,"Total Cost": 239.27,"Plan Rows": 400,"Plan Width": 34,"Actual Startup Time": 0.272,"Actual Total Time": 3.601,"Actual Rows": 362,"Actual Loops": 5,"Recheck Cond": "(s_nationkey = nation.n_nationkey)","Rows Removed by Index Recheck": 0,"Exact Heap Blocks": 166,"Lossy Heap Blocks": 0,"Workers": [],"Plans": [{"Node Type": "Bitmap Index Scan","Parent Relationship": "Outer","Parallel Aware": false,"Async Capable": false,"Index Name": "idx_supplier_nation_key","Startup Cost": 0.00,"Total Cost": 7.29,"Plan Rows": 400,"Plan Width": 0,"Actual Startup Time": 0.176,"Actual Total Time": 0.178,"Actual Rows": 362,"Actual Loops": 5,"Index Cond": "(s_nationkey = nation.n_nationkey)","Workers": []}]}]}]}]},{"Node Type": "Index Scan","Parent Relationship": "Inner","Parallel Aware": false,"Async Capable": false,"Scan Direction": "Forward","Index Name": "idx_lineitem_orderkey","Relation Name": "lineitem","Alias": "l3","Startup Cost": 0.43,"Total Cost": 1.06,"Plan Rows": 6,"Plan Width": 8,"Actual Startup Time": 0.003,"Actual Total Time": 0.003,"Actual Rows": 1,"Actual Loops": 137252,"Index Cond": "(l_orderkey = l1.l_orderkey)","Rows Removed by Index Recheck": 0,"Filter": "((l_receiptdate > l_commitdate) AND (l_suppkey <> l1.l_suppkey))","Rows Removed by Filter": 1,"Workers": []}]}]},{"Node Type": "Index Scan","Parent Relationship": "Inner","Parallel Aware": false,"Async Capable": false,"Scan Direction": "Forward","Index Name": "idx_lineitem_orderkey","Relation Name": "lineitem","Alias": "l2","Startup Cost": 0.43,"Total Cost": 1.02,"Plan Rows": 17,"Plan Width": 8,"Actual Startup Time": 0.008,"Actual Total Time": 0.008,"Actual Rows": 1,"Actual Loops": 12136,"Index Cond": "(l_orderkey = l1.l_orderkey)","Rows Removed by Index Recheck": 0,"Filter": "(l_suppkey <> l1.l_suppkey)","Rows Removed by Filter": 1}]},{"Node Type": "Index Scan","Parent Relationship": "Inner","Parallel Aware": false,"Async Capable": false,"Scan Direction": "Forward","Index Name": "orders_pkey","Relation Name": "orders","Alias": "orders","Startup Cost": 0.43,"Total Cost": 0.51,"Plan Rows": 1,"Plan Width": 4,"Actual Startup Time": 0.008,"Actual Total Time": 0.008,"Actual Rows": 0,"Actual Loops": 7167,"Index Cond": "(o_orderkey = l1.l_orderkey)","Rows Removed by Index Recheck": 0,"Filter": "(o_orderstatus = 'F'::bpchar)","Rows Removed by Filter": 1}]}]}]}]},"Planning Time": 8.148,"Triggers": [],"Execution Time": 506.532}]
[{"Plan": {"Node Type": "Sort","Parallel Aware": false,"Async Capable": false,"Startup Cost": 147378.80,"Total Cost": 147378.81,"Plan Rows": 1,"Plan Width": 34,"Actual Startup Time": 504.512,"Actual Total Time": 521.552,"Actual Rows": 413,"Actual Loops": 1,"Sort Key": ["(count(*)) DESC", "supplier.s_name"],"Sort Method": "quicksort","Sort Space Used": 57,"Sort Space Type": "Memory","Plans": [{"Node Type": "Aggregate","Strategy": "Sorted","Partial Mode": "Simple","Parent Relationship": "Outer","Parallel Aware": false,"Async Capable": false,"Startup Cost": 147378.77,"Total Cost": 147378.79,"Plan Rows": 1,"Plan Width": 34,"Actual Startup Time": 503.286,"Actual Total Time": 520.862,"Actual Rows": 413,"Actual Loops": 1,"Group Key": ["supplier.s_name"],"Plans": [{"Node Type": "Sort","Parent Relationship": "Outer","Parallel Aware": false,"Async Capable": false,"Startup Cost": 147378.77,"Total Cost": 147378.78,"Plan Rows": 1,"Plan Width": 26,"Actual Startup Time": 503.265,"Actual Total Time": 520.434,"Actual Rows": 4164,"Actual Loops": 1,"Sort Key": ["supplier.s_name"],"Sort Method": "quicksort","Sort Space Used": 485,"Sort Space Type": "Memory","Plans": [{"Node Type": "Nested Loop","Parent Relationship": "Outer","Parallel Aware": false,"Async Capable": false,"Join Type": "Inner","Startup Cost": 1250.87,"Total Cost": 147378.76,"Plan Rows": 1,"Plan Width": 26,"Actual Startup Time": 4.247,"Actual Total Time": 508.248,"Actual Rows": 4164,"Actual Loops": 1,"Inner Unique": true,"Plans": [{"Node Type": "Nested Loop","Parent Relationship": "Outer","Parallel Aware": false,"Async Capable": false,"Join Type": "Semi","Startup Cost": 1250.44,"Total Cost": 147378.26,"Plan Rows": 1,"Plan Width": 34,"Actual Startup Time": 4.214,"Actual Total Time": 442.064,"Actual Rows": 8468,"Actual Loops": 1,"Inner Unique": false,"Plans": [{"Node Type": "Gather","Parent Relationship": "Outer","Parallel Aware": false,"Async Capable": false,"Startup Cost": 1250.01,"Total Cost": 147377.22,"Plan Rows": 1,"Plan Width": 34,"Actual Startup Time": 4.200,"Actual Total Time": 330.934,"Actual Rows": 14141,"Actual Loops": 1,"Workers Planned": 4,"Workers Launched": 4,"Single Copy": false,"Plans": [{"Node Type": "Nested Loop","Parent Relationship": "Outer","Parallel Aware": false,"Async Capable": false,"Join Type": "Anti","Startup Cost": 250.01,"Total Cost": 146377.12,"Plan Rows": 1,"Plan Width": 34,"Actual Startup Time": 5.165,"Actual Total Time": 443.283,"Actual Rows": 2828,"Actual Loops": 5,"Inner Unique": false,"Workers": [],"Plans": [{"Node Type": "Hash Join","Parent Relationship": "Outer","Parallel Aware": false,"Async Capable": false,"Join Type": "Inner","Startup Cost": 249.58,"Total Cost": 133581.65,"Plan Rows": 19990,"Plan Width": 34,"Actual Startup Time": 5.033,"Actual Total Time": 352.494,"Actual Rows": 31380,"Actual Loops": 5,"Inner Unique": false,"Hash Cond": "(l1.l_suppkey = supplier.s_suppkey)","Workers": [],"Plans": [{"Node Type": "Seq Scan","Parent Relationship": "Outer","Parallel Aware": true,"Async Capable": false,"Relation Name": "lineitem","Alias": "l1","Startup Cost": 0.00,"Total Cost": 131256.80,"Plan Rows": 500101,"Plan Width": 8,"Actual Startup Time": 0.028,"Actual Total Time": 299.882,"Actual Rows": 758659,"Actual Loops": 5,"Filter": "(l_receiptdate > l_commitdate)","Rows Removed by Filter": 441584,"Workers": []},{"Node Type": "Hash","Parent Relationship": "Inner","Parallel Aware": false,"Async Capable": false,"Startup Cost": 244.58,"Total Cost": 244.58,"Plan Rows": 400,"Plan Width": 30,"Actual Startup Time": 4.656,"Actual Total Time": 4.665,"Actual Rows": 413,"Actual Loops": 5,"Hash Buckets": 1024,"Original Hash Buckets": 1024,"Hash Batches": 1,"Original Hash Batches": 1,"Peak Memory Usage": 34,"Workers": [],"Plans": [{"Node Type": "Nested Loop","Parent Relationship": "Outer","Parallel Aware": false,"Async Capable": false,"Join Type": "Inner","Startup Cost": 7.38,"Total Cost": 244.58,"Plan Rows": 400,"Plan Width": 30,"Actual Startup Time": 0.318,"Actual Total Time": 4.505,"Actual Rows": 413,"Actual Loops": 5,"Inner Unique": false,"Workers": [],"Plans": [{"Node Type": "Seq Scan","Parent Relationship": "Outer","Parallel Aware": false,"Async Capable": false,"Relation Name": "nation","Alias": "nation","Startup Cost": 0.00,"Total Cost": 1.31,"Plan Rows": 1,"Plan Width": 4,"Actual Startup Time": 0.066,"Actual Total Time": 0.071,"Actual Rows": 1,"Actual Loops": 5,"Filter": "(n_name = 'ARGENTINA'::bpchar)","Rows Removed by Filter": 24,"Workers": []},{"Node Type": "Bitmap Heap Scan","Parent Relationship": "Inner","Parallel Aware": false,"Async Capable": false,"Relation Name": "supplier","Alias": "supplier","Startup Cost": 7.38,"Total Cost": 239.27,"Plan Rows": 400,"Plan Width": 34,"Actual Startup Time": 0.247,"Actual Total Time": 4.358,"Actual Rows": 413,"Actual Loops": 5,"Recheck Cond": "(s_nationkey = nation.n_nationkey)","Rows Removed by Index Recheck": 0,"Exact Heap Blocks": 190,"Lossy Heap Blocks": 0,"Workers": [],"Plans": [{"Node Type": "Bitmap Index Scan","Parent Relationship": "Outer","Parallel Aware": false,"Async Capable": false,"Index Name": "idx_supplier_nation_key","Startup Cost": 0.00,"Total Cost": 7.29,"Plan Rows": 400,"Plan Width": 0,"Actual Startup Time": 0.157,"Actual Total Time": 0.158,"Actual Rows": 413,"Actual Loops": 5,"Index Cond": "(s_nationkey = nation.n_nationkey)","Workers": []}]}]}]}]},{"Node Type": "Index Scan","Parent Relationship": "Inner","Parallel Aware": false,"Async Capable": false,"Scan Direction": "Forward","Index Name": "idx_lineitem_orderkey","Relation Name": "lineitem","Alias": "l3","Startup Cost": 0.43,"Total Cost": 1.06,"Plan Rows": 6,"Plan Width": 8,"Actual Startup Time": 0.003,"Actual Total Time": 0.003,"Actual Rows": 1,"Actual Loops": 156898,"Index Cond": "(l_orderkey = l1.l_orderkey)","Rows Removed by Index Recheck": 0,"Filter": "((l_receiptdate > l_commitdate) AND (l_suppkey <> l1.l_suppkey))","Rows Removed by Filter": 1,"Workers": []}]}]},{"Node Type": "Index Scan","Parent Relationship": "Inner","Parallel Aware": false,"Async Capable": false,"Scan Direction": "Forward","Index Name": "idx_lineitem_orderkey","Relation Name": "lineitem","Alias": "l2","Startup Cost": 0.43,"Total Cost": 1.02,"Plan Rows": 17,"Plan Width": 8,"Actual Startup Time": 0.007,"Actual Total Time": 0.007,"Actual Rows": 1,"Actual Loops": 14141,"Index Cond": "(l_orderkey = l1.l_orderkey)","Rows Removed by Index Recheck": 0,"Filter": "(l_suppkey <> l1.l_suppkey)","Rows Removed by Filter": 1}]},{"Node Type": "Index Scan","Parent Relationship": "Inner","Parallel Aware": false,"Async Capable": false,"Scan Direction": "Forward","Index Name": "orders_pkey","Relation Name": "orders","Alias": "orders","Startup Cost": 0.43,"Total Cost": 0.51,"Plan Rows": 1,"Plan Width": 4,"Actual Startup Time": 0.008,"Actual Total Time": 0.008,"Actual Rows": 0,"Actual Loops": 8468,"Index Cond": "(o_orderkey = l1.l_orderkey)","Rows Removed by Index Recheck": 0,"Filter": "(o_orderstatus = 'F'::bpchar)","Rows Removed by Filter": 1}]}]}]}]},"Planning Time": 8.601,"Triggers": [],"Execution Time": 522.197}]
[{"Plan": {"Node Type": "Sort","Parallel Aware": false,"Async Capable": false,"Startup Cost": 147378.80,"Total Cost": 147378.81,"Plan Rows": 1,"Plan Width": 34,"Actual Startup Time": 510.910,"Actual Total Time": 530.461,"Actual Rows": 420,"Actual Loops": 1,"Sort Key": ["(count(*)) DESC", "supplier.s_name"],"Sort Method": "quicksort","Sort Space Used": 57,"Sort Space Type": "Memory","Plans": [{"Node Type": "Aggregate","Strategy": "Sorted","Partial Mode": "Simple","Parent Relationship": "Outer","Parallel Aware": false,"Async Capable": false,"Startup Cost": 147378.77,"Total Cost": 147378.79,"Plan Rows": 1,"Plan Width": 34,"Actual Startup Time": 509.613,"Actual Total Time": 529.683,"Actual Rows": 420,"Actual Loops": 1,"Group Key": ["supplier.s_name"],"Plans": [{"Node Type": "Sort","Parent Relationship": "Outer","Parallel Aware": false,"Async Capable": false,"Startup Cost": 147378.77,"Total Cost": 147378.78,"Plan Rows": 1,"Plan Width": 26,"Actual Startup Time": 509.594,"Actual Total Time": 529.267,"Actual Rows": 4090,"Actual Loops": 1,"Sort Key": ["supplier.s_name"],"Sort Method": "quicksort","Sort Space Used": 384,"Sort Space Type": "Memory","Plans": [{"Node Type": "Nested Loop","Parent Relationship": "Outer","Parallel Aware": false,"Async Capable": false,"Join Type": "Inner","Startup Cost": 1250.87,"Total Cost": 147378.76,"Plan Rows": 1,"Plan Width": 26,"Actual Startup Time": 4.580,"Actual Total Time": 518.201,"Actual Rows": 4090,"Actual Loops": 1,"Inner Unique": true,"Plans": [{"Node Type": "Nested Loop","Parent Relationship": "Outer","Parallel Aware": false,"Async Capable": false,"Join Type": "Semi","Startup Cost": 1250.44,"Total Cost": 147378.26,"Plan Rows": 1,"Plan Width": 34,"Actual Startup Time": 4.545,"Actual Total Time": 454.390,"Actual Rows": 8430,"Actual Loops": 1,"Inner Unique": false,"Plans": [{"Node Type": "Gather","Parent Relationship": "Outer","Parallel Aware": false,"Async Capable": false,"Startup Cost": 1250.01,"Total Cost": 147377.22,"Plan Rows": 1,"Plan Width": 34,"Actual Startup Time": 4.342,"Actual Total Time": 344.810,"Actual Rows": 14089,"Actual Loops": 1,"Workers Planned": 4,"Workers Launched": 4,"Single Copy": false,"Plans": [{"Node Type": "Nested Loop","Parent Relationship": "Outer","Parallel Aware": false,"Async Capable": false,"Join Type": "Anti","Startup Cost": 250.01,"Total Cost": 146377.12,"Plan Rows": 1,"Plan Width": 34,"Actual Startup Time": 5.491,"Actual Total Time": 451.438,"Actual Rows": 2818,"Actual Loops": 5,"Inner Unique": false,"Workers": [],"Plans": [{"Node Type": "Hash Join","Parent Relationship": "Outer","Parallel Aware": false,"Async Capable": false,"Join Type": "Inner","Startup Cost": 249.58,"Total Cost": 133581.65,"Plan Rows": 19990,"Plan Width": 34,"Actual Startup Time": 5.196,"Actual Total Time": 357.512,"Actual Rows": 31960,"Actual Loops": 5,"Inner Unique": false,"Hash Cond": "(l1.l_suppkey = supplier.s_suppkey)","Workers": [],"Plans": [{"Node Type": "Seq Scan","Parent Relationship": "Outer","Parallel Aware": true,"Async Capable": false,"Relation Name": "lineitem","Alias": "l1","Startup Cost": 0.00,"Total Cost": 131256.80,"Plan Rows": 500101,"Plan Width": 8,"Actual Startup Time": 0.027,"Actual Total Time": 305.923,"Actual Rows": 758659,"Actual Loops": 5,"Filter": "(l_receiptdate > l_commitdate)","Rows Removed by Filter": 441584,"Workers": []},{"Node Type": "Hash","Parent Relationship": "Inner","Parallel Aware": false,"Async Capable": false,"Startup Cost": 244.58,"Total Cost": 244.58,"Plan Rows": 400,"Plan Width": 30,"Actual Startup Time": 4.831,"Actual Total Time": 4.844,"Actual Rows": 420,"Actual Loops": 5,"Hash Buckets": 1024,"Original Hash Buckets": 1024,"Hash Batches": 1,"Original Hash Batches": 1,"Peak Memory Usage": 35,"Workers": [],"Plans": [{"Node Type": "Nested Loop","Parent Relationship": "Outer","Parallel Aware": false,"Async Capable": false,"Join Type": "Inner","Startup Cost": 7.38,"Total Cost": 244.58,"Plan Rows": 400,"Plan Width": 30,"Actual Startup Time": 0.275,"Actual Total Time": 4.655,"Actual Rows": 420,"Actual Loops": 5,"Inner Unique": false,"Workers": [],"Plans": [{"Node Type": "Seq Scan","Parent Relationship": "Outer","Parallel Aware": false,"Async Capable": false,"Relation Name": "nation","Alias": "nation","Startup Cost": 0.00,"Total Cost": 1.31,"Plan Rows": 1,"Plan Width": 4,"Actual Startup Time": 0.047,"Actual Total Time": 0.057,"Actual Rows": 1,"Actual Loops": 5,"Filter": "(n_name = 'ALGERIA'::bpchar)","Rows Removed by Filter": 24,"Workers": []},{"Node Type": "Bitmap Heap Scan","Parent Relationship": "Inner","Parallel Aware": false,"Async Capable": false,"Relation Name": "supplier","Alias": "supplier","Startup Cost": 7.38,"Total Cost": 239.27,"Plan Rows": 400,"Plan Width": 34,"Actual Startup Time": 0.222,"Actual Total Time": 4.505,"Actual Rows": 420,"Actual Loops": 5,"Recheck Cond": "(s_nationkey = nation.n_nationkey)","Rows Removed by Index Recheck": 0,"Exact Heap Blocks": 197,"Lossy Heap Blocks": 0,"Workers": [],"Plans": [{"Node Type": "Bitmap Index Scan","Parent Relationship": "Outer","Parallel Aware": false,"Async Capable": false,"Index Name": "idx_supplier_nation_key","Startup Cost": 0.00,"Total Cost": 7.29,"Plan Rows": 400,"Plan Width": 0,"Actual Startup Time": 0.137,"Actual Total Time": 0.140,"Actual Rows": 420,"Actual Loops": 5,"Index Cond": "(s_nationkey = nation.n_nationkey)","Workers": []}]}]}]}]},{"Node Type": "Index Scan","Parent Relationship": "Inner","Parallel Aware": false,"Async Capable": false,"Scan Direction": "Forward","Index Name": "idx_lineitem_orderkey","Relation Name": "lineitem","Alias": "l3","Startup Cost": 0.43,"Total Cost": 1.06,"Plan Rows": 6,"Plan Width": 8,"Actual Startup Time": 0.003,"Actual Total Time": 0.003,"Actual Rows": 1,"Actual Loops": 159800,"Index Cond": "(l_orderkey = l1.l_orderkey)","Rows Removed by Index Recheck": 0,"Filter": "((l_receiptdate > l_commitdate) AND (l_suppkey <> l1.l_suppkey))","Rows Removed by Filter": 1,"Workers": []}]}]},{"Node Type": "Index Scan","Parent Relationship": "Inner","Parallel Aware": false,"Async Capable": false,"Scan Direction": "Forward","Index Name": "idx_lineitem_orderkey","Relation Name": "lineitem","Alias": "l2","Startup Cost": 0.43,"Total Cost": 1.02,"Plan Rows": 17,"Plan Width": 8,"Actual Startup Time": 0.007,"Actual Total Time": 0.007,"Actual Rows": 1,"Actual Loops": 14089,"Index Cond": "(l_orderkey = l1.l_orderkey)","Rows Removed by Index Recheck": 0,"Filter": "(l_suppkey <> l1.l_suppkey)","Rows Removed by Filter": 1}]},{"Node Type": "Index Scan","Parent Relationship": "Inner","Parallel Aware": false,"Async Capable": false,"Scan Direction": "Forward","Index Name": "orders_pkey","Relation Name": "orders","Alias": "orders","Startup Cost": 0.43,"Total Cost": 0.51,"Plan Rows": 1,"Plan Width": 4,"Actual Startup Time": 0.007,"Actual Total Time": 0.007,"Actual Rows": 0,"Actual Loops": 8430,"Index Cond": "(o_orderkey = l1.l_orderkey)","Rows Removed by Index Recheck": 0,"Filter": "(o_orderstatus = 'F'::bpchar)","Rows Removed by Filter": 1}]}]}]}]},"Planning Time": 9.770,"Triggers": [],"Execution Time": 531.084}]
[{"Plan": {"Node Type": "Sort","Parallel Aware": false,"Async Capable": false,"Startup Cost": 147378.80,"Total Cost": 147378.81,"Plan Rows": 1,"Plan Width": 34,"Actual Startup Time": 494.557,"Actual Total Time": 516.628,"Actual Rows": 380,"Actual Loops": 1,"Sort Key": ["(count(*)) DESC", "supplier.s_name"],"Sort Method": "quicksort","Sort Space Used": 54,"Sort Space Type": "Memory","Plans": [{"Node Type": "Aggregate","Strategy": "Sorted","Partial Mode": "Simple","Parent Relationship": "Outer","Parallel Aware": false,"Async Capable": false,"Startup Cost": 147378.77,"Total Cost": 147378.79,"Plan Rows": 1,"Plan Width": 34,"Actual Startup Time": 493.417,"Actual Total Time": 515.990,"Actual Rows": 380,"Actual Loops": 1,"Group Key": ["supplier.s_name"],"Plans": [{"Node Type": "Sort","Parent Relationship": "Outer","Parallel Aware": false,"Async Capable": false,"Startup Cost": 147378.77,"Total Cost": 147378.78,"Plan Rows": 1,"Plan Width": 26,"Actual Startup Time": 493.396,"Actual Total Time": 515.587,"Actual Rows": 3777,"Actual Loops": 1,"Sort Key": ["supplier.s_name"],"Sort Method": "quicksort","Sort Space Used": 362,"Sort Space Type": "Memory","Plans": [{"Node Type": "Nested Loop","Parent Relationship": "Outer","Parallel Aware": false,"Async Capable": false,"Join Type": "Inner","Startup Cost": 1250.87,"Total Cost": 147378.76,"Plan Rows": 1,"Plan Width": 26,"Actual Startup Time": 4.998,"Actual Total Time": 504.711,"Actual Rows": 3777,"Actual Loops": 1,"Inner Unique": true,"Plans": [{"Node Type": "Nested Loop","Parent Relationship": "Outer","Parallel Aware": false,"Async Capable": false,"Join Type": "Semi","Startup Cost": 1250.44,"Total Cost": 147378.26,"Plan Rows": 1,"Plan Width": 34,"Actual Startup Time": 4.963,"Actual Total Time": 440.621,"Actual Rows": 7670,"Actual Loops": 1,"Inner Unique": false,"Plans": [{"Node Type": "Gather","Parent Relationship": "Outer","Parallel Aware": false,"Async Capable": false,"Startup Cost": 1250.01,"Total Cost": 147377.22,"Plan Rows": 1,"Plan Width": 34,"Actual Startup Time": 4.951,"Actual Total Time": 333.201,"Actual Rows": 12935,"Actual Loops": 1,"Workers Planned": 4,"Workers Launched": 4,"Single Copy": false,"Plans": [{"Node Type": "Nested Loop","Parent Relationship": "Outer","Parallel Aware": false,"Async Capable": false,"Join Type": "Anti","Startup Cost": 250.01,"Total Cost": 146377.12,"Plan Rows": 1,"Plan Width": 34,"Actual Startup Time": 5.873,"Actual Total Time": 437.867,"Actual Rows": 2587,"Actual Loops": 5,"Inner Unique": false,"Workers": [],"Plans": [{"Node Type": "Hash Join","Parent Relationship": "Outer","Parallel Aware": false,"Async Capable": false,"Join Type": "Inner","Startup Cost": 249.58,"Total Cost": 133581.65,"Plan Rows": 19990,"Plan Width": 34,"Actual Startup Time": 5.239,"Actual Total Time": 352.656,"Actual Rows": 28741,"Actual Loops": 5,"Inner Unique": false,"Hash Cond": "(l1.l_suppkey = supplier.s_suppkey)","Workers": [],"Plans": [{"Node Type": "Seq Scan","Parent Relationship": "Outer","Parallel Aware": true,"Async Capable": false,"Relation Name": "lineitem","Alias": "l1","Startup Cost": 0.00,"Total Cost": 131256.80,"Plan Rows": 500101,"Plan Width": 8,"Actual Startup Time": 0.031,"Actual Total Time": 300.900,"Actual Rows": 758659,"Actual Loops": 5,"Filter": "(l_receiptdate > l_commitdate)","Rows Removed by Filter": 441584,"Workers": []},{"Node Type": "Hash","Parent Relationship": "Inner","Parallel Aware": false,"Async Capable": false,"Startup Cost": 244.58,"Total Cost": 244.58,"Plan Rows": 400,"Plan Width": 30,"Actual Startup Time": 4.907,"Actual Total Time": 4.921,"Actual Rows": 380,"Actual Loops": 5,"Hash Buckets": 1024,"Original Hash Buckets": 1024,"Hash Batches": 1,"Original Hash Batches": 1,"Peak Memory Usage": 32,"Workers": [],"Plans": [{"Node Type": "Nested Loop","Parent Relationship": "Outer","Parallel Aware": false,"Async Capable": false,"Join Type": "Inner","Startup Cost": 7.38,"Total Cost": 244.58,"Plan Rows": 400,"Plan Width": 30,"Actual Startup Time": 0.293,"Actual Total Time": 4.740,"Actual Rows": 380,"Actual Loops": 5,"Inner Unique": false,"Workers": [],"Plans": [{"Node Type": "Seq Scan","Parent Relationship": "Outer","Parallel Aware": false,"Async Capable": false,"Relation Name": "nation","Alias": "nation","Startup Cost": 0.00,"Total Cost": 1.31,"Plan Rows": 1,"Plan Width": 4,"Actual Startup Time": 0.048,"Actual Total Time": 0.056,"Actual Rows": 1,"Actual Loops": 5,"Filter": "(n_name = 'ETHIOPIA'::bpchar)","Rows Removed by Filter": 24,"Workers": []},{"Node Type": "Bitmap Heap Scan","Parent Relationship": "Inner","Parallel Aware": false,"Async Capable": false,"Relation Name": "supplier","Alias": "supplier","Startup Cost": 7.38,"Total Cost": 239.27,"Plan Rows": 400,"Plan Width": 34,"Actual Startup Time": 0.240,"Actual Total Time": 4.598,"Actual Rows": 380,"Actual Loops": 5,"Recheck Cond": "(s_nationkey = nation.n_nationkey)","Rows Removed by Index Recheck": 0,"Exact Heap Blocks": 192,"Lossy Heap Blocks": 0,"Workers": [],"Plans": [{"Node Type": "Bitmap Index Scan","Parent Relationship": "Outer","Parallel Aware": false,"Async Capable": false,"Index Name": "idx_supplier_nation_key","Startup Cost": 0.00,"Total Cost": 7.29,"Plan Rows": 400,"Plan Width": 0,"Actual Startup Time": 0.158,"Actual Total Time": 0.159,"Actual Rows": 380,"Actual Loops": 5,"Index Cond": "(s_nationkey = nation.n_nationkey)","Workers": []}]}]}]}]},{"Node Type": "Index Scan","Parent Relationship": "Inner","Parallel Aware": false,"Async Capable": false,"Scan Direction": "Forward","Index Name": "idx_lineitem_orderkey","Relation Name": "lineitem","Alias": "l3","Startup Cost": 0.43,"Total Cost": 1.06,"Plan Rows": 6,"Plan Width": 8,"Actual Startup Time": 0.003,"Actual Total Time": 0.003,"Actual Rows": 1,"Actual Loops": 143707,"Index Cond": "(l_orderkey = l1.l_orderkey)","Rows Removed by Index Recheck": 0,"Filter": "((l_receiptdate > l_commitdate) AND (l_suppkey <> l1.l_suppkey))","Rows Removed by Filter": 1,"Workers": []}]}]},{"Node Type": "Index Scan","Parent Relationship": "Inner","Parallel Aware": false,"Async Capable": false,"Scan Direction": "Forward","Index Name": "idx_lineitem_orderkey","Relation Name": "lineitem","Alias": "l2","Startup Cost": 0.43,"Total Cost": 1.02,"Plan Rows": 17,"Plan Width": 8,"Actual Startup Time": 0.008,"Actual Total Time": 0.008,"Actual Rows": 1,"Actual Loops": 12935,"Index Cond": "(l_orderkey = l1.l_orderkey)","Rows Removed by Index Recheck": 0,"Filter": "(l_suppkey <> l1.l_suppkey)","Rows Removed by Filter": 1}]},{"Node Type": "Index Scan","Parent Relationship": "Inner","Parallel Aware": false,"Async Capable": false,"Scan Direction": "Forward","Index Name": "orders_pkey","Relation Name": "orders","Alias": "orders","Startup Cost": 0.43,"Total Cost": 0.51,"Plan Rows": 1,"Plan Width": 4,"Actual Startup Time": 0.008,"Actual Total Time": 0.008,"Actual Rows": 0,"Actual Loops": 7670,"Index Cond": "(o_orderkey = l1.l_orderkey)","Rows Removed by Index Recheck": 0,"Filter": "(o_orderstatus = 'F'::bpchar)","Rows Removed by Filter": 1}]}]}]}]},"Planning Time": 9.415,"Triggers": [],"Execution Time": 517.200}]
[{"Plan": {"Node Type": "Sort","Parallel Aware": false,"Async Capable": false,"Startup Cost": 147378.80,"Total Cost": 147378.81,"Plan Rows": 1,"Plan Width": 34,"Actual Startup Time": 505.815,"Actual Total Time": 525.309,"Actual Rows": 390,"Actual Loops": 1,"Sort Key": ["(count(*)) DESC", "supplier.s_name"],"Sort Method": "quicksort","Sort Space Used": 55,"Sort Space Type": "Memory","Plans": [{"Node Type": "Aggregate","Strategy": "Sorted","Partial Mode": "Simple","Parent Relationship": "Outer","Parallel Aware": false,"Async Capable": false,"Startup Cost": 147378.77,"Total Cost": 147378.79,"Plan Rows": 1,"Plan Width": 34,"Actual Startup Time": 504.634,"Actual Total Time": 524.620,"Actual Rows": 390,"Actual Loops": 1,"Group Key": ["supplier.s_name"],"Plans": [{"Node Type": "Sort","Parent Relationship": "Outer","Parallel Aware": false,"Async Capable": false,"Startup Cost": 147378.77,"Total Cost": 147378.78,"Plan Rows": 1,"Plan Width": 26,"Actual Startup Time": 504.612,"Actual Total Time": 524.224,"Actual Rows": 3844,"Actual Loops": 1,"Sort Key": ["supplier.s_name"],"Sort Method": "quicksort","Sort Space Used": 367,"Sort Space Type": "Memory","Plans": [{"Node Type": "Nested Loop","Parent Relationship": "Outer","Parallel Aware": false,"Async Capable": false,"Join Type": "Inner","Startup Cost": 1250.87,"Total Cost": 147378.76,"Plan Rows": 1,"Plan Width": 26,"Actual Startup Time": 4.787,"Actual Total Time": 512.994,"Actual Rows": 3844,"Actual Loops": 1,"Inner Unique": true,"Plans": [{"Node Type": "Nested Loop","Parent Relationship": "Outer","Parallel Aware": false,"Async Capable": false,"Join Type": "Semi","Startup Cost": 1250.44,"Total Cost": 147378.26,"Plan Rows": 1,"Plan Width": 34,"Actual Startup Time": 4.747,"Actual Total Time": 447.855,"Actual Rows": 7892,"Actual Loops": 1,"Inner Unique": false,"Plans": [{"Node Type": "Gather","Parent Relationship": "Outer","Parallel Aware": false,"Async Capable": false,"Startup Cost": 1250.01,"Total Cost": 147377.22,"Plan Rows": 1,"Plan Width": 34,"Actual Startup Time": 4.560,"Actual Total Time": 339.834,"Actual Rows": 13152,"Actual Loops": 1,"Workers Planned": 4,"Workers Launched": 4,"Single Copy": false,"Plans": [{"Node Type": "Nested Loop","Parent Relationship": "Outer","Parallel Aware": false,"Async Capable": false,"Join Type": "Anti","Startup Cost": 250.01,"Total Cost": 146377.12,"Plan Rows": 1,"Plan Width": 34,"Actual Startup Time": 5.683,"Actual Total Time": 445.299,"Actual Rows": 2630,"Actual Loops": 5,"Inner Unique": false,"Workers": [],"Plans": [{"Node Type": "Hash Join","Parent Relationship": "Outer","Parallel Aware": false,"Async Capable": false,"Join Type": "Inner","Startup Cost": 249.58,"Total Cost": 133581.65,"Plan Rows": 19990,"Plan Width": 34,"Actual Startup Time": 5.525,"Actual Total Time": 357.256,"Actual Rows": 29502,"Actual Loops": 5,"Inner Unique": false,"Hash Cond": "(l1.l_suppkey = supplier.s_suppkey)","Workers": [],"Plans": [{"Node Type": "Seq Scan","Parent Relationship": "Outer","Parallel Aware": true,"Async Capable": false,"Relation Name": "lineitem","Alias": "l1","Startup Cost": 0.00,"Total Cost": 131256.80,"Plan Rows": 500101,"Plan Width": 8,"Actual Startup Time": 0.033,"Actual Total Time": 305.756,"Actual Rows": 758659,"Actual Loops": 5,"Filter": "(l_receiptdate > l_commitdate)","Rows Removed by Filter": 441584,"Workers": []},{"Node Type": "Hash","Parent Relationship": "Inner","Parallel Aware": false,"Async Capable": false,"Startup Cost": 244.58,"Total Cost": 244.58,"Plan Rows": 400,"Plan Width": 30,"Actual Startup Time": 5.155,"Actual Total Time": 5.167,"Actual Rows": 390,"Actual Loops": 5,"Hash Buckets": 1024,"Original Hash Buckets": 1024,"Hash Batches": 1,"Original Hash Batches": 1,"Peak Memory Usage": 33,"Workers": [],"Plans": [{"Node Type": "Nested Loop","Parent Relationship": "Outer","Parallel Aware": false,"Async Capable": false,"Join Type": "Inner","Startup Cost": 7.38,"Total Cost": 244.58,"Plan Rows": 400,"Plan Width": 30,"Actual Startup Time": 0.295,"Actual Total Time": 4.960,"Actual Rows": 390,"Actual Loops": 5,"Inner Unique": false,"Workers": [],"Plans": [{"Node Type": "Seq Scan","Parent Relationship": "Outer","Parallel Aware": false,"Async Capable": false,"Relation Name": "nation","Alias": "nation","Startup Cost": 0.00,"Total Cost": 1.31,"Plan Rows": 1,"Plan Width": 4,"Actual Startup Time": 0.065,"Actual Total Time": 0.070,"Actual Rows": 1,"Actual Loops": 5,"Filter": "(n_name = 'UNITED KINGDOM'::bpchar)","Rows Removed by Filter": 24,"Workers": []},{"Node Type": "Bitmap Heap Scan","Parent Relationship": "Inner","Parallel Aware": false,"Async Capable": false,"Relation Name": "supplier","Alias": "supplier","Startup Cost": 7.38,"Total Cost": 239.27,"Plan Rows": 400,"Plan Width": 34,"Actual Startup Time": 0.224,"Actual Total Time": 4.798,"Actual Rows": 390,"Actual Loops": 5,"Recheck Cond": "(s_nationkey = nation.n_nationkey)","Rows Removed by Index Recheck": 0,"Exact Heap Blocks": 190,"Lossy Heap Blocks": 0,"Workers": [],"Plans": [{"Node Type": "Bitmap Index Scan","Parent Relationship": "Outer","Parallel Aware": false,"Async Capable": false,"Index Name": "idx_supplier_nation_key","Startup Cost": 0.00,"Total Cost": 7.29,"Plan Rows": 400,"Plan Width": 0,"Actual Startup Time": 0.138,"Actual Total Time": 0.139,"Actual Rows": 390,"Actual Loops": 5,"Index Cond": "(s_nationkey = nation.n_nationkey)","Workers": []}]}]}]}]},{"Node Type": "Index Scan","Parent Relationship": "Inner","Parallel Aware": false,"Async Capable": false,"Scan Direction": "Forward","Index Name": "idx_lineitem_orderkey","Relation Name": "lineitem","Alias": "l3","Startup Cost": 0.43,"Total Cost": 1.06,"Plan Rows": 6,"Plan Width": 8,"Actual Startup Time": 0.003,"Actual Total Time": 0.003,"Actual Rows": 1,"Actual Loops": 147510,"Index Cond": "(l_orderkey = l1.l_orderkey)","Rows Removed by Index Recheck": 0,"Filter": "((l_receiptdate > l_commitdate) AND (l_suppkey <> l1.l_suppkey))","Rows Removed by Filter": 1,"Workers": []}]}]},{"Node Type": "Index Scan","Parent Relationship": "Inner","Parallel Aware": false,"Async Capable": false,"Scan Direction": "Forward","Index Name": "idx_lineitem_orderkey","Relation Name": "lineitem","Alias": "l2","Startup Cost": 0.43,"Total Cost": 1.02,"Plan Rows": 17,"Plan Width": 8,"Actual Startup Time": 0.008,"Actual Total Time": 0.008,"Actual Rows": 1,"Actual Loops": 13152,"Index Cond": "(l_orderkey = l1.l_orderkey)","Rows Removed by Index Recheck": 0,"Filter": "(l_suppkey <> l1.l_suppkey)","Rows Removed by Filter": 1}]},{"Node Type": "Index Scan","Parent Relationship": "Inner","Parallel Aware": false,"Async Capable": false,"Scan Direction": "Forward","Index Name": "orders_pkey","Relation Name": "orders","Alias": "orders","Startup Cost": 0.43,"Total Cost": 0.51,"Plan Rows": 1,"Plan Width": 4,"Actual Startup Time": 0.008,"Actual Total Time": 0.008,"Actual Rows": 0,"Actual Loops": 7892,"Index Cond": "(o_orderkey = l1.l_orderkey)","Rows Removed by Index Recheck": 0,"Filter": "(o_orderstatus = 'F'::bpchar)","Rows Removed by Filter": 1}]}]}]}]},"Planning Time": 10.043,"Triggers": [],"Execution Time": 525.836}]
[{"Plan": {"Node Type": "Sort","Parallel Aware": false,"Async Capable": false,"Startup Cost": 147378.80,"Total Cost": 147378.81,"Plan Rows": 1,"Plan Width": 34,"Actual Startup Time": 500.709,"Actual Total Time": 524.703,"Actual Rows": 407,"Actual Loops": 1,"Sort Key": ["(count(*)) DESC", "supplier.s_name"],"Sort Method": "quicksort","Sort Space Used": 56,"Sort Space Type": "Memory","Plans": [{"Node Type": "Aggregate","Strategy": "Sorted","Partial Mode": "Simple","Parent Relationship": "Outer","Parallel Aware": false,"Async Capable": false,"Startup Cost": 147378.77,"Total Cost": 147378.79,"Plan Rows": 1,"Plan Width": 34,"Actual Startup Time": 499.455,"Actual Total Time": 523.962,"Actual Rows": 407,"Actual Loops": 1,"Group Key": ["supplier.s_name"],"Plans": [{"Node Type": "Sort","Parent Relationship": "Outer","Parallel Aware": false,"Async Capable": false,"Startup Cost": 147378.77,"Total Cost": 147378.78,"Plan Rows": 1,"Plan Width": 26,"Actual Startup Time": 499.433,"Actual Total Time": 523.550,"Actual Rows": 3965,"Actual Loops": 1,"Sort Key": ["supplier.s_name"],"Sort Method": "quicksort","Sort Space Used": 375,"Sort Space Type": "Memory","Plans": [{"Node Type": "Nested Loop","Parent Relationship": "Outer","Parallel Aware": false,"Async Capable": false,"Join Type": "Inner","Startup Cost": 1250.87,"Total Cost": 147378.76,"Plan Rows": 1,"Plan Width": 26,"Actual Startup Time": 5.067,"Actual Total Time": 512.972,"Actual Rows": 3965,"Actual Loops": 1,"Inner Unique": true,"Plans": [{"Node Type": "Nested Loop","Parent Relationship": "Outer","Parallel Aware": false,"Async Capable": false,"Join Type": "Semi","Startup Cost": 1250.44,"Total Cost": 147378.26,"Plan Rows": 1,"Plan Width": 34,"Actual Startup Time": 5.045,"Actual Total Time": 451.382,"Actual Rows": 8089,"Actual Loops": 1,"Inner Unique": false,"Plans": [{"Node Type": "Gather","Parent Relationship": "Outer","Parallel Aware": false,"Async Capable": false,"Startup Cost": 1250.01,"Total Cost": 147377.22,"Plan Rows": 1,"Plan Width": 34,"Actual Startup Time": 4.734,"Actual Total Time": 344.998,"Actual Rows": 13526,"Actual Loops": 1,"Workers Planned": 4,"Workers Launched": 4,"Single Copy": false,"Plans": [{"Node Type": "Nested Loop","Parent Relationship": "Outer","Parallel Aware": false,"Async Capable": false,"Join Type": "Anti","Startup Cost": 250.01,"Total Cost": 146377.12,"Plan Rows": 1,"Plan Width": 34,"Actual Startup Time": 4.775,"Actual Total Time": 445.542,"Actual Rows": 2705,"Actual Loops": 5,"Inner Unique": false,"Workers": [],"Plans": [{"Node Type": "Hash Join","Parent Relationship": "Outer","Parallel Aware": false,"Async Capable": false,"Join Type": "Inner","Startup Cost": 249.58,"Total Cost": 133581.65,"Plan Rows": 19990,"Plan Width": 34,"Actual Startup Time": 4.487,"Actual Total Time": 354.785,"Actual Rows": 30752,"Actual Loops": 5,"Inner Unique": false,"Hash Cond": "(l1.l_suppkey = supplier.s_suppkey)","Workers": [],"Plans": [{"Node Type": "Seq Scan","Parent Relationship": "Outer","Parallel Aware": true,"Async Capable": false,"Relation Name": "lineitem","Alias": "l1","Startup Cost": 0.00,"Total Cost": 131256.80,"Plan Rows": 500101,"Plan Width": 8,"Actual Startup Time": 0.026,"Actual Total Time": 303.161,"Actual Rows": 758659,"Actual Loops": 5,"Filter": "(l_receiptdate > l_commitdate)","Rows Removed by Filter": 441584,"Workers": []},{"Node Type": "Hash","Parent Relationship": "Inner","Parallel Aware": false,"Async Capable": false,"Startup Cost": 244.58,"Total Cost": 244.58,"Plan Rows": 400,"Plan Width": 30,"Actual Startup Time": 4.170,"Actual Total Time": 4.181,"Actual Rows": 407,"Actual Loops": 5,"Hash Buckets": 1024,"Original Hash Buckets": 1024,"Hash Batches": 1,"Original Hash Batches": 1,"Peak Memory Usage": 34,"Workers": [],"Plans": [{"Node Type": "Nested Loop","Parent Relationship": "Outer","Parallel Aware": false,"Async Capable": false,"Join Type": "Inner","Startup Cost": 7.38,"Total Cost": 244.58,"Plan Rows": 400,"Plan Width": 30,"Actual Startup Time": 0.302,"Actual Total Time": 4.018,"Actual Rows": 407,"Actual Loops": 5,"Inner Unique": false,"Workers": [],"Plans": [{"Node Type": "Seq Scan","Parent Relationship": "Outer","Parallel Aware": false,"Async Capable": false,"Relation Name": "nation","Alias": "nation","Startup Cost": 0.00,"Total Cost": 1.31,"Plan Rows": 1,"Plan Width": 4,"Actual Startup Time": 0.065,"Actual Total Time": 0.068,"Actual Rows": 1,"Actual Loops": 5,"Filter": "(n_name = 'CHINA'::bpchar)","Rows Removed by Filter": 24,"Workers": []},{"Node Type": "Bitmap Heap Scan","Parent Relationship": "Inner","Parallel Aware": false,"Async Capable": false,"Relation Name": "supplier","Alias": "supplier","Startup Cost": 7.38,"Total Cost": 239.27,"Plan Rows": 400,"Plan Width": 34,"Actual Startup Time": 0.229,"Actual Total Time": 3.872,"Actual Rows": 407,"Actual Loops": 5,"Recheck Cond": "(s_nationkey = nation.n_nationkey)","Rows Removed by Index Recheck": 0,"Exact Heap Blocks": 186,"Lossy Heap Blocks": 0,"Workers": [],"Plans": [{"Node Type": "Bitmap Index Scan","Parent Relationship": "Outer","Parallel Aware": false,"Async Capable": false,"Index Name": "idx_supplier_nation_key","Startup Cost": 0.00,"Total Cost": 7.29,"Plan Rows": 400,"Plan Width": 0,"Actual Startup Time": 0.141,"Actual Total Time": 0.143,"Actual Rows": 407,"Actual Loops": 5,"Index Cond": "(s_nationkey = nation.n_nationkey)","Workers": []}]}]}]}]},{"Node Type": "Index Scan","Parent Relationship": "Inner","Parallel Aware": false,"Async Capable": false,"Scan Direction": "Forward","Index Name": "idx_lineitem_orderkey","Relation Name": "lineitem","Alias": "l3","Startup Cost": 0.43,"Total Cost": 1.06,"Plan Rows": 6,"Plan Width": 8,"Actual Startup Time": 0.003,"Actual Total Time": 0.003,"Actual Rows": 1,"Actual Loops": 153758,"Index Cond": "(l_orderkey = l1.l_orderkey)","Rows Removed by Index Recheck": 0,"Filter": "((l_receiptdate > l_commitdate) AND (l_suppkey <> l1.l_suppkey))","Rows Removed by Filter": 1,"Workers": []}]}]},{"Node Type": "Index Scan","Parent Relationship": "Inner","Parallel Aware": false,"Async Capable": false,"Scan Direction": "Forward","Index Name": "idx_lineitem_orderkey","Relation Name": "lineitem","Alias": "l2","Startup Cost": 0.43,"Total Cost": 1.02,"Plan Rows": 17,"Plan Width": 8,"Actual Startup Time": 0.007,"Actual Total Time": 0.007,"Actual Rows": 1,"Actual Loops": 13526,"Index Cond": "(l_orderkey = l1.l_orderkey)","Rows Removed by Index Recheck": 0,"Filter": "(l_suppkey <> l1.l_suppkey)","Rows Removed by Filter": 1}]},{"Node Type": "Index Scan","Parent Relationship": "Inner","Parallel Aware": false,"Async Capable": false,"Scan Direction": "Forward","Index Name": "orders_pkey","Relation Name": "orders","Alias": "orders","Startup Cost": 0.43,"Total Cost": 0.51,"Plan Rows": 1,"Plan Width": 4,"Actual Startup Time": 0.007,"Actual Total Time": 0.007,"Actual Rows": 0,"Actual Loops": 8089,"Index Cond": "(o_orderkey = l1.l_orderkey)","Rows Removed by Index Recheck": 0,"Filter": "(o_orderstatus = 'F'::bpchar)","Rows Removed by Filter": 1}]}]}]}]},"Planning Time": 8.452,"Triggers": [],"Execution Time": 525.397}]
[{"Plan": {"Node Type": "Sort","Parallel Aware": false,"Async Capable": false,"Startup Cost": 147378.80,"Total Cost": 147378.81,"Plan Rows": 1,"Plan Width": 34,"Actual Startup Time": 511.931,"Actual Total Time": 527.174,"Actual Rows": 415,"Actual Loops": 1,"Sort Key": ["(count(*)) DESC", "supplier.s_name"],"Sort Method": "quicksort","Sort Space Used": 57,"Sort Space Type": "Memory","Plans": [{"Node Type": "Aggregate","Strategy": "Sorted","Partial Mode": "Simple","Parent Relationship": "Outer","Parallel Aware": false,"Async Capable": false,"Startup Cost": 147378.77,"Total Cost": 147378.79,"Plan Rows": 1,"Plan Width": 34,"Actual Startup Time": 510.675,"Actual Total Time": 526.442,"Actual Rows": 415,"Actual Loops": 1,"Group Key": ["supplier.s_name"],"Plans": [{"Node Type": "Sort","Parent Relationship": "Outer","Parallel Aware": false,"Async Capable": false,"Startup Cost": 147378.77,"Total Cost": 147378.78,"Plan Rows": 1,"Plan Width": 26,"Actual Startup Time": 510.644,"Actual Total Time": 526.012,"Actual Rows": 4112,"Actual Loops": 1,"Sort Key": ["supplier.s_name"],"Sort Method": "quicksort","Sort Space Used": 482,"Sort Space Type": "Memory","Plans": [{"Node Type": "Nested Loop","Parent Relationship": "Outer","Parallel Aware": false,"Async Capable": false,"Join Type": "Inner","Startup Cost": 1250.87,"Total Cost": 147378.76,"Plan Rows": 1,"Plan Width": 26,"Actual Startup Time": 4.482,"Actual Total Time": 514.049,"Actual Rows": 4112,"Actual Loops": 1,"Inner Unique": true,"Plans": [{"Node Type": "Nested Loop","Parent Relationship": "Outer","Parallel Aware": false,"Async Capable": false,"Join Type": "Semi","Startup Cost": 1250.44,"Total Cost": 147378.26,"Plan Rows": 1,"Plan Width": 34,"Actual Startup Time": 4.433,"Actual Total Time": 447.118,"Actual Rows": 8423,"Actual Loops": 1,"Inner Unique": false,"Plans": [{"Node Type": "Gather","Parent Relationship": "Outer","Parallel Aware": false,"Async Capable": false,"Startup Cost": 1250.01,"Total Cost": 147377.22,"Plan Rows": 1,"Plan Width": 34,"Actual Startup Time": 4.417,"Actual Total Time": 335.444,"Actual Rows": 14099,"Actual Loops": 1,"Workers Planned": 4,"Workers Launched": 4,"Single Copy": false,"Plans": [{"Node Type": "Nested Loop","Parent Relationship": "Outer","Parallel Aware": false,"Async Capable": false,"Join Type": "Anti","Startup Cost": 250.01,"Total Cost": 146377.12,"Plan Rows": 1,"Plan Width": 34,"Actual Startup Time": 5.494,"Actual Total Time": 449.293,"Actual Rows": 2820,"Actual Loops": 5,"Inner Unique": false,"Workers": [],"Plans": [{"Node Type": "Hash Join","Parent Relationship": "Outer","Parallel Aware": false,"Async Capable": false,"Join Type": "Inner","Startup Cost": 249.58,"Total Cost": 133581.65,"Plan Rows": 19990,"Plan Width": 34,"Actual Startup Time": 5.114,"Actual Total Time": 356.460,"Actual Rows": 31599,"Actual Loops": 5,"Inner Unique": false,"Hash Cond": "(l1.l_suppkey = supplier.s_suppkey)","Workers": [],"Plans": [{"Node Type": "Seq Scan","Parent Relationship": "Outer","Parallel Aware": true,"Async Capable": false,"Relation Name": "lineitem","Alias": "l1","Startup Cost": 0.00,"Total Cost": 131256.80,"Plan Rows": 500101,"Plan Width": 8,"Actual Startup Time": 0.028,"Actual Total Time": 305.044,"Actual Rows": 758659,"Actual Loops": 5,"Filter": "(l_receiptdate > l_commitdate)","Rows Removed by Filter": 441584,"Workers": []},{"Node Type": "Hash","Parent Relationship": "Inner","Parallel Aware": false,"Async Capable": false,"Startup Cost": 244.58,"Total Cost": 244.58,"Plan Rows": 400,"Plan Width": 30,"Actual Startup Time": 4.772,"Actual Total Time": 4.789,"Actual Rows": 415,"Actual Loops": 5,"Hash Buckets": 1024,"Original Hash Buckets": 1024,"Hash Batches": 1,"Original Hash Batches": 1,"Peak Memory Usage": 34,"Workers": [],"Plans": [{"Node Type": "Nested Loop","Parent Relationship": "Outer","Parallel Aware": false,"Async Capable": false,"Join Type": "Inner","Startup Cost": 7.38,"Total Cost": 244.58,"Plan Rows": 400,"Plan Width": 30,"Actual Startup Time": 0.307,"Actual Total Time": 4.608,"Actual Rows": 415,"Actual Loops": 5,"Inner Unique": false,"Workers": [],"Plans": [{"Node Type": "Seq Scan","Parent Relationship": "Outer","Parallel Aware": false,"Async Capable": false,"Relation Name": "nation","Alias": "nation","Startup Cost": 0.00,"Total Cost": 1.31,"Plan Rows": 1,"Plan Width": 4,"Actual Startup Time": 0.059,"Actual Total Time": 0.064,"Actual Rows": 1,"Actual Loops": 5,"Filter": "(n_name = 'EGYPT'::bpchar)","Rows Removed by Filter": 24,"Workers": []},{"Node Type": "Bitmap Heap Scan","Parent Relationship": "Inner","Parallel Aware": false,"Async Capable": false,"Relation Name": "supplier","Alias": "supplier","Startup Cost": 7.38,"Total Cost": 239.27,"Plan Rows": 400,"Plan Width": 34,"Actual Startup Time": 0.244,"Actual Total Time": 4.451,"Actual Rows": 415,"Actual Loops": 5,"Recheck Cond": "(s_nationkey = nation.n_nationkey)","Rows Removed by Index Recheck": 0,"Exact Heap Blocks": 183,"Lossy Heap Blocks": 0,"Workers": [],"Plans": [{"Node Type": "Bitmap Index Scan","Parent Relationship": "Outer","Parallel Aware": false,"Async Capable": false,"Index Name": "idx_supplier_nation_key","Startup Cost": 0.00,"Total Cost": 7.29,"Plan Rows": 400,"Plan Width": 0,"Actual Startup Time": 0.159,"Actual Total Time": 0.162,"Actual Rows": 415,"Actual Loops": 5,"Index Cond": "(s_nationkey = nation.n_nationkey)","Workers": []}]}]}]}]},{"Node Type": "Index Scan","Parent Relationship": "Inner","Parallel Aware": false,"Async Capable": false,"Scan Direction": "Forward","Index Name": "idx_lineitem_orderkey","Relation Name": "lineitem","Alias": "l3","Startup Cost": 0.43,"Total Cost": 1.06,"Plan Rows": 6,"Plan Width": 8,"Actual Startup Time": 0.003,"Actual Total Time": 0.003,"Actual Rows": 1,"Actual Loops": 157994,"Index Cond": "(l_orderkey = l1.l_orderkey)","Rows Removed by Index Recheck": 0,"Filter": "((l_receiptdate > l_commitdate) AND (l_suppkey <> l1.l_suppkey))","Rows Removed by Filter": 1,"Workers": []}]}]},{"Node Type": "Index Scan","Parent Relationship": "Inner","Parallel Aware": false,"Async Capable": false,"Scan Direction": "Forward","Index Name": "idx_lineitem_orderkey","Relation Name": "lineitem","Alias": "l2","Startup Cost": 0.43,"Total Cost": 1.02,"Plan Rows": 17,"Plan Width": 8,"Actual Startup Time": 0.007,"Actual Total Time": 0.007,"Actual Rows": 1,"Actual Loops": 14099,"Index Cond": "(l_orderkey = l1.l_orderkey)","Rows Removed by Index Recheck": 0,"Filter": "(l_suppkey <> l1.l_suppkey)","Rows Removed by Filter": 1}]},{"Node Type": "Index Scan","Parent Relationship": "Inner","Parallel Aware": false,"Async Capable": false,"Scan Direction": "Forward","Index Name": "orders_pkey","Relation Name": "orders","Alias": "orders","Startup Cost": 0.43,"Total Cost": 0.51,"Plan Rows": 1,"Plan Width": 4,"Actual Startup Time": 0.008,"Actual Total Time": 0.008,"Actual Rows": 0,"Actual Loops": 8423,"Index Cond": "(o_orderkey = l1.l_orderkey)","Rows Removed by Index Recheck": 0,"Filter": "(o_orderstatus = 'F'::bpchar)","Rows Removed by Filter": 1}]}]}]}]},"Planning Time": 8.195,"Triggers": [],"Execution Time": 527.804}]
[{"Plan": {"Node Type": "Sort","Parallel Aware": false,"Async Capable": false,"Startup Cost": 147378.80,"Total Cost": 147378.81,"Plan Rows": 1,"Plan Width": 34,"Actual Startup Time": 511.931,"Actual Total Time": 527.174,"Actual Rows": 415,"Actual Loops": 1,"Sort Key": ["(count(*)) DESC", "supplier.s_name"],"Sort Method": "quicksort","Sort Space Used": 57,"Sort Space Type": "Memory","Plans": [{"Node Type": "Aggregate","Strategy": "Sorted","Partial Mode": "Simple","Parent Relationship": "Outer","Parallel Aware": false,"Async Capable": false,"Startup Cost": 147378.77,"Total Cost": 147378.79,"Plan Rows": 1,"Plan Width": 34,"Actual Startup Time": 510.675,"Actual Total Time": 526.442,"Actual Rows": 415,"Actual Loops": 1,"Group Key": ["supplier.s_name"],"Plans": [{"Node Type": "Sort","Parent Relationship": "Outer","Parallel Aware": false,"Async Capable": false,"Startup Cost": 147378.77,"Total Cost": 147378.78,"Plan Rows": 1,"Plan Width": 26,"Actual Startup Time": 510.644,"Actual Total Time": 526.012,"Actual Rows": 4112,"Actual Loops": 1,"Sort Key": ["supplier.s_name"],"Sort Method": "quicksort","Sort Space Used": 482,"Sort Space Type": "Memory","Plans": [{"Node Type": "Nested Loop","Parent Relationship": "Outer","Parallel Aware": false,"Async Capable": false,"Join Type": "Inner","Startup Cost": 1250.87,"Total Cost": 147378.76,"Plan Rows": 1,"Plan Width": 26,"Actual Startup Time": 4.482,"Actual Total Time": 514.049,"Actual Rows": 4112,"Actual Loops": 1,"Inner Unique": true,"Plans": [{"Node Type": "Nested Loop","Parent Relationship": "Outer","Parallel Aware": false,"Async Capable": false,"Join Type": "Semi","Startup Cost": 1250.44,"Total Cost": 147378.26,"Plan Rows": 1,"Plan Width": 34,"Actual Startup Time": 4.433,"Actual Total Time": 447.118,"Actual Rows": 8423,"Actual Loops": 1,"Inner Unique": false,"Plans": [{"Node Type": "Gather","Parent Relationship": "Outer","Parallel Aware": false,"Async Capable": false,"Startup Cost": 1250.01,"Total Cost": 147377.22,"Plan Rows": 1,"Plan Width": 34,"Actual Startup Time": 4.417,"Actual Total Time": 335.444,"Actual Rows": 14099,"Actual Loops": 1,"Workers Planned": 4,"Workers Launched": 4,"Single Copy": false,"Plans": [{"Node Type": "Nested Loop","Parent Relationship": "Outer","Parallel Aware": false,"Async Capable": false,"Join Type": "Anti","Startup Cost": 250.01,"Total Cost": 146377.12,"Plan Rows": 1,"Plan Width": 34,"Actual Startup Time": 5.494,"Actual Total Time": 449.293,"Actual Rows": 2820,"Actual Loops": 5,"Inner Unique": false,"Workers": [],"Plans": [{"Node Type": "Hash Join","Parent Relationship": "Outer","Parallel Aware": false,"Async Capable": false,"Join Type": "Inner","Startup Cost": 249.58,"Total Cost": 133581.65,"Plan Rows": 19990,"Plan Width": 34,"Actual Startup Time": 5.114,"Actual Total Time": 356.460,"Actual Rows": 31599,"Actual Loops": 5,"Inner Unique": false,"Hash Cond": "(l1.l_suppkey = supplier.s_suppkey)","Workers": [],"Plans": [{"Node Type": "Seq Scan","Parent Relationship": "Outer","Parallel Aware": true,"Async Capable": false,"Relation Name": "lineitem","Alias": "l1","Startup Cost": 0.00,"Total Cost": 131256.80,"Plan Rows": 500101,"Plan Width": 8,"Actual Startup Time": 0.028,"Actual Total Time": 305.044,"Actual Rows": 758659,"Actual Loops": 5,"Filter": "(l_receiptdate > l_commitdate)","Rows Removed by Filter": 441584,"Workers": []},{"Node Type": "Hash","Parent Relationship": "Inner","Parallel Aware": false,"Async Capable": false,"Startup Cost": 244.58,"Total Cost": 244.58,"Plan Rows": 400,"Plan Width": 30,"Actual Startup Time": 4.772,"Actual Total Time": 4.789,"Actual Rows": 415,"Actual Loops": 5,"Hash Buckets": 1024,"Original Hash Buckets": 1024,"Hash Batches": 1,"Original Hash Batches": 1,"Peak Memory Usage": 34,"Workers": [],"Plans": [{"Node Type": "Nested Loop","Parent Relationship": "Outer","Parallel Aware": false,"Async Capable": false,"Join Type": "Inner","Startup Cost": 7.38,"Total Cost": 244.58,"Plan Rows": 400,"Plan Width": 30,"Actual Startup Time": 0.307,"Actual Total Time": 4.608,"Actual Rows": 415,"Actual Loops": 5,"Inner Unique": false,"Workers": [],"Plans": [{"Node Type": "Seq Scan","Parent Relationship": "Outer","Parallel Aware": false,"Async Capable": false,"Relation Name": "nation","Alias": "nation","Startup Cost": 0.00,"Total Cost": 1.31,"Plan Rows": 1,"Plan Width": 4,"Actual Startup Time": 0.059,"Actual Total Time": 0.064,"Actual Rows": 1,"Actual Loops": 5,"Filter": "(n_name = 'EGYPT'::bpchar)","Rows Removed by Filter": 24,"Workers": []},{"Node Type": "Bitmap Heap Scan","Parent Relationship": "Inner","Parallel Aware": false,"Async Capable": false,"Relation Name": "supplier","Alias": "supplier","Startup Cost": 7.38,"Total Cost": 239.27,"Plan Rows": 400,"Plan Width": 34,"Actual Startup Time": 0.244,"Actual Total Time": 4.451,"Actual Rows": 415,"Actual Loops": 5,"Recheck Cond": "(s_nationkey = nation.n_nationkey)","Rows Removed by Index Recheck": 0,"Exact Heap Blocks": 183,"Lossy Heap Blocks": 0,"Workers": [],"Plans": [{"Node Type": "Bitmap Index Scan","Parent Relationship": "Outer","Parallel Aware": false,"Async Capable": false,"Index Name": "idx_supplier_nation_key","Startup Cost": 0.00,"Total Cost": 7.29,"Plan Rows": 400,"Plan Width": 0,"Actual Startup Time": 0.159,"Actual Total Time": 0.162,"Actual Rows": 415,"Actual Loops": 5,"Index Cond": "(s_nationkey = nation.n_nationkey)","Workers": []}]}]}]}]},{"Node Type": "Index Scan","Parent Relationship": "Inner","Parallel Aware": false,"Async Capable": false,"Scan Direction": "Forward","Index Name": "idx_lineitem_orderkey","Relation Name": "lineitem","Alias": "l3","Startup Cost": 0.43,"Total Cost": 1.06,"Plan Rows": 6,"Plan Width": 8,"Actual Startup Time": 0.003,"Actual Total Time": 0.003,"Actual Rows": 1,"Actual Loops": 157994,"Index Cond": "(l_orderkey = l1.l_orderkey)","Rows Removed by Index Recheck": 0,"Filter": "((l_receiptdate > l_commitdate) AND (l_suppkey <> l1.l_suppkey))","Rows Removed by Filter": 1,"Workers": []}]}]},{"Node Type": "Index Scan","Parent Relationship": "Inner","Parallel Aware": false,"Async Capable": false,"Scan Direction": "Forward","Index Name": "idx_lineitem_orderkey","Relation Name": "lineitem","Alias": "l2","Startup Cost": 0.43,"Total Cost": 1.02,"Plan Rows": 17,"Plan Width": 8,"Actual Startup Time": 0.007,"Actual Total Time": 0.007,"Actual Rows": 1,"Actual Loops": 14099,"Index Cond": "(l_orderkey = l1.l_orderkey)","Rows Removed by Index Recheck": 0,"Filter": "(l_suppkey <> l1.l_suppkey)","Rows Removed by Filter": 1}]},{"Node Type": "Index Scan","Parent Relationship": "Inner","Parallel Aware": false,"Async Capable": false,"Scan Direction": "Forward","Index Name": "orders_pkey","Relation Name": "orders","Alias": "orders","Startup Cost": 0.43,"Total Cost": 0.51,"Plan Rows": 1,"Plan Width": 4,"Actual Startup Time": 0.008,"Actual Total Time": 0.008,"Actual Rows": 0,"Actual Loops": 8423,"Index Cond": "(o_orderkey = l1.l_orderkey)","Rows Removed by Index Recheck": 0,"Filter": "(o_orderstatus = 'F'::bpchar)","Rows Removed by Filter": 1}]}]}]}]},"Planning Time": 8.195,"Triggers": [],"Execution Time": 527.804}]
[{"Plan": {"Node Type": "Sort","Parallel Aware": false,"Async Capable": false,"Startup Cost": 147378.80,"Total Cost": 147378.81,"Plan Rows": 1,"Plan Width": 34,"Actual Startup Time": 500.709,"Actual Total Time": 524.703,"Actual Rows": 407,"Actual Loops": 1,"Sort Key": ["(count(*)) DESC", "supplier.s_name"],"Sort Method": "quicksort","Sort Space Used": 56,"Sort Space Type": "Memory","Plans": [{"Node Type": "Aggregate","Strategy": "Sorted","Partial Mode": "Simple","Parent Relationship": "Outer","Parallel Aware": false,"Async Capable": false,"Startup Cost": 147378.77,"Total Cost": 147378.79,"Plan Rows": 1,"Plan Width": 34,"Actual Startup Time": 499.455,"Actual Total Time": 523.962,"Actual Rows": 407,"Actual Loops": 1,"Group Key": ["supplier.s_name"],"Plans": [{"Node Type": "Sort","Parent Relationship": "Outer","Parallel Aware": false,"Async Capable": false,"Startup Cost": 147378.77,"Total Cost": 147378.78,"Plan Rows": 1,"Plan Width": 26,"Actual Startup Time": 499.433,"Actual Total Time": 523.550,"Actual Rows": 3965,"Actual Loops": 1,"Sort Key": ["supplier.s_name"],"Sort Method": "quicksort","Sort Space Used": 375,"Sort Space Type": "Memory","Plans": [{"Node Type": "Nested Loop","Parent Relationship": "Outer","Parallel Aware": false,"Async Capable": false,"Join Type": "Inner","Startup Cost": 1250.87,"Total Cost": 147378.76,"Plan Rows": 1,"Plan Width": 26,"Actual Startup Time": 5.067,"Actual Total Time": 512.972,"Actual Rows": 3965,"Actual Loops": 1,"Inner Unique": true,"Plans": [{"Node Type": "Nested Loop","Parent Relationship": "Outer","Parallel Aware": false,"Async Capable": false,"Join Type": "Semi","Startup Cost": 1250.44,"Total Cost": 147378.26,"Plan Rows": 1,"Plan Width": 34,"Actual Startup Time": 5.045,"Actual Total Time": 451.382,"Actual Rows": 8089,"Actual Loops": 1,"Inner Unique": false,"Plans": [{"Node Type": "Gather","Parent Relationship": "Outer","Parallel Aware": false,"Async Capable": false,"Startup Cost": 1250.01,"Total Cost": 147377.22,"Plan Rows": 1,"Plan Width": 34,"Actual Startup Time": 4.734,"Actual Total Time": 344.998,"Actual Rows": 13526,"Actual Loops": 1,"Workers Planned": 4,"Workers Launched": 4,"Single Copy": false,"Plans": [{"Node Type": "Nested Loop","Parent Relationship": "Outer","Parallel Aware": false,"Async Capable": false,"Join Type": "Anti","Startup Cost": 250.01,"Total Cost": 146377.12,"Plan Rows": 1,"Plan Width": 34,"Actual Startup Time": 4.775,"Actual Total Time": 445.542,"Actual Rows": 2705,"Actual Loops": 5,"Inner Unique": false,"Workers": [],"Plans": [{"Node Type": "Hash Join","Parent Relationship": "Outer","Parallel Aware": false,"Async Capable": false,"Join Type": "Inner","Startup Cost": 249.58,"Total Cost": 133581.65,"Plan Rows": 19990,"Plan Width": 34,"Actual Startup Time": 4.487,"Actual Total Time": 354.785,"Actual Rows": 30752,"Actual Loops": 5,"Inner Unique": false,"Hash Cond": "(l1.l_suppkey = supplier.s_suppkey)","Workers": [],"Plans": [{"Node Type": "Seq Scan","Parent Relationship": "Outer","Parallel Aware": true,"Async Capable": false,"Relation Name": "lineitem","Alias": "l1","Startup Cost": 0.00,"Total Cost": 131256.80,"Plan Rows": 500101,"Plan Width": 8,"Actual Startup Time": 0.026,"Actual Total Time": 303.161,"Actual Rows": 758659,"Actual Loops": 5,"Filter": "(l_receiptdate > l_commitdate)","Rows Removed by Filter": 441584,"Workers": []},{"Node Type": "Hash","Parent Relationship": "Inner","Parallel Aware": false,"Async Capable": false,"Startup Cost": 244.58,"Total Cost": 244.58,"Plan Rows": 400,"Plan Width": 30,"Actual Startup Time": 4.170,"Actual Total Time": 4.181,"Actual Rows": 407,"Actual Loops": 5,"Hash Buckets": 1024,"Original Hash Buckets": 1024,"Hash Batches": 1,"Original Hash Batches": 1,"Peak Memory Usage": 34,"Workers": [],"Plans": [{"Node Type": "Nested Loop","Parent Relationship": "Outer","Parallel Aware": false,"Async Capable": false,"Join Type": "Inner","Startup Cost": 7.38,"Total Cost": 244.58,"Plan Rows": 400,"Plan Width": 30,"Actual Startup Time": 0.302,"Actual Total Time": 4.018,"Actual Rows": 407,"Actual Loops": 5,"Inner Unique": false,"Workers": [],"Plans": [{"Node Type": "Seq Scan","Parent Relationship": "Outer","Parallel Aware": false,"Async Capable": false,"Relation Name": "nation","Alias": "nation","Startup Cost": 0.00,"Total Cost": 1.31,"Plan Rows": 1,"Plan Width": 4,"Actual Startup Time": 0.065,"Actual Total Time": 0.068,"Actual Rows": 1,"Actual Loops": 5,"Filter": "(n_name = 'CHINA'::bpchar)","Rows Removed by Filter": 24,"Workers": []},{"Node Type": "Bitmap Heap Scan","Parent Relationship": "Inner","Parallel Aware": false,"Async Capable": false,"Relation Name": "supplier","Alias": "supplier","Startup Cost": 7.38,"Total Cost": 239.27,"Plan Rows": 400,"Plan Width": 34,"Actual Startup Time": 0.229,"Actual Total Time": 3.872,"Actual Rows": 407,"Actual Loops": 5,"Recheck Cond": "(s_nationkey = nation.n_nationkey)","Rows Removed by Index Recheck": 0,"Exact Heap Blocks": 186,"Lossy Heap Blocks": 0,"Workers": [],"Plans": [{"Node Type": "Bitmap Index Scan","Parent Relationship": "Outer","Parallel Aware": false,"Async Capable": false,"Index Name": "idx_supplier_nation_key","Startup Cost": 0.00,"Total Cost": 7.29,"Plan Rows": 400,"Plan Width": 0,"Actual Startup Time": 0.141,"Actual Total Time": 0.143,"Actual Rows": 407,"Actual Loops": 5,"Index Cond": "(s_nationkey = nation.n_nationkey)","Workers": []}]}]}]}]},{"Node Type": "Index Scan","Parent Relationship": "Inner","Parallel Aware": false,"Async Capable": false,"Scan Direction": "Forward","Index Name": "idx_lineitem_orderkey","Relation Name": "lineitem","Alias": "l3","Startup Cost": 0.43,"Total Cost": 1.06,"Plan Rows": 6,"Plan Width": 8,"Actual Startup Time": 0.003,"Actual Total Time": 0.003,"Actual Rows": 1,"Actual Loops": 153758,"Index Cond": "(l_orderkey = l1.l_orderkey)","Rows Removed by Index Recheck": 0,"Filter": "((l_receiptdate > l_commitdate) AND (l_suppkey <> l1.l_suppkey))","Rows Removed by Filter": 1,"Workers": []}]}]},{"Node Type": "Index Scan","Parent Relationship": "Inner","Parallel Aware": false,"Async Capable": false,"Scan Direction": "Forward","Index Name": "idx_lineitem_orderkey","Relation Name": "lineitem","Alias": "l2","Startup Cost": 0.43,"Total Cost": 1.02,"Plan Rows": 17,"Plan Width": 8,"Actual Startup Time": 0.007,"Actual Total Time": 0.007,"Actual Rows": 1,"Actual Loops": 13526,"Index Cond": "(l_orderkey = l1.l_orderkey)","Rows Removed by Index Recheck": 0,"Filter": "(l_suppkey <> l1.l_suppkey)","Rows Removed by Filter": 1}]},{"Node Type": "Index Scan","Parent Relationship": "Inner","Parallel Aware": false,"Async Capable": false,"Scan Direction": "Forward","Index Name": "orders_pkey","Relation Name": "orders","Alias": "orders","Startup Cost": 0.43,"Total Cost": 0.51,"Plan Rows": 1,"Plan Width": 4,"Actual Startup Time": 0.007,"Actual Total Time": 0.007,"Actual Rows": 0,"Actual Loops": 8089,"Index Cond": "(o_orderkey = l1.l_orderkey)","Rows Removed by Index Recheck": 0,"Filter": "(o_orderstatus = 'F'::bpchar)","Rows Removed by Filter": 1}]}]}]}]},"Planning Time": 8.452,"Triggers": [],"Execution Time": 525.397}]
[{"Plan": {"Node Type": "Sort","Parallel Aware": false,"Async Capable": false,"Startup Cost": 147378.80,"Total Cost": 147378.81,"Plan Rows": 1,"Plan Width": 34,"Actual Startup Time": 510.910,"Actual Total Time": 530.461,"Actual Rows": 420,"Actual Loops": 1,"Sort Key": ["(count(*)) DESC", "supplier.s_name"],"Sort Method": "quicksort","Sort Space Used": 57,"Sort Space Type": "Memory","Plans": [{"Node Type": "Aggregate","Strategy": "Sorted","Partial Mode": "Simple","Parent Relationship": "Outer","Parallel Aware": false,"Async Capable": false,"Startup Cost": 147378.77,"Total Cost": 147378.79,"Plan Rows": 1,"Plan Width": 34,"Actual Startup Time": 509.613,"Actual Total Time": 529.683,"Actual Rows": 420,"Actual Loops": 1,"Group Key": ["supplier.s_name"],"Plans": [{"Node Type": "Sort","Parent Relationship": "Outer","Parallel Aware": false,"Async Capable": false,"Startup Cost": 147378.77,"Total Cost": 147378.78,"Plan Rows": 1,"Plan Width": 26,"Actual Startup Time": 509.594,"Actual Total Time": 529.267,"Actual Rows": 4090,"Actual Loops": 1,"Sort Key": ["supplier.s_name"],"Sort Method": "quicksort","Sort Space Used": 384,"Sort Space Type": "Memory","Plans": [{"Node Type": "Nested Loop","Parent Relationship": "Outer","Parallel Aware": false,"Async Capable": false,"Join Type": "Inner","Startup Cost": 1250.87,"Total Cost": 147378.76,"Plan Rows": 1,"Plan Width": 26,"Actual Startup Time": 4.580,"Actual Total Time": 518.201,"Actual Rows": 4090,"Actual Loops": 1,"Inner Unique": true,"Plans": [{"Node Type": "Nested Loop","Parent Relationship": "Outer","Parallel Aware": false,"Async Capable": false,"Join Type": "Semi","Startup Cost": 1250.44,"Total Cost": 147378.26,"Plan Rows": 1,"Plan Width": 34,"Actual Startup Time": 4.545,"Actual Total Time": 454.390,"Actual Rows": 8430,"Actual Loops": 1,"Inner Unique": false,"Plans": [{"Node Type": "Gather","Parent Relationship": "Outer","Parallel Aware": false,"Async Capable": false,"Startup Cost": 1250.01,"Total Cost": 147377.22,"Plan Rows": 1,"Plan Width": 34,"Actual Startup Time": 4.342,"Actual Total Time": 344.810,"Actual Rows": 14089,"Actual Loops": 1,"Workers Planned": 4,"Workers Launched": 4,"Single Copy": false,"Plans": [{"Node Type": "Nested Loop","Parent Relationship": "Outer","Parallel Aware": false,"Async Capable": false,"Join Type": "Anti","Startup Cost": 250.01,"Total Cost": 146377.12,"Plan Rows": 1,"Plan Width": 34,"Actual Startup Time": 5.491,"Actual Total Time": 451.438,"Actual Rows": 2818,"Actual Loops": 5,"Inner Unique": false,"Workers": [],"Plans": [{"Node Type": "Hash Join","Parent Relationship": "Outer","Parallel Aware": false,"Async Capable": false,"Join Type": "Inner","Startup Cost": 249.58,"Total Cost": 133581.65,"Plan Rows": 19990,"Plan Width": 34,"Actual Startup Time": 5.196,"Actual Total Time": 357.512,"Actual Rows": 31960,"Actual Loops": 5,"Inner Unique": false,"Hash Cond": "(l1.l_suppkey = supplier.s_suppkey)","Workers": [],"Plans": [{"Node Type": "Seq Scan","Parent Relationship": "Outer","Parallel Aware": true,"Async Capable": false,"Relation Name": "lineitem","Alias": "l1","Startup Cost": 0.00,"Total Cost": 131256.80,"Plan Rows": 500101,"Plan Width": 8,"Actual Startup Time": 0.027,"Actual Total Time": 305.923,"Actual Rows": 758659,"Actual Loops": 5,"Filter": "(l_receiptdate > l_commitdate)","Rows Removed by Filter": 441584,"Workers": []},{"Node Type": "Hash","Parent Relationship": "Inner","Parallel Aware": false,"Async Capable": false,"Startup Cost": 244.58,"Total Cost": 244.58,"Plan Rows": 400,"Plan Width": 30,"Actual Startup Time": 4.831,"Actual Total Time": 4.844,"Actual Rows": 420,"Actual Loops": 5,"Hash Buckets": 1024,"Original Hash Buckets": 1024,"Hash Batches": 1,"Original Hash Batches": 1,"Peak Memory Usage": 35,"Workers": [],"Plans": [{"Node Type": "Nested Loop","Parent Relationship": "Outer","Parallel Aware": false,"Async Capable": false,"Join Type": "Inner","Startup Cost": 7.38,"Total Cost": 244.58,"Plan Rows": 400,"Plan Width": 30,"Actual Startup Time": 0.275,"Actual Total Time": 4.655,"Actual Rows": 420,"Actual Loops": 5,"Inner Unique": false,"Workers": [],"Plans": [{"Node Type": "Seq Scan","Parent Relationship": "Outer","Parallel Aware": false,"Async Capable": false,"Relation Name": "nation","Alias": "nation","Startup Cost": 0.00,"Total Cost": 1.31,"Plan Rows": 1,"Plan Width": 4,"Actual Startup Time": 0.047,"Actual Total Time": 0.057,"Actual Rows": 1,"Actual Loops": 5,"Filter": "(n_name = 'ALGERIA'::bpchar)","Rows Removed by Filter": 24,"Workers": []},{"Node Type": "Bitmap Heap Scan","Parent Relationship": "Inner","Parallel Aware": false,"Async Capable": false,"Relation Name": "supplier","Alias": "supplier","Startup Cost": 7.38,"Total Cost": 239.27,"Plan Rows": 400,"Plan Width": 34,"Actual Startup Time": 0.222,"Actual Total Time": 4.505,"Actual Rows": 420,"Actual Loops": 5,"Recheck Cond": "(s_nationkey = nation.n_nationkey)","Rows Removed by Index Recheck": 0,"Exact Heap Blocks": 197,"Lossy Heap Blocks": 0,"Workers": [],"Plans": [{"Node Type": "Bitmap Index Scan","Parent Relationship": "Outer","Parallel Aware": false,"Async Capable": false,"Index Name": "idx_supplier_nation_key","Startup Cost": 0.00,"Total Cost": 7.29,"Plan Rows": 400,"Plan Width": 0,"Actual Startup Time": 0.137,"Actual Total Time": 0.140,"Actual Rows": 420,"Actual Loops": 5,"Index Cond": "(s_nationkey = nation.n_nationkey)","Workers": []}]}]}]}]},{"Node Type": "Index Scan","Parent Relationship": "Inner","Parallel Aware": false,"Async Capable": false,"Scan Direction": "Forward","Index Name": "idx_lineitem_orderkey","Relation Name": "lineitem","Alias": "l3","Startup Cost": 0.43,"Total Cost": 1.06,"Plan Rows": 6,"Plan Width": 8,"Actual Startup Time": 0.003,"Actual Total Time": 0.003,"Actual Rows": 1,"Actual Loops": 159800,"Index Cond": "(l_orderkey = l1.l_orderkey)","Rows Removed by Index Recheck": 0,"Filter": "((l_receiptdate > l_commitdate) AND (l_suppkey <> l1.l_suppkey))","Rows Removed by Filter": 1,"Workers": []}]}]},{"Node Type": "Index Scan","Parent Relationship": "Inner","Parallel Aware": false,"Async Capable": false,"Scan Direction": "Forward","Index Name": "idx_lineitem_orderkey","Relation Name": "lineitem","Alias": "l2","Startup Cost": 0.43,"Total Cost": 1.02,"Plan Rows": 17,"Plan Width": 8,"Actual Startup Time": 0.007,"Actual Total Time": 0.007,"Actual Rows": 1,"Actual Loops": 14089,"Index Cond": "(l_orderkey = l1.l_orderkey)","Rows Removed by Index Recheck": 0,"Filter": "(l_suppkey <> l1.l_suppkey)","Rows Removed by Filter": 1}]},{"Node Type": "Index Scan","Parent Relationship": "Inner","Parallel Aware": false,"Async Capable": false,"Scan Direction": "Forward","Index Name": "orders_pkey","Relation Name": "orders","Alias": "orders","Startup Cost": 0.43,"Total Cost": 0.51,"Plan Rows": 1,"Plan Width": 4,"Actual Startup Time": 0.007,"Actual Total Time": 0.007,"Actual Rows": 0,"Actual Loops": 8430,"Index Cond": "(o_orderkey = l1.l_orderkey)","Rows Removed by Index Recheck": 0,"Filter": "(o_orderstatus = 'F'::bpchar)","Rows Removed by Filter": 1}]}]}]}]},"Planning Time": 9.770,"Triggers": [],"Execution Time": 531.084}]
[{"Plan": {"Node Type": "Sort","Parallel Aware": false,"Async Capable": false,"Startup Cost": 147378.80,"Total Cost": 147378.81,"Plan Rows": 1,"Plan Width": 34,"Actual Startup Time": 512.736,"Actual Total Time": 529.210,"Actual Rows": 438,"Actual Loops": 1,"Sort Key": ["(count(*)) DESC", "supplier.s_name"],"Sort Method": "quicksort","Sort Space Used": 59,"Sort Space Type": "Memory","Plans": [{"Node Type": "Aggregate","Strategy": "Sorted","Partial Mode": "Simple","Parent Relationship": "Outer","Parallel Aware": false,"Async Capable": false,"Startup Cost": 147378.77,"Total Cost": 147378.79,"Plan Rows": 1,"Plan Width": 34,"Actual Startup Time": 511.404,"Actual Total Time": 528.425,"Actual Rows": 438,"Actual Loops": 1,"Group Key": ["supplier.s_name"],"Plans": [{"Node Type": "Sort","Parent Relationship": "Outer","Parallel Aware": false,"Async Capable": false,"Startup Cost": 147378.77,"Total Cost": 147378.78,"Plan Rows": 1,"Plan Width": 26,"Actual Startup Time": 511.372,"Actual Total Time": 527.974,"Actual Rows": 4210,"Actual Loops": 1,"Sort Key": ["supplier.s_name"],"Sort Method": "quicksort","Sort Space Used": 489,"Sort Space Type": "Memory","Plans": [{"Node Type": "Nested Loop","Parent Relationship": "Outer","Parallel Aware": false,"Async Capable": false,"Join Type": "Inner","Startup Cost": 1250.87,"Total Cost": 147378.76,"Plan Rows": 1,"Plan Width": 26,"Actual Startup Time": 5.368,"Actual Total Time": 515.358,"Actual Rows": 4210,"Actual Loops": 1,"Inner Unique": true,"Plans": [{"Node Type": "Nested Loop","Parent Relationship": "Outer","Parallel Aware": false,"Async Capable": false,"Join Type": "Semi","Startup Cost": 1250.44,"Total Cost": 147378.26,"Plan Rows": 1,"Plan Width": 34,"Actual Startup Time": 5.330,"Actual Total Time": 447.041,"Actual Rows": 8778,"Actual Loops": 1,"Inner Unique": false,"Plans": [{"Node Type": "Gather","Parent Relationship": "Outer","Parallel Aware": false,"Async Capable": false,"Startup Cost": 1250.01,"Total Cost": 147377.22,"Plan Rows": 1,"Plan Width": 34,"Actual Startup Time": 5.278,"Actual Total Time": 329.789,"Actual Rows": 14669,"Actual Loops": 1,"Workers Planned": 4,"Workers Launched": 4,"Single Copy": false,"Plans": [{"Node Type": "Nested Loop","Parent Relationship": "Outer","Parallel Aware": false,"Async Capable": false,"Join Type": "Anti","Startup Cost": 250.01,"Total Cost": 146377.12,"Plan Rows": 1,"Plan Width": 34,"Actual Startup Time": 5.105,"Actual Total Time": 449.554,"Actual Rows": 2934,"Actual Loops": 5,"Inner Unique": false,"Workers": [],"Plans": [{"Node Type": "Hash Join","Parent Relationship": "Outer","Parallel Aware": false,"Async Capable": false,"Join Type": "Inner","Startup Cost": 249.58,"Total Cost": 133581.65,"Plan Rows": 19990,"Plan Width": 34,"Actual Startup Time": 4.734,"Actual Total Time": 354.759,"Actual Rows": 33108,"Actual Loops": 5,"Inner Unique": false,"Hash Cond": "(l1.l_suppkey = supplier.s_suppkey)","Workers": [],"Plans": [{"Node Type": "Seq Scan","Parent Relationship": "Outer","Parallel Aware": true,"Async Capable": false,"Relation Name": "lineitem","Alias": "l1","Startup Cost": 0.00,"Total Cost": 131256.80,"Plan Rows": 500101,"Plan Width": 8,"Actual Startup Time": 0.025,"Actual Total Time": 303.070,"Actual Rows": 758659,"Actual Loops": 5,"Filter": "(l_receiptdate > l_commitdate)","Rows Removed by Filter": 441584,"Workers": []},{"Node Type": "Hash","Parent Relationship": "Inner","Parallel Aware": false,"Async Capable": false,"Startup Cost": 244.58,"Total Cost": 244.58,"Plan Rows": 400,"Plan Width": 30,"Actual Startup Time": 4.446,"Actual Total Time": 4.454,"Actual Rows": 438,"Actual Loops": 5,"Hash Buckets": 1024,"Original Hash Buckets": 1024,"Hash Batches": 1,"Original Hash Batches": 1,"Peak Memory Usage": 36,"Workers": [],"Plans": [{"Node Type": "Nested Loop","Parent Relationship": "Outer","Parallel Aware": false,"Async Capable": false,"Join Type": "Inner","Startup Cost": 7.38,"Total Cost": 244.58,"Plan Rows": 400,"Plan Width": 30,"Actual Startup Time": 0.266,"Actual Total Time": 4.290,"Actual Rows": 438,"Actual Loops": 5,"Inner Unique": false,"Workers": [],"Plans": [{"Node Type": "Seq Scan","Parent Relationship": "Outer","Parallel Aware": false,"Async Capable": false,"Relation Name": "nation","Alias": "nation","Startup Cost": 0.00,"Total Cost": 1.31,"Plan Rows": 1,"Plan Width": 4,"Actual Startup Time": 0.058,"Actual Total Time": 0.064,"Actual Rows": 1,"Actual Loops": 5,"Filter": "(n_name = 'IRAQ'::bpchar)","Rows Removed by Filter": 24,"Workers": []},{"Node Type": "Bitmap Heap Scan","Parent Relationship": "Inner","Parallel Aware": false,"Async Capable": false,"Relation Name": "supplier","Alias": "supplier","Startup Cost": 7.38,"Total Cost": 239.27,"Plan Rows": 400,"Plan Width": 34,"Actual Startup Time": 0.204,"Actual Total Time": 4.151,"Actual Rows": 438,"Actual Loops": 5,"Recheck Cond": "(s_nationkey = nation.n_nationkey)","Rows Removed by Index Recheck": 0,"Exact Heap Blocks": 194,"Lossy Heap Blocks": 0,"Workers": [],"Plans": [{"Node Type": "Bitmap Index Scan","Parent Relationship": "Outer","Parallel Aware": false,"Async Capable": false,"Index Name": "idx_supplier_nation_key","Startup Cost": 0.00,"Total Cost": 7.29,"Plan Rows": 400,"Plan Width": 0,"Actual Startup Time": 0.139,"Actual Total Time": 0.140,"Actual Rows": 438,"Actual Loops": 5,"Index Cond": "(s_nationkey = nation.n_nationkey)","Workers": []}]}]}]}]},{"Node Type": "Index Scan","Parent Relationship": "Inner","Parallel Aware": false,"Async Capable": false,"Scan Direction": "Forward","Index Name": "idx_lineitem_orderkey","Relation Name": "lineitem","Alias": "l3","Startup Cost": 0.43,"Total Cost": 1.06,"Plan Rows": 6,"Plan Width": 8,"Actual Startup Time": 0.003,"Actual Total Time": 0.003,"Actual Rows": 1,"Actual Loops": 165540,"Index Cond": "(l_orderkey = l1.l_orderkey)","Rows Removed by Index Recheck": 0,"Filter": "((l_receiptdate > l_commitdate) AND (l_suppkey <> l1.l_suppkey))","Rows Removed by Filter": 1,"Workers": []}]}]},{"Node Type": "Index Scan","Parent Relationship": "Inner","Parallel Aware": false,"Async Capable": false,"Scan Direction": "Forward","Index Name": "idx_lineitem_orderkey","Relation Name": "lineitem","Alias": "l2","Startup Cost": 0.43,"Total Cost": 1.02,"Plan Rows": 17,"Plan Width": 8,"Actual Startup Time": 0.007,"Actual Total Time": 0.007,"Actual Rows": 1,"Actual Loops": 14669,"Index Cond": "(l_orderkey = l1.l_orderkey)","Rows Removed by Index Recheck": 0,"Filter": "(l_suppkey <> l1.l_suppkey)","Rows Removed by Filter": 1}]},{"Node Type": "Index Scan","Parent Relationship": "Inner","Parallel Aware": false,"Async Capable": false,"Scan Direction": "Forward","Index Name": "orders_pkey","Relation Name": "orders","Alias": "orders","Startup Cost": 0.43,"Total Cost": 0.51,"Plan Rows": 1,"Plan Width": 4,"Actual Startup Time": 0.008,"Actual Total Time": 0.008,"Actual Rows": 0,"Actual Loops": 8778,"Index Cond": "(o_orderkey = l1.l_orderkey)","Rows Removed by Index Recheck": 0,"Filter": "(o_orderstatus = 'F'::bpchar)","Rows Removed by Filter": 1}]}]}]}]},"Planning Time": 9.762,"Triggers": [],"Execution Time": 529.872}]
[{"Plan": {"Node Type": "Sort","Parallel Aware": false,"Async Capable": false,"Startup Cost": 147378.80,"Total Cost": 147378.81,"Plan Rows": 1,"Plan Width": 34,"Actual Startup Time": 501.304,"Actual Total Time": 522.071,"Actual Rows": 393,"Actual Loops": 1,"Sort Key": ["(count(*)) DESC", "supplier.s_name"],"Sort Method": "quicksort","Sort Space Used": 55,"Sort Space Type": "Memory","Plans": [{"Node Type": "Aggregate","Strategy": "Sorted","Partial Mode": "Simple","Parent Relationship": "Outer","Parallel Aware": false,"Async Capable": false,"Startup Cost": 147378.77,"Total Cost": 147378.79,"Plan Rows": 1,"Plan Width": 34,"Actual Startup Time": 500.141,"Actual Total Time": 521.406,"Actual Rows": 393,"Actual Loops": 1,"Group Key": ["supplier.s_name"],"Plans": [{"Node Type": "Sort","Parent Relationship": "Outer","Parallel Aware": false,"Async Capable": false,"Startup Cost": 147378.77,"Total Cost": 147378.78,"Plan Rows": 1,"Plan Width": 26,"Actual Startup Time": 500.117,"Actual Total Time": 521.005,"Actual Rows": 3888,"Actual Loops": 1,"Sort Key": ["supplier.s_name"],"Sort Method": "quicksort","Sort Space Used": 370,"Sort Space Type": "Memory","Plans": [{"Node Type": "Nested Loop","Parent Relationship": "Outer","Parallel Aware": false,"Async Capable": false,"Join Type": "Inner","Startup Cost": 1250.87,"Total Cost": 147378.76,"Plan Rows": 1,"Plan Width": 26,"Actual Startup Time": 4.419,"Actual Total Time": 510.533,"Actual Rows": 3888,"Actual Loops": 1,"Inner Unique": true,"Plans": [{"Node Type": "Nested Loop","Parent Relationship": "Outer","Parallel Aware": false,"Async Capable": false,"Join Type": "Semi","Startup Cost": 1250.44,"Total Cost": 147378.26,"Plan Rows": 1,"Plan Width": 34,"Actual Startup Time": 4.399,"Actual Total Time": 450.183,"Actual Rows": 7870,"Actual Loops": 1,"Inner Unique": false,"Plans": [{"Node Type": "Gather","Parent Relationship": "Outer","Parallel Aware": false,"Async Capable": false,"Startup Cost": 1250.01,"Total Cost": 147377.22,"Plan Rows": 1,"Plan Width": 34,"Actual Startup Time": 4.381,"Actual Total Time": 345.433,"Actual Rows": 13167,"Actual Loops": 1,"Workers Planned": 4,"Workers Launched": 4,"Single Copy": false,"Plans": [{"Node Type": "Nested Loop","Parent Relationship": "Outer","Parallel Aware": false,"Async Capable": false,"Join Type": "Anti","Startup Cost": 250.01,"Total Cost": 146377.12,"Plan Rows": 1,"Plan Width": 34,"Actual Startup Time": 4.384,"Actual Total Time": 444.967,"Actual Rows": 2633,"Actual Loops": 5,"Inner Unique": false,"Workers": [],"Plans": [{"Node Type": "Hash Join","Parent Relationship": "Outer","Parallel Aware": false,"Async Capable": false,"Join Type": "Inner","Startup Cost": 249.58,"Total Cost": 133581.65,"Plan Rows": 19990,"Plan Width": 34,"Actual Startup Time": 4.142,"Actual Total Time": 356.305,"Actual Rows": 29760,"Actual Loops": 5,"Inner Unique": false,"Hash Cond": "(l1.l_suppkey = supplier.s_suppkey)","Workers": [],"Plans": [{"Node Type": "Seq Scan","Parent Relationship": "Outer","Parallel Aware": true,"Async Capable": false,"Relation Name": "lineitem","Alias": "l1","Startup Cost": 0.00,"Total Cost": 131256.80,"Plan Rows": 500101,"Plan Width": 8,"Actual Startup Time": 0.027,"Actual Total Time": 306.242,"Actual Rows": 758659,"Actual Loops": 5,"Filter": "(l_receiptdate > l_commitdate)","Rows Removed by Filter": 441584,"Workers": []},{"Node Type": "Hash","Parent Relationship": "Inner","Parallel Aware": false,"Async Capable": false,"Startup Cost": 244.58,"Total Cost": 244.58,"Plan Rows": 400,"Plan Width": 30,"Actual Startup Time": 3.834,"Actual Total Time": 3.847,"Actual Rows": 393,"Actual Loops": 5,"Hash Buckets": 1024,"Original Hash Buckets": 1024,"Hash Batches": 1,"Original Hash Batches": 1,"Peak Memory Usage": 33,"Workers": [],"Plans": [{"Node Type": "Nested Loop","Parent Relationship": "Outer","Parallel Aware": false,"Async Capable": false,"Join Type": "Inner","Startup Cost": 7.38,"Total Cost": 244.58,"Plan Rows": 400,"Plan Width": 30,"Actual Startup Time": 0.244,"Actual Total Time": 3.695,"Actual Rows": 393,"Actual Loops": 5,"Inner Unique": false,"Workers": [],"Plans": [{"Node Type": "Seq Scan","Parent Relationship": "Outer","Parallel Aware": false,"Async Capable": false,"Relation Name": "nation","Alias": "nation","Startup Cost": 0.00,"Total Cost": 1.31,"Plan Rows": 1,"Plan Width": 4,"Actual Startup Time": 0.049,"Actual Total Time": 0.055,"Actual Rows": 1,"Actual Loops": 5,"Filter": "(n_name = 'IRAN'::bpchar)","Rows Removed by Filter": 24,"Workers": []},{"Node Type": "Bitmap Heap Scan","Parent Relationship": "Inner","Parallel Aware": false,"Async Capable": false,"Relation Name": "supplier","Alias": "supplier","Startup Cost": 7.38,"Total Cost": 239.27,"Plan Rows": 400,"Plan Width": 34,"Actual Startup Time": 0.188,"Actual Total Time": 3.562,"Actual Rows": 393,"Actual Loops": 5,"Recheck Cond": "(s_nationkey = nation.n_nationkey)","Rows Removed by Index Recheck": 0,"Exact Heap Blocks": 179,"Lossy Heap Blocks": 0,"Workers": [],"Plans": [{"Node Type": "Bitmap Index Scan","Parent Relationship": "Outer","Parallel Aware": false,"Async Capable": false,"Index Name": "idx_supplier_nation_key","Startup Cost": 0.00,"Total Cost": 7.29,"Plan Rows": 400,"Plan Width": 0,"Actual Startup Time": 0.116,"Actual Total Time": 0.118,"Actual Rows": 393,"Actual Loops": 5,"Index Cond": "(s_nationkey = nation.n_nationkey)","Workers": []}]}]}]}]},{"Node Type": "Index Scan","Parent Relationship": "Inner","Parallel Aware": false,"Async Capable": false,"Scan Direction": "Forward","Index Name": "idx_lineitem_orderkey","Relation Name": "lineitem","Alias": "l3","Startup Cost": 0.43,"Total Cost": 1.06,"Plan Rows": 6,"Plan Width": 8,"Actual Startup Time": 0.003,"Actual Total Time": 0.003,"Actual Rows": 1,"Actual Loops": 148802,"Index Cond": "(l_orderkey = l1.l_orderkey)","Rows Removed by Index Recheck": 0,"Filter": "((l_receiptdate > l_commitdate) AND (l_suppkey <> l1.l_suppkey))","Rows Removed by Filter": 1,"Workers": []}]}]},{"Node Type": "Index Scan","Parent Relationship": "Inner","Parallel Aware": false,"Async Capable": false,"Scan Direction": "Forward","Index Name": "idx_lineitem_orderkey","Relation Name": "lineitem","Alias": "l2","Startup Cost": 0.43,"Total Cost": 1.02,"Plan Rows": 17,"Plan Width": 8,"Actual Startup Time": 0.008,"Actual Total Time": 0.008,"Actual Rows": 1,"Actual Loops": 13167,"Index Cond": "(l_orderkey = l1.l_orderkey)","Rows Removed by Index Recheck": 0,"Filter": "(l_suppkey <> l1.l_suppkey)","Rows Removed by Filter": 1}]},{"Node Type": "Index Scan","Parent Relationship": "Inner","Parallel Aware": false,"Async Capable": false,"Scan Direction": "Forward","Index Name": "orders_pkey","Relation Name": "orders","Alias": "orders","Startup Cost": 0.43,"Total Cost": 0.51,"Plan Rows": 1,"Plan Width": 4,"Actual Startup Time": 0.007,"Actual Total Time": 0.007,"Actual Rows": 0,"Actual Loops": 7870,"Index Cond": "(o_orderkey = l1.l_orderkey)","Rows Removed by Index Recheck": 0,"Filter": "(o_orderstatus = 'F'::bpchar)","Rows Removed by Filter": 1}]}]}]}]},"Planning Time": 9.769,"Triggers": [],"Execution Time": 522.666}]
[{"Plan": {"Node Type": "Sort","Parallel Aware": false,"Async Capable": false,"Startup Cost": 147378.80,"Total Cost": 147378.81,"Plan Rows": 1,"Plan Width": 34,"Actual Startup Time": 500.228,"Actual Total Time": 519.082,"Actual Rows": 412,"Actual Loops": 1,"Sort Key": ["(count(*)) DESC", "supplier.s_name"],"Sort Method": "quicksort","Sort Space Used": 57,"Sort Space Type": "Memory","Plans": [{"Node Type": "Aggregate","Strategy": "Sorted","Partial Mode": "Simple","Parent Relationship": "Outer","Parallel Aware": false,"Async Capable": false,"Startup Cost": 147378.77,"Total Cost": 147378.79,"Plan Rows": 1,"Plan Width": 34,"Actual Startup Time": 498.981,"Actual Total Time": 518.359,"Actual Rows": 412,"Actual Loops": 1,"Group Key": ["supplier.s_name"],"Plans": [{"Node Type": "Sort","Parent Relationship": "Outer","Parallel Aware": false,"Async Capable": false,"Startup Cost": 147378.77,"Total Cost": 147378.78,"Plan Rows": 1,"Plan Width": 26,"Actual Startup Time": 498.949,"Actual Total Time": 517.928,"Actual Rows": 4030,"Actual Loops": 1,"Sort Key": ["supplier.s_name"],"Sort Method": "quicksort","Sort Space Used": 380,"Sort Space Type": "Memory","Plans": [{"Node Type": "Nested Loop","Parent Relationship": "Outer","Parallel Aware": false,"Async Capable": false,"Join Type": "Inner","Startup Cost": 1250.87,"Total Cost": 147378.76,"Plan Rows": 1,"Plan Width": 26,"Actual Startup Time": 4.020,"Actual Total Time": 506.052,"Actual Rows": 4030,"Actual Loops": 1,"Inner Unique": true,"Plans": [{"Node Type": "Nested Loop","Parent Relationship": "Outer","Parallel Aware": false,"Async Capable": false,"Join Type": "Semi","Startup Cost": 1250.44,"Total Cost": 147378.26,"Plan Rows": 1,"Plan Width": 34,"Actual Startup Time": 3.993,"Actual Total Time": 443.011,"Actual Rows": 8146,"Actual Loops": 1,"Inner Unique": false,"Plans": [{"Node Type": "Gather","Parent Relationship": "Outer","Parallel Aware": false,"Async Capable": false,"Startup Cost": 1250.01,"Total Cost": 147377.22,"Plan Rows": 1,"Plan Width": 34,"Actual Startup Time": 3.980,"Actual Total Time": 336.738,"Actual Rows": 13748,"Actual Loops": 1,"Workers Planned": 4,"Workers Launched": 4,"Single Copy": false,"Plans": [{"Node Type": "Nested Loop","Parent Relationship": "Outer","Parallel Aware": false,"Async Capable": false,"Join Type": "Anti","Startup Cost": 250.01,"Total Cost": 146377.12,"Plan Rows": 1,"Plan Width": 34,"Actual Startup Time": 4.569,"Actual Total Time": 441.712,"Actual Rows": 2750,"Actual Loops": 5,"Inner Unique": false,"Workers": [],"Plans": [{"Node Type": "Hash Join","Parent Relationship": "Outer","Parallel Aware": false,"Async Capable": false,"Join Type": "Inner","Startup Cost": 249.58,"Total Cost": 133581.65,"Plan Rows": 19990,"Plan Width": 34,"Actual Startup Time": 4.262,"Actual Total Time": 350.942,"Actual Rows": 31209,"Actual Loops": 5,"Inner Unique": false,"Hash Cond": "(l1.l_suppkey = supplier.s_suppkey)","Workers": [],"Plans": [{"Node Type": "Seq Scan","Parent Relationship": "Outer","Parallel Aware": true,"Async Capable": false,"Relation Name": "lineitem","Alias": "l1","Startup Cost": 0.00,"Total Cost": 131256.80,"Plan Rows": 500101,"Plan Width": 8,"Actual Startup Time": 0.026,"Actual Total Time": 299.296,"Actual Rows": 758659,"Actual Loops": 5,"Filter": "(l_receiptdate > l_commitdate)","Rows Removed by Filter": 441584,"Workers": []},{"Node Type": "Hash","Parent Relationship": "Inner","Parallel Aware": false,"Async Capable": false,"Startup Cost": 244.58,"Total Cost": 244.58,"Plan Rows": 400,"Plan Width": 30,"Actual Startup Time": 3.907,"Actual Total Time": 3.918,"Actual Rows": 412,"Actual Loops": 5,"Hash Buckets": 1024,"Original Hash Buckets": 1024,"Hash Batches": 1,"Original Hash Batches": 1,"Peak Memory Usage": 34,"Workers": [],"Plans": [{"Node Type": "Nested Loop","Parent Relationship": "Outer","Parallel Aware": false,"Async Capable": false,"Join Type": "Inner","Startup Cost": 7.38,"Total Cost": 244.58,"Plan Rows": 400,"Plan Width": 30,"Actual Startup Time": 0.286,"Actual Total Time": 3.756,"Actual Rows": 412,"Actual Loops": 5,"Inner Unique": false,"Workers": [],"Plans": [{"Node Type": "Seq Scan","Parent Relationship": "Outer","Parallel Aware": false,"Async Capable": false,"Relation Name": "nation","Alias": "nation","Startup Cost": 0.00,"Total Cost": 1.31,"Plan Rows": 1,"Plan Width": 4,"Actual Startup Time": 0.059,"Actual Total Time": 0.064,"Actual Rows": 1,"Actual Loops": 5,"Filter": "(n_name = 'CANADA'::bpchar)","Rows Removed by Filter": 24,"Workers": []},{"Node Type": "Bitmap Heap Scan","Parent Relationship": "Inner","Parallel Aware": false,"Async Capable": false,"Relation Name": "supplier","Alias": "supplier","Startup Cost": 7.38,"Total Cost": 239.27,"Plan Rows": 400,"Plan Width": 34,"Actual Startup Time": 0.222,"Actual Total Time": 3.623,"Actual Rows": 412,"Actual Loops": 5,"Recheck Cond": "(s_nationkey = nation.n_nationkey)","Rows Removed by Index Recheck": 0,"Exact Heap Blocks": 189,"Lossy Heap Blocks": 0,"Workers": [],"Plans": [{"Node Type": "Bitmap Index Scan","Parent Relationship": "Outer","Parallel Aware": false,"Async Capable": false,"Index Name": "idx_supplier_nation_key","Startup Cost": 0.00,"Total Cost": 7.29,"Plan Rows": 400,"Plan Width": 0,"Actual Startup Time": 0.144,"Actual Total Time": 0.145,"Actual Rows": 412,"Actual Loops": 5,"Index Cond": "(s_nationkey = nation.n_nationkey)","Workers": []}]}]}]}]},{"Node Type": "Index Scan","Parent Relationship": "Inner","Parallel Aware": false,"Async Capable": false,"Scan Direction": "Forward","Index Name": "idx_lineitem_orderkey","Relation Name": "lineitem","Alias": "l3","Startup Cost": 0.43,"Total Cost": 1.06,"Plan Rows": 6,"Plan Width": 8,"Actual Startup Time": 0.003,"Actual Total Time": 0.003,"Actual Rows": 1,"Actual Loops": 156047,"Index Cond": "(l_orderkey = l1.l_orderkey)","Rows Removed by Index Recheck": 0,"Filter": "((l_receiptdate > l_commitdate) AND (l_suppkey <> l1.l_suppkey))","Rows Removed by Filter": 1,"Workers": []}]}]},{"Node Type": "Index Scan","Parent Relationship": "Inner","Parallel Aware": false,"Async Capable": false,"Scan Direction": "Forward","Index Name": "idx_lineitem_orderkey","Relation Name": "lineitem","Alias": "l2","Startup Cost": 0.43,"Total Cost": 1.02,"Plan Rows": 17,"Plan Width": 8,"Actual Startup Time": 0.007,"Actual Total Time": 0.007,"Actual Rows": 1,"Actual Loops": 13748,"Index Cond": "(l_orderkey = l1.l_orderkey)","Rows Removed by Index Recheck": 0,"Filter": "(l_suppkey <> l1.l_suppkey)","Rows Removed by Filter": 1}]},{"Node Type": "Index Scan","Parent Relationship": "Inner","Parallel Aware": false,"Async Capable": false,"Scan Direction": "Forward","Index Name": "orders_pkey","Relation Name": "orders","Alias": "orders","Startup Cost": 0.43,"Total Cost": 0.51,"Plan Rows": 1,"Plan Width": 4,"Actual Startup Time": 0.007,"Actual Total Time": 0.007,"Actual Rows": 0,"Actual Loops": 8146,"Index Cond": "(o_orderkey = l1.l_orderkey)","Rows Removed by Index Recheck": 0,"Filter": "(o_orderstatus = 'F'::bpchar)","Rows Removed by Filter": 1}]}]}]}]},"Planning Time": 9.689,"Triggers": [],"Execution Time": 519.513}]
[{"Plan": {"Node Type": "Sort","Parallel Aware": false,"Async Capable": false,"Startup Cost": 147378.80,"Total Cost": 147378.81,"Plan Rows": 1,"Plan Width": 34,"Actual Startup Time": 509.264,"Actual Total Time": 527.696,"Actual Rows": 421,"Actual Loops": 1,"Sort Key": ["(count(*)) DESC", "supplier.s_name"],"Sort Method": "quicksort","Sort Space Used": 57,"Sort Space Type": "Memory","Plans": [{"Node Type": "Aggregate","Strategy": "Sorted","Partial Mode": "Simple","Parent Relationship": "Outer","Parallel Aware": false,"Async Capable": false,"Startup Cost": 147378.77,"Total Cost": 147378.79,"Plan Rows": 1,"Plan Width": 34,"Actual Startup Time": 507.941,"Actual Total Time": 526.990,"Actual Rows": 421,"Actual Loops": 1,"Group Key": ["supplier.s_name"],"Plans": [{"Node Type": "Sort","Parent Relationship": "Outer","Parallel Aware": false,"Async Capable": false,"Startup Cost": 147378.77,"Total Cost": 147378.78,"Plan Rows": 1,"Plan Width": 26,"Actual Startup Time": 507.919,"Actual Total Time": 526.540,"Actual Rows": 4227,"Actual Loops": 1,"Sort Key": ["supplier.s_name"],"Sort Method": "quicksort","Sort Space Used": 490,"Sort Space Type": "Memory","Plans": [{"Node Type": "Nested Loop","Parent Relationship": "Outer","Parallel Aware": false,"Async Capable": false,"Join Type": "Inner","Startup Cost": 1250.87,"Total Cost": 147378.76,"Plan Rows": 1,"Plan Width": 26,"Actual Startup Time": 5.396,"Actual Total Time": 515.076,"Actual Rows": 4227,"Actual Loops": 1,"Inner Unique": true,"Plans": [{"Node Type": "Nested Loop","Parent Relationship": "Outer","Parallel Aware": false,"Async Capable": false,"Join Type": "Semi","Startup Cost": 1250.44,"Total Cost": 147378.26,"Plan Rows": 1,"Plan Width": 34,"Actual Startup Time": 5.356,"Actual Total Time": 448.186,"Actual Rows": 8678,"Actual Loops": 1,"Inner Unique": false,"Plans": [{"Node Type": "Gather","Parent Relationship": "Outer","Parallel Aware": false,"Async Capable": false,"Startup Cost": 1250.01,"Total Cost": 147377.22,"Plan Rows": 1,"Plan Width": 34,"Actual Startup Time": 5.315,"Actual Total Time": 333.619,"Actual Rows": 14289,"Actual Loops": 1,"Workers Planned": 4,"Workers Launched": 4,"Single Copy": false,"Plans": [{"Node Type": "Nested Loop","Parent Relationship": "Outer","Parallel Aware": false,"Async Capable": false,"Join Type": "Anti","Startup Cost": 250.01,"Total Cost": 146377.12,"Plan Rows": 1,"Plan Width": 34,"Actual Startup Time": 5.155,"Actual Total Time": 447.803,"Actual Rows": 2858,"Actual Loops": 5,"Inner Unique": false,"Workers": [],"Plans": [{"Node Type": "Hash Join","Parent Relationship": "Outer","Parallel Aware": false,"Async Capable": false,"Join Type": "Inner","Startup Cost": 249.58,"Total Cost": 133581.65,"Plan Rows": 19990,"Plan Width": 34,"Actual Startup Time": 4.679,"Actual Total Time": 355.100,"Actual Rows": 31833,"Actual Loops": 5,"Inner Unique": false,"Hash Cond": "(l1.l_suppkey = supplier.s_suppkey)","Workers": [],"Plans": [{"Node Type": "Seq Scan","Parent Relationship": "Outer","Parallel Aware": true,"Async Capable": false,"Relation Name": "lineitem","Alias": "l1","Startup Cost": 0.00,"Total Cost": 131256.80,"Plan Rows": 500101,"Plan Width": 8,"Actual Startup Time": 0.028,"Actual Total Time": 302.880,"Actual Rows": 758659,"Actual Loops": 5,"Filter": "(l_receiptdate > l_commitdate)","Rows Removed by Filter": 441584,"Workers": []},{"Node Type": "Hash","Parent Relationship": "Inner","Parallel Aware": false,"Async Capable": false,"Startup Cost": 244.58,"Total Cost": 244.58,"Plan Rows": 400,"Plan Width": 30,"Actual Startup Time": 4.328,"Actual Total Time": 4.340,"Actual Rows": 421,"Actual Loops": 5,"Hash Buckets": 1024,"Original Hash Buckets": 1024,"Hash Batches": 1,"Original Hash Batches": 1,"Peak Memory Usage": 35,"Workers": [],"Plans": [{"Node Type": "Nested Loop","Parent Relationship": "Outer","Parallel Aware": false,"Async Capable": false,"Join Type": "Inner","Startup Cost": 7.38,"Total Cost": 244.58,"Plan Rows": 400,"Plan Width": 30,"Actual Startup Time": 0.319,"Actual Total Time": 4.167,"Actual Rows": 421,"Actual Loops": 5,"Inner Unique": false,"Workers": [],"Plans": [{"Node Type": "Seq Scan","Parent Relationship": "Outer","Parallel Aware": false,"Async Capable": false,"Relation Name": "nation","Alias": "nation","Startup Cost": 0.00,"Total Cost": 1.31,"Plan Rows": 1,"Plan Width": 4,"Actual Startup Time": 0.061,"Actual Total Time": 0.065,"Actual Rows": 1,"Actual Loops": 5,"Filter": "(n_name = 'PERU'::bpchar)","Rows Removed by Filter": 24,"Workers": []},{"Node Type": "Bitmap Heap Scan","Parent Relationship": "Inner","Parallel Aware": false,"Async Capable": false,"Relation Name": "supplier","Alias": "supplier","Startup Cost": 7.38,"Total Cost": 239.27,"Plan Rows": 400,"Plan Width": 34,"Actual Startup Time": 0.253,"Actual Total Time": 4.010,"Actual Rows": 421,"Actual Loops": 5,"Recheck Cond": "(s_nationkey = nation.n_nationkey)","Rows Removed by Index Recheck": 0,"Exact Heap Blocks": 187,"Lossy Heap Blocks": 0,"Workers": [],"Plans": [{"Node Type": "Bitmap Index Scan","Parent Relationship": "Outer","Parallel Aware": false,"Async Capable": false,"Index Name": "idx_supplier_nation_key","Startup Cost": 0.00,"Total Cost": 7.29,"Plan Rows": 400,"Plan Width": 0,"Actual Startup Time": 0.167,"Actual Total Time": 0.169,"Actual Rows": 421,"Actual Loops": 5,"Index Cond": "(s_nationkey = nation.n_nationkey)","Workers": []}]}]}]}]},{"Node Type": "Index Scan","Parent Relationship": "Inner","Parallel Aware": false,"Async Capable": false,"Scan Direction": "Forward","Index Name": "idx_lineitem_orderkey","Relation Name": "lineitem","Alias": "l3","Startup Cost": 0.43,"Total Cost": 1.06,"Plan Rows": 6,"Plan Width": 8,"Actual Startup Time": 0.003,"Actual Total Time": 0.003,"Actual Rows": 1,"Actual Loops": 159165,"Index Cond": "(l_orderkey = l1.l_orderkey)","Rows Removed by Index Recheck": 0,"Filter": "((l_receiptdate > l_commitdate) AND (l_suppkey <> l1.l_suppkey))","Rows Removed by Filter": 1,"Workers": []}]}]},{"Node Type": "Index Scan","Parent Relationship": "Inner","Parallel Aware": false,"Async Capable": false,"Scan Direction": "Forward","Index Name": "idx_lineitem_orderkey","Relation Name": "lineitem","Alias": "l2","Startup Cost": 0.43,"Total Cost": 1.02,"Plan Rows": 17,"Plan Width": 8,"Actual Startup Time": 0.008,"Actual Total Time": 0.008,"Actual Rows": 1,"Actual Loops": 14289,"Index Cond": "(l_orderkey = l1.l_orderkey)","Rows Removed by Index Recheck": 0,"Filter": "(l_suppkey <> l1.l_suppkey)","Rows Removed by Filter": 1}]},{"Node Type": "Index Scan","Parent Relationship": "Inner","Parallel Aware": false,"Async Capable": false,"Scan Direction": "Forward","Index Name": "orders_pkey","Relation Name": "orders","Alias": "orders","Startup Cost": 0.43,"Total Cost": 0.51,"Plan Rows": 1,"Plan Width": 4,"Actual Startup Time": 0.007,"Actual Total Time": 0.007,"Actual Rows": 0,"Actual Loops": 8678,"Index Cond": "(o_orderkey = l1.l_orderkey)","Rows Removed by Index Recheck": 0,"Filter": "(o_orderstatus = 'F'::bpchar)","Rows Removed by Filter": 1}]}]}]}]},"Planning Time": 8.374,"Triggers": [],"Execution Time": 528.458}]
[{"Plan": {"Node Type": "Sort","Parallel Aware": false,"Async Capable": false,"Startup Cost": 147378.80,"Total Cost": 147378.81,"Plan Rows": 1,"Plan Width": 34,"Actual Startup Time": 504.512,"Actual Total Time": 521.552,"Actual Rows": 413,"Actual Loops": 1,"Sort Key": ["(count(*)) DESC", "supplier.s_name"],"Sort Method": "quicksort","Sort Space Used": 57,"Sort Space Type": "Memory","Plans": [{"Node Type": "Aggregate","Strategy": "Sorted","Partial Mode": "Simple","Parent Relationship": "Outer","Parallel Aware": false,"Async Capable": false,"Startup Cost": 147378.77,"Total Cost": 147378.79,"Plan Rows": 1,"Plan Width": 34,"Actual Startup Time": 503.286,"Actual Total Time": 520.862,"Actual Rows": 413,"Actual Loops": 1,"Group Key": ["supplier.s_name"],"Plans": [{"Node Type": "Sort","Parent Relationship": "Outer","Parallel Aware": false,"Async Capable": false,"Startup Cost": 147378.77,"Total Cost": 147378.78,"Plan Rows": 1,"Plan Width": 26,"Actual Startup Time": 503.265,"Actual Total Time": 520.434,"Actual Rows": 4164,"Actual Loops": 1,"Sort Key": ["supplier.s_name"],"Sort Method": "quicksort","Sort Space Used": 485,"Sort Space Type": "Memory","Plans": [{"Node Type": "Nested Loop","Parent Relationship": "Outer","Parallel Aware": false,"Async Capable": false,"Join Type": "Inner","Startup Cost": 1250.87,"Total Cost": 147378.76,"Plan Rows": 1,"Plan Width": 26,"Actual Startup Time": 4.247,"Actual Total Time": 508.248,"Actual Rows": 4164,"Actual Loops": 1,"Inner Unique": true,"Plans": [{"Node Type": "Nested Loop","Parent Relationship": "Outer","Parallel Aware": false,"Async Capable": false,"Join Type": "Semi","Startup Cost": 1250.44,"Total Cost": 147378.26,"Plan Rows": 1,"Plan Width": 34,"Actual Startup Time": 4.214,"Actual Total Time": 442.064,"Actual Rows": 8468,"Actual Loops": 1,"Inner Unique": false,"Plans": [{"Node Type": "Gather","Parent Relationship": "Outer","Parallel Aware": false,"Async Capable": false,"Startup Cost": 1250.01,"Total Cost": 147377.22,"Plan Rows": 1,"Plan Width": 34,"Actual Startup Time": 4.200,"Actual Total Time": 330.934,"Actual Rows": 14141,"Actual Loops": 1,"Workers Planned": 4,"Workers Launched": 4,"Single Copy": false,"Plans": [{"Node Type": "Nested Loop","Parent Relationship": "Outer","Parallel Aware": false,"Async Capable": false,"Join Type": "Anti","Startup Cost": 250.01,"Total Cost": 146377.12,"Plan Rows": 1,"Plan Width": 34,"Actual Startup Time": 5.165,"Actual Total Time": 443.283,"Actual Rows": 2828,"Actual Loops": 5,"Inner Unique": false,"Workers": [],"Plans": [{"Node Type": "Hash Join","Parent Relationship": "Outer","Parallel Aware": false,"Async Capable": false,"Join Type": "Inner","Startup Cost": 249.58,"Total Cost": 133581.65,"Plan Rows": 19990,"Plan Width": 34,"Actual Startup Time": 5.033,"Actual Total Time": 352.494,"Actual Rows": 31380,"Actual Loops": 5,"Inner Unique": false,"Hash Cond": "(l1.l_suppkey = supplier.s_suppkey)","Workers": [],"Plans": [{"Node Type": "Seq Scan","Parent Relationship": "Outer","Parallel Aware": true,"Async Capable": false,"Relation Name": "lineitem","Alias": "l1","Startup Cost": 0.00,"Total Cost": 131256.80,"Plan Rows": 500101,"Plan Width": 8,"Actual Startup Time": 0.028,"Actual Total Time": 299.882,"Actual Rows": 758659,"Actual Loops": 5,"Filter": "(l_receiptdate > l_commitdate)","Rows Removed by Filter": 441584,"Workers": []},{"Node Type": "Hash","Parent Relationship": "Inner","Parallel Aware": false,"Async Capable": false,"Startup Cost": 244.58,"Total Cost": 244.58,"Plan Rows": 400,"Plan Width": 30,"Actual Startup Time": 4.656,"Actual Total Time": 4.665,"Actual Rows": 413,"Actual Loops": 5,"Hash Buckets": 1024,"Original Hash Buckets": 1024,"Hash Batches": 1,"Original Hash Batches": 1,"Peak Memory Usage": 34,"Workers": [],"Plans": [{"Node Type": "Nested Loop","Parent Relationship": "Outer","Parallel Aware": false,"Async Capable": false,"Join Type": "Inner","Startup Cost": 7.38,"Total Cost": 244.58,"Plan Rows": 400,"Plan Width": 30,"Actual Startup Time": 0.318,"Actual Total Time": 4.505,"Actual Rows": 413,"Actual Loops": 5,"Inner Unique": false,"Workers": [],"Plans": [{"Node Type": "Seq Scan","Parent Relationship": "Outer","Parallel Aware": false,"Async Capable": false,"Relation Name": "nation","Alias": "nation","Startup Cost": 0.00,"Total Cost": 1.31,"Plan Rows": 1,"Plan Width": 4,"Actual Startup Time": 0.066,"Actual Total Time": 0.071,"Actual Rows": 1,"Actual Loops": 5,"Filter": "(n_name = 'ARGENTINA'::bpchar)","Rows Removed by Filter": 24,"Workers": []},{"Node Type": "Bitmap Heap Scan","Parent Relationship": "Inner","Parallel Aware": false,"Async Capable": false,"Relation Name": "supplier","Alias": "supplier","Startup Cost": 7.38,"Total Cost": 239.27,"Plan Rows": 400,"Plan Width": 34,"Actual Startup Time": 0.247,"Actual Total Time": 4.358,"Actual Rows": 413,"Actual Loops": 5,"Recheck Cond": "(s_nationkey = nation.n_nationkey)","Rows Removed by Index Recheck": 0,"Exact Heap Blocks": 190,"Lossy Heap Blocks": 0,"Workers": [],"Plans": [{"Node Type": "Bitmap Index Scan","Parent Relationship": "Outer","Parallel Aware": false,"Async Capable": false,"Index Name": "idx_supplier_nation_key","Startup Cost": 0.00,"Total Cost": 7.29,"Plan Rows": 400,"Plan Width": 0,"Actual Startup Time": 0.157,"Actual Total Time": 0.158,"Actual Rows": 413,"Actual Loops": 5,"Index Cond": "(s_nationkey = nation.n_nationkey)","Workers": []}]}]}]}]},{"Node Type": "Index Scan","Parent Relationship": "Inner","Parallel Aware": false,"Async Capable": false,"Scan Direction": "Forward","Index Name": "idx_lineitem_orderkey","Relation Name": "lineitem","Alias": "l3","Startup Cost": 0.43,"Total Cost": 1.06,"Plan Rows": 6,"Plan Width": 8,"Actual Startup Time": 0.003,"Actual Total Time": 0.003,"Actual Rows": 1,"Actual Loops": 156898,"Index Cond": "(l_orderkey = l1.l_orderkey)","Rows Removed by Index Recheck": 0,"Filter": "((l_receiptdate > l_commitdate) AND (l_suppkey <> l1.l_suppkey))","Rows Removed by Filter": 1,"Workers": []}]}]},{"Node Type": "Index Scan","Parent Relationship": "Inner","Parallel Aware": false,"Async Capable": false,"Scan Direction": "Forward","Index Name": "idx_lineitem_orderkey","Relation Name": "lineitem","Alias": "l2","Startup Cost": 0.43,"Total Cost": 1.02,"Plan Rows": 17,"Plan Width": 8,"Actual Startup Time": 0.007,"Actual Total Time": 0.007,"Actual Rows": 1,"Actual Loops": 14141,"Index Cond": "(l_orderkey = l1.l_orderkey)","Rows Removed by Index Recheck": 0,"Filter": "(l_suppkey <> l1.l_suppkey)","Rows Removed by Filter": 1}]},{"Node Type": "Index Scan","Parent Relationship": "Inner","Parallel Aware": false,"Async Capable": false,"Scan Direction": "Forward","Index Name": "orders_pkey","Relation Name": "orders","Alias": "orders","Startup Cost": 0.43,"Total Cost": 0.51,"Plan Rows": 1,"Plan Width": 4,"Actual Startup Time": 0.008,"Actual Total Time": 0.008,"Actual Rows": 0,"Actual Loops": 8468,"Index Cond": "(o_orderkey = l1.l_orderkey)","Rows Removed by Index Recheck": 0,"Filter": "(o_orderstatus = 'F'::bpchar)","Rows Removed by Filter": 1}]}]}]}]},"Planning Time": 8.601,"Triggers": [],"Execution Time": 522.197}]
[{"Plan": {"Node Type": "Sort","Parallel Aware": false,"Async Capable": false,"Startup Cost": 147378.80,"Total Cost": 147378.81,"Plan Rows": 1,"Plan Width": 34,"Actual Startup Time": 500.709,"Actual Total Time": 524.703,"Actual Rows": 407,"Actual Loops": 1,"Sort Key": ["(count(*)) DESC", "supplier.s_name"],"Sort Method": "quicksort","Sort Space Used": 56,"Sort Space Type": "Memory","Plans": [{"Node Type": "Aggregate","Strategy": "Sorted","Partial Mode": "Simple","Parent Relationship": "Outer","Parallel Aware": false,"Async Capable": false,"Startup Cost": 147378.77,"Total Cost": 147378.79,"Plan Rows": 1,"Plan Width": 34,"Actual Startup Time": 499.455,"Actual Total Time": 523.962,"Actual Rows": 407,"Actual Loops": 1,"Group Key": ["supplier.s_name"],"Plans": [{"Node Type": "Sort","Parent Relationship": "Outer","Parallel Aware": false,"Async Capable": false,"Startup Cost": 147378.77,"Total Cost": 147378.78,"Plan Rows": 1,"Plan Width": 26,"Actual Startup Time": 499.433,"Actual Total Time": 523.550,"Actual Rows": 3965,"Actual Loops": 1,"Sort Key": ["supplier.s_name"],"Sort Method": "quicksort","Sort Space Used": 375,"Sort Space Type": "Memory","Plans": [{"Node Type": "Nested Loop","Parent Relationship": "Outer","Parallel Aware": false,"Async Capable": false,"Join Type": "Inner","Startup Cost": 1250.87,"Total Cost": 147378.76,"Plan Rows": 1,"Plan Width": 26,"Actual Startup Time": 5.067,"Actual Total Time": 512.972,"Actual Rows": 3965,"Actual Loops": 1,"Inner Unique": true,"Plans": [{"Node Type": "Nested Loop","Parent Relationship": "Outer","Parallel Aware": false,"Async Capable": false,"Join Type": "Semi","Startup Cost": 1250.44,"Total Cost": 147378.26,"Plan Rows": 1,"Plan Width": 34,"Actual Startup Time": 5.045,"Actual Total Time": 451.382,"Actual Rows": 8089,"Actual Loops": 1,"Inner Unique": false,"Plans": [{"Node Type": "Gather","Parent Relationship": "Outer","Parallel Aware": false,"Async Capable": false,"Startup Cost": 1250.01,"Total Cost": 147377.22,"Plan Rows": 1,"Plan Width": 34,"Actual Startup Time": 4.734,"Actual Total Time": 344.998,"Actual Rows": 13526,"Actual Loops": 1,"Workers Planned": 4,"Workers Launched": 4,"Single Copy": false,"Plans": [{"Node Type": "Nested Loop","Parent Relationship": "Outer","Parallel Aware": false,"Async Capable": false,"Join Type": "Anti","Startup Cost": 250.01,"Total Cost": 146377.12,"Plan Rows": 1,"Plan Width": 34,"Actual Startup Time": 4.775,"Actual Total Time": 445.542,"Actual Rows": 2705,"Actual Loops": 5,"Inner Unique": false,"Workers": [],"Plans": [{"Node Type": "Hash Join","Parent Relationship": "Outer","Parallel Aware": false,"Async Capable": false,"Join Type": "Inner","Startup Cost": 249.58,"Total Cost": 133581.65,"Plan Rows": 19990,"Plan Width": 34,"Actual Startup Time": 4.487,"Actual Total Time": 354.785,"Actual Rows": 30752,"Actual Loops": 5,"Inner Unique": false,"Hash Cond": "(l1.l_suppkey = supplier.s_suppkey)","Workers": [],"Plans": [{"Node Type": "Seq Scan","Parent Relationship": "Outer","Parallel Aware": true,"Async Capable": false,"Relation Name": "lineitem","Alias": "l1","Startup Cost": 0.00,"Total Cost": 131256.80,"Plan Rows": 500101,"Plan Width": 8,"Actual Startup Time": 0.026,"Actual Total Time": 303.161,"Actual Rows": 758659,"Actual Loops": 5,"Filter": "(l_receiptdate > l_commitdate)","Rows Removed by Filter": 441584,"Workers": []},{"Node Type": "Hash","Parent Relationship": "Inner","Parallel Aware": false,"Async Capable": false,"Startup Cost": 244.58,"Total Cost": 244.58,"Plan Rows": 400,"Plan Width": 30,"Actual Startup Time": 4.170,"Actual Total Time": 4.181,"Actual Rows": 407,"Actual Loops": 5,"Hash Buckets": 1024,"Original Hash Buckets": 1024,"Hash Batches": 1,"Original Hash Batches": 1,"Peak Memory Usage": 34,"Workers": [],"Plans": [{"Node Type": "Nested Loop","Parent Relationship": "Outer","Parallel Aware": false,"Async Capable": false,"Join Type": "Inner","Startup Cost": 7.38,"Total Cost": 244.58,"Plan Rows": 400,"Plan Width": 30,"Actual Startup Time": 0.302,"Actual Total Time": 4.018,"Actual Rows": 407,"Actual Loops": 5,"Inner Unique": false,"Workers": [],"Plans": [{"Node Type": "Seq Scan","Parent Relationship": "Outer","Parallel Aware": false,"Async Capable": false,"Relation Name": "nation","Alias": "nation","Startup Cost": 0.00,"Total Cost": 1.31,"Plan Rows": 1,"Plan Width": 4,"Actual Startup Time": 0.065,"Actual Total Time": 0.068,"Actual Rows": 1,"Actual Loops": 5,"Filter": "(n_name = 'CHINA'::bpchar)","Rows Removed by Filter": 24,"Workers": []},{"Node Type": "Bitmap Heap Scan","Parent Relationship": "Inner","Parallel Aware": false,"Async Capable": false,"Relation Name": "supplier","Alias": "supplier","Startup Cost": 7.38,"Total Cost": 239.27,"Plan Rows": 400,"Plan Width": 34,"Actual Startup Time": 0.229,"Actual Total Time": 3.872,"Actual Rows": 407,"Actual Loops": 5,"Recheck Cond": "(s_nationkey = nation.n_nationkey)","Rows Removed by Index Recheck": 0,"Exact Heap Blocks": 186,"Lossy Heap Blocks": 0,"Workers": [],"Plans": [{"Node Type": "Bitmap Index Scan","Parent Relationship": "Outer","Parallel Aware": false,"Async Capable": false,"Index Name": "idx_supplier_nation_key","Startup Cost": 0.00,"Total Cost": 7.29,"Plan Rows": 400,"Plan Width": 0,"Actual Startup Time": 0.141,"Actual Total Time": 0.143,"Actual Rows": 407,"Actual Loops": 5,"Index Cond": "(s_nationkey = nation.n_nationkey)","Workers": []}]}]}]}]},{"Node Type": "Index Scan","Parent Relationship": "Inner","Parallel Aware": false,"Async Capable": false,"Scan Direction": "Forward","Index Name": "idx_lineitem_orderkey","Relation Name": "lineitem","Alias": "l3","Startup Cost": 0.43,"Total Cost": 1.06,"Plan Rows": 6,"Plan Width": 8,"Actual Startup Time": 0.003,"Actual Total Time": 0.003,"Actual Rows": 1,"Actual Loops": 153758,"Index Cond": "(l_orderkey = l1.l_orderkey)","Rows Removed by Index Recheck": 0,"Filter": "((l_receiptdate > l_commitdate) AND (l_suppkey <> l1.l_suppkey))","Rows Removed by Filter": 1,"Workers": []}]}]},{"Node Type": "Index Scan","Parent Relationship": "Inner","Parallel Aware": false,"Async Capable": false,"Scan Direction": "Forward","Index Name": "idx_lineitem_orderkey","Relation Name": "lineitem","Alias": "l2","Startup Cost": 0.43,"Total Cost": 1.02,"Plan Rows": 17,"Plan Width": 8,"Actual Startup Time": 0.007,"Actual Total Time": 0.007,"Actual Rows": 1,"Actual Loops": 13526,"Index Cond": "(l_orderkey = l1.l_orderkey)","Rows Removed by Index Recheck": 0,"Filter": "(l_suppkey <> l1.l_suppkey)","Rows Removed by Filter": 1}]},{"Node Type": "Index Scan","Parent Relationship": "Inner","Parallel Aware": false,"Async Capable": false,"Scan Direction": "Forward","Index Name": "orders_pkey","Relation Name": "orders","Alias": "orders","Startup Cost": 0.43,"Total Cost": 0.51,"Plan Rows": 1,"Plan Width": 4,"Actual Startup Time": 0.007,"Actual Total Time": 0.007,"Actual Rows": 0,"Actual Loops": 8089,"Index Cond": "(o_orderkey = l1.l_orderkey)","Rows Removed by Index Recheck": 0,"Filter": "(o_orderstatus = 'F'::bpchar)","Rows Removed by Filter": 1}]}]}]}]},"Planning Time": 8.452,"Triggers": [],"Execution Time": 525.397}]
[{"Plan": {"Node Type": "Sort","Parallel Aware": false,"Async Capable": false,"Startup Cost": 147378.80,"Total Cost": 147378.81,"Plan Rows": 1,"Plan Width": 34,"Actual Startup Time": 511.931,"Actual Total Time": 527.174,"Actual Rows": 415,"Actual Loops": 1,"Sort Key": ["(count(*)) DESC", "supplier.s_name"],"Sort Method": "quicksort","Sort Space Used": 57,"Sort Space Type": "Memory","Plans": [{"Node Type": "Aggregate","Strategy": "Sorted","Partial Mode": "Simple","Parent Relationship": "Outer","Parallel Aware": false,"Async Capable": false,"Startup Cost": 147378.77,"Total Cost": 147378.79,"Plan Rows": 1,"Plan Width": 34,"Actual Startup Time": 510.675,"Actual Total Time": 526.442,"Actual Rows": 415,"Actual Loops": 1,"Group Key": ["supplier.s_name"],"Plans": [{"Node Type": "Sort","Parent Relationship": "Outer","Parallel Aware": false,"Async Capable": false,"Startup Cost": 147378.77,"Total Cost": 147378.78,"Plan Rows": 1,"Plan Width": 26,"Actual Startup Time": 510.644,"Actual Total Time": 526.012,"Actual Rows": 4112,"Actual Loops": 1,"Sort Key": ["supplier.s_name"],"Sort Method": "quicksort","Sort Space Used": 482,"Sort Space Type": "Memory","Plans": [{"Node Type": "Nested Loop","Parent Relationship": "Outer","Parallel Aware": false,"Async Capable": false,"Join Type": "Inner","Startup Cost": 1250.87,"Total Cost": 147378.76,"Plan Rows": 1,"Plan Width": 26,"Actual Startup Time": 4.482,"Actual Total Time": 514.049,"Actual Rows": 4112,"Actual Loops": 1,"Inner Unique": true,"Plans": [{"Node Type": "Nested Loop","Parent Relationship": "Outer","Parallel Aware": false,"Async Capable": false,"Join Type": "Semi","Startup Cost": 1250.44,"Total Cost": 147378.26,"Plan Rows": 1,"Plan Width": 34,"Actual Startup Time": 4.433,"Actual Total Time": 447.118,"Actual Rows": 8423,"Actual Loops": 1,"Inner Unique": false,"Plans": [{"Node Type": "Gather","Parent Relationship": "Outer","Parallel Aware": false,"Async Capable": false,"Startup Cost": 1250.01,"Total Cost": 147377.22,"Plan Rows": 1,"Plan Width": 34,"Actual Startup Time": 4.417,"Actual Total Time": 335.444,"Actual Rows": 14099,"Actual Loops": 1,"Workers Planned": 4,"Workers Launched": 4,"Single Copy": false,"Plans": [{"Node Type": "Nested Loop","Parent Relationship": "Outer","Parallel Aware": false,"Async Capable": false,"Join Type": "Anti","Startup Cost": 250.01,"Total Cost": 146377.12,"Plan Rows": 1,"Plan Width": 34,"Actual Startup Time": 5.494,"Actual Total Time": 449.293,"Actual Rows": 2820,"Actual Loops": 5,"Inner Unique": false,"Workers": [],"Plans": [{"Node Type": "Hash Join","Parent Relationship": "Outer","Parallel Aware": false,"Async Capable": false,"Join Type": "Inner","Startup Cost": 249.58,"Total Cost": 133581.65,"Plan Rows": 19990,"Plan Width": 34,"Actual Startup Time": 5.114,"Actual Total Time": 356.460,"Actual Rows": 31599,"Actual Loops": 5,"Inner Unique": false,"Hash Cond": "(l1.l_suppkey = supplier.s_suppkey)","Workers": [],"Plans": [{"Node Type": "Seq Scan","Parent Relationship": "Outer","Parallel Aware": true,"Async Capable": false,"Relation Name": "lineitem","Alias": "l1","Startup Cost": 0.00,"Total Cost": 131256.80,"Plan Rows": 500101,"Plan Width": 8,"Actual Startup Time": 0.028,"Actual Total Time": 305.044,"Actual Rows": 758659,"Actual Loops": 5,"Filter": "(l_receiptdate > l_commitdate)","Rows Removed by Filter": 441584,"Workers": []},{"Node Type": "Hash","Parent Relationship": "Inner","Parallel Aware": false,"Async Capable": false,"Startup Cost": 244.58,"Total Cost": 244.58,"Plan Rows": 400,"Plan Width": 30,"Actual Startup Time": 4.772,"Actual Total Time": 4.789,"Actual Rows": 415,"Actual Loops": 5,"Hash Buckets": 1024,"Original Hash Buckets": 1024,"Hash Batches": 1,"Original Hash Batches": 1,"Peak Memory Usage": 34,"Workers": [],"Plans": [{"Node Type": "Nested Loop","Parent Relationship": "Outer","Parallel Aware": false,"Async Capable": false,"Join Type": "Inner","Startup Cost": 7.38,"Total Cost": 244.58,"Plan Rows": 400,"Plan Width": 30,"Actual Startup Time": 0.307,"Actual Total Time": 4.608,"Actual Rows": 415,"Actual Loops": 5,"Inner Unique": false,"Workers": [],"Plans": [{"Node Type": "Seq Scan","Parent Relationship": "Outer","Parallel Aware": false,"Async Capable": false,"Relation Name": "nation","Alias": "nation","Startup Cost": 0.00,"Total Cost": 1.31,"Plan Rows": 1,"Plan Width": 4,"Actual Startup Time": 0.059,"Actual Total Time": 0.064,"Actual Rows": 1,"Actual Loops": 5,"Filter": "(n_name = 'EGYPT'::bpchar)","Rows Removed by Filter": 24,"Workers": []},{"Node Type": "Bitmap Heap Scan","Parent Relationship": "Inner","Parallel Aware": false,"Async Capable": false,"Relation Name": "supplier","Alias": "supplier","Startup Cost": 7.38,"Total Cost": 239.27,"Plan Rows": 400,"Plan Width": 34,"Actual Startup Time": 0.244,"Actual Total Time": 4.451,"Actual Rows": 415,"Actual Loops": 5,"Recheck Cond": "(s_nationkey = nation.n_nationkey)","Rows Removed by Index Recheck": 0,"Exact Heap Blocks": 183,"Lossy Heap Blocks": 0,"Workers": [],"Plans": [{"Node Type": "Bitmap Index Scan","Parent Relationship": "Outer","Parallel Aware": false,"Async Capable": false,"Index Name": "idx_supplier_nation_key","Startup Cost": 0.00,"Total Cost": 7.29,"Plan Rows": 400,"Plan Width": 0,"Actual Startup Time": 0.159,"Actual Total Time": 0.162,"Actual Rows": 415,"Actual Loops": 5,"Index Cond": "(s_nationkey = nation.n_nationkey)","Workers": []}]}]}]}]},{"Node Type": "Index Scan","Parent Relationship": "Inner","Parallel Aware": false,"Async Capable": false,"Scan Direction": "Forward","Index Name": "idx_lineitem_orderkey","Relation Name": "lineitem","Alias": "l3","Startup Cost": 0.43,"Total Cost": 1.06,"Plan Rows": 6,"Plan Width": 8,"Actual Startup Time": 0.003,"Actual Total Time": 0.003,"Actual Rows": 1,"Actual Loops": 157994,"Index Cond": "(l_orderkey = l1.l_orderkey)","Rows Removed by Index Recheck": 0,"Filter": "((l_receiptdate > l_commitdate) AND (l_suppkey <> l1.l_suppkey))","Rows Removed by Filter": 1,"Workers": []}]}]},{"Node Type": "Index Scan","Parent Relationship": "Inner","Parallel Aware": false,"Async Capable": false,"Scan Direction": "Forward","Index Name": "idx_lineitem_orderkey","Relation Name": "lineitem","Alias": "l2","Startup Cost": 0.43,"Total Cost": 1.02,"Plan Rows": 17,"Plan Width": 8,"Actual Startup Time": 0.007,"Actual Total Time": 0.007,"Actual Rows": 1,"Actual Loops": 14099,"Index Cond": "(l_orderkey = l1.l_orderkey)","Rows Removed by Index Recheck": 0,"Filter": "(l_suppkey <> l1.l_suppkey)","Rows Removed by Filter": 1}]},{"Node Type": "Index Scan","Parent Relationship": "Inner","Parallel Aware": false,"Async Capable": false,"Scan Direction": "Forward","Index Name": "orders_pkey","Relation Name": "orders","Alias": "orders","Startup Cost": 0.43,"Total Cost": 0.51,"Plan Rows": 1,"Plan Width": 4,"Actual Startup Time": 0.008,"Actual Total Time": 0.008,"Actual Rows": 0,"Actual Loops": 8423,"Index Cond": "(o_orderkey = l1.l_orderkey)","Rows Removed by Index Recheck": 0,"Filter": "(o_orderstatus = 'F'::bpchar)","Rows Removed by Filter": 1}]}]}]}]},"Planning Time": 8.195,"Triggers": [],"Execution Time": 527.804}]
[{"Plan": {"Node Type": "Sort","Parallel Aware": false,"Async Capable": false,"Startup Cost": 147378.80,"Total Cost": 147378.81,"Plan Rows": 1,"Plan Width": 34,"Actual Startup Time": 494.557,"Actual Total Time": 516.628,"Actual Rows": 380,"Actual Loops": 1,"Sort Key": ["(count(*)) DESC", "supplier.s_name"],"Sort Method": "quicksort","Sort Space Used": 54,"Sort Space Type": "Memory","Plans": [{"Node Type": "Aggregate","Strategy": "Sorted","Partial Mode": "Simple","Parent Relationship": "Outer","Parallel Aware": false,"Async Capable": false,"Startup Cost": 147378.77,"Total Cost": 147378.79,"Plan Rows": 1,"Plan Width": 34,"Actual Startup Time": 493.417,"Actual Total Time": 515.990,"Actual Rows": 380,"Actual Loops": 1,"Group Key": ["supplier.s_name"],"Plans": [{"Node Type": "Sort","Parent Relationship": "Outer","Parallel Aware": false,"Async Capable": false,"Startup Cost": 147378.77,"Total Cost": 147378.78,"Plan Rows": 1,"Plan Width": 26,"Actual Startup Time": 493.396,"Actual Total Time": 515.587,"Actual Rows": 3777,"Actual Loops": 1,"Sort Key": ["supplier.s_name"],"Sort Method": "quicksort","Sort Space Used": 362,"Sort Space Type": "Memory","Plans": [{"Node Type": "Nested Loop","Parent Relationship": "Outer","Parallel Aware": false,"Async Capable": false,"Join Type": "Inner","Startup Cost": 1250.87,"Total Cost": 147378.76,"Plan Rows": 1,"Plan Width": 26,"Actual Startup Time": 4.998,"Actual Total Time": 504.711,"Actual Rows": 3777,"Actual Loops": 1,"Inner Unique": true,"Plans": [{"Node Type": "Nested Loop","Parent Relationship": "Outer","Parallel Aware": false,"Async Capable": false,"Join Type": "Semi","Startup Cost": 1250.44,"Total Cost": 147378.26,"Plan Rows": 1,"Plan Width": 34,"Actual Startup Time": 4.963,"Actual Total Time": 440.621,"Actual Rows": 7670,"Actual Loops": 1,"Inner Unique": false,"Plans": [{"Node Type": "Gather","Parent Relationship": "Outer","Parallel Aware": false,"Async Capable": false,"Startup Cost": 1250.01,"Total Cost": 147377.22,"Plan Rows": 1,"Plan Width": 34,"Actual Startup Time": 4.951,"Actual Total Time": 333.201,"Actual Rows": 12935,"Actual Loops": 1,"Workers Planned": 4,"Workers Launched": 4,"Single Copy": false,"Plans": [{"Node Type": "Nested Loop","Parent Relationship": "Outer","Parallel Aware": false,"Async Capable": false,"Join Type": "Anti","Startup Cost": 250.01,"Total Cost": 146377.12,"Plan Rows": 1,"Plan Width": 34,"Actual Startup Time": 5.873,"Actual Total Time": 437.867,"Actual Rows": 2587,"Actual Loops": 5,"Inner Unique": false,"Workers": [],"Plans": [{"Node Type": "Hash Join","Parent Relationship": "Outer","Parallel Aware": false,"Async Capable": false,"Join Type": "Inner","Startup Cost": 249.58,"Total Cost": 133581.65,"Plan Rows": 19990,"Plan Width": 34,"Actual Startup Time": 5.239,"Actual Total Time": 352.656,"Actual Rows": 28741,"Actual Loops": 5,"Inner Unique": false,"Hash Cond": "(l1.l_suppkey = supplier.s_suppkey)","Workers": [],"Plans": [{"Node Type": "Seq Scan","Parent Relationship": "Outer","Parallel Aware": true,"Async Capable": false,"Relation Name": "lineitem","Alias": "l1","Startup Cost": 0.00,"Total Cost": 131256.80,"Plan Rows": 500101,"Plan Width": 8,"Actual Startup Time": 0.031,"Actual Total Time": 300.900,"Actual Rows": 758659,"Actual Loops": 5,"Filter": "(l_receiptdate > l_commitdate)","Rows Removed by Filter": 441584,"Workers": []},{"Node Type": "Hash","Parent Relationship": "Inner","Parallel Aware": false,"Async Capable": false,"Startup Cost": 244.58,"Total Cost": 244.58,"Plan Rows": 400,"Plan Width": 30,"Actual Startup Time": 4.907,"Actual Total Time": 4.921,"Actual Rows": 380,"Actual Loops": 5,"Hash Buckets": 1024,"Original Hash Buckets": 1024,"Hash Batches": 1,"Original Hash Batches": 1,"Peak Memory Usage": 32,"Workers": [],"Plans": [{"Node Type": "Nested Loop","Parent Relationship": "Outer","Parallel Aware": false,"Async Capable": false,"Join Type": "Inner","Startup Cost": 7.38,"Total Cost": 244.58,"Plan Rows": 400,"Plan Width": 30,"Actual Startup Time": 0.293,"Actual Total Time": 4.740,"Actual Rows": 380,"Actual Loops": 5,"Inner Unique": false,"Workers": [],"Plans": [{"Node Type": "Seq Scan","Parent Relationship": "Outer","Parallel Aware": false,"Async Capable": false,"Relation Name": "nation","Alias": "nation","Startup Cost": 0.00,"Total Cost": 1.31,"Plan Rows": 1,"Plan Width": 4,"Actual Startup Time": 0.048,"Actual Total Time": 0.056,"Actual Rows": 1,"Actual Loops": 5,"Filter": "(n_name = 'ETHIOPIA'::bpchar)","Rows Removed by Filter": 24,"Workers": []},{"Node Type": "Bitmap Heap Scan","Parent Relationship": "Inner","Parallel Aware": false,"Async Capable": false,"Relation Name": "supplier","Alias": "supplier","Startup Cost": 7.38,"Total Cost": 239.27,"Plan Rows": 400,"Plan Width": 34,"Actual Startup Time": 0.240,"Actual Total Time": 4.598,"Actual Rows": 380,"Actual Loops": 5,"Recheck Cond": "(s_nationkey = nation.n_nationkey)","Rows Removed by Index Recheck": 0,"Exact Heap Blocks": 192,"Lossy Heap Blocks": 0,"Workers": [],"Plans": [{"Node Type": "Bitmap Index Scan","Parent Relationship": "Outer","Parallel Aware": false,"Async Capable": false,"Index Name": "idx_supplier_nation_key","Startup Cost": 0.00,"Total Cost": 7.29,"Plan Rows": 400,"Plan Width": 0,"Actual Startup Time": 0.158,"Actual Total Time": 0.159,"Actual Rows": 380,"Actual Loops": 5,"Index Cond": "(s_nationkey = nation.n_nationkey)","Workers": []}]}]}]}]},{"Node Type": "Index Scan","Parent Relationship": "Inner","Parallel Aware": false,"Async Capable": false,"Scan Direction": "Forward","Index Name": "idx_lineitem_orderkey","Relation Name": "lineitem","Alias": "l3","Startup Cost": 0.43,"Total Cost": 1.06,"Plan Rows": 6,"Plan Width": 8,"Actual Startup Time": 0.003,"Actual Total Time": 0.003,"Actual Rows": 1,"Actual Loops": 143707,"Index Cond": "(l_orderkey = l1.l_orderkey)","Rows Removed by Index Recheck": 0,"Filter": "((l_receiptdate > l_commitdate) AND (l_suppkey <> l1.l_suppkey))","Rows Removed by Filter": 1,"Workers": []}]}]},{"Node Type": "Index Scan","Parent Relationship": "Inner","Parallel Aware": false,"Async Capable": false,"Scan Direction": "Forward","Index Name": "idx_lineitem_orderkey","Relation Name": "lineitem","Alias": "l2","Startup Cost": 0.43,"Total Cost": 1.02,"Plan Rows": 17,"Plan Width": 8,"Actual Startup Time": 0.008,"Actual Total Time": 0.008,"Actual Rows": 1,"Actual Loops": 12935,"Index Cond": "(l_orderkey = l1.l_orderkey)","Rows Removed by Index Recheck": 0,"Filter": "(l_suppkey <> l1.l_suppkey)","Rows Removed by Filter": 1}]},{"Node Type": "Index Scan","Parent Relationship": "Inner","Parallel Aware": false,"Async Capable": false,"Scan Direction": "Forward","Index Name": "orders_pkey","Relation Name": "orders","Alias": "orders","Startup Cost": 0.43,"Total Cost": 0.51,"Plan Rows": 1,"Plan Width": 4,"Actual Startup Time": 0.008,"Actual Total Time": 0.008,"Actual Rows": 0,"Actual Loops": 7670,"Index Cond": "(o_orderkey = l1.l_orderkey)","Rows Removed by Index Recheck": 0,"Filter": "(o_orderstatus = 'F'::bpchar)","Rows Removed by Filter": 1}]}]}]}]},"Planning Time": 9.415,"Triggers": [],"Execution Time": 517.200}]
[{"Plan": {"Node Type": "Sort","Parallel Aware": false,"Async Capable": false,"Startup Cost": 147378.80,"Total Cost": 147378.81,"Plan Rows": 1,"Plan Width": 34,"Actual Startup Time": 500.228,"Actual Total Time": 519.082,"Actual Rows": 412,"Actual Loops": 1,"Sort Key": ["(count(*)) DESC", "supplier.s_name"],"Sort Method": "quicksort","Sort Space Used": 57,"Sort Space Type": "Memory","Plans": [{"Node Type": "Aggregate","Strategy": "Sorted","Partial Mode": "Simple","Parent Relationship": "Outer","Parallel Aware": false,"Async Capable": false,"Startup Cost": 147378.77,"Total Cost": 147378.79,"Plan Rows": 1,"Plan Width": 34,"Actual Startup Time": 498.981,"Actual Total Time": 518.359,"Actual Rows": 412,"Actual Loops": 1,"Group Key": ["supplier.s_name"],"Plans": [{"Node Type": "Sort","Parent Relationship": "Outer","Parallel Aware": false,"Async Capable": false,"Startup Cost": 147378.77,"Total Cost": 147378.78,"Plan Rows": 1,"Plan Width": 26,"Actual Startup Time": 498.949,"Actual Total Time": 517.928,"Actual Rows": 4030,"Actual Loops": 1,"Sort Key": ["supplier.s_name"],"Sort Method": "quicksort","Sort Space Used": 380,"Sort Space Type": "Memory","Plans": [{"Node Type": "Nested Loop","Parent Relationship": "Outer","Parallel Aware": false,"Async Capable": false,"Join Type": "Inner","Startup Cost": 1250.87,"Total Cost": 147378.76,"Plan Rows": 1,"Plan Width": 26,"Actual Startup Time": 4.020,"Actual Total Time": 506.052,"Actual Rows": 4030,"Actual Loops": 1,"Inner Unique": true,"Plans": [{"Node Type": "Nested Loop","Parent Relationship": "Outer","Parallel Aware": false,"Async Capable": false,"Join Type": "Semi","Startup Cost": 1250.44,"Total Cost": 147378.26,"Plan Rows": 1,"Plan Width": 34,"Actual Startup Time": 3.993,"Actual Total Time": 443.011,"Actual Rows": 8146,"Actual Loops": 1,"Inner Unique": false,"Plans": [{"Node Type": "Gather","Parent Relationship": "Outer","Parallel Aware": false,"Async Capable": false,"Startup Cost": 1250.01,"Total Cost": 147377.22,"Plan Rows": 1,"Plan Width": 34,"Actual Startup Time": 3.980,"Actual Total Time": 336.738,"Actual Rows": 13748,"Actual Loops": 1,"Workers Planned": 4,"Workers Launched": 4,"Single Copy": false,"Plans": [{"Node Type": "Nested Loop","Parent Relationship": "Outer","Parallel Aware": false,"Async Capable": false,"Join Type": "Anti","Startup Cost": 250.01,"Total Cost": 146377.12,"Plan Rows": 1,"Plan Width": 34,"Actual Startup Time": 4.569,"Actual Total Time": 441.712,"Actual Rows": 2750,"Actual Loops": 5,"Inner Unique": false,"Workers": [],"Plans": [{"Node Type": "Hash Join","Parent Relationship": "Outer","Parallel Aware": false,"Async Capable": false,"Join Type": "Inner","Startup Cost": 249.58,"Total Cost": 133581.65,"Plan Rows": 19990,"Plan Width": 34,"Actual Startup Time": 4.262,"Actual Total Time": 350.942,"Actual Rows": 31209,"Actual Loops": 5,"Inner Unique": false,"Hash Cond": "(l1.l_suppkey = supplier.s_suppkey)","Workers": [],"Plans": [{"Node Type": "Seq Scan","Parent Relationship": "Outer","Parallel Aware": true,"Async Capable": false,"Relation Name": "lineitem","Alias": "l1","Startup Cost": 0.00,"Total Cost": 131256.80,"Plan Rows": 500101,"Plan Width": 8,"Actual Startup Time": 0.026,"Actual Total Time": 299.296,"Actual Rows": 758659,"Actual Loops": 5,"Filter": "(l_receiptdate > l_commitdate)","Rows Removed by Filter": 441584,"Workers": []},{"Node Type": "Hash","Parent Relationship": "Inner","Parallel Aware": false,"Async Capable": false,"Startup Cost": 244.58,"Total Cost": 244.58,"Plan Rows": 400,"Plan Width": 30,"Actual Startup Time": 3.907,"Actual Total Time": 3.918,"Actual Rows": 412,"Actual Loops": 5,"Hash Buckets": 1024,"Original Hash Buckets": 1024,"Hash Batches": 1,"Original Hash Batches": 1,"Peak Memory Usage": 34,"Workers": [],"Plans": [{"Node Type": "Nested Loop","Parent Relationship": "Outer","Parallel Aware": false,"Async Capable": false,"Join Type": "Inner","Startup Cost": 7.38,"Total Cost": 244.58,"Plan Rows": 400,"Plan Width": 30,"Actual Startup Time": 0.286,"Actual Total Time": 3.756,"Actual Rows": 412,"Actual Loops": 5,"Inner Unique": false,"Workers": [],"Plans": [{"Node Type": "Seq Scan","Parent Relationship": "Outer","Parallel Aware": false,"Async Capable": false,"Relation Name": "nation","Alias": "nation","Startup Cost": 0.00,"Total Cost": 1.31,"Plan Rows": 1,"Plan Width": 4,"Actual Startup Time": 0.059,"Actual Total Time": 0.064,"Actual Rows": 1,"Actual Loops": 5,"Filter": "(n_name = 'CANADA'::bpchar)","Rows Removed by Filter": 24,"Workers": []},{"Node Type": "Bitmap Heap Scan","Parent Relationship": "Inner","Parallel Aware": false,"Async Capable": false,"Relation Name": "supplier","Alias": "supplier","Startup Cost": 7.38,"Total Cost": 239.27,"Plan Rows": 400,"Plan Width": 34,"Actual Startup Time": 0.222,"Actual Total Time": 3.623,"Actual Rows": 412,"Actual Loops": 5,"Recheck Cond": "(s_nationkey = nation.n_nationkey)","Rows Removed by Index Recheck": 0,"Exact Heap Blocks": 189,"Lossy Heap Blocks": 0,"Workers": [],"Plans": [{"Node Type": "Bitmap Index Scan","Parent Relationship": "Outer","Parallel Aware": false,"Async Capable": false,"Index Name": "idx_supplier_nation_key","Startup Cost": 0.00,"Total Cost": 7.29,"Plan Rows": 400,"Plan Width": 0,"Actual Startup Time": 0.144,"Actual Total Time": 0.145,"Actual Rows": 412,"Actual Loops": 5,"Index Cond": "(s_nationkey = nation.n_nationkey)","Workers": []}]}]}]}]},{"Node Type": "Index Scan","Parent Relationship": "Inner","Parallel Aware": false,"Async Capable": false,"Scan Direction": "Forward","Index Name": "idx_lineitem_orderkey","Relation Name": "lineitem","Alias": "l3","Startup Cost": 0.43,"Total Cost": 1.06,"Plan Rows": 6,"Plan Width": 8,"Actual Startup Time": 0.003,"Actual Total Time": 0.003,"Actual Rows": 1,"Actual Loops": 156047,"Index Cond": "(l_orderkey = l1.l_orderkey)","Rows Removed by Index Recheck": 0,"Filter": "((l_receiptdate > l_commitdate) AND (l_suppkey <> l1.l_suppkey))","Rows Removed by Filter": 1,"Workers": []}]}]},{"Node Type": "Index Scan","Parent Relationship": "Inner","Parallel Aware": false,"Async Capable": false,"Scan Direction": "Forward","Index Name": "idx_lineitem_orderkey","Relation Name": "lineitem","Alias": "l2","Startup Cost": 0.43,"Total Cost": 1.02,"Plan Rows": 17,"Plan Width": 8,"Actual Startup Time": 0.007,"Actual Total Time": 0.007,"Actual Rows": 1,"Actual Loops": 13748,"Index Cond": "(l_orderkey = l1.l_orderkey)","Rows Removed by Index Recheck": 0,"Filter": "(l_suppkey <> l1.l_suppkey)","Rows Removed by Filter": 1}]},{"Node Type": "Index Scan","Parent Relationship": "Inner","Parallel Aware": false,"Async Capable": false,"Scan Direction": "Forward","Index Name": "orders_pkey","Relation Name": "orders","Alias": "orders","Startup Cost": 0.43,"Total Cost": 0.51,"Plan Rows": 1,"Plan Width": 4,"Actual Startup Time": 0.007,"Actual Total Time": 0.007,"Actual Rows": 0,"Actual Loops": 8146,"Index Cond": "(o_orderkey = l1.l_orderkey)","Rows Removed by Index Recheck": 0,"Filter": "(o_orderstatus = 'F'::bpchar)","Rows Removed by Filter": 1}]}]}]}]},"Planning Time": 9.689,"Triggers": [],"Execution Time": 519.513}]
[{"Plan": {"Node Type": "Sort","Parallel Aware": false,"Async Capable": false,"Startup Cost": 147378.80,"Total Cost": 147378.81,"Plan Rows": 1,"Plan Width": 34,"Actual Startup Time": 507.691,"Actual Total Time": 527.119,"Actual Rows": 411,"Actual Loops": 1,"Sort Key": ["(count(*)) DESC", "supplier.s_name"],"Sort Method": "quicksort","Sort Space Used": 57,"Sort Space Type": "Memory","Plans": [{"Node Type": "Aggregate","Strategy": "Sorted","Partial Mode": "Simple","Parent Relationship": "Outer","Parallel Aware": false,"Async Capable": false,"Startup Cost": 147378.77,"Total Cost": 147378.79,"Plan Rows": 1,"Plan Width": 34,"Actual Startup Time": 506.441,"Actual Total Time": 526.395,"Actual Rows": 411,"Actual Loops": 1,"Group Key": ["supplier.s_name"],"Plans": [{"Node Type": "Sort","Parent Relationship": "Outer","Parallel Aware": false,"Async Capable": false,"Startup Cost": 147378.77,"Total Cost": 147378.78,"Plan Rows": 1,"Plan Width": 26,"Actual Startup Time": 506.413,"Actual Total Time": 525.969,"Actual Rows": 4141,"Actual Loops": 1,"Sort Key": ["supplier.s_name"],"Sort Method": "quicksort","Sort Space Used": 484,"Sort Space Type": "Memory","Plans": [{"Node Type": "Nested Loop","Parent Relationship": "Outer","Parallel Aware": false,"Async Capable": false,"Join Type": "Inner","Startup Cost": 1250.87,"Total Cost": 147378.76,"Plan Rows": 1,"Plan Width": 26,"Actual Startup Time": 4.973,"Actual Total Time": 514.878,"Actual Rows": 4141,"Actual Loops": 1,"Inner Unique": true,"Plans": [{"Node Type": "Nested Loop","Parent Relationship": "Outer","Parallel Aware": false,"Async Capable": false,"Join Type": "Semi","Startup Cost": 1250.44,"Total Cost": 147378.26,"Plan Rows": 1,"Plan Width": 34,"Actual Startup Time": 4.329,"Actual Total Time": 453.804,"Actual Rows": 8357,"Actual Loops": 1,"Inner Unique": false,"Plans": [{"Node Type": "Gather","Parent Relationship": "Outer","Parallel Aware": false,"Async Capable": false,"Startup Cost": 1250.01,"Total Cost": 147377.22,"Plan Rows": 1,"Plan Width": 34,"Actual Startup Time": 4.312,"Actual Total Time": 350.336,"Actual Rows": 13859,"Actual Loops": 1,"Workers Planned": 4,"Workers Launched": 4,"Single Copy": false,"Plans": [{"Node Type": "Nested Loop","Parent Relationship": "Outer","Parallel Aware": false,"Async Capable": false,"Join Type": "Anti","Startup Cost": 250.01,"Total Cost": 146377.12,"Plan Rows": 1,"Plan Width": 34,"Actual Startup Time": 4.818,"Actual Total Time": 450.256,"Actual Rows": 2772,"Actual Loops": 5,"Inner Unique": false,"Workers": [],"Plans": [{"Node Type": "Hash Join","Parent Relationship": "Outer","Parallel Aware": false,"Async Capable": false,"Join Type": "Inner","Startup Cost": 249.58,"Total Cost": 133581.65,"Plan Rows": 19990,"Plan Width": 34,"Actual Startup Time": 4.474,"Actual Total Time": 357.672,"Actual Rows": 31348,"Actual Loops": 5,"Inner Unique": false,"Hash Cond": "(l1.l_suppkey = supplier.s_suppkey)","Workers": [],"Plans": [{"Node Type": "Seq Scan","Parent Relationship": "Outer","Parallel Aware": true,"Async Capable": false,"Relation Name": "lineitem","Alias": "l1","Startup Cost": 0.00,"Total Cost": 131256.80,"Plan Rows": 500101,"Plan Width": 8,"Actual Startup Time": 0.028,"Actual Total Time": 306.873,"Actual Rows": 758659,"Actual Loops": 5,"Filter": "(l_receiptdate > l_commitdate)","Rows Removed by Filter": 441584,"Workers": []},{"Node Type": "Hash","Parent Relationship": "Inner","Parallel Aware": false,"Async Capable": false,"Startup Cost": 244.58,"Total Cost": 244.58,"Plan Rows": 400,"Plan Width": 30,"Actual Startup Time": 4.175,"Actual Total Time": 4.188,"Actual Rows": 411,"Actual Loops": 5,"Hash Buckets": 1024,"Original Hash Buckets": 1024,"Hash Batches": 1,"Original Hash Batches": 1,"Peak Memory Usage": 34,"Workers": [],"Plans": [{"Node Type": "Nested Loop","Parent Relationship": "Outer","Parallel Aware": false,"Async Capable": false,"Join Type": "Inner","Startup Cost": 7.38,"Total Cost": 244.58,"Plan Rows": 400,"Plan Width": 30,"Actual Startup Time": 0.256,"Actual Total Time": 4.027,"Actual Rows": 411,"Actual Loops": 5,"Inner Unique": false,"Workers": [],"Plans": [{"Node Type": "Seq Scan","Parent Relationship": "Outer","Parallel Aware": false,"Async Capable": false,"Relation Name": "nation","Alias": "nation","Startup Cost": 0.00,"Total Cost": 1.31,"Plan Rows": 1,"Plan Width": 4,"Actual Startup Time": 0.047,"Actual Total Time": 0.051,"Actual Rows": 1,"Actual Loops": 5,"Filter": "(n_name = 'SAUDI ARABIA'::bpchar)","Rows Removed by Filter": 24,"Workers": []},{"Node Type": "Bitmap Heap Scan","Parent Relationship": "Inner","Parallel Aware": false,"Async Capable": false,"Relation Name": "supplier","Alias": "supplier","Startup Cost": 7.38,"Total Cost": 239.27,"Plan Rows": 400,"Plan Width": 34,"Actual Startup Time": 0.204,"Actual Total Time": 3.890,"Actual Rows": 411,"Actual Loops": 5,"Recheck Cond": "(s_nationkey = nation.n_nationkey)","Rows Removed by Index Recheck": 0,"Exact Heap Blocks": 182,"Lossy Heap Blocks": 0,"Workers": [],"Plans": [{"Node Type": "Bitmap Index Scan","Parent Relationship": "Outer","Parallel Aware": false,"Async Capable": false,"Index Name": "idx_supplier_nation_key","Startup Cost": 0.00,"Total Cost": 7.29,"Plan Rows": 400,"Plan Width": 0,"Actual Startup Time": 0.143,"Actual Total Time": 0.145,"Actual Rows": 411,"Actual Loops": 5,"Index Cond": "(s_nationkey = nation.n_nationkey)","Workers": []}]}]}]}]},{"Node Type": "Index Scan","Parent Relationship": "Inner","Parallel Aware": false,"Async Capable": false,"Scan Direction": "Forward","Index Name": "idx_lineitem_orderkey","Relation Name": "lineitem","Alias": "l3","Startup Cost": 0.43,"Total Cost": 1.06,"Plan Rows": 6,"Plan Width": 8,"Actual Startup Time": 0.003,"Actual Total Time": 0.003,"Actual Rows": 1,"Actual Loops": 156739,"Index Cond": "(l_orderkey = l1.l_orderkey)","Rows Removed by Index Recheck": 0,"Filter": "((l_receiptdate > l_commitdate) AND (l_suppkey <> l1.l_suppkey))","Rows Removed by Filter": 1,"Workers": []}]}]},{"Node Type": "Index Scan","Parent Relationship": "Inner","Parallel Aware": false,"Async Capable": false,"Scan Direction": "Forward","Index Name": "idx_lineitem_orderkey","Relation Name": "lineitem","Alias": "l2","Startup Cost": 0.43,"Total Cost": 1.02,"Plan Rows": 17,"Plan Width": 8,"Actual Startup Time": 0.007,"Actual Total Time": 0.007,"Actual Rows": 1,"Actual Loops": 13859,"Index Cond": "(l_orderkey = l1.l_orderkey)","Rows Removed by Index Recheck": 0,"Filter": "(l_suppkey <> l1.l_suppkey)","Rows Removed by Filter": 1}]},{"Node Type": "Index Scan","Parent Relationship": "Inner","Parallel Aware": false,"Async Capable": false,"Scan Direction": "Forward","Index Name": "orders_pkey","Relation Name": "orders","Alias": "orders","Startup Cost": 0.43,"Total Cost": 0.51,"Plan Rows": 1,"Plan Width": 4,"Actual Startup Time": 0.007,"Actual Total Time": 0.007,"Actual Rows": 0,"Actual Loops": 8357,"Index Cond": "(o_orderkey = l1.l_orderkey)","Rows Removed by Index Recheck": 0,"Filter": "(o_orderstatus = 'F'::bpchar)","Rows Removed by Filter": 1}]}]}]}]},"Planning Time": 9.483,"Triggers": [],"Execution Time": 527.804}]
[{"Plan": {"Node Type": "Sort","Parallel Aware": false,"Async Capable": false,"Startup Cost": 147378.80,"Total Cost": 147378.81,"Plan Rows": 1,"Plan Width": 34,"Actual Startup Time": 499.004,"Actual Total Time": 520.055,"Actual Rows": 399,"Actual Loops": 1,"Sort Key": ["(count(*)) DESC", "supplier.s_name"],"Sort Method": "quicksort","Sort Space Used": 56,"Sort Space Type": "Memory","Plans": [{"Node Type": "Aggregate","Strategy": "Sorted","Partial Mode": "Simple","Parent Relationship": "Outer","Parallel Aware": false,"Async Capable": false,"Startup Cost": 147378.77,"Total Cost": 147378.79,"Plan Rows": 1,"Plan Width": 34,"Actual Startup Time": 497.768,"Actual Total Time": 519.326,"Actual Rows": 399,"Actual Loops": 1,"Group Key": ["supplier.s_name"],"Plans": [{"Node Type": "Sort","Parent Relationship": "Outer","Parallel Aware": false,"Async Capable": false,"Startup Cost": 147378.77,"Total Cost": 147378.78,"Plan Rows": 1,"Plan Width": 26,"Actual Startup Time": 497.754,"Actual Total Time": 518.925,"Actual Rows": 3901,"Actual Loops": 1,"Sort Key": ["supplier.s_name"],"Sort Method": "quicksort","Sort Space Used": 371,"Sort Space Type": "Memory","Plans": [{"Node Type": "Nested Loop","Parent Relationship": "Outer","Parallel Aware": false,"Async Capable": false,"Join Type": "Inner","Startup Cost": 1250.87,"Total Cost": 147378.76,"Plan Rows": 1,"Plan Width": 26,"Actual Startup Time": 5.425,"Actual Total Time": 507.475,"Actual Rows": 3901,"Actual Loops": 1,"Inner Unique": true,"Plans": [{"Node Type": "Nested Loop","Parent Relationship": "Outer","Parallel Aware": false,"Async Capable": false,"Join Type": "Semi","Startup Cost": 1250.44,"Total Cost": 147378.26,"Plan Rows": 1,"Plan Width": 34,"Actual Startup Time": 5.049,"Actual Total Time": 443.858,"Actual Rows": 7909,"Actual Loops": 1,"Inner Unique": false,"Plans": [{"Node Type": "Gather","Parent Relationship": "Outer","Parallel Aware": false,"Async Capable": false,"Startup Cost": 1250.01,"Total Cost": 147377.22,"Plan Rows": 1,"Plan Width": 34,"Actual Startup Time": 4.716,"Actual Total Time": 337.054,"Actual Rows": 13313,"Actual Loops": 1,"Workers Planned": 4,"Workers Launched": 4,"Single Copy": false,"Plans": [{"Node Type": "Nested Loop","Parent Relationship": "Outer","Parallel Aware": false,"Async Capable": false,"Join Type": "Anti","Startup Cost": 250.01,"Total Cost": 146377.12,"Plan Rows": 1,"Plan Width": 34,"Actual Startup Time": 4.762,"Actual Total Time": 442.169,"Actual Rows": 2663,"Actual Loops": 5,"Inner Unique": false,"Workers": [],"Plans": [{"Node Type": "Hash Join","Parent Relationship": "Outer","Parallel Aware": false,"Async Capable": false,"Join Type": "Inner","Startup Cost": 249.58,"Total Cost": 133581.65,"Plan Rows": 19990,"Plan Width": 34,"Actual Startup Time": 4.517,"Actual Total Time": 353.941,"Actual Rows": 30247,"Actual Loops": 5,"Inner Unique": false,"Hash Cond": "(l1.l_suppkey = supplier.s_suppkey)","Workers": [],"Plans": [{"Node Type": "Seq Scan","Parent Relationship": "Outer","Parallel Aware": true,"Async Capable": false,"Relation Name": "lineitem","Alias": "l1","Startup Cost": 0.00,"Total Cost": 131256.80,"Plan Rows": 500101,"Plan Width": 8,"Actual Startup Time": 0.021,"Actual Total Time": 302.084,"Actual Rows": 758659,"Actual Loops": 5,"Filter": "(l_receiptdate > l_commitdate)","Rows Removed by Filter": 441584,"Workers": []},{"Node Type": "Hash","Parent Relationship": "Inner","Parallel Aware": false,"Async Capable": false,"Startup Cost": 244.58,"Total Cost": 244.58,"Plan Rows": 400,"Plan Width": 30,"Actual Startup Time": 4.286,"Actual Total Time": 4.296,"Actual Rows": 399,"Actual Loops": 5,"Hash Buckets": 1024,"Original Hash Buckets": 1024,"Hash Batches": 1,"Original Hash Batches": 1,"Peak Memory Usage": 33,"Workers": [],"Plans": [{"Node Type": "Nested Loop","Parent Relationship": "Outer","Parallel Aware": false,"Async Capable": false,"Join Type": "Inner","Startup Cost": 7.38,"Total Cost": 244.58,"Plan Rows": 400,"Plan Width": 30,"Actual Startup Time": 0.243,"Actual Total Time": 4.128,"Actual Rows": 399,"Actual Loops": 5,"Inner Unique": false,"Workers": [],"Plans": [{"Node Type": "Seq Scan","Parent Relationship": "Outer","Parallel Aware": false,"Async Capable": false,"Relation Name": "nation","Alias": "nation","Startup Cost": 0.00,"Total Cost": 1.31,"Plan Rows": 1,"Plan Width": 4,"Actual Startup Time": 0.049,"Actual Total Time": 0.051,"Actual Rows": 1,"Actual Loops": 5,"Filter": "(n_name = 'VIETNAM'::bpchar)","Rows Removed by Filter": 24,"Workers": []},{"Node Type": "Bitmap Heap Scan","Parent Relationship": "Inner","Parallel Aware": false,"Async Capable": false,"Relation Name": "supplier","Alias": "supplier","Startup Cost": 7.38,"Total Cost": 239.27,"Plan Rows": 400,"Plan Width": 34,"Actual Startup Time": 0.189,"Actual Total Time": 4.007,"Actual Rows": 399,"Actual Loops": 5,"Recheck Cond": "(s_nationkey = nation.n_nationkey)","Rows Removed by Index Recheck": 0,"Exact Heap Blocks": 191,"Lossy Heap Blocks": 0,"Workers": [],"Plans": [{"Node Type": "Bitmap Index Scan","Parent Relationship": "Outer","Parallel Aware": false,"Async Capable": false,"Index Name": "idx_supplier_nation_key","Startup Cost": 0.00,"Total Cost": 7.29,"Plan Rows": 400,"Plan Width": 0,"Actual Startup Time": 0.123,"Actual Total Time": 0.125,"Actual Rows": 399,"Actual Loops": 5,"Index Cond": "(s_nationkey = nation.n_nationkey)","Workers": []}]}]}]}]},{"Node Type": "Index Scan","Parent Relationship": "Inner","Parallel Aware": false,"Async Capable": false,"Scan Direction": "Forward","Index Name": "idx_lineitem_orderkey","Relation Name": "lineitem","Alias": "l3","Startup Cost": 0.43,"Total Cost": 1.06,"Plan Rows": 6,"Plan Width": 8,"Actual Startup Time": 0.003,"Actual Total Time": 0.003,"Actual Rows": 1,"Actual Loops": 151237,"Index Cond": "(l_orderkey = l1.l_orderkey)","Rows Removed by Index Recheck": 0,"Filter": "((l_receiptdate > l_commitdate) AND (l_suppkey <> l1.l_suppkey))","Rows Removed by Filter": 1,"Workers": []}]}]},{"Node Type": "Index Scan","Parent Relationship": "Inner","Parallel Aware": false,"Async Capable": false,"Scan Direction": "Forward","Index Name": "idx_lineitem_orderkey","Relation Name": "lineitem","Alias": "l2","Startup Cost": 0.43,"Total Cost": 1.02,"Plan Rows": 17,"Plan Width": 8,"Actual Startup Time": 0.008,"Actual Total Time": 0.008,"Actual Rows": 1,"Actual Loops": 13313,"Index Cond": "(l_orderkey = l1.l_orderkey)","Rows Removed by Index Recheck": 0,"Filter": "(l_suppkey <> l1.l_suppkey)","Rows Removed by Filter": 1}]},{"Node Type": "Index Scan","Parent Relationship": "Inner","Parallel Aware": false,"Async Capable": false,"Scan Direction": "Forward","Index Name": "orders_pkey","Relation Name": "orders","Alias": "orders","Startup Cost": 0.43,"Total Cost": 0.51,"Plan Rows": 1,"Plan Width": 4,"Actual Startup Time": 0.008,"Actual Total Time": 0.008,"Actual Rows": 0,"Actual Loops": 7909,"Index Cond": "(o_orderkey = l1.l_orderkey)","Rows Removed by Index Recheck": 0,"Filter": "(o_orderstatus = 'F'::bpchar)","Rows Removed by Filter": 1}]}]}]}]},"Planning Time": 9.630,"Triggers": [],"Execution Time": 520.585}]
[{"Plan": {"Node Type": "Sort","Parallel Aware": false,"Async Capable": false,"Startup Cost": 147378.80,"Total Cost": 147378.81,"Plan Rows": 1,"Plan Width": 34,"Actual Startup Time": 492.880,"Actual Total Time": 511.387,"Actual Rows": 377,"Actual Loops": 1,"Sort Key": ["(count(*)) DESC", "supplier.s_name"],"Sort Method": "quicksort","Sort Space Used": 54,"Sort Space Type": "Memory","Plans": [{"Node Type": "Aggregate","Strategy": "Sorted","Partial Mode": "Simple","Parent Relationship": "Outer","Parallel Aware": false,"Async Capable": false,"Startup Cost": 147378.77,"Total Cost": 147378.79,"Plan Rows": 1,"Plan Width": 34,"Actual Startup Time": 491.719,"Actual Total Time": 510.711,"Actual Rows": 377,"Actual Loops": 1,"Group Key": ["supplier.s_name"],"Plans": [{"Node Type": "Sort","Parent Relationship": "Outer","Parallel Aware": false,"Async Capable": false,"Startup Cost": 147378.77,"Total Cost": 147378.78,"Plan Rows": 1,"Plan Width": 26,"Actual Startup Time": 491.689,"Actual Total Time": 510.309,"Actual Rows": 3707,"Actual Loops": 1,"Sort Key": ["supplier.s_name"],"Sort Method": "quicksort","Sort Space Used": 357,"Sort Space Type": "Memory","Plans": [{"Node Type": "Nested Loop","Parent Relationship": "Outer","Parallel Aware": false,"Async Capable": false,"Join Type": "Inner","Startup Cost": 1250.87,"Total Cost": 147378.76,"Plan Rows": 1,"Plan Width": 26,"Actual Startup Time": 4.620,"Actual Total Time": 499.542,"Actual Rows": 3707,"Actual Loops": 1,"Inner Unique": true,"Plans": [{"Node Type": "Nested Loop","Parent Relationship": "Outer","Parallel Aware": false,"Async Capable": false,"Join Type": "Semi","Startup Cost": 1250.44,"Total Cost": 147378.26,"Plan Rows": 1,"Plan Width": 34,"Actual Startup Time": 4.581,"Actual Total Time": 437.361,"Actual Rows": 7590,"Actual Loops": 1,"Inner Unique": false,"Plans": [{"Node Type": "Gather","Parent Relationship": "Outer","Parallel Aware": false,"Async Capable": false,"Startup Cost": 1250.01,"Total Cost": 147377.22,"Plan Rows": 1,"Plan Width": 34,"Actual Startup Time": 4.430,"Actual Total Time": 334.305,"Actual Rows": 12724,"Actual Loops": 1,"Workers Planned": 4,"Workers Launched": 4,"Single Copy": false,"Plans": [{"Node Type": "Nested Loop","Parent Relationship": "Outer","Parallel Aware": false,"Async Capable": false,"Join Type": "Anti","Startup Cost": 250.01,"Total Cost": 146377.12,"Plan Rows": 1,"Plan Width": 34,"Actual Startup Time": 5.283,"Actual Total Time": 435.218,"Actual Rows": 2545,"Actual Loops": 5,"Inner Unique": false,"Workers": [],"Plans": [{"Node Type": "Hash Join","Parent Relationship": "Outer","Parallel Aware": false,"Async Capable": false,"Join Type": "Inner","Startup Cost": 249.58,"Total Cost": 133581.65,"Plan Rows": 19990,"Plan Width": 34,"Actual Startup Time": 4.967,"Actual Total Time": 350.606,"Actual Rows": 28669,"Actual Loops": 5,"Inner Unique": false,"Hash Cond": "(l1.l_suppkey = supplier.s_suppkey)","Workers": [],"Plans": [{"Node Type": "Seq Scan","Parent Relationship": "Outer","Parallel Aware": true,"Async Capable": false,"Relation Name": "lineitem","Alias": "l1","Startup Cost": 0.00,"Total Cost": 131256.80,"Plan Rows": 500101,"Plan Width": 8,"Actual Startup Time": 0.028,"Actual Total Time": 300.375,"Actual Rows": 758659,"Actual Loops": 5,"Filter": "(l_receiptdate > l_commitdate)","Rows Removed by Filter": 441584,"Workers": []},{"Node Type": "Hash","Parent Relationship": "Inner","Parallel Aware": false,"Async Capable": false,"Startup Cost": 244.58,"Total Cost": 244.58,"Plan Rows": 400,"Plan Width": 30,"Actual Startup Time": 4.611,"Actual Total Time": 4.626,"Actual Rows": 377,"Actual Loops": 5,"Hash Buckets": 1024,"Original Hash Buckets": 1024,"Hash Batches": 1,"Original Hash Batches": 1,"Peak Memory Usage": 32,"Workers": [],"Plans": [{"Node Type": "Nested Loop","Parent Relationship": "Outer","Parallel Aware": false,"Async Capable": false,"Join Type": "Inner","Startup Cost": 7.38,"Total Cost": 244.58,"Plan Rows": 400,"Plan Width": 30,"Actual Startup Time": 0.296,"Actual Total Time": 4.444,"Actual Rows": 377,"Actual Loops": 5,"Inner Unique": false,"Workers": [],"Plans": [{"Node Type": "Seq Scan","Parent Relationship": "Outer","Parallel Aware": false,"Async Capable": false,"Relation Name": "nation","Alias": "nation","Startup Cost": 0.00,"Total Cost": 1.31,"Plan Rows": 1,"Plan Width": 4,"Actual Startup Time": 0.056,"Actual Total Time": 0.065,"Actual Rows": 1,"Actual Loops": 5,"Filter": "(n_name = 'JAPAN'::bpchar)","Rows Removed by Filter": 24,"Workers": []},{"Node Type": "Bitmap Heap Scan","Parent Relationship": "Inner","Parallel Aware": false,"Async Capable": false,"Relation Name": "supplier","Alias": "supplier","Startup Cost": 7.38,"Total Cost": 239.27,"Plan Rows": 400,"Plan Width": 34,"Actual Startup Time": 0.234,"Actual Total Time": 4.286,"Actual Rows": 377,"Actual Loops": 5,"Recheck Cond": "(s_nationkey = nation.n_nationkey)","Rows Removed by Index Recheck": 0,"Exact Heap Blocks": 180,"Lossy Heap Blocks": 0,"Workers": [],"Plans": [{"Node Type": "Bitmap Index Scan","Parent Relationship": "Outer","Parallel Aware": false,"Async Capable": false,"Index Name": "idx_supplier_nation_key","Startup Cost": 0.00,"Total Cost": 7.29,"Plan Rows": 400,"Plan Width": 0,"Actual Startup Time": 0.148,"Actual Total Time": 0.149,"Actual Rows": 377,"Actual Loops": 5,"Index Cond": "(s_nationkey = nation.n_nationkey)","Workers": []}]}]}]}]},{"Node Type": "Index Scan","Parent Relationship": "Inner","Parallel Aware": false,"Async Capable": false,"Scan Direction": "Forward","Index Name": "idx_lineitem_orderkey","Relation Name": "lineitem","Alias": "l3","Startup Cost": 0.43,"Total Cost": 1.06,"Plan Rows": 6,"Plan Width": 8,"Actual Startup Time": 0.003,"Actual Total Time": 0.003,"Actual Rows": 1,"Actual Loops": 143344,"Index Cond": "(l_orderkey = l1.l_orderkey)","Rows Removed by Index Recheck": 0,"Filter": "((l_receiptdate > l_commitdate) AND (l_suppkey <> l1.l_suppkey))","Rows Removed by Filter": 1,"Workers": []}]}]},{"Node Type": "Index Scan","Parent Relationship": "Inner","Parallel Aware": false,"Async Capable": false,"Scan Direction": "Forward","Index Name": "idx_lineitem_orderkey","Relation Name": "lineitem","Alias": "l2","Startup Cost": 0.43,"Total Cost": 1.02,"Plan Rows": 17,"Plan Width": 8,"Actual Startup Time": 0.008,"Actual Total Time": 0.008,"Actual Rows": 1,"Actual Loops": 12724,"Index Cond": "(l_orderkey = l1.l_orderkey)","Rows Removed by Index Recheck": 0,"Filter": "(l_suppkey <> l1.l_suppkey)","Rows Removed by Filter": 1}]},{"Node Type": "Index Scan","Parent Relationship": "Inner","Parallel Aware": false,"Async Capable": false,"Scan Direction": "Forward","Index Name": "orders_pkey","Relation Name": "orders","Alias": "orders","Startup Cost": 0.43,"Total Cost": 0.51,"Plan Rows": 1,"Plan Width": 4,"Actual Startup Time": 0.008,"Actual Total Time": 0.008,"Actual Rows": 0,"Actual Loops": 7590,"Index Cond": "(o_orderkey = l1.l_orderkey)","Rows Removed by Index Recheck": 0,"Filter": "(o_orderstatus = 'F'::bpchar)","Rows Removed by Filter": 1}]}]}]}]},"Planning Time": 9.583,"Triggers": [],"Execution Time": 511.800}]
[{"Plan": {"Node Type": "Sort","Parallel Aware": false,"Async Capable": false,"Startup Cost": 147378.80,"Total Cost": 147378.81,"Plan Rows": 1,"Plan Width": 34,"Actual Startup Time": 509.264,"Actual Total Time": 527.696,"Actual Rows": 421,"Actual Loops": 1,"Sort Key": ["(count(*)) DESC", "supplier.s_name"],"Sort Method": "quicksort","Sort Space Used": 57,"Sort Space Type": "Memory","Plans": [{"Node Type": "Aggregate","Strategy": "Sorted","Partial Mode": "Simple","Parent Relationship": "Outer","Parallel Aware": false,"Async Capable": false,"Startup Cost": 147378.77,"Total Cost": 147378.79,"Plan Rows": 1,"Plan Width": 34,"Actual Startup Time": 507.941,"Actual Total Time": 526.990,"Actual Rows": 421,"Actual Loops": 1,"Group Key": ["supplier.s_name"],"Plans": [{"Node Type": "Sort","Parent Relationship": "Outer","Parallel Aware": false,"Async Capable": false,"Startup Cost": 147378.77,"Total Cost": 147378.78,"Plan Rows": 1,"Plan Width": 26,"Actual Startup Time": 507.919,"Actual Total Time": 526.540,"Actual Rows": 4227,"Actual Loops": 1,"Sort Key": ["supplier.s_name"],"Sort Method": "quicksort","Sort Space Used": 490,"Sort Space Type": "Memory","Plans": [{"Node Type": "Nested Loop","Parent Relationship": "Outer","Parallel Aware": false,"Async Capable": false,"Join Type": "Inner","Startup Cost": 1250.87,"Total Cost": 147378.76,"Plan Rows": 1,"Plan Width": 26,"Actual Startup Time": 5.396,"Actual Total Time": 515.076,"Actual Rows": 4227,"Actual Loops": 1,"Inner Unique": true,"Plans": [{"Node Type": "Nested Loop","Parent Relationship": "Outer","Parallel Aware": false,"Async Capable": false,"Join Type": "Semi","Startup Cost": 1250.44,"Total Cost": 147378.26,"Plan Rows": 1,"Plan Width": 34,"Actual Startup Time": 5.356,"Actual Total Time": 448.186,"Actual Rows": 8678,"Actual Loops": 1,"Inner Unique": false,"Plans": [{"Node Type": "Gather","Parent Relationship": "Outer","Parallel Aware": false,"Async Capable": false,"Startup Cost": 1250.01,"Total Cost": 147377.22,"Plan Rows": 1,"Plan Width": 34,"Actual Startup Time": 5.315,"Actual Total Time": 333.619,"Actual Rows": 14289,"Actual Loops": 1,"Workers Planned": 4,"Workers Launched": 4,"Single Copy": false,"Plans": [{"Node Type": "Nested Loop","Parent Relationship": "Outer","Parallel Aware": false,"Async Capable": false,"Join Type": "Anti","Startup Cost": 250.01,"Total Cost": 146377.12,"Plan Rows": 1,"Plan Width": 34,"Actual Startup Time": 5.155,"Actual Total Time": 447.803,"Actual Rows": 2858,"Actual Loops": 5,"Inner Unique": false,"Workers": [],"Plans": [{"Node Type": "Hash Join","Parent Relationship": "Outer","Parallel Aware": false,"Async Capable": false,"Join Type": "Inner","Startup Cost": 249.58,"Total Cost": 133581.65,"Plan Rows": 19990,"Plan Width": 34,"Actual Startup Time": 4.679,"Actual Total Time": 355.100,"Actual Rows": 31833,"Actual Loops": 5,"Inner Unique": false,"Hash Cond": "(l1.l_suppkey = supplier.s_suppkey)","Workers": [],"Plans": [{"Node Type": "Seq Scan","Parent Relationship": "Outer","Parallel Aware": true,"Async Capable": false,"Relation Name": "lineitem","Alias": "l1","Startup Cost": 0.00,"Total Cost": 131256.80,"Plan Rows": 500101,"Plan Width": 8,"Actual Startup Time": 0.028,"Actual Total Time": 302.880,"Actual Rows": 758659,"Actual Loops": 5,"Filter": "(l_receiptdate > l_commitdate)","Rows Removed by Filter": 441584,"Workers": []},{"Node Type": "Hash","Parent Relationship": "Inner","Parallel Aware": false,"Async Capable": false,"Startup Cost": 244.58,"Total Cost": 244.58,"Plan Rows": 400,"Plan Width": 30,"Actual Startup Time": 4.328,"Actual Total Time": 4.340,"Actual Rows": 421,"Actual Loops": 5,"Hash Buckets": 1024,"Original Hash Buckets": 1024,"Hash Batches": 1,"Original Hash Batches": 1,"Peak Memory Usage": 35,"Workers": [],"Plans": [{"Node Type": "Nested Loop","Parent Relationship": "Outer","Parallel Aware": false,"Async Capable": false,"Join Type": "Inner","Startup Cost": 7.38,"Total Cost": 244.58,"Plan Rows": 400,"Plan Width": 30,"Actual Startup Time": 0.319,"Actual Total Time": 4.167,"Actual Rows": 421,"Actual Loops": 5,"Inner Unique": false,"Workers": [],"Plans": [{"Node Type": "Seq Scan","Parent Relationship": "Outer","Parallel Aware": false,"Async Capable": false,"Relation Name": "nation","Alias": "nation","Startup Cost": 0.00,"Total Cost": 1.31,"Plan Rows": 1,"Plan Width": 4,"Actual Startup Time": 0.061,"Actual Total Time": 0.065,"Actual Rows": 1,"Actual Loops": 5,"Filter": "(n_name = 'PERU'::bpchar)","Rows Removed by Filter": 24,"Workers": []},{"Node Type": "Bitmap Heap Scan","Parent Relationship": "Inner","Parallel Aware": false,"Async Capable": false,"Relation Name": "supplier","Alias": "supplier","Startup Cost": 7.38,"Total Cost": 239.27,"Plan Rows": 400,"Plan Width": 34,"Actual Startup Time": 0.253,"Actual Total Time": 4.010,"Actual Rows": 421,"Actual Loops": 5,"Recheck Cond": "(s_nationkey = nation.n_nationkey)","Rows Removed by Index Recheck": 0,"Exact Heap Blocks": 187,"Lossy Heap Blocks": 0,"Workers": [],"Plans": [{"Node Type": "Bitmap Index Scan","Parent Relationship": "Outer","Parallel Aware": false,"Async Capable": false,"Index Name": "idx_supplier_nation_key","Startup Cost": 0.00,"Total Cost": 7.29,"Plan Rows": 400,"Plan Width": 0,"Actual Startup Time": 0.167,"Actual Total Time": 0.169,"Actual Rows": 421,"Actual Loops": 5,"Index Cond": "(s_nationkey = nation.n_nationkey)","Workers": []}]}]}]}]},{"Node Type": "Index Scan","Parent Relationship": "Inner","Parallel Aware": false,"Async Capable": false,"Scan Direction": "Forward","Index Name": "idx_lineitem_orderkey","Relation Name": "lineitem","Alias": "l3","Startup Cost": 0.43,"Total Cost": 1.06,"Plan Rows": 6,"Plan Width": 8,"Actual Startup Time": 0.003,"Actual Total Time": 0.003,"Actual Rows": 1,"Actual Loops": 159165,"Index Cond": "(l_orderkey = l1.l_orderkey)","Rows Removed by Index Recheck": 0,"Filter": "((l_receiptdate > l_commitdate) AND (l_suppkey <> l1.l_suppkey))","Rows Removed by Filter": 1,"Workers": []}]}]},{"Node Type": "Index Scan","Parent Relationship": "Inner","Parallel Aware": false,"Async Capable": false,"Scan Direction": "Forward","Index Name": "idx_lineitem_orderkey","Relation Name": "lineitem","Alias": "l2","Startup Cost": 0.43,"Total Cost": 1.02,"Plan Rows": 17,"Plan Width": 8,"Actual Startup Time": 0.008,"Actual Total Time": 0.008,"Actual Rows": 1,"Actual Loops": 14289,"Index Cond": "(l_orderkey = l1.l_orderkey)","Rows Removed by Index Recheck": 0,"Filter": "(l_suppkey <> l1.l_suppkey)","Rows Removed by Filter": 1}]},{"Node Type": "Index Scan","Parent Relationship": "Inner","Parallel Aware": false,"Async Capable": false,"Scan Direction": "Forward","Index Name": "orders_pkey","Relation Name": "orders","Alias": "orders","Startup Cost": 0.43,"Total Cost": 0.51,"Plan Rows": 1,"Plan Width": 4,"Actual Startup Time": 0.007,"Actual Total Time": 0.007,"Actual Rows": 0,"Actual Loops": 8678,"Index Cond": "(o_orderkey = l1.l_orderkey)","Rows Removed by Index Recheck": 0,"Filter": "(o_orderstatus = 'F'::bpchar)","Rows Removed by Filter": 1}]}]}]}]},"Planning Time": 8.374,"Triggers": [],"Execution Time": 528.458}]
[{"Plan": {"Node Type": "Sort","Parallel Aware": false,"Async Capable": false,"Startup Cost": 147378.80,"Total Cost": 147378.81,"Plan Rows": 1,"Plan Width": 34,"Actual Startup Time": 493.231,"Actual Total Time": 511.674,"Actual Rows": 376,"Actual Loops": 1,"Sort Key": ["(count(*)) DESC", "supplier.s_name"],"Sort Method": "quicksort","Sort Space Used": 54,"Sort Space Type": "Memory","Plans": [{"Node Type": "Aggregate","Strategy": "Sorted","Partial Mode": "Simple","Parent Relationship": "Outer","Parallel Aware": false,"Async Capable": false,"Startup Cost": 147378.77,"Total Cost": 147378.79,"Plan Rows": 1,"Plan Width": 34,"Actual Startup Time": 492.079,"Actual Total Time": 510.997,"Actual Rows": 376,"Actual Loops": 1,"Group Key": ["supplier.s_name"],"Plans": [{"Node Type": "Sort","Parent Relationship": "Outer","Parallel Aware": false,"Async Capable": false,"Startup Cost": 147378.77,"Total Cost": 147378.78,"Plan Rows": 1,"Plan Width": 26,"Actual Startup Time": 492.053,"Actual Total Time": 510.609,"Actual Rows": 3697,"Actual Loops": 1,"Sort Key": ["supplier.s_name"],"Sort Method": "quicksort","Sort Space Used": 356,"Sort Space Type": "Memory","Plans": [{"Node Type": "Nested Loop","Parent Relationship": "Outer","Parallel Aware": false,"Async Capable": false,"Join Type": "Inner","Startup Cost": 1250.87,"Total Cost": 147378.76,"Plan Rows": 1,"Plan Width": 26,"Actual Startup Time": 5.656,"Actual Total Time": 499.948,"Actual Rows": 3697,"Actual Loops": 1,"Inner Unique": true,"Plans": [{"Node Type": "Nested Loop","Parent Relationship": "Outer","Parallel Aware": false,"Async Capable": false,"Join Type": "Semi","Startup Cost": 1250.44,"Total Cost": 147378.26,"Plan Rows": 1,"Plan Width": 34,"Actual Startup Time": 5.611,"Actual Total Time": 438.655,"Actual Rows": 7589,"Actual Loops": 1,"Inner Unique": false,"Plans": [{"Node Type": "Gather","Parent Relationship": "Outer","Parallel Aware": false,"Async Capable": false,"Startup Cost": 1250.01,"Total Cost": 147377.22,"Plan Rows": 1,"Plan Width": 34,"Actual Startup Time": 4.591,"Actual Total Time": 336.749,"Actual Rows": 12677,"Actual Loops": 1,"Workers Planned": 4,"Workers Launched": 4,"Single Copy": false,"Plans": [{"Node Type": "Nested Loop","Parent Relationship": "Outer","Parallel Aware": false,"Async Capable": false,"Join Type": "Anti","Startup Cost": 250.01,"Total Cost": 146377.12,"Plan Rows": 1,"Plan Width": 34,"Actual Startup Time": 5.313,"Actual Total Time": 436.446,"Actual Rows": 2535,"Actual Loops": 5,"Inner Unique": false,"Workers": [],"Plans": [{"Node Type": "Hash Join","Parent Relationship": "Outer","Parallel Aware": false,"Async Capable": false,"Join Type": "Inner","Startup Cost": 249.58,"Total Cost": 133581.65,"Plan Rows": 19990,"Plan Width": 34,"Actual Startup Time": 5.158,"Actual Total Time": 352.526,"Actual Rows": 28439,"Actual Loops": 5,"Inner Unique": false,"Hash Cond": "(l1.l_suppkey = supplier.s_suppkey)","Workers": [],"Plans": [{"Node Type": "Seq Scan","Parent Relationship": "Outer","Parallel Aware": true,"Async Capable": false,"Relation Name": "lineitem","Alias": "l1","Startup Cost": 0.00,"Total Cost": 131256.80,"Plan Rows": 500101,"Plan Width": 8,"Actual Startup Time": 0.028,"Actual Total Time": 300.563,"Actual Rows": 758659,"Actual Loops": 5,"Filter": "(l_receiptdate > l_commitdate)","Rows Removed by Filter": 441584,"Workers": []},{"Node Type": "Hash","Parent Relationship": "Inner","Parallel Aware": false,"Async Capable": false,"Startup Cost": 244.58,"Total Cost": 244.58,"Plan Rows": 400,"Plan Width": 30,"Actual Startup Time": 4.780,"Actual Total Time": 4.790,"Actual Rows": 376,"Actual Loops": 5,"Hash Buckets": 1024,"Original Hash Buckets": 1024,"Hash Batches": 1,"Original Hash Batches": 1,"Peak Memory Usage": 32,"Workers": [],"Plans": [{"Node Type": "Nested Loop","Parent Relationship": "Outer","Parallel Aware": false,"Async Capable": false,"Join Type": "Inner","Startup Cost": 7.38,"Total Cost": 244.58,"Plan Rows": 400,"Plan Width": 30,"Actual Startup Time": 0.359,"Actual Total Time": 4.625,"Actual Rows": 376,"Actual Loops": 5,"Inner Unique": false,"Workers": [],"Plans": [{"Node Type": "Seq Scan","Parent Relationship": "Outer","Parallel Aware": false,"Async Capable": false,"Relation Name": "nation","Alias": "nation","Startup Cost": 0.00,"Total Cost": 1.31,"Plan Rows": 1,"Plan Width": 4,"Actual Startup Time": 0.066,"Actual Total Time": 0.070,"Actual Rows": 1,"Actual Loops": 5,"Filter": "(n_name = 'KENYA'::bpchar)","Rows Removed by Filter": 24,"Workers": []},{"Node Type": "Bitmap Heap Scan","Parent Relationship": "Inner","Parallel Aware": false,"Async Capable": false,"Relation Name": "supplier","Alias": "supplier","Startup Cost": 7.38,"Total Cost": 239.27,"Plan Rows": 400,"Plan Width": 34,"Actual Startup Time": 0.287,"Actual Total Time": 4.480,"Actual Rows": 376,"Actual Loops": 5,"Recheck Cond": "(s_nationkey = nation.n_nationkey)","Rows Removed by Index Recheck": 0,"Exact Heap Blocks": 179,"Lossy Heap Blocks": 0,"Workers": [],"Plans": [{"Node Type": "Bitmap Index Scan","Parent Relationship": "Outer","Parallel Aware": false,"Async Capable": false,"Index Name": "idx_supplier_nation_key","Startup Cost": 0.00,"Total Cost": 7.29,"Plan Rows": 400,"Plan Width": 0,"Actual Startup Time": 0.181,"Actual Total Time": 0.182,"Actual Rows": 376,"Actual Loops": 5,"Index Cond": "(s_nationkey = nation.n_nationkey)","Workers": []}]}]}]}]},{"Node Type": "Index Scan","Parent Relationship": "Inner","Parallel Aware": false,"Async Capable": false,"Scan Direction": "Forward","Index Name": "idx_lineitem_orderkey","Relation Name": "lineitem","Alias": "l3","Startup Cost": 0.43,"Total Cost": 1.06,"Plan Rows": 6,"Plan Width": 8,"Actual Startup Time": 0.003,"Actual Total Time": 0.003,"Actual Rows": 1,"Actual Loops": 142196,"Index Cond": "(l_orderkey = l1.l_orderkey)","Rows Removed by Index Recheck": 0,"Filter": "((l_receiptdate > l_commitdate) AND (l_suppkey <> l1.l_suppkey))","Rows Removed by Filter": 1,"Workers": []}]}]},{"Node Type": "Index Scan","Parent Relationship": "Inner","Parallel Aware": false,"Async Capable": false,"Scan Direction": "Forward","Index Name": "idx_lineitem_orderkey","Relation Name": "lineitem","Alias": "l2","Startup Cost": 0.43,"Total Cost": 1.02,"Plan Rows": 17,"Plan Width": 8,"Actual Startup Time": 0.008,"Actual Total Time": 0.008,"Actual Rows": 1,"Actual Loops": 12677,"Index Cond": "(l_orderkey = l1.l_orderkey)","Rows Removed by Index Recheck": 0,"Filter": "(l_suppkey <> l1.l_suppkey)","Rows Removed by Filter": 1}]},{"Node Type": "Index Scan","Parent Relationship": "Inner","Parallel Aware": false,"Async Capable": false,"Scan Direction": "Forward","Index Name": "orders_pkey","Relation Name": "orders","Alias": "orders","Startup Cost": 0.43,"Total Cost": 0.51,"Plan Rows": 1,"Plan Width": 4,"Actual Startup Time": 0.008,"Actual Total Time": 0.008,"Actual Rows": 0,"Actual Loops": 7589,"Index Cond": "(o_orderkey = l1.l_orderkey)","Rows Removed by Index Recheck": 0,"Filter": "(o_orderstatus = 'F'::bpchar)","Rows Removed by Filter": 1}]}]}]}]},"Planning Time": 8.298,"Triggers": [],"Execution Time": 512.274}]
[{"Plan": {"Node Type": "Sort","Parallel Aware": false,"Async Capable": false,"Startup Cost": 147378.80,"Total Cost": 147378.81,"Plan Rows": 1,"Plan Width": 34,"Actual Startup Time": 509.264,"Actual Total Time": 527.696,"Actual Rows": 421,"Actual Loops": 1,"Sort Key": ["(count(*)) DESC", "supplier.s_name"],"Sort Method": "quicksort","Sort Space Used": 57,"Sort Space Type": "Memory","Plans": [{"Node Type": "Aggregate","Strategy": "Sorted","Partial Mode": "Simple","Parent Relationship": "Outer","Parallel Aware": false,"Async Capable": false,"Startup Cost": 147378.77,"Total Cost": 147378.79,"Plan Rows": 1,"Plan Width": 34,"Actual Startup Time": 507.941,"Actual Total Time": 526.990,"Actual Rows": 421,"Actual Loops": 1,"Group Key": ["supplier.s_name"],"Plans": [{"Node Type": "Sort","Parent Relationship": "Outer","Parallel Aware": false,"Async Capable": false,"Startup Cost": 147378.77,"Total Cost": 147378.78,"Plan Rows": 1,"Plan Width": 26,"Actual Startup Time": 507.919,"Actual Total Time": 526.540,"Actual Rows": 4227,"Actual Loops": 1,"Sort Key": ["supplier.s_name"],"Sort Method": "quicksort","Sort Space Used": 490,"Sort Space Type": "Memory","Plans": [{"Node Type": "Nested Loop","Parent Relationship": "Outer","Parallel Aware": false,"Async Capable": false,"Join Type": "Inner","Startup Cost": 1250.87,"Total Cost": 147378.76,"Plan Rows": 1,"Plan Width": 26,"Actual Startup Time": 5.396,"Actual Total Time": 515.076,"Actual Rows": 4227,"Actual Loops": 1,"Inner Unique": true,"Plans": [{"Node Type": "Nested Loop","Parent Relationship": "Outer","Parallel Aware": false,"Async Capable": false,"Join Type": "Semi","Startup Cost": 1250.44,"Total Cost": 147378.26,"Plan Rows": 1,"Plan Width": 34,"Actual Startup Time": 5.356,"Actual Total Time": 448.186,"Actual Rows": 8678,"Actual Loops": 1,"Inner Unique": false,"Plans": [{"Node Type": "Gather","Parent Relationship": "Outer","Parallel Aware": false,"Async Capable": false,"Startup Cost": 1250.01,"Total Cost": 147377.22,"Plan Rows": 1,"Plan Width": 34,"Actual Startup Time": 5.315,"Actual Total Time": 333.619,"Actual Rows": 14289,"Actual Loops": 1,"Workers Planned": 4,"Workers Launched": 4,"Single Copy": false,"Plans": [{"Node Type": "Nested Loop","Parent Relationship": "Outer","Parallel Aware": false,"Async Capable": false,"Join Type": "Anti","Startup Cost": 250.01,"Total Cost": 146377.12,"Plan Rows": 1,"Plan Width": 34,"Actual Startup Time": 5.155,"Actual Total Time": 447.803,"Actual Rows": 2858,"Actual Loops": 5,"Inner Unique": false,"Workers": [],"Plans": [{"Node Type": "Hash Join","Parent Relationship": "Outer","Parallel Aware": false,"Async Capable": false,"Join Type": "Inner","Startup Cost": 249.58,"Total Cost": 133581.65,"Plan Rows": 19990,"Plan Width": 34,"Actual Startup Time": 4.679,"Actual Total Time": 355.100,"Actual Rows": 31833,"Actual Loops": 5,"Inner Unique": false,"Hash Cond": "(l1.l_suppkey = supplier.s_suppkey)","Workers": [],"Plans": [{"Node Type": "Seq Scan","Parent Relationship": "Outer","Parallel Aware": true,"Async Capable": false,"Relation Name": "lineitem","Alias": "l1","Startup Cost": 0.00,"Total Cost": 131256.80,"Plan Rows": 500101,"Plan Width": 8,"Actual Startup Time": 0.028,"Actual Total Time": 302.880,"Actual Rows": 758659,"Actual Loops": 5,"Filter": "(l_receiptdate > l_commitdate)","Rows Removed by Filter": 441584,"Workers": []},{"Node Type": "Hash","Parent Relationship": "Inner","Parallel Aware": false,"Async Capable": false,"Startup Cost": 244.58,"Total Cost": 244.58,"Plan Rows": 400,"Plan Width": 30,"Actual Startup Time": 4.328,"Actual Total Time": 4.340,"Actual Rows": 421,"Actual Loops": 5,"Hash Buckets": 1024,"Original Hash Buckets": 1024,"Hash Batches": 1,"Original Hash Batches": 1,"Peak Memory Usage": 35,"Workers": [],"Plans": [{"Node Type": "Nested Loop","Parent Relationship": "Outer","Parallel Aware": false,"Async Capable": false,"Join Type": "Inner","Startup Cost": 7.38,"Total Cost": 244.58,"Plan Rows": 400,"Plan Width": 30,"Actual Startup Time": 0.319,"Actual Total Time": 4.167,"Actual Rows": 421,"Actual Loops": 5,"Inner Unique": false,"Workers": [],"Plans": [{"Node Type": "Seq Scan","Parent Relationship": "Outer","Parallel Aware": false,"Async Capable": false,"Relation Name": "nation","Alias": "nation","Startup Cost": 0.00,"Total Cost": 1.31,"Plan Rows": 1,"Plan Width": 4,"Actual Startup Time": 0.061,"Actual Total Time": 0.065,"Actual Rows": 1,"Actual Loops": 5,"Filter": "(n_name = 'PERU'::bpchar)","Rows Removed by Filter": 24,"Workers": []},{"Node Type": "Bitmap Heap Scan","Parent Relationship": "Inner","Parallel Aware": false,"Async Capable": false,"Relation Name": "supplier","Alias": "supplier","Startup Cost": 7.38,"Total Cost": 239.27,"Plan Rows": 400,"Plan Width": 34,"Actual Startup Time": 0.253,"Actual Total Time": 4.010,"Actual Rows": 421,"Actual Loops": 5,"Recheck Cond": "(s_nationkey = nation.n_nationkey)","Rows Removed by Index Recheck": 0,"Exact Heap Blocks": 187,"Lossy Heap Blocks": 0,"Workers": [],"Plans": [{"Node Type": "Bitmap Index Scan","Parent Relationship": "Outer","Parallel Aware": false,"Async Capable": false,"Index Name": "idx_supplier_nation_key","Startup Cost": 0.00,"Total Cost": 7.29,"Plan Rows": 400,"Plan Width": 0,"Actual Startup Time": 0.167,"Actual Total Time": 0.169,"Actual Rows": 421,"Actual Loops": 5,"Index Cond": "(s_nationkey = nation.n_nationkey)","Workers": []}]}]}]}]},{"Node Type": "Index Scan","Parent Relationship": "Inner","Parallel Aware": false,"Async Capable": false,"Scan Direction": "Forward","Index Name": "idx_lineitem_orderkey","Relation Name": "lineitem","Alias": "l3","Startup Cost": 0.43,"Total Cost": 1.06,"Plan Rows": 6,"Plan Width": 8,"Actual Startup Time": 0.003,"Actual Total Time": 0.003,"Actual Rows": 1,"Actual Loops": 159165,"Index Cond": "(l_orderkey = l1.l_orderkey)","Rows Removed by Index Recheck": 0,"Filter": "((l_receiptdate > l_commitdate) AND (l_suppkey <> l1.l_suppkey))","Rows Removed by Filter": 1,"Workers": []}]}]},{"Node Type": "Index Scan","Parent Relationship": "Inner","Parallel Aware": false,"Async Capable": false,"Scan Direction": "Forward","Index Name": "idx_lineitem_orderkey","Relation Name": "lineitem","Alias": "l2","Startup Cost": 0.43,"Total Cost": 1.02,"Plan Rows": 17,"Plan Width": 8,"Actual Startup Time": 0.008,"Actual Total Time": 0.008,"Actual Rows": 1,"Actual Loops": 14289,"Index Cond": "(l_orderkey = l1.l_orderkey)","Rows Removed by Index Recheck": 0,"Filter": "(l_suppkey <> l1.l_suppkey)","Rows Removed by Filter": 1}]},{"Node Type": "Index Scan","Parent Relationship": "Inner","Parallel Aware": false,"Async Capable": false,"Scan Direction": "Forward","Index Name": "orders_pkey","Relation Name": "orders","Alias": "orders","Startup Cost": 0.43,"Total Cost": 0.51,"Plan Rows": 1,"Plan Width": 4,"Actual Startup Time": 0.007,"Actual Total Time": 0.007,"Actual Rows": 0,"Actual Loops": 8678,"Index Cond": "(o_orderkey = l1.l_orderkey)","Rows Removed by Index Recheck": 0,"Filter": "(o_orderstatus = 'F'::bpchar)","Rows Removed by Filter": 1}]}]}]}]},"Planning Time": 8.374,"Triggers": [],"Execution Time": 528.458}]
[{"Plan": {"Node Type": "Sort","Parallel Aware": false,"Async Capable": false,"Startup Cost": 147378.80,"Total Cost": 147378.81,"Plan Rows": 1,"Plan Width": 34,"Actual Startup Time": 504.512,"Actual Total Time": 521.552,"Actual Rows": 413,"Actual Loops": 1,"Sort Key": ["(count(*)) DESC", "supplier.s_name"],"Sort Method": "quicksort","Sort Space Used": 57,"Sort Space Type": "Memory","Plans": [{"Node Type": "Aggregate","Strategy": "Sorted","Partial Mode": "Simple","Parent Relationship": "Outer","Parallel Aware": false,"Async Capable": false,"Startup Cost": 147378.77,"Total Cost": 147378.79,"Plan Rows": 1,"Plan Width": 34,"Actual Startup Time": 503.286,"Actual Total Time": 520.862,"Actual Rows": 413,"Actual Loops": 1,"Group Key": ["supplier.s_name"],"Plans": [{"Node Type": "Sort","Parent Relationship": "Outer","Parallel Aware": false,"Async Capable": false,"Startup Cost": 147378.77,"Total Cost": 147378.78,"Plan Rows": 1,"Plan Width": 26,"Actual Startup Time": 503.265,"Actual Total Time": 520.434,"Actual Rows": 4164,"Actual Loops": 1,"Sort Key": ["supplier.s_name"],"Sort Method": "quicksort","Sort Space Used": 485,"Sort Space Type": "Memory","Plans": [{"Node Type": "Nested Loop","Parent Relationship": "Outer","Parallel Aware": false,"Async Capable": false,"Join Type": "Inner","Startup Cost": 1250.87,"Total Cost": 147378.76,"Plan Rows": 1,"Plan Width": 26,"Actual Startup Time": 4.247,"Actual Total Time": 508.248,"Actual Rows": 4164,"Actual Loops": 1,"Inner Unique": true,"Plans": [{"Node Type": "Nested Loop","Parent Relationship": "Outer","Parallel Aware": false,"Async Capable": false,"Join Type": "Semi","Startup Cost": 1250.44,"Total Cost": 147378.26,"Plan Rows": 1,"Plan Width": 34,"Actual Startup Time": 4.214,"Actual Total Time": 442.064,"Actual Rows": 8468,"Actual Loops": 1,"Inner Unique": false,"Plans": [{"Node Type": "Gather","Parent Relationship": "Outer","Parallel Aware": false,"Async Capable": false,"Startup Cost": 1250.01,"Total Cost": 147377.22,"Plan Rows": 1,"Plan Width": 34,"Actual Startup Time": 4.200,"Actual Total Time": 330.934,"Actual Rows": 14141,"Actual Loops": 1,"Workers Planned": 4,"Workers Launched": 4,"Single Copy": false,"Plans": [{"Node Type": "Nested Loop","Parent Relationship": "Outer","Parallel Aware": false,"Async Capable": false,"Join Type": "Anti","Startup Cost": 250.01,"Total Cost": 146377.12,"Plan Rows": 1,"Plan Width": 34,"Actual Startup Time": 5.165,"Actual Total Time": 443.283,"Actual Rows": 2828,"Actual Loops": 5,"Inner Unique": false,"Workers": [],"Plans": [{"Node Type": "Hash Join","Parent Relationship": "Outer","Parallel Aware": false,"Async Capable": false,"Join Type": "Inner","Startup Cost": 249.58,"Total Cost": 133581.65,"Plan Rows": 19990,"Plan Width": 34,"Actual Startup Time": 5.033,"Actual Total Time": 352.494,"Actual Rows": 31380,"Actual Loops": 5,"Inner Unique": false,"Hash Cond": "(l1.l_suppkey = supplier.s_suppkey)","Workers": [],"Plans": [{"Node Type": "Seq Scan","Parent Relationship": "Outer","Parallel Aware": true,"Async Capable": false,"Relation Name": "lineitem","Alias": "l1","Startup Cost": 0.00,"Total Cost": 131256.80,"Plan Rows": 500101,"Plan Width": 8,"Actual Startup Time": 0.028,"Actual Total Time": 299.882,"Actual Rows": 758659,"Actual Loops": 5,"Filter": "(l_receiptdate > l_commitdate)","Rows Removed by Filter": 441584,"Workers": []},{"Node Type": "Hash","Parent Relationship": "Inner","Parallel Aware": false,"Async Capable": false,"Startup Cost": 244.58,"Total Cost": 244.58,"Plan Rows": 400,"Plan Width": 30,"Actual Startup Time": 4.656,"Actual Total Time": 4.665,"Actual Rows": 413,"Actual Loops": 5,"Hash Buckets": 1024,"Original Hash Buckets": 1024,"Hash Batches": 1,"Original Hash Batches": 1,"Peak Memory Usage": 34,"Workers": [],"Plans": [{"Node Type": "Nested Loop","Parent Relationship": "Outer","Parallel Aware": false,"Async Capable": false,"Join Type": "Inner","Startup Cost": 7.38,"Total Cost": 244.58,"Plan Rows": 400,"Plan Width": 30,"Actual Startup Time": 0.318,"Actual Total Time": 4.505,"Actual Rows": 413,"Actual Loops": 5,"Inner Unique": false,"Workers": [],"Plans": [{"Node Type": "Seq Scan","Parent Relationship": "Outer","Parallel Aware": false,"Async Capable": false,"Relation Name": "nation","Alias": "nation","Startup Cost": 0.00,"Total Cost": 1.31,"Plan Rows": 1,"Plan Width": 4,"Actual Startup Time": 0.066,"Actual Total Time": 0.071,"Actual Rows": 1,"Actual Loops": 5,"Filter": "(n_name = 'ARGENTINA'::bpchar)","Rows Removed by Filter": 24,"Workers": []},{"Node Type": "Bitmap Heap Scan","Parent Relationship": "Inner","Parallel Aware": false,"Async Capable": false,"Relation Name": "supplier","Alias": "supplier","Startup Cost": 7.38,"Total Cost": 239.27,"Plan Rows": 400,"Plan Width": 34,"Actual Startup Time": 0.247,"Actual Total Time": 4.358,"Actual Rows": 413,"Actual Loops": 5,"Recheck Cond": "(s_nationkey = nation.n_nationkey)","Rows Removed by Index Recheck": 0,"Exact Heap Blocks": 190,"Lossy Heap Blocks": 0,"Workers": [],"Plans": [{"Node Type": "Bitmap Index Scan","Parent Relationship": "Outer","Parallel Aware": false,"Async Capable": false,"Index Name": "idx_supplier_nation_key","Startup Cost": 0.00,"Total Cost": 7.29,"Plan Rows": 400,"Plan Width": 0,"Actual Startup Time": 0.157,"Actual Total Time": 0.158,"Actual Rows": 413,"Actual Loops": 5,"Index Cond": "(s_nationkey = nation.n_nationkey)","Workers": []}]}]}]}]},{"Node Type": "Index Scan","Parent Relationship": "Inner","Parallel Aware": false,"Async Capable": false,"Scan Direction": "Forward","Index Name": "idx_lineitem_orderkey","Relation Name": "lineitem","Alias": "l3","Startup Cost": 0.43,"Total Cost": 1.06,"Plan Rows": 6,"Plan Width": 8,"Actual Startup Time": 0.003,"Actual Total Time": 0.003,"Actual Rows": 1,"Actual Loops": 156898,"Index Cond": "(l_orderkey = l1.l_orderkey)","Rows Removed by Index Recheck": 0,"Filter": "((l_receiptdate > l_commitdate) AND (l_suppkey <> l1.l_suppkey))","Rows Removed by Filter": 1,"Workers": []}]}]},{"Node Type": "Index Scan","Parent Relationship": "Inner","Parallel Aware": false,"Async Capable": false,"Scan Direction": "Forward","Index Name": "idx_lineitem_orderkey","Relation Name": "lineitem","Alias": "l2","Startup Cost": 0.43,"Total Cost": 1.02,"Plan Rows": 17,"Plan Width": 8,"Actual Startup Time": 0.007,"Actual Total Time": 0.007,"Actual Rows": 1,"Actual Loops": 14141,"Index Cond": "(l_orderkey = l1.l_orderkey)","Rows Removed by Index Recheck": 0,"Filter": "(l_suppkey <> l1.l_suppkey)","Rows Removed by Filter": 1}]},{"Node Type": "Index Scan","Parent Relationship": "Inner","Parallel Aware": false,"Async Capable": false,"Scan Direction": "Forward","Index Name": "orders_pkey","Relation Name": "orders","Alias": "orders","Startup Cost": 0.43,"Total Cost": 0.51,"Plan Rows": 1,"Plan Width": 4,"Actual Startup Time": 0.008,"Actual Total Time": 0.008,"Actual Rows": 0,"Actual Loops": 8468,"Index Cond": "(o_orderkey = l1.l_orderkey)","Rows Removed by Index Recheck": 0,"Filter": "(o_orderstatus = 'F'::bpchar)","Rows Removed by Filter": 1}]}]}]}]},"Planning Time": 8.601,"Triggers": [],"Execution Time": 522.197}]
[{"Plan": {"Node Type": "Sort","Parallel Aware": false,"Async Capable": false,"Startup Cost": 147378.80,"Total Cost": 147378.81,"Plan Rows": 1,"Plan Width": 34,"Actual Startup Time": 505.815,"Actual Total Time": 525.309,"Actual Rows": 390,"Actual Loops": 1,"Sort Key": ["(count(*)) DESC", "supplier.s_name"],"Sort Method": "quicksort","Sort Space Used": 55,"Sort Space Type": "Memory","Plans": [{"Node Type": "Aggregate","Strategy": "Sorted","Partial Mode": "Simple","Parent Relationship": "Outer","Parallel Aware": false,"Async Capable": false,"Startup Cost": 147378.77,"Total Cost": 147378.79,"Plan Rows": 1,"Plan Width": 34,"Actual Startup Time": 504.634,"Actual Total Time": 524.620,"Actual Rows": 390,"Actual Loops": 1,"Group Key": ["supplier.s_name"],"Plans": [{"Node Type": "Sort","Parent Relationship": "Outer","Parallel Aware": false,"Async Capable": false,"Startup Cost": 147378.77,"Total Cost": 147378.78,"Plan Rows": 1,"Plan Width": 26,"Actual Startup Time": 504.612,"Actual Total Time": 524.224,"Actual Rows": 3844,"Actual Loops": 1,"Sort Key": ["supplier.s_name"],"Sort Method": "quicksort","Sort Space Used": 367,"Sort Space Type": "Memory","Plans": [{"Node Type": "Nested Loop","Parent Relationship": "Outer","Parallel Aware": false,"Async Capable": false,"Join Type": "Inner","Startup Cost": 1250.87,"Total Cost": 147378.76,"Plan Rows": 1,"Plan Width": 26,"Actual Startup Time": 4.787,"Actual Total Time": 512.994,"Actual Rows": 3844,"Actual Loops": 1,"Inner Unique": true,"Plans": [{"Node Type": "Nested Loop","Parent Relationship": "Outer","Parallel Aware": false,"Async Capable": false,"Join Type": "Semi","Startup Cost": 1250.44,"Total Cost": 147378.26,"Plan Rows": 1,"Plan Width": 34,"Actual Startup Time": 4.747,"Actual Total Time": 447.855,"Actual Rows": 7892,"Actual Loops": 1,"Inner Unique": false,"Plans": [{"Node Type": "Gather","Parent Relationship": "Outer","Parallel Aware": false,"Async Capable": false,"Startup Cost": 1250.01,"Total Cost": 147377.22,"Plan Rows": 1,"Plan Width": 34,"Actual Startup Time": 4.560,"Actual Total Time": 339.834,"Actual Rows": 13152,"Actual Loops": 1,"Workers Planned": 4,"Workers Launched": 4,"Single Copy": false,"Plans": [{"Node Type": "Nested Loop","Parent Relationship": "Outer","Parallel Aware": false,"Async Capable": false,"Join Type": "Anti","Startup Cost": 250.01,"Total Cost": 146377.12,"Plan Rows": 1,"Plan Width": 34,"Actual Startup Time": 5.683,"Actual Total Time": 445.299,"Actual Rows": 2630,"Actual Loops": 5,"Inner Unique": false,"Workers": [],"Plans": [{"Node Type": "Hash Join","Parent Relationship": "Outer","Parallel Aware": false,"Async Capable": false,"Join Type": "Inner","Startup Cost": 249.58,"Total Cost": 133581.65,"Plan Rows": 19990,"Plan Width": 34,"Actual Startup Time": 5.525,"Actual Total Time": 357.256,"Actual Rows": 29502,"Actual Loops": 5,"Inner Unique": false,"Hash Cond": "(l1.l_suppkey = supplier.s_suppkey)","Workers": [],"Plans": [{"Node Type": "Seq Scan","Parent Relationship": "Outer","Parallel Aware": true,"Async Capable": false,"Relation Name": "lineitem","Alias": "l1","Startup Cost": 0.00,"Total Cost": 131256.80,"Plan Rows": 500101,"Plan Width": 8,"Actual Startup Time": 0.033,"Actual Total Time": 305.756,"Actual Rows": 758659,"Actual Loops": 5,"Filter": "(l_receiptdate > l_commitdate)","Rows Removed by Filter": 441584,"Workers": []},{"Node Type": "Hash","Parent Relationship": "Inner","Parallel Aware": false,"Async Capable": false,"Startup Cost": 244.58,"Total Cost": 244.58,"Plan Rows": 400,"Plan Width": 30,"Actual Startup Time": 5.155,"Actual Total Time": 5.167,"Actual Rows": 390,"Actual Loops": 5,"Hash Buckets": 1024,"Original Hash Buckets": 1024,"Hash Batches": 1,"Original Hash Batches": 1,"Peak Memory Usage": 33,"Workers": [],"Plans": [{"Node Type": "Nested Loop","Parent Relationship": "Outer","Parallel Aware": false,"Async Capable": false,"Join Type": "Inner","Startup Cost": 7.38,"Total Cost": 244.58,"Plan Rows": 400,"Plan Width": 30,"Actual Startup Time": 0.295,"Actual Total Time": 4.960,"Actual Rows": 390,"Actual Loops": 5,"Inner Unique": false,"Workers": [],"Plans": [{"Node Type": "Seq Scan","Parent Relationship": "Outer","Parallel Aware": false,"Async Capable": false,"Relation Name": "nation","Alias": "nation","Startup Cost": 0.00,"Total Cost": 1.31,"Plan Rows": 1,"Plan Width": 4,"Actual Startup Time": 0.065,"Actual Total Time": 0.070,"Actual Rows": 1,"Actual Loops": 5,"Filter": "(n_name = 'UNITED KINGDOM'::bpchar)","Rows Removed by Filter": 24,"Workers": []},{"Node Type": "Bitmap Heap Scan","Parent Relationship": "Inner","Parallel Aware": false,"Async Capable": false,"Relation Name": "supplier","Alias": "supplier","Startup Cost": 7.38,"Total Cost": 239.27,"Plan Rows": 400,"Plan Width": 34,"Actual Startup Time": 0.224,"Actual Total Time": 4.798,"Actual Rows": 390,"Actual Loops": 5,"Recheck Cond": "(s_nationkey = nation.n_nationkey)","Rows Removed by Index Recheck": 0,"Exact Heap Blocks": 190,"Lossy Heap Blocks": 0,"Workers": [],"Plans": [{"Node Type": "Bitmap Index Scan","Parent Relationship": "Outer","Parallel Aware": false,"Async Capable": false,"Index Name": "idx_supplier_nation_key","Startup Cost": 0.00,"Total Cost": 7.29,"Plan Rows": 400,"Plan Width": 0,"Actual Startup Time": 0.138,"Actual Total Time": 0.139,"Actual Rows": 390,"Actual Loops": 5,"Index Cond": "(s_nationkey = nation.n_nationkey)","Workers": []}]}]}]}]},{"Node Type": "Index Scan","Parent Relationship": "Inner","Parallel Aware": false,"Async Capable": false,"Scan Direction": "Forward","Index Name": "idx_lineitem_orderkey","Relation Name": "lineitem","Alias": "l3","Startup Cost": 0.43,"Total Cost": 1.06,"Plan Rows": 6,"Plan Width": 8,"Actual Startup Time": 0.003,"Actual Total Time": 0.003,"Actual Rows": 1,"Actual Loops": 147510,"Index Cond": "(l_orderkey = l1.l_orderkey)","Rows Removed by Index Recheck": 0,"Filter": "((l_receiptdate > l_commitdate) AND (l_suppkey <> l1.l_suppkey))","Rows Removed by Filter": 1,"Workers": []}]}]},{"Node Type": "Index Scan","Parent Relationship": "Inner","Parallel Aware": false,"Async Capable": false,"Scan Direction": "Forward","Index Name": "idx_lineitem_orderkey","Relation Name": "lineitem","Alias": "l2","Startup Cost": 0.43,"Total Cost": 1.02,"Plan Rows": 17,"Plan Width": 8,"Actual Startup Time": 0.008,"Actual Total Time": 0.008,"Actual Rows": 1,"Actual Loops": 13152,"Index Cond": "(l_orderkey = l1.l_orderkey)","Rows Removed by Index Recheck": 0,"Filter": "(l_suppkey <> l1.l_suppkey)","Rows Removed by Filter": 1}]},{"Node Type": "Index Scan","Parent Relationship": "Inner","Parallel Aware": false,"Async Capable": false,"Scan Direction": "Forward","Index Name": "orders_pkey","Relation Name": "orders","Alias": "orders","Startup Cost": 0.43,"Total Cost": 0.51,"Plan Rows": 1,"Plan Width": 4,"Actual Startup Time": 0.008,"Actual Total Time": 0.008,"Actual Rows": 0,"Actual Loops": 7892,"Index Cond": "(o_orderkey = l1.l_orderkey)","Rows Removed by Index Recheck": 0,"Filter": "(o_orderstatus = 'F'::bpchar)","Rows Removed by Filter": 1}]}]}]}]},"Planning Time": 10.043,"Triggers": [],"Execution Time": 525.836}]
[{"Plan": {"Node Type": "Sort","Parallel Aware": false,"Async Capable": false,"Startup Cost": 147378.80,"Total Cost": 147378.81,"Plan Rows": 1,"Plan Width": 34,"Actual Startup Time": 512.736,"Actual Total Time": 529.210,"Actual Rows": 438,"Actual Loops": 1,"Sort Key": ["(count(*)) DESC", "supplier.s_name"],"Sort Method": "quicksort","Sort Space Used": 59,"Sort Space Type": "Memory","Plans": [{"Node Type": "Aggregate","Strategy": "Sorted","Partial Mode": "Simple","Parent Relationship": "Outer","Parallel Aware": false,"Async Capable": false,"Startup Cost": 147378.77,"Total Cost": 147378.79,"Plan Rows": 1,"Plan Width": 34,"Actual Startup Time": 511.404,"Actual Total Time": 528.425,"Actual Rows": 438,"Actual Loops": 1,"Group Key": ["supplier.s_name"],"Plans": [{"Node Type": "Sort","Parent Relationship": "Outer","Parallel Aware": false,"Async Capable": false,"Startup Cost": 147378.77,"Total Cost": 147378.78,"Plan Rows": 1,"Plan Width": 26,"Actual Startup Time": 511.372,"Actual Total Time": 527.974,"Actual Rows": 4210,"Actual Loops": 1,"Sort Key": ["supplier.s_name"],"Sort Method": "quicksort","Sort Space Used": 489,"Sort Space Type": "Memory","Plans": [{"Node Type": "Nested Loop","Parent Relationship": "Outer","Parallel Aware": false,"Async Capable": false,"Join Type": "Inner","Startup Cost": 1250.87,"Total Cost": 147378.76,"Plan Rows": 1,"Plan Width": 26,"Actual Startup Time": 5.368,"Actual Total Time": 515.358,"Actual Rows": 4210,"Actual Loops": 1,"Inner Unique": true,"Plans": [{"Node Type": "Nested Loop","Parent Relationship": "Outer","Parallel Aware": false,"Async Capable": false,"Join Type": "Semi","Startup Cost": 1250.44,"Total Cost": 147378.26,"Plan Rows": 1,"Plan Width": 34,"Actual Startup Time": 5.330,"Actual Total Time": 447.041,"Actual Rows": 8778,"Actual Loops": 1,"Inner Unique": false,"Plans": [{"Node Type": "Gather","Parent Relationship": "Outer","Parallel Aware": false,"Async Capable": false,"Startup Cost": 1250.01,"Total Cost": 147377.22,"Plan Rows": 1,"Plan Width": 34,"Actual Startup Time": 5.278,"Actual Total Time": 329.789,"Actual Rows": 14669,"Actual Loops": 1,"Workers Planned": 4,"Workers Launched": 4,"Single Copy": false,"Plans": [{"Node Type": "Nested Loop","Parent Relationship": "Outer","Parallel Aware": false,"Async Capable": false,"Join Type": "Anti","Startup Cost": 250.01,"Total Cost": 146377.12,"Plan Rows": 1,"Plan Width": 34,"Actual Startup Time": 5.105,"Actual Total Time": 449.554,"Actual Rows": 2934,"Actual Loops": 5,"Inner Unique": false,"Workers": [],"Plans": [{"Node Type": "Hash Join","Parent Relationship": "Outer","Parallel Aware": false,"Async Capable": false,"Join Type": "Inner","Startup Cost": 249.58,"Total Cost": 133581.65,"Plan Rows": 19990,"Plan Width": 34,"Actual Startup Time": 4.734,"Actual Total Time": 354.759,"Actual Rows": 33108,"Actual Loops": 5,"Inner Unique": false,"Hash Cond": "(l1.l_suppkey = supplier.s_suppkey)","Workers": [],"Plans": [{"Node Type": "Seq Scan","Parent Relationship": "Outer","Parallel Aware": true,"Async Capable": false,"Relation Name": "lineitem","Alias": "l1","Startup Cost": 0.00,"Total Cost": 131256.80,"Plan Rows": 500101,"Plan Width": 8,"Actual Startup Time": 0.025,"Actual Total Time": 303.070,"Actual Rows": 758659,"Actual Loops": 5,"Filter": "(l_receiptdate > l_commitdate)","Rows Removed by Filter": 441584,"Workers": []},{"Node Type": "Hash","Parent Relationship": "Inner","Parallel Aware": false,"Async Capable": false,"Startup Cost": 244.58,"Total Cost": 244.58,"Plan Rows": 400,"Plan Width": 30,"Actual Startup Time": 4.446,"Actual Total Time": 4.454,"Actual Rows": 438,"Actual Loops": 5,"Hash Buckets": 1024,"Original Hash Buckets": 1024,"Hash Batches": 1,"Original Hash Batches": 1,"Peak Memory Usage": 36,"Workers": [],"Plans": [{"Node Type": "Nested Loop","Parent Relationship": "Outer","Parallel Aware": false,"Async Capable": false,"Join Type": "Inner","Startup Cost": 7.38,"Total Cost": 244.58,"Plan Rows": 400,"Plan Width": 30,"Actual Startup Time": 0.266,"Actual Total Time": 4.290,"Actual Rows": 438,"Actual Loops": 5,"Inner Unique": false,"Workers": [],"Plans": [{"Node Type": "Seq Scan","Parent Relationship": "Outer","Parallel Aware": false,"Async Capable": false,"Relation Name": "nation","Alias": "nation","Startup Cost": 0.00,"Total Cost": 1.31,"Plan Rows": 1,"Plan Width": 4,"Actual Startup Time": 0.058,"Actual Total Time": 0.064,"Actual Rows": 1,"Actual Loops": 5,"Filter": "(n_name = 'IRAQ'::bpchar)","Rows Removed by Filter": 24,"Workers": []},{"Node Type": "Bitmap Heap Scan","Parent Relationship": "Inner","Parallel Aware": false,"Async Capable": false,"Relation Name": "supplier","Alias": "supplier","Startup Cost": 7.38,"Total Cost": 239.27,"Plan Rows": 400,"Plan Width": 34,"Actual Startup Time": 0.204,"Actual Total Time": 4.151,"Actual Rows": 438,"Actual Loops": 5,"Recheck Cond": "(s_nationkey = nation.n_nationkey)","Rows Removed by Index Recheck": 0,"Exact Heap Blocks": 194,"Lossy Heap Blocks": 0,"Workers": [],"Plans": [{"Node Type": "Bitmap Index Scan","Parent Relationship": "Outer","Parallel Aware": false,"Async Capable": false,"Index Name": "idx_supplier_nation_key","Startup Cost": 0.00,"Total Cost": 7.29,"Plan Rows": 400,"Plan Width": 0,"Actual Startup Time": 0.139,"Actual Total Time": 0.140,"Actual Rows": 438,"Actual Loops": 5,"Index Cond": "(s_nationkey = nation.n_nationkey)","Workers": []}]}]}]}]},{"Node Type": "Index Scan","Parent Relationship": "Inner","Parallel Aware": false,"Async Capable": false,"Scan Direction": "Forward","Index Name": "idx_lineitem_orderkey","Relation Name": "lineitem","Alias": "l3","Startup Cost": 0.43,"Total Cost": 1.06,"Plan Rows": 6,"Plan Width": 8,"Actual Startup Time": 0.003,"Actual Total Time": 0.003,"Actual Rows": 1,"Actual Loops": 165540,"Index Cond": "(l_orderkey = l1.l_orderkey)","Rows Removed by Index Recheck": 0,"Filter": "((l_receiptdate > l_commitdate) AND (l_suppkey <> l1.l_suppkey))","Rows Removed by Filter": 1,"Workers": []}]}]},{"Node Type": "Index Scan","Parent Relationship": "Inner","Parallel Aware": false,"Async Capable": false,"Scan Direction": "Forward","Index Name": "idx_lineitem_orderkey","Relation Name": "lineitem","Alias": "l2","Startup Cost": 0.43,"Total Cost": 1.02,"Plan Rows": 17,"Plan Width": 8,"Actual Startup Time": 0.007,"Actual Total Time": 0.007,"Actual Rows": 1,"Actual Loops": 14669,"Index Cond": "(l_orderkey = l1.l_orderkey)","Rows Removed by Index Recheck": 0,"Filter": "(l_suppkey <> l1.l_suppkey)","Rows Removed by Filter": 1}]},{"Node Type": "Index Scan","Parent Relationship": "Inner","Parallel Aware": false,"Async Capable": false,"Scan Direction": "Forward","Index Name": "orders_pkey","Relation Name": "orders","Alias": "orders","Startup Cost": 0.43,"Total Cost": 0.51,"Plan Rows": 1,"Plan Width": 4,"Actual Startup Time": 0.008,"Actual Total Time": 0.008,"Actual Rows": 0,"Actual Loops": 8778,"Index Cond": "(o_orderkey = l1.l_orderkey)","Rows Removed by Index Recheck": 0,"Filter": "(o_orderstatus = 'F'::bpchar)","Rows Removed by Filter": 1}]}]}]}]},"Planning Time": 9.762,"Triggers": [],"Execution Time": 529.872}]
[{"Plan": {"Node Type": "Sort","Parallel Aware": false,"Async Capable": false,"Startup Cost": 147378.80,"Total Cost": 147378.81,"Plan Rows": 1,"Plan Width": 34,"Actual Startup Time": 500.228,"Actual Total Time": 519.082,"Actual Rows": 412,"Actual Loops": 1,"Sort Key": ["(count(*)) DESC", "supplier.s_name"],"Sort Method": "quicksort","Sort Space Used": 57,"Sort Space Type": "Memory","Plans": [{"Node Type": "Aggregate","Strategy": "Sorted","Partial Mode": "Simple","Parent Relationship": "Outer","Parallel Aware": false,"Async Capable": false,"Startup Cost": 147378.77,"Total Cost": 147378.79,"Plan Rows": 1,"Plan Width": 34,"Actual Startup Time": 498.981,"Actual Total Time": 518.359,"Actual Rows": 412,"Actual Loops": 1,"Group Key": ["supplier.s_name"],"Plans": [{"Node Type": "Sort","Parent Relationship": "Outer","Parallel Aware": false,"Async Capable": false,"Startup Cost": 147378.77,"Total Cost": 147378.78,"Plan Rows": 1,"Plan Width": 26,"Actual Startup Time": 498.949,"Actual Total Time": 517.928,"Actual Rows": 4030,"Actual Loops": 1,"Sort Key": ["supplier.s_name"],"Sort Method": "quicksort","Sort Space Used": 380,"Sort Space Type": "Memory","Plans": [{"Node Type": "Nested Loop","Parent Relationship": "Outer","Parallel Aware": false,"Async Capable": false,"Join Type": "Inner","Startup Cost": 1250.87,"Total Cost": 147378.76,"Plan Rows": 1,"Plan Width": 26,"Actual Startup Time": 4.020,"Actual Total Time": 506.052,"Actual Rows": 4030,"Actual Loops": 1,"Inner Unique": true,"Plans": [{"Node Type": "Nested Loop","Parent Relationship": "Outer","Parallel Aware": false,"Async Capable": false,"Join Type": "Semi","Startup Cost": 1250.44,"Total Cost": 147378.26,"Plan Rows": 1,"Plan Width": 34,"Actual Startup Time": 3.993,"Actual Total Time": 443.011,"Actual Rows": 8146,"Actual Loops": 1,"Inner Unique": false,"Plans": [{"Node Type": "Gather","Parent Relationship": "Outer","Parallel Aware": false,"Async Capable": false,"Startup Cost": 1250.01,"Total Cost": 147377.22,"Plan Rows": 1,"Plan Width": 34,"Actual Startup Time": 3.980,"Actual Total Time": 336.738,"Actual Rows": 13748,"Actual Loops": 1,"Workers Planned": 4,"Workers Launched": 4,"Single Copy": false,"Plans": [{"Node Type": "Nested Loop","Parent Relationship": "Outer","Parallel Aware": false,"Async Capable": false,"Join Type": "Anti","Startup Cost": 250.01,"Total Cost": 146377.12,"Plan Rows": 1,"Plan Width": 34,"Actual Startup Time": 4.569,"Actual Total Time": 441.712,"Actual Rows": 2750,"Actual Loops": 5,"Inner Unique": false,"Workers": [],"Plans": [{"Node Type": "Hash Join","Parent Relationship": "Outer","Parallel Aware": false,"Async Capable": false,"Join Type": "Inner","Startup Cost": 249.58,"Total Cost": 133581.65,"Plan Rows": 19990,"Plan Width": 34,"Actual Startup Time": 4.262,"Actual Total Time": 350.942,"Actual Rows": 31209,"Actual Loops": 5,"Inner Unique": false,"Hash Cond": "(l1.l_suppkey = supplier.s_suppkey)","Workers": [],"Plans": [{"Node Type": "Seq Scan","Parent Relationship": "Outer","Parallel Aware": true,"Async Capable": false,"Relation Name": "lineitem","Alias": "l1","Startup Cost": 0.00,"Total Cost": 131256.80,"Plan Rows": 500101,"Plan Width": 8,"Actual Startup Time": 0.026,"Actual Total Time": 299.296,"Actual Rows": 758659,"Actual Loops": 5,"Filter": "(l_receiptdate > l_commitdate)","Rows Removed by Filter": 441584,"Workers": []},{"Node Type": "Hash","Parent Relationship": "Inner","Parallel Aware": false,"Async Capable": false,"Startup Cost": 244.58,"Total Cost": 244.58,"Plan Rows": 400,"Plan Width": 30,"Actual Startup Time": 3.907,"Actual Total Time": 3.918,"Actual Rows": 412,"Actual Loops": 5,"Hash Buckets": 1024,"Original Hash Buckets": 1024,"Hash Batches": 1,"Original Hash Batches": 1,"Peak Memory Usage": 34,"Workers": [],"Plans": [{"Node Type": "Nested Loop","Parent Relationship": "Outer","Parallel Aware": false,"Async Capable": false,"Join Type": "Inner","Startup Cost": 7.38,"Total Cost": 244.58,"Plan Rows": 400,"Plan Width": 30,"Actual Startup Time": 0.286,"Actual Total Time": 3.756,"Actual Rows": 412,"Actual Loops": 5,"Inner Unique": false,"Workers": [],"Plans": [{"Node Type": "Seq Scan","Parent Relationship": "Outer","Parallel Aware": false,"Async Capable": false,"Relation Name": "nation","Alias": "nation","Startup Cost": 0.00,"Total Cost": 1.31,"Plan Rows": 1,"Plan Width": 4,"Actual Startup Time": 0.059,"Actual Total Time": 0.064,"Actual Rows": 1,"Actual Loops": 5,"Filter": "(n_name = 'CANADA'::bpchar)","Rows Removed by Filter": 24,"Workers": []},{"Node Type": "Bitmap Heap Scan","Parent Relationship": "Inner","Parallel Aware": false,"Async Capable": false,"Relation Name": "supplier","Alias": "supplier","Startup Cost": 7.38,"Total Cost": 239.27,"Plan Rows": 400,"Plan Width": 34,"Actual Startup Time": 0.222,"Actual Total Time": 3.623,"Actual Rows": 412,"Actual Loops": 5,"Recheck Cond": "(s_nationkey = nation.n_nationkey)","Rows Removed by Index Recheck": 0,"Exact Heap Blocks": 189,"Lossy Heap Blocks": 0,"Workers": [],"Plans": [{"Node Type": "Bitmap Index Scan","Parent Relationship": "Outer","Parallel Aware": false,"Async Capable": false,"Index Name": "idx_supplier_nation_key","Startup Cost": 0.00,"Total Cost": 7.29,"Plan Rows": 400,"Plan Width": 0,"Actual Startup Time": 0.144,"Actual Total Time": 0.145,"Actual Rows": 412,"Actual Loops": 5,"Index Cond": "(s_nationkey = nation.n_nationkey)","Workers": []}]}]}]}]},{"Node Type": "Index Scan","Parent Relationship": "Inner","Parallel Aware": false,"Async Capable": false,"Scan Direction": "Forward","Index Name": "idx_lineitem_orderkey","Relation Name": "lineitem","Alias": "l3","Startup Cost": 0.43,"Total Cost": 1.06,"Plan Rows": 6,"Plan Width": 8,"Actual Startup Time": 0.003,"Actual Total Time": 0.003,"Actual Rows": 1,"Actual Loops": 156047,"Index Cond": "(l_orderkey = l1.l_orderkey)","Rows Removed by Index Recheck": 0,"Filter": "((l_receiptdate > l_commitdate) AND (l_suppkey <> l1.l_suppkey))","Rows Removed by Filter": 1,"Workers": []}]}]},{"Node Type": "Index Scan","Parent Relationship": "Inner","Parallel Aware": false,"Async Capable": false,"Scan Direction": "Forward","Index Name": "idx_lineitem_orderkey","Relation Name": "lineitem","Alias": "l2","Startup Cost": 0.43,"Total Cost": 1.02,"Plan Rows": 17,"Plan Width": 8,"Actual Startup Time": 0.007,"Actual Total Time": 0.007,"Actual Rows": 1,"Actual Loops": 13748,"Index Cond": "(l_orderkey = l1.l_orderkey)","Rows Removed by Index Recheck": 0,"Filter": "(l_suppkey <> l1.l_suppkey)","Rows Removed by Filter": 1}]},{"Node Type": "Index Scan","Parent Relationship": "Inner","Parallel Aware": false,"Async Capable": false,"Scan Direction": "Forward","Index Name": "orders_pkey","Relation Name": "orders","Alias": "orders","Startup Cost": 0.43,"Total Cost": 0.51,"Plan Rows": 1,"Plan Width": 4,"Actual Startup Time": 0.007,"Actual Total Time": 0.007,"Actual Rows": 0,"Actual Loops": 8146,"Index Cond": "(o_orderkey = l1.l_orderkey)","Rows Removed by Index Recheck": 0,"Filter": "(o_orderstatus = 'F'::bpchar)","Rows Removed by Filter": 1}]}]}]}]},"Planning Time": 9.689,"Triggers": [],"Execution Time": 519.513}]
[{"Plan": {"Node Type": "Sort","Parallel Aware": false,"Async Capable": false,"Startup Cost": 147378.80,"Total Cost": 147378.81,"Plan Rows": 1,"Plan Width": 34,"Actual Startup Time": 484.568,"Actual Total Time": 505.980,"Actual Rows": 362,"Actual Loops": 1,"Sort Key": ["(count(*)) DESC", "supplier.s_name"],"Sort Method": "quicksort","Sort Space Used": 53,"Sort Space Type": "Memory","Plans": [{"Node Type": "Aggregate","Strategy": "Sorted","Partial Mode": "Simple","Parent Relationship": "Outer","Parallel Aware": false,"Async Capable": false,"Startup Cost": 147378.77,"Total Cost": 147378.79,"Plan Rows": 1,"Plan Width": 34,"Actual Startup Time": 483.467,"Actual Total Time": 505.326,"Actual Rows": 362,"Actual Loops": 1,"Group Key": ["supplier.s_name"],"Plans": [{"Node Type": "Sort","Parent Relationship": "Outer","Parallel Aware": false,"Async Capable": false,"Startup Cost": 147378.77,"Total Cost": 147378.78,"Plan Rows": 1,"Plan Width": 26,"Actual Startup Time": 483.448,"Actual Total Time": 504.962,"Actual Rows": 3454,"Actual Loops": 1,"Sort Key": ["supplier.s_name"],"Sort Method": "quicksort","Sort Space Used": 339,"Sort Space Type": "Memory","Plans": [{"Node Type": "Nested Loop","Parent Relationship": "Outer","Parallel Aware": false,"Async Capable": false,"Join Type": "Inner","Startup Cost": 1250.87,"Total Cost": 147378.76,"Plan Rows": 1,"Plan Width": 26,"Actual Startup Time": 4.046,"Actual Total Time": 494.960,"Actual Rows": 3454,"Actual Loops": 1,"Inner Unique": true,"Plans": [{"Node Type": "Nested Loop","Parent Relationship": "Outer","Parallel Aware": false,"Async Capable": false,"Join Type": "Semi","Startup Cost": 1250.44,"Total Cost": 147378.26,"Plan Rows": 1,"Plan Width": 34,"Actual Startup Time": 3.697,"Actual Total Time": 437.513,"Actual Rows": 7167,"Actual Loops": 1,"Inner Unique": false,"Plans": [{"Node Type": "Gather","Parent Relationship": "Outer","Parallel Aware": false,"Async Capable": false,"Startup Cost": 1250.01,"Total Cost": 147377.22,"Plan Rows": 1,"Plan Width": 34,"Actual Startup Time": 3.682,"Actual Total Time": 337.976,"Actual Rows": 12136,"Actual Loops": 1,"Workers Planned": 4,"Workers Launched": 4,"Single Copy": false,"Plans": [{"Node Type": "Nested Loop","Parent Relationship": "Outer","Parallel Aware": false,"Async Capable": false,"Join Type": "Anti","Startup Cost": 250.01,"Total Cost": 146377.12,"Plan Rows": 1,"Plan Width": 34,"Actual Startup Time": 4.367,"Actual Total Time": 431.433,"Actual Rows": 2427,"Actual Loops": 5,"Inner Unique": false,"Workers": [],"Plans": [{"Node Type": "Hash Join","Parent Relationship": "Outer","Parallel Aware": false,"Async Capable": false,"Join Type": "Inner","Startup Cost": 249.58,"Total Cost": 133581.65,"Plan Rows": 19990,"Plan Width": 34,"Actual Startup Time": 4.181,"Actual Total Time": 349.984,"Actual Rows": 27450,"Actual Loops": 5,"Inner Unique": false,"Hash Cond": "(l1.l_suppkey = supplier.s_suppkey)","Workers": [],"Plans": [{"Node Type": "Seq Scan","Parent Relationship": "Outer","Parallel Aware": true,"Async Capable": false,"Relation Name": "lineitem","Alias": "l1","Startup Cost": 0.00,"Total Cost": 131256.80,"Plan Rows": 500101,"Plan Width": 8,"Actual Startup Time": 0.027,"Actual Total Time": 299.399,"Actual Rows": 758659,"Actual Loops": 5,"Filter": "(l_receiptdate > l_commitdate)","Rows Removed by Filter": 441584,"Workers": []},{"Node Type": "Hash","Parent Relationship": "Inner","Parallel Aware": false,"Async Capable": false,"Startup Cost": 244.58,"Total Cost": 244.58,"Plan Rows": 400,"Plan Width": 30,"Actual Startup Time": 3.849,"Actual Total Time": 3.862,"Actual Rows": 362,"Actual Loops": 5,"Hash Buckets": 1024,"Original Hash Buckets": 1024,"Hash Batches": 1,"Original Hash Batches": 1,"Peak Memory Usage": 31,"Workers": [],"Plans": [{"Node Type": "Nested Loop","Parent Relationship": "Outer","Parallel Aware": false,"Async Capable": false,"Join Type": "Inner","Startup Cost": 7.38,"Total Cost": 244.58,"Plan Rows": 400,"Plan Width": 30,"Actual Startup Time": 0.339,"Actual Total Time": 3.727,"Actual Rows": 362,"Actual Loops": 5,"Inner Unique": false,"Workers": [],"Plans": [{"Node Type": "Seq Scan","Parent Relationship": "Outer","Parallel Aware": false,"Async Capable": false,"Relation Name": "nation","Alias": "nation","Startup Cost": 0.00,"Total Cost": 1.31,"Plan Rows": 1,"Plan Width": 4,"Actual Startup Time": 0.061,"Actual Total Time": 0.064,"Actual Rows": 1,"Actual Loops": 5,"Filter": "(n_name = 'JORDAN'::bpchar)","Rows Removed by Filter": 24,"Workers": []},{"Node Type": "Bitmap Heap Scan","Parent Relationship": "Inner","Parallel Aware": false,"Async Capable": false,"Relation Name": "supplier","Alias": "supplier","Startup Cost": 7.38,"Total Cost": 239.27,"Plan Rows": 400,"Plan Width": 34,"Actual Startup Time": 0.272,"Actual Total Time": 3.601,"Actual Rows": 362,"Actual Loops": 5,"Recheck Cond": "(s_nationkey = nation.n_nationkey)","Rows Removed by Index Recheck": 0,"Exact Heap Blocks": 166,"Lossy Heap Blocks": 0,"Workers": [],"Plans": [{"Node Type": "Bitmap Index Scan","Parent Relationship": "Outer","Parallel Aware": false,"Async Capable": false,"Index Name": "idx_supplier_nation_key","Startup Cost": 0.00,"Total Cost": 7.29,"Plan Rows": 400,"Plan Width": 0,"Actual Startup Time": 0.176,"Actual Total Time": 0.178,"Actual Rows": 362,"Actual Loops": 5,"Index Cond": "(s_nationkey = nation.n_nationkey)","Workers": []}]}]}]}]},{"Node Type": "Index Scan","Parent Relationship": "Inner","Parallel Aware": false,"Async Capable": false,"Scan Direction": "Forward","Index Name": "idx_lineitem_orderkey","Relation Name": "lineitem","Alias": "l3","Startup Cost": 0.43,"Total Cost": 1.06,"Plan Rows": 6,"Plan Width": 8,"Actual Startup Time": 0.003,"Actual Total Time": 0.003,"Actual Rows": 1,"Actual Loops": 137252,"Index Cond": "(l_orderkey = l1.l_orderkey)","Rows Removed by Index Recheck": 0,"Filter": "((l_receiptdate > l_commitdate) AND (l_suppkey <> l1.l_suppkey))","Rows Removed by Filter": 1,"Workers": []}]}]},{"Node Type": "Index Scan","Parent Relationship": "Inner","Parallel Aware": false,"Async Capable": false,"Scan Direction": "Forward","Index Name": "idx_lineitem_orderkey","Relation Name": "lineitem","Alias": "l2","Startup Cost": 0.43,"Total Cost": 1.02,"Plan Rows": 17,"Plan Width": 8,"Actual Startup Time": 0.008,"Actual Total Time": 0.008,"Actual Rows": 1,"Actual Loops": 12136,"Index Cond": "(l_orderkey = l1.l_orderkey)","Rows Removed by Index Recheck": 0,"Filter": "(l_suppkey <> l1.l_suppkey)","Rows Removed by Filter": 1}]},{"Node Type": "Index Scan","Parent Relationship": "Inner","Parallel Aware": false,"Async Capable": false,"Scan Direction": "Forward","Index Name": "orders_pkey","Relation Name": "orders","Alias": "orders","Startup Cost": 0.43,"Total Cost": 0.51,"Plan Rows": 1,"Plan Width": 4,"Actual Startup Time": 0.008,"Actual Total Time": 0.008,"Actual Rows": 0,"Actual Loops": 7167,"Index Cond": "(o_orderkey = l1.l_orderkey)","Rows Removed by Index Recheck": 0,"Filter": "(o_orderstatus = 'F'::bpchar)","Rows Removed by Filter": 1}]}]}]}]},"Planning Time": 8.148,"Triggers": [],"Execution Time": 506.532}]
[{"Plan": {"Node Type": "Sort","Parallel Aware": false,"Async Capable": false,"Startup Cost": 147378.80,"Total Cost": 147378.81,"Plan Rows": 1,"Plan Width": 34,"Actual Startup Time": 512.736,"Actual Total Time": 529.210,"Actual Rows": 438,"Actual Loops": 1,"Sort Key": ["(count(*)) DESC", "supplier.s_name"],"Sort Method": "quicksort","Sort Space Used": 59,"Sort Space Type": "Memory","Plans": [{"Node Type": "Aggregate","Strategy": "Sorted","Partial Mode": "Simple","Parent Relationship": "Outer","Parallel Aware": false,"Async Capable": false,"Startup Cost": 147378.77,"Total Cost": 147378.79,"Plan Rows": 1,"Plan Width": 34,"Actual Startup Time": 511.404,"Actual Total Time": 528.425,"Actual Rows": 438,"Actual Loops": 1,"Group Key": ["supplier.s_name"],"Plans": [{"Node Type": "Sort","Parent Relationship": "Outer","Parallel Aware": false,"Async Capable": false,"Startup Cost": 147378.77,"Total Cost": 147378.78,"Plan Rows": 1,"Plan Width": 26,"Actual Startup Time": 511.372,"Actual Total Time": 527.974,"Actual Rows": 4210,"Actual Loops": 1,"Sort Key": ["supplier.s_name"],"Sort Method": "quicksort","Sort Space Used": 489,"Sort Space Type": "Memory","Plans": [{"Node Type": "Nested Loop","Parent Relationship": "Outer","Parallel Aware": false,"Async Capable": false,"Join Type": "Inner","Startup Cost": 1250.87,"Total Cost": 147378.76,"Plan Rows": 1,"Plan Width": 26,"Actual Startup Time": 5.368,"Actual Total Time": 515.358,"Actual Rows": 4210,"Actual Loops": 1,"Inner Unique": true,"Plans": [{"Node Type": "Nested Loop","Parent Relationship": "Outer","Parallel Aware": false,"Async Capable": false,"Join Type": "Semi","Startup Cost": 1250.44,"Total Cost": 147378.26,"Plan Rows": 1,"Plan Width": 34,"Actual Startup Time": 5.330,"Actual Total Time": 447.041,"Actual Rows": 8778,"Actual Loops": 1,"Inner Unique": false,"Plans": [{"Node Type": "Gather","Parent Relationship": "Outer","Parallel Aware": false,"Async Capable": false,"Startup Cost": 1250.01,"Total Cost": 147377.22,"Plan Rows": 1,"Plan Width": 34,"Actual Startup Time": 5.278,"Actual Total Time": 329.789,"Actual Rows": 14669,"Actual Loops": 1,"Workers Planned": 4,"Workers Launched": 4,"Single Copy": false,"Plans": [{"Node Type": "Nested Loop","Parent Relationship": "Outer","Parallel Aware": false,"Async Capable": false,"Join Type": "Anti","Startup Cost": 250.01,"Total Cost": 146377.12,"Plan Rows": 1,"Plan Width": 34,"Actual Startup Time": 5.105,"Actual Total Time": 449.554,"Actual Rows": 2934,"Actual Loops": 5,"Inner Unique": false,"Workers": [],"Plans": [{"Node Type": "Hash Join","Parent Relationship": "Outer","Parallel Aware": false,"Async Capable": false,"Join Type": "Inner","Startup Cost": 249.58,"Total Cost": 133581.65,"Plan Rows": 19990,"Plan Width": 34,"Actual Startup Time": 4.734,"Actual Total Time": 354.759,"Actual Rows": 33108,"Actual Loops": 5,"Inner Unique": false,"Hash Cond": "(l1.l_suppkey = supplier.s_suppkey)","Workers": [],"Plans": [{"Node Type": "Seq Scan","Parent Relationship": "Outer","Parallel Aware": true,"Async Capable": false,"Relation Name": "lineitem","Alias": "l1","Startup Cost": 0.00,"Total Cost": 131256.80,"Plan Rows": 500101,"Plan Width": 8,"Actual Startup Time": 0.025,"Actual Total Time": 303.070,"Actual Rows": 758659,"Actual Loops": 5,"Filter": "(l_receiptdate > l_commitdate)","Rows Removed by Filter": 441584,"Workers": []},{"Node Type": "Hash","Parent Relationship": "Inner","Parallel Aware": false,"Async Capable": false,"Startup Cost": 244.58,"Total Cost": 244.58,"Plan Rows": 400,"Plan Width": 30,"Actual Startup Time": 4.446,"Actual Total Time": 4.454,"Actual Rows": 438,"Actual Loops": 5,"Hash Buckets": 1024,"Original Hash Buckets": 1024,"Hash Batches": 1,"Original Hash Batches": 1,"Peak Memory Usage": 36,"Workers": [],"Plans": [{"Node Type": "Nested Loop","Parent Relationship": "Outer","Parallel Aware": false,"Async Capable": false,"Join Type": "Inner","Startup Cost": 7.38,"Total Cost": 244.58,"Plan Rows": 400,"Plan Width": 30,"Actual Startup Time": 0.266,"Actual Total Time": 4.290,"Actual Rows": 438,"Actual Loops": 5,"Inner Unique": false,"Workers": [],"Plans": [{"Node Type": "Seq Scan","Parent Relationship": "Outer","Parallel Aware": false,"Async Capable": false,"Relation Name": "nation","Alias": "nation","Startup Cost": 0.00,"Total Cost": 1.31,"Plan Rows": 1,"Plan Width": 4,"Actual Startup Time": 0.058,"Actual Total Time": 0.064,"Actual Rows": 1,"Actual Loops": 5,"Filter": "(n_name = 'IRAQ'::bpchar)","Rows Removed by Filter": 24,"Workers": []},{"Node Type": "Bitmap Heap Scan","Parent Relationship": "Inner","Parallel Aware": false,"Async Capable": false,"Relation Name": "supplier","Alias": "supplier","Startup Cost": 7.38,"Total Cost": 239.27,"Plan Rows": 400,"Plan Width": 34,"Actual Startup Time": 0.204,"Actual Total Time": 4.151,"Actual Rows": 438,"Actual Loops": 5,"Recheck Cond": "(s_nationkey = nation.n_nationkey)","Rows Removed by Index Recheck": 0,"Exact Heap Blocks": 194,"Lossy Heap Blocks": 0,"Workers": [],"Plans": [{"Node Type": "Bitmap Index Scan","Parent Relationship": "Outer","Parallel Aware": false,"Async Capable": false,"Index Name": "idx_supplier_nation_key","Startup Cost": 0.00,"Total Cost": 7.29,"Plan Rows": 400,"Plan Width": 0,"Actual Startup Time": 0.139,"Actual Total Time": 0.140,"Actual Rows": 438,"Actual Loops": 5,"Index Cond": "(s_nationkey = nation.n_nationkey)","Workers": []}]}]}]}]},{"Node Type": "Index Scan","Parent Relationship": "Inner","Parallel Aware": false,"Async Capable": false,"Scan Direction": "Forward","Index Name": "idx_lineitem_orderkey","Relation Name": "lineitem","Alias": "l3","Startup Cost": 0.43,"Total Cost": 1.06,"Plan Rows": 6,"Plan Width": 8,"Actual Startup Time": 0.003,"Actual Total Time": 0.003,"Actual Rows": 1,"Actual Loops": 165540,"Index Cond": "(l_orderkey = l1.l_orderkey)","Rows Removed by Index Recheck": 0,"Filter": "((l_receiptdate > l_commitdate) AND (l_suppkey <> l1.l_suppkey))","Rows Removed by Filter": 1,"Workers": []}]}]},{"Node Type": "Index Scan","Parent Relationship": "Inner","Parallel Aware": false,"Async Capable": false,"Scan Direction": "Forward","Index Name": "idx_lineitem_orderkey","Relation Name": "lineitem","Alias": "l2","Startup Cost": 0.43,"Total Cost": 1.02,"Plan Rows": 17,"Plan Width": 8,"Actual Startup Time": 0.007,"Actual Total Time": 0.007,"Actual Rows": 1,"Actual Loops": 14669,"Index Cond": "(l_orderkey = l1.l_orderkey)","Rows Removed by Index Recheck": 0,"Filter": "(l_suppkey <> l1.l_suppkey)","Rows Removed by Filter": 1}]},{"Node Type": "Index Scan","Parent Relationship": "Inner","Parallel Aware": false,"Async Capable": false,"Scan Direction": "Forward","Index Name": "orders_pkey","Relation Name": "orders","Alias": "orders","Startup Cost": 0.43,"Total Cost": 0.51,"Plan Rows": 1,"Plan Width": 4,"Actual Startup Time": 0.008,"Actual Total Time": 0.008,"Actual Rows": 0,"Actual Loops": 8778,"Index Cond": "(o_orderkey = l1.l_orderkey)","Rows Removed by Index Recheck": 0,"Filter": "(o_orderstatus = 'F'::bpchar)","Rows Removed by Filter": 1}]}]}]}]},"Planning Time": 9.762,"Triggers": [],"Execution Time": 529.872}]
[{"Plan": {"Node Type": "Sort","Parallel Aware": false,"Async Capable": false,"Startup Cost": 147378.80,"Total Cost": 147378.81,"Plan Rows": 1,"Plan Width": 34,"Actual Startup Time": 494.557,"Actual Total Time": 516.628,"Actual Rows": 380,"Actual Loops": 1,"Sort Key": ["(count(*)) DESC", "supplier.s_name"],"Sort Method": "quicksort","Sort Space Used": 54,"Sort Space Type": "Memory","Plans": [{"Node Type": "Aggregate","Strategy": "Sorted","Partial Mode": "Simple","Parent Relationship": "Outer","Parallel Aware": false,"Async Capable": false,"Startup Cost": 147378.77,"Total Cost": 147378.79,"Plan Rows": 1,"Plan Width": 34,"Actual Startup Time": 493.417,"Actual Total Time": 515.990,"Actual Rows": 380,"Actual Loops": 1,"Group Key": ["supplier.s_name"],"Plans": [{"Node Type": "Sort","Parent Relationship": "Outer","Parallel Aware": false,"Async Capable": false,"Startup Cost": 147378.77,"Total Cost": 147378.78,"Plan Rows": 1,"Plan Width": 26,"Actual Startup Time": 493.396,"Actual Total Time": 515.587,"Actual Rows": 3777,"Actual Loops": 1,"Sort Key": ["supplier.s_name"],"Sort Method": "quicksort","Sort Space Used": 362,"Sort Space Type": "Memory","Plans": [{"Node Type": "Nested Loop","Parent Relationship": "Outer","Parallel Aware": false,"Async Capable": false,"Join Type": "Inner","Startup Cost": 1250.87,"Total Cost": 147378.76,"Plan Rows": 1,"Plan Width": 26,"Actual Startup Time": 4.998,"Actual Total Time": 504.711,"Actual Rows": 3777,"Actual Loops": 1,"Inner Unique": true,"Plans": [{"Node Type": "Nested Loop","Parent Relationship": "Outer","Parallel Aware": false,"Async Capable": false,"Join Type": "Semi","Startup Cost": 1250.44,"Total Cost": 147378.26,"Plan Rows": 1,"Plan Width": 34,"Actual Startup Time": 4.963,"Actual Total Time": 440.621,"Actual Rows": 7670,"Actual Loops": 1,"Inner Unique": false,"Plans": [{"Node Type": "Gather","Parent Relationship": "Outer","Parallel Aware": false,"Async Capable": false,"Startup Cost": 1250.01,"Total Cost": 147377.22,"Plan Rows": 1,"Plan Width": 34,"Actual Startup Time": 4.951,"Actual Total Time": 333.201,"Actual Rows": 12935,"Actual Loops": 1,"Workers Planned": 4,"Workers Launched": 4,"Single Copy": false,"Plans": [{"Node Type": "Nested Loop","Parent Relationship": "Outer","Parallel Aware": false,"Async Capable": false,"Join Type": "Anti","Startup Cost": 250.01,"Total Cost": 146377.12,"Plan Rows": 1,"Plan Width": 34,"Actual Startup Time": 5.873,"Actual Total Time": 437.867,"Actual Rows": 2587,"Actual Loops": 5,"Inner Unique": false,"Workers": [],"Plans": [{"Node Type": "Hash Join","Parent Relationship": "Outer","Parallel Aware": false,"Async Capable": false,"Join Type": "Inner","Startup Cost": 249.58,"Total Cost": 133581.65,"Plan Rows": 19990,"Plan Width": 34,"Actual Startup Time": 5.239,"Actual Total Time": 352.656,"Actual Rows": 28741,"Actual Loops": 5,"Inner Unique": false,"Hash Cond": "(l1.l_suppkey = supplier.s_suppkey)","Workers": [],"Plans": [{"Node Type": "Seq Scan","Parent Relationship": "Outer","Parallel Aware": true,"Async Capable": false,"Relation Name": "lineitem","Alias": "l1","Startup Cost": 0.00,"Total Cost": 131256.80,"Plan Rows": 500101,"Plan Width": 8,"Actual Startup Time": 0.031,"Actual Total Time": 300.900,"Actual Rows": 758659,"Actual Loops": 5,"Filter": "(l_receiptdate > l_commitdate)","Rows Removed by Filter": 441584,"Workers": []},{"Node Type": "Hash","Parent Relationship": "Inner","Parallel Aware": false,"Async Capable": false,"Startup Cost": 244.58,"Total Cost": 244.58,"Plan Rows": 400,"Plan Width": 30,"Actual Startup Time": 4.907,"Actual Total Time": 4.921,"Actual Rows": 380,"Actual Loops": 5,"Hash Buckets": 1024,"Original Hash Buckets": 1024,"Hash Batches": 1,"Original Hash Batches": 1,"Peak Memory Usage": 32,"Workers": [],"Plans": [{"Node Type": "Nested Loop","Parent Relationship": "Outer","Parallel Aware": false,"Async Capable": false,"Join Type": "Inner","Startup Cost": 7.38,"Total Cost": 244.58,"Plan Rows": 400,"Plan Width": 30,"Actual Startup Time": 0.293,"Actual Total Time": 4.740,"Actual Rows": 380,"Actual Loops": 5,"Inner Unique": false,"Workers": [],"Plans": [{"Node Type": "Seq Scan","Parent Relationship": "Outer","Parallel Aware": false,"Async Capable": false,"Relation Name": "nation","Alias": "nation","Startup Cost": 0.00,"Total Cost": 1.31,"Plan Rows": 1,"Plan Width": 4,"Actual Startup Time": 0.048,"Actual Total Time": 0.056,"Actual Rows": 1,"Actual Loops": 5,"Filter": "(n_name = 'ETHIOPIA'::bpchar)","Rows Removed by Filter": 24,"Workers": []},{"Node Type": "Bitmap Heap Scan","Parent Relationship": "Inner","Parallel Aware": false,"Async Capable": false,"Relation Name": "supplier","Alias": "supplier","Startup Cost": 7.38,"Total Cost": 239.27,"Plan Rows": 400,"Plan Width": 34,"Actual Startup Time": 0.240,"Actual Total Time": 4.598,"Actual Rows": 380,"Actual Loops": 5,"Recheck Cond": "(s_nationkey = nation.n_nationkey)","Rows Removed by Index Recheck": 0,"Exact Heap Blocks": 192,"Lossy Heap Blocks": 0,"Workers": [],"Plans": [{"Node Type": "Bitmap Index Scan","Parent Relationship": "Outer","Parallel Aware": false,"Async Capable": false,"Index Name": "idx_supplier_nation_key","Startup Cost": 0.00,"Total Cost": 7.29,"Plan Rows": 400,"Plan Width": 0,"Actual Startup Time": 0.158,"Actual Total Time": 0.159,"Actual Rows": 380,"Actual Loops": 5,"Index Cond": "(s_nationkey = nation.n_nationkey)","Workers": []}]}]}]}]},{"Node Type": "Index Scan","Parent Relationship": "Inner","Parallel Aware": false,"Async Capable": false,"Scan Direction": "Forward","Index Name": "idx_lineitem_orderkey","Relation Name": "lineitem","Alias": "l3","Startup Cost": 0.43,"Total Cost": 1.06,"Plan Rows": 6,"Plan Width": 8,"Actual Startup Time": 0.003,"Actual Total Time": 0.003,"Actual Rows": 1,"Actual Loops": 143707,"Index Cond": "(l_orderkey = l1.l_orderkey)","Rows Removed by Index Recheck": 0,"Filter": "((l_receiptdate > l_commitdate) AND (l_suppkey <> l1.l_suppkey))","Rows Removed by Filter": 1,"Workers": []}]}]},{"Node Type": "Index Scan","Parent Relationship": "Inner","Parallel Aware": false,"Async Capable": false,"Scan Direction": "Forward","Index Name": "idx_lineitem_orderkey","Relation Name": "lineitem","Alias": "l2","Startup Cost": 0.43,"Total Cost": 1.02,"Plan Rows": 17,"Plan Width": 8,"Actual Startup Time": 0.008,"Actual Total Time": 0.008,"Actual Rows": 1,"Actual Loops": 12935,"Index Cond": "(l_orderkey = l1.l_orderkey)","Rows Removed by Index Recheck": 0,"Filter": "(l_suppkey <> l1.l_suppkey)","Rows Removed by Filter": 1}]},{"Node Type": "Index Scan","Parent Relationship": "Inner","Parallel Aware": false,"Async Capable": false,"Scan Direction": "Forward","Index Name": "orders_pkey","Relation Name": "orders","Alias": "orders","Startup Cost": 0.43,"Total Cost": 0.51,"Plan Rows": 1,"Plan Width": 4,"Actual Startup Time": 0.008,"Actual Total Time": 0.008,"Actual Rows": 0,"Actual Loops": 7670,"Index Cond": "(o_orderkey = l1.l_orderkey)","Rows Removed by Index Recheck": 0,"Filter": "(o_orderstatus = 'F'::bpchar)","Rows Removed by Filter": 1}]}]}]}]},"Planning Time": 9.415,"Triggers": [],"Execution Time": 517.200}]
[{"Plan": {"Node Type": "Sort","Parallel Aware": false,"Async Capable": false,"Startup Cost": 147378.80,"Total Cost": 147378.81,"Plan Rows": 1,"Plan Width": 34,"Actual Startup Time": 501.304,"Actual Total Time": 522.071,"Actual Rows": 393,"Actual Loops": 1,"Sort Key": ["(count(*)) DESC", "supplier.s_name"],"Sort Method": "quicksort","Sort Space Used": 55,"Sort Space Type": "Memory","Plans": [{"Node Type": "Aggregate","Strategy": "Sorted","Partial Mode": "Simple","Parent Relationship": "Outer","Parallel Aware": false,"Async Capable": false,"Startup Cost": 147378.77,"Total Cost": 147378.79,"Plan Rows": 1,"Plan Width": 34,"Actual Startup Time": 500.141,"Actual Total Time": 521.406,"Actual Rows": 393,"Actual Loops": 1,"Group Key": ["supplier.s_name"],"Plans": [{"Node Type": "Sort","Parent Relationship": "Outer","Parallel Aware": false,"Async Capable": false,"Startup Cost": 147378.77,"Total Cost": 147378.78,"Plan Rows": 1,"Plan Width": 26,"Actual Startup Time": 500.117,"Actual Total Time": 521.005,"Actual Rows": 3888,"Actual Loops": 1,"Sort Key": ["supplier.s_name"],"Sort Method": "quicksort","Sort Space Used": 370,"Sort Space Type": "Memory","Plans": [{"Node Type": "Nested Loop","Parent Relationship": "Outer","Parallel Aware": false,"Async Capable": false,"Join Type": "Inner","Startup Cost": 1250.87,"Total Cost": 147378.76,"Plan Rows": 1,"Plan Width": 26,"Actual Startup Time": 4.419,"Actual Total Time": 510.533,"Actual Rows": 3888,"Actual Loops": 1,"Inner Unique": true,"Plans": [{"Node Type": "Nested Loop","Parent Relationship": "Outer","Parallel Aware": false,"Async Capable": false,"Join Type": "Semi","Startup Cost": 1250.44,"Total Cost": 147378.26,"Plan Rows": 1,"Plan Width": 34,"Actual Startup Time": 4.399,"Actual Total Time": 450.183,"Actual Rows": 7870,"Actual Loops": 1,"Inner Unique": false,"Plans": [{"Node Type": "Gather","Parent Relationship": "Outer","Parallel Aware": false,"Async Capable": false,"Startup Cost": 1250.01,"Total Cost": 147377.22,"Plan Rows": 1,"Plan Width": 34,"Actual Startup Time": 4.381,"Actual Total Time": 345.433,"Actual Rows": 13167,"Actual Loops": 1,"Workers Planned": 4,"Workers Launched": 4,"Single Copy": false,"Plans": [{"Node Type": "Nested Loop","Parent Relationship": "Outer","Parallel Aware": false,"Async Capable": false,"Join Type": "Anti","Startup Cost": 250.01,"Total Cost": 146377.12,"Plan Rows": 1,"Plan Width": 34,"Actual Startup Time": 4.384,"Actual Total Time": 444.967,"Actual Rows": 2633,"Actual Loops": 5,"Inner Unique": false,"Workers": [],"Plans": [{"Node Type": "Hash Join","Parent Relationship": "Outer","Parallel Aware": false,"Async Capable": false,"Join Type": "Inner","Startup Cost": 249.58,"Total Cost": 133581.65,"Plan Rows": 19990,"Plan Width": 34,"Actual Startup Time": 4.142,"Actual Total Time": 356.305,"Actual Rows": 29760,"Actual Loops": 5,"Inner Unique": false,"Hash Cond": "(l1.l_suppkey = supplier.s_suppkey)","Workers": [],"Plans": [{"Node Type": "Seq Scan","Parent Relationship": "Outer","Parallel Aware": true,"Async Capable": false,"Relation Name": "lineitem","Alias": "l1","Startup Cost": 0.00,"Total Cost": 131256.80,"Plan Rows": 500101,"Plan Width": 8,"Actual Startup Time": 0.027,"Actual Total Time": 306.242,"Actual Rows": 758659,"Actual Loops": 5,"Filter": "(l_receiptdate > l_commitdate)","Rows Removed by Filter": 441584,"Workers": []},{"Node Type": "Hash","Parent Relationship": "Inner","Parallel Aware": false,"Async Capable": false,"Startup Cost": 244.58,"Total Cost": 244.58,"Plan Rows": 400,"Plan Width": 30,"Actual Startup Time": 3.834,"Actual Total Time": 3.847,"Actual Rows": 393,"Actual Loops": 5,"Hash Buckets": 1024,"Original Hash Buckets": 1024,"Hash Batches": 1,"Original Hash Batches": 1,"Peak Memory Usage": 33,"Workers": [],"Plans": [{"Node Type": "Nested Loop","Parent Relationship": "Outer","Parallel Aware": false,"Async Capable": false,"Join Type": "Inner","Startup Cost": 7.38,"Total Cost": 244.58,"Plan Rows": 400,"Plan Width": 30,"Actual Startup Time": 0.244,"Actual Total Time": 3.695,"Actual Rows": 393,"Actual Loops": 5,"Inner Unique": false,"Workers": [],"Plans": [{"Node Type": "Seq Scan","Parent Relationship": "Outer","Parallel Aware": false,"Async Capable": false,"Relation Name": "nation","Alias": "nation","Startup Cost": 0.00,"Total Cost": 1.31,"Plan Rows": 1,"Plan Width": 4,"Actual Startup Time": 0.049,"Actual Total Time": 0.055,"Actual Rows": 1,"Actual Loops": 5,"Filter": "(n_name = 'IRAN'::bpchar)","Rows Removed by Filter": 24,"Workers": []},{"Node Type": "Bitmap Heap Scan","Parent Relationship": "Inner","Parallel Aware": false,"Async Capable": false,"Relation Name": "supplier","Alias": "supplier","Startup Cost": 7.38,"Total Cost": 239.27,"Plan Rows": 400,"Plan Width": 34,"Actual Startup Time": 0.188,"Actual Total Time": 3.562,"Actual Rows": 393,"Actual Loops": 5,"Recheck Cond": "(s_nationkey = nation.n_nationkey)","Rows Removed by Index Recheck": 0,"Exact Heap Blocks": 179,"Lossy Heap Blocks": 0,"Workers": [],"Plans": [{"Node Type": "Bitmap Index Scan","Parent Relationship": "Outer","Parallel Aware": false,"Async Capable": false,"Index Name": "idx_supplier_nation_key","Startup Cost": 0.00,"Total Cost": 7.29,"Plan Rows": 400,"Plan Width": 0,"Actual Startup Time": 0.116,"Actual Total Time": 0.118,"Actual Rows": 393,"Actual Loops": 5,"Index Cond": "(s_nationkey = nation.n_nationkey)","Workers": []}]}]}]}]},{"Node Type": "Index Scan","Parent Relationship": "Inner","Parallel Aware": false,"Async Capable": false,"Scan Direction": "Forward","Index Name": "idx_lineitem_orderkey","Relation Name": "lineitem","Alias": "l3","Startup Cost": 0.43,"Total Cost": 1.06,"Plan Rows": 6,"Plan Width": 8,"Actual Startup Time": 0.003,"Actual Total Time": 0.003,"Actual Rows": 1,"Actual Loops": 148802,"Index Cond": "(l_orderkey = l1.l_orderkey)","Rows Removed by Index Recheck": 0,"Filter": "((l_receiptdate > l_commitdate) AND (l_suppkey <> l1.l_suppkey))","Rows Removed by Filter": 1,"Workers": []}]}]},{"Node Type": "Index Scan","Parent Relationship": "Inner","Parallel Aware": false,"Async Capable": false,"Scan Direction": "Forward","Index Name": "idx_lineitem_orderkey","Relation Name": "lineitem","Alias": "l2","Startup Cost": 0.43,"Total Cost": 1.02,"Plan Rows": 17,"Plan Width": 8,"Actual Startup Time": 0.008,"Actual Total Time": 0.008,"Actual Rows": 1,"Actual Loops": 13167,"Index Cond": "(l_orderkey = l1.l_orderkey)","Rows Removed by Index Recheck": 0,"Filter": "(l_suppkey <> l1.l_suppkey)","Rows Removed by Filter": 1}]},{"Node Type": "Index Scan","Parent Relationship": "Inner","Parallel Aware": false,"Async Capable": false,"Scan Direction": "Forward","Index Name": "orders_pkey","Relation Name": "orders","Alias": "orders","Startup Cost": 0.43,"Total Cost": 0.51,"Plan Rows": 1,"Plan Width": 4,"Actual Startup Time": 0.007,"Actual Total Time": 0.007,"Actual Rows": 0,"Actual Loops": 7870,"Index Cond": "(o_orderkey = l1.l_orderkey)","Rows Removed by Index Recheck": 0,"Filter": "(o_orderstatus = 'F'::bpchar)","Rows Removed by Filter": 1}]}]}]}]},"Planning Time": 9.769,"Triggers": [],"Execution Time": 522.666}]
[{"Plan": {"Node Type": "Sort","Parallel Aware": false,"Async Capable": false,"Startup Cost": 147378.80,"Total Cost": 147378.81,"Plan Rows": 1,"Plan Width": 34,"Actual Startup Time": 510.910,"Actual Total Time": 530.461,"Actual Rows": 420,"Actual Loops": 1,"Sort Key": ["(count(*)) DESC", "supplier.s_name"],"Sort Method": "quicksort","Sort Space Used": 57,"Sort Space Type": "Memory","Plans": [{"Node Type": "Aggregate","Strategy": "Sorted","Partial Mode": "Simple","Parent Relationship": "Outer","Parallel Aware": false,"Async Capable": false,"Startup Cost": 147378.77,"Total Cost": 147378.79,"Plan Rows": 1,"Plan Width": 34,"Actual Startup Time": 509.613,"Actual Total Time": 529.683,"Actual Rows": 420,"Actual Loops": 1,"Group Key": ["supplier.s_name"],"Plans": [{"Node Type": "Sort","Parent Relationship": "Outer","Parallel Aware": false,"Async Capable": false,"Startup Cost": 147378.77,"Total Cost": 147378.78,"Plan Rows": 1,"Plan Width": 26,"Actual Startup Time": 509.594,"Actual Total Time": 529.267,"Actual Rows": 4090,"Actual Loops": 1,"Sort Key": ["supplier.s_name"],"Sort Method": "quicksort","Sort Space Used": 384,"Sort Space Type": "Memory","Plans": [{"Node Type": "Nested Loop","Parent Relationship": "Outer","Parallel Aware": false,"Async Capable": false,"Join Type": "Inner","Startup Cost": 1250.87,"Total Cost": 147378.76,"Plan Rows": 1,"Plan Width": 26,"Actual Startup Time": 4.580,"Actual Total Time": 518.201,"Actual Rows": 4090,"Actual Loops": 1,"Inner Unique": true,"Plans": [{"Node Type": "Nested Loop","Parent Relationship": "Outer","Parallel Aware": false,"Async Capable": false,"Join Type": "Semi","Startup Cost": 1250.44,"Total Cost": 147378.26,"Plan Rows": 1,"Plan Width": 34,"Actual Startup Time": 4.545,"Actual Total Time": 454.390,"Actual Rows": 8430,"Actual Loops": 1,"Inner Unique": false,"Plans": [{"Node Type": "Gather","Parent Relationship": "Outer","Parallel Aware": false,"Async Capable": false,"Startup Cost": 1250.01,"Total Cost": 147377.22,"Plan Rows": 1,"Plan Width": 34,"Actual Startup Time": 4.342,"Actual Total Time": 344.810,"Actual Rows": 14089,"Actual Loops": 1,"Workers Planned": 4,"Workers Launched": 4,"Single Copy": false,"Plans": [{"Node Type": "Nested Loop","Parent Relationship": "Outer","Parallel Aware": false,"Async Capable": false,"Join Type": "Anti","Startup Cost": 250.01,"Total Cost": 146377.12,"Plan Rows": 1,"Plan Width": 34,"Actual Startup Time": 5.491,"Actual Total Time": 451.438,"Actual Rows": 2818,"Actual Loops": 5,"Inner Unique": false,"Workers": [],"Plans": [{"Node Type": "Hash Join","Parent Relationship": "Outer","Parallel Aware": false,"Async Capable": false,"Join Type": "Inner","Startup Cost": 249.58,"Total Cost": 133581.65,"Plan Rows": 19990,"Plan Width": 34,"Actual Startup Time": 5.196,"Actual Total Time": 357.512,"Actual Rows": 31960,"Actual Loops": 5,"Inner Unique": false,"Hash Cond": "(l1.l_suppkey = supplier.s_suppkey)","Workers": [],"Plans": [{"Node Type": "Seq Scan","Parent Relationship": "Outer","Parallel Aware": true,"Async Capable": false,"Relation Name": "lineitem","Alias": "l1","Startup Cost": 0.00,"Total Cost": 131256.80,"Plan Rows": 500101,"Plan Width": 8,"Actual Startup Time": 0.027,"Actual Total Time": 305.923,"Actual Rows": 758659,"Actual Loops": 5,"Filter": "(l_receiptdate > l_commitdate)","Rows Removed by Filter": 441584,"Workers": []},{"Node Type": "Hash","Parent Relationship": "Inner","Parallel Aware": false,"Async Capable": false,"Startup Cost": 244.58,"Total Cost": 244.58,"Plan Rows": 400,"Plan Width": 30,"Actual Startup Time": 4.831,"Actual Total Time": 4.844,"Actual Rows": 420,"Actual Loops": 5,"Hash Buckets": 1024,"Original Hash Buckets": 1024,"Hash Batches": 1,"Original Hash Batches": 1,"Peak Memory Usage": 35,"Workers": [],"Plans": [{"Node Type": "Nested Loop","Parent Relationship": "Outer","Parallel Aware": false,"Async Capable": false,"Join Type": "Inner","Startup Cost": 7.38,"Total Cost": 244.58,"Plan Rows": 400,"Plan Width": 30,"Actual Startup Time": 0.275,"Actual Total Time": 4.655,"Actual Rows": 420,"Actual Loops": 5,"Inner Unique": false,"Workers": [],"Plans": [{"Node Type": "Seq Scan","Parent Relationship": "Outer","Parallel Aware": false,"Async Capable": false,"Relation Name": "nation","Alias": "nation","Startup Cost": 0.00,"Total Cost": 1.31,"Plan Rows": 1,"Plan Width": 4,"Actual Startup Time": 0.047,"Actual Total Time": 0.057,"Actual Rows": 1,"Actual Loops": 5,"Filter": "(n_name = 'ALGERIA'::bpchar)","Rows Removed by Filter": 24,"Workers": []},{"Node Type": "Bitmap Heap Scan","Parent Relationship": "Inner","Parallel Aware": false,"Async Capable": false,"Relation Name": "supplier","Alias": "supplier","Startup Cost": 7.38,"Total Cost": 239.27,"Plan Rows": 400,"Plan Width": 34,"Actual Startup Time": 0.222,"Actual Total Time": 4.505,"Actual Rows": 420,"Actual Loops": 5,"Recheck Cond": "(s_nationkey = nation.n_nationkey)","Rows Removed by Index Recheck": 0,"Exact Heap Blocks": 197,"Lossy Heap Blocks": 0,"Workers": [],"Plans": [{"Node Type": "Bitmap Index Scan","Parent Relationship": "Outer","Parallel Aware": false,"Async Capable": false,"Index Name": "idx_supplier_nation_key","Startup Cost": 0.00,"Total Cost": 7.29,"Plan Rows": 400,"Plan Width": 0,"Actual Startup Time": 0.137,"Actual Total Time": 0.140,"Actual Rows": 420,"Actual Loops": 5,"Index Cond": "(s_nationkey = nation.n_nationkey)","Workers": []}]}]}]}]},{"Node Type": "Index Scan","Parent Relationship": "Inner","Parallel Aware": false,"Async Capable": false,"Scan Direction": "Forward","Index Name": "idx_lineitem_orderkey","Relation Name": "lineitem","Alias": "l3","Startup Cost": 0.43,"Total Cost": 1.06,"Plan Rows": 6,"Plan Width": 8,"Actual Startup Time": 0.003,"Actual Total Time": 0.003,"Actual Rows": 1,"Actual Loops": 159800,"Index Cond": "(l_orderkey = l1.l_orderkey)","Rows Removed by Index Recheck": 0,"Filter": "((l_receiptdate > l_commitdate) AND (l_suppkey <> l1.l_suppkey))","Rows Removed by Filter": 1,"Workers": []}]}]},{"Node Type": "Index Scan","Parent Relationship": "Inner","Parallel Aware": false,"Async Capable": false,"Scan Direction": "Forward","Index Name": "idx_lineitem_orderkey","Relation Name": "lineitem","Alias": "l2","Startup Cost": 0.43,"Total Cost": 1.02,"Plan Rows": 17,"Plan Width": 8,"Actual Startup Time": 0.007,"Actual Total Time": 0.007,"Actual Rows": 1,"Actual Loops": 14089,"Index Cond": "(l_orderkey = l1.l_orderkey)","Rows Removed by Index Recheck": 0,"Filter": "(l_suppkey <> l1.l_suppkey)","Rows Removed by Filter": 1}]},{"Node Type": "Index Scan","Parent Relationship": "Inner","Parallel Aware": false,"Async Capable": false,"Scan Direction": "Forward","Index Name": "orders_pkey","Relation Name": "orders","Alias": "orders","Startup Cost": 0.43,"Total Cost": 0.51,"Plan Rows": 1,"Plan Width": 4,"Actual Startup Time": 0.007,"Actual Total Time": 0.007,"Actual Rows": 0,"Actual Loops": 8430,"Index Cond": "(o_orderkey = l1.l_orderkey)","Rows Removed by Index Recheck": 0,"Filter": "(o_orderstatus = 'F'::bpchar)","Rows Removed by Filter": 1}]}]}]}]},"Planning Time": 9.770,"Triggers": [],"Execution Time": 531.084}]
[{"Plan": {"Node Type": "Sort","Parallel Aware": false,"Async Capable": false,"Startup Cost": 147378.80,"Total Cost": 147378.81,"Plan Rows": 1,"Plan Width": 34,"Actual Startup Time": 501.304,"Actual Total Time": 522.071,"Actual Rows": 393,"Actual Loops": 1,"Sort Key": ["(count(*)) DESC", "supplier.s_name"],"Sort Method": "quicksort","Sort Space Used": 55,"Sort Space Type": "Memory","Plans": [{"Node Type": "Aggregate","Strategy": "Sorted","Partial Mode": "Simple","Parent Relationship": "Outer","Parallel Aware": false,"Async Capable": false,"Startup Cost": 147378.77,"Total Cost": 147378.79,"Plan Rows": 1,"Plan Width": 34,"Actual Startup Time": 500.141,"Actual Total Time": 521.406,"Actual Rows": 393,"Actual Loops": 1,"Group Key": ["supplier.s_name"],"Plans": [{"Node Type": "Sort","Parent Relationship": "Outer","Parallel Aware": false,"Async Capable": false,"Startup Cost": 147378.77,"Total Cost": 147378.78,"Plan Rows": 1,"Plan Width": 26,"Actual Startup Time": 500.117,"Actual Total Time": 521.005,"Actual Rows": 3888,"Actual Loops": 1,"Sort Key": ["supplier.s_name"],"Sort Method": "quicksort","Sort Space Used": 370,"Sort Space Type": "Memory","Plans": [{"Node Type": "Nested Loop","Parent Relationship": "Outer","Parallel Aware": false,"Async Capable": false,"Join Type": "Inner","Startup Cost": 1250.87,"Total Cost": 147378.76,"Plan Rows": 1,"Plan Width": 26,"Actual Startup Time": 4.419,"Actual Total Time": 510.533,"Actual Rows": 3888,"Actual Loops": 1,"Inner Unique": true,"Plans": [{"Node Type": "Nested Loop","Parent Relationship": "Outer","Parallel Aware": false,"Async Capable": false,"Join Type": "Semi","Startup Cost": 1250.44,"Total Cost": 147378.26,"Plan Rows": 1,"Plan Width": 34,"Actual Startup Time": 4.399,"Actual Total Time": 450.183,"Actual Rows": 7870,"Actual Loops": 1,"Inner Unique": false,"Plans": [{"Node Type": "Gather","Parent Relationship": "Outer","Parallel Aware": false,"Async Capable": false,"Startup Cost": 1250.01,"Total Cost": 147377.22,"Plan Rows": 1,"Plan Width": 34,"Actual Startup Time": 4.381,"Actual Total Time": 345.433,"Actual Rows": 13167,"Actual Loops": 1,"Workers Planned": 4,"Workers Launched": 4,"Single Copy": false,"Plans": [{"Node Type": "Nested Loop","Parent Relationship": "Outer","Parallel Aware": false,"Async Capable": false,"Join Type": "Anti","Startup Cost": 250.01,"Total Cost": 146377.12,"Plan Rows": 1,"Plan Width": 34,"Actual Startup Time": 4.384,"Actual Total Time": 444.967,"Actual Rows": 2633,"Actual Loops": 5,"Inner Unique": false,"Workers": [],"Plans": [{"Node Type": "Hash Join","Parent Relationship": "Outer","Parallel Aware": false,"Async Capable": false,"Join Type": "Inner","Startup Cost": 249.58,"Total Cost": 133581.65,"Plan Rows": 19990,"Plan Width": 34,"Actual Startup Time": 4.142,"Actual Total Time": 356.305,"Actual Rows": 29760,"Actual Loops": 5,"Inner Unique": false,"Hash Cond": "(l1.l_suppkey = supplier.s_suppkey)","Workers": [],"Plans": [{"Node Type": "Seq Scan","Parent Relationship": "Outer","Parallel Aware": true,"Async Capable": false,"Relation Name": "lineitem","Alias": "l1","Startup Cost": 0.00,"Total Cost": 131256.80,"Plan Rows": 500101,"Plan Width": 8,"Actual Startup Time": 0.027,"Actual Total Time": 306.242,"Actual Rows": 758659,"Actual Loops": 5,"Filter": "(l_receiptdate > l_commitdate)","Rows Removed by Filter": 441584,"Workers": []},{"Node Type": "Hash","Parent Relationship": "Inner","Parallel Aware": false,"Async Capable": false,"Startup Cost": 244.58,"Total Cost": 244.58,"Plan Rows": 400,"Plan Width": 30,"Actual Startup Time": 3.834,"Actual Total Time": 3.847,"Actual Rows": 393,"Actual Loops": 5,"Hash Buckets": 1024,"Original Hash Buckets": 1024,"Hash Batches": 1,"Original Hash Batches": 1,"Peak Memory Usage": 33,"Workers": [],"Plans": [{"Node Type": "Nested Loop","Parent Relationship": "Outer","Parallel Aware": false,"Async Capable": false,"Join Type": "Inner","Startup Cost": 7.38,"Total Cost": 244.58,"Plan Rows": 400,"Plan Width": 30,"Actual Startup Time": 0.244,"Actual Total Time": 3.695,"Actual Rows": 393,"Actual Loops": 5,"Inner Unique": false,"Workers": [],"Plans": [{"Node Type": "Seq Scan","Parent Relationship": "Outer","Parallel Aware": false,"Async Capable": false,"Relation Name": "nation","Alias": "nation","Startup Cost": 0.00,"Total Cost": 1.31,"Plan Rows": 1,"Plan Width": 4,"Actual Startup Time": 0.049,"Actual Total Time": 0.055,"Actual Rows": 1,"Actual Loops": 5,"Filter": "(n_name = 'IRAN'::bpchar)","Rows Removed by Filter": 24,"Workers": []},{"Node Type": "Bitmap Heap Scan","Parent Relationship": "Inner","Parallel Aware": false,"Async Capable": false,"Relation Name": "supplier","Alias": "supplier","Startup Cost": 7.38,"Total Cost": 239.27,"Plan Rows": 400,"Plan Width": 34,"Actual Startup Time": 0.188,"Actual Total Time": 3.562,"Actual Rows": 393,"Actual Loops": 5,"Recheck Cond": "(s_nationkey = nation.n_nationkey)","Rows Removed by Index Recheck": 0,"Exact Heap Blocks": 179,"Lossy Heap Blocks": 0,"Workers": [],"Plans": [{"Node Type": "Bitmap Index Scan","Parent Relationship": "Outer","Parallel Aware": false,"Async Capable": false,"Index Name": "idx_supplier_nation_key","Startup Cost": 0.00,"Total Cost": 7.29,"Plan Rows": 400,"Plan Width": 0,"Actual Startup Time": 0.116,"Actual Total Time": 0.118,"Actual Rows": 393,"Actual Loops": 5,"Index Cond": "(s_nationkey = nation.n_nationkey)","Workers": []}]}]}]}]},{"Node Type": "Index Scan","Parent Relationship": "Inner","Parallel Aware": false,"Async Capable": false,"Scan Direction": "Forward","Index Name": "idx_lineitem_orderkey","Relation Name": "lineitem","Alias": "l3","Startup Cost": 0.43,"Total Cost": 1.06,"Plan Rows": 6,"Plan Width": 8,"Actual Startup Time": 0.003,"Actual Total Time": 0.003,"Actual Rows": 1,"Actual Loops": 148802,"Index Cond": "(l_orderkey = l1.l_orderkey)","Rows Removed by Index Recheck": 0,"Filter": "((l_receiptdate > l_commitdate) AND (l_suppkey <> l1.l_suppkey))","Rows Removed by Filter": 1,"Workers": []}]}]},{"Node Type": "Index Scan","Parent Relationship": "Inner","Parallel Aware": false,"Async Capable": false,"Scan Direction": "Forward","Index Name": "idx_lineitem_orderkey","Relation Name": "lineitem","Alias": "l2","Startup Cost": 0.43,"Total Cost": 1.02,"Plan Rows": 17,"Plan Width": 8,"Actual Startup Time": 0.008,"Actual Total Time": 0.008,"Actual Rows": 1,"Actual Loops": 13167,"Index Cond": "(l_orderkey = l1.l_orderkey)","Rows Removed by Index Recheck": 0,"Filter": "(l_suppkey <> l1.l_suppkey)","Rows Removed by Filter": 1}]},{"Node Type": "Index Scan","Parent Relationship": "Inner","Parallel Aware": false,"Async Capable": false,"Scan Direction": "Forward","Index Name": "orders_pkey","Relation Name": "orders","Alias": "orders","Startup Cost": 0.43,"Total Cost": 0.51,"Plan Rows": 1,"Plan Width": 4,"Actual Startup Time": 0.007,"Actual Total Time": 0.007,"Actual Rows": 0,"Actual Loops": 7870,"Index Cond": "(o_orderkey = l1.l_orderkey)","Rows Removed by Index Recheck": 0,"Filter": "(o_orderstatus = 'F'::bpchar)","Rows Removed by Filter": 1}]}]}]}]},"Planning Time": 9.769,"Triggers": [],"Execution Time": 522.666}]
[{"Plan": {"Node Type": "Sort","Parallel Aware": false,"Async Capable": false,"Startup Cost": 147378.80,"Total Cost": 147378.81,"Plan Rows": 1,"Plan Width": 34,"Actual Startup Time": 494.557,"Actual Total Time": 516.628,"Actual Rows": 380,"Actual Loops": 1,"Sort Key": ["(count(*)) DESC", "supplier.s_name"],"Sort Method": "quicksort","Sort Space Used": 54,"Sort Space Type": "Memory","Plans": [{"Node Type": "Aggregate","Strategy": "Sorted","Partial Mode": "Simple","Parent Relationship": "Outer","Parallel Aware": false,"Async Capable": false,"Startup Cost": 147378.77,"Total Cost": 147378.79,"Plan Rows": 1,"Plan Width": 34,"Actual Startup Time": 493.417,"Actual Total Time": 515.990,"Actual Rows": 380,"Actual Loops": 1,"Group Key": ["supplier.s_name"],"Plans": [{"Node Type": "Sort","Parent Relationship": "Outer","Parallel Aware": false,"Async Capable": false,"Startup Cost": 147378.77,"Total Cost": 147378.78,"Plan Rows": 1,"Plan Width": 26,"Actual Startup Time": 493.396,"Actual Total Time": 515.587,"Actual Rows": 3777,"Actual Loops": 1,"Sort Key": ["supplier.s_name"],"Sort Method": "quicksort","Sort Space Used": 362,"Sort Space Type": "Memory","Plans": [{"Node Type": "Nested Loop","Parent Relationship": "Outer","Parallel Aware": false,"Async Capable": false,"Join Type": "Inner","Startup Cost": 1250.87,"Total Cost": 147378.76,"Plan Rows": 1,"Plan Width": 26,"Actual Startup Time": 4.998,"Actual Total Time": 504.711,"Actual Rows": 3777,"Actual Loops": 1,"Inner Unique": true,"Plans": [{"Node Type": "Nested Loop","Parent Relationship": "Outer","Parallel Aware": false,"Async Capable": false,"Join Type": "Semi","Startup Cost": 1250.44,"Total Cost": 147378.26,"Plan Rows": 1,"Plan Width": 34,"Actual Startup Time": 4.963,"Actual Total Time": 440.621,"Actual Rows": 7670,"Actual Loops": 1,"Inner Unique": false,"Plans": [{"Node Type": "Gather","Parent Relationship": "Outer","Parallel Aware": false,"Async Capable": false,"Startup Cost": 1250.01,"Total Cost": 147377.22,"Plan Rows": 1,"Plan Width": 34,"Actual Startup Time": 4.951,"Actual Total Time": 333.201,"Actual Rows": 12935,"Actual Loops": 1,"Workers Planned": 4,"Workers Launched": 4,"Single Copy": false,"Plans": [{"Node Type": "Nested Loop","Parent Relationship": "Outer","Parallel Aware": false,"Async Capable": false,"Join Type": "Anti","Startup Cost": 250.01,"Total Cost": 146377.12,"Plan Rows": 1,"Plan Width": 34,"Actual Startup Time": 5.873,"Actual Total Time": 437.867,"Actual Rows": 2587,"Actual Loops": 5,"Inner Unique": false,"Workers": [],"Plans": [{"Node Type": "Hash Join","Parent Relationship": "Outer","Parallel Aware": false,"Async Capable": false,"Join Type": "Inner","Startup Cost": 249.58,"Total Cost": 133581.65,"Plan Rows": 19990,"Plan Width": 34,"Actual Startup Time": 5.239,"Actual Total Time": 352.656,"Actual Rows": 28741,"Actual Loops": 5,"Inner Unique": false,"Hash Cond": "(l1.l_suppkey = supplier.s_suppkey)","Workers": [],"Plans": [{"Node Type": "Seq Scan","Parent Relationship": "Outer","Parallel Aware": true,"Async Capable": false,"Relation Name": "lineitem","Alias": "l1","Startup Cost": 0.00,"Total Cost": 131256.80,"Plan Rows": 500101,"Plan Width": 8,"Actual Startup Time": 0.031,"Actual Total Time": 300.900,"Actual Rows": 758659,"Actual Loops": 5,"Filter": "(l_receiptdate > l_commitdate)","Rows Removed by Filter": 441584,"Workers": []},{"Node Type": "Hash","Parent Relationship": "Inner","Parallel Aware": false,"Async Capable": false,"Startup Cost": 244.58,"Total Cost": 244.58,"Plan Rows": 400,"Plan Width": 30,"Actual Startup Time": 4.907,"Actual Total Time": 4.921,"Actual Rows": 380,"Actual Loops": 5,"Hash Buckets": 1024,"Original Hash Buckets": 1024,"Hash Batches": 1,"Original Hash Batches": 1,"Peak Memory Usage": 32,"Workers": [],"Plans": [{"Node Type": "Nested Loop","Parent Relationship": "Outer","Parallel Aware": false,"Async Capable": false,"Join Type": "Inner","Startup Cost": 7.38,"Total Cost": 244.58,"Plan Rows": 400,"Plan Width": 30,"Actual Startup Time": 0.293,"Actual Total Time": 4.740,"Actual Rows": 380,"Actual Loops": 5,"Inner Unique": false,"Workers": [],"Plans": [{"Node Type": "Seq Scan","Parent Relationship": "Outer","Parallel Aware": false,"Async Capable": false,"Relation Name": "nation","Alias": "nation","Startup Cost": 0.00,"Total Cost": 1.31,"Plan Rows": 1,"Plan Width": 4,"Actual Startup Time": 0.048,"Actual Total Time": 0.056,"Actual Rows": 1,"Actual Loops": 5,"Filter": "(n_name = 'ETHIOPIA'::bpchar)","Rows Removed by Filter": 24,"Workers": []},{"Node Type": "Bitmap Heap Scan","Parent Relationship": "Inner","Parallel Aware": false,"Async Capable": false,"Relation Name": "supplier","Alias": "supplier","Startup Cost": 7.38,"Total Cost": 239.27,"Plan Rows": 400,"Plan Width": 34,"Actual Startup Time": 0.240,"Actual Total Time": 4.598,"Actual Rows": 380,"Actual Loops": 5,"Recheck Cond": "(s_nationkey = nation.n_nationkey)","Rows Removed by Index Recheck": 0,"Exact Heap Blocks": 192,"Lossy Heap Blocks": 0,"Workers": [],"Plans": [{"Node Type": "Bitmap Index Scan","Parent Relationship": "Outer","Parallel Aware": false,"Async Capable": false,"Index Name": "idx_supplier_nation_key","Startup Cost": 0.00,"Total Cost": 7.29,"Plan Rows": 400,"Plan Width": 0,"Actual Startup Time": 0.158,"Actual Total Time": 0.159,"Actual Rows": 380,"Actual Loops": 5,"Index Cond": "(s_nationkey = nation.n_nationkey)","Workers": []}]}]}]}]},{"Node Type": "Index Scan","Parent Relationship": "Inner","Parallel Aware": false,"Async Capable": false,"Scan Direction": "Forward","Index Name": "idx_lineitem_orderkey","Relation Name": "lineitem","Alias": "l3","Startup Cost": 0.43,"Total Cost": 1.06,"Plan Rows": 6,"Plan Width": 8,"Actual Startup Time": 0.003,"Actual Total Time": 0.003,"Actual Rows": 1,"Actual Loops": 143707,"Index Cond": "(l_orderkey = l1.l_orderkey)","Rows Removed by Index Recheck": 0,"Filter": "((l_receiptdate > l_commitdate) AND (l_suppkey <> l1.l_suppkey))","Rows Removed by Filter": 1,"Workers": []}]}]},{"Node Type": "Index Scan","Parent Relationship": "Inner","Parallel Aware": false,"Async Capable": false,"Scan Direction": "Forward","Index Name": "idx_lineitem_orderkey","Relation Name": "lineitem","Alias": "l2","Startup Cost": 0.43,"Total Cost": 1.02,"Plan Rows": 17,"Plan Width": 8,"Actual Startup Time": 0.008,"Actual Total Time": 0.008,"Actual Rows": 1,"Actual Loops": 12935,"Index Cond": "(l_orderkey = l1.l_orderkey)","Rows Removed by Index Recheck": 0,"Filter": "(l_suppkey <> l1.l_suppkey)","Rows Removed by Filter": 1}]},{"Node Type": "Index Scan","Parent Relationship": "Inner","Parallel Aware": false,"Async Capable": false,"Scan Direction": "Forward","Index Name": "orders_pkey","Relation Name": "orders","Alias": "orders","Startup Cost": 0.43,"Total Cost": 0.51,"Plan Rows": 1,"Plan Width": 4,"Actual Startup Time": 0.008,"Actual Total Time": 0.008,"Actual Rows": 0,"Actual Loops": 7670,"Index Cond": "(o_orderkey = l1.l_orderkey)","Rows Removed by Index Recheck": 0,"Filter": "(o_orderstatus = 'F'::bpchar)","Rows Removed by Filter": 1}]}]}]}]},"Planning Time": 9.415,"Triggers": [],"Execution Time": 517.200}]
[{"Plan": {"Node Type": "Sort","Parallel Aware": false,"Async Capable": false,"Startup Cost": 147378.80,"Total Cost": 147378.81,"Plan Rows": 1,"Plan Width": 34,"Actual Startup Time": 500.709,"Actual Total Time": 524.703,"Actual Rows": 407,"Actual Loops": 1,"Sort Key": ["(count(*)) DESC", "supplier.s_name"],"Sort Method": "quicksort","Sort Space Used": 56,"Sort Space Type": "Memory","Plans": [{"Node Type": "Aggregate","Strategy": "Sorted","Partial Mode": "Simple","Parent Relationship": "Outer","Parallel Aware": false,"Async Capable": false,"Startup Cost": 147378.77,"Total Cost": 147378.79,"Plan Rows": 1,"Plan Width": 34,"Actual Startup Time": 499.455,"Actual Total Time": 523.962,"Actual Rows": 407,"Actual Loops": 1,"Group Key": ["supplier.s_name"],"Plans": [{"Node Type": "Sort","Parent Relationship": "Outer","Parallel Aware": false,"Async Capable": false,"Startup Cost": 147378.77,"Total Cost": 147378.78,"Plan Rows": 1,"Plan Width": 26,"Actual Startup Time": 499.433,"Actual Total Time": 523.550,"Actual Rows": 3965,"Actual Loops": 1,"Sort Key": ["supplier.s_name"],"Sort Method": "quicksort","Sort Space Used": 375,"Sort Space Type": "Memory","Plans": [{"Node Type": "Nested Loop","Parent Relationship": "Outer","Parallel Aware": false,"Async Capable": false,"Join Type": "Inner","Startup Cost": 1250.87,"Total Cost": 147378.76,"Plan Rows": 1,"Plan Width": 26,"Actual Startup Time": 5.067,"Actual Total Time": 512.972,"Actual Rows": 3965,"Actual Loops": 1,"Inner Unique": true,"Plans": [{"Node Type": "Nested Loop","Parent Relationship": "Outer","Parallel Aware": false,"Async Capable": false,"Join Type": "Semi","Startup Cost": 1250.44,"Total Cost": 147378.26,"Plan Rows": 1,"Plan Width": 34,"Actual Startup Time": 5.045,"Actual Total Time": 451.382,"Actual Rows": 8089,"Actual Loops": 1,"Inner Unique": false,"Plans": [{"Node Type": "Gather","Parent Relationship": "Outer","Parallel Aware": false,"Async Capable": false,"Startup Cost": 1250.01,"Total Cost": 147377.22,"Plan Rows": 1,"Plan Width": 34,"Actual Startup Time": 4.734,"Actual Total Time": 344.998,"Actual Rows": 13526,"Actual Loops": 1,"Workers Planned": 4,"Workers Launched": 4,"Single Copy": false,"Plans": [{"Node Type": "Nested Loop","Parent Relationship": "Outer","Parallel Aware": false,"Async Capable": false,"Join Type": "Anti","Startup Cost": 250.01,"Total Cost": 146377.12,"Plan Rows": 1,"Plan Width": 34,"Actual Startup Time": 4.775,"Actual Total Time": 445.542,"Actual Rows": 2705,"Actual Loops": 5,"Inner Unique": false,"Workers": [],"Plans": [{"Node Type": "Hash Join","Parent Relationship": "Outer","Parallel Aware": false,"Async Capable": false,"Join Type": "Inner","Startup Cost": 249.58,"Total Cost": 133581.65,"Plan Rows": 19990,"Plan Width": 34,"Actual Startup Time": 4.487,"Actual Total Time": 354.785,"Actual Rows": 30752,"Actual Loops": 5,"Inner Unique": false,"Hash Cond": "(l1.l_suppkey = supplier.s_suppkey)","Workers": [],"Plans": [{"Node Type": "Seq Scan","Parent Relationship": "Outer","Parallel Aware": true,"Async Capable": false,"Relation Name": "lineitem","Alias": "l1","Startup Cost": 0.00,"Total Cost": 131256.80,"Plan Rows": 500101,"Plan Width": 8,"Actual Startup Time": 0.026,"Actual Total Time": 303.161,"Actual Rows": 758659,"Actual Loops": 5,"Filter": "(l_receiptdate > l_commitdate)","Rows Removed by Filter": 441584,"Workers": []},{"Node Type": "Hash","Parent Relationship": "Inner","Parallel Aware": false,"Async Capable": false,"Startup Cost": 244.58,"Total Cost": 244.58,"Plan Rows": 400,"Plan Width": 30,"Actual Startup Time": 4.170,"Actual Total Time": 4.181,"Actual Rows": 407,"Actual Loops": 5,"Hash Buckets": 1024,"Original Hash Buckets": 1024,"Hash Batches": 1,"Original Hash Batches": 1,"Peak Memory Usage": 34,"Workers": [],"Plans": [{"Node Type": "Nested Loop","Parent Relationship": "Outer","Parallel Aware": false,"Async Capable": false,"Join Type": "Inner","Startup Cost": 7.38,"Total Cost": 244.58,"Plan Rows": 400,"Plan Width": 30,"Actual Startup Time": 0.302,"Actual Total Time": 4.018,"Actual Rows": 407,"Actual Loops": 5,"Inner Unique": false,"Workers": [],"Plans": [{"Node Type": "Seq Scan","Parent Relationship": "Outer","Parallel Aware": false,"Async Capable": false,"Relation Name": "nation","Alias": "nation","Startup Cost": 0.00,"Total Cost": 1.31,"Plan Rows": 1,"Plan Width": 4,"Actual Startup Time": 0.065,"Actual Total Time": 0.068,"Actual Rows": 1,"Actual Loops": 5,"Filter": "(n_name = 'CHINA'::bpchar)","Rows Removed by Filter": 24,"Workers": []},{"Node Type": "Bitmap Heap Scan","Parent Relationship": "Inner","Parallel Aware": false,"Async Capable": false,"Relation Name": "supplier","Alias": "supplier","Startup Cost": 7.38,"Total Cost": 239.27,"Plan Rows": 400,"Plan Width": 34,"Actual Startup Time": 0.229,"Actual Total Time": 3.872,"Actual Rows": 407,"Actual Loops": 5,"Recheck Cond": "(s_nationkey = nation.n_nationkey)","Rows Removed by Index Recheck": 0,"Exact Heap Blocks": 186,"Lossy Heap Blocks": 0,"Workers": [],"Plans": [{"Node Type": "Bitmap Index Scan","Parent Relationship": "Outer","Parallel Aware": false,"Async Capable": false,"Index Name": "idx_supplier_nation_key","Startup Cost": 0.00,"Total Cost": 7.29,"Plan Rows": 400,"Plan Width": 0,"Actual Startup Time": 0.141,"Actual Total Time": 0.143,"Actual Rows": 407,"Actual Loops": 5,"Index Cond": "(s_nationkey = nation.n_nationkey)","Workers": []}]}]}]}]},{"Node Type": "Index Scan","Parent Relationship": "Inner","Parallel Aware": false,"Async Capable": false,"Scan Direction": "Forward","Index Name": "idx_lineitem_orderkey","Relation Name": "lineitem","Alias": "l3","Startup Cost": 0.43,"Total Cost": 1.06,"Plan Rows": 6,"Plan Width": 8,"Actual Startup Time": 0.003,"Actual Total Time": 0.003,"Actual Rows": 1,"Actual Loops": 153758,"Index Cond": "(l_orderkey = l1.l_orderkey)","Rows Removed by Index Recheck": 0,"Filter": "((l_receiptdate > l_commitdate) AND (l_suppkey <> l1.l_suppkey))","Rows Removed by Filter": 1,"Workers": []}]}]},{"Node Type": "Index Scan","Parent Relationship": "Inner","Parallel Aware": false,"Async Capable": false,"Scan Direction": "Forward","Index Name": "idx_lineitem_orderkey","Relation Name": "lineitem","Alias": "l2","Startup Cost": 0.43,"Total Cost": 1.02,"Plan Rows": 17,"Plan Width": 8,"Actual Startup Time": 0.007,"Actual Total Time": 0.007,"Actual Rows": 1,"Actual Loops": 13526,"Index Cond": "(l_orderkey = l1.l_orderkey)","Rows Removed by Index Recheck": 0,"Filter": "(l_suppkey <> l1.l_suppkey)","Rows Removed by Filter": 1}]},{"Node Type": "Index Scan","Parent Relationship": "Inner","Parallel Aware": false,"Async Capable": false,"Scan Direction": "Forward","Index Name": "orders_pkey","Relation Name": "orders","Alias": "orders","Startup Cost": 0.43,"Total Cost": 0.51,"Plan Rows": 1,"Plan Width": 4,"Actual Startup Time": 0.007,"Actual Total Time": 0.007,"Actual Rows": 0,"Actual Loops": 8089,"Index Cond": "(o_orderkey = l1.l_orderkey)","Rows Removed by Index Recheck": 0,"Filter": "(o_orderstatus = 'F'::bpchar)","Rows Removed by Filter": 1}]}]}]}]},"Planning Time": 8.452,"Triggers": [],"Execution Time": 525.397}]
[{"Plan": {"Node Type": "Sort","Parallel Aware": false,"Async Capable": false,"Startup Cost": 147378.80,"Total Cost": 147378.81,"Plan Rows": 1,"Plan Width": 34,"Actual Startup Time": 500.228,"Actual Total Time": 519.082,"Actual Rows": 412,"Actual Loops": 1,"Sort Key": ["(count(*)) DESC", "supplier.s_name"],"Sort Method": "quicksort","Sort Space Used": 57,"Sort Space Type": "Memory","Plans": [{"Node Type": "Aggregate","Strategy": "Sorted","Partial Mode": "Simple","Parent Relationship": "Outer","Parallel Aware": false,"Async Capable": false,"Startup Cost": 147378.77,"Total Cost": 147378.79,"Plan Rows": 1,"Plan Width": 34,"Actual Startup Time": 498.981,"Actual Total Time": 518.359,"Actual Rows": 412,"Actual Loops": 1,"Group Key": ["supplier.s_name"],"Plans": [{"Node Type": "Sort","Parent Relationship": "Outer","Parallel Aware": false,"Async Capable": false,"Startup Cost": 147378.77,"Total Cost": 147378.78,"Plan Rows": 1,"Plan Width": 26,"Actual Startup Time": 498.949,"Actual Total Time": 517.928,"Actual Rows": 4030,"Actual Loops": 1,"Sort Key": ["supplier.s_name"],"Sort Method": "quicksort","Sort Space Used": 380,"Sort Space Type": "Memory","Plans": [{"Node Type": "Nested Loop","Parent Relationship": "Outer","Parallel Aware": false,"Async Capable": false,"Join Type": "Inner","Startup Cost": 1250.87,"Total Cost": 147378.76,"Plan Rows": 1,"Plan Width": 26,"Actual Startup Time": 4.020,"Actual Total Time": 506.052,"Actual Rows": 4030,"Actual Loops": 1,"Inner Unique": true,"Plans": [{"Node Type": "Nested Loop","Parent Relationship": "Outer","Parallel Aware": false,"Async Capable": false,"Join Type": "Semi","Startup Cost": 1250.44,"Total Cost": 147378.26,"Plan Rows": 1,"Plan Width": 34,"Actual Startup Time": 3.993,"Actual Total Time": 443.011,"Actual Rows": 8146,"Actual Loops": 1,"Inner Unique": false,"Plans": [{"Node Type": "Gather","Parent Relationship": "Outer","Parallel Aware": false,"Async Capable": false,"Startup Cost": 1250.01,"Total Cost": 147377.22,"Plan Rows": 1,"Plan Width": 34,"Actual Startup Time": 3.980,"Actual Total Time": 336.738,"Actual Rows": 13748,"Actual Loops": 1,"Workers Planned": 4,"Workers Launched": 4,"Single Copy": false,"Plans": [{"Node Type": "Nested Loop","Parent Relationship": "Outer","Parallel Aware": false,"Async Capable": false,"Join Type": "Anti","Startup Cost": 250.01,"Total Cost": 146377.12,"Plan Rows": 1,"Plan Width": 34,"Actual Startup Time": 4.569,"Actual Total Time": 441.712,"Actual Rows": 2750,"Actual Loops": 5,"Inner Unique": false,"Workers": [],"Plans": [{"Node Type": "Hash Join","Parent Relationship": "Outer","Parallel Aware": false,"Async Capable": false,"Join Type": "Inner","Startup Cost": 249.58,"Total Cost": 133581.65,"Plan Rows": 19990,"Plan Width": 34,"Actual Startup Time": 4.262,"Actual Total Time": 350.942,"Actual Rows": 31209,"Actual Loops": 5,"Inner Unique": false,"Hash Cond": "(l1.l_suppkey = supplier.s_suppkey)","Workers": [],"Plans": [{"Node Type": "Seq Scan","Parent Relationship": "Outer","Parallel Aware": true,"Async Capable": false,"Relation Name": "lineitem","Alias": "l1","Startup Cost": 0.00,"Total Cost": 131256.80,"Plan Rows": 500101,"Plan Width": 8,"Actual Startup Time": 0.026,"Actual Total Time": 299.296,"Actual Rows": 758659,"Actual Loops": 5,"Filter": "(l_receiptdate > l_commitdate)","Rows Removed by Filter": 441584,"Workers": []},{"Node Type": "Hash","Parent Relationship": "Inner","Parallel Aware": false,"Async Capable": false,"Startup Cost": 244.58,"Total Cost": 244.58,"Plan Rows": 400,"Plan Width": 30,"Actual Startup Time": 3.907,"Actual Total Time": 3.918,"Actual Rows": 412,"Actual Loops": 5,"Hash Buckets": 1024,"Original Hash Buckets": 1024,"Hash Batches": 1,"Original Hash Batches": 1,"Peak Memory Usage": 34,"Workers": [],"Plans": [{"Node Type": "Nested Loop","Parent Relationship": "Outer","Parallel Aware": false,"Async Capable": false,"Join Type": "Inner","Startup Cost": 7.38,"Total Cost": 244.58,"Plan Rows": 400,"Plan Width": 30,"Actual Startup Time": 0.286,"Actual Total Time": 3.756,"Actual Rows": 412,"Actual Loops": 5,"Inner Unique": false,"Workers": [],"Plans": [{"Node Type": "Seq Scan","Parent Relationship": "Outer","Parallel Aware": false,"Async Capable": false,"Relation Name": "nation","Alias": "nation","Startup Cost": 0.00,"Total Cost": 1.31,"Plan Rows": 1,"Plan Width": 4,"Actual Startup Time": 0.059,"Actual Total Time": 0.064,"Actual Rows": 1,"Actual Loops": 5,"Filter": "(n_name = 'CANADA'::bpchar)","Rows Removed by Filter": 24,"Workers": []},{"Node Type": "Bitmap Heap Scan","Parent Relationship": "Inner","Parallel Aware": false,"Async Capable": false,"Relation Name": "supplier","Alias": "supplier","Startup Cost": 7.38,"Total Cost": 239.27,"Plan Rows": 400,"Plan Width": 34,"Actual Startup Time": 0.222,"Actual Total Time": 3.623,"Actual Rows": 412,"Actual Loops": 5,"Recheck Cond": "(s_nationkey = nation.n_nationkey)","Rows Removed by Index Recheck": 0,"Exact Heap Blocks": 189,"Lossy Heap Blocks": 0,"Workers": [],"Plans": [{"Node Type": "Bitmap Index Scan","Parent Relationship": "Outer","Parallel Aware": false,"Async Capable": false,"Index Name": "idx_supplier_nation_key","Startup Cost": 0.00,"Total Cost": 7.29,"Plan Rows": 400,"Plan Width": 0,"Actual Startup Time": 0.144,"Actual Total Time": 0.145,"Actual Rows": 412,"Actual Loops": 5,"Index Cond": "(s_nationkey = nation.n_nationkey)","Workers": []}]}]}]}]},{"Node Type": "Index Scan","Parent Relationship": "Inner","Parallel Aware": false,"Async Capable": false,"Scan Direction": "Forward","Index Name": "idx_lineitem_orderkey","Relation Name": "lineitem","Alias": "l3","Startup Cost": 0.43,"Total Cost": 1.06,"Plan Rows": 6,"Plan Width": 8,"Actual Startup Time": 0.003,"Actual Total Time": 0.003,"Actual Rows": 1,"Actual Loops": 156047,"Index Cond": "(l_orderkey = l1.l_orderkey)","Rows Removed by Index Recheck": 0,"Filter": "((l_receiptdate > l_commitdate) AND (l_suppkey <> l1.l_suppkey))","Rows Removed by Filter": 1,"Workers": []}]}]},{"Node Type": "Index Scan","Parent Relationship": "Inner","Parallel Aware": false,"Async Capable": false,"Scan Direction": "Forward","Index Name": "idx_lineitem_orderkey","Relation Name": "lineitem","Alias": "l2","Startup Cost": 0.43,"Total Cost": 1.02,"Plan Rows": 17,"Plan Width": 8,"Actual Startup Time": 0.007,"Actual Total Time": 0.007,"Actual Rows": 1,"Actual Loops": 13748,"Index Cond": "(l_orderkey = l1.l_orderkey)","Rows Removed by Index Recheck": 0,"Filter": "(l_suppkey <> l1.l_suppkey)","Rows Removed by Filter": 1}]},{"Node Type": "Index Scan","Parent Relationship": "Inner","Parallel Aware": false,"Async Capable": false,"Scan Direction": "Forward","Index Name": "orders_pkey","Relation Name": "orders","Alias": "orders","Startup Cost": 0.43,"Total Cost": 0.51,"Plan Rows": 1,"Plan Width": 4,"Actual Startup Time": 0.007,"Actual Total Time": 0.007,"Actual Rows": 0,"Actual Loops": 8146,"Index Cond": "(o_orderkey = l1.l_orderkey)","Rows Removed by Index Recheck": 0,"Filter": "(o_orderstatus = 'F'::bpchar)","Rows Removed by Filter": 1}]}]}]}]},"Planning Time": 9.689,"Triggers": [],"Execution Time": 519.513}]
[{"Plan": {"Node Type": "Sort","Parallel Aware": false,"Async Capable": false,"Startup Cost": 147378.80,"Total Cost": 147378.81,"Plan Rows": 1,"Plan Width": 34,"Actual Startup Time": 502.540,"Actual Total Time": 523.684,"Actual Rows": 401,"Actual Loops": 1,"Sort Key": ["(count(*)) DESC", "supplier.s_name"],"Sort Method": "quicksort","Sort Space Used": 56,"Sort Space Type": "Memory","Plans": [{"Node Type": "Aggregate","Strategy": "Sorted","Partial Mode": "Simple","Parent Relationship": "Outer","Parallel Aware": false,"Async Capable": false,"Startup Cost": 147378.77,"Total Cost": 147378.79,"Plan Rows": 1,"Plan Width": 34,"Actual Startup Time": 501.310,"Actual Total Time": 522.965,"Actual Rows": 401,"Actual Loops": 1,"Group Key": ["supplier.s_name"],"Plans": [{"Node Type": "Sort","Parent Relationship": "Outer","Parallel Aware": false,"Async Capable": false,"Startup Cost": 147378.77,"Total Cost": 147378.78,"Plan Rows": 1,"Plan Width": 26,"Actual Startup Time": 501.284,"Actual Total Time": 522.551,"Actual Rows": 3970,"Actual Loops": 1,"Sort Key": ["supplier.s_name"],"Sort Method": "quicksort","Sort Space Used": 376,"Sort Space Type": "Memory","Plans": [{"Node Type": "Nested Loop","Parent Relationship": "Outer","Parallel Aware": false,"Async Capable": false,"Join Type": "Inner","Startup Cost": 1250.87,"Total Cost": 147378.76,"Plan Rows": 1,"Plan Width": 26,"Actual Startup Time": 5.240,"Actual Total Time": 512.097,"Actual Rows": 3970,"Actual Loops": 1,"Inner Unique": true,"Plans": [{"Node Type": "Nested Loop","Parent Relationship": "Outer","Parallel Aware": false,"Async Capable": false,"Join Type": "Semi","Startup Cost": 1250.44,"Total Cost": 147378.26,"Plan Rows": 1,"Plan Width": 34,"Actual Startup Time": 4.627,"Actual Total Time": 451.513,"Actual Rows": 8097,"Actual Loops": 1,"Inner Unique": false,"Plans": [{"Node Type": "Gather","Parent Relationship": "Outer","Parallel Aware": false,"Async Capable": false,"Startup Cost": 1250.01,"Total Cost": 147377.22,"Plan Rows": 1,"Plan Width": 34,"Actual Startup Time": 4.615,"Actual Total Time": 347.691,"Actual Rows": 13583,"Actual Loops": 1,"Workers Planned": 4,"Workers Launched": 4,"Single Copy": false,"Plans": [{"Node Type": "Nested Loop","Parent Relationship": "Outer","Parallel Aware": false,"Async Capable": false,"Join Type": "Anti","Startup Cost": 250.01,"Total Cost": 146377.12,"Plan Rows": 1,"Plan Width": 34,"Actual Startup Time": 4.828,"Actual Total Time": 446.701,"Actual Rows": 2717,"Actual Loops": 5,"Inner Unique": false,"Workers": [],"Plans": [{"Node Type": "Hash Join","Parent Relationship": "Outer","Parallel Aware": false,"Async Capable": false,"Join Type": "Inner","Startup Cost": 249.58,"Total Cost": 133581.65,"Plan Rows": 19990,"Plan Width": 34,"Actual Startup Time": 4.456,"Actual Total Time": 356.594,"Actual Rows": 30499,"Actual Loops": 5,"Inner Unique": false,"Hash Cond": "(l1.l_suppkey = supplier.s_suppkey)","Workers": [],"Plans": [{"Node Type": "Seq Scan","Parent Relationship": "Outer","Parallel Aware": true,"Async Capable": false,"Relation Name": "lineitem","Alias": "l1","Startup Cost": 0.00,"Total Cost": 131256.80,"Plan Rows": 500101,"Plan Width": 8,"Actual Startup Time": 0.022,"Actual Total Time": 305.978,"Actual Rows": 758659,"Actual Loops": 5,"Filter": "(l_receiptdate > l_commitdate)","Rows Removed by Filter": 441584,"Workers": []},{"Node Type": "Hash","Parent Relationship": "Inner","Parallel Aware": false,"Async Capable": false,"Startup Cost": 244.58,"Total Cost": 244.58,"Plan Rows": 400,"Plan Width": 30,"Actual Startup Time": 4.157,"Actual Total Time": 4.168,"Actual Rows": 401,"Actual Loops": 5,"Hash Buckets": 1024,"Original Hash Buckets": 1024,"Hash Batches": 1,"Original Hash Batches": 1,"Peak Memory Usage": 34,"Workers": [],"Plans": [{"Node Type": "Nested Loop","Parent Relationship": "Outer","Parallel Aware": false,"Async Capable": false,"Join Type": "Inner","Startup Cost": 7.38,"Total Cost": 244.58,"Plan Rows": 400,"Plan Width": 30,"Actual Startup Time": 0.269,"Actual Total Time": 4.009,"Actual Rows": 401,"Actual Loops": 5,"Inner Unique": false,"Workers": [],"Plans": [{"Node Type": "Seq Scan","Parent Relationship": "Outer","Parallel Aware": false,"Async Capable": false,"Relation Name": "nation","Alias": "nation","Startup Cost": 0.00,"Total Cost": 1.31,"Plan Rows": 1,"Plan Width": 4,"Actual Startup Time": 0.053,"Actual Total Time": 0.057,"Actual Rows": 1,"Actual Loops": 5,"Filter": "(n_name = 'RUSSIA'::bpchar)","Rows Removed by Filter": 24,"Workers": []},{"Node Type": "Bitmap Heap Scan","Parent Relationship": "Inner","Parallel Aware": false,"Async Capable": false,"Relation Name": "supplier","Alias": "supplier","Startup Cost": 7.38,"Total Cost": 239.27,"Plan Rows": 400,"Plan Width": 34,"Actual Startup Time": 0.210,"Actual Total Time": 3.875,"Actual Rows": 401,"Actual Loops": 5,"Recheck Cond": "(s_nationkey = nation.n_nationkey)","Rows Removed by Index Recheck": 0,"Exact Heap Blocks": 180,"Lossy Heap Blocks": 0,"Workers": [],"Plans": [{"Node Type": "Bitmap Index Scan","Parent Relationship": "Outer","Parallel Aware": false,"Async Capable": false,"Index Name": "idx_supplier_nation_key","Startup Cost": 0.00,"Total Cost": 7.29,"Plan Rows": 400,"Plan Width": 0,"Actual Startup Time": 0.139,"Actual Total Time": 0.140,"Actual Rows": 401,"Actual Loops": 5,"Index Cond": "(s_nationkey = nation.n_nationkey)","Workers": []}]}]}]}]},{"Node Type": "Index Scan","Parent Relationship": "Inner","Parallel Aware": false,"Async Capable": false,"Scan Direction": "Forward","Index Name": "idx_lineitem_orderkey","Relation Name": "lineitem","Alias": "l3","Startup Cost": 0.43,"Total Cost": 1.06,"Plan Rows": 6,"Plan Width": 8,"Actual Startup Time": 0.003,"Actual Total Time": 0.003,"Actual Rows": 1,"Actual Loops": 152495,"Index Cond": "(l_orderkey = l1.l_orderkey)","Rows Removed by Index Recheck": 0,"Filter": "((l_receiptdate > l_commitdate) AND (l_suppkey <> l1.l_suppkey))","Rows Removed by Filter": 1,"Workers": []}]}]},{"Node Type": "Index Scan","Parent Relationship": "Inner","Parallel Aware": false,"Async Capable": false,"Scan Direction": "Forward","Index Name": "idx_lineitem_orderkey","Relation Name": "lineitem","Alias": "l2","Startup Cost": 0.43,"Total Cost": 1.02,"Plan Rows": 17,"Plan Width": 8,"Actual Startup Time": 0.007,"Actual Total Time": 0.007,"Actual Rows": 1,"Actual Loops": 13583,"Index Cond": "(l_orderkey = l1.l_orderkey)","Rows Removed by Index Recheck": 0,"Filter": "(l_suppkey <> l1.l_suppkey)","Rows Removed by Filter": 1}]},{"Node Type": "Index Scan","Parent Relationship": "Inner","Parallel Aware": false,"Async Capable": false,"Scan Direction": "Forward","Index Name": "orders_pkey","Relation Name": "orders","Alias": "orders","Startup Cost": 0.43,"Total Cost": 0.51,"Plan Rows": 1,"Plan Width": 4,"Actual Startup Time": 0.007,"Actual Total Time": 0.007,"Actual Rows": 0,"Actual Loops": 8097,"Index Cond": "(o_orderkey = l1.l_orderkey)","Rows Removed by Index Recheck": 0,"Filter": "(o_orderstatus = 'F'::bpchar)","Rows Removed by Filter": 1}]}]}]}]},"Planning Time": 9.437,"Triggers": [],"Execution Time": 524.297}]
[{"Plan": {"Node Type": "Sort","Parallel Aware": false,"Async Capable": false,"Startup Cost": 147378.80,"Total Cost": 147378.81,"Plan Rows": 1,"Plan Width": 34,"Actual Startup Time": 506.689,"Actual Total Time": 525.046,"Actual Rows": 415,"Actual Loops": 1,"Sort Key": ["(count(*)) DESC", "supplier.s_name"],"Sort Method": "quicksort","Sort Space Used": 57,"Sort Space Type": "Memory","Plans": [{"Node Type": "Aggregate","Strategy": "Sorted","Partial Mode": "Simple","Parent Relationship": "Outer","Parallel Aware": false,"Async Capable": false,"Startup Cost": 147378.77,"Total Cost": 147378.79,"Plan Rows": 1,"Plan Width": 34,"Actual Startup Time": 505.377,"Actual Total Time": 524.254,"Actual Rows": 415,"Actual Loops": 1,"Group Key": ["supplier.s_name"],"Plans": [{"Node Type": "Sort","Parent Relationship": "Outer","Parallel Aware": false,"Async Capable": false,"Startup Cost": 147378.77,"Total Cost": 147378.78,"Plan Rows": 1,"Plan Width": 26,"Actual Startup Time": 505.350,"Actual Total Time": 523.830,"Actual Rows": 4021,"Actual Loops": 1,"Sort Key": ["supplier.s_name"],"Sort Method": "quicksort","Sort Space Used": 379,"Sort Space Type": "Memory","Plans": [{"Node Type": "Nested Loop","Parent Relationship": "Outer","Parallel Aware": false,"Async Capable": false,"Join Type": "Inner","Startup Cost": 1250.87,"Total Cost": 147378.76,"Plan Rows": 1,"Plan Width": 26,"Actual Startup Time": 4.344,"Actual Total Time": 512.010,"Actual Rows": 4021,"Actual Loops": 1,"Inner Unique": true,"Plans": [{"Node Type": "Nested Loop","Parent Relationship": "Outer","Parallel Aware": false,"Async Capable": false,"Join Type": "Semi","Startup Cost": 1250.44,"Total Cost": 147378.26,"Plan Rows": 1,"Plan Width": 34,"Actual Startup Time": 4.308,"Actual Total Time": 447.240,"Actual Rows": 8423,"Actual Loops": 1,"Inner Unique": false,"Plans": [{"Node Type": "Gather","Parent Relationship": "Outer","Parallel Aware": false,"Async Capable": false,"Startup Cost": 1250.01,"Total Cost": 147377.22,"Plan Rows": 1,"Plan Width": 34,"Actual Startup Time": 4.250,"Actual Total Time": 340.738,"Actual Rows": 13873,"Actual Loops": 1,"Workers Planned": 4,"Workers Launched": 4,"Single Copy": false,"Plans": [{"Node Type": "Nested Loop","Parent Relationship": "Outer","Parallel Aware": false,"Async Capable": false,"Join Type": "Anti","Startup Cost": 250.01,"Total Cost": 146377.12,"Plan Rows": 1,"Plan Width": 34,"Actual Startup Time": 6.059,"Actual Total Time": 447.143,"Actual Rows": 2775,"Actual Loops": 5,"Inner Unique": false,"Workers": [],"Plans": [{"Node Type": "Hash Join","Parent Relationship": "Outer","Parallel Aware": false,"Async Capable": false,"Join Type": "Inner","Startup Cost": 249.58,"Total Cost": 133581.65,"Plan Rows": 19990,"Plan Width": 34,"Actual Startup Time": 5.350,"Actual Total Time": 355.670,"Actual Rows": 31496,"Actual Loops": 5,"Inner Unique": false,"Hash Cond": "(l1.l_suppkey = supplier.s_suppkey)","Workers": [],"Plans": [{"Node Type": "Seq Scan","Parent Relationship": "Outer","Parallel Aware": true,"Async Capable": false,"Relation Name": "lineitem","Alias": "l1","Startup Cost": 0.00,"Total Cost": 131256.80,"Plan Rows": 500101,"Plan Width": 8,"Actual Startup Time": 0.034,"Actual Total Time": 302.387,"Actual Rows": 758659,"Actual Loops": 5,"Filter": "(l_receiptdate > l_commitdate)","Rows Removed by Filter": 441584,"Workers": []},{"Node Type": "Hash","Parent Relationship": "Inner","Parallel Aware": false,"Async Capable": false,"Startup Cost": 244.58,"Total Cost": 244.58,"Plan Rows": 400,"Plan Width": 30,"Actual Startup Time": 5.023,"Actual Total Time": 5.034,"Actual Rows": 415,"Actual Loops": 5,"Hash Buckets": 1024,"Original Hash Buckets": 1024,"Hash Batches": 1,"Original Hash Batches": 1,"Peak Memory Usage": 34,"Workers": [],"Plans": [{"Node Type": "Nested Loop","Parent Relationship": "Outer","Parallel Aware": false,"Async Capable": false,"Join Type": "Inner","Startup Cost": 7.38,"Total Cost": 244.58,"Plan Rows": 400,"Plan Width": 30,"Actual Startup Time": 0.341,"Actual Total Time": 4.843,"Actual Rows": 415,"Actual Loops": 5,"Inner Unique": false,"Workers": [],"Plans": [{"Node Type": "Seq Scan","Parent Relationship": "Outer","Parallel Aware": false,"Async Capable": false,"Relation Name": "nation","Alias": "nation","Startup Cost": 0.00,"Total Cost": 1.31,"Plan Rows": 1,"Plan Width": 4,"Actual Startup Time": 0.054,"Actual Total Time": 0.060,"Actual Rows": 1,"Actual Loops": 5,"Filter": "(n_name = 'INDIA'::bpchar)","Rows Removed by Filter": 24,"Workers": []},{"Node Type": "Bitmap Heap Scan","Parent Relationship": "Inner","Parallel Aware": false,"Async Capable": false,"Relation Name": "supplier","Alias": "supplier","Startup Cost": 7.38,"Total Cost": 239.27,"Plan Rows": 400,"Plan Width": 34,"Actual Startup Time": 0.281,"Actual Total Time": 4.691,"Actual Rows": 415,"Actual Loops": 5,"Recheck Cond": "(s_nationkey = nation.n_nationkey)","Rows Removed by Index Recheck": 0,"Exact Heap Blocks": 186,"Lossy Heap Blocks": 0,"Workers": [],"Plans": [{"Node Type": "Bitmap Index Scan","Parent Relationship": "Outer","Parallel Aware": false,"Async Capable": false,"Index Name": "idx_supplier_nation_key","Startup Cost": 0.00,"Total Cost": 7.29,"Plan Rows": 400,"Plan Width": 0,"Actual Startup Time": 0.207,"Actual Total Time": 0.208,"Actual Rows": 415,"Actual Loops": 5,"Index Cond": "(s_nationkey = nation.n_nationkey)","Workers": []}]}]}]}]},{"Node Type": "Index Scan","Parent Relationship": "Inner","Parallel Aware": false,"Async Capable": false,"Scan Direction": "Forward","Index Name": "idx_lineitem_orderkey","Relation Name": "lineitem","Alias": "l3","Startup Cost": 0.43,"Total Cost": 1.06,"Plan Rows": 6,"Plan Width": 8,"Actual Startup Time": 0.003,"Actual Total Time": 0.003,"Actual Rows": 1,"Actual Loops": 157482,"Index Cond": "(l_orderkey = l1.l_orderkey)","Rows Removed by Index Recheck": 0,"Filter": "((l_receiptdate > l_commitdate) AND (l_suppkey <> l1.l_suppkey))","Rows Removed by Filter": 1,"Workers": []}]}]},{"Node Type": "Index Scan","Parent Relationship": "Inner","Parallel Aware": false,"Async Capable": false,"Scan Direction": "Forward","Index Name": "idx_lineitem_orderkey","Relation Name": "lineitem","Alias": "l2","Startup Cost": 0.43,"Total Cost": 1.02,"Plan Rows": 17,"Plan Width": 8,"Actual Startup Time": 0.007,"Actual Total Time": 0.007,"Actual Rows": 1,"Actual Loops": 13873,"Index Cond": "(l_orderkey = l1.l_orderkey)","Rows Removed by Index Recheck": 0,"Filter": "(l_suppkey <> l1.l_suppkey)","Rows Removed by Filter": 1}]},{"Node Type": "Index Scan","Parent Relationship": "Inner","Parallel Aware": false,"Async Capable": false,"Scan Direction": "Forward","Index Name": "orders_pkey","Relation Name": "orders","Alias": "orders","Startup Cost": 0.43,"Total Cost": 0.51,"Plan Rows": 1,"Plan Width": 4,"Actual Startup Time": 0.007,"Actual Total Time": 0.007,"Actual Rows": 0,"Actual Loops": 8423,"Index Cond": "(o_orderkey = l1.l_orderkey)","Rows Removed by Index Recheck": 0,"Filter": "(o_orderstatus = 'F'::bpchar)","Rows Removed by Filter": 1}]}]}]}]},"Planning Time": 9.331,"Triggers": [],"Execution Time": 525.561}]
[{"Plan": {"Node Type": "Sort","Parallel Aware": false,"Async Capable": false,"Startup Cost": 147378.80,"Total Cost": 147378.81,"Plan Rows": 1,"Plan Width": 34,"Actual Startup Time": 500.228,"Actual Total Time": 519.082,"Actual Rows": 412,"Actual Loops": 1,"Sort Key": ["(count(*)) DESC", "supplier.s_name"],"Sort Method": "quicksort","Sort Space Used": 57,"Sort Space Type": "Memory","Plans": [{"Node Type": "Aggregate","Strategy": "Sorted","Partial Mode": "Simple","Parent Relationship": "Outer","Parallel Aware": false,"Async Capable": false,"Startup Cost": 147378.77,"Total Cost": 147378.79,"Plan Rows": 1,"Plan Width": 34,"Actual Startup Time": 498.981,"Actual Total Time": 518.359,"Actual Rows": 412,"Actual Loops": 1,"Group Key": ["supplier.s_name"],"Plans": [{"Node Type": "Sort","Parent Relationship": "Outer","Parallel Aware": false,"Async Capable": false,"Startup Cost": 147378.77,"Total Cost": 147378.78,"Plan Rows": 1,"Plan Width": 26,"Actual Startup Time": 498.949,"Actual Total Time": 517.928,"Actual Rows": 4030,"Actual Loops": 1,"Sort Key": ["supplier.s_name"],"Sort Method": "quicksort","Sort Space Used": 380,"Sort Space Type": "Memory","Plans": [{"Node Type": "Nested Loop","Parent Relationship": "Outer","Parallel Aware": false,"Async Capable": false,"Join Type": "Inner","Startup Cost": 1250.87,"Total Cost": 147378.76,"Plan Rows": 1,"Plan Width": 26,"Actual Startup Time": 4.020,"Actual Total Time": 506.052,"Actual Rows": 4030,"Actual Loops": 1,"Inner Unique": true,"Plans": [{"Node Type": "Nested Loop","Parent Relationship": "Outer","Parallel Aware": false,"Async Capable": false,"Join Type": "Semi","Startup Cost": 1250.44,"Total Cost": 147378.26,"Plan Rows": 1,"Plan Width": 34,"Actual Startup Time": 3.993,"Actual Total Time": 443.011,"Actual Rows": 8146,"Actual Loops": 1,"Inner Unique": false,"Plans": [{"Node Type": "Gather","Parent Relationship": "Outer","Parallel Aware": false,"Async Capable": false,"Startup Cost": 1250.01,"Total Cost": 147377.22,"Plan Rows": 1,"Plan Width": 34,"Actual Startup Time": 3.980,"Actual Total Time": 336.738,"Actual Rows": 13748,"Actual Loops": 1,"Workers Planned": 4,"Workers Launched": 4,"Single Copy": false,"Plans": [{"Node Type": "Nested Loop","Parent Relationship": "Outer","Parallel Aware": false,"Async Capable": false,"Join Type": "Anti","Startup Cost": 250.01,"Total Cost": 146377.12,"Plan Rows": 1,"Plan Width": 34,"Actual Startup Time": 4.569,"Actual Total Time": 441.712,"Actual Rows": 2750,"Actual Loops": 5,"Inner Unique": false,"Workers": [],"Plans": [{"Node Type": "Hash Join","Parent Relationship": "Outer","Parallel Aware": false,"Async Capable": false,"Join Type": "Inner","Startup Cost": 249.58,"Total Cost": 133581.65,"Plan Rows": 19990,"Plan Width": 34,"Actual Startup Time": 4.262,"Actual Total Time": 350.942,"Actual Rows": 31209,"Actual Loops": 5,"Inner Unique": false,"Hash Cond": "(l1.l_suppkey = supplier.s_suppkey)","Workers": [],"Plans": [{"Node Type": "Seq Scan","Parent Relationship": "Outer","Parallel Aware": true,"Async Capable": false,"Relation Name": "lineitem","Alias": "l1","Startup Cost": 0.00,"Total Cost": 131256.80,"Plan Rows": 500101,"Plan Width": 8,"Actual Startup Time": 0.026,"Actual Total Time": 299.296,"Actual Rows": 758659,"Actual Loops": 5,"Filter": "(l_receiptdate > l_commitdate)","Rows Removed by Filter": 441584,"Workers": []},{"Node Type": "Hash","Parent Relationship": "Inner","Parallel Aware": false,"Async Capable": false,"Startup Cost": 244.58,"Total Cost": 244.58,"Plan Rows": 400,"Plan Width": 30,"Actual Startup Time": 3.907,"Actual Total Time": 3.918,"Actual Rows": 412,"Actual Loops": 5,"Hash Buckets": 1024,"Original Hash Buckets": 1024,"Hash Batches": 1,"Original Hash Batches": 1,"Peak Memory Usage": 34,"Workers": [],"Plans": [{"Node Type": "Nested Loop","Parent Relationship": "Outer","Parallel Aware": false,"Async Capable": false,"Join Type": "Inner","Startup Cost": 7.38,"Total Cost": 244.58,"Plan Rows": 400,"Plan Width": 30,"Actual Startup Time": 0.286,"Actual Total Time": 3.756,"Actual Rows": 412,"Actual Loops": 5,"Inner Unique": false,"Workers": [],"Plans": [{"Node Type": "Seq Scan","Parent Relationship": "Outer","Parallel Aware": false,"Async Capable": false,"Relation Name": "nation","Alias": "nation","Startup Cost": 0.00,"Total Cost": 1.31,"Plan Rows": 1,"Plan Width": 4,"Actual Startup Time": 0.059,"Actual Total Time": 0.064,"Actual Rows": 1,"Actual Loops": 5,"Filter": "(n_name = 'CANADA'::bpchar)","Rows Removed by Filter": 24,"Workers": []},{"Node Type": "Bitmap Heap Scan","Parent Relationship": "Inner","Parallel Aware": false,"Async Capable": false,"Relation Name": "supplier","Alias": "supplier","Startup Cost": 7.38,"Total Cost": 239.27,"Plan Rows": 400,"Plan Width": 34,"Actual Startup Time": 0.222,"Actual Total Time": 3.623,"Actual Rows": 412,"Actual Loops": 5,"Recheck Cond": "(s_nationkey = nation.n_nationkey)","Rows Removed by Index Recheck": 0,"Exact Heap Blocks": 189,"Lossy Heap Blocks": 0,"Workers": [],"Plans": [{"Node Type": "Bitmap Index Scan","Parent Relationship": "Outer","Parallel Aware": false,"Async Capable": false,"Index Name": "idx_supplier_nation_key","Startup Cost": 0.00,"Total Cost": 7.29,"Plan Rows": 400,"Plan Width": 0,"Actual Startup Time": 0.144,"Actual Total Time": 0.145,"Actual Rows": 412,"Actual Loops": 5,"Index Cond": "(s_nationkey = nation.n_nationkey)","Workers": []}]}]}]}]},{"Node Type": "Index Scan","Parent Relationship": "Inner","Parallel Aware": false,"Async Capable": false,"Scan Direction": "Forward","Index Name": "idx_lineitem_orderkey","Relation Name": "lineitem","Alias": "l3","Startup Cost": 0.43,"Total Cost": 1.06,"Plan Rows": 6,"Plan Width": 8,"Actual Startup Time": 0.003,"Actual Total Time": 0.003,"Actual Rows": 1,"Actual Loops": 156047,"Index Cond": "(l_orderkey = l1.l_orderkey)","Rows Removed by Index Recheck": 0,"Filter": "((l_receiptdate > l_commitdate) AND (l_suppkey <> l1.l_suppkey))","Rows Removed by Filter": 1,"Workers": []}]}]},{"Node Type": "Index Scan","Parent Relationship": "Inner","Parallel Aware": false,"Async Capable": false,"Scan Direction": "Forward","Index Name": "idx_lineitem_orderkey","Relation Name": "lineitem","Alias": "l2","Startup Cost": 0.43,"Total Cost": 1.02,"Plan Rows": 17,"Plan Width": 8,"Actual Startup Time": 0.007,"Actual Total Time": 0.007,"Actual Rows": 1,"Actual Loops": 13748,"Index Cond": "(l_orderkey = l1.l_orderkey)","Rows Removed by Index Recheck": 0,"Filter": "(l_suppkey <> l1.l_suppkey)","Rows Removed by Filter": 1}]},{"Node Type": "Index Scan","Parent Relationship": "Inner","Parallel Aware": false,"Async Capable": false,"Scan Direction": "Forward","Index Name": "orders_pkey","Relation Name": "orders","Alias": "orders","Startup Cost": 0.43,"Total Cost": 0.51,"Plan Rows": 1,"Plan Width": 4,"Actual Startup Time": 0.007,"Actual Total Time": 0.007,"Actual Rows": 0,"Actual Loops": 8146,"Index Cond": "(o_orderkey = l1.l_orderkey)","Rows Removed by Index Recheck": 0,"Filter": "(o_orderstatus = 'F'::bpchar)","Rows Removed by Filter": 1}]}]}]}]},"Planning Time": 9.689,"Triggers": [],"Execution Time": 519.513}]
[{"Plan": {"Node Type": "Sort","Parallel Aware": false,"Async Capable": false,"Startup Cost": 147378.80,"Total Cost": 147378.81,"Plan Rows": 1,"Plan Width": 34,"Actual Startup Time": 506.689,"Actual Total Time": 525.046,"Actual Rows": 415,"Actual Loops": 1,"Sort Key": ["(count(*)) DESC", "supplier.s_name"],"Sort Method": "quicksort","Sort Space Used": 57,"Sort Space Type": "Memory","Plans": [{"Node Type": "Aggregate","Strategy": "Sorted","Partial Mode": "Simple","Parent Relationship": "Outer","Parallel Aware": false,"Async Capable": false,"Startup Cost": 147378.77,"Total Cost": 147378.79,"Plan Rows": 1,"Plan Width": 34,"Actual Startup Time": 505.377,"Actual Total Time": 524.254,"Actual Rows": 415,"Actual Loops": 1,"Group Key": ["supplier.s_name"],"Plans": [{"Node Type": "Sort","Parent Relationship": "Outer","Parallel Aware": false,"Async Capable": false,"Startup Cost": 147378.77,"Total Cost": 147378.78,"Plan Rows": 1,"Plan Width": 26,"Actual Startup Time": 505.350,"Actual Total Time": 523.830,"Actual Rows": 4021,"Actual Loops": 1,"Sort Key": ["supplier.s_name"],"Sort Method": "quicksort","Sort Space Used": 379,"Sort Space Type": "Memory","Plans": [{"Node Type": "Nested Loop","Parent Relationship": "Outer","Parallel Aware": false,"Async Capable": false,"Join Type": "Inner","Startup Cost": 1250.87,"Total Cost": 147378.76,"Plan Rows": 1,"Plan Width": 26,"Actual Startup Time": 4.344,"Actual Total Time": 512.010,"Actual Rows": 4021,"Actual Loops": 1,"Inner Unique": true,"Plans": [{"Node Type": "Nested Loop","Parent Relationship": "Outer","Parallel Aware": false,"Async Capable": false,"Join Type": "Semi","Startup Cost": 1250.44,"Total Cost": 147378.26,"Plan Rows": 1,"Plan Width": 34,"Actual Startup Time": 4.308,"Actual Total Time": 447.240,"Actual Rows": 8423,"Actual Loops": 1,"Inner Unique": false,"Plans": [{"Node Type": "Gather","Parent Relationship": "Outer","Parallel Aware": false,"Async Capable": false,"Startup Cost": 1250.01,"Total Cost": 147377.22,"Plan Rows": 1,"Plan Width": 34,"Actual Startup Time": 4.250,"Actual Total Time": 340.738,"Actual Rows": 13873,"Actual Loops": 1,"Workers Planned": 4,"Workers Launched": 4,"Single Copy": false,"Plans": [{"Node Type": "Nested Loop","Parent Relationship": "Outer","Parallel Aware": false,"Async Capable": false,"Join Type": "Anti","Startup Cost": 250.01,"Total Cost": 146377.12,"Plan Rows": 1,"Plan Width": 34,"Actual Startup Time": 6.059,"Actual Total Time": 447.143,"Actual Rows": 2775,"Actual Loops": 5,"Inner Unique": false,"Workers": [],"Plans": [{"Node Type": "Hash Join","Parent Relationship": "Outer","Parallel Aware": false,"Async Capable": false,"Join Type": "Inner","Startup Cost": 249.58,"Total Cost": 133581.65,"Plan Rows": 19990,"Plan Width": 34,"Actual Startup Time": 5.350,"Actual Total Time": 355.670,"Actual Rows": 31496,"Actual Loops": 5,"Inner Unique": false,"Hash Cond": "(l1.l_suppkey = supplier.s_suppkey)","Workers": [],"Plans": [{"Node Type": "Seq Scan","Parent Relationship": "Outer","Parallel Aware": true,"Async Capable": false,"Relation Name": "lineitem","Alias": "l1","Startup Cost": 0.00,"Total Cost": 131256.80,"Plan Rows": 500101,"Plan Width": 8,"Actual Startup Time": 0.034,"Actual Total Time": 302.387,"Actual Rows": 758659,"Actual Loops": 5,"Filter": "(l_receiptdate > l_commitdate)","Rows Removed by Filter": 441584,"Workers": []},{"Node Type": "Hash","Parent Relationship": "Inner","Parallel Aware": false,"Async Capable": false,"Startup Cost": 244.58,"Total Cost": 244.58,"Plan Rows": 400,"Plan Width": 30,"Actual Startup Time": 5.023,"Actual Total Time": 5.034,"Actual Rows": 415,"Actual Loops": 5,"Hash Buckets": 1024,"Original Hash Buckets": 1024,"Hash Batches": 1,"Original Hash Batches": 1,"Peak Memory Usage": 34,"Workers": [],"Plans": [{"Node Type": "Nested Loop","Parent Relationship": "Outer","Parallel Aware": false,"Async Capable": false,"Join Type": "Inner","Startup Cost": 7.38,"Total Cost": 244.58,"Plan Rows": 400,"Plan Width": 30,"Actual Startup Time": 0.341,"Actual Total Time": 4.843,"Actual Rows": 415,"Actual Loops": 5,"Inner Unique": false,"Workers": [],"Plans": [{"Node Type": "Seq Scan","Parent Relationship": "Outer","Parallel Aware": false,"Async Capable": false,"Relation Name": "nation","Alias": "nation","Startup Cost": 0.00,"Total Cost": 1.31,"Plan Rows": 1,"Plan Width": 4,"Actual Startup Time": 0.054,"Actual Total Time": 0.060,"Actual Rows": 1,"Actual Loops": 5,"Filter": "(n_name = 'INDIA'::bpchar)","Rows Removed by Filter": 24,"Workers": []},{"Node Type": "Bitmap Heap Scan","Parent Relationship": "Inner","Parallel Aware": false,"Async Capable": false,"Relation Name": "supplier","Alias": "supplier","Startup Cost": 7.38,"Total Cost": 239.27,"Plan Rows": 400,"Plan Width": 34,"Actual Startup Time": 0.281,"Actual Total Time": 4.691,"Actual Rows": 415,"Actual Loops": 5,"Recheck Cond": "(s_nationkey = nation.n_nationkey)","Rows Removed by Index Recheck": 0,"Exact Heap Blocks": 186,"Lossy Heap Blocks": 0,"Workers": [],"Plans": [{"Node Type": "Bitmap Index Scan","Parent Relationship": "Outer","Parallel Aware": false,"Async Capable": false,"Index Name": "idx_supplier_nation_key","Startup Cost": 0.00,"Total Cost": 7.29,"Plan Rows": 400,"Plan Width": 0,"Actual Startup Time": 0.207,"Actual Total Time": 0.208,"Actual Rows": 415,"Actual Loops": 5,"Index Cond": "(s_nationkey = nation.n_nationkey)","Workers": []}]}]}]}]},{"Node Type": "Index Scan","Parent Relationship": "Inner","Parallel Aware": false,"Async Capable": false,"Scan Direction": "Forward","Index Name": "idx_lineitem_orderkey","Relation Name": "lineitem","Alias": "l3","Startup Cost": 0.43,"Total Cost": 1.06,"Plan Rows": 6,"Plan Width": 8,"Actual Startup Time": 0.003,"Actual Total Time": 0.003,"Actual Rows": 1,"Actual Loops": 157482,"Index Cond": "(l_orderkey = l1.l_orderkey)","Rows Removed by Index Recheck": 0,"Filter": "((l_receiptdate > l_commitdate) AND (l_suppkey <> l1.l_suppkey))","Rows Removed by Filter": 1,"Workers": []}]}]},{"Node Type": "Index Scan","Parent Relationship": "Inner","Parallel Aware": false,"Async Capable": false,"Scan Direction": "Forward","Index Name": "idx_lineitem_orderkey","Relation Name": "lineitem","Alias": "l2","Startup Cost": 0.43,"Total Cost": 1.02,"Plan Rows": 17,"Plan Width": 8,"Actual Startup Time": 0.007,"Actual Total Time": 0.007,"Actual Rows": 1,"Actual Loops": 13873,"Index Cond": "(l_orderkey = l1.l_orderkey)","Rows Removed by Index Recheck": 0,"Filter": "(l_suppkey <> l1.l_suppkey)","Rows Removed by Filter": 1}]},{"Node Type": "Index Scan","Parent Relationship": "Inner","Parallel Aware": false,"Async Capable": false,"Scan Direction": "Forward","Index Name": "orders_pkey","Relation Name": "orders","Alias": "orders","Startup Cost": 0.43,"Total Cost": 0.51,"Plan Rows": 1,"Plan Width": 4,"Actual Startup Time": 0.007,"Actual Total Time": 0.007,"Actual Rows": 0,"Actual Loops": 8423,"Index Cond": "(o_orderkey = l1.l_orderkey)","Rows Removed by Index Recheck": 0,"Filter": "(o_orderstatus = 'F'::bpchar)","Rows Removed by Filter": 1}]}]}]}]},"Planning Time": 9.331,"Triggers": [],"Execution Time": 525.561}]
[{"Plan": {"Node Type": "Sort","Parallel Aware": false,"Async Capable": false,"Startup Cost": 147378.80,"Total Cost": 147378.81,"Plan Rows": 1,"Plan Width": 34,"Actual Startup Time": 493.231,"Actual Total Time": 511.674,"Actual Rows": 376,"Actual Loops": 1,"Sort Key": ["(count(*)) DESC", "supplier.s_name"],"Sort Method": "quicksort","Sort Space Used": 54,"Sort Space Type": "Memory","Plans": [{"Node Type": "Aggregate","Strategy": "Sorted","Partial Mode": "Simple","Parent Relationship": "Outer","Parallel Aware": false,"Async Capable": false,"Startup Cost": 147378.77,"Total Cost": 147378.79,"Plan Rows": 1,"Plan Width": 34,"Actual Startup Time": 492.079,"Actual Total Time": 510.997,"Actual Rows": 376,"Actual Loops": 1,"Group Key": ["supplier.s_name"],"Plans": [{"Node Type": "Sort","Parent Relationship": "Outer","Parallel Aware": false,"Async Capable": false,"Startup Cost": 147378.77,"Total Cost": 147378.78,"Plan Rows": 1,"Plan Width": 26,"Actual Startup Time": 492.053,"Actual Total Time": 510.609,"Actual Rows": 3697,"Actual Loops": 1,"Sort Key": ["supplier.s_name"],"Sort Method": "quicksort","Sort Space Used": 356,"Sort Space Type": "Memory","Plans": [{"Node Type": "Nested Loop","Parent Relationship": "Outer","Parallel Aware": false,"Async Capable": false,"Join Type": "Inner","Startup Cost": 1250.87,"Total Cost": 147378.76,"Plan Rows": 1,"Plan Width": 26,"Actual Startup Time": 5.656,"Actual Total Time": 499.948,"Actual Rows": 3697,"Actual Loops": 1,"Inner Unique": true,"Plans": [{"Node Type": "Nested Loop","Parent Relationship": "Outer","Parallel Aware": false,"Async Capable": false,"Join Type": "Semi","Startup Cost": 1250.44,"Total Cost": 147378.26,"Plan Rows": 1,"Plan Width": 34,"Actual Startup Time": 5.611,"Actual Total Time": 438.655,"Actual Rows": 7589,"Actual Loops": 1,"Inner Unique": false,"Plans": [{"Node Type": "Gather","Parent Relationship": "Outer","Parallel Aware": false,"Async Capable": false,"Startup Cost": 1250.01,"Total Cost": 147377.22,"Plan Rows": 1,"Plan Width": 34,"Actual Startup Time": 4.591,"Actual Total Time": 336.749,"Actual Rows": 12677,"Actual Loops": 1,"Workers Planned": 4,"Workers Launched": 4,"Single Copy": false,"Plans": [{"Node Type": "Nested Loop","Parent Relationship": "Outer","Parallel Aware": false,"Async Capable": false,"Join Type": "Anti","Startup Cost": 250.01,"Total Cost": 146377.12,"Plan Rows": 1,"Plan Width": 34,"Actual Startup Time": 5.313,"Actual Total Time": 436.446,"Actual Rows": 2535,"Actual Loops": 5,"Inner Unique": false,"Workers": [],"Plans": [{"Node Type": "Hash Join","Parent Relationship": "Outer","Parallel Aware": false,"Async Capable": false,"Join Type": "Inner","Startup Cost": 249.58,"Total Cost": 133581.65,"Plan Rows": 19990,"Plan Width": 34,"Actual Startup Time": 5.158,"Actual Total Time": 352.526,"Actual Rows": 28439,"Actual Loops": 5,"Inner Unique": false,"Hash Cond": "(l1.l_suppkey = supplier.s_suppkey)","Workers": [],"Plans": [{"Node Type": "Seq Scan","Parent Relationship": "Outer","Parallel Aware": true,"Async Capable": false,"Relation Name": "lineitem","Alias": "l1","Startup Cost": 0.00,"Total Cost": 131256.80,"Plan Rows": 500101,"Plan Width": 8,"Actual Startup Time": 0.028,"Actual Total Time": 300.563,"Actual Rows": 758659,"Actual Loops": 5,"Filter": "(l_receiptdate > l_commitdate)","Rows Removed by Filter": 441584,"Workers": []},{"Node Type": "Hash","Parent Relationship": "Inner","Parallel Aware": false,"Async Capable": false,"Startup Cost": 244.58,"Total Cost": 244.58,"Plan Rows": 400,"Plan Width": 30,"Actual Startup Time": 4.780,"Actual Total Time": 4.790,"Actual Rows": 376,"Actual Loops": 5,"Hash Buckets": 1024,"Original Hash Buckets": 1024,"Hash Batches": 1,"Original Hash Batches": 1,"Peak Memory Usage": 32,"Workers": [],"Plans": [{"Node Type": "Nested Loop","Parent Relationship": "Outer","Parallel Aware": false,"Async Capable": false,"Join Type": "Inner","Startup Cost": 7.38,"Total Cost": 244.58,"Plan Rows": 400,"Plan Width": 30,"Actual Startup Time": 0.359,"Actual Total Time": 4.625,"Actual Rows": 376,"Actual Loops": 5,"Inner Unique": false,"Workers": [],"Plans": [{"Node Type": "Seq Scan","Parent Relationship": "Outer","Parallel Aware": false,"Async Capable": false,"Relation Name": "nation","Alias": "nation","Startup Cost": 0.00,"Total Cost": 1.31,"Plan Rows": 1,"Plan Width": 4,"Actual Startup Time": 0.066,"Actual Total Time": 0.070,"Actual Rows": 1,"Actual Loops": 5,"Filter": "(n_name = 'KENYA'::bpchar)","Rows Removed by Filter": 24,"Workers": []},{"Node Type": "Bitmap Heap Scan","Parent Relationship": "Inner","Parallel Aware": false,"Async Capable": false,"Relation Name": "supplier","Alias": "supplier","Startup Cost": 7.38,"Total Cost": 239.27,"Plan Rows": 400,"Plan Width": 34,"Actual Startup Time": 0.287,"Actual Total Time": 4.480,"Actual Rows": 376,"Actual Loops": 5,"Recheck Cond": "(s_nationkey = nation.n_nationkey)","Rows Removed by Index Recheck": 0,"Exact Heap Blocks": 179,"Lossy Heap Blocks": 0,"Workers": [],"Plans": [{"Node Type": "Bitmap Index Scan","Parent Relationship": "Outer","Parallel Aware": false,"Async Capable": false,"Index Name": "idx_supplier_nation_key","Startup Cost": 0.00,"Total Cost": 7.29,"Plan Rows": 400,"Plan Width": 0,"Actual Startup Time": 0.181,"Actual Total Time": 0.182,"Actual Rows": 376,"Actual Loops": 5,"Index Cond": "(s_nationkey = nation.n_nationkey)","Workers": []}]}]}]}]},{"Node Type": "Index Scan","Parent Relationship": "Inner","Parallel Aware": false,"Async Capable": false,"Scan Direction": "Forward","Index Name": "idx_lineitem_orderkey","Relation Name": "lineitem","Alias": "l3","Startup Cost": 0.43,"Total Cost": 1.06,"Plan Rows": 6,"Plan Width": 8,"Actual Startup Time": 0.003,"Actual Total Time": 0.003,"Actual Rows": 1,"Actual Loops": 142196,"Index Cond": "(l_orderkey = l1.l_orderkey)","Rows Removed by Index Recheck": 0,"Filter": "((l_receiptdate > l_commitdate) AND (l_suppkey <> l1.l_suppkey))","Rows Removed by Filter": 1,"Workers": []}]}]},{"Node Type": "Index Scan","Parent Relationship": "Inner","Parallel Aware": false,"Async Capable": false,"Scan Direction": "Forward","Index Name": "idx_lineitem_orderkey","Relation Name": "lineitem","Alias": "l2","Startup Cost": 0.43,"Total Cost": 1.02,"Plan Rows": 17,"Plan Width": 8,"Actual Startup Time": 0.008,"Actual Total Time": 0.008,"Actual Rows": 1,"Actual Loops": 12677,"Index Cond": "(l_orderkey = l1.l_orderkey)","Rows Removed by Index Recheck": 0,"Filter": "(l_suppkey <> l1.l_suppkey)","Rows Removed by Filter": 1}]},{"Node Type": "Index Scan","Parent Relationship": "Inner","Parallel Aware": false,"Async Capable": false,"Scan Direction": "Forward","Index Name": "orders_pkey","Relation Name": "orders","Alias": "orders","Startup Cost": 0.43,"Total Cost": 0.51,"Plan Rows": 1,"Plan Width": 4,"Actual Startup Time": 0.008,"Actual Total Time": 0.008,"Actual Rows": 0,"Actual Loops": 7589,"Index Cond": "(o_orderkey = l1.l_orderkey)","Rows Removed by Index Recheck": 0,"Filter": "(o_orderstatus = 'F'::bpchar)","Rows Removed by Filter": 1}]}]}]}]},"Planning Time": 8.298,"Triggers": [],"Execution Time": 512.274}]
[{"Plan": {"Node Type": "Sort","Parallel Aware": false,"Async Capable": false,"Startup Cost": 147378.80,"Total Cost": 147378.81,"Plan Rows": 1,"Plan Width": 34,"Actual Startup Time": 500.185,"Actual Total Time": 519.970,"Actual Rows": 396,"Actual Loops": 1,"Sort Key": ["(count(*)) DESC", "supplier.s_name"],"Sort Method": "quicksort","Sort Space Used": 55,"Sort Space Type": "Memory","Plans": [{"Node Type": "Aggregate","Strategy": "Sorted","Partial Mode": "Simple","Parent Relationship": "Outer","Parallel Aware": false,"Async Capable": false,"Startup Cost": 147378.77,"Total Cost": 147378.79,"Plan Rows": 1,"Plan Width": 34,"Actual Startup Time": 498.969,"Actual Total Time": 519.272,"Actual Rows": 396,"Actual Loops": 1,"Group Key": ["supplier.s_name"],"Plans": [{"Node Type": "Sort","Parent Relationship": "Outer","Parallel Aware": false,"Async Capable": false,"Startup Cost": 147378.77,"Total Cost": 147378.78,"Plan Rows": 1,"Plan Width": 26,"Actual Startup Time": 498.950,"Actual Total Time": 518.863,"Actual Rows": 3935,"Actual Loops": 1,"Sort Key": ["supplier.s_name"],"Sort Method": "quicksort","Sort Space Used": 373,"Sort Space Type": "Memory","Plans": [{"Node Type": "Nested Loop","Parent Relationship": "Outer","Parallel Aware": false,"Async Capable": false,"Join Type": "Inner","Startup Cost": 1250.87,"Total Cost": 147378.76,"Plan Rows": 1,"Plan Width": 26,"Actual Startup Time": 5.056,"Actual Total Time": 508.223,"Actual Rows": 3935,"Actual Loops": 1,"Inner Unique": true,"Plans": [{"Node Type": "Nested Loop","Parent Relationship": "Outer","Parallel Aware": false,"Async Capable": false,"Join Type": "Semi","Startup Cost": 1250.44,"Total Cost": 147378.26,"Plan Rows": 1,"Plan Width": 34,"Actual Startup Time": 5.029,"Actual Total Time": 447.558,"Actual Rows": 8035,"Actual Loops": 1,"Inner Unique": false,"Plans": [{"Node Type": "Gather","Parent Relationship": "Outer","Parallel Aware": false,"Async Capable": false,"Startup Cost": 1250.01,"Total Cost": 147377.22,"Plan Rows": 1,"Plan Width": 34,"Actual Startup Time": 4.623,"Actual Total Time": 341.887,"Actual Rows": 13450,"Actual Loops": 1,"Workers Planned": 4,"Workers Launched": 4,"Single Copy": false,"Plans": [{"Node Type": "Nested Loop","Parent Relationship": "Outer","Parallel Aware": false,"Async Capable": false,"Join Type": "Anti","Startup Cost": 250.01,"Total Cost": 146377.12,"Plan Rows": 1,"Plan Width": 34,"Actual Startup Time": 4.632,"Actual Total Time": 442.832,"Actual Rows": 2690,"Actual Loops": 5,"Inner Unique": false,"Workers": [],"Plans": [{"Node Type": "Hash Join","Parent Relationship": "Outer","Parallel Aware": false,"Async Capable": false,"Join Type": "Inner","Startup Cost": 249.58,"Total Cost": 133581.65,"Plan Rows": 19990,"Plan Width": 34,"Actual Startup Time": 4.440,"Actual Total Time": 353.938,"Actual Rows": 30159,"Actual Loops": 5,"Inner Unique": false,"Hash Cond": "(l1.l_suppkey = supplier.s_suppkey)","Workers": [],"Plans": [{"Node Type": "Seq Scan","Parent Relationship": "Outer","Parallel Aware": true,"Async Capable": false,"Relation Name": "lineitem","Alias": "l1","Startup Cost": 0.00,"Total Cost": 131256.80,"Plan Rows": 500101,"Plan Width": 8,"Actual Startup Time": 0.027,"Actual Total Time": 302.537,"Actual Rows": 758659,"Actual Loops": 5,"Filter": "(l_receiptdate > l_commitdate)","Rows Removed by Filter": 441584,"Workers": []},{"Node Type": "Hash","Parent Relationship": "Inner","Parallel Aware": false,"Async Capable": false,"Startup Cost": 244.58,"Total Cost": 244.58,"Plan Rows": 400,"Plan Width": 30,"Actual Startup Time": 4.114,"Actual Total Time": 4.124,"Actual Rows": 396,"Actual Loops": 5,"Hash Buckets": 1024,"Original Hash Buckets": 1024,"Hash Batches": 1,"Original Hash Batches": 1,"Peak Memory Usage": 33,"Workers": [],"Plans": [{"Node Type": "Nested Loop","Parent Relationship": "Outer","Parallel Aware": false,"Async Capable": false,"Join Type": "Inner","Startup Cost": 7.38,"Total Cost": 244.58,"Plan Rows": 400,"Plan Width": 30,"Actual Startup Time": 0.301,"Actual Total Time": 3.971,"Actual Rows": 396,"Actual Loops": 5,"Inner Unique": false,"Workers": [],"Plans": [{"Node Type": "Seq Scan","Parent Relationship": "Outer","Parallel Aware": false,"Async Capable": false,"Relation Name": "nation","Alias": "nation","Startup Cost": 0.00,"Total Cost": 1.31,"Plan Rows": 1,"Plan Width": 4,"Actual Startup Time": 0.063,"Actual Total Time": 0.068,"Actual Rows": 1,"Actual Loops": 5,"Filter": "(n_name = 'GERMANY'::bpchar)","Rows Removed by Filter": 24,"Workers": []},{"Node Type": "Bitmap Heap Scan","Parent Relationship": "Inner","Parallel Aware": false,"Async Capable": false,"Relation Name": "supplier","Alias": "supplier","Startup Cost": 7.38,"Total Cost": 239.27,"Plan Rows": 400,"Plan Width": 34,"Actual Startup Time": 0.232,"Actual Total Time": 3.829,"Actual Rows": 396,"Actual Loops": 5,"Recheck Cond": "(s_nationkey = nation.n_nationkey)","Rows Removed by Index Recheck": 0,"Exact Heap Blocks": 191,"Lossy Heap Blocks": 0,"Workers": [],"Plans": [{"Node Type": "Bitmap Index Scan","Parent Relationship": "Outer","Parallel Aware": false,"Async Capable": false,"Index Name": "idx_supplier_nation_key","Startup Cost": 0.00,"Total Cost": 7.29,"Plan Rows": 400,"Plan Width": 0,"Actual Startup Time": 0.147,"Actual Total Time": 0.148,"Actual Rows": 396,"Actual Loops": 5,"Index Cond": "(s_nationkey = nation.n_nationkey)","Workers": []}]}]}]}]},{"Node Type": "Index Scan","Parent Relationship": "Inner","Parallel Aware": false,"Async Capable": false,"Scan Direction": "Forward","Index Name": "idx_lineitem_orderkey","Relation Name": "lineitem","Alias": "l3","Startup Cost": 0.43,"Total Cost": 1.06,"Plan Rows": 6,"Plan Width": 8,"Actual Startup Time": 0.003,"Actual Total Time": 0.003,"Actual Rows": 1,"Actual Loops": 150794,"Index Cond": "(l_orderkey = l1.l_orderkey)","Rows Removed by Index Recheck": 0,"Filter": "((l_receiptdate > l_commitdate) AND (l_suppkey <> l1.l_suppkey))","Rows Removed by Filter": 1,"Workers": []}]}]},{"Node Type": "Index Scan","Parent Relationship": "Inner","Parallel Aware": false,"Async Capable": false,"Scan Direction": "Forward","Index Name": "idx_lineitem_orderkey","Relation Name": "lineitem","Alias": "l2","Startup Cost": 0.43,"Total Cost": 1.02,"Plan Rows": 17,"Plan Width": 8,"Actual Startup Time": 0.007,"Actual Total Time": 0.007,"Actual Rows": 1,"Actual Loops": 13450,"Index Cond": "(l_orderkey = l1.l_orderkey)","Rows Removed by Index Recheck": 0,"Filter": "(l_suppkey <> l1.l_suppkey)","Rows Removed by Filter": 1}]},{"Node Type": "Index Scan","Parent Relationship": "Inner","Parallel Aware": false,"Async Capable": false,"Scan Direction": "Forward","Index Name": "orders_pkey","Relation Name": "orders","Alias": "orders","Startup Cost": 0.43,"Total Cost": 0.51,"Plan Rows": 1,"Plan Width": 4,"Actual Startup Time": 0.007,"Actual Total Time": 0.007,"Actual Rows": 0,"Actual Loops": 8035,"Index Cond": "(o_orderkey = l1.l_orderkey)","Rows Removed by Index Recheck": 0,"Filter": "(o_orderstatus = 'F'::bpchar)","Rows Removed by Filter": 1}]}]}]}]},"Planning Time": 8.500,"Triggers": [],"Execution Time": 520.683}]
[{"Plan": {"Node Type": "Sort","Parallel Aware": false,"Async Capable": false,"Startup Cost": 147378.80,"Total Cost": 147378.81,"Plan Rows": 1,"Plan Width": 34,"Actual Startup Time": 502.540,"Actual Total Time": 523.684,"Actual Rows": 401,"Actual Loops": 1,"Sort Key": ["(count(*)) DESC", "supplier.s_name"],"Sort Method": "quicksort","Sort Space Used": 56,"Sort Space Type": "Memory","Plans": [{"Node Type": "Aggregate","Strategy": "Sorted","Partial Mode": "Simple","Parent Relationship": "Outer","Parallel Aware": false,"Async Capable": false,"Startup Cost": 147378.77,"Total Cost": 147378.79,"Plan Rows": 1,"Plan Width": 34,"Actual Startup Time": 501.310,"Actual Total Time": 522.965,"Actual Rows": 401,"Actual Loops": 1,"Group Key": ["supplier.s_name"],"Plans": [{"Node Type": "Sort","Parent Relationship": "Outer","Parallel Aware": false,"Async Capable": false,"Startup Cost": 147378.77,"Total Cost": 147378.78,"Plan Rows": 1,"Plan Width": 26,"Actual Startup Time": 501.284,"Actual Total Time": 522.551,"Actual Rows": 3970,"Actual Loops": 1,"Sort Key": ["supplier.s_name"],"Sort Method": "quicksort","Sort Space Used": 376,"Sort Space Type": "Memory","Plans": [{"Node Type": "Nested Loop","Parent Relationship": "Outer","Parallel Aware": false,"Async Capable": false,"Join Type": "Inner","Startup Cost": 1250.87,"Total Cost": 147378.76,"Plan Rows": 1,"Plan Width": 26,"Actual Startup Time": 5.240,"Actual Total Time": 512.097,"Actual Rows": 3970,"Actual Loops": 1,"Inner Unique": true,"Plans": [{"Node Type": "Nested Loop","Parent Relationship": "Outer","Parallel Aware": false,"Async Capable": false,"Join Type": "Semi","Startup Cost": 1250.44,"Total Cost": 147378.26,"Plan Rows": 1,"Plan Width": 34,"Actual Startup Time": 4.627,"Actual Total Time": 451.513,"Actual Rows": 8097,"Actual Loops": 1,"Inner Unique": false,"Plans": [{"Node Type": "Gather","Parent Relationship": "Outer","Parallel Aware": false,"Async Capable": false,"Startup Cost": 1250.01,"Total Cost": 147377.22,"Plan Rows": 1,"Plan Width": 34,"Actual Startup Time": 4.615,"Actual Total Time": 347.691,"Actual Rows": 13583,"Actual Loops": 1,"Workers Planned": 4,"Workers Launched": 4,"Single Copy": false,"Plans": [{"Node Type": "Nested Loop","Parent Relationship": "Outer","Parallel Aware": false,"Async Capable": false,"Join Type": "Anti","Startup Cost": 250.01,"Total Cost": 146377.12,"Plan Rows": 1,"Plan Width": 34,"Actual Startup Time": 4.828,"Actual Total Time": 446.701,"Actual Rows": 2717,"Actual Loops": 5,"Inner Unique": false,"Workers": [],"Plans": [{"Node Type": "Hash Join","Parent Relationship": "Outer","Parallel Aware": false,"Async Capable": false,"Join Type": "Inner","Startup Cost": 249.58,"Total Cost": 133581.65,"Plan Rows": 19990,"Plan Width": 34,"Actual Startup Time": 4.456,"Actual Total Time": 356.594,"Actual Rows": 30499,"Actual Loops": 5,"Inner Unique": false,"Hash Cond": "(l1.l_suppkey = supplier.s_suppkey)","Workers": [],"Plans": [{"Node Type": "Seq Scan","Parent Relationship": "Outer","Parallel Aware": true,"Async Capable": false,"Relation Name": "lineitem","Alias": "l1","Startup Cost": 0.00,"Total Cost": 131256.80,"Plan Rows": 500101,"Plan Width": 8,"Actual Startup Time": 0.022,"Actual Total Time": 305.978,"Actual Rows": 758659,"Actual Loops": 5,"Filter": "(l_receiptdate > l_commitdate)","Rows Removed by Filter": 441584,"Workers": []},{"Node Type": "Hash","Parent Relationship": "Inner","Parallel Aware": false,"Async Capable": false,"Startup Cost": 244.58,"Total Cost": 244.58,"Plan Rows": 400,"Plan Width": 30,"Actual Startup Time": 4.157,"Actual Total Time": 4.168,"Actual Rows": 401,"Actual Loops": 5,"Hash Buckets": 1024,"Original Hash Buckets": 1024,"Hash Batches": 1,"Original Hash Batches": 1,"Peak Memory Usage": 34,"Workers": [],"Plans": [{"Node Type": "Nested Loop","Parent Relationship": "Outer","Parallel Aware": false,"Async Capable": false,"Join Type": "Inner","Startup Cost": 7.38,"Total Cost": 244.58,"Plan Rows": 400,"Plan Width": 30,"Actual Startup Time": 0.269,"Actual Total Time": 4.009,"Actual Rows": 401,"Actual Loops": 5,"Inner Unique": false,"Workers": [],"Plans": [{"Node Type": "Seq Scan","Parent Relationship": "Outer","Parallel Aware": false,"Async Capable": false,"Relation Name": "nation","Alias": "nation","Startup Cost": 0.00,"Total Cost": 1.31,"Plan Rows": 1,"Plan Width": 4,"Actual Startup Time": 0.053,"Actual Total Time": 0.057,"Actual Rows": 1,"Actual Loops": 5,"Filter": "(n_name = 'RUSSIA'::bpchar)","Rows Removed by Filter": 24,"Workers": []},{"Node Type": "Bitmap Heap Scan","Parent Relationship": "Inner","Parallel Aware": false,"Async Capable": false,"Relation Name": "supplier","Alias": "supplier","Startup Cost": 7.38,"Total Cost": 239.27,"Plan Rows": 400,"Plan Width": 34,"Actual Startup Time": 0.210,"Actual Total Time": 3.875,"Actual Rows": 401,"Actual Loops": 5,"Recheck Cond": "(s_nationkey = nation.n_nationkey)","Rows Removed by Index Recheck": 0,"Exact Heap Blocks": 180,"Lossy Heap Blocks": 0,"Workers": [],"Plans": [{"Node Type": "Bitmap Index Scan","Parent Relationship": "Outer","Parallel Aware": false,"Async Capable": false,"Index Name": "idx_supplier_nation_key","Startup Cost": 0.00,"Total Cost": 7.29,"Plan Rows": 400,"Plan Width": 0,"Actual Startup Time": 0.139,"Actual Total Time": 0.140,"Actual Rows": 401,"Actual Loops": 5,"Index Cond": "(s_nationkey = nation.n_nationkey)","Workers": []}]}]}]}]},{"Node Type": "Index Scan","Parent Relationship": "Inner","Parallel Aware": false,"Async Capable": false,"Scan Direction": "Forward","Index Name": "idx_lineitem_orderkey","Relation Name": "lineitem","Alias": "l3","Startup Cost": 0.43,"Total Cost": 1.06,"Plan Rows": 6,"Plan Width": 8,"Actual Startup Time": 0.003,"Actual Total Time": 0.003,"Actual Rows": 1,"Actual Loops": 152495,"Index Cond": "(l_orderkey = l1.l_orderkey)","Rows Removed by Index Recheck": 0,"Filter": "((l_receiptdate > l_commitdate) AND (l_suppkey <> l1.l_suppkey))","Rows Removed by Filter": 1,"Workers": []}]}]},{"Node Type": "Index Scan","Parent Relationship": "Inner","Parallel Aware": false,"Async Capable": false,"Scan Direction": "Forward","Index Name": "idx_lineitem_orderkey","Relation Name": "lineitem","Alias": "l2","Startup Cost": 0.43,"Total Cost": 1.02,"Plan Rows": 17,"Plan Width": 8,"Actual Startup Time": 0.007,"Actual Total Time": 0.007,"Actual Rows": 1,"Actual Loops": 13583,"Index Cond": "(l_orderkey = l1.l_orderkey)","Rows Removed by Index Recheck": 0,"Filter": "(l_suppkey <> l1.l_suppkey)","Rows Removed by Filter": 1}]},{"Node Type": "Index Scan","Parent Relationship": "Inner","Parallel Aware": false,"Async Capable": false,"Scan Direction": "Forward","Index Name": "orders_pkey","Relation Name": "orders","Alias": "orders","Startup Cost": 0.43,"Total Cost": 0.51,"Plan Rows": 1,"Plan Width": 4,"Actual Startup Time": 0.007,"Actual Total Time": 0.007,"Actual Rows": 0,"Actual Loops": 8097,"Index Cond": "(o_orderkey = l1.l_orderkey)","Rows Removed by Index Recheck": 0,"Filter": "(o_orderstatus = 'F'::bpchar)","Rows Removed by Filter": 1}]}]}]}]},"Planning Time": 9.437,"Triggers": [],"Execution Time": 524.297}]
[{"Plan": {"Node Type": "Sort","Parallel Aware": false,"Async Capable": false,"Startup Cost": 147378.80,"Total Cost": 147378.81,"Plan Rows": 1,"Plan Width": 34,"Actual Startup Time": 492.880,"Actual Total Time": 511.387,"Actual Rows": 377,"Actual Loops": 1,"Sort Key": ["(count(*)) DESC", "supplier.s_name"],"Sort Method": "quicksort","Sort Space Used": 54,"Sort Space Type": "Memory","Plans": [{"Node Type": "Aggregate","Strategy": "Sorted","Partial Mode": "Simple","Parent Relationship": "Outer","Parallel Aware": false,"Async Capable": false,"Startup Cost": 147378.77,"Total Cost": 147378.79,"Plan Rows": 1,"Plan Width": 34,"Actual Startup Time": 491.719,"Actual Total Time": 510.711,"Actual Rows": 377,"Actual Loops": 1,"Group Key": ["supplier.s_name"],"Plans": [{"Node Type": "Sort","Parent Relationship": "Outer","Parallel Aware": false,"Async Capable": false,"Startup Cost": 147378.77,"Total Cost": 147378.78,"Plan Rows": 1,"Plan Width": 26,"Actual Startup Time": 491.689,"Actual Total Time": 510.309,"Actual Rows": 3707,"Actual Loops": 1,"Sort Key": ["supplier.s_name"],"Sort Method": "quicksort","Sort Space Used": 357,"Sort Space Type": "Memory","Plans": [{"Node Type": "Nested Loop","Parent Relationship": "Outer","Parallel Aware": false,"Async Capable": false,"Join Type": "Inner","Startup Cost": 1250.87,"Total Cost": 147378.76,"Plan Rows": 1,"Plan Width": 26,"Actual Startup Time": 4.620,"Actual Total Time": 499.542,"Actual Rows": 3707,"Actual Loops": 1,"Inner Unique": true,"Plans": [{"Node Type": "Nested Loop","Parent Relationship": "Outer","Parallel Aware": false,"Async Capable": false,"Join Type": "Semi","Startup Cost": 1250.44,"Total Cost": 147378.26,"Plan Rows": 1,"Plan Width": 34,"Actual Startup Time": 4.581,"Actual Total Time": 437.361,"Actual Rows": 7590,"Actual Loops": 1,"Inner Unique": false,"Plans": [{"Node Type": "Gather","Parent Relationship": "Outer","Parallel Aware": false,"Async Capable": false,"Startup Cost": 1250.01,"Total Cost": 147377.22,"Plan Rows": 1,"Plan Width": 34,"Actual Startup Time": 4.430,"Actual Total Time": 334.305,"Actual Rows": 12724,"Actual Loops": 1,"Workers Planned": 4,"Workers Launched": 4,"Single Copy": false,"Plans": [{"Node Type": "Nested Loop","Parent Relationship": "Outer","Parallel Aware": false,"Async Capable": false,"Join Type": "Anti","Startup Cost": 250.01,"Total Cost": 146377.12,"Plan Rows": 1,"Plan Width": 34,"Actual Startup Time": 5.283,"Actual Total Time": 435.218,"Actual Rows": 2545,"Actual Loops": 5,"Inner Unique": false,"Workers": [],"Plans": [{"Node Type": "Hash Join","Parent Relationship": "Outer","Parallel Aware": false,"Async Capable": false,"Join Type": "Inner","Startup Cost": 249.58,"Total Cost": 133581.65,"Plan Rows": 19990,"Plan Width": 34,"Actual Startup Time": 4.967,"Actual Total Time": 350.606,"Actual Rows": 28669,"Actual Loops": 5,"Inner Unique": false,"Hash Cond": "(l1.l_suppkey = supplier.s_suppkey)","Workers": [],"Plans": [{"Node Type": "Seq Scan","Parent Relationship": "Outer","Parallel Aware": true,"Async Capable": false,"Relation Name": "lineitem","Alias": "l1","Startup Cost": 0.00,"Total Cost": 131256.80,"Plan Rows": 500101,"Plan Width": 8,"Actual Startup Time": 0.028,"Actual Total Time": 300.375,"Actual Rows": 758659,"Actual Loops": 5,"Filter": "(l_receiptdate > l_commitdate)","Rows Removed by Filter": 441584,"Workers": []},{"Node Type": "Hash","Parent Relationship": "Inner","Parallel Aware": false,"Async Capable": false,"Startup Cost": 244.58,"Total Cost": 244.58,"Plan Rows": 400,"Plan Width": 30,"Actual Startup Time": 4.611,"Actual Total Time": 4.626,"Actual Rows": 377,"Actual Loops": 5,"Hash Buckets": 1024,"Original Hash Buckets": 1024,"Hash Batches": 1,"Original Hash Batches": 1,"Peak Memory Usage": 32,"Workers": [],"Plans": [{"Node Type": "Nested Loop","Parent Relationship": "Outer","Parallel Aware": false,"Async Capable": false,"Join Type": "Inner","Startup Cost": 7.38,"Total Cost": 244.58,"Plan Rows": 400,"Plan Width": 30,"Actual Startup Time": 0.296,"Actual Total Time": 4.444,"Actual Rows": 377,"Actual Loops": 5,"Inner Unique": false,"Workers": [],"Plans": [{"Node Type": "Seq Scan","Parent Relationship": "Outer","Parallel Aware": false,"Async Capable": false,"Relation Name": "nation","Alias": "nation","Startup Cost": 0.00,"Total Cost": 1.31,"Plan Rows": 1,"Plan Width": 4,"Actual Startup Time": 0.056,"Actual Total Time": 0.065,"Actual Rows": 1,"Actual Loops": 5,"Filter": "(n_name = 'JAPAN'::bpchar)","Rows Removed by Filter": 24,"Workers": []},{"Node Type": "Bitmap Heap Scan","Parent Relationship": "Inner","Parallel Aware": false,"Async Capable": false,"Relation Name": "supplier","Alias": "supplier","Startup Cost": 7.38,"Total Cost": 239.27,"Plan Rows": 400,"Plan Width": 34,"Actual Startup Time": 0.234,"Actual Total Time": 4.286,"Actual Rows": 377,"Actual Loops": 5,"Recheck Cond": "(s_nationkey = nation.n_nationkey)","Rows Removed by Index Recheck": 0,"Exact Heap Blocks": 180,"Lossy Heap Blocks": 0,"Workers": [],"Plans": [{"Node Type": "Bitmap Index Scan","Parent Relationship": "Outer","Parallel Aware": false,"Async Capable": false,"Index Name": "idx_supplier_nation_key","Startup Cost": 0.00,"Total Cost": 7.29,"Plan Rows": 400,"Plan Width": 0,"Actual Startup Time": 0.148,"Actual Total Time": 0.149,"Actual Rows": 377,"Actual Loops": 5,"Index Cond": "(s_nationkey = nation.n_nationkey)","Workers": []}]}]}]}]},{"Node Type": "Index Scan","Parent Relationship": "Inner","Parallel Aware": false,"Async Capable": false,"Scan Direction": "Forward","Index Name": "idx_lineitem_orderkey","Relation Name": "lineitem","Alias": "l3","Startup Cost": 0.43,"Total Cost": 1.06,"Plan Rows": 6,"Plan Width": 8,"Actual Startup Time": 0.003,"Actual Total Time": 0.003,"Actual Rows": 1,"Actual Loops": 143344,"Index Cond": "(l_orderkey = l1.l_orderkey)","Rows Removed by Index Recheck": 0,"Filter": "((l_receiptdate > l_commitdate) AND (l_suppkey <> l1.l_suppkey))","Rows Removed by Filter": 1,"Workers": []}]}]},{"Node Type": "Index Scan","Parent Relationship": "Inner","Parallel Aware": false,"Async Capable": false,"Scan Direction": "Forward","Index Name": "idx_lineitem_orderkey","Relation Name": "lineitem","Alias": "l2","Startup Cost": 0.43,"Total Cost": 1.02,"Plan Rows": 17,"Plan Width": 8,"Actual Startup Time": 0.008,"Actual Total Time": 0.008,"Actual Rows": 1,"Actual Loops": 12724,"Index Cond": "(l_orderkey = l1.l_orderkey)","Rows Removed by Index Recheck": 0,"Filter": "(l_suppkey <> l1.l_suppkey)","Rows Removed by Filter": 1}]},{"Node Type": "Index Scan","Parent Relationship": "Inner","Parallel Aware": false,"Async Capable": false,"Scan Direction": "Forward","Index Name": "orders_pkey","Relation Name": "orders","Alias": "orders","Startup Cost": 0.43,"Total Cost": 0.51,"Plan Rows": 1,"Plan Width": 4,"Actual Startup Time": 0.008,"Actual Total Time": 0.008,"Actual Rows": 0,"Actual Loops": 7590,"Index Cond": "(o_orderkey = l1.l_orderkey)","Rows Removed by Index Recheck": 0,"Filter": "(o_orderstatus = 'F'::bpchar)","Rows Removed by Filter": 1}]}]}]}]},"Planning Time": 9.583,"Triggers": [],"Execution Time": 511.800}]
[{"Plan": {"Node Type": "Sort","Parallel Aware": false,"Async Capable": false,"Startup Cost": 147378.80,"Total Cost": 147378.81,"Plan Rows": 1,"Plan Width": 34,"Actual Startup Time": 500.709,"Actual Total Time": 524.703,"Actual Rows": 407,"Actual Loops": 1,"Sort Key": ["(count(*)) DESC", "supplier.s_name"],"Sort Method": "quicksort","Sort Space Used": 56,"Sort Space Type": "Memory","Plans": [{"Node Type": "Aggregate","Strategy": "Sorted","Partial Mode": "Simple","Parent Relationship": "Outer","Parallel Aware": false,"Async Capable": false,"Startup Cost": 147378.77,"Total Cost": 147378.79,"Plan Rows": 1,"Plan Width": 34,"Actual Startup Time": 499.455,"Actual Total Time": 523.962,"Actual Rows": 407,"Actual Loops": 1,"Group Key": ["supplier.s_name"],"Plans": [{"Node Type": "Sort","Parent Relationship": "Outer","Parallel Aware": false,"Async Capable": false,"Startup Cost": 147378.77,"Total Cost": 147378.78,"Plan Rows": 1,"Plan Width": 26,"Actual Startup Time": 499.433,"Actual Total Time": 523.550,"Actual Rows": 3965,"Actual Loops": 1,"Sort Key": ["supplier.s_name"],"Sort Method": "quicksort","Sort Space Used": 375,"Sort Space Type": "Memory","Plans": [{"Node Type": "Nested Loop","Parent Relationship": "Outer","Parallel Aware": false,"Async Capable": false,"Join Type": "Inner","Startup Cost": 1250.87,"Total Cost": 147378.76,"Plan Rows": 1,"Plan Width": 26,"Actual Startup Time": 5.067,"Actual Total Time": 512.972,"Actual Rows": 3965,"Actual Loops": 1,"Inner Unique": true,"Plans": [{"Node Type": "Nested Loop","Parent Relationship": "Outer","Parallel Aware": false,"Async Capable": false,"Join Type": "Semi","Startup Cost": 1250.44,"Total Cost": 147378.26,"Plan Rows": 1,"Plan Width": 34,"Actual Startup Time": 5.045,"Actual Total Time": 451.382,"Actual Rows": 8089,"Actual Loops": 1,"Inner Unique": false,"Plans": [{"Node Type": "Gather","Parent Relationship": "Outer","Parallel Aware": false,"Async Capable": false,"Startup Cost": 1250.01,"Total Cost": 147377.22,"Plan Rows": 1,"Plan Width": 34,"Actual Startup Time": 4.734,"Actual Total Time": 344.998,"Actual Rows": 13526,"Actual Loops": 1,"Workers Planned": 4,"Workers Launched": 4,"Single Copy": false,"Plans": [{"Node Type": "Nested Loop","Parent Relationship": "Outer","Parallel Aware": false,"Async Capable": false,"Join Type": "Anti","Startup Cost": 250.01,"Total Cost": 146377.12,"Plan Rows": 1,"Plan Width": 34,"Actual Startup Time": 4.775,"Actual Total Time": 445.542,"Actual Rows": 2705,"Actual Loops": 5,"Inner Unique": false,"Workers": [],"Plans": [{"Node Type": "Hash Join","Parent Relationship": "Outer","Parallel Aware": false,"Async Capable": false,"Join Type": "Inner","Startup Cost": 249.58,"Total Cost": 133581.65,"Plan Rows": 19990,"Plan Width": 34,"Actual Startup Time": 4.487,"Actual Total Time": 354.785,"Actual Rows": 30752,"Actual Loops": 5,"Inner Unique": false,"Hash Cond": "(l1.l_suppkey = supplier.s_suppkey)","Workers": [],"Plans": [{"Node Type": "Seq Scan","Parent Relationship": "Outer","Parallel Aware": true,"Async Capable": false,"Relation Name": "lineitem","Alias": "l1","Startup Cost": 0.00,"Total Cost": 131256.80,"Plan Rows": 500101,"Plan Width": 8,"Actual Startup Time": 0.026,"Actual Total Time": 303.161,"Actual Rows": 758659,"Actual Loops": 5,"Filter": "(l_receiptdate > l_commitdate)","Rows Removed by Filter": 441584,"Workers": []},{"Node Type": "Hash","Parent Relationship": "Inner","Parallel Aware": false,"Async Capable": false,"Startup Cost": 244.58,"Total Cost": 244.58,"Plan Rows": 400,"Plan Width": 30,"Actual Startup Time": 4.170,"Actual Total Time": 4.181,"Actual Rows": 407,"Actual Loops": 5,"Hash Buckets": 1024,"Original Hash Buckets": 1024,"Hash Batches": 1,"Original Hash Batches": 1,"Peak Memory Usage": 34,"Workers": [],"Plans": [{"Node Type": "Nested Loop","Parent Relationship": "Outer","Parallel Aware": false,"Async Capable": false,"Join Type": "Inner","Startup Cost": 7.38,"Total Cost": 244.58,"Plan Rows": 400,"Plan Width": 30,"Actual Startup Time": 0.302,"Actual Total Time": 4.018,"Actual Rows": 407,"Actual Loops": 5,"Inner Unique": false,"Workers": [],"Plans": [{"Node Type": "Seq Scan","Parent Relationship": "Outer","Parallel Aware": false,"Async Capable": false,"Relation Name": "nation","Alias": "nation","Startup Cost": 0.00,"Total Cost": 1.31,"Plan Rows": 1,"Plan Width": 4,"Actual Startup Time": 0.065,"Actual Total Time": 0.068,"Actual Rows": 1,"Actual Loops": 5,"Filter": "(n_name = 'CHINA'::bpchar)","Rows Removed by Filter": 24,"Workers": []},{"Node Type": "Bitmap Heap Scan","Parent Relationship": "Inner","Parallel Aware": false,"Async Capable": false,"Relation Name": "supplier","Alias": "supplier","Startup Cost": 7.38,"Total Cost": 239.27,"Plan Rows": 400,"Plan Width": 34,"Actual Startup Time": 0.229,"Actual Total Time": 3.872,"Actual Rows": 407,"Actual Loops": 5,"Recheck Cond": "(s_nationkey = nation.n_nationkey)","Rows Removed by Index Recheck": 0,"Exact Heap Blocks": 186,"Lossy Heap Blocks": 0,"Workers": [],"Plans": [{"Node Type": "Bitmap Index Scan","Parent Relationship": "Outer","Parallel Aware": false,"Async Capable": false,"Index Name": "idx_supplier_nation_key","Startup Cost": 0.00,"Total Cost": 7.29,"Plan Rows": 400,"Plan Width": 0,"Actual Startup Time": 0.141,"Actual Total Time": 0.143,"Actual Rows": 407,"Actual Loops": 5,"Index Cond": "(s_nationkey = nation.n_nationkey)","Workers": []}]}]}]}]},{"Node Type": "Index Scan","Parent Relationship": "Inner","Parallel Aware": false,"Async Capable": false,"Scan Direction": "Forward","Index Name": "idx_lineitem_orderkey","Relation Name": "lineitem","Alias": "l3","Startup Cost": 0.43,"Total Cost": 1.06,"Plan Rows": 6,"Plan Width": 8,"Actual Startup Time": 0.003,"Actual Total Time": 0.003,"Actual Rows": 1,"Actual Loops": 153758,"Index Cond": "(l_orderkey = l1.l_orderkey)","Rows Removed by Index Recheck": 0,"Filter": "((l_receiptdate > l_commitdate) AND (l_suppkey <> l1.l_suppkey))","Rows Removed by Filter": 1,"Workers": []}]}]},{"Node Type": "Index Scan","Parent Relationship": "Inner","Parallel Aware": false,"Async Capable": false,"Scan Direction": "Forward","Index Name": "idx_lineitem_orderkey","Relation Name": "lineitem","Alias": "l2","Startup Cost": 0.43,"Total Cost": 1.02,"Plan Rows": 17,"Plan Width": 8,"Actual Startup Time": 0.007,"Actual Total Time": 0.007,"Actual Rows": 1,"Actual Loops": 13526,"Index Cond": "(l_orderkey = l1.l_orderkey)","Rows Removed by Index Recheck": 0,"Filter": "(l_suppkey <> l1.l_suppkey)","Rows Removed by Filter": 1}]},{"Node Type": "Index Scan","Parent Relationship": "Inner","Parallel Aware": false,"Async Capable": false,"Scan Direction": "Forward","Index Name": "orders_pkey","Relation Name": "orders","Alias": "orders","Startup Cost": 0.43,"Total Cost": 0.51,"Plan Rows": 1,"Plan Width": 4,"Actual Startup Time": 0.007,"Actual Total Time": 0.007,"Actual Rows": 0,"Actual Loops": 8089,"Index Cond": "(o_orderkey = l1.l_orderkey)","Rows Removed by Index Recheck": 0,"Filter": "(o_orderstatus = 'F'::bpchar)","Rows Removed by Filter": 1}]}]}]}]},"Planning Time": 8.452,"Triggers": [],"Execution Time": 525.397}]
[{"Plan": {"Node Type": "Sort","Parallel Aware": false,"Async Capable": false,"Startup Cost": 147378.80,"Total Cost": 147378.81,"Plan Rows": 1,"Plan Width": 34,"Actual Startup Time": 496.555,"Actual Total Time": 517.754,"Actual Rows": 397,"Actual Loops": 1,"Sort Key": ["(count(*)) DESC", "supplier.s_name"],"Sort Method": "quicksort","Sort Space Used": 56,"Sort Space Type": "Memory","Plans": [{"Node Type": "Aggregate","Strategy": "Sorted","Partial Mode": "Simple","Parent Relationship": "Outer","Parallel Aware": false,"Async Capable": false,"Startup Cost": 147378.77,"Total Cost": 147378.79,"Plan Rows": 1,"Plan Width": 34,"Actual Startup Time": 495.361,"Actual Total Time": 517.058,"Actual Rows": 397,"Actual Loops": 1,"Group Key": ["supplier.s_name"],"Plans": [{"Node Type": "Sort","Parent Relationship": "Outer","Parallel Aware": false,"Async Capable": false,"Startup Cost": 147378.77,"Total Cost": 147378.78,"Plan Rows": 1,"Plan Width": 26,"Actual Startup Time": 495.332,"Actual Total Time": 516.651,"Actual Rows": 3913,"Actual Loops": 1,"Sort Key": ["supplier.s_name"],"Sort Method": "quicksort","Sort Space Used": 372,"Sort Space Type": "Memory","Plans": [{"Node Type": "Nested Loop","Parent Relationship": "Outer","Parallel Aware": false,"Async Capable": false,"Join Type": "Inner","Startup Cost": 1250.87,"Total Cost": 147378.76,"Plan Rows": 1,"Plan Width": 26,"Actual Startup Time": 5.355,"Actual Total Time": 505.328,"Actual Rows": 3913,"Actual Loops": 1,"Inner Unique": true,"Plans": [{"Node Type": "Nested Loop","Parent Relationship": "Outer","Parallel Aware": false,"Async Capable": false,"Join Type": "Semi","Startup Cost": 1250.44,"Total Cost": 147378.26,"Plan Rows": 1,"Plan Width": 34,"Actual Startup Time": 4.468,"Actual Total Time": 441.221,"Actual Rows": 7976,"Actual Loops": 1,"Inner Unique": false,"Plans": [{"Node Type": "Gather","Parent Relationship": "Outer","Parallel Aware": false,"Async Capable": false,"Startup Cost": 1250.01,"Total Cost": 147377.22,"Plan Rows": 1,"Plan Width": 34,"Actual Startup Time": 4.454,"Actual Total Time": 332.117,"Actual Rows": 13419,"Actual Loops": 1,"Workers Planned": 4,"Workers Launched": 4,"Single Copy": false,"Plans": [{"Node Type": "Nested Loop","Parent Relationship": "Outer","Parallel Aware": false,"Async Capable": false,"Join Type": "Anti","Startup Cost": 250.01,"Total Cost": 146377.12,"Plan Rows": 1,"Plan Width": 34,"Actual Startup Time": 5.707,"Actual Total Time": 439.562,"Actual Rows": 2684,"Actual Loops": 5,"Inner Unique": false,"Workers": [],"Plans": [{"Node Type": "Hash Join","Parent Relationship": "Outer","Parallel Aware": false,"Async Capable": false,"Join Type": "Inner","Startup Cost": 249.58,"Total Cost": 133581.65,"Plan Rows": 19990,"Plan Width": 34,"Actual Startup Time": 5.222,"Actual Total Time": 351.394,"Actual Rows": 30171,"Actual Loops": 5,"Inner Unique": false,"Hash Cond": "(l1.l_suppkey = supplier.s_suppkey)","Workers": [],"Plans": [{"Node Type": "Seq Scan","Parent Relationship": "Outer","Parallel Aware": true,"Async Capable": false,"Relation Name": "lineitem","Alias": "l1","Startup Cost": 0.00,"Total Cost": 131256.80,"Plan Rows": 500101,"Plan Width": 8,"Actual Startup Time": 0.029,"Actual Total Time": 300.354,"Actual Rows": 758659,"Actual Loops": 5,"Filter": "(l_receiptdate > l_commitdate)","Rows Removed by Filter": 441584,"Workers": []},{"Node Type": "Hash","Parent Relationship": "Inner","Parallel Aware": false,"Async Capable": false,"Startup Cost": 244.58,"Total Cost": 244.58,"Plan Rows": 400,"Plan Width": 30,"Actual Startup Time": 4.859,"Actual Total Time": 4.869,"Actual Rows": 397,"Actual Loops": 5,"Hash Buckets": 1024,"Original Hash Buckets": 1024,"Hash Batches": 1,"Original Hash Batches": 1,"Peak Memory Usage": 33,"Workers": [],"Plans": [{"Node Type": "Nested Loop","Parent Relationship": "Outer","Parallel Aware": false,"Async Capable": false,"Join Type": "Inner","Startup Cost": 7.38,"Total Cost": 244.58,"Plan Rows": 400,"Plan Width": 30,"Actual Startup Time": 0.335,"Actual Total Time": 4.677,"Actual Rows": 397,"Actual Loops": 5,"Inner Unique": false,"Workers": [],"Plans": [{"Node Type": "Seq Scan","Parent Relationship": "Outer","Parallel Aware": false,"Async Capable": false,"Relation Name": "nation","Alias": "nation","Startup Cost": 0.00,"Total Cost": 1.31,"Plan Rows": 1,"Plan Width": 4,"Actual Startup Time": 0.076,"Actual Total Time": 0.084,"Actual Rows": 1,"Actual Loops": 5,"Filter": "(n_name = 'BRAZIL'::bpchar)","Rows Removed by Filter": 24,"Workers": []},{"Node Type": "Bitmap Heap Scan","Parent Relationship": "Inner","Parallel Aware": false,"Async Capable": false,"Relation Name": "supplier","Alias": "supplier","Startup Cost": 7.38,"Total Cost": 239.27,"Plan Rows": 400,"Plan Width": 34,"Actual Startup Time": 0.255,"Actual Total Time": 4.499,"Actual Rows": 397,"Actual Loops": 5,"Recheck Cond": "(s_nationkey = nation.n_nationkey)","Rows Removed by Index Recheck": 0,"Exact Heap Blocks": 187,"Lossy Heap Blocks": 0,"Workers": [],"Plans": [{"Node Type": "Bitmap Index Scan","Parent Relationship": "Outer","Parallel Aware": false,"Async Capable": false,"Index Name": "idx_supplier_nation_key","Startup Cost": 0.00,"Total Cost": 7.29,"Plan Rows": 400,"Plan Width": 0,"Actual Startup Time": 0.169,"Actual Total Time": 0.170,"Actual Rows": 397,"Actual Loops": 5,"Index Cond": "(s_nationkey = nation.n_nationkey)","Workers": []}]}]}]}]},{"Node Type": "Index Scan","Parent Relationship": "Inner","Parallel Aware": false,"Async Capable": false,"Scan Direction": "Forward","Index Name": "idx_lineitem_orderkey","Relation Name": "lineitem","Alias": "l3","Startup Cost": 0.43,"Total Cost": 1.06,"Plan Rows": 6,"Plan Width": 8,"Actual Startup Time": 0.003,"Actual Total Time": 0.003,"Actual Rows": 1,"Actual Loops": 150857,"Index Cond": "(l_orderkey = l1.l_orderkey)","Rows Removed by Index Recheck": 0,"Filter": "((l_receiptdate > l_commitdate) AND (l_suppkey <> l1.l_suppkey))","Rows Removed by Filter": 1,"Workers": []}]}]},{"Node Type": "Index Scan","Parent Relationship": "Inner","Parallel Aware": false,"Async Capable": false,"Scan Direction": "Forward","Index Name": "idx_lineitem_orderkey","Relation Name": "lineitem","Alias": "l2","Startup Cost": 0.43,"Total Cost": 1.02,"Plan Rows": 17,"Plan Width": 8,"Actual Startup Time": 0.008,"Actual Total Time": 0.008,"Actual Rows": 1,"Actual Loops": 13419,"Index Cond": "(l_orderkey = l1.l_orderkey)","Rows Removed by Index Recheck": 0,"Filter": "(l_suppkey <> l1.l_suppkey)","Rows Removed by Filter": 1}]},{"Node Type": "Index Scan","Parent Relationship": "Inner","Parallel Aware": false,"Async Capable": false,"Scan Direction": "Forward","Index Name": "orders_pkey","Relation Name": "orders","Alias": "orders","Startup Cost": 0.43,"Total Cost": 0.51,"Plan Rows": 1,"Plan Width": 4,"Actual Startup Time": 0.008,"Actual Total Time": 0.008,"Actual Rows": 0,"Actual Loops": 7976,"Index Cond": "(o_orderkey = l1.l_orderkey)","Rows Removed by Index Recheck": 0,"Filter": "(o_orderstatus = 'F'::bpchar)","Rows Removed by Filter": 1}]}]}]}]},"Planning Time": 8.213,"Triggers": [],"Execution Time": 518.316}]
[{"Plan": {"Node Type": "Sort","Parallel Aware": false,"Async Capable": false,"Startup Cost": 147378.80,"Total Cost": 147378.81,"Plan Rows": 1,"Plan Width": 34,"Actual Startup Time": 509.264,"Actual Total Time": 527.696,"Actual Rows": 421,"Actual Loops": 1,"Sort Key": ["(count(*)) DESC", "supplier.s_name"],"Sort Method": "quicksort","Sort Space Used": 57,"Sort Space Type": "Memory","Plans": [{"Node Type": "Aggregate","Strategy": "Sorted","Partial Mode": "Simple","Parent Relationship": "Outer","Parallel Aware": false,"Async Capable": false,"Startup Cost": 147378.77,"Total Cost": 147378.79,"Plan Rows": 1,"Plan Width": 34,"Actual Startup Time": 507.941,"Actual Total Time": 526.990,"Actual Rows": 421,"Actual Loops": 1,"Group Key": ["supplier.s_name"],"Plans": [{"Node Type": "Sort","Parent Relationship": "Outer","Parallel Aware": false,"Async Capable": false,"Startup Cost": 147378.77,"Total Cost": 147378.78,"Plan Rows": 1,"Plan Width": 26,"Actual Startup Time": 507.919,"Actual Total Time": 526.540,"Actual Rows": 4227,"Actual Loops": 1,"Sort Key": ["supplier.s_name"],"Sort Method": "quicksort","Sort Space Used": 490,"Sort Space Type": "Memory","Plans": [{"Node Type": "Nested Loop","Parent Relationship": "Outer","Parallel Aware": false,"Async Capable": false,"Join Type": "Inner","Startup Cost": 1250.87,"Total Cost": 147378.76,"Plan Rows": 1,"Plan Width": 26,"Actual Startup Time": 5.396,"Actual Total Time": 515.076,"Actual Rows": 4227,"Actual Loops": 1,"Inner Unique": true,"Plans": [{"Node Type": "Nested Loop","Parent Relationship": "Outer","Parallel Aware": false,"Async Capable": false,"Join Type": "Semi","Startup Cost": 1250.44,"Total Cost": 147378.26,"Plan Rows": 1,"Plan Width": 34,"Actual Startup Time": 5.356,"Actual Total Time": 448.186,"Actual Rows": 8678,"Actual Loops": 1,"Inner Unique": false,"Plans": [{"Node Type": "Gather","Parent Relationship": "Outer","Parallel Aware": false,"Async Capable": false,"Startup Cost": 1250.01,"Total Cost": 147377.22,"Plan Rows": 1,"Plan Width": 34,"Actual Startup Time": 5.315,"Actual Total Time": 333.619,"Actual Rows": 14289,"Actual Loops": 1,"Workers Planned": 4,"Workers Launched": 4,"Single Copy": false,"Plans": [{"Node Type": "Nested Loop","Parent Relationship": "Outer","Parallel Aware": false,"Async Capable": false,"Join Type": "Anti","Startup Cost": 250.01,"Total Cost": 146377.12,"Plan Rows": 1,"Plan Width": 34,"Actual Startup Time": 5.155,"Actual Total Time": 447.803,"Actual Rows": 2858,"Actual Loops": 5,"Inner Unique": false,"Workers": [],"Plans": [{"Node Type": "Hash Join","Parent Relationship": "Outer","Parallel Aware": false,"Async Capable": false,"Join Type": "Inner","Startup Cost": 249.58,"Total Cost": 133581.65,"Plan Rows": 19990,"Plan Width": 34,"Actual Startup Time": 4.679,"Actual Total Time": 355.100,"Actual Rows": 31833,"Actual Loops": 5,"Inner Unique": false,"Hash Cond": "(l1.l_suppkey = supplier.s_suppkey)","Workers": [],"Plans": [{"Node Type": "Seq Scan","Parent Relationship": "Outer","Parallel Aware": true,"Async Capable": false,"Relation Name": "lineitem","Alias": "l1","Startup Cost": 0.00,"Total Cost": 131256.80,"Plan Rows": 500101,"Plan Width": 8,"Actual Startup Time": 0.028,"Actual Total Time": 302.880,"Actual Rows": 758659,"Actual Loops": 5,"Filter": "(l_receiptdate > l_commitdate)","Rows Removed by Filter": 441584,"Workers": []},{"Node Type": "Hash","Parent Relationship": "Inner","Parallel Aware": false,"Async Capable": false,"Startup Cost": 244.58,"Total Cost": 244.58,"Plan Rows": 400,"Plan Width": 30,"Actual Startup Time": 4.328,"Actual Total Time": 4.340,"Actual Rows": 421,"Actual Loops": 5,"Hash Buckets": 1024,"Original Hash Buckets": 1024,"Hash Batches": 1,"Original Hash Batches": 1,"Peak Memory Usage": 35,"Workers": [],"Plans": [{"Node Type": "Nested Loop","Parent Relationship": "Outer","Parallel Aware": false,"Async Capable": false,"Join Type": "Inner","Startup Cost": 7.38,"Total Cost": 244.58,"Plan Rows": 400,"Plan Width": 30,"Actual Startup Time": 0.319,"Actual Total Time": 4.167,"Actual Rows": 421,"Actual Loops": 5,"Inner Unique": false,"Workers": [],"Plans": [{"Node Type": "Seq Scan","Parent Relationship": "Outer","Parallel Aware": false,"Async Capable": false,"Relation Name": "nation","Alias": "nation","Startup Cost": 0.00,"Total Cost": 1.31,"Plan Rows": 1,"Plan Width": 4,"Actual Startup Time": 0.061,"Actual Total Time": 0.065,"Actual Rows": 1,"Actual Loops": 5,"Filter": "(n_name = 'PERU'::bpchar)","Rows Removed by Filter": 24,"Workers": []},{"Node Type": "Bitmap Heap Scan","Parent Relationship": "Inner","Parallel Aware": false,"Async Capable": false,"Relation Name": "supplier","Alias": "supplier","Startup Cost": 7.38,"Total Cost": 239.27,"Plan Rows": 400,"Plan Width": 34,"Actual Startup Time": 0.253,"Actual Total Time": 4.010,"Actual Rows": 421,"Actual Loops": 5,"Recheck Cond": "(s_nationkey = nation.n_nationkey)","Rows Removed by Index Recheck": 0,"Exact Heap Blocks": 187,"Lossy Heap Blocks": 0,"Workers": [],"Plans": [{"Node Type": "Bitmap Index Scan","Parent Relationship": "Outer","Parallel Aware": false,"Async Capable": false,"Index Name": "idx_supplier_nation_key","Startup Cost": 0.00,"Total Cost": 7.29,"Plan Rows": 400,"Plan Width": 0,"Actual Startup Time": 0.167,"Actual Total Time": 0.169,"Actual Rows": 421,"Actual Loops": 5,"Index Cond": "(s_nationkey = nation.n_nationkey)","Workers": []}]}]}]}]},{"Node Type": "Index Scan","Parent Relationship": "Inner","Parallel Aware": false,"Async Capable": false,"Scan Direction": "Forward","Index Name": "idx_lineitem_orderkey","Relation Name": "lineitem","Alias": "l3","Startup Cost": 0.43,"Total Cost": 1.06,"Plan Rows": 6,"Plan Width": 8,"Actual Startup Time": 0.003,"Actual Total Time": 0.003,"Actual Rows": 1,"Actual Loops": 159165,"Index Cond": "(l_orderkey = l1.l_orderkey)","Rows Removed by Index Recheck": 0,"Filter": "((l_receiptdate > l_commitdate) AND (l_suppkey <> l1.l_suppkey))","Rows Removed by Filter": 1,"Workers": []}]}]},{"Node Type": "Index Scan","Parent Relationship": "Inner","Parallel Aware": false,"Async Capable": false,"Scan Direction": "Forward","Index Name": "idx_lineitem_orderkey","Relation Name": "lineitem","Alias": "l2","Startup Cost": 0.43,"Total Cost": 1.02,"Plan Rows": 17,"Plan Width": 8,"Actual Startup Time": 0.008,"Actual Total Time": 0.008,"Actual Rows": 1,"Actual Loops": 14289,"Index Cond": "(l_orderkey = l1.l_orderkey)","Rows Removed by Index Recheck": 0,"Filter": "(l_suppkey <> l1.l_suppkey)","Rows Removed by Filter": 1}]},{"Node Type": "Index Scan","Parent Relationship": "Inner","Parallel Aware": false,"Async Capable": false,"Scan Direction": "Forward","Index Name": "orders_pkey","Relation Name": "orders","Alias": "orders","Startup Cost": 0.43,"Total Cost": 0.51,"Plan Rows": 1,"Plan Width": 4,"Actual Startup Time": 0.007,"Actual Total Time": 0.007,"Actual Rows": 0,"Actual Loops": 8678,"Index Cond": "(o_orderkey = l1.l_orderkey)","Rows Removed by Index Recheck": 0,"Filter": "(o_orderstatus = 'F'::bpchar)","Rows Removed by Filter": 1}]}]}]}]},"Planning Time": 8.374,"Triggers": [],"Execution Time": 528.458}]
[{"Plan": {"Node Type": "Sort","Parallel Aware": false,"Async Capable": false,"Startup Cost": 147378.80,"Total Cost": 147378.81,"Plan Rows": 1,"Plan Width": 34,"Actual Startup Time": 509.264,"Actual Total Time": 527.696,"Actual Rows": 421,"Actual Loops": 1,"Sort Key": ["(count(*)) DESC", "supplier.s_name"],"Sort Method": "quicksort","Sort Space Used": 57,"Sort Space Type": "Memory","Plans": [{"Node Type": "Aggregate","Strategy": "Sorted","Partial Mode": "Simple","Parent Relationship": "Outer","Parallel Aware": false,"Async Capable": false,"Startup Cost": 147378.77,"Total Cost": 147378.79,"Plan Rows": 1,"Plan Width": 34,"Actual Startup Time": 507.941,"Actual Total Time": 526.990,"Actual Rows": 421,"Actual Loops": 1,"Group Key": ["supplier.s_name"],"Plans": [{"Node Type": "Sort","Parent Relationship": "Outer","Parallel Aware": false,"Async Capable": false,"Startup Cost": 147378.77,"Total Cost": 147378.78,"Plan Rows": 1,"Plan Width": 26,"Actual Startup Time": 507.919,"Actual Total Time": 526.540,"Actual Rows": 4227,"Actual Loops": 1,"Sort Key": ["supplier.s_name"],"Sort Method": "quicksort","Sort Space Used": 490,"Sort Space Type": "Memory","Plans": [{"Node Type": "Nested Loop","Parent Relationship": "Outer","Parallel Aware": false,"Async Capable": false,"Join Type": "Inner","Startup Cost": 1250.87,"Total Cost": 147378.76,"Plan Rows": 1,"Plan Width": 26,"Actual Startup Time": 5.396,"Actual Total Time": 515.076,"Actual Rows": 4227,"Actual Loops": 1,"Inner Unique": true,"Plans": [{"Node Type": "Nested Loop","Parent Relationship": "Outer","Parallel Aware": false,"Async Capable": false,"Join Type": "Semi","Startup Cost": 1250.44,"Total Cost": 147378.26,"Plan Rows": 1,"Plan Width": 34,"Actual Startup Time": 5.356,"Actual Total Time": 448.186,"Actual Rows": 8678,"Actual Loops": 1,"Inner Unique": false,"Plans": [{"Node Type": "Gather","Parent Relationship": "Outer","Parallel Aware": false,"Async Capable": false,"Startup Cost": 1250.01,"Total Cost": 147377.22,"Plan Rows": 1,"Plan Width": 34,"Actual Startup Time": 5.315,"Actual Total Time": 333.619,"Actual Rows": 14289,"Actual Loops": 1,"Workers Planned": 4,"Workers Launched": 4,"Single Copy": false,"Plans": [{"Node Type": "Nested Loop","Parent Relationship": "Outer","Parallel Aware": false,"Async Capable": false,"Join Type": "Anti","Startup Cost": 250.01,"Total Cost": 146377.12,"Plan Rows": 1,"Plan Width": 34,"Actual Startup Time": 5.155,"Actual Total Time": 447.803,"Actual Rows": 2858,"Actual Loops": 5,"Inner Unique": false,"Workers": [],"Plans": [{"Node Type": "Hash Join","Parent Relationship": "Outer","Parallel Aware": false,"Async Capable": false,"Join Type": "Inner","Startup Cost": 249.58,"Total Cost": 133581.65,"Plan Rows": 19990,"Plan Width": 34,"Actual Startup Time": 4.679,"Actual Total Time": 355.100,"Actual Rows": 31833,"Actual Loops": 5,"Inner Unique": false,"Hash Cond": "(l1.l_suppkey = supplier.s_suppkey)","Workers": [],"Plans": [{"Node Type": "Seq Scan","Parent Relationship": "Outer","Parallel Aware": true,"Async Capable": false,"Relation Name": "lineitem","Alias": "l1","Startup Cost": 0.00,"Total Cost": 131256.80,"Plan Rows": 500101,"Plan Width": 8,"Actual Startup Time": 0.028,"Actual Total Time": 302.880,"Actual Rows": 758659,"Actual Loops": 5,"Filter": "(l_receiptdate > l_commitdate)","Rows Removed by Filter": 441584,"Workers": []},{"Node Type": "Hash","Parent Relationship": "Inner","Parallel Aware": false,"Async Capable": false,"Startup Cost": 244.58,"Total Cost": 244.58,"Plan Rows": 400,"Plan Width": 30,"Actual Startup Time": 4.328,"Actual Total Time": 4.340,"Actual Rows": 421,"Actual Loops": 5,"Hash Buckets": 1024,"Original Hash Buckets": 1024,"Hash Batches": 1,"Original Hash Batches": 1,"Peak Memory Usage": 35,"Workers": [],"Plans": [{"Node Type": "Nested Loop","Parent Relationship": "Outer","Parallel Aware": false,"Async Capable": false,"Join Type": "Inner","Startup Cost": 7.38,"Total Cost": 244.58,"Plan Rows": 400,"Plan Width": 30,"Actual Startup Time": 0.319,"Actual Total Time": 4.167,"Actual Rows": 421,"Actual Loops": 5,"Inner Unique": false,"Workers": [],"Plans": [{"Node Type": "Seq Scan","Parent Relationship": "Outer","Parallel Aware": false,"Async Capable": false,"Relation Name": "nation","Alias": "nation","Startup Cost": 0.00,"Total Cost": 1.31,"Plan Rows": 1,"Plan Width": 4,"Actual Startup Time": 0.061,"Actual Total Time": 0.065,"Actual Rows": 1,"Actual Loops": 5,"Filter": "(n_name = 'PERU'::bpchar)","Rows Removed by Filter": 24,"Workers": []},{"Node Type": "Bitmap Heap Scan","Parent Relationship": "Inner","Parallel Aware": false,"Async Capable": false,"Relation Name": "supplier","Alias": "supplier","Startup Cost": 7.38,"Total Cost": 239.27,"Plan Rows": 400,"Plan Width": 34,"Actual Startup Time": 0.253,"Actual Total Time": 4.010,"Actual Rows": 421,"Actual Loops": 5,"Recheck Cond": "(s_nationkey = nation.n_nationkey)","Rows Removed by Index Recheck": 0,"Exact Heap Blocks": 187,"Lossy Heap Blocks": 0,"Workers": [],"Plans": [{"Node Type": "Bitmap Index Scan","Parent Relationship": "Outer","Parallel Aware": false,"Async Capable": false,"Index Name": "idx_supplier_nation_key","Startup Cost": 0.00,"Total Cost": 7.29,"Plan Rows": 400,"Plan Width": 0,"Actual Startup Time": 0.167,"Actual Total Time": 0.169,"Actual Rows": 421,"Actual Loops": 5,"Index Cond": "(s_nationkey = nation.n_nationkey)","Workers": []}]}]}]}]},{"Node Type": "Index Scan","Parent Relationship": "Inner","Parallel Aware": false,"Async Capable": false,"Scan Direction": "Forward","Index Name": "idx_lineitem_orderkey","Relation Name": "lineitem","Alias": "l3","Startup Cost": 0.43,"Total Cost": 1.06,"Plan Rows": 6,"Plan Width": 8,"Actual Startup Time": 0.003,"Actual Total Time": 0.003,"Actual Rows": 1,"Actual Loops": 159165,"Index Cond": "(l_orderkey = l1.l_orderkey)","Rows Removed by Index Recheck": 0,"Filter": "((l_receiptdate > l_commitdate) AND (l_suppkey <> l1.l_suppkey))","Rows Removed by Filter": 1,"Workers": []}]}]},{"Node Type": "Index Scan","Parent Relationship": "Inner","Parallel Aware": false,"Async Capable": false,"Scan Direction": "Forward","Index Name": "idx_lineitem_orderkey","Relation Name": "lineitem","Alias": "l2","Startup Cost": 0.43,"Total Cost": 1.02,"Plan Rows": 17,"Plan Width": 8,"Actual Startup Time": 0.008,"Actual Total Time": 0.008,"Actual Rows": 1,"Actual Loops": 14289,"Index Cond": "(l_orderkey = l1.l_orderkey)","Rows Removed by Index Recheck": 0,"Filter": "(l_suppkey <> l1.l_suppkey)","Rows Removed by Filter": 1}]},{"Node Type": "Index Scan","Parent Relationship": "Inner","Parallel Aware": false,"Async Capable": false,"Scan Direction": "Forward","Index Name": "orders_pkey","Relation Name": "orders","Alias": "orders","Startup Cost": 0.43,"Total Cost": 0.51,"Plan Rows": 1,"Plan Width": 4,"Actual Startup Time": 0.007,"Actual Total Time": 0.007,"Actual Rows": 0,"Actual Loops": 8678,"Index Cond": "(o_orderkey = l1.l_orderkey)","Rows Removed by Index Recheck": 0,"Filter": "(o_orderstatus = 'F'::bpchar)","Rows Removed by Filter": 1}]}]}]}]},"Planning Time": 8.374,"Triggers": [],"Execution Time": 528.458}]
[{"Plan": {"Node Type": "Sort","Parallel Aware": false,"Async Capable": false,"Startup Cost": 147378.80,"Total Cost": 147378.81,"Plan Rows": 1,"Plan Width": 34,"Actual Startup Time": 500.709,"Actual Total Time": 524.703,"Actual Rows": 407,"Actual Loops": 1,"Sort Key": ["(count(*)) DESC", "supplier.s_name"],"Sort Method": "quicksort","Sort Space Used": 56,"Sort Space Type": "Memory","Plans": [{"Node Type": "Aggregate","Strategy": "Sorted","Partial Mode": "Simple","Parent Relationship": "Outer","Parallel Aware": false,"Async Capable": false,"Startup Cost": 147378.77,"Total Cost": 147378.79,"Plan Rows": 1,"Plan Width": 34,"Actual Startup Time": 499.455,"Actual Total Time": 523.962,"Actual Rows": 407,"Actual Loops": 1,"Group Key": ["supplier.s_name"],"Plans": [{"Node Type": "Sort","Parent Relationship": "Outer","Parallel Aware": false,"Async Capable": false,"Startup Cost": 147378.77,"Total Cost": 147378.78,"Plan Rows": 1,"Plan Width": 26,"Actual Startup Time": 499.433,"Actual Total Time": 523.550,"Actual Rows": 3965,"Actual Loops": 1,"Sort Key": ["supplier.s_name"],"Sort Method": "quicksort","Sort Space Used": 375,"Sort Space Type": "Memory","Plans": [{"Node Type": "Nested Loop","Parent Relationship": "Outer","Parallel Aware": false,"Async Capable": false,"Join Type": "Inner","Startup Cost": 1250.87,"Total Cost": 147378.76,"Plan Rows": 1,"Plan Width": 26,"Actual Startup Time": 5.067,"Actual Total Time": 512.972,"Actual Rows": 3965,"Actual Loops": 1,"Inner Unique": true,"Plans": [{"Node Type": "Nested Loop","Parent Relationship": "Outer","Parallel Aware": false,"Async Capable": false,"Join Type": "Semi","Startup Cost": 1250.44,"Total Cost": 147378.26,"Plan Rows": 1,"Plan Width": 34,"Actual Startup Time": 5.045,"Actual Total Time": 451.382,"Actual Rows": 8089,"Actual Loops": 1,"Inner Unique": false,"Plans": [{"Node Type": "Gather","Parent Relationship": "Outer","Parallel Aware": false,"Async Capable": false,"Startup Cost": 1250.01,"Total Cost": 147377.22,"Plan Rows": 1,"Plan Width": 34,"Actual Startup Time": 4.734,"Actual Total Time": 344.998,"Actual Rows": 13526,"Actual Loops": 1,"Workers Planned": 4,"Workers Launched": 4,"Single Copy": false,"Plans": [{"Node Type": "Nested Loop","Parent Relationship": "Outer","Parallel Aware": false,"Async Capable": false,"Join Type": "Anti","Startup Cost": 250.01,"Total Cost": 146377.12,"Plan Rows": 1,"Plan Width": 34,"Actual Startup Time": 4.775,"Actual Total Time": 445.542,"Actual Rows": 2705,"Actual Loops": 5,"Inner Unique": false,"Workers": [],"Plans": [{"Node Type": "Hash Join","Parent Relationship": "Outer","Parallel Aware": false,"Async Capable": false,"Join Type": "Inner","Startup Cost": 249.58,"Total Cost": 133581.65,"Plan Rows": 19990,"Plan Width": 34,"Actual Startup Time": 4.487,"Actual Total Time": 354.785,"Actual Rows": 30752,"Actual Loops": 5,"Inner Unique": false,"Hash Cond": "(l1.l_suppkey = supplier.s_suppkey)","Workers": [],"Plans": [{"Node Type": "Seq Scan","Parent Relationship": "Outer","Parallel Aware": true,"Async Capable": false,"Relation Name": "lineitem","Alias": "l1","Startup Cost": 0.00,"Total Cost": 131256.80,"Plan Rows": 500101,"Plan Width": 8,"Actual Startup Time": 0.026,"Actual Total Time": 303.161,"Actual Rows": 758659,"Actual Loops": 5,"Filter": "(l_receiptdate > l_commitdate)","Rows Removed by Filter": 441584,"Workers": []},{"Node Type": "Hash","Parent Relationship": "Inner","Parallel Aware": false,"Async Capable": false,"Startup Cost": 244.58,"Total Cost": 244.58,"Plan Rows": 400,"Plan Width": 30,"Actual Startup Time": 4.170,"Actual Total Time": 4.181,"Actual Rows": 407,"Actual Loops": 5,"Hash Buckets": 1024,"Original Hash Buckets": 1024,"Hash Batches": 1,"Original Hash Batches": 1,"Peak Memory Usage": 34,"Workers": [],"Plans": [{"Node Type": "Nested Loop","Parent Relationship": "Outer","Parallel Aware": false,"Async Capable": false,"Join Type": "Inner","Startup Cost": 7.38,"Total Cost": 244.58,"Plan Rows": 400,"Plan Width": 30,"Actual Startup Time": 0.302,"Actual Total Time": 4.018,"Actual Rows": 407,"Actual Loops": 5,"Inner Unique": false,"Workers": [],"Plans": [{"Node Type": "Seq Scan","Parent Relationship": "Outer","Parallel Aware": false,"Async Capable": false,"Relation Name": "nation","Alias": "nation","Startup Cost": 0.00,"Total Cost": 1.31,"Plan Rows": 1,"Plan Width": 4,"Actual Startup Time": 0.065,"Actual Total Time": 0.068,"Actual Rows": 1,"Actual Loops": 5,"Filter": "(n_name = 'CHINA'::bpchar)","Rows Removed by Filter": 24,"Workers": []},{"Node Type": "Bitmap Heap Scan","Parent Relationship": "Inner","Parallel Aware": false,"Async Capable": false,"Relation Name": "supplier","Alias": "supplier","Startup Cost": 7.38,"Total Cost": 239.27,"Plan Rows": 400,"Plan Width": 34,"Actual Startup Time": 0.229,"Actual Total Time": 3.872,"Actual Rows": 407,"Actual Loops": 5,"Recheck Cond": "(s_nationkey = nation.n_nationkey)","Rows Removed by Index Recheck": 0,"Exact Heap Blocks": 186,"Lossy Heap Blocks": 0,"Workers": [],"Plans": [{"Node Type": "Bitmap Index Scan","Parent Relationship": "Outer","Parallel Aware": false,"Async Capable": false,"Index Name": "idx_supplier_nation_key","Startup Cost": 0.00,"Total Cost": 7.29,"Plan Rows": 400,"Plan Width": 0,"Actual Startup Time": 0.141,"Actual Total Time": 0.143,"Actual Rows": 407,"Actual Loops": 5,"Index Cond": "(s_nationkey = nation.n_nationkey)","Workers": []}]}]}]}]},{"Node Type": "Index Scan","Parent Relationship": "Inner","Parallel Aware": false,"Async Capable": false,"Scan Direction": "Forward","Index Name": "idx_lineitem_orderkey","Relation Name": "lineitem","Alias": "l3","Startup Cost": 0.43,"Total Cost": 1.06,"Plan Rows": 6,"Plan Width": 8,"Actual Startup Time": 0.003,"Actual Total Time": 0.003,"Actual Rows": 1,"Actual Loops": 153758,"Index Cond": "(l_orderkey = l1.l_orderkey)","Rows Removed by Index Recheck": 0,"Filter": "((l_receiptdate > l_commitdate) AND (l_suppkey <> l1.l_suppkey))","Rows Removed by Filter": 1,"Workers": []}]}]},{"Node Type": "Index Scan","Parent Relationship": "Inner","Parallel Aware": false,"Async Capable": false,"Scan Direction": "Forward","Index Name": "idx_lineitem_orderkey","Relation Name": "lineitem","Alias": "l2","Startup Cost": 0.43,"Total Cost": 1.02,"Plan Rows": 17,"Plan Width": 8,"Actual Startup Time": 0.007,"Actual Total Time": 0.007,"Actual Rows": 1,"Actual Loops": 13526,"Index Cond": "(l_orderkey = l1.l_orderkey)","Rows Removed by Index Recheck": 0,"Filter": "(l_suppkey <> l1.l_suppkey)","Rows Removed by Filter": 1}]},{"Node Type": "Index Scan","Parent Relationship": "Inner","Parallel Aware": false,"Async Capable": false,"Scan Direction": "Forward","Index Name": "orders_pkey","Relation Name": "orders","Alias": "orders","Startup Cost": 0.43,"Total Cost": 0.51,"Plan Rows": 1,"Plan Width": 4,"Actual Startup Time": 0.007,"Actual Total Time": 0.007,"Actual Rows": 0,"Actual Loops": 8089,"Index Cond": "(o_orderkey = l1.l_orderkey)","Rows Removed by Index Recheck": 0,"Filter": "(o_orderstatus = 'F'::bpchar)","Rows Removed by Filter": 1}]}]}]}]},"Planning Time": 8.452,"Triggers": [],"Execution Time": 525.397}]
[{"Plan": {"Node Type": "Sort","Parallel Aware": false,"Async Capable": false,"Startup Cost": 147378.80,"Total Cost": 147378.81,"Plan Rows": 1,"Plan Width": 34,"Actual Startup Time": 501.108,"Actual Total Time": 521.576,"Actual Rows": 402,"Actual Loops": 1,"Sort Key": ["(count(*)) DESC", "supplier.s_name"],"Sort Method": "quicksort","Sort Space Used": 56,"Sort Space Type": "Memory","Plans": [{"Node Type": "Aggregate","Strategy": "Sorted","Partial Mode": "Simple","Parent Relationship": "Outer","Parallel Aware": false,"Async Capable": false,"Startup Cost": 147378.77,"Total Cost": 147378.79,"Plan Rows": 1,"Plan Width": 34,"Actual Startup Time": 499.889,"Actual Total Time": 520.867,"Actual Rows": 402,"Actual Loops": 1,"Group Key": ["supplier.s_name"],"Plans": [{"Node Type": "Sort","Parent Relationship": "Outer","Parallel Aware": false,"Async Capable": false,"Startup Cost": 147378.77,"Total Cost": 147378.78,"Plan Rows": 1,"Plan Width": 26,"Actual Startup Time": 499.865,"Actual Total Time": 520.454,"Actual Rows": 3981,"Actual Loops": 1,"Sort Key": ["supplier.s_name"],"Sort Method": "quicksort","Sort Space Used": 376,"Sort Space Type": "Memory","Plans": [{"Node Type": "Nested Loop","Parent Relationship": "Outer","Parallel Aware": false,"Async Capable": false,"Join Type": "Inner","Startup Cost": 1250.87,"Total Cost": 147378.76,"Plan Rows": 1,"Plan Width": 26,"Actual Startup Time": 4.395,"Actual Total Time": 509.623,"Actual Rows": 3981,"Actual Loops": 1,"Inner Unique": true,"Plans": [{"Node Type": "Nested Loop","Parent Relationship": "Outer","Parallel Aware": false,"Async Capable": false,"Join Type": "Semi","Startup Cost": 1250.44,"Total Cost": 147378.26,"Plan Rows": 1,"Plan Width": 34,"Actual Startup Time": 4.360,"Actual Total Time": 449.398,"Actual Rows": 7983,"Actual Loops": 1,"Inner Unique": false,"Plans": [{"Node Type": "Gather","Parent Relationship": "Outer","Parallel Aware": false,"Async Capable": false,"Startup Cost": 1250.01,"Total Cost": 147377.22,"Plan Rows": 1,"Plan Width": 34,"Actual Startup Time": 4.200,"Actual Total Time": 345.088,"Actual Rows": 13400,"Actual Loops": 1,"Workers Planned": 4,"Workers Launched": 4,"Single Copy": false,"Plans": [{"Node Type": "Nested Loop","Parent Relationship": "Outer","Parallel Aware": false,"Async Capable": false,"Join Type": "Anti","Startup Cost": 250.01,"Total Cost": 146377.12,"Plan Rows": 1,"Plan Width": 34,"Actual Startup Time": 4.071,"Actual Total Time": 443.940,"Actual Rows": 2680,"Actual Loops": 5,"Inner Unique": false,"Workers": [],"Plans": [{"Node Type": "Hash Join","Parent Relationship": "Outer","Parallel Aware": false,"Async Capable": false,"Join Type": "Inner","Startup Cost": 249.58,"Total Cost": 133581.65,"Plan Rows": 19990,"Plan Width": 34,"Actual Startup Time": 3.886,"Actual Total Time": 354.291,"Actual Rows": 30378,"Actual Loops": 5,"Inner Unique": false,"Hash Cond": "(l1.l_suppkey = supplier.s_suppkey)","Workers": [],"Plans": [{"Node Type": "Seq Scan","Parent Relationship": "Outer","Parallel Aware": true,"Async Capable": false,"Relation Name": "lineitem","Alias": "l1","Startup Cost": 0.00,"Total Cost": 131256.80,"Plan Rows": 500101,"Plan Width": 8,"Actual Startup Time": 0.029,"Actual Total Time": 304.276,"Actual Rows": 758659,"Actual Loops": 5,"Filter": "(l_receiptdate > l_commitdate)","Rows Removed by Filter": 441584,"Workers": []},{"Node Type": "Hash","Parent Relationship": "Inner","Parallel Aware": false,"Async Capable": false,"Startup Cost": 244.58,"Total Cost": 244.58,"Plan Rows": 400,"Plan Width": 30,"Actual Startup Time": 3.550,"Actual Total Time": 3.564,"Actual Rows": 402,"Actual Loops": 5,"Hash Buckets": 1024,"Original Hash Buckets": 1024,"Hash Batches": 1,"Original Hash Batches": 1,"Peak Memory Usage": 34,"Workers": [],"Plans": [{"Node Type": "Nested Loop","Parent Relationship": "Outer","Parallel Aware": false,"Async Capable": false,"Join Type": "Inner","Startup Cost": 7.38,"Total Cost": 244.58,"Plan Rows": 400,"Plan Width": 30,"Actual Startup Time": 0.305,"Actual Total Time": 3.431,"Actual Rows": 402,"Actual Loops": 5,"Inner Unique": false,"Workers": [],"Plans": [{"Node Type": "Seq Scan","Parent Relationship": "Outer","Parallel Aware": false,"Async Capable": false,"Relation Name": "nation","Alias": "nation","Startup Cost": 0.00,"Total Cost": 1.31,"Plan Rows": 1,"Plan Width": 4,"Actual Startup Time": 0.076,"Actual Total Time": 0.081,"Actual Rows": 1,"Actual Loops": 5,"Filter": "(n_name = 'FRANCE'::bpchar)","Rows Removed by Filter": 24,"Workers": []},{"Node Type": "Bitmap Heap Scan","Parent Relationship": "Inner","Parallel Aware": false,"Async Capable": false,"Relation Name": "supplier","Alias": "supplier","Startup Cost": 7.38,"Total Cost": 239.27,"Plan Rows": 400,"Plan Width": 34,"Actual Startup Time": 0.223,"Actual Total Time": 3.284,"Actual Rows": 402,"Actual Loops": 5,"Recheck Cond": "(s_nationkey = nation.n_nationkey)","Rows Removed by Index Recheck": 0,"Exact Heap Blocks": 184,"Lossy Heap Blocks": 0,"Workers": [],"Plans": [{"Node Type": "Bitmap Index Scan","Parent Relationship": "Outer","Parallel Aware": false,"Async Capable": false,"Index Name": "idx_supplier_nation_key","Startup Cost": 0.00,"Total Cost": 7.29,"Plan Rows": 400,"Plan Width": 0,"Actual Startup Time": 0.129,"Actual Total Time": 0.130,"Actual Rows": 402,"Actual Loops": 5,"Index Cond": "(s_nationkey = nation.n_nationkey)","Workers": []}]}]}]}]},{"Node Type": "Index Scan","Parent Relationship": "Inner","Parallel Aware": false,"Async Capable": false,"Scan Direction": "Forward","Index Name": "idx_lineitem_orderkey","Relation Name": "lineitem","Alias": "l3","Startup Cost": 0.43,"Total Cost": 1.06,"Plan Rows": 6,"Plan Width": 8,"Actual Startup Time": 0.003,"Actual Total Time": 0.003,"Actual Rows": 1,"Actual Loops": 151892,"Index Cond": "(l_orderkey = l1.l_orderkey)","Rows Removed by Index Recheck": 0,"Filter": "((l_receiptdate > l_commitdate) AND (l_suppkey <> l1.l_suppkey))","Rows Removed by Filter": 1,"Workers": []}]}]},{"Node Type": "Index Scan","Parent Relationship": "Inner","Parallel Aware": false,"Async Capable": false,"Scan Direction": "Forward","Index Name": "idx_lineitem_orderkey","Relation Name": "lineitem","Alias": "l2","Startup Cost": 0.43,"Total Cost": 1.02,"Plan Rows": 17,"Plan Width": 8,"Actual Startup Time": 0.007,"Actual Total Time": 0.007,"Actual Rows": 1,"Actual Loops": 13400,"Index Cond": "(l_orderkey = l1.l_orderkey)","Rows Removed by Index Recheck": 0,"Filter": "(l_suppkey <> l1.l_suppkey)","Rows Removed by Filter": 1}]},{"Node Type": "Index Scan","Parent Relationship": "Inner","Parallel Aware": false,"Async Capable": false,"Scan Direction": "Forward","Index Name": "orders_pkey","Relation Name": "orders","Alias": "orders","Startup Cost": 0.43,"Total Cost": 0.51,"Plan Rows": 1,"Plan Width": 4,"Actual Startup Time": 0.007,"Actual Total Time": 0.007,"Actual Rows": 0,"Actual Loops": 7983,"Index Cond": "(o_orderkey = l1.l_orderkey)","Rows Removed by Index Recheck": 0,"Filter": "(o_orderstatus = 'F'::bpchar)","Rows Removed by Filter": 1}]}]}]}]},"Planning Time": 8.323,"Triggers": [],"Execution Time": 522.235}]
[{"Plan": {"Node Type": "Sort","Parallel Aware": false,"Async Capable": false,"Startup Cost": 147378.80,"Total Cost": 147378.81,"Plan Rows": 1,"Plan Width": 34,"Actual Startup Time": 494.557,"Actual Total Time": 516.628,"Actual Rows": 380,"Actual Loops": 1,"Sort Key": ["(count(*)) DESC", "supplier.s_name"],"Sort Method": "quicksort","Sort Space Used": 54,"Sort Space Type": "Memory","Plans": [{"Node Type": "Aggregate","Strategy": "Sorted","Partial Mode": "Simple","Parent Relationship": "Outer","Parallel Aware": false,"Async Capable": false,"Startup Cost": 147378.77,"Total Cost": 147378.79,"Plan Rows": 1,"Plan Width": 34,"Actual Startup Time": 493.417,"Actual Total Time": 515.990,"Actual Rows": 380,"Actual Loops": 1,"Group Key": ["supplier.s_name"],"Plans": [{"Node Type": "Sort","Parent Relationship": "Outer","Parallel Aware": false,"Async Capable": false,"Startup Cost": 147378.77,"Total Cost": 147378.78,"Plan Rows": 1,"Plan Width": 26,"Actual Startup Time": 493.396,"Actual Total Time": 515.587,"Actual Rows": 3777,"Actual Loops": 1,"Sort Key": ["supplier.s_name"],"Sort Method": "quicksort","Sort Space Used": 362,"Sort Space Type": "Memory","Plans": [{"Node Type": "Nested Loop","Parent Relationship": "Outer","Parallel Aware": false,"Async Capable": false,"Join Type": "Inner","Startup Cost": 1250.87,"Total Cost": 147378.76,"Plan Rows": 1,"Plan Width": 26,"Actual Startup Time": 4.998,"Actual Total Time": 504.711,"Actual Rows": 3777,"Actual Loops": 1,"Inner Unique": true,"Plans": [{"Node Type": "Nested Loop","Parent Relationship": "Outer","Parallel Aware": false,"Async Capable": false,"Join Type": "Semi","Startup Cost": 1250.44,"Total Cost": 147378.26,"Plan Rows": 1,"Plan Width": 34,"Actual Startup Time": 4.963,"Actual Total Time": 440.621,"Actual Rows": 7670,"Actual Loops": 1,"Inner Unique": false,"Plans": [{"Node Type": "Gather","Parent Relationship": "Outer","Parallel Aware": false,"Async Capable": false,"Startup Cost": 1250.01,"Total Cost": 147377.22,"Plan Rows": 1,"Plan Width": 34,"Actual Startup Time": 4.951,"Actual Total Time": 333.201,"Actual Rows": 12935,"Actual Loops": 1,"Workers Planned": 4,"Workers Launched": 4,"Single Copy": false,"Plans": [{"Node Type": "Nested Loop","Parent Relationship": "Outer","Parallel Aware": false,"Async Capable": false,"Join Type": "Anti","Startup Cost": 250.01,"Total Cost": 146377.12,"Plan Rows": 1,"Plan Width": 34,"Actual Startup Time": 5.873,"Actual Total Time": 437.867,"Actual Rows": 2587,"Actual Loops": 5,"Inner Unique": false,"Workers": [],"Plans": [{"Node Type": "Hash Join","Parent Relationship": "Outer","Parallel Aware": false,"Async Capable": false,"Join Type": "Inner","Startup Cost": 249.58,"Total Cost": 133581.65,"Plan Rows": 19990,"Plan Width": 34,"Actual Startup Time": 5.239,"Actual Total Time": 352.656,"Actual Rows": 28741,"Actual Loops": 5,"Inner Unique": false,"Hash Cond": "(l1.l_suppkey = supplier.s_suppkey)","Workers": [],"Plans": [{"Node Type": "Seq Scan","Parent Relationship": "Outer","Parallel Aware": true,"Async Capable": false,"Relation Name": "lineitem","Alias": "l1","Startup Cost": 0.00,"Total Cost": 131256.80,"Plan Rows": 500101,"Plan Width": 8,"Actual Startup Time": 0.031,"Actual Total Time": 300.900,"Actual Rows": 758659,"Actual Loops": 5,"Filter": "(l_receiptdate > l_commitdate)","Rows Removed by Filter": 441584,"Workers": []},{"Node Type": "Hash","Parent Relationship": "Inner","Parallel Aware": false,"Async Capable": false,"Startup Cost": 244.58,"Total Cost": 244.58,"Plan Rows": 400,"Plan Width": 30,"Actual Startup Time": 4.907,"Actual Total Time": 4.921,"Actual Rows": 380,"Actual Loops": 5,"Hash Buckets": 1024,"Original Hash Buckets": 1024,"Hash Batches": 1,"Original Hash Batches": 1,"Peak Memory Usage": 32,"Workers": [],"Plans": [{"Node Type": "Nested Loop","Parent Relationship": "Outer","Parallel Aware": false,"Async Capable": false,"Join Type": "Inner","Startup Cost": 7.38,"Total Cost": 244.58,"Plan Rows": 400,"Plan Width": 30,"Actual Startup Time": 0.293,"Actual Total Time": 4.740,"Actual Rows": 380,"Actual Loops": 5,"Inner Unique": false,"Workers": [],"Plans": [{"Node Type": "Seq Scan","Parent Relationship": "Outer","Parallel Aware": false,"Async Capable": false,"Relation Name": "nation","Alias": "nation","Startup Cost": 0.00,"Total Cost": 1.31,"Plan Rows": 1,"Plan Width": 4,"Actual Startup Time": 0.048,"Actual Total Time": 0.056,"Actual Rows": 1,"Actual Loops": 5,"Filter": "(n_name = 'ETHIOPIA'::bpchar)","Rows Removed by Filter": 24,"Workers": []},{"Node Type": "Bitmap Heap Scan","Parent Relationship": "Inner","Parallel Aware": false,"Async Capable": false,"Relation Name": "supplier","Alias": "supplier","Startup Cost": 7.38,"Total Cost": 239.27,"Plan Rows": 400,"Plan Width": 34,"Actual Startup Time": 0.240,"Actual Total Time": 4.598,"Actual Rows": 380,"Actual Loops": 5,"Recheck Cond": "(s_nationkey = nation.n_nationkey)","Rows Removed by Index Recheck": 0,"Exact Heap Blocks": 192,"Lossy Heap Blocks": 0,"Workers": [],"Plans": [{"Node Type": "Bitmap Index Scan","Parent Relationship": "Outer","Parallel Aware": false,"Async Capable": false,"Index Name": "idx_supplier_nation_key","Startup Cost": 0.00,"Total Cost": 7.29,"Plan Rows": 400,"Plan Width": 0,"Actual Startup Time": 0.158,"Actual Total Time": 0.159,"Actual Rows": 380,"Actual Loops": 5,"Index Cond": "(s_nationkey = nation.n_nationkey)","Workers": []}]}]}]}]},{"Node Type": "Index Scan","Parent Relationship": "Inner","Parallel Aware": false,"Async Capable": false,"Scan Direction": "Forward","Index Name": "idx_lineitem_orderkey","Relation Name": "lineitem","Alias": "l3","Startup Cost": 0.43,"Total Cost": 1.06,"Plan Rows": 6,"Plan Width": 8,"Actual Startup Time": 0.003,"Actual Total Time": 0.003,"Actual Rows": 1,"Actual Loops": 143707,"Index Cond": "(l_orderkey = l1.l_orderkey)","Rows Removed by Index Recheck": 0,"Filter": "((l_receiptdate > l_commitdate) AND (l_suppkey <> l1.l_suppkey))","Rows Removed by Filter": 1,"Workers": []}]}]},{"Node Type": "Index Scan","Parent Relationship": "Inner","Parallel Aware": false,"Async Capable": false,"Scan Direction": "Forward","Index Name": "idx_lineitem_orderkey","Relation Name": "lineitem","Alias": "l2","Startup Cost": 0.43,"Total Cost": 1.02,"Plan Rows": 17,"Plan Width": 8,"Actual Startup Time": 0.008,"Actual Total Time": 0.008,"Actual Rows": 1,"Actual Loops": 12935,"Index Cond": "(l_orderkey = l1.l_orderkey)","Rows Removed by Index Recheck": 0,"Filter": "(l_suppkey <> l1.l_suppkey)","Rows Removed by Filter": 1}]},{"Node Type": "Index Scan","Parent Relationship": "Inner","Parallel Aware": false,"Async Capable": false,"Scan Direction": "Forward","Index Name": "orders_pkey","Relation Name": "orders","Alias": "orders","Startup Cost": 0.43,"Total Cost": 0.51,"Plan Rows": 1,"Plan Width": 4,"Actual Startup Time": 0.008,"Actual Total Time": 0.008,"Actual Rows": 0,"Actual Loops": 7670,"Index Cond": "(o_orderkey = l1.l_orderkey)","Rows Removed by Index Recheck": 0,"Filter": "(o_orderstatus = 'F'::bpchar)","Rows Removed by Filter": 1}]}]}]}]},"Planning Time": 9.415,"Triggers": [],"Execution Time": 517.200}]
[{"Plan": {"Node Type": "Sort","Parallel Aware": false,"Async Capable": false,"Startup Cost": 147378.80,"Total Cost": 147378.81,"Plan Rows": 1,"Plan Width": 34,"Actual Startup Time": 512.736,"Actual Total Time": 529.210,"Actual Rows": 438,"Actual Loops": 1,"Sort Key": ["(count(*)) DESC", "supplier.s_name"],"Sort Method": "quicksort","Sort Space Used": 59,"Sort Space Type": "Memory","Plans": [{"Node Type": "Aggregate","Strategy": "Sorted","Partial Mode": "Simple","Parent Relationship": "Outer","Parallel Aware": false,"Async Capable": false,"Startup Cost": 147378.77,"Total Cost": 147378.79,"Plan Rows": 1,"Plan Width": 34,"Actual Startup Time": 511.404,"Actual Total Time": 528.425,"Actual Rows": 438,"Actual Loops": 1,"Group Key": ["supplier.s_name"],"Plans": [{"Node Type": "Sort","Parent Relationship": "Outer","Parallel Aware": false,"Async Capable": false,"Startup Cost": 147378.77,"Total Cost": 147378.78,"Plan Rows": 1,"Plan Width": 26,"Actual Startup Time": 511.372,"Actual Total Time": 527.974,"Actual Rows": 4210,"Actual Loops": 1,"Sort Key": ["supplier.s_name"],"Sort Method": "quicksort","Sort Space Used": 489,"Sort Space Type": "Memory","Plans": [{"Node Type": "Nested Loop","Parent Relationship": "Outer","Parallel Aware": false,"Async Capable": false,"Join Type": "Inner","Startup Cost": 1250.87,"Total Cost": 147378.76,"Plan Rows": 1,"Plan Width": 26,"Actual Startup Time": 5.368,"Actual Total Time": 515.358,"Actual Rows": 4210,"Actual Loops": 1,"Inner Unique": true,"Plans": [{"Node Type": "Nested Loop","Parent Relationship": "Outer","Parallel Aware": false,"Async Capable": false,"Join Type": "Semi","Startup Cost": 1250.44,"Total Cost": 147378.26,"Plan Rows": 1,"Plan Width": 34,"Actual Startup Time": 5.330,"Actual Total Time": 447.041,"Actual Rows": 8778,"Actual Loops": 1,"Inner Unique": false,"Plans": [{"Node Type": "Gather","Parent Relationship": "Outer","Parallel Aware": false,"Async Capable": false,"Startup Cost": 1250.01,"Total Cost": 147377.22,"Plan Rows": 1,"Plan Width": 34,"Actual Startup Time": 5.278,"Actual Total Time": 329.789,"Actual Rows": 14669,"Actual Loops": 1,"Workers Planned": 4,"Workers Launched": 4,"Single Copy": false,"Plans": [{"Node Type": "Nested Loop","Parent Relationship": "Outer","Parallel Aware": false,"Async Capable": false,"Join Type": "Anti","Startup Cost": 250.01,"Total Cost": 146377.12,"Plan Rows": 1,"Plan Width": 34,"Actual Startup Time": 5.105,"Actual Total Time": 449.554,"Actual Rows": 2934,"Actual Loops": 5,"Inner Unique": false,"Workers": [],"Plans": [{"Node Type": "Hash Join","Parent Relationship": "Outer","Parallel Aware": false,"Async Capable": false,"Join Type": "Inner","Startup Cost": 249.58,"Total Cost": 133581.65,"Plan Rows": 19990,"Plan Width": 34,"Actual Startup Time": 4.734,"Actual Total Time": 354.759,"Actual Rows": 33108,"Actual Loops": 5,"Inner Unique": false,"Hash Cond": "(l1.l_suppkey = supplier.s_suppkey)","Workers": [],"Plans": [{"Node Type": "Seq Scan","Parent Relationship": "Outer","Parallel Aware": true,"Async Capable": false,"Relation Name": "lineitem","Alias": "l1","Startup Cost": 0.00,"Total Cost": 131256.80,"Plan Rows": 500101,"Plan Width": 8,"Actual Startup Time": 0.025,"Actual Total Time": 303.070,"Actual Rows": 758659,"Actual Loops": 5,"Filter": "(l_receiptdate > l_commitdate)","Rows Removed by Filter": 441584,"Workers": []},{"Node Type": "Hash","Parent Relationship": "Inner","Parallel Aware": false,"Async Capable": false,"Startup Cost": 244.58,"Total Cost": 244.58,"Plan Rows": 400,"Plan Width": 30,"Actual Startup Time": 4.446,"Actual Total Time": 4.454,"Actual Rows": 438,"Actual Loops": 5,"Hash Buckets": 1024,"Original Hash Buckets": 1024,"Hash Batches": 1,"Original Hash Batches": 1,"Peak Memory Usage": 36,"Workers": [],"Plans": [{"Node Type": "Nested Loop","Parent Relationship": "Outer","Parallel Aware": false,"Async Capable": false,"Join Type": "Inner","Startup Cost": 7.38,"Total Cost": 244.58,"Plan Rows": 400,"Plan Width": 30,"Actual Startup Time": 0.266,"Actual Total Time": 4.290,"Actual Rows": 438,"Actual Loops": 5,"Inner Unique": false,"Workers": [],"Plans": [{"Node Type": "Seq Scan","Parent Relationship": "Outer","Parallel Aware": false,"Async Capable": false,"Relation Name": "nation","Alias": "nation","Startup Cost": 0.00,"Total Cost": 1.31,"Plan Rows": 1,"Plan Width": 4,"Actual Startup Time": 0.058,"Actual Total Time": 0.064,"Actual Rows": 1,"Actual Loops": 5,"Filter": "(n_name = 'IRAQ'::bpchar)","Rows Removed by Filter": 24,"Workers": []},{"Node Type": "Bitmap Heap Scan","Parent Relationship": "Inner","Parallel Aware": false,"Async Capable": false,"Relation Name": "supplier","Alias": "supplier","Startup Cost": 7.38,"Total Cost": 239.27,"Plan Rows": 400,"Plan Width": 34,"Actual Startup Time": 0.204,"Actual Total Time": 4.151,"Actual Rows": 438,"Actual Loops": 5,"Recheck Cond": "(s_nationkey = nation.n_nationkey)","Rows Removed by Index Recheck": 0,"Exact Heap Blocks": 194,"Lossy Heap Blocks": 0,"Workers": [],"Plans": [{"Node Type": "Bitmap Index Scan","Parent Relationship": "Outer","Parallel Aware": false,"Async Capable": false,"Index Name": "idx_supplier_nation_key","Startup Cost": 0.00,"Total Cost": 7.29,"Plan Rows": 400,"Plan Width": 0,"Actual Startup Time": 0.139,"Actual Total Time": 0.140,"Actual Rows": 438,"Actual Loops": 5,"Index Cond": "(s_nationkey = nation.n_nationkey)","Workers": []}]}]}]}]},{"Node Type": "Index Scan","Parent Relationship": "Inner","Parallel Aware": false,"Async Capable": false,"Scan Direction": "Forward","Index Name": "idx_lineitem_orderkey","Relation Name": "lineitem","Alias": "l3","Startup Cost": 0.43,"Total Cost": 1.06,"Plan Rows": 6,"Plan Width": 8,"Actual Startup Time": 0.003,"Actual Total Time": 0.003,"Actual Rows": 1,"Actual Loops": 165540,"Index Cond": "(l_orderkey = l1.l_orderkey)","Rows Removed by Index Recheck": 0,"Filter": "((l_receiptdate > l_commitdate) AND (l_suppkey <> l1.l_suppkey))","Rows Removed by Filter": 1,"Workers": []}]}]},{"Node Type": "Index Scan","Parent Relationship": "Inner","Parallel Aware": false,"Async Capable": false,"Scan Direction": "Forward","Index Name": "idx_lineitem_orderkey","Relation Name": "lineitem","Alias": "l2","Startup Cost": 0.43,"Total Cost": 1.02,"Plan Rows": 17,"Plan Width": 8,"Actual Startup Time": 0.007,"Actual Total Time": 0.007,"Actual Rows": 1,"Actual Loops": 14669,"Index Cond": "(l_orderkey = l1.l_orderkey)","Rows Removed by Index Recheck": 0,"Filter": "(l_suppkey <> l1.l_suppkey)","Rows Removed by Filter": 1}]},{"Node Type": "Index Scan","Parent Relationship": "Inner","Parallel Aware": false,"Async Capable": false,"Scan Direction": "Forward","Index Name": "orders_pkey","Relation Name": "orders","Alias": "orders","Startup Cost": 0.43,"Total Cost": 0.51,"Plan Rows": 1,"Plan Width": 4,"Actual Startup Time": 0.008,"Actual Total Time": 0.008,"Actual Rows": 0,"Actual Loops": 8778,"Index Cond": "(o_orderkey = l1.l_orderkey)","Rows Removed by Index Recheck": 0,"Filter": "(o_orderstatus = 'F'::bpchar)","Rows Removed by Filter": 1}]}]}]}]},"Planning Time": 9.762,"Triggers": [],"Execution Time": 529.872}]
[{"Plan": {"Node Type": "Sort","Parallel Aware": false,"Async Capable": false,"Startup Cost": 147378.80,"Total Cost": 147378.81,"Plan Rows": 1,"Plan Width": 34,"Actual Startup Time": 503.423,"Actual Total Time": 521.004,"Actual Rows": 406,"Actual Loops": 1,"Sort Key": ["(count(*)) DESC", "supplier.s_name"],"Sort Method": "quicksort","Sort Space Used": 56,"Sort Space Type": "Memory","Plans": [{"Node Type": "Aggregate","Strategy": "Sorted","Partial Mode": "Simple","Parent Relationship": "Outer","Parallel Aware": false,"Async Capable": false,"Startup Cost": 147378.77,"Total Cost": 147378.79,"Plan Rows": 1,"Plan Width": 34,"Actual Startup Time": 502.176,"Actual Total Time": 520.280,"Actual Rows": 406,"Actual Loops": 1,"Group Key": ["supplier.s_name"],"Plans": [{"Node Type": "Sort","Parent Relationship": "Outer","Parallel Aware": false,"Async Capable": false,"Startup Cost": 147378.77,"Total Cost": 147378.78,"Plan Rows": 1,"Plan Width": 26,"Actual Startup Time": 502.147,"Actual Total Time": 519.852,"Actual Rows": 4052,"Actual Loops": 1,"Sort Key": ["supplier.s_name"],"Sort Method": "quicksort","Sort Space Used": 381,"Sort Space Type": "Memory","Plans": [{"Node Type": "Nested Loop","Parent Relationship": "Outer","Parallel Aware": false,"Async Capable": false,"Join Type": "Inner","Startup Cost": 1250.87,"Total Cost": 147378.76,"Plan Rows": 1,"Plan Width": 26,"Actual Startup Time": 4.486,"Actual Total Time": 508.290,"Actual Rows": 4052,"Actual Loops": 1,"Inner Unique": true,"Plans": [{"Node Type": "Nested Loop","Parent Relationship": "Outer","Parallel Aware": false,"Async Capable": false,"Join Type": "Semi","Startup Cost": 1250.44,"Total Cost": 147378.26,"Plan Rows": 1,"Plan Width": 34,"Actual Startup Time": 4.452,"Actual Total Time": 441.127,"Actual Rows": 8332,"Actual Loops": 1,"Inner Unique": false,"Plans": [{"Node Type": "Gather","Parent Relationship": "Outer","Parallel Aware": false,"Async Capable": false,"Startup Cost": 1250.01,"Total Cost": 147377.22,"Plan Rows": 1,"Plan Width": 34,"Actual Startup Time": 4.440,"Actual Total Time": 331.994,"Actual Rows": 13791,"Actual Loops": 1,"Workers Planned": 4,"Workers Launched": 4,"Single Copy": false,"Plans": [{"Node Type": "Nested Loop","Parent Relationship": "Outer","Parallel Aware": false,"Async Capable": false,"Join Type": "Anti","Startup Cost": 250.01,"Total Cost": 146377.12,"Plan Rows": 1,"Plan Width": 34,"Actual Startup Time": 4.624,"Actual Total Time": 442.937,"Actual Rows": 2758,"Actual Loops": 5,"Inner Unique": false,"Workers": [],"Plans": [{"Node Type": "Hash Join","Parent Relationship": "Outer","Parallel Aware": false,"Async Capable": false,"Join Type": "Inner","Startup Cost": 249.58,"Total Cost": 133581.65,"Plan Rows": 19990,"Plan Width": 34,"Actual Startup Time": 4.481,"Actual Total Time": 353.409,"Actual Rows": 30900,"Actual Loops": 5,"Inner Unique": false,"Hash Cond": "(l1.l_suppkey = supplier.s_suppkey)","Workers": [],"Plans": [{"Node Type": "Seq Scan","Parent Relationship": "Outer","Parallel Aware": true,"Async Capable": false,"Relation Name": "lineitem","Alias": "l1","Startup Cost": 0.00,"Total Cost": 131256.80,"Plan Rows": 500101,"Plan Width": 8,"Actual Startup Time": 0.029,"Actual Total Time": 301.270,"Actual Rows": 758659,"Actual Loops": 5,"Filter": "(l_receiptdate > l_commitdate)","Rows Removed by Filter": 441584,"Workers": []},{"Node Type": "Hash","Parent Relationship": "Inner","Parallel Aware": false,"Async Capable": false,"Startup Cost": 244.58,"Total Cost": 244.58,"Plan Rows": 400,"Plan Width": 30,"Actual Startup Time": 4.105,"Actual Total Time": 4.114,"Actual Rows": 406,"Actual Loops": 5,"Hash Buckets": 1024,"Original Hash Buckets": 1024,"Hash Batches": 1,"Original Hash Batches": 1,"Peak Memory Usage": 34,"Workers": [],"Plans": [{"Node Type": "Nested Loop","Parent Relationship": "Outer","Parallel Aware": false,"Async Capable": false,"Join Type": "Inner","Startup Cost": 7.38,"Total Cost": 244.58,"Plan Rows": 400,"Plan Width": 30,"Actual Startup Time": 0.252,"Actual Total Time": 3.975,"Actual Rows": 406,"Actual Loops": 5,"Inner Unique": false,"Workers": [],"Plans": [{"Node Type": "Seq Scan","Parent Relationship": "Outer","Parallel Aware": false,"Async Capable": false,"Relation Name": "nation","Alias": "nation","Startup Cost": 0.00,"Total Cost": 1.31,"Plan Rows": 1,"Plan Width": 4,"Actual Startup Time": 0.055,"Actual Total Time": 0.058,"Actual Rows": 1,"Actual Loops": 5,"Filter": "(n_name = 'MOZAMBIQUE'::bpchar)","Rows Removed by Filter": 24,"Workers": []},{"Node Type": "Bitmap Heap Scan","Parent Relationship": "Inner","Parallel Aware": false,"Async Capable": false,"Relation Name": "supplier","Alias": "supplier","Startup Cost": 7.38,"Total Cost": 239.27,"Plan Rows": 400,"Plan Width": 34,"Actual Startup Time": 0.193,"Actual Total Time": 3.854,"Actual Rows": 406,"Actual Loops": 5,"Recheck Cond": "(s_nationkey = nation.n_nationkey)","Rows Removed by Index Recheck": 0,"Exact Heap Blocks": 186,"Lossy Heap Blocks": 0,"Workers": [],"Plans": [{"Node Type": "Bitmap Index Scan","Parent Relationship": "Outer","Parallel Aware": false,"Async Capable": false,"Index Name": "idx_supplier_nation_key","Startup Cost": 0.00,"Total Cost": 7.29,"Plan Rows": 400,"Plan Width": 0,"Actual Startup Time": 0.125,"Actual Total Time": 0.126,"Actual Rows": 406,"Actual Loops": 5,"Index Cond": "(s_nationkey = nation.n_nationkey)","Workers": []}]}]}]}]},{"Node Type": "Index Scan","Parent Relationship": "Inner","Parallel Aware": false,"Async Capable": false,"Scan Direction": "Forward","Index Name": "idx_lineitem_orderkey","Relation Name": "lineitem","Alias": "l3","Startup Cost": 0.43,"Total Cost": 1.06,"Plan Rows": 6,"Plan Width": 8,"Actual Startup Time": 0.003,"Actual Total Time": 0.003,"Actual Rows": 1,"Actual Loops": 154501,"Index Cond": "(l_orderkey = l1.l_orderkey)","Rows Removed by Index Recheck": 0,"Filter": "((l_receiptdate > l_commitdate) AND (l_suppkey <> l1.l_suppkey))","Rows Removed by Filter": 1,"Workers": []}]}]},{"Node Type": "Index Scan","Parent Relationship": "Inner","Parallel Aware": false,"Async Capable": false,"Scan Direction": "Forward","Index Name": "idx_lineitem_orderkey","Relation Name": "lineitem","Alias": "l2","Startup Cost": 0.43,"Total Cost": 1.02,"Plan Rows": 17,"Plan Width": 8,"Actual Startup Time": 0.007,"Actual Total Time": 0.007,"Actual Rows": 1,"Actual Loops": 13791,"Index Cond": "(l_orderkey = l1.l_orderkey)","Rows Removed by Index Recheck": 0,"Filter": "(l_suppkey <> l1.l_suppkey)","Rows Removed by Filter": 1}]},{"Node Type": "Index Scan","Parent Relationship": "Inner","Parallel Aware": false,"Async Capable": false,"Scan Direction": "Forward","Index Name": "orders_pkey","Relation Name": "orders","Alias": "orders","Startup Cost": 0.43,"Total Cost": 0.51,"Plan Rows": 1,"Plan Width": 4,"Actual Startup Time": 0.008,"Actual Total Time": 0.008,"Actual Rows": 0,"Actual Loops": 8332,"Index Cond": "(o_orderkey = l1.l_orderkey)","Rows Removed by Index Recheck": 0,"Filter": "(o_orderstatus = 'F'::bpchar)","Rows Removed by Filter": 1}]}]}]}]},"Planning Time": 9.793,"Triggers": [],"Execution Time": 521.577}]
[{"Plan": {"Node Type": "Sort","Parallel Aware": false,"Async Capable": false,"Startup Cost": 147378.80,"Total Cost": 147378.81,"Plan Rows": 1,"Plan Width": 34,"Actual Startup Time": 493.231,"Actual Total Time": 511.674,"Actual Rows": 376,"Actual Loops": 1,"Sort Key": ["(count(*)) DESC", "supplier.s_name"],"Sort Method": "quicksort","Sort Space Used": 54,"Sort Space Type": "Memory","Plans": [{"Node Type": "Aggregate","Strategy": "Sorted","Partial Mode": "Simple","Parent Relationship": "Outer","Parallel Aware": false,"Async Capable": false,"Startup Cost": 147378.77,"Total Cost": 147378.79,"Plan Rows": 1,"Plan Width": 34,"Actual Startup Time": 492.079,"Actual Total Time": 510.997,"Actual Rows": 376,"Actual Loops": 1,"Group Key": ["supplier.s_name"],"Plans": [{"Node Type": "Sort","Parent Relationship": "Outer","Parallel Aware": false,"Async Capable": false,"Startup Cost": 147378.77,"Total Cost": 147378.78,"Plan Rows": 1,"Plan Width": 26,"Actual Startup Time": 492.053,"Actual Total Time": 510.609,"Actual Rows": 3697,"Actual Loops": 1,"Sort Key": ["supplier.s_name"],"Sort Method": "quicksort","Sort Space Used": 356,"Sort Space Type": "Memory","Plans": [{"Node Type": "Nested Loop","Parent Relationship": "Outer","Parallel Aware": false,"Async Capable": false,"Join Type": "Inner","Startup Cost": 1250.87,"Total Cost": 147378.76,"Plan Rows": 1,"Plan Width": 26,"Actual Startup Time": 5.656,"Actual Total Time": 499.948,"Actual Rows": 3697,"Actual Loops": 1,"Inner Unique": true,"Plans": [{"Node Type": "Nested Loop","Parent Relationship": "Outer","Parallel Aware": false,"Async Capable": false,"Join Type": "Semi","Startup Cost": 1250.44,"Total Cost": 147378.26,"Plan Rows": 1,"Plan Width": 34,"Actual Startup Time": 5.611,"Actual Total Time": 438.655,"Actual Rows": 7589,"Actual Loops": 1,"Inner Unique": false,"Plans": [{"Node Type": "Gather","Parent Relationship": "Outer","Parallel Aware": false,"Async Capable": false,"Startup Cost": 1250.01,"Total Cost": 147377.22,"Plan Rows": 1,"Plan Width": 34,"Actual Startup Time": 4.591,"Actual Total Time": 336.749,"Actual Rows": 12677,"Actual Loops": 1,"Workers Planned": 4,"Workers Launched": 4,"Single Copy": false,"Plans": [{"Node Type": "Nested Loop","Parent Relationship": "Outer","Parallel Aware": false,"Async Capable": false,"Join Type": "Anti","Startup Cost": 250.01,"Total Cost": 146377.12,"Plan Rows": 1,"Plan Width": 34,"Actual Startup Time": 5.313,"Actual Total Time": 436.446,"Actual Rows": 2535,"Actual Loops": 5,"Inner Unique": false,"Workers": [],"Plans": [{"Node Type": "Hash Join","Parent Relationship": "Outer","Parallel Aware": false,"Async Capable": false,"Join Type": "Inner","Startup Cost": 249.58,"Total Cost": 133581.65,"Plan Rows": 19990,"Plan Width": 34,"Actual Startup Time": 5.158,"Actual Total Time": 352.526,"Actual Rows": 28439,"Actual Loops": 5,"Inner Unique": false,"Hash Cond": "(l1.l_suppkey = supplier.s_suppkey)","Workers": [],"Plans": [{"Node Type": "Seq Scan","Parent Relationship": "Outer","Parallel Aware": true,"Async Capable": false,"Relation Name": "lineitem","Alias": "l1","Startup Cost": 0.00,"Total Cost": 131256.80,"Plan Rows": 500101,"Plan Width": 8,"Actual Startup Time": 0.028,"Actual Total Time": 300.563,"Actual Rows": 758659,"Actual Loops": 5,"Filter": "(l_receiptdate > l_commitdate)","Rows Removed by Filter": 441584,"Workers": []},{"Node Type": "Hash","Parent Relationship": "Inner","Parallel Aware": false,"Async Capable": false,"Startup Cost": 244.58,"Total Cost": 244.58,"Plan Rows": 400,"Plan Width": 30,"Actual Startup Time": 4.780,"Actual Total Time": 4.790,"Actual Rows": 376,"Actual Loops": 5,"Hash Buckets": 1024,"Original Hash Buckets": 1024,"Hash Batches": 1,"Original Hash Batches": 1,"Peak Memory Usage": 32,"Workers": [],"Plans": [{"Node Type": "Nested Loop","Parent Relationship": "Outer","Parallel Aware": false,"Async Capable": false,"Join Type": "Inner","Startup Cost": 7.38,"Total Cost": 244.58,"Plan Rows": 400,"Plan Width": 30,"Actual Startup Time": 0.359,"Actual Total Time": 4.625,"Actual Rows": 376,"Actual Loops": 5,"Inner Unique": false,"Workers": [],"Plans": [{"Node Type": "Seq Scan","Parent Relationship": "Outer","Parallel Aware": false,"Async Capable": false,"Relation Name": "nation","Alias": "nation","Startup Cost": 0.00,"Total Cost": 1.31,"Plan Rows": 1,"Plan Width": 4,"Actual Startup Time": 0.066,"Actual Total Time": 0.070,"Actual Rows": 1,"Actual Loops": 5,"Filter": "(n_name = 'KENYA'::bpchar)","Rows Removed by Filter": 24,"Workers": []},{"Node Type": "Bitmap Heap Scan","Parent Relationship": "Inner","Parallel Aware": false,"Async Capable": false,"Relation Name": "supplier","Alias": "supplier","Startup Cost": 7.38,"Total Cost": 239.27,"Plan Rows": 400,"Plan Width": 34,"Actual Startup Time": 0.287,"Actual Total Time": 4.480,"Actual Rows": 376,"Actual Loops": 5,"Recheck Cond": "(s_nationkey = nation.n_nationkey)","Rows Removed by Index Recheck": 0,"Exact Heap Blocks": 179,"Lossy Heap Blocks": 0,"Workers": [],"Plans": [{"Node Type": "Bitmap Index Scan","Parent Relationship": "Outer","Parallel Aware": false,"Async Capable": false,"Index Name": "idx_supplier_nation_key","Startup Cost": 0.00,"Total Cost": 7.29,"Plan Rows": 400,"Plan Width": 0,"Actual Startup Time": 0.181,"Actual Total Time": 0.182,"Actual Rows": 376,"Actual Loops": 5,"Index Cond": "(s_nationkey = nation.n_nationkey)","Workers": []}]}]}]}]},{"Node Type": "Index Scan","Parent Relationship": "Inner","Parallel Aware": false,"Async Capable": false,"Scan Direction": "Forward","Index Name": "idx_lineitem_orderkey","Relation Name": "lineitem","Alias": "l3","Startup Cost": 0.43,"Total Cost": 1.06,"Plan Rows": 6,"Plan Width": 8,"Actual Startup Time": 0.003,"Actual Total Time": 0.003,"Actual Rows": 1,"Actual Loops": 142196,"Index Cond": "(l_orderkey = l1.l_orderkey)","Rows Removed by Index Recheck": 0,"Filter": "((l_receiptdate > l_commitdate) AND (l_suppkey <> l1.l_suppkey))","Rows Removed by Filter": 1,"Workers": []}]}]},{"Node Type": "Index Scan","Parent Relationship": "Inner","Parallel Aware": false,"Async Capable": false,"Scan Direction": "Forward","Index Name": "idx_lineitem_orderkey","Relation Name": "lineitem","Alias": "l2","Startup Cost": 0.43,"Total Cost": 1.02,"Plan Rows": 17,"Plan Width": 8,"Actual Startup Time": 0.008,"Actual Total Time": 0.008,"Actual Rows": 1,"Actual Loops": 12677,"Index Cond": "(l_orderkey = l1.l_orderkey)","Rows Removed by Index Recheck": 0,"Filter": "(l_suppkey <> l1.l_suppkey)","Rows Removed by Filter": 1}]},{"Node Type": "Index Scan","Parent Relationship": "Inner","Parallel Aware": false,"Async Capable": false,"Scan Direction": "Forward","Index Name": "orders_pkey","Relation Name": "orders","Alias": "orders","Startup Cost": 0.43,"Total Cost": 0.51,"Plan Rows": 1,"Plan Width": 4,"Actual Startup Time": 0.008,"Actual Total Time": 0.008,"Actual Rows": 0,"Actual Loops": 7589,"Index Cond": "(o_orderkey = l1.l_orderkey)","Rows Removed by Index Recheck": 0,"Filter": "(o_orderstatus = 'F'::bpchar)","Rows Removed by Filter": 1}]}]}]}]},"Planning Time": 8.298,"Triggers": [],"Execution Time": 512.274}]
[{"Plan": {"Node Type": "Sort","Parallel Aware": false,"Async Capable": false,"Startup Cost": 147378.80,"Total Cost": 147378.81,"Plan Rows": 1,"Plan Width": 34,"Actual Startup Time": 484.568,"Actual Total Time": 505.980,"Actual Rows": 362,"Actual Loops": 1,"Sort Key": ["(count(*)) DESC", "supplier.s_name"],"Sort Method": "quicksort","Sort Space Used": 53,"Sort Space Type": "Memory","Plans": [{"Node Type": "Aggregate","Strategy": "Sorted","Partial Mode": "Simple","Parent Relationship": "Outer","Parallel Aware": false,"Async Capable": false,"Startup Cost": 147378.77,"Total Cost": 147378.79,"Plan Rows": 1,"Plan Width": 34,"Actual Startup Time": 483.467,"Actual Total Time": 505.326,"Actual Rows": 362,"Actual Loops": 1,"Group Key": ["supplier.s_name"],"Plans": [{"Node Type": "Sort","Parent Relationship": "Outer","Parallel Aware": false,"Async Capable": false,"Startup Cost": 147378.77,"Total Cost": 147378.78,"Plan Rows": 1,"Plan Width": 26,"Actual Startup Time": 483.448,"Actual Total Time": 504.962,"Actual Rows": 3454,"Actual Loops": 1,"Sort Key": ["supplier.s_name"],"Sort Method": "quicksort","Sort Space Used": 339,"Sort Space Type": "Memory","Plans": [{"Node Type": "Nested Loop","Parent Relationship": "Outer","Parallel Aware": false,"Async Capable": false,"Join Type": "Inner","Startup Cost": 1250.87,"Total Cost": 147378.76,"Plan Rows": 1,"Plan Width": 26,"Actual Startup Time": 4.046,"Actual Total Time": 494.960,"Actual Rows": 3454,"Actual Loops": 1,"Inner Unique": true,"Plans": [{"Node Type": "Nested Loop","Parent Relationship": "Outer","Parallel Aware": false,"Async Capable": false,"Join Type": "Semi","Startup Cost": 1250.44,"Total Cost": 147378.26,"Plan Rows": 1,"Plan Width": 34,"Actual Startup Time": 3.697,"Actual Total Time": 437.513,"Actual Rows": 7167,"Actual Loops": 1,"Inner Unique": false,"Plans": [{"Node Type": "Gather","Parent Relationship": "Outer","Parallel Aware": false,"Async Capable": false,"Startup Cost": 1250.01,"Total Cost": 147377.22,"Plan Rows": 1,"Plan Width": 34,"Actual Startup Time": 3.682,"Actual Total Time": 337.976,"Actual Rows": 12136,"Actual Loops": 1,"Workers Planned": 4,"Workers Launched": 4,"Single Copy": false,"Plans": [{"Node Type": "Nested Loop","Parent Relationship": "Outer","Parallel Aware": false,"Async Capable": false,"Join Type": "Anti","Startup Cost": 250.01,"Total Cost": 146377.12,"Plan Rows": 1,"Plan Width": 34,"Actual Startup Time": 4.367,"Actual Total Time": 431.433,"Actual Rows": 2427,"Actual Loops": 5,"Inner Unique": false,"Workers": [],"Plans": [{"Node Type": "Hash Join","Parent Relationship": "Outer","Parallel Aware": false,"Async Capable": false,"Join Type": "Inner","Startup Cost": 249.58,"Total Cost": 133581.65,"Plan Rows": 19990,"Plan Width": 34,"Actual Startup Time": 4.181,"Actual Total Time": 349.984,"Actual Rows": 27450,"Actual Loops": 5,"Inner Unique": false,"Hash Cond": "(l1.l_suppkey = supplier.s_suppkey)","Workers": [],"Plans": [{"Node Type": "Seq Scan","Parent Relationship": "Outer","Parallel Aware": true,"Async Capable": false,"Relation Name": "lineitem","Alias": "l1","Startup Cost": 0.00,"Total Cost": 131256.80,"Plan Rows": 500101,"Plan Width": 8,"Actual Startup Time": 0.027,"Actual Total Time": 299.399,"Actual Rows": 758659,"Actual Loops": 5,"Filter": "(l_receiptdate > l_commitdate)","Rows Removed by Filter": 441584,"Workers": []},{"Node Type": "Hash","Parent Relationship": "Inner","Parallel Aware": false,"Async Capable": false,"Startup Cost": 244.58,"Total Cost": 244.58,"Plan Rows": 400,"Plan Width": 30,"Actual Startup Time": 3.849,"Actual Total Time": 3.862,"Actual Rows": 362,"Actual Loops": 5,"Hash Buckets": 1024,"Original Hash Buckets": 1024,"Hash Batches": 1,"Original Hash Batches": 1,"Peak Memory Usage": 31,"Workers": [],"Plans": [{"Node Type": "Nested Loop","Parent Relationship": "Outer","Parallel Aware": false,"Async Capable": false,"Join Type": "Inner","Startup Cost": 7.38,"Total Cost": 244.58,"Plan Rows": 400,"Plan Width": 30,"Actual Startup Time": 0.339,"Actual Total Time": 3.727,"Actual Rows": 362,"Actual Loops": 5,"Inner Unique": false,"Workers": [],"Plans": [{"Node Type": "Seq Scan","Parent Relationship": "Outer","Parallel Aware": false,"Async Capable": false,"Relation Name": "nation","Alias": "nation","Startup Cost": 0.00,"Total Cost": 1.31,"Plan Rows": 1,"Plan Width": 4,"Actual Startup Time": 0.061,"Actual Total Time": 0.064,"Actual Rows": 1,"Actual Loops": 5,"Filter": "(n_name = 'JORDAN'::bpchar)","Rows Removed by Filter": 24,"Workers": []},{"Node Type": "Bitmap Heap Scan","Parent Relationship": "Inner","Parallel Aware": false,"Async Capable": false,"Relation Name": "supplier","Alias": "supplier","Startup Cost": 7.38,"Total Cost": 239.27,"Plan Rows": 400,"Plan Width": 34,"Actual Startup Time": 0.272,"Actual Total Time": 3.601,"Actual Rows": 362,"Actual Loops": 5,"Recheck Cond": "(s_nationkey = nation.n_nationkey)","Rows Removed by Index Recheck": 0,"Exact Heap Blocks": 166,"Lossy Heap Blocks": 0,"Workers": [],"Plans": [{"Node Type": "Bitmap Index Scan","Parent Relationship": "Outer","Parallel Aware": false,"Async Capable": false,"Index Name": "idx_supplier_nation_key","Startup Cost": 0.00,"Total Cost": 7.29,"Plan Rows": 400,"Plan Width": 0,"Actual Startup Time": 0.176,"Actual Total Time": 0.178,"Actual Rows": 362,"Actual Loops": 5,"Index Cond": "(s_nationkey = nation.n_nationkey)","Workers": []}]}]}]}]},{"Node Type": "Index Scan","Parent Relationship": "Inner","Parallel Aware": false,"Async Capable": false,"Scan Direction": "Forward","Index Name": "idx_lineitem_orderkey","Relation Name": "lineitem","Alias": "l3","Startup Cost": 0.43,"Total Cost": 1.06,"Plan Rows": 6,"Plan Width": 8,"Actual Startup Time": 0.003,"Actual Total Time": 0.003,"Actual Rows": 1,"Actual Loops": 137252,"Index Cond": "(l_orderkey = l1.l_orderkey)","Rows Removed by Index Recheck": 0,"Filter": "((l_receiptdate > l_commitdate) AND (l_suppkey <> l1.l_suppkey))","Rows Removed by Filter": 1,"Workers": []}]}]},{"Node Type": "Index Scan","Parent Relationship": "Inner","Parallel Aware": false,"Async Capable": false,"Scan Direction": "Forward","Index Name": "idx_lineitem_orderkey","Relation Name": "lineitem","Alias": "l2","Startup Cost": 0.43,"Total Cost": 1.02,"Plan Rows": 17,"Plan Width": 8,"Actual Startup Time": 0.008,"Actual Total Time": 0.008,"Actual Rows": 1,"Actual Loops": 12136,"Index Cond": "(l_orderkey = l1.l_orderkey)","Rows Removed by Index Recheck": 0,"Filter": "(l_suppkey <> l1.l_suppkey)","Rows Removed by Filter": 1}]},{"Node Type": "Index Scan","Parent Relationship": "Inner","Parallel Aware": false,"Async Capable": false,"Scan Direction": "Forward","Index Name": "orders_pkey","Relation Name": "orders","Alias": "orders","Startup Cost": 0.43,"Total Cost": 0.51,"Plan Rows": 1,"Plan Width": 4,"Actual Startup Time": 0.008,"Actual Total Time": 0.008,"Actual Rows": 0,"Actual Loops": 7167,"Index Cond": "(o_orderkey = l1.l_orderkey)","Rows Removed by Index Recheck": 0,"Filter": "(o_orderstatus = 'F'::bpchar)","Rows Removed by Filter": 1}]}]}]}]},"Planning Time": 8.148,"Triggers": [],"Execution Time": 506.532}]
[{"Plan": {"Node Type": "Sort","Parallel Aware": false,"Async Capable": false,"Startup Cost": 147378.80,"Total Cost": 147378.81,"Plan Rows": 1,"Plan Width": 34,"Actual Startup Time": 491.039,"Actual Total Time": 509.746,"Actual Rows": 373,"Actual Loops": 1,"Sort Key": ["(count(*)) DESC", "supplier.s_name"],"Sort Method": "quicksort","Sort Space Used": 54,"Sort Space Type": "Memory","Plans": [{"Node Type": "Aggregate","Strategy": "Sorted","Partial Mode": "Simple","Parent Relationship": "Outer","Parallel Aware": false,"Async Capable": false,"Startup Cost": 147378.77,"Total Cost": 147378.79,"Plan Rows": 1,"Plan Width": 34,"Actual Startup Time": 489.852,"Actual Total Time": 509.039,"Actual Rows": 373,"Actual Loops": 1,"Group Key": ["supplier.s_name"],"Plans": [{"Node Type": "Sort","Parent Relationship": "Outer","Parallel Aware": false,"Async Capable": false,"Startup Cost": 147378.77,"Total Cost": 147378.78,"Plan Rows": 1,"Plan Width": 26,"Actual Startup Time": 489.818,"Actual Total Time": 508.641,"Actual Rows": 3775,"Actual Loops": 1,"Sort Key": ["supplier.s_name"],"Sort Method": "quicksort","Sort Space Used": 362,"Sort Space Type": "Memory","Plans": [{"Node Type": "Nested Loop","Parent Relationship": "Outer","Parallel Aware": false,"Async Capable": false,"Join Type": "Inner","Startup Cost": 1250.87,"Total Cost": 147378.76,"Plan Rows": 1,"Plan Width": 26,"Actual Startup Time": 4.604,"Actual Total Time": 497.627,"Actual Rows": 3775,"Actual Loops": 1,"Inner Unique": true,"Plans": [{"Node Type": "Nested Loop","Parent Relationship": "Outer","Parallel Aware": false,"Async Capable": false,"Join Type": "Semi","Startup Cost": 1250.44,"Total Cost": 147378.26,"Plan Rows": 1,"Plan Width": 34,"Actual Startup Time": 4.579,"Actual Total Time": 434.821,"Actual Rows": 7601,"Actual Loops": 1,"Inner Unique": false,"Plans": [{"Node Type": "Gather","Parent Relationship": "Outer","Parallel Aware": false,"Async Capable": false,"Startup Cost": 1250.01,"Total Cost": 147377.22,"Plan Rows": 1,"Plan Width": 34,"Actual Startup Time": 4.564,"Actual Total Time": 332.092,"Actual Rows": 12602,"Actual Loops": 1,"Workers Planned": 4,"Workers Launched": 4,"Single Copy": false,"Plans": [{"Node Type": "Nested Loop","Parent Relationship": "Outer","Parallel Aware": false,"Async Capable": false,"Join Type": "Anti","Startup Cost": 250.01,"Total Cost": 146377.12,"Plan Rows": 1,"Plan Width": 34,"Actual Startup Time": 4.313,"Actual Total Time": 433.903,"Actual Rows": 2520,"Actual Loops": 5,"Inner Unique": false,"Workers": [],"Plans": [{"Node Type": "Hash Join","Parent Relationship": "Outer","Parallel Aware": false,"Async Capable": false,"Join Type": "Inner","Startup Cost": 249.58,"Total Cost": 133581.65,"Plan Rows": 19990,"Plan Width": 34,"Actual Startup Time": 3.915,"Actual Total Time": 349.840,"Actual Rows": 28289,"Actual Loops": 5,"Inner Unique": false,"Hash Cond": "(l1.l_suppkey = supplier.s_suppkey)","Workers": [],"Plans": [{"Node Type": "Seq Scan","Parent Relationship": "Outer","Parallel Aware": true,"Async Capable": false,"Relation Name": "lineitem","Alias": "l1","Startup Cost": 0.00,"Total Cost": 131256.80,"Plan Rows": 500101,"Plan Width": 8,"Actual Startup Time": 0.025,"Actual Total Time": 300.593,"Actual Rows": 758659,"Actual Loops": 5,"Filter": "(l_receiptdate > l_commitdate)","Rows Removed by Filter": 441584,"Workers": []},{"Node Type": "Hash","Parent Relationship": "Inner","Parallel Aware": false,"Async Capable": false,"Startup Cost": 244.58,"Total Cost": 244.58,"Plan Rows": 400,"Plan Width": 30,"Actual Startup Time": 3.661,"Actual Total Time": 3.675,"Actual Rows": 373,"Actual Loops": 5,"Hash Buckets": 1024,"Original Hash Buckets": 1024,"Hash Batches": 1,"Original Hash Batches": 1,"Peak Memory Usage": 32,"Workers": [],"Plans": [{"Node Type": "Nested Loop","Parent Relationship": "Outer","Parallel Aware": false,"Async Capable": false,"Join Type": "Inner","Startup Cost": 7.38,"Total Cost": 244.58,"Plan Rows": 400,"Plan Width": 30,"Actual Startup Time": 0.231,"Actual Total Time": 3.539,"Actual Rows": 373,"Actual Loops": 5,"Inner Unique": false,"Workers": [],"Plans": [{"Node Type": "Seq Scan","Parent Relationship": "Outer","Parallel Aware": false,"Async Capable": false,"Relation Name": "nation","Alias": "nation","Startup Cost": 0.00,"Total Cost": 1.31,"Plan Rows": 1,"Plan Width": 4,"Actual Startup Time": 0.052,"Actual Total Time": 0.058,"Actual Rows": 1,"Actual Loops": 5,"Filter": "(n_name = 'MOROCCO'::bpchar)","Rows Removed by Filter": 24,"Workers": []},{"Node Type": "Bitmap Heap Scan","Parent Relationship": "Inner","Parallel Aware": false,"Async Capable": false,"Relation Name": "supplier","Alias": "supplier","Startup Cost": 7.38,"Total Cost": 239.27,"Plan Rows": 400,"Plan Width": 34,"Actual Startup Time": 0.174,"Actual Total Time": 3.419,"Actual Rows": 373,"Actual Loops": 5,"Recheck Cond": "(s_nationkey = nation.n_nationkey)","Rows Removed by Index Recheck": 0,"Exact Heap Blocks": 180,"Lossy Heap Blocks": 0,"Workers": [],"Plans": [{"Node Type": "Bitmap Index Scan","Parent Relationship": "Outer","Parallel Aware": false,"Async Capable": false,"Index Name": "idx_supplier_nation_key","Startup Cost": 0.00,"Total Cost": 7.29,"Plan Rows": 400,"Plan Width": 0,"Actual Startup Time": 0.112,"Actual Total Time": 0.115,"Actual Rows": 373,"Actual Loops": 5,"Index Cond": "(s_nationkey = nation.n_nationkey)","Workers": []}]}]}]}]},{"Node Type": "Index Scan","Parent Relationship": "Inner","Parallel Aware": false,"Async Capable": false,"Scan Direction": "Forward","Index Name": "idx_lineitem_orderkey","Relation Name": "lineitem","Alias": "l3","Startup Cost": 0.43,"Total Cost": 1.06,"Plan Rows": 6,"Plan Width": 8,"Actual Startup Time": 0.003,"Actual Total Time": 0.003,"Actual Rows": 1,"Actual Loops": 141445,"Index Cond": "(l_orderkey = l1.l_orderkey)","Rows Removed by Index Recheck": 0,"Filter": "((l_receiptdate > l_commitdate) AND (l_suppkey <> l1.l_suppkey))","Rows Removed by Filter": 1,"Workers": []}]}]},{"Node Type": "Index Scan","Parent Relationship": "Inner","Parallel Aware": false,"Async Capable": false,"Scan Direction": "Forward","Index Name": "idx_lineitem_orderkey","Relation Name": "lineitem","Alias": "l2","Startup Cost": 0.43,"Total Cost": 1.02,"Plan Rows": 17,"Plan Width": 8,"Actual Startup Time": 0.008,"Actual Total Time": 0.008,"Actual Rows": 1,"Actual Loops": 12602,"Index Cond": "(l_orderkey = l1.l_orderkey)","Rows Removed by Index Recheck": 0,"Filter": "(l_suppkey <> l1.l_suppkey)","Rows Removed by Filter": 1}]},{"Node Type": "Index Scan","Parent Relationship": "Inner","Parallel Aware": false,"Async Capable": false,"Scan Direction": "Forward","Index Name": "orders_pkey","Relation Name": "orders","Alias": "orders","Startup Cost": 0.43,"Total Cost": 0.51,"Plan Rows": 1,"Plan Width": 4,"Actual Startup Time": 0.008,"Actual Total Time": 0.008,"Actual Rows": 0,"Actual Loops": 7601,"Index Cond": "(o_orderkey = l1.l_orderkey)","Rows Removed by Index Recheck": 0,"Filter": "(o_orderstatus = 'F'::bpchar)","Rows Removed by Filter": 1}]}]}]}]},"Planning Time": 9.187,"Triggers": [],"Execution Time": 510.411}]
[{"Plan": {"Node Type": "Sort","Parallel Aware": false,"Async Capable": false,"Startup Cost": 147378.80,"Total Cost": 147378.81,"Plan Rows": 1,"Plan Width": 34,"Actual Startup Time": 502.540,"Actual Total Time": 523.684,"Actual Rows": 401,"Actual Loops": 1,"Sort Key": ["(count(*)) DESC", "supplier.s_name"],"Sort Method": "quicksort","Sort Space Used": 56,"Sort Space Type": "Memory","Plans": [{"Node Type": "Aggregate","Strategy": "Sorted","Partial Mode": "Simple","Parent Relationship": "Outer","Parallel Aware": false,"Async Capable": false,"Startup Cost": 147378.77,"Total Cost": 147378.79,"Plan Rows": 1,"Plan Width": 34,"Actual Startup Time": 501.310,"Actual Total Time": 522.965,"Actual Rows": 401,"Actual Loops": 1,"Group Key": ["supplier.s_name"],"Plans": [{"Node Type": "Sort","Parent Relationship": "Outer","Parallel Aware": false,"Async Capable": false,"Startup Cost": 147378.77,"Total Cost": 147378.78,"Plan Rows": 1,"Plan Width": 26,"Actual Startup Time": 501.284,"Actual Total Time": 522.551,"Actual Rows": 3970,"Actual Loops": 1,"Sort Key": ["supplier.s_name"],"Sort Method": "quicksort","Sort Space Used": 376,"Sort Space Type": "Memory","Plans": [{"Node Type": "Nested Loop","Parent Relationship": "Outer","Parallel Aware": false,"Async Capable": false,"Join Type": "Inner","Startup Cost": 1250.87,"Total Cost": 147378.76,"Plan Rows": 1,"Plan Width": 26,"Actual Startup Time": 5.240,"Actual Total Time": 512.097,"Actual Rows": 3970,"Actual Loops": 1,"Inner Unique": true,"Plans": [{"Node Type": "Nested Loop","Parent Relationship": "Outer","Parallel Aware": false,"Async Capable": false,"Join Type": "Semi","Startup Cost": 1250.44,"Total Cost": 147378.26,"Plan Rows": 1,"Plan Width": 34,"Actual Startup Time": 4.627,"Actual Total Time": 451.513,"Actual Rows": 8097,"Actual Loops": 1,"Inner Unique": false,"Plans": [{"Node Type": "Gather","Parent Relationship": "Outer","Parallel Aware": false,"Async Capable": false,"Startup Cost": 1250.01,"Total Cost": 147377.22,"Plan Rows": 1,"Plan Width": 34,"Actual Startup Time": 4.615,"Actual Total Time": 347.691,"Actual Rows": 13583,"Actual Loops": 1,"Workers Planned": 4,"Workers Launched": 4,"Single Copy": false,"Plans": [{"Node Type": "Nested Loop","Parent Relationship": "Outer","Parallel Aware": false,"Async Capable": false,"Join Type": "Anti","Startup Cost": 250.01,"Total Cost": 146377.12,"Plan Rows": 1,"Plan Width": 34,"Actual Startup Time": 4.828,"Actual Total Time": 446.701,"Actual Rows": 2717,"Actual Loops": 5,"Inner Unique": false,"Workers": [],"Plans": [{"Node Type": "Hash Join","Parent Relationship": "Outer","Parallel Aware": false,"Async Capable": false,"Join Type": "Inner","Startup Cost": 249.58,"Total Cost": 133581.65,"Plan Rows": 19990,"Plan Width": 34,"Actual Startup Time": 4.456,"Actual Total Time": 356.594,"Actual Rows": 30499,"Actual Loops": 5,"Inner Unique": false,"Hash Cond": "(l1.l_suppkey = supplier.s_suppkey)","Workers": [],"Plans": [{"Node Type": "Seq Scan","Parent Relationship": "Outer","Parallel Aware": true,"Async Capable": false,"Relation Name": "lineitem","Alias": "l1","Startup Cost": 0.00,"Total Cost": 131256.80,"Plan Rows": 500101,"Plan Width": 8,"Actual Startup Time": 0.022,"Actual Total Time": 305.978,"Actual Rows": 758659,"Actual Loops": 5,"Filter": "(l_receiptdate > l_commitdate)","Rows Removed by Filter": 441584,"Workers": []},{"Node Type": "Hash","Parent Relationship": "Inner","Parallel Aware": false,"Async Capable": false,"Startup Cost": 244.58,"Total Cost": 244.58,"Plan Rows": 400,"Plan Width": 30,"Actual Startup Time": 4.157,"Actual Total Time": 4.168,"Actual Rows": 401,"Actual Loops": 5,"Hash Buckets": 1024,"Original Hash Buckets": 1024,"Hash Batches": 1,"Original Hash Batches": 1,"Peak Memory Usage": 34,"Workers": [],"Plans": [{"Node Type": "Nested Loop","Parent Relationship": "Outer","Parallel Aware": false,"Async Capable": false,"Join Type": "Inner","Startup Cost": 7.38,"Total Cost": 244.58,"Plan Rows": 400,"Plan Width": 30,"Actual Startup Time": 0.269,"Actual Total Time": 4.009,"Actual Rows": 401,"Actual Loops": 5,"Inner Unique": false,"Workers": [],"Plans": [{"Node Type": "Seq Scan","Parent Relationship": "Outer","Parallel Aware": false,"Async Capable": false,"Relation Name": "nation","Alias": "nation","Startup Cost": 0.00,"Total Cost": 1.31,"Plan Rows": 1,"Plan Width": 4,"Actual Startup Time": 0.053,"Actual Total Time": 0.057,"Actual Rows": 1,"Actual Loops": 5,"Filter": "(n_name = 'RUSSIA'::bpchar)","Rows Removed by Filter": 24,"Workers": []},{"Node Type": "Bitmap Heap Scan","Parent Relationship": "Inner","Parallel Aware": false,"Async Capable": false,"Relation Name": "supplier","Alias": "supplier","Startup Cost": 7.38,"Total Cost": 239.27,"Plan Rows": 400,"Plan Width": 34,"Actual Startup Time": 0.210,"Actual Total Time": 3.875,"Actual Rows": 401,"Actual Loops": 5,"Recheck Cond": "(s_nationkey = nation.n_nationkey)","Rows Removed by Index Recheck": 0,"Exact Heap Blocks": 180,"Lossy Heap Blocks": 0,"Workers": [],"Plans": [{"Node Type": "Bitmap Index Scan","Parent Relationship": "Outer","Parallel Aware": false,"Async Capable": false,"Index Name": "idx_supplier_nation_key","Startup Cost": 0.00,"Total Cost": 7.29,"Plan Rows": 400,"Plan Width": 0,"Actual Startup Time": 0.139,"Actual Total Time": 0.140,"Actual Rows": 401,"Actual Loops": 5,"Index Cond": "(s_nationkey = nation.n_nationkey)","Workers": []}]}]}]}]},{"Node Type": "Index Scan","Parent Relationship": "Inner","Parallel Aware": false,"Async Capable": false,"Scan Direction": "Forward","Index Name": "idx_lineitem_orderkey","Relation Name": "lineitem","Alias": "l3","Startup Cost": 0.43,"Total Cost": 1.06,"Plan Rows": 6,"Plan Width": 8,"Actual Startup Time": 0.003,"Actual Total Time": 0.003,"Actual Rows": 1,"Actual Loops": 152495,"Index Cond": "(l_orderkey = l1.l_orderkey)","Rows Removed by Index Recheck": 0,"Filter": "((l_receiptdate > l_commitdate) AND (l_suppkey <> l1.l_suppkey))","Rows Removed by Filter": 1,"Workers": []}]}]},{"Node Type": "Index Scan","Parent Relationship": "Inner","Parallel Aware": false,"Async Capable": false,"Scan Direction": "Forward","Index Name": "idx_lineitem_orderkey","Relation Name": "lineitem","Alias": "l2","Startup Cost": 0.43,"Total Cost": 1.02,"Plan Rows": 17,"Plan Width": 8,"Actual Startup Time": 0.007,"Actual Total Time": 0.007,"Actual Rows": 1,"Actual Loops": 13583,"Index Cond": "(l_orderkey = l1.l_orderkey)","Rows Removed by Index Recheck": 0,"Filter": "(l_suppkey <> l1.l_suppkey)","Rows Removed by Filter": 1}]},{"Node Type": "Index Scan","Parent Relationship": "Inner","Parallel Aware": false,"Async Capable": false,"Scan Direction": "Forward","Index Name": "orders_pkey","Relation Name": "orders","Alias": "orders","Startup Cost": 0.43,"Total Cost": 0.51,"Plan Rows": 1,"Plan Width": 4,"Actual Startup Time": 0.007,"Actual Total Time": 0.007,"Actual Rows": 0,"Actual Loops": 8097,"Index Cond": "(o_orderkey = l1.l_orderkey)","Rows Removed by Index Recheck": 0,"Filter": "(o_orderstatus = 'F'::bpchar)","Rows Removed by Filter": 1}]}]}]}]},"Planning Time": 9.437,"Triggers": [],"Execution Time": 524.297}]
[{"Plan": {"Node Type": "Sort","Parallel Aware": false,"Async Capable": false,"Startup Cost": 147378.80,"Total Cost": 147378.81,"Plan Rows": 1,"Plan Width": 34,"Actual Startup Time": 484.568,"Actual Total Time": 505.980,"Actual Rows": 362,"Actual Loops": 1,"Sort Key": ["(count(*)) DESC", "supplier.s_name"],"Sort Method": "quicksort","Sort Space Used": 53,"Sort Space Type": "Memory","Plans": [{"Node Type": "Aggregate","Strategy": "Sorted","Partial Mode": "Simple","Parent Relationship": "Outer","Parallel Aware": false,"Async Capable": false,"Startup Cost": 147378.77,"Total Cost": 147378.79,"Plan Rows": 1,"Plan Width": 34,"Actual Startup Time": 483.467,"Actual Total Time": 505.326,"Actual Rows": 362,"Actual Loops": 1,"Group Key": ["supplier.s_name"],"Plans": [{"Node Type": "Sort","Parent Relationship": "Outer","Parallel Aware": false,"Async Capable": false,"Startup Cost": 147378.77,"Total Cost": 147378.78,"Plan Rows": 1,"Plan Width": 26,"Actual Startup Time": 483.448,"Actual Total Time": 504.962,"Actual Rows": 3454,"Actual Loops": 1,"Sort Key": ["supplier.s_name"],"Sort Method": "quicksort","Sort Space Used": 339,"Sort Space Type": "Memory","Plans": [{"Node Type": "Nested Loop","Parent Relationship": "Outer","Parallel Aware": false,"Async Capable": false,"Join Type": "Inner","Startup Cost": 1250.87,"Total Cost": 147378.76,"Plan Rows": 1,"Plan Width": 26,"Actual Startup Time": 4.046,"Actual Total Time": 494.960,"Actual Rows": 3454,"Actual Loops": 1,"Inner Unique": true,"Plans": [{"Node Type": "Nested Loop","Parent Relationship": "Outer","Parallel Aware": false,"Async Capable": false,"Join Type": "Semi","Startup Cost": 1250.44,"Total Cost": 147378.26,"Plan Rows": 1,"Plan Width": 34,"Actual Startup Time": 3.697,"Actual Total Time": 437.513,"Actual Rows": 7167,"Actual Loops": 1,"Inner Unique": false,"Plans": [{"Node Type": "Gather","Parent Relationship": "Outer","Parallel Aware": false,"Async Capable": false,"Startup Cost": 1250.01,"Total Cost": 147377.22,"Plan Rows": 1,"Plan Width": 34,"Actual Startup Time": 3.682,"Actual Total Time": 337.976,"Actual Rows": 12136,"Actual Loops": 1,"Workers Planned": 4,"Workers Launched": 4,"Single Copy": false,"Plans": [{"Node Type": "Nested Loop","Parent Relationship": "Outer","Parallel Aware": false,"Async Capable": false,"Join Type": "Anti","Startup Cost": 250.01,"Total Cost": 146377.12,"Plan Rows": 1,"Plan Width": 34,"Actual Startup Time": 4.367,"Actual Total Time": 431.433,"Actual Rows": 2427,"Actual Loops": 5,"Inner Unique": false,"Workers": [],"Plans": [{"Node Type": "Hash Join","Parent Relationship": "Outer","Parallel Aware": false,"Async Capable": false,"Join Type": "Inner","Startup Cost": 249.58,"Total Cost": 133581.65,"Plan Rows": 19990,"Plan Width": 34,"Actual Startup Time": 4.181,"Actual Total Time": 349.984,"Actual Rows": 27450,"Actual Loops": 5,"Inner Unique": false,"Hash Cond": "(l1.l_suppkey = supplier.s_suppkey)","Workers": [],"Plans": [{"Node Type": "Seq Scan","Parent Relationship": "Outer","Parallel Aware": true,"Async Capable": false,"Relation Name": "lineitem","Alias": "l1","Startup Cost": 0.00,"Total Cost": 131256.80,"Plan Rows": 500101,"Plan Width": 8,"Actual Startup Time": 0.027,"Actual Total Time": 299.399,"Actual Rows": 758659,"Actual Loops": 5,"Filter": "(l_receiptdate > l_commitdate)","Rows Removed by Filter": 441584,"Workers": []},{"Node Type": "Hash","Parent Relationship": "Inner","Parallel Aware": false,"Async Capable": false,"Startup Cost": 244.58,"Total Cost": 244.58,"Plan Rows": 400,"Plan Width": 30,"Actual Startup Time": 3.849,"Actual Total Time": 3.862,"Actual Rows": 362,"Actual Loops": 5,"Hash Buckets": 1024,"Original Hash Buckets": 1024,"Hash Batches": 1,"Original Hash Batches": 1,"Peak Memory Usage": 31,"Workers": [],"Plans": [{"Node Type": "Nested Loop","Parent Relationship": "Outer","Parallel Aware": false,"Async Capable": false,"Join Type": "Inner","Startup Cost": 7.38,"Total Cost": 244.58,"Plan Rows": 400,"Plan Width": 30,"Actual Startup Time": 0.339,"Actual Total Time": 3.727,"Actual Rows": 362,"Actual Loops": 5,"Inner Unique": false,"Workers": [],"Plans": [{"Node Type": "Seq Scan","Parent Relationship": "Outer","Parallel Aware": false,"Async Capable": false,"Relation Name": "nation","Alias": "nation","Startup Cost": 0.00,"Total Cost": 1.31,"Plan Rows": 1,"Plan Width": 4,"Actual Startup Time": 0.061,"Actual Total Time": 0.064,"Actual Rows": 1,"Actual Loops": 5,"Filter": "(n_name = 'JORDAN'::bpchar)","Rows Removed by Filter": 24,"Workers": []},{"Node Type": "Bitmap Heap Scan","Parent Relationship": "Inner","Parallel Aware": false,"Async Capable": false,"Relation Name": "supplier","Alias": "supplier","Startup Cost": 7.38,"Total Cost": 239.27,"Plan Rows": 400,"Plan Width": 34,"Actual Startup Time": 0.272,"Actual Total Time": 3.601,"Actual Rows": 362,"Actual Loops": 5,"Recheck Cond": "(s_nationkey = nation.n_nationkey)","Rows Removed by Index Recheck": 0,"Exact Heap Blocks": 166,"Lossy Heap Blocks": 0,"Workers": [],"Plans": [{"Node Type": "Bitmap Index Scan","Parent Relationship": "Outer","Parallel Aware": false,"Async Capable": false,"Index Name": "idx_supplier_nation_key","Startup Cost": 0.00,"Total Cost": 7.29,"Plan Rows": 400,"Plan Width": 0,"Actual Startup Time": 0.176,"Actual Total Time": 0.178,"Actual Rows": 362,"Actual Loops": 5,"Index Cond": "(s_nationkey = nation.n_nationkey)","Workers": []}]}]}]}]},{"Node Type": "Index Scan","Parent Relationship": "Inner","Parallel Aware": false,"Async Capable": false,"Scan Direction": "Forward","Index Name": "idx_lineitem_orderkey","Relation Name": "lineitem","Alias": "l3","Startup Cost": 0.43,"Total Cost": 1.06,"Plan Rows": 6,"Plan Width": 8,"Actual Startup Time": 0.003,"Actual Total Time": 0.003,"Actual Rows": 1,"Actual Loops": 137252,"Index Cond": "(l_orderkey = l1.l_orderkey)","Rows Removed by Index Recheck": 0,"Filter": "((l_receiptdate > l_commitdate) AND (l_suppkey <> l1.l_suppkey))","Rows Removed by Filter": 1,"Workers": []}]}]},{"Node Type": "Index Scan","Parent Relationship": "Inner","Parallel Aware": false,"Async Capable": false,"Scan Direction": "Forward","Index Name": "idx_lineitem_orderkey","Relation Name": "lineitem","Alias": "l2","Startup Cost": 0.43,"Total Cost": 1.02,"Plan Rows": 17,"Plan Width": 8,"Actual Startup Time": 0.008,"Actual Total Time": 0.008,"Actual Rows": 1,"Actual Loops": 12136,"Index Cond": "(l_orderkey = l1.l_orderkey)","Rows Removed by Index Recheck": 0,"Filter": "(l_suppkey <> l1.l_suppkey)","Rows Removed by Filter": 1}]},{"Node Type": "Index Scan","Parent Relationship": "Inner","Parallel Aware": false,"Async Capable": false,"Scan Direction": "Forward","Index Name": "orders_pkey","Relation Name": "orders","Alias": "orders","Startup Cost": 0.43,"Total Cost": 0.51,"Plan Rows": 1,"Plan Width": 4,"Actual Startup Time": 0.008,"Actual Total Time": 0.008,"Actual Rows": 0,"Actual Loops": 7167,"Index Cond": "(o_orderkey = l1.l_orderkey)","Rows Removed by Index Recheck": 0,"Filter": "(o_orderstatus = 'F'::bpchar)","Rows Removed by Filter": 1}]}]}]}]},"Planning Time": 8.148,"Triggers": [],"Execution Time": 506.532}]
[{"Plan": {"Node Type": "Sort","Parallel Aware": false,"Async Capable": false,"Startup Cost": 147378.80,"Total Cost": 147378.81,"Plan Rows": 1,"Plan Width": 34,"Actual Startup Time": 505.815,"Actual Total Time": 525.309,"Actual Rows": 390,"Actual Loops": 1,"Sort Key": ["(count(*)) DESC", "supplier.s_name"],"Sort Method": "quicksort","Sort Space Used": 55,"Sort Space Type": "Memory","Plans": [{"Node Type": "Aggregate","Strategy": "Sorted","Partial Mode": "Simple","Parent Relationship": "Outer","Parallel Aware": false,"Async Capable": false,"Startup Cost": 147378.77,"Total Cost": 147378.79,"Plan Rows": 1,"Plan Width": 34,"Actual Startup Time": 504.634,"Actual Total Time": 524.620,"Actual Rows": 390,"Actual Loops": 1,"Group Key": ["supplier.s_name"],"Plans": [{"Node Type": "Sort","Parent Relationship": "Outer","Parallel Aware": false,"Async Capable": false,"Startup Cost": 147378.77,"Total Cost": 147378.78,"Plan Rows": 1,"Plan Width": 26,"Actual Startup Time": 504.612,"Actual Total Time": 524.224,"Actual Rows": 3844,"Actual Loops": 1,"Sort Key": ["supplier.s_name"],"Sort Method": "quicksort","Sort Space Used": 367,"Sort Space Type": "Memory","Plans": [{"Node Type": "Nested Loop","Parent Relationship": "Outer","Parallel Aware": false,"Async Capable": false,"Join Type": "Inner","Startup Cost": 1250.87,"Total Cost": 147378.76,"Plan Rows": 1,"Plan Width": 26,"Actual Startup Time": 4.787,"Actual Total Time": 512.994,"Actual Rows": 3844,"Actual Loops": 1,"Inner Unique": true,"Plans": [{"Node Type": "Nested Loop","Parent Relationship": "Outer","Parallel Aware": false,"Async Capable": false,"Join Type": "Semi","Startup Cost": 1250.44,"Total Cost": 147378.26,"Plan Rows": 1,"Plan Width": 34,"Actual Startup Time": 4.747,"Actual Total Time": 447.855,"Actual Rows": 7892,"Actual Loops": 1,"Inner Unique": false,"Plans": [{"Node Type": "Gather","Parent Relationship": "Outer","Parallel Aware": false,"Async Capable": false,"Startup Cost": 1250.01,"Total Cost": 147377.22,"Plan Rows": 1,"Plan Width": 34,"Actual Startup Time": 4.560,"Actual Total Time": 339.834,"Actual Rows": 13152,"Actual Loops": 1,"Workers Planned": 4,"Workers Launched": 4,"Single Copy": false,"Plans": [{"Node Type": "Nested Loop","Parent Relationship": "Outer","Parallel Aware": false,"Async Capable": false,"Join Type": "Anti","Startup Cost": 250.01,"Total Cost": 146377.12,"Plan Rows": 1,"Plan Width": 34,"Actual Startup Time": 5.683,"Actual Total Time": 445.299,"Actual Rows": 2630,"Actual Loops": 5,"Inner Unique": false,"Workers": [],"Plans": [{"Node Type": "Hash Join","Parent Relationship": "Outer","Parallel Aware": false,"Async Capable": false,"Join Type": "Inner","Startup Cost": 249.58,"Total Cost": 133581.65,"Plan Rows": 19990,"Plan Width": 34,"Actual Startup Time": 5.525,"Actual Total Time": 357.256,"Actual Rows": 29502,"Actual Loops": 5,"Inner Unique": false,"Hash Cond": "(l1.l_suppkey = supplier.s_suppkey)","Workers": [],"Plans": [{"Node Type": "Seq Scan","Parent Relationship": "Outer","Parallel Aware": true,"Async Capable": false,"Relation Name": "lineitem","Alias": "l1","Startup Cost": 0.00,"Total Cost": 131256.80,"Plan Rows": 500101,"Plan Width": 8,"Actual Startup Time": 0.033,"Actual Total Time": 305.756,"Actual Rows": 758659,"Actual Loops": 5,"Filter": "(l_receiptdate > l_commitdate)","Rows Removed by Filter": 441584,"Workers": []},{"Node Type": "Hash","Parent Relationship": "Inner","Parallel Aware": false,"Async Capable": false,"Startup Cost": 244.58,"Total Cost": 244.58,"Plan Rows": 400,"Plan Width": 30,"Actual Startup Time": 5.155,"Actual Total Time": 5.167,"Actual Rows": 390,"Actual Loops": 5,"Hash Buckets": 1024,"Original Hash Buckets": 1024,"Hash Batches": 1,"Original Hash Batches": 1,"Peak Memory Usage": 33,"Workers": [],"Plans": [{"Node Type": "Nested Loop","Parent Relationship": "Outer","Parallel Aware": false,"Async Capable": false,"Join Type": "Inner","Startup Cost": 7.38,"Total Cost": 244.58,"Plan Rows": 400,"Plan Width": 30,"Actual Startup Time": 0.295,"Actual Total Time": 4.960,"Actual Rows": 390,"Actual Loops": 5,"Inner Unique": false,"Workers": [],"Plans": [{"Node Type": "Seq Scan","Parent Relationship": "Outer","Parallel Aware": false,"Async Capable": false,"Relation Name": "nation","Alias": "nation","Startup Cost": 0.00,"Total Cost": 1.31,"Plan Rows": 1,"Plan Width": 4,"Actual Startup Time": 0.065,"Actual Total Time": 0.070,"Actual Rows": 1,"Actual Loops": 5,"Filter": "(n_name = 'UNITED KINGDOM'::bpchar)","Rows Removed by Filter": 24,"Workers": []},{"Node Type": "Bitmap Heap Scan","Parent Relationship": "Inner","Parallel Aware": false,"Async Capable": false,"Relation Name": "supplier","Alias": "supplier","Startup Cost": 7.38,"Total Cost": 239.27,"Plan Rows": 400,"Plan Width": 34,"Actual Startup Time": 0.224,"Actual Total Time": 4.798,"Actual Rows": 390,"Actual Loops": 5,"Recheck Cond": "(s_nationkey = nation.n_nationkey)","Rows Removed by Index Recheck": 0,"Exact Heap Blocks": 190,"Lossy Heap Blocks": 0,"Workers": [],"Plans": [{"Node Type": "Bitmap Index Scan","Parent Relationship": "Outer","Parallel Aware": false,"Async Capable": false,"Index Name": "idx_supplier_nation_key","Startup Cost": 0.00,"Total Cost": 7.29,"Plan Rows": 400,"Plan Width": 0,"Actual Startup Time": 0.138,"Actual Total Time": 0.139,"Actual Rows": 390,"Actual Loops": 5,"Index Cond": "(s_nationkey = nation.n_nationkey)","Workers": []}]}]}]}]},{"Node Type": "Index Scan","Parent Relationship": "Inner","Parallel Aware": false,"Async Capable": false,"Scan Direction": "Forward","Index Name": "idx_lineitem_orderkey","Relation Name": "lineitem","Alias": "l3","Startup Cost": 0.43,"Total Cost": 1.06,"Plan Rows": 6,"Plan Width": 8,"Actual Startup Time": 0.003,"Actual Total Time": 0.003,"Actual Rows": 1,"Actual Loops": 147510,"Index Cond": "(l_orderkey = l1.l_orderkey)","Rows Removed by Index Recheck": 0,"Filter": "((l_receiptdate > l_commitdate) AND (l_suppkey <> l1.l_suppkey))","Rows Removed by Filter": 1,"Workers": []}]}]},{"Node Type": "Index Scan","Parent Relationship": "Inner","Parallel Aware": false,"Async Capable": false,"Scan Direction": "Forward","Index Name": "idx_lineitem_orderkey","Relation Name": "lineitem","Alias": "l2","Startup Cost": 0.43,"Total Cost": 1.02,"Plan Rows": 17,"Plan Width": 8,"Actual Startup Time": 0.008,"Actual Total Time": 0.008,"Actual Rows": 1,"Actual Loops": 13152,"Index Cond": "(l_orderkey = l1.l_orderkey)","Rows Removed by Index Recheck": 0,"Filter": "(l_suppkey <> l1.l_suppkey)","Rows Removed by Filter": 1}]},{"Node Type": "Index Scan","Parent Relationship": "Inner","Parallel Aware": false,"Async Capable": false,"Scan Direction": "Forward","Index Name": "orders_pkey","Relation Name": "orders","Alias": "orders","Startup Cost": 0.43,"Total Cost": 0.51,"Plan Rows": 1,"Plan Width": 4,"Actual Startup Time": 0.008,"Actual Total Time": 0.008,"Actual Rows": 0,"Actual Loops": 7892,"Index Cond": "(o_orderkey = l1.l_orderkey)","Rows Removed by Index Recheck": 0,"Filter": "(o_orderstatus = 'F'::bpchar)","Rows Removed by Filter": 1}]}]}]}]},"Planning Time": 10.043,"Triggers": [],"Execution Time": 525.836}]
[{"Plan": {"Node Type": "Sort","Parallel Aware": false,"Async Capable": false,"Startup Cost": 147378.80,"Total Cost": 147378.81,"Plan Rows": 1,"Plan Width": 34,"Actual Startup Time": 506.689,"Actual Total Time": 525.046,"Actual Rows": 415,"Actual Loops": 1,"Sort Key": ["(count(*)) DESC", "supplier.s_name"],"Sort Method": "quicksort","Sort Space Used": 57,"Sort Space Type": "Memory","Plans": [{"Node Type": "Aggregate","Strategy": "Sorted","Partial Mode": "Simple","Parent Relationship": "Outer","Parallel Aware": false,"Async Capable": false,"Startup Cost": 147378.77,"Total Cost": 147378.79,"Plan Rows": 1,"Plan Width": 34,"Actual Startup Time": 505.377,"Actual Total Time": 524.254,"Actual Rows": 415,"Actual Loops": 1,"Group Key": ["supplier.s_name"],"Plans": [{"Node Type": "Sort","Parent Relationship": "Outer","Parallel Aware": false,"Async Capable": false,"Startup Cost": 147378.77,"Total Cost": 147378.78,"Plan Rows": 1,"Plan Width": 26,"Actual Startup Time": 505.350,"Actual Total Time": 523.830,"Actual Rows": 4021,"Actual Loops": 1,"Sort Key": ["supplier.s_name"],"Sort Method": "quicksort","Sort Space Used": 379,"Sort Space Type": "Memory","Plans": [{"Node Type": "Nested Loop","Parent Relationship": "Outer","Parallel Aware": false,"Async Capable": false,"Join Type": "Inner","Startup Cost": 1250.87,"Total Cost": 147378.76,"Plan Rows": 1,"Plan Width": 26,"Actual Startup Time": 4.344,"Actual Total Time": 512.010,"Actual Rows": 4021,"Actual Loops": 1,"Inner Unique": true,"Plans": [{"Node Type": "Nested Loop","Parent Relationship": "Outer","Parallel Aware": false,"Async Capable": false,"Join Type": "Semi","Startup Cost": 1250.44,"Total Cost": 147378.26,"Plan Rows": 1,"Plan Width": 34,"Actual Startup Time": 4.308,"Actual Total Time": 447.240,"Actual Rows": 8423,"Actual Loops": 1,"Inner Unique": false,"Plans": [{"Node Type": "Gather","Parent Relationship": "Outer","Parallel Aware": false,"Async Capable": false,"Startup Cost": 1250.01,"Total Cost": 147377.22,"Plan Rows": 1,"Plan Width": 34,"Actual Startup Time": 4.250,"Actual Total Time": 340.738,"Actual Rows": 13873,"Actual Loops": 1,"Workers Planned": 4,"Workers Launched": 4,"Single Copy": false,"Plans": [{"Node Type": "Nested Loop","Parent Relationship": "Outer","Parallel Aware": false,"Async Capable": false,"Join Type": "Anti","Startup Cost": 250.01,"Total Cost": 146377.12,"Plan Rows": 1,"Plan Width": 34,"Actual Startup Time": 6.059,"Actual Total Time": 447.143,"Actual Rows": 2775,"Actual Loops": 5,"Inner Unique": false,"Workers": [],"Plans": [{"Node Type": "Hash Join","Parent Relationship": "Outer","Parallel Aware": false,"Async Capable": false,"Join Type": "Inner","Startup Cost": 249.58,"Total Cost": 133581.65,"Plan Rows": 19990,"Plan Width": 34,"Actual Startup Time": 5.350,"Actual Total Time": 355.670,"Actual Rows": 31496,"Actual Loops": 5,"Inner Unique": false,"Hash Cond": "(l1.l_suppkey = supplier.s_suppkey)","Workers": [],"Plans": [{"Node Type": "Seq Scan","Parent Relationship": "Outer","Parallel Aware": true,"Async Capable": false,"Relation Name": "lineitem","Alias": "l1","Startup Cost": 0.00,"Total Cost": 131256.80,"Plan Rows": 500101,"Plan Width": 8,"Actual Startup Time": 0.034,"Actual Total Time": 302.387,"Actual Rows": 758659,"Actual Loops": 5,"Filter": "(l_receiptdate > l_commitdate)","Rows Removed by Filter": 441584,"Workers": []},{"Node Type": "Hash","Parent Relationship": "Inner","Parallel Aware": false,"Async Capable": false,"Startup Cost": 244.58,"Total Cost": 244.58,"Plan Rows": 400,"Plan Width": 30,"Actual Startup Time": 5.023,"Actual Total Time": 5.034,"Actual Rows": 415,"Actual Loops": 5,"Hash Buckets": 1024,"Original Hash Buckets": 1024,"Hash Batches": 1,"Original Hash Batches": 1,"Peak Memory Usage": 34,"Workers": [],"Plans": [{"Node Type": "Nested Loop","Parent Relationship": "Outer","Parallel Aware": false,"Async Capable": false,"Join Type": "Inner","Startup Cost": 7.38,"Total Cost": 244.58,"Plan Rows": 400,"Plan Width": 30,"Actual Startup Time": 0.341,"Actual Total Time": 4.843,"Actual Rows": 415,"Actual Loops": 5,"Inner Unique": false,"Workers": [],"Plans": [{"Node Type": "Seq Scan","Parent Relationship": "Outer","Parallel Aware": false,"Async Capable": false,"Relation Name": "nation","Alias": "nation","Startup Cost": 0.00,"Total Cost": 1.31,"Plan Rows": 1,"Plan Width": 4,"Actual Startup Time": 0.054,"Actual Total Time": 0.060,"Actual Rows": 1,"Actual Loops": 5,"Filter": "(n_name = 'INDIA'::bpchar)","Rows Removed by Filter": 24,"Workers": []},{"Node Type": "Bitmap Heap Scan","Parent Relationship": "Inner","Parallel Aware": false,"Async Capable": false,"Relation Name": "supplier","Alias": "supplier","Startup Cost": 7.38,"Total Cost": 239.27,"Plan Rows": 400,"Plan Width": 34,"Actual Startup Time": 0.281,"Actual Total Time": 4.691,"Actual Rows": 415,"Actual Loops": 5,"Recheck Cond": "(s_nationkey = nation.n_nationkey)","Rows Removed by Index Recheck": 0,"Exact Heap Blocks": 186,"Lossy Heap Blocks": 0,"Workers": [],"Plans": [{"Node Type": "Bitmap Index Scan","Parent Relationship": "Outer","Parallel Aware": false,"Async Capable": false,"Index Name": "idx_supplier_nation_key","Startup Cost": 0.00,"Total Cost": 7.29,"Plan Rows": 400,"Plan Width": 0,"Actual Startup Time": 0.207,"Actual Total Time": 0.208,"Actual Rows": 415,"Actual Loops": 5,"Index Cond": "(s_nationkey = nation.n_nationkey)","Workers": []}]}]}]}]},{"Node Type": "Index Scan","Parent Relationship": "Inner","Parallel Aware": false,"Async Capable": false,"Scan Direction": "Forward","Index Name": "idx_lineitem_orderkey","Relation Name": "lineitem","Alias": "l3","Startup Cost": 0.43,"Total Cost": 1.06,"Plan Rows": 6,"Plan Width": 8,"Actual Startup Time": 0.003,"Actual Total Time": 0.003,"Actual Rows": 1,"Actual Loops": 157482,"Index Cond": "(l_orderkey = l1.l_orderkey)","Rows Removed by Index Recheck": 0,"Filter": "((l_receiptdate > l_commitdate) AND (l_suppkey <> l1.l_suppkey))","Rows Removed by Filter": 1,"Workers": []}]}]},{"Node Type": "Index Scan","Parent Relationship": "Inner","Parallel Aware": false,"Async Capable": false,"Scan Direction": "Forward","Index Name": "idx_lineitem_orderkey","Relation Name": "lineitem","Alias": "l2","Startup Cost": 0.43,"Total Cost": 1.02,"Plan Rows": 17,"Plan Width": 8,"Actual Startup Time": 0.007,"Actual Total Time": 0.007,"Actual Rows": 1,"Actual Loops": 13873,"Index Cond": "(l_orderkey = l1.l_orderkey)","Rows Removed by Index Recheck": 0,"Filter": "(l_suppkey <> l1.l_suppkey)","Rows Removed by Filter": 1}]},{"Node Type": "Index Scan","Parent Relationship": "Inner","Parallel Aware": false,"Async Capable": false,"Scan Direction": "Forward","Index Name": "orders_pkey","Relation Name": "orders","Alias": "orders","Startup Cost": 0.43,"Total Cost": 0.51,"Plan Rows": 1,"Plan Width": 4,"Actual Startup Time": 0.007,"Actual Total Time": 0.007,"Actual Rows": 0,"Actual Loops": 8423,"Index Cond": "(o_orderkey = l1.l_orderkey)","Rows Removed by Index Recheck": 0,"Filter": "(o_orderstatus = 'F'::bpchar)","Rows Removed by Filter": 1}]}]}]}]},"Planning Time": 9.331,"Triggers": [],"Execution Time": 525.561}]
[{"Plan": {"Node Type": "Sort","Parallel Aware": false,"Async Capable": false,"Startup Cost": 147378.80,"Total Cost": 147378.81,"Plan Rows": 1,"Plan Width": 34,"Actual Startup Time": 500.709,"Actual Total Time": 524.703,"Actual Rows": 407,"Actual Loops": 1,"Sort Key": ["(count(*)) DESC", "supplier.s_name"],"Sort Method": "quicksort","Sort Space Used": 56,"Sort Space Type": "Memory","Plans": [{"Node Type": "Aggregate","Strategy": "Sorted","Partial Mode": "Simple","Parent Relationship": "Outer","Parallel Aware": false,"Async Capable": false,"Startup Cost": 147378.77,"Total Cost": 147378.79,"Plan Rows": 1,"Plan Width": 34,"Actual Startup Time": 499.455,"Actual Total Time": 523.962,"Actual Rows": 407,"Actual Loops": 1,"Group Key": ["supplier.s_name"],"Plans": [{"Node Type": "Sort","Parent Relationship": "Outer","Parallel Aware": false,"Async Capable": false,"Startup Cost": 147378.77,"Total Cost": 147378.78,"Plan Rows": 1,"Plan Width": 26,"Actual Startup Time": 499.433,"Actual Total Time": 523.550,"Actual Rows": 3965,"Actual Loops": 1,"Sort Key": ["supplier.s_name"],"Sort Method": "quicksort","Sort Space Used": 375,"Sort Space Type": "Memory","Plans": [{"Node Type": "Nested Loop","Parent Relationship": "Outer","Parallel Aware": false,"Async Capable": false,"Join Type": "Inner","Startup Cost": 1250.87,"Total Cost": 147378.76,"Plan Rows": 1,"Plan Width": 26,"Actual Startup Time": 5.067,"Actual Total Time": 512.972,"Actual Rows": 3965,"Actual Loops": 1,"Inner Unique": true,"Plans": [{"Node Type": "Nested Loop","Parent Relationship": "Outer","Parallel Aware": false,"Async Capable": false,"Join Type": "Semi","Startup Cost": 1250.44,"Total Cost": 147378.26,"Plan Rows": 1,"Plan Width": 34,"Actual Startup Time": 5.045,"Actual Total Time": 451.382,"Actual Rows": 8089,"Actual Loops": 1,"Inner Unique": false,"Plans": [{"Node Type": "Gather","Parent Relationship": "Outer","Parallel Aware": false,"Async Capable": false,"Startup Cost": 1250.01,"Total Cost": 147377.22,"Plan Rows": 1,"Plan Width": 34,"Actual Startup Time": 4.734,"Actual Total Time": 344.998,"Actual Rows": 13526,"Actual Loops": 1,"Workers Planned": 4,"Workers Launched": 4,"Single Copy": false,"Plans": [{"Node Type": "Nested Loop","Parent Relationship": "Outer","Parallel Aware": false,"Async Capable": false,"Join Type": "Anti","Startup Cost": 250.01,"Total Cost": 146377.12,"Plan Rows": 1,"Plan Width": 34,"Actual Startup Time": 4.775,"Actual Total Time": 445.542,"Actual Rows": 2705,"Actual Loops": 5,"Inner Unique": false,"Workers": [],"Plans": [{"Node Type": "Hash Join","Parent Relationship": "Outer","Parallel Aware": false,"Async Capable": false,"Join Type": "Inner","Startup Cost": 249.58,"Total Cost": 133581.65,"Plan Rows": 19990,"Plan Width": 34,"Actual Startup Time": 4.487,"Actual Total Time": 354.785,"Actual Rows": 30752,"Actual Loops": 5,"Inner Unique": false,"Hash Cond": "(l1.l_suppkey = supplier.s_suppkey)","Workers": [],"Plans": [{"Node Type": "Seq Scan","Parent Relationship": "Outer","Parallel Aware": true,"Async Capable": false,"Relation Name": "lineitem","Alias": "l1","Startup Cost": 0.00,"Total Cost": 131256.80,"Plan Rows": 500101,"Plan Width": 8,"Actual Startup Time": 0.026,"Actual Total Time": 303.161,"Actual Rows": 758659,"Actual Loops": 5,"Filter": "(l_receiptdate > l_commitdate)","Rows Removed by Filter": 441584,"Workers": []},{"Node Type": "Hash","Parent Relationship": "Inner","Parallel Aware": false,"Async Capable": false,"Startup Cost": 244.58,"Total Cost": 244.58,"Plan Rows": 400,"Plan Width": 30,"Actual Startup Time": 4.170,"Actual Total Time": 4.181,"Actual Rows": 407,"Actual Loops": 5,"Hash Buckets": 1024,"Original Hash Buckets": 1024,"Hash Batches": 1,"Original Hash Batches": 1,"Peak Memory Usage": 34,"Workers": [],"Plans": [{"Node Type": "Nested Loop","Parent Relationship": "Outer","Parallel Aware": false,"Async Capable": false,"Join Type": "Inner","Startup Cost": 7.38,"Total Cost": 244.58,"Plan Rows": 400,"Plan Width": 30,"Actual Startup Time": 0.302,"Actual Total Time": 4.018,"Actual Rows": 407,"Actual Loops": 5,"Inner Unique": false,"Workers": [],"Plans": [{"Node Type": "Seq Scan","Parent Relationship": "Outer","Parallel Aware": false,"Async Capable": false,"Relation Name": "nation","Alias": "nation","Startup Cost": 0.00,"Total Cost": 1.31,"Plan Rows": 1,"Plan Width": 4,"Actual Startup Time": 0.065,"Actual Total Time": 0.068,"Actual Rows": 1,"Actual Loops": 5,"Filter": "(n_name = 'CHINA'::bpchar)","Rows Removed by Filter": 24,"Workers": []},{"Node Type": "Bitmap Heap Scan","Parent Relationship": "Inner","Parallel Aware": false,"Async Capable": false,"Relation Name": "supplier","Alias": "supplier","Startup Cost": 7.38,"Total Cost": 239.27,"Plan Rows": 400,"Plan Width": 34,"Actual Startup Time": 0.229,"Actual Total Time": 3.872,"Actual Rows": 407,"Actual Loops": 5,"Recheck Cond": "(s_nationkey = nation.n_nationkey)","Rows Removed by Index Recheck": 0,"Exact Heap Blocks": 186,"Lossy Heap Blocks": 0,"Workers": [],"Plans": [{"Node Type": "Bitmap Index Scan","Parent Relationship": "Outer","Parallel Aware": false,"Async Capable": false,"Index Name": "idx_supplier_nation_key","Startup Cost": 0.00,"Total Cost": 7.29,"Plan Rows": 400,"Plan Width": 0,"Actual Startup Time": 0.141,"Actual Total Time": 0.143,"Actual Rows": 407,"Actual Loops": 5,"Index Cond": "(s_nationkey = nation.n_nationkey)","Workers": []}]}]}]}]},{"Node Type": "Index Scan","Parent Relationship": "Inner","Parallel Aware": false,"Async Capable": false,"Scan Direction": "Forward","Index Name": "idx_lineitem_orderkey","Relation Name": "lineitem","Alias": "l3","Startup Cost": 0.43,"Total Cost": 1.06,"Plan Rows": 6,"Plan Width": 8,"Actual Startup Time": 0.003,"Actual Total Time": 0.003,"Actual Rows": 1,"Actual Loops": 153758,"Index Cond": "(l_orderkey = l1.l_orderkey)","Rows Removed by Index Recheck": 0,"Filter": "((l_receiptdate > l_commitdate) AND (l_suppkey <> l1.l_suppkey))","Rows Removed by Filter": 1,"Workers": []}]}]},{"Node Type": "Index Scan","Parent Relationship": "Inner","Parallel Aware": false,"Async Capable": false,"Scan Direction": "Forward","Index Name": "idx_lineitem_orderkey","Relation Name": "lineitem","Alias": "l2","Startup Cost": 0.43,"Total Cost": 1.02,"Plan Rows": 17,"Plan Width": 8,"Actual Startup Time": 0.007,"Actual Total Time": 0.007,"Actual Rows": 1,"Actual Loops": 13526,"Index Cond": "(l_orderkey = l1.l_orderkey)","Rows Removed by Index Recheck": 0,"Filter": "(l_suppkey <> l1.l_suppkey)","Rows Removed by Filter": 1}]},{"Node Type": "Index Scan","Parent Relationship": "Inner","Parallel Aware": false,"Async Capable": false,"Scan Direction": "Forward","Index Name": "orders_pkey","Relation Name": "orders","Alias": "orders","Startup Cost": 0.43,"Total Cost": 0.51,"Plan Rows": 1,"Plan Width": 4,"Actual Startup Time": 0.007,"Actual Total Time": 0.007,"Actual Rows": 0,"Actual Loops": 8089,"Index Cond": "(o_orderkey = l1.l_orderkey)","Rows Removed by Index Recheck": 0,"Filter": "(o_orderstatus = 'F'::bpchar)","Rows Removed by Filter": 1}]}]}]}]},"Planning Time": 8.452,"Triggers": [],"Execution Time": 525.397}]
[{"Plan": {"Node Type": "Sort","Parallel Aware": false,"Async Capable": false,"Startup Cost": 147378.80,"Total Cost": 147378.81,"Plan Rows": 1,"Plan Width": 34,"Actual Startup Time": 502.540,"Actual Total Time": 523.684,"Actual Rows": 401,"Actual Loops": 1,"Sort Key": ["(count(*)) DESC", "supplier.s_name"],"Sort Method": "quicksort","Sort Space Used": 56,"Sort Space Type": "Memory","Plans": [{"Node Type": "Aggregate","Strategy": "Sorted","Partial Mode": "Simple","Parent Relationship": "Outer","Parallel Aware": false,"Async Capable": false,"Startup Cost": 147378.77,"Total Cost": 147378.79,"Plan Rows": 1,"Plan Width": 34,"Actual Startup Time": 501.310,"Actual Total Time": 522.965,"Actual Rows": 401,"Actual Loops": 1,"Group Key": ["supplier.s_name"],"Plans": [{"Node Type": "Sort","Parent Relationship": "Outer","Parallel Aware": false,"Async Capable": false,"Startup Cost": 147378.77,"Total Cost": 147378.78,"Plan Rows": 1,"Plan Width": 26,"Actual Startup Time": 501.284,"Actual Total Time": 522.551,"Actual Rows": 3970,"Actual Loops": 1,"Sort Key": ["supplier.s_name"],"Sort Method": "quicksort","Sort Space Used": 376,"Sort Space Type": "Memory","Plans": [{"Node Type": "Nested Loop","Parent Relationship": "Outer","Parallel Aware": false,"Async Capable": false,"Join Type": "Inner","Startup Cost": 1250.87,"Total Cost": 147378.76,"Plan Rows": 1,"Plan Width": 26,"Actual Startup Time": 5.240,"Actual Total Time": 512.097,"Actual Rows": 3970,"Actual Loops": 1,"Inner Unique": true,"Plans": [{"Node Type": "Nested Loop","Parent Relationship": "Outer","Parallel Aware": false,"Async Capable": false,"Join Type": "Semi","Startup Cost": 1250.44,"Total Cost": 147378.26,"Plan Rows": 1,"Plan Width": 34,"Actual Startup Time": 4.627,"Actual Total Time": 451.513,"Actual Rows": 8097,"Actual Loops": 1,"Inner Unique": false,"Plans": [{"Node Type": "Gather","Parent Relationship": "Outer","Parallel Aware": false,"Async Capable": false,"Startup Cost": 1250.01,"Total Cost": 147377.22,"Plan Rows": 1,"Plan Width": 34,"Actual Startup Time": 4.615,"Actual Total Time": 347.691,"Actual Rows": 13583,"Actual Loops": 1,"Workers Planned": 4,"Workers Launched": 4,"Single Copy": false,"Plans": [{"Node Type": "Nested Loop","Parent Relationship": "Outer","Parallel Aware": false,"Async Capable": false,"Join Type": "Anti","Startup Cost": 250.01,"Total Cost": 146377.12,"Plan Rows": 1,"Plan Width": 34,"Actual Startup Time": 4.828,"Actual Total Time": 446.701,"Actual Rows": 2717,"Actual Loops": 5,"Inner Unique": false,"Workers": [],"Plans": [{"Node Type": "Hash Join","Parent Relationship": "Outer","Parallel Aware": false,"Async Capable": false,"Join Type": "Inner","Startup Cost": 249.58,"Total Cost": 133581.65,"Plan Rows": 19990,"Plan Width": 34,"Actual Startup Time": 4.456,"Actual Total Time": 356.594,"Actual Rows": 30499,"Actual Loops": 5,"Inner Unique": false,"Hash Cond": "(l1.l_suppkey = supplier.s_suppkey)","Workers": [],"Plans": [{"Node Type": "Seq Scan","Parent Relationship": "Outer","Parallel Aware": true,"Async Capable": false,"Relation Name": "lineitem","Alias": "l1","Startup Cost": 0.00,"Total Cost": 131256.80,"Plan Rows": 500101,"Plan Width": 8,"Actual Startup Time": 0.022,"Actual Total Time": 305.978,"Actual Rows": 758659,"Actual Loops": 5,"Filter": "(l_receiptdate > l_commitdate)","Rows Removed by Filter": 441584,"Workers": []},{"Node Type": "Hash","Parent Relationship": "Inner","Parallel Aware": false,"Async Capable": false,"Startup Cost": 244.58,"Total Cost": 244.58,"Plan Rows": 400,"Plan Width": 30,"Actual Startup Time": 4.157,"Actual Total Time": 4.168,"Actual Rows": 401,"Actual Loops": 5,"Hash Buckets": 1024,"Original Hash Buckets": 1024,"Hash Batches": 1,"Original Hash Batches": 1,"Peak Memory Usage": 34,"Workers": [],"Plans": [{"Node Type": "Nested Loop","Parent Relationship": "Outer","Parallel Aware": false,"Async Capable": false,"Join Type": "Inner","Startup Cost": 7.38,"Total Cost": 244.58,"Plan Rows": 400,"Plan Width": 30,"Actual Startup Time": 0.269,"Actual Total Time": 4.009,"Actual Rows": 401,"Actual Loops": 5,"Inner Unique": false,"Workers": [],"Plans": [{"Node Type": "Seq Scan","Parent Relationship": "Outer","Parallel Aware": false,"Async Capable": false,"Relation Name": "nation","Alias": "nation","Startup Cost": 0.00,"Total Cost": 1.31,"Plan Rows": 1,"Plan Width": 4,"Actual Startup Time": 0.053,"Actual Total Time": 0.057,"Actual Rows": 1,"Actual Loops": 5,"Filter": "(n_name = 'RUSSIA'::bpchar)","Rows Removed by Filter": 24,"Workers": []},{"Node Type": "Bitmap Heap Scan","Parent Relationship": "Inner","Parallel Aware": false,"Async Capable": false,"Relation Name": "supplier","Alias": "supplier","Startup Cost": 7.38,"Total Cost": 239.27,"Plan Rows": 400,"Plan Width": 34,"Actual Startup Time": 0.210,"Actual Total Time": 3.875,"Actual Rows": 401,"Actual Loops": 5,"Recheck Cond": "(s_nationkey = nation.n_nationkey)","Rows Removed by Index Recheck": 0,"Exact Heap Blocks": 180,"Lossy Heap Blocks": 0,"Workers": [],"Plans": [{"Node Type": "Bitmap Index Scan","Parent Relationship": "Outer","Parallel Aware": false,"Async Capable": false,"Index Name": "idx_supplier_nation_key","Startup Cost": 0.00,"Total Cost": 7.29,"Plan Rows": 400,"Plan Width": 0,"Actual Startup Time": 0.139,"Actual Total Time": 0.140,"Actual Rows": 401,"Actual Loops": 5,"Index Cond": "(s_nationkey = nation.n_nationkey)","Workers": []}]}]}]}]},{"Node Type": "Index Scan","Parent Relationship": "Inner","Parallel Aware": false,"Async Capable": false,"Scan Direction": "Forward","Index Name": "idx_lineitem_orderkey","Relation Name": "lineitem","Alias": "l3","Startup Cost": 0.43,"Total Cost": 1.06,"Plan Rows": 6,"Plan Width": 8,"Actual Startup Time": 0.003,"Actual Total Time": 0.003,"Actual Rows": 1,"Actual Loops": 152495,"Index Cond": "(l_orderkey = l1.l_orderkey)","Rows Removed by Index Recheck": 0,"Filter": "((l_receiptdate > l_commitdate) AND (l_suppkey <> l1.l_suppkey))","Rows Removed by Filter": 1,"Workers": []}]}]},{"Node Type": "Index Scan","Parent Relationship": "Inner","Parallel Aware": false,"Async Capable": false,"Scan Direction": "Forward","Index Name": "idx_lineitem_orderkey","Relation Name": "lineitem","Alias": "l2","Startup Cost": 0.43,"Total Cost": 1.02,"Plan Rows": 17,"Plan Width": 8,"Actual Startup Time": 0.007,"Actual Total Time": 0.007,"Actual Rows": 1,"Actual Loops": 13583,"Index Cond": "(l_orderkey = l1.l_orderkey)","Rows Removed by Index Recheck": 0,"Filter": "(l_suppkey <> l1.l_suppkey)","Rows Removed by Filter": 1}]},{"Node Type": "Index Scan","Parent Relationship": "Inner","Parallel Aware": false,"Async Capable": false,"Scan Direction": "Forward","Index Name": "orders_pkey","Relation Name": "orders","Alias": "orders","Startup Cost": 0.43,"Total Cost": 0.51,"Plan Rows": 1,"Plan Width": 4,"Actual Startup Time": 0.007,"Actual Total Time": 0.007,"Actual Rows": 0,"Actual Loops": 8097,"Index Cond": "(o_orderkey = l1.l_orderkey)","Rows Removed by Index Recheck": 0,"Filter": "(o_orderstatus = 'F'::bpchar)","Rows Removed by Filter": 1}]}]}]}]},"Planning Time": 9.437,"Triggers": [],"Execution Time": 524.297}]
[{"Plan": {"Node Type": "Sort","Parallel Aware": false,"Async Capable": false,"Startup Cost": 147378.80,"Total Cost": 147378.81,"Plan Rows": 1,"Plan Width": 34,"Actual Startup Time": 504.070,"Actual Total Time": 522.796,"Actual Rows": 405,"Actual Loops": 1,"Sort Key": ["(count(*)) DESC", "supplier.s_name"],"Sort Method": "quicksort","Sort Space Used": 56,"Sort Space Type": "Memory","Plans": [{"Node Type": "Aggregate","Strategy": "Sorted","Partial Mode": "Simple","Parent Relationship": "Outer","Parallel Aware": false,"Async Capable": false,"Startup Cost": 147378.77,"Total Cost": 147378.79,"Plan Rows": 1,"Plan Width": 34,"Actual Startup Time": 502.850,"Actual Total Time": 522.098,"Actual Rows": 405,"Actual Loops": 1,"Group Key": ["supplier.s_name"],"Plans": [{"Node Type": "Sort","Parent Relationship": "Outer","Parallel Aware": false,"Async Capable": false,"Startup Cost": 147378.77,"Total Cost": 147378.78,"Plan Rows": 1,"Plan Width": 26,"Actual Startup Time": 502.828,"Actual Total Time": 521.678,"Actual Rows": 4028,"Actual Loops": 1,"Sort Key": ["supplier.s_name"],"Sort Method": "quicksort","Sort Space Used": 380,"Sort Space Type": "Memory","Plans": [{"Node Type": "Nested Loop","Parent Relationship": "Outer","Parallel Aware": false,"Async Capable": false,"Join Type": "Inner","Startup Cost": 1250.87,"Total Cost": 147378.76,"Plan Rows": 1,"Plan Width": 26,"Actual Startup Time": 4.998,"Actual Total Time": 510.942,"Actual Rows": 4028,"Actual Loops": 1,"Inner Unique": true,"Plans": [{"Node Type": "Nested Loop","Parent Relationship": "Outer","Parallel Aware": false,"Async Capable": false,"Join Type": "Semi","Startup Cost": 1250.44,"Total Cost": 147378.26,"Plan Rows": 1,"Plan Width": 34,"Actual Startup Time": 4.975,"Actual Total Time": 450.040,"Actual Rows": 8320,"Actual Loops": 1,"Inner Unique": false,"Plans": [{"Node Type": "Gather","Parent Relationship": "Outer","Parallel Aware": false,"Async Capable": false,"Startup Cost": 1250.01,"Total Cost": 147377.22,"Plan Rows": 1,"Plan Width": 34,"Actual Startup Time": 4.836,"Actual Total Time": 345.420,"Actual Rows": 13965,"Actual Loops": 1,"Workers Planned": 4,"Workers Launched": 4,"Single Copy": false,"Plans": [{"Node Type": "Nested Loop","Parent Relationship": "Outer","Parallel Aware": false,"Async Capable": false,"Join Type": "Anti","Startup Cost": 250.01,"Total Cost": 146377.12,"Plan Rows": 1,"Plan Width": 34,"Actual Startup Time": 4.706,"Actual Total Time": 445.819,"Actual Rows": 2793,"Actual Loops": 5,"Inner Unique": false,"Workers": [],"Plans": [{"Node Type": "Hash Join","Parent Relationship": "Outer","Parallel Aware": false,"Async Capable": false,"Join Type": "Inner","Startup Cost": 249.58,"Total Cost": 133581.65,"Plan Rows": 19990,"Plan Width": 34,"Actual Startup Time": 4.328,"Actual Total Time": 354.989,"Actual Rows": 30731,"Actual Loops": 5,"Inner Unique": false,"Hash Cond": "(l1.l_suppkey = supplier.s_suppkey)","Workers": [],"Plans": [{"Node Type": "Seq Scan","Parent Relationship": "Outer","Parallel Aware": true,"Async Capable": false,"Relation Name": "lineitem","Alias": "l1","Startup Cost": 0.00,"Total Cost": 131256.80,"Plan Rows": 500101,"Plan Width": 8,"Actual Startup Time": 0.030,"Actual Total Time": 303.427,"Actual Rows": 758659,"Actual Loops": 5,"Filter": "(l_receiptdate > l_commitdate)","Rows Removed by Filter": 441584,"Workers": []},{"Node Type": "Hash","Parent Relationship": "Inner","Parallel Aware": false,"Async Capable": false,"Startup Cost": 244.58,"Total Cost": 244.58,"Plan Rows": 400,"Plan Width": 30,"Actual Startup Time": 4.016,"Actual Total Time": 4.027,"Actual Rows": 405,"Actual Loops": 5,"Hash Buckets": 1024,"Original Hash Buckets": 1024,"Hash Batches": 1,"Original Hash Batches": 1,"Peak Memory Usage": 34,"Workers": [],"Plans": [{"Node Type": "Nested Loop","Parent Relationship": "Outer","Parallel Aware": false,"Async Capable": false,"Join Type": "Inner","Startup Cost": 7.38,"Total Cost": 244.58,"Plan Rows": 400,"Plan Width": 30,"Actual Startup Time": 0.282,"Actual Total Time": 3.870,"Actual Rows": 405,"Actual Loops": 5,"Inner Unique": false,"Workers": [],"Plans": [{"Node Type": "Seq Scan","Parent Relationship": "Outer","Parallel Aware": false,"Async Capable": false,"Relation Name": "nation","Alias": "nation","Startup Cost": 0.00,"Total Cost": 1.31,"Plan Rows": 1,"Plan Width": 4,"Actual Startup Time": 0.049,"Actual Total Time": 0.055,"Actual Rows": 1,"Actual Loops": 5,"Filter": "(n_name = 'INDONESIA'::bpchar)","Rows Removed by Filter": 24,"Workers": []},{"Node Type": "Bitmap Heap Scan","Parent Relationship": "Inner","Parallel Aware": false,"Async Capable": false,"Relation Name": "supplier","Alias": "supplier","Startup Cost": 7.38,"Total Cost": 239.27,"Plan Rows": 400,"Plan Width": 34,"Actual Startup Time": 0.227,"Actual Total Time": 3.740,"Actual Rows": 405,"Actual Loops": 5,"Recheck Cond": "(s_nationkey = nation.n_nationkey)","Rows Removed by Index Recheck": 0,"Exact Heap Blocks": 192,"Lossy Heap Blocks": 0,"Workers": [],"Plans": [{"Node Type": "Bitmap Index Scan","Parent Relationship": "Outer","Parallel Aware": false,"Async Capable": false,"Index Name": "idx_supplier_nation_key","Startup Cost": 0.00,"Total Cost": 7.29,"Plan Rows": 400,"Plan Width": 0,"Actual Startup Time": 0.146,"Actual Total Time": 0.147,"Actual Rows": 405,"Actual Loops": 5,"Index Cond": "(s_nationkey = nation.n_nationkey)","Workers": []}]}]}]}]},{"Node Type": "Index Scan","Parent Relationship": "Inner","Parallel Aware": false,"Async Capable": false,"Scan Direction": "Forward","Index Name": "idx_lineitem_orderkey","Relation Name": "lineitem","Alias": "l3","Startup Cost": 0.43,"Total Cost": 1.06,"Plan Rows": 6,"Plan Width": 8,"Actual Startup Time": 0.003,"Actual Total Time": 0.003,"Actual Rows": 1,"Actual Loops": 153653,"Index Cond": "(l_orderkey = l1.l_orderkey)","Rows Removed by Index Recheck": 0,"Filter": "((l_receiptdate > l_commitdate) AND (l_suppkey <> l1.l_suppkey))","Rows Removed by Filter": 1,"Workers": []}]}]},{"Node Type": "Index Scan","Parent Relationship": "Inner","Parallel Aware": false,"Async Capable": false,"Scan Direction": "Forward","Index Name": "idx_lineitem_orderkey","Relation Name": "lineitem","Alias": "l2","Startup Cost": 0.43,"Total Cost": 1.02,"Plan Rows": 17,"Plan Width": 8,"Actual Startup Time": 0.007,"Actual Total Time": 0.007,"Actual Rows": 1,"Actual Loops": 13965,"Index Cond": "(l_orderkey = l1.l_orderkey)","Rows Removed by Index Recheck": 0,"Filter": "(l_suppkey <> l1.l_suppkey)","Rows Removed by Filter": 1}]},{"Node Type": "Index Scan","Parent Relationship": "Inner","Parallel Aware": false,"Async Capable": false,"Scan Direction": "Forward","Index Name": "orders_pkey","Relation Name": "orders","Alias": "orders","Startup Cost": 0.43,"Total Cost": 0.51,"Plan Rows": 1,"Plan Width": 4,"Actual Startup Time": 0.007,"Actual Total Time": 0.007,"Actual Rows": 0,"Actual Loops": 8320,"Index Cond": "(o_orderkey = l1.l_orderkey)","Rows Removed by Index Recheck": 0,"Filter": "(o_orderstatus = 'F'::bpchar)","Rows Removed by Filter": 1}]}]}]}]},"Planning Time": 8.753,"Triggers": [],"Execution Time": 523.514}]
[{"Plan": {"Node Type": "Sort","Parallel Aware": false,"Async Capable": false,"Startup Cost": 147378.80,"Total Cost": 147378.81,"Plan Rows": 1,"Plan Width": 34,"Actual Startup Time": 499.004,"Actual Total Time": 520.055,"Actual Rows": 399,"Actual Loops": 1,"Sort Key": ["(count(*)) DESC", "supplier.s_name"],"Sort Method": "quicksort","Sort Space Used": 56,"Sort Space Type": "Memory","Plans": [{"Node Type": "Aggregate","Strategy": "Sorted","Partial Mode": "Simple","Parent Relationship": "Outer","Parallel Aware": false,"Async Capable": false,"Startup Cost": 147378.77,"Total Cost": 147378.79,"Plan Rows": 1,"Plan Width": 34,"Actual Startup Time": 497.768,"Actual Total Time": 519.326,"Actual Rows": 399,"Actual Loops": 1,"Group Key": ["supplier.s_name"],"Plans": [{"Node Type": "Sort","Parent Relationship": "Outer","Parallel Aware": false,"Async Capable": false,"Startup Cost": 147378.77,"Total Cost": 147378.78,"Plan Rows": 1,"Plan Width": 26,"Actual Startup Time": 497.754,"Actual Total Time": 518.925,"Actual Rows": 3901,"Actual Loops": 1,"Sort Key": ["supplier.s_name"],"Sort Method": "quicksort","Sort Space Used": 371,"Sort Space Type": "Memory","Plans": [{"Node Type": "Nested Loop","Parent Relationship": "Outer","Parallel Aware": false,"Async Capable": false,"Join Type": "Inner","Startup Cost": 1250.87,"Total Cost": 147378.76,"Plan Rows": 1,"Plan Width": 26,"Actual Startup Time": 5.425,"Actual Total Time": 507.475,"Actual Rows": 3901,"Actual Loops": 1,"Inner Unique": true,"Plans": [{"Node Type": "Nested Loop","Parent Relationship": "Outer","Parallel Aware": false,"Async Capable": false,"Join Type": "Semi","Startup Cost": 1250.44,"Total Cost": 147378.26,"Plan Rows": 1,"Plan Width": 34,"Actual Startup Time": 5.049,"Actual Total Time": 443.858,"Actual Rows": 7909,"Actual Loops": 1,"Inner Unique": false,"Plans": [{"Node Type": "Gather","Parent Relationship": "Outer","Parallel Aware": false,"Async Capable": false,"Startup Cost": 1250.01,"Total Cost": 147377.22,"Plan Rows": 1,"Plan Width": 34,"Actual Startup Time": 4.716,"Actual Total Time": 337.054,"Actual Rows": 13313,"Actual Loops": 1,"Workers Planned": 4,"Workers Launched": 4,"Single Copy": false,"Plans": [{"Node Type": "Nested Loop","Parent Relationship": "Outer","Parallel Aware": false,"Async Capable": false,"Join Type": "Anti","Startup Cost": 250.01,"Total Cost": 146377.12,"Plan Rows": 1,"Plan Width": 34,"Actual Startup Time": 4.762,"Actual Total Time": 442.169,"Actual Rows": 2663,"Actual Loops": 5,"Inner Unique": false,"Workers": [],"Plans": [{"Node Type": "Hash Join","Parent Relationship": "Outer","Parallel Aware": false,"Async Capable": false,"Join Type": "Inner","Startup Cost": 249.58,"Total Cost": 133581.65,"Plan Rows": 19990,"Plan Width": 34,"Actual Startup Time": 4.517,"Actual Total Time": 353.941,"Actual Rows": 30247,"Actual Loops": 5,"Inner Unique": false,"Hash Cond": "(l1.l_suppkey = supplier.s_suppkey)","Workers": [],"Plans": [{"Node Type": "Seq Scan","Parent Relationship": "Outer","Parallel Aware": true,"Async Capable": false,"Relation Name": "lineitem","Alias": "l1","Startup Cost": 0.00,"Total Cost": 131256.80,"Plan Rows": 500101,"Plan Width": 8,"Actual Startup Time": 0.021,"Actual Total Time": 302.084,"Actual Rows": 758659,"Actual Loops": 5,"Filter": "(l_receiptdate > l_commitdate)","Rows Removed by Filter": 441584,"Workers": []},{"Node Type": "Hash","Parent Relationship": "Inner","Parallel Aware": false,"Async Capable": false,"Startup Cost": 244.58,"Total Cost": 244.58,"Plan Rows": 400,"Plan Width": 30,"Actual Startup Time": 4.286,"Actual Total Time": 4.296,"Actual Rows": 399,"Actual Loops": 5,"Hash Buckets": 1024,"Original Hash Buckets": 1024,"Hash Batches": 1,"Original Hash Batches": 1,"Peak Memory Usage": 33,"Workers": [],"Plans": [{"Node Type": "Nested Loop","Parent Relationship": "Outer","Parallel Aware": false,"Async Capable": false,"Join Type": "Inner","Startup Cost": 7.38,"Total Cost": 244.58,"Plan Rows": 400,"Plan Width": 30,"Actual Startup Time": 0.243,"Actual Total Time": 4.128,"Actual Rows": 399,"Actual Loops": 5,"Inner Unique": false,"Workers": [],"Plans": [{"Node Type": "Seq Scan","Parent Relationship": "Outer","Parallel Aware": false,"Async Capable": false,"Relation Name": "nation","Alias": "nation","Startup Cost": 0.00,"Total Cost": 1.31,"Plan Rows": 1,"Plan Width": 4,"Actual Startup Time": 0.049,"Actual Total Time": 0.051,"Actual Rows": 1,"Actual Loops": 5,"Filter": "(n_name = 'VIETNAM'::bpchar)","Rows Removed by Filter": 24,"Workers": []},{"Node Type": "Bitmap Heap Scan","Parent Relationship": "Inner","Parallel Aware": false,"Async Capable": false,"Relation Name": "supplier","Alias": "supplier","Startup Cost": 7.38,"Total Cost": 239.27,"Plan Rows": 400,"Plan Width": 34,"Actual Startup Time": 0.189,"Actual Total Time": 4.007,"Actual Rows": 399,"Actual Loops": 5,"Recheck Cond": "(s_nationkey = nation.n_nationkey)","Rows Removed by Index Recheck": 0,"Exact Heap Blocks": 191,"Lossy Heap Blocks": 0,"Workers": [],"Plans": [{"Node Type": "Bitmap Index Scan","Parent Relationship": "Outer","Parallel Aware": false,"Async Capable": false,"Index Name": "idx_supplier_nation_key","Startup Cost": 0.00,"Total Cost": 7.29,"Plan Rows": 400,"Plan Width": 0,"Actual Startup Time": 0.123,"Actual Total Time": 0.125,"Actual Rows": 399,"Actual Loops": 5,"Index Cond": "(s_nationkey = nation.n_nationkey)","Workers": []}]}]}]}]},{"Node Type": "Index Scan","Parent Relationship": "Inner","Parallel Aware": false,"Async Capable": false,"Scan Direction": "Forward","Index Name": "idx_lineitem_orderkey","Relation Name": "lineitem","Alias": "l3","Startup Cost": 0.43,"Total Cost": 1.06,"Plan Rows": 6,"Plan Width": 8,"Actual Startup Time": 0.003,"Actual Total Time": 0.003,"Actual Rows": 1,"Actual Loops": 151237,"Index Cond": "(l_orderkey = l1.l_orderkey)","Rows Removed by Index Recheck": 0,"Filter": "((l_receiptdate > l_commitdate) AND (l_suppkey <> l1.l_suppkey))","Rows Removed by Filter": 1,"Workers": []}]}]},{"Node Type": "Index Scan","Parent Relationship": "Inner","Parallel Aware": false,"Async Capable": false,"Scan Direction": "Forward","Index Name": "idx_lineitem_orderkey","Relation Name": "lineitem","Alias": "l2","Startup Cost": 0.43,"Total Cost": 1.02,"Plan Rows": 17,"Plan Width": 8,"Actual Startup Time": 0.008,"Actual Total Time": 0.008,"Actual Rows": 1,"Actual Loops": 13313,"Index Cond": "(l_orderkey = l1.l_orderkey)","Rows Removed by Index Recheck": 0,"Filter": "(l_suppkey <> l1.l_suppkey)","Rows Removed by Filter": 1}]},{"Node Type": "Index Scan","Parent Relationship": "Inner","Parallel Aware": false,"Async Capable": false,"Scan Direction": "Forward","Index Name": "orders_pkey","Relation Name": "orders","Alias": "orders","Startup Cost": 0.43,"Total Cost": 0.51,"Plan Rows": 1,"Plan Width": 4,"Actual Startup Time": 0.008,"Actual Total Time": 0.008,"Actual Rows": 0,"Actual Loops": 7909,"Index Cond": "(o_orderkey = l1.l_orderkey)","Rows Removed by Index Recheck": 0,"Filter": "(o_orderstatus = 'F'::bpchar)","Rows Removed by Filter": 1}]}]}]}]},"Planning Time": 9.630,"Triggers": [],"Execution Time": 520.585}]
[{"Plan": {"Node Type": "Sort","Parallel Aware": false,"Async Capable": false,"Startup Cost": 147378.80,"Total Cost": 147378.81,"Plan Rows": 1,"Plan Width": 34,"Actual Startup Time": 496.555,"Actual Total Time": 517.754,"Actual Rows": 397,"Actual Loops": 1,"Sort Key": ["(count(*)) DESC", "supplier.s_name"],"Sort Method": "quicksort","Sort Space Used": 56,"Sort Space Type": "Memory","Plans": [{"Node Type": "Aggregate","Strategy": "Sorted","Partial Mode": "Simple","Parent Relationship": "Outer","Parallel Aware": false,"Async Capable": false,"Startup Cost": 147378.77,"Total Cost": 147378.79,"Plan Rows": 1,"Plan Width": 34,"Actual Startup Time": 495.361,"Actual Total Time": 517.058,"Actual Rows": 397,"Actual Loops": 1,"Group Key": ["supplier.s_name"],"Plans": [{"Node Type": "Sort","Parent Relationship": "Outer","Parallel Aware": false,"Async Capable": false,"Startup Cost": 147378.77,"Total Cost": 147378.78,"Plan Rows": 1,"Plan Width": 26,"Actual Startup Time": 495.332,"Actual Total Time": 516.651,"Actual Rows": 3913,"Actual Loops": 1,"Sort Key": ["supplier.s_name"],"Sort Method": "quicksort","Sort Space Used": 372,"Sort Space Type": "Memory","Plans": [{"Node Type": "Nested Loop","Parent Relationship": "Outer","Parallel Aware": false,"Async Capable": false,"Join Type": "Inner","Startup Cost": 1250.87,"Total Cost": 147378.76,"Plan Rows": 1,"Plan Width": 26,"Actual Startup Time": 5.355,"Actual Total Time": 505.328,"Actual Rows": 3913,"Actual Loops": 1,"Inner Unique": true,"Plans": [{"Node Type": "Nested Loop","Parent Relationship": "Outer","Parallel Aware": false,"Async Capable": false,"Join Type": "Semi","Startup Cost": 1250.44,"Total Cost": 147378.26,"Plan Rows": 1,"Plan Width": 34,"Actual Startup Time": 4.468,"Actual Total Time": 441.221,"Actual Rows": 7976,"Actual Loops": 1,"Inner Unique": false,"Plans": [{"Node Type": "Gather","Parent Relationship": "Outer","Parallel Aware": false,"Async Capable": false,"Startup Cost": 1250.01,"Total Cost": 147377.22,"Plan Rows": 1,"Plan Width": 34,"Actual Startup Time": 4.454,"Actual Total Time": 332.117,"Actual Rows": 13419,"Actual Loops": 1,"Workers Planned": 4,"Workers Launched": 4,"Single Copy": false,"Plans": [{"Node Type": "Nested Loop","Parent Relationship": "Outer","Parallel Aware": false,"Async Capable": false,"Join Type": "Anti","Startup Cost": 250.01,"Total Cost": 146377.12,"Plan Rows": 1,"Plan Width": 34,"Actual Startup Time": 5.707,"Actual Total Time": 439.562,"Actual Rows": 2684,"Actual Loops": 5,"Inner Unique": false,"Workers": [],"Plans": [{"Node Type": "Hash Join","Parent Relationship": "Outer","Parallel Aware": false,"Async Capable": false,"Join Type": "Inner","Startup Cost": 249.58,"Total Cost": 133581.65,"Plan Rows": 19990,"Plan Width": 34,"Actual Startup Time": 5.222,"Actual Total Time": 351.394,"Actual Rows": 30171,"Actual Loops": 5,"Inner Unique": false,"Hash Cond": "(l1.l_suppkey = supplier.s_suppkey)","Workers": [],"Plans": [{"Node Type": "Seq Scan","Parent Relationship": "Outer","Parallel Aware": true,"Async Capable": false,"Relation Name": "lineitem","Alias": "l1","Startup Cost": 0.00,"Total Cost": 131256.80,"Plan Rows": 500101,"Plan Width": 8,"Actual Startup Time": 0.029,"Actual Total Time": 300.354,"Actual Rows": 758659,"Actual Loops": 5,"Filter": "(l_receiptdate > l_commitdate)","Rows Removed by Filter": 441584,"Workers": []},{"Node Type": "Hash","Parent Relationship": "Inner","Parallel Aware": false,"Async Capable": false,"Startup Cost": 244.58,"Total Cost": 244.58,"Plan Rows": 400,"Plan Width": 30,"Actual Startup Time": 4.859,"Actual Total Time": 4.869,"Actual Rows": 397,"Actual Loops": 5,"Hash Buckets": 1024,"Original Hash Buckets": 1024,"Hash Batches": 1,"Original Hash Batches": 1,"Peak Memory Usage": 33,"Workers": [],"Plans": [{"Node Type": "Nested Loop","Parent Relationship": "Outer","Parallel Aware": false,"Async Capable": false,"Join Type": "Inner","Startup Cost": 7.38,"Total Cost": 244.58,"Plan Rows": 400,"Plan Width": 30,"Actual Startup Time": 0.335,"Actual Total Time": 4.677,"Actual Rows": 397,"Actual Loops": 5,"Inner Unique": false,"Workers": [],"Plans": [{"Node Type": "Seq Scan","Parent Relationship": "Outer","Parallel Aware": false,"Async Capable": false,"Relation Name": "nation","Alias": "nation","Startup Cost": 0.00,"Total Cost": 1.31,"Plan Rows": 1,"Plan Width": 4,"Actual Startup Time": 0.076,"Actual Total Time": 0.084,"Actual Rows": 1,"Actual Loops": 5,"Filter": "(n_name = 'BRAZIL'::bpchar)","Rows Removed by Filter": 24,"Workers": []},{"Node Type": "Bitmap Heap Scan","Parent Relationship": "Inner","Parallel Aware": false,"Async Capable": false,"Relation Name": "supplier","Alias": "supplier","Startup Cost": 7.38,"Total Cost": 239.27,"Plan Rows": 400,"Plan Width": 34,"Actual Startup Time": 0.255,"Actual Total Time": 4.499,"Actual Rows": 397,"Actual Loops": 5,"Recheck Cond": "(s_nationkey = nation.n_nationkey)","Rows Removed by Index Recheck": 0,"Exact Heap Blocks": 187,"Lossy Heap Blocks": 0,"Workers": [],"Plans": [{"Node Type": "Bitmap Index Scan","Parent Relationship": "Outer","Parallel Aware": false,"Async Capable": false,"Index Name": "idx_supplier_nation_key","Startup Cost": 0.00,"Total Cost": 7.29,"Plan Rows": 400,"Plan Width": 0,"Actual Startup Time": 0.169,"Actual Total Time": 0.170,"Actual Rows": 397,"Actual Loops": 5,"Index Cond": "(s_nationkey = nation.n_nationkey)","Workers": []}]}]}]}]},{"Node Type": "Index Scan","Parent Relationship": "Inner","Parallel Aware": false,"Async Capable": false,"Scan Direction": "Forward","Index Name": "idx_lineitem_orderkey","Relation Name": "lineitem","Alias": "l3","Startup Cost": 0.43,"Total Cost": 1.06,"Plan Rows": 6,"Plan Width": 8,"Actual Startup Time": 0.003,"Actual Total Time": 0.003,"Actual Rows": 1,"Actual Loops": 150857,"Index Cond": "(l_orderkey = l1.l_orderkey)","Rows Removed by Index Recheck": 0,"Filter": "((l_receiptdate > l_commitdate) AND (l_suppkey <> l1.l_suppkey))","Rows Removed by Filter": 1,"Workers": []}]}]},{"Node Type": "Index Scan","Parent Relationship": "Inner","Parallel Aware": false,"Async Capable": false,"Scan Direction": "Forward","Index Name": "idx_lineitem_orderkey","Relation Name": "lineitem","Alias": "l2","Startup Cost": 0.43,"Total Cost": 1.02,"Plan Rows": 17,"Plan Width": 8,"Actual Startup Time": 0.008,"Actual Total Time": 0.008,"Actual Rows": 1,"Actual Loops": 13419,"Index Cond": "(l_orderkey = l1.l_orderkey)","Rows Removed by Index Recheck": 0,"Filter": "(l_suppkey <> l1.l_suppkey)","Rows Removed by Filter": 1}]},{"Node Type": "Index Scan","Parent Relationship": "Inner","Parallel Aware": false,"Async Capable": false,"Scan Direction": "Forward","Index Name": "orders_pkey","Relation Name": "orders","Alias": "orders","Startup Cost": 0.43,"Total Cost": 0.51,"Plan Rows": 1,"Plan Width": 4,"Actual Startup Time": 0.008,"Actual Total Time": 0.008,"Actual Rows": 0,"Actual Loops": 7976,"Index Cond": "(o_orderkey = l1.l_orderkey)","Rows Removed by Index Recheck": 0,"Filter": "(o_orderstatus = 'F'::bpchar)","Rows Removed by Filter": 1}]}]}]}]},"Planning Time": 8.213,"Triggers": [],"Execution Time": 518.316}]
[{"Plan": {"Node Type": "Sort","Parallel Aware": false,"Async Capable": false,"Startup Cost": 147378.80,"Total Cost": 147378.81,"Plan Rows": 1,"Plan Width": 34,"Actual Startup Time": 505.815,"Actual Total Time": 525.309,"Actual Rows": 390,"Actual Loops": 1,"Sort Key": ["(count(*)) DESC", "supplier.s_name"],"Sort Method": "quicksort","Sort Space Used": 55,"Sort Space Type": "Memory","Plans": [{"Node Type": "Aggregate","Strategy": "Sorted","Partial Mode": "Simple","Parent Relationship": "Outer","Parallel Aware": false,"Async Capable": false,"Startup Cost": 147378.77,"Total Cost": 147378.79,"Plan Rows": 1,"Plan Width": 34,"Actual Startup Time": 504.634,"Actual Total Time": 524.620,"Actual Rows": 390,"Actual Loops": 1,"Group Key": ["supplier.s_name"],"Plans": [{"Node Type": "Sort","Parent Relationship": "Outer","Parallel Aware": false,"Async Capable": false,"Startup Cost": 147378.77,"Total Cost": 147378.78,"Plan Rows": 1,"Plan Width": 26,"Actual Startup Time": 504.612,"Actual Total Time": 524.224,"Actual Rows": 3844,"Actual Loops": 1,"Sort Key": ["supplier.s_name"],"Sort Method": "quicksort","Sort Space Used": 367,"Sort Space Type": "Memory","Plans": [{"Node Type": "Nested Loop","Parent Relationship": "Outer","Parallel Aware": false,"Async Capable": false,"Join Type": "Inner","Startup Cost": 1250.87,"Total Cost": 147378.76,"Plan Rows": 1,"Plan Width": 26,"Actual Startup Time": 4.787,"Actual Total Time": 512.994,"Actual Rows": 3844,"Actual Loops": 1,"Inner Unique": true,"Plans": [{"Node Type": "Nested Loop","Parent Relationship": "Outer","Parallel Aware": false,"Async Capable": false,"Join Type": "Semi","Startup Cost": 1250.44,"Total Cost": 147378.26,"Plan Rows": 1,"Plan Width": 34,"Actual Startup Time": 4.747,"Actual Total Time": 447.855,"Actual Rows": 7892,"Actual Loops": 1,"Inner Unique": false,"Plans": [{"Node Type": "Gather","Parent Relationship": "Outer","Parallel Aware": false,"Async Capable": false,"Startup Cost": 1250.01,"Total Cost": 147377.22,"Plan Rows": 1,"Plan Width": 34,"Actual Startup Time": 4.560,"Actual Total Time": 339.834,"Actual Rows": 13152,"Actual Loops": 1,"Workers Planned": 4,"Workers Launched": 4,"Single Copy": false,"Plans": [{"Node Type": "Nested Loop","Parent Relationship": "Outer","Parallel Aware": false,"Async Capable": false,"Join Type": "Anti","Startup Cost": 250.01,"Total Cost": 146377.12,"Plan Rows": 1,"Plan Width": 34,"Actual Startup Time": 5.683,"Actual Total Time": 445.299,"Actual Rows": 2630,"Actual Loops": 5,"Inner Unique": false,"Workers": [],"Plans": [{"Node Type": "Hash Join","Parent Relationship": "Outer","Parallel Aware": false,"Async Capable": false,"Join Type": "Inner","Startup Cost": 249.58,"Total Cost": 133581.65,"Plan Rows": 19990,"Plan Width": 34,"Actual Startup Time": 5.525,"Actual Total Time": 357.256,"Actual Rows": 29502,"Actual Loops": 5,"Inner Unique": false,"Hash Cond": "(l1.l_suppkey = supplier.s_suppkey)","Workers": [],"Plans": [{"Node Type": "Seq Scan","Parent Relationship": "Outer","Parallel Aware": true,"Async Capable": false,"Relation Name": "lineitem","Alias": "l1","Startup Cost": 0.00,"Total Cost": 131256.80,"Plan Rows": 500101,"Plan Width": 8,"Actual Startup Time": 0.033,"Actual Total Time": 305.756,"Actual Rows": 758659,"Actual Loops": 5,"Filter": "(l_receiptdate > l_commitdate)","Rows Removed by Filter": 441584,"Workers": []},{"Node Type": "Hash","Parent Relationship": "Inner","Parallel Aware": false,"Async Capable": false,"Startup Cost": 244.58,"Total Cost": 244.58,"Plan Rows": 400,"Plan Width": 30,"Actual Startup Time": 5.155,"Actual Total Time": 5.167,"Actual Rows": 390,"Actual Loops": 5,"Hash Buckets": 1024,"Original Hash Buckets": 1024,"Hash Batches": 1,"Original Hash Batches": 1,"Peak Memory Usage": 33,"Workers": [],"Plans": [{"Node Type": "Nested Loop","Parent Relationship": "Outer","Parallel Aware": false,"Async Capable": false,"Join Type": "Inner","Startup Cost": 7.38,"Total Cost": 244.58,"Plan Rows": 400,"Plan Width": 30,"Actual Startup Time": 0.295,"Actual Total Time": 4.960,"Actual Rows": 390,"Actual Loops": 5,"Inner Unique": false,"Workers": [],"Plans": [{"Node Type": "Seq Scan","Parent Relationship": "Outer","Parallel Aware": false,"Async Capable": false,"Relation Name": "nation","Alias": "nation","Startup Cost": 0.00,"Total Cost": 1.31,"Plan Rows": 1,"Plan Width": 4,"Actual Startup Time": 0.065,"Actual Total Time": 0.070,"Actual Rows": 1,"Actual Loops": 5,"Filter": "(n_name = 'UNITED KINGDOM'::bpchar)","Rows Removed by Filter": 24,"Workers": []},{"Node Type": "Bitmap Heap Scan","Parent Relationship": "Inner","Parallel Aware": false,"Async Capable": false,"Relation Name": "supplier","Alias": "supplier","Startup Cost": 7.38,"Total Cost": 239.27,"Plan Rows": 400,"Plan Width": 34,"Actual Startup Time": 0.224,"Actual Total Time": 4.798,"Actual Rows": 390,"Actual Loops": 5,"Recheck Cond": "(s_nationkey = nation.n_nationkey)","Rows Removed by Index Recheck": 0,"Exact Heap Blocks": 190,"Lossy Heap Blocks": 0,"Workers": [],"Plans": [{"Node Type": "Bitmap Index Scan","Parent Relationship": "Outer","Parallel Aware": false,"Async Capable": false,"Index Name": "idx_supplier_nation_key","Startup Cost": 0.00,"Total Cost": 7.29,"Plan Rows": 400,"Plan Width": 0,"Actual Startup Time": 0.138,"Actual Total Time": 0.139,"Actual Rows": 390,"Actual Loops": 5,"Index Cond": "(s_nationkey = nation.n_nationkey)","Workers": []}]}]}]}]},{"Node Type": "Index Scan","Parent Relationship": "Inner","Parallel Aware": false,"Async Capable": false,"Scan Direction": "Forward","Index Name": "idx_lineitem_orderkey","Relation Name": "lineitem","Alias": "l3","Startup Cost": 0.43,"Total Cost": 1.06,"Plan Rows": 6,"Plan Width": 8,"Actual Startup Time": 0.003,"Actual Total Time": 0.003,"Actual Rows": 1,"Actual Loops": 147510,"Index Cond": "(l_orderkey = l1.l_orderkey)","Rows Removed by Index Recheck": 0,"Filter": "((l_receiptdate > l_commitdate) AND (l_suppkey <> l1.l_suppkey))","Rows Removed by Filter": 1,"Workers": []}]}]},{"Node Type": "Index Scan","Parent Relationship": "Inner","Parallel Aware": false,"Async Capable": false,"Scan Direction": "Forward","Index Name": "idx_lineitem_orderkey","Relation Name": "lineitem","Alias": "l2","Startup Cost": 0.43,"Total Cost": 1.02,"Plan Rows": 17,"Plan Width": 8,"Actual Startup Time": 0.008,"Actual Total Time": 0.008,"Actual Rows": 1,"Actual Loops": 13152,"Index Cond": "(l_orderkey = l1.l_orderkey)","Rows Removed by Index Recheck": 0,"Filter": "(l_suppkey <> l1.l_suppkey)","Rows Removed by Filter": 1}]},{"Node Type": "Index Scan","Parent Relationship": "Inner","Parallel Aware": false,"Async Capable": false,"Scan Direction": "Forward","Index Name": "orders_pkey","Relation Name": "orders","Alias": "orders","Startup Cost": 0.43,"Total Cost": 0.51,"Plan Rows": 1,"Plan Width": 4,"Actual Startup Time": 0.008,"Actual Total Time": 0.008,"Actual Rows": 0,"Actual Loops": 7892,"Index Cond": "(o_orderkey = l1.l_orderkey)","Rows Removed by Index Recheck": 0,"Filter": "(o_orderstatus = 'F'::bpchar)","Rows Removed by Filter": 1}]}]}]}]},"Planning Time": 10.043,"Triggers": [],"Execution Time": 525.836}]
[{"Plan": {"Node Type": "Sort","Parallel Aware": false,"Async Capable": false,"Startup Cost": 147378.80,"Total Cost": 147378.81,"Plan Rows": 1,"Plan Width": 34,"Actual Startup Time": 507.691,"Actual Total Time": 527.119,"Actual Rows": 411,"Actual Loops": 1,"Sort Key": ["(count(*)) DESC", "supplier.s_name"],"Sort Method": "quicksort","Sort Space Used": 57,"Sort Space Type": "Memory","Plans": [{"Node Type": "Aggregate","Strategy": "Sorted","Partial Mode": "Simple","Parent Relationship": "Outer","Parallel Aware": false,"Async Capable": false,"Startup Cost": 147378.77,"Total Cost": 147378.79,"Plan Rows": 1,"Plan Width": 34,"Actual Startup Time": 506.441,"Actual Total Time": 526.395,"Actual Rows": 411,"Actual Loops": 1,"Group Key": ["supplier.s_name"],"Plans": [{"Node Type": "Sort","Parent Relationship": "Outer","Parallel Aware": false,"Async Capable": false,"Startup Cost": 147378.77,"Total Cost": 147378.78,"Plan Rows": 1,"Plan Width": 26,"Actual Startup Time": 506.413,"Actual Total Time": 525.969,"Actual Rows": 4141,"Actual Loops": 1,"Sort Key": ["supplier.s_name"],"Sort Method": "quicksort","Sort Space Used": 484,"Sort Space Type": "Memory","Plans": [{"Node Type": "Nested Loop","Parent Relationship": "Outer","Parallel Aware": false,"Async Capable": false,"Join Type": "Inner","Startup Cost": 1250.87,"Total Cost": 147378.76,"Plan Rows": 1,"Plan Width": 26,"Actual Startup Time": 4.973,"Actual Total Time": 514.878,"Actual Rows": 4141,"Actual Loops": 1,"Inner Unique": true,"Plans": [{"Node Type": "Nested Loop","Parent Relationship": "Outer","Parallel Aware": false,"Async Capable": false,"Join Type": "Semi","Startup Cost": 1250.44,"Total Cost": 147378.26,"Plan Rows": 1,"Plan Width": 34,"Actual Startup Time": 4.329,"Actual Total Time": 453.804,"Actual Rows": 8357,"Actual Loops": 1,"Inner Unique": false,"Plans": [{"Node Type": "Gather","Parent Relationship": "Outer","Parallel Aware": false,"Async Capable": false,"Startup Cost": 1250.01,"Total Cost": 147377.22,"Plan Rows": 1,"Plan Width": 34,"Actual Startup Time": 4.312,"Actual Total Time": 350.336,"Actual Rows": 13859,"Actual Loops": 1,"Workers Planned": 4,"Workers Launched": 4,"Single Copy": false,"Plans": [{"Node Type": "Nested Loop","Parent Relationship": "Outer","Parallel Aware": false,"Async Capable": false,"Join Type": "Anti","Startup Cost": 250.01,"Total Cost": 146377.12,"Plan Rows": 1,"Plan Width": 34,"Actual Startup Time": 4.818,"Actual Total Time": 450.256,"Actual Rows": 2772,"Actual Loops": 5,"Inner Unique": false,"Workers": [],"Plans": [{"Node Type": "Hash Join","Parent Relationship": "Outer","Parallel Aware": false,"Async Capable": false,"Join Type": "Inner","Startup Cost": 249.58,"Total Cost": 133581.65,"Plan Rows": 19990,"Plan Width": 34,"Actual Startup Time": 4.474,"Actual Total Time": 357.672,"Actual Rows": 31348,"Actual Loops": 5,"Inner Unique": false,"Hash Cond": "(l1.l_suppkey = supplier.s_suppkey)","Workers": [],"Plans": [{"Node Type": "Seq Scan","Parent Relationship": "Outer","Parallel Aware": true,"Async Capable": false,"Relation Name": "lineitem","Alias": "l1","Startup Cost": 0.00,"Total Cost": 131256.80,"Plan Rows": 500101,"Plan Width": 8,"Actual Startup Time": 0.028,"Actual Total Time": 306.873,"Actual Rows": 758659,"Actual Loops": 5,"Filter": "(l_receiptdate > l_commitdate)","Rows Removed by Filter": 441584,"Workers": []},{"Node Type": "Hash","Parent Relationship": "Inner","Parallel Aware": false,"Async Capable": false,"Startup Cost": 244.58,"Total Cost": 244.58,"Plan Rows": 400,"Plan Width": 30,"Actual Startup Time": 4.175,"Actual Total Time": 4.188,"Actual Rows": 411,"Actual Loops": 5,"Hash Buckets": 1024,"Original Hash Buckets": 1024,"Hash Batches": 1,"Original Hash Batches": 1,"Peak Memory Usage": 34,"Workers": [],"Plans": [{"Node Type": "Nested Loop","Parent Relationship": "Outer","Parallel Aware": false,"Async Capable": false,"Join Type": "Inner","Startup Cost": 7.38,"Total Cost": 244.58,"Plan Rows": 400,"Plan Width": 30,"Actual Startup Time": 0.256,"Actual Total Time": 4.027,"Actual Rows": 411,"Actual Loops": 5,"Inner Unique": false,"Workers": [],"Plans": [{"Node Type": "Seq Scan","Parent Relationship": "Outer","Parallel Aware": false,"Async Capable": false,"Relation Name": "nation","Alias": "nation","Startup Cost": 0.00,"Total Cost": 1.31,"Plan Rows": 1,"Plan Width": 4,"Actual Startup Time": 0.047,"Actual Total Time": 0.051,"Actual Rows": 1,"Actual Loops": 5,"Filter": "(n_name = 'SAUDI ARABIA'::bpchar)","Rows Removed by Filter": 24,"Workers": []},{"Node Type": "Bitmap Heap Scan","Parent Relationship": "Inner","Parallel Aware": false,"Async Capable": false,"Relation Name": "supplier","Alias": "supplier","Startup Cost": 7.38,"Total Cost": 239.27,"Plan Rows": 400,"Plan Width": 34,"Actual Startup Time": 0.204,"Actual Total Time": 3.890,"Actual Rows": 411,"Actual Loops": 5,"Recheck Cond": "(s_nationkey = nation.n_nationkey)","Rows Removed by Index Recheck": 0,"Exact Heap Blocks": 182,"Lossy Heap Blocks": 0,"Workers": [],"Plans": [{"Node Type": "Bitmap Index Scan","Parent Relationship": "Outer","Parallel Aware": false,"Async Capable": false,"Index Name": "idx_supplier_nation_key","Startup Cost": 0.00,"Total Cost": 7.29,"Plan Rows": 400,"Plan Width": 0,"Actual Startup Time": 0.143,"Actual Total Time": 0.145,"Actual Rows": 411,"Actual Loops": 5,"Index Cond": "(s_nationkey = nation.n_nationkey)","Workers": []}]}]}]}]},{"Node Type": "Index Scan","Parent Relationship": "Inner","Parallel Aware": false,"Async Capable": false,"Scan Direction": "Forward","Index Name": "idx_lineitem_orderkey","Relation Name": "lineitem","Alias": "l3","Startup Cost": 0.43,"Total Cost": 1.06,"Plan Rows": 6,"Plan Width": 8,"Actual Startup Time": 0.003,"Actual Total Time": 0.003,"Actual Rows": 1,"Actual Loops": 156739,"Index Cond": "(l_orderkey = l1.l_orderkey)","Rows Removed by Index Recheck": 0,"Filter": "((l_receiptdate > l_commitdate) AND (l_suppkey <> l1.l_suppkey))","Rows Removed by Filter": 1,"Workers": []}]}]},{"Node Type": "Index Scan","Parent Relationship": "Inner","Parallel Aware": false,"Async Capable": false,"Scan Direction": "Forward","Index Name": "idx_lineitem_orderkey","Relation Name": "lineitem","Alias": "l2","Startup Cost": 0.43,"Total Cost": 1.02,"Plan Rows": 17,"Plan Width": 8,"Actual Startup Time": 0.007,"Actual Total Time": 0.007,"Actual Rows": 1,"Actual Loops": 13859,"Index Cond": "(l_orderkey = l1.l_orderkey)","Rows Removed by Index Recheck": 0,"Filter": "(l_suppkey <> l1.l_suppkey)","Rows Removed by Filter": 1}]},{"Node Type": "Index Scan","Parent Relationship": "Inner","Parallel Aware": false,"Async Capable": false,"Scan Direction": "Forward","Index Name": "orders_pkey","Relation Name": "orders","Alias": "orders","Startup Cost": 0.43,"Total Cost": 0.51,"Plan Rows": 1,"Plan Width": 4,"Actual Startup Time": 0.007,"Actual Total Time": 0.007,"Actual Rows": 0,"Actual Loops": 8357,"Index Cond": "(o_orderkey = l1.l_orderkey)","Rows Removed by Index Recheck": 0,"Filter": "(o_orderstatus = 'F'::bpchar)","Rows Removed by Filter": 1}]}]}]}]},"Planning Time": 9.483,"Triggers": [],"Execution Time": 527.804}]
[{"Plan": {"Node Type": "Sort","Parallel Aware": false,"Async Capable": false,"Startup Cost": 147378.80,"Total Cost": 147378.81,"Plan Rows": 1,"Plan Width": 34,"Actual Startup Time": 510.910,"Actual Total Time": 530.461,"Actual Rows": 420,"Actual Loops": 1,"Sort Key": ["(count(*)) DESC", "supplier.s_name"],"Sort Method": "quicksort","Sort Space Used": 57,"Sort Space Type": "Memory","Plans": [{"Node Type": "Aggregate","Strategy": "Sorted","Partial Mode": "Simple","Parent Relationship": "Outer","Parallel Aware": false,"Async Capable": false,"Startup Cost": 147378.77,"Total Cost": 147378.79,"Plan Rows": 1,"Plan Width": 34,"Actual Startup Time": 509.613,"Actual Total Time": 529.683,"Actual Rows": 420,"Actual Loops": 1,"Group Key": ["supplier.s_name"],"Plans": [{"Node Type": "Sort","Parent Relationship": "Outer","Parallel Aware": false,"Async Capable": false,"Startup Cost": 147378.77,"Total Cost": 147378.78,"Plan Rows": 1,"Plan Width": 26,"Actual Startup Time": 509.594,"Actual Total Time": 529.267,"Actual Rows": 4090,"Actual Loops": 1,"Sort Key": ["supplier.s_name"],"Sort Method": "quicksort","Sort Space Used": 384,"Sort Space Type": "Memory","Plans": [{"Node Type": "Nested Loop","Parent Relationship": "Outer","Parallel Aware": false,"Async Capable": false,"Join Type": "Inner","Startup Cost": 1250.87,"Total Cost": 147378.76,"Plan Rows": 1,"Plan Width": 26,"Actual Startup Time": 4.580,"Actual Total Time": 518.201,"Actual Rows": 4090,"Actual Loops": 1,"Inner Unique": true,"Plans": [{"Node Type": "Nested Loop","Parent Relationship": "Outer","Parallel Aware": false,"Async Capable": false,"Join Type": "Semi","Startup Cost": 1250.44,"Total Cost": 147378.26,"Plan Rows": 1,"Plan Width": 34,"Actual Startup Time": 4.545,"Actual Total Time": 454.390,"Actual Rows": 8430,"Actual Loops": 1,"Inner Unique": false,"Plans": [{"Node Type": "Gather","Parent Relationship": "Outer","Parallel Aware": false,"Async Capable": false,"Startup Cost": 1250.01,"Total Cost": 147377.22,"Plan Rows": 1,"Plan Width": 34,"Actual Startup Time": 4.342,"Actual Total Time": 344.810,"Actual Rows": 14089,"Actual Loops": 1,"Workers Planned": 4,"Workers Launched": 4,"Single Copy": false,"Plans": [{"Node Type": "Nested Loop","Parent Relationship": "Outer","Parallel Aware": false,"Async Capable": false,"Join Type": "Anti","Startup Cost": 250.01,"Total Cost": 146377.12,"Plan Rows": 1,"Plan Width": 34,"Actual Startup Time": 5.491,"Actual Total Time": 451.438,"Actual Rows": 2818,"Actual Loops": 5,"Inner Unique": false,"Workers": [],"Plans": [{"Node Type": "Hash Join","Parent Relationship": "Outer","Parallel Aware": false,"Async Capable": false,"Join Type": "Inner","Startup Cost": 249.58,"Total Cost": 133581.65,"Plan Rows": 19990,"Plan Width": 34,"Actual Startup Time": 5.196,"Actual Total Time": 357.512,"Actual Rows": 31960,"Actual Loops": 5,"Inner Unique": false,"Hash Cond": "(l1.l_suppkey = supplier.s_suppkey)","Workers": [],"Plans": [{"Node Type": "Seq Scan","Parent Relationship": "Outer","Parallel Aware": true,"Async Capable": false,"Relation Name": "lineitem","Alias": "l1","Startup Cost": 0.00,"Total Cost": 131256.80,"Plan Rows": 500101,"Plan Width": 8,"Actual Startup Time": 0.027,"Actual Total Time": 305.923,"Actual Rows": 758659,"Actual Loops": 5,"Filter": "(l_receiptdate > l_commitdate)","Rows Removed by Filter": 441584,"Workers": []},{"Node Type": "Hash","Parent Relationship": "Inner","Parallel Aware": false,"Async Capable": false,"Startup Cost": 244.58,"Total Cost": 244.58,"Plan Rows": 400,"Plan Width": 30,"Actual Startup Time": 4.831,"Actual Total Time": 4.844,"Actual Rows": 420,"Actual Loops": 5,"Hash Buckets": 1024,"Original Hash Buckets": 1024,"Hash Batches": 1,"Original Hash Batches": 1,"Peak Memory Usage": 35,"Workers": [],"Plans": [{"Node Type": "Nested Loop","Parent Relationship": "Outer","Parallel Aware": false,"Async Capable": false,"Join Type": "Inner","Startup Cost": 7.38,"Total Cost": 244.58,"Plan Rows": 400,"Plan Width": 30,"Actual Startup Time": 0.275,"Actual Total Time": 4.655,"Actual Rows": 420,"Actual Loops": 5,"Inner Unique": false,"Workers": [],"Plans": [{"Node Type": "Seq Scan","Parent Relationship": "Outer","Parallel Aware": false,"Async Capable": false,"Relation Name": "nation","Alias": "nation","Startup Cost": 0.00,"Total Cost": 1.31,"Plan Rows": 1,"Plan Width": 4,"Actual Startup Time": 0.047,"Actual Total Time": 0.057,"Actual Rows": 1,"Actual Loops": 5,"Filter": "(n_name = 'ALGERIA'::bpchar)","Rows Removed by Filter": 24,"Workers": []},{"Node Type": "Bitmap Heap Scan","Parent Relationship": "Inner","Parallel Aware": false,"Async Capable": false,"Relation Name": "supplier","Alias": "supplier","Startup Cost": 7.38,"Total Cost": 239.27,"Plan Rows": 400,"Plan Width": 34,"Actual Startup Time": 0.222,"Actual Total Time": 4.505,"Actual Rows": 420,"Actual Loops": 5,"Recheck Cond": "(s_nationkey = nation.n_nationkey)","Rows Removed by Index Recheck": 0,"Exact Heap Blocks": 197,"Lossy Heap Blocks": 0,"Workers": [],"Plans": [{"Node Type": "Bitmap Index Scan","Parent Relationship": "Outer","Parallel Aware": false,"Async Capable": false,"Index Name": "idx_supplier_nation_key","Startup Cost": 0.00,"Total Cost": 7.29,"Plan Rows": 400,"Plan Width": 0,"Actual Startup Time": 0.137,"Actual Total Time": 0.140,"Actual Rows": 420,"Actual Loops": 5,"Index Cond": "(s_nationkey = nation.n_nationkey)","Workers": []}]}]}]}]},{"Node Type": "Index Scan","Parent Relationship": "Inner","Parallel Aware": false,"Async Capable": false,"Scan Direction": "Forward","Index Name": "idx_lineitem_orderkey","Relation Name": "lineitem","Alias": "l3","Startup Cost": 0.43,"Total Cost": 1.06,"Plan Rows": 6,"Plan Width": 8,"Actual Startup Time": 0.003,"Actual Total Time": 0.003,"Actual Rows": 1,"Actual Loops": 159800,"Index Cond": "(l_orderkey = l1.l_orderkey)","Rows Removed by Index Recheck": 0,"Filter": "((l_receiptdate > l_commitdate) AND (l_suppkey <> l1.l_suppkey))","Rows Removed by Filter": 1,"Workers": []}]}]},{"Node Type": "Index Scan","Parent Relationship": "Inner","Parallel Aware": false,"Async Capable": false,"Scan Direction": "Forward","Index Name": "idx_lineitem_orderkey","Relation Name": "lineitem","Alias": "l2","Startup Cost": 0.43,"Total Cost": 1.02,"Plan Rows": 17,"Plan Width": 8,"Actual Startup Time": 0.007,"Actual Total Time": 0.007,"Actual Rows": 1,"Actual Loops": 14089,"Index Cond": "(l_orderkey = l1.l_orderkey)","Rows Removed by Index Recheck": 0,"Filter": "(l_suppkey <> l1.l_suppkey)","Rows Removed by Filter": 1}]},{"Node Type": "Index Scan","Parent Relationship": "Inner","Parallel Aware": false,"Async Capable": false,"Scan Direction": "Forward","Index Name": "orders_pkey","Relation Name": "orders","Alias": "orders","Startup Cost": 0.43,"Total Cost": 0.51,"Plan Rows": 1,"Plan Width": 4,"Actual Startup Time": 0.007,"Actual Total Time": 0.007,"Actual Rows": 0,"Actual Loops": 8430,"Index Cond": "(o_orderkey = l1.l_orderkey)","Rows Removed by Index Recheck": 0,"Filter": "(o_orderstatus = 'F'::bpchar)","Rows Removed by Filter": 1}]}]}]}]},"Planning Time": 9.770,"Triggers": [],"Execution Time": 531.084}]
[{"Plan": {"Node Type": "Sort","Parallel Aware": false,"Async Capable": false,"Startup Cost": 147378.80,"Total Cost": 147378.81,"Plan Rows": 1,"Plan Width": 34,"Actual Startup Time": 496.555,"Actual Total Time": 517.754,"Actual Rows": 397,"Actual Loops": 1,"Sort Key": ["(count(*)) DESC", "supplier.s_name"],"Sort Method": "quicksort","Sort Space Used": 56,"Sort Space Type": "Memory","Plans": [{"Node Type": "Aggregate","Strategy": "Sorted","Partial Mode": "Simple","Parent Relationship": "Outer","Parallel Aware": false,"Async Capable": false,"Startup Cost": 147378.77,"Total Cost": 147378.79,"Plan Rows": 1,"Plan Width": 34,"Actual Startup Time": 495.361,"Actual Total Time": 517.058,"Actual Rows": 397,"Actual Loops": 1,"Group Key": ["supplier.s_name"],"Plans": [{"Node Type": "Sort","Parent Relationship": "Outer","Parallel Aware": false,"Async Capable": false,"Startup Cost": 147378.77,"Total Cost": 147378.78,"Plan Rows": 1,"Plan Width": 26,"Actual Startup Time": 495.332,"Actual Total Time": 516.651,"Actual Rows": 3913,"Actual Loops": 1,"Sort Key": ["supplier.s_name"],"Sort Method": "quicksort","Sort Space Used": 372,"Sort Space Type": "Memory","Plans": [{"Node Type": "Nested Loop","Parent Relationship": "Outer","Parallel Aware": false,"Async Capable": false,"Join Type": "Inner","Startup Cost": 1250.87,"Total Cost": 147378.76,"Plan Rows": 1,"Plan Width": 26,"Actual Startup Time": 5.355,"Actual Total Time": 505.328,"Actual Rows": 3913,"Actual Loops": 1,"Inner Unique": true,"Plans": [{"Node Type": "Nested Loop","Parent Relationship": "Outer","Parallel Aware": false,"Async Capable": false,"Join Type": "Semi","Startup Cost": 1250.44,"Total Cost": 147378.26,"Plan Rows": 1,"Plan Width": 34,"Actual Startup Time": 4.468,"Actual Total Time": 441.221,"Actual Rows": 7976,"Actual Loops": 1,"Inner Unique": false,"Plans": [{"Node Type": "Gather","Parent Relationship": "Outer","Parallel Aware": false,"Async Capable": false,"Startup Cost": 1250.01,"Total Cost": 147377.22,"Plan Rows": 1,"Plan Width": 34,"Actual Startup Time": 4.454,"Actual Total Time": 332.117,"Actual Rows": 13419,"Actual Loops": 1,"Workers Planned": 4,"Workers Launched": 4,"Single Copy": false,"Plans": [{"Node Type": "Nested Loop","Parent Relationship": "Outer","Parallel Aware": false,"Async Capable": false,"Join Type": "Anti","Startup Cost": 250.01,"Total Cost": 146377.12,"Plan Rows": 1,"Plan Width": 34,"Actual Startup Time": 5.707,"Actual Total Time": 439.562,"Actual Rows": 2684,"Actual Loops": 5,"Inner Unique": false,"Workers": [],"Plans": [{"Node Type": "Hash Join","Parent Relationship": "Outer","Parallel Aware": false,"Async Capable": false,"Join Type": "Inner","Startup Cost": 249.58,"Total Cost": 133581.65,"Plan Rows": 19990,"Plan Width": 34,"Actual Startup Time": 5.222,"Actual Total Time": 351.394,"Actual Rows": 30171,"Actual Loops": 5,"Inner Unique": false,"Hash Cond": "(l1.l_suppkey = supplier.s_suppkey)","Workers": [],"Plans": [{"Node Type": "Seq Scan","Parent Relationship": "Outer","Parallel Aware": true,"Async Capable": false,"Relation Name": "lineitem","Alias": "l1","Startup Cost": 0.00,"Total Cost": 131256.80,"Plan Rows": 500101,"Plan Width": 8,"Actual Startup Time": 0.029,"Actual Total Time": 300.354,"Actual Rows": 758659,"Actual Loops": 5,"Filter": "(l_receiptdate > l_commitdate)","Rows Removed by Filter": 441584,"Workers": []},{"Node Type": "Hash","Parent Relationship": "Inner","Parallel Aware": false,"Async Capable": false,"Startup Cost": 244.58,"Total Cost": 244.58,"Plan Rows": 400,"Plan Width": 30,"Actual Startup Time": 4.859,"Actual Total Time": 4.869,"Actual Rows": 397,"Actual Loops": 5,"Hash Buckets": 1024,"Original Hash Buckets": 1024,"Hash Batches": 1,"Original Hash Batches": 1,"Peak Memory Usage": 33,"Workers": [],"Plans": [{"Node Type": "Nested Loop","Parent Relationship": "Outer","Parallel Aware": false,"Async Capable": false,"Join Type": "Inner","Startup Cost": 7.38,"Total Cost": 244.58,"Plan Rows": 400,"Plan Width": 30,"Actual Startup Time": 0.335,"Actual Total Time": 4.677,"Actual Rows": 397,"Actual Loops": 5,"Inner Unique": false,"Workers": [],"Plans": [{"Node Type": "Seq Scan","Parent Relationship": "Outer","Parallel Aware": false,"Async Capable": false,"Relation Name": "nation","Alias": "nation","Startup Cost": 0.00,"Total Cost": 1.31,"Plan Rows": 1,"Plan Width": 4,"Actual Startup Time": 0.076,"Actual Total Time": 0.084,"Actual Rows": 1,"Actual Loops": 5,"Filter": "(n_name = 'BRAZIL'::bpchar)","Rows Removed by Filter": 24,"Workers": []},{"Node Type": "Bitmap Heap Scan","Parent Relationship": "Inner","Parallel Aware": false,"Async Capable": false,"Relation Name": "supplier","Alias": "supplier","Startup Cost": 7.38,"Total Cost": 239.27,"Plan Rows": 400,"Plan Width": 34,"Actual Startup Time": 0.255,"Actual Total Time": 4.499,"Actual Rows": 397,"Actual Loops": 5,"Recheck Cond": "(s_nationkey = nation.n_nationkey)","Rows Removed by Index Recheck": 0,"Exact Heap Blocks": 187,"Lossy Heap Blocks": 0,"Workers": [],"Plans": [{"Node Type": "Bitmap Index Scan","Parent Relationship": "Outer","Parallel Aware": false,"Async Capable": false,"Index Name": "idx_supplier_nation_key","Startup Cost": 0.00,"Total Cost": 7.29,"Plan Rows": 400,"Plan Width": 0,"Actual Startup Time": 0.169,"Actual Total Time": 0.170,"Actual Rows": 397,"Actual Loops": 5,"Index Cond": "(s_nationkey = nation.n_nationkey)","Workers": []}]}]}]}]},{"Node Type": "Index Scan","Parent Relationship": "Inner","Parallel Aware": false,"Async Capable": false,"Scan Direction": "Forward","Index Name": "idx_lineitem_orderkey","Relation Name": "lineitem","Alias": "l3","Startup Cost": 0.43,"Total Cost": 1.06,"Plan Rows": 6,"Plan Width": 8,"Actual Startup Time": 0.003,"Actual Total Time": 0.003,"Actual Rows": 1,"Actual Loops": 150857,"Index Cond": "(l_orderkey = l1.l_orderkey)","Rows Removed by Index Recheck": 0,"Filter": "((l_receiptdate > l_commitdate) AND (l_suppkey <> l1.l_suppkey))","Rows Removed by Filter": 1,"Workers": []}]}]},{"Node Type": "Index Scan","Parent Relationship": "Inner","Parallel Aware": false,"Async Capable": false,"Scan Direction": "Forward","Index Name": "idx_lineitem_orderkey","Relation Name": "lineitem","Alias": "l2","Startup Cost": 0.43,"Total Cost": 1.02,"Plan Rows": 17,"Plan Width": 8,"Actual Startup Time": 0.008,"Actual Total Time": 0.008,"Actual Rows": 1,"Actual Loops": 13419,"Index Cond": "(l_orderkey = l1.l_orderkey)","Rows Removed by Index Recheck": 0,"Filter": "(l_suppkey <> l1.l_suppkey)","Rows Removed by Filter": 1}]},{"Node Type": "Index Scan","Parent Relationship": "Inner","Parallel Aware": false,"Async Capable": false,"Scan Direction": "Forward","Index Name": "orders_pkey","Relation Name": "orders","Alias": "orders","Startup Cost": 0.43,"Total Cost": 0.51,"Plan Rows": 1,"Plan Width": 4,"Actual Startup Time": 0.008,"Actual Total Time": 0.008,"Actual Rows": 0,"Actual Loops": 7976,"Index Cond": "(o_orderkey = l1.l_orderkey)","Rows Removed by Index Recheck": 0,"Filter": "(o_orderstatus = 'F'::bpchar)","Rows Removed by Filter": 1}]}]}]}]},"Planning Time": 8.213,"Triggers": [],"Execution Time": 518.316}]
[{"Plan": {"Node Type": "Sort","Parallel Aware": false,"Async Capable": false,"Startup Cost": 147378.80,"Total Cost": 147378.81,"Plan Rows": 1,"Plan Width": 34,"Actual Startup Time": 507.691,"Actual Total Time": 527.119,"Actual Rows": 411,"Actual Loops": 1,"Sort Key": ["(count(*)) DESC", "supplier.s_name"],"Sort Method": "quicksort","Sort Space Used": 57,"Sort Space Type": "Memory","Plans": [{"Node Type": "Aggregate","Strategy": "Sorted","Partial Mode": "Simple","Parent Relationship": "Outer","Parallel Aware": false,"Async Capable": false,"Startup Cost": 147378.77,"Total Cost": 147378.79,"Plan Rows": 1,"Plan Width": 34,"Actual Startup Time": 506.441,"Actual Total Time": 526.395,"Actual Rows": 411,"Actual Loops": 1,"Group Key": ["supplier.s_name"],"Plans": [{"Node Type": "Sort","Parent Relationship": "Outer","Parallel Aware": false,"Async Capable": false,"Startup Cost": 147378.77,"Total Cost": 147378.78,"Plan Rows": 1,"Plan Width": 26,"Actual Startup Time": 506.413,"Actual Total Time": 525.969,"Actual Rows": 4141,"Actual Loops": 1,"Sort Key": ["supplier.s_name"],"Sort Method": "quicksort","Sort Space Used": 484,"Sort Space Type": "Memory","Plans": [{"Node Type": "Nested Loop","Parent Relationship": "Outer","Parallel Aware": false,"Async Capable": false,"Join Type": "Inner","Startup Cost": 1250.87,"Total Cost": 147378.76,"Plan Rows": 1,"Plan Width": 26,"Actual Startup Time": 4.973,"Actual Total Time": 514.878,"Actual Rows": 4141,"Actual Loops": 1,"Inner Unique": true,"Plans": [{"Node Type": "Nested Loop","Parent Relationship": "Outer","Parallel Aware": false,"Async Capable": false,"Join Type": "Semi","Startup Cost": 1250.44,"Total Cost": 147378.26,"Plan Rows": 1,"Plan Width": 34,"Actual Startup Time": 4.329,"Actual Total Time": 453.804,"Actual Rows": 8357,"Actual Loops": 1,"Inner Unique": false,"Plans": [{"Node Type": "Gather","Parent Relationship": "Outer","Parallel Aware": false,"Async Capable": false,"Startup Cost": 1250.01,"Total Cost": 147377.22,"Plan Rows": 1,"Plan Width": 34,"Actual Startup Time": 4.312,"Actual Total Time": 350.336,"Actual Rows": 13859,"Actual Loops": 1,"Workers Planned": 4,"Workers Launched": 4,"Single Copy": false,"Plans": [{"Node Type": "Nested Loop","Parent Relationship": "Outer","Parallel Aware": false,"Async Capable": false,"Join Type": "Anti","Startup Cost": 250.01,"Total Cost": 146377.12,"Plan Rows": 1,"Plan Width": 34,"Actual Startup Time": 4.818,"Actual Total Time": 450.256,"Actual Rows": 2772,"Actual Loops": 5,"Inner Unique": false,"Workers": [],"Plans": [{"Node Type": "Hash Join","Parent Relationship": "Outer","Parallel Aware": false,"Async Capable": false,"Join Type": "Inner","Startup Cost": 249.58,"Total Cost": 133581.65,"Plan Rows": 19990,"Plan Width": 34,"Actual Startup Time": 4.474,"Actual Total Time": 357.672,"Actual Rows": 31348,"Actual Loops": 5,"Inner Unique": false,"Hash Cond": "(l1.l_suppkey = supplier.s_suppkey)","Workers": [],"Plans": [{"Node Type": "Seq Scan","Parent Relationship": "Outer","Parallel Aware": true,"Async Capable": false,"Relation Name": "lineitem","Alias": "l1","Startup Cost": 0.00,"Total Cost": 131256.80,"Plan Rows": 500101,"Plan Width": 8,"Actual Startup Time": 0.028,"Actual Total Time": 306.873,"Actual Rows": 758659,"Actual Loops": 5,"Filter": "(l_receiptdate > l_commitdate)","Rows Removed by Filter": 441584,"Workers": []},{"Node Type": "Hash","Parent Relationship": "Inner","Parallel Aware": false,"Async Capable": false,"Startup Cost": 244.58,"Total Cost": 244.58,"Plan Rows": 400,"Plan Width": 30,"Actual Startup Time": 4.175,"Actual Total Time": 4.188,"Actual Rows": 411,"Actual Loops": 5,"Hash Buckets": 1024,"Original Hash Buckets": 1024,"Hash Batches": 1,"Original Hash Batches": 1,"Peak Memory Usage": 34,"Workers": [],"Plans": [{"Node Type": "Nested Loop","Parent Relationship": "Outer","Parallel Aware": false,"Async Capable": false,"Join Type": "Inner","Startup Cost": 7.38,"Total Cost": 244.58,"Plan Rows": 400,"Plan Width": 30,"Actual Startup Time": 0.256,"Actual Total Time": 4.027,"Actual Rows": 411,"Actual Loops": 5,"Inner Unique": false,"Workers": [],"Plans": [{"Node Type": "Seq Scan","Parent Relationship": "Outer","Parallel Aware": false,"Async Capable": false,"Relation Name": "nation","Alias": "nation","Startup Cost": 0.00,"Total Cost": 1.31,"Plan Rows": 1,"Plan Width": 4,"Actual Startup Time": 0.047,"Actual Total Time": 0.051,"Actual Rows": 1,"Actual Loops": 5,"Filter": "(n_name = 'SAUDI ARABIA'::bpchar)","Rows Removed by Filter": 24,"Workers": []},{"Node Type": "Bitmap Heap Scan","Parent Relationship": "Inner","Parallel Aware": false,"Async Capable": false,"Relation Name": "supplier","Alias": "supplier","Startup Cost": 7.38,"Total Cost": 239.27,"Plan Rows": 400,"Plan Width": 34,"Actual Startup Time": 0.204,"Actual Total Time": 3.890,"Actual Rows": 411,"Actual Loops": 5,"Recheck Cond": "(s_nationkey = nation.n_nationkey)","Rows Removed by Index Recheck": 0,"Exact Heap Blocks": 182,"Lossy Heap Blocks": 0,"Workers": [],"Plans": [{"Node Type": "Bitmap Index Scan","Parent Relationship": "Outer","Parallel Aware": false,"Async Capable": false,"Index Name": "idx_supplier_nation_key","Startup Cost": 0.00,"Total Cost": 7.29,"Plan Rows": 400,"Plan Width": 0,"Actual Startup Time": 0.143,"Actual Total Time": 0.145,"Actual Rows": 411,"Actual Loops": 5,"Index Cond": "(s_nationkey = nation.n_nationkey)","Workers": []}]}]}]}]},{"Node Type": "Index Scan","Parent Relationship": "Inner","Parallel Aware": false,"Async Capable": false,"Scan Direction": "Forward","Index Name": "idx_lineitem_orderkey","Relation Name": "lineitem","Alias": "l3","Startup Cost": 0.43,"Total Cost": 1.06,"Plan Rows": 6,"Plan Width": 8,"Actual Startup Time": 0.003,"Actual Total Time": 0.003,"Actual Rows": 1,"Actual Loops": 156739,"Index Cond": "(l_orderkey = l1.l_orderkey)","Rows Removed by Index Recheck": 0,"Filter": "((l_receiptdate > l_commitdate) AND (l_suppkey <> l1.l_suppkey))","Rows Removed by Filter": 1,"Workers": []}]}]},{"Node Type": "Index Scan","Parent Relationship": "Inner","Parallel Aware": false,"Async Capable": false,"Scan Direction": "Forward","Index Name": "idx_lineitem_orderkey","Relation Name": "lineitem","Alias": "l2","Startup Cost": 0.43,"Total Cost": 1.02,"Plan Rows": 17,"Plan Width": 8,"Actual Startup Time": 0.007,"Actual Total Time": 0.007,"Actual Rows": 1,"Actual Loops": 13859,"Index Cond": "(l_orderkey = l1.l_orderkey)","Rows Removed by Index Recheck": 0,"Filter": "(l_suppkey <> l1.l_suppkey)","Rows Removed by Filter": 1}]},{"Node Type": "Index Scan","Parent Relationship": "Inner","Parallel Aware": false,"Async Capable": false,"Scan Direction": "Forward","Index Name": "orders_pkey","Relation Name": "orders","Alias": "orders","Startup Cost": 0.43,"Total Cost": 0.51,"Plan Rows": 1,"Plan Width": 4,"Actual Startup Time": 0.007,"Actual Total Time": 0.007,"Actual Rows": 0,"Actual Loops": 8357,"Index Cond": "(o_orderkey = l1.l_orderkey)","Rows Removed by Index Recheck": 0,"Filter": "(o_orderstatus = 'F'::bpchar)","Rows Removed by Filter": 1}]}]}]}]},"Planning Time": 9.483,"Triggers": [],"Execution Time": 527.804}]
[{"Plan": {"Node Type": "Sort","Parallel Aware": false,"Async Capable": false,"Startup Cost": 147378.80,"Total Cost": 147378.81,"Plan Rows": 1,"Plan Width": 34,"Actual Startup Time": 494.557,"Actual Total Time": 516.628,"Actual Rows": 380,"Actual Loops": 1,"Sort Key": ["(count(*)) DESC", "supplier.s_name"],"Sort Method": "quicksort","Sort Space Used": 54,"Sort Space Type": "Memory","Plans": [{"Node Type": "Aggregate","Strategy": "Sorted","Partial Mode": "Simple","Parent Relationship": "Outer","Parallel Aware": false,"Async Capable": false,"Startup Cost": 147378.77,"Total Cost": 147378.79,"Plan Rows": 1,"Plan Width": 34,"Actual Startup Time": 493.417,"Actual Total Time": 515.990,"Actual Rows": 380,"Actual Loops": 1,"Group Key": ["supplier.s_name"],"Plans": [{"Node Type": "Sort","Parent Relationship": "Outer","Parallel Aware": false,"Async Capable": false,"Startup Cost": 147378.77,"Total Cost": 147378.78,"Plan Rows": 1,"Plan Width": 26,"Actual Startup Time": 493.396,"Actual Total Time": 515.587,"Actual Rows": 3777,"Actual Loops": 1,"Sort Key": ["supplier.s_name"],"Sort Method": "quicksort","Sort Space Used": 362,"Sort Space Type": "Memory","Plans": [{"Node Type": "Nested Loop","Parent Relationship": "Outer","Parallel Aware": false,"Async Capable": false,"Join Type": "Inner","Startup Cost": 1250.87,"Total Cost": 147378.76,"Plan Rows": 1,"Plan Width": 26,"Actual Startup Time": 4.998,"Actual Total Time": 504.711,"Actual Rows": 3777,"Actual Loops": 1,"Inner Unique": true,"Plans": [{"Node Type": "Nested Loop","Parent Relationship": "Outer","Parallel Aware": false,"Async Capable": false,"Join Type": "Semi","Startup Cost": 1250.44,"Total Cost": 147378.26,"Plan Rows": 1,"Plan Width": 34,"Actual Startup Time": 4.963,"Actual Total Time": 440.621,"Actual Rows": 7670,"Actual Loops": 1,"Inner Unique": false,"Plans": [{"Node Type": "Gather","Parent Relationship": "Outer","Parallel Aware": false,"Async Capable": false,"Startup Cost": 1250.01,"Total Cost": 147377.22,"Plan Rows": 1,"Plan Width": 34,"Actual Startup Time": 4.951,"Actual Total Time": 333.201,"Actual Rows": 12935,"Actual Loops": 1,"Workers Planned": 4,"Workers Launched": 4,"Single Copy": false,"Plans": [{"Node Type": "Nested Loop","Parent Relationship": "Outer","Parallel Aware": false,"Async Capable": false,"Join Type": "Anti","Startup Cost": 250.01,"Total Cost": 146377.12,"Plan Rows": 1,"Plan Width": 34,"Actual Startup Time": 5.873,"Actual Total Time": 437.867,"Actual Rows": 2587,"Actual Loops": 5,"Inner Unique": false,"Workers": [],"Plans": [{"Node Type": "Hash Join","Parent Relationship": "Outer","Parallel Aware": false,"Async Capable": false,"Join Type": "Inner","Startup Cost": 249.58,"Total Cost": 133581.65,"Plan Rows": 19990,"Plan Width": 34,"Actual Startup Time": 5.239,"Actual Total Time": 352.656,"Actual Rows": 28741,"Actual Loops": 5,"Inner Unique": false,"Hash Cond": "(l1.l_suppkey = supplier.s_suppkey)","Workers": [],"Plans": [{"Node Type": "Seq Scan","Parent Relationship": "Outer","Parallel Aware": true,"Async Capable": false,"Relation Name": "lineitem","Alias": "l1","Startup Cost": 0.00,"Total Cost": 131256.80,"Plan Rows": 500101,"Plan Width": 8,"Actual Startup Time": 0.031,"Actual Total Time": 300.900,"Actual Rows": 758659,"Actual Loops": 5,"Filter": "(l_receiptdate > l_commitdate)","Rows Removed by Filter": 441584,"Workers": []},{"Node Type": "Hash","Parent Relationship": "Inner","Parallel Aware": false,"Async Capable": false,"Startup Cost": 244.58,"Total Cost": 244.58,"Plan Rows": 400,"Plan Width": 30,"Actual Startup Time": 4.907,"Actual Total Time": 4.921,"Actual Rows": 380,"Actual Loops": 5,"Hash Buckets": 1024,"Original Hash Buckets": 1024,"Hash Batches": 1,"Original Hash Batches": 1,"Peak Memory Usage": 32,"Workers": [],"Plans": [{"Node Type": "Nested Loop","Parent Relationship": "Outer","Parallel Aware": false,"Async Capable": false,"Join Type": "Inner","Startup Cost": 7.38,"Total Cost": 244.58,"Plan Rows": 400,"Plan Width": 30,"Actual Startup Time": 0.293,"Actual Total Time": 4.740,"Actual Rows": 380,"Actual Loops": 5,"Inner Unique": false,"Workers": [],"Plans": [{"Node Type": "Seq Scan","Parent Relationship": "Outer","Parallel Aware": false,"Async Capable": false,"Relation Name": "nation","Alias": "nation","Startup Cost": 0.00,"Total Cost": 1.31,"Plan Rows": 1,"Plan Width": 4,"Actual Startup Time": 0.048,"Actual Total Time": 0.056,"Actual Rows": 1,"Actual Loops": 5,"Filter": "(n_name = 'ETHIOPIA'::bpchar)","Rows Removed by Filter": 24,"Workers": []},{"Node Type": "Bitmap Heap Scan","Parent Relationship": "Inner","Parallel Aware": false,"Async Capable": false,"Relation Name": "supplier","Alias": "supplier","Startup Cost": 7.38,"Total Cost": 239.27,"Plan Rows": 400,"Plan Width": 34,"Actual Startup Time": 0.240,"Actual Total Time": 4.598,"Actual Rows": 380,"Actual Loops": 5,"Recheck Cond": "(s_nationkey = nation.n_nationkey)","Rows Removed by Index Recheck": 0,"Exact Heap Blocks": 192,"Lossy Heap Blocks": 0,"Workers": [],"Plans": [{"Node Type": "Bitmap Index Scan","Parent Relationship": "Outer","Parallel Aware": false,"Async Capable": false,"Index Name": "idx_supplier_nation_key","Startup Cost": 0.00,"Total Cost": 7.29,"Plan Rows": 400,"Plan Width": 0,"Actual Startup Time": 0.158,"Actual Total Time": 0.159,"Actual Rows": 380,"Actual Loops": 5,"Index Cond": "(s_nationkey = nation.n_nationkey)","Workers": []}]}]}]}]},{"Node Type": "Index Scan","Parent Relationship": "Inner","Parallel Aware": false,"Async Capable": false,"Scan Direction": "Forward","Index Name": "idx_lineitem_orderkey","Relation Name": "lineitem","Alias": "l3","Startup Cost": 0.43,"Total Cost": 1.06,"Plan Rows": 6,"Plan Width": 8,"Actual Startup Time": 0.003,"Actual Total Time": 0.003,"Actual Rows": 1,"Actual Loops": 143707,"Index Cond": "(l_orderkey = l1.l_orderkey)","Rows Removed by Index Recheck": 0,"Filter": "((l_receiptdate > l_commitdate) AND (l_suppkey <> l1.l_suppkey))","Rows Removed by Filter": 1,"Workers": []}]}]},{"Node Type": "Index Scan","Parent Relationship": "Inner","Parallel Aware": false,"Async Capable": false,"Scan Direction": "Forward","Index Name": "idx_lineitem_orderkey","Relation Name": "lineitem","Alias": "l2","Startup Cost": 0.43,"Total Cost": 1.02,"Plan Rows": 17,"Plan Width": 8,"Actual Startup Time": 0.008,"Actual Total Time": 0.008,"Actual Rows": 1,"Actual Loops": 12935,"Index Cond": "(l_orderkey = l1.l_orderkey)","Rows Removed by Index Recheck": 0,"Filter": "(l_suppkey <> l1.l_suppkey)","Rows Removed by Filter": 1}]},{"Node Type": "Index Scan","Parent Relationship": "Inner","Parallel Aware": false,"Async Capable": false,"Scan Direction": "Forward","Index Name": "orders_pkey","Relation Name": "orders","Alias": "orders","Startup Cost": 0.43,"Total Cost": 0.51,"Plan Rows": 1,"Plan Width": 4,"Actual Startup Time": 0.008,"Actual Total Time": 0.008,"Actual Rows": 0,"Actual Loops": 7670,"Index Cond": "(o_orderkey = l1.l_orderkey)","Rows Removed by Index Recheck": 0,"Filter": "(o_orderstatus = 'F'::bpchar)","Rows Removed by Filter": 1}]}]}]}]},"Planning Time": 9.415,"Triggers": [],"Execution Time": 517.200}]
[{"Plan": {"Node Type": "Sort","Parallel Aware": false,"Async Capable": false,"Startup Cost": 147378.80,"Total Cost": 147378.81,"Plan Rows": 1,"Plan Width": 34,"Actual Startup Time": 509.264,"Actual Total Time": 527.696,"Actual Rows": 421,"Actual Loops": 1,"Sort Key": ["(count(*)) DESC", "supplier.s_name"],"Sort Method": "quicksort","Sort Space Used": 57,"Sort Space Type": "Memory","Plans": [{"Node Type": "Aggregate","Strategy": "Sorted","Partial Mode": "Simple","Parent Relationship": "Outer","Parallel Aware": false,"Async Capable": false,"Startup Cost": 147378.77,"Total Cost": 147378.79,"Plan Rows": 1,"Plan Width": 34,"Actual Startup Time": 507.941,"Actual Total Time": 526.990,"Actual Rows": 421,"Actual Loops": 1,"Group Key": ["supplier.s_name"],"Plans": [{"Node Type": "Sort","Parent Relationship": "Outer","Parallel Aware": false,"Async Capable": false,"Startup Cost": 147378.77,"Total Cost": 147378.78,"Plan Rows": 1,"Plan Width": 26,"Actual Startup Time": 507.919,"Actual Total Time": 526.540,"Actual Rows": 4227,"Actual Loops": 1,"Sort Key": ["supplier.s_name"],"Sort Method": "quicksort","Sort Space Used": 490,"Sort Space Type": "Memory","Plans": [{"Node Type": "Nested Loop","Parent Relationship": "Outer","Parallel Aware": false,"Async Capable": false,"Join Type": "Inner","Startup Cost": 1250.87,"Total Cost": 147378.76,"Plan Rows": 1,"Plan Width": 26,"Actual Startup Time": 5.396,"Actual Total Time": 515.076,"Actual Rows": 4227,"Actual Loops": 1,"Inner Unique": true,"Plans": [{"Node Type": "Nested Loop","Parent Relationship": "Outer","Parallel Aware": false,"Async Capable": false,"Join Type": "Semi","Startup Cost": 1250.44,"Total Cost": 147378.26,"Plan Rows": 1,"Plan Width": 34,"Actual Startup Time": 5.356,"Actual Total Time": 448.186,"Actual Rows": 8678,"Actual Loops": 1,"Inner Unique": false,"Plans": [{"Node Type": "Gather","Parent Relationship": "Outer","Parallel Aware": false,"Async Capable": false,"Startup Cost": 1250.01,"Total Cost": 147377.22,"Plan Rows": 1,"Plan Width": 34,"Actual Startup Time": 5.315,"Actual Total Time": 333.619,"Actual Rows": 14289,"Actual Loops": 1,"Workers Planned": 4,"Workers Launched": 4,"Single Copy": false,"Plans": [{"Node Type": "Nested Loop","Parent Relationship": "Outer","Parallel Aware": false,"Async Capable": false,"Join Type": "Anti","Startup Cost": 250.01,"Total Cost": 146377.12,"Plan Rows": 1,"Plan Width": 34,"Actual Startup Time": 5.155,"Actual Total Time": 447.803,"Actual Rows": 2858,"Actual Loops": 5,"Inner Unique": false,"Workers": [],"Plans": [{"Node Type": "Hash Join","Parent Relationship": "Outer","Parallel Aware": false,"Async Capable": false,"Join Type": "Inner","Startup Cost": 249.58,"Total Cost": 133581.65,"Plan Rows": 19990,"Plan Width": 34,"Actual Startup Time": 4.679,"Actual Total Time": 355.100,"Actual Rows": 31833,"Actual Loops": 5,"Inner Unique": false,"Hash Cond": "(l1.l_suppkey = supplier.s_suppkey)","Workers": [],"Plans": [{"Node Type": "Seq Scan","Parent Relationship": "Outer","Parallel Aware": true,"Async Capable": false,"Relation Name": "lineitem","Alias": "l1","Startup Cost": 0.00,"Total Cost": 131256.80,"Plan Rows": 500101,"Plan Width": 8,"Actual Startup Time": 0.028,"Actual Total Time": 302.880,"Actual Rows": 758659,"Actual Loops": 5,"Filter": "(l_receiptdate > l_commitdate)","Rows Removed by Filter": 441584,"Workers": []},{"Node Type": "Hash","Parent Relationship": "Inner","Parallel Aware": false,"Async Capable": false,"Startup Cost": 244.58,"Total Cost": 244.58,"Plan Rows": 400,"Plan Width": 30,"Actual Startup Time": 4.328,"Actual Total Time": 4.340,"Actual Rows": 421,"Actual Loops": 5,"Hash Buckets": 1024,"Original Hash Buckets": 1024,"Hash Batches": 1,"Original Hash Batches": 1,"Peak Memory Usage": 35,"Workers": [],"Plans": [{"Node Type": "Nested Loop","Parent Relationship": "Outer","Parallel Aware": false,"Async Capable": false,"Join Type": "Inner","Startup Cost": 7.38,"Total Cost": 244.58,"Plan Rows": 400,"Plan Width": 30,"Actual Startup Time": 0.319,"Actual Total Time": 4.167,"Actual Rows": 421,"Actual Loops": 5,"Inner Unique": false,"Workers": [],"Plans": [{"Node Type": "Seq Scan","Parent Relationship": "Outer","Parallel Aware": false,"Async Capable": false,"Relation Name": "nation","Alias": "nation","Startup Cost": 0.00,"Total Cost": 1.31,"Plan Rows": 1,"Plan Width": 4,"Actual Startup Time": 0.061,"Actual Total Time": 0.065,"Actual Rows": 1,"Actual Loops": 5,"Filter": "(n_name = 'PERU'::bpchar)","Rows Removed by Filter": 24,"Workers": []},{"Node Type": "Bitmap Heap Scan","Parent Relationship": "Inner","Parallel Aware": false,"Async Capable": false,"Relation Name": "supplier","Alias": "supplier","Startup Cost": 7.38,"Total Cost": 239.27,"Plan Rows": 400,"Plan Width": 34,"Actual Startup Time": 0.253,"Actual Total Time": 4.010,"Actual Rows": 421,"Actual Loops": 5,"Recheck Cond": "(s_nationkey = nation.n_nationkey)","Rows Removed by Index Recheck": 0,"Exact Heap Blocks": 187,"Lossy Heap Blocks": 0,"Workers": [],"Plans": [{"Node Type": "Bitmap Index Scan","Parent Relationship": "Outer","Parallel Aware": false,"Async Capable": false,"Index Name": "idx_supplier_nation_key","Startup Cost": 0.00,"Total Cost": 7.29,"Plan Rows": 400,"Plan Width": 0,"Actual Startup Time": 0.167,"Actual Total Time": 0.169,"Actual Rows": 421,"Actual Loops": 5,"Index Cond": "(s_nationkey = nation.n_nationkey)","Workers": []}]}]}]}]},{"Node Type": "Index Scan","Parent Relationship": "Inner","Parallel Aware": false,"Async Capable": false,"Scan Direction": "Forward","Index Name": "idx_lineitem_orderkey","Relation Name": "lineitem","Alias": "l3","Startup Cost": 0.43,"Total Cost": 1.06,"Plan Rows": 6,"Plan Width": 8,"Actual Startup Time": 0.003,"Actual Total Time": 0.003,"Actual Rows": 1,"Actual Loops": 159165,"Index Cond": "(l_orderkey = l1.l_orderkey)","Rows Removed by Index Recheck": 0,"Filter": "((l_receiptdate > l_commitdate) AND (l_suppkey <> l1.l_suppkey))","Rows Removed by Filter": 1,"Workers": []}]}]},{"Node Type": "Index Scan","Parent Relationship": "Inner","Parallel Aware": false,"Async Capable": false,"Scan Direction": "Forward","Index Name": "idx_lineitem_orderkey","Relation Name": "lineitem","Alias": "l2","Startup Cost": 0.43,"Total Cost": 1.02,"Plan Rows": 17,"Plan Width": 8,"Actual Startup Time": 0.008,"Actual Total Time": 0.008,"Actual Rows": 1,"Actual Loops": 14289,"Index Cond": "(l_orderkey = l1.l_orderkey)","Rows Removed by Index Recheck": 0,"Filter": "(l_suppkey <> l1.l_suppkey)","Rows Removed by Filter": 1}]},{"Node Type": "Index Scan","Parent Relationship": "Inner","Parallel Aware": false,"Async Capable": false,"Scan Direction": "Forward","Index Name": "orders_pkey","Relation Name": "orders","Alias": "orders","Startup Cost": 0.43,"Total Cost": 0.51,"Plan Rows": 1,"Plan Width": 4,"Actual Startup Time": 0.007,"Actual Total Time": 0.007,"Actual Rows": 0,"Actual Loops": 8678,"Index Cond": "(o_orderkey = l1.l_orderkey)","Rows Removed by Index Recheck": 0,"Filter": "(o_orderstatus = 'F'::bpchar)","Rows Removed by Filter": 1}]}]}]}]},"Planning Time": 8.374,"Triggers": [],"Execution Time": 528.458}]
[{"Plan": {"Node Type": "Sort","Parallel Aware": false,"Async Capable": false,"Startup Cost": 147378.80,"Total Cost": 147378.81,"Plan Rows": 1,"Plan Width": 34,"Actual Startup Time": 496.555,"Actual Total Time": 517.754,"Actual Rows": 397,"Actual Loops": 1,"Sort Key": ["(count(*)) DESC", "supplier.s_name"],"Sort Method": "quicksort","Sort Space Used": 56,"Sort Space Type": "Memory","Plans": [{"Node Type": "Aggregate","Strategy": "Sorted","Partial Mode": "Simple","Parent Relationship": "Outer","Parallel Aware": false,"Async Capable": false,"Startup Cost": 147378.77,"Total Cost": 147378.79,"Plan Rows": 1,"Plan Width": 34,"Actual Startup Time": 495.361,"Actual Total Time": 517.058,"Actual Rows": 397,"Actual Loops": 1,"Group Key": ["supplier.s_name"],"Plans": [{"Node Type": "Sort","Parent Relationship": "Outer","Parallel Aware": false,"Async Capable": false,"Startup Cost": 147378.77,"Total Cost": 147378.78,"Plan Rows": 1,"Plan Width": 26,"Actual Startup Time": 495.332,"Actual Total Time": 516.651,"Actual Rows": 3913,"Actual Loops": 1,"Sort Key": ["supplier.s_name"],"Sort Method": "quicksort","Sort Space Used": 372,"Sort Space Type": "Memory","Plans": [{"Node Type": "Nested Loop","Parent Relationship": "Outer","Parallel Aware": false,"Async Capable": false,"Join Type": "Inner","Startup Cost": 1250.87,"Total Cost": 147378.76,"Plan Rows": 1,"Plan Width": 26,"Actual Startup Time": 5.355,"Actual Total Time": 505.328,"Actual Rows": 3913,"Actual Loops": 1,"Inner Unique": true,"Plans": [{"Node Type": "Nested Loop","Parent Relationship": "Outer","Parallel Aware": false,"Async Capable": false,"Join Type": "Semi","Startup Cost": 1250.44,"Total Cost": 147378.26,"Plan Rows": 1,"Plan Width": 34,"Actual Startup Time": 4.468,"Actual Total Time": 441.221,"Actual Rows": 7976,"Actual Loops": 1,"Inner Unique": false,"Plans": [{"Node Type": "Gather","Parent Relationship": "Outer","Parallel Aware": false,"Async Capable": false,"Startup Cost": 1250.01,"Total Cost": 147377.22,"Plan Rows": 1,"Plan Width": 34,"Actual Startup Time": 4.454,"Actual Total Time": 332.117,"Actual Rows": 13419,"Actual Loops": 1,"Workers Planned": 4,"Workers Launched": 4,"Single Copy": false,"Plans": [{"Node Type": "Nested Loop","Parent Relationship": "Outer","Parallel Aware": false,"Async Capable": false,"Join Type": "Anti","Startup Cost": 250.01,"Total Cost": 146377.12,"Plan Rows": 1,"Plan Width": 34,"Actual Startup Time": 5.707,"Actual Total Time": 439.562,"Actual Rows": 2684,"Actual Loops": 5,"Inner Unique": false,"Workers": [],"Plans": [{"Node Type": "Hash Join","Parent Relationship": "Outer","Parallel Aware": false,"Async Capable": false,"Join Type": "Inner","Startup Cost": 249.58,"Total Cost": 133581.65,"Plan Rows": 19990,"Plan Width": 34,"Actual Startup Time": 5.222,"Actual Total Time": 351.394,"Actual Rows": 30171,"Actual Loops": 5,"Inner Unique": false,"Hash Cond": "(l1.l_suppkey = supplier.s_suppkey)","Workers": [],"Plans": [{"Node Type": "Seq Scan","Parent Relationship": "Outer","Parallel Aware": true,"Async Capable": false,"Relation Name": "lineitem","Alias": "l1","Startup Cost": 0.00,"Total Cost": 131256.80,"Plan Rows": 500101,"Plan Width": 8,"Actual Startup Time": 0.029,"Actual Total Time": 300.354,"Actual Rows": 758659,"Actual Loops": 5,"Filter": "(l_receiptdate > l_commitdate)","Rows Removed by Filter": 441584,"Workers": []},{"Node Type": "Hash","Parent Relationship": "Inner","Parallel Aware": false,"Async Capable": false,"Startup Cost": 244.58,"Total Cost": 244.58,"Plan Rows": 400,"Plan Width": 30,"Actual Startup Time": 4.859,"Actual Total Time": 4.869,"Actual Rows": 397,"Actual Loops": 5,"Hash Buckets": 1024,"Original Hash Buckets": 1024,"Hash Batches": 1,"Original Hash Batches": 1,"Peak Memory Usage": 33,"Workers": [],"Plans": [{"Node Type": "Nested Loop","Parent Relationship": "Outer","Parallel Aware": false,"Async Capable": false,"Join Type": "Inner","Startup Cost": 7.38,"Total Cost": 244.58,"Plan Rows": 400,"Plan Width": 30,"Actual Startup Time": 0.335,"Actual Total Time": 4.677,"Actual Rows": 397,"Actual Loops": 5,"Inner Unique": false,"Workers": [],"Plans": [{"Node Type": "Seq Scan","Parent Relationship": "Outer","Parallel Aware": false,"Async Capable": false,"Relation Name": "nation","Alias": "nation","Startup Cost": 0.00,"Total Cost": 1.31,"Plan Rows": 1,"Plan Width": 4,"Actual Startup Time": 0.076,"Actual Total Time": 0.084,"Actual Rows": 1,"Actual Loops": 5,"Filter": "(n_name = 'BRAZIL'::bpchar)","Rows Removed by Filter": 24,"Workers": []},{"Node Type": "Bitmap Heap Scan","Parent Relationship": "Inner","Parallel Aware": false,"Async Capable": false,"Relation Name": "supplier","Alias": "supplier","Startup Cost": 7.38,"Total Cost": 239.27,"Plan Rows": 400,"Plan Width": 34,"Actual Startup Time": 0.255,"Actual Total Time": 4.499,"Actual Rows": 397,"Actual Loops": 5,"Recheck Cond": "(s_nationkey = nation.n_nationkey)","Rows Removed by Index Recheck": 0,"Exact Heap Blocks": 187,"Lossy Heap Blocks": 0,"Workers": [],"Plans": [{"Node Type": "Bitmap Index Scan","Parent Relationship": "Outer","Parallel Aware": false,"Async Capable": false,"Index Name": "idx_supplier_nation_key","Startup Cost": 0.00,"Total Cost": 7.29,"Plan Rows": 400,"Plan Width": 0,"Actual Startup Time": 0.169,"Actual Total Time": 0.170,"Actual Rows": 397,"Actual Loops": 5,"Index Cond": "(s_nationkey = nation.n_nationkey)","Workers": []}]}]}]}]},{"Node Type": "Index Scan","Parent Relationship": "Inner","Parallel Aware": false,"Async Capable": false,"Scan Direction": "Forward","Index Name": "idx_lineitem_orderkey","Relation Name": "lineitem","Alias": "l3","Startup Cost": 0.43,"Total Cost": 1.06,"Plan Rows": 6,"Plan Width": 8,"Actual Startup Time": 0.003,"Actual Total Time": 0.003,"Actual Rows": 1,"Actual Loops": 150857,"Index Cond": "(l_orderkey = l1.l_orderkey)","Rows Removed by Index Recheck": 0,"Filter": "((l_receiptdate > l_commitdate) AND (l_suppkey <> l1.l_suppkey))","Rows Removed by Filter": 1,"Workers": []}]}]},{"Node Type": "Index Scan","Parent Relationship": "Inner","Parallel Aware": false,"Async Capable": false,"Scan Direction": "Forward","Index Name": "idx_lineitem_orderkey","Relation Name": "lineitem","Alias": "l2","Startup Cost": 0.43,"Total Cost": 1.02,"Plan Rows": 17,"Plan Width": 8,"Actual Startup Time": 0.008,"Actual Total Time": 0.008,"Actual Rows": 1,"Actual Loops": 13419,"Index Cond": "(l_orderkey = l1.l_orderkey)","Rows Removed by Index Recheck": 0,"Filter": "(l_suppkey <> l1.l_suppkey)","Rows Removed by Filter": 1}]},{"Node Type": "Index Scan","Parent Relationship": "Inner","Parallel Aware": false,"Async Capable": false,"Scan Direction": "Forward","Index Name": "orders_pkey","Relation Name": "orders","Alias": "orders","Startup Cost": 0.43,"Total Cost": 0.51,"Plan Rows": 1,"Plan Width": 4,"Actual Startup Time": 0.008,"Actual Total Time": 0.008,"Actual Rows": 0,"Actual Loops": 7976,"Index Cond": "(o_orderkey = l1.l_orderkey)","Rows Removed by Index Recheck": 0,"Filter": "(o_orderstatus = 'F'::bpchar)","Rows Removed by Filter": 1}]}]}]}]},"Planning Time": 8.213,"Triggers": [],"Execution Time": 518.316}]
[{"Plan": {"Node Type": "Sort","Parallel Aware": false,"Async Capable": false,"Startup Cost": 147378.80,"Total Cost": 147378.81,"Plan Rows": 1,"Plan Width": 34,"Actual Startup Time": 500.228,"Actual Total Time": 519.082,"Actual Rows": 412,"Actual Loops": 1,"Sort Key": ["(count(*)) DESC", "supplier.s_name"],"Sort Method": "quicksort","Sort Space Used": 57,"Sort Space Type": "Memory","Plans": [{"Node Type": "Aggregate","Strategy": "Sorted","Partial Mode": "Simple","Parent Relationship": "Outer","Parallel Aware": false,"Async Capable": false,"Startup Cost": 147378.77,"Total Cost": 147378.79,"Plan Rows": 1,"Plan Width": 34,"Actual Startup Time": 498.981,"Actual Total Time": 518.359,"Actual Rows": 412,"Actual Loops": 1,"Group Key": ["supplier.s_name"],"Plans": [{"Node Type": "Sort","Parent Relationship": "Outer","Parallel Aware": false,"Async Capable": false,"Startup Cost": 147378.77,"Total Cost": 147378.78,"Plan Rows": 1,"Plan Width": 26,"Actual Startup Time": 498.949,"Actual Total Time": 517.928,"Actual Rows": 4030,"Actual Loops": 1,"Sort Key": ["supplier.s_name"],"Sort Method": "quicksort","Sort Space Used": 380,"Sort Space Type": "Memory","Plans": [{"Node Type": "Nested Loop","Parent Relationship": "Outer","Parallel Aware": false,"Async Capable": false,"Join Type": "Inner","Startup Cost": 1250.87,"Total Cost": 147378.76,"Plan Rows": 1,"Plan Width": 26,"Actual Startup Time": 4.020,"Actual Total Time": 506.052,"Actual Rows": 4030,"Actual Loops": 1,"Inner Unique": true,"Plans": [{"Node Type": "Nested Loop","Parent Relationship": "Outer","Parallel Aware": false,"Async Capable": false,"Join Type": "Semi","Startup Cost": 1250.44,"Total Cost": 147378.26,"Plan Rows": 1,"Plan Width": 34,"Actual Startup Time": 3.993,"Actual Total Time": 443.011,"Actual Rows": 8146,"Actual Loops": 1,"Inner Unique": false,"Plans": [{"Node Type": "Gather","Parent Relationship": "Outer","Parallel Aware": false,"Async Capable": false,"Startup Cost": 1250.01,"Total Cost": 147377.22,"Plan Rows": 1,"Plan Width": 34,"Actual Startup Time": 3.980,"Actual Total Time": 336.738,"Actual Rows": 13748,"Actual Loops": 1,"Workers Planned": 4,"Workers Launched": 4,"Single Copy": false,"Plans": [{"Node Type": "Nested Loop","Parent Relationship": "Outer","Parallel Aware": false,"Async Capable": false,"Join Type": "Anti","Startup Cost": 250.01,"Total Cost": 146377.12,"Plan Rows": 1,"Plan Width": 34,"Actual Startup Time": 4.569,"Actual Total Time": 441.712,"Actual Rows": 2750,"Actual Loops": 5,"Inner Unique": false,"Workers": [],"Plans": [{"Node Type": "Hash Join","Parent Relationship": "Outer","Parallel Aware": false,"Async Capable": false,"Join Type": "Inner","Startup Cost": 249.58,"Total Cost": 133581.65,"Plan Rows": 19990,"Plan Width": 34,"Actual Startup Time": 4.262,"Actual Total Time": 350.942,"Actual Rows": 31209,"Actual Loops": 5,"Inner Unique": false,"Hash Cond": "(l1.l_suppkey = supplier.s_suppkey)","Workers": [],"Plans": [{"Node Type": "Seq Scan","Parent Relationship": "Outer","Parallel Aware": true,"Async Capable": false,"Relation Name": "lineitem","Alias": "l1","Startup Cost": 0.00,"Total Cost": 131256.80,"Plan Rows": 500101,"Plan Width": 8,"Actual Startup Time": 0.026,"Actual Total Time": 299.296,"Actual Rows": 758659,"Actual Loops": 5,"Filter": "(l_receiptdate > l_commitdate)","Rows Removed by Filter": 441584,"Workers": []},{"Node Type": "Hash","Parent Relationship": "Inner","Parallel Aware": false,"Async Capable": false,"Startup Cost": 244.58,"Total Cost": 244.58,"Plan Rows": 400,"Plan Width": 30,"Actual Startup Time": 3.907,"Actual Total Time": 3.918,"Actual Rows": 412,"Actual Loops": 5,"Hash Buckets": 1024,"Original Hash Buckets": 1024,"Hash Batches": 1,"Original Hash Batches": 1,"Peak Memory Usage": 34,"Workers": [],"Plans": [{"Node Type": "Nested Loop","Parent Relationship": "Outer","Parallel Aware": false,"Async Capable": false,"Join Type": "Inner","Startup Cost": 7.38,"Total Cost": 244.58,"Plan Rows": 400,"Plan Width": 30,"Actual Startup Time": 0.286,"Actual Total Time": 3.756,"Actual Rows": 412,"Actual Loops": 5,"Inner Unique": false,"Workers": [],"Plans": [{"Node Type": "Seq Scan","Parent Relationship": "Outer","Parallel Aware": false,"Async Capable": false,"Relation Name": "nation","Alias": "nation","Startup Cost": 0.00,"Total Cost": 1.31,"Plan Rows": 1,"Plan Width": 4,"Actual Startup Time": 0.059,"Actual Total Time": 0.064,"Actual Rows": 1,"Actual Loops": 5,"Filter": "(n_name = 'CANADA'::bpchar)","Rows Removed by Filter": 24,"Workers": []},{"Node Type": "Bitmap Heap Scan","Parent Relationship": "Inner","Parallel Aware": false,"Async Capable": false,"Relation Name": "supplier","Alias": "supplier","Startup Cost": 7.38,"Total Cost": 239.27,"Plan Rows": 400,"Plan Width": 34,"Actual Startup Time": 0.222,"Actual Total Time": 3.623,"Actual Rows": 412,"Actual Loops": 5,"Recheck Cond": "(s_nationkey = nation.n_nationkey)","Rows Removed by Index Recheck": 0,"Exact Heap Blocks": 189,"Lossy Heap Blocks": 0,"Workers": [],"Plans": [{"Node Type": "Bitmap Index Scan","Parent Relationship": "Outer","Parallel Aware": false,"Async Capable": false,"Index Name": "idx_supplier_nation_key","Startup Cost": 0.00,"Total Cost": 7.29,"Plan Rows": 400,"Plan Width": 0,"Actual Startup Time": 0.144,"Actual Total Time": 0.145,"Actual Rows": 412,"Actual Loops": 5,"Index Cond": "(s_nationkey = nation.n_nationkey)","Workers": []}]}]}]}]},{"Node Type": "Index Scan","Parent Relationship": "Inner","Parallel Aware": false,"Async Capable": false,"Scan Direction": "Forward","Index Name": "idx_lineitem_orderkey","Relation Name": "lineitem","Alias": "l3","Startup Cost": 0.43,"Total Cost": 1.06,"Plan Rows": 6,"Plan Width": 8,"Actual Startup Time": 0.003,"Actual Total Time": 0.003,"Actual Rows": 1,"Actual Loops": 156047,"Index Cond": "(l_orderkey = l1.l_orderkey)","Rows Removed by Index Recheck": 0,"Filter": "((l_receiptdate > l_commitdate) AND (l_suppkey <> l1.l_suppkey))","Rows Removed by Filter": 1,"Workers": []}]}]},{"Node Type": "Index Scan","Parent Relationship": "Inner","Parallel Aware": false,"Async Capable": false,"Scan Direction": "Forward","Index Name": "idx_lineitem_orderkey","Relation Name": "lineitem","Alias": "l2","Startup Cost": 0.43,"Total Cost": 1.02,"Plan Rows": 17,"Plan Width": 8,"Actual Startup Time": 0.007,"Actual Total Time": 0.007,"Actual Rows": 1,"Actual Loops": 13748,"Index Cond": "(l_orderkey = l1.l_orderkey)","Rows Removed by Index Recheck": 0,"Filter": "(l_suppkey <> l1.l_suppkey)","Rows Removed by Filter": 1}]},{"Node Type": "Index Scan","Parent Relationship": "Inner","Parallel Aware": false,"Async Capable": false,"Scan Direction": "Forward","Index Name": "orders_pkey","Relation Name": "orders","Alias": "orders","Startup Cost": 0.43,"Total Cost": 0.51,"Plan Rows": 1,"Plan Width": 4,"Actual Startup Time": 0.007,"Actual Total Time": 0.007,"Actual Rows": 0,"Actual Loops": 8146,"Index Cond": "(o_orderkey = l1.l_orderkey)","Rows Removed by Index Recheck": 0,"Filter": "(o_orderstatus = 'F'::bpchar)","Rows Removed by Filter": 1}]}]}]}]},"Planning Time": 9.689,"Triggers": [],"Execution Time": 519.513}]
[{"Plan": {"Node Type": "Sort","Parallel Aware": false,"Async Capable": false,"Startup Cost": 147378.80,"Total Cost": 147378.81,"Plan Rows": 1,"Plan Width": 34,"Actual Startup Time": 511.931,"Actual Total Time": 527.174,"Actual Rows": 415,"Actual Loops": 1,"Sort Key": ["(count(*)) DESC", "supplier.s_name"],"Sort Method": "quicksort","Sort Space Used": 57,"Sort Space Type": "Memory","Plans": [{"Node Type": "Aggregate","Strategy": "Sorted","Partial Mode": "Simple","Parent Relationship": "Outer","Parallel Aware": false,"Async Capable": false,"Startup Cost": 147378.77,"Total Cost": 147378.79,"Plan Rows": 1,"Plan Width": 34,"Actual Startup Time": 510.675,"Actual Total Time": 526.442,"Actual Rows": 415,"Actual Loops": 1,"Group Key": ["supplier.s_name"],"Plans": [{"Node Type": "Sort","Parent Relationship": "Outer","Parallel Aware": false,"Async Capable": false,"Startup Cost": 147378.77,"Total Cost": 147378.78,"Plan Rows": 1,"Plan Width": 26,"Actual Startup Time": 510.644,"Actual Total Time": 526.012,"Actual Rows": 4112,"Actual Loops": 1,"Sort Key": ["supplier.s_name"],"Sort Method": "quicksort","Sort Space Used": 482,"Sort Space Type": "Memory","Plans": [{"Node Type": "Nested Loop","Parent Relationship": "Outer","Parallel Aware": false,"Async Capable": false,"Join Type": "Inner","Startup Cost": 1250.87,"Total Cost": 147378.76,"Plan Rows": 1,"Plan Width": 26,"Actual Startup Time": 4.482,"Actual Total Time": 514.049,"Actual Rows": 4112,"Actual Loops": 1,"Inner Unique": true,"Plans": [{"Node Type": "Nested Loop","Parent Relationship": "Outer","Parallel Aware": false,"Async Capable": false,"Join Type": "Semi","Startup Cost": 1250.44,"Total Cost": 147378.26,"Plan Rows": 1,"Plan Width": 34,"Actual Startup Time": 4.433,"Actual Total Time": 447.118,"Actual Rows": 8423,"Actual Loops": 1,"Inner Unique": false,"Plans": [{"Node Type": "Gather","Parent Relationship": "Outer","Parallel Aware": false,"Async Capable": false,"Startup Cost": 1250.01,"Total Cost": 147377.22,"Plan Rows": 1,"Plan Width": 34,"Actual Startup Time": 4.417,"Actual Total Time": 335.444,"Actual Rows": 14099,"Actual Loops": 1,"Workers Planned": 4,"Workers Launched": 4,"Single Copy": false,"Plans": [{"Node Type": "Nested Loop","Parent Relationship": "Outer","Parallel Aware": false,"Async Capable": false,"Join Type": "Anti","Startup Cost": 250.01,"Total Cost": 146377.12,"Plan Rows": 1,"Plan Width": 34,"Actual Startup Time": 5.494,"Actual Total Time": 449.293,"Actual Rows": 2820,"Actual Loops": 5,"Inner Unique": false,"Workers": [],"Plans": [{"Node Type": "Hash Join","Parent Relationship": "Outer","Parallel Aware": false,"Async Capable": false,"Join Type": "Inner","Startup Cost": 249.58,"Total Cost": 133581.65,"Plan Rows": 19990,"Plan Width": 34,"Actual Startup Time": 5.114,"Actual Total Time": 356.460,"Actual Rows": 31599,"Actual Loops": 5,"Inner Unique": false,"Hash Cond": "(l1.l_suppkey = supplier.s_suppkey)","Workers": [],"Plans": [{"Node Type": "Seq Scan","Parent Relationship": "Outer","Parallel Aware": true,"Async Capable": false,"Relation Name": "lineitem","Alias": "l1","Startup Cost": 0.00,"Total Cost": 131256.80,"Plan Rows": 500101,"Plan Width": 8,"Actual Startup Time": 0.028,"Actual Total Time": 305.044,"Actual Rows": 758659,"Actual Loops": 5,"Filter": "(l_receiptdate > l_commitdate)","Rows Removed by Filter": 441584,"Workers": []},{"Node Type": "Hash","Parent Relationship": "Inner","Parallel Aware": false,"Async Capable": false,"Startup Cost": 244.58,"Total Cost": 244.58,"Plan Rows": 400,"Plan Width": 30,"Actual Startup Time": 4.772,"Actual Total Time": 4.789,"Actual Rows": 415,"Actual Loops": 5,"Hash Buckets": 1024,"Original Hash Buckets": 1024,"Hash Batches": 1,"Original Hash Batches": 1,"Peak Memory Usage": 34,"Workers": [],"Plans": [{"Node Type": "Nested Loop","Parent Relationship": "Outer","Parallel Aware": false,"Async Capable": false,"Join Type": "Inner","Startup Cost": 7.38,"Total Cost": 244.58,"Plan Rows": 400,"Plan Width": 30,"Actual Startup Time": 0.307,"Actual Total Time": 4.608,"Actual Rows": 415,"Actual Loops": 5,"Inner Unique": false,"Workers": [],"Plans": [{"Node Type": "Seq Scan","Parent Relationship": "Outer","Parallel Aware": false,"Async Capable": false,"Relation Name": "nation","Alias": "nation","Startup Cost": 0.00,"Total Cost": 1.31,"Plan Rows": 1,"Plan Width": 4,"Actual Startup Time": 0.059,"Actual Total Time": 0.064,"Actual Rows": 1,"Actual Loops": 5,"Filter": "(n_name = 'EGYPT'::bpchar)","Rows Removed by Filter": 24,"Workers": []},{"Node Type": "Bitmap Heap Scan","Parent Relationship": "Inner","Parallel Aware": false,"Async Capable": false,"Relation Name": "supplier","Alias": "supplier","Startup Cost": 7.38,"Total Cost": 239.27,"Plan Rows": 400,"Plan Width": 34,"Actual Startup Time": 0.244,"Actual Total Time": 4.451,"Actual Rows": 415,"Actual Loops": 5,"Recheck Cond": "(s_nationkey = nation.n_nationkey)","Rows Removed by Index Recheck": 0,"Exact Heap Blocks": 183,"Lossy Heap Blocks": 0,"Workers": [],"Plans": [{"Node Type": "Bitmap Index Scan","Parent Relationship": "Outer","Parallel Aware": false,"Async Capable": false,"Index Name": "idx_supplier_nation_key","Startup Cost": 0.00,"Total Cost": 7.29,"Plan Rows": 400,"Plan Width": 0,"Actual Startup Time": 0.159,"Actual Total Time": 0.162,"Actual Rows": 415,"Actual Loops": 5,"Index Cond": "(s_nationkey = nation.n_nationkey)","Workers": []}]}]}]}]},{"Node Type": "Index Scan","Parent Relationship": "Inner","Parallel Aware": false,"Async Capable": false,"Scan Direction": "Forward","Index Name": "idx_lineitem_orderkey","Relation Name": "lineitem","Alias": "l3","Startup Cost": 0.43,"Total Cost": 1.06,"Plan Rows": 6,"Plan Width": 8,"Actual Startup Time": 0.003,"Actual Total Time": 0.003,"Actual Rows": 1,"Actual Loops": 157994,"Index Cond": "(l_orderkey = l1.l_orderkey)","Rows Removed by Index Recheck": 0,"Filter": "((l_receiptdate > l_commitdate) AND (l_suppkey <> l1.l_suppkey))","Rows Removed by Filter": 1,"Workers": []}]}]},{"Node Type": "Index Scan","Parent Relationship": "Inner","Parallel Aware": false,"Async Capable": false,"Scan Direction": "Forward","Index Name": "idx_lineitem_orderkey","Relation Name": "lineitem","Alias": "l2","Startup Cost": 0.43,"Total Cost": 1.02,"Plan Rows": 17,"Plan Width": 8,"Actual Startup Time": 0.007,"Actual Total Time": 0.007,"Actual Rows": 1,"Actual Loops": 14099,"Index Cond": "(l_orderkey = l1.l_orderkey)","Rows Removed by Index Recheck": 0,"Filter": "(l_suppkey <> l1.l_suppkey)","Rows Removed by Filter": 1}]},{"Node Type": "Index Scan","Parent Relationship": "Inner","Parallel Aware": false,"Async Capable": false,"Scan Direction": "Forward","Index Name": "orders_pkey","Relation Name": "orders","Alias": "orders","Startup Cost": 0.43,"Total Cost": 0.51,"Plan Rows": 1,"Plan Width": 4,"Actual Startup Time": 0.008,"Actual Total Time": 0.008,"Actual Rows": 0,"Actual Loops": 8423,"Index Cond": "(o_orderkey = l1.l_orderkey)","Rows Removed by Index Recheck": 0,"Filter": "(o_orderstatus = 'F'::bpchar)","Rows Removed by Filter": 1}]}]}]}]},"Planning Time": 8.195,"Triggers": [],"Execution Time": 527.804}]
[{"Plan": {"Node Type": "Sort","Parallel Aware": false,"Async Capable": false,"Startup Cost": 147378.80,"Total Cost": 147378.81,"Plan Rows": 1,"Plan Width": 34,"Actual Startup Time": 503.423,"Actual Total Time": 521.004,"Actual Rows": 406,"Actual Loops": 1,"Sort Key": ["(count(*)) DESC", "supplier.s_name"],"Sort Method": "quicksort","Sort Space Used": 56,"Sort Space Type": "Memory","Plans": [{"Node Type": "Aggregate","Strategy": "Sorted","Partial Mode": "Simple","Parent Relationship": "Outer","Parallel Aware": false,"Async Capable": false,"Startup Cost": 147378.77,"Total Cost": 147378.79,"Plan Rows": 1,"Plan Width": 34,"Actual Startup Time": 502.176,"Actual Total Time": 520.280,"Actual Rows": 406,"Actual Loops": 1,"Group Key": ["supplier.s_name"],"Plans": [{"Node Type": "Sort","Parent Relationship": "Outer","Parallel Aware": false,"Async Capable": false,"Startup Cost": 147378.77,"Total Cost": 147378.78,"Plan Rows": 1,"Plan Width": 26,"Actual Startup Time": 502.147,"Actual Total Time": 519.852,"Actual Rows": 4052,"Actual Loops": 1,"Sort Key": ["supplier.s_name"],"Sort Method": "quicksort","Sort Space Used": 381,"Sort Space Type": "Memory","Plans": [{"Node Type": "Nested Loop","Parent Relationship": "Outer","Parallel Aware": false,"Async Capable": false,"Join Type": "Inner","Startup Cost": 1250.87,"Total Cost": 147378.76,"Plan Rows": 1,"Plan Width": 26,"Actual Startup Time": 4.486,"Actual Total Time": 508.290,"Actual Rows": 4052,"Actual Loops": 1,"Inner Unique": true,"Plans": [{"Node Type": "Nested Loop","Parent Relationship": "Outer","Parallel Aware": false,"Async Capable": false,"Join Type": "Semi","Startup Cost": 1250.44,"Total Cost": 147378.26,"Plan Rows": 1,"Plan Width": 34,"Actual Startup Time": 4.452,"Actual Total Time": 441.127,"Actual Rows": 8332,"Actual Loops": 1,"Inner Unique": false,"Plans": [{"Node Type": "Gather","Parent Relationship": "Outer","Parallel Aware": false,"Async Capable": false,"Startup Cost": 1250.01,"Total Cost": 147377.22,"Plan Rows": 1,"Plan Width": 34,"Actual Startup Time": 4.440,"Actual Total Time": 331.994,"Actual Rows": 13791,"Actual Loops": 1,"Workers Planned": 4,"Workers Launched": 4,"Single Copy": false,"Plans": [{"Node Type": "Nested Loop","Parent Relationship": "Outer","Parallel Aware": false,"Async Capable": false,"Join Type": "Anti","Startup Cost": 250.01,"Total Cost": 146377.12,"Plan Rows": 1,"Plan Width": 34,"Actual Startup Time": 4.624,"Actual Total Time": 442.937,"Actual Rows": 2758,"Actual Loops": 5,"Inner Unique": false,"Workers": [],"Plans": [{"Node Type": "Hash Join","Parent Relationship": "Outer","Parallel Aware": false,"Async Capable": false,"Join Type": "Inner","Startup Cost": 249.58,"Total Cost": 133581.65,"Plan Rows": 19990,"Plan Width": 34,"Actual Startup Time": 4.481,"Actual Total Time": 353.409,"Actual Rows": 30900,"Actual Loops": 5,"Inner Unique": false,"Hash Cond": "(l1.l_suppkey = supplier.s_suppkey)","Workers": [],"Plans": [{"Node Type": "Seq Scan","Parent Relationship": "Outer","Parallel Aware": true,"Async Capable": false,"Relation Name": "lineitem","Alias": "l1","Startup Cost": 0.00,"Total Cost": 131256.80,"Plan Rows": 500101,"Plan Width": 8,"Actual Startup Time": 0.029,"Actual Total Time": 301.270,"Actual Rows": 758659,"Actual Loops": 5,"Filter": "(l_receiptdate > l_commitdate)","Rows Removed by Filter": 441584,"Workers": []},{"Node Type": "Hash","Parent Relationship": "Inner","Parallel Aware": false,"Async Capable": false,"Startup Cost": 244.58,"Total Cost": 244.58,"Plan Rows": 400,"Plan Width": 30,"Actual Startup Time": 4.105,"Actual Total Time": 4.114,"Actual Rows": 406,"Actual Loops": 5,"Hash Buckets": 1024,"Original Hash Buckets": 1024,"Hash Batches": 1,"Original Hash Batches": 1,"Peak Memory Usage": 34,"Workers": [],"Plans": [{"Node Type": "Nested Loop","Parent Relationship": "Outer","Parallel Aware": false,"Async Capable": false,"Join Type": "Inner","Startup Cost": 7.38,"Total Cost": 244.58,"Plan Rows": 400,"Plan Width": 30,"Actual Startup Time": 0.252,"Actual Total Time": 3.975,"Actual Rows": 406,"Actual Loops": 5,"Inner Unique": false,"Workers": [],"Plans": [{"Node Type": "Seq Scan","Parent Relationship": "Outer","Parallel Aware": false,"Async Capable": false,"Relation Name": "nation","Alias": "nation","Startup Cost": 0.00,"Total Cost": 1.31,"Plan Rows": 1,"Plan Width": 4,"Actual Startup Time": 0.055,"Actual Total Time": 0.058,"Actual Rows": 1,"Actual Loops": 5,"Filter": "(n_name = 'MOZAMBIQUE'::bpchar)","Rows Removed by Filter": 24,"Workers": []},{"Node Type": "Bitmap Heap Scan","Parent Relationship": "Inner","Parallel Aware": false,"Async Capable": false,"Relation Name": "supplier","Alias": "supplier","Startup Cost": 7.38,"Total Cost": 239.27,"Plan Rows": 400,"Plan Width": 34,"Actual Startup Time": 0.193,"Actual Total Time": 3.854,"Actual Rows": 406,"Actual Loops": 5,"Recheck Cond": "(s_nationkey = nation.n_nationkey)","Rows Removed by Index Recheck": 0,"Exact Heap Blocks": 186,"Lossy Heap Blocks": 0,"Workers": [],"Plans": [{"Node Type": "Bitmap Index Scan","Parent Relationship": "Outer","Parallel Aware": false,"Async Capable": false,"Index Name": "idx_supplier_nation_key","Startup Cost": 0.00,"Total Cost": 7.29,"Plan Rows": 400,"Plan Width": 0,"Actual Startup Time": 0.125,"Actual Total Time": 0.126,"Actual Rows": 406,"Actual Loops": 5,"Index Cond": "(s_nationkey = nation.n_nationkey)","Workers": []}]}]}]}]},{"Node Type": "Index Scan","Parent Relationship": "Inner","Parallel Aware": false,"Async Capable": false,"Scan Direction": "Forward","Index Name": "idx_lineitem_orderkey","Relation Name": "lineitem","Alias": "l3","Startup Cost": 0.43,"Total Cost": 1.06,"Plan Rows": 6,"Plan Width": 8,"Actual Startup Time": 0.003,"Actual Total Time": 0.003,"Actual Rows": 1,"Actual Loops": 154501,"Index Cond": "(l_orderkey = l1.l_orderkey)","Rows Removed by Index Recheck": 0,"Filter": "((l_receiptdate > l_commitdate) AND (l_suppkey <> l1.l_suppkey))","Rows Removed by Filter": 1,"Workers": []}]}]},{"Node Type": "Index Scan","Parent Relationship": "Inner","Parallel Aware": false,"Async Capable": false,"Scan Direction": "Forward","Index Name": "idx_lineitem_orderkey","Relation Name": "lineitem","Alias": "l2","Startup Cost": 0.43,"Total Cost": 1.02,"Plan Rows": 17,"Plan Width": 8,"Actual Startup Time": 0.007,"Actual Total Time": 0.007,"Actual Rows": 1,"Actual Loops": 13791,"Index Cond": "(l_orderkey = l1.l_orderkey)","Rows Removed by Index Recheck": 0,"Filter": "(l_suppkey <> l1.l_suppkey)","Rows Removed by Filter": 1}]},{"Node Type": "Index Scan","Parent Relationship": "Inner","Parallel Aware": false,"Async Capable": false,"Scan Direction": "Forward","Index Name": "orders_pkey","Relation Name": "orders","Alias": "orders","Startup Cost": 0.43,"Total Cost": 0.51,"Plan Rows": 1,"Plan Width": 4,"Actual Startup Time": 0.008,"Actual Total Time": 0.008,"Actual Rows": 0,"Actual Loops": 8332,"Index Cond": "(o_orderkey = l1.l_orderkey)","Rows Removed by Index Recheck": 0,"Filter": "(o_orderstatus = 'F'::bpchar)","Rows Removed by Filter": 1}]}]}]}]},"Planning Time": 9.793,"Triggers": [],"Execution Time": 521.577}]
[{"Plan": {"Node Type": "Sort","Parallel Aware": false,"Async Capable": false,"Startup Cost": 147378.80,"Total Cost": 147378.81,"Plan Rows": 1,"Plan Width": 34,"Actual Startup Time": 494.557,"Actual Total Time": 516.628,"Actual Rows": 380,"Actual Loops": 1,"Sort Key": ["(count(*)) DESC", "supplier.s_name"],"Sort Method": "quicksort","Sort Space Used": 54,"Sort Space Type": "Memory","Plans": [{"Node Type": "Aggregate","Strategy": "Sorted","Partial Mode": "Simple","Parent Relationship": "Outer","Parallel Aware": false,"Async Capable": false,"Startup Cost": 147378.77,"Total Cost": 147378.79,"Plan Rows": 1,"Plan Width": 34,"Actual Startup Time": 493.417,"Actual Total Time": 515.990,"Actual Rows": 380,"Actual Loops": 1,"Group Key": ["supplier.s_name"],"Plans": [{"Node Type": "Sort","Parent Relationship": "Outer","Parallel Aware": false,"Async Capable": false,"Startup Cost": 147378.77,"Total Cost": 147378.78,"Plan Rows": 1,"Plan Width": 26,"Actual Startup Time": 493.396,"Actual Total Time": 515.587,"Actual Rows": 3777,"Actual Loops": 1,"Sort Key": ["supplier.s_name"],"Sort Method": "quicksort","Sort Space Used": 362,"Sort Space Type": "Memory","Plans": [{"Node Type": "Nested Loop","Parent Relationship": "Outer","Parallel Aware": false,"Async Capable": false,"Join Type": "Inner","Startup Cost": 1250.87,"Total Cost": 147378.76,"Plan Rows": 1,"Plan Width": 26,"Actual Startup Time": 4.998,"Actual Total Time": 504.711,"Actual Rows": 3777,"Actual Loops": 1,"Inner Unique": true,"Plans": [{"Node Type": "Nested Loop","Parent Relationship": "Outer","Parallel Aware": false,"Async Capable": false,"Join Type": "Semi","Startup Cost": 1250.44,"Total Cost": 147378.26,"Plan Rows": 1,"Plan Width": 34,"Actual Startup Time": 4.963,"Actual Total Time": 440.621,"Actual Rows": 7670,"Actual Loops": 1,"Inner Unique": false,"Plans": [{"Node Type": "Gather","Parent Relationship": "Outer","Parallel Aware": false,"Async Capable": false,"Startup Cost": 1250.01,"Total Cost": 147377.22,"Plan Rows": 1,"Plan Width": 34,"Actual Startup Time": 4.951,"Actual Total Time": 333.201,"Actual Rows": 12935,"Actual Loops": 1,"Workers Planned": 4,"Workers Launched": 4,"Single Copy": false,"Plans": [{"Node Type": "Nested Loop","Parent Relationship": "Outer","Parallel Aware": false,"Async Capable": false,"Join Type": "Anti","Startup Cost": 250.01,"Total Cost": 146377.12,"Plan Rows": 1,"Plan Width": 34,"Actual Startup Time": 5.873,"Actual Total Time": 437.867,"Actual Rows": 2587,"Actual Loops": 5,"Inner Unique": false,"Workers": [],"Plans": [{"Node Type": "Hash Join","Parent Relationship": "Outer","Parallel Aware": false,"Async Capable": false,"Join Type": "Inner","Startup Cost": 249.58,"Total Cost": 133581.65,"Plan Rows": 19990,"Plan Width": 34,"Actual Startup Time": 5.239,"Actual Total Time": 352.656,"Actual Rows": 28741,"Actual Loops": 5,"Inner Unique": false,"Hash Cond": "(l1.l_suppkey = supplier.s_suppkey)","Workers": [],"Plans": [{"Node Type": "Seq Scan","Parent Relationship": "Outer","Parallel Aware": true,"Async Capable": false,"Relation Name": "lineitem","Alias": "l1","Startup Cost": 0.00,"Total Cost": 131256.80,"Plan Rows": 500101,"Plan Width": 8,"Actual Startup Time": 0.031,"Actual Total Time": 300.900,"Actual Rows": 758659,"Actual Loops": 5,"Filter": "(l_receiptdate > l_commitdate)","Rows Removed by Filter": 441584,"Workers": []},{"Node Type": "Hash","Parent Relationship": "Inner","Parallel Aware": false,"Async Capable": false,"Startup Cost": 244.58,"Total Cost": 244.58,"Plan Rows": 400,"Plan Width": 30,"Actual Startup Time": 4.907,"Actual Total Time": 4.921,"Actual Rows": 380,"Actual Loops": 5,"Hash Buckets": 1024,"Original Hash Buckets": 1024,"Hash Batches": 1,"Original Hash Batches": 1,"Peak Memory Usage": 32,"Workers": [],"Plans": [{"Node Type": "Nested Loop","Parent Relationship": "Outer","Parallel Aware": false,"Async Capable": false,"Join Type": "Inner","Startup Cost": 7.38,"Total Cost": 244.58,"Plan Rows": 400,"Plan Width": 30,"Actual Startup Time": 0.293,"Actual Total Time": 4.740,"Actual Rows": 380,"Actual Loops": 5,"Inner Unique": false,"Workers": [],"Plans": [{"Node Type": "Seq Scan","Parent Relationship": "Outer","Parallel Aware": false,"Async Capable": false,"Relation Name": "nation","Alias": "nation","Startup Cost": 0.00,"Total Cost": 1.31,"Plan Rows": 1,"Plan Width": 4,"Actual Startup Time": 0.048,"Actual Total Time": 0.056,"Actual Rows": 1,"Actual Loops": 5,"Filter": "(n_name = 'ETHIOPIA'::bpchar)","Rows Removed by Filter": 24,"Workers": []},{"Node Type": "Bitmap Heap Scan","Parent Relationship": "Inner","Parallel Aware": false,"Async Capable": false,"Relation Name": "supplier","Alias": "supplier","Startup Cost": 7.38,"Total Cost": 239.27,"Plan Rows": 400,"Plan Width": 34,"Actual Startup Time": 0.240,"Actual Total Time": 4.598,"Actual Rows": 380,"Actual Loops": 5,"Recheck Cond": "(s_nationkey = nation.n_nationkey)","Rows Removed by Index Recheck": 0,"Exact Heap Blocks": 192,"Lossy Heap Blocks": 0,"Workers": [],"Plans": [{"Node Type": "Bitmap Index Scan","Parent Relationship": "Outer","Parallel Aware": false,"Async Capable": false,"Index Name": "idx_supplier_nation_key","Startup Cost": 0.00,"Total Cost": 7.29,"Plan Rows": 400,"Plan Width": 0,"Actual Startup Time": 0.158,"Actual Total Time": 0.159,"Actual Rows": 380,"Actual Loops": 5,"Index Cond": "(s_nationkey = nation.n_nationkey)","Workers": []}]}]}]}]},{"Node Type": "Index Scan","Parent Relationship": "Inner","Parallel Aware": false,"Async Capable": false,"Scan Direction": "Forward","Index Name": "idx_lineitem_orderkey","Relation Name": "lineitem","Alias": "l3","Startup Cost": 0.43,"Total Cost": 1.06,"Plan Rows": 6,"Plan Width": 8,"Actual Startup Time": 0.003,"Actual Total Time": 0.003,"Actual Rows": 1,"Actual Loops": 143707,"Index Cond": "(l_orderkey = l1.l_orderkey)","Rows Removed by Index Recheck": 0,"Filter": "((l_receiptdate > l_commitdate) AND (l_suppkey <> l1.l_suppkey))","Rows Removed by Filter": 1,"Workers": []}]}]},{"Node Type": "Index Scan","Parent Relationship": "Inner","Parallel Aware": false,"Async Capable": false,"Scan Direction": "Forward","Index Name": "idx_lineitem_orderkey","Relation Name": "lineitem","Alias": "l2","Startup Cost": 0.43,"Total Cost": 1.02,"Plan Rows": 17,"Plan Width": 8,"Actual Startup Time": 0.008,"Actual Total Time": 0.008,"Actual Rows": 1,"Actual Loops": 12935,"Index Cond": "(l_orderkey = l1.l_orderkey)","Rows Removed by Index Recheck": 0,"Filter": "(l_suppkey <> l1.l_suppkey)","Rows Removed by Filter": 1}]},{"Node Type": "Index Scan","Parent Relationship": "Inner","Parallel Aware": false,"Async Capable": false,"Scan Direction": "Forward","Index Name": "orders_pkey","Relation Name": "orders","Alias": "orders","Startup Cost": 0.43,"Total Cost": 0.51,"Plan Rows": 1,"Plan Width": 4,"Actual Startup Time": 0.008,"Actual Total Time": 0.008,"Actual Rows": 0,"Actual Loops": 7670,"Index Cond": "(o_orderkey = l1.l_orderkey)","Rows Removed by Index Recheck": 0,"Filter": "(o_orderstatus = 'F'::bpchar)","Rows Removed by Filter": 1}]}]}]}]},"Planning Time": 9.415,"Triggers": [],"Execution Time": 517.200}]
[{"Plan": {"Node Type": "Sort","Parallel Aware": false,"Async Capable": false,"Startup Cost": 147378.80,"Total Cost": 147378.81,"Plan Rows": 1,"Plan Width": 34,"Actual Startup Time": 501.304,"Actual Total Time": 522.071,"Actual Rows": 393,"Actual Loops": 1,"Sort Key": ["(count(*)) DESC", "supplier.s_name"],"Sort Method": "quicksort","Sort Space Used": 55,"Sort Space Type": "Memory","Plans": [{"Node Type": "Aggregate","Strategy": "Sorted","Partial Mode": "Simple","Parent Relationship": "Outer","Parallel Aware": false,"Async Capable": false,"Startup Cost": 147378.77,"Total Cost": 147378.79,"Plan Rows": 1,"Plan Width": 34,"Actual Startup Time": 500.141,"Actual Total Time": 521.406,"Actual Rows": 393,"Actual Loops": 1,"Group Key": ["supplier.s_name"],"Plans": [{"Node Type": "Sort","Parent Relationship": "Outer","Parallel Aware": false,"Async Capable": false,"Startup Cost": 147378.77,"Total Cost": 147378.78,"Plan Rows": 1,"Plan Width": 26,"Actual Startup Time": 500.117,"Actual Total Time": 521.005,"Actual Rows": 3888,"Actual Loops": 1,"Sort Key": ["supplier.s_name"],"Sort Method": "quicksort","Sort Space Used": 370,"Sort Space Type": "Memory","Plans": [{"Node Type": "Nested Loop","Parent Relationship": "Outer","Parallel Aware": false,"Async Capable": false,"Join Type": "Inner","Startup Cost": 1250.87,"Total Cost": 147378.76,"Plan Rows": 1,"Plan Width": 26,"Actual Startup Time": 4.419,"Actual Total Time": 510.533,"Actual Rows": 3888,"Actual Loops": 1,"Inner Unique": true,"Plans": [{"Node Type": "Nested Loop","Parent Relationship": "Outer","Parallel Aware": false,"Async Capable": false,"Join Type": "Semi","Startup Cost": 1250.44,"Total Cost": 147378.26,"Plan Rows": 1,"Plan Width": 34,"Actual Startup Time": 4.399,"Actual Total Time": 450.183,"Actual Rows": 7870,"Actual Loops": 1,"Inner Unique": false,"Plans": [{"Node Type": "Gather","Parent Relationship": "Outer","Parallel Aware": false,"Async Capable": false,"Startup Cost": 1250.01,"Total Cost": 147377.22,"Plan Rows": 1,"Plan Width": 34,"Actual Startup Time": 4.381,"Actual Total Time": 345.433,"Actual Rows": 13167,"Actual Loops": 1,"Workers Planned": 4,"Workers Launched": 4,"Single Copy": false,"Plans": [{"Node Type": "Nested Loop","Parent Relationship": "Outer","Parallel Aware": false,"Async Capable": false,"Join Type": "Anti","Startup Cost": 250.01,"Total Cost": 146377.12,"Plan Rows": 1,"Plan Width": 34,"Actual Startup Time": 4.384,"Actual Total Time": 444.967,"Actual Rows": 2633,"Actual Loops": 5,"Inner Unique": false,"Workers": [],"Plans": [{"Node Type": "Hash Join","Parent Relationship": "Outer","Parallel Aware": false,"Async Capable": false,"Join Type": "Inner","Startup Cost": 249.58,"Total Cost": 133581.65,"Plan Rows": 19990,"Plan Width": 34,"Actual Startup Time": 4.142,"Actual Total Time": 356.305,"Actual Rows": 29760,"Actual Loops": 5,"Inner Unique": false,"Hash Cond": "(l1.l_suppkey = supplier.s_suppkey)","Workers": [],"Plans": [{"Node Type": "Seq Scan","Parent Relationship": "Outer","Parallel Aware": true,"Async Capable": false,"Relation Name": "lineitem","Alias": "l1","Startup Cost": 0.00,"Total Cost": 131256.80,"Plan Rows": 500101,"Plan Width": 8,"Actual Startup Time": 0.027,"Actual Total Time": 306.242,"Actual Rows": 758659,"Actual Loops": 5,"Filter": "(l_receiptdate > l_commitdate)","Rows Removed by Filter": 441584,"Workers": []},{"Node Type": "Hash","Parent Relationship": "Inner","Parallel Aware": false,"Async Capable": false,"Startup Cost": 244.58,"Total Cost": 244.58,"Plan Rows": 400,"Plan Width": 30,"Actual Startup Time": 3.834,"Actual Total Time": 3.847,"Actual Rows": 393,"Actual Loops": 5,"Hash Buckets": 1024,"Original Hash Buckets": 1024,"Hash Batches": 1,"Original Hash Batches": 1,"Peak Memory Usage": 33,"Workers": [],"Plans": [{"Node Type": "Nested Loop","Parent Relationship": "Outer","Parallel Aware": false,"Async Capable": false,"Join Type": "Inner","Startup Cost": 7.38,"Total Cost": 244.58,"Plan Rows": 400,"Plan Width": 30,"Actual Startup Time": 0.244,"Actual Total Time": 3.695,"Actual Rows": 393,"Actual Loops": 5,"Inner Unique": false,"Workers": [],"Plans": [{"Node Type": "Seq Scan","Parent Relationship": "Outer","Parallel Aware": false,"Async Capable": false,"Relation Name": "nation","Alias": "nation","Startup Cost": 0.00,"Total Cost": 1.31,"Plan Rows": 1,"Plan Width": 4,"Actual Startup Time": 0.049,"Actual Total Time": 0.055,"Actual Rows": 1,"Actual Loops": 5,"Filter": "(n_name = 'IRAN'::bpchar)","Rows Removed by Filter": 24,"Workers": []},{"Node Type": "Bitmap Heap Scan","Parent Relationship": "Inner","Parallel Aware": false,"Async Capable": false,"Relation Name": "supplier","Alias": "supplier","Startup Cost": 7.38,"Total Cost": 239.27,"Plan Rows": 400,"Plan Width": 34,"Actual Startup Time": 0.188,"Actual Total Time": 3.562,"Actual Rows": 393,"Actual Loops": 5,"Recheck Cond": "(s_nationkey = nation.n_nationkey)","Rows Removed by Index Recheck": 0,"Exact Heap Blocks": 179,"Lossy Heap Blocks": 0,"Workers": [],"Plans": [{"Node Type": "Bitmap Index Scan","Parent Relationship": "Outer","Parallel Aware": false,"Async Capable": false,"Index Name": "idx_supplier_nation_key","Startup Cost": 0.00,"Total Cost": 7.29,"Plan Rows": 400,"Plan Width": 0,"Actual Startup Time": 0.116,"Actual Total Time": 0.118,"Actual Rows": 393,"Actual Loops": 5,"Index Cond": "(s_nationkey = nation.n_nationkey)","Workers": []}]}]}]}]},{"Node Type": "Index Scan","Parent Relationship": "Inner","Parallel Aware": false,"Async Capable": false,"Scan Direction": "Forward","Index Name": "idx_lineitem_orderkey","Relation Name": "lineitem","Alias": "l3","Startup Cost": 0.43,"Total Cost": 1.06,"Plan Rows": 6,"Plan Width": 8,"Actual Startup Time": 0.003,"Actual Total Time": 0.003,"Actual Rows": 1,"Actual Loops": 148802,"Index Cond": "(l_orderkey = l1.l_orderkey)","Rows Removed by Index Recheck": 0,"Filter": "((l_receiptdate > l_commitdate) AND (l_suppkey <> l1.l_suppkey))","Rows Removed by Filter": 1,"Workers": []}]}]},{"Node Type": "Index Scan","Parent Relationship": "Inner","Parallel Aware": false,"Async Capable": false,"Scan Direction": "Forward","Index Name": "idx_lineitem_orderkey","Relation Name": "lineitem","Alias": "l2","Startup Cost": 0.43,"Total Cost": 1.02,"Plan Rows": 17,"Plan Width": 8,"Actual Startup Time": 0.008,"Actual Total Time": 0.008,"Actual Rows": 1,"Actual Loops": 13167,"Index Cond": "(l_orderkey = l1.l_orderkey)","Rows Removed by Index Recheck": 0,"Filter": "(l_suppkey <> l1.l_suppkey)","Rows Removed by Filter": 1}]},{"Node Type": "Index Scan","Parent Relationship": "Inner","Parallel Aware": false,"Async Capable": false,"Scan Direction": "Forward","Index Name": "orders_pkey","Relation Name": "orders","Alias": "orders","Startup Cost": 0.43,"Total Cost": 0.51,"Plan Rows": 1,"Plan Width": 4,"Actual Startup Time": 0.007,"Actual Total Time": 0.007,"Actual Rows": 0,"Actual Loops": 7870,"Index Cond": "(o_orderkey = l1.l_orderkey)","Rows Removed by Index Recheck": 0,"Filter": "(o_orderstatus = 'F'::bpchar)","Rows Removed by Filter": 1}]}]}]}]},"Planning Time": 9.769,"Triggers": [],"Execution Time": 522.666}]
[{"Plan": {"Node Type": "Sort","Parallel Aware": false,"Async Capable": false,"Startup Cost": 147378.80,"Total Cost": 147378.81,"Plan Rows": 1,"Plan Width": 34,"Actual Startup Time": 504.512,"Actual Total Time": 521.552,"Actual Rows": 413,"Actual Loops": 1,"Sort Key": ["(count(*)) DESC", "supplier.s_name"],"Sort Method": "quicksort","Sort Space Used": 57,"Sort Space Type": "Memory","Plans": [{"Node Type": "Aggregate","Strategy": "Sorted","Partial Mode": "Simple","Parent Relationship": "Outer","Parallel Aware": false,"Async Capable": false,"Startup Cost": 147378.77,"Total Cost": 147378.79,"Plan Rows": 1,"Plan Width": 34,"Actual Startup Time": 503.286,"Actual Total Time": 520.862,"Actual Rows": 413,"Actual Loops": 1,"Group Key": ["supplier.s_name"],"Plans": [{"Node Type": "Sort","Parent Relationship": "Outer","Parallel Aware": false,"Async Capable": false,"Startup Cost": 147378.77,"Total Cost": 147378.78,"Plan Rows": 1,"Plan Width": 26,"Actual Startup Time": 503.265,"Actual Total Time": 520.434,"Actual Rows": 4164,"Actual Loops": 1,"Sort Key": ["supplier.s_name"],"Sort Method": "quicksort","Sort Space Used": 485,"Sort Space Type": "Memory","Plans": [{"Node Type": "Nested Loop","Parent Relationship": "Outer","Parallel Aware": false,"Async Capable": false,"Join Type": "Inner","Startup Cost": 1250.87,"Total Cost": 147378.76,"Plan Rows": 1,"Plan Width": 26,"Actual Startup Time": 4.247,"Actual Total Time": 508.248,"Actual Rows": 4164,"Actual Loops": 1,"Inner Unique": true,"Plans": [{"Node Type": "Nested Loop","Parent Relationship": "Outer","Parallel Aware": false,"Async Capable": false,"Join Type": "Semi","Startup Cost": 1250.44,"Total Cost": 147378.26,"Plan Rows": 1,"Plan Width": 34,"Actual Startup Time": 4.214,"Actual Total Time": 442.064,"Actual Rows": 8468,"Actual Loops": 1,"Inner Unique": false,"Plans": [{"Node Type": "Gather","Parent Relationship": "Outer","Parallel Aware": false,"Async Capable": false,"Startup Cost": 1250.01,"Total Cost": 147377.22,"Plan Rows": 1,"Plan Width": 34,"Actual Startup Time": 4.200,"Actual Total Time": 330.934,"Actual Rows": 14141,"Actual Loops": 1,"Workers Planned": 4,"Workers Launched": 4,"Single Copy": false,"Plans": [{"Node Type": "Nested Loop","Parent Relationship": "Outer","Parallel Aware": false,"Async Capable": false,"Join Type": "Anti","Startup Cost": 250.01,"Total Cost": 146377.12,"Plan Rows": 1,"Plan Width": 34,"Actual Startup Time": 5.165,"Actual Total Time": 443.283,"Actual Rows": 2828,"Actual Loops": 5,"Inner Unique": false,"Workers": [],"Plans": [{"Node Type": "Hash Join","Parent Relationship": "Outer","Parallel Aware": false,"Async Capable": false,"Join Type": "Inner","Startup Cost": 249.58,"Total Cost": 133581.65,"Plan Rows": 19990,"Plan Width": 34,"Actual Startup Time": 5.033,"Actual Total Time": 352.494,"Actual Rows": 31380,"Actual Loops": 5,"Inner Unique": false,"Hash Cond": "(l1.l_suppkey = supplier.s_suppkey)","Workers": [],"Plans": [{"Node Type": "Seq Scan","Parent Relationship": "Outer","Parallel Aware": true,"Async Capable": false,"Relation Name": "lineitem","Alias": "l1","Startup Cost": 0.00,"Total Cost": 131256.80,"Plan Rows": 500101,"Plan Width": 8,"Actual Startup Time": 0.028,"Actual Total Time": 299.882,"Actual Rows": 758659,"Actual Loops": 5,"Filter": "(l_receiptdate > l_commitdate)","Rows Removed by Filter": 441584,"Workers": []},{"Node Type": "Hash","Parent Relationship": "Inner","Parallel Aware": false,"Async Capable": false,"Startup Cost": 244.58,"Total Cost": 244.58,"Plan Rows": 400,"Plan Width": 30,"Actual Startup Time": 4.656,"Actual Total Time": 4.665,"Actual Rows": 413,"Actual Loops": 5,"Hash Buckets": 1024,"Original Hash Buckets": 1024,"Hash Batches": 1,"Original Hash Batches": 1,"Peak Memory Usage": 34,"Workers": [],"Plans": [{"Node Type": "Nested Loop","Parent Relationship": "Outer","Parallel Aware": false,"Async Capable": false,"Join Type": "Inner","Startup Cost": 7.38,"Total Cost": 244.58,"Plan Rows": 400,"Plan Width": 30,"Actual Startup Time": 0.318,"Actual Total Time": 4.505,"Actual Rows": 413,"Actual Loops": 5,"Inner Unique": false,"Workers": [],"Plans": [{"Node Type": "Seq Scan","Parent Relationship": "Outer","Parallel Aware": false,"Async Capable": false,"Relation Name": "nation","Alias": "nation","Startup Cost": 0.00,"Total Cost": 1.31,"Plan Rows": 1,"Plan Width": 4,"Actual Startup Time": 0.066,"Actual Total Time": 0.071,"Actual Rows": 1,"Actual Loops": 5,"Filter": "(n_name = 'ARGENTINA'::bpchar)","Rows Removed by Filter": 24,"Workers": []},{"Node Type": "Bitmap Heap Scan","Parent Relationship": "Inner","Parallel Aware": false,"Async Capable": false,"Relation Name": "supplier","Alias": "supplier","Startup Cost": 7.38,"Total Cost": 239.27,"Plan Rows": 400,"Plan Width": 34,"Actual Startup Time": 0.247,"Actual Total Time": 4.358,"Actual Rows": 413,"Actual Loops": 5,"Recheck Cond": "(s_nationkey = nation.n_nationkey)","Rows Removed by Index Recheck": 0,"Exact Heap Blocks": 190,"Lossy Heap Blocks": 0,"Workers": [],"Plans": [{"Node Type": "Bitmap Index Scan","Parent Relationship": "Outer","Parallel Aware": false,"Async Capable": false,"Index Name": "idx_supplier_nation_key","Startup Cost": 0.00,"Total Cost": 7.29,"Plan Rows": 400,"Plan Width": 0,"Actual Startup Time": 0.157,"Actual Total Time": 0.158,"Actual Rows": 413,"Actual Loops": 5,"Index Cond": "(s_nationkey = nation.n_nationkey)","Workers": []}]}]}]}]},{"Node Type": "Index Scan","Parent Relationship": "Inner","Parallel Aware": false,"Async Capable": false,"Scan Direction": "Forward","Index Name": "idx_lineitem_orderkey","Relation Name": "lineitem","Alias": "l3","Startup Cost": 0.43,"Total Cost": 1.06,"Plan Rows": 6,"Plan Width": 8,"Actual Startup Time": 0.003,"Actual Total Time": 0.003,"Actual Rows": 1,"Actual Loops": 156898,"Index Cond": "(l_orderkey = l1.l_orderkey)","Rows Removed by Index Recheck": 0,"Filter": "((l_receiptdate > l_commitdate) AND (l_suppkey <> l1.l_suppkey))","Rows Removed by Filter": 1,"Workers": []}]}]},{"Node Type": "Index Scan","Parent Relationship": "Inner","Parallel Aware": false,"Async Capable": false,"Scan Direction": "Forward","Index Name": "idx_lineitem_orderkey","Relation Name": "lineitem","Alias": "l2","Startup Cost": 0.43,"Total Cost": 1.02,"Plan Rows": 17,"Plan Width": 8,"Actual Startup Time": 0.007,"Actual Total Time": 0.007,"Actual Rows": 1,"Actual Loops": 14141,"Index Cond": "(l_orderkey = l1.l_orderkey)","Rows Removed by Index Recheck": 0,"Filter": "(l_suppkey <> l1.l_suppkey)","Rows Removed by Filter": 1}]},{"Node Type": "Index Scan","Parent Relationship": "Inner","Parallel Aware": false,"Async Capable": false,"Scan Direction": "Forward","Index Name": "orders_pkey","Relation Name": "orders","Alias": "orders","Startup Cost": 0.43,"Total Cost": 0.51,"Plan Rows": 1,"Plan Width": 4,"Actual Startup Time": 0.008,"Actual Total Time": 0.008,"Actual Rows": 0,"Actual Loops": 8468,"Index Cond": "(o_orderkey = l1.l_orderkey)","Rows Removed by Index Recheck": 0,"Filter": "(o_orderstatus = 'F'::bpchar)","Rows Removed by Filter": 1}]}]}]}]},"Planning Time": 8.601,"Triggers": [],"Execution Time": 522.197}]
[{"Plan": {"Node Type": "Sort","Parallel Aware": false,"Async Capable": false,"Startup Cost": 147378.80,"Total Cost": 147378.81,"Plan Rows": 1,"Plan Width": 34,"Actual Startup Time": 507.691,"Actual Total Time": 527.119,"Actual Rows": 411,"Actual Loops": 1,"Sort Key": ["(count(*)) DESC", "supplier.s_name"],"Sort Method": "quicksort","Sort Space Used": 57,"Sort Space Type": "Memory","Plans": [{"Node Type": "Aggregate","Strategy": "Sorted","Partial Mode": "Simple","Parent Relationship": "Outer","Parallel Aware": false,"Async Capable": false,"Startup Cost": 147378.77,"Total Cost": 147378.79,"Plan Rows": 1,"Plan Width": 34,"Actual Startup Time": 506.441,"Actual Total Time": 526.395,"Actual Rows": 411,"Actual Loops": 1,"Group Key": ["supplier.s_name"],"Plans": [{"Node Type": "Sort","Parent Relationship": "Outer","Parallel Aware": false,"Async Capable": false,"Startup Cost": 147378.77,"Total Cost": 147378.78,"Plan Rows": 1,"Plan Width": 26,"Actual Startup Time": 506.413,"Actual Total Time": 525.969,"Actual Rows": 4141,"Actual Loops": 1,"Sort Key": ["supplier.s_name"],"Sort Method": "quicksort","Sort Space Used": 484,"Sort Space Type": "Memory","Plans": [{"Node Type": "Nested Loop","Parent Relationship": "Outer","Parallel Aware": false,"Async Capable": false,"Join Type": "Inner","Startup Cost": 1250.87,"Total Cost": 147378.76,"Plan Rows": 1,"Plan Width": 26,"Actual Startup Time": 4.973,"Actual Total Time": 514.878,"Actual Rows": 4141,"Actual Loops": 1,"Inner Unique": true,"Plans": [{"Node Type": "Nested Loop","Parent Relationship": "Outer","Parallel Aware": false,"Async Capable": false,"Join Type": "Semi","Startup Cost": 1250.44,"Total Cost": 147378.26,"Plan Rows": 1,"Plan Width": 34,"Actual Startup Time": 4.329,"Actual Total Time": 453.804,"Actual Rows": 8357,"Actual Loops": 1,"Inner Unique": false,"Plans": [{"Node Type": "Gather","Parent Relationship": "Outer","Parallel Aware": false,"Async Capable": false,"Startup Cost": 1250.01,"Total Cost": 147377.22,"Plan Rows": 1,"Plan Width": 34,"Actual Startup Time": 4.312,"Actual Total Time": 350.336,"Actual Rows": 13859,"Actual Loops": 1,"Workers Planned": 4,"Workers Launched": 4,"Single Copy": false,"Plans": [{"Node Type": "Nested Loop","Parent Relationship": "Outer","Parallel Aware": false,"Async Capable": false,"Join Type": "Anti","Startup Cost": 250.01,"Total Cost": 146377.12,"Plan Rows": 1,"Plan Width": 34,"Actual Startup Time": 4.818,"Actual Total Time": 450.256,"Actual Rows": 2772,"Actual Loops": 5,"Inner Unique": false,"Workers": [],"Plans": [{"Node Type": "Hash Join","Parent Relationship": "Outer","Parallel Aware": false,"Async Capable": false,"Join Type": "Inner","Startup Cost": 249.58,"Total Cost": 133581.65,"Plan Rows": 19990,"Plan Width": 34,"Actual Startup Time": 4.474,"Actual Total Time": 357.672,"Actual Rows": 31348,"Actual Loops": 5,"Inner Unique": false,"Hash Cond": "(l1.l_suppkey = supplier.s_suppkey)","Workers": [],"Plans": [{"Node Type": "Seq Scan","Parent Relationship": "Outer","Parallel Aware": true,"Async Capable": false,"Relation Name": "lineitem","Alias": "l1","Startup Cost": 0.00,"Total Cost": 131256.80,"Plan Rows": 500101,"Plan Width": 8,"Actual Startup Time": 0.028,"Actual Total Time": 306.873,"Actual Rows": 758659,"Actual Loops": 5,"Filter": "(l_receiptdate > l_commitdate)","Rows Removed by Filter": 441584,"Workers": []},{"Node Type": "Hash","Parent Relationship": "Inner","Parallel Aware": false,"Async Capable": false,"Startup Cost": 244.58,"Total Cost": 244.58,"Plan Rows": 400,"Plan Width": 30,"Actual Startup Time": 4.175,"Actual Total Time": 4.188,"Actual Rows": 411,"Actual Loops": 5,"Hash Buckets": 1024,"Original Hash Buckets": 1024,"Hash Batches": 1,"Original Hash Batches": 1,"Peak Memory Usage": 34,"Workers": [],"Plans": [{"Node Type": "Nested Loop","Parent Relationship": "Outer","Parallel Aware": false,"Async Capable": false,"Join Type": "Inner","Startup Cost": 7.38,"Total Cost": 244.58,"Plan Rows": 400,"Plan Width": 30,"Actual Startup Time": 0.256,"Actual Total Time": 4.027,"Actual Rows": 411,"Actual Loops": 5,"Inner Unique": false,"Workers": [],"Plans": [{"Node Type": "Seq Scan","Parent Relationship": "Outer","Parallel Aware": false,"Async Capable": false,"Relation Name": "nation","Alias": "nation","Startup Cost": 0.00,"Total Cost": 1.31,"Plan Rows": 1,"Plan Width": 4,"Actual Startup Time": 0.047,"Actual Total Time": 0.051,"Actual Rows": 1,"Actual Loops": 5,"Filter": "(n_name = 'SAUDI ARABIA'::bpchar)","Rows Removed by Filter": 24,"Workers": []},{"Node Type": "Bitmap Heap Scan","Parent Relationship": "Inner","Parallel Aware": false,"Async Capable": false,"Relation Name": "supplier","Alias": "supplier","Startup Cost": 7.38,"Total Cost": 239.27,"Plan Rows": 400,"Plan Width": 34,"Actual Startup Time": 0.204,"Actual Total Time": 3.890,"Actual Rows": 411,"Actual Loops": 5,"Recheck Cond": "(s_nationkey = nation.n_nationkey)","Rows Removed by Index Recheck": 0,"Exact Heap Blocks": 182,"Lossy Heap Blocks": 0,"Workers": [],"Plans": [{"Node Type": "Bitmap Index Scan","Parent Relationship": "Outer","Parallel Aware": false,"Async Capable": false,"Index Name": "idx_supplier_nation_key","Startup Cost": 0.00,"Total Cost": 7.29,"Plan Rows": 400,"Plan Width": 0,"Actual Startup Time": 0.143,"Actual Total Time": 0.145,"Actual Rows": 411,"Actual Loops": 5,"Index Cond": "(s_nationkey = nation.n_nationkey)","Workers": []}]}]}]}]},{"Node Type": "Index Scan","Parent Relationship": "Inner","Parallel Aware": false,"Async Capable": false,"Scan Direction": "Forward","Index Name": "idx_lineitem_orderkey","Relation Name": "lineitem","Alias": "l3","Startup Cost": 0.43,"Total Cost": 1.06,"Plan Rows": 6,"Plan Width": 8,"Actual Startup Time": 0.003,"Actual Total Time": 0.003,"Actual Rows": 1,"Actual Loops": 156739,"Index Cond": "(l_orderkey = l1.l_orderkey)","Rows Removed by Index Recheck": 0,"Filter": "((l_receiptdate > l_commitdate) AND (l_suppkey <> l1.l_suppkey))","Rows Removed by Filter": 1,"Workers": []}]}]},{"Node Type": "Index Scan","Parent Relationship": "Inner","Parallel Aware": false,"Async Capable": false,"Scan Direction": "Forward","Index Name": "idx_lineitem_orderkey","Relation Name": "lineitem","Alias": "l2","Startup Cost": 0.43,"Total Cost": 1.02,"Plan Rows": 17,"Plan Width": 8,"Actual Startup Time": 0.007,"Actual Total Time": 0.007,"Actual Rows": 1,"Actual Loops": 13859,"Index Cond": "(l_orderkey = l1.l_orderkey)","Rows Removed by Index Recheck": 0,"Filter": "(l_suppkey <> l1.l_suppkey)","Rows Removed by Filter": 1}]},{"Node Type": "Index Scan","Parent Relationship": "Inner","Parallel Aware": false,"Async Capable": false,"Scan Direction": "Forward","Index Name": "orders_pkey","Relation Name": "orders","Alias": "orders","Startup Cost": 0.43,"Total Cost": 0.51,"Plan Rows": 1,"Plan Width": 4,"Actual Startup Time": 0.007,"Actual Total Time": 0.007,"Actual Rows": 0,"Actual Loops": 8357,"Index Cond": "(o_orderkey = l1.l_orderkey)","Rows Removed by Index Recheck": 0,"Filter": "(o_orderstatus = 'F'::bpchar)","Rows Removed by Filter": 1}]}]}]}]},"Planning Time": 9.483,"Triggers": [],"Execution Time": 527.804}]
[{"Plan": {"Node Type": "Sort","Parallel Aware": false,"Async Capable": false,"Startup Cost": 147378.80,"Total Cost": 147378.81,"Plan Rows": 1,"Plan Width": 34,"Actual Startup Time": 492.880,"Actual Total Time": 511.387,"Actual Rows": 377,"Actual Loops": 1,"Sort Key": ["(count(*)) DESC", "supplier.s_name"],"Sort Method": "quicksort","Sort Space Used": 54,"Sort Space Type": "Memory","Plans": [{"Node Type": "Aggregate","Strategy": "Sorted","Partial Mode": "Simple","Parent Relationship": "Outer","Parallel Aware": false,"Async Capable": false,"Startup Cost": 147378.77,"Total Cost": 147378.79,"Plan Rows": 1,"Plan Width": 34,"Actual Startup Time": 491.719,"Actual Total Time": 510.711,"Actual Rows": 377,"Actual Loops": 1,"Group Key": ["supplier.s_name"],"Plans": [{"Node Type": "Sort","Parent Relationship": "Outer","Parallel Aware": false,"Async Capable": false,"Startup Cost": 147378.77,"Total Cost": 147378.78,"Plan Rows": 1,"Plan Width": 26,"Actual Startup Time": 491.689,"Actual Total Time": 510.309,"Actual Rows": 3707,"Actual Loops": 1,"Sort Key": ["supplier.s_name"],"Sort Method": "quicksort","Sort Space Used": 357,"Sort Space Type": "Memory","Plans": [{"Node Type": "Nested Loop","Parent Relationship": "Outer","Parallel Aware": false,"Async Capable": false,"Join Type": "Inner","Startup Cost": 1250.87,"Total Cost": 147378.76,"Plan Rows": 1,"Plan Width": 26,"Actual Startup Time": 4.620,"Actual Total Time": 499.542,"Actual Rows": 3707,"Actual Loops": 1,"Inner Unique": true,"Plans": [{"Node Type": "Nested Loop","Parent Relationship": "Outer","Parallel Aware": false,"Async Capable": false,"Join Type": "Semi","Startup Cost": 1250.44,"Total Cost": 147378.26,"Plan Rows": 1,"Plan Width": 34,"Actual Startup Time": 4.581,"Actual Total Time": 437.361,"Actual Rows": 7590,"Actual Loops": 1,"Inner Unique": false,"Plans": [{"Node Type": "Gather","Parent Relationship": "Outer","Parallel Aware": false,"Async Capable": false,"Startup Cost": 1250.01,"Total Cost": 147377.22,"Plan Rows": 1,"Plan Width": 34,"Actual Startup Time": 4.430,"Actual Total Time": 334.305,"Actual Rows": 12724,"Actual Loops": 1,"Workers Planned": 4,"Workers Launched": 4,"Single Copy": false,"Plans": [{"Node Type": "Nested Loop","Parent Relationship": "Outer","Parallel Aware": false,"Async Capable": false,"Join Type": "Anti","Startup Cost": 250.01,"Total Cost": 146377.12,"Plan Rows": 1,"Plan Width": 34,"Actual Startup Time": 5.283,"Actual Total Time": 435.218,"Actual Rows": 2545,"Actual Loops": 5,"Inner Unique": false,"Workers": [],"Plans": [{"Node Type": "Hash Join","Parent Relationship": "Outer","Parallel Aware": false,"Async Capable": false,"Join Type": "Inner","Startup Cost": 249.58,"Total Cost": 133581.65,"Plan Rows": 19990,"Plan Width": 34,"Actual Startup Time": 4.967,"Actual Total Time": 350.606,"Actual Rows": 28669,"Actual Loops": 5,"Inner Unique": false,"Hash Cond": "(l1.l_suppkey = supplier.s_suppkey)","Workers": [],"Plans": [{"Node Type": "Seq Scan","Parent Relationship": "Outer","Parallel Aware": true,"Async Capable": false,"Relation Name": "lineitem","Alias": "l1","Startup Cost": 0.00,"Total Cost": 131256.80,"Plan Rows": 500101,"Plan Width": 8,"Actual Startup Time": 0.028,"Actual Total Time": 300.375,"Actual Rows": 758659,"Actual Loops": 5,"Filter": "(l_receiptdate > l_commitdate)","Rows Removed by Filter": 441584,"Workers": []},{"Node Type": "Hash","Parent Relationship": "Inner","Parallel Aware": false,"Async Capable": false,"Startup Cost": 244.58,"Total Cost": 244.58,"Plan Rows": 400,"Plan Width": 30,"Actual Startup Time": 4.611,"Actual Total Time": 4.626,"Actual Rows": 377,"Actual Loops": 5,"Hash Buckets": 1024,"Original Hash Buckets": 1024,"Hash Batches": 1,"Original Hash Batches": 1,"Peak Memory Usage": 32,"Workers": [],"Plans": [{"Node Type": "Nested Loop","Parent Relationship": "Outer","Parallel Aware": false,"Async Capable": false,"Join Type": "Inner","Startup Cost": 7.38,"Total Cost": 244.58,"Plan Rows": 400,"Plan Width": 30,"Actual Startup Time": 0.296,"Actual Total Time": 4.444,"Actual Rows": 377,"Actual Loops": 5,"Inner Unique": false,"Workers": [],"Plans": [{"Node Type": "Seq Scan","Parent Relationship": "Outer","Parallel Aware": false,"Async Capable": false,"Relation Name": "nation","Alias": "nation","Startup Cost": 0.00,"Total Cost": 1.31,"Plan Rows": 1,"Plan Width": 4,"Actual Startup Time": 0.056,"Actual Total Time": 0.065,"Actual Rows": 1,"Actual Loops": 5,"Filter": "(n_name = 'JAPAN'::bpchar)","Rows Removed by Filter": 24,"Workers": []},{"Node Type": "Bitmap Heap Scan","Parent Relationship": "Inner","Parallel Aware": false,"Async Capable": false,"Relation Name": "supplier","Alias": "supplier","Startup Cost": 7.38,"Total Cost": 239.27,"Plan Rows": 400,"Plan Width": 34,"Actual Startup Time": 0.234,"Actual Total Time": 4.286,"Actual Rows": 377,"Actual Loops": 5,"Recheck Cond": "(s_nationkey = nation.n_nationkey)","Rows Removed by Index Recheck": 0,"Exact Heap Blocks": 180,"Lossy Heap Blocks": 0,"Workers": [],"Plans": [{"Node Type": "Bitmap Index Scan","Parent Relationship": "Outer","Parallel Aware": false,"Async Capable": false,"Index Name": "idx_supplier_nation_key","Startup Cost": 0.00,"Total Cost": 7.29,"Plan Rows": 400,"Plan Width": 0,"Actual Startup Time": 0.148,"Actual Total Time": 0.149,"Actual Rows": 377,"Actual Loops": 5,"Index Cond": "(s_nationkey = nation.n_nationkey)","Workers": []}]}]}]}]},{"Node Type": "Index Scan","Parent Relationship": "Inner","Parallel Aware": false,"Async Capable": false,"Scan Direction": "Forward","Index Name": "idx_lineitem_orderkey","Relation Name": "lineitem","Alias": "l3","Startup Cost": 0.43,"Total Cost": 1.06,"Plan Rows": 6,"Plan Width": 8,"Actual Startup Time": 0.003,"Actual Total Time": 0.003,"Actual Rows": 1,"Actual Loops": 143344,"Index Cond": "(l_orderkey = l1.l_orderkey)","Rows Removed by Index Recheck": 0,"Filter": "((l_receiptdate > l_commitdate) AND (l_suppkey <> l1.l_suppkey))","Rows Removed by Filter": 1,"Workers": []}]}]},{"Node Type": "Index Scan","Parent Relationship": "Inner","Parallel Aware": false,"Async Capable": false,"Scan Direction": "Forward","Index Name": "idx_lineitem_orderkey","Relation Name": "lineitem","Alias": "l2","Startup Cost": 0.43,"Total Cost": 1.02,"Plan Rows": 17,"Plan Width": 8,"Actual Startup Time": 0.008,"Actual Total Time": 0.008,"Actual Rows": 1,"Actual Loops": 12724,"Index Cond": "(l_orderkey = l1.l_orderkey)","Rows Removed by Index Recheck": 0,"Filter": "(l_suppkey <> l1.l_suppkey)","Rows Removed by Filter": 1}]},{"Node Type": "Index Scan","Parent Relationship": "Inner","Parallel Aware": false,"Async Capable": false,"Scan Direction": "Forward","Index Name": "orders_pkey","Relation Name": "orders","Alias": "orders","Startup Cost": 0.43,"Total Cost": 0.51,"Plan Rows": 1,"Plan Width": 4,"Actual Startup Time": 0.008,"Actual Total Time": 0.008,"Actual Rows": 0,"Actual Loops": 7590,"Index Cond": "(o_orderkey = l1.l_orderkey)","Rows Removed by Index Recheck": 0,"Filter": "(o_orderstatus = 'F'::bpchar)","Rows Removed by Filter": 1}]}]}]}]},"Planning Time": 9.583,"Triggers": [],"Execution Time": 511.800}]
[{"Plan": {"Node Type": "Sort","Parallel Aware": false,"Async Capable": false,"Startup Cost": 147378.80,"Total Cost": 147378.81,"Plan Rows": 1,"Plan Width": 34,"Actual Startup Time": 501.108,"Actual Total Time": 521.576,"Actual Rows": 402,"Actual Loops": 1,"Sort Key": ["(count(*)) DESC", "supplier.s_name"],"Sort Method": "quicksort","Sort Space Used": 56,"Sort Space Type": "Memory","Plans": [{"Node Type": "Aggregate","Strategy": "Sorted","Partial Mode": "Simple","Parent Relationship": "Outer","Parallel Aware": false,"Async Capable": false,"Startup Cost": 147378.77,"Total Cost": 147378.79,"Plan Rows": 1,"Plan Width": 34,"Actual Startup Time": 499.889,"Actual Total Time": 520.867,"Actual Rows": 402,"Actual Loops": 1,"Group Key": ["supplier.s_name"],"Plans": [{"Node Type": "Sort","Parent Relationship": "Outer","Parallel Aware": false,"Async Capable": false,"Startup Cost": 147378.77,"Total Cost": 147378.78,"Plan Rows": 1,"Plan Width": 26,"Actual Startup Time": 499.865,"Actual Total Time": 520.454,"Actual Rows": 3981,"Actual Loops": 1,"Sort Key": ["supplier.s_name"],"Sort Method": "quicksort","Sort Space Used": 376,"Sort Space Type": "Memory","Plans": [{"Node Type": "Nested Loop","Parent Relationship": "Outer","Parallel Aware": false,"Async Capable": false,"Join Type": "Inner","Startup Cost": 1250.87,"Total Cost": 147378.76,"Plan Rows": 1,"Plan Width": 26,"Actual Startup Time": 4.395,"Actual Total Time": 509.623,"Actual Rows": 3981,"Actual Loops": 1,"Inner Unique": true,"Plans": [{"Node Type": "Nested Loop","Parent Relationship": "Outer","Parallel Aware": false,"Async Capable": false,"Join Type": "Semi","Startup Cost": 1250.44,"Total Cost": 147378.26,"Plan Rows": 1,"Plan Width": 34,"Actual Startup Time": 4.360,"Actual Total Time": 449.398,"Actual Rows": 7983,"Actual Loops": 1,"Inner Unique": false,"Plans": [{"Node Type": "Gather","Parent Relationship": "Outer","Parallel Aware": false,"Async Capable": false,"Startup Cost": 1250.01,"Total Cost": 147377.22,"Plan Rows": 1,"Plan Width": 34,"Actual Startup Time": 4.200,"Actual Total Time": 345.088,"Actual Rows": 13400,"Actual Loops": 1,"Workers Planned": 4,"Workers Launched": 4,"Single Copy": false,"Plans": [{"Node Type": "Nested Loop","Parent Relationship": "Outer","Parallel Aware": false,"Async Capable": false,"Join Type": "Anti","Startup Cost": 250.01,"Total Cost": 146377.12,"Plan Rows": 1,"Plan Width": 34,"Actual Startup Time": 4.071,"Actual Total Time": 443.940,"Actual Rows": 2680,"Actual Loops": 5,"Inner Unique": false,"Workers": [],"Plans": [{"Node Type": "Hash Join","Parent Relationship": "Outer","Parallel Aware": false,"Async Capable": false,"Join Type": "Inner","Startup Cost": 249.58,"Total Cost": 133581.65,"Plan Rows": 19990,"Plan Width": 34,"Actual Startup Time": 3.886,"Actual Total Time": 354.291,"Actual Rows": 30378,"Actual Loops": 5,"Inner Unique": false,"Hash Cond": "(l1.l_suppkey = supplier.s_suppkey)","Workers": [],"Plans": [{"Node Type": "Seq Scan","Parent Relationship": "Outer","Parallel Aware": true,"Async Capable": false,"Relation Name": "lineitem","Alias": "l1","Startup Cost": 0.00,"Total Cost": 131256.80,"Plan Rows": 500101,"Plan Width": 8,"Actual Startup Time": 0.029,"Actual Total Time": 304.276,"Actual Rows": 758659,"Actual Loops": 5,"Filter": "(l_receiptdate > l_commitdate)","Rows Removed by Filter": 441584,"Workers": []},{"Node Type": "Hash","Parent Relationship": "Inner","Parallel Aware": false,"Async Capable": false,"Startup Cost": 244.58,"Total Cost": 244.58,"Plan Rows": 400,"Plan Width": 30,"Actual Startup Time": 3.550,"Actual Total Time": 3.564,"Actual Rows": 402,"Actual Loops": 5,"Hash Buckets": 1024,"Original Hash Buckets": 1024,"Hash Batches": 1,"Original Hash Batches": 1,"Peak Memory Usage": 34,"Workers": [],"Plans": [{"Node Type": "Nested Loop","Parent Relationship": "Outer","Parallel Aware": false,"Async Capable": false,"Join Type": "Inner","Startup Cost": 7.38,"Total Cost": 244.58,"Plan Rows": 400,"Plan Width": 30,"Actual Startup Time": 0.305,"Actual Total Time": 3.431,"Actual Rows": 402,"Actual Loops": 5,"Inner Unique": false,"Workers": [],"Plans": [{"Node Type": "Seq Scan","Parent Relationship": "Outer","Parallel Aware": false,"Async Capable": false,"Relation Name": "nation","Alias": "nation","Startup Cost": 0.00,"Total Cost": 1.31,"Plan Rows": 1,"Plan Width": 4,"Actual Startup Time": 0.076,"Actual Total Time": 0.081,"Actual Rows": 1,"Actual Loops": 5,"Filter": "(n_name = 'FRANCE'::bpchar)","Rows Removed by Filter": 24,"Workers": []},{"Node Type": "Bitmap Heap Scan","Parent Relationship": "Inner","Parallel Aware": false,"Async Capable": false,"Relation Name": "supplier","Alias": "supplier","Startup Cost": 7.38,"Total Cost": 239.27,"Plan Rows": 400,"Plan Width": 34,"Actual Startup Time": 0.223,"Actual Total Time": 3.284,"Actual Rows": 402,"Actual Loops": 5,"Recheck Cond": "(s_nationkey = nation.n_nationkey)","Rows Removed by Index Recheck": 0,"Exact Heap Blocks": 184,"Lossy Heap Blocks": 0,"Workers": [],"Plans": [{"Node Type": "Bitmap Index Scan","Parent Relationship": "Outer","Parallel Aware": false,"Async Capable": false,"Index Name": "idx_supplier_nation_key","Startup Cost": 0.00,"Total Cost": 7.29,"Plan Rows": 400,"Plan Width": 0,"Actual Startup Time": 0.129,"Actual Total Time": 0.130,"Actual Rows": 402,"Actual Loops": 5,"Index Cond": "(s_nationkey = nation.n_nationkey)","Workers": []}]}]}]}]},{"Node Type": "Index Scan","Parent Relationship": "Inner","Parallel Aware": false,"Async Capable": false,"Scan Direction": "Forward","Index Name": "idx_lineitem_orderkey","Relation Name": "lineitem","Alias": "l3","Startup Cost": 0.43,"Total Cost": 1.06,"Plan Rows": 6,"Plan Width": 8,"Actual Startup Time": 0.003,"Actual Total Time": 0.003,"Actual Rows": 1,"Actual Loops": 151892,"Index Cond": "(l_orderkey = l1.l_orderkey)","Rows Removed by Index Recheck": 0,"Filter": "((l_receiptdate > l_commitdate) AND (l_suppkey <> l1.l_suppkey))","Rows Removed by Filter": 1,"Workers": []}]}]},{"Node Type": "Index Scan","Parent Relationship": "Inner","Parallel Aware": false,"Async Capable": false,"Scan Direction": "Forward","Index Name": "idx_lineitem_orderkey","Relation Name": "lineitem","Alias": "l2","Startup Cost": 0.43,"Total Cost": 1.02,"Plan Rows": 17,"Plan Width": 8,"Actual Startup Time": 0.007,"Actual Total Time": 0.007,"Actual Rows": 1,"Actual Loops": 13400,"Index Cond": "(l_orderkey = l1.l_orderkey)","Rows Removed by Index Recheck": 0,"Filter": "(l_suppkey <> l1.l_suppkey)","Rows Removed by Filter": 1}]},{"Node Type": "Index Scan","Parent Relationship": "Inner","Parallel Aware": false,"Async Capable": false,"Scan Direction": "Forward","Index Name": "orders_pkey","Relation Name": "orders","Alias": "orders","Startup Cost": 0.43,"Total Cost": 0.51,"Plan Rows": 1,"Plan Width": 4,"Actual Startup Time": 0.007,"Actual Total Time": 0.007,"Actual Rows": 0,"Actual Loops": 7983,"Index Cond": "(o_orderkey = l1.l_orderkey)","Rows Removed by Index Recheck": 0,"Filter": "(o_orderstatus = 'F'::bpchar)","Rows Removed by Filter": 1}]}]}]}]},"Planning Time": 8.323,"Triggers": [],"Execution Time": 522.235}]
[{"Plan": {"Node Type": "Sort","Parallel Aware": false,"Async Capable": false,"Startup Cost": 147378.80,"Total Cost": 147378.81,"Plan Rows": 1,"Plan Width": 34,"Actual Startup Time": 501.108,"Actual Total Time": 521.576,"Actual Rows": 402,"Actual Loops": 1,"Sort Key": ["(count(*)) DESC", "supplier.s_name"],"Sort Method": "quicksort","Sort Space Used": 56,"Sort Space Type": "Memory","Plans": [{"Node Type": "Aggregate","Strategy": "Sorted","Partial Mode": "Simple","Parent Relationship": "Outer","Parallel Aware": false,"Async Capable": false,"Startup Cost": 147378.77,"Total Cost": 147378.79,"Plan Rows": 1,"Plan Width": 34,"Actual Startup Time": 499.889,"Actual Total Time": 520.867,"Actual Rows": 402,"Actual Loops": 1,"Group Key": ["supplier.s_name"],"Plans": [{"Node Type": "Sort","Parent Relationship": "Outer","Parallel Aware": false,"Async Capable": false,"Startup Cost": 147378.77,"Total Cost": 147378.78,"Plan Rows": 1,"Plan Width": 26,"Actual Startup Time": 499.865,"Actual Total Time": 520.454,"Actual Rows": 3981,"Actual Loops": 1,"Sort Key": ["supplier.s_name"],"Sort Method": "quicksort","Sort Space Used": 376,"Sort Space Type": "Memory","Plans": [{"Node Type": "Nested Loop","Parent Relationship": "Outer","Parallel Aware": false,"Async Capable": false,"Join Type": "Inner","Startup Cost": 1250.87,"Total Cost": 147378.76,"Plan Rows": 1,"Plan Width": 26,"Actual Startup Time": 4.395,"Actual Total Time": 509.623,"Actual Rows": 3981,"Actual Loops": 1,"Inner Unique": true,"Plans": [{"Node Type": "Nested Loop","Parent Relationship": "Outer","Parallel Aware": false,"Async Capable": false,"Join Type": "Semi","Startup Cost": 1250.44,"Total Cost": 147378.26,"Plan Rows": 1,"Plan Width": 34,"Actual Startup Time": 4.360,"Actual Total Time": 449.398,"Actual Rows": 7983,"Actual Loops": 1,"Inner Unique": false,"Plans": [{"Node Type": "Gather","Parent Relationship": "Outer","Parallel Aware": false,"Async Capable": false,"Startup Cost": 1250.01,"Total Cost": 147377.22,"Plan Rows": 1,"Plan Width": 34,"Actual Startup Time": 4.200,"Actual Total Time": 345.088,"Actual Rows": 13400,"Actual Loops": 1,"Workers Planned": 4,"Workers Launched": 4,"Single Copy": false,"Plans": [{"Node Type": "Nested Loop","Parent Relationship": "Outer","Parallel Aware": false,"Async Capable": false,"Join Type": "Anti","Startup Cost": 250.01,"Total Cost": 146377.12,"Plan Rows": 1,"Plan Width": 34,"Actual Startup Time": 4.071,"Actual Total Time": 443.940,"Actual Rows": 2680,"Actual Loops": 5,"Inner Unique": false,"Workers": [],"Plans": [{"Node Type": "Hash Join","Parent Relationship": "Outer","Parallel Aware": false,"Async Capable": false,"Join Type": "Inner","Startup Cost": 249.58,"Total Cost": 133581.65,"Plan Rows": 19990,"Plan Width": 34,"Actual Startup Time": 3.886,"Actual Total Time": 354.291,"Actual Rows": 30378,"Actual Loops": 5,"Inner Unique": false,"Hash Cond": "(l1.l_suppkey = supplier.s_suppkey)","Workers": [],"Plans": [{"Node Type": "Seq Scan","Parent Relationship": "Outer","Parallel Aware": true,"Async Capable": false,"Relation Name": "lineitem","Alias": "l1","Startup Cost": 0.00,"Total Cost": 131256.80,"Plan Rows": 500101,"Plan Width": 8,"Actual Startup Time": 0.029,"Actual Total Time": 304.276,"Actual Rows": 758659,"Actual Loops": 5,"Filter": "(l_receiptdate > l_commitdate)","Rows Removed by Filter": 441584,"Workers": []},{"Node Type": "Hash","Parent Relationship": "Inner","Parallel Aware": false,"Async Capable": false,"Startup Cost": 244.58,"Total Cost": 244.58,"Plan Rows": 400,"Plan Width": 30,"Actual Startup Time": 3.550,"Actual Total Time": 3.564,"Actual Rows": 402,"Actual Loops": 5,"Hash Buckets": 1024,"Original Hash Buckets": 1024,"Hash Batches": 1,"Original Hash Batches": 1,"Peak Memory Usage": 34,"Workers": [],"Plans": [{"Node Type": "Nested Loop","Parent Relationship": "Outer","Parallel Aware": false,"Async Capable": false,"Join Type": "Inner","Startup Cost": 7.38,"Total Cost": 244.58,"Plan Rows": 400,"Plan Width": 30,"Actual Startup Time": 0.305,"Actual Total Time": 3.431,"Actual Rows": 402,"Actual Loops": 5,"Inner Unique": false,"Workers": [],"Plans": [{"Node Type": "Seq Scan","Parent Relationship": "Outer","Parallel Aware": false,"Async Capable": false,"Relation Name": "nation","Alias": "nation","Startup Cost": 0.00,"Total Cost": 1.31,"Plan Rows": 1,"Plan Width": 4,"Actual Startup Time": 0.076,"Actual Total Time": 0.081,"Actual Rows": 1,"Actual Loops": 5,"Filter": "(n_name = 'FRANCE'::bpchar)","Rows Removed by Filter": 24,"Workers": []},{"Node Type": "Bitmap Heap Scan","Parent Relationship": "Inner","Parallel Aware": false,"Async Capable": false,"Relation Name": "supplier","Alias": "supplier","Startup Cost": 7.38,"Total Cost": 239.27,"Plan Rows": 400,"Plan Width": 34,"Actual Startup Time": 0.223,"Actual Total Time": 3.284,"Actual Rows": 402,"Actual Loops": 5,"Recheck Cond": "(s_nationkey = nation.n_nationkey)","Rows Removed by Index Recheck": 0,"Exact Heap Blocks": 184,"Lossy Heap Blocks": 0,"Workers": [],"Plans": [{"Node Type": "Bitmap Index Scan","Parent Relationship": "Outer","Parallel Aware": false,"Async Capable": false,"Index Name": "idx_supplier_nation_key","Startup Cost": 0.00,"Total Cost": 7.29,"Plan Rows": 400,"Plan Width": 0,"Actual Startup Time": 0.129,"Actual Total Time": 0.130,"Actual Rows": 402,"Actual Loops": 5,"Index Cond": "(s_nationkey = nation.n_nationkey)","Workers": []}]}]}]}]},{"Node Type": "Index Scan","Parent Relationship": "Inner","Parallel Aware": false,"Async Capable": false,"Scan Direction": "Forward","Index Name": "idx_lineitem_orderkey","Relation Name": "lineitem","Alias": "l3","Startup Cost": 0.43,"Total Cost": 1.06,"Plan Rows": 6,"Plan Width": 8,"Actual Startup Time": 0.003,"Actual Total Time": 0.003,"Actual Rows": 1,"Actual Loops": 151892,"Index Cond": "(l_orderkey = l1.l_orderkey)","Rows Removed by Index Recheck": 0,"Filter": "((l_receiptdate > l_commitdate) AND (l_suppkey <> l1.l_suppkey))","Rows Removed by Filter": 1,"Workers": []}]}]},{"Node Type": "Index Scan","Parent Relationship": "Inner","Parallel Aware": false,"Async Capable": false,"Scan Direction": "Forward","Index Name": "idx_lineitem_orderkey","Relation Name": "lineitem","Alias": "l2","Startup Cost": 0.43,"Total Cost": 1.02,"Plan Rows": 17,"Plan Width": 8,"Actual Startup Time": 0.007,"Actual Total Time": 0.007,"Actual Rows": 1,"Actual Loops": 13400,"Index Cond": "(l_orderkey = l1.l_orderkey)","Rows Removed by Index Recheck": 0,"Filter": "(l_suppkey <> l1.l_suppkey)","Rows Removed by Filter": 1}]},{"Node Type": "Index Scan","Parent Relationship": "Inner","Parallel Aware": false,"Async Capable": false,"Scan Direction": "Forward","Index Name": "orders_pkey","Relation Name": "orders","Alias": "orders","Startup Cost": 0.43,"Total Cost": 0.51,"Plan Rows": 1,"Plan Width": 4,"Actual Startup Time": 0.007,"Actual Total Time": 0.007,"Actual Rows": 0,"Actual Loops": 7983,"Index Cond": "(o_orderkey = l1.l_orderkey)","Rows Removed by Index Recheck": 0,"Filter": "(o_orderstatus = 'F'::bpchar)","Rows Removed by Filter": 1}]}]}]}]},"Planning Time": 8.323,"Triggers": [],"Execution Time": 522.235}]
[{"Plan": {"Node Type": "Sort","Parallel Aware": false,"Async Capable": false,"Startup Cost": 147378.80,"Total Cost": 147378.81,"Plan Rows": 1,"Plan Width": 34,"Actual Startup Time": 511.931,"Actual Total Time": 527.174,"Actual Rows": 415,"Actual Loops": 1,"Sort Key": ["(count(*)) DESC", "supplier.s_name"],"Sort Method": "quicksort","Sort Space Used": 57,"Sort Space Type": "Memory","Plans": [{"Node Type": "Aggregate","Strategy": "Sorted","Partial Mode": "Simple","Parent Relationship": "Outer","Parallel Aware": false,"Async Capable": false,"Startup Cost": 147378.77,"Total Cost": 147378.79,"Plan Rows": 1,"Plan Width": 34,"Actual Startup Time": 510.675,"Actual Total Time": 526.442,"Actual Rows": 415,"Actual Loops": 1,"Group Key": ["supplier.s_name"],"Plans": [{"Node Type": "Sort","Parent Relationship": "Outer","Parallel Aware": false,"Async Capable": false,"Startup Cost": 147378.77,"Total Cost": 147378.78,"Plan Rows": 1,"Plan Width": 26,"Actual Startup Time": 510.644,"Actual Total Time": 526.012,"Actual Rows": 4112,"Actual Loops": 1,"Sort Key": ["supplier.s_name"],"Sort Method": "quicksort","Sort Space Used": 482,"Sort Space Type": "Memory","Plans": [{"Node Type": "Nested Loop","Parent Relationship": "Outer","Parallel Aware": false,"Async Capable": false,"Join Type": "Inner","Startup Cost": 1250.87,"Total Cost": 147378.76,"Plan Rows": 1,"Plan Width": 26,"Actual Startup Time": 4.482,"Actual Total Time": 514.049,"Actual Rows": 4112,"Actual Loops": 1,"Inner Unique": true,"Plans": [{"Node Type": "Nested Loop","Parent Relationship": "Outer","Parallel Aware": false,"Async Capable": false,"Join Type": "Semi","Startup Cost": 1250.44,"Total Cost": 147378.26,"Plan Rows": 1,"Plan Width": 34,"Actual Startup Time": 4.433,"Actual Total Time": 447.118,"Actual Rows": 8423,"Actual Loops": 1,"Inner Unique": false,"Plans": [{"Node Type": "Gather","Parent Relationship": "Outer","Parallel Aware": false,"Async Capable": false,"Startup Cost": 1250.01,"Total Cost": 147377.22,"Plan Rows": 1,"Plan Width": 34,"Actual Startup Time": 4.417,"Actual Total Time": 335.444,"Actual Rows": 14099,"Actual Loops": 1,"Workers Planned": 4,"Workers Launched": 4,"Single Copy": false,"Plans": [{"Node Type": "Nested Loop","Parent Relationship": "Outer","Parallel Aware": false,"Async Capable": false,"Join Type": "Anti","Startup Cost": 250.01,"Total Cost": 146377.12,"Plan Rows": 1,"Plan Width": 34,"Actual Startup Time": 5.494,"Actual Total Time": 449.293,"Actual Rows": 2820,"Actual Loops": 5,"Inner Unique": false,"Workers": [],"Plans": [{"Node Type": "Hash Join","Parent Relationship": "Outer","Parallel Aware": false,"Async Capable": false,"Join Type": "Inner","Startup Cost": 249.58,"Total Cost": 133581.65,"Plan Rows": 19990,"Plan Width": 34,"Actual Startup Time": 5.114,"Actual Total Time": 356.460,"Actual Rows": 31599,"Actual Loops": 5,"Inner Unique": false,"Hash Cond": "(l1.l_suppkey = supplier.s_suppkey)","Workers": [],"Plans": [{"Node Type": "Seq Scan","Parent Relationship": "Outer","Parallel Aware": true,"Async Capable": false,"Relation Name": "lineitem","Alias": "l1","Startup Cost": 0.00,"Total Cost": 131256.80,"Plan Rows": 500101,"Plan Width": 8,"Actual Startup Time": 0.028,"Actual Total Time": 305.044,"Actual Rows": 758659,"Actual Loops": 5,"Filter": "(l_receiptdate > l_commitdate)","Rows Removed by Filter": 441584,"Workers": []},{"Node Type": "Hash","Parent Relationship": "Inner","Parallel Aware": false,"Async Capable": false,"Startup Cost": 244.58,"Total Cost": 244.58,"Plan Rows": 400,"Plan Width": 30,"Actual Startup Time": 4.772,"Actual Total Time": 4.789,"Actual Rows": 415,"Actual Loops": 5,"Hash Buckets": 1024,"Original Hash Buckets": 1024,"Hash Batches": 1,"Original Hash Batches": 1,"Peak Memory Usage": 34,"Workers": [],"Plans": [{"Node Type": "Nested Loop","Parent Relationship": "Outer","Parallel Aware": false,"Async Capable": false,"Join Type": "Inner","Startup Cost": 7.38,"Total Cost": 244.58,"Plan Rows": 400,"Plan Width": 30,"Actual Startup Time": 0.307,"Actual Total Time": 4.608,"Actual Rows": 415,"Actual Loops": 5,"Inner Unique": false,"Workers": [],"Plans": [{"Node Type": "Seq Scan","Parent Relationship": "Outer","Parallel Aware": false,"Async Capable": false,"Relation Name": "nation","Alias": "nation","Startup Cost": 0.00,"Total Cost": 1.31,"Plan Rows": 1,"Plan Width": 4,"Actual Startup Time": 0.059,"Actual Total Time": 0.064,"Actual Rows": 1,"Actual Loops": 5,"Filter": "(n_name = 'EGYPT'::bpchar)","Rows Removed by Filter": 24,"Workers": []},{"Node Type": "Bitmap Heap Scan","Parent Relationship": "Inner","Parallel Aware": false,"Async Capable": false,"Relation Name": "supplier","Alias": "supplier","Startup Cost": 7.38,"Total Cost": 239.27,"Plan Rows": 400,"Plan Width": 34,"Actual Startup Time": 0.244,"Actual Total Time": 4.451,"Actual Rows": 415,"Actual Loops": 5,"Recheck Cond": "(s_nationkey = nation.n_nationkey)","Rows Removed by Index Recheck": 0,"Exact Heap Blocks": 183,"Lossy Heap Blocks": 0,"Workers": [],"Plans": [{"Node Type": "Bitmap Index Scan","Parent Relationship": "Outer","Parallel Aware": false,"Async Capable": false,"Index Name": "idx_supplier_nation_key","Startup Cost": 0.00,"Total Cost": 7.29,"Plan Rows": 400,"Plan Width": 0,"Actual Startup Time": 0.159,"Actual Total Time": 0.162,"Actual Rows": 415,"Actual Loops": 5,"Index Cond": "(s_nationkey = nation.n_nationkey)","Workers": []}]}]}]}]},{"Node Type": "Index Scan","Parent Relationship": "Inner","Parallel Aware": false,"Async Capable": false,"Scan Direction": "Forward","Index Name": "idx_lineitem_orderkey","Relation Name": "lineitem","Alias": "l3","Startup Cost": 0.43,"Total Cost": 1.06,"Plan Rows": 6,"Plan Width": 8,"Actual Startup Time": 0.003,"Actual Total Time": 0.003,"Actual Rows": 1,"Actual Loops": 157994,"Index Cond": "(l_orderkey = l1.l_orderkey)","Rows Removed by Index Recheck": 0,"Filter": "((l_receiptdate > l_commitdate) AND (l_suppkey <> l1.l_suppkey))","Rows Removed by Filter": 1,"Workers": []}]}]},{"Node Type": "Index Scan","Parent Relationship": "Inner","Parallel Aware": false,"Async Capable": false,"Scan Direction": "Forward","Index Name": "idx_lineitem_orderkey","Relation Name": "lineitem","Alias": "l2","Startup Cost": 0.43,"Total Cost": 1.02,"Plan Rows": 17,"Plan Width": 8,"Actual Startup Time": 0.007,"Actual Total Time": 0.007,"Actual Rows": 1,"Actual Loops": 14099,"Index Cond": "(l_orderkey = l1.l_orderkey)","Rows Removed by Index Recheck": 0,"Filter": "(l_suppkey <> l1.l_suppkey)","Rows Removed by Filter": 1}]},{"Node Type": "Index Scan","Parent Relationship": "Inner","Parallel Aware": false,"Async Capable": false,"Scan Direction": "Forward","Index Name": "orders_pkey","Relation Name": "orders","Alias": "orders","Startup Cost": 0.43,"Total Cost": 0.51,"Plan Rows": 1,"Plan Width": 4,"Actual Startup Time": 0.008,"Actual Total Time": 0.008,"Actual Rows": 0,"Actual Loops": 8423,"Index Cond": "(o_orderkey = l1.l_orderkey)","Rows Removed by Index Recheck": 0,"Filter": "(o_orderstatus = 'F'::bpchar)","Rows Removed by Filter": 1}]}]}]}]},"Planning Time": 8.195,"Triggers": [],"Execution Time": 527.804}]
[{"Plan": {"Node Type": "Sort","Parallel Aware": false,"Async Capable": false,"Startup Cost": 147378.80,"Total Cost": 147378.81,"Plan Rows": 1,"Plan Width": 34,"Actual Startup Time": 509.264,"Actual Total Time": 527.696,"Actual Rows": 421,"Actual Loops": 1,"Sort Key": ["(count(*)) DESC", "supplier.s_name"],"Sort Method": "quicksort","Sort Space Used": 57,"Sort Space Type": "Memory","Plans": [{"Node Type": "Aggregate","Strategy": "Sorted","Partial Mode": "Simple","Parent Relationship": "Outer","Parallel Aware": false,"Async Capable": false,"Startup Cost": 147378.77,"Total Cost": 147378.79,"Plan Rows": 1,"Plan Width": 34,"Actual Startup Time": 507.941,"Actual Total Time": 526.990,"Actual Rows": 421,"Actual Loops": 1,"Group Key": ["supplier.s_name"],"Plans": [{"Node Type": "Sort","Parent Relationship": "Outer","Parallel Aware": false,"Async Capable": false,"Startup Cost": 147378.77,"Total Cost": 147378.78,"Plan Rows": 1,"Plan Width": 26,"Actual Startup Time": 507.919,"Actual Total Time": 526.540,"Actual Rows": 4227,"Actual Loops": 1,"Sort Key": ["supplier.s_name"],"Sort Method": "quicksort","Sort Space Used": 490,"Sort Space Type": "Memory","Plans": [{"Node Type": "Nested Loop","Parent Relationship": "Outer","Parallel Aware": false,"Async Capable": false,"Join Type": "Inner","Startup Cost": 1250.87,"Total Cost": 147378.76,"Plan Rows": 1,"Plan Width": 26,"Actual Startup Time": 5.396,"Actual Total Time": 515.076,"Actual Rows": 4227,"Actual Loops": 1,"Inner Unique": true,"Plans": [{"Node Type": "Nested Loop","Parent Relationship": "Outer","Parallel Aware": false,"Async Capable": false,"Join Type": "Semi","Startup Cost": 1250.44,"Total Cost": 147378.26,"Plan Rows": 1,"Plan Width": 34,"Actual Startup Time": 5.356,"Actual Total Time": 448.186,"Actual Rows": 8678,"Actual Loops": 1,"Inner Unique": false,"Plans": [{"Node Type": "Gather","Parent Relationship": "Outer","Parallel Aware": false,"Async Capable": false,"Startup Cost": 1250.01,"Total Cost": 147377.22,"Plan Rows": 1,"Plan Width": 34,"Actual Startup Time": 5.315,"Actual Total Time": 333.619,"Actual Rows": 14289,"Actual Loops": 1,"Workers Planned": 4,"Workers Launched": 4,"Single Copy": false,"Plans": [{"Node Type": "Nested Loop","Parent Relationship": "Outer","Parallel Aware": false,"Async Capable": false,"Join Type": "Anti","Startup Cost": 250.01,"Total Cost": 146377.12,"Plan Rows": 1,"Plan Width": 34,"Actual Startup Time": 5.155,"Actual Total Time": 447.803,"Actual Rows": 2858,"Actual Loops": 5,"Inner Unique": false,"Workers": [],"Plans": [{"Node Type": "Hash Join","Parent Relationship": "Outer","Parallel Aware": false,"Async Capable": false,"Join Type": "Inner","Startup Cost": 249.58,"Total Cost": 133581.65,"Plan Rows": 19990,"Plan Width": 34,"Actual Startup Time": 4.679,"Actual Total Time": 355.100,"Actual Rows": 31833,"Actual Loops": 5,"Inner Unique": false,"Hash Cond": "(l1.l_suppkey = supplier.s_suppkey)","Workers": [],"Plans": [{"Node Type": "Seq Scan","Parent Relationship": "Outer","Parallel Aware": true,"Async Capable": false,"Relation Name": "lineitem","Alias": "l1","Startup Cost": 0.00,"Total Cost": 131256.80,"Plan Rows": 500101,"Plan Width": 8,"Actual Startup Time": 0.028,"Actual Total Time": 302.880,"Actual Rows": 758659,"Actual Loops": 5,"Filter": "(l_receiptdate > l_commitdate)","Rows Removed by Filter": 441584,"Workers": []},{"Node Type": "Hash","Parent Relationship": "Inner","Parallel Aware": false,"Async Capable": false,"Startup Cost": 244.58,"Total Cost": 244.58,"Plan Rows": 400,"Plan Width": 30,"Actual Startup Time": 4.328,"Actual Total Time": 4.340,"Actual Rows": 421,"Actual Loops": 5,"Hash Buckets": 1024,"Original Hash Buckets": 1024,"Hash Batches": 1,"Original Hash Batches": 1,"Peak Memory Usage": 35,"Workers": [],"Plans": [{"Node Type": "Nested Loop","Parent Relationship": "Outer","Parallel Aware": false,"Async Capable": false,"Join Type": "Inner","Startup Cost": 7.38,"Total Cost": 244.58,"Plan Rows": 400,"Plan Width": 30,"Actual Startup Time": 0.319,"Actual Total Time": 4.167,"Actual Rows": 421,"Actual Loops": 5,"Inner Unique": false,"Workers": [],"Plans": [{"Node Type": "Seq Scan","Parent Relationship": "Outer","Parallel Aware": false,"Async Capable": false,"Relation Name": "nation","Alias": "nation","Startup Cost": 0.00,"Total Cost": 1.31,"Plan Rows": 1,"Plan Width": 4,"Actual Startup Time": 0.061,"Actual Total Time": 0.065,"Actual Rows": 1,"Actual Loops": 5,"Filter": "(n_name = 'PERU'::bpchar)","Rows Removed by Filter": 24,"Workers": []},{"Node Type": "Bitmap Heap Scan","Parent Relationship": "Inner","Parallel Aware": false,"Async Capable": false,"Relation Name": "supplier","Alias": "supplier","Startup Cost": 7.38,"Total Cost": 239.27,"Plan Rows": 400,"Plan Width": 34,"Actual Startup Time": 0.253,"Actual Total Time": 4.010,"Actual Rows": 421,"Actual Loops": 5,"Recheck Cond": "(s_nationkey = nation.n_nationkey)","Rows Removed by Index Recheck": 0,"Exact Heap Blocks": 187,"Lossy Heap Blocks": 0,"Workers": [],"Plans": [{"Node Type": "Bitmap Index Scan","Parent Relationship": "Outer","Parallel Aware": false,"Async Capable": false,"Index Name": "idx_supplier_nation_key","Startup Cost": 0.00,"Total Cost": 7.29,"Plan Rows": 400,"Plan Width": 0,"Actual Startup Time": 0.167,"Actual Total Time": 0.169,"Actual Rows": 421,"Actual Loops": 5,"Index Cond": "(s_nationkey = nation.n_nationkey)","Workers": []}]}]}]}]},{"Node Type": "Index Scan","Parent Relationship": "Inner","Parallel Aware": false,"Async Capable": false,"Scan Direction": "Forward","Index Name": "idx_lineitem_orderkey","Relation Name": "lineitem","Alias": "l3","Startup Cost": 0.43,"Total Cost": 1.06,"Plan Rows": 6,"Plan Width": 8,"Actual Startup Time": 0.003,"Actual Total Time": 0.003,"Actual Rows": 1,"Actual Loops": 159165,"Index Cond": "(l_orderkey = l1.l_orderkey)","Rows Removed by Index Recheck": 0,"Filter": "((l_receiptdate > l_commitdate) AND (l_suppkey <> l1.l_suppkey))","Rows Removed by Filter": 1,"Workers": []}]}]},{"Node Type": "Index Scan","Parent Relationship": "Inner","Parallel Aware": false,"Async Capable": false,"Scan Direction": "Forward","Index Name": "idx_lineitem_orderkey","Relation Name": "lineitem","Alias": "l2","Startup Cost": 0.43,"Total Cost": 1.02,"Plan Rows": 17,"Plan Width": 8,"Actual Startup Time": 0.008,"Actual Total Time": 0.008,"Actual Rows": 1,"Actual Loops": 14289,"Index Cond": "(l_orderkey = l1.l_orderkey)","Rows Removed by Index Recheck": 0,"Filter": "(l_suppkey <> l1.l_suppkey)","Rows Removed by Filter": 1}]},{"Node Type": "Index Scan","Parent Relationship": "Inner","Parallel Aware": false,"Async Capable": false,"Scan Direction": "Forward","Index Name": "orders_pkey","Relation Name": "orders","Alias": "orders","Startup Cost": 0.43,"Total Cost": 0.51,"Plan Rows": 1,"Plan Width": 4,"Actual Startup Time": 0.007,"Actual Total Time": 0.007,"Actual Rows": 0,"Actual Loops": 8678,"Index Cond": "(o_orderkey = l1.l_orderkey)","Rows Removed by Index Recheck": 0,"Filter": "(o_orderstatus = 'F'::bpchar)","Rows Removed by Filter": 1}]}]}]}]},"Planning Time": 8.374,"Triggers": [],"Execution Time": 528.458}]
[{"Plan": {"Node Type": "Sort","Parallel Aware": false,"Async Capable": false,"Startup Cost": 147378.80,"Total Cost": 147378.81,"Plan Rows": 1,"Plan Width": 34,"Actual Startup Time": 507.691,"Actual Total Time": 527.119,"Actual Rows": 411,"Actual Loops": 1,"Sort Key": ["(count(*)) DESC", "supplier.s_name"],"Sort Method": "quicksort","Sort Space Used": 57,"Sort Space Type": "Memory","Plans": [{"Node Type": "Aggregate","Strategy": "Sorted","Partial Mode": "Simple","Parent Relationship": "Outer","Parallel Aware": false,"Async Capable": false,"Startup Cost": 147378.77,"Total Cost": 147378.79,"Plan Rows": 1,"Plan Width": 34,"Actual Startup Time": 506.441,"Actual Total Time": 526.395,"Actual Rows": 411,"Actual Loops": 1,"Group Key": ["supplier.s_name"],"Plans": [{"Node Type": "Sort","Parent Relationship": "Outer","Parallel Aware": false,"Async Capable": false,"Startup Cost": 147378.77,"Total Cost": 147378.78,"Plan Rows": 1,"Plan Width": 26,"Actual Startup Time": 506.413,"Actual Total Time": 525.969,"Actual Rows": 4141,"Actual Loops": 1,"Sort Key": ["supplier.s_name"],"Sort Method": "quicksort","Sort Space Used": 484,"Sort Space Type": "Memory","Plans": [{"Node Type": "Nested Loop","Parent Relationship": "Outer","Parallel Aware": false,"Async Capable": false,"Join Type": "Inner","Startup Cost": 1250.87,"Total Cost": 147378.76,"Plan Rows": 1,"Plan Width": 26,"Actual Startup Time": 4.973,"Actual Total Time": 514.878,"Actual Rows": 4141,"Actual Loops": 1,"Inner Unique": true,"Plans": [{"Node Type": "Nested Loop","Parent Relationship": "Outer","Parallel Aware": false,"Async Capable": false,"Join Type": "Semi","Startup Cost": 1250.44,"Total Cost": 147378.26,"Plan Rows": 1,"Plan Width": 34,"Actual Startup Time": 4.329,"Actual Total Time": 453.804,"Actual Rows": 8357,"Actual Loops": 1,"Inner Unique": false,"Plans": [{"Node Type": "Gather","Parent Relationship": "Outer","Parallel Aware": false,"Async Capable": false,"Startup Cost": 1250.01,"Total Cost": 147377.22,"Plan Rows": 1,"Plan Width": 34,"Actual Startup Time": 4.312,"Actual Total Time": 350.336,"Actual Rows": 13859,"Actual Loops": 1,"Workers Planned": 4,"Workers Launched": 4,"Single Copy": false,"Plans": [{"Node Type": "Nested Loop","Parent Relationship": "Outer","Parallel Aware": false,"Async Capable": false,"Join Type": "Anti","Startup Cost": 250.01,"Total Cost": 146377.12,"Plan Rows": 1,"Plan Width": 34,"Actual Startup Time": 4.818,"Actual Total Time": 450.256,"Actual Rows": 2772,"Actual Loops": 5,"Inner Unique": false,"Workers": [],"Plans": [{"Node Type": "Hash Join","Parent Relationship": "Outer","Parallel Aware": false,"Async Capable": false,"Join Type": "Inner","Startup Cost": 249.58,"Total Cost": 133581.65,"Plan Rows": 19990,"Plan Width": 34,"Actual Startup Time": 4.474,"Actual Total Time": 357.672,"Actual Rows": 31348,"Actual Loops": 5,"Inner Unique": false,"Hash Cond": "(l1.l_suppkey = supplier.s_suppkey)","Workers": [],"Plans": [{"Node Type": "Seq Scan","Parent Relationship": "Outer","Parallel Aware": true,"Async Capable": false,"Relation Name": "lineitem","Alias": "l1","Startup Cost": 0.00,"Total Cost": 131256.80,"Plan Rows": 500101,"Plan Width": 8,"Actual Startup Time": 0.028,"Actual Total Time": 306.873,"Actual Rows": 758659,"Actual Loops": 5,"Filter": "(l_receiptdate > l_commitdate)","Rows Removed by Filter": 441584,"Workers": []},{"Node Type": "Hash","Parent Relationship": "Inner","Parallel Aware": false,"Async Capable": false,"Startup Cost": 244.58,"Total Cost": 244.58,"Plan Rows": 400,"Plan Width": 30,"Actual Startup Time": 4.175,"Actual Total Time": 4.188,"Actual Rows": 411,"Actual Loops": 5,"Hash Buckets": 1024,"Original Hash Buckets": 1024,"Hash Batches": 1,"Original Hash Batches": 1,"Peak Memory Usage": 34,"Workers": [],"Plans": [{"Node Type": "Nested Loop","Parent Relationship": "Outer","Parallel Aware": false,"Async Capable": false,"Join Type": "Inner","Startup Cost": 7.38,"Total Cost": 244.58,"Plan Rows": 400,"Plan Width": 30,"Actual Startup Time": 0.256,"Actual Total Time": 4.027,"Actual Rows": 411,"Actual Loops": 5,"Inner Unique": false,"Workers": [],"Plans": [{"Node Type": "Seq Scan","Parent Relationship": "Outer","Parallel Aware": false,"Async Capable": false,"Relation Name": "nation","Alias": "nation","Startup Cost": 0.00,"Total Cost": 1.31,"Plan Rows": 1,"Plan Width": 4,"Actual Startup Time": 0.047,"Actual Total Time": 0.051,"Actual Rows": 1,"Actual Loops": 5,"Filter": "(n_name = 'SAUDI ARABIA'::bpchar)","Rows Removed by Filter": 24,"Workers": []},{"Node Type": "Bitmap Heap Scan","Parent Relationship": "Inner","Parallel Aware": false,"Async Capable": false,"Relation Name": "supplier","Alias": "supplier","Startup Cost": 7.38,"Total Cost": 239.27,"Plan Rows": 400,"Plan Width": 34,"Actual Startup Time": 0.204,"Actual Total Time": 3.890,"Actual Rows": 411,"Actual Loops": 5,"Recheck Cond": "(s_nationkey = nation.n_nationkey)","Rows Removed by Index Recheck": 0,"Exact Heap Blocks": 182,"Lossy Heap Blocks": 0,"Workers": [],"Plans": [{"Node Type": "Bitmap Index Scan","Parent Relationship": "Outer","Parallel Aware": false,"Async Capable": false,"Index Name": "idx_supplier_nation_key","Startup Cost": 0.00,"Total Cost": 7.29,"Plan Rows": 400,"Plan Width": 0,"Actual Startup Time": 0.143,"Actual Total Time": 0.145,"Actual Rows": 411,"Actual Loops": 5,"Index Cond": "(s_nationkey = nation.n_nationkey)","Workers": []}]}]}]}]},{"Node Type": "Index Scan","Parent Relationship": "Inner","Parallel Aware": false,"Async Capable": false,"Scan Direction": "Forward","Index Name": "idx_lineitem_orderkey","Relation Name": "lineitem","Alias": "l3","Startup Cost": 0.43,"Total Cost": 1.06,"Plan Rows": 6,"Plan Width": 8,"Actual Startup Time": 0.003,"Actual Total Time": 0.003,"Actual Rows": 1,"Actual Loops": 156739,"Index Cond": "(l_orderkey = l1.l_orderkey)","Rows Removed by Index Recheck": 0,"Filter": "((l_receiptdate > l_commitdate) AND (l_suppkey <> l1.l_suppkey))","Rows Removed by Filter": 1,"Workers": []}]}]},{"Node Type": "Index Scan","Parent Relationship": "Inner","Parallel Aware": false,"Async Capable": false,"Scan Direction": "Forward","Index Name": "idx_lineitem_orderkey","Relation Name": "lineitem","Alias": "l2","Startup Cost": 0.43,"Total Cost": 1.02,"Plan Rows": 17,"Plan Width": 8,"Actual Startup Time": 0.007,"Actual Total Time": 0.007,"Actual Rows": 1,"Actual Loops": 13859,"Index Cond": "(l_orderkey = l1.l_orderkey)","Rows Removed by Index Recheck": 0,"Filter": "(l_suppkey <> l1.l_suppkey)","Rows Removed by Filter": 1}]},{"Node Type": "Index Scan","Parent Relationship": "Inner","Parallel Aware": false,"Async Capable": false,"Scan Direction": "Forward","Index Name": "orders_pkey","Relation Name": "orders","Alias": "orders","Startup Cost": 0.43,"Total Cost": 0.51,"Plan Rows": 1,"Plan Width": 4,"Actual Startup Time": 0.007,"Actual Total Time": 0.007,"Actual Rows": 0,"Actual Loops": 8357,"Index Cond": "(o_orderkey = l1.l_orderkey)","Rows Removed by Index Recheck": 0,"Filter": "(o_orderstatus = 'F'::bpchar)","Rows Removed by Filter": 1}]}]}]}]},"Planning Time": 9.483,"Triggers": [],"Execution Time": 527.804}]
[{"Plan": {"Node Type": "Sort","Parallel Aware": false,"Async Capable": false,"Startup Cost": 147378.80,"Total Cost": 147378.81,"Plan Rows": 1,"Plan Width": 34,"Actual Startup Time": 495.675,"Actual Total Time": 514.954,"Actual Rows": 398,"Actual Loops": 1,"Sort Key": ["(count(*)) DESC", "supplier.s_name"],"Sort Method": "quicksort","Sort Space Used": 56,"Sort Space Type": "Memory","Plans": [{"Node Type": "Aggregate","Strategy": "Sorted","Partial Mode": "Simple","Parent Relationship": "Outer","Parallel Aware": false,"Async Capable": false,"Startup Cost": 147378.77,"Total Cost": 147378.79,"Plan Rows": 1,"Plan Width": 34,"Actual Startup Time": 494.471,"Actual Total Time": 514.270,"Actual Rows": 398,"Actual Loops": 1,"Group Key": ["supplier.s_name"],"Plans": [{"Node Type": "Sort","Parent Relationship": "Outer","Parallel Aware": false,"Async Capable": false,"Startup Cost": 147378.77,"Total Cost": 147378.78,"Plan Rows": 1,"Plan Width": 26,"Actual Startup Time": 494.457,"Actual Total Time": 513.859,"Actual Rows": 4033,"Actual Loops": 1,"Sort Key": ["supplier.s_name"],"Sort Method": "quicksort","Sort Space Used": 380,"Sort Space Type": "Memory","Plans": [{"Node Type": "Nested Loop","Parent Relationship": "Outer","Parallel Aware": false,"Async Capable": false,"Join Type": "Inner","Startup Cost": 1250.87,"Total Cost": 147378.76,"Plan Rows": 1,"Plan Width": 26,"Actual Startup Time": 5.438,"Actual Total Time": 502.238,"Actual Rows": 4033,"Actual Loops": 1,"Inner Unique": true,"Plans": [{"Node Type": "Nested Loop","Parent Relationship": "Outer","Parallel Aware": false,"Async Capable": false,"Join Type": "Semi","Startup Cost": 1250.44,"Total Cost": 147378.26,"Plan Rows": 1,"Plan Width": 34,"Actual Startup Time": 5.342,"Actual Total Time": 438.031,"Actual Rows": 8241,"Actual Loops": 1,"Inner Unique": false,"Plans": [{"Node Type": "Gather","Parent Relationship": "Outer","Parallel Aware": false,"Async Capable": false,"Startup Cost": 1250.01,"Total Cost": 147377.22,"Plan Rows": 1,"Plan Width": 34,"Actual Startup Time": 5.330,"Actual Total Time": 330.100,"Actual Rows": 13657,"Actual Loops": 1,"Workers Planned": 4,"Workers Launched": 4,"Single Copy": false,"Plans": [{"Node Type": "Nested Loop","Parent Relationship": "Outer","Parallel Aware": false,"Async Capable": false,"Join Type": "Anti","Startup Cost": 250.01,"Total Cost": 146377.12,"Plan Rows": 1,"Plan Width": 34,"Actual Startup Time": 5.586,"Actual Total Time": 437.639,"Actual Rows": 2731,"Actual Loops": 5,"Inner Unique": false,"Workers": [],"Plans": [{"Node Type": "Hash Join","Parent Relationship": "Outer","Parallel Aware": false,"Async Capable": false,"Join Type": "Inner","Startup Cost": 249.58,"Total Cost": 133581.65,"Plan Rows": 19990,"Plan Width": 34,"Actual Startup Time": 4.860,"Actual Total Time": 349.886,"Actual Rows": 30149,"Actual Loops": 5,"Inner Unique": false,"Hash Cond": "(l1.l_suppkey = supplier.s_suppkey)","Workers": [],"Plans": [{"Node Type": "Seq Scan","Parent Relationship": "Outer","Parallel Aware": true,"Async Capable": false,"Relation Name": "lineitem","Alias": "l1","Startup Cost": 0.00,"Total Cost": 131256.80,"Plan Rows": 500101,"Plan Width": 8,"Actual Startup Time": 0.029,"Actual Total Time": 298.079,"Actual Rows": 758659,"Actual Loops": 5,"Filter": "(l_receiptdate > l_commitdate)","Rows Removed by Filter": 441584,"Workers": []},{"Node Type": "Hash","Parent Relationship": "Inner","Parallel Aware": false,"Async Capable": false,"Startup Cost": 244.58,"Total Cost": 244.58,"Plan Rows": 400,"Plan Width": 30,"Actual Startup Time": 4.540,"Actual Total Time": 4.550,"Actual Rows": 398,"Actual Loops": 5,"Hash Buckets": 1024,"Original Hash Buckets": 1024,"Hash Batches": 1,"Original Hash Batches": 1,"Peak Memory Usage": 33,"Workers": [],"Plans": [{"Node Type": "Nested Loop","Parent Relationship": "Outer","Parallel Aware": false,"Async Capable": false,"Join Type": "Inner","Startup Cost": 7.38,"Total Cost": 244.58,"Plan Rows": 400,"Plan Width": 30,"Actual Startup Time": 0.267,"Actual Total Time": 4.371,"Actual Rows": 398,"Actual Loops": 5,"Inner Unique": false,"Workers": [],"Plans": [{"Node Type": "Seq Scan","Parent Relationship": "Outer","Parallel Aware": false,"Async Capable": false,"Relation Name": "nation","Alias": "nation","Startup Cost": 0.00,"Total Cost": 1.31,"Plan Rows": 1,"Plan Width": 4,"Actual Startup Time": 0.059,"Actual Total Time": 0.062,"Actual Rows": 1,"Actual Loops": 5,"Filter": "(n_name = 'ROMANIA'::bpchar)","Rows Removed by Filter": 24,"Workers": []},{"Node Type": "Bitmap Heap Scan","Parent Relationship": "Inner","Parallel Aware": false,"Async Capable": false,"Relation Name": "supplier","Alias": "supplier","Startup Cost": 7.38,"Total Cost": 239.27,"Plan Rows": 400,"Plan Width": 34,"Actual Startup Time": 0.204,"Actual Total Time": 4.227,"Actual Rows": 398,"Actual Loops": 5,"Recheck Cond": "(s_nationkey = nation.n_nationkey)","Rows Removed by Index Recheck": 0,"Exact Heap Blocks": 186,"Lossy Heap Blocks": 0,"Workers": [],"Plans": [{"Node Type": "Bitmap Index Scan","Parent Relationship": "Outer","Parallel Aware": false,"Async Capable": false,"Index Name": "idx_supplier_nation_key","Startup Cost": 0.00,"Total Cost": 7.29,"Plan Rows": 400,"Plan Width": 0,"Actual Startup Time": 0.126,"Actual Total Time": 0.128,"Actual Rows": 398,"Actual Loops": 5,"Index Cond": "(s_nationkey = nation.n_nationkey)","Workers": []}]}]}]}]},{"Node Type": "Index Scan","Parent Relationship": "Inner","Parallel Aware": false,"Async Capable": false,"Scan Direction": "Forward","Index Name": "idx_lineitem_orderkey","Relation Name": "lineitem","Alias": "l3","Startup Cost": 0.43,"Total Cost": 1.06,"Plan Rows": 6,"Plan Width": 8,"Actual Startup Time": 0.003,"Actual Total Time": 0.003,"Actual Rows": 1,"Actual Loops": 150746,"Index Cond": "(l_orderkey = l1.l_orderkey)","Rows Removed by Index Recheck": 0,"Filter": "((l_receiptdate > l_commitdate) AND (l_suppkey <> l1.l_suppkey))","Rows Removed by Filter": 1,"Workers": []}]}]},{"Node Type": "Index Scan","Parent Relationship": "Inner","Parallel Aware": false,"Async Capable": false,"Scan Direction": "Forward","Index Name": "idx_lineitem_orderkey","Relation Name": "lineitem","Alias": "l2","Startup Cost": 0.43,"Total Cost": 1.02,"Plan Rows": 17,"Plan Width": 8,"Actual Startup Time": 0.007,"Actual Total Time": 0.007,"Actual Rows": 1,"Actual Loops": 13657,"Index Cond": "(l_orderkey = l1.l_orderkey)","Rows Removed by Index Recheck": 0,"Filter": "(l_suppkey <> l1.l_suppkey)","Rows Removed by Filter": 1}]},{"Node Type": "Index Scan","Parent Relationship": "Inner","Parallel Aware": false,"Async Capable": false,"Scan Direction": "Forward","Index Name": "orders_pkey","Relation Name": "orders","Alias": "orders","Startup Cost": 0.43,"Total Cost": 0.51,"Plan Rows": 1,"Plan Width": 4,"Actual Startup Time": 0.008,"Actual Total Time": 0.008,"Actual Rows": 0,"Actual Loops": 8241,"Index Cond": "(o_orderkey = l1.l_orderkey)","Rows Removed by Index Recheck": 0,"Filter": "(o_orderstatus = 'F'::bpchar)","Rows Removed by Filter": 1}]}]}]}]},"Planning Time": 9.721,"Triggers": [],"Execution Time": 515.552}]
[{"Plan": {"Node Type": "Sort","Parallel Aware": false,"Async Capable": false,"Startup Cost": 147378.80,"Total Cost": 147378.81,"Plan Rows": 1,"Plan Width": 34,"Actual Startup Time": 493.231,"Actual Total Time": 511.674,"Actual Rows": 376,"Actual Loops": 1,"Sort Key": ["(count(*)) DESC", "supplier.s_name"],"Sort Method": "quicksort","Sort Space Used": 54,"Sort Space Type": "Memory","Plans": [{"Node Type": "Aggregate","Strategy": "Sorted","Partial Mode": "Simple","Parent Relationship": "Outer","Parallel Aware": false,"Async Capable": false,"Startup Cost": 147378.77,"Total Cost": 147378.79,"Plan Rows": 1,"Plan Width": 34,"Actual Startup Time": 492.079,"Actual Total Time": 510.997,"Actual Rows": 376,"Actual Loops": 1,"Group Key": ["supplier.s_name"],"Plans": [{"Node Type": "Sort","Parent Relationship": "Outer","Parallel Aware": false,"Async Capable": false,"Startup Cost": 147378.77,"Total Cost": 147378.78,"Plan Rows": 1,"Plan Width": 26,"Actual Startup Time": 492.053,"Actual Total Time": 510.609,"Actual Rows": 3697,"Actual Loops": 1,"Sort Key": ["supplier.s_name"],"Sort Method": "quicksort","Sort Space Used": 356,"Sort Space Type": "Memory","Plans": [{"Node Type": "Nested Loop","Parent Relationship": "Outer","Parallel Aware": false,"Async Capable": false,"Join Type": "Inner","Startup Cost": 1250.87,"Total Cost": 147378.76,"Plan Rows": 1,"Plan Width": 26,"Actual Startup Time": 5.656,"Actual Total Time": 499.948,"Actual Rows": 3697,"Actual Loops": 1,"Inner Unique": true,"Plans": [{"Node Type": "Nested Loop","Parent Relationship": "Outer","Parallel Aware": false,"Async Capable": false,"Join Type": "Semi","Startup Cost": 1250.44,"Total Cost": 147378.26,"Plan Rows": 1,"Plan Width": 34,"Actual Startup Time": 5.611,"Actual Total Time": 438.655,"Actual Rows": 7589,"Actual Loops": 1,"Inner Unique": false,"Plans": [{"Node Type": "Gather","Parent Relationship": "Outer","Parallel Aware": false,"Async Capable": false,"Startup Cost": 1250.01,"Total Cost": 147377.22,"Plan Rows": 1,"Plan Width": 34,"Actual Startup Time": 4.591,"Actual Total Time": 336.749,"Actual Rows": 12677,"Actual Loops": 1,"Workers Planned": 4,"Workers Launched": 4,"Single Copy": false,"Plans": [{"Node Type": "Nested Loop","Parent Relationship": "Outer","Parallel Aware": false,"Async Capable": false,"Join Type": "Anti","Startup Cost": 250.01,"Total Cost": 146377.12,"Plan Rows": 1,"Plan Width": 34,"Actual Startup Time": 5.313,"Actual Total Time": 436.446,"Actual Rows": 2535,"Actual Loops": 5,"Inner Unique": false,"Workers": [],"Plans": [{"Node Type": "Hash Join","Parent Relationship": "Outer","Parallel Aware": false,"Async Capable": false,"Join Type": "Inner","Startup Cost": 249.58,"Total Cost": 133581.65,"Plan Rows": 19990,"Plan Width": 34,"Actual Startup Time": 5.158,"Actual Total Time": 352.526,"Actual Rows": 28439,"Actual Loops": 5,"Inner Unique": false,"Hash Cond": "(l1.l_suppkey = supplier.s_suppkey)","Workers": [],"Plans": [{"Node Type": "Seq Scan","Parent Relationship": "Outer","Parallel Aware": true,"Async Capable": false,"Relation Name": "lineitem","Alias": "l1","Startup Cost": 0.00,"Total Cost": 131256.80,"Plan Rows": 500101,"Plan Width": 8,"Actual Startup Time": 0.028,"Actual Total Time": 300.563,"Actual Rows": 758659,"Actual Loops": 5,"Filter": "(l_receiptdate > l_commitdate)","Rows Removed by Filter": 441584,"Workers": []},{"Node Type": "Hash","Parent Relationship": "Inner","Parallel Aware": false,"Async Capable": false,"Startup Cost": 244.58,"Total Cost": 244.58,"Plan Rows": 400,"Plan Width": 30,"Actual Startup Time": 4.780,"Actual Total Time": 4.790,"Actual Rows": 376,"Actual Loops": 5,"Hash Buckets": 1024,"Original Hash Buckets": 1024,"Hash Batches": 1,"Original Hash Batches": 1,"Peak Memory Usage": 32,"Workers": [],"Plans": [{"Node Type": "Nested Loop","Parent Relationship": "Outer","Parallel Aware": false,"Async Capable": false,"Join Type": "Inner","Startup Cost": 7.38,"Total Cost": 244.58,"Plan Rows": 400,"Plan Width": 30,"Actual Startup Time": 0.359,"Actual Total Time": 4.625,"Actual Rows": 376,"Actual Loops": 5,"Inner Unique": false,"Workers": [],"Plans": [{"Node Type": "Seq Scan","Parent Relationship": "Outer","Parallel Aware": false,"Async Capable": false,"Relation Name": "nation","Alias": "nation","Startup Cost": 0.00,"Total Cost": 1.31,"Plan Rows": 1,"Plan Width": 4,"Actual Startup Time": 0.066,"Actual Total Time": 0.070,"Actual Rows": 1,"Actual Loops": 5,"Filter": "(n_name = 'KENYA'::bpchar)","Rows Removed by Filter": 24,"Workers": []},{"Node Type": "Bitmap Heap Scan","Parent Relationship": "Inner","Parallel Aware": false,"Async Capable": false,"Relation Name": "supplier","Alias": "supplier","Startup Cost": 7.38,"Total Cost": 239.27,"Plan Rows": 400,"Plan Width": 34,"Actual Startup Time": 0.287,"Actual Total Time": 4.480,"Actual Rows": 376,"Actual Loops": 5,"Recheck Cond": "(s_nationkey = nation.n_nationkey)","Rows Removed by Index Recheck": 0,"Exact Heap Blocks": 179,"Lossy Heap Blocks": 0,"Workers": [],"Plans": [{"Node Type": "Bitmap Index Scan","Parent Relationship": "Outer","Parallel Aware": false,"Async Capable": false,"Index Name": "idx_supplier_nation_key","Startup Cost": 0.00,"Total Cost": 7.29,"Plan Rows": 400,"Plan Width": 0,"Actual Startup Time": 0.181,"Actual Total Time": 0.182,"Actual Rows": 376,"Actual Loops": 5,"Index Cond": "(s_nationkey = nation.n_nationkey)","Workers": []}]}]}]}]},{"Node Type": "Index Scan","Parent Relationship": "Inner","Parallel Aware": false,"Async Capable": false,"Scan Direction": "Forward","Index Name": "idx_lineitem_orderkey","Relation Name": "lineitem","Alias": "l3","Startup Cost": 0.43,"Total Cost": 1.06,"Plan Rows": 6,"Plan Width": 8,"Actual Startup Time": 0.003,"Actual Total Time": 0.003,"Actual Rows": 1,"Actual Loops": 142196,"Index Cond": "(l_orderkey = l1.l_orderkey)","Rows Removed by Index Recheck": 0,"Filter": "((l_receiptdate > l_commitdate) AND (l_suppkey <> l1.l_suppkey))","Rows Removed by Filter": 1,"Workers": []}]}]},{"Node Type": "Index Scan","Parent Relationship": "Inner","Parallel Aware": false,"Async Capable": false,"Scan Direction": "Forward","Index Name": "idx_lineitem_orderkey","Relation Name": "lineitem","Alias": "l2","Startup Cost": 0.43,"Total Cost": 1.02,"Plan Rows": 17,"Plan Width": 8,"Actual Startup Time": 0.008,"Actual Total Time": 0.008,"Actual Rows": 1,"Actual Loops": 12677,"Index Cond": "(l_orderkey = l1.l_orderkey)","Rows Removed by Index Recheck": 0,"Filter": "(l_suppkey <> l1.l_suppkey)","Rows Removed by Filter": 1}]},{"Node Type": "Index Scan","Parent Relationship": "Inner","Parallel Aware": false,"Async Capable": false,"Scan Direction": "Forward","Index Name": "orders_pkey","Relation Name": "orders","Alias": "orders","Startup Cost": 0.43,"Total Cost": 0.51,"Plan Rows": 1,"Plan Width": 4,"Actual Startup Time": 0.008,"Actual Total Time": 0.008,"Actual Rows": 0,"Actual Loops": 7589,"Index Cond": "(o_orderkey = l1.l_orderkey)","Rows Removed by Index Recheck": 0,"Filter": "(o_orderstatus = 'F'::bpchar)","Rows Removed by Filter": 1}]}]}]}]},"Planning Time": 8.298,"Triggers": [],"Execution Time": 512.274}]
[{"Plan": {"Node Type": "Sort","Parallel Aware": false,"Async Capable": false,"Startup Cost": 147378.80,"Total Cost": 147378.81,"Plan Rows": 1,"Plan Width": 34,"Actual Startup Time": 510.910,"Actual Total Time": 530.461,"Actual Rows": 420,"Actual Loops": 1,"Sort Key": ["(count(*)) DESC", "supplier.s_name"],"Sort Method": "quicksort","Sort Space Used": 57,"Sort Space Type": "Memory","Plans": [{"Node Type": "Aggregate","Strategy": "Sorted","Partial Mode": "Simple","Parent Relationship": "Outer","Parallel Aware": false,"Async Capable": false,"Startup Cost": 147378.77,"Total Cost": 147378.79,"Plan Rows": 1,"Plan Width": 34,"Actual Startup Time": 509.613,"Actual Total Time": 529.683,"Actual Rows": 420,"Actual Loops": 1,"Group Key": ["supplier.s_name"],"Plans": [{"Node Type": "Sort","Parent Relationship": "Outer","Parallel Aware": false,"Async Capable": false,"Startup Cost": 147378.77,"Total Cost": 147378.78,"Plan Rows": 1,"Plan Width": 26,"Actual Startup Time": 509.594,"Actual Total Time": 529.267,"Actual Rows": 4090,"Actual Loops": 1,"Sort Key": ["supplier.s_name"],"Sort Method": "quicksort","Sort Space Used": 384,"Sort Space Type": "Memory","Plans": [{"Node Type": "Nested Loop","Parent Relationship": "Outer","Parallel Aware": false,"Async Capable": false,"Join Type": "Inner","Startup Cost": 1250.87,"Total Cost": 147378.76,"Plan Rows": 1,"Plan Width": 26,"Actual Startup Time": 4.580,"Actual Total Time": 518.201,"Actual Rows": 4090,"Actual Loops": 1,"Inner Unique": true,"Plans": [{"Node Type": "Nested Loop","Parent Relationship": "Outer","Parallel Aware": false,"Async Capable": false,"Join Type": "Semi","Startup Cost": 1250.44,"Total Cost": 147378.26,"Plan Rows": 1,"Plan Width": 34,"Actual Startup Time": 4.545,"Actual Total Time": 454.390,"Actual Rows": 8430,"Actual Loops": 1,"Inner Unique": false,"Plans": [{"Node Type": "Gather","Parent Relationship": "Outer","Parallel Aware": false,"Async Capable": false,"Startup Cost": 1250.01,"Total Cost": 147377.22,"Plan Rows": 1,"Plan Width": 34,"Actual Startup Time": 4.342,"Actual Total Time": 344.810,"Actual Rows": 14089,"Actual Loops": 1,"Workers Planned": 4,"Workers Launched": 4,"Single Copy": false,"Plans": [{"Node Type": "Nested Loop","Parent Relationship": "Outer","Parallel Aware": false,"Async Capable": false,"Join Type": "Anti","Startup Cost": 250.01,"Total Cost": 146377.12,"Plan Rows": 1,"Plan Width": 34,"Actual Startup Time": 5.491,"Actual Total Time": 451.438,"Actual Rows": 2818,"Actual Loops": 5,"Inner Unique": false,"Workers": [],"Plans": [{"Node Type": "Hash Join","Parent Relationship": "Outer","Parallel Aware": false,"Async Capable": false,"Join Type": "Inner","Startup Cost": 249.58,"Total Cost": 133581.65,"Plan Rows": 19990,"Plan Width": 34,"Actual Startup Time": 5.196,"Actual Total Time": 357.512,"Actual Rows": 31960,"Actual Loops": 5,"Inner Unique": false,"Hash Cond": "(l1.l_suppkey = supplier.s_suppkey)","Workers": [],"Plans": [{"Node Type": "Seq Scan","Parent Relationship": "Outer","Parallel Aware": true,"Async Capable": false,"Relation Name": "lineitem","Alias": "l1","Startup Cost": 0.00,"Total Cost": 131256.80,"Plan Rows": 500101,"Plan Width": 8,"Actual Startup Time": 0.027,"Actual Total Time": 305.923,"Actual Rows": 758659,"Actual Loops": 5,"Filter": "(l_receiptdate > l_commitdate)","Rows Removed by Filter": 441584,"Workers": []},{"Node Type": "Hash","Parent Relationship": "Inner","Parallel Aware": false,"Async Capable": false,"Startup Cost": 244.58,"Total Cost": 244.58,"Plan Rows": 400,"Plan Width": 30,"Actual Startup Time": 4.831,"Actual Total Time": 4.844,"Actual Rows": 420,"Actual Loops": 5,"Hash Buckets": 1024,"Original Hash Buckets": 1024,"Hash Batches": 1,"Original Hash Batches": 1,"Peak Memory Usage": 35,"Workers": [],"Plans": [{"Node Type": "Nested Loop","Parent Relationship": "Outer","Parallel Aware": false,"Async Capable": false,"Join Type": "Inner","Startup Cost": 7.38,"Total Cost": 244.58,"Plan Rows": 400,"Plan Width": 30,"Actual Startup Time": 0.275,"Actual Total Time": 4.655,"Actual Rows": 420,"Actual Loops": 5,"Inner Unique": false,"Workers": [],"Plans": [{"Node Type": "Seq Scan","Parent Relationship": "Outer","Parallel Aware": false,"Async Capable": false,"Relation Name": "nation","Alias": "nation","Startup Cost": 0.00,"Total Cost": 1.31,"Plan Rows": 1,"Plan Width": 4,"Actual Startup Time": 0.047,"Actual Total Time": 0.057,"Actual Rows": 1,"Actual Loops": 5,"Filter": "(n_name = 'ALGERIA'::bpchar)","Rows Removed by Filter": 24,"Workers": []},{"Node Type": "Bitmap Heap Scan","Parent Relationship": "Inner","Parallel Aware": false,"Async Capable": false,"Relation Name": "supplier","Alias": "supplier","Startup Cost": 7.38,"Total Cost": 239.27,"Plan Rows": 400,"Plan Width": 34,"Actual Startup Time": 0.222,"Actual Total Time": 4.505,"Actual Rows": 420,"Actual Loops": 5,"Recheck Cond": "(s_nationkey = nation.n_nationkey)","Rows Removed by Index Recheck": 0,"Exact Heap Blocks": 197,"Lossy Heap Blocks": 0,"Workers": [],"Plans": [{"Node Type": "Bitmap Index Scan","Parent Relationship": "Outer","Parallel Aware": false,"Async Capable": false,"Index Name": "idx_supplier_nation_key","Startup Cost": 0.00,"Total Cost": 7.29,"Plan Rows": 400,"Plan Width": 0,"Actual Startup Time": 0.137,"Actual Total Time": 0.140,"Actual Rows": 420,"Actual Loops": 5,"Index Cond": "(s_nationkey = nation.n_nationkey)","Workers": []}]}]}]}]},{"Node Type": "Index Scan","Parent Relationship": "Inner","Parallel Aware": false,"Async Capable": false,"Scan Direction": "Forward","Index Name": "idx_lineitem_orderkey","Relation Name": "lineitem","Alias": "l3","Startup Cost": 0.43,"Total Cost": 1.06,"Plan Rows": 6,"Plan Width": 8,"Actual Startup Time": 0.003,"Actual Total Time": 0.003,"Actual Rows": 1,"Actual Loops": 159800,"Index Cond": "(l_orderkey = l1.l_orderkey)","Rows Removed by Index Recheck": 0,"Filter": "((l_receiptdate > l_commitdate) AND (l_suppkey <> l1.l_suppkey))","Rows Removed by Filter": 1,"Workers": []}]}]},{"Node Type": "Index Scan","Parent Relationship": "Inner","Parallel Aware": false,"Async Capable": false,"Scan Direction": "Forward","Index Name": "idx_lineitem_orderkey","Relation Name": "lineitem","Alias": "l2","Startup Cost": 0.43,"Total Cost": 1.02,"Plan Rows": 17,"Plan Width": 8,"Actual Startup Time": 0.007,"Actual Total Time": 0.007,"Actual Rows": 1,"Actual Loops": 14089,"Index Cond": "(l_orderkey = l1.l_orderkey)","Rows Removed by Index Recheck": 0,"Filter": "(l_suppkey <> l1.l_suppkey)","Rows Removed by Filter": 1}]},{"Node Type": "Index Scan","Parent Relationship": "Inner","Parallel Aware": false,"Async Capable": false,"Scan Direction": "Forward","Index Name": "orders_pkey","Relation Name": "orders","Alias": "orders","Startup Cost": 0.43,"Total Cost": 0.51,"Plan Rows": 1,"Plan Width": 4,"Actual Startup Time": 0.007,"Actual Total Time": 0.007,"Actual Rows": 0,"Actual Loops": 8430,"Index Cond": "(o_orderkey = l1.l_orderkey)","Rows Removed by Index Recheck": 0,"Filter": "(o_orderstatus = 'F'::bpchar)","Rows Removed by Filter": 1}]}]}]}]},"Planning Time": 9.770,"Triggers": [],"Execution Time": 531.084}]
[{"Plan": {"Node Type": "Sort","Parallel Aware": false,"Async Capable": false,"Startup Cost": 147378.80,"Total Cost": 147378.81,"Plan Rows": 1,"Plan Width": 34,"Actual Startup Time": 501.108,"Actual Total Time": 521.576,"Actual Rows": 402,"Actual Loops": 1,"Sort Key": ["(count(*)) DESC", "supplier.s_name"],"Sort Method": "quicksort","Sort Space Used": 56,"Sort Space Type": "Memory","Plans": [{"Node Type": "Aggregate","Strategy": "Sorted","Partial Mode": "Simple","Parent Relationship": "Outer","Parallel Aware": false,"Async Capable": false,"Startup Cost": 147378.77,"Total Cost": 147378.79,"Plan Rows": 1,"Plan Width": 34,"Actual Startup Time": 499.889,"Actual Total Time": 520.867,"Actual Rows": 402,"Actual Loops": 1,"Group Key": ["supplier.s_name"],"Plans": [{"Node Type": "Sort","Parent Relationship": "Outer","Parallel Aware": false,"Async Capable": false,"Startup Cost": 147378.77,"Total Cost": 147378.78,"Plan Rows": 1,"Plan Width": 26,"Actual Startup Time": 499.865,"Actual Total Time": 520.454,"Actual Rows": 3981,"Actual Loops": 1,"Sort Key": ["supplier.s_name"],"Sort Method": "quicksort","Sort Space Used": 376,"Sort Space Type": "Memory","Plans": [{"Node Type": "Nested Loop","Parent Relationship": "Outer","Parallel Aware": false,"Async Capable": false,"Join Type": "Inner","Startup Cost": 1250.87,"Total Cost": 147378.76,"Plan Rows": 1,"Plan Width": 26,"Actual Startup Time": 4.395,"Actual Total Time": 509.623,"Actual Rows": 3981,"Actual Loops": 1,"Inner Unique": true,"Plans": [{"Node Type": "Nested Loop","Parent Relationship": "Outer","Parallel Aware": false,"Async Capable": false,"Join Type": "Semi","Startup Cost": 1250.44,"Total Cost": 147378.26,"Plan Rows": 1,"Plan Width": 34,"Actual Startup Time": 4.360,"Actual Total Time": 449.398,"Actual Rows": 7983,"Actual Loops": 1,"Inner Unique": false,"Plans": [{"Node Type": "Gather","Parent Relationship": "Outer","Parallel Aware": false,"Async Capable": false,"Startup Cost": 1250.01,"Total Cost": 147377.22,"Plan Rows": 1,"Plan Width": 34,"Actual Startup Time": 4.200,"Actual Total Time": 345.088,"Actual Rows": 13400,"Actual Loops": 1,"Workers Planned": 4,"Workers Launched": 4,"Single Copy": false,"Plans": [{"Node Type": "Nested Loop","Parent Relationship": "Outer","Parallel Aware": false,"Async Capable": false,"Join Type": "Anti","Startup Cost": 250.01,"Total Cost": 146377.12,"Plan Rows": 1,"Plan Width": 34,"Actual Startup Time": 4.071,"Actual Total Time": 443.940,"Actual Rows": 2680,"Actual Loops": 5,"Inner Unique": false,"Workers": [],"Plans": [{"Node Type": "Hash Join","Parent Relationship": "Outer","Parallel Aware": false,"Async Capable": false,"Join Type": "Inner","Startup Cost": 249.58,"Total Cost": 133581.65,"Plan Rows": 19990,"Plan Width": 34,"Actual Startup Time": 3.886,"Actual Total Time": 354.291,"Actual Rows": 30378,"Actual Loops": 5,"Inner Unique": false,"Hash Cond": "(l1.l_suppkey = supplier.s_suppkey)","Workers": [],"Plans": [{"Node Type": "Seq Scan","Parent Relationship": "Outer","Parallel Aware": true,"Async Capable": false,"Relation Name": "lineitem","Alias": "l1","Startup Cost": 0.00,"Total Cost": 131256.80,"Plan Rows": 500101,"Plan Width": 8,"Actual Startup Time": 0.029,"Actual Total Time": 304.276,"Actual Rows": 758659,"Actual Loops": 5,"Filter": "(l_receiptdate > l_commitdate)","Rows Removed by Filter": 441584,"Workers": []},{"Node Type": "Hash","Parent Relationship": "Inner","Parallel Aware": false,"Async Capable": false,"Startup Cost": 244.58,"Total Cost": 244.58,"Plan Rows": 400,"Plan Width": 30,"Actual Startup Time": 3.550,"Actual Total Time": 3.564,"Actual Rows": 402,"Actual Loops": 5,"Hash Buckets": 1024,"Original Hash Buckets": 1024,"Hash Batches": 1,"Original Hash Batches": 1,"Peak Memory Usage": 34,"Workers": [],"Plans": [{"Node Type": "Nested Loop","Parent Relationship": "Outer","Parallel Aware": false,"Async Capable": false,"Join Type": "Inner","Startup Cost": 7.38,"Total Cost": 244.58,"Plan Rows": 400,"Plan Width": 30,"Actual Startup Time": 0.305,"Actual Total Time": 3.431,"Actual Rows": 402,"Actual Loops": 5,"Inner Unique": false,"Workers": [],"Plans": [{"Node Type": "Seq Scan","Parent Relationship": "Outer","Parallel Aware": false,"Async Capable": false,"Relation Name": "nation","Alias": "nation","Startup Cost": 0.00,"Total Cost": 1.31,"Plan Rows": 1,"Plan Width": 4,"Actual Startup Time": 0.076,"Actual Total Time": 0.081,"Actual Rows": 1,"Actual Loops": 5,"Filter": "(n_name = 'FRANCE'::bpchar)","Rows Removed by Filter": 24,"Workers": []},{"Node Type": "Bitmap Heap Scan","Parent Relationship": "Inner","Parallel Aware": false,"Async Capable": false,"Relation Name": "supplier","Alias": "supplier","Startup Cost": 7.38,"Total Cost": 239.27,"Plan Rows": 400,"Plan Width": 34,"Actual Startup Time": 0.223,"Actual Total Time": 3.284,"Actual Rows": 402,"Actual Loops": 5,"Recheck Cond": "(s_nationkey = nation.n_nationkey)","Rows Removed by Index Recheck": 0,"Exact Heap Blocks": 184,"Lossy Heap Blocks": 0,"Workers": [],"Plans": [{"Node Type": "Bitmap Index Scan","Parent Relationship": "Outer","Parallel Aware": false,"Async Capable": false,"Index Name": "idx_supplier_nation_key","Startup Cost": 0.00,"Total Cost": 7.29,"Plan Rows": 400,"Plan Width": 0,"Actual Startup Time": 0.129,"Actual Total Time": 0.130,"Actual Rows": 402,"Actual Loops": 5,"Index Cond": "(s_nationkey = nation.n_nationkey)","Workers": []}]}]}]}]},{"Node Type": "Index Scan","Parent Relationship": "Inner","Parallel Aware": false,"Async Capable": false,"Scan Direction": "Forward","Index Name": "idx_lineitem_orderkey","Relation Name": "lineitem","Alias": "l3","Startup Cost": 0.43,"Total Cost": 1.06,"Plan Rows": 6,"Plan Width": 8,"Actual Startup Time": 0.003,"Actual Total Time": 0.003,"Actual Rows": 1,"Actual Loops": 151892,"Index Cond": "(l_orderkey = l1.l_orderkey)","Rows Removed by Index Recheck": 0,"Filter": "((l_receiptdate > l_commitdate) AND (l_suppkey <> l1.l_suppkey))","Rows Removed by Filter": 1,"Workers": []}]}]},{"Node Type": "Index Scan","Parent Relationship": "Inner","Parallel Aware": false,"Async Capable": false,"Scan Direction": "Forward","Index Name": "idx_lineitem_orderkey","Relation Name": "lineitem","Alias": "l2","Startup Cost": 0.43,"Total Cost": 1.02,"Plan Rows": 17,"Plan Width": 8,"Actual Startup Time": 0.007,"Actual Total Time": 0.007,"Actual Rows": 1,"Actual Loops": 13400,"Index Cond": "(l_orderkey = l1.l_orderkey)","Rows Removed by Index Recheck": 0,"Filter": "(l_suppkey <> l1.l_suppkey)","Rows Removed by Filter": 1}]},{"Node Type": "Index Scan","Parent Relationship": "Inner","Parallel Aware": false,"Async Capable": false,"Scan Direction": "Forward","Index Name": "orders_pkey","Relation Name": "orders","Alias": "orders","Startup Cost": 0.43,"Total Cost": 0.51,"Plan Rows": 1,"Plan Width": 4,"Actual Startup Time": 0.007,"Actual Total Time": 0.007,"Actual Rows": 0,"Actual Loops": 7983,"Index Cond": "(o_orderkey = l1.l_orderkey)","Rows Removed by Index Recheck": 0,"Filter": "(o_orderstatus = 'F'::bpchar)","Rows Removed by Filter": 1}]}]}]}]},"Planning Time": 8.323,"Triggers": [],"Execution Time": 522.235}]
[{"Plan": {"Node Type": "Sort","Parallel Aware": false,"Async Capable": false,"Startup Cost": 147378.80,"Total Cost": 147378.81,"Plan Rows": 1,"Plan Width": 34,"Actual Startup Time": 491.039,"Actual Total Time": 509.746,"Actual Rows": 373,"Actual Loops": 1,"Sort Key": ["(count(*)) DESC", "supplier.s_name"],"Sort Method": "quicksort","Sort Space Used": 54,"Sort Space Type": "Memory","Plans": [{"Node Type": "Aggregate","Strategy": "Sorted","Partial Mode": "Simple","Parent Relationship": "Outer","Parallel Aware": false,"Async Capable": false,"Startup Cost": 147378.77,"Total Cost": 147378.79,"Plan Rows": 1,"Plan Width": 34,"Actual Startup Time": 489.852,"Actual Total Time": 509.039,"Actual Rows": 373,"Actual Loops": 1,"Group Key": ["supplier.s_name"],"Plans": [{"Node Type": "Sort","Parent Relationship": "Outer","Parallel Aware": false,"Async Capable": false,"Startup Cost": 147378.77,"Total Cost": 147378.78,"Plan Rows": 1,"Plan Width": 26,"Actual Startup Time": 489.818,"Actual Total Time": 508.641,"Actual Rows": 3775,"Actual Loops": 1,"Sort Key": ["supplier.s_name"],"Sort Method": "quicksort","Sort Space Used": 362,"Sort Space Type": "Memory","Plans": [{"Node Type": "Nested Loop","Parent Relationship": "Outer","Parallel Aware": false,"Async Capable": false,"Join Type": "Inner","Startup Cost": 1250.87,"Total Cost": 147378.76,"Plan Rows": 1,"Plan Width": 26,"Actual Startup Time": 4.604,"Actual Total Time": 497.627,"Actual Rows": 3775,"Actual Loops": 1,"Inner Unique": true,"Plans": [{"Node Type": "Nested Loop","Parent Relationship": "Outer","Parallel Aware": false,"Async Capable": false,"Join Type": "Semi","Startup Cost": 1250.44,"Total Cost": 147378.26,"Plan Rows": 1,"Plan Width": 34,"Actual Startup Time": 4.579,"Actual Total Time": 434.821,"Actual Rows": 7601,"Actual Loops": 1,"Inner Unique": false,"Plans": [{"Node Type": "Gather","Parent Relationship": "Outer","Parallel Aware": false,"Async Capable": false,"Startup Cost": 1250.01,"Total Cost": 147377.22,"Plan Rows": 1,"Plan Width": 34,"Actual Startup Time": 4.564,"Actual Total Time": 332.092,"Actual Rows": 12602,"Actual Loops": 1,"Workers Planned": 4,"Workers Launched": 4,"Single Copy": false,"Plans": [{"Node Type": "Nested Loop","Parent Relationship": "Outer","Parallel Aware": false,"Async Capable": false,"Join Type": "Anti","Startup Cost": 250.01,"Total Cost": 146377.12,"Plan Rows": 1,"Plan Width": 34,"Actual Startup Time": 4.313,"Actual Total Time": 433.903,"Actual Rows": 2520,"Actual Loops": 5,"Inner Unique": false,"Workers": [],"Plans": [{"Node Type": "Hash Join","Parent Relationship": "Outer","Parallel Aware": false,"Async Capable": false,"Join Type": "Inner","Startup Cost": 249.58,"Total Cost": 133581.65,"Plan Rows": 19990,"Plan Width": 34,"Actual Startup Time": 3.915,"Actual Total Time": 349.840,"Actual Rows": 28289,"Actual Loops": 5,"Inner Unique": false,"Hash Cond": "(l1.l_suppkey = supplier.s_suppkey)","Workers": [],"Plans": [{"Node Type": "Seq Scan","Parent Relationship": "Outer","Parallel Aware": true,"Async Capable": false,"Relation Name": "lineitem","Alias": "l1","Startup Cost": 0.00,"Total Cost": 131256.80,"Plan Rows": 500101,"Plan Width": 8,"Actual Startup Time": 0.025,"Actual Total Time": 300.593,"Actual Rows": 758659,"Actual Loops": 5,"Filter": "(l_receiptdate > l_commitdate)","Rows Removed by Filter": 441584,"Workers": []},{"Node Type": "Hash","Parent Relationship": "Inner","Parallel Aware": false,"Async Capable": false,"Startup Cost": 244.58,"Total Cost": 244.58,"Plan Rows": 400,"Plan Width": 30,"Actual Startup Time": 3.661,"Actual Total Time": 3.675,"Actual Rows": 373,"Actual Loops": 5,"Hash Buckets": 1024,"Original Hash Buckets": 1024,"Hash Batches": 1,"Original Hash Batches": 1,"Peak Memory Usage": 32,"Workers": [],"Plans": [{"Node Type": "Nested Loop","Parent Relationship": "Outer","Parallel Aware": false,"Async Capable": false,"Join Type": "Inner","Startup Cost": 7.38,"Total Cost": 244.58,"Plan Rows": 400,"Plan Width": 30,"Actual Startup Time": 0.231,"Actual Total Time": 3.539,"Actual Rows": 373,"Actual Loops": 5,"Inner Unique": false,"Workers": [],"Plans": [{"Node Type": "Seq Scan","Parent Relationship": "Outer","Parallel Aware": false,"Async Capable": false,"Relation Name": "nation","Alias": "nation","Startup Cost": 0.00,"Total Cost": 1.31,"Plan Rows": 1,"Plan Width": 4,"Actual Startup Time": 0.052,"Actual Total Time": 0.058,"Actual Rows": 1,"Actual Loops": 5,"Filter": "(n_name = 'MOROCCO'::bpchar)","Rows Removed by Filter": 24,"Workers": []},{"Node Type": "Bitmap Heap Scan","Parent Relationship": "Inner","Parallel Aware": false,"Async Capable": false,"Relation Name": "supplier","Alias": "supplier","Startup Cost": 7.38,"Total Cost": 239.27,"Plan Rows": 400,"Plan Width": 34,"Actual Startup Time": 0.174,"Actual Total Time": 3.419,"Actual Rows": 373,"Actual Loops": 5,"Recheck Cond": "(s_nationkey = nation.n_nationkey)","Rows Removed by Index Recheck": 0,"Exact Heap Blocks": 180,"Lossy Heap Blocks": 0,"Workers": [],"Plans": [{"Node Type": "Bitmap Index Scan","Parent Relationship": "Outer","Parallel Aware": false,"Async Capable": false,"Index Name": "idx_supplier_nation_key","Startup Cost": 0.00,"Total Cost": 7.29,"Plan Rows": 400,"Plan Width": 0,"Actual Startup Time": 0.112,"Actual Total Time": 0.115,"Actual Rows": 373,"Actual Loops": 5,"Index Cond": "(s_nationkey = nation.n_nationkey)","Workers": []}]}]}]}]},{"Node Type": "Index Scan","Parent Relationship": "Inner","Parallel Aware": false,"Async Capable": false,"Scan Direction": "Forward","Index Name": "idx_lineitem_orderkey","Relation Name": "lineitem","Alias": "l3","Startup Cost": 0.43,"Total Cost": 1.06,"Plan Rows": 6,"Plan Width": 8,"Actual Startup Time": 0.003,"Actual Total Time": 0.003,"Actual Rows": 1,"Actual Loops": 141445,"Index Cond": "(l_orderkey = l1.l_orderkey)","Rows Removed by Index Recheck": 0,"Filter": "((l_receiptdate > l_commitdate) AND (l_suppkey <> l1.l_suppkey))","Rows Removed by Filter": 1,"Workers": []}]}]},{"Node Type": "Index Scan","Parent Relationship": "Inner","Parallel Aware": false,"Async Capable": false,"Scan Direction": "Forward","Index Name": "idx_lineitem_orderkey","Relation Name": "lineitem","Alias": "l2","Startup Cost": 0.43,"Total Cost": 1.02,"Plan Rows": 17,"Plan Width": 8,"Actual Startup Time": 0.008,"Actual Total Time": 0.008,"Actual Rows": 1,"Actual Loops": 12602,"Index Cond": "(l_orderkey = l1.l_orderkey)","Rows Removed by Index Recheck": 0,"Filter": "(l_suppkey <> l1.l_suppkey)","Rows Removed by Filter": 1}]},{"Node Type": "Index Scan","Parent Relationship": "Inner","Parallel Aware": false,"Async Capable": false,"Scan Direction": "Forward","Index Name": "orders_pkey","Relation Name": "orders","Alias": "orders","Startup Cost": 0.43,"Total Cost": 0.51,"Plan Rows": 1,"Plan Width": 4,"Actual Startup Time": 0.008,"Actual Total Time": 0.008,"Actual Rows": 0,"Actual Loops": 7601,"Index Cond": "(o_orderkey = l1.l_orderkey)","Rows Removed by Index Recheck": 0,"Filter": "(o_orderstatus = 'F'::bpchar)","Rows Removed by Filter": 1}]}]}]}]},"Planning Time": 9.187,"Triggers": [],"Execution Time": 510.411}]
[{"Plan": {"Node Type": "Sort","Parallel Aware": false,"Async Capable": false,"Startup Cost": 147378.80,"Total Cost": 147378.81,"Plan Rows": 1,"Plan Width": 34,"Actual Startup Time": 493.231,"Actual Total Time": 511.674,"Actual Rows": 376,"Actual Loops": 1,"Sort Key": ["(count(*)) DESC", "supplier.s_name"],"Sort Method": "quicksort","Sort Space Used": 54,"Sort Space Type": "Memory","Plans": [{"Node Type": "Aggregate","Strategy": "Sorted","Partial Mode": "Simple","Parent Relationship": "Outer","Parallel Aware": false,"Async Capable": false,"Startup Cost": 147378.77,"Total Cost": 147378.79,"Plan Rows": 1,"Plan Width": 34,"Actual Startup Time": 492.079,"Actual Total Time": 510.997,"Actual Rows": 376,"Actual Loops": 1,"Group Key": ["supplier.s_name"],"Plans": [{"Node Type": "Sort","Parent Relationship": "Outer","Parallel Aware": false,"Async Capable": false,"Startup Cost": 147378.77,"Total Cost": 147378.78,"Plan Rows": 1,"Plan Width": 26,"Actual Startup Time": 492.053,"Actual Total Time": 510.609,"Actual Rows": 3697,"Actual Loops": 1,"Sort Key": ["supplier.s_name"],"Sort Method": "quicksort","Sort Space Used": 356,"Sort Space Type": "Memory","Plans": [{"Node Type": "Nested Loop","Parent Relationship": "Outer","Parallel Aware": false,"Async Capable": false,"Join Type": "Inner","Startup Cost": 1250.87,"Total Cost": 147378.76,"Plan Rows": 1,"Plan Width": 26,"Actual Startup Time": 5.656,"Actual Total Time": 499.948,"Actual Rows": 3697,"Actual Loops": 1,"Inner Unique": true,"Plans": [{"Node Type": "Nested Loop","Parent Relationship": "Outer","Parallel Aware": false,"Async Capable": false,"Join Type": "Semi","Startup Cost": 1250.44,"Total Cost": 147378.26,"Plan Rows": 1,"Plan Width": 34,"Actual Startup Time": 5.611,"Actual Total Time": 438.655,"Actual Rows": 7589,"Actual Loops": 1,"Inner Unique": false,"Plans": [{"Node Type": "Gather","Parent Relationship": "Outer","Parallel Aware": false,"Async Capable": false,"Startup Cost": 1250.01,"Total Cost": 147377.22,"Plan Rows": 1,"Plan Width": 34,"Actual Startup Time": 4.591,"Actual Total Time": 336.749,"Actual Rows": 12677,"Actual Loops": 1,"Workers Planned": 4,"Workers Launched": 4,"Single Copy": false,"Plans": [{"Node Type": "Nested Loop","Parent Relationship": "Outer","Parallel Aware": false,"Async Capable": false,"Join Type": "Anti","Startup Cost": 250.01,"Total Cost": 146377.12,"Plan Rows": 1,"Plan Width": 34,"Actual Startup Time": 5.313,"Actual Total Time": 436.446,"Actual Rows": 2535,"Actual Loops": 5,"Inner Unique": false,"Workers": [],"Plans": [{"Node Type": "Hash Join","Parent Relationship": "Outer","Parallel Aware": false,"Async Capable": false,"Join Type": "Inner","Startup Cost": 249.58,"Total Cost": 133581.65,"Plan Rows": 19990,"Plan Width": 34,"Actual Startup Time": 5.158,"Actual Total Time": 352.526,"Actual Rows": 28439,"Actual Loops": 5,"Inner Unique": false,"Hash Cond": "(l1.l_suppkey = supplier.s_suppkey)","Workers": [],"Plans": [{"Node Type": "Seq Scan","Parent Relationship": "Outer","Parallel Aware": true,"Async Capable": false,"Relation Name": "lineitem","Alias": "l1","Startup Cost": 0.00,"Total Cost": 131256.80,"Plan Rows": 500101,"Plan Width": 8,"Actual Startup Time": 0.028,"Actual Total Time": 300.563,"Actual Rows": 758659,"Actual Loops": 5,"Filter": "(l_receiptdate > l_commitdate)","Rows Removed by Filter": 441584,"Workers": []},{"Node Type": "Hash","Parent Relationship": "Inner","Parallel Aware": false,"Async Capable": false,"Startup Cost": 244.58,"Total Cost": 244.58,"Plan Rows": 400,"Plan Width": 30,"Actual Startup Time": 4.780,"Actual Total Time": 4.790,"Actual Rows": 376,"Actual Loops": 5,"Hash Buckets": 1024,"Original Hash Buckets": 1024,"Hash Batches": 1,"Original Hash Batches": 1,"Peak Memory Usage": 32,"Workers": [],"Plans": [{"Node Type": "Nested Loop","Parent Relationship": "Outer","Parallel Aware": false,"Async Capable": false,"Join Type": "Inner","Startup Cost": 7.38,"Total Cost": 244.58,"Plan Rows": 400,"Plan Width": 30,"Actual Startup Time": 0.359,"Actual Total Time": 4.625,"Actual Rows": 376,"Actual Loops": 5,"Inner Unique": false,"Workers": [],"Plans": [{"Node Type": "Seq Scan","Parent Relationship": "Outer","Parallel Aware": false,"Async Capable": false,"Relation Name": "nation","Alias": "nation","Startup Cost": 0.00,"Total Cost": 1.31,"Plan Rows": 1,"Plan Width": 4,"Actual Startup Time": 0.066,"Actual Total Time": 0.070,"Actual Rows": 1,"Actual Loops": 5,"Filter": "(n_name = 'KENYA'::bpchar)","Rows Removed by Filter": 24,"Workers": []},{"Node Type": "Bitmap Heap Scan","Parent Relationship": "Inner","Parallel Aware": false,"Async Capable": false,"Relation Name": "supplier","Alias": "supplier","Startup Cost": 7.38,"Total Cost": 239.27,"Plan Rows": 400,"Plan Width": 34,"Actual Startup Time": 0.287,"Actual Total Time": 4.480,"Actual Rows": 376,"Actual Loops": 5,"Recheck Cond": "(s_nationkey = nation.n_nationkey)","Rows Removed by Index Recheck": 0,"Exact Heap Blocks": 179,"Lossy Heap Blocks": 0,"Workers": [],"Plans": [{"Node Type": "Bitmap Index Scan","Parent Relationship": "Outer","Parallel Aware": false,"Async Capable": false,"Index Name": "idx_supplier_nation_key","Startup Cost": 0.00,"Total Cost": 7.29,"Plan Rows": 400,"Plan Width": 0,"Actual Startup Time": 0.181,"Actual Total Time": 0.182,"Actual Rows": 376,"Actual Loops": 5,"Index Cond": "(s_nationkey = nation.n_nationkey)","Workers": []}]}]}]}]},{"Node Type": "Index Scan","Parent Relationship": "Inner","Parallel Aware": false,"Async Capable": false,"Scan Direction": "Forward","Index Name": "idx_lineitem_orderkey","Relation Name": "lineitem","Alias": "l3","Startup Cost": 0.43,"Total Cost": 1.06,"Plan Rows": 6,"Plan Width": 8,"Actual Startup Time": 0.003,"Actual Total Time": 0.003,"Actual Rows": 1,"Actual Loops": 142196,"Index Cond": "(l_orderkey = l1.l_orderkey)","Rows Removed by Index Recheck": 0,"Filter": "((l_receiptdate > l_commitdate) AND (l_suppkey <> l1.l_suppkey))","Rows Removed by Filter": 1,"Workers": []}]}]},{"Node Type": "Index Scan","Parent Relationship": "Inner","Parallel Aware": false,"Async Capable": false,"Scan Direction": "Forward","Index Name": "idx_lineitem_orderkey","Relation Name": "lineitem","Alias": "l2","Startup Cost": 0.43,"Total Cost": 1.02,"Plan Rows": 17,"Plan Width": 8,"Actual Startup Time": 0.008,"Actual Total Time": 0.008,"Actual Rows": 1,"Actual Loops": 12677,"Index Cond": "(l_orderkey = l1.l_orderkey)","Rows Removed by Index Recheck": 0,"Filter": "(l_suppkey <> l1.l_suppkey)","Rows Removed by Filter": 1}]},{"Node Type": "Index Scan","Parent Relationship": "Inner","Parallel Aware": false,"Async Capable": false,"Scan Direction": "Forward","Index Name": "orders_pkey","Relation Name": "orders","Alias": "orders","Startup Cost": 0.43,"Total Cost": 0.51,"Plan Rows": 1,"Plan Width": 4,"Actual Startup Time": 0.008,"Actual Total Time": 0.008,"Actual Rows": 0,"Actual Loops": 7589,"Index Cond": "(o_orderkey = l1.l_orderkey)","Rows Removed by Index Recheck": 0,"Filter": "(o_orderstatus = 'F'::bpchar)","Rows Removed by Filter": 1}]}]}]}]},"Planning Time": 8.298,"Triggers": [],"Execution Time": 512.274}]
[{"Plan": {"Node Type": "Sort","Parallel Aware": false,"Async Capable": false,"Startup Cost": 147378.80,"Total Cost": 147378.81,"Plan Rows": 1,"Plan Width": 34,"Actual Startup Time": 500.228,"Actual Total Time": 519.082,"Actual Rows": 412,"Actual Loops": 1,"Sort Key": ["(count(*)) DESC", "supplier.s_name"],"Sort Method": "quicksort","Sort Space Used": 57,"Sort Space Type": "Memory","Plans": [{"Node Type": "Aggregate","Strategy": "Sorted","Partial Mode": "Simple","Parent Relationship": "Outer","Parallel Aware": false,"Async Capable": false,"Startup Cost": 147378.77,"Total Cost": 147378.79,"Plan Rows": 1,"Plan Width": 34,"Actual Startup Time": 498.981,"Actual Total Time": 518.359,"Actual Rows": 412,"Actual Loops": 1,"Group Key": ["supplier.s_name"],"Plans": [{"Node Type": "Sort","Parent Relationship": "Outer","Parallel Aware": false,"Async Capable": false,"Startup Cost": 147378.77,"Total Cost": 147378.78,"Plan Rows": 1,"Plan Width": 26,"Actual Startup Time": 498.949,"Actual Total Time": 517.928,"Actual Rows": 4030,"Actual Loops": 1,"Sort Key": ["supplier.s_name"],"Sort Method": "quicksort","Sort Space Used": 380,"Sort Space Type": "Memory","Plans": [{"Node Type": "Nested Loop","Parent Relationship": "Outer","Parallel Aware": false,"Async Capable": false,"Join Type": "Inner","Startup Cost": 1250.87,"Total Cost": 147378.76,"Plan Rows": 1,"Plan Width": 26,"Actual Startup Time": 4.020,"Actual Total Time": 506.052,"Actual Rows": 4030,"Actual Loops": 1,"Inner Unique": true,"Plans": [{"Node Type": "Nested Loop","Parent Relationship": "Outer","Parallel Aware": false,"Async Capable": false,"Join Type": "Semi","Startup Cost": 1250.44,"Total Cost": 147378.26,"Plan Rows": 1,"Plan Width": 34,"Actual Startup Time": 3.993,"Actual Total Time": 443.011,"Actual Rows": 8146,"Actual Loops": 1,"Inner Unique": false,"Plans": [{"Node Type": "Gather","Parent Relationship": "Outer","Parallel Aware": false,"Async Capable": false,"Startup Cost": 1250.01,"Total Cost": 147377.22,"Plan Rows": 1,"Plan Width": 34,"Actual Startup Time": 3.980,"Actual Total Time": 336.738,"Actual Rows": 13748,"Actual Loops": 1,"Workers Planned": 4,"Workers Launched": 4,"Single Copy": false,"Plans": [{"Node Type": "Nested Loop","Parent Relationship": "Outer","Parallel Aware": false,"Async Capable": false,"Join Type": "Anti","Startup Cost": 250.01,"Total Cost": 146377.12,"Plan Rows": 1,"Plan Width": 34,"Actual Startup Time": 4.569,"Actual Total Time": 441.712,"Actual Rows": 2750,"Actual Loops": 5,"Inner Unique": false,"Workers": [],"Plans": [{"Node Type": "Hash Join","Parent Relationship": "Outer","Parallel Aware": false,"Async Capable": false,"Join Type": "Inner","Startup Cost": 249.58,"Total Cost": 133581.65,"Plan Rows": 19990,"Plan Width": 34,"Actual Startup Time": 4.262,"Actual Total Time": 350.942,"Actual Rows": 31209,"Actual Loops": 5,"Inner Unique": false,"Hash Cond": "(l1.l_suppkey = supplier.s_suppkey)","Workers": [],"Plans": [{"Node Type": "Seq Scan","Parent Relationship": "Outer","Parallel Aware": true,"Async Capable": false,"Relation Name": "lineitem","Alias": "l1","Startup Cost": 0.00,"Total Cost": 131256.80,"Plan Rows": 500101,"Plan Width": 8,"Actual Startup Time": 0.026,"Actual Total Time": 299.296,"Actual Rows": 758659,"Actual Loops": 5,"Filter": "(l_receiptdate > l_commitdate)","Rows Removed by Filter": 441584,"Workers": []},{"Node Type": "Hash","Parent Relationship": "Inner","Parallel Aware": false,"Async Capable": false,"Startup Cost": 244.58,"Total Cost": 244.58,"Plan Rows": 400,"Plan Width": 30,"Actual Startup Time": 3.907,"Actual Total Time": 3.918,"Actual Rows": 412,"Actual Loops": 5,"Hash Buckets": 1024,"Original Hash Buckets": 1024,"Hash Batches": 1,"Original Hash Batches": 1,"Peak Memory Usage": 34,"Workers": [],"Plans": [{"Node Type": "Nested Loop","Parent Relationship": "Outer","Parallel Aware": false,"Async Capable": false,"Join Type": "Inner","Startup Cost": 7.38,"Total Cost": 244.58,"Plan Rows": 400,"Plan Width": 30,"Actual Startup Time": 0.286,"Actual Total Time": 3.756,"Actual Rows": 412,"Actual Loops": 5,"Inner Unique": false,"Workers": [],"Plans": [{"Node Type": "Seq Scan","Parent Relationship": "Outer","Parallel Aware": false,"Async Capable": false,"Relation Name": "nation","Alias": "nation","Startup Cost": 0.00,"Total Cost": 1.31,"Plan Rows": 1,"Plan Width": 4,"Actual Startup Time": 0.059,"Actual Total Time": 0.064,"Actual Rows": 1,"Actual Loops": 5,"Filter": "(n_name = 'CANADA'::bpchar)","Rows Removed by Filter": 24,"Workers": []},{"Node Type": "Bitmap Heap Scan","Parent Relationship": "Inner","Parallel Aware": false,"Async Capable": false,"Relation Name": "supplier","Alias": "supplier","Startup Cost": 7.38,"Total Cost": 239.27,"Plan Rows": 400,"Plan Width": 34,"Actual Startup Time": 0.222,"Actual Total Time": 3.623,"Actual Rows": 412,"Actual Loops": 5,"Recheck Cond": "(s_nationkey = nation.n_nationkey)","Rows Removed by Index Recheck": 0,"Exact Heap Blocks": 189,"Lossy Heap Blocks": 0,"Workers": [],"Plans": [{"Node Type": "Bitmap Index Scan","Parent Relationship": "Outer","Parallel Aware": false,"Async Capable": false,"Index Name": "idx_supplier_nation_key","Startup Cost": 0.00,"Total Cost": 7.29,"Plan Rows": 400,"Plan Width": 0,"Actual Startup Time": 0.144,"Actual Total Time": 0.145,"Actual Rows": 412,"Actual Loops": 5,"Index Cond": "(s_nationkey = nation.n_nationkey)","Workers": []}]}]}]}]},{"Node Type": "Index Scan","Parent Relationship": "Inner","Parallel Aware": false,"Async Capable": false,"Scan Direction": "Forward","Index Name": "idx_lineitem_orderkey","Relation Name": "lineitem","Alias": "l3","Startup Cost": 0.43,"Total Cost": 1.06,"Plan Rows": 6,"Plan Width": 8,"Actual Startup Time": 0.003,"Actual Total Time": 0.003,"Actual Rows": 1,"Actual Loops": 156047,"Index Cond": "(l_orderkey = l1.l_orderkey)","Rows Removed by Index Recheck": 0,"Filter": "((l_receiptdate > l_commitdate) AND (l_suppkey <> l1.l_suppkey))","Rows Removed by Filter": 1,"Workers": []}]}]},{"Node Type": "Index Scan","Parent Relationship": "Inner","Parallel Aware": false,"Async Capable": false,"Scan Direction": "Forward","Index Name": "idx_lineitem_orderkey","Relation Name": "lineitem","Alias": "l2","Startup Cost": 0.43,"Total Cost": 1.02,"Plan Rows": 17,"Plan Width": 8,"Actual Startup Time": 0.007,"Actual Total Time": 0.007,"Actual Rows": 1,"Actual Loops": 13748,"Index Cond": "(l_orderkey = l1.l_orderkey)","Rows Removed by Index Recheck": 0,"Filter": "(l_suppkey <> l1.l_suppkey)","Rows Removed by Filter": 1}]},{"Node Type": "Index Scan","Parent Relationship": "Inner","Parallel Aware": false,"Async Capable": false,"Scan Direction": "Forward","Index Name": "orders_pkey","Relation Name": "orders","Alias": "orders","Startup Cost": 0.43,"Total Cost": 0.51,"Plan Rows": 1,"Plan Width": 4,"Actual Startup Time": 0.007,"Actual Total Time": 0.007,"Actual Rows": 0,"Actual Loops": 8146,"Index Cond": "(o_orderkey = l1.l_orderkey)","Rows Removed by Index Recheck": 0,"Filter": "(o_orderstatus = 'F'::bpchar)","Rows Removed by Filter": 1}]}]}]}]},"Planning Time": 9.689,"Triggers": [],"Execution Time": 519.513}]
[{"Plan": {"Node Type": "Sort","Parallel Aware": false,"Async Capable": false,"Startup Cost": 147378.80,"Total Cost": 147378.81,"Plan Rows": 1,"Plan Width": 34,"Actual Startup Time": 507.691,"Actual Total Time": 527.119,"Actual Rows": 411,"Actual Loops": 1,"Sort Key": ["(count(*)) DESC", "supplier.s_name"],"Sort Method": "quicksort","Sort Space Used": 57,"Sort Space Type": "Memory","Plans": [{"Node Type": "Aggregate","Strategy": "Sorted","Partial Mode": "Simple","Parent Relationship": "Outer","Parallel Aware": false,"Async Capable": false,"Startup Cost": 147378.77,"Total Cost": 147378.79,"Plan Rows": 1,"Plan Width": 34,"Actual Startup Time": 506.441,"Actual Total Time": 526.395,"Actual Rows": 411,"Actual Loops": 1,"Group Key": ["supplier.s_name"],"Plans": [{"Node Type": "Sort","Parent Relationship": "Outer","Parallel Aware": false,"Async Capable": false,"Startup Cost": 147378.77,"Total Cost": 147378.78,"Plan Rows": 1,"Plan Width": 26,"Actual Startup Time": 506.413,"Actual Total Time": 525.969,"Actual Rows": 4141,"Actual Loops": 1,"Sort Key": ["supplier.s_name"],"Sort Method": "quicksort","Sort Space Used": 484,"Sort Space Type": "Memory","Plans": [{"Node Type": "Nested Loop","Parent Relationship": "Outer","Parallel Aware": false,"Async Capable": false,"Join Type": "Inner","Startup Cost": 1250.87,"Total Cost": 147378.76,"Plan Rows": 1,"Plan Width": 26,"Actual Startup Time": 4.973,"Actual Total Time": 514.878,"Actual Rows": 4141,"Actual Loops": 1,"Inner Unique": true,"Plans": [{"Node Type": "Nested Loop","Parent Relationship": "Outer","Parallel Aware": false,"Async Capable": false,"Join Type": "Semi","Startup Cost": 1250.44,"Total Cost": 147378.26,"Plan Rows": 1,"Plan Width": 34,"Actual Startup Time": 4.329,"Actual Total Time": 453.804,"Actual Rows": 8357,"Actual Loops": 1,"Inner Unique": false,"Plans": [{"Node Type": "Gather","Parent Relationship": "Outer","Parallel Aware": false,"Async Capable": false,"Startup Cost": 1250.01,"Total Cost": 147377.22,"Plan Rows": 1,"Plan Width": 34,"Actual Startup Time": 4.312,"Actual Total Time": 350.336,"Actual Rows": 13859,"Actual Loops": 1,"Workers Planned": 4,"Workers Launched": 4,"Single Copy": false,"Plans": [{"Node Type": "Nested Loop","Parent Relationship": "Outer","Parallel Aware": false,"Async Capable": false,"Join Type": "Anti","Startup Cost": 250.01,"Total Cost": 146377.12,"Plan Rows": 1,"Plan Width": 34,"Actual Startup Time": 4.818,"Actual Total Time": 450.256,"Actual Rows": 2772,"Actual Loops": 5,"Inner Unique": false,"Workers": [],"Plans": [{"Node Type": "Hash Join","Parent Relationship": "Outer","Parallel Aware": false,"Async Capable": false,"Join Type": "Inner","Startup Cost": 249.58,"Total Cost": 133581.65,"Plan Rows": 19990,"Plan Width": 34,"Actual Startup Time": 4.474,"Actual Total Time": 357.672,"Actual Rows": 31348,"Actual Loops": 5,"Inner Unique": false,"Hash Cond": "(l1.l_suppkey = supplier.s_suppkey)","Workers": [],"Plans": [{"Node Type": "Seq Scan","Parent Relationship": "Outer","Parallel Aware": true,"Async Capable": false,"Relation Name": "lineitem","Alias": "l1","Startup Cost": 0.00,"Total Cost": 131256.80,"Plan Rows": 500101,"Plan Width": 8,"Actual Startup Time": 0.028,"Actual Total Time": 306.873,"Actual Rows": 758659,"Actual Loops": 5,"Filter": "(l_receiptdate > l_commitdate)","Rows Removed by Filter": 441584,"Workers": []},{"Node Type": "Hash","Parent Relationship": "Inner","Parallel Aware": false,"Async Capable": false,"Startup Cost": 244.58,"Total Cost": 244.58,"Plan Rows": 400,"Plan Width": 30,"Actual Startup Time": 4.175,"Actual Total Time": 4.188,"Actual Rows": 411,"Actual Loops": 5,"Hash Buckets": 1024,"Original Hash Buckets": 1024,"Hash Batches": 1,"Original Hash Batches": 1,"Peak Memory Usage": 34,"Workers": [],"Plans": [{"Node Type": "Nested Loop","Parent Relationship": "Outer","Parallel Aware": false,"Async Capable": false,"Join Type": "Inner","Startup Cost": 7.38,"Total Cost": 244.58,"Plan Rows": 400,"Plan Width": 30,"Actual Startup Time": 0.256,"Actual Total Time": 4.027,"Actual Rows": 411,"Actual Loops": 5,"Inner Unique": false,"Workers": [],"Plans": [{"Node Type": "Seq Scan","Parent Relationship": "Outer","Parallel Aware": false,"Async Capable": false,"Relation Name": "nation","Alias": "nation","Startup Cost": 0.00,"Total Cost": 1.31,"Plan Rows": 1,"Plan Width": 4,"Actual Startup Time": 0.047,"Actual Total Time": 0.051,"Actual Rows": 1,"Actual Loops": 5,"Filter": "(n_name = 'SAUDI ARABIA'::bpchar)","Rows Removed by Filter": 24,"Workers": []},{"Node Type": "Bitmap Heap Scan","Parent Relationship": "Inner","Parallel Aware": false,"Async Capable": false,"Relation Name": "supplier","Alias": "supplier","Startup Cost": 7.38,"Total Cost": 239.27,"Plan Rows": 400,"Plan Width": 34,"Actual Startup Time": 0.204,"Actual Total Time": 3.890,"Actual Rows": 411,"Actual Loops": 5,"Recheck Cond": "(s_nationkey = nation.n_nationkey)","Rows Removed by Index Recheck": 0,"Exact Heap Blocks": 182,"Lossy Heap Blocks": 0,"Workers": [],"Plans": [{"Node Type": "Bitmap Index Scan","Parent Relationship": "Outer","Parallel Aware": false,"Async Capable": false,"Index Name": "idx_supplier_nation_key","Startup Cost": 0.00,"Total Cost": 7.29,"Plan Rows": 400,"Plan Width": 0,"Actual Startup Time": 0.143,"Actual Total Time": 0.145,"Actual Rows": 411,"Actual Loops": 5,"Index Cond": "(s_nationkey = nation.n_nationkey)","Workers": []}]}]}]}]},{"Node Type": "Index Scan","Parent Relationship": "Inner","Parallel Aware": false,"Async Capable": false,"Scan Direction": "Forward","Index Name": "idx_lineitem_orderkey","Relation Name": "lineitem","Alias": "l3","Startup Cost": 0.43,"Total Cost": 1.06,"Plan Rows": 6,"Plan Width": 8,"Actual Startup Time": 0.003,"Actual Total Time": 0.003,"Actual Rows": 1,"Actual Loops": 156739,"Index Cond": "(l_orderkey = l1.l_orderkey)","Rows Removed by Index Recheck": 0,"Filter": "((l_receiptdate > l_commitdate) AND (l_suppkey <> l1.l_suppkey))","Rows Removed by Filter": 1,"Workers": []}]}]},{"Node Type": "Index Scan","Parent Relationship": "Inner","Parallel Aware": false,"Async Capable": false,"Scan Direction": "Forward","Index Name": "idx_lineitem_orderkey","Relation Name": "lineitem","Alias": "l2","Startup Cost": 0.43,"Total Cost": 1.02,"Plan Rows": 17,"Plan Width": 8,"Actual Startup Time": 0.007,"Actual Total Time": 0.007,"Actual Rows": 1,"Actual Loops": 13859,"Index Cond": "(l_orderkey = l1.l_orderkey)","Rows Removed by Index Recheck": 0,"Filter": "(l_suppkey <> l1.l_suppkey)","Rows Removed by Filter": 1}]},{"Node Type": "Index Scan","Parent Relationship": "Inner","Parallel Aware": false,"Async Capable": false,"Scan Direction": "Forward","Index Name": "orders_pkey","Relation Name": "orders","Alias": "orders","Startup Cost": 0.43,"Total Cost": 0.51,"Plan Rows": 1,"Plan Width": 4,"Actual Startup Time": 0.007,"Actual Total Time": 0.007,"Actual Rows": 0,"Actual Loops": 8357,"Index Cond": "(o_orderkey = l1.l_orderkey)","Rows Removed by Index Recheck": 0,"Filter": "(o_orderstatus = 'F'::bpchar)","Rows Removed by Filter": 1}]}]}]}]},"Planning Time": 9.483,"Triggers": [],"Execution Time": 527.804}]
[{"Plan": {"Node Type": "Sort","Parallel Aware": false,"Async Capable": false,"Startup Cost": 147378.80,"Total Cost": 147378.81,"Plan Rows": 1,"Plan Width": 34,"Actual Startup Time": 500.185,"Actual Total Time": 519.970,"Actual Rows": 396,"Actual Loops": 1,"Sort Key": ["(count(*)) DESC", "supplier.s_name"],"Sort Method": "quicksort","Sort Space Used": 55,"Sort Space Type": "Memory","Plans": [{"Node Type": "Aggregate","Strategy": "Sorted","Partial Mode": "Simple","Parent Relationship": "Outer","Parallel Aware": false,"Async Capable": false,"Startup Cost": 147378.77,"Total Cost": 147378.79,"Plan Rows": 1,"Plan Width": 34,"Actual Startup Time": 498.969,"Actual Total Time": 519.272,"Actual Rows": 396,"Actual Loops": 1,"Group Key": ["supplier.s_name"],"Plans": [{"Node Type": "Sort","Parent Relationship": "Outer","Parallel Aware": false,"Async Capable": false,"Startup Cost": 147378.77,"Total Cost": 147378.78,"Plan Rows": 1,"Plan Width": 26,"Actual Startup Time": 498.950,"Actual Total Time": 518.863,"Actual Rows": 3935,"Actual Loops": 1,"Sort Key": ["supplier.s_name"],"Sort Method": "quicksort","Sort Space Used": 373,"Sort Space Type": "Memory","Plans": [{"Node Type": "Nested Loop","Parent Relationship": "Outer","Parallel Aware": false,"Async Capable": false,"Join Type": "Inner","Startup Cost": 1250.87,"Total Cost": 147378.76,"Plan Rows": 1,"Plan Width": 26,"Actual Startup Time": 5.056,"Actual Total Time": 508.223,"Actual Rows": 3935,"Actual Loops": 1,"Inner Unique": true,"Plans": [{"Node Type": "Nested Loop","Parent Relationship": "Outer","Parallel Aware": false,"Async Capable": false,"Join Type": "Semi","Startup Cost": 1250.44,"Total Cost": 147378.26,"Plan Rows": 1,"Plan Width": 34,"Actual Startup Time": 5.029,"Actual Total Time": 447.558,"Actual Rows": 8035,"Actual Loops": 1,"Inner Unique": false,"Plans": [{"Node Type": "Gather","Parent Relationship": "Outer","Parallel Aware": false,"Async Capable": false,"Startup Cost": 1250.01,"Total Cost": 147377.22,"Plan Rows": 1,"Plan Width": 34,"Actual Startup Time": 4.623,"Actual Total Time": 341.887,"Actual Rows": 13450,"Actual Loops": 1,"Workers Planned": 4,"Workers Launched": 4,"Single Copy": false,"Plans": [{"Node Type": "Nested Loop","Parent Relationship": "Outer","Parallel Aware": false,"Async Capable": false,"Join Type": "Anti","Startup Cost": 250.01,"Total Cost": 146377.12,"Plan Rows": 1,"Plan Width": 34,"Actual Startup Time": 4.632,"Actual Total Time": 442.832,"Actual Rows": 2690,"Actual Loops": 5,"Inner Unique": false,"Workers": [],"Plans": [{"Node Type": "Hash Join","Parent Relationship": "Outer","Parallel Aware": false,"Async Capable": false,"Join Type": "Inner","Startup Cost": 249.58,"Total Cost": 133581.65,"Plan Rows": 19990,"Plan Width": 34,"Actual Startup Time": 4.440,"Actual Total Time": 353.938,"Actual Rows": 30159,"Actual Loops": 5,"Inner Unique": false,"Hash Cond": "(l1.l_suppkey = supplier.s_suppkey)","Workers": [],"Plans": [{"Node Type": "Seq Scan","Parent Relationship": "Outer","Parallel Aware": true,"Async Capable": false,"Relation Name": "lineitem","Alias": "l1","Startup Cost": 0.00,"Total Cost": 131256.80,"Plan Rows": 500101,"Plan Width": 8,"Actual Startup Time": 0.027,"Actual Total Time": 302.537,"Actual Rows": 758659,"Actual Loops": 5,"Filter": "(l_receiptdate > l_commitdate)","Rows Removed by Filter": 441584,"Workers": []},{"Node Type": "Hash","Parent Relationship": "Inner","Parallel Aware": false,"Async Capable": false,"Startup Cost": 244.58,"Total Cost": 244.58,"Plan Rows": 400,"Plan Width": 30,"Actual Startup Time": 4.114,"Actual Total Time": 4.124,"Actual Rows": 396,"Actual Loops": 5,"Hash Buckets": 1024,"Original Hash Buckets": 1024,"Hash Batches": 1,"Original Hash Batches": 1,"Peak Memory Usage": 33,"Workers": [],"Plans": [{"Node Type": "Nested Loop","Parent Relationship": "Outer","Parallel Aware": false,"Async Capable": false,"Join Type": "Inner","Startup Cost": 7.38,"Total Cost": 244.58,"Plan Rows": 400,"Plan Width": 30,"Actual Startup Time": 0.301,"Actual Total Time": 3.971,"Actual Rows": 396,"Actual Loops": 5,"Inner Unique": false,"Workers": [],"Plans": [{"Node Type": "Seq Scan","Parent Relationship": "Outer","Parallel Aware": false,"Async Capable": false,"Relation Name": "nation","Alias": "nation","Startup Cost": 0.00,"Total Cost": 1.31,"Plan Rows": 1,"Plan Width": 4,"Actual Startup Time": 0.063,"Actual Total Time": 0.068,"Actual Rows": 1,"Actual Loops": 5,"Filter": "(n_name = 'GERMANY'::bpchar)","Rows Removed by Filter": 24,"Workers": []},{"Node Type": "Bitmap Heap Scan","Parent Relationship": "Inner","Parallel Aware": false,"Async Capable": false,"Relation Name": "supplier","Alias": "supplier","Startup Cost": 7.38,"Total Cost": 239.27,"Plan Rows": 400,"Plan Width": 34,"Actual Startup Time": 0.232,"Actual Total Time": 3.829,"Actual Rows": 396,"Actual Loops": 5,"Recheck Cond": "(s_nationkey = nation.n_nationkey)","Rows Removed by Index Recheck": 0,"Exact Heap Blocks": 191,"Lossy Heap Blocks": 0,"Workers": [],"Plans": [{"Node Type": "Bitmap Index Scan","Parent Relationship": "Outer","Parallel Aware": false,"Async Capable": false,"Index Name": "idx_supplier_nation_key","Startup Cost": 0.00,"Total Cost": 7.29,"Plan Rows": 400,"Plan Width": 0,"Actual Startup Time": 0.147,"Actual Total Time": 0.148,"Actual Rows": 396,"Actual Loops": 5,"Index Cond": "(s_nationkey = nation.n_nationkey)","Workers": []}]}]}]}]},{"Node Type": "Index Scan","Parent Relationship": "Inner","Parallel Aware": false,"Async Capable": false,"Scan Direction": "Forward","Index Name": "idx_lineitem_orderkey","Relation Name": "lineitem","Alias": "l3","Startup Cost": 0.43,"Total Cost": 1.06,"Plan Rows": 6,"Plan Width": 8,"Actual Startup Time": 0.003,"Actual Total Time": 0.003,"Actual Rows": 1,"Actual Loops": 150794,"Index Cond": "(l_orderkey = l1.l_orderkey)","Rows Removed by Index Recheck": 0,"Filter": "((l_receiptdate > l_commitdate) AND (l_suppkey <> l1.l_suppkey))","Rows Removed by Filter": 1,"Workers": []}]}]},{"Node Type": "Index Scan","Parent Relationship": "Inner","Parallel Aware": false,"Async Capable": false,"Scan Direction": "Forward","Index Name": "idx_lineitem_orderkey","Relation Name": "lineitem","Alias": "l2","Startup Cost": 0.43,"Total Cost": 1.02,"Plan Rows": 17,"Plan Width": 8,"Actual Startup Time": 0.007,"Actual Total Time": 0.007,"Actual Rows": 1,"Actual Loops": 13450,"Index Cond": "(l_orderkey = l1.l_orderkey)","Rows Removed by Index Recheck": 0,"Filter": "(l_suppkey <> l1.l_suppkey)","Rows Removed by Filter": 1}]},{"Node Type": "Index Scan","Parent Relationship": "Inner","Parallel Aware": false,"Async Capable": false,"Scan Direction": "Forward","Index Name": "orders_pkey","Relation Name": "orders","Alias": "orders","Startup Cost": 0.43,"Total Cost": 0.51,"Plan Rows": 1,"Plan Width": 4,"Actual Startup Time": 0.007,"Actual Total Time": 0.007,"Actual Rows": 0,"Actual Loops": 8035,"Index Cond": "(o_orderkey = l1.l_orderkey)","Rows Removed by Index Recheck": 0,"Filter": "(o_orderstatus = 'F'::bpchar)","Rows Removed by Filter": 1}]}]}]}]},"Planning Time": 8.500,"Triggers": [],"Execution Time": 520.683}]
[{"Plan": {"Node Type": "Sort","Parallel Aware": false,"Async Capable": false,"Startup Cost": 147378.80,"Total Cost": 147378.81,"Plan Rows": 1,"Plan Width": 34,"Actual Startup Time": 501.108,"Actual Total Time": 521.576,"Actual Rows": 402,"Actual Loops": 1,"Sort Key": ["(count(*)) DESC", "supplier.s_name"],"Sort Method": "quicksort","Sort Space Used": 56,"Sort Space Type": "Memory","Plans": [{"Node Type": "Aggregate","Strategy": "Sorted","Partial Mode": "Simple","Parent Relationship": "Outer","Parallel Aware": false,"Async Capable": false,"Startup Cost": 147378.77,"Total Cost": 147378.79,"Plan Rows": 1,"Plan Width": 34,"Actual Startup Time": 499.889,"Actual Total Time": 520.867,"Actual Rows": 402,"Actual Loops": 1,"Group Key": ["supplier.s_name"],"Plans": [{"Node Type": "Sort","Parent Relationship": "Outer","Parallel Aware": false,"Async Capable": false,"Startup Cost": 147378.77,"Total Cost": 147378.78,"Plan Rows": 1,"Plan Width": 26,"Actual Startup Time": 499.865,"Actual Total Time": 520.454,"Actual Rows": 3981,"Actual Loops": 1,"Sort Key": ["supplier.s_name"],"Sort Method": "quicksort","Sort Space Used": 376,"Sort Space Type": "Memory","Plans": [{"Node Type": "Nested Loop","Parent Relationship": "Outer","Parallel Aware": false,"Async Capable": false,"Join Type": "Inner","Startup Cost": 1250.87,"Total Cost": 147378.76,"Plan Rows": 1,"Plan Width": 26,"Actual Startup Time": 4.395,"Actual Total Time": 509.623,"Actual Rows": 3981,"Actual Loops": 1,"Inner Unique": true,"Plans": [{"Node Type": "Nested Loop","Parent Relationship": "Outer","Parallel Aware": false,"Async Capable": false,"Join Type": "Semi","Startup Cost": 1250.44,"Total Cost": 147378.26,"Plan Rows": 1,"Plan Width": 34,"Actual Startup Time": 4.360,"Actual Total Time": 449.398,"Actual Rows": 7983,"Actual Loops": 1,"Inner Unique": false,"Plans": [{"Node Type": "Gather","Parent Relationship": "Outer","Parallel Aware": false,"Async Capable": false,"Startup Cost": 1250.01,"Total Cost": 147377.22,"Plan Rows": 1,"Plan Width": 34,"Actual Startup Time": 4.200,"Actual Total Time": 345.088,"Actual Rows": 13400,"Actual Loops": 1,"Workers Planned": 4,"Workers Launched": 4,"Single Copy": false,"Plans": [{"Node Type": "Nested Loop","Parent Relationship": "Outer","Parallel Aware": false,"Async Capable": false,"Join Type": "Anti","Startup Cost": 250.01,"Total Cost": 146377.12,"Plan Rows": 1,"Plan Width": 34,"Actual Startup Time": 4.071,"Actual Total Time": 443.940,"Actual Rows": 2680,"Actual Loops": 5,"Inner Unique": false,"Workers": [],"Plans": [{"Node Type": "Hash Join","Parent Relationship": "Outer","Parallel Aware": false,"Async Capable": false,"Join Type": "Inner","Startup Cost": 249.58,"Total Cost": 133581.65,"Plan Rows": 19990,"Plan Width": 34,"Actual Startup Time": 3.886,"Actual Total Time": 354.291,"Actual Rows": 30378,"Actual Loops": 5,"Inner Unique": false,"Hash Cond": "(l1.l_suppkey = supplier.s_suppkey)","Workers": [],"Plans": [{"Node Type": "Seq Scan","Parent Relationship": "Outer","Parallel Aware": true,"Async Capable": false,"Relation Name": "lineitem","Alias": "l1","Startup Cost": 0.00,"Total Cost": 131256.80,"Plan Rows": 500101,"Plan Width": 8,"Actual Startup Time": 0.029,"Actual Total Time": 304.276,"Actual Rows": 758659,"Actual Loops": 5,"Filter": "(l_receiptdate > l_commitdate)","Rows Removed by Filter": 441584,"Workers": []},{"Node Type": "Hash","Parent Relationship": "Inner","Parallel Aware": false,"Async Capable": false,"Startup Cost": 244.58,"Total Cost": 244.58,"Plan Rows": 400,"Plan Width": 30,"Actual Startup Time": 3.550,"Actual Total Time": 3.564,"Actual Rows": 402,"Actual Loops": 5,"Hash Buckets": 1024,"Original Hash Buckets": 1024,"Hash Batches": 1,"Original Hash Batches": 1,"Peak Memory Usage": 34,"Workers": [],"Plans": [{"Node Type": "Nested Loop","Parent Relationship": "Outer","Parallel Aware": false,"Async Capable": false,"Join Type": "Inner","Startup Cost": 7.38,"Total Cost": 244.58,"Plan Rows": 400,"Plan Width": 30,"Actual Startup Time": 0.305,"Actual Total Time": 3.431,"Actual Rows": 402,"Actual Loops": 5,"Inner Unique": false,"Workers": [],"Plans": [{"Node Type": "Seq Scan","Parent Relationship": "Outer","Parallel Aware": false,"Async Capable": false,"Relation Name": "nation","Alias": "nation","Startup Cost": 0.00,"Total Cost": 1.31,"Plan Rows": 1,"Plan Width": 4,"Actual Startup Time": 0.076,"Actual Total Time": 0.081,"Actual Rows": 1,"Actual Loops": 5,"Filter": "(n_name = 'FRANCE'::bpchar)","Rows Removed by Filter": 24,"Workers": []},{"Node Type": "Bitmap Heap Scan","Parent Relationship": "Inner","Parallel Aware": false,"Async Capable": false,"Relation Name": "supplier","Alias": "supplier","Startup Cost": 7.38,"Total Cost": 239.27,"Plan Rows": 400,"Plan Width": 34,"Actual Startup Time": 0.223,"Actual Total Time": 3.284,"Actual Rows": 402,"Actual Loops": 5,"Recheck Cond": "(s_nationkey = nation.n_nationkey)","Rows Removed by Index Recheck": 0,"Exact Heap Blocks": 184,"Lossy Heap Blocks": 0,"Workers": [],"Plans": [{"Node Type": "Bitmap Index Scan","Parent Relationship": "Outer","Parallel Aware": false,"Async Capable": false,"Index Name": "idx_supplier_nation_key","Startup Cost": 0.00,"Total Cost": 7.29,"Plan Rows": 400,"Plan Width": 0,"Actual Startup Time": 0.129,"Actual Total Time": 0.130,"Actual Rows": 402,"Actual Loops": 5,"Index Cond": "(s_nationkey = nation.n_nationkey)","Workers": []}]}]}]}]},{"Node Type": "Index Scan","Parent Relationship": "Inner","Parallel Aware": false,"Async Capable": false,"Scan Direction": "Forward","Index Name": "idx_lineitem_orderkey","Relation Name": "lineitem","Alias": "l3","Startup Cost": 0.43,"Total Cost": 1.06,"Plan Rows": 6,"Plan Width": 8,"Actual Startup Time": 0.003,"Actual Total Time": 0.003,"Actual Rows": 1,"Actual Loops": 151892,"Index Cond": "(l_orderkey = l1.l_orderkey)","Rows Removed by Index Recheck": 0,"Filter": "((l_receiptdate > l_commitdate) AND (l_suppkey <> l1.l_suppkey))","Rows Removed by Filter": 1,"Workers": []}]}]},{"Node Type": "Index Scan","Parent Relationship": "Inner","Parallel Aware": false,"Async Capable": false,"Scan Direction": "Forward","Index Name": "idx_lineitem_orderkey","Relation Name": "lineitem","Alias": "l2","Startup Cost": 0.43,"Total Cost": 1.02,"Plan Rows": 17,"Plan Width": 8,"Actual Startup Time": 0.007,"Actual Total Time": 0.007,"Actual Rows": 1,"Actual Loops": 13400,"Index Cond": "(l_orderkey = l1.l_orderkey)","Rows Removed by Index Recheck": 0,"Filter": "(l_suppkey <> l1.l_suppkey)","Rows Removed by Filter": 1}]},{"Node Type": "Index Scan","Parent Relationship": "Inner","Parallel Aware": false,"Async Capable": false,"Scan Direction": "Forward","Index Name": "orders_pkey","Relation Name": "orders","Alias": "orders","Startup Cost": 0.43,"Total Cost": 0.51,"Plan Rows": 1,"Plan Width": 4,"Actual Startup Time": 0.007,"Actual Total Time": 0.007,"Actual Rows": 0,"Actual Loops": 7983,"Index Cond": "(o_orderkey = l1.l_orderkey)","Rows Removed by Index Recheck": 0,"Filter": "(o_orderstatus = 'F'::bpchar)","Rows Removed by Filter": 1}]}]}]}]},"Planning Time": 8.323,"Triggers": [],"Execution Time": 522.235}]
[{"Plan": {"Node Type": "Sort","Parallel Aware": false,"Async Capable": false,"Startup Cost": 147378.80,"Total Cost": 147378.81,"Plan Rows": 1,"Plan Width": 34,"Actual Startup Time": 500.185,"Actual Total Time": 519.970,"Actual Rows": 396,"Actual Loops": 1,"Sort Key": ["(count(*)) DESC", "supplier.s_name"],"Sort Method": "quicksort","Sort Space Used": 55,"Sort Space Type": "Memory","Plans": [{"Node Type": "Aggregate","Strategy": "Sorted","Partial Mode": "Simple","Parent Relationship": "Outer","Parallel Aware": false,"Async Capable": false,"Startup Cost": 147378.77,"Total Cost": 147378.79,"Plan Rows": 1,"Plan Width": 34,"Actual Startup Time": 498.969,"Actual Total Time": 519.272,"Actual Rows": 396,"Actual Loops": 1,"Group Key": ["supplier.s_name"],"Plans": [{"Node Type": "Sort","Parent Relationship": "Outer","Parallel Aware": false,"Async Capable": false,"Startup Cost": 147378.77,"Total Cost": 147378.78,"Plan Rows": 1,"Plan Width": 26,"Actual Startup Time": 498.950,"Actual Total Time": 518.863,"Actual Rows": 3935,"Actual Loops": 1,"Sort Key": ["supplier.s_name"],"Sort Method": "quicksort","Sort Space Used": 373,"Sort Space Type": "Memory","Plans": [{"Node Type": "Nested Loop","Parent Relationship": "Outer","Parallel Aware": false,"Async Capable": false,"Join Type": "Inner","Startup Cost": 1250.87,"Total Cost": 147378.76,"Plan Rows": 1,"Plan Width": 26,"Actual Startup Time": 5.056,"Actual Total Time": 508.223,"Actual Rows": 3935,"Actual Loops": 1,"Inner Unique": true,"Plans": [{"Node Type": "Nested Loop","Parent Relationship": "Outer","Parallel Aware": false,"Async Capable": false,"Join Type": "Semi","Startup Cost": 1250.44,"Total Cost": 147378.26,"Plan Rows": 1,"Plan Width": 34,"Actual Startup Time": 5.029,"Actual Total Time": 447.558,"Actual Rows": 8035,"Actual Loops": 1,"Inner Unique": false,"Plans": [{"Node Type": "Gather","Parent Relationship": "Outer","Parallel Aware": false,"Async Capable": false,"Startup Cost": 1250.01,"Total Cost": 147377.22,"Plan Rows": 1,"Plan Width": 34,"Actual Startup Time": 4.623,"Actual Total Time": 341.887,"Actual Rows": 13450,"Actual Loops": 1,"Workers Planned": 4,"Workers Launched": 4,"Single Copy": false,"Plans": [{"Node Type": "Nested Loop","Parent Relationship": "Outer","Parallel Aware": false,"Async Capable": false,"Join Type": "Anti","Startup Cost": 250.01,"Total Cost": 146377.12,"Plan Rows": 1,"Plan Width": 34,"Actual Startup Time": 4.632,"Actual Total Time": 442.832,"Actual Rows": 2690,"Actual Loops": 5,"Inner Unique": false,"Workers": [],"Plans": [{"Node Type": "Hash Join","Parent Relationship": "Outer","Parallel Aware": false,"Async Capable": false,"Join Type": "Inner","Startup Cost": 249.58,"Total Cost": 133581.65,"Plan Rows": 19990,"Plan Width": 34,"Actual Startup Time": 4.440,"Actual Total Time": 353.938,"Actual Rows": 30159,"Actual Loops": 5,"Inner Unique": false,"Hash Cond": "(l1.l_suppkey = supplier.s_suppkey)","Workers": [],"Plans": [{"Node Type": "Seq Scan","Parent Relationship": "Outer","Parallel Aware": true,"Async Capable": false,"Relation Name": "lineitem","Alias": "l1","Startup Cost": 0.00,"Total Cost": 131256.80,"Plan Rows": 500101,"Plan Width": 8,"Actual Startup Time": 0.027,"Actual Total Time": 302.537,"Actual Rows": 758659,"Actual Loops": 5,"Filter": "(l_receiptdate > l_commitdate)","Rows Removed by Filter": 441584,"Workers": []},{"Node Type": "Hash","Parent Relationship": "Inner","Parallel Aware": false,"Async Capable": false,"Startup Cost": 244.58,"Total Cost": 244.58,"Plan Rows": 400,"Plan Width": 30,"Actual Startup Time": 4.114,"Actual Total Time": 4.124,"Actual Rows": 396,"Actual Loops": 5,"Hash Buckets": 1024,"Original Hash Buckets": 1024,"Hash Batches": 1,"Original Hash Batches": 1,"Peak Memory Usage": 33,"Workers": [],"Plans": [{"Node Type": "Nested Loop","Parent Relationship": "Outer","Parallel Aware": false,"Async Capable": false,"Join Type": "Inner","Startup Cost": 7.38,"Total Cost": 244.58,"Plan Rows": 400,"Plan Width": 30,"Actual Startup Time": 0.301,"Actual Total Time": 3.971,"Actual Rows": 396,"Actual Loops": 5,"Inner Unique": false,"Workers": [],"Plans": [{"Node Type": "Seq Scan","Parent Relationship": "Outer","Parallel Aware": false,"Async Capable": false,"Relation Name": "nation","Alias": "nation","Startup Cost": 0.00,"Total Cost": 1.31,"Plan Rows": 1,"Plan Width": 4,"Actual Startup Time": 0.063,"Actual Total Time": 0.068,"Actual Rows": 1,"Actual Loops": 5,"Filter": "(n_name = 'GERMANY'::bpchar)","Rows Removed by Filter": 24,"Workers": []},{"Node Type": "Bitmap Heap Scan","Parent Relationship": "Inner","Parallel Aware": false,"Async Capable": false,"Relation Name": "supplier","Alias": "supplier","Startup Cost": 7.38,"Total Cost": 239.27,"Plan Rows": 400,"Plan Width": 34,"Actual Startup Time": 0.232,"Actual Total Time": 3.829,"Actual Rows": 396,"Actual Loops": 5,"Recheck Cond": "(s_nationkey = nation.n_nationkey)","Rows Removed by Index Recheck": 0,"Exact Heap Blocks": 191,"Lossy Heap Blocks": 0,"Workers": [],"Plans": [{"Node Type": "Bitmap Index Scan","Parent Relationship": "Outer","Parallel Aware": false,"Async Capable": false,"Index Name": "idx_supplier_nation_key","Startup Cost": 0.00,"Total Cost": 7.29,"Plan Rows": 400,"Plan Width": 0,"Actual Startup Time": 0.147,"Actual Total Time": 0.148,"Actual Rows": 396,"Actual Loops": 5,"Index Cond": "(s_nationkey = nation.n_nationkey)","Workers": []}]}]}]}]},{"Node Type": "Index Scan","Parent Relationship": "Inner","Parallel Aware": false,"Async Capable": false,"Scan Direction": "Forward","Index Name": "idx_lineitem_orderkey","Relation Name": "lineitem","Alias": "l3","Startup Cost": 0.43,"Total Cost": 1.06,"Plan Rows": 6,"Plan Width": 8,"Actual Startup Time": 0.003,"Actual Total Time": 0.003,"Actual Rows": 1,"Actual Loops": 150794,"Index Cond": "(l_orderkey = l1.l_orderkey)","Rows Removed by Index Recheck": 0,"Filter": "((l_receiptdate > l_commitdate) AND (l_suppkey <> l1.l_suppkey))","Rows Removed by Filter": 1,"Workers": []}]}]},{"Node Type": "Index Scan","Parent Relationship": "Inner","Parallel Aware": false,"Async Capable": false,"Scan Direction": "Forward","Index Name": "idx_lineitem_orderkey","Relation Name": "lineitem","Alias": "l2","Startup Cost": 0.43,"Total Cost": 1.02,"Plan Rows": 17,"Plan Width": 8,"Actual Startup Time": 0.007,"Actual Total Time": 0.007,"Actual Rows": 1,"Actual Loops": 13450,"Index Cond": "(l_orderkey = l1.l_orderkey)","Rows Removed by Index Recheck": 0,"Filter": "(l_suppkey <> l1.l_suppkey)","Rows Removed by Filter": 1}]},{"Node Type": "Index Scan","Parent Relationship": "Inner","Parallel Aware": false,"Async Capable": false,"Scan Direction": "Forward","Index Name": "orders_pkey","Relation Name": "orders","Alias": "orders","Startup Cost": 0.43,"Total Cost": 0.51,"Plan Rows": 1,"Plan Width": 4,"Actual Startup Time": 0.007,"Actual Total Time": 0.007,"Actual Rows": 0,"Actual Loops": 8035,"Index Cond": "(o_orderkey = l1.l_orderkey)","Rows Removed by Index Recheck": 0,"Filter": "(o_orderstatus = 'F'::bpchar)","Rows Removed by Filter": 1}]}]}]}]},"Planning Time": 8.500,"Triggers": [],"Execution Time": 520.683}]
[{"Plan": {"Node Type": "Sort","Parallel Aware": false,"Async Capable": false,"Startup Cost": 147378.80,"Total Cost": 147378.81,"Plan Rows": 1,"Plan Width": 34,"Actual Startup Time": 500.228,"Actual Total Time": 519.082,"Actual Rows": 412,"Actual Loops": 1,"Sort Key": ["(count(*)) DESC", "supplier.s_name"],"Sort Method": "quicksort","Sort Space Used": 57,"Sort Space Type": "Memory","Plans": [{"Node Type": "Aggregate","Strategy": "Sorted","Partial Mode": "Simple","Parent Relationship": "Outer","Parallel Aware": false,"Async Capable": false,"Startup Cost": 147378.77,"Total Cost": 147378.79,"Plan Rows": 1,"Plan Width": 34,"Actual Startup Time": 498.981,"Actual Total Time": 518.359,"Actual Rows": 412,"Actual Loops": 1,"Group Key": ["supplier.s_name"],"Plans": [{"Node Type": "Sort","Parent Relationship": "Outer","Parallel Aware": false,"Async Capable": false,"Startup Cost": 147378.77,"Total Cost": 147378.78,"Plan Rows": 1,"Plan Width": 26,"Actual Startup Time": 498.949,"Actual Total Time": 517.928,"Actual Rows": 4030,"Actual Loops": 1,"Sort Key": ["supplier.s_name"],"Sort Method": "quicksort","Sort Space Used": 380,"Sort Space Type": "Memory","Plans": [{"Node Type": "Nested Loop","Parent Relationship": "Outer","Parallel Aware": false,"Async Capable": false,"Join Type": "Inner","Startup Cost": 1250.87,"Total Cost": 147378.76,"Plan Rows": 1,"Plan Width": 26,"Actual Startup Time": 4.020,"Actual Total Time": 506.052,"Actual Rows": 4030,"Actual Loops": 1,"Inner Unique": true,"Plans": [{"Node Type": "Nested Loop","Parent Relationship": "Outer","Parallel Aware": false,"Async Capable": false,"Join Type": "Semi","Startup Cost": 1250.44,"Total Cost": 147378.26,"Plan Rows": 1,"Plan Width": 34,"Actual Startup Time": 3.993,"Actual Total Time": 443.011,"Actual Rows": 8146,"Actual Loops": 1,"Inner Unique": false,"Plans": [{"Node Type": "Gather","Parent Relationship": "Outer","Parallel Aware": false,"Async Capable": false,"Startup Cost": 1250.01,"Total Cost": 147377.22,"Plan Rows": 1,"Plan Width": 34,"Actual Startup Time": 3.980,"Actual Total Time": 336.738,"Actual Rows": 13748,"Actual Loops": 1,"Workers Planned": 4,"Workers Launched": 4,"Single Copy": false,"Plans": [{"Node Type": "Nested Loop","Parent Relationship": "Outer","Parallel Aware": false,"Async Capable": false,"Join Type": "Anti","Startup Cost": 250.01,"Total Cost": 146377.12,"Plan Rows": 1,"Plan Width": 34,"Actual Startup Time": 4.569,"Actual Total Time": 441.712,"Actual Rows": 2750,"Actual Loops": 5,"Inner Unique": false,"Workers": [],"Plans": [{"Node Type": "Hash Join","Parent Relationship": "Outer","Parallel Aware": false,"Async Capable": false,"Join Type": "Inner","Startup Cost": 249.58,"Total Cost": 133581.65,"Plan Rows": 19990,"Plan Width": 34,"Actual Startup Time": 4.262,"Actual Total Time": 350.942,"Actual Rows": 31209,"Actual Loops": 5,"Inner Unique": false,"Hash Cond": "(l1.l_suppkey = supplier.s_suppkey)","Workers": [],"Plans": [{"Node Type": "Seq Scan","Parent Relationship": "Outer","Parallel Aware": true,"Async Capable": false,"Relation Name": "lineitem","Alias": "l1","Startup Cost": 0.00,"Total Cost": 131256.80,"Plan Rows": 500101,"Plan Width": 8,"Actual Startup Time": 0.026,"Actual Total Time": 299.296,"Actual Rows": 758659,"Actual Loops": 5,"Filter": "(l_receiptdate > l_commitdate)","Rows Removed by Filter": 441584,"Workers": []},{"Node Type": "Hash","Parent Relationship": "Inner","Parallel Aware": false,"Async Capable": false,"Startup Cost": 244.58,"Total Cost": 244.58,"Plan Rows": 400,"Plan Width": 30,"Actual Startup Time": 3.907,"Actual Total Time": 3.918,"Actual Rows": 412,"Actual Loops": 5,"Hash Buckets": 1024,"Original Hash Buckets": 1024,"Hash Batches": 1,"Original Hash Batches": 1,"Peak Memory Usage": 34,"Workers": [],"Plans": [{"Node Type": "Nested Loop","Parent Relationship": "Outer","Parallel Aware": false,"Async Capable": false,"Join Type": "Inner","Startup Cost": 7.38,"Total Cost": 244.58,"Plan Rows": 400,"Plan Width": 30,"Actual Startup Time": 0.286,"Actual Total Time": 3.756,"Actual Rows": 412,"Actual Loops": 5,"Inner Unique": false,"Workers": [],"Plans": [{"Node Type": "Seq Scan","Parent Relationship": "Outer","Parallel Aware": false,"Async Capable": false,"Relation Name": "nation","Alias": "nation","Startup Cost": 0.00,"Total Cost": 1.31,"Plan Rows": 1,"Plan Width": 4,"Actual Startup Time": 0.059,"Actual Total Time": 0.064,"Actual Rows": 1,"Actual Loops": 5,"Filter": "(n_name = 'CANADA'::bpchar)","Rows Removed by Filter": 24,"Workers": []},{"Node Type": "Bitmap Heap Scan","Parent Relationship": "Inner","Parallel Aware": false,"Async Capable": false,"Relation Name": "supplier","Alias": "supplier","Startup Cost": 7.38,"Total Cost": 239.27,"Plan Rows": 400,"Plan Width": 34,"Actual Startup Time": 0.222,"Actual Total Time": 3.623,"Actual Rows": 412,"Actual Loops": 5,"Recheck Cond": "(s_nationkey = nation.n_nationkey)","Rows Removed by Index Recheck": 0,"Exact Heap Blocks": 189,"Lossy Heap Blocks": 0,"Workers": [],"Plans": [{"Node Type": "Bitmap Index Scan","Parent Relationship": "Outer","Parallel Aware": false,"Async Capable": false,"Index Name": "idx_supplier_nation_key","Startup Cost": 0.00,"Total Cost": 7.29,"Plan Rows": 400,"Plan Width": 0,"Actual Startup Time": 0.144,"Actual Total Time": 0.145,"Actual Rows": 412,"Actual Loops": 5,"Index Cond": "(s_nationkey = nation.n_nationkey)","Workers": []}]}]}]}]},{"Node Type": "Index Scan","Parent Relationship": "Inner","Parallel Aware": false,"Async Capable": false,"Scan Direction": "Forward","Index Name": "idx_lineitem_orderkey","Relation Name": "lineitem","Alias": "l3","Startup Cost": 0.43,"Total Cost": 1.06,"Plan Rows": 6,"Plan Width": 8,"Actual Startup Time": 0.003,"Actual Total Time": 0.003,"Actual Rows": 1,"Actual Loops": 156047,"Index Cond": "(l_orderkey = l1.l_orderkey)","Rows Removed by Index Recheck": 0,"Filter": "((l_receiptdate > l_commitdate) AND (l_suppkey <> l1.l_suppkey))","Rows Removed by Filter": 1,"Workers": []}]}]},{"Node Type": "Index Scan","Parent Relationship": "Inner","Parallel Aware": false,"Async Capable": false,"Scan Direction": "Forward","Index Name": "idx_lineitem_orderkey","Relation Name": "lineitem","Alias": "l2","Startup Cost": 0.43,"Total Cost": 1.02,"Plan Rows": 17,"Plan Width": 8,"Actual Startup Time": 0.007,"Actual Total Time": 0.007,"Actual Rows": 1,"Actual Loops": 13748,"Index Cond": "(l_orderkey = l1.l_orderkey)","Rows Removed by Index Recheck": 0,"Filter": "(l_suppkey <> l1.l_suppkey)","Rows Removed by Filter": 1}]},{"Node Type": "Index Scan","Parent Relationship": "Inner","Parallel Aware": false,"Async Capable": false,"Scan Direction": "Forward","Index Name": "orders_pkey","Relation Name": "orders","Alias": "orders","Startup Cost": 0.43,"Total Cost": 0.51,"Plan Rows": 1,"Plan Width": 4,"Actual Startup Time": 0.007,"Actual Total Time": 0.007,"Actual Rows": 0,"Actual Loops": 8146,"Index Cond": "(o_orderkey = l1.l_orderkey)","Rows Removed by Index Recheck": 0,"Filter": "(o_orderstatus = 'F'::bpchar)","Rows Removed by Filter": 1}]}]}]}]},"Planning Time": 9.689,"Triggers": [],"Execution Time": 519.513}]
[{"Plan": {"Node Type": "Sort","Parallel Aware": false,"Async Capable": false,"Startup Cost": 147378.80,"Total Cost": 147378.81,"Plan Rows": 1,"Plan Width": 34,"Actual Startup Time": 507.691,"Actual Total Time": 527.119,"Actual Rows": 411,"Actual Loops": 1,"Sort Key": ["(count(*)) DESC", "supplier.s_name"],"Sort Method": "quicksort","Sort Space Used": 57,"Sort Space Type": "Memory","Plans": [{"Node Type": "Aggregate","Strategy": "Sorted","Partial Mode": "Simple","Parent Relationship": "Outer","Parallel Aware": false,"Async Capable": false,"Startup Cost": 147378.77,"Total Cost": 147378.79,"Plan Rows": 1,"Plan Width": 34,"Actual Startup Time": 506.441,"Actual Total Time": 526.395,"Actual Rows": 411,"Actual Loops": 1,"Group Key": ["supplier.s_name"],"Plans": [{"Node Type": "Sort","Parent Relationship": "Outer","Parallel Aware": false,"Async Capable": false,"Startup Cost": 147378.77,"Total Cost": 147378.78,"Plan Rows": 1,"Plan Width": 26,"Actual Startup Time": 506.413,"Actual Total Time": 525.969,"Actual Rows": 4141,"Actual Loops": 1,"Sort Key": ["supplier.s_name"],"Sort Method": "quicksort","Sort Space Used": 484,"Sort Space Type": "Memory","Plans": [{"Node Type": "Nested Loop","Parent Relationship": "Outer","Parallel Aware": false,"Async Capable": false,"Join Type": "Inner","Startup Cost": 1250.87,"Total Cost": 147378.76,"Plan Rows": 1,"Plan Width": 26,"Actual Startup Time": 4.973,"Actual Total Time": 514.878,"Actual Rows": 4141,"Actual Loops": 1,"Inner Unique": true,"Plans": [{"Node Type": "Nested Loop","Parent Relationship": "Outer","Parallel Aware": false,"Async Capable": false,"Join Type": "Semi","Startup Cost": 1250.44,"Total Cost": 147378.26,"Plan Rows": 1,"Plan Width": 34,"Actual Startup Time": 4.329,"Actual Total Time": 453.804,"Actual Rows": 8357,"Actual Loops": 1,"Inner Unique": false,"Plans": [{"Node Type": "Gather","Parent Relationship": "Outer","Parallel Aware": false,"Async Capable": false,"Startup Cost": 1250.01,"Total Cost": 147377.22,"Plan Rows": 1,"Plan Width": 34,"Actual Startup Time": 4.312,"Actual Total Time": 350.336,"Actual Rows": 13859,"Actual Loops": 1,"Workers Planned": 4,"Workers Launched": 4,"Single Copy": false,"Plans": [{"Node Type": "Nested Loop","Parent Relationship": "Outer","Parallel Aware": false,"Async Capable": false,"Join Type": "Anti","Startup Cost": 250.01,"Total Cost": 146377.12,"Plan Rows": 1,"Plan Width": 34,"Actual Startup Time": 4.818,"Actual Total Time": 450.256,"Actual Rows": 2772,"Actual Loops": 5,"Inner Unique": false,"Workers": [],"Plans": [{"Node Type": "Hash Join","Parent Relationship": "Outer","Parallel Aware": false,"Async Capable": false,"Join Type": "Inner","Startup Cost": 249.58,"Total Cost": 133581.65,"Plan Rows": 19990,"Plan Width": 34,"Actual Startup Time": 4.474,"Actual Total Time": 357.672,"Actual Rows": 31348,"Actual Loops": 5,"Inner Unique": false,"Hash Cond": "(l1.l_suppkey = supplier.s_suppkey)","Workers": [],"Plans": [{"Node Type": "Seq Scan","Parent Relationship": "Outer","Parallel Aware": true,"Async Capable": false,"Relation Name": "lineitem","Alias": "l1","Startup Cost": 0.00,"Total Cost": 131256.80,"Plan Rows": 500101,"Plan Width": 8,"Actual Startup Time": 0.028,"Actual Total Time": 306.873,"Actual Rows": 758659,"Actual Loops": 5,"Filter": "(l_receiptdate > l_commitdate)","Rows Removed by Filter": 441584,"Workers": []},{"Node Type": "Hash","Parent Relationship": "Inner","Parallel Aware": false,"Async Capable": false,"Startup Cost": 244.58,"Total Cost": 244.58,"Plan Rows": 400,"Plan Width": 30,"Actual Startup Time": 4.175,"Actual Total Time": 4.188,"Actual Rows": 411,"Actual Loops": 5,"Hash Buckets": 1024,"Original Hash Buckets": 1024,"Hash Batches": 1,"Original Hash Batches": 1,"Peak Memory Usage": 34,"Workers": [],"Plans": [{"Node Type": "Nested Loop","Parent Relationship": "Outer","Parallel Aware": false,"Async Capable": false,"Join Type": "Inner","Startup Cost": 7.38,"Total Cost": 244.58,"Plan Rows": 400,"Plan Width": 30,"Actual Startup Time": 0.256,"Actual Total Time": 4.027,"Actual Rows": 411,"Actual Loops": 5,"Inner Unique": false,"Workers": [],"Plans": [{"Node Type": "Seq Scan","Parent Relationship": "Outer","Parallel Aware": false,"Async Capable": false,"Relation Name": "nation","Alias": "nation","Startup Cost": 0.00,"Total Cost": 1.31,"Plan Rows": 1,"Plan Width": 4,"Actual Startup Time": 0.047,"Actual Total Time": 0.051,"Actual Rows": 1,"Actual Loops": 5,"Filter": "(n_name = 'SAUDI ARABIA'::bpchar)","Rows Removed by Filter": 24,"Workers": []},{"Node Type": "Bitmap Heap Scan","Parent Relationship": "Inner","Parallel Aware": false,"Async Capable": false,"Relation Name": "supplier","Alias": "supplier","Startup Cost": 7.38,"Total Cost": 239.27,"Plan Rows": 400,"Plan Width": 34,"Actual Startup Time": 0.204,"Actual Total Time": 3.890,"Actual Rows": 411,"Actual Loops": 5,"Recheck Cond": "(s_nationkey = nation.n_nationkey)","Rows Removed by Index Recheck": 0,"Exact Heap Blocks": 182,"Lossy Heap Blocks": 0,"Workers": [],"Plans": [{"Node Type": "Bitmap Index Scan","Parent Relationship": "Outer","Parallel Aware": false,"Async Capable": false,"Index Name": "idx_supplier_nation_key","Startup Cost": 0.00,"Total Cost": 7.29,"Plan Rows": 400,"Plan Width": 0,"Actual Startup Time": 0.143,"Actual Total Time": 0.145,"Actual Rows": 411,"Actual Loops": 5,"Index Cond": "(s_nationkey = nation.n_nationkey)","Workers": []}]}]}]}]},{"Node Type": "Index Scan","Parent Relationship": "Inner","Parallel Aware": false,"Async Capable": false,"Scan Direction": "Forward","Index Name": "idx_lineitem_orderkey","Relation Name": "lineitem","Alias": "l3","Startup Cost": 0.43,"Total Cost": 1.06,"Plan Rows": 6,"Plan Width": 8,"Actual Startup Time": 0.003,"Actual Total Time": 0.003,"Actual Rows": 1,"Actual Loops": 156739,"Index Cond": "(l_orderkey = l1.l_orderkey)","Rows Removed by Index Recheck": 0,"Filter": "((l_receiptdate > l_commitdate) AND (l_suppkey <> l1.l_suppkey))","Rows Removed by Filter": 1,"Workers": []}]}]},{"Node Type": "Index Scan","Parent Relationship": "Inner","Parallel Aware": false,"Async Capable": false,"Scan Direction": "Forward","Index Name": "idx_lineitem_orderkey","Relation Name": "lineitem","Alias": "l2","Startup Cost": 0.43,"Total Cost": 1.02,"Plan Rows": 17,"Plan Width": 8,"Actual Startup Time": 0.007,"Actual Total Time": 0.007,"Actual Rows": 1,"Actual Loops": 13859,"Index Cond": "(l_orderkey = l1.l_orderkey)","Rows Removed by Index Recheck": 0,"Filter": "(l_suppkey <> l1.l_suppkey)","Rows Removed by Filter": 1}]},{"Node Type": "Index Scan","Parent Relationship": "Inner","Parallel Aware": false,"Async Capable": false,"Scan Direction": "Forward","Index Name": "orders_pkey","Relation Name": "orders","Alias": "orders","Startup Cost": 0.43,"Total Cost": 0.51,"Plan Rows": 1,"Plan Width": 4,"Actual Startup Time": 0.007,"Actual Total Time": 0.007,"Actual Rows": 0,"Actual Loops": 8357,"Index Cond": "(o_orderkey = l1.l_orderkey)","Rows Removed by Index Recheck": 0,"Filter": "(o_orderstatus = 'F'::bpchar)","Rows Removed by Filter": 1}]}]}]}]},"Planning Time": 9.483,"Triggers": [],"Execution Time": 527.804}]
[{"Plan": {"Node Type": "Sort","Parallel Aware": false,"Async Capable": false,"Startup Cost": 147378.80,"Total Cost": 147378.81,"Plan Rows": 1,"Plan Width": 34,"Actual Startup Time": 504.070,"Actual Total Time": 522.796,"Actual Rows": 405,"Actual Loops": 1,"Sort Key": ["(count(*)) DESC", "supplier.s_name"],"Sort Method": "quicksort","Sort Space Used": 56,"Sort Space Type": "Memory","Plans": [{"Node Type": "Aggregate","Strategy": "Sorted","Partial Mode": "Simple","Parent Relationship": "Outer","Parallel Aware": false,"Async Capable": false,"Startup Cost": 147378.77,"Total Cost": 147378.79,"Plan Rows": 1,"Plan Width": 34,"Actual Startup Time": 502.850,"Actual Total Time": 522.098,"Actual Rows": 405,"Actual Loops": 1,"Group Key": ["supplier.s_name"],"Plans": [{"Node Type": "Sort","Parent Relationship": "Outer","Parallel Aware": false,"Async Capable": false,"Startup Cost": 147378.77,"Total Cost": 147378.78,"Plan Rows": 1,"Plan Width": 26,"Actual Startup Time": 502.828,"Actual Total Time": 521.678,"Actual Rows": 4028,"Actual Loops": 1,"Sort Key": ["supplier.s_name"],"Sort Method": "quicksort","Sort Space Used": 380,"Sort Space Type": "Memory","Plans": [{"Node Type": "Nested Loop","Parent Relationship": "Outer","Parallel Aware": false,"Async Capable": false,"Join Type": "Inner","Startup Cost": 1250.87,"Total Cost": 147378.76,"Plan Rows": 1,"Plan Width": 26,"Actual Startup Time": 4.998,"Actual Total Time": 510.942,"Actual Rows": 4028,"Actual Loops": 1,"Inner Unique": true,"Plans": [{"Node Type": "Nested Loop","Parent Relationship": "Outer","Parallel Aware": false,"Async Capable": false,"Join Type": "Semi","Startup Cost": 1250.44,"Total Cost": 147378.26,"Plan Rows": 1,"Plan Width": 34,"Actual Startup Time": 4.975,"Actual Total Time": 450.040,"Actual Rows": 8320,"Actual Loops": 1,"Inner Unique": false,"Plans": [{"Node Type": "Gather","Parent Relationship": "Outer","Parallel Aware": false,"Async Capable": false,"Startup Cost": 1250.01,"Total Cost": 147377.22,"Plan Rows": 1,"Plan Width": 34,"Actual Startup Time": 4.836,"Actual Total Time": 345.420,"Actual Rows": 13965,"Actual Loops": 1,"Workers Planned": 4,"Workers Launched": 4,"Single Copy": false,"Plans": [{"Node Type": "Nested Loop","Parent Relationship": "Outer","Parallel Aware": false,"Async Capable": false,"Join Type": "Anti","Startup Cost": 250.01,"Total Cost": 146377.12,"Plan Rows": 1,"Plan Width": 34,"Actual Startup Time": 4.706,"Actual Total Time": 445.819,"Actual Rows": 2793,"Actual Loops": 5,"Inner Unique": false,"Workers": [],"Plans": [{"Node Type": "Hash Join","Parent Relationship": "Outer","Parallel Aware": false,"Async Capable": false,"Join Type": "Inner","Startup Cost": 249.58,"Total Cost": 133581.65,"Plan Rows": 19990,"Plan Width": 34,"Actual Startup Time": 4.328,"Actual Total Time": 354.989,"Actual Rows": 30731,"Actual Loops": 5,"Inner Unique": false,"Hash Cond": "(l1.l_suppkey = supplier.s_suppkey)","Workers": [],"Plans": [{"Node Type": "Seq Scan","Parent Relationship": "Outer","Parallel Aware": true,"Async Capable": false,"Relation Name": "lineitem","Alias": "l1","Startup Cost": 0.00,"Total Cost": 131256.80,"Plan Rows": 500101,"Plan Width": 8,"Actual Startup Time": 0.030,"Actual Total Time": 303.427,"Actual Rows": 758659,"Actual Loops": 5,"Filter": "(l_receiptdate > l_commitdate)","Rows Removed by Filter": 441584,"Workers": []},{"Node Type": "Hash","Parent Relationship": "Inner","Parallel Aware": false,"Async Capable": false,"Startup Cost": 244.58,"Total Cost": 244.58,"Plan Rows": 400,"Plan Width": 30,"Actual Startup Time": 4.016,"Actual Total Time": 4.027,"Actual Rows": 405,"Actual Loops": 5,"Hash Buckets": 1024,"Original Hash Buckets": 1024,"Hash Batches": 1,"Original Hash Batches": 1,"Peak Memory Usage": 34,"Workers": [],"Plans": [{"Node Type": "Nested Loop","Parent Relationship": "Outer","Parallel Aware": false,"Async Capable": false,"Join Type": "Inner","Startup Cost": 7.38,"Total Cost": 244.58,"Plan Rows": 400,"Plan Width": 30,"Actual Startup Time": 0.282,"Actual Total Time": 3.870,"Actual Rows": 405,"Actual Loops": 5,"Inner Unique": false,"Workers": [],"Plans": [{"Node Type": "Seq Scan","Parent Relationship": "Outer","Parallel Aware": false,"Async Capable": false,"Relation Name": "nation","Alias": "nation","Startup Cost": 0.00,"Total Cost": 1.31,"Plan Rows": 1,"Plan Width": 4,"Actual Startup Time": 0.049,"Actual Total Time": 0.055,"Actual Rows": 1,"Actual Loops": 5,"Filter": "(n_name = 'INDONESIA'::bpchar)","Rows Removed by Filter": 24,"Workers": []},{"Node Type": "Bitmap Heap Scan","Parent Relationship": "Inner","Parallel Aware": false,"Async Capable": false,"Relation Name": "supplier","Alias": "supplier","Startup Cost": 7.38,"Total Cost": 239.27,"Plan Rows": 400,"Plan Width": 34,"Actual Startup Time": 0.227,"Actual Total Time": 3.740,"Actual Rows": 405,"Actual Loops": 5,"Recheck Cond": "(s_nationkey = nation.n_nationkey)","Rows Removed by Index Recheck": 0,"Exact Heap Blocks": 192,"Lossy Heap Blocks": 0,"Workers": [],"Plans": [{"Node Type": "Bitmap Index Scan","Parent Relationship": "Outer","Parallel Aware": false,"Async Capable": false,"Index Name": "idx_supplier_nation_key","Startup Cost": 0.00,"Total Cost": 7.29,"Plan Rows": 400,"Plan Width": 0,"Actual Startup Time": 0.146,"Actual Total Time": 0.147,"Actual Rows": 405,"Actual Loops": 5,"Index Cond": "(s_nationkey = nation.n_nationkey)","Workers": []}]}]}]}]},{"Node Type": "Index Scan","Parent Relationship": "Inner","Parallel Aware": false,"Async Capable": false,"Scan Direction": "Forward","Index Name": "idx_lineitem_orderkey","Relation Name": "lineitem","Alias": "l3","Startup Cost": 0.43,"Total Cost": 1.06,"Plan Rows": 6,"Plan Width": 8,"Actual Startup Time": 0.003,"Actual Total Time": 0.003,"Actual Rows": 1,"Actual Loops": 153653,"Index Cond": "(l_orderkey = l1.l_orderkey)","Rows Removed by Index Recheck": 0,"Filter": "((l_receiptdate > l_commitdate) AND (l_suppkey <> l1.l_suppkey))","Rows Removed by Filter": 1,"Workers": []}]}]},{"Node Type": "Index Scan","Parent Relationship": "Inner","Parallel Aware": false,"Async Capable": false,"Scan Direction": "Forward","Index Name": "idx_lineitem_orderkey","Relation Name": "lineitem","Alias": "l2","Startup Cost": 0.43,"Total Cost": 1.02,"Plan Rows": 17,"Plan Width": 8,"Actual Startup Time": 0.007,"Actual Total Time": 0.007,"Actual Rows": 1,"Actual Loops": 13965,"Index Cond": "(l_orderkey = l1.l_orderkey)","Rows Removed by Index Recheck": 0,"Filter": "(l_suppkey <> l1.l_suppkey)","Rows Removed by Filter": 1}]},{"Node Type": "Index Scan","Parent Relationship": "Inner","Parallel Aware": false,"Async Capable": false,"Scan Direction": "Forward","Index Name": "orders_pkey","Relation Name": "orders","Alias": "orders","Startup Cost": 0.43,"Total Cost": 0.51,"Plan Rows": 1,"Plan Width": 4,"Actual Startup Time": 0.007,"Actual Total Time": 0.007,"Actual Rows": 0,"Actual Loops": 8320,"Index Cond": "(o_orderkey = l1.l_orderkey)","Rows Removed by Index Recheck": 0,"Filter": "(o_orderstatus = 'F'::bpchar)","Rows Removed by Filter": 1}]}]}]}]},"Planning Time": 8.753,"Triggers": [],"Execution Time": 523.514}]
[{"Plan": {"Node Type": "Sort","Parallel Aware": false,"Async Capable": false,"Startup Cost": 147378.80,"Total Cost": 147378.81,"Plan Rows": 1,"Plan Width": 34,"Actual Startup Time": 505.815,"Actual Total Time": 525.309,"Actual Rows": 390,"Actual Loops": 1,"Sort Key": ["(count(*)) DESC", "supplier.s_name"],"Sort Method": "quicksort","Sort Space Used": 55,"Sort Space Type": "Memory","Plans": [{"Node Type": "Aggregate","Strategy": "Sorted","Partial Mode": "Simple","Parent Relationship": "Outer","Parallel Aware": false,"Async Capable": false,"Startup Cost": 147378.77,"Total Cost": 147378.79,"Plan Rows": 1,"Plan Width": 34,"Actual Startup Time": 504.634,"Actual Total Time": 524.620,"Actual Rows": 390,"Actual Loops": 1,"Group Key": ["supplier.s_name"],"Plans": [{"Node Type": "Sort","Parent Relationship": "Outer","Parallel Aware": false,"Async Capable": false,"Startup Cost": 147378.77,"Total Cost": 147378.78,"Plan Rows": 1,"Plan Width": 26,"Actual Startup Time": 504.612,"Actual Total Time": 524.224,"Actual Rows": 3844,"Actual Loops": 1,"Sort Key": ["supplier.s_name"],"Sort Method": "quicksort","Sort Space Used": 367,"Sort Space Type": "Memory","Plans": [{"Node Type": "Nested Loop","Parent Relationship": "Outer","Parallel Aware": false,"Async Capable": false,"Join Type": "Inner","Startup Cost": 1250.87,"Total Cost": 147378.76,"Plan Rows": 1,"Plan Width": 26,"Actual Startup Time": 4.787,"Actual Total Time": 512.994,"Actual Rows": 3844,"Actual Loops": 1,"Inner Unique": true,"Plans": [{"Node Type": "Nested Loop","Parent Relationship": "Outer","Parallel Aware": false,"Async Capable": false,"Join Type": "Semi","Startup Cost": 1250.44,"Total Cost": 147378.26,"Plan Rows": 1,"Plan Width": 34,"Actual Startup Time": 4.747,"Actual Total Time": 447.855,"Actual Rows": 7892,"Actual Loops": 1,"Inner Unique": false,"Plans": [{"Node Type": "Gather","Parent Relationship": "Outer","Parallel Aware": false,"Async Capable": false,"Startup Cost": 1250.01,"Total Cost": 147377.22,"Plan Rows": 1,"Plan Width": 34,"Actual Startup Time": 4.560,"Actual Total Time": 339.834,"Actual Rows": 13152,"Actual Loops": 1,"Workers Planned": 4,"Workers Launched": 4,"Single Copy": false,"Plans": [{"Node Type": "Nested Loop","Parent Relationship": "Outer","Parallel Aware": false,"Async Capable": false,"Join Type": "Anti","Startup Cost": 250.01,"Total Cost": 146377.12,"Plan Rows": 1,"Plan Width": 34,"Actual Startup Time": 5.683,"Actual Total Time": 445.299,"Actual Rows": 2630,"Actual Loops": 5,"Inner Unique": false,"Workers": [],"Plans": [{"Node Type": "Hash Join","Parent Relationship": "Outer","Parallel Aware": false,"Async Capable": false,"Join Type": "Inner","Startup Cost": 249.58,"Total Cost": 133581.65,"Plan Rows": 19990,"Plan Width": 34,"Actual Startup Time": 5.525,"Actual Total Time": 357.256,"Actual Rows": 29502,"Actual Loops": 5,"Inner Unique": false,"Hash Cond": "(l1.l_suppkey = supplier.s_suppkey)","Workers": [],"Plans": [{"Node Type": "Seq Scan","Parent Relationship": "Outer","Parallel Aware": true,"Async Capable": false,"Relation Name": "lineitem","Alias": "l1","Startup Cost": 0.00,"Total Cost": 131256.80,"Plan Rows": 500101,"Plan Width": 8,"Actual Startup Time": 0.033,"Actual Total Time": 305.756,"Actual Rows": 758659,"Actual Loops": 5,"Filter": "(l_receiptdate > l_commitdate)","Rows Removed by Filter": 441584,"Workers": []},{"Node Type": "Hash","Parent Relationship": "Inner","Parallel Aware": false,"Async Capable": false,"Startup Cost": 244.58,"Total Cost": 244.58,"Plan Rows": 400,"Plan Width": 30,"Actual Startup Time": 5.155,"Actual Total Time": 5.167,"Actual Rows": 390,"Actual Loops": 5,"Hash Buckets": 1024,"Original Hash Buckets": 1024,"Hash Batches": 1,"Original Hash Batches": 1,"Peak Memory Usage": 33,"Workers": [],"Plans": [{"Node Type": "Nested Loop","Parent Relationship": "Outer","Parallel Aware": false,"Async Capable": false,"Join Type": "Inner","Startup Cost": 7.38,"Total Cost": 244.58,"Plan Rows": 400,"Plan Width": 30,"Actual Startup Time": 0.295,"Actual Total Time": 4.960,"Actual Rows": 390,"Actual Loops": 5,"Inner Unique": false,"Workers": [],"Plans": [{"Node Type": "Seq Scan","Parent Relationship": "Outer","Parallel Aware": false,"Async Capable": false,"Relation Name": "nation","Alias": "nation","Startup Cost": 0.00,"Total Cost": 1.31,"Plan Rows": 1,"Plan Width": 4,"Actual Startup Time": 0.065,"Actual Total Time": 0.070,"Actual Rows": 1,"Actual Loops": 5,"Filter": "(n_name = 'UNITED KINGDOM'::bpchar)","Rows Removed by Filter": 24,"Workers": []},{"Node Type": "Bitmap Heap Scan","Parent Relationship": "Inner","Parallel Aware": false,"Async Capable": false,"Relation Name": "supplier","Alias": "supplier","Startup Cost": 7.38,"Total Cost": 239.27,"Plan Rows": 400,"Plan Width": 34,"Actual Startup Time": 0.224,"Actual Total Time": 4.798,"Actual Rows": 390,"Actual Loops": 5,"Recheck Cond": "(s_nationkey = nation.n_nationkey)","Rows Removed by Index Recheck": 0,"Exact Heap Blocks": 190,"Lossy Heap Blocks": 0,"Workers": [],"Plans": [{"Node Type": "Bitmap Index Scan","Parent Relationship": "Outer","Parallel Aware": false,"Async Capable": false,"Index Name": "idx_supplier_nation_key","Startup Cost": 0.00,"Total Cost": 7.29,"Plan Rows": 400,"Plan Width": 0,"Actual Startup Time": 0.138,"Actual Total Time": 0.139,"Actual Rows": 390,"Actual Loops": 5,"Index Cond": "(s_nationkey = nation.n_nationkey)","Workers": []}]}]}]}]},{"Node Type": "Index Scan","Parent Relationship": "Inner","Parallel Aware": false,"Async Capable": false,"Scan Direction": "Forward","Index Name": "idx_lineitem_orderkey","Relation Name": "lineitem","Alias": "l3","Startup Cost": 0.43,"Total Cost": 1.06,"Plan Rows": 6,"Plan Width": 8,"Actual Startup Time": 0.003,"Actual Total Time": 0.003,"Actual Rows": 1,"Actual Loops": 147510,"Index Cond": "(l_orderkey = l1.l_orderkey)","Rows Removed by Index Recheck": 0,"Filter": "((l_receiptdate > l_commitdate) AND (l_suppkey <> l1.l_suppkey))","Rows Removed by Filter": 1,"Workers": []}]}]},{"Node Type": "Index Scan","Parent Relationship": "Inner","Parallel Aware": false,"Async Capable": false,"Scan Direction": "Forward","Index Name": "idx_lineitem_orderkey","Relation Name": "lineitem","Alias": "l2","Startup Cost": 0.43,"Total Cost": 1.02,"Plan Rows": 17,"Plan Width": 8,"Actual Startup Time": 0.008,"Actual Total Time": 0.008,"Actual Rows": 1,"Actual Loops": 13152,"Index Cond": "(l_orderkey = l1.l_orderkey)","Rows Removed by Index Recheck": 0,"Filter": "(l_suppkey <> l1.l_suppkey)","Rows Removed by Filter": 1}]},{"Node Type": "Index Scan","Parent Relationship": "Inner","Parallel Aware": false,"Async Capable": false,"Scan Direction": "Forward","Index Name": "orders_pkey","Relation Name": "orders","Alias": "orders","Startup Cost": 0.43,"Total Cost": 0.51,"Plan Rows": 1,"Plan Width": 4,"Actual Startup Time": 0.008,"Actual Total Time": 0.008,"Actual Rows": 0,"Actual Loops": 7892,"Index Cond": "(o_orderkey = l1.l_orderkey)","Rows Removed by Index Recheck": 0,"Filter": "(o_orderstatus = 'F'::bpchar)","Rows Removed by Filter": 1}]}]}]}]},"Planning Time": 10.043,"Triggers": [],"Execution Time": 525.836}]
[{"Plan": {"Node Type": "Sort","Parallel Aware": false,"Async Capable": false,"Startup Cost": 147378.80,"Total Cost": 147378.81,"Plan Rows": 1,"Plan Width": 34,"Actual Startup Time": 510.910,"Actual Total Time": 530.461,"Actual Rows": 420,"Actual Loops": 1,"Sort Key": ["(count(*)) DESC", "supplier.s_name"],"Sort Method": "quicksort","Sort Space Used": 57,"Sort Space Type": "Memory","Plans": [{"Node Type": "Aggregate","Strategy": "Sorted","Partial Mode": "Simple","Parent Relationship": "Outer","Parallel Aware": false,"Async Capable": false,"Startup Cost": 147378.77,"Total Cost": 147378.79,"Plan Rows": 1,"Plan Width": 34,"Actual Startup Time": 509.613,"Actual Total Time": 529.683,"Actual Rows": 420,"Actual Loops": 1,"Group Key": ["supplier.s_name"],"Plans": [{"Node Type": "Sort","Parent Relationship": "Outer","Parallel Aware": false,"Async Capable": false,"Startup Cost": 147378.77,"Total Cost": 147378.78,"Plan Rows": 1,"Plan Width": 26,"Actual Startup Time": 509.594,"Actual Total Time": 529.267,"Actual Rows": 4090,"Actual Loops": 1,"Sort Key": ["supplier.s_name"],"Sort Method": "quicksort","Sort Space Used": 384,"Sort Space Type": "Memory","Plans": [{"Node Type": "Nested Loop","Parent Relationship": "Outer","Parallel Aware": false,"Async Capable": false,"Join Type": "Inner","Startup Cost": 1250.87,"Total Cost": 147378.76,"Plan Rows": 1,"Plan Width": 26,"Actual Startup Time": 4.580,"Actual Total Time": 518.201,"Actual Rows": 4090,"Actual Loops": 1,"Inner Unique": true,"Plans": [{"Node Type": "Nested Loop","Parent Relationship": "Outer","Parallel Aware": false,"Async Capable": false,"Join Type": "Semi","Startup Cost": 1250.44,"Total Cost": 147378.26,"Plan Rows": 1,"Plan Width": 34,"Actual Startup Time": 4.545,"Actual Total Time": 454.390,"Actual Rows": 8430,"Actual Loops": 1,"Inner Unique": false,"Plans": [{"Node Type": "Gather","Parent Relationship": "Outer","Parallel Aware": false,"Async Capable": false,"Startup Cost": 1250.01,"Total Cost": 147377.22,"Plan Rows": 1,"Plan Width": 34,"Actual Startup Time": 4.342,"Actual Total Time": 344.810,"Actual Rows": 14089,"Actual Loops": 1,"Workers Planned": 4,"Workers Launched": 4,"Single Copy": false,"Plans": [{"Node Type": "Nested Loop","Parent Relationship": "Outer","Parallel Aware": false,"Async Capable": false,"Join Type": "Anti","Startup Cost": 250.01,"Total Cost": 146377.12,"Plan Rows": 1,"Plan Width": 34,"Actual Startup Time": 5.491,"Actual Total Time": 451.438,"Actual Rows": 2818,"Actual Loops": 5,"Inner Unique": false,"Workers": [],"Plans": [{"Node Type": "Hash Join","Parent Relationship": "Outer","Parallel Aware": false,"Async Capable": false,"Join Type": "Inner","Startup Cost": 249.58,"Total Cost": 133581.65,"Plan Rows": 19990,"Plan Width": 34,"Actual Startup Time": 5.196,"Actual Total Time": 357.512,"Actual Rows": 31960,"Actual Loops": 5,"Inner Unique": false,"Hash Cond": "(l1.l_suppkey = supplier.s_suppkey)","Workers": [],"Plans": [{"Node Type": "Seq Scan","Parent Relationship": "Outer","Parallel Aware": true,"Async Capable": false,"Relation Name": "lineitem","Alias": "l1","Startup Cost": 0.00,"Total Cost": 131256.80,"Plan Rows": 500101,"Plan Width": 8,"Actual Startup Time": 0.027,"Actual Total Time": 305.923,"Actual Rows": 758659,"Actual Loops": 5,"Filter": "(l_receiptdate > l_commitdate)","Rows Removed by Filter": 441584,"Workers": []},{"Node Type": "Hash","Parent Relationship": "Inner","Parallel Aware": false,"Async Capable": false,"Startup Cost": 244.58,"Total Cost": 244.58,"Plan Rows": 400,"Plan Width": 30,"Actual Startup Time": 4.831,"Actual Total Time": 4.844,"Actual Rows": 420,"Actual Loops": 5,"Hash Buckets": 1024,"Original Hash Buckets": 1024,"Hash Batches": 1,"Original Hash Batches": 1,"Peak Memory Usage": 35,"Workers": [],"Plans": [{"Node Type": "Nested Loop","Parent Relationship": "Outer","Parallel Aware": false,"Async Capable": false,"Join Type": "Inner","Startup Cost": 7.38,"Total Cost": 244.58,"Plan Rows": 400,"Plan Width": 30,"Actual Startup Time": 0.275,"Actual Total Time": 4.655,"Actual Rows": 420,"Actual Loops": 5,"Inner Unique": false,"Workers": [],"Plans": [{"Node Type": "Seq Scan","Parent Relationship": "Outer","Parallel Aware": false,"Async Capable": false,"Relation Name": "nation","Alias": "nation","Startup Cost": 0.00,"Total Cost": 1.31,"Plan Rows": 1,"Plan Width": 4,"Actual Startup Time": 0.047,"Actual Total Time": 0.057,"Actual Rows": 1,"Actual Loops": 5,"Filter": "(n_name = 'ALGERIA'::bpchar)","Rows Removed by Filter": 24,"Workers": []},{"Node Type": "Bitmap Heap Scan","Parent Relationship": "Inner","Parallel Aware": false,"Async Capable": false,"Relation Name": "supplier","Alias": "supplier","Startup Cost": 7.38,"Total Cost": 239.27,"Plan Rows": 400,"Plan Width": 34,"Actual Startup Time": 0.222,"Actual Total Time": 4.505,"Actual Rows": 420,"Actual Loops": 5,"Recheck Cond": "(s_nationkey = nation.n_nationkey)","Rows Removed by Index Recheck": 0,"Exact Heap Blocks": 197,"Lossy Heap Blocks": 0,"Workers": [],"Plans": [{"Node Type": "Bitmap Index Scan","Parent Relationship": "Outer","Parallel Aware": false,"Async Capable": false,"Index Name": "idx_supplier_nation_key","Startup Cost": 0.00,"Total Cost": 7.29,"Plan Rows": 400,"Plan Width": 0,"Actual Startup Time": 0.137,"Actual Total Time": 0.140,"Actual Rows": 420,"Actual Loops": 5,"Index Cond": "(s_nationkey = nation.n_nationkey)","Workers": []}]}]}]}]},{"Node Type": "Index Scan","Parent Relationship": "Inner","Parallel Aware": false,"Async Capable": false,"Scan Direction": "Forward","Index Name": "idx_lineitem_orderkey","Relation Name": "lineitem","Alias": "l3","Startup Cost": 0.43,"Total Cost": 1.06,"Plan Rows": 6,"Plan Width": 8,"Actual Startup Time": 0.003,"Actual Total Time": 0.003,"Actual Rows": 1,"Actual Loops": 159800,"Index Cond": "(l_orderkey = l1.l_orderkey)","Rows Removed by Index Recheck": 0,"Filter": "((l_receiptdate > l_commitdate) AND (l_suppkey <> l1.l_suppkey))","Rows Removed by Filter": 1,"Workers": []}]}]},{"Node Type": "Index Scan","Parent Relationship": "Inner","Parallel Aware": false,"Async Capable": false,"Scan Direction": "Forward","Index Name": "idx_lineitem_orderkey","Relation Name": "lineitem","Alias": "l2","Startup Cost": 0.43,"Total Cost": 1.02,"Plan Rows": 17,"Plan Width": 8,"Actual Startup Time": 0.007,"Actual Total Time": 0.007,"Actual Rows": 1,"Actual Loops": 14089,"Index Cond": "(l_orderkey = l1.l_orderkey)","Rows Removed by Index Recheck": 0,"Filter": "(l_suppkey <> l1.l_suppkey)","Rows Removed by Filter": 1}]},{"Node Type": "Index Scan","Parent Relationship": "Inner","Parallel Aware": false,"Async Capable": false,"Scan Direction": "Forward","Index Name": "orders_pkey","Relation Name": "orders","Alias": "orders","Startup Cost": 0.43,"Total Cost": 0.51,"Plan Rows": 1,"Plan Width": 4,"Actual Startup Time": 0.007,"Actual Total Time": 0.007,"Actual Rows": 0,"Actual Loops": 8430,"Index Cond": "(o_orderkey = l1.l_orderkey)","Rows Removed by Index Recheck": 0,"Filter": "(o_orderstatus = 'F'::bpchar)","Rows Removed by Filter": 1}]}]}]}]},"Planning Time": 9.770,"Triggers": [],"Execution Time": 531.084}]
[{"Plan": {"Node Type": "Sort","Parallel Aware": false,"Async Capable": false,"Startup Cost": 147378.80,"Total Cost": 147378.81,"Plan Rows": 1,"Plan Width": 34,"Actual Startup Time": 495.675,"Actual Total Time": 514.954,"Actual Rows": 398,"Actual Loops": 1,"Sort Key": ["(count(*)) DESC", "supplier.s_name"],"Sort Method": "quicksort","Sort Space Used": 56,"Sort Space Type": "Memory","Plans": [{"Node Type": "Aggregate","Strategy": "Sorted","Partial Mode": "Simple","Parent Relationship": "Outer","Parallel Aware": false,"Async Capable": false,"Startup Cost": 147378.77,"Total Cost": 147378.79,"Plan Rows": 1,"Plan Width": 34,"Actual Startup Time": 494.471,"Actual Total Time": 514.270,"Actual Rows": 398,"Actual Loops": 1,"Group Key": ["supplier.s_name"],"Plans": [{"Node Type": "Sort","Parent Relationship": "Outer","Parallel Aware": false,"Async Capable": false,"Startup Cost": 147378.77,"Total Cost": 147378.78,"Plan Rows": 1,"Plan Width": 26,"Actual Startup Time": 494.457,"Actual Total Time": 513.859,"Actual Rows": 4033,"Actual Loops": 1,"Sort Key": ["supplier.s_name"],"Sort Method": "quicksort","Sort Space Used": 380,"Sort Space Type": "Memory","Plans": [{"Node Type": "Nested Loop","Parent Relationship": "Outer","Parallel Aware": false,"Async Capable": false,"Join Type": "Inner","Startup Cost": 1250.87,"Total Cost": 147378.76,"Plan Rows": 1,"Plan Width": 26,"Actual Startup Time": 5.438,"Actual Total Time": 502.238,"Actual Rows": 4033,"Actual Loops": 1,"Inner Unique": true,"Plans": [{"Node Type": "Nested Loop","Parent Relationship": "Outer","Parallel Aware": false,"Async Capable": false,"Join Type": "Semi","Startup Cost": 1250.44,"Total Cost": 147378.26,"Plan Rows": 1,"Plan Width": 34,"Actual Startup Time": 5.342,"Actual Total Time": 438.031,"Actual Rows": 8241,"Actual Loops": 1,"Inner Unique": false,"Plans": [{"Node Type": "Gather","Parent Relationship": "Outer","Parallel Aware": false,"Async Capable": false,"Startup Cost": 1250.01,"Total Cost": 147377.22,"Plan Rows": 1,"Plan Width": 34,"Actual Startup Time": 5.330,"Actual Total Time": 330.100,"Actual Rows": 13657,"Actual Loops": 1,"Workers Planned": 4,"Workers Launched": 4,"Single Copy": false,"Plans": [{"Node Type": "Nested Loop","Parent Relationship": "Outer","Parallel Aware": false,"Async Capable": false,"Join Type": "Anti","Startup Cost": 250.01,"Total Cost": 146377.12,"Plan Rows": 1,"Plan Width": 34,"Actual Startup Time": 5.586,"Actual Total Time": 437.639,"Actual Rows": 2731,"Actual Loops": 5,"Inner Unique": false,"Workers": [],"Plans": [{"Node Type": "Hash Join","Parent Relationship": "Outer","Parallel Aware": false,"Async Capable": false,"Join Type": "Inner","Startup Cost": 249.58,"Total Cost": 133581.65,"Plan Rows": 19990,"Plan Width": 34,"Actual Startup Time": 4.860,"Actual Total Time": 349.886,"Actual Rows": 30149,"Actual Loops": 5,"Inner Unique": false,"Hash Cond": "(l1.l_suppkey = supplier.s_suppkey)","Workers": [],"Plans": [{"Node Type": "Seq Scan","Parent Relationship": "Outer","Parallel Aware": true,"Async Capable": false,"Relation Name": "lineitem","Alias": "l1","Startup Cost": 0.00,"Total Cost": 131256.80,"Plan Rows": 500101,"Plan Width": 8,"Actual Startup Time": 0.029,"Actual Total Time": 298.079,"Actual Rows": 758659,"Actual Loops": 5,"Filter": "(l_receiptdate > l_commitdate)","Rows Removed by Filter": 441584,"Workers": []},{"Node Type": "Hash","Parent Relationship": "Inner","Parallel Aware": false,"Async Capable": false,"Startup Cost": 244.58,"Total Cost": 244.58,"Plan Rows": 400,"Plan Width": 30,"Actual Startup Time": 4.540,"Actual Total Time": 4.550,"Actual Rows": 398,"Actual Loops": 5,"Hash Buckets": 1024,"Original Hash Buckets": 1024,"Hash Batches": 1,"Original Hash Batches": 1,"Peak Memory Usage": 33,"Workers": [],"Plans": [{"Node Type": "Nested Loop","Parent Relationship": "Outer","Parallel Aware": false,"Async Capable": false,"Join Type": "Inner","Startup Cost": 7.38,"Total Cost": 244.58,"Plan Rows": 400,"Plan Width": 30,"Actual Startup Time": 0.267,"Actual Total Time": 4.371,"Actual Rows": 398,"Actual Loops": 5,"Inner Unique": false,"Workers": [],"Plans": [{"Node Type": "Seq Scan","Parent Relationship": "Outer","Parallel Aware": false,"Async Capable": false,"Relation Name": "nation","Alias": "nation","Startup Cost": 0.00,"Total Cost": 1.31,"Plan Rows": 1,"Plan Width": 4,"Actual Startup Time": 0.059,"Actual Total Time": 0.062,"Actual Rows": 1,"Actual Loops": 5,"Filter": "(n_name = 'ROMANIA'::bpchar)","Rows Removed by Filter": 24,"Workers": []},{"Node Type": "Bitmap Heap Scan","Parent Relationship": "Inner","Parallel Aware": false,"Async Capable": false,"Relation Name": "supplier","Alias": "supplier","Startup Cost": 7.38,"Total Cost": 239.27,"Plan Rows": 400,"Plan Width": 34,"Actual Startup Time": 0.204,"Actual Total Time": 4.227,"Actual Rows": 398,"Actual Loops": 5,"Recheck Cond": "(s_nationkey = nation.n_nationkey)","Rows Removed by Index Recheck": 0,"Exact Heap Blocks": 186,"Lossy Heap Blocks": 0,"Workers": [],"Plans": [{"Node Type": "Bitmap Index Scan","Parent Relationship": "Outer","Parallel Aware": false,"Async Capable": false,"Index Name": "idx_supplier_nation_key","Startup Cost": 0.00,"Total Cost": 7.29,"Plan Rows": 400,"Plan Width": 0,"Actual Startup Time": 0.126,"Actual Total Time": 0.128,"Actual Rows": 398,"Actual Loops": 5,"Index Cond": "(s_nationkey = nation.n_nationkey)","Workers": []}]}]}]}]},{"Node Type": "Index Scan","Parent Relationship": "Inner","Parallel Aware": false,"Async Capable": false,"Scan Direction": "Forward","Index Name": "idx_lineitem_orderkey","Relation Name": "lineitem","Alias": "l3","Startup Cost": 0.43,"Total Cost": 1.06,"Plan Rows": 6,"Plan Width": 8,"Actual Startup Time": 0.003,"Actual Total Time": 0.003,"Actual Rows": 1,"Actual Loops": 150746,"Index Cond": "(l_orderkey = l1.l_orderkey)","Rows Removed by Index Recheck": 0,"Filter": "((l_receiptdate > l_commitdate) AND (l_suppkey <> l1.l_suppkey))","Rows Removed by Filter": 1,"Workers": []}]}]},{"Node Type": "Index Scan","Parent Relationship": "Inner","Parallel Aware": false,"Async Capable": false,"Scan Direction": "Forward","Index Name": "idx_lineitem_orderkey","Relation Name": "lineitem","Alias": "l2","Startup Cost": 0.43,"Total Cost": 1.02,"Plan Rows": 17,"Plan Width": 8,"Actual Startup Time": 0.007,"Actual Total Time": 0.007,"Actual Rows": 1,"Actual Loops": 13657,"Index Cond": "(l_orderkey = l1.l_orderkey)","Rows Removed by Index Recheck": 0,"Filter": "(l_suppkey <> l1.l_suppkey)","Rows Removed by Filter": 1}]},{"Node Type": "Index Scan","Parent Relationship": "Inner","Parallel Aware": false,"Async Capable": false,"Scan Direction": "Forward","Index Name": "orders_pkey","Relation Name": "orders","Alias": "orders","Startup Cost": 0.43,"Total Cost": 0.51,"Plan Rows": 1,"Plan Width": 4,"Actual Startup Time": 0.008,"Actual Total Time": 0.008,"Actual Rows": 0,"Actual Loops": 8241,"Index Cond": "(o_orderkey = l1.l_orderkey)","Rows Removed by Index Recheck": 0,"Filter": "(o_orderstatus = 'F'::bpchar)","Rows Removed by Filter": 1}]}]}]}]},"Planning Time": 9.721,"Triggers": [],"Execution Time": 515.552}]
[{"Plan": {"Node Type": "Sort","Parallel Aware": false,"Async Capable": false,"Startup Cost": 147378.80,"Total Cost": 147378.81,"Plan Rows": 1,"Plan Width": 34,"Actual Startup Time": 493.231,"Actual Total Time": 511.674,"Actual Rows": 376,"Actual Loops": 1,"Sort Key": ["(count(*)) DESC", "supplier.s_name"],"Sort Method": "quicksort","Sort Space Used": 54,"Sort Space Type": "Memory","Plans": [{"Node Type": "Aggregate","Strategy": "Sorted","Partial Mode": "Simple","Parent Relationship": "Outer","Parallel Aware": false,"Async Capable": false,"Startup Cost": 147378.77,"Total Cost": 147378.79,"Plan Rows": 1,"Plan Width": 34,"Actual Startup Time": 492.079,"Actual Total Time": 510.997,"Actual Rows": 376,"Actual Loops": 1,"Group Key": ["supplier.s_name"],"Plans": [{"Node Type": "Sort","Parent Relationship": "Outer","Parallel Aware": false,"Async Capable": false,"Startup Cost": 147378.77,"Total Cost": 147378.78,"Plan Rows": 1,"Plan Width": 26,"Actual Startup Time": 492.053,"Actual Total Time": 510.609,"Actual Rows": 3697,"Actual Loops": 1,"Sort Key": ["supplier.s_name"],"Sort Method": "quicksort","Sort Space Used": 356,"Sort Space Type": "Memory","Plans": [{"Node Type": "Nested Loop","Parent Relationship": "Outer","Parallel Aware": false,"Async Capable": false,"Join Type": "Inner","Startup Cost": 1250.87,"Total Cost": 147378.76,"Plan Rows": 1,"Plan Width": 26,"Actual Startup Time": 5.656,"Actual Total Time": 499.948,"Actual Rows": 3697,"Actual Loops": 1,"Inner Unique": true,"Plans": [{"Node Type": "Nested Loop","Parent Relationship": "Outer","Parallel Aware": false,"Async Capable": false,"Join Type": "Semi","Startup Cost": 1250.44,"Total Cost": 147378.26,"Plan Rows": 1,"Plan Width": 34,"Actual Startup Time": 5.611,"Actual Total Time": 438.655,"Actual Rows": 7589,"Actual Loops": 1,"Inner Unique": false,"Plans": [{"Node Type": "Gather","Parent Relationship": "Outer","Parallel Aware": false,"Async Capable": false,"Startup Cost": 1250.01,"Total Cost": 147377.22,"Plan Rows": 1,"Plan Width": 34,"Actual Startup Time": 4.591,"Actual Total Time": 336.749,"Actual Rows": 12677,"Actual Loops": 1,"Workers Planned": 4,"Workers Launched": 4,"Single Copy": false,"Plans": [{"Node Type": "Nested Loop","Parent Relationship": "Outer","Parallel Aware": false,"Async Capable": false,"Join Type": "Anti","Startup Cost": 250.01,"Total Cost": 146377.12,"Plan Rows": 1,"Plan Width": 34,"Actual Startup Time": 5.313,"Actual Total Time": 436.446,"Actual Rows": 2535,"Actual Loops": 5,"Inner Unique": false,"Workers": [],"Plans": [{"Node Type": "Hash Join","Parent Relationship": "Outer","Parallel Aware": false,"Async Capable": false,"Join Type": "Inner","Startup Cost": 249.58,"Total Cost": 133581.65,"Plan Rows": 19990,"Plan Width": 34,"Actual Startup Time": 5.158,"Actual Total Time": 352.526,"Actual Rows": 28439,"Actual Loops": 5,"Inner Unique": false,"Hash Cond": "(l1.l_suppkey = supplier.s_suppkey)","Workers": [],"Plans": [{"Node Type": "Seq Scan","Parent Relationship": "Outer","Parallel Aware": true,"Async Capable": false,"Relation Name": "lineitem","Alias": "l1","Startup Cost": 0.00,"Total Cost": 131256.80,"Plan Rows": 500101,"Plan Width": 8,"Actual Startup Time": 0.028,"Actual Total Time": 300.563,"Actual Rows": 758659,"Actual Loops": 5,"Filter": "(l_receiptdate > l_commitdate)","Rows Removed by Filter": 441584,"Workers": []},{"Node Type": "Hash","Parent Relationship": "Inner","Parallel Aware": false,"Async Capable": false,"Startup Cost": 244.58,"Total Cost": 244.58,"Plan Rows": 400,"Plan Width": 30,"Actual Startup Time": 4.780,"Actual Total Time": 4.790,"Actual Rows": 376,"Actual Loops": 5,"Hash Buckets": 1024,"Original Hash Buckets": 1024,"Hash Batches": 1,"Original Hash Batches": 1,"Peak Memory Usage": 32,"Workers": [],"Plans": [{"Node Type": "Nested Loop","Parent Relationship": "Outer","Parallel Aware": false,"Async Capable": false,"Join Type": "Inner","Startup Cost": 7.38,"Total Cost": 244.58,"Plan Rows": 400,"Plan Width": 30,"Actual Startup Time": 0.359,"Actual Total Time": 4.625,"Actual Rows": 376,"Actual Loops": 5,"Inner Unique": false,"Workers": [],"Plans": [{"Node Type": "Seq Scan","Parent Relationship": "Outer","Parallel Aware": false,"Async Capable": false,"Relation Name": "nation","Alias": "nation","Startup Cost": 0.00,"Total Cost": 1.31,"Plan Rows": 1,"Plan Width": 4,"Actual Startup Time": 0.066,"Actual Total Time": 0.070,"Actual Rows": 1,"Actual Loops": 5,"Filter": "(n_name = 'KENYA'::bpchar)","Rows Removed by Filter": 24,"Workers": []},{"Node Type": "Bitmap Heap Scan","Parent Relationship": "Inner","Parallel Aware": false,"Async Capable": false,"Relation Name": "supplier","Alias": "supplier","Startup Cost": 7.38,"Total Cost": 239.27,"Plan Rows": 400,"Plan Width": 34,"Actual Startup Time": 0.287,"Actual Total Time": 4.480,"Actual Rows": 376,"Actual Loops": 5,"Recheck Cond": "(s_nationkey = nation.n_nationkey)","Rows Removed by Index Recheck": 0,"Exact Heap Blocks": 179,"Lossy Heap Blocks": 0,"Workers": [],"Plans": [{"Node Type": "Bitmap Index Scan","Parent Relationship": "Outer","Parallel Aware": false,"Async Capable": false,"Index Name": "idx_supplier_nation_key","Startup Cost": 0.00,"Total Cost": 7.29,"Plan Rows": 400,"Plan Width": 0,"Actual Startup Time": 0.181,"Actual Total Time": 0.182,"Actual Rows": 376,"Actual Loops": 5,"Index Cond": "(s_nationkey = nation.n_nationkey)","Workers": []}]}]}]}]},{"Node Type": "Index Scan","Parent Relationship": "Inner","Parallel Aware": false,"Async Capable": false,"Scan Direction": "Forward","Index Name": "idx_lineitem_orderkey","Relation Name": "lineitem","Alias": "l3","Startup Cost": 0.43,"Total Cost": 1.06,"Plan Rows": 6,"Plan Width": 8,"Actual Startup Time": 0.003,"Actual Total Time": 0.003,"Actual Rows": 1,"Actual Loops": 142196,"Index Cond": "(l_orderkey = l1.l_orderkey)","Rows Removed by Index Recheck": 0,"Filter": "((l_receiptdate > l_commitdate) AND (l_suppkey <> l1.l_suppkey))","Rows Removed by Filter": 1,"Workers": []}]}]},{"Node Type": "Index Scan","Parent Relationship": "Inner","Parallel Aware": false,"Async Capable": false,"Scan Direction": "Forward","Index Name": "idx_lineitem_orderkey","Relation Name": "lineitem","Alias": "l2","Startup Cost": 0.43,"Total Cost": 1.02,"Plan Rows": 17,"Plan Width": 8,"Actual Startup Time": 0.008,"Actual Total Time": 0.008,"Actual Rows": 1,"Actual Loops": 12677,"Index Cond": "(l_orderkey = l1.l_orderkey)","Rows Removed by Index Recheck": 0,"Filter": "(l_suppkey <> l1.l_suppkey)","Rows Removed by Filter": 1}]},{"Node Type": "Index Scan","Parent Relationship": "Inner","Parallel Aware": false,"Async Capable": false,"Scan Direction": "Forward","Index Name": "orders_pkey","Relation Name": "orders","Alias": "orders","Startup Cost": 0.43,"Total Cost": 0.51,"Plan Rows": 1,"Plan Width": 4,"Actual Startup Time": 0.008,"Actual Total Time": 0.008,"Actual Rows": 0,"Actual Loops": 7589,"Index Cond": "(o_orderkey = l1.l_orderkey)","Rows Removed by Index Recheck": 0,"Filter": "(o_orderstatus = 'F'::bpchar)","Rows Removed by Filter": 1}]}]}]}]},"Planning Time": 8.298,"Triggers": [],"Execution Time": 512.274}]
[{"Plan": {"Node Type": "Sort","Parallel Aware": false,"Async Capable": false,"Startup Cost": 147378.80,"Total Cost": 147378.81,"Plan Rows": 1,"Plan Width": 34,"Actual Startup Time": 507.691,"Actual Total Time": 527.119,"Actual Rows": 411,"Actual Loops": 1,"Sort Key": ["(count(*)) DESC", "supplier.s_name"],"Sort Method": "quicksort","Sort Space Used": 57,"Sort Space Type": "Memory","Plans": [{"Node Type": "Aggregate","Strategy": "Sorted","Partial Mode": "Simple","Parent Relationship": "Outer","Parallel Aware": false,"Async Capable": false,"Startup Cost": 147378.77,"Total Cost": 147378.79,"Plan Rows": 1,"Plan Width": 34,"Actual Startup Time": 506.441,"Actual Total Time": 526.395,"Actual Rows": 411,"Actual Loops": 1,"Group Key": ["supplier.s_name"],"Plans": [{"Node Type": "Sort","Parent Relationship": "Outer","Parallel Aware": false,"Async Capable": false,"Startup Cost": 147378.77,"Total Cost": 147378.78,"Plan Rows": 1,"Plan Width": 26,"Actual Startup Time": 506.413,"Actual Total Time": 525.969,"Actual Rows": 4141,"Actual Loops": 1,"Sort Key": ["supplier.s_name"],"Sort Method": "quicksort","Sort Space Used": 484,"Sort Space Type": "Memory","Plans": [{"Node Type": "Nested Loop","Parent Relationship": "Outer","Parallel Aware": false,"Async Capable": false,"Join Type": "Inner","Startup Cost": 1250.87,"Total Cost": 147378.76,"Plan Rows": 1,"Plan Width": 26,"Actual Startup Time": 4.973,"Actual Total Time": 514.878,"Actual Rows": 4141,"Actual Loops": 1,"Inner Unique": true,"Plans": [{"Node Type": "Nested Loop","Parent Relationship": "Outer","Parallel Aware": false,"Async Capable": false,"Join Type": "Semi","Startup Cost": 1250.44,"Total Cost": 147378.26,"Plan Rows": 1,"Plan Width": 34,"Actual Startup Time": 4.329,"Actual Total Time": 453.804,"Actual Rows": 8357,"Actual Loops": 1,"Inner Unique": false,"Plans": [{"Node Type": "Gather","Parent Relationship": "Outer","Parallel Aware": false,"Async Capable": false,"Startup Cost": 1250.01,"Total Cost": 147377.22,"Plan Rows": 1,"Plan Width": 34,"Actual Startup Time": 4.312,"Actual Total Time": 350.336,"Actual Rows": 13859,"Actual Loops": 1,"Workers Planned": 4,"Workers Launched": 4,"Single Copy": false,"Plans": [{"Node Type": "Nested Loop","Parent Relationship": "Outer","Parallel Aware": false,"Async Capable": false,"Join Type": "Anti","Startup Cost": 250.01,"Total Cost": 146377.12,"Plan Rows": 1,"Plan Width": 34,"Actual Startup Time": 4.818,"Actual Total Time": 450.256,"Actual Rows": 2772,"Actual Loops": 5,"Inner Unique": false,"Workers": [],"Plans": [{"Node Type": "Hash Join","Parent Relationship": "Outer","Parallel Aware": false,"Async Capable": false,"Join Type": "Inner","Startup Cost": 249.58,"Total Cost": 133581.65,"Plan Rows": 19990,"Plan Width": 34,"Actual Startup Time": 4.474,"Actual Total Time": 357.672,"Actual Rows": 31348,"Actual Loops": 5,"Inner Unique": false,"Hash Cond": "(l1.l_suppkey = supplier.s_suppkey)","Workers": [],"Plans": [{"Node Type": "Seq Scan","Parent Relationship": "Outer","Parallel Aware": true,"Async Capable": false,"Relation Name": "lineitem","Alias": "l1","Startup Cost": 0.00,"Total Cost": 131256.80,"Plan Rows": 500101,"Plan Width": 8,"Actual Startup Time": 0.028,"Actual Total Time": 306.873,"Actual Rows": 758659,"Actual Loops": 5,"Filter": "(l_receiptdate > l_commitdate)","Rows Removed by Filter": 441584,"Workers": []},{"Node Type": "Hash","Parent Relationship": "Inner","Parallel Aware": false,"Async Capable": false,"Startup Cost": 244.58,"Total Cost": 244.58,"Plan Rows": 400,"Plan Width": 30,"Actual Startup Time": 4.175,"Actual Total Time": 4.188,"Actual Rows": 411,"Actual Loops": 5,"Hash Buckets": 1024,"Original Hash Buckets": 1024,"Hash Batches": 1,"Original Hash Batches": 1,"Peak Memory Usage": 34,"Workers": [],"Plans": [{"Node Type": "Nested Loop","Parent Relationship": "Outer","Parallel Aware": false,"Async Capable": false,"Join Type": "Inner","Startup Cost": 7.38,"Total Cost": 244.58,"Plan Rows": 400,"Plan Width": 30,"Actual Startup Time": 0.256,"Actual Total Time": 4.027,"Actual Rows": 411,"Actual Loops": 5,"Inner Unique": false,"Workers": [],"Plans": [{"Node Type": "Seq Scan","Parent Relationship": "Outer","Parallel Aware": false,"Async Capable": false,"Relation Name": "nation","Alias": "nation","Startup Cost": 0.00,"Total Cost": 1.31,"Plan Rows": 1,"Plan Width": 4,"Actual Startup Time": 0.047,"Actual Total Time": 0.051,"Actual Rows": 1,"Actual Loops": 5,"Filter": "(n_name = 'SAUDI ARABIA'::bpchar)","Rows Removed by Filter": 24,"Workers": []},{"Node Type": "Bitmap Heap Scan","Parent Relationship": "Inner","Parallel Aware": false,"Async Capable": false,"Relation Name": "supplier","Alias": "supplier","Startup Cost": 7.38,"Total Cost": 239.27,"Plan Rows": 400,"Plan Width": 34,"Actual Startup Time": 0.204,"Actual Total Time": 3.890,"Actual Rows": 411,"Actual Loops": 5,"Recheck Cond": "(s_nationkey = nation.n_nationkey)","Rows Removed by Index Recheck": 0,"Exact Heap Blocks": 182,"Lossy Heap Blocks": 0,"Workers": [],"Plans": [{"Node Type": "Bitmap Index Scan","Parent Relationship": "Outer","Parallel Aware": false,"Async Capable": false,"Index Name": "idx_supplier_nation_key","Startup Cost": 0.00,"Total Cost": 7.29,"Plan Rows": 400,"Plan Width": 0,"Actual Startup Time": 0.143,"Actual Total Time": 0.145,"Actual Rows": 411,"Actual Loops": 5,"Index Cond": "(s_nationkey = nation.n_nationkey)","Workers": []}]}]}]}]},{"Node Type": "Index Scan","Parent Relationship": "Inner","Parallel Aware": false,"Async Capable": false,"Scan Direction": "Forward","Index Name": "idx_lineitem_orderkey","Relation Name": "lineitem","Alias": "l3","Startup Cost": 0.43,"Total Cost": 1.06,"Plan Rows": 6,"Plan Width": 8,"Actual Startup Time": 0.003,"Actual Total Time": 0.003,"Actual Rows": 1,"Actual Loops": 156739,"Index Cond": "(l_orderkey = l1.l_orderkey)","Rows Removed by Index Recheck": 0,"Filter": "((l_receiptdate > l_commitdate) AND (l_suppkey <> l1.l_suppkey))","Rows Removed by Filter": 1,"Workers": []}]}]},{"Node Type": "Index Scan","Parent Relationship": "Inner","Parallel Aware": false,"Async Capable": false,"Scan Direction": "Forward","Index Name": "idx_lineitem_orderkey","Relation Name": "lineitem","Alias": "l2","Startup Cost": 0.43,"Total Cost": 1.02,"Plan Rows": 17,"Plan Width": 8,"Actual Startup Time": 0.007,"Actual Total Time": 0.007,"Actual Rows": 1,"Actual Loops": 13859,"Index Cond": "(l_orderkey = l1.l_orderkey)","Rows Removed by Index Recheck": 0,"Filter": "(l_suppkey <> l1.l_suppkey)","Rows Removed by Filter": 1}]},{"Node Type": "Index Scan","Parent Relationship": "Inner","Parallel Aware": false,"Async Capable": false,"Scan Direction": "Forward","Index Name": "orders_pkey","Relation Name": "orders","Alias": "orders","Startup Cost": 0.43,"Total Cost": 0.51,"Plan Rows": 1,"Plan Width": 4,"Actual Startup Time": 0.007,"Actual Total Time": 0.007,"Actual Rows": 0,"Actual Loops": 8357,"Index Cond": "(o_orderkey = l1.l_orderkey)","Rows Removed by Index Recheck": 0,"Filter": "(o_orderstatus = 'F'::bpchar)","Rows Removed by Filter": 1}]}]}]}]},"Planning Time": 9.483,"Triggers": [],"Execution Time": 527.804}]
[{"Plan": {"Node Type": "Sort","Parallel Aware": false,"Async Capable": false,"Startup Cost": 147378.80,"Total Cost": 147378.81,"Plan Rows": 1,"Plan Width": 34,"Actual Startup Time": 495.675,"Actual Total Time": 514.954,"Actual Rows": 398,"Actual Loops": 1,"Sort Key": ["(count(*)) DESC", "supplier.s_name"],"Sort Method": "quicksort","Sort Space Used": 56,"Sort Space Type": "Memory","Plans": [{"Node Type": "Aggregate","Strategy": "Sorted","Partial Mode": "Simple","Parent Relationship": "Outer","Parallel Aware": false,"Async Capable": false,"Startup Cost": 147378.77,"Total Cost": 147378.79,"Plan Rows": 1,"Plan Width": 34,"Actual Startup Time": 494.471,"Actual Total Time": 514.270,"Actual Rows": 398,"Actual Loops": 1,"Group Key": ["supplier.s_name"],"Plans": [{"Node Type": "Sort","Parent Relationship": "Outer","Parallel Aware": false,"Async Capable": false,"Startup Cost": 147378.77,"Total Cost": 147378.78,"Plan Rows": 1,"Plan Width": 26,"Actual Startup Time": 494.457,"Actual Total Time": 513.859,"Actual Rows": 4033,"Actual Loops": 1,"Sort Key": ["supplier.s_name"],"Sort Method": "quicksort","Sort Space Used": 380,"Sort Space Type": "Memory","Plans": [{"Node Type": "Nested Loop","Parent Relationship": "Outer","Parallel Aware": false,"Async Capable": false,"Join Type": "Inner","Startup Cost": 1250.87,"Total Cost": 147378.76,"Plan Rows": 1,"Plan Width": 26,"Actual Startup Time": 5.438,"Actual Total Time": 502.238,"Actual Rows": 4033,"Actual Loops": 1,"Inner Unique": true,"Plans": [{"Node Type": "Nested Loop","Parent Relationship": "Outer","Parallel Aware": false,"Async Capable": false,"Join Type": "Semi","Startup Cost": 1250.44,"Total Cost": 147378.26,"Plan Rows": 1,"Plan Width": 34,"Actual Startup Time": 5.342,"Actual Total Time": 438.031,"Actual Rows": 8241,"Actual Loops": 1,"Inner Unique": false,"Plans": [{"Node Type": "Gather","Parent Relationship": "Outer","Parallel Aware": false,"Async Capable": false,"Startup Cost": 1250.01,"Total Cost": 147377.22,"Plan Rows": 1,"Plan Width": 34,"Actual Startup Time": 5.330,"Actual Total Time": 330.100,"Actual Rows": 13657,"Actual Loops": 1,"Workers Planned": 4,"Workers Launched": 4,"Single Copy": false,"Plans": [{"Node Type": "Nested Loop","Parent Relationship": "Outer","Parallel Aware": false,"Async Capable": false,"Join Type": "Anti","Startup Cost": 250.01,"Total Cost": 146377.12,"Plan Rows": 1,"Plan Width": 34,"Actual Startup Time": 5.586,"Actual Total Time": 437.639,"Actual Rows": 2731,"Actual Loops": 5,"Inner Unique": false,"Workers": [],"Plans": [{"Node Type": "Hash Join","Parent Relationship": "Outer","Parallel Aware": false,"Async Capable": false,"Join Type": "Inner","Startup Cost": 249.58,"Total Cost": 133581.65,"Plan Rows": 19990,"Plan Width": 34,"Actual Startup Time": 4.860,"Actual Total Time": 349.886,"Actual Rows": 30149,"Actual Loops": 5,"Inner Unique": false,"Hash Cond": "(l1.l_suppkey = supplier.s_suppkey)","Workers": [],"Plans": [{"Node Type": "Seq Scan","Parent Relationship": "Outer","Parallel Aware": true,"Async Capable": false,"Relation Name": "lineitem","Alias": "l1","Startup Cost": 0.00,"Total Cost": 131256.80,"Plan Rows": 500101,"Plan Width": 8,"Actual Startup Time": 0.029,"Actual Total Time": 298.079,"Actual Rows": 758659,"Actual Loops": 5,"Filter": "(l_receiptdate > l_commitdate)","Rows Removed by Filter": 441584,"Workers": []},{"Node Type": "Hash","Parent Relationship": "Inner","Parallel Aware": false,"Async Capable": false,"Startup Cost": 244.58,"Total Cost": 244.58,"Plan Rows": 400,"Plan Width": 30,"Actual Startup Time": 4.540,"Actual Total Time": 4.550,"Actual Rows": 398,"Actual Loops": 5,"Hash Buckets": 1024,"Original Hash Buckets": 1024,"Hash Batches": 1,"Original Hash Batches": 1,"Peak Memory Usage": 33,"Workers": [],"Plans": [{"Node Type": "Nested Loop","Parent Relationship": "Outer","Parallel Aware": false,"Async Capable": false,"Join Type": "Inner","Startup Cost": 7.38,"Total Cost": 244.58,"Plan Rows": 400,"Plan Width": 30,"Actual Startup Time": 0.267,"Actual Total Time": 4.371,"Actual Rows": 398,"Actual Loops": 5,"Inner Unique": false,"Workers": [],"Plans": [{"Node Type": "Seq Scan","Parent Relationship": "Outer","Parallel Aware": false,"Async Capable": false,"Relation Name": "nation","Alias": "nation","Startup Cost": 0.00,"Total Cost": 1.31,"Plan Rows": 1,"Plan Width": 4,"Actual Startup Time": 0.059,"Actual Total Time": 0.062,"Actual Rows": 1,"Actual Loops": 5,"Filter": "(n_name = 'ROMANIA'::bpchar)","Rows Removed by Filter": 24,"Workers": []},{"Node Type": "Bitmap Heap Scan","Parent Relationship": "Inner","Parallel Aware": false,"Async Capable": false,"Relation Name": "supplier","Alias": "supplier","Startup Cost": 7.38,"Total Cost": 239.27,"Plan Rows": 400,"Plan Width": 34,"Actual Startup Time": 0.204,"Actual Total Time": 4.227,"Actual Rows": 398,"Actual Loops": 5,"Recheck Cond": "(s_nationkey = nation.n_nationkey)","Rows Removed by Index Recheck": 0,"Exact Heap Blocks": 186,"Lossy Heap Blocks": 0,"Workers": [],"Plans": [{"Node Type": "Bitmap Index Scan","Parent Relationship": "Outer","Parallel Aware": false,"Async Capable": false,"Index Name": "idx_supplier_nation_key","Startup Cost": 0.00,"Total Cost": 7.29,"Plan Rows": 400,"Plan Width": 0,"Actual Startup Time": 0.126,"Actual Total Time": 0.128,"Actual Rows": 398,"Actual Loops": 5,"Index Cond": "(s_nationkey = nation.n_nationkey)","Workers": []}]}]}]}]},{"Node Type": "Index Scan","Parent Relationship": "Inner","Parallel Aware": false,"Async Capable": false,"Scan Direction": "Forward","Index Name": "idx_lineitem_orderkey","Relation Name": "lineitem","Alias": "l3","Startup Cost": 0.43,"Total Cost": 1.06,"Plan Rows": 6,"Plan Width": 8,"Actual Startup Time": 0.003,"Actual Total Time": 0.003,"Actual Rows": 1,"Actual Loops": 150746,"Index Cond": "(l_orderkey = l1.l_orderkey)","Rows Removed by Index Recheck": 0,"Filter": "((l_receiptdate > l_commitdate) AND (l_suppkey <> l1.l_suppkey))","Rows Removed by Filter": 1,"Workers": []}]}]},{"Node Type": "Index Scan","Parent Relationship": "Inner","Parallel Aware": false,"Async Capable": false,"Scan Direction": "Forward","Index Name": "idx_lineitem_orderkey","Relation Name": "lineitem","Alias": "l2","Startup Cost": 0.43,"Total Cost": 1.02,"Plan Rows": 17,"Plan Width": 8,"Actual Startup Time": 0.007,"Actual Total Time": 0.007,"Actual Rows": 1,"Actual Loops": 13657,"Index Cond": "(l_orderkey = l1.l_orderkey)","Rows Removed by Index Recheck": 0,"Filter": "(l_suppkey <> l1.l_suppkey)","Rows Removed by Filter": 1}]},{"Node Type": "Index Scan","Parent Relationship": "Inner","Parallel Aware": false,"Async Capable": false,"Scan Direction": "Forward","Index Name": "orders_pkey","Relation Name": "orders","Alias": "orders","Startup Cost": 0.43,"Total Cost": 0.51,"Plan Rows": 1,"Plan Width": 4,"Actual Startup Time": 0.008,"Actual Total Time": 0.008,"Actual Rows": 0,"Actual Loops": 8241,"Index Cond": "(o_orderkey = l1.l_orderkey)","Rows Removed by Index Recheck": 0,"Filter": "(o_orderstatus = 'F'::bpchar)","Rows Removed by Filter": 1}]}]}]}]},"Planning Time": 9.721,"Triggers": [],"Execution Time": 515.552}]
[{"Plan": {"Node Type": "Sort","Parallel Aware": false,"Async Capable": false,"Startup Cost": 147378.80,"Total Cost": 147378.81,"Plan Rows": 1,"Plan Width": 34,"Actual Startup Time": 496.555,"Actual Total Time": 517.754,"Actual Rows": 397,"Actual Loops": 1,"Sort Key": ["(count(*)) DESC", "supplier.s_name"],"Sort Method": "quicksort","Sort Space Used": 56,"Sort Space Type": "Memory","Plans": [{"Node Type": "Aggregate","Strategy": "Sorted","Partial Mode": "Simple","Parent Relationship": "Outer","Parallel Aware": false,"Async Capable": false,"Startup Cost": 147378.77,"Total Cost": 147378.79,"Plan Rows": 1,"Plan Width": 34,"Actual Startup Time": 495.361,"Actual Total Time": 517.058,"Actual Rows": 397,"Actual Loops": 1,"Group Key": ["supplier.s_name"],"Plans": [{"Node Type": "Sort","Parent Relationship": "Outer","Parallel Aware": false,"Async Capable": false,"Startup Cost": 147378.77,"Total Cost": 147378.78,"Plan Rows": 1,"Plan Width": 26,"Actual Startup Time": 495.332,"Actual Total Time": 516.651,"Actual Rows": 3913,"Actual Loops": 1,"Sort Key": ["supplier.s_name"],"Sort Method": "quicksort","Sort Space Used": 372,"Sort Space Type": "Memory","Plans": [{"Node Type": "Nested Loop","Parent Relationship": "Outer","Parallel Aware": false,"Async Capable": false,"Join Type": "Inner","Startup Cost": 1250.87,"Total Cost": 147378.76,"Plan Rows": 1,"Plan Width": 26,"Actual Startup Time": 5.355,"Actual Total Time": 505.328,"Actual Rows": 3913,"Actual Loops": 1,"Inner Unique": true,"Plans": [{"Node Type": "Nested Loop","Parent Relationship": "Outer","Parallel Aware": false,"Async Capable": false,"Join Type": "Semi","Startup Cost": 1250.44,"Total Cost": 147378.26,"Plan Rows": 1,"Plan Width": 34,"Actual Startup Time": 4.468,"Actual Total Time": 441.221,"Actual Rows": 7976,"Actual Loops": 1,"Inner Unique": false,"Plans": [{"Node Type": "Gather","Parent Relationship": "Outer","Parallel Aware": false,"Async Capable": false,"Startup Cost": 1250.01,"Total Cost": 147377.22,"Plan Rows": 1,"Plan Width": 34,"Actual Startup Time": 4.454,"Actual Total Time": 332.117,"Actual Rows": 13419,"Actual Loops": 1,"Workers Planned": 4,"Workers Launched": 4,"Single Copy": false,"Plans": [{"Node Type": "Nested Loop","Parent Relationship": "Outer","Parallel Aware": false,"Async Capable": false,"Join Type": "Anti","Startup Cost": 250.01,"Total Cost": 146377.12,"Plan Rows": 1,"Plan Width": 34,"Actual Startup Time": 5.707,"Actual Total Time": 439.562,"Actual Rows": 2684,"Actual Loops": 5,"Inner Unique": false,"Workers": [],"Plans": [{"Node Type": "Hash Join","Parent Relationship": "Outer","Parallel Aware": false,"Async Capable": false,"Join Type": "Inner","Startup Cost": 249.58,"Total Cost": 133581.65,"Plan Rows": 19990,"Plan Width": 34,"Actual Startup Time": 5.222,"Actual Total Time": 351.394,"Actual Rows": 30171,"Actual Loops": 5,"Inner Unique": false,"Hash Cond": "(l1.l_suppkey = supplier.s_suppkey)","Workers": [],"Plans": [{"Node Type": "Seq Scan","Parent Relationship": "Outer","Parallel Aware": true,"Async Capable": false,"Relation Name": "lineitem","Alias": "l1","Startup Cost": 0.00,"Total Cost": 131256.80,"Plan Rows": 500101,"Plan Width": 8,"Actual Startup Time": 0.029,"Actual Total Time": 300.354,"Actual Rows": 758659,"Actual Loops": 5,"Filter": "(l_receiptdate > l_commitdate)","Rows Removed by Filter": 441584,"Workers": []},{"Node Type": "Hash","Parent Relationship": "Inner","Parallel Aware": false,"Async Capable": false,"Startup Cost": 244.58,"Total Cost": 244.58,"Plan Rows": 400,"Plan Width": 30,"Actual Startup Time": 4.859,"Actual Total Time": 4.869,"Actual Rows": 397,"Actual Loops": 5,"Hash Buckets": 1024,"Original Hash Buckets": 1024,"Hash Batches": 1,"Original Hash Batches": 1,"Peak Memory Usage": 33,"Workers": [],"Plans": [{"Node Type": "Nested Loop","Parent Relationship": "Outer","Parallel Aware": false,"Async Capable": false,"Join Type": "Inner","Startup Cost": 7.38,"Total Cost": 244.58,"Plan Rows": 400,"Plan Width": 30,"Actual Startup Time": 0.335,"Actual Total Time": 4.677,"Actual Rows": 397,"Actual Loops": 5,"Inner Unique": false,"Workers": [],"Plans": [{"Node Type": "Seq Scan","Parent Relationship": "Outer","Parallel Aware": false,"Async Capable": false,"Relation Name": "nation","Alias": "nation","Startup Cost": 0.00,"Total Cost": 1.31,"Plan Rows": 1,"Plan Width": 4,"Actual Startup Time": 0.076,"Actual Total Time": 0.084,"Actual Rows": 1,"Actual Loops": 5,"Filter": "(n_name = 'BRAZIL'::bpchar)","Rows Removed by Filter": 24,"Workers": []},{"Node Type": "Bitmap Heap Scan","Parent Relationship": "Inner","Parallel Aware": false,"Async Capable": false,"Relation Name": "supplier","Alias": "supplier","Startup Cost": 7.38,"Total Cost": 239.27,"Plan Rows": 400,"Plan Width": 34,"Actual Startup Time": 0.255,"Actual Total Time": 4.499,"Actual Rows": 397,"Actual Loops": 5,"Recheck Cond": "(s_nationkey = nation.n_nationkey)","Rows Removed by Index Recheck": 0,"Exact Heap Blocks": 187,"Lossy Heap Blocks": 0,"Workers": [],"Plans": [{"Node Type": "Bitmap Index Scan","Parent Relationship": "Outer","Parallel Aware": false,"Async Capable": false,"Index Name": "idx_supplier_nation_key","Startup Cost": 0.00,"Total Cost": 7.29,"Plan Rows": 400,"Plan Width": 0,"Actual Startup Time": 0.169,"Actual Total Time": 0.170,"Actual Rows": 397,"Actual Loops": 5,"Index Cond": "(s_nationkey = nation.n_nationkey)","Workers": []}]}]}]}]},{"Node Type": "Index Scan","Parent Relationship": "Inner","Parallel Aware": false,"Async Capable": false,"Scan Direction": "Forward","Index Name": "idx_lineitem_orderkey","Relation Name": "lineitem","Alias": "l3","Startup Cost": 0.43,"Total Cost": 1.06,"Plan Rows": 6,"Plan Width": 8,"Actual Startup Time": 0.003,"Actual Total Time": 0.003,"Actual Rows": 1,"Actual Loops": 150857,"Index Cond": "(l_orderkey = l1.l_orderkey)","Rows Removed by Index Recheck": 0,"Filter": "((l_receiptdate > l_commitdate) AND (l_suppkey <> l1.l_suppkey))","Rows Removed by Filter": 1,"Workers": []}]}]},{"Node Type": "Index Scan","Parent Relationship": "Inner","Parallel Aware": false,"Async Capable": false,"Scan Direction": "Forward","Index Name": "idx_lineitem_orderkey","Relation Name": "lineitem","Alias": "l2","Startup Cost": 0.43,"Total Cost": 1.02,"Plan Rows": 17,"Plan Width": 8,"Actual Startup Time": 0.008,"Actual Total Time": 0.008,"Actual Rows": 1,"Actual Loops": 13419,"Index Cond": "(l_orderkey = l1.l_orderkey)","Rows Removed by Index Recheck": 0,"Filter": "(l_suppkey <> l1.l_suppkey)","Rows Removed by Filter": 1}]},{"Node Type": "Index Scan","Parent Relationship": "Inner","Parallel Aware": false,"Async Capable": false,"Scan Direction": "Forward","Index Name": "orders_pkey","Relation Name": "orders","Alias": "orders","Startup Cost": 0.43,"Total Cost": 0.51,"Plan Rows": 1,"Plan Width": 4,"Actual Startup Time": 0.008,"Actual Total Time": 0.008,"Actual Rows": 0,"Actual Loops": 7976,"Index Cond": "(o_orderkey = l1.l_orderkey)","Rows Removed by Index Recheck": 0,"Filter": "(o_orderstatus = 'F'::bpchar)","Rows Removed by Filter": 1}]}]}]}]},"Planning Time": 8.213,"Triggers": [],"Execution Time": 518.316}]
[{"Plan": {"Node Type": "Sort","Parallel Aware": false,"Async Capable": false,"Startup Cost": 147378.80,"Total Cost": 147378.81,"Plan Rows": 1,"Plan Width": 34,"Actual Startup Time": 502.540,"Actual Total Time": 523.684,"Actual Rows": 401,"Actual Loops": 1,"Sort Key": ["(count(*)) DESC", "supplier.s_name"],"Sort Method": "quicksort","Sort Space Used": 56,"Sort Space Type": "Memory","Plans": [{"Node Type": "Aggregate","Strategy": "Sorted","Partial Mode": "Simple","Parent Relationship": "Outer","Parallel Aware": false,"Async Capable": false,"Startup Cost": 147378.77,"Total Cost": 147378.79,"Plan Rows": 1,"Plan Width": 34,"Actual Startup Time": 501.310,"Actual Total Time": 522.965,"Actual Rows": 401,"Actual Loops": 1,"Group Key": ["supplier.s_name"],"Plans": [{"Node Type": "Sort","Parent Relationship": "Outer","Parallel Aware": false,"Async Capable": false,"Startup Cost": 147378.77,"Total Cost": 147378.78,"Plan Rows": 1,"Plan Width": 26,"Actual Startup Time": 501.284,"Actual Total Time": 522.551,"Actual Rows": 3970,"Actual Loops": 1,"Sort Key": ["supplier.s_name"],"Sort Method": "quicksort","Sort Space Used": 376,"Sort Space Type": "Memory","Plans": [{"Node Type": "Nested Loop","Parent Relationship": "Outer","Parallel Aware": false,"Async Capable": false,"Join Type": "Inner","Startup Cost": 1250.87,"Total Cost": 147378.76,"Plan Rows": 1,"Plan Width": 26,"Actual Startup Time": 5.240,"Actual Total Time": 512.097,"Actual Rows": 3970,"Actual Loops": 1,"Inner Unique": true,"Plans": [{"Node Type": "Nested Loop","Parent Relationship": "Outer","Parallel Aware": false,"Async Capable": false,"Join Type": "Semi","Startup Cost": 1250.44,"Total Cost": 147378.26,"Plan Rows": 1,"Plan Width": 34,"Actual Startup Time": 4.627,"Actual Total Time": 451.513,"Actual Rows": 8097,"Actual Loops": 1,"Inner Unique": false,"Plans": [{"Node Type": "Gather","Parent Relationship": "Outer","Parallel Aware": false,"Async Capable": false,"Startup Cost": 1250.01,"Total Cost": 147377.22,"Plan Rows": 1,"Plan Width": 34,"Actual Startup Time": 4.615,"Actual Total Time": 347.691,"Actual Rows": 13583,"Actual Loops": 1,"Workers Planned": 4,"Workers Launched": 4,"Single Copy": false,"Plans": [{"Node Type": "Nested Loop","Parent Relationship": "Outer","Parallel Aware": false,"Async Capable": false,"Join Type": "Anti","Startup Cost": 250.01,"Total Cost": 146377.12,"Plan Rows": 1,"Plan Width": 34,"Actual Startup Time": 4.828,"Actual Total Time": 446.701,"Actual Rows": 2717,"Actual Loops": 5,"Inner Unique": false,"Workers": [],"Plans": [{"Node Type": "Hash Join","Parent Relationship": "Outer","Parallel Aware": false,"Async Capable": false,"Join Type": "Inner","Startup Cost": 249.58,"Total Cost": 133581.65,"Plan Rows": 19990,"Plan Width": 34,"Actual Startup Time": 4.456,"Actual Total Time": 356.594,"Actual Rows": 30499,"Actual Loops": 5,"Inner Unique": false,"Hash Cond": "(l1.l_suppkey = supplier.s_suppkey)","Workers": [],"Plans": [{"Node Type": "Seq Scan","Parent Relationship": "Outer","Parallel Aware": true,"Async Capable": false,"Relation Name": "lineitem","Alias": "l1","Startup Cost": 0.00,"Total Cost": 131256.80,"Plan Rows": 500101,"Plan Width": 8,"Actual Startup Time": 0.022,"Actual Total Time": 305.978,"Actual Rows": 758659,"Actual Loops": 5,"Filter": "(l_receiptdate > l_commitdate)","Rows Removed by Filter": 441584,"Workers": []},{"Node Type": "Hash","Parent Relationship": "Inner","Parallel Aware": false,"Async Capable": false,"Startup Cost": 244.58,"Total Cost": 244.58,"Plan Rows": 400,"Plan Width": 30,"Actual Startup Time": 4.157,"Actual Total Time": 4.168,"Actual Rows": 401,"Actual Loops": 5,"Hash Buckets": 1024,"Original Hash Buckets": 1024,"Hash Batches": 1,"Original Hash Batches": 1,"Peak Memory Usage": 34,"Workers": [],"Plans": [{"Node Type": "Nested Loop","Parent Relationship": "Outer","Parallel Aware": false,"Async Capable": false,"Join Type": "Inner","Startup Cost": 7.38,"Total Cost": 244.58,"Plan Rows": 400,"Plan Width": 30,"Actual Startup Time": 0.269,"Actual Total Time": 4.009,"Actual Rows": 401,"Actual Loops": 5,"Inner Unique": false,"Workers": [],"Plans": [{"Node Type": "Seq Scan","Parent Relationship": "Outer","Parallel Aware": false,"Async Capable": false,"Relation Name": "nation","Alias": "nation","Startup Cost": 0.00,"Total Cost": 1.31,"Plan Rows": 1,"Plan Width": 4,"Actual Startup Time": 0.053,"Actual Total Time": 0.057,"Actual Rows": 1,"Actual Loops": 5,"Filter": "(n_name = 'RUSSIA'::bpchar)","Rows Removed by Filter": 24,"Workers": []},{"Node Type": "Bitmap Heap Scan","Parent Relationship": "Inner","Parallel Aware": false,"Async Capable": false,"Relation Name": "supplier","Alias": "supplier","Startup Cost": 7.38,"Total Cost": 239.27,"Plan Rows": 400,"Plan Width": 34,"Actual Startup Time": 0.210,"Actual Total Time": 3.875,"Actual Rows": 401,"Actual Loops": 5,"Recheck Cond": "(s_nationkey = nation.n_nationkey)","Rows Removed by Index Recheck": 0,"Exact Heap Blocks": 180,"Lossy Heap Blocks": 0,"Workers": [],"Plans": [{"Node Type": "Bitmap Index Scan","Parent Relationship": "Outer","Parallel Aware": false,"Async Capable": false,"Index Name": "idx_supplier_nation_key","Startup Cost": 0.00,"Total Cost": 7.29,"Plan Rows": 400,"Plan Width": 0,"Actual Startup Time": 0.139,"Actual Total Time": 0.140,"Actual Rows": 401,"Actual Loops": 5,"Index Cond": "(s_nationkey = nation.n_nationkey)","Workers": []}]}]}]}]},{"Node Type": "Index Scan","Parent Relationship": "Inner","Parallel Aware": false,"Async Capable": false,"Scan Direction": "Forward","Index Name": "idx_lineitem_orderkey","Relation Name": "lineitem","Alias": "l3","Startup Cost": 0.43,"Total Cost": 1.06,"Plan Rows": 6,"Plan Width": 8,"Actual Startup Time": 0.003,"Actual Total Time": 0.003,"Actual Rows": 1,"Actual Loops": 152495,"Index Cond": "(l_orderkey = l1.l_orderkey)","Rows Removed by Index Recheck": 0,"Filter": "((l_receiptdate > l_commitdate) AND (l_suppkey <> l1.l_suppkey))","Rows Removed by Filter": 1,"Workers": []}]}]},{"Node Type": "Index Scan","Parent Relationship": "Inner","Parallel Aware": false,"Async Capable": false,"Scan Direction": "Forward","Index Name": "idx_lineitem_orderkey","Relation Name": "lineitem","Alias": "l2","Startup Cost": 0.43,"Total Cost": 1.02,"Plan Rows": 17,"Plan Width": 8,"Actual Startup Time": 0.007,"Actual Total Time": 0.007,"Actual Rows": 1,"Actual Loops": 13583,"Index Cond": "(l_orderkey = l1.l_orderkey)","Rows Removed by Index Recheck": 0,"Filter": "(l_suppkey <> l1.l_suppkey)","Rows Removed by Filter": 1}]},{"Node Type": "Index Scan","Parent Relationship": "Inner","Parallel Aware": false,"Async Capable": false,"Scan Direction": "Forward","Index Name": "orders_pkey","Relation Name": "orders","Alias": "orders","Startup Cost": 0.43,"Total Cost": 0.51,"Plan Rows": 1,"Plan Width": 4,"Actual Startup Time": 0.007,"Actual Total Time": 0.007,"Actual Rows": 0,"Actual Loops": 8097,"Index Cond": "(o_orderkey = l1.l_orderkey)","Rows Removed by Index Recheck": 0,"Filter": "(o_orderstatus = 'F'::bpchar)","Rows Removed by Filter": 1}]}]}]}]},"Planning Time": 9.437,"Triggers": [],"Execution Time": 524.297}]
[{"Plan": {"Node Type": "Sort","Parallel Aware": false,"Async Capable": false,"Startup Cost": 147378.80,"Total Cost": 147378.81,"Plan Rows": 1,"Plan Width": 34,"Actual Startup Time": 494.557,"Actual Total Time": 516.628,"Actual Rows": 380,"Actual Loops": 1,"Sort Key": ["(count(*)) DESC", "supplier.s_name"],"Sort Method": "quicksort","Sort Space Used": 54,"Sort Space Type": "Memory","Plans": [{"Node Type": "Aggregate","Strategy": "Sorted","Partial Mode": "Simple","Parent Relationship": "Outer","Parallel Aware": false,"Async Capable": false,"Startup Cost": 147378.77,"Total Cost": 147378.79,"Plan Rows": 1,"Plan Width": 34,"Actual Startup Time": 493.417,"Actual Total Time": 515.990,"Actual Rows": 380,"Actual Loops": 1,"Group Key": ["supplier.s_name"],"Plans": [{"Node Type": "Sort","Parent Relationship": "Outer","Parallel Aware": false,"Async Capable": false,"Startup Cost": 147378.77,"Total Cost": 147378.78,"Plan Rows": 1,"Plan Width": 26,"Actual Startup Time": 493.396,"Actual Total Time": 515.587,"Actual Rows": 3777,"Actual Loops": 1,"Sort Key": ["supplier.s_name"],"Sort Method": "quicksort","Sort Space Used": 362,"Sort Space Type": "Memory","Plans": [{"Node Type": "Nested Loop","Parent Relationship": "Outer","Parallel Aware": false,"Async Capable": false,"Join Type": "Inner","Startup Cost": 1250.87,"Total Cost": 147378.76,"Plan Rows": 1,"Plan Width": 26,"Actual Startup Time": 4.998,"Actual Total Time": 504.711,"Actual Rows": 3777,"Actual Loops": 1,"Inner Unique": true,"Plans": [{"Node Type": "Nested Loop","Parent Relationship": "Outer","Parallel Aware": false,"Async Capable": false,"Join Type": "Semi","Startup Cost": 1250.44,"Total Cost": 147378.26,"Plan Rows": 1,"Plan Width": 34,"Actual Startup Time": 4.963,"Actual Total Time": 440.621,"Actual Rows": 7670,"Actual Loops": 1,"Inner Unique": false,"Plans": [{"Node Type": "Gather","Parent Relationship": "Outer","Parallel Aware": false,"Async Capable": false,"Startup Cost": 1250.01,"Total Cost": 147377.22,"Plan Rows": 1,"Plan Width": 34,"Actual Startup Time": 4.951,"Actual Total Time": 333.201,"Actual Rows": 12935,"Actual Loops": 1,"Workers Planned": 4,"Workers Launched": 4,"Single Copy": false,"Plans": [{"Node Type": "Nested Loop","Parent Relationship": "Outer","Parallel Aware": false,"Async Capable": false,"Join Type": "Anti","Startup Cost": 250.01,"Total Cost": 146377.12,"Plan Rows": 1,"Plan Width": 34,"Actual Startup Time": 5.873,"Actual Total Time": 437.867,"Actual Rows": 2587,"Actual Loops": 5,"Inner Unique": false,"Workers": [],"Plans": [{"Node Type": "Hash Join","Parent Relationship": "Outer","Parallel Aware": false,"Async Capable": false,"Join Type": "Inner","Startup Cost": 249.58,"Total Cost": 133581.65,"Plan Rows": 19990,"Plan Width": 34,"Actual Startup Time": 5.239,"Actual Total Time": 352.656,"Actual Rows": 28741,"Actual Loops": 5,"Inner Unique": false,"Hash Cond": "(l1.l_suppkey = supplier.s_suppkey)","Workers": [],"Plans": [{"Node Type": "Seq Scan","Parent Relationship": "Outer","Parallel Aware": true,"Async Capable": false,"Relation Name": "lineitem","Alias": "l1","Startup Cost": 0.00,"Total Cost": 131256.80,"Plan Rows": 500101,"Plan Width": 8,"Actual Startup Time": 0.031,"Actual Total Time": 300.900,"Actual Rows": 758659,"Actual Loops": 5,"Filter": "(l_receiptdate > l_commitdate)","Rows Removed by Filter": 441584,"Workers": []},{"Node Type": "Hash","Parent Relationship": "Inner","Parallel Aware": false,"Async Capable": false,"Startup Cost": 244.58,"Total Cost": 244.58,"Plan Rows": 400,"Plan Width": 30,"Actual Startup Time": 4.907,"Actual Total Time": 4.921,"Actual Rows": 380,"Actual Loops": 5,"Hash Buckets": 1024,"Original Hash Buckets": 1024,"Hash Batches": 1,"Original Hash Batches": 1,"Peak Memory Usage": 32,"Workers": [],"Plans": [{"Node Type": "Nested Loop","Parent Relationship": "Outer","Parallel Aware": false,"Async Capable": false,"Join Type": "Inner","Startup Cost": 7.38,"Total Cost": 244.58,"Plan Rows": 400,"Plan Width": 30,"Actual Startup Time": 0.293,"Actual Total Time": 4.740,"Actual Rows": 380,"Actual Loops": 5,"Inner Unique": false,"Workers": [],"Plans": [{"Node Type": "Seq Scan","Parent Relationship": "Outer","Parallel Aware": false,"Async Capable": false,"Relation Name": "nation","Alias": "nation","Startup Cost": 0.00,"Total Cost": 1.31,"Plan Rows": 1,"Plan Width": 4,"Actual Startup Time": 0.048,"Actual Total Time": 0.056,"Actual Rows": 1,"Actual Loops": 5,"Filter": "(n_name = 'ETHIOPIA'::bpchar)","Rows Removed by Filter": 24,"Workers": []},{"Node Type": "Bitmap Heap Scan","Parent Relationship": "Inner","Parallel Aware": false,"Async Capable": false,"Relation Name": "supplier","Alias": "supplier","Startup Cost": 7.38,"Total Cost": 239.27,"Plan Rows": 400,"Plan Width": 34,"Actual Startup Time": 0.240,"Actual Total Time": 4.598,"Actual Rows": 380,"Actual Loops": 5,"Recheck Cond": "(s_nationkey = nation.n_nationkey)","Rows Removed by Index Recheck": 0,"Exact Heap Blocks": 192,"Lossy Heap Blocks": 0,"Workers": [],"Plans": [{"Node Type": "Bitmap Index Scan","Parent Relationship": "Outer","Parallel Aware": false,"Async Capable": false,"Index Name": "idx_supplier_nation_key","Startup Cost": 0.00,"Total Cost": 7.29,"Plan Rows": 400,"Plan Width": 0,"Actual Startup Time": 0.158,"Actual Total Time": 0.159,"Actual Rows": 380,"Actual Loops": 5,"Index Cond": "(s_nationkey = nation.n_nationkey)","Workers": []}]}]}]}]},{"Node Type": "Index Scan","Parent Relationship": "Inner","Parallel Aware": false,"Async Capable": false,"Scan Direction": "Forward","Index Name": "idx_lineitem_orderkey","Relation Name": "lineitem","Alias": "l3","Startup Cost": 0.43,"Total Cost": 1.06,"Plan Rows": 6,"Plan Width": 8,"Actual Startup Time": 0.003,"Actual Total Time": 0.003,"Actual Rows": 1,"Actual Loops": 143707,"Index Cond": "(l_orderkey = l1.l_orderkey)","Rows Removed by Index Recheck": 0,"Filter": "((l_receiptdate > l_commitdate) AND (l_suppkey <> l1.l_suppkey))","Rows Removed by Filter": 1,"Workers": []}]}]},{"Node Type": "Index Scan","Parent Relationship": "Inner","Parallel Aware": false,"Async Capable": false,"Scan Direction": "Forward","Index Name": "idx_lineitem_orderkey","Relation Name": "lineitem","Alias": "l2","Startup Cost": 0.43,"Total Cost": 1.02,"Plan Rows": 17,"Plan Width": 8,"Actual Startup Time": 0.008,"Actual Total Time": 0.008,"Actual Rows": 1,"Actual Loops": 12935,"Index Cond": "(l_orderkey = l1.l_orderkey)","Rows Removed by Index Recheck": 0,"Filter": "(l_suppkey <> l1.l_suppkey)","Rows Removed by Filter": 1}]},{"Node Type": "Index Scan","Parent Relationship": "Inner","Parallel Aware": false,"Async Capable": false,"Scan Direction": "Forward","Index Name": "orders_pkey","Relation Name": "orders","Alias": "orders","Startup Cost": 0.43,"Total Cost": 0.51,"Plan Rows": 1,"Plan Width": 4,"Actual Startup Time": 0.008,"Actual Total Time": 0.008,"Actual Rows": 0,"Actual Loops": 7670,"Index Cond": "(o_orderkey = l1.l_orderkey)","Rows Removed by Index Recheck": 0,"Filter": "(o_orderstatus = 'F'::bpchar)","Rows Removed by Filter": 1}]}]}]}]},"Planning Time": 9.415,"Triggers": [],"Execution Time": 517.200}]
[{"Plan": {"Node Type": "Sort","Parallel Aware": false,"Async Capable": false,"Startup Cost": 147378.80,"Total Cost": 147378.81,"Plan Rows": 1,"Plan Width": 34,"Actual Startup Time": 500.228,"Actual Total Time": 519.082,"Actual Rows": 412,"Actual Loops": 1,"Sort Key": ["(count(*)) DESC", "supplier.s_name"],"Sort Method": "quicksort","Sort Space Used": 57,"Sort Space Type": "Memory","Plans": [{"Node Type": "Aggregate","Strategy": "Sorted","Partial Mode": "Simple","Parent Relationship": "Outer","Parallel Aware": false,"Async Capable": false,"Startup Cost": 147378.77,"Total Cost": 147378.79,"Plan Rows": 1,"Plan Width": 34,"Actual Startup Time": 498.981,"Actual Total Time": 518.359,"Actual Rows": 412,"Actual Loops": 1,"Group Key": ["supplier.s_name"],"Plans": [{"Node Type": "Sort","Parent Relationship": "Outer","Parallel Aware": false,"Async Capable": false,"Startup Cost": 147378.77,"Total Cost": 147378.78,"Plan Rows": 1,"Plan Width": 26,"Actual Startup Time": 498.949,"Actual Total Time": 517.928,"Actual Rows": 4030,"Actual Loops": 1,"Sort Key": ["supplier.s_name"],"Sort Method": "quicksort","Sort Space Used": 380,"Sort Space Type": "Memory","Plans": [{"Node Type": "Nested Loop","Parent Relationship": "Outer","Parallel Aware": false,"Async Capable": false,"Join Type": "Inner","Startup Cost": 1250.87,"Total Cost": 147378.76,"Plan Rows": 1,"Plan Width": 26,"Actual Startup Time": 4.020,"Actual Total Time": 506.052,"Actual Rows": 4030,"Actual Loops": 1,"Inner Unique": true,"Plans": [{"Node Type": "Nested Loop","Parent Relationship": "Outer","Parallel Aware": false,"Async Capable": false,"Join Type": "Semi","Startup Cost": 1250.44,"Total Cost": 147378.26,"Plan Rows": 1,"Plan Width": 34,"Actual Startup Time": 3.993,"Actual Total Time": 443.011,"Actual Rows": 8146,"Actual Loops": 1,"Inner Unique": false,"Plans": [{"Node Type": "Gather","Parent Relationship": "Outer","Parallel Aware": false,"Async Capable": false,"Startup Cost": 1250.01,"Total Cost": 147377.22,"Plan Rows": 1,"Plan Width": 34,"Actual Startup Time": 3.980,"Actual Total Time": 336.738,"Actual Rows": 13748,"Actual Loops": 1,"Workers Planned": 4,"Workers Launched": 4,"Single Copy": false,"Plans": [{"Node Type": "Nested Loop","Parent Relationship": "Outer","Parallel Aware": false,"Async Capable": false,"Join Type": "Anti","Startup Cost": 250.01,"Total Cost": 146377.12,"Plan Rows": 1,"Plan Width": 34,"Actual Startup Time": 4.569,"Actual Total Time": 441.712,"Actual Rows": 2750,"Actual Loops": 5,"Inner Unique": false,"Workers": [],"Plans": [{"Node Type": "Hash Join","Parent Relationship": "Outer","Parallel Aware": false,"Async Capable": false,"Join Type": "Inner","Startup Cost": 249.58,"Total Cost": 133581.65,"Plan Rows": 19990,"Plan Width": 34,"Actual Startup Time": 4.262,"Actual Total Time": 350.942,"Actual Rows": 31209,"Actual Loops": 5,"Inner Unique": false,"Hash Cond": "(l1.l_suppkey = supplier.s_suppkey)","Workers": [],"Plans": [{"Node Type": "Seq Scan","Parent Relationship": "Outer","Parallel Aware": true,"Async Capable": false,"Relation Name": "lineitem","Alias": "l1","Startup Cost": 0.00,"Total Cost": 131256.80,"Plan Rows": 500101,"Plan Width": 8,"Actual Startup Time": 0.026,"Actual Total Time": 299.296,"Actual Rows": 758659,"Actual Loops": 5,"Filter": "(l_receiptdate > l_commitdate)","Rows Removed by Filter": 441584,"Workers": []},{"Node Type": "Hash","Parent Relationship": "Inner","Parallel Aware": false,"Async Capable": false,"Startup Cost": 244.58,"Total Cost": 244.58,"Plan Rows": 400,"Plan Width": 30,"Actual Startup Time": 3.907,"Actual Total Time": 3.918,"Actual Rows": 412,"Actual Loops": 5,"Hash Buckets": 1024,"Original Hash Buckets": 1024,"Hash Batches": 1,"Original Hash Batches": 1,"Peak Memory Usage": 34,"Workers": [],"Plans": [{"Node Type": "Nested Loop","Parent Relationship": "Outer","Parallel Aware": false,"Async Capable": false,"Join Type": "Inner","Startup Cost": 7.38,"Total Cost": 244.58,"Plan Rows": 400,"Plan Width": 30,"Actual Startup Time": 0.286,"Actual Total Time": 3.756,"Actual Rows": 412,"Actual Loops": 5,"Inner Unique": false,"Workers": [],"Plans": [{"Node Type": "Seq Scan","Parent Relationship": "Outer","Parallel Aware": false,"Async Capable": false,"Relation Name": "nation","Alias": "nation","Startup Cost": 0.00,"Total Cost": 1.31,"Plan Rows": 1,"Plan Width": 4,"Actual Startup Time": 0.059,"Actual Total Time": 0.064,"Actual Rows": 1,"Actual Loops": 5,"Filter": "(n_name = 'CANADA'::bpchar)","Rows Removed by Filter": 24,"Workers": []},{"Node Type": "Bitmap Heap Scan","Parent Relationship": "Inner","Parallel Aware": false,"Async Capable": false,"Relation Name": "supplier","Alias": "supplier","Startup Cost": 7.38,"Total Cost": 239.27,"Plan Rows": 400,"Plan Width": 34,"Actual Startup Time": 0.222,"Actual Total Time": 3.623,"Actual Rows": 412,"Actual Loops": 5,"Recheck Cond": "(s_nationkey = nation.n_nationkey)","Rows Removed by Index Recheck": 0,"Exact Heap Blocks": 189,"Lossy Heap Blocks": 0,"Workers": [],"Plans": [{"Node Type": "Bitmap Index Scan","Parent Relationship": "Outer","Parallel Aware": false,"Async Capable": false,"Index Name": "idx_supplier_nation_key","Startup Cost": 0.00,"Total Cost": 7.29,"Plan Rows": 400,"Plan Width": 0,"Actual Startup Time": 0.144,"Actual Total Time": 0.145,"Actual Rows": 412,"Actual Loops": 5,"Index Cond": "(s_nationkey = nation.n_nationkey)","Workers": []}]}]}]}]},{"Node Type": "Index Scan","Parent Relationship": "Inner","Parallel Aware": false,"Async Capable": false,"Scan Direction": "Forward","Index Name": "idx_lineitem_orderkey","Relation Name": "lineitem","Alias": "l3","Startup Cost": 0.43,"Total Cost": 1.06,"Plan Rows": 6,"Plan Width": 8,"Actual Startup Time": 0.003,"Actual Total Time": 0.003,"Actual Rows": 1,"Actual Loops": 156047,"Index Cond": "(l_orderkey = l1.l_orderkey)","Rows Removed by Index Recheck": 0,"Filter": "((l_receiptdate > l_commitdate) AND (l_suppkey <> l1.l_suppkey))","Rows Removed by Filter": 1,"Workers": []}]}]},{"Node Type": "Index Scan","Parent Relationship": "Inner","Parallel Aware": false,"Async Capable": false,"Scan Direction": "Forward","Index Name": "idx_lineitem_orderkey","Relation Name": "lineitem","Alias": "l2","Startup Cost": 0.43,"Total Cost": 1.02,"Plan Rows": 17,"Plan Width": 8,"Actual Startup Time": 0.007,"Actual Total Time": 0.007,"Actual Rows": 1,"Actual Loops": 13748,"Index Cond": "(l_orderkey = l1.l_orderkey)","Rows Removed by Index Recheck": 0,"Filter": "(l_suppkey <> l1.l_suppkey)","Rows Removed by Filter": 1}]},{"Node Type": "Index Scan","Parent Relationship": "Inner","Parallel Aware": false,"Async Capable": false,"Scan Direction": "Forward","Index Name": "orders_pkey","Relation Name": "orders","Alias": "orders","Startup Cost": 0.43,"Total Cost": 0.51,"Plan Rows": 1,"Plan Width": 4,"Actual Startup Time": 0.007,"Actual Total Time": 0.007,"Actual Rows": 0,"Actual Loops": 8146,"Index Cond": "(o_orderkey = l1.l_orderkey)","Rows Removed by Index Recheck": 0,"Filter": "(o_orderstatus = 'F'::bpchar)","Rows Removed by Filter": 1}]}]}]}]},"Planning Time": 9.689,"Triggers": [],"Execution Time": 519.513}]
[{"Plan": {"Node Type": "Sort","Parallel Aware": false,"Async Capable": false,"Startup Cost": 147378.80,"Total Cost": 147378.81,"Plan Rows": 1,"Plan Width": 34,"Actual Startup Time": 504.070,"Actual Total Time": 522.796,"Actual Rows": 405,"Actual Loops": 1,"Sort Key": ["(count(*)) DESC", "supplier.s_name"],"Sort Method": "quicksort","Sort Space Used": 56,"Sort Space Type": "Memory","Plans": [{"Node Type": "Aggregate","Strategy": "Sorted","Partial Mode": "Simple","Parent Relationship": "Outer","Parallel Aware": false,"Async Capable": false,"Startup Cost": 147378.77,"Total Cost": 147378.79,"Plan Rows": 1,"Plan Width": 34,"Actual Startup Time": 502.850,"Actual Total Time": 522.098,"Actual Rows": 405,"Actual Loops": 1,"Group Key": ["supplier.s_name"],"Plans": [{"Node Type": "Sort","Parent Relationship": "Outer","Parallel Aware": false,"Async Capable": false,"Startup Cost": 147378.77,"Total Cost": 147378.78,"Plan Rows": 1,"Plan Width": 26,"Actual Startup Time": 502.828,"Actual Total Time": 521.678,"Actual Rows": 4028,"Actual Loops": 1,"Sort Key": ["supplier.s_name"],"Sort Method": "quicksort","Sort Space Used": 380,"Sort Space Type": "Memory","Plans": [{"Node Type": "Nested Loop","Parent Relationship": "Outer","Parallel Aware": false,"Async Capable": false,"Join Type": "Inner","Startup Cost": 1250.87,"Total Cost": 147378.76,"Plan Rows": 1,"Plan Width": 26,"Actual Startup Time": 4.998,"Actual Total Time": 510.942,"Actual Rows": 4028,"Actual Loops": 1,"Inner Unique": true,"Plans": [{"Node Type": "Nested Loop","Parent Relationship": "Outer","Parallel Aware": false,"Async Capable": false,"Join Type": "Semi","Startup Cost": 1250.44,"Total Cost": 147378.26,"Plan Rows": 1,"Plan Width": 34,"Actual Startup Time": 4.975,"Actual Total Time": 450.040,"Actual Rows": 8320,"Actual Loops": 1,"Inner Unique": false,"Plans": [{"Node Type": "Gather","Parent Relationship": "Outer","Parallel Aware": false,"Async Capable": false,"Startup Cost": 1250.01,"Total Cost": 147377.22,"Plan Rows": 1,"Plan Width": 34,"Actual Startup Time": 4.836,"Actual Total Time": 345.420,"Actual Rows": 13965,"Actual Loops": 1,"Workers Planned": 4,"Workers Launched": 4,"Single Copy": false,"Plans": [{"Node Type": "Nested Loop","Parent Relationship": "Outer","Parallel Aware": false,"Async Capable": false,"Join Type": "Anti","Startup Cost": 250.01,"Total Cost": 146377.12,"Plan Rows": 1,"Plan Width": 34,"Actual Startup Time": 4.706,"Actual Total Time": 445.819,"Actual Rows": 2793,"Actual Loops": 5,"Inner Unique": false,"Workers": [],"Plans": [{"Node Type": "Hash Join","Parent Relationship": "Outer","Parallel Aware": false,"Async Capable": false,"Join Type": "Inner","Startup Cost": 249.58,"Total Cost": 133581.65,"Plan Rows": 19990,"Plan Width": 34,"Actual Startup Time": 4.328,"Actual Total Time": 354.989,"Actual Rows": 30731,"Actual Loops": 5,"Inner Unique": false,"Hash Cond": "(l1.l_suppkey = supplier.s_suppkey)","Workers": [],"Plans": [{"Node Type": "Seq Scan","Parent Relationship": "Outer","Parallel Aware": true,"Async Capable": false,"Relation Name": "lineitem","Alias": "l1","Startup Cost": 0.00,"Total Cost": 131256.80,"Plan Rows": 500101,"Plan Width": 8,"Actual Startup Time": 0.030,"Actual Total Time": 303.427,"Actual Rows": 758659,"Actual Loops": 5,"Filter": "(l_receiptdate > l_commitdate)","Rows Removed by Filter": 441584,"Workers": []},{"Node Type": "Hash","Parent Relationship": "Inner","Parallel Aware": false,"Async Capable": false,"Startup Cost": 244.58,"Total Cost": 244.58,"Plan Rows": 400,"Plan Width": 30,"Actual Startup Time": 4.016,"Actual Total Time": 4.027,"Actual Rows": 405,"Actual Loops": 5,"Hash Buckets": 1024,"Original Hash Buckets": 1024,"Hash Batches": 1,"Original Hash Batches": 1,"Peak Memory Usage": 34,"Workers": [],"Plans": [{"Node Type": "Nested Loop","Parent Relationship": "Outer","Parallel Aware": false,"Async Capable": false,"Join Type": "Inner","Startup Cost": 7.38,"Total Cost": 244.58,"Plan Rows": 400,"Plan Width": 30,"Actual Startup Time": 0.282,"Actual Total Time": 3.870,"Actual Rows": 405,"Actual Loops": 5,"Inner Unique": false,"Workers": [],"Plans": [{"Node Type": "Seq Scan","Parent Relationship": "Outer","Parallel Aware": false,"Async Capable": false,"Relation Name": "nation","Alias": "nation","Startup Cost": 0.00,"Total Cost": 1.31,"Plan Rows": 1,"Plan Width": 4,"Actual Startup Time": 0.049,"Actual Total Time": 0.055,"Actual Rows": 1,"Actual Loops": 5,"Filter": "(n_name = 'INDONESIA'::bpchar)","Rows Removed by Filter": 24,"Workers": []},{"Node Type": "Bitmap Heap Scan","Parent Relationship": "Inner","Parallel Aware": false,"Async Capable": false,"Relation Name": "supplier","Alias": "supplier","Startup Cost": 7.38,"Total Cost": 239.27,"Plan Rows": 400,"Plan Width": 34,"Actual Startup Time": 0.227,"Actual Total Time": 3.740,"Actual Rows": 405,"Actual Loops": 5,"Recheck Cond": "(s_nationkey = nation.n_nationkey)","Rows Removed by Index Recheck": 0,"Exact Heap Blocks": 192,"Lossy Heap Blocks": 0,"Workers": [],"Plans": [{"Node Type": "Bitmap Index Scan","Parent Relationship": "Outer","Parallel Aware": false,"Async Capable": false,"Index Name": "idx_supplier_nation_key","Startup Cost": 0.00,"Total Cost": 7.29,"Plan Rows": 400,"Plan Width": 0,"Actual Startup Time": 0.146,"Actual Total Time": 0.147,"Actual Rows": 405,"Actual Loops": 5,"Index Cond": "(s_nationkey = nation.n_nationkey)","Workers": []}]}]}]}]},{"Node Type": "Index Scan","Parent Relationship": "Inner","Parallel Aware": false,"Async Capable": false,"Scan Direction": "Forward","Index Name": "idx_lineitem_orderkey","Relation Name": "lineitem","Alias": "l3","Startup Cost": 0.43,"Total Cost": 1.06,"Plan Rows": 6,"Plan Width": 8,"Actual Startup Time": 0.003,"Actual Total Time": 0.003,"Actual Rows": 1,"Actual Loops": 153653,"Index Cond": "(l_orderkey = l1.l_orderkey)","Rows Removed by Index Recheck": 0,"Filter": "((l_receiptdate > l_commitdate) AND (l_suppkey <> l1.l_suppkey))","Rows Removed by Filter": 1,"Workers": []}]}]},{"Node Type": "Index Scan","Parent Relationship": "Inner","Parallel Aware": false,"Async Capable": false,"Scan Direction": "Forward","Index Name": "idx_lineitem_orderkey","Relation Name": "lineitem","Alias": "l2","Startup Cost": 0.43,"Total Cost": 1.02,"Plan Rows": 17,"Plan Width": 8,"Actual Startup Time": 0.007,"Actual Total Time": 0.007,"Actual Rows": 1,"Actual Loops": 13965,"Index Cond": "(l_orderkey = l1.l_orderkey)","Rows Removed by Index Recheck": 0,"Filter": "(l_suppkey <> l1.l_suppkey)","Rows Removed by Filter": 1}]},{"Node Type": "Index Scan","Parent Relationship": "Inner","Parallel Aware": false,"Async Capable": false,"Scan Direction": "Forward","Index Name": "orders_pkey","Relation Name": "orders","Alias": "orders","Startup Cost": 0.43,"Total Cost": 0.51,"Plan Rows": 1,"Plan Width": 4,"Actual Startup Time": 0.007,"Actual Total Time": 0.007,"Actual Rows": 0,"Actual Loops": 8320,"Index Cond": "(o_orderkey = l1.l_orderkey)","Rows Removed by Index Recheck": 0,"Filter": "(o_orderstatus = 'F'::bpchar)","Rows Removed by Filter": 1}]}]}]}]},"Planning Time": 8.753,"Triggers": [],"Execution Time": 523.514}]
