[{"Plan": {"Node Type": "Sort","Parallel Aware": false,"Async Capable": false,"Startup Cost": 182592.89,"Total Cost": 183397.43,"Plan Rows": 321819,"Plan Width": 44,"Actual Startup Time": 475.105,"Actual Total Time": 484.133,"Actual Rows": 11438,"Actual Loops": 1,"Sort Key": ["(sum((lineitem.l_extendedprice * ('1'::numeric - lineitem.l_discount)))) DESC", "orders.o_orderdate"],"Sort Method": "quicksort","Sort Space Used": 1099,"Sort Space Type": "Memory","Plans": [{"Node Type": "Aggregate","Strategy": "Hashed","Partial Mode": "Simple","Parent Relationship": "Outer","Parallel Aware": false,"Async Capable": false,"Startup Cost": 149130.32,"Total Cost": 153153.06,"Plan Rows": 321819,"Plan Width": 44,"Actual Startup Time": 452.613,"Actual Total Time": 476.808,"Actual Rows": 11438,"Actual Loops": 1,"Group Key": ["lineitem.l_orderkey", "orders.o_orderdate", "orders.o_shippriority"],"Planned Partitions": 0,"HashAgg Batches": 1,"Peak Memory Usage": 20497,"Disk Usage": 0,"Plans": [{"Node Type": "Gather","Parent Relationship": "Outer","Parallel Aware": false,"Async Capable": false,"Startup Cost": 5526.18,"Total Cost": 144303.04,"Plan Rows": 321819,"Plan Width": 24,"Actual Startup Time": 30.754,"Actual Total Time": 429.259,"Actual Rows": 30322,"Actual Loops": 1,"Workers Planned": 3,"Workers Launched": 3,"Single Copy": false,"Plans": [{"Node Type": "Nested Loop","Parent Relationship": "Outer","Parallel Aware": false,"Async Capable": false,"Join Type": "Inner","Startup Cost": 4526.18,"Total Cost": 111121.14,"Plan Rows": 103813,"Plan Width": 24,"Actual Startup Time": 23.702,"Actual Total Time": 435.646,"Actual Rows": 7580,"Actual Loops": 4,"Inner Unique": false,"Workers": [],"Plans": [{"Node Type": "Hash Join","Parent Relationship": "Outer","Parallel Aware": true,"Async Capable": false,"Join Type": "Inner","Startup Cost": 4525.75,"Total Cost": 37290.60,"Plan Rows": 48334,"Plan Width": 12,"Actual Startup Time": 23.486,"Actual Total Time": 196.938,"Actual Rows": 36476,"Actual Loops": 4,"Inner Unique": true,"Hash Cond": "(orders.o_custkey = customer.c_custkey)","Workers": [],"Plans": [{"Node Type": "Seq Scan","Parent Relationship": "Outer","Parallel Aware": true,"Async Capable": false,"Relation Name": "orders","Alias": "orders","Startup Cost": 0.00,"Total Cost": 32143.39,"Plan Rows": 236740,"Plan Width": 16,"Actual Startup Time": 0.040,"Actual Total Time": 105.876,"Actual Rows": 182768,"Actual Loops": 4,"Filter": "(o_orderdate < '1995-03-21'::date)","Rows Removed by Filter": 192232,"Workers": []},{"Node Type": "Hash","Parent Relationship": "Inner","Parallel Aware": true,"Async Capable": false,"Startup Cost": 4366.25,"Total Cost": 4366.25,"Plan Rows": 12760,"Plan Width": 4,"Actual Startup Time": 23.010,"Actual Total Time": 23.017,"Actual Rows": 7492,"Actual Loops": 4,"Hash Buckets": 32768,"Original Hash Buckets": 32768,"Hash Batches": 1,"Original Hash Batches": 1,"Peak Memory Usage": 1504,"Workers": [],"Plans": [{"Node Type": "Seq Scan","Parent Relationship": "Outer","Parallel Aware": true,"Async Capable": false,"Relation Name": "customer","Alias": "customer","Startup Cost": 0.00,"Total Cost": 4366.25,"Plan Rows": 12760,"Plan Width": 4,"Actual Startup Time": 0.081,"Actual Total Time": 19.478,"Actual Rows": 7492,"Actual Loops": 4,"Filter": "(c_mktsegment = 'FURNITURE'::bpchar)","Rows Removed by Filter": 30008,"Workers": []}]}]},{"Node Type": "Index Scan","Parent Relationship": "Inner","Parallel Aware": false,"Async Capable": false,"Scan Direction": "Forward","Index Name": "idx_lineitem_orderkey","Relation Name": "lineitem","Alias": "lineitem","Startup Cost": 0.43,"Total Cost": 1.44,"Plan Rows": 9,"Plan Width": 16,"Actual Startup Time": 0.006,"Actual Total Time": 0.006,"Actual Rows": 0,"Actual Loops": 145902,"Index Cond": "(l_orderkey = orders.o_orderkey)","Rows Removed by Index Recheck": 0,"Filter": "(l_shipdate > '1995-03-21'::date)","Rows Removed by Filter": 4,"Workers": []}]}]}]}]},"Planning Time": 7.416,"Triggers": [],"Execution Time": 497.778}]
[{"Plan": {"Node Type": "Sort","Parallel Aware": false,"Async Capable": false,"Startup Cost": 177616.00,"Total Cost": 178397.24,"Plan Rows": 312494,"Plan Width": 44,"Actual Startup Time": 519.004,"Actual Total Time": 529.144,"Actual Rows": 11584,"Actual Loops": 1,"Sort Key": ["(sum((lineitem.l_extendedprice * ('1'::numeric - lineitem.l_discount)))) DESC", "orders.o_orderdate"],"Sort Method": "quicksort","Sort Space Used": 1109,"Sort Space Type": "Memory","Plans": [{"Node Type": "Aggregate","Strategy": "Hashed","Partial Mode": "Simple","Parent Relationship": "Outer","Parallel Aware": false,"Async Capable": false,"Startup Cost": 145189.33,"Total Cost": 149095.50,"Plan Rows": 312494,"Plan Width": 44,"Actual Startup Time": 496.437,"Actual Total Time": 520.561,"Actual Rows": 11584,"Actual Loops": 1,"Group Key": ["lineitem.l_orderkey", "orders.o_orderdate", "orders.o_shippriority"],"Planned Partitions": 0,"HashAgg Batches": 1,"Peak Memory Usage": 20497,"Disk Usage": 0,"Plans": [{"Node Type": "Gather","Parent Relationship": "Outer","Parallel Aware": false,"Async Capable": false,"Startup Cost": 5521.58,"Total Cost": 140501.92,"Plan Rows": 312494,"Plan Width": 24,"Actual Startup Time": 32.163,"Actual Total Time": 474.614,"Actual Rows": 30569,"Actual Loops": 1,"Workers Planned": 3,"Workers Launched": 3,"Single Copy": false,"Plans": [{"Node Type": "Nested Loop","Parent Relationship": "Outer","Parallel Aware": false,"Async Capable": false,"Join Type": "Inner","Startup Cost": 4521.58,"Total Cost": 108252.52,"Plan Rows": 100805,"Plan Width": 24,"Actual Startup Time": 25.024,"Actual Total Time": 479.782,"Actual Rows": 7642,"Actual Loops": 4,"Inner Unique": false,"Workers": [],"Plans": [{"Node Type": "Hash Join","Parent Relationship": "Outer","Parallel Aware": true,"Async Capable": false,"Join Type": "Inner","Startup Cost": 4521.15,"Total Cost": 37274.95,"Plan Rows": 46103,"Plan Width": 12,"Actual Startup Time": 24.835,"Actual Total Time": 204.196,"Actual Rows": 36327,"Actual Loops": 4,"Inner Unique": true,"Hash Cond": "(orders.o_custkey = customer.c_custkey)","Workers": [],"Plans": [{"Node Type": "Seq Scan","Parent Relationship": "Outer","Parallel Aware": true,"Async Capable": false,"Relation Name": "orders","Alias": "orders","Startup Cost": 0.00,"Total Cost": 32143.39,"Plan Rows": 232531,"Plan Width": 16,"Actual Startup Time": 0.011,"Actual Total Time": 134.185,"Actual Rows": 179631,"Actual Loops": 4,"Filter": "(o_orderdate < '1995-03-01'::date)","Rows Removed by Filter": 195369,"Workers": []},{"Node Type": "Hash","Parent Relationship": "Inner","Parallel Aware": true,"Async Capable": false,"Startup Cost": 4366.25,"Total Cost": 4366.25,"Plan Rows": 12392,"Plan Width": 4,"Actual Startup Time": 24.365,"Actual Total Time": 24.371,"Actual Rows": 7536,"Actual Loops": 4,"Hash Buckets": 32768,"Original Hash Buckets": 32768,"Hash Batches": 1,"Original Hash Batches": 1,"Peak Memory Usage": 1504,"Workers": [],"Plans": [{"Node Type": "Seq Scan","Parent Relationship": "Outer","Parallel Aware": true,"Async Capable": false,"Relation Name": "customer","Alias": "customer","Startup Cost": 0.00,"Total Cost": 4366.25,"Plan Rows": 12392,"Plan Width": 4,"Actual Startup Time": 0.038,"Actual Total Time": 21.081,"Actual Rows": 7536,"Actual Loops": 4,"Filter": "(c_mktsegment = 'BUILDING'::bpchar)","Rows Removed by Filter": 29964,"Workers": []}]}]},{"Node Type": "Index Scan","Parent Relationship": "Inner","Parallel Aware": false,"Async Capable": false,"Scan Direction": "Forward","Index Name": "idx_lineitem_orderkey","Relation Name": "lineitem","Alias": "lineitem","Startup Cost": 0.43,"Total Cost": 1.45,"Plan Rows": 9,"Plan Width": 16,"Actual Startup Time": 0.007,"Actual Total Time": 0.007,"Actual Rows": 0,"Actual Loops": 145308,"Index Cond": "(l_orderkey = orders.o_orderkey)","Rows Removed by Index Recheck": 0,"Filter": "(l_shipdate > '1995-03-01'::date)","Rows Removed by Filter": 4,"Workers": []}]}]}]}]},"Planning Time": 5.947,"Triggers": [],"Execution Time": 544.830}]
[{"Plan": {"Node Type": "Sort","Parallel Aware": false,"Async Capable": false,"Startup Cost": 177778.46,"Total Cost": 178559.29,"Plan Rows": 312334,"Plan Width": 44,"Actual Startup Time": 536.081,"Actual Total Time": 545.828,"Actual Rows": 11612,"Actual Loops": 1,"Sort Key": ["(sum((lineitem.l_extendedprice * ('1'::numeric - lineitem.l_discount)))) DESC", "orders.o_orderdate"],"Sort Method": "quicksort","Sort Space Used": 1110,"Sort Space Type": "Memory","Plans": [{"Node Type": "Aggregate","Strategy": "Hashed","Partial Mode": "Simple","Parent Relationship": "Outer","Parallel Aware": false,"Async Capable": false,"Startup Cost": 145369.54,"Total Cost": 149273.72,"Plan Rows": 312334,"Plan Width": 44,"Actual Startup Time": 513.237,"Actual Total Time": 537.288,"Actual Rows": 11612,"Actual Loops": 1,"Group Key": ["lineitem.l_orderkey", "orders.o_orderdate", "orders.o_shippriority"],"Planned Partitions": 0,"HashAgg Batches": 1,"Peak Memory Usage": 20497,"Disk Usage": 0,"Plans": [{"Node Type": "Gather","Parent Relationship": "Outer","Parallel Aware": false,"Async Capable": false,"Startup Cost": 5521.58,"Total Cost": 140684.53,"Plan Rows": 312334,"Plan Width": 24,"Actual Startup Time": 30.510,"Actual Total Time": 490.222,"Actual Rows": 30533,"Actual Loops": 1,"Workers Planned": 3,"Workers Launched": 3,"Single Copy": false,"Plans": [{"Node Type": "Nested Loop","Parent Relationship": "Outer","Parallel Aware": false,"Async Capable": false,"Join Type": "Inner","Startup Cost": 4521.58,"Total Cost": 108451.13,"Plan Rows": 100753,"Plan Width": 24,"Actual Startup Time": 23.807,"Actual Total Time": 496.598,"Actual Rows": 7633,"Actual Loops": 4,"Inner Unique": false,"Workers": [],"Plans": [{"Node Type": "Hash Join","Parent Relationship": "Outer","Parallel Aware": true,"Async Capable": false,"Join Type": "Inner","Startup Cost": 4521.15,"Total Cost": 37277.96,"Plan Rows": 46330,"Plan Width": 12,"Actual Startup Time": 23.629,"Actual Total Time": 212.943,"Actual Rows": 36516,"Actual Loops": 4,"Inner Unique": true,"Hash Cond": "(orders.o_custkey = customer.c_custkey)","Workers": [],"Plans": [{"Node Type": "Seq Scan","Parent Relationship": "Outer","Parallel Aware": true,"Async Capable": false,"Relation Name": "orders","Alias": "orders","Startup Cost": 0.00,"Total Cost": 32143.39,"Plan Rows": 233677,"Plan Width": 16,"Actual Startup Time": 0.015,"Actual Total Time": 143.097,"Actual Rows": 180569,"Actual Loops": 4,"Filter": "(o_orderdate < '1995-03-07'::date)","Rows Removed by Filter": 194431,"Workers": []},{"Node Type": "Hash","Parent Relationship": "Inner","Parallel Aware": true,"Async Capable": false,"Startup Cost": 4366.25,"Total Cost": 4366.25,"Plan Rows": 12392,"Plan Width": 4,"Actual Startup Time": 23.145,"Actual Total Time": 23.150,"Actual Rows": 7536,"Actual Loops": 4,"Hash Buckets": 32768,"Original Hash Buckets": 32768,"Hash Batches": 1,"Original Hash Batches": 1,"Peak Memory Usage": 1504,"Workers": [],"Plans": [{"Node Type": "Seq Scan","Parent Relationship": "Outer","Parallel Aware": true,"Async Capable": false,"Relation Name": "customer","Alias": "customer","Startup Cost": 0.00,"Total Cost": 4366.25,"Plan Rows": 12392,"Plan Width": 4,"Actual Startup Time": 0.035,"Actual Total Time": 20.005,"Actual Rows": 7536,"Actual Loops": 4,"Filter": "(c_mktsegment = 'BUILDING'::bpchar)","Rows Removed by Filter": 29964,"Workers": []}]}]},{"Node Type": "Index Scan","Parent Relationship": "Inner","Parallel Aware": false,"Async Capable": false,"Scan Direction": "Forward","Index Name": "idx_lineitem_orderkey","Relation Name": "lineitem","Alias": "lineitem","Startup Cost": 0.43,"Total Cost": 1.45,"Plan Rows": 9,"Plan Width": 16,"Actual Startup Time": 0.007,"Actual Total Time": 0.008,"Actual Rows": 0,"Actual Loops": 146063,"Index Cond": "(l_orderkey = orders.o_orderkey)","Rows Removed by Index Recheck": 0,"Filter": "(l_shipdate > '1995-03-07'::date)","Rows Removed by Filter": 4,"Workers": []}]}]}]}]},"Planning Time": 6.452,"Triggers": [],"Execution Time": 558.881}]
[{"Plan": {"Node Type": "Sort","Parallel Aware": false,"Async Capable": false,"Startup Cost": 177970.11,"Total Cost": 178748.92,"Plan Rows": 311522,"Plan Width": 44,"Actual Startup Time": 514.350,"Actual Total Time": 525.063,"Actual Rows": 11451,"Actual Loops": 1,"Sort Key": ["(sum((lineitem.l_extendedprice * ('1'::numeric - lineitem.l_discount)))) DESC", "orders.o_orderdate"],"Sort Method": "quicksort","Sort Space Used": 1100,"Sort Space Type": "Memory","Plans": [{"Node Type": "Aggregate","Strategy": "Hashed","Partial Mode": "Simple","Parent Relationship": "Outer","Parallel Aware": false,"Async Capable": false,"Startup Cost": 145651.30,"Total Cost": 149545.33,"Plan Rows": 311522,"Plan Width": 44,"Actual Startup Time": 490.159,"Actual Total Time": 517.360,"Actual Rows": 11451,"Actual Loops": 1,"Group Key": ["lineitem.l_orderkey", "orders.o_orderdate", "orders.o_shippriority"],"Planned Partitions": 0,"HashAgg Batches": 1,"Peak Memory Usage": 20497,"Disk Usage": 0,"Plans": [{"Node Type": "Gather","Parent Relationship": "Outer","Parallel Aware": false,"Async Capable": false,"Startup Cost": 5521.08,"Total Cost": 140978.47,"Plan Rows": 311522,"Plan Width": 24,"Actual Startup Time": 30.358,"Actual Total Time": 470.399,"Actual Rows": 30172,"Actual Loops": 1,"Workers Planned": 3,"Workers Launched": 3,"Single Copy": false,"Plans": [{"Node Type": "Nested Loop","Parent Relationship": "Outer","Parallel Aware": false,"Async Capable": false,"Join Type": "Inner","Startup Cost": 4521.08,"Total Cost": 108826.27,"Plan Rows": 100491,"Plan Width": 24,"Actual Startup Time": 23.076,"Actual Total Time": 474.146,"Actual Rows": 7543,"Actual Loops": 4,"Inner Unique": false,"Workers": [],"Plans": [{"Node Type": "Hash Join","Parent Relationship": "Outer","Parallel Aware": true,"Async Capable": false,"Join Type": "Inner","Startup Cost": 4520.65,"Total Cost": 37286.59,"Plan Rows": 46870,"Plan Width": 12,"Actual Startup Time": 22.651,"Actual Total Time": 202.206,"Actual Rows": 36408,"Actual Loops": 4,"Inner Unique": true,"Hash Cond": "(orders.o_custkey = customer.c_custkey)","Workers": [],"Plans": [{"Node Type": "Seq Scan","Parent Relationship": "Outer","Parallel Aware": true,"Async Capable": false,"Relation Name": "orders","Alias": "orders","Startup Cost": 0.00,"Total Cost": 32143.39,"Plan Rows": 237155,"Plan Width": 16,"Actual Startup Time": 0.014,"Actual Total Time": 134.048,"Actual Rows": 183072,"Actual Loops": 4,"Filter": "(o_orderdate < '1995-03-23'::date)","Rows Removed by Filter": 191928,"Workers": []},{"Node Type": "Hash","Parent Relationship": "Inner","Parallel Aware": true,"Async Capable": false,"Startup Cost": 4366.25,"Total Cost": 4366.25,"Plan Rows": 12352,"Plan Width": 4,"Actual Startup Time": 22.209,"Actual Total Time": 22.212,"Actual Rows": 7438,"Actual Loops": 4,"Hash Buckets": 32768,"Original Hash Buckets": 32768,"Hash Batches": 1,"Original Hash Batches": 1,"Peak Memory Usage": 1504,"Workers": [],"Plans": [{"Node Type": "Seq Scan","Parent Relationship": "Outer","Parallel Aware": true,"Async Capable": false,"Relation Name": "customer","Alias": "customer","Startup Cost": 0.00,"Total Cost": 4366.25,"Plan Rows": 12352,"Plan Width": 4,"Actual Startup Time": 0.036,"Actual Total Time": 19.132,"Actual Rows": 7438,"Actual Loops": 4,"Filter": "(c_mktsegment = 'AUTOMOBILE'::bpchar)","Rows Removed by Filter": 30062,"Workers": []}]}]},{"Node Type": "Index Scan","Parent Relationship": "Inner","Parallel Aware": false,"Async Capable": false,"Scan Direction": "Forward","Index Name": "idx_lineitem_orderkey","Relation Name": "lineitem","Alias": "lineitem","Startup Cost": 0.43,"Total Cost": 1.44,"Plan Rows": 9,"Plan Width": 16,"Actual Startup Time": 0.007,"Actual Total Time": 0.007,"Actual Rows": 0,"Actual Loops": 145632,"Index Cond": "(l_orderkey = orders.o_orderkey)","Rows Removed by Index Recheck": 0,"Filter": "(l_shipdate > '1995-03-23'::date)","Rows Removed by Filter": 4,"Workers": []}]}]}]}]},"Planning Time": 5.292,"Triggers": [],"Execution Time": 539.091}]
[{"Plan": {"Node Type": "Sort","Parallel Aware": false,"Async Capable": false,"Startup Cost": 182467.77,"Total Cost": 183272.47,"Plan Rows": 321880,"Plan Width": 44,"Actual Startup Time": 539.955,"Actual Total Time": 550.669,"Actual Rows": 11421,"Actual Loops": 1,"Sort Key": ["(sum((lineitem.l_extendedprice * ('1'::numeric - lineitem.l_discount)))) DESC", "orders.o_orderdate"],"Sort Method": "quicksort","Sort Space Used": 1098,"Sort Space Type": "Memory","Plans": [{"Node Type": "Aggregate","Strategy": "Hashed","Partial Mode": "Simple","Parent Relationship": "Outer","Parallel Aware": false,"Async Capable": false,"Startup Cost": 148998.43,"Total Cost": 153021.93,"Plan Rows": 321880,"Plan Width": 44,"Actual Startup Time": 517.542,"Actual Total Time": 542.197,"Actual Rows": 11421,"Actual Loops": 1,"Group Key": ["lineitem.l_orderkey", "orders.o_orderdate", "orders.o_shippriority"],"Planned Partitions": 0,"HashAgg Batches": 1,"Peak Memory Usage": 20497,"Disk Usage": 0,"Plans": [{"Node Type": "Gather","Parent Relationship": "Outer","Parallel Aware": false,"Async Capable": false,"Startup Cost": 5526.18,"Total Cost": 144170.23,"Plan Rows": 321880,"Plan Width": 24,"Actual Startup Time": 33.465,"Actual Total Time": 493.489,"Actual Rows": 30285,"Actual Loops": 1,"Workers Planned": 3,"Workers Launched": 3,"Single Copy": false,"Plans": [{"Node Type": "Nested Loop","Parent Relationship": "Outer","Parallel Aware": false,"Async Capable": false,"Join Type": "Inner","Startup Cost": 4526.18,"Total Cost": 110982.23,"Plan Rows": 103832,"Plan Width": 24,"Actual Startup Time": 26.640,"Actual Total Time": 500.298,"Actual Rows": 7571,"Actual Loops": 4,"Inner Unique": false,"Workers": [],"Plans": [{"Node Type": "Hash Join","Parent Relationship": "Outer","Parallel Aware": true,"Async Capable": false,"Join Type": "Inner","Startup Cost": 4525.75,"Total Cost": 37288.55,"Plan Rows": 48175,"Plan Width": 12,"Actual Startup Time": 26.440,"Actual Total Time": 221.692,"Actual Rows": 36348,"Actual Loops": 4,"Inner Unique": true,"Hash Cond": "(orders.o_custkey = customer.c_custkey)","Workers": [],"Plans": [{"Node Type": "Seq Scan","Parent Relationship": "Outer","Parallel Aware": true,"Async Capable": false,"Relation Name": "orders","Alias": "orders","Startup Cost": 0.00,"Total Cost": 32143.39,"Plan Rows": 235959,"Plan Width": 16,"Actual Startup Time": 0.015,"Actual Total Time": 142.630,"Actual Rows": 182140,"Actual Loops": 4,"Filter": "(o_orderdate < '1995-03-17'::date)","Rows Removed by Filter": 192860,"Workers": []},{"Node Type": "Hash","Parent Relationship": "Inner","Parallel Aware": true,"Async Capable": false,"Startup Cost": 4366.25,"Total Cost": 4366.25,"Plan Rows": 12760,"Plan Width": 4,"Actual Startup Time": 25.972,"Actual Total Time": 25.976,"Actual Rows": 7492,"Actual Loops": 4,"Hash Buckets": 32768,"Original Hash Buckets": 32768,"Hash Batches": 1,"Original Hash Batches": 1,"Peak Memory Usage": 1472,"Workers": [],"Plans": [{"Node Type": "Seq Scan","Parent Relationship": "Outer","Parallel Aware": true,"Async Capable": false,"Relation Name": "customer","Alias": "customer","Startup Cost": 0.00,"Total Cost": 4366.25,"Plan Rows": 12760,"Plan Width": 4,"Actual Startup Time": 0.043,"Actual Total Time": 22.170,"Actual Rows": 7492,"Actual Loops": 4,"Filter": "(c_mktsegment = 'FURNITURE'::bpchar)","Rows Removed by Filter": 30008,"Workers": []}]}]},{"Node Type": "Index Scan","Parent Relationship": "Inner","Parallel Aware": false,"Async Capable": false,"Scan Direction": "Forward","Index Name": "idx_lineitem_orderkey","Relation Name": "lineitem","Alias": "lineitem","Startup Cost": 0.43,"Total Cost": 1.44,"Plan Rows": 9,"Plan Width": 16,"Actual Startup Time": 0.007,"Actual Total Time": 0.007,"Actual Rows": 0,"Actual Loops": 145393,"Index Cond": "(l_orderkey = orders.o_orderkey)","Rows Removed by Index Recheck": 0,"Filter": "(l_shipdate > '1995-03-17'::date)","Rows Removed by Filter": 4,"Workers": []}]}]}]}]},"Planning Time": 5.969,"Triggers": [],"Execution Time": 563.361}]
[{"Plan": {"Node Type": "Sort","Parallel Aware": false,"Async Capable": false,"Startup Cost": 178460.87,"Total Cost": 179242.17,"Plan Rows": 312520,"Plan Width": 44,"Actual Startup Time": 548.781,"Actual Total Time": 558.267,"Actual Rows": 11663,"Actual Loops": 1,"Sort Key": ["(sum((lineitem.l_extendedprice * ('1'::numeric - lineitem.l_discount)))) DESC", "orders.o_orderdate"],"Sort Method": "quicksort","Sort Space Used": 1113,"Sort Space Type": "Memory","Plans": [{"Node Type": "Aggregate","Strategy": "Hashed","Partial Mode": "Simple","Parent Relationship": "Outer","Parallel Aware": false,"Async Capable": false,"Startup Cost": 146031.32,"Total Cost": 149937.82,"Plan Rows": 312520,"Plan Width": 44,"Actual Startup Time": 525.637,"Actual Total Time": 549.511,"Actual Rows": 11663,"Actual Loops": 1,"Group Key": ["lineitem.l_orderkey", "orders.o_orderdate", "orders.o_shippriority"],"Planned Partitions": 0,"HashAgg Batches": 1,"Peak Memory Usage": 20497,"Disk Usage": 0,"Plans": [{"Node Type": "Gather","Parent Relationship": "Outer","Parallel Aware": false,"Async Capable": false,"Startup Cost": 5521.58,"Total Cost": 141343.52,"Plan Rows": 312520,"Plan Width": 24,"Actual Startup Time": 32.530,"Actual Total Time": 502.083,"Actual Rows": 30536,"Actual Loops": 1,"Workers Planned": 3,"Workers Launched": 3,"Single Copy": false,"Plans": [{"Node Type": "Nested Loop","Parent Relationship": "Outer","Parallel Aware": false,"Async Capable": false,"Join Type": "Inner","Startup Cost": 4521.58,"Total Cost": 109091.52,"Plan Rows": 100813,"Plan Width": 24,"Actual Startup Time": 25.415,"Actual Total Time": 508.733,"Actual Rows": 7634,"Actual Loops": 4,"Inner Unique": false,"Workers": [],"Plans": [{"Node Type": "Hash Join","Parent Relationship": "Outer","Parallel Aware": true,"Async Capable": false,"Join Type": "Inner","Startup Cost": 4521.15,"Total Cost": 37287.64,"Plan Rows": 47061,"Plan Width": 12,"Actual Startup Time": 25.268,"Actual Total Time": 221.085,"Actual Rows": 37069,"Actual Loops": 4,"Inner Unique": true,"Hash Cond": "(orders.o_custkey = customer.c_custkey)","Workers": [],"Plans": [{"Node Type": "Seq Scan","Parent Relationship": "Outer","Parallel Aware": true,"Async Capable": false,"Relation Name": "orders","Alias": "orders","Startup Cost": 0.00,"Total Cost": 32143.39,"Plan Rows": 237363,"Plan Width": 16,"Actual Startup Time": 0.020,"Actual Total Time": 144.354,"Actual Rows": 183220,"Actual Loops": 4,"Filter": "(o_orderdate < '1995-03-24'::date)","Rows Removed by Filter": 191780,"Workers": []},{"Node Type": "Hash","Parent Relationship": "Inner","Parallel Aware": true,"Async Capable": false,"Startup Cost": 4366.25,"Total Cost": 4366.25,"Plan Rows": 12392,"Plan Width": 4,"Actual Startup Time": 24.766,"Actual Total Time": 24.772,"Actual Rows": 7536,"Actual Loops": 4,"Hash Buckets": 32768,"Original Hash Buckets": 32768,"Hash Batches": 1,"Original Hash Batches": 1,"Peak Memory Usage": 1504,"Workers": [],"Plans": [{"Node Type": "Seq Scan","Parent Relationship": "Outer","Parallel Aware": true,"Async Capable": false,"Relation Name": "customer","Alias": "customer","Startup Cost": 0.00,"Total Cost": 4366.25,"Plan Rows": 12392,"Plan Width": 4,"Actual Startup Time": 0.040,"Actual Total Time": 21.248,"Actual Rows": 7536,"Actual Loops": 4,"Filter": "(c_mktsegment = 'BUILDING'::bpchar)","Rows Removed by Filter": 29964,"Workers": []}]}]},{"Node Type": "Index Scan","Parent Relationship": "Inner","Parallel Aware": false,"Async Capable": false,"Scan Direction": "Forward","Index Name": "idx_lineitem_orderkey","Relation Name": "lineitem","Alias": "lineitem","Startup Cost": 0.43,"Total Cost": 1.44,"Plan Rows": 9,"Plan Width": 16,"Actual Startup Time": 0.007,"Actual Total Time": 0.008,"Actual Rows": 0,"Actual Loops": 148275,"Index Cond": "(l_orderkey = orders.o_orderkey)","Rows Removed by Index Recheck": 0,"Filter": "(l_shipdate > '1995-03-24'::date)","Rows Removed by Filter": 4,"Workers": []}]}]}]}]},"Planning Time": 5.284,"Triggers": [],"Execution Time": 572.726}]
[{"Plan": {"Node Type": "Sort","Parallel Aware": false,"Async Capable": false,"Startup Cost": 182667.65,"Total Cost": 183472.20,"Plan Rows": 321820,"Plan Width": 44,"Actual Startup Time": 543.744,"Actual Total Time": 552.991,"Actual Rows": 11462,"Actual Loops": 1,"Sort Key": ["(sum((lineitem.l_extendedprice * ('1'::numeric - lineitem.l_discount)))) DESC", "orders.o_orderdate"],"Sort Method": "quicksort","Sort Space Used": 1101,"Sort Space Type": "Memory","Plans": [{"Node Type": "Aggregate","Strategy": "Hashed","Partial Mode": "Simple","Parent Relationship": "Outer","Parallel Aware": false,"Async Capable": false,"Startup Cost": 149204.98,"Total Cost": 153227.73,"Plan Rows": 321820,"Plan Width": 44,"Actual Startup Time": 521.129,"Actual Total Time": 544.581,"Actual Rows": 11462,"Actual Loops": 1,"Group Key": ["lineitem.l_orderkey", "orders.o_orderdate", "orders.o_shippriority"],"Planned Partitions": 0,"HashAgg Batches": 1,"Peak Memory Usage": 20497,"Disk Usage": 0,"Plans": [{"Node Type": "Gather","Parent Relationship": "Outer","Parallel Aware": false,"Async Capable": false,"Startup Cost": 5526.18,"Total Cost": 144377.68,"Plan Rows": 321820,"Plan Width": 24,"Actual Startup Time": 32.860,"Actual Total Time": 495.078,"Actual Rows": 30397,"Actual Loops": 1,"Workers Planned": 3,"Workers Launched": 3,"Single Copy": false,"Plans": [{"Node Type": "Nested Loop","Parent Relationship": "Outer","Parallel Aware": false,"Async Capable": false,"Join Type": "Inner","Startup Cost": 4526.18,"Total Cost": 111195.68,"Plan Rows": 103813,"Plan Width": 24,"Actual Startup Time": 25.980,"Actual Total Time": 503.540,"Actual Rows": 7599,"Actual Loops": 4,"Inner Unique": false,"Workers": [],"Plans": [{"Node Type": "Hash Join","Parent Relationship": "Outer","Parallel Aware": true,"Async Capable": false,"Join Type": "Inner","Startup Cost": 4525.75,"Total Cost": 37291.69,"Plan Rows": 48419,"Plan Width": 12,"Actual Startup Time": 25.732,"Actual Total Time": 221.977,"Actual Rows": 36540,"Actual Loops": 4,"Inner Unique": true,"Hash Cond": "(orders.o_custkey = customer.c_custkey)","Workers": [],"Plans": [{"Node Type": "Seq Scan","Parent Relationship": "Outer","Parallel Aware": true,"Async Capable": false,"Relation Name": "orders","Alias": "orders","Startup Cost": 0.00,"Total Cost": 32143.39,"Plan Rows": 237155,"Plan Width": 16,"Actual Startup Time": 0.009,"Actual Total Time": 144.265,"Actual Rows": 183072,"Actual Loops": 4,"Filter": "(o_orderdate < '1995-03-23'::date)","Rows Removed by Filter": 191928,"Workers": []},{"Node Type": "Hash","Parent Relationship": "Inner","Parallel Aware": true,"Async Capable": false,"Startup Cost": 4366.25,"Total Cost": 4366.25,"Plan Rows": 12760,"Plan Width": 4,"Actual Startup Time": 25.309,"Actual Total Time": 25.314,"Actual Rows": 7492,"Actual Loops": 4,"Hash Buckets": 32768,"Original Hash Buckets": 32768,"Hash Batches": 1,"Original Hash Batches": 1,"Peak Memory Usage": 1504,"Workers": [],"Plans": [{"Node Type": "Seq Scan","Parent Relationship": "Outer","Parallel Aware": true,"Async Capable": false,"Relation Name": "customer","Alias": "customer","Startup Cost": 0.00,"Total Cost": 4366.25,"Plan Rows": 12760,"Plan Width": 4,"Actual Startup Time": 0.040,"Actual Total Time": 21.463,"Actual Rows": 7492,"Actual Loops": 4,"Filter": "(c_mktsegment = 'FURNITURE'::bpchar)","Rows Removed by Filter": 30008,"Workers": []}]}]},{"Node Type": "Index Scan","Parent Relationship": "Inner","Parallel Aware": false,"Async Capable": false,"Scan Direction": "Forward","Index Name": "idx_lineitem_orderkey","Relation Name": "lineitem","Alias": "lineitem","Startup Cost": 0.43,"Total Cost": 1.44,"Plan Rows": 9,"Plan Width": 16,"Actual Startup Time": 0.007,"Actual Total Time": 0.007,"Actual Rows": 0,"Actual Loops": 146161,"Index Cond": "(l_orderkey = orders.o_orderkey)","Rows Removed by Index Recheck": 0,"Filter": "(l_shipdate > '1995-03-23'::date)","Rows Removed by Filter": 4,"Workers": []}]}]}]}]},"Planning Time": 5.414,"Triggers": [],"Execution Time": 565.758}]
[{"Plan": {"Node Type": "Sort","Parallel Aware": false,"Async Capable": false,"Startup Cost": 178315.95,"Total Cost": 179097.25,"Plan Rows": 312519,"Plan Width": 44,"Actual Startup Time": 530.790,"Actual Total Time": 540.145,"Actual Rows": 11695,"Actual Loops": 1,"Sort Key": ["(sum((lineitem.l_extendedprice * ('1'::numeric - lineitem.l_discount)))) DESC", "orders.o_orderdate"],"Sort Method": "quicksort","Sort Space Used": 1115,"Sort Space Type": "Memory","Plans": [{"Node Type": "Aggregate","Strategy": "Hashed","Partial Mode": "Simple","Parent Relationship": "Outer","Parallel Aware": false,"Async Capable": false,"Startup Cost": 145886.50,"Total Cost": 149792.99,"Plan Rows": 312519,"Plan Width": 44,"Actual Startup Time": 507.941,"Actual Total Time": 531.521,"Actual Rows": 11695,"Actual Loops": 1,"Group Key": ["lineitem.l_orderkey", "orders.o_orderdate", "orders.o_shippriority"],"Planned Partitions": 0,"HashAgg Batches": 1,"Peak Memory Usage": 20497,"Disk Usage": 0,"Plans": [{"Node Type": "Gather","Parent Relationship": "Outer","Parallel Aware": false,"Async Capable": false,"Startup Cost": 5521.58,"Total Cost": 141198.72,"Plan Rows": 312519,"Plan Width": 24,"Actual Startup Time": 30.968,"Actual Total Time": 484.552,"Actual Rows": 30638,"Actual Loops": 1,"Workers Planned": 3,"Workers Launched": 3,"Single Copy": false,"Plans": [{"Node Type": "Nested Loop","Parent Relationship": "Outer","Parallel Aware": false,"Async Capable": false,"Join Type": "Inner","Startup Cost": 4521.58,"Total Cost": 108946.82,"Plan Rows": 100813,"Plan Width": 24,"Actual Startup Time": 24.258,"Actual Total Time": 491.424,"Actual Rows": 7660,"Actual Loops": 4,"Inner Unique": false,"Workers": [],"Plans": [{"Node Type": "Hash Join","Parent Relationship": "Outer","Parallel Aware": true,"Async Capable": false,"Join Type": "Inner","Startup Cost": 4521.15,"Total Cost": 37285.46,"Plan Rows": 46896,"Plan Width": 12,"Actual Startup Time": 24.115,"Actual Total Time": 212.379,"Actual Rows": 36950,"Actual Loops": 4,"Inner Unique": true,"Hash Cond": "(orders.o_custkey = customer.c_custkey)","Workers": [],"Plans": [{"Node Type": "Seq Scan","Parent Relationship": "Outer","Parallel Aware": true,"Async Capable": false,"Relation Name": "orders","Alias": "orders","Startup Cost": 0.00,"Total Cost": 32143.39,"Plan Rows": 236532,"Plan Width": 16,"Actual Startup Time": 0.011,"Actual Total Time": 137.773,"Actual Rows": 182617,"Actual Loops": 4,"Filter": "(o_orderdate < '1995-03-20'::date)","Rows Removed by Filter": 192383,"Workers": []},{"Node Type": "Hash","Parent Relationship": "Inner","Parallel Aware": true,"Async Capable": false,"Startup Cost": 4366.25,"Total Cost": 4366.25,"Plan Rows": 12392,"Plan Width": 4,"Actual Startup Time": 23.649,"Actual Total Time": 23.653,"Actual Rows": 7536,"Actual Loops": 4,"Hash Buckets": 32768,"Original Hash Buckets": 32768,"Hash Batches": 1,"Original Hash Batches": 1,"Peak Memory Usage": 1472,"Workers": [],"Plans": [{"Node Type": "Seq Scan","Parent Relationship": "Outer","Parallel Aware": true,"Async Capable": false,"Relation Name": "customer","Alias": "customer","Startup Cost": 0.00,"Total Cost": 4366.25,"Plan Rows": 12392,"Plan Width": 4,"Actual Startup Time": 0.032,"Actual Total Time": 20.295,"Actual Rows": 7536,"Actual Loops": 4,"Filter": "(c_mktsegment = 'BUILDING'::bpchar)","Rows Removed by Filter": 29964,"Workers": []}]}]},{"Node Type": "Index Scan","Parent Relationship": "Inner","Parallel Aware": false,"Async Capable": false,"Scan Direction": "Forward","Index Name": "idx_lineitem_orderkey","Relation Name": "lineitem","Alias": "lineitem","Startup Cost": 0.43,"Total Cost": 1.44,"Plan Rows": 9,"Plan Width": 16,"Actual Startup Time": 0.007,"Actual Total Time": 0.007,"Actual Rows": 0,"Actual Loops": 147800,"Index Cond": "(l_orderkey = orders.o_orderkey)","Rows Removed by Index Recheck": 0,"Filter": "(l_shipdate > '1995-03-20'::date)","Rows Removed by Filter": 4,"Workers": []}]}]}]}]},"Planning Time": 6.364,"Triggers": [],"Execution Time": 554.774}]
[{"Plan": {"Node Type": "Sort","Parallel Aware": false,"Async Capable": false,"Startup Cost": 182378.26,"Total Cost": 183183.11,"Plan Rows": 321937,"Plan Width": 44,"Actual Startup Time": 522.504,"Actual Total Time": 532.190,"Actual Rows": 11370,"Actual Loops": 1,"Sort Key": ["(sum((lineitem.l_extendedprice * ('1'::numeric - lineitem.l_discount)))) DESC", "orders.o_orderdate"],"Sort Method": "quicksort","Sort Space Used": 1095,"Sort Space Type": "Memory","Plans": [{"Node Type": "Aggregate","Strategy": "Hashed","Partial Mode": "Simple","Parent Relationship": "Outer","Parallel Aware": false,"Async Capable": false,"Startup Cost": 148902.58,"Total Cost": 152926.79,"Plan Rows": 321937,"Plan Width": 44,"Actual Startup Time": 500.057,"Actual Total Time": 523.810,"Actual Rows": 11370,"Actual Loops": 1,"Group Key": ["lineitem.l_orderkey", "orders.o_orderdate", "orders.o_shippriority"],"Planned Partitions": 0,"HashAgg Batches": 1,"Peak Memory Usage": 20497,"Disk Usage": 0,"Plans": [{"Node Type": "Gather","Parent Relationship": "Outer","Parallel Aware": false,"Async Capable": false,"Startup Cost": 5526.18,"Total Cost": 144073.52,"Plan Rows": 321937,"Plan Width": 24,"Actual Startup Time": 30.568,"Actual Total Time": 477.913,"Actual Rows": 30180,"Actual Loops": 1,"Workers Planned": 3,"Workers Launched": 3,"Single Copy": false,"Plans": [{"Node Type": "Nested Loop","Parent Relationship": "Outer","Parallel Aware": false,"Async Capable": false,"Join Type": "Inner","Startup Cost": 4526.18,"Total Cost": 110879.82,"Plan Rows": 103851,"Plan Width": 24,"Actual Startup Time": 23.146,"Actual Total Time": 483.326,"Actual Rows": 7545,"Actual Loops": 4,"Inner Unique": false,"Workers": [],"Plans": [{"Node Type": "Hash Join","Parent Relationship": "Outer","Parallel Aware": true,"Async Capable": false,"Join Type": "Inner","Startup Cost": 4525.75,"Total Cost": 37287.05,"Plan Rows": 48058,"Plan Width": 12,"Actual Startup Time": 22.905,"Actual Total Time": 206.744,"Actual Rows": 36248,"Actual Loops": 4,"Inner Unique": true,"Hash Cond": "(orders.o_custkey = customer.c_custkey)","Workers": [],"Plans": [{"Node Type": "Seq Scan","Parent Relationship": "Outer","Parallel Aware": true,"Async Capable": false,"Relation Name": "orders","Alias": "orders","Startup Cost": 0.00,"Total Cost": 32143.39,"Plan Rows": 235386,"Plan Width": 16,"Actual Startup Time": 0.011,"Actual Total Time": 138.075,"Actual Rows": 181666,"Actual Loops": 4,"Filter": "(o_orderdate < '1995-03-14'::date)","Rows Removed by Filter": 193334,"Workers": []},{"Node Type": "Hash","Parent Relationship": "Inner","Parallel Aware": true,"Async Capable": false,"Startup Cost": 4366.25,"Total Cost": 4366.25,"Plan Rows": 12760,"Plan Width": 4,"Actual Startup Time": 22.494,"Actual Total Time": 22.498,"Actual Rows": 7492,"Actual Loops": 4,"Hash Buckets": 32768,"Original Hash Buckets": 32768,"Hash Batches": 1,"Original Hash Batches": 1,"Peak Memory Usage": 1472,"Workers": [],"Plans": [{"Node Type": "Seq Scan","Parent Relationship": "Outer","Parallel Aware": true,"Async Capable": false,"Relation Name": "customer","Alias": "customer","Startup Cost": 0.00,"Total Cost": 4366.25,"Plan Rows": 12760,"Plan Width": 4,"Actual Startup Time": 0.034,"Actual Total Time": 19.455,"Actual Rows": 7492,"Actual Loops": 4,"Filter": "(c_mktsegment = 'FURNITURE'::bpchar)","Rows Removed by Filter": 30008,"Workers": []}]}]},{"Node Type": "Index Scan","Parent Relationship": "Inner","Parallel Aware": false,"Async Capable": false,"Scan Direction": "Forward","Index Name": "idx_lineitem_orderkey","Relation Name": "lineitem","Alias": "lineitem","Startup Cost": 0.43,"Total Cost": 1.44,"Plan Rows": 9,"Plan Width": 16,"Actual Startup Time": 0.007,"Actual Total Time": 0.007,"Actual Rows": 0,"Actual Loops": 144992,"Index Cond": "(l_orderkey = orders.o_orderkey)","Rows Removed by Index Recheck": 0,"Filter": "(l_shipdate > '1995-03-14'::date)","Rows Removed by Filter": 4,"Workers": []}]}]}]}]},"Planning Time": 5.353,"Triggers": [],"Execution Time": 547.104}]
[{"Plan": {"Node Type": "Sort","Parallel Aware": false,"Async Capable": false,"Startup Cost": 177912.48,"Total Cost": 178692.95,"Plan Rows": 312189,"Plan Width": 44,"Actual Startup Time": 523.933,"Actual Total Time": 533.295,"Actual Rows": 11626,"Actual Loops": 1,"Sort Key": ["(sum((lineitem.l_extendedprice * ('1'::numeric - lineitem.l_discount)))) DESC", "orders.o_orderdate"],"Sort Method": "quicksort","Sort Space Used": 1111,"Sort Space Type": "Memory","Plans": [{"Node Type": "Aggregate","Strategy": "Hashed","Partial Mode": "Simple","Parent Relationship": "Outer","Parallel Aware": false,"Async Capable": false,"Startup Cost": 145519.66,"Total Cost": 149422.02,"Plan Rows": 312189,"Plan Width": 44,"Actual Startup Time": 501.113,"Actual Total Time": 524.898,"Actual Rows": 11626,"Actual Loops": 1,"Group Key": ["lineitem.l_orderkey", "orders.o_orderdate", "orders.o_shippriority"],"Planned Partitions": 0,"HashAgg Batches": 1,"Peak Memory Usage": 20497,"Disk Usage": 0,"Plans": [{"Node Type": "Gather","Parent Relationship": "Outer","Parallel Aware": false,"Async Capable": false,"Startup Cost": 5521.58,"Total Cost": 140836.82,"Plan Rows": 312189,"Plan Width": 24,"Actual Startup Time": 30.575,"Actual Total Time": 478.058,"Actual Rows": 30538,"Actual Loops": 1,"Workers Planned": 3,"Workers Launched": 3,"Single Copy": false,"Plans": [{"Node Type": "Nested Loop","Parent Relationship": "Outer","Parallel Aware": false,"Async Capable": false,"Join Type": "Inner","Startup Cost": 4521.58,"Total Cost": 108617.92,"Plan Rows": 100706,"Plan Width": 24,"Actual Startup Time": 23.422,"Actual Total Time": 484.264,"Actual Rows": 7634,"Actual Loops": 4,"Inner Unique": false,"Workers": [],"Plans": [{"Node Type": "Hash Join","Parent Relationship": "Outer","Parallel Aware": true,"Async Capable": false,"Join Type": "Inner","Startup Cost": 4521.15,"Total Cost": 37280.47,"Plan Rows": 46520,"Plan Width": 12,"Actual Startup Time": 23.231,"Actual Total Time": 205.367,"Actual Rows": 36680,"Actual Loops": 4,"Inner Unique": true,"Hash Cond": "(orders.o_custkey = customer.c_custkey)","Workers": [],"Plans": [{"Node Type": "Seq Scan","Parent Relationship": "Outer","Parallel Aware": true,"Async Capable": false,"Relation Name": "orders","Alias": "orders","Startup Cost": 0.00,"Total Cost": 32143.39,"Plan Rows": 234633,"Plan Width": 16,"Actual Startup Time": 0.015,"Actual Total Time": 136.839,"Actual Rows": 181340,"Actual Loops": 4,"Filter": "(o_orderdate < '1995-03-12'::date)","Rows Removed by Filter": 193660,"Workers": []},{"Node Type": "Hash","Parent Relationship": "Inner","Parallel Aware": true,"Async Capable": false,"Startup Cost": 4366.25,"Total Cost": 4366.25,"Plan Rows": 12392,"Plan Width": 4,"Actual Startup Time": 22.825,"Actual Total Time": 22.830,"Actual Rows": 7536,"Actual Loops": 4,"Hash Buckets": 32768,"Original Hash Buckets": 32768,"Hash Batches": 1,"Original Hash Batches": 1,"Peak Memory Usage": 1504,"Workers": [],"Plans": [{"Node Type": "Seq Scan","Parent Relationship": "Outer","Parallel Aware": true,"Async Capable": false,"Relation Name": "customer","Alias": "customer","Startup Cost": 0.00,"Total Cost": 4366.25,"Plan Rows": 12392,"Plan Width": 4,"Actual Startup Time": 0.033,"Actual Total Time": 19.724,"Actual Rows": 7536,"Actual Loops": 4,"Filter": "(c_mktsegment = 'BUILDING'::bpchar)","Rows Removed by Filter": 29964,"Workers": []}]}]},{"Node Type": "Index Scan","Parent Relationship": "Inner","Parallel Aware": false,"Async Capable": false,"Scan Direction": "Forward","Index Name": "idx_lineitem_orderkey","Relation Name": "lineitem","Alias": "lineitem","Startup Cost": 0.43,"Total Cost": 1.44,"Plan Rows": 9,"Plan Width": 16,"Actual Startup Time": 0.007,"Actual Total Time": 0.007,"Actual Rows": 0,"Actual Loops": 146719,"Index Cond": "(l_orderkey = orders.o_orderkey)","Rows Removed by Index Recheck": 0,"Filter": "(l_shipdate > '1995-03-12'::date)","Rows Removed by Filter": 4,"Workers": []}]}]}]}]},"Planning Time": 5.407,"Triggers": [],"Execution Time": 547.651}]
[{"Plan": {"Node Type": "Sort","Parallel Aware": false,"Async Capable": false,"Startup Cost": 182085.45,"Total Cost": 182889.30,"Plan Rows": 321541,"Plan Width": 44,"Actual Startup Time": 517.688,"Actual Total Time": 530.011,"Actual Rows": 11375,"Actual Loops": 1,"Sort Key": ["(sum((lineitem.l_extendedprice * ('1'::numeric - lineitem.l_discount)))) DESC", "orders.o_orderdate"],"Sort Method": "quicksort","Sort Space Used": 1095,"Sort Space Type": "Memory","Plans": [{"Node Type": "Aggregate","Strategy": "Hashed","Partial Mode": "Simple","Parent Relationship": "Outer","Parallel Aware": false,"Async Capable": false,"Startup Cost": 148653.80,"Total Cost": 152673.06,"Plan Rows": 321541,"Plan Width": 44,"Actual Startup Time": 497.051,"Actual Total Time": 522.188,"Actual Rows": 11375,"Actual Loops": 1,"Group Key": ["lineitem.l_orderkey", "orders.o_orderdate", "orders.o_shippriority"],"Planned Partitions": 0,"HashAgg Batches": 1,"Peak Memory Usage": 20497,"Disk Usage": 0,"Plans": [{"Node Type": "Gather","Parent Relationship": "Outer","Parallel Aware": false,"Async Capable": false,"Startup Cost": 5526.18,"Total Cost": 143830.68,"Plan Rows": 321541,"Plan Width": 24,"Actual Startup Time": 30.466,"Actual Total Time": 478.198,"Actual Rows": 30115,"Actual Loops": 1,"Workers Planned": 3,"Workers Launched": 3,"Single Copy": false,"Plans": [{"Node Type": "Nested Loop","Parent Relationship": "Outer","Parallel Aware": false,"Async Capable": false,"Join Type": "Inner","Startup Cost": 4526.18,"Total Cost": 110676.58,"Plan Rows": 103723,"Plan Width": 24,"Actual Startup Time": 23.469,"Actual Total Time": 480.812,"Actual Rows": 7529,"Actual Loops": 4,"Inner Unique": false,"Workers": [],"Plans": [{"Node Type": "Hash Join","Parent Relationship": "Outer","Parallel Aware": true,"Async Capable": false,"Join Type": "Inner","Startup Cost": 4525.75,"Total Cost": 37284.07,"Plan Rows": 47826,"Plan Width": 12,"Actual Startup Time": 23.241,"Actual Total Time": 206.203,"Actual Rows": 36125,"Actual Loops": 4,"Inner Unique": true,"Hash Cond": "(orders.o_custkey = customer.c_custkey)","Workers": [],"Plans": [{"Node Type": "Seq Scan","Parent Relationship": "Outer","Parallel Aware": true,"Async Capable": false,"Relation Name": "orders","Alias": "orders","Startup Cost": 0.00,"Total Cost": 32143.39,"Plan Rows": 234250,"Plan Width": 16,"Actual Startup Time": 0.013,"Actual Total Time": 137.792,"Actual Rows": 181030,"Actual Loops": 4,"Filter": "(o_orderdate < '1995-03-10'::date)","Rows Removed by Filter": 193970,"Workers": []},{"Node Type": "Hash","Parent Relationship": "Inner","Parallel Aware": true,"Async Capable": false,"Startup Cost": 4366.25,"Total Cost": 4366.25,"Plan Rows": 12760,"Plan Width": 4,"Actual Startup Time": 22.817,"Actual Total Time": 22.822,"Actual Rows": 7492,"Actual Loops": 4,"Hash Buckets": 32768,"Original Hash Buckets": 32768,"Hash Batches": 1,"Original Hash Batches": 1,"Peak Memory Usage": 1504,"Workers": [],"Plans": [{"Node Type": "Seq Scan","Parent Relationship": "Outer","Parallel Aware": true,"Async Capable": false,"Relation Name": "customer","Alias": "customer","Startup Cost": 0.00,"Total Cost": 4366.25,"Plan Rows": 12760,"Plan Width": 4,"Actual Startup Time": 0.033,"Actual Total Time": 19.689,"Actual Rows": 7492,"Actual Loops": 4,"Filter": "(c_mktsegment = 'FURNITURE'::bpchar)","Rows Removed by Filter": 30008,"Workers": []}]}]},{"Node Type": "Index Scan","Parent Relationship": "Inner","Parallel Aware": false,"Async Capable": false,"Scan Direction": "Forward","Index Name": "idx_lineitem_orderkey","Relation Name": "lineitem","Alias": "lineitem","Startup Cost": 0.43,"Total Cost": 1.44,"Plan Rows": 9,"Plan Width": 16,"Actual Startup Time": 0.007,"Actual Total Time": 0.007,"Actual Rows": 0,"Actual Loops": 144500,"Index Cond": "(l_orderkey = orders.o_orderkey)","Rows Removed by Index Recheck": 0,"Filter": "(l_shipdate > '1995-03-10'::date)","Rows Removed by Filter": 4,"Workers": []}]}]}]}]},"Planning Time": 7.131,"Triggers": [],"Execution Time": 544.554}]
[{"Plan": {"Node Type": "Sort","Parallel Aware": false,"Async Capable": false,"Startup Cost": 179874.66,"Total Cost": 180662.90,"Plan Rows": 315298,"Plan Width": 44,"Actual Startup Time": 523.122,"Actual Total Time": 534.243,"Actual Rows": 11368,"Actual Loops": 1,"Sort Key": ["(sum((lineitem.l_extendedprice * ('1'::numeric - lineitem.l_discount)))) DESC", "orders.o_orderdate"],"Sort Method": "quicksort","Sort Space Used": 1095,"Sort Space Type": "Memory","Plans": [{"Node Type": "Aggregate","Strategy": "Hashed","Partial Mode": "Simple","Parent Relationship": "Outer","Parallel Aware": false,"Async Capable": false,"Startup Cost": 147136.70,"Total Cost": 151077.93,"Plan Rows": 315298,"Plan Width": 44,"Actual Startup Time": 500.257,"Actual Total Time": 526.763,"Actual Rows": 11368,"Actual Loops": 1,"Group Key": ["lineitem.l_orderkey", "orders.o_orderdate", "orders.o_shippriority"],"Planned Partitions": 0,"HashAgg Batches": 1,"Peak Memory Usage": 20497,"Disk Usage": 0,"Plans": [{"Node Type": "Gather","Parent Relationship": "Outer","Parallel Aware": false,"Async Capable": false,"Startup Cost": 5522.96,"Total Cost": 142407.23,"Plan Rows": 315298,"Plan Width": 24,"Actual Startup Time": 30.850,"Actual Total Time": 480.538,"Actual Rows": 30122,"Actual Loops": 1,"Workers Planned": 3,"Workers Launched": 3,"Single Copy": false,"Plans": [{"Node Type": "Nested Loop","Parent Relationship": "Outer","Parallel Aware": false,"Async Capable": false,"Join Type": "Inner","Startup Cost": 4522.96,"Total Cost": 109877.43,"Plan Rows": 101709,"Plan Width": 24,"Actual Startup Time": 23.598,"Actual Total Time": 483.416,"Actual Rows": 7530,"Actual Loops": 4,"Inner Unique": false,"Workers": [],"Plans": [{"Node Type": "Hash Join","Parent Relationship": "Outer","Parallel Aware": true,"Async Capable": false,"Join Type": "Inner","Startup Cost": 4522.52,"Total Cost": 37291.19,"Plan Rows": 47646,"Plan Width": 12,"Actual Startup Time": 23.474,"Actual Total Time": 206.199,"Actual Rows": 36692,"Actual Loops": 4,"Inner Unique": true,"Hash Cond": "(orders.o_custkey = customer.c_custkey)","Workers": [],"Plans": [{"Node Type": "Seq Scan","Parent Relationship": "Outer","Parallel Aware": true,"Async Capable": false,"Relation Name": "orders","Alias": "orders","Startup Cost": 0.00,"Total Cost": 32143.39,"Plan Rows": 238193,"Plan Width": 16,"Actual Startup Time": 0.012,"Actual Total Time": 137.114,"Actual Rows": 183845,"Actual Loops": 4,"Filter": "(o_orderdate < '1995-03-28'::date)","Rows Removed by Filter": 191155,"Workers": []},{"Node Type": "Hash","Parent Relationship": "Inner","Parallel Aware": true,"Async Capable": false,"Startup Cost": 4366.25,"Total Cost": 4366.25,"Plan Rows": 12502,"Plan Width": 4,"Actual Startup Time": 23.007,"Actual Total Time": 23.012,"Actual Rows": 7547,"Actual Loops": 4,"Hash Buckets": 32768,"Original Hash Buckets": 32768,"Hash Batches": 1,"Original Hash Batches": 1,"Peak Memory Usage": 1504,"Workers": [],"Plans": [{"Node Type": "Seq Scan","Parent Relationship": "Outer","Parallel Aware": true,"Async Capable": false,"Relation Name": "customer","Alias": "customer","Startup Cost": 0.00,"Total Cost": 4366.25,"Plan Rows": 12502,"Plan Width": 4,"Actual Startup Time": 0.035,"Actual Total Time": 19.918,"Actual Rows": 7547,"Actual Loops": 4,"Filter": "(c_mktsegment = 'HOUSEHOLD'::bpchar)","Rows Removed by Filter": 29953,"Workers": []}]}]},{"Node Type": "Index Scan","Parent Relationship": "Inner","Parallel Aware": false,"Async Capable": false,"Scan Direction": "Forward","Index Name": "idx_lineitem_orderkey","Relation Name": "lineitem","Alias": "lineitem","Startup Cost": 0.43,"Total Cost": 1.43,"Plan Rows": 9,"Plan Width": 16,"Actual Startup Time": 0.007,"Actual Total Time": 0.007,"Actual Rows": 0,"Actual Loops": 146767,"Index Cond": "(l_orderkey = orders.o_orderkey)","Rows Removed by Index Recheck": 0,"Filter": "(l_shipdate > '1995-03-28'::date)","Rows Removed by Filter": 4,"Workers": []}]}]}]}]},"Planning Time": 5.278,"Triggers": [],"Execution Time": 548.807}]
[{"Plan": {"Node Type": "Sort","Parallel Aware": false,"Async Capable": false,"Startup Cost": 178286.89,"Total Cost": 179068.23,"Plan Rows": 312538,"Plan Width": 44,"Actual Startup Time": 548.414,"Actual Total Time": 557.750,"Actual Rows": 11693,"Actual Loops": 1,"Sort Key": ["(sum((lineitem.l_extendedprice * ('1'::numeric - lineitem.l_discount)))) DESC", "orders.o_orderdate"],"Sort Method": "quicksort","Sort Space Used": 1115,"Sort Space Type": "Memory","Plans": [{"Node Type": "Aggregate","Strategy": "Hashed","Partial Mode": "Simple","Parent Relationship": "Outer","Parallel Aware": false,"Async Capable": false,"Startup Cost": 145855.33,"Total Cost": 149762.05,"Plan Rows": 312538,"Plan Width": 44,"Actual Startup Time": 524.991,"Actual Total Time": 548.961,"Actual Rows": 11693,"Actual Loops": 1,"Group Key": ["lineitem.l_orderkey", "orders.o_orderdate", "orders.o_shippriority"],"Planned Partitions": 0,"HashAgg Batches": 1,"Peak Memory Usage": 20497,"Disk Usage": 0,"Plans": [{"Node Type": "Gather","Parent Relationship": "Outer","Parallel Aware": false,"Async Capable": false,"Startup Cost": 5521.58,"Total Cost": 141167.26,"Plan Rows": 312538,"Plan Width": 24,"Actual Startup Time": 34.145,"Actual Total Time": 498.586,"Actual Rows": 30656,"Actual Loops": 1,"Workers Planned": 3,"Workers Launched": 3,"Single Copy": false,"Plans": [{"Node Type": "Nested Loop","Parent Relationship": "Outer","Parallel Aware": false,"Async Capable": false,"Join Type": "Inner","Startup Cost": 4521.58,"Total Cost": 108913.46,"Plan Rows": 100819,"Plan Width": 24,"Actual Startup Time": 27.351,"Actual Total Time": 507.546,"Actual Rows": 7664,"Actual Loops": 4,"Inner Unique": false,"Workers": [],"Plans": [{"Node Type": "Hash Join","Parent Relationship": "Outer","Parallel Aware": true,"Async Capable": false,"Join Type": "Inner","Startup Cost": 4521.15,"Total Cost": 37284.95,"Plan Rows": 46858,"Plan Width": 12,"Actual Startup Time": 27.116,"Actual Total Time": 224.177,"Actual Rows": 36918,"Actual Loops": 4,"Inner Unique": true,"Hash Cond": "(orders.o_custkey = customer.c_custkey)","Workers": [],"Plans": [{"Node Type": "Seq Scan","Parent Relationship": "Outer","Parallel Aware": true,"Async Capable": false,"Relation Name": "orders","Alias": "orders","Startup Cost": 0.00,"Total Cost": 32143.39,"Plan Rows": 236341,"Plan Width": 16,"Actual Startup Time": 0.020,"Actual Total Time": 144.187,"Actual Rows": 182456,"Actual Loops": 4,"Filter": "(o_orderdate < '1995-03-19'::date)","Rows Removed by Filter": 192544,"Workers": []},{"Node Type": "Hash","Parent Relationship": "Inner","Parallel Aware": true,"Async Capable": false,"Startup Cost": 4366.25,"Total Cost": 4366.25,"Plan Rows": 12392,"Plan Width": 4,"Actual Startup Time": 26.653,"Actual Total Time": 26.657,"Actual Rows": 7536,"Actual Loops": 4,"Hash Buckets": 32768,"Original Hash Buckets": 32768,"Hash Batches": 1,"Original Hash Batches": 1,"Peak Memory Usage": 1504,"Workers": [],"Plans": [{"Node Type": "Seq Scan","Parent Relationship": "Outer","Parallel Aware": true,"Async Capable": false,"Relation Name": "customer","Alias": "customer","Startup Cost": 0.00,"Total Cost": 4366.25,"Plan Rows": 12392,"Plan Width": 4,"Actual Startup Time": 0.038,"Actual Total Time": 22.774,"Actual Rows": 7536,"Actual Loops": 4,"Filter": "(c_mktsegment = 'BUILDING'::bpchar)","Rows Removed by Filter": 29964,"Workers": []}]}]},{"Node Type": "Index Scan","Parent Relationship": "Inner","Parallel Aware": false,"Async Capable": false,"Scan Direction": "Forward","Index Name": "idx_lineitem_orderkey","Relation Name": "lineitem","Alias": "lineitem","Startup Cost": 0.43,"Total Cost": 1.44,"Plan Rows": 9,"Plan Width": 16,"Actual Startup Time": 0.007,"Actual Total Time": 0.007,"Actual Rows": 0,"Actual Loops": 147672,"Index Cond": "(l_orderkey = orders.o_orderkey)","Rows Removed by Index Recheck": 0,"Filter": "(l_shipdate > '1995-03-19'::date)","Rows Removed by Filter": 4,"Workers": []}]}]}]}]},"Planning Time": 5.587,"Triggers": [],"Execution Time": 570.036}]
[{"Plan": {"Node Type": "Sort","Parallel Aware": false,"Async Capable": false,"Startup Cost": 179016.70,"Total Cost": 179804.56,"Plan Rows": 315146,"Plan Width": 44,"Actual Startup Time": 537.094,"Actual Total Time": 547.880,"Actual Rows": 11418,"Actual Loops": 1,"Sort Key": ["(sum((lineitem.l_extendedprice * ('1'::numeric - lineitem.l_discount)))) DESC", "orders.o_orderdate"],"Sort Method": "quicksort","Sort Space Used": 1098,"Sort Space Type": "Memory","Plans": [{"Node Type": "Aggregate","Strategy": "Hashed","Partial Mode": "Simple","Parent Relationship": "Outer","Parallel Aware": false,"Async Capable": false,"Startup Cost": 146295.62,"Total Cost": 150234.95,"Plan Rows": 315146,"Plan Width": 44,"Actual Startup Time": 514.632,"Actual Total Time": 539.121,"Actual Rows": 11418,"Actual Loops": 1,"Group Key": ["lineitem.l_orderkey", "orders.o_orderdate", "orders.o_shippriority"],"Planned Partitions": 0,"HashAgg Batches": 1,"Peak Memory Usage": 20497,"Disk Usage": 0,"Plans": [{"Node Type": "Gather","Parent Relationship": "Outer","Parallel Aware": false,"Async Capable": false,"Startup Cost": 5522.96,"Total Cost": 141568.43,"Plan Rows": 315146,"Plan Width": 24,"Actual Startup Time": 33.624,"Actual Total Time": 490.265,"Actual Rows": 30238,"Actual Loops": 1,"Workers Planned": 3,"Workers Launched": 3,"Single Copy": false,"Plans": [{"Node Type": "Nested Loop","Parent Relationship": "Outer","Parallel Aware": false,"Async Capable": false,"Join Type": "Inner","Startup Cost": 4522.96,"Total Cost": 109053.83,"Plan Rows": 101660,"Plan Width": 24,"Actual Startup Time": 26.604,"Actual Total Time": 497.185,"Actual Rows": 7560,"Actual Loops": 4,"Inner Unique": false,"Workers": [],"Plans": [{"Node Type": "Hash Join","Parent Relationship": "Outer","Parallel Aware": true,"Async Capable": false,"Join Type": "Inner","Startup Cost": 4522.52,"Total Cost": 37278.84,"Plan Rows": 46705,"Plan Width": 12,"Actual Startup Time": 26.480,"Actual Total Time": 219.665,"Actual Rows": 35998,"Actual Loops": 4,"Inner Unique": true,"Hash Cond": "(orders.o_custkey = customer.c_custkey)","Workers": [],"Plans": [{"Node Type": "Seq Scan","Parent Relationship": "Outer","Parallel Aware": true,"Async Capable": false,"Relation Name": "orders","Alias": "orders","Startup Cost": 0.00,"Total Cost": 32143.39,"Plan Rows": 233486,"Plan Width": 16,"Actual Startup Time": 0.013,"Actual Total Time": 141.016,"Actual Rows": 180414,"Actual Loops": 4,"Filter": "(o_orderdate < '1995-03-06'::date)","Rows Removed by Filter": 194586,"Workers": []},{"Node Type": "Hash","Parent Relationship": "Inner","Parallel Aware": true,"Async Capable": false,"Startup Cost": 4366.25,"Total Cost": 4366.25,"Plan Rows": 12502,"Plan Width": 4,"Actual Startup Time": 25.976,"Actual Total Time": 25.981,"Actual Rows": 7547,"Actual Loops": 4,"Hash Buckets": 32768,"Original Hash Buckets": 32768,"Hash Batches": 1,"Original Hash Batches": 1,"Peak Memory Usage": 1504,"Workers": [],"Plans": [{"Node Type": "Seq Scan","Parent Relationship": "Outer","Parallel Aware": true,"Async Capable": false,"Relation Name": "customer","Alias": "customer","Startup Cost": 0.00,"Total Cost": 4366.25,"Plan Rows": 12502,"Plan Width": 4,"Actual Startup Time": 0.055,"Actual Total Time": 22.063,"Actual Rows": 7547,"Actual Loops": 4,"Filter": "(c_mktsegment = 'HOUSEHOLD'::bpchar)","Rows Removed by Filter": 29953,"Workers": []}]}]},{"Node Type": "Index Scan","Parent Relationship": "Inner","Parallel Aware": false,"Async Capable": false,"Scan Direction": "Forward","Index Name": "idx_lineitem_orderkey","Relation Name": "lineitem","Alias": "lineitem","Startup Cost": 0.43,"Total Cost": 1.45,"Plan Rows": 9,"Plan Width": 16,"Actual Startup Time": 0.007,"Actual Total Time": 0.007,"Actual Rows": 0,"Actual Loops": 143994,"Index Cond": "(l_orderkey = orders.o_orderkey)","Rows Removed by Index Recheck": 0,"Filter": "(l_shipdate > '1995-03-06'::date)","Rows Removed by Filter": 4,"Workers": []}]}]}]}]},"Planning Time": 6.123,"Triggers": [],"Execution Time": 560.026}]
[{"Plan": {"Node Type": "Sort","Parallel Aware": false,"Async Capable": false,"Startup Cost": 177860.49,"Total Cost": 178639.29,"Plan Rows": 311520,"Plan Width": 44,"Actual Startup Time": 541.829,"Actual Total Time": 551.873,"Actual Rows": 11505,"Actual Loops": 1,"Sort Key": ["(sum((lineitem.l_extendedprice * ('1'::numeric - lineitem.l_discount)))) DESC", "orders.o_orderdate"],"Sort Method": "quicksort","Sort Space Used": 1104,"Sort Space Type": "Memory","Plans": [{"Node Type": "Aggregate","Strategy": "Hashed","Partial Mode": "Simple","Parent Relationship": "Outer","Parallel Aware": false,"Async Capable": false,"Startup Cost": 145541.90,"Total Cost": 149435.90,"Plan Rows": 311520,"Plan Width": 44,"Actual Startup Time": 519.093,"Actual Total Time": 543.391,"Actual Rows": 11505,"Actual Loops": 1,"Group Key": ["lineitem.l_orderkey", "orders.o_orderdate", "orders.o_shippriority"],"Planned Partitions": 0,"HashAgg Batches": 1,"Peak Memory Usage": 20497,"Disk Usage": 0,"Plans": [{"Node Type": "Gather","Parent Relationship": "Outer","Parallel Aware": false,"Async Capable": false,"Startup Cost": 5521.08,"Total Cost": 140869.10,"Plan Rows": 311520,"Plan Width": 24,"Actual Startup Time": 31.985,"Actual Total Time": 497.405,"Actual Rows": 30320,"Actual Loops": 1,"Workers Planned": 3,"Workers Launched": 3,"Single Copy": false,"Plans": [{"Node Type": "Nested Loop","Parent Relationship": "Outer","Parallel Aware": false,"Async Capable": false,"Join Type": "Inner","Startup Cost": 4521.08,"Total Cost": 108717.10,"Plan Rows": 100490,"Plan Width": 24,"Actual Startup Time": 25.142,"Actual Total Time": 502.446,"Actual Rows": 7580,"Actual Loops": 4,"Inner Unique": false,"Workers": [],"Plans": [{"Node Type": "Hash Join","Parent Relationship": "Outer","Parallel Aware": true,"Async Capable": false,"Join Type": "Inner","Startup Cost": 4520.65,"Total Cost": 37284.96,"Plan Rows": 46746,"Plan Width": 12,"Actual Startup Time": 24.701,"Actual Total Time": 219.338,"Actual Rows": 36318,"Actual Loops": 4,"Inner Unique": true,"Hash Cond": "(orders.o_custkey = customer.c_custkey)","Workers": [],"Plans": [{"Node Type": "Seq Scan","Parent Relationship": "Outer","Parallel Aware": true,"Async Capable": false,"Relation Name": "orders","Alias": "orders","Startup Cost": 0.00,"Total Cost": 32143.39,"Plan Rows": 236532,"Plan Width": 16,"Actual Startup Time": 0.017,"Actual Total Time": 145.239,"Actual Rows": 182617,"Actual Loops": 4,"Filter": "(o_orderdate < '1995-03-20'::date)","Rows Removed by Filter": 192383,"Workers": []},{"Node Type": "Hash","Parent Relationship": "Inner","Parallel Aware": true,"Async Capable": false,"Startup Cost": 4366.25,"Total Cost": 4366.25,"Plan Rows": 12352,"Plan Width": 4,"Actual Startup Time": 24.227,"Actual Total Time": 24.231,"Actual Rows": 7438,"Actual Loops": 4,"Hash Buckets": 32768,"Original Hash Buckets": 32768,"Hash Batches": 1,"Original Hash Batches": 1,"Peak Memory Usage": 1472,"Workers": [],"Plans": [{"Node Type": "Seq Scan","Parent Relationship": "Outer","Parallel Aware": true,"Async Capable": false,"Relation Name": "customer","Alias": "customer","Startup Cost": 0.00,"Total Cost": 4366.25,"Plan Rows": 12352,"Plan Width": 4,"Actual Startup Time": 0.033,"Actual Total Time": 20.942,"Actual Rows": 7438,"Actual Loops": 4,"Filter": "(c_mktsegment = 'AUTOMOBILE'::bpchar)","Rows Removed by Filter": 30062,"Workers": []}]}]},{"Node Type": "Index Scan","Parent Relationship": "Inner","Parallel Aware": false,"Async Capable": false,"Scan Direction": "Forward","Index Name": "idx_lineitem_orderkey","Relation Name": "lineitem","Alias": "lineitem","Startup Cost": 0.43,"Total Cost": 1.44,"Plan Rows": 9,"Plan Width": 16,"Actual Startup Time": 0.007,"Actual Total Time": 0.008,"Actual Rows": 0,"Actual Loops": 145271,"Index Cond": "(l_orderkey = orders.o_orderkey)","Rows Removed by Index Recheck": 0,"Filter": "(l_shipdate > '1995-03-20'::date)","Rows Removed by Filter": 4,"Workers": []}]}]}]}]},"Planning Time": 6.350,"Triggers": [],"Execution Time": 566.239}]
[{"Plan": {"Node Type": "Sort","Parallel Aware": false,"Async Capable": false,"Startup Cost": 179055.99,"Total Cost": 179842.97,"Plan Rows": 314791,"Plan Width": 44,"Actual Startup Time": 537.774,"Actual Total Time": 548.266,"Actual Rows": 11322,"Actual Loops": 1,"Sort Key": ["(sum((lineitem.l_extendedprice * ('1'::numeric - lineitem.l_discount)))) DESC", "orders.o_orderdate"],"Sort Method": "quicksort","Sort Space Used": 1092,"Sort Space Type": "Memory","Plans": [{"Node Type": "Aggregate","Strategy": "Hashed","Partial Mode": "Simple","Parent Relationship": "Outer","Parallel Aware": false,"Async Capable": false,"Startup Cost": 146374.33,"Total Cost": 150309.22,"Plan Rows": 314791,"Plan Width": 44,"Actual Startup Time": 515.635,"Actual Total Time": 540.283,"Actual Rows": 11322,"Actual Loops": 1,"Group Key": ["lineitem.l_orderkey", "orders.o_orderdate", "orders.o_shippriority"],"Planned Partitions": 0,"HashAgg Batches": 1,"Peak Memory Usage": 20497,"Disk Usage": 0,"Plans": [{"Node Type": "Gather","Parent Relationship": "Outer","Parallel Aware": false,"Async Capable": false,"Startup Cost": 5522.86,"Total Cost": 141652.47,"Plan Rows": 314791,"Plan Width": 24,"Actual Startup Time": 34.571,"Actual Total Time": 494.742,"Actual Rows": 29907,"Actual Loops": 1,"Workers Planned": 3,"Workers Launched": 3,"Single Copy": false,"Plans": [{"Node Type": "Nested Loop","Parent Relationship": "Outer","Parallel Aware": false,"Async Capable": false,"Join Type": "Inner","Startup Cost": 4522.86,"Total Cost": 109173.37,"Plan Rows": 101545,"Plan Width": 24,"Actual Startup Time": 26.901,"Actual Total Time": 498.321,"Actual Rows": 7477,"Actual Loops": 4,"Inner Unique": false,"Workers": [],"Plans": [{"Node Type": "Hash Join","Parent Relationship": "Outer","Parallel Aware": true,"Async Capable": false,"Join Type": "Inner","Startup Cost": 4522.43,"Total Cost": 37281.24,"Plan Rows": 46865,"Plan Width": 12,"Actual Startup Time": 26.671,"Actual Total Time": 217.950,"Actual Rows": 36184,"Actual Loops": 4,"Inner Unique": true,"Hash Cond": "(orders.o_custkey = customer.c_custkey)","Workers": [],"Plans": [{"Node Type": "Seq Scan","Parent Relationship": "Outer","Parallel Aware": true,"Async Capable": false,"Relation Name": "orders","Alias": "orders","Startup Cost": 0.00,"Total Cost": 32143.39,"Plan Rows": 234441,"Plan Width": 16,"Actual Startup Time": 0.014,"Actual Total Time": 141.367,"Actual Rows": 181190,"Actual Loops": 4,"Filter": "(o_orderdate < '1995-03-11'::date)","Rows Removed by Filter": 193810,"Workers": []},{"Node Type": "Hash","Parent Relationship": "Inner","Parallel Aware": true,"Async Capable": false,"Startup Cost": 4366.25,"Total Cost": 4366.25,"Plan Rows": 12494,"Plan Width": 4,"Actual Startup Time": 26.090,"Actual Total Time": 26.093,"Actual Rows": 7487,"Actual Loops": 4,"Hash Buckets": 32768,"Original Hash Buckets": 32768,"Hash Batches": 1,"Original Hash Batches": 1,"Peak Memory Usage": 1504,"Workers": [],"Plans": [{"Node Type": "Seq Scan","Parent Relationship": "Outer","Parallel Aware": true,"Async Capable": false,"Relation Name": "customer","Alias": "customer","Startup Cost": 0.00,"Total Cost": 4366.25,"Plan Rows": 12494,"Plan Width": 4,"Actual Startup Time": 0.046,"Actual Total Time": 22.703,"Actual Rows": 7487,"Actual Loops": 4,"Filter": "(c_mktsegment = 'MACHINERY'::bpchar)","Rows Removed by Filter": 30013,"Workers": []}]}]},{"Node Type": "Index Scan","Parent Relationship": "Inner","Parallel Aware": false,"Async Capable": false,"Scan Direction": "Forward","Index Name": "idx_lineitem_orderkey","Relation Name": "lineitem","Alias": "lineitem","Startup Cost": 0.43,"Total Cost": 1.44,"Plan Rows": 9,"Plan Width": 16,"Actual Startup Time": 0.007,"Actual Total Time": 0.008,"Actual Rows": 0,"Actual Loops": 144738,"Index Cond": "(l_orderkey = orders.o_orderkey)","Rows Removed by Index Recheck": 0,"Filter": "(l_shipdate > '1995-03-11'::date)","Rows Removed by Filter": 4,"Workers": []}]}]}]}]},"Planning Time": 7.099,"Triggers": [],"Execution Time": 563.222}]
[{"Plan": {"Node Type": "Sort","Parallel Aware": false,"Async Capable": false,"Startup Cost": 177970.11,"Total Cost": 178748.92,"Plan Rows": 311522,"Plan Width": 44,"Actual Startup Time": 514.350,"Actual Total Time": 525.063,"Actual Rows": 11451,"Actual Loops": 1,"Sort Key": ["(sum((lineitem.l_extendedprice * ('1'::numeric - lineitem.l_discount)))) DESC", "orders.o_orderdate"],"Sort Method": "quicksort","Sort Space Used": 1100,"Sort Space Type": "Memory","Plans": [{"Node Type": "Aggregate","Strategy": "Hashed","Partial Mode": "Simple","Parent Relationship": "Outer","Parallel Aware": false,"Async Capable": false,"Startup Cost": 145651.30,"Total Cost": 149545.33,"Plan Rows": 311522,"Plan Width": 44,"Actual Startup Time": 490.159,"Actual Total Time": 517.360,"Actual Rows": 11451,"Actual Loops": 1,"Group Key": ["lineitem.l_orderkey", "orders.o_orderdate", "orders.o_shippriority"],"Planned Partitions": 0,"HashAgg Batches": 1,"Peak Memory Usage": 20497,"Disk Usage": 0,"Plans": [{"Node Type": "Gather","Parent Relationship": "Outer","Parallel Aware": false,"Async Capable": false,"Startup Cost": 5521.08,"Total Cost": 140978.47,"Plan Rows": 311522,"Plan Width": 24,"Actual Startup Time": 30.358,"Actual Total Time": 470.399,"Actual Rows": 30172,"Actual Loops": 1,"Workers Planned": 3,"Workers Launched": 3,"Single Copy": false,"Plans": [{"Node Type": "Nested Loop","Parent Relationship": "Outer","Parallel Aware": false,"Async Capable": false,"Join Type": "Inner","Startup Cost": 4521.08,"Total Cost": 108826.27,"Plan Rows": 100491,"Plan Width": 24,"Actual Startup Time": 23.076,"Actual Total Time": 474.146,"Actual Rows": 7543,"Actual Loops": 4,"Inner Unique": false,"Workers": [],"Plans": [{"Node Type": "Hash Join","Parent Relationship": "Outer","Parallel Aware": true,"Async Capable": false,"Join Type": "Inner","Startup Cost": 4520.65,"Total Cost": 37286.59,"Plan Rows": 46870,"Plan Width": 12,"Actual Startup Time": 22.651,"Actual Total Time": 202.206,"Actual Rows": 36408,"Actual Loops": 4,"Inner Unique": true,"Hash Cond": "(orders.o_custkey = customer.c_custkey)","Workers": [],"Plans": [{"Node Type": "Seq Scan","Parent Relationship": "Outer","Parallel Aware": true,"Async Capable": false,"Relation Name": "orders","Alias": "orders","Startup Cost": 0.00,"Total Cost": 32143.39,"Plan Rows": 237155,"Plan Width": 16,"Actual Startup Time": 0.014,"Actual Total Time": 134.048,"Actual Rows": 183072,"Actual Loops": 4,"Filter": "(o_orderdate < '1995-03-23'::date)","Rows Removed by Filter": 191928,"Workers": []},{"Node Type": "Hash","Parent Relationship": "Inner","Parallel Aware": true,"Async Capable": false,"Startup Cost": 4366.25,"Total Cost": 4366.25,"Plan Rows": 12352,"Plan Width": 4,"Actual Startup Time": 22.209,"Actual Total Time": 22.212,"Actual Rows": 7438,"Actual Loops": 4,"Hash Buckets": 32768,"Original Hash Buckets": 32768,"Hash Batches": 1,"Original Hash Batches": 1,"Peak Memory Usage": 1504,"Workers": [],"Plans": [{"Node Type": "Seq Scan","Parent Relationship": "Outer","Parallel Aware": true,"Async Capable": false,"Relation Name": "customer","Alias": "customer","Startup Cost": 0.00,"Total Cost": 4366.25,"Plan Rows": 12352,"Plan Width": 4,"Actual Startup Time": 0.036,"Actual Total Time": 19.132,"Actual Rows": 7438,"Actual Loops": 4,"Filter": "(c_mktsegment = 'AUTOMOBILE'::bpchar)","Rows Removed by Filter": 30062,"Workers": []}]}]},{"Node Type": "Index Scan","Parent Relationship": "Inner","Parallel Aware": false,"Async Capable": false,"Scan Direction": "Forward","Index Name": "idx_lineitem_orderkey","Relation Name": "lineitem","Alias": "lineitem","Startup Cost": 0.43,"Total Cost": 1.44,"Plan Rows": 9,"Plan Width": 16,"Actual Startup Time": 0.007,"Actual Total Time": 0.007,"Actual Rows": 0,"Actual Loops": 145632,"Index Cond": "(l_orderkey = orders.o_orderkey)","Rows Removed by Index Recheck": 0,"Filter": "(l_shipdate > '1995-03-23'::date)","Rows Removed by Filter": 4,"Workers": []}]}]}]}]},"Planning Time": 5.292,"Triggers": [],"Execution Time": 539.091}]
[{"Plan": {"Node Type": "Sort","Parallel Aware": false,"Async Capable": false,"Startup Cost": 179851.17,"Total Cost": 180638.87,"Plan Rows": 315082,"Plan Width": 44,"Actual Startup Time": 546.335,"Actual Total Time": 556.445,"Actual Rows": 11289,"Actual Loops": 1,"Sort Key": ["(sum((lineitem.l_extendedprice * ('1'::numeric - lineitem.l_discount)))) DESC", "orders.o_orderdate"],"Sort Method": "quicksort","Sort Space Used": 1090,"Sort Space Type": "Memory","Plans": [{"Node Type": "Aggregate","Strategy": "Hashed","Partial Mode": "Simple","Parent Relationship": "Outer","Parallel Aware": false,"Async Capable": false,"Startup Cost": 147137.20,"Total Cost": 151075.73,"Plan Rows": 315082,"Plan Width": 44,"Actual Startup Time": 523.070,"Actual Total Time": 548.344,"Actual Rows": 11289,"Actual Loops": 1,"Group Key": ["lineitem.l_orderkey", "orders.o_orderdate", "orders.o_shippriority"],"Planned Partitions": 0,"HashAgg Batches": 1,"Peak Memory Usage": 20497,"Disk Usage": 0,"Plans": [{"Node Type": "Gather","Parent Relationship": "Outer","Parallel Aware": false,"Async Capable": false,"Startup Cost": 5522.86,"Total Cost": 142410.97,"Plan Rows": 315082,"Plan Width": 24,"Actual Startup Time": 33.060,"Actual Total Time": 499.358,"Actual Rows": 29911,"Actual Loops": 1,"Workers Planned": 3,"Workers Launched": 3,"Single Copy": false,"Plans": [{"Node Type": "Nested Loop","Parent Relationship": "Outer","Parallel Aware": false,"Async Capable": false,"Join Type": "Inner","Startup Cost": 4522.86,"Total Cost": 109902.77,"Plan Rows": 101639,"Plan Width": 24,"Actual Startup Time": 25.799,"Actual Total Time": 505.268,"Actual Rows": 7478,"Actual Loops": 4,"Inner Unique": false,"Workers": [],"Plans": [{"Node Type": "Hash Join","Parent Relationship": "Outer","Parallel Aware": true,"Async Capable": false,"Join Type": "Inner","Startup Cost": 4522.43,"Total Cost": 37292.18,"Plan Rows": 47698,"Plan Width": 12,"Actual Startup Time": 25.416,"Actual Total Time": 219.516,"Actual Rows": 36776,"Actual Loops": 4,"Inner Unique": true,"Hash Cond": "(orders.o_custkey = customer.c_custkey)","Workers": [],"Plans": [{"Node Type": "Seq Scan","Parent Relationship": "Outer","Parallel Aware": true,"Async Capable": false,"Relation Name": "orders","Alias": "orders","Startup Cost": 0.00,"Total Cost": 32143.39,"Plan Rows": 238609,"Plan Width": 16,"Actual Startup Time": 0.008,"Actual Total Time": 143.145,"Actual Rows": 184142,"Actual Loops": 4,"Filter": "(o_orderdate < '1995-03-30'::date)","Rows Removed by Filter": 190858,"Workers": []},{"Node Type": "Hash","Parent Relationship": "Inner","Parallel Aware": true,"Async Capable": false,"Startup Cost": 4366.25,"Total Cost": 4366.25,"Plan Rows": 12494,"Plan Width": 4,"Actual Startup Time": 24.916,"Actual Total Time": 24.922,"Actual Rows": 7487,"Actual Loops": 4,"Hash Buckets": 32768,"Original Hash Buckets": 32768,"Hash Batches": 1,"Original Hash Batches": 1,"Peak Memory Usage": 1472,"Workers": [],"Plans": [{"Node Type": "Seq Scan","Parent Relationship": "Outer","Parallel Aware": true,"Async Capable": false,"Relation Name": "customer","Alias": "customer","Startup Cost": 0.00,"Total Cost": 4366.25,"Plan Rows": 12494,"Plan Width": 4,"Actual Startup Time": 0.037,"Actual Total Time": 21.079,"Actual Rows": 7487,"Actual Loops": 4,"Filter": "(c_mktsegment = 'MACHINERY'::bpchar)","Rows Removed by Filter": 30013,"Workers": []}]}]},{"Node Type": "Index Scan","Parent Relationship": "Inner","Parallel Aware": false,"Async Capable": false,"Scan Direction": "Forward","Index Name": "idx_lineitem_orderkey","Relation Name": "lineitem","Alias": "lineitem","Startup Cost": 0.43,"Total Cost": 1.43,"Plan Rows": 9,"Plan Width": 16,"Actual Startup Time": 0.007,"Actual Total Time": 0.008,"Actual Rows": 0,"Actual Loops": 147105,"Index Cond": "(l_orderkey = orders.o_orderkey)","Rows Removed by Index Recheck": 0,"Filter": "(l_shipdate > '1995-03-30'::date)","Rows Removed by Filter": 4,"Workers": []}]}]}]}]},"Planning Time": 6.634,"Triggers": [],"Execution Time": 568.444}]
[{"Plan": {"Node Type": "Sort","Parallel Aware": false,"Async Capable": false,"Startup Cost": 182526.99,"Total Cost": 183331.59,"Plan Rows": 321840,"Plan Width": 44,"Actual Startup Time": 535.239,"Actual Total Time": 545.550,"Actual Rows": 11424,"Actual Loops": 1,"Sort Key": ["(sum((lineitem.l_extendedprice * ('1'::numeric - lineitem.l_discount)))) DESC", "orders.o_orderdate"],"Sort Method": "quicksort","Sort Space Used": 1099,"Sort Space Type": "Memory","Plans": [{"Node Type": "Aggregate","Strategy": "Hashed","Partial Mode": "Simple","Parent Relationship": "Outer","Parallel Aware": false,"Async Capable": false,"Startup Cost": 149062.10,"Total Cost": 153085.10,"Plan Rows": 321840,"Plan Width": 44,"Actual Startup Time": 512.616,"Actual Total Time": 537.281,"Actual Rows": 11424,"Actual Loops": 1,"Group Key": ["lineitem.l_orderkey", "orders.o_orderdate", "orders.o_shippriority"],"Planned Partitions": 0,"HashAgg Batches": 1,"Peak Memory Usage": 20497,"Disk Usage": 0,"Plans": [{"Node Type": "Gather","Parent Relationship": "Outer","Parallel Aware": false,"Async Capable": false,"Startup Cost": 5526.18,"Total Cost": 144234.50,"Plan Rows": 321840,"Plan Width": 24,"Actual Startup Time": 33.927,"Actual Total Time": 488.217,"Actual Rows": 30221,"Actual Loops": 1,"Workers Planned": 3,"Workers Launched": 3,"Single Copy": false,"Plans": [{"Node Type": "Nested Loop","Parent Relationship": "Outer","Parallel Aware": false,"Async Capable": false,"Join Type": "Inner","Startup Cost": 4526.18,"Total Cost": 111050.50,"Plan Rows": 103819,"Plan Width": 24,"Actual Startup Time": 26.847,"Actual Total Time": 495.422,"Actual Rows": 7555,"Actual Loops": 4,"Inner Unique": false,"Workers": [],"Plans": [{"Node Type": "Hash Join","Parent Relationship": "Outer","Parallel Aware": true,"Async Capable": false,"Join Type": "Inner","Startup Cost": 4525.75,"Total Cost": 37289.55,"Plan Rows": 48253,"Plan Width": 12,"Actual Startup Time": 26.631,"Actual Total Time": 217.590,"Actual Rows": 36409,"Actual Loops": 4,"Inner Unique": true,"Hash Cond": "(orders.o_custkey = customer.c_custkey)","Workers": [],"Plans": [{"Node Type": "Seq Scan","Parent Relationship": "Outer","Parallel Aware": true,"Async Capable": false,"Relation Name": "orders","Alias": "orders","Startup Cost": 0.00,"Total Cost": 32143.39,"Plan Rows": 236341,"Plan Width": 16,"Actual Startup Time": 0.017,"Actual Total Time": 139.781,"Actual Rows": 182456,"Actual Loops": 4,"Filter": "(o_orderdate < '1995-03-19'::date)","Rows Removed by Filter": 192544,"Workers": []},{"Node Type": "Hash","Parent Relationship": "Inner","Parallel Aware": true,"Async Capable": false,"Startup Cost": 4366.25,"Total Cost": 4366.25,"Plan Rows": 12760,"Plan Width": 4,"Actual Startup Time": 26.154,"Actual Total Time": 26.158,"Actual Rows": 7492,"Actual Loops": 4,"Hash Buckets": 32768,"Original Hash Buckets": 32768,"Hash Batches": 1,"Original Hash Batches": 1,"Peak Memory Usage": 1472,"Workers": [],"Plans": [{"Node Type": "Seq Scan","Parent Relationship": "Outer","Parallel Aware": true,"Async Capable": false,"Relation Name": "customer","Alias": "customer","Startup Cost": 0.00,"Total Cost": 4366.25,"Plan Rows": 12760,"Plan Width": 4,"Actual Startup Time": 0.044,"Actual Total Time": 22.377,"Actual Rows": 7492,"Actual Loops": 4,"Filter": "(c_mktsegment = 'FURNITURE'::bpchar)","Rows Removed by Filter": 30008,"Workers": []}]}]},{"Node Type": "Index Scan","Parent Relationship": "Inner","Parallel Aware": false,"Async Capable": false,"Scan Direction": "Forward","Index Name": "idx_lineitem_orderkey","Relation Name": "lineitem","Alias": "lineitem","Startup Cost": 0.43,"Total Cost": 1.44,"Plan Rows": 9,"Plan Width": 16,"Actual Startup Time": 0.007,"Actual Total Time": 0.007,"Actual Rows": 0,"Actual Loops": 145636,"Index Cond": "(l_orderkey = orders.o_orderkey)","Rows Removed by Index Recheck": 0,"Filter": "(l_shipdate > '1995-03-19'::date)","Rows Removed by Filter": 4,"Workers": []}]}]}]}]},"Planning Time": 5.538,"Triggers": [],"Execution Time": 557.476}]
[{"Plan": {"Node Type": "Sort","Parallel Aware": false,"Async Capable": false,"Startup Cost": 179671.46,"Total Cost": 180459.20,"Plan Rows": 315094,"Plan Width": 44,"Actual Startup Time": 538.967,"Actual Total Time": 547.458,"Actual Rows": 11229,"Actual Loops": 1,"Sort Key": ["(sum((lineitem.l_extendedprice * ('1'::numeric - lineitem.l_discount)))) DESC", "orders.o_orderdate"],"Sort Method": "quicksort","Sort Space Used": 1086,"Sort Space Type": "Memory","Plans": [{"Node Type": "Aggregate","Strategy": "Hashed","Partial Mode": "Simple","Parent Relationship": "Outer","Parallel Aware": false,"Async Capable": false,"Startup Cost": 146956.16,"Total Cost": 150894.84,"Plan Rows": 315094,"Plan Width": 44,"Actual Startup Time": 516.888,"Actual Total Time": 541.823,"Actual Rows": 11229,"Actual Loops": 1,"Group Key": ["lineitem.l_orderkey", "orders.o_orderdate", "orders.o_shippriority"],"Planned Partitions": 0,"HashAgg Batches": 1,"Peak Memory Usage": 20497,"Disk Usage": 0,"Plans": [{"Node Type": "Gather","Parent Relationship": "Outer","Parallel Aware": false,"Async Capable": false,"Startup Cost": 5522.86,"Total Cost": 142229.75,"Plan Rows": 315094,"Plan Width": 24,"Actual Startup Time": 32.109,"Actual Total Time": 496.690,"Actual Rows": 29649,"Actual Loops": 1,"Workers Planned": 3,"Workers Launched": 3,"Single Copy": false,"Plans": [{"Node Type": "Nested Loop","Parent Relationship": "Outer","Parallel Aware": false,"Async Capable": false,"Join Type": "Inner","Startup Cost": 4522.86,"Total Cost": 109720.35,"Plan Rows": 101643,"Plan Width": 24,"Actual Startup Time": 24.966,"Actual Total Time": 500.149,"Actual Rows": 7412,"Actual Loops": 4,"Inner Unique": false,"Workers": [],"Plans": [{"Node Type": "Hash Join","Parent Relationship": "Outer","Parallel Aware": true,"Async Capable": false,"Join Type": "Inner","Startup Cost": 4522.43,"Total Cost": 37289.46,"Plan Rows": 47490,"Plan Width": 12,"Actual Startup Time": 24.649,"Actual Total Time": 214.572,"Actual Rows": 36612,"Actual Loops": 4,"Inner Unique": true,"Hash Cond": "(orders.o_custkey = customer.c_custkey)","Workers": [],"Plans": [{"Node Type": "Seq Scan","Parent Relationship": "Outer","Parallel Aware": true,"Async Capable": false,"Relation Name": "orders","Alias": "orders","Startup Cost": 0.00,"Total Cost": 32143.39,"Plan Rows": 237570,"Plan Width": 16,"Actual Startup Time": 0.014,"Actual Total Time": 143.665,"Actual Rows": 183364,"Actual Loops": 4,"Filter": "(o_orderdate < '1995-03-25'::date)","Rows Removed by Filter": 191636,"Workers": []},{"Node Type": "Hash","Parent Relationship": "Inner","Parallel Aware": true,"Async Capable": false,"Startup Cost": 4366.25,"Total Cost": 4366.25,"Plan Rows": 12494,"Plan Width": 4,"Actual Startup Time": 24.245,"Actual Total Time": 24.248,"Actual Rows": 7487,"Actual Loops": 4,"Hash Buckets": 32768,"Original Hash Buckets": 32768,"Hash Batches": 1,"Original Hash Batches": 1,"Peak Memory Usage": 1504,"Workers": [],"Plans": [{"Node Type": "Seq Scan","Parent Relationship": "Outer","Parallel Aware": true,"Async Capable": false,"Relation Name": "customer","Alias": "customer","Startup Cost": 0.00,"Total Cost": 4366.25,"Plan Rows": 12494,"Plan Width": 4,"Actual Startup Time": 0.027,"Actual Total Time": 20.852,"Actual Rows": 7487,"Actual Loops": 4,"Filter": "(c_mktsegment = 'MACHINERY'::bpchar)","Rows Removed by Filter": 30013,"Workers": []}]}]},{"Node Type": "Index Scan","Parent Relationship": "Inner","Parallel Aware": false,"Async Capable": false,"Scan Direction": "Forward","Index Name": "idx_lineitem_orderkey","Relation Name": "lineitem","Alias": "lineitem","Startup Cost": 0.43,"Total Cost": 1.44,"Plan Rows": 9,"Plan Width": 16,"Actual Startup Time": 0.007,"Actual Total Time": 0.008,"Actual Rows": 0,"Actual Loops": 146446,"Index Cond": "(l_orderkey = orders.o_orderkey)","Rows Removed by Index Recheck": 0,"Filter": "(l_shipdate > '1995-03-25'::date)","Rows Removed by Filter": 4,"Workers": []}]}]}]}]},"Planning Time": 5.887,"Triggers": [],"Execution Time": 562.393}]
[{"Plan": {"Node Type": "Sort","Parallel Aware": false,"Async Capable": false,"Startup Cost": 179815.21,"Total Cost": 180602.92,"Plan Rows": 315087,"Plan Width": 44,"Actual Startup Time": 545.442,"Actual Total Time": 556.177,"Actual Rows": 11273,"Actual Loops": 1,"Sort Key": ["(sum((lineitem.l_extendedprice * ('1'::numeric - lineitem.l_discount)))) DESC", "orders.o_orderdate"],"Sort Method": "quicksort","Sort Space Used": 1089,"Sort Space Type": "Memory","Plans": [{"Node Type": "Aggregate","Strategy": "Hashed","Partial Mode": "Simple","Parent Relationship": "Outer","Parallel Aware": false,"Async Capable": false,"Startup Cost": 147100.68,"Total Cost": 151039.27,"Plan Rows": 315087,"Plan Width": 44,"Actual Startup Time": 523.275,"Actual Total Time": 547.821,"Actual Rows": 11273,"Actual Loops": 1,"Group Key": ["lineitem.l_orderkey", "orders.o_orderdate", "orders.o_shippriority"],"Planned Partitions": 0,"HashAgg Batches": 1,"Peak Memory Usage": 20497,"Disk Usage": 0,"Plans": [{"Node Type": "Gather","Parent Relationship": "Outer","Parallel Aware": false,"Async Capable": false,"Startup Cost": 5522.86,"Total Cost": 142374.38,"Plan Rows": 315087,"Plan Width": 24,"Actual Startup Time": 35.614,"Actual Total Time": 499.686,"Actual Rows": 29837,"Actual Loops": 1,"Workers Planned": 3,"Workers Launched": 3,"Single Copy": false,"Plans": [{"Node Type": "Nested Loop","Parent Relationship": "Outer","Parallel Aware": false,"Async Capable": false,"Join Type": "Inner","Startup Cost": 4522.86,"Total Cost": 109865.68,"Plan Rows": 101641,"Plan Width": 24,"Actual Startup Time": 28.604,"Actual Total Time": 506.342,"Actual Rows": 7459,"Actual Loops": 4,"Inner Unique": false,"Workers": [],"Plans": [{"Node Type": "Hash Join","Parent Relationship": "Outer","Parallel Aware": true,"Async Capable": false,"Join Type": "Inner","Startup Cost": 4522.43,"Total Cost": 37291.64,"Plan Rows": 47656,"Plan Width": 12,"Actual Startup Time": 28.245,"Actual Total Time": 224.119,"Actual Rows": 36742,"Actual Loops": 4,"Inner Unique": true,"Hash Cond": "(orders.o_custkey = customer.c_custkey)","Workers": [],"Plans": [{"Node Type": "Seq Scan","Parent Relationship": "Outer","Parallel Aware": true,"Async Capable": false,"Relation Name": "orders","Alias": "orders","Startup Cost": 0.00,"Total Cost": 32143.39,"Plan Rows": 238401,"Plan Width": 16,"Actual Startup Time": 0.011,"Actual Total Time": 143.002,"Actual Rows": 183996,"Actual Loops": 4,"Filter": "(o_orderdate < '1995-03-29'::date)","Rows Removed by Filter": 191004,"Workers": []},{"Node Type": "Hash","Parent Relationship": "Inner","Parallel Aware": true,"Async Capable": false,"Startup Cost": 4366.25,"Total Cost": 4366.25,"Plan Rows": 12494,"Plan Width": 4,"Actual Startup Time": 27.815,"Actual Total Time": 27.820,"Actual Rows": 7487,"Actual Loops": 4,"Hash Buckets": 32768,"Original Hash Buckets": 32768,"Hash Batches": 1,"Original Hash Batches": 1,"Peak Memory Usage": 1536,"Workers": [],"Plans": [{"Node Type": "Seq Scan","Parent Relationship": "Outer","Parallel Aware": true,"Async Capable": false,"Relation Name": "customer","Alias": "customer","Startup Cost": 0.00,"Total Cost": 4366.25,"Plan Rows": 12494,"Plan Width": 4,"Actual Startup Time": 0.043,"Actual Total Time": 24.040,"Actual Rows": 7487,"Actual Loops": 4,"Filter": "(c_mktsegment = 'MACHINERY'::bpchar)","Rows Removed by Filter": 30013,"Workers": []}]}]},{"Node Type": "Index Scan","Parent Relationship": "Inner","Parallel Aware": false,"Async Capable": false,"Scan Direction": "Forward","Index Name": "idx_lineitem_orderkey","Relation Name": "lineitem","Alias": "lineitem","Startup Cost": 0.43,"Total Cost": 1.43,"Plan Rows": 9,"Plan Width": 16,"Actual Startup Time": 0.007,"Actual Total Time": 0.007,"Actual Rows": 0,"Actual Loops": 146969,"Index Cond": "(l_orderkey = orders.o_orderkey)","Rows Removed by Index Recheck": 0,"Filter": "(l_shipdate > '1995-03-29'::date)","Rows Removed by Filter": 4,"Workers": []}]}]}]}]},"Planning Time": 4.946,"Triggers": [],"Execution Time": 568.331}]
[{"Plan": {"Node Type": "Sort","Parallel Aware": false,"Async Capable": false,"Startup Cost": 178709.56,"Total Cost": 179490.82,"Plan Rows": 312505,"Plan Width": 44,"Actual Startup Time": 528.514,"Actual Total Time": 540.156,"Actual Rows": 11546,"Actual Loops": 1,"Sort Key": ["(sum((lineitem.l_extendedprice * ('1'::numeric - lineitem.l_discount)))) DESC", "orders.o_orderdate"],"Sort Method": "quicksort","Sort Space Used": 1106,"Sort Space Type": "Memory","Plans": [{"Node Type": "Aggregate","Strategy": "Hashed","Partial Mode": "Simple","Parent Relationship": "Outer","Parallel Aware": false,"Async Capable": false,"Startup Cost": 146281.67,"Total Cost": 150187.98,"Plan Rows": 312505,"Plan Width": 44,"Actual Startup Time": 506.011,"Actual Total Time": 532.093,"Actual Rows": 11546,"Actual Loops": 1,"Group Key": ["lineitem.l_orderkey", "orders.o_orderdate", "orders.o_shippriority"],"Planned Partitions": 0,"HashAgg Batches": 1,"Peak Memory Usage": 20497,"Disk Usage": 0,"Plans": [{"Node Type": "Gather","Parent Relationship": "Outer","Parallel Aware": false,"Async Capable": false,"Startup Cost": 5521.58,"Total Cost": 141594.09,"Plan Rows": 312505,"Plan Width": 24,"Actual Startup Time": 29.185,"Actual Total Time": 486.007,"Actual Rows": 30093,"Actual Loops": 1,"Workers Planned": 3,"Workers Launched": 3,"Single Copy": false,"Plans": [{"Node Type": "Nested Loop","Parent Relationship": "Outer","Parallel Aware": false,"Async Capable": false,"Join Type": "Inner","Startup Cost": 4521.58,"Total Cost": 109343.59,"Plan Rows": 100808,"Plan Width": 24,"Actual Startup Time": 22.378,"Actual Total Time": 489.559,"Actual Rows": 7523,"Actual Loops": 4,"Inner Unique": false,"Workers": [],"Plans": [{"Node Type": "Hash Join","Parent Relationship": "Outer","Parallel Aware": true,"Async Capable": false,"Join Type": "Inner","Startup Cost": 4521.15,"Total Cost": 37291.45,"Plan Rows": 47349,"Plan Width": 12,"Actual Startup Time": 22.258,"Actual Total Time": 205.707,"Actual Rows": 37275,"Actual Loops": 4,"Inner Unique": true,"Hash Cond": "(orders.o_custkey = customer.c_custkey)","Workers": [],"Plans": [{"Node Type": "Seq Scan","Parent Relationship": "Outer","Parallel Aware": true,"Async Capable": false,"Relation Name": "orders","Alias": "orders","Startup Cost": 0.00,"Total Cost": 32143.39,"Plan Rows": 238816,"Plan Width": 16,"Actual Startup Time": 0.008,"Actual Total Time": 138.108,"Actual Rows": 184291,"Actual Loops": 4,"Filter": "(o_orderdate < '1995-03-31'::date)","Rows Removed by Filter": 190709,"Workers": []},{"Node Type": "Hash","Parent Relationship": "Inner","Parallel Aware": true,"Async Capable": false,"Startup Cost": 4366.25,"Total Cost": 4366.25,"Plan Rows": 12392,"Plan Width": 4,"Actual Startup Time": 21.853,"Actual Total Time": 21.857,"Actual Rows": 7536,"Actual Loops": 4,"Hash Buckets": 32768,"Original Hash Buckets": 32768,"Hash Batches": 1,"Original Hash Batches": 1,"Peak Memory Usage": 1504,"Workers": [],"Plans": [{"Node Type": "Seq Scan","Parent Relationship": "Outer","Parallel Aware": true,"Async Capable": false,"Relation Name": "customer","Alias": "customer","Startup Cost": 0.00,"Total Cost": 4366.25,"Plan Rows": 12392,"Plan Width": 4,"Actual Startup Time": 0.031,"Actual Total Time": 18.871,"Actual Rows": 7536,"Actual Loops": 4,"Filter": "(c_mktsegment = 'BUILDING'::bpchar)","Rows Removed by Filter": 29964,"Workers": []}]}]},{"Node Type": "Index Scan","Parent Relationship": "Inner","Parallel Aware": false,"Async Capable": false,"Scan Direction": "Forward","Index Name": "idx_lineitem_orderkey","Relation Name": "lineitem","Alias": "lineitem","Startup Cost": 0.43,"Total Cost": 1.43,"Plan Rows": 9,"Plan Width": 16,"Actual Startup Time": 0.007,"Actual Total Time": 0.007,"Actual Rows": 0,"Actual Loops": 149101,"Index Cond": "(l_orderkey = orders.o_orderkey)","Rows Removed by Index Recheck": 0,"Filter": "(l_shipdate > '1995-03-31'::date)","Rows Removed by Filter": 4,"Workers": []}]}]}]}]},"Planning Time": 6.427,"Triggers": [],"Execution Time": 554.153}]
[{"Plan": {"Node Type": "Sort","Parallel Aware": false,"Async Capable": false,"Startup Cost": 177244.60,"Total Cost": 178023.14,"Plan Rows": 311417,"Plan Width": 44,"Actual Startup Time": 513.309,"Actual Total Time": 523.046,"Actual Rows": 11422,"Actual Loops": 1,"Sort Key": ["(sum((lineitem.l_extendedprice * ('1'::numeric - lineitem.l_discount)))) DESC", "orders.o_orderdate"],"Sort Method": "quicksort","Sort Space Used": 1098,"Sort Space Type": "Memory","Plans": [{"Node Type": "Aggregate","Strategy": "Hashed","Partial Mode": "Simple","Parent Relationship": "Outer","Parallel Aware": false,"Async Capable": false,"Startup Cost": 144937.44,"Total Cost": 148830.15,"Plan Rows": 311417,"Plan Width": 44,"Actual Startup Time": 490.992,"Actual Total Time": 514.974,"Actual Rows": 11422,"Actual Loops": 1,"Group Key": ["lineitem.l_orderkey", "orders.o_orderdate", "orders.o_shippriority"],"Planned Partitions": 0,"HashAgg Batches": 1,"Peak Memory Usage": 20497,"Disk Usage": 0,"Plans": [{"Node Type": "Gather","Parent Relationship": "Outer","Parallel Aware": false,"Async Capable": false,"Startup Cost": 5521.08,"Total Cost": 140266.19,"Plan Rows": 311417,"Plan Width": 24,"Actual Startup Time": 29.840,"Actual Total Time": 469.495,"Actual Rows": 30241,"Actual Loops": 1,"Workers Planned": 3,"Workers Launched": 3,"Single Copy": false,"Plans": [{"Node Type": "Nested Loop","Parent Relationship": "Outer","Parallel Aware": false,"Async Capable": false,"Join Type": "Inner","Startup Cost": 4521.08,"Total Cost": 108124.49,"Plan Rows": 100457,"Plan Width": 24,"Actual Startup Time": 23.026,"Actual Total Time": 474.520,"Actual Rows": 7560,"Actual Loops": 4,"Inner Unique": false,"Workers": [],"Plans": [{"Node Type": "Hash Join","Parent Relationship": "Outer","Parallel Aware": true,"Async Capable": false,"Join Type": "Inner","Startup Cost": 4520.65,"Total Cost": 37275.96,"Plan Rows": 46069,"Plan Width": 12,"Actual Startup Time": 22.598,"Actual Total Time": 203.221,"Actual Rows": 35816,"Actual Loops": 4,"Inner Unique": true,"Hash Cond": "(orders.o_custkey = customer.c_custkey)","Workers": [],"Plans": [{"Node Type": "Seq Scan","Parent Relationship": "Outer","Parallel Aware": true,"Async Capable": false,"Relation Name": "orders","Alias": "orders","Startup Cost": 0.00,"Total Cost": 32143.39,"Plan Rows": 233104,"Plan Width": 16,"Actual Startup Time": 0.011,"Actual Total Time": 135.926,"Actual Rows": 180099,"Actual Loops": 4,"Filter": "(o_orderdate < '1995-03-04'::date)","Rows Removed by Filter": 194901,"Workers": []},{"Node Type": "Hash","Parent Relationship": "Inner","Parallel Aware": true,"Async Capable": false,"Startup Cost": 4366.25,"Total Cost": 4366.25,"Plan Rows": 12352,"Plan Width": 4,"Actual Startup Time": 22.132,"Actual Total Time": 22.136,"Actual Rows": 7438,"Actual Loops": 4,"Hash Buckets": 32768,"Original Hash Buckets": 32768,"Hash Batches": 1,"Original Hash Batches": 1,"Peak Memory Usage": 1472,"Workers": [],"Plans": [{"Node Type": "Seq Scan","Parent Relationship": "Outer","Parallel Aware": true,"Async Capable": false,"Relation Name": "customer","Alias": "customer","Startup Cost": 0.00,"Total Cost": 4366.25,"Plan Rows": 12352,"Plan Width": 4,"Actual Startup Time": 0.028,"Actual Total Time": 19.170,"Actual Rows": 7438,"Actual Loops": 4,"Filter": "(c_mktsegment = 'AUTOMOBILE'::bpchar)","Rows Removed by Filter": 30062,"Workers": []}]}]},{"Node Type": "Index Scan","Parent Relationship": "Inner","Parallel Aware": false,"Async Capable": false,"Scan Direction": "Forward","Index Name": "idx_lineitem_orderkey","Relation Name": "lineitem","Alias": "lineitem","Startup Cost": 0.43,"Total Cost": 1.45,"Plan Rows": 9,"Plan Width": 16,"Actual Startup Time": 0.007,"Actual Total Time": 0.007,"Actual Rows": 0,"Actual Loops": 143266,"Index Cond": "(l_orderkey = orders.o_orderkey)","Rows Removed by Index Recheck": 0,"Filter": "(l_shipdate > '1995-03-04'::date)","Rows Removed by Filter": 4,"Workers": []}]}]}]}]},"Planning Time": 5.319,"Triggers": [],"Execution Time": 536.682}]
[{"Plan": {"Node Type": "Sort","Parallel Aware": false,"Async Capable": false,"Startup Cost": 177484.87,"Total Cost": 178262.77,"Plan Rows": 311162,"Plan Width": 44,"Actual Startup Time": 532.406,"Actual Total Time": 542.569,"Actual Rows": 11479,"Actual Loops": 1,"Sort Key": ["(sum((lineitem.l_extendedprice * ('1'::numeric - lineitem.l_discount)))) DESC", "orders.o_orderdate"],"Sort Method": "quicksort","Sort Space Used": 1102,"Sort Space Type": "Memory","Plans": [{"Node Type": "Aggregate","Strategy": "Hashed","Partial Mode": "Simple","Parent Relationship": "Outer","Parallel Aware": false,"Async Capable": false,"Startup Cost": 145206.00,"Total Cost": 149095.53,"Plan Rows": 311162,"Plan Width": 44,"Actual Startup Time": 509.558,"Actual Total Time": 534.014,"Actual Rows": 11479,"Actual Loops": 1,"Group Key": ["lineitem.l_orderkey", "orders.o_orderdate", "orders.o_shippriority"],"Planned Partitions": 0,"HashAgg Batches": 1,"Peak Memory Usage": 20497,"Disk Usage": 0,"Plans": [{"Node Type": "Gather","Parent Relationship": "Outer","Parallel Aware": false,"Async Capable": false,"Startup Cost": 5521.08,"Total Cost": 140538.57,"Plan Rows": 311162,"Plan Width": 24,"Actual Startup Time": 32.746,"Actual Total Time": 484.685,"Actual Rows": 30266,"Actual Loops": 1,"Workers Planned": 3,"Workers Launched": 3,"Single Copy": false,"Plans": [{"Node Type": "Nested Loop","Parent Relationship": "Outer","Parallel Aware": false,"Async Capable": false,"Join Type": "Inner","Startup Cost": 4521.08,"Total Cost": 108422.37,"Plan Rows": 100375,"Plan Width": 24,"Actual Startup Time": 26.107,"Actual Total Time": 492.345,"Actual Rows": 7566,"Actual Loops": 4,"Inner Unique": false,"Workers": [],"Plans": [{"Node Type": "Hash Join","Parent Relationship": "Outer","Parallel Aware": true,"Async Capable": false,"Join Type": "Inner","Startup Cost": 4520.65,"Total Cost": 37280.47,"Plan Rows": 46409,"Plan Width": 12,"Actual Startup Time": 25.672,"Actual Total Time": 217.409,"Actual Rows": 36100,"Actual Loops": 4,"Inner Unique": true,"Hash Cond": "(orders.o_custkey = customer.c_custkey)","Workers": [],"Plans": [{"Node Type": "Seq Scan","Parent Relationship": "Outer","Parallel Aware": true,"Async Capable": false,"Relation Name": "orders","Alias": "orders","Startup Cost": 0.00,"Total Cost": 32143.39,"Plan Rows": 234824,"Plan Width": 16,"Actual Startup Time": 0.015,"Actual Total Time": 140.744,"Actual Rows": 181502,"Actual Loops": 4,"Filter": "(o_orderdate < '1995-03-13'::date)","Rows Removed by Filter": 193498,"Workers": []},{"Node Type": "Hash","Parent Relationship": "Inner","Parallel Aware": true,"Async Capable": false,"Startup Cost": 4366.25,"Total Cost": 4366.25,"Plan Rows": 12352,"Plan Width": 4,"Actual Startup Time": 25.240,"Actual Total Time": 25.243,"Actual Rows": 7438,"Actual Loops": 4,"Hash Buckets": 32768,"Original Hash Buckets": 32768,"Hash Batches": 1,"Original Hash Batches": 1,"Peak Memory Usage": 1472,"Workers": [],"Plans": [{"Node Type": "Seq Scan","Parent Relationship": "Outer","Parallel Aware": true,"Async Capable": false,"Relation Name": "customer","Alias": "customer","Startup Cost": 0.00,"Total Cost": 4366.25,"Plan Rows": 12352,"Plan Width": 4,"Actual Startup Time": 0.038,"Actual Total Time": 21.534,"Actual Rows": 7438,"Actual Loops": 4,"Filter": "(c_mktsegment = 'AUTOMOBILE'::bpchar)","Rows Removed by Filter": 30062,"Workers": []}]}]},{"Node Type": "Index Scan","Parent Relationship": "Inner","Parallel Aware": false,"Async Capable": false,"Scan Direction": "Forward","Index Name": "idx_lineitem_orderkey","Relation Name": "lineitem","Alias": "lineitem","Startup Cost": 0.43,"Total Cost": 1.44,"Plan Rows": 9,"Plan Width": 16,"Actual Startup Time": 0.007,"Actual Total Time": 0.007,"Actual Rows": 0,"Actual Loops": 144399,"Index Cond": "(l_orderkey = orders.o_orderkey)","Rows Removed by Index Recheck": 0,"Filter": "(l_shipdate > '1995-03-13'::date)","Rows Removed by Filter": 4,"Workers": []}]}]}]}]},"Planning Time": 5.789,"Triggers": [],"Execution Time": 554.787}]
[{"Plan": {"Node Type": "Sort","Parallel Aware": false,"Async Capable": false,"Startup Cost": 179440.48,"Total Cost": 180228.98,"Plan Rows": 315402,"Plan Width": 44,"Actual Startup Time": 536.459,"Actual Total Time": 547.123,"Actual Rows": 11431,"Actual Loops": 1,"Sort Key": ["(sum((lineitem.l_extendedprice * ('1'::numeric - lineitem.l_discount)))) DESC", "orders.o_orderdate"],"Sort Method": "quicksort","Sort Space Used": 1099,"Sort Space Type": "Memory","Plans": [{"Node Type": "Aggregate","Strategy": "Hashed","Partial Mode": "Simple","Parent Relationship": "Outer","Parallel Aware": false,"Async Capable": false,"Startup Cost": 146690.97,"Total Cost": 150633.50,"Plan Rows": 315402,"Plan Width": 44,"Actual Startup Time": 514.238,"Actual Total Time": 538.642,"Actual Rows": 11431,"Actual Loops": 1,"Group Key": ["lineitem.l_orderkey", "orders.o_orderdate", "orders.o_shippriority"],"Planned Partitions": 0,"HashAgg Batches": 1,"Peak Memory Usage": 20497,"Disk Usage": 0,"Plans": [{"Node Type": "Gather","Parent Relationship": "Outer","Parallel Aware": false,"Async Capable": false,"Startup Cost": 5522.96,"Total Cost": 141959.94,"Plan Rows": 315402,"Plan Width": 24,"Actual Startup Time": 33.400,"Actual Total Time": 489.917,"Actual Rows": 30312,"Actual Loops": 1,"Workers Planned": 3,"Workers Launched": 3,"Single Copy": false,"Plans": [{"Node Type": "Nested Loop","Parent Relationship": "Outer","Parallel Aware": false,"Async Capable": false,"Join Type": "Inner","Startup Cost": 4522.96,"Total Cost": 109419.74,"Plan Rows": 101743,"Plan Width": 24,"Actual Startup Time": 26.755,"Actual Total Time": 497.095,"Actual Rows": 7578,"Actual Loops": 4,"Inner Unique": false,"Workers": [],"Plans": [{"Node Type": "Hash Join","Parent Relationship": "Outer","Parallel Aware": true,"Async Capable": false,"Join Type": "Inner","Startup Cost": 4522.52,"Total Cost": 37284.32,"Plan Rows": 47123,"Plan Width": 12,"Actual Startup Time": 26.609,"Actual Total Time": 219.801,"Actual Rows": 36289,"Actual Loops": 4,"Inner Unique": true,"Hash Cond": "(orders.o_custkey = customer.c_custkey)","Workers": [],"Plans": [{"Node Type": "Seq Scan","Parent Relationship": "Outer","Parallel Aware": true,"Async Capable": false,"Relation Name": "orders","Alias": "orders","Startup Cost": 0.00,"Total Cost": 32143.39,"Plan Rows": 235577,"Plan Width": 16,"Actual Startup Time": 0.015,"Actual Total Time": 140.506,"Actual Rows": 181826,"Actual Loops": 4,"Filter": "(o_orderdate < '1995-03-15'::date)","Rows Removed by Filter": 193174,"Workers": []},{"Node Type": "Hash","Parent Relationship": "Inner","Parallel Aware": true,"Async Capable": false,"Startup Cost": 4366.25,"Total Cost": 4366.25,"Plan Rows": 12502,"Plan Width": 4,"Actual Startup Time": 26.124,"Actual Total Time": 26.129,"Actual Rows": 7547,"Actual Loops": 4,"Hash Buckets": 32768,"Original Hash Buckets": 32768,"Hash Batches": 1,"Original Hash Batches": 1,"Peak Memory Usage": 1504,"Workers": [],"Plans": [{"Node Type": "Seq Scan","Parent Relationship": "Outer","Parallel Aware": true,"Async Capable": false,"Relation Name": "customer","Alias": "customer","Startup Cost": 0.00,"Total Cost": 4366.25,"Plan Rows": 12502,"Plan Width": 4,"Actual Startup Time": 0.033,"Actual Total Time": 22.453,"Actual Rows": 7547,"Actual Loops": 4,"Filter": "(c_mktsegment = 'HOUSEHOLD'::bpchar)","Rows Removed by Filter": 29953,"Workers": []}]}]},{"Node Type": "Index Scan","Parent Relationship": "Inner","Parallel Aware": false,"Async Capable": false,"Scan Direction": "Forward","Index Name": "idx_lineitem_orderkey","Relation Name": "lineitem","Alias": "lineitem","Startup Cost": 0.43,"Total Cost": 1.44,"Plan Rows": 9,"Plan Width": 16,"Actual Startup Time": 0.007,"Actual Total Time": 0.007,"Actual Rows": 0,"Actual Loops": 145157,"Index Cond": "(l_orderkey = orders.o_orderkey)","Rows Removed by Index Recheck": 0,"Filter": "(l_shipdate > '1995-03-15'::date)","Rows Removed by Filter": 4,"Workers": []}]}]}]}]},"Planning Time": 7.062,"Triggers": [],"Execution Time": 559.413}]
[{"Plan": {"Node Type": "Sort","Parallel Aware": false,"Async Capable": false,"Startup Cost": 178112.73,"Total Cost": 178891.52,"Plan Rows": 311518,"Plan Width": 44,"Actual Startup Time": 522.934,"Actual Total Time": 532.373,"Actual Rows": 11417,"Actual Loops": 1,"Sort Key": ["(sum((lineitem.l_extendedprice * ('1'::numeric - lineitem.l_discount)))) DESC", "orders.o_orderdate"],"Sort Method": "quicksort","Sort Space Used": 1098,"Sort Space Type": "Memory","Plans": [{"Node Type": "Aggregate","Strategy": "Hashed","Partial Mode": "Simple","Parent Relationship": "Outer","Parallel Aware": false,"Async Capable": false,"Startup Cost": 145794.36,"Total Cost": 149688.34,"Plan Rows": 311518,"Plan Width": 44,"Actual Startup Time": 500.103,"Actual Total Time": 524.055,"Actual Rows": 11417,"Actual Loops": 1,"Group Key": ["lineitem.l_orderkey", "orders.o_orderdate", "orders.o_shippriority"],"Planned Partitions": 0,"HashAgg Batches": 1,"Peak Memory Usage": 20497,"Disk Usage": 0,"Plans": [{"Node Type": "Gather","Parent Relationship": "Outer","Parallel Aware": false,"Async Capable": false,"Startup Cost": 5521.08,"Total Cost": 141121.59,"Plan Rows": 311518,"Plan Width": 24,"Actual Startup Time": 28.957,"Actual Total Time": 477.488,"Actual Rows": 30067,"Actual Loops": 1,"Workers Planned": 3,"Workers Launched": 3,"Single Copy": false,"Plans": [{"Node Type": "Nested Loop","Parent Relationship": "Outer","Parallel Aware": false,"Async Capable": false,"Join Type": "Inner","Startup Cost": 4521.08,"Total Cost": 108969.79,"Plan Rows": 100490,"Plan Width": 24,"Actual Startup Time": 21.979,"Actual Total Time": 483.547,"Actual Rows": 7517,"Actual Loops": 4,"Inner Unique": false,"Workers": [],"Plans": [{"Node Type": "Hash Join","Parent Relationship": "Outer","Parallel Aware": true,"Async Capable": false,"Join Type": "Inner","Startup Cost": 4520.65,"Total Cost": 37288.77,"Plan Rows": 47034,"Plan Width": 12,"Actual Startup Time": 21.556,"Actual Total Time": 204.904,"Actual Rows": 36530,"Actual Loops": 4,"Inner Unique": true,"Hash Cond": "(orders.o_custkey = customer.c_custkey)","Workers": [],"Plans": [{"Node Type": "Seq Scan","Parent Relationship": "Outer","Parallel Aware": true,"Async Capable": false,"Relation Name": "orders","Alias": "orders","Startup Cost": 0.00,"Total Cost": 32143.39,"Plan Rows": 237986,"Plan Width": 16,"Actual Startup Time": 0.013,"Actual Total Time": 137.866,"Actual Rows": 183693,"Actual Loops": 4,"Filter": "(o_orderdate < '1995-03-27'::date)","Rows Removed by Filter": 191307,"Workers": []},{"Node Type": "Hash","Parent Relationship": "Inner","Parallel Aware": true,"Async Capable": false,"Startup Cost": 4366.25,"Total Cost": 4366.25,"Plan Rows": 12352,"Plan Width": 4,"Actual Startup Time": 21.074,"Actual Total Time": 21.079,"Actual Rows": 7438,"Actual Loops": 4,"Hash Buckets": 32768,"Original Hash Buckets": 32768,"Hash Batches": 1,"Original Hash Batches": 1,"Peak Memory Usage": 1504,"Workers": [],"Plans": [{"Node Type": "Seq Scan","Parent Relationship": "Outer","Parallel Aware": true,"Async Capable": false,"Relation Name": "customer","Alias": "customer","Startup Cost": 0.00,"Total Cost": 4366.25,"Plan Rows": 12352,"Plan Width": 4,"Actual Startup Time": 0.040,"Actual Total Time": 18.187,"Actual Rows": 7438,"Actual Loops": 4,"Filter": "(c_mktsegment = 'AUTOMOBILE'::bpchar)","Rows Removed by Filter": 30062,"Workers": []}]}]},{"Node Type": "Index Scan","Parent Relationship": "Inner","Parallel Aware": false,"Async Capable": false,"Scan Direction": "Forward","Index Name": "idx_lineitem_orderkey","Relation Name": "lineitem","Alias": "lineitem","Startup Cost": 0.43,"Total Cost": 1.43,"Plan Rows": 9,"Plan Width": 16,"Actual Startup Time": 0.007,"Actual Total Time": 0.007,"Actual Rows": 0,"Actual Loops": 146120,"Index Cond": "(l_orderkey = orders.o_orderkey)","Rows Removed by Index Recheck": 0,"Filter": "(l_shipdate > '1995-03-27'::date)","Rows Removed by Filter": 4,"Workers": []}]}]}]}]},"Planning Time": 5.540,"Triggers": [],"Execution Time": 546.810}]
[{"Plan": {"Node Type": "Sort","Parallel Aware": false,"Async Capable": false,"Startup Cost": 179585.29,"Total Cost": 180373.54,"Plan Rows": 315303,"Plan Width": 44,"Actual Startup Time": 537.954,"Actual Total Time": 547.923,"Actual Rows": 11413,"Actual Loops": 1,"Sort Key": ["(sum((lineitem.l_extendedprice * ('1'::numeric - lineitem.l_discount)))) DESC", "orders.o_orderdate"],"Sort Method": "quicksort","Sort Space Used": 1098,"Sort Space Type": "Memory","Plans": [{"Node Type": "Aggregate","Strategy": "Hashed","Partial Mode": "Simple","Parent Relationship": "Outer","Parallel Aware": false,"Async Capable": false,"Startup Cost": 146846.78,"Total Cost": 150788.07,"Plan Rows": 315303,"Plan Width": 44,"Actual Startup Time": 515.276,"Actual Total Time": 539.475,"Actual Rows": 11413,"Actual Loops": 1,"Group Key": ["lineitem.l_orderkey", "orders.o_orderdate", "orders.o_shippriority"],"Planned Partitions": 0,"HashAgg Batches": 1,"Peak Memory Usage": 20497,"Disk Usage": 0,"Plans": [{"Node Type": "Gather","Parent Relationship": "Outer","Parallel Aware": false,"Async Capable": false,"Startup Cost": 5522.96,"Total Cost": 142117.23,"Plan Rows": 315303,"Plan Width": 24,"Actual Startup Time": 33.791,"Actual Total Time": 490.443,"Actual Rows": 30284,"Actual Loops": 1,"Workers Planned": 3,"Workers Launched": 3,"Single Copy": false,"Plans": [{"Node Type": "Nested Loop","Parent Relationship": "Outer","Parallel Aware": false,"Async Capable": false,"Join Type": "Inner","Startup Cost": 4522.96,"Total Cost": 109586.93,"Plan Rows": 101711,"Plan Width": 24,"Actual Startup Time": 27.000,"Actual Total Time": 498.148,"Actual Rows": 7571,"Actual Loops": 4,"Inner Unique": false,"Workers": [],"Plans": [{"Node Type": "Hash Join","Parent Relationship": "Outer","Parallel Aware": true,"Async Capable": false,"Join Type": "Inner","Startup Cost": 4522.52,"Total Cost": 37286.83,"Plan Rows": 47314,"Plan Width": 12,"Actual Startup Time": 26.881,"Actual Total Time": 219.572,"Actual Rows": 36447,"Actual Loops": 4,"Inner Unique": true,"Hash Cond": "(orders.o_custkey = customer.c_custkey)","Workers": [],"Plans": [{"Node Type": "Seq Scan","Parent Relationship": "Outer","Parallel Aware": true,"Async Capable": false,"Relation Name": "orders","Alias": "orders","Startup Cost": 0.00,"Total Cost": 32143.39,"Plan Rows": 236532,"Plan Width": 16,"Actual Startup Time": 0.007,"Actual Total Time": 140.816,"Actual Rows": 182617,"Actual Loops": 4,"Filter": "(o_orderdate < '1995-03-20'::date)","Rows Removed by Filter": 192383,"Workers": []},{"Node Type": "Hash","Parent Relationship": "Inner","Parallel Aware": true,"Async Capable": false,"Startup Cost": 4366.25,"Total Cost": 4366.25,"Plan Rows": 12502,"Plan Width": 4,"Actual Startup Time": 26.425,"Actual Total Time": 26.429,"Actual Rows": 7547,"Actual Loops": 4,"Hash Buckets": 32768,"Original Hash Buckets": 32768,"Hash Batches": 1,"Original Hash Batches": 1,"Peak Memory Usage": 1536,"Workers": [],"Plans": [{"Node Type": "Seq Scan","Parent Relationship": "Outer","Parallel Aware": true,"Async Capable": false,"Relation Name": "customer","Alias": "customer","Startup Cost": 0.00,"Total Cost": 4366.25,"Plan Rows": 12502,"Plan Width": 4,"Actual Startup Time": 0.032,"Actual Total Time": 22.594,"Actual Rows": 7547,"Actual Loops": 4,"Filter": "(c_mktsegment = 'HOUSEHOLD'::bpchar)","Rows Removed by Filter": 29953,"Workers": []}]}]},{"Node Type": "Index Scan","Parent Relationship": "Inner","Parallel Aware": false,"Async Capable": false,"Scan Direction": "Forward","Index Name": "idx_lineitem_orderkey","Relation Name": "lineitem","Alias": "lineitem","Startup Cost": 0.43,"Total Cost": 1.44,"Plan Rows": 9,"Plan Width": 16,"Actual Startup Time": 0.007,"Actual Total Time": 0.007,"Actual Rows": 0,"Actual Loops": 145787,"Index Cond": "(l_orderkey = orders.o_orderkey)","Rows Removed by Index Recheck": 0,"Filter": "(l_shipdate > '1995-03-20'::date)","Rows Removed by Filter": 4,"Workers": []}]}]}]}]},"Planning Time": 5.702,"Triggers": [],"Execution Time": 560.186}]
[{"Plan": {"Node Type": "Sort","Parallel Aware": false,"Async Capable": false,"Startup Cost": 177191.24,"Total Cost": 177969.91,"Plan Rows": 311470,"Plan Width": 44,"Actual Startup Time": 514.296,"Actual Total Time": 524.833,"Actual Rows": 11425,"Actual Loops": 1,"Sort Key": ["(sum((lineitem.l_extendedprice * ('1'::numeric - lineitem.l_discount)))) DESC", "orders.o_orderdate"],"Sort Method": "quicksort","Sort Space Used": 1099,"Sort Space Type": "Memory","Plans": [{"Node Type": "Aggregate","Strategy": "Hashed","Partial Mode": "Simple","Parent Relationship": "Outer","Parallel Aware": false,"Async Capable": false,"Startup Cost": 144878.20,"Total Cost": 148771.57,"Plan Rows": 311470,"Plan Width": 44,"Actual Startup Time": 491.185,"Actual Total Time": 517.364,"Actual Rows": 11425,"Actual Loops": 1,"Group Key": ["lineitem.l_orderkey", "orders.o_orderdate", "orders.o_shippriority"],"Planned Partitions": 0,"HashAgg Batches": 1,"Peak Memory Usage": 20497,"Disk Usage": 0,"Plans": [{"Node Type": "Gather","Parent Relationship": "Outer","Parallel Aware": false,"Async Capable": false,"Startup Cost": 5521.08,"Total Cost": 140206.15,"Plan Rows": 311470,"Plan Width": 24,"Actual Startup Time": 29.751,"Actual Total Time": 470.153,"Actual Rows": 30227,"Actual Loops": 1,"Workers Planned": 3,"Workers Launched": 3,"Single Copy": false,"Plans": [{"Node Type": "Nested Loop","Parent Relationship": "Outer","Parallel Aware": false,"Async Capable": false,"Join Type": "Inner","Startup Cost": 4521.08,"Total Cost": 108059.15,"Plan Rows": 100474,"Plan Width": 24,"Actual Startup Time": 22.858,"Actual Total Time": 474.704,"Actual Rows": 7557,"Actual Loops": 4,"Inner Unique": false,"Workers": [],"Plans": [{"Node Type": "Hash Join","Parent Relationship": "Outer","Parallel Aware": true,"Async Capable": false,"Join Type": "Inner","Startup Cost": 4520.65,"Total Cost": 37274.95,"Plan Rows": 45994,"Plan Width": 12,"Actual Startup Time": 22.472,"Actual Total Time": 203.349,"Actual Rows": 35754,"Actual Loops": 4,"Inner Unique": true,"Hash Cond": "(orders.o_custkey = customer.c_custkey)","Workers": [],"Plans": [{"Node Type": "Seq Scan","Parent Relationship": "Outer","Parallel Aware": true,"Async Capable": false,"Relation Name": "orders","Alias": "orders","Startup Cost": 0.00,"Total Cost": 32143.39,"Plan Rows": 232722,"Plan Width": 16,"Actual Startup Time": 0.011,"Actual Total Time": 135.575,"Actual Rows": 179789,"Actual Loops": 4,"Filter": "(o_orderdate < '1995-03-02'::date)","Rows Removed by Filter": 195211,"Workers": []},{"Node Type": "Hash","Parent Relationship": "Inner","Parallel Aware": true,"Async Capable": false,"Startup Cost": 4366.25,"Total Cost": 4366.25,"Plan Rows": 12352,"Plan Width": 4,"Actual Startup Time": 21.981,"Actual Total Time": 21.986,"Actual Rows": 7438,"Actual Loops": 4,"Hash Buckets": 32768,"Original Hash Buckets": 32768,"Hash Batches": 1,"Original Hash Batches": 1,"Peak Memory Usage": 1472,"Workers": [],"Plans": [{"Node Type": "Seq Scan","Parent Relationship": "Outer","Parallel Aware": true,"Async Capable": false,"Relation Name": "customer","Alias": "customer","Startup Cost": 0.00,"Total Cost": 4366.25,"Plan Rows": 12352,"Plan Width": 4,"Actual Startup Time": 0.033,"Actual Total Time": 18.902,"Actual Rows": 7438,"Actual Loops": 4,"Filter": "(c_mktsegment = 'AUTOMOBILE'::bpchar)","Rows Removed by Filter": 30062,"Workers": []}]}]},{"Node Type": "Index Scan","Parent Relationship": "Inner","Parallel Aware": false,"Async Capable": false,"Scan Direction": "Forward","Index Name": "idx_lineitem_orderkey","Relation Name": "lineitem","Alias": "lineitem","Startup Cost": 0.43,"Total Cost": 1.45,"Plan Rows": 9,"Plan Width": 16,"Actual Startup Time": 0.007,"Actual Total Time": 0.007,"Actual Rows": 0,"Actual Loops": 143017,"Index Cond": "(l_orderkey = orders.o_orderkey)","Rows Removed by Index Recheck": 0,"Filter": "(l_shipdate > '1995-03-02'::date)","Rows Removed by Filter": 4,"Workers": []}]}]}]}]},"Planning Time": 5.711,"Triggers": [],"Execution Time": 539.056}]
[{"Plan": {"Node Type": "Sort","Parallel Aware": false,"Async Capable": false,"Startup Cost": 177352.65,"Total Cost": 178130.92,"Plan Rows": 311310,"Plan Width": 44,"Actual Startup Time": 533.784,"Actual Total Time": 544.143,"Actual Rows": 11499,"Actual Loops": 1,"Sort Key": ["(sum((lineitem.l_extendedprice * ('1'::numeric - lineitem.l_discount)))) DESC", "orders.o_orderdate"],"Sort Method": "quicksort","Sort Space Used": 1103,"Sort Space Type": "Memory","Plans": [{"Node Type": "Aggregate","Strategy": "Hashed","Partial Mode": "Simple","Parent Relationship": "Outer","Parallel Aware": false,"Async Capable": false,"Startup Cost": 145057.36,"Total Cost": 148948.73,"Plan Rows": 311310,"Plan Width": 44,"Actual Startup Time": 511.266,"Actual Total Time": 535.852,"Actual Rows": 11499,"Actual Loops": 1,"Group Key": ["lineitem.l_orderkey", "orders.o_orderdate", "orders.o_shippriority"],"Planned Partitions": 0,"HashAgg Batches": 1,"Peak Memory Usage": 20497,"Disk Usage": 0,"Plans": [{"Node Type": "Gather","Parent Relationship": "Outer","Parallel Aware": false,"Async Capable": false,"Startup Cost": 5521.08,"Total Cost": 140387.71,"Plan Rows": 311310,"Plan Width": 24,"Actual Startup Time": 34.837,"Actual Total Time": 486.900,"Actual Rows": 30380,"Actual Loops": 1,"Workers Planned": 3,"Workers Launched": 3,"Single Copy": false,"Plans": [{"Node Type": "Nested Loop","Parent Relationship": "Outer","Parallel Aware": false,"Async Capable": false,"Join Type": "Inner","Startup Cost": 4521.08,"Total Cost": 108256.71,"Plan Rows": 100423,"Plan Width": 24,"Actual Startup Time": 27.929,"Actual Total Time": 493.826,"Actual Rows": 7595,"Actual Loops": 4,"Inner Unique": false,"Workers": [],"Plans": [{"Node Type": "Hash Join","Parent Relationship": "Outer","Parallel Aware": true,"Async Capable": false,"Join Type": "Inner","Startup Cost": 4520.65,"Total Cost": 37277.96,"Plan Rows": 46220,"Plan Width": 12,"Actual Startup Time": 27.418,"Actual Total Time": 218.394,"Actual Rows": 35952,"Actual Loops": 4,"Inner Unique": true,"Hash Cond": "(orders.o_custkey = customer.c_custkey)","Workers": [],"Plans": [{"Node Type": "Seq Scan","Parent Relationship": "Outer","Parallel Aware": true,"Async Capable": false,"Relation Name": "orders","Alias": "orders","Startup Cost": 0.00,"Total Cost": 32143.39,"Plan Rows": 233868,"Plan Width": 16,"Actual Startup Time": 0.015,"Actual Total Time": 139.729,"Actual Rows": 180728,"Actual Loops": 4,"Filter": "(o_orderdate < '1995-03-08'::date)","Rows Removed by Filter": 194272,"Workers": []},{"Node Type": "Hash","Parent Relationship": "Inner","Parallel Aware": true,"Async Capable": false,"Startup Cost": 4366.25,"Total Cost": 4366.25,"Plan Rows": 12352,"Plan Width": 4,"Actual Startup Time": 26.935,"Actual Total Time": 26.940,"Actual Rows": 7438,"Actual Loops": 4,"Hash Buckets": 32768,"Original Hash Buckets": 32768,"Hash Batches": 1,"Original Hash Batches": 1,"Peak Memory Usage": 1504,"Workers": [],"Plans": [{"Node Type": "Seq Scan","Parent Relationship": "Outer","Parallel Aware": true,"Async Capable": false,"Relation Name": "customer","Alias": "customer","Startup Cost": 0.00,"Total Cost": 4366.25,"Plan Rows": 12352,"Plan Width": 4,"Actual Startup Time": 0.030,"Actual Total Time": 22.975,"Actual Rows": 7438,"Actual Loops": 4,"Filter": "(c_mktsegment = 'AUTOMOBILE'::bpchar)","Rows Removed by Filter": 30062,"Workers": []}]}]},{"Node Type": "Index Scan","Parent Relationship": "Inner","Parallel Aware": false,"Async Capable": false,"Scan Direction": "Forward","Index Name": "idx_lineitem_orderkey","Relation Name": "lineitem","Alias": "lineitem","Startup Cost": 0.43,"Total Cost": 1.45,"Plan Rows": 9,"Plan Width": 16,"Actual Startup Time": 0.007,"Actual Total Time": 0.007,"Actual Rows": 0,"Actual Loops": 143810,"Index Cond": "(l_orderkey = orders.o_orderkey)","Rows Removed by Index Recheck": 0,"Filter": "(l_shipdate > '1995-03-08'::date)","Rows Removed by Filter": 4,"Workers": []}]}]}]}]},"Planning Time": 5.182,"Triggers": [],"Execution Time": 556.060}]
[{"Plan": {"Node Type": "Sort","Parallel Aware": false,"Async Capable": false,"Startup Cost": 179874.66,"Total Cost": 180662.90,"Plan Rows": 315298,"Plan Width": 44,"Actual Startup Time": 523.122,"Actual Total Time": 534.243,"Actual Rows": 11368,"Actual Loops": 1,"Sort Key": ["(sum((lineitem.l_extendedprice * ('1'::numeric - lineitem.l_discount)))) DESC", "orders.o_orderdate"],"Sort Method": "quicksort","Sort Space Used": 1095,"Sort Space Type": "Memory","Plans": [{"Node Type": "Aggregate","Strategy": "Hashed","Partial Mode": "Simple","Parent Relationship": "Outer","Parallel Aware": false,"Async Capable": false,"Startup Cost": 147136.70,"Total Cost": 151077.93,"Plan Rows": 315298,"Plan Width": 44,"Actual Startup Time": 500.257,"Actual Total Time": 526.763,"Actual Rows": 11368,"Actual Loops": 1,"Group Key": ["lineitem.l_orderkey", "orders.o_orderdate", "orders.o_shippriority"],"Planned Partitions": 0,"HashAgg Batches": 1,"Peak Memory Usage": 20497,"Disk Usage": 0,"Plans": [{"Node Type": "Gather","Parent Relationship": "Outer","Parallel Aware": false,"Async Capable": false,"Startup Cost": 5522.96,"Total Cost": 142407.23,"Plan Rows": 315298,"Plan Width": 24,"Actual Startup Time": 30.850,"Actual Total Time": 480.538,"Actual Rows": 30122,"Actual Loops": 1,"Workers Planned": 3,"Workers Launched": 3,"Single Copy": false,"Plans": [{"Node Type": "Nested Loop","Parent Relationship": "Outer","Parallel Aware": false,"Async Capable": false,"Join Type": "Inner","Startup Cost": 4522.96,"Total Cost": 109877.43,"Plan Rows": 101709,"Plan Width": 24,"Actual Startup Time": 23.598,"Actual Total Time": 483.416,"Actual Rows": 7530,"Actual Loops": 4,"Inner Unique": false,"Workers": [],"Plans": [{"Node Type": "Hash Join","Parent Relationship": "Outer","Parallel Aware": true,"Async Capable": false,"Join Type": "Inner","Startup Cost": 4522.52,"Total Cost": 37291.19,"Plan Rows": 47646,"Plan Width": 12,"Actual Startup Time": 23.474,"Actual Total Time": 206.199,"Actual Rows": 36692,"Actual Loops": 4,"Inner Unique": true,"Hash Cond": "(orders.o_custkey = customer.c_custkey)","Workers": [],"Plans": [{"Node Type": "Seq Scan","Parent Relationship": "Outer","Parallel Aware": true,"Async Capable": false,"Relation Name": "orders","Alias": "orders","Startup Cost": 0.00,"Total Cost": 32143.39,"Plan Rows": 238193,"Plan Width": 16,"Actual Startup Time": 0.012,"Actual Total Time": 137.114,"Actual Rows": 183845,"Actual Loops": 4,"Filter": "(o_orderdate < '1995-03-28'::date)","Rows Removed by Filter": 191155,"Workers": []},{"Node Type": "Hash","Parent Relationship": "Inner","Parallel Aware": true,"Async Capable": false,"Startup Cost": 4366.25,"Total Cost": 4366.25,"Plan Rows": 12502,"Plan Width": 4,"Actual Startup Time": 23.007,"Actual Total Time": 23.012,"Actual Rows": 7547,"Actual Loops": 4,"Hash Buckets": 32768,"Original Hash Buckets": 32768,"Hash Batches": 1,"Original Hash Batches": 1,"Peak Memory Usage": 1504,"Workers": [],"Plans": [{"Node Type": "Seq Scan","Parent Relationship": "Outer","Parallel Aware": true,"Async Capable": false,"Relation Name": "customer","Alias": "customer","Startup Cost": 0.00,"Total Cost": 4366.25,"Plan Rows": 12502,"Plan Width": 4,"Actual Startup Time": 0.035,"Actual Total Time": 19.918,"Actual Rows": 7547,"Actual Loops": 4,"Filter": "(c_mktsegment = 'HOUSEHOLD'::bpchar)","Rows Removed by Filter": 29953,"Workers": []}]}]},{"Node Type": "Index Scan","Parent Relationship": "Inner","Parallel Aware": false,"Async Capable": false,"Scan Direction": "Forward","Index Name": "idx_lineitem_orderkey","Relation Name": "lineitem","Alias": "lineitem","Startup Cost": 0.43,"Total Cost": 1.43,"Plan Rows": 9,"Plan Width": 16,"Actual Startup Time": 0.007,"Actual Total Time": 0.007,"Actual Rows": 0,"Actual Loops": 146767,"Index Cond": "(l_orderkey = orders.o_orderkey)","Rows Removed by Index Recheck": 0,"Filter": "(l_shipdate > '1995-03-28'::date)","Rows Removed by Filter": 4,"Workers": []}]}]}]}]},"Planning Time": 5.278,"Triggers": [],"Execution Time": 548.807}]
[{"Plan": {"Node Type": "Sort","Parallel Aware": false,"Async Capable": false,"Startup Cost": 177406.42,"Total Cost": 178184.55,"Plan Rows": 311252,"Plan Width": 44,"Actual Startup Time": 537.136,"Actual Total Time": 543.104,"Actual Rows": 11506,"Actual Loops": 1,"Sort Key": ["(sum((lineitem.l_extendedprice * ('1'::numeric - lineitem.l_discount)))) DESC", "orders.o_orderdate"],"Sort Method": "quicksort","Sort Space Used": 1104,"Sort Space Type": "Memory","Plans": [{"Node Type": "Aggregate","Strategy": "Hashed","Partial Mode": "Simple","Parent Relationship": "Outer","Parallel Aware": false,"Async Capable": false,"Startup Cost": 145117.57,"Total Cost": 149008.22,"Plan Rows": 311252,"Plan Width": 44,"Actual Startup Time": 509.899,"Actual Total Time": 534.326,"Actual Rows": 11506,"Actual Loops": 1,"Group Key": ["lineitem.l_orderkey", "orders.o_orderdate", "orders.o_shippriority"],"Planned Partitions": 0,"HashAgg Batches": 1,"Peak Memory Usage": 20497,"Disk Usage": 0,"Plans": [{"Node Type": "Gather","Parent Relationship": "Outer","Parallel Aware": false,"Async Capable": false,"Startup Cost": 5521.08,"Total Cost": 140448.79,"Plan Rows": 311252,"Plan Width": 24,"Actual Startup Time": 29.926,"Actual Total Time": 479.414,"Actual Rows": 30350,"Actual Loops": 1,"Workers Planned": 3,"Workers Launched": 3,"Single Copy": false,"Plans": [{"Node Type": "Nested Loop","Parent Relationship": "Outer","Parallel Aware": false,"Async Capable": false,"Join Type": "Inner","Startup Cost": 4521.08,"Total Cost": 108323.59,"Plan Rows": 100404,"Plan Width": 24,"Actual Startup Time": 23.437,"Actual Total Time": 492.442,"Actual Rows": 7588,"Actual Loops": 4,"Inner Unique": false,"Workers": [],"Plans": [{"Node Type": "Hash Join","Parent Relationship": "Outer","Parallel Aware": true,"Async Capable": false,"Join Type": "Inner","Startup Cost": 4520.65,"Total Cost": 37278.97,"Plan Rows": 46296,"Plan Width": 12,"Actual Startup Time": 23.041,"Actual Total Time": 210.470,"Actual Rows": 36014,"Actual Loops": 4,"Inner Unique": true,"Hash Cond": "(orders.o_custkey = customer.c_custkey)","Workers": [],"Plans": [{"Node Type": "Seq Scan","Parent Relationship": "Outer","Parallel Aware": true,"Async Capable": false,"Relation Name": "orders","Alias": "orders","Startup Cost": 0.00,"Total Cost": 32143.39,"Plan Rows": 234250,"Plan Width": 16,"Actual Startup Time": 0.011,"Actual Total Time": 141.656,"Actual Rows": 181030,"Actual Loops": 4,"Filter": "(o_orderdate < '1995-03-10'::date)","Rows Removed by Filter": 193970,"Workers": []},{"Node Type": "Hash","Parent Relationship": "Inner","Parallel Aware": true,"Async Capable": false,"Startup Cost": 4366.25,"Total Cost": 4366.25,"Plan Rows": 12352,"Plan Width": 4,"Actual Startup Time": 22.598,"Actual Total Time": 22.604,"Actual Rows": 7438,"Actual Loops": 4,"Hash Buckets": 32768,"Original Hash Buckets": 32768,"Hash Batches": 1,"Original Hash Batches": 1,"Peak Memory Usage": 1472,"Workers": [],"Plans": [{"Node Type": "Seq Scan","Parent Relationship": "Outer","Parallel Aware": true,"Async Capable": false,"Relation Name": "customer","Alias": "customer","Startup Cost": 0.00,"Total Cost": 4366.25,"Plan Rows": 12352,"Plan Width": 4,"Actual Startup Time": 0.050,"Actual Total Time": 19.535,"Actual Rows": 7438,"Actual Loops": 4,"Filter": "(c_mktsegment = 'AUTOMOBILE'::bpchar)","Rows Removed by Filter": 30062,"Workers": []}]}]},{"Node Type": "Index Scan","Parent Relationship": "Inner","Parallel Aware": false,"Async Capable": false,"Scan Direction": "Forward","Index Name": "idx_lineitem_orderkey","Relation Name": "lineitem","Alias": "lineitem","Startup Cost": 0.43,"Total Cost": 1.44,"Plan Rows": 9,"Plan Width": 16,"Actual Startup Time": 0.007,"Actual Total Time": 0.008,"Actual Rows": 0,"Actual Loops": 144054,"Index Cond": "(l_orderkey = orders.o_orderkey)","Rows Removed by Index Recheck": 0,"Filter": "(l_shipdate > '1995-03-10'::date)","Rows Removed by Filter": 4,"Workers": []}]}]}]}]},"Planning Time": 6.457,"Triggers": [],"Execution Time": 558.281}]
[{"Plan": {"Node Type": "Sort","Parallel Aware": false,"Async Capable": false,"Startup Cost": 179911.28,"Total Cost": 180699.52,"Plan Rows": 315296,"Plan Width": 44,"Actual Startup Time": 541.100,"Actual Total Time": 550.164,"Actual Rows": 11378,"Actual Loops": 1,"Sort Key": ["(sum((lineitem.l_extendedprice * ('1'::numeric - lineitem.l_discount)))) DESC", "orders.o_orderdate"],"Sort Method": "quicksort","Sort Space Used": 1096,"Sort Space Type": "Memory","Plans": [{"Node Type": "Aggregate","Strategy": "Hashed","Partial Mode": "Simple","Parent Relationship": "Outer","Parallel Aware": false,"Async Capable": false,"Startup Cost": 147173.55,"Total Cost": 151114.75,"Plan Rows": 315296,"Plan Width": 44,"Actual Startup Time": 518.387,"Actual Total Time": 540.798,"Actual Rows": 11378,"Actual Loops": 1,"Group Key": ["lineitem.l_orderkey", "orders.o_orderdate", "orders.o_shippriority"],"Planned Partitions": 0,"HashAgg Batches": 1,"Peak Memory Usage": 20497,"Disk Usage": 0,"Plans": [{"Node Type": "Gather","Parent Relationship": "Outer","Parallel Aware": false,"Async Capable": false,"Startup Cost": 5522.96,"Total Cost": 142444.11,"Plan Rows": 315296,"Plan Width": 24,"Actual Startup Time": 34.051,"Actual Total Time": 491.890,"Actual Rows": 30130,"Actual Loops": 1,"Workers Planned": 3,"Workers Launched": 3,"Single Copy": false,"Plans": [{"Node Type": "Nested Loop","Parent Relationship": "Outer","Parallel Aware": false,"Async Capable": false,"Join Type": "Inner","Startup Cost": 4522.96,"Total Cost": 109914.51,"Plan Rows": 101708,"Plan Width": 24,"Actual Startup Time": 27.085,"Actual Total Time": 500.791,"Actual Rows": 7532,"Actual Loops": 4,"Inner Unique": false,"Workers": [],"Plans": [{"Node Type": "Hash Join","Parent Relationship": "Outer","Parallel Aware": true,"Async Capable": false,"Join Type": "Inner","Startup Cost": 4522.52,"Total Cost": 37291.74,"Plan Rows": 47688,"Plan Width": 12,"Actual Startup Time": 26.940,"Actual Total Time": 220.824,"Actual Rows": 36724,"Actual Loops": 4,"Inner Unique": true,"Hash Cond": "(orders.o_custkey = customer.c_custkey)","Workers": [],"Plans": [{"Node Type": "Seq Scan","Parent Relationship": "Outer","Parallel Aware": true,"Async Capable": false,"Relation Name": "orders","Alias": "orders","Startup Cost": 0.00,"Total Cost": 32143.39,"Plan Rows": 238401,"Plan Width": 16,"Actual Startup Time": 0.010,"Actual Total Time": 141.910,"Actual Rows": 183996,"Actual Loops": 4,"Filter": "(o_orderdate < '1995-03-29'::date)","Rows Removed by Filter": 191004,"Workers": []},{"Node Type": "Hash","Parent Relationship": "Inner","Parallel Aware": true,"Async Capable": false,"Startup Cost": 4366.25,"Total Cost": 4366.25,"Plan Rows": 12502,"Plan Width": 4,"Actual Startup Time": 26.447,"Actual Total Time": 26.452,"Actual Rows": 7547,"Actual Loops": 4,"Hash Buckets": 32768,"Original Hash Buckets": 32768,"Hash Batches": 1,"Original Hash Batches": 1,"Peak Memory Usage": 1536,"Workers": [],"Plans": [{"Node Type": "Seq Scan","Parent Relationship": "Outer","Parallel Aware": true,"Async Capable": false,"Relation Name": "customer","Alias": "customer","Startup Cost": 0.00,"Total Cost": 4366.25,"Plan Rows": 12502,"Plan Width": 4,"Actual Startup Time": 0.044,"Actual Total Time": 22.588,"Actual Rows": 7547,"Actual Loops": 4,"Filter": "(c_mktsegment = 'HOUSEHOLD'::bpchar)","Rows Removed by Filter": 29953,"Workers": []}]}]},{"Node Type": "Index Scan","Parent Relationship": "Inner","Parallel Aware": false,"Async Capable": false,"Scan Direction": "Forward","Index Name": "idx_lineitem_orderkey","Relation Name": "lineitem","Alias": "lineitem","Startup Cost": 0.43,"Total Cost": 1.43,"Plan Rows": 9,"Plan Width": 16,"Actual Startup Time": 0.007,"Actual Total Time": 0.007,"Actual Rows": 0,"Actual Loops": 146895,"Index Cond": "(l_orderkey = orders.o_orderkey)","Rows Removed by Index Recheck": 0,"Filter": "(l_shipdate > '1995-03-29'::date)","Rows Removed by Filter": 4,"Workers": []}]}]}]}]},"Planning Time": 5.710,"Triggers": [],"Execution Time": 562.621}]
[{"Plan": {"Node Type": "Sort","Parallel Aware": false,"Async Capable": false,"Startup Cost": 178921.26,"Total Cost": 179708.60,"Plan Rows": 314935,"Plan Width": 44,"Actual Startup Time": 522.578,"Actual Total Time": 532.595,"Actual Rows": 11374,"Actual Loops": 1,"Sort Key": ["(sum((lineitem.l_extendedprice * ('1'::numeric - lineitem.l_discount)))) DESC", "orders.o_orderdate"],"Sort Method": "quicksort","Sort Space Used": 1095,"Sort Space Type": "Memory","Plans": [{"Node Type": "Aggregate","Strategy": "Hashed","Partial Mode": "Simple","Parent Relationship": "Outer","Parallel Aware": false,"Async Capable": false,"Startup Cost": 146223.62,"Total Cost": 150160.31,"Plan Rows": 314935,"Plan Width": 44,"Actual Startup Time": 499.933,"Actual Total Time": 524.453,"Actual Rows": 11374,"Actual Loops": 1,"Group Key": ["lineitem.l_orderkey", "orders.o_orderdate", "orders.o_shippriority"],"Planned Partitions": 0,"HashAgg Batches": 1,"Peak Memory Usage": 20497,"Disk Usage": 0,"Plans": [{"Node Type": "Gather","Parent Relationship": "Outer","Parallel Aware": false,"Async Capable": false,"Startup Cost": 5522.86,"Total Cost": 141499.59,"Plan Rows": 314935,"Plan Width": 24,"Actual Startup Time": 29.255,"Actual Total Time": 478.062,"Actual Rows": 29947,"Actual Loops": 1,"Workers Planned": 3,"Workers Launched": 3,"Single Copy": false,"Plans": [{"Node Type": "Nested Loop","Parent Relationship": "Outer","Parallel Aware": false,"Async Capable": false,"Join Type": "Inner","Startup Cost": 4522.86,"Total Cost": 109006.09,"Plan Rows": 101592,"Plan Width": 24,"Actual Startup Time": 22.568,"Actual Total Time": 483.659,"Actual Rows": 7487,"Actual Loops": 4,"Inner Unique": false,"Workers": [],"Plans": [{"Node Type": "Hash Join","Parent Relationship": "Outer","Parallel Aware": true,"Async Capable": false,"Join Type": "Inner","Startup Cost": 4522.43,"Total Cost": 37278.74,"Plan Rows": 46674,"Plan Width": 12,"Actual Startup Time": 22.343,"Actual Total Time": 205.673,"Actual Rows": 36034,"Actual Loops": 4,"Inner Unique": true,"Hash Cond": "(orders.o_custkey = customer.c_custkey)","Workers": [],"Plans": [{"Node Type": "Seq Scan","Parent Relationship": "Outer","Parallel Aware": true,"Async Capable": false,"Relation Name": "orders","Alias": "orders","Startup Cost": 0.00,"Total Cost": 32143.39,"Plan Rows": 233486,"Plan Width": 16,"Actual Startup Time": 0.015,"Actual Total Time": 138.510,"Actual Rows": 180414,"Actual Loops": 4,"Filter": "(o_orderdate < '1995-03-06'::date)","Rows Removed by Filter": 194586,"Workers": []},{"Node Type": "Hash","Parent Relationship": "Inner","Parallel Aware": true,"Async Capable": false,"Startup Cost": 4366.25,"Total Cost": 4366.25,"Plan Rows": 12494,"Plan Width": 4,"Actual Startup Time": 21.905,"Actual Total Time": 21.909,"Actual Rows": 7487,"Actual Loops": 4,"Hash Buckets": 32768,"Original Hash Buckets": 32768,"Hash Batches": 1,"Original Hash Batches": 1,"Peak Memory Usage": 1504,"Workers": [],"Plans": [{"Node Type": "Seq Scan","Parent Relationship": "Outer","Parallel Aware": true,"Async Capable": false,"Relation Name": "customer","Alias": "customer","Startup Cost": 0.00,"Total Cost": 4366.25,"Plan Rows": 12494,"Plan Width": 4,"Actual Startup Time": 0.040,"Actual Total Time": 19.345,"Actual Rows": 7487,"Actual Loops": 4,"Filter": "(c_mktsegment = 'MACHINERY'::bpchar)","Rows Removed by Filter": 30013,"Workers": []}]}]},{"Node Type": "Index Scan","Parent Relationship": "Inner","Parallel Aware": false,"Async Capable": false,"Scan Direction": "Forward","Index Name": "idx_lineitem_orderkey","Relation Name": "lineitem","Alias": "lineitem","Startup Cost": 0.43,"Total Cost": 1.45,"Plan Rows": 9,"Plan Width": 16,"Actual Startup Time": 0.007,"Actual Total Time": 0.007,"Actual Rows": 0,"Actual Loops": 144138,"Index Cond": "(l_orderkey = orders.o_orderkey)","Rows Removed by Index Recheck": 0,"Filter": "(l_shipdate > '1995-03-06'::date)","Rows Removed by Filter": 4,"Workers": []}]}]}]}]},"Planning Time": 5.925,"Triggers": [],"Execution Time": 546.529}]
[{"Plan": {"Node Type": "Sort","Parallel Aware": false,"Async Capable": false,"Startup Cost": 178201.68,"Total Cost": 178983.17,"Plan Rows": 312597,"Plan Width": 44,"Actual Startup Time": 537.820,"Actual Total Time": 547.279,"Actual Rows": 11627,"Actual Loops": 1,"Sort Key": ["(sum((lineitem.l_extendedprice * ('1'::numeric - lineitem.l_discount)))) DESC", "orders.o_orderdate"],"Sort Method": "quicksort","Sort Space Used": 1111,"Sort Space Type": "Memory","Plans": [{"Node Type": "Aggregate","Strategy": "Hashed","Partial Mode": "Simple","Parent Relationship": "Outer","Parallel Aware": false,"Async Capable": false,"Startup Cost": 145763.57,"Total Cost": 149671.03,"Plan Rows": 312597,"Plan Width": 44,"Actual Startup Time": 515.020,"Actual Total Time": 538.910,"Actual Rows": 11627,"Actual Loops": 1,"Group Key": ["lineitem.l_orderkey", "orders.o_orderdate", "orders.o_shippriority"],"Planned Partitions": 0,"HashAgg Batches": 1,"Peak Memory Usage": 20497,"Disk Usage": 0,"Plans": [{"Node Type": "Gather","Parent Relationship": "Outer","Parallel Aware": false,"Async Capable": false,"Startup Cost": 5521.58,"Total Cost": 141074.62,"Plan Rows": 312597,"Plan Width": 24,"Actual Startup Time": 34.230,"Actual Total Time": 489.302,"Actual Rows": 30592,"Actual Loops": 1,"Workers Planned": 3,"Workers Launched": 3,"Single Copy": false,"Plans": [{"Node Type": "Nested Loop","Parent Relationship": "Outer","Parallel Aware": false,"Async Capable": false,"Join Type": "Inner","Startup Cost": 4521.58,"Total Cost": 108814.92,"Plan Rows": 100838,"Plan Width": 24,"Actual Startup Time": 26.932,"Actual Total Time": 497.434,"Actual Rows": 7648,"Actual Loops": 4,"Inner Unique": false,"Workers": [],"Plans": [{"Node Type": "Hash Join","Parent Relationship": "Outer","Parallel Aware": true,"Async Capable": false,"Join Type": "Inner","Startup Cost": 4521.15,"Total Cost": 37283.45,"Plan Rows": 46745,"Plan Width": 12,"Actual Startup Time": 26.725,"Actual Total Time": 219.196,"Actual Rows": 36816,"Actual Loops": 4,"Inner Unique": true,"Hash Cond": "(orders.o_custkey = customer.c_custkey)","Workers": [],"Plans": [{"Node Type": "Seq Scan","Parent Relationship": "Outer","Parallel Aware": true,"Async Capable": false,"Relation Name": "orders","Alias": "orders","Startup Cost": 0.00,"Total Cost": 32143.39,"Plan Rows": 235768,"Plan Width": 16,"Actual Startup Time": 0.012,"Actual Total Time": 140.693,"Actual Rows": 181977,"Actual Loops": 4,"Filter": "(o_orderdate < '1995-03-16'::date)","Rows Removed by Filter": 193023,"Workers": []},{"Node Type": "Hash","Parent Relationship": "Inner","Parallel Aware": true,"Async Capable": false,"Startup Cost": 4366.25,"Total Cost": 4366.25,"Plan Rows": 12392,"Plan Width": 4,"Actual Startup Time": 26.269,"Actual Total Time": 26.274,"Actual Rows": 7536,"Actual Loops": 4,"Hash Buckets": 32768,"Original Hash Buckets": 32768,"Hash Batches": 1,"Original Hash Batches": 1,"Peak Memory Usage": 1536,"Workers": [],"Plans": [{"Node Type": "Seq Scan","Parent Relationship": "Outer","Parallel Aware": true,"Async Capable": false,"Relation Name": "customer","Alias": "customer","Startup Cost": 0.00,"Total Cost": 4366.25,"Plan Rows": 12392,"Plan Width": 4,"Actual Startup Time": 0.038,"Actual Total Time": 22.551,"Actual Rows": 7536,"Actual Loops": 4,"Filter": "(c_mktsegment = 'BUILDING'::bpchar)","Rows Removed by Filter": 29964,"Workers": []}]}]},{"Node Type": "Index Scan","Parent Relationship": "Inner","Parallel Aware": false,"Async Capable": false,"Scan Direction": "Forward","Index Name": "idx_lineitem_orderkey","Relation Name": "lineitem","Alias": "lineitem","Startup Cost": 0.43,"Total Cost": 1.44,"Plan Rows": 9,"Plan Width": 16,"Actual Startup Time": 0.007,"Actual Total Time": 0.007,"Actual Rows": 0,"Actual Loops": 147264,"Index Cond": "(l_orderkey = orders.o_orderkey)","Rows Removed by Index Recheck": 0,"Filter": "(l_shipdate > '1995-03-16'::date)","Rows Removed by Filter": 4,"Workers": []}]}]}]}]},"Planning Time": 5.855,"Triggers": [],"Execution Time": 560.175}]
[{"Plan": {"Node Type": "Sort","Parallel Aware": false,"Async Capable": false,"Startup Cost": 179585.29,"Total Cost": 180373.54,"Plan Rows": 315303,"Plan Width": 44,"Actual Startup Time": 537.954,"Actual Total Time": 547.923,"Actual Rows": 11413,"Actual Loops": 1,"Sort Key": ["(sum((lineitem.l_extendedprice * ('1'::numeric - lineitem.l_discount)))) DESC", "orders.o_orderdate"],"Sort Method": "quicksort","Sort Space Used": 1098,"Sort Space Type": "Memory","Plans": [{"Node Type": "Aggregate","Strategy": "Hashed","Partial Mode": "Simple","Parent Relationship": "Outer","Parallel Aware": false,"Async Capable": false,"Startup Cost": 146846.78,"Total Cost": 150788.07,"Plan Rows": 315303,"Plan Width": 44,"Actual Startup Time": 515.276,"Actual Total Time": 539.475,"Actual Rows": 11413,"Actual Loops": 1,"Group Key": ["lineitem.l_orderkey", "orders.o_orderdate", "orders.o_shippriority"],"Planned Partitions": 0,"HashAgg Batches": 1,"Peak Memory Usage": 20497,"Disk Usage": 0,"Plans": [{"Node Type": "Gather","Parent Relationship": "Outer","Parallel Aware": false,"Async Capable": false,"Startup Cost": 5522.96,"Total Cost": 142117.23,"Plan Rows": 315303,"Plan Width": 24,"Actual Startup Time": 33.791,"Actual Total Time": 490.443,"Actual Rows": 30284,"Actual Loops": 1,"Workers Planned": 3,"Workers Launched": 3,"Single Copy": false,"Plans": [{"Node Type": "Nested Loop","Parent Relationship": "Outer","Parallel Aware": false,"Async Capable": false,"Join Type": "Inner","Startup Cost": 4522.96,"Total Cost": 109586.93,"Plan Rows": 101711,"Plan Width": 24,"Actual Startup Time": 27.000,"Actual Total Time": 498.148,"Actual Rows": 7571,"Actual Loops": 4,"Inner Unique": false,"Workers": [],"Plans": [{"Node Type": "Hash Join","Parent Relationship": "Outer","Parallel Aware": true,"Async Capable": false,"Join Type": "Inner","Startup Cost": 4522.52,"Total Cost": 37286.83,"Plan Rows": 47314,"Plan Width": 12,"Actual Startup Time": 26.881,"Actual Total Time": 219.572,"Actual Rows": 36447,"Actual Loops": 4,"Inner Unique": true,"Hash Cond": "(orders.o_custkey = customer.c_custkey)","Workers": [],"Plans": [{"Node Type": "Seq Scan","Parent Relationship": "Outer","Parallel Aware": true,"Async Capable": false,"Relation Name": "orders","Alias": "orders","Startup Cost": 0.00,"Total Cost": 32143.39,"Plan Rows": 236532,"Plan Width": 16,"Actual Startup Time": 0.007,"Actual Total Time": 140.816,"Actual Rows": 182617,"Actual Loops": 4,"Filter": "(o_orderdate < '1995-03-20'::date)","Rows Removed by Filter": 192383,"Workers": []},{"Node Type": "Hash","Parent Relationship": "Inner","Parallel Aware": true,"Async Capable": false,"Startup Cost": 4366.25,"Total Cost": 4366.25,"Plan Rows": 12502,"Plan Width": 4,"Actual Startup Time": 26.425,"Actual Total Time": 26.429,"Actual Rows": 7547,"Actual Loops": 4,"Hash Buckets": 32768,"Original Hash Buckets": 32768,"Hash Batches": 1,"Original Hash Batches": 1,"Peak Memory Usage": 1536,"Workers": [],"Plans": [{"Node Type": "Seq Scan","Parent Relationship": "Outer","Parallel Aware": true,"Async Capable": false,"Relation Name": "customer","Alias": "customer","Startup Cost": 0.00,"Total Cost": 4366.25,"Plan Rows": 12502,"Plan Width": 4,"Actual Startup Time": 0.032,"Actual Total Time": 22.594,"Actual Rows": 7547,"Actual Loops": 4,"Filter": "(c_mktsegment = 'HOUSEHOLD'::bpchar)","Rows Removed by Filter": 29953,"Workers": []}]}]},{"Node Type": "Index Scan","Parent Relationship": "Inner","Parallel Aware": false,"Async Capable": false,"Scan Direction": "Forward","Index Name": "idx_lineitem_orderkey","Relation Name": "lineitem","Alias": "lineitem","Startup Cost": 0.43,"Total Cost": 1.44,"Plan Rows": 9,"Plan Width": 16,"Actual Startup Time": 0.007,"Actual Total Time": 0.007,"Actual Rows": 0,"Actual Loops": 145787,"Index Cond": "(l_orderkey = orders.o_orderkey)","Rows Removed by Index Recheck": 0,"Filter": "(l_shipdate > '1995-03-20'::date)","Rows Removed by Filter": 4,"Workers": []}]}]}]}]},"Planning Time": 5.702,"Triggers": [],"Execution Time": 560.186}]
[{"Plan": {"Node Type": "Sort","Parallel Aware": false,"Async Capable": false,"Startup Cost": 177616.00,"Total Cost": 178397.24,"Plan Rows": 312494,"Plan Width": 44,"Actual Startup Time": 519.004,"Actual Total Time": 529.144,"Actual Rows": 11584,"Actual Loops": 1,"Sort Key": ["(sum((lineitem.l_extendedprice * ('1'::numeric - lineitem.l_discount)))) DESC", "orders.o_orderdate"],"Sort Method": "quicksort","Sort Space Used": 1109,"Sort Space Type": "Memory","Plans": [{"Node Type": "Aggregate","Strategy": "Hashed","Partial Mode": "Simple","Parent Relationship": "Outer","Parallel Aware": false,"Async Capable": false,"Startup Cost": 145189.33,"Total Cost": 149095.50,"Plan Rows": 312494,"Plan Width": 44,"Actual Startup Time": 496.437,"Actual Total Time": 520.561,"Actual Rows": 11584,"Actual Loops": 1,"Group Key": ["lineitem.l_orderkey", "orders.o_orderdate", "orders.o_shippriority"],"Planned Partitions": 0,"HashAgg Batches": 1,"Peak Memory Usage": 20497,"Disk Usage": 0,"Plans": [{"Node Type": "Gather","Parent Relationship": "Outer","Parallel Aware": false,"Async Capable": false,"Startup Cost": 5521.58,"Total Cost": 140501.92,"Plan Rows": 312494,"Plan Width": 24,"Actual Startup Time": 32.163,"Actual Total Time": 474.614,"Actual Rows": 30569,"Actual Loops": 1,"Workers Planned": 3,"Workers Launched": 3,"Single Copy": false,"Plans": [{"Node Type": "Nested Loop","Parent Relationship": "Outer","Parallel Aware": false,"Async Capable": false,"Join Type": "Inner","Startup Cost": 4521.58,"Total Cost": 108252.52,"Plan Rows": 100805,"Plan Width": 24,"Actual Startup Time": 25.024,"Actual Total Time": 479.782,"Actual Rows": 7642,"Actual Loops": 4,"Inner Unique": false,"Workers": [],"Plans": [{"Node Type": "Hash Join","Parent Relationship": "Outer","Parallel Aware": true,"Async Capable": false,"Join Type": "Inner","Startup Cost": 4521.15,"Total Cost": 37274.95,"Plan Rows": 46103,"Plan Width": 12,"Actual Startup Time": 24.835,"Actual Total Time": 204.196,"Actual Rows": 36327,"Actual Loops": 4,"Inner Unique": true,"Hash Cond": "(orders.o_custkey = customer.c_custkey)","Workers": [],"Plans": [{"Node Type": "Seq Scan","Parent Relationship": "Outer","Parallel Aware": true,"Async Capable": false,"Relation Name": "orders","Alias": "orders","Startup Cost": 0.00,"Total Cost": 32143.39,"Plan Rows": 232531,"Plan Width": 16,"Actual Startup Time": 0.011,"Actual Total Time": 134.185,"Actual Rows": 179631,"Actual Loops": 4,"Filter": "(o_orderdate < '1995-03-01'::date)","Rows Removed by Filter": 195369,"Workers": []},{"Node Type": "Hash","Parent Relationship": "Inner","Parallel Aware": true,"Async Capable": false,"Startup Cost": 4366.25,"Total Cost": 4366.25,"Plan Rows": 12392,"Plan Width": 4,"Actual Startup Time": 24.365,"Actual Total Time": 24.371,"Actual Rows": 7536,"Actual Loops": 4,"Hash Buckets": 32768,"Original Hash Buckets": 32768,"Hash Batches": 1,"Original Hash Batches": 1,"Peak Memory Usage": 1504,"Workers": [],"Plans": [{"Node Type": "Seq Scan","Parent Relationship": "Outer","Parallel Aware": true,"Async Capable": false,"Relation Name": "customer","Alias": "customer","Startup Cost": 0.00,"Total Cost": 4366.25,"Plan Rows": 12392,"Plan Width": 4,"Actual Startup Time": 0.038,"Actual Total Time": 21.081,"Actual Rows": 7536,"Actual Loops": 4,"Filter": "(c_mktsegment = 'BUILDING'::bpchar)","Rows Removed by Filter": 29964,"Workers": []}]}]},{"Node Type": "Index Scan","Parent Relationship": "Inner","Parallel Aware": false,"Async Capable": false,"Scan Direction": "Forward","Index Name": "idx_lineitem_orderkey","Relation Name": "lineitem","Alias": "lineitem","Startup Cost": 0.43,"Total Cost": 1.45,"Plan Rows": 9,"Plan Width": 16,"Actual Startup Time": 0.007,"Actual Total Time": 0.007,"Actual Rows": 0,"Actual Loops": 145308,"Index Cond": "(l_orderkey = orders.o_orderkey)","Rows Removed by Index Recheck": 0,"Filter": "(l_shipdate > '1995-03-01'::date)","Rows Removed by Filter": 4,"Workers": []}]}]}]}]},"Planning Time": 5.947,"Triggers": [],"Execution Time": 544.830}]
[{"Plan": {"Node Type": "Sort","Parallel Aware": false,"Async Capable": false,"Startup Cost": 179098.41,"Total Cost": 179886.07,"Plan Rows": 315061,"Plan Width": 44,"Actual Startup Time": 536.555,"Actual Total Time": 546.513,"Actual Rows": 11424,"Actual Loops": 1,"Sort Key": ["(sum((lineitem.l_extendedprice * ('1'::numeric - lineitem.l_discount)))) DESC", "orders.o_orderdate"],"Sort Method": "quicksort","Sort Space Used": 1099,"Sort Space Type": "Memory","Plans": [{"Node Type": "Aggregate","Strategy": "Hashed","Partial Mode": "Simple","Parent Relationship": "Outer","Parallel Aware": false,"Async Capable": false,"Startup Cost": 146386.78,"Total Cost": 150325.04,"Plan Rows": 315061,"Plan Width": 44,"Actual Startup Time": 513.819,"Actual Total Time": 538.122,"Actual Rows": 11424,"Actual Loops": 1,"Group Key": ["lineitem.l_orderkey", "orders.o_orderdate", "orders.o_shippriority"],"Planned Partitions": 0,"HashAgg Batches": 1,"Peak Memory Usage": 20497,"Disk Usage": 0,"Plans": [{"Node Type": "Gather","Parent Relationship": "Outer","Parallel Aware": false,"Async Capable": false,"Startup Cost": 5522.96,"Total Cost": 141660.86,"Plan Rows": 315061,"Plan Width": 24,"Actual Startup Time": 32.582,"Actual Total Time": 491.857,"Actual Rows": 30303,"Actual Loops": 1,"Workers Planned": 3,"Workers Launched": 3,"Single Copy": false,"Plans": [{"Node Type": "Nested Loop","Parent Relationship": "Outer","Parallel Aware": false,"Async Capable": false,"Join Type": "Inner","Startup Cost": 4522.96,"Total Cost": 109154.76,"Plan Rows": 101633,"Plan Width": 24,"Actual Startup Time": 25.583,"Actual Total Time": 497.242,"Actual Rows": 7576,"Actual Loops": 4,"Inner Unique": false,"Workers": [],"Plans": [{"Node Type": "Hash Join","Parent Relationship": "Outer","Parallel Aware": true,"Async Capable": false,"Join Type": "Inner","Startup Cost": 4522.52,"Total Cost": 37280.34,"Plan Rows": 46820,"Plan Width": 12,"Actual Startup Time": 25.451,"Actual Total Time": 217.313,"Actual Rows": 36096,"Actual Loops": 4,"Inner Unique": true,"Hash Cond": "(orders.o_custkey = customer.c_custkey)","Workers": [],"Plans": [{"Node Type": "Seq Scan","Parent Relationship": "Outer","Parallel Aware": true,"Async Capable": false,"Relation Name": "orders","Alias": "orders","Startup Cost": 0.00,"Total Cost": 32143.39,"Plan Rows": 234059,"Plan Width": 16,"Actual Startup Time": 0.023,"Actual Total Time": 141.963,"Actual Rows": 180877,"Actual Loops": 4,"Filter": "(o_orderdate < '1995-03-09'::date)","Rows Removed by Filter": 194123,"Workers": []},{"Node Type": "Hash","Parent Relationship": "Inner","Parallel Aware": true,"Async Capable": false,"Startup Cost": 4366.25,"Total Cost": 4366.25,"Plan Rows": 12502,"Plan Width": 4,"Actual Startup Time": 25.023,"Actual Total Time": 25.029,"Actual Rows": 7547,"Actual Loops": 4,"Hash Buckets": 32768,"Original Hash Buckets": 32768,"Hash Batches": 1,"Original Hash Batches": 1,"Peak Memory Usage": 1504,"Workers": [],"Plans": [{"Node Type": "Seq Scan","Parent Relationship": "Outer","Parallel Aware": true,"Async Capable": false,"Relation Name": "customer","Alias": "customer","Startup Cost": 0.00,"Total Cost": 4366.25,"Plan Rows": 12502,"Plan Width": 4,"Actual Startup Time": 0.028,"Actual Total Time": 21.849,"Actual Rows": 7547,"Actual Loops": 4,"Filter": "(c_mktsegment = 'HOUSEHOLD'::bpchar)","Rows Removed by Filter": 29953,"Workers": []}]}]},{"Node Type": "Index Scan","Parent Relationship": "Inner","Parallel Aware": false,"Async Capable": false,"Scan Direction": "Forward","Index Name": "idx_lineitem_orderkey","Relation Name": "lineitem","Alias": "lineitem","Startup Cost": 0.43,"Total Cost": 1.45,"Plan Rows": 9,"Plan Width": 16,"Actual Startup Time": 0.007,"Actual Total Time": 0.008,"Actual Rows": 0,"Actual Loops": 144386,"Index Cond": "(l_orderkey = orders.o_orderkey)","Rows Removed by Index Recheck": 0,"Filter": "(l_shipdate > '1995-03-09'::date)","Rows Removed by Filter": 4,"Workers": []}]}]}]}]},"Planning Time": 6.924,"Triggers": [],"Execution Time": 560.310}]
[{"Plan": {"Node Type": "Sort","Parallel Aware": false,"Async Capable": false,"Startup Cost": 177898.35,"Total Cost": 178677.16,"Plan Rows": 311522,"Plan Width": 44,"Actual Startup Time": 544.402,"Actual Total Time": 554.531,"Actual Rows": 11490,"Actual Loops": 1,"Sort Key": ["(sum((lineitem.l_extendedprice * ('1'::numeric - lineitem.l_discount)))) DESC", "orders.o_orderdate"],"Sort Method": "quicksort","Sort Space Used": 1103,"Sort Space Type": "Memory","Plans": [{"Node Type": "Aggregate","Strategy": "Hashed","Partial Mode": "Simple","Parent Relationship": "Outer","Parallel Aware": false,"Async Capable": false,"Startup Cost": 145579.54,"Total Cost": 149473.57,"Plan Rows": 311522,"Plan Width": 44,"Actual Startup Time": 521.900,"Actual Total Time": 546.210,"Actual Rows": 11490,"Actual Loops": 1,"Group Key": ["lineitem.l_orderkey", "orders.o_orderdate", "orders.o_shippriority"],"Planned Partitions": 0,"HashAgg Batches": 1,"Peak Memory Usage": 20497,"Disk Usage": 0,"Plans": [{"Node Type": "Gather","Parent Relationship": "Outer","Parallel Aware": false,"Async Capable": false,"Startup Cost": 5521.08,"Total Cost": 140906.71,"Plan Rows": 311522,"Plan Width": 24,"Actual Startup Time": 33.401,"Actual Total Time": 499.784,"Actual Rows": 30281,"Actual Loops": 1,"Workers Planned": 3,"Workers Launched": 3,"Single Copy": false,"Plans": [{"Node Type": "Nested Loop","Parent Relationship": "Outer","Parallel Aware": false,"Async Capable": false,"Join Type": "Inner","Startup Cost": 4521.08,"Total Cost": 108754.51,"Plan Rows": 100491,"Plan Width": 24,"Actual Startup Time": 26.228,"Actual Total Time": 505.023,"Actual Rows": 7570,"Actual Loops": 4,"Inner Unique": false,"Workers": [],"Plans": [{"Node Type": "Hash Join","Parent Relationship": "Outer","Parallel Aware": true,"Async Capable": false,"Join Type": "Inner","Startup Cost": 4520.65,"Total Cost": 37285.50,"Plan Rows": 46788,"Plan Width": 12,"Actual Startup Time": 25.784,"Actual Total Time": 220.376,"Actual Rows": 36346,"Actual Loops": 4,"Inner Unique": true,"Hash Cond": "(orders.o_custkey = customer.c_custkey)","Workers": [],"Plans": [{"Node Type": "Seq Scan","Parent Relationship": "Outer","Parallel Aware": true,"Async Capable": false,"Relation Name": "orders","Alias": "orders","Startup Cost": 0.00,"Total Cost": 32143.39,"Plan Rows": 236740,"Plan Width": 16,"Actual Startup Time": 0.009,"Actual Total Time": 144.365,"Actual Rows": 182768,"Actual Loops": 4,"Filter": "(o_orderdate < '1995-03-21'::date)","Rows Removed by Filter": 192232,"Workers": []},{"Node Type": "Hash","Parent Relationship": "Inner","Parallel Aware": true,"Async Capable": false,"Startup Cost": 4366.25,"Total Cost": 4366.25,"Plan Rows": 12352,"Plan Width": 4,"Actual Startup Time": 25.325,"Actual Total Time": 25.329,"Actual Rows": 7438,"Actual Loops": 4,"Hash Buckets": 32768,"Original Hash Buckets": 32768,"Hash Batches": 1,"Original Hash Batches": 1,"Peak Memory Usage": 1504,"Workers": [],"Plans": [{"Node Type": "Seq Scan","Parent Relationship": "Outer","Parallel Aware": true,"Async Capable": false,"Relation Name": "customer","Alias": "customer","Startup Cost": 0.00,"Total Cost": 4366.25,"Plan Rows": 12352,"Plan Width": 4,"Actual Startup Time": 0.043,"Actual Total Time": 21.768,"Actual Rows": 7438,"Actual Loops": 4,"Filter": "(c_mktsegment = 'AUTOMOBILE'::bpchar)","Rows Removed by Filter": 30062,"Workers": []}]}]},{"Node Type": "Index Scan","Parent Relationship": "Inner","Parallel Aware": false,"Async Capable": false,"Scan Direction": "Forward","Index Name": "idx_lineitem_orderkey","Relation Name": "lineitem","Alias": "lineitem","Startup Cost": 0.43,"Total Cost": 1.44,"Plan Rows": 9,"Plan Width": 16,"Actual Startup Time": 0.007,"Actual Total Time": 0.008,"Actual Rows": 0,"Actual Loops": 145386,"Index Cond": "(l_orderkey = orders.o_orderkey)","Rows Removed by Index Recheck": 0,"Filter": "(l_shipdate > '1995-03-21'::date)","Rows Removed by Filter": 4,"Workers": []}]}]}]}]},"Planning Time": 6.282,"Triggers": [],"Execution Time": 569.554}]
[{"Plan": {"Node Type": "Sort","Parallel Aware": false,"Async Capable": false,"Startup Cost": 177299.51,"Total Cost": 178077.92,"Plan Rows": 311364,"Plan Width": 44,"Actual Startup Time": 534.934,"Actual Total Time": 543.464,"Actual Rows": 11453,"Actual Loops": 1,"Sort Key": ["(sum((lineitem.l_extendedprice * ('1'::numeric - lineitem.l_discount)))) DESC", "orders.o_orderdate"],"Sort Method": "quicksort","Sort Space Used": 1100,"Sort Space Type": "Memory","Plans": [{"Node Type": "Aggregate","Strategy": "Hashed","Partial Mode": "Simple","Parent Relationship": "Outer","Parallel Aware": false,"Async Capable": false,"Startup Cost": 144998.23,"Total Cost": 148890.28,"Plan Rows": 311364,"Plan Width": 44,"Actual Startup Time": 511.254,"Actual Total Time": 534.782,"Actual Rows": 11453,"Actual Loops": 1,"Group Key": ["lineitem.l_orderkey", "orders.o_orderdate", "orders.o_shippriority"],"Planned Partitions": 0,"HashAgg Batches": 1,"Peak Memory Usage": 20497,"Disk Usage": 0,"Plans": [{"Node Type": "Gather","Parent Relationship": "Outer","Parallel Aware": false,"Async Capable": false,"Startup Cost": 5521.08,"Total Cost": 140327.77,"Plan Rows": 311364,"Plan Width": 24,"Actual Startup Time": 32.512,"Actual Total Time": 487.416,"Actual Rows": 30263,"Actual Loops": 1,"Workers Planned": 3,"Workers Launched": 3,"Single Copy": false,"Plans": [{"Node Type": "Nested Loop","Parent Relationship": "Outer","Parallel Aware": false,"Async Capable": false,"Join Type": "Inner","Startup Cost": 4521.08,"Total Cost": 108191.37,"Plan Rows": 100440,"Plan Width": 24,"Actual Startup Time": 25.798,"Actual Total Time": 494.528,"Actual Rows": 7566,"Actual Loops": 4,"Inner Unique": false,"Workers": [],"Plans": [{"Node Type": "Hash Join","Parent Relationship": "Outer","Parallel Aware": true,"Async Capable": false,"Join Type": "Inner","Startup Cost": 4520.65,"Total Cost": 37276.96,"Plan Rows": 46145,"Plan Width": 12,"Actual Startup Time": 25.389,"Actual Total Time": 216.079,"Actual Rows": 35882,"Actual Loops": 4,"Inner Unique": true,"Hash Cond": "(orders.o_custkey = customer.c_custkey)","Workers": [],"Plans": [{"Node Type": "Seq Scan","Parent Relationship": "Outer","Parallel Aware": true,"Async Capable": false,"Relation Name": "orders","Alias": "orders","Startup Cost": 0.00,"Total Cost": 32143.39,"Plan Rows": 233486,"Plan Width": 16,"Actual Startup Time": 0.012,"Actual Total Time": 140.973,"Actual Rows": 180414,"Actual Loops": 4,"Filter": "(o_orderdate < '1995-03-06'::date)","Rows Removed by Filter": 194586,"Workers": []},{"Node Type": "Hash","Parent Relationship": "Inner","Parallel Aware": true,"Async Capable": false,"Startup Cost": 4366.25,"Total Cost": 4366.25,"Plan Rows": 12352,"Plan Width": 4,"Actual Startup Time": 24.995,"Actual Total Time": 25.001,"Actual Rows": 7438,"Actual Loops": 4,"Hash Buckets": 32768,"Original Hash Buckets": 32768,"Hash Batches": 1,"Original Hash Batches": 1,"Peak Memory Usage": 1504,"Workers": [],"Plans": [{"Node Type": "Seq Scan","Parent Relationship": "Outer","Parallel Aware": true,"Async Capable": false,"Relation Name": "customer","Alias": "customer","Startup Cost": 0.00,"Total Cost": 4366.25,"Plan Rows": 12352,"Plan Width": 4,"Actual Startup Time": 0.041,"Actual Total Time": 21.665,"Actual Rows": 7438,"Actual Loops": 4,"Filter": "(c_mktsegment = 'AUTOMOBILE'::bpchar)","Rows Removed by Filter": 30062,"Workers": []}]}]},{"Node Type": "Index Scan","Parent Relationship": "Inner","Parallel Aware": false,"Async Capable": false,"Scan Direction": "Forward","Index Name": "idx_lineitem_orderkey","Relation Name": "lineitem","Alias": "lineitem","Startup Cost": 0.43,"Total Cost": 1.45,"Plan Rows": 9,"Plan Width": 16,"Actual Startup Time": 0.007,"Actual Total Time": 0.008,"Actual Rows": 0,"Actual Loops": 143530,"Index Cond": "(l_orderkey = orders.o_orderkey)","Rows Removed by Index Recheck": 0,"Filter": "(l_shipdate > '1995-03-06'::date)","Rows Removed by Filter": 4,"Workers": []}]}]}]}]},"Planning Time": 6.625,"Triggers": [],"Execution Time": 557.120}]
[{"Plan": {"Node Type": "Sort","Parallel Aware": false,"Async Capable": false,"Startup Cost": 178709.56,"Total Cost": 179490.82,"Plan Rows": 312505,"Plan Width": 44,"Actual Startup Time": 528.514,"Actual Total Time": 540.156,"Actual Rows": 11546,"Actual Loops": 1,"Sort Key": ["(sum((lineitem.l_extendedprice * ('1'::numeric - lineitem.l_discount)))) DESC", "orders.o_orderdate"],"Sort Method": "quicksort","Sort Space Used": 1106,"Sort Space Type": "Memory","Plans": [{"Node Type": "Aggregate","Strategy": "Hashed","Partial Mode": "Simple","Parent Relationship": "Outer","Parallel Aware": false,"Async Capable": false,"Startup Cost": 146281.67,"Total Cost": 150187.98,"Plan Rows": 312505,"Plan Width": 44,"Actual Startup Time": 506.011,"Actual Total Time": 532.093,"Actual Rows": 11546,"Actual Loops": 1,"Group Key": ["lineitem.l_orderkey", "orders.o_orderdate", "orders.o_shippriority"],"Planned Partitions": 0,"HashAgg Batches": 1,"Peak Memory Usage": 20497,"Disk Usage": 0,"Plans": [{"Node Type": "Gather","Parent Relationship": "Outer","Parallel Aware": false,"Async Capable": false,"Startup Cost": 5521.58,"Total Cost": 141594.09,"Plan Rows": 312505,"Plan Width": 24,"Actual Startup Time": 29.185,"Actual Total Time": 486.007,"Actual Rows": 30093,"Actual Loops": 1,"Workers Planned": 3,"Workers Launched": 3,"Single Copy": false,"Plans": [{"Node Type": "Nested Loop","Parent Relationship": "Outer","Parallel Aware": false,"Async Capable": false,"Join Type": "Inner","Startup Cost": 4521.58,"Total Cost": 109343.59,"Plan Rows": 100808,"Plan Width": 24,"Actual Startup Time": 22.378,"Actual Total Time": 489.559,"Actual Rows": 7523,"Actual Loops": 4,"Inner Unique": false,"Workers": [],"Plans": [{"Node Type": "Hash Join","Parent Relationship": "Outer","Parallel Aware": true,"Async Capable": false,"Join Type": "Inner","Startup Cost": 4521.15,"Total Cost": 37291.45,"Plan Rows": 47349,"Plan Width": 12,"Actual Startup Time": 22.258,"Actual Total Time": 205.707,"Actual Rows": 37275,"Actual Loops": 4,"Inner Unique": true,"Hash Cond": "(orders.o_custkey = customer.c_custkey)","Workers": [],"Plans": [{"Node Type": "Seq Scan","Parent Relationship": "Outer","Parallel Aware": true,"Async Capable": false,"Relation Name": "orders","Alias": "orders","Startup Cost": 0.00,"Total Cost": 32143.39,"Plan Rows": 238816,"Plan Width": 16,"Actual Startup Time": 0.008,"Actual Total Time": 138.108,"Actual Rows": 184291,"Actual Loops": 4,"Filter": "(o_orderdate < '1995-03-31'::date)","Rows Removed by Filter": 190709,"Workers": []},{"Node Type": "Hash","Parent Relationship": "Inner","Parallel Aware": true,"Async Capable": false,"Startup Cost": 4366.25,"Total Cost": 4366.25,"Plan Rows": 12392,"Plan Width": 4,"Actual Startup Time": 21.853,"Actual Total Time": 21.857,"Actual Rows": 7536,"Actual Loops": 4,"Hash Buckets": 32768,"Original Hash Buckets": 32768,"Hash Batches": 1,"Original Hash Batches": 1,"Peak Memory Usage": 1504,"Workers": [],"Plans": [{"Node Type": "Seq Scan","Parent Relationship": "Outer","Parallel Aware": true,"Async Capable": false,"Relation Name": "customer","Alias": "customer","Startup Cost": 0.00,"Total Cost": 4366.25,"Plan Rows": 12392,"Plan Width": 4,"Actual Startup Time": 0.031,"Actual Total Time": 18.871,"Actual Rows": 7536,"Actual Loops": 4,"Filter": "(c_mktsegment = 'BUILDING'::bpchar)","Rows Removed by Filter": 29964,"Workers": []}]}]},{"Node Type": "Index Scan","Parent Relationship": "Inner","Parallel Aware": false,"Async Capable": false,"Scan Direction": "Forward","Index Name": "idx_lineitem_orderkey","Relation Name": "lineitem","Alias": "lineitem","Startup Cost": 0.43,"Total Cost": 1.43,"Plan Rows": 9,"Plan Width": 16,"Actual Startup Time": 0.007,"Actual Total Time": 0.007,"Actual Rows": 0,"Actual Loops": 149101,"Index Cond": "(l_orderkey = orders.o_orderkey)","Rows Removed by Index Recheck": 0,"Filter": "(l_shipdate > '1995-03-31'::date)","Rows Removed by Filter": 4,"Workers": []}]}]}]}]},"Planning Time": 6.427,"Triggers": [],"Execution Time": 554.153}]
[{"Plan": {"Node Type": "Sort","Parallel Aware": false,"Async Capable": false,"Startup Cost": 179402.93,"Total Cost": 180190.82,"Plan Rows": 315153,"Plan Width": 44,"Actual Startup Time": 518.570,"Actual Total Time": 528.691,"Actual Rows": 11254,"Actual Loops": 1,"Sort Key": ["(sum((lineitem.l_extendedprice * ('1'::numeric - lineitem.l_discount)))) DESC", "orders.o_orderdate"],"Sort Method": "quicksort","Sort Space Used": 1088,"Sort Space Type": "Memory","Plans": [{"Node Type": "Aggregate","Strategy": "Hashed","Partial Mode": "Simple","Parent Relationship": "Outer","Parallel Aware": false,"Async Capable": false,"Startup Cost": 146681.08,"Total Cost": 150620.49,"Plan Rows": 315153,"Plan Width": 44,"Actual Startup Time": 496.043,"Actual Total Time": 520.692,"Actual Rows": 11254,"Actual Loops": 1,"Group Key": ["lineitem.l_orderkey", "orders.o_orderdate", "orders.o_shippriority"],"Planned Partitions": 0,"HashAgg Batches": 1,"Peak Memory Usage": 20497,"Disk Usage": 0,"Plans": [{"Node Type": "Gather","Parent Relationship": "Outer","Parallel Aware": false,"Async Capable": false,"Startup Cost": 5522.86,"Total Cost": 141953.79,"Plan Rows": 315153,"Plan Width": 24,"Actual Startup Time": 31.581,"Actual Total Time": 474.999,"Actual Rows": 29749,"Actual Loops": 1,"Workers Planned": 3,"Workers Launched": 3,"Single Copy": false,"Plans": [{"Node Type": "Nested Loop","Parent Relationship": "Outer","Parallel Aware": false,"Async Capable": false,"Join Type": "Inner","Startup Cost": 4522.86,"Total Cost": 109438.49,"Plan Rows": 101662,"Plan Width": 24,"Actual Startup Time": 24.440,"Actual Total Time": 479.650,"Actual Rows": 7437,"Actual Loops": 4,"Inner Unique": false,"Workers": [],"Plans": [{"Node Type": "Hash Join","Parent Relationship": "Outer","Parallel Aware": true,"Async Capable": false,"Join Type": "Inner","Startup Cost": 4522.43,"Total Cost": 37285.23,"Plan Rows": 47168,"Plan Width": 12,"Actual Startup Time": 24.182,"Actual Total Time": 205.405,"Actual Rows": 36365,"Actual Loops": 4,"Inner Unique": true,"Hash Cond": "(orders.o_custkey = customer.c_custkey)","Workers": [],"Plans": [{"Node Type": "Seq Scan","Parent Relationship": "Outer","Parallel Aware": true,"Async Capable": false,"Relation Name": "orders","Alias": "orders","Startup Cost": 0.00,"Total Cost": 32143.39,"Plan Rows": 235959,"Plan Width": 16,"Actual Startup Time": 0.012,"Actual Total Time": 135.668,"Actual Rows": 182140,"Actual Loops": 4,"Filter": "(o_orderdate < '1995-03-17'::date)","Rows Removed by Filter": 192860,"Workers": []},{"Node Type": "Hash","Parent Relationship": "Inner","Parallel Aware": true,"Async Capable": false,"Startup Cost": 4366.25,"Total Cost": 4366.25,"Plan Rows": 12494,"Plan Width": 4,"Actual Startup Time": 23.735,"Actual Total Time": 23.738,"Actual Rows": 7487,"Actual Loops": 4,"Hash Buckets": 32768,"Original Hash Buckets": 32768,"Hash Batches": 1,"Original Hash Batches": 1,"Peak Memory Usage": 1504,"Workers": [],"Plans": [{"Node Type": "Seq Scan","Parent Relationship": "Outer","Parallel Aware": true,"Async Capable": false,"Relation Name": "customer","Alias": "customer","Startup Cost": 0.00,"Total Cost": 4366.25,"Plan Rows": 12494,"Plan Width": 4,"Actual Startup Time": 0.039,"Actual Total Time": 20.610,"Actual Rows": 7487,"Actual Loops": 4,"Filter": "(c_mktsegment = 'MACHINERY'::bpchar)","Rows Removed by Filter": 30013,"Workers": []}]}]},{"Node Type": "Index Scan","Parent Relationship": "Inner","Parallel Aware": false,"Async Capable": false,"Scan Direction": "Forward","Index Name": "idx_lineitem_orderkey","Relation Name": "lineitem","Alias": "lineitem","Startup Cost": 0.43,"Total Cost": 1.44,"Plan Rows": 9,"Plan Width": 16,"Actual Startup Time": 0.007,"Actual Total Time": 0.007,"Actual Rows": 0,"Actual Loops": 145459,"Index Cond": "(l_orderkey = orders.o_orderkey)","Rows Removed by Index Recheck": 0,"Filter": "(l_shipdate > '1995-03-17'::date)","Rows Removed by Filter": 4,"Workers": []}]}]}]}]},"Planning Time": 6.057,"Triggers": [],"Execution Time": 543.328}]
[{"Plan": {"Node Type": "Sort","Parallel Aware": false,"Async Capable": false,"Startup Cost": 178460.87,"Total Cost": 179242.17,"Plan Rows": 312520,"Plan Width": 44,"Actual Startup Time": 548.781,"Actual Total Time": 558.267,"Actual Rows": 11663,"Actual Loops": 1,"Sort Key": ["(sum((lineitem.l_extendedprice * ('1'::numeric - lineitem.l_discount)))) DESC", "orders.o_orderdate"],"Sort Method": "quicksort","Sort Space Used": 1113,"Sort Space Type": "Memory","Plans": [{"Node Type": "Aggregate","Strategy": "Hashed","Partial Mode": "Simple","Parent Relationship": "Outer","Parallel Aware": false,"Async Capable": false,"Startup Cost": 146031.32,"Total Cost": 149937.82,"Plan Rows": 312520,"Plan Width": 44,"Actual Startup Time": 525.637,"Actual Total Time": 549.511,"Actual Rows": 11663,"Actual Loops": 1,"Group Key": ["lineitem.l_orderkey", "orders.o_orderdate", "orders.o_shippriority"],"Planned Partitions": 0,"HashAgg Batches": 1,"Peak Memory Usage": 20497,"Disk Usage": 0,"Plans": [{"Node Type": "Gather","Parent Relationship": "Outer","Parallel Aware": false,"Async Capable": false,"Startup Cost": 5521.58,"Total Cost": 141343.52,"Plan Rows": 312520,"Plan Width": 24,"Actual Startup Time": 32.530,"Actual Total Time": 502.083,"Actual Rows": 30536,"Actual Loops": 1,"Workers Planned": 3,"Workers Launched": 3,"Single Copy": false,"Plans": [{"Node Type": "Nested Loop","Parent Relationship": "Outer","Parallel Aware": false,"Async Capable": false,"Join Type": "Inner","Startup Cost": 4521.58,"Total Cost": 109091.52,"Plan Rows": 100813,"Plan Width": 24,"Actual Startup Time": 25.415,"Actual Total Time": 508.733,"Actual Rows": 7634,"Actual Loops": 4,"Inner Unique": false,"Workers": [],"Plans": [{"Node Type": "Hash Join","Parent Relationship": "Outer","Parallel Aware": true,"Async Capable": false,"Join Type": "Inner","Startup Cost": 4521.15,"Total Cost": 37287.64,"Plan Rows": 47061,"Plan Width": 12,"Actual Startup Time": 25.268,"Actual Total Time": 221.085,"Actual Rows": 37069,"Actual Loops": 4,"Inner Unique": true,"Hash Cond": "(orders.o_custkey = customer.c_custkey)","Workers": [],"Plans": [{"Node Type": "Seq Scan","Parent Relationship": "Outer","Parallel Aware": true,"Async Capable": false,"Relation Name": "orders","Alias": "orders","Startup Cost": 0.00,"Total Cost": 32143.39,"Plan Rows": 237363,"Plan Width": 16,"Actual Startup Time": 0.020,"Actual Total Time": 144.354,"Actual Rows": 183220,"Actual Loops": 4,"Filter": "(o_orderdate < '1995-03-24'::date)","Rows Removed by Filter": 191780,"Workers": []},{"Node Type": "Hash","Parent Relationship": "Inner","Parallel Aware": true,"Async Capable": false,"Startup Cost": 4366.25,"Total Cost": 4366.25,"Plan Rows": 12392,"Plan Width": 4,"Actual Startup Time": 24.766,"Actual Total Time": 24.772,"Actual Rows": 7536,"Actual Loops": 4,"Hash Buckets": 32768,"Original Hash Buckets": 32768,"Hash Batches": 1,"Original Hash Batches": 1,"Peak Memory Usage": 1504,"Workers": [],"Plans": [{"Node Type": "Seq Scan","Parent Relationship": "Outer","Parallel Aware": true,"Async Capable": false,"Relation Name": "customer","Alias": "customer","Startup Cost": 0.00,"Total Cost": 4366.25,"Plan Rows": 12392,"Plan Width": 4,"Actual Startup Time": 0.040,"Actual Total Time": 21.248,"Actual Rows": 7536,"Actual Loops": 4,"Filter": "(c_mktsegment = 'BUILDING'::bpchar)","Rows Removed by Filter": 29964,"Workers": []}]}]},{"Node Type": "Index Scan","Parent Relationship": "Inner","Parallel Aware": false,"Async Capable": false,"Scan Direction": "Forward","Index Name": "idx_lineitem_orderkey","Relation Name": "lineitem","Alias": "lineitem","Startup Cost": 0.43,"Total Cost": 1.44,"Plan Rows": 9,"Plan Width": 16,"Actual Startup Time": 0.007,"Actual Total Time": 0.008,"Actual Rows": 0,"Actual Loops": 148275,"Index Cond": "(l_orderkey = orders.o_orderkey)","Rows Removed by Index Recheck": 0,"Filter": "(l_shipdate > '1995-03-24'::date)","Rows Removed by Filter": 4,"Workers": []}]}]}]}]},"Planning Time": 5.284,"Triggers": [],"Execution Time": 572.726}]
[{"Plan": {"Node Type": "Sort","Parallel Aware": false,"Async Capable": false,"Startup Cost": 182378.26,"Total Cost": 183183.11,"Plan Rows": 321937,"Plan Width": 44,"Actual Startup Time": 522.504,"Actual Total Time": 532.190,"Actual Rows": 11370,"Actual Loops": 1,"Sort Key": ["(sum((lineitem.l_extendedprice * ('1'::numeric - lineitem.l_discount)))) DESC", "orders.o_orderdate"],"Sort Method": "quicksort","Sort Space Used": 1095,"Sort Space Type": "Memory","Plans": [{"Node Type": "Aggregate","Strategy": "Hashed","Partial Mode": "Simple","Parent Relationship": "Outer","Parallel Aware": false,"Async Capable": false,"Startup Cost": 148902.58,"Total Cost": 152926.79,"Plan Rows": 321937,"Plan Width": 44,"Actual Startup Time": 500.057,"Actual Total Time": 523.810,"Actual Rows": 11370,"Actual Loops": 1,"Group Key": ["lineitem.l_orderkey", "orders.o_orderdate", "orders.o_shippriority"],"Planned Partitions": 0,"HashAgg Batches": 1,"Peak Memory Usage": 20497,"Disk Usage": 0,"Plans": [{"Node Type": "Gather","Parent Relationship": "Outer","Parallel Aware": false,"Async Capable": false,"Startup Cost": 5526.18,"Total Cost": 144073.52,"Plan Rows": 321937,"Plan Width": 24,"Actual Startup Time": 30.568,"Actual Total Time": 477.913,"Actual Rows": 30180,"Actual Loops": 1,"Workers Planned": 3,"Workers Launched": 3,"Single Copy": false,"Plans": [{"Node Type": "Nested Loop","Parent Relationship": "Outer","Parallel Aware": false,"Async Capable": false,"Join Type": "Inner","Startup Cost": 4526.18,"Total Cost": 110879.82,"Plan Rows": 103851,"Plan Width": 24,"Actual Startup Time": 23.146,"Actual Total Time": 483.326,"Actual Rows": 7545,"Actual Loops": 4,"Inner Unique": false,"Workers": [],"Plans": [{"Node Type": "Hash Join","Parent Relationship": "Outer","Parallel Aware": true,"Async Capable": false,"Join Type": "Inner","Startup Cost": 4525.75,"Total Cost": 37287.05,"Plan Rows": 48058,"Plan Width": 12,"Actual Startup Time": 22.905,"Actual Total Time": 206.744,"Actual Rows": 36248,"Actual Loops": 4,"Inner Unique": true,"Hash Cond": "(orders.o_custkey = customer.c_custkey)","Workers": [],"Plans": [{"Node Type": "Seq Scan","Parent Relationship": "Outer","Parallel Aware": true,"Async Capable": false,"Relation Name": "orders","Alias": "orders","Startup Cost": 0.00,"Total Cost": 32143.39,"Plan Rows": 235386,"Plan Width": 16,"Actual Startup Time": 0.011,"Actual Total Time": 138.075,"Actual Rows": 181666,"Actual Loops": 4,"Filter": "(o_orderdate < '1995-03-14'::date)","Rows Removed by Filter": 193334,"Workers": []},{"Node Type": "Hash","Parent Relationship": "Inner","Parallel Aware": true,"Async Capable": false,"Startup Cost": 4366.25,"Total Cost": 4366.25,"Plan Rows": 12760,"Plan Width": 4,"Actual Startup Time": 22.494,"Actual Total Time": 22.498,"Actual Rows": 7492,"Actual Loops": 4,"Hash Buckets": 32768,"Original Hash Buckets": 32768,"Hash Batches": 1,"Original Hash Batches": 1,"Peak Memory Usage": 1472,"Workers": [],"Plans": [{"Node Type": "Seq Scan","Parent Relationship": "Outer","Parallel Aware": true,"Async Capable": false,"Relation Name": "customer","Alias": "customer","Startup Cost": 0.00,"Total Cost": 4366.25,"Plan Rows": 12760,"Plan Width": 4,"Actual Startup Time": 0.034,"Actual Total Time": 19.455,"Actual Rows": 7492,"Actual Loops": 4,"Filter": "(c_mktsegment = 'FURNITURE'::bpchar)","Rows Removed by Filter": 30008,"Workers": []}]}]},{"Node Type": "Index Scan","Parent Relationship": "Inner","Parallel Aware": false,"Async Capable": false,"Scan Direction": "Forward","Index Name": "idx_lineitem_orderkey","Relation Name": "lineitem","Alias": "lineitem","Startup Cost": 0.43,"Total Cost": 1.44,"Plan Rows": 9,"Plan Width": 16,"Actual Startup Time": 0.007,"Actual Total Time": 0.007,"Actual Rows": 0,"Actual Loops": 144992,"Index Cond": "(l_orderkey = orders.o_orderkey)","Rows Removed by Index Recheck": 0,"Filter": "(l_shipdate > '1995-03-14'::date)","Rows Removed by Filter": 4,"Workers": []}]}]}]}]},"Planning Time": 5.353,"Triggers": [],"Execution Time": 547.104}]
[{"Plan": {"Node Type": "Sort","Parallel Aware": false,"Async Capable": false,"Startup Cost": 178143.32,"Total Cost": 178924.91,"Plan Rows": 312634,"Plan Width": 44,"Actual Startup Time": 522.290,"Actual Total Time": 531.972,"Actual Rows": 11625,"Actual Loops": 1,"Sort Key": ["(sum((lineitem.l_extendedprice * ('1'::numeric - lineitem.l_discount)))) DESC", "orders.o_orderdate"],"Sort Method": "quicksort","Sort Space Used": 1111,"Sort Space Type": "Memory","Plans": [{"Node Type": "Aggregate","Strategy": "Hashed","Partial Mode": "Simple","Parent Relationship": "Outer","Parallel Aware": false,"Async Capable": false,"Startup Cost": 145701.11,"Total Cost": 149609.04,"Plan Rows": 312634,"Plan Width": 44,"Actual Startup Time": 499.631,"Actual Total Time": 523.835,"Actual Rows": 11625,"Actual Loops": 1,"Group Key": ["lineitem.l_orderkey", "orders.o_orderdate", "orders.o_shippriority"],"Planned Partitions": 0,"HashAgg Batches": 1,"Peak Memory Usage": 20497,"Disk Usage": 0,"Plans": [{"Node Type": "Gather","Parent Relationship": "Outer","Parallel Aware": false,"Async Capable": false,"Startup Cost": 5521.58,"Total Cost": 141011.60,"Plan Rows": 312634,"Plan Width": 24,"Actual Startup Time": 29.336,"Actual Total Time": 477.220,"Actual Rows": 30538,"Actual Loops": 1,"Workers Planned": 3,"Workers Launched": 3,"Single Copy": false,"Plans": [{"Node Type": "Nested Loop","Parent Relationship": "Outer","Parallel Aware": false,"Async Capable": false,"Join Type": "Inner","Startup Cost": 4521.58,"Total Cost": 108748.20,"Plan Rows": 100850,"Plan Width": 24,"Actual Startup Time": 22.534,"Actual Total Time": 483.104,"Actual Rows": 7634,"Actual Loops": 4,"Inner Unique": false,"Workers": [],"Plans": [{"Node Type": "Hash Join","Parent Relationship": "Outer","Parallel Aware": true,"Async Capable": false,"Join Type": "Inner","Startup Cost": 4521.15,"Total Cost": 37282.45,"Plan Rows": 46669,"Plan Width": 12,"Actual Startup Time": 22.368,"Actual Total Time": 205.594,"Actual Rows": 36749,"Actual Loops": 4,"Inner Unique": true,"Hash Cond": "(orders.o_custkey = customer.c_custkey)","Workers": [],"Plans": [{"Node Type": "Seq Scan","Parent Relationship": "Outer","Parallel Aware": true,"Async Capable": false,"Relation Name": "orders","Alias": "orders","Startup Cost": 0.00,"Total Cost": 32143.39,"Plan Rows": 235386,"Plan Width": 16,"Actual Startup Time": 0.012,"Actual Total Time": 137.392,"Actual Rows": 181666,"Actual Loops": 4,"Filter": "(o_orderdate < '1995-03-14'::date)","Rows Removed by Filter": 193334,"Workers": []},{"Node Type": "Hash","Parent Relationship": "Inner","Parallel Aware": true,"Async Capable": false,"Startup Cost": 4366.25,"Total Cost": 4366.25,"Plan Rows": 12392,"Plan Width": 4,"Actual Startup Time": 21.904,"Actual Total Time": 21.909,"Actual Rows": 7536,"Actual Loops": 4,"Hash Buckets": 32768,"Original Hash Buckets": 32768,"Hash Batches": 1,"Original Hash Batches": 1,"Peak Memory Usage": 1472,"Workers": [],"Plans": [{"Node Type": "Seq Scan","Parent Relationship": "Outer","Parallel Aware": true,"Async Capable": false,"Relation Name": "customer","Alias": "customer","Startup Cost": 0.00,"Total Cost": 4366.25,"Plan Rows": 12392,"Plan Width": 4,"Actual Startup Time": 0.034,"Actual Total Time": 18.815,"Actual Rows": 7536,"Actual Loops": 4,"Filter": "(c_mktsegment = 'BUILDING'::bpchar)","Rows Removed by Filter": 29964,"Workers": []}]}]},{"Node Type": "Index Scan","Parent Relationship": "Inner","Parallel Aware": false,"Async Capable": false,"Scan Direction": "Forward","Index Name": "idx_lineitem_orderkey","Relation Name": "lineitem","Alias": "lineitem","Startup Cost": 0.43,"Total Cost": 1.44,"Plan Rows": 9,"Plan Width": 16,"Actual Startup Time": 0.007,"Actual Total Time": 0.007,"Actual Rows": 0,"Actual Loops": 146996,"Index Cond": "(l_orderkey = orders.o_orderkey)","Rows Removed by Index Recheck": 0,"Filter": "(l_shipdate > '1995-03-14'::date)","Rows Removed by Filter": 4,"Workers": []}]}]}]}]},"Planning Time": 6.369,"Triggers": [],"Execution Time": 546.191}]
[{"Plan": {"Node Type": "Sort","Parallel Aware": false,"Async Capable": false,"Startup Cost": 177327.07,"Total Cost": 178105.41,"Plan Rows": 311338,"Plan Width": 44,"Actual Startup Time": 539.276,"Actual Total Time": 546.204,"Actual Rows": 11489,"Actual Loops": 1,"Sort Key": ["(sum((lineitem.l_extendedprice * ('1'::numeric - lineitem.l_discount)))) DESC", "orders.o_orderdate"],"Sort Method": "quicksort","Sort Space Used": 1103,"Sort Space Type": "Memory","Plans": [{"Node Type": "Aggregate","Strategy": "Hashed","Partial Mode": "Simple","Parent Relationship": "Outer","Parallel Aware": false,"Async Capable": false,"Startup Cost": 145028.68,"Total Cost": 148920.40,"Plan Rows": 311338,"Plan Width": 44,"Actual Startup Time": 516.638,"Actual Total Time": 540.338,"Actual Rows": 11489,"Actual Loops": 1,"Group Key": ["lineitem.l_orderkey", "orders.o_orderdate", "orders.o_shippriority"],"Planned Partitions": 0,"HashAgg Batches": 1,"Peak Memory Usage": 20497,"Disk Usage": 0,"Plans": [{"Node Type": "Gather","Parent Relationship": "Outer","Parallel Aware": false,"Async Capable": false,"Startup Cost": 5521.08,"Total Cost": 140358.61,"Plan Rows": 311338,"Plan Width": 24,"Actual Startup Time": 30.660,"Actual Total Time": 493.539,"Actual Rows": 30376,"Actual Loops": 1,"Workers Planned": 3,"Workers Launched": 3,"Single Copy": false,"Plans": [{"Node Type": "Nested Loop","Parent Relationship": "Outer","Parallel Aware": false,"Async Capable": false,"Join Type": "Inner","Startup Cost": 4521.08,"Total Cost": 108224.81,"Plan Rows": 100432,"Plan Width": 24,"Actual Startup Time": 23.422,"Actual Total Time": 499.876,"Actual Rows": 7594,"Actual Loops": 4,"Inner Unique": false,"Workers": [],"Plans": [{"Node Type": "Hash Join","Parent Relationship": "Outer","Parallel Aware": true,"Async Capable": false,"Join Type": "Inner","Startup Cost": 4520.65,"Total Cost": 37277.46,"Plan Rows": 46183,"Plan Width": 12,"Actual Startup Time": 23.006,"Actual Total Time": 216.203,"Actual Rows": 35918,"Actual Loops": 4,"Inner Unique": true,"Hash Cond": "(orders.o_custkey = customer.c_custkey)","Workers": [],"Plans": [{"Node Type": "Seq Scan","Parent Relationship": "Outer","Parallel Aware": true,"Async Capable": false,"Relation Name": "orders","Alias": "orders","Startup Cost": 0.00,"Total Cost": 32143.39,"Plan Rows": 233677,"Plan Width": 16,"Actual Startup Time": 0.008,"Actual Total Time": 142.132,"Actual Rows": 180569,"Actual Loops": 4,"Filter": "(o_orderdate < '1995-03-07'::date)","Rows Removed by Filter": 194431,"Workers": []},{"Node Type": "Hash","Parent Relationship": "Inner","Parallel Aware": true,"Async Capable": false,"Startup Cost": 4366.25,"Total Cost": 4366.25,"Plan Rows": 12352,"Plan Width": 4,"Actual Startup Time": 22.572,"Actual Total Time": 22.577,"Actual Rows": 7438,"Actual Loops": 4,"Hash Buckets": 32768,"Original Hash Buckets": 32768,"Hash Batches": 1,"Original Hash Batches": 1,"Peak Memory Usage": 1472,"Workers": [],"Plans": [{"Node Type": "Seq Scan","Parent Relationship": "Outer","Parallel Aware": true,"Async Capable": false,"Relation Name": "customer","Alias": "customer","Startup Cost": 0.00,"Total Cost": 4366.25,"Plan Rows": 12352,"Plan Width": 4,"Actual Startup Time": 0.047,"Actual Total Time": 19.255,"Actual Rows": 7438,"Actual Loops": 4,"Filter": "(c_mktsegment = 'AUTOMOBILE'::bpchar)","Rows Removed by Filter": 30062,"Workers": []}]}]},{"Node Type": "Index Scan","Parent Relationship": "Inner","Parallel Aware": false,"Async Capable": false,"Scan Direction": "Forward","Index Name": "idx_lineitem_orderkey","Relation Name": "lineitem","Alias": "lineitem","Startup Cost": 0.43,"Total Cost": 1.45,"Plan Rows": 9,"Plan Width": 16,"Actual Startup Time": 0.008,"Actual Total Time": 0.008,"Actual Rows": 0,"Actual Loops": 143672,"Index Cond": "(l_orderkey = orders.o_orderkey)","Rows Removed by Index Recheck": 0,"Filter": "(l_shipdate > '1995-03-07'::date)","Rows Removed by Filter": 4,"Workers": []}]}]}]}]},"Planning Time": 5.578,"Triggers": [],"Execution Time": 561.958}]
[{"Plan": {"Node Type": "Sort","Parallel Aware": false,"Async Capable": false,"Startup Cost": 182139.93,"Total Cost": 182943.63,"Plan Rows": 321480,"Plan Width": 44,"Actual Startup Time": 539.565,"Actual Total Time": 550.205,"Actual Rows": 11384,"Actual Loops": 1,"Sort Key": ["(sum((lineitem.l_extendedprice * ('1'::numeric - lineitem.l_discount)))) DESC", "orders.o_orderdate"],"Sort Method": "quicksort","Sort Space Used": 1096,"Sort Space Type": "Memory","Plans": [{"Node Type": "Aggregate","Strategy": "Hashed","Partial Mode": "Simple","Parent Relationship": "Outer","Parallel Aware": false,"Async Capable": false,"Startup Cost": 148715.06,"Total Cost": 152733.56,"Plan Rows": 321480,"Plan Width": 44,"Actual Startup Time": 516.831,"Actual Total Time": 541.785,"Actual Rows": 11384,"Actual Loops": 1,"Group Key": ["lineitem.l_orderkey", "orders.o_orderdate", "orders.o_shippriority"],"Planned Partitions": 0,"HashAgg Batches": 1,"Peak Memory Usage": 20497,"Disk Usage": 0,"Plans": [{"Node Type": "Gather","Parent Relationship": "Outer","Parallel Aware": false,"Async Capable": false,"Startup Cost": 5526.18,"Total Cost": 143892.86,"Plan Rows": 321480,"Plan Width": 24,"Actual Startup Time": 32.283,"Actual Total Time": 493.099,"Actual Rows": 30115,"Actual Loops": 1,"Workers Planned": 3,"Workers Launched": 3,"Single Copy": false,"Plans": [{"Node Type": "Nested Loop","Parent Relationship": "Outer","Parallel Aware": false,"Async Capable": false,"Join Type": "Inner","Startup Cost": 4526.18,"Total Cost": 110744.86,"Plan Rows": 103703,"Plan Width": 24,"Actual Startup Time": 25.623,"Actual Total Time": 499.512,"Actual Rows": 7529,"Actual Loops": 4,"Inner Unique": false,"Workers": [],"Plans": [{"Node Type": "Hash Join","Parent Relationship": "Outer","Parallel Aware": true,"Async Capable": false,"Join Type": "Inner","Startup Cost": 4525.75,"Total Cost": 37285.07,"Plan Rows": 47904,"Plan Width": 12,"Actual Startup Time": 25.344,"Actual Total Time": 218.551,"Actual Rows": 36185,"Actual Loops": 4,"Inner Unique": true,"Hash Cond": "(orders.o_custkey = customer.c_custkey)","Workers": [],"Plans": [{"Node Type": "Seq Scan","Parent Relationship": "Outer","Parallel Aware": true,"Async Capable": false,"Relation Name": "orders","Alias": "orders","Startup Cost": 0.00,"Total Cost": 32143.39,"Plan Rows": 234633,"Plan Width": 16,"Actual Startup Time": 0.013,"Actual Total Time": 142.504,"Actual Rows": 181340,"Actual Loops": 4,"Filter": "(o_orderdate < '1995-03-12'::date)","Rows Removed by Filter": 193660,"Workers": []},{"Node Type": "Hash","Parent Relationship": "Inner","Parallel Aware": true,"Async Capable": false,"Startup Cost": 4366.25,"Total Cost": 4366.25,"Plan Rows": 12760,"Plan Width": 4,"Actual Startup Time": 24.937,"Actual Total Time": 24.942,"Actual Rows": 7492,"Actual Loops": 4,"Hash Buckets": 32768,"Original Hash Buckets": 32768,"Hash Batches": 1,"Original Hash Batches": 1,"Peak Memory Usage": 1472,"Workers": [],"Plans": [{"Node Type": "Seq Scan","Parent Relationship": "Outer","Parallel Aware": true,"Async Capable": false,"Relation Name": "customer","Alias": "customer","Startup Cost": 0.00,"Total Cost": 4366.25,"Plan Rows": 12760,"Plan Width": 4,"Actual Startup Time": 0.038,"Actual Total Time": 21.075,"Actual Rows": 7492,"Actual Loops": 4,"Filter": "(c_mktsegment = 'FURNITURE'::bpchar)","Rows Removed by Filter": 30008,"Workers": []}]}]},{"Node Type": "Index Scan","Parent Relationship": "Inner","Parallel Aware": false,"Async Capable": false,"Scan Direction": "Forward","Index Name": "idx_lineitem_orderkey","Relation Name": "lineitem","Alias": "lineitem","Startup Cost": 0.43,"Total Cost": 1.44,"Plan Rows": 9,"Plan Width": 16,"Actual Startup Time": 0.007,"Actual Total Time": 0.008,"Actual Rows": 0,"Actual Loops": 144739,"Index Cond": "(l_orderkey = orders.o_orderkey)","Rows Removed by Index Recheck": 0,"Filter": "(l_shipdate > '1995-03-12'::date)","Rows Removed by Filter": 4,"Workers": []}]}]}]}]},"Planning Time": 5.907,"Triggers": [],"Execution Time": 563.071}]
[{"Plan": {"Node Type": "Sort","Parallel Aware": false,"Async Capable": false,"Startup Cost": 177191.24,"Total Cost": 177969.91,"Plan Rows": 311470,"Plan Width": 44,"Actual Startup Time": 514.296,"Actual Total Time": 524.833,"Actual Rows": 11425,"Actual Loops": 1,"Sort Key": ["(sum((lineitem.l_extendedprice * ('1'::numeric - lineitem.l_discount)))) DESC", "orders.o_orderdate"],"Sort Method": "quicksort","Sort Space Used": 1099,"Sort Space Type": "Memory","Plans": [{"Node Type": "Aggregate","Strategy": "Hashed","Partial Mode": "Simple","Parent Relationship": "Outer","Parallel Aware": false,"Async Capable": false,"Startup Cost": 144878.20,"Total Cost": 148771.57,"Plan Rows": 311470,"Plan Width": 44,"Actual Startup Time": 491.185,"Actual Total Time": 517.364,"Actual Rows": 11425,"Actual Loops": 1,"Group Key": ["lineitem.l_orderkey", "orders.o_orderdate", "orders.o_shippriority"],"Planned Partitions": 0,"HashAgg Batches": 1,"Peak Memory Usage": 20497,"Disk Usage": 0,"Plans": [{"Node Type": "Gather","Parent Relationship": "Outer","Parallel Aware": false,"Async Capable": false,"Startup Cost": 5521.08,"Total Cost": 140206.15,"Plan Rows": 311470,"Plan Width": 24,"Actual Startup Time": 29.751,"Actual Total Time": 470.153,"Actual Rows": 30227,"Actual Loops": 1,"Workers Planned": 3,"Workers Launched": 3,"Single Copy": false,"Plans": [{"Node Type": "Nested Loop","Parent Relationship": "Outer","Parallel Aware": false,"Async Capable": false,"Join Type": "Inner","Startup Cost": 4521.08,"Total Cost": 108059.15,"Plan Rows": 100474,"Plan Width": 24,"Actual Startup Time": 22.858,"Actual Total Time": 474.704,"Actual Rows": 7557,"Actual Loops": 4,"Inner Unique": false,"Workers": [],"Plans": [{"Node Type": "Hash Join","Parent Relationship": "Outer","Parallel Aware": true,"Async Capable": false,"Join Type": "Inner","Startup Cost": 4520.65,"Total Cost": 37274.95,"Plan Rows": 45994,"Plan Width": 12,"Actual Startup Time": 22.472,"Actual Total Time": 203.349,"Actual Rows": 35754,"Actual Loops": 4,"Inner Unique": true,"Hash Cond": "(orders.o_custkey = customer.c_custkey)","Workers": [],"Plans": [{"Node Type": "Seq Scan","Parent Relationship": "Outer","Parallel Aware": true,"Async Capable": false,"Relation Name": "orders","Alias": "orders","Startup Cost": 0.00,"Total Cost": 32143.39,"Plan Rows": 232722,"Plan Width": 16,"Actual Startup Time": 0.011,"Actual Total Time": 135.575,"Actual Rows": 179789,"Actual Loops": 4,"Filter": "(o_orderdate < '1995-03-02'::date)","Rows Removed by Filter": 195211,"Workers": []},{"Node Type": "Hash","Parent Relationship": "Inner","Parallel Aware": true,"Async Capable": false,"Startup Cost": 4366.25,"Total Cost": 4366.25,"Plan Rows": 12352,"Plan Width": 4,"Actual Startup Time": 21.981,"Actual Total Time": 21.986,"Actual Rows": 7438,"Actual Loops": 4,"Hash Buckets": 32768,"Original Hash Buckets": 32768,"Hash Batches": 1,"Original Hash Batches": 1,"Peak Memory Usage": 1472,"Workers": [],"Plans": [{"Node Type": "Seq Scan","Parent Relationship": "Outer","Parallel Aware": true,"Async Capable": false,"Relation Name": "customer","Alias": "customer","Startup Cost": 0.00,"Total Cost": 4366.25,"Plan Rows": 12352,"Plan Width": 4,"Actual Startup Time": 0.033,"Actual Total Time": 18.902,"Actual Rows": 7438,"Actual Loops": 4,"Filter": "(c_mktsegment = 'AUTOMOBILE'::bpchar)","Rows Removed by Filter": 30062,"Workers": []}]}]},{"Node Type": "Index Scan","Parent Relationship": "Inner","Parallel Aware": false,"Async Capable": false,"Scan Direction": "Forward","Index Name": "idx_lineitem_orderkey","Relation Name": "lineitem","Alias": "lineitem","Startup Cost": 0.43,"Total Cost": 1.45,"Plan Rows": 9,"Plan Width": 16,"Actual Startup Time": 0.007,"Actual Total Time": 0.007,"Actual Rows": 0,"Actual Loops": 143017,"Index Cond": "(l_orderkey = orders.o_orderkey)","Rows Removed by Index Recheck": 0,"Filter": "(l_shipdate > '1995-03-02'::date)","Rows Removed by Filter": 4,"Workers": []}]}]}]}]},"Planning Time": 5.711,"Triggers": [],"Execution Time": 539.056}]
[{"Plan": {"Node Type": "Sort","Parallel Aware": false,"Async Capable": false,"Startup Cost": 178218.79,"Total Cost": 178997.56,"Plan Rows": 311511,"Plan Width": 44,"Actual Startup Time": 516.028,"Actual Total Time": 526.582,"Actual Rows": 11396,"Actual Loops": 1,"Sort Key": ["(sum((lineitem.l_extendedprice * ('1'::numeric - lineitem.l_discount)))) DESC", "orders.o_orderdate"],"Sort Method": "quicksort","Sort Space Used": 1097,"Sort Space Type": "Memory","Plans": [{"Node Type": "Aggregate","Strategy": "Hashed","Partial Mode": "Simple","Parent Relationship": "Outer","Parallel Aware": false,"Async Capable": false,"Startup Cost": 145901.20,"Total Cost": 149795.08,"Plan Rows": 311511,"Plan Width": 44,"Actual Startup Time": 493.908,"Actual Total Time": 518.234,"Actual Rows": 11396,"Actual Loops": 1,"Group Key": ["lineitem.l_orderkey", "orders.o_orderdate", "orders.o_shippriority"],"Planned Partitions": 0,"HashAgg Batches": 1,"Peak Memory Usage": 20497,"Disk Usage": 0,"Plans": [{"Node Type": "Gather","Parent Relationship": "Outer","Parallel Aware": false,"Async Capable": false,"Startup Cost": 5521.08,"Total Cost": 141228.53,"Plan Rows": 311511,"Plan Width": 24,"Actual Startup Time": 30.838,"Actual Total Time": 472.933,"Actual Rows": 29860,"Actual Loops": 1,"Workers Planned": 3,"Workers Launched": 3,"Single Copy": false,"Plans": [{"Node Type": "Nested Loop","Parent Relationship": "Outer","Parallel Aware": false,"Async Capable": false,"Join Type": "Inner","Startup Cost": 4521.08,"Total Cost": 109077.43,"Plan Rows": 100487,"Plan Width": 24,"Actual Startup Time": 23.953,"Actual Total Time": 477.760,"Actual Rows": 7465,"Actual Loops": 4,"Inner Unique": false,"Workers": [],"Plans": [{"Node Type": "Hash Join","Parent Relationship": "Outer","Parallel Aware": true,"Async Capable": false,"Join Type": "Inner","Startup Cost": 4520.65,"Total Cost": 37290.41,"Plan Rows": 47157,"Plan Width": 12,"Actual Startup Time": 23.470,"Actual Total Time": 204.156,"Actual Rows": 36612,"Actual Loops": 4,"Inner Unique": true,"Hash Cond": "(orders.o_custkey = customer.c_custkey)","Workers": [],"Plans": [{"Node Type": "Seq Scan","Parent Relationship": "Outer","Parallel Aware": true,"Async Capable": false,"Relation Name": "orders","Alias": "orders","Startup Cost": 0.00,"Total Cost": 32143.39,"Plan Rows": 238609,"Plan Width": 16,"Actual Startup Time": 0.012,"Actual Total Time": 135.524,"Actual Rows": 184142,"Actual Loops": 4,"Filter": "(o_orderdate < '1995-03-30'::date)","Rows Removed by Filter": 190858,"Workers": []},{"Node Type": "Hash","Parent Relationship": "Inner","Parallel Aware": true,"Async Capable": false,"Startup Cost": 4366.25,"Total Cost": 4366.25,"Plan Rows": 12352,"Plan Width": 4,"Actual Startup Time": 23.021,"Actual Total Time": 23.027,"Actual Rows": 7438,"Actual Loops": 4,"Hash Buckets": 32768,"Original Hash Buckets": 32768,"Hash Batches": 1,"Original Hash Batches": 1,"Peak Memory Usage": 1504,"Workers": [],"Plans": [{"Node Type": "Seq Scan","Parent Relationship": "Outer","Parallel Aware": true,"Async Capable": false,"Relation Name": "customer","Alias": "customer","Startup Cost": 0.00,"Total Cost": 4366.25,"Plan Rows": 12352,"Plan Width": 4,"Actual Startup Time": 0.035,"Actual Total Time": 19.970,"Actual Rows": 7438,"Actual Loops": 4,"Filter": "(c_mktsegment = 'AUTOMOBILE'::bpchar)","Rows Removed by Filter": 30062,"Workers": []}]}]},{"Node Type": "Index Scan","Parent Relationship": "Inner","Parallel Aware": false,"Async Capable": false,"Scan Direction": "Forward","Index Name": "idx_lineitem_orderkey","Relation Name": "lineitem","Alias": "lineitem","Startup Cost": 0.43,"Total Cost": 1.43,"Plan Rows": 9,"Plan Width": 16,"Actual Startup Time": 0.007,"Actual Total Time": 0.007,"Actual Rows": 0,"Actual Loops": 146450,"Index Cond": "(l_orderkey = orders.o_orderkey)","Rows Removed by Index Recheck": 0,"Filter": "(l_shipdate > '1995-03-30'::date)","Rows Removed by Filter": 4,"Workers": []}]}]}]}]},"Planning Time": 6.748,"Triggers": [],"Execution Time": 540.727}]
[{"Plan": {"Node Type": "Sort","Parallel Aware": false,"Async Capable": false,"Startup Cost": 182526.99,"Total Cost": 183331.59,"Plan Rows": 321840,"Plan Width": 44,"Actual Startup Time": 535.239,"Actual Total Time": 545.550,"Actual Rows": 11424,"Actual Loops": 1,"Sort Key": ["(sum((lineitem.l_extendedprice * ('1'::numeric - lineitem.l_discount)))) DESC", "orders.o_orderdate"],"Sort Method": "quicksort","Sort Space Used": 1099,"Sort Space Type": "Memory","Plans": [{"Node Type": "Aggregate","Strategy": "Hashed","Partial Mode": "Simple","Parent Relationship": "Outer","Parallel Aware": false,"Async Capable": false,"Startup Cost": 149062.10,"Total Cost": 153085.10,"Plan Rows": 321840,"Plan Width": 44,"Actual Startup Time": 512.616,"Actual Total Time": 537.281,"Actual Rows": 11424,"Actual Loops": 1,"Group Key": ["lineitem.l_orderkey", "orders.o_orderdate", "orders.o_shippriority"],"Planned Partitions": 0,"HashAgg Batches": 1,"Peak Memory Usage": 20497,"Disk Usage": 0,"Plans": [{"Node Type": "Gather","Parent Relationship": "Outer","Parallel Aware": false,"Async Capable": false,"Startup Cost": 5526.18,"Total Cost": 144234.50,"Plan Rows": 321840,"Plan Width": 24,"Actual Startup Time": 33.927,"Actual Total Time": 488.217,"Actual Rows": 30221,"Actual Loops": 1,"Workers Planned": 3,"Workers Launched": 3,"Single Copy": false,"Plans": [{"Node Type": "Nested Loop","Parent Relationship": "Outer","Parallel Aware": false,"Async Capable": false,"Join Type": "Inner","Startup Cost": 4526.18,"Total Cost": 111050.50,"Plan Rows": 103819,"Plan Width": 24,"Actual Startup Time": 26.847,"Actual Total Time": 495.422,"Actual Rows": 7555,"Actual Loops": 4,"Inner Unique": false,"Workers": [],"Plans": [{"Node Type": "Hash Join","Parent Relationship": "Outer","Parallel Aware": true,"Async Capable": false,"Join Type": "Inner","Startup Cost": 4525.75,"Total Cost": 37289.55,"Plan Rows": 48253,"Plan Width": 12,"Actual Startup Time": 26.631,"Actual Total Time": 217.590,"Actual Rows": 36409,"Actual Loops": 4,"Inner Unique": true,"Hash Cond": "(orders.o_custkey = customer.c_custkey)","Workers": [],"Plans": [{"Node Type": "Seq Scan","Parent Relationship": "Outer","Parallel Aware": true,"Async Capable": false,"Relation Name": "orders","Alias": "orders","Startup Cost": 0.00,"Total Cost": 32143.39,"Plan Rows": 236341,"Plan Width": 16,"Actual Startup Time": 0.017,"Actual Total Time": 139.781,"Actual Rows": 182456,"Actual Loops": 4,"Filter": "(o_orderdate < '1995-03-19'::date)","Rows Removed by Filter": 192544,"Workers": []},{"Node Type": "Hash","Parent Relationship": "Inner","Parallel Aware": true,"Async Capable": false,"Startup Cost": 4366.25,"Total Cost": 4366.25,"Plan Rows": 12760,"Plan Width": 4,"Actual Startup Time": 26.154,"Actual Total Time": 26.158,"Actual Rows": 7492,"Actual Loops": 4,"Hash Buckets": 32768,"Original Hash Buckets": 32768,"Hash Batches": 1,"Original Hash Batches": 1,"Peak Memory Usage": 1472,"Workers": [],"Plans": [{"Node Type": "Seq Scan","Parent Relationship": "Outer","Parallel Aware": true,"Async Capable": false,"Relation Name": "customer","Alias": "customer","Startup Cost": 0.00,"Total Cost": 4366.25,"Plan Rows": 12760,"Plan Width": 4,"Actual Startup Time": 0.044,"Actual Total Time": 22.377,"Actual Rows": 7492,"Actual Loops": 4,"Filter": "(c_mktsegment = 'FURNITURE'::bpchar)","Rows Removed by Filter": 30008,"Workers": []}]}]},{"Node Type": "Index Scan","Parent Relationship": "Inner","Parallel Aware": false,"Async Capable": false,"Scan Direction": "Forward","Index Name": "idx_lineitem_orderkey","Relation Name": "lineitem","Alias": "lineitem","Startup Cost": 0.43,"Total Cost": 1.44,"Plan Rows": 9,"Plan Width": 16,"Actual Startup Time": 0.007,"Actual Total Time": 0.007,"Actual Rows": 0,"Actual Loops": 145636,"Index Cond": "(l_orderkey = orders.o_orderkey)","Rows Removed by Index Recheck": 0,"Filter": "(l_shipdate > '1995-03-19'::date)","Rows Removed by Filter": 4,"Workers": []}]}]}]}]},"Planning Time": 5.538,"Triggers": [],"Execution Time": 557.476}]
[{"Plan": {"Node Type": "Sort","Parallel Aware": false,"Async Capable": false,"Startup Cost": 182556.38,"Total Cost": 183360.93,"Plan Rows": 321819,"Plan Width": 44,"Actual Startup Time": 517.367,"Actual Total Time": 529.439,"Actual Rows": 11439,"Actual Loops": 1,"Sort Key": ["(sum((lineitem.l_extendedprice * ('1'::numeric - lineitem.l_discount)))) DESC", "orders.o_orderdate"],"Sort Method": "quicksort","Sort Space Used": 1099,"Sort Space Type": "Memory","Plans": [{"Node Type": "Aggregate","Strategy": "Hashed","Partial Mode": "Simple","Parent Relationship": "Outer","Parallel Aware": false,"Async Capable": false,"Startup Cost": 149093.82,"Total Cost": 153116.55,"Plan Rows": 321819,"Plan Width": 44,"Actual Startup Time": 495.463,"Actual Total Time": 522.278,"Actual Rows": 11439,"Actual Loops": 1,"Group Key": ["lineitem.l_orderkey", "orders.o_orderdate", "orders.o_shippriority"],"Planned Partitions": 0,"HashAgg Batches": 1,"Peak Memory Usage": 20497,"Disk Usage": 0,"Plans": [{"Node Type": "Gather","Parent Relationship": "Outer","Parallel Aware": false,"Async Capable": false,"Startup Cost": 5526.18,"Total Cost": 144266.53,"Plan Rows": 321819,"Plan Width": 24,"Actual Startup Time": 29.772,"Actual Total Time": 476.664,"Actual Rows": 30285,"Actual Loops": 1,"Workers Planned": 3,"Workers Launched": 3,"Single Copy": false,"Plans": [{"Node Type": "Nested Loop","Parent Relationship": "Outer","Parallel Aware": false,"Async Capable": false,"Join Type": "Inner","Startup Cost": 4526.18,"Total Cost": 111084.63,"Plan Rows": 103813,"Plan Width": 24,"Actual Startup Time": 23.053,"Actual Total Time": 479.398,"Actual Rows": 7571,"Actual Loops": 4,"Inner Unique": false,"Workers": [],"Plans": [{"Node Type": "Hash Join","Parent Relationship": "Outer","Parallel Aware": true,"Async Capable": false,"Join Type": "Inner","Startup Cost": 4525.75,"Total Cost": 37290.06,"Plan Rows": 48292,"Plan Width": 12,"Actual Startup Time": 22.849,"Actual Total Time": 204.689,"Actual Rows": 36445,"Actual Loops": 4,"Inner Unique": true,"Hash Cond": "(orders.o_custkey = customer.c_custkey)","Workers": [],"Plans": [{"Node Type": "Seq Scan","Parent Relationship": "Outer","Parallel Aware": true,"Async Capable": false,"Relation Name": "orders","Alias": "orders","Startup Cost": 0.00,"Total Cost": 32143.39,"Plan Rows": 236532,"Plan Width": 16,"Actual Startup Time": 0.013,"Actual Total Time": 137.382,"Actual Rows": 182617,"Actual Loops": 4,"Filter": "(o_orderdate < '1995-03-20'::date)","Rows Removed by Filter": 192383,"Workers": []},{"Node Type": "Hash","Parent Relationship": "Inner","Parallel Aware": true,"Async Capable": false,"Startup Cost": 4366.25,"Total Cost": 4366.25,"Plan Rows": 12760,"Plan Width": 4,"Actual Startup Time": 22.380,"Actual Total Time": 22.385,"Actual Rows": 7492,"Actual Loops": 4,"Hash Buckets": 32768,"Original Hash Buckets": 32768,"Hash Batches": 1,"Original Hash Batches": 1,"Peak Memory Usage": 1504,"Workers": [],"Plans": [{"Node Type": "Seq Scan","Parent Relationship": "Outer","Parallel Aware": true,"Async Capable": false,"Relation Name": "customer","Alias": "customer","Startup Cost": 0.00,"Total Cost": 4366.25,"Plan Rows": 12760,"Plan Width": 4,"Actual Startup Time": 0.027,"Actual Total Time": 19.359,"Actual Rows": 7492,"Actual Loops": 4,"Filter": "(c_mktsegment = 'FURNITURE'::bpchar)","Rows Removed by Filter": 30008,"Workers": []}]}]},{"Node Type": "Index Scan","Parent Relationship": "Inner","Parallel Aware": false,"Async Capable": false,"Scan Direction": "Forward","Index Name": "idx_lineitem_orderkey","Relation Name": "lineitem","Alias": "lineitem","Startup Cost": 0.43,"Total Cost": 1.44,"Plan Rows": 9,"Plan Width": 16,"Actual Startup Time": 0.007,"Actual Total Time": 0.007,"Actual Rows": 0,"Actual Loops": 145780,"Index Cond": "(l_orderkey = orders.o_orderkey)","Rows Removed by Index Recheck": 0,"Filter": "(l_shipdate > '1995-03-20'::date)","Rows Removed by Filter": 4,"Workers": []}]}]}]}]},"Planning Time": 6.662,"Triggers": [],"Execution Time": 543.603}]
[{"Plan": {"Node Type": "Sort","Parallel Aware": false,"Async Capable": false,"Startup Cost": 182058.10,"Total Cost": 182862.03,"Plan Rows": 321571,"Plan Width": 44,"Actual Startup Time": 546.390,"Actual Total Time": 556.446,"Actual Rows": 11390,"Actual Loops": 1,"Sort Key": ["(sum((lineitem.l_extendedprice * ('1'::numeric - lineitem.l_discount)))) DESC", "orders.o_orderdate"],"Sort Method": "quicksort","Sort Space Used": 1096,"Sort Space Type": "Memory","Plans": [{"Node Type": "Aggregate","Strategy": "Hashed","Partial Mode": "Simple","Parent Relationship": "Outer","Parallel Aware": false,"Async Capable": false,"Startup Cost": 148623.11,"Total Cost": 152642.75,"Plan Rows": 321571,"Plan Width": 44,"Actual Startup Time": 523.631,"Actual Total Time": 548.110,"Actual Rows": 11390,"Actual Loops": 1,"Group Key": ["lineitem.l_orderkey", "orders.o_orderdate", "orders.o_shippriority"],"Planned Partitions": 0,"HashAgg Batches": 1,"Peak Memory Usage": 20497,"Disk Usage": 0,"Plans": [{"Node Type": "Gather","Parent Relationship": "Outer","Parallel Aware": false,"Async Capable": false,"Startup Cost": 5526.18,"Total Cost": 143799.55,"Plan Rows": 321571,"Plan Width": 24,"Actual Startup Time": 35.987,"Actual Total Time": 502.272,"Actual Rows": 30211,"Actual Loops": 1,"Workers Planned": 3,"Workers Launched": 3,"Single Copy": false,"Plans": [{"Node Type": "Nested Loop","Parent Relationship": "Outer","Parallel Aware": false,"Async Capable": false,"Join Type": "Inner","Startup Cost": 4526.18,"Total Cost": 110642.45,"Plan Rows": 103733,"Plan Width": 24,"Actual Startup Time": 28.041,"Actual Total Time": 506.431,"Actual Rows": 7553,"Actual Loops": 4,"Inner Unique": false,"Workers": [],"Plans": [{"Node Type": "Hash Join","Parent Relationship": "Outer","Parallel Aware": true,"Async Capable": false,"Join Type": "Inner","Startup Cost": 4525.75,"Total Cost": 37283.56,"Plan Rows": 47787,"Plan Width": 12,"Actual Startup Time": 27.784,"Actual Total Time": 223.298,"Actual Rows": 36098,"Actual Loops": 4,"Inner Unique": true,"Hash Cond": "(orders.o_custkey = customer.c_custkey)","Workers": [],"Plans": [{"Node Type": "Seq Scan","Parent Relationship": "Outer","Parallel Aware": true,"Async Capable": false,"Relation Name": "orders","Alias": "orders","Startup Cost": 0.00,"Total Cost": 32143.39,"Plan Rows": 234059,"Plan Width": 16,"Actual Startup Time": 0.012,"Actual Total Time": 145.412,"Actual Rows": 180877,"Actual Loops": 4,"Filter": "(o_orderdate < '1995-03-09'::date)","Rows Removed by Filter": 194123,"Workers": []},{"Node Type": "Hash","Parent Relationship": "Inner","Parallel Aware": true,"Async Capable": false,"Startup Cost": 4366.25,"Total Cost": 4366.25,"Plan Rows": 12760,"Plan Width": 4,"Actual Startup Time": 27.272,"Actual Total Time": 27.279,"Actual Rows": 7492,"Actual Loops": 4,"Hash Buckets": 32768,"Original Hash Buckets": 32768,"Hash Batches": 1,"Original Hash Batches": 1,"Peak Memory Usage": 1504,"Workers": [],"Plans": [{"Node Type": "Seq Scan","Parent Relationship": "Outer","Parallel Aware": true,"Async Capable": false,"Relation Name": "customer","Alias": "customer","Startup Cost": 0.00,"Total Cost": 4366.25,"Plan Rows": 12760,"Plan Width": 4,"Actual Startup Time": 0.042,"Actual Total Time": 23.852,"Actual Rows": 7492,"Actual Loops": 4,"Filter": "(c_mktsegment = 'FURNITURE'::bpchar)","Rows Removed by Filter": 30008,"Workers": []}]}]},{"Node Type": "Index Scan","Parent Relationship": "Inner","Parallel Aware": false,"Async Capable": false,"Scan Direction": "Forward","Index Name": "idx_lineitem_orderkey","Relation Name": "lineitem","Alias": "lineitem","Startup Cost": 0.43,"Total Cost": 1.45,"Plan Rows": 9,"Plan Width": 16,"Actual Startup Time": 0.007,"Actual Total Time": 0.008,"Actual Rows": 0,"Actual Loops": 144393,"Index Cond": "(l_orderkey = orders.o_orderkey)","Rows Removed by Index Recheck": 0,"Filter": "(l_shipdate > '1995-03-09'::date)","Rows Removed by Filter": 4,"Workers": []}]}]}]}]},"Planning Time": 6.548,"Triggers": [],"Execution Time": 570.548}]
[{"Plan": {"Node Type": "Sort","Parallel Aware": false,"Async Capable": false,"Startup Cost": 178496.66,"Total Cost": 179277.96,"Plan Rows": 312520,"Plan Width": 44,"Actual Startup Time": 544.665,"Actual Total Time": 554.391,"Actual Rows": 11638,"Actual Loops": 1,"Sort Key": ["(sum((lineitem.l_extendedprice * ('1'::numeric - lineitem.l_discount)))) DESC", "orders.o_orderdate"],"Sort Method": "quicksort","Sort Space Used": 1112,"Sort Space Type": "Memory","Plans": [{"Node Type": "Aggregate","Strategy": "Hashed","Partial Mode": "Simple","Parent Relationship": "Outer","Parallel Aware": false,"Async Capable": false,"Startup Cost": 146067.11,"Total Cost": 149973.61,"Plan Rows": 312520,"Plan Width": 44,"Actual Startup Time": 521.685,"Actual Total Time": 545.953,"Actual Rows": 11638,"Actual Loops": 1,"Group Key": ["lineitem.l_orderkey", "orders.o_orderdate", "orders.o_shippriority"],"Planned Partitions": 0,"HashAgg Batches": 1,"Peak Memory Usage": 20497,"Disk Usage": 0,"Plans": [{"Node Type": "Gather","Parent Relationship": "Outer","Parallel Aware": false,"Async Capable": false,"Startup Cost": 5521.58,"Total Cost": 141379.31,"Plan Rows": 312520,"Plan Width": 24,"Actual Startup Time": 33.380,"Actual Total Time": 496.153,"Actual Rows": 30390,"Actual Loops": 1,"Workers Planned": 3,"Workers Launched": 3,"Single Copy": false,"Plans": [{"Node Type": "Nested Loop","Parent Relationship": "Outer","Parallel Aware": false,"Async Capable": false,"Join Type": "Inner","Startup Cost": 4521.58,"Total Cost": 109127.31,"Plan Rows": 100813,"Plan Width": 24,"Actual Startup Time": 26.346,"Actual Total Time": 504.196,"Actual Rows": 7598,"Actual Loops": 4,"Inner Unique": false,"Workers": [],"Plans": [{"Node Type": "Hash Join","Parent Relationship": "Outer","Parallel Aware": true,"Async Capable": false,"Join Type": "Inner","Startup Cost": 4521.15,"Total Cost": 37288.18,"Plan Rows": 47102,"Plan Width": 12,"Actual Startup Time": 26.215,"Actual Total Time": 221.202,"Actual Rows": 37097,"Actual Loops": 4,"Inner Unique": true,"Hash Cond": "(orders.o_custkey = customer.c_custkey)","Workers": [],"Plans": [{"Node Type": "Seq Scan","Parent Relationship": "Outer","Parallel Aware": true,"Async Capable": false,"Relation Name": "orders","Alias": "orders","Startup Cost": 0.00,"Total Cost": 32143.39,"Plan Rows": 237570,"Plan Width": 16,"Actual Startup Time": 0.017,"Actual Total Time": 143.115,"Actual Rows": 183364,"Actual Loops": 4,"Filter": "(o_orderdate < '1995-03-25'::date)","Rows Removed by Filter": 191636,"Workers": []},{"Node Type": "Hash","Parent Relationship": "Inner","Parallel Aware": true,"Async Capable": false,"Startup Cost": 4366.25,"Total Cost": 4366.25,"Plan Rows": 12392,"Plan Width": 4,"Actual Startup Time": 25.757,"Actual Total Time": 25.760,"Actual Rows": 7536,"Actual Loops": 4,"Hash Buckets": 32768,"Original Hash Buckets": 32768,"Hash Batches": 1,"Original Hash Batches": 1,"Peak Memory Usage": 1472,"Workers": [],"Plans": [{"Node Type": "Seq Scan","Parent Relationship": "Outer","Parallel Aware": true,"Async Capable": false,"Relation Name": "customer","Alias": "customer","Startup Cost": 0.00,"Total Cost": 4366.25,"Plan Rows": 12392,"Plan Width": 4,"Actual Startup Time": 0.035,"Actual Total Time": 22.045,"Actual Rows": 7536,"Actual Loops": 4,"Filter": "(c_mktsegment = 'BUILDING'::bpchar)","Rows Removed by Filter": 29964,"Workers": []}]}]},{"Node Type": "Index Scan","Parent Relationship": "Inner","Parallel Aware": false,"Async Capable": false,"Scan Direction": "Forward","Index Name": "idx_lineitem_orderkey","Relation Name": "lineitem","Alias": "lineitem","Startup Cost": 0.43,"Total Cost": 1.44,"Plan Rows": 9,"Plan Width": 16,"Actual Startup Time": 0.007,"Actual Total Time": 0.007,"Actual Rows": 0,"Actual Loops": 148389,"Index Cond": "(l_orderkey = orders.o_orderkey)","Rows Removed by Index Recheck": 0,"Filter": "(l_shipdate > '1995-03-25'::date)","Rows Removed by Filter": 4,"Workers": []}]}]}]}]},"Planning Time": 5.606,"Triggers": [],"Execution Time": 566.394}]
[{"Plan": {"Node Type": "Sort","Parallel Aware": false,"Async Capable": false,"Startup Cost": 179911.28,"Total Cost": 180699.52,"Plan Rows": 315296,"Plan Width": 44,"Actual Startup Time": 541.100,"Actual Total Time": 550.164,"Actual Rows": 11378,"Actual Loops": 1,"Sort Key": ["(sum((lineitem.l_extendedprice * ('1'::numeric - lineitem.l_discount)))) DESC", "orders.o_orderdate"],"Sort Method": "quicksort","Sort Space Used": 1096,"Sort Space Type": "Memory","Plans": [{"Node Type": "Aggregate","Strategy": "Hashed","Partial Mode": "Simple","Parent Relationship": "Outer","Parallel Aware": false,"Async Capable": false,"Startup Cost": 147173.55,"Total Cost": 151114.75,"Plan Rows": 315296,"Plan Width": 44,"Actual Startup Time": 518.387,"Actual Total Time": 540.798,"Actual Rows": 11378,"Actual Loops": 1,"Group Key": ["lineitem.l_orderkey", "orders.o_orderdate", "orders.o_shippriority"],"Planned Partitions": 0,"HashAgg Batches": 1,"Peak Memory Usage": 20497,"Disk Usage": 0,"Plans": [{"Node Type": "Gather","Parent Relationship": "Outer","Parallel Aware": false,"Async Capable": false,"Startup Cost": 5522.96,"Total Cost": 142444.11,"Plan Rows": 315296,"Plan Width": 24,"Actual Startup Time": 34.051,"Actual Total Time": 491.890,"Actual Rows": 30130,"Actual Loops": 1,"Workers Planned": 3,"Workers Launched": 3,"Single Copy": false,"Plans": [{"Node Type": "Nested Loop","Parent Relationship": "Outer","Parallel Aware": false,"Async Capable": false,"Join Type": "Inner","Startup Cost": 4522.96,"Total Cost": 109914.51,"Plan Rows": 101708,"Plan Width": 24,"Actual Startup Time": 27.085,"Actual Total Time": 500.791,"Actual Rows": 7532,"Actual Loops": 4,"Inner Unique": false,"Workers": [],"Plans": [{"Node Type": "Hash Join","Parent Relationship": "Outer","Parallel Aware": true,"Async Capable": false,"Join Type": "Inner","Startup Cost": 4522.52,"Total Cost": 37291.74,"Plan Rows": 47688,"Plan Width": 12,"Actual Startup Time": 26.940,"Actual Total Time": 220.824,"Actual Rows": 36724,"Actual Loops": 4,"Inner Unique": true,"Hash Cond": "(orders.o_custkey = customer.c_custkey)","Workers": [],"Plans": [{"Node Type": "Seq Scan","Parent Relationship": "Outer","Parallel Aware": true,"Async Capable": false,"Relation Name": "orders","Alias": "orders","Startup Cost": 0.00,"Total Cost": 32143.39,"Plan Rows": 238401,"Plan Width": 16,"Actual Startup Time": 0.010,"Actual Total Time": 141.910,"Actual Rows": 183996,"Actual Loops": 4,"Filter": "(o_orderdate < '1995-03-29'::date)","Rows Removed by Filter": 191004,"Workers": []},{"Node Type": "Hash","Parent Relationship": "Inner","Parallel Aware": true,"Async Capable": false,"Startup Cost": 4366.25,"Total Cost": 4366.25,"Plan Rows": 12502,"Plan Width": 4,"Actual Startup Time": 26.447,"Actual Total Time": 26.452,"Actual Rows": 7547,"Actual Loops": 4,"Hash Buckets": 32768,"Original Hash Buckets": 32768,"Hash Batches": 1,"Original Hash Batches": 1,"Peak Memory Usage": 1536,"Workers": [],"Plans": [{"Node Type": "Seq Scan","Parent Relationship": "Outer","Parallel Aware": true,"Async Capable": false,"Relation Name": "customer","Alias": "customer","Startup Cost": 0.00,"Total Cost": 4366.25,"Plan Rows": 12502,"Plan Width": 4,"Actual Startup Time": 0.044,"Actual Total Time": 22.588,"Actual Rows": 7547,"Actual Loops": 4,"Filter": "(c_mktsegment = 'HOUSEHOLD'::bpchar)","Rows Removed by Filter": 29953,"Workers": []}]}]},{"Node Type": "Index Scan","Parent Relationship": "Inner","Parallel Aware": false,"Async Capable": false,"Scan Direction": "Forward","Index Name": "idx_lineitem_orderkey","Relation Name": "lineitem","Alias": "lineitem","Startup Cost": 0.43,"Total Cost": 1.43,"Plan Rows": 9,"Plan Width": 16,"Actual Startup Time": 0.007,"Actual Total Time": 0.007,"Actual Rows": 0,"Actual Loops": 146895,"Index Cond": "(l_orderkey = orders.o_orderkey)","Rows Removed by Index Recheck": 0,"Filter": "(l_shipdate > '1995-03-29'::date)","Rows Removed by Filter": 4,"Workers": []}]}]}]}]},"Planning Time": 5.710,"Triggers": [],"Execution Time": 562.621}]
[{"Plan": {"Node Type": "Sort","Parallel Aware": false,"Async Capable": false,"Startup Cost": 182139.93,"Total Cost": 182943.63,"Plan Rows": 321480,"Plan Width": 44,"Actual Startup Time": 539.565,"Actual Total Time": 550.205,"Actual Rows": 11384,"Actual Loops": 1,"Sort Key": ["(sum((lineitem.l_extendedprice * ('1'::numeric - lineitem.l_discount)))) DESC", "orders.o_orderdate"],"Sort Method": "quicksort","Sort Space Used": 1096,"Sort Space Type": "Memory","Plans": [{"Node Type": "Aggregate","Strategy": "Hashed","Partial Mode": "Simple","Parent Relationship": "Outer","Parallel Aware": false,"Async Capable": false,"Startup Cost": 148715.06,"Total Cost": 152733.56,"Plan Rows": 321480,"Plan Width": 44,"Actual Startup Time": 516.831,"Actual Total Time": 541.785,"Actual Rows": 11384,"Actual Loops": 1,"Group Key": ["lineitem.l_orderkey", "orders.o_orderdate", "orders.o_shippriority"],"Planned Partitions": 0,"HashAgg Batches": 1,"Peak Memory Usage": 20497,"Disk Usage": 0,"Plans": [{"Node Type": "Gather","Parent Relationship": "Outer","Parallel Aware": false,"Async Capable": false,"Startup Cost": 5526.18,"Total Cost": 143892.86,"Plan Rows": 321480,"Plan Width": 24,"Actual Startup Time": 32.283,"Actual Total Time": 493.099,"Actual Rows": 30115,"Actual Loops": 1,"Workers Planned": 3,"Workers Launched": 3,"Single Copy": false,"Plans": [{"Node Type": "Nested Loop","Parent Relationship": "Outer","Parallel Aware": false,"Async Capable": false,"Join Type": "Inner","Startup Cost": 4526.18,"Total Cost": 110744.86,"Plan Rows": 103703,"Plan Width": 24,"Actual Startup Time": 25.623,"Actual Total Time": 499.512,"Actual Rows": 7529,"Actual Loops": 4,"Inner Unique": false,"Workers": [],"Plans": [{"Node Type": "Hash Join","Parent Relationship": "Outer","Parallel Aware": true,"Async Capable": false,"Join Type": "Inner","Startup Cost": 4525.75,"Total Cost": 37285.07,"Plan Rows": 47904,"Plan Width": 12,"Actual Startup Time": 25.344,"Actual Total Time": 218.551,"Actual Rows": 36185,"Actual Loops": 4,"Inner Unique": true,"Hash Cond": "(orders.o_custkey = customer.c_custkey)","Workers": [],"Plans": [{"Node Type": "Seq Scan","Parent Relationship": "Outer","Parallel Aware": true,"Async Capable": false,"Relation Name": "orders","Alias": "orders","Startup Cost": 0.00,"Total Cost": 32143.39,"Plan Rows": 234633,"Plan Width": 16,"Actual Startup Time": 0.013,"Actual Total Time": 142.504,"Actual Rows": 181340,"Actual Loops": 4,"Filter": "(o_orderdate < '1995-03-12'::date)","Rows Removed by Filter": 193660,"Workers": []},{"Node Type": "Hash","Parent Relationship": "Inner","Parallel Aware": true,"Async Capable": false,"Startup Cost": 4366.25,"Total Cost": 4366.25,"Plan Rows": 12760,"Plan Width": 4,"Actual Startup Time": 24.937,"Actual Total Time": 24.942,"Actual Rows": 7492,"Actual Loops": 4,"Hash Buckets": 32768,"Original Hash Buckets": 32768,"Hash Batches": 1,"Original Hash Batches": 1,"Peak Memory Usage": 1472,"Workers": [],"Plans": [{"Node Type": "Seq Scan","Parent Relationship": "Outer","Parallel Aware": true,"Async Capable": false,"Relation Name": "customer","Alias": "customer","Startup Cost": 0.00,"Total Cost": 4366.25,"Plan Rows": 12760,"Plan Width": 4,"Actual Startup Time": 0.038,"Actual Total Time": 21.075,"Actual Rows": 7492,"Actual Loops": 4,"Filter": "(c_mktsegment = 'FURNITURE'::bpchar)","Rows Removed by Filter": 30008,"Workers": []}]}]},{"Node Type": "Index Scan","Parent Relationship": "Inner","Parallel Aware": false,"Async Capable": false,"Scan Direction": "Forward","Index Name": "idx_lineitem_orderkey","Relation Name": "lineitem","Alias": "lineitem","Startup Cost": 0.43,"Total Cost": 1.44,"Plan Rows": 9,"Plan Width": 16,"Actual Startup Time": 0.007,"Actual Total Time": 0.008,"Actual Rows": 0,"Actual Loops": 144739,"Index Cond": "(l_orderkey = orders.o_orderkey)","Rows Removed by Index Recheck": 0,"Filter": "(l_shipdate > '1995-03-12'::date)","Rows Removed by Filter": 4,"Workers": []}]}]}]}]},"Planning Time": 5.907,"Triggers": [],"Execution Time": 563.071}]
[{"Plan": {"Node Type": "Sort","Parallel Aware": false,"Async Capable": false,"Startup Cost": 179635.90,"Total Cost": 180423.63,"Plan Rows": 315094,"Plan Width": 44,"Actual Startup Time": 525.994,"Actual Total Time": 533.946,"Actual Rows": 11231,"Actual Loops": 1,"Sort Key": ["(sum((lineitem.l_extendedprice * ('1'::numeric - lineitem.l_discount)))) DESC", "orders.o_orderdate"],"Sort Method": "quicksort","Sort Space Used": 1086,"Sort Space Type": "Memory","Plans": [{"Node Type": "Aggregate","Strategy": "Hashed","Partial Mode": "Simple","Parent Relationship": "Outer","Parallel Aware": false,"Async Capable": false,"Startup Cost": 146920.60,"Total Cost": 150859.27,"Plan Rows": 315094,"Plan Width": 44,"Actual Startup Time": 503.778,"Actual Total Time": 528.247,"Actual Rows": 11231,"Actual Loops": 1,"Group Key": ["lineitem.l_orderkey", "orders.o_orderdate", "orders.o_shippriority"],"Planned Partitions": 0,"HashAgg Batches": 1,"Peak Memory Usage": 20497,"Disk Usage": 0,"Plans": [{"Node Type": "Gather","Parent Relationship": "Outer","Parallel Aware": false,"Async Capable": false,"Startup Cost": 5522.86,"Total Cost": 142194.19,"Plan Rows": 315094,"Plan Width": 24,"Actual Startup Time": 30.513,"Actual Total Time": 482.545,"Actual Rows": 29670,"Actual Loops": 1,"Workers Planned": 3,"Workers Launched": 3,"Single Copy": false,"Plans": [{"Node Type": "Nested Loop","Parent Relationship": "Outer","Parallel Aware": false,"Async Capable": false,"Join Type": "Inner","Startup Cost": 4522.86,"Total Cost": 109684.79,"Plan Rows": 101643,"Plan Width": 24,"Actual Startup Time": 23.171,"Actual Total Time": 487.131,"Actual Rows": 7418,"Actual Loops": 4,"Inner Unique": false,"Workers": [],"Plans": [{"Node Type": "Hash Join","Parent Relationship": "Outer","Parallel Aware": true,"Async Capable": false,"Join Type": "Inner","Startup Cost": 4522.43,"Total Cost": 37288.91,"Plan Rows": 47449,"Plan Width": 12,"Actual Startup Time": 22.864,"Actual Total Time": 206.843,"Actual Rows": 36580,"Actual Loops": 4,"Inner Unique": true,"Hash Cond": "(orders.o_custkey = customer.c_custkey)","Workers": [],"Plans": [{"Node Type": "Seq Scan","Parent Relationship": "Outer","Parallel Aware": true,"Async Capable": false,"Relation Name": "orders","Alias": "orders","Startup Cost": 0.00,"Total Cost": 32143.39,"Plan Rows": 237363,"Plan Width": 16,"Actual Startup Time": 0.013,"Actual Total Time": 138.612,"Actual Rows": 183220,"Actual Loops": 4,"Filter": "(o_orderdate < '1995-03-24'::date)","Rows Removed by Filter": 191780,"Workers": []},{"Node Type": "Hash","Parent Relationship": "Inner","Parallel Aware": true,"Async Capable": false,"Startup Cost": 4366.25,"Total Cost": 4366.25,"Plan Rows": 12494,"Plan Width": 4,"Actual Startup Time": 22.398,"Actual Total Time": 22.402,"Actual Rows": 7487,"Actual Loops": 4,"Hash Buckets": 32768,"Original Hash Buckets": 32768,"Hash Batches": 1,"Original Hash Batches": 1,"Peak Memory Usage": 1504,"Workers": [],"Plans": [{"Node Type": "Seq Scan","Parent Relationship": "Outer","Parallel Aware": true,"Async Capable": false,"Relation Name": "customer","Alias": "customer","Startup Cost": 0.00,"Total Cost": 4366.25,"Plan Rows": 12494,"Plan Width": 4,"Actual Startup Time": 0.036,"Actual Total Time": 19.351,"Actual Rows": 7487,"Actual Loops": 4,"Filter": "(c_mktsegment = 'MACHINERY'::bpchar)","Rows Removed by Filter": 30013,"Workers": []}]}]},{"Node Type": "Index Scan","Parent Relationship": "Inner","Parallel Aware": false,"Async Capable": false,"Scan Direction": "Forward","Index Name": "idx_lineitem_orderkey","Relation Name": "lineitem","Alias": "lineitem","Startup Cost": 0.43,"Total Cost": 1.44,"Plan Rows": 9,"Plan Width": 16,"Actual Startup Time": 0.007,"Actual Total Time": 0.007,"Actual Rows": 0,"Actual Loops": 146321,"Index Cond": "(l_orderkey = orders.o_orderkey)","Rows Removed by Index Recheck": 0,"Filter": "(l_shipdate > '1995-03-24'::date)","Rows Removed by Filter": 4,"Workers": []}]}]}]}]},"Planning Time": 5.728,"Triggers": [],"Execution Time": 548.066}]
[{"Plan": {"Node Type": "Sort","Parallel Aware": false,"Async Capable": false,"Startup Cost": 182631.37,"Total Cost": 183435.92,"Plan Rows": 321821,"Plan Width": 44,"Actual Startup Time": 556.972,"Actual Total Time": 567.623,"Actual Rows": 11436,"Actual Loops": 1,"Sort Key": ["(sum((lineitem.l_extendedprice * ('1'::numeric - lineitem.l_discount)))) DESC", "orders.o_orderdate"],"Sort Method": "quicksort","Sort Space Used": 1099,"Sort Space Type": "Memory","Plans": [{"Node Type": "Aggregate","Strategy": "Hashed","Partial Mode": "Simple","Parent Relationship": "Outer","Parallel Aware": false,"Async Capable": false,"Startup Cost": 149168.58,"Total Cost": 153191.35,"Plan Rows": 321821,"Plan Width": 44,"Actual Startup Time": 533.917,"Actual Total Time": 559.320,"Actual Rows": 11436,"Actual Loops": 1,"Group Key": ["lineitem.l_orderkey", "orders.o_orderdate", "orders.o_shippriority"],"Planned Partitions": 0,"HashAgg Batches": 1,"Peak Memory Usage": 20497,"Disk Usage": 0,"Plans": [{"Node Type": "Gather","Parent Relationship": "Outer","Parallel Aware": false,"Async Capable": false,"Startup Cost": 5526.18,"Total Cost": 144341.27,"Plan Rows": 321821,"Plan Width": 24,"Actual Startup Time": 34.804,"Actual Total Time": 512.403,"Actual Rows": 30319,"Actual Loops": 1,"Workers Planned": 3,"Workers Launched": 3,"Single Copy": false,"Plans": [{"Node Type": "Nested Loop","Parent Relationship": "Outer","Parallel Aware": false,"Async Capable": false,"Join Type": "Inner","Startup Cost": 4526.18,"Total Cost": 111159.17,"Plan Rows": 103813,"Plan Width": 24,"Actual Startup Time": 27.616,"Actual Total Time": 516.834,"Actual Rows": 7580,"Actual Loops": 4,"Inner Unique": false,"Workers": [],"Plans": [{"Node Type": "Hash Join","Parent Relationship": "Outer","Parallel Aware": true,"Async Capable": false,"Join Type": "Inner","Startup Cost": 4525.75,"Total Cost": 37291.15,"Plan Rows": 48377,"Plan Width": 12,"Actual Startup Time": 27.373,"Actual Total Time": 226.196,"Actual Rows": 36506,"Actual Loops": 4,"Inner Unique": true,"Hash Cond": "(orders.o_custkey = customer.c_custkey)","Workers": [],"Plans": [{"Node Type": "Seq Scan","Parent Relationship": "Outer","Parallel Aware": true,"Async Capable": false,"Relation Name": "orders","Alias": "orders","Startup Cost": 0.00,"Total Cost": 32143.39,"Plan Rows": 236947,"Plan Width": 16,"Actual Startup Time": 0.015,"Actual Total Time": 148.740,"Actual Rows": 182920,"Actual Loops": 4,"Filter": "(o_orderdate < '1995-03-22'::date)","Rows Removed by Filter": 192080,"Workers": []},{"Node Type": "Hash","Parent Relationship": "Inner","Parallel Aware": true,"Async Capable": false,"Startup Cost": 4366.25,"Total Cost": 4366.25,"Plan Rows": 12760,"Plan Width": 4,"Actual Startup Time": 26.864,"Actual Total Time": 26.868,"Actual Rows": 7492,"Actual Loops": 4,"Hash Buckets": 32768,"Original Hash Buckets": 32768,"Hash Batches": 1,"Original Hash Batches": 1,"Peak Memory Usage": 1504,"Workers": [],"Plans": [{"Node Type": "Seq Scan","Parent Relationship": "Outer","Parallel Aware": true,"Async Capable": false,"Relation Name": "customer","Alias": "customer","Startup Cost": 0.00,"Total Cost": 4366.25,"Plan Rows": 12760,"Plan Width": 4,"Actual Startup Time": 0.069,"Actual Total Time": 23.453,"Actual Rows": 7492,"Actual Loops": 4,"Filter": "(c_mktsegment = 'FURNITURE'::bpchar)","Rows Removed by Filter": 30008,"Workers": []}]}]},{"Node Type": "Index Scan","Parent Relationship": "Inner","Parallel Aware": false,"Async Capable": false,"Scan Direction": "Forward","Index Name": "idx_lineitem_orderkey","Relation Name": "lineitem","Alias": "lineitem","Startup Cost": 0.43,"Total Cost": 1.44,"Plan Rows": 9,"Plan Width": 16,"Actual Startup Time": 0.008,"Actual Total Time": 0.008,"Actual Rows": 0,"Actual Loops": 146026,"Index Cond": "(l_orderkey = orders.o_orderkey)","Rows Removed by Index Recheck": 0,"Filter": "(l_shipdate > '1995-03-22'::date)","Rows Removed by Filter": 4,"Workers": []}]}]}]}]},"Planning Time": 7.101,"Triggers": [],"Execution Time": 581.453}]
[{"Plan": {"Node Type": "Sort","Parallel Aware": false,"Async Capable": false,"Startup Cost": 179469.09,"Total Cost": 180257.54,"Plan Rows": 315382,"Plan Width": 44,"Actual Startup Time": 545.628,"Actual Total Time": 553.006,"Actual Rows": 11409,"Actual Loops": 1,"Sort Key": ["(sum((lineitem.l_extendedprice * ('1'::numeric - lineitem.l_discount)))) DESC", "orders.o_orderdate"],"Sort Method": "quicksort","Sort Space Used": 1098,"Sort Space Type": "Memory","Plans": [{"Node Type": "Aggregate","Strategy": "Hashed","Partial Mode": "Simple","Parent Relationship": "Outer","Parallel Aware": false,"Async Capable": false,"Startup Cost": 146721.81,"Total Cost": 150664.08,"Plan Rows": 315382,"Plan Width": 44,"Actual Startup Time": 522.723,"Actual Total Time": 547.084,"Actual Rows": 11409,"Actual Loops": 1,"Group Key": ["lineitem.l_orderkey", "orders.o_orderdate", "orders.o_shippriority"],"Planned Partitions": 0,"HashAgg Batches": 1,"Peak Memory Usage": 20497,"Disk Usage": 0,"Plans": [{"Node Type": "Gather","Parent Relationship": "Outer","Parallel Aware": false,"Async Capable": false,"Startup Cost": 5522.96,"Total Cost": 141991.08,"Plan Rows": 315382,"Plan Width": 24,"Actual Startup Time": 34.160,"Actual Total Time": 500.723,"Actual Rows": 30251,"Actual Loops": 1,"Workers Planned": 3,"Workers Launched": 3,"Single Copy": false,"Plans": [{"Node Type": "Nested Loop","Parent Relationship": "Outer","Parallel Aware": false,"Async Capable": false,"Join Type": "Inner","Startup Cost": 4522.96,"Total Cost": 109452.88,"Plan Rows": 101736,"Plan Width": 24,"Actual Startup Time": 26.648,"Actual Total Time": 505.346,"Actual Rows": 7563,"Actual Loops": 4,"Inner Unique": false,"Workers": [],"Plans": [{"Node Type": "Hash Join","Parent Relationship": "Outer","Parallel Aware": true,"Async Capable": false,"Join Type": "Inner","Startup Cost": 4522.52,"Total Cost": 37284.83,"Plan Rows": 47161,"Plan Width": 12,"Actual Startup Time": 26.508,"Actual Total Time": 221.951,"Actual Rows": 36317,"Actual Loops": 4,"Inner Unique": true,"Hash Cond": "(orders.o_custkey = customer.c_custkey)","Workers": [],"Plans": [{"Node Type": "Seq Scan","Parent Relationship": "Outer","Parallel Aware": true,"Async Capable": false,"Relation Name": "orders","Alias": "orders","Startup Cost": 0.00,"Total Cost": 32143.39,"Plan Rows": 235768,"Plan Width": 16,"Actual Startup Time": 0.011,"Actual Total Time": 144.993,"Actual Rows": 181977,"Actual Loops": 4,"Filter": "(o_orderdate < '1995-03-16'::date)","Rows Removed by Filter": 193023,"Workers": []},{"Node Type": "Hash","Parent Relationship": "Inner","Parallel Aware": true,"Async Capable": false,"Startup Cost": 4366.25,"Total Cost": 4366.25,"Plan Rows": 12502,"Plan Width": 4,"Actual Startup Time": 25.955,"Actual Total Time": 25.961,"Actual Rows": 7547,"Actual Loops": 4,"Hash Buckets": 32768,"Original Hash Buckets": 32768,"Hash Batches": 1,"Original Hash Batches": 1,"Peak Memory Usage": 1504,"Workers": [],"Plans": [{"Node Type": "Seq Scan","Parent Relationship": "Outer","Parallel Aware": true,"Async Capable": false,"Relation Name": "customer","Alias": "customer","Startup Cost": 0.00,"Total Cost": 4366.25,"Plan Rows": 12502,"Plan Width": 4,"Actual Startup Time": 0.036,"Actual Total Time": 22.659,"Actual Rows": 7547,"Actual Loops": 4,"Filter": "(c_mktsegment = 'HOUSEHOLD'::bpchar)","Rows Removed by Filter": 29953,"Workers": []}]}]},{"Node Type": "Index Scan","Parent Relationship": "Inner","Parallel Aware": false,"Async Capable": false,"Scan Direction": "Forward","Index Name": "idx_lineitem_orderkey","Relation Name": "lineitem","Alias": "lineitem","Startup Cost": 0.43,"Total Cost": 1.44,"Plan Rows": 9,"Plan Width": 16,"Actual Startup Time": 0.007,"Actual Total Time": 0.008,"Actual Rows": 0,"Actual Loops": 145269,"Index Cond": "(l_orderkey = orders.o_orderkey)","Rows Removed by Index Recheck": 0,"Filter": "(l_shipdate > '1995-03-16'::date)","Rows Removed by Filter": 4,"Workers": []}]}]}]}]},"Planning Time": 5.284,"Triggers": [],"Execution Time": 567.872}]
[{"Plan": {"Node Type": "Sort","Parallel Aware": false,"Async Capable": false,"Startup Cost": 182167.05,"Total Cost": 182970.67,"Plan Rows": 321449,"Plan Width": 44,"Actual Startup Time": 517.393,"Actual Total Time": 527.138,"Actual Rows": 11388,"Actual Loops": 1,"Sort Key": ["(sum((lineitem.l_extendedprice * ('1'::numeric - lineitem.l_discount)))) DESC", "orders.o_orderdate"],"Sort Method": "quicksort","Sort Space Used": 1096,"Sort Space Type": "Memory","Plans": [{"Node Type": "Aggregate","Strategy": "Hashed","Partial Mode": "Simple","Parent Relationship": "Outer","Parallel Aware": false,"Async Capable": false,"Startup Cost": 148745.63,"Total Cost": 152763.74,"Plan Rows": 321449,"Plan Width": 44,"Actual Startup Time": 494.806,"Actual Total Time": 519.080,"Actual Rows": 11388,"Actual Loops": 1,"Group Key": ["lineitem.l_orderkey", "orders.o_orderdate", "orders.o_shippriority"],"Planned Partitions": 0,"HashAgg Batches": 1,"Peak Memory Usage": 20497,"Disk Usage": 0,"Plans": [{"Node Type": "Gather","Parent Relationship": "Outer","Parallel Aware": false,"Async Capable": false,"Startup Cost": 5526.18,"Total Cost": 143923.89,"Plan Rows": 321449,"Plan Width": 24,"Actual Startup Time": 30.504,"Actual Total Time": 473.121,"Actual Rows": 30204,"Actual Loops": 1,"Workers Planned": 3,"Workers Launched": 3,"Single Copy": false,"Plans": [{"Node Type": "Nested Loop","Parent Relationship": "Outer","Parallel Aware": false,"Async Capable": false,"Join Type": "Inner","Startup Cost": 4526.18,"Total Cost": 110778.99,"Plan Rows": 103693,"Plan Width": 24,"Actual Startup Time": 23.479,"Actual Total Time": 478.535,"Actual Rows": 7551,"Actual Loops": 4,"Inner Unique": false,"Workers": [],"Plans": [{"Node Type": "Hash Join","Parent Relationship": "Outer","Parallel Aware": true,"Async Capable": false,"Join Type": "Inner","Startup Cost": 4525.75,"Total Cost": 37285.57,"Plan Rows": 47943,"Plan Width": 12,"Actual Startup Time": 23.239,"Actual Total Time": 205.309,"Actual Rows": 36219,"Actual Loops": 4,"Inner Unique": true,"Hash Cond": "(orders.o_custkey = customer.c_custkey)","Workers": [],"Plans": [{"Node Type": "Seq Scan","Parent Relationship": "Outer","Parallel Aware": true,"Async Capable": false,"Relation Name": "orders","Alias": "orders","Startup Cost": 0.00,"Total Cost": 32143.39,"Plan Rows": 234824,"Plan Width": 16,"Actual Startup Time": 0.013,"Actual Total Time": 137.219,"Actual Rows": 181502,"Actual Loops": 4,"Filter": "(o_orderdate < '1995-03-13'::date)","Rows Removed by Filter": 193498,"Workers": []},{"Node Type": "Hash","Parent Relationship": "Inner","Parallel Aware": true,"Async Capable": false,"Startup Cost": 4366.25,"Total Cost": 4366.25,"Plan Rows": 12760,"Plan Width": 4,"Actual Startup Time": 22.773,"Actual Total Time": 22.777,"Actual Rows": 7492,"Actual Loops": 4,"Hash Buckets": 32768,"Original Hash Buckets": 32768,"Hash Batches": 1,"Original Hash Batches": 1,"Peak Memory Usage": 1472,"Workers": [],"Plans": [{"Node Type": "Seq Scan","Parent Relationship": "Outer","Parallel Aware": true,"Async Capable": false,"Relation Name": "customer","Alias": "customer","Startup Cost": 0.00,"Total Cost": 4366.25,"Plan Rows": 12760,"Plan Width": 4,"Actual Startup Time": 0.044,"Actual Total Time": 19.713,"Actual Rows": 7492,"Actual Loops": 4,"Filter": "(c_mktsegment = 'FURNITURE'::bpchar)","Rows Removed by Filter": 30008,"Workers": []}]}]},{"Node Type": "Index Scan","Parent Relationship": "Inner","Parallel Aware": false,"Async Capable": false,"Scan Direction": "Forward","Index Name": "idx_lineitem_orderkey","Relation Name": "lineitem","Alias": "lineitem","Startup Cost": 0.43,"Total Cost": 1.44,"Plan Rows": 9,"Plan Width": 16,"Actual Startup Time": 0.007,"Actual Total Time": 0.007,"Actual Rows": 0,"Actual Loops": 144876,"Index Cond": "(l_orderkey = orders.o_orderkey)","Rows Removed by Index Recheck": 0,"Filter": "(l_shipdate > '1995-03-13'::date)","Rows Removed by Filter": 4,"Workers": []}]}]}]}]},"Planning Time": 6.917,"Triggers": [],"Execution Time": 540.617}]
[{"Plan": {"Node Type": "Sort","Parallel Aware": false,"Async Capable": false,"Startup Cost": 177379.53,"Total Cost": 178157.74,"Plan Rows": 311281,"Plan Width": 44,"Actual Startup Time": 535.235,"Actual Total Time": 544.234,"Actual Rows": 11480,"Actual Loops": 1,"Sort Key": ["(sum((lineitem.l_extendedprice * ('1'::numeric - lineitem.l_discount)))) DESC", "orders.o_orderdate"],"Sort Method": "quicksort","Sort Space Used": 1102,"Sort Space Type": "Memory","Plans": [{"Node Type": "Aggregate","Strategy": "Hashed","Partial Mode": "Simple","Parent Relationship": "Outer","Parallel Aware": false,"Async Capable": false,"Startup Cost": 145087.46,"Total Cost": 148978.48,"Plan Rows": 311281,"Plan Width": 44,"Actual Startup Time": 511.689,"Actual Total Time": 536.096,"Actual Rows": 11480,"Actual Loops": 1,"Group Key": ["lineitem.l_orderkey", "orders.o_orderdate", "orders.o_shippriority"],"Planned Partitions": 0,"HashAgg Batches": 1,"Peak Memory Usage": 20497,"Disk Usage": 0,"Plans": [{"Node Type": "Gather","Parent Relationship": "Outer","Parallel Aware": false,"Async Capable": false,"Startup Cost": 5521.08,"Total Cost": 140418.25,"Plan Rows": 311281,"Plan Width": 24,"Actual Startup Time": 33.222,"Actual Total Time": 486.472,"Actual Rows": 30277,"Actual Loops": 1,"Workers Planned": 3,"Workers Launched": 3,"Single Copy": false,"Plans": [{"Node Type": "Nested Loop","Parent Relationship": "Outer","Parallel Aware": false,"Async Capable": false,"Join Type": "Inner","Startup Cost": 4521.08,"Total Cost": 108290.15,"Plan Rows": 100413,"Plan Width": 24,"Actual Startup Time": 26.580,"Actual Total Time": 494.282,"Actual Rows": 7569,"Actual Loops": 4,"Inner Unique": false,"Workers": [],"Plans": [{"Node Type": "Hash Join","Parent Relationship": "Outer","Parallel Aware": true,"Async Capable": false,"Join Type": "Inner","Startup Cost": 4520.65,"Total Cost": 37278.46,"Plan Rows": 46258,"Plan Width": 12,"Actual Startup Time": 26.116,"Actual Total Time": 219.783,"Actual Rows": 35978,"Actual Loops": 4,"Inner Unique": true,"Hash Cond": "(orders.o_custkey = customer.c_custkey)","Workers": [],"Plans": [{"Node Type": "Seq Scan","Parent Relationship": "Outer","Parallel Aware": true,"Async Capable": false,"Relation Name": "orders","Alias": "orders","Startup Cost": 0.00,"Total Cost": 32143.39,"Plan Rows": 234059,"Plan Width": 16,"Actual Startup Time": 0.011,"Actual Total Time": 140.838,"Actual Rows": 180877,"Actual Loops": 4,"Filter": "(o_orderdate < '1995-03-09'::date)","Rows Removed by Filter": 194123,"Workers": []},{"Node Type": "Hash","Parent Relationship": "Inner","Parallel Aware": true,"Async Capable": false,"Startup Cost": 4366.25,"Total Cost": 4366.25,"Plan Rows": 12352,"Plan Width": 4,"Actual Startup Time": 25.688,"Actual Total Time": 25.693,"Actual Rows": 7438,"Actual Loops": 4,"Hash Buckets": 32768,"Original Hash Buckets": 32768,"Hash Batches": 1,"Original Hash Batches": 1,"Peak Memory Usage": 1536,"Workers": [],"Plans": [{"Node Type": "Seq Scan","Parent Relationship": "Outer","Parallel Aware": true,"Async Capable": false,"Relation Name": "customer","Alias": "customer","Startup Cost": 0.00,"Total Cost": 4366.25,"Plan Rows": 12352,"Plan Width": 4,"Actual Startup Time": 0.031,"Actual Total Time": 22.029,"Actual Rows": 7438,"Actual Loops": 4,"Filter": "(c_mktsegment = 'AUTOMOBILE'::bpchar)","Rows Removed by Filter": 30062,"Workers": []}]}]},{"Node Type": "Index Scan","Parent Relationship": "Inner","Parallel Aware": false,"Async Capable": false,"Scan Direction": "Forward","Index Name": "idx_lineitem_orderkey","Relation Name": "lineitem","Alias": "lineitem","Startup Cost": 0.43,"Total Cost": 1.45,"Plan Rows": 9,"Plan Width": 16,"Actual Startup Time": 0.007,"Actual Total Time": 0.007,"Actual Rows": 0,"Actual Loops": 143914,"Index Cond": "(l_orderkey = orders.o_orderkey)","Rows Removed by Index Recheck": 0,"Filter": "(l_shipdate > '1995-03-09'::date)","Rows Removed by Filter": 4,"Workers": []}]}]}]}]},"Planning Time": 6.639,"Triggers": [],"Execution Time": 556.128}]
[{"Plan": {"Node Type": "Sort","Parallel Aware": false,"Async Capable": false,"Startup Cost": 179635.90,"Total Cost": 180423.63,"Plan Rows": 315094,"Plan Width": 44,"Actual Startup Time": 525.994,"Actual Total Time": 533.946,"Actual Rows": 11231,"Actual Loops": 1,"Sort Key": ["(sum((lineitem.l_extendedprice * ('1'::numeric - lineitem.l_discount)))) DESC", "orders.o_orderdate"],"Sort Method": "quicksort","Sort Space Used": 1086,"Sort Space Type": "Memory","Plans": [{"Node Type": "Aggregate","Strategy": "Hashed","Partial Mode": "Simple","Parent Relationship": "Outer","Parallel Aware": false,"Async Capable": false,"Startup Cost": 146920.60,"Total Cost": 150859.27,"Plan Rows": 315094,"Plan Width": 44,"Actual Startup Time": 503.778,"Actual Total Time": 528.247,"Actual Rows": 11231,"Actual Loops": 1,"Group Key": ["lineitem.l_orderkey", "orders.o_orderdate", "orders.o_shippriority"],"Planned Partitions": 0,"HashAgg Batches": 1,"Peak Memory Usage": 20497,"Disk Usage": 0,"Plans": [{"Node Type": "Gather","Parent Relationship": "Outer","Parallel Aware": false,"Async Capable": false,"Startup Cost": 5522.86,"Total Cost": 142194.19,"Plan Rows": 315094,"Plan Width": 24,"Actual Startup Time": 30.513,"Actual Total Time": 482.545,"Actual Rows": 29670,"Actual Loops": 1,"Workers Planned": 3,"Workers Launched": 3,"Single Copy": false,"Plans": [{"Node Type": "Nested Loop","Parent Relationship": "Outer","Parallel Aware": false,"Async Capable": false,"Join Type": "Inner","Startup Cost": 4522.86,"Total Cost": 109684.79,"Plan Rows": 101643,"Plan Width": 24,"Actual Startup Time": 23.171,"Actual Total Time": 487.131,"Actual Rows": 7418,"Actual Loops": 4,"Inner Unique": false,"Workers": [],"Plans": [{"Node Type": "Hash Join","Parent Relationship": "Outer","Parallel Aware": true,"Async Capable": false,"Join Type": "Inner","Startup Cost": 4522.43,"Total Cost": 37288.91,"Plan Rows": 47449,"Plan Width": 12,"Actual Startup Time": 22.864,"Actual Total Time": 206.843,"Actual Rows": 36580,"Actual Loops": 4,"Inner Unique": true,"Hash Cond": "(orders.o_custkey = customer.c_custkey)","Workers": [],"Plans": [{"Node Type": "Seq Scan","Parent Relationship": "Outer","Parallel Aware": true,"Async Capable": false,"Relation Name": "orders","Alias": "orders","Startup Cost": 0.00,"Total Cost": 32143.39,"Plan Rows": 237363,"Plan Width": 16,"Actual Startup Time": 0.013,"Actual Total Time": 138.612,"Actual Rows": 183220,"Actual Loops": 4,"Filter": "(o_orderdate < '1995-03-24'::date)","Rows Removed by Filter": 191780,"Workers": []},{"Node Type": "Hash","Parent Relationship": "Inner","Parallel Aware": true,"Async Capable": false,"Startup Cost": 4366.25,"Total Cost": 4366.25,"Plan Rows": 12494,"Plan Width": 4,"Actual Startup Time": 22.398,"Actual Total Time": 22.402,"Actual Rows": 7487,"Actual Loops": 4,"Hash Buckets": 32768,"Original Hash Buckets": 32768,"Hash Batches": 1,"Original Hash Batches": 1,"Peak Memory Usage": 1504,"Workers": [],"Plans": [{"Node Type": "Seq Scan","Parent Relationship": "Outer","Parallel Aware": true,"Async Capable": false,"Relation Name": "customer","Alias": "customer","Startup Cost": 0.00,"Total Cost": 4366.25,"Plan Rows": 12494,"Plan Width": 4,"Actual Startup Time": 0.036,"Actual Total Time": 19.351,"Actual Rows": 7487,"Actual Loops": 4,"Filter": "(c_mktsegment = 'MACHINERY'::bpchar)","Rows Removed by Filter": 30013,"Workers": []}]}]},{"Node Type": "Index Scan","Parent Relationship": "Inner","Parallel Aware": false,"Async Capable": false,"Scan Direction": "Forward","Index Name": "idx_lineitem_orderkey","Relation Name": "lineitem","Alias": "lineitem","Startup Cost": 0.43,"Total Cost": 1.44,"Plan Rows": 9,"Plan Width": 16,"Actual Startup Time": 0.007,"Actual Total Time": 0.007,"Actual Rows": 0,"Actual Loops": 146321,"Index Cond": "(l_orderkey = orders.o_orderkey)","Rows Removed by Index Recheck": 0,"Filter": "(l_shipdate > '1995-03-24'::date)","Rows Removed by Filter": 4,"Workers": []}]}]}]}]},"Planning Time": 5.728,"Triggers": [],"Execution Time": 548.066}]
[{"Plan": {"Node Type": "Sort","Parallel Aware": false,"Async Capable": false,"Startup Cost": 177804.18,"Total Cost": 178583.08,"Plan Rows": 311560,"Plan Width": 44,"Actual Startup Time": 516.329,"Actual Total Time": 527.903,"Actual Rows": 11524,"Actual Loops": 1,"Sort Key": ["(sum((lineitem.l_extendedprice * ('1'::numeric - lineitem.l_discount)))) DESC", "orders.o_orderdate"],"Sort Method": "quicksort","Sort Space Used": 1105,"Sort Space Type": "Memory","Plans": [{"Node Type": "Aggregate","Strategy": "Hashed","Partial Mode": "Simple","Parent Relationship": "Outer","Parallel Aware": false,"Async Capable": false,"Startup Cost": 145481.16,"Total Cost": 149375.66,"Plan Rows": 311560,"Plan Width": 44,"Actual Startup Time": 495.295,"Actual Total Time": 519.893,"Actual Rows": 11524,"Actual Loops": 1,"Group Key": ["lineitem.l_orderkey", "orders.o_orderdate", "orders.o_shippriority"],"Planned Partitions": 0,"HashAgg Batches": 1,"Peak Memory Usage": 20497,"Disk Usage": 0,"Plans": [{"Node Type": "Gather","Parent Relationship": "Outer","Parallel Aware": false,"Async Capable": false,"Startup Cost": 5521.08,"Total Cost": 140807.76,"Plan Rows": 311560,"Plan Width": 24,"Actual Startup Time": 28.922,"Actual Total Time": 475.157,"Actual Rows": 30367,"Actual Loops": 1,"Workers Planned": 3,"Workers Launched": 3,"Single Copy": false,"Plans": [{"Node Type": "Nested Loop","Parent Relationship": "Outer","Parallel Aware": false,"Async Capable": false,"Join Type": "Inner","Startup Cost": 4521.08,"Total Cost": 108651.76,"Plan Rows": 100503,"Plan Width": 24,"Actual Startup Time": 22.141,"Actual Total Time": 478.826,"Actual Rows": 7592,"Actual Loops": 4,"Inner Unique": false,"Workers": [],"Plans": [{"Node Type": "Hash Join","Parent Relationship": "Outer","Parallel Aware": true,"Async Capable": false,"Join Type": "Inner","Startup Cost": 4520.65,"Total Cost": 37283.95,"Plan Rows": 46671,"Plan Width": 12,"Actual Startup Time": 21.725,"Actual Total Time": 204.014,"Actual Rows": 36257,"Actual Loops": 4,"Inner Unique": true,"Hash Cond": "(orders.o_custkey = customer.c_custkey)","Workers": [],"Plans": [{"Node Type": "Seq Scan","Parent Relationship": "Outer","Parallel Aware": true,"Async Capable": false,"Relation Name": "orders","Alias": "orders","Startup Cost": 0.00,"Total Cost": 32143.39,"Plan Rows": 236150,"Plan Width": 16,"Actual Startup Time": 0.009,"Actual Total Time": 137.037,"Actual Rows": 182297,"Actual Loops": 4,"Filter": "(o_orderdate < '1995-03-18'::date)","Rows Removed by Filter": 192703,"Workers": []},{"Node Type": "Hash","Parent Relationship": "Inner","Parallel Aware": true,"Async Capable": false,"Startup Cost": 4366.25,"Total Cost": 4366.25,"Plan Rows": 12352,"Plan Width": 4,"Actual Startup Time": 21.289,"Actual Total Time": 21.295,"Actual Rows": 7438,"Actual Loops": 4,"Hash Buckets": 32768,"Original Hash Buckets": 32768,"Hash Batches": 1,"Original Hash Batches": 1,"Peak Memory Usage": 1504,"Workers": [],"Plans": [{"Node Type": "Seq Scan","Parent Relationship": "Outer","Parallel Aware": true,"Async Capable": false,"Relation Name": "customer","Alias": "customer","Startup Cost": 0.00,"Total Cost": 4366.25,"Plan Rows": 12352,"Plan Width": 4,"Actual Startup Time": 0.025,"Actual Total Time": 18.334,"Actual Rows": 7438,"Actual Loops": 4,"Filter": "(c_mktsegment = 'AUTOMOBILE'::bpchar)","Rows Removed by Filter": 30062,"Workers": []}]}]},{"Node Type": "Index Scan","Parent Relationship": "Inner","Parallel Aware": false,"Async Capable": false,"Scan Direction": "Forward","Index Name": "idx_lineitem_orderkey","Relation Name": "lineitem","Alias": "lineitem","Startup Cost": 0.43,"Total Cost": 1.44,"Plan Rows": 9,"Plan Width": 16,"Actual Startup Time": 0.007,"Actual Total Time": 0.007,"Actual Rows": 0,"Actual Loops": 145028,"Index Cond": "(l_orderkey = orders.o_orderkey)","Rows Removed by Index Recheck": 0,"Filter": "(l_shipdate > '1995-03-18'::date)","Rows Removed by Filter": 4,"Workers": []}]}]}]}]},"Planning Time": 6.494,"Triggers": [],"Execution Time": 541.701}]
[{"Plan": {"Node Type": "Sort","Parallel Aware": false,"Async Capable": false,"Startup Cost": 177804.18,"Total Cost": 178583.08,"Plan Rows": 311560,"Plan Width": 44,"Actual Startup Time": 516.329,"Actual Total Time": 527.903,"Actual Rows": 11524,"Actual Loops": 1,"Sort Key": ["(sum((lineitem.l_extendedprice * ('1'::numeric - lineitem.l_discount)))) DESC", "orders.o_orderdate"],"Sort Method": "quicksort","Sort Space Used": 1105,"Sort Space Type": "Memory","Plans": [{"Node Type": "Aggregate","Strategy": "Hashed","Partial Mode": "Simple","Parent Relationship": "Outer","Parallel Aware": false,"Async Capable": false,"Startup Cost": 145481.16,"Total Cost": 149375.66,"Plan Rows": 311560,"Plan Width": 44,"Actual Startup Time": 495.295,"Actual Total Time": 519.893,"Actual Rows": 11524,"Actual Loops": 1,"Group Key": ["lineitem.l_orderkey", "orders.o_orderdate", "orders.o_shippriority"],"Planned Partitions": 0,"HashAgg Batches": 1,"Peak Memory Usage": 20497,"Disk Usage": 0,"Plans": [{"Node Type": "Gather","Parent Relationship": "Outer","Parallel Aware": false,"Async Capable": false,"Startup Cost": 5521.08,"Total Cost": 140807.76,"Plan Rows": 311560,"Plan Width": 24,"Actual Startup Time": 28.922,"Actual Total Time": 475.157,"Actual Rows": 30367,"Actual Loops": 1,"Workers Planned": 3,"Workers Launched": 3,"Single Copy": false,"Plans": [{"Node Type": "Nested Loop","Parent Relationship": "Outer","Parallel Aware": false,"Async Capable": false,"Join Type": "Inner","Startup Cost": 4521.08,"Total Cost": 108651.76,"Plan Rows": 100503,"Plan Width": 24,"Actual Startup Time": 22.141,"Actual Total Time": 478.826,"Actual Rows": 7592,"Actual Loops": 4,"Inner Unique": false,"Workers": [],"Plans": [{"Node Type": "Hash Join","Parent Relationship": "Outer","Parallel Aware": true,"Async Capable": false,"Join Type": "Inner","Startup Cost": 4520.65,"Total Cost": 37283.95,"Plan Rows": 46671,"Plan Width": 12,"Actual Startup Time": 21.725,"Actual Total Time": 204.014,"Actual Rows": 36257,"Actual Loops": 4,"Inner Unique": true,"Hash Cond": "(orders.o_custkey = customer.c_custkey)","Workers": [],"Plans": [{"Node Type": "Seq Scan","Parent Relationship": "Outer","Parallel Aware": true,"Async Capable": false,"Relation Name": "orders","Alias": "orders","Startup Cost": 0.00,"Total Cost": 32143.39,"Plan Rows": 236150,"Plan Width": 16,"Actual Startup Time": 0.009,"Actual Total Time": 137.037,"Actual Rows": 182297,"Actual Loops": 4,"Filter": "(o_orderdate < '1995-03-18'::date)","Rows Removed by Filter": 192703,"Workers": []},{"Node Type": "Hash","Parent Relationship": "Inner","Parallel Aware": true,"Async Capable": false,"Startup Cost": 4366.25,"Total Cost": 4366.25,"Plan Rows": 12352,"Plan Width": 4,"Actual Startup Time": 21.289,"Actual Total Time": 21.295,"Actual Rows": 7438,"Actual Loops": 4,"Hash Buckets": 32768,"Original Hash Buckets": 32768,"Hash Batches": 1,"Original Hash Batches": 1,"Peak Memory Usage": 1504,"Workers": [],"Plans": [{"Node Type": "Seq Scan","Parent Relationship": "Outer","Parallel Aware": true,"Async Capable": false,"Relation Name": "customer","Alias": "customer","Startup Cost": 0.00,"Total Cost": 4366.25,"Plan Rows": 12352,"Plan Width": 4,"Actual Startup Time": 0.025,"Actual Total Time": 18.334,"Actual Rows": 7438,"Actual Loops": 4,"Filter": "(c_mktsegment = 'AUTOMOBILE'::bpchar)","Rows Removed by Filter": 30062,"Workers": []}]}]},{"Node Type": "Index Scan","Parent Relationship": "Inner","Parallel Aware": false,"Async Capable": false,"Scan Direction": "Forward","Index Name": "idx_lineitem_orderkey","Relation Name": "lineitem","Alias": "lineitem","Startup Cost": 0.43,"Total Cost": 1.44,"Plan Rows": 9,"Plan Width": 16,"Actual Startup Time": 0.007,"Actual Total Time": 0.007,"Actual Rows": 0,"Actual Loops": 145028,"Index Cond": "(l_orderkey = orders.o_orderkey)","Rows Removed by Index Recheck": 0,"Filter": "(l_shipdate > '1995-03-18'::date)","Rows Removed by Filter": 4,"Workers": []}]}]}]}]},"Planning Time": 6.494,"Triggers": [],"Execution Time": 541.701}]
[{"Plan": {"Node Type": "Sort","Parallel Aware": false,"Async Capable": false,"Startup Cost": 178948.08,"Total Cost": 179735.35,"Plan Rows": 314907,"Plan Width": 44,"Actual Startup Time": 512.314,"Actual Total Time": 524.339,"Actual Rows": 11354,"Actual Loops": 1,"Sort Key": ["(sum((lineitem.l_extendedprice * ('1'::numeric - lineitem.l_discount)))) DESC", "orders.o_orderdate"],"Sort Method": "quicksort","Sort Space Used": 1094,"Sort Space Type": "Memory","Plans": [{"Node Type": "Aggregate","Strategy": "Hashed","Partial Mode": "Simple","Parent Relationship": "Outer","Parallel Aware": false,"Async Capable": false,"Startup Cost": 146253.55,"Total Cost": 150189.88,"Plan Rows": 314907,"Plan Width": 44,"Actual Startup Time": 490.864,"Actual Total Time": 516.787,"Actual Rows": 11354,"Actual Loops": 1,"Group Key": ["lineitem.l_orderkey", "orders.o_orderdate", "orders.o_shippriority"],"Planned Partitions": 0,"HashAgg Batches": 1,"Peak Memory Usage": 20497,"Disk Usage": 0,"Plans": [{"Node Type": "Gather","Parent Relationship": "Outer","Parallel Aware": false,"Async Capable": false,"Startup Cost": 5522.86,"Total Cost": 141529.94,"Plan Rows": 314907,"Plan Width": 24,"Actual Startup Time": 30.433,"Actual Total Time": 472.606,"Actual Rows": 29934,"Actual Loops": 1,"Workers Planned": 3,"Workers Launched": 3,"Single Copy": false,"Plans": [{"Node Type": "Nested Loop","Parent Relationship": "Outer","Parallel Aware": false,"Async Capable": false,"Join Type": "Inner","Startup Cost": 4522.86,"Total Cost": 109039.24,"Plan Rows": 101583,"Plan Width": 24,"Actual Startup Time": 23.062,"Actual Total Time": 474.378,"Actual Rows": 7484,"Actual Loops": 4,"Inner Unique": false,"Workers": [],"Plans": [{"Node Type": "Hash Join","Parent Relationship": "Outer","Parallel Aware": true,"Async Capable": false,"Join Type": "Inner","Startup Cost": 4522.43,"Total Cost": 37279.24,"Plan Rows": 46712,"Plan Width": 12,"Actual Startup Time": 22.835,"Actual Total Time": 202.992,"Actual Rows": 36066,"Actual Loops": 4,"Inner Unique": true,"Hash Cond": "(orders.o_custkey = customer.c_custkey)","Workers": [],"Plans": [{"Node Type": "Seq Scan","Parent Relationship": "Outer","Parallel Aware": true,"Async Capable": false,"Relation Name": "orders","Alias": "orders","Startup Cost": 0.00,"Total Cost": 32143.39,"Plan Rows": 233677,"Plan Width": 16,"Actual Startup Time": 0.010,"Actual Total Time": 134.790,"Actual Rows": 180569,"Actual Loops": 4,"Filter": "(o_orderdate < '1995-03-07'::date)","Rows Removed by Filter": 194431,"Workers": []},{"Node Type": "Hash","Parent Relationship": "Inner","Parallel Aware": true,"Async Capable": false,"Startup Cost": 4366.25,"Total Cost": 4366.25,"Plan Rows": 12494,"Plan Width": 4,"Actual Startup Time": 22.392,"Actual Total Time": 22.397,"Actual Rows": 7487,"Actual Loops": 4,"Hash Buckets": 32768,"Original Hash Buckets": 32768,"Hash Batches": 1,"Original Hash Batches": 1,"Peak Memory Usage": 1472,"Workers": [],"Plans": [{"Node Type": "Seq Scan","Parent Relationship": "Outer","Parallel Aware": true,"Async Capable": false,"Relation Name": "customer","Alias": "customer","Startup Cost": 0.00,"Total Cost": 4366.25,"Plan Rows": 12494,"Plan Width": 4,"Actual Startup Time": 0.045,"Actual Total Time": 19.384,"Actual Rows": 7487,"Actual Loops": 4,"Filter": "(c_mktsegment = 'MACHINERY'::bpchar)","Rows Removed by Filter": 30013,"Workers": []}]}]},{"Node Type": "Index Scan","Parent Relationship": "Inner","Parallel Aware": false,"Async Capable": false,"Scan Direction": "Forward","Index Name": "idx_lineitem_orderkey","Relation Name": "lineitem","Alias": "lineitem","Startup Cost": 0.43,"Total Cost": 1.45,"Plan Rows": 9,"Plan Width": 16,"Actual Startup Time": 0.007,"Actual Total Time": 0.007,"Actual Rows": 0,"Actual Loops": 144264,"Index Cond": "(l_orderkey = orders.o_orderkey)","Rows Removed by Index Recheck": 0,"Filter": "(l_shipdate > '1995-03-07'::date)","Rows Removed by Filter": 4,"Workers": []}]}]}]}]},"Planning Time": 6.225,"Triggers": [],"Execution Time": 538.917}]
[{"Plan": {"Node Type": "Sort","Parallel Aware": false,"Async Capable": false,"Startup Cost": 182085.45,"Total Cost": 182889.30,"Plan Rows": 321541,"Plan Width": 44,"Actual Startup Time": 517.688,"Actual Total Time": 530.011,"Actual Rows": 11375,"Actual Loops": 1,"Sort Key": ["(sum((lineitem.l_extendedprice * ('1'::numeric - lineitem.l_discount)))) DESC", "orders.o_orderdate"],"Sort Method": "quicksort","Sort Space Used": 1095,"Sort Space Type": "Memory","Plans": [{"Node Type": "Aggregate","Strategy": "Hashed","Partial Mode": "Simple","Parent Relationship": "Outer","Parallel Aware": false,"Async Capable": false,"Startup Cost": 148653.80,"Total Cost": 152673.06,"Plan Rows": 321541,"Plan Width": 44,"Actual Startup Time": 497.051,"Actual Total Time": 522.188,"Actual Rows": 11375,"Actual Loops": 1,"Group Key": ["lineitem.l_orderkey", "orders.o_orderdate", "orders.o_shippriority"],"Planned Partitions": 0,"HashAgg Batches": 1,"Peak Memory Usage": 20497,"Disk Usage": 0,"Plans": [{"Node Type": "Gather","Parent Relationship": "Outer","Parallel Aware": false,"Async Capable": false,"Startup Cost": 5526.18,"Total Cost": 143830.68,"Plan Rows": 321541,"Plan Width": 24,"Actual Startup Time": 30.466,"Actual Total Time": 478.198,"Actual Rows": 30115,"Actual Loops": 1,"Workers Planned": 3,"Workers Launched": 3,"Single Copy": false,"Plans": [{"Node Type": "Nested Loop","Parent Relationship": "Outer","Parallel Aware": false,"Async Capable": false,"Join Type": "Inner","Startup Cost": 4526.18,"Total Cost": 110676.58,"Plan Rows": 103723,"Plan Width": 24,"Actual Startup Time": 23.469,"Actual Total Time": 480.812,"Actual Rows": 7529,"Actual Loops": 4,"Inner Unique": false,"Workers": [],"Plans": [{"Node Type": "Hash Join","Parent Relationship": "Outer","Parallel Aware": true,"Async Capable": false,"Join Type": "Inner","Startup Cost": 4525.75,"Total Cost": 37284.07,"Plan Rows": 47826,"Plan Width": 12,"Actual Startup Time": 23.241,"Actual Total Time": 206.203,"Actual Rows": 36125,"Actual Loops": 4,"Inner Unique": true,"Hash Cond": "(orders.o_custkey = customer.c_custkey)","Workers": [],"Plans": [{"Node Type": "Seq Scan","Parent Relationship": "Outer","Parallel Aware": true,"Async Capable": false,"Relation Name": "orders","Alias": "orders","Startup Cost": 0.00,"Total Cost": 32143.39,"Plan Rows": 234250,"Plan Width": 16,"Actual Startup Time": 0.013,"Actual Total Time": 137.792,"Actual Rows": 181030,"Actual Loops": 4,"Filter": "(o_orderdate < '1995-03-10'::date)","Rows Removed by Filter": 193970,"Workers": []},{"Node Type": "Hash","Parent Relationship": "Inner","Parallel Aware": true,"Async Capable": false,"Startup Cost": 4366.25,"Total Cost": 4366.25,"Plan Rows": 12760,"Plan Width": 4,"Actual Startup Time": 22.817,"Actual Total Time": 22.822,"Actual Rows": 7492,"Actual Loops": 4,"Hash Buckets": 32768,"Original Hash Buckets": 32768,"Hash Batches": 1,"Original Hash Batches": 1,"Peak Memory Usage": 1504,"Workers": [],"Plans": [{"Node Type": "Seq Scan","Parent Relationship": "Outer","Parallel Aware": true,"Async Capable": false,"Relation Name": "customer","Alias": "customer","Startup Cost": 0.00,"Total Cost": 4366.25,"Plan Rows": 12760,"Plan Width": 4,"Actual Startup Time": 0.033,"Actual Total Time": 19.689,"Actual Rows": 7492,"Actual Loops": 4,"Filter": "(c_mktsegment = 'FURNITURE'::bpchar)","Rows Removed by Filter": 30008,"Workers": []}]}]},{"Node Type": "Index Scan","Parent Relationship": "Inner","Parallel Aware": false,"Async Capable": false,"Scan Direction": "Forward","Index Name": "idx_lineitem_orderkey","Relation Name": "lineitem","Alias": "lineitem","Startup Cost": 0.43,"Total Cost": 1.44,"Plan Rows": 9,"Plan Width": 16,"Actual Startup Time": 0.007,"Actual Total Time": 0.007,"Actual Rows": 0,"Actual Loops": 144500,"Index Cond": "(l_orderkey = orders.o_orderkey)","Rows Removed by Index Recheck": 0,"Filter": "(l_shipdate > '1995-03-10'::date)","Rows Removed by Filter": 4,"Workers": []}]}]}]}]},"Planning Time": 7.131,"Triggers": [],"Execution Time": 544.554}]
[{"Plan": {"Node Type": "Sort","Parallel Aware": false,"Async Capable": false,"Startup Cost": 182112.80,"Total Cost": 182916.58,"Plan Rows": 321511,"Plan Width": 44,"Actual Startup Time": 516.727,"Actual Total Time": 527.232,"Actual Rows": 11382,"Actual Loops": 1,"Sort Key": ["(sum((lineitem.l_extendedprice * ('1'::numeric - lineitem.l_discount)))) DESC", "orders.o_orderdate"],"Sort Method": "quicksort","Sort Space Used": 1096,"Sort Space Type": "Memory","Plans": [{"Node Type": "Aggregate","Strategy": "Hashed","Partial Mode": "Simple","Parent Relationship": "Outer","Parallel Aware": false,"Async Capable": false,"Startup Cost": 148684.48,"Total Cost": 152703.37,"Plan Rows": 321511,"Plan Width": 44,"Actual Startup Time": 494.602,"Actual Total Time": 520.266,"Actual Rows": 11382,"Actual Loops": 1,"Group Key": ["lineitem.l_orderkey", "orders.o_orderdate", "orders.o_shippriority"],"Planned Partitions": 0,"HashAgg Batches": 1,"Peak Memory Usage": 20497,"Disk Usage": 0,"Plans": [{"Node Type": "Gather","Parent Relationship": "Outer","Parallel Aware": false,"Async Capable": false,"Startup Cost": 5526.18,"Total Cost": 143861.82,"Plan Rows": 321511,"Plan Width": 24,"Actual Startup Time": 27.053,"Actual Total Time": 474.387,"Actual Rows": 30152,"Actual Loops": 1,"Workers Planned": 3,"Workers Launched": 3,"Single Copy": false,"Plans": [{"Node Type": "Nested Loop","Parent Relationship": "Outer","Parallel Aware": false,"Async Capable": false,"Join Type": "Inner","Startup Cost": 4526.18,"Total Cost": 110710.72,"Plan Rows": 103713,"Plan Width": 24,"Actual Startup Time": 20.702,"Actual Total Time": 478.805,"Actual Rows": 7538,"Actual Loops": 4,"Inner Unique": false,"Workers": [],"Plans": [{"Node Type": "Hash Join","Parent Relationship": "Outer","Parallel Aware": true,"Async Capable": false,"Join Type": "Inner","Startup Cost": 4525.75,"Total Cost": 37284.57,"Plan Rows": 47865,"Plan Width": 12,"Actual Startup Time": 20.504,"Actual Total Time": 203.939,"Actual Rows": 36156,"Actual Loops": 4,"Inner Unique": true,"Hash Cond": "(orders.o_custkey = customer.c_custkey)","Workers": [],"Plans": [{"Node Type": "Seq Scan","Parent Relationship": "Outer","Parallel Aware": true,"Async Capable": false,"Relation Name": "orders","Alias": "orders","Startup Cost": 0.00,"Total Cost": 32143.39,"Plan Rows": 234441,"Plan Width": 16,"Actual Startup Time": 0.011,"Actual Total Time": 138.791,"Actual Rows": 181190,"Actual Loops": 4,"Filter": "(o_orderdate < '1995-03-11'::date)","Rows Removed by Filter": 193810,"Workers": []},{"Node Type": "Hash","Parent Relationship": "Inner","Parallel Aware": true,"Async Capable": false,"Startup Cost": 4366.25,"Total Cost": 4366.25,"Plan Rows": 12760,"Plan Width": 4,"Actual Startup Time": 20.135,"Actual Total Time": 20.141,"Actual Rows": 7492,"Actual Loops": 4,"Hash Buckets": 32768,"Original Hash Buckets": 32768,"Hash Batches": 1,"Original Hash Batches": 1,"Peak Memory Usage": 1504,"Workers": [],"Plans": [{"Node Type": "Seq Scan","Parent Relationship": "Outer","Parallel Aware": true,"Async Capable": false,"Relation Name": "customer","Alias": "customer","Startup Cost": 0.00,"Total Cost": 4366.25,"Plan Rows": 12760,"Plan Width": 4,"Actual Startup Time": 0.035,"Actual Total Time": 17.145,"Actual Rows": 7492,"Actual Loops": 4,"Filter": "(c_mktsegment = 'FURNITURE'::bpchar)","Rows Removed by Filter": 30008,"Workers": []}]}]},{"Node Type": "Index Scan","Parent Relationship": "Inner","Parallel Aware": false,"Async Capable": false,"Scan Direction": "Forward","Index Name": "idx_lineitem_orderkey","Relation Name": "lineitem","Alias": "lineitem","Startup Cost": 0.43,"Total Cost": 1.44,"Plan Rows": 9,"Plan Width": 16,"Actual Startup Time": 0.007,"Actual Total Time": 0.007,"Actual Rows": 0,"Actual Loops": 144626,"Index Cond": "(l_orderkey = orders.o_orderkey)","Rows Removed by Index Recheck": 0,"Filter": "(l_shipdate > '1995-03-11'::date)","Rows Removed by Filter": 4,"Workers": []}]}]}]}]},"Planning Time": 7.049,"Triggers": [],"Execution Time": 540.388}]
[{"Plan": {"Node Type": "Sort","Parallel Aware": false,"Async Capable": false,"Startup Cost": 181919.32,"Total Cost": 182723.60,"Plan Rows": 321712,"Plan Width": 44,"Actual Startup Time": 516.835,"Actual Total Time": 527.350,"Actual Rows": 11439,"Actual Loops": 1,"Sort Key": ["(sum((lineitem.l_extendedprice * ('1'::numeric - lineitem.l_discount)))) DESC", "orders.o_orderdate"],"Sort Method": "quicksort","Sort Space Used": 1099,"Sort Space Type": "Memory","Plans": [{"Node Type": "Aggregate","Strategy": "Hashed","Partial Mode": "Simple","Parent Relationship": "Outer","Parallel Aware": false,"Async Capable": false,"Startup Cost": 148468.66,"Total Cost": 152490.06,"Plan Rows": 321712,"Plan Width": 44,"Actual Startup Time": 494.496,"Actual Total Time": 519.274,"Actual Rows": 11439,"Actual Loops": 1,"Group Key": ["lineitem.l_orderkey", "orders.o_orderdate", "orders.o_shippriority"],"Planned Partitions": 0,"HashAgg Batches": 1,"Peak Memory Usage": 20497,"Disk Usage": 0,"Plans": [{"Node Type": "Gather","Parent Relationship": "Outer","Parallel Aware": false,"Async Capable": false,"Startup Cost": 5526.18,"Total Cost": 143642.98,"Plan Rows": 321712,"Plan Width": 24,"Actual Startup Time": 29.198,"Actual Total Time": 473.413,"Actual Rows": 30354,"Actual Loops": 1,"Workers Planned": 3,"Workers Launched": 3,"Single Copy": false,"Plans": [{"Node Type": "Nested Loop","Parent Relationship": "Outer","Parallel Aware": false,"Async Capable": false,"Join Type": "Inner","Startup Cost": 4526.18,"Total Cost": 110471.78,"Plan Rows": 103778,"Plan Width": 24,"Actual Startup Time": 22.004,"Actual Total Time": 477.836,"Actual Rows": 7588,"Actual Loops": 4,"Inner Unique": false,"Workers": [],"Plans": [{"Node Type": "Hash Join","Parent Relationship": "Outer","Parallel Aware": true,"Async Capable": false,"Join Type": "Inner","Startup Cost": 4525.75,"Total Cost": 37281.06,"Plan Rows": 47592,"Plan Width": 12,"Actual Startup Time": 21.787,"Actual Total Time": 203.988,"Actual Rows": 35948,"Actual Loops": 4,"Inner Unique": true,"Hash Cond": "(orders.o_custkey = customer.c_custkey)","Workers": [],"Plans": [{"Node Type": "Seq Scan","Parent Relationship": "Outer","Parallel Aware": true,"Async Capable": false,"Relation Name": "orders","Alias": "orders","Startup Cost": 0.00,"Total Cost": 32143.39,"Plan Rows": 233104,"Plan Width": 16,"Actual Startup Time": 0.011,"Actual Total Time": 136.706,"Actual Rows": 180099,"Actual Loops": 4,"Filter": "(o_orderdate < '1995-03-04'::date)","Rows Removed by Filter": 194901,"Workers": []},{"Node Type": "Hash","Parent Relationship": "Inner","Parallel Aware": true,"Async Capable": false,"Startup Cost": 4366.25,"Total Cost": 4366.25,"Plan Rows": 12760,"Plan Width": 4,"Actual Startup Time": 21.339,"Actual Total Time": 21.344,"Actual Rows": 7492,"Actual Loops": 4,"Hash Buckets": 32768,"Original Hash Buckets": 32768,"Hash Batches": 1,"Original Hash Batches": 1,"Peak Memory Usage": 1504,"Workers": [],"Plans": [{"Node Type": "Seq Scan","Parent Relationship": "Outer","Parallel Aware": true,"Async Capable": false,"Relation Name": "customer","Alias": "customer","Startup Cost": 0.00,"Total Cost": 4366.25,"Plan Rows": 12760,"Plan Width": 4,"Actual Startup Time": 0.044,"Actual Total Time": 18.380,"Actual Rows": 7492,"Actual Loops": 4,"Filter": "(c_mktsegment = 'FURNITURE'::bpchar)","Rows Removed by Filter": 30008,"Workers": []}]}]},{"Node Type": "Index Scan","Parent Relationship": "Inner","Parallel Aware": false,"Async Capable": false,"Scan Direction": "Forward","Index Name": "idx_lineitem_orderkey","Relation Name": "lineitem","Alias": "lineitem","Startup Cost": 0.43,"Total Cost": 1.45,"Plan Rows": 9,"Plan Width": 16,"Actual Startup Time": 0.007,"Actual Total Time": 0.007,"Actual Rows": 0,"Actual Loops": 143792,"Index Cond": "(l_orderkey = orders.o_orderkey)","Rows Removed by Index Recheck": 0,"Filter": "(l_shipdate > '1995-03-04'::date)","Rows Removed by Filter": 4,"Workers": []}]}]}]}]},"Planning Time": 5.877,"Triggers": [],"Execution Time": 541.979}]
[{"Plan": {"Node Type": "Sort","Parallel Aware": false,"Async Capable": false,"Startup Cost": 179557.13,"Total Cost": 180345.44,"Plan Rows": 315325,"Plan Width": 44,"Actual Startup Time": 519.220,"Actual Total Time": 530.118,"Actual Rows": 11421,"Actual Loops": 1,"Sort Key": ["(sum((lineitem.l_extendedprice * ('1'::numeric - lineitem.l_discount)))) DESC", "orders.o_orderdate"],"Sort Method": "quicksort","Sort Space Used": 1098,"Sort Space Type": "Memory","Plans": [{"Node Type": "Aggregate","Strategy": "Hashed","Partial Mode": "Simple","Parent Relationship": "Outer","Parallel Aware": false,"Async Capable": false,"Startup Cost": 146816.18,"Total Cost": 150757.74,"Plan Rows": 315325,"Plan Width": 44,"Actual Startup Time": 496.995,"Actual Total Time": 523.336,"Actual Rows": 11421,"Actual Loops": 1,"Group Key": ["lineitem.l_orderkey", "orders.o_orderdate", "orders.o_shippriority"],"Planned Partitions": 0,"HashAgg Batches": 1,"Peak Memory Usage": 20497,"Disk Usage": 0,"Plans": [{"Node Type": "Gather","Parent Relationship": "Outer","Parallel Aware": false,"Async Capable": false,"Startup Cost": 5522.96,"Total Cost": 142086.30,"Plan Rows": 315325,"Plan Width": 24,"Actual Startup Time": 30.321,"Actual Total Time": 477.611,"Actual Rows": 30301,"Actual Loops": 1,"Workers Planned": 3,"Workers Launched": 3,"Single Copy": false,"Plans": [{"Node Type": "Nested Loop","Parent Relationship": "Outer","Parallel Aware": false,"Async Capable": false,"Join Type": "Inner","Startup Cost": 4522.96,"Total Cost": 109553.80,"Plan Rows": 101718,"Plan Width": 24,"Actual Startup Time": 23.165,"Actual Total Time": 480.296,"Actual Rows": 7575,"Actual Loops": 4,"Inner Unique": false,"Workers": [],"Plans": [{"Node Type": "Hash Join","Parent Relationship": "Outer","Parallel Aware": true,"Async Capable": false,"Join Type": "Inner","Startup Cost": 4522.52,"Total Cost": 37286.33,"Plan Rows": 47276,"Plan Width": 12,"Actual Startup Time": 23.059,"Actual Total Time": 205.474,"Actual Rows": 36416,"Actual Loops": 4,"Inner Unique": true,"Hash Cond": "(orders.o_custkey = customer.c_custkey)","Workers": [],"Plans": [{"Node Type": "Seq Scan","Parent Relationship": "Outer","Parallel Aware": true,"Async Capable": false,"Relation Name": "orders","Alias": "orders","Startup Cost": 0.00,"Total Cost": 32143.39,"Plan Rows": 236341,"Plan Width": 16,"Actual Startup Time": 0.014,"Actual Total Time": 137.104,"Actual Rows": 182456,"Actual Loops": 4,"Filter": "(o_orderdate < '1995-03-19'::date)","Rows Removed by Filter": 192544,"Workers": []},{"Node Type": "Hash","Parent Relationship": "Inner","Parallel Aware": true,"Async Capable": false,"Startup Cost": 4366.25,"Total Cost": 4366.25,"Plan Rows": 12502,"Plan Width": 4,"Actual Startup Time": 22.633,"Actual Total Time": 22.639,"Actual Rows": 7547,"Actual Loops": 4,"Hash Buckets": 32768,"Original Hash Buckets": 32768,"Hash Batches": 1,"Original Hash Batches": 1,"Peak Memory Usage": 1504,"Workers": [],"Plans": [{"Node Type": "Seq Scan","Parent Relationship": "Outer","Parallel Aware": true,"Async Capable": false,"Relation Name": "customer","Alias": "customer","Startup Cost": 0.00,"Total Cost": 4366.25,"Plan Rows": 12502,"Plan Width": 4,"Actual Startup Time": 0.043,"Actual Total Time": 19.607,"Actual Rows": 7547,"Actual Loops": 4,"Filter": "(c_mktsegment = 'HOUSEHOLD'::bpchar)","Rows Removed by Filter": 29953,"Workers": []}]}]},{"Node Type": "Index Scan","Parent Relationship": "Inner","Parallel Aware": false,"Async Capable": false,"Scan Direction": "Forward","Index Name": "idx_lineitem_orderkey","Relation Name": "lineitem","Alias": "lineitem","Startup Cost": 0.43,"Total Cost": 1.44,"Plan Rows": 9,"Plan Width": 16,"Actual Startup Time": 0.007,"Actual Total Time": 0.007,"Actual Rows": 0,"Actual Loops": 145665,"Index Cond": "(l_orderkey = orders.o_orderkey)","Rows Removed by Index Recheck": 0,"Filter": "(l_shipdate > '1995-03-19'::date)","Rows Removed by Filter": 4,"Workers": []}]}]}]}]},"Planning Time": 5.758,"Triggers": [],"Execution Time": 545.599}]
[{"Plan": {"Node Type": "Sort","Parallel Aware": false,"Async Capable": false,"Startup Cost": 177833.10,"Total Cost": 178611.95,"Plan Rows": 311540,"Plan Width": 44,"Actual Startup Time": 533.548,"Actual Total Time": 542.995,"Actual Rows": 11519,"Actual Loops": 1,"Sort Key": ["(sum((lineitem.l_extendedprice * ('1'::numeric - lineitem.l_discount)))) DESC", "orders.o_orderdate"],"Sort Method": "quicksort","Sort Space Used": 1104,"Sort Space Type": "Memory","Plans": [{"Node Type": "Aggregate","Strategy": "Hashed","Partial Mode": "Simple","Parent Relationship": "Outer","Parallel Aware": false,"Async Capable": false,"Startup Cost": 145512.29,"Total Cost": 149406.54,"Plan Rows": 311540,"Plan Width": 44,"Actual Startup Time": 509.902,"Actual Total Time": 534.782,"Actual Rows": 11519,"Actual Loops": 1,"Group Key": ["lineitem.l_orderkey", "orders.o_orderdate", "orders.o_shippriority"],"Planned Partitions": 0,"HashAgg Batches": 1,"Peak Memory Usage": 20497,"Disk Usage": 0,"Plans": [{"Node Type": "Gather","Parent Relationship": "Outer","Parallel Aware": false,"Async Capable": false,"Startup Cost": 5521.08,"Total Cost": 140839.19,"Plan Rows": 311540,"Plan Width": 24,"Actual Startup Time": 32.989,"Actual Total Time": 484.347,"Actual Rows": 30353,"Actual Loops": 1,"Workers Planned": 3,"Workers Launched": 3,"Single Copy": false,"Plans": [{"Node Type": "Nested Loop","Parent Relationship": "Outer","Parallel Aware": false,"Async Capable": false,"Join Type": "Inner","Startup Cost": 4521.08,"Total Cost": 108685.19,"Plan Rows": 100497,"Plan Width": 24,"Actual Startup Time": 26.483,"Actual Total Time": 492.637,"Actual Rows": 7588,"Actual Loops": 4,"Inner Unique": false,"Workers": [],"Plans": [{"Node Type": "Hash Join","Parent Relationship": "Outer","Parallel Aware": true,"Async Capable": false,"Join Type": "Inner","Startup Cost": 4520.65,"Total Cost": 37284.45,"Plan Rows": 46709,"Plan Width": 12,"Actual Startup Time": 25.998,"Actual Total Time": 217.669,"Actual Rows": 36288,"Actual Loops": 4,"Inner Unique": true,"Hash Cond": "(orders.o_custkey = customer.c_custkey)","Workers": [],"Plans": [{"Node Type": "Seq Scan","Parent Relationship": "Outer","Parallel Aware": true,"Async Capable": false,"Relation Name": "orders","Alias": "orders","Startup Cost": 0.00,"Total Cost": 32143.39,"Plan Rows": 236341,"Plan Width": 16,"Actual Startup Time": 0.014,"Actual Total Time": 140.339,"Actual Rows": 182456,"Actual Loops": 4,"Filter": "(o_orderdate < '1995-03-19'::date)","Rows Removed by Filter": 192544,"Workers": []},{"Node Type": "Hash","Parent Relationship": "Inner","Parallel Aware": true,"Async Capable": false,"Startup Cost": 4366.25,"Total Cost": 4366.25,"Plan Rows": 12352,"Plan Width": 4,"Actual Startup Time": 25.517,"Actual Total Time": 25.522,"Actual Rows": 7438,"Actual Loops": 4,"Hash Buckets": 32768,"Original Hash Buckets": 32768,"Hash Batches": 1,"Original Hash Batches": 1,"Peak Memory Usage": 1504,"Workers": [],"Plans": [{"Node Type": "Seq Scan","Parent Relationship": "Outer","Parallel Aware": true,"Async Capable": false,"Relation Name": "customer","Alias": "customer","Startup Cost": 0.00,"Total Cost": 4366.25,"Plan Rows": 12352,"Plan Width": 4,"Actual Startup Time": 0.034,"Actual Total Time": 21.816,"Actual Rows": 7438,"Actual Loops": 4,"Filter": "(c_mktsegment = 'AUTOMOBILE'::bpchar)","Rows Removed by Filter": 30062,"Workers": []}]}]},{"Node Type": "Index Scan","Parent Relationship": "Inner","Parallel Aware": false,"Async Capable": false,"Scan Direction": "Forward","Index Name": "idx_lineitem_orderkey","Relation Name": "lineitem","Alias": "lineitem","Startup Cost": 0.43,"Total Cost": 1.44,"Plan Rows": 9,"Plan Width": 16,"Actual Startup Time": 0.007,"Actual Total Time": 0.007,"Actual Rows": 0,"Actual Loops": 145150,"Index Cond": "(l_orderkey = orders.o_orderkey)","Rows Removed by Index Recheck": 0,"Filter": "(l_shipdate > '1995-03-19'::date)","Rows Removed by Filter": 4,"Workers": []}]}]}]}]},"Planning Time": 5.975,"Triggers": [],"Execution Time": 555.192}]
[{"Plan": {"Node Type": "Sort","Parallel Aware": false,"Async Capable": false,"Startup Cost": 177406.42,"Total Cost": 178184.55,"Plan Rows": 311252,"Plan Width": 44,"Actual Startup Time": 537.136,"Actual Total Time": 543.104,"Actual Rows": 11506,"Actual Loops": 1,"Sort Key": ["(sum((lineitem.l_extendedprice * ('1'::numeric - lineitem.l_discount)))) DESC", "orders.o_orderdate"],"Sort Method": "quicksort","Sort Space Used": 1104,"Sort Space Type": "Memory","Plans": [{"Node Type": "Aggregate","Strategy": "Hashed","Partial Mode": "Simple","Parent Relationship": "Outer","Parallel Aware": false,"Async Capable": false,"Startup Cost": 145117.57,"Total Cost": 149008.22,"Plan Rows": 311252,"Plan Width": 44,"Actual Startup Time": 509.899,"Actual Total Time": 534.326,"Actual Rows": 11506,"Actual Loops": 1,"Group Key": ["lineitem.l_orderkey", "orders.o_orderdate", "orders.o_shippriority"],"Planned Partitions": 0,"HashAgg Batches": 1,"Peak Memory Usage": 20497,"Disk Usage": 0,"Plans": [{"Node Type": "Gather","Parent Relationship": "Outer","Parallel Aware": false,"Async Capable": false,"Startup Cost": 5521.08,"Total Cost": 140448.79,"Plan Rows": 311252,"Plan Width": 24,"Actual Startup Time": 29.926,"Actual Total Time": 479.414,"Actual Rows": 30350,"Actual Loops": 1,"Workers Planned": 3,"Workers Launched": 3,"Single Copy": false,"Plans": [{"Node Type": "Nested Loop","Parent Relationship": "Outer","Parallel Aware": false,"Async Capable": false,"Join Type": "Inner","Startup Cost": 4521.08,"Total Cost": 108323.59,"Plan Rows": 100404,"Plan Width": 24,"Actual Startup Time": 23.437,"Actual Total Time": 492.442,"Actual Rows": 7588,"Actual Loops": 4,"Inner Unique": false,"Workers": [],"Plans": [{"Node Type": "Hash Join","Parent Relationship": "Outer","Parallel Aware": true,"Async Capable": false,"Join Type": "Inner","Startup Cost": 4520.65,"Total Cost": 37278.97,"Plan Rows": 46296,"Plan Width": 12,"Actual Startup Time": 23.041,"Actual Total Time": 210.470,"Actual Rows": 36014,"Actual Loops": 4,"Inner Unique": true,"Hash Cond": "(orders.o_custkey = customer.c_custkey)","Workers": [],"Plans": [{"Node Type": "Seq Scan","Parent Relationship": "Outer","Parallel Aware": true,"Async Capable": false,"Relation Name": "orders","Alias": "orders","Startup Cost": 0.00,"Total Cost": 32143.39,"Plan Rows": 234250,"Plan Width": 16,"Actual Startup Time": 0.011,"Actual Total Time": 141.656,"Actual Rows": 181030,"Actual Loops": 4,"Filter": "(o_orderdate < '1995-03-10'::date)","Rows Removed by Filter": 193970,"Workers": []},{"Node Type": "Hash","Parent Relationship": "Inner","Parallel Aware": true,"Async Capable": false,"Startup Cost": 4366.25,"Total Cost": 4366.25,"Plan Rows": 12352,"Plan Width": 4,"Actual Startup Time": 22.598,"Actual Total Time": 22.604,"Actual Rows": 7438,"Actual Loops": 4,"Hash Buckets": 32768,"Original Hash Buckets": 32768,"Hash Batches": 1,"Original Hash Batches": 1,"Peak Memory Usage": 1472,"Workers": [],"Plans": [{"Node Type": "Seq Scan","Parent Relationship": "Outer","Parallel Aware": true,"Async Capable": false,"Relation Name": "customer","Alias": "customer","Startup Cost": 0.00,"Total Cost": 4366.25,"Plan Rows": 12352,"Plan Width": 4,"Actual Startup Time": 0.050,"Actual Total Time": 19.535,"Actual Rows": 7438,"Actual Loops": 4,"Filter": "(c_mktsegment = 'AUTOMOBILE'::bpchar)","Rows Removed by Filter": 30062,"Workers": []}]}]},{"Node Type": "Index Scan","Parent Relationship": "Inner","Parallel Aware": false,"Async Capable": false,"Scan Direction": "Forward","Index Name": "idx_lineitem_orderkey","Relation Name": "lineitem","Alias": "lineitem","Startup Cost": 0.43,"Total Cost": 1.44,"Plan Rows": 9,"Plan Width": 16,"Actual Startup Time": 0.007,"Actual Total Time": 0.008,"Actual Rows": 0,"Actual Loops": 144054,"Index Cond": "(l_orderkey = orders.o_orderkey)","Rows Removed by Index Recheck": 0,"Filter": "(l_shipdate > '1995-03-10'::date)","Rows Removed by Filter": 4,"Workers": []}]}]}]}]},"Planning Time": 6.457,"Triggers": [],"Execution Time": 558.281}]
[{"Plan": {"Node Type": "Sort","Parallel Aware": false,"Async Capable": false,"Startup Cost": 179730.76,"Total Cost": 180519.02,"Plan Rows": 315304,"Plan Width": 44,"Actual Startup Time": 548.204,"Actual Total Time": 557.242,"Actual Rows": 11323,"Actual Loops": 1,"Sort Key": ["(sum((lineitem.l_extendedprice * ('1'::numeric - lineitem.l_discount)))) DESC", "orders.o_orderdate"],"Sort Method": "quicksort","Sort Space Used": 1092,"Sort Space Type": "Memory","Plans": [{"Node Type": "Aggregate","Strategy": "Hashed","Partial Mode": "Simple","Parent Relationship": "Outer","Parallel Aware": false,"Async Capable": false,"Startup Cost": 146992.14,"Total Cost": 150933.44,"Plan Rows": 315304,"Plan Width": 44,"Actual Startup Time": 526.852,"Actual Total Time": 551.379,"Actual Rows": 11323,"Actual Loops": 1,"Group Key": ["lineitem.l_orderkey", "orders.o_orderdate", "orders.o_shippriority"],"Planned Partitions": 0,"HashAgg Batches": 1,"Peak Memory Usage": 20497,"Disk Usage": 0,"Plans": [{"Node Type": "Gather","Parent Relationship": "Outer","Parallel Aware": false,"Async Capable": false,"Startup Cost": 5522.96,"Total Cost": 142262.58,"Plan Rows": 315304,"Plan Width": 24,"Actual Startup Time": 34.626,"Actual Total Time": 506.547,"Actual Rows": 30042,"Actual Loops": 1,"Workers Planned": 3,"Workers Launched": 3,"Single Copy": false,"Plans": [{"Node Type": "Nested Loop","Parent Relationship": "Outer","Parallel Aware": false,"Async Capable": false,"Join Type": "Inner","Startup Cost": 4522.96,"Total Cost": 109732.18,"Plan Rows": 101711,"Plan Width": 24,"Actual Startup Time": 27.072,"Actual Total Time": 509.771,"Actual Rows": 7510,"Actual Loops": 4,"Inner Unique": false,"Workers": [],"Plans": [{"Node Type": "Hash Join","Parent Relationship": "Outer","Parallel Aware": true,"Async Capable": false,"Join Type": "Inner","Startup Cost": 4522.52,"Total Cost": 37289.01,"Plan Rows": 47480,"Plan Width": 12,"Actual Startup Time": 26.948,"Actual Total Time": 224.205,"Actual Rows": 36562,"Actual Loops": 4,"Inner Unique": true,"Hash Cond": "(orders.o_custkey = customer.c_custkey)","Workers": [],"Plans": [{"Node Type": "Seq Scan","Parent Relationship": "Outer","Parallel Aware": true,"Async Capable": false,"Relation Name": "orders","Alias": "orders","Startup Cost": 0.00,"Total Cost": 32143.39,"Plan Rows": 237363,"Plan Width": 16,"Actual Startup Time": 0.020,"Actual Total Time": 146.316,"Actual Rows": 183220,"Actual Loops": 4,"Filter": "(o_orderdate < '1995-03-24'::date)","Rows Removed by Filter": 191780,"Workers": []},{"Node Type": "Hash","Parent Relationship": "Inner","Parallel Aware": true,"Async Capable": false,"Startup Cost": 4366.25,"Total Cost": 4366.25,"Plan Rows": 12502,"Plan Width": 4,"Actual Startup Time": 26.398,"Actual Total Time": 26.403,"Actual Rows": 7547,"Actual Loops": 4,"Hash Buckets": 32768,"Original Hash Buckets": 32768,"Hash Batches": 1,"Original Hash Batches": 1,"Peak Memory Usage": 1504,"Workers": [],"Plans": [{"Node Type": "Seq Scan","Parent Relationship": "Outer","Parallel Aware": true,"Async Capable": false,"Relation Name": "customer","Alias": "customer","Startup Cost": 0.00,"Total Cost": 4366.25,"Plan Rows": 12502,"Plan Width": 4,"Actual Startup Time": 0.041,"Actual Total Time": 23.060,"Actual Rows": 7547,"Actual Loops": 4,"Filter": "(c_mktsegment = 'HOUSEHOLD'::bpchar)","Rows Removed by Filter": 29953,"Workers": []}]}]},{"Node Type": "Index Scan","Parent Relationship": "Inner","Parallel Aware": false,"Async Capable": false,"Scan Direction": "Forward","Index Name": "idx_lineitem_orderkey","Relation Name": "lineitem","Alias": "lineitem","Startup Cost": 0.43,"Total Cost": 1.44,"Plan Rows": 9,"Plan Width": 16,"Actual Startup Time": 0.007,"Actual Total Time": 0.008,"Actual Rows": 0,"Actual Loops": 146246,"Index Cond": "(l_orderkey = orders.o_orderkey)","Rows Removed by Index Recheck": 0,"Filter": "(l_shipdate > '1995-03-24'::date)","Rows Removed by Filter": 4,"Workers": []}]}]}]}]},"Planning Time": 5.340,"Triggers": [],"Execution Time": 571.256}]
[{"Plan": {"Node Type": "Sort","Parallel Aware": false,"Async Capable": false,"Startup Cost": 178865.64,"Total Cost": 179653.11,"Plan Rows": 314989,"Plan Width": 44,"Actual Startup Time": 523.684,"Actual Total Time": 530.658,"Actual Rows": 11380,"Actual Loops": 1,"Sort Key": ["(sum((lineitem.l_extendedprice * ('1'::numeric - lineitem.l_discount)))) DESC", "orders.o_orderdate"],"Sort Method": "quicksort","Sort Space Used": 1096,"Sort Space Type": "Memory","Plans": [{"Node Type": "Aggregate","Strategy": "Hashed","Partial Mode": "Simple","Parent Relationship": "Outer","Parallel Aware": false,"Async Capable": false,"Startup Cost": 146162.00,"Total Cost": 150099.36,"Plan Rows": 314989,"Plan Width": 44,"Actual Startup Time": 498.088,"Actual Total Time": 522.219,"Actual Rows": 11380,"Actual Loops": 1,"Group Key": ["lineitem.l_orderkey", "orders.o_orderdate", "orders.o_shippriority"],"Planned Partitions": 0,"HashAgg Batches": 1,"Peak Memory Usage": 20497,"Disk Usage": 0,"Plans": [{"Node Type": "Gather","Parent Relationship": "Outer","Parallel Aware": false,"Async Capable": false,"Startup Cost": 5522.86,"Total Cost": 141437.16,"Plan Rows": 314989,"Plan Width": 24,"Actual Startup Time": 30.876,"Actual Total Time": 469.870,"Actual Rows": 30012,"Actual Loops": 1,"Workers Planned": 3,"Workers Launched": 3,"Single Copy": false,"Plans": [{"Node Type": "Nested Loop","Parent Relationship": "Outer","Parallel Aware": false,"Async Capable": false,"Join Type": "Inner","Startup Cost": 4522.86,"Total Cost": 108938.26,"Plan Rows": 101609,"Plan Width": 24,"Actual Startup Time": 23.908,"Actual Total Time": 480.620,"Actual Rows": 7503,"Actual Loops": 4,"Inner Unique": false,"Workers": [],"Plans": [{"Node Type": "Hash Join","Parent Relationship": "Outer","Parallel Aware": true,"Async Capable": false,"Join Type": "Inner","Startup Cost": 4522.43,"Total Cost": 37277.73,"Plan Rows": 46597,"Plan Width": 12,"Actual Startup Time": 23.615,"Actual Total Time": 204.563,"Actual Rows": 35978,"Actual Loops": 4,"Inner Unique": true,"Hash Cond": "(orders.o_custkey = customer.c_custkey)","Workers": [],"Plans": [{"Node Type": "Seq Scan","Parent Relationship": "Outer","Parallel Aware": true,"Async Capable": false,"Relation Name": "orders","Alias": "orders","Startup Cost": 0.00,"Total Cost": 32143.39,"Plan Rows": 233104,"Plan Width": 16,"Actual Startup Time": 0.018,"Actual Total Time": 136.114,"Actual Rows": 180099,"Actual Loops": 4,"Filter": "(o_orderdate < '1995-03-04'::date)","Rows Removed by Filter": 194901,"Workers": []},{"Node Type": "Hash","Parent Relationship": "Inner","Parallel Aware": true,"Async Capable": false,"Startup Cost": 4366.25,"Total Cost": 4366.25,"Plan Rows": 12494,"Plan Width": 4,"Actual Startup Time": 23.137,"Actual Total Time": 23.140,"Actual Rows": 7487,"Actual Loops": 4,"Hash Buckets": 32768,"Original Hash Buckets": 32768,"Hash Batches": 1,"Original Hash Batches": 1,"Peak Memory Usage": 1440,"Workers": [],"Plans": [{"Node Type": "Seq Scan","Parent Relationship": "Outer","Parallel Aware": true,"Async Capable": false,"Relation Name": "customer","Alias": "customer","Startup Cost": 0.00,"Total Cost": 4366.25,"Plan Rows": 12494,"Plan Width": 4,"Actual Startup Time": 0.043,"Actual Total Time": 20.047,"Actual Rows": 7487,"Actual Loops": 4,"Filter": "(c_mktsegment = 'MACHINERY'::bpchar)","Rows Removed by Filter": 30013,"Workers": []}]}]},{"Node Type": "Index Scan","Parent Relationship": "Inner","Parallel Aware": false,"Async Capable": false,"Scan Direction": "Forward","Index Name": "idx_lineitem_orderkey","Relation Name": "lineitem","Alias": "lineitem","Startup Cost": 0.43,"Total Cost": 1.45,"Plan Rows": 9,"Plan Width": 16,"Actual Startup Time": 0.007,"Actual Total Time": 0.007,"Actual Rows": 0,"Actual Loops": 143910,"Index Cond": "(l_orderkey = orders.o_orderkey)","Rows Removed by Index Recheck": 0,"Filter": "(l_shipdate > '1995-03-04'::date)","Rows Removed by Filter": 4,"Workers": []}]}]}]}]},"Planning Time": 5.240,"Triggers": [],"Execution Time": 545.533}]
[{"Plan": {"Node Type": "Sort","Parallel Aware": false,"Async Capable": false,"Startup Cost": 177272.17,"Total Cost": 178050.64,"Plan Rows": 311391,"Plan Width": 44,"Actual Startup Time": 556.690,"Actual Total Time": 564.301,"Actual Rows": 11429,"Actual Loops": 1,"Sort Key": ["(sum((lineitem.l_extendedprice * ('1'::numeric - lineitem.l_discount)))) DESC", "orders.o_orderdate"],"Sort Method": "quicksort","Sort Space Used": 1099,"Sort Space Type": "Memory","Plans": [{"Node Type": "Aggregate","Strategy": "Hashed","Partial Mode": "Simple","Parent Relationship": "Outer","Parallel Aware": false,"Async Capable": false,"Startup Cost": 144967.89,"Total Cost": 148860.28,"Plan Rows": 311391,"Plan Width": 44,"Actual Startup Time": 533.603,"Actual Total Time": 558.375,"Actual Rows": 11429,"Actual Loops": 1,"Group Key": ["lineitem.l_orderkey", "orders.o_orderdate", "orders.o_shippriority"],"Planned Partitions": 0,"HashAgg Batches": 1,"Peak Memory Usage": 20497,"Disk Usage": 0,"Plans": [{"Node Type": "Gather","Parent Relationship": "Outer","Parallel Aware": false,"Async Capable": false,"Startup Cost": 5521.08,"Total Cost": 140297.03,"Plan Rows": 311391,"Plan Width": 24,"Actual Startup Time": 34.698,"Actual Total Time": 510.019,"Actual Rows": 30262,"Actual Loops": 1,"Workers Planned": 3,"Workers Launched": 3,"Single Copy": false,"Plans": [{"Node Type": "Nested Loop","Parent Relationship": "Outer","Parallel Aware": false,"Async Capable": false,"Join Type": "Inner","Startup Cost": 4521.08,"Total Cost": 108157.93,"Plan Rows": 100449,"Plan Width": 24,"Actual Startup Time": 27.002,"Actual Total Time": 516.195,"Actual Rows": 7566,"Actual Loops": 4,"Inner Unique": false,"Workers": [],"Plans": [{"Node Type": "Hash Join","Parent Relationship": "Outer","Parallel Aware": true,"Async Capable": false,"Join Type": "Inner","Startup Cost": 4520.65,"Total Cost": 37276.46,"Plan Rows": 46107,"Plan Width": 12,"Actual Startup Time": 26.521,"Actual Total Time": 228.102,"Actual Rows": 35849,"Actual Loops": 4,"Inner Unique": true,"Hash Cond": "(orders.o_custkey = customer.c_custkey)","Workers": [],"Plans": [{"Node Type": "Seq Scan","Parent Relationship": "Outer","Parallel Aware": true,"Async Capable": false,"Relation Name": "orders","Alias": "orders","Startup Cost": 0.00,"Total Cost": 32143.39,"Plan Rows": 233295,"Plan Width": 16,"Actual Startup Time": 0.014,"Actual Total Time": 150.873,"Actual Rows": 180256,"Actual Loops": 4,"Filter": "(o_orderdate < '1995-03-05'::date)","Rows Removed by Filter": 194744,"Workers": []},{"Node Type": "Hash","Parent Relationship": "Inner","Parallel Aware": true,"Async Capable": false,"Startup Cost": 4366.25,"Total Cost": 4366.25,"Plan Rows": 12352,"Plan Width": 4,"Actual Startup Time": 25.990,"Actual Total Time": 25.995,"Actual Rows": 7438,"Actual Loops": 4,"Hash Buckets": 32768,"Original Hash Buckets": 32768,"Hash Batches": 1,"Original Hash Batches": 1,"Peak Memory Usage": 1472,"Workers": [],"Plans": [{"Node Type": "Seq Scan","Parent Relationship": "Outer","Parallel Aware": true,"Async Capable": false,"Relation Name": "customer","Alias": "customer","Startup Cost": 0.00,"Total Cost": 4366.25,"Plan Rows": 12352,"Plan Width": 4,"Actual Startup Time": 0.030,"Actual Total Time": 22.595,"Actual Rows": 7438,"Actual Loops": 4,"Filter": "(c_mktsegment = 'AUTOMOBILE'::bpchar)","Rows Removed by Filter": 30062,"Workers": []}]}]},{"Node Type": "Index Scan","Parent Relationship": "Inner","Parallel Aware": false,"Async Capable": false,"Scan Direction": "Forward","Index Name": "idx_lineitem_orderkey","Relation Name": "lineitem","Alias": "lineitem","Startup Cost": 0.43,"Total Cost": 1.45,"Plan Rows": 9,"Plan Width": 16,"Actual Startup Time": 0.008,"Actual Total Time": 0.008,"Actual Rows": 0,"Actual Loops": 143397,"Index Cond": "(l_orderkey = orders.o_orderkey)","Rows Removed by Index Recheck": 0,"Filter": "(l_shipdate > '1995-03-05'::date)","Rows Removed by Filter": 4,"Workers": []}]}]}]}]},"Planning Time": 5.352,"Triggers": [],"Execution Time": 579.447}]
[{"Plan": {"Node Type": "Sort","Parallel Aware": false,"Async Capable": false,"Startup Cost": 178041.87,"Total Cost": 178820.67,"Plan Rows": 311522,"Plan Width": 44,"Actual Startup Time": 514.339,"Actual Total Time": 524.653,"Actual Rows": 11425,"Actual Loops": 1,"Sort Key": ["(sum((lineitem.l_extendedprice * ('1'::numeric - lineitem.l_discount)))) DESC", "orders.o_orderdate"],"Sort Method": "quicksort","Sort Space Used": 1099,"Sort Space Type": "Memory","Plans": [{"Node Type": "Aggregate","Strategy": "Hashed","Partial Mode": "Simple","Parent Relationship": "Outer","Parallel Aware": false,"Async Capable": false,"Startup Cost": 145723.06,"Total Cost": 149617.08,"Plan Rows": 311522,"Plan Width": 44,"Actual Startup Time": 492.537,"Actual Total Time": 516.646,"Actual Rows": 11425,"Actual Loops": 1,"Group Key": ["lineitem.l_orderkey", "orders.o_orderdate", "orders.o_shippriority"],"Planned Partitions": 0,"HashAgg Batches": 1,"Peak Memory Usage": 20497,"Disk Usage": 0,"Plans": [{"Node Type": "Gather","Parent Relationship": "Outer","Parallel Aware": false,"Async Capable": false,"Startup Cost": 5521.08,"Total Cost": 141050.23,"Plan Rows": 311522,"Plan Width": 24,"Actual Startup Time": 31.241,"Actual Total Time": 471.464,"Actual Rows": 30082,"Actual Loops": 1,"Workers Planned": 3,"Workers Launched": 3,"Single Copy": false,"Plans": [{"Node Type": "Nested Loop","Parent Relationship": "Outer","Parallel Aware": false,"Async Capable": false,"Join Type": "Inner","Startup Cost": 4521.08,"Total Cost": 108898.03,"Plan Rows": 100491,"Plan Width": 24,"Actual Startup Time": 23.929,"Actual Total Time": 475.903,"Actual Rows": 7520,"Actual Loops": 4,"Inner Unique": false,"Workers": [],"Plans": [{"Node Type": "Hash Join","Parent Relationship": "Outer","Parallel Aware": true,"Async Capable": false,"Join Type": "Inner","Startup Cost": 4520.65,"Total Cost": 37287.68,"Plan Rows": 46952,"Plan Width": 12,"Actual Startup Time": 23.514,"Actual Total Time": 202.302,"Actual Rows": 36470,"Actual Loops": 4,"Inner Unique": true,"Hash Cond": "(orders.o_custkey = customer.c_custkey)","Workers": [],"Plans": [{"Node Type": "Seq Scan","Parent Relationship": "Outer","Parallel Aware": true,"Async Capable": false,"Relation Name": "orders","Alias": "orders","Startup Cost": 0.00,"Total Cost": 32143.39,"Plan Rows": 237570,"Plan Width": 16,"Actual Startup Time": 0.012,"Actual Total Time": 133.990,"Actual Rows": 183364,"Actual Loops": 4,"Filter": "(o_orderdate < '1995-03-25'::date)","Rows Removed by Filter": 191636,"Workers": []},{"Node Type": "Hash","Parent Relationship": "Inner","Parallel Aware": true,"Async Capable": false,"Startup Cost": 4366.25,"Total Cost": 4366.25,"Plan Rows": 12352,"Plan Width": 4,"Actual Startup Time": 23.062,"Actual Total Time": 23.066,"Actual Rows": 7438,"Actual Loops": 4,"Hash Buckets": 32768,"Original Hash Buckets": 32768,"Hash Batches": 1,"Original Hash Batches": 1,"Peak Memory Usage": 1504,"Workers": [],"Plans": [{"Node Type": "Seq Scan","Parent Relationship": "Outer","Parallel Aware": true,"Async Capable": false,"Relation Name": "customer","Alias": "customer","Startup Cost": 0.00,"Total Cost": 4366.25,"Plan Rows": 12352,"Plan Width": 4,"Actual Startup Time": 0.043,"Actual Total Time": 19.887,"Actual Rows": 7438,"Actual Loops": 4,"Filter": "(c_mktsegment = 'AUTOMOBILE'::bpchar)","Rows Removed by Filter": 30062,"Workers": []}]}]},{"Node Type": "Index Scan","Parent Relationship": "Inner","Parallel Aware": false,"Async Capable": false,"Scan Direction": "Forward","Index Name": "idx_lineitem_orderkey","Relation Name": "lineitem","Alias": "lineitem","Startup Cost": 0.43,"Total Cost": 1.44,"Plan Rows": 9,"Plan Width": 16,"Actual Startup Time": 0.007,"Actual Total Time": 0.007,"Actual Rows": 0,"Actual Loops": 145879,"Index Cond": "(l_orderkey = orders.o_orderkey)","Rows Removed by Index Recheck": 0,"Filter": "(l_shipdate > '1995-03-25'::date)","Rows Removed by Filter": 4,"Workers": []}]}]}]}]},"Planning Time": 6.581,"Triggers": [],"Execution Time": 539.067}]
[{"Plan": {"Node Type": "Sort","Parallel Aware": false,"Async Capable": false,"Startup Cost": 178077.30,"Total Cost": 178856.10,"Plan Rows": 311520,"Plan Width": 44,"Actual Startup Time": 512.171,"Actual Total Time": 523.067,"Actual Rows": 11428,"Actual Loops": 1,"Sort Key": ["(sum((lineitem.l_extendedprice * ('1'::numeric - lineitem.l_discount)))) DESC", "orders.o_orderdate"],"Sort Method": "quicksort","Sort Space Used": 1099,"Sort Space Type": "Memory","Plans": [{"Node Type": "Aggregate","Strategy": "Hashed","Partial Mode": "Simple","Parent Relationship": "Outer","Parallel Aware": false,"Async Capable": false,"Startup Cost": 145758.71,"Total Cost": 149652.71,"Plan Rows": 311520,"Plan Width": 44,"Actual Startup Time": 490.587,"Actual Total Time": 515.800,"Actual Rows": 11428,"Actual Loops": 1,"Group Key": ["lineitem.l_orderkey", "orders.o_orderdate", "orders.o_shippriority"],"Planned Partitions": 0,"HashAgg Batches": 1,"Peak Memory Usage": 20497,"Disk Usage": 0,"Plans": [{"Node Type": "Gather","Parent Relationship": "Outer","Parallel Aware": false,"Async Capable": false,"Startup Cost": 5521.08,"Total Cost": 141085.91,"Plan Rows": 311520,"Plan Width": 24,"Actual Startup Time": 30.173,"Actual Total Time": 470.743,"Actual Rows": 30113,"Actual Loops": 1,"Workers Planned": 3,"Workers Launched": 3,"Single Copy": false,"Plans": [{"Node Type": "Nested Loop","Parent Relationship": "Outer","Parallel Aware": false,"Async Capable": false,"Join Type": "Inner","Startup Cost": 4521.08,"Total Cost": 108933.91,"Plan Rows": 100490,"Plan Width": 24,"Actual Startup Time": 23.239,"Actual Total Time": 474.011,"Actual Rows": 7528,"Actual Loops": 4,"Inner Unique": false,"Workers": [],"Plans": [{"Node Type": "Hash Join","Parent Relationship": "Outer","Parallel Aware": true,"Async Capable": false,"Join Type": "Inner","Startup Cost": 4520.65,"Total Cost": 37288.23,"Plan Rows": 46993,"Plan Width": 12,"Actual Startup Time": 22.851,"Actual Total Time": 201.835,"Actual Rows": 36503,"Actual Loops": 4,"Inner Unique": true,"Hash Cond": "(orders.o_custkey = customer.c_custkey)","Workers": [],"Plans": [{"Node Type": "Seq Scan","Parent Relationship": "Outer","Parallel Aware": true,"Async Capable": false,"Relation Name": "orders","Alias": "orders","Startup Cost": 0.00,"Total Cost": 32143.39,"Plan Rows": 237778,"Plan Width": 16,"Actual Startup Time": 0.013,"Actual Total Time": 134.292,"Actual Rows": 183522,"Actual Loops": 4,"Filter": "(o_orderdate < '1995-03-26'::date)","Rows Removed by Filter": 191478,"Workers": []},{"Node Type": "Hash","Parent Relationship": "Inner","Parallel Aware": true,"Async Capable": false,"Startup Cost": 4366.25,"Total Cost": 4366.25,"Plan Rows": 12352,"Plan Width": 4,"Actual Startup Time": 22.385,"Actual Total Time": 22.390,"Actual Rows": 7438,"Actual Loops": 4,"Hash Buckets": 32768,"Original Hash Buckets": 32768,"Hash Batches": 1,"Original Hash Batches": 1,"Peak Memory Usage": 1504,"Workers": [],"Plans": [{"Node Type": "Seq Scan","Parent Relationship": "Outer","Parallel Aware": true,"Async Capable": false,"Relation Name": "customer","Alias": "customer","Startup Cost": 0.00,"Total Cost": 4366.25,"Plan Rows": 12352,"Plan Width": 4,"Actual Startup Time": 0.043,"Actual Total Time": 19.306,"Actual Rows": 7438,"Actual Loops": 4,"Filter": "(c_mktsegment = 'AUTOMOBILE'::bpchar)","Rows Removed by Filter": 30062,"Workers": []}]}]},{"Node Type": "Index Scan","Parent Relationship": "Inner","Parallel Aware": false,"Async Capable": false,"Scan Direction": "Forward","Index Name": "idx_lineitem_orderkey","Relation Name": "lineitem","Alias": "lineitem","Startup Cost": 0.43,"Total Cost": 1.43,"Plan Rows": 9,"Plan Width": 16,"Actual Startup Time": 0.007,"Actual Total Time": 0.007,"Actual Rows": 0,"Actual Loops": 146011,"Index Cond": "(l_orderkey = orders.o_orderkey)","Rows Removed by Index Recheck": 0,"Filter": "(l_shipdate > '1995-03-26'::date)","Rows Removed by Filter": 4,"Workers": []}]}]}]}]},"Planning Time": 5.115,"Triggers": [],"Execution Time": 537.255}]
[{"Plan": {"Node Type": "Sort","Parallel Aware": false,"Async Capable": false,"Startup Cost": 178259.80,"Total Cost": 179041.20,"Plan Rows": 312559,"Plan Width": 44,"Actual Startup Time": 522.747,"Actual Total Time": 532.801,"Actual Rows": 11668,"Actual Loops": 1,"Sort Key": ["(sum((lineitem.l_extendedprice * ('1'::numeric - lineitem.l_discount)))) DESC", "orders.o_orderdate"],"Sort Method": "quicksort","Sort Space Used": 1114,"Sort Space Type": "Memory","Plans": [{"Node Type": "Aggregate","Strategy": "Hashed","Partial Mode": "Simple","Parent Relationship": "Outer","Parallel Aware": false,"Async Capable": false,"Startup Cost": 145825.92,"Total Cost": 149732.90,"Plan Rows": 312559,"Plan Width": 44,"Actual Startup Time": 500.552,"Actual Total Time": 524.645,"Actual Rows": 11668,"Actual Loops": 1,"Group Key": ["lineitem.l_orderkey", "orders.o_orderdate", "orders.o_shippriority"],"Planned Partitions": 0,"HashAgg Batches": 1,"Peak Memory Usage": 20497,"Disk Usage": 0,"Plans": [{"Node Type": "Gather","Parent Relationship": "Outer","Parallel Aware": false,"Async Capable": false,"Startup Cost": 5521.58,"Total Cost": 141137.53,"Plan Rows": 312559,"Plan Width": 24,"Actual Startup Time": 30.152,"Actual Total Time": 478.317,"Actual Rows": 30678,"Actual Loops": 1,"Workers Planned": 3,"Workers Launched": 3,"Single Copy": false,"Plans": [{"Node Type": "Nested Loop","Parent Relationship": "Outer","Parallel Aware": false,"Async Capable": false,"Join Type": "Inner","Startup Cost": 4521.58,"Total Cost": 108881.63,"Plan Rows": 100825,"Plan Width": 24,"Actual Startup Time": 23.309,"Actual Total Time": 484.094,"Actual Rows": 7670,"Actual Loops": 4,"Inner Unique": false,"Workers": [],"Plans": [{"Node Type": "Hash Join","Parent Relationship": "Outer","Parallel Aware": true,"Async Capable": false,"Join Type": "Inner","Startup Cost": 4521.15,"Total Cost": 37284.45,"Plan Rows": 46821,"Plan Width": 12,"Actual Startup Time": 23.129,"Actual Total Time": 203.818,"Actual Rows": 36886,"Actual Loops": 4,"Inner Unique": true,"Hash Cond": "(orders.o_custkey = customer.c_custkey)","Workers": [],"Plans": [{"Node Type": "Seq Scan","Parent Relationship": "Outer","Parallel Aware": true,"Async Capable": false,"Relation Name": "orders","Alias": "orders","Startup Cost": 0.00,"Total Cost": 32143.39,"Plan Rows": 236150,"Plan Width": 16,"Actual Startup Time": 0.014,"Actual Total Time": 135.913,"Actual Rows": 182297,"Actual Loops": 4,"Filter": "(o_orderdate < '1995-03-18'::date)","Rows Removed by Filter": 192703,"Workers": []},{"Node Type": "Hash","Parent Relationship": "Inner","Parallel Aware": true,"Async Capable": false,"Startup Cost": 4366.25,"Total Cost": 4366.25,"Plan Rows": 12392,"Plan Width": 4,"Actual Startup Time": 22.707,"Actual Total Time": 22.713,"Actual Rows": 7536,"Actual Loops": 4,"Hash Buckets": 32768,"Original Hash Buckets": 32768,"Hash Batches": 1,"Original Hash Batches": 1,"Peak Memory Usage": 1504,"Workers": [],"Plans": [{"Node Type": "Seq Scan","Parent Relationship": "Outer","Parallel Aware": true,"Async Capable": false,"Relation Name": "customer","Alias": "customer","Startup Cost": 0.00,"Total Cost": 4366.25,"Plan Rows": 12392,"Plan Width": 4,"Actual Startup Time": 0.026,"Actual Total Time": 19.599,"Actual Rows": 7536,"Actual Loops": 4,"Filter": "(c_mktsegment = 'BUILDING'::bpchar)","Rows Removed by Filter": 29964,"Workers": []}]}]},{"Node Type": "Index Scan","Parent Relationship": "Inner","Parallel Aware": false,"Async Capable": false,"Scan Direction": "Forward","Index Name": "idx_lineitem_orderkey","Relation Name": "lineitem","Alias": "lineitem","Startup Cost": 0.43,"Total Cost": 1.44,"Plan Rows": 9,"Plan Width": 16,"Actual Startup Time": 0.007,"Actual Total Time": 0.007,"Actual Rows": 0,"Actual Loops": 147543,"Index Cond": "(l_orderkey = orders.o_orderkey)","Rows Removed by Index Recheck": 0,"Filter": "(l_shipdate > '1995-03-18'::date)","Rows Removed by Filter": 4,"Workers": []}]}]}]}]},"Planning Time": 6.869,"Triggers": [],"Execution Time": 546.741}]
[{"Plan": {"Node Type": "Sort","Parallel Aware": false,"Async Capable": false,"Startup Cost": 182437.94,"Total Cost": 183242.68,"Plan Rows": 321899,"Plan Width": 44,"Actual Startup Time": 534.370,"Actual Total Time": 546.079,"Actual Rows": 11402,"Actual Loops": 1,"Sort Key": ["(sum((lineitem.l_extendedprice * ('1'::numeric - lineitem.l_discount)))) DESC", "orders.o_orderdate"],"Sort Method": "quicksort","Sort Space Used": 1097,"Sort Space Type": "Memory","Plans": [{"Node Type": "Aggregate","Strategy": "Hashed","Partial Mode": "Simple","Parent Relationship": "Outer","Parallel Aware": false,"Async Capable": false,"Startup Cost": 148966.48,"Total Cost": 152990.22,"Plan Rows": 321899,"Plan Width": 44,"Actual Startup Time": 512.410,"Actual Total Time": 537.592,"Actual Rows": 11402,"Actual Loops": 1,"Group Key": ["lineitem.l_orderkey", "orders.o_orderdate", "orders.o_shippriority"],"Planned Partitions": 0,"HashAgg Batches": 1,"Peak Memory Usage": 20497,"Disk Usage": 0,"Plans": [{"Node Type": "Gather","Parent Relationship": "Outer","Parallel Aware": false,"Async Capable": false,"Startup Cost": 5526.18,"Total Cost": 144137.99,"Plan Rows": 321899,"Plan Width": 24,"Actual Startup Time": 34.981,"Actual Total Time": 489.482,"Actual Rows": 30241,"Actual Loops": 1,"Workers Planned": 3,"Workers Launched": 3,"Single Copy": false,"Plans": [{"Node Type": "Nested Loop","Parent Relationship": "Outer","Parallel Aware": false,"Async Capable": false,"Join Type": "Inner","Startup Cost": 4526.18,"Total Cost": 110948.09,"Plan Rows": 103838,"Plan Width": 24,"Actual Startup Time": 27.766,"Actual Total Time": 494.973,"Actual Rows": 7560,"Actual Loops": 4,"Inner Unique": false,"Workers": [],"Plans": [{"Node Type": "Hash Join","Parent Relationship": "Outer","Parallel Aware": true,"Async Capable": false,"Join Type": "Inner","Startup Cost": 4525.75,"Total Cost": 37288.05,"Plan Rows": 48136,"Plan Width": 12,"Actual Startup Time": 27.511,"Actual Total Time": 220.174,"Actual Rows": 36314,"Actual Loops": 4,"Inner Unique": true,"Hash Cond": "(orders.o_custkey = customer.c_custkey)","Workers": [],"Plans": [{"Node Type": "Seq Scan","Parent Relationship": "Outer","Parallel Aware": true,"Async Capable": false,"Relation Name": "orders","Alias": "orders","Startup Cost": 0.00,"Total Cost": 32143.39,"Plan Rows": 235768,"Plan Width": 16,"Actual Startup Time": 0.023,"Actual Total Time": 140.363,"Actual Rows": 181977,"Actual Loops": 4,"Filter": "(o_orderdate < '1995-03-16'::date)","Rows Removed by Filter": 193023,"Workers": []},{"Node Type": "Hash","Parent Relationship": "Inner","Parallel Aware": true,"Async Capable": false,"Startup Cost": 4366.25,"Total Cost": 4366.25,"Plan Rows": 12760,"Plan Width": 4,"Actual Startup Time": 27.040,"Actual Total Time": 27.049,"Actual Rows": 7492,"Actual Loops": 4,"Hash Buckets": 32768,"Original Hash Buckets": 32768,"Hash Batches": 1,"Original Hash Batches": 1,"Peak Memory Usage": 1504,"Workers": [],"Plans": [{"Node Type": "Seq Scan","Parent Relationship": "Outer","Parallel Aware": true,"Async Capable": false,"Relation Name": "customer","Alias": "customer","Startup Cost": 0.00,"Total Cost": 4366.25,"Plan Rows": 12760,"Plan Width": 4,"Actual Startup Time": 0.047,"Actual Total Time": 23.343,"Actual Rows": 7492,"Actual Loops": 4,"Filter": "(c_mktsegment = 'FURNITURE'::bpchar)","Rows Removed by Filter": 30008,"Workers": []}]}]},{"Node Type": "Index Scan","Parent Relationship": "Inner","Parallel Aware": false,"Async Capable": false,"Scan Direction": "Forward","Index Name": "idx_lineitem_orderkey","Relation Name": "lineitem","Alias": "lineitem","Startup Cost": 0.43,"Total Cost": 1.44,"Plan Rows": 9,"Plan Width": 16,"Actual Startup Time": 0.007,"Actual Total Time": 0.007,"Actual Rows": 0,"Actual Loops": 145255,"Index Cond": "(l_orderkey = orders.o_orderkey)","Rows Removed by Index Recheck": 0,"Filter": "(l_shipdate > '1995-03-16'::date)","Rows Removed by Filter": 4,"Workers": []}]}]}]}]},"Planning Time": 4.920,"Triggers": [],"Execution Time": 559.216}]
[{"Plan": {"Node Type": "Sort","Parallel Aware": false,"Async Capable": false,"Startup Cost": 179440.48,"Total Cost": 180228.98,"Plan Rows": 315402,"Plan Width": 44,"Actual Startup Time": 536.459,"Actual Total Time": 547.123,"Actual Rows": 11431,"Actual Loops": 1,"Sort Key": ["(sum((lineitem.l_extendedprice * ('1'::numeric - lineitem.l_discount)))) DESC", "orders.o_orderdate"],"Sort Method": "quicksort","Sort Space Used": 1099,"Sort Space Type": "Memory","Plans": [{"Node Type": "Aggregate","Strategy": "Hashed","Partial Mode": "Simple","Parent Relationship": "Outer","Parallel Aware": false,"Async Capable": false,"Startup Cost": 146690.97,"Total Cost": 150633.50,"Plan Rows": 315402,"Plan Width": 44,"Actual Startup Time": 514.238,"Actual Total Time": 538.642,"Actual Rows": 11431,"Actual Loops": 1,"Group Key": ["lineitem.l_orderkey", "orders.o_orderdate", "orders.o_shippriority"],"Planned Partitions": 0,"HashAgg Batches": 1,"Peak Memory Usage": 20497,"Disk Usage": 0,"Plans": [{"Node Type": "Gather","Parent Relationship": "Outer","Parallel Aware": false,"Async Capable": false,"Startup Cost": 5522.96,"Total Cost": 141959.94,"Plan Rows": 315402,"Plan Width": 24,"Actual Startup Time": 33.400,"Actual Total Time": 489.917,"Actual Rows": 30312,"Actual Loops": 1,"Workers Planned": 3,"Workers Launched": 3,"Single Copy": false,"Plans": [{"Node Type": "Nested Loop","Parent Relationship": "Outer","Parallel Aware": false,"Async Capable": false,"Join Type": "Inner","Startup Cost": 4522.96,"Total Cost": 109419.74,"Plan Rows": 101743,"Plan Width": 24,"Actual Startup Time": 26.755,"Actual Total Time": 497.095,"Actual Rows": 7578,"Actual Loops": 4,"Inner Unique": false,"Workers": [],"Plans": [{"Node Type": "Hash Join","Parent Relationship": "Outer","Parallel Aware": true,"Async Capable": false,"Join Type": "Inner","Startup Cost": 4522.52,"Total Cost": 37284.32,"Plan Rows": 47123,"Plan Width": 12,"Actual Startup Time": 26.609,"Actual Total Time": 219.801,"Actual Rows": 36289,"Actual Loops": 4,"Inner Unique": true,"Hash Cond": "(orders.o_custkey = customer.c_custkey)","Workers": [],"Plans": [{"Node Type": "Seq Scan","Parent Relationship": "Outer","Parallel Aware": true,"Async Capable": false,"Relation Name": "orders","Alias": "orders","Startup Cost": 0.00,"Total Cost": 32143.39,"Plan Rows": 235577,"Plan Width": 16,"Actual Startup Time": 0.015,"Actual Total Time": 140.506,"Actual Rows": 181826,"Actual Loops": 4,"Filter": "(o_orderdate < '1995-03-15'::date)","Rows Removed by Filter": 193174,"Workers": []},{"Node Type": "Hash","Parent Relationship": "Inner","Parallel Aware": true,"Async Capable": false,"Startup Cost": 4366.25,"Total Cost": 4366.25,"Plan Rows": 12502,"Plan Width": 4,"Actual Startup Time": 26.124,"Actual Total Time": 26.129,"Actual Rows": 7547,"Actual Loops": 4,"Hash Buckets": 32768,"Original Hash Buckets": 32768,"Hash Batches": 1,"Original Hash Batches": 1,"Peak Memory Usage": 1504,"Workers": [],"Plans": [{"Node Type": "Seq Scan","Parent Relationship": "Outer","Parallel Aware": true,"Async Capable": false,"Relation Name": "customer","Alias": "customer","Startup Cost": 0.00,"Total Cost": 4366.25,"Plan Rows": 12502,"Plan Width": 4,"Actual Startup Time": 0.033,"Actual Total Time": 22.453,"Actual Rows": 7547,"Actual Loops": 4,"Filter": "(c_mktsegment = 'HOUSEHOLD'::bpchar)","Rows Removed by Filter": 29953,"Workers": []}]}]},{"Node Type": "Index Scan","Parent Relationship": "Inner","Parallel Aware": false,"Async Capable": false,"Scan Direction": "Forward","Index Name": "idx_lineitem_orderkey","Relation Name": "lineitem","Alias": "lineitem","Startup Cost": 0.43,"Total Cost": 1.44,"Plan Rows": 9,"Plan Width": 16,"Actual Startup Time": 0.007,"Actual Total Time": 0.007,"Actual Rows": 0,"Actual Loops": 145157,"Index Cond": "(l_orderkey = orders.o_orderkey)","Rows Removed by Index Recheck": 0,"Filter": "(l_shipdate > '1995-03-15'::date)","Rows Removed by Filter": 4,"Workers": []}]}]}]}]},"Planning Time": 7.062,"Triggers": [],"Execution Time": 559.413}]
[{"Plan": {"Node Type": "Sort","Parallel Aware": false,"Async Capable": false,"Startup Cost": 178315.95,"Total Cost": 179097.25,"Plan Rows": 312519,"Plan Width": 44,"Actual Startup Time": 530.790,"Actual Total Time": 540.145,"Actual Rows": 11695,"Actual Loops": 1,"Sort Key": ["(sum((lineitem.l_extendedprice * ('1'::numeric - lineitem.l_discount)))) DESC", "orders.o_orderdate"],"Sort Method": "quicksort","Sort Space Used": 1115,"Sort Space Type": "Memory","Plans": [{"Node Type": "Aggregate","Strategy": "Hashed","Partial Mode": "Simple","Parent Relationship": "Outer","Parallel Aware": false,"Async Capable": false,"Startup Cost": 145886.50,"Total Cost": 149792.99,"Plan Rows": 312519,"Plan Width": 44,"Actual Startup Time": 507.941,"Actual Total Time": 531.521,"Actual Rows": 11695,"Actual Loops": 1,"Group Key": ["lineitem.l_orderkey", "orders.o_orderdate", "orders.o_shippriority"],"Planned Partitions": 0,"HashAgg Batches": 1,"Peak Memory Usage": 20497,"Disk Usage": 0,"Plans": [{"Node Type": "Gather","Parent Relationship": "Outer","Parallel Aware": false,"Async Capable": false,"Startup Cost": 5521.58,"Total Cost": 141198.72,"Plan Rows": 312519,"Plan Width": 24,"Actual Startup Time": 30.968,"Actual Total Time": 484.552,"Actual Rows": 30638,"Actual Loops": 1,"Workers Planned": 3,"Workers Launched": 3,"Single Copy": false,"Plans": [{"Node Type": "Nested Loop","Parent Relationship": "Outer","Parallel Aware": false,"Async Capable": false,"Join Type": "Inner","Startup Cost": 4521.58,"Total Cost": 108946.82,"Plan Rows": 100813,"Plan Width": 24,"Actual Startup Time": 24.258,"Actual Total Time": 491.424,"Actual Rows": 7660,"Actual Loops": 4,"Inner Unique": false,"Workers": [],"Plans": [{"Node Type": "Hash Join","Parent Relationship": "Outer","Parallel Aware": true,"Async Capable": false,"Join Type": "Inner","Startup Cost": 4521.15,"Total Cost": 37285.46,"Plan Rows": 46896,"Plan Width": 12,"Actual Startup Time": 24.115,"Actual Total Time": 212.379,"Actual Rows": 36950,"Actual Loops": 4,"Inner Unique": true,"Hash Cond": "(orders.o_custkey = customer.c_custkey)","Workers": [],"Plans": [{"Node Type": "Seq Scan","Parent Relationship": "Outer","Parallel Aware": true,"Async Capable": false,"Relation Name": "orders","Alias": "orders","Startup Cost": 0.00,"Total Cost": 32143.39,"Plan Rows": 236532,"Plan Width": 16,"Actual Startup Time": 0.011,"Actual Total Time": 137.773,"Actual Rows": 182617,"Actual Loops": 4,"Filter": "(o_orderdate < '1995-03-20'::date)","Rows Removed by Filter": 192383,"Workers": []},{"Node Type": "Hash","Parent Relationship": "Inner","Parallel Aware": true,"Async Capable": false,"Startup Cost": 4366.25,"Total Cost": 4366.25,"Plan Rows": 12392,"Plan Width": 4,"Actual Startup Time": 23.649,"Actual Total Time": 23.653,"Actual Rows": 7536,"Actual Loops": 4,"Hash Buckets": 32768,"Original Hash Buckets": 32768,"Hash Batches": 1,"Original Hash Batches": 1,"Peak Memory Usage": 1472,"Workers": [],"Plans": [{"Node Type": "Seq Scan","Parent Relationship": "Outer","Parallel Aware": true,"Async Capable": false,"Relation Name": "customer","Alias": "customer","Startup Cost": 0.00,"Total Cost": 4366.25,"Plan Rows": 12392,"Plan Width": 4,"Actual Startup Time": 0.032,"Actual Total Time": 20.295,"Actual Rows": 7536,"Actual Loops": 4,"Filter": "(c_mktsegment = 'BUILDING'::bpchar)","Rows Removed by Filter": 29964,"Workers": []}]}]},{"Node Type": "Index Scan","Parent Relationship": "Inner","Parallel Aware": false,"Async Capable": false,"Scan Direction": "Forward","Index Name": "idx_lineitem_orderkey","Relation Name": "lineitem","Alias": "lineitem","Startup Cost": 0.43,"Total Cost": 1.44,"Plan Rows": 9,"Plan Width": 16,"Actual Startup Time": 0.007,"Actual Total Time": 0.007,"Actual Rows": 0,"Actual Loops": 147800,"Index Cond": "(l_orderkey = orders.o_orderkey)","Rows Removed by Index Recheck": 0,"Filter": "(l_shipdate > '1995-03-20'::date)","Rows Removed by Filter": 4,"Workers": []}]}]}]}]},"Planning Time": 6.364,"Triggers": [],"Execution Time": 554.774}]
[{"Plan": {"Node Type": "Sort","Parallel Aware": false,"Async Capable": false,"Startup Cost": 179440.48,"Total Cost": 180228.98,"Plan Rows": 315402,"Plan Width": 44,"Actual Startup Time": 536.459,"Actual Total Time": 547.123,"Actual Rows": 11431,"Actual Loops": 1,"Sort Key": ["(sum((lineitem.l_extendedprice * ('1'::numeric - lineitem.l_discount)))) DESC", "orders.o_orderdate"],"Sort Method": "quicksort","Sort Space Used": 1099,"Sort Space Type": "Memory","Plans": [{"Node Type": "Aggregate","Strategy": "Hashed","Partial Mode": "Simple","Parent Relationship": "Outer","Parallel Aware": false,"Async Capable": false,"Startup Cost": 146690.97,"Total Cost": 150633.50,"Plan Rows": 315402,"Plan Width": 44,"Actual Startup Time": 514.238,"Actual Total Time": 538.642,"Actual Rows": 11431,"Actual Loops": 1,"Group Key": ["lineitem.l_orderkey", "orders.o_orderdate", "orders.o_shippriority"],"Planned Partitions": 0,"HashAgg Batches": 1,"Peak Memory Usage": 20497,"Disk Usage": 0,"Plans": [{"Node Type": "Gather","Parent Relationship": "Outer","Parallel Aware": false,"Async Capable": false,"Startup Cost": 5522.96,"Total Cost": 141959.94,"Plan Rows": 315402,"Plan Width": 24,"Actual Startup Time": 33.400,"Actual Total Time": 489.917,"Actual Rows": 30312,"Actual Loops": 1,"Workers Planned": 3,"Workers Launched": 3,"Single Copy": false,"Plans": [{"Node Type": "Nested Loop","Parent Relationship": "Outer","Parallel Aware": false,"Async Capable": false,"Join Type": "Inner","Startup Cost": 4522.96,"Total Cost": 109419.74,"Plan Rows": 101743,"Plan Width": 24,"Actual Startup Time": 26.755,"Actual Total Time": 497.095,"Actual Rows": 7578,"Actual Loops": 4,"Inner Unique": false,"Workers": [],"Plans": [{"Node Type": "Hash Join","Parent Relationship": "Outer","Parallel Aware": true,"Async Capable": false,"Join Type": "Inner","Startup Cost": 4522.52,"Total Cost": 37284.32,"Plan Rows": 47123,"Plan Width": 12,"Actual Startup Time": 26.609,"Actual Total Time": 219.801,"Actual Rows": 36289,"Actual Loops": 4,"Inner Unique": true,"Hash Cond": "(orders.o_custkey = customer.c_custkey)","Workers": [],"Plans": [{"Node Type": "Seq Scan","Parent Relationship": "Outer","Parallel Aware": true,"Async Capable": false,"Relation Name": "orders","Alias": "orders","Startup Cost": 0.00,"Total Cost": 32143.39,"Plan Rows": 235577,"Plan Width": 16,"Actual Startup Time": 0.015,"Actual Total Time": 140.506,"Actual Rows": 181826,"Actual Loops": 4,"Filter": "(o_orderdate < '1995-03-15'::date)","Rows Removed by Filter": 193174,"Workers": []},{"Node Type": "Hash","Parent Relationship": "Inner","Parallel Aware": true,"Async Capable": false,"Startup Cost": 4366.25,"Total Cost": 4366.25,"Plan Rows": 12502,"Plan Width": 4,"Actual Startup Time": 26.124,"Actual Total Time": 26.129,"Actual Rows": 7547,"Actual Loops": 4,"Hash Buckets": 32768,"Original Hash Buckets": 32768,"Hash Batches": 1,"Original Hash Batches": 1,"Peak Memory Usage": 1504,"Workers": [],"Plans": [{"Node Type": "Seq Scan","Parent Relationship": "Outer","Parallel Aware": true,"Async Capable": false,"Relation Name": "customer","Alias": "customer","Startup Cost": 0.00,"Total Cost": 4366.25,"Plan Rows": 12502,"Plan Width": 4,"Actual Startup Time": 0.033,"Actual Total Time": 22.453,"Actual Rows": 7547,"Actual Loops": 4,"Filter": "(c_mktsegment = 'HOUSEHOLD'::bpchar)","Rows Removed by Filter": 29953,"Workers": []}]}]},{"Node Type": "Index Scan","Parent Relationship": "Inner","Parallel Aware": false,"Async Capable": false,"Scan Direction": "Forward","Index Name": "idx_lineitem_orderkey","Relation Name": "lineitem","Alias": "lineitem","Startup Cost": 0.43,"Total Cost": 1.44,"Plan Rows": 9,"Plan Width": 16,"Actual Startup Time": 0.007,"Actual Total Time": 0.007,"Actual Rows": 0,"Actual Loops": 145157,"Index Cond": "(l_orderkey = orders.o_orderkey)","Rows Removed by Index Recheck": 0,"Filter": "(l_shipdate > '1995-03-15'::date)","Rows Removed by Filter": 4,"Workers": []}]}]}]}]},"Planning Time": 7.062,"Triggers": [],"Execution Time": 559.413}]
[{"Plan": {"Node Type": "Sort","Parallel Aware": false,"Async Capable": false,"Startup Cost": 177433.30,"Total Cost": 178211.36,"Plan Rows": 311223,"Plan Width": 44,"Actual Startup Time": 513.174,"Actual Total Time": 524.708,"Actual Rows": 11511,"Actual Loops": 1,"Sort Key": ["(sum((lineitem.l_extendedprice * ('1'::numeric - lineitem.l_discount)))) DESC", "orders.o_orderdate"],"Sort Method": "quicksort","Sort Space Used": 1104,"Sort Space Type": "Memory","Plans": [{"Node Type": "Aggregate","Strategy": "Hashed","Partial Mode": "Simple","Parent Relationship": "Outer","Parallel Aware": false,"Async Capable": false,"Startup Cost": 145147.67,"Total Cost": 149037.96,"Plan Rows": 311223,"Plan Width": 44,"Actual Startup Time": 491.994,"Actual Total Time": 517.235,"Actual Rows": 11511,"Actual Loops": 1,"Group Key": ["lineitem.l_orderkey", "orders.o_orderdate", "orders.o_shippriority"],"Planned Partitions": 0,"HashAgg Batches": 1,"Peak Memory Usage": 20497,"Disk Usage": 0,"Plans": [{"Node Type": "Gather","Parent Relationship": "Outer","Parallel Aware": false,"Async Capable": false,"Startup Cost": 5521.08,"Total Cost": 140479.33,"Plan Rows": 311223,"Plan Width": 24,"Actual Startup Time": 30.568,"Actual Total Time": 472.340,"Actual Rows": 30355,"Actual Loops": 1,"Workers Planned": 3,"Workers Launched": 3,"Single Copy": false,"Plans": [{"Node Type": "Nested Loop","Parent Relationship": "Outer","Parallel Aware": false,"Async Capable": false,"Join Type": "Inner","Startup Cost": 4521.08,"Total Cost": 108357.03,"Plan Rows": 100395,"Plan Width": 24,"Actual Startup Time": 23.443,"Actual Total Time": 475.280,"Actual Rows": 7589,"Actual Loops": 4,"Inner Unique": false,"Workers": [],"Plans": [{"Node Type": "Hash Join","Parent Relationship": "Outer","Parallel Aware": true,"Async Capable": false,"Join Type": "Inner","Startup Cost": 4520.65,"Total Cost": 37279.47,"Plan Rows": 46334,"Plan Width": 12,"Actual Startup Time": 23.053,"Actual Total Time": 203.084,"Actual Rows": 36043,"Actual Loops": 4,"Inner Unique": true,"Hash Cond": "(orders.o_custkey = customer.c_custkey)","Workers": [],"Plans": [{"Node Type": "Seq Scan","Parent Relationship": "Outer","Parallel Aware": true,"Async Capable": false,"Relation Name": "orders","Alias": "orders","Startup Cost": 0.00,"Total Cost": 32143.39,"Plan Rows": 234441,"Plan Width": 16,"Actual Startup Time": 0.015,"Actual Total Time": 134.723,"Actual Rows": 181190,"Actual Loops": 4,"Filter": "(o_orderdate < '1995-03-11'::date)","Rows Removed by Filter": 193810,"Workers": []},{"Node Type": "Hash","Parent Relationship": "Inner","Parallel Aware": true,"Async Capable": false,"Startup Cost": 4366.25,"Total Cost": 4366.25,"Plan Rows": 12352,"Plan Width": 4,"Actual Startup Time": 22.578,"Actual Total Time": 22.582,"Actual Rows": 7438,"Actual Loops": 4,"Hash Buckets": 32768,"Original Hash Buckets": 32768,"Hash Batches": 1,"Original Hash Batches": 1,"Peak Memory Usage": 1472,"Workers": [],"Plans": [{"Node Type": "Seq Scan","Parent Relationship": "Outer","Parallel Aware": true,"Async Capable": false,"Relation Name": "customer","Alias": "customer","Startup Cost": 0.00,"Total Cost": 4366.25,"Plan Rows": 12352,"Plan Width": 4,"Actual Startup Time": 0.032,"Actual Total Time": 19.502,"Actual Rows": 7438,"Actual Loops": 4,"Filter": "(c_mktsegment = 'AUTOMOBILE'::bpchar)","Rows Removed by Filter": 30062,"Workers": []}]}]},{"Node Type": "Index Scan","Parent Relationship": "Inner","Parallel Aware": false,"Async Capable": false,"Scan Direction": "Forward","Index Name": "idx_lineitem_orderkey","Relation Name": "lineitem","Alias": "lineitem","Startup Cost": 0.43,"Total Cost": 1.44,"Plan Rows": 9,"Plan Width": 16,"Actual Startup Time": 0.007,"Actual Total Time": 0.007,"Actual Rows": 0,"Actual Loops": 144171,"Index Cond": "(l_orderkey = orders.o_orderkey)","Rows Removed by Index Recheck": 0,"Filter": "(l_shipdate > '1995-03-11'::date)","Rows Removed by Filter": 4,"Workers": []}]}]}]}]},"Planning Time": 6.821,"Triggers": [],"Execution Time": 538.280}]
[{"Plan": {"Node Type": "Sort","Parallel Aware": false,"Async Capable": false,"Startup Cost": 179402.93,"Total Cost": 180190.82,"Plan Rows": 315153,"Plan Width": 44,"Actual Startup Time": 518.570,"Actual Total Time": 528.691,"Actual Rows": 11254,"Actual Loops": 1,"Sort Key": ["(sum((lineitem.l_extendedprice * ('1'::numeric - lineitem.l_discount)))) DESC", "orders.o_orderdate"],"Sort Method": "quicksort","Sort Space Used": 1088,"Sort Space Type": "Memory","Plans": [{"Node Type": "Aggregate","Strategy": "Hashed","Partial Mode": "Simple","Parent Relationship": "Outer","Parallel Aware": false,"Async Capable": false,"Startup Cost": 146681.08,"Total Cost": 150620.49,"Plan Rows": 315153,"Plan Width": 44,"Actual Startup Time": 496.043,"Actual Total Time": 520.692,"Actual Rows": 11254,"Actual Loops": 1,"Group Key": ["lineitem.l_orderkey", "orders.o_orderdate", "orders.o_shippriority"],"Planned Partitions": 0,"HashAgg Batches": 1,"Peak Memory Usage": 20497,"Disk Usage": 0,"Plans": [{"Node Type": "Gather","Parent Relationship": "Outer","Parallel Aware": false,"Async Capable": false,"Startup Cost": 5522.86,"Total Cost": 141953.79,"Plan Rows": 315153,"Plan Width": 24,"Actual Startup Time": 31.581,"Actual Total Time": 474.999,"Actual Rows": 29749,"Actual Loops": 1,"Workers Planned": 3,"Workers Launched": 3,"Single Copy": false,"Plans": [{"Node Type": "Nested Loop","Parent Relationship": "Outer","Parallel Aware": false,"Async Capable": false,"Join Type": "Inner","Startup Cost": 4522.86,"Total Cost": 109438.49,"Plan Rows": 101662,"Plan Width": 24,"Actual Startup Time": 24.440,"Actual Total Time": 479.650,"Actual Rows": 7437,"Actual Loops": 4,"Inner Unique": false,"Workers": [],"Plans": [{"Node Type": "Hash Join","Parent Relationship": "Outer","Parallel Aware": true,"Async Capable": false,"Join Type": "Inner","Startup Cost": 4522.43,"Total Cost": 37285.23,"Plan Rows": 47168,"Plan Width": 12,"Actual Startup Time": 24.182,"Actual Total Time": 205.405,"Actual Rows": 36365,"Actual Loops": 4,"Inner Unique": true,"Hash Cond": "(orders.o_custkey = customer.c_custkey)","Workers": [],"Plans": [{"Node Type": "Seq Scan","Parent Relationship": "Outer","Parallel Aware": true,"Async Capable": false,"Relation Name": "orders","Alias": "orders","Startup Cost": 0.00,"Total Cost": 32143.39,"Plan Rows": 235959,"Plan Width": 16,"Actual Startup Time": 0.012,"Actual Total Time": 135.668,"Actual Rows": 182140,"Actual Loops": 4,"Filter": "(o_orderdate < '1995-03-17'::date)","Rows Removed by Filter": 192860,"Workers": []},{"Node Type": "Hash","Parent Relationship": "Inner","Parallel Aware": true,"Async Capable": false,"Startup Cost": 4366.25,"Total Cost": 4366.25,"Plan Rows": 12494,"Plan Width": 4,"Actual Startup Time": 23.735,"Actual Total Time": 23.738,"Actual Rows": 7487,"Actual Loops": 4,"Hash Buckets": 32768,"Original Hash Buckets": 32768,"Hash Batches": 1,"Original Hash Batches": 1,"Peak Memory Usage": 1504,"Workers": [],"Plans": [{"Node Type": "Seq Scan","Parent Relationship": "Outer","Parallel Aware": true,"Async Capable": false,"Relation Name": "customer","Alias": "customer","Startup Cost": 0.00,"Total Cost": 4366.25,"Plan Rows": 12494,"Plan Width": 4,"Actual Startup Time": 0.039,"Actual Total Time": 20.610,"Actual Rows": 7487,"Actual Loops": 4,"Filter": "(c_mktsegment = 'MACHINERY'::bpchar)","Rows Removed by Filter": 30013,"Workers": []}]}]},{"Node Type": "Index Scan","Parent Relationship": "Inner","Parallel Aware": false,"Async Capable": false,"Scan Direction": "Forward","Index Name": "idx_lineitem_orderkey","Relation Name": "lineitem","Alias": "lineitem","Startup Cost": 0.43,"Total Cost": 1.44,"Plan Rows": 9,"Plan Width": 16,"Actual Startup Time": 0.007,"Actual Total Time": 0.007,"Actual Rows": 0,"Actual Loops": 145459,"Index Cond": "(l_orderkey = orders.o_orderkey)","Rows Removed by Index Recheck": 0,"Filter": "(l_shipdate > '1995-03-17'::date)","Rows Removed by Filter": 4,"Workers": []}]}]}]}]},"Planning Time": 6.057,"Triggers": [],"Execution Time": 543.328}]
[{"Plan": {"Node Type": "Sort","Parallel Aware": false,"Async Capable": false,"Startup Cost": 178709.56,"Total Cost": 179490.82,"Plan Rows": 312505,"Plan Width": 44,"Actual Startup Time": 528.514,"Actual Total Time": 540.156,"Actual Rows": 11546,"Actual Loops": 1,"Sort Key": ["(sum((lineitem.l_extendedprice * ('1'::numeric - lineitem.l_discount)))) DESC", "orders.o_orderdate"],"Sort Method": "quicksort","Sort Space Used": 1106,"Sort Space Type": "Memory","Plans": [{"Node Type": "Aggregate","Strategy": "Hashed","Partial Mode": "Simple","Parent Relationship": "Outer","Parallel Aware": false,"Async Capable": false,"Startup Cost": 146281.67,"Total Cost": 150187.98,"Plan Rows": 312505,"Plan Width": 44,"Actual Startup Time": 506.011,"Actual Total Time": 532.093,"Actual Rows": 11546,"Actual Loops": 1,"Group Key": ["lineitem.l_orderkey", "orders.o_orderdate", "orders.o_shippriority"],"Planned Partitions": 0,"HashAgg Batches": 1,"Peak Memory Usage": 20497,"Disk Usage": 0,"Plans": [{"Node Type": "Gather","Parent Relationship": "Outer","Parallel Aware": false,"Async Capable": false,"Startup Cost": 5521.58,"Total Cost": 141594.09,"Plan Rows": 312505,"Plan Width": 24,"Actual Startup Time": 29.185,"Actual Total Time": 486.007,"Actual Rows": 30093,"Actual Loops": 1,"Workers Planned": 3,"Workers Launched": 3,"Single Copy": false,"Plans": [{"Node Type": "Nested Loop","Parent Relationship": "Outer","Parallel Aware": false,"Async Capable": false,"Join Type": "Inner","Startup Cost": 4521.58,"Total Cost": 109343.59,"Plan Rows": 100808,"Plan Width": 24,"Actual Startup Time": 22.378,"Actual Total Time": 489.559,"Actual Rows": 7523,"Actual Loops": 4,"Inner Unique": false,"Workers": [],"Plans": [{"Node Type": "Hash Join","Parent Relationship": "Outer","Parallel Aware": true,"Async Capable": false,"Join Type": "Inner","Startup Cost": 4521.15,"Total Cost": 37291.45,"Plan Rows": 47349,"Plan Width": 12,"Actual Startup Time": 22.258,"Actual Total Time": 205.707,"Actual Rows": 37275,"Actual Loops": 4,"Inner Unique": true,"Hash Cond": "(orders.o_custkey = customer.c_custkey)","Workers": [],"Plans": [{"Node Type": "Seq Scan","Parent Relationship": "Outer","Parallel Aware": true,"Async Capable": false,"Relation Name": "orders","Alias": "orders","Startup Cost": 0.00,"Total Cost": 32143.39,"Plan Rows": 238816,"Plan Width": 16,"Actual Startup Time": 0.008,"Actual Total Time": 138.108,"Actual Rows": 184291,"Actual Loops": 4,"Filter": "(o_orderdate < '1995-03-31'::date)","Rows Removed by Filter": 190709,"Workers": []},{"Node Type": "Hash","Parent Relationship": "Inner","Parallel Aware": true,"Async Capable": false,"Startup Cost": 4366.25,"Total Cost": 4366.25,"Plan Rows": 12392,"Plan Width": 4,"Actual Startup Time": 21.853,"Actual Total Time": 21.857,"Actual Rows": 7536,"Actual Loops": 4,"Hash Buckets": 32768,"Original Hash Buckets": 32768,"Hash Batches": 1,"Original Hash Batches": 1,"Peak Memory Usage": 1504,"Workers": [],"Plans": [{"Node Type": "Seq Scan","Parent Relationship": "Outer","Parallel Aware": true,"Async Capable": false,"Relation Name": "customer","Alias": "customer","Startup Cost": 0.00,"Total Cost": 4366.25,"Plan Rows": 12392,"Plan Width": 4,"Actual Startup Time": 0.031,"Actual Total Time": 18.871,"Actual Rows": 7536,"Actual Loops": 4,"Filter": "(c_mktsegment = 'BUILDING'::bpchar)","Rows Removed by Filter": 29964,"Workers": []}]}]},{"Node Type": "Index Scan","Parent Relationship": "Inner","Parallel Aware": false,"Async Capable": false,"Scan Direction": "Forward","Index Name": "idx_lineitem_orderkey","Relation Name": "lineitem","Alias": "lineitem","Startup Cost": 0.43,"Total Cost": 1.43,"Plan Rows": 9,"Plan Width": 16,"Actual Startup Time": 0.007,"Actual Total Time": 0.007,"Actual Rows": 0,"Actual Loops": 149101,"Index Cond": "(l_orderkey = orders.o_orderkey)","Rows Removed by Index Recheck": 0,"Filter": "(l_shipdate > '1995-03-31'::date)","Rows Removed by Filter": 4,"Workers": []}]}]}]}]},"Planning Time": 6.427,"Triggers": [],"Execution Time": 554.153}]
[{"Plan": {"Node Type": "Sort","Parallel Aware": false,"Async Capable": false,"Startup Cost": 179563.46,"Total Cost": 180351.20,"Plan Rows": 315095,"Plan Width": 44,"Actual Startup Time": 520.986,"Actual Total Time": 531.577,"Actual Rows": 11248,"Actual Loops": 1,"Sort Key": ["(sum((lineitem.l_extendedprice * ('1'::numeric - lineitem.l_discount)))) DESC", "orders.o_orderdate"],"Sort Method": "quicksort","Sort Space Used": 1088,"Sort Space Type": "Memory","Plans": [{"Node Type": "Aggregate","Strategy": "Hashed","Partial Mode": "Simple","Parent Relationship": "Outer","Parallel Aware": false,"Async Capable": false,"Startup Cost": 146848.05,"Total Cost": 150786.74,"Plan Rows": 315095,"Plan Width": 44,"Actual Startup Time": 498.766,"Actual Total Time": 523.789,"Actual Rows": 11248,"Actual Loops": 1,"Group Key": ["lineitem.l_orderkey", "orders.o_orderdate", "orders.o_shippriority"],"Planned Partitions": 0,"HashAgg Batches": 1,"Peak Memory Usage": 20497,"Disk Usage": 0,"Plans": [{"Node Type": "Gather","Parent Relationship": "Outer","Parallel Aware": false,"Async Capable": false,"Startup Cost": 5522.86,"Total Cost": 142121.62,"Plan Rows": 315095,"Plan Width": 24,"Actual Startup Time": 28.827,"Actual Total Time": 478.198,"Actual Rows": 29668,"Actual Loops": 1,"Workers Planned": 3,"Workers Launched": 3,"Single Copy": false,"Plans": [{"Node Type": "Nested Loop","Parent Relationship": "Outer","Parallel Aware": false,"Async Capable": false,"Join Type": "Inner","Startup Cost": 4522.86,"Total Cost": 109612.12,"Plan Rows": 101644,"Plan Width": 24,"Actual Startup Time": 22.067,"Actual Total Time": 482.603,"Actual Rows": 7417,"Actual Loops": 4,"Inner Unique": false,"Workers": [],"Plans": [{"Node Type": "Hash Join","Parent Relationship": "Outer","Parallel Aware": true,"Async Capable": false,"Join Type": "Inner","Startup Cost": 4522.43,"Total Cost": 37287.82,"Plan Rows": 47366,"Plan Width": 12,"Actual Startup Time": 21.808,"Actual Total Time": 206.021,"Actual Rows": 36518,"Actual Loops": 4,"Inner Unique": true,"Hash Cond": "(orders.o_custkey = customer.c_custkey)","Workers": [],"Plans": [{"Node Type": "Seq Scan","Parent Relationship": "Outer","Parallel Aware": true,"Async Capable": false,"Relation Name": "orders","Alias": "orders","Startup Cost": 0.00,"Total Cost": 32143.39,"Plan Rows": 236947,"Plan Width": 16,"Actual Startup Time": 0.010,"Actual Total Time": 138.716,"Actual Rows": 182920,"Actual Loops": 4,"Filter": "(o_orderdate < '1995-03-22'::date)","Rows Removed by Filter": 192080,"Workers": []},{"Node Type": "Hash","Parent Relationship": "Inner","Parallel Aware": true,"Async Capable": false,"Startup Cost": 4366.25,"Total Cost": 4366.25,"Plan Rows": 12494,"Plan Width": 4,"Actual Startup Time": 21.393,"Actual Total Time": 21.397,"Actual Rows": 7487,"Actual Loops": 4,"Hash Buckets": 32768,"Original Hash Buckets": 32768,"Hash Batches": 1,"Original Hash Batches": 1,"Peak Memory Usage": 1504,"Workers": [],"Plans": [{"Node Type": "Seq Scan","Parent Relationship": "Outer","Parallel Aware": true,"Async Capable": false,"Relation Name": "customer","Alias": "customer","Startup Cost": 0.00,"Total Cost": 4366.25,"Plan Rows": 12494,"Plan Width": 4,"Actual Startup Time": 0.037,"Actual Total Time": 18.337,"Actual Rows": 7487,"Actual Loops": 4,"Filter": "(c_mktsegment = 'MACHINERY'::bpchar)","Rows Removed by Filter": 30013,"Workers": []}]}]},{"Node Type": "Index Scan","Parent Relationship": "Inner","Parallel Aware": false,"Async Capable": false,"Scan Direction": "Forward","Index Name": "idx_lineitem_orderkey","Relation Name": "lineitem","Alias": "lineitem","Startup Cost": 0.43,"Total Cost": 1.44,"Plan Rows": 9,"Plan Width": 16,"Actual Startup Time": 0.007,"Actual Total Time": 0.007,"Actual Rows": 0,"Actual Loops": 146072,"Index Cond": "(l_orderkey = orders.o_orderkey)","Rows Removed by Index Recheck": 0,"Filter": "(l_shipdate > '1995-03-22'::date)","Rows Removed by Filter": 4,"Workers": []}]}]}]}]},"Planning Time": 6.610,"Triggers": [],"Execution Time": 544.826}]
[{"Plan": {"Node Type": "Sort","Parallel Aware": false,"Async Capable": false,"Startup Cost": 182408.10,"Total Cost": 183212.89,"Plan Rows": 321918,"Plan Width": 44,"Actual Startup Time": 514.491,"Actual Total Time": 524.768,"Actual Rows": 11402,"Actual Loops": 1,"Sort Key": ["(sum((lineitem.l_extendedprice * ('1'::numeric - lineitem.l_discount)))) DESC", "orders.o_orderdate"],"Sort Method": "quicksort","Sort Space Used": 1097,"Sort Space Type": "Memory","Plans": [{"Node Type": "Aggregate","Strategy": "Hashed","Partial Mode": "Simple","Parent Relationship": "Outer","Parallel Aware": false,"Async Capable": false,"Startup Cost": 148934.53,"Total Cost": 152958.50,"Plan Rows": 321918,"Plan Width": 44,"Actual Startup Time": 492.432,"Actual Total Time": 517.737,"Actual Rows": 11402,"Actual Loops": 1,"Group Key": ["lineitem.l_orderkey", "orders.o_orderdate", "orders.o_shippriority"],"Planned Partitions": 0,"HashAgg Batches": 1,"Peak Memory Usage": 20497,"Disk Usage": 0,"Plans": [{"Node Type": "Gather","Parent Relationship": "Outer","Parallel Aware": false,"Async Capable": false,"Startup Cost": 5526.18,"Total Cost": 144105.76,"Plan Rows": 321918,"Plan Width": 24,"Actual Startup Time": 29.892,"Actual Total Time": 472.295,"Actual Rows": 30264,"Actual Loops": 1,"Workers Planned": 3,"Workers Launched": 3,"Single Copy": false,"Plans": [{"Node Type": "Nested Loop","Parent Relationship": "Outer","Parallel Aware": false,"Async Capable": false,"Join Type": "Inner","Startup Cost": 4526.18,"Total Cost": 110913.96,"Plan Rows": 103845,"Plan Width": 24,"Actual Startup Time": 22.810,"Actual Total Time": 476.203,"Actual Rows": 7566,"Actual Loops": 4,"Inner Unique": false,"Workers": [],"Plans": [{"Node Type": "Hash Join","Parent Relationship": "Outer","Parallel Aware": true,"Async Capable": false,"Join Type": "Inner","Startup Cost": 4525.75,"Total Cost": 37287.55,"Plan Rows": 48097,"Plan Width": 12,"Actual Startup Time": 22.588,"Actual Total Time": 202.520,"Actual Rows": 36284,"Actual Loops": 4,"Inner Unique": true,"Hash Cond": "(orders.o_custkey = customer.c_custkey)","Workers": [],"Plans": [{"Node Type": "Seq Scan","Parent Relationship": "Outer","Parallel Aware": true,"Async Capable": false,"Relation Name": "orders","Alias": "orders","Startup Cost": 0.00,"Total Cost": 32143.39,"Plan Rows": 235577,"Plan Width": 16,"Actual Startup Time": 0.015,"Actual Total Time": 134.414,"Actual Rows": 181826,"Actual Loops": 4,"Filter": "(o_orderdate < '1995-03-15'::date)","Rows Removed by Filter": 193174,"Workers": []},{"Node Type": "Hash","Parent Relationship": "Inner","Parallel Aware": true,"Async Capable": false,"Startup Cost": 4366.25,"Total Cost": 4366.25,"Plan Rows": 12760,"Plan Width": 4,"Actual Startup Time": 22.181,"Actual Total Time": 22.186,"Actual Rows": 7492,"Actual Loops": 4,"Hash Buckets": 32768,"Original Hash Buckets": 32768,"Hash Batches": 1,"Original Hash Batches": 1,"Peak Memory Usage": 1504,"Workers": [],"Plans": [{"Node Type": "Seq Scan","Parent Relationship": "Outer","Parallel Aware": true,"Async Capable": false,"Relation Name": "customer","Alias": "customer","Startup Cost": 0.00,"Total Cost": 4366.25,"Plan Rows": 12760,"Plan Width": 4,"Actual Startup Time": 0.034,"Actual Total Time": 19.162,"Actual Rows": 7492,"Actual Loops": 4,"Filter": "(c_mktsegment = 'FURNITURE'::bpchar)","Rows Removed by Filter": 30008,"Workers": []}]}]},{"Node Type": "Index Scan","Parent Relationship": "Inner","Parallel Aware": false,"Async Capable": false,"Scan Direction": "Forward","Index Name": "idx_lineitem_orderkey","Relation Name": "lineitem","Alias": "lineitem","Startup Cost": 0.43,"Total Cost": 1.44,"Plan Rows": 9,"Plan Width": 16,"Actual Startup Time": 0.007,"Actual Total Time": 0.007,"Actual Rows": 0,"Actual Loops": 145134,"Index Cond": "(l_orderkey = orders.o_orderkey)","Rows Removed by Index Recheck": 0,"Filter": "(l_shipdate > '1995-03-15'::date)","Rows Removed by Filter": 4,"Workers": []}]}]}]}]},"Planning Time": 6.237,"Triggers": [],"Execution Time": 538.090}]
[{"Plan": {"Node Type": "Sort","Parallel Aware": false,"Async Capable": false,"Startup Cost": 177753.19,"Total Cost": 178534.10,"Plan Rows": 312363,"Plan Width": 44,"Actual Startup Time": 523.457,"Actual Total Time": 534.343,"Actual Rows": 11628,"Actual Loops": 1,"Sort Key": ["(sum((lineitem.l_extendedprice * ('1'::numeric - lineitem.l_discount)))) DESC", "orders.o_orderdate"],"Sort Method": "quicksort","Sort Space Used": 1111,"Sort Space Type": "Memory","Plans": [{"Node Type": "Aggregate","Strategy": "Hashed","Partial Mode": "Simple","Parent Relationship": "Outer","Parallel Aware": false,"Async Capable": false,"Startup Cost": 145341.05,"Total Cost": 149245.59,"Plan Rows": 312363,"Plan Width": 44,"Actual Startup Time": 500.270,"Actual Total Time": 526.935,"Actual Rows": 11628,"Actual Loops": 1,"Group Key": ["lineitem.l_orderkey", "orders.o_orderdate", "orders.o_shippriority"],"Planned Partitions": 0,"HashAgg Batches": 1,"Peak Memory Usage": 20497,"Disk Usage": 0,"Plans": [{"Node Type": "Gather","Parent Relationship": "Outer","Parallel Aware": false,"Async Capable": false,"Startup Cost": 5521.58,"Total Cost": 140655.61,"Plan Rows": 312363,"Plan Width": 24,"Actual Startup Time": 30.236,"Actual Total Time": 479.199,"Actual Rows": 30604,"Actual Loops": 1,"Workers Planned": 3,"Workers Launched": 3,"Single Copy": false,"Plans": [{"Node Type": "Nested Loop","Parent Relationship": "Outer","Parallel Aware": false,"Async Capable": false,"Join Type": "Inner","Startup Cost": 4521.58,"Total Cost": 108419.31,"Plan Rows": 100762,"Plan Width": 24,"Actual Startup Time": 23.202,"Actual Total Time": 483.668,"Actual Rows": 7651,"Actual Loops": 4,"Inner Unique": false,"Workers": [],"Plans": [{"Node Type": "Hash Join","Parent Relationship": "Outer","Parallel Aware": true,"Async Capable": false,"Join Type": "Inner","Startup Cost": 4521.15,"Total Cost": 37277.46,"Plan Rows": 46293,"Plan Width": 12,"Actual Startup Time": 23.018,"Actual Total Time": 206.800,"Actual Rows": 36488,"Actual Loops": 4,"Inner Unique": true,"Hash Cond": "(orders.o_custkey = customer.c_custkey)","Workers": [],"Plans": [{"Node Type": "Seq Scan","Parent Relationship": "Outer","Parallel Aware": true,"Async Capable": false,"Relation Name": "orders","Alias": "orders","Startup Cost": 0.00,"Total Cost": 32143.39,"Plan Rows": 233486,"Plan Width": 16,"Actual Startup Time": 0.016,"Actual Total Time": 137.698,"Actual Rows": 180414,"Actual Loops": 4,"Filter": "(o_orderdate < '1995-03-06'::date)","Rows Removed by Filter": 194586,"Workers": []},{"Node Type": "Hash","Parent Relationship": "Inner","Parallel Aware": true,"Async Capable": false,"Startup Cost": 4366.25,"Total Cost": 4366.25,"Plan Rows": 12392,"Plan Width": 4,"Actual Startup Time": 22.547,"Actual Total Time": 22.550,"Actual Rows": 7536,"Actual Loops": 4,"Hash Buckets": 32768,"Original Hash Buckets": 32768,"Hash Batches": 1,"Original Hash Batches": 1,"Peak Memory Usage": 1504,"Workers": [],"Plans": [{"Node Type": "Seq Scan","Parent Relationship": "Outer","Parallel Aware": true,"Async Capable": false,"Relation Name": "customer","Alias": "customer","Startup Cost": 0.00,"Total Cost": 4366.25,"Plan Rows": 12392,"Plan Width": 4,"Actual Startup Time": 0.042,"Actual Total Time": 19.442,"Actual Rows": 7536,"Actual Loops": 4,"Filter": "(c_mktsegment = 'BUILDING'::bpchar)","Rows Removed by Filter": 29964,"Workers": []}]}]},{"Node Type": "Index Scan","Parent Relationship": "Inner","Parallel Aware": false,"Async Capable": false,"Scan Direction": "Forward","Index Name": "idx_lineitem_orderkey","Relation Name": "lineitem","Alias": "lineitem","Startup Cost": 0.43,"Total Cost": 1.45,"Plan Rows": 9,"Plan Width": 16,"Actual Startup Time": 0.007,"Actual Total Time": 0.007,"Actual Rows": 0,"Actual Loops": 145950,"Index Cond": "(l_orderkey = orders.o_orderkey)","Rows Removed by Index Recheck": 0,"Filter": "(l_shipdate > '1995-03-06'::date)","Rows Removed by Filter": 4,"Workers": []}]}]}]}]},"Planning Time": 6.304,"Triggers": [],"Execution Time": 548.235}]
[{"Plan": {"Node Type": "Sort","Parallel Aware": false,"Async Capable": false,"Startup Cost": 182667.65,"Total Cost": 183472.20,"Plan Rows": 321820,"Plan Width": 44,"Actual Startup Time": 543.744,"Actual Total Time": 552.991,"Actual Rows": 11462,"Actual Loops": 1,"Sort Key": ["(sum((lineitem.l_extendedprice * ('1'::numeric - lineitem.l_discount)))) DESC", "orders.o_orderdate"],"Sort Method": "quicksort","Sort Space Used": 1101,"Sort Space Type": "Memory","Plans": [{"Node Type": "Aggregate","Strategy": "Hashed","Partial Mode": "Simple","Parent Relationship": "Outer","Parallel Aware": false,"Async Capable": false,"Startup Cost": 149204.98,"Total Cost": 153227.73,"Plan Rows": 321820,"Plan Width": 44,"Actual Startup Time": 521.129,"Actual Total Time": 544.581,"Actual Rows": 11462,"Actual Loops": 1,"Group Key": ["lineitem.l_orderkey", "orders.o_orderdate", "orders.o_shippriority"],"Planned Partitions": 0,"HashAgg Batches": 1,"Peak Memory Usage": 20497,"Disk Usage": 0,"Plans": [{"Node Type": "Gather","Parent Relationship": "Outer","Parallel Aware": false,"Async Capable": false,"Startup Cost": 5526.18,"Total Cost": 144377.68,"Plan Rows": 321820,"Plan Width": 24,"Actual Startup Time": 32.860,"Actual Total Time": 495.078,"Actual Rows": 30397,"Actual Loops": 1,"Workers Planned": 3,"Workers Launched": 3,"Single Copy": false,"Plans": [{"Node Type": "Nested Loop","Parent Relationship": "Outer","Parallel Aware": false,"Async Capable": false,"Join Type": "Inner","Startup Cost": 4526.18,"Total Cost": 111195.68,"Plan Rows": 103813,"Plan Width": 24,"Actual Startup Time": 25.980,"Actual Total Time": 503.540,"Actual Rows": 7599,"Actual Loops": 4,"Inner Unique": false,"Workers": [],"Plans": [{"Node Type": "Hash Join","Parent Relationship": "Outer","Parallel Aware": true,"Async Capable": false,"Join Type": "Inner","Startup Cost": 4525.75,"Total Cost": 37291.69,"Plan Rows": 48419,"Plan Width": 12,"Actual Startup Time": 25.732,"Actual Total Time": 221.977,"Actual Rows": 36540,"Actual Loops": 4,"Inner Unique": true,"Hash Cond": "(orders.o_custkey = customer.c_custkey)","Workers": [],"Plans": [{"Node Type": "Seq Scan","Parent Relationship": "Outer","Parallel Aware": true,"Async Capable": false,"Relation Name": "orders","Alias": "orders","Startup Cost": 0.00,"Total Cost": 32143.39,"Plan Rows": 237155,"Plan Width": 16,"Actual Startup Time": 0.009,"Actual Total Time": 144.265,"Actual Rows": 183072,"Actual Loops": 4,"Filter": "(o_orderdate < '1995-03-23'::date)","Rows Removed by Filter": 191928,"Workers": []},{"Node Type": "Hash","Parent Relationship": "Inner","Parallel Aware": true,"Async Capable": false,"Startup Cost": 4366.25,"Total Cost": 4366.25,"Plan Rows": 12760,"Plan Width": 4,"Actual Startup Time": 25.309,"Actual Total Time": 25.314,"Actual Rows": 7492,"Actual Loops": 4,"Hash Buckets": 32768,"Original Hash Buckets": 32768,"Hash Batches": 1,"Original Hash Batches": 1,"Peak Memory Usage": 1504,"Workers": [],"Plans": [{"Node Type": "Seq Scan","Parent Relationship": "Outer","Parallel Aware": true,"Async Capable": false,"Relation Name": "customer","Alias": "customer","Startup Cost": 0.00,"Total Cost": 4366.25,"Plan Rows": 12760,"Plan Width": 4,"Actual Startup Time": 0.040,"Actual Total Time": 21.463,"Actual Rows": 7492,"Actual Loops": 4,"Filter": "(c_mktsegment = 'FURNITURE'::bpchar)","Rows Removed by Filter": 30008,"Workers": []}]}]},{"Node Type": "Index Scan","Parent Relationship": "Inner","Parallel Aware": false,"Async Capable": false,"Scan Direction": "Forward","Index Name": "idx_lineitem_orderkey","Relation Name": "lineitem","Alias": "lineitem","Startup Cost": 0.43,"Total Cost": 1.44,"Plan Rows": 9,"Plan Width": 16,"Actual Startup Time": 0.007,"Actual Total Time": 0.007,"Actual Rows": 0,"Actual Loops": 146161,"Index Cond": "(l_orderkey = orders.o_orderkey)","Rows Removed by Index Recheck": 0,"Filter": "(l_shipdate > '1995-03-23'::date)","Rows Removed by Filter": 4,"Workers": []}]}]}]}]},"Planning Time": 5.414,"Triggers": [],"Execution Time": 565.758}]
[{"Plan": {"Node Type": "Sort","Parallel Aware": false,"Async Capable": false,"Startup Cost": 182592.89,"Total Cost": 183397.43,"Plan Rows": 321819,"Plan Width": 44,"Actual Startup Time": 475.105,"Actual Total Time": 484.133,"Actual Rows": 11438,"Actual Loops": 1,"Sort Key": ["(sum((lineitem.l_extendedprice * ('1'::numeric - lineitem.l_discount)))) DESC", "orders.o_orderdate"],"Sort Method": "quicksort","Sort Space Used": 1099,"Sort Space Type": "Memory","Plans": [{"Node Type": "Aggregate","Strategy": "Hashed","Partial Mode": "Simple","Parent Relationship": "Outer","Parallel Aware": false,"Async Capable": false,"Startup Cost": 149130.32,"Total Cost": 153153.06,"Plan Rows": 321819,"Plan Width": 44,"Actual Startup Time": 452.613,"Actual Total Time": 476.808,"Actual Rows": 11438,"Actual Loops": 1,"Group Key": ["lineitem.l_orderkey", "orders.o_orderdate", "orders.o_shippriority"],"Planned Partitions": 0,"HashAgg Batches": 1,"Peak Memory Usage": 20497,"Disk Usage": 0,"Plans": [{"Node Type": "Gather","Parent Relationship": "Outer","Parallel Aware": false,"Async Capable": false,"Startup Cost": 5526.18,"Total Cost": 144303.04,"Plan Rows": 321819,"Plan Width": 24,"Actual Startup Time": 30.754,"Actual Total Time": 429.259,"Actual Rows": 30322,"Actual Loops": 1,"Workers Planned": 3,"Workers Launched": 3,"Single Copy": false,"Plans": [{"Node Type": "Nested Loop","Parent Relationship": "Outer","Parallel Aware": false,"Async Capable": false,"Join Type": "Inner","Startup Cost": 4526.18,"Total Cost": 111121.14,"Plan Rows": 103813,"Plan Width": 24,"Actual Startup Time": 23.702,"Actual Total Time": 435.646,"Actual Rows": 7580,"Actual Loops": 4,"Inner Unique": false,"Workers": [],"Plans": [{"Node Type": "Hash Join","Parent Relationship": "Outer","Parallel Aware": true,"Async Capable": false,"Join Type": "Inner","Startup Cost": 4525.75,"Total Cost": 37290.60,"Plan Rows": 48334,"Plan Width": 12,"Actual Startup Time": 23.486,"Actual Total Time": 196.938,"Actual Rows": 36476,"Actual Loops": 4,"Inner Unique": true,"Hash Cond": "(orders.o_custkey = customer.c_custkey)","Workers": [],"Plans": [{"Node Type": "Seq Scan","Parent Relationship": "Outer","Parallel Aware": true,"Async Capable": false,"Relation Name": "orders","Alias": "orders","Startup Cost": 0.00,"Total Cost": 32143.39,"Plan Rows": 236740,"Plan Width": 16,"Actual Startup Time": 0.040,"Actual Total Time": 105.876,"Actual Rows": 182768,"Actual Loops": 4,"Filter": "(o_orderdate < '1995-03-21'::date)","Rows Removed by Filter": 192232,"Workers": []},{"Node Type": "Hash","Parent Relationship": "Inner","Parallel Aware": true,"Async Capable": false,"Startup Cost": 4366.25,"Total Cost": 4366.25,"Plan Rows": 12760,"Plan Width": 4,"Actual Startup Time": 23.010,"Actual Total Time": 23.017,"Actual Rows": 7492,"Actual Loops": 4,"Hash Buckets": 32768,"Original Hash Buckets": 32768,"Hash Batches": 1,"Original Hash Batches": 1,"Peak Memory Usage": 1504,"Workers": [],"Plans": [{"Node Type": "Seq Scan","Parent Relationship": "Outer","Parallel Aware": true,"Async Capable": false,"Relation Name": "customer","Alias": "customer","Startup Cost": 0.00,"Total Cost": 4366.25,"Plan Rows": 12760,"Plan Width": 4,"Actual Startup Time": 0.081,"Actual Total Time": 19.478,"Actual Rows": 7492,"Actual Loops": 4,"Filter": "(c_mktsegment = 'FURNITURE'::bpchar)","Rows Removed by Filter": 30008,"Workers": []}]}]},{"Node Type": "Index Scan","Parent Relationship": "Inner","Parallel Aware": false,"Async Capable": false,"Scan Direction": "Forward","Index Name": "idx_lineitem_orderkey","Relation Name": "lineitem","Alias": "lineitem","Startup Cost": 0.43,"Total Cost": 1.44,"Plan Rows": 9,"Plan Width": 16,"Actual Startup Time": 0.006,"Actual Total Time": 0.006,"Actual Rows": 0,"Actual Loops": 145902,"Index Cond": "(l_orderkey = orders.o_orderkey)","Rows Removed by Index Recheck": 0,"Filter": "(l_shipdate > '1995-03-21'::date)","Rows Removed by Filter": 4,"Workers": []}]}]}]}]},"Planning Time": 7.416,"Triggers": [],"Execution Time": 497.778}]
[{"Plan": {"Node Type": "Sort","Parallel Aware": false,"Async Capable": false,"Startup Cost": 177898.35,"Total Cost": 178677.16,"Plan Rows": 311522,"Plan Width": 44,"Actual Startup Time": 544.402,"Actual Total Time": 554.531,"Actual Rows": 11490,"Actual Loops": 1,"Sort Key": ["(sum((lineitem.l_extendedprice * ('1'::numeric - lineitem.l_discount)))) DESC", "orders.o_orderdate"],"Sort Method": "quicksort","Sort Space Used": 1103,"Sort Space Type": "Memory","Plans": [{"Node Type": "Aggregate","Strategy": "Hashed","Partial Mode": "Simple","Parent Relationship": "Outer","Parallel Aware": false,"Async Capable": false,"Startup Cost": 145579.54,"Total Cost": 149473.57,"Plan Rows": 311522,"Plan Width": 44,"Actual Startup Time": 521.900,"Actual Total Time": 546.210,"Actual Rows": 11490,"Actual Loops": 1,"Group Key": ["lineitem.l_orderkey", "orders.o_orderdate", "orders.o_shippriority"],"Planned Partitions": 0,"HashAgg Batches": 1,"Peak Memory Usage": 20497,"Disk Usage": 0,"Plans": [{"Node Type": "Gather","Parent Relationship": "Outer","Parallel Aware": false,"Async Capable": false,"Startup Cost": 5521.08,"Total Cost": 140906.71,"Plan Rows": 311522,"Plan Width": 24,"Actual Startup Time": 33.401,"Actual Total Time": 499.784,"Actual Rows": 30281,"Actual Loops": 1,"Workers Planned": 3,"Workers Launched": 3,"Single Copy": false,"Plans": [{"Node Type": "Nested Loop","Parent Relationship": "Outer","Parallel Aware": false,"Async Capable": false,"Join Type": "Inner","Startup Cost": 4521.08,"Total Cost": 108754.51,"Plan Rows": 100491,"Plan Width": 24,"Actual Startup Time": 26.228,"Actual Total Time": 505.023,"Actual Rows": 7570,"Actual Loops": 4,"Inner Unique": false,"Workers": [],"Plans": [{"Node Type": "Hash Join","Parent Relationship": "Outer","Parallel Aware": true,"Async Capable": false,"Join Type": "Inner","Startup Cost": 4520.65,"Total Cost": 37285.50,"Plan Rows": 46788,"Plan Width": 12,"Actual Startup Time": 25.784,"Actual Total Time": 220.376,"Actual Rows": 36346,"Actual Loops": 4,"Inner Unique": true,"Hash Cond": "(orders.o_custkey = customer.c_custkey)","Workers": [],"Plans": [{"Node Type": "Seq Scan","Parent Relationship": "Outer","Parallel Aware": true,"Async Capable": false,"Relation Name": "orders","Alias": "orders","Startup Cost": 0.00,"Total Cost": 32143.39,"Plan Rows": 236740,"Plan Width": 16,"Actual Startup Time": 0.009,"Actual Total Time": 144.365,"Actual Rows": 182768,"Actual Loops": 4,"Filter": "(o_orderdate < '1995-03-21'::date)","Rows Removed by Filter": 192232,"Workers": []},{"Node Type": "Hash","Parent Relationship": "Inner","Parallel Aware": true,"Async Capable": false,"Startup Cost": 4366.25,"Total Cost": 4366.25,"Plan Rows": 12352,"Plan Width": 4,"Actual Startup Time": 25.325,"Actual Total Time": 25.329,"Actual Rows": 7438,"Actual Loops": 4,"Hash Buckets": 32768,"Original Hash Buckets": 32768,"Hash Batches": 1,"Original Hash Batches": 1,"Peak Memory Usage": 1504,"Workers": [],"Plans": [{"Node Type": "Seq Scan","Parent Relationship": "Outer","Parallel Aware": true,"Async Capable": false,"Relation Name": "customer","Alias": "customer","Startup Cost": 0.00,"Total Cost": 4366.25,"Plan Rows": 12352,"Plan Width": 4,"Actual Startup Time": 0.043,"Actual Total Time": 21.768,"Actual Rows": 7438,"Actual Loops": 4,"Filter": "(c_mktsegment = 'AUTOMOBILE'::bpchar)","Rows Removed by Filter": 30062,"Workers": []}]}]},{"Node Type": "Index Scan","Parent Relationship": "Inner","Parallel Aware": false,"Async Capable": false,"Scan Direction": "Forward","Index Name": "idx_lineitem_orderkey","Relation Name": "lineitem","Alias": "lineitem","Startup Cost": 0.43,"Total Cost": 1.44,"Plan Rows": 9,"Plan Width": 16,"Actual Startup Time": 0.007,"Actual Total Time": 0.008,"Actual Rows": 0,"Actual Loops": 145386,"Index Cond": "(l_orderkey = orders.o_orderkey)","Rows Removed by Index Recheck": 0,"Filter": "(l_shipdate > '1995-03-21'::date)","Rows Removed by Filter": 4,"Workers": []}]}]}]}]},"Planning Time": 6.282,"Triggers": [],"Execution Time": 569.554}]
[{"Plan": {"Node Type": "Sort","Parallel Aware": false,"Async Capable": false,"Startup Cost": 177244.60,"Total Cost": 178023.14,"Plan Rows": 311417,"Plan Width": 44,"Actual Startup Time": 513.309,"Actual Total Time": 523.046,"Actual Rows": 11422,"Actual Loops": 1,"Sort Key": ["(sum((lineitem.l_extendedprice * ('1'::numeric - lineitem.l_discount)))) DESC", "orders.o_orderdate"],"Sort Method": "quicksort","Sort Space Used": 1098,"Sort Space Type": "Memory","Plans": [{"Node Type": "Aggregate","Strategy": "Hashed","Partial Mode": "Simple","Parent Relationship": "Outer","Parallel Aware": false,"Async Capable": false,"Startup Cost": 144937.44,"Total Cost": 148830.15,"Plan Rows": 311417,"Plan Width": 44,"Actual Startup Time": 490.992,"Actual Total Time": 514.974,"Actual Rows": 11422,"Actual Loops": 1,"Group Key": ["lineitem.l_orderkey", "orders.o_orderdate", "orders.o_shippriority"],"Planned Partitions": 0,"HashAgg Batches": 1,"Peak Memory Usage": 20497,"Disk Usage": 0,"Plans": [{"Node Type": "Gather","Parent Relationship": "Outer","Parallel Aware": false,"Async Capable": false,"Startup Cost": 5521.08,"Total Cost": 140266.19,"Plan Rows": 311417,"Plan Width": 24,"Actual Startup Time": 29.840,"Actual Total Time": 469.495,"Actual Rows": 30241,"Actual Loops": 1,"Workers Planned": 3,"Workers Launched": 3,"Single Copy": false,"Plans": [{"Node Type": "Nested Loop","Parent Relationship": "Outer","Parallel Aware": false,"Async Capable": false,"Join Type": "Inner","Startup Cost": 4521.08,"Total Cost": 108124.49,"Plan Rows": 100457,"Plan Width": 24,"Actual Startup Time": 23.026,"Actual Total Time": 474.520,"Actual Rows": 7560,"Actual Loops": 4,"Inner Unique": false,"Workers": [],"Plans": [{"Node Type": "Hash Join","Parent Relationship": "Outer","Parallel Aware": true,"Async Capable": false,"Join Type": "Inner","Startup Cost": 4520.65,"Total Cost": 37275.96,"Plan Rows": 46069,"Plan Width": 12,"Actual Startup Time": 22.598,"Actual Total Time": 203.221,"Actual Rows": 35816,"Actual Loops": 4,"Inner Unique": true,"Hash Cond": "(orders.o_custkey = customer.c_custkey)","Workers": [],"Plans": [{"Node Type": "Seq Scan","Parent Relationship": "Outer","Parallel Aware": true,"Async Capable": false,"Relation Name": "orders","Alias": "orders","Startup Cost": 0.00,"Total Cost": 32143.39,"Plan Rows": 233104,"Plan Width": 16,"Actual Startup Time": 0.011,"Actual Total Time": 135.926,"Actual Rows": 180099,"Actual Loops": 4,"Filter": "(o_orderdate < '1995-03-04'::date)","Rows Removed by Filter": 194901,"Workers": []},{"Node Type": "Hash","Parent Relationship": "Inner","Parallel Aware": true,"Async Capable": false,"Startup Cost": 4366.25,"Total Cost": 4366.25,"Plan Rows": 12352,"Plan Width": 4,"Actual Startup Time": 22.132,"Actual Total Time": 22.136,"Actual Rows": 7438,"Actual Loops": 4,"Hash Buckets": 32768,"Original Hash Buckets": 32768,"Hash Batches": 1,"Original Hash Batches": 1,"Peak Memory Usage": 1472,"Workers": [],"Plans": [{"Node Type": "Seq Scan","Parent Relationship": "Outer","Parallel Aware": true,"Async Capable": false,"Relation Name": "customer","Alias": "customer","Startup Cost": 0.00,"Total Cost": 4366.25,"Plan Rows": 12352,"Plan Width": 4,"Actual Startup Time": 0.028,"Actual Total Time": 19.170,"Actual Rows": 7438,"Actual Loops": 4,"Filter": "(c_mktsegment = 'AUTOMOBILE'::bpchar)","Rows Removed by Filter": 30062,"Workers": []}]}]},{"Node Type": "Index Scan","Parent Relationship": "Inner","Parallel Aware": false,"Async Capable": false,"Scan Direction": "Forward","Index Name": "idx_lineitem_orderkey","Relation Name": "lineitem","Alias": "lineitem","Startup Cost": 0.43,"Total Cost": 1.45,"Plan Rows": 9,"Plan Width": 16,"Actual Startup Time": 0.007,"Actual Total Time": 0.007,"Actual Rows": 0,"Actual Loops": 143266,"Index Cond": "(l_orderkey = orders.o_orderkey)","Rows Removed by Index Recheck": 0,"Filter": "(l_shipdate > '1995-03-04'::date)","Rows Removed by Filter": 4,"Workers": []}]}]}]}]},"Planning Time": 5.319,"Triggers": [],"Execution Time": 536.682}]
[{"Plan": {"Node Type": "Sort","Parallel Aware": false,"Async Capable": false,"Startup Cost": 182030.53,"Total Cost": 182834.53,"Plan Rows": 321600,"Plan Width": 44,"Actual Startup Time": 529.958,"Actual Total Time": 540.090,"Actual Rows": 11408,"Actual Loops": 1,"Sort Key": ["(sum((lineitem.l_extendedprice * ('1'::numeric - lineitem.l_discount)))) DESC", "orders.o_orderdate"],"Sort Method": "quicksort","Sort Space Used": 1098,"Sort Space Type": "Memory","Plans": [{"Node Type": "Aggregate","Strategy": "Hashed","Partial Mode": "Simple","Parent Relationship": "Outer","Parallel Aware": false,"Async Capable": false,"Startup Cost": 148592.31,"Total Cost": 152612.31,"Plan Rows": 321600,"Plan Width": 44,"Actual Startup Time": 507.268,"Actual Total Time": 531.793,"Actual Rows": 11408,"Actual Loops": 1,"Group Key": ["lineitem.l_orderkey", "orders.o_orderdate", "orders.o_shippriority"],"Planned Partitions": 0,"HashAgg Batches": 1,"Peak Memory Usage": 20497,"Disk Usage": 0,"Plans": [{"Node Type": "Gather","Parent Relationship": "Outer","Parallel Aware": false,"Async Capable": false,"Startup Cost": 5526.18,"Total Cost": 143768.31,"Plan Rows": 321600,"Plan Width": 24,"Actual Startup Time": 34.758,"Actual Total Time": 485.992,"Actual Rows": 30237,"Actual Loops": 1,"Workers Planned": 3,"Workers Launched": 3,"Single Copy": false,"Plans": [{"Node Type": "Nested Loop","Parent Relationship": "Outer","Parallel Aware": false,"Async Capable": false,"Join Type": "Inner","Startup Cost": 4526.18,"Total Cost": 110608.31,"Plan Rows": 103742,"Plan Width": 24,"Actual Startup Time": 27.442,"Actual Total Time": 490.403,"Actual Rows": 7559,"Actual Loops": 4,"Inner Unique": false,"Workers": [],"Plans": [{"Node Type": "Hash Join","Parent Relationship": "Outer","Parallel Aware": true,"Async Capable": false,"Join Type": "Inner","Startup Cost": 4525.75,"Total Cost": 37283.06,"Plan Rows": 47748,"Plan Width": 12,"Actual Startup Time": 27.223,"Actual Total Time": 214.876,"Actual Rows": 36072,"Actual Loops": 4,"Inner Unique": true,"Hash Cond": "(orders.o_custkey = customer.c_custkey)","Workers": [],"Plans": [{"Node Type": "Seq Scan","Parent Relationship": "Outer","Parallel Aware": true,"Async Capable": false,"Relation Name": "orders","Alias": "orders","Startup Cost": 0.00,"Total Cost": 32143.39,"Plan Rows": 233868,"Plan Width": 16,"Actual Startup Time": 0.017,"Actual Total Time": 137.257,"Actual Rows": 180728,"Actual Loops": 4,"Filter": "(o_orderdate < '1995-03-08'::date)","Rows Removed by Filter": 194272,"Workers": []},{"Node Type": "Hash","Parent Relationship": "Inner","Parallel Aware": true,"Async Capable": false,"Startup Cost": 4366.25,"Total Cost": 4366.25,"Plan Rows": 12760,"Plan Width": 4,"Actual Startup Time": 26.708,"Actual Total Time": 26.713,"Actual Rows": 7492,"Actual Loops": 4,"Hash Buckets": 32768,"Original Hash Buckets": 32768,"Hash Batches": 1,"Original Hash Batches": 1,"Peak Memory Usage": 1504,"Workers": [],"Plans": [{"Node Type": "Seq Scan","Parent Relationship": "Outer","Parallel Aware": true,"Async Capable": false,"Relation Name": "customer","Alias": "customer","Startup Cost": 0.00,"Total Cost": 4366.25,"Plan Rows": 12760,"Plan Width": 4,"Actual Startup Time": 0.037,"Actual Total Time": 23.307,"Actual Rows": 7492,"Actual Loops": 4,"Filter": "(c_mktsegment = 'FURNITURE'::bpchar)","Rows Removed by Filter": 30008,"Workers": []}]}]},{"Node Type": "Index Scan","Parent Relationship": "Inner","Parallel Aware": false,"Async Capable": false,"Scan Direction": "Forward","Index Name": "idx_lineitem_orderkey","Relation Name": "lineitem","Alias": "lineitem","Startup Cost": 0.43,"Total Cost": 1.45,"Plan Rows": 9,"Plan Width": 16,"Actual Startup Time": 0.007,"Actual Total Time": 0.007,"Actual Rows": 0,"Actual Loops": 144287,"Index Cond": "(l_orderkey = orders.o_orderkey)","Rows Removed by Index Recheck": 0,"Filter": "(l_shipdate > '1995-03-08'::date)","Rows Removed by Filter": 4,"Workers": []}]}]}]}]},"Planning Time": 6.191,"Triggers": [],"Execution Time": 553.696}]
[{"Plan": {"Node Type": "Sort","Parallel Aware": false,"Async Capable": false,"Startup Cost": 177805.71,"Total Cost": 178586.48,"Plan Rows": 312307,"Plan Width": 44,"Actual Startup Time": 532.813,"Actual Total Time": 543.394,"Actual Rows": 11609,"Actual Loops": 1,"Sort Key": ["(sum((lineitem.l_extendedprice * ('1'::numeric - lineitem.l_discount)))) DESC", "orders.o_orderdate"],"Sort Method": "quicksort","Sort Space Used": 1110,"Sort Space Type": "Memory","Plans": [{"Node Type": "Aggregate","Strategy": "Hashed","Partial Mode": "Simple","Parent Relationship": "Outer","Parallel Aware": false,"Async Capable": false,"Startup Cost": 145399.79,"Total Cost": 149303.63,"Plan Rows": 312307,"Plan Width": 44,"Actual Startup Time": 510.755,"Actual Total Time": 534.912,"Actual Rows": 11609,"Actual Loops": 1,"Group Key": ["lineitem.l_orderkey", "orders.o_orderdate", "orders.o_shippriority"],"Planned Partitions": 0,"HashAgg Batches": 1,"Peak Memory Usage": 20497,"Disk Usage": 0,"Plans": [{"Node Type": "Gather","Parent Relationship": "Outer","Parallel Aware": false,"Async Capable": false,"Startup Cost": 5521.58,"Total Cost": 140715.19,"Plan Rows": 312307,"Plan Width": 24,"Actual Startup Time": 32.128,"Actual Total Time": 489.531,"Actual Rows": 30497,"Actual Loops": 1,"Workers Planned": 3,"Workers Launched": 3,"Single Copy": false,"Plans": [{"Node Type": "Nested Loop","Parent Relationship": "Outer","Parallel Aware": false,"Async Capable": false,"Join Type": "Inner","Startup Cost": 4521.58,"Total Cost": 108484.49,"Plan Rows": 100744,"Plan Width": 24,"Actual Startup Time": 25.116,"Actual Total Time": 494.240,"Actual Rows": 7624,"Actual Loops": 4,"Inner Unique": false,"Workers": [],"Plans": [{"Node Type": "Hash Join","Parent Relationship": "Outer","Parallel Aware": true,"Async Capable": false,"Join Type": "Inner","Startup Cost": 4521.15,"Total Cost": 37278.46,"Plan Rows": 46368,"Plan Width": 12,"Actual Startup Time": 24.906,"Actual Total Time": 212.482,"Actual Rows": 36546,"Actual Loops": 4,"Inner Unique": true,"Hash Cond": "(orders.o_custkey = customer.c_custkey)","Workers": [],"Plans": [{"Node Type": "Seq Scan","Parent Relationship": "Outer","Parallel Aware": true,"Async Capable": false,"Relation Name": "orders","Alias": "orders","Startup Cost": 0.00,"Total Cost": 32143.39,"Plan Rows": 233868,"Plan Width": 16,"Actual Startup Time": 0.017,"Actual Total Time": 141.483,"Actual Rows": 180728,"Actual Loops": 4,"Filter": "(o_orderdate < '1995-03-08'::date)","Rows Removed by Filter": 194272,"Workers": []},{"Node Type": "Hash","Parent Relationship": "Inner","Parallel Aware": true,"Async Capable": false,"Startup Cost": 4366.25,"Total Cost": 4366.25,"Plan Rows": 12392,"Plan Width": 4,"Actual Startup Time": 24.426,"Actual Total Time": 24.431,"Actual Rows": 7536,"Actual Loops": 4,"Hash Buckets": 32768,"Original Hash Buckets": 32768,"Hash Batches": 1,"Original Hash Batches": 1,"Peak Memory Usage": 1536,"Workers": [],"Plans": [{"Node Type": "Seq Scan","Parent Relationship": "Outer","Parallel Aware": true,"Async Capable": false,"Relation Name": "customer","Alias": "customer","Startup Cost": 0.00,"Total Cost": 4366.25,"Plan Rows": 12392,"Plan Width": 4,"Actual Startup Time": 0.030,"Actual Total Time": 20.986,"Actual Rows": 7536,"Actual Loops": 4,"Filter": "(c_mktsegment = 'BUILDING'::bpchar)","Rows Removed by Filter": 29964,"Workers": []}]}]},{"Node Type": "Index Scan","Parent Relationship": "Inner","Parallel Aware": false,"Async Capable": false,"Scan Direction": "Forward","Index Name": "idx_lineitem_orderkey","Relation Name": "lineitem","Alias": "lineitem","Startup Cost": 0.43,"Total Cost": 1.45,"Plan Rows": 9,"Plan Width": 16,"Actual Startup Time": 0.007,"Actual Total Time": 0.007,"Actual Rows": 0,"Actual Loops": 146183,"Index Cond": "(l_orderkey = orders.o_orderkey)","Rows Removed by Index Recheck": 0,"Filter": "(l_shipdate > '1995-03-08'::date)","Rows Removed by Filter": 4,"Workers": []}]}]}]}]},"Planning Time": 6.176,"Triggers": [],"Execution Time": 556.933}]
[{"Plan": {"Node Type": "Sort","Parallel Aware": false,"Async Capable": false,"Startup Cost": 178709.56,"Total Cost": 179490.82,"Plan Rows": 312505,"Plan Width": 44,"Actual Startup Time": 528.514,"Actual Total Time": 540.156,"Actual Rows": 11546,"Actual Loops": 1,"Sort Key": ["(sum((lineitem.l_extendedprice * ('1'::numeric - lineitem.l_discount)))) DESC", "orders.o_orderdate"],"Sort Method": "quicksort","Sort Space Used": 1106,"Sort Space Type": "Memory","Plans": [{"Node Type": "Aggregate","Strategy": "Hashed","Partial Mode": "Simple","Parent Relationship": "Outer","Parallel Aware": false,"Async Capable": false,"Startup Cost": 146281.67,"Total Cost": 150187.98,"Plan Rows": 312505,"Plan Width": 44,"Actual Startup Time": 506.011,"Actual Total Time": 532.093,"Actual Rows": 11546,"Actual Loops": 1,"Group Key": ["lineitem.l_orderkey", "orders.o_orderdate", "orders.o_shippriority"],"Planned Partitions": 0,"HashAgg Batches": 1,"Peak Memory Usage": 20497,"Disk Usage": 0,"Plans": [{"Node Type": "Gather","Parent Relationship": "Outer","Parallel Aware": false,"Async Capable": false,"Startup Cost": 5521.58,"Total Cost": 141594.09,"Plan Rows": 312505,"Plan Width": 24,"Actual Startup Time": 29.185,"Actual Total Time": 486.007,"Actual Rows": 30093,"Actual Loops": 1,"Workers Planned": 3,"Workers Launched": 3,"Single Copy": false,"Plans": [{"Node Type": "Nested Loop","Parent Relationship": "Outer","Parallel Aware": false,"Async Capable": false,"Join Type": "Inner","Startup Cost": 4521.58,"Total Cost": 109343.59,"Plan Rows": 100808,"Plan Width": 24,"Actual Startup Time": 22.378,"Actual Total Time": 489.559,"Actual Rows": 7523,"Actual Loops": 4,"Inner Unique": false,"Workers": [],"Plans": [{"Node Type": "Hash Join","Parent Relationship": "Outer","Parallel Aware": true,"Async Capable": false,"Join Type": "Inner","Startup Cost": 4521.15,"Total Cost": 37291.45,"Plan Rows": 47349,"Plan Width": 12,"Actual Startup Time": 22.258,"Actual Total Time": 205.707,"Actual Rows": 37275,"Actual Loops": 4,"Inner Unique": true,"Hash Cond": "(orders.o_custkey = customer.c_custkey)","Workers": [],"Plans": [{"Node Type": "Seq Scan","Parent Relationship": "Outer","Parallel Aware": true,"Async Capable": false,"Relation Name": "orders","Alias": "orders","Startup Cost": 0.00,"Total Cost": 32143.39,"Plan Rows": 238816,"Plan Width": 16,"Actual Startup Time": 0.008,"Actual Total Time": 138.108,"Actual Rows": 184291,"Actual Loops": 4,"Filter": "(o_orderdate < '1995-03-31'::date)","Rows Removed by Filter": 190709,"Workers": []},{"Node Type": "Hash","Parent Relationship": "Inner","Parallel Aware": true,"Async Capable": false,"Startup Cost": 4366.25,"Total Cost": 4366.25,"Plan Rows": 12392,"Plan Width": 4,"Actual Startup Time": 21.853,"Actual Total Time": 21.857,"Actual Rows": 7536,"Actual Loops": 4,"Hash Buckets": 32768,"Original Hash Buckets": 32768,"Hash Batches": 1,"Original Hash Batches": 1,"Peak Memory Usage": 1504,"Workers": [],"Plans": [{"Node Type": "Seq Scan","Parent Relationship": "Outer","Parallel Aware": true,"Async Capable": false,"Relation Name": "customer","Alias": "customer","Startup Cost": 0.00,"Total Cost": 4366.25,"Plan Rows": 12392,"Plan Width": 4,"Actual Startup Time": 0.031,"Actual Total Time": 18.871,"Actual Rows": 7536,"Actual Loops": 4,"Filter": "(c_mktsegment = 'BUILDING'::bpchar)","Rows Removed by Filter": 29964,"Workers": []}]}]},{"Node Type": "Index Scan","Parent Relationship": "Inner","Parallel Aware": false,"Async Capable": false,"Scan Direction": "Forward","Index Name": "idx_lineitem_orderkey","Relation Name": "lineitem","Alias": "lineitem","Startup Cost": 0.43,"Total Cost": 1.43,"Plan Rows": 9,"Plan Width": 16,"Actual Startup Time": 0.007,"Actual Total Time": 0.007,"Actual Rows": 0,"Actual Loops": 149101,"Index Cond": "(l_orderkey = orders.o_orderkey)","Rows Removed by Index Recheck": 0,"Filter": "(l_shipdate > '1995-03-31'::date)","Rows Removed by Filter": 4,"Workers": []}]}]}]}]},"Planning Time": 6.427,"Triggers": [],"Execution Time": 554.153}]
[{"Plan": {"Node Type": "Sort","Parallel Aware": false,"Async Capable": false,"Startup Cost": 181891.75,"Total Cost": 182696.10,"Plan Rows": 321741,"Plan Width": 44,"Actual Startup Time": 534.949,"Actual Total Time": 545.735,"Actual Rows": 11416,"Actual Loops": 1,"Sort Key": ["(sum((lineitem.l_extendedprice * ('1'::numeric - lineitem.l_discount)))) DESC", "orders.o_orderdate"],"Sort Method": "quicksort","Sort Space Used": 1098,"Sort Space Type": "Memory","Plans": [{"Node Type": "Aggregate","Strategy": "Hashed","Partial Mode": "Simple","Parent Relationship": "Outer","Parallel Aware": false,"Async Capable": false,"Startup Cost": 148437.86,"Total Cost": 152459.62,"Plan Rows": 321741,"Plan Width": 44,"Actual Startup Time": 512.702,"Actual Total Time": 537.482,"Actual Rows": 11416,"Actual Loops": 1,"Group Key": ["lineitem.l_orderkey", "orders.o_orderdate", "orders.o_shippriority"],"Planned Partitions": 0,"HashAgg Batches": 1,"Peak Memory Usage": 20497,"Disk Usage": 0,"Plans": [{"Node Type": "Gather","Parent Relationship": "Outer","Parallel Aware": false,"Async Capable": false,"Startup Cost": 5526.18,"Total Cost": 143611.74,"Plan Rows": 321741,"Plan Width": 24,"Actual Startup Time": 32.163,"Actual Total Time": 492.113,"Actual Rows": 30309,"Actual Loops": 1,"Workers Planned": 3,"Workers Launched": 3,"Single Copy": false,"Plans": [{"Node Type": "Nested Loop","Parent Relationship": "Outer","Parallel Aware": false,"Async Capable": false,"Join Type": "Inner","Startup Cost": 4526.18,"Total Cost": 110437.64,"Plan Rows": 103787,"Plan Width": 24,"Actual Startup Time": 24.927,"Actual Total Time": 495.608,"Actual Rows": 7577,"Actual Loops": 4,"Inner Unique": false,"Workers": [],"Plans": [{"Node Type": "Hash Join","Parent Relationship": "Outer","Parallel Aware": true,"Async Capable": false,"Join Type": "Inner","Startup Cost": 4525.75,"Total Cost": 37280.56,"Plan Rows": 47553,"Plan Width": 12,"Actual Startup Time": 24.658,"Actual Total Time": 214.694,"Actual Rows": 35915,"Actual Loops": 4,"Inner Unique": true,"Hash Cond": "(orders.o_custkey = customer.c_custkey)","Workers": [],"Plans": [{"Node Type": "Seq Scan","Parent Relationship": "Outer","Parallel Aware": true,"Async Capable": false,"Relation Name": "orders","Alias": "orders","Startup Cost": 0.00,"Total Cost": 32143.39,"Plan Rows": 232913,"Plan Width": 16,"Actual Startup Time": 0.013,"Actual Total Time": 140.708,"Actual Rows": 179945,"Actual Loops": 4,"Filter": "(o_orderdate < '1995-03-03'::date)","Rows Removed by Filter": 195055,"Workers": []},{"Node Type": "Hash","Parent Relationship": "Inner","Parallel Aware": true,"Async Capable": false,"Startup Cost": 4366.25,"Total Cost": 4366.25,"Plan Rows": 12760,"Plan Width": 4,"Actual Startup Time": 24.160,"Actual Total Time": 24.165,"Actual Rows": 7492,"Actual Loops": 4,"Hash Buckets": 32768,"Original Hash Buckets": 32768,"Hash Batches": 1,"Original Hash Batches": 1,"Peak Memory Usage": 1504,"Workers": [],"Plans": [{"Node Type": "Seq Scan","Parent Relationship": "Outer","Parallel Aware": true,"Async Capable": false,"Relation Name": "customer","Alias": "customer","Startup Cost": 0.00,"Total Cost": 4366.25,"Plan Rows": 12760,"Plan Width": 4,"Actual Startup Time": 0.043,"Actual Total Time": 20.649,"Actual Rows": 7492,"Actual Loops": 4,"Filter": "(c_mktsegment = 'FURNITURE'::bpchar)","Rows Removed by Filter": 30008,"Workers": []}]}]},{"Node Type": "Index Scan","Parent Relationship": "Inner","Parallel Aware": false,"Async Capable": false,"Scan Direction": "Forward","Index Name": "idx_lineitem_orderkey","Relation Name": "lineitem","Alias": "lineitem","Startup Cost": 0.43,"Total Cost": 1.45,"Plan Rows": 9,"Plan Width": 16,"Actual Startup Time": 0.007,"Actual Total Time": 0.008,"Actual Rows": 0,"Actual Loops": 143659,"Index Cond": "(l_orderkey = orders.o_orderkey)","Rows Removed by Index Recheck": 0,"Filter": "(l_shipdate > '1995-03-03'::date)","Rows Removed by Filter": 4,"Workers": []}]}]}]}]},"Planning Time": 4.951,"Triggers": [],"Execution Time": 559.274}]
[{"Plan": {"Node Type": "Sort","Parallel Aware": false,"Async Capable": false,"Startup Cost": 177970.11,"Total Cost": 178748.92,"Plan Rows": 311522,"Plan Width": 44,"Actual Startup Time": 514.350,"Actual Total Time": 525.063,"Actual Rows": 11451,"Actual Loops": 1,"Sort Key": ["(sum((lineitem.l_extendedprice * ('1'::numeric - lineitem.l_discount)))) DESC", "orders.o_orderdate"],"Sort Method": "quicksort","Sort Space Used": 1100,"Sort Space Type": "Memory","Plans": [{"Node Type": "Aggregate","Strategy": "Hashed","Partial Mode": "Simple","Parent Relationship": "Outer","Parallel Aware": false,"Async Capable": false,"Startup Cost": 145651.30,"Total Cost": 149545.33,"Plan Rows": 311522,"Plan Width": 44,"Actual Startup Time": 490.159,"Actual Total Time": 517.360,"Actual Rows": 11451,"Actual Loops": 1,"Group Key": ["lineitem.l_orderkey", "orders.o_orderdate", "orders.o_shippriority"],"Planned Partitions": 0,"HashAgg Batches": 1,"Peak Memory Usage": 20497,"Disk Usage": 0,"Plans": [{"Node Type": "Gather","Parent Relationship": "Outer","Parallel Aware": false,"Async Capable": false,"Startup Cost": 5521.08,"Total Cost": 140978.47,"Plan Rows": 311522,"Plan Width": 24,"Actual Startup Time": 30.358,"Actual Total Time": 470.399,"Actual Rows": 30172,"Actual Loops": 1,"Workers Planned": 3,"Workers Launched": 3,"Single Copy": false,"Plans": [{"Node Type": "Nested Loop","Parent Relationship": "Outer","Parallel Aware": false,"Async Capable": false,"Join Type": "Inner","Startup Cost": 4521.08,"Total Cost": 108826.27,"Plan Rows": 100491,"Plan Width": 24,"Actual Startup Time": 23.076,"Actual Total Time": 474.146,"Actual Rows": 7543,"Actual Loops": 4,"Inner Unique": false,"Workers": [],"Plans": [{"Node Type": "Hash Join","Parent Relationship": "Outer","Parallel Aware": true,"Async Capable": false,"Join Type": "Inner","Startup Cost": 4520.65,"Total Cost": 37286.59,"Plan Rows": 46870,"Plan Width": 12,"Actual Startup Time": 22.651,"Actual Total Time": 202.206,"Actual Rows": 36408,"Actual Loops": 4,"Inner Unique": true,"Hash Cond": "(orders.o_custkey = customer.c_custkey)","Workers": [],"Plans": [{"Node Type": "Seq Scan","Parent Relationship": "Outer","Parallel Aware": true,"Async Capable": false,"Relation Name": "orders","Alias": "orders","Startup Cost": 0.00,"Total Cost": 32143.39,"Plan Rows": 237155,"Plan Width": 16,"Actual Startup Time": 0.014,"Actual Total Time": 134.048,"Actual Rows": 183072,"Actual Loops": 4,"Filter": "(o_orderdate < '1995-03-23'::date)","Rows Removed by Filter": 191928,"Workers": []},{"Node Type": "Hash","Parent Relationship": "Inner","Parallel Aware": true,"Async Capable": false,"Startup Cost": 4366.25,"Total Cost": 4366.25,"Plan Rows": 12352,"Plan Width": 4,"Actual Startup Time": 22.209,"Actual Total Time": 22.212,"Actual Rows": 7438,"Actual Loops": 4,"Hash Buckets": 32768,"Original Hash Buckets": 32768,"Hash Batches": 1,"Original Hash Batches": 1,"Peak Memory Usage": 1504,"Workers": [],"Plans": [{"Node Type": "Seq Scan","Parent Relationship": "Outer","Parallel Aware": true,"Async Capable": false,"Relation Name": "customer","Alias": "customer","Startup Cost": 0.00,"Total Cost": 4366.25,"Plan Rows": 12352,"Plan Width": 4,"Actual Startup Time": 0.036,"Actual Total Time": 19.132,"Actual Rows": 7438,"Actual Loops": 4,"Filter": "(c_mktsegment = 'AUTOMOBILE'::bpchar)","Rows Removed by Filter": 30062,"Workers": []}]}]},{"Node Type": "Index Scan","Parent Relationship": "Inner","Parallel Aware": false,"Async Capable": false,"Scan Direction": "Forward","Index Name": "idx_lineitem_orderkey","Relation Name": "lineitem","Alias": "lineitem","Startup Cost": 0.43,"Total Cost": 1.44,"Plan Rows": 9,"Plan Width": 16,"Actual Startup Time": 0.007,"Actual Total Time": 0.007,"Actual Rows": 0,"Actual Loops": 145632,"Index Cond": "(l_orderkey = orders.o_orderkey)","Rows Removed by Index Recheck": 0,"Filter": "(l_shipdate > '1995-03-23'::date)","Rows Removed by Filter": 4,"Workers": []}]}]}]}]},"Planning Time": 5.292,"Triggers": [],"Execution Time": 539.091}]
[{"Plan": {"Node Type": "Sort","Parallel Aware": false,"Async Capable": false,"Startup Cost": 179528.29,"Total Cost": 180316.65,"Plan Rows": 315344,"Plan Width": 44,"Actual Startup Time": 520.119,"Actual Total Time": 529.996,"Actual Rows": 11418,"Actual Loops": 1,"Sort Key": ["(sum((lineitem.l_extendedprice * ('1'::numeric - lineitem.l_discount)))) DESC", "orders.o_orderdate"],"Sort Method": "quicksort","Sort Space Used": 1098,"Sort Space Type": "Memory","Plans": [{"Node Type": "Aggregate","Strategy": "Hashed","Partial Mode": "Simple","Parent Relationship": "Outer","Parallel Aware": false,"Async Capable": false,"Startup Cost": 146785.23,"Total Cost": 150727.03,"Plan Rows": 315344,"Plan Width": 44,"Actual Startup Time": 497.796,"Actual Total Time": 521.748,"Actual Rows": 11418,"Actual Loops": 1,"Group Key": ["lineitem.l_orderkey", "orders.o_orderdate", "orders.o_shippriority"],"Planned Partitions": 0,"HashAgg Batches": 1,"Peak Memory Usage": 20497,"Disk Usage": 0,"Plans": [{"Node Type": "Gather","Parent Relationship": "Outer","Parallel Aware": false,"Async Capable": false,"Startup Cost": 5522.96,"Total Cost": 142055.07,"Plan Rows": 315344,"Plan Width": 24,"Actual Startup Time": 29.605,"Actual Total Time": 475.929,"Actual Rows": 30273,"Actual Loops": 1,"Workers Planned": 3,"Workers Launched": 3,"Single Copy": false,"Plans": [{"Node Type": "Nested Loop","Parent Relationship": "Outer","Parallel Aware": false,"Async Capable": false,"Join Type": "Inner","Startup Cost": 4522.96,"Total Cost": 109520.67,"Plan Rows": 101724,"Plan Width": 24,"Actual Startup Time": 22.712,"Actual Total Time": 481.432,"Actual Rows": 7568,"Actual Loops": 4,"Inner Unique": false,"Workers": [],"Plans": [{"Node Type": "Hash Join","Parent Relationship": "Outer","Parallel Aware": true,"Async Capable": false,"Join Type": "Inner","Startup Cost": 4522.52,"Total Cost": 37285.83,"Plan Rows": 47238,"Plan Width": 12,"Actual Startup Time": 22.591,"Actual Total Time": 206.068,"Actual Rows": 36382,"Actual Loops": 4,"Inner Unique": true,"Hash Cond": "(orders.o_custkey = customer.c_custkey)","Workers": [],"Plans": [{"Node Type": "Seq Scan","Parent Relationship": "Outer","Parallel Aware": true,"Async Capable": false,"Relation Name": "orders","Alias": "orders","Startup Cost": 0.00,"Total Cost": 32143.39,"Plan Rows": 236150,"Plan Width": 16,"Actual Startup Time": 0.011,"Actual Total Time": 137.568,"Actual Rows": 182297,"Actual Loops": 4,"Filter": "(o_orderdate < '1995-03-18'::date)","Rows Removed by Filter": 192703,"Workers": []},{"Node Type": "Hash","Parent Relationship": "Inner","Parallel Aware": true,"Async Capable": false,"Startup Cost": 4366.25,"Total Cost": 4366.25,"Plan Rows": 12502,"Plan Width": 4,"Actual Startup Time": 22.130,"Actual Total Time": 22.133,"Actual Rows": 7547,"Actual Loops": 4,"Hash Buckets": 32768,"Original Hash Buckets": 32768,"Hash Batches": 1,"Original Hash Batches": 1,"Peak Memory Usage": 1472,"Workers": [],"Plans": [{"Node Type": "Seq Scan","Parent Relationship": "Outer","Parallel Aware": true,"Async Capable": false,"Relation Name": "customer","Alias": "customer","Startup Cost": 0.00,"Total Cost": 4366.25,"Plan Rows": 12502,"Plan Width": 4,"Actual Startup Time": 0.043,"Actual Total Time": 19.149,"Actual Rows": 7547,"Actual Loops": 4,"Filter": "(c_mktsegment = 'HOUSEHOLD'::bpchar)","Rows Removed by Filter": 29953,"Workers": []}]}]},{"Node Type": "Index Scan","Parent Relationship": "Inner","Parallel Aware": false,"Async Capable": false,"Scan Direction": "Forward","Index Name": "idx_lineitem_orderkey","Relation Name": "lineitem","Alias": "lineitem","Startup Cost": 0.43,"Total Cost": 1.44,"Plan Rows": 9,"Plan Width": 16,"Actual Startup Time": 0.007,"Actual Total Time": 0.007,"Actual Rows": 0,"Actual Loops": 145528,"Index Cond": "(l_orderkey = orders.o_orderkey)","Rows Removed by Index Recheck": 0,"Filter": "(l_shipdate > '1995-03-18'::date)","Rows Removed by Filter": 4,"Workers": []}]}]}]}]},"Planning Time": 5.362,"Triggers": [],"Execution Time": 542.743}]
[{"Plan": {"Node Type": "Sort","Parallel Aware": false,"Async Capable": false,"Startup Cost": 179108.73,"Total Cost": 179895.55,"Plan Rows": 314731,"Plan Width": 44,"Actual Startup Time": 513.466,"Actual Total Time": 524.920,"Actual Rows": 11292,"Actual Loops": 1,"Sort Key": ["(sum((lineitem.l_extendedprice * ('1'::numeric - lineitem.l_discount)))) DESC", "orders.o_orderdate"],"Sort Method": "quicksort","Sort Space Used": 1090,"Sort Space Type": "Memory","Plans": [{"Node Type": "Aggregate","Strategy": "Hashed","Partial Mode": "Simple","Parent Relationship": "Outer","Parallel Aware": false,"Async Capable": false,"Startup Cost": 146433.73,"Total Cost": 150367.87,"Plan Rows": 314731,"Plan Width": 44,"Actual Startup Time": 492.099,"Actual Total Time": 517.111,"Actual Rows": 11292,"Actual Loops": 1,"Group Key": ["lineitem.l_orderkey", "orders.o_orderdate", "orders.o_shippriority"],"Planned Partitions": 0,"HashAgg Batches": 1,"Peak Memory Usage": 20497,"Disk Usage": 0,"Plans": [{"Node Type": "Gather","Parent Relationship": "Outer","Parallel Aware": false,"Async Capable": false,"Startup Cost": 5522.86,"Total Cost": 141712.77,"Plan Rows": 314731,"Plan Width": 24,"Actual Startup Time": 29.959,"Actual Total Time": 472.293,"Actual Rows": 29873,"Actual Loops": 1,"Workers Planned": 3,"Workers Launched": 3,"Single Copy": false,"Plans": [{"Node Type": "Nested Loop","Parent Relationship": "Outer","Parallel Aware": false,"Async Capable": false,"Join Type": "Inner","Startup Cost": 4522.86,"Total Cost": 109239.67,"Plan Rows": 101526,"Plan Width": 24,"Actual Startup Time": 22.817,"Actual Total Time": 475.775,"Actual Rows": 7468,"Actual Loops": 4,"Inner Unique": false,"Workers": [],"Plans": [{"Node Type": "Hash Join","Parent Relationship": "Outer","Parallel Aware": true,"Async Capable": false,"Join Type": "Inner","Startup Cost": 4522.43,"Total Cost": 37282.25,"Plan Rows": 46941,"Plan Width": 12,"Actual Startup Time": 22.613,"Actual Total Time": 202.549,"Actual Rows": 36242,"Actual Loops": 4,"Inner Unique": true,"Hash Cond": "(orders.o_custkey = customer.c_custkey)","Workers": [],"Plans": [{"Node Type": "Seq Scan","Parent Relationship": "Outer","Parallel Aware": true,"Async Capable": false,"Relation Name": "orders","Alias": "orders","Startup Cost": 0.00,"Total Cost": 32143.39,"Plan Rows": 234824,"Plan Width": 16,"Actual Startup Time": 0.009,"Actual Total Time": 135.476,"Actual Rows": 181502,"Actual Loops": 4,"Filter": "(o_orderdate < '1995-03-13'::date)","Rows Removed by Filter": 193498,"Workers": []},{"Node Type": "Hash","Parent Relationship": "Inner","Parallel Aware": true,"Async Capable": false,"Startup Cost": 4366.25,"Total Cost": 4366.25,"Plan Rows": 12494,"Plan Width": 4,"Actual Startup Time": 22.148,"Actual Total Time": 22.153,"Actual Rows": 7487,"Actual Loops": 4,"Hash Buckets": 32768,"Original Hash Buckets": 32768,"Hash Batches": 1,"Original Hash Batches": 1,"Peak Memory Usage": 1504,"Workers": [],"Plans": [{"Node Type": "Seq Scan","Parent Relationship": "Outer","Parallel Aware": true,"Async Capable": false,"Relation Name": "customer","Alias": "customer","Startup Cost": 0.00,"Total Cost": 4366.25,"Plan Rows": 12494,"Plan Width": 4,"Actual Startup Time": 0.040,"Actual Total Time": 19.138,"Actual Rows": 7487,"Actual Loops": 4,"Filter": "(c_mktsegment = 'MACHINERY'::bpchar)","Rows Removed by Filter": 30013,"Workers": []}]}]},{"Node Type": "Index Scan","Parent Relationship": "Inner","Parallel Aware": false,"Async Capable": false,"Scan Direction": "Forward","Index Name": "idx_lineitem_orderkey","Relation Name": "lineitem","Alias": "lineitem","Startup Cost": 0.43,"Total Cost": 1.44,"Plan Rows": 9,"Plan Width": 16,"Actual Startup Time": 0.007,"Actual Total Time": 0.007,"Actual Rows": 0,"Actual Loops": 144969,"Index Cond": "(l_orderkey = orders.o_orderkey)","Rows Removed by Index Recheck": 0,"Filter": "(l_shipdate > '1995-03-13'::date)","Rows Removed by Filter": 4,"Workers": []}]}]}]}]},"Planning Time": 6.556,"Triggers": [],"Execution Time": 538.880}]
[{"Plan": {"Node Type": "Sort","Parallel Aware": false,"Async Capable": false,"Startup Cost": 178962.87,"Total Cost": 179750.87,"Plan Rows": 315201,"Plan Width": 44,"Actual Startup Time": 543.712,"Actual Total Time": 552.961,"Actual Rows": 11408,"Actual Loops": 1,"Sort Key": ["(sum((lineitem.l_extendedprice * ('1'::numeric - lineitem.l_discount)))) DESC", "orders.o_orderdate"],"Sort Method": "quicksort","Sort Space Used": 1098,"Sort Space Type": "Memory","Plans": [{"Node Type": "Aggregate","Strategy": "Hashed","Partial Mode": "Simple","Parent Relationship": "Outer","Parallel Aware": false,"Async Capable": false,"Startup Cost": 146235.69,"Total Cost": 150175.70,"Plan Rows": 315201,"Plan Width": 44,"Actual Startup Time": 520.648,"Actual Total Time": 544.418,"Actual Rows": 11408,"Actual Loops": 1,"Group Key": ["lineitem.l_orderkey", "orders.o_orderdate", "orders.o_shippriority"],"Planned Partitions": 0,"HashAgg Batches": 1,"Peak Memory Usage": 20497,"Disk Usage": 0,"Plans": [{"Node Type": "Gather","Parent Relationship": "Outer","Parallel Aware": false,"Async Capable": false,"Startup Cost": 5522.96,"Total Cost": 141507.67,"Plan Rows": 315201,"Plan Width": 24,"Actual Startup Time": 33.771,"Actual Total Time": 496.500,"Actual Rows": 30232,"Actual Loops": 1,"Workers Planned": 3,"Workers Launched": 3,"Single Copy": false,"Plans": [{"Node Type": "Nested Loop","Parent Relationship": "Outer","Parallel Aware": false,"Async Capable": false,"Join Type": "Inner","Startup Cost": 4522.96,"Total Cost": 108987.57,"Plan Rows": 101678,"Plan Width": 24,"Actual Startup Time": 26.491,"Actual Total Time": 503.301,"Actual Rows": 7558,"Actual Loops": 4,"Inner Unique": false,"Workers": [],"Plans": [{"Node Type": "Hash Join","Parent Relationship": "Outer","Parallel Aware": true,"Async Capable": false,"Join Type": "Inner","Startup Cost": 4522.52,"Total Cost": 37277.83,"Plan Rows": 46629,"Plan Width": 12,"Actual Startup Time": 26.323,"Actual Total Time": 222.550,"Actual Rows": 35938,"Actual Loops": 4,"Inner Unique": true,"Hash Cond": "(orders.o_custkey = customer.c_custkey)","Workers": [],"Plans": [{"Node Type": "Seq Scan","Parent Relationship": "Outer","Parallel Aware": true,"Async Capable": false,"Relation Name": "orders","Alias": "orders","Startup Cost": 0.00,"Total Cost": 32143.39,"Plan Rows": 233104,"Plan Width": 16,"Actual Startup Time": 0.012,"Actual Total Time": 145.882,"Actual Rows": 180099,"Actual Loops": 4,"Filter": "(o_orderdate < '1995-03-04'::date)","Rows Removed by Filter": 194901,"Workers": []},{"Node Type": "Hash","Parent Relationship": "Inner","Parallel Aware": true,"Async Capable": false,"Startup Cost": 4366.25,"Total Cost": 4366.25,"Plan Rows": 12502,"Plan Width": 4,"Actual Startup Time": 25.900,"Actual Total Time": 25.906,"Actual Rows": 7547,"Actual Loops": 4,"Hash Buckets": 32768,"Original Hash Buckets": 32768,"Hash Batches": 1,"Original Hash Batches": 1,"Peak Memory Usage": 1472,"Workers": [],"Plans": [{"Node Type": "Seq Scan","Parent Relationship": "Outer","Parallel Aware": true,"Async Capable": false,"Relation Name": "customer","Alias": "customer","Startup Cost": 0.00,"Total Cost": 4366.25,"Plan Rows": 12502,"Plan Width": 4,"Actual Startup Time": 0.026,"Actual Total Time": 22.580,"Actual Rows": 7547,"Actual Loops": 4,"Filter": "(c_mktsegment = 'HOUSEHOLD'::bpchar)","Rows Removed by Filter": 29953,"Workers": []}]}]},{"Node Type": "Index Scan","Parent Relationship": "Inner","Parallel Aware": false,"Async Capable": false,"Scan Direction": "Forward","Index Name": "idx_lineitem_orderkey","Relation Name": "lineitem","Alias": "lineitem","Startup Cost": 0.43,"Total Cost": 1.45,"Plan Rows": 9,"Plan Width": 16,"Actual Startup Time": 0.007,"Actual Total Time": 0.008,"Actual Rows": 0,"Actual Loops": 143751,"Index Cond": "(l_orderkey = orders.o_orderkey)","Rows Removed by Index Recheck": 0,"Filter": "(l_shipdate > '1995-03-04'::date)","Rows Removed by Filter": 4,"Workers": []}]}]}]}]},"Planning Time": 5.364,"Triggers": [],"Execution Time": 566.893}]
[{"Plan": {"Node Type": "Sort","Parallel Aware": false,"Async Capable": false,"Startup Cost": 179526.14,"Total Cost": 180313.88,"Plan Rows": 315094,"Plan Width": 44,"Actual Startup Time": 538.751,"Actual Total Time": 549.981,"Actual Rows": 11264,"Actual Loops": 1,"Sort Key": ["(sum((lineitem.l_extendedprice * ('1'::numeric - lineitem.l_discount)))) DESC", "orders.o_orderdate"],"Sort Method": "quicksort","Sort Space Used": 1089,"Sort Space Type": "Memory","Plans": [{"Node Type": "Aggregate","Strategy": "Hashed","Partial Mode": "Simple","Parent Relationship": "Outer","Parallel Aware": false,"Async Capable": false,"Startup Cost": 146810.84,"Total Cost": 150749.52,"Plan Rows": 315094,"Plan Width": 44,"Actual Startup Time": 516.842,"Actual Total Time": 542.019,"Actual Rows": 11264,"Actual Loops": 1,"Group Key": ["lineitem.l_orderkey", "orders.o_orderdate", "orders.o_shippriority"],"Planned Partitions": 0,"HashAgg Batches": 1,"Peak Memory Usage": 20497,"Disk Usage": 0,"Plans": [{"Node Type": "Gather","Parent Relationship": "Outer","Parallel Aware": false,"Async Capable": false,"Startup Cost": 5522.86,"Total Cost": 142084.43,"Plan Rows": 315094,"Plan Width": 24,"Actual Startup Time": 34.785,"Actual Total Time": 494.380,"Actual Rows": 29743,"Actual Loops": 1,"Workers Planned": 3,"Workers Launched": 3,"Single Copy": false,"Plans": [{"Node Type": "Nested Loop","Parent Relationship": "Outer","Parallel Aware": false,"Async Capable": false,"Join Type": "Inner","Startup Cost": 4522.86,"Total Cost": 109575.03,"Plan Rows": 101643,"Plan Width": 24,"Actual Startup Time": 27.932,"Actual Total Time": 500.050,"Actual Rows": 7436,"Actual Loops": 4,"Inner Unique": false,"Workers": [],"Plans": [{"Node Type": "Hash Join","Parent Relationship": "Outer","Parallel Aware": true,"Async Capable": false,"Join Type": "Inner","Startup Cost": 4522.43,"Total Cost": 37287.28,"Plan Rows": 47324,"Plan Width": 12,"Actual Startup Time": 27.587,"Actual Total Time": 221.088,"Actual Rows": 36492,"Actual Loops": 4,"Inner Unique": true,"Hash Cond": "(orders.o_custkey = customer.c_custkey)","Workers": [],"Plans": [{"Node Type": "Seq Scan","Parent Relationship": "Outer","Parallel Aware": true,"Async Capable": false,"Relation Name": "orders","Alias": "orders","Startup Cost": 0.00,"Total Cost": 32143.39,"Plan Rows": 236740,"Plan Width": 16,"Actual Startup Time": 0.011,"Actual Total Time": 140.922,"Actual Rows": 182768,"Actual Loops": 4,"Filter": "(o_orderdate < '1995-03-21'::date)","Rows Removed by Filter": 192232,"Workers": []},{"Node Type": "Hash","Parent Relationship": "Inner","Parallel Aware": true,"Async Capable": false,"Startup Cost": 4366.25,"Total Cost": 4366.25,"Plan Rows": 12494,"Plan Width": 4,"Actual Startup Time": 27.136,"Actual Total Time": 27.139,"Actual Rows": 7487,"Actual Loops": 4,"Hash Buckets": 32768,"Original Hash Buckets": 32768,"Hash Batches": 1,"Original Hash Batches": 1,"Peak Memory Usage": 1504,"Workers": [],"Plans": [{"Node Type": "Seq Scan","Parent Relationship": "Outer","Parallel Aware": true,"Async Capable": false,"Relation Name": "customer","Alias": "customer","Startup Cost": 0.00,"Total Cost": 4366.25,"Plan Rows": 12494,"Plan Width": 4,"Actual Startup Time": 0.049,"Actual Total Time": 23.466,"Actual Rows": 7487,"Actual Loops": 4,"Filter": "(c_mktsegment = 'MACHINERY'::bpchar)","Rows Removed by Filter": 30013,"Workers": []}]}]},{"Node Type": "Index Scan","Parent Relationship": "Inner","Parallel Aware": false,"Async Capable": false,"Scan Direction": "Forward","Index Name": "idx_lineitem_orderkey","Relation Name": "lineitem","Alias": "lineitem","Startup Cost": 0.43,"Total Cost": 1.44,"Plan Rows": 9,"Plan Width": 16,"Actual Startup Time": 0.007,"Actual Total Time": 0.007,"Actual Rows": 0,"Actual Loops": 145966,"Index Cond": "(l_orderkey = orders.o_orderkey)","Rows Removed by Index Recheck": 0,"Filter": "(l_shipdate > '1995-03-21'::date)","Rows Removed by Filter": 4,"Workers": []}]}]}]}]},"Planning Time": 7.025,"Triggers": [],"Execution Time": 561.444}]
[{"Plan": {"Node Type": "Sort","Parallel Aware": false,"Async Capable": false,"Startup Cost": 177406.42,"Total Cost": 178184.55,"Plan Rows": 311252,"Plan Width": 44,"Actual Startup Time": 537.136,"Actual Total Time": 543.104,"Actual Rows": 11506,"Actual Loops": 1,"Sort Key": ["(sum((lineitem.l_extendedprice * ('1'::numeric - lineitem.l_discount)))) DESC", "orders.o_orderdate"],"Sort Method": "quicksort","Sort Space Used": 1104,"Sort Space Type": "Memory","Plans": [{"Node Type": "Aggregate","Strategy": "Hashed","Partial Mode": "Simple","Parent Relationship": "Outer","Parallel Aware": false,"Async Capable": false,"Startup Cost": 145117.57,"Total Cost": 149008.22,"Plan Rows": 311252,"Plan Width": 44,"Actual Startup Time": 509.899,"Actual Total Time": 534.326,"Actual Rows": 11506,"Actual Loops": 1,"Group Key": ["lineitem.l_orderkey", "orders.o_orderdate", "orders.o_shippriority"],"Planned Partitions": 0,"HashAgg Batches": 1,"Peak Memory Usage": 20497,"Disk Usage": 0,"Plans": [{"Node Type": "Gather","Parent Relationship": "Outer","Parallel Aware": false,"Async Capable": false,"Startup Cost": 5521.08,"Total Cost": 140448.79,"Plan Rows": 311252,"Plan Width": 24,"Actual Startup Time": 29.926,"Actual Total Time": 479.414,"Actual Rows": 30350,"Actual Loops": 1,"Workers Planned": 3,"Workers Launched": 3,"Single Copy": false,"Plans": [{"Node Type": "Nested Loop","Parent Relationship": "Outer","Parallel Aware": false,"Async Capable": false,"Join Type": "Inner","Startup Cost": 4521.08,"Total Cost": 108323.59,"Plan Rows": 100404,"Plan Width": 24,"Actual Startup Time": 23.437,"Actual Total Time": 492.442,"Actual Rows": 7588,"Actual Loops": 4,"Inner Unique": false,"Workers": [],"Plans": [{"Node Type": "Hash Join","Parent Relationship": "Outer","Parallel Aware": true,"Async Capable": false,"Join Type": "Inner","Startup Cost": 4520.65,"Total Cost": 37278.97,"Plan Rows": 46296,"Plan Width": 12,"Actual Startup Time": 23.041,"Actual Total Time": 210.470,"Actual Rows": 36014,"Actual Loops": 4,"Inner Unique": true,"Hash Cond": "(orders.o_custkey = customer.c_custkey)","Workers": [],"Plans": [{"Node Type": "Seq Scan","Parent Relationship": "Outer","Parallel Aware": true,"Async Capable": false,"Relation Name": "orders","Alias": "orders","Startup Cost": 0.00,"Total Cost": 32143.39,"Plan Rows": 234250,"Plan Width": 16,"Actual Startup Time": 0.011,"Actual Total Time": 141.656,"Actual Rows": 181030,"Actual Loops": 4,"Filter": "(o_orderdate < '1995-03-10'::date)","Rows Removed by Filter": 193970,"Workers": []},{"Node Type": "Hash","Parent Relationship": "Inner","Parallel Aware": true,"Async Capable": false,"Startup Cost": 4366.25,"Total Cost": 4366.25,"Plan Rows": 12352,"Plan Width": 4,"Actual Startup Time": 22.598,"Actual Total Time": 22.604,"Actual Rows": 7438,"Actual Loops": 4,"Hash Buckets": 32768,"Original Hash Buckets": 32768,"Hash Batches": 1,"Original Hash Batches": 1,"Peak Memory Usage": 1472,"Workers": [],"Plans": [{"Node Type": "Seq Scan","Parent Relationship": "Outer","Parallel Aware": true,"Async Capable": false,"Relation Name": "customer","Alias": "customer","Startup Cost": 0.00,"Total Cost": 4366.25,"Plan Rows": 12352,"Plan Width": 4,"Actual Startup Time": 0.050,"Actual Total Time": 19.535,"Actual Rows": 7438,"Actual Loops": 4,"Filter": "(c_mktsegment = 'AUTOMOBILE'::bpchar)","Rows Removed by Filter": 30062,"Workers": []}]}]},{"Node Type": "Index Scan","Parent Relationship": "Inner","Parallel Aware": false,"Async Capable": false,"Scan Direction": "Forward","Index Name": "idx_lineitem_orderkey","Relation Name": "lineitem","Alias": "lineitem","Startup Cost": 0.43,"Total Cost": 1.44,"Plan Rows": 9,"Plan Width": 16,"Actual Startup Time": 0.007,"Actual Total Time": 0.008,"Actual Rows": 0,"Actual Loops": 144054,"Index Cond": "(l_orderkey = orders.o_orderkey)","Rows Removed by Index Recheck": 0,"Filter": "(l_shipdate > '1995-03-10'::date)","Rows Removed by Filter": 4,"Workers": []}]}]}]}]},"Planning Time": 6.457,"Triggers": [],"Execution Time": 558.281}]
[{"Plan": {"Node Type": "Sort","Parallel Aware": false,"Async Capable": false,"Startup Cost": 179411.19,"Total Cost": 180199.74,"Plan Rows": 315419,"Plan Width": 44,"Actual Startup Time": 541.464,"Actual Total Time": 551.944,"Actual Rows": 11430,"Actual Loops": 1,"Sort Key": ["(sum((lineitem.l_extendedprice * ('1'::numeric - lineitem.l_discount)))) DESC", "orders.o_orderdate"],"Sort Method": "quicksort","Sort Space Used": 1099,"Sort Space Type": "Memory","Plans": [{"Node Type": "Aggregate","Strategy": "Hashed","Partial Mode": "Simple","Parent Relationship": "Outer","Parallel Aware": false,"Async Capable": false,"Startup Cost": 146659.80,"Total Cost": 150602.54,"Plan Rows": 315419,"Plan Width": 44,"Actual Startup Time": 518.682,"Actual Total Time": 543.570,"Actual Rows": 11430,"Actual Loops": 1,"Group Key": ["lineitem.l_orderkey", "orders.o_orderdate", "orders.o_shippriority"],"Planned Partitions": 0,"HashAgg Batches": 1,"Peak Memory Usage": 20497,"Disk Usage": 0,"Plans": [{"Node Type": "Gather","Parent Relationship": "Outer","Parallel Aware": false,"Async Capable": false,"Startup Cost": 5522.96,"Total Cost": 141928.51,"Plan Rows": 315419,"Plan Width": 24,"Actual Startup Time": 33.895,"Actual Total Time": 497.065,"Actual Rows": 30311,"Actual Loops": 1,"Workers Planned": 3,"Workers Launched": 3,"Single Copy": false,"Plans": [{"Node Type": "Nested Loop","Parent Relationship": "Outer","Parallel Aware": false,"Async Capable": false,"Join Type": "Inner","Startup Cost": 4522.96,"Total Cost": 109386.61,"Plan Rows": 101748,"Plan Width": 24,"Actual Startup Time": 26.351,"Actual Total Time": 501.490,"Actual Rows": 7578,"Actual Loops": 4,"Inner Unique": false,"Workers": [],"Plans": [{"Node Type": "Hash Join","Parent Relationship": "Outer","Parallel Aware": true,"Async Capable": false,"Join Type": "Inner","Startup Cost": 4522.52,"Total Cost": 37283.82,"Plan Rows": 47085,"Plan Width": 12,"Actual Startup Time": 26.235,"Actual Total Time": 219.533,"Actual Rows": 36258,"Actual Loops": 4,"Inner Unique": true,"Hash Cond": "(orders.o_custkey = customer.c_custkey)","Workers": [],"Plans": [{"Node Type": "Seq Scan","Parent Relationship": "Outer","Parallel Aware": true,"Async Capable": false,"Relation Name": "orders","Alias": "orders","Startup Cost": 0.00,"Total Cost": 32143.39,"Plan Rows": 235386,"Plan Width": 16,"Actual Startup Time": 0.012,"Actual Total Time": 143.378,"Actual Rows": 181666,"Actual Loops": 4,"Filter": "(o_orderdate < '1995-03-14'::date)","Rows Removed by Filter": 193334,"Workers": []},{"Node Type": "Hash","Parent Relationship": "Inner","Parallel Aware": true,"Async Capable": false,"Startup Cost": 4366.25,"Total Cost": 4366.25,"Plan Rows": 12502,"Plan Width": 4,"Actual Startup Time": 25.698,"Actual Total Time": 25.705,"Actual Rows": 7547,"Actual Loops": 4,"Hash Buckets": 32768,"Original Hash Buckets": 32768,"Hash Batches": 1,"Original Hash Batches": 1,"Peak Memory Usage": 1536,"Workers": [],"Plans": [{"Node Type": "Seq Scan","Parent Relationship": "Outer","Parallel Aware": true,"Async Capable": false,"Relation Name": "customer","Alias": "customer","Startup Cost": 0.00,"Total Cost": 4366.25,"Plan Rows": 12502,"Plan Width": 4,"Actual Startup Time": 0.034,"Actual Total Time": 22.333,"Actual Rows": 7547,"Actual Loops": 4,"Filter": "(c_mktsegment = 'HOUSEHOLD'::bpchar)","Rows Removed by Filter": 29953,"Workers": []}]}]},{"Node Type": "Index Scan","Parent Relationship": "Inner","Parallel Aware": false,"Async Capable": false,"Scan Direction": "Forward","Index Name": "idx_lineitem_orderkey","Relation Name": "lineitem","Alias": "lineitem","Startup Cost": 0.43,"Total Cost": 1.44,"Plan Rows": 9,"Plan Width": 16,"Actual Startup Time": 0.007,"Actual Total Time": 0.008,"Actual Rows": 0,"Actual Loops": 145034,"Index Cond": "(l_orderkey = orders.o_orderkey)","Rows Removed by Index Recheck": 0,"Filter": "(l_shipdate > '1995-03-14'::date)","Rows Removed by Filter": 4,"Workers": []}]}]}]}]},"Planning Time": 5.804,"Triggers": [],"Execution Time": 566.171}]
[{"Plan": {"Node Type": "Sort","Parallel Aware": false,"Async Capable": false,"Startup Cost": 182631.37,"Total Cost": 183435.92,"Plan Rows": 321821,"Plan Width": 44,"Actual Startup Time": 556.972,"Actual Total Time": 567.623,"Actual Rows": 11436,"Actual Loops": 1,"Sort Key": ["(sum((lineitem.l_extendedprice * ('1'::numeric - lineitem.l_discount)))) DESC", "orders.o_orderdate"],"Sort Method": "quicksort","Sort Space Used": 1099,"Sort Space Type": "Memory","Plans": [{"Node Type": "Aggregate","Strategy": "Hashed","Partial Mode": "Simple","Parent Relationship": "Outer","Parallel Aware": false,"Async Capable": false,"Startup Cost": 149168.58,"Total Cost": 153191.35,"Plan Rows": 321821,"Plan Width": 44,"Actual Startup Time": 533.917,"Actual Total Time": 559.320,"Actual Rows": 11436,"Actual Loops": 1,"Group Key": ["lineitem.l_orderkey", "orders.o_orderdate", "orders.o_shippriority"],"Planned Partitions": 0,"HashAgg Batches": 1,"Peak Memory Usage": 20497,"Disk Usage": 0,"Plans": [{"Node Type": "Gather","Parent Relationship": "Outer","Parallel Aware": false,"Async Capable": false,"Startup Cost": 5526.18,"Total Cost": 144341.27,"Plan Rows": 321821,"Plan Width": 24,"Actual Startup Time": 34.804,"Actual Total Time": 512.403,"Actual Rows": 30319,"Actual Loops": 1,"Workers Planned": 3,"Workers Launched": 3,"Single Copy": false,"Plans": [{"Node Type": "Nested Loop","Parent Relationship": "Outer","Parallel Aware": false,"Async Capable": false,"Join Type": "Inner","Startup Cost": 4526.18,"Total Cost": 111159.17,"Plan Rows": 103813,"Plan Width": 24,"Actual Startup Time": 27.616,"Actual Total Time": 516.834,"Actual Rows": 7580,"Actual Loops": 4,"Inner Unique": false,"Workers": [],"Plans": [{"Node Type": "Hash Join","Parent Relationship": "Outer","Parallel Aware": true,"Async Capable": false,"Join Type": "Inner","Startup Cost": 4525.75,"Total Cost": 37291.15,"Plan Rows": 48377,"Plan Width": 12,"Actual Startup Time": 27.373,"Actual Total Time": 226.196,"Actual Rows": 36506,"Actual Loops": 4,"Inner Unique": true,"Hash Cond": "(orders.o_custkey = customer.c_custkey)","Workers": [],"Plans": [{"Node Type": "Seq Scan","Parent Relationship": "Outer","Parallel Aware": true,"Async Capable": false,"Relation Name": "orders","Alias": "orders","Startup Cost": 0.00,"Total Cost": 32143.39,"Plan Rows": 236947,"Plan Width": 16,"Actual Startup Time": 0.015,"Actual Total Time": 148.740,"Actual Rows": 182920,"Actual Loops": 4,"Filter": "(o_orderdate < '1995-03-22'::date)","Rows Removed by Filter": 192080,"Workers": []},{"Node Type": "Hash","Parent Relationship": "Inner","Parallel Aware": true,"Async Capable": false,"Startup Cost": 4366.25,"Total Cost": 4366.25,"Plan Rows": 12760,"Plan Width": 4,"Actual Startup Time": 26.864,"Actual Total Time": 26.868,"Actual Rows": 7492,"Actual Loops": 4,"Hash Buckets": 32768,"Original Hash Buckets": 32768,"Hash Batches": 1,"Original Hash Batches": 1,"Peak Memory Usage": 1504,"Workers": [],"Plans": [{"Node Type": "Seq Scan","Parent Relationship": "Outer","Parallel Aware": true,"Async Capable": false,"Relation Name": "customer","Alias": "customer","Startup Cost": 0.00,"Total Cost": 4366.25,"Plan Rows": 12760,"Plan Width": 4,"Actual Startup Time": 0.069,"Actual Total Time": 23.453,"Actual Rows": 7492,"Actual Loops": 4,"Filter": "(c_mktsegment = 'FURNITURE'::bpchar)","Rows Removed by Filter": 30008,"Workers": []}]}]},{"Node Type": "Index Scan","Parent Relationship": "Inner","Parallel Aware": false,"Async Capable": false,"Scan Direction": "Forward","Index Name": "idx_lineitem_orderkey","Relation Name": "lineitem","Alias": "lineitem","Startup Cost": 0.43,"Total Cost": 1.44,"Plan Rows": 9,"Plan Width": 16,"Actual Startup Time": 0.008,"Actual Total Time": 0.008,"Actual Rows": 0,"Actual Loops": 146026,"Index Cond": "(l_orderkey = orders.o_orderkey)","Rows Removed by Index Recheck": 0,"Filter": "(l_shipdate > '1995-03-22'::date)","Rows Removed by Filter": 4,"Workers": []}]}]}]}]},"Planning Time": 7.101,"Triggers": [],"Execution Time": 581.453}]
[{"Plan": {"Node Type": "Sort","Parallel Aware": false,"Async Capable": false,"Startup Cost": 179563.46,"Total Cost": 180351.20,"Plan Rows": 315095,"Plan Width": 44,"Actual Startup Time": 520.986,"Actual Total Time": 531.577,"Actual Rows": 11248,"Actual Loops": 1,"Sort Key": ["(sum((lineitem.l_extendedprice * ('1'::numeric - lineitem.l_discount)))) DESC", "orders.o_orderdate"],"Sort Method": "quicksort","Sort Space Used": 1088,"Sort Space Type": "Memory","Plans": [{"Node Type": "Aggregate","Strategy": "Hashed","Partial Mode": "Simple","Parent Relationship": "Outer","Parallel Aware": false,"Async Capable": false,"Startup Cost": 146848.05,"Total Cost": 150786.74,"Plan Rows": 315095,"Plan Width": 44,"Actual Startup Time": 498.766,"Actual Total Time": 523.789,"Actual Rows": 11248,"Actual Loops": 1,"Group Key": ["lineitem.l_orderkey", "orders.o_orderdate", "orders.o_shippriority"],"Planned Partitions": 0,"HashAgg Batches": 1,"Peak Memory Usage": 20497,"Disk Usage": 0,"Plans": [{"Node Type": "Gather","Parent Relationship": "Outer","Parallel Aware": false,"Async Capable": false,"Startup Cost": 5522.86,"Total Cost": 142121.62,"Plan Rows": 315095,"Plan Width": 24,"Actual Startup Time": 28.827,"Actual Total Time": 478.198,"Actual Rows": 29668,"Actual Loops": 1,"Workers Planned": 3,"Workers Launched": 3,"Single Copy": false,"Plans": [{"Node Type": "Nested Loop","Parent Relationship": "Outer","Parallel Aware": false,"Async Capable": false,"Join Type": "Inner","Startup Cost": 4522.86,"Total Cost": 109612.12,"Plan Rows": 101644,"Plan Width": 24,"Actual Startup Time": 22.067,"Actual Total Time": 482.603,"Actual Rows": 7417,"Actual Loops": 4,"Inner Unique": false,"Workers": [],"Plans": [{"Node Type": "Hash Join","Parent Relationship": "Outer","Parallel Aware": true,"Async Capable": false,"Join Type": "Inner","Startup Cost": 4522.43,"Total Cost": 37287.82,"Plan Rows": 47366,"Plan Width": 12,"Actual Startup Time": 21.808,"Actual Total Time": 206.021,"Actual Rows": 36518,"Actual Loops": 4,"Inner Unique": true,"Hash Cond": "(orders.o_custkey = customer.c_custkey)","Workers": [],"Plans": [{"Node Type": "Seq Scan","Parent Relationship": "Outer","Parallel Aware": true,"Async Capable": false,"Relation Name": "orders","Alias": "orders","Startup Cost": 0.00,"Total Cost": 32143.39,"Plan Rows": 236947,"Plan Width": 16,"Actual Startup Time": 0.010,"Actual Total Time": 138.716,"Actual Rows": 182920,"Actual Loops": 4,"Filter": "(o_orderdate < '1995-03-22'::date)","Rows Removed by Filter": 192080,"Workers": []},{"Node Type": "Hash","Parent Relationship": "Inner","Parallel Aware": true,"Async Capable": false,"Startup Cost": 4366.25,"Total Cost": 4366.25,"Plan Rows": 12494,"Plan Width": 4,"Actual Startup Time": 21.393,"Actual Total Time": 21.397,"Actual Rows": 7487,"Actual Loops": 4,"Hash Buckets": 32768,"Original Hash Buckets": 32768,"Hash Batches": 1,"Original Hash Batches": 1,"Peak Memory Usage": 1504,"Workers": [],"Plans": [{"Node Type": "Seq Scan","Parent Relationship": "Outer","Parallel Aware": true,"Async Capable": false,"Relation Name": "customer","Alias": "customer","Startup Cost": 0.00,"Total Cost": 4366.25,"Plan Rows": 12494,"Plan Width": 4,"Actual Startup Time": 0.037,"Actual Total Time": 18.337,"Actual Rows": 7487,"Actual Loops": 4,"Filter": "(c_mktsegment = 'MACHINERY'::bpchar)","Rows Removed by Filter": 30013,"Workers": []}]}]},{"Node Type": "Index Scan","Parent Relationship": "Inner","Parallel Aware": false,"Async Capable": false,"Scan Direction": "Forward","Index Name": "idx_lineitem_orderkey","Relation Name": "lineitem","Alias": "lineitem","Startup Cost": 0.43,"Total Cost": 1.44,"Plan Rows": 9,"Plan Width": 16,"Actual Startup Time": 0.007,"Actual Total Time": 0.007,"Actual Rows": 0,"Actual Loops": 146072,"Index Cond": "(l_orderkey = orders.o_orderkey)","Rows Removed by Index Recheck": 0,"Filter": "(l_shipdate > '1995-03-22'::date)","Rows Removed by Filter": 4,"Workers": []}]}]}]}]},"Planning Time": 6.610,"Triggers": [],"Execution Time": 544.826}]
[{"Plan": {"Node Type": "Sort","Parallel Aware": false,"Async Capable": false,"Startup Cost": 179840.01,"Total Cost": 180628.27,"Plan Rows": 315302,"Plan Width": 44,"Actual Startup Time": 536.209,"Actual Total Time": 547.140,"Actual Rows": 11360,"Actual Loops": 1,"Sort Key": ["(sum((lineitem.l_extendedprice * ('1'::numeric - lineitem.l_discount)))) DESC", "orders.o_orderdate"],"Sort Method": "quicksort","Sort Space Used": 1095,"Sort Space Type": "Memory","Plans": [{"Node Type": "Aggregate","Strategy": "Hashed","Partial Mode": "Simple","Parent Relationship": "Outer","Parallel Aware": false,"Async Capable": false,"Startup Cost": 147101.61,"Total Cost": 151042.89,"Plan Rows": 315302,"Plan Width": 44,"Actual Startup Time": 514.336,"Actual Total Time": 539.153,"Actual Rows": 11360,"Actual Loops": 1,"Group Key": ["lineitem.l_orderkey", "orders.o_orderdate", "orders.o_shippriority"],"Planned Partitions": 0,"HashAgg Batches": 1,"Peak Memory Usage": 20497,"Disk Usage": 0,"Plans": [{"Node Type": "Gather","Parent Relationship": "Outer","Parallel Aware": false,"Async Capable": false,"Startup Cost": 5522.96,"Total Cost": 142372.08,"Plan Rows": 315302,"Plan Width": 24,"Actual Startup Time": 33.159,"Actual Total Time": 491.189,"Actual Rows": 30106,"Actual Loops": 1,"Workers Planned": 3,"Workers Launched": 3,"Single Copy": false,"Plans": [{"Node Type": "Nested Loop","Parent Relationship": "Outer","Parallel Aware": false,"Async Capable": false,"Join Type": "Inner","Startup Cost": 4522.96,"Total Cost": 109841.88,"Plan Rows": 101710,"Plan Width": 24,"Actual Startup Time": 26.264,"Actual Total Time": 497.296,"Actual Rows": 7526,"Actual Loops": 4,"Inner Unique": false,"Workers": [],"Plans": [{"Node Type": "Hash Join","Parent Relationship": "Outer","Parallel Aware": true,"Async Capable": false,"Join Type": "Inner","Startup Cost": 4522.52,"Total Cost": 37290.65,"Plan Rows": 47605,"Plan Width": 12,"Actual Startup Time": 26.097,"Actual Total Time": 218.530,"Actual Rows": 36658,"Actual Loops": 4,"Inner Unique": true,"Hash Cond": "(orders.o_custkey = customer.c_custkey)","Workers": [],"Plans": [{"Node Type": "Seq Scan","Parent Relationship": "Outer","Parallel Aware": true,"Async Capable": false,"Relation Name": "orders","Alias": "orders","Startup Cost": 0.00,"Total Cost": 32143.39,"Plan Rows": 237986,"Plan Width": 16,"Actual Startup Time": 0.009,"Actual Total Time": 140.327,"Actual Rows": 183693,"Actual Loops": 4,"Filter": "(o_orderdate < '1995-03-27'::date)","Rows Removed by Filter": 191307,"Workers": []},{"Node Type": "Hash","Parent Relationship": "Inner","Parallel Aware": true,"Async Capable": false,"Startup Cost": 4366.25,"Total Cost": 4366.25,"Plan Rows": 12502,"Plan Width": 4,"Actual Startup Time": 25.648,"Actual Total Time": 25.654,"Actual Rows": 7547,"Actual Loops": 4,"Hash Buckets": 32768,"Original Hash Buckets": 32768,"Hash Batches": 1,"Original Hash Batches": 1,"Peak Memory Usage": 1504,"Workers": [],"Plans": [{"Node Type": "Seq Scan","Parent Relationship": "Outer","Parallel Aware": true,"Async Capable": false,"Relation Name": "customer","Alias": "customer","Startup Cost": 0.00,"Total Cost": 4366.25,"Plan Rows": 12502,"Plan Width": 4,"Actual Startup Time": 0.032,"Actual Total Time": 22.068,"Actual Rows": 7547,"Actual Loops": 4,"Filter": "(c_mktsegment = 'HOUSEHOLD'::bpchar)","Rows Removed by Filter": 29953,"Workers": []}]}]},{"Node Type": "Index Scan","Parent Relationship": "Inner","Parallel Aware": false,"Async Capable": false,"Scan Direction": "Forward","Index Name": "idx_lineitem_orderkey","Relation Name": "lineitem","Alias": "lineitem","Startup Cost": 0.43,"Total Cost": 1.43,"Plan Rows": 9,"Plan Width": 16,"Actual Startup Time": 0.007,"Actual Total Time": 0.007,"Actual Rows": 0,"Actual Loops": 146632,"Index Cond": "(l_orderkey = orders.o_orderkey)","Rows Removed by Index Recheck": 0,"Filter": "(l_shipdate > '1995-03-27'::date)","Rows Removed by Filter": 4,"Workers": []}]}]}]}]},"Planning Time": 5.927,"Triggers": [],"Execution Time": 559.640}]
[{"Plan": {"Node Type": "Sort","Parallel Aware": false,"Async Capable": false,"Startup Cost": 178784.05,"Total Cost": 179571.72,"Plan Rows": 315068,"Plan Width": 44,"Actual Startup Time": 536.730,"Actual Total Time": 545.090,"Actual Rows": 11378,"Actual Loops": 1,"Sort Key": ["(sum((lineitem.l_extendedprice * ('1'::numeric - lineitem.l_discount)))) DESC", "orders.o_orderdate"],"Sort Method": "quicksort","Sort Space Used": 1096,"Sort Space Type": "Memory","Plans": [{"Node Type": "Aggregate","Strategy": "Hashed","Partial Mode": "Simple","Parent Relationship": "Outer","Parallel Aware": false,"Async Capable": false,"Startup Cost": 146071.64,"Total Cost": 150009.99,"Plan Rows": 315068,"Plan Width": 44,"Actual Startup Time": 514.532,"Actual Total Time": 538.964,"Actual Rows": 11378,"Actual Loops": 1,"Group Key": ["lineitem.l_orderkey", "orders.o_orderdate", "orders.o_shippriority"],"Planned Partitions": 0,"HashAgg Batches": 1,"Peak Memory Usage": 20497,"Disk Usage": 0,"Plans": [{"Node Type": "Gather","Parent Relationship": "Outer","Parallel Aware": false,"Async Capable": false,"Startup Cost": 5522.86,"Total Cost": 141345.62,"Plan Rows": 315068,"Plan Width": 24,"Actual Startup Time": 32.007,"Actual Total Time": 493.485,"Actual Rows": 30030,"Actual Loops": 1,"Workers Planned": 3,"Workers Launched": 3,"Single Copy": false,"Plans": [{"Node Type": "Nested Loop","Parent Relationship": "Outer","Parallel Aware": false,"Async Capable": false,"Join Type": "Inner","Startup Cost": 4522.86,"Total Cost": 108838.82,"Plan Rows": 101635,"Plan Width": 24,"Actual Startup Time": 24.542,"Actual Total Time": 497.513,"Actual Rows": 7508,"Actual Loops": 4,"Inner Unique": false,"Workers": [],"Plans": [{"Node Type": "Hash Join","Parent Relationship": "Outer","Parallel Aware": true,"Async Capable": false,"Join Type": "Inner","Startup Cost": 4522.43,"Total Cost": 37276.23,"Plan Rows": 46483,"Plan Width": 12,"Actual Startup Time": 24.314,"Actual Total Time": 216.994,"Actual Rows": 35880,"Actual Loops": 4,"Inner Unique": true,"Hash Cond": "(orders.o_custkey = customer.c_custkey)","Workers": [],"Plans": [{"Node Type": "Seq Scan","Parent Relationship": "Outer","Parallel Aware": true,"Async Capable": false,"Relation Name": "orders","Alias": "orders","Startup Cost": 0.00,"Total Cost": 32143.39,"Plan Rows": 232531,"Plan Width": 16,"Actual Startup Time": 0.013,"Actual Total Time": 143.368,"Actual Rows": 179631,"Actual Loops": 4,"Filter": "(o_orderdate < '1995-03-01'::date)","Rows Removed by Filter": 195369,"Workers": []},{"Node Type": "Hash","Parent Relationship": "Inner","Parallel Aware": true,"Async Capable": false,"Startup Cost": 4366.25,"Total Cost": 4366.25,"Plan Rows": 12494,"Plan Width": 4,"Actual Startup Time": 23.826,"Actual Total Time": 23.829,"Actual Rows": 7487,"Actual Loops": 4,"Hash Buckets": 32768,"Original Hash Buckets": 32768,"Hash Batches": 1,"Original Hash Batches": 1,"Peak Memory Usage": 1536,"Workers": [],"Plans": [{"Node Type": "Seq Scan","Parent Relationship": "Outer","Parallel Aware": true,"Async Capable": false,"Relation Name": "customer","Alias": "customer","Startup Cost": 0.00,"Total Cost": 4366.25,"Plan Rows": 12494,"Plan Width": 4,"Actual Startup Time": 0.039,"Actual Total Time": 20.549,"Actual Rows": 7487,"Actual Loops": 4,"Filter": "(c_mktsegment = 'MACHINERY'::bpchar)","Rows Removed by Filter": 30013,"Workers": []}]}]},{"Node Type": "Index Scan","Parent Relationship": "Inner","Parallel Aware": false,"Async Capable": false,"Scan Direction": "Forward","Index Name": "idx_lineitem_orderkey","Relation Name": "lineitem","Alias": "lineitem","Startup Cost": 0.43,"Total Cost": 1.45,"Plan Rows": 9,"Plan Width": 16,"Actual Startup Time": 0.007,"Actual Total Time": 0.008,"Actual Rows": 0,"Actual Loops": 143520,"Index Cond": "(l_orderkey = orders.o_orderkey)","Rows Removed by Index Recheck": 0,"Filter": "(l_shipdate > '1995-03-01'::date)","Rows Removed by Filter": 4,"Workers": []}]}]}]}]},"Planning Time": 5.739,"Triggers": [],"Execution Time": 560.697}]
[{"Plan": {"Node Type": "Sort","Parallel Aware": false,"Async Capable": false,"Startup Cost": 179708.56,"Total Cost": 180496.29,"Plan Rows": 315094,"Plan Width": 44,"Actual Startup Time": 530.546,"Actual Total Time": 539.933,"Actual Rows": 11231,"Actual Loops": 1,"Sort Key": ["(sum((lineitem.l_extendedprice * ('1'::numeric - lineitem.l_discount)))) DESC", "orders.o_orderdate"],"Sort Method": "quicksort","Sort Space Used": 1086,"Sort Space Type": "Memory","Plans": [{"Node Type": "Aggregate","Strategy": "Hashed","Partial Mode": "Simple","Parent Relationship": "Outer","Parallel Aware": false,"Async Capable": false,"Startup Cost": 146993.26,"Total Cost": 150931.93,"Plan Rows": 315094,"Plan Width": 44,"Actual Startup Time": 508.832,"Actual Total Time": 531.372,"Actual Rows": 11231,"Actual Loops": 1,"Group Key": ["lineitem.l_orderkey", "orders.o_orderdate", "orders.o_shippriority"],"Planned Partitions": 0,"HashAgg Batches": 1,"Peak Memory Usage": 20497,"Disk Usage": 0,"Plans": [{"Node Type": "Gather","Parent Relationship": "Outer","Parallel Aware": false,"Async Capable": false,"Startup Cost": 5522.86,"Total Cost": 142266.85,"Plan Rows": 315094,"Plan Width": 24,"Actual Startup Time": 32.810,"Actual Total Time": 484.090,"Actual Rows": 29646,"Actual Loops": 1,"Workers Planned": 3,"Workers Launched": 3,"Single Copy": false,"Plans": [{"Node Type": "Nested Loop","Parent Relationship": "Outer","Parallel Aware": false,"Async Capable": false,"Join Type": "Inner","Startup Cost": 4522.86,"Total Cost": 109757.45,"Plan Rows": 101643,"Plan Width": 24,"Actual Startup Time": 25.972,"Actual Total Time": 491.503,"Actual Rows": 7412,"Actual Loops": 4,"Inner Unique": false,"Workers": [],"Plans": [{"Node Type": "Hash Join","Parent Relationship": "Outer","Parallel Aware": true,"Async Capable": false,"Join Type": "Inner","Startup Cost": 4522.43,"Total Cost": 37290.00,"Plan Rows": 47532,"Plan Width": 12,"Actual Startup Time": 25.607,"Actual Total Time": 216.446,"Actual Rows": 36641,"Actual Loops": 4,"Inner Unique": true,"Hash Cond": "(orders.o_custkey = customer.c_custkey)","Workers": [],"Plans": [{"Node Type": "Seq Scan","Parent Relationship": "Outer","Parallel Aware": true,"Async Capable": false,"Relation Name": "orders","Alias": "orders","Startup Cost": 0.00,"Total Cost": 32143.39,"Plan Rows": 237778,"Plan Width": 16,"Actual Startup Time": 0.010,"Actual Total Time": 138.583,"Actual Rows": 183522,"Actual Loops": 4,"Filter": "(o_orderdate < '1995-03-26'::date)","Rows Removed by Filter": 191478,"Workers": []},{"Node Type": "Hash","Parent Relationship": "Inner","Parallel Aware": true,"Async Capable": false,"Startup Cost": 4366.25,"Total Cost": 4366.25,"Plan Rows": 12494,"Plan Width": 4,"Actual Startup Time": 25.164,"Actual Total Time": 25.170,"Actual Rows": 7487,"Actual Loops": 4,"Hash Buckets": 32768,"Original Hash Buckets": 32768,"Hash Batches": 1,"Original Hash Batches": 1,"Peak Memory Usage": 1472,"Workers": [],"Plans": [{"Node Type": "Seq Scan","Parent Relationship": "Outer","Parallel Aware": true,"Async Capable": false,"Relation Name": "customer","Alias": "customer","Startup Cost": 0.00,"Total Cost": 4366.25,"Plan Rows": 12494,"Plan Width": 4,"Actual Startup Time": 0.028,"Actual Total Time": 21.482,"Actual Rows": 7487,"Actual Loops": 4,"Filter": "(c_mktsegment = 'MACHINERY'::bpchar)","Rows Removed by Filter": 30013,"Workers": []}]}]},{"Node Type": "Index Scan","Parent Relationship": "Inner","Parallel Aware": false,"Async Capable": false,"Scan Direction": "Forward","Index Name": "idx_lineitem_orderkey","Relation Name": "lineitem","Alias": "lineitem","Startup Cost": 0.43,"Total Cost": 1.43,"Plan Rows": 9,"Plan Width": 16,"Actual Startup Time": 0.007,"Actual Total Time": 0.007,"Actual Rows": 0,"Actual Loops": 146564,"Index Cond": "(l_orderkey = orders.o_orderkey)","Rows Removed by Index Recheck": 0,"Filter": "(l_shipdate > '1995-03-26'::date)","Rows Removed by Filter": 4,"Workers": []}]}]}]}]},"Planning Time": 5.574,"Triggers": [],"Execution Time": 552.241}]
[{"Plan": {"Node Type": "Sort","Parallel Aware": false,"Async Capable": false,"Startup Cost": 177689.13,"Total Cost": 178468.22,"Plan Rows": 311636,"Plan Width": 44,"Actual Startup Time": 547.740,"Actual Total Time": 554.827,"Actual Rows": 11507,"Actual Loops": 1,"Sort Key": ["(sum((lineitem.l_extendedprice * ('1'::numeric - lineitem.l_discount)))) DESC", "orders.o_orderdate"],"Sort Method": "quicksort","Sort Space Used": 1104,"Sort Space Type": "Memory","Plans": [{"Node Type": "Aggregate","Strategy": "Hashed","Partial Mode": "Simple","Parent Relationship": "Outer","Parallel Aware": false,"Async Capable": false,"Startup Cost": 145357.67,"Total Cost": 149253.12,"Plan Rows": 311636,"Plan Width": 44,"Actual Startup Time": 521.896,"Actual Total Time": 545.740,"Actual Rows": 11507,"Actual Loops": 1,"Group Key": ["lineitem.l_orderkey", "orders.o_orderdate", "orders.o_shippriority"],"Planned Partitions": 0,"HashAgg Batches": 1,"Peak Memory Usage": 20497,"Disk Usage": 0,"Plans": [{"Node Type": "Gather","Parent Relationship": "Outer","Parallel Aware": false,"Async Capable": false,"Startup Cost": 5521.08,"Total Cost": 140683.13,"Plan Rows": 311636,"Plan Width": 24,"Actual Startup Time": 33.293,"Actual Total Time": 494.163,"Actual Rows": 30382,"Actual Loops": 1,"Workers Planned": 3,"Workers Launched": 3,"Single Copy": false,"Plans": [{"Node Type": "Nested Loop","Parent Relationship": "Outer","Parallel Aware": false,"Async Capable": false,"Join Type": "Inner","Startup Cost": 4521.08,"Total Cost": 108519.53,"Plan Rows": 100528,"Plan Width": 24,"Actual Startup Time": 26.353,"Actual Total Time": 504.572,"Actual Rows": 7596,"Actual Loops": 4,"Inner Unique": false,"Workers": [],"Plans": [{"Node Type": "Hash Join","Parent Relationship": "Outer","Parallel Aware": true,"Async Capable": false,"Join Type": "Inner","Startup Cost": 4520.65,"Total Cost": 37281.95,"Plan Rows": 46520,"Plan Width": 12,"Actual Startup Time": 25.888,"Actual Total Time": 221.724,"Actual Rows": 36136,"Actual Loops": 4,"Inner Unique": true,"Hash Cond": "(orders.o_custkey = customer.c_custkey)","Workers": [],"Plans": [{"Node Type": "Seq Scan","Parent Relationship": "Outer","Parallel Aware": true,"Async Capable": false,"Relation Name": "orders","Alias": "orders","Startup Cost": 0.00,"Total Cost": 32143.39,"Plan Rows": 235386,"Plan Width": 16,"Actual Startup Time": 0.014,"Actual Total Time": 145.999,"Actual Rows": 181666,"Actual Loops": 4,"Filter": "(o_orderdate < '1995-03-14'::date)","Rows Removed by Filter": 193334,"Workers": []},{"Node Type": "Hash","Parent Relationship": "Inner","Parallel Aware": true,"Async Capable": false,"Startup Cost": 4366.25,"Total Cost": 4366.25,"Plan Rows": 12352,"Plan Width": 4,"Actual Startup Time": 25.346,"Actual Total Time": 25.352,"Actual Rows": 7438,"Actual Loops": 4,"Hash Buckets": 32768,"Original Hash Buckets": 32768,"Hash Batches": 1,"Original Hash Batches": 1,"Peak Memory Usage": 1472,"Workers": [],"Plans": [{"Node Type": "Seq Scan","Parent Relationship": "Outer","Parallel Aware": true,"Async Capable": false,"Relation Name": "customer","Alias": "customer","Startup Cost": 0.00,"Total Cost": 4366.25,"Plan Rows": 12352,"Plan Width": 4,"Actual Startup Time": 0.033,"Actual Total Time": 22.006,"Actual Rows": 7438,"Actual Loops": 4,"Filter": "(c_mktsegment = 'AUTOMOBILE'::bpchar)","Rows Removed by Filter": 30062,"Workers": []}]}]},{"Node Type": "Index Scan","Parent Relationship": "Inner","Parallel Aware": false,"Async Capable": false,"Scan Direction": "Forward","Index Name": "idx_lineitem_orderkey","Relation Name": "lineitem","Alias": "lineitem","Startup Cost": 0.43,"Total Cost": 1.44,"Plan Rows": 9,"Plan Width": 16,"Actual Startup Time": 0.007,"Actual Total Time": 0.008,"Actual Rows": 0,"Actual Loops": 144544,"Index Cond": "(l_orderkey = orders.o_orderkey)","Rows Removed by Index Recheck": 0,"Filter": "(l_shipdate > '1995-03-14'::date)","Rows Removed by Filter": 4,"Workers": []}]}]}]}]},"Planning Time": 6.253,"Triggers": [],"Execution Time": 568.924}]
[{"Plan": {"Node Type": "Sort","Parallel Aware": false,"Async Capable": false,"Startup Cost": 182467.77,"Total Cost": 183272.47,"Plan Rows": 321880,"Plan Width": 44,"Actual Startup Time": 539.955,"Actual Total Time": 550.669,"Actual Rows": 11421,"Actual Loops": 1,"Sort Key": ["(sum((lineitem.l_extendedprice * ('1'::numeric - lineitem.l_discount)))) DESC", "orders.o_orderdate"],"Sort Method": "quicksort","Sort Space Used": 1098,"Sort Space Type": "Memory","Plans": [{"Node Type": "Aggregate","Strategy": "Hashed","Partial Mode": "Simple","Parent Relationship": "Outer","Parallel Aware": false,"Async Capable": false,"Startup Cost": 148998.43,"Total Cost": 153021.93,"Plan Rows": 321880,"Plan Width": 44,"Actual Startup Time": 517.542,"Actual Total Time": 542.197,"Actual Rows": 11421,"Actual Loops": 1,"Group Key": ["lineitem.l_orderkey", "orders.o_orderdate", "orders.o_shippriority"],"Planned Partitions": 0,"HashAgg Batches": 1,"Peak Memory Usage": 20497,"Disk Usage": 0,"Plans": [{"Node Type": "Gather","Parent Relationship": "Outer","Parallel Aware": false,"Async Capable": false,"Startup Cost": 5526.18,"Total Cost": 144170.23,"Plan Rows": 321880,"Plan Width": 24,"Actual Startup Time": 33.465,"Actual Total Time": 493.489,"Actual Rows": 30285,"Actual Loops": 1,"Workers Planned": 3,"Workers Launched": 3,"Single Copy": false,"Plans": [{"Node Type": "Nested Loop","Parent Relationship": "Outer","Parallel Aware": false,"Async Capable": false,"Join Type": "Inner","Startup Cost": 4526.18,"Total Cost": 110982.23,"Plan Rows": 103832,"Plan Width": 24,"Actual Startup Time": 26.640,"Actual Total Time": 500.298,"Actual Rows": 7571,"Actual Loops": 4,"Inner Unique": false,"Workers": [],"Plans": [{"Node Type": "Hash Join","Parent Relationship": "Outer","Parallel Aware": true,"Async Capable": false,"Join Type": "Inner","Startup Cost": 4525.75,"Total Cost": 37288.55,"Plan Rows": 48175,"Plan Width": 12,"Actual Startup Time": 26.440,"Actual Total Time": 221.692,"Actual Rows": 36348,"Actual Loops": 4,"Inner Unique": true,"Hash Cond": "(orders.o_custkey = customer.c_custkey)","Workers": [],"Plans": [{"Node Type": "Seq Scan","Parent Relationship": "Outer","Parallel Aware": true,"Async Capable": false,"Relation Name": "orders","Alias": "orders","Startup Cost": 0.00,"Total Cost": 32143.39,"Plan Rows": 235959,"Plan Width": 16,"Actual Startup Time": 0.015,"Actual Total Time": 142.630,"Actual Rows": 182140,"Actual Loops": 4,"Filter": "(o_orderdate < '1995-03-17'::date)","Rows Removed by Filter": 192860,"Workers": []},{"Node Type": "Hash","Parent Relationship": "Inner","Parallel Aware": true,"Async Capable": false,"Startup Cost": 4366.25,"Total Cost": 4366.25,"Plan Rows": 12760,"Plan Width": 4,"Actual Startup Time": 25.972,"Actual Total Time": 25.976,"Actual Rows": 7492,"Actual Loops": 4,"Hash Buckets": 32768,"Original Hash Buckets": 32768,"Hash Batches": 1,"Original Hash Batches": 1,"Peak Memory Usage": 1472,"Workers": [],"Plans": [{"Node Type": "Seq Scan","Parent Relationship": "Outer","Parallel Aware": true,"Async Capable": false,"Relation Name": "customer","Alias": "customer","Startup Cost": 0.00,"Total Cost": 4366.25,"Plan Rows": 12760,"Plan Width": 4,"Actual Startup Time": 0.043,"Actual Total Time": 22.170,"Actual Rows": 7492,"Actual Loops": 4,"Filter": "(c_mktsegment = 'FURNITURE'::bpchar)","Rows Removed by Filter": 30008,"Workers": []}]}]},{"Node Type": "Index Scan","Parent Relationship": "Inner","Parallel Aware": false,"Async Capable": false,"Scan Direction": "Forward","Index Name": "idx_lineitem_orderkey","Relation Name": "lineitem","Alias": "lineitem","Startup Cost": 0.43,"Total Cost": 1.44,"Plan Rows": 9,"Plan Width": 16,"Actual Startup Time": 0.007,"Actual Total Time": 0.007,"Actual Rows": 0,"Actual Loops": 145393,"Index Cond": "(l_orderkey = orders.o_orderkey)","Rows Removed by Index Recheck": 0,"Filter": "(l_shipdate > '1995-03-17'::date)","Rows Removed by Filter": 4,"Workers": []}]}]}]}]},"Planning Time": 5.969,"Triggers": [],"Execution Time": 563.361}]
[{"Plan": {"Node Type": "Sort","Parallel Aware": false,"Async Capable": false,"Startup Cost": 179124.54,"Total Cost": 179912.11,"Plan Rows": 315030,"Plan Width": 44,"Actual Startup Time": 544.554,"Actual Total Time": 552.923,"Actual Rows": 11427,"Actual Loops": 1,"Sort Key": ["(sum((lineitem.l_extendedprice * ('1'::numeric - lineitem.l_discount)))) DESC", "orders.o_orderdate"],"Sort Method": "quicksort","Sort Space Used": 1099,"Sort Space Type": "Memory","Plans": [{"Node Type": "Aggregate","Strategy": "Hashed","Partial Mode": "Simple","Parent Relationship": "Outer","Parallel Aware": false,"Async Capable": false,"Startup Cost": 146416.34,"Total Cost": 150354.22,"Plan Rows": 315030,"Plan Width": 44,"Actual Startup Time": 522.269,"Actual Total Time": 546.798,"Actual Rows": 11427,"Actual Loops": 1,"Group Key": ["lineitem.l_orderkey", "orders.o_orderdate", "orders.o_shippriority"],"Planned Partitions": 0,"HashAgg Batches": 1,"Peak Memory Usage": 20497,"Disk Usage": 0,"Plans": [{"Node Type": "Gather","Parent Relationship": "Outer","Parallel Aware": false,"Async Capable": false,"Startup Cost": 5522.96,"Total Cost": 141690.89,"Plan Rows": 315030,"Plan Width": 24,"Actual Startup Time": 31.602,"Actual Total Time": 501.015,"Actual Rows": 30263,"Actual Loops": 1,"Workers Planned": 3,"Workers Launched": 3,"Single Copy": false,"Plans": [{"Node Type": "Nested Loop","Parent Relationship": "Outer","Parallel Aware": false,"Async Capable": false,"Join Type": "Inner","Startup Cost": 4522.96,"Total Cost": 109187.89,"Plan Rows": 101623,"Plan Width": 24,"Actual Startup Time": 24.545,"Actual Total Time": 505.363,"Actual Rows": 7566,"Actual Loops": 4,"Inner Unique": false,"Workers": [],"Plans": [{"Node Type": "Hash Join","Parent Relationship": "Outer","Parallel Aware": true,"Async Capable": false,"Join Type": "Inner","Startup Cost": 4522.52,"Total Cost": 37280.84,"Plan Rows": 46858,"Plan Width": 12,"Actual Startup Time": 24.421,"Actual Total Time": 220.625,"Actual Rows": 36128,"Actual Loops": 4,"Inner Unique": true,"Hash Cond": "(orders.o_custkey = customer.c_custkey)","Workers": [],"Plans": [{"Node Type": "Seq Scan","Parent Relationship": "Outer","Parallel Aware": true,"Async Capable": false,"Relation Name": "orders","Alias": "orders","Startup Cost": 0.00,"Total Cost": 32143.39,"Plan Rows": 234250,"Plan Width": 16,"Actual Startup Time": 0.010,"Actual Total Time": 145.817,"Actual Rows": 181030,"Actual Loops": 4,"Filter": "(o_orderdate < '1995-03-10'::date)","Rows Removed by Filter": 193970,"Workers": []},{"Node Type": "Hash","Parent Relationship": "Inner","Parallel Aware": true,"Async Capable": false,"Startup Cost": 4366.25,"Total Cost": 4366.25,"Plan Rows": 12502,"Plan Width": 4,"Actual Startup Time": 23.945,"Actual Total Time": 23.951,"Actual Rows": 7547,"Actual Loops": 4,"Hash Buckets": 32768,"Original Hash Buckets": 32768,"Hash Batches": 1,"Original Hash Batches": 1,"Peak Memory Usage": 1536,"Workers": [],"Plans": [{"Node Type": "Seq Scan","Parent Relationship": "Outer","Parallel Aware": true,"Async Capable": false,"Relation Name": "customer","Alias": "customer","Startup Cost": 0.00,"Total Cost": 4366.25,"Plan Rows": 12502,"Plan Width": 4,"Actual Startup Time": 0.035,"Actual Total Time": 20.501,"Actual Rows": 7547,"Actual Loops": 4,"Filter": "(c_mktsegment = 'HOUSEHOLD'::bpchar)","Rows Removed by Filter": 29953,"Workers": []}]}]},{"Node Type": "Index Scan","Parent Relationship": "Inner","Parallel Aware": false,"Async Capable": false,"Scan Direction": "Forward","Index Name": "idx_lineitem_orderkey","Relation Name": "lineitem","Alias": "lineitem","Startup Cost": 0.43,"Total Cost": 1.44,"Plan Rows": 9,"Plan Width": 16,"Actual Startup Time": 0.007,"Actual Total Time": 0.008,"Actual Rows": 0,"Actual Loops": 144514,"Index Cond": "(l_orderkey = orders.o_orderkey)","Rows Removed by Index Recheck": 0,"Filter": "(l_shipdate > '1995-03-10'::date)","Rows Removed by Filter": 4,"Workers": []}]}]}]}]},"Planning Time": 5.748,"Triggers": [],"Execution Time": 566.279}]
[{"Plan": {"Node Type": "Sort","Parallel Aware": false,"Async Capable": false,"Startup Cost": 177886.13,"Total Cost": 178666.68,"Plan Rows": 312220,"Plan Width": 44,"Actual Startup Time": 554.511,"Actual Total Time": 560.793,"Actual Rows": 11613,"Actual Loops": 1,"Sort Key": ["(sum((lineitem.l_extendedprice * ('1'::numeric - lineitem.l_discount)))) DESC", "orders.o_orderdate"],"Sort Method": "quicksort","Sort Space Used": 1110,"Sort Space Type": "Memory","Plans": [{"Node Type": "Aggregate","Strategy": "Hashed","Partial Mode": "Simple","Parent Relationship": "Outer","Parallel Aware": false,"Async Capable": false,"Startup Cost": 145489.86,"Total Cost": 149392.61,"Plan Rows": 312220,"Plan Width": 44,"Actual Startup Time": 531.274,"Actual Total Time": 554.443,"Actual Rows": 11613,"Actual Loops": 1,"Group Key": ["lineitem.l_orderkey", "orders.o_orderdate", "orders.o_shippriority"],"Planned Partitions": 0,"HashAgg Batches": 1,"Peak Memory Usage": 20497,"Disk Usage": 0,"Plans": [{"Node Type": "Gather","Parent Relationship": "Outer","Parallel Aware": false,"Async Capable": false,"Startup Cost": 5521.58,"Total Cost": 140806.56,"Plan Rows": 312220,"Plan Width": 24,"Actual Startup Time": 33.271,"Actual Total Time": 507.351,"Actual Rows": 30511,"Actual Loops": 1,"Workers Planned": 3,"Workers Launched": 3,"Single Copy": false,"Plans": [{"Node Type": "Nested Loop","Parent Relationship": "Outer","Parallel Aware": false,"Async Capable": false,"Join Type": "Inner","Startup Cost": 4521.58,"Total Cost": 108584.56,"Plan Rows": 100716,"Plan Width": 24,"Actual Startup Time": 25.774,"Actual Total Time": 514.061,"Actual Rows": 7628,"Actual Loops": 4,"Inner Unique": false,"Workers": [],"Plans": [{"Node Type": "Hash Join","Parent Relationship": "Outer","Parallel Aware": true,"Async Capable": false,"Join Type": "Inner","Startup Cost": 4521.15,"Total Cost": 37279.97,"Plan Rows": 46482,"Plan Width": 12,"Actual Startup Time": 25.558,"Actual Total Time": 224.378,"Actual Rows": 36646,"Actual Loops": 4,"Inner Unique": true,"Hash Cond": "(orders.o_custkey = customer.c_custkey)","Workers": [],"Plans": [{"Node Type": "Seq Scan","Parent Relationship": "Outer","Parallel Aware": true,"Async Capable": false,"Relation Name": "orders","Alias": "orders","Startup Cost": 0.00,"Total Cost": 32143.39,"Plan Rows": 234441,"Plan Width": 16,"Actual Startup Time": 0.013,"Actual Total Time": 149.022,"Actual Rows": 181190,"Actual Loops": 4,"Filter": "(o_orderdate < '1995-03-11'::date)","Rows Removed by Filter": 193810,"Workers": []},{"Node Type": "Hash","Parent Relationship": "Inner","Parallel Aware": true,"Async Capable": false,"Startup Cost": 4366.25,"Total Cost": 4366.25,"Plan Rows": 12392,"Plan Width": 4,"Actual Startup Time": 25.044,"Actual Total Time": 25.048,"Actual Rows": 7536,"Actual Loops": 4,"Hash Buckets": 32768,"Original Hash Buckets": 32768,"Hash Batches": 1,"Original Hash Batches": 1,"Peak Memory Usage": 1504,"Workers": [],"Plans": [{"Node Type": "Seq Scan","Parent Relationship": "Outer","Parallel Aware": true,"Async Capable": false,"Relation Name": "customer","Alias": "customer","Startup Cost": 0.00,"Total Cost": 4366.25,"Plan Rows": 12392,"Plan Width": 4,"Actual Startup Time": 0.039,"Actual Total Time": 21.679,"Actual Rows": 7536,"Actual Loops": 4,"Filter": "(c_mktsegment = 'BUILDING'::bpchar)","Rows Removed by Filter": 29964,"Workers": []}]}]},{"Node Type": "Index Scan","Parent Relationship": "Inner","Parallel Aware": false,"Async Capable": false,"Scan Direction": "Forward","Index Name": "idx_lineitem_orderkey","Relation Name": "lineitem","Alias": "lineitem","Startup Cost": 0.43,"Total Cost": 1.44,"Plan Rows": 9,"Plan Width": 16,"Actual Startup Time": 0.008,"Actual Total Time": 0.008,"Actual Rows": 0,"Actual Loops": 146583,"Index Cond": "(l_orderkey = orders.o_orderkey)","Rows Removed by Index Recheck": 0,"Filter": "(l_shipdate > '1995-03-11'::date)","Rows Removed by Filter": 4,"Workers": []}]}]}]}]},"Planning Time": 5.568,"Triggers": [],"Execution Time": 574.242}]
[{"Plan": {"Node Type": "Sort","Parallel Aware": false,"Async Capable": false,"Startup Cost": 177832.52,"Total Cost": 178613.21,"Plan Rows": 312278,"Plan Width": 44,"Actual Startup Time": 537.872,"Actual Total Time": 548.053,"Actual Rows": 11630,"Actual Loops": 1,"Sort Key": ["(sum((lineitem.l_extendedprice * ('1'::numeric - lineitem.l_discount)))) DESC", "orders.o_orderdate"],"Sort Method": "quicksort","Sort Space Used": 1111,"Sort Space Type": "Memory","Plans": [{"Node Type": "Aggregate","Strategy": "Hashed","Partial Mode": "Simple","Parent Relationship": "Outer","Parallel Aware": false,"Async Capable": false,"Startup Cost": 145429.82,"Total Cost": 149333.29,"Plan Rows": 312278,"Plan Width": 44,"Actual Startup Time": 515.188,"Actual Total Time": 539.929,"Actual Rows": 11630,"Actual Loops": 1,"Group Key": ["lineitem.l_orderkey", "orders.o_orderdate", "orders.o_shippriority"],"Planned Partitions": 0,"HashAgg Batches": 1,"Peak Memory Usage": 20497,"Disk Usage": 0,"Plans": [{"Node Type": "Gather","Parent Relationship": "Outer","Parallel Aware": false,"Async Capable": false,"Startup Cost": 5521.58,"Total Cost": 140745.65,"Plan Rows": 312278,"Plan Width": 24,"Actual Startup Time": 34.166,"Actual Total Time": 490.513,"Actual Rows": 30534,"Actual Loops": 1,"Workers Planned": 3,"Workers Launched": 3,"Single Copy": false,"Plans": [{"Node Type": "Nested Loop","Parent Relationship": "Outer","Parallel Aware": false,"Async Capable": false,"Join Type": "Inner","Startup Cost": 4521.58,"Total Cost": 108517.85,"Plan Rows": 100735,"Plan Width": 24,"Actual Startup Time": 27.370,"Actual Total Time": 497.819,"Actual Rows": 7634,"Actual Loops": 4,"Inner Unique": false,"Workers": [],"Plans": [{"Node Type": "Hash Join","Parent Relationship": "Outer","Parallel Aware": true,"Async Capable": false,"Join Type": "Inner","Startup Cost": 4521.15,"Total Cost": 37278.96,"Plan Rows": 46406,"Plan Width": 12,"Actual Startup Time": 27.180,"Actual Total Time": 220.121,"Actual Rows": 36580,"Actual Loops": 4,"Inner Unique": true,"Hash Cond": "(orders.o_custkey = customer.c_custkey)","Workers": [],"Plans": [{"Node Type": "Seq Scan","Parent Relationship": "Outer","Parallel Aware": true,"Async Capable": false,"Relation Name": "orders","Alias": "orders","Startup Cost": 0.00,"Total Cost": 32143.39,"Plan Rows": 234059,"Plan Width": 16,"Actual Startup Time": 0.012,"Actual Total Time": 141.016,"Actual Rows": 180877,"Actual Loops": 4,"Filter": "(o_orderdate < '1995-03-09'::date)","Rows Removed by Filter": 194123,"Workers": []},{"Node Type": "Hash","Parent Relationship": "Inner","Parallel Aware": true,"Async Capable": false,"Startup Cost": 4366.25,"Total Cost": 4366.25,"Plan Rows": 12392,"Plan Width": 4,"Actual Startup Time": 26.696,"Actual Total Time": 26.700,"Actual Rows": 7536,"Actual Loops": 4,"Hash Buckets": 32768,"Original Hash Buckets": 32768,"Hash Batches": 1,"Original Hash Batches": 1,"Peak Memory Usage": 1472,"Workers": [],"Plans": [{"Node Type": "Seq Scan","Parent Relationship": "Outer","Parallel Aware": true,"Async Capable": false,"Relation Name": "customer","Alias": "customer","Startup Cost": 0.00,"Total Cost": 4366.25,"Plan Rows": 12392,"Plan Width": 4,"Actual Startup Time": 0.036,"Actual Total Time": 23.001,"Actual Rows": 7536,"Actual Loops": 4,"Filter": "(c_mktsegment = 'BUILDING'::bpchar)","Rows Removed by Filter": 29964,"Workers": []}]}]},{"Node Type": "Index Scan","Parent Relationship": "Inner","Parallel Aware": false,"Async Capable": false,"Scan Direction": "Forward","Index Name": "idx_lineitem_orderkey","Relation Name": "lineitem","Alias": "lineitem","Startup Cost": 0.43,"Total Cost": 1.45,"Plan Rows": 9,"Plan Width": 16,"Actual Startup Time": 0.007,"Actual Total Time": 0.007,"Actual Rows": 0,"Actual Loops": 146322,"Index Cond": "(l_orderkey = orders.o_orderkey)","Rows Removed by Index Recheck": 0,"Filter": "(l_shipdate > '1995-03-09'::date)","Rows Removed by Filter": 4,"Workers": []}]}]}]}]},"Planning Time": 5.915,"Triggers": [],"Execution Time": 560.411}]
[{"Plan": {"Node Type": "Sort","Parallel Aware": false,"Async Capable": false,"Startup Cost": 177718.28,"Total Cost": 178497.32,"Plan Rows": 311617,"Plan Width": 44,"Actual Startup Time": 523.286,"Actual Total Time": 529.360,"Actual Rows": 11529,"Actual Loops": 1,"Sort Key": ["(sum((lineitem.l_extendedprice * ('1'::numeric - lineitem.l_discount)))) DESC", "orders.o_orderdate"],"Sort Method": "quicksort","Sort Space Used": 1105,"Sort Space Type": "Memory","Plans": [{"Node Type": "Aggregate","Strategy": "Hashed","Partial Mode": "Simple","Parent Relationship": "Outer","Parallel Aware": false,"Async Capable": false,"Startup Cost": 145388.93,"Total Cost": 149284.14,"Plan Rows": 311617,"Plan Width": 44,"Actual Startup Time": 496.438,"Actual Total Time": 520.988,"Actual Rows": 11529,"Actual Loops": 1,"Group Key": ["lineitem.l_orderkey", "orders.o_orderdate", "orders.o_shippriority"],"Planned Partitions": 0,"HashAgg Batches": 1,"Peak Memory Usage": 20497,"Disk Usage": 0,"Plans": [{"Node Type": "Gather","Parent Relationship": "Outer","Parallel Aware": false,"Async Capable": false,"Startup Cost": 5521.08,"Total Cost": 140714.67,"Plan Rows": 311617,"Plan Width": 24,"Actual Startup Time": 30.230,"Actual Total Time": 466.097,"Actual Rows": 30379,"Actual Loops": 1,"Workers Planned": 3,"Workers Launched": 3,"Single Copy": false,"Plans": [{"Node Type": "Nested Loop","Parent Relationship": "Outer","Parallel Aware": false,"Async Capable": false,"Join Type": "Inner","Startup Cost": 4521.08,"Total Cost": 108552.97,"Plan Rows": 100522,"Plan Width": 24,"Actual Startup Time": 23.397,"Actual Total Time": 478.689,"Actual Rows": 7595,"Actual Loops": 4,"Inner Unique": false,"Workers": [],"Plans": [{"Node Type": "Hash Join","Parent Relationship": "Outer","Parallel Aware": true,"Async Capable": false,"Join Type": "Inner","Startup Cost": 4520.65,"Total Cost": 37282.45,"Plan Rows": 46558,"Plan Width": 12,"Actual Startup Time": 22.962,"Actual Total Time": 204.094,"Actual Rows": 36168,"Actual Loops": 4,"Inner Unique": true,"Hash Cond": "(orders.o_custkey = customer.c_custkey)","Workers": [],"Plans": [{"Node Type": "Seq Scan","Parent Relationship": "Outer","Parallel Aware": true,"Async Capable": false,"Relation Name": "orders","Alias": "orders","Startup Cost": 0.00,"Total Cost": 32143.39,"Plan Rows": 235577,"Plan Width": 16,"Actual Startup Time": 0.013,"Actual Total Time": 135.621,"Actual Rows": 181826,"Actual Loops": 4,"Filter": "(o_orderdate < '1995-03-15'::date)","Rows Removed by Filter": 193174,"Workers": []},{"Node Type": "Hash","Parent Relationship": "Inner","Parallel Aware": true,"Async Capable": false,"Startup Cost": 4366.25,"Total Cost": 4366.25,"Plan Rows": 12352,"Plan Width": 4,"Actual Startup Time": 22.532,"Actual Total Time": 22.539,"Actual Rows": 7438,"Actual Loops": 4,"Hash Buckets": 32768,"Original Hash Buckets": 32768,"Hash Batches": 1,"Original Hash Batches": 1,"Peak Memory Usage": 1504,"Workers": [],"Plans": [{"Node Type": "Seq Scan","Parent Relationship": "Outer","Parallel Aware": true,"Async Capable": false,"Relation Name": "customer","Alias": "customer","Startup Cost": 0.00,"Total Cost": 4366.25,"Plan Rows": 12352,"Plan Width": 4,"Actual Startup Time": 0.042,"Actual Total Time": 19.535,"Actual Rows": 7438,"Actual Loops": 4,"Filter": "(c_mktsegment = 'AUTOMOBILE'::bpchar)","Rows Removed by Filter": 30062,"Workers": []}]}]},{"Node Type": "Index Scan","Parent Relationship": "Inner","Parallel Aware": false,"Async Capable": false,"Scan Direction": "Forward","Index Name": "idx_lineitem_orderkey","Relation Name": "lineitem","Alias": "lineitem","Startup Cost": 0.43,"Total Cost": 1.44,"Plan Rows": 9,"Plan Width": 16,"Actual Startup Time": 0.007,"Actual Total Time": 0.007,"Actual Rows": 0,"Actual Loops": 144672,"Index Cond": "(l_orderkey = orders.o_orderkey)","Rows Removed by Index Recheck": 0,"Filter": "(l_shipdate > '1995-03-15'::date)","Rows Removed by Filter": 4,"Workers": []}]}]}]}]},"Planning Time": 5.799,"Triggers": [],"Execution Time": 543.797}]
[{"Plan": {"Node Type": "Sort","Parallel Aware": false,"Async Capable": false,"Startup Cost": 178568.87,"Total Cost": 179350.16,"Plan Rows": 312516,"Plan Width": 44,"Actual Startup Time": 555.229,"Actual Total Time": 565.278,"Actual Rows": 11581,"Actual Loops": 1,"Sort Key": ["(sum((lineitem.l_extendedprice * ('1'::numeric - lineitem.l_discount)))) DESC", "orders.o_orderdate"],"Sort Method": "quicksort","Sort Space Used": 1108,"Sort Space Type": "Memory","Plans": [{"Node Type": "Aggregate","Strategy": "Hashed","Partial Mode": "Simple","Parent Relationship": "Outer","Parallel Aware": false,"Async Capable": false,"Startup Cost": 146139.76,"Total Cost": 150046.21,"Plan Rows": 312516,"Plan Width": 44,"Actual Startup Time": 532.157,"Actual Total Time": 556.839,"Actual Rows": 11581,"Actual Loops": 1,"Group Key": ["lineitem.l_orderkey", "orders.o_orderdate", "orders.o_shippriority"],"Planned Partitions": 0,"HashAgg Batches": 1,"Peak Memory Usage": 20497,"Disk Usage": 0,"Plans": [{"Node Type": "Gather","Parent Relationship": "Outer","Parallel Aware": false,"Async Capable": false,"Startup Cost": 5521.58,"Total Cost": 141452.02,"Plan Rows": 312516,"Plan Width": 24,"Actual Startup Time": 32.700,"Actual Total Time": 509.818,"Actual Rows": 30289,"Actual Loops": 1,"Workers Planned": 3,"Workers Launched": 3,"Single Copy": false,"Plans": [{"Node Type": "Nested Loop","Parent Relationship": "Outer","Parallel Aware": false,"Async Capable": false,"Join Type": "Inner","Startup Cost": 4521.58,"Total Cost": 109200.42,"Plan Rows": 100812,"Plan Width": 24,"Actual Startup Time": 25.347,"Actual Total Time": 514.818,"Actual Rows": 7572,"Actual Loops": 4,"Inner Unique": false,"Workers": [],"Plans": [{"Node Type": "Hash Join","Parent Relationship": "Outer","Parallel Aware": true,"Async Capable": false,"Join Type": "Inner","Startup Cost": 4521.15,"Total Cost": 37289.27,"Plan Rows": 47185,"Plan Width": 12,"Actual Startup Time": 25.223,"Actual Total Time": 223.272,"Actual Rows": 37159,"Actual Loops": 4,"Inner Unique": true,"Hash Cond": "(orders.o_custkey = customer.c_custkey)","Workers": [],"Plans": [{"Node Type": "Seq Scan","Parent Relationship": "Outer","Parallel Aware": true,"Async Capable": false,"Relation Name": "orders","Alias": "orders","Startup Cost": 0.00,"Total Cost": 32143.39,"Plan Rows": 237986,"Plan Width": 16,"Actual Startup Time": 0.013,"Actual Total Time": 147.930,"Actual Rows": 183693,"Actual Loops": 4,"Filter": "(o_orderdate < '1995-03-27'::date)","Rows Removed by Filter": 191307,"Workers": []},{"Node Type": "Hash","Parent Relationship": "Inner","Parallel Aware": true,"Async Capable": false,"Startup Cost": 4366.25,"Total Cost": 4366.25,"Plan Rows": 12392,"Plan Width": 4,"Actual Startup Time": 24.732,"Actual Total Time": 24.737,"Actual Rows": 7536,"Actual Loops": 4,"Hash Buckets": 32768,"Original Hash Buckets": 32768,"Hash Batches": 1,"Original Hash Batches": 1,"Peak Memory Usage": 1504,"Workers": [],"Plans": [{"Node Type": "Seq Scan","Parent Relationship": "Outer","Parallel Aware": true,"Async Capable": false,"Relation Name": "customer","Alias": "customer","Startup Cost": 0.00,"Total Cost": 4366.25,"Plan Rows": 12392,"Plan Width": 4,"Actual Startup Time": 0.053,"Actual Total Time": 21.206,"Actual Rows": 7536,"Actual Loops": 4,"Filter": "(c_mktsegment = 'BUILDING'::bpchar)","Rows Removed by Filter": 29964,"Workers": []}]}]},{"Node Type": "Index Scan","Parent Relationship": "Inner","Parallel Aware": false,"Async Capable": false,"Scan Direction": "Forward","Index Name": "idx_lineitem_orderkey","Relation Name": "lineitem","Alias": "lineitem","Startup Cost": 0.43,"Total Cost": 1.43,"Plan Rows": 9,"Plan Width": 16,"Actual Startup Time": 0.007,"Actual Total Time": 0.008,"Actual Rows": 0,"Actual Loops": 148637,"Index Cond": "(l_orderkey = orders.o_orderkey)","Rows Removed by Index Recheck": 0,"Filter": "(l_shipdate > '1995-03-27'::date)","Rows Removed by Filter": 4,"Workers": []}]}]}]}]},"Planning Time": 5.048,"Triggers": [],"Execution Time": 579.457}]
[{"Plan": {"Node Type": "Sort","Parallel Aware": false,"Async Capable": false,"Startup Cost": 178838.82,"Total Cost": 179626.36,"Plan Rows": 315017,"Plan Width": 44,"Actual Startup Time": 525.766,"Actual Total Time": 536.120,"Actual Rows": 11376,"Actual Loops": 1,"Sort Key": ["(sum((lineitem.l_extendedprice * ('1'::numeric - lineitem.l_discount)))) DESC", "orders.o_orderdate"],"Sort Method": "quicksort","Sort Space Used": 1096,"Sort Space Type": "Memory","Plans": [{"Node Type": "Aggregate","Strategy": "Hashed","Partial Mode": "Simple","Parent Relationship": "Outer","Parallel Aware": false,"Async Capable": false,"Startup Cost": 146132.07,"Total Cost": 150069.78,"Plan Rows": 315017,"Plan Width": 44,"Actual Startup Time": 503.480,"Actual Total Time": 527.904,"Actual Rows": 11376,"Actual Loops": 1,"Group Key": ["lineitem.l_orderkey", "orders.o_orderdate", "orders.o_shippriority"],"Planned Partitions": 0,"HashAgg Batches": 1,"Peak Memory Usage": 20497,"Disk Usage": 0,"Plans": [{"Node Type": "Gather","Parent Relationship": "Outer","Parallel Aware": false,"Async Capable": false,"Startup Cost": 5522.86,"Total Cost": 141406.81,"Plan Rows": 315017,"Plan Width": 24,"Actual Startup Time": 30.478,"Actual Total Time": 481.702,"Actual Rows": 29979,"Actual Loops": 1,"Workers Planned": 3,"Workers Launched": 3,"Single Copy": false,"Plans": [{"Node Type": "Nested Loop","Parent Relationship": "Outer","Parallel Aware": false,"Async Capable": false,"Join Type": "Inner","Startup Cost": 4522.86,"Total Cost": 108905.11,"Plan Rows": 101618,"Plan Width": 24,"Actual Startup Time": 23.785,"Actual Total Time": 487.291,"Actual Rows": 7495,"Actual Loops": 4,"Inner Unique": false,"Workers": [],"Plans": [{"Node Type": "Hash Join","Parent Relationship": "Outer","Parallel Aware": true,"Async Capable": false,"Join Type": "Inner","Startup Cost": 4522.43,"Total Cost": 37277.23,"Plan Rows": 46559,"Plan Width": 12,"Actual Startup Time": 23.565,"Actual Total Time": 212.835,"Actual Rows": 35944,"Actual Loops": 4,"Inner Unique": true,"Hash Cond": "(orders.o_custkey = customer.c_custkey)","Workers": [],"Plans": [{"Node Type": "Seq Scan","Parent Relationship": "Outer","Parallel Aware": true,"Async Capable": false,"Relation Name": "orders","Alias": "orders","Startup Cost": 0.00,"Total Cost": 32143.39,"Plan Rows": 232913,"Plan Width": 16,"Actual Startup Time": 0.015,"Actual Total Time": 139.379,"Actual Rows": 179945,"Actual Loops": 4,"Filter": "(o_orderdate < '1995-03-03'::date)","Rows Removed by Filter": 195055,"Workers": []},{"Node Type": "Hash","Parent Relationship": "Inner","Parallel Aware": true,"Async Capable": false,"Startup Cost": 4366.25,"Total Cost": 4366.25,"Plan Rows": 12494,"Plan Width": 4,"Actual Startup Time": 23.039,"Actual Total Time": 23.043,"Actual Rows": 7487,"Actual Loops": 4,"Hash Buckets": 32768,"Original Hash Buckets": 32768,"Hash Batches": 1,"Original Hash Batches": 1,"Peak Memory Usage": 1504,"Workers": [],"Plans": [{"Node Type": "Seq Scan","Parent Relationship": "Outer","Parallel Aware": true,"Async Capable": false,"Relation Name": "customer","Alias": "customer","Startup Cost": 0.00,"Total Cost": 4366.25,"Plan Rows": 12494,"Plan Width": 4,"Actual Startup Time": 0.039,"Actual Total Time": 19.934,"Actual Rows": 7487,"Actual Loops": 4,"Filter": "(c_mktsegment = 'MACHINERY'::bpchar)","Rows Removed by Filter": 30013,"Workers": []}]}]},{"Node Type": "Index Scan","Parent Relationship": "Inner","Parallel Aware": false,"Async Capable": false,"Scan Direction": "Forward","Index Name": "idx_lineitem_orderkey","Relation Name": "lineitem","Alias": "lineitem","Startup Cost": 0.43,"Total Cost": 1.45,"Plan Rows": 9,"Plan Width": 16,"Actual Startup Time": 0.007,"Actual Total Time": 0.007,"Actual Rows": 0,"Actual Loops": 143777,"Index Cond": "(l_orderkey = orders.o_orderkey)","Rows Removed by Index Recheck": 0,"Filter": "(l_shipdate > '1995-03-03'::date)","Rows Removed by Filter": 4,"Workers": []}]}]}]}]},"Planning Time": 5.270,"Triggers": [],"Execution Time": 550.498}]
[{"Plan": {"Node Type": "Sort","Parallel Aware": false,"Async Capable": false,"Startup Cost": 178921.26,"Total Cost": 179708.60,"Plan Rows": 314935,"Plan Width": 44,"Actual Startup Time": 522.578,"Actual Total Time": 532.595,"Actual Rows": 11374,"Actual Loops": 1,"Sort Key": ["(sum((lineitem.l_extendedprice * ('1'::numeric - lineitem.l_discount)))) DESC", "orders.o_orderdate"],"Sort Method": "quicksort","Sort Space Used": 1095,"Sort Space Type": "Memory","Plans": [{"Node Type": "Aggregate","Strategy": "Hashed","Partial Mode": "Simple","Parent Relationship": "Outer","Parallel Aware": false,"Async Capable": false,"Startup Cost": 146223.62,"Total Cost": 150160.31,"Plan Rows": 314935,"Plan Width": 44,"Actual Startup Time": 499.933,"Actual Total Time": 524.453,"Actual Rows": 11374,"Actual Loops": 1,"Group Key": ["lineitem.l_orderkey", "orders.o_orderdate", "orders.o_shippriority"],"Planned Partitions": 0,"HashAgg Batches": 1,"Peak Memory Usage": 20497,"Disk Usage": 0,"Plans": [{"Node Type": "Gather","Parent Relationship": "Outer","Parallel Aware": false,"Async Capable": false,"Startup Cost": 5522.86,"Total Cost": 141499.59,"Plan Rows": 314935,"Plan Width": 24,"Actual Startup Time": 29.255,"Actual Total Time": 478.062,"Actual Rows": 29947,"Actual Loops": 1,"Workers Planned": 3,"Workers Launched": 3,"Single Copy": false,"Plans": [{"Node Type": "Nested Loop","Parent Relationship": "Outer","Parallel Aware": false,"Async Capable": false,"Join Type": "Inner","Startup Cost": 4522.86,"Total Cost": 109006.09,"Plan Rows": 101592,"Plan Width": 24,"Actual Startup Time": 22.568,"Actual Total Time": 483.659,"Actual Rows": 7487,"Actual Loops": 4,"Inner Unique": false,"Workers": [],"Plans": [{"Node Type": "Hash Join","Parent Relationship": "Outer","Parallel Aware": true,"Async Capable": false,"Join Type": "Inner","Startup Cost": 4522.43,"Total Cost": 37278.74,"Plan Rows": 46674,"Plan Width": 12,"Actual Startup Time": 22.343,"Actual Total Time": 205.673,"Actual Rows": 36034,"Actual Loops": 4,"Inner Unique": true,"Hash Cond": "(orders.o_custkey = customer.c_custkey)","Workers": [],"Plans": [{"Node Type": "Seq Scan","Parent Relationship": "Outer","Parallel Aware": true,"Async Capable": false,"Relation Name": "orders","Alias": "orders","Startup Cost": 0.00,"Total Cost": 32143.39,"Plan Rows": 233486,"Plan Width": 16,"Actual Startup Time": 0.015,"Actual Total Time": 138.510,"Actual Rows": 180414,"Actual Loops": 4,"Filter": "(o_orderdate < '1995-03-06'::date)","Rows Removed by Filter": 194586,"Workers": []},{"Node Type": "Hash","Parent Relationship": "Inner","Parallel Aware": true,"Async Capable": false,"Startup Cost": 4366.25,"Total Cost": 4366.25,"Plan Rows": 12494,"Plan Width": 4,"Actual Startup Time": 21.905,"Actual Total Time": 21.909,"Actual Rows": 7487,"Actual Loops": 4,"Hash Buckets": 32768,"Original Hash Buckets": 32768,"Hash Batches": 1,"Original Hash Batches": 1,"Peak Memory Usage": 1504,"Workers": [],"Plans": [{"Node Type": "Seq Scan","Parent Relationship": "Outer","Parallel Aware": true,"Async Capable": false,"Relation Name": "customer","Alias": "customer","Startup Cost": 0.00,"Total Cost": 4366.25,"Plan Rows": 12494,"Plan Width": 4,"Actual Startup Time": 0.040,"Actual Total Time": 19.345,"Actual Rows": 7487,"Actual Loops": 4,"Filter": "(c_mktsegment = 'MACHINERY'::bpchar)","Rows Removed by Filter": 30013,"Workers": []}]}]},{"Node Type": "Index Scan","Parent Relationship": "Inner","Parallel Aware": false,"Async Capable": false,"Scan Direction": "Forward","Index Name": "idx_lineitem_orderkey","Relation Name": "lineitem","Alias": "lineitem","Startup Cost": 0.43,"Total Cost": 1.45,"Plan Rows": 9,"Plan Width": 16,"Actual Startup Time": 0.007,"Actual Total Time": 0.007,"Actual Rows": 0,"Actual Loops": 144138,"Index Cond": "(l_orderkey = orders.o_orderkey)","Rows Removed by Index Recheck": 0,"Filter": "(l_shipdate > '1995-03-06'::date)","Rows Removed by Filter": 4,"Workers": []}]}]}]}]},"Planning Time": 5.925,"Triggers": [],"Execution Time": 546.529}]
[{"Plan": {"Node Type": "Sort","Parallel Aware": false,"Async Capable": false,"Startup Cost": 177272.17,"Total Cost": 178050.64,"Plan Rows": 311391,"Plan Width": 44,"Actual Startup Time": 556.690,"Actual Total Time": 564.301,"Actual Rows": 11429,"Actual Loops": 1,"Sort Key": ["(sum((lineitem.l_extendedprice * ('1'::numeric - lineitem.l_discount)))) DESC", "orders.o_orderdate"],"Sort Method": "quicksort","Sort Space Used": 1099,"Sort Space Type": "Memory","Plans": [{"Node Type": "Aggregate","Strategy": "Hashed","Partial Mode": "Simple","Parent Relationship": "Outer","Parallel Aware": false,"Async Capable": false,"Startup Cost": 144967.89,"Total Cost": 148860.28,"Plan Rows": 311391,"Plan Width": 44,"Actual Startup Time": 533.603,"Actual Total Time": 558.375,"Actual Rows": 11429,"Actual Loops": 1,"Group Key": ["lineitem.l_orderkey", "orders.o_orderdate", "orders.o_shippriority"],"Planned Partitions": 0,"HashAgg Batches": 1,"Peak Memory Usage": 20497,"Disk Usage": 0,"Plans": [{"Node Type": "Gather","Parent Relationship": "Outer","Parallel Aware": false,"Async Capable": false,"Startup Cost": 5521.08,"Total Cost": 140297.03,"Plan Rows": 311391,"Plan Width": 24,"Actual Startup Time": 34.698,"Actual Total Time": 510.019,"Actual Rows": 30262,"Actual Loops": 1,"Workers Planned": 3,"Workers Launched": 3,"Single Copy": false,"Plans": [{"Node Type": "Nested Loop","Parent Relationship": "Outer","Parallel Aware": false,"Async Capable": false,"Join Type": "Inner","Startup Cost": 4521.08,"Total Cost": 108157.93,"Plan Rows": 100449,"Plan Width": 24,"Actual Startup Time": 27.002,"Actual Total Time": 516.195,"Actual Rows": 7566,"Actual Loops": 4,"Inner Unique": false,"Workers": [],"Plans": [{"Node Type": "Hash Join","Parent Relationship": "Outer","Parallel Aware": true,"Async Capable": false,"Join Type": "Inner","Startup Cost": 4520.65,"Total Cost": 37276.46,"Plan Rows": 46107,"Plan Width": 12,"Actual Startup Time": 26.521,"Actual Total Time": 228.102,"Actual Rows": 35849,"Actual Loops": 4,"Inner Unique": true,"Hash Cond": "(orders.o_custkey = customer.c_custkey)","Workers": [],"Plans": [{"Node Type": "Seq Scan","Parent Relationship": "Outer","Parallel Aware": true,"Async Capable": false,"Relation Name": "orders","Alias": "orders","Startup Cost": 0.00,"Total Cost": 32143.39,"Plan Rows": 233295,"Plan Width": 16,"Actual Startup Time": 0.014,"Actual Total Time": 150.873,"Actual Rows": 180256,"Actual Loops": 4,"Filter": "(o_orderdate < '1995-03-05'::date)","Rows Removed by Filter": 194744,"Workers": []},{"Node Type": "Hash","Parent Relationship": "Inner","Parallel Aware": true,"Async Capable": false,"Startup Cost": 4366.25,"Total Cost": 4366.25,"Plan Rows": 12352,"Plan Width": 4,"Actual Startup Time": 25.990,"Actual Total Time": 25.995,"Actual Rows": 7438,"Actual Loops": 4,"Hash Buckets": 32768,"Original Hash Buckets": 32768,"Hash Batches": 1,"Original Hash Batches": 1,"Peak Memory Usage": 1472,"Workers": [],"Plans": [{"Node Type": "Seq Scan","Parent Relationship": "Outer","Parallel Aware": true,"Async Capable": false,"Relation Name": "customer","Alias": "customer","Startup Cost": 0.00,"Total Cost": 4366.25,"Plan Rows": 12352,"Plan Width": 4,"Actual Startup Time": 0.030,"Actual Total Time": 22.595,"Actual Rows": 7438,"Actual Loops": 4,"Filter": "(c_mktsegment = 'AUTOMOBILE'::bpchar)","Rows Removed by Filter": 30062,"Workers": []}]}]},{"Node Type": "Index Scan","Parent Relationship": "Inner","Parallel Aware": false,"Async Capable": false,"Scan Direction": "Forward","Index Name": "idx_lineitem_orderkey","Relation Name": "lineitem","Alias": "lineitem","Startup Cost": 0.43,"Total Cost": 1.45,"Plan Rows": 9,"Plan Width": 16,"Actual Startup Time": 0.008,"Actual Total Time": 0.008,"Actual Rows": 0,"Actual Loops": 143397,"Index Cond": "(l_orderkey = orders.o_orderkey)","Rows Removed by Index Recheck": 0,"Filter": "(l_shipdate > '1995-03-05'::date)","Rows Removed by Filter": 4,"Workers": []}]}]}]}]},"Planning Time": 5.352,"Triggers": [],"Execution Time": 579.447}]
[{"Plan": {"Node Type": "Sort","Parallel Aware": false,"Async Capable": false,"Startup Cost": 177805.71,"Total Cost": 178586.48,"Plan Rows": 312307,"Plan Width": 44,"Actual Startup Time": 532.813,"Actual Total Time": 543.394,"Actual Rows": 11609,"Actual Loops": 1,"Sort Key": ["(sum((lineitem.l_extendedprice * ('1'::numeric - lineitem.l_discount)))) DESC", "orders.o_orderdate"],"Sort Method": "quicksort","Sort Space Used": 1110,"Sort Space Type": "Memory","Plans": [{"Node Type": "Aggregate","Strategy": "Hashed","Partial Mode": "Simple","Parent Relationship": "Outer","Parallel Aware": false,"Async Capable": false,"Startup Cost": 145399.79,"Total Cost": 149303.63,"Plan Rows": 312307,"Plan Width": 44,"Actual Startup Time": 510.755,"Actual Total Time": 534.912,"Actual Rows": 11609,"Actual Loops": 1,"Group Key": ["lineitem.l_orderkey", "orders.o_orderdate", "orders.o_shippriority"],"Planned Partitions": 0,"HashAgg Batches": 1,"Peak Memory Usage": 20497,"Disk Usage": 0,"Plans": [{"Node Type": "Gather","Parent Relationship": "Outer","Parallel Aware": false,"Async Capable": false,"Startup Cost": 5521.58,"Total Cost": 140715.19,"Plan Rows": 312307,"Plan Width": 24,"Actual Startup Time": 32.128,"Actual Total Time": 489.531,"Actual Rows": 30497,"Actual Loops": 1,"Workers Planned": 3,"Workers Launched": 3,"Single Copy": false,"Plans": [{"Node Type": "Nested Loop","Parent Relationship": "Outer","Parallel Aware": false,"Async Capable": false,"Join Type": "Inner","Startup Cost": 4521.58,"Total Cost": 108484.49,"Plan Rows": 100744,"Plan Width": 24,"Actual Startup Time": 25.116,"Actual Total Time": 494.240,"Actual Rows": 7624,"Actual Loops": 4,"Inner Unique": false,"Workers": [],"Plans": [{"Node Type": "Hash Join","Parent Relationship": "Outer","Parallel Aware": true,"Async Capable": false,"Join Type": "Inner","Startup Cost": 4521.15,"Total Cost": 37278.46,"Plan Rows": 46368,"Plan Width": 12,"Actual Startup Time": 24.906,"Actual Total Time": 212.482,"Actual Rows": 36546,"Actual Loops": 4,"Inner Unique": true,"Hash Cond": "(orders.o_custkey = customer.c_custkey)","Workers": [],"Plans": [{"Node Type": "Seq Scan","Parent Relationship": "Outer","Parallel Aware": true,"Async Capable": false,"Relation Name": "orders","Alias": "orders","Startup Cost": 0.00,"Total Cost": 32143.39,"Plan Rows": 233868,"Plan Width": 16,"Actual Startup Time": 0.017,"Actual Total Time": 141.483,"Actual Rows": 180728,"Actual Loops": 4,"Filter": "(o_orderdate < '1995-03-08'::date)","Rows Removed by Filter": 194272,"Workers": []},{"Node Type": "Hash","Parent Relationship": "Inner","Parallel Aware": true,"Async Capable": false,"Startup Cost": 4366.25,"Total Cost": 4366.25,"Plan Rows": 12392,"Plan Width": 4,"Actual Startup Time": 24.426,"Actual Total Time": 24.431,"Actual Rows": 7536,"Actual Loops": 4,"Hash Buckets": 32768,"Original Hash Buckets": 32768,"Hash Batches": 1,"Original Hash Batches": 1,"Peak Memory Usage": 1536,"Workers": [],"Plans": [{"Node Type": "Seq Scan","Parent Relationship": "Outer","Parallel Aware": true,"Async Capable": false,"Relation Name": "customer","Alias": "customer","Startup Cost": 0.00,"Total Cost": 4366.25,"Plan Rows": 12392,"Plan Width": 4,"Actual Startup Time": 0.030,"Actual Total Time": 20.986,"Actual Rows": 7536,"Actual Loops": 4,"Filter": "(c_mktsegment = 'BUILDING'::bpchar)","Rows Removed by Filter": 29964,"Workers": []}]}]},{"Node Type": "Index Scan","Parent Relationship": "Inner","Parallel Aware": false,"Async Capable": false,"Scan Direction": "Forward","Index Name": "idx_lineitem_orderkey","Relation Name": "lineitem","Alias": "lineitem","Startup Cost": 0.43,"Total Cost": 1.45,"Plan Rows": 9,"Plan Width": 16,"Actual Startup Time": 0.007,"Actual Total Time": 0.007,"Actual Rows": 0,"Actual Loops": 146183,"Index Cond": "(l_orderkey = orders.o_orderkey)","Rows Removed by Index Recheck": 0,"Filter": "(l_shipdate > '1995-03-08'::date)","Rows Removed by Filter": 4,"Workers": []}]}]}]}]},"Planning Time": 6.176,"Triggers": [],"Execution Time": 556.933}]
[{"Plan": {"Node Type": "Sort","Parallel Aware": false,"Async Capable": false,"Startup Cost": 181975.15,"Total Cost": 182779.29,"Plan Rows": 321657,"Plan Width": 44,"Actual Startup Time": 540.260,"Actual Total Time": 552.538,"Actual Rows": 11436,"Actual Loops": 1,"Sort Key": ["(sum((lineitem.l_extendedprice * ('1'::numeric - lineitem.l_discount)))) DESC", "orders.o_orderdate"],"Sort Method": "quicksort","Sort Space Used": 1099,"Sort Space Type": "Memory","Plans": [{"Node Type": "Aggregate","Strategy": "Hashed","Partial Mode": "Simple","Parent Relationship": "Outer","Parallel Aware": false,"Async Capable": false,"Startup Cost": 148530.60,"Total Cost": 152551.31,"Plan Rows": 321657,"Plan Width": 44,"Actual Startup Time": 518.657,"Actual Total Time": 542.407,"Actual Rows": 11436,"Actual Loops": 1,"Group Key": ["lineitem.l_orderkey", "orders.o_orderdate", "orders.o_shippriority"],"Planned Partitions": 0,"HashAgg Batches": 1,"Peak Memory Usage": 20497,"Disk Usage": 0,"Plans": [{"Node Type": "Gather","Parent Relationship": "Outer","Parallel Aware": false,"Async Capable": false,"Startup Cost": 5526.18,"Total Cost": 143705.75,"Plan Rows": 321657,"Plan Width": 24,"Actual Startup Time": 32.938,"Actual Total Time": 493.972,"Actual Rows": 30309,"Actual Loops": 1,"Workers Planned": 3,"Workers Launched": 3,"Single Copy": false,"Plans": [{"Node Type": "Nested Loop","Parent Relationship": "Outer","Parallel Aware": false,"Async Capable": false,"Join Type": "Inner","Startup Cost": 4526.18,"Total Cost": 110540.05,"Plan Rows": 103760,"Plan Width": 24,"Actual Startup Time": 25.951,"Actual Total Time": 501.335,"Actual Rows": 7577,"Actual Loops": 4,"Inner Unique": false,"Workers": [],"Plans": [{"Node Type": "Hash Join","Parent Relationship": "Outer","Parallel Aware": true,"Async Capable": false,"Join Type": "Inner","Startup Cost": 4525.75,"Total Cost": 37282.06,"Plan Rows": 47670,"Plan Width": 12,"Actual Startup Time": 25.712,"Actual Total Time": 221.432,"Actual Rows": 36012,"Actual Loops": 4,"Inner Unique": true,"Hash Cond": "(orders.o_custkey = customer.c_custkey)","Workers": [],"Plans": [{"Node Type": "Seq Scan","Parent Relationship": "Outer","Parallel Aware": true,"Async Capable": false,"Relation Name": "orders","Alias": "orders","Startup Cost": 0.00,"Total Cost": 32143.39,"Plan Rows": 233486,"Plan Width": 16,"Actual Startup Time": 0.018,"Actual Total Time": 144.059,"Actual Rows": 180414,"Actual Loops": 4,"Filter": "(o_orderdate < '1995-03-06'::date)","Rows Removed by Filter": 194586,"Workers": []},{"Node Type": "Hash","Parent Relationship": "Inner","Parallel Aware": true,"Async Capable": false,"Startup Cost": 4366.25,"Total Cost": 4366.25,"Plan Rows": 12760,"Plan Width": 4,"Actual Startup Time": 25.265,"Actual Total Time": 25.271,"Actual Rows": 7492,"Actual Loops": 4,"Hash Buckets": 32768,"Original Hash Buckets": 32768,"Hash Batches": 1,"Original Hash Batches": 1,"Peak Memory Usage": 1504,"Workers": [],"Plans": [{"Node Type": "Seq Scan","Parent Relationship": "Outer","Parallel Aware": true,"Async Capable": false,"Relation Name": "customer","Alias": "customer","Startup Cost": 0.00,"Total Cost": 4366.25,"Plan Rows": 12760,"Plan Width": 4,"Actual Startup Time": 0.051,"Actual Total Time": 21.547,"Actual Rows": 7492,"Actual Loops": 4,"Filter": "(c_mktsegment = 'FURNITURE'::bpchar)","Rows Removed by Filter": 30008,"Workers": []}]}]},{"Node Type": "Index Scan","Parent Relationship": "Inner","Parallel Aware": false,"Async Capable": false,"Scan Direction": "Forward","Index Name": "idx_lineitem_orderkey","Relation Name": "lineitem","Alias": "lineitem","Startup Cost": 0.43,"Total Cost": 1.45,"Plan Rows": 9,"Plan Width": 16,"Actual Startup Time": 0.007,"Actual Total Time": 0.008,"Actual Rows": 0,"Actual Loops": 144046,"Index Cond": "(l_orderkey = orders.o_orderkey)","Rows Removed by Index Recheck": 0,"Filter": "(l_shipdate > '1995-03-06'::date)","Rows Removed by Filter": 4,"Workers": []}]}]}]}]},"Planning Time": 5.543,"Triggers": [],"Execution Time": 564.945}]
[{"Plan": {"Node Type": "Sort","Parallel Aware": false,"Async Capable": false,"Startup Cost": 179804.69,"Total Cost": 180592.94,"Plan Rows": 315303,"Plan Width": 44,"Actual Startup Time": 542.776,"Actual Total Time": 553.211,"Actual Rows": 11336,"Actual Loops": 1,"Sort Key": ["(sum((lineitem.l_extendedprice * ('1'::numeric - lineitem.l_discount)))) DESC", "orders.o_orderdate"],"Sort Method": "quicksort","Sort Space Used": 1093,"Sort Space Type": "Memory","Plans": [{"Node Type": "Aggregate","Strategy": "Hashed","Partial Mode": "Simple","Parent Relationship": "Outer","Parallel Aware": false,"Async Capable": false,"Startup Cost": 147066.18,"Total Cost": 151007.47,"Plan Rows": 315303,"Plan Width": 44,"Actual Startup Time": 520.823,"Actual Total Time": 545.103,"Actual Rows": 11336,"Actual Loops": 1,"Group Key": ["lineitem.l_orderkey", "orders.o_orderdate", "orders.o_shippriority"],"Planned Partitions": 0,"HashAgg Batches": 1,"Peak Memory Usage": 20497,"Disk Usage": 0,"Plans": [{"Node Type": "Gather","Parent Relationship": "Outer","Parallel Aware": false,"Async Capable": false,"Startup Cost": 5522.96,"Total Cost": 142336.63,"Plan Rows": 315303,"Plan Width": 24,"Actual Startup Time": 32.578,"Actual Total Time": 497.024,"Actual Rows": 30040,"Actual Loops": 1,"Workers Planned": 3,"Workers Launched": 3,"Single Copy": false,"Plans": [{"Node Type": "Nested Loop","Parent Relationship": "Outer","Parallel Aware": false,"Async Capable": false,"Join Type": "Inner","Startup Cost": 4522.96,"Total Cost": 109806.33,"Plan Rows": 101711,"Plan Width": 24,"Actual Startup Time": 25.344,"Actual Total Time": 503.386,"Actual Rows": 7510,"Actual Loops": 4,"Inner Unique": false,"Workers": [],"Plans": [{"Node Type": "Hash Join","Parent Relationship": "Outer","Parallel Aware": true,"Async Capable": false,"Join Type": "Inner","Startup Cost": 4522.52,"Total Cost": 37290.10,"Plan Rows": 47564,"Plan Width": 12,"Actual Startup Time": 25.202,"Actual Total Time": 221.429,"Actual Rows": 36624,"Actual Loops": 4,"Inner Unique": true,"Hash Cond": "(orders.o_custkey = customer.c_custkey)","Workers": [],"Plans": [{"Node Type": "Seq Scan","Parent Relationship": "Outer","Parallel Aware": true,"Async Capable": false,"Relation Name": "orders","Alias": "orders","Startup Cost": 0.00,"Total Cost": 32143.39,"Plan Rows": 237778,"Plan Width": 16,"Actual Startup Time": 0.020,"Actual Total Time": 143.854,"Actual Rows": 183522,"Actual Loops": 4,"Filter": "(o_orderdate < '1995-03-26'::date)","Rows Removed by Filter": 191478,"Workers": []},{"Node Type": "Hash","Parent Relationship": "Inner","Parallel Aware": true,"Async Capable": false,"Startup Cost": 4366.25,"Total Cost": 4366.25,"Plan Rows": 12502,"Plan Width": 4,"Actual Startup Time": 24.745,"Actual Total Time": 24.748,"Actual Rows": 7547,"Actual Loops": 4,"Hash Buckets": 32768,"Original Hash Buckets": 32768,"Hash Batches": 1,"Original Hash Batches": 1,"Peak Memory Usage": 1472,"Workers": [],"Plans": [{"Node Type": "Seq Scan","Parent Relationship": "Outer","Parallel Aware": true,"Async Capable": false,"Relation Name": "customer","Alias": "customer","Startup Cost": 0.00,"Total Cost": 4366.25,"Plan Rows": 12502,"Plan Width": 4,"Actual Startup Time": 0.038,"Actual Total Time": 21.032,"Actual Rows": 7547,"Actual Loops": 4,"Filter": "(c_mktsegment = 'HOUSEHOLD'::bpchar)","Rows Removed by Filter": 29953,"Workers": []}]}]},{"Node Type": "Index Scan","Parent Relationship": "Inner","Parallel Aware": false,"Async Capable": false,"Scan Direction": "Forward","Index Name": "idx_lineitem_orderkey","Relation Name": "lineitem","Alias": "lineitem","Startup Cost": 0.43,"Total Cost": 1.43,"Plan Rows": 9,"Plan Width": 16,"Actual Startup Time": 0.007,"Actual Total Time": 0.007,"Actual Rows": 0,"Actual Loops": 146495,"Index Cond": "(l_orderkey = orders.o_orderkey)","Rows Removed by Index Recheck": 0,"Filter": "(l_shipdate > '1995-03-26'::date)","Rows Removed by Filter": 4,"Workers": []}]}]}]}]},"Planning Time": 6.245,"Triggers": [],"Execution Time": 565.304}]
[{"Plan": {"Node Type": "Sort","Parallel Aware": false,"Async Capable": false,"Startup Cost": 177778.46,"Total Cost": 178559.29,"Plan Rows": 312334,"Plan Width": 44,"Actual Startup Time": 536.081,"Actual Total Time": 545.828,"Actual Rows": 11612,"Actual Loops": 1,"Sort Key": ["(sum((lineitem.l_extendedprice * ('1'::numeric - lineitem.l_discount)))) DESC", "orders.o_orderdate"],"Sort Method": "quicksort","Sort Space Used": 1110,"Sort Space Type": "Memory","Plans": [{"Node Type": "Aggregate","Strategy": "Hashed","Partial Mode": "Simple","Parent Relationship": "Outer","Parallel Aware": false,"Async Capable": false,"Startup Cost": 145369.54,"Total Cost": 149273.72,"Plan Rows": 312334,"Plan Width": 44,"Actual Startup Time": 513.237,"Actual Total Time": 537.288,"Actual Rows": 11612,"Actual Loops": 1,"Group Key": ["lineitem.l_orderkey", "orders.o_orderdate", "orders.o_shippriority"],"Planned Partitions": 0,"HashAgg Batches": 1,"Peak Memory Usage": 20497,"Disk Usage": 0,"Plans": [{"Node Type": "Gather","Parent Relationship": "Outer","Parallel Aware": false,"Async Capable": false,"Startup Cost": 5521.58,"Total Cost": 140684.53,"Plan Rows": 312334,"Plan Width": 24,"Actual Startup Time": 30.510,"Actual Total Time": 490.222,"Actual Rows": 30533,"Actual Loops": 1,"Workers Planned": 3,"Workers Launched": 3,"Single Copy": false,"Plans": [{"Node Type": "Nested Loop","Parent Relationship": "Outer","Parallel Aware": false,"Async Capable": false,"Join Type": "Inner","Startup Cost": 4521.58,"Total Cost": 108451.13,"Plan Rows": 100753,"Plan Width": 24,"Actual Startup Time": 23.807,"Actual Total Time": 496.598,"Actual Rows": 7633,"Actual Loops": 4,"Inner Unique": false,"Workers": [],"Plans": [{"Node Type": "Hash Join","Parent Relationship": "Outer","Parallel Aware": true,"Async Capable": false,"Join Type": "Inner","Startup Cost": 4521.15,"Total Cost": 37277.96,"Plan Rows": 46330,"Plan Width": 12,"Actual Startup Time": 23.629,"Actual Total Time": 212.943,"Actual Rows": 36516,"Actual Loops": 4,"Inner Unique": true,"Hash Cond": "(orders.o_custkey = customer.c_custkey)","Workers": [],"Plans": [{"Node Type": "Seq Scan","Parent Relationship": "Outer","Parallel Aware": true,"Async Capable": false,"Relation Name": "orders","Alias": "orders","Startup Cost": 0.00,"Total Cost": 32143.39,"Plan Rows": 233677,"Plan Width": 16,"Actual Startup Time": 0.015,"Actual Total Time": 143.097,"Actual Rows": 180569,"Actual Loops": 4,"Filter": "(o_orderdate < '1995-03-07'::date)","Rows Removed by Filter": 194431,"Workers": []},{"Node Type": "Hash","Parent Relationship": "Inner","Parallel Aware": true,"Async Capable": false,"Startup Cost": 4366.25,"Total Cost": 4366.25,"Plan Rows": 12392,"Plan Width": 4,"Actual Startup Time": 23.145,"Actual Total Time": 23.150,"Actual Rows": 7536,"Actual Loops": 4,"Hash Buckets": 32768,"Original Hash Buckets": 32768,"Hash Batches": 1,"Original Hash Batches": 1,"Peak Memory Usage": 1504,"Workers": [],"Plans": [{"Node Type": "Seq Scan","Parent Relationship": "Outer","Parallel Aware": true,"Async Capable": false,"Relation Name": "customer","Alias": "customer","Startup Cost": 0.00,"Total Cost": 4366.25,"Plan Rows": 12392,"Plan Width": 4,"Actual Startup Time": 0.035,"Actual Total Time": 20.005,"Actual Rows": 7536,"Actual Loops": 4,"Filter": "(c_mktsegment = 'BUILDING'::bpchar)","Rows Removed by Filter": 29964,"Workers": []}]}]},{"Node Type": "Index Scan","Parent Relationship": "Inner","Parallel Aware": false,"Async Capable": false,"Scan Direction": "Forward","Index Name": "idx_lineitem_orderkey","Relation Name": "lineitem","Alias": "lineitem","Startup Cost": 0.43,"Total Cost": 1.45,"Plan Rows": 9,"Plan Width": 16,"Actual Startup Time": 0.007,"Actual Total Time": 0.008,"Actual Rows": 0,"Actual Loops": 146063,"Index Cond": "(l_orderkey = orders.o_orderkey)","Rows Removed by Index Recheck": 0,"Filter": "(l_shipdate > '1995-03-07'::date)","Rows Removed by Filter": 4,"Workers": []}]}]}]}]},"Planning Time": 6.452,"Triggers": [],"Execution Time": 558.881}]
[{"Plan": {"Node Type": "Sort","Parallel Aware": false,"Async Capable": false,"Startup Cost": 182085.45,"Total Cost": 182889.30,"Plan Rows": 321541,"Plan Width": 44,"Actual Startup Time": 517.688,"Actual Total Time": 530.011,"Actual Rows": 11375,"Actual Loops": 1,"Sort Key": ["(sum((lineitem.l_extendedprice * ('1'::numeric - lineitem.l_discount)))) DESC", "orders.o_orderdate"],"Sort Method": "quicksort","Sort Space Used": 1095,"Sort Space Type": "Memory","Plans": [{"Node Type": "Aggregate","Strategy": "Hashed","Partial Mode": "Simple","Parent Relationship": "Outer","Parallel Aware": false,"Async Capable": false,"Startup Cost": 148653.80,"Total Cost": 152673.06,"Plan Rows": 321541,"Plan Width": 44,"Actual Startup Time": 497.051,"Actual Total Time": 522.188,"Actual Rows": 11375,"Actual Loops": 1,"Group Key": ["lineitem.l_orderkey", "orders.o_orderdate", "orders.o_shippriority"],"Planned Partitions": 0,"HashAgg Batches": 1,"Peak Memory Usage": 20497,"Disk Usage": 0,"Plans": [{"Node Type": "Gather","Parent Relationship": "Outer","Parallel Aware": false,"Async Capable": false,"Startup Cost": 5526.18,"Total Cost": 143830.68,"Plan Rows": 321541,"Plan Width": 24,"Actual Startup Time": 30.466,"Actual Total Time": 478.198,"Actual Rows": 30115,"Actual Loops": 1,"Workers Planned": 3,"Workers Launched": 3,"Single Copy": false,"Plans": [{"Node Type": "Nested Loop","Parent Relationship": "Outer","Parallel Aware": false,"Async Capable": false,"Join Type": "Inner","Startup Cost": 4526.18,"Total Cost": 110676.58,"Plan Rows": 103723,"Plan Width": 24,"Actual Startup Time": 23.469,"Actual Total Time": 480.812,"Actual Rows": 7529,"Actual Loops": 4,"Inner Unique": false,"Workers": [],"Plans": [{"Node Type": "Hash Join","Parent Relationship": "Outer","Parallel Aware": true,"Async Capable": false,"Join Type": "Inner","Startup Cost": 4525.75,"Total Cost": 37284.07,"Plan Rows": 47826,"Plan Width": 12,"Actual Startup Time": 23.241,"Actual Total Time": 206.203,"Actual Rows": 36125,"Actual Loops": 4,"Inner Unique": true,"Hash Cond": "(orders.o_custkey = customer.c_custkey)","Workers": [],"Plans": [{"Node Type": "Seq Scan","Parent Relationship": "Outer","Parallel Aware": true,"Async Capable": false,"Relation Name": "orders","Alias": "orders","Startup Cost": 0.00,"Total Cost": 32143.39,"Plan Rows": 234250,"Plan Width": 16,"Actual Startup Time": 0.013,"Actual Total Time": 137.792,"Actual Rows": 181030,"Actual Loops": 4,"Filter": "(o_orderdate < '1995-03-10'::date)","Rows Removed by Filter": 193970,"Workers": []},{"Node Type": "Hash","Parent Relationship": "Inner","Parallel Aware": true,"Async Capable": false,"Startup Cost": 4366.25,"Total Cost": 4366.25,"Plan Rows": 12760,"Plan Width": 4,"Actual Startup Time": 22.817,"Actual Total Time": 22.822,"Actual Rows": 7492,"Actual Loops": 4,"Hash Buckets": 32768,"Original Hash Buckets": 32768,"Hash Batches": 1,"Original Hash Batches": 1,"Peak Memory Usage": 1504,"Workers": [],"Plans": [{"Node Type": "Seq Scan","Parent Relationship": "Outer","Parallel Aware": true,"Async Capable": false,"Relation Name": "customer","Alias": "customer","Startup Cost": 0.00,"Total Cost": 4366.25,"Plan Rows": 12760,"Plan Width": 4,"Actual Startup Time": 0.033,"Actual Total Time": 19.689,"Actual Rows": 7492,"Actual Loops": 4,"Filter": "(c_mktsegment = 'FURNITURE'::bpchar)","Rows Removed by Filter": 30008,"Workers": []}]}]},{"Node Type": "Index Scan","Parent Relationship": "Inner","Parallel Aware": false,"Async Capable": false,"Scan Direction": "Forward","Index Name": "idx_lineitem_orderkey","Relation Name": "lineitem","Alias": "lineitem","Startup Cost": 0.43,"Total Cost": 1.44,"Plan Rows": 9,"Plan Width": 16,"Actual Startup Time": 0.007,"Actual Total Time": 0.007,"Actual Rows": 0,"Actual Loops": 144500,"Index Cond": "(l_orderkey = orders.o_orderkey)","Rows Removed by Index Recheck": 0,"Filter": "(l_shipdate > '1995-03-10'::date)","Rows Removed by Filter": 4,"Workers": []}]}]}]}]},"Planning Time": 7.131,"Triggers": [],"Execution Time": 544.554}]
[{"Plan": {"Node Type": "Sort","Parallel Aware": false,"Async Capable": false,"Startup Cost": 177433.30,"Total Cost": 178211.36,"Plan Rows": 311223,"Plan Width": 44,"Actual Startup Time": 513.174,"Actual Total Time": 524.708,"Actual Rows": 11511,"Actual Loops": 1,"Sort Key": ["(sum((lineitem.l_extendedprice * ('1'::numeric - lineitem.l_discount)))) DESC", "orders.o_orderdate"],"Sort Method": "quicksort","Sort Space Used": 1104,"Sort Space Type": "Memory","Plans": [{"Node Type": "Aggregate","Strategy": "Hashed","Partial Mode": "Simple","Parent Relationship": "Outer","Parallel Aware": false,"Async Capable": false,"Startup Cost": 145147.67,"Total Cost": 149037.96,"Plan Rows": 311223,"Plan Width": 44,"Actual Startup Time": 491.994,"Actual Total Time": 517.235,"Actual Rows": 11511,"Actual Loops": 1,"Group Key": ["lineitem.l_orderkey", "orders.o_orderdate", "orders.o_shippriority"],"Planned Partitions": 0,"HashAgg Batches": 1,"Peak Memory Usage": 20497,"Disk Usage": 0,"Plans": [{"Node Type": "Gather","Parent Relationship": "Outer","Parallel Aware": false,"Async Capable": false,"Startup Cost": 5521.08,"Total Cost": 140479.33,"Plan Rows": 311223,"Plan Width": 24,"Actual Startup Time": 30.568,"Actual Total Time": 472.340,"Actual Rows": 30355,"Actual Loops": 1,"Workers Planned": 3,"Workers Launched": 3,"Single Copy": false,"Plans": [{"Node Type": "Nested Loop","Parent Relationship": "Outer","Parallel Aware": false,"Async Capable": false,"Join Type": "Inner","Startup Cost": 4521.08,"Total Cost": 108357.03,"Plan Rows": 100395,"Plan Width": 24,"Actual Startup Time": 23.443,"Actual Total Time": 475.280,"Actual Rows": 7589,"Actual Loops": 4,"Inner Unique": false,"Workers": [],"Plans": [{"Node Type": "Hash Join","Parent Relationship": "Outer","Parallel Aware": true,"Async Capable": false,"Join Type": "Inner","Startup Cost": 4520.65,"Total Cost": 37279.47,"Plan Rows": 46334,"Plan Width": 12,"Actual Startup Time": 23.053,"Actual Total Time": 203.084,"Actual Rows": 36043,"Actual Loops": 4,"Inner Unique": true,"Hash Cond": "(orders.o_custkey = customer.c_custkey)","Workers": [],"Plans": [{"Node Type": "Seq Scan","Parent Relationship": "Outer","Parallel Aware": true,"Async Capable": false,"Relation Name": "orders","Alias": "orders","Startup Cost": 0.00,"Total Cost": 32143.39,"Plan Rows": 234441,"Plan Width": 16,"Actual Startup Time": 0.015,"Actual Total Time": 134.723,"Actual Rows": 181190,"Actual Loops": 4,"Filter": "(o_orderdate < '1995-03-11'::date)","Rows Removed by Filter": 193810,"Workers": []},{"Node Type": "Hash","Parent Relationship": "Inner","Parallel Aware": true,"Async Capable": false,"Startup Cost": 4366.25,"Total Cost": 4366.25,"Plan Rows": 12352,"Plan Width": 4,"Actual Startup Time": 22.578,"Actual Total Time": 22.582,"Actual Rows": 7438,"Actual Loops": 4,"Hash Buckets": 32768,"Original Hash Buckets": 32768,"Hash Batches": 1,"Original Hash Batches": 1,"Peak Memory Usage": 1472,"Workers": [],"Plans": [{"Node Type": "Seq Scan","Parent Relationship": "Outer","Parallel Aware": true,"Async Capable": false,"Relation Name": "customer","Alias": "customer","Startup Cost": 0.00,"Total Cost": 4366.25,"Plan Rows": 12352,"Plan Width": 4,"Actual Startup Time": 0.032,"Actual Total Time": 19.502,"Actual Rows": 7438,"Actual Loops": 4,"Filter": "(c_mktsegment = 'AUTOMOBILE'::bpchar)","Rows Removed by Filter": 30062,"Workers": []}]}]},{"Node Type": "Index Scan","Parent Relationship": "Inner","Parallel Aware": false,"Async Capable": false,"Scan Direction": "Forward","Index Name": "idx_lineitem_orderkey","Relation Name": "lineitem","Alias": "lineitem","Startup Cost": 0.43,"Total Cost": 1.44,"Plan Rows": 9,"Plan Width": 16,"Actual Startup Time": 0.007,"Actual Total Time": 0.007,"Actual Rows": 0,"Actual Loops": 144171,"Index Cond": "(l_orderkey = orders.o_orderkey)","Rows Removed by Index Recheck": 0,"Filter": "(l_shipdate > '1995-03-11'::date)","Rows Removed by Filter": 4,"Workers": []}]}]}]}]},"Planning Time": 6.821,"Triggers": [],"Execution Time": 538.280}]
[{"Plan": {"Node Type": "Sort","Parallel Aware": false,"Async Capable": false,"Startup Cost": 182378.26,"Total Cost": 183183.11,"Plan Rows": 321937,"Plan Width": 44,"Actual Startup Time": 522.504,"Actual Total Time": 532.190,"Actual Rows": 11370,"Actual Loops": 1,"Sort Key": ["(sum((lineitem.l_extendedprice * ('1'::numeric - lineitem.l_discount)))) DESC", "orders.o_orderdate"],"Sort Method": "quicksort","Sort Space Used": 1095,"Sort Space Type": "Memory","Plans": [{"Node Type": "Aggregate","Strategy": "Hashed","Partial Mode": "Simple","Parent Relationship": "Outer","Parallel Aware": false,"Async Capable": false,"Startup Cost": 148902.58,"Total Cost": 152926.79,"Plan Rows": 321937,"Plan Width": 44,"Actual Startup Time": 500.057,"Actual Total Time": 523.810,"Actual Rows": 11370,"Actual Loops": 1,"Group Key": ["lineitem.l_orderkey", "orders.o_orderdate", "orders.o_shippriority"],"Planned Partitions": 0,"HashAgg Batches": 1,"Peak Memory Usage": 20497,"Disk Usage": 0,"Plans": [{"Node Type": "Gather","Parent Relationship": "Outer","Parallel Aware": false,"Async Capable": false,"Startup Cost": 5526.18,"Total Cost": 144073.52,"Plan Rows": 321937,"Plan Width": 24,"Actual Startup Time": 30.568,"Actual Total Time": 477.913,"Actual Rows": 30180,"Actual Loops": 1,"Workers Planned": 3,"Workers Launched": 3,"Single Copy": false,"Plans": [{"Node Type": "Nested Loop","Parent Relationship": "Outer","Parallel Aware": false,"Async Capable": false,"Join Type": "Inner","Startup Cost": 4526.18,"Total Cost": 110879.82,"Plan Rows": 103851,"Plan Width": 24,"Actual Startup Time": 23.146,"Actual Total Time": 483.326,"Actual Rows": 7545,"Actual Loops": 4,"Inner Unique": false,"Workers": [],"Plans": [{"Node Type": "Hash Join","Parent Relationship": "Outer","Parallel Aware": true,"Async Capable": false,"Join Type": "Inner","Startup Cost": 4525.75,"Total Cost": 37287.05,"Plan Rows": 48058,"Plan Width": 12,"Actual Startup Time": 22.905,"Actual Total Time": 206.744,"Actual Rows": 36248,"Actual Loops": 4,"Inner Unique": true,"Hash Cond": "(orders.o_custkey = customer.c_custkey)","Workers": [],"Plans": [{"Node Type": "Seq Scan","Parent Relationship": "Outer","Parallel Aware": true,"Async Capable": false,"Relation Name": "orders","Alias": "orders","Startup Cost": 0.00,"Total Cost": 32143.39,"Plan Rows": 235386,"Plan Width": 16,"Actual Startup Time": 0.011,"Actual Total Time": 138.075,"Actual Rows": 181666,"Actual Loops": 4,"Filter": "(o_orderdate < '1995-03-14'::date)","Rows Removed by Filter": 193334,"Workers": []},{"Node Type": "Hash","Parent Relationship": "Inner","Parallel Aware": true,"Async Capable": false,"Startup Cost": 4366.25,"Total Cost": 4366.25,"Plan Rows": 12760,"Plan Width": 4,"Actual Startup Time": 22.494,"Actual Total Time": 22.498,"Actual Rows": 7492,"Actual Loops": 4,"Hash Buckets": 32768,"Original Hash Buckets": 32768,"Hash Batches": 1,"Original Hash Batches": 1,"Peak Memory Usage": 1472,"Workers": [],"Plans": [{"Node Type": "Seq Scan","Parent Relationship": "Outer","Parallel Aware": true,"Async Capable": false,"Relation Name": "customer","Alias": "customer","Startup Cost": 0.00,"Total Cost": 4366.25,"Plan Rows": 12760,"Plan Width": 4,"Actual Startup Time": 0.034,"Actual Total Time": 19.455,"Actual Rows": 7492,"Actual Loops": 4,"Filter": "(c_mktsegment = 'FURNITURE'::bpchar)","Rows Removed by Filter": 30008,"Workers": []}]}]},{"Node Type": "Index Scan","Parent Relationship": "Inner","Parallel Aware": false,"Async Capable": false,"Scan Direction": "Forward","Index Name": "idx_lineitem_orderkey","Relation Name": "lineitem","Alias": "lineitem","Startup Cost": 0.43,"Total Cost": 1.44,"Plan Rows": 9,"Plan Width": 16,"Actual Startup Time": 0.007,"Actual Total Time": 0.007,"Actual Rows": 0,"Actual Loops": 144992,"Index Cond": "(l_orderkey = orders.o_orderkey)","Rows Removed by Index Recheck": 0,"Filter": "(l_shipdate > '1995-03-14'::date)","Rows Removed by Filter": 4,"Workers": []}]}]}]}]},"Planning Time": 5.353,"Triggers": [],"Execution Time": 547.104}]
[{"Plan": {"Node Type": "Sort","Parallel Aware": false,"Async Capable": false,"Startup Cost": 179528.29,"Total Cost": 180316.65,"Plan Rows": 315344,"Plan Width": 44,"Actual Startup Time": 520.119,"Actual Total Time": 529.996,"Actual Rows": 11418,"Actual Loops": 1,"Sort Key": ["(sum((lineitem.l_extendedprice * ('1'::numeric - lineitem.l_discount)))) DESC", "orders.o_orderdate"],"Sort Method": "quicksort","Sort Space Used": 1098,"Sort Space Type": "Memory","Plans": [{"Node Type": "Aggregate","Strategy": "Hashed","Partial Mode": "Simple","Parent Relationship": "Outer","Parallel Aware": false,"Async Capable": false,"Startup Cost": 146785.23,"Total Cost": 150727.03,"Plan Rows": 315344,"Plan Width": 44,"Actual Startup Time": 497.796,"Actual Total Time": 521.748,"Actual Rows": 11418,"Actual Loops": 1,"Group Key": ["lineitem.l_orderkey", "orders.o_orderdate", "orders.o_shippriority"],"Planned Partitions": 0,"HashAgg Batches": 1,"Peak Memory Usage": 20497,"Disk Usage": 0,"Plans": [{"Node Type": "Gather","Parent Relationship": "Outer","Parallel Aware": false,"Async Capable": false,"Startup Cost": 5522.96,"Total Cost": 142055.07,"Plan Rows": 315344,"Plan Width": 24,"Actual Startup Time": 29.605,"Actual Total Time": 475.929,"Actual Rows": 30273,"Actual Loops": 1,"Workers Planned": 3,"Workers Launched": 3,"Single Copy": false,"Plans": [{"Node Type": "Nested Loop","Parent Relationship": "Outer","Parallel Aware": false,"Async Capable": false,"Join Type": "Inner","Startup Cost": 4522.96,"Total Cost": 109520.67,"Plan Rows": 101724,"Plan Width": 24,"Actual Startup Time": 22.712,"Actual Total Time": 481.432,"Actual Rows": 7568,"Actual Loops": 4,"Inner Unique": false,"Workers": [],"Plans": [{"Node Type": "Hash Join","Parent Relationship": "Outer","Parallel Aware": true,"Async Capable": false,"Join Type": "Inner","Startup Cost": 4522.52,"Total Cost": 37285.83,"Plan Rows": 47238,"Plan Width": 12,"Actual Startup Time": 22.591,"Actual Total Time": 206.068,"Actual Rows": 36382,"Actual Loops": 4,"Inner Unique": true,"Hash Cond": "(orders.o_custkey = customer.c_custkey)","Workers": [],"Plans": [{"Node Type": "Seq Scan","Parent Relationship": "Outer","Parallel Aware": true,"Async Capable": false,"Relation Name": "orders","Alias": "orders","Startup Cost": 0.00,"Total Cost": 32143.39,"Plan Rows": 236150,"Plan Width": 16,"Actual Startup Time": 0.011,"Actual Total Time": 137.568,"Actual Rows": 182297,"Actual Loops": 4,"Filter": "(o_orderdate < '1995-03-18'::date)","Rows Removed by Filter": 192703,"Workers": []},{"Node Type": "Hash","Parent Relationship": "Inner","Parallel Aware": true,"Async Capable": false,"Startup Cost": 4366.25,"Total Cost": 4366.25,"Plan Rows": 12502,"Plan Width": 4,"Actual Startup Time": 22.130,"Actual Total Time": 22.133,"Actual Rows": 7547,"Actual Loops": 4,"Hash Buckets": 32768,"Original Hash Buckets": 32768,"Hash Batches": 1,"Original Hash Batches": 1,"Peak Memory Usage": 1472,"Workers": [],"Plans": [{"Node Type": "Seq Scan","Parent Relationship": "Outer","Parallel Aware": true,"Async Capable": false,"Relation Name": "customer","Alias": "customer","Startup Cost": 0.00,"Total Cost": 4366.25,"Plan Rows": 12502,"Plan Width": 4,"Actual Startup Time": 0.043,"Actual Total Time": 19.149,"Actual Rows": 7547,"Actual Loops": 4,"Filter": "(c_mktsegment = 'HOUSEHOLD'::bpchar)","Rows Removed by Filter": 29953,"Workers": []}]}]},{"Node Type": "Index Scan","Parent Relationship": "Inner","Parallel Aware": false,"Async Capable": false,"Scan Direction": "Forward","Index Name": "idx_lineitem_orderkey","Relation Name": "lineitem","Alias": "lineitem","Startup Cost": 0.43,"Total Cost": 1.44,"Plan Rows": 9,"Plan Width": 16,"Actual Startup Time": 0.007,"Actual Total Time": 0.007,"Actual Rows": 0,"Actual Loops": 145528,"Index Cond": "(l_orderkey = orders.o_orderkey)","Rows Removed by Index Recheck": 0,"Filter": "(l_shipdate > '1995-03-18'::date)","Rows Removed by Filter": 4,"Workers": []}]}]}]}]},"Planning Time": 5.362,"Triggers": [],"Execution Time": 542.743}]
[{"Plan": {"Node Type": "Sort","Parallel Aware": false,"Async Capable": false,"Startup Cost": 179658.59,"Total Cost": 180446.85,"Plan Rows": 315306,"Plan Width": 44,"Actual Startup Time": 509.617,"Actual Total Time": 519.903,"Actual Rows": 11371,"Actual Loops": 1,"Sort Key": ["(sum((lineitem.l_extendedprice * ('1'::numeric - lineitem.l_discount)))) DESC", "orders.o_orderdate"],"Sort Method": "quicksort","Sort Space Used": 1095,"Sort Space Type": "Memory","Plans": [{"Node Type": "Aggregate","Strategy": "Hashed","Partial Mode": "Simple","Parent Relationship": "Outer","Parallel Aware": false,"Async Capable": false,"Startup Cost": 146919.75,"Total Cost": 150861.07,"Plan Rows": 315306,"Plan Width": 44,"Actual Startup Time": 487.105,"Actual Total Time": 511.847,"Actual Rows": 11371,"Actual Loops": 1,"Group Key": ["lineitem.l_orderkey", "orders.o_orderdate", "orders.o_shippriority"],"Planned Partitions": 0,"HashAgg Batches": 1,"Peak Memory Usage": 20497,"Disk Usage": 0,"Plans": [{"Node Type": "Gather","Parent Relationship": "Outer","Parallel Aware": false,"Async Capable": false,"Startup Cost": 5522.96,"Total Cost": 142190.16,"Plan Rows": 315306,"Plan Width": 24,"Actual Startup Time": 29.658,"Actual Total Time": 466.110,"Actual Rows": 30162,"Actual Loops": 1,"Workers Planned": 3,"Workers Launched": 3,"Single Copy": false,"Plans": [{"Node Type": "Nested Loop","Parent Relationship": "Outer","Parallel Aware": false,"Async Capable": false,"Join Type": "Inner","Startup Cost": 4522.96,"Total Cost": 109659.56,"Plan Rows": 101712,"Plan Width": 24,"Actual Startup Time": 22.409,"Actual Total Time": 470.484,"Actual Rows": 7540,"Actual Loops": 4,"Inner Unique": false,"Workers": [],"Plans": [{"Node Type": "Hash Join","Parent Relationship": "Outer","Parallel Aware": true,"Async Capable": false,"Join Type": "Inner","Startup Cost": 4522.52,"Total Cost": 37287.92,"Plan Rows": 47397,"Plan Width": 12,"Actual Startup Time": 22.272,"Actual Total Time": 201.010,"Actual Rows": 36507,"Actual Loops": 4,"Inner Unique": true,"Hash Cond": "(orders.o_custkey = customer.c_custkey)","Workers": [],"Plans": [{"Node Type": "Seq Scan","Parent Relationship": "Outer","Parallel Aware": true,"Async Capable": false,"Relation Name": "orders","Alias": "orders","Startup Cost": 0.00,"Total Cost": 32143.39,"Plan Rows": 236947,"Plan Width": 16,"Actual Startup Time": 0.011,"Actual Total Time": 132.847,"Actual Rows": 182920,"Actual Loops": 4,"Filter": "(o_orderdate < '1995-03-22'::date)","Rows Removed by Filter": 192080,"Workers": []},{"Node Type": "Hash","Parent Relationship": "Inner","Parallel Aware": true,"Async Capable": false,"Startup Cost": 4366.25,"Total Cost": 4366.25,"Plan Rows": 12502,"Plan Width": 4,"Actual Startup Time": 21.789,"Actual Total Time": 21.795,"Actual Rows": 7547,"Actual Loops": 4,"Hash Buckets": 32768,"Original Hash Buckets": 32768,"Hash Batches": 1,"Original Hash Batches": 1,"Peak Memory Usage": 1504,"Workers": [],"Plans": [{"Node Type": "Seq Scan","Parent Relationship": "Outer","Parallel Aware": true,"Async Capable": false,"Relation Name": "customer","Alias": "customer","Startup Cost": 0.00,"Total Cost": 4366.25,"Plan Rows": 12502,"Plan Width": 4,"Actual Startup Time": 0.039,"Actual Total Time": 18.794,"Actual Rows": 7547,"Actual Loops": 4,"Filter": "(c_mktsegment = 'HOUSEHOLD'::bpchar)","Rows Removed by Filter": 29953,"Workers": []}]}]},{"Node Type": "Index Scan","Parent Relationship": "Inner","Parallel Aware": false,"Async Capable": false,"Scan Direction": "Forward","Index Name": "idx_lineitem_orderkey","Relation Name": "lineitem","Alias": "lineitem","Startup Cost": 0.43,"Total Cost": 1.44,"Plan Rows": 9,"Plan Width": 16,"Actual Startup Time": 0.007,"Actual Total Time": 0.007,"Actual Rows": 0,"Actual Loops": 146028,"Index Cond": "(l_orderkey = orders.o_orderkey)","Rows Removed by Index Recheck": 0,"Filter": "(l_shipdate > '1995-03-22'::date)","Rows Removed by Filter": 4,"Workers": []}]}]}]}]},"Planning Time": 6.334,"Triggers": [],"Execution Time": 533.291}]
[{"Plan": {"Node Type": "Sort","Parallel Aware": false,"Async Capable": false,"Startup Cost": 182378.26,"Total Cost": 183183.11,"Plan Rows": 321937,"Plan Width": 44,"Actual Startup Time": 522.504,"Actual Total Time": 532.190,"Actual Rows": 11370,"Actual Loops": 1,"Sort Key": ["(sum((lineitem.l_extendedprice * ('1'::numeric - lineitem.l_discount)))) DESC", "orders.o_orderdate"],"Sort Method": "quicksort","Sort Space Used": 1095,"Sort Space Type": "Memory","Plans": [{"Node Type": "Aggregate","Strategy": "Hashed","Partial Mode": "Simple","Parent Relationship": "Outer","Parallel Aware": false,"Async Capable": false,"Startup Cost": 148902.58,"Total Cost": 152926.79,"Plan Rows": 321937,"Plan Width": 44,"Actual Startup Time": 500.057,"Actual Total Time": 523.810,"Actual Rows": 11370,"Actual Loops": 1,"Group Key": ["lineitem.l_orderkey", "orders.o_orderdate", "orders.o_shippriority"],"Planned Partitions": 0,"HashAgg Batches": 1,"Peak Memory Usage": 20497,"Disk Usage": 0,"Plans": [{"Node Type": "Gather","Parent Relationship": "Outer","Parallel Aware": false,"Async Capable": false,"Startup Cost": 5526.18,"Total Cost": 144073.52,"Plan Rows": 321937,"Plan Width": 24,"Actual Startup Time": 30.568,"Actual Total Time": 477.913,"Actual Rows": 30180,"Actual Loops": 1,"Workers Planned": 3,"Workers Launched": 3,"Single Copy": false,"Plans": [{"Node Type": "Nested Loop","Parent Relationship": "Outer","Parallel Aware": false,"Async Capable": false,"Join Type": "Inner","Startup Cost": 4526.18,"Total Cost": 110879.82,"Plan Rows": 103851,"Plan Width": 24,"Actual Startup Time": 23.146,"Actual Total Time": 483.326,"Actual Rows": 7545,"Actual Loops": 4,"Inner Unique": false,"Workers": [],"Plans": [{"Node Type": "Hash Join","Parent Relationship": "Outer","Parallel Aware": true,"Async Capable": false,"Join Type": "Inner","Startup Cost": 4525.75,"Total Cost": 37287.05,"Plan Rows": 48058,"Plan Width": 12,"Actual Startup Time": 22.905,"Actual Total Time": 206.744,"Actual Rows": 36248,"Actual Loops": 4,"Inner Unique": true,"Hash Cond": "(orders.o_custkey = customer.c_custkey)","Workers": [],"Plans": [{"Node Type": "Seq Scan","Parent Relationship": "Outer","Parallel Aware": true,"Async Capable": false,"Relation Name": "orders","Alias": "orders","Startup Cost": 0.00,"Total Cost": 32143.39,"Plan Rows": 235386,"Plan Width": 16,"Actual Startup Time": 0.011,"Actual Total Time": 138.075,"Actual Rows": 181666,"Actual Loops": 4,"Filter": "(o_orderdate < '1995-03-14'::date)","Rows Removed by Filter": 193334,"Workers": []},{"Node Type": "Hash","Parent Relationship": "Inner","Parallel Aware": true,"Async Capable": false,"Startup Cost": 4366.25,"Total Cost": 4366.25,"Plan Rows": 12760,"Plan Width": 4,"Actual Startup Time": 22.494,"Actual Total Time": 22.498,"Actual Rows": 7492,"Actual Loops": 4,"Hash Buckets": 32768,"Original Hash Buckets": 32768,"Hash Batches": 1,"Original Hash Batches": 1,"Peak Memory Usage": 1472,"Workers": [],"Plans": [{"Node Type": "Seq Scan","Parent Relationship": "Outer","Parallel Aware": true,"Async Capable": false,"Relation Name": "customer","Alias": "customer","Startup Cost": 0.00,"Total Cost": 4366.25,"Plan Rows": 12760,"Plan Width": 4,"Actual Startup Time": 0.034,"Actual Total Time": 19.455,"Actual Rows": 7492,"Actual Loops": 4,"Filter": "(c_mktsegment = 'FURNITURE'::bpchar)","Rows Removed by Filter": 30008,"Workers": []}]}]},{"Node Type": "Index Scan","Parent Relationship": "Inner","Parallel Aware": false,"Async Capable": false,"Scan Direction": "Forward","Index Name": "idx_lineitem_orderkey","Relation Name": "lineitem","Alias": "lineitem","Startup Cost": 0.43,"Total Cost": 1.44,"Plan Rows": 9,"Plan Width": 16,"Actual Startup Time": 0.007,"Actual Total Time": 0.007,"Actual Rows": 0,"Actual Loops": 144992,"Index Cond": "(l_orderkey = orders.o_orderkey)","Rows Removed by Index Recheck": 0,"Filter": "(l_shipdate > '1995-03-14'::date)","Rows Removed by Filter": 4,"Workers": []}]}]}]}]},"Planning Time": 5.353,"Triggers": [],"Execution Time": 547.104}]
[{"Plan": {"Node Type": "Sort","Parallel Aware": false,"Async Capable": false,"Startup Cost": 179526.14,"Total Cost": 180313.88,"Plan Rows": 315094,"Plan Width": 44,"Actual Startup Time": 538.751,"Actual Total Time": 549.981,"Actual Rows": 11264,"Actual Loops": 1,"Sort Key": ["(sum((lineitem.l_extendedprice * ('1'::numeric - lineitem.l_discount)))) DESC", "orders.o_orderdate"],"Sort Method": "quicksort","Sort Space Used": 1089,"Sort Space Type": "Memory","Plans": [{"Node Type": "Aggregate","Strategy": "Hashed","Partial Mode": "Simple","Parent Relationship": "Outer","Parallel Aware": false,"Async Capable": false,"Startup Cost": 146810.84,"Total Cost": 150749.52,"Plan Rows": 315094,"Plan Width": 44,"Actual Startup Time": 516.842,"Actual Total Time": 542.019,"Actual Rows": 11264,"Actual Loops": 1,"Group Key": ["lineitem.l_orderkey", "orders.o_orderdate", "orders.o_shippriority"],"Planned Partitions": 0,"HashAgg Batches": 1,"Peak Memory Usage": 20497,"Disk Usage": 0,"Plans": [{"Node Type": "Gather","Parent Relationship": "Outer","Parallel Aware": false,"Async Capable": false,"Startup Cost": 5522.86,"Total Cost": 142084.43,"Plan Rows": 315094,"Plan Width": 24,"Actual Startup Time": 34.785,"Actual Total Time": 494.380,"Actual Rows": 29743,"Actual Loops": 1,"Workers Planned": 3,"Workers Launched": 3,"Single Copy": false,"Plans": [{"Node Type": "Nested Loop","Parent Relationship": "Outer","Parallel Aware": false,"Async Capable": false,"Join Type": "Inner","Startup Cost": 4522.86,"Total Cost": 109575.03,"Plan Rows": 101643,"Plan Width": 24,"Actual Startup Time": 27.932,"Actual Total Time": 500.050,"Actual Rows": 7436,"Actual Loops": 4,"Inner Unique": false,"Workers": [],"Plans": [{"Node Type": "Hash Join","Parent Relationship": "Outer","Parallel Aware": true,"Async Capable": false,"Join Type": "Inner","Startup Cost": 4522.43,"Total Cost": 37287.28,"Plan Rows": 47324,"Plan Width": 12,"Actual Startup Time": 27.587,"Actual Total Time": 221.088,"Actual Rows": 36492,"Actual Loops": 4,"Inner Unique": true,"Hash Cond": "(orders.o_custkey = customer.c_custkey)","Workers": [],"Plans": [{"Node Type": "Seq Scan","Parent Relationship": "Outer","Parallel Aware": true,"Async Capable": false,"Relation Name": "orders","Alias": "orders","Startup Cost": 0.00,"Total Cost": 32143.39,"Plan Rows": 236740,"Plan Width": 16,"Actual Startup Time": 0.011,"Actual Total Time": 140.922,"Actual Rows": 182768,"Actual Loops": 4,"Filter": "(o_orderdate < '1995-03-21'::date)","Rows Removed by Filter": 192232,"Workers": []},{"Node Type": "Hash","Parent Relationship": "Inner","Parallel Aware": true,"Async Capable": false,"Startup Cost": 4366.25,"Total Cost": 4366.25,"Plan Rows": 12494,"Plan Width": 4,"Actual Startup Time": 27.136,"Actual Total Time": 27.139,"Actual Rows": 7487,"Actual Loops": 4,"Hash Buckets": 32768,"Original Hash Buckets": 32768,"Hash Batches": 1,"Original Hash Batches": 1,"Peak Memory Usage": 1504,"Workers": [],"Plans": [{"Node Type": "Seq Scan","Parent Relationship": "Outer","Parallel Aware": true,"Async Capable": false,"Relation Name": "customer","Alias": "customer","Startup Cost": 0.00,"Total Cost": 4366.25,"Plan Rows": 12494,"Plan Width": 4,"Actual Startup Time": 0.049,"Actual Total Time": 23.466,"Actual Rows": 7487,"Actual Loops": 4,"Filter": "(c_mktsegment = 'MACHINERY'::bpchar)","Rows Removed by Filter": 30013,"Workers": []}]}]},{"Node Type": "Index Scan","Parent Relationship": "Inner","Parallel Aware": false,"Async Capable": false,"Scan Direction": "Forward","Index Name": "idx_lineitem_orderkey","Relation Name": "lineitem","Alias": "lineitem","Startup Cost": 0.43,"Total Cost": 1.44,"Plan Rows": 9,"Plan Width": 16,"Actual Startup Time": 0.007,"Actual Total Time": 0.007,"Actual Rows": 0,"Actual Loops": 145966,"Index Cond": "(l_orderkey = orders.o_orderkey)","Rows Removed by Index Recheck": 0,"Filter": "(l_shipdate > '1995-03-21'::date)","Rows Removed by Filter": 4,"Workers": []}]}]}]}]},"Planning Time": 7.025,"Triggers": [],"Execution Time": 561.444}]
[{"Plan": {"Node Type": "Sort","Parallel Aware": false,"Async Capable": false,"Startup Cost": 178962.87,"Total Cost": 179750.87,"Plan Rows": 315201,"Plan Width": 44,"Actual Startup Time": 543.712,"Actual Total Time": 552.961,"Actual Rows": 11408,"Actual Loops": 1,"Sort Key": ["(sum((lineitem.l_extendedprice * ('1'::numeric - lineitem.l_discount)))) DESC", "orders.o_orderdate"],"Sort Method": "quicksort","Sort Space Used": 1098,"Sort Space Type": "Memory","Plans": [{"Node Type": "Aggregate","Strategy": "Hashed","Partial Mode": "Simple","Parent Relationship": "Outer","Parallel Aware": false,"Async Capable": false,"Startup Cost": 146235.69,"Total Cost": 150175.70,"Plan Rows": 315201,"Plan Width": 44,"Actual Startup Time": 520.648,"Actual Total Time": 544.418,"Actual Rows": 11408,"Actual Loops": 1,"Group Key": ["lineitem.l_orderkey", "orders.o_orderdate", "orders.o_shippriority"],"Planned Partitions": 0,"HashAgg Batches": 1,"Peak Memory Usage": 20497,"Disk Usage": 0,"Plans": [{"Node Type": "Gather","Parent Relationship": "Outer","Parallel Aware": false,"Async Capable": false,"Startup Cost": 5522.96,"Total Cost": 141507.67,"Plan Rows": 315201,"Plan Width": 24,"Actual Startup Time": 33.771,"Actual Total Time": 496.500,"Actual Rows": 30232,"Actual Loops": 1,"Workers Planned": 3,"Workers Launched": 3,"Single Copy": false,"Plans": [{"Node Type": "Nested Loop","Parent Relationship": "Outer","Parallel Aware": false,"Async Capable": false,"Join Type": "Inner","Startup Cost": 4522.96,"Total Cost": 108987.57,"Plan Rows": 101678,"Plan Width": 24,"Actual Startup Time": 26.491,"Actual Total Time": 503.301,"Actual Rows": 7558,"Actual Loops": 4,"Inner Unique": false,"Workers": [],"Plans": [{"Node Type": "Hash Join","Parent Relationship": "Outer","Parallel Aware": true,"Async Capable": false,"Join Type": "Inner","Startup Cost": 4522.52,"Total Cost": 37277.83,"Plan Rows": 46629,"Plan Width": 12,"Actual Startup Time": 26.323,"Actual Total Time": 222.550,"Actual Rows": 35938,"Actual Loops": 4,"Inner Unique": true,"Hash Cond": "(orders.o_custkey = customer.c_custkey)","Workers": [],"Plans": [{"Node Type": "Seq Scan","Parent Relationship": "Outer","Parallel Aware": true,"Async Capable": false,"Relation Name": "orders","Alias": "orders","Startup Cost": 0.00,"Total Cost": 32143.39,"Plan Rows": 233104,"Plan Width": 16,"Actual Startup Time": 0.012,"Actual Total Time": 145.882,"Actual Rows": 180099,"Actual Loops": 4,"Filter": "(o_orderdate < '1995-03-04'::date)","Rows Removed by Filter": 194901,"Workers": []},{"Node Type": "Hash","Parent Relationship": "Inner","Parallel Aware": true,"Async Capable": false,"Startup Cost": 4366.25,"Total Cost": 4366.25,"Plan Rows": 12502,"Plan Width": 4,"Actual Startup Time": 25.900,"Actual Total Time": 25.906,"Actual Rows": 7547,"Actual Loops": 4,"Hash Buckets": 32768,"Original Hash Buckets": 32768,"Hash Batches": 1,"Original Hash Batches": 1,"Peak Memory Usage": 1472,"Workers": [],"Plans": [{"Node Type": "Seq Scan","Parent Relationship": "Outer","Parallel Aware": true,"Async Capable": false,"Relation Name": "customer","Alias": "customer","Startup Cost": 0.00,"Total Cost": 4366.25,"Plan Rows": 12502,"Plan Width": 4,"Actual Startup Time": 0.026,"Actual Total Time": 22.580,"Actual Rows": 7547,"Actual Loops": 4,"Filter": "(c_mktsegment = 'HOUSEHOLD'::bpchar)","Rows Removed by Filter": 29953,"Workers": []}]}]},{"Node Type": "Index Scan","Parent Relationship": "Inner","Parallel Aware": false,"Async Capable": false,"Scan Direction": "Forward","Index Name": "idx_lineitem_orderkey","Relation Name": "lineitem","Alias": "lineitem","Startup Cost": 0.43,"Total Cost": 1.45,"Plan Rows": 9,"Plan Width": 16,"Actual Startup Time": 0.007,"Actual Total Time": 0.008,"Actual Rows": 0,"Actual Loops": 143751,"Index Cond": "(l_orderkey = orders.o_orderkey)","Rows Removed by Index Recheck": 0,"Filter": "(l_shipdate > '1995-03-04'::date)","Rows Removed by Filter": 4,"Workers": []}]}]}]}]},"Planning Time": 5.364,"Triggers": [],"Execution Time": 566.893}]
[{"Plan": {"Node Type": "Sort","Parallel Aware": false,"Async Capable": false,"Startup Cost": 178933.85,"Total Cost": 179721.92,"Plan Rows": 315226,"Plan Width": 44,"Actual Startup Time": 520.961,"Actual Total Time": 531.060,"Actual Rows": 11445,"Actual Loops": 1,"Sort Key": ["(sum((lineitem.l_extendedprice * ('1'::numeric - lineitem.l_discount)))) DESC", "orders.o_orderdate"],"Sort Method": "quicksort","Sort Space Used": 1100,"Sort Space Type": "Memory","Plans": [{"Node Type": "Aggregate","Strategy": "Hashed","Partial Mode": "Simple","Parent Relationship": "Outer","Parallel Aware": false,"Async Capable": false,"Startup Cost": 146203.90,"Total Cost": 150144.22,"Plan Rows": 315226,"Plan Width": 44,"Actual Startup Time": 497.642,"Actual Total Time": 522.613,"Actual Rows": 11445,"Actual Loops": 1,"Group Key": ["lineitem.l_orderkey", "orders.o_orderdate", "orders.o_shippriority"],"Planned Partitions": 0,"HashAgg Batches": 1,"Peak Memory Usage": 20497,"Disk Usage": 0,"Plans": [{"Node Type": "Gather","Parent Relationship": "Outer","Parallel Aware": false,"Async Capable": false,"Startup Cost": 5522.96,"Total Cost": 141475.51,"Plan Rows": 315226,"Plan Width": 24,"Actual Startup Time": 30.647,"Actual Total Time": 475.525,"Actual Rows": 30319,"Actual Loops": 1,"Workers Planned": 3,"Workers Launched": 3,"Single Copy": false,"Plans": [{"Node Type": "Nested Loop","Parent Relationship": "Outer","Parallel Aware": false,"Async Capable": false,"Join Type": "Inner","Startup Cost": 4522.96,"Total Cost": 108952.91,"Plan Rows": 101686,"Plan Width": 24,"Actual Startup Time": 23.588,"Actual Total Time": 480.720,"Actual Rows": 7580,"Actual Loops": 4,"Inner Unique": false,"Workers": [],"Plans": [{"Node Type": "Hash Join","Parent Relationship": "Outer","Parallel Aware": true,"Async Capable": false,"Join Type": "Inner","Startup Cost": 4522.52,"Total Cost": 37277.33,"Plan Rows": 46590,"Plan Width": 12,"Actual Startup Time": 23.426,"Actual Total Time": 207.439,"Actual Rows": 35912,"Actual Loops": 4,"Inner Unique": true,"Hash Cond": "(orders.o_custkey = customer.c_custkey)","Workers": [],"Plans": [{"Node Type": "Seq Scan","Parent Relationship": "Outer","Parallel Aware": true,"Async Capable": false,"Relation Name": "orders","Alias": "orders","Startup Cost": 0.00,"Total Cost": 32143.39,"Plan Rows": 232913,"Plan Width": 16,"Actual Startup Time": 0.016,"Actual Total Time": 138.508,"Actual Rows": 179945,"Actual Loops": 4,"Filter": "(o_orderdate < '1995-03-03'::date)","Rows Removed by Filter": 195055,"Workers": []},{"Node Type": "Hash","Parent Relationship": "Inner","Parallel Aware": true,"Async Capable": false,"Startup Cost": 4366.25,"Total Cost": 4366.25,"Plan Rows": 12502,"Plan Width": 4,"Actual Startup Time": 22.992,"Actual Total Time": 22.998,"Actual Rows": 7547,"Actual Loops": 4,"Hash Buckets": 32768,"Original Hash Buckets": 32768,"Hash Batches": 1,"Original Hash Batches": 1,"Peak Memory Usage": 1504,"Workers": [],"Plans": [{"Node Type": "Seq Scan","Parent Relationship": "Outer","Parallel Aware": true,"Async Capable": false,"Relation Name": "customer","Alias": "customer","Startup Cost": 0.00,"Total Cost": 4366.25,"Plan Rows": 12502,"Plan Width": 4,"Actual Startup Time": 0.025,"Actual Total Time": 19.929,"Actual Rows": 7547,"Actual Loops": 4,"Filter": "(c_mktsegment = 'HOUSEHOLD'::bpchar)","Rows Removed by Filter": 29953,"Workers": []}]}]},{"Node Type": "Index Scan","Parent Relationship": "Inner","Parallel Aware": false,"Async Capable": false,"Scan Direction": "Forward","Index Name": "idx_lineitem_orderkey","Relation Name": "lineitem","Alias": "lineitem","Startup Cost": 0.43,"Total Cost": 1.45,"Plan Rows": 9,"Plan Width": 16,"Actual Startup Time": 0.007,"Actual Total Time": 0.007,"Actual Rows": 0,"Actual Loops": 143649,"Index Cond": "(l_orderkey = orders.o_orderkey)","Rows Removed by Index Recheck": 0,"Filter": "(l_shipdate > '1995-03-03'::date)","Rows Removed by Filter": 4,"Workers": []}]}]}]}]},"Planning Time": 6.905,"Triggers": [],"Execution Time": 544.356}]
[{"Plan": {"Node Type": "Sort","Parallel Aware": false,"Async Capable": false,"Startup Cost": 179151.34,"Total Cost": 179938.84,"Plan Rows": 315002,"Plan Width": 44,"Actual Startup Time": 538.937,"Actual Total Time": 547.721,"Actual Rows": 11436,"Actual Loops": 1,"Sort Key": ["(sum((lineitem.l_extendedprice * ('1'::numeric - lineitem.l_discount)))) DESC", "orders.o_orderdate"],"Sort Method": "quicksort","Sort Space Used": 1099,"Sort Space Type": "Memory","Plans": [{"Node Type": "Aggregate","Strategy": "Hashed","Partial Mode": "Simple","Parent Relationship": "Outer","Parallel Aware": false,"Async Capable": false,"Startup Cost": 146446.25,"Total Cost": 150383.78,"Plan Rows": 315002,"Plan Width": 44,"Actual Startup Time": 516.073,"Actual Total Time": 541.642,"Actual Rows": 11436,"Actual Loops": 1,"Group Key": ["lineitem.l_orderkey", "orders.o_orderdate", "orders.o_shippriority"],"Planned Partitions": 0,"HashAgg Batches": 1,"Peak Memory Usage": 20497,"Disk Usage": 0,"Plans": [{"Node Type": "Gather","Parent Relationship": "Outer","Parallel Aware": false,"Async Capable": false,"Startup Cost": 5522.96,"Total Cost": 141721.22,"Plan Rows": 315002,"Plan Width": 24,"Actual Startup Time": 34.035,"Actual Total Time": 495.350,"Actual Rows": 30271,"Actual Loops": 1,"Workers Planned": 3,"Workers Launched": 3,"Single Copy": false,"Plans": [{"Node Type": "Nested Loop","Parent Relationship": "Outer","Parallel Aware": false,"Async Capable": false,"Join Type": "Inner","Startup Cost": 4522.96,"Total Cost": 109221.02,"Plan Rows": 101614,"Plan Width": 24,"Actual Startup Time": 26.464,"Actual Total Time": 499.009,"Actual Rows": 7568,"Actual Loops": 4,"Inner Unique": false,"Workers": [],"Plans": [{"Node Type": "Hash Join","Parent Relationship": "Outer","Parallel Aware": true,"Async Capable": false,"Join Type": "Inner","Startup Cost": 4522.52,"Total Cost": 37281.34,"Plan Rows": 46896,"Plan Width": 12,"Actual Startup Time": 26.327,"Actual Total Time": 216.705,"Actual Rows": 36160,"Actual Loops": 4,"Inner Unique": true,"Hash Cond": "(orders.o_custkey = customer.c_custkey)","Workers": [],"Plans": [{"Node Type": "Seq Scan","Parent Relationship": "Outer","Parallel Aware": true,"Async Capable": false,"Relation Name": "orders","Alias": "orders","Startup Cost": 0.00,"Total Cost": 32143.39,"Plan Rows": 234441,"Plan Width": 16,"Actual Startup Time": 0.011,"Actual Total Time": 144.627,"Actual Rows": 181190,"Actual Loops": 4,"Filter": "(o_orderdate < '1995-03-11'::date)","Rows Removed by Filter": 193810,"Workers": []},{"Node Type": "Hash","Parent Relationship": "Inner","Parallel Aware": true,"Async Capable": false,"Startup Cost": 4366.25,"Total Cost": 4366.25,"Plan Rows": 12502,"Plan Width": 4,"Actual Startup Time": 25.829,"Actual Total Time": 25.832,"Actual Rows": 7547,"Actual Loops": 4,"Hash Buckets": 32768,"Original Hash Buckets": 32768,"Hash Batches": 1,"Original Hash Batches": 1,"Peak Memory Usage": 1472,"Workers": [],"Plans": [{"Node Type": "Seq Scan","Parent Relationship": "Outer","Parallel Aware": true,"Async Capable": false,"Relation Name": "customer","Alias": "customer","Startup Cost": 0.00,"Total Cost": 4366.25,"Plan Rows": 12502,"Plan Width": 4,"Actual Startup Time": 0.055,"Actual Total Time": 22.522,"Actual Rows": 7547,"Actual Loops": 4,"Filter": "(c_mktsegment = 'HOUSEHOLD'::bpchar)","Rows Removed by Filter": 29953,"Workers": []}]}]},{"Node Type": "Index Scan","Parent Relationship": "Inner","Parallel Aware": false,"Async Capable": false,"Scan Direction": "Forward","Index Name": "idx_lineitem_orderkey","Relation Name": "lineitem","Alias": "lineitem","Startup Cost": 0.43,"Total Cost": 1.44,"Plan Rows": 9,"Plan Width": 16,"Actual Startup Time": 0.007,"Actual Total Time": 0.008,"Actual Rows": 0,"Actual Loops": 144641,"Index Cond": "(l_orderkey = orders.o_orderkey)","Rows Removed by Index Recheck": 0,"Filter": "(l_shipdate > '1995-03-11'::date)","Rows Removed by Filter": 4,"Workers": []}]}]}]}]},"Planning Time": 5.918,"Triggers": [],"Execution Time": 561.850}]
[{"Plan": {"Node Type": "Sort","Parallel Aware": false,"Async Capable": false,"Startup Cost": 179205.35,"Total Cost": 179992.70,"Plan Rows": 314941,"Plan Width": 44,"Actual Startup Time": 547.898,"Actual Total Time": 556.901,"Actual Rows": 11433,"Actual Loops": 1,"Sort Key": ["(sum((lineitem.l_extendedprice * ('1'::numeric - lineitem.l_discount)))) DESC", "orders.o_orderdate"],"Sort Method": "quicksort","Sort Space Used": 1099,"Sort Space Type": "Memory","Plans": [{"Node Type": "Aggregate","Strategy": "Hashed","Partial Mode": "Simple","Parent Relationship": "Outer","Parallel Aware": false,"Async Capable": false,"Startup Cost": 146507.04,"Total Cost": 150443.80,"Plan Rows": 314941,"Plan Width": 44,"Actual Startup Time": 525.001,"Actual Total Time": 548.382,"Actual Rows": 11433,"Actual Loops": 1,"Group Key": ["lineitem.l_orderkey", "orders.o_orderdate", "orders.o_shippriority"],"Planned Partitions": 0,"HashAgg Batches": 1,"Peak Memory Usage": 20497,"Disk Usage": 0,"Plans": [{"Node Type": "Gather","Parent Relationship": "Outer","Parallel Aware": false,"Async Capable": false,"Startup Cost": 5522.96,"Total Cost": 141782.92,"Plan Rows": 314941,"Plan Width": 24,"Actual Startup Time": 34.673,"Actual Total Time": 501.679,"Actual Rows": 30296,"Actual Loops": 1,"Workers Planned": 3,"Workers Launched": 3,"Single Copy": false,"Plans": [{"Node Type": "Nested Loop","Parent Relationship": "Outer","Parallel Aware": false,"Async Capable": false,"Join Type": "Inner","Startup Cost": 4522.96,"Total Cost": 109288.82,"Plan Rows": 101594,"Plan Width": 24,"Actual Startup Time": 27.127,"Actual Total Time": 507.623,"Actual Rows": 7574,"Actual Loops": 4,"Inner Unique": false,"Workers": [],"Plans": [{"Node Type": "Hash Join","Parent Relationship": "Outer","Parallel Aware": true,"Async Capable": false,"Join Type": "Inner","Startup Cost": 4522.52,"Total Cost": 37282.35,"Plan Rows": 46973,"Plan Width": 12,"Actual Startup Time": 26.994,"Actual Total Time": 224.261,"Actual Rows": 36225,"Actual Loops": 4,"Inner Unique": true,"Hash Cond": "(orders.o_custkey = customer.c_custkey)","Workers": [],"Plans": [{"Node Type": "Seq Scan","Parent Relationship": "Outer","Parallel Aware": true,"Async Capable": false,"Relation Name": "orders","Alias": "orders","Startup Cost": 0.00,"Total Cost": 32143.39,"Plan Rows": 234824,"Plan Width": 16,"Actual Startup Time": 0.014,"Actual Total Time": 146.442,"Actual Rows": 181502,"Actual Loops": 4,"Filter": "(o_orderdate < '1995-03-13'::date)","Rows Removed by Filter": 193498,"Workers": []},{"Node Type": "Hash","Parent Relationship": "Inner","Parallel Aware": true,"Async Capable": false,"Startup Cost": 4366.25,"Total Cost": 4366.25,"Plan Rows": 12502,"Plan Width": 4,"Actual Startup Time": 26.476,"Actual Total Time": 26.480,"Actual Rows": 7547,"Actual Loops": 4,"Hash Buckets": 32768,"Original Hash Buckets": 32768,"Hash Batches": 1,"Original Hash Batches": 1,"Peak Memory Usage": 1504,"Workers": [],"Plans": [{"Node Type": "Seq Scan","Parent Relationship": "Outer","Parallel Aware": true,"Async Capable": false,"Relation Name": "customer","Alias": "customer","Startup Cost": 0.00,"Total Cost": 4366.25,"Plan Rows": 12502,"Plan Width": 4,"Actual Startup Time": 0.049,"Actual Total Time": 23.106,"Actual Rows": 7547,"Actual Loops": 4,"Filter": "(c_mktsegment = 'HOUSEHOLD'::bpchar)","Rows Removed by Filter": 29953,"Workers": []}]}]},{"Node Type": "Index Scan","Parent Relationship": "Inner","Parallel Aware": false,"Async Capable": false,"Scan Direction": "Forward","Index Name": "idx_lineitem_orderkey","Relation Name": "lineitem","Alias": "lineitem","Startup Cost": 0.43,"Total Cost": 1.44,"Plan Rows": 9,"Plan Width": 16,"Actual Startup Time": 0.007,"Actual Total Time": 0.008,"Actual Rows": 0,"Actual Loops": 144901,"Index Cond": "(l_orderkey = orders.o_orderkey)","Rows Removed by Index Recheck": 0,"Filter": "(l_shipdate > '1995-03-13'::date)","Rows Removed by Filter": 4,"Workers": []}]}]}]}]},"Planning Time": 5.607,"Triggers": [],"Execution Time": 570.738}]
[{"Plan": {"Node Type": "Sort","Parallel Aware": false,"Async Capable": false,"Startup Cost": 178533.76,"Total Cost": 179315.06,"Plan Rows": 312519,"Plan Width": 44,"Actual Startup Time": 549.678,"Actual Total Time": 558.354,"Actual Rows": 11593,"Actual Loops": 1,"Sort Key": ["(sum((lineitem.l_extendedprice * ('1'::numeric - lineitem.l_discount)))) DESC", "orders.o_orderdate"],"Sort Method": "quicksort","Sort Space Used": 1109,"Sort Space Type": "Memory","Plans": [{"Node Type": "Aggregate","Strategy": "Hashed","Partial Mode": "Simple","Parent Relationship": "Outer","Parallel Aware": false,"Async Capable": false,"Startup Cost": 146104.31,"Total Cost": 150010.80,"Plan Rows": 312519,"Plan Width": 44,"Actual Startup Time": 527.264,"Actual Total Time": 552.408,"Actual Rows": 11593,"Actual Loops": 1,"Group Key": ["lineitem.l_orderkey", "orders.o_orderdate", "orders.o_shippriority"],"Planned Partitions": 0,"HashAgg Batches": 1,"Peak Memory Usage": 20497,"Disk Usage": 0,"Plans": [{"Node Type": "Gather","Parent Relationship": "Outer","Parallel Aware": false,"Async Capable": false,"Startup Cost": 5521.58,"Total Cost": 141416.53,"Plan Rows": 312519,"Plan Width": 24,"Actual Startup Time": 33.743,"Actual Total Time": 506.006,"Actual Rows": 30306,"Actual Loops": 1,"Workers Planned": 3,"Workers Launched": 3,"Single Copy": false,"Plans": [{"Node Type": "Nested Loop","Parent Relationship": "Outer","Parallel Aware": false,"Async Capable": false,"Join Type": "Inner","Startup Cost": 4521.58,"Total Cost": 109164.63,"Plan Rows": 100813,"Plan Width": 24,"Actual Startup Time": 26.419,"Actual Total Time": 510.171,"Actual Rows": 7576,"Actual Loops": 4,"Inner Unique": false,"Workers": [],"Plans": [{"Node Type": "Hash Join","Parent Relationship": "Outer","Parallel Aware": true,"Async Capable": false,"Join Type": "Inner","Startup Cost": 4521.15,"Total Cost": 37288.73,"Plan Rows": 47144,"Plan Width": 12,"Actual Startup Time": 26.297,"Actual Total Time": 221.463,"Actual Rows": 37125,"Actual Loops": 4,"Inner Unique": true,"Hash Cond": "(orders.o_custkey = customer.c_custkey)","Workers": [],"Plans": [{"Node Type": "Seq Scan","Parent Relationship": "Outer","Parallel Aware": true,"Async Capable": false,"Relation Name": "orders","Alias": "orders","Startup Cost": 0.00,"Total Cost": 32143.39,"Plan Rows": 237778,"Plan Width": 16,"Actual Startup Time": 0.013,"Actual Total Time": 145.200,"Actual Rows": 183522,"Actual Loops": 4,"Filter": "(o_orderdate < '1995-03-26'::date)","Rows Removed by Filter": 191478,"Workers": []},{"Node Type": "Hash","Parent Relationship": "Inner","Parallel Aware": true,"Async Capable": false,"Startup Cost": 4366.25,"Total Cost": 4366.25,"Plan Rows": 12392,"Plan Width": 4,"Actual Startup Time": 25.799,"Actual Total Time": 25.805,"Actual Rows": 7536,"Actual Loops": 4,"Hash Buckets": 32768,"Original Hash Buckets": 32768,"Hash Batches": 1,"Original Hash Batches": 1,"Peak Memory Usage": 1504,"Workers": [],"Plans": [{"Node Type": "Seq Scan","Parent Relationship": "Outer","Parallel Aware": true,"Async Capable": false,"Relation Name": "customer","Alias": "customer","Startup Cost": 0.00,"Total Cost": 4366.25,"Plan Rows": 12392,"Plan Width": 4,"Actual Startup Time": 0.038,"Actual Total Time": 22.361,"Actual Rows": 7536,"Actual Loops": 4,"Filter": "(c_mktsegment = 'BUILDING'::bpchar)","Rows Removed by Filter": 29964,"Workers": []}]}]},{"Node Type": "Index Scan","Parent Relationship": "Inner","Parallel Aware": false,"Async Capable": false,"Scan Direction": "Forward","Index Name": "idx_lineitem_orderkey","Relation Name": "lineitem","Alias": "lineitem","Startup Cost": 0.43,"Total Cost": 1.43,"Plan Rows": 9,"Plan Width": 16,"Actual Startup Time": 0.007,"Actual Total Time": 0.008,"Actual Rows": 0,"Actual Loops": 148501,"Index Cond": "(l_orderkey = orders.o_orderkey)","Rows Removed by Index Recheck": 0,"Filter": "(l_shipdate > '1995-03-26'::date)","Rows Removed by Filter": 4,"Workers": []}]}]}]}]},"Planning Time": 6.081,"Triggers": [],"Execution Time": 573.291}]
[{"Plan": {"Node Type": "Sort","Parallel Aware": false,"Async Capable": false,"Startup Cost": 177191.24,"Total Cost": 177969.91,"Plan Rows": 311470,"Plan Width": 44,"Actual Startup Time": 514.296,"Actual Total Time": 524.833,"Actual Rows": 11425,"Actual Loops": 1,"Sort Key": ["(sum((lineitem.l_extendedprice * ('1'::numeric - lineitem.l_discount)))) DESC", "orders.o_orderdate"],"Sort Method": "quicksort","Sort Space Used": 1099,"Sort Space Type": "Memory","Plans": [{"Node Type": "Aggregate","Strategy": "Hashed","Partial Mode": "Simple","Parent Relationship": "Outer","Parallel Aware": false,"Async Capable": false,"Startup Cost": 144878.20,"Total Cost": 148771.57,"Plan Rows": 311470,"Plan Width": 44,"Actual Startup Time": 491.185,"Actual Total Time": 517.364,"Actual Rows": 11425,"Actual Loops": 1,"Group Key": ["lineitem.l_orderkey", "orders.o_orderdate", "orders.o_shippriority"],"Planned Partitions": 0,"HashAgg Batches": 1,"Peak Memory Usage": 20497,"Disk Usage": 0,"Plans": [{"Node Type": "Gather","Parent Relationship": "Outer","Parallel Aware": false,"Async Capable": false,"Startup Cost": 5521.08,"Total Cost": 140206.15,"Plan Rows": 311470,"Plan Width": 24,"Actual Startup Time": 29.751,"Actual Total Time": 470.153,"Actual Rows": 30227,"Actual Loops": 1,"Workers Planned": 3,"Workers Launched": 3,"Single Copy": false,"Plans": [{"Node Type": "Nested Loop","Parent Relationship": "Outer","Parallel Aware": false,"Async Capable": false,"Join Type": "Inner","Startup Cost": 4521.08,"Total Cost": 108059.15,"Plan Rows": 100474,"Plan Width": 24,"Actual Startup Time": 22.858,"Actual Total Time": 474.704,"Actual Rows": 7557,"Actual Loops": 4,"Inner Unique": false,"Workers": [],"Plans": [{"Node Type": "Hash Join","Parent Relationship": "Outer","Parallel Aware": true,"Async Capable": false,"Join Type": "Inner","Startup Cost": 4520.65,"Total Cost": 37274.95,"Plan Rows": 45994,"Plan Width": 12,"Actual Startup Time": 22.472,"Actual Total Time": 203.349,"Actual Rows": 35754,"Actual Loops": 4,"Inner Unique": true,"Hash Cond": "(orders.o_custkey = customer.c_custkey)","Workers": [],"Plans": [{"Node Type": "Seq Scan","Parent Relationship": "Outer","Parallel Aware": true,"Async Capable": false,"Relation Name": "orders","Alias": "orders","Startup Cost": 0.00,"Total Cost": 32143.39,"Plan Rows": 232722,"Plan Width": 16,"Actual Startup Time": 0.011,"Actual Total Time": 135.575,"Actual Rows": 179789,"Actual Loops": 4,"Filter": "(o_orderdate < '1995-03-02'::date)","Rows Removed by Filter": 195211,"Workers": []},{"Node Type": "Hash","Parent Relationship": "Inner","Parallel Aware": true,"Async Capable": false,"Startup Cost": 4366.25,"Total Cost": 4366.25,"Plan Rows": 12352,"Plan Width": 4,"Actual Startup Time": 21.981,"Actual Total Time": 21.986,"Actual Rows": 7438,"Actual Loops": 4,"Hash Buckets": 32768,"Original Hash Buckets": 32768,"Hash Batches": 1,"Original Hash Batches": 1,"Peak Memory Usage": 1472,"Workers": [],"Plans": [{"Node Type": "Seq Scan","Parent Relationship": "Outer","Parallel Aware": true,"Async Capable": false,"Relation Name": "customer","Alias": "customer","Startup Cost": 0.00,"Total Cost": 4366.25,"Plan Rows": 12352,"Plan Width": 4,"Actual Startup Time": 0.033,"Actual Total Time": 18.902,"Actual Rows": 7438,"Actual Loops": 4,"Filter": "(c_mktsegment = 'AUTOMOBILE'::bpchar)","Rows Removed by Filter": 30062,"Workers": []}]}]},{"Node Type": "Index Scan","Parent Relationship": "Inner","Parallel Aware": false,"Async Capable": false,"Scan Direction": "Forward","Index Name": "idx_lineitem_orderkey","Relation Name": "lineitem","Alias": "lineitem","Startup Cost": 0.43,"Total Cost": 1.45,"Plan Rows": 9,"Plan Width": 16,"Actual Startup Time": 0.007,"Actual Total Time": 0.007,"Actual Rows": 0,"Actual Loops": 143017,"Index Cond": "(l_orderkey = orders.o_orderkey)","Rows Removed by Index Recheck": 0,"Filter": "(l_shipdate > '1995-03-02'::date)","Rows Removed by Filter": 4,"Workers": []}]}]}]}]},"Planning Time": 5.711,"Triggers": [],"Execution Time": 539.056}]
[{"Plan": {"Node Type": "Sort","Parallel Aware": false,"Async Capable": false,"Startup Cost": 179815.21,"Total Cost": 180602.92,"Plan Rows": 315087,"Plan Width": 44,"Actual Startup Time": 545.442,"Actual Total Time": 556.177,"Actual Rows": 11273,"Actual Loops": 1,"Sort Key": ["(sum((lineitem.l_extendedprice * ('1'::numeric - lineitem.l_discount)))) DESC", "orders.o_orderdate"],"Sort Method": "quicksort","Sort Space Used": 1089,"Sort Space Type": "Memory","Plans": [{"Node Type": "Aggregate","Strategy": "Hashed","Partial Mode": "Simple","Parent Relationship": "Outer","Parallel Aware": false,"Async Capable": false,"Startup Cost": 147100.68,"Total Cost": 151039.27,"Plan Rows": 315087,"Plan Width": 44,"Actual Startup Time": 523.275,"Actual Total Time": 547.821,"Actual Rows": 11273,"Actual Loops": 1,"Group Key": ["lineitem.l_orderkey", "orders.o_orderdate", "orders.o_shippriority"],"Planned Partitions": 0,"HashAgg Batches": 1,"Peak Memory Usage": 20497,"Disk Usage": 0,"Plans": [{"Node Type": "Gather","Parent Relationship": "Outer","Parallel Aware": false,"Async Capable": false,"Startup Cost": 5522.86,"Total Cost": 142374.38,"Plan Rows": 315087,"Plan Width": 24,"Actual Startup Time": 35.614,"Actual Total Time": 499.686,"Actual Rows": 29837,"Actual Loops": 1,"Workers Planned": 3,"Workers Launched": 3,"Single Copy": false,"Plans": [{"Node Type": "Nested Loop","Parent Relationship": "Outer","Parallel Aware": false,"Async Capable": false,"Join Type": "Inner","Startup Cost": 4522.86,"Total Cost": 109865.68,"Plan Rows": 101641,"Plan Width": 24,"Actual Startup Time": 28.604,"Actual Total Time": 506.342,"Actual Rows": 7459,"Actual Loops": 4,"Inner Unique": false,"Workers": [],"Plans": [{"Node Type": "Hash Join","Parent Relationship": "Outer","Parallel Aware": true,"Async Capable": false,"Join Type": "Inner","Startup Cost": 4522.43,"Total Cost": 37291.64,"Plan Rows": 47656,"Plan Width": 12,"Actual Startup Time": 28.245,"Actual Total Time": 224.119,"Actual Rows": 36742,"Actual Loops": 4,"Inner Unique": true,"Hash Cond": "(orders.o_custkey = customer.c_custkey)","Workers": [],"Plans": [{"Node Type": "Seq Scan","Parent Relationship": "Outer","Parallel Aware": true,"Async Capable": false,"Relation Name": "orders","Alias": "orders","Startup Cost": 0.00,"Total Cost": 32143.39,"Plan Rows": 238401,"Plan Width": 16,"Actual Startup Time": 0.011,"Actual Total Time": 143.002,"Actual Rows": 183996,"Actual Loops": 4,"Filter": "(o_orderdate < '1995-03-29'::date)","Rows Removed by Filter": 191004,"Workers": []},{"Node Type": "Hash","Parent Relationship": "Inner","Parallel Aware": true,"Async Capable": false,"Startup Cost": 4366.25,"Total Cost": 4366.25,"Plan Rows": 12494,"Plan Width": 4,"Actual Startup Time": 27.815,"Actual Total Time": 27.820,"Actual Rows": 7487,"Actual Loops": 4,"Hash Buckets": 32768,"Original Hash Buckets": 32768,"Hash Batches": 1,"Original Hash Batches": 1,"Peak Memory Usage": 1536,"Workers": [],"Plans": [{"Node Type": "Seq Scan","Parent Relationship": "Outer","Parallel Aware": true,"Async Capable": false,"Relation Name": "customer","Alias": "customer","Startup Cost": 0.00,"Total Cost": 4366.25,"Plan Rows": 12494,"Plan Width": 4,"Actual Startup Time": 0.043,"Actual Total Time": 24.040,"Actual Rows": 7487,"Actual Loops": 4,"Filter": "(c_mktsegment = 'MACHINERY'::bpchar)","Rows Removed by Filter": 30013,"Workers": []}]}]},{"Node Type": "Index Scan","Parent Relationship": "Inner","Parallel Aware": false,"Async Capable": false,"Scan Direction": "Forward","Index Name": "idx_lineitem_orderkey","Relation Name": "lineitem","Alias": "lineitem","Startup Cost": 0.43,"Total Cost": 1.43,"Plan Rows": 9,"Plan Width": 16,"Actual Startup Time": 0.007,"Actual Total Time": 0.007,"Actual Rows": 0,"Actual Loops": 146969,"Index Cond": "(l_orderkey = orders.o_orderkey)","Rows Removed by Index Recheck": 0,"Filter": "(l_shipdate > '1995-03-29'::date)","Rows Removed by Filter": 4,"Workers": []}]}]}]}]},"Planning Time": 4.946,"Triggers": [],"Execution Time": 568.331}]
[{"Plan": {"Node Type": "Sort","Parallel Aware": false,"Async Capable": false,"Startup Cost": 179043.50,"Total Cost": 179831.30,"Plan Rows": 315118,"Plan Width": 44,"Actual Startup Time": 533.785,"Actual Total Time": 543.829,"Actual Rows": 11410,"Actual Loops": 1,"Sort Key": ["(sum((lineitem.l_extendedprice * ('1'::numeric - lineitem.l_discount)))) DESC", "orders.o_orderdate"],"Sort Method": "quicksort","Sort Space Used": 1098,"Sort Space Type": "Memory","Plans": [{"Node Type": "Aggregate","Strategy": "Hashed","Partial Mode": "Simple","Parent Relationship": "Outer","Parallel Aware": false,"Async Capable": false,"Startup Cost": 146325.53,"Total Cost": 150264.51,"Plan Rows": 315118,"Plan Width": 44,"Actual Startup Time": 512.378,"Actual Total Time": 535.740,"Actual Rows": 11410,"Actual Loops": 1,"Group Key": ["lineitem.l_orderkey", "orders.o_orderdate", "orders.o_shippriority"],"Planned Partitions": 0,"HashAgg Batches": 1,"Peak Memory Usage": 20497,"Disk Usage": 0,"Plans": [{"Node Type": "Gather","Parent Relationship": "Outer","Parallel Aware": false,"Async Capable": false,"Startup Cost": 5522.96,"Total Cost": 141598.76,"Plan Rows": 315118,"Plan Width": 24,"Actual Startup Time": 31.468,"Actual Total Time": 490.421,"Actual Rows": 30245,"Actual Loops": 1,"Workers Planned": 3,"Workers Launched": 3,"Single Copy": false,"Plans": [{"Node Type": "Nested Loop","Parent Relationship": "Outer","Parallel Aware": false,"Async Capable": false,"Join Type": "Inner","Startup Cost": 4522.96,"Total Cost": 109086.96,"Plan Rows": 101651,"Plan Width": 24,"Actual Startup Time": 24.283,"Actual Total Time": 495.432,"Actual Rows": 7561,"Actual Loops": 4,"Inner Unique": false,"Workers": [],"Plans": [{"Node Type": "Hash Join","Parent Relationship": "Outer","Parallel Aware": true,"Async Capable": false,"Join Type": "Inner","Startup Cost": 4522.52,"Total Cost": 37279.34,"Plan Rows": 46743,"Plan Width": 12,"Actual Startup Time": 24.158,"Actual Total Time": 215.921,"Actual Rows": 36028,"Actual Loops": 4,"Inner Unique": true,"Hash Cond": "(orders.o_custkey = customer.c_custkey)","Workers": [],"Plans": [{"Node Type": "Seq Scan","Parent Relationship": "Outer","Parallel Aware": true,"Async Capable": false,"Relation Name": "orders","Alias": "orders","Startup Cost": 0.00,"Total Cost": 32143.39,"Plan Rows": 233677,"Plan Width": 16,"Actual Startup Time": 0.012,"Actual Total Time": 140.866,"Actual Rows": 180569,"Actual Loops": 4,"Filter": "(o_orderdate < '1995-03-07'::date)","Rows Removed by Filter": 194431,"Workers": []},{"Node Type": "Hash","Parent Relationship": "Inner","Parallel Aware": true,"Async Capable": false,"Startup Cost": 4366.25,"Total Cost": 4366.25,"Plan Rows": 12502,"Plan Width": 4,"Actual Startup Time": 23.605,"Actual Total Time": 23.608,"Actual Rows": 7547,"Actual Loops": 4,"Hash Buckets": 32768,"Original Hash Buckets": 32768,"Hash Batches": 1,"Original Hash Batches": 1,"Peak Memory Usage": 1536,"Workers": [],"Plans": [{"Node Type": "Seq Scan","Parent Relationship": "Outer","Parallel Aware": true,"Async Capable": false,"Relation Name": "customer","Alias": "customer","Startup Cost": 0.00,"Total Cost": 4366.25,"Plan Rows": 12502,"Plan Width": 4,"Actual Startup Time": 0.040,"Actual Total Time": 20.327,"Actual Rows": 7547,"Actual Loops": 4,"Filter": "(c_mktsegment = 'HOUSEHOLD'::bpchar)","Rows Removed by Filter": 29953,"Workers": []}]}]},{"Node Type": "Index Scan","Parent Relationship": "Inner","Parallel Aware": false,"Async Capable": false,"Scan Direction": "Forward","Index Name": "idx_lineitem_orderkey","Relation Name": "lineitem","Alias": "lineitem","Startup Cost": 0.43,"Total Cost": 1.45,"Plan Rows": 9,"Plan Width": 16,"Actual Startup Time": 0.007,"Actual Total Time": 0.008,"Actual Rows": 0,"Actual Loops": 144113,"Index Cond": "(l_orderkey = orders.o_orderkey)","Rows Removed by Index Recheck": 0,"Filter": "(l_shipdate > '1995-03-07'::date)","Rows Removed by Filter": 4,"Workers": []}]}]}]}]},"Planning Time": 6.461,"Triggers": [],"Execution Time": 556.675}]
[{"Plan": {"Node Type": "Sort","Parallel Aware": false,"Async Capable": false,"Startup Cost": 177191.24,"Total Cost": 177969.91,"Plan Rows": 311470,"Plan Width": 44,"Actual Startup Time": 514.296,"Actual Total Time": 524.833,"Actual Rows": 11425,"Actual Loops": 1,"Sort Key": ["(sum((lineitem.l_extendedprice * ('1'::numeric - lineitem.l_discount)))) DESC", "orders.o_orderdate"],"Sort Method": "quicksort","Sort Space Used": 1099,"Sort Space Type": "Memory","Plans": [{"Node Type": "Aggregate","Strategy": "Hashed","Partial Mode": "Simple","Parent Relationship": "Outer","Parallel Aware": false,"Async Capable": false,"Startup Cost": 144878.20,"Total Cost": 148771.57,"Plan Rows": 311470,"Plan Width": 44,"Actual Startup Time": 491.185,"Actual Total Time": 517.364,"Actual Rows": 11425,"Actual Loops": 1,"Group Key": ["lineitem.l_orderkey", "orders.o_orderdate", "orders.o_shippriority"],"Planned Partitions": 0,"HashAgg Batches": 1,"Peak Memory Usage": 20497,"Disk Usage": 0,"Plans": [{"Node Type": "Gather","Parent Relationship": "Outer","Parallel Aware": false,"Async Capable": false,"Startup Cost": 5521.08,"Total Cost": 140206.15,"Plan Rows": 311470,"Plan Width": 24,"Actual Startup Time": 29.751,"Actual Total Time": 470.153,"Actual Rows": 30227,"Actual Loops": 1,"Workers Planned": 3,"Workers Launched": 3,"Single Copy": false,"Plans": [{"Node Type": "Nested Loop","Parent Relationship": "Outer","Parallel Aware": false,"Async Capable": false,"Join Type": "Inner","Startup Cost": 4521.08,"Total Cost": 108059.15,"Plan Rows": 100474,"Plan Width": 24,"Actual Startup Time": 22.858,"Actual Total Time": 474.704,"Actual Rows": 7557,"Actual Loops": 4,"Inner Unique": false,"Workers": [],"Plans": [{"Node Type": "Hash Join","Parent Relationship": "Outer","Parallel Aware": true,"Async Capable": false,"Join Type": "Inner","Startup Cost": 4520.65,"Total Cost": 37274.95,"Plan Rows": 45994,"Plan Width": 12,"Actual Startup Time": 22.472,"Actual Total Time": 203.349,"Actual Rows": 35754,"Actual Loops": 4,"Inner Unique": true,"Hash Cond": "(orders.o_custkey = customer.c_custkey)","Workers": [],"Plans": [{"Node Type": "Seq Scan","Parent Relationship": "Outer","Parallel Aware": true,"Async Capable": false,"Relation Name": "orders","Alias": "orders","Startup Cost": 0.00,"Total Cost": 32143.39,"Plan Rows": 232722,"Plan Width": 16,"Actual Startup Time": 0.011,"Actual Total Time": 135.575,"Actual Rows": 179789,"Actual Loops": 4,"Filter": "(o_orderdate < '1995-03-02'::date)","Rows Removed by Filter": 195211,"Workers": []},{"Node Type": "Hash","Parent Relationship": "Inner","Parallel Aware": true,"Async Capable": false,"Startup Cost": 4366.25,"Total Cost": 4366.25,"Plan Rows": 12352,"Plan Width": 4,"Actual Startup Time": 21.981,"Actual Total Time": 21.986,"Actual Rows": 7438,"Actual Loops": 4,"Hash Buckets": 32768,"Original Hash Buckets": 32768,"Hash Batches": 1,"Original Hash Batches": 1,"Peak Memory Usage": 1472,"Workers": [],"Plans": [{"Node Type": "Seq Scan","Parent Relationship": "Outer","Parallel Aware": true,"Async Capable": false,"Relation Name": "customer","Alias": "customer","Startup Cost": 0.00,"Total Cost": 4366.25,"Plan Rows": 12352,"Plan Width": 4,"Actual Startup Time": 0.033,"Actual Total Time": 18.902,"Actual Rows": 7438,"Actual Loops": 4,"Filter": "(c_mktsegment = 'AUTOMOBILE'::bpchar)","Rows Removed by Filter": 30062,"Workers": []}]}]},{"Node Type": "Index Scan","Parent Relationship": "Inner","Parallel Aware": false,"Async Capable": false,"Scan Direction": "Forward","Index Name": "idx_lineitem_orderkey","Relation Name": "lineitem","Alias": "lineitem","Startup Cost": 0.43,"Total Cost": 1.45,"Plan Rows": 9,"Plan Width": 16,"Actual Startup Time": 0.007,"Actual Total Time": 0.007,"Actual Rows": 0,"Actual Loops": 143017,"Index Cond": "(l_orderkey = orders.o_orderkey)","Rows Removed by Index Recheck": 0,"Filter": "(l_shipdate > '1995-03-02'::date)","Rows Removed by Filter": 4,"Workers": []}]}]}]}]},"Planning Time": 5.711,"Triggers": [],"Execution Time": 539.056}]
[{"Plan": {"Node Type": "Sort","Parallel Aware": false,"Async Capable": false,"Startup Cost": 179599.25,"Total Cost": 180386.99,"Plan Rows": 315096,"Plan Width": 44,"Actual Startup Time": 538.646,"Actual Total Time": 549.020,"Actual Rows": 11253,"Actual Loops": 1,"Sort Key": ["(sum((lineitem.l_extendedprice * ('1'::numeric - lineitem.l_discount)))) DESC", "orders.o_orderdate"],"Sort Method": "quicksort","Sort Space Used": 1088,"Sort Space Type": "Memory","Plans": [{"Node Type": "Aggregate","Strategy": "Hashed","Partial Mode": "Simple","Parent Relationship": "Outer","Parallel Aware": false,"Async Capable": false,"Startup Cost": 146883.73,"Total Cost": 150822.43,"Plan Rows": 315096,"Plan Width": 44,"Actual Startup Time": 516.278,"Actual Total Time": 540.921,"Actual Rows": 11253,"Actual Loops": 1,"Group Key": ["lineitem.l_orderkey", "orders.o_orderdate", "orders.o_shippriority"],"Planned Partitions": 0,"HashAgg Batches": 1,"Peak Memory Usage": 20497,"Disk Usage": 0,"Plans": [{"Node Type": "Gather","Parent Relationship": "Outer","Parallel Aware": false,"Async Capable": false,"Startup Cost": 5522.86,"Total Cost": 142157.29,"Plan Rows": 315096,"Plan Width": 24,"Actual Startup Time": 32.823,"Actual Total Time": 495.702,"Actual Rows": 29687,"Actual Loops": 1,"Workers Planned": 3,"Workers Launched": 3,"Single Copy": false,"Plans": [{"Node Type": "Nested Loop","Parent Relationship": "Outer","Parallel Aware": false,"Async Capable": false,"Join Type": "Inner","Startup Cost": 4522.86,"Total Cost": 109647.69,"Plan Rows": 101644,"Plan Width": 24,"Actual Startup Time": 25.311,"Actual Total Time": 499.168,"Actual Rows": 7422,"Actual Loops": 4,"Inner Unique": false,"Workers": [],"Plans": [{"Node Type": "Hash Join","Parent Relationship": "Outer","Parallel Aware": true,"Async Capable": false,"Join Type": "Inner","Startup Cost": 4522.43,"Total Cost": 37288.37,"Plan Rows": 47407,"Plan Width": 12,"Actual Startup Time": 25.018,"Actual Total Time": 216.856,"Actual Rows": 36551,"Actual Loops": 4,"Inner Unique": true,"Hash Cond": "(orders.o_custkey = customer.c_custkey)","Workers": [],"Plans": [{"Node Type": "Seq Scan","Parent Relationship": "Outer","Parallel Aware": true,"Async Capable": false,"Relation Name": "orders","Alias": "orders","Startup Cost": 0.00,"Total Cost": 32143.39,"Plan Rows": 237155,"Plan Width": 16,"Actual Startup Time": 0.014,"Actual Total Time": 141.903,"Actual Rows": 183072,"Actual Loops": 4,"Filter": "(o_orderdate < '1995-03-23'::date)","Rows Removed by Filter": 191928,"Workers": []},{"Node Type": "Hash","Parent Relationship": "Inner","Parallel Aware": true,"Async Capable": false,"Startup Cost": 4366.25,"Total Cost": 4366.25,"Plan Rows": 12494,"Plan Width": 4,"Actual Startup Time": 24.461,"Actual Total Time": 24.467,"Actual Rows": 7487,"Actual Loops": 4,"Hash Buckets": 32768,"Original Hash Buckets": 32768,"Hash Batches": 1,"Original Hash Batches": 1,"Peak Memory Usage": 1504,"Workers": [],"Plans": [{"Node Type": "Seq Scan","Parent Relationship": "Outer","Parallel Aware": true,"Async Capable": false,"Relation Name": "customer","Alias": "customer","Startup Cost": 0.00,"Total Cost": 4366.25,"Plan Rows": 12494,"Plan Width": 4,"Actual Startup Time": 0.041,"Actual Total Time": 21.320,"Actual Rows": 7487,"Actual Loops": 4,"Filter": "(c_mktsegment = 'MACHINERY'::bpchar)","Rows Removed by Filter": 30013,"Workers": []}]}]},{"Node Type": "Index Scan","Parent Relationship": "Inner","Parallel Aware": false,"Async Capable": false,"Scan Direction": "Forward","Index Name": "idx_lineitem_orderkey","Relation Name": "lineitem","Alias": "lineitem","Startup Cost": 0.43,"Total Cost": 1.44,"Plan Rows": 9,"Plan Width": 16,"Actual Startup Time": 0.007,"Actual Total Time": 0.007,"Actual Rows": 0,"Actual Loops": 146204,"Index Cond": "(l_orderkey = orders.o_orderkey)","Rows Removed by Index Recheck": 0,"Filter": "(l_shipdate > '1995-03-23'::date)","Rows Removed by Filter": 4,"Workers": []}]}]}]}]},"Planning Time": 6.063,"Triggers": [],"Execution Time": 562.620}]
[{"Plan": {"Node Type": "Sort","Parallel Aware": false,"Async Capable": false,"Startup Cost": 179585.29,"Total Cost": 180373.54,"Plan Rows": 315303,"Plan Width": 44,"Actual Startup Time": 537.954,"Actual Total Time": 547.923,"Actual Rows": 11413,"Actual Loops": 1,"Sort Key": ["(sum((lineitem.l_extendedprice * ('1'::numeric - lineitem.l_discount)))) DESC", "orders.o_orderdate"],"Sort Method": "quicksort","Sort Space Used": 1098,"Sort Space Type": "Memory","Plans": [{"Node Type": "Aggregate","Strategy": "Hashed","Partial Mode": "Simple","Parent Relationship": "Outer","Parallel Aware": false,"Async Capable": false,"Startup Cost": 146846.78,"Total Cost": 150788.07,"Plan Rows": 315303,"Plan Width": 44,"Actual Startup Time": 515.276,"Actual Total Time": 539.475,"Actual Rows": 11413,"Actual Loops": 1,"Group Key": ["lineitem.l_orderkey", "orders.o_orderdate", "orders.o_shippriority"],"Planned Partitions": 0,"HashAgg Batches": 1,"Peak Memory Usage": 20497,"Disk Usage": 0,"Plans": [{"Node Type": "Gather","Parent Relationship": "Outer","Parallel Aware": false,"Async Capable": false,"Startup Cost": 5522.96,"Total Cost": 142117.23,"Plan Rows": 315303,"Plan Width": 24,"Actual Startup Time": 33.791,"Actual Total Time": 490.443,"Actual Rows": 30284,"Actual Loops": 1,"Workers Planned": 3,"Workers Launched": 3,"Single Copy": false,"Plans": [{"Node Type": "Nested Loop","Parent Relationship": "Outer","Parallel Aware": false,"Async Capable": false,"Join Type": "Inner","Startup Cost": 4522.96,"Total Cost": 109586.93,"Plan Rows": 101711,"Plan Width": 24,"Actual Startup Time": 27.000,"Actual Total Time": 498.148,"Actual Rows": 7571,"Actual Loops": 4,"Inner Unique": false,"Workers": [],"Plans": [{"Node Type": "Hash Join","Parent Relationship": "Outer","Parallel Aware": true,"Async Capable": false,"Join Type": "Inner","Startup Cost": 4522.52,"Total Cost": 37286.83,"Plan Rows": 47314,"Plan Width": 12,"Actual Startup Time": 26.881,"Actual Total Time": 219.572,"Actual Rows": 36447,"Actual Loops": 4,"Inner Unique": true,"Hash Cond": "(orders.o_custkey = customer.c_custkey)","Workers": [],"Plans": [{"Node Type": "Seq Scan","Parent Relationship": "Outer","Parallel Aware": true,"Async Capable": false,"Relation Name": "orders","Alias": "orders","Startup Cost": 0.00,"Total Cost": 32143.39,"Plan Rows": 236532,"Plan Width": 16,"Actual Startup Time": 0.007,"Actual Total Time": 140.816,"Actual Rows": 182617,"Actual Loops": 4,"Filter": "(o_orderdate < '1995-03-20'::date)","Rows Removed by Filter": 192383,"Workers": []},{"Node Type": "Hash","Parent Relationship": "Inner","Parallel Aware": true,"Async Capable": false,"Startup Cost": 4366.25,"Total Cost": 4366.25,"Plan Rows": 12502,"Plan Width": 4,"Actual Startup Time": 26.425,"Actual Total Time": 26.429,"Actual Rows": 7547,"Actual Loops": 4,"Hash Buckets": 32768,"Original Hash Buckets": 32768,"Hash Batches": 1,"Original Hash Batches": 1,"Peak Memory Usage": 1536,"Workers": [],"Plans": [{"Node Type": "Seq Scan","Parent Relationship": "Outer","Parallel Aware": true,"Async Capable": false,"Relation Name": "customer","Alias": "customer","Startup Cost": 0.00,"Total Cost": 4366.25,"Plan Rows": 12502,"Plan Width": 4,"Actual Startup Time": 0.032,"Actual Total Time": 22.594,"Actual Rows": 7547,"Actual Loops": 4,"Filter": "(c_mktsegment = 'HOUSEHOLD'::bpchar)","Rows Removed by Filter": 29953,"Workers": []}]}]},{"Node Type": "Index Scan","Parent Relationship": "Inner","Parallel Aware": false,"Async Capable": false,"Scan Direction": "Forward","Index Name": "idx_lineitem_orderkey","Relation Name": "lineitem","Alias": "lineitem","Startup Cost": 0.43,"Total Cost": 1.44,"Plan Rows": 9,"Plan Width": 16,"Actual Startup Time": 0.007,"Actual Total Time": 0.007,"Actual Rows": 0,"Actual Loops": 145787,"Index Cond": "(l_orderkey = orders.o_orderkey)","Rows Removed by Index Recheck": 0,"Filter": "(l_shipdate > '1995-03-20'::date)","Rows Removed by Filter": 4,"Workers": []}]}]}]}]},"Planning Time": 5.702,"Triggers": [],"Execution Time": 560.186}]
[{"Plan": {"Node Type": "Sort","Parallel Aware": false,"Async Capable": false,"Startup Cost": 179840.01,"Total Cost": 180628.27,"Plan Rows": 315302,"Plan Width": 44,"Actual Startup Time": 536.209,"Actual Total Time": 547.140,"Actual Rows": 11360,"Actual Loops": 1,"Sort Key": ["(sum((lineitem.l_extendedprice * ('1'::numeric - lineitem.l_discount)))) DESC", "orders.o_orderdate"],"Sort Method": "quicksort","Sort Space Used": 1095,"Sort Space Type": "Memory","Plans": [{"Node Type": "Aggregate","Strategy": "Hashed","Partial Mode": "Simple","Parent Relationship": "Outer","Parallel Aware": false,"Async Capable": false,"Startup Cost": 147101.61,"Total Cost": 151042.89,"Plan Rows": 315302,"Plan Width": 44,"Actual Startup Time": 514.336,"Actual Total Time": 539.153,"Actual Rows": 11360,"Actual Loops": 1,"Group Key": ["lineitem.l_orderkey", "orders.o_orderdate", "orders.o_shippriority"],"Planned Partitions": 0,"HashAgg Batches": 1,"Peak Memory Usage": 20497,"Disk Usage": 0,"Plans": [{"Node Type": "Gather","Parent Relationship": "Outer","Parallel Aware": false,"Async Capable": false,"Startup Cost": 5522.96,"Total Cost": 142372.08,"Plan Rows": 315302,"Plan Width": 24,"Actual Startup Time": 33.159,"Actual Total Time": 491.189,"Actual Rows": 30106,"Actual Loops": 1,"Workers Planned": 3,"Workers Launched": 3,"Single Copy": false,"Plans": [{"Node Type": "Nested Loop","Parent Relationship": "Outer","Parallel Aware": false,"Async Capable": false,"Join Type": "Inner","Startup Cost": 4522.96,"Total Cost": 109841.88,"Plan Rows": 101710,"Plan Width": 24,"Actual Startup Time": 26.264,"Actual Total Time": 497.296,"Actual Rows": 7526,"Actual Loops": 4,"Inner Unique": false,"Workers": [],"Plans": [{"Node Type": "Hash Join","Parent Relationship": "Outer","Parallel Aware": true,"Async Capable": false,"Join Type": "Inner","Startup Cost": 4522.52,"Total Cost": 37290.65,"Plan Rows": 47605,"Plan Width": 12,"Actual Startup Time": 26.097,"Actual Total Time": 218.530,"Actual Rows": 36658,"Actual Loops": 4,"Inner Unique": true,"Hash Cond": "(orders.o_custkey = customer.c_custkey)","Workers": [],"Plans": [{"Node Type": "Seq Scan","Parent Relationship": "Outer","Parallel Aware": true,"Async Capable": false,"Relation Name": "orders","Alias": "orders","Startup Cost": 0.00,"Total Cost": 32143.39,"Plan Rows": 237986,"Plan Width": 16,"Actual Startup Time": 0.009,"Actual Total Time": 140.327,"Actual Rows": 183693,"Actual Loops": 4,"Filter": "(o_orderdate < '1995-03-27'::date)","Rows Removed by Filter": 191307,"Workers": []},{"Node Type": "Hash","Parent Relationship": "Inner","Parallel Aware": true,"Async Capable": false,"Startup Cost": 4366.25,"Total Cost": 4366.25,"Plan Rows": 12502,"Plan Width": 4,"Actual Startup Time": 25.648,"Actual Total Time": 25.654,"Actual Rows": 7547,"Actual Loops": 4,"Hash Buckets": 32768,"Original Hash Buckets": 32768,"Hash Batches": 1,"Original Hash Batches": 1,"Peak Memory Usage": 1504,"Workers": [],"Plans": [{"Node Type": "Seq Scan","Parent Relationship": "Outer","Parallel Aware": true,"Async Capable": false,"Relation Name": "customer","Alias": "customer","Startup Cost": 0.00,"Total Cost": 4366.25,"Plan Rows": 12502,"Plan Width": 4,"Actual Startup Time": 0.032,"Actual Total Time": 22.068,"Actual Rows": 7547,"Actual Loops": 4,"Filter": "(c_mktsegment = 'HOUSEHOLD'::bpchar)","Rows Removed by Filter": 29953,"Workers": []}]}]},{"Node Type": "Index Scan","Parent Relationship": "Inner","Parallel Aware": false,"Async Capable": false,"Scan Direction": "Forward","Index Name": "idx_lineitem_orderkey","Relation Name": "lineitem","Alias": "lineitem","Startup Cost": 0.43,"Total Cost": 1.43,"Plan Rows": 9,"Plan Width": 16,"Actual Startup Time": 0.007,"Actual Total Time": 0.007,"Actual Rows": 0,"Actual Loops": 146632,"Index Cond": "(l_orderkey = orders.o_orderkey)","Rows Removed by Index Recheck": 0,"Filter": "(l_shipdate > '1995-03-27'::date)","Rows Removed by Filter": 4,"Workers": []}]}]}]}]},"Planning Time": 5.927,"Triggers": [],"Execution Time": 559.640}]
[{"Plan": {"Node Type": "Sort","Parallel Aware": false,"Async Capable": false,"Startup Cost": 179743.22,"Total Cost": 180530.95,"Plan Rows": 315090,"Plan Width": 44,"Actual Startup Time": 532.189,"Actual Total Time": 542.549,"Actual Rows": 11261,"Actual Loops": 1,"Sort Key": ["(sum((lineitem.l_extendedprice * ('1'::numeric - lineitem.l_discount)))) DESC", "orders.o_orderdate"],"Sort Method": "quicksort","Sort Space Used": 1088,"Sort Space Type": "Memory","Plans": [{"Node Type": "Aggregate","Strategy": "Hashed","Partial Mode": "Simple","Parent Relationship": "Outer","Parallel Aware": false,"Async Capable": false,"Startup Cost": 147028.37,"Total Cost": 150966.99,"Plan Rows": 315090,"Plan Width": 44,"Actual Startup Time": 509.724,"Actual Total Time": 534.588,"Actual Rows": 11261,"Actual Loops": 1,"Group Key": ["lineitem.l_orderkey", "orders.o_orderdate", "orders.o_shippriority"],"Planned Partitions": 0,"HashAgg Batches": 1,"Peak Memory Usage": 20497,"Disk Usage": 0,"Plans": [{"Node Type": "Gather","Parent Relationship": "Outer","Parallel Aware": false,"Async Capable": false,"Startup Cost": 5522.86,"Total Cost": 142302.02,"Plan Rows": 315090,"Plan Width": 24,"Actual Startup Time": 30.817,"Actual Total Time": 488.937,"Actual Rows": 29798,"Actual Loops": 1,"Workers Planned": 3,"Workers Launched": 3,"Single Copy": false,"Plans": [{"Node Type": "Nested Loop","Parent Relationship": "Outer","Parallel Aware": false,"Async Capable": false,"Join Type": "Inner","Startup Cost": 4522.86,"Total Cost": 109793.02,"Plan Rows": 101642,"Plan Width": 24,"Actual Startup Time": 23.583,"Actual Total Time": 493.251,"Actual Rows": 7450,"Actual Loops": 4,"Inner Unique": false,"Workers": [],"Plans": [{"Node Type": "Hash Join","Parent Relationship": "Outer","Parallel Aware": true,"Async Capable": false,"Join Type": "Inner","Startup Cost": 4522.43,"Total Cost": 37290.55,"Plan Rows": 47573,"Plan Width": 12,"Actual Startup Time": 23.225,"Actual Total Time": 214.604,"Actual Rows": 36679,"Actual Loops": 4,"Inner Unique": true,"Hash Cond": "(orders.o_custkey = customer.c_custkey)","Workers": [],"Plans": [{"Node Type": "Seq Scan","Parent Relationship": "Outer","Parallel Aware": true,"Async Capable": false,"Relation Name": "orders","Alias": "orders","Startup Cost": 0.00,"Total Cost": 32143.39,"Plan Rows": 237986,"Plan Width": 16,"Actual Startup Time": 0.014,"Actual Total Time": 140.482,"Actual Rows": 183693,"Actual Loops": 4,"Filter": "(o_orderdate < '1995-03-27'::date)","Rows Removed by Filter": 191307,"Workers": []},{"Node Type": "Hash","Parent Relationship": "Inner","Parallel Aware": true,"Async Capable": false,"Startup Cost": 4366.25,"Total Cost": 4366.25,"Plan Rows": 12494,"Plan Width": 4,"Actual Startup Time": 22.775,"Actual Total Time": 22.780,"Actual Rows": 7487,"Actual Loops": 4,"Hash Buckets": 32768,"Original Hash Buckets": 32768,"Hash Batches": 1,"Original Hash Batches": 1,"Peak Memory Usage": 1472,"Workers": [],"Plans": [{"Node Type": "Seq Scan","Parent Relationship": "Outer","Parallel Aware": true,"Async Capable": false,"Relation Name": "customer","Alias": "customer","Startup Cost": 0.00,"Total Cost": 4366.25,"Plan Rows": 12494,"Plan Width": 4,"Actual Startup Time": 0.029,"Actual Total Time": 19.637,"Actual Rows": 7487,"Actual Loops": 4,"Filter": "(c_mktsegment = 'MACHINERY'::bpchar)","Rows Removed by Filter": 30013,"Workers": []}]}]},{"Node Type": "Index Scan","Parent Relationship": "Inner","Parallel Aware": false,"Async Capable": false,"Scan Direction": "Forward","Index Name": "idx_lineitem_orderkey","Relation Name": "lineitem","Alias": "lineitem","Startup Cost": 0.43,"Total Cost": 1.43,"Plan Rows": 9,"Plan Width": 16,"Actual Startup Time": 0.007,"Actual Total Time": 0.007,"Actual Rows": 0,"Actual Loops": 146715,"Index Cond": "(l_orderkey = orders.o_orderkey)","Rows Removed by Index Recheck": 0,"Filter": "(l_shipdate > '1995-03-27'::date)","Rows Removed by Filter": 4,"Workers": []}]}]}]}]},"Planning Time": 6.025,"Triggers": [],"Execution Time": 555.958}]
[{"Plan": {"Node Type": "Sort","Parallel Aware": false,"Async Capable": false,"Startup Cost": 182741.96,"Total Cost": 183546.51,"Plan Rows": 321819,"Plan Width": 44,"Actual Startup Time": 547.341,"Actual Total Time": 556.587,"Actual Rows": 11452,"Actual Loops": 1,"Sort Key": ["(sum((lineitem.l_extendedprice * ('1'::numeric - lineitem.l_discount)))) DESC", "orders.o_orderdate"],"Sort Method": "quicksort","Sort Space Used": 1100,"Sort Space Type": "Memory","Plans": [{"Node Type": "Aggregate","Strategy": "Hashed","Partial Mode": "Simple","Parent Relationship": "Outer","Parallel Aware": false,"Async Capable": false,"Startup Cost": 149279.40,"Total Cost": 153302.13,"Plan Rows": 321819,"Plan Width": 44,"Actual Startup Time": 524.451,"Actual Total Time": 548.450,"Actual Rows": 11452,"Actual Loops": 1,"Group Key": ["lineitem.l_orderkey", "orders.o_orderdate", "orders.o_shippriority"],"Planned Partitions": 0,"HashAgg Batches": 1,"Peak Memory Usage": 20497,"Disk Usage": 0,"Plans": [{"Node Type": "Gather","Parent Relationship": "Outer","Parallel Aware": false,"Async Capable": false,"Startup Cost": 5526.18,"Total Cost": 144452.11,"Plan Rows": 321819,"Plan Width": 24,"Actual Startup Time": 33.906,"Actual Total Time": 500.858,"Actual Rows": 30407,"Actual Loops": 1,"Workers Planned": 3,"Workers Launched": 3,"Single Copy": false,"Plans": [{"Node Type": "Nested Loop","Parent Relationship": "Outer","Parallel Aware": false,"Async Capable": false,"Join Type": "Inner","Startup Cost": 4526.18,"Total Cost": 111270.21,"Plan Rows": 103813,"Plan Width": 24,"Actual Startup Time": 26.867,"Actual Total Time": 507.277,"Actual Rows": 7602,"Actual Loops": 4,"Inner Unique": false,"Workers": [],"Plans": [{"Node Type": "Hash Join","Parent Relationship": "Outer","Parallel Aware": true,"Async Capable": false,"Join Type": "Inner","Startup Cost": 4525.75,"Total Cost": 37292.78,"Plan Rows": 48504,"Plan Width": 12,"Actual Startup Time": 26.648,"Actual Total Time": 219.043,"Actual Rows": 36598,"Actual Loops": 4,"Inner Unique": true,"Hash Cond": "(orders.o_custkey = customer.c_custkey)","Workers": [],"Plans": [{"Node Type": "Seq Scan","Parent Relationship": "Outer","Parallel Aware": true,"Async Capable": false,"Relation Name": "orders","Alias": "orders","Startup Cost": 0.00,"Total Cost": 32143.39,"Plan Rows": 237570,"Plan Width": 16,"Actual Startup Time": 0.011,"Actual Total Time": 145.795,"Actual Rows": 183364,"Actual Loops": 4,"Filter": "(o_orderdate < '1995-03-25'::date)","Rows Removed by Filter": 191636,"Workers": []},{"Node Type": "Hash","Parent Relationship": "Inner","Parallel Aware": true,"Async Capable": false,"Startup Cost": 4366.25,"Total Cost": 4366.25,"Plan Rows": 12760,"Plan Width": 4,"Actual Startup Time": 26.187,"Actual Total Time": 26.192,"Actual Rows": 7492,"Actual Loops": 4,"Hash Buckets": 32768,"Original Hash Buckets": 32768,"Hash Batches": 1,"Original Hash Batches": 1,"Peak Memory Usage": 1472,"Workers": [],"Plans": [{"Node Type": "Seq Scan","Parent Relationship": "Outer","Parallel Aware": true,"Async Capable": false,"Relation Name": "customer","Alias": "customer","Startup Cost": 0.00,"Total Cost": 4366.25,"Plan Rows": 12760,"Plan Width": 4,"Actual Startup Time": 0.028,"Actual Total Time": 22.996,"Actual Rows": 7492,"Actual Loops": 4,"Filter": "(c_mktsegment = 'FURNITURE'::bpchar)","Rows Removed by Filter": 30008,"Workers": []}]}]},{"Node Type": "Index Scan","Parent Relationship": "Inner","Parallel Aware": false,"Async Capable": false,"Scan Direction": "Forward","Index Name": "idx_lineitem_orderkey","Relation Name": "lineitem","Alias": "lineitem","Startup Cost": 0.43,"Total Cost": 1.44,"Plan Rows": 9,"Plan Width": 16,"Actual Startup Time": 0.007,"Actual Total Time": 0.008,"Actual Rows": 0,"Actual Loops": 146391,"Index Cond": "(l_orderkey = orders.o_orderkey)","Rows Removed by Index Recheck": 0,"Filter": "(l_shipdate > '1995-03-25'::date)","Rows Removed by Filter": 4,"Workers": []}]}]}]}]},"Planning Time": 6.705,"Triggers": [],"Execution Time": 569.249}]
[{"Plan": {"Node Type": "Sort","Parallel Aware": false,"Async Capable": false,"Startup Cost": 178674.45,"Total Cost": 179455.72,"Plan Rows": 312508,"Plan Width": 44,"Actual Startup Time": 545.968,"Actual Total Time": 556.304,"Actual Rows": 11551,"Actual Loops": 1,"Sort Key": ["(sum((lineitem.l_extendedprice * ('1'::numeric - lineitem.l_discount)))) DESC", "orders.o_orderdate"],"Sort Method": "quicksort","Sort Space Used": 1106,"Sort Space Type": "Memory","Plans": [{"Node Type": "Aggregate","Strategy": "Hashed","Partial Mode": "Simple","Parent Relationship": "Outer","Parallel Aware": false,"Async Capable": false,"Startup Cost": 146246.22,"Total Cost": 150152.57,"Plan Rows": 312508,"Plan Width": 44,"Actual Startup Time": 523.282,"Actual Total Time": 547.917,"Actual Rows": 11551,"Actual Loops": 1,"Group Key": ["lineitem.l_orderkey", "orders.o_orderdate", "orders.o_shippriority"],"Planned Partitions": 0,"HashAgg Batches": 1,"Peak Memory Usage": 20497,"Disk Usage": 0,"Plans": [{"Node Type": "Gather","Parent Relationship": "Outer","Parallel Aware": false,"Async Capable": false,"Startup Cost": 5521.58,"Total Cost": 141558.60,"Plan Rows": 312508,"Plan Width": 24,"Actual Startup Time": 33.872,"Actual Total Time": 501.295,"Actual Rows": 30087,"Actual Loops": 1,"Workers Planned": 3,"Workers Launched": 3,"Single Copy": false,"Plans": [{"Node Type": "Nested Loop","Parent Relationship": "Outer","Parallel Aware": false,"Async Capable": false,"Join Type": "Inner","Startup Cost": 4521.58,"Total Cost": 109307.80,"Plan Rows": 100809,"Plan Width": 24,"Actual Startup Time": 26.236,"Actual Total Time": 506.311,"Actual Rows": 7522,"Actual Loops": 4,"Inner Unique": false,"Workers": [],"Plans": [{"Node Type": "Hash Join","Parent Relationship": "Outer","Parallel Aware": true,"Async Capable": false,"Join Type": "Inner","Startup Cost": 4521.15,"Total Cost": 37290.91,"Plan Rows": 47308,"Plan Width": 12,"Actual Startup Time": 26.083,"Actual Total Time": 220.609,"Actual Rows": 37243,"Actual Loops": 4,"Inner Unique": true,"Hash Cond": "(orders.o_custkey = customer.c_custkey)","Workers": [],"Plans": [{"Node Type": "Seq Scan","Parent Relationship": "Outer","Parallel Aware": true,"Async Capable": false,"Relation Name": "orders","Alias": "orders","Startup Cost": 0.00,"Total Cost": 32143.39,"Plan Rows": 238609,"Plan Width": 16,"Actual Startup Time": 0.015,"Actual Total Time": 143.861,"Actual Rows": 184142,"Actual Loops": 4,"Filter": "(o_orderdate < '1995-03-30'::date)","Rows Removed by Filter": 190858,"Workers": []},{"Node Type": "Hash","Parent Relationship": "Inner","Parallel Aware": true,"Async Capable": false,"Startup Cost": 4366.25,"Total Cost": 4366.25,"Plan Rows": 12392,"Plan Width": 4,"Actual Startup Time": 25.641,"Actual Total Time": 25.646,"Actual Rows": 7536,"Actual Loops": 4,"Hash Buckets": 32768,"Original Hash Buckets": 32768,"Hash Batches": 1,"Original Hash Batches": 1,"Peak Memory Usage": 1504,"Workers": [],"Plans": [{"Node Type": "Seq Scan","Parent Relationship": "Outer","Parallel Aware": true,"Async Capable": false,"Relation Name": "customer","Alias": "customer","Startup Cost": 0.00,"Total Cost": 4366.25,"Plan Rows": 12392,"Plan Width": 4,"Actual Startup Time": 0.054,"Actual Total Time": 22.345,"Actual Rows": 7536,"Actual Loops": 4,"Filter": "(c_mktsegment = 'BUILDING'::bpchar)","Rows Removed by Filter": 29964,"Workers": []}]}]},{"Node Type": "Index Scan","Parent Relationship": "Inner","Parallel Aware": false,"Async Capable": false,"Scan Direction": "Forward","Index Name": "idx_lineitem_orderkey","Relation Name": "lineitem","Alias": "lineitem","Startup Cost": 0.43,"Total Cost": 1.43,"Plan Rows": 9,"Plan Width": 16,"Actual Startup Time": 0.007,"Actual Total Time": 0.007,"Actual Rows": 0,"Actual Loops": 148972,"Index Cond": "(l_orderkey = orders.o_orderkey)","Rows Removed by Index Recheck": 0,"Filter": "(l_shipdate > '1995-03-30'::date)","Rows Removed by Filter": 4,"Workers": []}]}]}]}]},"Planning Time": 6.838,"Triggers": [],"Execution Time": 569.204}]
[{"Plan": {"Node Type": "Sort","Parallel Aware": false,"Async Capable": false,"Startup Cost": 177406.42,"Total Cost": 178184.55,"Plan Rows": 311252,"Plan Width": 44,"Actual Startup Time": 537.136,"Actual Total Time": 543.104,"Actual Rows": 11506,"Actual Loops": 1,"Sort Key": ["(sum((lineitem.l_extendedprice * ('1'::numeric - lineitem.l_discount)))) DESC", "orders.o_orderdate"],"Sort Method": "quicksort","Sort Space Used": 1104,"Sort Space Type": "Memory","Plans": [{"Node Type": "Aggregate","Strategy": "Hashed","Partial Mode": "Simple","Parent Relationship": "Outer","Parallel Aware": false,"Async Capable": false,"Startup Cost": 145117.57,"Total Cost": 149008.22,"Plan Rows": 311252,"Plan Width": 44,"Actual Startup Time": 509.899,"Actual Total Time": 534.326,"Actual Rows": 11506,"Actual Loops": 1,"Group Key": ["lineitem.l_orderkey", "orders.o_orderdate", "orders.o_shippriority"],"Planned Partitions": 0,"HashAgg Batches": 1,"Peak Memory Usage": 20497,"Disk Usage": 0,"Plans": [{"Node Type": "Gather","Parent Relationship": "Outer","Parallel Aware": false,"Async Capable": false,"Startup Cost": 5521.08,"Total Cost": 140448.79,"Plan Rows": 311252,"Plan Width": 24,"Actual Startup Time": 29.926,"Actual Total Time": 479.414,"Actual Rows": 30350,"Actual Loops": 1,"Workers Planned": 3,"Workers Launched": 3,"Single Copy": false,"Plans": [{"Node Type": "Nested Loop","Parent Relationship": "Outer","Parallel Aware": false,"Async Capable": false,"Join Type": "Inner","Startup Cost": 4521.08,"Total Cost": 108323.59,"Plan Rows": 100404,"Plan Width": 24,"Actual Startup Time": 23.437,"Actual Total Time": 492.442,"Actual Rows": 7588,"Actual Loops": 4,"Inner Unique": false,"Workers": [],"Plans": [{"Node Type": "Hash Join","Parent Relationship": "Outer","Parallel Aware": true,"Async Capable": false,"Join Type": "Inner","Startup Cost": 4520.65,"Total Cost": 37278.97,"Plan Rows": 46296,"Plan Width": 12,"Actual Startup Time": 23.041,"Actual Total Time": 210.470,"Actual Rows": 36014,"Actual Loops": 4,"Inner Unique": true,"Hash Cond": "(orders.o_custkey = customer.c_custkey)","Workers": [],"Plans": [{"Node Type": "Seq Scan","Parent Relationship": "Outer","Parallel Aware": true,"Async Capable": false,"Relation Name": "orders","Alias": "orders","Startup Cost": 0.00,"Total Cost": 32143.39,"Plan Rows": 234250,"Plan Width": 16,"Actual Startup Time": 0.011,"Actual Total Time": 141.656,"Actual Rows": 181030,"Actual Loops": 4,"Filter": "(o_orderdate < '1995-03-10'::date)","Rows Removed by Filter": 193970,"Workers": []},{"Node Type": "Hash","Parent Relationship": "Inner","Parallel Aware": true,"Async Capable": false,"Startup Cost": 4366.25,"Total Cost": 4366.25,"Plan Rows": 12352,"Plan Width": 4,"Actual Startup Time": 22.598,"Actual Total Time": 22.604,"Actual Rows": 7438,"Actual Loops": 4,"Hash Buckets": 32768,"Original Hash Buckets": 32768,"Hash Batches": 1,"Original Hash Batches": 1,"Peak Memory Usage": 1472,"Workers": [],"Plans": [{"Node Type": "Seq Scan","Parent Relationship": "Outer","Parallel Aware": true,"Async Capable": false,"Relation Name": "customer","Alias": "customer","Startup Cost": 0.00,"Total Cost": 4366.25,"Plan Rows": 12352,"Plan Width": 4,"Actual Startup Time": 0.050,"Actual Total Time": 19.535,"Actual Rows": 7438,"Actual Loops": 4,"Filter": "(c_mktsegment = 'AUTOMOBILE'::bpchar)","Rows Removed by Filter": 30062,"Workers": []}]}]},{"Node Type": "Index Scan","Parent Relationship": "Inner","Parallel Aware": false,"Async Capable": false,"Scan Direction": "Forward","Index Name": "idx_lineitem_orderkey","Relation Name": "lineitem","Alias": "lineitem","Startup Cost": 0.43,"Total Cost": 1.44,"Plan Rows": 9,"Plan Width": 16,"Actual Startup Time": 0.007,"Actual Total Time": 0.008,"Actual Rows": 0,"Actual Loops": 144054,"Index Cond": "(l_orderkey = orders.o_orderkey)","Rows Removed by Index Recheck": 0,"Filter": "(l_shipdate > '1995-03-10'::date)","Rows Removed by Filter": 4,"Workers": []}]}]}]}]},"Planning Time": 6.457,"Triggers": [],"Execution Time": 558.281}]
[{"Plan": {"Node Type": "Sort","Parallel Aware": false,"Async Capable": false,"Startup Cost": 179622.82,"Total Cost": 180411.08,"Plan Rows": 315305,"Plan Width": 44,"Actual Startup Time": 515.747,"Actual Total Time": 525.143,"Actual Rows": 11384,"Actual Loops": 1,"Sort Key": ["(sum((lineitem.l_extendedprice * ('1'::numeric - lineitem.l_discount)))) DESC", "orders.o_orderdate"],"Sort Method": "quicksort","Sort Space Used": 1096,"Sort Space Type": "Memory","Plans": [{"Node Type": "Aggregate","Strategy": "Hashed","Partial Mode": "Simple","Parent Relationship": "Outer","Parallel Aware": false,"Async Capable": false,"Startup Cost": 146884.09,"Total Cost": 150825.40,"Plan Rows": 315305,"Plan Width": 44,"Actual Startup Time": 493.657,"Actual Total Time": 516.993,"Actual Rows": 11384,"Actual Loops": 1,"Group Key": ["lineitem.l_orderkey", "orders.o_orderdate", "orders.o_shippriority"],"Planned Partitions": 0,"HashAgg Batches": 1,"Peak Memory Usage": 20497,"Disk Usage": 0,"Plans": [{"Node Type": "Gather","Parent Relationship": "Outer","Parallel Aware": false,"Async Capable": false,"Startup Cost": 5522.96,"Total Cost": 142154.51,"Plan Rows": 315305,"Plan Width": 24,"Actual Startup Time": 30.376,"Actual Total Time": 471.316,"Actual Rows": 30227,"Actual Loops": 1,"Workers Planned": 3,"Workers Launched": 3,"Single Copy": false,"Plans": [{"Node Type": "Nested Loop","Parent Relationship": "Outer","Parallel Aware": false,"Async Capable": false,"Join Type": "Inner","Startup Cost": 4522.96,"Total Cost": 109624.01,"Plan Rows": 101711,"Plan Width": 24,"Actual Startup Time": 23.216,"Actual Total Time": 477.196,"Actual Rows": 7557,"Actual Loops": 4,"Inner Unique": false,"Workers": [],"Plans": [{"Node Type": "Hash Join","Parent Relationship": "Outer","Parallel Aware": true,"Async Capable": false,"Join Type": "Inner","Startup Cost": 4522.52,"Total Cost": 37287.38,"Plan Rows": 47356,"Plan Width": 12,"Actual Startup Time": 23.096,"Actual Total Time": 204.772,"Actual Rows": 36478,"Actual Loops": 4,"Inner Unique": true,"Hash Cond": "(orders.o_custkey = customer.c_custkey)","Workers": [],"Plans": [{"Node Type": "Seq Scan","Parent Relationship": "Outer","Parallel Aware": true,"Async Capable": false,"Relation Name": "orders","Alias": "orders","Startup Cost": 0.00,"Total Cost": 32143.39,"Plan Rows": 236740,"Plan Width": 16,"Actual Startup Time": 0.012,"Actual Total Time": 135.713,"Actual Rows": 182768,"Actual Loops": 4,"Filter": "(o_orderdate < '1995-03-21'::date)","Rows Removed by Filter": 192232,"Workers": []},{"Node Type": "Hash","Parent Relationship": "Inner","Parallel Aware": true,"Async Capable": false,"Startup Cost": 4366.25,"Total Cost": 4366.25,"Plan Rows": 12502,"Plan Width": 4,"Actual Startup Time": 22.621,"Actual Total Time": 22.626,"Actual Rows": 7547,"Actual Loops": 4,"Hash Buckets": 32768,"Original Hash Buckets": 32768,"Hash Batches": 1,"Original Hash Batches": 1,"Peak Memory Usage": 1536,"Workers": [],"Plans": [{"Node Type": "Seq Scan","Parent Relationship": "Outer","Parallel Aware": true,"Async Capable": false,"Relation Name": "customer","Alias": "customer","Startup Cost": 0.00,"Total Cost": 4366.25,"Plan Rows": 12502,"Plan Width": 4,"Actual Startup Time": 0.042,"Actual Total Time": 19.512,"Actual Rows": 7547,"Actual Loops": 4,"Filter": "(c_mktsegment = 'HOUSEHOLD'::bpchar)","Rows Removed by Filter": 29953,"Workers": []}]}]},{"Node Type": "Index Scan","Parent Relationship": "Inner","Parallel Aware": false,"Async Capable": false,"Scan Direction": "Forward","Index Name": "idx_lineitem_orderkey","Relation Name": "lineitem","Alias": "lineitem","Startup Cost": 0.43,"Total Cost": 1.44,"Plan Rows": 9,"Plan Width": 16,"Actual Startup Time": 0.007,"Actual Total Time": 0.007,"Actual Rows": 0,"Actual Loops": 145911,"Index Cond": "(l_orderkey = orders.o_orderkey)","Rows Removed by Index Recheck": 0,"Filter": "(l_shipdate > '1995-03-21'::date)","Rows Removed by Filter": 4,"Workers": []}]}]}]}]},"Planning Time": 5.717,"Triggers": [],"Execution Time": 537.484}]
[{"Plan": {"Node Type": "Sort","Parallel Aware": false,"Async Capable": false,"Startup Cost": 177406.42,"Total Cost": 178184.55,"Plan Rows": 311252,"Plan Width": 44,"Actual Startup Time": 537.136,"Actual Total Time": 543.104,"Actual Rows": 11506,"Actual Loops": 1,"Sort Key": ["(sum((lineitem.l_extendedprice * ('1'::numeric - lineitem.l_discount)))) DESC", "orders.o_orderdate"],"Sort Method": "quicksort","Sort Space Used": 1104,"Sort Space Type": "Memory","Plans": [{"Node Type": "Aggregate","Strategy": "Hashed","Partial Mode": "Simple","Parent Relationship": "Outer","Parallel Aware": false,"Async Capable": false,"Startup Cost": 145117.57,"Total Cost": 149008.22,"Plan Rows": 311252,"Plan Width": 44,"Actual Startup Time": 509.899,"Actual Total Time": 534.326,"Actual Rows": 11506,"Actual Loops": 1,"Group Key": ["lineitem.l_orderkey", "orders.o_orderdate", "orders.o_shippriority"],"Planned Partitions": 0,"HashAgg Batches": 1,"Peak Memory Usage": 20497,"Disk Usage": 0,"Plans": [{"Node Type": "Gather","Parent Relationship": "Outer","Parallel Aware": false,"Async Capable": false,"Startup Cost": 5521.08,"Total Cost": 140448.79,"Plan Rows": 311252,"Plan Width": 24,"Actual Startup Time": 29.926,"Actual Total Time": 479.414,"Actual Rows": 30350,"Actual Loops": 1,"Workers Planned": 3,"Workers Launched": 3,"Single Copy": false,"Plans": [{"Node Type": "Nested Loop","Parent Relationship": "Outer","Parallel Aware": false,"Async Capable": false,"Join Type": "Inner","Startup Cost": 4521.08,"Total Cost": 108323.59,"Plan Rows": 100404,"Plan Width": 24,"Actual Startup Time": 23.437,"Actual Total Time": 492.442,"Actual Rows": 7588,"Actual Loops": 4,"Inner Unique": false,"Workers": [],"Plans": [{"Node Type": "Hash Join","Parent Relationship": "Outer","Parallel Aware": true,"Async Capable": false,"Join Type": "Inner","Startup Cost": 4520.65,"Total Cost": 37278.97,"Plan Rows": 46296,"Plan Width": 12,"Actual Startup Time": 23.041,"Actual Total Time": 210.470,"Actual Rows": 36014,"Actual Loops": 4,"Inner Unique": true,"Hash Cond": "(orders.o_custkey = customer.c_custkey)","Workers": [],"Plans": [{"Node Type": "Seq Scan","Parent Relationship": "Outer","Parallel Aware": true,"Async Capable": false,"Relation Name": "orders","Alias": "orders","Startup Cost": 0.00,"Total Cost": 32143.39,"Plan Rows": 234250,"Plan Width": 16,"Actual Startup Time": 0.011,"Actual Total Time": 141.656,"Actual Rows": 181030,"Actual Loops": 4,"Filter": "(o_orderdate < '1995-03-10'::date)","Rows Removed by Filter": 193970,"Workers": []},{"Node Type": "Hash","Parent Relationship": "Inner","Parallel Aware": true,"Async Capable": false,"Startup Cost": 4366.25,"Total Cost": 4366.25,"Plan Rows": 12352,"Plan Width": 4,"Actual Startup Time": 22.598,"Actual Total Time": 22.604,"Actual Rows": 7438,"Actual Loops": 4,"Hash Buckets": 32768,"Original Hash Buckets": 32768,"Hash Batches": 1,"Original Hash Batches": 1,"Peak Memory Usage": 1472,"Workers": [],"Plans": [{"Node Type": "Seq Scan","Parent Relationship": "Outer","Parallel Aware": true,"Async Capable": false,"Relation Name": "customer","Alias": "customer","Startup Cost": 0.00,"Total Cost": 4366.25,"Plan Rows": 12352,"Plan Width": 4,"Actual Startup Time": 0.050,"Actual Total Time": 19.535,"Actual Rows": 7438,"Actual Loops": 4,"Filter": "(c_mktsegment = 'AUTOMOBILE'::bpchar)","Rows Removed by Filter": 30062,"Workers": []}]}]},{"Node Type": "Index Scan","Parent Relationship": "Inner","Parallel Aware": false,"Async Capable": false,"Scan Direction": "Forward","Index Name": "idx_lineitem_orderkey","Relation Name": "lineitem","Alias": "lineitem","Startup Cost": 0.43,"Total Cost": 1.44,"Plan Rows": 9,"Plan Width": 16,"Actual Startup Time": 0.007,"Actual Total Time": 0.008,"Actual Rows": 0,"Actual Loops": 144054,"Index Cond": "(l_orderkey = orders.o_orderkey)","Rows Removed by Index Recheck": 0,"Filter": "(l_shipdate > '1995-03-10'::date)","Rows Removed by Filter": 4,"Workers": []}]}]}]}]},"Planning Time": 6.457,"Triggers": [],"Execution Time": 558.281}]
[{"Plan": {"Node Type": "Sort","Parallel Aware": false,"Async Capable": false,"Startup Cost": 179635.90,"Total Cost": 180423.63,"Plan Rows": 315094,"Plan Width": 44,"Actual Startup Time": 525.994,"Actual Total Time": 533.946,"Actual Rows": 11231,"Actual Loops": 1,"Sort Key": ["(sum((lineitem.l_extendedprice * ('1'::numeric - lineitem.l_discount)))) DESC", "orders.o_orderdate"],"Sort Method": "quicksort","Sort Space Used": 1086,"Sort Space Type": "Memory","Plans": [{"Node Type": "Aggregate","Strategy": "Hashed","Partial Mode": "Simple","Parent Relationship": "Outer","Parallel Aware": false,"Async Capable": false,"Startup Cost": 146920.60,"Total Cost": 150859.27,"Plan Rows": 315094,"Plan Width": 44,"Actual Startup Time": 503.778,"Actual Total Time": 528.247,"Actual Rows": 11231,"Actual Loops": 1,"Group Key": ["lineitem.l_orderkey", "orders.o_orderdate", "orders.o_shippriority"],"Planned Partitions": 0,"HashAgg Batches": 1,"Peak Memory Usage": 20497,"Disk Usage": 0,"Plans": [{"Node Type": "Gather","Parent Relationship": "Outer","Parallel Aware": false,"Async Capable": false,"Startup Cost": 5522.86,"Total Cost": 142194.19,"Plan Rows": 315094,"Plan Width": 24,"Actual Startup Time": 30.513,"Actual Total Time": 482.545,"Actual Rows": 29670,"Actual Loops": 1,"Workers Planned": 3,"Workers Launched": 3,"Single Copy": false,"Plans": [{"Node Type": "Nested Loop","Parent Relationship": "Outer","Parallel Aware": false,"Async Capable": false,"Join Type": "Inner","Startup Cost": 4522.86,"Total Cost": 109684.79,"Plan Rows": 101643,"Plan Width": 24,"Actual Startup Time": 23.171,"Actual Total Time": 487.131,"Actual Rows": 7418,"Actual Loops": 4,"Inner Unique": false,"Workers": [],"Plans": [{"Node Type": "Hash Join","Parent Relationship": "Outer","Parallel Aware": true,"Async Capable": false,"Join Type": "Inner","Startup Cost": 4522.43,"Total Cost": 37288.91,"Plan Rows": 47449,"Plan Width": 12,"Actual Startup Time": 22.864,"Actual Total Time": 206.843,"Actual Rows": 36580,"Actual Loops": 4,"Inner Unique": true,"Hash Cond": "(orders.o_custkey = customer.c_custkey)","Workers": [],"Plans": [{"Node Type": "Seq Scan","Parent Relationship": "Outer","Parallel Aware": true,"Async Capable": false,"Relation Name": "orders","Alias": "orders","Startup Cost": 0.00,"Total Cost": 32143.39,"Plan Rows": 237363,"Plan Width": 16,"Actual Startup Time": 0.013,"Actual Total Time": 138.612,"Actual Rows": 183220,"Actual Loops": 4,"Filter": "(o_orderdate < '1995-03-24'::date)","Rows Removed by Filter": 191780,"Workers": []},{"Node Type": "Hash","Parent Relationship": "Inner","Parallel Aware": true,"Async Capable": false,"Startup Cost": 4366.25,"Total Cost": 4366.25,"Plan Rows": 12494,"Plan Width": 4,"Actual Startup Time": 22.398,"Actual Total Time": 22.402,"Actual Rows": 7487,"Actual Loops": 4,"Hash Buckets": 32768,"Original Hash Buckets": 32768,"Hash Batches": 1,"Original Hash Batches": 1,"Peak Memory Usage": 1504,"Workers": [],"Plans": [{"Node Type": "Seq Scan","Parent Relationship": "Outer","Parallel Aware": true,"Async Capable": false,"Relation Name": "customer","Alias": "customer","Startup Cost": 0.00,"Total Cost": 4366.25,"Plan Rows": 12494,"Plan Width": 4,"Actual Startup Time": 0.036,"Actual Total Time": 19.351,"Actual Rows": 7487,"Actual Loops": 4,"Filter": "(c_mktsegment = 'MACHINERY'::bpchar)","Rows Removed by Filter": 30013,"Workers": []}]}]},{"Node Type": "Index Scan","Parent Relationship": "Inner","Parallel Aware": false,"Async Capable": false,"Scan Direction": "Forward","Index Name": "idx_lineitem_orderkey","Relation Name": "lineitem","Alias": "lineitem","Startup Cost": 0.43,"Total Cost": 1.44,"Plan Rows": 9,"Plan Width": 16,"Actual Startup Time": 0.007,"Actual Total Time": 0.007,"Actual Rows": 0,"Actual Loops": 146321,"Index Cond": "(l_orderkey = orders.o_orderkey)","Rows Removed by Index Recheck": 0,"Filter": "(l_shipdate > '1995-03-24'::date)","Rows Removed by Filter": 4,"Workers": []}]}]}]}]},"Planning Time": 5.728,"Triggers": [],"Execution Time": 548.066}]
[{"Plan": {"Node Type": "Sort","Parallel Aware": false,"Async Capable": false,"Startup Cost": 178838.82,"Total Cost": 179626.36,"Plan Rows": 315017,"Plan Width": 44,"Actual Startup Time": 525.766,"Actual Total Time": 536.120,"Actual Rows": 11376,"Actual Loops": 1,"Sort Key": ["(sum((lineitem.l_extendedprice * ('1'::numeric - lineitem.l_discount)))) DESC", "orders.o_orderdate"],"Sort Method": "quicksort","Sort Space Used": 1096,"Sort Space Type": "Memory","Plans": [{"Node Type": "Aggregate","Strategy": "Hashed","Partial Mode": "Simple","Parent Relationship": "Outer","Parallel Aware": false,"Async Capable": false,"Startup Cost": 146132.07,"Total Cost": 150069.78,"Plan Rows": 315017,"Plan Width": 44,"Actual Startup Time": 503.480,"Actual Total Time": 527.904,"Actual Rows": 11376,"Actual Loops": 1,"Group Key": ["lineitem.l_orderkey", "orders.o_orderdate", "orders.o_shippriority"],"Planned Partitions": 0,"HashAgg Batches": 1,"Peak Memory Usage": 20497,"Disk Usage": 0,"Plans": [{"Node Type": "Gather","Parent Relationship": "Outer","Parallel Aware": false,"Async Capable": false,"Startup Cost": 5522.86,"Total Cost": 141406.81,"Plan Rows": 315017,"Plan Width": 24,"Actual Startup Time": 30.478,"Actual Total Time": 481.702,"Actual Rows": 29979,"Actual Loops": 1,"Workers Planned": 3,"Workers Launched": 3,"Single Copy": false,"Plans": [{"Node Type": "Nested Loop","Parent Relationship": "Outer","Parallel Aware": false,"Async Capable": false,"Join Type": "Inner","Startup Cost": 4522.86,"Total Cost": 108905.11,"Plan Rows": 101618,"Plan Width": 24,"Actual Startup Time": 23.785,"Actual Total Time": 487.291,"Actual Rows": 7495,"Actual Loops": 4,"Inner Unique": false,"Workers": [],"Plans": [{"Node Type": "Hash Join","Parent Relationship": "Outer","Parallel Aware": true,"Async Capable": false,"Join Type": "Inner","Startup Cost": 4522.43,"Total Cost": 37277.23,"Plan Rows": 46559,"Plan Width": 12,"Actual Startup Time": 23.565,"Actual Total Time": 212.835,"Actual Rows": 35944,"Actual Loops": 4,"Inner Unique": true,"Hash Cond": "(orders.o_custkey = customer.c_custkey)","Workers": [],"Plans": [{"Node Type": "Seq Scan","Parent Relationship": "Outer","Parallel Aware": true,"Async Capable": false,"Relation Name": "orders","Alias": "orders","Startup Cost": 0.00,"Total Cost": 32143.39,"Plan Rows": 232913,"Plan Width": 16,"Actual Startup Time": 0.015,"Actual Total Time": 139.379,"Actual Rows": 179945,"Actual Loops": 4,"Filter": "(o_orderdate < '1995-03-03'::date)","Rows Removed by Filter": 195055,"Workers": []},{"Node Type": "Hash","Parent Relationship": "Inner","Parallel Aware": true,"Async Capable": false,"Startup Cost": 4366.25,"Total Cost": 4366.25,"Plan Rows": 12494,"Plan Width": 4,"Actual Startup Time": 23.039,"Actual Total Time": 23.043,"Actual Rows": 7487,"Actual Loops": 4,"Hash Buckets": 32768,"Original Hash Buckets": 32768,"Hash Batches": 1,"Original Hash Batches": 1,"Peak Memory Usage": 1504,"Workers": [],"Plans": [{"Node Type": "Seq Scan","Parent Relationship": "Outer","Parallel Aware": true,"Async Capable": false,"Relation Name": "customer","Alias": "customer","Startup Cost": 0.00,"Total Cost": 4366.25,"Plan Rows": 12494,"Plan Width": 4,"Actual Startup Time": 0.039,"Actual Total Time": 19.934,"Actual Rows": 7487,"Actual Loops": 4,"Filter": "(c_mktsegment = 'MACHINERY'::bpchar)","Rows Removed by Filter": 30013,"Workers": []}]}]},{"Node Type": "Index Scan","Parent Relationship": "Inner","Parallel Aware": false,"Async Capable": false,"Scan Direction": "Forward","Index Name": "idx_lineitem_orderkey","Relation Name": "lineitem","Alias": "lineitem","Startup Cost": 0.43,"Total Cost": 1.45,"Plan Rows": 9,"Plan Width": 16,"Actual Startup Time": 0.007,"Actual Total Time": 0.007,"Actual Rows": 0,"Actual Loops": 143777,"Index Cond": "(l_orderkey = orders.o_orderkey)","Rows Removed by Index Recheck": 0,"Filter": "(l_shipdate > '1995-03-03'::date)","Rows Removed by Filter": 4,"Workers": []}]}]}]}]},"Planning Time": 5.270,"Triggers": [],"Execution Time": 550.498}]
[{"Plan": {"Node Type": "Sort","Parallel Aware": false,"Async Capable": false,"Startup Cost": 182497.38,"Total Cost": 183302.03,"Plan Rows": 321860,"Plan Width": 44,"Actual Startup Time": 554.141,"Actual Total Time": 561.476,"Actual Rows": 11425,"Actual Loops": 1,"Sort Key": ["(sum((lineitem.l_extendedprice * ('1'::numeric - lineitem.l_discount)))) DESC", "orders.o_orderdate"],"Sort Method": "quicksort","Sort Space Used": 1099,"Sort Space Type": "Memory","Plans": [{"Node Type": "Aggregate","Strategy": "Hashed","Partial Mode": "Simple","Parent Relationship": "Outer","Parallel Aware": false,"Async Capable": false,"Startup Cost": 149030.26,"Total Cost": 153053.51,"Plan Rows": 321860,"Plan Width": 44,"Actual Startup Time": 531.569,"Actual Total Time": 555.749,"Actual Rows": 11425,"Actual Loops": 1,"Group Key": ["lineitem.l_orderkey", "orders.o_orderdate", "orders.o_shippriority"],"Planned Partitions": 0,"HashAgg Batches": 1,"Peak Memory Usage": 20497,"Disk Usage": 0,"Plans": [{"Node Type": "Gather","Parent Relationship": "Outer","Parallel Aware": false,"Async Capable": false,"Startup Cost": 5526.18,"Total Cost": 144202.36,"Plan Rows": 321860,"Plan Width": 24,"Actual Startup Time": 35.818,"Actual Total Time": 509.458,"Actual Rows": 30276,"Actual Loops": 1,"Workers Planned": 3,"Workers Launched": 3,"Single Copy": false,"Plans": [{"Node Type": "Nested Loop","Parent Relationship": "Outer","Parallel Aware": false,"Async Capable": false,"Join Type": "Inner","Startup Cost": 4526.18,"Total Cost": 111016.36,"Plan Rows": 103826,"Plan Width": 24,"Actual Startup Time": 28.353,"Actual Total Time": 513.990,"Actual Rows": 7569,"Actual Loops": 4,"Inner Unique": false,"Workers": [],"Plans": [{"Node Type": "Hash Join","Parent Relationship": "Outer","Parallel Aware": true,"Async Capable": false,"Join Type": "Inner","Startup Cost": 4525.75,"Total Cost": 37289.05,"Plan Rows": 48214,"Plan Width": 12,"Actual Startup Time": 28.122,"Actual Total Time": 225.881,"Actual Rows": 36380,"Actual Loops": 4,"Inner Unique": true,"Hash Cond": "(orders.o_custkey = customer.c_custkey)","Workers": [],"Plans": [{"Node Type": "Seq Scan","Parent Relationship": "Outer","Parallel Aware": true,"Async Capable": false,"Relation Name": "orders","Alias": "orders","Startup Cost": 0.00,"Total Cost": 32143.39,"Plan Rows": 236150,"Plan Width": 16,"Actual Startup Time": 0.013,"Actual Total Time": 148.020,"Actual Rows": 182297,"Actual Loops": 4,"Filter": "(o_orderdate < '1995-03-18'::date)","Rows Removed by Filter": 192703,"Workers": []},{"Node Type": "Hash","Parent Relationship": "Inner","Parallel Aware": true,"Async Capable": false,"Startup Cost": 4366.25,"Total Cost": 4366.25,"Plan Rows": 12760,"Plan Width": 4,"Actual Startup Time": 27.604,"Actual Total Time": 27.609,"Actual Rows": 7492,"Actual Loops": 4,"Hash Buckets": 32768,"Original Hash Buckets": 32768,"Hash Batches": 1,"Original Hash Batches": 1,"Peak Memory Usage": 1504,"Workers": [],"Plans": [{"Node Type": "Seq Scan","Parent Relationship": "Outer","Parallel Aware": true,"Async Capable": false,"Relation Name": "customer","Alias": "customer","Startup Cost": 0.00,"Total Cost": 4366.25,"Plan Rows": 12760,"Plan Width": 4,"Actual Startup Time": 0.053,"Actual Total Time": 24.061,"Actual Rows": 7492,"Actual Loops": 4,"Filter": "(c_mktsegment = 'FURNITURE'::bpchar)","Rows Removed by Filter": 30008,"Workers": []}]}]},{"Node Type": "Index Scan","Parent Relationship": "Inner","Parallel Aware": false,"Async Capable": false,"Scan Direction": "Forward","Index Name": "idx_lineitem_orderkey","Relation Name": "lineitem","Alias": "lineitem","Startup Cost": 0.43,"Total Cost": 1.44,"Plan Rows": 9,"Plan Width": 16,"Actual Startup Time": 0.008,"Actual Total Time": 0.008,"Actual Rows": 0,"Actual Loops": 145519,"Index Cond": "(l_orderkey = orders.o_orderkey)","Rows Removed by Index Recheck": 0,"Filter": "(l_shipdate > '1995-03-18'::date)","Rows Removed by Filter": 4,"Workers": []}]}]}]}]},"Planning Time": 4.963,"Triggers": [],"Execution Time": 575.422}]
[{"Plan": {"Node Type": "Sort","Parallel Aware": false,"Async Capable": false,"Startup Cost": 178674.45,"Total Cost": 179455.72,"Plan Rows": 312508,"Plan Width": 44,"Actual Startup Time": 545.968,"Actual Total Time": 556.304,"Actual Rows": 11551,"Actual Loops": 1,"Sort Key": ["(sum((lineitem.l_extendedprice * ('1'::numeric - lineitem.l_discount)))) DESC", "orders.o_orderdate"],"Sort Method": "quicksort","Sort Space Used": 1106,"Sort Space Type": "Memory","Plans": [{"Node Type": "Aggregate","Strategy": "Hashed","Partial Mode": "Simple","Parent Relationship": "Outer","Parallel Aware": false,"Async Capable": false,"Startup Cost": 146246.22,"Total Cost": 150152.57,"Plan Rows": 312508,"Plan Width": 44,"Actual Startup Time": 523.282,"Actual Total Time": 547.917,"Actual Rows": 11551,"Actual Loops": 1,"Group Key": ["lineitem.l_orderkey", "orders.o_orderdate", "orders.o_shippriority"],"Planned Partitions": 0,"HashAgg Batches": 1,"Peak Memory Usage": 20497,"Disk Usage": 0,"Plans": [{"Node Type": "Gather","Parent Relationship": "Outer","Parallel Aware": false,"Async Capable": false,"Startup Cost": 5521.58,"Total Cost": 141558.60,"Plan Rows": 312508,"Plan Width": 24,"Actual Startup Time": 33.872,"Actual Total Time": 501.295,"Actual Rows": 30087,"Actual Loops": 1,"Workers Planned": 3,"Workers Launched": 3,"Single Copy": false,"Plans": [{"Node Type": "Nested Loop","Parent Relationship": "Outer","Parallel Aware": false,"Async Capable": false,"Join Type": "Inner","Startup Cost": 4521.58,"Total Cost": 109307.80,"Plan Rows": 100809,"Plan Width": 24,"Actual Startup Time": 26.236,"Actual Total Time": 506.311,"Actual Rows": 7522,"Actual Loops": 4,"Inner Unique": false,"Workers": [],"Plans": [{"Node Type": "Hash Join","Parent Relationship": "Outer","Parallel Aware": true,"Async Capable": false,"Join Type": "Inner","Startup Cost": 4521.15,"Total Cost": 37290.91,"Plan Rows": 47308,"Plan Width": 12,"Actual Startup Time": 26.083,"Actual Total Time": 220.609,"Actual Rows": 37243,"Actual Loops": 4,"Inner Unique": true,"Hash Cond": "(orders.o_custkey = customer.c_custkey)","Workers": [],"Plans": [{"Node Type": "Seq Scan","Parent Relationship": "Outer","Parallel Aware": true,"Async Capable": false,"Relation Name": "orders","Alias": "orders","Startup Cost": 0.00,"Total Cost": 32143.39,"Plan Rows": 238609,"Plan Width": 16,"Actual Startup Time": 0.015,"Actual Total Time": 143.861,"Actual Rows": 184142,"Actual Loops": 4,"Filter": "(o_orderdate < '1995-03-30'::date)","Rows Removed by Filter": 190858,"Workers": []},{"Node Type": "Hash","Parent Relationship": "Inner","Parallel Aware": true,"Async Capable": false,"Startup Cost": 4366.25,"Total Cost": 4366.25,"Plan Rows": 12392,"Plan Width": 4,"Actual Startup Time": 25.641,"Actual Total Time": 25.646,"Actual Rows": 7536,"Actual Loops": 4,"Hash Buckets": 32768,"Original Hash Buckets": 32768,"Hash Batches": 1,"Original Hash Batches": 1,"Peak Memory Usage": 1504,"Workers": [],"Plans": [{"Node Type": "Seq Scan","Parent Relationship": "Outer","Parallel Aware": true,"Async Capable": false,"Relation Name": "customer","Alias": "customer","Startup Cost": 0.00,"Total Cost": 4366.25,"Plan Rows": 12392,"Plan Width": 4,"Actual Startup Time": 0.054,"Actual Total Time": 22.345,"Actual Rows": 7536,"Actual Loops": 4,"Filter": "(c_mktsegment = 'BUILDING'::bpchar)","Rows Removed by Filter": 29964,"Workers": []}]}]},{"Node Type": "Index Scan","Parent Relationship": "Inner","Parallel Aware": false,"Async Capable": false,"Scan Direction": "Forward","Index Name": "idx_lineitem_orderkey","Relation Name": "lineitem","Alias": "lineitem","Startup Cost": 0.43,"Total Cost": 1.43,"Plan Rows": 9,"Plan Width": 16,"Actual Startup Time": 0.007,"Actual Total Time": 0.007,"Actual Rows": 0,"Actual Loops": 148972,"Index Cond": "(l_orderkey = orders.o_orderkey)","Rows Removed by Index Recheck": 0,"Filter": "(l_shipdate > '1995-03-30'::date)","Rows Removed by Filter": 4,"Workers": []}]}]}]}]},"Planning Time": 6.838,"Triggers": [],"Execution Time": 569.204}]
[{"Plan": {"Node Type": "Sort","Parallel Aware": false,"Async Capable": false,"Startup Cost": 182851.65,"Total Cost": 183656.18,"Plan Rows": 321813,"Plan Width": 44,"Actual Startup Time": 521.005,"Actual Total Time": 532.461,"Actual Rows": 11451,"Actual Loops": 1,"Sort Key": ["(sum((lineitem.l_extendedprice * ('1'::numeric - lineitem.l_discount)))) DESC", "orders.o_orderdate"],"Sort Method": "quicksort","Sort Space Used": 1100,"Sort Space Type": "Memory","Plans": [{"Node Type": "Aggregate","Strategy": "Hashed","Partial Mode": "Simple","Parent Relationship": "Outer","Parallel Aware": false,"Async Capable": false,"Startup Cost": 149389.75,"Total Cost": 153412.41,"Plan Rows": 321813,"Plan Width": 44,"Actual Startup Time": 497.938,"Actual Total Time": 524.848,"Actual Rows": 11451,"Actual Loops": 1,"Group Key": ["lineitem.l_orderkey", "orders.o_orderdate", "orders.o_shippriority"],"Planned Partitions": 0,"HashAgg Batches": 1,"Peak Memory Usage": 20497,"Disk Usage": 0,"Plans": [{"Node Type": "Gather","Parent Relationship": "Outer","Parallel Aware": false,"Async Capable": false,"Startup Cost": 5526.18,"Total Cost": 144562.56,"Plan Rows": 321813,"Plan Width": 24,"Actual Startup Time": 29.001,"Actual Total Time": 478.504,"Actual Rows": 30426,"Actual Loops": 1,"Workers Planned": 3,"Workers Launched": 3,"Single Copy": false,"Plans": [{"Node Type": "Nested Loop","Parent Relationship": "Outer","Parallel Aware": false,"Async Capable": false,"Join Type": "Inner","Startup Cost": 4526.18,"Total Cost": 111381.26,"Plan Rows": 103811,"Plan Width": 24,"Actual Startup Time": 22.158,"Actual Total Time": 481.498,"Actual Rows": 7606,"Actual Loops": 4,"Inner Unique": false,"Workers": [],"Plans": [{"Node Type": "Hash Join","Parent Relationship": "Outer","Parallel Aware": true,"Async Capable": false,"Join Type": "Inner","Startup Cost": 4525.75,"Total Cost": 37294.42,"Plan Rows": 48631,"Plan Width": 12,"Actual Startup Time": 21.953,"Actual Total Time": 205.225,"Actual Rows": 36694,"Actual Loops": 4,"Inner Unique": true,"Hash Cond": "(orders.o_custkey = customer.c_custkey)","Workers": [],"Plans": [{"Node Type": "Seq Scan","Parent Relationship": "Outer","Parallel Aware": true,"Async Capable": false,"Relation Name": "orders","Alias": "orders","Startup Cost": 0.00,"Total Cost": 32143.39,"Plan Rows": 238193,"Plan Width": 16,"Actual Startup Time": 0.013,"Actual Total Time": 136.405,"Actual Rows": 183845,"Actual Loops": 4,"Filter": "(o_orderdate < '1995-03-28'::date)","Rows Removed by Filter": 191155,"Workers": []},{"Node Type": "Hash","Parent Relationship": "Inner","Parallel Aware": true,"Async Capable": false,"Startup Cost": 4366.25,"Total Cost": 4366.25,"Plan Rows": 12760,"Plan Width": 4,"Actual Startup Time": 21.498,"Actual Total Time": 21.502,"Actual Rows": 7492,"Actual Loops": 4,"Hash Buckets": 32768,"Original Hash Buckets": 32768,"Hash Batches": 1,"Original Hash Batches": 1,"Peak Memory Usage": 1504,"Workers": [],"Plans": [{"Node Type": "Seq Scan","Parent Relationship": "Outer","Parallel Aware": true,"Async Capable": false,"Relation Name": "customer","Alias": "customer","Startup Cost": 0.00,"Total Cost": 4366.25,"Plan Rows": 12760,"Plan Width": 4,"Actual Startup Time": 0.035,"Actual Total Time": 18.553,"Actual Rows": 7492,"Actual Loops": 4,"Filter": "(c_mktsegment = 'FURNITURE'::bpchar)","Rows Removed by Filter": 30008,"Workers": []}]}]},{"Node Type": "Index Scan","Parent Relationship": "Inner","Parallel Aware": false,"Async Capable": false,"Scan Direction": "Forward","Index Name": "idx_lineitem_orderkey","Relation Name": "lineitem","Alias": "lineitem","Startup Cost": 0.43,"Total Cost": 1.43,"Plan Rows": 9,"Plan Width": 16,"Actual Startup Time": 0.007,"Actual Total Time": 0.007,"Actual Rows": 0,"Actual Loops": 146777,"Index Cond": "(l_orderkey = orders.o_orderkey)","Rows Removed by Index Recheck": 0,"Filter": "(l_shipdate > '1995-03-28'::date)","Rows Removed by Filter": 4,"Workers": []}]}]}]}]},"Planning Time": 5.739,"Triggers": [],"Execution Time": 546.429}]
[{"Plan": {"Node Type": "Sort","Parallel Aware": false,"Async Capable": false,"Startup Cost": 178906.83,"Total Cost": 179694.96,"Plan Rows": 315253,"Plan Width": 44,"Actual Startup Time": 539.566,"Actual Total Time": 549.476,"Actual Rows": 11447,"Actual Loops": 1,"Sort Key": ["(sum((lineitem.l_extendedprice * ('1'::numeric - lineitem.l_discount)))) DESC", "orders.o_orderdate"],"Sort Method": "quicksort","Sort Space Used": 1100,"Sort Space Type": "Memory","Plans": [{"Node Type": "Aggregate","Strategy": "Hashed","Partial Mode": "Simple","Parent Relationship": "Outer","Parallel Aware": false,"Async Capable": false,"Startup Cost": 146173.87,"Total Cost": 150114.53,"Plan Rows": 315253,"Plan Width": 44,"Actual Startup Time": 517.415,"Actual Total Time": 541.188,"Actual Rows": 11447,"Actual Loops": 1,"Group Key": ["lineitem.l_orderkey", "orders.o_orderdate", "orders.o_shippriority"],"Planned Partitions": 0,"HashAgg Batches": 1,"Peak Memory Usage": 20497,"Disk Usage": 0,"Plans": [{"Node Type": "Gather","Parent Relationship": "Outer","Parallel Aware": false,"Async Capable": false,"Startup Cost": 5522.96,"Total Cost": 141445.08,"Plan Rows": 315253,"Plan Width": 24,"Actual Startup Time": 35.187,"Actual Total Time": 492.745,"Actual Rows": 30345,"Actual Loops": 1,"Workers Planned": 3,"Workers Launched": 3,"Single Copy": false,"Plans": [{"Node Type": "Nested Loop","Parent Relationship": "Outer","Parallel Aware": false,"Async Capable": false,"Join Type": "Inner","Startup Cost": 4522.96,"Total Cost": 108919.78,"Plan Rows": 101695,"Plan Width": 24,"Actual Startup Time": 28.218,"Actual Total Time": 499.708,"Actual Rows": 7586,"Actual Loops": 4,"Inner Unique": false,"Workers": [],"Plans": [{"Node Type": "Hash Join","Parent Relationship": "Outer","Parallel Aware": true,"Async Capable": false,"Join Type": "Inner","Startup Cost": 4522.52,"Total Cost": 37276.83,"Plan Rows": 46552,"Plan Width": 12,"Actual Startup Time": 28.059,"Actual Total Time": 223.144,"Actual Rows": 35882,"Actual Loops": 4,"Inner Unique": true,"Hash Cond": "(orders.o_custkey = customer.c_custkey)","Workers": [],"Plans": [{"Node Type": "Seq Scan","Parent Relationship": "Outer","Parallel Aware": true,"Async Capable": false,"Relation Name": "orders","Alias": "orders","Startup Cost": 0.00,"Total Cost": 32143.39,"Plan Rows": 232722,"Plan Width": 16,"Actual Startup Time": 0.017,"Actual Total Time": 142.695,"Actual Rows": 179789,"Actual Loops": 4,"Filter": "(o_orderdate < '1995-03-02'::date)","Rows Removed by Filter": 195211,"Workers": []},{"Node Type": "Hash","Parent Relationship": "Inner","Parallel Aware": true,"Async Capable": false,"Startup Cost": 4366.25,"Total Cost": 4366.25,"Plan Rows": 12502,"Plan Width": 4,"Actual Startup Time": 27.585,"Actual Total Time": 27.589,"Actual Rows": 7547,"Actual Loops": 4,"Hash Buckets": 32768,"Original Hash Buckets": 32768,"Hash Batches": 1,"Original Hash Batches": 1,"Peak Memory Usage": 1536,"Workers": [],"Plans": [{"Node Type": "Seq Scan","Parent Relationship": "Outer","Parallel Aware": true,"Async Capable": false,"Relation Name": "customer","Alias": "customer","Startup Cost": 0.00,"Total Cost": 4366.25,"Plan Rows": 12502,"Plan Width": 4,"Actual Startup Time": 0.051,"Actual Total Time": 23.535,"Actual Rows": 7547,"Actual Loops": 4,"Filter": "(c_mktsegment = 'HOUSEHOLD'::bpchar)","Rows Removed by Filter": 29953,"Workers": []}]}]},{"Node Type": "Index Scan","Parent Relationship": "Inner","Parallel Aware": false,"Async Capable": false,"Scan Direction": "Forward","Index Name": "idx_lineitem_orderkey","Relation Name": "lineitem","Alias": "lineitem","Startup Cost": 0.43,"Total Cost": 1.45,"Plan Rows": 9,"Plan Width": 16,"Actual Startup Time": 0.007,"Actual Total Time": 0.007,"Actual Rows": 0,"Actual Loops": 143526,"Index Cond": "(l_orderkey = orders.o_orderkey)","Rows Removed by Index Recheck": 0,"Filter": "(l_shipdate > '1995-03-02'::date)","Rows Removed by Filter": 4,"Workers": []}]}]}]}]},"Planning Time": 5.955,"Triggers": [],"Execution Time": 562.182}]
[{"Plan": {"Node Type": "Sort","Parallel Aware": false,"Async Capable": false,"Startup Cost": 179402.93,"Total Cost": 180190.82,"Plan Rows": 315153,"Plan Width": 44,"Actual Startup Time": 518.570,"Actual Total Time": 528.691,"Actual Rows": 11254,"Actual Loops": 1,"Sort Key": ["(sum((lineitem.l_extendedprice * ('1'::numeric - lineitem.l_discount)))) DESC", "orders.o_orderdate"],"Sort Method": "quicksort","Sort Space Used": 1088,"Sort Space Type": "Memory","Plans": [{"Node Type": "Aggregate","Strategy": "Hashed","Partial Mode": "Simple","Parent Relationship": "Outer","Parallel Aware": false,"Async Capable": false,"Startup Cost": 146681.08,"Total Cost": 150620.49,"Plan Rows": 315153,"Plan Width": 44,"Actual Startup Time": 496.043,"Actual Total Time": 520.692,"Actual Rows": 11254,"Actual Loops": 1,"Group Key": ["lineitem.l_orderkey", "orders.o_orderdate", "orders.o_shippriority"],"Planned Partitions": 0,"HashAgg Batches": 1,"Peak Memory Usage": 20497,"Disk Usage": 0,"Plans": [{"Node Type": "Gather","Parent Relationship": "Outer","Parallel Aware": false,"Async Capable": false,"Startup Cost": 5522.86,"Total Cost": 141953.79,"Plan Rows": 315153,"Plan Width": 24,"Actual Startup Time": 31.581,"Actual Total Time": 474.999,"Actual Rows": 29749,"Actual Loops": 1,"Workers Planned": 3,"Workers Launched": 3,"Single Copy": false,"Plans": [{"Node Type": "Nested Loop","Parent Relationship": "Outer","Parallel Aware": false,"Async Capable": false,"Join Type": "Inner","Startup Cost": 4522.86,"Total Cost": 109438.49,"Plan Rows": 101662,"Plan Width": 24,"Actual Startup Time": 24.440,"Actual Total Time": 479.650,"Actual Rows": 7437,"Actual Loops": 4,"Inner Unique": false,"Workers": [],"Plans": [{"Node Type": "Hash Join","Parent Relationship": "Outer","Parallel Aware": true,"Async Capable": false,"Join Type": "Inner","Startup Cost": 4522.43,"Total Cost": 37285.23,"Plan Rows": 47168,"Plan Width": 12,"Actual Startup Time": 24.182,"Actual Total Time": 205.405,"Actual Rows": 36365,"Actual Loops": 4,"Inner Unique": true,"Hash Cond": "(orders.o_custkey = customer.c_custkey)","Workers": [],"Plans": [{"Node Type": "Seq Scan","Parent Relationship": "Outer","Parallel Aware": true,"Async Capable": false,"Relation Name": "orders","Alias": "orders","Startup Cost": 0.00,"Total Cost": 32143.39,"Plan Rows": 235959,"Plan Width": 16,"Actual Startup Time": 0.012,"Actual Total Time": 135.668,"Actual Rows": 182140,"Actual Loops": 4,"Filter": "(o_orderdate < '1995-03-17'::date)","Rows Removed by Filter": 192860,"Workers": []},{"Node Type": "Hash","Parent Relationship": "Inner","Parallel Aware": true,"Async Capable": false,"Startup Cost": 4366.25,"Total Cost": 4366.25,"Plan Rows": 12494,"Plan Width": 4,"Actual Startup Time": 23.735,"Actual Total Time": 23.738,"Actual Rows": 7487,"Actual Loops": 4,"Hash Buckets": 32768,"Original Hash Buckets": 32768,"Hash Batches": 1,"Original Hash Batches": 1,"Peak Memory Usage": 1504,"Workers": [],"Plans": [{"Node Type": "Seq Scan","Parent Relationship": "Outer","Parallel Aware": true,"Async Capable": false,"Relation Name": "customer","Alias": "customer","Startup Cost": 0.00,"Total Cost": 4366.25,"Plan Rows": 12494,"Plan Width": 4,"Actual Startup Time": 0.039,"Actual Total Time": 20.610,"Actual Rows": 7487,"Actual Loops": 4,"Filter": "(c_mktsegment = 'MACHINERY'::bpchar)","Rows Removed by Filter": 30013,"Workers": []}]}]},{"Node Type": "Index Scan","Parent Relationship": "Inner","Parallel Aware": false,"Async Capable": false,"Scan Direction": "Forward","Index Name": "idx_lineitem_orderkey","Relation Name": "lineitem","Alias": "lineitem","Startup Cost": 0.43,"Total Cost": 1.44,"Plan Rows": 9,"Plan Width": 16,"Actual Startup Time": 0.007,"Actual Total Time": 0.007,"Actual Rows": 0,"Actual Loops": 145459,"Index Cond": "(l_orderkey = orders.o_orderkey)","Rows Removed by Index Recheck": 0,"Filter": "(l_shipdate > '1995-03-17'::date)","Rows Removed by Filter": 4,"Workers": []}]}]}]}]},"Planning Time": 6.057,"Triggers": [],"Execution Time": 543.328}]
[{"Plan": {"Node Type": "Sort","Parallel Aware": false,"Async Capable": false,"Startup Cost": 179469.09,"Total Cost": 180257.54,"Plan Rows": 315382,"Plan Width": 44,"Actual Startup Time": 545.628,"Actual Total Time": 553.006,"Actual Rows": 11409,"Actual Loops": 1,"Sort Key": ["(sum((lineitem.l_extendedprice * ('1'::numeric - lineitem.l_discount)))) DESC", "orders.o_orderdate"],"Sort Method": "quicksort","Sort Space Used": 1098,"Sort Space Type": "Memory","Plans": [{"Node Type": "Aggregate","Strategy": "Hashed","Partial Mode": "Simple","Parent Relationship": "Outer","Parallel Aware": false,"Async Capable": false,"Startup Cost": 146721.81,"Total Cost": 150664.08,"Plan Rows": 315382,"Plan Width": 44,"Actual Startup Time": 522.723,"Actual Total Time": 547.084,"Actual Rows": 11409,"Actual Loops": 1,"Group Key": ["lineitem.l_orderkey", "orders.o_orderdate", "orders.o_shippriority"],"Planned Partitions": 0,"HashAgg Batches": 1,"Peak Memory Usage": 20497,"Disk Usage": 0,"Plans": [{"Node Type": "Gather","Parent Relationship": "Outer","Parallel Aware": false,"Async Capable": false,"Startup Cost": 5522.96,"Total Cost": 141991.08,"Plan Rows": 315382,"Plan Width": 24,"Actual Startup Time": 34.160,"Actual Total Time": 500.723,"Actual Rows": 30251,"Actual Loops": 1,"Workers Planned": 3,"Workers Launched": 3,"Single Copy": false,"Plans": [{"Node Type": "Nested Loop","Parent Relationship": "Outer","Parallel Aware": false,"Async Capable": false,"Join Type": "Inner","Startup Cost": 4522.96,"Total Cost": 109452.88,"Plan Rows": 101736,"Plan Width": 24,"Actual Startup Time": 26.648,"Actual Total Time": 505.346,"Actual Rows": 7563,"Actual Loops": 4,"Inner Unique": false,"Workers": [],"Plans": [{"Node Type": "Hash Join","Parent Relationship": "Outer","Parallel Aware": true,"Async Capable": false,"Join Type": "Inner","Startup Cost": 4522.52,"Total Cost": 37284.83,"Plan Rows": 47161,"Plan Width": 12,"Actual Startup Time": 26.508,"Actual Total Time": 221.951,"Actual Rows": 36317,"Actual Loops": 4,"Inner Unique": true,"Hash Cond": "(orders.o_custkey = customer.c_custkey)","Workers": [],"Plans": [{"Node Type": "Seq Scan","Parent Relationship": "Outer","Parallel Aware": true,"Async Capable": false,"Relation Name": "orders","Alias": "orders","Startup Cost": 0.00,"Total Cost": 32143.39,"Plan Rows": 235768,"Plan Width": 16,"Actual Startup Time": 0.011,"Actual Total Time": 144.993,"Actual Rows": 181977,"Actual Loops": 4,"Filter": "(o_orderdate < '1995-03-16'::date)","Rows Removed by Filter": 193023,"Workers": []},{"Node Type": "Hash","Parent Relationship": "Inner","Parallel Aware": true,"Async Capable": false,"Startup Cost": 4366.25,"Total Cost": 4366.25,"Plan Rows": 12502,"Plan Width": 4,"Actual Startup Time": 25.955,"Actual Total Time": 25.961,"Actual Rows": 7547,"Actual Loops": 4,"Hash Buckets": 32768,"Original Hash Buckets": 32768,"Hash Batches": 1,"Original Hash Batches": 1,"Peak Memory Usage": 1504,"Workers": [],"Plans": [{"Node Type": "Seq Scan","Parent Relationship": "Outer","Parallel Aware": true,"Async Capable": false,"Relation Name": "customer","Alias": "customer","Startup Cost": 0.00,"Total Cost": 4366.25,"Plan Rows": 12502,"Plan Width": 4,"Actual Startup Time": 0.036,"Actual Total Time": 22.659,"Actual Rows": 7547,"Actual Loops": 4,"Filter": "(c_mktsegment = 'HOUSEHOLD'::bpchar)","Rows Removed by Filter": 29953,"Workers": []}]}]},{"Node Type": "Index Scan","Parent Relationship": "Inner","Parallel Aware": false,"Async Capable": false,"Scan Direction": "Forward","Index Name": "idx_lineitem_orderkey","Relation Name": "lineitem","Alias": "lineitem","Startup Cost": 0.43,"Total Cost": 1.44,"Plan Rows": 9,"Plan Width": 16,"Actual Startup Time": 0.007,"Actual Total Time": 0.008,"Actual Rows": 0,"Actual Loops": 145269,"Index Cond": "(l_orderkey = orders.o_orderkey)","Rows Removed by Index Recheck": 0,"Filter": "(l_shipdate > '1995-03-16'::date)","Rows Removed by Filter": 4,"Workers": []}]}]}]}]},"Planning Time": 5.284,"Triggers": [],"Execution Time": 567.872}]
[{"Plan": {"Node Type": "Sort","Parallel Aware": false,"Async Capable": false,"Startup Cost": 182085.45,"Total Cost": 182889.30,"Plan Rows": 321541,"Plan Width": 44,"Actual Startup Time": 517.688,"Actual Total Time": 530.011,"Actual Rows": 11375,"Actual Loops": 1,"Sort Key": ["(sum((lineitem.l_extendedprice * ('1'::numeric - lineitem.l_discount)))) DESC", "orders.o_orderdate"],"Sort Method": "quicksort","Sort Space Used": 1095,"Sort Space Type": "Memory","Plans": [{"Node Type": "Aggregate","Strategy": "Hashed","Partial Mode": "Simple","Parent Relationship": "Outer","Parallel Aware": false,"Async Capable": false,"Startup Cost": 148653.80,"Total Cost": 152673.06,"Plan Rows": 321541,"Plan Width": 44,"Actual Startup Time": 497.051,"Actual Total Time": 522.188,"Actual Rows": 11375,"Actual Loops": 1,"Group Key": ["lineitem.l_orderkey", "orders.o_orderdate", "orders.o_shippriority"],"Planned Partitions": 0,"HashAgg Batches": 1,"Peak Memory Usage": 20497,"Disk Usage": 0,"Plans": [{"Node Type": "Gather","Parent Relationship": "Outer","Parallel Aware": false,"Async Capable": false,"Startup Cost": 5526.18,"Total Cost": 143830.68,"Plan Rows": 321541,"Plan Width": 24,"Actual Startup Time": 30.466,"Actual Total Time": 478.198,"Actual Rows": 30115,"Actual Loops": 1,"Workers Planned": 3,"Workers Launched": 3,"Single Copy": false,"Plans": [{"Node Type": "Nested Loop","Parent Relationship": "Outer","Parallel Aware": false,"Async Capable": false,"Join Type": "Inner","Startup Cost": 4526.18,"Total Cost": 110676.58,"Plan Rows": 103723,"Plan Width": 24,"Actual Startup Time": 23.469,"Actual Total Time": 480.812,"Actual Rows": 7529,"Actual Loops": 4,"Inner Unique": false,"Workers": [],"Plans": [{"Node Type": "Hash Join","Parent Relationship": "Outer","Parallel Aware": true,"Async Capable": false,"Join Type": "Inner","Startup Cost": 4525.75,"Total Cost": 37284.07,"Plan Rows": 47826,"Plan Width": 12,"Actual Startup Time": 23.241,"Actual Total Time": 206.203,"Actual Rows": 36125,"Actual Loops": 4,"Inner Unique": true,"Hash Cond": "(orders.o_custkey = customer.c_custkey)","Workers": [],"Plans": [{"Node Type": "Seq Scan","Parent Relationship": "Outer","Parallel Aware": true,"Async Capable": false,"Relation Name": "orders","Alias": "orders","Startup Cost": 0.00,"Total Cost": 32143.39,"Plan Rows": 234250,"Plan Width": 16,"Actual Startup Time": 0.013,"Actual Total Time": 137.792,"Actual Rows": 181030,"Actual Loops": 4,"Filter": "(o_orderdate < '1995-03-10'::date)","Rows Removed by Filter": 193970,"Workers": []},{"Node Type": "Hash","Parent Relationship": "Inner","Parallel Aware": true,"Async Capable": false,"Startup Cost": 4366.25,"Total Cost": 4366.25,"Plan Rows": 12760,"Plan Width": 4,"Actual Startup Time": 22.817,"Actual Total Time": 22.822,"Actual Rows": 7492,"Actual Loops": 4,"Hash Buckets": 32768,"Original Hash Buckets": 32768,"Hash Batches": 1,"Original Hash Batches": 1,"Peak Memory Usage": 1504,"Workers": [],"Plans": [{"Node Type": "Seq Scan","Parent Relationship": "Outer","Parallel Aware": true,"Async Capable": false,"Relation Name": "customer","Alias": "customer","Startup Cost": 0.00,"Total Cost": 4366.25,"Plan Rows": 12760,"Plan Width": 4,"Actual Startup Time": 0.033,"Actual Total Time": 19.689,"Actual Rows": 7492,"Actual Loops": 4,"Filter": "(c_mktsegment = 'FURNITURE'::bpchar)","Rows Removed by Filter": 30008,"Workers": []}]}]},{"Node Type": "Index Scan","Parent Relationship": "Inner","Parallel Aware": false,"Async Capable": false,"Scan Direction": "Forward","Index Name": "idx_lineitem_orderkey","Relation Name": "lineitem","Alias": "lineitem","Startup Cost": 0.43,"Total Cost": 1.44,"Plan Rows": 9,"Plan Width": 16,"Actual Startup Time": 0.007,"Actual Total Time": 0.007,"Actual Rows": 0,"Actual Loops": 144500,"Index Cond": "(l_orderkey = orders.o_orderkey)","Rows Removed by Index Recheck": 0,"Filter": "(l_shipdate > '1995-03-10'::date)","Rows Removed by Filter": 4,"Workers": []}]}]}]}]},"Planning Time": 7.131,"Triggers": [],"Execution Time": 544.554}]
[{"Plan": {"Node Type": "Sort","Parallel Aware": false,"Async Capable": false,"Startup Cost": 181891.75,"Total Cost": 182696.10,"Plan Rows": 321741,"Plan Width": 44,"Actual Startup Time": 534.949,"Actual Total Time": 545.735,"Actual Rows": 11416,"Actual Loops": 1,"Sort Key": ["(sum((lineitem.l_extendedprice * ('1'::numeric - lineitem.l_discount)))) DESC", "orders.o_orderdate"],"Sort Method": "quicksort","Sort Space Used": 1098,"Sort Space Type": "Memory","Plans": [{"Node Type": "Aggregate","Strategy": "Hashed","Partial Mode": "Simple","Parent Relationship": "Outer","Parallel Aware": false,"Async Capable": false,"Startup Cost": 148437.86,"Total Cost": 152459.62,"Plan Rows": 321741,"Plan Width": 44,"Actual Startup Time": 512.702,"Actual Total Time": 537.482,"Actual Rows": 11416,"Actual Loops": 1,"Group Key": ["lineitem.l_orderkey", "orders.o_orderdate", "orders.o_shippriority"],"Planned Partitions": 0,"HashAgg Batches": 1,"Peak Memory Usage": 20497,"Disk Usage": 0,"Plans": [{"Node Type": "Gather","Parent Relationship": "Outer","Parallel Aware": false,"Async Capable": false,"Startup Cost": 5526.18,"Total Cost": 143611.74,"Plan Rows": 321741,"Plan Width": 24,"Actual Startup Time": 32.163,"Actual Total Time": 492.113,"Actual Rows": 30309,"Actual Loops": 1,"Workers Planned": 3,"Workers Launched": 3,"Single Copy": false,"Plans": [{"Node Type": "Nested Loop","Parent Relationship": "Outer","Parallel Aware": false,"Async Capable": false,"Join Type": "Inner","Startup Cost": 4526.18,"Total Cost": 110437.64,"Plan Rows": 103787,"Plan Width": 24,"Actual Startup Time": 24.927,"Actual Total Time": 495.608,"Actual Rows": 7577,"Actual Loops": 4,"Inner Unique": false,"Workers": [],"Plans": [{"Node Type": "Hash Join","Parent Relationship": "Outer","Parallel Aware": true,"Async Capable": false,"Join Type": "Inner","Startup Cost": 4525.75,"Total Cost": 37280.56,"Plan Rows": 47553,"Plan Width": 12,"Actual Startup Time": 24.658,"Actual Total Time": 214.694,"Actual Rows": 35915,"Actual Loops": 4,"Inner Unique": true,"Hash Cond": "(orders.o_custkey = customer.c_custkey)","Workers": [],"Plans": [{"Node Type": "Seq Scan","Parent Relationship": "Outer","Parallel Aware": true,"Async Capable": false,"Relation Name": "orders","Alias": "orders","Startup Cost": 0.00,"Total Cost": 32143.39,"Plan Rows": 232913,"Plan Width": 16,"Actual Startup Time": 0.013,"Actual Total Time": 140.708,"Actual Rows": 179945,"Actual Loops": 4,"Filter": "(o_orderdate < '1995-03-03'::date)","Rows Removed by Filter": 195055,"Workers": []},{"Node Type": "Hash","Parent Relationship": "Inner","Parallel Aware": true,"Async Capable": false,"Startup Cost": 4366.25,"Total Cost": 4366.25,"Plan Rows": 12760,"Plan Width": 4,"Actual Startup Time": 24.160,"Actual Total Time": 24.165,"Actual Rows": 7492,"Actual Loops": 4,"Hash Buckets": 32768,"Original Hash Buckets": 32768,"Hash Batches": 1,"Original Hash Batches": 1,"Peak Memory Usage": 1504,"Workers": [],"Plans": [{"Node Type": "Seq Scan","Parent Relationship": "Outer","Parallel Aware": true,"Async Capable": false,"Relation Name": "customer","Alias": "customer","Startup Cost": 0.00,"Total Cost": 4366.25,"Plan Rows": 12760,"Plan Width": 4,"Actual Startup Time": 0.043,"Actual Total Time": 20.649,"Actual Rows": 7492,"Actual Loops": 4,"Filter": "(c_mktsegment = 'FURNITURE'::bpchar)","Rows Removed by Filter": 30008,"Workers": []}]}]},{"Node Type": "Index Scan","Parent Relationship": "Inner","Parallel Aware": false,"Async Capable": false,"Scan Direction": "Forward","Index Name": "idx_lineitem_orderkey","Relation Name": "lineitem","Alias": "lineitem","Startup Cost": 0.43,"Total Cost": 1.45,"Plan Rows": 9,"Plan Width": 16,"Actual Startup Time": 0.007,"Actual Total Time": 0.008,"Actual Rows": 0,"Actual Loops": 143659,"Index Cond": "(l_orderkey = orders.o_orderkey)","Rows Removed by Index Recheck": 0,"Filter": "(l_shipdate > '1995-03-03'::date)","Rows Removed by Filter": 4,"Workers": []}]}]}]}]},"Planning Time": 4.951,"Triggers": [],"Execution Time": 559.274}]
[{"Plan": {"Node Type": "Sort","Parallel Aware": false,"Async Capable": false,"Startup Cost": 177778.46,"Total Cost": 178559.29,"Plan Rows": 312334,"Plan Width": 44,"Actual Startup Time": 536.081,"Actual Total Time": 545.828,"Actual Rows": 11612,"Actual Loops": 1,"Sort Key": ["(sum((lineitem.l_extendedprice * ('1'::numeric - lineitem.l_discount)))) DESC", "orders.o_orderdate"],"Sort Method": "quicksort","Sort Space Used": 1110,"Sort Space Type": "Memory","Plans": [{"Node Type": "Aggregate","Strategy": "Hashed","Partial Mode": "Simple","Parent Relationship": "Outer","Parallel Aware": false,"Async Capable": false,"Startup Cost": 145369.54,"Total Cost": 149273.72,"Plan Rows": 312334,"Plan Width": 44,"Actual Startup Time": 513.237,"Actual Total Time": 537.288,"Actual Rows": 11612,"Actual Loops": 1,"Group Key": ["lineitem.l_orderkey", "orders.o_orderdate", "orders.o_shippriority"],"Planned Partitions": 0,"HashAgg Batches": 1,"Peak Memory Usage": 20497,"Disk Usage": 0,"Plans": [{"Node Type": "Gather","Parent Relationship": "Outer","Parallel Aware": false,"Async Capable": false,"Startup Cost": 5521.58,"Total Cost": 140684.53,"Plan Rows": 312334,"Plan Width": 24,"Actual Startup Time": 30.510,"Actual Total Time": 490.222,"Actual Rows": 30533,"Actual Loops": 1,"Workers Planned": 3,"Workers Launched": 3,"Single Copy": false,"Plans": [{"Node Type": "Nested Loop","Parent Relationship": "Outer","Parallel Aware": false,"Async Capable": false,"Join Type": "Inner","Startup Cost": 4521.58,"Total Cost": 108451.13,"Plan Rows": 100753,"Plan Width": 24,"Actual Startup Time": 23.807,"Actual Total Time": 496.598,"Actual Rows": 7633,"Actual Loops": 4,"Inner Unique": false,"Workers": [],"Plans": [{"Node Type": "Hash Join","Parent Relationship": "Outer","Parallel Aware": true,"Async Capable": false,"Join Type": "Inner","Startup Cost": 4521.15,"Total Cost": 37277.96,"Plan Rows": 46330,"Plan Width": 12,"Actual Startup Time": 23.629,"Actual Total Time": 212.943,"Actual Rows": 36516,"Actual Loops": 4,"Inner Unique": true,"Hash Cond": "(orders.o_custkey = customer.c_custkey)","Workers": [],"Plans": [{"Node Type": "Seq Scan","Parent Relationship": "Outer","Parallel Aware": true,"Async Capable": false,"Relation Name": "orders","Alias": "orders","Startup Cost": 0.00,"Total Cost": 32143.39,"Plan Rows": 233677,"Plan Width": 16,"Actual Startup Time": 0.015,"Actual Total Time": 143.097,"Actual Rows": 180569,"Actual Loops": 4,"Filter": "(o_orderdate < '1995-03-07'::date)","Rows Removed by Filter": 194431,"Workers": []},{"Node Type": "Hash","Parent Relationship": "Inner","Parallel Aware": true,"Async Capable": false,"Startup Cost": 4366.25,"Total Cost": 4366.25,"Plan Rows": 12392,"Plan Width": 4,"Actual Startup Time": 23.145,"Actual Total Time": 23.150,"Actual Rows": 7536,"Actual Loops": 4,"Hash Buckets": 32768,"Original Hash Buckets": 32768,"Hash Batches": 1,"Original Hash Batches": 1,"Peak Memory Usage": 1504,"Workers": [],"Plans": [{"Node Type": "Seq Scan","Parent Relationship": "Outer","Parallel Aware": true,"Async Capable": false,"Relation Name": "customer","Alias": "customer","Startup Cost": 0.00,"Total Cost": 4366.25,"Plan Rows": 12392,"Plan Width": 4,"Actual Startup Time": 0.035,"Actual Total Time": 20.005,"Actual Rows": 7536,"Actual Loops": 4,"Filter": "(c_mktsegment = 'BUILDING'::bpchar)","Rows Removed by Filter": 29964,"Workers": []}]}]},{"Node Type": "Index Scan","Parent Relationship": "Inner","Parallel Aware": false,"Async Capable": false,"Scan Direction": "Forward","Index Name": "idx_lineitem_orderkey","Relation Name": "lineitem","Alias": "lineitem","Startup Cost": 0.43,"Total Cost": 1.45,"Plan Rows": 9,"Plan Width": 16,"Actual Startup Time": 0.007,"Actual Total Time": 0.008,"Actual Rows": 0,"Actual Loops": 146063,"Index Cond": "(l_orderkey = orders.o_orderkey)","Rows Removed by Index Recheck": 0,"Filter": "(l_shipdate > '1995-03-07'::date)","Rows Removed by Filter": 4,"Workers": []}]}]}]}]},"Planning Time": 6.452,"Triggers": [],"Execution Time": 558.881}]
[{"Plan": {"Node Type": "Sort","Parallel Aware": false,"Async Capable": false,"Startup Cost": 177970.11,"Total Cost": 178748.92,"Plan Rows": 311522,"Plan Width": 44,"Actual Startup Time": 514.350,"Actual Total Time": 525.063,"Actual Rows": 11451,"Actual Loops": 1,"Sort Key": ["(sum((lineitem.l_extendedprice * ('1'::numeric - lineitem.l_discount)))) DESC", "orders.o_orderdate"],"Sort Method": "quicksort","Sort Space Used": 1100,"Sort Space Type": "Memory","Plans": [{"Node Type": "Aggregate","Strategy": "Hashed","Partial Mode": "Simple","Parent Relationship": "Outer","Parallel Aware": false,"Async Capable": false,"Startup Cost": 145651.30,"Total Cost": 149545.33,"Plan Rows": 311522,"Plan Width": 44,"Actual Startup Time": 490.159,"Actual Total Time": 517.360,"Actual Rows": 11451,"Actual Loops": 1,"Group Key": ["lineitem.l_orderkey", "orders.o_orderdate", "orders.o_shippriority"],"Planned Partitions": 0,"HashAgg Batches": 1,"Peak Memory Usage": 20497,"Disk Usage": 0,"Plans": [{"Node Type": "Gather","Parent Relationship": "Outer","Parallel Aware": false,"Async Capable": false,"Startup Cost": 5521.08,"Total Cost": 140978.47,"Plan Rows": 311522,"Plan Width": 24,"Actual Startup Time": 30.358,"Actual Total Time": 470.399,"Actual Rows": 30172,"Actual Loops": 1,"Workers Planned": 3,"Workers Launched": 3,"Single Copy": false,"Plans": [{"Node Type": "Nested Loop","Parent Relationship": "Outer","Parallel Aware": false,"Async Capable": false,"Join Type": "Inner","Startup Cost": 4521.08,"Total Cost": 108826.27,"Plan Rows": 100491,"Plan Width": 24,"Actual Startup Time": 23.076,"Actual Total Time": 474.146,"Actual Rows": 7543,"Actual Loops": 4,"Inner Unique": false,"Workers": [],"Plans": [{"Node Type": "Hash Join","Parent Relationship": "Outer","Parallel Aware": true,"Async Capable": false,"Join Type": "Inner","Startup Cost": 4520.65,"Total Cost": 37286.59,"Plan Rows": 46870,"Plan Width": 12,"Actual Startup Time": 22.651,"Actual Total Time": 202.206,"Actual Rows": 36408,"Actual Loops": 4,"Inner Unique": true,"Hash Cond": "(orders.o_custkey = customer.c_custkey)","Workers": [],"Plans": [{"Node Type": "Seq Scan","Parent Relationship": "Outer","Parallel Aware": true,"Async Capable": false,"Relation Name": "orders","Alias": "orders","Startup Cost": 0.00,"Total Cost": 32143.39,"Plan Rows": 237155,"Plan Width": 16,"Actual Startup Time": 0.014,"Actual Total Time": 134.048,"Actual Rows": 183072,"Actual Loops": 4,"Filter": "(o_orderdate < '1995-03-23'::date)","Rows Removed by Filter": 191928,"Workers": []},{"Node Type": "Hash","Parent Relationship": "Inner","Parallel Aware": true,"Async Capable": false,"Startup Cost": 4366.25,"Total Cost": 4366.25,"Plan Rows": 12352,"Plan Width": 4,"Actual Startup Time": 22.209,"Actual Total Time": 22.212,"Actual Rows": 7438,"Actual Loops": 4,"Hash Buckets": 32768,"Original Hash Buckets": 32768,"Hash Batches": 1,"Original Hash Batches": 1,"Peak Memory Usage": 1504,"Workers": [],"Plans": [{"Node Type": "Seq Scan","Parent Relationship": "Outer","Parallel Aware": true,"Async Capable": false,"Relation Name": "customer","Alias": "customer","Startup Cost": 0.00,"Total Cost": 4366.25,"Plan Rows": 12352,"Plan Width": 4,"Actual Startup Time": 0.036,"Actual Total Time": 19.132,"Actual Rows": 7438,"Actual Loops": 4,"Filter": "(c_mktsegment = 'AUTOMOBILE'::bpchar)","Rows Removed by Filter": 30062,"Workers": []}]}]},{"Node Type": "Index Scan","Parent Relationship": "Inner","Parallel Aware": false,"Async Capable": false,"Scan Direction": "Forward","Index Name": "idx_lineitem_orderkey","Relation Name": "lineitem","Alias": "lineitem","Startup Cost": 0.43,"Total Cost": 1.44,"Plan Rows": 9,"Plan Width": 16,"Actual Startup Time": 0.007,"Actual Total Time": 0.007,"Actual Rows": 0,"Actual Loops": 145632,"Index Cond": "(l_orderkey = orders.o_orderkey)","Rows Removed by Index Recheck": 0,"Filter": "(l_shipdate > '1995-03-23'::date)","Rows Removed by Filter": 4,"Workers": []}]}]}]}]},"Planning Time": 5.292,"Triggers": [],"Execution Time": 539.091}]
[{"Plan": {"Node Type": "Sort","Parallel Aware": false,"Async Capable": false,"Startup Cost": 178425.31,"Total Cost": 179206.61,"Plan Rows": 312521,"Plan Width": 44,"Actual Startup Time": 540.344,"Actual Total Time": 551.563,"Actual Rows": 11671,"Actual Loops": 1,"Sort Key": ["(sum((lineitem.l_extendedprice * ('1'::numeric - lineitem.l_discount)))) DESC", "orders.o_orderdate"],"Sort Method": "quicksort","Sort Space Used": 1114,"Sort Space Type": "Memory","Plans": [{"Node Type": "Aggregate","Strategy": "Hashed","Partial Mode": "Simple","Parent Relationship": "Outer","Parallel Aware": false,"Async Capable": false,"Startup Cost": 145995.64,"Total Cost": 149902.15,"Plan Rows": 312521,"Plan Width": 44,"Actual Startup Time": 518.167,"Actual Total Time": 543.011,"Actual Rows": 11671,"Actual Loops": 1,"Group Key": ["lineitem.l_orderkey", "orders.o_orderdate", "orders.o_shippriority"],"Planned Partitions": 0,"HashAgg Batches": 1,"Peak Memory Usage": 20497,"Disk Usage": 0,"Plans": [{"Node Type": "Gather","Parent Relationship": "Outer","Parallel Aware": false,"Async Capable": false,"Startup Cost": 5521.58,"Total Cost": 141307.82,"Plan Rows": 312521,"Plan Width": 24,"Actual Startup Time": 33.738,"Actual Total Time": 494.094,"Actual Rows": 30516,"Actual Loops": 1,"Workers Planned": 3,"Workers Launched": 3,"Single Copy": false,"Plans": [{"Node Type": "Nested Loop","Parent Relationship": "Outer","Parallel Aware": false,"Async Capable": false,"Join Type": "Inner","Startup Cost": 4521.58,"Total Cost": 109055.72,"Plan Rows": 100813,"Plan Width": 24,"Actual Startup Time": 27.044,"Actual Total Time": 500.944,"Actual Rows": 7629,"Actual Loops": 4,"Inner Unique": false,"Workers": [],"Plans": [{"Node Type": "Hash Join","Parent Relationship": "Outer","Parallel Aware": true,"Async Capable": false,"Join Type": "Inner","Startup Cost": 4521.15,"Total Cost": 37287.09,"Plan Rows": 47020,"Plan Width": 12,"Actual Startup Time": 26.918,"Actual Total Time": 218.749,"Actual Rows": 37039,"Actual Loops": 4,"Inner Unique": true,"Hash Cond": "(orders.o_custkey = customer.c_custkey)","Workers": [],"Plans": [{"Node Type": "Seq Scan","Parent Relationship": "Outer","Parallel Aware": true,"Async Capable": false,"Relation Name": "orders","Alias": "orders","Startup Cost": 0.00,"Total Cost": 32143.39,"Plan Rows": 237155,"Plan Width": 16,"Actual Startup Time": 0.011,"Actual Total Time": 140.451,"Actual Rows": 183072,"Actual Loops": 4,"Filter": "(o_orderdate < '1995-03-23'::date)","Rows Removed by Filter": 191928,"Workers": []},{"Node Type": "Hash","Parent Relationship": "Inner","Parallel Aware": true,"Async Capable": false,"Startup Cost": 4366.25,"Total Cost": 4366.25,"Plan Rows": 12392,"Plan Width": 4,"Actual Startup Time": 26.441,"Actual Total Time": 26.447,"Actual Rows": 7536,"Actual Loops": 4,"Hash Buckets": 32768,"Original Hash Buckets": 32768,"Hash Batches": 1,"Original Hash Batches": 1,"Peak Memory Usage": 1504,"Workers": [],"Plans": [{"Node Type": "Seq Scan","Parent Relationship": "Outer","Parallel Aware": true,"Async Capable": false,"Relation Name": "customer","Alias": "customer","Startup Cost": 0.00,"Total Cost": 4366.25,"Plan Rows": 12392,"Plan Width": 4,"Actual Startup Time": 0.038,"Actual Total Time": 22.563,"Actual Rows": 7536,"Actual Loops": 4,"Filter": "(c_mktsegment = 'BUILDING'::bpchar)","Rows Removed by Filter": 29964,"Workers": []}]}]},{"Node Type": "Index Scan","Parent Relationship": "Inner","Parallel Aware": false,"Async Capable": false,"Scan Direction": "Forward","Index Name": "idx_lineitem_orderkey","Relation Name": "lineitem","Alias": "lineitem","Startup Cost": 0.43,"Total Cost": 1.44,"Plan Rows": 9,"Plan Width": 16,"Actual Startup Time": 0.007,"Actual Total Time": 0.007,"Actual Rows": 0,"Actual Loops": 148155,"Index Cond": "(l_orderkey = orders.o_orderkey)","Rows Removed by Index Recheck": 0,"Filter": "(l_shipdate > '1995-03-23'::date)","Rows Removed by Filter": 4,"Workers": []}]}]}]}]},"Planning Time": 6.394,"Triggers": [],"Execution Time": 563.775}]
[{"Plan": {"Node Type": "Sort","Parallel Aware": false,"Async Capable": false,"Startup Cost": 179461.95,"Total Cost": 180249.73,"Plan Rows": 315114,"Plan Width": 44,"Actual Startup Time": 525.977,"Actual Total Time": 537.478,"Actual Rows": 11256,"Actual Loops": 1,"Sort Key": ["(sum((lineitem.l_extendedprice * ('1'::numeric - lineitem.l_discount)))) DESC", "orders.o_orderdate"],"Sort Method": "quicksort","Sort Space Used": 1088,"Sort Space Type": "Memory","Plans": [{"Node Type": "Aggregate","Strategy": "Hashed","Partial Mode": "Simple","Parent Relationship": "Outer","Parallel Aware": false,"Async Capable": false,"Startup Cost": 146744.42,"Total Cost": 150683.35,"Plan Rows": 315114,"Plan Width": 44,"Actual Startup Time": 502.615,"Actual Total Time": 529.790,"Actual Rows": 11256,"Actual Loops": 1,"Group Key": ["lineitem.l_orderkey", "orders.o_orderdate", "orders.o_shippriority"],"Planned Partitions": 0,"HashAgg Batches": 1,"Peak Memory Usage": 20497,"Disk Usage": 0,"Plans": [{"Node Type": "Gather","Parent Relationship": "Outer","Parallel Aware": false,"Async Capable": false,"Startup Cost": 5522.86,"Total Cost": 142017.71,"Plan Rows": 315114,"Plan Width": 24,"Actual Startup Time": 30.310,"Actual Total Time": 483.274,"Actual Rows": 29710,"Actual Loops": 1,"Workers Planned": 3,"Workers Launched": 3,"Single Copy": false,"Plans": [{"Node Type": "Nested Loop","Parent Relationship": "Outer","Parallel Aware": false,"Async Capable": false,"Join Type": "Inner","Startup Cost": 4522.86,"Total Cost": 109506.31,"Plan Rows": 101650,"Plan Width": 24,"Actual Startup Time": 23.616,"Actual Total Time": 486.734,"Actual Rows": 7428,"Actual Loops": 4,"Inner Unique": false,"Workers": [],"Plans": [{"Node Type": "Hash Join","Parent Relationship": "Outer","Parallel Aware": true,"Async Capable": false,"Join Type": "Inner","Startup Cost": 4522.43,"Total Cost": 37286.23,"Plan Rows": 47245,"Plan Width": 12,"Actual Startup Time": 23.330,"Actual Total Time": 212.180,"Actual Rows": 36426,"Actual Loops": 4,"Inner Unique": true,"Hash Cond": "(orders.o_custkey = customer.c_custkey)","Workers": [],"Plans": [{"Node Type": "Seq Scan","Parent Relationship": "Outer","Parallel Aware": true,"Async Capable": false,"Relation Name": "orders","Alias": "orders","Startup Cost": 0.00,"Total Cost": 32143.39,"Plan Rows": 236341,"Plan Width": 16,"Actual Startup Time": 0.016,"Actual Total Time": 137.587,"Actual Rows": 182456,"Actual Loops": 4,"Filter": "(o_orderdate < '1995-03-19'::date)","Rows Removed by Filter": 192544,"Workers": []},{"Node Type": "Hash","Parent Relationship": "Inner","Parallel Aware": true,"Async Capable": false,"Startup Cost": 4366.25,"Total Cost": 4366.25,"Plan Rows": 12494,"Plan Width": 4,"Actual Startup Time": 22.867,"Actual Total Time": 22.874,"Actual Rows": 7487,"Actual Loops": 4,"Hash Buckets": 32768,"Original Hash Buckets": 32768,"Hash Batches": 1,"Original Hash Batches": 1,"Peak Memory Usage": 1504,"Workers": [],"Plans": [{"Node Type": "Seq Scan","Parent Relationship": "Outer","Parallel Aware": true,"Async Capable": false,"Relation Name": "customer","Alias": "customer","Startup Cost": 0.00,"Total Cost": 4366.25,"Plan Rows": 12494,"Plan Width": 4,"Actual Startup Time": 0.030,"Actual Total Time": 19.791,"Actual Rows": 7487,"Actual Loops": 4,"Filter": "(c_mktsegment = 'MACHINERY'::bpchar)","Rows Removed by Filter": 30013,"Workers": []}]}]},{"Node Type": "Index Scan","Parent Relationship": "Inner","Parallel Aware": false,"Async Capable": false,"Scan Direction": "Forward","Index Name": "idx_lineitem_orderkey","Relation Name": "lineitem","Alias": "lineitem","Startup Cost": 0.43,"Total Cost": 1.44,"Plan Rows": 9,"Plan Width": 16,"Actual Startup Time": 0.007,"Actual Total Time": 0.007,"Actual Rows": 0,"Actual Loops": 145702,"Index Cond": "(l_orderkey = orders.o_orderkey)","Rows Removed by Index Recheck": 0,"Filter": "(l_shipdate > '1995-03-19'::date)","Rows Removed by Filter": 4,"Workers": []}]}]}]}]},"Planning Time": 6.183,"Triggers": [],"Execution Time": 550.757}]
[{"Plan": {"Node Type": "Sort","Parallel Aware": false,"Async Capable": false,"Startup Cost": 179804.69,"Total Cost": 180592.94,"Plan Rows": 315303,"Plan Width": 44,"Actual Startup Time": 542.776,"Actual Total Time": 553.211,"Actual Rows": 11336,"Actual Loops": 1,"Sort Key": ["(sum((lineitem.l_extendedprice * ('1'::numeric - lineitem.l_discount)))) DESC", "orders.o_orderdate"],"Sort Method": "quicksort","Sort Space Used": 1093,"Sort Space Type": "Memory","Plans": [{"Node Type": "Aggregate","Strategy": "Hashed","Partial Mode": "Simple","Parent Relationship": "Outer","Parallel Aware": false,"Async Capable": false,"Startup Cost": 147066.18,"Total Cost": 151007.47,"Plan Rows": 315303,"Plan Width": 44,"Actual Startup Time": 520.823,"Actual Total Time": 545.103,"Actual Rows": 11336,"Actual Loops": 1,"Group Key": ["lineitem.l_orderkey", "orders.o_orderdate", "orders.o_shippriority"],"Planned Partitions": 0,"HashAgg Batches": 1,"Peak Memory Usage": 20497,"Disk Usage": 0,"Plans": [{"Node Type": "Gather","Parent Relationship": "Outer","Parallel Aware": false,"Async Capable": false,"Startup Cost": 5522.96,"Total Cost": 142336.63,"Plan Rows": 315303,"Plan Width": 24,"Actual Startup Time": 32.578,"Actual Total Time": 497.024,"Actual Rows": 30040,"Actual Loops": 1,"Workers Planned": 3,"Workers Launched": 3,"Single Copy": false,"Plans": [{"Node Type": "Nested Loop","Parent Relationship": "Outer","Parallel Aware": false,"Async Capable": false,"Join Type": "Inner","Startup Cost": 4522.96,"Total Cost": 109806.33,"Plan Rows": 101711,"Plan Width": 24,"Actual Startup Time": 25.344,"Actual Total Time": 503.386,"Actual Rows": 7510,"Actual Loops": 4,"Inner Unique": false,"Workers": [],"Plans": [{"Node Type": "Hash Join","Parent Relationship": "Outer","Parallel Aware": true,"Async Capable": false,"Join Type": "Inner","Startup Cost": 4522.52,"Total Cost": 37290.10,"Plan Rows": 47564,"Plan Width": 12,"Actual Startup Time": 25.202,"Actual Total Time": 221.429,"Actual Rows": 36624,"Actual Loops": 4,"Inner Unique": true,"Hash Cond": "(orders.o_custkey = customer.c_custkey)","Workers": [],"Plans": [{"Node Type": "Seq Scan","Parent Relationship": "Outer","Parallel Aware": true,"Async Capable": false,"Relation Name": "orders","Alias": "orders","Startup Cost": 0.00,"Total Cost": 32143.39,"Plan Rows": 237778,"Plan Width": 16,"Actual Startup Time": 0.020,"Actual Total Time": 143.854,"Actual Rows": 183522,"Actual Loops": 4,"Filter": "(o_orderdate < '1995-03-26'::date)","Rows Removed by Filter": 191478,"Workers": []},{"Node Type": "Hash","Parent Relationship": "Inner","Parallel Aware": true,"Async Capable": false,"Startup Cost": 4366.25,"Total Cost": 4366.25,"Plan Rows": 12502,"Plan Width": 4,"Actual Startup Time": 24.745,"Actual Total Time": 24.748,"Actual Rows": 7547,"Actual Loops": 4,"Hash Buckets": 32768,"Original Hash Buckets": 32768,"Hash Batches": 1,"Original Hash Batches": 1,"Peak Memory Usage": 1472,"Workers": [],"Plans": [{"Node Type": "Seq Scan","Parent Relationship": "Outer","Parallel Aware": true,"Async Capable": false,"Relation Name": "customer","Alias": "customer","Startup Cost": 0.00,"Total Cost": 4366.25,"Plan Rows": 12502,"Plan Width": 4,"Actual Startup Time": 0.038,"Actual Total Time": 21.032,"Actual Rows": 7547,"Actual Loops": 4,"Filter": "(c_mktsegment = 'HOUSEHOLD'::bpchar)","Rows Removed by Filter": 29953,"Workers": []}]}]},{"Node Type": "Index Scan","Parent Relationship": "Inner","Parallel Aware": false,"Async Capable": false,"Scan Direction": "Forward","Index Name": "idx_lineitem_orderkey","Relation Name": "lineitem","Alias": "lineitem","Startup Cost": 0.43,"Total Cost": 1.43,"Plan Rows": 9,"Plan Width": 16,"Actual Startup Time": 0.007,"Actual Total Time": 0.007,"Actual Rows": 0,"Actual Loops": 146495,"Index Cond": "(l_orderkey = orders.o_orderkey)","Rows Removed by Index Recheck": 0,"Filter": "(l_shipdate > '1995-03-26'::date)","Rows Removed by Filter": 4,"Workers": []}]}]}]}]},"Planning Time": 6.245,"Triggers": [],"Execution Time": 565.304}]
[{"Plan": {"Node Type": "Sort","Parallel Aware": false,"Async Capable": false,"Startup Cost": 177191.24,"Total Cost": 177969.91,"Plan Rows": 311470,"Plan Width": 44,"Actual Startup Time": 514.296,"Actual Total Time": 524.833,"Actual Rows": 11425,"Actual Loops": 1,"Sort Key": ["(sum((lineitem.l_extendedprice * ('1'::numeric - lineitem.l_discount)))) DESC", "orders.o_orderdate"],"Sort Method": "quicksort","Sort Space Used": 1099,"Sort Space Type": "Memory","Plans": [{"Node Type": "Aggregate","Strategy": "Hashed","Partial Mode": "Simple","Parent Relationship": "Outer","Parallel Aware": false,"Async Capable": false,"Startup Cost": 144878.20,"Total Cost": 148771.57,"Plan Rows": 311470,"Plan Width": 44,"Actual Startup Time": 491.185,"Actual Total Time": 517.364,"Actual Rows": 11425,"Actual Loops": 1,"Group Key": ["lineitem.l_orderkey", "orders.o_orderdate", "orders.o_shippriority"],"Planned Partitions": 0,"HashAgg Batches": 1,"Peak Memory Usage": 20497,"Disk Usage": 0,"Plans": [{"Node Type": "Gather","Parent Relationship": "Outer","Parallel Aware": false,"Async Capable": false,"Startup Cost": 5521.08,"Total Cost": 140206.15,"Plan Rows": 311470,"Plan Width": 24,"Actual Startup Time": 29.751,"Actual Total Time": 470.153,"Actual Rows": 30227,"Actual Loops": 1,"Workers Planned": 3,"Workers Launched": 3,"Single Copy": false,"Plans": [{"Node Type": "Nested Loop","Parent Relationship": "Outer","Parallel Aware": false,"Async Capable": false,"Join Type": "Inner","Startup Cost": 4521.08,"Total Cost": 108059.15,"Plan Rows": 100474,"Plan Width": 24,"Actual Startup Time": 22.858,"Actual Total Time": 474.704,"Actual Rows": 7557,"Actual Loops": 4,"Inner Unique": false,"Workers": [],"Plans": [{"Node Type": "Hash Join","Parent Relationship": "Outer","Parallel Aware": true,"Async Capable": false,"Join Type": "Inner","Startup Cost": 4520.65,"Total Cost": 37274.95,"Plan Rows": 45994,"Plan Width": 12,"Actual Startup Time": 22.472,"Actual Total Time": 203.349,"Actual Rows": 35754,"Actual Loops": 4,"Inner Unique": true,"Hash Cond": "(orders.o_custkey = customer.c_custkey)","Workers": [],"Plans": [{"Node Type": "Seq Scan","Parent Relationship": "Outer","Parallel Aware": true,"Async Capable": false,"Relation Name": "orders","Alias": "orders","Startup Cost": 0.00,"Total Cost": 32143.39,"Plan Rows": 232722,"Plan Width": 16,"Actual Startup Time": 0.011,"Actual Total Time": 135.575,"Actual Rows": 179789,"Actual Loops": 4,"Filter": "(o_orderdate < '1995-03-02'::date)","Rows Removed by Filter": 195211,"Workers": []},{"Node Type": "Hash","Parent Relationship": "Inner","Parallel Aware": true,"Async Capable": false,"Startup Cost": 4366.25,"Total Cost": 4366.25,"Plan Rows": 12352,"Plan Width": 4,"Actual Startup Time": 21.981,"Actual Total Time": 21.986,"Actual Rows": 7438,"Actual Loops": 4,"Hash Buckets": 32768,"Original Hash Buckets": 32768,"Hash Batches": 1,"Original Hash Batches": 1,"Peak Memory Usage": 1472,"Workers": [],"Plans": [{"Node Type": "Seq Scan","Parent Relationship": "Outer","Parallel Aware": true,"Async Capable": false,"Relation Name": "customer","Alias": "customer","Startup Cost": 0.00,"Total Cost": 4366.25,"Plan Rows": 12352,"Plan Width": 4,"Actual Startup Time": 0.033,"Actual Total Time": 18.902,"Actual Rows": 7438,"Actual Loops": 4,"Filter": "(c_mktsegment = 'AUTOMOBILE'::bpchar)","Rows Removed by Filter": 30062,"Workers": []}]}]},{"Node Type": "Index Scan","Parent Relationship": "Inner","Parallel Aware": false,"Async Capable": false,"Scan Direction": "Forward","Index Name": "idx_lineitem_orderkey","Relation Name": "lineitem","Alias": "lineitem","Startup Cost": 0.43,"Total Cost": 1.45,"Plan Rows": 9,"Plan Width": 16,"Actual Startup Time": 0.007,"Actual Total Time": 0.007,"Actual Rows": 0,"Actual Loops": 143017,"Index Cond": "(l_orderkey = orders.o_orderkey)","Rows Removed by Index Recheck": 0,"Filter": "(l_shipdate > '1995-03-02'::date)","Rows Removed by Filter": 4,"Workers": []}]}]}]}]},"Planning Time": 5.711,"Triggers": [],"Execution Time": 539.056}]
[{"Plan": {"Node Type": "Sort","Parallel Aware": false,"Async Capable": false,"Startup Cost": 179671.46,"Total Cost": 180459.20,"Plan Rows": 315094,"Plan Width": 44,"Actual Startup Time": 538.967,"Actual Total Time": 547.458,"Actual Rows": 11229,"Actual Loops": 1,"Sort Key": ["(sum((lineitem.l_extendedprice * ('1'::numeric - lineitem.l_discount)))) DESC", "orders.o_orderdate"],"Sort Method": "quicksort","Sort Space Used": 1086,"Sort Space Type": "Memory","Plans": [{"Node Type": "Aggregate","Strategy": "Hashed","Partial Mode": "Simple","Parent Relationship": "Outer","Parallel Aware": false,"Async Capable": false,"Startup Cost": 146956.16,"Total Cost": 150894.84,"Plan Rows": 315094,"Plan Width": 44,"Actual Startup Time": 516.888,"Actual Total Time": 541.823,"Actual Rows": 11229,"Actual Loops": 1,"Group Key": ["lineitem.l_orderkey", "orders.o_orderdate", "orders.o_shippriority"],"Planned Partitions": 0,"HashAgg Batches": 1,"Peak Memory Usage": 20497,"Disk Usage": 0,"Plans": [{"Node Type": "Gather","Parent Relationship": "Outer","Parallel Aware": false,"Async Capable": false,"Startup Cost": 5522.86,"Total Cost": 142229.75,"Plan Rows": 315094,"Plan Width": 24,"Actual Startup Time": 32.109,"Actual Total Time": 496.690,"Actual Rows": 29649,"Actual Loops": 1,"Workers Planned": 3,"Workers Launched": 3,"Single Copy": false,"Plans": [{"Node Type": "Nested Loop","Parent Relationship": "Outer","Parallel Aware": false,"Async Capable": false,"Join Type": "Inner","Startup Cost": 4522.86,"Total Cost": 109720.35,"Plan Rows": 101643,"Plan Width": 24,"Actual Startup Time": 24.966,"Actual Total Time": 500.149,"Actual Rows": 7412,"Actual Loops": 4,"Inner Unique": false,"Workers": [],"Plans": [{"Node Type": "Hash Join","Parent Relationship": "Outer","Parallel Aware": true,"Async Capable": false,"Join Type": "Inner","Startup Cost": 4522.43,"Total Cost": 37289.46,"Plan Rows": 47490,"Plan Width": 12,"Actual Startup Time": 24.649,"Actual Total Time": 214.572,"Actual Rows": 36612,"Actual Loops": 4,"Inner Unique": true,"Hash Cond": "(orders.o_custkey = customer.c_custkey)","Workers": [],"Plans": [{"Node Type": "Seq Scan","Parent Relationship": "Outer","Parallel Aware": true,"Async Capable": false,"Relation Name": "orders","Alias": "orders","Startup Cost": 0.00,"Total Cost": 32143.39,"Plan Rows": 237570,"Plan Width": 16,"Actual Startup Time": 0.014,"Actual Total Time": 143.665,"Actual Rows": 183364,"Actual Loops": 4,"Filter": "(o_orderdate < '1995-03-25'::date)","Rows Removed by Filter": 191636,"Workers": []},{"Node Type": "Hash","Parent Relationship": "Inner","Parallel Aware": true,"Async Capable": false,"Startup Cost": 4366.25,"Total Cost": 4366.25,"Plan Rows": 12494,"Plan Width": 4,"Actual Startup Time": 24.245,"Actual Total Time": 24.248,"Actual Rows": 7487,"Actual Loops": 4,"Hash Buckets": 32768,"Original Hash Buckets": 32768,"Hash Batches": 1,"Original Hash Batches": 1,"Peak Memory Usage": 1504,"Workers": [],"Plans": [{"Node Type": "Seq Scan","Parent Relationship": "Outer","Parallel Aware": true,"Async Capable": false,"Relation Name": "customer","Alias": "customer","Startup Cost": 0.00,"Total Cost": 4366.25,"Plan Rows": 12494,"Plan Width": 4,"Actual Startup Time": 0.027,"Actual Total Time": 20.852,"Actual Rows": 7487,"Actual Loops": 4,"Filter": "(c_mktsegment = 'MACHINERY'::bpchar)","Rows Removed by Filter": 30013,"Workers": []}]}]},{"Node Type": "Index Scan","Parent Relationship": "Inner","Parallel Aware": false,"Async Capable": false,"Scan Direction": "Forward","Index Name": "idx_lineitem_orderkey","Relation Name": "lineitem","Alias": "lineitem","Startup Cost": 0.43,"Total Cost": 1.44,"Plan Rows": 9,"Plan Width": 16,"Actual Startup Time": 0.007,"Actual Total Time": 0.008,"Actual Rows": 0,"Actual Loops": 146446,"Index Cond": "(l_orderkey = orders.o_orderkey)","Rows Removed by Index Recheck": 0,"Filter": "(l_shipdate > '1995-03-25'::date)","Rows Removed by Filter": 4,"Workers": []}]}]}]}]},"Planning Time": 5.887,"Triggers": [],"Execution Time": 562.393}]
[{"Plan": {"Node Type": "Sort","Parallel Aware": false,"Async Capable": false,"Startup Cost": 181975.15,"Total Cost": 182779.29,"Plan Rows": 321657,"Plan Width": 44,"Actual Startup Time": 540.260,"Actual Total Time": 552.538,"Actual Rows": 11436,"Actual Loops": 1,"Sort Key": ["(sum((lineitem.l_extendedprice * ('1'::numeric - lineitem.l_discount)))) DESC", "orders.o_orderdate"],"Sort Method": "quicksort","Sort Space Used": 1099,"Sort Space Type": "Memory","Plans": [{"Node Type": "Aggregate","Strategy": "Hashed","Partial Mode": "Simple","Parent Relationship": "Outer","Parallel Aware": false,"Async Capable": false,"Startup Cost": 148530.60,"Total Cost": 152551.31,"Plan Rows": 321657,"Plan Width": 44,"Actual Startup Time": 518.657,"Actual Total Time": 542.407,"Actual Rows": 11436,"Actual Loops": 1,"Group Key": ["lineitem.l_orderkey", "orders.o_orderdate", "orders.o_shippriority"],"Planned Partitions": 0,"HashAgg Batches": 1,"Peak Memory Usage": 20497,"Disk Usage": 0,"Plans": [{"Node Type": "Gather","Parent Relationship": "Outer","Parallel Aware": false,"Async Capable": false,"Startup Cost": 5526.18,"Total Cost": 143705.75,"Plan Rows": 321657,"Plan Width": 24,"Actual Startup Time": 32.938,"Actual Total Time": 493.972,"Actual Rows": 30309,"Actual Loops": 1,"Workers Planned": 3,"Workers Launched": 3,"Single Copy": false,"Plans": [{"Node Type": "Nested Loop","Parent Relationship": "Outer","Parallel Aware": false,"Async Capable": false,"Join Type": "Inner","Startup Cost": 4526.18,"Total Cost": 110540.05,"Plan Rows": 103760,"Plan Width": 24,"Actual Startup Time": 25.951,"Actual Total Time": 501.335,"Actual Rows": 7577,"Actual Loops": 4,"Inner Unique": false,"Workers": [],"Plans": [{"Node Type": "Hash Join","Parent Relationship": "Outer","Parallel Aware": true,"Async Capable": false,"Join Type": "Inner","Startup Cost": 4525.75,"Total Cost": 37282.06,"Plan Rows": 47670,"Plan Width": 12,"Actual Startup Time": 25.712,"Actual Total Time": 221.432,"Actual Rows": 36012,"Actual Loops": 4,"Inner Unique": true,"Hash Cond": "(orders.o_custkey = customer.c_custkey)","Workers": [],"Plans": [{"Node Type": "Seq Scan","Parent Relationship": "Outer","Parallel Aware": true,"Async Capable": false,"Relation Name": "orders","Alias": "orders","Startup Cost": 0.00,"Total Cost": 32143.39,"Plan Rows": 233486,"Plan Width": 16,"Actual Startup Time": 0.018,"Actual Total Time": 144.059,"Actual Rows": 180414,"Actual Loops": 4,"Filter": "(o_orderdate < '1995-03-06'::date)","Rows Removed by Filter": 194586,"Workers": []},{"Node Type": "Hash","Parent Relationship": "Inner","Parallel Aware": true,"Async Capable": false,"Startup Cost": 4366.25,"Total Cost": 4366.25,"Plan Rows": 12760,"Plan Width": 4,"Actual Startup Time": 25.265,"Actual Total Time": 25.271,"Actual Rows": 7492,"Actual Loops": 4,"Hash Buckets": 32768,"Original Hash Buckets": 32768,"Hash Batches": 1,"Original Hash Batches": 1,"Peak Memory Usage": 1504,"Workers": [],"Plans": [{"Node Type": "Seq Scan","Parent Relationship": "Outer","Parallel Aware": true,"Async Capable": false,"Relation Name": "customer","Alias": "customer","Startup Cost": 0.00,"Total Cost": 4366.25,"Plan Rows": 12760,"Plan Width": 4,"Actual Startup Time": 0.051,"Actual Total Time": 21.547,"Actual Rows": 7492,"Actual Loops": 4,"Filter": "(c_mktsegment = 'FURNITURE'::bpchar)","Rows Removed by Filter": 30008,"Workers": []}]}]},{"Node Type": "Index Scan","Parent Relationship": "Inner","Parallel Aware": false,"Async Capable": false,"Scan Direction": "Forward","Index Name": "idx_lineitem_orderkey","Relation Name": "lineitem","Alias": "lineitem","Startup Cost": 0.43,"Total Cost": 1.45,"Plan Rows": 9,"Plan Width": 16,"Actual Startup Time": 0.007,"Actual Total Time": 0.008,"Actual Rows": 0,"Actual Loops": 144046,"Index Cond": "(l_orderkey = orders.o_orderkey)","Rows Removed by Index Recheck": 0,"Filter": "(l_shipdate > '1995-03-06'::date)","Rows Removed by Filter": 4,"Workers": []}]}]}]}]},"Planning Time": 5.543,"Triggers": [],"Execution Time": 564.945}]
[{"Plan": {"Node Type": "Sort","Parallel Aware": false,"Async Capable": false,"Startup Cost": 179911.28,"Total Cost": 180699.52,"Plan Rows": 315296,"Plan Width": 44,"Actual Startup Time": 541.100,"Actual Total Time": 550.164,"Actual Rows": 11378,"Actual Loops": 1,"Sort Key": ["(sum((lineitem.l_extendedprice * ('1'::numeric - lineitem.l_discount)))) DESC", "orders.o_orderdate"],"Sort Method": "quicksort","Sort Space Used": 1096,"Sort Space Type": "Memory","Plans": [{"Node Type": "Aggregate","Strategy": "Hashed","Partial Mode": "Simple","Parent Relationship": "Outer","Parallel Aware": false,"Async Capable": false,"Startup Cost": 147173.55,"Total Cost": 151114.75,"Plan Rows": 315296,"Plan Width": 44,"Actual Startup Time": 518.387,"Actual Total Time": 540.798,"Actual Rows": 11378,"Actual Loops": 1,"Group Key": ["lineitem.l_orderkey", "orders.o_orderdate", "orders.o_shippriority"],"Planned Partitions": 0,"HashAgg Batches": 1,"Peak Memory Usage": 20497,"Disk Usage": 0,"Plans": [{"Node Type": "Gather","Parent Relationship": "Outer","Parallel Aware": false,"Async Capable": false,"Startup Cost": 5522.96,"Total Cost": 142444.11,"Plan Rows": 315296,"Plan Width": 24,"Actual Startup Time": 34.051,"Actual Total Time": 491.890,"Actual Rows": 30130,"Actual Loops": 1,"Workers Planned": 3,"Workers Launched": 3,"Single Copy": false,"Plans": [{"Node Type": "Nested Loop","Parent Relationship": "Outer","Parallel Aware": false,"Async Capable": false,"Join Type": "Inner","Startup Cost": 4522.96,"Total Cost": 109914.51,"Plan Rows": 101708,"Plan Width": 24,"Actual Startup Time": 27.085,"Actual Total Time": 500.791,"Actual Rows": 7532,"Actual Loops": 4,"Inner Unique": false,"Workers": [],"Plans": [{"Node Type": "Hash Join","Parent Relationship": "Outer","Parallel Aware": true,"Async Capable": false,"Join Type": "Inner","Startup Cost": 4522.52,"Total Cost": 37291.74,"Plan Rows": 47688,"Plan Width": 12,"Actual Startup Time": 26.940,"Actual Total Time": 220.824,"Actual Rows": 36724,"Actual Loops": 4,"Inner Unique": true,"Hash Cond": "(orders.o_custkey = customer.c_custkey)","Workers": [],"Plans": [{"Node Type": "Seq Scan","Parent Relationship": "Outer","Parallel Aware": true,"Async Capable": false,"Relation Name": "orders","Alias": "orders","Startup Cost": 0.00,"Total Cost": 32143.39,"Plan Rows": 238401,"Plan Width": 16,"Actual Startup Time": 0.010,"Actual Total Time": 141.910,"Actual Rows": 183996,"Actual Loops": 4,"Filter": "(o_orderdate < '1995-03-29'::date)","Rows Removed by Filter": 191004,"Workers": []},{"Node Type": "Hash","Parent Relationship": "Inner","Parallel Aware": true,"Async Capable": false,"Startup Cost": 4366.25,"Total Cost": 4366.25,"Plan Rows": 12502,"Plan Width": 4,"Actual Startup Time": 26.447,"Actual Total Time": 26.452,"Actual Rows": 7547,"Actual Loops": 4,"Hash Buckets": 32768,"Original Hash Buckets": 32768,"Hash Batches": 1,"Original Hash Batches": 1,"Peak Memory Usage": 1536,"Workers": [],"Plans": [{"Node Type": "Seq Scan","Parent Relationship": "Outer","Parallel Aware": true,"Async Capable": false,"Relation Name": "customer","Alias": "customer","Startup Cost": 0.00,"Total Cost": 4366.25,"Plan Rows": 12502,"Plan Width": 4,"Actual Startup Time": 0.044,"Actual Total Time": 22.588,"Actual Rows": 7547,"Actual Loops": 4,"Filter": "(c_mktsegment = 'HOUSEHOLD'::bpchar)","Rows Removed by Filter": 29953,"Workers": []}]}]},{"Node Type": "Index Scan","Parent Relationship": "Inner","Parallel Aware": false,"Async Capable": false,"Scan Direction": "Forward","Index Name": "idx_lineitem_orderkey","Relation Name": "lineitem","Alias": "lineitem","Startup Cost": 0.43,"Total Cost": 1.43,"Plan Rows": 9,"Plan Width": 16,"Actual Startup Time": 0.007,"Actual Total Time": 0.007,"Actual Rows": 0,"Actual Loops": 146895,"Index Cond": "(l_orderkey = orders.o_orderkey)","Rows Removed by Index Recheck": 0,"Filter": "(l_shipdate > '1995-03-29'::date)","Rows Removed by Filter": 4,"Workers": []}]}]}]}]},"Planning Time": 5.710,"Triggers": [],"Execution Time": 562.621}]
[{"Plan": {"Node Type": "Sort","Parallel Aware": false,"Async Capable": false,"Startup Cost": 179599.25,"Total Cost": 180386.99,"Plan Rows": 315096,"Plan Width": 44,"Actual Startup Time": 538.646,"Actual Total Time": 549.020,"Actual Rows": 11253,"Actual Loops": 1,"Sort Key": ["(sum((lineitem.l_extendedprice * ('1'::numeric - lineitem.l_discount)))) DESC", "orders.o_orderdate"],"Sort Method": "quicksort","Sort Space Used": 1088,"Sort Space Type": "Memory","Plans": [{"Node Type": "Aggregate","Strategy": "Hashed","Partial Mode": "Simple","Parent Relationship": "Outer","Parallel Aware": false,"Async Capable": false,"Startup Cost": 146883.73,"Total Cost": 150822.43,"Plan Rows": 315096,"Plan Width": 44,"Actual Startup Time": 516.278,"Actual Total Time": 540.921,"Actual Rows": 11253,"Actual Loops": 1,"Group Key": ["lineitem.l_orderkey", "orders.o_orderdate", "orders.o_shippriority"],"Planned Partitions": 0,"HashAgg Batches": 1,"Peak Memory Usage": 20497,"Disk Usage": 0,"Plans": [{"Node Type": "Gather","Parent Relationship": "Outer","Parallel Aware": false,"Async Capable": false,"Startup Cost": 5522.86,"Total Cost": 142157.29,"Plan Rows": 315096,"Plan Width": 24,"Actual Startup Time": 32.823,"Actual Total Time": 495.702,"Actual Rows": 29687,"Actual Loops": 1,"Workers Planned": 3,"Workers Launched": 3,"Single Copy": false,"Plans": [{"Node Type": "Nested Loop","Parent Relationship": "Outer","Parallel Aware": false,"Async Capable": false,"Join Type": "Inner","Startup Cost": 4522.86,"Total Cost": 109647.69,"Plan Rows": 101644,"Plan Width": 24,"Actual Startup Time": 25.311,"Actual Total Time": 499.168,"Actual Rows": 7422,"Actual Loops": 4,"Inner Unique": false,"Workers": [],"Plans": [{"Node Type": "Hash Join","Parent Relationship": "Outer","Parallel Aware": true,"Async Capable": false,"Join Type": "Inner","Startup Cost": 4522.43,"Total Cost": 37288.37,"Plan Rows": 47407,"Plan Width": 12,"Actual Startup Time": 25.018,"Actual Total Time": 216.856,"Actual Rows": 36551,"Actual Loops": 4,"Inner Unique": true,"Hash Cond": "(orders.o_custkey = customer.c_custkey)","Workers": [],"Plans": [{"Node Type": "Seq Scan","Parent Relationship": "Outer","Parallel Aware": true,"Async Capable": false,"Relation Name": "orders","Alias": "orders","Startup Cost": 0.00,"Total Cost": 32143.39,"Plan Rows": 237155,"Plan Width": 16,"Actual Startup Time": 0.014,"Actual Total Time": 141.903,"Actual Rows": 183072,"Actual Loops": 4,"Filter": "(o_orderdate < '1995-03-23'::date)","Rows Removed by Filter": 191928,"Workers": []},{"Node Type": "Hash","Parent Relationship": "Inner","Parallel Aware": true,"Async Capable": false,"Startup Cost": 4366.25,"Total Cost": 4366.25,"Plan Rows": 12494,"Plan Width": 4,"Actual Startup Time": 24.461,"Actual Total Time": 24.467,"Actual Rows": 7487,"Actual Loops": 4,"Hash Buckets": 32768,"Original Hash Buckets": 32768,"Hash Batches": 1,"Original Hash Batches": 1,"Peak Memory Usage": 1504,"Workers": [],"Plans": [{"Node Type": "Seq Scan","Parent Relationship": "Outer","Parallel Aware": true,"Async Capable": false,"Relation Name": "customer","Alias": "customer","Startup Cost": 0.00,"Total Cost": 4366.25,"Plan Rows": 12494,"Plan Width": 4,"Actual Startup Time": 0.041,"Actual Total Time": 21.320,"Actual Rows": 7487,"Actual Loops": 4,"Filter": "(c_mktsegment = 'MACHINERY'::bpchar)","Rows Removed by Filter": 30013,"Workers": []}]}]},{"Node Type": "Index Scan","Parent Relationship": "Inner","Parallel Aware": false,"Async Capable": false,"Scan Direction": "Forward","Index Name": "idx_lineitem_orderkey","Relation Name": "lineitem","Alias": "lineitem","Startup Cost": 0.43,"Total Cost": 1.44,"Plan Rows": 9,"Plan Width": 16,"Actual Startup Time": 0.007,"Actual Total Time": 0.007,"Actual Rows": 0,"Actual Loops": 146204,"Index Cond": "(l_orderkey = orders.o_orderkey)","Rows Removed by Index Recheck": 0,"Filter": "(l_shipdate > '1995-03-23'::date)","Rows Removed by Filter": 4,"Workers": []}]}]}]}]},"Planning Time": 6.063,"Triggers": [],"Execution Time": 562.620}]
[{"Plan": {"Node Type": "Sort","Parallel Aware": false,"Async Capable": false,"Startup Cost": 177912.48,"Total Cost": 178692.95,"Plan Rows": 312189,"Plan Width": 44,"Actual Startup Time": 523.933,"Actual Total Time": 533.295,"Actual Rows": 11626,"Actual Loops": 1,"Sort Key": ["(sum((lineitem.l_extendedprice * ('1'::numeric - lineitem.l_discount)))) DESC", "orders.o_orderdate"],"Sort Method": "quicksort","Sort Space Used": 1111,"Sort Space Type": "Memory","Plans": [{"Node Type": "Aggregate","Strategy": "Hashed","Partial Mode": "Simple","Parent Relationship": "Outer","Parallel Aware": false,"Async Capable": false,"Startup Cost": 145519.66,"Total Cost": 149422.02,"Plan Rows": 312189,"Plan Width": 44,"Actual Startup Time": 501.113,"Actual Total Time": 524.898,"Actual Rows": 11626,"Actual Loops": 1,"Group Key": ["lineitem.l_orderkey", "orders.o_orderdate", "orders.o_shippriority"],"Planned Partitions": 0,"HashAgg Batches": 1,"Peak Memory Usage": 20497,"Disk Usage": 0,"Plans": [{"Node Type": "Gather","Parent Relationship": "Outer","Parallel Aware": false,"Async Capable": false,"Startup Cost": 5521.58,"Total Cost": 140836.82,"Plan Rows": 312189,"Plan Width": 24,"Actual Startup Time": 30.575,"Actual Total Time": 478.058,"Actual Rows": 30538,"Actual Loops": 1,"Workers Planned": 3,"Workers Launched": 3,"Single Copy": false,"Plans": [{"Node Type": "Nested Loop","Parent Relationship": "Outer","Parallel Aware": false,"Async Capable": false,"Join Type": "Inner","Startup Cost": 4521.58,"Total Cost": 108617.92,"Plan Rows": 100706,"Plan Width": 24,"Actual Startup Time": 23.422,"Actual Total Time": 484.264,"Actual Rows": 7634,"Actual Loops": 4,"Inner Unique": false,"Workers": [],"Plans": [{"Node Type": "Hash Join","Parent Relationship": "Outer","Parallel Aware": true,"Async Capable": false,"Join Type": "Inner","Startup Cost": 4521.15,"Total Cost": 37280.47,"Plan Rows": 46520,"Plan Width": 12,"Actual Startup Time": 23.231,"Actual Total Time": 205.367,"Actual Rows": 36680,"Actual Loops": 4,"Inner Unique": true,"Hash Cond": "(orders.o_custkey = customer.c_custkey)","Workers": [],"Plans": [{"Node Type": "Seq Scan","Parent Relationship": "Outer","Parallel Aware": true,"Async Capable": false,"Relation Name": "orders","Alias": "orders","Startup Cost": 0.00,"Total Cost": 32143.39,"Plan Rows": 234633,"Plan Width": 16,"Actual Startup Time": 0.015,"Actual Total Time": 136.839,"Actual Rows": 181340,"Actual Loops": 4,"Filter": "(o_orderdate < '1995-03-12'::date)","Rows Removed by Filter": 193660,"Workers": []},{"Node Type": "Hash","Parent Relationship": "Inner","Parallel Aware": true,"Async Capable": false,"Startup Cost": 4366.25,"Total Cost": 4366.25,"Plan Rows": 12392,"Plan Width": 4,"Actual Startup Time": 22.825,"Actual Total Time": 22.830,"Actual Rows": 7536,"Actual Loops": 4,"Hash Buckets": 32768,"Original Hash Buckets": 32768,"Hash Batches": 1,"Original Hash Batches": 1,"Peak Memory Usage": 1504,"Workers": [],"Plans": [{"Node Type": "Seq Scan","Parent Relationship": "Outer","Parallel Aware": true,"Async Capable": false,"Relation Name": "customer","Alias": "customer","Startup Cost": 0.00,"Total Cost": 4366.25,"Plan Rows": 12392,"Plan Width": 4,"Actual Startup Time": 0.033,"Actual Total Time": 19.724,"Actual Rows": 7536,"Actual Loops": 4,"Filter": "(c_mktsegment = 'BUILDING'::bpchar)","Rows Removed by Filter": 29964,"Workers": []}]}]},{"Node Type": "Index Scan","Parent Relationship": "Inner","Parallel Aware": false,"Async Capable": false,"Scan Direction": "Forward","Index Name": "idx_lineitem_orderkey","Relation Name": "lineitem","Alias": "lineitem","Startup Cost": 0.43,"Total Cost": 1.44,"Plan Rows": 9,"Plan Width": 16,"Actual Startup Time": 0.007,"Actual Total Time": 0.007,"Actual Rows": 0,"Actual Loops": 146719,"Index Cond": "(l_orderkey = orders.o_orderkey)","Rows Removed by Index Recheck": 0,"Filter": "(l_shipdate > '1995-03-12'::date)","Rows Removed by Filter": 4,"Workers": []}]}]}]}]},"Planning Time": 5.407,"Triggers": [],"Execution Time": 547.651}]
[{"Plan": {"Node Type": "Sort","Parallel Aware": false,"Async Capable": false,"Startup Cost": 179947.68,"Total Cost": 180735.91,"Plan Rows": 315293,"Plan Width": 44,"Actual Startup Time": 553.263,"Actual Total Time": 564.800,"Actual Rows": 11365,"Actual Loops": 1,"Sort Key": ["(sum((lineitem.l_extendedprice * ('1'::numeric - lineitem.l_discount)))) DESC", "orders.o_orderdate"],"Sort Method": "quicksort","Sort Space Used": 1095,"Sort Space Type": "Memory","Plans": [{"Node Type": "Aggregate","Strategy": "Hashed","Partial Mode": "Simple","Parent Relationship": "Outer","Parallel Aware": false,"Async Capable": false,"Startup Cost": 147210.28,"Total Cost": 151151.44,"Plan Rows": 315293,"Plan Width": 44,"Actual Startup Time": 530.818,"Actual Total Time": 556.690,"Actual Rows": 11365,"Actual Loops": 1,"Group Key": ["lineitem.l_orderkey", "orders.o_orderdate", "orders.o_shippriority"],"Planned Partitions": 0,"HashAgg Batches": 1,"Peak Memory Usage": 20497,"Disk Usage": 0,"Plans": [{"Node Type": "Gather","Parent Relationship": "Outer","Parallel Aware": false,"Async Capable": false,"Startup Cost": 5522.96,"Total Cost": 142480.88,"Plan Rows": 315293,"Plan Width": 24,"Actual Startup Time": 33.826,"Actual Total Time": 507.167,"Actual Rows": 30101,"Actual Loops": 1,"Workers Planned": 3,"Workers Launched": 3,"Single Copy": false,"Plans": [{"Node Type": "Nested Loop","Parent Relationship": "Outer","Parallel Aware": false,"Async Capable": false,"Join Type": "Inner","Startup Cost": 4522.96,"Total Cost": 109951.58,"Plan Rows": 101707,"Plan Width": 24,"Actual Startup Time": 26.836,"Actual Total Time": 513.105,"Actual Rows": 7525,"Actual Loops": 4,"Inner Unique": false,"Workers": [],"Plans": [{"Node Type": "Hash Join","Parent Relationship": "Outer","Parallel Aware": true,"Async Capable": false,"Join Type": "Inner","Startup Cost": 4522.52,"Total Cost": 37292.28,"Plan Rows": 47730,"Plan Width": 12,"Actual Startup Time": 26.698,"Actual Total Time": 226.247,"Actual Rows": 36752,"Actual Loops": 4,"Inner Unique": true,"Hash Cond": "(orders.o_custkey = customer.c_custkey)","Workers": [],"Plans": [{"Node Type": "Seq Scan","Parent Relationship": "Outer","Parallel Aware": true,"Async Capable": false,"Relation Name": "orders","Alias": "orders","Startup Cost": 0.00,"Total Cost": 32143.39,"Plan Rows": 238609,"Plan Width": 16,"Actual Startup Time": 0.015,"Actual Total Time": 145.218,"Actual Rows": 184142,"Actual Loops": 4,"Filter": "(o_orderdate < '1995-03-30'::date)","Rows Removed by Filter": 190858,"Workers": []},{"Node Type": "Hash","Parent Relationship": "Inner","Parallel Aware": true,"Async Capable": false,"Startup Cost": 4366.25,"Total Cost": 4366.25,"Plan Rows": 12502,"Plan Width": 4,"Actual Startup Time": 26.215,"Actual Total Time": 26.221,"Actual Rows": 7547,"Actual Loops": 4,"Hash Buckets": 32768,"Original Hash Buckets": 32768,"Hash Batches": 1,"Original Hash Batches": 1,"Peak Memory Usage": 1504,"Workers": [],"Plans": [{"Node Type": "Seq Scan","Parent Relationship": "Outer","Parallel Aware": true,"Async Capable": false,"Relation Name": "customer","Alias": "customer","Startup Cost": 0.00,"Total Cost": 4366.25,"Plan Rows": 12502,"Plan Width": 4,"Actual Startup Time": 0.040,"Actual Total Time": 22.262,"Actual Rows": 7547,"Actual Loops": 4,"Filter": "(c_mktsegment = 'HOUSEHOLD'::bpchar)","Rows Removed by Filter": 29953,"Workers": []}]}]},{"Node Type": "Index Scan","Parent Relationship": "Inner","Parallel Aware": false,"Async Capable": false,"Scan Direction": "Forward","Index Name": "idx_lineitem_orderkey","Relation Name": "lineitem","Alias": "lineitem","Startup Cost": 0.43,"Total Cost": 1.43,"Plan Rows": 9,"Plan Width": 16,"Actual Startup Time": 0.007,"Actual Total Time": 0.008,"Actual Rows": 0,"Actual Loops": 147007,"Index Cond": "(l_orderkey = orders.o_orderkey)","Rows Removed by Index Recheck": 0,"Filter": "(l_shipdate > '1995-03-30'::date)","Rows Removed by Filter": 4,"Workers": []}]}]}]}]},"Planning Time": 5.286,"Triggers": [],"Execution Time": 577.568}]
[{"Plan": {"Node Type": "Sort","Parallel Aware": false,"Async Capable": false,"Startup Cost": 179411.19,"Total Cost": 180199.74,"Plan Rows": 315419,"Plan Width": 44,"Actual Startup Time": 541.464,"Actual Total Time": 551.944,"Actual Rows": 11430,"Actual Loops": 1,"Sort Key": ["(sum((lineitem.l_extendedprice * ('1'::numeric - lineitem.l_discount)))) DESC", "orders.o_orderdate"],"Sort Method": "quicksort","Sort Space Used": 1099,"Sort Space Type": "Memory","Plans": [{"Node Type": "Aggregate","Strategy": "Hashed","Partial Mode": "Simple","Parent Relationship": "Outer","Parallel Aware": false,"Async Capable": false,"Startup Cost": 146659.80,"Total Cost": 150602.54,"Plan Rows": 315419,"Plan Width": 44,"Actual Startup Time": 518.682,"Actual Total Time": 543.570,"Actual Rows": 11430,"Actual Loops": 1,"Group Key": ["lineitem.l_orderkey", "orders.o_orderdate", "orders.o_shippriority"],"Planned Partitions": 0,"HashAgg Batches": 1,"Peak Memory Usage": 20497,"Disk Usage": 0,"Plans": [{"Node Type": "Gather","Parent Relationship": "Outer","Parallel Aware": false,"Async Capable": false,"Startup Cost": 5522.96,"Total Cost": 141928.51,"Plan Rows": 315419,"Plan Width": 24,"Actual Startup Time": 33.895,"Actual Total Time": 497.065,"Actual Rows": 30311,"Actual Loops": 1,"Workers Planned": 3,"Workers Launched": 3,"Single Copy": false,"Plans": [{"Node Type": "Nested Loop","Parent Relationship": "Outer","Parallel Aware": false,"Async Capable": false,"Join Type": "Inner","Startup Cost": 4522.96,"Total Cost": 109386.61,"Plan Rows": 101748,"Plan Width": 24,"Actual Startup Time": 26.351,"Actual Total Time": 501.490,"Actual Rows": 7578,"Actual Loops": 4,"Inner Unique": false,"Workers": [],"Plans": [{"Node Type": "Hash Join","Parent Relationship": "Outer","Parallel Aware": true,"Async Capable": false,"Join Type": "Inner","Startup Cost": 4522.52,"Total Cost": 37283.82,"Plan Rows": 47085,"Plan Width": 12,"Actual Startup Time": 26.235,"Actual Total Time": 219.533,"Actual Rows": 36258,"Actual Loops": 4,"Inner Unique": true,"Hash Cond": "(orders.o_custkey = customer.c_custkey)","Workers": [],"Plans": [{"Node Type": "Seq Scan","Parent Relationship": "Outer","Parallel Aware": true,"Async Capable": false,"Relation Name": "orders","Alias": "orders","Startup Cost": 0.00,"Total Cost": 32143.39,"Plan Rows": 235386,"Plan Width": 16,"Actual Startup Time": 0.012,"Actual Total Time": 143.378,"Actual Rows": 181666,"Actual Loops": 4,"Filter": "(o_orderdate < '1995-03-14'::date)","Rows Removed by Filter": 193334,"Workers": []},{"Node Type": "Hash","Parent Relationship": "Inner","Parallel Aware": true,"Async Capable": false,"Startup Cost": 4366.25,"Total Cost": 4366.25,"Plan Rows": 12502,"Plan Width": 4,"Actual Startup Time": 25.698,"Actual Total Time": 25.705,"Actual Rows": 7547,"Actual Loops": 4,"Hash Buckets": 32768,"Original Hash Buckets": 32768,"Hash Batches": 1,"Original Hash Batches": 1,"Peak Memory Usage": 1536,"Workers": [],"Plans": [{"Node Type": "Seq Scan","Parent Relationship": "Outer","Parallel Aware": true,"Async Capable": false,"Relation Name": "customer","Alias": "customer","Startup Cost": 0.00,"Total Cost": 4366.25,"Plan Rows": 12502,"Plan Width": 4,"Actual Startup Time": 0.034,"Actual Total Time": 22.333,"Actual Rows": 7547,"Actual Loops": 4,"Filter": "(c_mktsegment = 'HOUSEHOLD'::bpchar)","Rows Removed by Filter": 29953,"Workers": []}]}]},{"Node Type": "Index Scan","Parent Relationship": "Inner","Parallel Aware": false,"Async Capable": false,"Scan Direction": "Forward","Index Name": "idx_lineitem_orderkey","Relation Name": "lineitem","Alias": "lineitem","Startup Cost": 0.43,"Total Cost": 1.44,"Plan Rows": 9,"Plan Width": 16,"Actual Startup Time": 0.007,"Actual Total Time": 0.008,"Actual Rows": 0,"Actual Loops": 145034,"Index Cond": "(l_orderkey = orders.o_orderkey)","Rows Removed by Index Recheck": 0,"Filter": "(l_shipdate > '1995-03-14'::date)","Rows Removed by Filter": 4,"Workers": []}]}]}]}]},"Planning Time": 5.804,"Triggers": [],"Execution Time": 566.171}]
[{"Plan": {"Node Type": "Sort","Parallel Aware": false,"Async Capable": false,"Startup Cost": 179029.85,"Total Cost": 179816.90,"Plan Rows": 314822,"Plan Width": 44,"Actual Startup Time": 550.372,"Actual Total Time": 558.162,"Actual Rows": 11314,"Actual Loops": 1,"Sort Key": ["(sum((lineitem.l_extendedprice * ('1'::numeric - lineitem.l_discount)))) DESC", "orders.o_orderdate"],"Sort Method": "quicksort","Sort Space Used": 1092,"Sort Space Type": "Memory","Plans": [{"Node Type": "Aggregate","Strategy": "Hashed","Partial Mode": "Simple","Parent Relationship": "Outer","Parallel Aware": false,"Async Capable": false,"Startup Cost": 146344.75,"Total Cost": 150280.03,"Plan Rows": 314822,"Plan Width": 44,"Actual Startup Time": 522.647,"Actual Total Time": 547.562,"Actual Rows": 11314,"Actual Loops": 1,"Group Key": ["lineitem.l_orderkey", "orders.o_orderdate", "orders.o_shippriority"],"Planned Partitions": 0,"HashAgg Batches": 1,"Peak Memory Usage": 20497,"Disk Usage": 0,"Plans": [{"Node Type": "Gather","Parent Relationship": "Outer","Parallel Aware": false,"Async Capable": false,"Startup Cost": 5522.86,"Total Cost": 141622.42,"Plan Rows": 314822,"Plan Width": 24,"Actual Startup Time": 32.720,"Actual Total Time": 489.109,"Actual Rows": 29861,"Actual Loops": 1,"Workers Planned": 3,"Workers Launched": 3,"Single Copy": false,"Plans": [{"Node Type": "Nested Loop","Parent Relationship": "Outer","Parallel Aware": false,"Async Capable": false,"Join Type": "Inner","Startup Cost": 4522.86,"Total Cost": 109140.22,"Plan Rows": 101555,"Plan Width": 24,"Actual Startup Time": 25.551,"Actual Total Time": 503.822,"Actual Rows": 7465,"Actual Loops": 4,"Inner Unique": false,"Workers": [],"Plans": [{"Node Type": "Hash Join","Parent Relationship": "Outer","Parallel Aware": true,"Async Capable": false,"Join Type": "Inner","Startup Cost": 4522.43,"Total Cost": 37280.74,"Plan Rows": 46827,"Plan Width": 12,"Actual Startup Time": 25.276,"Actual Total Time": 221.802,"Actual Rows": 36152,"Actual Loops": 4,"Inner Unique": true,"Hash Cond": "(orders.o_custkey = customer.c_custkey)","Workers": [],"Plans": [{"Node Type": "Seq Scan","Parent Relationship": "Outer","Parallel Aware": true,"Async Capable": false,"Relation Name": "orders","Alias": "orders","Startup Cost": 0.00,"Total Cost": 32143.39,"Plan Rows": 234250,"Plan Width": 16,"Actual Startup Time": 0.022,"Actual Total Time": 143.298,"Actual Rows": 181030,"Actual Loops": 4,"Filter": "(o_orderdate < '1995-03-10'::date)","Rows Removed by Filter": 193970,"Workers": []},{"Node Type": "Hash","Parent Relationship": "Inner","Parallel Aware": true,"Async Capable": false,"Startup Cost": 4366.25,"Total Cost": 4366.25,"Plan Rows": 12494,"Plan Width": 4,"Actual Startup Time": 24.832,"Actual Total Time": 24.840,"Actual Rows": 7487,"Actual Loops": 4,"Hash Buckets": 32768,"Original Hash Buckets": 32768,"Hash Batches": 1,"Original Hash Batches": 1,"Peak Memory Usage": 1504,"Workers": [],"Plans": [{"Node Type": "Seq Scan","Parent Relationship": "Outer","Parallel Aware": true,"Async Capable": false,"Relation Name": "customer","Alias": "customer","Startup Cost": 0.00,"Total Cost": 4366.25,"Plan Rows": 12494,"Plan Width": 4,"Actual Startup Time": 0.040,"Actual Total Time": 21.027,"Actual Rows": 7487,"Actual Loops": 4,"Filter": "(c_mktsegment = 'MACHINERY'::bpchar)","Rows Removed by Filter": 30013,"Workers": []}]}]},{"Node Type": "Index Scan","Parent Relationship": "Inner","Parallel Aware": false,"Async Capable": false,"Scan Direction": "Forward","Index Name": "idx_lineitem_orderkey","Relation Name": "lineitem","Alias": "lineitem","Startup Cost": 0.43,"Total Cost": 1.44,"Plan Rows": 9,"Plan Width": 16,"Actual Startup Time": 0.007,"Actual Total Time": 0.008,"Actual Rows": 0,"Actual Loops": 144606,"Index Cond": "(l_orderkey = orders.o_orderkey)","Rows Removed by Index Recheck": 0,"Filter": "(l_shipdate > '1995-03-10'::date)","Rows Removed by Filter": 4,"Workers": []}]}]}]}]},"Planning Time": 6.029,"Triggers": [],"Execution Time": 572.343}]
[{"Plan": {"Node Type": "Sort","Parallel Aware": false,"Async Capable": false,"Startup Cost": 179585.29,"Total Cost": 180373.54,"Plan Rows": 315303,"Plan Width": 44,"Actual Startup Time": 537.954,"Actual Total Time": 547.923,"Actual Rows": 11413,"Actual Loops": 1,"Sort Key": ["(sum((lineitem.l_extendedprice * ('1'::numeric - lineitem.l_discount)))) DESC", "orders.o_orderdate"],"Sort Method": "quicksort","Sort Space Used": 1098,"Sort Space Type": "Memory","Plans": [{"Node Type": "Aggregate","Strategy": "Hashed","Partial Mode": "Simple","Parent Relationship": "Outer","Parallel Aware": false,"Async Capable": false,"Startup Cost": 146846.78,"Total Cost": 150788.07,"Plan Rows": 315303,"Plan Width": 44,"Actual Startup Time": 515.276,"Actual Total Time": 539.475,"Actual Rows": 11413,"Actual Loops": 1,"Group Key": ["lineitem.l_orderkey", "orders.o_orderdate", "orders.o_shippriority"],"Planned Partitions": 0,"HashAgg Batches": 1,"Peak Memory Usage": 20497,"Disk Usage": 0,"Plans": [{"Node Type": "Gather","Parent Relationship": "Outer","Parallel Aware": false,"Async Capable": false,"Startup Cost": 5522.96,"Total Cost": 142117.23,"Plan Rows": 315303,"Plan Width": 24,"Actual Startup Time": 33.791,"Actual Total Time": 490.443,"Actual Rows": 30284,"Actual Loops": 1,"Workers Planned": 3,"Workers Launched": 3,"Single Copy": false,"Plans": [{"Node Type": "Nested Loop","Parent Relationship": "Outer","Parallel Aware": false,"Async Capable": false,"Join Type": "Inner","Startup Cost": 4522.96,"Total Cost": 109586.93,"Plan Rows": 101711,"Plan Width": 24,"Actual Startup Time": 27.000,"Actual Total Time": 498.148,"Actual Rows": 7571,"Actual Loops": 4,"Inner Unique": false,"Workers": [],"Plans": [{"Node Type": "Hash Join","Parent Relationship": "Outer","Parallel Aware": true,"Async Capable": false,"Join Type": "Inner","Startup Cost": 4522.52,"Total Cost": 37286.83,"Plan Rows": 47314,"Plan Width": 12,"Actual Startup Time": 26.881,"Actual Total Time": 219.572,"Actual Rows": 36447,"Actual Loops": 4,"Inner Unique": true,"Hash Cond": "(orders.o_custkey = customer.c_custkey)","Workers": [],"Plans": [{"Node Type": "Seq Scan","Parent Relationship": "Outer","Parallel Aware": true,"Async Capable": false,"Relation Name": "orders","Alias": "orders","Startup Cost": 0.00,"Total Cost": 32143.39,"Plan Rows": 236532,"Plan Width": 16,"Actual Startup Time": 0.007,"Actual Total Time": 140.816,"Actual Rows": 182617,"Actual Loops": 4,"Filter": "(o_orderdate < '1995-03-20'::date)","Rows Removed by Filter": 192383,"Workers": []},{"Node Type": "Hash","Parent Relationship": "Inner","Parallel Aware": true,"Async Capable": false,"Startup Cost": 4366.25,"Total Cost": 4366.25,"Plan Rows": 12502,"Plan Width": 4,"Actual Startup Time": 26.425,"Actual Total Time": 26.429,"Actual Rows": 7547,"Actual Loops": 4,"Hash Buckets": 32768,"Original Hash Buckets": 32768,"Hash Batches": 1,"Original Hash Batches": 1,"Peak Memory Usage": 1536,"Workers": [],"Plans": [{"Node Type": "Seq Scan","Parent Relationship": "Outer","Parallel Aware": true,"Async Capable": false,"Relation Name": "customer","Alias": "customer","Startup Cost": 0.00,"Total Cost": 4366.25,"Plan Rows": 12502,"Plan Width": 4,"Actual Startup Time": 0.032,"Actual Total Time": 22.594,"Actual Rows": 7547,"Actual Loops": 4,"Filter": "(c_mktsegment = 'HOUSEHOLD'::bpchar)","Rows Removed by Filter": 29953,"Workers": []}]}]},{"Node Type": "Index Scan","Parent Relationship": "Inner","Parallel Aware": false,"Async Capable": false,"Scan Direction": "Forward","Index Name": "idx_lineitem_orderkey","Relation Name": "lineitem","Alias": "lineitem","Startup Cost": 0.43,"Total Cost": 1.44,"Plan Rows": 9,"Plan Width": 16,"Actual Startup Time": 0.007,"Actual Total Time": 0.007,"Actual Rows": 0,"Actual Loops": 145787,"Index Cond": "(l_orderkey = orders.o_orderkey)","Rows Removed by Index Recheck": 0,"Filter": "(l_shipdate > '1995-03-20'::date)","Rows Removed by Filter": 4,"Workers": []}]}]}]}]},"Planning Time": 5.702,"Triggers": [],"Execution Time": 560.186}]
[{"Plan": {"Node Type": "Sort","Parallel Aware": false,"Async Capable": false,"Startup Cost": 179528.29,"Total Cost": 180316.65,"Plan Rows": 315344,"Plan Width": 44,"Actual Startup Time": 520.119,"Actual Total Time": 529.996,"Actual Rows": 11418,"Actual Loops": 1,"Sort Key": ["(sum((lineitem.l_extendedprice * ('1'::numeric - lineitem.l_discount)))) DESC", "orders.o_orderdate"],"Sort Method": "quicksort","Sort Space Used": 1098,"Sort Space Type": "Memory","Plans": [{"Node Type": "Aggregate","Strategy": "Hashed","Partial Mode": "Simple","Parent Relationship": "Outer","Parallel Aware": false,"Async Capable": false,"Startup Cost": 146785.23,"Total Cost": 150727.03,"Plan Rows": 315344,"Plan Width": 44,"Actual Startup Time": 497.796,"Actual Total Time": 521.748,"Actual Rows": 11418,"Actual Loops": 1,"Group Key": ["lineitem.l_orderkey", "orders.o_orderdate", "orders.o_shippriority"],"Planned Partitions": 0,"HashAgg Batches": 1,"Peak Memory Usage": 20497,"Disk Usage": 0,"Plans": [{"Node Type": "Gather","Parent Relationship": "Outer","Parallel Aware": false,"Async Capable": false,"Startup Cost": 5522.96,"Total Cost": 142055.07,"Plan Rows": 315344,"Plan Width": 24,"Actual Startup Time": 29.605,"Actual Total Time": 475.929,"Actual Rows": 30273,"Actual Loops": 1,"Workers Planned": 3,"Workers Launched": 3,"Single Copy": false,"Plans": [{"Node Type": "Nested Loop","Parent Relationship": "Outer","Parallel Aware": false,"Async Capable": false,"Join Type": "Inner","Startup Cost": 4522.96,"Total Cost": 109520.67,"Plan Rows": 101724,"Plan Width": 24,"Actual Startup Time": 22.712,"Actual Total Time": 481.432,"Actual Rows": 7568,"Actual Loops": 4,"Inner Unique": false,"Workers": [],"Plans": [{"Node Type": "Hash Join","Parent Relationship": "Outer","Parallel Aware": true,"Async Capable": false,"Join Type": "Inner","Startup Cost": 4522.52,"Total Cost": 37285.83,"Plan Rows": 47238,"Plan Width": 12,"Actual Startup Time": 22.591,"Actual Total Time": 206.068,"Actual Rows": 36382,"Actual Loops": 4,"Inner Unique": true,"Hash Cond": "(orders.o_custkey = customer.c_custkey)","Workers": [],"Plans": [{"Node Type": "Seq Scan","Parent Relationship": "Outer","Parallel Aware": true,"Async Capable": false,"Relation Name": "orders","Alias": "orders","Startup Cost": 0.00,"Total Cost": 32143.39,"Plan Rows": 236150,"Plan Width": 16,"Actual Startup Time": 0.011,"Actual Total Time": 137.568,"Actual Rows": 182297,"Actual Loops": 4,"Filter": "(o_orderdate < '1995-03-18'::date)","Rows Removed by Filter": 192703,"Workers": []},{"Node Type": "Hash","Parent Relationship": "Inner","Parallel Aware": true,"Async Capable": false,"Startup Cost": 4366.25,"Total Cost": 4366.25,"Plan Rows": 12502,"Plan Width": 4,"Actual Startup Time": 22.130,"Actual Total Time": 22.133,"Actual Rows": 7547,"Actual Loops": 4,"Hash Buckets": 32768,"Original Hash Buckets": 32768,"Hash Batches": 1,"Original Hash Batches": 1,"Peak Memory Usage": 1472,"Workers": [],"Plans": [{"Node Type": "Seq Scan","Parent Relationship": "Outer","Parallel Aware": true,"Async Capable": false,"Relation Name": "customer","Alias": "customer","Startup Cost": 0.00,"Total Cost": 4366.25,"Plan Rows": 12502,"Plan Width": 4,"Actual Startup Time": 0.043,"Actual Total Time": 19.149,"Actual Rows": 7547,"Actual Loops": 4,"Filter": "(c_mktsegment = 'HOUSEHOLD'::bpchar)","Rows Removed by Filter": 29953,"Workers": []}]}]},{"Node Type": "Index Scan","Parent Relationship": "Inner","Parallel Aware": false,"Async Capable": false,"Scan Direction": "Forward","Index Name": "idx_lineitem_orderkey","Relation Name": "lineitem","Alias": "lineitem","Startup Cost": 0.43,"Total Cost": 1.44,"Plan Rows": 9,"Plan Width": 16,"Actual Startup Time": 0.007,"Actual Total Time": 0.007,"Actual Rows": 0,"Actual Loops": 145528,"Index Cond": "(l_orderkey = orders.o_orderkey)","Rows Removed by Index Recheck": 0,"Filter": "(l_shipdate > '1995-03-18'::date)","Rows Removed by Filter": 4,"Workers": []}]}]}]}]},"Planning Time": 5.362,"Triggers": [],"Execution Time": 542.743}]
[{"Plan": {"Node Type": "Sort","Parallel Aware": false,"Async Capable": false,"Startup Cost": 181891.75,"Total Cost": 182696.10,"Plan Rows": 321741,"Plan Width": 44,"Actual Startup Time": 534.949,"Actual Total Time": 545.735,"Actual Rows": 11416,"Actual Loops": 1,"Sort Key": ["(sum((lineitem.l_extendedprice * ('1'::numeric - lineitem.l_discount)))) DESC", "orders.o_orderdate"],"Sort Method": "quicksort","Sort Space Used": 1098,"Sort Space Type": "Memory","Plans": [{"Node Type": "Aggregate","Strategy": "Hashed","Partial Mode": "Simple","Parent Relationship": "Outer","Parallel Aware": false,"Async Capable": false,"Startup Cost": 148437.86,"Total Cost": 152459.62,"Plan Rows": 321741,"Plan Width": 44,"Actual Startup Time": 512.702,"Actual Total Time": 537.482,"Actual Rows": 11416,"Actual Loops": 1,"Group Key": ["lineitem.l_orderkey", "orders.o_orderdate", "orders.o_shippriority"],"Planned Partitions": 0,"HashAgg Batches": 1,"Peak Memory Usage": 20497,"Disk Usage": 0,"Plans": [{"Node Type": "Gather","Parent Relationship": "Outer","Parallel Aware": false,"Async Capable": false,"Startup Cost": 5526.18,"Total Cost": 143611.74,"Plan Rows": 321741,"Plan Width": 24,"Actual Startup Time": 32.163,"Actual Total Time": 492.113,"Actual Rows": 30309,"Actual Loops": 1,"Workers Planned": 3,"Workers Launched": 3,"Single Copy": false,"Plans": [{"Node Type": "Nested Loop","Parent Relationship": "Outer","Parallel Aware": false,"Async Capable": false,"Join Type": "Inner","Startup Cost": 4526.18,"Total Cost": 110437.64,"Plan Rows": 103787,"Plan Width": 24,"Actual Startup Time": 24.927,"Actual Total Time": 495.608,"Actual Rows": 7577,"Actual Loops": 4,"Inner Unique": false,"Workers": [],"Plans": [{"Node Type": "Hash Join","Parent Relationship": "Outer","Parallel Aware": true,"Async Capable": false,"Join Type": "Inner","Startup Cost": 4525.75,"Total Cost": 37280.56,"Plan Rows": 47553,"Plan Width": 12,"Actual Startup Time": 24.658,"Actual Total Time": 214.694,"Actual Rows": 35915,"Actual Loops": 4,"Inner Unique": true,"Hash Cond": "(orders.o_custkey = customer.c_custkey)","Workers": [],"Plans": [{"Node Type": "Seq Scan","Parent Relationship": "Outer","Parallel Aware": true,"Async Capable": false,"Relation Name": "orders","Alias": "orders","Startup Cost": 0.00,"Total Cost": 32143.39,"Plan Rows": 232913,"Plan Width": 16,"Actual Startup Time": 0.013,"Actual Total Time": 140.708,"Actual Rows": 179945,"Actual Loops": 4,"Filter": "(o_orderdate < '1995-03-03'::date)","Rows Removed by Filter": 195055,"Workers": []},{"Node Type": "Hash","Parent Relationship": "Inner","Parallel Aware": true,"Async Capable": false,"Startup Cost": 4366.25,"Total Cost": 4366.25,"Plan Rows": 12760,"Plan Width": 4,"Actual Startup Time": 24.160,"Actual Total Time": 24.165,"Actual Rows": 7492,"Actual Loops": 4,"Hash Buckets": 32768,"Original Hash Buckets": 32768,"Hash Batches": 1,"Original Hash Batches": 1,"Peak Memory Usage": 1504,"Workers": [],"Plans": [{"Node Type": "Seq Scan","Parent Relationship": "Outer","Parallel Aware": true,"Async Capable": false,"Relation Name": "customer","Alias": "customer","Startup Cost": 0.00,"Total Cost": 4366.25,"Plan Rows": 12760,"Plan Width": 4,"Actual Startup Time": 0.043,"Actual Total Time": 20.649,"Actual Rows": 7492,"Actual Loops": 4,"Filter": "(c_mktsegment = 'FURNITURE'::bpchar)","Rows Removed by Filter": 30008,"Workers": []}]}]},{"Node Type": "Index Scan","Parent Relationship": "Inner","Parallel Aware": false,"Async Capable": false,"Scan Direction": "Forward","Index Name": "idx_lineitem_orderkey","Relation Name": "lineitem","Alias": "lineitem","Startup Cost": 0.43,"Total Cost": 1.45,"Plan Rows": 9,"Plan Width": 16,"Actual Startup Time": 0.007,"Actual Total Time": 0.008,"Actual Rows": 0,"Actual Loops": 143659,"Index Cond": "(l_orderkey = orders.o_orderkey)","Rows Removed by Index Recheck": 0,"Filter": "(l_shipdate > '1995-03-03'::date)","Rows Removed by Filter": 4,"Workers": []}]}]}]}]},"Planning Time": 4.951,"Triggers": [],"Execution Time": 559.274}]
[{"Plan": {"Node Type": "Sort","Parallel Aware": false,"Async Capable": false,"Startup Cost": 178112.73,"Total Cost": 178891.52,"Plan Rows": 311518,"Plan Width": 44,"Actual Startup Time": 522.934,"Actual Total Time": 532.373,"Actual Rows": 11417,"Actual Loops": 1,"Sort Key": ["(sum((lineitem.l_extendedprice * ('1'::numeric - lineitem.l_discount)))) DESC", "orders.o_orderdate"],"Sort Method": "quicksort","Sort Space Used": 1098,"Sort Space Type": "Memory","Plans": [{"Node Type": "Aggregate","Strategy": "Hashed","Partial Mode": "Simple","Parent Relationship": "Outer","Parallel Aware": false,"Async Capable": false,"Startup Cost": 145794.36,"Total Cost": 149688.34,"Plan Rows": 311518,"Plan Width": 44,"Actual Startup Time": 500.103,"Actual Total Time": 524.055,"Actual Rows": 11417,"Actual Loops": 1,"Group Key": ["lineitem.l_orderkey", "orders.o_orderdate", "orders.o_shippriority"],"Planned Partitions": 0,"HashAgg Batches": 1,"Peak Memory Usage": 20497,"Disk Usage": 0,"Plans": [{"Node Type": "Gather","Parent Relationship": "Outer","Parallel Aware": false,"Async Capable": false,"Startup Cost": 5521.08,"Total Cost": 141121.59,"Plan Rows": 311518,"Plan Width": 24,"Actual Startup Time": 28.957,"Actual Total Time": 477.488,"Actual Rows": 30067,"Actual Loops": 1,"Workers Planned": 3,"Workers Launched": 3,"Single Copy": false,"Plans": [{"Node Type": "Nested Loop","Parent Relationship": "Outer","Parallel Aware": false,"Async Capable": false,"Join Type": "Inner","Startup Cost": 4521.08,"Total Cost": 108969.79,"Plan Rows": 100490,"Plan Width": 24,"Actual Startup Time": 21.979,"Actual Total Time": 483.547,"Actual Rows": 7517,"Actual Loops": 4,"Inner Unique": false,"Workers": [],"Plans": [{"Node Type": "Hash Join","Parent Relationship": "Outer","Parallel Aware": true,"Async Capable": false,"Join Type": "Inner","Startup Cost": 4520.65,"Total Cost": 37288.77,"Plan Rows": 47034,"Plan Width": 12,"Actual Startup Time": 21.556,"Actual Total Time": 204.904,"Actual Rows": 36530,"Actual Loops": 4,"Inner Unique": true,"Hash Cond": "(orders.o_custkey = customer.c_custkey)","Workers": [],"Plans": [{"Node Type": "Seq Scan","Parent Relationship": "Outer","Parallel Aware": true,"Async Capable": false,"Relation Name": "orders","Alias": "orders","Startup Cost": 0.00,"Total Cost": 32143.39,"Plan Rows": 237986,"Plan Width": 16,"Actual Startup Time": 0.013,"Actual Total Time": 137.866,"Actual Rows": 183693,"Actual Loops": 4,"Filter": "(o_orderdate < '1995-03-27'::date)","Rows Removed by Filter": 191307,"Workers": []},{"Node Type": "Hash","Parent Relationship": "Inner","Parallel Aware": true,"Async Capable": false,"Startup Cost": 4366.25,"Total Cost": 4366.25,"Plan Rows": 12352,"Plan Width": 4,"Actual Startup Time": 21.074,"Actual Total Time": 21.079,"Actual Rows": 7438,"Actual Loops": 4,"Hash Buckets": 32768,"Original Hash Buckets": 32768,"Hash Batches": 1,"Original Hash Batches": 1,"Peak Memory Usage": 1504,"Workers": [],"Plans": [{"Node Type": "Seq Scan","Parent Relationship": "Outer","Parallel Aware": true,"Async Capable": false,"Relation Name": "customer","Alias": "customer","Startup Cost": 0.00,"Total Cost": 4366.25,"Plan Rows": 12352,"Plan Width": 4,"Actual Startup Time": 0.040,"Actual Total Time": 18.187,"Actual Rows": 7438,"Actual Loops": 4,"Filter": "(c_mktsegment = 'AUTOMOBILE'::bpchar)","Rows Removed by Filter": 30062,"Workers": []}]}]},{"Node Type": "Index Scan","Parent Relationship": "Inner","Parallel Aware": false,"Async Capable": false,"Scan Direction": "Forward","Index Name": "idx_lineitem_orderkey","Relation Name": "lineitem","Alias": "lineitem","Startup Cost": 0.43,"Total Cost": 1.43,"Plan Rows": 9,"Plan Width": 16,"Actual Startup Time": 0.007,"Actual Total Time": 0.007,"Actual Rows": 0,"Actual Loops": 146120,"Index Cond": "(l_orderkey = orders.o_orderkey)","Rows Removed by Index Recheck": 0,"Filter": "(l_shipdate > '1995-03-27'::date)","Rows Removed by Filter": 4,"Workers": []}]}]}]}]},"Planning Time": 5.540,"Triggers": [],"Execution Time": 546.810}]
[{"Plan": {"Node Type": "Sort","Parallel Aware": false,"Async Capable": false,"Startup Cost": 179874.66,"Total Cost": 180662.90,"Plan Rows": 315298,"Plan Width": 44,"Actual Startup Time": 523.122,"Actual Total Time": 534.243,"Actual Rows": 11368,"Actual Loops": 1,"Sort Key": ["(sum((lineitem.l_extendedprice * ('1'::numeric - lineitem.l_discount)))) DESC", "orders.o_orderdate"],"Sort Method": "quicksort","Sort Space Used": 1095,"Sort Space Type": "Memory","Plans": [{"Node Type": "Aggregate","Strategy": "Hashed","Partial Mode": "Simple","Parent Relationship": "Outer","Parallel Aware": false,"Async Capable": false,"Startup Cost": 147136.70,"Total Cost": 151077.93,"Plan Rows": 315298,"Plan Width": 44,"Actual Startup Time": 500.257,"Actual Total Time": 526.763,"Actual Rows": 11368,"Actual Loops": 1,"Group Key": ["lineitem.l_orderkey", "orders.o_orderdate", "orders.o_shippriority"],"Planned Partitions": 0,"HashAgg Batches": 1,"Peak Memory Usage": 20497,"Disk Usage": 0,"Plans": [{"Node Type": "Gather","Parent Relationship": "Outer","Parallel Aware": false,"Async Capable": false,"Startup Cost": 5522.96,"Total Cost": 142407.23,"Plan Rows": 315298,"Plan Width": 24,"Actual Startup Time": 30.850,"Actual Total Time": 480.538,"Actual Rows": 30122,"Actual Loops": 1,"Workers Planned": 3,"Workers Launched": 3,"Single Copy": false,"Plans": [{"Node Type": "Nested Loop","Parent Relationship": "Outer","Parallel Aware": false,"Async Capable": false,"Join Type": "Inner","Startup Cost": 4522.96,"Total Cost": 109877.43,"Plan Rows": 101709,"Plan Width": 24,"Actual Startup Time": 23.598,"Actual Total Time": 483.416,"Actual Rows": 7530,"Actual Loops": 4,"Inner Unique": false,"Workers": [],"Plans": [{"Node Type": "Hash Join","Parent Relationship": "Outer","Parallel Aware": true,"Async Capable": false,"Join Type": "Inner","Startup Cost": 4522.52,"Total Cost": 37291.19,"Plan Rows": 47646,"Plan Width": 12,"Actual Startup Time": 23.474,"Actual Total Time": 206.199,"Actual Rows": 36692,"Actual Loops": 4,"Inner Unique": true,"Hash Cond": "(orders.o_custkey = customer.c_custkey)","Workers": [],"Plans": [{"Node Type": "Seq Scan","Parent Relationship": "Outer","Parallel Aware": true,"Async Capable": false,"Relation Name": "orders","Alias": "orders","Startup Cost": 0.00,"Total Cost": 32143.39,"Plan Rows": 238193,"Plan Width": 16,"Actual Startup Time": 0.012,"Actual Total Time": 137.114,"Actual Rows": 183845,"Actual Loops": 4,"Filter": "(o_orderdate < '1995-03-28'::date)","Rows Removed by Filter": 191155,"Workers": []},{"Node Type": "Hash","Parent Relationship": "Inner","Parallel Aware": true,"Async Capable": false,"Startup Cost": 4366.25,"Total Cost": 4366.25,"Plan Rows": 12502,"Plan Width": 4,"Actual Startup Time": 23.007,"Actual Total Time": 23.012,"Actual Rows": 7547,"Actual Loops": 4,"Hash Buckets": 32768,"Original Hash Buckets": 32768,"Hash Batches": 1,"Original Hash Batches": 1,"Peak Memory Usage": 1504,"Workers": [],"Plans": [{"Node Type": "Seq Scan","Parent Relationship": "Outer","Parallel Aware": true,"Async Capable": false,"Relation Name": "customer","Alias": "customer","Startup Cost": 0.00,"Total Cost": 4366.25,"Plan Rows": 12502,"Plan Width": 4,"Actual Startup Time": 0.035,"Actual Total Time": 19.918,"Actual Rows": 7547,"Actual Loops": 4,"Filter": "(c_mktsegment = 'HOUSEHOLD'::bpchar)","Rows Removed by Filter": 29953,"Workers": []}]}]},{"Node Type": "Index Scan","Parent Relationship": "Inner","Parallel Aware": false,"Async Capable": false,"Scan Direction": "Forward","Index Name": "idx_lineitem_orderkey","Relation Name": "lineitem","Alias": "lineitem","Startup Cost": 0.43,"Total Cost": 1.43,"Plan Rows": 9,"Plan Width": 16,"Actual Startup Time": 0.007,"Actual Total Time": 0.007,"Actual Rows": 0,"Actual Loops": 146767,"Index Cond": "(l_orderkey = orders.o_orderkey)","Rows Removed by Index Recheck": 0,"Filter": "(l_shipdate > '1995-03-28'::date)","Rows Removed by Filter": 4,"Workers": []}]}]}]}]},"Planning Time": 5.278,"Triggers": [],"Execution Time": 548.807}]
[{"Plan": {"Node Type": "Sort","Parallel Aware": false,"Async Capable": false,"Startup Cost": 179499.68,"Total Cost": 180288.09,"Plan Rows": 315364,"Plan Width": 44,"Actual Startup Time": 543.202,"Actual Total Time": 553.432,"Actual Rows": 11404,"Actual Loops": 1,"Sort Key": ["(sum((lineitem.l_extendedprice * ('1'::numeric - lineitem.l_discount)))) DESC", "orders.o_orderdate"],"Sort Method": "quicksort","Sort Space Used": 1097,"Sort Space Type": "Memory","Plans": [{"Node Type": "Aggregate","Strategy": "Hashed","Partial Mode": "Simple","Parent Relationship": "Outer","Parallel Aware": false,"Async Capable": false,"Startup Cost": 146754.40,"Total Cost": 150696.45,"Plan Rows": 315364,"Plan Width": 44,"Actual Startup Time": 521.482,"Actual Total Time": 544.009,"Actual Rows": 11404,"Actual Loops": 1,"Group Key": ["lineitem.l_orderkey", "orders.o_orderdate", "orders.o_shippriority"],"Planned Partitions": 0,"HashAgg Batches": 1,"Peak Memory Usage": 20497,"Disk Usage": 0,"Plans": [{"Node Type": "Gather","Parent Relationship": "Outer","Parallel Aware": false,"Async Capable": false,"Startup Cost": 5522.96,"Total Cost": 142023.94,"Plan Rows": 315364,"Plan Width": 24,"Actual Startup Time": 33.324,"Actual Total Time": 496.583,"Actual Rows": 30279,"Actual Loops": 1,"Workers Planned": 3,"Workers Launched": 3,"Single Copy": false,"Plans": [{"Node Type": "Nested Loop","Parent Relationship": "Outer","Parallel Aware": false,"Async Capable": false,"Join Type": "Inner","Startup Cost": 4522.96,"Total Cost": 109487.54,"Plan Rows": 101730,"Plan Width": 24,"Actual Startup Time": 26.247,"Actual Total Time": 503.868,"Actual Rows": 7570,"Actual Loops": 4,"Inner Unique": false,"Workers": [],"Plans": [{"Node Type": "Hash Join","Parent Relationship": "Outer","Parallel Aware": true,"Async Capable": false,"Join Type": "Inner","Startup Cost": 4522.52,"Total Cost": 37285.33,"Plan Rows": 47200,"Plan Width": 12,"Actual Startup Time": 26.131,"Actual Total Time": 219.913,"Actual Rows": 36349,"Actual Loops": 4,"Inner Unique": true,"Hash Cond": "(orders.o_custkey = customer.c_custkey)","Workers": [],"Plans": [{"Node Type": "Seq Scan","Parent Relationship": "Outer","Parallel Aware": true,"Async Capable": false,"Relation Name": "orders","Alias": "orders","Startup Cost": 0.00,"Total Cost": 32143.39,"Plan Rows": 235959,"Plan Width": 16,"Actual Startup Time": 0.010,"Actual Total Time": 142.094,"Actual Rows": 182140,"Actual Loops": 4,"Filter": "(o_orderdate < '1995-03-17'::date)","Rows Removed by Filter": 192860,"Workers": []},{"Node Type": "Hash","Parent Relationship": "Inner","Parallel Aware": true,"Async Capable": false,"Startup Cost": 4366.25,"Total Cost": 4366.25,"Plan Rows": 12502,"Plan Width": 4,"Actual Startup Time": 25.650,"Actual Total Time": 25.656,"Actual Rows": 7547,"Actual Loops": 4,"Hash Buckets": 32768,"Original Hash Buckets": 32768,"Hash Batches": 1,"Original Hash Batches": 1,"Peak Memory Usage": 1472,"Workers": [],"Plans": [{"Node Type": "Seq Scan","Parent Relationship": "Outer","Parallel Aware": true,"Async Capable": false,"Relation Name": "customer","Alias": "customer","Startup Cost": 0.00,"Total Cost": 4366.25,"Plan Rows": 12502,"Plan Width": 4,"Actual Startup Time": 0.048,"Actual Total Time": 21.737,"Actual Rows": 7547,"Actual Loops": 4,"Filter": "(c_mktsegment = 'HOUSEHOLD'::bpchar)","Rows Removed by Filter": 29953,"Workers": []}]}]},{"Node Type": "Index Scan","Parent Relationship": "Inner","Parallel Aware": false,"Async Capable": false,"Scan Direction": "Forward","Index Name": "idx_lineitem_orderkey","Relation Name": "lineitem","Alias": "lineitem","Startup Cost": 0.43,"Total Cost": 1.44,"Plan Rows": 9,"Plan Width": 16,"Actual Startup Time": 0.007,"Actual Total Time": 0.008,"Actual Rows": 0,"Actual Loops": 145395,"Index Cond": "(l_orderkey = orders.o_orderkey)","Rows Removed by Index Recheck": 0,"Filter": "(l_shipdate > '1995-03-17'::date)","Rows Removed by Filter": 4,"Workers": []}]}]}]}]},"Planning Time": 5.416,"Triggers": [],"Execution Time": 566.004}]
[{"Plan": {"Node Type": "Sort","Parallel Aware": false,"Async Capable": false,"Startup Cost": 177753.19,"Total Cost": 178534.10,"Plan Rows": 312363,"Plan Width": 44,"Actual Startup Time": 523.457,"Actual Total Time": 534.343,"Actual Rows": 11628,"Actual Loops": 1,"Sort Key": ["(sum((lineitem.l_extendedprice * ('1'::numeric - lineitem.l_discount)))) DESC", "orders.o_orderdate"],"Sort Method": "quicksort","Sort Space Used": 1111,"Sort Space Type": "Memory","Plans": [{"Node Type": "Aggregate","Strategy": "Hashed","Partial Mode": "Simple","Parent Relationship": "Outer","Parallel Aware": false,"Async Capable": false,"Startup Cost": 145341.05,"Total Cost": 149245.59,"Plan Rows": 312363,"Plan Width": 44,"Actual Startup Time": 500.270,"Actual Total Time": 526.935,"Actual Rows": 11628,"Actual Loops": 1,"Group Key": ["lineitem.l_orderkey", "orders.o_orderdate", "orders.o_shippriority"],"Planned Partitions": 0,"HashAgg Batches": 1,"Peak Memory Usage": 20497,"Disk Usage": 0,"Plans": [{"Node Type": "Gather","Parent Relationship": "Outer","Parallel Aware": false,"Async Capable": false,"Startup Cost": 5521.58,"Total Cost": 140655.61,"Plan Rows": 312363,"Plan Width": 24,"Actual Startup Time": 30.236,"Actual Total Time": 479.199,"Actual Rows": 30604,"Actual Loops": 1,"Workers Planned": 3,"Workers Launched": 3,"Single Copy": false,"Plans": [{"Node Type": "Nested Loop","Parent Relationship": "Outer","Parallel Aware": false,"Async Capable": false,"Join Type": "Inner","Startup Cost": 4521.58,"Total Cost": 108419.31,"Plan Rows": 100762,"Plan Width": 24,"Actual Startup Time": 23.202,"Actual Total Time": 483.668,"Actual Rows": 7651,"Actual Loops": 4,"Inner Unique": false,"Workers": [],"Plans": [{"Node Type": "Hash Join","Parent Relationship": "Outer","Parallel Aware": true,"Async Capable": false,"Join Type": "Inner","Startup Cost": 4521.15,"Total Cost": 37277.46,"Plan Rows": 46293,"Plan Width": 12,"Actual Startup Time": 23.018,"Actual Total Time": 206.800,"Actual Rows": 36488,"Actual Loops": 4,"Inner Unique": true,"Hash Cond": "(orders.o_custkey = customer.c_custkey)","Workers": [],"Plans": [{"Node Type": "Seq Scan","Parent Relationship": "Outer","Parallel Aware": true,"Async Capable": false,"Relation Name": "orders","Alias": "orders","Startup Cost": 0.00,"Total Cost": 32143.39,"Plan Rows": 233486,"Plan Width": 16,"Actual Startup Time": 0.016,"Actual Total Time": 137.698,"Actual Rows": 180414,"Actual Loops": 4,"Filter": "(o_orderdate < '1995-03-06'::date)","Rows Removed by Filter": 194586,"Workers": []},{"Node Type": "Hash","Parent Relationship": "Inner","Parallel Aware": true,"Async Capable": false,"Startup Cost": 4366.25,"Total Cost": 4366.25,"Plan Rows": 12392,"Plan Width": 4,"Actual Startup Time": 22.547,"Actual Total Time": 22.550,"Actual Rows": 7536,"Actual Loops": 4,"Hash Buckets": 32768,"Original Hash Buckets": 32768,"Hash Batches": 1,"Original Hash Batches": 1,"Peak Memory Usage": 1504,"Workers": [],"Plans": [{"Node Type": "Seq Scan","Parent Relationship": "Outer","Parallel Aware": true,"Async Capable": false,"Relation Name": "customer","Alias": "customer","Startup Cost": 0.00,"Total Cost": 4366.25,"Plan Rows": 12392,"Plan Width": 4,"Actual Startup Time": 0.042,"Actual Total Time": 19.442,"Actual Rows": 7536,"Actual Loops": 4,"Filter": "(c_mktsegment = 'BUILDING'::bpchar)","Rows Removed by Filter": 29964,"Workers": []}]}]},{"Node Type": "Index Scan","Parent Relationship": "Inner","Parallel Aware": false,"Async Capable": false,"Scan Direction": "Forward","Index Name": "idx_lineitem_orderkey","Relation Name": "lineitem","Alias": "lineitem","Startup Cost": 0.43,"Total Cost": 1.45,"Plan Rows": 9,"Plan Width": 16,"Actual Startup Time": 0.007,"Actual Total Time": 0.007,"Actual Rows": 0,"Actual Loops": 145950,"Index Cond": "(l_orderkey = orders.o_orderkey)","Rows Removed by Index Recheck": 0,"Filter": "(l_shipdate > '1995-03-06'::date)","Rows Removed by Filter": 4,"Workers": []}]}]}]}]},"Planning Time": 6.304,"Triggers": [],"Execution Time": 548.235}]
[{"Plan": {"Node Type": "Sort","Parallel Aware": false,"Async Capable": false,"Startup Cost": 179622.82,"Total Cost": 180411.08,"Plan Rows": 315305,"Plan Width": 44,"Actual Startup Time": 515.747,"Actual Total Time": 525.143,"Actual Rows": 11384,"Actual Loops": 1,"Sort Key": ["(sum((lineitem.l_extendedprice * ('1'::numeric - lineitem.l_discount)))) DESC", "orders.o_orderdate"],"Sort Method": "quicksort","Sort Space Used": 1096,"Sort Space Type": "Memory","Plans": [{"Node Type": "Aggregate","Strategy": "Hashed","Partial Mode": "Simple","Parent Relationship": "Outer","Parallel Aware": false,"Async Capable": false,"Startup Cost": 146884.09,"Total Cost": 150825.40,"Plan Rows": 315305,"Plan Width": 44,"Actual Startup Time": 493.657,"Actual Total Time": 516.993,"Actual Rows": 11384,"Actual Loops": 1,"Group Key": ["lineitem.l_orderkey", "orders.o_orderdate", "orders.o_shippriority"],"Planned Partitions": 0,"HashAgg Batches": 1,"Peak Memory Usage": 20497,"Disk Usage": 0,"Plans": [{"Node Type": "Gather","Parent Relationship": "Outer","Parallel Aware": false,"Async Capable": false,"Startup Cost": 5522.96,"Total Cost": 142154.51,"Plan Rows": 315305,"Plan Width": 24,"Actual Startup Time": 30.376,"Actual Total Time": 471.316,"Actual Rows": 30227,"Actual Loops": 1,"Workers Planned": 3,"Workers Launched": 3,"Single Copy": false,"Plans": [{"Node Type": "Nested Loop","Parent Relationship": "Outer","Parallel Aware": false,"Async Capable": false,"Join Type": "Inner","Startup Cost": 4522.96,"Total Cost": 109624.01,"Plan Rows": 101711,"Plan Width": 24,"Actual Startup Time": 23.216,"Actual Total Time": 477.196,"Actual Rows": 7557,"Actual Loops": 4,"Inner Unique": false,"Workers": [],"Plans": [{"Node Type": "Hash Join","Parent Relationship": "Outer","Parallel Aware": true,"Async Capable": false,"Join Type": "Inner","Startup Cost": 4522.52,"Total Cost": 37287.38,"Plan Rows": 47356,"Plan Width": 12,"Actual Startup Time": 23.096,"Actual Total Time": 204.772,"Actual Rows": 36478,"Actual Loops": 4,"Inner Unique": true,"Hash Cond": "(orders.o_custkey = customer.c_custkey)","Workers": [],"Plans": [{"Node Type": "Seq Scan","Parent Relationship": "Outer","Parallel Aware": true,"Async Capable": false,"Relation Name": "orders","Alias": "orders","Startup Cost": 0.00,"Total Cost": 32143.39,"Plan Rows": 236740,"Plan Width": 16,"Actual Startup Time": 0.012,"Actual Total Time": 135.713,"Actual Rows": 182768,"Actual Loops": 4,"Filter": "(o_orderdate < '1995-03-21'::date)","Rows Removed by Filter": 192232,"Workers": []},{"Node Type": "Hash","Parent Relationship": "Inner","Parallel Aware": true,"Async Capable": false,"Startup Cost": 4366.25,"Total Cost": 4366.25,"Plan Rows": 12502,"Plan Width": 4,"Actual Startup Time": 22.621,"Actual Total Time": 22.626,"Actual Rows": 7547,"Actual Loops": 4,"Hash Buckets": 32768,"Original Hash Buckets": 32768,"Hash Batches": 1,"Original Hash Batches": 1,"Peak Memory Usage": 1536,"Workers": [],"Plans": [{"Node Type": "Seq Scan","Parent Relationship": "Outer","Parallel Aware": true,"Async Capable": false,"Relation Name": "customer","Alias": "customer","Startup Cost": 0.00,"Total Cost": 4366.25,"Plan Rows": 12502,"Plan Width": 4,"Actual Startup Time": 0.042,"Actual Total Time": 19.512,"Actual Rows": 7547,"Actual Loops": 4,"Filter": "(c_mktsegment = 'HOUSEHOLD'::bpchar)","Rows Removed by Filter": 29953,"Workers": []}]}]},{"Node Type": "Index Scan","Parent Relationship": "Inner","Parallel Aware": false,"Async Capable": false,"Scan Direction": "Forward","Index Name": "idx_lineitem_orderkey","Relation Name": "lineitem","Alias": "lineitem","Startup Cost": 0.43,"Total Cost": 1.44,"Plan Rows": 9,"Plan Width": 16,"Actual Startup Time": 0.007,"Actual Total Time": 0.007,"Actual Rows": 0,"Actual Loops": 145911,"Index Cond": "(l_orderkey = orders.o_orderkey)","Rows Removed by Index Recheck": 0,"Filter": "(l_shipdate > '1995-03-21'::date)","Rows Removed by Filter": 4,"Workers": []}]}]}]}]},"Planning Time": 5.717,"Triggers": [],"Execution Time": 537.484}]
[{"Plan": {"Node Type": "Sort","Parallel Aware": false,"Async Capable": false,"Startup Cost": 182556.38,"Total Cost": 183360.93,"Plan Rows": 321819,"Plan Width": 44,"Actual Startup Time": 517.367,"Actual Total Time": 529.439,"Actual Rows": 11439,"Actual Loops": 1,"Sort Key": ["(sum((lineitem.l_extendedprice * ('1'::numeric - lineitem.l_discount)))) DESC", "orders.o_orderdate"],"Sort Method": "quicksort","Sort Space Used": 1099,"Sort Space Type": "Memory","Plans": [{"Node Type": "Aggregate","Strategy": "Hashed","Partial Mode": "Simple","Parent Relationship": "Outer","Parallel Aware": false,"Async Capable": false,"Startup Cost": 149093.82,"Total Cost": 153116.55,"Plan Rows": 321819,"Plan Width": 44,"Actual Startup Time": 495.463,"Actual Total Time": 522.278,"Actual Rows": 11439,"Actual Loops": 1,"Group Key": ["lineitem.l_orderkey", "orders.o_orderdate", "orders.o_shippriority"],"Planned Partitions": 0,"HashAgg Batches": 1,"Peak Memory Usage": 20497,"Disk Usage": 0,"Plans": [{"Node Type": "Gather","Parent Relationship": "Outer","Parallel Aware": false,"Async Capable": false,"Startup Cost": 5526.18,"Total Cost": 144266.53,"Plan Rows": 321819,"Plan Width": 24,"Actual Startup Time": 29.772,"Actual Total Time": 476.664,"Actual Rows": 30285,"Actual Loops": 1,"Workers Planned": 3,"Workers Launched": 3,"Single Copy": false,"Plans": [{"Node Type": "Nested Loop","Parent Relationship": "Outer","Parallel Aware": false,"Async Capable": false,"Join Type": "Inner","Startup Cost": 4526.18,"Total Cost": 111084.63,"Plan Rows": 103813,"Plan Width": 24,"Actual Startup Time": 23.053,"Actual Total Time": 479.398,"Actual Rows": 7571,"Actual Loops": 4,"Inner Unique": false,"Workers": [],"Plans": [{"Node Type": "Hash Join","Parent Relationship": "Outer","Parallel Aware": true,"Async Capable": false,"Join Type": "Inner","Startup Cost": 4525.75,"Total Cost": 37290.06,"Plan Rows": 48292,"Plan Width": 12,"Actual Startup Time": 22.849,"Actual Total Time": 204.689,"Actual Rows": 36445,"Actual Loops": 4,"Inner Unique": true,"Hash Cond": "(orders.o_custkey = customer.c_custkey)","Workers": [],"Plans": [{"Node Type": "Seq Scan","Parent Relationship": "Outer","Parallel Aware": true,"Async Capable": false,"Relation Name": "orders","Alias": "orders","Startup Cost": 0.00,"Total Cost": 32143.39,"Plan Rows": 236532,"Plan Width": 16,"Actual Startup Time": 0.013,"Actual Total Time": 137.382,"Actual Rows": 182617,"Actual Loops": 4,"Filter": "(o_orderdate < '1995-03-20'::date)","Rows Removed by Filter": 192383,"Workers": []},{"Node Type": "Hash","Parent Relationship": "Inner","Parallel Aware": true,"Async Capable": false,"Startup Cost": 4366.25,"Total Cost": 4366.25,"Plan Rows": 12760,"Plan Width": 4,"Actual Startup Time": 22.380,"Actual Total Time": 22.385,"Actual Rows": 7492,"Actual Loops": 4,"Hash Buckets": 32768,"Original Hash Buckets": 32768,"Hash Batches": 1,"Original Hash Batches": 1,"Peak Memory Usage": 1504,"Workers": [],"Plans": [{"Node Type": "Seq Scan","Parent Relationship": "Outer","Parallel Aware": true,"Async Capable": false,"Relation Name": "customer","Alias": "customer","Startup Cost": 0.00,"Total Cost": 4366.25,"Plan Rows": 12760,"Plan Width": 4,"Actual Startup Time": 0.027,"Actual Total Time": 19.359,"Actual Rows": 7492,"Actual Loops": 4,"Filter": "(c_mktsegment = 'FURNITURE'::bpchar)","Rows Removed by Filter": 30008,"Workers": []}]}]},{"Node Type": "Index Scan","Parent Relationship": "Inner","Parallel Aware": false,"Async Capable": false,"Scan Direction": "Forward","Index Name": "idx_lineitem_orderkey","Relation Name": "lineitem","Alias": "lineitem","Startup Cost": 0.43,"Total Cost": 1.44,"Plan Rows": 9,"Plan Width": 16,"Actual Startup Time": 0.007,"Actual Total Time": 0.007,"Actual Rows": 0,"Actual Loops": 145780,"Index Cond": "(l_orderkey = orders.o_orderkey)","Rows Removed by Index Recheck": 0,"Filter": "(l_shipdate > '1995-03-20'::date)","Rows Removed by Filter": 4,"Workers": []}]}]}]}]},"Planning Time": 6.662,"Triggers": [],"Execution Time": 543.603}]
[{"Plan": {"Node Type": "Sort","Parallel Aware": false,"Async Capable": false,"Startup Cost": 178879.12,"Total Cost": 179667.32,"Plan Rows": 315277,"Plan Width": 44,"Actual Startup Time": 533.946,"Actual Total Time": 543.696,"Actual Rows": 11470,"Actual Loops": 1,"Sort Key": ["(sum((lineitem.l_extendedprice * ('1'::numeric - lineitem.l_discount)))) DESC", "orders.o_orderdate"],"Sort Method": "quicksort","Sort Space Used": 1101,"Sort Space Type": "Memory","Plans": [{"Node Type": "Aggregate","Strategy": "Hashed","Partial Mode": "Simple","Parent Relationship": "Outer","Parallel Aware": false,"Async Capable": false,"Startup Cost": 146143.50,"Total Cost": 150084.46,"Plan Rows": 315277,"Plan Width": 44,"Actual Startup Time": 511.083,"Actual Total Time": 535.492,"Actual Rows": 11470,"Actual Loops": 1,"Group Key": ["lineitem.l_orderkey", "orders.o_orderdate", "orders.o_shippriority"],"Planned Partitions": 0,"HashAgg Batches": 1,"Peak Memory Usage": 20497,"Disk Usage": 0,"Plans": [{"Node Type": "Gather","Parent Relationship": "Outer","Parallel Aware": false,"Async Capable": false,"Startup Cost": 5522.96,"Total Cost": 141414.35,"Plan Rows": 315277,"Plan Width": 24,"Actual Startup Time": 33.802,"Actual Total Time": 486.334,"Actual Rows": 30458,"Actual Loops": 1,"Workers Planned": 3,"Workers Launched": 3,"Single Copy": false,"Plans": [{"Node Type": "Nested Loop","Parent Relationship": "Outer","Parallel Aware": false,"Async Capable": false,"Join Type": "Inner","Startup Cost": 4522.96,"Total Cost": 108886.65,"Plan Rows": 101702,"Plan Width": 24,"Actual Startup Time": 26.939,"Actual Total Time": 494.112,"Actual Rows": 7614,"Actual Loops": 4,"Inner Unique": false,"Workers": [],"Plans": [{"Node Type": "Hash Join","Parent Relationship": "Outer","Parallel Aware": true,"Async Capable": false,"Join Type": "Inner","Startup Cost": 4522.52,"Total Cost": 37276.33,"Plan Rows": 46514,"Plan Width": 12,"Actual Startup Time": 26.756,"Actual Total Time": 220.873,"Actual Rows": 35854,"Actual Loops": 4,"Inner Unique": true,"Hash Cond": "(orders.o_custkey = customer.c_custkey)","Workers": [],"Plans": [{"Node Type": "Seq Scan","Parent Relationship": "Outer","Parallel Aware": true,"Async Capable": false,"Relation Name": "orders","Alias": "orders","Startup Cost": 0.00,"Total Cost": 32143.39,"Plan Rows": 232531,"Plan Width": 16,"Actual Startup Time": 0.011,"Actual Total Time": 141.270,"Actual Rows": 179631,"Actual Loops": 4,"Filter": "(o_orderdate < '1995-03-01'::date)","Rows Removed by Filter": 195369,"Workers": []},{"Node Type": "Hash","Parent Relationship": "Inner","Parallel Aware": true,"Async Capable": false,"Startup Cost": 4366.25,"Total Cost": 4366.25,"Plan Rows": 12502,"Plan Width": 4,"Actual Startup Time": 26.335,"Actual Total Time": 26.339,"Actual Rows": 7547,"Actual Loops": 4,"Hash Buckets": 32768,"Original Hash Buckets": 32768,"Hash Batches": 1,"Original Hash Batches": 1,"Peak Memory Usage": 1504,"Workers": [],"Plans": [{"Node Type": "Seq Scan","Parent Relationship": "Outer","Parallel Aware": true,"Async Capable": false,"Relation Name": "customer","Alias": "customer","Startup Cost": 0.00,"Total Cost": 4366.25,"Plan Rows": 12502,"Plan Width": 4,"Actual Startup Time": 0.033,"Actual Total Time": 22.477,"Actual Rows": 7547,"Actual Loops": 4,"Filter": "(c_mktsegment = 'HOUSEHOLD'::bpchar)","Rows Removed by Filter": 29953,"Workers": []}]}]},{"Node Type": "Index Scan","Parent Relationship": "Inner","Parallel Aware": false,"Async Capable": false,"Scan Direction": "Forward","Index Name": "idx_lineitem_orderkey","Relation Name": "lineitem","Alias": "lineitem","Startup Cost": 0.43,"Total Cost": 1.45,"Plan Rows": 9,"Plan Width": 16,"Actual Startup Time": 0.007,"Actual Total Time": 0.007,"Actual Rows": 0,"Actual Loops": 143418,"Index Cond": "(l_orderkey = orders.o_orderkey)","Rows Removed by Index Recheck": 0,"Filter": "(l_shipdate > '1995-03-01'::date)","Rows Removed by Filter": 4,"Workers": []}]}]}]}]},"Planning Time": 6.688,"Triggers": [],"Execution Time": 555.905}]
[{"Plan": {"Node Type": "Sort","Parallel Aware": false,"Async Capable": false,"Startup Cost": 179780.09,"Total Cost": 180567.81,"Plan Rows": 315089,"Plan Width": 44,"Actual Startup Time": 548.603,"Actual Total Time": 563.596,"Actual Rows": 11270,"Actual Loops": 1,"Sort Key": ["(sum((lineitem.l_extendedprice * ('1'::numeric - lineitem.l_discount)))) DESC", "orders.o_orderdate"],"Sort Method": "quicksort","Sort Space Used": 1089,"Sort Space Type": "Memory","Plans": [{"Node Type": "Aggregate","Strategy": "Hashed","Partial Mode": "Simple","Parent Relationship": "Outer","Parallel Aware": false,"Async Capable": false,"Startup Cost": 147065.34,"Total Cost": 151003.95,"Plan Rows": 315089,"Plan Width": 44,"Actual Startup Time": 520.637,"Actual Total Time": 554.089,"Actual Rows": 11270,"Actual Loops": 1,"Group Key": ["lineitem.l_orderkey", "orders.o_orderdate", "orders.o_shippriority"],"Planned Partitions": 0,"HashAgg Batches": 1,"Peak Memory Usage": 20497,"Disk Usage": 0,"Plans": [{"Node Type": "Gather","Parent Relationship": "Outer","Parallel Aware": false,"Async Capable": false,"Startup Cost": 5522.86,"Total Cost": 142339.01,"Plan Rows": 315089,"Plan Width": 24,"Actual Startup Time": 33.470,"Actual Total Time": 497.888,"Actual Rows": 29828,"Actual Loops": 1,"Workers Planned": 3,"Workers Launched": 3,"Single Copy": false,"Plans": [{"Node Type": "Nested Loop","Parent Relationship": "Outer","Parallel Aware": false,"Async Capable": false,"Join Type": "Inner","Startup Cost": 4522.86,"Total Cost": 109830.11,"Plan Rows": 101642,"Plan Width": 24,"Actual Startup Time": 26.246,"Actual Total Time": 502.185,"Actual Rows": 7457,"Actual Loops": 4,"Inner Unique": false,"Workers": [],"Plans": [{"Node Type": "Hash Join","Parent Relationship": "Outer","Parallel Aware": true,"Async Capable": false,"Join Type": "Inner","Startup Cost": 4522.43,"Total Cost": 37291.09,"Plan Rows": 47615,"Plan Width": 12,"Actual Startup Time": 25.895,"Actual Total Time": 219.307,"Actual Rows": 36710,"Actual Loops": 4,"Inner Unique": true,"Hash Cond": "(orders.o_custkey = customer.c_custkey)","Workers": [],"Plans": [{"Node Type": "Seq Scan","Parent Relationship": "Outer","Parallel Aware": true,"Async Capable": false,"Relation Name": "orders","Alias": "orders","Startup Cost": 0.00,"Total Cost": 32143.39,"Plan Rows": 238193,"Plan Width": 16,"Actual Startup Time": 0.016,"Actual Total Time": 140.614,"Actual Rows": 183845,"Actual Loops": 4,"Filter": "(o_orderdate < '1995-03-28'::date)","Rows Removed by Filter": 191155,"Workers": []},{"Node Type": "Hash","Parent Relationship": "Inner","Parallel Aware": true,"Async Capable": false,"Startup Cost": 4366.25,"Total Cost": 4366.25,"Plan Rows": 12494,"Plan Width": 4,"Actual Startup Time": 25.410,"Actual Total Time": 25.416,"Actual Rows": 7487,"Actual Loops": 4,"Hash Buckets": 32768,"Original Hash Buckets": 32768,"Hash Batches": 1,"Original Hash Batches": 1,"Peak Memory Usage": 1472,"Workers": [],"Plans": [{"Node Type": "Seq Scan","Parent Relationship": "Outer","Parallel Aware": true,"Async Capable": false,"Relation Name": "customer","Alias": "customer","Startup Cost": 0.00,"Total Cost": 4366.25,"Plan Rows": 12494,"Plan Width": 4,"Actual Startup Time": 0.039,"Actual Total Time": 21.632,"Actual Rows": 7487,"Actual Loops": 4,"Filter": "(c_mktsegment = 'MACHINERY'::bpchar)","Rows Removed by Filter": 30013,"Workers": []}]}]},{"Node Type": "Index Scan","Parent Relationship": "Inner","Parallel Aware": false,"Async Capable": false,"Scan Direction": "Forward","Index Name": "idx_lineitem_orderkey","Relation Name": "lineitem","Alias": "lineitem","Startup Cost": 0.43,"Total Cost": 1.43,"Plan Rows": 9,"Plan Width": 16,"Actual Startup Time": 0.007,"Actual Total Time": 0.007,"Actual Rows": 0,"Actual Loops": 146838,"Index Cond": "(l_orderkey = orders.o_orderkey)","Rows Removed by Index Recheck": 0,"Filter": "(l_shipdate > '1995-03-28'::date)","Rows Removed by Filter": 4,"Workers": []}]}]}]}]},"Planning Time": 6.528,"Triggers": [],"Execution Time": 577.809}]
[{"Plan": {"Node Type": "Sort","Parallel Aware": false,"Async Capable": false,"Startup Cost": 182112.80,"Total Cost": 182916.58,"Plan Rows": 321511,"Plan Width": 44,"Actual Startup Time": 516.727,"Actual Total Time": 527.232,"Actual Rows": 11382,"Actual Loops": 1,"Sort Key": ["(sum((lineitem.l_extendedprice * ('1'::numeric - lineitem.l_discount)))) DESC", "orders.o_orderdate"],"Sort Method": "quicksort","Sort Space Used": 1096,"Sort Space Type": "Memory","Plans": [{"Node Type": "Aggregate","Strategy": "Hashed","Partial Mode": "Simple","Parent Relationship": "Outer","Parallel Aware": false,"Async Capable": false,"Startup Cost": 148684.48,"Total Cost": 152703.37,"Plan Rows": 321511,"Plan Width": 44,"Actual Startup Time": 494.602,"Actual Total Time": 520.266,"Actual Rows": 11382,"Actual Loops": 1,"Group Key": ["lineitem.l_orderkey", "orders.o_orderdate", "orders.o_shippriority"],"Planned Partitions": 0,"HashAgg Batches": 1,"Peak Memory Usage": 20497,"Disk Usage": 0,"Plans": [{"Node Type": "Gather","Parent Relationship": "Outer","Parallel Aware": false,"Async Capable": false,"Startup Cost": 5526.18,"Total Cost": 143861.82,"Plan Rows": 321511,"Plan Width": 24,"Actual Startup Time": 27.053,"Actual Total Time": 474.387,"Actual Rows": 30152,"Actual Loops": 1,"Workers Planned": 3,"Workers Launched": 3,"Single Copy": false,"Plans": [{"Node Type": "Nested Loop","Parent Relationship": "Outer","Parallel Aware": false,"Async Capable": false,"Join Type": "Inner","Startup Cost": 4526.18,"Total Cost": 110710.72,"Plan Rows": 103713,"Plan Width": 24,"Actual Startup Time": 20.702,"Actual Total Time": 478.805,"Actual Rows": 7538,"Actual Loops": 4,"Inner Unique": false,"Workers": [],"Plans": [{"Node Type": "Hash Join","Parent Relationship": "Outer","Parallel Aware": true,"Async Capable": false,"Join Type": "Inner","Startup Cost": 4525.75,"Total Cost": 37284.57,"Plan Rows": 47865,"Plan Width": 12,"Actual Startup Time": 20.504,"Actual Total Time": 203.939,"Actual Rows": 36156,"Actual Loops": 4,"Inner Unique": true,"Hash Cond": "(orders.o_custkey = customer.c_custkey)","Workers": [],"Plans": [{"Node Type": "Seq Scan","Parent Relationship": "Outer","Parallel Aware": true,"Async Capable": false,"Relation Name": "orders","Alias": "orders","Startup Cost": 0.00,"Total Cost": 32143.39,"Plan Rows": 234441,"Plan Width": 16,"Actual Startup Time": 0.011,"Actual Total Time": 138.791,"Actual Rows": 181190,"Actual Loops": 4,"Filter": "(o_orderdate < '1995-03-11'::date)","Rows Removed by Filter": 193810,"Workers": []},{"Node Type": "Hash","Parent Relationship": "Inner","Parallel Aware": true,"Async Capable": false,"Startup Cost": 4366.25,"Total Cost": 4366.25,"Plan Rows": 12760,"Plan Width": 4,"Actual Startup Time": 20.135,"Actual Total Time": 20.141,"Actual Rows": 7492,"Actual Loops": 4,"Hash Buckets": 32768,"Original Hash Buckets": 32768,"Hash Batches": 1,"Original Hash Batches": 1,"Peak Memory Usage": 1504,"Workers": [],"Plans": [{"Node Type": "Seq Scan","Parent Relationship": "Outer","Parallel Aware": true,"Async Capable": false,"Relation Name": "customer","Alias": "customer","Startup Cost": 0.00,"Total Cost": 4366.25,"Plan Rows": 12760,"Plan Width": 4,"Actual Startup Time": 0.035,"Actual Total Time": 17.145,"Actual Rows": 7492,"Actual Loops": 4,"Filter": "(c_mktsegment = 'FURNITURE'::bpchar)","Rows Removed by Filter": 30008,"Workers": []}]}]},{"Node Type": "Index Scan","Parent Relationship": "Inner","Parallel Aware": false,"Async Capable": false,"Scan Direction": "Forward","Index Name": "idx_lineitem_orderkey","Relation Name": "lineitem","Alias": "lineitem","Startup Cost": 0.43,"Total Cost": 1.44,"Plan Rows": 9,"Plan Width": 16,"Actual Startup Time": 0.007,"Actual Total Time": 0.007,"Actual Rows": 0,"Actual Loops": 144626,"Index Cond": "(l_orderkey = orders.o_orderkey)","Rows Removed by Index Recheck": 0,"Filter": "(l_shipdate > '1995-03-11'::date)","Rows Removed by Filter": 4,"Workers": []}]}]}]}]},"Planning Time": 7.049,"Triggers": [],"Execution Time": 540.388}]
[{"Plan": {"Node Type": "Sort","Parallel Aware": false,"Async Capable": false,"Startup Cost": 177643.48,"Total Cost": 178424.65,"Plan Rows": 312468,"Plan Width": 44,"Actual Startup Time": 545.393,"Actual Total Time": 556.336,"Actual Rows": 11601,"Actual Loops": 1,"Sort Key": ["(sum((lineitem.l_extendedprice * ('1'::numeric - lineitem.l_discount)))) DESC", "orders.o_orderdate"],"Sort Method": "quicksort","Sort Space Used": 1110,"Sort Space Type": "Memory","Plans": [{"Node Type": "Aggregate","Strategy": "Hashed","Partial Mode": "Simple","Parent Relationship": "Outer","Parallel Aware": false,"Async Capable": false,"Startup Cost": 145219.70,"Total Cost": 149125.55,"Plan Rows": 312468,"Plan Width": 44,"Actual Startup Time": 523.074,"Actual Total Time": 548.136,"Actual Rows": 11601,"Actual Loops": 1,"Group Key": ["lineitem.l_orderkey", "orders.o_orderdate", "orders.o_shippriority"],"Planned Partitions": 0,"HashAgg Batches": 1,"Peak Memory Usage": 20497,"Disk Usage": 0,"Plans": [{"Node Type": "Gather","Parent Relationship": "Outer","Parallel Aware": false,"Async Capable": false,"Startup Cost": 5521.58,"Total Cost": 140532.68,"Plan Rows": 312468,"Plan Width": 24,"Actual Startup Time": 32.689,"Actual Total Time": 499.632,"Actual Rows": 30573,"Actual Loops": 1,"Workers Planned": 3,"Workers Launched": 3,"Single Copy": false,"Plans": [{"Node Type": "Nested Loop","Parent Relationship": "Outer","Parallel Aware": false,"Async Capable": false,"Join Type": "Inner","Startup Cost": 4521.58,"Total Cost": 108285.88,"Plan Rows": 100796,"Plan Width": 24,"Actual Startup Time": 25.878,"Actual Total Time": 505.492,"Actual Rows": 7643,"Actual Loops": 4,"Inner Unique": false,"Workers": [],"Plans": [{"Node Type": "Hash Join","Parent Relationship": "Outer","Parallel Aware": true,"Async Capable": false,"Join Type": "Inner","Startup Cost": 4521.15,"Total Cost": 37275.45,"Plan Rows": 46141,"Plan Width": 12,"Actual Startup Time": 25.662,"Actual Total Time": 222.573,"Actual Rows": 36360,"Actual Loops": 4,"Inner Unique": true,"Hash Cond": "(orders.o_custkey = customer.c_custkey)","Workers": [],"Plans": [{"Node Type": "Seq Scan","Parent Relationship": "Outer","Parallel Aware": true,"Async Capable": false,"Relation Name": "orders","Alias": "orders","Startup Cost": 0.00,"Total Cost": 32143.39,"Plan Rows": 232722,"Plan Width": 16,"Actual Startup Time": 0.013,"Actual Total Time": 143.972,"Actual Rows": 179789,"Actual Loops": 4,"Filter": "(o_orderdate < '1995-03-02'::date)","Rows Removed by Filter": 195211,"Workers": []},{"Node Type": "Hash","Parent Relationship": "Inner","Parallel Aware": true,"Async Capable": false,"Startup Cost": 4366.25,"Total Cost": 4366.25,"Plan Rows": 12392,"Plan Width": 4,"Actual Startup Time": 25.240,"Actual Total Time": 25.243,"Actual Rows": 7536,"Actual Loops": 4,"Hash Buckets": 32768,"Original Hash Buckets": 32768,"Hash Batches": 1,"Original Hash Batches": 1,"Peak Memory Usage": 1504,"Workers": [],"Plans": [{"Node Type": "Seq Scan","Parent Relationship": "Outer","Parallel Aware": true,"Async Capable": false,"Relation Name": "customer","Alias": "customer","Startup Cost": 0.00,"Total Cost": 4366.25,"Plan Rows": 12392,"Plan Width": 4,"Actual Startup Time": 0.041,"Actual Total Time": 21.517,"Actual Rows": 7536,"Actual Loops": 4,"Filter": "(c_mktsegment = 'BUILDING'::bpchar)","Rows Removed by Filter": 29964,"Workers": []}]}]},{"Node Type": "Index Scan","Parent Relationship": "Inner","Parallel Aware": false,"Async Capable": false,"Scan Direction": "Forward","Index Name": "idx_lineitem_orderkey","Relation Name": "lineitem","Alias": "lineitem","Startup Cost": 0.43,"Total Cost": 1.45,"Plan Rows": 9,"Plan Width": 16,"Actual Startup Time": 0.007,"Actual Total Time": 0.008,"Actual Rows": 0,"Actual Loops": 145438,"Index Cond": "(l_orderkey = orders.o_orderkey)","Rows Removed by Index Recheck": 0,"Filter": "(l_shipdate > '1995-03-02'::date)","Rows Removed by Filter": 4,"Workers": []}]}]}]}]},"Planning Time": 6.706,"Triggers": [],"Execution Time": 568.487}]
[{"Plan": {"Node Type": "Sort","Parallel Aware": false,"Async Capable": false,"Startup Cost": 179205.35,"Total Cost": 179992.70,"Plan Rows": 314941,"Plan Width": 44,"Actual Startup Time": 547.898,"Actual Total Time": 556.901,"Actual Rows": 11433,"Actual Loops": 1,"Sort Key": ["(sum((lineitem.l_extendedprice * ('1'::numeric - lineitem.l_discount)))) DESC", "orders.o_orderdate"],"Sort Method": "quicksort","Sort Space Used": 1099,"Sort Space Type": "Memory","Plans": [{"Node Type": "Aggregate","Strategy": "Hashed","Partial Mode": "Simple","Parent Relationship": "Outer","Parallel Aware": false,"Async Capable": false,"Startup Cost": 146507.04,"Total Cost": 150443.80,"Plan Rows": 314941,"Plan Width": 44,"Actual Startup Time": 525.001,"Actual Total Time": 548.382,"Actual Rows": 11433,"Actual Loops": 1,"Group Key": ["lineitem.l_orderkey", "orders.o_orderdate", "orders.o_shippriority"],"Planned Partitions": 0,"HashAgg Batches": 1,"Peak Memory Usage": 20497,"Disk Usage": 0,"Plans": [{"Node Type": "Gather","Parent Relationship": "Outer","Parallel Aware": false,"Async Capable": false,"Startup Cost": 5522.96,"Total Cost": 141782.92,"Plan Rows": 314941,"Plan Width": 24,"Actual Startup Time": 34.673,"Actual Total Time": 501.679,"Actual Rows": 30296,"Actual Loops": 1,"Workers Planned": 3,"Workers Launched": 3,"Single Copy": false,"Plans": [{"Node Type": "Nested Loop","Parent Relationship": "Outer","Parallel Aware": false,"Async Capable": false,"Join Type": "Inner","Startup Cost": 4522.96,"Total Cost": 109288.82,"Plan Rows": 101594,"Plan Width": 24,"Actual Startup Time": 27.127,"Actual Total Time": 507.623,"Actual Rows": 7574,"Actual Loops": 4,"Inner Unique": false,"Workers": [],"Plans": [{"Node Type": "Hash Join","Parent Relationship": "Outer","Parallel Aware": true,"Async Capable": false,"Join Type": "Inner","Startup Cost": 4522.52,"Total Cost": 37282.35,"Plan Rows": 46973,"Plan Width": 12,"Actual Startup Time": 26.994,"Actual Total Time": 224.261,"Actual Rows": 36225,"Actual Loops": 4,"Inner Unique": true,"Hash Cond": "(orders.o_custkey = customer.c_custkey)","Workers": [],"Plans": [{"Node Type": "Seq Scan","Parent Relationship": "Outer","Parallel Aware": true,"Async Capable": false,"Relation Name": "orders","Alias": "orders","Startup Cost": 0.00,"Total Cost": 32143.39,"Plan Rows": 234824,"Plan Width": 16,"Actual Startup Time": 0.014,"Actual Total Time": 146.442,"Actual Rows": 181502,"Actual Loops": 4,"Filter": "(o_orderdate < '1995-03-13'::date)","Rows Removed by Filter": 193498,"Workers": []},{"Node Type": "Hash","Parent Relationship": "Inner","Parallel Aware": true,"Async Capable": false,"Startup Cost": 4366.25,"Total Cost": 4366.25,"Plan Rows": 12502,"Plan Width": 4,"Actual Startup Time": 26.476,"Actual Total Time": 26.480,"Actual Rows": 7547,"Actual Loops": 4,"Hash Buckets": 32768,"Original Hash Buckets": 32768,"Hash Batches": 1,"Original Hash Batches": 1,"Peak Memory Usage": 1504,"Workers": [],"Plans": [{"Node Type": "Seq Scan","Parent Relationship": "Outer","Parallel Aware": true,"Async Capable": false,"Relation Name": "customer","Alias": "customer","Startup Cost": 0.00,"Total Cost": 4366.25,"Plan Rows": 12502,"Plan Width": 4,"Actual Startup Time": 0.049,"Actual Total Time": 23.106,"Actual Rows": 7547,"Actual Loops": 4,"Filter": "(c_mktsegment = 'HOUSEHOLD'::bpchar)","Rows Removed by Filter": 29953,"Workers": []}]}]},{"Node Type": "Index Scan","Parent Relationship": "Inner","Parallel Aware": false,"Async Capable": false,"Scan Direction": "Forward","Index Name": "idx_lineitem_orderkey","Relation Name": "lineitem","Alias": "lineitem","Startup Cost": 0.43,"Total Cost": 1.44,"Plan Rows": 9,"Plan Width": 16,"Actual Startup Time": 0.007,"Actual Total Time": 0.008,"Actual Rows": 0,"Actual Loops": 144901,"Index Cond": "(l_orderkey = orders.o_orderkey)","Rows Removed by Index Recheck": 0,"Filter": "(l_shipdate > '1995-03-13'::date)","Rows Removed by Filter": 4,"Workers": []}]}]}]}]},"Planning Time": 5.607,"Triggers": [],"Execution Time": 570.738}]
[{"Plan": {"Node Type": "Sort","Parallel Aware": false,"Async Capable": false,"Startup Cost": 178077.30,"Total Cost": 178856.10,"Plan Rows": 311520,"Plan Width": 44,"Actual Startup Time": 512.171,"Actual Total Time": 523.067,"Actual Rows": 11428,"Actual Loops": 1,"Sort Key": ["(sum((lineitem.l_extendedprice * ('1'::numeric - lineitem.l_discount)))) DESC", "orders.o_orderdate"],"Sort Method": "quicksort","Sort Space Used": 1099,"Sort Space Type": "Memory","Plans": [{"Node Type": "Aggregate","Strategy": "Hashed","Partial Mode": "Simple","Parent Relationship": "Outer","Parallel Aware": false,"Async Capable": false,"Startup Cost": 145758.71,"Total Cost": 149652.71,"Plan Rows": 311520,"Plan Width": 44,"Actual Startup Time": 490.587,"Actual Total Time": 515.800,"Actual Rows": 11428,"Actual Loops": 1,"Group Key": ["lineitem.l_orderkey", "orders.o_orderdate", "orders.o_shippriority"],"Planned Partitions": 0,"HashAgg Batches": 1,"Peak Memory Usage": 20497,"Disk Usage": 0,"Plans": [{"Node Type": "Gather","Parent Relationship": "Outer","Parallel Aware": false,"Async Capable": false,"Startup Cost": 5521.08,"Total Cost": 141085.91,"Plan Rows": 311520,"Plan Width": 24,"Actual Startup Time": 30.173,"Actual Total Time": 470.743,"Actual Rows": 30113,"Actual Loops": 1,"Workers Planned": 3,"Workers Launched": 3,"Single Copy": false,"Plans": [{"Node Type": "Nested Loop","Parent Relationship": "Outer","Parallel Aware": false,"Async Capable": false,"Join Type": "Inner","Startup Cost": 4521.08,"Total Cost": 108933.91,"Plan Rows": 100490,"Plan Width": 24,"Actual Startup Time": 23.239,"Actual Total Time": 474.011,"Actual Rows": 7528,"Actual Loops": 4,"Inner Unique": false,"Workers": [],"Plans": [{"Node Type": "Hash Join","Parent Relationship": "Outer","Parallel Aware": true,"Async Capable": false,"Join Type": "Inner","Startup Cost": 4520.65,"Total Cost": 37288.23,"Plan Rows": 46993,"Plan Width": 12,"Actual Startup Time": 22.851,"Actual Total Time": 201.835,"Actual Rows": 36503,"Actual Loops": 4,"Inner Unique": true,"Hash Cond": "(orders.o_custkey = customer.c_custkey)","Workers": [],"Plans": [{"Node Type": "Seq Scan","Parent Relationship": "Outer","Parallel Aware": true,"Async Capable": false,"Relation Name": "orders","Alias": "orders","Startup Cost": 0.00,"Total Cost": 32143.39,"Plan Rows": 237778,"Plan Width": 16,"Actual Startup Time": 0.013,"Actual Total Time": 134.292,"Actual Rows": 183522,"Actual Loops": 4,"Filter": "(o_orderdate < '1995-03-26'::date)","Rows Removed by Filter": 191478,"Workers": []},{"Node Type": "Hash","Parent Relationship": "Inner","Parallel Aware": true,"Async Capable": false,"Startup Cost": 4366.25,"Total Cost": 4366.25,"Plan Rows": 12352,"Plan Width": 4,"Actual Startup Time": 22.385,"Actual Total Time": 22.390,"Actual Rows": 7438,"Actual Loops": 4,"Hash Buckets": 32768,"Original Hash Buckets": 32768,"Hash Batches": 1,"Original Hash Batches": 1,"Peak Memory Usage": 1504,"Workers": [],"Plans": [{"Node Type": "Seq Scan","Parent Relationship": "Outer","Parallel Aware": true,"Async Capable": false,"Relation Name": "customer","Alias": "customer","Startup Cost": 0.00,"Total Cost": 4366.25,"Plan Rows": 12352,"Plan Width": 4,"Actual Startup Time": 0.043,"Actual Total Time": 19.306,"Actual Rows": 7438,"Actual Loops": 4,"Filter": "(c_mktsegment = 'AUTOMOBILE'::bpchar)","Rows Removed by Filter": 30062,"Workers": []}]}]},{"Node Type": "Index Scan","Parent Relationship": "Inner","Parallel Aware": false,"Async Capable": false,"Scan Direction": "Forward","Index Name": "idx_lineitem_orderkey","Relation Name": "lineitem","Alias": "lineitem","Startup Cost": 0.43,"Total Cost": 1.43,"Plan Rows": 9,"Plan Width": 16,"Actual Startup Time": 0.007,"Actual Total Time": 0.007,"Actual Rows": 0,"Actual Loops": 146011,"Index Cond": "(l_orderkey = orders.o_orderkey)","Rows Removed by Index Recheck": 0,"Filter": "(l_shipdate > '1995-03-26'::date)","Rows Removed by Filter": 4,"Workers": []}]}]}]}]},"Planning Time": 5.115,"Triggers": [],"Execution Time": 537.255}]
[{"Plan": {"Node Type": "Sort","Parallel Aware": false,"Async Capable": false,"Startup Cost": 179151.34,"Total Cost": 179938.84,"Plan Rows": 315002,"Plan Width": 44,"Actual Startup Time": 538.937,"Actual Total Time": 547.721,"Actual Rows": 11436,"Actual Loops": 1,"Sort Key": ["(sum((lineitem.l_extendedprice * ('1'::numeric - lineitem.l_discount)))) DESC", "orders.o_orderdate"],"Sort Method": "quicksort","Sort Space Used": 1099,"Sort Space Type": "Memory","Plans": [{"Node Type": "Aggregate","Strategy": "Hashed","Partial Mode": "Simple","Parent Relationship": "Outer","Parallel Aware": false,"Async Capable": false,"Startup Cost": 146446.25,"Total Cost": 150383.78,"Plan Rows": 315002,"Plan Width": 44,"Actual Startup Time": 516.073,"Actual Total Time": 541.642,"Actual Rows": 11436,"Actual Loops": 1,"Group Key": ["lineitem.l_orderkey", "orders.o_orderdate", "orders.o_shippriority"],"Planned Partitions": 0,"HashAgg Batches": 1,"Peak Memory Usage": 20497,"Disk Usage": 0,"Plans": [{"Node Type": "Gather","Parent Relationship": "Outer","Parallel Aware": false,"Async Capable": false,"Startup Cost": 5522.96,"Total Cost": 141721.22,"Plan Rows": 315002,"Plan Width": 24,"Actual Startup Time": 34.035,"Actual Total Time": 495.350,"Actual Rows": 30271,"Actual Loops": 1,"Workers Planned": 3,"Workers Launched": 3,"Single Copy": false,"Plans": [{"Node Type": "Nested Loop","Parent Relationship": "Outer","Parallel Aware": false,"Async Capable": false,"Join Type": "Inner","Startup Cost": 4522.96,"Total Cost": 109221.02,"Plan Rows": 101614,"Plan Width": 24,"Actual Startup Time": 26.464,"Actual Total Time": 499.009,"Actual Rows": 7568,"Actual Loops": 4,"Inner Unique": false,"Workers": [],"Plans": [{"Node Type": "Hash Join","Parent Relationship": "Outer","Parallel Aware": true,"Async Capable": false,"Join Type": "Inner","Startup Cost": 4522.52,"Total Cost": 37281.34,"Plan Rows": 46896,"Plan Width": 12,"Actual Startup Time": 26.327,"Actual Total Time": 216.705,"Actual Rows": 36160,"Actual Loops": 4,"Inner Unique": true,"Hash Cond": "(orders.o_custkey = customer.c_custkey)","Workers": [],"Plans": [{"Node Type": "Seq Scan","Parent Relationship": "Outer","Parallel Aware": true,"Async Capable": false,"Relation Name": "orders","Alias": "orders","Startup Cost": 0.00,"Total Cost": 32143.39,"Plan Rows": 234441,"Plan Width": 16,"Actual Startup Time": 0.011,"Actual Total Time": 144.627,"Actual Rows": 181190,"Actual Loops": 4,"Filter": "(o_orderdate < '1995-03-11'::date)","Rows Removed by Filter": 193810,"Workers": []},{"Node Type": "Hash","Parent Relationship": "Inner","Parallel Aware": true,"Async Capable": false,"Startup Cost": 4366.25,"Total Cost": 4366.25,"Plan Rows": 12502,"Plan Width": 4,"Actual Startup Time": 25.829,"Actual Total Time": 25.832,"Actual Rows": 7547,"Actual Loops": 4,"Hash Buckets": 32768,"Original Hash Buckets": 32768,"Hash Batches": 1,"Original Hash Batches": 1,"Peak Memory Usage": 1472,"Workers": [],"Plans": [{"Node Type": "Seq Scan","Parent Relationship": "Outer","Parallel Aware": true,"Async Capable": false,"Relation Name": "customer","Alias": "customer","Startup Cost": 0.00,"Total Cost": 4366.25,"Plan Rows": 12502,"Plan Width": 4,"Actual Startup Time": 0.055,"Actual Total Time": 22.522,"Actual Rows": 7547,"Actual Loops": 4,"Filter": "(c_mktsegment = 'HOUSEHOLD'::bpchar)","Rows Removed by Filter": 29953,"Workers": []}]}]},{"Node Type": "Index Scan","Parent Relationship": "Inner","Parallel Aware": false,"Async Capable": false,"Scan Direction": "Forward","Index Name": "idx_lineitem_orderkey","Relation Name": "lineitem","Alias": "lineitem","Startup Cost": 0.43,"Total Cost": 1.44,"Plan Rows": 9,"Plan Width": 16,"Actual Startup Time": 0.007,"Actual Total Time": 0.008,"Actual Rows": 0,"Actual Loops": 144641,"Index Cond": "(l_orderkey = orders.o_orderkey)","Rows Removed by Index Recheck": 0,"Filter": "(l_shipdate > '1995-03-11'::date)","Rows Removed by Filter": 4,"Workers": []}]}]}]}]},"Planning Time": 5.918,"Triggers": [],"Execution Time": 561.850}]
[{"Plan": {"Node Type": "Sort","Parallel Aware": false,"Async Capable": false,"Startup Cost": 178879.12,"Total Cost": 179667.32,"Plan Rows": 315277,"Plan Width": 44,"Actual Startup Time": 533.946,"Actual Total Time": 543.696,"Actual Rows": 11470,"Actual Loops": 1,"Sort Key": ["(sum((lineitem.l_extendedprice * ('1'::numeric - lineitem.l_discount)))) DESC", "orders.o_orderdate"],"Sort Method": "quicksort","Sort Space Used": 1101,"Sort Space Type": "Memory","Plans": [{"Node Type": "Aggregate","Strategy": "Hashed","Partial Mode": "Simple","Parent Relationship": "Outer","Parallel Aware": false,"Async Capable": false,"Startup Cost": 146143.50,"Total Cost": 150084.46,"Plan Rows": 315277,"Plan Width": 44,"Actual Startup Time": 511.083,"Actual Total Time": 535.492,"Actual Rows": 11470,"Actual Loops": 1,"Group Key": ["lineitem.l_orderkey", "orders.o_orderdate", "orders.o_shippriority"],"Planned Partitions": 0,"HashAgg Batches": 1,"Peak Memory Usage": 20497,"Disk Usage": 0,"Plans": [{"Node Type": "Gather","Parent Relationship": "Outer","Parallel Aware": false,"Async Capable": false,"Startup Cost": 5522.96,"Total Cost": 141414.35,"Plan Rows": 315277,"Plan Width": 24,"Actual Startup Time": 33.802,"Actual Total Time": 486.334,"Actual Rows": 30458,"Actual Loops": 1,"Workers Planned": 3,"Workers Launched": 3,"Single Copy": false,"Plans": [{"Node Type": "Nested Loop","Parent Relationship": "Outer","Parallel Aware": false,"Async Capable": false,"Join Type": "Inner","Startup Cost": 4522.96,"Total Cost": 108886.65,"Plan Rows": 101702,"Plan Width": 24,"Actual Startup Time": 26.939,"Actual Total Time": 494.112,"Actual Rows": 7614,"Actual Loops": 4,"Inner Unique": false,"Workers": [],"Plans": [{"Node Type": "Hash Join","Parent Relationship": "Outer","Parallel Aware": true,"Async Capable": false,"Join Type": "Inner","Startup Cost": 4522.52,"Total Cost": 37276.33,"Plan Rows": 46514,"Plan Width": 12,"Actual Startup Time": 26.756,"Actual Total Time": 220.873,"Actual Rows": 35854,"Actual Loops": 4,"Inner Unique": true,"Hash Cond": "(orders.o_custkey = customer.c_custkey)","Workers": [],"Plans": [{"Node Type": "Seq Scan","Parent Relationship": "Outer","Parallel Aware": true,"Async Capable": false,"Relation Name": "orders","Alias": "orders","Startup Cost": 0.00,"Total Cost": 32143.39,"Plan Rows": 232531,"Plan Width": 16,"Actual Startup Time": 0.011,"Actual Total Time": 141.270,"Actual Rows": 179631,"Actual Loops": 4,"Filter": "(o_orderdate < '1995-03-01'::date)","Rows Removed by Filter": 195369,"Workers": []},{"Node Type": "Hash","Parent Relationship": "Inner","Parallel Aware": true,"Async Capable": false,"Startup Cost": 4366.25,"Total Cost": 4366.25,"Plan Rows": 12502,"Plan Width": 4,"Actual Startup Time": 26.335,"Actual Total Time": 26.339,"Actual Rows": 7547,"Actual Loops": 4,"Hash Buckets": 32768,"Original Hash Buckets": 32768,"Hash Batches": 1,"Original Hash Batches": 1,"Peak Memory Usage": 1504,"Workers": [],"Plans": [{"Node Type": "Seq Scan","Parent Relationship": "Outer","Parallel Aware": true,"Async Capable": false,"Relation Name": "customer","Alias": "customer","Startup Cost": 0.00,"Total Cost": 4366.25,"Plan Rows": 12502,"Plan Width": 4,"Actual Startup Time": 0.033,"Actual Total Time": 22.477,"Actual Rows": 7547,"Actual Loops": 4,"Filter": "(c_mktsegment = 'HOUSEHOLD'::bpchar)","Rows Removed by Filter": 29953,"Workers": []}]}]},{"Node Type": "Index Scan","Parent Relationship": "Inner","Parallel Aware": false,"Async Capable": false,"Scan Direction": "Forward","Index Name": "idx_lineitem_orderkey","Relation Name": "lineitem","Alias": "lineitem","Startup Cost": 0.43,"Total Cost": 1.45,"Plan Rows": 9,"Plan Width": 16,"Actual Startup Time": 0.007,"Actual Total Time": 0.007,"Actual Rows": 0,"Actual Loops": 143418,"Index Cond": "(l_orderkey = orders.o_orderkey)","Rows Removed by Index Recheck": 0,"Filter": "(l_shipdate > '1995-03-01'::date)","Rows Removed by Filter": 4,"Workers": []}]}]}]}]},"Planning Time": 6.688,"Triggers": [],"Execution Time": 555.905}]
[{"Plan": {"Node Type": "Sort","Parallel Aware": false,"Async Capable": false,"Startup Cost": 179743.22,"Total Cost": 180530.95,"Plan Rows": 315090,"Plan Width": 44,"Actual Startup Time": 532.189,"Actual Total Time": 542.549,"Actual Rows": 11261,"Actual Loops": 1,"Sort Key": ["(sum((lineitem.l_extendedprice * ('1'::numeric - lineitem.l_discount)))) DESC", "orders.o_orderdate"],"Sort Method": "quicksort","Sort Space Used": 1088,"Sort Space Type": "Memory","Plans": [{"Node Type": "Aggregate","Strategy": "Hashed","Partial Mode": "Simple","Parent Relationship": "Outer","Parallel Aware": false,"Async Capable": false,"Startup Cost": 147028.37,"Total Cost": 150966.99,"Plan Rows": 315090,"Plan Width": 44,"Actual Startup Time": 509.724,"Actual Total Time": 534.588,"Actual Rows": 11261,"Actual Loops": 1,"Group Key": ["lineitem.l_orderkey", "orders.o_orderdate", "orders.o_shippriority"],"Planned Partitions": 0,"HashAgg Batches": 1,"Peak Memory Usage": 20497,"Disk Usage": 0,"Plans": [{"Node Type": "Gather","Parent Relationship": "Outer","Parallel Aware": false,"Async Capable": false,"Startup Cost": 5522.86,"Total Cost": 142302.02,"Plan Rows": 315090,"Plan Width": 24,"Actual Startup Time": 30.817,"Actual Total Time": 488.937,"Actual Rows": 29798,"Actual Loops": 1,"Workers Planned": 3,"Workers Launched": 3,"Single Copy": false,"Plans": [{"Node Type": "Nested Loop","Parent Relationship": "Outer","Parallel Aware": false,"Async Capable": false,"Join Type": "Inner","Startup Cost": 4522.86,"Total Cost": 109793.02,"Plan Rows": 101642,"Plan Width": 24,"Actual Startup Time": 23.583,"Actual Total Time": 493.251,"Actual Rows": 7450,"Actual Loops": 4,"Inner Unique": false,"Workers": [],"Plans": [{"Node Type": "Hash Join","Parent Relationship": "Outer","Parallel Aware": true,"Async Capable": false,"Join Type": "Inner","Startup Cost": 4522.43,"Total Cost": 37290.55,"Plan Rows": 47573,"Plan Width": 12,"Actual Startup Time": 23.225,"Actual Total Time": 214.604,"Actual Rows": 36679,"Actual Loops": 4,"Inner Unique": true,"Hash Cond": "(orders.o_custkey = customer.c_custkey)","Workers": [],"Plans": [{"Node Type": "Seq Scan","Parent Relationship": "Outer","Parallel Aware": true,"Async Capable": false,"Relation Name": "orders","Alias": "orders","Startup Cost": 0.00,"Total Cost": 32143.39,"Plan Rows": 237986,"Plan Width": 16,"Actual Startup Time": 0.014,"Actual Total Time": 140.482,"Actual Rows": 183693,"Actual Loops": 4,"Filter": "(o_orderdate < '1995-03-27'::date)","Rows Removed by Filter": 191307,"Workers": []},{"Node Type": "Hash","Parent Relationship": "Inner","Parallel Aware": true,"Async Capable": false,"Startup Cost": 4366.25,"Total Cost": 4366.25,"Plan Rows": 12494,"Plan Width": 4,"Actual Startup Time": 22.775,"Actual Total Time": 22.780,"Actual Rows": 7487,"Actual Loops": 4,"Hash Buckets": 32768,"Original Hash Buckets": 32768,"Hash Batches": 1,"Original Hash Batches": 1,"Peak Memory Usage": 1472,"Workers": [],"Plans": [{"Node Type": "Seq Scan","Parent Relationship": "Outer","Parallel Aware": true,"Async Capable": false,"Relation Name": "customer","Alias": "customer","Startup Cost": 0.00,"Total Cost": 4366.25,"Plan Rows": 12494,"Plan Width": 4,"Actual Startup Time": 0.029,"Actual Total Time": 19.637,"Actual Rows": 7487,"Actual Loops": 4,"Filter": "(c_mktsegment = 'MACHINERY'::bpchar)","Rows Removed by Filter": 30013,"Workers": []}]}]},{"Node Type": "Index Scan","Parent Relationship": "Inner","Parallel Aware": false,"Async Capable": false,"Scan Direction": "Forward","Index Name": "idx_lineitem_orderkey","Relation Name": "lineitem","Alias": "lineitem","Startup Cost": 0.43,"Total Cost": 1.43,"Plan Rows": 9,"Plan Width": 16,"Actual Startup Time": 0.007,"Actual Total Time": 0.007,"Actual Rows": 0,"Actual Loops": 146715,"Index Cond": "(l_orderkey = orders.o_orderkey)","Rows Removed by Index Recheck": 0,"Filter": "(l_shipdate > '1995-03-27'::date)","Rows Removed by Filter": 4,"Workers": []}]}]}]}]},"Planning Time": 6.025,"Triggers": [],"Execution Time": 555.958}]
[{"Plan": {"Node Type": "Sort","Parallel Aware": false,"Async Capable": false,"Startup Cost": 178604.21,"Total Cost": 179385.50,"Plan Rows": 312514,"Plan Width": 44,"Actual Startup Time": 521.788,"Actual Total Time": 532.144,"Actual Rows": 11577,"Actual Loops": 1,"Sort Key": ["(sum((lineitem.l_extendedprice * ('1'::numeric - lineitem.l_discount)))) DESC", "orders.o_orderdate"],"Sort Method": "quicksort","Sort Space Used": 1108,"Sort Space Type": "Memory","Plans": [{"Node Type": "Aggregate","Strategy": "Hashed","Partial Mode": "Simple","Parent Relationship": "Outer","Parallel Aware": false,"Async Capable": false,"Startup Cost": 146175.32,"Total Cost": 150081.75,"Plan Rows": 312514,"Plan Width": 44,"Actual Startup Time": 499.151,"Actual Total Time": 523.957,"Actual Rows": 11577,"Actual Loops": 1,"Group Key": ["lineitem.l_orderkey", "orders.o_orderdate", "orders.o_shippriority"],"Planned Partitions": 0,"HashAgg Batches": 1,"Peak Memory Usage": 20497,"Disk Usage": 0,"Plans": [{"Node Type": "Gather","Parent Relationship": "Outer","Parallel Aware": false,"Async Capable": false,"Startup Cost": 5521.58,"Total Cost": 141487.61,"Plan Rows": 312514,"Plan Width": 24,"Actual Startup Time": 28.516,"Actual Total Time": 477.645,"Actual Rows": 30296,"Actual Loops": 1,"Workers Planned": 3,"Workers Launched": 3,"Single Copy": false,"Plans": [{"Node Type": "Nested Loop","Parent Relationship": "Outer","Parallel Aware": false,"Async Capable": false,"Join Type": "Inner","Startup Cost": 4521.58,"Total Cost": 109236.21,"Plan Rows": 100811,"Plan Width": 24,"Actual Startup Time": 21.424,"Actual Total Time": 482.536,"Actual Rows": 7574,"Actual Loops": 4,"Inner Unique": false,"Workers": [],"Plans": [{"Node Type": "Hash Join","Parent Relationship": "Outer","Parallel Aware": true,"Async Capable": false,"Join Type": "Inner","Startup Cost": 4521.15,"Total Cost": 37289.82,"Plan Rows": 47226,"Plan Width": 12,"Actual Startup Time": 21.287,"Actual Total Time": 203.184,"Actual Rows": 37191,"Actual Loops": 4,"Inner Unique": true,"Hash Cond": "(orders.o_custkey = customer.c_custkey)","Workers": [],"Plans": [{"Node Type": "Seq Scan","Parent Relationship": "Outer","Parallel Aware": true,"Async Capable": false,"Relation Name": "orders","Alias": "orders","Startup Cost": 0.00,"Total Cost": 32143.39,"Plan Rows": 238193,"Plan Width": 16,"Actual Startup Time": 0.010,"Actual Total Time": 136.522,"Actual Rows": 183845,"Actual Loops": 4,"Filter": "(o_orderdate < '1995-03-28'::date)","Rows Removed by Filter": 191155,"Workers": []},{"Node Type": "Hash","Parent Relationship": "Inner","Parallel Aware": true,"Async Capable": false,"Startup Cost": 4366.25,"Total Cost": 4366.25,"Plan Rows": 12392,"Plan Width": 4,"Actual Startup Time": 20.837,"Actual Total Time": 20.842,"Actual Rows": 7536,"Actual Loops": 4,"Hash Buckets": 32768,"Original Hash Buckets": 32768,"Hash Batches": 1,"Original Hash Batches": 1,"Peak Memory Usage": 1504,"Workers": [],"Plans": [{"Node Type": "Seq Scan","Parent Relationship": "Outer","Parallel Aware": true,"Async Capable": false,"Relation Name": "customer","Alias": "customer","Startup Cost": 0.00,"Total Cost": 4366.25,"Plan Rows": 12392,"Plan Width": 4,"Actual Startup Time": 0.031,"Actual Total Time": 17.900,"Actual Rows": 7536,"Actual Loops": 4,"Filter": "(c_mktsegment = 'BUILDING'::bpchar)","Rows Removed by Filter": 29964,"Workers": []}]}]},{"Node Type": "Index Scan","Parent Relationship": "Inner","Parallel Aware": false,"Async Capable": false,"Scan Direction": "Forward","Index Name": "idx_lineitem_orderkey","Relation Name": "lineitem","Alias": "lineitem","Startup Cost": 0.43,"Total Cost": 1.43,"Plan Rows": 9,"Plan Width": 16,"Actual Startup Time": 0.007,"Actual Total Time": 0.007,"Actual Rows": 0,"Actual Loops": 148764,"Index Cond": "(l_orderkey = orders.o_orderkey)","Rows Removed by Index Recheck": 0,"Filter": "(l_shipdate > '1995-03-28'::date)","Rows Removed by Filter": 4,"Workers": []}]}]}]}]},"Planning Time": 6.167,"Triggers": [],"Execution Time": 545.892}]
[{"Plan": {"Node Type": "Sort","Parallel Aware": false,"Async Capable": false,"Startup Cost": 178005.77,"Total Cost": 178784.57,"Plan Rows": 311521,"Plan Width": 44,"Actual Startup Time": 537.846,"Actual Total Time": 547.821,"Actual Rows": 11437,"Actual Loops": 1,"Sort Key": ["(sum((lineitem.l_extendedprice * ('1'::numeric - lineitem.l_discount)))) DESC", "orders.o_orderdate"],"Sort Method": "quicksort","Sort Space Used": 1099,"Sort Space Type": "Memory","Plans": [{"Node Type": "Aggregate","Strategy": "Hashed","Partial Mode": "Simple","Parent Relationship": "Outer","Parallel Aware": false,"Async Capable": false,"Startup Cost": 145687.07,"Total Cost": 149581.08,"Plan Rows": 311521,"Plan Width": 44,"Actual Startup Time": 515.858,"Actual Total Time": 539.208,"Actual Rows": 11437,"Actual Loops": 1,"Group Key": ["lineitem.l_orderkey", "orders.o_orderdate", "orders.o_shippriority"],"Planned Partitions": 0,"HashAgg Batches": 1,"Peak Memory Usage": 20497,"Disk Usage": 0,"Plans": [{"Node Type": "Gather","Parent Relationship": "Outer","Parallel Aware": false,"Async Capable": false,"Startup Cost": 5521.08,"Total Cost": 141014.25,"Plan Rows": 311521,"Plan Width": 24,"Actual Startup Time": 32.689,"Actual Total Time": 491.481,"Actual Rows": 30124,"Actual Loops": 1,"Workers Planned": 3,"Workers Launched": 3,"Single Copy": false,"Plans": [{"Node Type": "Nested Loop","Parent Relationship": "Outer","Parallel Aware": false,"Async Capable": false,"Join Type": "Inner","Startup Cost": 4521.08,"Total Cost": 108862.15,"Plan Rows": 100491,"Plan Width": 24,"Actual Startup Time": 25.859,"Actual Total Time": 498.328,"Actual Rows": 7531,"Actual Loops": 4,"Inner Unique": false,"Workers": [],"Plans": [{"Node Type": "Hash Join","Parent Relationship": "Outer","Parallel Aware": true,"Async Capable": false,"Join Type": "Inner","Startup Cost": 4520.65,"Total Cost": 37287.14,"Plan Rows": 46911,"Plan Width": 12,"Actual Startup Time": 25.365,"Actual Total Time": 218.390,"Actual Rows": 36440,"Actual Loops": 4,"Inner Unique": true,"Hash Cond": "(orders.o_custkey = customer.c_custkey)","Workers": [],"Plans": [{"Node Type": "Seq Scan","Parent Relationship": "Outer","Parallel Aware": true,"Async Capable": false,"Relation Name": "orders","Alias": "orders","Startup Cost": 0.00,"Total Cost": 32143.39,"Plan Rows": 237363,"Plan Width": 16,"Actual Startup Time": 0.014,"Actual Total Time": 142.702,"Actual Rows": 183220,"Actual Loops": 4,"Filter": "(o_orderdate < '1995-03-24'::date)","Rows Removed by Filter": 191780,"Workers": []},{"Node Type": "Hash","Parent Relationship": "Inner","Parallel Aware": true,"Async Capable": false,"Startup Cost": 4366.25,"Total Cost": 4366.25,"Plan Rows": 12352,"Plan Width": 4,"Actual Startup Time": 24.884,"Actual Total Time": 24.891,"Actual Rows": 7438,"Actual Loops": 4,"Hash Buckets": 32768,"Original Hash Buckets": 32768,"Hash Batches": 1,"Original Hash Batches": 1,"Peak Memory Usage": 1504,"Workers": [],"Plans": [{"Node Type": "Seq Scan","Parent Relationship": "Outer","Parallel Aware": true,"Async Capable": false,"Relation Name": "customer","Alias": "customer","Startup Cost": 0.00,"Total Cost": 4366.25,"Plan Rows": 12352,"Plan Width": 4,"Actual Startup Time": 0.048,"Actual Total Time": 21.105,"Actual Rows": 7438,"Actual Loops": 4,"Filter": "(c_mktsegment = 'AUTOMOBILE'::bpchar)","Rows Removed by Filter": 30062,"Workers": []}]}]},{"Node Type": "Index Scan","Parent Relationship": "Inner","Parallel Aware": false,"Async Capable": false,"Scan Direction": "Forward","Index Name": "idx_lineitem_orderkey","Relation Name": "lineitem","Alias": "lineitem","Startup Cost": 0.43,"Total Cost": 1.44,"Plan Rows": 9,"Plan Width": 16,"Actual Startup Time": 0.007,"Actual Total Time": 0.007,"Actual Rows": 0,"Actual Loops": 145762,"Index Cond": "(l_orderkey = orders.o_orderkey)","Rows Removed by Index Recheck": 0,"Filter": "(l_shipdate > '1995-03-24'::date)","Rows Removed by Filter": 4,"Workers": []}]}]}]}]},"Planning Time": 5.306,"Triggers": [],"Execution Time": 560.362}]
[{"Plan": {"Node Type": "Sort","Parallel Aware": false,"Async Capable": false,"Startup Cost": 179411.19,"Total Cost": 180199.74,"Plan Rows": 315419,"Plan Width": 44,"Actual Startup Time": 541.464,"Actual Total Time": 551.944,"Actual Rows": 11430,"Actual Loops": 1,"Sort Key": ["(sum((lineitem.l_extendedprice * ('1'::numeric - lineitem.l_discount)))) DESC", "orders.o_orderdate"],"Sort Method": "quicksort","Sort Space Used": 1099,"Sort Space Type": "Memory","Plans": [{"Node Type": "Aggregate","Strategy": "Hashed","Partial Mode": "Simple","Parent Relationship": "Outer","Parallel Aware": false,"Async Capable": false,"Startup Cost": 146659.80,"Total Cost": 150602.54,"Plan Rows": 315419,"Plan Width": 44,"Actual Startup Time": 518.682,"Actual Total Time": 543.570,"Actual Rows": 11430,"Actual Loops": 1,"Group Key": ["lineitem.l_orderkey", "orders.o_orderdate", "orders.o_shippriority"],"Planned Partitions": 0,"HashAgg Batches": 1,"Peak Memory Usage": 20497,"Disk Usage": 0,"Plans": [{"Node Type": "Gather","Parent Relationship": "Outer","Parallel Aware": false,"Async Capable": false,"Startup Cost": 5522.96,"Total Cost": 141928.51,"Plan Rows": 315419,"Plan Width": 24,"Actual Startup Time": 33.895,"Actual Total Time": 497.065,"Actual Rows": 30311,"Actual Loops": 1,"Workers Planned": 3,"Workers Launched": 3,"Single Copy": false,"Plans": [{"Node Type": "Nested Loop","Parent Relationship": "Outer","Parallel Aware": false,"Async Capable": false,"Join Type": "Inner","Startup Cost": 4522.96,"Total Cost": 109386.61,"Plan Rows": 101748,"Plan Width": 24,"Actual Startup Time": 26.351,"Actual Total Time": 501.490,"Actual Rows": 7578,"Actual Loops": 4,"Inner Unique": false,"Workers": [],"Plans": [{"Node Type": "Hash Join","Parent Relationship": "Outer","Parallel Aware": true,"Async Capable": false,"Join Type": "Inner","Startup Cost": 4522.52,"Total Cost": 37283.82,"Plan Rows": 47085,"Plan Width": 12,"Actual Startup Time": 26.235,"Actual Total Time": 219.533,"Actual Rows": 36258,"Actual Loops": 4,"Inner Unique": true,"Hash Cond": "(orders.o_custkey = customer.c_custkey)","Workers": [],"Plans": [{"Node Type": "Seq Scan","Parent Relationship": "Outer","Parallel Aware": true,"Async Capable": false,"Relation Name": "orders","Alias": "orders","Startup Cost": 0.00,"Total Cost": 32143.39,"Plan Rows": 235386,"Plan Width": 16,"Actual Startup Time": 0.012,"Actual Total Time": 143.378,"Actual Rows": 181666,"Actual Loops": 4,"Filter": "(o_orderdate < '1995-03-14'::date)","Rows Removed by Filter": 193334,"Workers": []},{"Node Type": "Hash","Parent Relationship": "Inner","Parallel Aware": true,"Async Capable": false,"Startup Cost": 4366.25,"Total Cost": 4366.25,"Plan Rows": 12502,"Plan Width": 4,"Actual Startup Time": 25.698,"Actual Total Time": 25.705,"Actual Rows": 7547,"Actual Loops": 4,"Hash Buckets": 32768,"Original Hash Buckets": 32768,"Hash Batches": 1,"Original Hash Batches": 1,"Peak Memory Usage": 1536,"Workers": [],"Plans": [{"Node Type": "Seq Scan","Parent Relationship": "Outer","Parallel Aware": true,"Async Capable": false,"Relation Name": "customer","Alias": "customer","Startup Cost": 0.00,"Total Cost": 4366.25,"Plan Rows": 12502,"Plan Width": 4,"Actual Startup Time": 0.034,"Actual Total Time": 22.333,"Actual Rows": 7547,"Actual Loops": 4,"Filter": "(c_mktsegment = 'HOUSEHOLD'::bpchar)","Rows Removed by Filter": 29953,"Workers": []}]}]},{"Node Type": "Index Scan","Parent Relationship": "Inner","Parallel Aware": false,"Async Capable": false,"Scan Direction": "Forward","Index Name": "idx_lineitem_orderkey","Relation Name": "lineitem","Alias": "lineitem","Startup Cost": 0.43,"Total Cost": 1.44,"Plan Rows": 9,"Plan Width": 16,"Actual Startup Time": 0.007,"Actual Total Time": 0.008,"Actual Rows": 0,"Actual Loops": 145034,"Index Cond": "(l_orderkey = orders.o_orderkey)","Rows Removed by Index Recheck": 0,"Filter": "(l_shipdate > '1995-03-14'::date)","Rows Removed by Filter": 4,"Workers": []}]}]}]}]},"Planning Time": 5.804,"Triggers": [],"Execution Time": 566.171}]
[{"Plan": {"Node Type": "Sort","Parallel Aware": false,"Async Capable": false,"Startup Cost": 179563.46,"Total Cost": 180351.20,"Plan Rows": 315095,"Plan Width": 44,"Actual Startup Time": 520.986,"Actual Total Time": 531.577,"Actual Rows": 11248,"Actual Loops": 1,"Sort Key": ["(sum((lineitem.l_extendedprice * ('1'::numeric - lineitem.l_discount)))) DESC", "orders.o_orderdate"],"Sort Method": "quicksort","Sort Space Used": 1088,"Sort Space Type": "Memory","Plans": [{"Node Type": "Aggregate","Strategy": "Hashed","Partial Mode": "Simple","Parent Relationship": "Outer","Parallel Aware": false,"Async Capable": false,"Startup Cost": 146848.05,"Total Cost": 150786.74,"Plan Rows": 315095,"Plan Width": 44,"Actual Startup Time": 498.766,"Actual Total Time": 523.789,"Actual Rows": 11248,"Actual Loops": 1,"Group Key": ["lineitem.l_orderkey", "orders.o_orderdate", "orders.o_shippriority"],"Planned Partitions": 0,"HashAgg Batches": 1,"Peak Memory Usage": 20497,"Disk Usage": 0,"Plans": [{"Node Type": "Gather","Parent Relationship": "Outer","Parallel Aware": false,"Async Capable": false,"Startup Cost": 5522.86,"Total Cost": 142121.62,"Plan Rows": 315095,"Plan Width": 24,"Actual Startup Time": 28.827,"Actual Total Time": 478.198,"Actual Rows": 29668,"Actual Loops": 1,"Workers Planned": 3,"Workers Launched": 3,"Single Copy": false,"Plans": [{"Node Type": "Nested Loop","Parent Relationship": "Outer","Parallel Aware": false,"Async Capable": false,"Join Type": "Inner","Startup Cost": 4522.86,"Total Cost": 109612.12,"Plan Rows": 101644,"Plan Width": 24,"Actual Startup Time": 22.067,"Actual Total Time": 482.603,"Actual Rows": 7417,"Actual Loops": 4,"Inner Unique": false,"Workers": [],"Plans": [{"Node Type": "Hash Join","Parent Relationship": "Outer","Parallel Aware": true,"Async Capable": false,"Join Type": "Inner","Startup Cost": 4522.43,"Total Cost": 37287.82,"Plan Rows": 47366,"Plan Width": 12,"Actual Startup Time": 21.808,"Actual Total Time": 206.021,"Actual Rows": 36518,"Actual Loops": 4,"Inner Unique": true,"Hash Cond": "(orders.o_custkey = customer.c_custkey)","Workers": [],"Plans": [{"Node Type": "Seq Scan","Parent Relationship": "Outer","Parallel Aware": true,"Async Capable": false,"Relation Name": "orders","Alias": "orders","Startup Cost": 0.00,"Total Cost": 32143.39,"Plan Rows": 236947,"Plan Width": 16,"Actual Startup Time": 0.010,"Actual Total Time": 138.716,"Actual Rows": 182920,"Actual Loops": 4,"Filter": "(o_orderdate < '1995-03-22'::date)","Rows Removed by Filter": 192080,"Workers": []},{"Node Type": "Hash","Parent Relationship": "Inner","Parallel Aware": true,"Async Capable": false,"Startup Cost": 4366.25,"Total Cost": 4366.25,"Plan Rows": 12494,"Plan Width": 4,"Actual Startup Time": 21.393,"Actual Total Time": 21.397,"Actual Rows": 7487,"Actual Loops": 4,"Hash Buckets": 32768,"Original Hash Buckets": 32768,"Hash Batches": 1,"Original Hash Batches": 1,"Peak Memory Usage": 1504,"Workers": [],"Plans": [{"Node Type": "Seq Scan","Parent Relationship": "Outer","Parallel Aware": true,"Async Capable": false,"Relation Name": "customer","Alias": "customer","Startup Cost": 0.00,"Total Cost": 4366.25,"Plan Rows": 12494,"Plan Width": 4,"Actual Startup Time": 0.037,"Actual Total Time": 18.337,"Actual Rows": 7487,"Actual Loops": 4,"Filter": "(c_mktsegment = 'MACHINERY'::bpchar)","Rows Removed by Filter": 30013,"Workers": []}]}]},{"Node Type": "Index Scan","Parent Relationship": "Inner","Parallel Aware": false,"Async Capable": false,"Scan Direction": "Forward","Index Name": "idx_lineitem_orderkey","Relation Name": "lineitem","Alias": "lineitem","Startup Cost": 0.43,"Total Cost": 1.44,"Plan Rows": 9,"Plan Width": 16,"Actual Startup Time": 0.007,"Actual Total Time": 0.007,"Actual Rows": 0,"Actual Loops": 146072,"Index Cond": "(l_orderkey = orders.o_orderkey)","Rows Removed by Index Recheck": 0,"Filter": "(l_shipdate > '1995-03-22'::date)","Rows Removed by Filter": 4,"Workers": []}]}]}]}]},"Planning Time": 6.610,"Triggers": [],"Execution Time": 544.826}]
[{"Plan": {"Node Type": "Sort","Parallel Aware": false,"Async Capable": false,"Startup Cost": 182556.38,"Total Cost": 183360.93,"Plan Rows": 321819,"Plan Width": 44,"Actual Startup Time": 517.367,"Actual Total Time": 529.439,"Actual Rows": 11439,"Actual Loops": 1,"Sort Key": ["(sum((lineitem.l_extendedprice * ('1'::numeric - lineitem.l_discount)))) DESC", "orders.o_orderdate"],"Sort Method": "quicksort","Sort Space Used": 1099,"Sort Space Type": "Memory","Plans": [{"Node Type": "Aggregate","Strategy": "Hashed","Partial Mode": "Simple","Parent Relationship": "Outer","Parallel Aware": false,"Async Capable": false,"Startup Cost": 149093.82,"Total Cost": 153116.55,"Plan Rows": 321819,"Plan Width": 44,"Actual Startup Time": 495.463,"Actual Total Time": 522.278,"Actual Rows": 11439,"Actual Loops": 1,"Group Key": ["lineitem.l_orderkey", "orders.o_orderdate", "orders.o_shippriority"],"Planned Partitions": 0,"HashAgg Batches": 1,"Peak Memory Usage": 20497,"Disk Usage": 0,"Plans": [{"Node Type": "Gather","Parent Relationship": "Outer","Parallel Aware": false,"Async Capable": false,"Startup Cost": 5526.18,"Total Cost": 144266.53,"Plan Rows": 321819,"Plan Width": 24,"Actual Startup Time": 29.772,"Actual Total Time": 476.664,"Actual Rows": 30285,"Actual Loops": 1,"Workers Planned": 3,"Workers Launched": 3,"Single Copy": false,"Plans": [{"Node Type": "Nested Loop","Parent Relationship": "Outer","Parallel Aware": false,"Async Capable": false,"Join Type": "Inner","Startup Cost": 4526.18,"Total Cost": 111084.63,"Plan Rows": 103813,"Plan Width": 24,"Actual Startup Time": 23.053,"Actual Total Time": 479.398,"Actual Rows": 7571,"Actual Loops": 4,"Inner Unique": false,"Workers": [],"Plans": [{"Node Type": "Hash Join","Parent Relationship": "Outer","Parallel Aware": true,"Async Capable": false,"Join Type": "Inner","Startup Cost": 4525.75,"Total Cost": 37290.06,"Plan Rows": 48292,"Plan Width": 12,"Actual Startup Time": 22.849,"Actual Total Time": 204.689,"Actual Rows": 36445,"Actual Loops": 4,"Inner Unique": true,"Hash Cond": "(orders.o_custkey = customer.c_custkey)","Workers": [],"Plans": [{"Node Type": "Seq Scan","Parent Relationship": "Outer","Parallel Aware": true,"Async Capable": false,"Relation Name": "orders","Alias": "orders","Startup Cost": 0.00,"Total Cost": 32143.39,"Plan Rows": 236532,"Plan Width": 16,"Actual Startup Time": 0.013,"Actual Total Time": 137.382,"Actual Rows": 182617,"Actual Loops": 4,"Filter": "(o_orderdate < '1995-03-20'::date)","Rows Removed by Filter": 192383,"Workers": []},{"Node Type": "Hash","Parent Relationship": "Inner","Parallel Aware": true,"Async Capable": false,"Startup Cost": 4366.25,"Total Cost": 4366.25,"Plan Rows": 12760,"Plan Width": 4,"Actual Startup Time": 22.380,"Actual Total Time": 22.385,"Actual Rows": 7492,"Actual Loops": 4,"Hash Buckets": 32768,"Original Hash Buckets": 32768,"Hash Batches": 1,"Original Hash Batches": 1,"Peak Memory Usage": 1504,"Workers": [],"Plans": [{"Node Type": "Seq Scan","Parent Relationship": "Outer","Parallel Aware": true,"Async Capable": false,"Relation Name": "customer","Alias": "customer","Startup Cost": 0.00,"Total Cost": 4366.25,"Plan Rows": 12760,"Plan Width": 4,"Actual Startup Time": 0.027,"Actual Total Time": 19.359,"Actual Rows": 7492,"Actual Loops": 4,"Filter": "(c_mktsegment = 'FURNITURE'::bpchar)","Rows Removed by Filter": 30008,"Workers": []}]}]},{"Node Type": "Index Scan","Parent Relationship": "Inner","Parallel Aware": false,"Async Capable": false,"Scan Direction": "Forward","Index Name": "idx_lineitem_orderkey","Relation Name": "lineitem","Alias": "lineitem","Startup Cost": 0.43,"Total Cost": 1.44,"Plan Rows": 9,"Plan Width": 16,"Actual Startup Time": 0.007,"Actual Total Time": 0.007,"Actual Rows": 0,"Actual Loops": 145780,"Index Cond": "(l_orderkey = orders.o_orderkey)","Rows Removed by Index Recheck": 0,"Filter": "(l_shipdate > '1995-03-20'::date)","Rows Removed by Filter": 4,"Workers": []}]}]}]}]},"Planning Time": 6.662,"Triggers": [],"Execution Time": 543.603}]
[{"Plan": {"Node Type": "Sort","Parallel Aware": false,"Async Capable": false,"Startup Cost": 179071.84,"Total Cost": 179859.56,"Plan Rows": 315090,"Plan Width": 44,"Actual Startup Time": 540.870,"Actual Total Time": 551.478,"Actual Rows": 11417,"Actual Loops": 1,"Sort Key": ["(sum((lineitem.l_extendedprice * ('1'::numeric - lineitem.l_discount)))) DESC", "orders.o_orderdate"],"Sort Method": "quicksort","Sort Space Used": 1098,"Sort Space Type": "Memory","Plans": [{"Node Type": "Aggregate","Strategy": "Hashed","Partial Mode": "Simple","Parent Relationship": "Outer","Parallel Aware": false,"Async Capable": false,"Startup Cost": 146356.98,"Total Cost": 150295.61,"Plan Rows": 315090,"Plan Width": 44,"Actual Startup Time": 519.120,"Actual Total Time": 542.435,"Actual Rows": 11417,"Actual Loops": 1,"Group Key": ["lineitem.l_orderkey", "orders.o_orderdate", "orders.o_shippriority"],"Planned Partitions": 0,"HashAgg Batches": 1,"Peak Memory Usage": 20497,"Disk Usage": 0,"Plans": [{"Node Type": "Gather","Parent Relationship": "Outer","Parallel Aware": false,"Async Capable": false,"Startup Cost": 5522.96,"Total Cost": 141630.63,"Plan Rows": 315090,"Plan Width": 24,"Actual Startup Time": 32.697,"Actual Total Time": 493.968,"Actual Rows": 30308,"Actual Loops": 1,"Workers Planned": 3,"Workers Launched": 3,"Single Copy": false,"Plans": [{"Node Type": "Nested Loop","Parent Relationship": "Outer","Parallel Aware": false,"Async Capable": false,"Join Type": "Inner","Startup Cost": 4522.96,"Total Cost": 109121.63,"Plan Rows": 101642,"Plan Width": 24,"Actual Startup Time": 25.698,"Actual Total Time": 501.618,"Actual Rows": 7577,"Actual Loops": 4,"Inner Unique": false,"Workers": [],"Plans": [{"Node Type": "Hash Join","Parent Relationship": "Outer","Parallel Aware": true,"Async Capable": false,"Join Type": "Inner","Startup Cost": 4522.52,"Total Cost": 37279.84,"Plan Rows": 46782,"Plan Width": 12,"Actual Startup Time": 25.569,"Actual Total Time": 219.875,"Actual Rows": 36063,"Actual Loops": 4,"Inner Unique": true,"Hash Cond": "(orders.o_custkey = customer.c_custkey)","Workers": [],"Plans": [{"Node Type": "Seq Scan","Parent Relationship": "Outer","Parallel Aware": true,"Async Capable": false,"Relation Name": "orders","Alias": "orders","Startup Cost": 0.00,"Total Cost": 32143.39,"Plan Rows": 233868,"Plan Width": 16,"Actual Startup Time": 0.013,"Actual Total Time": 142.359,"Actual Rows": 180728,"Actual Loops": 4,"Filter": "(o_orderdate < '1995-03-08'::date)","Rows Removed by Filter": 194272,"Workers": []},{"Node Type": "Hash","Parent Relationship": "Inner","Parallel Aware": true,"Async Capable": false,"Startup Cost": 4366.25,"Total Cost": 4366.25,"Plan Rows": 12502,"Plan Width": 4,"Actual Startup Time": 25.061,"Actual Total Time": 25.066,"Actual Rows": 7547,"Actual Loops": 4,"Hash Buckets": 32768,"Original Hash Buckets": 32768,"Hash Batches": 1,"Original Hash Batches": 1,"Peak Memory Usage": 1472,"Workers": [],"Plans": [{"Node Type": "Seq Scan","Parent Relationship": "Outer","Parallel Aware": true,"Async Capable": false,"Relation Name": "customer","Alias": "customer","Startup Cost": 0.00,"Total Cost": 4366.25,"Plan Rows": 12502,"Plan Width": 4,"Actual Startup Time": 0.053,"Actual Total Time": 21.158,"Actual Rows": 7547,"Actual Loops": 4,"Filter": "(c_mktsegment = 'HOUSEHOLD'::bpchar)","Rows Removed by Filter": 29953,"Workers": []}]}]},{"Node Type": "Index Scan","Parent Relationship": "Inner","Parallel Aware": false,"Async Capable": false,"Scan Direction": "Forward","Index Name": "idx_lineitem_orderkey","Relation Name": "lineitem","Alias": "lineitem","Startup Cost": 0.43,"Total Cost": 1.45,"Plan Rows": 9,"Plan Width": 16,"Actual Startup Time": 0.007,"Actual Total Time": 0.008,"Actual Rows": 0,"Actual Loops": 144252,"Index Cond": "(l_orderkey = orders.o_orderkey)","Rows Removed by Index Recheck": 0,"Filter": "(l_shipdate > '1995-03-08'::date)","Rows Removed by Filter": 4,"Workers": []}]}]}]}]},"Planning Time": 5.823,"Triggers": [],"Execution Time": 563.886}]
[{"Plan": {"Node Type": "Sort","Parallel Aware": false,"Async Capable": false,"Startup Cost": 181975.15,"Total Cost": 182779.29,"Plan Rows": 321657,"Plan Width": 44,"Actual Startup Time": 540.260,"Actual Total Time": 552.538,"Actual Rows": 11436,"Actual Loops": 1,"Sort Key": ["(sum((lineitem.l_extendedprice * ('1'::numeric - lineitem.l_discount)))) DESC", "orders.o_orderdate"],"Sort Method": "quicksort","Sort Space Used": 1099,"Sort Space Type": "Memory","Plans": [{"Node Type": "Aggregate","Strategy": "Hashed","Partial Mode": "Simple","Parent Relationship": "Outer","Parallel Aware": false,"Async Capable": false,"Startup Cost": 148530.60,"Total Cost": 152551.31,"Plan Rows": 321657,"Plan Width": 44,"Actual Startup Time": 518.657,"Actual Total Time": 542.407,"Actual Rows": 11436,"Actual Loops": 1,"Group Key": ["lineitem.l_orderkey", "orders.o_orderdate", "orders.o_shippriority"],"Planned Partitions": 0,"HashAgg Batches": 1,"Peak Memory Usage": 20497,"Disk Usage": 0,"Plans": [{"Node Type": "Gather","Parent Relationship": "Outer","Parallel Aware": false,"Async Capable": false,"Startup Cost": 5526.18,"Total Cost": 143705.75,"Plan Rows": 321657,"Plan Width": 24,"Actual Startup Time": 32.938,"Actual Total Time": 493.972,"Actual Rows": 30309,"Actual Loops": 1,"Workers Planned": 3,"Workers Launched": 3,"Single Copy": false,"Plans": [{"Node Type": "Nested Loop","Parent Relationship": "Outer","Parallel Aware": false,"Async Capable": false,"Join Type": "Inner","Startup Cost": 4526.18,"Total Cost": 110540.05,"Plan Rows": 103760,"Plan Width": 24,"Actual Startup Time": 25.951,"Actual Total Time": 501.335,"Actual Rows": 7577,"Actual Loops": 4,"Inner Unique": false,"Workers": [],"Plans": [{"Node Type": "Hash Join","Parent Relationship": "Outer","Parallel Aware": true,"Async Capable": false,"Join Type": "Inner","Startup Cost": 4525.75,"Total Cost": 37282.06,"Plan Rows": 47670,"Plan Width": 12,"Actual Startup Time": 25.712,"Actual Total Time": 221.432,"Actual Rows": 36012,"Actual Loops": 4,"Inner Unique": true,"Hash Cond": "(orders.o_custkey = customer.c_custkey)","Workers": [],"Plans": [{"Node Type": "Seq Scan","Parent Relationship": "Outer","Parallel Aware": true,"Async Capable": false,"Relation Name": "orders","Alias": "orders","Startup Cost": 0.00,"Total Cost": 32143.39,"Plan Rows": 233486,"Plan Width": 16,"Actual Startup Time": 0.018,"Actual Total Time": 144.059,"Actual Rows": 180414,"Actual Loops": 4,"Filter": "(o_orderdate < '1995-03-06'::date)","Rows Removed by Filter": 194586,"Workers": []},{"Node Type": "Hash","Parent Relationship": "Inner","Parallel Aware": true,"Async Capable": false,"Startup Cost": 4366.25,"Total Cost": 4366.25,"Plan Rows": 12760,"Plan Width": 4,"Actual Startup Time": 25.265,"Actual Total Time": 25.271,"Actual Rows": 7492,"Actual Loops": 4,"Hash Buckets": 32768,"Original Hash Buckets": 32768,"Hash Batches": 1,"Original Hash Batches": 1,"Peak Memory Usage": 1504,"Workers": [],"Plans": [{"Node Type": "Seq Scan","Parent Relationship": "Outer","Parallel Aware": true,"Async Capable": false,"Relation Name": "customer","Alias": "customer","Startup Cost": 0.00,"Total Cost": 4366.25,"Plan Rows": 12760,"Plan Width": 4,"Actual Startup Time": 0.051,"Actual Total Time": 21.547,"Actual Rows": 7492,"Actual Loops": 4,"Filter": "(c_mktsegment = 'FURNITURE'::bpchar)","Rows Removed by Filter": 30008,"Workers": []}]}]},{"Node Type": "Index Scan","Parent Relationship": "Inner","Parallel Aware": false,"Async Capable": false,"Scan Direction": "Forward","Index Name": "idx_lineitem_orderkey","Relation Name": "lineitem","Alias": "lineitem","Startup Cost": 0.43,"Total Cost": 1.45,"Plan Rows": 9,"Plan Width": 16,"Actual Startup Time": 0.007,"Actual Total Time": 0.008,"Actual Rows": 0,"Actual Loops": 144046,"Index Cond": "(l_orderkey = orders.o_orderkey)","Rows Removed by Index Recheck": 0,"Filter": "(l_shipdate > '1995-03-06'::date)","Rows Removed by Filter": 4,"Workers": []}]}]}]}]},"Planning Time": 5.543,"Triggers": [],"Execution Time": 564.945}]
[{"Plan": {"Node Type": "Sort","Parallel Aware": false,"Async Capable": false,"Startup Cost": 177804.18,"Total Cost": 178583.08,"Plan Rows": 311560,"Plan Width": 44,"Actual Startup Time": 516.329,"Actual Total Time": 527.903,"Actual Rows": 11524,"Actual Loops": 1,"Sort Key": ["(sum((lineitem.l_extendedprice * ('1'::numeric - lineitem.l_discount)))) DESC", "orders.o_orderdate"],"Sort Method": "quicksort","Sort Space Used": 1105,"Sort Space Type": "Memory","Plans": [{"Node Type": "Aggregate","Strategy": "Hashed","Partial Mode": "Simple","Parent Relationship": "Outer","Parallel Aware": false,"Async Capable": false,"Startup Cost": 145481.16,"Total Cost": 149375.66,"Plan Rows": 311560,"Plan Width": 44,"Actual Startup Time": 495.295,"Actual Total Time": 519.893,"Actual Rows": 11524,"Actual Loops": 1,"Group Key": ["lineitem.l_orderkey", "orders.o_orderdate", "orders.o_shippriority"],"Planned Partitions": 0,"HashAgg Batches": 1,"Peak Memory Usage": 20497,"Disk Usage": 0,"Plans": [{"Node Type": "Gather","Parent Relationship": "Outer","Parallel Aware": false,"Async Capable": false,"Startup Cost": 5521.08,"Total Cost": 140807.76,"Plan Rows": 311560,"Plan Width": 24,"Actual Startup Time": 28.922,"Actual Total Time": 475.157,"Actual Rows": 30367,"Actual Loops": 1,"Workers Planned": 3,"Workers Launched": 3,"Single Copy": false,"Plans": [{"Node Type": "Nested Loop","Parent Relationship": "Outer","Parallel Aware": false,"Async Capable": false,"Join Type": "Inner","Startup Cost": 4521.08,"Total Cost": 108651.76,"Plan Rows": 100503,"Plan Width": 24,"Actual Startup Time": 22.141,"Actual Total Time": 478.826,"Actual Rows": 7592,"Actual Loops": 4,"Inner Unique": false,"Workers": [],"Plans": [{"Node Type": "Hash Join","Parent Relationship": "Outer","Parallel Aware": true,"Async Capable": false,"Join Type": "Inner","Startup Cost": 4520.65,"Total Cost": 37283.95,"Plan Rows": 46671,"Plan Width": 12,"Actual Startup Time": 21.725,"Actual Total Time": 204.014,"Actual Rows": 36257,"Actual Loops": 4,"Inner Unique": true,"Hash Cond": "(orders.o_custkey = customer.c_custkey)","Workers": [],"Plans": [{"Node Type": "Seq Scan","Parent Relationship": "Outer","Parallel Aware": true,"Async Capable": false,"Relation Name": "orders","Alias": "orders","Startup Cost": 0.00,"Total Cost": 32143.39,"Plan Rows": 236150,"Plan Width": 16,"Actual Startup Time": 0.009,"Actual Total Time": 137.037,"Actual Rows": 182297,"Actual Loops": 4,"Filter": "(o_orderdate < '1995-03-18'::date)","Rows Removed by Filter": 192703,"Workers": []},{"Node Type": "Hash","Parent Relationship": "Inner","Parallel Aware": true,"Async Capable": false,"Startup Cost": 4366.25,"Total Cost": 4366.25,"Plan Rows": 12352,"Plan Width": 4,"Actual Startup Time": 21.289,"Actual Total Time": 21.295,"Actual Rows": 7438,"Actual Loops": 4,"Hash Buckets": 32768,"Original Hash Buckets": 32768,"Hash Batches": 1,"Original Hash Batches": 1,"Peak Memory Usage": 1504,"Workers": [],"Plans": [{"Node Type": "Seq Scan","Parent Relationship": "Outer","Parallel Aware": true,"Async Capable": false,"Relation Name": "customer","Alias": "customer","Startup Cost": 0.00,"Total Cost": 4366.25,"Plan Rows": 12352,"Plan Width": 4,"Actual Startup Time": 0.025,"Actual Total Time": 18.334,"Actual Rows": 7438,"Actual Loops": 4,"Filter": "(c_mktsegment = 'AUTOMOBILE'::bpchar)","Rows Removed by Filter": 30062,"Workers": []}]}]},{"Node Type": "Index Scan","Parent Relationship": "Inner","Parallel Aware": false,"Async Capable": false,"Scan Direction": "Forward","Index Name": "idx_lineitem_orderkey","Relation Name": "lineitem","Alias": "lineitem","Startup Cost": 0.43,"Total Cost": 1.44,"Plan Rows": 9,"Plan Width": 16,"Actual Startup Time": 0.007,"Actual Total Time": 0.007,"Actual Rows": 0,"Actual Loops": 145028,"Index Cond": "(l_orderkey = orders.o_orderkey)","Rows Removed by Index Recheck": 0,"Filter": "(l_shipdate > '1995-03-18'::date)","Rows Removed by Filter": 4,"Workers": []}]}]}]}]},"Planning Time": 6.494,"Triggers": [],"Execution Time": 541.701}]
[{"Plan": {"Node Type": "Sort","Parallel Aware": false,"Async Capable": false,"Startup Cost": 182924.83,"Total Cost": 183729.35,"Plan Rows": 321807,"Plan Width": 44,"Actual Startup Time": 514.771,"Actual Total Time": 525.262,"Actual Rows": 11450,"Actual Loops": 1,"Sort Key": ["(sum((lineitem.l_extendedprice * ('1'::numeric - lineitem.l_discount)))) DESC", "orders.o_orderdate"],"Sort Method": "quicksort","Sort Space Used": 1100,"Sort Space Type": "Memory","Plans": [{"Node Type": "Aggregate","Strategy": "Hashed","Partial Mode": "Simple","Parent Relationship": "Outer","Parallel Aware": false,"Async Capable": false,"Startup Cost": 149463.60,"Total Cost": 153486.19,"Plan Rows": 321807,"Plan Width": 44,"Actual Startup Time": 491.950,"Actual Total Time": 516.728,"Actual Rows": 11450,"Actual Loops": 1,"Group Key": ["lineitem.l_orderkey", "orders.o_orderdate", "orders.o_shippriority"],"Planned Partitions": 0,"HashAgg Batches": 1,"Peak Memory Usage": 20497,"Disk Usage": 0,"Plans": [{"Node Type": "Gather","Parent Relationship": "Outer","Parallel Aware": false,"Async Capable": false,"Startup Cost": 5526.18,"Total Cost": 144636.49,"Plan Rows": 321807,"Plan Width": 24,"Actual Startup Time": 29.549,"Actual Total Time": 470.093,"Actual Rows": 30475,"Actual Loops": 1,"Workers Planned": 3,"Workers Launched": 3,"Single Copy": false,"Plans": [{"Node Type": "Nested Loop","Parent Relationship": "Outer","Parallel Aware": false,"Async Capable": false,"Join Type": "Inner","Startup Cost": 4526.18,"Total Cost": 111455.79,"Plan Rows": 103809,"Plan Width": 24,"Actual Startup Time": 22.741,"Actual Total Time": 475.356,"Actual Rows": 7619,"Actual Loops": 4,"Inner Unique": false,"Workers": [],"Plans": [{"Node Type": "Hash Join","Parent Relationship": "Outer","Parallel Aware": true,"Async Capable": false,"Join Type": "Inner","Startup Cost": 4525.75,"Total Cost": 37295.51,"Plan Rows": 48716,"Plan Width": 12,"Actual Startup Time": 22.529,"Actual Total Time": 203.769,"Actual Rows": 36758,"Actual Loops": 4,"Inner Unique": true,"Hash Cond": "(orders.o_custkey = customer.c_custkey)","Workers": [],"Plans": [{"Node Type": "Seq Scan","Parent Relationship": "Outer","Parallel Aware": true,"Async Capable": false,"Relation Name": "orders","Alias": "orders","Startup Cost": 0.00,"Total Cost": 32143.39,"Plan Rows": 238609,"Plan Width": 16,"Actual Startup Time": 0.011,"Actual Total Time": 134.727,"Actual Rows": 184142,"Actual Loops": 4,"Filter": "(o_orderdate < '1995-03-30'::date)","Rows Removed by Filter": 190858,"Workers": []},{"Node Type": "Hash","Parent Relationship": "Inner","Parallel Aware": true,"Async Capable": false,"Startup Cost": 4366.25,"Total Cost": 4366.25,"Plan Rows": 12760,"Plan Width": 4,"Actual Startup Time": 22.063,"Actual Total Time": 22.069,"Actual Rows": 7492,"Actual Loops": 4,"Hash Buckets": 32768,"Original Hash Buckets": 32768,"Hash Batches": 1,"Original Hash Batches": 1,"Peak Memory Usage": 1504,"Workers": [],"Plans": [{"Node Type": "Seq Scan","Parent Relationship": "Outer","Parallel Aware": true,"Async Capable": false,"Relation Name": "customer","Alias": "customer","Startup Cost": 0.00,"Total Cost": 4366.25,"Plan Rows": 12760,"Plan Width": 4,"Actual Startup Time": 0.033,"Actual Total Time": 19.019,"Actual Rows": 7492,"Actual Loops": 4,"Filter": "(c_mktsegment = 'FURNITURE'::bpchar)","Rows Removed by Filter": 30008,"Workers": []}]}]},{"Node Type": "Index Scan","Parent Relationship": "Inner","Parallel Aware": false,"Async Capable": false,"Scan Direction": "Forward","Index Name": "idx_lineitem_orderkey","Relation Name": "lineitem","Alias": "lineitem","Startup Cost": 0.43,"Total Cost": 1.43,"Plan Rows": 9,"Plan Width": 16,"Actual Startup Time": 0.007,"Actual Total Time": 0.007,"Actual Rows": 0,"Actual Loops": 147034,"Index Cond": "(l_orderkey = orders.o_orderkey)","Rows Removed by Index Recheck": 0,"Filter": "(l_shipdate > '1995-03-30'::date)","Rows Removed by Filter": 4,"Workers": []}]}]}]}]},"Planning Time": 4.736,"Triggers": [],"Execution Time": 538.193}]
[{"Plan": {"Node Type": "Sort","Parallel Aware": false,"Async Capable": false,"Startup Cost": 179528.29,"Total Cost": 180316.65,"Plan Rows": 315344,"Plan Width": 44,"Actual Startup Time": 520.119,"Actual Total Time": 529.996,"Actual Rows": 11418,"Actual Loops": 1,"Sort Key": ["(sum((lineitem.l_extendedprice * ('1'::numeric - lineitem.l_discount)))) DESC", "orders.o_orderdate"],"Sort Method": "quicksort","Sort Space Used": 1098,"Sort Space Type": "Memory","Plans": [{"Node Type": "Aggregate","Strategy": "Hashed","Partial Mode": "Simple","Parent Relationship": "Outer","Parallel Aware": false,"Async Capable": false,"Startup Cost": 146785.23,"Total Cost": 150727.03,"Plan Rows": 315344,"Plan Width": 44,"Actual Startup Time": 497.796,"Actual Total Time": 521.748,"Actual Rows": 11418,"Actual Loops": 1,"Group Key": ["lineitem.l_orderkey", "orders.o_orderdate", "orders.o_shippriority"],"Planned Partitions": 0,"HashAgg Batches": 1,"Peak Memory Usage": 20497,"Disk Usage": 0,"Plans": [{"Node Type": "Gather","Parent Relationship": "Outer","Parallel Aware": false,"Async Capable": false,"Startup Cost": 5522.96,"Total Cost": 142055.07,"Plan Rows": 315344,"Plan Width": 24,"Actual Startup Time": 29.605,"Actual Total Time": 475.929,"Actual Rows": 30273,"Actual Loops": 1,"Workers Planned": 3,"Workers Launched": 3,"Single Copy": false,"Plans": [{"Node Type": "Nested Loop","Parent Relationship": "Outer","Parallel Aware": false,"Async Capable": false,"Join Type": "Inner","Startup Cost": 4522.96,"Total Cost": 109520.67,"Plan Rows": 101724,"Plan Width": 24,"Actual Startup Time": 22.712,"Actual Total Time": 481.432,"Actual Rows": 7568,"Actual Loops": 4,"Inner Unique": false,"Workers": [],"Plans": [{"Node Type": "Hash Join","Parent Relationship": "Outer","Parallel Aware": true,"Async Capable": false,"Join Type": "Inner","Startup Cost": 4522.52,"Total Cost": 37285.83,"Plan Rows": 47238,"Plan Width": 12,"Actual Startup Time": 22.591,"Actual Total Time": 206.068,"Actual Rows": 36382,"Actual Loops": 4,"Inner Unique": true,"Hash Cond": "(orders.o_custkey = customer.c_custkey)","Workers": [],"Plans": [{"Node Type": "Seq Scan","Parent Relationship": "Outer","Parallel Aware": true,"Async Capable": false,"Relation Name": "orders","Alias": "orders","Startup Cost": 0.00,"Total Cost": 32143.39,"Plan Rows": 236150,"Plan Width": 16,"Actual Startup Time": 0.011,"Actual Total Time": 137.568,"Actual Rows": 182297,"Actual Loops": 4,"Filter": "(o_orderdate < '1995-03-18'::date)","Rows Removed by Filter": 192703,"Workers": []},{"Node Type": "Hash","Parent Relationship": "Inner","Parallel Aware": true,"Async Capable": false,"Startup Cost": 4366.25,"Total Cost": 4366.25,"Plan Rows": 12502,"Plan Width": 4,"Actual Startup Time": 22.130,"Actual Total Time": 22.133,"Actual Rows": 7547,"Actual Loops": 4,"Hash Buckets": 32768,"Original Hash Buckets": 32768,"Hash Batches": 1,"Original Hash Batches": 1,"Peak Memory Usage": 1472,"Workers": [],"Plans": [{"Node Type": "Seq Scan","Parent Relationship": "Outer","Parallel Aware": true,"Async Capable": false,"Relation Name": "customer","Alias": "customer","Startup Cost": 0.00,"Total Cost": 4366.25,"Plan Rows": 12502,"Plan Width": 4,"Actual Startup Time": 0.043,"Actual Total Time": 19.149,"Actual Rows": 7547,"Actual Loops": 4,"Filter": "(c_mktsegment = 'HOUSEHOLD'::bpchar)","Rows Removed by Filter": 29953,"Workers": []}]}]},{"Node Type": "Index Scan","Parent Relationship": "Inner","Parallel Aware": false,"Async Capable": false,"Scan Direction": "Forward","Index Name": "idx_lineitem_orderkey","Relation Name": "lineitem","Alias": "lineitem","Startup Cost": 0.43,"Total Cost": 1.44,"Plan Rows": 9,"Plan Width": 16,"Actual Startup Time": 0.007,"Actual Total Time": 0.007,"Actual Rows": 0,"Actual Loops": 145528,"Index Cond": "(l_orderkey = orders.o_orderkey)","Rows Removed by Index Recheck": 0,"Filter": "(l_shipdate > '1995-03-18'::date)","Rows Removed by Filter": 4,"Workers": []}]}]}]}]},"Planning Time": 5.362,"Triggers": [],"Execution Time": 542.743}]
[{"Plan": {"Node Type": "Sort","Parallel Aware": false,"Async Capable": false,"Startup Cost": 179767.84,"Total Cost": 180556.10,"Plan Rows": 315304,"Plan Width": 44,"Actual Startup Time": 529.036,"Actual Total Time": 539.507,"Actual Rows": 11295,"Actual Loops": 1,"Sort Key": ["(sum((lineitem.l_extendedprice * ('1'::numeric - lineitem.l_discount)))) DESC", "orders.o_orderdate"],"Sort Method": "quicksort","Sort Space Used": 1090,"Sort Space Type": "Memory","Plans": [{"Node Type": "Aggregate","Strategy": "Hashed","Partial Mode": "Simple","Parent Relationship": "Outer","Parallel Aware": false,"Async Capable": false,"Startup Cost": 147029.22,"Total Cost": 150970.52,"Plan Rows": 315304,"Plan Width": 44,"Actual Startup Time": 506.800,"Actual Total Time": 531.527,"Actual Rows": 11295,"Actual Loops": 1,"Group Key": ["lineitem.l_orderkey", "orders.o_orderdate", "orders.o_shippriority"],"Planned Partitions": 0,"HashAgg Batches": 1,"Peak Memory Usage": 20497,"Disk Usage": 0,"Plans": [{"Node Type": "Gather","Parent Relationship": "Outer","Parallel Aware": false,"Async Capable": false,"Startup Cost": 5522.96,"Total Cost": 142299.66,"Plan Rows": 315304,"Plan Width": 24,"Actual Startup Time": 29.598,"Actual Total Time": 486.084,"Actual Rows": 30004,"Actual Loops": 1,"Workers Planned": 3,"Workers Launched": 3,"Single Copy": false,"Plans": [{"Node Type": "Nested Loop","Parent Relationship": "Outer","Parallel Aware": false,"Async Capable": false,"Join Type": "Inner","Startup Cost": 4522.96,"Total Cost": 109769.26,"Plan Rows": 101711,"Plan Width": 24,"Actual Startup Time": 22.619,"Actual Total Time": 490.297,"Actual Rows": 7501,"Actual Loops": 4,"Inner Unique": false,"Workers": [],"Plans": [{"Node Type": "Hash Join","Parent Relationship": "Outer","Parallel Aware": true,"Async Capable": false,"Join Type": "Inner","Startup Cost": 4522.52,"Total Cost": 37289.56,"Plan Rows": 47522,"Plan Width": 12,"Actual Startup Time": 22.483,"Actual Total Time": 206.724,"Actual Rows": 36588,"Actual Loops": 4,"Inner Unique": true,"Hash Cond": "(orders.o_custkey = customer.c_custkey)","Workers": [],"Plans": [{"Node Type": "Seq Scan","Parent Relationship": "Outer","Parallel Aware": true,"Async Capable": false,"Relation Name": "orders","Alias": "orders","Startup Cost": 0.00,"Total Cost": 32143.39,"Plan Rows": 237570,"Plan Width": 16,"Actual Startup Time": 0.009,"Actual Total Time": 138.540,"Actual Rows": 183364,"Actual Loops": 4,"Filter": "(o_orderdate < '1995-03-25'::date)","Rows Removed by Filter": 191636,"Workers": []},{"Node Type": "Hash","Parent Relationship": "Inner","Parallel Aware": true,"Async Capable": false,"Startup Cost": 4366.25,"Total Cost": 4366.25,"Plan Rows": 12502,"Plan Width": 4,"Actual Startup Time": 22.032,"Actual Total Time": 22.038,"Actual Rows": 7547,"Actual Loops": 4,"Hash Buckets": 32768,"Original Hash Buckets": 32768,"Hash Batches": 1,"Original Hash Batches": 1,"Peak Memory Usage": 1504,"Workers": [],"Plans": [{"Node Type": "Seq Scan","Parent Relationship": "Outer","Parallel Aware": true,"Async Capable": false,"Relation Name": "customer","Alias": "customer","Startup Cost": 0.00,"Total Cost": 4366.25,"Plan Rows": 12502,"Plan Width": 4,"Actual Startup Time": 0.048,"Actual Total Time": 19.077,"Actual Rows": 7547,"Actual Loops": 4,"Filter": "(c_mktsegment = 'HOUSEHOLD'::bpchar)","Rows Removed by Filter": 29953,"Workers": []}]}]},{"Node Type": "Index Scan","Parent Relationship": "Inner","Parallel Aware": false,"Async Capable": false,"Scan Direction": "Forward","Index Name": "idx_lineitem_orderkey","Relation Name": "lineitem","Alias": "lineitem","Startup Cost": 0.43,"Total Cost": 1.44,"Plan Rows": 9,"Plan Width": 16,"Actual Startup Time": 0.007,"Actual Total Time": 0.008,"Actual Rows": 0,"Actual Loops": 146352,"Index Cond": "(l_orderkey = orders.o_orderkey)","Rows Removed by Index Recheck": 0,"Filter": "(l_shipdate > '1995-03-25'::date)","Rows Removed by Filter": 4,"Workers": []}]}]}]}]},"Planning Time": 5.638,"Triggers": [],"Execution Time": 553.225}]
[{"Plan": {"Node Type": "Sort","Parallel Aware": false,"Async Capable": false,"Startup Cost": 179043.50,"Total Cost": 179831.30,"Plan Rows": 315118,"Plan Width": 44,"Actual Startup Time": 533.785,"Actual Total Time": 543.829,"Actual Rows": 11410,"Actual Loops": 1,"Sort Key": ["(sum((lineitem.l_extendedprice * ('1'::numeric - lineitem.l_discount)))) DESC", "orders.o_orderdate"],"Sort Method": "quicksort","Sort Space Used": 1098,"Sort Space Type": "Memory","Plans": [{"Node Type": "Aggregate","Strategy": "Hashed","Partial Mode": "Simple","Parent Relationship": "Outer","Parallel Aware": false,"Async Capable": false,"Startup Cost": 146325.53,"Total Cost": 150264.51,"Plan Rows": 315118,"Plan Width": 44,"Actual Startup Time": 512.378,"Actual Total Time": 535.740,"Actual Rows": 11410,"Actual Loops": 1,"Group Key": ["lineitem.l_orderkey", "orders.o_orderdate", "orders.o_shippriority"],"Planned Partitions": 0,"HashAgg Batches": 1,"Peak Memory Usage": 20497,"Disk Usage": 0,"Plans": [{"Node Type": "Gather","Parent Relationship": "Outer","Parallel Aware": false,"Async Capable": false,"Startup Cost": 5522.96,"Total Cost": 141598.76,"Plan Rows": 315118,"Plan Width": 24,"Actual Startup Time": 31.468,"Actual Total Time": 490.421,"Actual Rows": 30245,"Actual Loops": 1,"Workers Planned": 3,"Workers Launched": 3,"Single Copy": false,"Plans": [{"Node Type": "Nested Loop","Parent Relationship": "Outer","Parallel Aware": false,"Async Capable": false,"Join Type": "Inner","Startup Cost": 4522.96,"Total Cost": 109086.96,"Plan Rows": 101651,"Plan Width": 24,"Actual Startup Time": 24.283,"Actual Total Time": 495.432,"Actual Rows": 7561,"Actual Loops": 4,"Inner Unique": false,"Workers": [],"Plans": [{"Node Type": "Hash Join","Parent Relationship": "Outer","Parallel Aware": true,"Async Capable": false,"Join Type": "Inner","Startup Cost": 4522.52,"Total Cost": 37279.34,"Plan Rows": 46743,"Plan Width": 12,"Actual Startup Time": 24.158,"Actual Total Time": 215.921,"Actual Rows": 36028,"Actual Loops": 4,"Inner Unique": true,"Hash Cond": "(orders.o_custkey = customer.c_custkey)","Workers": [],"Plans": [{"Node Type": "Seq Scan","Parent Relationship": "Outer","Parallel Aware": true,"Async Capable": false,"Relation Name": "orders","Alias": "orders","Startup Cost": 0.00,"Total Cost": 32143.39,"Plan Rows": 233677,"Plan Width": 16,"Actual Startup Time": 0.012,"Actual Total Time": 140.866,"Actual Rows": 180569,"Actual Loops": 4,"Filter": "(o_orderdate < '1995-03-07'::date)","Rows Removed by Filter": 194431,"Workers": []},{"Node Type": "Hash","Parent Relationship": "Inner","Parallel Aware": true,"Async Capable": false,"Startup Cost": 4366.25,"Total Cost": 4366.25,"Plan Rows": 12502,"Plan Width": 4,"Actual Startup Time": 23.605,"Actual Total Time": 23.608,"Actual Rows": 7547,"Actual Loops": 4,"Hash Buckets": 32768,"Original Hash Buckets": 32768,"Hash Batches": 1,"Original Hash Batches": 1,"Peak Memory Usage": 1536,"Workers": [],"Plans": [{"Node Type": "Seq Scan","Parent Relationship": "Outer","Parallel Aware": true,"Async Capable": false,"Relation Name": "customer","Alias": "customer","Startup Cost": 0.00,"Total Cost": 4366.25,"Plan Rows": 12502,"Plan Width": 4,"Actual Startup Time": 0.040,"Actual Total Time": 20.327,"Actual Rows": 7547,"Actual Loops": 4,"Filter": "(c_mktsegment = 'HOUSEHOLD'::bpchar)","Rows Removed by Filter": 29953,"Workers": []}]}]},{"Node Type": "Index Scan","Parent Relationship": "Inner","Parallel Aware": false,"Async Capable": false,"Scan Direction": "Forward","Index Name": "idx_lineitem_orderkey","Relation Name": "lineitem","Alias": "lineitem","Startup Cost": 0.43,"Total Cost": 1.45,"Plan Rows": 9,"Plan Width": 16,"Actual Startup Time": 0.007,"Actual Total Time": 0.008,"Actual Rows": 0,"Actual Loops": 144113,"Index Cond": "(l_orderkey = orders.o_orderkey)","Rows Removed by Index Recheck": 0,"Filter": "(l_shipdate > '1995-03-07'::date)","Rows Removed by Filter": 4,"Workers": []}]}]}]}]},"Planning Time": 6.461,"Triggers": [],"Execution Time": 556.675}]
[{"Plan": {"Node Type": "Sort","Parallel Aware": false,"Async Capable": false,"Startup Cost": 177898.35,"Total Cost": 178677.16,"Plan Rows": 311522,"Plan Width": 44,"Actual Startup Time": 544.402,"Actual Total Time": 554.531,"Actual Rows": 11490,"Actual Loops": 1,"Sort Key": ["(sum((lineitem.l_extendedprice * ('1'::numeric - lineitem.l_discount)))) DESC", "orders.o_orderdate"],"Sort Method": "quicksort","Sort Space Used": 1103,"Sort Space Type": "Memory","Plans": [{"Node Type": "Aggregate","Strategy": "Hashed","Partial Mode": "Simple","Parent Relationship": "Outer","Parallel Aware": false,"Async Capable": false,"Startup Cost": 145579.54,"Total Cost": 149473.57,"Plan Rows": 311522,"Plan Width": 44,"Actual Startup Time": 521.900,"Actual Total Time": 546.210,"Actual Rows": 11490,"Actual Loops": 1,"Group Key": ["lineitem.l_orderkey", "orders.o_orderdate", "orders.o_shippriority"],"Planned Partitions": 0,"HashAgg Batches": 1,"Peak Memory Usage": 20497,"Disk Usage": 0,"Plans": [{"Node Type": "Gather","Parent Relationship": "Outer","Parallel Aware": false,"Async Capable": false,"Startup Cost": 5521.08,"Total Cost": 140906.71,"Plan Rows": 311522,"Plan Width": 24,"Actual Startup Time": 33.401,"Actual Total Time": 499.784,"Actual Rows": 30281,"Actual Loops": 1,"Workers Planned": 3,"Workers Launched": 3,"Single Copy": false,"Plans": [{"Node Type": "Nested Loop","Parent Relationship": "Outer","Parallel Aware": false,"Async Capable": false,"Join Type": "Inner","Startup Cost": 4521.08,"Total Cost": 108754.51,"Plan Rows": 100491,"Plan Width": 24,"Actual Startup Time": 26.228,"Actual Total Time": 505.023,"Actual Rows": 7570,"Actual Loops": 4,"Inner Unique": false,"Workers": [],"Plans": [{"Node Type": "Hash Join","Parent Relationship": "Outer","Parallel Aware": true,"Async Capable": false,"Join Type": "Inner","Startup Cost": 4520.65,"Total Cost": 37285.50,"Plan Rows": 46788,"Plan Width": 12,"Actual Startup Time": 25.784,"Actual Total Time": 220.376,"Actual Rows": 36346,"Actual Loops": 4,"Inner Unique": true,"Hash Cond": "(orders.o_custkey = customer.c_custkey)","Workers": [],"Plans": [{"Node Type": "Seq Scan","Parent Relationship": "Outer","Parallel Aware": true,"Async Capable": false,"Relation Name": "orders","Alias": "orders","Startup Cost": 0.00,"Total Cost": 32143.39,"Plan Rows": 236740,"Plan Width": 16,"Actual Startup Time": 0.009,"Actual Total Time": 144.365,"Actual Rows": 182768,"Actual Loops": 4,"Filter": "(o_orderdate < '1995-03-21'::date)","Rows Removed by Filter": 192232,"Workers": []},{"Node Type": "Hash","Parent Relationship": "Inner","Parallel Aware": true,"Async Capable": false,"Startup Cost": 4366.25,"Total Cost": 4366.25,"Plan Rows": 12352,"Plan Width": 4,"Actual Startup Time": 25.325,"Actual Total Time": 25.329,"Actual Rows": 7438,"Actual Loops": 4,"Hash Buckets": 32768,"Original Hash Buckets": 32768,"Hash Batches": 1,"Original Hash Batches": 1,"Peak Memory Usage": 1504,"Workers": [],"Plans": [{"Node Type": "Seq Scan","Parent Relationship": "Outer","Parallel Aware": true,"Async Capable": false,"Relation Name": "customer","Alias": "customer","Startup Cost": 0.00,"Total Cost": 4366.25,"Plan Rows": 12352,"Plan Width": 4,"Actual Startup Time": 0.043,"Actual Total Time": 21.768,"Actual Rows": 7438,"Actual Loops": 4,"Filter": "(c_mktsegment = 'AUTOMOBILE'::bpchar)","Rows Removed by Filter": 30062,"Workers": []}]}]},{"Node Type": "Index Scan","Parent Relationship": "Inner","Parallel Aware": false,"Async Capable": false,"Scan Direction": "Forward","Index Name": "idx_lineitem_orderkey","Relation Name": "lineitem","Alias": "lineitem","Startup Cost": 0.43,"Total Cost": 1.44,"Plan Rows": 9,"Plan Width": 16,"Actual Startup Time": 0.007,"Actual Total Time": 0.008,"Actual Rows": 0,"Actual Loops": 145386,"Index Cond": "(l_orderkey = orders.o_orderkey)","Rows Removed by Index Recheck": 0,"Filter": "(l_shipdate > '1995-03-21'::date)","Rows Removed by Filter": 4,"Workers": []}]}]}]}]},"Planning Time": 6.282,"Triggers": [],"Execution Time": 569.554}]
[{"Plan": {"Node Type": "Sort","Parallel Aware": false,"Async Capable": false,"Startup Cost": 182667.65,"Total Cost": 183472.20,"Plan Rows": 321820,"Plan Width": 44,"Actual Startup Time": 543.744,"Actual Total Time": 552.991,"Actual Rows": 11462,"Actual Loops": 1,"Sort Key": ["(sum((lineitem.l_extendedprice * ('1'::numeric - lineitem.l_discount)))) DESC", "orders.o_orderdate"],"Sort Method": "quicksort","Sort Space Used": 1101,"Sort Space Type": "Memory","Plans": [{"Node Type": "Aggregate","Strategy": "Hashed","Partial Mode": "Simple","Parent Relationship": "Outer","Parallel Aware": false,"Async Capable": false,"Startup Cost": 149204.98,"Total Cost": 153227.73,"Plan Rows": 321820,"Plan Width": 44,"Actual Startup Time": 521.129,"Actual Total Time": 544.581,"Actual Rows": 11462,"Actual Loops": 1,"Group Key": ["lineitem.l_orderkey", "orders.o_orderdate", "orders.o_shippriority"],"Planned Partitions": 0,"HashAgg Batches": 1,"Peak Memory Usage": 20497,"Disk Usage": 0,"Plans": [{"Node Type": "Gather","Parent Relationship": "Outer","Parallel Aware": false,"Async Capable": false,"Startup Cost": 5526.18,"Total Cost": 144377.68,"Plan Rows": 321820,"Plan Width": 24,"Actual Startup Time": 32.860,"Actual Total Time": 495.078,"Actual Rows": 30397,"Actual Loops": 1,"Workers Planned": 3,"Workers Launched": 3,"Single Copy": false,"Plans": [{"Node Type": "Nested Loop","Parent Relationship": "Outer","Parallel Aware": false,"Async Capable": false,"Join Type": "Inner","Startup Cost": 4526.18,"Total Cost": 111195.68,"Plan Rows": 103813,"Plan Width": 24,"Actual Startup Time": 25.980,"Actual Total Time": 503.540,"Actual Rows": 7599,"Actual Loops": 4,"Inner Unique": false,"Workers": [],"Plans": [{"Node Type": "Hash Join","Parent Relationship": "Outer","Parallel Aware": true,"Async Capable": false,"Join Type": "Inner","Startup Cost": 4525.75,"Total Cost": 37291.69,"Plan Rows": 48419,"Plan Width": 12,"Actual Startup Time": 25.732,"Actual Total Time": 221.977,"Actual Rows": 36540,"Actual Loops": 4,"Inner Unique": true,"Hash Cond": "(orders.o_custkey = customer.c_custkey)","Workers": [],"Plans": [{"Node Type": "Seq Scan","Parent Relationship": "Outer","Parallel Aware": true,"Async Capable": false,"Relation Name": "orders","Alias": "orders","Startup Cost": 0.00,"Total Cost": 32143.39,"Plan Rows": 237155,"Plan Width": 16,"Actual Startup Time": 0.009,"Actual Total Time": 144.265,"Actual Rows": 183072,"Actual Loops": 4,"Filter": "(o_orderdate < '1995-03-23'::date)","Rows Removed by Filter": 191928,"Workers": []},{"Node Type": "Hash","Parent Relationship": "Inner","Parallel Aware": true,"Async Capable": false,"Startup Cost": 4366.25,"Total Cost": 4366.25,"Plan Rows": 12760,"Plan Width": 4,"Actual Startup Time": 25.309,"Actual Total Time": 25.314,"Actual Rows": 7492,"Actual Loops": 4,"Hash Buckets": 32768,"Original Hash Buckets": 32768,"Hash Batches": 1,"Original Hash Batches": 1,"Peak Memory Usage": 1504,"Workers": [],"Plans": [{"Node Type": "Seq Scan","Parent Relationship": "Outer","Parallel Aware": true,"Async Capable": false,"Relation Name": "customer","Alias": "customer","Startup Cost": 0.00,"Total Cost": 4366.25,"Plan Rows": 12760,"Plan Width": 4,"Actual Startup Time": 0.040,"Actual Total Time": 21.463,"Actual Rows": 7492,"Actual Loops": 4,"Filter": "(c_mktsegment = 'FURNITURE'::bpchar)","Rows Removed by Filter": 30008,"Workers": []}]}]},{"Node Type": "Index Scan","Parent Relationship": "Inner","Parallel Aware": false,"Async Capable": false,"Scan Direction": "Forward","Index Name": "idx_lineitem_orderkey","Relation Name": "lineitem","Alias": "lineitem","Startup Cost": 0.43,"Total Cost": 1.44,"Plan Rows": 9,"Plan Width": 16,"Actual Startup Time": 0.007,"Actual Total Time": 0.007,"Actual Rows": 0,"Actual Loops": 146161,"Index Cond": "(l_orderkey = orders.o_orderkey)","Rows Removed by Index Recheck": 0,"Filter": "(l_shipdate > '1995-03-23'::date)","Rows Removed by Filter": 4,"Workers": []}]}]}]}]},"Planning Time": 5.414,"Triggers": [],"Execution Time": 565.758}]
[{"Plan": {"Node Type": "Sort","Parallel Aware": false,"Async Capable": false,"Startup Cost": 178496.66,"Total Cost": 179277.96,"Plan Rows": 312520,"Plan Width": 44,"Actual Startup Time": 544.665,"Actual Total Time": 554.391,"Actual Rows": 11638,"Actual Loops": 1,"Sort Key": ["(sum((lineitem.l_extendedprice * ('1'::numeric - lineitem.l_discount)))) DESC", "orders.o_orderdate"],"Sort Method": "quicksort","Sort Space Used": 1112,"Sort Space Type": "Memory","Plans": [{"Node Type": "Aggregate","Strategy": "Hashed","Partial Mode": "Simple","Parent Relationship": "Outer","Parallel Aware": false,"Async Capable": false,"Startup Cost": 146067.11,"Total Cost": 149973.61,"Plan Rows": 312520,"Plan Width": 44,"Actual Startup Time": 521.685,"Actual Total Time": 545.953,"Actual Rows": 11638,"Actual Loops": 1,"Group Key": ["lineitem.l_orderkey", "orders.o_orderdate", "orders.o_shippriority"],"Planned Partitions": 0,"HashAgg Batches": 1,"Peak Memory Usage": 20497,"Disk Usage": 0,"Plans": [{"Node Type": "Gather","Parent Relationship": "Outer","Parallel Aware": false,"Async Capable": false,"Startup Cost": 5521.58,"Total Cost": 141379.31,"Plan Rows": 312520,"Plan Width": 24,"Actual Startup Time": 33.380,"Actual Total Time": 496.153,"Actual Rows": 30390,"Actual Loops": 1,"Workers Planned": 3,"Workers Launched": 3,"Single Copy": false,"Plans": [{"Node Type": "Nested Loop","Parent Relationship": "Outer","Parallel Aware": false,"Async Capable": false,"Join Type": "Inner","Startup Cost": 4521.58,"Total Cost": 109127.31,"Plan Rows": 100813,"Plan Width": 24,"Actual Startup Time": 26.346,"Actual Total Time": 504.196,"Actual Rows": 7598,"Actual Loops": 4,"Inner Unique": false,"Workers": [],"Plans": [{"Node Type": "Hash Join","Parent Relationship": "Outer","Parallel Aware": true,"Async Capable": false,"Join Type": "Inner","Startup Cost": 4521.15,"Total Cost": 37288.18,"Plan Rows": 47102,"Plan Width": 12,"Actual Startup Time": 26.215,"Actual Total Time": 221.202,"Actual Rows": 37097,"Actual Loops": 4,"Inner Unique": true,"Hash Cond": "(orders.o_custkey = customer.c_custkey)","Workers": [],"Plans": [{"Node Type": "Seq Scan","Parent Relationship": "Outer","Parallel Aware": true,"Async Capable": false,"Relation Name": "orders","Alias": "orders","Startup Cost": 0.00,"Total Cost": 32143.39,"Plan Rows": 237570,"Plan Width": 16,"Actual Startup Time": 0.017,"Actual Total Time": 143.115,"Actual Rows": 183364,"Actual Loops": 4,"Filter": "(o_orderdate < '1995-03-25'::date)","Rows Removed by Filter": 191636,"Workers": []},{"Node Type": "Hash","Parent Relationship": "Inner","Parallel Aware": true,"Async Capable": false,"Startup Cost": 4366.25,"Total Cost": 4366.25,"Plan Rows": 12392,"Plan Width": 4,"Actual Startup Time": 25.757,"Actual Total Time": 25.760,"Actual Rows": 7536,"Actual Loops": 4,"Hash Buckets": 32768,"Original Hash Buckets": 32768,"Hash Batches": 1,"Original Hash Batches": 1,"Peak Memory Usage": 1472,"Workers": [],"Plans": [{"Node Type": "Seq Scan","Parent Relationship": "Outer","Parallel Aware": true,"Async Capable": false,"Relation Name": "customer","Alias": "customer","Startup Cost": 0.00,"Total Cost": 4366.25,"Plan Rows": 12392,"Plan Width": 4,"Actual Startup Time": 0.035,"Actual Total Time": 22.045,"Actual Rows": 7536,"Actual Loops": 4,"Filter": "(c_mktsegment = 'BUILDING'::bpchar)","Rows Removed by Filter": 29964,"Workers": []}]}]},{"Node Type": "Index Scan","Parent Relationship": "Inner","Parallel Aware": false,"Async Capable": false,"Scan Direction": "Forward","Index Name": "idx_lineitem_orderkey","Relation Name": "lineitem","Alias": "lineitem","Startup Cost": 0.43,"Total Cost": 1.44,"Plan Rows": 9,"Plan Width": 16,"Actual Startup Time": 0.007,"Actual Total Time": 0.007,"Actual Rows": 0,"Actual Loops": 148389,"Index Cond": "(l_orderkey = orders.o_orderkey)","Rows Removed by Index Recheck": 0,"Filter": "(l_shipdate > '1995-03-25'::date)","Rows Removed by Filter": 4,"Workers": []}]}]}]}]},"Planning Time": 5.606,"Triggers": [],"Execution Time": 566.394}]
[{"Plan": {"Node Type": "Sort","Parallel Aware": false,"Async Capable": false,"Startup Cost": 182667.65,"Total Cost": 183472.20,"Plan Rows": 321820,"Plan Width": 44,"Actual Startup Time": 543.744,"Actual Total Time": 552.991,"Actual Rows": 11462,"Actual Loops": 1,"Sort Key": ["(sum((lineitem.l_extendedprice * ('1'::numeric - lineitem.l_discount)))) DESC", "orders.o_orderdate"],"Sort Method": "quicksort","Sort Space Used": 1101,"Sort Space Type": "Memory","Plans": [{"Node Type": "Aggregate","Strategy": "Hashed","Partial Mode": "Simple","Parent Relationship": "Outer","Parallel Aware": false,"Async Capable": false,"Startup Cost": 149204.98,"Total Cost": 153227.73,"Plan Rows": 321820,"Plan Width": 44,"Actual Startup Time": 521.129,"Actual Total Time": 544.581,"Actual Rows": 11462,"Actual Loops": 1,"Group Key": ["lineitem.l_orderkey", "orders.o_orderdate", "orders.o_shippriority"],"Planned Partitions": 0,"HashAgg Batches": 1,"Peak Memory Usage": 20497,"Disk Usage": 0,"Plans": [{"Node Type": "Gather","Parent Relationship": "Outer","Parallel Aware": false,"Async Capable": false,"Startup Cost": 5526.18,"Total Cost": 144377.68,"Plan Rows": 321820,"Plan Width": 24,"Actual Startup Time": 32.860,"Actual Total Time": 495.078,"Actual Rows": 30397,"Actual Loops": 1,"Workers Planned": 3,"Workers Launched": 3,"Single Copy": false,"Plans": [{"Node Type": "Nested Loop","Parent Relationship": "Outer","Parallel Aware": false,"Async Capable": false,"Join Type": "Inner","Startup Cost": 4526.18,"Total Cost": 111195.68,"Plan Rows": 103813,"Plan Width": 24,"Actual Startup Time": 25.980,"Actual Total Time": 503.540,"Actual Rows": 7599,"Actual Loops": 4,"Inner Unique": false,"Workers": [],"Plans": [{"Node Type": "Hash Join","Parent Relationship": "Outer","Parallel Aware": true,"Async Capable": false,"Join Type": "Inner","Startup Cost": 4525.75,"Total Cost": 37291.69,"Plan Rows": 48419,"Plan Width": 12,"Actual Startup Time": 25.732,"Actual Total Time": 221.977,"Actual Rows": 36540,"Actual Loops": 4,"Inner Unique": true,"Hash Cond": "(orders.o_custkey = customer.c_custkey)","Workers": [],"Plans": [{"Node Type": "Seq Scan","Parent Relationship": "Outer","Parallel Aware": true,"Async Capable": false,"Relation Name": "orders","Alias": "orders","Startup Cost": 0.00,"Total Cost": 32143.39,"Plan Rows": 237155,"Plan Width": 16,"Actual Startup Time": 0.009,"Actual Total Time": 144.265,"Actual Rows": 183072,"Actual Loops": 4,"Filter": "(o_orderdate < '1995-03-23'::date)","Rows Removed by Filter": 191928,"Workers": []},{"Node Type": "Hash","Parent Relationship": "Inner","Parallel Aware": true,"Async Capable": false,"Startup Cost": 4366.25,"Total Cost": 4366.25,"Plan Rows": 12760,"Plan Width": 4,"Actual Startup Time": 25.309,"Actual Total Time": 25.314,"Actual Rows": 7492,"Actual Loops": 4,"Hash Buckets": 32768,"Original Hash Buckets": 32768,"Hash Batches": 1,"Original Hash Batches": 1,"Peak Memory Usage": 1504,"Workers": [],"Plans": [{"Node Type": "Seq Scan","Parent Relationship": "Outer","Parallel Aware": true,"Async Capable": false,"Relation Name": "customer","Alias": "customer","Startup Cost": 0.00,"Total Cost": 4366.25,"Plan Rows": 12760,"Plan Width": 4,"Actual Startup Time": 0.040,"Actual Total Time": 21.463,"Actual Rows": 7492,"Actual Loops": 4,"Filter": "(c_mktsegment = 'FURNITURE'::bpchar)","Rows Removed by Filter": 30008,"Workers": []}]}]},{"Node Type": "Index Scan","Parent Relationship": "Inner","Parallel Aware": false,"Async Capable": false,"Scan Direction": "Forward","Index Name": "idx_lineitem_orderkey","Relation Name": "lineitem","Alias": "lineitem","Startup Cost": 0.43,"Total Cost": 1.44,"Plan Rows": 9,"Plan Width": 16,"Actual Startup Time": 0.007,"Actual Total Time": 0.007,"Actual Rows": 0,"Actual Loops": 146161,"Index Cond": "(l_orderkey = orders.o_orderkey)","Rows Removed by Index Recheck": 0,"Filter": "(l_shipdate > '1995-03-23'::date)","Rows Removed by Filter": 4,"Workers": []}]}]}]}]},"Planning Time": 5.414,"Triggers": [],"Execution Time": 565.758}]
[{"Plan": {"Node Type": "Sort","Parallel Aware": false,"Async Capable": false,"Startup Cost": 182526.99,"Total Cost": 183331.59,"Plan Rows": 321840,"Plan Width": 44,"Actual Startup Time": 535.239,"Actual Total Time": 545.550,"Actual Rows": 11424,"Actual Loops": 1,"Sort Key": ["(sum((lineitem.l_extendedprice * ('1'::numeric - lineitem.l_discount)))) DESC", "orders.o_orderdate"],"Sort Method": "quicksort","Sort Space Used": 1099,"Sort Space Type": "Memory","Plans": [{"Node Type": "Aggregate","Strategy": "Hashed","Partial Mode": "Simple","Parent Relationship": "Outer","Parallel Aware": false,"Async Capable": false,"Startup Cost": 149062.10,"Total Cost": 153085.10,"Plan Rows": 321840,"Plan Width": 44,"Actual Startup Time": 512.616,"Actual Total Time": 537.281,"Actual Rows": 11424,"Actual Loops": 1,"Group Key": ["lineitem.l_orderkey", "orders.o_orderdate", "orders.o_shippriority"],"Planned Partitions": 0,"HashAgg Batches": 1,"Peak Memory Usage": 20497,"Disk Usage": 0,"Plans": [{"Node Type": "Gather","Parent Relationship": "Outer","Parallel Aware": false,"Async Capable": false,"Startup Cost": 5526.18,"Total Cost": 144234.50,"Plan Rows": 321840,"Plan Width": 24,"Actual Startup Time": 33.927,"Actual Total Time": 488.217,"Actual Rows": 30221,"Actual Loops": 1,"Workers Planned": 3,"Workers Launched": 3,"Single Copy": false,"Plans": [{"Node Type": "Nested Loop","Parent Relationship": "Outer","Parallel Aware": false,"Async Capable": false,"Join Type": "Inner","Startup Cost": 4526.18,"Total Cost": 111050.50,"Plan Rows": 103819,"Plan Width": 24,"Actual Startup Time": 26.847,"Actual Total Time": 495.422,"Actual Rows": 7555,"Actual Loops": 4,"Inner Unique": false,"Workers": [],"Plans": [{"Node Type": "Hash Join","Parent Relationship": "Outer","Parallel Aware": true,"Async Capable": false,"Join Type": "Inner","Startup Cost": 4525.75,"Total Cost": 37289.55,"Plan Rows": 48253,"Plan Width": 12,"Actual Startup Time": 26.631,"Actual Total Time": 217.590,"Actual Rows": 36409,"Actual Loops": 4,"Inner Unique": true,"Hash Cond": "(orders.o_custkey = customer.c_custkey)","Workers": [],"Plans": [{"Node Type": "Seq Scan","Parent Relationship": "Outer","Parallel Aware": true,"Async Capable": false,"Relation Name": "orders","Alias": "orders","Startup Cost": 0.00,"Total Cost": 32143.39,"Plan Rows": 236341,"Plan Width": 16,"Actual Startup Time": 0.017,"Actual Total Time": 139.781,"Actual Rows": 182456,"Actual Loops": 4,"Filter": "(o_orderdate < '1995-03-19'::date)","Rows Removed by Filter": 192544,"Workers": []},{"Node Type": "Hash","Parent Relationship": "Inner","Parallel Aware": true,"Async Capable": false,"Startup Cost": 4366.25,"Total Cost": 4366.25,"Plan Rows": 12760,"Plan Width": 4,"Actual Startup Time": 26.154,"Actual Total Time": 26.158,"Actual Rows": 7492,"Actual Loops": 4,"Hash Buckets": 32768,"Original Hash Buckets": 32768,"Hash Batches": 1,"Original Hash Batches": 1,"Peak Memory Usage": 1472,"Workers": [],"Plans": [{"Node Type": "Seq Scan","Parent Relationship": "Outer","Parallel Aware": true,"Async Capable": false,"Relation Name": "customer","Alias": "customer","Startup Cost": 0.00,"Total Cost": 4366.25,"Plan Rows": 12760,"Plan Width": 4,"Actual Startup Time": 0.044,"Actual Total Time": 22.377,"Actual Rows": 7492,"Actual Loops": 4,"Filter": "(c_mktsegment = 'FURNITURE'::bpchar)","Rows Removed by Filter": 30008,"Workers": []}]}]},{"Node Type": "Index Scan","Parent Relationship": "Inner","Parallel Aware": false,"Async Capable": false,"Scan Direction": "Forward","Index Name": "idx_lineitem_orderkey","Relation Name": "lineitem","Alias": "lineitem","Startup Cost": 0.43,"Total Cost": 1.44,"Plan Rows": 9,"Plan Width": 16,"Actual Startup Time": 0.007,"Actual Total Time": 0.007,"Actual Rows": 0,"Actual Loops": 145636,"Index Cond": "(l_orderkey = orders.o_orderkey)","Rows Removed by Index Recheck": 0,"Filter": "(l_shipdate > '1995-03-19'::date)","Rows Removed by Filter": 4,"Workers": []}]}]}]}]},"Planning Time": 5.538,"Triggers": [],"Execution Time": 557.476}]
[{"Plan": {"Node Type": "Sort","Parallel Aware": false,"Async Capable": false,"Startup Cost": 182437.94,"Total Cost": 183242.68,"Plan Rows": 321899,"Plan Width": 44,"Actual Startup Time": 534.370,"Actual Total Time": 546.079,"Actual Rows": 11402,"Actual Loops": 1,"Sort Key": ["(sum((lineitem.l_extendedprice * ('1'::numeric - lineitem.l_discount)))) DESC", "orders.o_orderdate"],"Sort Method": "quicksort","Sort Space Used": 1097,"Sort Space Type": "Memory","Plans": [{"Node Type": "Aggregate","Strategy": "Hashed","Partial Mode": "Simple","Parent Relationship": "Outer","Parallel Aware": false,"Async Capable": false,"Startup Cost": 148966.48,"Total Cost": 152990.22,"Plan Rows": 321899,"Plan Width": 44,"Actual Startup Time": 512.410,"Actual Total Time": 537.592,"Actual Rows": 11402,"Actual Loops": 1,"Group Key": ["lineitem.l_orderkey", "orders.o_orderdate", "orders.o_shippriority"],"Planned Partitions": 0,"HashAgg Batches": 1,"Peak Memory Usage": 20497,"Disk Usage": 0,"Plans": [{"Node Type": "Gather","Parent Relationship": "Outer","Parallel Aware": false,"Async Capable": false,"Startup Cost": 5526.18,"Total Cost": 144137.99,"Plan Rows": 321899,"Plan Width": 24,"Actual Startup Time": 34.981,"Actual Total Time": 489.482,"Actual Rows": 30241,"Actual Loops": 1,"Workers Planned": 3,"Workers Launched": 3,"Single Copy": false,"Plans": [{"Node Type": "Nested Loop","Parent Relationship": "Outer","Parallel Aware": false,"Async Capable": false,"Join Type": "Inner","Startup Cost": 4526.18,"Total Cost": 110948.09,"Plan Rows": 103838,"Plan Width": 24,"Actual Startup Time": 27.766,"Actual Total Time": 494.973,"Actual Rows": 7560,"Actual Loops": 4,"Inner Unique": false,"Workers": [],"Plans": [{"Node Type": "Hash Join","Parent Relationship": "Outer","Parallel Aware": true,"Async Capable": false,"Join Type": "Inner","Startup Cost": 4525.75,"Total Cost": 37288.05,"Plan Rows": 48136,"Plan Width": 12,"Actual Startup Time": 27.511,"Actual Total Time": 220.174,"Actual Rows": 36314,"Actual Loops": 4,"Inner Unique": true,"Hash Cond": "(orders.o_custkey = customer.c_custkey)","Workers": [],"Plans": [{"Node Type": "Seq Scan","Parent Relationship": "Outer","Parallel Aware": true,"Async Capable": false,"Relation Name": "orders","Alias": "orders","Startup Cost": 0.00,"Total Cost": 32143.39,"Plan Rows": 235768,"Plan Width": 16,"Actual Startup Time": 0.023,"Actual Total Time": 140.363,"Actual Rows": 181977,"Actual Loops": 4,"Filter": "(o_orderdate < '1995-03-16'::date)","Rows Removed by Filter": 193023,"Workers": []},{"Node Type": "Hash","Parent Relationship": "Inner","Parallel Aware": true,"Async Capable": false,"Startup Cost": 4366.25,"Total Cost": 4366.25,"Plan Rows": 12760,"Plan Width": 4,"Actual Startup Time": 27.040,"Actual Total Time": 27.049,"Actual Rows": 7492,"Actual Loops": 4,"Hash Buckets": 32768,"Original Hash Buckets": 32768,"Hash Batches": 1,"Original Hash Batches": 1,"Peak Memory Usage": 1504,"Workers": [],"Plans": [{"Node Type": "Seq Scan","Parent Relationship": "Outer","Parallel Aware": true,"Async Capable": false,"Relation Name": "customer","Alias": "customer","Startup Cost": 0.00,"Total Cost": 4366.25,"Plan Rows": 12760,"Plan Width": 4,"Actual Startup Time": 0.047,"Actual Total Time": 23.343,"Actual Rows": 7492,"Actual Loops": 4,"Filter": "(c_mktsegment = 'FURNITURE'::bpchar)","Rows Removed by Filter": 30008,"Workers": []}]}]},{"Node Type": "Index Scan","Parent Relationship": "Inner","Parallel Aware": false,"Async Capable": false,"Scan Direction": "Forward","Index Name": "idx_lineitem_orderkey","Relation Name": "lineitem","Alias": "lineitem","Startup Cost": 0.43,"Total Cost": 1.44,"Plan Rows": 9,"Plan Width": 16,"Actual Startup Time": 0.007,"Actual Total Time": 0.007,"Actual Rows": 0,"Actual Loops": 145255,"Index Cond": "(l_orderkey = orders.o_orderkey)","Rows Removed by Index Recheck": 0,"Filter": "(l_shipdate > '1995-03-16'::date)","Rows Removed by Filter": 4,"Workers": []}]}]}]}]},"Planning Time": 4.920,"Triggers": [],"Execution Time": 559.216}]
[{"Plan": {"Node Type": "Sort","Parallel Aware": false,"Async Capable": false,"Startup Cost": 177804.18,"Total Cost": 178583.08,"Plan Rows": 311560,"Plan Width": 44,"Actual Startup Time": 516.329,"Actual Total Time": 527.903,"Actual Rows": 11524,"Actual Loops": 1,"Sort Key": ["(sum((lineitem.l_extendedprice * ('1'::numeric - lineitem.l_discount)))) DESC", "orders.o_orderdate"],"Sort Method": "quicksort","Sort Space Used": 1105,"Sort Space Type": "Memory","Plans": [{"Node Type": "Aggregate","Strategy": "Hashed","Partial Mode": "Simple","Parent Relationship": "Outer","Parallel Aware": false,"Async Capable": false,"Startup Cost": 145481.16,"Total Cost": 149375.66,"Plan Rows": 311560,"Plan Width": 44,"Actual Startup Time": 495.295,"Actual Total Time": 519.893,"Actual Rows": 11524,"Actual Loops": 1,"Group Key": ["lineitem.l_orderkey", "orders.o_orderdate", "orders.o_shippriority"],"Planned Partitions": 0,"HashAgg Batches": 1,"Peak Memory Usage": 20497,"Disk Usage": 0,"Plans": [{"Node Type": "Gather","Parent Relationship": "Outer","Parallel Aware": false,"Async Capable": false,"Startup Cost": 5521.08,"Total Cost": 140807.76,"Plan Rows": 311560,"Plan Width": 24,"Actual Startup Time": 28.922,"Actual Total Time": 475.157,"Actual Rows": 30367,"Actual Loops": 1,"Workers Planned": 3,"Workers Launched": 3,"Single Copy": false,"Plans": [{"Node Type": "Nested Loop","Parent Relationship": "Outer","Parallel Aware": false,"Async Capable": false,"Join Type": "Inner","Startup Cost": 4521.08,"Total Cost": 108651.76,"Plan Rows": 100503,"Plan Width": 24,"Actual Startup Time": 22.141,"Actual Total Time": 478.826,"Actual Rows": 7592,"Actual Loops": 4,"Inner Unique": false,"Workers": [],"Plans": [{"Node Type": "Hash Join","Parent Relationship": "Outer","Parallel Aware": true,"Async Capable": false,"Join Type": "Inner","Startup Cost": 4520.65,"Total Cost": 37283.95,"Plan Rows": 46671,"Plan Width": 12,"Actual Startup Time": 21.725,"Actual Total Time": 204.014,"Actual Rows": 36257,"Actual Loops": 4,"Inner Unique": true,"Hash Cond": "(orders.o_custkey = customer.c_custkey)","Workers": [],"Plans": [{"Node Type": "Seq Scan","Parent Relationship": "Outer","Parallel Aware": true,"Async Capable": false,"Relation Name": "orders","Alias": "orders","Startup Cost": 0.00,"Total Cost": 32143.39,"Plan Rows": 236150,"Plan Width": 16,"Actual Startup Time": 0.009,"Actual Total Time": 137.037,"Actual Rows": 182297,"Actual Loops": 4,"Filter": "(o_orderdate < '1995-03-18'::date)","Rows Removed by Filter": 192703,"Workers": []},{"Node Type": "Hash","Parent Relationship": "Inner","Parallel Aware": true,"Async Capable": false,"Startup Cost": 4366.25,"Total Cost": 4366.25,"Plan Rows": 12352,"Plan Width": 4,"Actual Startup Time": 21.289,"Actual Total Time": 21.295,"Actual Rows": 7438,"Actual Loops": 4,"Hash Buckets": 32768,"Original Hash Buckets": 32768,"Hash Batches": 1,"Original Hash Batches": 1,"Peak Memory Usage": 1504,"Workers": [],"Plans": [{"Node Type": "Seq Scan","Parent Relationship": "Outer","Parallel Aware": true,"Async Capable": false,"Relation Name": "customer","Alias": "customer","Startup Cost": 0.00,"Total Cost": 4366.25,"Plan Rows": 12352,"Plan Width": 4,"Actual Startup Time": 0.025,"Actual Total Time": 18.334,"Actual Rows": 7438,"Actual Loops": 4,"Filter": "(c_mktsegment = 'AUTOMOBILE'::bpchar)","Rows Removed by Filter": 30062,"Workers": []}]}]},{"Node Type": "Index Scan","Parent Relationship": "Inner","Parallel Aware": false,"Async Capable": false,"Scan Direction": "Forward","Index Name": "idx_lineitem_orderkey","Relation Name": "lineitem","Alias": "lineitem","Startup Cost": 0.43,"Total Cost": 1.44,"Plan Rows": 9,"Plan Width": 16,"Actual Startup Time": 0.007,"Actual Total Time": 0.007,"Actual Rows": 0,"Actual Loops": 145028,"Index Cond": "(l_orderkey = orders.o_orderkey)","Rows Removed by Index Recheck": 0,"Filter": "(l_shipdate > '1995-03-18'::date)","Rows Removed by Filter": 4,"Workers": []}]}]}]}]},"Planning Time": 6.494,"Triggers": [],"Execution Time": 541.701}]
[{"Plan": {"Node Type": "Sort","Parallel Aware": false,"Async Capable": false,"Startup Cost": 178906.83,"Total Cost": 179694.96,"Plan Rows": 315253,"Plan Width": 44,"Actual Startup Time": 539.566,"Actual Total Time": 549.476,"Actual Rows": 11447,"Actual Loops": 1,"Sort Key": ["(sum((lineitem.l_extendedprice * ('1'::numeric - lineitem.l_discount)))) DESC", "orders.o_orderdate"],"Sort Method": "quicksort","Sort Space Used": 1100,"Sort Space Type": "Memory","Plans": [{"Node Type": "Aggregate","Strategy": "Hashed","Partial Mode": "Simple","Parent Relationship": "Outer","Parallel Aware": false,"Async Capable": false,"Startup Cost": 146173.87,"Total Cost": 150114.53,"Plan Rows": 315253,"Plan Width": 44,"Actual Startup Time": 517.415,"Actual Total Time": 541.188,"Actual Rows": 11447,"Actual Loops": 1,"Group Key": ["lineitem.l_orderkey", "orders.o_orderdate", "orders.o_shippriority"],"Planned Partitions": 0,"HashAgg Batches": 1,"Peak Memory Usage": 20497,"Disk Usage": 0,"Plans": [{"Node Type": "Gather","Parent Relationship": "Outer","Parallel Aware": false,"Async Capable": false,"Startup Cost": 5522.96,"Total Cost": 141445.08,"Plan Rows": 315253,"Plan Width": 24,"Actual Startup Time": 35.187,"Actual Total Time": 492.745,"Actual Rows": 30345,"Actual Loops": 1,"Workers Planned": 3,"Workers Launched": 3,"Single Copy": false,"Plans": [{"Node Type": "Nested Loop","Parent Relationship": "Outer","Parallel Aware": false,"Async Capable": false,"Join Type": "Inner","Startup Cost": 4522.96,"Total Cost": 108919.78,"Plan Rows": 101695,"Plan Width": 24,"Actual Startup Time": 28.218,"Actual Total Time": 499.708,"Actual Rows": 7586,"Actual Loops": 4,"Inner Unique": false,"Workers": [],"Plans": [{"Node Type": "Hash Join","Parent Relationship": "Outer","Parallel Aware": true,"Async Capable": false,"Join Type": "Inner","Startup Cost": 4522.52,"Total Cost": 37276.83,"Plan Rows": 46552,"Plan Width": 12,"Actual Startup Time": 28.059,"Actual Total Time": 223.144,"Actual Rows": 35882,"Actual Loops": 4,"Inner Unique": true,"Hash Cond": "(orders.o_custkey = customer.c_custkey)","Workers": [],"Plans": [{"Node Type": "Seq Scan","Parent Relationship": "Outer","Parallel Aware": true,"Async Capable": false,"Relation Name": "orders","Alias": "orders","Startup Cost": 0.00,"Total Cost": 32143.39,"Plan Rows": 232722,"Plan Width": 16,"Actual Startup Time": 0.017,"Actual Total Time": 142.695,"Actual Rows": 179789,"Actual Loops": 4,"Filter": "(o_orderdate < '1995-03-02'::date)","Rows Removed by Filter": 195211,"Workers": []},{"Node Type": "Hash","Parent Relationship": "Inner","Parallel Aware": true,"Async Capable": false,"Startup Cost": 4366.25,"Total Cost": 4366.25,"Plan Rows": 12502,"Plan Width": 4,"Actual Startup Time": 27.585,"Actual Total Time": 27.589,"Actual Rows": 7547,"Actual Loops": 4,"Hash Buckets": 32768,"Original Hash Buckets": 32768,"Hash Batches": 1,"Original Hash Batches": 1,"Peak Memory Usage": 1536,"Workers": [],"Plans": [{"Node Type": "Seq Scan","Parent Relationship": "Outer","Parallel Aware": true,"Async Capable": false,"Relation Name": "customer","Alias": "customer","Startup Cost": 0.00,"Total Cost": 4366.25,"Plan Rows": 12502,"Plan Width": 4,"Actual Startup Time": 0.051,"Actual Total Time": 23.535,"Actual Rows": 7547,"Actual Loops": 4,"Filter": "(c_mktsegment = 'HOUSEHOLD'::bpchar)","Rows Removed by Filter": 29953,"Workers": []}]}]},{"Node Type": "Index Scan","Parent Relationship": "Inner","Parallel Aware": false,"Async Capable": false,"Scan Direction": "Forward","Index Name": "idx_lineitem_orderkey","Relation Name": "lineitem","Alias": "lineitem","Startup Cost": 0.43,"Total Cost": 1.45,"Plan Rows": 9,"Plan Width": 16,"Actual Startup Time": 0.007,"Actual Total Time": 0.007,"Actual Rows": 0,"Actual Loops": 143526,"Index Cond": "(l_orderkey = orders.o_orderkey)","Rows Removed by Index Recheck": 0,"Filter": "(l_shipdate > '1995-03-02'::date)","Rows Removed by Filter": 4,"Workers": []}]}]}]}]},"Planning Time": 5.955,"Triggers": [],"Execution Time": 562.182}]
[{"Plan": {"Node Type": "Sort","Parallel Aware": false,"Async Capable": false,"Startup Cost": 177718.28,"Total Cost": 178497.32,"Plan Rows": 311617,"Plan Width": 44,"Actual Startup Time": 523.286,"Actual Total Time": 529.360,"Actual Rows": 11529,"Actual Loops": 1,"Sort Key": ["(sum((lineitem.l_extendedprice * ('1'::numeric - lineitem.l_discount)))) DESC", "orders.o_orderdate"],"Sort Method": "quicksort","Sort Space Used": 1105,"Sort Space Type": "Memory","Plans": [{"Node Type": "Aggregate","Strategy": "Hashed","Partial Mode": "Simple","Parent Relationship": "Outer","Parallel Aware": false,"Async Capable": false,"Startup Cost": 145388.93,"Total Cost": 149284.14,"Plan Rows": 311617,"Plan Width": 44,"Actual Startup Time": 496.438,"Actual Total Time": 520.988,"Actual Rows": 11529,"Actual Loops": 1,"Group Key": ["lineitem.l_orderkey", "orders.o_orderdate", "orders.o_shippriority"],"Planned Partitions": 0,"HashAgg Batches": 1,"Peak Memory Usage": 20497,"Disk Usage": 0,"Plans": [{"Node Type": "Gather","Parent Relationship": "Outer","Parallel Aware": false,"Async Capable": false,"Startup Cost": 5521.08,"Total Cost": 140714.67,"Plan Rows": 311617,"Plan Width": 24,"Actual Startup Time": 30.230,"Actual Total Time": 466.097,"Actual Rows": 30379,"Actual Loops": 1,"Workers Planned": 3,"Workers Launched": 3,"Single Copy": false,"Plans": [{"Node Type": "Nested Loop","Parent Relationship": "Outer","Parallel Aware": false,"Async Capable": false,"Join Type": "Inner","Startup Cost": 4521.08,"Total Cost": 108552.97,"Plan Rows": 100522,"Plan Width": 24,"Actual Startup Time": 23.397,"Actual Total Time": 478.689,"Actual Rows": 7595,"Actual Loops": 4,"Inner Unique": false,"Workers": [],"Plans": [{"Node Type": "Hash Join","Parent Relationship": "Outer","Parallel Aware": true,"Async Capable": false,"Join Type": "Inner","Startup Cost": 4520.65,"Total Cost": 37282.45,"Plan Rows": 46558,"Plan Width": 12,"Actual Startup Time": 22.962,"Actual Total Time": 204.094,"Actual Rows": 36168,"Actual Loops": 4,"Inner Unique": true,"Hash Cond": "(orders.o_custkey = customer.c_custkey)","Workers": [],"Plans": [{"Node Type": "Seq Scan","Parent Relationship": "Outer","Parallel Aware": true,"Async Capable": false,"Relation Name": "orders","Alias": "orders","Startup Cost": 0.00,"Total Cost": 32143.39,"Plan Rows": 235577,"Plan Width": 16,"Actual Startup Time": 0.013,"Actual Total Time": 135.621,"Actual Rows": 181826,"Actual Loops": 4,"Filter": "(o_orderdate < '1995-03-15'::date)","Rows Removed by Filter": 193174,"Workers": []},{"Node Type": "Hash","Parent Relationship": "Inner","Parallel Aware": true,"Async Capable": false,"Startup Cost": 4366.25,"Total Cost": 4366.25,"Plan Rows": 12352,"Plan Width": 4,"Actual Startup Time": 22.532,"Actual Total Time": 22.539,"Actual Rows": 7438,"Actual Loops": 4,"Hash Buckets": 32768,"Original Hash Buckets": 32768,"Hash Batches": 1,"Original Hash Batches": 1,"Peak Memory Usage": 1504,"Workers": [],"Plans": [{"Node Type": "Seq Scan","Parent Relationship": "Outer","Parallel Aware": true,"Async Capable": false,"Relation Name": "customer","Alias": "customer","Startup Cost": 0.00,"Total Cost": 4366.25,"Plan Rows": 12352,"Plan Width": 4,"Actual Startup Time": 0.042,"Actual Total Time": 19.535,"Actual Rows": 7438,"Actual Loops": 4,"Filter": "(c_mktsegment = 'AUTOMOBILE'::bpchar)","Rows Removed by Filter": 30062,"Workers": []}]}]},{"Node Type": "Index Scan","Parent Relationship": "Inner","Parallel Aware": false,"Async Capable": false,"Scan Direction": "Forward","Index Name": "idx_lineitem_orderkey","Relation Name": "lineitem","Alias": "lineitem","Startup Cost": 0.43,"Total Cost": 1.44,"Plan Rows": 9,"Plan Width": 16,"Actual Startup Time": 0.007,"Actual Total Time": 0.007,"Actual Rows": 0,"Actual Loops": 144672,"Index Cond": "(l_orderkey = orders.o_orderkey)","Rows Removed by Index Recheck": 0,"Filter": "(l_shipdate > '1995-03-15'::date)","Rows Removed by Filter": 4,"Workers": []}]}]}]}]},"Planning Time": 5.799,"Triggers": [],"Execution Time": 543.797}]
[{"Plan": {"Node Type": "Sort","Parallel Aware": false,"Async Capable": false,"Startup Cost": 177970.11,"Total Cost": 178748.92,"Plan Rows": 311522,"Plan Width": 44,"Actual Startup Time": 514.350,"Actual Total Time": 525.063,"Actual Rows": 11451,"Actual Loops": 1,"Sort Key": ["(sum((lineitem.l_extendedprice * ('1'::numeric - lineitem.l_discount)))) DESC", "orders.o_orderdate"],"Sort Method": "quicksort","Sort Space Used": 1100,"Sort Space Type": "Memory","Plans": [{"Node Type": "Aggregate","Strategy": "Hashed","Partial Mode": "Simple","Parent Relationship": "Outer","Parallel Aware": false,"Async Capable": false,"Startup Cost": 145651.30,"Total Cost": 149545.33,"Plan Rows": 311522,"Plan Width": 44,"Actual Startup Time": 490.159,"Actual Total Time": 517.360,"Actual Rows": 11451,"Actual Loops": 1,"Group Key": ["lineitem.l_orderkey", "orders.o_orderdate", "orders.o_shippriority"],"Planned Partitions": 0,"HashAgg Batches": 1,"Peak Memory Usage": 20497,"Disk Usage": 0,"Plans": [{"Node Type": "Gather","Parent Relationship": "Outer","Parallel Aware": false,"Async Capable": false,"Startup Cost": 5521.08,"Total Cost": 140978.47,"Plan Rows": 311522,"Plan Width": 24,"Actual Startup Time": 30.358,"Actual Total Time": 470.399,"Actual Rows": 30172,"Actual Loops": 1,"Workers Planned": 3,"Workers Launched": 3,"Single Copy": false,"Plans": [{"Node Type": "Nested Loop","Parent Relationship": "Outer","Parallel Aware": false,"Async Capable": false,"Join Type": "Inner","Startup Cost": 4521.08,"Total Cost": 108826.27,"Plan Rows": 100491,"Plan Width": 24,"Actual Startup Time": 23.076,"Actual Total Time": 474.146,"Actual Rows": 7543,"Actual Loops": 4,"Inner Unique": false,"Workers": [],"Plans": [{"Node Type": "Hash Join","Parent Relationship": "Outer","Parallel Aware": true,"Async Capable": false,"Join Type": "Inner","Startup Cost": 4520.65,"Total Cost": 37286.59,"Plan Rows": 46870,"Plan Width": 12,"Actual Startup Time": 22.651,"Actual Total Time": 202.206,"Actual Rows": 36408,"Actual Loops": 4,"Inner Unique": true,"Hash Cond": "(orders.o_custkey = customer.c_custkey)","Workers": [],"Plans": [{"Node Type": "Seq Scan","Parent Relationship": "Outer","Parallel Aware": true,"Async Capable": false,"Relation Name": "orders","Alias": "orders","Startup Cost": 0.00,"Total Cost": 32143.39,"Plan Rows": 237155,"Plan Width": 16,"Actual Startup Time": 0.014,"Actual Total Time": 134.048,"Actual Rows": 183072,"Actual Loops": 4,"Filter": "(o_orderdate < '1995-03-23'::date)","Rows Removed by Filter": 191928,"Workers": []},{"Node Type": "Hash","Parent Relationship": "Inner","Parallel Aware": true,"Async Capable": false,"Startup Cost": 4366.25,"Total Cost": 4366.25,"Plan Rows": 12352,"Plan Width": 4,"Actual Startup Time": 22.209,"Actual Total Time": 22.212,"Actual Rows": 7438,"Actual Loops": 4,"Hash Buckets": 32768,"Original Hash Buckets": 32768,"Hash Batches": 1,"Original Hash Batches": 1,"Peak Memory Usage": 1504,"Workers": [],"Plans": [{"Node Type": "Seq Scan","Parent Relationship": "Outer","Parallel Aware": true,"Async Capable": false,"Relation Name": "customer","Alias": "customer","Startup Cost": 0.00,"Total Cost": 4366.25,"Plan Rows": 12352,"Plan Width": 4,"Actual Startup Time": 0.036,"Actual Total Time": 19.132,"Actual Rows": 7438,"Actual Loops": 4,"Filter": "(c_mktsegment = 'AUTOMOBILE'::bpchar)","Rows Removed by Filter": 30062,"Workers": []}]}]},{"Node Type": "Index Scan","Parent Relationship": "Inner","Parallel Aware": false,"Async Capable": false,"Scan Direction": "Forward","Index Name": "idx_lineitem_orderkey","Relation Name": "lineitem","Alias": "lineitem","Startup Cost": 0.43,"Total Cost": 1.44,"Plan Rows": 9,"Plan Width": 16,"Actual Startup Time": 0.007,"Actual Total Time": 0.007,"Actual Rows": 0,"Actual Loops": 145632,"Index Cond": "(l_orderkey = orders.o_orderkey)","Rows Removed by Index Recheck": 0,"Filter": "(l_shipdate > '1995-03-23'::date)","Rows Removed by Filter": 4,"Workers": []}]}]}]}]},"Planning Time": 5.292,"Triggers": [],"Execution Time": 539.091}]
[{"Plan": {"Node Type": "Sort","Parallel Aware": false,"Async Capable": false,"Startup Cost": 177671.19,"Total Cost": 178452.30,"Plan Rows": 312443,"Plan Width": 44,"Actual Startup Time": 548.175,"Actual Total Time": 558.958,"Actual Rows": 11612,"Actual Loops": 1,"Sort Key": ["(sum((lineitem.l_extendedprice * ('1'::numeric - lineitem.l_discount)))) DESC", "orders.o_orderdate"],"Sort Method": "quicksort","Sort Space Used": 1110,"Sort Space Type": "Memory","Plans": [{"Node Type": "Aggregate","Strategy": "Hashed","Partial Mode": "Simple","Parent Relationship": "Outer","Parallel Aware": false,"Async Capable": false,"Startup Cost": 145250.18,"Total Cost": 149155.72,"Plan Rows": 312443,"Plan Width": 44,"Actual Startup Time": 526.283,"Actual Total Time": 549.747,"Actual Rows": 11612,"Actual Loops": 1,"Group Key": ["lineitem.l_orderkey", "orders.o_orderdate", "orders.o_shippriority"],"Planned Partitions": 0,"HashAgg Batches": 1,"Peak Memory Usage": 20497,"Disk Usage": 0,"Plans": [{"Node Type": "Gather","Parent Relationship": "Outer","Parallel Aware": false,"Async Capable": false,"Startup Cost": 5521.58,"Total Cost": 140563.54,"Plan Rows": 312443,"Plan Width": 24,"Actual Startup Time": 32.236,"Actual Total Time": 501.559,"Actual Rows": 30574,"Actual Loops": 1,"Workers Planned": 3,"Workers Launched": 3,"Single Copy": false,"Plans": [{"Node Type": "Nested Loop","Parent Relationship": "Outer","Parallel Aware": false,"Async Capable": false,"Join Type": "Inner","Startup Cost": 4521.58,"Total Cost": 108319.24,"Plan Rows": 100788,"Plan Width": 24,"Actual Startup Time": 25.290,"Actual Total Time": 508.932,"Actual Rows": 7644,"Actual Loops": 4,"Inner Unique": false,"Workers": [],"Plans": [{"Node Type": "Hash Join","Parent Relationship": "Outer","Parallel Aware": true,"Async Capable": false,"Join Type": "Inner","Startup Cost": 4521.15,"Total Cost": 37275.96,"Plan Rows": 46179,"Plan Width": 12,"Actual Startup Time": 25.092,"Actual Total Time": 222.279,"Actual Rows": 36389,"Actual Loops": 4,"Inner Unique": true,"Hash Cond": "(orders.o_custkey = customer.c_custkey)","Workers": [],"Plans": [{"Node Type": "Seq Scan","Parent Relationship": "Outer","Parallel Aware": true,"Async Capable": false,"Relation Name": "orders","Alias": "orders","Startup Cost": 0.00,"Total Cost": 32143.39,"Plan Rows": 232913,"Plan Width": 16,"Actual Startup Time": 0.012,"Actual Total Time": 145.170,"Actual Rows": 179945,"Actual Loops": 4,"Filter": "(o_orderdate < '1995-03-03'::date)","Rows Removed by Filter": 195055,"Workers": []},{"Node Type": "Hash","Parent Relationship": "Inner","Parallel Aware": true,"Async Capable": false,"Startup Cost": 4366.25,"Total Cost": 4366.25,"Plan Rows": 12392,"Plan Width": 4,"Actual Startup Time": 24.613,"Actual Total Time": 24.618,"Actual Rows": 7536,"Actual Loops": 4,"Hash Buckets": 32768,"Original Hash Buckets": 32768,"Hash Batches": 1,"Original Hash Batches": 1,"Peak Memory Usage": 1504,"Workers": [],"Plans": [{"Node Type": "Seq Scan","Parent Relationship": "Outer","Parallel Aware": true,"Async Capable": false,"Relation Name": "customer","Alias": "customer","Startup Cost": 0.00,"Total Cost": 4366.25,"Plan Rows": 12392,"Plan Width": 4,"Actual Startup Time": 0.035,"Actual Total Time": 20.691,"Actual Rows": 7536,"Actual Loops": 4,"Filter": "(c_mktsegment = 'BUILDING'::bpchar)","Rows Removed by Filter": 29964,"Workers": []}]}]},{"Node Type": "Index Scan","Parent Relationship": "Inner","Parallel Aware": false,"Async Capable": false,"Scan Direction": "Forward","Index Name": "idx_lineitem_orderkey","Relation Name": "lineitem","Alias": "lineitem","Startup Cost": 0.43,"Total Cost": 1.45,"Plan Rows": 9,"Plan Width": 16,"Actual Startup Time": 0.007,"Actual Total Time": 0.008,"Actual Rows": 0,"Actual Loops": 145555,"Index Cond": "(l_orderkey = orders.o_orderkey)","Rows Removed by Index Recheck": 0,"Filter": "(l_shipdate > '1995-03-03'::date)","Rows Removed by Filter": 4,"Workers": []}]}]}]}]},"Planning Time": 6.305,"Triggers": [],"Execution Time": 571.224}]
[{"Plan": {"Node Type": "Sort","Parallel Aware": false,"Async Capable": false,"Startup Cost": 178604.21,"Total Cost": 179385.50,"Plan Rows": 312514,"Plan Width": 44,"Actual Startup Time": 521.788,"Actual Total Time": 532.144,"Actual Rows": 11577,"Actual Loops": 1,"Sort Key": ["(sum((lineitem.l_extendedprice * ('1'::numeric - lineitem.l_discount)))) DESC", "orders.o_orderdate"],"Sort Method": "quicksort","Sort Space Used": 1108,"Sort Space Type": "Memory","Plans": [{"Node Type": "Aggregate","Strategy": "Hashed","Partial Mode": "Simple","Parent Relationship": "Outer","Parallel Aware": false,"Async Capable": false,"Startup Cost": 146175.32,"Total Cost": 150081.75,"Plan Rows": 312514,"Plan Width": 44,"Actual Startup Time": 499.151,"Actual Total Time": 523.957,"Actual Rows": 11577,"Actual Loops": 1,"Group Key": ["lineitem.l_orderkey", "orders.o_orderdate", "orders.o_shippriority"],"Planned Partitions": 0,"HashAgg Batches": 1,"Peak Memory Usage": 20497,"Disk Usage": 0,"Plans": [{"Node Type": "Gather","Parent Relationship": "Outer","Parallel Aware": false,"Async Capable": false,"Startup Cost": 5521.58,"Total Cost": 141487.61,"Plan Rows": 312514,"Plan Width": 24,"Actual Startup Time": 28.516,"Actual Total Time": 477.645,"Actual Rows": 30296,"Actual Loops": 1,"Workers Planned": 3,"Workers Launched": 3,"Single Copy": false,"Plans": [{"Node Type": "Nested Loop","Parent Relationship": "Outer","Parallel Aware": false,"Async Capable": false,"Join Type": "Inner","Startup Cost": 4521.58,"Total Cost": 109236.21,"Plan Rows": 100811,"Plan Width": 24,"Actual Startup Time": 21.424,"Actual Total Time": 482.536,"Actual Rows": 7574,"Actual Loops": 4,"Inner Unique": false,"Workers": [],"Plans": [{"Node Type": "Hash Join","Parent Relationship": "Outer","Parallel Aware": true,"Async Capable": false,"Join Type": "Inner","Startup Cost": 4521.15,"Total Cost": 37289.82,"Plan Rows": 47226,"Plan Width": 12,"Actual Startup Time": 21.287,"Actual Total Time": 203.184,"Actual Rows": 37191,"Actual Loops": 4,"Inner Unique": true,"Hash Cond": "(orders.o_custkey = customer.c_custkey)","Workers": [],"Plans": [{"Node Type": "Seq Scan","Parent Relationship": "Outer","Parallel Aware": true,"Async Capable": false,"Relation Name": "orders","Alias": "orders","Startup Cost": 0.00,"Total Cost": 32143.39,"Plan Rows": 238193,"Plan Width": 16,"Actual Startup Time": 0.010,"Actual Total Time": 136.522,"Actual Rows": 183845,"Actual Loops": 4,"Filter": "(o_orderdate < '1995-03-28'::date)","Rows Removed by Filter": 191155,"Workers": []},{"Node Type": "Hash","Parent Relationship": "Inner","Parallel Aware": true,"Async Capable": false,"Startup Cost": 4366.25,"Total Cost": 4366.25,"Plan Rows": 12392,"Plan Width": 4,"Actual Startup Time": 20.837,"Actual Total Time": 20.842,"Actual Rows": 7536,"Actual Loops": 4,"Hash Buckets": 32768,"Original Hash Buckets": 32768,"Hash Batches": 1,"Original Hash Batches": 1,"Peak Memory Usage": 1504,"Workers": [],"Plans": [{"Node Type": "Seq Scan","Parent Relationship": "Outer","Parallel Aware": true,"Async Capable": false,"Relation Name": "customer","Alias": "customer","Startup Cost": 0.00,"Total Cost": 4366.25,"Plan Rows": 12392,"Plan Width": 4,"Actual Startup Time": 0.031,"Actual Total Time": 17.900,"Actual Rows": 7536,"Actual Loops": 4,"Filter": "(c_mktsegment = 'BUILDING'::bpchar)","Rows Removed by Filter": 29964,"Workers": []}]}]},{"Node Type": "Index Scan","Parent Relationship": "Inner","Parallel Aware": false,"Async Capable": false,"Scan Direction": "Forward","Index Name": "idx_lineitem_orderkey","Relation Name": "lineitem","Alias": "lineitem","Startup Cost": 0.43,"Total Cost": 1.43,"Plan Rows": 9,"Plan Width": 16,"Actual Startup Time": 0.007,"Actual Total Time": 0.007,"Actual Rows": 0,"Actual Loops": 148764,"Index Cond": "(l_orderkey = orders.o_orderkey)","Rows Removed by Index Recheck": 0,"Filter": "(l_shipdate > '1995-03-28'::date)","Rows Removed by Filter": 4,"Workers": []}]}]}]}]},"Planning Time": 6.167,"Triggers": [],"Execution Time": 545.892}]
[{"Plan": {"Node Type": "Sort","Parallel Aware": false,"Async Capable": false,"Startup Cost": 181863.49,"Total Cost": 182667.91,"Plan Rows": 321767,"Plan Width": 44,"Actual Startup Time": 542.342,"Actual Total Time": 553.573,"Actual Rows": 11410,"Actual Loops": 1,"Sort Key": ["(sum((lineitem.l_extendedprice * ('1'::numeric - lineitem.l_discount)))) DESC", "orders.o_orderdate"],"Sort Method": "quicksort","Sort Space Used": 1098,"Sort Space Type": "Memory","Plans": [{"Node Type": "Aggregate","Strategy": "Hashed","Partial Mode": "Simple","Parent Relationship": "Outer","Parallel Aware": false,"Async Capable": false,"Startup Cost": 148406.71,"Total Cost": 152428.80,"Plan Rows": 321767,"Plan Width": 44,"Actual Startup Time": 513.136,"Actual Total Time": 539.037,"Actual Rows": 11410,"Actual Loops": 1,"Group Key": ["lineitem.l_orderkey", "orders.o_orderdate", "orders.o_shippriority"],"Planned Partitions": 0,"HashAgg Batches": 1,"Peak Memory Usage": 20497,"Disk Usage": 0,"Plans": [{"Node Type": "Gather","Parent Relationship": "Outer","Parallel Aware": false,"Async Capable": false,"Startup Cost": 5526.18,"Total Cost": 143580.21,"Plan Rows": 321767,"Plan Width": 24,"Actual Startup Time": 32.559,"Actual Total Time": 485.092,"Actual Rows": 30310,"Actual Loops": 1,"Workers Planned": 3,"Workers Launched": 3,"Single Copy": false,"Plans": [{"Node Type": "Nested Loop","Parent Relationship": "Outer","Parallel Aware": false,"Async Capable": false,"Join Type": "Inner","Startup Cost": 4526.18,"Total Cost": 110403.51,"Plan Rows": 103796,"Plan Width": 24,"Actual Startup Time": 25.479,"Actual Total Time": 495.460,"Actual Rows": 7578,"Actual Loops": 4,"Inner Unique": false,"Workers": [],"Plans": [{"Node Type": "Hash Join","Parent Relationship": "Outer","Parallel Aware": true,"Async Capable": false,"Join Type": "Inner","Startup Cost": 4525.75,"Total Cost": 37280.05,"Plan Rows": 47514,"Plan Width": 12,"Actual Startup Time": 25.234,"Actual Total Time": 216.195,"Actual Rows": 35881,"Actual Loops": 4,"Inner Unique": true,"Hash Cond": "(orders.o_custkey = customer.c_custkey)","Workers": [],"Plans": [{"Node Type": "Seq Scan","Parent Relationship": "Outer","Parallel Aware": true,"Async Capable": false,"Relation Name": "orders","Alias": "orders","Startup Cost": 0.00,"Total Cost": 32143.39,"Plan Rows": 232722,"Plan Width": 16,"Actual Startup Time": 0.011,"Actual Total Time": 139.807,"Actual Rows": 179789,"Actual Loops": 4,"Filter": "(o_orderdate < '1995-03-02'::date)","Rows Removed by Filter": 195211,"Workers": []},{"Node Type": "Hash","Parent Relationship": "Inner","Parallel Aware": true,"Async Capable": false,"Startup Cost": 4366.25,"Total Cost": 4366.25,"Plan Rows": 12760,"Plan Width": 4,"Actual Startup Time": 24.838,"Actual Total Time": 24.843,"Actual Rows": 7492,"Actual Loops": 4,"Hash Buckets": 32768,"Original Hash Buckets": 32768,"Hash Batches": 1,"Original Hash Batches": 1,"Peak Memory Usage": 1472,"Workers": [],"Plans": [{"Node Type": "Seq Scan","Parent Relationship": "Outer","Parallel Aware": true,"Async Capable": false,"Relation Name": "customer","Alias": "customer","Startup Cost": 0.00,"Total Cost": 4366.25,"Plan Rows": 12760,"Plan Width": 4,"Actual Startup Time": 0.036,"Actual Total Time": 21.131,"Actual Rows": 7492,"Actual Loops": 4,"Filter": "(c_mktsegment = 'FURNITURE'::bpchar)","Rows Removed by Filter": 30008,"Workers": []}]}]},{"Node Type": "Index Scan","Parent Relationship": "Inner","Parallel Aware": false,"Async Capable": false,"Scan Direction": "Forward","Index Name": "idx_lineitem_orderkey","Relation Name": "lineitem","Alias": "lineitem","Startup Cost": 0.43,"Total Cost": 1.45,"Plan Rows": 9,"Plan Width": 16,"Actual Startup Time": 0.007,"Actual Total Time": 0.008,"Actual Rows": 0,"Actual Loops": 143525,"Index Cond": "(l_orderkey = orders.o_orderkey)","Rows Removed by Index Recheck": 0,"Filter": "(l_shipdate > '1995-03-02'::date)","Rows Removed by Filter": 4,"Workers": []}]}]}]}]},"Planning Time": 6.499,"Triggers": [],"Execution Time": 566.654}]
[{"Plan": {"Node Type": "Sort","Parallel Aware": false,"Async Capable": false,"Startup Cost": 177898.35,"Total Cost": 178677.16,"Plan Rows": 311522,"Plan Width": 44,"Actual Startup Time": 544.402,"Actual Total Time": 554.531,"Actual Rows": 11490,"Actual Loops": 1,"Sort Key": ["(sum((lineitem.l_extendedprice * ('1'::numeric - lineitem.l_discount)))) DESC", "orders.o_orderdate"],"Sort Method": "quicksort","Sort Space Used": 1103,"Sort Space Type": "Memory","Plans": [{"Node Type": "Aggregate","Strategy": "Hashed","Partial Mode": "Simple","Parent Relationship": "Outer","Parallel Aware": false,"Async Capable": false,"Startup Cost": 145579.54,"Total Cost": 149473.57,"Plan Rows": 311522,"Plan Width": 44,"Actual Startup Time": 521.900,"Actual Total Time": 546.210,"Actual Rows": 11490,"Actual Loops": 1,"Group Key": ["lineitem.l_orderkey", "orders.o_orderdate", "orders.o_shippriority"],"Planned Partitions": 0,"HashAgg Batches": 1,"Peak Memory Usage": 20497,"Disk Usage": 0,"Plans": [{"Node Type": "Gather","Parent Relationship": "Outer","Parallel Aware": false,"Async Capable": false,"Startup Cost": 5521.08,"Total Cost": 140906.71,"Plan Rows": 311522,"Plan Width": 24,"Actual Startup Time": 33.401,"Actual Total Time": 499.784,"Actual Rows": 30281,"Actual Loops": 1,"Workers Planned": 3,"Workers Launched": 3,"Single Copy": false,"Plans": [{"Node Type": "Nested Loop","Parent Relationship": "Outer","Parallel Aware": false,"Async Capable": false,"Join Type": "Inner","Startup Cost": 4521.08,"Total Cost": 108754.51,"Plan Rows": 100491,"Plan Width": 24,"Actual Startup Time": 26.228,"Actual Total Time": 505.023,"Actual Rows": 7570,"Actual Loops": 4,"Inner Unique": false,"Workers": [],"Plans": [{"Node Type": "Hash Join","Parent Relationship": "Outer","Parallel Aware": true,"Async Capable": false,"Join Type": "Inner","Startup Cost": 4520.65,"Total Cost": 37285.50,"Plan Rows": 46788,"Plan Width": 12,"Actual Startup Time": 25.784,"Actual Total Time": 220.376,"Actual Rows": 36346,"Actual Loops": 4,"Inner Unique": true,"Hash Cond": "(orders.o_custkey = customer.c_custkey)","Workers": [],"Plans": [{"Node Type": "Seq Scan","Parent Relationship": "Outer","Parallel Aware": true,"Async Capable": false,"Relation Name": "orders","Alias": "orders","Startup Cost": 0.00,"Total Cost": 32143.39,"Plan Rows": 236740,"Plan Width": 16,"Actual Startup Time": 0.009,"Actual Total Time": 144.365,"Actual Rows": 182768,"Actual Loops": 4,"Filter": "(o_orderdate < '1995-03-21'::date)","Rows Removed by Filter": 192232,"Workers": []},{"Node Type": "Hash","Parent Relationship": "Inner","Parallel Aware": true,"Async Capable": false,"Startup Cost": 4366.25,"Total Cost": 4366.25,"Plan Rows": 12352,"Plan Width": 4,"Actual Startup Time": 25.325,"Actual Total Time": 25.329,"Actual Rows": 7438,"Actual Loops": 4,"Hash Buckets": 32768,"Original Hash Buckets": 32768,"Hash Batches": 1,"Original Hash Batches": 1,"Peak Memory Usage": 1504,"Workers": [],"Plans": [{"Node Type": "Seq Scan","Parent Relationship": "Outer","Parallel Aware": true,"Async Capable": false,"Relation Name": "customer","Alias": "customer","Startup Cost": 0.00,"Total Cost": 4366.25,"Plan Rows": 12352,"Plan Width": 4,"Actual Startup Time": 0.043,"Actual Total Time": 21.768,"Actual Rows": 7438,"Actual Loops": 4,"Filter": "(c_mktsegment = 'AUTOMOBILE'::bpchar)","Rows Removed by Filter": 30062,"Workers": []}]}]},{"Node Type": "Index Scan","Parent Relationship": "Inner","Parallel Aware": false,"Async Capable": false,"Scan Direction": "Forward","Index Name": "idx_lineitem_orderkey","Relation Name": "lineitem","Alias": "lineitem","Startup Cost": 0.43,"Total Cost": 1.44,"Plan Rows": 9,"Plan Width": 16,"Actual Startup Time": 0.007,"Actual Total Time": 0.008,"Actual Rows": 0,"Actual Loops": 145386,"Index Cond": "(l_orderkey = orders.o_orderkey)","Rows Removed by Index Recheck": 0,"Filter": "(l_shipdate > '1995-03-21'::date)","Rows Removed by Filter": 4,"Workers": []}]}]}]}]},"Planning Time": 6.282,"Triggers": [],"Execution Time": 569.554}]
[{"Plan": {"Node Type": "Sort","Parallel Aware": false,"Async Capable": false,"Startup Cost": 179432.01,"Total Cost": 180219.85,"Plan Rows": 315135,"Plan Width": 44,"Actual Startup Time": 520.292,"Actual Total Time": 530.310,"Actual Rows": 11238,"Actual Loops": 1,"Sort Key": ["(sum((lineitem.l_extendedprice * ('1'::numeric - lineitem.l_discount)))) DESC", "orders.o_orderdate"],"Sort Method": "quicksort","Sort Space Used": 1087,"Sort Space Type": "Memory","Plans": [{"Node Type": "Aggregate","Strategy": "Hashed","Partial Mode": "Simple","Parent Relationship": "Outer","Parallel Aware": false,"Async Capable": false,"Startup Cost": 146712.16,"Total Cost": 150651.35,"Plan Rows": 315135,"Plan Width": 44,"Actual Startup Time": 497.945,"Actual Total Time": 522.248,"Actual Rows": 11238,"Actual Loops": 1,"Group Key": ["lineitem.l_orderkey", "orders.o_orderdate", "orders.o_shippriority"],"Planned Partitions": 0,"HashAgg Batches": 1,"Peak Memory Usage": 20497,"Disk Usage": 0,"Plans": [{"Node Type": "Gather","Parent Relationship": "Outer","Parallel Aware": false,"Async Capable": false,"Startup Cost": 5522.86,"Total Cost": 141985.14,"Plan Rows": 315135,"Plan Width": 24,"Actual Startup Time": 29.974,"Actual Total Time": 476.751,"Actual Rows": 29659,"Actual Loops": 1,"Workers Planned": 3,"Workers Launched": 3,"Single Copy": false,"Plans": [{"Node Type": "Nested Loop","Parent Relationship": "Outer","Parallel Aware": false,"Async Capable": false,"Join Type": "Inner","Startup Cost": 4522.86,"Total Cost": 109471.64,"Plan Rows": 101656,"Plan Width": 24,"Actual Startup Time": 23.064,"Actual Total Time": 481.550,"Actual Rows": 7415,"Actual Loops": 4,"Inner Unique": false,"Workers": [],"Plans": [{"Node Type": "Hash Join","Parent Relationship": "Outer","Parallel Aware": true,"Async Capable": false,"Join Type": "Inner","Startup Cost": 4522.43,"Total Cost": 37285.73,"Plan Rows": 47206,"Plan Width": 12,"Actual Startup Time": 22.798,"Actual Total Time": 205.756,"Actual Rows": 36393,"Actual Loops": 4,"Inner Unique": true,"Hash Cond": "(orders.o_custkey = customer.c_custkey)","Workers": [],"Plans": [{"Node Type": "Seq Scan","Parent Relationship": "Outer","Parallel Aware": true,"Async Capable": false,"Relation Name": "orders","Alias": "orders","Startup Cost": 0.00,"Total Cost": 32143.39,"Plan Rows": 236150,"Plan Width": 16,"Actual Startup Time": 0.010,"Actual Total Time": 137.920,"Actual Rows": 182297,"Actual Loops": 4,"Filter": "(o_orderdate < '1995-03-18'::date)","Rows Removed by Filter": 192703,"Workers": []},{"Node Type": "Hash","Parent Relationship": "Inner","Parallel Aware": true,"Async Capable": false,"Startup Cost": 4366.25,"Total Cost": 4366.25,"Plan Rows": 12494,"Plan Width": 4,"Actual Startup Time": 22.295,"Actual Total Time": 22.298,"Actual Rows": 7487,"Actual Loops": 4,"Hash Buckets": 32768,"Original Hash Buckets": 32768,"Hash Batches": 1,"Original Hash Batches": 1,"Peak Memory Usage": 1472,"Workers": [],"Plans": [{"Node Type": "Seq Scan","Parent Relationship": "Outer","Parallel Aware": true,"Async Capable": false,"Relation Name": "customer","Alias": "customer","Startup Cost": 0.00,"Total Cost": 4366.25,"Plan Rows": 12494,"Plan Width": 4,"Actual Startup Time": 0.039,"Actual Total Time": 19.249,"Actual Rows": 7487,"Actual Loops": 4,"Filter": "(c_mktsegment = 'MACHINERY'::bpchar)","Rows Removed by Filter": 30013,"Workers": []}]}]},{"Node Type": "Index Scan","Parent Relationship": "Inner","Parallel Aware": false,"Async Capable": false,"Scan Direction": "Forward","Index Name": "idx_lineitem_orderkey","Relation Name": "lineitem","Alias": "lineitem","Startup Cost": 0.43,"Total Cost": 1.44,"Plan Rows": 9,"Plan Width": 16,"Actual Startup Time": 0.007,"Actual Total Time": 0.007,"Actual Rows": 0,"Actual Loops": 145571,"Index Cond": "(l_orderkey = orders.o_orderkey)","Rows Removed by Index Recheck": 0,"Filter": "(l_shipdate > '1995-03-18'::date)","Rows Removed by Filter": 4,"Workers": []}]}]}]}]},"Planning Time": 4.960,"Triggers": [],"Execution Time": 543.679}]
[{"Plan": {"Node Type": "Sort","Parallel Aware": false,"Async Capable": false,"Startup Cost": 178989.67,"Total Cost": 179777.60,"Plan Rows": 315173,"Plan Width": 44,"Actual Startup Time": 516.727,"Actual Total Time": 528.343,"Actual Rows": 11426,"Actual Loops": 1,"Sort Key": ["(sum((lineitem.l_extendedprice * ('1'::numeric - lineitem.l_discount)))) DESC", "orders.o_orderdate"],"Sort Method": "quicksort","Sort Space Used": 1099,"Sort Space Type": "Memory","Plans": [{"Node Type": "Aggregate","Strategy": "Hashed","Partial Mode": "Simple","Parent Relationship": "Outer","Parallel Aware": false,"Async Capable": false,"Startup Cost": 146265.60,"Total Cost": 150205.26,"Plan Rows": 315173,"Plan Width": 44,"Actual Startup Time": 497.077,"Actual Total Time": 520.833,"Actual Rows": 11426,"Actual Loops": 1,"Group Key": ["lineitem.l_orderkey", "orders.o_orderdate", "orders.o_shippriority"],"Planned Partitions": 0,"HashAgg Batches": 1,"Peak Memory Usage": 20497,"Disk Usage": 0,"Plans": [{"Node Type": "Gather","Parent Relationship": "Outer","Parallel Aware": false,"Async Capable": false,"Startup Cost": 5522.96,"Total Cost": 141538.00,"Plan Rows": 315173,"Plan Width": 24,"Actual Startup Time": 32.217,"Actual Total Time": 477.531,"Actual Rows": 30268,"Actual Loops": 1,"Workers Planned": 3,"Workers Launched": 3,"Single Copy": false,"Plans": [{"Node Type": "Nested Loop","Parent Relationship": "Outer","Parallel Aware": false,"Async Capable": false,"Join Type": "Inner","Startup Cost": 4522.96,"Total Cost": 109020.70,"Plan Rows": 101669,"Plan Width": 24,"Actual Startup Time": 25.049,"Actual Total Time": 480.344,"Actual Rows": 7567,"Actual Loops": 4,"Inner Unique": false,"Workers": [],"Plans": [{"Node Type": "Hash Join","Parent Relationship": "Outer","Parallel Aware": true,"Async Capable": false,"Join Type": "Inner","Startup Cost": 4522.52,"Total Cost": 37278.33,"Plan Rows": 46667,"Plan Width": 12,"Actual Startup Time": 24.913,"Actual Total Time": 207.811,"Actual Rows": 35970,"Actual Loops": 4,"Inner Unique": true,"Hash Cond": "(orders.o_custkey = customer.c_custkey)","Workers": [],"Plans": [{"Node Type": "Seq Scan","Parent Relationship": "Outer","Parallel Aware": true,"Async Capable": false,"Relation Name": "orders","Alias": "orders","Startup Cost": 0.00,"Total Cost": 32143.39,"Plan Rows": 233295,"Plan Width": 16,"Actual Startup Time": 0.011,"Actual Total Time": 137.273,"Actual Rows": 180256,"Actual Loops": 4,"Filter": "(o_orderdate < '1995-03-05'::date)","Rows Removed by Filter": 194744,"Workers": []},{"Node Type": "Hash","Parent Relationship": "Inner","Parallel Aware": true,"Async Capable": false,"Startup Cost": 4366.25,"Total Cost": 4366.25,"Plan Rows": 12502,"Plan Width": 4,"Actual Startup Time": 24.466,"Actual Total Time": 24.469,"Actual Rows": 7547,"Actual Loops": 4,"Hash Buckets": 32768,"Original Hash Buckets": 32768,"Hash Batches": 1,"Original Hash Batches": 1,"Peak Memory Usage": 1504,"Workers": [],"Plans": [{"Node Type": "Seq Scan","Parent Relationship": "Outer","Parallel Aware": true,"Async Capable": false,"Relation Name": "customer","Alias": "customer","Startup Cost": 0.00,"Total Cost": 4366.25,"Plan Rows": 12502,"Plan Width": 4,"Actual Startup Time": 0.039,"Actual Total Time": 21.341,"Actual Rows": 7547,"Actual Loops": 4,"Filter": "(c_mktsegment = 'HOUSEHOLD'::bpchar)","Rows Removed by Filter": 29953,"Workers": []}]}]},{"Node Type": "Index Scan","Parent Relationship": "Inner","Parallel Aware": false,"Async Capable": false,"Scan Direction": "Forward","Index Name": "idx_lineitem_orderkey","Relation Name": "lineitem","Alias": "lineitem","Startup Cost": 0.43,"Total Cost": 1.45,"Plan Rows": 9,"Plan Width": 16,"Actual Startup Time": 0.007,"Actual Total Time": 0.007,"Actual Rows": 0,"Actual Loops": 143880,"Index Cond": "(l_orderkey = orders.o_orderkey)","Rows Removed by Index Recheck": 0,"Filter": "(l_shipdate > '1995-03-05'::date)","Rows Removed by Filter": 4,"Workers": []}]}]}]}]},"Planning Time": 5.721,"Triggers": [],"Execution Time": 540.728}]
[{"Plan": {"Node Type": "Sort","Parallel Aware": false,"Async Capable": false,"Startup Cost": 179098.41,"Total Cost": 179886.07,"Plan Rows": 315061,"Plan Width": 44,"Actual Startup Time": 536.555,"Actual Total Time": 546.513,"Actual Rows": 11424,"Actual Loops": 1,"Sort Key": ["(sum((lineitem.l_extendedprice * ('1'::numeric - lineitem.l_discount)))) DESC", "orders.o_orderdate"],"Sort Method": "quicksort","Sort Space Used": 1099,"Sort Space Type": "Memory","Plans": [{"Node Type": "Aggregate","Strategy": "Hashed","Partial Mode": "Simple","Parent Relationship": "Outer","Parallel Aware": false,"Async Capable": false,"Startup Cost": 146386.78,"Total Cost": 150325.04,"Plan Rows": 315061,"Plan Width": 44,"Actual Startup Time": 513.819,"Actual Total Time": 538.122,"Actual Rows": 11424,"Actual Loops": 1,"Group Key": ["lineitem.l_orderkey", "orders.o_orderdate", "orders.o_shippriority"],"Planned Partitions": 0,"HashAgg Batches": 1,"Peak Memory Usage": 20497,"Disk Usage": 0,"Plans": [{"Node Type": "Gather","Parent Relationship": "Outer","Parallel Aware": false,"Async Capable": false,"Startup Cost": 5522.96,"Total Cost": 141660.86,"Plan Rows": 315061,"Plan Width": 24,"Actual Startup Time": 32.582,"Actual Total Time": 491.857,"Actual Rows": 30303,"Actual Loops": 1,"Workers Planned": 3,"Workers Launched": 3,"Single Copy": false,"Plans": [{"Node Type": "Nested Loop","Parent Relationship": "Outer","Parallel Aware": false,"Async Capable": false,"Join Type": "Inner","Startup Cost": 4522.96,"Total Cost": 109154.76,"Plan Rows": 101633,"Plan Width": 24,"Actual Startup Time": 25.583,"Actual Total Time": 497.242,"Actual Rows": 7576,"Actual Loops": 4,"Inner Unique": false,"Workers": [],"Plans": [{"Node Type": "Hash Join","Parent Relationship": "Outer","Parallel Aware": true,"Async Capable": false,"Join Type": "Inner","Startup Cost": 4522.52,"Total Cost": 37280.34,"Plan Rows": 46820,"Plan Width": 12,"Actual Startup Time": 25.451,"Actual Total Time": 217.313,"Actual Rows": 36096,"Actual Loops": 4,"Inner Unique": true,"Hash Cond": "(orders.o_custkey = customer.c_custkey)","Workers": [],"Plans": [{"Node Type": "Seq Scan","Parent Relationship": "Outer","Parallel Aware": true,"Async Capable": false,"Relation Name": "orders","Alias": "orders","Startup Cost": 0.00,"Total Cost": 32143.39,"Plan Rows": 234059,"Plan Width": 16,"Actual Startup Time": 0.023,"Actual Total Time": 141.963,"Actual Rows": 180877,"Actual Loops": 4,"Filter": "(o_orderdate < '1995-03-09'::date)","Rows Removed by Filter": 194123,"Workers": []},{"Node Type": "Hash","Parent Relationship": "Inner","Parallel Aware": true,"Async Capable": false,"Startup Cost": 4366.25,"Total Cost": 4366.25,"Plan Rows": 12502,"Plan Width": 4,"Actual Startup Time": 25.023,"Actual Total Time": 25.029,"Actual Rows": 7547,"Actual Loops": 4,"Hash Buckets": 32768,"Original Hash Buckets": 32768,"Hash Batches": 1,"Original Hash Batches": 1,"Peak Memory Usage": 1504,"Workers": [],"Plans": [{"Node Type": "Seq Scan","Parent Relationship": "Outer","Parallel Aware": true,"Async Capable": false,"Relation Name": "customer","Alias": "customer","Startup Cost": 0.00,"Total Cost": 4366.25,"Plan Rows": 12502,"Plan Width": 4,"Actual Startup Time": 0.028,"Actual Total Time": 21.849,"Actual Rows": 7547,"Actual Loops": 4,"Filter": "(c_mktsegment = 'HOUSEHOLD'::bpchar)","Rows Removed by Filter": 29953,"Workers": []}]}]},{"Node Type": "Index Scan","Parent Relationship": "Inner","Parallel Aware": false,"Async Capable": false,"Scan Direction": "Forward","Index Name": "idx_lineitem_orderkey","Relation Name": "lineitem","Alias": "lineitem","Startup Cost": 0.43,"Total Cost": 1.45,"Plan Rows": 9,"Plan Width": 16,"Actual Startup Time": 0.007,"Actual Total Time": 0.008,"Actual Rows": 0,"Actual Loops": 144386,"Index Cond": "(l_orderkey = orders.o_orderkey)","Rows Removed by Index Recheck": 0,"Filter": "(l_shipdate > '1995-03-09'::date)","Rows Removed by Filter": 4,"Workers": []}]}]}]}]},"Planning Time": 6.924,"Triggers": [],"Execution Time": 560.310}]
[{"Plan": {"Node Type": "Sort","Parallel Aware": false,"Async Capable": false,"Startup Cost": 179557.13,"Total Cost": 180345.44,"Plan Rows": 315325,"Plan Width": 44,"Actual Startup Time": 519.220,"Actual Total Time": 530.118,"Actual Rows": 11421,"Actual Loops": 1,"Sort Key": ["(sum((lineitem.l_extendedprice * ('1'::numeric - lineitem.l_discount)))) DESC", "orders.o_orderdate"],"Sort Method": "quicksort","Sort Space Used": 1098,"Sort Space Type": "Memory","Plans": [{"Node Type": "Aggregate","Strategy": "Hashed","Partial Mode": "Simple","Parent Relationship": "Outer","Parallel Aware": false,"Async Capable": false,"Startup Cost": 146816.18,"Total Cost": 150757.74,"Plan Rows": 315325,"Plan Width": 44,"Actual Startup Time": 496.995,"Actual Total Time": 523.336,"Actual Rows": 11421,"Actual Loops": 1,"Group Key": ["lineitem.l_orderkey", "orders.o_orderdate", "orders.o_shippriority"],"Planned Partitions": 0,"HashAgg Batches": 1,"Peak Memory Usage": 20497,"Disk Usage": 0,"Plans": [{"Node Type": "Gather","Parent Relationship": "Outer","Parallel Aware": false,"Async Capable": false,"Startup Cost": 5522.96,"Total Cost": 142086.30,"Plan Rows": 315325,"Plan Width": 24,"Actual Startup Time": 30.321,"Actual Total Time": 477.611,"Actual Rows": 30301,"Actual Loops": 1,"Workers Planned": 3,"Workers Launched": 3,"Single Copy": false,"Plans": [{"Node Type": "Nested Loop","Parent Relationship": "Outer","Parallel Aware": false,"Async Capable": false,"Join Type": "Inner","Startup Cost": 4522.96,"Total Cost": 109553.80,"Plan Rows": 101718,"Plan Width": 24,"Actual Startup Time": 23.165,"Actual Total Time": 480.296,"Actual Rows": 7575,"Actual Loops": 4,"Inner Unique": false,"Workers": [],"Plans": [{"Node Type": "Hash Join","Parent Relationship": "Outer","Parallel Aware": true,"Async Capable": false,"Join Type": "Inner","Startup Cost": 4522.52,"Total Cost": 37286.33,"Plan Rows": 47276,"Plan Width": 12,"Actual Startup Time": 23.059,"Actual Total Time": 205.474,"Actual Rows": 36416,"Actual Loops": 4,"Inner Unique": true,"Hash Cond": "(orders.o_custkey = customer.c_custkey)","Workers": [],"Plans": [{"Node Type": "Seq Scan","Parent Relationship": "Outer","Parallel Aware": true,"Async Capable": false,"Relation Name": "orders","Alias": "orders","Startup Cost": 0.00,"Total Cost": 32143.39,"Plan Rows": 236341,"Plan Width": 16,"Actual Startup Time": 0.014,"Actual Total Time": 137.104,"Actual Rows": 182456,"Actual Loops": 4,"Filter": "(o_orderdate < '1995-03-19'::date)","Rows Removed by Filter": 192544,"Workers": []},{"Node Type": "Hash","Parent Relationship": "Inner","Parallel Aware": true,"Async Capable": false,"Startup Cost": 4366.25,"Total Cost": 4366.25,"Plan Rows": 12502,"Plan Width": 4,"Actual Startup Time": 22.633,"Actual Total Time": 22.639,"Actual Rows": 7547,"Actual Loops": 4,"Hash Buckets": 32768,"Original Hash Buckets": 32768,"Hash Batches": 1,"Original Hash Batches": 1,"Peak Memory Usage": 1504,"Workers": [],"Plans": [{"Node Type": "Seq Scan","Parent Relationship": "Outer","Parallel Aware": true,"Async Capable": false,"Relation Name": "customer","Alias": "customer","Startup Cost": 0.00,"Total Cost": 4366.25,"Plan Rows": 12502,"Plan Width": 4,"Actual Startup Time": 0.043,"Actual Total Time": 19.607,"Actual Rows": 7547,"Actual Loops": 4,"Filter": "(c_mktsegment = 'HOUSEHOLD'::bpchar)","Rows Removed by Filter": 29953,"Workers": []}]}]},{"Node Type": "Index Scan","Parent Relationship": "Inner","Parallel Aware": false,"Async Capable": false,"Scan Direction": "Forward","Index Name": "idx_lineitem_orderkey","Relation Name": "lineitem","Alias": "lineitem","Startup Cost": 0.43,"Total Cost": 1.44,"Plan Rows": 9,"Plan Width": 16,"Actual Startup Time": 0.007,"Actual Total Time": 0.007,"Actual Rows": 0,"Actual Loops": 145665,"Index Cond": "(l_orderkey = orders.o_orderkey)","Rows Removed by Index Recheck": 0,"Filter": "(l_shipdate > '1995-03-19'::date)","Rows Removed by Filter": 4,"Workers": []}]}]}]}]},"Planning Time": 5.758,"Triggers": [],"Execution Time": 545.599}]
[{"Plan": {"Node Type": "Sort","Parallel Aware": false,"Async Capable": false,"Startup Cost": 182058.10,"Total Cost": 182862.03,"Plan Rows": 321571,"Plan Width": 44,"Actual Startup Time": 546.390,"Actual Total Time": 556.446,"Actual Rows": 11390,"Actual Loops": 1,"Sort Key": ["(sum((lineitem.l_extendedprice * ('1'::numeric - lineitem.l_discount)))) DESC", "orders.o_orderdate"],"Sort Method": "quicksort","Sort Space Used": 1096,"Sort Space Type": "Memory","Plans": [{"Node Type": "Aggregate","Strategy": "Hashed","Partial Mode": "Simple","Parent Relationship": "Outer","Parallel Aware": false,"Async Capable": false,"Startup Cost": 148623.11,"Total Cost": 152642.75,"Plan Rows": 321571,"Plan Width": 44,"Actual Startup Time": 523.631,"Actual Total Time": 548.110,"Actual Rows": 11390,"Actual Loops": 1,"Group Key": ["lineitem.l_orderkey", "orders.o_orderdate", "orders.o_shippriority"],"Planned Partitions": 0,"HashAgg Batches": 1,"Peak Memory Usage": 20497,"Disk Usage": 0,"Plans": [{"Node Type": "Gather","Parent Relationship": "Outer","Parallel Aware": false,"Async Capable": false,"Startup Cost": 5526.18,"Total Cost": 143799.55,"Plan Rows": 321571,"Plan Width": 24,"Actual Startup Time": 35.987,"Actual Total Time": 502.272,"Actual Rows": 30211,"Actual Loops": 1,"Workers Planned": 3,"Workers Launched": 3,"Single Copy": false,"Plans": [{"Node Type": "Nested Loop","Parent Relationship": "Outer","Parallel Aware": false,"Async Capable": false,"Join Type": "Inner","Startup Cost": 4526.18,"Total Cost": 110642.45,"Plan Rows": 103733,"Plan Width": 24,"Actual Startup Time": 28.041,"Actual Total Time": 506.431,"Actual Rows": 7553,"Actual Loops": 4,"Inner Unique": false,"Workers": [],"Plans": [{"Node Type": "Hash Join","Parent Relationship": "Outer","Parallel Aware": true,"Async Capable": false,"Join Type": "Inner","Startup Cost": 4525.75,"Total Cost": 37283.56,"Plan Rows": 47787,"Plan Width": 12,"Actual Startup Time": 27.784,"Actual Total Time": 223.298,"Actual Rows": 36098,"Actual Loops": 4,"Inner Unique": true,"Hash Cond": "(orders.o_custkey = customer.c_custkey)","Workers": [],"Plans": [{"Node Type": "Seq Scan","Parent Relationship": "Outer","Parallel Aware": true,"Async Capable": false,"Relation Name": "orders","Alias": "orders","Startup Cost": 0.00,"Total Cost": 32143.39,"Plan Rows": 234059,"Plan Width": 16,"Actual Startup Time": 0.012,"Actual Total Time": 145.412,"Actual Rows": 180877,"Actual Loops": 4,"Filter": "(o_orderdate < '1995-03-09'::date)","Rows Removed by Filter": 194123,"Workers": []},{"Node Type": "Hash","Parent Relationship": "Inner","Parallel Aware": true,"Async Capable": false,"Startup Cost": 4366.25,"Total Cost": 4366.25,"Plan Rows": 12760,"Plan Width": 4,"Actual Startup Time": 27.272,"Actual Total Time": 27.279,"Actual Rows": 7492,"Actual Loops": 4,"Hash Buckets": 32768,"Original Hash Buckets": 32768,"Hash Batches": 1,"Original Hash Batches": 1,"Peak Memory Usage": 1504,"Workers": [],"Plans": [{"Node Type": "Seq Scan","Parent Relationship": "Outer","Parallel Aware": true,"Async Capable": false,"Relation Name": "customer","Alias": "customer","Startup Cost": 0.00,"Total Cost": 4366.25,"Plan Rows": 12760,"Plan Width": 4,"Actual Startup Time": 0.042,"Actual Total Time": 23.852,"Actual Rows": 7492,"Actual Loops": 4,"Filter": "(c_mktsegment = 'FURNITURE'::bpchar)","Rows Removed by Filter": 30008,"Workers": []}]}]},{"Node Type": "Index Scan","Parent Relationship": "Inner","Parallel Aware": false,"Async Capable": false,"Scan Direction": "Forward","Index Name": "idx_lineitem_orderkey","Relation Name": "lineitem","Alias": "lineitem","Startup Cost": 0.43,"Total Cost": 1.45,"Plan Rows": 9,"Plan Width": 16,"Actual Startup Time": 0.007,"Actual Total Time": 0.008,"Actual Rows": 0,"Actual Loops": 144393,"Index Cond": "(l_orderkey = orders.o_orderkey)","Rows Removed by Index Recheck": 0,"Filter": "(l_shipdate > '1995-03-09'::date)","Rows Removed by Filter": 4,"Workers": []}]}]}]}]},"Planning Time": 6.548,"Triggers": [],"Execution Time": 570.548}]
[{"Plan": {"Node Type": "Sort","Parallel Aware": false,"Async Capable": false,"Startup Cost": 178894.67,"Total Cost": 179682.08,"Plan Rows": 314964,"Plan Width": 44,"Actual Startup Time": 539.227,"Actual Total Time": 550.571,"Actual Rows": 11371,"Actual Loops": 1,"Sort Key": ["(sum((lineitem.l_extendedprice * ('1'::numeric - lineitem.l_discount)))) DESC", "orders.o_orderdate"],"Sort Method": "quicksort","Sort Space Used": 1095,"Sort Space Type": "Memory","Plans": [{"Node Type": "Aggregate","Strategy": "Hashed","Partial Mode": "Simple","Parent Relationship": "Outer","Parallel Aware": false,"Async Capable": false,"Startup Cost": 146193.81,"Total Cost": 150130.86,"Plan Rows": 314964,"Plan Width": 44,"Actual Startup Time": 517.302,"Actual Total Time": 542.087,"Actual Rows": 11371,"Actual Loops": 1,"Group Key": ["lineitem.l_orderkey", "orders.o_orderdate", "orders.o_shippriority"],"Planned Partitions": 0,"HashAgg Batches": 1,"Peak Memory Usage": 20497,"Disk Usage": 0,"Plans": [{"Node Type": "Gather","Parent Relationship": "Outer","Parallel Aware": false,"Async Capable": false,"Startup Cost": 5522.86,"Total Cost": 141469.35,"Plan Rows": 314964,"Plan Width": 24,"Actual Startup Time": 32.364,"Actual Total Time": 494.471,"Actual Rows": 29976,"Actual Loops": 1,"Workers Planned": 3,"Workers Launched": 3,"Single Copy": false,"Plans": [{"Node Type": "Nested Loop","Parent Relationship": "Outer","Parallel Aware": false,"Async Capable": false,"Join Type": "Inner","Startup Cost": 4522.86,"Total Cost": 108972.95,"Plan Rows": 101601,"Plan Width": 24,"Actual Startup Time": 25.475,"Actual Total Time": 500.020,"Actual Rows": 7494,"Actual Loops": 4,"Inner Unique": false,"Workers": [],"Plans": [{"Node Type": "Hash Join","Parent Relationship": "Outer","Parallel Aware": true,"Async Capable": false,"Join Type": "Inner","Startup Cost": 4522.43,"Total Cost": 37278.23,"Plan Rows": 46636,"Plan Width": 12,"Actual Startup Time": 25.237,"Actual Total Time": 218.262,"Actual Rows": 36004,"Actual Loops": 4,"Inner Unique": true,"Hash Cond": "(orders.o_custkey = customer.c_custkey)","Workers": [],"Plans": [{"Node Type": "Seq Scan","Parent Relationship": "Outer","Parallel Aware": true,"Async Capable": false,"Relation Name": "orders","Alias": "orders","Startup Cost": 0.00,"Total Cost": 32143.39,"Plan Rows": 233295,"Plan Width": 16,"Actual Startup Time": 0.013,"Actual Total Time": 141.834,"Actual Rows": 180256,"Actual Loops": 4,"Filter": "(o_orderdate < '1995-03-05'::date)","Rows Removed by Filter": 194744,"Workers": []},{"Node Type": "Hash","Parent Relationship": "Inner","Parallel Aware": true,"Async Capable": false,"Startup Cost": 4366.25,"Total Cost": 4366.25,"Plan Rows": 12494,"Plan Width": 4,"Actual Startup Time": 24.846,"Actual Total Time": 24.849,"Actual Rows": 7487,"Actual Loops": 4,"Hash Buckets": 32768,"Original Hash Buckets": 32768,"Hash Batches": 1,"Original Hash Batches": 1,"Peak Memory Usage": 1472,"Workers": [],"Plans": [{"Node Type": "Seq Scan","Parent Relationship": "Outer","Parallel Aware": true,"Async Capable": false,"Relation Name": "customer","Alias": "customer","Startup Cost": 0.00,"Total Cost": 4366.25,"Plan Rows": 12494,"Plan Width": 4,"Actual Startup Time": 0.036,"Actual Total Time": 21.077,"Actual Rows": 7487,"Actual Loops": 4,"Filter": "(c_mktsegment = 'MACHINERY'::bpchar)","Rows Removed by Filter": 30013,"Workers": []}]}]},{"Node Type": "Index Scan","Parent Relationship": "Inner","Parallel Aware": false,"Async Capable": false,"Scan Direction": "Forward","Index Name": "idx_lineitem_orderkey","Relation Name": "lineitem","Alias": "lineitem","Startup Cost": 0.43,"Total Cost": 1.45,"Plan Rows": 9,"Plan Width": 16,"Actual Startup Time": 0.007,"Actual Total Time": 0.008,"Actual Rows": 0,"Actual Loops": 144017,"Index Cond": "(l_orderkey = orders.o_orderkey)","Rows Removed by Index Recheck": 0,"Filter": "(l_shipdate > '1995-03-05'::date)","Rows Removed by Filter": 4,"Workers": []}]}]}]}]},"Planning Time": 6.275,"Triggers": [],"Execution Time": 563.707}]
[{"Plan": {"Node Type": "Sort","Parallel Aware": false,"Async Capable": false,"Startup Cost": 177299.51,"Total Cost": 178077.92,"Plan Rows": 311364,"Plan Width": 44,"Actual Startup Time": 534.934,"Actual Total Time": 543.464,"Actual Rows": 11453,"Actual Loops": 1,"Sort Key": ["(sum((lineitem.l_extendedprice * ('1'::numeric - lineitem.l_discount)))) DESC", "orders.o_orderdate"],"Sort Method": "quicksort","Sort Space Used": 1100,"Sort Space Type": "Memory","Plans": [{"Node Type": "Aggregate","Strategy": "Hashed","Partial Mode": "Simple","Parent Relationship": "Outer","Parallel Aware": false,"Async Capable": false,"Startup Cost": 144998.23,"Total Cost": 148890.28,"Plan Rows": 311364,"Plan Width": 44,"Actual Startup Time": 511.254,"Actual Total Time": 534.782,"Actual Rows": 11453,"Actual Loops": 1,"Group Key": ["lineitem.l_orderkey", "orders.o_orderdate", "orders.o_shippriority"],"Planned Partitions": 0,"HashAgg Batches": 1,"Peak Memory Usage": 20497,"Disk Usage": 0,"Plans": [{"Node Type": "Gather","Parent Relationship": "Outer","Parallel Aware": false,"Async Capable": false,"Startup Cost": 5521.08,"Total Cost": 140327.77,"Plan Rows": 311364,"Plan Width": 24,"Actual Startup Time": 32.512,"Actual Total Time": 487.416,"Actual Rows": 30263,"Actual Loops": 1,"Workers Planned": 3,"Workers Launched": 3,"Single Copy": false,"Plans": [{"Node Type": "Nested Loop","Parent Relationship": "Outer","Parallel Aware": false,"Async Capable": false,"Join Type": "Inner","Startup Cost": 4521.08,"Total Cost": 108191.37,"Plan Rows": 100440,"Plan Width": 24,"Actual Startup Time": 25.798,"Actual Total Time": 494.528,"Actual Rows": 7566,"Actual Loops": 4,"Inner Unique": false,"Workers": [],"Plans": [{"Node Type": "Hash Join","Parent Relationship": "Outer","Parallel Aware": true,"Async Capable": false,"Join Type": "Inner","Startup Cost": 4520.65,"Total Cost": 37276.96,"Plan Rows": 46145,"Plan Width": 12,"Actual Startup Time": 25.389,"Actual Total Time": 216.079,"Actual Rows": 35882,"Actual Loops": 4,"Inner Unique": true,"Hash Cond": "(orders.o_custkey = customer.c_custkey)","Workers": [],"Plans": [{"Node Type": "Seq Scan","Parent Relationship": "Outer","Parallel Aware": true,"Async Capable": false,"Relation Name": "orders","Alias": "orders","Startup Cost": 0.00,"Total Cost": 32143.39,"Plan Rows": 233486,"Plan Width": 16,"Actual Startup Time": 0.012,"Actual Total Time": 140.973,"Actual Rows": 180414,"Actual Loops": 4,"Filter": "(o_orderdate < '1995-03-06'::date)","Rows Removed by Filter": 194586,"Workers": []},{"Node Type": "Hash","Parent Relationship": "Inner","Parallel Aware": true,"Async Capable": false,"Startup Cost": 4366.25,"Total Cost": 4366.25,"Plan Rows": 12352,"Plan Width": 4,"Actual Startup Time": 24.995,"Actual Total Time": 25.001,"Actual Rows": 7438,"Actual Loops": 4,"Hash Buckets": 32768,"Original Hash Buckets": 32768,"Hash Batches": 1,"Original Hash Batches": 1,"Peak Memory Usage": 1504,"Workers": [],"Plans": [{"Node Type": "Seq Scan","Parent Relationship": "Outer","Parallel Aware": true,"Async Capable": false,"Relation Name": "customer","Alias": "customer","Startup Cost": 0.00,"Total Cost": 4366.25,"Plan Rows": 12352,"Plan Width": 4,"Actual Startup Time": 0.041,"Actual Total Time": 21.665,"Actual Rows": 7438,"Actual Loops": 4,"Filter": "(c_mktsegment = 'AUTOMOBILE'::bpchar)","Rows Removed by Filter": 30062,"Workers": []}]}]},{"Node Type": "Index Scan","Parent Relationship": "Inner","Parallel Aware": false,"Async Capable": false,"Scan Direction": "Forward","Index Name": "idx_lineitem_orderkey","Relation Name": "lineitem","Alias": "lineitem","Startup Cost": 0.43,"Total Cost": 1.45,"Plan Rows": 9,"Plan Width": 16,"Actual Startup Time": 0.007,"Actual Total Time": 0.008,"Actual Rows": 0,"Actual Loops": 143530,"Index Cond": "(l_orderkey = orders.o_orderkey)","Rows Removed by Index Recheck": 0,"Filter": "(l_shipdate > '1995-03-06'::date)","Rows Removed by Filter": 4,"Workers": []}]}]}]}]},"Planning Time": 6.625,"Triggers": [],"Execution Time": 557.120}]
[{"Plan": {"Node Type": "Sort","Parallel Aware": false,"Async Capable": false,"Startup Cost": 179071.84,"Total Cost": 179859.56,"Plan Rows": 315090,"Plan Width": 44,"Actual Startup Time": 540.870,"Actual Total Time": 551.478,"Actual Rows": 11417,"Actual Loops": 1,"Sort Key": ["(sum((lineitem.l_extendedprice * ('1'::numeric - lineitem.l_discount)))) DESC", "orders.o_orderdate"],"Sort Method": "quicksort","Sort Space Used": 1098,"Sort Space Type": "Memory","Plans": [{"Node Type": "Aggregate","Strategy": "Hashed","Partial Mode": "Simple","Parent Relationship": "Outer","Parallel Aware": false,"Async Capable": false,"Startup Cost": 146356.98,"Total Cost": 150295.61,"Plan Rows": 315090,"Plan Width": 44,"Actual Startup Time": 519.120,"Actual Total Time": 542.435,"Actual Rows": 11417,"Actual Loops": 1,"Group Key": ["lineitem.l_orderkey", "orders.o_orderdate", "orders.o_shippriority"],"Planned Partitions": 0,"HashAgg Batches": 1,"Peak Memory Usage": 20497,"Disk Usage": 0,"Plans": [{"Node Type": "Gather","Parent Relationship": "Outer","Parallel Aware": false,"Async Capable": false,"Startup Cost": 5522.96,"Total Cost": 141630.63,"Plan Rows": 315090,"Plan Width": 24,"Actual Startup Time": 32.697,"Actual Total Time": 493.968,"Actual Rows": 30308,"Actual Loops": 1,"Workers Planned": 3,"Workers Launched": 3,"Single Copy": false,"Plans": [{"Node Type": "Nested Loop","Parent Relationship": "Outer","Parallel Aware": false,"Async Capable": false,"Join Type": "Inner","Startup Cost": 4522.96,"Total Cost": 109121.63,"Plan Rows": 101642,"Plan Width": 24,"Actual Startup Time": 25.698,"Actual Total Time": 501.618,"Actual Rows": 7577,"Actual Loops": 4,"Inner Unique": false,"Workers": [],"Plans": [{"Node Type": "Hash Join","Parent Relationship": "Outer","Parallel Aware": true,"Async Capable": false,"Join Type": "Inner","Startup Cost": 4522.52,"Total Cost": 37279.84,"Plan Rows": 46782,"Plan Width": 12,"Actual Startup Time": 25.569,"Actual Total Time": 219.875,"Actual Rows": 36063,"Actual Loops": 4,"Inner Unique": true,"Hash Cond": "(orders.o_custkey = customer.c_custkey)","Workers": [],"Plans": [{"Node Type": "Seq Scan","Parent Relationship": "Outer","Parallel Aware": true,"Async Capable": false,"Relation Name": "orders","Alias": "orders","Startup Cost": 0.00,"Total Cost": 32143.39,"Plan Rows": 233868,"Plan Width": 16,"Actual Startup Time": 0.013,"Actual Total Time": 142.359,"Actual Rows": 180728,"Actual Loops": 4,"Filter": "(o_orderdate < '1995-03-08'::date)","Rows Removed by Filter": 194272,"Workers": []},{"Node Type": "Hash","Parent Relationship": "Inner","Parallel Aware": true,"Async Capable": false,"Startup Cost": 4366.25,"Total Cost": 4366.25,"Plan Rows": 12502,"Plan Width": 4,"Actual Startup Time": 25.061,"Actual Total Time": 25.066,"Actual Rows": 7547,"Actual Loops": 4,"Hash Buckets": 32768,"Original Hash Buckets": 32768,"Hash Batches": 1,"Original Hash Batches": 1,"Peak Memory Usage": 1472,"Workers": [],"Plans": [{"Node Type": "Seq Scan","Parent Relationship": "Outer","Parallel Aware": true,"Async Capable": false,"Relation Name": "customer","Alias": "customer","Startup Cost": 0.00,"Total Cost": 4366.25,"Plan Rows": 12502,"Plan Width": 4,"Actual Startup Time": 0.053,"Actual Total Time": 21.158,"Actual Rows": 7547,"Actual Loops": 4,"Filter": "(c_mktsegment = 'HOUSEHOLD'::bpchar)","Rows Removed by Filter": 29953,"Workers": []}]}]},{"Node Type": "Index Scan","Parent Relationship": "Inner","Parallel Aware": false,"Async Capable": false,"Scan Direction": "Forward","Index Name": "idx_lineitem_orderkey","Relation Name": "lineitem","Alias": "lineitem","Startup Cost": 0.43,"Total Cost": 1.45,"Plan Rows": 9,"Plan Width": 16,"Actual Startup Time": 0.007,"Actual Total Time": 0.008,"Actual Rows": 0,"Actual Loops": 144252,"Index Cond": "(l_orderkey = orders.o_orderkey)","Rows Removed by Index Recheck": 0,"Filter": "(l_shipdate > '1995-03-08'::date)","Rows Removed by Filter": 4,"Workers": []}]}]}]}]},"Planning Time": 5.823,"Triggers": [],"Execution Time": 563.886}]
[{"Plan": {"Node Type": "Sort","Parallel Aware": false,"Async Capable": false,"Startup Cost": 178351.74,"Total Cost": 179133.04,"Plan Rows": 312519,"Plan Width": 44,"Actual Startup Time": 548.809,"Actual Total Time": 557.389,"Actual Rows": 11682,"Actual Loops": 1,"Sort Key": ["(sum((lineitem.l_extendedprice * ('1'::numeric - lineitem.l_discount)))) DESC", "orders.o_orderdate"],"Sort Method": "quicksort","Sort Space Used": 1115,"Sort Space Type": "Memory","Plans": [{"Node Type": "Aggregate","Strategy": "Hashed","Partial Mode": "Simple","Parent Relationship": "Outer","Parallel Aware": false,"Async Capable": false,"Startup Cost": 145922.30,"Total Cost": 149828.78,"Plan Rows": 312519,"Plan Width": 44,"Actual Startup Time": 524.368,"Actual Total Time": 548.690,"Actual Rows": 11682,"Actual Loops": 1,"Group Key": ["lineitem.l_orderkey", "orders.o_orderdate", "orders.o_shippriority"],"Planned Partitions": 0,"HashAgg Batches": 1,"Peak Memory Usage": 20497,"Disk Usage": 0,"Plans": [{"Node Type": "Gather","Parent Relationship": "Outer","Parallel Aware": false,"Async Capable": false,"Startup Cost": 5521.58,"Total Cost": 141234.51,"Plan Rows": 312519,"Plan Width": 24,"Actual Startup Time": 32.817,"Actual Total Time": 493.396,"Actual Rows": 30541,"Actual Loops": 1,"Workers Planned": 3,"Workers Launched": 3,"Single Copy": false,"Plans": [{"Node Type": "Nested Loop","Parent Relationship": "Outer","Parallel Aware": false,"Async Capable": false,"Join Type": "Inner","Startup Cost": 4521.58,"Total Cost": 108982.61,"Plan Rows": 100813,"Plan Width": 24,"Actual Startup Time": 25.716,"Actual Total Time": 505.621,"Actual Rows": 7635,"Actual Loops": 4,"Inner Unique": false,"Workers": [],"Plans": [{"Node Type": "Hash Join","Parent Relationship": "Outer","Parallel Aware": true,"Async Capable": false,"Join Type": "Inner","Startup Cost": 4521.15,"Total Cost": 37286.00,"Plan Rows": 46937,"Plan Width": 12,"Actual Startup Time": 25.583,"Actual Total Time": 219.401,"Actual Rows": 36976,"Actual Loops": 4,"Inner Unique": true,"Hash Cond": "(orders.o_custkey = customer.c_custkey)","Workers": [],"Plans": [{"Node Type": "Seq Scan","Parent Relationship": "Outer","Parallel Aware": true,"Async Capable": false,"Relation Name": "orders","Alias": "orders","Startup Cost": 0.00,"Total Cost": 32143.39,"Plan Rows": 236740,"Plan Width": 16,"Actual Startup Time": 0.014,"Actual Total Time": 141.889,"Actual Rows": 182768,"Actual Loops": 4,"Filter": "(o_orderdate < '1995-03-21'::date)","Rows Removed by Filter": 192232,"Workers": []},{"Node Type": "Hash","Parent Relationship": "Inner","Parallel Aware": true,"Async Capable": false,"Startup Cost": 4366.25,"Total Cost": 4366.25,"Plan Rows": 12392,"Plan Width": 4,"Actual Startup Time": 25.178,"Actual Total Time": 25.182,"Actual Rows": 7536,"Actual Loops": 4,"Hash Buckets": 32768,"Original Hash Buckets": 32768,"Hash Batches": 1,"Original Hash Batches": 1,"Peak Memory Usage": 1504,"Workers": [],"Plans": [{"Node Type": "Seq Scan","Parent Relationship": "Outer","Parallel Aware": true,"Async Capable": false,"Relation Name": "customer","Alias": "customer","Startup Cost": 0.00,"Total Cost": 4366.25,"Plan Rows": 12392,"Plan Width": 4,"Actual Startup Time": 0.026,"Actual Total Time": 21.383,"Actual Rows": 7536,"Actual Loops": 4,"Filter": "(c_mktsegment = 'BUILDING'::bpchar)","Rows Removed by Filter": 29964,"Workers": []}]}]},{"Node Type": "Index Scan","Parent Relationship": "Inner","Parallel Aware": false,"Async Capable": false,"Scan Direction": "Forward","Index Name": "idx_lineitem_orderkey","Relation Name": "lineitem","Alias": "lineitem","Startup Cost": 0.43,"Total Cost": 1.44,"Plan Rows": 9,"Plan Width": 16,"Actual Startup Time": 0.007,"Actual Total Time": 0.007,"Actual Rows": 0,"Actual Loops": 147906,"Index Cond": "(l_orderkey = orders.o_orderkey)","Rows Removed by Index Recheck": 0,"Filter": "(l_shipdate > '1995-03-21'::date)","Rows Removed by Filter": 4,"Workers": []}]}]}]}]},"Planning Time": 6.952,"Triggers": [],"Execution Time": 569.970}]
[{"Plan": {"Node Type": "Sort","Parallel Aware": false,"Async Capable": false,"Startup Cost": 182778.47,"Total Cost": 183583.01,"Plan Rows": 321819,"Plan Width": 44,"Actual Startup Time": 536.268,"Actual Total Time": 547.262,"Actual Rows": 11443,"Actual Loops": 1,"Sort Key": ["(sum((lineitem.l_extendedprice * ('1'::numeric - lineitem.l_discount)))) DESC", "orders.o_orderdate"],"Sort Method": "quicksort","Sort Space Used": 1100,"Sort Space Type": "Memory","Plans": [{"Node Type": "Aggregate","Strategy": "Hashed","Partial Mode": "Simple","Parent Relationship": "Outer","Parallel Aware": false,"Async Capable": false,"Startup Cost": 149315.90,"Total Cost": 153338.64,"Plan Rows": 321819,"Plan Width": 44,"Actual Startup Time": 514.484,"Actual Total Time": 538.711,"Actual Rows": 11443,"Actual Loops": 1,"Group Key": ["lineitem.l_orderkey", "orders.o_orderdate", "orders.o_shippriority"],"Planned Partitions": 0,"HashAgg Batches": 1,"Peak Memory Usage": 20497,"Disk Usage": 0,"Plans": [{"Node Type": "Gather","Parent Relationship": "Outer","Parallel Aware": false,"Async Capable": false,"Startup Cost": 5526.18,"Total Cost": 144488.62,"Plan Rows": 321819,"Plan Width": 24,"Actual Startup Time": 32.713,"Actual Total Time": 490.231,"Actual Rows": 30420,"Actual Loops": 1,"Workers Planned": 3,"Workers Launched": 3,"Single Copy": false,"Plans": [{"Node Type": "Nested Loop","Parent Relationship": "Outer","Parallel Aware": false,"Async Capable": false,"Join Type": "Inner","Startup Cost": 4526.18,"Total Cost": 111306.72,"Plan Rows": 103813,"Plan Width": 24,"Actual Startup Time": 25.870,"Actual Total Time": 496.982,"Actual Rows": 7605,"Actual Loops": 4,"Inner Unique": false,"Workers": [],"Plans": [{"Node Type": "Hash Join","Parent Relationship": "Outer","Parallel Aware": true,"Async Capable": false,"Join Type": "Inner","Startup Cost": 4525.75,"Total Cost": 37293.33,"Plan Rows": 48546,"Plan Width": 12,"Actual Startup Time": 25.615,"Actual Total Time": 218.915,"Actual Rows": 36629,"Actual Loops": 4,"Inner Unique": true,"Hash Cond": "(orders.o_custkey = customer.c_custkey)","Workers": [],"Plans": [{"Node Type": "Seq Scan","Parent Relationship": "Outer","Parallel Aware": true,"Async Capable": false,"Relation Name": "orders","Alias": "orders","Startup Cost": 0.00,"Total Cost": 32143.39,"Plan Rows": 237778,"Plan Width": 16,"Actual Startup Time": 0.012,"Actual Total Time": 140.176,"Actual Rows": 183522,"Actual Loops": 4,"Filter": "(o_orderdate < '1995-03-26'::date)","Rows Removed by Filter": 191478,"Workers": []},{"Node Type": "Hash","Parent Relationship": "Inner","Parallel Aware": true,"Async Capable": false,"Startup Cost": 4366.25,"Total Cost": 4366.25,"Plan Rows": 12760,"Plan Width": 4,"Actual Startup Time": 25.183,"Actual Total Time": 25.188,"Actual Rows": 7492,"Actual Loops": 4,"Hash Buckets": 32768,"Original Hash Buckets": 32768,"Hash Batches": 1,"Original Hash Batches": 1,"Peak Memory Usage": 1472,"Workers": [],"Plans": [{"Node Type": "Seq Scan","Parent Relationship": "Outer","Parallel Aware": true,"Async Capable": false,"Relation Name": "customer","Alias": "customer","Startup Cost": 0.00,"Total Cost": 4366.25,"Plan Rows": 12760,"Plan Width": 4,"Actual Startup Time": 0.044,"Actual Total Time": 21.531,"Actual Rows": 7492,"Actual Loops": 4,"Filter": "(c_mktsegment = 'FURNITURE'::bpchar)","Rows Removed by Filter": 30008,"Workers": []}]}]},{"Node Type": "Index Scan","Parent Relationship": "Inner","Parallel Aware": false,"Async Capable": false,"Scan Direction": "Forward","Index Name": "idx_lineitem_orderkey","Relation Name": "lineitem","Alias": "lineitem","Startup Cost": 0.43,"Total Cost": 1.43,"Plan Rows": 9,"Plan Width": 16,"Actual Startup Time": 0.007,"Actual Total Time": 0.007,"Actual Rows": 0,"Actual Loops": 146515,"Index Cond": "(l_orderkey = orders.o_orderkey)","Rows Removed by Index Recheck": 0,"Filter": "(l_shipdate > '1995-03-26'::date)","Rows Removed by Filter": 4,"Workers": []}]}]}]}]},"Planning Time": 6.221,"Triggers": [],"Execution Time": 559.684}]
[{"Plan": {"Node Type": "Sort","Parallel Aware": false,"Async Capable": false,"Startup Cost": 178496.66,"Total Cost": 179277.96,"Plan Rows": 312520,"Plan Width": 44,"Actual Startup Time": 544.665,"Actual Total Time": 554.391,"Actual Rows": 11638,"Actual Loops": 1,"Sort Key": ["(sum((lineitem.l_extendedprice * ('1'::numeric - lineitem.l_discount)))) DESC", "orders.o_orderdate"],"Sort Method": "quicksort","Sort Space Used": 1112,"Sort Space Type": "Memory","Plans": [{"Node Type": "Aggregate","Strategy": "Hashed","Partial Mode": "Simple","Parent Relationship": "Outer","Parallel Aware": false,"Async Capable": false,"Startup Cost": 146067.11,"Total Cost": 149973.61,"Plan Rows": 312520,"Plan Width": 44,"Actual Startup Time": 521.685,"Actual Total Time": 545.953,"Actual Rows": 11638,"Actual Loops": 1,"Group Key": ["lineitem.l_orderkey", "orders.o_orderdate", "orders.o_shippriority"],"Planned Partitions": 0,"HashAgg Batches": 1,"Peak Memory Usage": 20497,"Disk Usage": 0,"Plans": [{"Node Type": "Gather","Parent Relationship": "Outer","Parallel Aware": false,"Async Capable": false,"Startup Cost": 5521.58,"Total Cost": 141379.31,"Plan Rows": 312520,"Plan Width": 24,"Actual Startup Time": 33.380,"Actual Total Time": 496.153,"Actual Rows": 30390,"Actual Loops": 1,"Workers Planned": 3,"Workers Launched": 3,"Single Copy": false,"Plans": [{"Node Type": "Nested Loop","Parent Relationship": "Outer","Parallel Aware": false,"Async Capable": false,"Join Type": "Inner","Startup Cost": 4521.58,"Total Cost": 109127.31,"Plan Rows": 100813,"Plan Width": 24,"Actual Startup Time": 26.346,"Actual Total Time": 504.196,"Actual Rows": 7598,"Actual Loops": 4,"Inner Unique": false,"Workers": [],"Plans": [{"Node Type": "Hash Join","Parent Relationship": "Outer","Parallel Aware": true,"Async Capable": false,"Join Type": "Inner","Startup Cost": 4521.15,"Total Cost": 37288.18,"Plan Rows": 47102,"Plan Width": 12,"Actual Startup Time": 26.215,"Actual Total Time": 221.202,"Actual Rows": 37097,"Actual Loops": 4,"Inner Unique": true,"Hash Cond": "(orders.o_custkey = customer.c_custkey)","Workers": [],"Plans": [{"Node Type": "Seq Scan","Parent Relationship": "Outer","Parallel Aware": true,"Async Capable": false,"Relation Name": "orders","Alias": "orders","Startup Cost": 0.00,"Total Cost": 32143.39,"Plan Rows": 237570,"Plan Width": 16,"Actual Startup Time": 0.017,"Actual Total Time": 143.115,"Actual Rows": 183364,"Actual Loops": 4,"Filter": "(o_orderdate < '1995-03-25'::date)","Rows Removed by Filter": 191636,"Workers": []},{"Node Type": "Hash","Parent Relationship": "Inner","Parallel Aware": true,"Async Capable": false,"Startup Cost": 4366.25,"Total Cost": 4366.25,"Plan Rows": 12392,"Plan Width": 4,"Actual Startup Time": 25.757,"Actual Total Time": 25.760,"Actual Rows": 7536,"Actual Loops": 4,"Hash Buckets": 32768,"Original Hash Buckets": 32768,"Hash Batches": 1,"Original Hash Batches": 1,"Peak Memory Usage": 1472,"Workers": [],"Plans": [{"Node Type": "Seq Scan","Parent Relationship": "Outer","Parallel Aware": true,"Async Capable": false,"Relation Name": "customer","Alias": "customer","Startup Cost": 0.00,"Total Cost": 4366.25,"Plan Rows": 12392,"Plan Width": 4,"Actual Startup Time": 0.035,"Actual Total Time": 22.045,"Actual Rows": 7536,"Actual Loops": 4,"Filter": "(c_mktsegment = 'BUILDING'::bpchar)","Rows Removed by Filter": 29964,"Workers": []}]}]},{"Node Type": "Index Scan","Parent Relationship": "Inner","Parallel Aware": false,"Async Capable": false,"Scan Direction": "Forward","Index Name": "idx_lineitem_orderkey","Relation Name": "lineitem","Alias": "lineitem","Startup Cost": 0.43,"Total Cost": 1.44,"Plan Rows": 9,"Plan Width": 16,"Actual Startup Time": 0.007,"Actual Total Time": 0.007,"Actual Rows": 0,"Actual Loops": 148389,"Index Cond": "(l_orderkey = orders.o_orderkey)","Rows Removed by Index Recheck": 0,"Filter": "(l_shipdate > '1995-03-25'::date)","Rows Removed by Filter": 4,"Workers": []}]}]}]}]},"Planning Time": 5.606,"Triggers": [],"Execution Time": 566.394}]
[{"Plan": {"Node Type": "Sort","Parallel Aware": false,"Async Capable": false,"Startup Cost": 179743.22,"Total Cost": 180530.95,"Plan Rows": 315090,"Plan Width": 44,"Actual Startup Time": 532.189,"Actual Total Time": 542.549,"Actual Rows": 11261,"Actual Loops": 1,"Sort Key": ["(sum((lineitem.l_extendedprice * ('1'::numeric - lineitem.l_discount)))) DESC", "orders.o_orderdate"],"Sort Method": "quicksort","Sort Space Used": 1088,"Sort Space Type": "Memory","Plans": [{"Node Type": "Aggregate","Strategy": "Hashed","Partial Mode": "Simple","Parent Relationship": "Outer","Parallel Aware": false,"Async Capable": false,"Startup Cost": 147028.37,"Total Cost": 150966.99,"Plan Rows": 315090,"Plan Width": 44,"Actual Startup Time": 509.724,"Actual Total Time": 534.588,"Actual Rows": 11261,"Actual Loops": 1,"Group Key": ["lineitem.l_orderkey", "orders.o_orderdate", "orders.o_shippriority"],"Planned Partitions": 0,"HashAgg Batches": 1,"Peak Memory Usage": 20497,"Disk Usage": 0,"Plans": [{"Node Type": "Gather","Parent Relationship": "Outer","Parallel Aware": false,"Async Capable": false,"Startup Cost": 5522.86,"Total Cost": 142302.02,"Plan Rows": 315090,"Plan Width": 24,"Actual Startup Time": 30.817,"Actual Total Time": 488.937,"Actual Rows": 29798,"Actual Loops": 1,"Workers Planned": 3,"Workers Launched": 3,"Single Copy": false,"Plans": [{"Node Type": "Nested Loop","Parent Relationship": "Outer","Parallel Aware": false,"Async Capable": false,"Join Type": "Inner","Startup Cost": 4522.86,"Total Cost": 109793.02,"Plan Rows": 101642,"Plan Width": 24,"Actual Startup Time": 23.583,"Actual Total Time": 493.251,"Actual Rows": 7450,"Actual Loops": 4,"Inner Unique": false,"Workers": [],"Plans": [{"Node Type": "Hash Join","Parent Relationship": "Outer","Parallel Aware": true,"Async Capable": false,"Join Type": "Inner","Startup Cost": 4522.43,"Total Cost": 37290.55,"Plan Rows": 47573,"Plan Width": 12,"Actual Startup Time": 23.225,"Actual Total Time": 214.604,"Actual Rows": 36679,"Actual Loops": 4,"Inner Unique": true,"Hash Cond": "(orders.o_custkey = customer.c_custkey)","Workers": [],"Plans": [{"Node Type": "Seq Scan","Parent Relationship": "Outer","Parallel Aware": true,"Async Capable": false,"Relation Name": "orders","Alias": "orders","Startup Cost": 0.00,"Total Cost": 32143.39,"Plan Rows": 237986,"Plan Width": 16,"Actual Startup Time": 0.014,"Actual Total Time": 140.482,"Actual Rows": 183693,"Actual Loops": 4,"Filter": "(o_orderdate < '1995-03-27'::date)","Rows Removed by Filter": 191307,"Workers": []},{"Node Type": "Hash","Parent Relationship": "Inner","Parallel Aware": true,"Async Capable": false,"Startup Cost": 4366.25,"Total Cost": 4366.25,"Plan Rows": 12494,"Plan Width": 4,"Actual Startup Time": 22.775,"Actual Total Time": 22.780,"Actual Rows": 7487,"Actual Loops": 4,"Hash Buckets": 32768,"Original Hash Buckets": 32768,"Hash Batches": 1,"Original Hash Batches": 1,"Peak Memory Usage": 1472,"Workers": [],"Plans": [{"Node Type": "Seq Scan","Parent Relationship": "Outer","Parallel Aware": true,"Async Capable": false,"Relation Name": "customer","Alias": "customer","Startup Cost": 0.00,"Total Cost": 4366.25,"Plan Rows": 12494,"Plan Width": 4,"Actual Startup Time": 0.029,"Actual Total Time": 19.637,"Actual Rows": 7487,"Actual Loops": 4,"Filter": "(c_mktsegment = 'MACHINERY'::bpchar)","Rows Removed by Filter": 30013,"Workers": []}]}]},{"Node Type": "Index Scan","Parent Relationship": "Inner","Parallel Aware": false,"Async Capable": false,"Scan Direction": "Forward","Index Name": "idx_lineitem_orderkey","Relation Name": "lineitem","Alias": "lineitem","Startup Cost": 0.43,"Total Cost": 1.43,"Plan Rows": 9,"Plan Width": 16,"Actual Startup Time": 0.007,"Actual Total Time": 0.007,"Actual Rows": 0,"Actual Loops": 146715,"Index Cond": "(l_orderkey = orders.o_orderkey)","Rows Removed by Index Recheck": 0,"Filter": "(l_shipdate > '1995-03-27'::date)","Rows Removed by Filter": 4,"Workers": []}]}]}]}]},"Planning Time": 6.025,"Triggers": [],"Execution Time": 555.958}]
[{"Plan": {"Node Type": "Sort","Parallel Aware": false,"Async Capable": false,"Startup Cost": 179622.82,"Total Cost": 180411.08,"Plan Rows": 315305,"Plan Width": 44,"Actual Startup Time": 515.747,"Actual Total Time": 525.143,"Actual Rows": 11384,"Actual Loops": 1,"Sort Key": ["(sum((lineitem.l_extendedprice * ('1'::numeric - lineitem.l_discount)))) DESC", "orders.o_orderdate"],"Sort Method": "quicksort","Sort Space Used": 1096,"Sort Space Type": "Memory","Plans": [{"Node Type": "Aggregate","Strategy": "Hashed","Partial Mode": "Simple","Parent Relationship": "Outer","Parallel Aware": false,"Async Capable": false,"Startup Cost": 146884.09,"Total Cost": 150825.40,"Plan Rows": 315305,"Plan Width": 44,"Actual Startup Time": 493.657,"Actual Total Time": 516.993,"Actual Rows": 11384,"Actual Loops": 1,"Group Key": ["lineitem.l_orderkey", "orders.o_orderdate", "orders.o_shippriority"],"Planned Partitions": 0,"HashAgg Batches": 1,"Peak Memory Usage": 20497,"Disk Usage": 0,"Plans": [{"Node Type": "Gather","Parent Relationship": "Outer","Parallel Aware": false,"Async Capable": false,"Startup Cost": 5522.96,"Total Cost": 142154.51,"Plan Rows": 315305,"Plan Width": 24,"Actual Startup Time": 30.376,"Actual Total Time": 471.316,"Actual Rows": 30227,"Actual Loops": 1,"Workers Planned": 3,"Workers Launched": 3,"Single Copy": false,"Plans": [{"Node Type": "Nested Loop","Parent Relationship": "Outer","Parallel Aware": false,"Async Capable": false,"Join Type": "Inner","Startup Cost": 4522.96,"Total Cost": 109624.01,"Plan Rows": 101711,"Plan Width": 24,"Actual Startup Time": 23.216,"Actual Total Time": 477.196,"Actual Rows": 7557,"Actual Loops": 4,"Inner Unique": false,"Workers": [],"Plans": [{"Node Type": "Hash Join","Parent Relationship": "Outer","Parallel Aware": true,"Async Capable": false,"Join Type": "Inner","Startup Cost": 4522.52,"Total Cost": 37287.38,"Plan Rows": 47356,"Plan Width": 12,"Actual Startup Time": 23.096,"Actual Total Time": 204.772,"Actual Rows": 36478,"Actual Loops": 4,"Inner Unique": true,"Hash Cond": "(orders.o_custkey = customer.c_custkey)","Workers": [],"Plans": [{"Node Type": "Seq Scan","Parent Relationship": "Outer","Parallel Aware": true,"Async Capable": false,"Relation Name": "orders","Alias": "orders","Startup Cost": 0.00,"Total Cost": 32143.39,"Plan Rows": 236740,"Plan Width": 16,"Actual Startup Time": 0.012,"Actual Total Time": 135.713,"Actual Rows": 182768,"Actual Loops": 4,"Filter": "(o_orderdate < '1995-03-21'::date)","Rows Removed by Filter": 192232,"Workers": []},{"Node Type": "Hash","Parent Relationship": "Inner","Parallel Aware": true,"Async Capable": false,"Startup Cost": 4366.25,"Total Cost": 4366.25,"Plan Rows": 12502,"Plan Width": 4,"Actual Startup Time": 22.621,"Actual Total Time": 22.626,"Actual Rows": 7547,"Actual Loops": 4,"Hash Buckets": 32768,"Original Hash Buckets": 32768,"Hash Batches": 1,"Original Hash Batches": 1,"Peak Memory Usage": 1536,"Workers": [],"Plans": [{"Node Type": "Seq Scan","Parent Relationship": "Outer","Parallel Aware": true,"Async Capable": false,"Relation Name": "customer","Alias": "customer","Startup Cost": 0.00,"Total Cost": 4366.25,"Plan Rows": 12502,"Plan Width": 4,"Actual Startup Time": 0.042,"Actual Total Time": 19.512,"Actual Rows": 7547,"Actual Loops": 4,"Filter": "(c_mktsegment = 'HOUSEHOLD'::bpchar)","Rows Removed by Filter": 29953,"Workers": []}]}]},{"Node Type": "Index Scan","Parent Relationship": "Inner","Parallel Aware": false,"Async Capable": false,"Scan Direction": "Forward","Index Name": "idx_lineitem_orderkey","Relation Name": "lineitem","Alias": "lineitem","Startup Cost": 0.43,"Total Cost": 1.44,"Plan Rows": 9,"Plan Width": 16,"Actual Startup Time": 0.007,"Actual Total Time": 0.007,"Actual Rows": 0,"Actual Loops": 145911,"Index Cond": "(l_orderkey = orders.o_orderkey)","Rows Removed by Index Recheck": 0,"Filter": "(l_shipdate > '1995-03-21'::date)","Rows Removed by Filter": 4,"Workers": []}]}]}]}]},"Planning Time": 5.717,"Triggers": [],"Execution Time": 537.484}]
[{"Plan": {"Node Type": "Sort","Parallel Aware": false,"Async Capable": false,"Startup Cost": 178231.19,"Total Cost": 179012.64,"Plan Rows": 312580,"Plan Width": 44,"Actual Startup Time": 523.096,"Actual Total Time": 534.491,"Actual Rows": 11643,"Actual Loops": 1,"Sort Key": ["(sum((lineitem.l_extendedprice * ('1'::numeric - lineitem.l_discount)))) DESC", "orders.o_orderdate"],"Sort Method": "quicksort","Sort Space Used": 1112,"Sort Space Type": "Memory","Plans": [{"Node Type": "Aggregate","Strategy": "Hashed","Partial Mode": "Simple","Parent Relationship": "Outer","Parallel Aware": false,"Async Capable": false,"Startup Cost": 145794.97,"Total Cost": 149702.22,"Plan Rows": 312580,"Plan Width": 44,"Actual Startup Time": 501.267,"Actual Total Time": 526.429,"Actual Rows": 11643,"Actual Loops": 1,"Group Key": ["lineitem.l_orderkey", "orders.o_orderdate", "orders.o_shippriority"],"Planned Partitions": 0,"HashAgg Batches": 1,"Peak Memory Usage": 20497,"Disk Usage": 0,"Plans": [{"Node Type": "Gather","Parent Relationship": "Outer","Parallel Aware": false,"Async Capable": false,"Startup Cost": 5521.58,"Total Cost": 141106.27,"Plan Rows": 312580,"Plan Width": 24,"Actual Startup Time": 30.384,"Actual Total Time": 480.812,"Actual Rows": 30664,"Actual Loops": 1,"Workers Planned": 3,"Workers Launched": 3,"Single Copy": false,"Plans": [{"Node Type": "Nested Loop","Parent Relationship": "Outer","Parallel Aware": false,"Async Capable": false,"Join Type": "Inner","Startup Cost": 4521.58,"Total Cost": 108848.27,"Plan Rows": 100832,"Plan Width": 24,"Actual Startup Time": 23.751,"Actual Total Time": 484.893,"Actual Rows": 7666,"Actual Loops": 4,"Inner Unique": false,"Workers": [],"Plans": [{"Node Type": "Hash Join","Parent Relationship": "Outer","Parallel Aware": true,"Async Capable": false,"Join Type": "Inner","Startup Cost": 4521.15,"Total Cost": 37283.95,"Plan Rows": 46783,"Plan Width": 12,"Actual Startup Time": 23.592,"Actual Total Time": 207.079,"Actual Rows": 36852,"Actual Loops": 4,"Inner Unique": true,"Hash Cond": "(orders.o_custkey = customer.c_custkey)","Workers": [],"Plans": [{"Node Type": "Seq Scan","Parent Relationship": "Outer","Parallel Aware": true,"Async Capable": false,"Relation Name": "orders","Alias": "orders","Startup Cost": 0.00,"Total Cost": 32143.39,"Plan Rows": 235959,"Plan Width": 16,"Actual Startup Time": 0.010,"Actual Total Time": 137.754,"Actual Rows": 182140,"Actual Loops": 4,"Filter": "(o_orderdate < '1995-03-17'::date)","Rows Removed by Filter": 192860,"Workers": []},{"Node Type": "Hash","Parent Relationship": "Inner","Parallel Aware": true,"Async Capable": false,"Startup Cost": 4366.25,"Total Cost": 4366.25,"Plan Rows": 12392,"Plan Width": 4,"Actual Startup Time": 23.158,"Actual Total Time": 23.162,"Actual Rows": 7536,"Actual Loops": 4,"Hash Buckets": 32768,"Original Hash Buckets": 32768,"Hash Batches": 1,"Original Hash Batches": 1,"Peak Memory Usage": 1504,"Workers": [],"Plans": [{"Node Type": "Seq Scan","Parent Relationship": "Outer","Parallel Aware": true,"Async Capable": false,"Relation Name": "customer","Alias": "customer","Startup Cost": 0.00,"Total Cost": 4366.25,"Plan Rows": 12392,"Plan Width": 4,"Actual Startup Time": 0.034,"Actual Total Time": 20.072,"Actual Rows": 7536,"Actual Loops": 4,"Filter": "(c_mktsegment = 'BUILDING'::bpchar)","Rows Removed by Filter": 29964,"Workers": []}]}]},{"Node Type": "Index Scan","Parent Relationship": "Inner","Parallel Aware": false,"Async Capable": false,"Scan Direction": "Forward","Index Name": "idx_lineitem_orderkey","Relation Name": "lineitem","Alias": "lineitem","Startup Cost": 0.43,"Total Cost": 1.44,"Plan Rows": 9,"Plan Width": 16,"Actual Startup Time": 0.007,"Actual Total Time": 0.007,"Actual Rows": 0,"Actual Loops": 147406,"Index Cond": "(l_orderkey = orders.o_orderkey)","Rows Removed by Index Recheck": 0,"Filter": "(l_shipdate > '1995-03-17'::date)","Rows Removed by Filter": 4,"Workers": []}]}]}]}]},"Planning Time": 6.754,"Triggers": [],"Execution Time": 547.533}]
[{"Plan": {"Node Type": "Sort","Parallel Aware": false,"Async Capable": false,"Startup Cost": 177327.07,"Total Cost": 178105.41,"Plan Rows": 311338,"Plan Width": 44,"Actual Startup Time": 539.276,"Actual Total Time": 546.204,"Actual Rows": 11489,"Actual Loops": 1,"Sort Key": ["(sum((lineitem.l_extendedprice * ('1'::numeric - lineitem.l_discount)))) DESC", "orders.o_orderdate"],"Sort Method": "quicksort","Sort Space Used": 1103,"Sort Space Type": "Memory","Plans": [{"Node Type": "Aggregate","Strategy": "Hashed","Partial Mode": "Simple","Parent Relationship": "Outer","Parallel Aware": false,"Async Capable": false,"Startup Cost": 145028.68,"Total Cost": 148920.40,"Plan Rows": 311338,"Plan Width": 44,"Actual Startup Time": 516.638,"Actual Total Time": 540.338,"Actual Rows": 11489,"Actual Loops": 1,"Group Key": ["lineitem.l_orderkey", "orders.o_orderdate", "orders.o_shippriority"],"Planned Partitions": 0,"HashAgg Batches": 1,"Peak Memory Usage": 20497,"Disk Usage": 0,"Plans": [{"Node Type": "Gather","Parent Relationship": "Outer","Parallel Aware": false,"Async Capable": false,"Startup Cost": 5521.08,"Total Cost": 140358.61,"Plan Rows": 311338,"Plan Width": 24,"Actual Startup Time": 30.660,"Actual Total Time": 493.539,"Actual Rows": 30376,"Actual Loops": 1,"Workers Planned": 3,"Workers Launched": 3,"Single Copy": false,"Plans": [{"Node Type": "Nested Loop","Parent Relationship": "Outer","Parallel Aware": false,"Async Capable": false,"Join Type": "Inner","Startup Cost": 4521.08,"Total Cost": 108224.81,"Plan Rows": 100432,"Plan Width": 24,"Actual Startup Time": 23.422,"Actual Total Time": 499.876,"Actual Rows": 7594,"Actual Loops": 4,"Inner Unique": false,"Workers": [],"Plans": [{"Node Type": "Hash Join","Parent Relationship": "Outer","Parallel Aware": true,"Async Capable": false,"Join Type": "Inner","Startup Cost": 4520.65,"Total Cost": 37277.46,"Plan Rows": 46183,"Plan Width": 12,"Actual Startup Time": 23.006,"Actual Total Time": 216.203,"Actual Rows": 35918,"Actual Loops": 4,"Inner Unique": true,"Hash Cond": "(orders.o_custkey = customer.c_custkey)","Workers": [],"Plans": [{"Node Type": "Seq Scan","Parent Relationship": "Outer","Parallel Aware": true,"Async Capable": false,"Relation Name": "orders","Alias": "orders","Startup Cost": 0.00,"Total Cost": 32143.39,"Plan Rows": 233677,"Plan Width": 16,"Actual Startup Time": 0.008,"Actual Total Time": 142.132,"Actual Rows": 180569,"Actual Loops": 4,"Filter": "(o_orderdate < '1995-03-07'::date)","Rows Removed by Filter": 194431,"Workers": []},{"Node Type": "Hash","Parent Relationship": "Inner","Parallel Aware": true,"Async Capable": false,"Startup Cost": 4366.25,"Total Cost": 4366.25,"Plan Rows": 12352,"Plan Width": 4,"Actual Startup Time": 22.572,"Actual Total Time": 22.577,"Actual Rows": 7438,"Actual Loops": 4,"Hash Buckets": 32768,"Original Hash Buckets": 32768,"Hash Batches": 1,"Original Hash Batches": 1,"Peak Memory Usage": 1472,"Workers": [],"Plans": [{"Node Type": "Seq Scan","Parent Relationship": "Outer","Parallel Aware": true,"Async Capable": false,"Relation Name": "customer","Alias": "customer","Startup Cost": 0.00,"Total Cost": 4366.25,"Plan Rows": 12352,"Plan Width": 4,"Actual Startup Time": 0.047,"Actual Total Time": 19.255,"Actual Rows": 7438,"Actual Loops": 4,"Filter": "(c_mktsegment = 'AUTOMOBILE'::bpchar)","Rows Removed by Filter": 30062,"Workers": []}]}]},{"Node Type": "Index Scan","Parent Relationship": "Inner","Parallel Aware": false,"Async Capable": false,"Scan Direction": "Forward","Index Name": "idx_lineitem_orderkey","Relation Name": "lineitem","Alias": "lineitem","Startup Cost": 0.43,"Total Cost": 1.45,"Plan Rows": 9,"Plan Width": 16,"Actual Startup Time": 0.008,"Actual Total Time": 0.008,"Actual Rows": 0,"Actual Loops": 143672,"Index Cond": "(l_orderkey = orders.o_orderkey)","Rows Removed by Index Recheck": 0,"Filter": "(l_shipdate > '1995-03-07'::date)","Rows Removed by Filter": 4,"Workers": []}]}]}]}]},"Planning Time": 5.578,"Triggers": [],"Execution Time": 561.958}]
[{"Plan": {"Node Type": "Sort","Parallel Aware": false,"Async Capable": false,"Startup Cost": 178460.87,"Total Cost": 179242.17,"Plan Rows": 312520,"Plan Width": 44,"Actual Startup Time": 548.781,"Actual Total Time": 558.267,"Actual Rows": 11663,"Actual Loops": 1,"Sort Key": ["(sum((lineitem.l_extendedprice * ('1'::numeric - lineitem.l_discount)))) DESC", "orders.o_orderdate"],"Sort Method": "quicksort","Sort Space Used": 1113,"Sort Space Type": "Memory","Plans": [{"Node Type": "Aggregate","Strategy": "Hashed","Partial Mode": "Simple","Parent Relationship": "Outer","Parallel Aware": false,"Async Capable": false,"Startup Cost": 146031.32,"Total Cost": 149937.82,"Plan Rows": 312520,"Plan Width": 44,"Actual Startup Time": 525.637,"Actual Total Time": 549.511,"Actual Rows": 11663,"Actual Loops": 1,"Group Key": ["lineitem.l_orderkey", "orders.o_orderdate", "orders.o_shippriority"],"Planned Partitions": 0,"HashAgg Batches": 1,"Peak Memory Usage": 20497,"Disk Usage": 0,"Plans": [{"Node Type": "Gather","Parent Relationship": "Outer","Parallel Aware": false,"Async Capable": false,"Startup Cost": 5521.58,"Total Cost": 141343.52,"Plan Rows": 312520,"Plan Width": 24,"Actual Startup Time": 32.530,"Actual Total Time": 502.083,"Actual Rows": 30536,"Actual Loops": 1,"Workers Planned": 3,"Workers Launched": 3,"Single Copy": false,"Plans": [{"Node Type": "Nested Loop","Parent Relationship": "Outer","Parallel Aware": false,"Async Capable": false,"Join Type": "Inner","Startup Cost": 4521.58,"Total Cost": 109091.52,"Plan Rows": 100813,"Plan Width": 24,"Actual Startup Time": 25.415,"Actual Total Time": 508.733,"Actual Rows": 7634,"Actual Loops": 4,"Inner Unique": false,"Workers": [],"Plans": [{"Node Type": "Hash Join","Parent Relationship": "Outer","Parallel Aware": true,"Async Capable": false,"Join Type": "Inner","Startup Cost": 4521.15,"Total Cost": 37287.64,"Plan Rows": 47061,"Plan Width": 12,"Actual Startup Time": 25.268,"Actual Total Time": 221.085,"Actual Rows": 37069,"Actual Loops": 4,"Inner Unique": true,"Hash Cond": "(orders.o_custkey = customer.c_custkey)","Workers": [],"Plans": [{"Node Type": "Seq Scan","Parent Relationship": "Outer","Parallel Aware": true,"Async Capable": false,"Relation Name": "orders","Alias": "orders","Startup Cost": 0.00,"Total Cost": 32143.39,"Plan Rows": 237363,"Plan Width": 16,"Actual Startup Time": 0.020,"Actual Total Time": 144.354,"Actual Rows": 183220,"Actual Loops": 4,"Filter": "(o_orderdate < '1995-03-24'::date)","Rows Removed by Filter": 191780,"Workers": []},{"Node Type": "Hash","Parent Relationship": "Inner","Parallel Aware": true,"Async Capable": false,"Startup Cost": 4366.25,"Total Cost": 4366.25,"Plan Rows": 12392,"Plan Width": 4,"Actual Startup Time": 24.766,"Actual Total Time": 24.772,"Actual Rows": 7536,"Actual Loops": 4,"Hash Buckets": 32768,"Original Hash Buckets": 32768,"Hash Batches": 1,"Original Hash Batches": 1,"Peak Memory Usage": 1504,"Workers": [],"Plans": [{"Node Type": "Seq Scan","Parent Relationship": "Outer","Parallel Aware": true,"Async Capable": false,"Relation Name": "customer","Alias": "customer","Startup Cost": 0.00,"Total Cost": 4366.25,"Plan Rows": 12392,"Plan Width": 4,"Actual Startup Time": 0.040,"Actual Total Time": 21.248,"Actual Rows": 7536,"Actual Loops": 4,"Filter": "(c_mktsegment = 'BUILDING'::bpchar)","Rows Removed by Filter": 29964,"Workers": []}]}]},{"Node Type": "Index Scan","Parent Relationship": "Inner","Parallel Aware": false,"Async Capable": false,"Scan Direction": "Forward","Index Name": "idx_lineitem_orderkey","Relation Name": "lineitem","Alias": "lineitem","Startup Cost": 0.43,"Total Cost": 1.44,"Plan Rows": 9,"Plan Width": 16,"Actual Startup Time": 0.007,"Actual Total Time": 0.008,"Actual Rows": 0,"Actual Loops": 148275,"Index Cond": "(l_orderkey = orders.o_orderkey)","Rows Removed by Index Recheck": 0,"Filter": "(l_shipdate > '1995-03-24'::date)","Rows Removed by Filter": 4,"Workers": []}]}]}]}]},"Planning Time": 5.284,"Triggers": [],"Execution Time": 572.726}]
[{"Plan": {"Node Type": "Sort","Parallel Aware": false,"Async Capable": false,"Startup Cost": 178005.77,"Total Cost": 178784.57,"Plan Rows": 311521,"Plan Width": 44,"Actual Startup Time": 537.846,"Actual Total Time": 547.821,"Actual Rows": 11437,"Actual Loops": 1,"Sort Key": ["(sum((lineitem.l_extendedprice * ('1'::numeric - lineitem.l_discount)))) DESC", "orders.o_orderdate"],"Sort Method": "quicksort","Sort Space Used": 1099,"Sort Space Type": "Memory","Plans": [{"Node Type": "Aggregate","Strategy": "Hashed","Partial Mode": "Simple","Parent Relationship": "Outer","Parallel Aware": false,"Async Capable": false,"Startup Cost": 145687.07,"Total Cost": 149581.08,"Plan Rows": 311521,"Plan Width": 44,"Actual Startup Time": 515.858,"Actual Total Time": 539.208,"Actual Rows": 11437,"Actual Loops": 1,"Group Key": ["lineitem.l_orderkey", "orders.o_orderdate", "orders.o_shippriority"],"Planned Partitions": 0,"HashAgg Batches": 1,"Peak Memory Usage": 20497,"Disk Usage": 0,"Plans": [{"Node Type": "Gather","Parent Relationship": "Outer","Parallel Aware": false,"Async Capable": false,"Startup Cost": 5521.08,"Total Cost": 141014.25,"Plan Rows": 311521,"Plan Width": 24,"Actual Startup Time": 32.689,"Actual Total Time": 491.481,"Actual Rows": 30124,"Actual Loops": 1,"Workers Planned": 3,"Workers Launched": 3,"Single Copy": false,"Plans": [{"Node Type": "Nested Loop","Parent Relationship": "Outer","Parallel Aware": false,"Async Capable": false,"Join Type": "Inner","Startup Cost": 4521.08,"Total Cost": 108862.15,"Plan Rows": 100491,"Plan Width": 24,"Actual Startup Time": 25.859,"Actual Total Time": 498.328,"Actual Rows": 7531,"Actual Loops": 4,"Inner Unique": false,"Workers": [],"Plans": [{"Node Type": "Hash Join","Parent Relationship": "Outer","Parallel Aware": true,"Async Capable": false,"Join Type": "Inner","Startup Cost": 4520.65,"Total Cost": 37287.14,"Plan Rows": 46911,"Plan Width": 12,"Actual Startup Time": 25.365,"Actual Total Time": 218.390,"Actual Rows": 36440,"Actual Loops": 4,"Inner Unique": true,"Hash Cond": "(orders.o_custkey = customer.c_custkey)","Workers": [],"Plans": [{"Node Type": "Seq Scan","Parent Relationship": "Outer","Parallel Aware": true,"Async Capable": false,"Relation Name": "orders","Alias": "orders","Startup Cost": 0.00,"Total Cost": 32143.39,"Plan Rows": 237363,"Plan Width": 16,"Actual Startup Time": 0.014,"Actual Total Time": 142.702,"Actual Rows": 183220,"Actual Loops": 4,"Filter": "(o_orderdate < '1995-03-24'::date)","Rows Removed by Filter": 191780,"Workers": []},{"Node Type": "Hash","Parent Relationship": "Inner","Parallel Aware": true,"Async Capable": false,"Startup Cost": 4366.25,"Total Cost": 4366.25,"Plan Rows": 12352,"Plan Width": 4,"Actual Startup Time": 24.884,"Actual Total Time": 24.891,"Actual Rows": 7438,"Actual Loops": 4,"Hash Buckets": 32768,"Original Hash Buckets": 32768,"Hash Batches": 1,"Original Hash Batches": 1,"Peak Memory Usage": 1504,"Workers": [],"Plans": [{"Node Type": "Seq Scan","Parent Relationship": "Outer","Parallel Aware": true,"Async Capable": false,"Relation Name": "customer","Alias": "customer","Startup Cost": 0.00,"Total Cost": 4366.25,"Plan Rows": 12352,"Plan Width": 4,"Actual Startup Time": 0.048,"Actual Total Time": 21.105,"Actual Rows": 7438,"Actual Loops": 4,"Filter": "(c_mktsegment = 'AUTOMOBILE'::bpchar)","Rows Removed by Filter": 30062,"Workers": []}]}]},{"Node Type": "Index Scan","Parent Relationship": "Inner","Parallel Aware": false,"Async Capable": false,"Scan Direction": "Forward","Index Name": "idx_lineitem_orderkey","Relation Name": "lineitem","Alias": "lineitem","Startup Cost": 0.43,"Total Cost": 1.44,"Plan Rows": 9,"Plan Width": 16,"Actual Startup Time": 0.007,"Actual Total Time": 0.007,"Actual Rows": 0,"Actual Loops": 145762,"Index Cond": "(l_orderkey = orders.o_orderkey)","Rows Removed by Index Recheck": 0,"Filter": "(l_shipdate > '1995-03-24'::date)","Rows Removed by Filter": 4,"Workers": []}]}]}]}]},"Planning Time": 5.306,"Triggers": [],"Execution Time": 560.362}]
[{"Plan": {"Node Type": "Sort","Parallel Aware": false,"Async Capable": false,"Startup Cost": 178147.93,"Total Cost": 178926.72,"Plan Rows": 311515,"Plan Width": 44,"Actual Startup Time": 547.471,"Actual Total Time": 558.586,"Actual Rows": 11419,"Actual Loops": 1,"Sort Key": ["(sum((lineitem.l_extendedprice * ('1'::numeric - lineitem.l_discount)))) DESC", "orders.o_orderdate"],"Sort Method": "quicksort","Sort Space Used": 1098,"Sort Space Type": "Memory","Plans": [{"Node Type": "Aggregate","Strategy": "Hashed","Partial Mode": "Simple","Parent Relationship": "Outer","Parallel Aware": false,"Async Capable": false,"Startup Cost": 145829.89,"Total Cost": 149723.83,"Plan Rows": 311515,"Plan Width": 44,"Actual Startup Time": 525.182,"Actual Total Time": 550.417,"Actual Rows": 11419,"Actual Loops": 1,"Group Key": ["lineitem.l_orderkey", "orders.o_orderdate", "orders.o_shippriority"],"Planned Partitions": 0,"HashAgg Batches": 1,"Peak Memory Usage": 20497,"Disk Usage": 0,"Plans": [{"Node Type": "Gather","Parent Relationship": "Outer","Parallel Aware": false,"Async Capable": false,"Startup Cost": 5521.08,"Total Cost": 141157.17,"Plan Rows": 311515,"Plan Width": 24,"Actual Startup Time": 33.539,"Actual Total Time": 500.745,"Actual Rows": 29983,"Actual Loops": 1,"Workers Planned": 3,"Workers Launched": 3,"Single Copy": false,"Plans": [{"Node Type": "Nested Loop","Parent Relationship": "Outer","Parallel Aware": false,"Async Capable": false,"Join Type": "Inner","Startup Cost": 4521.08,"Total Cost": 109005.67,"Plan Rows": 100489,"Plan Width": 24,"Actual Startup Time": 25.892,"Actual Total Time": 507.365,"Actual Rows": 7496,"Actual Loops": 4,"Inner Unique": false,"Workers": [],"Plans": [{"Node Type": "Hash Join","Parent Relationship": "Outer","Parallel Aware": true,"Async Capable": false,"Join Type": "Inner","Startup Cost": 4520.65,"Total Cost": 37289.32,"Plan Rows": 47075,"Plan Width": 12,"Actual Startup Time": 25.419,"Actual Total Time": 223.371,"Actual Rows": 36558,"Actual Loops": 4,"Inner Unique": true,"Hash Cond": "(orders.o_custkey = customer.c_custkey)","Workers": [],"Plans": [{"Node Type": "Seq Scan","Parent Relationship": "Outer","Parallel Aware": true,"Async Capable": false,"Relation Name": "orders","Alias": "orders","Startup Cost": 0.00,"Total Cost": 32143.39,"Plan Rows": 238193,"Plan Width": 16,"Actual Startup Time": 0.016,"Actual Total Time": 144.970,"Actual Rows": 183845,"Actual Loops": 4,"Filter": "(o_orderdate < '1995-03-28'::date)","Rows Removed by Filter": 191155,"Workers": []},{"Node Type": "Hash","Parent Relationship": "Inner","Parallel Aware": true,"Async Capable": false,"Startup Cost": 4366.25,"Total Cost": 4366.25,"Plan Rows": 12352,"Plan Width": 4,"Actual Startup Time": 25.001,"Actual Total Time": 25.006,"Actual Rows": 7438,"Actual Loops": 4,"Hash Buckets": 32768,"Original Hash Buckets": 32768,"Hash Batches": 1,"Original Hash Batches": 1,"Peak Memory Usage": 1472,"Workers": [],"Plans": [{"Node Type": "Seq Scan","Parent Relationship": "Outer","Parallel Aware": true,"Async Capable": false,"Relation Name": "customer","Alias": "customer","Startup Cost": 0.00,"Total Cost": 4366.25,"Plan Rows": 12352,"Plan Width": 4,"Actual Startup Time": 0.029,"Actual Total Time": 21.088,"Actual Rows": 7438,"Actual Loops": 4,"Filter": "(c_mktsegment = 'AUTOMOBILE'::bpchar)","Rows Removed by Filter": 30062,"Workers": []}]}]},{"Node Type": "Index Scan","Parent Relationship": "Inner","Parallel Aware": false,"Async Capable": false,"Scan Direction": "Forward","Index Name": "idx_lineitem_orderkey","Relation Name": "lineitem","Alias": "lineitem","Startup Cost": 0.43,"Total Cost": 1.43,"Plan Rows": 9,"Plan Width": 16,"Actual Startup Time": 0.007,"Actual Total Time": 0.008,"Actual Rows": 0,"Actual Loops": 146233,"Index Cond": "(l_orderkey = orders.o_orderkey)","Rows Removed by Index Recheck": 0,"Filter": "(l_shipdate > '1995-03-28'::date)","Rows Removed by Filter": 4,"Workers": []}]}]}]}]},"Planning Time": 7.014,"Triggers": [],"Execution Time": 571.434}]
[{"Plan": {"Node Type": "Sort","Parallel Aware": false,"Async Capable": false,"Startup Cost": 177616.00,"Total Cost": 178397.24,"Plan Rows": 312494,"Plan Width": 44,"Actual Startup Time": 519.004,"Actual Total Time": 529.144,"Actual Rows": 11584,"Actual Loops": 1,"Sort Key": ["(sum((lineitem.l_extendedprice * ('1'::numeric - lineitem.l_discount)))) DESC", "orders.o_orderdate"],"Sort Method": "quicksort","Sort Space Used": 1109,"Sort Space Type": "Memory","Plans": [{"Node Type": "Aggregate","Strategy": "Hashed","Partial Mode": "Simple","Parent Relationship": "Outer","Parallel Aware": false,"Async Capable": false,"Startup Cost": 145189.33,"Total Cost": 149095.50,"Plan Rows": 312494,"Plan Width": 44,"Actual Startup Time": 496.437,"Actual Total Time": 520.561,"Actual Rows": 11584,"Actual Loops": 1,"Group Key": ["lineitem.l_orderkey", "orders.o_orderdate", "orders.o_shippriority"],"Planned Partitions": 0,"HashAgg Batches": 1,"Peak Memory Usage": 20497,"Disk Usage": 0,"Plans": [{"Node Type": "Gather","Parent Relationship": "Outer","Parallel Aware": false,"Async Capable": false,"Startup Cost": 5521.58,"Total Cost": 140501.92,"Plan Rows": 312494,"Plan Width": 24,"Actual Startup Time": 32.163,"Actual Total Time": 474.614,"Actual Rows": 30569,"Actual Loops": 1,"Workers Planned": 3,"Workers Launched": 3,"Single Copy": false,"Plans": [{"Node Type": "Nested Loop","Parent Relationship": "Outer","Parallel Aware": false,"Async Capable": false,"Join Type": "Inner","Startup Cost": 4521.58,"Total Cost": 108252.52,"Plan Rows": 100805,"Plan Width": 24,"Actual Startup Time": 25.024,"Actual Total Time": 479.782,"Actual Rows": 7642,"Actual Loops": 4,"Inner Unique": false,"Workers": [],"Plans": [{"Node Type": "Hash Join","Parent Relationship": "Outer","Parallel Aware": true,"Async Capable": false,"Join Type": "Inner","Startup Cost": 4521.15,"Total Cost": 37274.95,"Plan Rows": 46103,"Plan Width": 12,"Actual Startup Time": 24.835,"Actual Total Time": 204.196,"Actual Rows": 36327,"Actual Loops": 4,"Inner Unique": true,"Hash Cond": "(orders.o_custkey = customer.c_custkey)","Workers": [],"Plans": [{"Node Type": "Seq Scan","Parent Relationship": "Outer","Parallel Aware": true,"Async Capable": false,"Relation Name": "orders","Alias": "orders","Startup Cost": 0.00,"Total Cost": 32143.39,"Plan Rows": 232531,"Plan Width": 16,"Actual Startup Time": 0.011,"Actual Total Time": 134.185,"Actual Rows": 179631,"Actual Loops": 4,"Filter": "(o_orderdate < '1995-03-01'::date)","Rows Removed by Filter": 195369,"Workers": []},{"Node Type": "Hash","Parent Relationship": "Inner","Parallel Aware": true,"Async Capable": false,"Startup Cost": 4366.25,"Total Cost": 4366.25,"Plan Rows": 12392,"Plan Width": 4,"Actual Startup Time": 24.365,"Actual Total Time": 24.371,"Actual Rows": 7536,"Actual Loops": 4,"Hash Buckets": 32768,"Original Hash Buckets": 32768,"Hash Batches": 1,"Original Hash Batches": 1,"Peak Memory Usage": 1504,"Workers": [],"Plans": [{"Node Type": "Seq Scan","Parent Relationship": "Outer","Parallel Aware": true,"Async Capable": false,"Relation Name": "customer","Alias": "customer","Startup Cost": 0.00,"Total Cost": 4366.25,"Plan Rows": 12392,"Plan Width": 4,"Actual Startup Time": 0.038,"Actual Total Time": 21.081,"Actual Rows": 7536,"Actual Loops": 4,"Filter": "(c_mktsegment = 'BUILDING'::bpchar)","Rows Removed by Filter": 29964,"Workers": []}]}]},{"Node Type": "Index Scan","Parent Relationship": "Inner","Parallel Aware": false,"Async Capable": false,"Scan Direction": "Forward","Index Name": "idx_lineitem_orderkey","Relation Name": "lineitem","Alias": "lineitem","Startup Cost": 0.43,"Total Cost": 1.45,"Plan Rows": 9,"Plan Width": 16,"Actual Startup Time": 0.007,"Actual Total Time": 0.007,"Actual Rows": 0,"Actual Loops": 145308,"Index Cond": "(l_orderkey = orders.o_orderkey)","Rows Removed by Index Recheck": 0,"Filter": "(l_shipdate > '1995-03-01'::date)","Rows Removed by Filter": 4,"Workers": []}]}]}]}]},"Planning Time": 5.947,"Triggers": [],"Execution Time": 544.830}]
[{"Plan": {"Node Type": "Sort","Parallel Aware": false,"Async Capable": false,"Startup Cost": 178533.76,"Total Cost": 179315.06,"Plan Rows": 312519,"Plan Width": 44,"Actual Startup Time": 549.678,"Actual Total Time": 558.354,"Actual Rows": 11593,"Actual Loops": 1,"Sort Key": ["(sum((lineitem.l_extendedprice * ('1'::numeric - lineitem.l_discount)))) DESC", "orders.o_orderdate"],"Sort Method": "quicksort","Sort Space Used": 1109,"Sort Space Type": "Memory","Plans": [{"Node Type": "Aggregate","Strategy": "Hashed","Partial Mode": "Simple","Parent Relationship": "Outer","Parallel Aware": false,"Async Capable": false,"Startup Cost": 146104.31,"Total Cost": 150010.80,"Plan Rows": 312519,"Plan Width": 44,"Actual Startup Time": 527.264,"Actual Total Time": 552.408,"Actual Rows": 11593,"Actual Loops": 1,"Group Key": ["lineitem.l_orderkey", "orders.o_orderdate", "orders.o_shippriority"],"Planned Partitions": 0,"HashAgg Batches": 1,"Peak Memory Usage": 20497,"Disk Usage": 0,"Plans": [{"Node Type": "Gather","Parent Relationship": "Outer","Parallel Aware": false,"Async Capable": false,"Startup Cost": 5521.58,"Total Cost": 141416.53,"Plan Rows": 312519,"Plan Width": 24,"Actual Startup Time": 33.743,"Actual Total Time": 506.006,"Actual Rows": 30306,"Actual Loops": 1,"Workers Planned": 3,"Workers Launched": 3,"Single Copy": false,"Plans": [{"Node Type": "Nested Loop","Parent Relationship": "Outer","Parallel Aware": false,"Async Capable": false,"Join Type": "Inner","Startup Cost": 4521.58,"Total Cost": 109164.63,"Plan Rows": 100813,"Plan Width": 24,"Actual Startup Time": 26.419,"Actual Total Time": 510.171,"Actual Rows": 7576,"Actual Loops": 4,"Inner Unique": false,"Workers": [],"Plans": [{"Node Type": "Hash Join","Parent Relationship": "Outer","Parallel Aware": true,"Async Capable": false,"Join Type": "Inner","Startup Cost": 4521.15,"Total Cost": 37288.73,"Plan Rows": 47144,"Plan Width": 12,"Actual Startup Time": 26.297,"Actual Total Time": 221.463,"Actual Rows": 37125,"Actual Loops": 4,"Inner Unique": true,"Hash Cond": "(orders.o_custkey = customer.c_custkey)","Workers": [],"Plans": [{"Node Type": "Seq Scan","Parent Relationship": "Outer","Parallel Aware": true,"Async Capable": false,"Relation Name": "orders","Alias": "orders","Startup Cost": 0.00,"Total Cost": 32143.39,"Plan Rows": 237778,"Plan Width": 16,"Actual Startup Time": 0.013,"Actual Total Time": 145.200,"Actual Rows": 183522,"Actual Loops": 4,"Filter": "(o_orderdate < '1995-03-26'::date)","Rows Removed by Filter": 191478,"Workers": []},{"Node Type": "Hash","Parent Relationship": "Inner","Parallel Aware": true,"Async Capable": false,"Startup Cost": 4366.25,"Total Cost": 4366.25,"Plan Rows": 12392,"Plan Width": 4,"Actual Startup Time": 25.799,"Actual Total Time": 25.805,"Actual Rows": 7536,"Actual Loops": 4,"Hash Buckets": 32768,"Original Hash Buckets": 32768,"Hash Batches": 1,"Original Hash Batches": 1,"Peak Memory Usage": 1504,"Workers": [],"Plans": [{"Node Type": "Seq Scan","Parent Relationship": "Outer","Parallel Aware": true,"Async Capable": false,"Relation Name": "customer","Alias": "customer","Startup Cost": 0.00,"Total Cost": 4366.25,"Plan Rows": 12392,"Plan Width": 4,"Actual Startup Time": 0.038,"Actual Total Time": 22.361,"Actual Rows": 7536,"Actual Loops": 4,"Filter": "(c_mktsegment = 'BUILDING'::bpchar)","Rows Removed by Filter": 29964,"Workers": []}]}]},{"Node Type": "Index Scan","Parent Relationship": "Inner","Parallel Aware": false,"Async Capable": false,"Scan Direction": "Forward","Index Name": "idx_lineitem_orderkey","Relation Name": "lineitem","Alias": "lineitem","Startup Cost": 0.43,"Total Cost": 1.43,"Plan Rows": 9,"Plan Width": 16,"Actual Startup Time": 0.007,"Actual Total Time": 0.008,"Actual Rows": 0,"Actual Loops": 148501,"Index Cond": "(l_orderkey = orders.o_orderkey)","Rows Removed by Index Recheck": 0,"Filter": "(l_shipdate > '1995-03-26'::date)","Rows Removed by Filter": 4,"Workers": []}]}]}]}]},"Planning Time": 6.081,"Triggers": [],"Execution Time": 573.291}]
[{"Plan": {"Node Type": "Sort","Parallel Aware": false,"Async Capable": false,"Startup Cost": 179874.66,"Total Cost": 180662.90,"Plan Rows": 315298,"Plan Width": 44,"Actual Startup Time": 523.122,"Actual Total Time": 534.243,"Actual Rows": 11368,"Actual Loops": 1,"Sort Key": ["(sum((lineitem.l_extendedprice * ('1'::numeric - lineitem.l_discount)))) DESC", "orders.o_orderdate"],"Sort Method": "quicksort","Sort Space Used": 1095,"Sort Space Type": "Memory","Plans": [{"Node Type": "Aggregate","Strategy": "Hashed","Partial Mode": "Simple","Parent Relationship": "Outer","Parallel Aware": false,"Async Capable": false,"Startup Cost": 147136.70,"Total Cost": 151077.93,"Plan Rows": 315298,"Plan Width": 44,"Actual Startup Time": 500.257,"Actual Total Time": 526.763,"Actual Rows": 11368,"Actual Loops": 1,"Group Key": ["lineitem.l_orderkey", "orders.o_orderdate", "orders.o_shippriority"],"Planned Partitions": 0,"HashAgg Batches": 1,"Peak Memory Usage": 20497,"Disk Usage": 0,"Plans": [{"Node Type": "Gather","Parent Relationship": "Outer","Parallel Aware": false,"Async Capable": false,"Startup Cost": 5522.96,"Total Cost": 142407.23,"Plan Rows": 315298,"Plan Width": 24,"Actual Startup Time": 30.850,"Actual Total Time": 480.538,"Actual Rows": 30122,"Actual Loops": 1,"Workers Planned": 3,"Workers Launched": 3,"Single Copy": false,"Plans": [{"Node Type": "Nested Loop","Parent Relationship": "Outer","Parallel Aware": false,"Async Capable": false,"Join Type": "Inner","Startup Cost": 4522.96,"Total Cost": 109877.43,"Plan Rows": 101709,"Plan Width": 24,"Actual Startup Time": 23.598,"Actual Total Time": 483.416,"Actual Rows": 7530,"Actual Loops": 4,"Inner Unique": false,"Workers": [],"Plans": [{"Node Type": "Hash Join","Parent Relationship": "Outer","Parallel Aware": true,"Async Capable": false,"Join Type": "Inner","Startup Cost": 4522.52,"Total Cost": 37291.19,"Plan Rows": 47646,"Plan Width": 12,"Actual Startup Time": 23.474,"Actual Total Time": 206.199,"Actual Rows": 36692,"Actual Loops": 4,"Inner Unique": true,"Hash Cond": "(orders.o_custkey = customer.c_custkey)","Workers": [],"Plans": [{"Node Type": "Seq Scan","Parent Relationship": "Outer","Parallel Aware": true,"Async Capable": false,"Relation Name": "orders","Alias": "orders","Startup Cost": 0.00,"Total Cost": 32143.39,"Plan Rows": 238193,"Plan Width": 16,"Actual Startup Time": 0.012,"Actual Total Time": 137.114,"Actual Rows": 183845,"Actual Loops": 4,"Filter": "(o_orderdate < '1995-03-28'::date)","Rows Removed by Filter": 191155,"Workers": []},{"Node Type": "Hash","Parent Relationship": "Inner","Parallel Aware": true,"Async Capable": false,"Startup Cost": 4366.25,"Total Cost": 4366.25,"Plan Rows": 12502,"Plan Width": 4,"Actual Startup Time": 23.007,"Actual Total Time": 23.012,"Actual Rows": 7547,"Actual Loops": 4,"Hash Buckets": 32768,"Original Hash Buckets": 32768,"Hash Batches": 1,"Original Hash Batches": 1,"Peak Memory Usage": 1504,"Workers": [],"Plans": [{"Node Type": "Seq Scan","Parent Relationship": "Outer","Parallel Aware": true,"Async Capable": false,"Relation Name": "customer","Alias": "customer","Startup Cost": 0.00,"Total Cost": 4366.25,"Plan Rows": 12502,"Plan Width": 4,"Actual Startup Time": 0.035,"Actual Total Time": 19.918,"Actual Rows": 7547,"Actual Loops": 4,"Filter": "(c_mktsegment = 'HOUSEHOLD'::bpchar)","Rows Removed by Filter": 29953,"Workers": []}]}]},{"Node Type": "Index Scan","Parent Relationship": "Inner","Parallel Aware": false,"Async Capable": false,"Scan Direction": "Forward","Index Name": "idx_lineitem_orderkey","Relation Name": "lineitem","Alias": "lineitem","Startup Cost": 0.43,"Total Cost": 1.43,"Plan Rows": 9,"Plan Width": 16,"Actual Startup Time": 0.007,"Actual Total Time": 0.007,"Actual Rows": 0,"Actual Loops": 146767,"Index Cond": "(l_orderkey = orders.o_orderkey)","Rows Removed by Index Recheck": 0,"Filter": "(l_shipdate > '1995-03-28'::date)","Rows Removed by Filter": 4,"Workers": []}]}]}]}]},"Planning Time": 5.278,"Triggers": [],"Execution Time": 548.807}]
[{"Plan": {"Node Type": "Sort","Parallel Aware": false,"Async Capable": false,"Startup Cost": 179461.95,"Total Cost": 180249.73,"Plan Rows": 315114,"Plan Width": 44,"Actual Startup Time": 525.977,"Actual Total Time": 537.478,"Actual Rows": 11256,"Actual Loops": 1,"Sort Key": ["(sum((lineitem.l_extendedprice * ('1'::numeric - lineitem.l_discount)))) DESC", "orders.o_orderdate"],"Sort Method": "quicksort","Sort Space Used": 1088,"Sort Space Type": "Memory","Plans": [{"Node Type": "Aggregate","Strategy": "Hashed","Partial Mode": "Simple","Parent Relationship": "Outer","Parallel Aware": false,"Async Capable": false,"Startup Cost": 146744.42,"Total Cost": 150683.35,"Plan Rows": 315114,"Plan Width": 44,"Actual Startup Time": 502.615,"Actual Total Time": 529.790,"Actual Rows": 11256,"Actual Loops": 1,"Group Key": ["lineitem.l_orderkey", "orders.o_orderdate", "orders.o_shippriority"],"Planned Partitions": 0,"HashAgg Batches": 1,"Peak Memory Usage": 20497,"Disk Usage": 0,"Plans": [{"Node Type": "Gather","Parent Relationship": "Outer","Parallel Aware": false,"Async Capable": false,"Startup Cost": 5522.86,"Total Cost": 142017.71,"Plan Rows": 315114,"Plan Width": 24,"Actual Startup Time": 30.310,"Actual Total Time": 483.274,"Actual Rows": 29710,"Actual Loops": 1,"Workers Planned": 3,"Workers Launched": 3,"Single Copy": false,"Plans": [{"Node Type": "Nested Loop","Parent Relationship": "Outer","Parallel Aware": false,"Async Capable": false,"Join Type": "Inner","Startup Cost": 4522.86,"Total Cost": 109506.31,"Plan Rows": 101650,"Plan Width": 24,"Actual Startup Time": 23.616,"Actual Total Time": 486.734,"Actual Rows": 7428,"Actual Loops": 4,"Inner Unique": false,"Workers": [],"Plans": [{"Node Type": "Hash Join","Parent Relationship": "Outer","Parallel Aware": true,"Async Capable": false,"Join Type": "Inner","Startup Cost": 4522.43,"Total Cost": 37286.23,"Plan Rows": 47245,"Plan Width": 12,"Actual Startup Time": 23.330,"Actual Total Time": 212.180,"Actual Rows": 36426,"Actual Loops": 4,"Inner Unique": true,"Hash Cond": "(orders.o_custkey = customer.c_custkey)","Workers": [],"Plans": [{"Node Type": "Seq Scan","Parent Relationship": "Outer","Parallel Aware": true,"Async Capable": false,"Relation Name": "orders","Alias": "orders","Startup Cost": 0.00,"Total Cost": 32143.39,"Plan Rows": 236341,"Plan Width": 16,"Actual Startup Time": 0.016,"Actual Total Time": 137.587,"Actual Rows": 182456,"Actual Loops": 4,"Filter": "(o_orderdate < '1995-03-19'::date)","Rows Removed by Filter": 192544,"Workers": []},{"Node Type": "Hash","Parent Relationship": "Inner","Parallel Aware": true,"Async Capable": false,"Startup Cost": 4366.25,"Total Cost": 4366.25,"Plan Rows": 12494,"Plan Width": 4,"Actual Startup Time": 22.867,"Actual Total Time": 22.874,"Actual Rows": 7487,"Actual Loops": 4,"Hash Buckets": 32768,"Original Hash Buckets": 32768,"Hash Batches": 1,"Original Hash Batches": 1,"Peak Memory Usage": 1504,"Workers": [],"Plans": [{"Node Type": "Seq Scan","Parent Relationship": "Outer","Parallel Aware": true,"Async Capable": false,"Relation Name": "customer","Alias": "customer","Startup Cost": 0.00,"Total Cost": 4366.25,"Plan Rows": 12494,"Plan Width": 4,"Actual Startup Time": 0.030,"Actual Total Time": 19.791,"Actual Rows": 7487,"Actual Loops": 4,"Filter": "(c_mktsegment = 'MACHINERY'::bpchar)","Rows Removed by Filter": 30013,"Workers": []}]}]},{"Node Type": "Index Scan","Parent Relationship": "Inner","Parallel Aware": false,"Async Capable": false,"Scan Direction": "Forward","Index Name": "idx_lineitem_orderkey","Relation Name": "lineitem","Alias": "lineitem","Startup Cost": 0.43,"Total Cost": 1.44,"Plan Rows": 9,"Plan Width": 16,"Actual Startup Time": 0.007,"Actual Total Time": 0.007,"Actual Rows": 0,"Actual Loops": 145702,"Index Cond": "(l_orderkey = orders.o_orderkey)","Rows Removed by Index Recheck": 0,"Filter": "(l_shipdate > '1995-03-19'::date)","Rows Removed by Filter": 4,"Workers": []}]}]}]}]},"Planning Time": 6.183,"Triggers": [],"Execution Time": 550.757}]
[{"Plan": {"Node Type": "Sort","Parallel Aware": false,"Async Capable": false,"Startup Cost": 179585.29,"Total Cost": 180373.54,"Plan Rows": 315303,"Plan Width": 44,"Actual Startup Time": 537.954,"Actual Total Time": 547.923,"Actual Rows": 11413,"Actual Loops": 1,"Sort Key": ["(sum((lineitem.l_extendedprice * ('1'::numeric - lineitem.l_discount)))) DESC", "orders.o_orderdate"],"Sort Method": "quicksort","Sort Space Used": 1098,"Sort Space Type": "Memory","Plans": [{"Node Type": "Aggregate","Strategy": "Hashed","Partial Mode": "Simple","Parent Relationship": "Outer","Parallel Aware": false,"Async Capable": false,"Startup Cost": 146846.78,"Total Cost": 150788.07,"Plan Rows": 315303,"Plan Width": 44,"Actual Startup Time": 515.276,"Actual Total Time": 539.475,"Actual Rows": 11413,"Actual Loops": 1,"Group Key": ["lineitem.l_orderkey", "orders.o_orderdate", "orders.o_shippriority"],"Planned Partitions": 0,"HashAgg Batches": 1,"Peak Memory Usage": 20497,"Disk Usage": 0,"Plans": [{"Node Type": "Gather","Parent Relationship": "Outer","Parallel Aware": false,"Async Capable": false,"Startup Cost": 5522.96,"Total Cost": 142117.23,"Plan Rows": 315303,"Plan Width": 24,"Actual Startup Time": 33.791,"Actual Total Time": 490.443,"Actual Rows": 30284,"Actual Loops": 1,"Workers Planned": 3,"Workers Launched": 3,"Single Copy": false,"Plans": [{"Node Type": "Nested Loop","Parent Relationship": "Outer","Parallel Aware": false,"Async Capable": false,"Join Type": "Inner","Startup Cost": 4522.96,"Total Cost": 109586.93,"Plan Rows": 101711,"Plan Width": 24,"Actual Startup Time": 27.000,"Actual Total Time": 498.148,"Actual Rows": 7571,"Actual Loops": 4,"Inner Unique": false,"Workers": [],"Plans": [{"Node Type": "Hash Join","Parent Relationship": "Outer","Parallel Aware": true,"Async Capable": false,"Join Type": "Inner","Startup Cost": 4522.52,"Total Cost": 37286.83,"Plan Rows": 47314,"Plan Width": 12,"Actual Startup Time": 26.881,"Actual Total Time": 219.572,"Actual Rows": 36447,"Actual Loops": 4,"Inner Unique": true,"Hash Cond": "(orders.o_custkey = customer.c_custkey)","Workers": [],"Plans": [{"Node Type": "Seq Scan","Parent Relationship": "Outer","Parallel Aware": true,"Async Capable": false,"Relation Name": "orders","Alias": "orders","Startup Cost": 0.00,"Total Cost": 32143.39,"Plan Rows": 236532,"Plan Width": 16,"Actual Startup Time": 0.007,"Actual Total Time": 140.816,"Actual Rows": 182617,"Actual Loops": 4,"Filter": "(o_orderdate < '1995-03-20'::date)","Rows Removed by Filter": 192383,"Workers": []},{"Node Type": "Hash","Parent Relationship": "Inner","Parallel Aware": true,"Async Capable": false,"Startup Cost": 4366.25,"Total Cost": 4366.25,"Plan Rows": 12502,"Plan Width": 4,"Actual Startup Time": 26.425,"Actual Total Time": 26.429,"Actual Rows": 7547,"Actual Loops": 4,"Hash Buckets": 32768,"Original Hash Buckets": 32768,"Hash Batches": 1,"Original Hash Batches": 1,"Peak Memory Usage": 1536,"Workers": [],"Plans": [{"Node Type": "Seq Scan","Parent Relationship": "Outer","Parallel Aware": true,"Async Capable": false,"Relation Name": "customer","Alias": "customer","Startup Cost": 0.00,"Total Cost": 4366.25,"Plan Rows": 12502,"Plan Width": 4,"Actual Startup Time": 0.032,"Actual Total Time": 22.594,"Actual Rows": 7547,"Actual Loops": 4,"Filter": "(c_mktsegment = 'HOUSEHOLD'::bpchar)","Rows Removed by Filter": 29953,"Workers": []}]}]},{"Node Type": "Index Scan","Parent Relationship": "Inner","Parallel Aware": false,"Async Capable": false,"Scan Direction": "Forward","Index Name": "idx_lineitem_orderkey","Relation Name": "lineitem","Alias": "lineitem","Startup Cost": 0.43,"Total Cost": 1.44,"Plan Rows": 9,"Plan Width": 16,"Actual Startup Time": 0.007,"Actual Total Time": 0.007,"Actual Rows": 0,"Actual Loops": 145787,"Index Cond": "(l_orderkey = orders.o_orderkey)","Rows Removed by Index Recheck": 0,"Filter": "(l_shipdate > '1995-03-20'::date)","Rows Removed by Filter": 4,"Workers": []}]}]}]}]},"Planning Time": 5.702,"Triggers": [],"Execution Time": 560.186}]
[{"Plan": {"Node Type": "Sort","Parallel Aware": false,"Async Capable": false,"Startup Cost": 178253.54,"Total Cost": 179032.30,"Plan Rows": 311506,"Plan Width": 44,"Actual Startup Time": 542.990,"Actual Total Time": 552.619,"Actual Rows": 11412,"Actual Loops": 1,"Sort Key": ["(sum((lineitem.l_extendedprice * ('1'::numeric - lineitem.l_discount)))) DESC", "orders.o_orderdate"],"Sort Method": "quicksort","Sort Space Used": 1098,"Sort Space Type": "Memory","Plans": [{"Node Type": "Aggregate","Strategy": "Hashed","Partial Mode": "Simple","Parent Relationship": "Outer","Parallel Aware": false,"Async Capable": false,"Startup Cost": 145936.50,"Total Cost": 149830.33,"Plan Rows": 311506,"Plan Width": 44,"Actual Startup Time": 520.259,"Actual Total Time": 542.586,"Actual Rows": 11412,"Actual Loops": 1,"Group Key": ["lineitem.l_orderkey", "orders.o_orderdate", "orders.o_shippriority"],"Planned Partitions": 0,"HashAgg Batches": 1,"Peak Memory Usage": 20497,"Disk Usage": 0,"Plans": [{"Node Type": "Gather","Parent Relationship": "Outer","Parallel Aware": false,"Async Capable": false,"Startup Cost": 5521.08,"Total Cost": 141263.91,"Plan Rows": 311506,"Plan Width": 24,"Actual Startup Time": 34.718,"Actual Total Time": 493.864,"Actual Rows": 29909,"Actual Loops": 1,"Workers Planned": 3,"Workers Launched": 3,"Single Copy": false,"Plans": [{"Node Type": "Nested Loop","Parent Relationship": "Outer","Parallel Aware": false,"Async Capable": false,"Join Type": "Inner","Startup Cost": 4521.08,"Total Cost": 109113.31,"Plan Rows": 100486,"Plan Width": 24,"Actual Startup Time": 26.864,"Actual Total Time": 502.216,"Actual Rows": 7477,"Actual Loops": 4,"Inner Unique": false,"Workers": [],"Plans": [{"Node Type": "Hash Join","Parent Relationship": "Outer","Parallel Aware": true,"Async Capable": false,"Join Type": "Inner","Startup Cost": 4520.65,"Total Cost": 37290.95,"Plan Rows": 47198,"Plan Width": 12,"Actual Startup Time": 26.201,"Actual Total Time": 219.838,"Actual Rows": 36644,"Actual Loops": 4,"Inner Unique": true,"Hash Cond": "(orders.o_custkey = customer.c_custkey)","Workers": [],"Plans": [{"Node Type": "Seq Scan","Parent Relationship": "Outer","Parallel Aware": true,"Async Capable": false,"Relation Name": "orders","Alias": "orders","Startup Cost": 0.00,"Total Cost": 32143.39,"Plan Rows": 238816,"Plan Width": 16,"Actual Startup Time": 0.013,"Actual Total Time": 141.852,"Actual Rows": 184291,"Actual Loops": 4,"Filter": "(o_orderdate < '1995-03-31'::date)","Rows Removed by Filter": 190709,"Workers": []},{"Node Type": "Hash","Parent Relationship": "Inner","Parallel Aware": true,"Async Capable": false,"Startup Cost": 4366.25,"Total Cost": 4366.25,"Plan Rows": 12352,"Plan Width": 4,"Actual Startup Time": 25.646,"Actual Total Time": 25.652,"Actual Rows": 7438,"Actual Loops": 4,"Hash Buckets": 32768,"Original Hash Buckets": 32768,"Hash Batches": 1,"Original Hash Batches": 1,"Peak Memory Usage": 1472,"Workers": [],"Plans": [{"Node Type": "Seq Scan","Parent Relationship": "Outer","Parallel Aware": true,"Async Capable": false,"Relation Name": "customer","Alias": "customer","Startup Cost": 0.00,"Total Cost": 4366.25,"Plan Rows": 12352,"Plan Width": 4,"Actual Startup Time": 0.044,"Actual Total Time": 21.670,"Actual Rows": 7438,"Actual Loops": 4,"Filter": "(c_mktsegment = 'AUTOMOBILE'::bpchar)","Rows Removed by Filter": 30062,"Workers": []}]}]},{"Node Type": "Index Scan","Parent Relationship": "Inner","Parallel Aware": false,"Async Capable": false,"Scan Direction": "Forward","Index Name": "idx_lineitem_orderkey","Relation Name": "lineitem","Alias": "lineitem","Startup Cost": 0.43,"Total Cost": 1.43,"Plan Rows": 9,"Plan Width": 16,"Actual Startup Time": 0.007,"Actual Total Time": 0.007,"Actual Rows": 0,"Actual Loops": 146577,"Index Cond": "(l_orderkey = orders.o_orderkey)","Rows Removed by Index Recheck": 0,"Filter": "(l_shipdate > '1995-03-31'::date)","Rows Removed by Filter": 4,"Workers": []}]}]}]}]},"Planning Time": 5.431,"Triggers": [],"Execution Time": 565.719}]
[{"Plan": {"Node Type": "Sort","Parallel Aware": false,"Async Capable": false,"Startup Cost": 177327.07,"Total Cost": 178105.41,"Plan Rows": 311338,"Plan Width": 44,"Actual Startup Time": 539.276,"Actual Total Time": 546.204,"Actual Rows": 11489,"Actual Loops": 1,"Sort Key": ["(sum((lineitem.l_extendedprice * ('1'::numeric - lineitem.l_discount)))) DESC", "orders.o_orderdate"],"Sort Method": "quicksort","Sort Space Used": 1103,"Sort Space Type": "Memory","Plans": [{"Node Type": "Aggregate","Strategy": "Hashed","Partial Mode": "Simple","Parent Relationship": "Outer","Parallel Aware": false,"Async Capable": false,"Startup Cost": 145028.68,"Total Cost": 148920.40,"Plan Rows": 311338,"Plan Width": 44,"Actual Startup Time": 516.638,"Actual Total Time": 540.338,"Actual Rows": 11489,"Actual Loops": 1,"Group Key": ["lineitem.l_orderkey", "orders.o_orderdate", "orders.o_shippriority"],"Planned Partitions": 0,"HashAgg Batches": 1,"Peak Memory Usage": 20497,"Disk Usage": 0,"Plans": [{"Node Type": "Gather","Parent Relationship": "Outer","Parallel Aware": false,"Async Capable": false,"Startup Cost": 5521.08,"Total Cost": 140358.61,"Plan Rows": 311338,"Plan Width": 24,"Actual Startup Time": 30.660,"Actual Total Time": 493.539,"Actual Rows": 30376,"Actual Loops": 1,"Workers Planned": 3,"Workers Launched": 3,"Single Copy": false,"Plans": [{"Node Type": "Nested Loop","Parent Relationship": "Outer","Parallel Aware": false,"Async Capable": false,"Join Type": "Inner","Startup Cost": 4521.08,"Total Cost": 108224.81,"Plan Rows": 100432,"Plan Width": 24,"Actual Startup Time": 23.422,"Actual Total Time": 499.876,"Actual Rows": 7594,"Actual Loops": 4,"Inner Unique": false,"Workers": [],"Plans": [{"Node Type": "Hash Join","Parent Relationship": "Outer","Parallel Aware": true,"Async Capable": false,"Join Type": "Inner","Startup Cost": 4520.65,"Total Cost": 37277.46,"Plan Rows": 46183,"Plan Width": 12,"Actual Startup Time": 23.006,"Actual Total Time": 216.203,"Actual Rows": 35918,"Actual Loops": 4,"Inner Unique": true,"Hash Cond": "(orders.o_custkey = customer.c_custkey)","Workers": [],"Plans": [{"Node Type": "Seq Scan","Parent Relationship": "Outer","Parallel Aware": true,"Async Capable": false,"Relation Name": "orders","Alias": "orders","Startup Cost": 0.00,"Total Cost": 32143.39,"Plan Rows": 233677,"Plan Width": 16,"Actual Startup Time": 0.008,"Actual Total Time": 142.132,"Actual Rows": 180569,"Actual Loops": 4,"Filter": "(o_orderdate < '1995-03-07'::date)","Rows Removed by Filter": 194431,"Workers": []},{"Node Type": "Hash","Parent Relationship": "Inner","Parallel Aware": true,"Async Capable": false,"Startup Cost": 4366.25,"Total Cost": 4366.25,"Plan Rows": 12352,"Plan Width": 4,"Actual Startup Time": 22.572,"Actual Total Time": 22.577,"Actual Rows": 7438,"Actual Loops": 4,"Hash Buckets": 32768,"Original Hash Buckets": 32768,"Hash Batches": 1,"Original Hash Batches": 1,"Peak Memory Usage": 1472,"Workers": [],"Plans": [{"Node Type": "Seq Scan","Parent Relationship": "Outer","Parallel Aware": true,"Async Capable": false,"Relation Name": "customer","Alias": "customer","Startup Cost": 0.00,"Total Cost": 4366.25,"Plan Rows": 12352,"Plan Width": 4,"Actual Startup Time": 0.047,"Actual Total Time": 19.255,"Actual Rows": 7438,"Actual Loops": 4,"Filter": "(c_mktsegment = 'AUTOMOBILE'::bpchar)","Rows Removed by Filter": 30062,"Workers": []}]}]},{"Node Type": "Index Scan","Parent Relationship": "Inner","Parallel Aware": false,"Async Capable": false,"Scan Direction": "Forward","Index Name": "idx_lineitem_orderkey","Relation Name": "lineitem","Alias": "lineitem","Startup Cost": 0.43,"Total Cost": 1.45,"Plan Rows": 9,"Plan Width": 16,"Actual Startup Time": 0.008,"Actual Total Time": 0.008,"Actual Rows": 0,"Actual Loops": 143672,"Index Cond": "(l_orderkey = orders.o_orderkey)","Rows Removed by Index Recheck": 0,"Filter": "(l_shipdate > '1995-03-07'::date)","Rows Removed by Filter": 4,"Workers": []}]}]}]}]},"Planning Time": 5.578,"Triggers": [],"Execution Time": 561.958}]
[{"Plan": {"Node Type": "Sort","Parallel Aware": false,"Async Capable": false,"Startup Cost": 178286.89,"Total Cost": 179068.23,"Plan Rows": 312538,"Plan Width": 44,"Actual Startup Time": 548.414,"Actual Total Time": 557.750,"Actual Rows": 11693,"Actual Loops": 1,"Sort Key": ["(sum((lineitem.l_extendedprice * ('1'::numeric - lineitem.l_discount)))) DESC", "orders.o_orderdate"],"Sort Method": "quicksort","Sort Space Used": 1115,"Sort Space Type": "Memory","Plans": [{"Node Type": "Aggregate","Strategy": "Hashed","Partial Mode": "Simple","Parent Relationship": "Outer","Parallel Aware": false,"Async Capable": false,"Startup Cost": 145855.33,"Total Cost": 149762.05,"Plan Rows": 312538,"Plan Width": 44,"Actual Startup Time": 524.991,"Actual Total Time": 548.961,"Actual Rows": 11693,"Actual Loops": 1,"Group Key": ["lineitem.l_orderkey", "orders.o_orderdate", "orders.o_shippriority"],"Planned Partitions": 0,"HashAgg Batches": 1,"Peak Memory Usage": 20497,"Disk Usage": 0,"Plans": [{"Node Type": "Gather","Parent Relationship": "Outer","Parallel Aware": false,"Async Capable": false,"Startup Cost": 5521.58,"Total Cost": 141167.26,"Plan Rows": 312538,"Plan Width": 24,"Actual Startup Time": 34.145,"Actual Total Time": 498.586,"Actual Rows": 30656,"Actual Loops": 1,"Workers Planned": 3,"Workers Launched": 3,"Single Copy": false,"Plans": [{"Node Type": "Nested Loop","Parent Relationship": "Outer","Parallel Aware": false,"Async Capable": false,"Join Type": "Inner","Startup Cost": 4521.58,"Total Cost": 108913.46,"Plan Rows": 100819,"Plan Width": 24,"Actual Startup Time": 27.351,"Actual Total Time": 507.546,"Actual Rows": 7664,"Actual Loops": 4,"Inner Unique": false,"Workers": [],"Plans": [{"Node Type": "Hash Join","Parent Relationship": "Outer","Parallel Aware": true,"Async Capable": false,"Join Type": "Inner","Startup Cost": 4521.15,"Total Cost": 37284.95,"Plan Rows": 46858,"Plan Width": 12,"Actual Startup Time": 27.116,"Actual Total Time": 224.177,"Actual Rows": 36918,"Actual Loops": 4,"Inner Unique": true,"Hash Cond": "(orders.o_custkey = customer.c_custkey)","Workers": [],"Plans": [{"Node Type": "Seq Scan","Parent Relationship": "Outer","Parallel Aware": true,"Async Capable": false,"Relation Name": "orders","Alias": "orders","Startup Cost": 0.00,"Total Cost": 32143.39,"Plan Rows": 236341,"Plan Width": 16,"Actual Startup Time": 0.020,"Actual Total Time": 144.187,"Actual Rows": 182456,"Actual Loops": 4,"Filter": "(o_orderdate < '1995-03-19'::date)","Rows Removed by Filter": 192544,"Workers": []},{"Node Type": "Hash","Parent Relationship": "Inner","Parallel Aware": true,"Async Capable": false,"Startup Cost": 4366.25,"Total Cost": 4366.25,"Plan Rows": 12392,"Plan Width": 4,"Actual Startup Time": 26.653,"Actual Total Time": 26.657,"Actual Rows": 7536,"Actual Loops": 4,"Hash Buckets": 32768,"Original Hash Buckets": 32768,"Hash Batches": 1,"Original Hash Batches": 1,"Peak Memory Usage": 1504,"Workers": [],"Plans": [{"Node Type": "Seq Scan","Parent Relationship": "Outer","Parallel Aware": true,"Async Capable": false,"Relation Name": "customer","Alias": "customer","Startup Cost": 0.00,"Total Cost": 4366.25,"Plan Rows": 12392,"Plan Width": 4,"Actual Startup Time": 0.038,"Actual Total Time": 22.774,"Actual Rows": 7536,"Actual Loops": 4,"Filter": "(c_mktsegment = 'BUILDING'::bpchar)","Rows Removed by Filter": 29964,"Workers": []}]}]},{"Node Type": "Index Scan","Parent Relationship": "Inner","Parallel Aware": false,"Async Capable": false,"Scan Direction": "Forward","Index Name": "idx_lineitem_orderkey","Relation Name": "lineitem","Alias": "lineitem","Startup Cost": 0.43,"Total Cost": 1.44,"Plan Rows": 9,"Plan Width": 16,"Actual Startup Time": 0.007,"Actual Total Time": 0.007,"Actual Rows": 0,"Actual Loops": 147672,"Index Cond": "(l_orderkey = orders.o_orderkey)","Rows Removed by Index Recheck": 0,"Filter": "(l_shipdate > '1995-03-19'::date)","Rows Removed by Filter": 4,"Workers": []}]}]}]}]},"Planning Time": 5.587,"Triggers": [],"Execution Time": 570.036}]
[{"Plan": {"Node Type": "Sort","Parallel Aware": false,"Async Capable": false,"Startup Cost": 178709.56,"Total Cost": 179490.82,"Plan Rows": 312505,"Plan Width": 44,"Actual Startup Time": 528.514,"Actual Total Time": 540.156,"Actual Rows": 11546,"Actual Loops": 1,"Sort Key": ["(sum((lineitem.l_extendedprice * ('1'::numeric - lineitem.l_discount)))) DESC", "orders.o_orderdate"],"Sort Method": "quicksort","Sort Space Used": 1106,"Sort Space Type": "Memory","Plans": [{"Node Type": "Aggregate","Strategy": "Hashed","Partial Mode": "Simple","Parent Relationship": "Outer","Parallel Aware": false,"Async Capable": false,"Startup Cost": 146281.67,"Total Cost": 150187.98,"Plan Rows": 312505,"Plan Width": 44,"Actual Startup Time": 506.011,"Actual Total Time": 532.093,"Actual Rows": 11546,"Actual Loops": 1,"Group Key": ["lineitem.l_orderkey", "orders.o_orderdate", "orders.o_shippriority"],"Planned Partitions": 0,"HashAgg Batches": 1,"Peak Memory Usage": 20497,"Disk Usage": 0,"Plans": [{"Node Type": "Gather","Parent Relationship": "Outer","Parallel Aware": false,"Async Capable": false,"Startup Cost": 5521.58,"Total Cost": 141594.09,"Plan Rows": 312505,"Plan Width": 24,"Actual Startup Time": 29.185,"Actual Total Time": 486.007,"Actual Rows": 30093,"Actual Loops": 1,"Workers Planned": 3,"Workers Launched": 3,"Single Copy": false,"Plans": [{"Node Type": "Nested Loop","Parent Relationship": "Outer","Parallel Aware": false,"Async Capable": false,"Join Type": "Inner","Startup Cost": 4521.58,"Total Cost": 109343.59,"Plan Rows": 100808,"Plan Width": 24,"Actual Startup Time": 22.378,"Actual Total Time": 489.559,"Actual Rows": 7523,"Actual Loops": 4,"Inner Unique": false,"Workers": [],"Plans": [{"Node Type": "Hash Join","Parent Relationship": "Outer","Parallel Aware": true,"Async Capable": false,"Join Type": "Inner","Startup Cost": 4521.15,"Total Cost": 37291.45,"Plan Rows": 47349,"Plan Width": 12,"Actual Startup Time": 22.258,"Actual Total Time": 205.707,"Actual Rows": 37275,"Actual Loops": 4,"Inner Unique": true,"Hash Cond": "(orders.o_custkey = customer.c_custkey)","Workers": [],"Plans": [{"Node Type": "Seq Scan","Parent Relationship": "Outer","Parallel Aware": true,"Async Capable": false,"Relation Name": "orders","Alias": "orders","Startup Cost": 0.00,"Total Cost": 32143.39,"Plan Rows": 238816,"Plan Width": 16,"Actual Startup Time": 0.008,"Actual Total Time": 138.108,"Actual Rows": 184291,"Actual Loops": 4,"Filter": "(o_orderdate < '1995-03-31'::date)","Rows Removed by Filter": 190709,"Workers": []},{"Node Type": "Hash","Parent Relationship": "Inner","Parallel Aware": true,"Async Capable": false,"Startup Cost": 4366.25,"Total Cost": 4366.25,"Plan Rows": 12392,"Plan Width": 4,"Actual Startup Time": 21.853,"Actual Total Time": 21.857,"Actual Rows": 7536,"Actual Loops": 4,"Hash Buckets": 32768,"Original Hash Buckets": 32768,"Hash Batches": 1,"Original Hash Batches": 1,"Peak Memory Usage": 1504,"Workers": [],"Plans": [{"Node Type": "Seq Scan","Parent Relationship": "Outer","Parallel Aware": true,"Async Capable": false,"Relation Name": "customer","Alias": "customer","Startup Cost": 0.00,"Total Cost": 4366.25,"Plan Rows": 12392,"Plan Width": 4,"Actual Startup Time": 0.031,"Actual Total Time": 18.871,"Actual Rows": 7536,"Actual Loops": 4,"Filter": "(c_mktsegment = 'BUILDING'::bpchar)","Rows Removed by Filter": 29964,"Workers": []}]}]},{"Node Type": "Index Scan","Parent Relationship": "Inner","Parallel Aware": false,"Async Capable": false,"Scan Direction": "Forward","Index Name": "idx_lineitem_orderkey","Relation Name": "lineitem","Alias": "lineitem","Startup Cost": 0.43,"Total Cost": 1.43,"Plan Rows": 9,"Plan Width": 16,"Actual Startup Time": 0.007,"Actual Total Time": 0.007,"Actual Rows": 0,"Actual Loops": 149101,"Index Cond": "(l_orderkey = orders.o_orderkey)","Rows Removed by Index Recheck": 0,"Filter": "(l_shipdate > '1995-03-31'::date)","Rows Removed by Filter": 4,"Workers": []}]}]}]}]},"Planning Time": 6.427,"Triggers": [],"Execution Time": 554.153}]
[{"Plan": {"Node Type": "Sort","Parallel Aware": false,"Async Capable": false,"Startup Cost": 178259.80,"Total Cost": 179041.20,"Plan Rows": 312559,"Plan Width": 44,"Actual Startup Time": 522.747,"Actual Total Time": 532.801,"Actual Rows": 11668,"Actual Loops": 1,"Sort Key": ["(sum((lineitem.l_extendedprice * ('1'::numeric - lineitem.l_discount)))) DESC", "orders.o_orderdate"],"Sort Method": "quicksort","Sort Space Used": 1114,"Sort Space Type": "Memory","Plans": [{"Node Type": "Aggregate","Strategy": "Hashed","Partial Mode": "Simple","Parent Relationship": "Outer","Parallel Aware": false,"Async Capable": false,"Startup Cost": 145825.92,"Total Cost": 149732.90,"Plan Rows": 312559,"Plan Width": 44,"Actual Startup Time": 500.552,"Actual Total Time": 524.645,"Actual Rows": 11668,"Actual Loops": 1,"Group Key": ["lineitem.l_orderkey", "orders.o_orderdate", "orders.o_shippriority"],"Planned Partitions": 0,"HashAgg Batches": 1,"Peak Memory Usage": 20497,"Disk Usage": 0,"Plans": [{"Node Type": "Gather","Parent Relationship": "Outer","Parallel Aware": false,"Async Capable": false,"Startup Cost": 5521.58,"Total Cost": 141137.53,"Plan Rows": 312559,"Plan Width": 24,"Actual Startup Time": 30.152,"Actual Total Time": 478.317,"Actual Rows": 30678,"Actual Loops": 1,"Workers Planned": 3,"Workers Launched": 3,"Single Copy": false,"Plans": [{"Node Type": "Nested Loop","Parent Relationship": "Outer","Parallel Aware": false,"Async Capable": false,"Join Type": "Inner","Startup Cost": 4521.58,"Total Cost": 108881.63,"Plan Rows": 100825,"Plan Width": 24,"Actual Startup Time": 23.309,"Actual Total Time": 484.094,"Actual Rows": 7670,"Actual Loops": 4,"Inner Unique": false,"Workers": [],"Plans": [{"Node Type": "Hash Join","Parent Relationship": "Outer","Parallel Aware": true,"Async Capable": false,"Join Type": "Inner","Startup Cost": 4521.15,"Total Cost": 37284.45,"Plan Rows": 46821,"Plan Width": 12,"Actual Startup Time": 23.129,"Actual Total Time": 203.818,"Actual Rows": 36886,"Actual Loops": 4,"Inner Unique": true,"Hash Cond": "(orders.o_custkey = customer.c_custkey)","Workers": [],"Plans": [{"Node Type": "Seq Scan","Parent Relationship": "Outer","Parallel Aware": true,"Async Capable": false,"Relation Name": "orders","Alias": "orders","Startup Cost": 0.00,"Total Cost": 32143.39,"Plan Rows": 236150,"Plan Width": 16,"Actual Startup Time": 0.014,"Actual Total Time": 135.913,"Actual Rows": 182297,"Actual Loops": 4,"Filter": "(o_orderdate < '1995-03-18'::date)","Rows Removed by Filter": 192703,"Workers": []},{"Node Type": "Hash","Parent Relationship": "Inner","Parallel Aware": true,"Async Capable": false,"Startup Cost": 4366.25,"Total Cost": 4366.25,"Plan Rows": 12392,"Plan Width": 4,"Actual Startup Time": 22.707,"Actual Total Time": 22.713,"Actual Rows": 7536,"Actual Loops": 4,"Hash Buckets": 32768,"Original Hash Buckets": 32768,"Hash Batches": 1,"Original Hash Batches": 1,"Peak Memory Usage": 1504,"Workers": [],"Plans": [{"Node Type": "Seq Scan","Parent Relationship": "Outer","Parallel Aware": true,"Async Capable": false,"Relation Name": "customer","Alias": "customer","Startup Cost": 0.00,"Total Cost": 4366.25,"Plan Rows": 12392,"Plan Width": 4,"Actual Startup Time": 0.026,"Actual Total Time": 19.599,"Actual Rows": 7536,"Actual Loops": 4,"Filter": "(c_mktsegment = 'BUILDING'::bpchar)","Rows Removed by Filter": 29964,"Workers": []}]}]},{"Node Type": "Index Scan","Parent Relationship": "Inner","Parallel Aware": false,"Async Capable": false,"Scan Direction": "Forward","Index Name": "idx_lineitem_orderkey","Relation Name": "lineitem","Alias": "lineitem","Startup Cost": 0.43,"Total Cost": 1.44,"Plan Rows": 9,"Plan Width": 16,"Actual Startup Time": 0.007,"Actual Total Time": 0.007,"Actual Rows": 0,"Actual Loops": 147543,"Index Cond": "(l_orderkey = orders.o_orderkey)","Rows Removed by Index Recheck": 0,"Filter": "(l_shipdate > '1995-03-18'::date)","Rows Removed by Filter": 4,"Workers": []}]}]}]}]},"Planning Time": 6.869,"Triggers": [],"Execution Time": 546.741}]
[{"Plan": {"Node Type": "Sort","Parallel Aware": false,"Async Capable": false,"Startup Cost": 182705.91,"Total Cost": 183510.46,"Plan Rows": 321821,"Plan Width": 44,"Actual Startup Time": 538.252,"Actual Total Time": 548.699,"Actual Rows": 11455,"Actual Loops": 1,"Sort Key": ["(sum((lineitem.l_extendedprice * ('1'::numeric - lineitem.l_discount)))) DESC", "orders.o_orderdate"],"Sort Method": "quicksort","Sort Space Used": 1100,"Sort Space Type": "Memory","Plans": [{"Node Type": "Aggregate","Strategy": "Hashed","Partial Mode": "Simple","Parent Relationship": "Outer","Parallel Aware": false,"Async Capable": false,"Startup Cost": 149243.12,"Total Cost": 153265.89,"Plan Rows": 321821,"Plan Width": 44,"Actual Startup Time": 515.793,"Actual Total Time": 539.031,"Actual Rows": 11455,"Actual Loops": 1,"Group Key": ["lineitem.l_orderkey", "orders.o_orderdate", "orders.o_shippriority"],"Planned Partitions": 0,"HashAgg Batches": 1,"Peak Memory Usage": 20497,"Disk Usage": 0,"Plans": [{"Node Type": "Gather","Parent Relationship": "Outer","Parallel Aware": false,"Async Capable": false,"Startup Cost": 5526.18,"Total Cost": 144415.81,"Plan Rows": 321821,"Plan Width": 24,"Actual Startup Time": 32.971,"Actual Total Time": 490.041,"Actual Rows": 30385,"Actual Loops": 1,"Workers Planned": 3,"Workers Launched": 3,"Single Copy": false,"Plans": [{"Node Type": "Nested Loop","Parent Relationship": "Outer","Parallel Aware": false,"Async Capable": false,"Join Type": "Inner","Startup Cost": 4526.18,"Total Cost": 111233.71,"Plan Rows": 103813,"Plan Width": 24,"Actual Startup Time": 26.134,"Actual Total Time": 498.478,"Actual Rows": 7596,"Actual Loops": 4,"Inner Unique": false,"Workers": [],"Plans": [{"Node Type": "Hash Join","Parent Relationship": "Outer","Parallel Aware": true,"Async Capable": false,"Join Type": "Inner","Startup Cost": 4525.75,"Total Cost": 37292.24,"Plan Rows": 48462,"Plan Width": 12,"Actual Startup Time": 25.945,"Actual Total Time": 218.063,"Actual Rows": 36569,"Actual Loops": 4,"Inner Unique": true,"Hash Cond": "(orders.o_custkey = customer.c_custkey)","Workers": [],"Plans": [{"Node Type": "Seq Scan","Parent Relationship": "Outer","Parallel Aware": true,"Async Capable": false,"Relation Name": "orders","Alias": "orders","Startup Cost": 0.00,"Total Cost": 32143.39,"Plan Rows": 237363,"Plan Width": 16,"Actual Startup Time": 0.013,"Actual Total Time": 140.098,"Actual Rows": 183220,"Actual Loops": 4,"Filter": "(o_orderdate < '1995-03-24'::date)","Rows Removed by Filter": 191780,"Workers": []},{"Node Type": "Hash","Parent Relationship": "Inner","Parallel Aware": true,"Async Capable": false,"Startup Cost": 4366.25,"Total Cost": 4366.25,"Plan Rows": 12760,"Plan Width": 4,"Actual Startup Time": 25.517,"Actual Total Time": 25.522,"Actual Rows": 7492,"Actual Loops": 4,"Hash Buckets": 32768,"Original Hash Buckets": 32768,"Hash Batches": 1,"Original Hash Batches": 1,"Peak Memory Usage": 1472,"Workers": [],"Plans": [{"Node Type": "Seq Scan","Parent Relationship": "Outer","Parallel Aware": true,"Async Capable": false,"Relation Name": "customer","Alias": "customer","Startup Cost": 0.00,"Total Cost": 4366.25,"Plan Rows": 12760,"Plan Width": 4,"Actual Startup Time": 0.042,"Actual Total Time": 21.606,"Actual Rows": 7492,"Actual Loops": 4,"Filter": "(c_mktsegment = 'FURNITURE'::bpchar)","Rows Removed by Filter": 30008,"Workers": []}]}]},{"Node Type": "Index Scan","Parent Relationship": "Inner","Parallel Aware": false,"Async Capable": false,"Scan Direction": "Forward","Index Name": "idx_lineitem_orderkey","Relation Name": "lineitem","Alias": "lineitem","Startup Cost": 0.43,"Total Cost": 1.44,"Plan Rows": 9,"Plan Width": 16,"Actual Startup Time": 0.007,"Actual Total Time": 0.007,"Actual Rows": 0,"Actual Loops": 146275,"Index Cond": "(l_orderkey = orders.o_orderkey)","Rows Removed by Index Recheck": 0,"Filter": "(l_shipdate > '1995-03-24'::date)","Rows Removed by Filter": 4,"Workers": []}]}]}]}]},"Planning Time": 6.196,"Triggers": [],"Execution Time": 561.386}]
[{"Plan": {"Node Type": "Sort","Parallel Aware": false,"Async Capable": false,"Startup Cost": 179124.54,"Total Cost": 179912.11,"Plan Rows": 315030,"Plan Width": 44,"Actual Startup Time": 544.554,"Actual Total Time": 552.923,"Actual Rows": 11427,"Actual Loops": 1,"Sort Key": ["(sum((lineitem.l_extendedprice * ('1'::numeric - lineitem.l_discount)))) DESC", "orders.o_orderdate"],"Sort Method": "quicksort","Sort Space Used": 1099,"Sort Space Type": "Memory","Plans": [{"Node Type": "Aggregate","Strategy": "Hashed","Partial Mode": "Simple","Parent Relationship": "Outer","Parallel Aware": false,"Async Capable": false,"Startup Cost": 146416.34,"Total Cost": 150354.22,"Plan Rows": 315030,"Plan Width": 44,"Actual Startup Time": 522.269,"Actual Total Time": 546.798,"Actual Rows": 11427,"Actual Loops": 1,"Group Key": ["lineitem.l_orderkey", "orders.o_orderdate", "orders.o_shippriority"],"Planned Partitions": 0,"HashAgg Batches": 1,"Peak Memory Usage": 20497,"Disk Usage": 0,"Plans": [{"Node Type": "Gather","Parent Relationship": "Outer","Parallel Aware": false,"Async Capable": false,"Startup Cost": 5522.96,"Total Cost": 141690.89,"Plan Rows": 315030,"Plan Width": 24,"Actual Startup Time": 31.602,"Actual Total Time": 501.015,"Actual Rows": 30263,"Actual Loops": 1,"Workers Planned": 3,"Workers Launched": 3,"Single Copy": false,"Plans": [{"Node Type": "Nested Loop","Parent Relationship": "Outer","Parallel Aware": false,"Async Capable": false,"Join Type": "Inner","Startup Cost": 4522.96,"Total Cost": 109187.89,"Plan Rows": 101623,"Plan Width": 24,"Actual Startup Time": 24.545,"Actual Total Time": 505.363,"Actual Rows": 7566,"Actual Loops": 4,"Inner Unique": false,"Workers": [],"Plans": [{"Node Type": "Hash Join","Parent Relationship": "Outer","Parallel Aware": true,"Async Capable": false,"Join Type": "Inner","Startup Cost": 4522.52,"Total Cost": 37280.84,"Plan Rows": 46858,"Plan Width": 12,"Actual Startup Time": 24.421,"Actual Total Time": 220.625,"Actual Rows": 36128,"Actual Loops": 4,"Inner Unique": true,"Hash Cond": "(orders.o_custkey = customer.c_custkey)","Workers": [],"Plans": [{"Node Type": "Seq Scan","Parent Relationship": "Outer","Parallel Aware": true,"Async Capable": false,"Relation Name": "orders","Alias": "orders","Startup Cost": 0.00,"Total Cost": 32143.39,"Plan Rows": 234250,"Plan Width": 16,"Actual Startup Time": 0.010,"Actual Total Time": 145.817,"Actual Rows": 181030,"Actual Loops": 4,"Filter": "(o_orderdate < '1995-03-10'::date)","Rows Removed by Filter": 193970,"Workers": []},{"Node Type": "Hash","Parent Relationship": "Inner","Parallel Aware": true,"Async Capable": false,"Startup Cost": 4366.25,"Total Cost": 4366.25,"Plan Rows": 12502,"Plan Width": 4,"Actual Startup Time": 23.945,"Actual Total Time": 23.951,"Actual Rows": 7547,"Actual Loops": 4,"Hash Buckets": 32768,"Original Hash Buckets": 32768,"Hash Batches": 1,"Original Hash Batches": 1,"Peak Memory Usage": 1536,"Workers": [],"Plans": [{"Node Type": "Seq Scan","Parent Relationship": "Outer","Parallel Aware": true,"Async Capable": false,"Relation Name": "customer","Alias": "customer","Startup Cost": 0.00,"Total Cost": 4366.25,"Plan Rows": 12502,"Plan Width": 4,"Actual Startup Time": 0.035,"Actual Total Time": 20.501,"Actual Rows": 7547,"Actual Loops": 4,"Filter": "(c_mktsegment = 'HOUSEHOLD'::bpchar)","Rows Removed by Filter": 29953,"Workers": []}]}]},{"Node Type": "Index Scan","Parent Relationship": "Inner","Parallel Aware": false,"Async Capable": false,"Scan Direction": "Forward","Index Name": "idx_lineitem_orderkey","Relation Name": "lineitem","Alias": "lineitem","Startup Cost": 0.43,"Total Cost": 1.44,"Plan Rows": 9,"Plan Width": 16,"Actual Startup Time": 0.007,"Actual Total Time": 0.008,"Actual Rows": 0,"Actual Loops": 144514,"Index Cond": "(l_orderkey = orders.o_orderkey)","Rows Removed by Index Recheck": 0,"Filter": "(l_shipdate > '1995-03-10'::date)","Rows Removed by Filter": 4,"Workers": []}]}]}]}]},"Planning Time": 5.748,"Triggers": [],"Execution Time": 566.279}]
[{"Plan": {"Node Type": "Sort","Parallel Aware": false,"Async Capable": false,"Startup Cost": 177778.46,"Total Cost": 178559.29,"Plan Rows": 312334,"Plan Width": 44,"Actual Startup Time": 536.081,"Actual Total Time": 545.828,"Actual Rows": 11612,"Actual Loops": 1,"Sort Key": ["(sum((lineitem.l_extendedprice * ('1'::numeric - lineitem.l_discount)))) DESC", "orders.o_orderdate"],"Sort Method": "quicksort","Sort Space Used": 1110,"Sort Space Type": "Memory","Plans": [{"Node Type": "Aggregate","Strategy": "Hashed","Partial Mode": "Simple","Parent Relationship": "Outer","Parallel Aware": false,"Async Capable": false,"Startup Cost": 145369.54,"Total Cost": 149273.72,"Plan Rows": 312334,"Plan Width": 44,"Actual Startup Time": 513.237,"Actual Total Time": 537.288,"Actual Rows": 11612,"Actual Loops": 1,"Group Key": ["lineitem.l_orderkey", "orders.o_orderdate", "orders.o_shippriority"],"Planned Partitions": 0,"HashAgg Batches": 1,"Peak Memory Usage": 20497,"Disk Usage": 0,"Plans": [{"Node Type": "Gather","Parent Relationship": "Outer","Parallel Aware": false,"Async Capable": false,"Startup Cost": 5521.58,"Total Cost": 140684.53,"Plan Rows": 312334,"Plan Width": 24,"Actual Startup Time": 30.510,"Actual Total Time": 490.222,"Actual Rows": 30533,"Actual Loops": 1,"Workers Planned": 3,"Workers Launched": 3,"Single Copy": false,"Plans": [{"Node Type": "Nested Loop","Parent Relationship": "Outer","Parallel Aware": false,"Async Capable": false,"Join Type": "Inner","Startup Cost": 4521.58,"Total Cost": 108451.13,"Plan Rows": 100753,"Plan Width": 24,"Actual Startup Time": 23.807,"Actual Total Time": 496.598,"Actual Rows": 7633,"Actual Loops": 4,"Inner Unique": false,"Workers": [],"Plans": [{"Node Type": "Hash Join","Parent Relationship": "Outer","Parallel Aware": true,"Async Capable": false,"Join Type": "Inner","Startup Cost": 4521.15,"Total Cost": 37277.96,"Plan Rows": 46330,"Plan Width": 12,"Actual Startup Time": 23.629,"Actual Total Time": 212.943,"Actual Rows": 36516,"Actual Loops": 4,"Inner Unique": true,"Hash Cond": "(orders.o_custkey = customer.c_custkey)","Workers": [],"Plans": [{"Node Type": "Seq Scan","Parent Relationship": "Outer","Parallel Aware": true,"Async Capable": false,"Relation Name": "orders","Alias": "orders","Startup Cost": 0.00,"Total Cost": 32143.39,"Plan Rows": 233677,"Plan Width": 16,"Actual Startup Time": 0.015,"Actual Total Time": 143.097,"Actual Rows": 180569,"Actual Loops": 4,"Filter": "(o_orderdate < '1995-03-07'::date)","Rows Removed by Filter": 194431,"Workers": []},{"Node Type": "Hash","Parent Relationship": "Inner","Parallel Aware": true,"Async Capable": false,"Startup Cost": 4366.25,"Total Cost": 4366.25,"Plan Rows": 12392,"Plan Width": 4,"Actual Startup Time": 23.145,"Actual Total Time": 23.150,"Actual Rows": 7536,"Actual Loops": 4,"Hash Buckets": 32768,"Original Hash Buckets": 32768,"Hash Batches": 1,"Original Hash Batches": 1,"Peak Memory Usage": 1504,"Workers": [],"Plans": [{"Node Type": "Seq Scan","Parent Relationship": "Outer","Parallel Aware": true,"Async Capable": false,"Relation Name": "customer","Alias": "customer","Startup Cost": 0.00,"Total Cost": 4366.25,"Plan Rows": 12392,"Plan Width": 4,"Actual Startup Time": 0.035,"Actual Total Time": 20.005,"Actual Rows": 7536,"Actual Loops": 4,"Filter": "(c_mktsegment = 'BUILDING'::bpchar)","Rows Removed by Filter": 29964,"Workers": []}]}]},{"Node Type": "Index Scan","Parent Relationship": "Inner","Parallel Aware": false,"Async Capable": false,"Scan Direction": "Forward","Index Name": "idx_lineitem_orderkey","Relation Name": "lineitem","Alias": "lineitem","Startup Cost": 0.43,"Total Cost": 1.45,"Plan Rows": 9,"Plan Width": 16,"Actual Startup Time": 0.007,"Actual Total Time": 0.008,"Actual Rows": 0,"Actual Loops": 146063,"Index Cond": "(l_orderkey = orders.o_orderkey)","Rows Removed by Index Recheck": 0,"Filter": "(l_shipdate > '1995-03-07'::date)","Rows Removed by Filter": 4,"Workers": []}]}]}]}]},"Planning Time": 6.452,"Triggers": [],"Execution Time": 558.881}]
[{"Plan": {"Node Type": "Sort","Parallel Aware": false,"Async Capable": false,"Startup Cost": 182112.80,"Total Cost": 182916.58,"Plan Rows": 321511,"Plan Width": 44,"Actual Startup Time": 516.727,"Actual Total Time": 527.232,"Actual Rows": 11382,"Actual Loops": 1,"Sort Key": ["(sum((lineitem.l_extendedprice * ('1'::numeric - lineitem.l_discount)))) DESC", "orders.o_orderdate"],"Sort Method": "quicksort","Sort Space Used": 1096,"Sort Space Type": "Memory","Plans": [{"Node Type": "Aggregate","Strategy": "Hashed","Partial Mode": "Simple","Parent Relationship": "Outer","Parallel Aware": false,"Async Capable": false,"Startup Cost": 148684.48,"Total Cost": 152703.37,"Plan Rows": 321511,"Plan Width": 44,"Actual Startup Time": 494.602,"Actual Total Time": 520.266,"Actual Rows": 11382,"Actual Loops": 1,"Group Key": ["lineitem.l_orderkey", "orders.o_orderdate", "orders.o_shippriority"],"Planned Partitions": 0,"HashAgg Batches": 1,"Peak Memory Usage": 20497,"Disk Usage": 0,"Plans": [{"Node Type": "Gather","Parent Relationship": "Outer","Parallel Aware": false,"Async Capable": false,"Startup Cost": 5526.18,"Total Cost": 143861.82,"Plan Rows": 321511,"Plan Width": 24,"Actual Startup Time": 27.053,"Actual Total Time": 474.387,"Actual Rows": 30152,"Actual Loops": 1,"Workers Planned": 3,"Workers Launched": 3,"Single Copy": false,"Plans": [{"Node Type": "Nested Loop","Parent Relationship": "Outer","Parallel Aware": false,"Async Capable": false,"Join Type": "Inner","Startup Cost": 4526.18,"Total Cost": 110710.72,"Plan Rows": 103713,"Plan Width": 24,"Actual Startup Time": 20.702,"Actual Total Time": 478.805,"Actual Rows": 7538,"Actual Loops": 4,"Inner Unique": false,"Workers": [],"Plans": [{"Node Type": "Hash Join","Parent Relationship": "Outer","Parallel Aware": true,"Async Capable": false,"Join Type": "Inner","Startup Cost": 4525.75,"Total Cost": 37284.57,"Plan Rows": 47865,"Plan Width": 12,"Actual Startup Time": 20.504,"Actual Total Time": 203.939,"Actual Rows": 36156,"Actual Loops": 4,"Inner Unique": true,"Hash Cond": "(orders.o_custkey = customer.c_custkey)","Workers": [],"Plans": [{"Node Type": "Seq Scan","Parent Relationship": "Outer","Parallel Aware": true,"Async Capable": false,"Relation Name": "orders","Alias": "orders","Startup Cost": 0.00,"Total Cost": 32143.39,"Plan Rows": 234441,"Plan Width": 16,"Actual Startup Time": 0.011,"Actual Total Time": 138.791,"Actual Rows": 181190,"Actual Loops": 4,"Filter": "(o_orderdate < '1995-03-11'::date)","Rows Removed by Filter": 193810,"Workers": []},{"Node Type": "Hash","Parent Relationship": "Inner","Parallel Aware": true,"Async Capable": false,"Startup Cost": 4366.25,"Total Cost": 4366.25,"Plan Rows": 12760,"Plan Width": 4,"Actual Startup Time": 20.135,"Actual Total Time": 20.141,"Actual Rows": 7492,"Actual Loops": 4,"Hash Buckets": 32768,"Original Hash Buckets": 32768,"Hash Batches": 1,"Original Hash Batches": 1,"Peak Memory Usage": 1504,"Workers": [],"Plans": [{"Node Type": "Seq Scan","Parent Relationship": "Outer","Parallel Aware": true,"Async Capable": false,"Relation Name": "customer","Alias": "customer","Startup Cost": 0.00,"Total Cost": 4366.25,"Plan Rows": 12760,"Plan Width": 4,"Actual Startup Time": 0.035,"Actual Total Time": 17.145,"Actual Rows": 7492,"Actual Loops": 4,"Filter": "(c_mktsegment = 'FURNITURE'::bpchar)","Rows Removed by Filter": 30008,"Workers": []}]}]},{"Node Type": "Index Scan","Parent Relationship": "Inner","Parallel Aware": false,"Async Capable": false,"Scan Direction": "Forward","Index Name": "idx_lineitem_orderkey","Relation Name": "lineitem","Alias": "lineitem","Startup Cost": 0.43,"Total Cost": 1.44,"Plan Rows": 9,"Plan Width": 16,"Actual Startup Time": 0.007,"Actual Total Time": 0.007,"Actual Rows": 0,"Actual Loops": 144626,"Index Cond": "(l_orderkey = orders.o_orderkey)","Rows Removed by Index Recheck": 0,"Filter": "(l_shipdate > '1995-03-11'::date)","Rows Removed by Filter": 4,"Workers": []}]}]}]}]},"Planning Time": 7.049,"Triggers": [],"Execution Time": 540.388}]
[{"Plan": {"Node Type": "Sort","Parallel Aware": false,"Async Capable": false,"Startup Cost": 182667.65,"Total Cost": 183472.20,"Plan Rows": 321820,"Plan Width": 44,"Actual Startup Time": 543.744,"Actual Total Time": 552.991,"Actual Rows": 11462,"Actual Loops": 1,"Sort Key": ["(sum((lineitem.l_extendedprice * ('1'::numeric - lineitem.l_discount)))) DESC", "orders.o_orderdate"],"Sort Method": "quicksort","Sort Space Used": 1101,"Sort Space Type": "Memory","Plans": [{"Node Type": "Aggregate","Strategy": "Hashed","Partial Mode": "Simple","Parent Relationship": "Outer","Parallel Aware": false,"Async Capable": false,"Startup Cost": 149204.98,"Total Cost": 153227.73,"Plan Rows": 321820,"Plan Width": 44,"Actual Startup Time": 521.129,"Actual Total Time": 544.581,"Actual Rows": 11462,"Actual Loops": 1,"Group Key": ["lineitem.l_orderkey", "orders.o_orderdate", "orders.o_shippriority"],"Planned Partitions": 0,"HashAgg Batches": 1,"Peak Memory Usage": 20497,"Disk Usage": 0,"Plans": [{"Node Type": "Gather","Parent Relationship": "Outer","Parallel Aware": false,"Async Capable": false,"Startup Cost": 5526.18,"Total Cost": 144377.68,"Plan Rows": 321820,"Plan Width": 24,"Actual Startup Time": 32.860,"Actual Total Time": 495.078,"Actual Rows": 30397,"Actual Loops": 1,"Workers Planned": 3,"Workers Launched": 3,"Single Copy": false,"Plans": [{"Node Type": "Nested Loop","Parent Relationship": "Outer","Parallel Aware": false,"Async Capable": false,"Join Type": "Inner","Startup Cost": 4526.18,"Total Cost": 111195.68,"Plan Rows": 103813,"Plan Width": 24,"Actual Startup Time": 25.980,"Actual Total Time": 503.540,"Actual Rows": 7599,"Actual Loops": 4,"Inner Unique": false,"Workers": [],"Plans": [{"Node Type": "Hash Join","Parent Relationship": "Outer","Parallel Aware": true,"Async Capable": false,"Join Type": "Inner","Startup Cost": 4525.75,"Total Cost": 37291.69,"Plan Rows": 48419,"Plan Width": 12,"Actual Startup Time": 25.732,"Actual Total Time": 221.977,"Actual Rows": 36540,"Actual Loops": 4,"Inner Unique": true,"Hash Cond": "(orders.o_custkey = customer.c_custkey)","Workers": [],"Plans": [{"Node Type": "Seq Scan","Parent Relationship": "Outer","Parallel Aware": true,"Async Capable": false,"Relation Name": "orders","Alias": "orders","Startup Cost": 0.00,"Total Cost": 32143.39,"Plan Rows": 237155,"Plan Width": 16,"Actual Startup Time": 0.009,"Actual Total Time": 144.265,"Actual Rows": 183072,"Actual Loops": 4,"Filter": "(o_orderdate < '1995-03-23'::date)","Rows Removed by Filter": 191928,"Workers": []},{"Node Type": "Hash","Parent Relationship": "Inner","Parallel Aware": true,"Async Capable": false,"Startup Cost": 4366.25,"Total Cost": 4366.25,"Plan Rows": 12760,"Plan Width": 4,"Actual Startup Time": 25.309,"Actual Total Time": 25.314,"Actual Rows": 7492,"Actual Loops": 4,"Hash Buckets": 32768,"Original Hash Buckets": 32768,"Hash Batches": 1,"Original Hash Batches": 1,"Peak Memory Usage": 1504,"Workers": [],"Plans": [{"Node Type": "Seq Scan","Parent Relationship": "Outer","Parallel Aware": true,"Async Capable": false,"Relation Name": "customer","Alias": "customer","Startup Cost": 0.00,"Total Cost": 4366.25,"Plan Rows": 12760,"Plan Width": 4,"Actual Startup Time": 0.040,"Actual Total Time": 21.463,"Actual Rows": 7492,"Actual Loops": 4,"Filter": "(c_mktsegment = 'FURNITURE'::bpchar)","Rows Removed by Filter": 30008,"Workers": []}]}]},{"Node Type": "Index Scan","Parent Relationship": "Inner","Parallel Aware": false,"Async Capable": false,"Scan Direction": "Forward","Index Name": "idx_lineitem_orderkey","Relation Name": "lineitem","Alias": "lineitem","Startup Cost": 0.43,"Total Cost": 1.44,"Plan Rows": 9,"Plan Width": 16,"Actual Startup Time": 0.007,"Actual Total Time": 0.007,"Actual Rows": 0,"Actual Loops": 146161,"Index Cond": "(l_orderkey = orders.o_orderkey)","Rows Removed by Index Recheck": 0,"Filter": "(l_shipdate > '1995-03-23'::date)","Rows Removed by Filter": 4,"Workers": []}]}]}]}]},"Planning Time": 5.414,"Triggers": [],"Execution Time": 565.758}]
[{"Plan": {"Node Type": "Sort","Parallel Aware": false,"Async Capable": false,"Startup Cost": 182058.10,"Total Cost": 182862.03,"Plan Rows": 321571,"Plan Width": 44,"Actual Startup Time": 546.390,"Actual Total Time": 556.446,"Actual Rows": 11390,"Actual Loops": 1,"Sort Key": ["(sum((lineitem.l_extendedprice * ('1'::numeric - lineitem.l_discount)))) DESC", "orders.o_orderdate"],"Sort Method": "quicksort","Sort Space Used": 1096,"Sort Space Type": "Memory","Plans": [{"Node Type": "Aggregate","Strategy": "Hashed","Partial Mode": "Simple","Parent Relationship": "Outer","Parallel Aware": false,"Async Capable": false,"Startup Cost": 148623.11,"Total Cost": 152642.75,"Plan Rows": 321571,"Plan Width": 44,"Actual Startup Time": 523.631,"Actual Total Time": 548.110,"Actual Rows": 11390,"Actual Loops": 1,"Group Key": ["lineitem.l_orderkey", "orders.o_orderdate", "orders.o_shippriority"],"Planned Partitions": 0,"HashAgg Batches": 1,"Peak Memory Usage": 20497,"Disk Usage": 0,"Plans": [{"Node Type": "Gather","Parent Relationship": "Outer","Parallel Aware": false,"Async Capable": false,"Startup Cost": 5526.18,"Total Cost": 143799.55,"Plan Rows": 321571,"Plan Width": 24,"Actual Startup Time": 35.987,"Actual Total Time": 502.272,"Actual Rows": 30211,"Actual Loops": 1,"Workers Planned": 3,"Workers Launched": 3,"Single Copy": false,"Plans": [{"Node Type": "Nested Loop","Parent Relationship": "Outer","Parallel Aware": false,"Async Capable": false,"Join Type": "Inner","Startup Cost": 4526.18,"Total Cost": 110642.45,"Plan Rows": 103733,"Plan Width": 24,"Actual Startup Time": 28.041,"Actual Total Time": 506.431,"Actual Rows": 7553,"Actual Loops": 4,"Inner Unique": false,"Workers": [],"Plans": [{"Node Type": "Hash Join","Parent Relationship": "Outer","Parallel Aware": true,"Async Capable": false,"Join Type": "Inner","Startup Cost": 4525.75,"Total Cost": 37283.56,"Plan Rows": 47787,"Plan Width": 12,"Actual Startup Time": 27.784,"Actual Total Time": 223.298,"Actual Rows": 36098,"Actual Loops": 4,"Inner Unique": true,"Hash Cond": "(orders.o_custkey = customer.c_custkey)","Workers": [],"Plans": [{"Node Type": "Seq Scan","Parent Relationship": "Outer","Parallel Aware": true,"Async Capable": false,"Relation Name": "orders","Alias": "orders","Startup Cost": 0.00,"Total Cost": 32143.39,"Plan Rows": 234059,"Plan Width": 16,"Actual Startup Time": 0.012,"Actual Total Time": 145.412,"Actual Rows": 180877,"Actual Loops": 4,"Filter": "(o_orderdate < '1995-03-09'::date)","Rows Removed by Filter": 194123,"Workers": []},{"Node Type": "Hash","Parent Relationship": "Inner","Parallel Aware": true,"Async Capable": false,"Startup Cost": 4366.25,"Total Cost": 4366.25,"Plan Rows": 12760,"Plan Width": 4,"Actual Startup Time": 27.272,"Actual Total Time": 27.279,"Actual Rows": 7492,"Actual Loops": 4,"Hash Buckets": 32768,"Original Hash Buckets": 32768,"Hash Batches": 1,"Original Hash Batches": 1,"Peak Memory Usage": 1504,"Workers": [],"Plans": [{"Node Type": "Seq Scan","Parent Relationship": "Outer","Parallel Aware": true,"Async Capable": false,"Relation Name": "customer","Alias": "customer","Startup Cost": 0.00,"Total Cost": 4366.25,"Plan Rows": 12760,"Plan Width": 4,"Actual Startup Time": 0.042,"Actual Total Time": 23.852,"Actual Rows": 7492,"Actual Loops": 4,"Filter": "(c_mktsegment = 'FURNITURE'::bpchar)","Rows Removed by Filter": 30008,"Workers": []}]}]},{"Node Type": "Index Scan","Parent Relationship": "Inner","Parallel Aware": false,"Async Capable": false,"Scan Direction": "Forward","Index Name": "idx_lineitem_orderkey","Relation Name": "lineitem","Alias": "lineitem","Startup Cost": 0.43,"Total Cost": 1.45,"Plan Rows": 9,"Plan Width": 16,"Actual Startup Time": 0.007,"Actual Total Time": 0.008,"Actual Rows": 0,"Actual Loops": 144393,"Index Cond": "(l_orderkey = orders.o_orderkey)","Rows Removed by Index Recheck": 0,"Filter": "(l_shipdate > '1995-03-09'::date)","Rows Removed by Filter": 4,"Workers": []}]}]}]}]},"Planning Time": 6.548,"Triggers": [],"Execution Time": 570.548}]
[{"Plan": {"Node Type": "Sort","Parallel Aware": false,"Async Capable": false,"Startup Cost": 179730.76,"Total Cost": 180519.02,"Plan Rows": 315304,"Plan Width": 44,"Actual Startup Time": 548.204,"Actual Total Time": 557.242,"Actual Rows": 11323,"Actual Loops": 1,"Sort Key": ["(sum((lineitem.l_extendedprice * ('1'::numeric - lineitem.l_discount)))) DESC", "orders.o_orderdate"],"Sort Method": "quicksort","Sort Space Used": 1092,"Sort Space Type": "Memory","Plans": [{"Node Type": "Aggregate","Strategy": "Hashed","Partial Mode": "Simple","Parent Relationship": "Outer","Parallel Aware": false,"Async Capable": false,"Startup Cost": 146992.14,"Total Cost": 150933.44,"Plan Rows": 315304,"Plan Width": 44,"Actual Startup Time": 526.852,"Actual Total Time": 551.379,"Actual Rows": 11323,"Actual Loops": 1,"Group Key": ["lineitem.l_orderkey", "orders.o_orderdate", "orders.o_shippriority"],"Planned Partitions": 0,"HashAgg Batches": 1,"Peak Memory Usage": 20497,"Disk Usage": 0,"Plans": [{"Node Type": "Gather","Parent Relationship": "Outer","Parallel Aware": false,"Async Capable": false,"Startup Cost": 5522.96,"Total Cost": 142262.58,"Plan Rows": 315304,"Plan Width": 24,"Actual Startup Time": 34.626,"Actual Total Time": 506.547,"Actual Rows": 30042,"Actual Loops": 1,"Workers Planned": 3,"Workers Launched": 3,"Single Copy": false,"Plans": [{"Node Type": "Nested Loop","Parent Relationship": "Outer","Parallel Aware": false,"Async Capable": false,"Join Type": "Inner","Startup Cost": 4522.96,"Total Cost": 109732.18,"Plan Rows": 101711,"Plan Width": 24,"Actual Startup Time": 27.072,"Actual Total Time": 509.771,"Actual Rows": 7510,"Actual Loops": 4,"Inner Unique": false,"Workers": [],"Plans": [{"Node Type": "Hash Join","Parent Relationship": "Outer","Parallel Aware": true,"Async Capable": false,"Join Type": "Inner","Startup Cost": 4522.52,"Total Cost": 37289.01,"Plan Rows": 47480,"Plan Width": 12,"Actual Startup Time": 26.948,"Actual Total Time": 224.205,"Actual Rows": 36562,"Actual Loops": 4,"Inner Unique": true,"Hash Cond": "(orders.o_custkey = customer.c_custkey)","Workers": [],"Plans": [{"Node Type": "Seq Scan","Parent Relationship": "Outer","Parallel Aware": true,"Async Capable": false,"Relation Name": "orders","Alias": "orders","Startup Cost": 0.00,"Total Cost": 32143.39,"Plan Rows": 237363,"Plan Width": 16,"Actual Startup Time": 0.020,"Actual Total Time": 146.316,"Actual Rows": 183220,"Actual Loops": 4,"Filter": "(o_orderdate < '1995-03-24'::date)","Rows Removed by Filter": 191780,"Workers": []},{"Node Type": "Hash","Parent Relationship": "Inner","Parallel Aware": true,"Async Capable": false,"Startup Cost": 4366.25,"Total Cost": 4366.25,"Plan Rows": 12502,"Plan Width": 4,"Actual Startup Time": 26.398,"Actual Total Time": 26.403,"Actual Rows": 7547,"Actual Loops": 4,"Hash Buckets": 32768,"Original Hash Buckets": 32768,"Hash Batches": 1,"Original Hash Batches": 1,"Peak Memory Usage": 1504,"Workers": [],"Plans": [{"Node Type": "Seq Scan","Parent Relationship": "Outer","Parallel Aware": true,"Async Capable": false,"Relation Name": "customer","Alias": "customer","Startup Cost": 0.00,"Total Cost": 4366.25,"Plan Rows": 12502,"Plan Width": 4,"Actual Startup Time": 0.041,"Actual Total Time": 23.060,"Actual Rows": 7547,"Actual Loops": 4,"Filter": "(c_mktsegment = 'HOUSEHOLD'::bpchar)","Rows Removed by Filter": 29953,"Workers": []}]}]},{"Node Type": "Index Scan","Parent Relationship": "Inner","Parallel Aware": false,"Async Capable": false,"Scan Direction": "Forward","Index Name": "idx_lineitem_orderkey","Relation Name": "lineitem","Alias": "lineitem","Startup Cost": 0.43,"Total Cost": 1.44,"Plan Rows": 9,"Plan Width": 16,"Actual Startup Time": 0.007,"Actual Total Time": 0.008,"Actual Rows": 0,"Actual Loops": 146246,"Index Cond": "(l_orderkey = orders.o_orderkey)","Rows Removed by Index Recheck": 0,"Filter": "(l_shipdate > '1995-03-24'::date)","Rows Removed by Filter": 4,"Workers": []}]}]}]}]},"Planning Time": 5.340,"Triggers": [],"Execution Time": 571.256}]
[{"Plan": {"Node Type": "Sort","Parallel Aware": false,"Async Capable": false,"Startup Cost": 182497.38,"Total Cost": 183302.03,"Plan Rows": 321860,"Plan Width": 44,"Actual Startup Time": 554.141,"Actual Total Time": 561.476,"Actual Rows": 11425,"Actual Loops": 1,"Sort Key": ["(sum((lineitem.l_extendedprice * ('1'::numeric - lineitem.l_discount)))) DESC", "orders.o_orderdate"],"Sort Method": "quicksort","Sort Space Used": 1099,"Sort Space Type": "Memory","Plans": [{"Node Type": "Aggregate","Strategy": "Hashed","Partial Mode": "Simple","Parent Relationship": "Outer","Parallel Aware": false,"Async Capable": false,"Startup Cost": 149030.26,"Total Cost": 153053.51,"Plan Rows": 321860,"Plan Width": 44,"Actual Startup Time": 531.569,"Actual Total Time": 555.749,"Actual Rows": 11425,"Actual Loops": 1,"Group Key": ["lineitem.l_orderkey", "orders.o_orderdate", "orders.o_shippriority"],"Planned Partitions": 0,"HashAgg Batches": 1,"Peak Memory Usage": 20497,"Disk Usage": 0,"Plans": [{"Node Type": "Gather","Parent Relationship": "Outer","Parallel Aware": false,"Async Capable": false,"Startup Cost": 5526.18,"Total Cost": 144202.36,"Plan Rows": 321860,"Plan Width": 24,"Actual Startup Time": 35.818,"Actual Total Time": 509.458,"Actual Rows": 30276,"Actual Loops": 1,"Workers Planned": 3,"Workers Launched": 3,"Single Copy": false,"Plans": [{"Node Type": "Nested Loop","Parent Relationship": "Outer","Parallel Aware": false,"Async Capable": false,"Join Type": "Inner","Startup Cost": 4526.18,"Total Cost": 111016.36,"Plan Rows": 103826,"Plan Width": 24,"Actual Startup Time": 28.353,"Actual Total Time": 513.990,"Actual Rows": 7569,"Actual Loops": 4,"Inner Unique": false,"Workers": [],"Plans": [{"Node Type": "Hash Join","Parent Relationship": "Outer","Parallel Aware": true,"Async Capable": false,"Join Type": "Inner","Startup Cost": 4525.75,"Total Cost": 37289.05,"Plan Rows": 48214,"Plan Width": 12,"Actual Startup Time": 28.122,"Actual Total Time": 225.881,"Actual Rows": 36380,"Actual Loops": 4,"Inner Unique": true,"Hash Cond": "(orders.o_custkey = customer.c_custkey)","Workers": [],"Plans": [{"Node Type": "Seq Scan","Parent Relationship": "Outer","Parallel Aware": true,"Async Capable": false,"Relation Name": "orders","Alias": "orders","Startup Cost": 0.00,"Total Cost": 32143.39,"Plan Rows": 236150,"Plan Width": 16,"Actual Startup Time": 0.013,"Actual Total Time": 148.020,"Actual Rows": 182297,"Actual Loops": 4,"Filter": "(o_orderdate < '1995-03-18'::date)","Rows Removed by Filter": 192703,"Workers": []},{"Node Type": "Hash","Parent Relationship": "Inner","Parallel Aware": true,"Async Capable": false,"Startup Cost": 4366.25,"Total Cost": 4366.25,"Plan Rows": 12760,"Plan Width": 4,"Actual Startup Time": 27.604,"Actual Total Time": 27.609,"Actual Rows": 7492,"Actual Loops": 4,"Hash Buckets": 32768,"Original Hash Buckets": 32768,"Hash Batches": 1,"Original Hash Batches": 1,"Peak Memory Usage": 1504,"Workers": [],"Plans": [{"Node Type": "Seq Scan","Parent Relationship": "Outer","Parallel Aware": true,"Async Capable": false,"Relation Name": "customer","Alias": "customer","Startup Cost": 0.00,"Total Cost": 4366.25,"Plan Rows": 12760,"Plan Width": 4,"Actual Startup Time": 0.053,"Actual Total Time": 24.061,"Actual Rows": 7492,"Actual Loops": 4,"Filter": "(c_mktsegment = 'FURNITURE'::bpchar)","Rows Removed by Filter": 30008,"Workers": []}]}]},{"Node Type": "Index Scan","Parent Relationship": "Inner","Parallel Aware": false,"Async Capable": false,"Scan Direction": "Forward","Index Name": "idx_lineitem_orderkey","Relation Name": "lineitem","Alias": "lineitem","Startup Cost": 0.43,"Total Cost": 1.44,"Plan Rows": 9,"Plan Width": 16,"Actual Startup Time": 0.008,"Actual Total Time": 0.008,"Actual Rows": 0,"Actual Loops": 145519,"Index Cond": "(l_orderkey = orders.o_orderkey)","Rows Removed by Index Recheck": 0,"Filter": "(l_shipdate > '1995-03-18'::date)","Rows Removed by Filter": 4,"Workers": []}]}]}]}]},"Planning Time": 4.963,"Triggers": [],"Execution Time": 575.422}]
[{"Plan": {"Node Type": "Sort","Parallel Aware": false,"Async Capable": false,"Startup Cost": 178143.32,"Total Cost": 178924.91,"Plan Rows": 312634,"Plan Width": 44,"Actual Startup Time": 522.290,"Actual Total Time": 531.972,"Actual Rows": 11625,"Actual Loops": 1,"Sort Key": ["(sum((lineitem.l_extendedprice * ('1'::numeric - lineitem.l_discount)))) DESC", "orders.o_orderdate"],"Sort Method": "quicksort","Sort Space Used": 1111,"Sort Space Type": "Memory","Plans": [{"Node Type": "Aggregate","Strategy": "Hashed","Partial Mode": "Simple","Parent Relationship": "Outer","Parallel Aware": false,"Async Capable": false,"Startup Cost": 145701.11,"Total Cost": 149609.04,"Plan Rows": 312634,"Plan Width": 44,"Actual Startup Time": 499.631,"Actual Total Time": 523.835,"Actual Rows": 11625,"Actual Loops": 1,"Group Key": ["lineitem.l_orderkey", "orders.o_orderdate", "orders.o_shippriority"],"Planned Partitions": 0,"HashAgg Batches": 1,"Peak Memory Usage": 20497,"Disk Usage": 0,"Plans": [{"Node Type": "Gather","Parent Relationship": "Outer","Parallel Aware": false,"Async Capable": false,"Startup Cost": 5521.58,"Total Cost": 141011.60,"Plan Rows": 312634,"Plan Width": 24,"Actual Startup Time": 29.336,"Actual Total Time": 477.220,"Actual Rows": 30538,"Actual Loops": 1,"Workers Planned": 3,"Workers Launched": 3,"Single Copy": false,"Plans": [{"Node Type": "Nested Loop","Parent Relationship": "Outer","Parallel Aware": false,"Async Capable": false,"Join Type": "Inner","Startup Cost": 4521.58,"Total Cost": 108748.20,"Plan Rows": 100850,"Plan Width": 24,"Actual Startup Time": 22.534,"Actual Total Time": 483.104,"Actual Rows": 7634,"Actual Loops": 4,"Inner Unique": false,"Workers": [],"Plans": [{"Node Type": "Hash Join","Parent Relationship": "Outer","Parallel Aware": true,"Async Capable": false,"Join Type": "Inner","Startup Cost": 4521.15,"Total Cost": 37282.45,"Plan Rows": 46669,"Plan Width": 12,"Actual Startup Time": 22.368,"Actual Total Time": 205.594,"Actual Rows": 36749,"Actual Loops": 4,"Inner Unique": true,"Hash Cond": "(orders.o_custkey = customer.c_custkey)","Workers": [],"Plans": [{"Node Type": "Seq Scan","Parent Relationship": "Outer","Parallel Aware": true,"Async Capable": false,"Relation Name": "orders","Alias": "orders","Startup Cost": 0.00,"Total Cost": 32143.39,"Plan Rows": 235386,"Plan Width": 16,"Actual Startup Time": 0.012,"Actual Total Time": 137.392,"Actual Rows": 181666,"Actual Loops": 4,"Filter": "(o_orderdate < '1995-03-14'::date)","Rows Removed by Filter": 193334,"Workers": []},{"Node Type": "Hash","Parent Relationship": "Inner","Parallel Aware": true,"Async Capable": false,"Startup Cost": 4366.25,"Total Cost": 4366.25,"Plan Rows": 12392,"Plan Width": 4,"Actual Startup Time": 21.904,"Actual Total Time": 21.909,"Actual Rows": 7536,"Actual Loops": 4,"Hash Buckets": 32768,"Original Hash Buckets": 32768,"Hash Batches": 1,"Original Hash Batches": 1,"Peak Memory Usage": 1472,"Workers": [],"Plans": [{"Node Type": "Seq Scan","Parent Relationship": "Outer","Parallel Aware": true,"Async Capable": false,"Relation Name": "customer","Alias": "customer","Startup Cost": 0.00,"Total Cost": 4366.25,"Plan Rows": 12392,"Plan Width": 4,"Actual Startup Time": 0.034,"Actual Total Time": 18.815,"Actual Rows": 7536,"Actual Loops": 4,"Filter": "(c_mktsegment = 'BUILDING'::bpchar)","Rows Removed by Filter": 29964,"Workers": []}]}]},{"Node Type": "Index Scan","Parent Relationship": "Inner","Parallel Aware": false,"Async Capable": false,"Scan Direction": "Forward","Index Name": "idx_lineitem_orderkey","Relation Name": "lineitem","Alias": "lineitem","Startup Cost": 0.43,"Total Cost": 1.44,"Plan Rows": 9,"Plan Width": 16,"Actual Startup Time": 0.007,"Actual Total Time": 0.007,"Actual Rows": 0,"Actual Loops": 146996,"Index Cond": "(l_orderkey = orders.o_orderkey)","Rows Removed by Index Recheck": 0,"Filter": "(l_shipdate > '1995-03-14'::date)","Rows Removed by Filter": 4,"Workers": []}]}]}]}]},"Planning Time": 6.369,"Triggers": [],"Execution Time": 546.191}]
[{"Plan": {"Node Type": "Sort","Parallel Aware": false,"Async Capable": false,"Startup Cost": 179947.68,"Total Cost": 180735.91,"Plan Rows": 315293,"Plan Width": 44,"Actual Startup Time": 553.263,"Actual Total Time": 564.800,"Actual Rows": 11365,"Actual Loops": 1,"Sort Key": ["(sum((lineitem.l_extendedprice * ('1'::numeric - lineitem.l_discount)))) DESC", "orders.o_orderdate"],"Sort Method": "quicksort","Sort Space Used": 1095,"Sort Space Type": "Memory","Plans": [{"Node Type": "Aggregate","Strategy": "Hashed","Partial Mode": "Simple","Parent Relationship": "Outer","Parallel Aware": false,"Async Capable": false,"Startup Cost": 147210.28,"Total Cost": 151151.44,"Plan Rows": 315293,"Plan Width": 44,"Actual Startup Time": 530.818,"Actual Total Time": 556.690,"Actual Rows": 11365,"Actual Loops": 1,"Group Key": ["lineitem.l_orderkey", "orders.o_orderdate", "orders.o_shippriority"],"Planned Partitions": 0,"HashAgg Batches": 1,"Peak Memory Usage": 20497,"Disk Usage": 0,"Plans": [{"Node Type": "Gather","Parent Relationship": "Outer","Parallel Aware": false,"Async Capable": false,"Startup Cost": 5522.96,"Total Cost": 142480.88,"Plan Rows": 315293,"Plan Width": 24,"Actual Startup Time": 33.826,"Actual Total Time": 507.167,"Actual Rows": 30101,"Actual Loops": 1,"Workers Planned": 3,"Workers Launched": 3,"Single Copy": false,"Plans": [{"Node Type": "Nested Loop","Parent Relationship": "Outer","Parallel Aware": false,"Async Capable": false,"Join Type": "Inner","Startup Cost": 4522.96,"Total Cost": 109951.58,"Plan Rows": 101707,"Plan Width": 24,"Actual Startup Time": 26.836,"Actual Total Time": 513.105,"Actual Rows": 7525,"Actual Loops": 4,"Inner Unique": false,"Workers": [],"Plans": [{"Node Type": "Hash Join","Parent Relationship": "Outer","Parallel Aware": true,"Async Capable": false,"Join Type": "Inner","Startup Cost": 4522.52,"Total Cost": 37292.28,"Plan Rows": 47730,"Plan Width": 12,"Actual Startup Time": 26.698,"Actual Total Time": 226.247,"Actual Rows": 36752,"Actual Loops": 4,"Inner Unique": true,"Hash Cond": "(orders.o_custkey = customer.c_custkey)","Workers": [],"Plans": [{"Node Type": "Seq Scan","Parent Relationship": "Outer","Parallel Aware": true,"Async Capable": false,"Relation Name": "orders","Alias": "orders","Startup Cost": 0.00,"Total Cost": 32143.39,"Plan Rows": 238609,"Plan Width": 16,"Actual Startup Time": 0.015,"Actual Total Time": 145.218,"Actual Rows": 184142,"Actual Loops": 4,"Filter": "(o_orderdate < '1995-03-30'::date)","Rows Removed by Filter": 190858,"Workers": []},{"Node Type": "Hash","Parent Relationship": "Inner","Parallel Aware": true,"Async Capable": false,"Startup Cost": 4366.25,"Total Cost": 4366.25,"Plan Rows": 12502,"Plan Width": 4,"Actual Startup Time": 26.215,"Actual Total Time": 26.221,"Actual Rows": 7547,"Actual Loops": 4,"Hash Buckets": 32768,"Original Hash Buckets": 32768,"Hash Batches": 1,"Original Hash Batches": 1,"Peak Memory Usage": 1504,"Workers": [],"Plans": [{"Node Type": "Seq Scan","Parent Relationship": "Outer","Parallel Aware": true,"Async Capable": false,"Relation Name": "customer","Alias": "customer","Startup Cost": 0.00,"Total Cost": 4366.25,"Plan Rows": 12502,"Plan Width": 4,"Actual Startup Time": 0.040,"Actual Total Time": 22.262,"Actual Rows": 7547,"Actual Loops": 4,"Filter": "(c_mktsegment = 'HOUSEHOLD'::bpchar)","Rows Removed by Filter": 29953,"Workers": []}]}]},{"Node Type": "Index Scan","Parent Relationship": "Inner","Parallel Aware": false,"Async Capable": false,"Scan Direction": "Forward","Index Name": "idx_lineitem_orderkey","Relation Name": "lineitem","Alias": "lineitem","Startup Cost": 0.43,"Total Cost": 1.43,"Plan Rows": 9,"Plan Width": 16,"Actual Startup Time": 0.007,"Actual Total Time": 0.008,"Actual Rows": 0,"Actual Loops": 147007,"Index Cond": "(l_orderkey = orders.o_orderkey)","Rows Removed by Index Recheck": 0,"Filter": "(l_shipdate > '1995-03-30'::date)","Rows Removed by Filter": 4,"Workers": []}]}]}]}]},"Planning Time": 5.286,"Triggers": [],"Execution Time": 577.568}]
[{"Plan": {"Node Type": "Sort","Parallel Aware": false,"Async Capable": false,"Startup Cost": 177244.60,"Total Cost": 178023.14,"Plan Rows": 311417,"Plan Width": 44,"Actual Startup Time": 513.309,"Actual Total Time": 523.046,"Actual Rows": 11422,"Actual Loops": 1,"Sort Key": ["(sum((lineitem.l_extendedprice * ('1'::numeric - lineitem.l_discount)))) DESC", "orders.o_orderdate"],"Sort Method": "quicksort","Sort Space Used": 1098,"Sort Space Type": "Memory","Plans": [{"Node Type": "Aggregate","Strategy": "Hashed","Partial Mode": "Simple","Parent Relationship": "Outer","Parallel Aware": false,"Async Capable": false,"Startup Cost": 144937.44,"Total Cost": 148830.15,"Plan Rows": 311417,"Plan Width": 44,"Actual Startup Time": 490.992,"Actual Total Time": 514.974,"Actual Rows": 11422,"Actual Loops": 1,"Group Key": ["lineitem.l_orderkey", "orders.o_orderdate", "orders.o_shippriority"],"Planned Partitions": 0,"HashAgg Batches": 1,"Peak Memory Usage": 20497,"Disk Usage": 0,"Plans": [{"Node Type": "Gather","Parent Relationship": "Outer","Parallel Aware": false,"Async Capable": false,"Startup Cost": 5521.08,"Total Cost": 140266.19,"Plan Rows": 311417,"Plan Width": 24,"Actual Startup Time": 29.840,"Actual Total Time": 469.495,"Actual Rows": 30241,"Actual Loops": 1,"Workers Planned": 3,"Workers Launched": 3,"Single Copy": false,"Plans": [{"Node Type": "Nested Loop","Parent Relationship": "Outer","Parallel Aware": false,"Async Capable": false,"Join Type": "Inner","Startup Cost": 4521.08,"Total Cost": 108124.49,"Plan Rows": 100457,"Plan Width": 24,"Actual Startup Time": 23.026,"Actual Total Time": 474.520,"Actual Rows": 7560,"Actual Loops": 4,"Inner Unique": false,"Workers": [],"Plans": [{"Node Type": "Hash Join","Parent Relationship": "Outer","Parallel Aware": true,"Async Capable": false,"Join Type": "Inner","Startup Cost": 4520.65,"Total Cost": 37275.96,"Plan Rows": 46069,"Plan Width": 12,"Actual Startup Time": 22.598,"Actual Total Time": 203.221,"Actual Rows": 35816,"Actual Loops": 4,"Inner Unique": true,"Hash Cond": "(orders.o_custkey = customer.c_custkey)","Workers": [],"Plans": [{"Node Type": "Seq Scan","Parent Relationship": "Outer","Parallel Aware": true,"Async Capable": false,"Relation Name": "orders","Alias": "orders","Startup Cost": 0.00,"Total Cost": 32143.39,"Plan Rows": 233104,"Plan Width": 16,"Actual Startup Time": 0.011,"Actual Total Time": 135.926,"Actual Rows": 180099,"Actual Loops": 4,"Filter": "(o_orderdate < '1995-03-04'::date)","Rows Removed by Filter": 194901,"Workers": []},{"Node Type": "Hash","Parent Relationship": "Inner","Parallel Aware": true,"Async Capable": false,"Startup Cost": 4366.25,"Total Cost": 4366.25,"Plan Rows": 12352,"Plan Width": 4,"Actual Startup Time": 22.132,"Actual Total Time": 22.136,"Actual Rows": 7438,"Actual Loops": 4,"Hash Buckets": 32768,"Original Hash Buckets": 32768,"Hash Batches": 1,"Original Hash Batches": 1,"Peak Memory Usage": 1472,"Workers": [],"Plans": [{"Node Type": "Seq Scan","Parent Relationship": "Outer","Parallel Aware": true,"Async Capable": false,"Relation Name": "customer","Alias": "customer","Startup Cost": 0.00,"Total Cost": 4366.25,"Plan Rows": 12352,"Plan Width": 4,"Actual Startup Time": 0.028,"Actual Total Time": 19.170,"Actual Rows": 7438,"Actual Loops": 4,"Filter": "(c_mktsegment = 'AUTOMOBILE'::bpchar)","Rows Removed by Filter": 30062,"Workers": []}]}]},{"Node Type": "Index Scan","Parent Relationship": "Inner","Parallel Aware": false,"Async Capable": false,"Scan Direction": "Forward","Index Name": "idx_lineitem_orderkey","Relation Name": "lineitem","Alias": "lineitem","Startup Cost": 0.43,"Total Cost": 1.45,"Plan Rows": 9,"Plan Width": 16,"Actual Startup Time": 0.007,"Actual Total Time": 0.007,"Actual Rows": 0,"Actual Loops": 143266,"Index Cond": "(l_orderkey = orders.o_orderkey)","Rows Removed by Index Recheck": 0,"Filter": "(l_shipdate > '1995-03-04'::date)","Rows Removed by Filter": 4,"Workers": []}]}]}]}]},"Planning Time": 5.319,"Triggers": [],"Execution Time": 536.682}]
[{"Plan": {"Node Type": "Sort","Parallel Aware": false,"Async Capable": false,"Startup Cost": 178962.87,"Total Cost": 179750.87,"Plan Rows": 315201,"Plan Width": 44,"Actual Startup Time": 543.712,"Actual Total Time": 552.961,"Actual Rows": 11408,"Actual Loops": 1,"Sort Key": ["(sum((lineitem.l_extendedprice * ('1'::numeric - lineitem.l_discount)))) DESC", "orders.o_orderdate"],"Sort Method": "quicksort","Sort Space Used": 1098,"Sort Space Type": "Memory","Plans": [{"Node Type": "Aggregate","Strategy": "Hashed","Partial Mode": "Simple","Parent Relationship": "Outer","Parallel Aware": false,"Async Capable": false,"Startup Cost": 146235.69,"Total Cost": 150175.70,"Plan Rows": 315201,"Plan Width": 44,"Actual Startup Time": 520.648,"Actual Total Time": 544.418,"Actual Rows": 11408,"Actual Loops": 1,"Group Key": ["lineitem.l_orderkey", "orders.o_orderdate", "orders.o_shippriority"],"Planned Partitions": 0,"HashAgg Batches": 1,"Peak Memory Usage": 20497,"Disk Usage": 0,"Plans": [{"Node Type": "Gather","Parent Relationship": "Outer","Parallel Aware": false,"Async Capable": false,"Startup Cost": 5522.96,"Total Cost": 141507.67,"Plan Rows": 315201,"Plan Width": 24,"Actual Startup Time": 33.771,"Actual Total Time": 496.500,"Actual Rows": 30232,"Actual Loops": 1,"Workers Planned": 3,"Workers Launched": 3,"Single Copy": false,"Plans": [{"Node Type": "Nested Loop","Parent Relationship": "Outer","Parallel Aware": false,"Async Capable": false,"Join Type": "Inner","Startup Cost": 4522.96,"Total Cost": 108987.57,"Plan Rows": 101678,"Plan Width": 24,"Actual Startup Time": 26.491,"Actual Total Time": 503.301,"Actual Rows": 7558,"Actual Loops": 4,"Inner Unique": false,"Workers": [],"Plans": [{"Node Type": "Hash Join","Parent Relationship": "Outer","Parallel Aware": true,"Async Capable": false,"Join Type": "Inner","Startup Cost": 4522.52,"Total Cost": 37277.83,"Plan Rows": 46629,"Plan Width": 12,"Actual Startup Time": 26.323,"Actual Total Time": 222.550,"Actual Rows": 35938,"Actual Loops": 4,"Inner Unique": true,"Hash Cond": "(orders.o_custkey = customer.c_custkey)","Workers": [],"Plans": [{"Node Type": "Seq Scan","Parent Relationship": "Outer","Parallel Aware": true,"Async Capable": false,"Relation Name": "orders","Alias": "orders","Startup Cost": 0.00,"Total Cost": 32143.39,"Plan Rows": 233104,"Plan Width": 16,"Actual Startup Time": 0.012,"Actual Total Time": 145.882,"Actual Rows": 180099,"Actual Loops": 4,"Filter": "(o_orderdate < '1995-03-04'::date)","Rows Removed by Filter": 194901,"Workers": []},{"Node Type": "Hash","Parent Relationship": "Inner","Parallel Aware": true,"Async Capable": false,"Startup Cost": 4366.25,"Total Cost": 4366.25,"Plan Rows": 12502,"Plan Width": 4,"Actual Startup Time": 25.900,"Actual Total Time": 25.906,"Actual Rows": 7547,"Actual Loops": 4,"Hash Buckets": 32768,"Original Hash Buckets": 32768,"Hash Batches": 1,"Original Hash Batches": 1,"Peak Memory Usage": 1472,"Workers": [],"Plans": [{"Node Type": "Seq Scan","Parent Relationship": "Outer","Parallel Aware": true,"Async Capable": false,"Relation Name": "customer","Alias": "customer","Startup Cost": 0.00,"Total Cost": 4366.25,"Plan Rows": 12502,"Plan Width": 4,"Actual Startup Time": 0.026,"Actual Total Time": 22.580,"Actual Rows": 7547,"Actual Loops": 4,"Filter": "(c_mktsegment = 'HOUSEHOLD'::bpchar)","Rows Removed by Filter": 29953,"Workers": []}]}]},{"Node Type": "Index Scan","Parent Relationship": "Inner","Parallel Aware": false,"Async Capable": false,"Scan Direction": "Forward","Index Name": "idx_lineitem_orderkey","Relation Name": "lineitem","Alias": "lineitem","Startup Cost": 0.43,"Total Cost": 1.45,"Plan Rows": 9,"Plan Width": 16,"Actual Startup Time": 0.007,"Actual Total Time": 0.008,"Actual Rows": 0,"Actual Loops": 143751,"Index Cond": "(l_orderkey = orders.o_orderkey)","Rows Removed by Index Recheck": 0,"Filter": "(l_shipdate > '1995-03-04'::date)","Rows Removed by Filter": 4,"Workers": []}]}]}]}]},"Planning Time": 5.364,"Triggers": [],"Execution Time": 566.893}]
[{"Plan": {"Node Type": "Sort","Parallel Aware": false,"Async Capable": false,"Startup Cost": 177643.48,"Total Cost": 178424.65,"Plan Rows": 312468,"Plan Width": 44,"Actual Startup Time": 545.393,"Actual Total Time": 556.336,"Actual Rows": 11601,"Actual Loops": 1,"Sort Key": ["(sum((lineitem.l_extendedprice * ('1'::numeric - lineitem.l_discount)))) DESC", "orders.o_orderdate"],"Sort Method": "quicksort","Sort Space Used": 1110,"Sort Space Type": "Memory","Plans": [{"Node Type": "Aggregate","Strategy": "Hashed","Partial Mode": "Simple","Parent Relationship": "Outer","Parallel Aware": false,"Async Capable": false,"Startup Cost": 145219.70,"Total Cost": 149125.55,"Plan Rows": 312468,"Plan Width": 44,"Actual Startup Time": 523.074,"Actual Total Time": 548.136,"Actual Rows": 11601,"Actual Loops": 1,"Group Key": ["lineitem.l_orderkey", "orders.o_orderdate", "orders.o_shippriority"],"Planned Partitions": 0,"HashAgg Batches": 1,"Peak Memory Usage": 20497,"Disk Usage": 0,"Plans": [{"Node Type": "Gather","Parent Relationship": "Outer","Parallel Aware": false,"Async Capable": false,"Startup Cost": 5521.58,"Total Cost": 140532.68,"Plan Rows": 312468,"Plan Width": 24,"Actual Startup Time": 32.689,"Actual Total Time": 499.632,"Actual Rows": 30573,"Actual Loops": 1,"Workers Planned": 3,"Workers Launched": 3,"Single Copy": false,"Plans": [{"Node Type": "Nested Loop","Parent Relationship": "Outer","Parallel Aware": false,"Async Capable": false,"Join Type": "Inner","Startup Cost": 4521.58,"Total Cost": 108285.88,"Plan Rows": 100796,"Plan Width": 24,"Actual Startup Time": 25.878,"Actual Total Time": 505.492,"Actual Rows": 7643,"Actual Loops": 4,"Inner Unique": false,"Workers": [],"Plans": [{"Node Type": "Hash Join","Parent Relationship": "Outer","Parallel Aware": true,"Async Capable": false,"Join Type": "Inner","Startup Cost": 4521.15,"Total Cost": 37275.45,"Plan Rows": 46141,"Plan Width": 12,"Actual Startup Time": 25.662,"Actual Total Time": 222.573,"Actual Rows": 36360,"Actual Loops": 4,"Inner Unique": true,"Hash Cond": "(orders.o_custkey = customer.c_custkey)","Workers": [],"Plans": [{"Node Type": "Seq Scan","Parent Relationship": "Outer","Parallel Aware": true,"Async Capable": false,"Relation Name": "orders","Alias": "orders","Startup Cost": 0.00,"Total Cost": 32143.39,"Plan Rows": 232722,"Plan Width": 16,"Actual Startup Time": 0.013,"Actual Total Time": 143.972,"Actual Rows": 179789,"Actual Loops": 4,"Filter": "(o_orderdate < '1995-03-02'::date)","Rows Removed by Filter": 195211,"Workers": []},{"Node Type": "Hash","Parent Relationship": "Inner","Parallel Aware": true,"Async Capable": false,"Startup Cost": 4366.25,"Total Cost": 4366.25,"Plan Rows": 12392,"Plan Width": 4,"Actual Startup Time": 25.240,"Actual Total Time": 25.243,"Actual Rows": 7536,"Actual Loops": 4,"Hash Buckets": 32768,"Original Hash Buckets": 32768,"Hash Batches": 1,"Original Hash Batches": 1,"Peak Memory Usage": 1504,"Workers": [],"Plans": [{"Node Type": "Seq Scan","Parent Relationship": "Outer","Parallel Aware": true,"Async Capable": false,"Relation Name": "customer","Alias": "customer","Startup Cost": 0.00,"Total Cost": 4366.25,"Plan Rows": 12392,"Plan Width": 4,"Actual Startup Time": 0.041,"Actual Total Time": 21.517,"Actual Rows": 7536,"Actual Loops": 4,"Filter": "(c_mktsegment = 'BUILDING'::bpchar)","Rows Removed by Filter": 29964,"Workers": []}]}]},{"Node Type": "Index Scan","Parent Relationship": "Inner","Parallel Aware": false,"Async Capable": false,"Scan Direction": "Forward","Index Name": "idx_lineitem_orderkey","Relation Name": "lineitem","Alias": "lineitem","Startup Cost": 0.43,"Total Cost": 1.45,"Plan Rows": 9,"Plan Width": 16,"Actual Startup Time": 0.007,"Actual Total Time": 0.008,"Actual Rows": 0,"Actual Loops": 145438,"Index Cond": "(l_orderkey = orders.o_orderkey)","Rows Removed by Index Recheck": 0,"Filter": "(l_shipdate > '1995-03-02'::date)","Rows Removed by Filter": 4,"Workers": []}]}]}]}]},"Planning Time": 6.706,"Triggers": [],"Execution Time": 568.487}]
[{"Plan": {"Node Type": "Sort","Parallel Aware": false,"Async Capable": false,"Startup Cost": 182851.65,"Total Cost": 183656.18,"Plan Rows": 321813,"Plan Width": 44,"Actual Startup Time": 521.005,"Actual Total Time": 532.461,"Actual Rows": 11451,"Actual Loops": 1,"Sort Key": ["(sum((lineitem.l_extendedprice * ('1'::numeric - lineitem.l_discount)))) DESC", "orders.o_orderdate"],"Sort Method": "quicksort","Sort Space Used": 1100,"Sort Space Type": "Memory","Plans": [{"Node Type": "Aggregate","Strategy": "Hashed","Partial Mode": "Simple","Parent Relationship": "Outer","Parallel Aware": false,"Async Capable": false,"Startup Cost": 149389.75,"Total Cost": 153412.41,"Plan Rows": 321813,"Plan Width": 44,"Actual Startup Time": 497.938,"Actual Total Time": 524.848,"Actual Rows": 11451,"Actual Loops": 1,"Group Key": ["lineitem.l_orderkey", "orders.o_orderdate", "orders.o_shippriority"],"Planned Partitions": 0,"HashAgg Batches": 1,"Peak Memory Usage": 20497,"Disk Usage": 0,"Plans": [{"Node Type": "Gather","Parent Relationship": "Outer","Parallel Aware": false,"Async Capable": false,"Startup Cost": 5526.18,"Total Cost": 144562.56,"Plan Rows": 321813,"Plan Width": 24,"Actual Startup Time": 29.001,"Actual Total Time": 478.504,"Actual Rows": 30426,"Actual Loops": 1,"Workers Planned": 3,"Workers Launched": 3,"Single Copy": false,"Plans": [{"Node Type": "Nested Loop","Parent Relationship": "Outer","Parallel Aware": false,"Async Capable": false,"Join Type": "Inner","Startup Cost": 4526.18,"Total Cost": 111381.26,"Plan Rows": 103811,"Plan Width": 24,"Actual Startup Time": 22.158,"Actual Total Time": 481.498,"Actual Rows": 7606,"Actual Loops": 4,"Inner Unique": false,"Workers": [],"Plans": [{"Node Type": "Hash Join","Parent Relationship": "Outer","Parallel Aware": true,"Async Capable": false,"Join Type": "Inner","Startup Cost": 4525.75,"Total Cost": 37294.42,"Plan Rows": 48631,"Plan Width": 12,"Actual Startup Time": 21.953,"Actual Total Time": 205.225,"Actual Rows": 36694,"Actual Loops": 4,"Inner Unique": true,"Hash Cond": "(orders.o_custkey = customer.c_custkey)","Workers": [],"Plans": [{"Node Type": "Seq Scan","Parent Relationship": "Outer","Parallel Aware": true,"Async Capable": false,"Relation Name": "orders","Alias": "orders","Startup Cost": 0.00,"Total Cost": 32143.39,"Plan Rows": 238193,"Plan Width": 16,"Actual Startup Time": 0.013,"Actual Total Time": 136.405,"Actual Rows": 183845,"Actual Loops": 4,"Filter": "(o_orderdate < '1995-03-28'::date)","Rows Removed by Filter": 191155,"Workers": []},{"Node Type": "Hash","Parent Relationship": "Inner","Parallel Aware": true,"Async Capable": false,"Startup Cost": 4366.25,"Total Cost": 4366.25,"Plan Rows": 12760,"Plan Width": 4,"Actual Startup Time": 21.498,"Actual Total Time": 21.502,"Actual Rows": 7492,"Actual Loops": 4,"Hash Buckets": 32768,"Original Hash Buckets": 32768,"Hash Batches": 1,"Original Hash Batches": 1,"Peak Memory Usage": 1504,"Workers": [],"Plans": [{"Node Type": "Seq Scan","Parent Relationship": "Outer","Parallel Aware": true,"Async Capable": false,"Relation Name": "customer","Alias": "customer","Startup Cost": 0.00,"Total Cost": 4366.25,"Plan Rows": 12760,"Plan Width": 4,"Actual Startup Time": 0.035,"Actual Total Time": 18.553,"Actual Rows": 7492,"Actual Loops": 4,"Filter": "(c_mktsegment = 'FURNITURE'::bpchar)","Rows Removed by Filter": 30008,"Workers": []}]}]},{"Node Type": "Index Scan","Parent Relationship": "Inner","Parallel Aware": false,"Async Capable": false,"Scan Direction": "Forward","Index Name": "idx_lineitem_orderkey","Relation Name": "lineitem","Alias": "lineitem","Startup Cost": 0.43,"Total Cost": 1.43,"Plan Rows": 9,"Plan Width": 16,"Actual Startup Time": 0.007,"Actual Total Time": 0.007,"Actual Rows": 0,"Actual Loops": 146777,"Index Cond": "(l_orderkey = orders.o_orderkey)","Rows Removed by Index Recheck": 0,"Filter": "(l_shipdate > '1995-03-28'::date)","Rows Removed by Filter": 4,"Workers": []}]}]}]}]},"Planning Time": 5.739,"Triggers": [],"Execution Time": 546.429}]
[{"Plan": {"Node Type": "Sort","Parallel Aware": false,"Async Capable": false,"Startup Cost": 179374.31,"Total Cost": 180162.24,"Plan Rows": 315173,"Plan Width": 44,"Actual Startup Time": 535.397,"Actual Total Time": 546.721,"Actual Rows": 11271,"Actual Loops": 1,"Sort Key": ["(sum((lineitem.l_extendedprice * ('1'::numeric - lineitem.l_discount)))) DESC", "orders.o_orderdate"],"Sort Method": "quicksort","Sort Space Used": 1089,"Sort Space Type": "Memory","Plans": [{"Node Type": "Aggregate","Strategy": "Hashed","Partial Mode": "Simple","Parent Relationship": "Outer","Parallel Aware": false,"Async Capable": false,"Startup Cost": 146650.23,"Total Cost": 150589.90,"Plan Rows": 315173,"Plan Width": 44,"Actual Startup Time": 513.885,"Actual Total Time": 538.329,"Actual Rows": 11271,"Actual Loops": 1,"Group Key": ["lineitem.l_orderkey", "orders.o_orderdate", "orders.o_shippriority"],"Planned Partitions": 0,"HashAgg Batches": 1,"Peak Memory Usage": 20497,"Disk Usage": 0,"Plans": [{"Node Type": "Gather","Parent Relationship": "Outer","Parallel Aware": false,"Async Capable": false,"Startup Cost": 5522.86,"Total Cost": 141922.64,"Plan Rows": 315173,"Plan Width": 24,"Actual Startup Time": 32.931,"Actual Total Time": 491.728,"Actual Rows": 29829,"Actual Loops": 1,"Workers Planned": 3,"Workers Launched": 3,"Single Copy": false,"Plans": [{"Node Type": "Nested Loop","Parent Relationship": "Outer","Parallel Aware": false,"Async Capable": false,"Join Type": "Inner","Startup Cost": 4522.86,"Total Cost": 109405.34,"Plan Rows": 101669,"Plan Width": 24,"Actual Startup Time": 25.974,"Actual Total Time": 496.683,"Actual Rows": 7457,"Actual Loops": 4,"Inner Unique": false,"Workers": [],"Plans": [{"Node Type": "Hash Join","Parent Relationship": "Outer","Parallel Aware": true,"Async Capable": false,"Join Type": "Inner","Startup Cost": 4522.43,"Total Cost": 37284.73,"Plan Rows": 47130,"Plan Width": 12,"Actual Startup Time": 25.659,"Actual Total Time": 218.069,"Actual Rows": 36335,"Actual Loops": 4,"Inner Unique": true,"Hash Cond": "(orders.o_custkey = customer.c_custkey)","Workers": [],"Plans": [{"Node Type": "Seq Scan","Parent Relationship": "Outer","Parallel Aware": true,"Async Capable": false,"Relation Name": "orders","Alias": "orders","Startup Cost": 0.00,"Total Cost": 32143.39,"Plan Rows": 235768,"Plan Width": 16,"Actual Startup Time": 0.010,"Actual Total Time": 141.428,"Actual Rows": 181977,"Actual Loops": 4,"Filter": "(o_orderdate < '1995-03-16'::date)","Rows Removed by Filter": 193023,"Workers": []},{"Node Type": "Hash","Parent Relationship": "Inner","Parallel Aware": true,"Async Capable": false,"Startup Cost": 4366.25,"Total Cost": 4366.25,"Plan Rows": 12494,"Plan Width": 4,"Actual Startup Time": 25.261,"Actual Total Time": 25.267,"Actual Rows": 7487,"Actual Loops": 4,"Hash Buckets": 32768,"Original Hash Buckets": 32768,"Hash Batches": 1,"Original Hash Batches": 1,"Peak Memory Usage": 1504,"Workers": [],"Plans": [{"Node Type": "Seq Scan","Parent Relationship": "Outer","Parallel Aware": true,"Async Capable": false,"Relation Name": "customer","Alias": "customer","Startup Cost": 0.00,"Total Cost": 4366.25,"Plan Rows": 12494,"Plan Width": 4,"Actual Startup Time": 0.028,"Actual Total Time": 21.358,"Actual Rows": 7487,"Actual Loops": 4,"Filter": "(c_mktsegment = 'MACHINERY'::bpchar)","Rows Removed by Filter": 30013,"Workers": []}]}]},{"Node Type": "Index Scan","Parent Relationship": "Inner","Parallel Aware": false,"Async Capable": false,"Scan Direction": "Forward","Index Name": "idx_lineitem_orderkey","Relation Name": "lineitem","Alias": "lineitem","Startup Cost": 0.43,"Total Cost": 1.44,"Plan Rows": 9,"Plan Width": 16,"Actual Startup Time": 0.007,"Actual Total Time": 0.007,"Actual Rows": 0,"Actual Loops": 145340,"Index Cond": "(l_orderkey = orders.o_orderkey)","Rows Removed by Index Recheck": 0,"Filter": "(l_shipdate > '1995-03-16'::date)","Rows Removed by Filter": 4,"Workers": []}]}]}]}]},"Planning Time": 6.773,"Triggers": [],"Execution Time": 558.880}]
[{"Plan": {"Node Type": "Sort","Parallel Aware": false,"Async Capable": false,"Startup Cost": 178784.05,"Total Cost": 179571.72,"Plan Rows": 315068,"Plan Width": 44,"Actual Startup Time": 536.730,"Actual Total Time": 545.090,"Actual Rows": 11378,"Actual Loops": 1,"Sort Key": ["(sum((lineitem.l_extendedprice * ('1'::numeric - lineitem.l_discount)))) DESC", "orders.o_orderdate"],"Sort Method": "quicksort","Sort Space Used": 1096,"Sort Space Type": "Memory","Plans": [{"Node Type": "Aggregate","Strategy": "Hashed","Partial Mode": "Simple","Parent Relationship": "Outer","Parallel Aware": false,"Async Capable": false,"Startup Cost": 146071.64,"Total Cost": 150009.99,"Plan Rows": 315068,"Plan Width": 44,"Actual Startup Time": 514.532,"Actual Total Time": 538.964,"Actual Rows": 11378,"Actual Loops": 1,"Group Key": ["lineitem.l_orderkey", "orders.o_orderdate", "orders.o_shippriority"],"Planned Partitions": 0,"HashAgg Batches": 1,"Peak Memory Usage": 20497,"Disk Usage": 0,"Plans": [{"Node Type": "Gather","Parent Relationship": "Outer","Parallel Aware": false,"Async Capable": false,"Startup Cost": 5522.86,"Total Cost": 141345.62,"Plan Rows": 315068,"Plan Width": 24,"Actual Startup Time": 32.007,"Actual Total Time": 493.485,"Actual Rows": 30030,"Actual Loops": 1,"Workers Planned": 3,"Workers Launched": 3,"Single Copy": false,"Plans": [{"Node Type": "Nested Loop","Parent Relationship": "Outer","Parallel Aware": false,"Async Capable": false,"Join Type": "Inner","Startup Cost": 4522.86,"Total Cost": 108838.82,"Plan Rows": 101635,"Plan Width": 24,"Actual Startup Time": 24.542,"Actual Total Time": 497.513,"Actual Rows": 7508,"Actual Loops": 4,"Inner Unique": false,"Workers": [],"Plans": [{"Node Type": "Hash Join","Parent Relationship": "Outer","Parallel Aware": true,"Async Capable": false,"Join Type": "Inner","Startup Cost": 4522.43,"Total Cost": 37276.23,"Plan Rows": 46483,"Plan Width": 12,"Actual Startup Time": 24.314,"Actual Total Time": 216.994,"Actual Rows": 35880,"Actual Loops": 4,"Inner Unique": true,"Hash Cond": "(orders.o_custkey = customer.c_custkey)","Workers": [],"Plans": [{"Node Type": "Seq Scan","Parent Relationship": "Outer","Parallel Aware": true,"Async Capable": false,"Relation Name": "orders","Alias": "orders","Startup Cost": 0.00,"Total Cost": 32143.39,"Plan Rows": 232531,"Plan Width": 16,"Actual Startup Time": 0.013,"Actual Total Time": 143.368,"Actual Rows": 179631,"Actual Loops": 4,"Filter": "(o_orderdate < '1995-03-01'::date)","Rows Removed by Filter": 195369,"Workers": []},{"Node Type": "Hash","Parent Relationship": "Inner","Parallel Aware": true,"Async Capable": false,"Startup Cost": 4366.25,"Total Cost": 4366.25,"Plan Rows": 12494,"Plan Width": 4,"Actual Startup Time": 23.826,"Actual Total Time": 23.829,"Actual Rows": 7487,"Actual Loops": 4,"Hash Buckets": 32768,"Original Hash Buckets": 32768,"Hash Batches": 1,"Original Hash Batches": 1,"Peak Memory Usage": 1536,"Workers": [],"Plans": [{"Node Type": "Seq Scan","Parent Relationship": "Outer","Parallel Aware": true,"Async Capable": false,"Relation Name": "customer","Alias": "customer","Startup Cost": 0.00,"Total Cost": 4366.25,"Plan Rows": 12494,"Plan Width": 4,"Actual Startup Time": 0.039,"Actual Total Time": 20.549,"Actual Rows": 7487,"Actual Loops": 4,"Filter": "(c_mktsegment = 'MACHINERY'::bpchar)","Rows Removed by Filter": 30013,"Workers": []}]}]},{"Node Type": "Index Scan","Parent Relationship": "Inner","Parallel Aware": false,"Async Capable": false,"Scan Direction": "Forward","Index Name": "idx_lineitem_orderkey","Relation Name": "lineitem","Alias": "lineitem","Startup Cost": 0.43,"Total Cost": 1.45,"Plan Rows": 9,"Plan Width": 16,"Actual Startup Time": 0.007,"Actual Total Time": 0.008,"Actual Rows": 0,"Actual Loops": 143520,"Index Cond": "(l_orderkey = orders.o_orderkey)","Rows Removed by Index Recheck": 0,"Filter": "(l_shipdate > '1995-03-01'::date)","Rows Removed by Filter": 4,"Workers": []}]}]}]}]},"Planning Time": 5.739,"Triggers": [],"Execution Time": 560.697}]
[{"Plan": {"Node Type": "Sort","Parallel Aware": false,"Async Capable": false,"Startup Cost": 179316.37,"Total Cost": 180104.40,"Plan Rows": 315210,"Plan Width": 44,"Actual Startup Time": 516.923,"Actual Total Time": 528.322,"Actual Rows": 11296,"Actual Loops": 1,"Sort Key": ["(sum((lineitem.l_extendedprice * ('1'::numeric - lineitem.l_discount)))) DESC", "orders.o_orderdate"],"Sort Method": "quicksort","Sort Space Used": 1091,"Sort Space Type": "Memory","Plans": [{"Node Type": "Aggregate","Strategy": "Hashed","Partial Mode": "Simple","Parent Relationship": "Outer","Parallel Aware": false,"Async Capable": false,"Startup Cost": 146588.19,"Total Cost": 150528.32,"Plan Rows": 315210,"Plan Width": 44,"Actual Startup Time": 496.090,"Actual Total Time": 520.926,"Actual Rows": 11296,"Actual Loops": 1,"Group Key": ["lineitem.l_orderkey", "orders.o_orderdate", "orders.o_shippriority"],"Planned Partitions": 0,"HashAgg Batches": 1,"Peak Memory Usage": 20497,"Disk Usage": 0,"Plans": [{"Node Type": "Gather","Parent Relationship": "Outer","Parallel Aware": false,"Async Capable": false,"Startup Cost": 5522.86,"Total Cost": 141860.04,"Plan Rows": 315210,"Plan Width": 24,"Actual Startup Time": 29.560,"Actual Total Time": 476.557,"Actual Rows": 29880,"Actual Loops": 1,"Workers Planned": 3,"Workers Launched": 3,"Single Copy": false,"Plans": [{"Node Type": "Nested Loop","Parent Relationship": "Outer","Parallel Aware": false,"Async Capable": false,"Join Type": "Inner","Startup Cost": 4522.86,"Total Cost": 109339.04,"Plan Rows": 101681,"Plan Width": 24,"Actual Startup Time": 22.210,"Actual Total Time": 479.273,"Actual Rows": 7470,"Actual Loops": 4,"Inner Unique": false,"Workers": [],"Plans": [{"Node Type": "Hash Join","Parent Relationship": "Outer","Parallel Aware": true,"Async Capable": false,"Join Type": "Inner","Startup Cost": 4522.43,"Total Cost": 37283.72,"Plan Rows": 47054,"Plan Width": 12,"Actual Startup Time": 21.994,"Actual Total Time": 205.187,"Actual Rows": 36274,"Actual Loops": 4,"Inner Unique": true,"Hash Cond": "(orders.o_custkey = customer.c_custkey)","Workers": [],"Plans": [{"Node Type": "Seq Scan","Parent Relationship": "Outer","Parallel Aware": true,"Async Capable": false,"Relation Name": "orders","Alias": "orders","Startup Cost": 0.00,"Total Cost": 32143.39,"Plan Rows": 235386,"Plan Width": 16,"Actual Startup Time": 0.013,"Actual Total Time": 137.586,"Actual Rows": 181666,"Actual Loops": 4,"Filter": "(o_orderdate < '1995-03-14'::date)","Rows Removed by Filter": 193334,"Workers": []},{"Node Type": "Hash","Parent Relationship": "Inner","Parallel Aware": true,"Async Capable": false,"Startup Cost": 4366.25,"Total Cost": 4366.25,"Plan Rows": 12494,"Plan Width": 4,"Actual Startup Time": 21.524,"Actual Total Time": 21.528,"Actual Rows": 7487,"Actual Loops": 4,"Hash Buckets": 32768,"Original Hash Buckets": 32768,"Hash Batches": 1,"Original Hash Batches": 1,"Peak Memory Usage": 1504,"Workers": [],"Plans": [{"Node Type": "Seq Scan","Parent Relationship": "Outer","Parallel Aware": true,"Async Capable": false,"Relation Name": "customer","Alias": "customer","Startup Cost": 0.00,"Total Cost": 4366.25,"Plan Rows": 12494,"Plan Width": 4,"Actual Startup Time": 0.036,"Actual Total Time": 18.448,"Actual Rows": 7487,"Actual Loops": 4,"Filter": "(c_mktsegment = 'MACHINERY'::bpchar)","Rows Removed by Filter": 30013,"Workers": []}]}]},{"Node Type": "Index Scan","Parent Relationship": "Inner","Parallel Aware": false,"Async Capable": false,"Scan Direction": "Forward","Index Name": "idx_lineitem_orderkey","Relation Name": "lineitem","Alias": "lineitem","Startup Cost": 0.43,"Total Cost": 1.44,"Plan Rows": 9,"Plan Width": 16,"Actual Startup Time": 0.007,"Actual Total Time": 0.007,"Actual Rows": 0,"Actual Loops": 145097,"Index Cond": "(l_orderkey = orders.o_orderkey)","Rows Removed by Index Recheck": 0,"Filter": "(l_shipdate > '1995-03-14'::date)","Rows Removed by Filter": 4,"Workers": []}]}]}]}]},"Planning Time": 5.688,"Triggers": [],"Execution Time": 541.546}]
[{"Plan": {"Node Type": "Sort","Parallel Aware": false,"Async Capable": false,"Startup Cost": 179886.06,"Total Cost": 180673.76,"Plan Rows": 315079,"Plan Width": 44,"Actual Startup Time": 531.697,"Actual Total Time": 540.119,"Actual Rows": 11272,"Actual Loops": 1,"Sort Key": ["(sum((lineitem.l_extendedprice * ('1'::numeric - lineitem.l_discount)))) DESC", "orders.o_orderdate"],"Sort Method": "quicksort","Sort Space Used": 1089,"Sort Space Type": "Memory","Plans": [{"Node Type": "Aggregate","Strategy": "Hashed","Partial Mode": "Simple","Parent Relationship": "Outer","Parallel Aware": false,"Async Capable": false,"Startup Cost": 147172.42,"Total Cost": 151110.91,"Plan Rows": 315079,"Plan Width": 44,"Actual Startup Time": 509.142,"Actual Total Time": 534.346,"Actual Rows": 11272,"Actual Loops": 1,"Group Key": ["lineitem.l_orderkey", "orders.o_orderdate", "orders.o_shippriority"],"Planned Partitions": 0,"HashAgg Batches": 1,"Peak Memory Usage": 20497,"Disk Usage": 0,"Plans": [{"Node Type": "Gather","Parent Relationship": "Outer","Parallel Aware": false,"Async Capable": false,"Startup Cost": 5522.86,"Total Cost": 142446.24,"Plan Rows": 315079,"Plan Width": 24,"Actual Startup Time": 31.197,"Actual Total Time": 488.366,"Actual Rows": 29866,"Actual Loops": 1,"Workers Planned": 3,"Workers Launched": 3,"Single Copy": false,"Plans": [{"Node Type": "Nested Loop","Parent Relationship": "Outer","Parallel Aware": false,"Async Capable": false,"Join Type": "Inner","Startup Cost": 4522.86,"Total Cost": 109938.34,"Plan Rows": 101638,"Plan Width": 24,"Actual Startup Time": 24.413,"Actual Total Time": 492.775,"Actual Rows": 7466,"Actual Loops": 4,"Inner Unique": false,"Workers": [],"Plans": [{"Node Type": "Hash Join","Parent Relationship": "Outer","Parallel Aware": true,"Async Capable": false,"Join Type": "Inner","Startup Cost": 4522.43,"Total Cost": 37292.73,"Plan Rows": 47739,"Plan Width": 12,"Actual Startup Time": 24.105,"Actual Total Time": 210.579,"Actual Rows": 36803,"Actual Loops": 4,"Inner Unique": true,"Hash Cond": "(orders.o_custkey = customer.c_custkey)","Workers": [],"Plans": [{"Node Type": "Seq Scan","Parent Relationship": "Outer","Parallel Aware": true,"Async Capable": false,"Relation Name": "orders","Alias": "orders","Startup Cost": 0.00,"Total Cost": 32143.39,"Plan Rows": 238816,"Plan Width": 16,"Actual Startup Time": 0.011,"Actual Total Time": 140.832,"Actual Rows": 184291,"Actual Loops": 4,"Filter": "(o_orderdate < '1995-03-31'::date)","Rows Removed by Filter": 190709,"Workers": []},{"Node Type": "Hash","Parent Relationship": "Inner","Parallel Aware": true,"Async Capable": false,"Startup Cost": 4366.25,"Total Cost": 4366.25,"Plan Rows": 12494,"Plan Width": 4,"Actual Startup Time": 23.642,"Actual Total Time": 23.646,"Actual Rows": 7487,"Actual Loops": 4,"Hash Buckets": 32768,"Original Hash Buckets": 32768,"Hash Batches": 1,"Original Hash Batches": 1,"Peak Memory Usage": 1504,"Workers": [],"Plans": [{"Node Type": "Seq Scan","Parent Relationship": "Outer","Parallel Aware": true,"Async Capable": false,"Relation Name": "customer","Alias": "customer","Startup Cost": 0.00,"Total Cost": 4366.25,"Plan Rows": 12494,"Plan Width": 4,"Actual Startup Time": 0.040,"Actual Total Time": 20.509,"Actual Rows": 7487,"Actual Loops": 4,"Filter": "(c_mktsegment = 'MACHINERY'::bpchar)","Rows Removed by Filter": 30013,"Workers": []}]}]},{"Node Type": "Index Scan","Parent Relationship": "Inner","Parallel Aware": false,"Async Capable": false,"Scan Direction": "Forward","Index Name": "idx_lineitem_orderkey","Relation Name": "lineitem","Alias": "lineitem","Startup Cost": 0.43,"Total Cost": 1.43,"Plan Rows": 9,"Plan Width": 16,"Actual Startup Time": 0.007,"Actual Total Time": 0.007,"Actual Rows": 0,"Actual Loops": 147213,"Index Cond": "(l_orderkey = orders.o_orderkey)","Rows Removed by Index Recheck": 0,"Filter": "(l_shipdate > '1995-03-31'::date)","Rows Removed by Filter": 4,"Workers": []}]}]}]}]},"Planning Time": 5.596,"Triggers": [],"Execution Time": 554.219}]
[{"Plan": {"Node Type": "Sort","Parallel Aware": false,"Async Capable": false,"Startup Cost": 178005.77,"Total Cost": 178784.57,"Plan Rows": 311521,"Plan Width": 44,"Actual Startup Time": 537.846,"Actual Total Time": 547.821,"Actual Rows": 11437,"Actual Loops": 1,"Sort Key": ["(sum((lineitem.l_extendedprice * ('1'::numeric - lineitem.l_discount)))) DESC", "orders.o_orderdate"],"Sort Method": "quicksort","Sort Space Used": 1099,"Sort Space Type": "Memory","Plans": [{"Node Type": "Aggregate","Strategy": "Hashed","Partial Mode": "Simple","Parent Relationship": "Outer","Parallel Aware": false,"Async Capable": false,"Startup Cost": 145687.07,"Total Cost": 149581.08,"Plan Rows": 311521,"Plan Width": 44,"Actual Startup Time": 515.858,"Actual Total Time": 539.208,"Actual Rows": 11437,"Actual Loops": 1,"Group Key": ["lineitem.l_orderkey", "orders.o_orderdate", "orders.o_shippriority"],"Planned Partitions": 0,"HashAgg Batches": 1,"Peak Memory Usage": 20497,"Disk Usage": 0,"Plans": [{"Node Type": "Gather","Parent Relationship": "Outer","Parallel Aware": false,"Async Capable": false,"Startup Cost": 5521.08,"Total Cost": 141014.25,"Plan Rows": 311521,"Plan Width": 24,"Actual Startup Time": 32.689,"Actual Total Time": 491.481,"Actual Rows": 30124,"Actual Loops": 1,"Workers Planned": 3,"Workers Launched": 3,"Single Copy": false,"Plans": [{"Node Type": "Nested Loop","Parent Relationship": "Outer","Parallel Aware": false,"Async Capable": false,"Join Type": "Inner","Startup Cost": 4521.08,"Total Cost": 108862.15,"Plan Rows": 100491,"Plan Width": 24,"Actual Startup Time": 25.859,"Actual Total Time": 498.328,"Actual Rows": 7531,"Actual Loops": 4,"Inner Unique": false,"Workers": [],"Plans": [{"Node Type": "Hash Join","Parent Relationship": "Outer","Parallel Aware": true,"Async Capable": false,"Join Type": "Inner","Startup Cost": 4520.65,"Total Cost": 37287.14,"Plan Rows": 46911,"Plan Width": 12,"Actual Startup Time": 25.365,"Actual Total Time": 218.390,"Actual Rows": 36440,"Actual Loops": 4,"Inner Unique": true,"Hash Cond": "(orders.o_custkey = customer.c_custkey)","Workers": [],"Plans": [{"Node Type": "Seq Scan","Parent Relationship": "Outer","Parallel Aware": true,"Async Capable": false,"Relation Name": "orders","Alias": "orders","Startup Cost": 0.00,"Total Cost": 32143.39,"Plan Rows": 237363,"Plan Width": 16,"Actual Startup Time": 0.014,"Actual Total Time": 142.702,"Actual Rows": 183220,"Actual Loops": 4,"Filter": "(o_orderdate < '1995-03-24'::date)","Rows Removed by Filter": 191780,"Workers": []},{"Node Type": "Hash","Parent Relationship": "Inner","Parallel Aware": true,"Async Capable": false,"Startup Cost": 4366.25,"Total Cost": 4366.25,"Plan Rows": 12352,"Plan Width": 4,"Actual Startup Time": 24.884,"Actual Total Time": 24.891,"Actual Rows": 7438,"Actual Loops": 4,"Hash Buckets": 32768,"Original Hash Buckets": 32768,"Hash Batches": 1,"Original Hash Batches": 1,"Peak Memory Usage": 1504,"Workers": [],"Plans": [{"Node Type": "Seq Scan","Parent Relationship": "Outer","Parallel Aware": true,"Async Capable": false,"Relation Name": "customer","Alias": "customer","Startup Cost": 0.00,"Total Cost": 4366.25,"Plan Rows": 12352,"Plan Width": 4,"Actual Startup Time": 0.048,"Actual Total Time": 21.105,"Actual Rows": 7438,"Actual Loops": 4,"Filter": "(c_mktsegment = 'AUTOMOBILE'::bpchar)","Rows Removed by Filter": 30062,"Workers": []}]}]},{"Node Type": "Index Scan","Parent Relationship": "Inner","Parallel Aware": false,"Async Capable": false,"Scan Direction": "Forward","Index Name": "idx_lineitem_orderkey","Relation Name": "lineitem","Alias": "lineitem","Startup Cost": 0.43,"Total Cost": 1.44,"Plan Rows": 9,"Plan Width": 16,"Actual Startup Time": 0.007,"Actual Total Time": 0.007,"Actual Rows": 0,"Actual Loops": 145762,"Index Cond": "(l_orderkey = orders.o_orderkey)","Rows Removed by Index Recheck": 0,"Filter": "(l_shipdate > '1995-03-24'::date)","Rows Removed by Filter": 4,"Workers": []}]}]}]}]},"Planning Time": 5.306,"Triggers": [],"Execution Time": 560.362}]
[{"Plan": {"Node Type": "Sort","Parallel Aware": false,"Async Capable": false,"Startup Cost": 179345.68,"Total Cost": 180133.66,"Plan Rows": 315193,"Plan Width": 44,"Actual Startup Time": 542.286,"Actual Total Time": 553.440,"Actual Rows": 11281,"Actual Loops": 1,"Sort Key": ["(sum((lineitem.l_extendedprice * ('1'::numeric - lineitem.l_discount)))) DESC", "orders.o_orderdate"],"Sort Method": "quicksort","Sort Space Used": 1090,"Sort Space Type": "Memory","Plans": [{"Node Type": "Aggregate","Strategy": "Hashed","Partial Mode": "Simple","Parent Relationship": "Outer","Parallel Aware": false,"Async Capable": false,"Startup Cost": 146619.38,"Total Cost": 150559.30,"Plan Rows": 315193,"Plan Width": 44,"Actual Startup Time": 519.988,"Actual Total Time": 545.164,"Actual Rows": 11281,"Actual Loops": 1,"Group Key": ["lineitem.l_orderkey", "orders.o_orderdate", "orders.o_shippriority"],"Planned Partitions": 0,"HashAgg Batches": 1,"Peak Memory Usage": 20497,"Disk Usage": 0,"Plans": [{"Node Type": "Gather","Parent Relationship": "Outer","Parallel Aware": false,"Async Capable": false,"Startup Cost": 5522.86,"Total Cost": 141891.49,"Plan Rows": 315193,"Plan Width": 24,"Actual Startup Time": 32.815,"Actual Total Time": 497.443,"Actual Rows": 29857,"Actual Loops": 1,"Workers Planned": 3,"Workers Launched": 3,"Single Copy": false,"Plans": [{"Node Type": "Nested Loop","Parent Relationship": "Outer","Parallel Aware": false,"Async Capable": false,"Join Type": "Inner","Startup Cost": 4522.86,"Total Cost": 109372.19,"Plan Rows": 101675,"Plan Width": 24,"Actual Startup Time": 25.584,"Actual Total Time": 502.763,"Actual Rows": 7464,"Actual Loops": 4,"Inner Unique": false,"Workers": [],"Plans": [{"Node Type": "Hash Join","Parent Relationship": "Outer","Parallel Aware": true,"Async Capable": false,"Join Type": "Inner","Startup Cost": 4522.43,"Total Cost": 37284.22,"Plan Rows": 47092,"Plan Width": 12,"Actual Startup Time": 25.285,"Actual Total Time": 221.250,"Actual Rows": 36304,"Actual Loops": 4,"Inner Unique": true,"Hash Cond": "(orders.o_custkey = customer.c_custkey)","Workers": [],"Plans": [{"Node Type": "Seq Scan","Parent Relationship": "Outer","Parallel Aware": true,"Async Capable": false,"Relation Name": "orders","Alias": "orders","Startup Cost": 0.00,"Total Cost": 32143.39,"Plan Rows": 235577,"Plan Width": 16,"Actual Startup Time": 0.014,"Actual Total Time": 143.461,"Actual Rows": 181826,"Actual Loops": 4,"Filter": "(o_orderdate < '1995-03-15'::date)","Rows Removed by Filter": 193174,"Workers": []},{"Node Type": "Hash","Parent Relationship": "Inner","Parallel Aware": true,"Async Capable": false,"Startup Cost": 4366.25,"Total Cost": 4366.25,"Plan Rows": 12494,"Plan Width": 4,"Actual Startup Time": 24.772,"Actual Total Time": 24.779,"Actual Rows": 7487,"Actual Loops": 4,"Hash Buckets": 32768,"Original Hash Buckets": 32768,"Hash Batches": 1,"Original Hash Batches": 1,"Peak Memory Usage": 1472,"Workers": [],"Plans": [{"Node Type": "Seq Scan","Parent Relationship": "Outer","Parallel Aware": true,"Async Capable": false,"Relation Name": "customer","Alias": "customer","Startup Cost": 0.00,"Total Cost": 4366.25,"Plan Rows": 12494,"Plan Width": 4,"Actual Startup Time": 0.042,"Actual Total Time": 21.057,"Actual Rows": 7487,"Actual Loops": 4,"Filter": "(c_mktsegment = 'MACHINERY'::bpchar)","Rows Removed by Filter": 30013,"Workers": []}]}]},{"Node Type": "Index Scan","Parent Relationship": "Inner","Parallel Aware": false,"Async Capable": false,"Scan Direction": "Forward","Index Name": "idx_lineitem_orderkey","Relation Name": "lineitem","Alias": "lineitem","Startup Cost": 0.43,"Total Cost": 1.44,"Plan Rows": 9,"Plan Width": 16,"Actual Startup Time": 0.007,"Actual Total Time": 0.008,"Actual Rows": 0,"Actual Loops": 145216,"Index Cond": "(l_orderkey = orders.o_orderkey)","Rows Removed by Index Recheck": 0,"Filter": "(l_shipdate > '1995-03-15'::date)","Rows Removed by Filter": 4,"Workers": []}]}]}]}]},"Planning Time": 5.611,"Triggers": [],"Execution Time": 566.378}]
[{"Plan": {"Node Type": "Sort","Parallel Aware": false,"Async Capable": false,"Startup Cost": 178112.73,"Total Cost": 178891.52,"Plan Rows": 311518,"Plan Width": 44,"Actual Startup Time": 522.934,"Actual Total Time": 532.373,"Actual Rows": 11417,"Actual Loops": 1,"Sort Key": ["(sum((lineitem.l_extendedprice * ('1'::numeric - lineitem.l_discount)))) DESC", "orders.o_orderdate"],"Sort Method": "quicksort","Sort Space Used": 1098,"Sort Space Type": "Memory","Plans": [{"Node Type": "Aggregate","Strategy": "Hashed","Partial Mode": "Simple","Parent Relationship": "Outer","Parallel Aware": false,"Async Capable": false,"Startup Cost": 145794.36,"Total Cost": 149688.34,"Plan Rows": 311518,"Plan Width": 44,"Actual Startup Time": 500.103,"Actual Total Time": 524.055,"Actual Rows": 11417,"Actual Loops": 1,"Group Key": ["lineitem.l_orderkey", "orders.o_orderdate", "orders.o_shippriority"],"Planned Partitions": 0,"HashAgg Batches": 1,"Peak Memory Usage": 20497,"Disk Usage": 0,"Plans": [{"Node Type": "Gather","Parent Relationship": "Outer","Parallel Aware": false,"Async Capable": false,"Startup Cost": 5521.08,"Total Cost": 141121.59,"Plan Rows": 311518,"Plan Width": 24,"Actual Startup Time": 28.957,"Actual Total Time": 477.488,"Actual Rows": 30067,"Actual Loops": 1,"Workers Planned": 3,"Workers Launched": 3,"Single Copy": false,"Plans": [{"Node Type": "Nested Loop","Parent Relationship": "Outer","Parallel Aware": false,"Async Capable": false,"Join Type": "Inner","Startup Cost": 4521.08,"Total Cost": 108969.79,"Plan Rows": 100490,"Plan Width": 24,"Actual Startup Time": 21.979,"Actual Total Time": 483.547,"Actual Rows": 7517,"Actual Loops": 4,"Inner Unique": false,"Workers": [],"Plans": [{"Node Type": "Hash Join","Parent Relationship": "Outer","Parallel Aware": true,"Async Capable": false,"Join Type": "Inner","Startup Cost": 4520.65,"Total Cost": 37288.77,"Plan Rows": 47034,"Plan Width": 12,"Actual Startup Time": 21.556,"Actual Total Time": 204.904,"Actual Rows": 36530,"Actual Loops": 4,"Inner Unique": true,"Hash Cond": "(orders.o_custkey = customer.c_custkey)","Workers": [],"Plans": [{"Node Type": "Seq Scan","Parent Relationship": "Outer","Parallel Aware": true,"Async Capable": false,"Relation Name": "orders","Alias": "orders","Startup Cost": 0.00,"Total Cost": 32143.39,"Plan Rows": 237986,"Plan Width": 16,"Actual Startup Time": 0.013,"Actual Total Time": 137.866,"Actual Rows": 183693,"Actual Loops": 4,"Filter": "(o_orderdate < '1995-03-27'::date)","Rows Removed by Filter": 191307,"Workers": []},{"Node Type": "Hash","Parent Relationship": "Inner","Parallel Aware": true,"Async Capable": false,"Startup Cost": 4366.25,"Total Cost": 4366.25,"Plan Rows": 12352,"Plan Width": 4,"Actual Startup Time": 21.074,"Actual Total Time": 21.079,"Actual Rows": 7438,"Actual Loops": 4,"Hash Buckets": 32768,"Original Hash Buckets": 32768,"Hash Batches": 1,"Original Hash Batches": 1,"Peak Memory Usage": 1504,"Workers": [],"Plans": [{"Node Type": "Seq Scan","Parent Relationship": "Outer","Parallel Aware": true,"Async Capable": false,"Relation Name": "customer","Alias": "customer","Startup Cost": 0.00,"Total Cost": 4366.25,"Plan Rows": 12352,"Plan Width": 4,"Actual Startup Time": 0.040,"Actual Total Time": 18.187,"Actual Rows": 7438,"Actual Loops": 4,"Filter": "(c_mktsegment = 'AUTOMOBILE'::bpchar)","Rows Removed by Filter": 30062,"Workers": []}]}]},{"Node Type": "Index Scan","Parent Relationship": "Inner","Parallel Aware": false,"Async Capable": false,"Scan Direction": "Forward","Index Name": "idx_lineitem_orderkey","Relation Name": "lineitem","Alias": "lineitem","Startup Cost": 0.43,"Total Cost": 1.43,"Plan Rows": 9,"Plan Width": 16,"Actual Startup Time": 0.007,"Actual Total Time": 0.007,"Actual Rows": 0,"Actual Loops": 146120,"Index Cond": "(l_orderkey = orders.o_orderkey)","Rows Removed by Index Recheck": 0,"Filter": "(l_shipdate > '1995-03-27'::date)","Rows Removed by Filter": 4,"Workers": []}]}]}]}]},"Planning Time": 5.540,"Triggers": [],"Execution Time": 546.810}]
[{"Plan": {"Node Type": "Sort","Parallel Aware": false,"Async Capable": false,"Startup Cost": 182705.91,"Total Cost": 183510.46,"Plan Rows": 321821,"Plan Width": 44,"Actual Startup Time": 538.252,"Actual Total Time": 548.699,"Actual Rows": 11455,"Actual Loops": 1,"Sort Key": ["(sum((lineitem.l_extendedprice * ('1'::numeric - lineitem.l_discount)))) DESC", "orders.o_orderdate"],"Sort Method": "quicksort","Sort Space Used": 1100,"Sort Space Type": "Memory","Plans": [{"Node Type": "Aggregate","Strategy": "Hashed","Partial Mode": "Simple","Parent Relationship": "Outer","Parallel Aware": false,"Async Capable": false,"Startup Cost": 149243.12,"Total Cost": 153265.89,"Plan Rows": 321821,"Plan Width": 44,"Actual Startup Time": 515.793,"Actual Total Time": 539.031,"Actual Rows": 11455,"Actual Loops": 1,"Group Key": ["lineitem.l_orderkey", "orders.o_orderdate", "orders.o_shippriority"],"Planned Partitions": 0,"HashAgg Batches": 1,"Peak Memory Usage": 20497,"Disk Usage": 0,"Plans": [{"Node Type": "Gather","Parent Relationship": "Outer","Parallel Aware": false,"Async Capable": false,"Startup Cost": 5526.18,"Total Cost": 144415.81,"Plan Rows": 321821,"Plan Width": 24,"Actual Startup Time": 32.971,"Actual Total Time": 490.041,"Actual Rows": 30385,"Actual Loops": 1,"Workers Planned": 3,"Workers Launched": 3,"Single Copy": false,"Plans": [{"Node Type": "Nested Loop","Parent Relationship": "Outer","Parallel Aware": false,"Async Capable": false,"Join Type": "Inner","Startup Cost": 4526.18,"Total Cost": 111233.71,"Plan Rows": 103813,"Plan Width": 24,"Actual Startup Time": 26.134,"Actual Total Time": 498.478,"Actual Rows": 7596,"Actual Loops": 4,"Inner Unique": false,"Workers": [],"Plans": [{"Node Type": "Hash Join","Parent Relationship": "Outer","Parallel Aware": true,"Async Capable": false,"Join Type": "Inner","Startup Cost": 4525.75,"Total Cost": 37292.24,"Plan Rows": 48462,"Plan Width": 12,"Actual Startup Time": 25.945,"Actual Total Time": 218.063,"Actual Rows": 36569,"Actual Loops": 4,"Inner Unique": true,"Hash Cond": "(orders.o_custkey = customer.c_custkey)","Workers": [],"Plans": [{"Node Type": "Seq Scan","Parent Relationship": "Outer","Parallel Aware": true,"Async Capable": false,"Relation Name": "orders","Alias": "orders","Startup Cost": 0.00,"Total Cost": 32143.39,"Plan Rows": 237363,"Plan Width": 16,"Actual Startup Time": 0.013,"Actual Total Time": 140.098,"Actual Rows": 183220,"Actual Loops": 4,"Filter": "(o_orderdate < '1995-03-24'::date)","Rows Removed by Filter": 191780,"Workers": []},{"Node Type": "Hash","Parent Relationship": "Inner","Parallel Aware": true,"Async Capable": false,"Startup Cost": 4366.25,"Total Cost": 4366.25,"Plan Rows": 12760,"Plan Width": 4,"Actual Startup Time": 25.517,"Actual Total Time": 25.522,"Actual Rows": 7492,"Actual Loops": 4,"Hash Buckets": 32768,"Original Hash Buckets": 32768,"Hash Batches": 1,"Original Hash Batches": 1,"Peak Memory Usage": 1472,"Workers": [],"Plans": [{"Node Type": "Seq Scan","Parent Relationship": "Outer","Parallel Aware": true,"Async Capable": false,"Relation Name": "customer","Alias": "customer","Startup Cost": 0.00,"Total Cost": 4366.25,"Plan Rows": 12760,"Plan Width": 4,"Actual Startup Time": 0.042,"Actual Total Time": 21.606,"Actual Rows": 7492,"Actual Loops": 4,"Filter": "(c_mktsegment = 'FURNITURE'::bpchar)","Rows Removed by Filter": 30008,"Workers": []}]}]},{"Node Type": "Index Scan","Parent Relationship": "Inner","Parallel Aware": false,"Async Capable": false,"Scan Direction": "Forward","Index Name": "idx_lineitem_orderkey","Relation Name": "lineitem","Alias": "lineitem","Startup Cost": 0.43,"Total Cost": 1.44,"Plan Rows": 9,"Plan Width": 16,"Actual Startup Time": 0.007,"Actual Total Time": 0.007,"Actual Rows": 0,"Actual Loops": 146275,"Index Cond": "(l_orderkey = orders.o_orderkey)","Rows Removed by Index Recheck": 0,"Filter": "(l_shipdate > '1995-03-24'::date)","Rows Removed by Filter": 4,"Workers": []}]}]}]}]},"Planning Time": 6.196,"Triggers": [],"Execution Time": 561.386}]
[{"Plan": {"Node Type": "Sort","Parallel Aware": false,"Async Capable": false,"Startup Cost": 179804.69,"Total Cost": 180592.94,"Plan Rows": 315303,"Plan Width": 44,"Actual Startup Time": 542.776,"Actual Total Time": 553.211,"Actual Rows": 11336,"Actual Loops": 1,"Sort Key": ["(sum((lineitem.l_extendedprice * ('1'::numeric - lineitem.l_discount)))) DESC", "orders.o_orderdate"],"Sort Method": "quicksort","Sort Space Used": 1093,"Sort Space Type": "Memory","Plans": [{"Node Type": "Aggregate","Strategy": "Hashed","Partial Mode": "Simple","Parent Relationship": "Outer","Parallel Aware": false,"Async Capable": false,"Startup Cost": 147066.18,"Total Cost": 151007.47,"Plan Rows": 315303,"Plan Width": 44,"Actual Startup Time": 520.823,"Actual Total Time": 545.103,"Actual Rows": 11336,"Actual Loops": 1,"Group Key": ["lineitem.l_orderkey", "orders.o_orderdate", "orders.o_shippriority"],"Planned Partitions": 0,"HashAgg Batches": 1,"Peak Memory Usage": 20497,"Disk Usage": 0,"Plans": [{"Node Type": "Gather","Parent Relationship": "Outer","Parallel Aware": false,"Async Capable": false,"Startup Cost": 5522.96,"Total Cost": 142336.63,"Plan Rows": 315303,"Plan Width": 24,"Actual Startup Time": 32.578,"Actual Total Time": 497.024,"Actual Rows": 30040,"Actual Loops": 1,"Workers Planned": 3,"Workers Launched": 3,"Single Copy": false,"Plans": [{"Node Type": "Nested Loop","Parent Relationship": "Outer","Parallel Aware": false,"Async Capable": false,"Join Type": "Inner","Startup Cost": 4522.96,"Total Cost": 109806.33,"Plan Rows": 101711,"Plan Width": 24,"Actual Startup Time": 25.344,"Actual Total Time": 503.386,"Actual Rows": 7510,"Actual Loops": 4,"Inner Unique": false,"Workers": [],"Plans": [{"Node Type": "Hash Join","Parent Relationship": "Outer","Parallel Aware": true,"Async Capable": false,"Join Type": "Inner","Startup Cost": 4522.52,"Total Cost": 37290.10,"Plan Rows": 47564,"Plan Width": 12,"Actual Startup Time": 25.202,"Actual Total Time": 221.429,"Actual Rows": 36624,"Actual Loops": 4,"Inner Unique": true,"Hash Cond": "(orders.o_custkey = customer.c_custkey)","Workers": [],"Plans": [{"Node Type": "Seq Scan","Parent Relationship": "Outer","Parallel Aware": true,"Async Capable": false,"Relation Name": "orders","Alias": "orders","Startup Cost": 0.00,"Total Cost": 32143.39,"Plan Rows": 237778,"Plan Width": 16,"Actual Startup Time": 0.020,"Actual Total Time": 143.854,"Actual Rows": 183522,"Actual Loops": 4,"Filter": "(o_orderdate < '1995-03-26'::date)","Rows Removed by Filter": 191478,"Workers": []},{"Node Type": "Hash","Parent Relationship": "Inner","Parallel Aware": true,"Async Capable": false,"Startup Cost": 4366.25,"Total Cost": 4366.25,"Plan Rows": 12502,"Plan Width": 4,"Actual Startup Time": 24.745,"Actual Total Time": 24.748,"Actual Rows": 7547,"Actual Loops": 4,"Hash Buckets": 32768,"Original Hash Buckets": 32768,"Hash Batches": 1,"Original Hash Batches": 1,"Peak Memory Usage": 1472,"Workers": [],"Plans": [{"Node Type": "Seq Scan","Parent Relationship": "Outer","Parallel Aware": true,"Async Capable": false,"Relation Name": "customer","Alias": "customer","Startup Cost": 0.00,"Total Cost": 4366.25,"Plan Rows": 12502,"Plan Width": 4,"Actual Startup Time": 0.038,"Actual Total Time": 21.032,"Actual Rows": 7547,"Actual Loops": 4,"Filter": "(c_mktsegment = 'HOUSEHOLD'::bpchar)","Rows Removed by Filter": 29953,"Workers": []}]}]},{"Node Type": "Index Scan","Parent Relationship": "Inner","Parallel Aware": false,"Async Capable": false,"Scan Direction": "Forward","Index Name": "idx_lineitem_orderkey","Relation Name": "lineitem","Alias": "lineitem","Startup Cost": 0.43,"Total Cost": 1.43,"Plan Rows": 9,"Plan Width": 16,"Actual Startup Time": 0.007,"Actual Total Time": 0.007,"Actual Rows": 0,"Actual Loops": 146495,"Index Cond": "(l_orderkey = orders.o_orderkey)","Rows Removed by Index Recheck": 0,"Filter": "(l_shipdate > '1995-03-26'::date)","Rows Removed by Filter": 4,"Workers": []}]}]}]}]},"Planning Time": 6.245,"Triggers": [],"Execution Time": 565.304}]
[{"Plan": {"Node Type": "Sort","Parallel Aware": false,"Async Capable": false,"Startup Cost": 181835.24,"Total Cost": 182639.72,"Plan Rows": 321793,"Plan Width": 44,"Actual Startup Time": 534.286,"Actual Total Time": 544.223,"Actual Rows": 11401,"Actual Loops": 1,"Sort Key": ["(sum((lineitem.l_extendedprice * ('1'::numeric - lineitem.l_discount)))) DESC", "orders.o_orderdate"],"Sort Method": "quicksort","Sort Space Used": 1097,"Sort Space Type": "Memory","Plans": [{"Node Type": "Aggregate","Strategy": "Hashed","Partial Mode": "Simple","Parent Relationship": "Outer","Parallel Aware": false,"Async Capable": false,"Startup Cost": 148375.57,"Total Cost": 152397.98,"Plan Rows": 321793,"Plan Width": 44,"Actual Startup Time": 511.936,"Actual Total Time": 535.302,"Actual Rows": 11401,"Actual Loops": 1,"Group Key": ["lineitem.l_orderkey", "orders.o_orderdate", "orders.o_shippriority"],"Planned Partitions": 0,"HashAgg Batches": 1,"Peak Memory Usage": 20497,"Disk Usage": 0,"Plans": [{"Node Type": "Gather","Parent Relationship": "Outer","Parallel Aware": false,"Async Capable": false,"Startup Cost": 5526.18,"Total Cost": 143548.67,"Plan Rows": 321793,"Plan Width": 24,"Actual Startup Time": 34.841,"Actual Total Time": 487.142,"Actual Rows": 30292,"Actual Loops": 1,"Workers Planned": 3,"Workers Launched": 3,"Single Copy": false,"Plans": [{"Node Type": "Nested Loop","Parent Relationship": "Outer","Parallel Aware": false,"Async Capable": false,"Join Type": "Inner","Startup Cost": 4526.18,"Total Cost": 110369.37,"Plan Rows": 103804,"Plan Width": 24,"Actual Startup Time": 27.819,"Actual Total Time": 494.459,"Actual Rows": 7573,"Actual Loops": 4,"Inner Unique": false,"Workers": [],"Plans": [{"Node Type": "Hash Join","Parent Relationship": "Outer","Parallel Aware": true,"Async Capable": false,"Join Type": "Inner","Startup Cost": 4525.75,"Total Cost": 37279.55,"Plan Rows": 47475,"Plan Width": 12,"Actual Startup Time": 27.578,"Actual Total Time": 217.323,"Actual Rows": 35849,"Actual Loops": 4,"Inner Unique": true,"Hash Cond": "(orders.o_custkey = customer.c_custkey)","Workers": [],"Plans": [{"Node Type": "Seq Scan","Parent Relationship": "Outer","Parallel Aware": true,"Async Capable": false,"Relation Name": "orders","Alias": "orders","Startup Cost": 0.00,"Total Cost": 32143.39,"Plan Rows": 232531,"Plan Width": 16,"Actual Startup Time": 0.012,"Actual Total Time": 137.774,"Actual Rows": 179631,"Actual Loops": 4,"Filter": "(o_orderdate < '1995-03-01'::date)","Rows Removed by Filter": 195369,"Workers": []},{"Node Type": "Hash","Parent Relationship": "Inner","Parallel Aware": true,"Async Capable": false,"Startup Cost": 4366.25,"Total Cost": 4366.25,"Plan Rows": 12760,"Plan Width": 4,"Actual Startup Time": 27.114,"Actual Total Time": 27.120,"Actual Rows": 7492,"Actual Loops": 4,"Hash Buckets": 32768,"Original Hash Buckets": 32768,"Hash Batches": 1,"Original Hash Batches": 1,"Peak Memory Usage": 1472,"Workers": [],"Plans": [{"Node Type": "Seq Scan","Parent Relationship": "Outer","Parallel Aware": true,"Async Capable": false,"Relation Name": "customer","Alias": "customer","Startup Cost": 0.00,"Total Cost": 4366.25,"Plan Rows": 12760,"Plan Width": 4,"Actual Startup Time": 0.044,"Actual Total Time": 23.206,"Actual Rows": 7492,"Actual Loops": 4,"Filter": "(c_mktsegment = 'FURNITURE'::bpchar)","Rows Removed by Filter": 30008,"Workers": []}]}]},{"Node Type": "Index Scan","Parent Relationship": "Inner","Parallel Aware": false,"Async Capable": false,"Scan Direction": "Forward","Index Name": "idx_lineitem_orderkey","Relation Name": "lineitem","Alias": "lineitem","Startup Cost": 0.43,"Total Cost": 1.45,"Plan Rows": 9,"Plan Width": 16,"Actual Startup Time": 0.007,"Actual Total Time": 0.007,"Actual Rows": 0,"Actual Loops": 143395,"Index Cond": "(l_orderkey = orders.o_orderkey)","Rows Removed by Index Recheck": 0,"Filter": "(l_shipdate > '1995-03-01'::date)","Rows Removed by Filter": 4,"Workers": []}]}]}]}]},"Planning Time": 6.401,"Triggers": [],"Execution Time": 556.741}]
[{"Plan": {"Node Type": "Sort","Parallel Aware": false,"Async Capable": false,"Startup Cost": 179016.70,"Total Cost": 179804.56,"Plan Rows": 315146,"Plan Width": 44,"Actual Startup Time": 537.094,"Actual Total Time": 547.880,"Actual Rows": 11418,"Actual Loops": 1,"Sort Key": ["(sum((lineitem.l_extendedprice * ('1'::numeric - lineitem.l_discount)))) DESC", "orders.o_orderdate"],"Sort Method": "quicksort","Sort Space Used": 1098,"Sort Space Type": "Memory","Plans": [{"Node Type": "Aggregate","Strategy": "Hashed","Partial Mode": "Simple","Parent Relationship": "Outer","Parallel Aware": false,"Async Capable": false,"Startup Cost": 146295.62,"Total Cost": 150234.95,"Plan Rows": 315146,"Plan Width": 44,"Actual Startup Time": 514.632,"Actual Total Time": 539.121,"Actual Rows": 11418,"Actual Loops": 1,"Group Key": ["lineitem.l_orderkey", "orders.o_orderdate", "orders.o_shippriority"],"Planned Partitions": 0,"HashAgg Batches": 1,"Peak Memory Usage": 20497,"Disk Usage": 0,"Plans": [{"Node Type": "Gather","Parent Relationship": "Outer","Parallel Aware": false,"Async Capable": false,"Startup Cost": 5522.96,"Total Cost": 141568.43,"Plan Rows": 315146,"Plan Width": 24,"Actual Startup Time": 33.624,"Actual Total Time": 490.265,"Actual Rows": 30238,"Actual Loops": 1,"Workers Planned": 3,"Workers Launched": 3,"Single Copy": false,"Plans": [{"Node Type": "Nested Loop","Parent Relationship": "Outer","Parallel Aware": false,"Async Capable": false,"Join Type": "Inner","Startup Cost": 4522.96,"Total Cost": 109053.83,"Plan Rows": 101660,"Plan Width": 24,"Actual Startup Time": 26.604,"Actual Total Time": 497.185,"Actual Rows": 7560,"Actual Loops": 4,"Inner Unique": false,"Workers": [],"Plans": [{"Node Type": "Hash Join","Parent Relationship": "Outer","Parallel Aware": true,"Async Capable": false,"Join Type": "Inner","Startup Cost": 4522.52,"Total Cost": 37278.84,"Plan Rows": 46705,"Plan Width": 12,"Actual Startup Time": 26.480,"Actual Total Time": 219.665,"Actual Rows": 35998,"Actual Loops": 4,"Inner Unique": true,"Hash Cond": "(orders.o_custkey = customer.c_custkey)","Workers": [],"Plans": [{"Node Type": "Seq Scan","Parent Relationship": "Outer","Parallel Aware": true,"Async Capable": false,"Relation Name": "orders","Alias": "orders","Startup Cost": 0.00,"Total Cost": 32143.39,"Plan Rows": 233486,"Plan Width": 16,"Actual Startup Time": 0.013,"Actual Total Time": 141.016,"Actual Rows": 180414,"Actual Loops": 4,"Filter": "(o_orderdate < '1995-03-06'::date)","Rows Removed by Filter": 194586,"Workers": []},{"Node Type": "Hash","Parent Relationship": "Inner","Parallel Aware": true,"Async Capable": false,"Startup Cost": 4366.25,"Total Cost": 4366.25,"Plan Rows": 12502,"Plan Width": 4,"Actual Startup Time": 25.976,"Actual Total Time": 25.981,"Actual Rows": 7547,"Actual Loops": 4,"Hash Buckets": 32768,"Original Hash Buckets": 32768,"Hash Batches": 1,"Original Hash Batches": 1,"Peak Memory Usage": 1504,"Workers": [],"Plans": [{"Node Type": "Seq Scan","Parent Relationship": "Outer","Parallel Aware": true,"Async Capable": false,"Relation Name": "customer","Alias": "customer","Startup Cost": 0.00,"Total Cost": 4366.25,"Plan Rows": 12502,"Plan Width": 4,"Actual Startup Time": 0.055,"Actual Total Time": 22.063,"Actual Rows": 7547,"Actual Loops": 4,"Filter": "(c_mktsegment = 'HOUSEHOLD'::bpchar)","Rows Removed by Filter": 29953,"Workers": []}]}]},{"Node Type": "Index Scan","Parent Relationship": "Inner","Parallel Aware": false,"Async Capable": false,"Scan Direction": "Forward","Index Name": "idx_lineitem_orderkey","Relation Name": "lineitem","Alias": "lineitem","Startup Cost": 0.43,"Total Cost": 1.45,"Plan Rows": 9,"Plan Width": 16,"Actual Startup Time": 0.007,"Actual Total Time": 0.007,"Actual Rows": 0,"Actual Loops": 143994,"Index Cond": "(l_orderkey = orders.o_orderkey)","Rows Removed by Index Recheck": 0,"Filter": "(l_shipdate > '1995-03-06'::date)","Rows Removed by Filter": 4,"Workers": []}]}]}]}]},"Planning Time": 6.123,"Triggers": [],"Execution Time": 560.026}]
[{"Plan": {"Node Type": "Sort","Parallel Aware": false,"Async Capable": false,"Startup Cost": 182667.65,"Total Cost": 183472.20,"Plan Rows": 321820,"Plan Width": 44,"Actual Startup Time": 543.744,"Actual Total Time": 552.991,"Actual Rows": 11462,"Actual Loops": 1,"Sort Key": ["(sum((lineitem.l_extendedprice * ('1'::numeric - lineitem.l_discount)))) DESC", "orders.o_orderdate"],"Sort Method": "quicksort","Sort Space Used": 1101,"Sort Space Type": "Memory","Plans": [{"Node Type": "Aggregate","Strategy": "Hashed","Partial Mode": "Simple","Parent Relationship": "Outer","Parallel Aware": false,"Async Capable": false,"Startup Cost": 149204.98,"Total Cost": 153227.73,"Plan Rows": 321820,"Plan Width": 44,"Actual Startup Time": 521.129,"Actual Total Time": 544.581,"Actual Rows": 11462,"Actual Loops": 1,"Group Key": ["lineitem.l_orderkey", "orders.o_orderdate", "orders.o_shippriority"],"Planned Partitions": 0,"HashAgg Batches": 1,"Peak Memory Usage": 20497,"Disk Usage": 0,"Plans": [{"Node Type": "Gather","Parent Relationship": "Outer","Parallel Aware": false,"Async Capable": false,"Startup Cost": 5526.18,"Total Cost": 144377.68,"Plan Rows": 321820,"Plan Width": 24,"Actual Startup Time": 32.860,"Actual Total Time": 495.078,"Actual Rows": 30397,"Actual Loops": 1,"Workers Planned": 3,"Workers Launched": 3,"Single Copy": false,"Plans": [{"Node Type": "Nested Loop","Parent Relationship": "Outer","Parallel Aware": false,"Async Capable": false,"Join Type": "Inner","Startup Cost": 4526.18,"Total Cost": 111195.68,"Plan Rows": 103813,"Plan Width": 24,"Actual Startup Time": 25.980,"Actual Total Time": 503.540,"Actual Rows": 7599,"Actual Loops": 4,"Inner Unique": false,"Workers": [],"Plans": [{"Node Type": "Hash Join","Parent Relationship": "Outer","Parallel Aware": true,"Async Capable": false,"Join Type": "Inner","Startup Cost": 4525.75,"Total Cost": 37291.69,"Plan Rows": 48419,"Plan Width": 12,"Actual Startup Time": 25.732,"Actual Total Time": 221.977,"Actual Rows": 36540,"Actual Loops": 4,"Inner Unique": true,"Hash Cond": "(orders.o_custkey = customer.c_custkey)","Workers": [],"Plans": [{"Node Type": "Seq Scan","Parent Relationship": "Outer","Parallel Aware": true,"Async Capable": false,"Relation Name": "orders","Alias": "orders","Startup Cost": 0.00,"Total Cost": 32143.39,"Plan Rows": 237155,"Plan Width": 16,"Actual Startup Time": 0.009,"Actual Total Time": 144.265,"Actual Rows": 183072,"Actual Loops": 4,"Filter": "(o_orderdate < '1995-03-23'::date)","Rows Removed by Filter": 191928,"Workers": []},{"Node Type": "Hash","Parent Relationship": "Inner","Parallel Aware": true,"Async Capable": false,"Startup Cost": 4366.25,"Total Cost": 4366.25,"Plan Rows": 12760,"Plan Width": 4,"Actual Startup Time": 25.309,"Actual Total Time": 25.314,"Actual Rows": 7492,"Actual Loops": 4,"Hash Buckets": 32768,"Original Hash Buckets": 32768,"Hash Batches": 1,"Original Hash Batches": 1,"Peak Memory Usage": 1504,"Workers": [],"Plans": [{"Node Type": "Seq Scan","Parent Relationship": "Outer","Parallel Aware": true,"Async Capable": false,"Relation Name": "customer","Alias": "customer","Startup Cost": 0.00,"Total Cost": 4366.25,"Plan Rows": 12760,"Plan Width": 4,"Actual Startup Time": 0.040,"Actual Total Time": 21.463,"Actual Rows": 7492,"Actual Loops": 4,"Filter": "(c_mktsegment = 'FURNITURE'::bpchar)","Rows Removed by Filter": 30008,"Workers": []}]}]},{"Node Type": "Index Scan","Parent Relationship": "Inner","Parallel Aware": false,"Async Capable": false,"Scan Direction": "Forward","Index Name": "idx_lineitem_orderkey","Relation Name": "lineitem","Alias": "lineitem","Startup Cost": 0.43,"Total Cost": 1.44,"Plan Rows": 9,"Plan Width": 16,"Actual Startup Time": 0.007,"Actual Total Time": 0.007,"Actual Rows": 0,"Actual Loops": 146161,"Index Cond": "(l_orderkey = orders.o_orderkey)","Rows Removed by Index Recheck": 0,"Filter": "(l_shipdate > '1995-03-23'::date)","Rows Removed by Filter": 4,"Workers": []}]}]}]}]},"Planning Time": 5.414,"Triggers": [],"Execution Time": 565.758}]
[{"Plan": {"Node Type": "Sort","Parallel Aware": false,"Async Capable": false,"Startup Cost": 179124.54,"Total Cost": 179912.11,"Plan Rows": 315030,"Plan Width": 44,"Actual Startup Time": 544.554,"Actual Total Time": 552.923,"Actual Rows": 11427,"Actual Loops": 1,"Sort Key": ["(sum((lineitem.l_extendedprice * ('1'::numeric - lineitem.l_discount)))) DESC", "orders.o_orderdate"],"Sort Method": "quicksort","Sort Space Used": 1099,"Sort Space Type": "Memory","Plans": [{"Node Type": "Aggregate","Strategy": "Hashed","Partial Mode": "Simple","Parent Relationship": "Outer","Parallel Aware": false,"Async Capable": false,"Startup Cost": 146416.34,"Total Cost": 150354.22,"Plan Rows": 315030,"Plan Width": 44,"Actual Startup Time": 522.269,"Actual Total Time": 546.798,"Actual Rows": 11427,"Actual Loops": 1,"Group Key": ["lineitem.l_orderkey", "orders.o_orderdate", "orders.o_shippriority"],"Planned Partitions": 0,"HashAgg Batches": 1,"Peak Memory Usage": 20497,"Disk Usage": 0,"Plans": [{"Node Type": "Gather","Parent Relationship": "Outer","Parallel Aware": false,"Async Capable": false,"Startup Cost": 5522.96,"Total Cost": 141690.89,"Plan Rows": 315030,"Plan Width": 24,"Actual Startup Time": 31.602,"Actual Total Time": 501.015,"Actual Rows": 30263,"Actual Loops": 1,"Workers Planned": 3,"Workers Launched": 3,"Single Copy": false,"Plans": [{"Node Type": "Nested Loop","Parent Relationship": "Outer","Parallel Aware": false,"Async Capable": false,"Join Type": "Inner","Startup Cost": 4522.96,"Total Cost": 109187.89,"Plan Rows": 101623,"Plan Width": 24,"Actual Startup Time": 24.545,"Actual Total Time": 505.363,"Actual Rows": 7566,"Actual Loops": 4,"Inner Unique": false,"Workers": [],"Plans": [{"Node Type": "Hash Join","Parent Relationship": "Outer","Parallel Aware": true,"Async Capable": false,"Join Type": "Inner","Startup Cost": 4522.52,"Total Cost": 37280.84,"Plan Rows": 46858,"Plan Width": 12,"Actual Startup Time": 24.421,"Actual Total Time": 220.625,"Actual Rows": 36128,"Actual Loops": 4,"Inner Unique": true,"Hash Cond": "(orders.o_custkey = customer.c_custkey)","Workers": [],"Plans": [{"Node Type": "Seq Scan","Parent Relationship": "Outer","Parallel Aware": true,"Async Capable": false,"Relation Name": "orders","Alias": "orders","Startup Cost": 0.00,"Total Cost": 32143.39,"Plan Rows": 234250,"Plan Width": 16,"Actual Startup Time": 0.010,"Actual Total Time": 145.817,"Actual Rows": 181030,"Actual Loops": 4,"Filter": "(o_orderdate < '1995-03-10'::date)","Rows Removed by Filter": 193970,"Workers": []},{"Node Type": "Hash","Parent Relationship": "Inner","Parallel Aware": true,"Async Capable": false,"Startup Cost": 4366.25,"Total Cost": 4366.25,"Plan Rows": 12502,"Plan Width": 4,"Actual Startup Time": 23.945,"Actual Total Time": 23.951,"Actual Rows": 7547,"Actual Loops": 4,"Hash Buckets": 32768,"Original Hash Buckets": 32768,"Hash Batches": 1,"Original Hash Batches": 1,"Peak Memory Usage": 1536,"Workers": [],"Plans": [{"Node Type": "Seq Scan","Parent Relationship": "Outer","Parallel Aware": true,"Async Capable": false,"Relation Name": "customer","Alias": "customer","Startup Cost": 0.00,"Total Cost": 4366.25,"Plan Rows": 12502,"Plan Width": 4,"Actual Startup Time": 0.035,"Actual Total Time": 20.501,"Actual Rows": 7547,"Actual Loops": 4,"Filter": "(c_mktsegment = 'HOUSEHOLD'::bpchar)","Rows Removed by Filter": 29953,"Workers": []}]}]},{"Node Type": "Index Scan","Parent Relationship": "Inner","Parallel Aware": false,"Async Capable": false,"Scan Direction": "Forward","Index Name": "idx_lineitem_orderkey","Relation Name": "lineitem","Alias": "lineitem","Startup Cost": 0.43,"Total Cost": 1.44,"Plan Rows": 9,"Plan Width": 16,"Actual Startup Time": 0.007,"Actual Total Time": 0.008,"Actual Rows": 0,"Actual Loops": 144514,"Index Cond": "(l_orderkey = orders.o_orderkey)","Rows Removed by Index Recheck": 0,"Filter": "(l_shipdate > '1995-03-10'::date)","Rows Removed by Filter": 4,"Workers": []}]}]}]}]},"Planning Time": 5.748,"Triggers": [],"Execution Time": 566.279}]
[{"Plan": {"Node Type": "Sort","Parallel Aware": false,"Async Capable": false,"Startup Cost": 179622.82,"Total Cost": 180411.08,"Plan Rows": 315305,"Plan Width": 44,"Actual Startup Time": 515.747,"Actual Total Time": 525.143,"Actual Rows": 11384,"Actual Loops": 1,"Sort Key": ["(sum((lineitem.l_extendedprice * ('1'::numeric - lineitem.l_discount)))) DESC", "orders.o_orderdate"],"Sort Method": "quicksort","Sort Space Used": 1096,"Sort Space Type": "Memory","Plans": [{"Node Type": "Aggregate","Strategy": "Hashed","Partial Mode": "Simple","Parent Relationship": "Outer","Parallel Aware": false,"Async Capable": false,"Startup Cost": 146884.09,"Total Cost": 150825.40,"Plan Rows": 315305,"Plan Width": 44,"Actual Startup Time": 493.657,"Actual Total Time": 516.993,"Actual Rows": 11384,"Actual Loops": 1,"Group Key": ["lineitem.l_orderkey", "orders.o_orderdate", "orders.o_shippriority"],"Planned Partitions": 0,"HashAgg Batches": 1,"Peak Memory Usage": 20497,"Disk Usage": 0,"Plans": [{"Node Type": "Gather","Parent Relationship": "Outer","Parallel Aware": false,"Async Capable": false,"Startup Cost": 5522.96,"Total Cost": 142154.51,"Plan Rows": 315305,"Plan Width": 24,"Actual Startup Time": 30.376,"Actual Total Time": 471.316,"Actual Rows": 30227,"Actual Loops": 1,"Workers Planned": 3,"Workers Launched": 3,"Single Copy": false,"Plans": [{"Node Type": "Nested Loop","Parent Relationship": "Outer","Parallel Aware": false,"Async Capable": false,"Join Type": "Inner","Startup Cost": 4522.96,"Total Cost": 109624.01,"Plan Rows": 101711,"Plan Width": 24,"Actual Startup Time": 23.216,"Actual Total Time": 477.196,"Actual Rows": 7557,"Actual Loops": 4,"Inner Unique": false,"Workers": [],"Plans": [{"Node Type": "Hash Join","Parent Relationship": "Outer","Parallel Aware": true,"Async Capable": false,"Join Type": "Inner","Startup Cost": 4522.52,"Total Cost": 37287.38,"Plan Rows": 47356,"Plan Width": 12,"Actual Startup Time": 23.096,"Actual Total Time": 204.772,"Actual Rows": 36478,"Actual Loops": 4,"Inner Unique": true,"Hash Cond": "(orders.o_custkey = customer.c_custkey)","Workers": [],"Plans": [{"Node Type": "Seq Scan","Parent Relationship": "Outer","Parallel Aware": true,"Async Capable": false,"Relation Name": "orders","Alias": "orders","Startup Cost": 0.00,"Total Cost": 32143.39,"Plan Rows": 236740,"Plan Width": 16,"Actual Startup Time": 0.012,"Actual Total Time": 135.713,"Actual Rows": 182768,"Actual Loops": 4,"Filter": "(o_orderdate < '1995-03-21'::date)","Rows Removed by Filter": 192232,"Workers": []},{"Node Type": "Hash","Parent Relationship": "Inner","Parallel Aware": true,"Async Capable": false,"Startup Cost": 4366.25,"Total Cost": 4366.25,"Plan Rows": 12502,"Plan Width": 4,"Actual Startup Time": 22.621,"Actual Total Time": 22.626,"Actual Rows": 7547,"Actual Loops": 4,"Hash Buckets": 32768,"Original Hash Buckets": 32768,"Hash Batches": 1,"Original Hash Batches": 1,"Peak Memory Usage": 1536,"Workers": [],"Plans": [{"Node Type": "Seq Scan","Parent Relationship": "Outer","Parallel Aware": true,"Async Capable": false,"Relation Name": "customer","Alias": "customer","Startup Cost": 0.00,"Total Cost": 4366.25,"Plan Rows": 12502,"Plan Width": 4,"Actual Startup Time": 0.042,"Actual Total Time": 19.512,"Actual Rows": 7547,"Actual Loops": 4,"Filter": "(c_mktsegment = 'HOUSEHOLD'::bpchar)","Rows Removed by Filter": 29953,"Workers": []}]}]},{"Node Type": "Index Scan","Parent Relationship": "Inner","Parallel Aware": false,"Async Capable": false,"Scan Direction": "Forward","Index Name": "idx_lineitem_orderkey","Relation Name": "lineitem","Alias": "lineitem","Startup Cost": 0.43,"Total Cost": 1.44,"Plan Rows": 9,"Plan Width": 16,"Actual Startup Time": 0.007,"Actual Total Time": 0.007,"Actual Rows": 0,"Actual Loops": 145911,"Index Cond": "(l_orderkey = orders.o_orderkey)","Rows Removed by Index Recheck": 0,"Filter": "(l_shipdate > '1995-03-21'::date)","Rows Removed by Filter": 4,"Workers": []}]}]}]}]},"Planning Time": 5.717,"Triggers": [],"Execution Time": 537.484}]
[{"Plan": {"Node Type": "Sort","Parallel Aware": false,"Async Capable": false,"Startup Cost": 179151.34,"Total Cost": 179938.84,"Plan Rows": 315002,"Plan Width": 44,"Actual Startup Time": 538.937,"Actual Total Time": 547.721,"Actual Rows": 11436,"Actual Loops": 1,"Sort Key": ["(sum((lineitem.l_extendedprice * ('1'::numeric - lineitem.l_discount)))) DESC", "orders.o_orderdate"],"Sort Method": "quicksort","Sort Space Used": 1099,"Sort Space Type": "Memory","Plans": [{"Node Type": "Aggregate","Strategy": "Hashed","Partial Mode": "Simple","Parent Relationship": "Outer","Parallel Aware": false,"Async Capable": false,"Startup Cost": 146446.25,"Total Cost": 150383.78,"Plan Rows": 315002,"Plan Width": 44,"Actual Startup Time": 516.073,"Actual Total Time": 541.642,"Actual Rows": 11436,"Actual Loops": 1,"Group Key": ["lineitem.l_orderkey", "orders.o_orderdate", "orders.o_shippriority"],"Planned Partitions": 0,"HashAgg Batches": 1,"Peak Memory Usage": 20497,"Disk Usage": 0,"Plans": [{"Node Type": "Gather","Parent Relationship": "Outer","Parallel Aware": false,"Async Capable": false,"Startup Cost": 5522.96,"Total Cost": 141721.22,"Plan Rows": 315002,"Plan Width": 24,"Actual Startup Time": 34.035,"Actual Total Time": 495.350,"Actual Rows": 30271,"Actual Loops": 1,"Workers Planned": 3,"Workers Launched": 3,"Single Copy": false,"Plans": [{"Node Type": "Nested Loop","Parent Relationship": "Outer","Parallel Aware": false,"Async Capable": false,"Join Type": "Inner","Startup Cost": 4522.96,"Total Cost": 109221.02,"Plan Rows": 101614,"Plan Width": 24,"Actual Startup Time": 26.464,"Actual Total Time": 499.009,"Actual Rows": 7568,"Actual Loops": 4,"Inner Unique": false,"Workers": [],"Plans": [{"Node Type": "Hash Join","Parent Relationship": "Outer","Parallel Aware": true,"Async Capable": false,"Join Type": "Inner","Startup Cost": 4522.52,"Total Cost": 37281.34,"Plan Rows": 46896,"Plan Width": 12,"Actual Startup Time": 26.327,"Actual Total Time": 216.705,"Actual Rows": 36160,"Actual Loops": 4,"Inner Unique": true,"Hash Cond": "(orders.o_custkey = customer.c_custkey)","Workers": [],"Plans": [{"Node Type": "Seq Scan","Parent Relationship": "Outer","Parallel Aware": true,"Async Capable": false,"Relation Name": "orders","Alias": "orders","Startup Cost": 0.00,"Total Cost": 32143.39,"Plan Rows": 234441,"Plan Width": 16,"Actual Startup Time": 0.011,"Actual Total Time": 144.627,"Actual Rows": 181190,"Actual Loops": 4,"Filter": "(o_orderdate < '1995-03-11'::date)","Rows Removed by Filter": 193810,"Workers": []},{"Node Type": "Hash","Parent Relationship": "Inner","Parallel Aware": true,"Async Capable": false,"Startup Cost": 4366.25,"Total Cost": 4366.25,"Plan Rows": 12502,"Plan Width": 4,"Actual Startup Time": 25.829,"Actual Total Time": 25.832,"Actual Rows": 7547,"Actual Loops": 4,"Hash Buckets": 32768,"Original Hash Buckets": 32768,"Hash Batches": 1,"Original Hash Batches": 1,"Peak Memory Usage": 1472,"Workers": [],"Plans": [{"Node Type": "Seq Scan","Parent Relationship": "Outer","Parallel Aware": true,"Async Capable": false,"Relation Name": "customer","Alias": "customer","Startup Cost": 0.00,"Total Cost": 4366.25,"Plan Rows": 12502,"Plan Width": 4,"Actual Startup Time": 0.055,"Actual Total Time": 22.522,"Actual Rows": 7547,"Actual Loops": 4,"Filter": "(c_mktsegment = 'HOUSEHOLD'::bpchar)","Rows Removed by Filter": 29953,"Workers": []}]}]},{"Node Type": "Index Scan","Parent Relationship": "Inner","Parallel Aware": false,"Async Capable": false,"Scan Direction": "Forward","Index Name": "idx_lineitem_orderkey","Relation Name": "lineitem","Alias": "lineitem","Startup Cost": 0.43,"Total Cost": 1.44,"Plan Rows": 9,"Plan Width": 16,"Actual Startup Time": 0.007,"Actual Total Time": 0.008,"Actual Rows": 0,"Actual Loops": 144641,"Index Cond": "(l_orderkey = orders.o_orderkey)","Rows Removed by Index Recheck": 0,"Filter": "(l_shipdate > '1995-03-11'::date)","Rows Removed by Filter": 4,"Workers": []}]}]}]}]},"Planning Time": 5.918,"Triggers": [],"Execution Time": 561.850}]
[{"Plan": {"Node Type": "Sort","Parallel Aware": false,"Async Capable": false,"Startup Cost": 179432.01,"Total Cost": 180219.85,"Plan Rows": 315135,"Plan Width": 44,"Actual Startup Time": 520.292,"Actual Total Time": 530.310,"Actual Rows": 11238,"Actual Loops": 1,"Sort Key": ["(sum((lineitem.l_extendedprice * ('1'::numeric - lineitem.l_discount)))) DESC", "orders.o_orderdate"],"Sort Method": "quicksort","Sort Space Used": 1087,"Sort Space Type": "Memory","Plans": [{"Node Type": "Aggregate","Strategy": "Hashed","Partial Mode": "Simple","Parent Relationship": "Outer","Parallel Aware": false,"Async Capable": false,"Startup Cost": 146712.16,"Total Cost": 150651.35,"Plan Rows": 315135,"Plan Width": 44,"Actual Startup Time": 497.945,"Actual Total Time": 522.248,"Actual Rows": 11238,"Actual Loops": 1,"Group Key": ["lineitem.l_orderkey", "orders.o_orderdate", "orders.o_shippriority"],"Planned Partitions": 0,"HashAgg Batches": 1,"Peak Memory Usage": 20497,"Disk Usage": 0,"Plans": [{"Node Type": "Gather","Parent Relationship": "Outer","Parallel Aware": false,"Async Capable": false,"Startup Cost": 5522.86,"Total Cost": 141985.14,"Plan Rows": 315135,"Plan Width": 24,"Actual Startup Time": 29.974,"Actual Total Time": 476.751,"Actual Rows": 29659,"Actual Loops": 1,"Workers Planned": 3,"Workers Launched": 3,"Single Copy": false,"Plans": [{"Node Type": "Nested Loop","Parent Relationship": "Outer","Parallel Aware": false,"Async Capable": false,"Join Type": "Inner","Startup Cost": 4522.86,"Total Cost": 109471.64,"Plan Rows": 101656,"Plan Width": 24,"Actual Startup Time": 23.064,"Actual Total Time": 481.550,"Actual Rows": 7415,"Actual Loops": 4,"Inner Unique": false,"Workers": [],"Plans": [{"Node Type": "Hash Join","Parent Relationship": "Outer","Parallel Aware": true,"Async Capable": false,"Join Type": "Inner","Startup Cost": 4522.43,"Total Cost": 37285.73,"Plan Rows": 47206,"Plan Width": 12,"Actual Startup Time": 22.798,"Actual Total Time": 205.756,"Actual Rows": 36393,"Actual Loops": 4,"Inner Unique": true,"Hash Cond": "(orders.o_custkey = customer.c_custkey)","Workers": [],"Plans": [{"Node Type": "Seq Scan","Parent Relationship": "Outer","Parallel Aware": true,"Async Capable": false,"Relation Name": "orders","Alias": "orders","Startup Cost": 0.00,"Total Cost": 32143.39,"Plan Rows": 236150,"Plan Width": 16,"Actual Startup Time": 0.010,"Actual Total Time": 137.920,"Actual Rows": 182297,"Actual Loops": 4,"Filter": "(o_orderdate < '1995-03-18'::date)","Rows Removed by Filter": 192703,"Workers": []},{"Node Type": "Hash","Parent Relationship": "Inner","Parallel Aware": true,"Async Capable": false,"Startup Cost": 4366.25,"Total Cost": 4366.25,"Plan Rows": 12494,"Plan Width": 4,"Actual Startup Time": 22.295,"Actual Total Time": 22.298,"Actual Rows": 7487,"Actual Loops": 4,"Hash Buckets": 32768,"Original Hash Buckets": 32768,"Hash Batches": 1,"Original Hash Batches": 1,"Peak Memory Usage": 1472,"Workers": [],"Plans": [{"Node Type": "Seq Scan","Parent Relationship": "Outer","Parallel Aware": true,"Async Capable": false,"Relation Name": "customer","Alias": "customer","Startup Cost": 0.00,"Total Cost": 4366.25,"Plan Rows": 12494,"Plan Width": 4,"Actual Startup Time": 0.039,"Actual Total Time": 19.249,"Actual Rows": 7487,"Actual Loops": 4,"Filter": "(c_mktsegment = 'MACHINERY'::bpchar)","Rows Removed by Filter": 30013,"Workers": []}]}]},{"Node Type": "Index Scan","Parent Relationship": "Inner","Parallel Aware": false,"Async Capable": false,"Scan Direction": "Forward","Index Name": "idx_lineitem_orderkey","Relation Name": "lineitem","Alias": "lineitem","Startup Cost": 0.43,"Total Cost": 1.44,"Plan Rows": 9,"Plan Width": 16,"Actual Startup Time": 0.007,"Actual Total Time": 0.007,"Actual Rows": 0,"Actual Loops": 145571,"Index Cond": "(l_orderkey = orders.o_orderkey)","Rows Removed by Index Recheck": 0,"Filter": "(l_shipdate > '1995-03-18'::date)","Rows Removed by Filter": 4,"Workers": []}]}]}]}]},"Planning Time": 4.960,"Triggers": [],"Execution Time": 543.679}]
[{"Plan": {"Node Type": "Sort","Parallel Aware": false,"Async Capable": false,"Startup Cost": 177352.65,"Total Cost": 178130.92,"Plan Rows": 311310,"Plan Width": 44,"Actual Startup Time": 533.784,"Actual Total Time": 544.143,"Actual Rows": 11499,"Actual Loops": 1,"Sort Key": ["(sum((lineitem.l_extendedprice * ('1'::numeric - lineitem.l_discount)))) DESC", "orders.o_orderdate"],"Sort Method": "quicksort","Sort Space Used": 1103,"Sort Space Type": "Memory","Plans": [{"Node Type": "Aggregate","Strategy": "Hashed","Partial Mode": "Simple","Parent Relationship": "Outer","Parallel Aware": false,"Async Capable": false,"Startup Cost": 145057.36,"Total Cost": 148948.73,"Plan Rows": 311310,"Plan Width": 44,"Actual Startup Time": 511.266,"Actual Total Time": 535.852,"Actual Rows": 11499,"Actual Loops": 1,"Group Key": ["lineitem.l_orderkey", "orders.o_orderdate", "orders.o_shippriority"],"Planned Partitions": 0,"HashAgg Batches": 1,"Peak Memory Usage": 20497,"Disk Usage": 0,"Plans": [{"Node Type": "Gather","Parent Relationship": "Outer","Parallel Aware": false,"Async Capable": false,"Startup Cost": 5521.08,"Total Cost": 140387.71,"Plan Rows": 311310,"Plan Width": 24,"Actual Startup Time": 34.837,"Actual Total Time": 486.900,"Actual Rows": 30380,"Actual Loops": 1,"Workers Planned": 3,"Workers Launched": 3,"Single Copy": false,"Plans": [{"Node Type": "Nested Loop","Parent Relationship": "Outer","Parallel Aware": false,"Async Capable": false,"Join Type": "Inner","Startup Cost": 4521.08,"Total Cost": 108256.71,"Plan Rows": 100423,"Plan Width": 24,"Actual Startup Time": 27.929,"Actual Total Time": 493.826,"Actual Rows": 7595,"Actual Loops": 4,"Inner Unique": false,"Workers": [],"Plans": [{"Node Type": "Hash Join","Parent Relationship": "Outer","Parallel Aware": true,"Async Capable": false,"Join Type": "Inner","Startup Cost": 4520.65,"Total Cost": 37277.96,"Plan Rows": 46220,"Plan Width": 12,"Actual Startup Time": 27.418,"Actual Total Time": 218.394,"Actual Rows": 35952,"Actual Loops": 4,"Inner Unique": true,"Hash Cond": "(orders.o_custkey = customer.c_custkey)","Workers": [],"Plans": [{"Node Type": "Seq Scan","Parent Relationship": "Outer","Parallel Aware": true,"Async Capable": false,"Relation Name": "orders","Alias": "orders","Startup Cost": 0.00,"Total Cost": 32143.39,"Plan Rows": 233868,"Plan Width": 16,"Actual Startup Time": 0.015,"Actual Total Time": 139.729,"Actual Rows": 180728,"Actual Loops": 4,"Filter": "(o_orderdate < '1995-03-08'::date)","Rows Removed by Filter": 194272,"Workers": []},{"Node Type": "Hash","Parent Relationship": "Inner","Parallel Aware": true,"Async Capable": false,"Startup Cost": 4366.25,"Total Cost": 4366.25,"Plan Rows": 12352,"Plan Width": 4,"Actual Startup Time": 26.935,"Actual Total Time": 26.940,"Actual Rows": 7438,"Actual Loops": 4,"Hash Buckets": 32768,"Original Hash Buckets": 32768,"Hash Batches": 1,"Original Hash Batches": 1,"Peak Memory Usage": 1504,"Workers": [],"Plans": [{"Node Type": "Seq Scan","Parent Relationship": "Outer","Parallel Aware": true,"Async Capable": false,"Relation Name": "customer","Alias": "customer","Startup Cost": 0.00,"Total Cost": 4366.25,"Plan Rows": 12352,"Plan Width": 4,"Actual Startup Time": 0.030,"Actual Total Time": 22.975,"Actual Rows": 7438,"Actual Loops": 4,"Filter": "(c_mktsegment = 'AUTOMOBILE'::bpchar)","Rows Removed by Filter": 30062,"Workers": []}]}]},{"Node Type": "Index Scan","Parent Relationship": "Inner","Parallel Aware": false,"Async Capable": false,"Scan Direction": "Forward","Index Name": "idx_lineitem_orderkey","Relation Name": "lineitem","Alias": "lineitem","Startup Cost": 0.43,"Total Cost": 1.45,"Plan Rows": 9,"Plan Width": 16,"Actual Startup Time": 0.007,"Actual Total Time": 0.007,"Actual Rows": 0,"Actual Loops": 143810,"Index Cond": "(l_orderkey = orders.o_orderkey)","Rows Removed by Index Recheck": 0,"Filter": "(l_shipdate > '1995-03-08'::date)","Rows Removed by Filter": 4,"Workers": []}]}]}]}]},"Planning Time": 5.182,"Triggers": [],"Execution Time": 556.060}]
[{"Plan": {"Node Type": "Sort","Parallel Aware": false,"Async Capable": false,"Startup Cost": 177939.06,"Total Cost": 178719.46,"Plan Rows": 312159,"Plan Width": 44,"Actual Startup Time": 539.274,"Actual Total Time": 548.369,"Actual Rows": 11627,"Actual Loops": 1,"Sort Key": ["(sum((lineitem.l_extendedprice * ('1'::numeric - lineitem.l_discount)))) DESC", "orders.o_orderdate"],"Sort Method": "quicksort","Sort Space Used": 1111,"Sort Space Type": "Memory","Plans": [{"Node Type": "Aggregate","Strategy": "Hashed","Partial Mode": "Simple","Parent Relationship": "Outer","Parallel Aware": false,"Async Capable": false,"Startup Cost": 145549.56,"Total Cost": 149451.55,"Plan Rows": 312159,"Plan Width": 44,"Actual Startup Time": 515.941,"Actual Total Time": 538.197,"Actual Rows": 11627,"Actual Loops": 1,"Group Key": ["lineitem.l_orderkey", "orders.o_orderdate", "orders.o_shippriority"],"Planned Partitions": 0,"HashAgg Batches": 1,"Peak Memory Usage": 20497,"Disk Usage": 0,"Plans": [{"Node Type": "Gather","Parent Relationship": "Outer","Parallel Aware": false,"Async Capable": false,"Startup Cost": 5521.58,"Total Cost": 140867.18,"Plan Rows": 312159,"Plan Width": 24,"Actual Startup Time": 32.728,"Actual Total Time": 488.729,"Actual Rows": 30547,"Actual Loops": 1,"Workers Planned": 3,"Workers Launched": 3,"Single Copy": false,"Plans": [{"Node Type": "Nested Loop","Parent Relationship": "Outer","Parallel Aware": false,"Async Capable": false,"Join Type": "Inner","Startup Cost": 4521.58,"Total Cost": 108651.28,"Plan Rows": 100696,"Plan Width": 24,"Actual Startup Time": 25.819,"Actual Total Time": 498.101,"Actual Rows": 7637,"Actual Loops": 4,"Inner Unique": false,"Workers": [],"Plans": [{"Node Type": "Hash Join","Parent Relationship": "Outer","Parallel Aware": true,"Async Capable": false,"Join Type": "Inner","Startup Cost": 4521.15,"Total Cost": 37280.97,"Plan Rows": 46558,"Plan Width": 12,"Actual Startup Time": 25.489,"Actual Total Time": 217.079,"Actual Rows": 36716,"Actual Loops": 4,"Inner Unique": true,"Hash Cond": "(orders.o_custkey = customer.c_custkey)","Workers": [],"Plans": [{"Node Type": "Seq Scan","Parent Relationship": "Outer","Parallel Aware": true,"Async Capable": false,"Relation Name": "orders","Alias": "orders","Startup Cost": 0.00,"Total Cost": 32143.39,"Plan Rows": 234824,"Plan Width": 16,"Actual Startup Time": 0.017,"Actual Total Time": 140.185,"Actual Rows": 181502,"Actual Loops": 4,"Filter": "(o_orderdate < '1995-03-13'::date)","Rows Removed by Filter": 193498,"Workers": []},{"Node Type": "Hash","Parent Relationship": "Inner","Parallel Aware": true,"Async Capable": false,"Startup Cost": 4366.25,"Total Cost": 4366.25,"Plan Rows": 12392,"Plan Width": 4,"Actual Startup Time": 24.952,"Actual Total Time": 24.958,"Actual Rows": 7536,"Actual Loops": 4,"Hash Buckets": 32768,"Original Hash Buckets": 32768,"Hash Batches": 1,"Original Hash Batches": 1,"Peak Memory Usage": 1472,"Workers": [],"Plans": [{"Node Type": "Seq Scan","Parent Relationship": "Outer","Parallel Aware": true,"Async Capable": false,"Relation Name": "customer","Alias": "customer","Startup Cost": 0.00,"Total Cost": 4366.25,"Plan Rows": 12392,"Plan Width": 4,"Actual Startup Time": 0.045,"Actual Total Time": 21.161,"Actual Rows": 7536,"Actual Loops": 4,"Filter": "(c_mktsegment = 'BUILDING'::bpchar)","Rows Removed by Filter": 29964,"Workers": []}]}]},{"Node Type": "Index Scan","Parent Relationship": "Inner","Parallel Aware": false,"Async Capable": false,"Scan Direction": "Forward","Index Name": "idx_lineitem_orderkey","Relation Name": "lineitem","Alias": "lineitem","Startup Cost": 0.43,"Total Cost": 1.44,"Plan Rows": 9,"Plan Width": 16,"Actual Startup Time": 0.007,"Actual Total Time": 0.007,"Actual Rows": 0,"Actual Loops": 146862,"Index Cond": "(l_orderkey = orders.o_orderkey)","Rows Removed by Index Recheck": 0,"Filter": "(l_shipdate > '1995-03-13'::date)","Rows Removed by Filter": 4,"Workers": []}]}]}]}]},"Planning Time": 6.489,"Triggers": [],"Execution Time": 560.967}]
[{"Plan": {"Node Type": "Sort","Parallel Aware": false,"Async Capable": false,"Startup Cost": 179874.66,"Total Cost": 180662.90,"Plan Rows": 315298,"Plan Width": 44,"Actual Startup Time": 523.122,"Actual Total Time": 534.243,"Actual Rows": 11368,"Actual Loops": 1,"Sort Key": ["(sum((lineitem.l_extendedprice * ('1'::numeric - lineitem.l_discount)))) DESC", "orders.o_orderdate"],"Sort Method": "quicksort","Sort Space Used": 1095,"Sort Space Type": "Memory","Plans": [{"Node Type": "Aggregate","Strategy": "Hashed","Partial Mode": "Simple","Parent Relationship": "Outer","Parallel Aware": false,"Async Capable": false,"Startup Cost": 147136.70,"Total Cost": 151077.93,"Plan Rows": 315298,"Plan Width": 44,"Actual Startup Time": 500.257,"Actual Total Time": 526.763,"Actual Rows": 11368,"Actual Loops": 1,"Group Key": ["lineitem.l_orderkey", "orders.o_orderdate", "orders.o_shippriority"],"Planned Partitions": 0,"HashAgg Batches": 1,"Peak Memory Usage": 20497,"Disk Usage": 0,"Plans": [{"Node Type": "Gather","Parent Relationship": "Outer","Parallel Aware": false,"Async Capable": false,"Startup Cost": 5522.96,"Total Cost": 142407.23,"Plan Rows": 315298,"Plan Width": 24,"Actual Startup Time": 30.850,"Actual Total Time": 480.538,"Actual Rows": 30122,"Actual Loops": 1,"Workers Planned": 3,"Workers Launched": 3,"Single Copy": false,"Plans": [{"Node Type": "Nested Loop","Parent Relationship": "Outer","Parallel Aware": false,"Async Capable": false,"Join Type": "Inner","Startup Cost": 4522.96,"Total Cost": 109877.43,"Plan Rows": 101709,"Plan Width": 24,"Actual Startup Time": 23.598,"Actual Total Time": 483.416,"Actual Rows": 7530,"Actual Loops": 4,"Inner Unique": false,"Workers": [],"Plans": [{"Node Type": "Hash Join","Parent Relationship": "Outer","Parallel Aware": true,"Async Capable": false,"Join Type": "Inner","Startup Cost": 4522.52,"Total Cost": 37291.19,"Plan Rows": 47646,"Plan Width": 12,"Actual Startup Time": 23.474,"Actual Total Time": 206.199,"Actual Rows": 36692,"Actual Loops": 4,"Inner Unique": true,"Hash Cond": "(orders.o_custkey = customer.c_custkey)","Workers": [],"Plans": [{"Node Type": "Seq Scan","Parent Relationship": "Outer","Parallel Aware": true,"Async Capable": false,"Relation Name": "orders","Alias": "orders","Startup Cost": 0.00,"Total Cost": 32143.39,"Plan Rows": 238193,"Plan Width": 16,"Actual Startup Time": 0.012,"Actual Total Time": 137.114,"Actual Rows": 183845,"Actual Loops": 4,"Filter": "(o_orderdate < '1995-03-28'::date)","Rows Removed by Filter": 191155,"Workers": []},{"Node Type": "Hash","Parent Relationship": "Inner","Parallel Aware": true,"Async Capable": false,"Startup Cost": 4366.25,"Total Cost": 4366.25,"Plan Rows": 12502,"Plan Width": 4,"Actual Startup Time": 23.007,"Actual Total Time": 23.012,"Actual Rows": 7547,"Actual Loops": 4,"Hash Buckets": 32768,"Original Hash Buckets": 32768,"Hash Batches": 1,"Original Hash Batches": 1,"Peak Memory Usage": 1504,"Workers": [],"Plans": [{"Node Type": "Seq Scan","Parent Relationship": "Outer","Parallel Aware": true,"Async Capable": false,"Relation Name": "customer","Alias": "customer","Startup Cost": 0.00,"Total Cost": 4366.25,"Plan Rows": 12502,"Plan Width": 4,"Actual Startup Time": 0.035,"Actual Total Time": 19.918,"Actual Rows": 7547,"Actual Loops": 4,"Filter": "(c_mktsegment = 'HOUSEHOLD'::bpchar)","Rows Removed by Filter": 29953,"Workers": []}]}]},{"Node Type": "Index Scan","Parent Relationship": "Inner","Parallel Aware": false,"Async Capable": false,"Scan Direction": "Forward","Index Name": "idx_lineitem_orderkey","Relation Name": "lineitem","Alias": "lineitem","Startup Cost": 0.43,"Total Cost": 1.43,"Plan Rows": 9,"Plan Width": 16,"Actual Startup Time": 0.007,"Actual Total Time": 0.007,"Actual Rows": 0,"Actual Loops": 146767,"Index Cond": "(l_orderkey = orders.o_orderkey)","Rows Removed by Index Recheck": 0,"Filter": "(l_shipdate > '1995-03-28'::date)","Rows Removed by Filter": 4,"Workers": []}]}]}]}]},"Planning Time": 5.278,"Triggers": [],"Execution Time": 548.807}]
[{"Plan": {"Node Type": "Sort","Parallel Aware": false,"Async Capable": false,"Startup Cost": 179071.84,"Total Cost": 179859.56,"Plan Rows": 315090,"Plan Width": 44,"Actual Startup Time": 540.870,"Actual Total Time": 551.478,"Actual Rows": 11417,"Actual Loops": 1,"Sort Key": ["(sum((lineitem.l_extendedprice * ('1'::numeric - lineitem.l_discount)))) DESC", "orders.o_orderdate"],"Sort Method": "quicksort","Sort Space Used": 1098,"Sort Space Type": "Memory","Plans": [{"Node Type": "Aggregate","Strategy": "Hashed","Partial Mode": "Simple","Parent Relationship": "Outer","Parallel Aware": false,"Async Capable": false,"Startup Cost": 146356.98,"Total Cost": 150295.61,"Plan Rows": 315090,"Plan Width": 44,"Actual Startup Time": 519.120,"Actual Total Time": 542.435,"Actual Rows": 11417,"Actual Loops": 1,"Group Key": ["lineitem.l_orderkey", "orders.o_orderdate", "orders.o_shippriority"],"Planned Partitions": 0,"HashAgg Batches": 1,"Peak Memory Usage": 20497,"Disk Usage": 0,"Plans": [{"Node Type": "Gather","Parent Relationship": "Outer","Parallel Aware": false,"Async Capable": false,"Startup Cost": 5522.96,"Total Cost": 141630.63,"Plan Rows": 315090,"Plan Width": 24,"Actual Startup Time": 32.697,"Actual Total Time": 493.968,"Actual Rows": 30308,"Actual Loops": 1,"Workers Planned": 3,"Workers Launched": 3,"Single Copy": false,"Plans": [{"Node Type": "Nested Loop","Parent Relationship": "Outer","Parallel Aware": false,"Async Capable": false,"Join Type": "Inner","Startup Cost": 4522.96,"Total Cost": 109121.63,"Plan Rows": 101642,"Plan Width": 24,"Actual Startup Time": 25.698,"Actual Total Time": 501.618,"Actual Rows": 7577,"Actual Loops": 4,"Inner Unique": false,"Workers": [],"Plans": [{"Node Type": "Hash Join","Parent Relationship": "Outer","Parallel Aware": true,"Async Capable": false,"Join Type": "Inner","Startup Cost": 4522.52,"Total Cost": 37279.84,"Plan Rows": 46782,"Plan Width": 12,"Actual Startup Time": 25.569,"Actual Total Time": 219.875,"Actual Rows": 36063,"Actual Loops": 4,"Inner Unique": true,"Hash Cond": "(orders.o_custkey = customer.c_custkey)","Workers": [],"Plans": [{"Node Type": "Seq Scan","Parent Relationship": "Outer","Parallel Aware": true,"Async Capable": false,"Relation Name": "orders","Alias": "orders","Startup Cost": 0.00,"Total Cost": 32143.39,"Plan Rows": 233868,"Plan Width": 16,"Actual Startup Time": 0.013,"Actual Total Time": 142.359,"Actual Rows": 180728,"Actual Loops": 4,"Filter": "(o_orderdate < '1995-03-08'::date)","Rows Removed by Filter": 194272,"Workers": []},{"Node Type": "Hash","Parent Relationship": "Inner","Parallel Aware": true,"Async Capable": false,"Startup Cost": 4366.25,"Total Cost": 4366.25,"Plan Rows": 12502,"Plan Width": 4,"Actual Startup Time": 25.061,"Actual Total Time": 25.066,"Actual Rows": 7547,"Actual Loops": 4,"Hash Buckets": 32768,"Original Hash Buckets": 32768,"Hash Batches": 1,"Original Hash Batches": 1,"Peak Memory Usage": 1472,"Workers": [],"Plans": [{"Node Type": "Seq Scan","Parent Relationship": "Outer","Parallel Aware": true,"Async Capable": false,"Relation Name": "customer","Alias": "customer","Startup Cost": 0.00,"Total Cost": 4366.25,"Plan Rows": 12502,"Plan Width": 4,"Actual Startup Time": 0.053,"Actual Total Time": 21.158,"Actual Rows": 7547,"Actual Loops": 4,"Filter": "(c_mktsegment = 'HOUSEHOLD'::bpchar)","Rows Removed by Filter": 29953,"Workers": []}]}]},{"Node Type": "Index Scan","Parent Relationship": "Inner","Parallel Aware": false,"Async Capable": false,"Scan Direction": "Forward","Index Name": "idx_lineitem_orderkey","Relation Name": "lineitem","Alias": "lineitem","Startup Cost": 0.43,"Total Cost": 1.45,"Plan Rows": 9,"Plan Width": 16,"Actual Startup Time": 0.007,"Actual Total Time": 0.008,"Actual Rows": 0,"Actual Loops": 144252,"Index Cond": "(l_orderkey = orders.o_orderkey)","Rows Removed by Index Recheck": 0,"Filter": "(l_shipdate > '1995-03-08'::date)","Rows Removed by Filter": 4,"Workers": []}]}]}]}]},"Planning Time": 5.823,"Triggers": [],"Execution Time": 563.886}]
[{"Plan": {"Node Type": "Sort","Parallel Aware": false,"Async Capable": false,"Startup Cost": 177832.52,"Total Cost": 178613.21,"Plan Rows": 312278,"Plan Width": 44,"Actual Startup Time": 537.872,"Actual Total Time": 548.053,"Actual Rows": 11630,"Actual Loops": 1,"Sort Key": ["(sum((lineitem.l_extendedprice * ('1'::numeric - lineitem.l_discount)))) DESC", "orders.o_orderdate"],"Sort Method": "quicksort","Sort Space Used": 1111,"Sort Space Type": "Memory","Plans": [{"Node Type": "Aggregate","Strategy": "Hashed","Partial Mode": "Simple","Parent Relationship": "Outer","Parallel Aware": false,"Async Capable": false,"Startup Cost": 145429.82,"Total Cost": 149333.29,"Plan Rows": 312278,"Plan Width": 44,"Actual Startup Time": 515.188,"Actual Total Time": 539.929,"Actual Rows": 11630,"Actual Loops": 1,"Group Key": ["lineitem.l_orderkey", "orders.o_orderdate", "orders.o_shippriority"],"Planned Partitions": 0,"HashAgg Batches": 1,"Peak Memory Usage": 20497,"Disk Usage": 0,"Plans": [{"Node Type": "Gather","Parent Relationship": "Outer","Parallel Aware": false,"Async Capable": false,"Startup Cost": 5521.58,"Total Cost": 140745.65,"Plan Rows": 312278,"Plan Width": 24,"Actual Startup Time": 34.166,"Actual Total Time": 490.513,"Actual Rows": 30534,"Actual Loops": 1,"Workers Planned": 3,"Workers Launched": 3,"Single Copy": false,"Plans": [{"Node Type": "Nested Loop","Parent Relationship": "Outer","Parallel Aware": false,"Async Capable": false,"Join Type": "Inner","Startup Cost": 4521.58,"Total Cost": 108517.85,"Plan Rows": 100735,"Plan Width": 24,"Actual Startup Time": 27.370,"Actual Total Time": 497.819,"Actual Rows": 7634,"Actual Loops": 4,"Inner Unique": false,"Workers": [],"Plans": [{"Node Type": "Hash Join","Parent Relationship": "Outer","Parallel Aware": true,"Async Capable": false,"Join Type": "Inner","Startup Cost": 4521.15,"Total Cost": 37278.96,"Plan Rows": 46406,"Plan Width": 12,"Actual Startup Time": 27.180,"Actual Total Time": 220.121,"Actual Rows": 36580,"Actual Loops": 4,"Inner Unique": true,"Hash Cond": "(orders.o_custkey = customer.c_custkey)","Workers": [],"Plans": [{"Node Type": "Seq Scan","Parent Relationship": "Outer","Parallel Aware": true,"Async Capable": false,"Relation Name": "orders","Alias": "orders","Startup Cost": 0.00,"Total Cost": 32143.39,"Plan Rows": 234059,"Plan Width": 16,"Actual Startup Time": 0.012,"Actual Total Time": 141.016,"Actual Rows": 180877,"Actual Loops": 4,"Filter": "(o_orderdate < '1995-03-09'::date)","Rows Removed by Filter": 194123,"Workers": []},{"Node Type": "Hash","Parent Relationship": "Inner","Parallel Aware": true,"Async Capable": false,"Startup Cost": 4366.25,"Total Cost": 4366.25,"Plan Rows": 12392,"Plan Width": 4,"Actual Startup Time": 26.696,"Actual Total Time": 26.700,"Actual Rows": 7536,"Actual Loops": 4,"Hash Buckets": 32768,"Original Hash Buckets": 32768,"Hash Batches": 1,"Original Hash Batches": 1,"Peak Memory Usage": 1472,"Workers": [],"Plans": [{"Node Type": "Seq Scan","Parent Relationship": "Outer","Parallel Aware": true,"Async Capable": false,"Relation Name": "customer","Alias": "customer","Startup Cost": 0.00,"Total Cost": 4366.25,"Plan Rows": 12392,"Plan Width": 4,"Actual Startup Time": 0.036,"Actual Total Time": 23.001,"Actual Rows": 7536,"Actual Loops": 4,"Filter": "(c_mktsegment = 'BUILDING'::bpchar)","Rows Removed by Filter": 29964,"Workers": []}]}]},{"Node Type": "Index Scan","Parent Relationship": "Inner","Parallel Aware": false,"Async Capable": false,"Scan Direction": "Forward","Index Name": "idx_lineitem_orderkey","Relation Name": "lineitem","Alias": "lineitem","Startup Cost": 0.43,"Total Cost": 1.45,"Plan Rows": 9,"Plan Width": 16,"Actual Startup Time": 0.007,"Actual Total Time": 0.007,"Actual Rows": 0,"Actual Loops": 146322,"Index Cond": "(l_orderkey = orders.o_orderkey)","Rows Removed by Index Recheck": 0,"Filter": "(l_shipdate > '1995-03-09'::date)","Rows Removed by Filter": 4,"Workers": []}]}]}]}]},"Planning Time": 5.915,"Triggers": [],"Execution Time": 560.411}]
[{"Plan": {"Node Type": "Sort","Parallel Aware": false,"Async Capable": false,"Startup Cost": 178989.67,"Total Cost": 179777.60,"Plan Rows": 315173,"Plan Width": 44,"Actual Startup Time": 516.727,"Actual Total Time": 528.343,"Actual Rows": 11426,"Actual Loops": 1,"Sort Key": ["(sum((lineitem.l_extendedprice * ('1'::numeric - lineitem.l_discount)))) DESC", "orders.o_orderdate"],"Sort Method": "quicksort","Sort Space Used": 1099,"Sort Space Type": "Memory","Plans": [{"Node Type": "Aggregate","Strategy": "Hashed","Partial Mode": "Simple","Parent Relationship": "Outer","Parallel Aware": false,"Async Capable": false,"Startup Cost": 146265.60,"Total Cost": 150205.26,"Plan Rows": 315173,"Plan Width": 44,"Actual Startup Time": 497.077,"Actual Total Time": 520.833,"Actual Rows": 11426,"Actual Loops": 1,"Group Key": ["lineitem.l_orderkey", "orders.o_orderdate", "orders.o_shippriority"],"Planned Partitions": 0,"HashAgg Batches": 1,"Peak Memory Usage": 20497,"Disk Usage": 0,"Plans": [{"Node Type": "Gather","Parent Relationship": "Outer","Parallel Aware": false,"Async Capable": false,"Startup Cost": 5522.96,"Total Cost": 141538.00,"Plan Rows": 315173,"Plan Width": 24,"Actual Startup Time": 32.217,"Actual Total Time": 477.531,"Actual Rows": 30268,"Actual Loops": 1,"Workers Planned": 3,"Workers Launched": 3,"Single Copy": false,"Plans": [{"Node Type": "Nested Loop","Parent Relationship": "Outer","Parallel Aware": false,"Async Capable": false,"Join Type": "Inner","Startup Cost": 4522.96,"Total Cost": 109020.70,"Plan Rows": 101669,"Plan Width": 24,"Actual Startup Time": 25.049,"Actual Total Time": 480.344,"Actual Rows": 7567,"Actual Loops": 4,"Inner Unique": false,"Workers": [],"Plans": [{"Node Type": "Hash Join","Parent Relationship": "Outer","Parallel Aware": true,"Async Capable": false,"Join Type": "Inner","Startup Cost": 4522.52,"Total Cost": 37278.33,"Plan Rows": 46667,"Plan Width": 12,"Actual Startup Time": 24.913,"Actual Total Time": 207.811,"Actual Rows": 35970,"Actual Loops": 4,"Inner Unique": true,"Hash Cond": "(orders.o_custkey = customer.c_custkey)","Workers": [],"Plans": [{"Node Type": "Seq Scan","Parent Relationship": "Outer","Parallel Aware": true,"Async Capable": false,"Relation Name": "orders","Alias": "orders","Startup Cost": 0.00,"Total Cost": 32143.39,"Plan Rows": 233295,"Plan Width": 16,"Actual Startup Time": 0.011,"Actual Total Time": 137.273,"Actual Rows": 180256,"Actual Loops": 4,"Filter": "(o_orderdate < '1995-03-05'::date)","Rows Removed by Filter": 194744,"Workers": []},{"Node Type": "Hash","Parent Relationship": "Inner","Parallel Aware": true,"Async Capable": false,"Startup Cost": 4366.25,"Total Cost": 4366.25,"Plan Rows": 12502,"Plan Width": 4,"Actual Startup Time": 24.466,"Actual Total Time": 24.469,"Actual Rows": 7547,"Actual Loops": 4,"Hash Buckets": 32768,"Original Hash Buckets": 32768,"Hash Batches": 1,"Original Hash Batches": 1,"Peak Memory Usage": 1504,"Workers": [],"Plans": [{"Node Type": "Seq Scan","Parent Relationship": "Outer","Parallel Aware": true,"Async Capable": false,"Relation Name": "customer","Alias": "customer","Startup Cost": 0.00,"Total Cost": 4366.25,"Plan Rows": 12502,"Plan Width": 4,"Actual Startup Time": 0.039,"Actual Total Time": 21.341,"Actual Rows": 7547,"Actual Loops": 4,"Filter": "(c_mktsegment = 'HOUSEHOLD'::bpchar)","Rows Removed by Filter": 29953,"Workers": []}]}]},{"Node Type": "Index Scan","Parent Relationship": "Inner","Parallel Aware": false,"Async Capable": false,"Scan Direction": "Forward","Index Name": "idx_lineitem_orderkey","Relation Name": "lineitem","Alias": "lineitem","Startup Cost": 0.43,"Total Cost": 1.45,"Plan Rows": 9,"Plan Width": 16,"Actual Startup Time": 0.007,"Actual Total Time": 0.007,"Actual Rows": 0,"Actual Loops": 143880,"Index Cond": "(l_orderkey = orders.o_orderkey)","Rows Removed by Index Recheck": 0,"Filter": "(l_shipdate > '1995-03-05'::date)","Rows Removed by Filter": 4,"Workers": []}]}]}]}]},"Planning Time": 5.721,"Triggers": [],"Execution Time": 540.728}]
[{"Plan": {"Node Type": "Sort","Parallel Aware": false,"Async Capable": false,"Startup Cost": 178231.19,"Total Cost": 179012.64,"Plan Rows": 312580,"Plan Width": 44,"Actual Startup Time": 523.096,"Actual Total Time": 534.491,"Actual Rows": 11643,"Actual Loops": 1,"Sort Key": ["(sum((lineitem.l_extendedprice * ('1'::numeric - lineitem.l_discount)))) DESC", "orders.o_orderdate"],"Sort Method": "quicksort","Sort Space Used": 1112,"Sort Space Type": "Memory","Plans": [{"Node Type": "Aggregate","Strategy": "Hashed","Partial Mode": "Simple","Parent Relationship": "Outer","Parallel Aware": false,"Async Capable": false,"Startup Cost": 145794.97,"Total Cost": 149702.22,"Plan Rows": 312580,"Plan Width": 44,"Actual Startup Time": 501.267,"Actual Total Time": 526.429,"Actual Rows": 11643,"Actual Loops": 1,"Group Key": ["lineitem.l_orderkey", "orders.o_orderdate", "orders.o_shippriority"],"Planned Partitions": 0,"HashAgg Batches": 1,"Peak Memory Usage": 20497,"Disk Usage": 0,"Plans": [{"Node Type": "Gather","Parent Relationship": "Outer","Parallel Aware": false,"Async Capable": false,"Startup Cost": 5521.58,"Total Cost": 141106.27,"Plan Rows": 312580,"Plan Width": 24,"Actual Startup Time": 30.384,"Actual Total Time": 480.812,"Actual Rows": 30664,"Actual Loops": 1,"Workers Planned": 3,"Workers Launched": 3,"Single Copy": false,"Plans": [{"Node Type": "Nested Loop","Parent Relationship": "Outer","Parallel Aware": false,"Async Capable": false,"Join Type": "Inner","Startup Cost": 4521.58,"Total Cost": 108848.27,"Plan Rows": 100832,"Plan Width": 24,"Actual Startup Time": 23.751,"Actual Total Time": 484.893,"Actual Rows": 7666,"Actual Loops": 4,"Inner Unique": false,"Workers": [],"Plans": [{"Node Type": "Hash Join","Parent Relationship": "Outer","Parallel Aware": true,"Async Capable": false,"Join Type": "Inner","Startup Cost": 4521.15,"Total Cost": 37283.95,"Plan Rows": 46783,"Plan Width": 12,"Actual Startup Time": 23.592,"Actual Total Time": 207.079,"Actual Rows": 36852,"Actual Loops": 4,"Inner Unique": true,"Hash Cond": "(orders.o_custkey = customer.c_custkey)","Workers": [],"Plans": [{"Node Type": "Seq Scan","Parent Relationship": "Outer","Parallel Aware": true,"Async Capable": false,"Relation Name": "orders","Alias": "orders","Startup Cost": 0.00,"Total Cost": 32143.39,"Plan Rows": 235959,"Plan Width": 16,"Actual Startup Time": 0.010,"Actual Total Time": 137.754,"Actual Rows": 182140,"Actual Loops": 4,"Filter": "(o_orderdate < '1995-03-17'::date)","Rows Removed by Filter": 192860,"Workers": []},{"Node Type": "Hash","Parent Relationship": "Inner","Parallel Aware": true,"Async Capable": false,"Startup Cost": 4366.25,"Total Cost": 4366.25,"Plan Rows": 12392,"Plan Width": 4,"Actual Startup Time": 23.158,"Actual Total Time": 23.162,"Actual Rows": 7536,"Actual Loops": 4,"Hash Buckets": 32768,"Original Hash Buckets": 32768,"Hash Batches": 1,"Original Hash Batches": 1,"Peak Memory Usage": 1504,"Workers": [],"Plans": [{"Node Type": "Seq Scan","Parent Relationship": "Outer","Parallel Aware": true,"Async Capable": false,"Relation Name": "customer","Alias": "customer","Startup Cost": 0.00,"Total Cost": 4366.25,"Plan Rows": 12392,"Plan Width": 4,"Actual Startup Time": 0.034,"Actual Total Time": 20.072,"Actual Rows": 7536,"Actual Loops": 4,"Filter": "(c_mktsegment = 'BUILDING'::bpchar)","Rows Removed by Filter": 29964,"Workers": []}]}]},{"Node Type": "Index Scan","Parent Relationship": "Inner","Parallel Aware": false,"Async Capable": false,"Scan Direction": "Forward","Index Name": "idx_lineitem_orderkey","Relation Name": "lineitem","Alias": "lineitem","Startup Cost": 0.43,"Total Cost": 1.44,"Plan Rows": 9,"Plan Width": 16,"Actual Startup Time": 0.007,"Actual Total Time": 0.007,"Actual Rows": 0,"Actual Loops": 147406,"Index Cond": "(l_orderkey = orders.o_orderkey)","Rows Removed by Index Recheck": 0,"Filter": "(l_shipdate > '1995-03-17'::date)","Rows Removed by Filter": 4,"Workers": []}]}]}]}]},"Planning Time": 6.754,"Triggers": [],"Execution Time": 547.533}]
[{"Plan": {"Node Type": "Sort","Parallel Aware": false,"Async Capable": false,"Startup Cost": 177191.24,"Total Cost": 177969.91,"Plan Rows": 311470,"Plan Width": 44,"Actual Startup Time": 514.296,"Actual Total Time": 524.833,"Actual Rows": 11425,"Actual Loops": 1,"Sort Key": ["(sum((lineitem.l_extendedprice * ('1'::numeric - lineitem.l_discount)))) DESC", "orders.o_orderdate"],"Sort Method": "quicksort","Sort Space Used": 1099,"Sort Space Type": "Memory","Plans": [{"Node Type": "Aggregate","Strategy": "Hashed","Partial Mode": "Simple","Parent Relationship": "Outer","Parallel Aware": false,"Async Capable": false,"Startup Cost": 144878.20,"Total Cost": 148771.57,"Plan Rows": 311470,"Plan Width": 44,"Actual Startup Time": 491.185,"Actual Total Time": 517.364,"Actual Rows": 11425,"Actual Loops": 1,"Group Key": ["lineitem.l_orderkey", "orders.o_orderdate", "orders.o_shippriority"],"Planned Partitions": 0,"HashAgg Batches": 1,"Peak Memory Usage": 20497,"Disk Usage": 0,"Plans": [{"Node Type": "Gather","Parent Relationship": "Outer","Parallel Aware": false,"Async Capable": false,"Startup Cost": 5521.08,"Total Cost": 140206.15,"Plan Rows": 311470,"Plan Width": 24,"Actual Startup Time": 29.751,"Actual Total Time": 470.153,"Actual Rows": 30227,"Actual Loops": 1,"Workers Planned": 3,"Workers Launched": 3,"Single Copy": false,"Plans": [{"Node Type": "Nested Loop","Parent Relationship": "Outer","Parallel Aware": false,"Async Capable": false,"Join Type": "Inner","Startup Cost": 4521.08,"Total Cost": 108059.15,"Plan Rows": 100474,"Plan Width": 24,"Actual Startup Time": 22.858,"Actual Total Time": 474.704,"Actual Rows": 7557,"Actual Loops": 4,"Inner Unique": false,"Workers": [],"Plans": [{"Node Type": "Hash Join","Parent Relationship": "Outer","Parallel Aware": true,"Async Capable": false,"Join Type": "Inner","Startup Cost": 4520.65,"Total Cost": 37274.95,"Plan Rows": 45994,"Plan Width": 12,"Actual Startup Time": 22.472,"Actual Total Time": 203.349,"Actual Rows": 35754,"Actual Loops": 4,"Inner Unique": true,"Hash Cond": "(orders.o_custkey = customer.c_custkey)","Workers": [],"Plans": [{"Node Type": "Seq Scan","Parent Relationship": "Outer","Parallel Aware": true,"Async Capable": false,"Relation Name": "orders","Alias": "orders","Startup Cost": 0.00,"Total Cost": 32143.39,"Plan Rows": 232722,"Plan Width": 16,"Actual Startup Time": 0.011,"Actual Total Time": 135.575,"Actual Rows": 179789,"Actual Loops": 4,"Filter": "(o_orderdate < '1995-03-02'::date)","Rows Removed by Filter": 195211,"Workers": []},{"Node Type": "Hash","Parent Relationship": "Inner","Parallel Aware": true,"Async Capable": false,"Startup Cost": 4366.25,"Total Cost": 4366.25,"Plan Rows": 12352,"Plan Width": 4,"Actual Startup Time": 21.981,"Actual Total Time": 21.986,"Actual Rows": 7438,"Actual Loops": 4,"Hash Buckets": 32768,"Original Hash Buckets": 32768,"Hash Batches": 1,"Original Hash Batches": 1,"Peak Memory Usage": 1472,"Workers": [],"Plans": [{"Node Type": "Seq Scan","Parent Relationship": "Outer","Parallel Aware": true,"Async Capable": false,"Relation Name": "customer","Alias": "customer","Startup Cost": 0.00,"Total Cost": 4366.25,"Plan Rows": 12352,"Plan Width": 4,"Actual Startup Time": 0.033,"Actual Total Time": 18.902,"Actual Rows": 7438,"Actual Loops": 4,"Filter": "(c_mktsegment = 'AUTOMOBILE'::bpchar)","Rows Removed by Filter": 30062,"Workers": []}]}]},{"Node Type": "Index Scan","Parent Relationship": "Inner","Parallel Aware": false,"Async Capable": false,"Scan Direction": "Forward","Index Name": "idx_lineitem_orderkey","Relation Name": "lineitem","Alias": "lineitem","Startup Cost": 0.43,"Total Cost": 1.45,"Plan Rows": 9,"Plan Width": 16,"Actual Startup Time": 0.007,"Actual Total Time": 0.007,"Actual Rows": 0,"Actual Loops": 143017,"Index Cond": "(l_orderkey = orders.o_orderkey)","Rows Removed by Index Recheck": 0,"Filter": "(l_shipdate > '1995-03-02'::date)","Rows Removed by Filter": 4,"Workers": []}]}]}]}]},"Planning Time": 5.711,"Triggers": [],"Execution Time": 539.056}]
[{"Plan": {"Node Type": "Sort","Parallel Aware": false,"Async Capable": false,"Startup Cost": 178253.54,"Total Cost": 179032.30,"Plan Rows": 311506,"Plan Width": 44,"Actual Startup Time": 542.990,"Actual Total Time": 552.619,"Actual Rows": 11412,"Actual Loops": 1,"Sort Key": ["(sum((lineitem.l_extendedprice * ('1'::numeric - lineitem.l_discount)))) DESC", "orders.o_orderdate"],"Sort Method": "quicksort","Sort Space Used": 1098,"Sort Space Type": "Memory","Plans": [{"Node Type": "Aggregate","Strategy": "Hashed","Partial Mode": "Simple","Parent Relationship": "Outer","Parallel Aware": false,"Async Capable": false,"Startup Cost": 145936.50,"Total Cost": 149830.33,"Plan Rows": 311506,"Plan Width": 44,"Actual Startup Time": 520.259,"Actual Total Time": 542.586,"Actual Rows": 11412,"Actual Loops": 1,"Group Key": ["lineitem.l_orderkey", "orders.o_orderdate", "orders.o_shippriority"],"Planned Partitions": 0,"HashAgg Batches": 1,"Peak Memory Usage": 20497,"Disk Usage": 0,"Plans": [{"Node Type": "Gather","Parent Relationship": "Outer","Parallel Aware": false,"Async Capable": false,"Startup Cost": 5521.08,"Total Cost": 141263.91,"Plan Rows": 311506,"Plan Width": 24,"Actual Startup Time": 34.718,"Actual Total Time": 493.864,"Actual Rows": 29909,"Actual Loops": 1,"Workers Planned": 3,"Workers Launched": 3,"Single Copy": false,"Plans": [{"Node Type": "Nested Loop","Parent Relationship": "Outer","Parallel Aware": false,"Async Capable": false,"Join Type": "Inner","Startup Cost": 4521.08,"Total Cost": 109113.31,"Plan Rows": 100486,"Plan Width": 24,"Actual Startup Time": 26.864,"Actual Total Time": 502.216,"Actual Rows": 7477,"Actual Loops": 4,"Inner Unique": false,"Workers": [],"Plans": [{"Node Type": "Hash Join","Parent Relationship": "Outer","Parallel Aware": true,"Async Capable": false,"Join Type": "Inner","Startup Cost": 4520.65,"Total Cost": 37290.95,"Plan Rows": 47198,"Plan Width": 12,"Actual Startup Time": 26.201,"Actual Total Time": 219.838,"Actual Rows": 36644,"Actual Loops": 4,"Inner Unique": true,"Hash Cond": "(orders.o_custkey = customer.c_custkey)","Workers": [],"Plans": [{"Node Type": "Seq Scan","Parent Relationship": "Outer","Parallel Aware": true,"Async Capable": false,"Relation Name": "orders","Alias": "orders","Startup Cost": 0.00,"Total Cost": 32143.39,"Plan Rows": 238816,"Plan Width": 16,"Actual Startup Time": 0.013,"Actual Total Time": 141.852,"Actual Rows": 184291,"Actual Loops": 4,"Filter": "(o_orderdate < '1995-03-31'::date)","Rows Removed by Filter": 190709,"Workers": []},{"Node Type": "Hash","Parent Relationship": "Inner","Parallel Aware": true,"Async Capable": false,"Startup Cost": 4366.25,"Total Cost": 4366.25,"Plan Rows": 12352,"Plan Width": 4,"Actual Startup Time": 25.646,"Actual Total Time": 25.652,"Actual Rows": 7438,"Actual Loops": 4,"Hash Buckets": 32768,"Original Hash Buckets": 32768,"Hash Batches": 1,"Original Hash Batches": 1,"Peak Memory Usage": 1472,"Workers": [],"Plans": [{"Node Type": "Seq Scan","Parent Relationship": "Outer","Parallel Aware": true,"Async Capable": false,"Relation Name": "customer","Alias": "customer","Startup Cost": 0.00,"Total Cost": 4366.25,"Plan Rows": 12352,"Plan Width": 4,"Actual Startup Time": 0.044,"Actual Total Time": 21.670,"Actual Rows": 7438,"Actual Loops": 4,"Filter": "(c_mktsegment = 'AUTOMOBILE'::bpchar)","Rows Removed by Filter": 30062,"Workers": []}]}]},{"Node Type": "Index Scan","Parent Relationship": "Inner","Parallel Aware": false,"Async Capable": false,"Scan Direction": "Forward","Index Name": "idx_lineitem_orderkey","Relation Name": "lineitem","Alias": "lineitem","Startup Cost": 0.43,"Total Cost": 1.43,"Plan Rows": 9,"Plan Width": 16,"Actual Startup Time": 0.007,"Actual Total Time": 0.007,"Actual Rows": 0,"Actual Loops": 146577,"Index Cond": "(l_orderkey = orders.o_orderkey)","Rows Removed by Index Recheck": 0,"Filter": "(l_shipdate > '1995-03-31'::date)","Rows Removed by Filter": 4,"Workers": []}]}]}]}]},"Planning Time": 5.431,"Triggers": [],"Execution Time": 565.719}]
[{"Plan": {"Node Type": "Sort","Parallel Aware": false,"Async Capable": false,"Startup Cost": 182924.83,"Total Cost": 183729.35,"Plan Rows": 321807,"Plan Width": 44,"Actual Startup Time": 514.771,"Actual Total Time": 525.262,"Actual Rows": 11450,"Actual Loops": 1,"Sort Key": ["(sum((lineitem.l_extendedprice * ('1'::numeric - lineitem.l_discount)))) DESC", "orders.o_orderdate"],"Sort Method": "quicksort","Sort Space Used": 1100,"Sort Space Type": "Memory","Plans": [{"Node Type": "Aggregate","Strategy": "Hashed","Partial Mode": "Simple","Parent Relationship": "Outer","Parallel Aware": false,"Async Capable": false,"Startup Cost": 149463.60,"Total Cost": 153486.19,"Plan Rows": 321807,"Plan Width": 44,"Actual Startup Time": 491.950,"Actual Total Time": 516.728,"Actual Rows": 11450,"Actual Loops": 1,"Group Key": ["lineitem.l_orderkey", "orders.o_orderdate", "orders.o_shippriority"],"Planned Partitions": 0,"HashAgg Batches": 1,"Peak Memory Usage": 20497,"Disk Usage": 0,"Plans": [{"Node Type": "Gather","Parent Relationship": "Outer","Parallel Aware": false,"Async Capable": false,"Startup Cost": 5526.18,"Total Cost": 144636.49,"Plan Rows": 321807,"Plan Width": 24,"Actual Startup Time": 29.549,"Actual Total Time": 470.093,"Actual Rows": 30475,"Actual Loops": 1,"Workers Planned": 3,"Workers Launched": 3,"Single Copy": false,"Plans": [{"Node Type": "Nested Loop","Parent Relationship": "Outer","Parallel Aware": false,"Async Capable": false,"Join Type": "Inner","Startup Cost": 4526.18,"Total Cost": 111455.79,"Plan Rows": 103809,"Plan Width": 24,"Actual Startup Time": 22.741,"Actual Total Time": 475.356,"Actual Rows": 7619,"Actual Loops": 4,"Inner Unique": false,"Workers": [],"Plans": [{"Node Type": "Hash Join","Parent Relationship": "Outer","Parallel Aware": true,"Async Capable": false,"Join Type": "Inner","Startup Cost": 4525.75,"Total Cost": 37295.51,"Plan Rows": 48716,"Plan Width": 12,"Actual Startup Time": 22.529,"Actual Total Time": 203.769,"Actual Rows": 36758,"Actual Loops": 4,"Inner Unique": true,"Hash Cond": "(orders.o_custkey = customer.c_custkey)","Workers": [],"Plans": [{"Node Type": "Seq Scan","Parent Relationship": "Outer","Parallel Aware": true,"Async Capable": false,"Relation Name": "orders","Alias": "orders","Startup Cost": 0.00,"Total Cost": 32143.39,"Plan Rows": 238609,"Plan Width": 16,"Actual Startup Time": 0.011,"Actual Total Time": 134.727,"Actual Rows": 184142,"Actual Loops": 4,"Filter": "(o_orderdate < '1995-03-30'::date)","Rows Removed by Filter": 190858,"Workers": []},{"Node Type": "Hash","Parent Relationship": "Inner","Parallel Aware": true,"Async Capable": false,"Startup Cost": 4366.25,"Total Cost": 4366.25,"Plan Rows": 12760,"Plan Width": 4,"Actual Startup Time": 22.063,"Actual Total Time": 22.069,"Actual Rows": 7492,"Actual Loops": 4,"Hash Buckets": 32768,"Original Hash Buckets": 32768,"Hash Batches": 1,"Original Hash Batches": 1,"Peak Memory Usage": 1504,"Workers": [],"Plans": [{"Node Type": "Seq Scan","Parent Relationship": "Outer","Parallel Aware": true,"Async Capable": false,"Relation Name": "customer","Alias": "customer","Startup Cost": 0.00,"Total Cost": 4366.25,"Plan Rows": 12760,"Plan Width": 4,"Actual Startup Time": 0.033,"Actual Total Time": 19.019,"Actual Rows": 7492,"Actual Loops": 4,"Filter": "(c_mktsegment = 'FURNITURE'::bpchar)","Rows Removed by Filter": 30008,"Workers": []}]}]},{"Node Type": "Index Scan","Parent Relationship": "Inner","Parallel Aware": false,"Async Capable": false,"Scan Direction": "Forward","Index Name": "idx_lineitem_orderkey","Relation Name": "lineitem","Alias": "lineitem","Startup Cost": 0.43,"Total Cost": 1.43,"Plan Rows": 9,"Plan Width": 16,"Actual Startup Time": 0.007,"Actual Total Time": 0.007,"Actual Rows": 0,"Actual Loops": 147034,"Index Cond": "(l_orderkey = orders.o_orderkey)","Rows Removed by Index Recheck": 0,"Filter": "(l_shipdate > '1995-03-30'::date)","Rows Removed by Filter": 4,"Workers": []}]}]}]}]},"Planning Time": 4.736,"Triggers": [],"Execution Time": 538.193}]
[{"Plan": {"Node Type": "Sort","Parallel Aware": false,"Async Capable": false,"Startup Cost": 179098.41,"Total Cost": 179886.07,"Plan Rows": 315061,"Plan Width": 44,"Actual Startup Time": 536.555,"Actual Total Time": 546.513,"Actual Rows": 11424,"Actual Loops": 1,"Sort Key": ["(sum((lineitem.l_extendedprice * ('1'::numeric - lineitem.l_discount)))) DESC", "orders.o_orderdate"],"Sort Method": "quicksort","Sort Space Used": 1099,"Sort Space Type": "Memory","Plans": [{"Node Type": "Aggregate","Strategy": "Hashed","Partial Mode": "Simple","Parent Relationship": "Outer","Parallel Aware": false,"Async Capable": false,"Startup Cost": 146386.78,"Total Cost": 150325.04,"Plan Rows": 315061,"Plan Width": 44,"Actual Startup Time": 513.819,"Actual Total Time": 538.122,"Actual Rows": 11424,"Actual Loops": 1,"Group Key": ["lineitem.l_orderkey", "orders.o_orderdate", "orders.o_shippriority"],"Planned Partitions": 0,"HashAgg Batches": 1,"Peak Memory Usage": 20497,"Disk Usage": 0,"Plans": [{"Node Type": "Gather","Parent Relationship": "Outer","Parallel Aware": false,"Async Capable": false,"Startup Cost": 5522.96,"Total Cost": 141660.86,"Plan Rows": 315061,"Plan Width": 24,"Actual Startup Time": 32.582,"Actual Total Time": 491.857,"Actual Rows": 30303,"Actual Loops": 1,"Workers Planned": 3,"Workers Launched": 3,"Single Copy": false,"Plans": [{"Node Type": "Nested Loop","Parent Relationship": "Outer","Parallel Aware": false,"Async Capable": false,"Join Type": "Inner","Startup Cost": 4522.96,"Total Cost": 109154.76,"Plan Rows": 101633,"Plan Width": 24,"Actual Startup Time": 25.583,"Actual Total Time": 497.242,"Actual Rows": 7576,"Actual Loops": 4,"Inner Unique": false,"Workers": [],"Plans": [{"Node Type": "Hash Join","Parent Relationship": "Outer","Parallel Aware": true,"Async Capable": false,"Join Type": "Inner","Startup Cost": 4522.52,"Total Cost": 37280.34,"Plan Rows": 46820,"Plan Width": 12,"Actual Startup Time": 25.451,"Actual Total Time": 217.313,"Actual Rows": 36096,"Actual Loops": 4,"Inner Unique": true,"Hash Cond": "(orders.o_custkey = customer.c_custkey)","Workers": [],"Plans": [{"Node Type": "Seq Scan","Parent Relationship": "Outer","Parallel Aware": true,"Async Capable": false,"Relation Name": "orders","Alias": "orders","Startup Cost": 0.00,"Total Cost": 32143.39,"Plan Rows": 234059,"Plan Width": 16,"Actual Startup Time": 0.023,"Actual Total Time": 141.963,"Actual Rows": 180877,"Actual Loops": 4,"Filter": "(o_orderdate < '1995-03-09'::date)","Rows Removed by Filter": 194123,"Workers": []},{"Node Type": "Hash","Parent Relationship": "Inner","Parallel Aware": true,"Async Capable": false,"Startup Cost": 4366.25,"Total Cost": 4366.25,"Plan Rows": 12502,"Plan Width": 4,"Actual Startup Time": 25.023,"Actual Total Time": 25.029,"Actual Rows": 7547,"Actual Loops": 4,"Hash Buckets": 32768,"Original Hash Buckets": 32768,"Hash Batches": 1,"Original Hash Batches": 1,"Peak Memory Usage": 1504,"Workers": [],"Plans": [{"Node Type": "Seq Scan","Parent Relationship": "Outer","Parallel Aware": true,"Async Capable": false,"Relation Name": "customer","Alias": "customer","Startup Cost": 0.00,"Total Cost": 4366.25,"Plan Rows": 12502,"Plan Width": 4,"Actual Startup Time": 0.028,"Actual Total Time": 21.849,"Actual Rows": 7547,"Actual Loops": 4,"Filter": "(c_mktsegment = 'HOUSEHOLD'::bpchar)","Rows Removed by Filter": 29953,"Workers": []}]}]},{"Node Type": "Index Scan","Parent Relationship": "Inner","Parallel Aware": false,"Async Capable": false,"Scan Direction": "Forward","Index Name": "idx_lineitem_orderkey","Relation Name": "lineitem","Alias": "lineitem","Startup Cost": 0.43,"Total Cost": 1.45,"Plan Rows": 9,"Plan Width": 16,"Actual Startup Time": 0.007,"Actual Total Time": 0.008,"Actual Rows": 0,"Actual Loops": 144386,"Index Cond": "(l_orderkey = orders.o_orderkey)","Rows Removed by Index Recheck": 0,"Filter": "(l_shipdate > '1995-03-09'::date)","Rows Removed by Filter": 4,"Workers": []}]}]}]}]},"Planning Time": 6.924,"Triggers": [],"Execution Time": 560.310}]
[{"Plan": {"Node Type": "Sort","Parallel Aware": false,"Async Capable": false,"Startup Cost": 177671.19,"Total Cost": 178452.30,"Plan Rows": 312443,"Plan Width": 44,"Actual Startup Time": 548.175,"Actual Total Time": 558.958,"Actual Rows": 11612,"Actual Loops": 1,"Sort Key": ["(sum((lineitem.l_extendedprice * ('1'::numeric - lineitem.l_discount)))) DESC", "orders.o_orderdate"],"Sort Method": "quicksort","Sort Space Used": 1110,"Sort Space Type": "Memory","Plans": [{"Node Type": "Aggregate","Strategy": "Hashed","Partial Mode": "Simple","Parent Relationship": "Outer","Parallel Aware": false,"Async Capable": false,"Startup Cost": 145250.18,"Total Cost": 149155.72,"Plan Rows": 312443,"Plan Width": 44,"Actual Startup Time": 526.283,"Actual Total Time": 549.747,"Actual Rows": 11612,"Actual Loops": 1,"Group Key": ["lineitem.l_orderkey", "orders.o_orderdate", "orders.o_shippriority"],"Planned Partitions": 0,"HashAgg Batches": 1,"Peak Memory Usage": 20497,"Disk Usage": 0,"Plans": [{"Node Type": "Gather","Parent Relationship": "Outer","Parallel Aware": false,"Async Capable": false,"Startup Cost": 5521.58,"Total Cost": 140563.54,"Plan Rows": 312443,"Plan Width": 24,"Actual Startup Time": 32.236,"Actual Total Time": 501.559,"Actual Rows": 30574,"Actual Loops": 1,"Workers Planned": 3,"Workers Launched": 3,"Single Copy": false,"Plans": [{"Node Type": "Nested Loop","Parent Relationship": "Outer","Parallel Aware": false,"Async Capable": false,"Join Type": "Inner","Startup Cost": 4521.58,"Total Cost": 108319.24,"Plan Rows": 100788,"Plan Width": 24,"Actual Startup Time": 25.290,"Actual Total Time": 508.932,"Actual Rows": 7644,"Actual Loops": 4,"Inner Unique": false,"Workers": [],"Plans": [{"Node Type": "Hash Join","Parent Relationship": "Outer","Parallel Aware": true,"Async Capable": false,"Join Type": "Inner","Startup Cost": 4521.15,"Total Cost": 37275.96,"Plan Rows": 46179,"Plan Width": 12,"Actual Startup Time": 25.092,"Actual Total Time": 222.279,"Actual Rows": 36389,"Actual Loops": 4,"Inner Unique": true,"Hash Cond": "(orders.o_custkey = customer.c_custkey)","Workers": [],"Plans": [{"Node Type": "Seq Scan","Parent Relationship": "Outer","Parallel Aware": true,"Async Capable": false,"Relation Name": "orders","Alias": "orders","Startup Cost": 0.00,"Total Cost": 32143.39,"Plan Rows": 232913,"Plan Width": 16,"Actual Startup Time": 0.012,"Actual Total Time": 145.170,"Actual Rows": 179945,"Actual Loops": 4,"Filter": "(o_orderdate < '1995-03-03'::date)","Rows Removed by Filter": 195055,"Workers": []},{"Node Type": "Hash","Parent Relationship": "Inner","Parallel Aware": true,"Async Capable": false,"Startup Cost": 4366.25,"Total Cost": 4366.25,"Plan Rows": 12392,"Plan Width": 4,"Actual Startup Time": 24.613,"Actual Total Time": 24.618,"Actual Rows": 7536,"Actual Loops": 4,"Hash Buckets": 32768,"Original Hash Buckets": 32768,"Hash Batches": 1,"Original Hash Batches": 1,"Peak Memory Usage": 1504,"Workers": [],"Plans": [{"Node Type": "Seq Scan","Parent Relationship": "Outer","Parallel Aware": true,"Async Capable": false,"Relation Name": "customer","Alias": "customer","Startup Cost": 0.00,"Total Cost": 4366.25,"Plan Rows": 12392,"Plan Width": 4,"Actual Startup Time": 0.035,"Actual Total Time": 20.691,"Actual Rows": 7536,"Actual Loops": 4,"Filter": "(c_mktsegment = 'BUILDING'::bpchar)","Rows Removed by Filter": 29964,"Workers": []}]}]},{"Node Type": "Index Scan","Parent Relationship": "Inner","Parallel Aware": false,"Async Capable": false,"Scan Direction": "Forward","Index Name": "idx_lineitem_orderkey","Relation Name": "lineitem","Alias": "lineitem","Startup Cost": 0.43,"Total Cost": 1.45,"Plan Rows": 9,"Plan Width": 16,"Actual Startup Time": 0.007,"Actual Total Time": 0.008,"Actual Rows": 0,"Actual Loops": 145555,"Index Cond": "(l_orderkey = orders.o_orderkey)","Rows Removed by Index Recheck": 0,"Filter": "(l_shipdate > '1995-03-03'::date)","Rows Removed by Filter": 4,"Workers": []}]}]}]}]},"Planning Time": 6.305,"Triggers": [],"Execution Time": 571.224}]
[{"Plan": {"Node Type": "Sort","Parallel Aware": false,"Async Capable": false,"Startup Cost": 179874.66,"Total Cost": 180662.90,"Plan Rows": 315298,"Plan Width": 44,"Actual Startup Time": 523.122,"Actual Total Time": 534.243,"Actual Rows": 11368,"Actual Loops": 1,"Sort Key": ["(sum((lineitem.l_extendedprice * ('1'::numeric - lineitem.l_discount)))) DESC", "orders.o_orderdate"],"Sort Method": "quicksort","Sort Space Used": 1095,"Sort Space Type": "Memory","Plans": [{"Node Type": "Aggregate","Strategy": "Hashed","Partial Mode": "Simple","Parent Relationship": "Outer","Parallel Aware": false,"Async Capable": false,"Startup Cost": 147136.70,"Total Cost": 151077.93,"Plan Rows": 315298,"Plan Width": 44,"Actual Startup Time": 500.257,"Actual Total Time": 526.763,"Actual Rows": 11368,"Actual Loops": 1,"Group Key": ["lineitem.l_orderkey", "orders.o_orderdate", "orders.o_shippriority"],"Planned Partitions": 0,"HashAgg Batches": 1,"Peak Memory Usage": 20497,"Disk Usage": 0,"Plans": [{"Node Type": "Gather","Parent Relationship": "Outer","Parallel Aware": false,"Async Capable": false,"Startup Cost": 5522.96,"Total Cost": 142407.23,"Plan Rows": 315298,"Plan Width": 24,"Actual Startup Time": 30.850,"Actual Total Time": 480.538,"Actual Rows": 30122,"Actual Loops": 1,"Workers Planned": 3,"Workers Launched": 3,"Single Copy": false,"Plans": [{"Node Type": "Nested Loop","Parent Relationship": "Outer","Parallel Aware": false,"Async Capable": false,"Join Type": "Inner","Startup Cost": 4522.96,"Total Cost": 109877.43,"Plan Rows": 101709,"Plan Width": 24,"Actual Startup Time": 23.598,"Actual Total Time": 483.416,"Actual Rows": 7530,"Actual Loops": 4,"Inner Unique": false,"Workers": [],"Plans": [{"Node Type": "Hash Join","Parent Relationship": "Outer","Parallel Aware": true,"Async Capable": false,"Join Type": "Inner","Startup Cost": 4522.52,"Total Cost": 37291.19,"Plan Rows": 47646,"Plan Width": 12,"Actual Startup Time": 23.474,"Actual Total Time": 206.199,"Actual Rows": 36692,"Actual Loops": 4,"Inner Unique": true,"Hash Cond": "(orders.o_custkey = customer.c_custkey)","Workers": [],"Plans": [{"Node Type": "Seq Scan","Parent Relationship": "Outer","Parallel Aware": true,"Async Capable": false,"Relation Name": "orders","Alias": "orders","Startup Cost": 0.00,"Total Cost": 32143.39,"Plan Rows": 238193,"Plan Width": 16,"Actual Startup Time": 0.012,"Actual Total Time": 137.114,"Actual Rows": 183845,"Actual Loops": 4,"Filter": "(o_orderdate < '1995-03-28'::date)","Rows Removed by Filter": 191155,"Workers": []},{"Node Type": "Hash","Parent Relationship": "Inner","Parallel Aware": true,"Async Capable": false,"Startup Cost": 4366.25,"Total Cost": 4366.25,"Plan Rows": 12502,"Plan Width": 4,"Actual Startup Time": 23.007,"Actual Total Time": 23.012,"Actual Rows": 7547,"Actual Loops": 4,"Hash Buckets": 32768,"Original Hash Buckets": 32768,"Hash Batches": 1,"Original Hash Batches": 1,"Peak Memory Usage": 1504,"Workers": [],"Plans": [{"Node Type": "Seq Scan","Parent Relationship": "Outer","Parallel Aware": true,"Async Capable": false,"Relation Name": "customer","Alias": "customer","Startup Cost": 0.00,"Total Cost": 4366.25,"Plan Rows": 12502,"Plan Width": 4,"Actual Startup Time": 0.035,"Actual Total Time": 19.918,"Actual Rows": 7547,"Actual Loops": 4,"Filter": "(c_mktsegment = 'HOUSEHOLD'::bpchar)","Rows Removed by Filter": 29953,"Workers": []}]}]},{"Node Type": "Index Scan","Parent Relationship": "Inner","Parallel Aware": false,"Async Capable": false,"Scan Direction": "Forward","Index Name": "idx_lineitem_orderkey","Relation Name": "lineitem","Alias": "lineitem","Startup Cost": 0.43,"Total Cost": 1.43,"Plan Rows": 9,"Plan Width": 16,"Actual Startup Time": 0.007,"Actual Total Time": 0.007,"Actual Rows": 0,"Actual Loops": 146767,"Index Cond": "(l_orderkey = orders.o_orderkey)","Rows Removed by Index Recheck": 0,"Filter": "(l_shipdate > '1995-03-28'::date)","Rows Removed by Filter": 4,"Workers": []}]}]}]}]},"Planning Time": 5.278,"Triggers": [],"Execution Time": 548.807}]
[{"Plan": {"Node Type": "Sort","Parallel Aware": false,"Async Capable": false,"Startup Cost": 179055.99,"Total Cost": 179842.97,"Plan Rows": 314791,"Plan Width": 44,"Actual Startup Time": 537.774,"Actual Total Time": 548.266,"Actual Rows": 11322,"Actual Loops": 1,"Sort Key": ["(sum((lineitem.l_extendedprice * ('1'::numeric - lineitem.l_discount)))) DESC", "orders.o_orderdate"],"Sort Method": "quicksort","Sort Space Used": 1092,"Sort Space Type": "Memory","Plans": [{"Node Type": "Aggregate","Strategy": "Hashed","Partial Mode": "Simple","Parent Relationship": "Outer","Parallel Aware": false,"Async Capable": false,"Startup Cost": 146374.33,"Total Cost": 150309.22,"Plan Rows": 314791,"Plan Width": 44,"Actual Startup Time": 515.635,"Actual Total Time": 540.283,"Actual Rows": 11322,"Actual Loops": 1,"Group Key": ["lineitem.l_orderkey", "orders.o_orderdate", "orders.o_shippriority"],"Planned Partitions": 0,"HashAgg Batches": 1,"Peak Memory Usage": 20497,"Disk Usage": 0,"Plans": [{"Node Type": "Gather","Parent Relationship": "Outer","Parallel Aware": false,"Async Capable": false,"Startup Cost": 5522.86,"Total Cost": 141652.47,"Plan Rows": 314791,"Plan Width": 24,"Actual Startup Time": 34.571,"Actual Total Time": 494.742,"Actual Rows": 29907,"Actual Loops": 1,"Workers Planned": 3,"Workers Launched": 3,"Single Copy": false,"Plans": [{"Node Type": "Nested Loop","Parent Relationship": "Outer","Parallel Aware": false,"Async Capable": false,"Join Type": "Inner","Startup Cost": 4522.86,"Total Cost": 109173.37,"Plan Rows": 101545,"Plan Width": 24,"Actual Startup Time": 26.901,"Actual Total Time": 498.321,"Actual Rows": 7477,"Actual Loops": 4,"Inner Unique": false,"Workers": [],"Plans": [{"Node Type": "Hash Join","Parent Relationship": "Outer","Parallel Aware": true,"Async Capable": false,"Join Type": "Inner","Startup Cost": 4522.43,"Total Cost": 37281.24,"Plan Rows": 46865,"Plan Width": 12,"Actual Startup Time": 26.671,"Actual Total Time": 217.950,"Actual Rows": 36184,"Actual Loops": 4,"Inner Unique": true,"Hash Cond": "(orders.o_custkey = customer.c_custkey)","Workers": [],"Plans": [{"Node Type": "Seq Scan","Parent Relationship": "Outer","Parallel Aware": true,"Async Capable": false,"Relation Name": "orders","Alias": "orders","Startup Cost": 0.00,"Total Cost": 32143.39,"Plan Rows": 234441,"Plan Width": 16,"Actual Startup Time": 0.014,"Actual Total Time": 141.367,"Actual Rows": 181190,"Actual Loops": 4,"Filter": "(o_orderdate < '1995-03-11'::date)","Rows Removed by Filter": 193810,"Workers": []},{"Node Type": "Hash","Parent Relationship": "Inner","Parallel Aware": true,"Async Capable": false,"Startup Cost": 4366.25,"Total Cost": 4366.25,"Plan Rows": 12494,"Plan Width": 4,"Actual Startup Time": 26.090,"Actual Total Time": 26.093,"Actual Rows": 7487,"Actual Loops": 4,"Hash Buckets": 32768,"Original Hash Buckets": 32768,"Hash Batches": 1,"Original Hash Batches": 1,"Peak Memory Usage": 1504,"Workers": [],"Plans": [{"Node Type": "Seq Scan","Parent Relationship": "Outer","Parallel Aware": true,"Async Capable": false,"Relation Name": "customer","Alias": "customer","Startup Cost": 0.00,"Total Cost": 4366.25,"Plan Rows": 12494,"Plan Width": 4,"Actual Startup Time": 0.046,"Actual Total Time": 22.703,"Actual Rows": 7487,"Actual Loops": 4,"Filter": "(c_mktsegment = 'MACHINERY'::bpchar)","Rows Removed by Filter": 30013,"Workers": []}]}]},{"Node Type": "Index Scan","Parent Relationship": "Inner","Parallel Aware": false,"Async Capable": false,"Scan Direction": "Forward","Index Name": "idx_lineitem_orderkey","Relation Name": "lineitem","Alias": "lineitem","Startup Cost": 0.43,"Total Cost": 1.44,"Plan Rows": 9,"Plan Width": 16,"Actual Startup Time": 0.007,"Actual Total Time": 0.008,"Actual Rows": 0,"Actual Loops": 144738,"Index Cond": "(l_orderkey = orders.o_orderkey)","Rows Removed by Index Recheck": 0,"Filter": "(l_shipdate > '1995-03-11'::date)","Rows Removed by Filter": 4,"Workers": []}]}]}]}]},"Planning Time": 7.099,"Triggers": [],"Execution Time": 563.222}]
[{"Plan": {"Node Type": "Sort","Parallel Aware": false,"Async Capable": false,"Startup Cost": 179886.06,"Total Cost": 180673.76,"Plan Rows": 315079,"Plan Width": 44,"Actual Startup Time": 531.697,"Actual Total Time": 540.119,"Actual Rows": 11272,"Actual Loops": 1,"Sort Key": ["(sum((lineitem.l_extendedprice * ('1'::numeric - lineitem.l_discount)))) DESC", "orders.o_orderdate"],"Sort Method": "quicksort","Sort Space Used": 1089,"Sort Space Type": "Memory","Plans": [{"Node Type": "Aggregate","Strategy": "Hashed","Partial Mode": "Simple","Parent Relationship": "Outer","Parallel Aware": false,"Async Capable": false,"Startup Cost": 147172.42,"Total Cost": 151110.91,"Plan Rows": 315079,"Plan Width": 44,"Actual Startup Time": 509.142,"Actual Total Time": 534.346,"Actual Rows": 11272,"Actual Loops": 1,"Group Key": ["lineitem.l_orderkey", "orders.o_orderdate", "orders.o_shippriority"],"Planned Partitions": 0,"HashAgg Batches": 1,"Peak Memory Usage": 20497,"Disk Usage": 0,"Plans": [{"Node Type": "Gather","Parent Relationship": "Outer","Parallel Aware": false,"Async Capable": false,"Startup Cost": 5522.86,"Total Cost": 142446.24,"Plan Rows": 315079,"Plan Width": 24,"Actual Startup Time": 31.197,"Actual Total Time": 488.366,"Actual Rows": 29866,"Actual Loops": 1,"Workers Planned": 3,"Workers Launched": 3,"Single Copy": false,"Plans": [{"Node Type": "Nested Loop","Parent Relationship": "Outer","Parallel Aware": false,"Async Capable": false,"Join Type": "Inner","Startup Cost": 4522.86,"Total Cost": 109938.34,"Plan Rows": 101638,"Plan Width": 24,"Actual Startup Time": 24.413,"Actual Total Time": 492.775,"Actual Rows": 7466,"Actual Loops": 4,"Inner Unique": false,"Workers": [],"Plans": [{"Node Type": "Hash Join","Parent Relationship": "Outer","Parallel Aware": true,"Async Capable": false,"Join Type": "Inner","Startup Cost": 4522.43,"Total Cost": 37292.73,"Plan Rows": 47739,"Plan Width": 12,"Actual Startup Time": 24.105,"Actual Total Time": 210.579,"Actual Rows": 36803,"Actual Loops": 4,"Inner Unique": true,"Hash Cond": "(orders.o_custkey = customer.c_custkey)","Workers": [],"Plans": [{"Node Type": "Seq Scan","Parent Relationship": "Outer","Parallel Aware": true,"Async Capable": false,"Relation Name": "orders","Alias": "orders","Startup Cost": 0.00,"Total Cost": 32143.39,"Plan Rows": 238816,"Plan Width": 16,"Actual Startup Time": 0.011,"Actual Total Time": 140.832,"Actual Rows": 184291,"Actual Loops": 4,"Filter": "(o_orderdate < '1995-03-31'::date)","Rows Removed by Filter": 190709,"Workers": []},{"Node Type": "Hash","Parent Relationship": "Inner","Parallel Aware": true,"Async Capable": false,"Startup Cost": 4366.25,"Total Cost": 4366.25,"Plan Rows": 12494,"Plan Width": 4,"Actual Startup Time": 23.642,"Actual Total Time": 23.646,"Actual Rows": 7487,"Actual Loops": 4,"Hash Buckets": 32768,"Original Hash Buckets": 32768,"Hash Batches": 1,"Original Hash Batches": 1,"Peak Memory Usage": 1504,"Workers": [],"Plans": [{"Node Type": "Seq Scan","Parent Relationship": "Outer","Parallel Aware": true,"Async Capable": false,"Relation Name": "customer","Alias": "customer","Startup Cost": 0.00,"Total Cost": 4366.25,"Plan Rows": 12494,"Plan Width": 4,"Actual Startup Time": 0.040,"Actual Total Time": 20.509,"Actual Rows": 7487,"Actual Loops": 4,"Filter": "(c_mktsegment = 'MACHINERY'::bpchar)","Rows Removed by Filter": 30013,"Workers": []}]}]},{"Node Type": "Index Scan","Parent Relationship": "Inner","Parallel Aware": false,"Async Capable": false,"Scan Direction": "Forward","Index Name": "idx_lineitem_orderkey","Relation Name": "lineitem","Alias": "lineitem","Startup Cost": 0.43,"Total Cost": 1.43,"Plan Rows": 9,"Plan Width": 16,"Actual Startup Time": 0.007,"Actual Total Time": 0.007,"Actual Rows": 0,"Actual Loops": 147213,"Index Cond": "(l_orderkey = orders.o_orderkey)","Rows Removed by Index Recheck": 0,"Filter": "(l_shipdate > '1995-03-31'::date)","Rows Removed by Filter": 4,"Workers": []}]}]}]}]},"Planning Time": 5.596,"Triggers": [],"Execution Time": 554.219}]
[{"Plan": {"Node Type": "Sort","Parallel Aware": false,"Async Capable": false,"Startup Cost": 182592.89,"Total Cost": 183397.43,"Plan Rows": 321819,"Plan Width": 44,"Actual Startup Time": 475.105,"Actual Total Time": 484.133,"Actual Rows": 11438,"Actual Loops": 1,"Sort Key": ["(sum((lineitem.l_extendedprice * ('1'::numeric - lineitem.l_discount)))) DESC", "orders.o_orderdate"],"Sort Method": "quicksort","Sort Space Used": 1099,"Sort Space Type": "Memory","Plans": [{"Node Type": "Aggregate","Strategy": "Hashed","Partial Mode": "Simple","Parent Relationship": "Outer","Parallel Aware": false,"Async Capable": false,"Startup Cost": 149130.32,"Total Cost": 153153.06,"Plan Rows": 321819,"Plan Width": 44,"Actual Startup Time": 452.613,"Actual Total Time": 476.808,"Actual Rows": 11438,"Actual Loops": 1,"Group Key": ["lineitem.l_orderkey", "orders.o_orderdate", "orders.o_shippriority"],"Planned Partitions": 0,"HashAgg Batches": 1,"Peak Memory Usage": 20497,"Disk Usage": 0,"Plans": [{"Node Type": "Gather","Parent Relationship": "Outer","Parallel Aware": false,"Async Capable": false,"Startup Cost": 5526.18,"Total Cost": 144303.04,"Plan Rows": 321819,"Plan Width": 24,"Actual Startup Time": 30.754,"Actual Total Time": 429.259,"Actual Rows": 30322,"Actual Loops": 1,"Workers Planned": 3,"Workers Launched": 3,"Single Copy": false,"Plans": [{"Node Type": "Nested Loop","Parent Relationship": "Outer","Parallel Aware": false,"Async Capable": false,"Join Type": "Inner","Startup Cost": 4526.18,"Total Cost": 111121.14,"Plan Rows": 103813,"Plan Width": 24,"Actual Startup Time": 23.702,"Actual Total Time": 435.646,"Actual Rows": 7580,"Actual Loops": 4,"Inner Unique": false,"Workers": [],"Plans": [{"Node Type": "Hash Join","Parent Relationship": "Outer","Parallel Aware": true,"Async Capable": false,"Join Type": "Inner","Startup Cost": 4525.75,"Total Cost": 37290.60,"Plan Rows": 48334,"Plan Width": 12,"Actual Startup Time": 23.486,"Actual Total Time": 196.938,"Actual Rows": 36476,"Actual Loops": 4,"Inner Unique": true,"Hash Cond": "(orders.o_custkey = customer.c_custkey)","Workers": [],"Plans": [{"Node Type": "Seq Scan","Parent Relationship": "Outer","Parallel Aware": true,"Async Capable": false,"Relation Name": "orders","Alias": "orders","Startup Cost": 0.00,"Total Cost": 32143.39,"Plan Rows": 236740,"Plan Width": 16,"Actual Startup Time": 0.040,"Actual Total Time": 105.876,"Actual Rows": 182768,"Actual Loops": 4,"Filter": "(o_orderdate < '1995-03-21'::date)","Rows Removed by Filter": 192232,"Workers": []},{"Node Type": "Hash","Parent Relationship": "Inner","Parallel Aware": true,"Async Capable": false,"Startup Cost": 4366.25,"Total Cost": 4366.25,"Plan Rows": 12760,"Plan Width": 4,"Actual Startup Time": 23.010,"Actual Total Time": 23.017,"Actual Rows": 7492,"Actual Loops": 4,"Hash Buckets": 32768,"Original Hash Buckets": 32768,"Hash Batches": 1,"Original Hash Batches": 1,"Peak Memory Usage": 1504,"Workers": [],"Plans": [{"Node Type": "Seq Scan","Parent Relationship": "Outer","Parallel Aware": true,"Async Capable": false,"Relation Name": "customer","Alias": "customer","Startup Cost": 0.00,"Total Cost": 4366.25,"Plan Rows": 12760,"Plan Width": 4,"Actual Startup Time": 0.081,"Actual Total Time": 19.478,"Actual Rows": 7492,"Actual Loops": 4,"Filter": "(c_mktsegment = 'FURNITURE'::bpchar)","Rows Removed by Filter": 30008,"Workers": []}]}]},{"Node Type": "Index Scan","Parent Relationship": "Inner","Parallel Aware": false,"Async Capable": false,"Scan Direction": "Forward","Index Name": "idx_lineitem_orderkey","Relation Name": "lineitem","Alias": "lineitem","Startup Cost": 0.43,"Total Cost": 1.44,"Plan Rows": 9,"Plan Width": 16,"Actual Startup Time": 0.006,"Actual Total Time": 0.006,"Actual Rows": 0,"Actual Loops": 145902,"Index Cond": "(l_orderkey = orders.o_orderkey)","Rows Removed by Index Recheck": 0,"Filter": "(l_shipdate > '1995-03-21'::date)","Rows Removed by Filter": 4,"Workers": []}]}]}]}]},"Planning Time": 7.416,"Triggers": [],"Execution Time": 497.778}]
[{"Plan": {"Node Type": "Sort","Parallel Aware": false,"Async Capable": false,"Startup Cost": 179585.29,"Total Cost": 180373.54,"Plan Rows": 315303,"Plan Width": 44,"Actual Startup Time": 537.954,"Actual Total Time": 547.923,"Actual Rows": 11413,"Actual Loops": 1,"Sort Key": ["(sum((lineitem.l_extendedprice * ('1'::numeric - lineitem.l_discount)))) DESC", "orders.o_orderdate"],"Sort Method": "quicksort","Sort Space Used": 1098,"Sort Space Type": "Memory","Plans": [{"Node Type": "Aggregate","Strategy": "Hashed","Partial Mode": "Simple","Parent Relationship": "Outer","Parallel Aware": false,"Async Capable": false,"Startup Cost": 146846.78,"Total Cost": 150788.07,"Plan Rows": 315303,"Plan Width": 44,"Actual Startup Time": 515.276,"Actual Total Time": 539.475,"Actual Rows": 11413,"Actual Loops": 1,"Group Key": ["lineitem.l_orderkey", "orders.o_orderdate", "orders.o_shippriority"],"Planned Partitions": 0,"HashAgg Batches": 1,"Peak Memory Usage": 20497,"Disk Usage": 0,"Plans": [{"Node Type": "Gather","Parent Relationship": "Outer","Parallel Aware": false,"Async Capable": false,"Startup Cost": 5522.96,"Total Cost": 142117.23,"Plan Rows": 315303,"Plan Width": 24,"Actual Startup Time": 33.791,"Actual Total Time": 490.443,"Actual Rows": 30284,"Actual Loops": 1,"Workers Planned": 3,"Workers Launched": 3,"Single Copy": false,"Plans": [{"Node Type": "Nested Loop","Parent Relationship": "Outer","Parallel Aware": false,"Async Capable": false,"Join Type": "Inner","Startup Cost": 4522.96,"Total Cost": 109586.93,"Plan Rows": 101711,"Plan Width": 24,"Actual Startup Time": 27.000,"Actual Total Time": 498.148,"Actual Rows": 7571,"Actual Loops": 4,"Inner Unique": false,"Workers": [],"Plans": [{"Node Type": "Hash Join","Parent Relationship": "Outer","Parallel Aware": true,"Async Capable": false,"Join Type": "Inner","Startup Cost": 4522.52,"Total Cost": 37286.83,"Plan Rows": 47314,"Plan Width": 12,"Actual Startup Time": 26.881,"Actual Total Time": 219.572,"Actual Rows": 36447,"Actual Loops": 4,"Inner Unique": true,"Hash Cond": "(orders.o_custkey = customer.c_custkey)","Workers": [],"Plans": [{"Node Type": "Seq Scan","Parent Relationship": "Outer","Parallel Aware": true,"Async Capable": false,"Relation Name": "orders","Alias": "orders","Startup Cost": 0.00,"Total Cost": 32143.39,"Plan Rows": 236532,"Plan Width": 16,"Actual Startup Time": 0.007,"Actual Total Time": 140.816,"Actual Rows": 182617,"Actual Loops": 4,"Filter": "(o_orderdate < '1995-03-20'::date)","Rows Removed by Filter": 192383,"Workers": []},{"Node Type": "Hash","Parent Relationship": "Inner","Parallel Aware": true,"Async Capable": false,"Startup Cost": 4366.25,"Total Cost": 4366.25,"Plan Rows": 12502,"Plan Width": 4,"Actual Startup Time": 26.425,"Actual Total Time": 26.429,"Actual Rows": 7547,"Actual Loops": 4,"Hash Buckets": 32768,"Original Hash Buckets": 32768,"Hash Batches": 1,"Original Hash Batches": 1,"Peak Memory Usage": 1536,"Workers": [],"Plans": [{"Node Type": "Seq Scan","Parent Relationship": "Outer","Parallel Aware": true,"Async Capable": false,"Relation Name": "customer","Alias": "customer","Startup Cost": 0.00,"Total Cost": 4366.25,"Plan Rows": 12502,"Plan Width": 4,"Actual Startup Time": 0.032,"Actual Total Time": 22.594,"Actual Rows": 7547,"Actual Loops": 4,"Filter": "(c_mktsegment = 'HOUSEHOLD'::bpchar)","Rows Removed by Filter": 29953,"Workers": []}]}]},{"Node Type": "Index Scan","Parent Relationship": "Inner","Parallel Aware": false,"Async Capable": false,"Scan Direction": "Forward","Index Name": "idx_lineitem_orderkey","Relation Name": "lineitem","Alias": "lineitem","Startup Cost": 0.43,"Total Cost": 1.44,"Plan Rows": 9,"Plan Width": 16,"Actual Startup Time": 0.007,"Actual Total Time": 0.007,"Actual Rows": 0,"Actual Loops": 145787,"Index Cond": "(l_orderkey = orders.o_orderkey)","Rows Removed by Index Recheck": 0,"Filter": "(l_shipdate > '1995-03-20'::date)","Rows Removed by Filter": 4,"Workers": []}]}]}]}]},"Planning Time": 5.702,"Triggers": [],"Execution Time": 560.186}]
[{"Plan": {"Node Type": "Sort","Parallel Aware": false,"Async Capable": false,"Startup Cost": 178183.13,"Total Cost": 178961.91,"Plan Rows": 311512,"Plan Width": 44,"Actual Startup Time": 524.111,"Actual Total Time": 535.589,"Actual Rows": 11407,"Actual Loops": 1,"Sort Key": ["(sum((lineitem.l_extendedprice * ('1'::numeric - lineitem.l_discount)))) DESC", "orders.o_orderdate"],"Sort Method": "quicksort","Sort Space Used": 1097,"Sort Space Type": "Memory","Plans": [{"Node Type": "Aggregate","Strategy": "Hashed","Partial Mode": "Simple","Parent Relationship": "Outer","Parallel Aware": false,"Async Capable": false,"Startup Cost": 145865.43,"Total Cost": 149759.33,"Plan Rows": 311512,"Plan Width": 44,"Actual Startup Time": 501.344,"Actual Total Time": 528.040,"Actual Rows": 11407,"Actual Loops": 1,"Group Key": ["lineitem.l_orderkey", "orders.o_orderdate", "orders.o_shippriority"],"Planned Partitions": 0,"HashAgg Batches": 1,"Peak Memory Usage": 20497,"Disk Usage": 0,"Plans": [{"Node Type": "Gather","Parent Relationship": "Outer","Parallel Aware": false,"Async Capable": false,"Startup Cost": 5521.08,"Total Cost": 141192.75,"Plan Rows": 311512,"Plan Width": 24,"Actual Startup Time": 30.378,"Actual Total Time": 481.314,"Actual Rows": 29915,"Actual Loops": 1,"Workers Planned": 3,"Workers Launched": 3,"Single Copy": false,"Plans": [{"Node Type": "Nested Loop","Parent Relationship": "Outer","Parallel Aware": false,"Async Capable": false,"Join Type": "Inner","Startup Cost": 4521.08,"Total Cost": 109041.55,"Plan Rows": 100488,"Plan Width": 24,"Actual Startup Time": 23.695,"Actual Total Time": 485.026,"Actual Rows": 7479,"Actual Loops": 4,"Inner Unique": false,"Workers": [],"Plans": [{"Node Type": "Hash Join","Parent Relationship": "Outer","Parallel Aware": true,"Async Capable": false,"Join Type": "Inner","Startup Cost": 4520.65,"Total Cost": 37289.86,"Plan Rows": 47116,"Plan Width": 12,"Actual Startup Time": 23.300,"Actual Total Time": 204.906,"Actual Rows": 36585,"Actual Loops": 4,"Inner Unique": true,"Hash Cond": "(orders.o_custkey = customer.c_custkey)","Workers": [],"Plans": [{"Node Type": "Seq Scan","Parent Relationship": "Outer","Parallel Aware": true,"Async Capable": false,"Relation Name": "orders","Alias": "orders","Startup Cost": 0.00,"Total Cost": 32143.39,"Plan Rows": 238401,"Plan Width": 16,"Actual Startup Time": 0.013,"Actual Total Time": 136.188,"Actual Rows": 183996,"Actual Loops": 4,"Filter": "(o_orderdate < '1995-03-29'::date)","Rows Removed by Filter": 191004,"Workers": []},{"Node Type": "Hash","Parent Relationship": "Inner","Parallel Aware": true,"Async Capable": false,"Startup Cost": 4366.25,"Total Cost": 4366.25,"Plan Rows": 12352,"Plan Width": 4,"Actual Startup Time": 22.915,"Actual Total Time": 22.920,"Actual Rows": 7438,"Actual Loops": 4,"Hash Buckets": 32768,"Original Hash Buckets": 32768,"Hash Batches": 1,"Original Hash Batches": 1,"Peak Memory Usage": 1472,"Workers": [],"Plans": [{"Node Type": "Seq Scan","Parent Relationship": "Outer","Parallel Aware": true,"Async Capable": false,"Relation Name": "customer","Alias": "customer","Startup Cost": 0.00,"Total Cost": 4366.25,"Plan Rows": 12352,"Plan Width": 4,"Actual Startup Time": 0.032,"Actual Total Time": 19.782,"Actual Rows": 7438,"Actual Loops": 4,"Filter": "(c_mktsegment = 'AUTOMOBILE'::bpchar)","Rows Removed by Filter": 30062,"Workers": []}]}]},{"Node Type": "Index Scan","Parent Relationship": "Inner","Parallel Aware": false,"Async Capable": false,"Scan Direction": "Forward","Index Name": "idx_lineitem_orderkey","Relation Name": "lineitem","Alias": "lineitem","Startup Cost": 0.43,"Total Cost": 1.43,"Plan Rows": 9,"Plan Width": 16,"Actual Startup Time": 0.007,"Actual Total Time": 0.007,"Actual Rows": 0,"Actual Loops": 146339,"Index Cond": "(l_orderkey = orders.o_orderkey)","Rows Removed by Index Recheck": 0,"Filter": "(l_shipdate > '1995-03-29'::date)","Rows Removed by Filter": 4,"Workers": []}]}]}]}]},"Planning Time": 7.024,"Triggers": [],"Execution Time": 548.791}]
[{"Plan": {"Node Type": "Sort","Parallel Aware": false,"Async Capable": false,"Startup Cost": 182556.38,"Total Cost": 183360.93,"Plan Rows": 321819,"Plan Width": 44,"Actual Startup Time": 517.367,"Actual Total Time": 529.439,"Actual Rows": 11439,"Actual Loops": 1,"Sort Key": ["(sum((lineitem.l_extendedprice * ('1'::numeric - lineitem.l_discount)))) DESC", "orders.o_orderdate"],"Sort Method": "quicksort","Sort Space Used": 1099,"Sort Space Type": "Memory","Plans": [{"Node Type": "Aggregate","Strategy": "Hashed","Partial Mode": "Simple","Parent Relationship": "Outer","Parallel Aware": false,"Async Capable": false,"Startup Cost": 149093.82,"Total Cost": 153116.55,"Plan Rows": 321819,"Plan Width": 44,"Actual Startup Time": 495.463,"Actual Total Time": 522.278,"Actual Rows": 11439,"Actual Loops": 1,"Group Key": ["lineitem.l_orderkey", "orders.o_orderdate", "orders.o_shippriority"],"Planned Partitions": 0,"HashAgg Batches": 1,"Peak Memory Usage": 20497,"Disk Usage": 0,"Plans": [{"Node Type": "Gather","Parent Relationship": "Outer","Parallel Aware": false,"Async Capable": false,"Startup Cost": 5526.18,"Total Cost": 144266.53,"Plan Rows": 321819,"Plan Width": 24,"Actual Startup Time": 29.772,"Actual Total Time": 476.664,"Actual Rows": 30285,"Actual Loops": 1,"Workers Planned": 3,"Workers Launched": 3,"Single Copy": false,"Plans": [{"Node Type": "Nested Loop","Parent Relationship": "Outer","Parallel Aware": false,"Async Capable": false,"Join Type": "Inner","Startup Cost": 4526.18,"Total Cost": 111084.63,"Plan Rows": 103813,"Plan Width": 24,"Actual Startup Time": 23.053,"Actual Total Time": 479.398,"Actual Rows": 7571,"Actual Loops": 4,"Inner Unique": false,"Workers": [],"Plans": [{"Node Type": "Hash Join","Parent Relationship": "Outer","Parallel Aware": true,"Async Capable": false,"Join Type": "Inner","Startup Cost": 4525.75,"Total Cost": 37290.06,"Plan Rows": 48292,"Plan Width": 12,"Actual Startup Time": 22.849,"Actual Total Time": 204.689,"Actual Rows": 36445,"Actual Loops": 4,"Inner Unique": true,"Hash Cond": "(orders.o_custkey = customer.c_custkey)","Workers": [],"Plans": [{"Node Type": "Seq Scan","Parent Relationship": "Outer","Parallel Aware": true,"Async Capable": false,"Relation Name": "orders","Alias": "orders","Startup Cost": 0.00,"Total Cost": 32143.39,"Plan Rows": 236532,"Plan Width": 16,"Actual Startup Time": 0.013,"Actual Total Time": 137.382,"Actual Rows": 182617,"Actual Loops": 4,"Filter": "(o_orderdate < '1995-03-20'::date)","Rows Removed by Filter": 192383,"Workers": []},{"Node Type": "Hash","Parent Relationship": "Inner","Parallel Aware": true,"Async Capable": false,"Startup Cost": 4366.25,"Total Cost": 4366.25,"Plan Rows": 12760,"Plan Width": 4,"Actual Startup Time": 22.380,"Actual Total Time": 22.385,"Actual Rows": 7492,"Actual Loops": 4,"Hash Buckets": 32768,"Original Hash Buckets": 32768,"Hash Batches": 1,"Original Hash Batches": 1,"Peak Memory Usage": 1504,"Workers": [],"Plans": [{"Node Type": "Seq Scan","Parent Relationship": "Outer","Parallel Aware": true,"Async Capable": false,"Relation Name": "customer","Alias": "customer","Startup Cost": 0.00,"Total Cost": 4366.25,"Plan Rows": 12760,"Plan Width": 4,"Actual Startup Time": 0.027,"Actual Total Time": 19.359,"Actual Rows": 7492,"Actual Loops": 4,"Filter": "(c_mktsegment = 'FURNITURE'::bpchar)","Rows Removed by Filter": 30008,"Workers": []}]}]},{"Node Type": "Index Scan","Parent Relationship": "Inner","Parallel Aware": false,"Async Capable": false,"Scan Direction": "Forward","Index Name": "idx_lineitem_orderkey","Relation Name": "lineitem","Alias": "lineitem","Startup Cost": 0.43,"Total Cost": 1.44,"Plan Rows": 9,"Plan Width": 16,"Actual Startup Time": 0.007,"Actual Total Time": 0.007,"Actual Rows": 0,"Actual Loops": 145780,"Index Cond": "(l_orderkey = orders.o_orderkey)","Rows Removed by Index Recheck": 0,"Filter": "(l_shipdate > '1995-03-20'::date)","Rows Removed by Filter": 4,"Workers": []}]}]}]}]},"Planning Time": 6.662,"Triggers": [],"Execution Time": 543.603}]
[{"Plan": {"Node Type": "Sort","Parallel Aware": false,"Async Capable": false,"Startup Cost": 179082.13,"Total Cost": 179869.03,"Plan Rows": 314760,"Plan Width": 44,"Actual Startup Time": 541.847,"Actual Total Time": 552.759,"Actual Rows": 11293,"Actual Loops": 1,"Sort Key": ["(sum((lineitem.l_extendedprice * ('1'::numeric - lineitem.l_discount)))) DESC", "orders.o_orderdate"],"Sort Method": "quicksort","Sort Space Used": 1090,"Sort Space Type": "Memory","Plans": [{"Node Type": "Aggregate","Strategy": "Hashed","Partial Mode": "Simple","Parent Relationship": "Outer","Parallel Aware": false,"Async Capable": false,"Startup Cost": 146403.92,"Total Cost": 150338.42,"Plan Rows": 314760,"Plan Width": 44,"Actual Startup Time": 519.769,"Actual Total Time": 544.303,"Actual Rows": 11293,"Actual Loops": 1,"Group Key": ["lineitem.l_orderkey", "orders.o_orderdate", "orders.o_shippriority"],"Planned Partitions": 0,"HashAgg Batches": 1,"Peak Memory Usage": 20497,"Disk Usage": 0,"Plans": [{"Node Type": "Gather","Parent Relationship": "Outer","Parallel Aware": false,"Async Capable": false,"Startup Cost": 5522.86,"Total Cost": 141682.52,"Plan Rows": 314760,"Plan Width": 24,"Actual Startup Time": 33.441,"Actual Total Time": 496.248,"Actual Rows": 29847,"Actual Loops": 1,"Workers Planned": 3,"Workers Launched": 3,"Single Copy": false,"Plans": [{"Node Type": "Nested Loop","Parent Relationship": "Outer","Parallel Aware": false,"Async Capable": false,"Join Type": "Inner","Startup Cost": 4522.86,"Total Cost": 109206.52,"Plan Rows": 101535,"Plan Width": 24,"Actual Startup Time": 26.730,"Actual Total Time": 502.754,"Actual Rows": 7462,"Actual Loops": 4,"Inner Unique": false,"Workers": [],"Plans": [{"Node Type": "Hash Join","Parent Relationship": "Outer","Parallel Aware": true,"Async Capable": false,"Join Type": "Inner","Startup Cost": 4522.43,"Total Cost": 37281.75,"Plan Rows": 46903,"Plan Width": 12,"Actual Startup Time": 26.462,"Actual Total Time": 223.601,"Actual Rows": 36212,"Actual Loops": 4,"Inner Unique": true,"Hash Cond": "(orders.o_custkey = customer.c_custkey)","Workers": [],"Plans": [{"Node Type": "Seq Scan","Parent Relationship": "Outer","Parallel Aware": true,"Async Capable": false,"Relation Name": "orders","Alias": "orders","Startup Cost": 0.00,"Total Cost": 32143.39,"Plan Rows": 234633,"Plan Width": 16,"Actual Startup Time": 0.016,"Actual Total Time": 143.571,"Actual Rows": 181340,"Actual Loops": 4,"Filter": "(o_orderdate < '1995-03-12'::date)","Rows Removed by Filter": 193660,"Workers": []},{"Node Type": "Hash","Parent Relationship": "Inner","Parallel Aware": true,"Async Capable": false,"Startup Cost": 4366.25,"Total Cost": 4366.25,"Plan Rows": 12494,"Plan Width": 4,"Actual Startup Time": 25.997,"Actual Total Time": 26.002,"Actual Rows": 7487,"Actual Loops": 4,"Hash Buckets": 32768,"Original Hash Buckets": 32768,"Hash Batches": 1,"Original Hash Batches": 1,"Peak Memory Usage": 1504,"Workers": [],"Plans": [{"Node Type": "Seq Scan","Parent Relationship": "Outer","Parallel Aware": true,"Async Capable": false,"Relation Name": "customer","Alias": "customer","Startup Cost": 0.00,"Total Cost": 4366.25,"Plan Rows": 12494,"Plan Width": 4,"Actual Startup Time": 0.047,"Actual Total Time": 22.169,"Actual Rows": 7487,"Actual Loops": 4,"Filter": "(c_mktsegment = 'MACHINERY'::bpchar)","Rows Removed by Filter": 30013,"Workers": []}]}]},{"Node Type": "Index Scan","Parent Relationship": "Inner","Parallel Aware": false,"Async Capable": false,"Scan Direction": "Forward","Index Name": "idx_lineitem_orderkey","Relation Name": "lineitem","Alias": "lineitem","Startup Cost": 0.43,"Total Cost": 1.44,"Plan Rows": 9,"Plan Width": 16,"Actual Startup Time": 0.007,"Actual Total Time": 0.007,"Actual Rows": 0,"Actual Loops": 144846,"Index Cond": "(l_orderkey = orders.o_orderkey)","Rows Removed by Index Recheck": 0,"Filter": "(l_shipdate > '1995-03-12'::date)","Rows Removed by Filter": 4,"Workers": []}]}]}]}]},"Planning Time": 6.277,"Triggers": [],"Execution Time": 564.919}]
[{"Plan": {"Node Type": "Sort","Parallel Aware": false,"Async Capable": false,"Startup Cost": 177898.35,"Total Cost": 178677.16,"Plan Rows": 311522,"Plan Width": 44,"Actual Startup Time": 544.402,"Actual Total Time": 554.531,"Actual Rows": 11490,"Actual Loops": 1,"Sort Key": ["(sum((lineitem.l_extendedprice * ('1'::numeric - lineitem.l_discount)))) DESC", "orders.o_orderdate"],"Sort Method": "quicksort","Sort Space Used": 1103,"Sort Space Type": "Memory","Plans": [{"Node Type": "Aggregate","Strategy": "Hashed","Partial Mode": "Simple","Parent Relationship": "Outer","Parallel Aware": false,"Async Capable": false,"Startup Cost": 145579.54,"Total Cost": 149473.57,"Plan Rows": 311522,"Plan Width": 44,"Actual Startup Time": 521.900,"Actual Total Time": 546.210,"Actual Rows": 11490,"Actual Loops": 1,"Group Key": ["lineitem.l_orderkey", "orders.o_orderdate", "orders.o_shippriority"],"Planned Partitions": 0,"HashAgg Batches": 1,"Peak Memory Usage": 20497,"Disk Usage": 0,"Plans": [{"Node Type": "Gather","Parent Relationship": "Outer","Parallel Aware": false,"Async Capable": false,"Startup Cost": 5521.08,"Total Cost": 140906.71,"Plan Rows": 311522,"Plan Width": 24,"Actual Startup Time": 33.401,"Actual Total Time": 499.784,"Actual Rows": 30281,"Actual Loops": 1,"Workers Planned": 3,"Workers Launched": 3,"Single Copy": false,"Plans": [{"Node Type": "Nested Loop","Parent Relationship": "Outer","Parallel Aware": false,"Async Capable": false,"Join Type": "Inner","Startup Cost": 4521.08,"Total Cost": 108754.51,"Plan Rows": 100491,"Plan Width": 24,"Actual Startup Time": 26.228,"Actual Total Time": 505.023,"Actual Rows": 7570,"Actual Loops": 4,"Inner Unique": false,"Workers": [],"Plans": [{"Node Type": "Hash Join","Parent Relationship": "Outer","Parallel Aware": true,"Async Capable": false,"Join Type": "Inner","Startup Cost": 4520.65,"Total Cost": 37285.50,"Plan Rows": 46788,"Plan Width": 12,"Actual Startup Time": 25.784,"Actual Total Time": 220.376,"Actual Rows": 36346,"Actual Loops": 4,"Inner Unique": true,"Hash Cond": "(orders.o_custkey = customer.c_custkey)","Workers": [],"Plans": [{"Node Type": "Seq Scan","Parent Relationship": "Outer","Parallel Aware": true,"Async Capable": false,"Relation Name": "orders","Alias": "orders","Startup Cost": 0.00,"Total Cost": 32143.39,"Plan Rows": 236740,"Plan Width": 16,"Actual Startup Time": 0.009,"Actual Total Time": 144.365,"Actual Rows": 182768,"Actual Loops": 4,"Filter": "(o_orderdate < '1995-03-21'::date)","Rows Removed by Filter": 192232,"Workers": []},{"Node Type": "Hash","Parent Relationship": "Inner","Parallel Aware": true,"Async Capable": false,"Startup Cost": 4366.25,"Total Cost": 4366.25,"Plan Rows": 12352,"Plan Width": 4,"Actual Startup Time": 25.325,"Actual Total Time": 25.329,"Actual Rows": 7438,"Actual Loops": 4,"Hash Buckets": 32768,"Original Hash Buckets": 32768,"Hash Batches": 1,"Original Hash Batches": 1,"Peak Memory Usage": 1504,"Workers": [],"Plans": [{"Node Type": "Seq Scan","Parent Relationship": "Outer","Parallel Aware": true,"Async Capable": false,"Relation Name": "customer","Alias": "customer","Startup Cost": 0.00,"Total Cost": 4366.25,"Plan Rows": 12352,"Plan Width": 4,"Actual Startup Time": 0.043,"Actual Total Time": 21.768,"Actual Rows": 7438,"Actual Loops": 4,"Filter": "(c_mktsegment = 'AUTOMOBILE'::bpchar)","Rows Removed by Filter": 30062,"Workers": []}]}]},{"Node Type": "Index Scan","Parent Relationship": "Inner","Parallel Aware": false,"Async Capable": false,"Scan Direction": "Forward","Index Name": "idx_lineitem_orderkey","Relation Name": "lineitem","Alias": "lineitem","Startup Cost": 0.43,"Total Cost": 1.44,"Plan Rows": 9,"Plan Width": 16,"Actual Startup Time": 0.007,"Actual Total Time": 0.008,"Actual Rows": 0,"Actual Loops": 145386,"Index Cond": "(l_orderkey = orders.o_orderkey)","Rows Removed by Index Recheck": 0,"Filter": "(l_shipdate > '1995-03-21'::date)","Rows Removed by Filter": 4,"Workers": []}]}]}]}]},"Planning Time": 6.282,"Triggers": [],"Execution Time": 569.554}]
[{"Plan": {"Node Type": "Sort","Parallel Aware": false,"Async Capable": false,"Startup Cost": 182705.91,"Total Cost": 183510.46,"Plan Rows": 321821,"Plan Width": 44,"Actual Startup Time": 538.252,"Actual Total Time": 548.699,"Actual Rows": 11455,"Actual Loops": 1,"Sort Key": ["(sum((lineitem.l_extendedprice * ('1'::numeric - lineitem.l_discount)))) DESC", "orders.o_orderdate"],"Sort Method": "quicksort","Sort Space Used": 1100,"Sort Space Type": "Memory","Plans": [{"Node Type": "Aggregate","Strategy": "Hashed","Partial Mode": "Simple","Parent Relationship": "Outer","Parallel Aware": false,"Async Capable": false,"Startup Cost": 149243.12,"Total Cost": 153265.89,"Plan Rows": 321821,"Plan Width": 44,"Actual Startup Time": 515.793,"Actual Total Time": 539.031,"Actual Rows": 11455,"Actual Loops": 1,"Group Key": ["lineitem.l_orderkey", "orders.o_orderdate", "orders.o_shippriority"],"Planned Partitions": 0,"HashAgg Batches": 1,"Peak Memory Usage": 20497,"Disk Usage": 0,"Plans": [{"Node Type": "Gather","Parent Relationship": "Outer","Parallel Aware": false,"Async Capable": false,"Startup Cost": 5526.18,"Total Cost": 144415.81,"Plan Rows": 321821,"Plan Width": 24,"Actual Startup Time": 32.971,"Actual Total Time": 490.041,"Actual Rows": 30385,"Actual Loops": 1,"Workers Planned": 3,"Workers Launched": 3,"Single Copy": false,"Plans": [{"Node Type": "Nested Loop","Parent Relationship": "Outer","Parallel Aware": false,"Async Capable": false,"Join Type": "Inner","Startup Cost": 4526.18,"Total Cost": 111233.71,"Plan Rows": 103813,"Plan Width": 24,"Actual Startup Time": 26.134,"Actual Total Time": 498.478,"Actual Rows": 7596,"Actual Loops": 4,"Inner Unique": false,"Workers": [],"Plans": [{"Node Type": "Hash Join","Parent Relationship": "Outer","Parallel Aware": true,"Async Capable": false,"Join Type": "Inner","Startup Cost": 4525.75,"Total Cost": 37292.24,"Plan Rows": 48462,"Plan Width": 12,"Actual Startup Time": 25.945,"Actual Total Time": 218.063,"Actual Rows": 36569,"Actual Loops": 4,"Inner Unique": true,"Hash Cond": "(orders.o_custkey = customer.c_custkey)","Workers": [],"Plans": [{"Node Type": "Seq Scan","Parent Relationship": "Outer","Parallel Aware": true,"Async Capable": false,"Relation Name": "orders","Alias": "orders","Startup Cost": 0.00,"Total Cost": 32143.39,"Plan Rows": 237363,"Plan Width": 16,"Actual Startup Time": 0.013,"Actual Total Time": 140.098,"Actual Rows": 183220,"Actual Loops": 4,"Filter": "(o_orderdate < '1995-03-24'::date)","Rows Removed by Filter": 191780,"Workers": []},{"Node Type": "Hash","Parent Relationship": "Inner","Parallel Aware": true,"Async Capable": false,"Startup Cost": 4366.25,"Total Cost": 4366.25,"Plan Rows": 12760,"Plan Width": 4,"Actual Startup Time": 25.517,"Actual Total Time": 25.522,"Actual Rows": 7492,"Actual Loops": 4,"Hash Buckets": 32768,"Original Hash Buckets": 32768,"Hash Batches": 1,"Original Hash Batches": 1,"Peak Memory Usage": 1472,"Workers": [],"Plans": [{"Node Type": "Seq Scan","Parent Relationship": "Outer","Parallel Aware": true,"Async Capable": false,"Relation Name": "customer","Alias": "customer","Startup Cost": 0.00,"Total Cost": 4366.25,"Plan Rows": 12760,"Plan Width": 4,"Actual Startup Time": 0.042,"Actual Total Time": 21.606,"Actual Rows": 7492,"Actual Loops": 4,"Filter": "(c_mktsegment = 'FURNITURE'::bpchar)","Rows Removed by Filter": 30008,"Workers": []}]}]},{"Node Type": "Index Scan","Parent Relationship": "Inner","Parallel Aware": false,"Async Capable": false,"Scan Direction": "Forward","Index Name": "idx_lineitem_orderkey","Relation Name": "lineitem","Alias": "lineitem","Startup Cost": 0.43,"Total Cost": 1.44,"Plan Rows": 9,"Plan Width": 16,"Actual Startup Time": 0.007,"Actual Total Time": 0.007,"Actual Rows": 0,"Actual Loops": 146275,"Index Cond": "(l_orderkey = orders.o_orderkey)","Rows Removed by Index Recheck": 0,"Filter": "(l_shipdate > '1995-03-24'::date)","Rows Removed by Filter": 4,"Workers": []}]}]}]}]},"Planning Time": 6.196,"Triggers": [],"Execution Time": 561.386}]
[{"Plan": {"Node Type": "Sort","Parallel Aware": false,"Async Capable": false,"Startup Cost": 179622.82,"Total Cost": 180411.08,"Plan Rows": 315305,"Plan Width": 44,"Actual Startup Time": 515.747,"Actual Total Time": 525.143,"Actual Rows": 11384,"Actual Loops": 1,"Sort Key": ["(sum((lineitem.l_extendedprice * ('1'::numeric - lineitem.l_discount)))) DESC", "orders.o_orderdate"],"Sort Method": "quicksort","Sort Space Used": 1096,"Sort Space Type": "Memory","Plans": [{"Node Type": "Aggregate","Strategy": "Hashed","Partial Mode": "Simple","Parent Relationship": "Outer","Parallel Aware": false,"Async Capable": false,"Startup Cost": 146884.09,"Total Cost": 150825.40,"Plan Rows": 315305,"Plan Width": 44,"Actual Startup Time": 493.657,"Actual Total Time": 516.993,"Actual Rows": 11384,"Actual Loops": 1,"Group Key": ["lineitem.l_orderkey", "orders.o_orderdate", "orders.o_shippriority"],"Planned Partitions": 0,"HashAgg Batches": 1,"Peak Memory Usage": 20497,"Disk Usage": 0,"Plans": [{"Node Type": "Gather","Parent Relationship": "Outer","Parallel Aware": false,"Async Capable": false,"Startup Cost": 5522.96,"Total Cost": 142154.51,"Plan Rows": 315305,"Plan Width": 24,"Actual Startup Time": 30.376,"Actual Total Time": 471.316,"Actual Rows": 30227,"Actual Loops": 1,"Workers Planned": 3,"Workers Launched": 3,"Single Copy": false,"Plans": [{"Node Type": "Nested Loop","Parent Relationship": "Outer","Parallel Aware": false,"Async Capable": false,"Join Type": "Inner","Startup Cost": 4522.96,"Total Cost": 109624.01,"Plan Rows": 101711,"Plan Width": 24,"Actual Startup Time": 23.216,"Actual Total Time": 477.196,"Actual Rows": 7557,"Actual Loops": 4,"Inner Unique": false,"Workers": [],"Plans": [{"Node Type": "Hash Join","Parent Relationship": "Outer","Parallel Aware": true,"Async Capable": false,"Join Type": "Inner","Startup Cost": 4522.52,"Total Cost": 37287.38,"Plan Rows": 47356,"Plan Width": 12,"Actual Startup Time": 23.096,"Actual Total Time": 204.772,"Actual Rows": 36478,"Actual Loops": 4,"Inner Unique": true,"Hash Cond": "(orders.o_custkey = customer.c_custkey)","Workers": [],"Plans": [{"Node Type": "Seq Scan","Parent Relationship": "Outer","Parallel Aware": true,"Async Capable": false,"Relation Name": "orders","Alias": "orders","Startup Cost": 0.00,"Total Cost": 32143.39,"Plan Rows": 236740,"Plan Width": 16,"Actual Startup Time": 0.012,"Actual Total Time": 135.713,"Actual Rows": 182768,"Actual Loops": 4,"Filter": "(o_orderdate < '1995-03-21'::date)","Rows Removed by Filter": 192232,"Workers": []},{"Node Type": "Hash","Parent Relationship": "Inner","Parallel Aware": true,"Async Capable": false,"Startup Cost": 4366.25,"Total Cost": 4366.25,"Plan Rows": 12502,"Plan Width": 4,"Actual Startup Time": 22.621,"Actual Total Time": 22.626,"Actual Rows": 7547,"Actual Loops": 4,"Hash Buckets": 32768,"Original Hash Buckets": 32768,"Hash Batches": 1,"Original Hash Batches": 1,"Peak Memory Usage": 1536,"Workers": [],"Plans": [{"Node Type": "Seq Scan","Parent Relationship": "Outer","Parallel Aware": true,"Async Capable": false,"Relation Name": "customer","Alias": "customer","Startup Cost": 0.00,"Total Cost": 4366.25,"Plan Rows": 12502,"Plan Width": 4,"Actual Startup Time": 0.042,"Actual Total Time": 19.512,"Actual Rows": 7547,"Actual Loops": 4,"Filter": "(c_mktsegment = 'HOUSEHOLD'::bpchar)","Rows Removed by Filter": 29953,"Workers": []}]}]},{"Node Type": "Index Scan","Parent Relationship": "Inner","Parallel Aware": false,"Async Capable": false,"Scan Direction": "Forward","Index Name": "idx_lineitem_orderkey","Relation Name": "lineitem","Alias": "lineitem","Startup Cost": 0.43,"Total Cost": 1.44,"Plan Rows": 9,"Plan Width": 16,"Actual Startup Time": 0.007,"Actual Total Time": 0.007,"Actual Rows": 0,"Actual Loops": 145911,"Index Cond": "(l_orderkey = orders.o_orderkey)","Rows Removed by Index Recheck": 0,"Filter": "(l_shipdate > '1995-03-21'::date)","Rows Removed by Filter": 4,"Workers": []}]}]}]}]},"Planning Time": 5.717,"Triggers": [],"Execution Time": 537.484}]
[{"Plan": {"Node Type": "Sort","Parallel Aware": false,"Async Capable": false,"Startup Cost": 179767.84,"Total Cost": 180556.10,"Plan Rows": 315304,"Plan Width": 44,"Actual Startup Time": 529.036,"Actual Total Time": 539.507,"Actual Rows": 11295,"Actual Loops": 1,"Sort Key": ["(sum((lineitem.l_extendedprice * ('1'::numeric - lineitem.l_discount)))) DESC", "orders.o_orderdate"],"Sort Method": "quicksort","Sort Space Used": 1090,"Sort Space Type": "Memory","Plans": [{"Node Type": "Aggregate","Strategy": "Hashed","Partial Mode": "Simple","Parent Relationship": "Outer","Parallel Aware": false,"Async Capable": false,"Startup Cost": 147029.22,"Total Cost": 150970.52,"Plan Rows": 315304,"Plan Width": 44,"Actual Startup Time": 506.800,"Actual Total Time": 531.527,"Actual Rows": 11295,"Actual Loops": 1,"Group Key": ["lineitem.l_orderkey", "orders.o_orderdate", "orders.o_shippriority"],"Planned Partitions": 0,"HashAgg Batches": 1,"Peak Memory Usage": 20497,"Disk Usage": 0,"Plans": [{"Node Type": "Gather","Parent Relationship": "Outer","Parallel Aware": false,"Async Capable": false,"Startup Cost": 5522.96,"Total Cost": 142299.66,"Plan Rows": 315304,"Plan Width": 24,"Actual Startup Time": 29.598,"Actual Total Time": 486.084,"Actual Rows": 30004,"Actual Loops": 1,"Workers Planned": 3,"Workers Launched": 3,"Single Copy": false,"Plans": [{"Node Type": "Nested Loop","Parent Relationship": "Outer","Parallel Aware": false,"Async Capable": false,"Join Type": "Inner","Startup Cost": 4522.96,"Total Cost": 109769.26,"Plan Rows": 101711,"Plan Width": 24,"Actual Startup Time": 22.619,"Actual Total Time": 490.297,"Actual Rows": 7501,"Actual Loops": 4,"Inner Unique": false,"Workers": [],"Plans": [{"Node Type": "Hash Join","Parent Relationship": "Outer","Parallel Aware": true,"Async Capable": false,"Join Type": "Inner","Startup Cost": 4522.52,"Total Cost": 37289.56,"Plan Rows": 47522,"Plan Width": 12,"Actual Startup Time": 22.483,"Actual Total Time": 206.724,"Actual Rows": 36588,"Actual Loops": 4,"Inner Unique": true,"Hash Cond": "(orders.o_custkey = customer.c_custkey)","Workers": [],"Plans": [{"Node Type": "Seq Scan","Parent Relationship": "Outer","Parallel Aware": true,"Async Capable": false,"Relation Name": "orders","Alias": "orders","Startup Cost": 0.00,"Total Cost": 32143.39,"Plan Rows": 237570,"Plan Width": 16,"Actual Startup Time": 0.009,"Actual Total Time": 138.540,"Actual Rows": 183364,"Actual Loops": 4,"Filter": "(o_orderdate < '1995-03-25'::date)","Rows Removed by Filter": 191636,"Workers": []},{"Node Type": "Hash","Parent Relationship": "Inner","Parallel Aware": true,"Async Capable": false,"Startup Cost": 4366.25,"Total Cost": 4366.25,"Plan Rows": 12502,"Plan Width": 4,"Actual Startup Time": 22.032,"Actual Total Time": 22.038,"Actual Rows": 7547,"Actual Loops": 4,"Hash Buckets": 32768,"Original Hash Buckets": 32768,"Hash Batches": 1,"Original Hash Batches": 1,"Peak Memory Usage": 1504,"Workers": [],"Plans": [{"Node Type": "Seq Scan","Parent Relationship": "Outer","Parallel Aware": true,"Async Capable": false,"Relation Name": "customer","Alias": "customer","Startup Cost": 0.00,"Total Cost": 4366.25,"Plan Rows": 12502,"Plan Width": 4,"Actual Startup Time": 0.048,"Actual Total Time": 19.077,"Actual Rows": 7547,"Actual Loops": 4,"Filter": "(c_mktsegment = 'HOUSEHOLD'::bpchar)","Rows Removed by Filter": 29953,"Workers": []}]}]},{"Node Type": "Index Scan","Parent Relationship": "Inner","Parallel Aware": false,"Async Capable": false,"Scan Direction": "Forward","Index Name": "idx_lineitem_orderkey","Relation Name": "lineitem","Alias": "lineitem","Startup Cost": 0.43,"Total Cost": 1.44,"Plan Rows": 9,"Plan Width": 16,"Actual Startup Time": 0.007,"Actual Total Time": 0.008,"Actual Rows": 0,"Actual Loops": 146352,"Index Cond": "(l_orderkey = orders.o_orderkey)","Rows Removed by Index Recheck": 0,"Filter": "(l_shipdate > '1995-03-25'::date)","Rows Removed by Filter": 4,"Workers": []}]}]}]}]},"Planning Time": 5.638,"Triggers": [],"Execution Time": 553.225}]
[{"Plan": {"Node Type": "Sort","Parallel Aware": false,"Async Capable": false,"Startup Cost": 177217.26,"Total Cost": 177995.87,"Plan Rows": 311444,"Plan Width": 44,"Actual Startup Time": 540.609,"Actual Total Time": 551.150,"Actual Rows": 11410,"Actual Loops": 1,"Sort Key": ["(sum((lineitem.l_extendedprice * ('1'::numeric - lineitem.l_discount)))) DESC", "orders.o_orderdate"],"Sort Method": "quicksort","Sort Space Used": 1098,"Sort Space Type": "Memory","Plans": [{"Node Type": "Aggregate","Strategy": "Hashed","Partial Mode": "Simple","Parent Relationship": "Outer","Parallel Aware": false,"Async Capable": false,"Startup Cost": 144907.11,"Total Cost": 148800.16,"Plan Rows": 311444,"Plan Width": 44,"Actual Startup Time": 517.367,"Actual Total Time": 543.172,"Actual Rows": 11410,"Actual Loops": 1,"Group Key": ["lineitem.l_orderkey", "orders.o_orderdate", "orders.o_shippriority"],"Planned Partitions": 0,"HashAgg Batches": 1,"Peak Memory Usage": 20497,"Disk Usage": 0,"Plans": [{"Node Type": "Gather","Parent Relationship": "Outer","Parallel Aware": false,"Async Capable": false,"Startup Cost": 5521.08,"Total Cost": 140235.45,"Plan Rows": 311444,"Plan Width": 24,"Actual Startup Time": 35.496,"Actual Total Time": 494.561,"Actual Rows": 30219,"Actual Loops": 1,"Workers Planned": 3,"Workers Launched": 3,"Single Copy": false,"Plans": [{"Node Type": "Nested Loop","Parent Relationship": "Outer","Parallel Aware": false,"Async Capable": false,"Join Type": "Inner","Startup Cost": 4521.08,"Total Cost": 108091.05,"Plan Rows": 100466,"Plan Width": 24,"Actual Startup Time": 27.661,"Actual Total Time": 499.589,"Actual Rows": 7555,"Actual Loops": 4,"Inner Unique": false,"Workers": [],"Plans": [{"Node Type": "Hash Join","Parent Relationship": "Outer","Parallel Aware": true,"Async Capable": false,"Join Type": "Inner","Startup Cost": 4520.65,"Total Cost": 37275.46,"Plan Rows": 46031,"Plan Width": 12,"Actual Startup Time": 27.173,"Actual Total Time": 219.762,"Actual Rows": 35785,"Actual Loops": 4,"Inner Unique": true,"Hash Cond": "(orders.o_custkey = customer.c_custkey)","Workers": [],"Plans": [{"Node Type": "Seq Scan","Parent Relationship": "Outer","Parallel Aware": true,"Async Capable": false,"Relation Name": "orders","Alias": "orders","Startup Cost": 0.00,"Total Cost": 32143.39,"Plan Rows": 232913,"Plan Width": 16,"Actual Startup Time": 0.017,"Actual Total Time": 141.091,"Actual Rows": 179945,"Actual Loops": 4,"Filter": "(o_orderdate < '1995-03-03'::date)","Rows Removed by Filter": 195055,"Workers": []},{"Node Type": "Hash","Parent Relationship": "Inner","Parallel Aware": true,"Async Capable": false,"Startup Cost": 4366.25,"Total Cost": 4366.25,"Plan Rows": 12352,"Plan Width": 4,"Actual Startup Time": 26.711,"Actual Total Time": 26.716,"Actual Rows": 7438,"Actual Loops": 4,"Hash Buckets": 32768,"Original Hash Buckets": 32768,"Hash Batches": 1,"Original Hash Batches": 1,"Peak Memory Usage": 1504,"Workers": [],"Plans": [{"Node Type": "Seq Scan","Parent Relationship": "Outer","Parallel Aware": true,"Async Capable": false,"Relation Name": "customer","Alias": "customer","Startup Cost": 0.00,"Total Cost": 4366.25,"Plan Rows": 12352,"Plan Width": 4,"Actual Startup Time": 0.047,"Actual Total Time": 22.756,"Actual Rows": 7438,"Actual Loops": 4,"Filter": "(c_mktsegment = 'AUTOMOBILE'::bpchar)","Rows Removed by Filter": 30062,"Workers": []}]}]},{"Node Type": "Index Scan","Parent Relationship": "Inner","Parallel Aware": false,"Async Capable": false,"Scan Direction": "Forward","Index Name": "idx_lineitem_orderkey","Relation Name": "lineitem","Alias": "lineitem","Startup Cost": 0.43,"Total Cost": 1.45,"Plan Rows": 9,"Plan Width": 16,"Actual Startup Time": 0.007,"Actual Total Time": 0.008,"Actual Rows": 0,"Actual Loops": 143141,"Index Cond": "(l_orderkey = orders.o_orderkey)","Rows Removed by Index Recheck": 0,"Filter": "(l_shipdate > '1995-03-03'::date)","Rows Removed by Filter": 4,"Workers": []}]}]}]}]},"Planning Time": 6.477,"Triggers": [],"Execution Time": 563.418}]
[{"Plan": {"Node Type": "Sort","Parallel Aware": false,"Async Capable": false,"Startup Cost": 182815.82,"Total Cost": 183620.36,"Plan Rows": 321816,"Plan Width": 44,"Actual Startup Time": 518.754,"Actual Total Time": 529.617,"Actual Rows": 11477,"Actual Loops": 1,"Sort Key": ["(sum((lineitem.l_extendedprice * ('1'::numeric - lineitem.l_discount)))) DESC", "orders.o_orderdate"],"Sort Method": "quicksort","Sort Space Used": 1102,"Sort Space Type": "Memory","Plans": [{"Node Type": "Aggregate","Strategy": "Hashed","Partial Mode": "Simple","Parent Relationship": "Outer","Parallel Aware": false,"Async Capable": false,"Startup Cost": 149353.59,"Total Cost": 153376.29,"Plan Rows": 321816,"Plan Width": 44,"Actual Startup Time": 497.378,"Actual Total Time": 522.728,"Actual Rows": 11477,"Actual Loops": 1,"Group Key": ["lineitem.l_orderkey", "orders.o_orderdate", "orders.o_shippriority"],"Planned Partitions": 0,"HashAgg Batches": 1,"Peak Memory Usage": 20497,"Disk Usage": 0,"Plans": [{"Node Type": "Gather","Parent Relationship": "Outer","Parallel Aware": false,"Async Capable": false,"Startup Cost": 5526.18,"Total Cost": 144526.35,"Plan Rows": 321816,"Plan Width": 24,"Actual Startup Time": 28.773,"Actual Total Time": 477.352,"Actual Rows": 30517,"Actual Loops": 1,"Workers Planned": 3,"Workers Launched": 3,"Single Copy": false,"Plans": [{"Node Type": "Nested Loop","Parent Relationship": "Outer","Parallel Aware": false,"Async Capable": false,"Join Type": "Inner","Startup Cost": 4526.18,"Total Cost": 111344.75,"Plan Rows": 103812,"Plan Width": 24,"Actual Startup Time": 21.655,"Actual Total Time": 480.544,"Actual Rows": 7629,"Actual Loops": 4,"Inner Unique": false,"Workers": [],"Plans": [{"Node Type": "Hash Join","Parent Relationship": "Outer","Parallel Aware": true,"Async Capable": false,"Join Type": "Inner","Startup Cost": 4525.75,"Total Cost": 37293.87,"Plan Rows": 48589,"Plan Width": 12,"Actual Startup Time": 21.466,"Actual Total Time": 204.725,"Actual Rows": 36667,"Actual Loops": 4,"Inner Unique": true,"Hash Cond": "(orders.o_custkey = customer.c_custkey)","Workers": [],"Plans": [{"Node Type": "Seq Scan","Parent Relationship": "Outer","Parallel Aware": true,"Async Capable": false,"Relation Name": "orders","Alias": "orders","Startup Cost": 0.00,"Total Cost": 32143.39,"Plan Rows": 237986,"Plan Width": 16,"Actual Startup Time": 0.009,"Actual Total Time": 137.627,"Actual Rows": 183693,"Actual Loops": 4,"Filter": "(o_orderdate < '1995-03-27'::date)","Rows Removed by Filter": 191307,"Workers": []},{"Node Type": "Hash","Parent Relationship": "Inner","Parallel Aware": true,"Async Capable": false,"Startup Cost": 4366.25,"Total Cost": 4366.25,"Plan Rows": 12760,"Plan Width": 4,"Actual Startup Time": 21.030,"Actual Total Time": 21.033,"Actual Rows": 7492,"Actual Loops": 4,"Hash Buckets": 32768,"Original Hash Buckets": 32768,"Hash Batches": 1,"Original Hash Batches": 1,"Peak Memory Usage": 1504,"Workers": [],"Plans": [{"Node Type": "Seq Scan","Parent Relationship": "Outer","Parallel Aware": true,"Async Capable": false,"Relation Name": "customer","Alias": "customer","Startup Cost": 0.00,"Total Cost": 4366.25,"Plan Rows": 12760,"Plan Width": 4,"Actual Startup Time": 0.042,"Actual Total Time": 18.047,"Actual Rows": 7492,"Actual Loops": 4,"Filter": "(c_mktsegment = 'FURNITURE'::bpchar)","Rows Removed by Filter": 30008,"Workers": []}]}]},{"Node Type": "Index Scan","Parent Relationship": "Inner","Parallel Aware": false,"Async Capable": false,"Scan Direction": "Forward","Index Name": "idx_lineitem_orderkey","Relation Name": "lineitem","Alias": "lineitem","Startup Cost": 0.43,"Total Cost": 1.43,"Plan Rows": 9,"Plan Width": 16,"Actual Startup Time": 0.007,"Actual Total Time": 0.007,"Actual Rows": 0,"Actual Loops": 146667,"Index Cond": "(l_orderkey = orders.o_orderkey)","Rows Removed by Index Recheck": 0,"Filter": "(l_shipdate > '1995-03-27'::date)","Rows Removed by Filter": 4,"Workers": []}]}]}]}]},"Planning Time": 5.704,"Triggers": [],"Execution Time": 543.125}]
[{"Plan": {"Node Type": "Sort","Parallel Aware": false,"Async Capable": false,"Startup Cost": 178879.12,"Total Cost": 179667.32,"Plan Rows": 315277,"Plan Width": 44,"Actual Startup Time": 533.946,"Actual Total Time": 543.696,"Actual Rows": 11470,"Actual Loops": 1,"Sort Key": ["(sum((lineitem.l_extendedprice * ('1'::numeric - lineitem.l_discount)))) DESC", "orders.o_orderdate"],"Sort Method": "quicksort","Sort Space Used": 1101,"Sort Space Type": "Memory","Plans": [{"Node Type": "Aggregate","Strategy": "Hashed","Partial Mode": "Simple","Parent Relationship": "Outer","Parallel Aware": false,"Async Capable": false,"Startup Cost": 146143.50,"Total Cost": 150084.46,"Plan Rows": 315277,"Plan Width": 44,"Actual Startup Time": 511.083,"Actual Total Time": 535.492,"Actual Rows": 11470,"Actual Loops": 1,"Group Key": ["lineitem.l_orderkey", "orders.o_orderdate", "orders.o_shippriority"],"Planned Partitions": 0,"HashAgg Batches": 1,"Peak Memory Usage": 20497,"Disk Usage": 0,"Plans": [{"Node Type": "Gather","Parent Relationship": "Outer","Parallel Aware": false,"Async Capable": false,"Startup Cost": 5522.96,"Total Cost": 141414.35,"Plan Rows": 315277,"Plan Width": 24,"Actual Startup Time": 33.802,"Actual Total Time": 486.334,"Actual Rows": 30458,"Actual Loops": 1,"Workers Planned": 3,"Workers Launched": 3,"Single Copy": false,"Plans": [{"Node Type": "Nested Loop","Parent Relationship": "Outer","Parallel Aware": false,"Async Capable": false,"Join Type": "Inner","Startup Cost": 4522.96,"Total Cost": 108886.65,"Plan Rows": 101702,"Plan Width": 24,"Actual Startup Time": 26.939,"Actual Total Time": 494.112,"Actual Rows": 7614,"Actual Loops": 4,"Inner Unique": false,"Workers": [],"Plans": [{"Node Type": "Hash Join","Parent Relationship": "Outer","Parallel Aware": true,"Async Capable": false,"Join Type": "Inner","Startup Cost": 4522.52,"Total Cost": 37276.33,"Plan Rows": 46514,"Plan Width": 12,"Actual Startup Time": 26.756,"Actual Total Time": 220.873,"Actual Rows": 35854,"Actual Loops": 4,"Inner Unique": true,"Hash Cond": "(orders.o_custkey = customer.c_custkey)","Workers": [],"Plans": [{"Node Type": "Seq Scan","Parent Relationship": "Outer","Parallel Aware": true,"Async Capable": false,"Relation Name": "orders","Alias": "orders","Startup Cost": 0.00,"Total Cost": 32143.39,"Plan Rows": 232531,"Plan Width": 16,"Actual Startup Time": 0.011,"Actual Total Time": 141.270,"Actual Rows": 179631,"Actual Loops": 4,"Filter": "(o_orderdate < '1995-03-01'::date)","Rows Removed by Filter": 195369,"Workers": []},{"Node Type": "Hash","Parent Relationship": "Inner","Parallel Aware": true,"Async Capable": false,"Startup Cost": 4366.25,"Total Cost": 4366.25,"Plan Rows": 12502,"Plan Width": 4,"Actual Startup Time": 26.335,"Actual Total Time": 26.339,"Actual Rows": 7547,"Actual Loops": 4,"Hash Buckets": 32768,"Original Hash Buckets": 32768,"Hash Batches": 1,"Original Hash Batches": 1,"Peak Memory Usage": 1504,"Workers": [],"Plans": [{"Node Type": "Seq Scan","Parent Relationship": "Outer","Parallel Aware": true,"Async Capable": false,"Relation Name": "customer","Alias": "customer","Startup Cost": 0.00,"Total Cost": 4366.25,"Plan Rows": 12502,"Plan Width": 4,"Actual Startup Time": 0.033,"Actual Total Time": 22.477,"Actual Rows": 7547,"Actual Loops": 4,"Filter": "(c_mktsegment = 'HOUSEHOLD'::bpchar)","Rows Removed by Filter": 29953,"Workers": []}]}]},{"Node Type": "Index Scan","Parent Relationship": "Inner","Parallel Aware": false,"Async Capable": false,"Scan Direction": "Forward","Index Name": "idx_lineitem_orderkey","Relation Name": "lineitem","Alias": "lineitem","Startup Cost": 0.43,"Total Cost": 1.45,"Plan Rows": 9,"Plan Width": 16,"Actual Startup Time": 0.007,"Actual Total Time": 0.007,"Actual Rows": 0,"Actual Loops": 143418,"Index Cond": "(l_orderkey = orders.o_orderkey)","Rows Removed by Index Recheck": 0,"Filter": "(l_shipdate > '1995-03-01'::date)","Rows Removed by Filter": 4,"Workers": []}]}]}]}]},"Planning Time": 6.688,"Triggers": [],"Execution Time": 555.905}]
[{"Plan": {"Node Type": "Sort","Parallel Aware": false,"Async Capable": false,"Startup Cost": 178639.55,"Total Cost": 179420.83,"Plan Rows": 312512,"Plan Width": 44,"Actual Startup Time": 543.487,"Actual Total Time": 554.435,"Actual Rows": 11556,"Actual Loops": 1,"Sort Key": ["(sum((lineitem.l_extendedprice * ('1'::numeric - lineitem.l_discount)))) DESC", "orders.o_orderdate"],"Sort Method": "quicksort","Sort Space Used": 1107,"Sort Space Type": "Memory","Plans": [{"Node Type": "Aggregate","Strategy": "Hashed","Partial Mode": "Simple","Parent Relationship": "Outer","Parallel Aware": false,"Async Capable": false,"Startup Cost": 146210.88,"Total Cost": 150117.28,"Plan Rows": 312512,"Plan Width": 44,"Actual Startup Time": 520.909,"Actual Total Time": 545.786,"Actual Rows": 11556,"Actual Loops": 1,"Group Key": ["lineitem.l_orderkey", "orders.o_orderdate", "orders.o_shippriority"],"Planned Partitions": 0,"HashAgg Batches": 1,"Peak Memory Usage": 20497,"Disk Usage": 0,"Plans": [{"Node Type": "Gather","Parent Relationship": "Outer","Parallel Aware": false,"Async Capable": false,"Startup Cost": 5521.58,"Total Cost": 141523.20,"Plan Rows": 312512,"Plan Width": 24,"Actual Startup Time": 34.527,"Actual Total Time": 497.266,"Actual Rows": 30210,"Actual Loops": 1,"Workers Planned": 3,"Workers Launched": 3,"Single Copy": false,"Plans": [{"Node Type": "Nested Loop","Parent Relationship": "Outer","Parallel Aware": false,"Async Capable": false,"Join Type": "Inner","Startup Cost": 4521.58,"Total Cost": 109272.00,"Plan Rows": 100810,"Plan Width": 24,"Actual Startup Time": 27.013,"Actual Total Time": 503.251,"Actual Rows": 7552,"Actual Loops": 4,"Inner Unique": false,"Workers": [],"Plans": [{"Node Type": "Hash Join","Parent Relationship": "Outer","Parallel Aware": true,"Async Capable": false,"Join Type": "Inner","Startup Cost": 4521.15,"Total Cost": 37290.36,"Plan Rows": 47267,"Plan Width": 12,"Actual Startup Time": 26.866,"Actual Total Time": 219.720,"Actual Rows": 37216,"Actual Loops": 4,"Inner Unique": true,"Hash Cond": "(orders.o_custkey = customer.c_custkey)","Workers": [],"Plans": [{"Node Type": "Seq Scan","Parent Relationship": "Outer","Parallel Aware": true,"Async Capable": false,"Relation Name": "orders","Alias": "orders","Startup Cost": 0.00,"Total Cost": 32143.39,"Plan Rows": 238401,"Plan Width": 16,"Actual Startup Time": 0.009,"Actual Total Time": 140.860,"Actual Rows": 183996,"Actual Loops": 4,"Filter": "(o_orderdate < '1995-03-29'::date)","Rows Removed by Filter": 191004,"Workers": []},{"Node Type": "Hash","Parent Relationship": "Inner","Parallel Aware": true,"Async Capable": false,"Startup Cost": 4366.25,"Total Cost": 4366.25,"Plan Rows": 12392,"Plan Width": 4,"Actual Startup Time": 26.374,"Actual Total Time": 26.380,"Actual Rows": 7536,"Actual Loops": 4,"Hash Buckets": 32768,"Original Hash Buckets": 32768,"Hash Batches": 1,"Original Hash Batches": 1,"Peak Memory Usage": 1472,"Workers": [],"Plans": [{"Node Type": "Seq Scan","Parent Relationship": "Outer","Parallel Aware": true,"Async Capable": false,"Relation Name": "customer","Alias": "customer","Startup Cost": 0.00,"Total Cost": 4366.25,"Plan Rows": 12392,"Plan Width": 4,"Actual Startup Time": 0.036,"Actual Total Time": 22.512,"Actual Rows": 7536,"Actual Loops": 4,"Filter": "(c_mktsegment = 'BUILDING'::bpchar)","Rows Removed by Filter": 29964,"Workers": []}]}]},{"Node Type": "Index Scan","Parent Relationship": "Inner","Parallel Aware": false,"Async Capable": false,"Scan Direction": "Forward","Index Name": "idx_lineitem_orderkey","Relation Name": "lineitem","Alias": "lineitem","Startup Cost": 0.43,"Total Cost": 1.43,"Plan Rows": 9,"Plan Width": 16,"Actual Startup Time": 0.007,"Actual Total Time": 0.007,"Actual Rows": 0,"Actual Loops": 148866,"Index Cond": "(l_orderkey = orders.o_orderkey)","Rows Removed by Index Recheck": 0,"Filter": "(l_shipdate > '1995-03-29'::date)","Rows Removed by Filter": 4,"Workers": []}]}]}]}]},"Planning Time": 5.109,"Triggers": [],"Execution Time": 567.294}]
[{"Plan": {"Node Type": "Sort","Parallel Aware": false,"Async Capable": false,"Startup Cost": 178077.30,"Total Cost": 178856.10,"Plan Rows": 311520,"Plan Width": 44,"Actual Startup Time": 512.171,"Actual Total Time": 523.067,"Actual Rows": 11428,"Actual Loops": 1,"Sort Key": ["(sum((lineitem.l_extendedprice * ('1'::numeric - lineitem.l_discount)))) DESC", "orders.o_orderdate"],"Sort Method": "quicksort","Sort Space Used": 1099,"Sort Space Type": "Memory","Plans": [{"Node Type": "Aggregate","Strategy": "Hashed","Partial Mode": "Simple","Parent Relationship": "Outer","Parallel Aware": false,"Async Capable": false,"Startup Cost": 145758.71,"Total Cost": 149652.71,"Plan Rows": 311520,"Plan Width": 44,"Actual Startup Time": 490.587,"Actual Total Time": 515.800,"Actual Rows": 11428,"Actual Loops": 1,"Group Key": ["lineitem.l_orderkey", "orders.o_orderdate", "orders.o_shippriority"],"Planned Partitions": 0,"HashAgg Batches": 1,"Peak Memory Usage": 20497,"Disk Usage": 0,"Plans": [{"Node Type": "Gather","Parent Relationship": "Outer","Parallel Aware": false,"Async Capable": false,"Startup Cost": 5521.08,"Total Cost": 141085.91,"Plan Rows": 311520,"Plan Width": 24,"Actual Startup Time": 30.173,"Actual Total Time": 470.743,"Actual Rows": 30113,"Actual Loops": 1,"Workers Planned": 3,"Workers Launched": 3,"Single Copy": false,"Plans": [{"Node Type": "Nested Loop","Parent Relationship": "Outer","Parallel Aware": false,"Async Capable": false,"Join Type": "Inner","Startup Cost": 4521.08,"Total Cost": 108933.91,"Plan Rows": 100490,"Plan Width": 24,"Actual Startup Time": 23.239,"Actual Total Time": 474.011,"Actual Rows": 7528,"Actual Loops": 4,"Inner Unique": false,"Workers": [],"Plans": [{"Node Type": "Hash Join","Parent Relationship": "Outer","Parallel Aware": true,"Async Capable": false,"Join Type": "Inner","Startup Cost": 4520.65,"Total Cost": 37288.23,"Plan Rows": 46993,"Plan Width": 12,"Actual Startup Time": 22.851,"Actual Total Time": 201.835,"Actual Rows": 36503,"Actual Loops": 4,"Inner Unique": true,"Hash Cond": "(orders.o_custkey = customer.c_custkey)","Workers": [],"Plans": [{"Node Type": "Seq Scan","Parent Relationship": "Outer","Parallel Aware": true,"Async Capable": false,"Relation Name": "orders","Alias": "orders","Startup Cost": 0.00,"Total Cost": 32143.39,"Plan Rows": 237778,"Plan Width": 16,"Actual Startup Time": 0.013,"Actual Total Time": 134.292,"Actual Rows": 183522,"Actual Loops": 4,"Filter": "(o_orderdate < '1995-03-26'::date)","Rows Removed by Filter": 191478,"Workers": []},{"Node Type": "Hash","Parent Relationship": "Inner","Parallel Aware": true,"Async Capable": false,"Startup Cost": 4366.25,"Total Cost": 4366.25,"Plan Rows": 12352,"Plan Width": 4,"Actual Startup Time": 22.385,"Actual Total Time": 22.390,"Actual Rows": 7438,"Actual Loops": 4,"Hash Buckets": 32768,"Original Hash Buckets": 32768,"Hash Batches": 1,"Original Hash Batches": 1,"Peak Memory Usage": 1504,"Workers": [],"Plans": [{"Node Type": "Seq Scan","Parent Relationship": "Outer","Parallel Aware": true,"Async Capable": false,"Relation Name": "customer","Alias": "customer","Startup Cost": 0.00,"Total Cost": 4366.25,"Plan Rows": 12352,"Plan Width": 4,"Actual Startup Time": 0.043,"Actual Total Time": 19.306,"Actual Rows": 7438,"Actual Loops": 4,"Filter": "(c_mktsegment = 'AUTOMOBILE'::bpchar)","Rows Removed by Filter": 30062,"Workers": []}]}]},{"Node Type": "Index Scan","Parent Relationship": "Inner","Parallel Aware": false,"Async Capable": false,"Scan Direction": "Forward","Index Name": "idx_lineitem_orderkey","Relation Name": "lineitem","Alias": "lineitem","Startup Cost": 0.43,"Total Cost": 1.43,"Plan Rows": 9,"Plan Width": 16,"Actual Startup Time": 0.007,"Actual Total Time": 0.007,"Actual Rows": 0,"Actual Loops": 146011,"Index Cond": "(l_orderkey = orders.o_orderkey)","Rows Removed by Index Recheck": 0,"Filter": "(l_shipdate > '1995-03-26'::date)","Rows Removed by Filter": 4,"Workers": []}]}]}]}]},"Planning Time": 5.115,"Triggers": [],"Execution Time": 537.255}]
[{"Plan": {"Node Type": "Sort","Parallel Aware": false,"Async Capable": false,"Startup Cost": 182592.89,"Total Cost": 183397.43,"Plan Rows": 321819,"Plan Width": 44,"Actual Startup Time": 475.105,"Actual Total Time": 484.133,"Actual Rows": 11438,"Actual Loops": 1,"Sort Key": ["(sum((lineitem.l_extendedprice * ('1'::numeric - lineitem.l_discount)))) DESC", "orders.o_orderdate"],"Sort Method": "quicksort","Sort Space Used": 1099,"Sort Space Type": "Memory","Plans": [{"Node Type": "Aggregate","Strategy": "Hashed","Partial Mode": "Simple","Parent Relationship": "Outer","Parallel Aware": false,"Async Capable": false,"Startup Cost": 149130.32,"Total Cost": 153153.06,"Plan Rows": 321819,"Plan Width": 44,"Actual Startup Time": 452.613,"Actual Total Time": 476.808,"Actual Rows": 11438,"Actual Loops": 1,"Group Key": ["lineitem.l_orderkey", "orders.o_orderdate", "orders.o_shippriority"],"Planned Partitions": 0,"HashAgg Batches": 1,"Peak Memory Usage": 20497,"Disk Usage": 0,"Plans": [{"Node Type": "Gather","Parent Relationship": "Outer","Parallel Aware": false,"Async Capable": false,"Startup Cost": 5526.18,"Total Cost": 144303.04,"Plan Rows": 321819,"Plan Width": 24,"Actual Startup Time": 30.754,"Actual Total Time": 429.259,"Actual Rows": 30322,"Actual Loops": 1,"Workers Planned": 3,"Workers Launched": 3,"Single Copy": false,"Plans": [{"Node Type": "Nested Loop","Parent Relationship": "Outer","Parallel Aware": false,"Async Capable": false,"Join Type": "Inner","Startup Cost": 4526.18,"Total Cost": 111121.14,"Plan Rows": 103813,"Plan Width": 24,"Actual Startup Time": 23.702,"Actual Total Time": 435.646,"Actual Rows": 7580,"Actual Loops": 4,"Inner Unique": false,"Workers": [],"Plans": [{"Node Type": "Hash Join","Parent Relationship": "Outer","Parallel Aware": true,"Async Capable": false,"Join Type": "Inner","Startup Cost": 4525.75,"Total Cost": 37290.60,"Plan Rows": 48334,"Plan Width": 12,"Actual Startup Time": 23.486,"Actual Total Time": 196.938,"Actual Rows": 36476,"Actual Loops": 4,"Inner Unique": true,"Hash Cond": "(orders.o_custkey = customer.c_custkey)","Workers": [],"Plans": [{"Node Type": "Seq Scan","Parent Relationship": "Outer","Parallel Aware": true,"Async Capable": false,"Relation Name": "orders","Alias": "orders","Startup Cost": 0.00,"Total Cost": 32143.39,"Plan Rows": 236740,"Plan Width": 16,"Actual Startup Time": 0.040,"Actual Total Time": 105.876,"Actual Rows": 182768,"Actual Loops": 4,"Filter": "(o_orderdate < '1995-03-21'::date)","Rows Removed by Filter": 192232,"Workers": []},{"Node Type": "Hash","Parent Relationship": "Inner","Parallel Aware": true,"Async Capable": false,"Startup Cost": 4366.25,"Total Cost": 4366.25,"Plan Rows": 12760,"Plan Width": 4,"Actual Startup Time": 23.010,"Actual Total Time": 23.017,"Actual Rows": 7492,"Actual Loops": 4,"Hash Buckets": 32768,"Original Hash Buckets": 32768,"Hash Batches": 1,"Original Hash Batches": 1,"Peak Memory Usage": 1504,"Workers": [],"Plans": [{"Node Type": "Seq Scan","Parent Relationship": "Outer","Parallel Aware": true,"Async Capable": false,"Relation Name": "customer","Alias": "customer","Startup Cost": 0.00,"Total Cost": 4366.25,"Plan Rows": 12760,"Plan Width": 4,"Actual Startup Time": 0.081,"Actual Total Time": 19.478,"Actual Rows": 7492,"Actual Loops": 4,"Filter": "(c_mktsegment = 'FURNITURE'::bpchar)","Rows Removed by Filter": 30008,"Workers": []}]}]},{"Node Type": "Index Scan","Parent Relationship": "Inner","Parallel Aware": false,"Async Capable": false,"Scan Direction": "Forward","Index Name": "idx_lineitem_orderkey","Relation Name": "lineitem","Alias": "lineitem","Startup Cost": 0.43,"Total Cost": 1.44,"Plan Rows": 9,"Plan Width": 16,"Actual Startup Time": 0.006,"Actual Total Time": 0.006,"Actual Rows": 0,"Actual Loops": 145902,"Index Cond": "(l_orderkey = orders.o_orderkey)","Rows Removed by Index Recheck": 0,"Filter": "(l_shipdate > '1995-03-21'::date)","Rows Removed by Filter": 4,"Workers": []}]}]}]}]},"Planning Time": 7.416,"Triggers": [],"Execution Time": 497.778}]
[{"Plan": {"Node Type": "Sort","Parallel Aware": false,"Async Capable": false,"Startup Cost": 177746.12,"Total Cost": 178525.12,"Plan Rows": 311599,"Plan Width": 44,"Actual Startup Time": 547.447,"Actual Total Time": 556.875,"Actual Rows": 11517,"Actual Loops": 1,"Sort Key": ["(sum((lineitem.l_extendedprice * ('1'::numeric - lineitem.l_discount)))) DESC", "orders.o_orderdate"],"Sort Method": "quicksort","Sort Space Used": 1104,"Sort Space Type": "Memory","Plans": [{"Node Type": "Aggregate","Strategy": "Hashed","Partial Mode": "Simple","Parent Relationship": "Outer","Parallel Aware": false,"Async Capable": false,"Startup Cost": 145418.77,"Total Cost": 149313.75,"Plan Rows": 311599,"Plan Width": 44,"Actual Startup Time": 524.909,"Actual Total Time": 546.583,"Actual Rows": 11517,"Actual Loops": 1,"Group Key": ["lineitem.l_orderkey", "orders.o_orderdate", "orders.o_shippriority"],"Planned Partitions": 0,"HashAgg Batches": 1,"Peak Memory Usage": 20497,"Disk Usage": 0,"Plans": [{"Node Type": "Gather","Parent Relationship": "Outer","Parallel Aware": false,"Async Capable": false,"Startup Cost": 5521.08,"Total Cost": 140744.78,"Plan Rows": 311599,"Plan Width": 24,"Actual Startup Time": 34.570,"Actual Total Time": 498.050,"Actual Rows": 30350,"Actual Loops": 1,"Workers Planned": 3,"Workers Launched": 3,"Single Copy": false,"Plans": [{"Node Type": "Nested Loop","Parent Relationship": "Outer","Parallel Aware": false,"Async Capable": false,"Join Type": "Inner","Startup Cost": 4521.08,"Total Cost": 108584.88,"Plan Rows": 100516,"Plan Width": 24,"Actual Startup Time": 26.857,"Actual Total Time": 506.921,"Actual Rows": 7588,"Actual Loops": 4,"Inner Unique": false,"Workers": [],"Plans": [{"Node Type": "Hash Join","Parent Relationship": "Outer","Parallel Aware": true,"Async Capable": false,"Join Type": "Inner","Startup Cost": 4520.65,"Total Cost": 37282.95,"Plan Rows": 46595,"Plan Width": 12,"Actual Startup Time": 26.340,"Actual Total Time": 222.111,"Actual Rows": 36195,"Actual Loops": 4,"Inner Unique": true,"Hash Cond": "(orders.o_custkey = customer.c_custkey)","Workers": [],"Plans": [{"Node Type": "Seq Scan","Parent Relationship": "Outer","Parallel Aware": true,"Async Capable": false,"Relation Name": "orders","Alias": "orders","Startup Cost": 0.00,"Total Cost": 32143.39,"Plan Rows": 235768,"Plan Width": 16,"Actual Startup Time": 0.013,"Actual Total Time": 144.393,"Actual Rows": 181977,"Actual Loops": 4,"Filter": "(o_orderdate < '1995-03-16'::date)","Rows Removed by Filter": 193023,"Workers": []},{"Node Type": "Hash","Parent Relationship": "Inner","Parallel Aware": true,"Async Capable": false,"Startup Cost": 4366.25,"Total Cost": 4366.25,"Plan Rows": 12352,"Plan Width": 4,"Actual Startup Time": 25.932,"Actual Total Time": 25.936,"Actual Rows": 7438,"Actual Loops": 4,"Hash Buckets": 32768,"Original Hash Buckets": 32768,"Hash Batches": 1,"Original Hash Batches": 1,"Peak Memory Usage": 1472,"Workers": [],"Plans": [{"Node Type": "Seq Scan","Parent Relationship": "Outer","Parallel Aware": true,"Async Capable": false,"Relation Name": "customer","Alias": "customer","Startup Cost": 0.00,"Total Cost": 4366.25,"Plan Rows": 12352,"Plan Width": 4,"Actual Startup Time": 0.029,"Actual Total Time": 22.008,"Actual Rows": 7438,"Actual Loops": 4,"Filter": "(c_mktsegment = 'AUTOMOBILE'::bpchar)","Rows Removed by Filter": 30062,"Workers": []}]}]},{"Node Type": "Index Scan","Parent Relationship": "Inner","Parallel Aware": false,"Async Capable": false,"Scan Direction": "Forward","Index Name": "idx_lineitem_orderkey","Relation Name": "lineitem","Alias": "lineitem","Startup Cost": 0.43,"Total Cost": 1.44,"Plan Rows": 9,"Plan Width": 16,"Actual Startup Time": 0.007,"Actual Total Time": 0.008,"Actual Rows": 0,"Actual Loops": 144780,"Index Cond": "(l_orderkey = orders.o_orderkey)","Rows Removed by Index Recheck": 0,"Filter": "(l_shipdate > '1995-03-16'::date)","Rows Removed by Filter": 4,"Workers": []}]}]}]}]},"Planning Time": 7.282,"Triggers": [],"Execution Time": 569.325}]
[{"Plan": {"Node Type": "Sort","Parallel Aware": false,"Async Capable": false,"Startup Cost": 177643.48,"Total Cost": 178424.65,"Plan Rows": 312468,"Plan Width": 44,"Actual Startup Time": 545.393,"Actual Total Time": 556.336,"Actual Rows": 11601,"Actual Loops": 1,"Sort Key": ["(sum((lineitem.l_extendedprice * ('1'::numeric - lineitem.l_discount)))) DESC", "orders.o_orderdate"],"Sort Method": "quicksort","Sort Space Used": 1110,"Sort Space Type": "Memory","Plans": [{"Node Type": "Aggregate","Strategy": "Hashed","Partial Mode": "Simple","Parent Relationship": "Outer","Parallel Aware": false,"Async Capable": false,"Startup Cost": 145219.70,"Total Cost": 149125.55,"Plan Rows": 312468,"Plan Width": 44,"Actual Startup Time": 523.074,"Actual Total Time": 548.136,"Actual Rows": 11601,"Actual Loops": 1,"Group Key": ["lineitem.l_orderkey", "orders.o_orderdate", "orders.o_shippriority"],"Planned Partitions": 0,"HashAgg Batches": 1,"Peak Memory Usage": 20497,"Disk Usage": 0,"Plans": [{"Node Type": "Gather","Parent Relationship": "Outer","Parallel Aware": false,"Async Capable": false,"Startup Cost": 5521.58,"Total Cost": 140532.68,"Plan Rows": 312468,"Plan Width": 24,"Actual Startup Time": 32.689,"Actual Total Time": 499.632,"Actual Rows": 30573,"Actual Loops": 1,"Workers Planned": 3,"Workers Launched": 3,"Single Copy": false,"Plans": [{"Node Type": "Nested Loop","Parent Relationship": "Outer","Parallel Aware": false,"Async Capable": false,"Join Type": "Inner","Startup Cost": 4521.58,"Total Cost": 108285.88,"Plan Rows": 100796,"Plan Width": 24,"Actual Startup Time": 25.878,"Actual Total Time": 505.492,"Actual Rows": 7643,"Actual Loops": 4,"Inner Unique": false,"Workers": [],"Plans": [{"Node Type": "Hash Join","Parent Relationship": "Outer","Parallel Aware": true,"Async Capable": false,"Join Type": "Inner","Startup Cost": 4521.15,"Total Cost": 37275.45,"Plan Rows": 46141,"Plan Width": 12,"Actual Startup Time": 25.662,"Actual Total Time": 222.573,"Actual Rows": 36360,"Actual Loops": 4,"Inner Unique": true,"Hash Cond": "(orders.o_custkey = customer.c_custkey)","Workers": [],"Plans": [{"Node Type": "Seq Scan","Parent Relationship": "Outer","Parallel Aware": true,"Async Capable": false,"Relation Name": "orders","Alias": "orders","Startup Cost": 0.00,"Total Cost": 32143.39,"Plan Rows": 232722,"Plan Width": 16,"Actual Startup Time": 0.013,"Actual Total Time": 143.972,"Actual Rows": 179789,"Actual Loops": 4,"Filter": "(o_orderdate < '1995-03-02'::date)","Rows Removed by Filter": 195211,"Workers": []},{"Node Type": "Hash","Parent Relationship": "Inner","Parallel Aware": true,"Async Capable": false,"Startup Cost": 4366.25,"Total Cost": 4366.25,"Plan Rows": 12392,"Plan Width": 4,"Actual Startup Time": 25.240,"Actual Total Time": 25.243,"Actual Rows": 7536,"Actual Loops": 4,"Hash Buckets": 32768,"Original Hash Buckets": 32768,"Hash Batches": 1,"Original Hash Batches": 1,"Peak Memory Usage": 1504,"Workers": [],"Plans": [{"Node Type": "Seq Scan","Parent Relationship": "Outer","Parallel Aware": true,"Async Capable": false,"Relation Name": "customer","Alias": "customer","Startup Cost": 0.00,"Total Cost": 4366.25,"Plan Rows": 12392,"Plan Width": 4,"Actual Startup Time": 0.041,"Actual Total Time": 21.517,"Actual Rows": 7536,"Actual Loops": 4,"Filter": "(c_mktsegment = 'BUILDING'::bpchar)","Rows Removed by Filter": 29964,"Workers": []}]}]},{"Node Type": "Index Scan","Parent Relationship": "Inner","Parallel Aware": false,"Async Capable": false,"Scan Direction": "Forward","Index Name": "idx_lineitem_orderkey","Relation Name": "lineitem","Alias": "lineitem","Startup Cost": 0.43,"Total Cost": 1.45,"Plan Rows": 9,"Plan Width": 16,"Actual Startup Time": 0.007,"Actual Total Time": 0.008,"Actual Rows": 0,"Actual Loops": 145438,"Index Cond": "(l_orderkey = orders.o_orderkey)","Rows Removed by Index Recheck": 0,"Filter": "(l_shipdate > '1995-03-02'::date)","Rows Removed by Filter": 4,"Workers": []}]}]}]}]},"Planning Time": 6.706,"Triggers": [],"Execution Time": 568.487}]
[{"Plan": {"Node Type": "Sort","Parallel Aware": false,"Async Capable": false,"Startup Cost": 178259.80,"Total Cost": 179041.20,"Plan Rows": 312559,"Plan Width": 44,"Actual Startup Time": 522.747,"Actual Total Time": 532.801,"Actual Rows": 11668,"Actual Loops": 1,"Sort Key": ["(sum((lineitem.l_extendedprice * ('1'::numeric - lineitem.l_discount)))) DESC", "orders.o_orderdate"],"Sort Method": "quicksort","Sort Space Used": 1114,"Sort Space Type": "Memory","Plans": [{"Node Type": "Aggregate","Strategy": "Hashed","Partial Mode": "Simple","Parent Relationship": "Outer","Parallel Aware": false,"Async Capable": false,"Startup Cost": 145825.92,"Total Cost": 149732.90,"Plan Rows": 312559,"Plan Width": 44,"Actual Startup Time": 500.552,"Actual Total Time": 524.645,"Actual Rows": 11668,"Actual Loops": 1,"Group Key": ["lineitem.l_orderkey", "orders.o_orderdate", "orders.o_shippriority"],"Planned Partitions": 0,"HashAgg Batches": 1,"Peak Memory Usage": 20497,"Disk Usage": 0,"Plans": [{"Node Type": "Gather","Parent Relationship": "Outer","Parallel Aware": false,"Async Capable": false,"Startup Cost": 5521.58,"Total Cost": 141137.53,"Plan Rows": 312559,"Plan Width": 24,"Actual Startup Time": 30.152,"Actual Total Time": 478.317,"Actual Rows": 30678,"Actual Loops": 1,"Workers Planned": 3,"Workers Launched": 3,"Single Copy": false,"Plans": [{"Node Type": "Nested Loop","Parent Relationship": "Outer","Parallel Aware": false,"Async Capable": false,"Join Type": "Inner","Startup Cost": 4521.58,"Total Cost": 108881.63,"Plan Rows": 100825,"Plan Width": 24,"Actual Startup Time": 23.309,"Actual Total Time": 484.094,"Actual Rows": 7670,"Actual Loops": 4,"Inner Unique": false,"Workers": [],"Plans": [{"Node Type": "Hash Join","Parent Relationship": "Outer","Parallel Aware": true,"Async Capable": false,"Join Type": "Inner","Startup Cost": 4521.15,"Total Cost": 37284.45,"Plan Rows": 46821,"Plan Width": 12,"Actual Startup Time": 23.129,"Actual Total Time": 203.818,"Actual Rows": 36886,"Actual Loops": 4,"Inner Unique": true,"Hash Cond": "(orders.o_custkey = customer.c_custkey)","Workers": [],"Plans": [{"Node Type": "Seq Scan","Parent Relationship": "Outer","Parallel Aware": true,"Async Capable": false,"Relation Name": "orders","Alias": "orders","Startup Cost": 0.00,"Total Cost": 32143.39,"Plan Rows": 236150,"Plan Width": 16,"Actual Startup Time": 0.014,"Actual Total Time": 135.913,"Actual Rows": 182297,"Actual Loops": 4,"Filter": "(o_orderdate < '1995-03-18'::date)","Rows Removed by Filter": 192703,"Workers": []},{"Node Type": "Hash","Parent Relationship": "Inner","Parallel Aware": true,"Async Capable": false,"Startup Cost": 4366.25,"Total Cost": 4366.25,"Plan Rows": 12392,"Plan Width": 4,"Actual Startup Time": 22.707,"Actual Total Time": 22.713,"Actual Rows": 7536,"Actual Loops": 4,"Hash Buckets": 32768,"Original Hash Buckets": 32768,"Hash Batches": 1,"Original Hash Batches": 1,"Peak Memory Usage": 1504,"Workers": [],"Plans": [{"Node Type": "Seq Scan","Parent Relationship": "Outer","Parallel Aware": true,"Async Capable": false,"Relation Name": "customer","Alias": "customer","Startup Cost": 0.00,"Total Cost": 4366.25,"Plan Rows": 12392,"Plan Width": 4,"Actual Startup Time": 0.026,"Actual Total Time": 19.599,"Actual Rows": 7536,"Actual Loops": 4,"Filter": "(c_mktsegment = 'BUILDING'::bpchar)","Rows Removed by Filter": 29964,"Workers": []}]}]},{"Node Type": "Index Scan","Parent Relationship": "Inner","Parallel Aware": false,"Async Capable": false,"Scan Direction": "Forward","Index Name": "idx_lineitem_orderkey","Relation Name": "lineitem","Alias": "lineitem","Startup Cost": 0.43,"Total Cost": 1.44,"Plan Rows": 9,"Plan Width": 16,"Actual Startup Time": 0.007,"Actual Total Time": 0.007,"Actual Rows": 0,"Actual Loops": 147543,"Index Cond": "(l_orderkey = orders.o_orderkey)","Rows Removed by Index Recheck": 0,"Filter": "(l_shipdate > '1995-03-18'::date)","Rows Removed by Filter": 4,"Workers": []}]}]}]}]},"Planning Time": 6.869,"Triggers": [],"Execution Time": 546.741}]
[{"Plan": {"Node Type": "Sort","Parallel Aware": false,"Async Capable": false,"Startup Cost": 177753.19,"Total Cost": 178534.10,"Plan Rows": 312363,"Plan Width": 44,"Actual Startup Time": 523.457,"Actual Total Time": 534.343,"Actual Rows": 11628,"Actual Loops": 1,"Sort Key": ["(sum((lineitem.l_extendedprice * ('1'::numeric - lineitem.l_discount)))) DESC", "orders.o_orderdate"],"Sort Method": "quicksort","Sort Space Used": 1111,"Sort Space Type": "Memory","Plans": [{"Node Type": "Aggregate","Strategy": "Hashed","Partial Mode": "Simple","Parent Relationship": "Outer","Parallel Aware": false,"Async Capable": false,"Startup Cost": 145341.05,"Total Cost": 149245.59,"Plan Rows": 312363,"Plan Width": 44,"Actual Startup Time": 500.270,"Actual Total Time": 526.935,"Actual Rows": 11628,"Actual Loops": 1,"Group Key": ["lineitem.l_orderkey", "orders.o_orderdate", "orders.o_shippriority"],"Planned Partitions": 0,"HashAgg Batches": 1,"Peak Memory Usage": 20497,"Disk Usage": 0,"Plans": [{"Node Type": "Gather","Parent Relationship": "Outer","Parallel Aware": false,"Async Capable": false,"Startup Cost": 5521.58,"Total Cost": 140655.61,"Plan Rows": 312363,"Plan Width": 24,"Actual Startup Time": 30.236,"Actual Total Time": 479.199,"Actual Rows": 30604,"Actual Loops": 1,"Workers Planned": 3,"Workers Launched": 3,"Single Copy": false,"Plans": [{"Node Type": "Nested Loop","Parent Relationship": "Outer","Parallel Aware": false,"Async Capable": false,"Join Type": "Inner","Startup Cost": 4521.58,"Total Cost": 108419.31,"Plan Rows": 100762,"Plan Width": 24,"Actual Startup Time": 23.202,"Actual Total Time": 483.668,"Actual Rows": 7651,"Actual Loops": 4,"Inner Unique": false,"Workers": [],"Plans": [{"Node Type": "Hash Join","Parent Relationship": "Outer","Parallel Aware": true,"Async Capable": false,"Join Type": "Inner","Startup Cost": 4521.15,"Total Cost": 37277.46,"Plan Rows": 46293,"Plan Width": 12,"Actual Startup Time": 23.018,"Actual Total Time": 206.800,"Actual Rows": 36488,"Actual Loops": 4,"Inner Unique": true,"Hash Cond": "(orders.o_custkey = customer.c_custkey)","Workers": [],"Plans": [{"Node Type": "Seq Scan","Parent Relationship": "Outer","Parallel Aware": true,"Async Capable": false,"Relation Name": "orders","Alias": "orders","Startup Cost": 0.00,"Total Cost": 32143.39,"Plan Rows": 233486,"Plan Width": 16,"Actual Startup Time": 0.016,"Actual Total Time": 137.698,"Actual Rows": 180414,"Actual Loops": 4,"Filter": "(o_orderdate < '1995-03-06'::date)","Rows Removed by Filter": 194586,"Workers": []},{"Node Type": "Hash","Parent Relationship": "Inner","Parallel Aware": true,"Async Capable": false,"Startup Cost": 4366.25,"Total Cost": 4366.25,"Plan Rows": 12392,"Plan Width": 4,"Actual Startup Time": 22.547,"Actual Total Time": 22.550,"Actual Rows": 7536,"Actual Loops": 4,"Hash Buckets": 32768,"Original Hash Buckets": 32768,"Hash Batches": 1,"Original Hash Batches": 1,"Peak Memory Usage": 1504,"Workers": [],"Plans": [{"Node Type": "Seq Scan","Parent Relationship": "Outer","Parallel Aware": true,"Async Capable": false,"Relation Name": "customer","Alias": "customer","Startup Cost": 0.00,"Total Cost": 4366.25,"Plan Rows": 12392,"Plan Width": 4,"Actual Startup Time": 0.042,"Actual Total Time": 19.442,"Actual Rows": 7536,"Actual Loops": 4,"Filter": "(c_mktsegment = 'BUILDING'::bpchar)","Rows Removed by Filter": 29964,"Workers": []}]}]},{"Node Type": "Index Scan","Parent Relationship": "Inner","Parallel Aware": false,"Async Capable": false,"Scan Direction": "Forward","Index Name": "idx_lineitem_orderkey","Relation Name": "lineitem","Alias": "lineitem","Startup Cost": 0.43,"Total Cost": 1.45,"Plan Rows": 9,"Plan Width": 16,"Actual Startup Time": 0.007,"Actual Total Time": 0.007,"Actual Rows": 0,"Actual Loops": 145950,"Index Cond": "(l_orderkey = orders.o_orderkey)","Rows Removed by Index Recheck": 0,"Filter": "(l_shipdate > '1995-03-06'::date)","Rows Removed by Filter": 4,"Workers": []}]}]}]}]},"Planning Time": 6.304,"Triggers": [],"Execution Time": 548.235}]
[{"Plan": {"Node Type": "Sort","Parallel Aware": false,"Async Capable": false,"Startup Cost": 177406.42,"Total Cost": 178184.55,"Plan Rows": 311252,"Plan Width": 44,"Actual Startup Time": 537.136,"Actual Total Time": 543.104,"Actual Rows": 11506,"Actual Loops": 1,"Sort Key": ["(sum((lineitem.l_extendedprice * ('1'::numeric - lineitem.l_discount)))) DESC", "orders.o_orderdate"],"Sort Method": "quicksort","Sort Space Used": 1104,"Sort Space Type": "Memory","Plans": [{"Node Type": "Aggregate","Strategy": "Hashed","Partial Mode": "Simple","Parent Relationship": "Outer","Parallel Aware": false,"Async Capable": false,"Startup Cost": 145117.57,"Total Cost": 149008.22,"Plan Rows": 311252,"Plan Width": 44,"Actual Startup Time": 509.899,"Actual Total Time": 534.326,"Actual Rows": 11506,"Actual Loops": 1,"Group Key": ["lineitem.l_orderkey", "orders.o_orderdate", "orders.o_shippriority"],"Planned Partitions": 0,"HashAgg Batches": 1,"Peak Memory Usage": 20497,"Disk Usage": 0,"Plans": [{"Node Type": "Gather","Parent Relationship": "Outer","Parallel Aware": false,"Async Capable": false,"Startup Cost": 5521.08,"Total Cost": 140448.79,"Plan Rows": 311252,"Plan Width": 24,"Actual Startup Time": 29.926,"Actual Total Time": 479.414,"Actual Rows": 30350,"Actual Loops": 1,"Workers Planned": 3,"Workers Launched": 3,"Single Copy": false,"Plans": [{"Node Type": "Nested Loop","Parent Relationship": "Outer","Parallel Aware": false,"Async Capable": false,"Join Type": "Inner","Startup Cost": 4521.08,"Total Cost": 108323.59,"Plan Rows": 100404,"Plan Width": 24,"Actual Startup Time": 23.437,"Actual Total Time": 492.442,"Actual Rows": 7588,"Actual Loops": 4,"Inner Unique": false,"Workers": [],"Plans": [{"Node Type": "Hash Join","Parent Relationship": "Outer","Parallel Aware": true,"Async Capable": false,"Join Type": "Inner","Startup Cost": 4520.65,"Total Cost": 37278.97,"Plan Rows": 46296,"Plan Width": 12,"Actual Startup Time": 23.041,"Actual Total Time": 210.470,"Actual Rows": 36014,"Actual Loops": 4,"Inner Unique": true,"Hash Cond": "(orders.o_custkey = customer.c_custkey)","Workers": [],"Plans": [{"Node Type": "Seq Scan","Parent Relationship": "Outer","Parallel Aware": true,"Async Capable": false,"Relation Name": "orders","Alias": "orders","Startup Cost": 0.00,"Total Cost": 32143.39,"Plan Rows": 234250,"Plan Width": 16,"Actual Startup Time": 0.011,"Actual Total Time": 141.656,"Actual Rows": 181030,"Actual Loops": 4,"Filter": "(o_orderdate < '1995-03-10'::date)","Rows Removed by Filter": 193970,"Workers": []},{"Node Type": "Hash","Parent Relationship": "Inner","Parallel Aware": true,"Async Capable": false,"Startup Cost": 4366.25,"Total Cost": 4366.25,"Plan Rows": 12352,"Plan Width": 4,"Actual Startup Time": 22.598,"Actual Total Time": 22.604,"Actual Rows": 7438,"Actual Loops": 4,"Hash Buckets": 32768,"Original Hash Buckets": 32768,"Hash Batches": 1,"Original Hash Batches": 1,"Peak Memory Usage": 1472,"Workers": [],"Plans": [{"Node Type": "Seq Scan","Parent Relationship": "Outer","Parallel Aware": true,"Async Capable": false,"Relation Name": "customer","Alias": "customer","Startup Cost": 0.00,"Total Cost": 4366.25,"Plan Rows": 12352,"Plan Width": 4,"Actual Startup Time": 0.050,"Actual Total Time": 19.535,"Actual Rows": 7438,"Actual Loops": 4,"Filter": "(c_mktsegment = 'AUTOMOBILE'::bpchar)","Rows Removed by Filter": 30062,"Workers": []}]}]},{"Node Type": "Index Scan","Parent Relationship": "Inner","Parallel Aware": false,"Async Capable": false,"Scan Direction": "Forward","Index Name": "idx_lineitem_orderkey","Relation Name": "lineitem","Alias": "lineitem","Startup Cost": 0.43,"Total Cost": 1.44,"Plan Rows": 9,"Plan Width": 16,"Actual Startup Time": 0.007,"Actual Total Time": 0.008,"Actual Rows": 0,"Actual Loops": 144054,"Index Cond": "(l_orderkey = orders.o_orderkey)","Rows Removed by Index Recheck": 0,"Filter": "(l_shipdate > '1995-03-10'::date)","Rows Removed by Filter": 4,"Workers": []}]}]}]}]},"Planning Time": 6.457,"Triggers": [],"Execution Time": 558.281}]
[{"Plan": {"Node Type": "Sort","Parallel Aware": false,"Async Capable": false,"Startup Cost": 181947.35,"Total Cost": 182751.56,"Plan Rows": 321685,"Plan Width": 44,"Actual Startup Time": 532.244,"Actual Total Time": 542.375,"Actual Rows": 11442,"Actual Loops": 1,"Sort Key": ["(sum((lineitem.l_extendedprice * ('1'::numeric - lineitem.l_discount)))) DESC", "orders.o_orderdate"],"Sort Method": "quicksort","Sort Space Used": 1100,"Sort Space Type": "Memory","Plans": [{"Node Type": "Aggregate","Strategy": "Hashed","Partial Mode": "Simple","Parent Relationship": "Outer","Parallel Aware": false,"Async Capable": false,"Startup Cost": 148499.69,"Total Cost": 152520.75,"Plan Rows": 321685,"Plan Width": 44,"Actual Startup Time": 510.447,"Actual Total Time": 533.656,"Actual Rows": 11442,"Actual Loops": 1,"Group Key": ["lineitem.l_orderkey", "orders.o_orderdate", "orders.o_shippriority"],"Planned Partitions": 0,"HashAgg Batches": 1,"Peak Memory Usage": 20497,"Disk Usage": 0,"Plans": [{"Node Type": "Gather","Parent Relationship": "Outer","Parallel Aware": false,"Async Capable": false,"Startup Cost": 5526.18,"Total Cost": 143674.41,"Plan Rows": 321685,"Plan Width": 24,"Actual Startup Time": 33.303,"Actual Total Time": 485.617,"Actual Rows": 30350,"Actual Loops": 1,"Workers Planned": 3,"Workers Launched": 3,"Single Copy": false,"Plans": [{"Node Type": "Nested Loop","Parent Relationship": "Outer","Parallel Aware": false,"Async Capable": false,"Join Type": "Inner","Startup Cost": 4526.18,"Total Cost": 110505.91,"Plan Rows": 103769,"Plan Width": 24,"Actual Startup Time": 26.510,"Actual Total Time": 493.425,"Actual Rows": 7588,"Actual Loops": 4,"Inner Unique": false,"Workers": [],"Plans": [{"Node Type": "Hash Join","Parent Relationship": "Outer","Parallel Aware": true,"Async Capable": false,"Join Type": "Inner","Startup Cost": 4525.75,"Total Cost": 37281.56,"Plan Rows": 47631,"Plan Width": 12,"Actual Startup Time": 26.232,"Actual Total Time": 218.028,"Actual Rows": 35980,"Actual Loops": 4,"Inner Unique": true,"Hash Cond": "(orders.o_custkey = customer.c_custkey)","Workers": [],"Plans": [{"Node Type": "Seq Scan","Parent Relationship": "Outer","Parallel Aware": true,"Async Capable": false,"Relation Name": "orders","Alias": "orders","Startup Cost": 0.00,"Total Cost": 32143.39,"Plan Rows": 233295,"Plan Width": 16,"Actual Startup Time": 0.007,"Actual Total Time": 140.293,"Actual Rows": 180256,"Actual Loops": 4,"Filter": "(o_orderdate < '1995-03-05'::date)","Rows Removed by Filter": 194744,"Workers": []},{"Node Type": "Hash","Parent Relationship": "Inner","Parallel Aware": true,"Async Capable": false,"Startup Cost": 4366.25,"Total Cost": 4366.25,"Plan Rows": 12760,"Plan Width": 4,"Actual Startup Time": 25.770,"Actual Total Time": 25.773,"Actual Rows": 7492,"Actual Loops": 4,"Hash Buckets": 32768,"Original Hash Buckets": 32768,"Hash Batches": 1,"Original Hash Batches": 1,"Peak Memory Usage": 1472,"Workers": [],"Plans": [{"Node Type": "Seq Scan","Parent Relationship": "Outer","Parallel Aware": true,"Async Capable": false,"Relation Name": "customer","Alias": "customer","Startup Cost": 0.00,"Total Cost": 4366.25,"Plan Rows": 12760,"Plan Width": 4,"Actual Startup Time": 0.041,"Actual Total Time": 22.006,"Actual Rows": 7492,"Actual Loops": 4,"Filter": "(c_mktsegment = 'FURNITURE'::bpchar)","Rows Removed by Filter": 30008,"Workers": []}]}]},{"Node Type": "Index Scan","Parent Relationship": "Inner","Parallel Aware": false,"Async Capable": false,"Scan Direction": "Forward","Index Name": "idx_lineitem_orderkey","Relation Name": "lineitem","Alias": "lineitem","Startup Cost": 0.43,"Total Cost": 1.45,"Plan Rows": 9,"Plan Width": 16,"Actual Startup Time": 0.007,"Actual Total Time": 0.007,"Actual Rows": 0,"Actual Loops": 143919,"Index Cond": "(l_orderkey = orders.o_orderkey)","Rows Removed by Index Recheck": 0,"Filter": "(l_shipdate > '1995-03-05'::date)","Rows Removed by Filter": 4,"Workers": []}]}]}]}]},"Planning Time": 5.918,"Triggers": [],"Execution Time": 554.934}]
[{"Plan": {"Node Type": "Sort","Parallel Aware": false,"Async Capable": false,"Startup Cost": 179490.12,"Total Cost": 180277.85,"Plan Rows": 315092,"Plan Width": 44,"Actual Startup Time": 539.170,"Actual Total Time": 550.725,"Actual Rows": 11255,"Actual Loops": 1,"Sort Key": ["(sum((lineitem.l_extendedprice * ('1'::numeric - lineitem.l_discount)))) DESC", "orders.o_orderdate"],"Sort Method": "quicksort","Sort Space Used": 1088,"Sort Space Type": "Memory","Plans": [{"Node Type": "Aggregate","Strategy": "Hashed","Partial Mode": "Simple","Parent Relationship": "Outer","Parallel Aware": false,"Async Capable": false,"Startup Cost": 146775.04,"Total Cost": 150713.69,"Plan Rows": 315092,"Plan Width": 44,"Actual Startup Time": 516.544,"Actual Total Time": 542.577,"Actual Rows": 11255,"Actual Loops": 1,"Group Key": ["lineitem.l_orderkey", "orders.o_orderdate", "orders.o_shippriority"],"Planned Partitions": 0,"HashAgg Batches": 1,"Peak Memory Usage": 20497,"Disk Usage": 0,"Plans": [{"Node Type": "Gather","Parent Relationship": "Outer","Parallel Aware": false,"Async Capable": false,"Startup Cost": 5522.86,"Total Cost": 142048.66,"Plan Rows": 315092,"Plan Width": 24,"Actual Startup Time": 32.135,"Actual Total Time": 494.666,"Actual Rows": 29699,"Actual Loops": 1,"Workers Planned": 3,"Workers Launched": 3,"Single Copy": false,"Plans": [{"Node Type": "Nested Loop","Parent Relationship": "Outer","Parallel Aware": false,"Async Capable": false,"Join Type": "Inner","Startup Cost": 4522.86,"Total Cost": 109539.46,"Plan Rows": 101643,"Plan Width": 24,"Actual Startup Time": 25.089,"Actual Total Time": 498.862,"Actual Rows": 7425,"Actual Loops": 4,"Inner Unique": false,"Workers": [],"Plans": [{"Node Type": "Hash Join","Parent Relationship": "Outer","Parallel Aware": true,"Async Capable": false,"Join Type": "Inner","Startup Cost": 4522.43,"Total Cost": 37286.73,"Plan Rows": 47283,"Plan Width": 12,"Actual Startup Time": 24.777,"Actual Total Time": 218.334,"Actual Rows": 36457,"Actual Loops": 4,"Inner Unique": true,"Hash Cond": "(orders.o_custkey = customer.c_custkey)","Workers": [],"Plans": [{"Node Type": "Seq Scan","Parent Relationship": "Outer","Parallel Aware": true,"Async Capable": false,"Relation Name": "orders","Alias": "orders","Startup Cost": 0.00,"Total Cost": 32143.39,"Plan Rows": 236532,"Plan Width": 16,"Actual Startup Time": 0.018,"Actual Total Time": 141.873,"Actual Rows": 182617,"Actual Loops": 4,"Filter": "(o_orderdate < '1995-03-20'::date)","Rows Removed by Filter": 192383,"Workers": []},{"Node Type": "Hash","Parent Relationship": "Inner","Parallel Aware": true,"Async Capable": false,"Startup Cost": 4366.25,"Total Cost": 4366.25,"Plan Rows": 12494,"Plan Width": 4,"Actual Startup Time": 24.388,"Actual Total Time": 24.395,"Actual Rows": 7487,"Actual Loops": 4,"Hash Buckets": 32768,"Original Hash Buckets": 32768,"Hash Batches": 1,"Original Hash Batches": 1,"Peak Memory Usage": 1504,"Workers": [],"Plans": [{"Node Type": "Seq Scan","Parent Relationship": "Outer","Parallel Aware": true,"Async Capable": false,"Relation Name": "customer","Alias": "customer","Startup Cost": 0.00,"Total Cost": 4366.25,"Plan Rows": 12494,"Plan Width": 4,"Actual Startup Time": 0.039,"Actual Total Time": 20.722,"Actual Rows": 7487,"Actual Loops": 4,"Filter": "(c_mktsegment = 'MACHINERY'::bpchar)","Rows Removed by Filter": 30013,"Workers": []}]}]},{"Node Type": "Index Scan","Parent Relationship": "Inner","Parallel Aware": false,"Async Capable": false,"Scan Direction": "Forward","Index Name": "idx_lineitem_orderkey","Relation Name": "lineitem","Alias": "lineitem","Startup Cost": 0.43,"Total Cost": 1.44,"Plan Rows": 9,"Plan Width": 16,"Actual Startup Time": 0.007,"Actual Total Time": 0.007,"Actual Rows": 0,"Actual Loops": 145829,"Index Cond": "(l_orderkey = orders.o_orderkey)","Rows Removed by Index Recheck": 0,"Filter": "(l_shipdate > '1995-03-20'::date)","Rows Removed by Filter": 4,"Workers": []}]}]}]}]},"Planning Time": 6.733,"Triggers": [],"Execution Time": 563.008}]
[{"Plan": {"Node Type": "Sort","Parallel Aware": false,"Async Capable": false,"Startup Cost": 177244.60,"Total Cost": 178023.14,"Plan Rows": 311417,"Plan Width": 44,"Actual Startup Time": 513.309,"Actual Total Time": 523.046,"Actual Rows": 11422,"Actual Loops": 1,"Sort Key": ["(sum((lineitem.l_extendedprice * ('1'::numeric - lineitem.l_discount)))) DESC", "orders.o_orderdate"],"Sort Method": "quicksort","Sort Space Used": 1098,"Sort Space Type": "Memory","Plans": [{"Node Type": "Aggregate","Strategy": "Hashed","Partial Mode": "Simple","Parent Relationship": "Outer","Parallel Aware": false,"Async Capable": false,"Startup Cost": 144937.44,"Total Cost": 148830.15,"Plan Rows": 311417,"Plan Width": 44,"Actual Startup Time": 490.992,"Actual Total Time": 514.974,"Actual Rows": 11422,"Actual Loops": 1,"Group Key": ["lineitem.l_orderkey", "orders.o_orderdate", "orders.o_shippriority"],"Planned Partitions": 0,"HashAgg Batches": 1,"Peak Memory Usage": 20497,"Disk Usage": 0,"Plans": [{"Node Type": "Gather","Parent Relationship": "Outer","Parallel Aware": false,"Async Capable": false,"Startup Cost": 5521.08,"Total Cost": 140266.19,"Plan Rows": 311417,"Plan Width": 24,"Actual Startup Time": 29.840,"Actual Total Time": 469.495,"Actual Rows": 30241,"Actual Loops": 1,"Workers Planned": 3,"Workers Launched": 3,"Single Copy": false,"Plans": [{"Node Type": "Nested Loop","Parent Relationship": "Outer","Parallel Aware": false,"Async Capable": false,"Join Type": "Inner","Startup Cost": 4521.08,"Total Cost": 108124.49,"Plan Rows": 100457,"Plan Width": 24,"Actual Startup Time": 23.026,"Actual Total Time": 474.520,"Actual Rows": 7560,"Actual Loops": 4,"Inner Unique": false,"Workers": [],"Plans": [{"Node Type": "Hash Join","Parent Relationship": "Outer","Parallel Aware": true,"Async Capable": false,"Join Type": "Inner","Startup Cost": 4520.65,"Total Cost": 37275.96,"Plan Rows": 46069,"Plan Width": 12,"Actual Startup Time": 22.598,"Actual Total Time": 203.221,"Actual Rows": 35816,"Actual Loops": 4,"Inner Unique": true,"Hash Cond": "(orders.o_custkey = customer.c_custkey)","Workers": [],"Plans": [{"Node Type": "Seq Scan","Parent Relationship": "Outer","Parallel Aware": true,"Async Capable": false,"Relation Name": "orders","Alias": "orders","Startup Cost": 0.00,"Total Cost": 32143.39,"Plan Rows": 233104,"Plan Width": 16,"Actual Startup Time": 0.011,"Actual Total Time": 135.926,"Actual Rows": 180099,"Actual Loops": 4,"Filter": "(o_orderdate < '1995-03-04'::date)","Rows Removed by Filter": 194901,"Workers": []},{"Node Type": "Hash","Parent Relationship": "Inner","Parallel Aware": true,"Async Capable": false,"Startup Cost": 4366.25,"Total Cost": 4366.25,"Plan Rows": 12352,"Plan Width": 4,"Actual Startup Time": 22.132,"Actual Total Time": 22.136,"Actual Rows": 7438,"Actual Loops": 4,"Hash Buckets": 32768,"Original Hash Buckets": 32768,"Hash Batches": 1,"Original Hash Batches": 1,"Peak Memory Usage": 1472,"Workers": [],"Plans": [{"Node Type": "Seq Scan","Parent Relationship": "Outer","Parallel Aware": true,"Async Capable": false,"Relation Name": "customer","Alias": "customer","Startup Cost": 0.00,"Total Cost": 4366.25,"Plan Rows": 12352,"Plan Width": 4,"Actual Startup Time": 0.028,"Actual Total Time": 19.170,"Actual Rows": 7438,"Actual Loops": 4,"Filter": "(c_mktsegment = 'AUTOMOBILE'::bpchar)","Rows Removed by Filter": 30062,"Workers": []}]}]},{"Node Type": "Index Scan","Parent Relationship": "Inner","Parallel Aware": false,"Async Capable": false,"Scan Direction": "Forward","Index Name": "idx_lineitem_orderkey","Relation Name": "lineitem","Alias": "lineitem","Startup Cost": 0.43,"Total Cost": 1.45,"Plan Rows": 9,"Plan Width": 16,"Actual Startup Time": 0.007,"Actual Total Time": 0.007,"Actual Rows": 0,"Actual Loops": 143266,"Index Cond": "(l_orderkey = orders.o_orderkey)","Rows Removed by Index Recheck": 0,"Filter": "(l_shipdate > '1995-03-04'::date)","Rows Removed by Filter": 4,"Workers": []}]}]}]}]},"Planning Time": 5.319,"Triggers": [],"Execution Time": 536.682}]
[{"Plan": {"Node Type": "Sort","Parallel Aware": false,"Async Capable": false,"Startup Cost": 182408.10,"Total Cost": 183212.89,"Plan Rows": 321918,"Plan Width": 44,"Actual Startup Time": 514.491,"Actual Total Time": 524.768,"Actual Rows": 11402,"Actual Loops": 1,"Sort Key": ["(sum((lineitem.l_extendedprice * ('1'::numeric - lineitem.l_discount)))) DESC", "orders.o_orderdate"],"Sort Method": "quicksort","Sort Space Used": 1097,"Sort Space Type": "Memory","Plans": [{"Node Type": "Aggregate","Strategy": "Hashed","Partial Mode": "Simple","Parent Relationship": "Outer","Parallel Aware": false,"Async Capable": false,"Startup Cost": 148934.53,"Total Cost": 152958.50,"Plan Rows": 321918,"Plan Width": 44,"Actual Startup Time": 492.432,"Actual Total Time": 517.737,"Actual Rows": 11402,"Actual Loops": 1,"Group Key": ["lineitem.l_orderkey", "orders.o_orderdate", "orders.o_shippriority"],"Planned Partitions": 0,"HashAgg Batches": 1,"Peak Memory Usage": 20497,"Disk Usage": 0,"Plans": [{"Node Type": "Gather","Parent Relationship": "Outer","Parallel Aware": false,"Async Capable": false,"Startup Cost": 5526.18,"Total Cost": 144105.76,"Plan Rows": 321918,"Plan Width": 24,"Actual Startup Time": 29.892,"Actual Total Time": 472.295,"Actual Rows": 30264,"Actual Loops": 1,"Workers Planned": 3,"Workers Launched": 3,"Single Copy": false,"Plans": [{"Node Type": "Nested Loop","Parent Relationship": "Outer","Parallel Aware": false,"Async Capable": false,"Join Type": "Inner","Startup Cost": 4526.18,"Total Cost": 110913.96,"Plan Rows": 103845,"Plan Width": 24,"Actual Startup Time": 22.810,"Actual Total Time": 476.203,"Actual Rows": 7566,"Actual Loops": 4,"Inner Unique": false,"Workers": [],"Plans": [{"Node Type": "Hash Join","Parent Relationship": "Outer","Parallel Aware": true,"Async Capable": false,"Join Type": "Inner","Startup Cost": 4525.75,"Total Cost": 37287.55,"Plan Rows": 48097,"Plan Width": 12,"Actual Startup Time": 22.588,"Actual Total Time": 202.520,"Actual Rows": 36284,"Actual Loops": 4,"Inner Unique": true,"Hash Cond": "(orders.o_custkey = customer.c_custkey)","Workers": [],"Plans": [{"Node Type": "Seq Scan","Parent Relationship": "Outer","Parallel Aware": true,"Async Capable": false,"Relation Name": "orders","Alias": "orders","Startup Cost": 0.00,"Total Cost": 32143.39,"Plan Rows": 235577,"Plan Width": 16,"Actual Startup Time": 0.015,"Actual Total Time": 134.414,"Actual Rows": 181826,"Actual Loops": 4,"Filter": "(o_orderdate < '1995-03-15'::date)","Rows Removed by Filter": 193174,"Workers": []},{"Node Type": "Hash","Parent Relationship": "Inner","Parallel Aware": true,"Async Capable": false,"Startup Cost": 4366.25,"Total Cost": 4366.25,"Plan Rows": 12760,"Plan Width": 4,"Actual Startup Time": 22.181,"Actual Total Time": 22.186,"Actual Rows": 7492,"Actual Loops": 4,"Hash Buckets": 32768,"Original Hash Buckets": 32768,"Hash Batches": 1,"Original Hash Batches": 1,"Peak Memory Usage": 1504,"Workers": [],"Plans": [{"Node Type": "Seq Scan","Parent Relationship": "Outer","Parallel Aware": true,"Async Capable": false,"Relation Name": "customer","Alias": "customer","Startup Cost": 0.00,"Total Cost": 4366.25,"Plan Rows": 12760,"Plan Width": 4,"Actual Startup Time": 0.034,"Actual Total Time": 19.162,"Actual Rows": 7492,"Actual Loops": 4,"Filter": "(c_mktsegment = 'FURNITURE'::bpchar)","Rows Removed by Filter": 30008,"Workers": []}]}]},{"Node Type": "Index Scan","Parent Relationship": "Inner","Parallel Aware": false,"Async Capable": false,"Scan Direction": "Forward","Index Name": "idx_lineitem_orderkey","Relation Name": "lineitem","Alias": "lineitem","Startup Cost": 0.43,"Total Cost": 1.44,"Plan Rows": 9,"Plan Width": 16,"Actual Startup Time": 0.007,"Actual Total Time": 0.007,"Actual Rows": 0,"Actual Loops": 145134,"Index Cond": "(l_orderkey = orders.o_orderkey)","Rows Removed by Index Recheck": 0,"Filter": "(l_shipdate > '1995-03-15'::date)","Rows Removed by Filter": 4,"Workers": []}]}]}]}]},"Planning Time": 6.237,"Triggers": [],"Execution Time": 538.090}]
[{"Plan": {"Node Type": "Sort","Parallel Aware": false,"Async Capable": false,"Startup Cost": 179490.12,"Total Cost": 180277.85,"Plan Rows": 315092,"Plan Width": 44,"Actual Startup Time": 539.170,"Actual Total Time": 550.725,"Actual Rows": 11255,"Actual Loops": 1,"Sort Key": ["(sum((lineitem.l_extendedprice * ('1'::numeric - lineitem.l_discount)))) DESC", "orders.o_orderdate"],"Sort Method": "quicksort","Sort Space Used": 1088,"Sort Space Type": "Memory","Plans": [{"Node Type": "Aggregate","Strategy": "Hashed","Partial Mode": "Simple","Parent Relationship": "Outer","Parallel Aware": false,"Async Capable": false,"Startup Cost": 146775.04,"Total Cost": 150713.69,"Plan Rows": 315092,"Plan Width": 44,"Actual Startup Time": 516.544,"Actual Total Time": 542.577,"Actual Rows": 11255,"Actual Loops": 1,"Group Key": ["lineitem.l_orderkey", "orders.o_orderdate", "orders.o_shippriority"],"Planned Partitions": 0,"HashAgg Batches": 1,"Peak Memory Usage": 20497,"Disk Usage": 0,"Plans": [{"Node Type": "Gather","Parent Relationship": "Outer","Parallel Aware": false,"Async Capable": false,"Startup Cost": 5522.86,"Total Cost": 142048.66,"Plan Rows": 315092,"Plan Width": 24,"Actual Startup Time": 32.135,"Actual Total Time": 494.666,"Actual Rows": 29699,"Actual Loops": 1,"Workers Planned": 3,"Workers Launched": 3,"Single Copy": false,"Plans": [{"Node Type": "Nested Loop","Parent Relationship": "Outer","Parallel Aware": false,"Async Capable": false,"Join Type": "Inner","Startup Cost": 4522.86,"Total Cost": 109539.46,"Plan Rows": 101643,"Plan Width": 24,"Actual Startup Time": 25.089,"Actual Total Time": 498.862,"Actual Rows": 7425,"Actual Loops": 4,"Inner Unique": false,"Workers": [],"Plans": [{"Node Type": "Hash Join","Parent Relationship": "Outer","Parallel Aware": true,"Async Capable": false,"Join Type": "Inner","Startup Cost": 4522.43,"Total Cost": 37286.73,"Plan Rows": 47283,"Plan Width": 12,"Actual Startup Time": 24.777,"Actual Total Time": 218.334,"Actual Rows": 36457,"Actual Loops": 4,"Inner Unique": true,"Hash Cond": "(orders.o_custkey = customer.c_custkey)","Workers": [],"Plans": [{"Node Type": "Seq Scan","Parent Relationship": "Outer","Parallel Aware": true,"Async Capable": false,"Relation Name": "orders","Alias": "orders","Startup Cost": 0.00,"Total Cost": 32143.39,"Plan Rows": 236532,"Plan Width": 16,"Actual Startup Time": 0.018,"Actual Total Time": 141.873,"Actual Rows": 182617,"Actual Loops": 4,"Filter": "(o_orderdate < '1995-03-20'::date)","Rows Removed by Filter": 192383,"Workers": []},{"Node Type": "Hash","Parent Relationship": "Inner","Parallel Aware": true,"Async Capable": false,"Startup Cost": 4366.25,"Total Cost": 4366.25,"Plan Rows": 12494,"Plan Width": 4,"Actual Startup Time": 24.388,"Actual Total Time": 24.395,"Actual Rows": 7487,"Actual Loops": 4,"Hash Buckets": 32768,"Original Hash Buckets": 32768,"Hash Batches": 1,"Original Hash Batches": 1,"Peak Memory Usage": 1504,"Workers": [],"Plans": [{"Node Type": "Seq Scan","Parent Relationship": "Outer","Parallel Aware": true,"Async Capable": false,"Relation Name": "customer","Alias": "customer","Startup Cost": 0.00,"Total Cost": 4366.25,"Plan Rows": 12494,"Plan Width": 4,"Actual Startup Time": 0.039,"Actual Total Time": 20.722,"Actual Rows": 7487,"Actual Loops": 4,"Filter": "(c_mktsegment = 'MACHINERY'::bpchar)","Rows Removed by Filter": 30013,"Workers": []}]}]},{"Node Type": "Index Scan","Parent Relationship": "Inner","Parallel Aware": false,"Async Capable": false,"Scan Direction": "Forward","Index Name": "idx_lineitem_orderkey","Relation Name": "lineitem","Alias": "lineitem","Startup Cost": 0.43,"Total Cost": 1.44,"Plan Rows": 9,"Plan Width": 16,"Actual Startup Time": 0.007,"Actual Total Time": 0.007,"Actual Rows": 0,"Actual Loops": 145829,"Index Cond": "(l_orderkey = orders.o_orderkey)","Rows Removed by Index Recheck": 0,"Filter": "(l_shipdate > '1995-03-20'::date)","Rows Removed by Filter": 4,"Workers": []}]}]}]}]},"Planning Time": 6.733,"Triggers": [],"Execution Time": 563.008}]
[{"Plan": {"Node Type": "Sort","Parallel Aware": false,"Async Capable": false,"Startup Cost": 178147.93,"Total Cost": 178926.72,"Plan Rows": 311515,"Plan Width": 44,"Actual Startup Time": 547.471,"Actual Total Time": 558.586,"Actual Rows": 11419,"Actual Loops": 1,"Sort Key": ["(sum((lineitem.l_extendedprice * ('1'::numeric - lineitem.l_discount)))) DESC", "orders.o_orderdate"],"Sort Method": "quicksort","Sort Space Used": 1098,"Sort Space Type": "Memory","Plans": [{"Node Type": "Aggregate","Strategy": "Hashed","Partial Mode": "Simple","Parent Relationship": "Outer","Parallel Aware": false,"Async Capable": false,"Startup Cost": 145829.89,"Total Cost": 149723.83,"Plan Rows": 311515,"Plan Width": 44,"Actual Startup Time": 525.182,"Actual Total Time": 550.417,"Actual Rows": 11419,"Actual Loops": 1,"Group Key": ["lineitem.l_orderkey", "orders.o_orderdate", "orders.o_shippriority"],"Planned Partitions": 0,"HashAgg Batches": 1,"Peak Memory Usage": 20497,"Disk Usage": 0,"Plans": [{"Node Type": "Gather","Parent Relationship": "Outer","Parallel Aware": false,"Async Capable": false,"Startup Cost": 5521.08,"Total Cost": 141157.17,"Plan Rows": 311515,"Plan Width": 24,"Actual Startup Time": 33.539,"Actual Total Time": 500.745,"Actual Rows": 29983,"Actual Loops": 1,"Workers Planned": 3,"Workers Launched": 3,"Single Copy": false,"Plans": [{"Node Type": "Nested Loop","Parent Relationship": "Outer","Parallel Aware": false,"Async Capable": false,"Join Type": "Inner","Startup Cost": 4521.08,"Total Cost": 109005.67,"Plan Rows": 100489,"Plan Width": 24,"Actual Startup Time": 25.892,"Actual Total Time": 507.365,"Actual Rows": 7496,"Actual Loops": 4,"Inner Unique": false,"Workers": [],"Plans": [{"Node Type": "Hash Join","Parent Relationship": "Outer","Parallel Aware": true,"Async Capable": false,"Join Type": "Inner","Startup Cost": 4520.65,"Total Cost": 37289.32,"Plan Rows": 47075,"Plan Width": 12,"Actual Startup Time": 25.419,"Actual Total Time": 223.371,"Actual Rows": 36558,"Actual Loops": 4,"Inner Unique": true,"Hash Cond": "(orders.o_custkey = customer.c_custkey)","Workers": [],"Plans": [{"Node Type": "Seq Scan","Parent Relationship": "Outer","Parallel Aware": true,"Async Capable": false,"Relation Name": "orders","Alias": "orders","Startup Cost": 0.00,"Total Cost": 32143.39,"Plan Rows": 238193,"Plan Width": 16,"Actual Startup Time": 0.016,"Actual Total Time": 144.970,"Actual Rows": 183845,"Actual Loops": 4,"Filter": "(o_orderdate < '1995-03-28'::date)","Rows Removed by Filter": 191155,"Workers": []},{"Node Type": "Hash","Parent Relationship": "Inner","Parallel Aware": true,"Async Capable": false,"Startup Cost": 4366.25,"Total Cost": 4366.25,"Plan Rows": 12352,"Plan Width": 4,"Actual Startup Time": 25.001,"Actual Total Time": 25.006,"Actual Rows": 7438,"Actual Loops": 4,"Hash Buckets": 32768,"Original Hash Buckets": 32768,"Hash Batches": 1,"Original Hash Batches": 1,"Peak Memory Usage": 1472,"Workers": [],"Plans": [{"Node Type": "Seq Scan","Parent Relationship": "Outer","Parallel Aware": true,"Async Capable": false,"Relation Name": "customer","Alias": "customer","Startup Cost": 0.00,"Total Cost": 4366.25,"Plan Rows": 12352,"Plan Width": 4,"Actual Startup Time": 0.029,"Actual Total Time": 21.088,"Actual Rows": 7438,"Actual Loops": 4,"Filter": "(c_mktsegment = 'AUTOMOBILE'::bpchar)","Rows Removed by Filter": 30062,"Workers": []}]}]},{"Node Type": "Index Scan","Parent Relationship": "Inner","Parallel Aware": false,"Async Capable": false,"Scan Direction": "Forward","Index Name": "idx_lineitem_orderkey","Relation Name": "lineitem","Alias": "lineitem","Startup Cost": 0.43,"Total Cost": 1.43,"Plan Rows": 9,"Plan Width": 16,"Actual Startup Time": 0.007,"Actual Total Time": 0.008,"Actual Rows": 0,"Actual Loops": 146233,"Index Cond": "(l_orderkey = orders.o_orderkey)","Rows Removed by Index Recheck": 0,"Filter": "(l_shipdate > '1995-03-28'::date)","Rows Removed by Filter": 4,"Workers": []}]}]}]}]},"Planning Time": 7.014,"Triggers": [],"Execution Time": 571.434}]
[{"Plan": {"Node Type": "Sort","Parallel Aware": false,"Async Capable": false,"Startup Cost": 178425.31,"Total Cost": 179206.61,"Plan Rows": 312521,"Plan Width": 44,"Actual Startup Time": 540.344,"Actual Total Time": 551.563,"Actual Rows": 11671,"Actual Loops": 1,"Sort Key": ["(sum((lineitem.l_extendedprice * ('1'::numeric - lineitem.l_discount)))) DESC", "orders.o_orderdate"],"Sort Method": "quicksort","Sort Space Used": 1114,"Sort Space Type": "Memory","Plans": [{"Node Type": "Aggregate","Strategy": "Hashed","Partial Mode": "Simple","Parent Relationship": "Outer","Parallel Aware": false,"Async Capable": false,"Startup Cost": 145995.64,"Total Cost": 149902.15,"Plan Rows": 312521,"Plan Width": 44,"Actual Startup Time": 518.167,"Actual Total Time": 543.011,"Actual Rows": 11671,"Actual Loops": 1,"Group Key": ["lineitem.l_orderkey", "orders.o_orderdate", "orders.o_shippriority"],"Planned Partitions": 0,"HashAgg Batches": 1,"Peak Memory Usage": 20497,"Disk Usage": 0,"Plans": [{"Node Type": "Gather","Parent Relationship": "Outer","Parallel Aware": false,"Async Capable": false,"Startup Cost": 5521.58,"Total Cost": 141307.82,"Plan Rows": 312521,"Plan Width": 24,"Actual Startup Time": 33.738,"Actual Total Time": 494.094,"Actual Rows": 30516,"Actual Loops": 1,"Workers Planned": 3,"Workers Launched": 3,"Single Copy": false,"Plans": [{"Node Type": "Nested Loop","Parent Relationship": "Outer","Parallel Aware": false,"Async Capable": false,"Join Type": "Inner","Startup Cost": 4521.58,"Total Cost": 109055.72,"Plan Rows": 100813,"Plan Width": 24,"Actual Startup Time": 27.044,"Actual Total Time": 500.944,"Actual Rows": 7629,"Actual Loops": 4,"Inner Unique": false,"Workers": [],"Plans": [{"Node Type": "Hash Join","Parent Relationship": "Outer","Parallel Aware": true,"Async Capable": false,"Join Type": "Inner","Startup Cost": 4521.15,"Total Cost": 37287.09,"Plan Rows": 47020,"Plan Width": 12,"Actual Startup Time": 26.918,"Actual Total Time": 218.749,"Actual Rows": 37039,"Actual Loops": 4,"Inner Unique": true,"Hash Cond": "(orders.o_custkey = customer.c_custkey)","Workers": [],"Plans": [{"Node Type": "Seq Scan","Parent Relationship": "Outer","Parallel Aware": true,"Async Capable": false,"Relation Name": "orders","Alias": "orders","Startup Cost": 0.00,"Total Cost": 32143.39,"Plan Rows": 237155,"Plan Width": 16,"Actual Startup Time": 0.011,"Actual Total Time": 140.451,"Actual Rows": 183072,"Actual Loops": 4,"Filter": "(o_orderdate < '1995-03-23'::date)","Rows Removed by Filter": 191928,"Workers": []},{"Node Type": "Hash","Parent Relationship": "Inner","Parallel Aware": true,"Async Capable": false,"Startup Cost": 4366.25,"Total Cost": 4366.25,"Plan Rows": 12392,"Plan Width": 4,"Actual Startup Time": 26.441,"Actual Total Time": 26.447,"Actual Rows": 7536,"Actual Loops": 4,"Hash Buckets": 32768,"Original Hash Buckets": 32768,"Hash Batches": 1,"Original Hash Batches": 1,"Peak Memory Usage": 1504,"Workers": [],"Plans": [{"Node Type": "Seq Scan","Parent Relationship": "Outer","Parallel Aware": true,"Async Capable": false,"Relation Name": "customer","Alias": "customer","Startup Cost": 0.00,"Total Cost": 4366.25,"Plan Rows": 12392,"Plan Width": 4,"Actual Startup Time": 0.038,"Actual Total Time": 22.563,"Actual Rows": 7536,"Actual Loops": 4,"Filter": "(c_mktsegment = 'BUILDING'::bpchar)","Rows Removed by Filter": 29964,"Workers": []}]}]},{"Node Type": "Index Scan","Parent Relationship": "Inner","Parallel Aware": false,"Async Capable": false,"Scan Direction": "Forward","Index Name": "idx_lineitem_orderkey","Relation Name": "lineitem","Alias": "lineitem","Startup Cost": 0.43,"Total Cost": 1.44,"Plan Rows": 9,"Plan Width": 16,"Actual Startup Time": 0.007,"Actual Total Time": 0.007,"Actual Rows": 0,"Actual Loops": 148155,"Index Cond": "(l_orderkey = orders.o_orderkey)","Rows Removed by Index Recheck": 0,"Filter": "(l_shipdate > '1995-03-23'::date)","Rows Removed by Filter": 4,"Workers": []}]}]}]}]},"Planning Time": 6.394,"Triggers": [],"Execution Time": 563.775}]
[{"Plan": {"Node Type": "Sort","Parallel Aware": false,"Async Capable": false,"Startup Cost": 177970.11,"Total Cost": 178748.92,"Plan Rows": 311522,"Plan Width": 44,"Actual Startup Time": 514.350,"Actual Total Time": 525.063,"Actual Rows": 11451,"Actual Loops": 1,"Sort Key": ["(sum((lineitem.l_extendedprice * ('1'::numeric - lineitem.l_discount)))) DESC", "orders.o_orderdate"],"Sort Method": "quicksort","Sort Space Used": 1100,"Sort Space Type": "Memory","Plans": [{"Node Type": "Aggregate","Strategy": "Hashed","Partial Mode": "Simple","Parent Relationship": "Outer","Parallel Aware": false,"Async Capable": false,"Startup Cost": 145651.30,"Total Cost": 149545.33,"Plan Rows": 311522,"Plan Width": 44,"Actual Startup Time": 490.159,"Actual Total Time": 517.360,"Actual Rows": 11451,"Actual Loops": 1,"Group Key": ["lineitem.l_orderkey", "orders.o_orderdate", "orders.o_shippriority"],"Planned Partitions": 0,"HashAgg Batches": 1,"Peak Memory Usage": 20497,"Disk Usage": 0,"Plans": [{"Node Type": "Gather","Parent Relationship": "Outer","Parallel Aware": false,"Async Capable": false,"Startup Cost": 5521.08,"Total Cost": 140978.47,"Plan Rows": 311522,"Plan Width": 24,"Actual Startup Time": 30.358,"Actual Total Time": 470.399,"Actual Rows": 30172,"Actual Loops": 1,"Workers Planned": 3,"Workers Launched": 3,"Single Copy": false,"Plans": [{"Node Type": "Nested Loop","Parent Relationship": "Outer","Parallel Aware": false,"Async Capable": false,"Join Type": "Inner","Startup Cost": 4521.08,"Total Cost": 108826.27,"Plan Rows": 100491,"Plan Width": 24,"Actual Startup Time": 23.076,"Actual Total Time": 474.146,"Actual Rows": 7543,"Actual Loops": 4,"Inner Unique": false,"Workers": [],"Plans": [{"Node Type": "Hash Join","Parent Relationship": "Outer","Parallel Aware": true,"Async Capable": false,"Join Type": "Inner","Startup Cost": 4520.65,"Total Cost": 37286.59,"Plan Rows": 46870,"Plan Width": 12,"Actual Startup Time": 22.651,"Actual Total Time": 202.206,"Actual Rows": 36408,"Actual Loops": 4,"Inner Unique": true,"Hash Cond": "(orders.o_custkey = customer.c_custkey)","Workers": [],"Plans": [{"Node Type": "Seq Scan","Parent Relationship": "Outer","Parallel Aware": true,"Async Capable": false,"Relation Name": "orders","Alias": "orders","Startup Cost": 0.00,"Total Cost": 32143.39,"Plan Rows": 237155,"Plan Width": 16,"Actual Startup Time": 0.014,"Actual Total Time": 134.048,"Actual Rows": 183072,"Actual Loops": 4,"Filter": "(o_orderdate < '1995-03-23'::date)","Rows Removed by Filter": 191928,"Workers": []},{"Node Type": "Hash","Parent Relationship": "Inner","Parallel Aware": true,"Async Capable": false,"Startup Cost": 4366.25,"Total Cost": 4366.25,"Plan Rows": 12352,"Plan Width": 4,"Actual Startup Time": 22.209,"Actual Total Time": 22.212,"Actual Rows": 7438,"Actual Loops": 4,"Hash Buckets": 32768,"Original Hash Buckets": 32768,"Hash Batches": 1,"Original Hash Batches": 1,"Peak Memory Usage": 1504,"Workers": [],"Plans": [{"Node Type": "Seq Scan","Parent Relationship": "Outer","Parallel Aware": true,"Async Capable": false,"Relation Name": "customer","Alias": "customer","Startup Cost": 0.00,"Total Cost": 4366.25,"Plan Rows": 12352,"Plan Width": 4,"Actual Startup Time": 0.036,"Actual Total Time": 19.132,"Actual Rows": 7438,"Actual Loops": 4,"Filter": "(c_mktsegment = 'AUTOMOBILE'::bpchar)","Rows Removed by Filter": 30062,"Workers": []}]}]},{"Node Type": "Index Scan","Parent Relationship": "Inner","Parallel Aware": false,"Async Capable": false,"Scan Direction": "Forward","Index Name": "idx_lineitem_orderkey","Relation Name": "lineitem","Alias": "lineitem","Startup Cost": 0.43,"Total Cost": 1.44,"Plan Rows": 9,"Plan Width": 16,"Actual Startup Time": 0.007,"Actual Total Time": 0.007,"Actual Rows": 0,"Actual Loops": 145632,"Index Cond": "(l_orderkey = orders.o_orderkey)","Rows Removed by Index Recheck": 0,"Filter": "(l_shipdate > '1995-03-23'::date)","Rows Removed by Filter": 4,"Workers": []}]}]}]}]},"Planning Time": 5.292,"Triggers": [],"Execution Time": 539.091}]
[{"Plan": {"Node Type": "Sort","Parallel Aware": false,"Async Capable": false,"Startup Cost": 179671.46,"Total Cost": 180459.20,"Plan Rows": 315094,"Plan Width": 44,"Actual Startup Time": 538.967,"Actual Total Time": 547.458,"Actual Rows": 11229,"Actual Loops": 1,"Sort Key": ["(sum((lineitem.l_extendedprice * ('1'::numeric - lineitem.l_discount)))) DESC", "orders.o_orderdate"],"Sort Method": "quicksort","Sort Space Used": 1086,"Sort Space Type": "Memory","Plans": [{"Node Type": "Aggregate","Strategy": "Hashed","Partial Mode": "Simple","Parent Relationship": "Outer","Parallel Aware": false,"Async Capable": false,"Startup Cost": 146956.16,"Total Cost": 150894.84,"Plan Rows": 315094,"Plan Width": 44,"Actual Startup Time": 516.888,"Actual Total Time": 541.823,"Actual Rows": 11229,"Actual Loops": 1,"Group Key": ["lineitem.l_orderkey", "orders.o_orderdate", "orders.o_shippriority"],"Planned Partitions": 0,"HashAgg Batches": 1,"Peak Memory Usage": 20497,"Disk Usage": 0,"Plans": [{"Node Type": "Gather","Parent Relationship": "Outer","Parallel Aware": false,"Async Capable": false,"Startup Cost": 5522.86,"Total Cost": 142229.75,"Plan Rows": 315094,"Plan Width": 24,"Actual Startup Time": 32.109,"Actual Total Time": 496.690,"Actual Rows": 29649,"Actual Loops": 1,"Workers Planned": 3,"Workers Launched": 3,"Single Copy": false,"Plans": [{"Node Type": "Nested Loop","Parent Relationship": "Outer","Parallel Aware": false,"Async Capable": false,"Join Type": "Inner","Startup Cost": 4522.86,"Total Cost": 109720.35,"Plan Rows": 101643,"Plan Width": 24,"Actual Startup Time": 24.966,"Actual Total Time": 500.149,"Actual Rows": 7412,"Actual Loops": 4,"Inner Unique": false,"Workers": [],"Plans": [{"Node Type": "Hash Join","Parent Relationship": "Outer","Parallel Aware": true,"Async Capable": false,"Join Type": "Inner","Startup Cost": 4522.43,"Total Cost": 37289.46,"Plan Rows": 47490,"Plan Width": 12,"Actual Startup Time": 24.649,"Actual Total Time": 214.572,"Actual Rows": 36612,"Actual Loops": 4,"Inner Unique": true,"Hash Cond": "(orders.o_custkey = customer.c_custkey)","Workers": [],"Plans": [{"Node Type": "Seq Scan","Parent Relationship": "Outer","Parallel Aware": true,"Async Capable": false,"Relation Name": "orders","Alias": "orders","Startup Cost": 0.00,"Total Cost": 32143.39,"Plan Rows": 237570,"Plan Width": 16,"Actual Startup Time": 0.014,"Actual Total Time": 143.665,"Actual Rows": 183364,"Actual Loops": 4,"Filter": "(o_orderdate < '1995-03-25'::date)","Rows Removed by Filter": 191636,"Workers": []},{"Node Type": "Hash","Parent Relationship": "Inner","Parallel Aware": true,"Async Capable": false,"Startup Cost": 4366.25,"Total Cost": 4366.25,"Plan Rows": 12494,"Plan Width": 4,"Actual Startup Time": 24.245,"Actual Total Time": 24.248,"Actual Rows": 7487,"Actual Loops": 4,"Hash Buckets": 32768,"Original Hash Buckets": 32768,"Hash Batches": 1,"Original Hash Batches": 1,"Peak Memory Usage": 1504,"Workers": [],"Plans": [{"Node Type": "Seq Scan","Parent Relationship": "Outer","Parallel Aware": true,"Async Capable": false,"Relation Name": "customer","Alias": "customer","Startup Cost": 0.00,"Total Cost": 4366.25,"Plan Rows": 12494,"Plan Width": 4,"Actual Startup Time": 0.027,"Actual Total Time": 20.852,"Actual Rows": 7487,"Actual Loops": 4,"Filter": "(c_mktsegment = 'MACHINERY'::bpchar)","Rows Removed by Filter": 30013,"Workers": []}]}]},{"Node Type": "Index Scan","Parent Relationship": "Inner","Parallel Aware": false,"Async Capable": false,"Scan Direction": "Forward","Index Name": "idx_lineitem_orderkey","Relation Name": "lineitem","Alias": "lineitem","Startup Cost": 0.43,"Total Cost": 1.44,"Plan Rows": 9,"Plan Width": 16,"Actual Startup Time": 0.007,"Actual Total Time": 0.008,"Actual Rows": 0,"Actual Loops": 146446,"Index Cond": "(l_orderkey = orders.o_orderkey)","Rows Removed by Index Recheck": 0,"Filter": "(l_shipdate > '1995-03-25'::date)","Rows Removed by Filter": 4,"Workers": []}]}]}]}]},"Planning Time": 5.887,"Triggers": [],"Execution Time": 562.393}]
[{"Plan": {"Node Type": "Sort","Parallel Aware": false,"Async Capable": false,"Startup Cost": 177433.30,"Total Cost": 178211.36,"Plan Rows": 311223,"Plan Width": 44,"Actual Startup Time": 513.174,"Actual Total Time": 524.708,"Actual Rows": 11511,"Actual Loops": 1,"Sort Key": ["(sum((lineitem.l_extendedprice * ('1'::numeric - lineitem.l_discount)))) DESC", "orders.o_orderdate"],"Sort Method": "quicksort","Sort Space Used": 1104,"Sort Space Type": "Memory","Plans": [{"Node Type": "Aggregate","Strategy": "Hashed","Partial Mode": "Simple","Parent Relationship": "Outer","Parallel Aware": false,"Async Capable": false,"Startup Cost": 145147.67,"Total Cost": 149037.96,"Plan Rows": 311223,"Plan Width": 44,"Actual Startup Time": 491.994,"Actual Total Time": 517.235,"Actual Rows": 11511,"Actual Loops": 1,"Group Key": ["lineitem.l_orderkey", "orders.o_orderdate", "orders.o_shippriority"],"Planned Partitions": 0,"HashAgg Batches": 1,"Peak Memory Usage": 20497,"Disk Usage": 0,"Plans": [{"Node Type": "Gather","Parent Relationship": "Outer","Parallel Aware": false,"Async Capable": false,"Startup Cost": 5521.08,"Total Cost": 140479.33,"Plan Rows": 311223,"Plan Width": 24,"Actual Startup Time": 30.568,"Actual Total Time": 472.340,"Actual Rows": 30355,"Actual Loops": 1,"Workers Planned": 3,"Workers Launched": 3,"Single Copy": false,"Plans": [{"Node Type": "Nested Loop","Parent Relationship": "Outer","Parallel Aware": false,"Async Capable": false,"Join Type": "Inner","Startup Cost": 4521.08,"Total Cost": 108357.03,"Plan Rows": 100395,"Plan Width": 24,"Actual Startup Time": 23.443,"Actual Total Time": 475.280,"Actual Rows": 7589,"Actual Loops": 4,"Inner Unique": false,"Workers": [],"Plans": [{"Node Type": "Hash Join","Parent Relationship": "Outer","Parallel Aware": true,"Async Capable": false,"Join Type": "Inner","Startup Cost": 4520.65,"Total Cost": 37279.47,"Plan Rows": 46334,"Plan Width": 12,"Actual Startup Time": 23.053,"Actual Total Time": 203.084,"Actual Rows": 36043,"Actual Loops": 4,"Inner Unique": true,"Hash Cond": "(orders.o_custkey = customer.c_custkey)","Workers": [],"Plans": [{"Node Type": "Seq Scan","Parent Relationship": "Outer","Parallel Aware": true,"Async Capable": false,"Relation Name": "orders","Alias": "orders","Startup Cost": 0.00,"Total Cost": 32143.39,"Plan Rows": 234441,"Plan Width": 16,"Actual Startup Time": 0.015,"Actual Total Time": 134.723,"Actual Rows": 181190,"Actual Loops": 4,"Filter": "(o_orderdate < '1995-03-11'::date)","Rows Removed by Filter": 193810,"Workers": []},{"Node Type": "Hash","Parent Relationship": "Inner","Parallel Aware": true,"Async Capable": false,"Startup Cost": 4366.25,"Total Cost": 4366.25,"Plan Rows": 12352,"Plan Width": 4,"Actual Startup Time": 22.578,"Actual Total Time": 22.582,"Actual Rows": 7438,"Actual Loops": 4,"Hash Buckets": 32768,"Original Hash Buckets": 32768,"Hash Batches": 1,"Original Hash Batches": 1,"Peak Memory Usage": 1472,"Workers": [],"Plans": [{"Node Type": "Seq Scan","Parent Relationship": "Outer","Parallel Aware": true,"Async Capable": false,"Relation Name": "customer","Alias": "customer","Startup Cost": 0.00,"Total Cost": 4366.25,"Plan Rows": 12352,"Plan Width": 4,"Actual Startup Time": 0.032,"Actual Total Time": 19.502,"Actual Rows": 7438,"Actual Loops": 4,"Filter": "(c_mktsegment = 'AUTOMOBILE'::bpchar)","Rows Removed by Filter": 30062,"Workers": []}]}]},{"Node Type": "Index Scan","Parent Relationship": "Inner","Parallel Aware": false,"Async Capable": false,"Scan Direction": "Forward","Index Name": "idx_lineitem_orderkey","Relation Name": "lineitem","Alias": "lineitem","Startup Cost": 0.43,"Total Cost": 1.44,"Plan Rows": 9,"Plan Width": 16,"Actual Startup Time": 0.007,"Actual Total Time": 0.007,"Actual Rows": 0,"Actual Loops": 144171,"Index Cond": "(l_orderkey = orders.o_orderkey)","Rows Removed by Index Recheck": 0,"Filter": "(l_shipdate > '1995-03-11'::date)","Rows Removed by Filter": 4,"Workers": []}]}]}]}]},"Planning Time": 6.821,"Triggers": [],"Execution Time": 538.280}]
[{"Plan": {"Node Type": "Sort","Parallel Aware": false,"Async Capable": false,"Startup Cost": 179886.06,"Total Cost": 180673.76,"Plan Rows": 315079,"Plan Width": 44,"Actual Startup Time": 531.697,"Actual Total Time": 540.119,"Actual Rows": 11272,"Actual Loops": 1,"Sort Key": ["(sum((lineitem.l_extendedprice * ('1'::numeric - lineitem.l_discount)))) DESC", "orders.o_orderdate"],"Sort Method": "quicksort","Sort Space Used": 1089,"Sort Space Type": "Memory","Plans": [{"Node Type": "Aggregate","Strategy": "Hashed","Partial Mode": "Simple","Parent Relationship": "Outer","Parallel Aware": false,"Async Capable": false,"Startup Cost": 147172.42,"Total Cost": 151110.91,"Plan Rows": 315079,"Plan Width": 44,"Actual Startup Time": 509.142,"Actual Total Time": 534.346,"Actual Rows": 11272,"Actual Loops": 1,"Group Key": ["lineitem.l_orderkey", "orders.o_orderdate", "orders.o_shippriority"],"Planned Partitions": 0,"HashAgg Batches": 1,"Peak Memory Usage": 20497,"Disk Usage": 0,"Plans": [{"Node Type": "Gather","Parent Relationship": "Outer","Parallel Aware": false,"Async Capable": false,"Startup Cost": 5522.86,"Total Cost": 142446.24,"Plan Rows": 315079,"Plan Width": 24,"Actual Startup Time": 31.197,"Actual Total Time": 488.366,"Actual Rows": 29866,"Actual Loops": 1,"Workers Planned": 3,"Workers Launched": 3,"Single Copy": false,"Plans": [{"Node Type": "Nested Loop","Parent Relationship": "Outer","Parallel Aware": false,"Async Capable": false,"Join Type": "Inner","Startup Cost": 4522.86,"Total Cost": 109938.34,"Plan Rows": 101638,"Plan Width": 24,"Actual Startup Time": 24.413,"Actual Total Time": 492.775,"Actual Rows": 7466,"Actual Loops": 4,"Inner Unique": false,"Workers": [],"Plans": [{"Node Type": "Hash Join","Parent Relationship": "Outer","Parallel Aware": true,"Async Capable": false,"Join Type": "Inner","Startup Cost": 4522.43,"Total Cost": 37292.73,"Plan Rows": 47739,"Plan Width": 12,"Actual Startup Time": 24.105,"Actual Total Time": 210.579,"Actual Rows": 36803,"Actual Loops": 4,"Inner Unique": true,"Hash Cond": "(orders.o_custkey = customer.c_custkey)","Workers": [],"Plans": [{"Node Type": "Seq Scan","Parent Relationship": "Outer","Parallel Aware": true,"Async Capable": false,"Relation Name": "orders","Alias": "orders","Startup Cost": 0.00,"Total Cost": 32143.39,"Plan Rows": 238816,"Plan Width": 16,"Actual Startup Time": 0.011,"Actual Total Time": 140.832,"Actual Rows": 184291,"Actual Loops": 4,"Filter": "(o_orderdate < '1995-03-31'::date)","Rows Removed by Filter": 190709,"Workers": []},{"Node Type": "Hash","Parent Relationship": "Inner","Parallel Aware": true,"Async Capable": false,"Startup Cost": 4366.25,"Total Cost": 4366.25,"Plan Rows": 12494,"Plan Width": 4,"Actual Startup Time": 23.642,"Actual Total Time": 23.646,"Actual Rows": 7487,"Actual Loops": 4,"Hash Buckets": 32768,"Original Hash Buckets": 32768,"Hash Batches": 1,"Original Hash Batches": 1,"Peak Memory Usage": 1504,"Workers": [],"Plans": [{"Node Type": "Seq Scan","Parent Relationship": "Outer","Parallel Aware": true,"Async Capable": false,"Relation Name": "customer","Alias": "customer","Startup Cost": 0.00,"Total Cost": 4366.25,"Plan Rows": 12494,"Plan Width": 4,"Actual Startup Time": 0.040,"Actual Total Time": 20.509,"Actual Rows": 7487,"Actual Loops": 4,"Filter": "(c_mktsegment = 'MACHINERY'::bpchar)","Rows Removed by Filter": 30013,"Workers": []}]}]},{"Node Type": "Index Scan","Parent Relationship": "Inner","Parallel Aware": false,"Async Capable": false,"Scan Direction": "Forward","Index Name": "idx_lineitem_orderkey","Relation Name": "lineitem","Alias": "lineitem","Startup Cost": 0.43,"Total Cost": 1.43,"Plan Rows": 9,"Plan Width": 16,"Actual Startup Time": 0.007,"Actual Total Time": 0.007,"Actual Rows": 0,"Actual Loops": 147213,"Index Cond": "(l_orderkey = orders.o_orderkey)","Rows Removed by Index Recheck": 0,"Filter": "(l_shipdate > '1995-03-31'::date)","Rows Removed by Filter": 4,"Workers": []}]}]}]}]},"Planning Time": 5.596,"Triggers": [],"Execution Time": 554.219}]
[{"Plan": {"Node Type": "Sort","Parallel Aware": false,"Async Capable": false,"Startup Cost": 178425.31,"Total Cost": 179206.61,"Plan Rows": 312521,"Plan Width": 44,"Actual Startup Time": 540.344,"Actual Total Time": 551.563,"Actual Rows": 11671,"Actual Loops": 1,"Sort Key": ["(sum((lineitem.l_extendedprice * ('1'::numeric - lineitem.l_discount)))) DESC", "orders.o_orderdate"],"Sort Method": "quicksort","Sort Space Used": 1114,"Sort Space Type": "Memory","Plans": [{"Node Type": "Aggregate","Strategy": "Hashed","Partial Mode": "Simple","Parent Relationship": "Outer","Parallel Aware": false,"Async Capable": false,"Startup Cost": 145995.64,"Total Cost": 149902.15,"Plan Rows": 312521,"Plan Width": 44,"Actual Startup Time": 518.167,"Actual Total Time": 543.011,"Actual Rows": 11671,"Actual Loops": 1,"Group Key": ["lineitem.l_orderkey", "orders.o_orderdate", "orders.o_shippriority"],"Planned Partitions": 0,"HashAgg Batches": 1,"Peak Memory Usage": 20497,"Disk Usage": 0,"Plans": [{"Node Type": "Gather","Parent Relationship": "Outer","Parallel Aware": false,"Async Capable": false,"Startup Cost": 5521.58,"Total Cost": 141307.82,"Plan Rows": 312521,"Plan Width": 24,"Actual Startup Time": 33.738,"Actual Total Time": 494.094,"Actual Rows": 30516,"Actual Loops": 1,"Workers Planned": 3,"Workers Launched": 3,"Single Copy": false,"Plans": [{"Node Type": "Nested Loop","Parent Relationship": "Outer","Parallel Aware": false,"Async Capable": false,"Join Type": "Inner","Startup Cost": 4521.58,"Total Cost": 109055.72,"Plan Rows": 100813,"Plan Width": 24,"Actual Startup Time": 27.044,"Actual Total Time": 500.944,"Actual Rows": 7629,"Actual Loops": 4,"Inner Unique": false,"Workers": [],"Plans": [{"Node Type": "Hash Join","Parent Relationship": "Outer","Parallel Aware": true,"Async Capable": false,"Join Type": "Inner","Startup Cost": 4521.15,"Total Cost": 37287.09,"Plan Rows": 47020,"Plan Width": 12,"Actual Startup Time": 26.918,"Actual Total Time": 218.749,"Actual Rows": 37039,"Actual Loops": 4,"Inner Unique": true,"Hash Cond": "(orders.o_custkey = customer.c_custkey)","Workers": [],"Plans": [{"Node Type": "Seq Scan","Parent Relationship": "Outer","Parallel Aware": true,"Async Capable": false,"Relation Name": "orders","Alias": "orders","Startup Cost": 0.00,"Total Cost": 32143.39,"Plan Rows": 237155,"Plan Width": 16,"Actual Startup Time": 0.011,"Actual Total Time": 140.451,"Actual Rows": 183072,"Actual Loops": 4,"Filter": "(o_orderdate < '1995-03-23'::date)","Rows Removed by Filter": 191928,"Workers": []},{"Node Type": "Hash","Parent Relationship": "Inner","Parallel Aware": true,"Async Capable": false,"Startup Cost": 4366.25,"Total Cost": 4366.25,"Plan Rows": 12392,"Plan Width": 4,"Actual Startup Time": 26.441,"Actual Total Time": 26.447,"Actual Rows": 7536,"Actual Loops": 4,"Hash Buckets": 32768,"Original Hash Buckets": 32768,"Hash Batches": 1,"Original Hash Batches": 1,"Peak Memory Usage": 1504,"Workers": [],"Plans": [{"Node Type": "Seq Scan","Parent Relationship": "Outer","Parallel Aware": true,"Async Capable": false,"Relation Name": "customer","Alias": "customer","Startup Cost": 0.00,"Total Cost": 4366.25,"Plan Rows": 12392,"Plan Width": 4,"Actual Startup Time": 0.038,"Actual Total Time": 22.563,"Actual Rows": 7536,"Actual Loops": 4,"Filter": "(c_mktsegment = 'BUILDING'::bpchar)","Rows Removed by Filter": 29964,"Workers": []}]}]},{"Node Type": "Index Scan","Parent Relationship": "Inner","Parallel Aware": false,"Async Capable": false,"Scan Direction": "Forward","Index Name": "idx_lineitem_orderkey","Relation Name": "lineitem","Alias": "lineitem","Startup Cost": 0.43,"Total Cost": 1.44,"Plan Rows": 9,"Plan Width": 16,"Actual Startup Time": 0.007,"Actual Total Time": 0.007,"Actual Rows": 0,"Actual Loops": 148155,"Index Cond": "(l_orderkey = orders.o_orderkey)","Rows Removed by Index Recheck": 0,"Filter": "(l_shipdate > '1995-03-23'::date)","Rows Removed by Filter": 4,"Workers": []}]}]}]}]},"Planning Time": 6.394,"Triggers": [],"Execution Time": 563.775}]
[{"Plan": {"Node Type": "Sort","Parallel Aware": false,"Async Capable": false,"Startup Cost": 179982.55,"Total Cost": 180770.77,"Plan Rows": 315290,"Plan Width": 44,"Actual Startup Time": 552.262,"Actual Total Time": 564.902,"Actual Rows": 11375,"Actual Loops": 1,"Sort Key": ["(sum((lineitem.l_extendedprice * ('1'::numeric - lineitem.l_discount)))) DESC", "orders.o_orderdate"],"Sort Method": "quicksort","Sort Space Used": 1095,"Sort Space Type": "Memory","Plans": [{"Node Type": "Aggregate","Strategy": "Hashed","Partial Mode": "Simple","Parent Relationship": "Outer","Parallel Aware": false,"Async Capable": false,"Startup Cost": 147245.48,"Total Cost": 151186.61,"Plan Rows": 315290,"Plan Width": 44,"Actual Startup Time": 529.591,"Actual Total Time": 556.491,"Actual Rows": 11375,"Actual Loops": 1,"Group Key": ["lineitem.l_orderkey", "orders.o_orderdate", "orders.o_shippriority"],"Planned Partitions": 0,"HashAgg Batches": 1,"Peak Memory Usage": 20497,"Disk Usage": 0,"Plans": [{"Node Type": "Gather","Parent Relationship": "Outer","Parallel Aware": false,"Async Capable": false,"Startup Cost": 5522.96,"Total Cost": 142516.13,"Plan Rows": 315290,"Plan Width": 24,"Actual Startup Time": 34.672,"Actual Total Time": 507.447,"Actual Rows": 30084,"Actual Loops": 1,"Workers Planned": 3,"Workers Launched": 3,"Single Copy": false,"Plans": [{"Node Type": "Nested Loop","Parent Relationship": "Outer","Parallel Aware": false,"Async Capable": false,"Join Type": "Inner","Startup Cost": 4522.96,"Total Cost": 109987.13,"Plan Rows": 101706,"Plan Width": 24,"Actual Startup Time": 27.422,"Actual Total Time": 511.675,"Actual Rows": 7521,"Actual Loops": 4,"Inner Unique": false,"Workers": [],"Plans": [{"Node Type": "Hash Join","Parent Relationship": "Outer","Parallel Aware": true,"Async Capable": false,"Join Type": "Inner","Startup Cost": 4522.52,"Total Cost": 37292.83,"Plan Rows": 47771,"Plan Width": 12,"Actual Startup Time": 27.282,"Actual Total Time": 223.906,"Actual Rows": 36783,"Actual Loops": 4,"Inner Unique": true,"Hash Cond": "(orders.o_custkey = customer.c_custkey)","Workers": [],"Plans": [{"Node Type": "Seq Scan","Parent Relationship": "Outer","Parallel Aware": true,"Async Capable": false,"Relation Name": "orders","Alias": "orders","Startup Cost": 0.00,"Total Cost": 32143.39,"Plan Rows": 238816,"Plan Width": 16,"Actual Startup Time": 0.012,"Actual Total Time": 143.794,"Actual Rows": 184291,"Actual Loops": 4,"Filter": "(o_orderdate < '1995-03-31'::date)","Rows Removed by Filter": 190709,"Workers": []},{"Node Type": "Hash","Parent Relationship": "Inner","Parallel Aware": true,"Async Capable": false,"Startup Cost": 4366.25,"Total Cost": 4366.25,"Plan Rows": 12502,"Plan Width": 4,"Actual Startup Time": 26.762,"Actual Total Time": 26.766,"Actual Rows": 7547,"Actual Loops": 4,"Hash Buckets": 32768,"Original Hash Buckets": 32768,"Hash Batches": 1,"Original Hash Batches": 1,"Peak Memory Usage": 1472,"Workers": [],"Plans": [{"Node Type": "Seq Scan","Parent Relationship": "Outer","Parallel Aware": true,"Async Capable": false,"Relation Name": "customer","Alias": "customer","Startup Cost": 0.00,"Total Cost": 4366.25,"Plan Rows": 12502,"Plan Width": 4,"Actual Startup Time": 0.047,"Actual Total Time": 22.600,"Actual Rows": 7547,"Actual Loops": 4,"Filter": "(c_mktsegment = 'HOUSEHOLD'::bpchar)","Rows Removed by Filter": 29953,"Workers": []}]}]},{"Node Type": "Index Scan","Parent Relationship": "Inner","Parallel Aware": false,"Async Capable": false,"Scan Direction": "Forward","Index Name": "idx_lineitem_orderkey","Relation Name": "lineitem","Alias": "lineitem","Startup Cost": 0.43,"Total Cost": 1.43,"Plan Rows": 9,"Plan Width": 16,"Actual Startup Time": 0.007,"Actual Total Time": 0.008,"Actual Rows": 0,"Actual Loops": 147132,"Index Cond": "(l_orderkey = orders.o_orderkey)","Rows Removed by Index Recheck": 0,"Filter": "(l_shipdate > '1995-03-31'::date)","Rows Removed by Filter": 4,"Workers": []}]}]}]}]},"Planning Time": 6.662,"Triggers": [],"Execution Time": 577.638}]
[{"Plan": {"Node Type": "Sort","Parallel Aware": false,"Async Capable": false,"Startup Cost": 177299.51,"Total Cost": 178077.92,"Plan Rows": 311364,"Plan Width": 44,"Actual Startup Time": 534.934,"Actual Total Time": 543.464,"Actual Rows": 11453,"Actual Loops": 1,"Sort Key": ["(sum((lineitem.l_extendedprice * ('1'::numeric - lineitem.l_discount)))) DESC", "orders.o_orderdate"],"Sort Method": "quicksort","Sort Space Used": 1100,"Sort Space Type": "Memory","Plans": [{"Node Type": "Aggregate","Strategy": "Hashed","Partial Mode": "Simple","Parent Relationship": "Outer","Parallel Aware": false,"Async Capable": false,"Startup Cost": 144998.23,"Total Cost": 148890.28,"Plan Rows": 311364,"Plan Width": 44,"Actual Startup Time": 511.254,"Actual Total Time": 534.782,"Actual Rows": 11453,"Actual Loops": 1,"Group Key": ["lineitem.l_orderkey", "orders.o_orderdate", "orders.o_shippriority"],"Planned Partitions": 0,"HashAgg Batches": 1,"Peak Memory Usage": 20497,"Disk Usage": 0,"Plans": [{"Node Type": "Gather","Parent Relationship": "Outer","Parallel Aware": false,"Async Capable": false,"Startup Cost": 5521.08,"Total Cost": 140327.77,"Plan Rows": 311364,"Plan Width": 24,"Actual Startup Time": 32.512,"Actual Total Time": 487.416,"Actual Rows": 30263,"Actual Loops": 1,"Workers Planned": 3,"Workers Launched": 3,"Single Copy": false,"Plans": [{"Node Type": "Nested Loop","Parent Relationship": "Outer","Parallel Aware": false,"Async Capable": false,"Join Type": "Inner","Startup Cost": 4521.08,"Total Cost": 108191.37,"Plan Rows": 100440,"Plan Width": 24,"Actual Startup Time": 25.798,"Actual Total Time": 494.528,"Actual Rows": 7566,"Actual Loops": 4,"Inner Unique": false,"Workers": [],"Plans": [{"Node Type": "Hash Join","Parent Relationship": "Outer","Parallel Aware": true,"Async Capable": false,"Join Type": "Inner","Startup Cost": 4520.65,"Total Cost": 37276.96,"Plan Rows": 46145,"Plan Width": 12,"Actual Startup Time": 25.389,"Actual Total Time": 216.079,"Actual Rows": 35882,"Actual Loops": 4,"Inner Unique": true,"Hash Cond": "(orders.o_custkey = customer.c_custkey)","Workers": [],"Plans": [{"Node Type": "Seq Scan","Parent Relationship": "Outer","Parallel Aware": true,"Async Capable": false,"Relation Name": "orders","Alias": "orders","Startup Cost": 0.00,"Total Cost": 32143.39,"Plan Rows": 233486,"Plan Width": 16,"Actual Startup Time": 0.012,"Actual Total Time": 140.973,"Actual Rows": 180414,"Actual Loops": 4,"Filter": "(o_orderdate < '1995-03-06'::date)","Rows Removed by Filter": 194586,"Workers": []},{"Node Type": "Hash","Parent Relationship": "Inner","Parallel Aware": true,"Async Capable": false,"Startup Cost": 4366.25,"Total Cost": 4366.25,"Plan Rows": 12352,"Plan Width": 4,"Actual Startup Time": 24.995,"Actual Total Time": 25.001,"Actual Rows": 7438,"Actual Loops": 4,"Hash Buckets": 32768,"Original Hash Buckets": 32768,"Hash Batches": 1,"Original Hash Batches": 1,"Peak Memory Usage": 1504,"Workers": [],"Plans": [{"Node Type": "Seq Scan","Parent Relationship": "Outer","Parallel Aware": true,"Async Capable": false,"Relation Name": "customer","Alias": "customer","Startup Cost": 0.00,"Total Cost": 4366.25,"Plan Rows": 12352,"Plan Width": 4,"Actual Startup Time": 0.041,"Actual Total Time": 21.665,"Actual Rows": 7438,"Actual Loops": 4,"Filter": "(c_mktsegment = 'AUTOMOBILE'::bpchar)","Rows Removed by Filter": 30062,"Workers": []}]}]},{"Node Type": "Index Scan","Parent Relationship": "Inner","Parallel Aware": false,"Async Capable": false,"Scan Direction": "Forward","Index Name": "idx_lineitem_orderkey","Relation Name": "lineitem","Alias": "lineitem","Startup Cost": 0.43,"Total Cost": 1.45,"Plan Rows": 9,"Plan Width": 16,"Actual Startup Time": 0.007,"Actual Total Time": 0.008,"Actual Rows": 0,"Actual Loops": 143530,"Index Cond": "(l_orderkey = orders.o_orderkey)","Rows Removed by Index Recheck": 0,"Filter": "(l_shipdate > '1995-03-06'::date)","Rows Removed by Filter": 4,"Workers": []}]}]}]}]},"Planning Time": 6.625,"Triggers": [],"Execution Time": 557.120}]
[{"Plan": {"Node Type": "Sort","Parallel Aware": false,"Async Capable": false,"Startup Cost": 179526.14,"Total Cost": 180313.88,"Plan Rows": 315094,"Plan Width": 44,"Actual Startup Time": 538.751,"Actual Total Time": 549.981,"Actual Rows": 11264,"Actual Loops": 1,"Sort Key": ["(sum((lineitem.l_extendedprice * ('1'::numeric - lineitem.l_discount)))) DESC", "orders.o_orderdate"],"Sort Method": "quicksort","Sort Space Used": 1089,"Sort Space Type": "Memory","Plans": [{"Node Type": "Aggregate","Strategy": "Hashed","Partial Mode": "Simple","Parent Relationship": "Outer","Parallel Aware": false,"Async Capable": false,"Startup Cost": 146810.84,"Total Cost": 150749.52,"Plan Rows": 315094,"Plan Width": 44,"Actual Startup Time": 516.842,"Actual Total Time": 542.019,"Actual Rows": 11264,"Actual Loops": 1,"Group Key": ["lineitem.l_orderkey", "orders.o_orderdate", "orders.o_shippriority"],"Planned Partitions": 0,"HashAgg Batches": 1,"Peak Memory Usage": 20497,"Disk Usage": 0,"Plans": [{"Node Type": "Gather","Parent Relationship": "Outer","Parallel Aware": false,"Async Capable": false,"Startup Cost": 5522.86,"Total Cost": 142084.43,"Plan Rows": 315094,"Plan Width": 24,"Actual Startup Time": 34.785,"Actual Total Time": 494.380,"Actual Rows": 29743,"Actual Loops": 1,"Workers Planned": 3,"Workers Launched": 3,"Single Copy": false,"Plans": [{"Node Type": "Nested Loop","Parent Relationship": "Outer","Parallel Aware": false,"Async Capable": false,"Join Type": "Inner","Startup Cost": 4522.86,"Total Cost": 109575.03,"Plan Rows": 101643,"Plan Width": 24,"Actual Startup Time": 27.932,"Actual Total Time": 500.050,"Actual Rows": 7436,"Actual Loops": 4,"Inner Unique": false,"Workers": [],"Plans": [{"Node Type": "Hash Join","Parent Relationship": "Outer","Parallel Aware": true,"Async Capable": false,"Join Type": "Inner","Startup Cost": 4522.43,"Total Cost": 37287.28,"Plan Rows": 47324,"Plan Width": 12,"Actual Startup Time": 27.587,"Actual Total Time": 221.088,"Actual Rows": 36492,"Actual Loops": 4,"Inner Unique": true,"Hash Cond": "(orders.o_custkey = customer.c_custkey)","Workers": [],"Plans": [{"Node Type": "Seq Scan","Parent Relationship": "Outer","Parallel Aware": true,"Async Capable": false,"Relation Name": "orders","Alias": "orders","Startup Cost": 0.00,"Total Cost": 32143.39,"Plan Rows": 236740,"Plan Width": 16,"Actual Startup Time": 0.011,"Actual Total Time": 140.922,"Actual Rows": 182768,"Actual Loops": 4,"Filter": "(o_orderdate < '1995-03-21'::date)","Rows Removed by Filter": 192232,"Workers": []},{"Node Type": "Hash","Parent Relationship": "Inner","Parallel Aware": true,"Async Capable": false,"Startup Cost": 4366.25,"Total Cost": 4366.25,"Plan Rows": 12494,"Plan Width": 4,"Actual Startup Time": 27.136,"Actual Total Time": 27.139,"Actual Rows": 7487,"Actual Loops": 4,"Hash Buckets": 32768,"Original Hash Buckets": 32768,"Hash Batches": 1,"Original Hash Batches": 1,"Peak Memory Usage": 1504,"Workers": [],"Plans": [{"Node Type": "Seq Scan","Parent Relationship": "Outer","Parallel Aware": true,"Async Capable": false,"Relation Name": "customer","Alias": "customer","Startup Cost": 0.00,"Total Cost": 4366.25,"Plan Rows": 12494,"Plan Width": 4,"Actual Startup Time": 0.049,"Actual Total Time": 23.466,"Actual Rows": 7487,"Actual Loops": 4,"Filter": "(c_mktsegment = 'MACHINERY'::bpchar)","Rows Removed by Filter": 30013,"Workers": []}]}]},{"Node Type": "Index Scan","Parent Relationship": "Inner","Parallel Aware": false,"Async Capable": false,"Scan Direction": "Forward","Index Name": "idx_lineitem_orderkey","Relation Name": "lineitem","Alias": "lineitem","Startup Cost": 0.43,"Total Cost": 1.44,"Plan Rows": 9,"Plan Width": 16,"Actual Startup Time": 0.007,"Actual Total Time": 0.007,"Actual Rows": 0,"Actual Loops": 145966,"Index Cond": "(l_orderkey = orders.o_orderkey)","Rows Removed by Index Recheck": 0,"Filter": "(l_shipdate > '1995-03-21'::date)","Rows Removed by Filter": 4,"Workers": []}]}]}]}]},"Planning Time": 7.025,"Triggers": [],"Execution Time": 561.444}]
[{"Plan": {"Node Type": "Sort","Parallel Aware": false,"Async Capable": false,"Startup Cost": 182112.80,"Total Cost": 182916.58,"Plan Rows": 321511,"Plan Width": 44,"Actual Startup Time": 516.727,"Actual Total Time": 527.232,"Actual Rows": 11382,"Actual Loops": 1,"Sort Key": ["(sum((lineitem.l_extendedprice * ('1'::numeric - lineitem.l_discount)))) DESC", "orders.o_orderdate"],"Sort Method": "quicksort","Sort Space Used": 1096,"Sort Space Type": "Memory","Plans": [{"Node Type": "Aggregate","Strategy": "Hashed","Partial Mode": "Simple","Parent Relationship": "Outer","Parallel Aware": false,"Async Capable": false,"Startup Cost": 148684.48,"Total Cost": 152703.37,"Plan Rows": 321511,"Plan Width": 44,"Actual Startup Time": 494.602,"Actual Total Time": 520.266,"Actual Rows": 11382,"Actual Loops": 1,"Group Key": ["lineitem.l_orderkey", "orders.o_orderdate", "orders.o_shippriority"],"Planned Partitions": 0,"HashAgg Batches": 1,"Peak Memory Usage": 20497,"Disk Usage": 0,"Plans": [{"Node Type": "Gather","Parent Relationship": "Outer","Parallel Aware": false,"Async Capable": false,"Startup Cost": 5526.18,"Total Cost": 143861.82,"Plan Rows": 321511,"Plan Width": 24,"Actual Startup Time": 27.053,"Actual Total Time": 474.387,"Actual Rows": 30152,"Actual Loops": 1,"Workers Planned": 3,"Workers Launched": 3,"Single Copy": false,"Plans": [{"Node Type": "Nested Loop","Parent Relationship": "Outer","Parallel Aware": false,"Async Capable": false,"Join Type": "Inner","Startup Cost": 4526.18,"Total Cost": 110710.72,"Plan Rows": 103713,"Plan Width": 24,"Actual Startup Time": 20.702,"Actual Total Time": 478.805,"Actual Rows": 7538,"Actual Loops": 4,"Inner Unique": false,"Workers": [],"Plans": [{"Node Type": "Hash Join","Parent Relationship": "Outer","Parallel Aware": true,"Async Capable": false,"Join Type": "Inner","Startup Cost": 4525.75,"Total Cost": 37284.57,"Plan Rows": 47865,"Plan Width": 12,"Actual Startup Time": 20.504,"Actual Total Time": 203.939,"Actual Rows": 36156,"Actual Loops": 4,"Inner Unique": true,"Hash Cond": "(orders.o_custkey = customer.c_custkey)","Workers": [],"Plans": [{"Node Type": "Seq Scan","Parent Relationship": "Outer","Parallel Aware": true,"Async Capable": false,"Relation Name": "orders","Alias": "orders","Startup Cost": 0.00,"Total Cost": 32143.39,"Plan Rows": 234441,"Plan Width": 16,"Actual Startup Time": 0.011,"Actual Total Time": 138.791,"Actual Rows": 181190,"Actual Loops": 4,"Filter": "(o_orderdate < '1995-03-11'::date)","Rows Removed by Filter": 193810,"Workers": []},{"Node Type": "Hash","Parent Relationship": "Inner","Parallel Aware": true,"Async Capable": false,"Startup Cost": 4366.25,"Total Cost": 4366.25,"Plan Rows": 12760,"Plan Width": 4,"Actual Startup Time": 20.135,"Actual Total Time": 20.141,"Actual Rows": 7492,"Actual Loops": 4,"Hash Buckets": 32768,"Original Hash Buckets": 32768,"Hash Batches": 1,"Original Hash Batches": 1,"Peak Memory Usage": 1504,"Workers": [],"Plans": [{"Node Type": "Seq Scan","Parent Relationship": "Outer","Parallel Aware": true,"Async Capable": false,"Relation Name": "customer","Alias": "customer","Startup Cost": 0.00,"Total Cost": 4366.25,"Plan Rows": 12760,"Plan Width": 4,"Actual Startup Time": 0.035,"Actual Total Time": 17.145,"Actual Rows": 7492,"Actual Loops": 4,"Filter": "(c_mktsegment = 'FURNITURE'::bpchar)","Rows Removed by Filter": 30008,"Workers": []}]}]},{"Node Type": "Index Scan","Parent Relationship": "Inner","Parallel Aware": false,"Async Capable": false,"Scan Direction": "Forward","Index Name": "idx_lineitem_orderkey","Relation Name": "lineitem","Alias": "lineitem","Startup Cost": 0.43,"Total Cost": 1.44,"Plan Rows": 9,"Plan Width": 16,"Actual Startup Time": 0.007,"Actual Total Time": 0.007,"Actual Rows": 0,"Actual Loops": 144626,"Index Cond": "(l_orderkey = orders.o_orderkey)","Rows Removed by Index Recheck": 0,"Filter": "(l_shipdate > '1995-03-11'::date)","Rows Removed by Filter": 4,"Workers": []}]}]}]}]},"Planning Time": 7.049,"Triggers": [],"Execution Time": 540.388}]
[{"Plan": {"Node Type": "Sort","Parallel Aware": false,"Async Capable": false,"Startup Cost": 182167.05,"Total Cost": 182970.67,"Plan Rows": 321449,"Plan Width": 44,"Actual Startup Time": 517.393,"Actual Total Time": 527.138,"Actual Rows": 11388,"Actual Loops": 1,"Sort Key": ["(sum((lineitem.l_extendedprice * ('1'::numeric - lineitem.l_discount)))) DESC", "orders.o_orderdate"],"Sort Method": "quicksort","Sort Space Used": 1096,"Sort Space Type": "Memory","Plans": [{"Node Type": "Aggregate","Strategy": "Hashed","Partial Mode": "Simple","Parent Relationship": "Outer","Parallel Aware": false,"Async Capable": false,"Startup Cost": 148745.63,"Total Cost": 152763.74,"Plan Rows": 321449,"Plan Width": 44,"Actual Startup Time": 494.806,"Actual Total Time": 519.080,"Actual Rows": 11388,"Actual Loops": 1,"Group Key": ["lineitem.l_orderkey", "orders.o_orderdate", "orders.o_shippriority"],"Planned Partitions": 0,"HashAgg Batches": 1,"Peak Memory Usage": 20497,"Disk Usage": 0,"Plans": [{"Node Type": "Gather","Parent Relationship": "Outer","Parallel Aware": false,"Async Capable": false,"Startup Cost": 5526.18,"Total Cost": 143923.89,"Plan Rows": 321449,"Plan Width": 24,"Actual Startup Time": 30.504,"Actual Total Time": 473.121,"Actual Rows": 30204,"Actual Loops": 1,"Workers Planned": 3,"Workers Launched": 3,"Single Copy": false,"Plans": [{"Node Type": "Nested Loop","Parent Relationship": "Outer","Parallel Aware": false,"Async Capable": false,"Join Type": "Inner","Startup Cost": 4526.18,"Total Cost": 110778.99,"Plan Rows": 103693,"Plan Width": 24,"Actual Startup Time": 23.479,"Actual Total Time": 478.535,"Actual Rows": 7551,"Actual Loops": 4,"Inner Unique": false,"Workers": [],"Plans": [{"Node Type": "Hash Join","Parent Relationship": "Outer","Parallel Aware": true,"Async Capable": false,"Join Type": "Inner","Startup Cost": 4525.75,"Total Cost": 37285.57,"Plan Rows": 47943,"Plan Width": 12,"Actual Startup Time": 23.239,"Actual Total Time": 205.309,"Actual Rows": 36219,"Actual Loops": 4,"Inner Unique": true,"Hash Cond": "(orders.o_custkey = customer.c_custkey)","Workers": [],"Plans": [{"Node Type": "Seq Scan","Parent Relationship": "Outer","Parallel Aware": true,"Async Capable": false,"Relation Name": "orders","Alias": "orders","Startup Cost": 0.00,"Total Cost": 32143.39,"Plan Rows": 234824,"Plan Width": 16,"Actual Startup Time": 0.013,"Actual Total Time": 137.219,"Actual Rows": 181502,"Actual Loops": 4,"Filter": "(o_orderdate < '1995-03-13'::date)","Rows Removed by Filter": 193498,"Workers": []},{"Node Type": "Hash","Parent Relationship": "Inner","Parallel Aware": true,"Async Capable": false,"Startup Cost": 4366.25,"Total Cost": 4366.25,"Plan Rows": 12760,"Plan Width": 4,"Actual Startup Time": 22.773,"Actual Total Time": 22.777,"Actual Rows": 7492,"Actual Loops": 4,"Hash Buckets": 32768,"Original Hash Buckets": 32768,"Hash Batches": 1,"Original Hash Batches": 1,"Peak Memory Usage": 1472,"Workers": [],"Plans": [{"Node Type": "Seq Scan","Parent Relationship": "Outer","Parallel Aware": true,"Async Capable": false,"Relation Name": "customer","Alias": "customer","Startup Cost": 0.00,"Total Cost": 4366.25,"Plan Rows": 12760,"Plan Width": 4,"Actual Startup Time": 0.044,"Actual Total Time": 19.713,"Actual Rows": 7492,"Actual Loops": 4,"Filter": "(c_mktsegment = 'FURNITURE'::bpchar)","Rows Removed by Filter": 30008,"Workers": []}]}]},{"Node Type": "Index Scan","Parent Relationship": "Inner","Parallel Aware": false,"Async Capable": false,"Scan Direction": "Forward","Index Name": "idx_lineitem_orderkey","Relation Name": "lineitem","Alias": "lineitem","Startup Cost": 0.43,"Total Cost": 1.44,"Plan Rows": 9,"Plan Width": 16,"Actual Startup Time": 0.007,"Actual Total Time": 0.007,"Actual Rows": 0,"Actual Loops": 144876,"Index Cond": "(l_orderkey = orders.o_orderkey)","Rows Removed by Index Recheck": 0,"Filter": "(l_shipdate > '1995-03-13'::date)","Rows Removed by Filter": 4,"Workers": []}]}]}]}]},"Planning Time": 6.917,"Triggers": [],"Execution Time": 540.617}]
[{"Plan": {"Node Type": "Sort","Parallel Aware": false,"Async Capable": false,"Startup Cost": 177939.06,"Total Cost": 178719.46,"Plan Rows": 312159,"Plan Width": 44,"Actual Startup Time": 539.274,"Actual Total Time": 548.369,"Actual Rows": 11627,"Actual Loops": 1,"Sort Key": ["(sum((lineitem.l_extendedprice * ('1'::numeric - lineitem.l_discount)))) DESC", "orders.o_orderdate"],"Sort Method": "quicksort","Sort Space Used": 1111,"Sort Space Type": "Memory","Plans": [{"Node Type": "Aggregate","Strategy": "Hashed","Partial Mode": "Simple","Parent Relationship": "Outer","Parallel Aware": false,"Async Capable": false,"Startup Cost": 145549.56,"Total Cost": 149451.55,"Plan Rows": 312159,"Plan Width": 44,"Actual Startup Time": 515.941,"Actual Total Time": 538.197,"Actual Rows": 11627,"Actual Loops": 1,"Group Key": ["lineitem.l_orderkey", "orders.o_orderdate", "orders.o_shippriority"],"Planned Partitions": 0,"HashAgg Batches": 1,"Peak Memory Usage": 20497,"Disk Usage": 0,"Plans": [{"Node Type": "Gather","Parent Relationship": "Outer","Parallel Aware": false,"Async Capable": false,"Startup Cost": 5521.58,"Total Cost": 140867.18,"Plan Rows": 312159,"Plan Width": 24,"Actual Startup Time": 32.728,"Actual Total Time": 488.729,"Actual Rows": 30547,"Actual Loops": 1,"Workers Planned": 3,"Workers Launched": 3,"Single Copy": false,"Plans": [{"Node Type": "Nested Loop","Parent Relationship": "Outer","Parallel Aware": false,"Async Capable": false,"Join Type": "Inner","Startup Cost": 4521.58,"Total Cost": 108651.28,"Plan Rows": 100696,"Plan Width": 24,"Actual Startup Time": 25.819,"Actual Total Time": 498.101,"Actual Rows": 7637,"Actual Loops": 4,"Inner Unique": false,"Workers": [],"Plans": [{"Node Type": "Hash Join","Parent Relationship": "Outer","Parallel Aware": true,"Async Capable": false,"Join Type": "Inner","Startup Cost": 4521.15,"Total Cost": 37280.97,"Plan Rows": 46558,"Plan Width": 12,"Actual Startup Time": 25.489,"Actual Total Time": 217.079,"Actual Rows": 36716,"Actual Loops": 4,"Inner Unique": true,"Hash Cond": "(orders.o_custkey = customer.c_custkey)","Workers": [],"Plans": [{"Node Type": "Seq Scan","Parent Relationship": "Outer","Parallel Aware": true,"Async Capable": false,"Relation Name": "orders","Alias": "orders","Startup Cost": 0.00,"Total Cost": 32143.39,"Plan Rows": 234824,"Plan Width": 16,"Actual Startup Time": 0.017,"Actual Total Time": 140.185,"Actual Rows": 181502,"Actual Loops": 4,"Filter": "(o_orderdate < '1995-03-13'::date)","Rows Removed by Filter": 193498,"Workers": []},{"Node Type": "Hash","Parent Relationship": "Inner","Parallel Aware": true,"Async Capable": false,"Startup Cost": 4366.25,"Total Cost": 4366.25,"Plan Rows": 12392,"Plan Width": 4,"Actual Startup Time": 24.952,"Actual Total Time": 24.958,"Actual Rows": 7536,"Actual Loops": 4,"Hash Buckets": 32768,"Original Hash Buckets": 32768,"Hash Batches": 1,"Original Hash Batches": 1,"Peak Memory Usage": 1472,"Workers": [],"Plans": [{"Node Type": "Seq Scan","Parent Relationship": "Outer","Parallel Aware": true,"Async Capable": false,"Relation Name": "customer","Alias": "customer","Startup Cost": 0.00,"Total Cost": 4366.25,"Plan Rows": 12392,"Plan Width": 4,"Actual Startup Time": 0.045,"Actual Total Time": 21.161,"Actual Rows": 7536,"Actual Loops": 4,"Filter": "(c_mktsegment = 'BUILDING'::bpchar)","Rows Removed by Filter": 29964,"Workers": []}]}]},{"Node Type": "Index Scan","Parent Relationship": "Inner","Parallel Aware": false,"Async Capable": false,"Scan Direction": "Forward","Index Name": "idx_lineitem_orderkey","Relation Name": "lineitem","Alias": "lineitem","Startup Cost": 0.43,"Total Cost": 1.44,"Plan Rows": 9,"Plan Width": 16,"Actual Startup Time": 0.007,"Actual Total Time": 0.007,"Actual Rows": 0,"Actual Loops": 146862,"Index Cond": "(l_orderkey = orders.o_orderkey)","Rows Removed by Index Recheck": 0,"Filter": "(l_shipdate > '1995-03-13'::date)","Rows Removed by Filter": 4,"Workers": []}]}]}]}]},"Planning Time": 6.489,"Triggers": [],"Execution Time": 560.967}]
[{"Plan": {"Node Type": "Sort","Parallel Aware": false,"Async Capable": false,"Startup Cost": 177859.55,"Total Cost": 178640.17,"Plan Rows": 312250,"Plan Width": 44,"Actual Startup Time": 542.170,"Actual Total Time": 552.079,"Actual Rows": 11613,"Actual Loops": 1,"Sort Key": ["(sum((lineitem.l_extendedprice * ('1'::numeric - lineitem.l_discount)))) DESC", "orders.o_orderdate"],"Sort Method": "quicksort","Sort Space Used": 1110,"Sort Space Type": "Memory","Plans": [{"Node Type": "Aggregate","Strategy": "Hashed","Partial Mode": "Simple","Parent Relationship": "Outer","Parallel Aware": false,"Async Capable": false,"Startup Cost": 145459.95,"Total Cost": 149363.08,"Plan Rows": 312250,"Plan Width": 44,"Actual Startup Time": 519.070,"Actual Total Time": 543.782,"Actual Rows": 11613,"Actual Loops": 1,"Group Key": ["lineitem.l_orderkey", "orders.o_orderdate", "orders.o_shippriority"],"Planned Partitions": 0,"HashAgg Batches": 1,"Peak Memory Usage": 20497,"Disk Usage": 0,"Plans": [{"Node Type": "Gather","Parent Relationship": "Outer","Parallel Aware": false,"Async Capable": false,"Startup Cost": 5521.58,"Total Cost": 140776.20,"Plan Rows": 312250,"Plan Width": 24,"Actual Startup Time": 32.015,"Actual Total Time": 496.814,"Actual Rows": 30486,"Actual Loops": 1,"Workers Planned": 3,"Workers Launched": 3,"Single Copy": false,"Plans": [{"Node Type": "Nested Loop","Parent Relationship": "Outer","Parallel Aware": false,"Async Capable": false,"Join Type": "Inner","Startup Cost": 4521.58,"Total Cost": 108551.20,"Plan Rows": 100726,"Plan Width": 24,"Actual Startup Time": 25.089,"Actual Total Time": 502.063,"Actual Rows": 7622,"Actual Loops": 4,"Inner Unique": false,"Workers": [],"Plans": [{"Node Type": "Hash Join","Parent Relationship": "Outer","Parallel Aware": true,"Async Capable": false,"Join Type": "Inner","Startup Cost": 4521.15,"Total Cost": 37279.47,"Plan Rows": 46444,"Plan Width": 12,"Actual Startup Time": 24.896,"Actual Total Time": 218.772,"Actual Rows": 36612,"Actual Loops": 4,"Inner Unique": true,"Hash Cond": "(orders.o_custkey = customer.c_custkey)","Workers": [],"Plans": [{"Node Type": "Seq Scan","Parent Relationship": "Outer","Parallel Aware": true,"Async Capable": false,"Relation Name": "orders","Alias": "orders","Startup Cost": 0.00,"Total Cost": 32143.39,"Plan Rows": 234250,"Plan Width": 16,"Actual Startup Time": 0.014,"Actual Total Time": 143.510,"Actual Rows": 181030,"Actual Loops": 4,"Filter": "(o_orderdate < '1995-03-10'::date)","Rows Removed by Filter": 193970,"Workers": []},{"Node Type": "Hash","Parent Relationship": "Inner","Parallel Aware": true,"Async Capable": false,"Startup Cost": 4366.25,"Total Cost": 4366.25,"Plan Rows": 12392,"Plan Width": 4,"Actual Startup Time": 24.497,"Actual Total Time": 24.502,"Actual Rows": 7536,"Actual Loops": 4,"Hash Buckets": 32768,"Original Hash Buckets": 32768,"Hash Batches": 1,"Original Hash Batches": 1,"Peak Memory Usage": 1504,"Workers": [],"Plans": [{"Node Type": "Seq Scan","Parent Relationship": "Outer","Parallel Aware": true,"Async Capable": false,"Relation Name": "customer","Alias": "customer","Startup Cost": 0.00,"Total Cost": 4366.25,"Plan Rows": 12392,"Plan Width": 4,"Actual Startup Time": 0.029,"Actual Total Time": 21.062,"Actual Rows": 7536,"Actual Loops": 4,"Filter": "(c_mktsegment = 'BUILDING'::bpchar)","Rows Removed by Filter": 29964,"Workers": []}]}]},{"Node Type": "Index Scan","Parent Relationship": "Inner","Parallel Aware": false,"Async Capable": false,"Scan Direction": "Forward","Index Name": "idx_lineitem_orderkey","Relation Name": "lineitem","Alias": "lineitem","Startup Cost": 0.43,"Total Cost": 1.44,"Plan Rows": 9,"Plan Width": 16,"Actual Startup Time": 0.007,"Actual Total Time": 0.007,"Actual Rows": 0,"Actual Loops": 146447,"Index Cond": "(l_orderkey = orders.o_orderkey)","Rows Removed by Index Recheck": 0,"Filter": "(l_shipdate > '1995-03-10'::date)","Rows Removed by Filter": 4,"Workers": []}]}]}]}]},"Planning Time": 6.411,"Triggers": [],"Execution Time": 565.055}]
[{"Plan": {"Node Type": "Sort","Parallel Aware": false,"Async Capable": false,"Startup Cost": 177753.19,"Total Cost": 178534.10,"Plan Rows": 312363,"Plan Width": 44,"Actual Startup Time": 523.457,"Actual Total Time": 534.343,"Actual Rows": 11628,"Actual Loops": 1,"Sort Key": ["(sum((lineitem.l_extendedprice * ('1'::numeric - lineitem.l_discount)))) DESC", "orders.o_orderdate"],"Sort Method": "quicksort","Sort Space Used": 1111,"Sort Space Type": "Memory","Plans": [{"Node Type": "Aggregate","Strategy": "Hashed","Partial Mode": "Simple","Parent Relationship": "Outer","Parallel Aware": false,"Async Capable": false,"Startup Cost": 145341.05,"Total Cost": 149245.59,"Plan Rows": 312363,"Plan Width": 44,"Actual Startup Time": 500.270,"Actual Total Time": 526.935,"Actual Rows": 11628,"Actual Loops": 1,"Group Key": ["lineitem.l_orderkey", "orders.o_orderdate", "orders.o_shippriority"],"Planned Partitions": 0,"HashAgg Batches": 1,"Peak Memory Usage": 20497,"Disk Usage": 0,"Plans": [{"Node Type": "Gather","Parent Relationship": "Outer","Parallel Aware": false,"Async Capable": false,"Startup Cost": 5521.58,"Total Cost": 140655.61,"Plan Rows": 312363,"Plan Width": 24,"Actual Startup Time": 30.236,"Actual Total Time": 479.199,"Actual Rows": 30604,"Actual Loops": 1,"Workers Planned": 3,"Workers Launched": 3,"Single Copy": false,"Plans": [{"Node Type": "Nested Loop","Parent Relationship": "Outer","Parallel Aware": false,"Async Capable": false,"Join Type": "Inner","Startup Cost": 4521.58,"Total Cost": 108419.31,"Plan Rows": 100762,"Plan Width": 24,"Actual Startup Time": 23.202,"Actual Total Time": 483.668,"Actual Rows": 7651,"Actual Loops": 4,"Inner Unique": false,"Workers": [],"Plans": [{"Node Type": "Hash Join","Parent Relationship": "Outer","Parallel Aware": true,"Async Capable": false,"Join Type": "Inner","Startup Cost": 4521.15,"Total Cost": 37277.46,"Plan Rows": 46293,"Plan Width": 12,"Actual Startup Time": 23.018,"Actual Total Time": 206.800,"Actual Rows": 36488,"Actual Loops": 4,"Inner Unique": true,"Hash Cond": "(orders.o_custkey = customer.c_custkey)","Workers": [],"Plans": [{"Node Type": "Seq Scan","Parent Relationship": "Outer","Parallel Aware": true,"Async Capable": false,"Relation Name": "orders","Alias": "orders","Startup Cost": 0.00,"Total Cost": 32143.39,"Plan Rows": 233486,"Plan Width": 16,"Actual Startup Time": 0.016,"Actual Total Time": 137.698,"Actual Rows": 180414,"Actual Loops": 4,"Filter": "(o_orderdate < '1995-03-06'::date)","Rows Removed by Filter": 194586,"Workers": []},{"Node Type": "Hash","Parent Relationship": "Inner","Parallel Aware": true,"Async Capable": false,"Startup Cost": 4366.25,"Total Cost": 4366.25,"Plan Rows": 12392,"Plan Width": 4,"Actual Startup Time": 22.547,"Actual Total Time": 22.550,"Actual Rows": 7536,"Actual Loops": 4,"Hash Buckets": 32768,"Original Hash Buckets": 32768,"Hash Batches": 1,"Original Hash Batches": 1,"Peak Memory Usage": 1504,"Workers": [],"Plans": [{"Node Type": "Seq Scan","Parent Relationship": "Outer","Parallel Aware": true,"Async Capable": false,"Relation Name": "customer","Alias": "customer","Startup Cost": 0.00,"Total Cost": 4366.25,"Plan Rows": 12392,"Plan Width": 4,"Actual Startup Time": 0.042,"Actual Total Time": 19.442,"Actual Rows": 7536,"Actual Loops": 4,"Filter": "(c_mktsegment = 'BUILDING'::bpchar)","Rows Removed by Filter": 29964,"Workers": []}]}]},{"Node Type": "Index Scan","Parent Relationship": "Inner","Parallel Aware": false,"Async Capable": false,"Scan Direction": "Forward","Index Name": "idx_lineitem_orderkey","Relation Name": "lineitem","Alias": "lineitem","Startup Cost": 0.43,"Total Cost": 1.45,"Plan Rows": 9,"Plan Width": 16,"Actual Startup Time": 0.007,"Actual Total Time": 0.007,"Actual Rows": 0,"Actual Loops": 145950,"Index Cond": "(l_orderkey = orders.o_orderkey)","Rows Removed by Index Recheck": 0,"Filter": "(l_shipdate > '1995-03-06'::date)","Rows Removed by Filter": 4,"Workers": []}]}]}]}]},"Planning Time": 6.304,"Triggers": [],"Execution Time": 548.235}]
[{"Plan": {"Node Type": "Sort","Parallel Aware": false,"Async Capable": false,"Startup Cost": 178496.66,"Total Cost": 179277.96,"Plan Rows": 312520,"Plan Width": 44,"Actual Startup Time": 544.665,"Actual Total Time": 554.391,"Actual Rows": 11638,"Actual Loops": 1,"Sort Key": ["(sum((lineitem.l_extendedprice * ('1'::numeric - lineitem.l_discount)))) DESC", "orders.o_orderdate"],"Sort Method": "quicksort","Sort Space Used": 1112,"Sort Space Type": "Memory","Plans": [{"Node Type": "Aggregate","Strategy": "Hashed","Partial Mode": "Simple","Parent Relationship": "Outer","Parallel Aware": false,"Async Capable": false,"Startup Cost": 146067.11,"Total Cost": 149973.61,"Plan Rows": 312520,"Plan Width": 44,"Actual Startup Time": 521.685,"Actual Total Time": 545.953,"Actual Rows": 11638,"Actual Loops": 1,"Group Key": ["lineitem.l_orderkey", "orders.o_orderdate", "orders.o_shippriority"],"Planned Partitions": 0,"HashAgg Batches": 1,"Peak Memory Usage": 20497,"Disk Usage": 0,"Plans": [{"Node Type": "Gather","Parent Relationship": "Outer","Parallel Aware": false,"Async Capable": false,"Startup Cost": 5521.58,"Total Cost": 141379.31,"Plan Rows": 312520,"Plan Width": 24,"Actual Startup Time": 33.380,"Actual Total Time": 496.153,"Actual Rows": 30390,"Actual Loops": 1,"Workers Planned": 3,"Workers Launched": 3,"Single Copy": false,"Plans": [{"Node Type": "Nested Loop","Parent Relationship": "Outer","Parallel Aware": false,"Async Capable": false,"Join Type": "Inner","Startup Cost": 4521.58,"Total Cost": 109127.31,"Plan Rows": 100813,"Plan Width": 24,"Actual Startup Time": 26.346,"Actual Total Time": 504.196,"Actual Rows": 7598,"Actual Loops": 4,"Inner Unique": false,"Workers": [],"Plans": [{"Node Type": "Hash Join","Parent Relationship": "Outer","Parallel Aware": true,"Async Capable": false,"Join Type": "Inner","Startup Cost": 4521.15,"Total Cost": 37288.18,"Plan Rows": 47102,"Plan Width": 12,"Actual Startup Time": 26.215,"Actual Total Time": 221.202,"Actual Rows": 37097,"Actual Loops": 4,"Inner Unique": true,"Hash Cond": "(orders.o_custkey = customer.c_custkey)","Workers": [],"Plans": [{"Node Type": "Seq Scan","Parent Relationship": "Outer","Parallel Aware": true,"Async Capable": false,"Relation Name": "orders","Alias": "orders","Startup Cost": 0.00,"Total Cost": 32143.39,"Plan Rows": 237570,"Plan Width": 16,"Actual Startup Time": 0.017,"Actual Total Time": 143.115,"Actual Rows": 183364,"Actual Loops": 4,"Filter": "(o_orderdate < '1995-03-25'::date)","Rows Removed by Filter": 191636,"Workers": []},{"Node Type": "Hash","Parent Relationship": "Inner","Parallel Aware": true,"Async Capable": false,"Startup Cost": 4366.25,"Total Cost": 4366.25,"Plan Rows": 12392,"Plan Width": 4,"Actual Startup Time": 25.757,"Actual Total Time": 25.760,"Actual Rows": 7536,"Actual Loops": 4,"Hash Buckets": 32768,"Original Hash Buckets": 32768,"Hash Batches": 1,"Original Hash Batches": 1,"Peak Memory Usage": 1472,"Workers": [],"Plans": [{"Node Type": "Seq Scan","Parent Relationship": "Outer","Parallel Aware": true,"Async Capable": false,"Relation Name": "customer","Alias": "customer","Startup Cost": 0.00,"Total Cost": 4366.25,"Plan Rows": 12392,"Plan Width": 4,"Actual Startup Time": 0.035,"Actual Total Time": 22.045,"Actual Rows": 7536,"Actual Loops": 4,"Filter": "(c_mktsegment = 'BUILDING'::bpchar)","Rows Removed by Filter": 29964,"Workers": []}]}]},{"Node Type": "Index Scan","Parent Relationship": "Inner","Parallel Aware": false,"Async Capable": false,"Scan Direction": "Forward","Index Name": "idx_lineitem_orderkey","Relation Name": "lineitem","Alias": "lineitem","Startup Cost": 0.43,"Total Cost": 1.44,"Plan Rows": 9,"Plan Width": 16,"Actual Startup Time": 0.007,"Actual Total Time": 0.007,"Actual Rows": 0,"Actual Loops": 148389,"Index Cond": "(l_orderkey = orders.o_orderkey)","Rows Removed by Index Recheck": 0,"Filter": "(l_shipdate > '1995-03-25'::date)","Rows Removed by Filter": 4,"Workers": []}]}]}]}]},"Planning Time": 5.606,"Triggers": [],"Execution Time": 566.394}]
[{"Plan": {"Node Type": "Sort","Parallel Aware": false,"Async Capable": false,"Startup Cost": 179440.48,"Total Cost": 180228.98,"Plan Rows": 315402,"Plan Width": 44,"Actual Startup Time": 536.459,"Actual Total Time": 547.123,"Actual Rows": 11431,"Actual Loops": 1,"Sort Key": ["(sum((lineitem.l_extendedprice * ('1'::numeric - lineitem.l_discount)))) DESC", "orders.o_orderdate"],"Sort Method": "quicksort","Sort Space Used": 1099,"Sort Space Type": "Memory","Plans": [{"Node Type": "Aggregate","Strategy": "Hashed","Partial Mode": "Simple","Parent Relationship": "Outer","Parallel Aware": false,"Async Capable": false,"Startup Cost": 146690.97,"Total Cost": 150633.50,"Plan Rows": 315402,"Plan Width": 44,"Actual Startup Time": 514.238,"Actual Total Time": 538.642,"Actual Rows": 11431,"Actual Loops": 1,"Group Key": ["lineitem.l_orderkey", "orders.o_orderdate", "orders.o_shippriority"],"Planned Partitions": 0,"HashAgg Batches": 1,"Peak Memory Usage": 20497,"Disk Usage": 0,"Plans": [{"Node Type": "Gather","Parent Relationship": "Outer","Parallel Aware": false,"Async Capable": false,"Startup Cost": 5522.96,"Total Cost": 141959.94,"Plan Rows": 315402,"Plan Width": 24,"Actual Startup Time": 33.400,"Actual Total Time": 489.917,"Actual Rows": 30312,"Actual Loops": 1,"Workers Planned": 3,"Workers Launched": 3,"Single Copy": false,"Plans": [{"Node Type": "Nested Loop","Parent Relationship": "Outer","Parallel Aware": false,"Async Capable": false,"Join Type": "Inner","Startup Cost": 4522.96,"Total Cost": 109419.74,"Plan Rows": 101743,"Plan Width": 24,"Actual Startup Time": 26.755,"Actual Total Time": 497.095,"Actual Rows": 7578,"Actual Loops": 4,"Inner Unique": false,"Workers": [],"Plans": [{"Node Type": "Hash Join","Parent Relationship": "Outer","Parallel Aware": true,"Async Capable": false,"Join Type": "Inner","Startup Cost": 4522.52,"Total Cost": 37284.32,"Plan Rows": 47123,"Plan Width": 12,"Actual Startup Time": 26.609,"Actual Total Time": 219.801,"Actual Rows": 36289,"Actual Loops": 4,"Inner Unique": true,"Hash Cond": "(orders.o_custkey = customer.c_custkey)","Workers": [],"Plans": [{"Node Type": "Seq Scan","Parent Relationship": "Outer","Parallel Aware": true,"Async Capable": false,"Relation Name": "orders","Alias": "orders","Startup Cost": 0.00,"Total Cost": 32143.39,"Plan Rows": 235577,"Plan Width": 16,"Actual Startup Time": 0.015,"Actual Total Time": 140.506,"Actual Rows": 181826,"Actual Loops": 4,"Filter": "(o_orderdate < '1995-03-15'::date)","Rows Removed by Filter": 193174,"Workers": []},{"Node Type": "Hash","Parent Relationship": "Inner","Parallel Aware": true,"Async Capable": false,"Startup Cost": 4366.25,"Total Cost": 4366.25,"Plan Rows": 12502,"Plan Width": 4,"Actual Startup Time": 26.124,"Actual Total Time": 26.129,"Actual Rows": 7547,"Actual Loops": 4,"Hash Buckets": 32768,"Original Hash Buckets": 32768,"Hash Batches": 1,"Original Hash Batches": 1,"Peak Memory Usage": 1504,"Workers": [],"Plans": [{"Node Type": "Seq Scan","Parent Relationship": "Outer","Parallel Aware": true,"Async Capable": false,"Relation Name": "customer","Alias": "customer","Startup Cost": 0.00,"Total Cost": 4366.25,"Plan Rows": 12502,"Plan Width": 4,"Actual Startup Time": 0.033,"Actual Total Time": 22.453,"Actual Rows": 7547,"Actual Loops": 4,"Filter": "(c_mktsegment = 'HOUSEHOLD'::bpchar)","Rows Removed by Filter": 29953,"Workers": []}]}]},{"Node Type": "Index Scan","Parent Relationship": "Inner","Parallel Aware": false,"Async Capable": false,"Scan Direction": "Forward","Index Name": "idx_lineitem_orderkey","Relation Name": "lineitem","Alias": "lineitem","Startup Cost": 0.43,"Total Cost": 1.44,"Plan Rows": 9,"Plan Width": 16,"Actual Startup Time": 0.007,"Actual Total Time": 0.007,"Actual Rows": 0,"Actual Loops": 145157,"Index Cond": "(l_orderkey = orders.o_orderkey)","Rows Removed by Index Recheck": 0,"Filter": "(l_shipdate > '1995-03-15'::date)","Rows Removed by Filter": 4,"Workers": []}]}]}]}]},"Planning Time": 7.062,"Triggers": [],"Execution Time": 559.413}]
[{"Plan": {"Node Type": "Sort","Parallel Aware": false,"Async Capable": false,"Startup Cost": 177327.07,"Total Cost": 178105.41,"Plan Rows": 311338,"Plan Width": 44,"Actual Startup Time": 539.276,"Actual Total Time": 546.204,"Actual Rows": 11489,"Actual Loops": 1,"Sort Key": ["(sum((lineitem.l_extendedprice * ('1'::numeric - lineitem.l_discount)))) DESC", "orders.o_orderdate"],"Sort Method": "quicksort","Sort Space Used": 1103,"Sort Space Type": "Memory","Plans": [{"Node Type": "Aggregate","Strategy": "Hashed","Partial Mode": "Simple","Parent Relationship": "Outer","Parallel Aware": false,"Async Capable": false,"Startup Cost": 145028.68,"Total Cost": 148920.40,"Plan Rows": 311338,"Plan Width": 44,"Actual Startup Time": 516.638,"Actual Total Time": 540.338,"Actual Rows": 11489,"Actual Loops": 1,"Group Key": ["lineitem.l_orderkey", "orders.o_orderdate", "orders.o_shippriority"],"Planned Partitions": 0,"HashAgg Batches": 1,"Peak Memory Usage": 20497,"Disk Usage": 0,"Plans": [{"Node Type": "Gather","Parent Relationship": "Outer","Parallel Aware": false,"Async Capable": false,"Startup Cost": 5521.08,"Total Cost": 140358.61,"Plan Rows": 311338,"Plan Width": 24,"Actual Startup Time": 30.660,"Actual Total Time": 493.539,"Actual Rows": 30376,"Actual Loops": 1,"Workers Planned": 3,"Workers Launched": 3,"Single Copy": false,"Plans": [{"Node Type": "Nested Loop","Parent Relationship": "Outer","Parallel Aware": false,"Async Capable": false,"Join Type": "Inner","Startup Cost": 4521.08,"Total Cost": 108224.81,"Plan Rows": 100432,"Plan Width": 24,"Actual Startup Time": 23.422,"Actual Total Time": 499.876,"Actual Rows": 7594,"Actual Loops": 4,"Inner Unique": false,"Workers": [],"Plans": [{"Node Type": "Hash Join","Parent Relationship": "Outer","Parallel Aware": true,"Async Capable": false,"Join Type": "Inner","Startup Cost": 4520.65,"Total Cost": 37277.46,"Plan Rows": 46183,"Plan Width": 12,"Actual Startup Time": 23.006,"Actual Total Time": 216.203,"Actual Rows": 35918,"Actual Loops": 4,"Inner Unique": true,"Hash Cond": "(orders.o_custkey = customer.c_custkey)","Workers": [],"Plans": [{"Node Type": "Seq Scan","Parent Relationship": "Outer","Parallel Aware": true,"Async Capable": false,"Relation Name": "orders","Alias": "orders","Startup Cost": 0.00,"Total Cost": 32143.39,"Plan Rows": 233677,"Plan Width": 16,"Actual Startup Time": 0.008,"Actual Total Time": 142.132,"Actual Rows": 180569,"Actual Loops": 4,"Filter": "(o_orderdate < '1995-03-07'::date)","Rows Removed by Filter": 194431,"Workers": []},{"Node Type": "Hash","Parent Relationship": "Inner","Parallel Aware": true,"Async Capable": false,"Startup Cost": 4366.25,"Total Cost": 4366.25,"Plan Rows": 12352,"Plan Width": 4,"Actual Startup Time": 22.572,"Actual Total Time": 22.577,"Actual Rows": 7438,"Actual Loops": 4,"Hash Buckets": 32768,"Original Hash Buckets": 32768,"Hash Batches": 1,"Original Hash Batches": 1,"Peak Memory Usage": 1472,"Workers": [],"Plans": [{"Node Type": "Seq Scan","Parent Relationship": "Outer","Parallel Aware": true,"Async Capable": false,"Relation Name": "customer","Alias": "customer","Startup Cost": 0.00,"Total Cost": 4366.25,"Plan Rows": 12352,"Plan Width": 4,"Actual Startup Time": 0.047,"Actual Total Time": 19.255,"Actual Rows": 7438,"Actual Loops": 4,"Filter": "(c_mktsegment = 'AUTOMOBILE'::bpchar)","Rows Removed by Filter": 30062,"Workers": []}]}]},{"Node Type": "Index Scan","Parent Relationship": "Inner","Parallel Aware": false,"Async Capable": false,"Scan Direction": "Forward","Index Name": "idx_lineitem_orderkey","Relation Name": "lineitem","Alias": "lineitem","Startup Cost": 0.43,"Total Cost": 1.45,"Plan Rows": 9,"Plan Width": 16,"Actual Startup Time": 0.008,"Actual Total Time": 0.008,"Actual Rows": 0,"Actual Loops": 143672,"Index Cond": "(l_orderkey = orders.o_orderkey)","Rows Removed by Index Recheck": 0,"Filter": "(l_shipdate > '1995-03-07'::date)","Rows Removed by Filter": 4,"Workers": []}]}]}]}]},"Planning Time": 5.578,"Triggers": [],"Execution Time": 561.958}]
[{"Plan": {"Node Type": "Sort","Parallel Aware": false,"Async Capable": false,"Startup Cost": 182960.88,"Total Cost": 183765.39,"Plan Rows": 321805,"Plan Width": 44,"Actual Startup Time": 520.866,"Actual Total Time": 531.162,"Actual Rows": 11420,"Actual Loops": 1,"Sort Key": ["(sum((lineitem.l_extendedprice * ('1'::numeric - lineitem.l_discount)))) DESC", "orders.o_orderdate"],"Sort Method": "quicksort","Sort Space Used": 1098,"Sort Space Type": "Memory","Plans": [{"Node Type": "Aggregate","Strategy": "Hashed","Partial Mode": "Simple","Parent Relationship": "Outer","Parallel Aware": false,"Async Capable": false,"Startup Cost": 149499.88,"Total Cost": 153522.44,"Plan Rows": 321805,"Plan Width": 44,"Actual Startup Time": 499.507,"Actual Total Time": 523.297,"Actual Rows": 11420,"Actual Loops": 1,"Group Key": ["lineitem.l_orderkey", "orders.o_orderdate", "orders.o_shippriority"],"Planned Partitions": 0,"HashAgg Batches": 1,"Peak Memory Usage": 20497,"Disk Usage": 0,"Plans": [{"Node Type": "Gather","Parent Relationship": "Outer","Parallel Aware": false,"Async Capable": false,"Startup Cost": 5526.18,"Total Cost": 144672.80,"Plan Rows": 321805,"Plan Width": 24,"Actual Startup Time": 31.093,"Actual Total Time": 478.349,"Actual Rows": 30397,"Actual Loops": 1,"Workers Planned": 3,"Workers Launched": 3,"Single Copy": false,"Plans": [{"Node Type": "Nested Loop","Parent Relationship": "Outer","Parallel Aware": false,"Async Capable": false,"Join Type": "Inner","Startup Cost": 4526.18,"Total Cost": 111492.30,"Plan Rows": 103808,"Plan Width": 24,"Actual Startup Time": 24.149,"Actual Total Time": 482.828,"Actual Rows": 7599,"Actual Loops": 4,"Inner Unique": false,"Workers": [],"Plans": [{"Node Type": "Hash Join","Parent Relationship": "Outer","Parallel Aware": true,"Async Capable": false,"Join Type": "Inner","Startup Cost": 4525.75,"Total Cost": 37296.05,"Plan Rows": 48758,"Plan Width": 12,"Actual Startup Time": 23.923,"Actual Total Time": 206.846,"Actual Rows": 36786,"Actual Loops": 4,"Inner Unique": true,"Hash Cond": "(orders.o_custkey = customer.c_custkey)","Workers": [],"Plans": [{"Node Type": "Seq Scan","Parent Relationship": "Outer","Parallel Aware": true,"Async Capable": false,"Relation Name": "orders","Alias": "orders","Startup Cost": 0.00,"Total Cost": 32143.39,"Plan Rows": 238816,"Plan Width": 16,"Actual Startup Time": 0.009,"Actual Total Time": 137.021,"Actual Rows": 184291,"Actual Loops": 4,"Filter": "(o_orderdate < '1995-03-31'::date)","Rows Removed by Filter": 190709,"Workers": []},{"Node Type": "Hash","Parent Relationship": "Inner","Parallel Aware": true,"Async Capable": false,"Startup Cost": 4366.25,"Total Cost": 4366.25,"Plan Rows": 12760,"Plan Width": 4,"Actual Startup Time": 23.464,"Actual Total Time": 23.468,"Actual Rows": 7492,"Actual Loops": 4,"Hash Buckets": 32768,"Original Hash Buckets": 32768,"Hash Batches": 1,"Original Hash Batches": 1,"Peak Memory Usage": 1504,"Workers": [],"Plans": [{"Node Type": "Seq Scan","Parent Relationship": "Outer","Parallel Aware": true,"Async Capable": false,"Relation Name": "customer","Alias": "customer","Startup Cost": 0.00,"Total Cost": 4366.25,"Plan Rows": 12760,"Plan Width": 4,"Actual Startup Time": 0.041,"Actual Total Time": 20.296,"Actual Rows": 7492,"Actual Loops": 4,"Filter": "(c_mktsegment = 'FURNITURE'::bpchar)","Rows Removed by Filter": 30008,"Workers": []}]}]},{"Node Type": "Index Scan","Parent Relationship": "Inner","Parallel Aware": false,"Async Capable": false,"Scan Direction": "Forward","Index Name": "idx_lineitem_orderkey","Relation Name": "lineitem","Alias": "lineitem","Startup Cost": 0.43,"Total Cost": 1.43,"Plan Rows": 9,"Plan Width": 16,"Actual Startup Time": 0.007,"Actual Total Time": 0.007,"Actual Rows": 0,"Actual Loops": 147142,"Index Cond": "(l_orderkey = orders.o_orderkey)","Rows Removed by Index Recheck": 0,"Filter": "(l_shipdate > '1995-03-31'::date)","Rows Removed by Filter": 4,"Workers": []}]}]}]}]},"Planning Time": 5.663,"Triggers": [],"Execution Time": 544.287}]
[{"Plan": {"Node Type": "Sort","Parallel Aware": false,"Async Capable": false,"Startup Cost": 179029.85,"Total Cost": 179816.90,"Plan Rows": 314822,"Plan Width": 44,"Actual Startup Time": 550.372,"Actual Total Time": 558.162,"Actual Rows": 11314,"Actual Loops": 1,"Sort Key": ["(sum((lineitem.l_extendedprice * ('1'::numeric - lineitem.l_discount)))) DESC", "orders.o_orderdate"],"Sort Method": "quicksort","Sort Space Used": 1092,"Sort Space Type": "Memory","Plans": [{"Node Type": "Aggregate","Strategy": "Hashed","Partial Mode": "Simple","Parent Relationship": "Outer","Parallel Aware": false,"Async Capable": false,"Startup Cost": 146344.75,"Total Cost": 150280.03,"Plan Rows": 314822,"Plan Width": 44,"Actual Startup Time": 522.647,"Actual Total Time": 547.562,"Actual Rows": 11314,"Actual Loops": 1,"Group Key": ["lineitem.l_orderkey", "orders.o_orderdate", "orders.o_shippriority"],"Planned Partitions": 0,"HashAgg Batches": 1,"Peak Memory Usage": 20497,"Disk Usage": 0,"Plans": [{"Node Type": "Gather","Parent Relationship": "Outer","Parallel Aware": false,"Async Capable": false,"Startup Cost": 5522.86,"Total Cost": 141622.42,"Plan Rows": 314822,"Plan Width": 24,"Actual Startup Time": 32.720,"Actual Total Time": 489.109,"Actual Rows": 29861,"Actual Loops": 1,"Workers Planned": 3,"Workers Launched": 3,"Single Copy": false,"Plans": [{"Node Type": "Nested Loop","Parent Relationship": "Outer","Parallel Aware": false,"Async Capable": false,"Join Type": "Inner","Startup Cost": 4522.86,"Total Cost": 109140.22,"Plan Rows": 101555,"Plan Width": 24,"Actual Startup Time": 25.551,"Actual Total Time": 503.822,"Actual Rows": 7465,"Actual Loops": 4,"Inner Unique": false,"Workers": [],"Plans": [{"Node Type": "Hash Join","Parent Relationship": "Outer","Parallel Aware": true,"Async Capable": false,"Join Type": "Inner","Startup Cost": 4522.43,"Total Cost": 37280.74,"Plan Rows": 46827,"Plan Width": 12,"Actual Startup Time": 25.276,"Actual Total Time": 221.802,"Actual Rows": 36152,"Actual Loops": 4,"Inner Unique": true,"Hash Cond": "(orders.o_custkey = customer.c_custkey)","Workers": [],"Plans": [{"Node Type": "Seq Scan","Parent Relationship": "Outer","Parallel Aware": true,"Async Capable": false,"Relation Name": "orders","Alias": "orders","Startup Cost": 0.00,"Total Cost": 32143.39,"Plan Rows": 234250,"Plan Width": 16,"Actual Startup Time": 0.022,"Actual Total Time": 143.298,"Actual Rows": 181030,"Actual Loops": 4,"Filter": "(o_orderdate < '1995-03-10'::date)","Rows Removed by Filter": 193970,"Workers": []},{"Node Type": "Hash","Parent Relationship": "Inner","Parallel Aware": true,"Async Capable": false,"Startup Cost": 4366.25,"Total Cost": 4366.25,"Plan Rows": 12494,"Plan Width": 4,"Actual Startup Time": 24.832,"Actual Total Time": 24.840,"Actual Rows": 7487,"Actual Loops": 4,"Hash Buckets": 32768,"Original Hash Buckets": 32768,"Hash Batches": 1,"Original Hash Batches": 1,"Peak Memory Usage": 1504,"Workers": [],"Plans": [{"Node Type": "Seq Scan","Parent Relationship": "Outer","Parallel Aware": true,"Async Capable": false,"Relation Name": "customer","Alias": "customer","Startup Cost": 0.00,"Total Cost": 4366.25,"Plan Rows": 12494,"Plan Width": 4,"Actual Startup Time": 0.040,"Actual Total Time": 21.027,"Actual Rows": 7487,"Actual Loops": 4,"Filter": "(c_mktsegment = 'MACHINERY'::bpchar)","Rows Removed by Filter": 30013,"Workers": []}]}]},{"Node Type": "Index Scan","Parent Relationship": "Inner","Parallel Aware": false,"Async Capable": false,"Scan Direction": "Forward","Index Name": "idx_lineitem_orderkey","Relation Name": "lineitem","Alias": "lineitem","Startup Cost": 0.43,"Total Cost": 1.44,"Plan Rows": 9,"Plan Width": 16,"Actual Startup Time": 0.007,"Actual Total Time": 0.008,"Actual Rows": 0,"Actual Loops": 144606,"Index Cond": "(l_orderkey = orders.o_orderkey)","Rows Removed by Index Recheck": 0,"Filter": "(l_shipdate > '1995-03-10'::date)","Rows Removed by Filter": 4,"Workers": []}]}]}]}]},"Planning Time": 6.029,"Triggers": [],"Execution Time": 572.343}]
[{"Plan": {"Node Type": "Sort","Parallel Aware": false,"Async Capable": false,"Startup Cost": 177898.35,"Total Cost": 178677.16,"Plan Rows": 311522,"Plan Width": 44,"Actual Startup Time": 544.402,"Actual Total Time": 554.531,"Actual Rows": 11490,"Actual Loops": 1,"Sort Key": ["(sum((lineitem.l_extendedprice * ('1'::numeric - lineitem.l_discount)))) DESC", "orders.o_orderdate"],"Sort Method": "quicksort","Sort Space Used": 1103,"Sort Space Type": "Memory","Plans": [{"Node Type": "Aggregate","Strategy": "Hashed","Partial Mode": "Simple","Parent Relationship": "Outer","Parallel Aware": false,"Async Capable": false,"Startup Cost": 145579.54,"Total Cost": 149473.57,"Plan Rows": 311522,"Plan Width": 44,"Actual Startup Time": 521.900,"Actual Total Time": 546.210,"Actual Rows": 11490,"Actual Loops": 1,"Group Key": ["lineitem.l_orderkey", "orders.o_orderdate", "orders.o_shippriority"],"Planned Partitions": 0,"HashAgg Batches": 1,"Peak Memory Usage": 20497,"Disk Usage": 0,"Plans": [{"Node Type": "Gather","Parent Relationship": "Outer","Parallel Aware": false,"Async Capable": false,"Startup Cost": 5521.08,"Total Cost": 140906.71,"Plan Rows": 311522,"Plan Width": 24,"Actual Startup Time": 33.401,"Actual Total Time": 499.784,"Actual Rows": 30281,"Actual Loops": 1,"Workers Planned": 3,"Workers Launched": 3,"Single Copy": false,"Plans": [{"Node Type": "Nested Loop","Parent Relationship": "Outer","Parallel Aware": false,"Async Capable": false,"Join Type": "Inner","Startup Cost": 4521.08,"Total Cost": 108754.51,"Plan Rows": 100491,"Plan Width": 24,"Actual Startup Time": 26.228,"Actual Total Time": 505.023,"Actual Rows": 7570,"Actual Loops": 4,"Inner Unique": false,"Workers": [],"Plans": [{"Node Type": "Hash Join","Parent Relationship": "Outer","Parallel Aware": true,"Async Capable": false,"Join Type": "Inner","Startup Cost": 4520.65,"Total Cost": 37285.50,"Plan Rows": 46788,"Plan Width": 12,"Actual Startup Time": 25.784,"Actual Total Time": 220.376,"Actual Rows": 36346,"Actual Loops": 4,"Inner Unique": true,"Hash Cond": "(orders.o_custkey = customer.c_custkey)","Workers": [],"Plans": [{"Node Type": "Seq Scan","Parent Relationship": "Outer","Parallel Aware": true,"Async Capable": false,"Relation Name": "orders","Alias": "orders","Startup Cost": 0.00,"Total Cost": 32143.39,"Plan Rows": 236740,"Plan Width": 16,"Actual Startup Time": 0.009,"Actual Total Time": 144.365,"Actual Rows": 182768,"Actual Loops": 4,"Filter": "(o_orderdate < '1995-03-21'::date)","Rows Removed by Filter": 192232,"Workers": []},{"Node Type": "Hash","Parent Relationship": "Inner","Parallel Aware": true,"Async Capable": false,"Startup Cost": 4366.25,"Total Cost": 4366.25,"Plan Rows": 12352,"Plan Width": 4,"Actual Startup Time": 25.325,"Actual Total Time": 25.329,"Actual Rows": 7438,"Actual Loops": 4,"Hash Buckets": 32768,"Original Hash Buckets": 32768,"Hash Batches": 1,"Original Hash Batches": 1,"Peak Memory Usage": 1504,"Workers": [],"Plans": [{"Node Type": "Seq Scan","Parent Relationship": "Outer","Parallel Aware": true,"Async Capable": false,"Relation Name": "customer","Alias": "customer","Startup Cost": 0.00,"Total Cost": 4366.25,"Plan Rows": 12352,"Plan Width": 4,"Actual Startup Time": 0.043,"Actual Total Time": 21.768,"Actual Rows": 7438,"Actual Loops": 4,"Filter": "(c_mktsegment = 'AUTOMOBILE'::bpchar)","Rows Removed by Filter": 30062,"Workers": []}]}]},{"Node Type": "Index Scan","Parent Relationship": "Inner","Parallel Aware": false,"Async Capable": false,"Scan Direction": "Forward","Index Name": "idx_lineitem_orderkey","Relation Name": "lineitem","Alias": "lineitem","Startup Cost": 0.43,"Total Cost": 1.44,"Plan Rows": 9,"Plan Width": 16,"Actual Startup Time": 0.007,"Actual Total Time": 0.008,"Actual Rows": 0,"Actual Loops": 145386,"Index Cond": "(l_orderkey = orders.o_orderkey)","Rows Removed by Index Recheck": 0,"Filter": "(l_shipdate > '1995-03-21'::date)","Rows Removed by Filter": 4,"Workers": []}]}]}]}]},"Planning Time": 6.282,"Triggers": [],"Execution Time": 569.554}]
[{"Plan": {"Node Type": "Sort","Parallel Aware": false,"Async Capable": false,"Startup Cost": 178253.54,"Total Cost": 179032.30,"Plan Rows": 311506,"Plan Width": 44,"Actual Startup Time": 542.990,"Actual Total Time": 552.619,"Actual Rows": 11412,"Actual Loops": 1,"Sort Key": ["(sum((lineitem.l_extendedprice * ('1'::numeric - lineitem.l_discount)))) DESC", "orders.o_orderdate"],"Sort Method": "quicksort","Sort Space Used": 1098,"Sort Space Type": "Memory","Plans": [{"Node Type": "Aggregate","Strategy": "Hashed","Partial Mode": "Simple","Parent Relationship": "Outer","Parallel Aware": false,"Async Capable": false,"Startup Cost": 145936.50,"Total Cost": 149830.33,"Plan Rows": 311506,"Plan Width": 44,"Actual Startup Time": 520.259,"Actual Total Time": 542.586,"Actual Rows": 11412,"Actual Loops": 1,"Group Key": ["lineitem.l_orderkey", "orders.o_orderdate", "orders.o_shippriority"],"Planned Partitions": 0,"HashAgg Batches": 1,"Peak Memory Usage": 20497,"Disk Usage": 0,"Plans": [{"Node Type": "Gather","Parent Relationship": "Outer","Parallel Aware": false,"Async Capable": false,"Startup Cost": 5521.08,"Total Cost": 141263.91,"Plan Rows": 311506,"Plan Width": 24,"Actual Startup Time": 34.718,"Actual Total Time": 493.864,"Actual Rows": 29909,"Actual Loops": 1,"Workers Planned": 3,"Workers Launched": 3,"Single Copy": false,"Plans": [{"Node Type": "Nested Loop","Parent Relationship": "Outer","Parallel Aware": false,"Async Capable": false,"Join Type": "Inner","Startup Cost": 4521.08,"Total Cost": 109113.31,"Plan Rows": 100486,"Plan Width": 24,"Actual Startup Time": 26.864,"Actual Total Time": 502.216,"Actual Rows": 7477,"Actual Loops": 4,"Inner Unique": false,"Workers": [],"Plans": [{"Node Type": "Hash Join","Parent Relationship": "Outer","Parallel Aware": true,"Async Capable": false,"Join Type": "Inner","Startup Cost": 4520.65,"Total Cost": 37290.95,"Plan Rows": 47198,"Plan Width": 12,"Actual Startup Time": 26.201,"Actual Total Time": 219.838,"Actual Rows": 36644,"Actual Loops": 4,"Inner Unique": true,"Hash Cond": "(orders.o_custkey = customer.c_custkey)","Workers": [],"Plans": [{"Node Type": "Seq Scan","Parent Relationship": "Outer","Parallel Aware": true,"Async Capable": false,"Relation Name": "orders","Alias": "orders","Startup Cost": 0.00,"Total Cost": 32143.39,"Plan Rows": 238816,"Plan Width": 16,"Actual Startup Time": 0.013,"Actual Total Time": 141.852,"Actual Rows": 184291,"Actual Loops": 4,"Filter": "(o_orderdate < '1995-03-31'::date)","Rows Removed by Filter": 190709,"Workers": []},{"Node Type": "Hash","Parent Relationship": "Inner","Parallel Aware": true,"Async Capable": false,"Startup Cost": 4366.25,"Total Cost": 4366.25,"Plan Rows": 12352,"Plan Width": 4,"Actual Startup Time": 25.646,"Actual Total Time": 25.652,"Actual Rows": 7438,"Actual Loops": 4,"Hash Buckets": 32768,"Original Hash Buckets": 32768,"Hash Batches": 1,"Original Hash Batches": 1,"Peak Memory Usage": 1472,"Workers": [],"Plans": [{"Node Type": "Seq Scan","Parent Relationship": "Outer","Parallel Aware": true,"Async Capable": false,"Relation Name": "customer","Alias": "customer","Startup Cost": 0.00,"Total Cost": 4366.25,"Plan Rows": 12352,"Plan Width": 4,"Actual Startup Time": 0.044,"Actual Total Time": 21.670,"Actual Rows": 7438,"Actual Loops": 4,"Filter": "(c_mktsegment = 'AUTOMOBILE'::bpchar)","Rows Removed by Filter": 30062,"Workers": []}]}]},{"Node Type": "Index Scan","Parent Relationship": "Inner","Parallel Aware": false,"Async Capable": false,"Scan Direction": "Forward","Index Name": "idx_lineitem_orderkey","Relation Name": "lineitem","Alias": "lineitem","Startup Cost": 0.43,"Total Cost": 1.43,"Plan Rows": 9,"Plan Width": 16,"Actual Startup Time": 0.007,"Actual Total Time": 0.007,"Actual Rows": 0,"Actual Loops": 146577,"Index Cond": "(l_orderkey = orders.o_orderkey)","Rows Removed by Index Recheck": 0,"Filter": "(l_shipdate > '1995-03-31'::date)","Rows Removed by Filter": 4,"Workers": []}]}]}]}]},"Planning Time": 5.431,"Triggers": [],"Execution Time": 565.719}]
[{"Plan": {"Node Type": "Sort","Parallel Aware": false,"Async Capable": false,"Startup Cost": 179874.66,"Total Cost": 180662.90,"Plan Rows": 315298,"Plan Width": 44,"Actual Startup Time": 523.122,"Actual Total Time": 534.243,"Actual Rows": 11368,"Actual Loops": 1,"Sort Key": ["(sum((lineitem.l_extendedprice * ('1'::numeric - lineitem.l_discount)))) DESC", "orders.o_orderdate"],"Sort Method": "quicksort","Sort Space Used": 1095,"Sort Space Type": "Memory","Plans": [{"Node Type": "Aggregate","Strategy": "Hashed","Partial Mode": "Simple","Parent Relationship": "Outer","Parallel Aware": false,"Async Capable": false,"Startup Cost": 147136.70,"Total Cost": 151077.93,"Plan Rows": 315298,"Plan Width": 44,"Actual Startup Time": 500.257,"Actual Total Time": 526.763,"Actual Rows": 11368,"Actual Loops": 1,"Group Key": ["lineitem.l_orderkey", "orders.o_orderdate", "orders.o_shippriority"],"Planned Partitions": 0,"HashAgg Batches": 1,"Peak Memory Usage": 20497,"Disk Usage": 0,"Plans": [{"Node Type": "Gather","Parent Relationship": "Outer","Parallel Aware": false,"Async Capable": false,"Startup Cost": 5522.96,"Total Cost": 142407.23,"Plan Rows": 315298,"Plan Width": 24,"Actual Startup Time": 30.850,"Actual Total Time": 480.538,"Actual Rows": 30122,"Actual Loops": 1,"Workers Planned": 3,"Workers Launched": 3,"Single Copy": false,"Plans": [{"Node Type": "Nested Loop","Parent Relationship": "Outer","Parallel Aware": false,"Async Capable": false,"Join Type": "Inner","Startup Cost": 4522.96,"Total Cost": 109877.43,"Plan Rows": 101709,"Plan Width": 24,"Actual Startup Time": 23.598,"Actual Total Time": 483.416,"Actual Rows": 7530,"Actual Loops": 4,"Inner Unique": false,"Workers": [],"Plans": [{"Node Type": "Hash Join","Parent Relationship": "Outer","Parallel Aware": true,"Async Capable": false,"Join Type": "Inner","Startup Cost": 4522.52,"Total Cost": 37291.19,"Plan Rows": 47646,"Plan Width": 12,"Actual Startup Time": 23.474,"Actual Total Time": 206.199,"Actual Rows": 36692,"Actual Loops": 4,"Inner Unique": true,"Hash Cond": "(orders.o_custkey = customer.c_custkey)","Workers": [],"Plans": [{"Node Type": "Seq Scan","Parent Relationship": "Outer","Parallel Aware": true,"Async Capable": false,"Relation Name": "orders","Alias": "orders","Startup Cost": 0.00,"Total Cost": 32143.39,"Plan Rows": 238193,"Plan Width": 16,"Actual Startup Time": 0.012,"Actual Total Time": 137.114,"Actual Rows": 183845,"Actual Loops": 4,"Filter": "(o_orderdate < '1995-03-28'::date)","Rows Removed by Filter": 191155,"Workers": []},{"Node Type": "Hash","Parent Relationship": "Inner","Parallel Aware": true,"Async Capable": false,"Startup Cost": 4366.25,"Total Cost": 4366.25,"Plan Rows": 12502,"Plan Width": 4,"Actual Startup Time": 23.007,"Actual Total Time": 23.012,"Actual Rows": 7547,"Actual Loops": 4,"Hash Buckets": 32768,"Original Hash Buckets": 32768,"Hash Batches": 1,"Original Hash Batches": 1,"Peak Memory Usage": 1504,"Workers": [],"Plans": [{"Node Type": "Seq Scan","Parent Relationship": "Outer","Parallel Aware": true,"Async Capable": false,"Relation Name": "customer","Alias": "customer","Startup Cost": 0.00,"Total Cost": 4366.25,"Plan Rows": 12502,"Plan Width": 4,"Actual Startup Time": 0.035,"Actual Total Time": 19.918,"Actual Rows": 7547,"Actual Loops": 4,"Filter": "(c_mktsegment = 'HOUSEHOLD'::bpchar)","Rows Removed by Filter": 29953,"Workers": []}]}]},{"Node Type": "Index Scan","Parent Relationship": "Inner","Parallel Aware": false,"Async Capable": false,"Scan Direction": "Forward","Index Name": "idx_lineitem_orderkey","Relation Name": "lineitem","Alias": "lineitem","Startup Cost": 0.43,"Total Cost": 1.43,"Plan Rows": 9,"Plan Width": 16,"Actual Startup Time": 0.007,"Actual Total Time": 0.007,"Actual Rows": 0,"Actual Loops": 146767,"Index Cond": "(l_orderkey = orders.o_orderkey)","Rows Removed by Index Recheck": 0,"Filter": "(l_shipdate > '1995-03-28'::date)","Rows Removed by Filter": 4,"Workers": []}]}]}]}]},"Planning Time": 5.278,"Triggers": [],"Execution Time": 548.807}]
[{"Plan": {"Node Type": "Sort","Parallel Aware": false,"Async Capable": false,"Startup Cost": 177805.71,"Total Cost": 178586.48,"Plan Rows": 312307,"Plan Width": 44,"Actual Startup Time": 532.813,"Actual Total Time": 543.394,"Actual Rows": 11609,"Actual Loops": 1,"Sort Key": ["(sum((lineitem.l_extendedprice * ('1'::numeric - lineitem.l_discount)))) DESC", "orders.o_orderdate"],"Sort Method": "quicksort","Sort Space Used": 1110,"Sort Space Type": "Memory","Plans": [{"Node Type": "Aggregate","Strategy": "Hashed","Partial Mode": "Simple","Parent Relationship": "Outer","Parallel Aware": false,"Async Capable": false,"Startup Cost": 145399.79,"Total Cost": 149303.63,"Plan Rows": 312307,"Plan Width": 44,"Actual Startup Time": 510.755,"Actual Total Time": 534.912,"Actual Rows": 11609,"Actual Loops": 1,"Group Key": ["lineitem.l_orderkey", "orders.o_orderdate", "orders.o_shippriority"],"Planned Partitions": 0,"HashAgg Batches": 1,"Peak Memory Usage": 20497,"Disk Usage": 0,"Plans": [{"Node Type": "Gather","Parent Relationship": "Outer","Parallel Aware": false,"Async Capable": false,"Startup Cost": 5521.58,"Total Cost": 140715.19,"Plan Rows": 312307,"Plan Width": 24,"Actual Startup Time": 32.128,"Actual Total Time": 489.531,"Actual Rows": 30497,"Actual Loops": 1,"Workers Planned": 3,"Workers Launched": 3,"Single Copy": false,"Plans": [{"Node Type": "Nested Loop","Parent Relationship": "Outer","Parallel Aware": false,"Async Capable": false,"Join Type": "Inner","Startup Cost": 4521.58,"Total Cost": 108484.49,"Plan Rows": 100744,"Plan Width": 24,"Actual Startup Time": 25.116,"Actual Total Time": 494.240,"Actual Rows": 7624,"Actual Loops": 4,"Inner Unique": false,"Workers": [],"Plans": [{"Node Type": "Hash Join","Parent Relationship": "Outer","Parallel Aware": true,"Async Capable": false,"Join Type": "Inner","Startup Cost": 4521.15,"Total Cost": 37278.46,"Plan Rows": 46368,"Plan Width": 12,"Actual Startup Time": 24.906,"Actual Total Time": 212.482,"Actual Rows": 36546,"Actual Loops": 4,"Inner Unique": true,"Hash Cond": "(orders.o_custkey = customer.c_custkey)","Workers": [],"Plans": [{"Node Type": "Seq Scan","Parent Relationship": "Outer","Parallel Aware": true,"Async Capable": false,"Relation Name": "orders","Alias": "orders","Startup Cost": 0.00,"Total Cost": 32143.39,"Plan Rows": 233868,"Plan Width": 16,"Actual Startup Time": 0.017,"Actual Total Time": 141.483,"Actual Rows": 180728,"Actual Loops": 4,"Filter": "(o_orderdate < '1995-03-08'::date)","Rows Removed by Filter": 194272,"Workers": []},{"Node Type": "Hash","Parent Relationship": "Inner","Parallel Aware": true,"Async Capable": false,"Startup Cost": 4366.25,"Total Cost": 4366.25,"Plan Rows": 12392,"Plan Width": 4,"Actual Startup Time": 24.426,"Actual Total Time": 24.431,"Actual Rows": 7536,"Actual Loops": 4,"Hash Buckets": 32768,"Original Hash Buckets": 32768,"Hash Batches": 1,"Original Hash Batches": 1,"Peak Memory Usage": 1536,"Workers": [],"Plans": [{"Node Type": "Seq Scan","Parent Relationship": "Outer","Parallel Aware": true,"Async Capable": false,"Relation Name": "customer","Alias": "customer","Startup Cost": 0.00,"Total Cost": 4366.25,"Plan Rows": 12392,"Plan Width": 4,"Actual Startup Time": 0.030,"Actual Total Time": 20.986,"Actual Rows": 7536,"Actual Loops": 4,"Filter": "(c_mktsegment = 'BUILDING'::bpchar)","Rows Removed by Filter": 29964,"Workers": []}]}]},{"Node Type": "Index Scan","Parent Relationship": "Inner","Parallel Aware": false,"Async Capable": false,"Scan Direction": "Forward","Index Name": "idx_lineitem_orderkey","Relation Name": "lineitem","Alias": "lineitem","Startup Cost": 0.43,"Total Cost": 1.45,"Plan Rows": 9,"Plan Width": 16,"Actual Startup Time": 0.007,"Actual Total Time": 0.007,"Actual Rows": 0,"Actual Loops": 146183,"Index Cond": "(l_orderkey = orders.o_orderkey)","Rows Removed by Index Recheck": 0,"Filter": "(l_shipdate > '1995-03-08'::date)","Rows Removed by Filter": 4,"Workers": []}]}]}]}]},"Planning Time": 6.176,"Triggers": [],"Execution Time": 556.933}]
[{"Plan": {"Node Type": "Sort","Parallel Aware": false,"Async Capable": false,"Startup Cost": 178172.84,"Total Cost": 178954.38,"Plan Rows": 312617,"Plan Width": 44,"Actual Startup Time": 541.562,"Actual Total Time": 552.229,"Actual Rows": 11620,"Actual Loops": 1,"Sort Key": ["(sum((lineitem.l_extendedprice * ('1'::numeric - lineitem.l_discount)))) DESC", "orders.o_orderdate"],"Sort Method": "quicksort","Sort Space Used": 1111,"Sort Space Type": "Memory","Plans": [{"Node Type": "Aggregate","Strategy": "Hashed","Partial Mode": "Simple","Parent Relationship": "Outer","Parallel Aware": false,"Async Capable": false,"Startup Cost": 145732.52,"Total Cost": 149640.23,"Plan Rows": 312617,"Plan Width": 44,"Actual Startup Time": 518.746,"Actual Total Time": 543.987,"Actual Rows": 11620,"Actual Loops": 1,"Group Key": ["lineitem.l_orderkey", "orders.o_orderdate", "orders.o_shippriority"],"Planned Partitions": 0,"HashAgg Batches": 1,"Peak Memory Usage": 20497,"Disk Usage": 0,"Plans": [{"Node Type": "Gather","Parent Relationship": "Outer","Parallel Aware": false,"Async Capable": false,"Startup Cost": 5521.58,"Total Cost": 141043.26,"Plan Rows": 312617,"Plan Width": 24,"Actual Startup Time": 34.082,"Actual Total Time": 497.569,"Actual Rows": 30519,"Actual Loops": 1,"Workers Planned": 3,"Workers Launched": 3,"Single Copy": false,"Plans": [{"Node Type": "Nested Loop","Parent Relationship": "Outer","Parallel Aware": false,"Async Capable": false,"Join Type": "Inner","Startup Cost": 4521.58,"Total Cost": 108781.56,"Plan Rows": 100844,"Plan Width": 24,"Actual Startup Time": 26.771,"Actual Total Time": 501.818,"Actual Rows": 7630,"Actual Loops": 4,"Inner Unique": false,"Workers": [],"Plans": [{"Node Type": "Hash Join","Parent Relationship": "Outer","Parallel Aware": true,"Async Capable": false,"Join Type": "Inner","Startup Cost": 4521.15,"Total Cost": 37282.95,"Plan Rows": 46707,"Plan Width": 12,"Actual Startup Time": 26.580,"Actual Total Time": 220.153,"Actual Rows": 36782,"Actual Loops": 4,"Inner Unique": true,"Hash Cond": "(orders.o_custkey = customer.c_custkey)","Workers": [],"Plans": [{"Node Type": "Seq Scan","Parent Relationship": "Outer","Parallel Aware": true,"Async Capable": false,"Relation Name": "orders","Alias": "orders","Startup Cost": 0.00,"Total Cost": 32143.39,"Plan Rows": 235577,"Plan Width": 16,"Actual Startup Time": 0.018,"Actual Total Time": 142.977,"Actual Rows": 181826,"Actual Loops": 4,"Filter": "(o_orderdate < '1995-03-15'::date)","Rows Removed by Filter": 193174,"Workers": []},{"Node Type": "Hash","Parent Relationship": "Inner","Parallel Aware": true,"Async Capable": false,"Startup Cost": 4366.25,"Total Cost": 4366.25,"Plan Rows": 12392,"Plan Width": 4,"Actual Startup Time": 26.079,"Actual Total Time": 26.085,"Actual Rows": 7536,"Actual Loops": 4,"Hash Buckets": 32768,"Original Hash Buckets": 32768,"Hash Batches": 1,"Original Hash Batches": 1,"Peak Memory Usage": 1504,"Workers": [],"Plans": [{"Node Type": "Seq Scan","Parent Relationship": "Outer","Parallel Aware": true,"Async Capable": false,"Relation Name": "customer","Alias": "customer","Startup Cost": 0.00,"Total Cost": 4366.25,"Plan Rows": 12392,"Plan Width": 4,"Actual Startup Time": 0.033,"Actual Total Time": 22.811,"Actual Rows": 7536,"Actual Loops": 4,"Filter": "(c_mktsegment = 'BUILDING'::bpchar)","Rows Removed by Filter": 29964,"Workers": []}]}]},{"Node Type": "Index Scan","Parent Relationship": "Inner","Parallel Aware": false,"Async Capable": false,"Scan Direction": "Forward","Index Name": "idx_lineitem_orderkey","Relation Name": "lineitem","Alias": "lineitem","Startup Cost": 0.43,"Total Cost": 1.44,"Plan Rows": 9,"Plan Width": 16,"Actual Startup Time": 0.007,"Actual Total Time": 0.007,"Actual Rows": 0,"Actual Loops": 147126,"Index Cond": "(l_orderkey = orders.o_orderkey)","Rows Removed by Index Recheck": 0,"Filter": "(l_shipdate > '1995-03-15'::date)","Rows Removed by Filter": 4,"Workers": []}]}]}]}]},"Planning Time": 6.821,"Triggers": [],"Execution Time": 565.369}]
[{"Plan": {"Node Type": "Sort","Parallel Aware": false,"Async Capable": false,"Startup Cost": 182408.10,"Total Cost": 183212.89,"Plan Rows": 321918,"Plan Width": 44,"Actual Startup Time": 514.491,"Actual Total Time": 524.768,"Actual Rows": 11402,"Actual Loops": 1,"Sort Key": ["(sum((lineitem.l_extendedprice * ('1'::numeric - lineitem.l_discount)))) DESC", "orders.o_orderdate"],"Sort Method": "quicksort","Sort Space Used": 1097,"Sort Space Type": "Memory","Plans": [{"Node Type": "Aggregate","Strategy": "Hashed","Partial Mode": "Simple","Parent Relationship": "Outer","Parallel Aware": false,"Async Capable": false,"Startup Cost": 148934.53,"Total Cost": 152958.50,"Plan Rows": 321918,"Plan Width": 44,"Actual Startup Time": 492.432,"Actual Total Time": 517.737,"Actual Rows": 11402,"Actual Loops": 1,"Group Key": ["lineitem.l_orderkey", "orders.o_orderdate", "orders.o_shippriority"],"Planned Partitions": 0,"HashAgg Batches": 1,"Peak Memory Usage": 20497,"Disk Usage": 0,"Plans": [{"Node Type": "Gather","Parent Relationship": "Outer","Parallel Aware": false,"Async Capable": false,"Startup Cost": 5526.18,"Total Cost": 144105.76,"Plan Rows": 321918,"Plan Width": 24,"Actual Startup Time": 29.892,"Actual Total Time": 472.295,"Actual Rows": 30264,"Actual Loops": 1,"Workers Planned": 3,"Workers Launched": 3,"Single Copy": false,"Plans": [{"Node Type": "Nested Loop","Parent Relationship": "Outer","Parallel Aware": false,"Async Capable": false,"Join Type": "Inner","Startup Cost": 4526.18,"Total Cost": 110913.96,"Plan Rows": 103845,"Plan Width": 24,"Actual Startup Time": 22.810,"Actual Total Time": 476.203,"Actual Rows": 7566,"Actual Loops": 4,"Inner Unique": false,"Workers": [],"Plans": [{"Node Type": "Hash Join","Parent Relationship": "Outer","Parallel Aware": true,"Async Capable": false,"Join Type": "Inner","Startup Cost": 4525.75,"Total Cost": 37287.55,"Plan Rows": 48097,"Plan Width": 12,"Actual Startup Time": 22.588,"Actual Total Time": 202.520,"Actual Rows": 36284,"Actual Loops": 4,"Inner Unique": true,"Hash Cond": "(orders.o_custkey = customer.c_custkey)","Workers": [],"Plans": [{"Node Type": "Seq Scan","Parent Relationship": "Outer","Parallel Aware": true,"Async Capable": false,"Relation Name": "orders","Alias": "orders","Startup Cost": 0.00,"Total Cost": 32143.39,"Plan Rows": 235577,"Plan Width": 16,"Actual Startup Time": 0.015,"Actual Total Time": 134.414,"Actual Rows": 181826,"Actual Loops": 4,"Filter": "(o_orderdate < '1995-03-15'::date)","Rows Removed by Filter": 193174,"Workers": []},{"Node Type": "Hash","Parent Relationship": "Inner","Parallel Aware": true,"Async Capable": false,"Startup Cost": 4366.25,"Total Cost": 4366.25,"Plan Rows": 12760,"Plan Width": 4,"Actual Startup Time": 22.181,"Actual Total Time": 22.186,"Actual Rows": 7492,"Actual Loops": 4,"Hash Buckets": 32768,"Original Hash Buckets": 32768,"Hash Batches": 1,"Original Hash Batches": 1,"Peak Memory Usage": 1504,"Workers": [],"Plans": [{"Node Type": "Seq Scan","Parent Relationship": "Outer","Parallel Aware": true,"Async Capable": false,"Relation Name": "customer","Alias": "customer","Startup Cost": 0.00,"Total Cost": 4366.25,"Plan Rows": 12760,"Plan Width": 4,"Actual Startup Time": 0.034,"Actual Total Time": 19.162,"Actual Rows": 7492,"Actual Loops": 4,"Filter": "(c_mktsegment = 'FURNITURE'::bpchar)","Rows Removed by Filter": 30008,"Workers": []}]}]},{"Node Type": "Index Scan","Parent Relationship": "Inner","Parallel Aware": false,"Async Capable": false,"Scan Direction": "Forward","Index Name": "idx_lineitem_orderkey","Relation Name": "lineitem","Alias": "lineitem","Startup Cost": 0.43,"Total Cost": 1.44,"Plan Rows": 9,"Plan Width": 16,"Actual Startup Time": 0.007,"Actual Total Time": 0.007,"Actual Rows": 0,"Actual Loops": 145134,"Index Cond": "(l_orderkey = orders.o_orderkey)","Rows Removed by Index Recheck": 0,"Filter": "(l_shipdate > '1995-03-15'::date)","Rows Removed by Filter": 4,"Workers": []}]}]}]}]},"Planning Time": 6.237,"Triggers": [],"Execution Time": 538.090}]
[{"Plan": {"Node Type": "Sort","Parallel Aware": false,"Async Capable": false,"Startup Cost": 179490.12,"Total Cost": 180277.85,"Plan Rows": 315092,"Plan Width": 44,"Actual Startup Time": 539.170,"Actual Total Time": 550.725,"Actual Rows": 11255,"Actual Loops": 1,"Sort Key": ["(sum((lineitem.l_extendedprice * ('1'::numeric - lineitem.l_discount)))) DESC", "orders.o_orderdate"],"Sort Method": "quicksort","Sort Space Used": 1088,"Sort Space Type": "Memory","Plans": [{"Node Type": "Aggregate","Strategy": "Hashed","Partial Mode": "Simple","Parent Relationship": "Outer","Parallel Aware": false,"Async Capable": false,"Startup Cost": 146775.04,"Total Cost": 150713.69,"Plan Rows": 315092,"Plan Width": 44,"Actual Startup Time": 516.544,"Actual Total Time": 542.577,"Actual Rows": 11255,"Actual Loops": 1,"Group Key": ["lineitem.l_orderkey", "orders.o_orderdate", "orders.o_shippriority"],"Planned Partitions": 0,"HashAgg Batches": 1,"Peak Memory Usage": 20497,"Disk Usage": 0,"Plans": [{"Node Type": "Gather","Parent Relationship": "Outer","Parallel Aware": false,"Async Capable": false,"Startup Cost": 5522.86,"Total Cost": 142048.66,"Plan Rows": 315092,"Plan Width": 24,"Actual Startup Time": 32.135,"Actual Total Time": 494.666,"Actual Rows": 29699,"Actual Loops": 1,"Workers Planned": 3,"Workers Launched": 3,"Single Copy": false,"Plans": [{"Node Type": "Nested Loop","Parent Relationship": "Outer","Parallel Aware": false,"Async Capable": false,"Join Type": "Inner","Startup Cost": 4522.86,"Total Cost": 109539.46,"Plan Rows": 101643,"Plan Width": 24,"Actual Startup Time": 25.089,"Actual Total Time": 498.862,"Actual Rows": 7425,"Actual Loops": 4,"Inner Unique": false,"Workers": [],"Plans": [{"Node Type": "Hash Join","Parent Relationship": "Outer","Parallel Aware": true,"Async Capable": false,"Join Type": "Inner","Startup Cost": 4522.43,"Total Cost": 37286.73,"Plan Rows": 47283,"Plan Width": 12,"Actual Startup Time": 24.777,"Actual Total Time": 218.334,"Actual Rows": 36457,"Actual Loops": 4,"Inner Unique": true,"Hash Cond": "(orders.o_custkey = customer.c_custkey)","Workers": [],"Plans": [{"Node Type": "Seq Scan","Parent Relationship": "Outer","Parallel Aware": true,"Async Capable": false,"Relation Name": "orders","Alias": "orders","Startup Cost": 0.00,"Total Cost": 32143.39,"Plan Rows": 236532,"Plan Width": 16,"Actual Startup Time": 0.018,"Actual Total Time": 141.873,"Actual Rows": 182617,"Actual Loops": 4,"Filter": "(o_orderdate < '1995-03-20'::date)","Rows Removed by Filter": 192383,"Workers": []},{"Node Type": "Hash","Parent Relationship": "Inner","Parallel Aware": true,"Async Capable": false,"Startup Cost": 4366.25,"Total Cost": 4366.25,"Plan Rows": 12494,"Plan Width": 4,"Actual Startup Time": 24.388,"Actual Total Time": 24.395,"Actual Rows": 7487,"Actual Loops": 4,"Hash Buckets": 32768,"Original Hash Buckets": 32768,"Hash Batches": 1,"Original Hash Batches": 1,"Peak Memory Usage": 1504,"Workers": [],"Plans": [{"Node Type": "Seq Scan","Parent Relationship": "Outer","Parallel Aware": true,"Async Capable": false,"Relation Name": "customer","Alias": "customer","Startup Cost": 0.00,"Total Cost": 4366.25,"Plan Rows": 12494,"Plan Width": 4,"Actual Startup Time": 0.039,"Actual Total Time": 20.722,"Actual Rows": 7487,"Actual Loops": 4,"Filter": "(c_mktsegment = 'MACHINERY'::bpchar)","Rows Removed by Filter": 30013,"Workers": []}]}]},{"Node Type": "Index Scan","Parent Relationship": "Inner","Parallel Aware": false,"Async Capable": false,"Scan Direction": "Forward","Index Name": "idx_lineitem_orderkey","Relation Name": "lineitem","Alias": "lineitem","Startup Cost": 0.43,"Total Cost": 1.44,"Plan Rows": 9,"Plan Width": 16,"Actual Startup Time": 0.007,"Actual Total Time": 0.007,"Actual Rows": 0,"Actual Loops": 145829,"Index Cond": "(l_orderkey = orders.o_orderkey)","Rows Removed by Index Recheck": 0,"Filter": "(l_shipdate > '1995-03-20'::date)","Rows Removed by Filter": 4,"Workers": []}]}]}]}]},"Planning Time": 6.733,"Triggers": [],"Execution Time": 563.008}]
[{"Plan": {"Node Type": "Sort","Parallel Aware": false,"Async Capable": false,"Startup Cost": 177217.26,"Total Cost": 177995.87,"Plan Rows": 311444,"Plan Width": 44,"Actual Startup Time": 540.609,"Actual Total Time": 551.150,"Actual Rows": 11410,"Actual Loops": 1,"Sort Key": ["(sum((lineitem.l_extendedprice * ('1'::numeric - lineitem.l_discount)))) DESC", "orders.o_orderdate"],"Sort Method": "quicksort","Sort Space Used": 1098,"Sort Space Type": "Memory","Plans": [{"Node Type": "Aggregate","Strategy": "Hashed","Partial Mode": "Simple","Parent Relationship": "Outer","Parallel Aware": false,"Async Capable": false,"Startup Cost": 144907.11,"Total Cost": 148800.16,"Plan Rows": 311444,"Plan Width": 44,"Actual Startup Time": 517.367,"Actual Total Time": 543.172,"Actual Rows": 11410,"Actual Loops": 1,"Group Key": ["lineitem.l_orderkey", "orders.o_orderdate", "orders.o_shippriority"],"Planned Partitions": 0,"HashAgg Batches": 1,"Peak Memory Usage": 20497,"Disk Usage": 0,"Plans": [{"Node Type": "Gather","Parent Relationship": "Outer","Parallel Aware": false,"Async Capable": false,"Startup Cost": 5521.08,"Total Cost": 140235.45,"Plan Rows": 311444,"Plan Width": 24,"Actual Startup Time": 35.496,"Actual Total Time": 494.561,"Actual Rows": 30219,"Actual Loops": 1,"Workers Planned": 3,"Workers Launched": 3,"Single Copy": false,"Plans": [{"Node Type": "Nested Loop","Parent Relationship": "Outer","Parallel Aware": false,"Async Capable": false,"Join Type": "Inner","Startup Cost": 4521.08,"Total Cost": 108091.05,"Plan Rows": 100466,"Plan Width": 24,"Actual Startup Time": 27.661,"Actual Total Time": 499.589,"Actual Rows": 7555,"Actual Loops": 4,"Inner Unique": false,"Workers": [],"Plans": [{"Node Type": "Hash Join","Parent Relationship": "Outer","Parallel Aware": true,"Async Capable": false,"Join Type": "Inner","Startup Cost": 4520.65,"Total Cost": 37275.46,"Plan Rows": 46031,"Plan Width": 12,"Actual Startup Time": 27.173,"Actual Total Time": 219.762,"Actual Rows": 35785,"Actual Loops": 4,"Inner Unique": true,"Hash Cond": "(orders.o_custkey = customer.c_custkey)","Workers": [],"Plans": [{"Node Type": "Seq Scan","Parent Relationship": "Outer","Parallel Aware": true,"Async Capable": false,"Relation Name": "orders","Alias": "orders","Startup Cost": 0.00,"Total Cost": 32143.39,"Plan Rows": 232913,"Plan Width": 16,"Actual Startup Time": 0.017,"Actual Total Time": 141.091,"Actual Rows": 179945,"Actual Loops": 4,"Filter": "(o_orderdate < '1995-03-03'::date)","Rows Removed by Filter": 195055,"Workers": []},{"Node Type": "Hash","Parent Relationship": "Inner","Parallel Aware": true,"Async Capable": false,"Startup Cost": 4366.25,"Total Cost": 4366.25,"Plan Rows": 12352,"Plan Width": 4,"Actual Startup Time": 26.711,"Actual Total Time": 26.716,"Actual Rows": 7438,"Actual Loops": 4,"Hash Buckets": 32768,"Original Hash Buckets": 32768,"Hash Batches": 1,"Original Hash Batches": 1,"Peak Memory Usage": 1504,"Workers": [],"Plans": [{"Node Type": "Seq Scan","Parent Relationship": "Outer","Parallel Aware": true,"Async Capable": false,"Relation Name": "customer","Alias": "customer","Startup Cost": 0.00,"Total Cost": 4366.25,"Plan Rows": 12352,"Plan Width": 4,"Actual Startup Time": 0.047,"Actual Total Time": 22.756,"Actual Rows": 7438,"Actual Loops": 4,"Filter": "(c_mktsegment = 'AUTOMOBILE'::bpchar)","Rows Removed by Filter": 30062,"Workers": []}]}]},{"Node Type": "Index Scan","Parent Relationship": "Inner","Parallel Aware": false,"Async Capable": false,"Scan Direction": "Forward","Index Name": "idx_lineitem_orderkey","Relation Name": "lineitem","Alias": "lineitem","Startup Cost": 0.43,"Total Cost": 1.45,"Plan Rows": 9,"Plan Width": 16,"Actual Startup Time": 0.007,"Actual Total Time": 0.008,"Actual Rows": 0,"Actual Loops": 143141,"Index Cond": "(l_orderkey = orders.o_orderkey)","Rows Removed by Index Recheck": 0,"Filter": "(l_shipdate > '1995-03-03'::date)","Rows Removed by Filter": 4,"Workers": []}]}]}]}]},"Planning Time": 6.477,"Triggers": [],"Execution Time": 563.418}]
[{"Plan": {"Node Type": "Sort","Parallel Aware": false,"Async Capable": false,"Startup Cost": 177698.45,"Total Cost": 178479.49,"Plan Rows": 312416,"Plan Width": 44,"Actual Startup Time": 534.676,"Actual Total Time": 543.773,"Actual Rows": 11612,"Actual Loops": 1,"Sort Key": ["(sum((lineitem.l_extendedprice * ('1'::numeric - lineitem.l_discount)))) DESC", "orders.o_orderdate"],"Sort Method": "quicksort","Sort Space Used": 1110,"Sort Space Type": "Memory","Plans": [{"Node Type": "Aggregate","Strategy": "Hashed","Partial Mode": "Simple","Parent Relationship": "Outer","Parallel Aware": false,"Async Capable": false,"Startup Cost": 145280.43,"Total Cost": 149185.63,"Plan Rows": 312416,"Plan Width": 44,"Actual Startup Time": 511.356,"Actual Total Time": 535.507,"Actual Rows": 11612,"Actual Loops": 1,"Group Key": ["lineitem.l_orderkey", "orders.o_orderdate", "orders.o_shippriority"],"Planned Partitions": 0,"HashAgg Batches": 1,"Peak Memory Usage": 20497,"Disk Usage": 0,"Plans": [{"Node Type": "Gather","Parent Relationship": "Outer","Parallel Aware": false,"Async Capable": false,"Startup Cost": 5521.58,"Total Cost": 140594.19,"Plan Rows": 312416,"Plan Width": 24,"Actual Startup Time": 33.151,"Actual Total Time": 485.801,"Actual Rows": 30511,"Actual Loops": 1,"Workers Planned": 3,"Workers Launched": 3,"Single Copy": false,"Plans": [{"Node Type": "Nested Loop","Parent Relationship": "Outer","Parallel Aware": false,"Async Capable": false,"Join Type": "Inner","Startup Cost": 4521.58,"Total Cost": 108352.59,"Plan Rows": 100779,"Plan Width": 24,"Actual Startup Time": 26.258,"Actual Total Time": 494.108,"Actual Rows": 7628,"Actual Loops": 4,"Inner Unique": false,"Workers": [],"Plans": [{"Node Type": "Hash Join","Parent Relationship": "Outer","Parallel Aware": true,"Async Capable": false,"Join Type": "Inner","Startup Cost": 4521.15,"Total Cost": 37276.46,"Plan Rows": 46217,"Plan Width": 12,"Actual Startup Time": 26.035,"Actual Total Time": 217.659,"Actual Rows": 36420,"Actual Loops": 4,"Inner Unique": true,"Hash Cond": "(orders.o_custkey = customer.c_custkey)","Workers": [],"Plans": [{"Node Type": "Seq Scan","Parent Relationship": "Outer","Parallel Aware": true,"Async Capable": false,"Relation Name": "orders","Alias": "orders","Startup Cost": 0.00,"Total Cost": 32143.39,"Plan Rows": 233104,"Plan Width": 16,"Actual Startup Time": 0.017,"Actual Total Time": 138.636,"Actual Rows": 180099,"Actual Loops": 4,"Filter": "(o_orderdate < '1995-03-04'::date)","Rows Removed by Filter": 194901,"Workers": []},{"Node Type": "Hash","Parent Relationship": "Inner","Parallel Aware": true,"Async Capable": false,"Startup Cost": 4366.25,"Total Cost": 4366.25,"Plan Rows": 12392,"Plan Width": 4,"Actual Startup Time": 25.592,"Actual Total Time": 25.595,"Actual Rows": 7536,"Actual Loops": 4,"Hash Buckets": 32768,"Original Hash Buckets": 32768,"Hash Batches": 1,"Original Hash Batches": 1,"Peak Memory Usage": 1504,"Workers": [],"Plans": [{"Node Type": "Seq Scan","Parent Relationship": "Outer","Parallel Aware": true,"Async Capable": false,"Relation Name": "customer","Alias": "customer","Startup Cost": 0.00,"Total Cost": 4366.25,"Plan Rows": 12392,"Plan Width": 4,"Actual Startup Time": 0.038,"Actual Total Time": 21.892,"Actual Rows": 7536,"Actual Loops": 4,"Filter": "(c_mktsegment = 'BUILDING'::bpchar)","Rows Removed by Filter": 29964,"Workers": []}]}]},{"Node Type": "Index Scan","Parent Relationship": "Inner","Parallel Aware": false,"Async Capable": false,"Scan Direction": "Forward","Index Name": "idx_lineitem_orderkey","Relation Name": "lineitem","Alias": "lineitem","Startup Cost": 0.43,"Total Cost": 1.45,"Plan Rows": 9,"Plan Width": 16,"Actual Startup Time": 0.007,"Actual Total Time": 0.007,"Actual Rows": 0,"Actual Loops": 145678,"Index Cond": "(l_orderkey = orders.o_orderkey)","Rows Removed by Index Recheck": 0,"Filter": "(l_shipdate > '1995-03-04'::date)","Rows Removed by Filter": 4,"Workers": []}]}]}]}]},"Planning Time": 5.942,"Triggers": [],"Execution Time": 556.342}]
[{"Plan": {"Node Type": "Sort","Parallel Aware": false,"Async Capable": false,"Startup Cost": 177698.45,"Total Cost": 178479.49,"Plan Rows": 312416,"Plan Width": 44,"Actual Startup Time": 534.676,"Actual Total Time": 543.773,"Actual Rows": 11612,"Actual Loops": 1,"Sort Key": ["(sum((lineitem.l_extendedprice * ('1'::numeric - lineitem.l_discount)))) DESC", "orders.o_orderdate"],"Sort Method": "quicksort","Sort Space Used": 1110,"Sort Space Type": "Memory","Plans": [{"Node Type": "Aggregate","Strategy": "Hashed","Partial Mode": "Simple","Parent Relationship": "Outer","Parallel Aware": false,"Async Capable": false,"Startup Cost": 145280.43,"Total Cost": 149185.63,"Plan Rows": 312416,"Plan Width": 44,"Actual Startup Time": 511.356,"Actual Total Time": 535.507,"Actual Rows": 11612,"Actual Loops": 1,"Group Key": ["lineitem.l_orderkey", "orders.o_orderdate", "orders.o_shippriority"],"Planned Partitions": 0,"HashAgg Batches": 1,"Peak Memory Usage": 20497,"Disk Usage": 0,"Plans": [{"Node Type": "Gather","Parent Relationship": "Outer","Parallel Aware": false,"Async Capable": false,"Startup Cost": 5521.58,"Total Cost": 140594.19,"Plan Rows": 312416,"Plan Width": 24,"Actual Startup Time": 33.151,"Actual Total Time": 485.801,"Actual Rows": 30511,"Actual Loops": 1,"Workers Planned": 3,"Workers Launched": 3,"Single Copy": false,"Plans": [{"Node Type": "Nested Loop","Parent Relationship": "Outer","Parallel Aware": false,"Async Capable": false,"Join Type": "Inner","Startup Cost": 4521.58,"Total Cost": 108352.59,"Plan Rows": 100779,"Plan Width": 24,"Actual Startup Time": 26.258,"Actual Total Time": 494.108,"Actual Rows": 7628,"Actual Loops": 4,"Inner Unique": false,"Workers": [],"Plans": [{"Node Type": "Hash Join","Parent Relationship": "Outer","Parallel Aware": true,"Async Capable": false,"Join Type": "Inner","Startup Cost": 4521.15,"Total Cost": 37276.46,"Plan Rows": 46217,"Plan Width": 12,"Actual Startup Time": 26.035,"Actual Total Time": 217.659,"Actual Rows": 36420,"Actual Loops": 4,"Inner Unique": true,"Hash Cond": "(orders.o_custkey = customer.c_custkey)","Workers": [],"Plans": [{"Node Type": "Seq Scan","Parent Relationship": "Outer","Parallel Aware": true,"Async Capable": false,"Relation Name": "orders","Alias": "orders","Startup Cost": 0.00,"Total Cost": 32143.39,"Plan Rows": 233104,"Plan Width": 16,"Actual Startup Time": 0.017,"Actual Total Time": 138.636,"Actual Rows": 180099,"Actual Loops": 4,"Filter": "(o_orderdate < '1995-03-04'::date)","Rows Removed by Filter": 194901,"Workers": []},{"Node Type": "Hash","Parent Relationship": "Inner","Parallel Aware": true,"Async Capable": false,"Startup Cost": 4366.25,"Total Cost": 4366.25,"Plan Rows": 12392,"Plan Width": 4,"Actual Startup Time": 25.592,"Actual Total Time": 25.595,"Actual Rows": 7536,"Actual Loops": 4,"Hash Buckets": 32768,"Original Hash Buckets": 32768,"Hash Batches": 1,"Original Hash Batches": 1,"Peak Memory Usage": 1504,"Workers": [],"Plans": [{"Node Type": "Seq Scan","Parent Relationship": "Outer","Parallel Aware": true,"Async Capable": false,"Relation Name": "customer","Alias": "customer","Startup Cost": 0.00,"Total Cost": 4366.25,"Plan Rows": 12392,"Plan Width": 4,"Actual Startup Time": 0.038,"Actual Total Time": 21.892,"Actual Rows": 7536,"Actual Loops": 4,"Filter": "(c_mktsegment = 'BUILDING'::bpchar)","Rows Removed by Filter": 29964,"Workers": []}]}]},{"Node Type": "Index Scan","Parent Relationship": "Inner","Parallel Aware": false,"Async Capable": false,"Scan Direction": "Forward","Index Name": "idx_lineitem_orderkey","Relation Name": "lineitem","Alias": "lineitem","Startup Cost": 0.43,"Total Cost": 1.45,"Plan Rows": 9,"Plan Width": 16,"Actual Startup Time": 0.007,"Actual Total Time": 0.007,"Actual Rows": 0,"Actual Loops": 145678,"Index Cond": "(l_orderkey = orders.o_orderkey)","Rows Removed by Index Recheck": 0,"Filter": "(l_shipdate > '1995-03-04'::date)","Rows Removed by Filter": 4,"Workers": []}]}]}]}]},"Planning Time": 5.942,"Triggers": [],"Execution Time": 556.342}]
[{"Plan": {"Node Type": "Sort","Parallel Aware": false,"Async Capable": false,"Startup Cost": 178253.54,"Total Cost": 179032.30,"Plan Rows": 311506,"Plan Width": 44,"Actual Startup Time": 542.990,"Actual Total Time": 552.619,"Actual Rows": 11412,"Actual Loops": 1,"Sort Key": ["(sum((lineitem.l_extendedprice * ('1'::numeric - lineitem.l_discount)))) DESC", "orders.o_orderdate"],"Sort Method": "quicksort","Sort Space Used": 1098,"Sort Space Type": "Memory","Plans": [{"Node Type": "Aggregate","Strategy": "Hashed","Partial Mode": "Simple","Parent Relationship": "Outer","Parallel Aware": false,"Async Capable": false,"Startup Cost": 145936.50,"Total Cost": 149830.33,"Plan Rows": 311506,"Plan Width": 44,"Actual Startup Time": 520.259,"Actual Total Time": 542.586,"Actual Rows": 11412,"Actual Loops": 1,"Group Key": ["lineitem.l_orderkey", "orders.o_orderdate", "orders.o_shippriority"],"Planned Partitions": 0,"HashAgg Batches": 1,"Peak Memory Usage": 20497,"Disk Usage": 0,"Plans": [{"Node Type": "Gather","Parent Relationship": "Outer","Parallel Aware": false,"Async Capable": false,"Startup Cost": 5521.08,"Total Cost": 141263.91,"Plan Rows": 311506,"Plan Width": 24,"Actual Startup Time": 34.718,"Actual Total Time": 493.864,"Actual Rows": 29909,"Actual Loops": 1,"Workers Planned": 3,"Workers Launched": 3,"Single Copy": false,"Plans": [{"Node Type": "Nested Loop","Parent Relationship": "Outer","Parallel Aware": false,"Async Capable": false,"Join Type": "Inner","Startup Cost": 4521.08,"Total Cost": 109113.31,"Plan Rows": 100486,"Plan Width": 24,"Actual Startup Time": 26.864,"Actual Total Time": 502.216,"Actual Rows": 7477,"Actual Loops": 4,"Inner Unique": false,"Workers": [],"Plans": [{"Node Type": "Hash Join","Parent Relationship": "Outer","Parallel Aware": true,"Async Capable": false,"Join Type": "Inner","Startup Cost": 4520.65,"Total Cost": 37290.95,"Plan Rows": 47198,"Plan Width": 12,"Actual Startup Time": 26.201,"Actual Total Time": 219.838,"Actual Rows": 36644,"Actual Loops": 4,"Inner Unique": true,"Hash Cond": "(orders.o_custkey = customer.c_custkey)","Workers": [],"Plans": [{"Node Type": "Seq Scan","Parent Relationship": "Outer","Parallel Aware": true,"Async Capable": false,"Relation Name": "orders","Alias": "orders","Startup Cost": 0.00,"Total Cost": 32143.39,"Plan Rows": 238816,"Plan Width": 16,"Actual Startup Time": 0.013,"Actual Total Time": 141.852,"Actual Rows": 184291,"Actual Loops": 4,"Filter": "(o_orderdate < '1995-03-31'::date)","Rows Removed by Filter": 190709,"Workers": []},{"Node Type": "Hash","Parent Relationship": "Inner","Parallel Aware": true,"Async Capable": false,"Startup Cost": 4366.25,"Total Cost": 4366.25,"Plan Rows": 12352,"Plan Width": 4,"Actual Startup Time": 25.646,"Actual Total Time": 25.652,"Actual Rows": 7438,"Actual Loops": 4,"Hash Buckets": 32768,"Original Hash Buckets": 32768,"Hash Batches": 1,"Original Hash Batches": 1,"Peak Memory Usage": 1472,"Workers": [],"Plans": [{"Node Type": "Seq Scan","Parent Relationship": "Outer","Parallel Aware": true,"Async Capable": false,"Relation Name": "customer","Alias": "customer","Startup Cost": 0.00,"Total Cost": 4366.25,"Plan Rows": 12352,"Plan Width": 4,"Actual Startup Time": 0.044,"Actual Total Time": 21.670,"Actual Rows": 7438,"Actual Loops": 4,"Filter": "(c_mktsegment = 'AUTOMOBILE'::bpchar)","Rows Removed by Filter": 30062,"Workers": []}]}]},{"Node Type": "Index Scan","Parent Relationship": "Inner","Parallel Aware": false,"Async Capable": false,"Scan Direction": "Forward","Index Name": "idx_lineitem_orderkey","Relation Name": "lineitem","Alias": "lineitem","Startup Cost": 0.43,"Total Cost": 1.43,"Plan Rows": 9,"Plan Width": 16,"Actual Startup Time": 0.007,"Actual Total Time": 0.007,"Actual Rows": 0,"Actual Loops": 146577,"Index Cond": "(l_orderkey = orders.o_orderkey)","Rows Removed by Index Recheck": 0,"Filter": "(l_shipdate > '1995-03-31'::date)","Rows Removed by Filter": 4,"Workers": []}]}]}]}]},"Planning Time": 5.431,"Triggers": [],"Execution Time": 565.719}]
[{"Plan": {"Node Type": "Sort","Parallel Aware": false,"Async Capable": false,"Startup Cost": 177859.55,"Total Cost": 178640.17,"Plan Rows": 312250,"Plan Width": 44,"Actual Startup Time": 542.170,"Actual Total Time": 552.079,"Actual Rows": 11613,"Actual Loops": 1,"Sort Key": ["(sum((lineitem.l_extendedprice * ('1'::numeric - lineitem.l_discount)))) DESC", "orders.o_orderdate"],"Sort Method": "quicksort","Sort Space Used": 1110,"Sort Space Type": "Memory","Plans": [{"Node Type": "Aggregate","Strategy": "Hashed","Partial Mode": "Simple","Parent Relationship": "Outer","Parallel Aware": false,"Async Capable": false,"Startup Cost": 145459.95,"Total Cost": 149363.08,"Plan Rows": 312250,"Plan Width": 44,"Actual Startup Time": 519.070,"Actual Total Time": 543.782,"Actual Rows": 11613,"Actual Loops": 1,"Group Key": ["lineitem.l_orderkey", "orders.o_orderdate", "orders.o_shippriority"],"Planned Partitions": 0,"HashAgg Batches": 1,"Peak Memory Usage": 20497,"Disk Usage": 0,"Plans": [{"Node Type": "Gather","Parent Relationship": "Outer","Parallel Aware": false,"Async Capable": false,"Startup Cost": 5521.58,"Total Cost": 140776.20,"Plan Rows": 312250,"Plan Width": 24,"Actual Startup Time": 32.015,"Actual Total Time": 496.814,"Actual Rows": 30486,"Actual Loops": 1,"Workers Planned": 3,"Workers Launched": 3,"Single Copy": false,"Plans": [{"Node Type": "Nested Loop","Parent Relationship": "Outer","Parallel Aware": false,"Async Capable": false,"Join Type": "Inner","Startup Cost": 4521.58,"Total Cost": 108551.20,"Plan Rows": 100726,"Plan Width": 24,"Actual Startup Time": 25.089,"Actual Total Time": 502.063,"Actual Rows": 7622,"Actual Loops": 4,"Inner Unique": false,"Workers": [],"Plans": [{"Node Type": "Hash Join","Parent Relationship": "Outer","Parallel Aware": true,"Async Capable": false,"Join Type": "Inner","Startup Cost": 4521.15,"Total Cost": 37279.47,"Plan Rows": 46444,"Plan Width": 12,"Actual Startup Time": 24.896,"Actual Total Time": 218.772,"Actual Rows": 36612,"Actual Loops": 4,"Inner Unique": true,"Hash Cond": "(orders.o_custkey = customer.c_custkey)","Workers": [],"Plans": [{"Node Type": "Seq Scan","Parent Relationship": "Outer","Parallel Aware": true,"Async Capable": false,"Relation Name": "orders","Alias": "orders","Startup Cost": 0.00,"Total Cost": 32143.39,"Plan Rows": 234250,"Plan Width": 16,"Actual Startup Time": 0.014,"Actual Total Time": 143.510,"Actual Rows": 181030,"Actual Loops": 4,"Filter": "(o_orderdate < '1995-03-10'::date)","Rows Removed by Filter": 193970,"Workers": []},{"Node Type": "Hash","Parent Relationship": "Inner","Parallel Aware": true,"Async Capable": false,"Startup Cost": 4366.25,"Total Cost": 4366.25,"Plan Rows": 12392,"Plan Width": 4,"Actual Startup Time": 24.497,"Actual Total Time": 24.502,"Actual Rows": 7536,"Actual Loops": 4,"Hash Buckets": 32768,"Original Hash Buckets": 32768,"Hash Batches": 1,"Original Hash Batches": 1,"Peak Memory Usage": 1504,"Workers": [],"Plans": [{"Node Type": "Seq Scan","Parent Relationship": "Outer","Parallel Aware": true,"Async Capable": false,"Relation Name": "customer","Alias": "customer","Startup Cost": 0.00,"Total Cost": 4366.25,"Plan Rows": 12392,"Plan Width": 4,"Actual Startup Time": 0.029,"Actual Total Time": 21.062,"Actual Rows": 7536,"Actual Loops": 4,"Filter": "(c_mktsegment = 'BUILDING'::bpchar)","Rows Removed by Filter": 29964,"Workers": []}]}]},{"Node Type": "Index Scan","Parent Relationship": "Inner","Parallel Aware": false,"Async Capable": false,"Scan Direction": "Forward","Index Name": "idx_lineitem_orderkey","Relation Name": "lineitem","Alias": "lineitem","Startup Cost": 0.43,"Total Cost": 1.44,"Plan Rows": 9,"Plan Width": 16,"Actual Startup Time": 0.007,"Actual Total Time": 0.007,"Actual Rows": 0,"Actual Loops": 146447,"Index Cond": "(l_orderkey = orders.o_orderkey)","Rows Removed by Index Recheck": 0,"Filter": "(l_shipdate > '1995-03-10'::date)","Rows Removed by Filter": 4,"Workers": []}]}]}]}]},"Planning Time": 6.411,"Triggers": [],"Execution Time": 565.055}]
[{"Plan": {"Node Type": "Sort","Parallel Aware": false,"Async Capable": false,"Startup Cost": 181919.32,"Total Cost": 182723.60,"Plan Rows": 321712,"Plan Width": 44,"Actual Startup Time": 516.835,"Actual Total Time": 527.350,"Actual Rows": 11439,"Actual Loops": 1,"Sort Key": ["(sum((lineitem.l_extendedprice * ('1'::numeric - lineitem.l_discount)))) DESC", "orders.o_orderdate"],"Sort Method": "quicksort","Sort Space Used": 1099,"Sort Space Type": "Memory","Plans": [{"Node Type": "Aggregate","Strategy": "Hashed","Partial Mode": "Simple","Parent Relationship": "Outer","Parallel Aware": false,"Async Capable": false,"Startup Cost": 148468.66,"Total Cost": 152490.06,"Plan Rows": 321712,"Plan Width": 44,"Actual Startup Time": 494.496,"Actual Total Time": 519.274,"Actual Rows": 11439,"Actual Loops": 1,"Group Key": ["lineitem.l_orderkey", "orders.o_orderdate", "orders.o_shippriority"],"Planned Partitions": 0,"HashAgg Batches": 1,"Peak Memory Usage": 20497,"Disk Usage": 0,"Plans": [{"Node Type": "Gather","Parent Relationship": "Outer","Parallel Aware": false,"Async Capable": false,"Startup Cost": 5526.18,"Total Cost": 143642.98,"Plan Rows": 321712,"Plan Width": 24,"Actual Startup Time": 29.198,"Actual Total Time": 473.413,"Actual Rows": 30354,"Actual Loops": 1,"Workers Planned": 3,"Workers Launched": 3,"Single Copy": false,"Plans": [{"Node Type": "Nested Loop","Parent Relationship": "Outer","Parallel Aware": false,"Async Capable": false,"Join Type": "Inner","Startup Cost": 4526.18,"Total Cost": 110471.78,"Plan Rows": 103778,"Plan Width": 24,"Actual Startup Time": 22.004,"Actual Total Time": 477.836,"Actual Rows": 7588,"Actual Loops": 4,"Inner Unique": false,"Workers": [],"Plans": [{"Node Type": "Hash Join","Parent Relationship": "Outer","Parallel Aware": true,"Async Capable": false,"Join Type": "Inner","Startup Cost": 4525.75,"Total Cost": 37281.06,"Plan Rows": 47592,"Plan Width": 12,"Actual Startup Time": 21.787,"Actual Total Time": 203.988,"Actual Rows": 35948,"Actual Loops": 4,"Inner Unique": true,"Hash Cond": "(orders.o_custkey = customer.c_custkey)","Workers": [],"Plans": [{"Node Type": "Seq Scan","Parent Relationship": "Outer","Parallel Aware": true,"Async Capable": false,"Relation Name": "orders","Alias": "orders","Startup Cost": 0.00,"Total Cost": 32143.39,"Plan Rows": 233104,"Plan Width": 16,"Actual Startup Time": 0.011,"Actual Total Time": 136.706,"Actual Rows": 180099,"Actual Loops": 4,"Filter": "(o_orderdate < '1995-03-04'::date)","Rows Removed by Filter": 194901,"Workers": []},{"Node Type": "Hash","Parent Relationship": "Inner","Parallel Aware": true,"Async Capable": false,"Startup Cost": 4366.25,"Total Cost": 4366.25,"Plan Rows": 12760,"Plan Width": 4,"Actual Startup Time": 21.339,"Actual Total Time": 21.344,"Actual Rows": 7492,"Actual Loops": 4,"Hash Buckets": 32768,"Original Hash Buckets": 32768,"Hash Batches": 1,"Original Hash Batches": 1,"Peak Memory Usage": 1504,"Workers": [],"Plans": [{"Node Type": "Seq Scan","Parent Relationship": "Outer","Parallel Aware": true,"Async Capable": false,"Relation Name": "customer","Alias": "customer","Startup Cost": 0.00,"Total Cost": 4366.25,"Plan Rows": 12760,"Plan Width": 4,"Actual Startup Time": 0.044,"Actual Total Time": 18.380,"Actual Rows": 7492,"Actual Loops": 4,"Filter": "(c_mktsegment = 'FURNITURE'::bpchar)","Rows Removed by Filter": 30008,"Workers": []}]}]},{"Node Type": "Index Scan","Parent Relationship": "Inner","Parallel Aware": false,"Async Capable": false,"Scan Direction": "Forward","Index Name": "idx_lineitem_orderkey","Relation Name": "lineitem","Alias": "lineitem","Startup Cost": 0.43,"Total Cost": 1.45,"Plan Rows": 9,"Plan Width": 16,"Actual Startup Time": 0.007,"Actual Total Time": 0.007,"Actual Rows": 0,"Actual Loops": 143792,"Index Cond": "(l_orderkey = orders.o_orderkey)","Rows Removed by Index Recheck": 0,"Filter": "(l_shipdate > '1995-03-04'::date)","Rows Removed by Filter": 4,"Workers": []}]}]}]}]},"Planning Time": 5.877,"Triggers": [],"Execution Time": 541.979}]
[{"Plan": {"Node Type": "Sort","Parallel Aware": false,"Async Capable": false,"Startup Cost": 178253.54,"Total Cost": 179032.30,"Plan Rows": 311506,"Plan Width": 44,"Actual Startup Time": 542.990,"Actual Total Time": 552.619,"Actual Rows": 11412,"Actual Loops": 1,"Sort Key": ["(sum((lineitem.l_extendedprice * ('1'::numeric - lineitem.l_discount)))) DESC", "orders.o_orderdate"],"Sort Method": "quicksort","Sort Space Used": 1098,"Sort Space Type": "Memory","Plans": [{"Node Type": "Aggregate","Strategy": "Hashed","Partial Mode": "Simple","Parent Relationship": "Outer","Parallel Aware": false,"Async Capable": false,"Startup Cost": 145936.50,"Total Cost": 149830.33,"Plan Rows": 311506,"Plan Width": 44,"Actual Startup Time": 520.259,"Actual Total Time": 542.586,"Actual Rows": 11412,"Actual Loops": 1,"Group Key": ["lineitem.l_orderkey", "orders.o_orderdate", "orders.o_shippriority"],"Planned Partitions": 0,"HashAgg Batches": 1,"Peak Memory Usage": 20497,"Disk Usage": 0,"Plans": [{"Node Type": "Gather","Parent Relationship": "Outer","Parallel Aware": false,"Async Capable": false,"Startup Cost": 5521.08,"Total Cost": 141263.91,"Plan Rows": 311506,"Plan Width": 24,"Actual Startup Time": 34.718,"Actual Total Time": 493.864,"Actual Rows": 29909,"Actual Loops": 1,"Workers Planned": 3,"Workers Launched": 3,"Single Copy": false,"Plans": [{"Node Type": "Nested Loop","Parent Relationship": "Outer","Parallel Aware": false,"Async Capable": false,"Join Type": "Inner","Startup Cost": 4521.08,"Total Cost": 109113.31,"Plan Rows": 100486,"Plan Width": 24,"Actual Startup Time": 26.864,"Actual Total Time": 502.216,"Actual Rows": 7477,"Actual Loops": 4,"Inner Unique": false,"Workers": [],"Plans": [{"Node Type": "Hash Join","Parent Relationship": "Outer","Parallel Aware": true,"Async Capable": false,"Join Type": "Inner","Startup Cost": 4520.65,"Total Cost": 37290.95,"Plan Rows": 47198,"Plan Width": 12,"Actual Startup Time": 26.201,"Actual Total Time": 219.838,"Actual Rows": 36644,"Actual Loops": 4,"Inner Unique": true,"Hash Cond": "(orders.o_custkey = customer.c_custkey)","Workers": [],"Plans": [{"Node Type": "Seq Scan","Parent Relationship": "Outer","Parallel Aware": true,"Async Capable": false,"Relation Name": "orders","Alias": "orders","Startup Cost": 0.00,"Total Cost": 32143.39,"Plan Rows": 238816,"Plan Width": 16,"Actual Startup Time": 0.013,"Actual Total Time": 141.852,"Actual Rows": 184291,"Actual Loops": 4,"Filter": "(o_orderdate < '1995-03-31'::date)","Rows Removed by Filter": 190709,"Workers": []},{"Node Type": "Hash","Parent Relationship": "Inner","Parallel Aware": true,"Async Capable": false,"Startup Cost": 4366.25,"Total Cost": 4366.25,"Plan Rows": 12352,"Plan Width": 4,"Actual Startup Time": 25.646,"Actual Total Time": 25.652,"Actual Rows": 7438,"Actual Loops": 4,"Hash Buckets": 32768,"Original Hash Buckets": 32768,"Hash Batches": 1,"Original Hash Batches": 1,"Peak Memory Usage": 1472,"Workers": [],"Plans": [{"Node Type": "Seq Scan","Parent Relationship": "Outer","Parallel Aware": true,"Async Capable": false,"Relation Name": "customer","Alias": "customer","Startup Cost": 0.00,"Total Cost": 4366.25,"Plan Rows": 12352,"Plan Width": 4,"Actual Startup Time": 0.044,"Actual Total Time": 21.670,"Actual Rows": 7438,"Actual Loops": 4,"Filter": "(c_mktsegment = 'AUTOMOBILE'::bpchar)","Rows Removed by Filter": 30062,"Workers": []}]}]},{"Node Type": "Index Scan","Parent Relationship": "Inner","Parallel Aware": false,"Async Capable": false,"Scan Direction": "Forward","Index Name": "idx_lineitem_orderkey","Relation Name": "lineitem","Alias": "lineitem","Startup Cost": 0.43,"Total Cost": 1.43,"Plan Rows": 9,"Plan Width": 16,"Actual Startup Time": 0.007,"Actual Total Time": 0.007,"Actual Rows": 0,"Actual Loops": 146577,"Index Cond": "(l_orderkey = orders.o_orderkey)","Rows Removed by Index Recheck": 0,"Filter": "(l_shipdate > '1995-03-31'::date)","Rows Removed by Filter": 4,"Workers": []}]}]}]}]},"Planning Time": 5.431,"Triggers": [],"Execution Time": 565.719}]
[{"Plan": {"Node Type": "Sort","Parallel Aware": false,"Async Capable": false,"Startup Cost": 177244.60,"Total Cost": 178023.14,"Plan Rows": 311417,"Plan Width": 44,"Actual Startup Time": 513.309,"Actual Total Time": 523.046,"Actual Rows": 11422,"Actual Loops": 1,"Sort Key": ["(sum((lineitem.l_extendedprice * ('1'::numeric - lineitem.l_discount)))) DESC", "orders.o_orderdate"],"Sort Method": "quicksort","Sort Space Used": 1098,"Sort Space Type": "Memory","Plans": [{"Node Type": "Aggregate","Strategy": "Hashed","Partial Mode": "Simple","Parent Relationship": "Outer","Parallel Aware": false,"Async Capable": false,"Startup Cost": 144937.44,"Total Cost": 148830.15,"Plan Rows": 311417,"Plan Width": 44,"Actual Startup Time": 490.992,"Actual Total Time": 514.974,"Actual Rows": 11422,"Actual Loops": 1,"Group Key": ["lineitem.l_orderkey", "orders.o_orderdate", "orders.o_shippriority"],"Planned Partitions": 0,"HashAgg Batches": 1,"Peak Memory Usage": 20497,"Disk Usage": 0,"Plans": [{"Node Type": "Gather","Parent Relationship": "Outer","Parallel Aware": false,"Async Capable": false,"Startup Cost": 5521.08,"Total Cost": 140266.19,"Plan Rows": 311417,"Plan Width": 24,"Actual Startup Time": 29.840,"Actual Total Time": 469.495,"Actual Rows": 30241,"Actual Loops": 1,"Workers Planned": 3,"Workers Launched": 3,"Single Copy": false,"Plans": [{"Node Type": "Nested Loop","Parent Relationship": "Outer","Parallel Aware": false,"Async Capable": false,"Join Type": "Inner","Startup Cost": 4521.08,"Total Cost": 108124.49,"Plan Rows": 100457,"Plan Width": 24,"Actual Startup Time": 23.026,"Actual Total Time": 474.520,"Actual Rows": 7560,"Actual Loops": 4,"Inner Unique": false,"Workers": [],"Plans": [{"Node Type": "Hash Join","Parent Relationship": "Outer","Parallel Aware": true,"Async Capable": false,"Join Type": "Inner","Startup Cost": 4520.65,"Total Cost": 37275.96,"Plan Rows": 46069,"Plan Width": 12,"Actual Startup Time": 22.598,"Actual Total Time": 203.221,"Actual Rows": 35816,"Actual Loops": 4,"Inner Unique": true,"Hash Cond": "(orders.o_custkey = customer.c_custkey)","Workers": [],"Plans": [{"Node Type": "Seq Scan","Parent Relationship": "Outer","Parallel Aware": true,"Async Capable": false,"Relation Name": "orders","Alias": "orders","Startup Cost": 0.00,"Total Cost": 32143.39,"Plan Rows": 233104,"Plan Width": 16,"Actual Startup Time": 0.011,"Actual Total Time": 135.926,"Actual Rows": 180099,"Actual Loops": 4,"Filter": "(o_orderdate < '1995-03-04'::date)","Rows Removed by Filter": 194901,"Workers": []},{"Node Type": "Hash","Parent Relationship": "Inner","Parallel Aware": true,"Async Capable": false,"Startup Cost": 4366.25,"Total Cost": 4366.25,"Plan Rows": 12352,"Plan Width": 4,"Actual Startup Time": 22.132,"Actual Total Time": 22.136,"Actual Rows": 7438,"Actual Loops": 4,"Hash Buckets": 32768,"Original Hash Buckets": 32768,"Hash Batches": 1,"Original Hash Batches": 1,"Peak Memory Usage": 1472,"Workers": [],"Plans": [{"Node Type": "Seq Scan","Parent Relationship": "Outer","Parallel Aware": true,"Async Capable": false,"Relation Name": "customer","Alias": "customer","Startup Cost": 0.00,"Total Cost": 4366.25,"Plan Rows": 12352,"Plan Width": 4,"Actual Startup Time": 0.028,"Actual Total Time": 19.170,"Actual Rows": 7438,"Actual Loops": 4,"Filter": "(c_mktsegment = 'AUTOMOBILE'::bpchar)","Rows Removed by Filter": 30062,"Workers": []}]}]},{"Node Type": "Index Scan","Parent Relationship": "Inner","Parallel Aware": false,"Async Capable": false,"Scan Direction": "Forward","Index Name": "idx_lineitem_orderkey","Relation Name": "lineitem","Alias": "lineitem","Startup Cost": 0.43,"Total Cost": 1.45,"Plan Rows": 9,"Plan Width": 16,"Actual Startup Time": 0.007,"Actual Total Time": 0.007,"Actual Rows": 0,"Actual Loops": 143266,"Index Cond": "(l_orderkey = orders.o_orderkey)","Rows Removed by Index Recheck": 0,"Filter": "(l_shipdate > '1995-03-04'::date)","Rows Removed by Filter": 4,"Workers": []}]}]}]}]},"Planning Time": 5.319,"Triggers": [],"Execution Time": 536.682}]
[{"Plan": {"Node Type": "Sort","Parallel Aware": false,"Async Capable": false,"Startup Cost": 179440.48,"Total Cost": 180228.98,"Plan Rows": 315402,"Plan Width": 44,"Actual Startup Time": 536.459,"Actual Total Time": 547.123,"Actual Rows": 11431,"Actual Loops": 1,"Sort Key": ["(sum((lineitem.l_extendedprice * ('1'::numeric - lineitem.l_discount)))) DESC", "orders.o_orderdate"],"Sort Method": "quicksort","Sort Space Used": 1099,"Sort Space Type": "Memory","Plans": [{"Node Type": "Aggregate","Strategy": "Hashed","Partial Mode": "Simple","Parent Relationship": "Outer","Parallel Aware": false,"Async Capable": false,"Startup Cost": 146690.97,"Total Cost": 150633.50,"Plan Rows": 315402,"Plan Width": 44,"Actual Startup Time": 514.238,"Actual Total Time": 538.642,"Actual Rows": 11431,"Actual Loops": 1,"Group Key": ["lineitem.l_orderkey", "orders.o_orderdate", "orders.o_shippriority"],"Planned Partitions": 0,"HashAgg Batches": 1,"Peak Memory Usage": 20497,"Disk Usage": 0,"Plans": [{"Node Type": "Gather","Parent Relationship": "Outer","Parallel Aware": false,"Async Capable": false,"Startup Cost": 5522.96,"Total Cost": 141959.94,"Plan Rows": 315402,"Plan Width": 24,"Actual Startup Time": 33.400,"Actual Total Time": 489.917,"Actual Rows": 30312,"Actual Loops": 1,"Workers Planned": 3,"Workers Launched": 3,"Single Copy": false,"Plans": [{"Node Type": "Nested Loop","Parent Relationship": "Outer","Parallel Aware": false,"Async Capable": false,"Join Type": "Inner","Startup Cost": 4522.96,"Total Cost": 109419.74,"Plan Rows": 101743,"Plan Width": 24,"Actual Startup Time": 26.755,"Actual Total Time": 497.095,"Actual Rows": 7578,"Actual Loops": 4,"Inner Unique": false,"Workers": [],"Plans": [{"Node Type": "Hash Join","Parent Relationship": "Outer","Parallel Aware": true,"Async Capable": false,"Join Type": "Inner","Startup Cost": 4522.52,"Total Cost": 37284.32,"Plan Rows": 47123,"Plan Width": 12,"Actual Startup Time": 26.609,"Actual Total Time": 219.801,"Actual Rows": 36289,"Actual Loops": 4,"Inner Unique": true,"Hash Cond": "(orders.o_custkey = customer.c_custkey)","Workers": [],"Plans": [{"Node Type": "Seq Scan","Parent Relationship": "Outer","Parallel Aware": true,"Async Capable": false,"Relation Name": "orders","Alias": "orders","Startup Cost": 0.00,"Total Cost": 32143.39,"Plan Rows": 235577,"Plan Width": 16,"Actual Startup Time": 0.015,"Actual Total Time": 140.506,"Actual Rows": 181826,"Actual Loops": 4,"Filter": "(o_orderdate < '1995-03-15'::date)","Rows Removed by Filter": 193174,"Workers": []},{"Node Type": "Hash","Parent Relationship": "Inner","Parallel Aware": true,"Async Capable": false,"Startup Cost": 4366.25,"Total Cost": 4366.25,"Plan Rows": 12502,"Plan Width": 4,"Actual Startup Time": 26.124,"Actual Total Time": 26.129,"Actual Rows": 7547,"Actual Loops": 4,"Hash Buckets": 32768,"Original Hash Buckets": 32768,"Hash Batches": 1,"Original Hash Batches": 1,"Peak Memory Usage": 1504,"Workers": [],"Plans": [{"Node Type": "Seq Scan","Parent Relationship": "Outer","Parallel Aware": true,"Async Capable": false,"Relation Name": "customer","Alias": "customer","Startup Cost": 0.00,"Total Cost": 4366.25,"Plan Rows": 12502,"Plan Width": 4,"Actual Startup Time": 0.033,"Actual Total Time": 22.453,"Actual Rows": 7547,"Actual Loops": 4,"Filter": "(c_mktsegment = 'HOUSEHOLD'::bpchar)","Rows Removed by Filter": 29953,"Workers": []}]}]},{"Node Type": "Index Scan","Parent Relationship": "Inner","Parallel Aware": false,"Async Capable": false,"Scan Direction": "Forward","Index Name": "idx_lineitem_orderkey","Relation Name": "lineitem","Alias": "lineitem","Startup Cost": 0.43,"Total Cost": 1.44,"Plan Rows": 9,"Plan Width": 16,"Actual Startup Time": 0.007,"Actual Total Time": 0.007,"Actual Rows": 0,"Actual Loops": 145157,"Index Cond": "(l_orderkey = orders.o_orderkey)","Rows Removed by Index Recheck": 0,"Filter": "(l_shipdate > '1995-03-15'::date)","Rows Removed by Filter": 4,"Workers": []}]}]}]}]},"Planning Time": 7.062,"Triggers": [],"Execution Time": 559.413}]
[{"Plan": {"Node Type": "Sort","Parallel Aware": false,"Async Capable": false,"Startup Cost": 178218.79,"Total Cost": 178997.56,"Plan Rows": 311511,"Plan Width": 44,"Actual Startup Time": 516.028,"Actual Total Time": 526.582,"Actual Rows": 11396,"Actual Loops": 1,"Sort Key": ["(sum((lineitem.l_extendedprice * ('1'::numeric - lineitem.l_discount)))) DESC", "orders.o_orderdate"],"Sort Method": "quicksort","Sort Space Used": 1097,"Sort Space Type": "Memory","Plans": [{"Node Type": "Aggregate","Strategy": "Hashed","Partial Mode": "Simple","Parent Relationship": "Outer","Parallel Aware": false,"Async Capable": false,"Startup Cost": 145901.20,"Total Cost": 149795.08,"Plan Rows": 311511,"Plan Width": 44,"Actual Startup Time": 493.908,"Actual Total Time": 518.234,"Actual Rows": 11396,"Actual Loops": 1,"Group Key": ["lineitem.l_orderkey", "orders.o_orderdate", "orders.o_shippriority"],"Planned Partitions": 0,"HashAgg Batches": 1,"Peak Memory Usage": 20497,"Disk Usage": 0,"Plans": [{"Node Type": "Gather","Parent Relationship": "Outer","Parallel Aware": false,"Async Capable": false,"Startup Cost": 5521.08,"Total Cost": 141228.53,"Plan Rows": 311511,"Plan Width": 24,"Actual Startup Time": 30.838,"Actual Total Time": 472.933,"Actual Rows": 29860,"Actual Loops": 1,"Workers Planned": 3,"Workers Launched": 3,"Single Copy": false,"Plans": [{"Node Type": "Nested Loop","Parent Relationship": "Outer","Parallel Aware": false,"Async Capable": false,"Join Type": "Inner","Startup Cost": 4521.08,"Total Cost": 109077.43,"Plan Rows": 100487,"Plan Width": 24,"Actual Startup Time": 23.953,"Actual Total Time": 477.760,"Actual Rows": 7465,"Actual Loops": 4,"Inner Unique": false,"Workers": [],"Plans": [{"Node Type": "Hash Join","Parent Relationship": "Outer","Parallel Aware": true,"Async Capable": false,"Join Type": "Inner","Startup Cost": 4520.65,"Total Cost": 37290.41,"Plan Rows": 47157,"Plan Width": 12,"Actual Startup Time": 23.470,"Actual Total Time": 204.156,"Actual Rows": 36612,"Actual Loops": 4,"Inner Unique": true,"Hash Cond": "(orders.o_custkey = customer.c_custkey)","Workers": [],"Plans": [{"Node Type": "Seq Scan","Parent Relationship": "Outer","Parallel Aware": true,"Async Capable": false,"Relation Name": "orders","Alias": "orders","Startup Cost": 0.00,"Total Cost": 32143.39,"Plan Rows": 238609,"Plan Width": 16,"Actual Startup Time": 0.012,"Actual Total Time": 135.524,"Actual Rows": 184142,"Actual Loops": 4,"Filter": "(o_orderdate < '1995-03-30'::date)","Rows Removed by Filter": 190858,"Workers": []},{"Node Type": "Hash","Parent Relationship": "Inner","Parallel Aware": true,"Async Capable": false,"Startup Cost": 4366.25,"Total Cost": 4366.25,"Plan Rows": 12352,"Plan Width": 4,"Actual Startup Time": 23.021,"Actual Total Time": 23.027,"Actual Rows": 7438,"Actual Loops": 4,"Hash Buckets": 32768,"Original Hash Buckets": 32768,"Hash Batches": 1,"Original Hash Batches": 1,"Peak Memory Usage": 1504,"Workers": [],"Plans": [{"Node Type": "Seq Scan","Parent Relationship": "Outer","Parallel Aware": true,"Async Capable": false,"Relation Name": "customer","Alias": "customer","Startup Cost": 0.00,"Total Cost": 4366.25,"Plan Rows": 12352,"Plan Width": 4,"Actual Startup Time": 0.035,"Actual Total Time": 19.970,"Actual Rows": 7438,"Actual Loops": 4,"Filter": "(c_mktsegment = 'AUTOMOBILE'::bpchar)","Rows Removed by Filter": 30062,"Workers": []}]}]},{"Node Type": "Index Scan","Parent Relationship": "Inner","Parallel Aware": false,"Async Capable": false,"Scan Direction": "Forward","Index Name": "idx_lineitem_orderkey","Relation Name": "lineitem","Alias": "lineitem","Startup Cost": 0.43,"Total Cost": 1.43,"Plan Rows": 9,"Plan Width": 16,"Actual Startup Time": 0.007,"Actual Total Time": 0.007,"Actual Rows": 0,"Actual Loops": 146450,"Index Cond": "(l_orderkey = orders.o_orderkey)","Rows Removed by Index Recheck": 0,"Filter": "(l_shipdate > '1995-03-30'::date)","Rows Removed by Filter": 4,"Workers": []}]}]}]}]},"Planning Time": 6.748,"Triggers": [],"Execution Time": 540.727}]
[{"Plan": {"Node Type": "Sort","Parallel Aware": false,"Async Capable": false,"Startup Cost": 181919.32,"Total Cost": 182723.60,"Plan Rows": 321712,"Plan Width": 44,"Actual Startup Time": 516.835,"Actual Total Time": 527.350,"Actual Rows": 11439,"Actual Loops": 1,"Sort Key": ["(sum((lineitem.l_extendedprice * ('1'::numeric - lineitem.l_discount)))) DESC", "orders.o_orderdate"],"Sort Method": "quicksort","Sort Space Used": 1099,"Sort Space Type": "Memory","Plans": [{"Node Type": "Aggregate","Strategy": "Hashed","Partial Mode": "Simple","Parent Relationship": "Outer","Parallel Aware": false,"Async Capable": false,"Startup Cost": 148468.66,"Total Cost": 152490.06,"Plan Rows": 321712,"Plan Width": 44,"Actual Startup Time": 494.496,"Actual Total Time": 519.274,"Actual Rows": 11439,"Actual Loops": 1,"Group Key": ["lineitem.l_orderkey", "orders.o_orderdate", "orders.o_shippriority"],"Planned Partitions": 0,"HashAgg Batches": 1,"Peak Memory Usage": 20497,"Disk Usage": 0,"Plans": [{"Node Type": "Gather","Parent Relationship": "Outer","Parallel Aware": false,"Async Capable": false,"Startup Cost": 5526.18,"Total Cost": 143642.98,"Plan Rows": 321712,"Plan Width": 24,"Actual Startup Time": 29.198,"Actual Total Time": 473.413,"Actual Rows": 30354,"Actual Loops": 1,"Workers Planned": 3,"Workers Launched": 3,"Single Copy": false,"Plans": [{"Node Type": "Nested Loop","Parent Relationship": "Outer","Parallel Aware": false,"Async Capable": false,"Join Type": "Inner","Startup Cost": 4526.18,"Total Cost": 110471.78,"Plan Rows": 103778,"Plan Width": 24,"Actual Startup Time": 22.004,"Actual Total Time": 477.836,"Actual Rows": 7588,"Actual Loops": 4,"Inner Unique": false,"Workers": [],"Plans": [{"Node Type": "Hash Join","Parent Relationship": "Outer","Parallel Aware": true,"Async Capable": false,"Join Type": "Inner","Startup Cost": 4525.75,"Total Cost": 37281.06,"Plan Rows": 47592,"Plan Width": 12,"Actual Startup Time": 21.787,"Actual Total Time": 203.988,"Actual Rows": 35948,"Actual Loops": 4,"Inner Unique": true,"Hash Cond": "(orders.o_custkey = customer.c_custkey)","Workers": [],"Plans": [{"Node Type": "Seq Scan","Parent Relationship": "Outer","Parallel Aware": true,"Async Capable": false,"Relation Name": "orders","Alias": "orders","Startup Cost": 0.00,"Total Cost": 32143.39,"Plan Rows": 233104,"Plan Width": 16,"Actual Startup Time": 0.011,"Actual Total Time": 136.706,"Actual Rows": 180099,"Actual Loops": 4,"Filter": "(o_orderdate < '1995-03-04'::date)","Rows Removed by Filter": 194901,"Workers": []},{"Node Type": "Hash","Parent Relationship": "Inner","Parallel Aware": true,"Async Capable": false,"Startup Cost": 4366.25,"Total Cost": 4366.25,"Plan Rows": 12760,"Plan Width": 4,"Actual Startup Time": 21.339,"Actual Total Time": 21.344,"Actual Rows": 7492,"Actual Loops": 4,"Hash Buckets": 32768,"Original Hash Buckets": 32768,"Hash Batches": 1,"Original Hash Batches": 1,"Peak Memory Usage": 1504,"Workers": [],"Plans": [{"Node Type": "Seq Scan","Parent Relationship": "Outer","Parallel Aware": true,"Async Capable": false,"Relation Name": "customer","Alias": "customer","Startup Cost": 0.00,"Total Cost": 4366.25,"Plan Rows": 12760,"Plan Width": 4,"Actual Startup Time": 0.044,"Actual Total Time": 18.380,"Actual Rows": 7492,"Actual Loops": 4,"Filter": "(c_mktsegment = 'FURNITURE'::bpchar)","Rows Removed by Filter": 30008,"Workers": []}]}]},{"Node Type": "Index Scan","Parent Relationship": "Inner","Parallel Aware": false,"Async Capable": false,"Scan Direction": "Forward","Index Name": "idx_lineitem_orderkey","Relation Name": "lineitem","Alias": "lineitem","Startup Cost": 0.43,"Total Cost": 1.45,"Plan Rows": 9,"Plan Width": 16,"Actual Startup Time": 0.007,"Actual Total Time": 0.007,"Actual Rows": 0,"Actual Loops": 143792,"Index Cond": "(l_orderkey = orders.o_orderkey)","Rows Removed by Index Recheck": 0,"Filter": "(l_shipdate > '1995-03-04'::date)","Rows Removed by Filter": 4,"Workers": []}]}]}]}]},"Planning Time": 5.877,"Triggers": [],"Execution Time": 541.979}]
[{"Plan": {"Node Type": "Sort","Parallel Aware": false,"Async Capable": false,"Startup Cost": 178425.31,"Total Cost": 179206.61,"Plan Rows": 312521,"Plan Width": 44,"Actual Startup Time": 540.344,"Actual Total Time": 551.563,"Actual Rows": 11671,"Actual Loops": 1,"Sort Key": ["(sum((lineitem.l_extendedprice * ('1'::numeric - lineitem.l_discount)))) DESC", "orders.o_orderdate"],"Sort Method": "quicksort","Sort Space Used": 1114,"Sort Space Type": "Memory","Plans": [{"Node Type": "Aggregate","Strategy": "Hashed","Partial Mode": "Simple","Parent Relationship": "Outer","Parallel Aware": false,"Async Capable": false,"Startup Cost": 145995.64,"Total Cost": 149902.15,"Plan Rows": 312521,"Plan Width": 44,"Actual Startup Time": 518.167,"Actual Total Time": 543.011,"Actual Rows": 11671,"Actual Loops": 1,"Group Key": ["lineitem.l_orderkey", "orders.o_orderdate", "orders.o_shippriority"],"Planned Partitions": 0,"HashAgg Batches": 1,"Peak Memory Usage": 20497,"Disk Usage": 0,"Plans": [{"Node Type": "Gather","Parent Relationship": "Outer","Parallel Aware": false,"Async Capable": false,"Startup Cost": 5521.58,"Total Cost": 141307.82,"Plan Rows": 312521,"Plan Width": 24,"Actual Startup Time": 33.738,"Actual Total Time": 494.094,"Actual Rows": 30516,"Actual Loops": 1,"Workers Planned": 3,"Workers Launched": 3,"Single Copy": false,"Plans": [{"Node Type": "Nested Loop","Parent Relationship": "Outer","Parallel Aware": false,"Async Capable": false,"Join Type": "Inner","Startup Cost": 4521.58,"Total Cost": 109055.72,"Plan Rows": 100813,"Plan Width": 24,"Actual Startup Time": 27.044,"Actual Total Time": 500.944,"Actual Rows": 7629,"Actual Loops": 4,"Inner Unique": false,"Workers": [],"Plans": [{"Node Type": "Hash Join","Parent Relationship": "Outer","Parallel Aware": true,"Async Capable": false,"Join Type": "Inner","Startup Cost": 4521.15,"Total Cost": 37287.09,"Plan Rows": 47020,"Plan Width": 12,"Actual Startup Time": 26.918,"Actual Total Time": 218.749,"Actual Rows": 37039,"Actual Loops": 4,"Inner Unique": true,"Hash Cond": "(orders.o_custkey = customer.c_custkey)","Workers": [],"Plans": [{"Node Type": "Seq Scan","Parent Relationship": "Outer","Parallel Aware": true,"Async Capable": false,"Relation Name": "orders","Alias": "orders","Startup Cost": 0.00,"Total Cost": 32143.39,"Plan Rows": 237155,"Plan Width": 16,"Actual Startup Time": 0.011,"Actual Total Time": 140.451,"Actual Rows": 183072,"Actual Loops": 4,"Filter": "(o_orderdate < '1995-03-23'::date)","Rows Removed by Filter": 191928,"Workers": []},{"Node Type": "Hash","Parent Relationship": "Inner","Parallel Aware": true,"Async Capable": false,"Startup Cost": 4366.25,"Total Cost": 4366.25,"Plan Rows": 12392,"Plan Width": 4,"Actual Startup Time": 26.441,"Actual Total Time": 26.447,"Actual Rows": 7536,"Actual Loops": 4,"Hash Buckets": 32768,"Original Hash Buckets": 32768,"Hash Batches": 1,"Original Hash Batches": 1,"Peak Memory Usage": 1504,"Workers": [],"Plans": [{"Node Type": "Seq Scan","Parent Relationship": "Outer","Parallel Aware": true,"Async Capable": false,"Relation Name": "customer","Alias": "customer","Startup Cost": 0.00,"Total Cost": 4366.25,"Plan Rows": 12392,"Plan Width": 4,"Actual Startup Time": 0.038,"Actual Total Time": 22.563,"Actual Rows": 7536,"Actual Loops": 4,"Filter": "(c_mktsegment = 'BUILDING'::bpchar)","Rows Removed by Filter": 29964,"Workers": []}]}]},{"Node Type": "Index Scan","Parent Relationship": "Inner","Parallel Aware": false,"Async Capable": false,"Scan Direction": "Forward","Index Name": "idx_lineitem_orderkey","Relation Name": "lineitem","Alias": "lineitem","Startup Cost": 0.43,"Total Cost": 1.44,"Plan Rows": 9,"Plan Width": 16,"Actual Startup Time": 0.007,"Actual Total Time": 0.007,"Actual Rows": 0,"Actual Loops": 148155,"Index Cond": "(l_orderkey = orders.o_orderkey)","Rows Removed by Index Recheck": 0,"Filter": "(l_shipdate > '1995-03-23'::date)","Rows Removed by Filter": 4,"Workers": []}]}]}]}]},"Planning Time": 6.394,"Triggers": [],"Execution Time": 563.775}]
[{"Plan": {"Node Type": "Sort","Parallel Aware": false,"Async Capable": false,"Startup Cost": 182924.83,"Total Cost": 183729.35,"Plan Rows": 321807,"Plan Width": 44,"Actual Startup Time": 514.771,"Actual Total Time": 525.262,"Actual Rows": 11450,"Actual Loops": 1,"Sort Key": ["(sum((lineitem.l_extendedprice * ('1'::numeric - lineitem.l_discount)))) DESC", "orders.o_orderdate"],"Sort Method": "quicksort","Sort Space Used": 1100,"Sort Space Type": "Memory","Plans": [{"Node Type": "Aggregate","Strategy": "Hashed","Partial Mode": "Simple","Parent Relationship": "Outer","Parallel Aware": false,"Async Capable": false,"Startup Cost": 149463.60,"Total Cost": 153486.19,"Plan Rows": 321807,"Plan Width": 44,"Actual Startup Time": 491.950,"Actual Total Time": 516.728,"Actual Rows": 11450,"Actual Loops": 1,"Group Key": ["lineitem.l_orderkey", "orders.o_orderdate", "orders.o_shippriority"],"Planned Partitions": 0,"HashAgg Batches": 1,"Peak Memory Usage": 20497,"Disk Usage": 0,"Plans": [{"Node Type": "Gather","Parent Relationship": "Outer","Parallel Aware": false,"Async Capable": false,"Startup Cost": 5526.18,"Total Cost": 144636.49,"Plan Rows": 321807,"Plan Width": 24,"Actual Startup Time": 29.549,"Actual Total Time": 470.093,"Actual Rows": 30475,"Actual Loops": 1,"Workers Planned": 3,"Workers Launched": 3,"Single Copy": false,"Plans": [{"Node Type": "Nested Loop","Parent Relationship": "Outer","Parallel Aware": false,"Async Capable": false,"Join Type": "Inner","Startup Cost": 4526.18,"Total Cost": 111455.79,"Plan Rows": 103809,"Plan Width": 24,"Actual Startup Time": 22.741,"Actual Total Time": 475.356,"Actual Rows": 7619,"Actual Loops": 4,"Inner Unique": false,"Workers": [],"Plans": [{"Node Type": "Hash Join","Parent Relationship": "Outer","Parallel Aware": true,"Async Capable": false,"Join Type": "Inner","Startup Cost": 4525.75,"Total Cost": 37295.51,"Plan Rows": 48716,"Plan Width": 12,"Actual Startup Time": 22.529,"Actual Total Time": 203.769,"Actual Rows": 36758,"Actual Loops": 4,"Inner Unique": true,"Hash Cond": "(orders.o_custkey = customer.c_custkey)","Workers": [],"Plans": [{"Node Type": "Seq Scan","Parent Relationship": "Outer","Parallel Aware": true,"Async Capable": false,"Relation Name": "orders","Alias": "orders","Startup Cost": 0.00,"Total Cost": 32143.39,"Plan Rows": 238609,"Plan Width": 16,"Actual Startup Time": 0.011,"Actual Total Time": 134.727,"Actual Rows": 184142,"Actual Loops": 4,"Filter": "(o_orderdate < '1995-03-30'::date)","Rows Removed by Filter": 190858,"Workers": []},{"Node Type": "Hash","Parent Relationship": "Inner","Parallel Aware": true,"Async Capable": false,"Startup Cost": 4366.25,"Total Cost": 4366.25,"Plan Rows": 12760,"Plan Width": 4,"Actual Startup Time": 22.063,"Actual Total Time": 22.069,"Actual Rows": 7492,"Actual Loops": 4,"Hash Buckets": 32768,"Original Hash Buckets": 32768,"Hash Batches": 1,"Original Hash Batches": 1,"Peak Memory Usage": 1504,"Workers": [],"Plans": [{"Node Type": "Seq Scan","Parent Relationship": "Outer","Parallel Aware": true,"Async Capable": false,"Relation Name": "customer","Alias": "customer","Startup Cost": 0.00,"Total Cost": 4366.25,"Plan Rows": 12760,"Plan Width": 4,"Actual Startup Time": 0.033,"Actual Total Time": 19.019,"Actual Rows": 7492,"Actual Loops": 4,"Filter": "(c_mktsegment = 'FURNITURE'::bpchar)","Rows Removed by Filter": 30008,"Workers": []}]}]},{"Node Type": "Index Scan","Parent Relationship": "Inner","Parallel Aware": false,"Async Capable": false,"Scan Direction": "Forward","Index Name": "idx_lineitem_orderkey","Relation Name": "lineitem","Alias": "lineitem","Startup Cost": 0.43,"Total Cost": 1.43,"Plan Rows": 9,"Plan Width": 16,"Actual Startup Time": 0.007,"Actual Total Time": 0.007,"Actual Rows": 0,"Actual Loops": 147034,"Index Cond": "(l_orderkey = orders.o_orderkey)","Rows Removed by Index Recheck": 0,"Filter": "(l_shipdate > '1995-03-30'::date)","Rows Removed by Filter": 4,"Workers": []}]}]}]}]},"Planning Time": 4.736,"Triggers": [],"Execution Time": 538.193}]
[{"Plan": {"Node Type": "Sort","Parallel Aware": false,"Async Capable": false,"Startup Cost": 178460.87,"Total Cost": 179242.17,"Plan Rows": 312520,"Plan Width": 44,"Actual Startup Time": 548.781,"Actual Total Time": 558.267,"Actual Rows": 11663,"Actual Loops": 1,"Sort Key": ["(sum((lineitem.l_extendedprice * ('1'::numeric - lineitem.l_discount)))) DESC", "orders.o_orderdate"],"Sort Method": "quicksort","Sort Space Used": 1113,"Sort Space Type": "Memory","Plans": [{"Node Type": "Aggregate","Strategy": "Hashed","Partial Mode": "Simple","Parent Relationship": "Outer","Parallel Aware": false,"Async Capable": false,"Startup Cost": 146031.32,"Total Cost": 149937.82,"Plan Rows": 312520,"Plan Width": 44,"Actual Startup Time": 525.637,"Actual Total Time": 549.511,"Actual Rows": 11663,"Actual Loops": 1,"Group Key": ["lineitem.l_orderkey", "orders.o_orderdate", "orders.o_shippriority"],"Planned Partitions": 0,"HashAgg Batches": 1,"Peak Memory Usage": 20497,"Disk Usage": 0,"Plans": [{"Node Type": "Gather","Parent Relationship": "Outer","Parallel Aware": false,"Async Capable": false,"Startup Cost": 5521.58,"Total Cost": 141343.52,"Plan Rows": 312520,"Plan Width": 24,"Actual Startup Time": 32.530,"Actual Total Time": 502.083,"Actual Rows": 30536,"Actual Loops": 1,"Workers Planned": 3,"Workers Launched": 3,"Single Copy": false,"Plans": [{"Node Type": "Nested Loop","Parent Relationship": "Outer","Parallel Aware": false,"Async Capable": false,"Join Type": "Inner","Startup Cost": 4521.58,"Total Cost": 109091.52,"Plan Rows": 100813,"Plan Width": 24,"Actual Startup Time": 25.415,"Actual Total Time": 508.733,"Actual Rows": 7634,"Actual Loops": 4,"Inner Unique": false,"Workers": [],"Plans": [{"Node Type": "Hash Join","Parent Relationship": "Outer","Parallel Aware": true,"Async Capable": false,"Join Type": "Inner","Startup Cost": 4521.15,"Total Cost": 37287.64,"Plan Rows": 47061,"Plan Width": 12,"Actual Startup Time": 25.268,"Actual Total Time": 221.085,"Actual Rows": 37069,"Actual Loops": 4,"Inner Unique": true,"Hash Cond": "(orders.o_custkey = customer.c_custkey)","Workers": [],"Plans": [{"Node Type": "Seq Scan","Parent Relationship": "Outer","Parallel Aware": true,"Async Capable": false,"Relation Name": "orders","Alias": "orders","Startup Cost": 0.00,"Total Cost": 32143.39,"Plan Rows": 237363,"Plan Width": 16,"Actual Startup Time": 0.020,"Actual Total Time": 144.354,"Actual Rows": 183220,"Actual Loops": 4,"Filter": "(o_orderdate < '1995-03-24'::date)","Rows Removed by Filter": 191780,"Workers": []},{"Node Type": "Hash","Parent Relationship": "Inner","Parallel Aware": true,"Async Capable": false,"Startup Cost": 4366.25,"Total Cost": 4366.25,"Plan Rows": 12392,"Plan Width": 4,"Actual Startup Time": 24.766,"Actual Total Time": 24.772,"Actual Rows": 7536,"Actual Loops": 4,"Hash Buckets": 32768,"Original Hash Buckets": 32768,"Hash Batches": 1,"Original Hash Batches": 1,"Peak Memory Usage": 1504,"Workers": [],"Plans": [{"Node Type": "Seq Scan","Parent Relationship": "Outer","Parallel Aware": true,"Async Capable": false,"Relation Name": "customer","Alias": "customer","Startup Cost": 0.00,"Total Cost": 4366.25,"Plan Rows": 12392,"Plan Width": 4,"Actual Startup Time": 0.040,"Actual Total Time": 21.248,"Actual Rows": 7536,"Actual Loops": 4,"Filter": "(c_mktsegment = 'BUILDING'::bpchar)","Rows Removed by Filter": 29964,"Workers": []}]}]},{"Node Type": "Index Scan","Parent Relationship": "Inner","Parallel Aware": false,"Async Capable": false,"Scan Direction": "Forward","Index Name": "idx_lineitem_orderkey","Relation Name": "lineitem","Alias": "lineitem","Startup Cost": 0.43,"Total Cost": 1.44,"Plan Rows": 9,"Plan Width": 16,"Actual Startup Time": 0.007,"Actual Total Time": 0.008,"Actual Rows": 0,"Actual Loops": 148275,"Index Cond": "(l_orderkey = orders.o_orderkey)","Rows Removed by Index Recheck": 0,"Filter": "(l_shipdate > '1995-03-24'::date)","Rows Removed by Filter": 4,"Workers": []}]}]}]}]},"Planning Time": 5.284,"Triggers": [],"Execution Time": 572.726}]
[{"Plan": {"Node Type": "Sort","Parallel Aware": false,"Async Capable": false,"Startup Cost": 179055.99,"Total Cost": 179842.97,"Plan Rows": 314791,"Plan Width": 44,"Actual Startup Time": 537.774,"Actual Total Time": 548.266,"Actual Rows": 11322,"Actual Loops": 1,"Sort Key": ["(sum((lineitem.l_extendedprice * ('1'::numeric - lineitem.l_discount)))) DESC", "orders.o_orderdate"],"Sort Method": "quicksort","Sort Space Used": 1092,"Sort Space Type": "Memory","Plans": [{"Node Type": "Aggregate","Strategy": "Hashed","Partial Mode": "Simple","Parent Relationship": "Outer","Parallel Aware": false,"Async Capable": false,"Startup Cost": 146374.33,"Total Cost": 150309.22,"Plan Rows": 314791,"Plan Width": 44,"Actual Startup Time": 515.635,"Actual Total Time": 540.283,"Actual Rows": 11322,"Actual Loops": 1,"Group Key": ["lineitem.l_orderkey", "orders.o_orderdate", "orders.o_shippriority"],"Planned Partitions": 0,"HashAgg Batches": 1,"Peak Memory Usage": 20497,"Disk Usage": 0,"Plans": [{"Node Type": "Gather","Parent Relationship": "Outer","Parallel Aware": false,"Async Capable": false,"Startup Cost": 5522.86,"Total Cost": 141652.47,"Plan Rows": 314791,"Plan Width": 24,"Actual Startup Time": 34.571,"Actual Total Time": 494.742,"Actual Rows": 29907,"Actual Loops": 1,"Workers Planned": 3,"Workers Launched": 3,"Single Copy": false,"Plans": [{"Node Type": "Nested Loop","Parent Relationship": "Outer","Parallel Aware": false,"Async Capable": false,"Join Type": "Inner","Startup Cost": 4522.86,"Total Cost": 109173.37,"Plan Rows": 101545,"Plan Width": 24,"Actual Startup Time": 26.901,"Actual Total Time": 498.321,"Actual Rows": 7477,"Actual Loops": 4,"Inner Unique": false,"Workers": [],"Plans": [{"Node Type": "Hash Join","Parent Relationship": "Outer","Parallel Aware": true,"Async Capable": false,"Join Type": "Inner","Startup Cost": 4522.43,"Total Cost": 37281.24,"Plan Rows": 46865,"Plan Width": 12,"Actual Startup Time": 26.671,"Actual Total Time": 217.950,"Actual Rows": 36184,"Actual Loops": 4,"Inner Unique": true,"Hash Cond": "(orders.o_custkey = customer.c_custkey)","Workers": [],"Plans": [{"Node Type": "Seq Scan","Parent Relationship": "Outer","Parallel Aware": true,"Async Capable": false,"Relation Name": "orders","Alias": "orders","Startup Cost": 0.00,"Total Cost": 32143.39,"Plan Rows": 234441,"Plan Width": 16,"Actual Startup Time": 0.014,"Actual Total Time": 141.367,"Actual Rows": 181190,"Actual Loops": 4,"Filter": "(o_orderdate < '1995-03-11'::date)","Rows Removed by Filter": 193810,"Workers": []},{"Node Type": "Hash","Parent Relationship": "Inner","Parallel Aware": true,"Async Capable": false,"Startup Cost": 4366.25,"Total Cost": 4366.25,"Plan Rows": 12494,"Plan Width": 4,"Actual Startup Time": 26.090,"Actual Total Time": 26.093,"Actual Rows": 7487,"Actual Loops": 4,"Hash Buckets": 32768,"Original Hash Buckets": 32768,"Hash Batches": 1,"Original Hash Batches": 1,"Peak Memory Usage": 1504,"Workers": [],"Plans": [{"Node Type": "Seq Scan","Parent Relationship": "Outer","Parallel Aware": true,"Async Capable": false,"Relation Name": "customer","Alias": "customer","Startup Cost": 0.00,"Total Cost": 4366.25,"Plan Rows": 12494,"Plan Width": 4,"Actual Startup Time": 0.046,"Actual Total Time": 22.703,"Actual Rows": 7487,"Actual Loops": 4,"Filter": "(c_mktsegment = 'MACHINERY'::bpchar)","Rows Removed by Filter": 30013,"Workers": []}]}]},{"Node Type": "Index Scan","Parent Relationship": "Inner","Parallel Aware": false,"Async Capable": false,"Scan Direction": "Forward","Index Name": "idx_lineitem_orderkey","Relation Name": "lineitem","Alias": "lineitem","Startup Cost": 0.43,"Total Cost": 1.44,"Plan Rows": 9,"Plan Width": 16,"Actual Startup Time": 0.007,"Actual Total Time": 0.008,"Actual Rows": 0,"Actual Loops": 144738,"Index Cond": "(l_orderkey = orders.o_orderkey)","Rows Removed by Index Recheck": 0,"Filter": "(l_shipdate > '1995-03-11'::date)","Rows Removed by Filter": 4,"Workers": []}]}]}]}]},"Planning Time": 7.099,"Triggers": [],"Execution Time": 563.222}]
[{"Plan": {"Node Type": "Sort","Parallel Aware": false,"Async Capable": false,"Startup Cost": 177433.30,"Total Cost": 178211.36,"Plan Rows": 311223,"Plan Width": 44,"Actual Startup Time": 513.174,"Actual Total Time": 524.708,"Actual Rows": 11511,"Actual Loops": 1,"Sort Key": ["(sum((lineitem.l_extendedprice * ('1'::numeric - lineitem.l_discount)))) DESC", "orders.o_orderdate"],"Sort Method": "quicksort","Sort Space Used": 1104,"Sort Space Type": "Memory","Plans": [{"Node Type": "Aggregate","Strategy": "Hashed","Partial Mode": "Simple","Parent Relationship": "Outer","Parallel Aware": false,"Async Capable": false,"Startup Cost": 145147.67,"Total Cost": 149037.96,"Plan Rows": 311223,"Plan Width": 44,"Actual Startup Time": 491.994,"Actual Total Time": 517.235,"Actual Rows": 11511,"Actual Loops": 1,"Group Key": ["lineitem.l_orderkey", "orders.o_orderdate", "orders.o_shippriority"],"Planned Partitions": 0,"HashAgg Batches": 1,"Peak Memory Usage": 20497,"Disk Usage": 0,"Plans": [{"Node Type": "Gather","Parent Relationship": "Outer","Parallel Aware": false,"Async Capable": false,"Startup Cost": 5521.08,"Total Cost": 140479.33,"Plan Rows": 311223,"Plan Width": 24,"Actual Startup Time": 30.568,"Actual Total Time": 472.340,"Actual Rows": 30355,"Actual Loops": 1,"Workers Planned": 3,"Workers Launched": 3,"Single Copy": false,"Plans": [{"Node Type": "Nested Loop","Parent Relationship": "Outer","Parallel Aware": false,"Async Capable": false,"Join Type": "Inner","Startup Cost": 4521.08,"Total Cost": 108357.03,"Plan Rows": 100395,"Plan Width": 24,"Actual Startup Time": 23.443,"Actual Total Time": 475.280,"Actual Rows": 7589,"Actual Loops": 4,"Inner Unique": false,"Workers": [],"Plans": [{"Node Type": "Hash Join","Parent Relationship": "Outer","Parallel Aware": true,"Async Capable": false,"Join Type": "Inner","Startup Cost": 4520.65,"Total Cost": 37279.47,"Plan Rows": 46334,"Plan Width": 12,"Actual Startup Time": 23.053,"Actual Total Time": 203.084,"Actual Rows": 36043,"Actual Loops": 4,"Inner Unique": true,"Hash Cond": "(orders.o_custkey = customer.c_custkey)","Workers": [],"Plans": [{"Node Type": "Seq Scan","Parent Relationship": "Outer","Parallel Aware": true,"Async Capable": false,"Relation Name": "orders","Alias": "orders","Startup Cost": 0.00,"Total Cost": 32143.39,"Plan Rows": 234441,"Plan Width": 16,"Actual Startup Time": 0.015,"Actual Total Time": 134.723,"Actual Rows": 181190,"Actual Loops": 4,"Filter": "(o_orderdate < '1995-03-11'::date)","Rows Removed by Filter": 193810,"Workers": []},{"Node Type": "Hash","Parent Relationship": "Inner","Parallel Aware": true,"Async Capable": false,"Startup Cost": 4366.25,"Total Cost": 4366.25,"Plan Rows": 12352,"Plan Width": 4,"Actual Startup Time": 22.578,"Actual Total Time": 22.582,"Actual Rows": 7438,"Actual Loops": 4,"Hash Buckets": 32768,"Original Hash Buckets": 32768,"Hash Batches": 1,"Original Hash Batches": 1,"Peak Memory Usage": 1472,"Workers": [],"Plans": [{"Node Type": "Seq Scan","Parent Relationship": "Outer","Parallel Aware": true,"Async Capable": false,"Relation Name": "customer","Alias": "customer","Startup Cost": 0.00,"Total Cost": 4366.25,"Plan Rows": 12352,"Plan Width": 4,"Actual Startup Time": 0.032,"Actual Total Time": 19.502,"Actual Rows": 7438,"Actual Loops": 4,"Filter": "(c_mktsegment = 'AUTOMOBILE'::bpchar)","Rows Removed by Filter": 30062,"Workers": []}]}]},{"Node Type": "Index Scan","Parent Relationship": "Inner","Parallel Aware": false,"Async Capable": false,"Scan Direction": "Forward","Index Name": "idx_lineitem_orderkey","Relation Name": "lineitem","Alias": "lineitem","Startup Cost": 0.43,"Total Cost": 1.44,"Plan Rows": 9,"Plan Width": 16,"Actual Startup Time": 0.007,"Actual Total Time": 0.007,"Actual Rows": 0,"Actual Loops": 144171,"Index Cond": "(l_orderkey = orders.o_orderkey)","Rows Removed by Index Recheck": 0,"Filter": "(l_shipdate > '1995-03-11'::date)","Rows Removed by Filter": 4,"Workers": []}]}]}]}]},"Planning Time": 6.821,"Triggers": [],"Execution Time": 538.280}]
[{"Plan": {"Node Type": "Sort","Parallel Aware": false,"Async Capable": false,"Startup Cost": 179016.70,"Total Cost": 179804.56,"Plan Rows": 315146,"Plan Width": 44,"Actual Startup Time": 537.094,"Actual Total Time": 547.880,"Actual Rows": 11418,"Actual Loops": 1,"Sort Key": ["(sum((lineitem.l_extendedprice * ('1'::numeric - lineitem.l_discount)))) DESC", "orders.o_orderdate"],"Sort Method": "quicksort","Sort Space Used": 1098,"Sort Space Type": "Memory","Plans": [{"Node Type": "Aggregate","Strategy": "Hashed","Partial Mode": "Simple","Parent Relationship": "Outer","Parallel Aware": false,"Async Capable": false,"Startup Cost": 146295.62,"Total Cost": 150234.95,"Plan Rows": 315146,"Plan Width": 44,"Actual Startup Time": 514.632,"Actual Total Time": 539.121,"Actual Rows": 11418,"Actual Loops": 1,"Group Key": ["lineitem.l_orderkey", "orders.o_orderdate", "orders.o_shippriority"],"Planned Partitions": 0,"HashAgg Batches": 1,"Peak Memory Usage": 20497,"Disk Usage": 0,"Plans": [{"Node Type": "Gather","Parent Relationship": "Outer","Parallel Aware": false,"Async Capable": false,"Startup Cost": 5522.96,"Total Cost": 141568.43,"Plan Rows": 315146,"Plan Width": 24,"Actual Startup Time": 33.624,"Actual Total Time": 490.265,"Actual Rows": 30238,"Actual Loops": 1,"Workers Planned": 3,"Workers Launched": 3,"Single Copy": false,"Plans": [{"Node Type": "Nested Loop","Parent Relationship": "Outer","Parallel Aware": false,"Async Capable": false,"Join Type": "Inner","Startup Cost": 4522.96,"Total Cost": 109053.83,"Plan Rows": 101660,"Plan Width": 24,"Actual Startup Time": 26.604,"Actual Total Time": 497.185,"Actual Rows": 7560,"Actual Loops": 4,"Inner Unique": false,"Workers": [],"Plans": [{"Node Type": "Hash Join","Parent Relationship": "Outer","Parallel Aware": true,"Async Capable": false,"Join Type": "Inner","Startup Cost": 4522.52,"Total Cost": 37278.84,"Plan Rows": 46705,"Plan Width": 12,"Actual Startup Time": 26.480,"Actual Total Time": 219.665,"Actual Rows": 35998,"Actual Loops": 4,"Inner Unique": true,"Hash Cond": "(orders.o_custkey = customer.c_custkey)","Workers": [],"Plans": [{"Node Type": "Seq Scan","Parent Relationship": "Outer","Parallel Aware": true,"Async Capable": false,"Relation Name": "orders","Alias": "orders","Startup Cost": 0.00,"Total Cost": 32143.39,"Plan Rows": 233486,"Plan Width": 16,"Actual Startup Time": 0.013,"Actual Total Time": 141.016,"Actual Rows": 180414,"Actual Loops": 4,"Filter": "(o_orderdate < '1995-03-06'::date)","Rows Removed by Filter": 194586,"Workers": []},{"Node Type": "Hash","Parent Relationship": "Inner","Parallel Aware": true,"Async Capable": false,"Startup Cost": 4366.25,"Total Cost": 4366.25,"Plan Rows": 12502,"Plan Width": 4,"Actual Startup Time": 25.976,"Actual Total Time": 25.981,"Actual Rows": 7547,"Actual Loops": 4,"Hash Buckets": 32768,"Original Hash Buckets": 32768,"Hash Batches": 1,"Original Hash Batches": 1,"Peak Memory Usage": 1504,"Workers": [],"Plans": [{"Node Type": "Seq Scan","Parent Relationship": "Outer","Parallel Aware": true,"Async Capable": false,"Relation Name": "customer","Alias": "customer","Startup Cost": 0.00,"Total Cost": 4366.25,"Plan Rows": 12502,"Plan Width": 4,"Actual Startup Time": 0.055,"Actual Total Time": 22.063,"Actual Rows": 7547,"Actual Loops": 4,"Filter": "(c_mktsegment = 'HOUSEHOLD'::bpchar)","Rows Removed by Filter": 29953,"Workers": []}]}]},{"Node Type": "Index Scan","Parent Relationship": "Inner","Parallel Aware": false,"Async Capable": false,"Scan Direction": "Forward","Index Name": "idx_lineitem_orderkey","Relation Name": "lineitem","Alias": "lineitem","Startup Cost": 0.43,"Total Cost": 1.45,"Plan Rows": 9,"Plan Width": 16,"Actual Startup Time": 0.007,"Actual Total Time": 0.007,"Actual Rows": 0,"Actual Loops": 143994,"Index Cond": "(l_orderkey = orders.o_orderkey)","Rows Removed by Index Recheck": 0,"Filter": "(l_shipdate > '1995-03-06'::date)","Rows Removed by Filter": 4,"Workers": []}]}]}]}]},"Planning Time": 6.123,"Triggers": [],"Execution Time": 560.026}]
[{"Plan": {"Node Type": "Sort","Parallel Aware": false,"Async Capable": false,"Startup Cost": 182002.95,"Total Cost": 182807.02,"Plan Rows": 321629,"Plan Width": 44,"Actual Startup Time": 535.827,"Actual Total Time": 546.664,"Actual Rows": 11414,"Actual Loops": 1,"Sort Key": ["(sum((lineitem.l_extendedprice * ('1'::numeric - lineitem.l_discount)))) DESC", "orders.o_orderdate"],"Sort Method": "quicksort","Sort Space Used": 1098,"Sort Space Type": "Memory","Plans": [{"Node Type": "Aggregate","Strategy": "Hashed","Partial Mode": "Simple","Parent Relationship": "Outer","Parallel Aware": false,"Async Capable": false,"Startup Cost": 148561.52,"Total Cost": 152581.88,"Plan Rows": 321629,"Plan Width": 44,"Actual Startup Time": 513.616,"Actual Total Time": 538.019,"Actual Rows": 11414,"Actual Loops": 1,"Group Key": ["lineitem.l_orderkey", "orders.o_orderdate", "orders.o_shippriority"],"Planned Partitions": 0,"HashAgg Batches": 1,"Peak Memory Usage": 20497,"Disk Usage": 0,"Plans": [{"Node Type": "Gather","Parent Relationship": "Outer","Parallel Aware": false,"Async Capable": false,"Startup Cost": 5526.18,"Total Cost": 143737.08,"Plan Rows": 321629,"Plan Width": 24,"Actual Startup Time": 33.930,"Actual Total Time": 489.963,"Actual Rows": 30210,"Actual Loops": 1,"Workers Planned": 3,"Workers Launched": 3,"Single Copy": false,"Plans": [{"Node Type": "Nested Loop","Parent Relationship": "Outer","Parallel Aware": false,"Async Capable": false,"Join Type": "Inner","Startup Cost": 4526.18,"Total Cost": 110574.18,"Plan Rows": 103751,"Plan Width": 24,"Actual Startup Time": 26.835,"Actual Total Time": 496.013,"Actual Rows": 7552,"Actual Loops": 4,"Inner Unique": false,"Workers": [],"Plans": [{"Node Type": "Hash Join","Parent Relationship": "Outer","Parallel Aware": true,"Async Capable": false,"Join Type": "Inner","Startup Cost": 4525.75,"Total Cost": 37282.56,"Plan Rows": 47709,"Plan Width": 12,"Actual Startup Time": 26.570,"Actual Total Time": 217.655,"Actual Rows": 36041,"Actual Loops": 4,"Inner Unique": true,"Hash Cond": "(orders.o_custkey = customer.c_custkey)","Workers": [],"Plans": [{"Node Type": "Seq Scan","Parent Relationship": "Outer","Parallel Aware": true,"Async Capable": false,"Relation Name": "orders","Alias": "orders","Startup Cost": 0.00,"Total Cost": 32143.39,"Plan Rows": 233677,"Plan Width": 16,"Actual Startup Time": 0.016,"Actual Total Time": 139.838,"Actual Rows": 180569,"Actual Loops": 4,"Filter": "(o_orderdate < '1995-03-07'::date)","Rows Removed by Filter": 194431,"Workers": []},{"Node Type": "Hash","Parent Relationship": "Inner","Parallel Aware": true,"Async Capable": false,"Startup Cost": 4366.25,"Total Cost": 4366.25,"Plan Rows": 12760,"Plan Width": 4,"Actual Startup Time": 26.058,"Actual Total Time": 26.062,"Actual Rows": 7492,"Actual Loops": 4,"Hash Buckets": 32768,"Original Hash Buckets": 32768,"Hash Batches": 1,"Original Hash Batches": 1,"Peak Memory Usage": 1472,"Workers": [],"Plans": [{"Node Type": "Seq Scan","Parent Relationship": "Outer","Parallel Aware": true,"Async Capable": false,"Relation Name": "customer","Alias": "customer","Startup Cost": 0.00,"Total Cost": 4366.25,"Plan Rows": 12760,"Plan Width": 4,"Actual Startup Time": 0.051,"Actual Total Time": 22.152,"Actual Rows": 7492,"Actual Loops": 4,"Filter": "(c_mktsegment = 'FURNITURE'::bpchar)","Rows Removed by Filter": 30008,"Workers": []}]}]},{"Node Type": "Index Scan","Parent Relationship": "Inner","Parallel Aware": false,"Async Capable": false,"Scan Direction": "Forward","Index Name": "idx_lineitem_orderkey","Relation Name": "lineitem","Alias": "lineitem","Startup Cost": 0.43,"Total Cost": 1.45,"Plan Rows": 9,"Plan Width": 16,"Actual Startup Time": 0.007,"Actual Total Time": 0.007,"Actual Rows": 0,"Actual Loops": 144163,"Index Cond": "(l_orderkey = orders.o_orderkey)","Rows Removed by Index Recheck": 0,"Filter": "(l_shipdate > '1995-03-07'::date)","Rows Removed by Filter": 4,"Workers": []}]}]}]}]},"Planning Time": 6.127,"Triggers": [],"Execution Time": 559.165}]
[{"Plan": {"Node Type": "Sort","Parallel Aware": false,"Async Capable": false,"Startup Cost": 178496.66,"Total Cost": 179277.96,"Plan Rows": 312520,"Plan Width": 44,"Actual Startup Time": 544.665,"Actual Total Time": 554.391,"Actual Rows": 11638,"Actual Loops": 1,"Sort Key": ["(sum((lineitem.l_extendedprice * ('1'::numeric - lineitem.l_discount)))) DESC", "orders.o_orderdate"],"Sort Method": "quicksort","Sort Space Used": 1112,"Sort Space Type": "Memory","Plans": [{"Node Type": "Aggregate","Strategy": "Hashed","Partial Mode": "Simple","Parent Relationship": "Outer","Parallel Aware": false,"Async Capable": false,"Startup Cost": 146067.11,"Total Cost": 149973.61,"Plan Rows": 312520,"Plan Width": 44,"Actual Startup Time": 521.685,"Actual Total Time": 545.953,"Actual Rows": 11638,"Actual Loops": 1,"Group Key": ["lineitem.l_orderkey", "orders.o_orderdate", "orders.o_shippriority"],"Planned Partitions": 0,"HashAgg Batches": 1,"Peak Memory Usage": 20497,"Disk Usage": 0,"Plans": [{"Node Type": "Gather","Parent Relationship": "Outer","Parallel Aware": false,"Async Capable": false,"Startup Cost": 5521.58,"Total Cost": 141379.31,"Plan Rows": 312520,"Plan Width": 24,"Actual Startup Time": 33.380,"Actual Total Time": 496.153,"Actual Rows": 30390,"Actual Loops": 1,"Workers Planned": 3,"Workers Launched": 3,"Single Copy": false,"Plans": [{"Node Type": "Nested Loop","Parent Relationship": "Outer","Parallel Aware": false,"Async Capable": false,"Join Type": "Inner","Startup Cost": 4521.58,"Total Cost": 109127.31,"Plan Rows": 100813,"Plan Width": 24,"Actual Startup Time": 26.346,"Actual Total Time": 504.196,"Actual Rows": 7598,"Actual Loops": 4,"Inner Unique": false,"Workers": [],"Plans": [{"Node Type": "Hash Join","Parent Relationship": "Outer","Parallel Aware": true,"Async Capable": false,"Join Type": "Inner","Startup Cost": 4521.15,"Total Cost": 37288.18,"Plan Rows": 47102,"Plan Width": 12,"Actual Startup Time": 26.215,"Actual Total Time": 221.202,"Actual Rows": 37097,"Actual Loops": 4,"Inner Unique": true,"Hash Cond": "(orders.o_custkey = customer.c_custkey)","Workers": [],"Plans": [{"Node Type": "Seq Scan","Parent Relationship": "Outer","Parallel Aware": true,"Async Capable": false,"Relation Name": "orders","Alias": "orders","Startup Cost": 0.00,"Total Cost": 32143.39,"Plan Rows": 237570,"Plan Width": 16,"Actual Startup Time": 0.017,"Actual Total Time": 143.115,"Actual Rows": 183364,"Actual Loops": 4,"Filter": "(o_orderdate < '1995-03-25'::date)","Rows Removed by Filter": 191636,"Workers": []},{"Node Type": "Hash","Parent Relationship": "Inner","Parallel Aware": true,"Async Capable": false,"Startup Cost": 4366.25,"Total Cost": 4366.25,"Plan Rows": 12392,"Plan Width": 4,"Actual Startup Time": 25.757,"Actual Total Time": 25.760,"Actual Rows": 7536,"Actual Loops": 4,"Hash Buckets": 32768,"Original Hash Buckets": 32768,"Hash Batches": 1,"Original Hash Batches": 1,"Peak Memory Usage": 1472,"Workers": [],"Plans": [{"Node Type": "Seq Scan","Parent Relationship": "Outer","Parallel Aware": true,"Async Capable": false,"Relation Name": "customer","Alias": "customer","Startup Cost": 0.00,"Total Cost": 4366.25,"Plan Rows": 12392,"Plan Width": 4,"Actual Startup Time": 0.035,"Actual Total Time": 22.045,"Actual Rows": 7536,"Actual Loops": 4,"Filter": "(c_mktsegment = 'BUILDING'::bpchar)","Rows Removed by Filter": 29964,"Workers": []}]}]},{"Node Type": "Index Scan","Parent Relationship": "Inner","Parallel Aware": false,"Async Capable": false,"Scan Direction": "Forward","Index Name": "idx_lineitem_orderkey","Relation Name": "lineitem","Alias": "lineitem","Startup Cost": 0.43,"Total Cost": 1.44,"Plan Rows": 9,"Plan Width": 16,"Actual Startup Time": 0.007,"Actual Total Time": 0.007,"Actual Rows": 0,"Actual Loops": 148389,"Index Cond": "(l_orderkey = orders.o_orderkey)","Rows Removed by Index Recheck": 0,"Filter": "(l_shipdate > '1995-03-25'::date)","Rows Removed by Filter": 4,"Workers": []}]}]}]}]},"Planning Time": 5.606,"Triggers": [],"Execution Time": 566.394}]
[{"Plan": {"Node Type": "Sort","Parallel Aware": false,"Async Capable": false,"Startup Cost": 177352.65,"Total Cost": 178130.92,"Plan Rows": 311310,"Plan Width": 44,"Actual Startup Time": 533.784,"Actual Total Time": 544.143,"Actual Rows": 11499,"Actual Loops": 1,"Sort Key": ["(sum((lineitem.l_extendedprice * ('1'::numeric - lineitem.l_discount)))) DESC", "orders.o_orderdate"],"Sort Method": "quicksort","Sort Space Used": 1103,"Sort Space Type": "Memory","Plans": [{"Node Type": "Aggregate","Strategy": "Hashed","Partial Mode": "Simple","Parent Relationship": "Outer","Parallel Aware": false,"Async Capable": false,"Startup Cost": 145057.36,"Total Cost": 148948.73,"Plan Rows": 311310,"Plan Width": 44,"Actual Startup Time": 511.266,"Actual Total Time": 535.852,"Actual Rows": 11499,"Actual Loops": 1,"Group Key": ["lineitem.l_orderkey", "orders.o_orderdate", "orders.o_shippriority"],"Planned Partitions": 0,"HashAgg Batches": 1,"Peak Memory Usage": 20497,"Disk Usage": 0,"Plans": [{"Node Type": "Gather","Parent Relationship": "Outer","Parallel Aware": false,"Async Capable": false,"Startup Cost": 5521.08,"Total Cost": 140387.71,"Plan Rows": 311310,"Plan Width": 24,"Actual Startup Time": 34.837,"Actual Total Time": 486.900,"Actual Rows": 30380,"Actual Loops": 1,"Workers Planned": 3,"Workers Launched": 3,"Single Copy": false,"Plans": [{"Node Type": "Nested Loop","Parent Relationship": "Outer","Parallel Aware": false,"Async Capable": false,"Join Type": "Inner","Startup Cost": 4521.08,"Total Cost": 108256.71,"Plan Rows": 100423,"Plan Width": 24,"Actual Startup Time": 27.929,"Actual Total Time": 493.826,"Actual Rows": 7595,"Actual Loops": 4,"Inner Unique": false,"Workers": [],"Plans": [{"Node Type": "Hash Join","Parent Relationship": "Outer","Parallel Aware": true,"Async Capable": false,"Join Type": "Inner","Startup Cost": 4520.65,"Total Cost": 37277.96,"Plan Rows": 46220,"Plan Width": 12,"Actual Startup Time": 27.418,"Actual Total Time": 218.394,"Actual Rows": 35952,"Actual Loops": 4,"Inner Unique": true,"Hash Cond": "(orders.o_custkey = customer.c_custkey)","Workers": [],"Plans": [{"Node Type": "Seq Scan","Parent Relationship": "Outer","Parallel Aware": true,"Async Capable": false,"Relation Name": "orders","Alias": "orders","Startup Cost": 0.00,"Total Cost": 32143.39,"Plan Rows": 233868,"Plan Width": 16,"Actual Startup Time": 0.015,"Actual Total Time": 139.729,"Actual Rows": 180728,"Actual Loops": 4,"Filter": "(o_orderdate < '1995-03-08'::date)","Rows Removed by Filter": 194272,"Workers": []},{"Node Type": "Hash","Parent Relationship": "Inner","Parallel Aware": true,"Async Capable": false,"Startup Cost": 4366.25,"Total Cost": 4366.25,"Plan Rows": 12352,"Plan Width": 4,"Actual Startup Time": 26.935,"Actual Total Time": 26.940,"Actual Rows": 7438,"Actual Loops": 4,"Hash Buckets": 32768,"Original Hash Buckets": 32768,"Hash Batches": 1,"Original Hash Batches": 1,"Peak Memory Usage": 1504,"Workers": [],"Plans": [{"Node Type": "Seq Scan","Parent Relationship": "Outer","Parallel Aware": true,"Async Capable": false,"Relation Name": "customer","Alias": "customer","Startup Cost": 0.00,"Total Cost": 4366.25,"Plan Rows": 12352,"Plan Width": 4,"Actual Startup Time": 0.030,"Actual Total Time": 22.975,"Actual Rows": 7438,"Actual Loops": 4,"Filter": "(c_mktsegment = 'AUTOMOBILE'::bpchar)","Rows Removed by Filter": 30062,"Workers": []}]}]},{"Node Type": "Index Scan","Parent Relationship": "Inner","Parallel Aware": false,"Async Capable": false,"Scan Direction": "Forward","Index Name": "idx_lineitem_orderkey","Relation Name": "lineitem","Alias": "lineitem","Startup Cost": 0.43,"Total Cost": 1.45,"Plan Rows": 9,"Plan Width": 16,"Actual Startup Time": 0.007,"Actual Total Time": 0.007,"Actual Rows": 0,"Actual Loops": 143810,"Index Cond": "(l_orderkey = orders.o_orderkey)","Rows Removed by Index Recheck": 0,"Filter": "(l_shipdate > '1995-03-08'::date)","Rows Removed by Filter": 4,"Workers": []}]}]}]}]},"Planning Time": 5.182,"Triggers": [],"Execution Time": 556.060}]
[{"Plan": {"Node Type": "Sort","Parallel Aware": false,"Async Capable": false,"Startup Cost": 178351.74,"Total Cost": 179133.04,"Plan Rows": 312519,"Plan Width": 44,"Actual Startup Time": 548.809,"Actual Total Time": 557.389,"Actual Rows": 11682,"Actual Loops": 1,"Sort Key": ["(sum((lineitem.l_extendedprice * ('1'::numeric - lineitem.l_discount)))) DESC", "orders.o_orderdate"],"Sort Method": "quicksort","Sort Space Used": 1115,"Sort Space Type": "Memory","Plans": [{"Node Type": "Aggregate","Strategy": "Hashed","Partial Mode": "Simple","Parent Relationship": "Outer","Parallel Aware": false,"Async Capable": false,"Startup Cost": 145922.30,"Total Cost": 149828.78,"Plan Rows": 312519,"Plan Width": 44,"Actual Startup Time": 524.368,"Actual Total Time": 548.690,"Actual Rows": 11682,"Actual Loops": 1,"Group Key": ["lineitem.l_orderkey", "orders.o_orderdate", "orders.o_shippriority"],"Planned Partitions": 0,"HashAgg Batches": 1,"Peak Memory Usage": 20497,"Disk Usage": 0,"Plans": [{"Node Type": "Gather","Parent Relationship": "Outer","Parallel Aware": false,"Async Capable": false,"Startup Cost": 5521.58,"Total Cost": 141234.51,"Plan Rows": 312519,"Plan Width": 24,"Actual Startup Time": 32.817,"Actual Total Time": 493.396,"Actual Rows": 30541,"Actual Loops": 1,"Workers Planned": 3,"Workers Launched": 3,"Single Copy": false,"Plans": [{"Node Type": "Nested Loop","Parent Relationship": "Outer","Parallel Aware": false,"Async Capable": false,"Join Type": "Inner","Startup Cost": 4521.58,"Total Cost": 108982.61,"Plan Rows": 100813,"Plan Width": 24,"Actual Startup Time": 25.716,"Actual Total Time": 505.621,"Actual Rows": 7635,"Actual Loops": 4,"Inner Unique": false,"Workers": [],"Plans": [{"Node Type": "Hash Join","Parent Relationship": "Outer","Parallel Aware": true,"Async Capable": false,"Join Type": "Inner","Startup Cost": 4521.15,"Total Cost": 37286.00,"Plan Rows": 46937,"Plan Width": 12,"Actual Startup Time": 25.583,"Actual Total Time": 219.401,"Actual Rows": 36976,"Actual Loops": 4,"Inner Unique": true,"Hash Cond": "(orders.o_custkey = customer.c_custkey)","Workers": [],"Plans": [{"Node Type": "Seq Scan","Parent Relationship": "Outer","Parallel Aware": true,"Async Capable": false,"Relation Name": "orders","Alias": "orders","Startup Cost": 0.00,"Total Cost": 32143.39,"Plan Rows": 236740,"Plan Width": 16,"Actual Startup Time": 0.014,"Actual Total Time": 141.889,"Actual Rows": 182768,"Actual Loops": 4,"Filter": "(o_orderdate < '1995-03-21'::date)","Rows Removed by Filter": 192232,"Workers": []},{"Node Type": "Hash","Parent Relationship": "Inner","Parallel Aware": true,"Async Capable": false,"Startup Cost": 4366.25,"Total Cost": 4366.25,"Plan Rows": 12392,"Plan Width": 4,"Actual Startup Time": 25.178,"Actual Total Time": 25.182,"Actual Rows": 7536,"Actual Loops": 4,"Hash Buckets": 32768,"Original Hash Buckets": 32768,"Hash Batches": 1,"Original Hash Batches": 1,"Peak Memory Usage": 1504,"Workers": [],"Plans": [{"Node Type": "Seq Scan","Parent Relationship": "Outer","Parallel Aware": true,"Async Capable": false,"Relation Name": "customer","Alias": "customer","Startup Cost": 0.00,"Total Cost": 4366.25,"Plan Rows": 12392,"Plan Width": 4,"Actual Startup Time": 0.026,"Actual Total Time": 21.383,"Actual Rows": 7536,"Actual Loops": 4,"Filter": "(c_mktsegment = 'BUILDING'::bpchar)","Rows Removed by Filter": 29964,"Workers": []}]}]},{"Node Type": "Index Scan","Parent Relationship": "Inner","Parallel Aware": false,"Async Capable": false,"Scan Direction": "Forward","Index Name": "idx_lineitem_orderkey","Relation Name": "lineitem","Alias": "lineitem","Startup Cost": 0.43,"Total Cost": 1.44,"Plan Rows": 9,"Plan Width": 16,"Actual Startup Time": 0.007,"Actual Total Time": 0.007,"Actual Rows": 0,"Actual Loops": 147906,"Index Cond": "(l_orderkey = orders.o_orderkey)","Rows Removed by Index Recheck": 0,"Filter": "(l_shipdate > '1995-03-21'::date)","Rows Removed by Filter": 4,"Workers": []}]}]}]}]},"Planning Time": 6.952,"Triggers": [],"Execution Time": 569.970}]
[{"Plan": {"Node Type": "Sort","Parallel Aware": false,"Async Capable": false,"Startup Cost": 179671.46,"Total Cost": 180459.20,"Plan Rows": 315094,"Plan Width": 44,"Actual Startup Time": 538.967,"Actual Total Time": 547.458,"Actual Rows": 11229,"Actual Loops": 1,"Sort Key": ["(sum((lineitem.l_extendedprice * ('1'::numeric - lineitem.l_discount)))) DESC", "orders.o_orderdate"],"Sort Method": "quicksort","Sort Space Used": 1086,"Sort Space Type": "Memory","Plans": [{"Node Type": "Aggregate","Strategy": "Hashed","Partial Mode": "Simple","Parent Relationship": "Outer","Parallel Aware": false,"Async Capable": false,"Startup Cost": 146956.16,"Total Cost": 150894.84,"Plan Rows": 315094,"Plan Width": 44,"Actual Startup Time": 516.888,"Actual Total Time": 541.823,"Actual Rows": 11229,"Actual Loops": 1,"Group Key": ["lineitem.l_orderkey", "orders.o_orderdate", "orders.o_shippriority"],"Planned Partitions": 0,"HashAgg Batches": 1,"Peak Memory Usage": 20497,"Disk Usage": 0,"Plans": [{"Node Type": "Gather","Parent Relationship": "Outer","Parallel Aware": false,"Async Capable": false,"Startup Cost": 5522.86,"Total Cost": 142229.75,"Plan Rows": 315094,"Plan Width": 24,"Actual Startup Time": 32.109,"Actual Total Time": 496.690,"Actual Rows": 29649,"Actual Loops": 1,"Workers Planned": 3,"Workers Launched": 3,"Single Copy": false,"Plans": [{"Node Type": "Nested Loop","Parent Relationship": "Outer","Parallel Aware": false,"Async Capable": false,"Join Type": "Inner","Startup Cost": 4522.86,"Total Cost": 109720.35,"Plan Rows": 101643,"Plan Width": 24,"Actual Startup Time": 24.966,"Actual Total Time": 500.149,"Actual Rows": 7412,"Actual Loops": 4,"Inner Unique": false,"Workers": [],"Plans": [{"Node Type": "Hash Join","Parent Relationship": "Outer","Parallel Aware": true,"Async Capable": false,"Join Type": "Inner","Startup Cost": 4522.43,"Total Cost": 37289.46,"Plan Rows": 47490,"Plan Width": 12,"Actual Startup Time": 24.649,"Actual Total Time": 214.572,"Actual Rows": 36612,"Actual Loops": 4,"Inner Unique": true,"Hash Cond": "(orders.o_custkey = customer.c_custkey)","Workers": [],"Plans": [{"Node Type": "Seq Scan","Parent Relationship": "Outer","Parallel Aware": true,"Async Capable": false,"Relation Name": "orders","Alias": "orders","Startup Cost": 0.00,"Total Cost": 32143.39,"Plan Rows": 237570,"Plan Width": 16,"Actual Startup Time": 0.014,"Actual Total Time": 143.665,"Actual Rows": 183364,"Actual Loops": 4,"Filter": "(o_orderdate < '1995-03-25'::date)","Rows Removed by Filter": 191636,"Workers": []},{"Node Type": "Hash","Parent Relationship": "Inner","Parallel Aware": true,"Async Capable": false,"Startup Cost": 4366.25,"Total Cost": 4366.25,"Plan Rows": 12494,"Plan Width": 4,"Actual Startup Time": 24.245,"Actual Total Time": 24.248,"Actual Rows": 7487,"Actual Loops": 4,"Hash Buckets": 32768,"Original Hash Buckets": 32768,"Hash Batches": 1,"Original Hash Batches": 1,"Peak Memory Usage": 1504,"Workers": [],"Plans": [{"Node Type": "Seq Scan","Parent Relationship": "Outer","Parallel Aware": true,"Async Capable": false,"Relation Name": "customer","Alias": "customer","Startup Cost": 0.00,"Total Cost": 4366.25,"Plan Rows": 12494,"Plan Width": 4,"Actual Startup Time": 0.027,"Actual Total Time": 20.852,"Actual Rows": 7487,"Actual Loops": 4,"Filter": "(c_mktsegment = 'MACHINERY'::bpchar)","Rows Removed by Filter": 30013,"Workers": []}]}]},{"Node Type": "Index Scan","Parent Relationship": "Inner","Parallel Aware": false,"Async Capable": false,"Scan Direction": "Forward","Index Name": "idx_lineitem_orderkey","Relation Name": "lineitem","Alias": "lineitem","Startup Cost": 0.43,"Total Cost": 1.44,"Plan Rows": 9,"Plan Width": 16,"Actual Startup Time": 0.007,"Actual Total Time": 0.008,"Actual Rows": 0,"Actual Loops": 146446,"Index Cond": "(l_orderkey = orders.o_orderkey)","Rows Removed by Index Recheck": 0,"Filter": "(l_shipdate > '1995-03-25'::date)","Rows Removed by Filter": 4,"Workers": []}]}]}]}]},"Planning Time": 5.887,"Triggers": [],"Execution Time": 562.393}]
[{"Plan": {"Node Type": "Sort","Parallel Aware": false,"Async Capable": false,"Startup Cost": 178005.77,"Total Cost": 178784.57,"Plan Rows": 311521,"Plan Width": 44,"Actual Startup Time": 537.846,"Actual Total Time": 547.821,"Actual Rows": 11437,"Actual Loops": 1,"Sort Key": ["(sum((lineitem.l_extendedprice * ('1'::numeric - lineitem.l_discount)))) DESC", "orders.o_orderdate"],"Sort Method": "quicksort","Sort Space Used": 1099,"Sort Space Type": "Memory","Plans": [{"Node Type": "Aggregate","Strategy": "Hashed","Partial Mode": "Simple","Parent Relationship": "Outer","Parallel Aware": false,"Async Capable": false,"Startup Cost": 145687.07,"Total Cost": 149581.08,"Plan Rows": 311521,"Plan Width": 44,"Actual Startup Time": 515.858,"Actual Total Time": 539.208,"Actual Rows": 11437,"Actual Loops": 1,"Group Key": ["lineitem.l_orderkey", "orders.o_orderdate", "orders.o_shippriority"],"Planned Partitions": 0,"HashAgg Batches": 1,"Peak Memory Usage": 20497,"Disk Usage": 0,"Plans": [{"Node Type": "Gather","Parent Relationship": "Outer","Parallel Aware": false,"Async Capable": false,"Startup Cost": 5521.08,"Total Cost": 141014.25,"Plan Rows": 311521,"Plan Width": 24,"Actual Startup Time": 32.689,"Actual Total Time": 491.481,"Actual Rows": 30124,"Actual Loops": 1,"Workers Planned": 3,"Workers Launched": 3,"Single Copy": false,"Plans": [{"Node Type": "Nested Loop","Parent Relationship": "Outer","Parallel Aware": false,"Async Capable": false,"Join Type": "Inner","Startup Cost": 4521.08,"Total Cost": 108862.15,"Plan Rows": 100491,"Plan Width": 24,"Actual Startup Time": 25.859,"Actual Total Time": 498.328,"Actual Rows": 7531,"Actual Loops": 4,"Inner Unique": false,"Workers": [],"Plans": [{"Node Type": "Hash Join","Parent Relationship": "Outer","Parallel Aware": true,"Async Capable": false,"Join Type": "Inner","Startup Cost": 4520.65,"Total Cost": 37287.14,"Plan Rows": 46911,"Plan Width": 12,"Actual Startup Time": 25.365,"Actual Total Time": 218.390,"Actual Rows": 36440,"Actual Loops": 4,"Inner Unique": true,"Hash Cond": "(orders.o_custkey = customer.c_custkey)","Workers": [],"Plans": [{"Node Type": "Seq Scan","Parent Relationship": "Outer","Parallel Aware": true,"Async Capable": false,"Relation Name": "orders","Alias": "orders","Startup Cost": 0.00,"Total Cost": 32143.39,"Plan Rows": 237363,"Plan Width": 16,"Actual Startup Time": 0.014,"Actual Total Time": 142.702,"Actual Rows": 183220,"Actual Loops": 4,"Filter": "(o_orderdate < '1995-03-24'::date)","Rows Removed by Filter": 191780,"Workers": []},{"Node Type": "Hash","Parent Relationship": "Inner","Parallel Aware": true,"Async Capable": false,"Startup Cost": 4366.25,"Total Cost": 4366.25,"Plan Rows": 12352,"Plan Width": 4,"Actual Startup Time": 24.884,"Actual Total Time": 24.891,"Actual Rows": 7438,"Actual Loops": 4,"Hash Buckets": 32768,"Original Hash Buckets": 32768,"Hash Batches": 1,"Original Hash Batches": 1,"Peak Memory Usage": 1504,"Workers": [],"Plans": [{"Node Type": "Seq Scan","Parent Relationship": "Outer","Parallel Aware": true,"Async Capable": false,"Relation Name": "customer","Alias": "customer","Startup Cost": 0.00,"Total Cost": 4366.25,"Plan Rows": 12352,"Plan Width": 4,"Actual Startup Time": 0.048,"Actual Total Time": 21.105,"Actual Rows": 7438,"Actual Loops": 4,"Filter": "(c_mktsegment = 'AUTOMOBILE'::bpchar)","Rows Removed by Filter": 30062,"Workers": []}]}]},{"Node Type": "Index Scan","Parent Relationship": "Inner","Parallel Aware": false,"Async Capable": false,"Scan Direction": "Forward","Index Name": "idx_lineitem_orderkey","Relation Name": "lineitem","Alias": "lineitem","Startup Cost": 0.43,"Total Cost": 1.44,"Plan Rows": 9,"Plan Width": 16,"Actual Startup Time": 0.007,"Actual Total Time": 0.007,"Actual Rows": 0,"Actual Loops": 145762,"Index Cond": "(l_orderkey = orders.o_orderkey)","Rows Removed by Index Recheck": 0,"Filter": "(l_shipdate > '1995-03-24'::date)","Rows Removed by Filter": 4,"Workers": []}]}]}]}]},"Planning Time": 5.306,"Triggers": [],"Execution Time": 560.362}]
[{"Plan": {"Node Type": "Sort","Parallel Aware": false,"Async Capable": false,"Startup Cost": 179730.76,"Total Cost": 180519.02,"Plan Rows": 315304,"Plan Width": 44,"Actual Startup Time": 548.204,"Actual Total Time": 557.242,"Actual Rows": 11323,"Actual Loops": 1,"Sort Key": ["(sum((lineitem.l_extendedprice * ('1'::numeric - lineitem.l_discount)))) DESC", "orders.o_orderdate"],"Sort Method": "quicksort","Sort Space Used": 1092,"Sort Space Type": "Memory","Plans": [{"Node Type": "Aggregate","Strategy": "Hashed","Partial Mode": "Simple","Parent Relationship": "Outer","Parallel Aware": false,"Async Capable": false,"Startup Cost": 146992.14,"Total Cost": 150933.44,"Plan Rows": 315304,"Plan Width": 44,"Actual Startup Time": 526.852,"Actual Total Time": 551.379,"Actual Rows": 11323,"Actual Loops": 1,"Group Key": ["lineitem.l_orderkey", "orders.o_orderdate", "orders.o_shippriority"],"Planned Partitions": 0,"HashAgg Batches": 1,"Peak Memory Usage": 20497,"Disk Usage": 0,"Plans": [{"Node Type": "Gather","Parent Relationship": "Outer","Parallel Aware": false,"Async Capable": false,"Startup Cost": 5522.96,"Total Cost": 142262.58,"Plan Rows": 315304,"Plan Width": 24,"Actual Startup Time": 34.626,"Actual Total Time": 506.547,"Actual Rows": 30042,"Actual Loops": 1,"Workers Planned": 3,"Workers Launched": 3,"Single Copy": false,"Plans": [{"Node Type": "Nested Loop","Parent Relationship": "Outer","Parallel Aware": false,"Async Capable": false,"Join Type": "Inner","Startup Cost": 4522.96,"Total Cost": 109732.18,"Plan Rows": 101711,"Plan Width": 24,"Actual Startup Time": 27.072,"Actual Total Time": 509.771,"Actual Rows": 7510,"Actual Loops": 4,"Inner Unique": false,"Workers": [],"Plans": [{"Node Type": "Hash Join","Parent Relationship": "Outer","Parallel Aware": true,"Async Capable": false,"Join Type": "Inner","Startup Cost": 4522.52,"Total Cost": 37289.01,"Plan Rows": 47480,"Plan Width": 12,"Actual Startup Time": 26.948,"Actual Total Time": 224.205,"Actual Rows": 36562,"Actual Loops": 4,"Inner Unique": true,"Hash Cond": "(orders.o_custkey = customer.c_custkey)","Workers": [],"Plans": [{"Node Type": "Seq Scan","Parent Relationship": "Outer","Parallel Aware": true,"Async Capable": false,"Relation Name": "orders","Alias": "orders","Startup Cost": 0.00,"Total Cost": 32143.39,"Plan Rows": 237363,"Plan Width": 16,"Actual Startup Time": 0.020,"Actual Total Time": 146.316,"Actual Rows": 183220,"Actual Loops": 4,"Filter": "(o_orderdate < '1995-03-24'::date)","Rows Removed by Filter": 191780,"Workers": []},{"Node Type": "Hash","Parent Relationship": "Inner","Parallel Aware": true,"Async Capable": false,"Startup Cost": 4366.25,"Total Cost": 4366.25,"Plan Rows": 12502,"Plan Width": 4,"Actual Startup Time": 26.398,"Actual Total Time": 26.403,"Actual Rows": 7547,"Actual Loops": 4,"Hash Buckets": 32768,"Original Hash Buckets": 32768,"Hash Batches": 1,"Original Hash Batches": 1,"Peak Memory Usage": 1504,"Workers": [],"Plans": [{"Node Type": "Seq Scan","Parent Relationship": "Outer","Parallel Aware": true,"Async Capable": false,"Relation Name": "customer","Alias": "customer","Startup Cost": 0.00,"Total Cost": 4366.25,"Plan Rows": 12502,"Plan Width": 4,"Actual Startup Time": 0.041,"Actual Total Time": 23.060,"Actual Rows": 7547,"Actual Loops": 4,"Filter": "(c_mktsegment = 'HOUSEHOLD'::bpchar)","Rows Removed by Filter": 29953,"Workers": []}]}]},{"Node Type": "Index Scan","Parent Relationship": "Inner","Parallel Aware": false,"Async Capable": false,"Scan Direction": "Forward","Index Name": "idx_lineitem_orderkey","Relation Name": "lineitem","Alias": "lineitem","Startup Cost": 0.43,"Total Cost": 1.44,"Plan Rows": 9,"Plan Width": 16,"Actual Startup Time": 0.007,"Actual Total Time": 0.008,"Actual Rows": 0,"Actual Loops": 146246,"Index Cond": "(l_orderkey = orders.o_orderkey)","Rows Removed by Index Recheck": 0,"Filter": "(l_shipdate > '1995-03-24'::date)","Rows Removed by Filter": 4,"Workers": []}]}]}]}]},"Planning Time": 5.340,"Triggers": [],"Execution Time": 571.256}]
[{"Plan": {"Node Type": "Sort","Parallel Aware": false,"Async Capable": false,"Startup Cost": 179345.68,"Total Cost": 180133.66,"Plan Rows": 315193,"Plan Width": 44,"Actual Startup Time": 542.286,"Actual Total Time": 553.440,"Actual Rows": 11281,"Actual Loops": 1,"Sort Key": ["(sum((lineitem.l_extendedprice * ('1'::numeric - lineitem.l_discount)))) DESC", "orders.o_orderdate"],"Sort Method": "quicksort","Sort Space Used": 1090,"Sort Space Type": "Memory","Plans": [{"Node Type": "Aggregate","Strategy": "Hashed","Partial Mode": "Simple","Parent Relationship": "Outer","Parallel Aware": false,"Async Capable": false,"Startup Cost": 146619.38,"Total Cost": 150559.30,"Plan Rows": 315193,"Plan Width": 44,"Actual Startup Time": 519.988,"Actual Total Time": 545.164,"Actual Rows": 11281,"Actual Loops": 1,"Group Key": ["lineitem.l_orderkey", "orders.o_orderdate", "orders.o_shippriority"],"Planned Partitions": 0,"HashAgg Batches": 1,"Peak Memory Usage": 20497,"Disk Usage": 0,"Plans": [{"Node Type": "Gather","Parent Relationship": "Outer","Parallel Aware": false,"Async Capable": false,"Startup Cost": 5522.86,"Total Cost": 141891.49,"Plan Rows": 315193,"Plan Width": 24,"Actual Startup Time": 32.815,"Actual Total Time": 497.443,"Actual Rows": 29857,"Actual Loops": 1,"Workers Planned": 3,"Workers Launched": 3,"Single Copy": false,"Plans": [{"Node Type": "Nested Loop","Parent Relationship": "Outer","Parallel Aware": false,"Async Capable": false,"Join Type": "Inner","Startup Cost": 4522.86,"Total Cost": 109372.19,"Plan Rows": 101675,"Plan Width": 24,"Actual Startup Time": 25.584,"Actual Total Time": 502.763,"Actual Rows": 7464,"Actual Loops": 4,"Inner Unique": false,"Workers": [],"Plans": [{"Node Type": "Hash Join","Parent Relationship": "Outer","Parallel Aware": true,"Async Capable": false,"Join Type": "Inner","Startup Cost": 4522.43,"Total Cost": 37284.22,"Plan Rows": 47092,"Plan Width": 12,"Actual Startup Time": 25.285,"Actual Total Time": 221.250,"Actual Rows": 36304,"Actual Loops": 4,"Inner Unique": true,"Hash Cond": "(orders.o_custkey = customer.c_custkey)","Workers": [],"Plans": [{"Node Type": "Seq Scan","Parent Relationship": "Outer","Parallel Aware": true,"Async Capable": false,"Relation Name": "orders","Alias": "orders","Startup Cost": 0.00,"Total Cost": 32143.39,"Plan Rows": 235577,"Plan Width": 16,"Actual Startup Time": 0.014,"Actual Total Time": 143.461,"Actual Rows": 181826,"Actual Loops": 4,"Filter": "(o_orderdate < '1995-03-15'::date)","Rows Removed by Filter": 193174,"Workers": []},{"Node Type": "Hash","Parent Relationship": "Inner","Parallel Aware": true,"Async Capable": false,"Startup Cost": 4366.25,"Total Cost": 4366.25,"Plan Rows": 12494,"Plan Width": 4,"Actual Startup Time": 24.772,"Actual Total Time": 24.779,"Actual Rows": 7487,"Actual Loops": 4,"Hash Buckets": 32768,"Original Hash Buckets": 32768,"Hash Batches": 1,"Original Hash Batches": 1,"Peak Memory Usage": 1472,"Workers": [],"Plans": [{"Node Type": "Seq Scan","Parent Relationship": "Outer","Parallel Aware": true,"Async Capable": false,"Relation Name": "customer","Alias": "customer","Startup Cost": 0.00,"Total Cost": 4366.25,"Plan Rows": 12494,"Plan Width": 4,"Actual Startup Time": 0.042,"Actual Total Time": 21.057,"Actual Rows": 7487,"Actual Loops": 4,"Filter": "(c_mktsegment = 'MACHINERY'::bpchar)","Rows Removed by Filter": 30013,"Workers": []}]}]},{"Node Type": "Index Scan","Parent Relationship": "Inner","Parallel Aware": false,"Async Capable": false,"Scan Direction": "Forward","Index Name": "idx_lineitem_orderkey","Relation Name": "lineitem","Alias": "lineitem","Startup Cost": 0.43,"Total Cost": 1.44,"Plan Rows": 9,"Plan Width": 16,"Actual Startup Time": 0.007,"Actual Total Time": 0.008,"Actual Rows": 0,"Actual Loops": 145216,"Index Cond": "(l_orderkey = orders.o_orderkey)","Rows Removed by Index Recheck": 0,"Filter": "(l_shipdate > '1995-03-15'::date)","Rows Removed by Filter": 4,"Workers": []}]}]}]}]},"Planning Time": 5.611,"Triggers": [],"Execution Time": 566.378}]
[{"Plan": {"Node Type": "Sort","Parallel Aware": false,"Async Capable": false,"Startup Cost": 177163.45,"Total Cost": 177942.18,"Plan Rows": 311495,"Plan Width": 44,"Actual Startup Time": 531.057,"Actual Total Time": 540.409,"Actual Rows": 11415,"Actual Loops": 1,"Sort Key": ["(sum((lineitem.l_extendedprice * ('1'::numeric - lineitem.l_discount)))) DESC", "orders.o_orderdate"],"Sort Method": "quicksort","Sort Space Used": 1098,"Sort Space Type": "Memory","Plans": [{"Node Type": "Aggregate","Strategy": "Hashed","Partial Mode": "Simple","Parent Relationship": "Outer","Parallel Aware": false,"Async Capable": false,"Startup Cost": 144847.63,"Total Cost": 148741.32,"Plan Rows": 311495,"Plan Width": 44,"Actual Startup Time": 507.967,"Actual Total Time": 530.639,"Actual Rows": 11415,"Actual Loops": 1,"Group Key": ["lineitem.l_orderkey", "orders.o_orderdate", "orders.o_shippriority"],"Planned Partitions": 0,"HashAgg Batches": 1,"Peak Memory Usage": 20497,"Disk Usage": 0,"Plans": [{"Node Type": "Gather","Parent Relationship": "Outer","Parallel Aware": false,"Async Capable": false,"Startup Cost": 5521.08,"Total Cost": 140175.21,"Plan Rows": 311495,"Plan Width": 24,"Actual Startup Time": 32.601,"Actual Total Time": 481.770,"Actual Rows": 30210,"Actual Loops": 1,"Workers Planned": 3,"Workers Launched": 3,"Single Copy": false,"Plans": [{"Node Type": "Nested Loop","Parent Relationship": "Outer","Parallel Aware": false,"Async Capable": false,"Join Type": "Inner","Startup Cost": 4521.08,"Total Cost": 108025.71,"Plan Rows": 100482,"Plan Width": 24,"Actual Startup Time": 25.412,"Actual Total Time": 490.296,"Actual Rows": 7552,"Actual Loops": 4,"Inner Unique": false,"Workers": [],"Plans": [{"Node Type": "Hash Join","Parent Relationship": "Outer","Parallel Aware": true,"Async Capable": false,"Join Type": "Inner","Startup Cost": 4520.65,"Total Cost": 37274.45,"Plan Rows": 45956,"Plan Width": 12,"Actual Startup Time": 24.983,"Actual Total Time": 213.640,"Actual Rows": 35721,"Actual Loops": 4,"Inner Unique": true,"Hash Cond": "(orders.o_custkey = customer.c_custkey)","Workers": [],"Plans": [{"Node Type": "Seq Scan","Parent Relationship": "Outer","Parallel Aware": true,"Async Capable": false,"Relation Name": "orders","Alias": "orders","Startup Cost": 0.00,"Total Cost": 32143.39,"Plan Rows": 232531,"Plan Width": 16,"Actual Startup Time": 0.008,"Actual Total Time": 138.729,"Actual Rows": 179631,"Actual Loops": 4,"Filter": "(o_orderdate < '1995-03-01'::date)","Rows Removed by Filter": 195369,"Workers": []},{"Node Type": "Hash","Parent Relationship": "Inner","Parallel Aware": true,"Async Capable": false,"Startup Cost": 4366.25,"Total Cost": 4366.25,"Plan Rows": 12352,"Plan Width": 4,"Actual Startup Time": 24.482,"Actual Total Time": 24.486,"Actual Rows": 7438,"Actual Loops": 4,"Hash Buckets": 32768,"Original Hash Buckets": 32768,"Hash Batches": 1,"Original Hash Batches": 1,"Peak Memory Usage": 1504,"Workers": [],"Plans": [{"Node Type": "Seq Scan","Parent Relationship": "Outer","Parallel Aware": true,"Async Capable": false,"Relation Name": "customer","Alias": "customer","Startup Cost": 0.00,"Total Cost": 4366.25,"Plan Rows": 12352,"Plan Width": 4,"Actual Startup Time": 0.040,"Actual Total Time": 20.697,"Actual Rows": 7438,"Actual Loops": 4,"Filter": "(c_mktsegment = 'AUTOMOBILE'::bpchar)","Rows Removed by Filter": 30062,"Workers": []}]}]},{"Node Type": "Index Scan","Parent Relationship": "Inner","Parallel Aware": false,"Async Capable": false,"Scan Direction": "Forward","Index Name": "idx_lineitem_orderkey","Relation Name": "lineitem","Alias": "lineitem","Startup Cost": 0.43,"Total Cost": 1.45,"Plan Rows": 9,"Plan Width": 16,"Actual Startup Time": 0.007,"Actual Total Time": 0.007,"Actual Rows": 0,"Actual Loops": 142883,"Index Cond": "(l_orderkey = orders.o_orderkey)","Rows Removed by Index Recheck": 0,"Filter": "(l_shipdate > '1995-03-01'::date)","Rows Removed by Filter": 4,"Workers": []}]}]}]}]},"Planning Time": 5.553,"Triggers": [],"Execution Time": 552.988}]
[{"Plan": {"Node Type": "Sort","Parallel Aware": false,"Async Capable": false,"Startup Cost": 178351.74,"Total Cost": 179133.04,"Plan Rows": 312519,"Plan Width": 44,"Actual Startup Time": 548.809,"Actual Total Time": 557.389,"Actual Rows": 11682,"Actual Loops": 1,"Sort Key": ["(sum((lineitem.l_extendedprice * ('1'::numeric - lineitem.l_discount)))) DESC", "orders.o_orderdate"],"Sort Method": "quicksort","Sort Space Used": 1115,"Sort Space Type": "Memory","Plans": [{"Node Type": "Aggregate","Strategy": "Hashed","Partial Mode": "Simple","Parent Relationship": "Outer","Parallel Aware": false,"Async Capable": false,"Startup Cost": 145922.30,"Total Cost": 149828.78,"Plan Rows": 312519,"Plan Width": 44,"Actual Startup Time": 524.368,"Actual Total Time": 548.690,"Actual Rows": 11682,"Actual Loops": 1,"Group Key": ["lineitem.l_orderkey", "orders.o_orderdate", "orders.o_shippriority"],"Planned Partitions": 0,"HashAgg Batches": 1,"Peak Memory Usage": 20497,"Disk Usage": 0,"Plans": [{"Node Type": "Gather","Parent Relationship": "Outer","Parallel Aware": false,"Async Capable": false,"Startup Cost": 5521.58,"Total Cost": 141234.51,"Plan Rows": 312519,"Plan Width": 24,"Actual Startup Time": 32.817,"Actual Total Time": 493.396,"Actual Rows": 30541,"Actual Loops": 1,"Workers Planned": 3,"Workers Launched": 3,"Single Copy": false,"Plans": [{"Node Type": "Nested Loop","Parent Relationship": "Outer","Parallel Aware": false,"Async Capable": false,"Join Type": "Inner","Startup Cost": 4521.58,"Total Cost": 108982.61,"Plan Rows": 100813,"Plan Width": 24,"Actual Startup Time": 25.716,"Actual Total Time": 505.621,"Actual Rows": 7635,"Actual Loops": 4,"Inner Unique": false,"Workers": [],"Plans": [{"Node Type": "Hash Join","Parent Relationship": "Outer","Parallel Aware": true,"Async Capable": false,"Join Type": "Inner","Startup Cost": 4521.15,"Total Cost": 37286.00,"Plan Rows": 46937,"Plan Width": 12,"Actual Startup Time": 25.583,"Actual Total Time": 219.401,"Actual Rows": 36976,"Actual Loops": 4,"Inner Unique": true,"Hash Cond": "(orders.o_custkey = customer.c_custkey)","Workers": [],"Plans": [{"Node Type": "Seq Scan","Parent Relationship": "Outer","Parallel Aware": true,"Async Capable": false,"Relation Name": "orders","Alias": "orders","Startup Cost": 0.00,"Total Cost": 32143.39,"Plan Rows": 236740,"Plan Width": 16,"Actual Startup Time": 0.014,"Actual Total Time": 141.889,"Actual Rows": 182768,"Actual Loops": 4,"Filter": "(o_orderdate < '1995-03-21'::date)","Rows Removed by Filter": 192232,"Workers": []},{"Node Type": "Hash","Parent Relationship": "Inner","Parallel Aware": true,"Async Capable": false,"Startup Cost": 4366.25,"Total Cost": 4366.25,"Plan Rows": 12392,"Plan Width": 4,"Actual Startup Time": 25.178,"Actual Total Time": 25.182,"Actual Rows": 7536,"Actual Loops": 4,"Hash Buckets": 32768,"Original Hash Buckets": 32768,"Hash Batches": 1,"Original Hash Batches": 1,"Peak Memory Usage": 1504,"Workers": [],"Plans": [{"Node Type": "Seq Scan","Parent Relationship": "Outer","Parallel Aware": true,"Async Capable": false,"Relation Name": "customer","Alias": "customer","Startup Cost": 0.00,"Total Cost": 4366.25,"Plan Rows": 12392,"Plan Width": 4,"Actual Startup Time": 0.026,"Actual Total Time": 21.383,"Actual Rows": 7536,"Actual Loops": 4,"Filter": "(c_mktsegment = 'BUILDING'::bpchar)","Rows Removed by Filter": 29964,"Workers": []}]}]},{"Node Type": "Index Scan","Parent Relationship": "Inner","Parallel Aware": false,"Async Capable": false,"Scan Direction": "Forward","Index Name": "idx_lineitem_orderkey","Relation Name": "lineitem","Alias": "lineitem","Startup Cost": 0.43,"Total Cost": 1.44,"Plan Rows": 9,"Plan Width": 16,"Actual Startup Time": 0.007,"Actual Total Time": 0.007,"Actual Rows": 0,"Actual Loops": 147906,"Index Cond": "(l_orderkey = orders.o_orderkey)","Rows Removed by Index Recheck": 0,"Filter": "(l_shipdate > '1995-03-21'::date)","Rows Removed by Filter": 4,"Workers": []}]}]}]}]},"Planning Time": 6.952,"Triggers": [],"Execution Time": 569.970}]
[{"Plan": {"Node Type": "Sort","Parallel Aware": false,"Async Capable": false,"Startup Cost": 178253.54,"Total Cost": 179032.30,"Plan Rows": 311506,"Plan Width": 44,"Actual Startup Time": 542.990,"Actual Total Time": 552.619,"Actual Rows": 11412,"Actual Loops": 1,"Sort Key": ["(sum((lineitem.l_extendedprice * ('1'::numeric - lineitem.l_discount)))) DESC", "orders.o_orderdate"],"Sort Method": "quicksort","Sort Space Used": 1098,"Sort Space Type": "Memory","Plans": [{"Node Type": "Aggregate","Strategy": "Hashed","Partial Mode": "Simple","Parent Relationship": "Outer","Parallel Aware": false,"Async Capable": false,"Startup Cost": 145936.50,"Total Cost": 149830.33,"Plan Rows": 311506,"Plan Width": 44,"Actual Startup Time": 520.259,"Actual Total Time": 542.586,"Actual Rows": 11412,"Actual Loops": 1,"Group Key": ["lineitem.l_orderkey", "orders.o_orderdate", "orders.o_shippriority"],"Planned Partitions": 0,"HashAgg Batches": 1,"Peak Memory Usage": 20497,"Disk Usage": 0,"Plans": [{"Node Type": "Gather","Parent Relationship": "Outer","Parallel Aware": false,"Async Capable": false,"Startup Cost": 5521.08,"Total Cost": 141263.91,"Plan Rows": 311506,"Plan Width": 24,"Actual Startup Time": 34.718,"Actual Total Time": 493.864,"Actual Rows": 29909,"Actual Loops": 1,"Workers Planned": 3,"Workers Launched": 3,"Single Copy": false,"Plans": [{"Node Type": "Nested Loop","Parent Relationship": "Outer","Parallel Aware": false,"Async Capable": false,"Join Type": "Inner","Startup Cost": 4521.08,"Total Cost": 109113.31,"Plan Rows": 100486,"Plan Width": 24,"Actual Startup Time": 26.864,"Actual Total Time": 502.216,"Actual Rows": 7477,"Actual Loops": 4,"Inner Unique": false,"Workers": [],"Plans": [{"Node Type": "Hash Join","Parent Relationship": "Outer","Parallel Aware": true,"Async Capable": false,"Join Type": "Inner","Startup Cost": 4520.65,"Total Cost": 37290.95,"Plan Rows": 47198,"Plan Width": 12,"Actual Startup Time": 26.201,"Actual Total Time": 219.838,"Actual Rows": 36644,"Actual Loops": 4,"Inner Unique": true,"Hash Cond": "(orders.o_custkey = customer.c_custkey)","Workers": [],"Plans": [{"Node Type": "Seq Scan","Parent Relationship": "Outer","Parallel Aware": true,"Async Capable": false,"Relation Name": "orders","Alias": "orders","Startup Cost": 0.00,"Total Cost": 32143.39,"Plan Rows": 238816,"Plan Width": 16,"Actual Startup Time": 0.013,"Actual Total Time": 141.852,"Actual Rows": 184291,"Actual Loops": 4,"Filter": "(o_orderdate < '1995-03-31'::date)","Rows Removed by Filter": 190709,"Workers": []},{"Node Type": "Hash","Parent Relationship": "Inner","Parallel Aware": true,"Async Capable": false,"Startup Cost": 4366.25,"Total Cost": 4366.25,"Plan Rows": 12352,"Plan Width": 4,"Actual Startup Time": 25.646,"Actual Total Time": 25.652,"Actual Rows": 7438,"Actual Loops": 4,"Hash Buckets": 32768,"Original Hash Buckets": 32768,"Hash Batches": 1,"Original Hash Batches": 1,"Peak Memory Usage": 1472,"Workers": [],"Plans": [{"Node Type": "Seq Scan","Parent Relationship": "Outer","Parallel Aware": true,"Async Capable": false,"Relation Name": "customer","Alias": "customer","Startup Cost": 0.00,"Total Cost": 4366.25,"Plan Rows": 12352,"Plan Width": 4,"Actual Startup Time": 0.044,"Actual Total Time": 21.670,"Actual Rows": 7438,"Actual Loops": 4,"Filter": "(c_mktsegment = 'AUTOMOBILE'::bpchar)","Rows Removed by Filter": 30062,"Workers": []}]}]},{"Node Type": "Index Scan","Parent Relationship": "Inner","Parallel Aware": false,"Async Capable": false,"Scan Direction": "Forward","Index Name": "idx_lineitem_orderkey","Relation Name": "lineitem","Alias": "lineitem","Startup Cost": 0.43,"Total Cost": 1.43,"Plan Rows": 9,"Plan Width": 16,"Actual Startup Time": 0.007,"Actual Total Time": 0.007,"Actual Rows": 0,"Actual Loops": 146577,"Index Cond": "(l_orderkey = orders.o_orderkey)","Rows Removed by Index Recheck": 0,"Filter": "(l_shipdate > '1995-03-31'::date)","Rows Removed by Filter": 4,"Workers": []}]}]}]}]},"Planning Time": 5.431,"Triggers": [],"Execution Time": 565.719}]
[{"Plan": {"Node Type": "Sort","Parallel Aware": false,"Async Capable": false,"Startup Cost": 182437.94,"Total Cost": 183242.68,"Plan Rows": 321899,"Plan Width": 44,"Actual Startup Time": 534.370,"Actual Total Time": 546.079,"Actual Rows": 11402,"Actual Loops": 1,"Sort Key": ["(sum((lineitem.l_extendedprice * ('1'::numeric - lineitem.l_discount)))) DESC", "orders.o_orderdate"],"Sort Method": "quicksort","Sort Space Used": 1097,"Sort Space Type": "Memory","Plans": [{"Node Type": "Aggregate","Strategy": "Hashed","Partial Mode": "Simple","Parent Relationship": "Outer","Parallel Aware": false,"Async Capable": false,"Startup Cost": 148966.48,"Total Cost": 152990.22,"Plan Rows": 321899,"Plan Width": 44,"Actual Startup Time": 512.410,"Actual Total Time": 537.592,"Actual Rows": 11402,"Actual Loops": 1,"Group Key": ["lineitem.l_orderkey", "orders.o_orderdate", "orders.o_shippriority"],"Planned Partitions": 0,"HashAgg Batches": 1,"Peak Memory Usage": 20497,"Disk Usage": 0,"Plans": [{"Node Type": "Gather","Parent Relationship": "Outer","Parallel Aware": false,"Async Capable": false,"Startup Cost": 5526.18,"Total Cost": 144137.99,"Plan Rows": 321899,"Plan Width": 24,"Actual Startup Time": 34.981,"Actual Total Time": 489.482,"Actual Rows": 30241,"Actual Loops": 1,"Workers Planned": 3,"Workers Launched": 3,"Single Copy": false,"Plans": [{"Node Type": "Nested Loop","Parent Relationship": "Outer","Parallel Aware": false,"Async Capable": false,"Join Type": "Inner","Startup Cost": 4526.18,"Total Cost": 110948.09,"Plan Rows": 103838,"Plan Width": 24,"Actual Startup Time": 27.766,"Actual Total Time": 494.973,"Actual Rows": 7560,"Actual Loops": 4,"Inner Unique": false,"Workers": [],"Plans": [{"Node Type": "Hash Join","Parent Relationship": "Outer","Parallel Aware": true,"Async Capable": false,"Join Type": "Inner","Startup Cost": 4525.75,"Total Cost": 37288.05,"Plan Rows": 48136,"Plan Width": 12,"Actual Startup Time": 27.511,"Actual Total Time": 220.174,"Actual Rows": 36314,"Actual Loops": 4,"Inner Unique": true,"Hash Cond": "(orders.o_custkey = customer.c_custkey)","Workers": [],"Plans": [{"Node Type": "Seq Scan","Parent Relationship": "Outer","Parallel Aware": true,"Async Capable": false,"Relation Name": "orders","Alias": "orders","Startup Cost": 0.00,"Total Cost": 32143.39,"Plan Rows": 235768,"Plan Width": 16,"Actual Startup Time": 0.023,"Actual Total Time": 140.363,"Actual Rows": 181977,"Actual Loops": 4,"Filter": "(o_orderdate < '1995-03-16'::date)","Rows Removed by Filter": 193023,"Workers": []},{"Node Type": "Hash","Parent Relationship": "Inner","Parallel Aware": true,"Async Capable": false,"Startup Cost": 4366.25,"Total Cost": 4366.25,"Plan Rows": 12760,"Plan Width": 4,"Actual Startup Time": 27.040,"Actual Total Time": 27.049,"Actual Rows": 7492,"Actual Loops": 4,"Hash Buckets": 32768,"Original Hash Buckets": 32768,"Hash Batches": 1,"Original Hash Batches": 1,"Peak Memory Usage": 1504,"Workers": [],"Plans": [{"Node Type": "Seq Scan","Parent Relationship": "Outer","Parallel Aware": true,"Async Capable": false,"Relation Name": "customer","Alias": "customer","Startup Cost": 0.00,"Total Cost": 4366.25,"Plan Rows": 12760,"Plan Width": 4,"Actual Startup Time": 0.047,"Actual Total Time": 23.343,"Actual Rows": 7492,"Actual Loops": 4,"Filter": "(c_mktsegment = 'FURNITURE'::bpchar)","Rows Removed by Filter": 30008,"Workers": []}]}]},{"Node Type": "Index Scan","Parent Relationship": "Inner","Parallel Aware": false,"Async Capable": false,"Scan Direction": "Forward","Index Name": "idx_lineitem_orderkey","Relation Name": "lineitem","Alias": "lineitem","Startup Cost": 0.43,"Total Cost": 1.44,"Plan Rows": 9,"Plan Width": 16,"Actual Startup Time": 0.007,"Actual Total Time": 0.007,"Actual Rows": 0,"Actual Loops": 145255,"Index Cond": "(l_orderkey = orders.o_orderkey)","Rows Removed by Index Recheck": 0,"Filter": "(l_shipdate > '1995-03-16'::date)","Rows Removed by Filter": 4,"Workers": []}]}]}]}]},"Planning Time": 4.920,"Triggers": [],"Execution Time": 559.216}]
[{"Plan": {"Node Type": "Sort","Parallel Aware": false,"Async Capable": false,"Startup Cost": 179205.35,"Total Cost": 179992.70,"Plan Rows": 314941,"Plan Width": 44,"Actual Startup Time": 547.898,"Actual Total Time": 556.901,"Actual Rows": 11433,"Actual Loops": 1,"Sort Key": ["(sum((lineitem.l_extendedprice * ('1'::numeric - lineitem.l_discount)))) DESC", "orders.o_orderdate"],"Sort Method": "quicksort","Sort Space Used": 1099,"Sort Space Type": "Memory","Plans": [{"Node Type": "Aggregate","Strategy": "Hashed","Partial Mode": "Simple","Parent Relationship": "Outer","Parallel Aware": false,"Async Capable": false,"Startup Cost": 146507.04,"Total Cost": 150443.80,"Plan Rows": 314941,"Plan Width": 44,"Actual Startup Time": 525.001,"Actual Total Time": 548.382,"Actual Rows": 11433,"Actual Loops": 1,"Group Key": ["lineitem.l_orderkey", "orders.o_orderdate", "orders.o_shippriority"],"Planned Partitions": 0,"HashAgg Batches": 1,"Peak Memory Usage": 20497,"Disk Usage": 0,"Plans": [{"Node Type": "Gather","Parent Relationship": "Outer","Parallel Aware": false,"Async Capable": false,"Startup Cost": 5522.96,"Total Cost": 141782.92,"Plan Rows": 314941,"Plan Width": 24,"Actual Startup Time": 34.673,"Actual Total Time": 501.679,"Actual Rows": 30296,"Actual Loops": 1,"Workers Planned": 3,"Workers Launched": 3,"Single Copy": false,"Plans": [{"Node Type": "Nested Loop","Parent Relationship": "Outer","Parallel Aware": false,"Async Capable": false,"Join Type": "Inner","Startup Cost": 4522.96,"Total Cost": 109288.82,"Plan Rows": 101594,"Plan Width": 24,"Actual Startup Time": 27.127,"Actual Total Time": 507.623,"Actual Rows": 7574,"Actual Loops": 4,"Inner Unique": false,"Workers": [],"Plans": [{"Node Type": "Hash Join","Parent Relationship": "Outer","Parallel Aware": true,"Async Capable": false,"Join Type": "Inner","Startup Cost": 4522.52,"Total Cost": 37282.35,"Plan Rows": 46973,"Plan Width": 12,"Actual Startup Time": 26.994,"Actual Total Time": 224.261,"Actual Rows": 36225,"Actual Loops": 4,"Inner Unique": true,"Hash Cond": "(orders.o_custkey = customer.c_custkey)","Workers": [],"Plans": [{"Node Type": "Seq Scan","Parent Relationship": "Outer","Parallel Aware": true,"Async Capable": false,"Relation Name": "orders","Alias": "orders","Startup Cost": 0.00,"Total Cost": 32143.39,"Plan Rows": 234824,"Plan Width": 16,"Actual Startup Time": 0.014,"Actual Total Time": 146.442,"Actual Rows": 181502,"Actual Loops": 4,"Filter": "(o_orderdate < '1995-03-13'::date)","Rows Removed by Filter": 193498,"Workers": []},{"Node Type": "Hash","Parent Relationship": "Inner","Parallel Aware": true,"Async Capable": false,"Startup Cost": 4366.25,"Total Cost": 4366.25,"Plan Rows": 12502,"Plan Width": 4,"Actual Startup Time": 26.476,"Actual Total Time": 26.480,"Actual Rows": 7547,"Actual Loops": 4,"Hash Buckets": 32768,"Original Hash Buckets": 32768,"Hash Batches": 1,"Original Hash Batches": 1,"Peak Memory Usage": 1504,"Workers": [],"Plans": [{"Node Type": "Seq Scan","Parent Relationship": "Outer","Parallel Aware": true,"Async Capable": false,"Relation Name": "customer","Alias": "customer","Startup Cost": 0.00,"Total Cost": 4366.25,"Plan Rows": 12502,"Plan Width": 4,"Actual Startup Time": 0.049,"Actual Total Time": 23.106,"Actual Rows": 7547,"Actual Loops": 4,"Filter": "(c_mktsegment = 'HOUSEHOLD'::bpchar)","Rows Removed by Filter": 29953,"Workers": []}]}]},{"Node Type": "Index Scan","Parent Relationship": "Inner","Parallel Aware": false,"Async Capable": false,"Scan Direction": "Forward","Index Name": "idx_lineitem_orderkey","Relation Name": "lineitem","Alias": "lineitem","Startup Cost": 0.43,"Total Cost": 1.44,"Plan Rows": 9,"Plan Width": 16,"Actual Startup Time": 0.007,"Actual Total Time": 0.008,"Actual Rows": 0,"Actual Loops": 144901,"Index Cond": "(l_orderkey = orders.o_orderkey)","Rows Removed by Index Recheck": 0,"Filter": "(l_shipdate > '1995-03-13'::date)","Rows Removed by Filter": 4,"Workers": []}]}]}]}]},"Planning Time": 5.607,"Triggers": [],"Execution Time": 570.738}]
[{"Plan": {"Node Type": "Sort","Parallel Aware": false,"Async Capable": false,"Startup Cost": 179490.12,"Total Cost": 180277.85,"Plan Rows": 315092,"Plan Width": 44,"Actual Startup Time": 539.170,"Actual Total Time": 550.725,"Actual Rows": 11255,"Actual Loops": 1,"Sort Key": ["(sum((lineitem.l_extendedprice * ('1'::numeric - lineitem.l_discount)))) DESC", "orders.o_orderdate"],"Sort Method": "quicksort","Sort Space Used": 1088,"Sort Space Type": "Memory","Plans": [{"Node Type": "Aggregate","Strategy": "Hashed","Partial Mode": "Simple","Parent Relationship": "Outer","Parallel Aware": false,"Async Capable": false,"Startup Cost": 146775.04,"Total Cost": 150713.69,"Plan Rows": 315092,"Plan Width": 44,"Actual Startup Time": 516.544,"Actual Total Time": 542.577,"Actual Rows": 11255,"Actual Loops": 1,"Group Key": ["lineitem.l_orderkey", "orders.o_orderdate", "orders.o_shippriority"],"Planned Partitions": 0,"HashAgg Batches": 1,"Peak Memory Usage": 20497,"Disk Usage": 0,"Plans": [{"Node Type": "Gather","Parent Relationship": "Outer","Parallel Aware": false,"Async Capable": false,"Startup Cost": 5522.86,"Total Cost": 142048.66,"Plan Rows": 315092,"Plan Width": 24,"Actual Startup Time": 32.135,"Actual Total Time": 494.666,"Actual Rows": 29699,"Actual Loops": 1,"Workers Planned": 3,"Workers Launched": 3,"Single Copy": false,"Plans": [{"Node Type": "Nested Loop","Parent Relationship": "Outer","Parallel Aware": false,"Async Capable": false,"Join Type": "Inner","Startup Cost": 4522.86,"Total Cost": 109539.46,"Plan Rows": 101643,"Plan Width": 24,"Actual Startup Time": 25.089,"Actual Total Time": 498.862,"Actual Rows": 7425,"Actual Loops": 4,"Inner Unique": false,"Workers": [],"Plans": [{"Node Type": "Hash Join","Parent Relationship": "Outer","Parallel Aware": true,"Async Capable": false,"Join Type": "Inner","Startup Cost": 4522.43,"Total Cost": 37286.73,"Plan Rows": 47283,"Plan Width": 12,"Actual Startup Time": 24.777,"Actual Total Time": 218.334,"Actual Rows": 36457,"Actual Loops": 4,"Inner Unique": true,"Hash Cond": "(orders.o_custkey = customer.c_custkey)","Workers": [],"Plans": [{"Node Type": "Seq Scan","Parent Relationship": "Outer","Parallel Aware": true,"Async Capable": false,"Relation Name": "orders","Alias": "orders","Startup Cost": 0.00,"Total Cost": 32143.39,"Plan Rows": 236532,"Plan Width": 16,"Actual Startup Time": 0.018,"Actual Total Time": 141.873,"Actual Rows": 182617,"Actual Loops": 4,"Filter": "(o_orderdate < '1995-03-20'::date)","Rows Removed by Filter": 192383,"Workers": []},{"Node Type": "Hash","Parent Relationship": "Inner","Parallel Aware": true,"Async Capable": false,"Startup Cost": 4366.25,"Total Cost": 4366.25,"Plan Rows": 12494,"Plan Width": 4,"Actual Startup Time": 24.388,"Actual Total Time": 24.395,"Actual Rows": 7487,"Actual Loops": 4,"Hash Buckets": 32768,"Original Hash Buckets": 32768,"Hash Batches": 1,"Original Hash Batches": 1,"Peak Memory Usage": 1504,"Workers": [],"Plans": [{"Node Type": "Seq Scan","Parent Relationship": "Outer","Parallel Aware": true,"Async Capable": false,"Relation Name": "customer","Alias": "customer","Startup Cost": 0.00,"Total Cost": 4366.25,"Plan Rows": 12494,"Plan Width": 4,"Actual Startup Time": 0.039,"Actual Total Time": 20.722,"Actual Rows": 7487,"Actual Loops": 4,"Filter": "(c_mktsegment = 'MACHINERY'::bpchar)","Rows Removed by Filter": 30013,"Workers": []}]}]},{"Node Type": "Index Scan","Parent Relationship": "Inner","Parallel Aware": false,"Async Capable": false,"Scan Direction": "Forward","Index Name": "idx_lineitem_orderkey","Relation Name": "lineitem","Alias": "lineitem","Startup Cost": 0.43,"Total Cost": 1.44,"Plan Rows": 9,"Plan Width": 16,"Actual Startup Time": 0.007,"Actual Total Time": 0.007,"Actual Rows": 0,"Actual Loops": 145829,"Index Cond": "(l_orderkey = orders.o_orderkey)","Rows Removed by Index Recheck": 0,"Filter": "(l_shipdate > '1995-03-20'::date)","Rows Removed by Filter": 4,"Workers": []}]}]}]}]},"Planning Time": 6.733,"Triggers": [],"Execution Time": 563.008}]
[{"Plan": {"Node Type": "Sort","Parallel Aware": false,"Async Capable": false,"Startup Cost": 179840.01,"Total Cost": 180628.27,"Plan Rows": 315302,"Plan Width": 44,"Actual Startup Time": 536.209,"Actual Total Time": 547.140,"Actual Rows": 11360,"Actual Loops": 1,"Sort Key": ["(sum((lineitem.l_extendedprice * ('1'::numeric - lineitem.l_discount)))) DESC", "orders.o_orderdate"],"Sort Method": "quicksort","Sort Space Used": 1095,"Sort Space Type": "Memory","Plans": [{"Node Type": "Aggregate","Strategy": "Hashed","Partial Mode": "Simple","Parent Relationship": "Outer","Parallel Aware": false,"Async Capable": false,"Startup Cost": 147101.61,"Total Cost": 151042.89,"Plan Rows": 315302,"Plan Width": 44,"Actual Startup Time": 514.336,"Actual Total Time": 539.153,"Actual Rows": 11360,"Actual Loops": 1,"Group Key": ["lineitem.l_orderkey", "orders.o_orderdate", "orders.o_shippriority"],"Planned Partitions": 0,"HashAgg Batches": 1,"Peak Memory Usage": 20497,"Disk Usage": 0,"Plans": [{"Node Type": "Gather","Parent Relationship": "Outer","Parallel Aware": false,"Async Capable": false,"Startup Cost": 5522.96,"Total Cost": 142372.08,"Plan Rows": 315302,"Plan Width": 24,"Actual Startup Time": 33.159,"Actual Total Time": 491.189,"Actual Rows": 30106,"Actual Loops": 1,"Workers Planned": 3,"Workers Launched": 3,"Single Copy": false,"Plans": [{"Node Type": "Nested Loop","Parent Relationship": "Outer","Parallel Aware": false,"Async Capable": false,"Join Type": "Inner","Startup Cost": 4522.96,"Total Cost": 109841.88,"Plan Rows": 101710,"Plan Width": 24,"Actual Startup Time": 26.264,"Actual Total Time": 497.296,"Actual Rows": 7526,"Actual Loops": 4,"Inner Unique": false,"Workers": [],"Plans": [{"Node Type": "Hash Join","Parent Relationship": "Outer","Parallel Aware": true,"Async Capable": false,"Join Type": "Inner","Startup Cost": 4522.52,"Total Cost": 37290.65,"Plan Rows": 47605,"Plan Width": 12,"Actual Startup Time": 26.097,"Actual Total Time": 218.530,"Actual Rows": 36658,"Actual Loops": 4,"Inner Unique": true,"Hash Cond": "(orders.o_custkey = customer.c_custkey)","Workers": [],"Plans": [{"Node Type": "Seq Scan","Parent Relationship": "Outer","Parallel Aware": true,"Async Capable": false,"Relation Name": "orders","Alias": "orders","Startup Cost": 0.00,"Total Cost": 32143.39,"Plan Rows": 237986,"Plan Width": 16,"Actual Startup Time": 0.009,"Actual Total Time": 140.327,"Actual Rows": 183693,"Actual Loops": 4,"Filter": "(o_orderdate < '1995-03-27'::date)","Rows Removed by Filter": 191307,"Workers": []},{"Node Type": "Hash","Parent Relationship": "Inner","Parallel Aware": true,"Async Capable": false,"Startup Cost": 4366.25,"Total Cost": 4366.25,"Plan Rows": 12502,"Plan Width": 4,"Actual Startup Time": 25.648,"Actual Total Time": 25.654,"Actual Rows": 7547,"Actual Loops": 4,"Hash Buckets": 32768,"Original Hash Buckets": 32768,"Hash Batches": 1,"Original Hash Batches": 1,"Peak Memory Usage": 1504,"Workers": [],"Plans": [{"Node Type": "Seq Scan","Parent Relationship": "Outer","Parallel Aware": true,"Async Capable": false,"Relation Name": "customer","Alias": "customer","Startup Cost": 0.00,"Total Cost": 4366.25,"Plan Rows": 12502,"Plan Width": 4,"Actual Startup Time": 0.032,"Actual Total Time": 22.068,"Actual Rows": 7547,"Actual Loops": 4,"Filter": "(c_mktsegment = 'HOUSEHOLD'::bpchar)","Rows Removed by Filter": 29953,"Workers": []}]}]},{"Node Type": "Index Scan","Parent Relationship": "Inner","Parallel Aware": false,"Async Capable": false,"Scan Direction": "Forward","Index Name": "idx_lineitem_orderkey","Relation Name": "lineitem","Alias": "lineitem","Startup Cost": 0.43,"Total Cost": 1.43,"Plan Rows": 9,"Plan Width": 16,"Actual Startup Time": 0.007,"Actual Total Time": 0.007,"Actual Rows": 0,"Actual Loops": 146632,"Index Cond": "(l_orderkey = orders.o_orderkey)","Rows Removed by Index Recheck": 0,"Filter": "(l_shipdate > '1995-03-27'::date)","Rows Removed by Filter": 4,"Workers": []}]}]}]}]},"Planning Time": 5.927,"Triggers": [],"Execution Time": 559.640}]
[{"Plan": {"Node Type": "Sort","Parallel Aware": false,"Async Capable": false,"Startup Cost": 179708.56,"Total Cost": 180496.29,"Plan Rows": 315094,"Plan Width": 44,"Actual Startup Time": 530.546,"Actual Total Time": 539.933,"Actual Rows": 11231,"Actual Loops": 1,"Sort Key": ["(sum((lineitem.l_extendedprice * ('1'::numeric - lineitem.l_discount)))) DESC", "orders.o_orderdate"],"Sort Method": "quicksort","Sort Space Used": 1086,"Sort Space Type": "Memory","Plans": [{"Node Type": "Aggregate","Strategy": "Hashed","Partial Mode": "Simple","Parent Relationship": "Outer","Parallel Aware": false,"Async Capable": false,"Startup Cost": 146993.26,"Total Cost": 150931.93,"Plan Rows": 315094,"Plan Width": 44,"Actual Startup Time": 508.832,"Actual Total Time": 531.372,"Actual Rows": 11231,"Actual Loops": 1,"Group Key": ["lineitem.l_orderkey", "orders.o_orderdate", "orders.o_shippriority"],"Planned Partitions": 0,"HashAgg Batches": 1,"Peak Memory Usage": 20497,"Disk Usage": 0,"Plans": [{"Node Type": "Gather","Parent Relationship": "Outer","Parallel Aware": false,"Async Capable": false,"Startup Cost": 5522.86,"Total Cost": 142266.85,"Plan Rows": 315094,"Plan Width": 24,"Actual Startup Time": 32.810,"Actual Total Time": 484.090,"Actual Rows": 29646,"Actual Loops": 1,"Workers Planned": 3,"Workers Launched": 3,"Single Copy": false,"Plans": [{"Node Type": "Nested Loop","Parent Relationship": "Outer","Parallel Aware": false,"Async Capable": false,"Join Type": "Inner","Startup Cost": 4522.86,"Total Cost": 109757.45,"Plan Rows": 101643,"Plan Width": 24,"Actual Startup Time": 25.972,"Actual Total Time": 491.503,"Actual Rows": 7412,"Actual Loops": 4,"Inner Unique": false,"Workers": [],"Plans": [{"Node Type": "Hash Join","Parent Relationship": "Outer","Parallel Aware": true,"Async Capable": false,"Join Type": "Inner","Startup Cost": 4522.43,"Total Cost": 37290.00,"Plan Rows": 47532,"Plan Width": 12,"Actual Startup Time": 25.607,"Actual Total Time": 216.446,"Actual Rows": 36641,"Actual Loops": 4,"Inner Unique": true,"Hash Cond": "(orders.o_custkey = customer.c_custkey)","Workers": [],"Plans": [{"Node Type": "Seq Scan","Parent Relationship": "Outer","Parallel Aware": true,"Async Capable": false,"Relation Name": "orders","Alias": "orders","Startup Cost": 0.00,"Total Cost": 32143.39,"Plan Rows": 237778,"Plan Width": 16,"Actual Startup Time": 0.010,"Actual Total Time": 138.583,"Actual Rows": 183522,"Actual Loops": 4,"Filter": "(o_orderdate < '1995-03-26'::date)","Rows Removed by Filter": 191478,"Workers": []},{"Node Type": "Hash","Parent Relationship": "Inner","Parallel Aware": true,"Async Capable": false,"Startup Cost": 4366.25,"Total Cost": 4366.25,"Plan Rows": 12494,"Plan Width": 4,"Actual Startup Time": 25.164,"Actual Total Time": 25.170,"Actual Rows": 7487,"Actual Loops": 4,"Hash Buckets": 32768,"Original Hash Buckets": 32768,"Hash Batches": 1,"Original Hash Batches": 1,"Peak Memory Usage": 1472,"Workers": [],"Plans": [{"Node Type": "Seq Scan","Parent Relationship": "Outer","Parallel Aware": true,"Async Capable": false,"Relation Name": "customer","Alias": "customer","Startup Cost": 0.00,"Total Cost": 4366.25,"Plan Rows": 12494,"Plan Width": 4,"Actual Startup Time": 0.028,"Actual Total Time": 21.482,"Actual Rows": 7487,"Actual Loops": 4,"Filter": "(c_mktsegment = 'MACHINERY'::bpchar)","Rows Removed by Filter": 30013,"Workers": []}]}]},{"Node Type": "Index Scan","Parent Relationship": "Inner","Parallel Aware": false,"Async Capable": false,"Scan Direction": "Forward","Index Name": "idx_lineitem_orderkey","Relation Name": "lineitem","Alias": "lineitem","Startup Cost": 0.43,"Total Cost": 1.43,"Plan Rows": 9,"Plan Width": 16,"Actual Startup Time": 0.007,"Actual Total Time": 0.007,"Actual Rows": 0,"Actual Loops": 146564,"Index Cond": "(l_orderkey = orders.o_orderkey)","Rows Removed by Index Recheck": 0,"Filter": "(l_shipdate > '1995-03-26'::date)","Rows Removed by Filter": 4,"Workers": []}]}]}]}]},"Planning Time": 5.574,"Triggers": [],"Execution Time": 552.241}]
[{"Plan": {"Node Type": "Sort","Parallel Aware": false,"Async Capable": false,"Startup Cost": 178425.31,"Total Cost": 179206.61,"Plan Rows": 312521,"Plan Width": 44,"Actual Startup Time": 540.344,"Actual Total Time": 551.563,"Actual Rows": 11671,"Actual Loops": 1,"Sort Key": ["(sum((lineitem.l_extendedprice * ('1'::numeric - lineitem.l_discount)))) DESC", "orders.o_orderdate"],"Sort Method": "quicksort","Sort Space Used": 1114,"Sort Space Type": "Memory","Plans": [{"Node Type": "Aggregate","Strategy": "Hashed","Partial Mode": "Simple","Parent Relationship": "Outer","Parallel Aware": false,"Async Capable": false,"Startup Cost": 145995.64,"Total Cost": 149902.15,"Plan Rows": 312521,"Plan Width": 44,"Actual Startup Time": 518.167,"Actual Total Time": 543.011,"Actual Rows": 11671,"Actual Loops": 1,"Group Key": ["lineitem.l_orderkey", "orders.o_orderdate", "orders.o_shippriority"],"Planned Partitions": 0,"HashAgg Batches": 1,"Peak Memory Usage": 20497,"Disk Usage": 0,"Plans": [{"Node Type": "Gather","Parent Relationship": "Outer","Parallel Aware": false,"Async Capable": false,"Startup Cost": 5521.58,"Total Cost": 141307.82,"Plan Rows": 312521,"Plan Width": 24,"Actual Startup Time": 33.738,"Actual Total Time": 494.094,"Actual Rows": 30516,"Actual Loops": 1,"Workers Planned": 3,"Workers Launched": 3,"Single Copy": false,"Plans": [{"Node Type": "Nested Loop","Parent Relationship": "Outer","Parallel Aware": false,"Async Capable": false,"Join Type": "Inner","Startup Cost": 4521.58,"Total Cost": 109055.72,"Plan Rows": 100813,"Plan Width": 24,"Actual Startup Time": 27.044,"Actual Total Time": 500.944,"Actual Rows": 7629,"Actual Loops": 4,"Inner Unique": false,"Workers": [],"Plans": [{"Node Type": "Hash Join","Parent Relationship": "Outer","Parallel Aware": true,"Async Capable": false,"Join Type": "Inner","Startup Cost": 4521.15,"Total Cost": 37287.09,"Plan Rows": 47020,"Plan Width": 12,"Actual Startup Time": 26.918,"Actual Total Time": 218.749,"Actual Rows": 37039,"Actual Loops": 4,"Inner Unique": true,"Hash Cond": "(orders.o_custkey = customer.c_custkey)","Workers": [],"Plans": [{"Node Type": "Seq Scan","Parent Relationship": "Outer","Parallel Aware": true,"Async Capable": false,"Relation Name": "orders","Alias": "orders","Startup Cost": 0.00,"Total Cost": 32143.39,"Plan Rows": 237155,"Plan Width": 16,"Actual Startup Time": 0.011,"Actual Total Time": 140.451,"Actual Rows": 183072,"Actual Loops": 4,"Filter": "(o_orderdate < '1995-03-23'::date)","Rows Removed by Filter": 191928,"Workers": []},{"Node Type": "Hash","Parent Relationship": "Inner","Parallel Aware": true,"Async Capable": false,"Startup Cost": 4366.25,"Total Cost": 4366.25,"Plan Rows": 12392,"Plan Width": 4,"Actual Startup Time": 26.441,"Actual Total Time": 26.447,"Actual Rows": 7536,"Actual Loops": 4,"Hash Buckets": 32768,"Original Hash Buckets": 32768,"Hash Batches": 1,"Original Hash Batches": 1,"Peak Memory Usage": 1504,"Workers": [],"Plans": [{"Node Type": "Seq Scan","Parent Relationship": "Outer","Parallel Aware": true,"Async Capable": false,"Relation Name": "customer","Alias": "customer","Startup Cost": 0.00,"Total Cost": 4366.25,"Plan Rows": 12392,"Plan Width": 4,"Actual Startup Time": 0.038,"Actual Total Time": 22.563,"Actual Rows": 7536,"Actual Loops": 4,"Filter": "(c_mktsegment = 'BUILDING'::bpchar)","Rows Removed by Filter": 29964,"Workers": []}]}]},{"Node Type": "Index Scan","Parent Relationship": "Inner","Parallel Aware": false,"Async Capable": false,"Scan Direction": "Forward","Index Name": "idx_lineitem_orderkey","Relation Name": "lineitem","Alias": "lineitem","Startup Cost": 0.43,"Total Cost": 1.44,"Plan Rows": 9,"Plan Width": 16,"Actual Startup Time": 0.007,"Actual Total Time": 0.007,"Actual Rows": 0,"Actual Loops": 148155,"Index Cond": "(l_orderkey = orders.o_orderkey)","Rows Removed by Index Recheck": 0,"Filter": "(l_shipdate > '1995-03-23'::date)","Rows Removed by Filter": 4,"Workers": []}]}]}]}]},"Planning Time": 6.394,"Triggers": [],"Execution Time": 563.775}]
[{"Plan": {"Node Type": "Sort","Parallel Aware": false,"Async Capable": false,"Startup Cost": 179840.01,"Total Cost": 180628.27,"Plan Rows": 315302,"Plan Width": 44,"Actual Startup Time": 536.209,"Actual Total Time": 547.140,"Actual Rows": 11360,"Actual Loops": 1,"Sort Key": ["(sum((lineitem.l_extendedprice * ('1'::numeric - lineitem.l_discount)))) DESC", "orders.o_orderdate"],"Sort Method": "quicksort","Sort Space Used": 1095,"Sort Space Type": "Memory","Plans": [{"Node Type": "Aggregate","Strategy": "Hashed","Partial Mode": "Simple","Parent Relationship": "Outer","Parallel Aware": false,"Async Capable": false,"Startup Cost": 147101.61,"Total Cost": 151042.89,"Plan Rows": 315302,"Plan Width": 44,"Actual Startup Time": 514.336,"Actual Total Time": 539.153,"Actual Rows": 11360,"Actual Loops": 1,"Group Key": ["lineitem.l_orderkey", "orders.o_orderdate", "orders.o_shippriority"],"Planned Partitions": 0,"HashAgg Batches": 1,"Peak Memory Usage": 20497,"Disk Usage": 0,"Plans": [{"Node Type": "Gather","Parent Relationship": "Outer","Parallel Aware": false,"Async Capable": false,"Startup Cost": 5522.96,"Total Cost": 142372.08,"Plan Rows": 315302,"Plan Width": 24,"Actual Startup Time": 33.159,"Actual Total Time": 491.189,"Actual Rows": 30106,"Actual Loops": 1,"Workers Planned": 3,"Workers Launched": 3,"Single Copy": false,"Plans": [{"Node Type": "Nested Loop","Parent Relationship": "Outer","Parallel Aware": false,"Async Capable": false,"Join Type": "Inner","Startup Cost": 4522.96,"Total Cost": 109841.88,"Plan Rows": 101710,"Plan Width": 24,"Actual Startup Time": 26.264,"Actual Total Time": 497.296,"Actual Rows": 7526,"Actual Loops": 4,"Inner Unique": false,"Workers": [],"Plans": [{"Node Type": "Hash Join","Parent Relationship": "Outer","Parallel Aware": true,"Async Capable": false,"Join Type": "Inner","Startup Cost": 4522.52,"Total Cost": 37290.65,"Plan Rows": 47605,"Plan Width": 12,"Actual Startup Time": 26.097,"Actual Total Time": 218.530,"Actual Rows": 36658,"Actual Loops": 4,"Inner Unique": true,"Hash Cond": "(orders.o_custkey = customer.c_custkey)","Workers": [],"Plans": [{"Node Type": "Seq Scan","Parent Relationship": "Outer","Parallel Aware": true,"Async Capable": false,"Relation Name": "orders","Alias": "orders","Startup Cost": 0.00,"Total Cost": 32143.39,"Plan Rows": 237986,"Plan Width": 16,"Actual Startup Time": 0.009,"Actual Total Time": 140.327,"Actual Rows": 183693,"Actual Loops": 4,"Filter": "(o_orderdate < '1995-03-27'::date)","Rows Removed by Filter": 191307,"Workers": []},{"Node Type": "Hash","Parent Relationship": "Inner","Parallel Aware": true,"Async Capable": false,"Startup Cost": 4366.25,"Total Cost": 4366.25,"Plan Rows": 12502,"Plan Width": 4,"Actual Startup Time": 25.648,"Actual Total Time": 25.654,"Actual Rows": 7547,"Actual Loops": 4,"Hash Buckets": 32768,"Original Hash Buckets": 32768,"Hash Batches": 1,"Original Hash Batches": 1,"Peak Memory Usage": 1504,"Workers": [],"Plans": [{"Node Type": "Seq Scan","Parent Relationship": "Outer","Parallel Aware": true,"Async Capable": false,"Relation Name": "customer","Alias": "customer","Startup Cost": 0.00,"Total Cost": 4366.25,"Plan Rows": 12502,"Plan Width": 4,"Actual Startup Time": 0.032,"Actual Total Time": 22.068,"Actual Rows": 7547,"Actual Loops": 4,"Filter": "(c_mktsegment = 'HOUSEHOLD'::bpchar)","Rows Removed by Filter": 29953,"Workers": []}]}]},{"Node Type": "Index Scan","Parent Relationship": "Inner","Parallel Aware": false,"Async Capable": false,"Scan Direction": "Forward","Index Name": "idx_lineitem_orderkey","Relation Name": "lineitem","Alias": "lineitem","Startup Cost": 0.43,"Total Cost": 1.43,"Plan Rows": 9,"Plan Width": 16,"Actual Startup Time": 0.007,"Actual Total Time": 0.007,"Actual Rows": 0,"Actual Loops": 146632,"Index Cond": "(l_orderkey = orders.o_orderkey)","Rows Removed by Index Recheck": 0,"Filter": "(l_shipdate > '1995-03-27'::date)","Rows Removed by Filter": 4,"Workers": []}]}]}]}]},"Planning Time": 5.927,"Triggers": [],"Execution Time": 559.640}]
[{"Plan": {"Node Type": "Sort","Parallel Aware": false,"Async Capable": false,"Startup Cost": 177725.71,"Total Cost": 178506.68,"Plan Rows": 312389,"Plan Width": 44,"Actual Startup Time": 523.215,"Actual Total Time": 533.385,"Actual Rows": 11627,"Actual Loops": 1,"Sort Key": ["(sum((lineitem.l_extendedprice * ('1'::numeric - lineitem.l_discount)))) DESC", "orders.o_orderdate"],"Sort Method": "quicksort","Sort Space Used": 1111,"Sort Space Type": "Memory","Plans": [{"Node Type": "Aggregate","Strategy": "Hashed","Partial Mode": "Simple","Parent Relationship": "Outer","Parallel Aware": false,"Async Capable": false,"Startup Cost": 145310.69,"Total Cost": 149215.55,"Plan Rows": 312389,"Plan Width": 44,"Actual Startup Time": 500.756,"Actual Total Time": 524.985,"Actual Rows": 11627,"Actual Loops": 1,"Group Key": ["lineitem.l_orderkey", "orders.o_orderdate", "orders.o_shippriority"],"Planned Partitions": 0,"HashAgg Batches": 1,"Peak Memory Usage": 20497,"Disk Usage": 0,"Plans": [{"Node Type": "Gather","Parent Relationship": "Outer","Parallel Aware": false,"Async Capable": false,"Startup Cost": 5521.58,"Total Cost": 140624.85,"Plan Rows": 312389,"Plan Width": 24,"Actual Startup Time": 29.370,"Actual Total Time": 477.742,"Actual Rows": 30538,"Actual Loops": 1,"Workers Planned": 3,"Workers Launched": 3,"Single Copy": false,"Plans": [{"Node Type": "Nested Loop","Parent Relationship": "Outer","Parallel Aware": false,"Async Capable": false,"Join Type": "Inner","Startup Cost": 4521.58,"Total Cost": 108385.95,"Plan Rows": 100771,"Plan Width": 24,"Actual Startup Time": 22.616,"Actual Total Time": 484.399,"Actual Rows": 7634,"Actual Loops": 4,"Inner Unique": false,"Workers": [],"Plans": [{"Node Type": "Hash Join","Parent Relationship": "Outer","Parallel Aware": true,"Async Capable": false,"Join Type": "Inner","Startup Cost": 4521.15,"Total Cost": 37276.96,"Plan Rows": 46255,"Plan Width": 12,"Actual Startup Time": 22.455,"Actual Total Time": 206.580,"Actual Rows": 36453,"Actual Loops": 4,"Inner Unique": true,"Hash Cond": "(orders.o_custkey = customer.c_custkey)","Workers": [],"Plans": [{"Node Type": "Seq Scan","Parent Relationship": "Outer","Parallel Aware": true,"Async Capable": false,"Relation Name": "orders","Alias": "orders","Startup Cost": 0.00,"Total Cost": 32143.39,"Plan Rows": 233295,"Plan Width": 16,"Actual Startup Time": 0.014,"Actual Total Time": 138.966,"Actual Rows": 180256,"Actual Loops": 4,"Filter": "(o_orderdate < '1995-03-05'::date)","Rows Removed by Filter": 194744,"Workers": []},{"Node Type": "Hash","Parent Relationship": "Inner","Parallel Aware": true,"Async Capable": false,"Startup Cost": 4366.25,"Total Cost": 4366.25,"Plan Rows": 12392,"Plan Width": 4,"Actual Startup Time": 21.980,"Actual Total Time": 21.985,"Actual Rows": 7536,"Actual Loops": 4,"Hash Buckets": 32768,"Original Hash Buckets": 32768,"Hash Batches": 1,"Original Hash Batches": 1,"Peak Memory Usage": 1504,"Workers": [],"Plans": [{"Node Type": "Seq Scan","Parent Relationship": "Outer","Parallel Aware": true,"Async Capable": false,"Relation Name": "customer","Alias": "customer","Startup Cost": 0.00,"Total Cost": 4366.25,"Plan Rows": 12392,"Plan Width": 4,"Actual Startup Time": 0.034,"Actual Total Time": 18.933,"Actual Rows": 7536,"Actual Loops": 4,"Filter": "(c_mktsegment = 'BUILDING'::bpchar)","Rows Removed by Filter": 29964,"Workers": []}]}]},{"Node Type": "Index Scan","Parent Relationship": "Inner","Parallel Aware": false,"Async Capable": false,"Scan Direction": "Forward","Index Name": "idx_lineitem_orderkey","Relation Name": "lineitem","Alias": "lineitem","Startup Cost": 0.43,"Total Cost": 1.45,"Plan Rows": 9,"Plan Width": 16,"Actual Startup Time": 0.007,"Actual Total Time": 0.007,"Actual Rows": 0,"Actual Loops": 145813,"Index Cond": "(l_orderkey = orders.o_orderkey)","Rows Removed by Index Recheck": 0,"Filter": "(l_shipdate > '1995-03-05'::date)","Rows Removed by Filter": 4,"Workers": []}]}]}]}]},"Planning Time": 5.587,"Triggers": [],"Execution Time": 546.497}]
[{"Plan": {"Node Type": "Sort","Parallel Aware": false,"Async Capable": false,"Startup Cost": 179708.56,"Total Cost": 180496.29,"Plan Rows": 315094,"Plan Width": 44,"Actual Startup Time": 530.546,"Actual Total Time": 539.933,"Actual Rows": 11231,"Actual Loops": 1,"Sort Key": ["(sum((lineitem.l_extendedprice * ('1'::numeric - lineitem.l_discount)))) DESC", "orders.o_orderdate"],"Sort Method": "quicksort","Sort Space Used": 1086,"Sort Space Type": "Memory","Plans": [{"Node Type": "Aggregate","Strategy": "Hashed","Partial Mode": "Simple","Parent Relationship": "Outer","Parallel Aware": false,"Async Capable": false,"Startup Cost": 146993.26,"Total Cost": 150931.93,"Plan Rows": 315094,"Plan Width": 44,"Actual Startup Time": 508.832,"Actual Total Time": 531.372,"Actual Rows": 11231,"Actual Loops": 1,"Group Key": ["lineitem.l_orderkey", "orders.o_orderdate", "orders.o_shippriority"],"Planned Partitions": 0,"HashAgg Batches": 1,"Peak Memory Usage": 20497,"Disk Usage": 0,"Plans": [{"Node Type": "Gather","Parent Relationship": "Outer","Parallel Aware": false,"Async Capable": false,"Startup Cost": 5522.86,"Total Cost": 142266.85,"Plan Rows": 315094,"Plan Width": 24,"Actual Startup Time": 32.810,"Actual Total Time": 484.090,"Actual Rows": 29646,"Actual Loops": 1,"Workers Planned": 3,"Workers Launched": 3,"Single Copy": false,"Plans": [{"Node Type": "Nested Loop","Parent Relationship": "Outer","Parallel Aware": false,"Async Capable": false,"Join Type": "Inner","Startup Cost": 4522.86,"Total Cost": 109757.45,"Plan Rows": 101643,"Plan Width": 24,"Actual Startup Time": 25.972,"Actual Total Time": 491.503,"Actual Rows": 7412,"Actual Loops": 4,"Inner Unique": false,"Workers": [],"Plans": [{"Node Type": "Hash Join","Parent Relationship": "Outer","Parallel Aware": true,"Async Capable": false,"Join Type": "Inner","Startup Cost": 4522.43,"Total Cost": 37290.00,"Plan Rows": 47532,"Plan Width": 12,"Actual Startup Time": 25.607,"Actual Total Time": 216.446,"Actual Rows": 36641,"Actual Loops": 4,"Inner Unique": true,"Hash Cond": "(orders.o_custkey = customer.c_custkey)","Workers": [],"Plans": [{"Node Type": "Seq Scan","Parent Relationship": "Outer","Parallel Aware": true,"Async Capable": false,"Relation Name": "orders","Alias": "orders","Startup Cost": 0.00,"Total Cost": 32143.39,"Plan Rows": 237778,"Plan Width": 16,"Actual Startup Time": 0.010,"Actual Total Time": 138.583,"Actual Rows": 183522,"Actual Loops": 4,"Filter": "(o_orderdate < '1995-03-26'::date)","Rows Removed by Filter": 191478,"Workers": []},{"Node Type": "Hash","Parent Relationship": "Inner","Parallel Aware": true,"Async Capable": false,"Startup Cost": 4366.25,"Total Cost": 4366.25,"Plan Rows": 12494,"Plan Width": 4,"Actual Startup Time": 25.164,"Actual Total Time": 25.170,"Actual Rows": 7487,"Actual Loops": 4,"Hash Buckets": 32768,"Original Hash Buckets": 32768,"Hash Batches": 1,"Original Hash Batches": 1,"Peak Memory Usage": 1472,"Workers": [],"Plans": [{"Node Type": "Seq Scan","Parent Relationship": "Outer","Parallel Aware": true,"Async Capable": false,"Relation Name": "customer","Alias": "customer","Startup Cost": 0.00,"Total Cost": 4366.25,"Plan Rows": 12494,"Plan Width": 4,"Actual Startup Time": 0.028,"Actual Total Time": 21.482,"Actual Rows": 7487,"Actual Loops": 4,"Filter": "(c_mktsegment = 'MACHINERY'::bpchar)","Rows Removed by Filter": 30013,"Workers": []}]}]},{"Node Type": "Index Scan","Parent Relationship": "Inner","Parallel Aware": false,"Async Capable": false,"Scan Direction": "Forward","Index Name": "idx_lineitem_orderkey","Relation Name": "lineitem","Alias": "lineitem","Startup Cost": 0.43,"Total Cost": 1.43,"Plan Rows": 9,"Plan Width": 16,"Actual Startup Time": 0.007,"Actual Total Time": 0.007,"Actual Rows": 0,"Actual Loops": 146564,"Index Cond": "(l_orderkey = orders.o_orderkey)","Rows Removed by Index Recheck": 0,"Filter": "(l_shipdate > '1995-03-26'::date)","Rows Removed by Filter": 4,"Workers": []}]}]}]}]},"Planning Time": 5.574,"Triggers": [],"Execution Time": 552.241}]
[{"Plan": {"Node Type": "Sort","Parallel Aware": false,"Async Capable": false,"Startup Cost": 179804.69,"Total Cost": 180592.94,"Plan Rows": 315303,"Plan Width": 44,"Actual Startup Time": 542.776,"Actual Total Time": 553.211,"Actual Rows": 11336,"Actual Loops": 1,"Sort Key": ["(sum((lineitem.l_extendedprice * ('1'::numeric - lineitem.l_discount)))) DESC", "orders.o_orderdate"],"Sort Method": "quicksort","Sort Space Used": 1093,"Sort Space Type": "Memory","Plans": [{"Node Type": "Aggregate","Strategy": "Hashed","Partial Mode": "Simple","Parent Relationship": "Outer","Parallel Aware": false,"Async Capable": false,"Startup Cost": 147066.18,"Total Cost": 151007.47,"Plan Rows": 315303,"Plan Width": 44,"Actual Startup Time": 520.823,"Actual Total Time": 545.103,"Actual Rows": 11336,"Actual Loops": 1,"Group Key": ["lineitem.l_orderkey", "orders.o_orderdate", "orders.o_shippriority"],"Planned Partitions": 0,"HashAgg Batches": 1,"Peak Memory Usage": 20497,"Disk Usage": 0,"Plans": [{"Node Type": "Gather","Parent Relationship": "Outer","Parallel Aware": false,"Async Capable": false,"Startup Cost": 5522.96,"Total Cost": 142336.63,"Plan Rows": 315303,"Plan Width": 24,"Actual Startup Time": 32.578,"Actual Total Time": 497.024,"Actual Rows": 30040,"Actual Loops": 1,"Workers Planned": 3,"Workers Launched": 3,"Single Copy": false,"Plans": [{"Node Type": "Nested Loop","Parent Relationship": "Outer","Parallel Aware": false,"Async Capable": false,"Join Type": "Inner","Startup Cost": 4522.96,"Total Cost": 109806.33,"Plan Rows": 101711,"Plan Width": 24,"Actual Startup Time": 25.344,"Actual Total Time": 503.386,"Actual Rows": 7510,"Actual Loops": 4,"Inner Unique": false,"Workers": [],"Plans": [{"Node Type": "Hash Join","Parent Relationship": "Outer","Parallel Aware": true,"Async Capable": false,"Join Type": "Inner","Startup Cost": 4522.52,"Total Cost": 37290.10,"Plan Rows": 47564,"Plan Width": 12,"Actual Startup Time": 25.202,"Actual Total Time": 221.429,"Actual Rows": 36624,"Actual Loops": 4,"Inner Unique": true,"Hash Cond": "(orders.o_custkey = customer.c_custkey)","Workers": [],"Plans": [{"Node Type": "Seq Scan","Parent Relationship": "Outer","Parallel Aware": true,"Async Capable": false,"Relation Name": "orders","Alias": "orders","Startup Cost": 0.00,"Total Cost": 32143.39,"Plan Rows": 237778,"Plan Width": 16,"Actual Startup Time": 0.020,"Actual Total Time": 143.854,"Actual Rows": 183522,"Actual Loops": 4,"Filter": "(o_orderdate < '1995-03-26'::date)","Rows Removed by Filter": 191478,"Workers": []},{"Node Type": "Hash","Parent Relationship": "Inner","Parallel Aware": true,"Async Capable": false,"Startup Cost": 4366.25,"Total Cost": 4366.25,"Plan Rows": 12502,"Plan Width": 4,"Actual Startup Time": 24.745,"Actual Total Time": 24.748,"Actual Rows": 7547,"Actual Loops": 4,"Hash Buckets": 32768,"Original Hash Buckets": 32768,"Hash Batches": 1,"Original Hash Batches": 1,"Peak Memory Usage": 1472,"Workers": [],"Plans": [{"Node Type": "Seq Scan","Parent Relationship": "Outer","Parallel Aware": true,"Async Capable": false,"Relation Name": "customer","Alias": "customer","Startup Cost": 0.00,"Total Cost": 4366.25,"Plan Rows": 12502,"Plan Width": 4,"Actual Startup Time": 0.038,"Actual Total Time": 21.032,"Actual Rows": 7547,"Actual Loops": 4,"Filter": "(c_mktsegment = 'HOUSEHOLD'::bpchar)","Rows Removed by Filter": 29953,"Workers": []}]}]},{"Node Type": "Index Scan","Parent Relationship": "Inner","Parallel Aware": false,"Async Capable": false,"Scan Direction": "Forward","Index Name": "idx_lineitem_orderkey","Relation Name": "lineitem","Alias": "lineitem","Startup Cost": 0.43,"Total Cost": 1.43,"Plan Rows": 9,"Plan Width": 16,"Actual Startup Time": 0.007,"Actual Total Time": 0.007,"Actual Rows": 0,"Actual Loops": 146495,"Index Cond": "(l_orderkey = orders.o_orderkey)","Rows Removed by Index Recheck": 0,"Filter": "(l_shipdate > '1995-03-26'::date)","Rows Removed by Filter": 4,"Workers": []}]}]}]}]},"Planning Time": 6.245,"Triggers": [],"Execution Time": 565.304}]
[{"Plan": {"Node Type": "Sort","Parallel Aware": false,"Async Capable": false,"Startup Cost": 182467.77,"Total Cost": 183272.47,"Plan Rows": 321880,"Plan Width": 44,"Actual Startup Time": 539.955,"Actual Total Time": 550.669,"Actual Rows": 11421,"Actual Loops": 1,"Sort Key": ["(sum((lineitem.l_extendedprice * ('1'::numeric - lineitem.l_discount)))) DESC", "orders.o_orderdate"],"Sort Method": "quicksort","Sort Space Used": 1098,"Sort Space Type": "Memory","Plans": [{"Node Type": "Aggregate","Strategy": "Hashed","Partial Mode": "Simple","Parent Relationship": "Outer","Parallel Aware": false,"Async Capable": false,"Startup Cost": 148998.43,"Total Cost": 153021.93,"Plan Rows": 321880,"Plan Width": 44,"Actual Startup Time": 517.542,"Actual Total Time": 542.197,"Actual Rows": 11421,"Actual Loops": 1,"Group Key": ["lineitem.l_orderkey", "orders.o_orderdate", "orders.o_shippriority"],"Planned Partitions": 0,"HashAgg Batches": 1,"Peak Memory Usage": 20497,"Disk Usage": 0,"Plans": [{"Node Type": "Gather","Parent Relationship": "Outer","Parallel Aware": false,"Async Capable": false,"Startup Cost": 5526.18,"Total Cost": 144170.23,"Plan Rows": 321880,"Plan Width": 24,"Actual Startup Time": 33.465,"Actual Total Time": 493.489,"Actual Rows": 30285,"Actual Loops": 1,"Workers Planned": 3,"Workers Launched": 3,"Single Copy": false,"Plans": [{"Node Type": "Nested Loop","Parent Relationship": "Outer","Parallel Aware": false,"Async Capable": false,"Join Type": "Inner","Startup Cost": 4526.18,"Total Cost": 110982.23,"Plan Rows": 103832,"Plan Width": 24,"Actual Startup Time": 26.640,"Actual Total Time": 500.298,"Actual Rows": 7571,"Actual Loops": 4,"Inner Unique": false,"Workers": [],"Plans": [{"Node Type": "Hash Join","Parent Relationship": "Outer","Parallel Aware": true,"Async Capable": false,"Join Type": "Inner","Startup Cost": 4525.75,"Total Cost": 37288.55,"Plan Rows": 48175,"Plan Width": 12,"Actual Startup Time": 26.440,"Actual Total Time": 221.692,"Actual Rows": 36348,"Actual Loops": 4,"Inner Unique": true,"Hash Cond": "(orders.o_custkey = customer.c_custkey)","Workers": [],"Plans": [{"Node Type": "Seq Scan","Parent Relationship": "Outer","Parallel Aware": true,"Async Capable": false,"Relation Name": "orders","Alias": "orders","Startup Cost": 0.00,"Total Cost": 32143.39,"Plan Rows": 235959,"Plan Width": 16,"Actual Startup Time": 0.015,"Actual Total Time": 142.630,"Actual Rows": 182140,"Actual Loops": 4,"Filter": "(o_orderdate < '1995-03-17'::date)","Rows Removed by Filter": 192860,"Workers": []},{"Node Type": "Hash","Parent Relationship": "Inner","Parallel Aware": true,"Async Capable": false,"Startup Cost": 4366.25,"Total Cost": 4366.25,"Plan Rows": 12760,"Plan Width": 4,"Actual Startup Time": 25.972,"Actual Total Time": 25.976,"Actual Rows": 7492,"Actual Loops": 4,"Hash Buckets": 32768,"Original Hash Buckets": 32768,"Hash Batches": 1,"Original Hash Batches": 1,"Peak Memory Usage": 1472,"Workers": [],"Plans": [{"Node Type": "Seq Scan","Parent Relationship": "Outer","Parallel Aware": true,"Async Capable": false,"Relation Name": "customer","Alias": "customer","Startup Cost": 0.00,"Total Cost": 4366.25,"Plan Rows": 12760,"Plan Width": 4,"Actual Startup Time": 0.043,"Actual Total Time": 22.170,"Actual Rows": 7492,"Actual Loops": 4,"Filter": "(c_mktsegment = 'FURNITURE'::bpchar)","Rows Removed by Filter": 30008,"Workers": []}]}]},{"Node Type": "Index Scan","Parent Relationship": "Inner","Parallel Aware": false,"Async Capable": false,"Scan Direction": "Forward","Index Name": "idx_lineitem_orderkey","Relation Name": "lineitem","Alias": "lineitem","Startup Cost": 0.43,"Total Cost": 1.44,"Plan Rows": 9,"Plan Width": 16,"Actual Startup Time": 0.007,"Actual Total Time": 0.007,"Actual Rows": 0,"Actual Loops": 145393,"Index Cond": "(l_orderkey = orders.o_orderkey)","Rows Removed by Index Recheck": 0,"Filter": "(l_shipdate > '1995-03-17'::date)","Rows Removed by Filter": 4,"Workers": []}]}]}]}]},"Planning Time": 5.969,"Triggers": [],"Execution Time": 563.361}]
[{"Plan": {"Node Type": "Sort","Parallel Aware": false,"Async Capable": false,"Startup Cost": 182497.38,"Total Cost": 183302.03,"Plan Rows": 321860,"Plan Width": 44,"Actual Startup Time": 554.141,"Actual Total Time": 561.476,"Actual Rows": 11425,"Actual Loops": 1,"Sort Key": ["(sum((lineitem.l_extendedprice * ('1'::numeric - lineitem.l_discount)))) DESC", "orders.o_orderdate"],"Sort Method": "quicksort","Sort Space Used": 1099,"Sort Space Type": "Memory","Plans": [{"Node Type": "Aggregate","Strategy": "Hashed","Partial Mode": "Simple","Parent Relationship": "Outer","Parallel Aware": false,"Async Capable": false,"Startup Cost": 149030.26,"Total Cost": 153053.51,"Plan Rows": 321860,"Plan Width": 44,"Actual Startup Time": 531.569,"Actual Total Time": 555.749,"Actual Rows": 11425,"Actual Loops": 1,"Group Key": ["lineitem.l_orderkey", "orders.o_orderdate", "orders.o_shippriority"],"Planned Partitions": 0,"HashAgg Batches": 1,"Peak Memory Usage": 20497,"Disk Usage": 0,"Plans": [{"Node Type": "Gather","Parent Relationship": "Outer","Parallel Aware": false,"Async Capable": false,"Startup Cost": 5526.18,"Total Cost": 144202.36,"Plan Rows": 321860,"Plan Width": 24,"Actual Startup Time": 35.818,"Actual Total Time": 509.458,"Actual Rows": 30276,"Actual Loops": 1,"Workers Planned": 3,"Workers Launched": 3,"Single Copy": false,"Plans": [{"Node Type": "Nested Loop","Parent Relationship": "Outer","Parallel Aware": false,"Async Capable": false,"Join Type": "Inner","Startup Cost": 4526.18,"Total Cost": 111016.36,"Plan Rows": 103826,"Plan Width": 24,"Actual Startup Time": 28.353,"Actual Total Time": 513.990,"Actual Rows": 7569,"Actual Loops": 4,"Inner Unique": false,"Workers": [],"Plans": [{"Node Type": "Hash Join","Parent Relationship": "Outer","Parallel Aware": true,"Async Capable": false,"Join Type": "Inner","Startup Cost": 4525.75,"Total Cost": 37289.05,"Plan Rows": 48214,"Plan Width": 12,"Actual Startup Time": 28.122,"Actual Total Time": 225.881,"Actual Rows": 36380,"Actual Loops": 4,"Inner Unique": true,"Hash Cond": "(orders.o_custkey = customer.c_custkey)","Workers": [],"Plans": [{"Node Type": "Seq Scan","Parent Relationship": "Outer","Parallel Aware": true,"Async Capable": false,"Relation Name": "orders","Alias": "orders","Startup Cost": 0.00,"Total Cost": 32143.39,"Plan Rows": 236150,"Plan Width": 16,"Actual Startup Time": 0.013,"Actual Total Time": 148.020,"Actual Rows": 182297,"Actual Loops": 4,"Filter": "(o_orderdate < '1995-03-18'::date)","Rows Removed by Filter": 192703,"Workers": []},{"Node Type": "Hash","Parent Relationship": "Inner","Parallel Aware": true,"Async Capable": false,"Startup Cost": 4366.25,"Total Cost": 4366.25,"Plan Rows": 12760,"Plan Width": 4,"Actual Startup Time": 27.604,"Actual Total Time": 27.609,"Actual Rows": 7492,"Actual Loops": 4,"Hash Buckets": 32768,"Original Hash Buckets": 32768,"Hash Batches": 1,"Original Hash Batches": 1,"Peak Memory Usage": 1504,"Workers": [],"Plans": [{"Node Type": "Seq Scan","Parent Relationship": "Outer","Parallel Aware": true,"Async Capable": false,"Relation Name": "customer","Alias": "customer","Startup Cost": 0.00,"Total Cost": 4366.25,"Plan Rows": 12760,"Plan Width": 4,"Actual Startup Time": 0.053,"Actual Total Time": 24.061,"Actual Rows": 7492,"Actual Loops": 4,"Filter": "(c_mktsegment = 'FURNITURE'::bpchar)","Rows Removed by Filter": 30008,"Workers": []}]}]},{"Node Type": "Index Scan","Parent Relationship": "Inner","Parallel Aware": false,"Async Capable": false,"Scan Direction": "Forward","Index Name": "idx_lineitem_orderkey","Relation Name": "lineitem","Alias": "lineitem","Startup Cost": 0.43,"Total Cost": 1.44,"Plan Rows": 9,"Plan Width": 16,"Actual Startup Time": 0.008,"Actual Total Time": 0.008,"Actual Rows": 0,"Actual Loops": 145519,"Index Cond": "(l_orderkey = orders.o_orderkey)","Rows Removed by Index Recheck": 0,"Filter": "(l_shipdate > '1995-03-18'::date)","Rows Removed by Filter": 4,"Workers": []}]}]}]}]},"Planning Time": 4.963,"Triggers": [],"Execution Time": 575.422}]
[{"Plan": {"Node Type": "Sort","Parallel Aware": false,"Async Capable": false,"Startup Cost": 178933.85,"Total Cost": 179721.92,"Plan Rows": 315226,"Plan Width": 44,"Actual Startup Time": 520.961,"Actual Total Time": 531.060,"Actual Rows": 11445,"Actual Loops": 1,"Sort Key": ["(sum((lineitem.l_extendedprice * ('1'::numeric - lineitem.l_discount)))) DESC", "orders.o_orderdate"],"Sort Method": "quicksort","Sort Space Used": 1100,"Sort Space Type": "Memory","Plans": [{"Node Type": "Aggregate","Strategy": "Hashed","Partial Mode": "Simple","Parent Relationship": "Outer","Parallel Aware": false,"Async Capable": false,"Startup Cost": 146203.90,"Total Cost": 150144.22,"Plan Rows": 315226,"Plan Width": 44,"Actual Startup Time": 497.642,"Actual Total Time": 522.613,"Actual Rows": 11445,"Actual Loops": 1,"Group Key": ["lineitem.l_orderkey", "orders.o_orderdate", "orders.o_shippriority"],"Planned Partitions": 0,"HashAgg Batches": 1,"Peak Memory Usage": 20497,"Disk Usage": 0,"Plans": [{"Node Type": "Gather","Parent Relationship": "Outer","Parallel Aware": false,"Async Capable": false,"Startup Cost": 5522.96,"Total Cost": 141475.51,"Plan Rows": 315226,"Plan Width": 24,"Actual Startup Time": 30.647,"Actual Total Time": 475.525,"Actual Rows": 30319,"Actual Loops": 1,"Workers Planned": 3,"Workers Launched": 3,"Single Copy": false,"Plans": [{"Node Type": "Nested Loop","Parent Relationship": "Outer","Parallel Aware": false,"Async Capable": false,"Join Type": "Inner","Startup Cost": 4522.96,"Total Cost": 108952.91,"Plan Rows": 101686,"Plan Width": 24,"Actual Startup Time": 23.588,"Actual Total Time": 480.720,"Actual Rows": 7580,"Actual Loops": 4,"Inner Unique": false,"Workers": [],"Plans": [{"Node Type": "Hash Join","Parent Relationship": "Outer","Parallel Aware": true,"Async Capable": false,"Join Type": "Inner","Startup Cost": 4522.52,"Total Cost": 37277.33,"Plan Rows": 46590,"Plan Width": 12,"Actual Startup Time": 23.426,"Actual Total Time": 207.439,"Actual Rows": 35912,"Actual Loops": 4,"Inner Unique": true,"Hash Cond": "(orders.o_custkey = customer.c_custkey)","Workers": [],"Plans": [{"Node Type": "Seq Scan","Parent Relationship": "Outer","Parallel Aware": true,"Async Capable": false,"Relation Name": "orders","Alias": "orders","Startup Cost": 0.00,"Total Cost": 32143.39,"Plan Rows": 232913,"Plan Width": 16,"Actual Startup Time": 0.016,"Actual Total Time": 138.508,"Actual Rows": 179945,"Actual Loops": 4,"Filter": "(o_orderdate < '1995-03-03'::date)","Rows Removed by Filter": 195055,"Workers": []},{"Node Type": "Hash","Parent Relationship": "Inner","Parallel Aware": true,"Async Capable": false,"Startup Cost": 4366.25,"Total Cost": 4366.25,"Plan Rows": 12502,"Plan Width": 4,"Actual Startup Time": 22.992,"Actual Total Time": 22.998,"Actual Rows": 7547,"Actual Loops": 4,"Hash Buckets": 32768,"Original Hash Buckets": 32768,"Hash Batches": 1,"Original Hash Batches": 1,"Peak Memory Usage": 1504,"Workers": [],"Plans": [{"Node Type": "Seq Scan","Parent Relationship": "Outer","Parallel Aware": true,"Async Capable": false,"Relation Name": "customer","Alias": "customer","Startup Cost": 0.00,"Total Cost": 4366.25,"Plan Rows": 12502,"Plan Width": 4,"Actual Startup Time": 0.025,"Actual Total Time": 19.929,"Actual Rows": 7547,"Actual Loops": 4,"Filter": "(c_mktsegment = 'HOUSEHOLD'::bpchar)","Rows Removed by Filter": 29953,"Workers": []}]}]},{"Node Type": "Index Scan","Parent Relationship": "Inner","Parallel Aware": false,"Async Capable": false,"Scan Direction": "Forward","Index Name": "idx_lineitem_orderkey","Relation Name": "lineitem","Alias": "lineitem","Startup Cost": 0.43,"Total Cost": 1.45,"Plan Rows": 9,"Plan Width": 16,"Actual Startup Time": 0.007,"Actual Total Time": 0.007,"Actual Rows": 0,"Actual Loops": 143649,"Index Cond": "(l_orderkey = orders.o_orderkey)","Rows Removed by Index Recheck": 0,"Filter": "(l_shipdate > '1995-03-03'::date)","Rows Removed by Filter": 4,"Workers": []}]}]}]}]},"Planning Time": 6.905,"Triggers": [],"Execution Time": 544.356}]
[{"Plan": {"Node Type": "Sort","Parallel Aware": false,"Async Capable": false,"Startup Cost": 179526.14,"Total Cost": 180313.88,"Plan Rows": 315094,"Plan Width": 44,"Actual Startup Time": 538.751,"Actual Total Time": 549.981,"Actual Rows": 11264,"Actual Loops": 1,"Sort Key": ["(sum((lineitem.l_extendedprice * ('1'::numeric - lineitem.l_discount)))) DESC", "orders.o_orderdate"],"Sort Method": "quicksort","Sort Space Used": 1089,"Sort Space Type": "Memory","Plans": [{"Node Type": "Aggregate","Strategy": "Hashed","Partial Mode": "Simple","Parent Relationship": "Outer","Parallel Aware": false,"Async Capable": false,"Startup Cost": 146810.84,"Total Cost": 150749.52,"Plan Rows": 315094,"Plan Width": 44,"Actual Startup Time": 516.842,"Actual Total Time": 542.019,"Actual Rows": 11264,"Actual Loops": 1,"Group Key": ["lineitem.l_orderkey", "orders.o_orderdate", "orders.o_shippriority"],"Planned Partitions": 0,"HashAgg Batches": 1,"Peak Memory Usage": 20497,"Disk Usage": 0,"Plans": [{"Node Type": "Gather","Parent Relationship": "Outer","Parallel Aware": false,"Async Capable": false,"Startup Cost": 5522.86,"Total Cost": 142084.43,"Plan Rows": 315094,"Plan Width": 24,"Actual Startup Time": 34.785,"Actual Total Time": 494.380,"Actual Rows": 29743,"Actual Loops": 1,"Workers Planned": 3,"Workers Launched": 3,"Single Copy": false,"Plans": [{"Node Type": "Nested Loop","Parent Relationship": "Outer","Parallel Aware": false,"Async Capable": false,"Join Type": "Inner","Startup Cost": 4522.86,"Total Cost": 109575.03,"Plan Rows": 101643,"Plan Width": 24,"Actual Startup Time": 27.932,"Actual Total Time": 500.050,"Actual Rows": 7436,"Actual Loops": 4,"Inner Unique": false,"Workers": [],"Plans": [{"Node Type": "Hash Join","Parent Relationship": "Outer","Parallel Aware": true,"Async Capable": false,"Join Type": "Inner","Startup Cost": 4522.43,"Total Cost": 37287.28,"Plan Rows": 47324,"Plan Width": 12,"Actual Startup Time": 27.587,"Actual Total Time": 221.088,"Actual Rows": 36492,"Actual Loops": 4,"Inner Unique": true,"Hash Cond": "(orders.o_custkey = customer.c_custkey)","Workers": [],"Plans": [{"Node Type": "Seq Scan","Parent Relationship": "Outer","Parallel Aware": true,"Async Capable": false,"Relation Name": "orders","Alias": "orders","Startup Cost": 0.00,"Total Cost": 32143.39,"Plan Rows": 236740,"Plan Width": 16,"Actual Startup Time": 0.011,"Actual Total Time": 140.922,"Actual Rows": 182768,"Actual Loops": 4,"Filter": "(o_orderdate < '1995-03-21'::date)","Rows Removed by Filter": 192232,"Workers": []},{"Node Type": "Hash","Parent Relationship": "Inner","Parallel Aware": true,"Async Capable": false,"Startup Cost": 4366.25,"Total Cost": 4366.25,"Plan Rows": 12494,"Plan Width": 4,"Actual Startup Time": 27.136,"Actual Total Time": 27.139,"Actual Rows": 7487,"Actual Loops": 4,"Hash Buckets": 32768,"Original Hash Buckets": 32768,"Hash Batches": 1,"Original Hash Batches": 1,"Peak Memory Usage": 1504,"Workers": [],"Plans": [{"Node Type": "Seq Scan","Parent Relationship": "Outer","Parallel Aware": true,"Async Capable": false,"Relation Name": "customer","Alias": "customer","Startup Cost": 0.00,"Total Cost": 4366.25,"Plan Rows": 12494,"Plan Width": 4,"Actual Startup Time": 0.049,"Actual Total Time": 23.466,"Actual Rows": 7487,"Actual Loops": 4,"Filter": "(c_mktsegment = 'MACHINERY'::bpchar)","Rows Removed by Filter": 30013,"Workers": []}]}]},{"Node Type": "Index Scan","Parent Relationship": "Inner","Parallel Aware": false,"Async Capable": false,"Scan Direction": "Forward","Index Name": "idx_lineitem_orderkey","Relation Name": "lineitem","Alias": "lineitem","Startup Cost": 0.43,"Total Cost": 1.44,"Plan Rows": 9,"Plan Width": 16,"Actual Startup Time": 0.007,"Actual Total Time": 0.007,"Actual Rows": 0,"Actual Loops": 145966,"Index Cond": "(l_orderkey = orders.o_orderkey)","Rows Removed by Index Recheck": 0,"Filter": "(l_shipdate > '1995-03-21'::date)","Rows Removed by Filter": 4,"Workers": []}]}]}]}]},"Planning Time": 7.025,"Triggers": [],"Execution Time": 561.444}]
[{"Plan": {"Node Type": "Sort","Parallel Aware": false,"Async Capable": false,"Startup Cost": 179124.54,"Total Cost": 179912.11,"Plan Rows": 315030,"Plan Width": 44,"Actual Startup Time": 544.554,"Actual Total Time": 552.923,"Actual Rows": 11427,"Actual Loops": 1,"Sort Key": ["(sum((lineitem.l_extendedprice * ('1'::numeric - lineitem.l_discount)))) DESC", "orders.o_orderdate"],"Sort Method": "quicksort","Sort Space Used": 1099,"Sort Space Type": "Memory","Plans": [{"Node Type": "Aggregate","Strategy": "Hashed","Partial Mode": "Simple","Parent Relationship": "Outer","Parallel Aware": false,"Async Capable": false,"Startup Cost": 146416.34,"Total Cost": 150354.22,"Plan Rows": 315030,"Plan Width": 44,"Actual Startup Time": 522.269,"Actual Total Time": 546.798,"Actual Rows": 11427,"Actual Loops": 1,"Group Key": ["lineitem.l_orderkey", "orders.o_orderdate", "orders.o_shippriority"],"Planned Partitions": 0,"HashAgg Batches": 1,"Peak Memory Usage": 20497,"Disk Usage": 0,"Plans": [{"Node Type": "Gather","Parent Relationship": "Outer","Parallel Aware": false,"Async Capable": false,"Startup Cost": 5522.96,"Total Cost": 141690.89,"Plan Rows": 315030,"Plan Width": 24,"Actual Startup Time": 31.602,"Actual Total Time": 501.015,"Actual Rows": 30263,"Actual Loops": 1,"Workers Planned": 3,"Workers Launched": 3,"Single Copy": false,"Plans": [{"Node Type": "Nested Loop","Parent Relationship": "Outer","Parallel Aware": false,"Async Capable": false,"Join Type": "Inner","Startup Cost": 4522.96,"Total Cost": 109187.89,"Plan Rows": 101623,"Plan Width": 24,"Actual Startup Time": 24.545,"Actual Total Time": 505.363,"Actual Rows": 7566,"Actual Loops": 4,"Inner Unique": false,"Workers": [],"Plans": [{"Node Type": "Hash Join","Parent Relationship": "Outer","Parallel Aware": true,"Async Capable": false,"Join Type": "Inner","Startup Cost": 4522.52,"Total Cost": 37280.84,"Plan Rows": 46858,"Plan Width": 12,"Actual Startup Time": 24.421,"Actual Total Time": 220.625,"Actual Rows": 36128,"Actual Loops": 4,"Inner Unique": true,"Hash Cond": "(orders.o_custkey = customer.c_custkey)","Workers": [],"Plans": [{"Node Type": "Seq Scan","Parent Relationship": "Outer","Parallel Aware": true,"Async Capable": false,"Relation Name": "orders","Alias": "orders","Startup Cost": 0.00,"Total Cost": 32143.39,"Plan Rows": 234250,"Plan Width": 16,"Actual Startup Time": 0.010,"Actual Total Time": 145.817,"Actual Rows": 181030,"Actual Loops": 4,"Filter": "(o_orderdate < '1995-03-10'::date)","Rows Removed by Filter": 193970,"Workers": []},{"Node Type": "Hash","Parent Relationship": "Inner","Parallel Aware": true,"Async Capable": false,"Startup Cost": 4366.25,"Total Cost": 4366.25,"Plan Rows": 12502,"Plan Width": 4,"Actual Startup Time": 23.945,"Actual Total Time": 23.951,"Actual Rows": 7547,"Actual Loops": 4,"Hash Buckets": 32768,"Original Hash Buckets": 32768,"Hash Batches": 1,"Original Hash Batches": 1,"Peak Memory Usage": 1536,"Workers": [],"Plans": [{"Node Type": "Seq Scan","Parent Relationship": "Outer","Parallel Aware": true,"Async Capable": false,"Relation Name": "customer","Alias": "customer","Startup Cost": 0.00,"Total Cost": 4366.25,"Plan Rows": 12502,"Plan Width": 4,"Actual Startup Time": 0.035,"Actual Total Time": 20.501,"Actual Rows": 7547,"Actual Loops": 4,"Filter": "(c_mktsegment = 'HOUSEHOLD'::bpchar)","Rows Removed by Filter": 29953,"Workers": []}]}]},{"Node Type": "Index Scan","Parent Relationship": "Inner","Parallel Aware": false,"Async Capable": false,"Scan Direction": "Forward","Index Name": "idx_lineitem_orderkey","Relation Name": "lineitem","Alias": "lineitem","Startup Cost": 0.43,"Total Cost": 1.44,"Plan Rows": 9,"Plan Width": 16,"Actual Startup Time": 0.007,"Actual Total Time": 0.008,"Actual Rows": 0,"Actual Loops": 144514,"Index Cond": "(l_orderkey = orders.o_orderkey)","Rows Removed by Index Recheck": 0,"Filter": "(l_shipdate > '1995-03-10'::date)","Rows Removed by Filter": 4,"Workers": []}]}]}]}]},"Planning Time": 5.748,"Triggers": [],"Execution Time": 566.279}]
[{"Plan": {"Node Type": "Sort","Parallel Aware": false,"Async Capable": false,"Startup Cost": 177163.45,"Total Cost": 177942.18,"Plan Rows": 311495,"Plan Width": 44,"Actual Startup Time": 531.057,"Actual Total Time": 540.409,"Actual Rows": 11415,"Actual Loops": 1,"Sort Key": ["(sum((lineitem.l_extendedprice * ('1'::numeric - lineitem.l_discount)))) DESC", "orders.o_orderdate"],"Sort Method": "quicksort","Sort Space Used": 1098,"Sort Space Type": "Memory","Plans": [{"Node Type": "Aggregate","Strategy": "Hashed","Partial Mode": "Simple","Parent Relationship": "Outer","Parallel Aware": false,"Async Capable": false,"Startup Cost": 144847.63,"Total Cost": 148741.32,"Plan Rows": 311495,"Plan Width": 44,"Actual Startup Time": 507.967,"Actual Total Time": 530.639,"Actual Rows": 11415,"Actual Loops": 1,"Group Key": ["lineitem.l_orderkey", "orders.o_orderdate", "orders.o_shippriority"],"Planned Partitions": 0,"HashAgg Batches": 1,"Peak Memory Usage": 20497,"Disk Usage": 0,"Plans": [{"Node Type": "Gather","Parent Relationship": "Outer","Parallel Aware": false,"Async Capable": false,"Startup Cost": 5521.08,"Total Cost": 140175.21,"Plan Rows": 311495,"Plan Width": 24,"Actual Startup Time": 32.601,"Actual Total Time": 481.770,"Actual Rows": 30210,"Actual Loops": 1,"Workers Planned": 3,"Workers Launched": 3,"Single Copy": false,"Plans": [{"Node Type": "Nested Loop","Parent Relationship": "Outer","Parallel Aware": false,"Async Capable": false,"Join Type": "Inner","Startup Cost": 4521.08,"Total Cost": 108025.71,"Plan Rows": 100482,"Plan Width": 24,"Actual Startup Time": 25.412,"Actual Total Time": 490.296,"Actual Rows": 7552,"Actual Loops": 4,"Inner Unique": false,"Workers": [],"Plans": [{"Node Type": "Hash Join","Parent Relationship": "Outer","Parallel Aware": true,"Async Capable": false,"Join Type": "Inner","Startup Cost": 4520.65,"Total Cost": 37274.45,"Plan Rows": 45956,"Plan Width": 12,"Actual Startup Time": 24.983,"Actual Total Time": 213.640,"Actual Rows": 35721,"Actual Loops": 4,"Inner Unique": true,"Hash Cond": "(orders.o_custkey = customer.c_custkey)","Workers": [],"Plans": [{"Node Type": "Seq Scan","Parent Relationship": "Outer","Parallel Aware": true,"Async Capable": false,"Relation Name": "orders","Alias": "orders","Startup Cost": 0.00,"Total Cost": 32143.39,"Plan Rows": 232531,"Plan Width": 16,"Actual Startup Time": 0.008,"Actual Total Time": 138.729,"Actual Rows": 179631,"Actual Loops": 4,"Filter": "(o_orderdate < '1995-03-01'::date)","Rows Removed by Filter": 195369,"Workers": []},{"Node Type": "Hash","Parent Relationship": "Inner","Parallel Aware": true,"Async Capable": false,"Startup Cost": 4366.25,"Total Cost": 4366.25,"Plan Rows": 12352,"Plan Width": 4,"Actual Startup Time": 24.482,"Actual Total Time": 24.486,"Actual Rows": 7438,"Actual Loops": 4,"Hash Buckets": 32768,"Original Hash Buckets": 32768,"Hash Batches": 1,"Original Hash Batches": 1,"Peak Memory Usage": 1504,"Workers": [],"Plans": [{"Node Type": "Seq Scan","Parent Relationship": "Outer","Parallel Aware": true,"Async Capable": false,"Relation Name": "customer","Alias": "customer","Startup Cost": 0.00,"Total Cost": 4366.25,"Plan Rows": 12352,"Plan Width": 4,"Actual Startup Time": 0.040,"Actual Total Time": 20.697,"Actual Rows": 7438,"Actual Loops": 4,"Filter": "(c_mktsegment = 'AUTOMOBILE'::bpchar)","Rows Removed by Filter": 30062,"Workers": []}]}]},{"Node Type": "Index Scan","Parent Relationship": "Inner","Parallel Aware": false,"Async Capable": false,"Scan Direction": "Forward","Index Name": "idx_lineitem_orderkey","Relation Name": "lineitem","Alias": "lineitem","Startup Cost": 0.43,"Total Cost": 1.45,"Plan Rows": 9,"Plan Width": 16,"Actual Startup Time": 0.007,"Actual Total Time": 0.007,"Actual Rows": 0,"Actual Loops": 142883,"Index Cond": "(l_orderkey = orders.o_orderkey)","Rows Removed by Index Recheck": 0,"Filter": "(l_shipdate > '1995-03-01'::date)","Rows Removed by Filter": 4,"Workers": []}]}]}]}]},"Planning Time": 5.553,"Triggers": [],"Execution Time": 552.988}]
[{"Plan": {"Node Type": "Sort","Parallel Aware": false,"Async Capable": false,"Startup Cost": 178143.32,"Total Cost": 178924.91,"Plan Rows": 312634,"Plan Width": 44,"Actual Startup Time": 522.290,"Actual Total Time": 531.972,"Actual Rows": 11625,"Actual Loops": 1,"Sort Key": ["(sum((lineitem.l_extendedprice * ('1'::numeric - lineitem.l_discount)))) DESC", "orders.o_orderdate"],"Sort Method": "quicksort","Sort Space Used": 1111,"Sort Space Type": "Memory","Plans": [{"Node Type": "Aggregate","Strategy": "Hashed","Partial Mode": "Simple","Parent Relationship": "Outer","Parallel Aware": false,"Async Capable": false,"Startup Cost": 145701.11,"Total Cost": 149609.04,"Plan Rows": 312634,"Plan Width": 44,"Actual Startup Time": 499.631,"Actual Total Time": 523.835,"Actual Rows": 11625,"Actual Loops": 1,"Group Key": ["lineitem.l_orderkey", "orders.o_orderdate", "orders.o_shippriority"],"Planned Partitions": 0,"HashAgg Batches": 1,"Peak Memory Usage": 20497,"Disk Usage": 0,"Plans": [{"Node Type": "Gather","Parent Relationship": "Outer","Parallel Aware": false,"Async Capable": false,"Startup Cost": 5521.58,"Total Cost": 141011.60,"Plan Rows": 312634,"Plan Width": 24,"Actual Startup Time": 29.336,"Actual Total Time": 477.220,"Actual Rows": 30538,"Actual Loops": 1,"Workers Planned": 3,"Workers Launched": 3,"Single Copy": false,"Plans": [{"Node Type": "Nested Loop","Parent Relationship": "Outer","Parallel Aware": false,"Async Capable": false,"Join Type": "Inner","Startup Cost": 4521.58,"Total Cost": 108748.20,"Plan Rows": 100850,"Plan Width": 24,"Actual Startup Time": 22.534,"Actual Total Time": 483.104,"Actual Rows": 7634,"Actual Loops": 4,"Inner Unique": false,"Workers": [],"Plans": [{"Node Type": "Hash Join","Parent Relationship": "Outer","Parallel Aware": true,"Async Capable": false,"Join Type": "Inner","Startup Cost": 4521.15,"Total Cost": 37282.45,"Plan Rows": 46669,"Plan Width": 12,"Actual Startup Time": 22.368,"Actual Total Time": 205.594,"Actual Rows": 36749,"Actual Loops": 4,"Inner Unique": true,"Hash Cond": "(orders.o_custkey = customer.c_custkey)","Workers": [],"Plans": [{"Node Type": "Seq Scan","Parent Relationship": "Outer","Parallel Aware": true,"Async Capable": false,"Relation Name": "orders","Alias": "orders","Startup Cost": 0.00,"Total Cost": 32143.39,"Plan Rows": 235386,"Plan Width": 16,"Actual Startup Time": 0.012,"Actual Total Time": 137.392,"Actual Rows": 181666,"Actual Loops": 4,"Filter": "(o_orderdate < '1995-03-14'::date)","Rows Removed by Filter": 193334,"Workers": []},{"Node Type": "Hash","Parent Relationship": "Inner","Parallel Aware": true,"Async Capable": false,"Startup Cost": 4366.25,"Total Cost": 4366.25,"Plan Rows": 12392,"Plan Width": 4,"Actual Startup Time": 21.904,"Actual Total Time": 21.909,"Actual Rows": 7536,"Actual Loops": 4,"Hash Buckets": 32768,"Original Hash Buckets": 32768,"Hash Batches": 1,"Original Hash Batches": 1,"Peak Memory Usage": 1472,"Workers": [],"Plans": [{"Node Type": "Seq Scan","Parent Relationship": "Outer","Parallel Aware": true,"Async Capable": false,"Relation Name": "customer","Alias": "customer","Startup Cost": 0.00,"Total Cost": 4366.25,"Plan Rows": 12392,"Plan Width": 4,"Actual Startup Time": 0.034,"Actual Total Time": 18.815,"Actual Rows": 7536,"Actual Loops": 4,"Filter": "(c_mktsegment = 'BUILDING'::bpchar)","Rows Removed by Filter": 29964,"Workers": []}]}]},{"Node Type": "Index Scan","Parent Relationship": "Inner","Parallel Aware": false,"Async Capable": false,"Scan Direction": "Forward","Index Name": "idx_lineitem_orderkey","Relation Name": "lineitem","Alias": "lineitem","Startup Cost": 0.43,"Total Cost": 1.44,"Plan Rows": 9,"Plan Width": 16,"Actual Startup Time": 0.007,"Actual Total Time": 0.007,"Actual Rows": 0,"Actual Loops": 146996,"Index Cond": "(l_orderkey = orders.o_orderkey)","Rows Removed by Index Recheck": 0,"Filter": "(l_shipdate > '1995-03-14'::date)","Rows Removed by Filter": 4,"Workers": []}]}]}]}]},"Planning Time": 6.369,"Triggers": [],"Execution Time": 546.191}]
[{"Plan": {"Node Type": "Sort","Parallel Aware": false,"Async Capable": false,"Startup Cost": 179622.82,"Total Cost": 180411.08,"Plan Rows": 315305,"Plan Width": 44,"Actual Startup Time": 515.747,"Actual Total Time": 525.143,"Actual Rows": 11384,"Actual Loops": 1,"Sort Key": ["(sum((lineitem.l_extendedprice * ('1'::numeric - lineitem.l_discount)))) DESC", "orders.o_orderdate"],"Sort Method": "quicksort","Sort Space Used": 1096,"Sort Space Type": "Memory","Plans": [{"Node Type": "Aggregate","Strategy": "Hashed","Partial Mode": "Simple","Parent Relationship": "Outer","Parallel Aware": false,"Async Capable": false,"Startup Cost": 146884.09,"Total Cost": 150825.40,"Plan Rows": 315305,"Plan Width": 44,"Actual Startup Time": 493.657,"Actual Total Time": 516.993,"Actual Rows": 11384,"Actual Loops": 1,"Group Key": ["lineitem.l_orderkey", "orders.o_orderdate", "orders.o_shippriority"],"Planned Partitions": 0,"HashAgg Batches": 1,"Peak Memory Usage": 20497,"Disk Usage": 0,"Plans": [{"Node Type": "Gather","Parent Relationship": "Outer","Parallel Aware": false,"Async Capable": false,"Startup Cost": 5522.96,"Total Cost": 142154.51,"Plan Rows": 315305,"Plan Width": 24,"Actual Startup Time": 30.376,"Actual Total Time": 471.316,"Actual Rows": 30227,"Actual Loops": 1,"Workers Planned": 3,"Workers Launched": 3,"Single Copy": false,"Plans": [{"Node Type": "Nested Loop","Parent Relationship": "Outer","Parallel Aware": false,"Async Capable": false,"Join Type": "Inner","Startup Cost": 4522.96,"Total Cost": 109624.01,"Plan Rows": 101711,"Plan Width": 24,"Actual Startup Time": 23.216,"Actual Total Time": 477.196,"Actual Rows": 7557,"Actual Loops": 4,"Inner Unique": false,"Workers": [],"Plans": [{"Node Type": "Hash Join","Parent Relationship": "Outer","Parallel Aware": true,"Async Capable": false,"Join Type": "Inner","Startup Cost": 4522.52,"Total Cost": 37287.38,"Plan Rows": 47356,"Plan Width": 12,"Actual Startup Time": 23.096,"Actual Total Time": 204.772,"Actual Rows": 36478,"Actual Loops": 4,"Inner Unique": true,"Hash Cond": "(orders.o_custkey = customer.c_custkey)","Workers": [],"Plans": [{"Node Type": "Seq Scan","Parent Relationship": "Outer","Parallel Aware": true,"Async Capable": false,"Relation Name": "orders","Alias": "orders","Startup Cost": 0.00,"Total Cost": 32143.39,"Plan Rows": 236740,"Plan Width": 16,"Actual Startup Time": 0.012,"Actual Total Time": 135.713,"Actual Rows": 182768,"Actual Loops": 4,"Filter": "(o_orderdate < '1995-03-21'::date)","Rows Removed by Filter": 192232,"Workers": []},{"Node Type": "Hash","Parent Relationship": "Inner","Parallel Aware": true,"Async Capable": false,"Startup Cost": 4366.25,"Total Cost": 4366.25,"Plan Rows": 12502,"Plan Width": 4,"Actual Startup Time": 22.621,"Actual Total Time": 22.626,"Actual Rows": 7547,"Actual Loops": 4,"Hash Buckets": 32768,"Original Hash Buckets": 32768,"Hash Batches": 1,"Original Hash Batches": 1,"Peak Memory Usage": 1536,"Workers": [],"Plans": [{"Node Type": "Seq Scan","Parent Relationship": "Outer","Parallel Aware": true,"Async Capable": false,"Relation Name": "customer","Alias": "customer","Startup Cost": 0.00,"Total Cost": 4366.25,"Plan Rows": 12502,"Plan Width": 4,"Actual Startup Time": 0.042,"Actual Total Time": 19.512,"Actual Rows": 7547,"Actual Loops": 4,"Filter": "(c_mktsegment = 'HOUSEHOLD'::bpchar)","Rows Removed by Filter": 29953,"Workers": []}]}]},{"Node Type": "Index Scan","Parent Relationship": "Inner","Parallel Aware": false,"Async Capable": false,"Scan Direction": "Forward","Index Name": "idx_lineitem_orderkey","Relation Name": "lineitem","Alias": "lineitem","Startup Cost": 0.43,"Total Cost": 1.44,"Plan Rows": 9,"Plan Width": 16,"Actual Startup Time": 0.007,"Actual Total Time": 0.007,"Actual Rows": 0,"Actual Loops": 145911,"Index Cond": "(l_orderkey = orders.o_orderkey)","Rows Removed by Index Recheck": 0,"Filter": "(l_shipdate > '1995-03-21'::date)","Rows Removed by Filter": 4,"Workers": []}]}]}]}]},"Planning Time": 5.717,"Triggers": [],"Execution Time": 537.484}]
[{"Plan": {"Node Type": "Sort","Parallel Aware": false,"Async Capable": false,"Startup Cost": 177898.35,"Total Cost": 178677.16,"Plan Rows": 311522,"Plan Width": 44,"Actual Startup Time": 544.402,"Actual Total Time": 554.531,"Actual Rows": 11490,"Actual Loops": 1,"Sort Key": ["(sum((lineitem.l_extendedprice * ('1'::numeric - lineitem.l_discount)))) DESC", "orders.o_orderdate"],"Sort Method": "quicksort","Sort Space Used": 1103,"Sort Space Type": "Memory","Plans": [{"Node Type": "Aggregate","Strategy": "Hashed","Partial Mode": "Simple","Parent Relationship": "Outer","Parallel Aware": false,"Async Capable": false,"Startup Cost": 145579.54,"Total Cost": 149473.57,"Plan Rows": 311522,"Plan Width": 44,"Actual Startup Time": 521.900,"Actual Total Time": 546.210,"Actual Rows": 11490,"Actual Loops": 1,"Group Key": ["lineitem.l_orderkey", "orders.o_orderdate", "orders.o_shippriority"],"Planned Partitions": 0,"HashAgg Batches": 1,"Peak Memory Usage": 20497,"Disk Usage": 0,"Plans": [{"Node Type": "Gather","Parent Relationship": "Outer","Parallel Aware": false,"Async Capable": false,"Startup Cost": 5521.08,"Total Cost": 140906.71,"Plan Rows": 311522,"Plan Width": 24,"Actual Startup Time": 33.401,"Actual Total Time": 499.784,"Actual Rows": 30281,"Actual Loops": 1,"Workers Planned": 3,"Workers Launched": 3,"Single Copy": false,"Plans": [{"Node Type": "Nested Loop","Parent Relationship": "Outer","Parallel Aware": false,"Async Capable": false,"Join Type": "Inner","Startup Cost": 4521.08,"Total Cost": 108754.51,"Plan Rows": 100491,"Plan Width": 24,"Actual Startup Time": 26.228,"Actual Total Time": 505.023,"Actual Rows": 7570,"Actual Loops": 4,"Inner Unique": false,"Workers": [],"Plans": [{"Node Type": "Hash Join","Parent Relationship": "Outer","Parallel Aware": true,"Async Capable": false,"Join Type": "Inner","Startup Cost": 4520.65,"Total Cost": 37285.50,"Plan Rows": 46788,"Plan Width": 12,"Actual Startup Time": 25.784,"Actual Total Time": 220.376,"Actual Rows": 36346,"Actual Loops": 4,"Inner Unique": true,"Hash Cond": "(orders.o_custkey = customer.c_custkey)","Workers": [],"Plans": [{"Node Type": "Seq Scan","Parent Relationship": "Outer","Parallel Aware": true,"Async Capable": false,"Relation Name": "orders","Alias": "orders","Startup Cost": 0.00,"Total Cost": 32143.39,"Plan Rows": 236740,"Plan Width": 16,"Actual Startup Time": 0.009,"Actual Total Time": 144.365,"Actual Rows": 182768,"Actual Loops": 4,"Filter": "(o_orderdate < '1995-03-21'::date)","Rows Removed by Filter": 192232,"Workers": []},{"Node Type": "Hash","Parent Relationship": "Inner","Parallel Aware": true,"Async Capable": false,"Startup Cost": 4366.25,"Total Cost": 4366.25,"Plan Rows": 12352,"Plan Width": 4,"Actual Startup Time": 25.325,"Actual Total Time": 25.329,"Actual Rows": 7438,"Actual Loops": 4,"Hash Buckets": 32768,"Original Hash Buckets": 32768,"Hash Batches": 1,"Original Hash Batches": 1,"Peak Memory Usage": 1504,"Workers": [],"Plans": [{"Node Type": "Seq Scan","Parent Relationship": "Outer","Parallel Aware": true,"Async Capable": false,"Relation Name": "customer","Alias": "customer","Startup Cost": 0.00,"Total Cost": 4366.25,"Plan Rows": 12352,"Plan Width": 4,"Actual Startup Time": 0.043,"Actual Total Time": 21.768,"Actual Rows": 7438,"Actual Loops": 4,"Filter": "(c_mktsegment = 'AUTOMOBILE'::bpchar)","Rows Removed by Filter": 30062,"Workers": []}]}]},{"Node Type": "Index Scan","Parent Relationship": "Inner","Parallel Aware": false,"Async Capable": false,"Scan Direction": "Forward","Index Name": "idx_lineitem_orderkey","Relation Name": "lineitem","Alias": "lineitem","Startup Cost": 0.43,"Total Cost": 1.44,"Plan Rows": 9,"Plan Width": 16,"Actual Startup Time": 0.007,"Actual Total Time": 0.008,"Actual Rows": 0,"Actual Loops": 145386,"Index Cond": "(l_orderkey = orders.o_orderkey)","Rows Removed by Index Recheck": 0,"Filter": "(l_shipdate > '1995-03-21'::date)","Rows Removed by Filter": 4,"Workers": []}]}]}]}]},"Planning Time": 6.282,"Triggers": [],"Execution Time": 569.554}]
[{"Plan": {"Node Type": "Sort","Parallel Aware": false,"Async Capable": false,"Startup Cost": 178147.93,"Total Cost": 178926.72,"Plan Rows": 311515,"Plan Width": 44,"Actual Startup Time": 547.471,"Actual Total Time": 558.586,"Actual Rows": 11419,"Actual Loops": 1,"Sort Key": ["(sum((lineitem.l_extendedprice * ('1'::numeric - lineitem.l_discount)))) DESC", "orders.o_orderdate"],"Sort Method": "quicksort","Sort Space Used": 1098,"Sort Space Type": "Memory","Plans": [{"Node Type": "Aggregate","Strategy": "Hashed","Partial Mode": "Simple","Parent Relationship": "Outer","Parallel Aware": false,"Async Capable": false,"Startup Cost": 145829.89,"Total Cost": 149723.83,"Plan Rows": 311515,"Plan Width": 44,"Actual Startup Time": 525.182,"Actual Total Time": 550.417,"Actual Rows": 11419,"Actual Loops": 1,"Group Key": ["lineitem.l_orderkey", "orders.o_orderdate", "orders.o_shippriority"],"Planned Partitions": 0,"HashAgg Batches": 1,"Peak Memory Usage": 20497,"Disk Usage": 0,"Plans": [{"Node Type": "Gather","Parent Relationship": "Outer","Parallel Aware": false,"Async Capable": false,"Startup Cost": 5521.08,"Total Cost": 141157.17,"Plan Rows": 311515,"Plan Width": 24,"Actual Startup Time": 33.539,"Actual Total Time": 500.745,"Actual Rows": 29983,"Actual Loops": 1,"Workers Planned": 3,"Workers Launched": 3,"Single Copy": false,"Plans": [{"Node Type": "Nested Loop","Parent Relationship": "Outer","Parallel Aware": false,"Async Capable": false,"Join Type": "Inner","Startup Cost": 4521.08,"Total Cost": 109005.67,"Plan Rows": 100489,"Plan Width": 24,"Actual Startup Time": 25.892,"Actual Total Time": 507.365,"Actual Rows": 7496,"Actual Loops": 4,"Inner Unique": false,"Workers": [],"Plans": [{"Node Type": "Hash Join","Parent Relationship": "Outer","Parallel Aware": true,"Async Capable": false,"Join Type": "Inner","Startup Cost": 4520.65,"Total Cost": 37289.32,"Plan Rows": 47075,"Plan Width": 12,"Actual Startup Time": 25.419,"Actual Total Time": 223.371,"Actual Rows": 36558,"Actual Loops": 4,"Inner Unique": true,"Hash Cond": "(orders.o_custkey = customer.c_custkey)","Workers": [],"Plans": [{"Node Type": "Seq Scan","Parent Relationship": "Outer","Parallel Aware": true,"Async Capable": false,"Relation Name": "orders","Alias": "orders","Startup Cost": 0.00,"Total Cost": 32143.39,"Plan Rows": 238193,"Plan Width": 16,"Actual Startup Time": 0.016,"Actual Total Time": 144.970,"Actual Rows": 183845,"Actual Loops": 4,"Filter": "(o_orderdate < '1995-03-28'::date)","Rows Removed by Filter": 191155,"Workers": []},{"Node Type": "Hash","Parent Relationship": "Inner","Parallel Aware": true,"Async Capable": false,"Startup Cost": 4366.25,"Total Cost": 4366.25,"Plan Rows": 12352,"Plan Width": 4,"Actual Startup Time": 25.001,"Actual Total Time": 25.006,"Actual Rows": 7438,"Actual Loops": 4,"Hash Buckets": 32768,"Original Hash Buckets": 32768,"Hash Batches": 1,"Original Hash Batches": 1,"Peak Memory Usage": 1472,"Workers": [],"Plans": [{"Node Type": "Seq Scan","Parent Relationship": "Outer","Parallel Aware": true,"Async Capable": false,"Relation Name": "customer","Alias": "customer","Startup Cost": 0.00,"Total Cost": 4366.25,"Plan Rows": 12352,"Plan Width": 4,"Actual Startup Time": 0.029,"Actual Total Time": 21.088,"Actual Rows": 7438,"Actual Loops": 4,"Filter": "(c_mktsegment = 'AUTOMOBILE'::bpchar)","Rows Removed by Filter": 30062,"Workers": []}]}]},{"Node Type": "Index Scan","Parent Relationship": "Inner","Parallel Aware": false,"Async Capable": false,"Scan Direction": "Forward","Index Name": "idx_lineitem_orderkey","Relation Name": "lineitem","Alias": "lineitem","Startup Cost": 0.43,"Total Cost": 1.43,"Plan Rows": 9,"Plan Width": 16,"Actual Startup Time": 0.007,"Actual Total Time": 0.008,"Actual Rows": 0,"Actual Loops": 146233,"Index Cond": "(l_orderkey = orders.o_orderkey)","Rows Removed by Index Recheck": 0,"Filter": "(l_shipdate > '1995-03-28'::date)","Rows Removed by Filter": 4,"Workers": []}]}]}]}]},"Planning Time": 7.014,"Triggers": [],"Execution Time": 571.434}]
[{"Plan": {"Node Type": "Sort","Parallel Aware": false,"Async Capable": false,"Startup Cost": 178568.87,"Total Cost": 179350.16,"Plan Rows": 312516,"Plan Width": 44,"Actual Startup Time": 555.229,"Actual Total Time": 565.278,"Actual Rows": 11581,"Actual Loops": 1,"Sort Key": ["(sum((lineitem.l_extendedprice * ('1'::numeric - lineitem.l_discount)))) DESC", "orders.o_orderdate"],"Sort Method": "quicksort","Sort Space Used": 1108,"Sort Space Type": "Memory","Plans": [{"Node Type": "Aggregate","Strategy": "Hashed","Partial Mode": "Simple","Parent Relationship": "Outer","Parallel Aware": false,"Async Capable": false,"Startup Cost": 146139.76,"Total Cost": 150046.21,"Plan Rows": 312516,"Plan Width": 44,"Actual Startup Time": 532.157,"Actual Total Time": 556.839,"Actual Rows": 11581,"Actual Loops": 1,"Group Key": ["lineitem.l_orderkey", "orders.o_orderdate", "orders.o_shippriority"],"Planned Partitions": 0,"HashAgg Batches": 1,"Peak Memory Usage": 20497,"Disk Usage": 0,"Plans": [{"Node Type": "Gather","Parent Relationship": "Outer","Parallel Aware": false,"Async Capable": false,"Startup Cost": 5521.58,"Total Cost": 141452.02,"Plan Rows": 312516,"Plan Width": 24,"Actual Startup Time": 32.700,"Actual Total Time": 509.818,"Actual Rows": 30289,"Actual Loops": 1,"Workers Planned": 3,"Workers Launched": 3,"Single Copy": false,"Plans": [{"Node Type": "Nested Loop","Parent Relationship": "Outer","Parallel Aware": false,"Async Capable": false,"Join Type": "Inner","Startup Cost": 4521.58,"Total Cost": 109200.42,"Plan Rows": 100812,"Plan Width": 24,"Actual Startup Time": 25.347,"Actual Total Time": 514.818,"Actual Rows": 7572,"Actual Loops": 4,"Inner Unique": false,"Workers": [],"Plans": [{"Node Type": "Hash Join","Parent Relationship": "Outer","Parallel Aware": true,"Async Capable": false,"Join Type": "Inner","Startup Cost": 4521.15,"Total Cost": 37289.27,"Plan Rows": 47185,"Plan Width": 12,"Actual Startup Time": 25.223,"Actual Total Time": 223.272,"Actual Rows": 37159,"Actual Loops": 4,"Inner Unique": true,"Hash Cond": "(orders.o_custkey = customer.c_custkey)","Workers": [],"Plans": [{"Node Type": "Seq Scan","Parent Relationship": "Outer","Parallel Aware": true,"Async Capable": false,"Relation Name": "orders","Alias": "orders","Startup Cost": 0.00,"Total Cost": 32143.39,"Plan Rows": 237986,"Plan Width": 16,"Actual Startup Time": 0.013,"Actual Total Time": 147.930,"Actual Rows": 183693,"Actual Loops": 4,"Filter": "(o_orderdate < '1995-03-27'::date)","Rows Removed by Filter": 191307,"Workers": []},{"Node Type": "Hash","Parent Relationship": "Inner","Parallel Aware": true,"Async Capable": false,"Startup Cost": 4366.25,"Total Cost": 4366.25,"Plan Rows": 12392,"Plan Width": 4,"Actual Startup Time": 24.732,"Actual Total Time": 24.737,"Actual Rows": 7536,"Actual Loops": 4,"Hash Buckets": 32768,"Original Hash Buckets": 32768,"Hash Batches": 1,"Original Hash Batches": 1,"Peak Memory Usage": 1504,"Workers": [],"Plans": [{"Node Type": "Seq Scan","Parent Relationship": "Outer","Parallel Aware": true,"Async Capable": false,"Relation Name": "customer","Alias": "customer","Startup Cost": 0.00,"Total Cost": 4366.25,"Plan Rows": 12392,"Plan Width": 4,"Actual Startup Time": 0.053,"Actual Total Time": 21.206,"Actual Rows": 7536,"Actual Loops": 4,"Filter": "(c_mktsegment = 'BUILDING'::bpchar)","Rows Removed by Filter": 29964,"Workers": []}]}]},{"Node Type": "Index Scan","Parent Relationship": "Inner","Parallel Aware": false,"Async Capable": false,"Scan Direction": "Forward","Index Name": "idx_lineitem_orderkey","Relation Name": "lineitem","Alias": "lineitem","Startup Cost": 0.43,"Total Cost": 1.43,"Plan Rows": 9,"Plan Width": 16,"Actual Startup Time": 0.007,"Actual Total Time": 0.008,"Actual Rows": 0,"Actual Loops": 148637,"Index Cond": "(l_orderkey = orders.o_orderkey)","Rows Removed by Index Recheck": 0,"Filter": "(l_shipdate > '1995-03-27'::date)","Rows Removed by Filter": 4,"Workers": []}]}]}]}]},"Planning Time": 5.048,"Triggers": [],"Execution Time": 579.457}]
[{"Plan": {"Node Type": "Sort","Parallel Aware": false,"Async Capable": false,"Startup Cost": 179001.49,"Total Cost": 179788.62,"Plan Rows": 314850,"Plan Width": 44,"Actual Startup Time": 536.321,"Actual Total Time": 545.689,"Actual Rows": 11327,"Actual Loops": 1,"Sort Key": ["(sum((lineitem.l_extendedprice * ('1'::numeric - lineitem.l_discount)))) DESC", "orders.o_orderdate"],"Sort Method": "quicksort","Sort Space Used": 1092,"Sort Space Type": "Memory","Plans": [{"Node Type": "Aggregate","Strategy": "Hashed","Partial Mode": "Simple","Parent Relationship": "Outer","Parallel Aware": false,"Async Capable": false,"Startup Cost": 146313.29,"Total Cost": 150248.91,"Plan Rows": 314850,"Plan Width": 44,"Actual Startup Time": 513.360,"Actual Total Time": 535.259,"Actual Rows": 11327,"Actual Loops": 1,"Group Key": ["lineitem.l_orderkey", "orders.o_orderdate", "orders.o_shippriority"],"Planned Partitions": 0,"HashAgg Batches": 1,"Peak Memory Usage": 20497,"Disk Usage": 0,"Plans": [{"Node Type": "Gather","Parent Relationship": "Outer","Parallel Aware": false,"Async Capable": false,"Startup Cost": 5522.86,"Total Cost": 141590.54,"Plan Rows": 314850,"Plan Width": 24,"Actual Startup Time": 32.840,"Actual Total Time": 486.571,"Actual Rows": 29887,"Actual Loops": 1,"Workers Planned": 3,"Workers Launched": 3,"Single Copy": false,"Plans": [{"Node Type": "Nested Loop","Parent Relationship": "Outer","Parallel Aware": false,"Async Capable": false,"Join Type": "Inner","Startup Cost": 4522.86,"Total Cost": 109105.54,"Plan Rows": 101565,"Plan Width": 24,"Actual Startup Time": 26.163,"Actual Total Time": 496.236,"Actual Rows": 7472,"Actual Loops": 4,"Inner Unique": false,"Workers": [],"Plans": [{"Node Type": "Hash Join","Parent Relationship": "Outer","Parallel Aware": true,"Async Capable": false,"Join Type": "Inner","Startup Cost": 4522.43,"Total Cost": 37280.24,"Plan Rows": 46788,"Plan Width": 12,"Actual Startup Time": 25.928,"Actual Total Time": 217.489,"Actual Rows": 36124,"Actual Loops": 4,"Inner Unique": true,"Hash Cond": "(orders.o_custkey = customer.c_custkey)","Workers": [],"Plans": [{"Node Type": "Seq Scan","Parent Relationship": "Outer","Parallel Aware": true,"Async Capable": false,"Relation Name": "orders","Alias": "orders","Startup Cost": 0.00,"Total Cost": 32143.39,"Plan Rows": 234059,"Plan Width": 16,"Actual Startup Time": 0.010,"Actual Total Time": 140.316,"Actual Rows": 180877,"Actual Loops": 4,"Filter": "(o_orderdate < '1995-03-09'::date)","Rows Removed by Filter": 194123,"Workers": []},{"Node Type": "Hash","Parent Relationship": "Inner","Parallel Aware": true,"Async Capable": false,"Startup Cost": 4366.25,"Total Cost": 4366.25,"Plan Rows": 12494,"Plan Width": 4,"Actual Startup Time": 25.517,"Actual Total Time": 25.520,"Actual Rows": 7487,"Actual Loops": 4,"Hash Buckets": 32768,"Original Hash Buckets": 32768,"Hash Batches": 1,"Original Hash Batches": 1,"Peak Memory Usage": 1504,"Workers": [],"Plans": [{"Node Type": "Seq Scan","Parent Relationship": "Outer","Parallel Aware": true,"Async Capable": false,"Relation Name": "customer","Alias": "customer","Startup Cost": 0.00,"Total Cost": 4366.25,"Plan Rows": 12494,"Plan Width": 4,"Actual Startup Time": 0.038,"Actual Total Time": 21.683,"Actual Rows": 7487,"Actual Loops": 4,"Filter": "(c_mktsegment = 'MACHINERY'::bpchar)","Rows Removed by Filter": 30013,"Workers": []}]}]},{"Node Type": "Index Scan","Parent Relationship": "Inner","Parallel Aware": false,"Async Capable": false,"Scan Direction": "Forward","Index Name": "idx_lineitem_orderkey","Relation Name": "lineitem","Alias": "lineitem","Startup Cost": 0.43,"Total Cost": 1.45,"Plan Rows": 9,"Plan Width": 16,"Actual Startup Time": 0.007,"Actual Total Time": 0.007,"Actual Rows": 0,"Actual Loops": 144494,"Index Cond": "(l_orderkey = orders.o_orderkey)","Rows Removed by Index Recheck": 0,"Filter": "(l_shipdate > '1995-03-09'::date)","Rows Removed by Filter": 4,"Workers": []}]}]}]}]},"Planning Time": 6.335,"Triggers": [],"Execution Time": 557.944}]
[{"Plan": {"Node Type": "Sort","Parallel Aware": false,"Async Capable": false,"Startup Cost": 182592.89,"Total Cost": 183397.43,"Plan Rows": 321819,"Plan Width": 44,"Actual Startup Time": 475.105,"Actual Total Time": 484.133,"Actual Rows": 11438,"Actual Loops": 1,"Sort Key": ["(sum((lineitem.l_extendedprice * ('1'::numeric - lineitem.l_discount)))) DESC", "orders.o_orderdate"],"Sort Method": "quicksort","Sort Space Used": 1099,"Sort Space Type": "Memory","Plans": [{"Node Type": "Aggregate","Strategy": "Hashed","Partial Mode": "Simple","Parent Relationship": "Outer","Parallel Aware": false,"Async Capable": false,"Startup Cost": 149130.32,"Total Cost": 153153.06,"Plan Rows": 321819,"Plan Width": 44,"Actual Startup Time": 452.613,"Actual Total Time": 476.808,"Actual Rows": 11438,"Actual Loops": 1,"Group Key": ["lineitem.l_orderkey", "orders.o_orderdate", "orders.o_shippriority"],"Planned Partitions": 0,"HashAgg Batches": 1,"Peak Memory Usage": 20497,"Disk Usage": 0,"Plans": [{"Node Type": "Gather","Parent Relationship": "Outer","Parallel Aware": false,"Async Capable": false,"Startup Cost": 5526.18,"Total Cost": 144303.04,"Plan Rows": 321819,"Plan Width": 24,"Actual Startup Time": 30.754,"Actual Total Time": 429.259,"Actual Rows": 30322,"Actual Loops": 1,"Workers Planned": 3,"Workers Launched": 3,"Single Copy": false,"Plans": [{"Node Type": "Nested Loop","Parent Relationship": "Outer","Parallel Aware": false,"Async Capable": false,"Join Type": "Inner","Startup Cost": 4526.18,"Total Cost": 111121.14,"Plan Rows": 103813,"Plan Width": 24,"Actual Startup Time": 23.702,"Actual Total Time": 435.646,"Actual Rows": 7580,"Actual Loops": 4,"Inner Unique": false,"Workers": [],"Plans": [{"Node Type": "Hash Join","Parent Relationship": "Outer","Parallel Aware": true,"Async Capable": false,"Join Type": "Inner","Startup Cost": 4525.75,"Total Cost": 37290.60,"Plan Rows": 48334,"Plan Width": 12,"Actual Startup Time": 23.486,"Actual Total Time": 196.938,"Actual Rows": 36476,"Actual Loops": 4,"Inner Unique": true,"Hash Cond": "(orders.o_custkey = customer.c_custkey)","Workers": [],"Plans": [{"Node Type": "Seq Scan","Parent Relationship": "Outer","Parallel Aware": true,"Async Capable": false,"Relation Name": "orders","Alias": "orders","Startup Cost": 0.00,"Total Cost": 32143.39,"Plan Rows": 236740,"Plan Width": 16,"Actual Startup Time": 0.040,"Actual Total Time": 105.876,"Actual Rows": 182768,"Actual Loops": 4,"Filter": "(o_orderdate < '1995-03-21'::date)","Rows Removed by Filter": 192232,"Workers": []},{"Node Type": "Hash","Parent Relationship": "Inner","Parallel Aware": true,"Async Capable": false,"Startup Cost": 4366.25,"Total Cost": 4366.25,"Plan Rows": 12760,"Plan Width": 4,"Actual Startup Time": 23.010,"Actual Total Time": 23.017,"Actual Rows": 7492,"Actual Loops": 4,"Hash Buckets": 32768,"Original Hash Buckets": 32768,"Hash Batches": 1,"Original Hash Batches": 1,"Peak Memory Usage": 1504,"Workers": [],"Plans": [{"Node Type": "Seq Scan","Parent Relationship": "Outer","Parallel Aware": true,"Async Capable": false,"Relation Name": "customer","Alias": "customer","Startup Cost": 0.00,"Total Cost": 4366.25,"Plan Rows": 12760,"Plan Width": 4,"Actual Startup Time": 0.081,"Actual Total Time": 19.478,"Actual Rows": 7492,"Actual Loops": 4,"Filter": "(c_mktsegment = 'FURNITURE'::bpchar)","Rows Removed by Filter": 30008,"Workers": []}]}]},{"Node Type": "Index Scan","Parent Relationship": "Inner","Parallel Aware": false,"Async Capable": false,"Scan Direction": "Forward","Index Name": "idx_lineitem_orderkey","Relation Name": "lineitem","Alias": "lineitem","Startup Cost": 0.43,"Total Cost": 1.44,"Plan Rows": 9,"Plan Width": 16,"Actual Startup Time": 0.006,"Actual Total Time": 0.006,"Actual Rows": 0,"Actual Loops": 145902,"Index Cond": "(l_orderkey = orders.o_orderkey)","Rows Removed by Index Recheck": 0,"Filter": "(l_shipdate > '1995-03-21'::date)","Rows Removed by Filter": 4,"Workers": []}]}]}]}]},"Planning Time": 7.416,"Triggers": [],"Execution Time": 497.778}]
[{"Plan": {"Node Type": "Sort","Parallel Aware": false,"Async Capable": false,"Startup Cost": 179055.99,"Total Cost": 179842.97,"Plan Rows": 314791,"Plan Width": 44,"Actual Startup Time": 537.774,"Actual Total Time": 548.266,"Actual Rows": 11322,"Actual Loops": 1,"Sort Key": ["(sum((lineitem.l_extendedprice * ('1'::numeric - lineitem.l_discount)))) DESC", "orders.o_orderdate"],"Sort Method": "quicksort","Sort Space Used": 1092,"Sort Space Type": "Memory","Plans": [{"Node Type": "Aggregate","Strategy": "Hashed","Partial Mode": "Simple","Parent Relationship": "Outer","Parallel Aware": false,"Async Capable": false,"Startup Cost": 146374.33,"Total Cost": 150309.22,"Plan Rows": 314791,"Plan Width": 44,"Actual Startup Time": 515.635,"Actual Total Time": 540.283,"Actual Rows": 11322,"Actual Loops": 1,"Group Key": ["lineitem.l_orderkey", "orders.o_orderdate", "orders.o_shippriority"],"Planned Partitions": 0,"HashAgg Batches": 1,"Peak Memory Usage": 20497,"Disk Usage": 0,"Plans": [{"Node Type": "Gather","Parent Relationship": "Outer","Parallel Aware": false,"Async Capable": false,"Startup Cost": 5522.86,"Total Cost": 141652.47,"Plan Rows": 314791,"Plan Width": 24,"Actual Startup Time": 34.571,"Actual Total Time": 494.742,"Actual Rows": 29907,"Actual Loops": 1,"Workers Planned": 3,"Workers Launched": 3,"Single Copy": false,"Plans": [{"Node Type": "Nested Loop","Parent Relationship": "Outer","Parallel Aware": false,"Async Capable": false,"Join Type": "Inner","Startup Cost": 4522.86,"Total Cost": 109173.37,"Plan Rows": 101545,"Plan Width": 24,"Actual Startup Time": 26.901,"Actual Total Time": 498.321,"Actual Rows": 7477,"Actual Loops": 4,"Inner Unique": false,"Workers": [],"Plans": [{"Node Type": "Hash Join","Parent Relationship": "Outer","Parallel Aware": true,"Async Capable": false,"Join Type": "Inner","Startup Cost": 4522.43,"Total Cost": 37281.24,"Plan Rows": 46865,"Plan Width": 12,"Actual Startup Time": 26.671,"Actual Total Time": 217.950,"Actual Rows": 36184,"Actual Loops": 4,"Inner Unique": true,"Hash Cond": "(orders.o_custkey = customer.c_custkey)","Workers": [],"Plans": [{"Node Type": "Seq Scan","Parent Relationship": "Outer","Parallel Aware": true,"Async Capable": false,"Relation Name": "orders","Alias": "orders","Startup Cost": 0.00,"Total Cost": 32143.39,"Plan Rows": 234441,"Plan Width": 16,"Actual Startup Time": 0.014,"Actual Total Time": 141.367,"Actual Rows": 181190,"Actual Loops": 4,"Filter": "(o_orderdate < '1995-03-11'::date)","Rows Removed by Filter": 193810,"Workers": []},{"Node Type": "Hash","Parent Relationship": "Inner","Parallel Aware": true,"Async Capable": false,"Startup Cost": 4366.25,"Total Cost": 4366.25,"Plan Rows": 12494,"Plan Width": 4,"Actual Startup Time": 26.090,"Actual Total Time": 26.093,"Actual Rows": 7487,"Actual Loops": 4,"Hash Buckets": 32768,"Original Hash Buckets": 32768,"Hash Batches": 1,"Original Hash Batches": 1,"Peak Memory Usage": 1504,"Workers": [],"Plans": [{"Node Type": "Seq Scan","Parent Relationship": "Outer","Parallel Aware": true,"Async Capable": false,"Relation Name": "customer","Alias": "customer","Startup Cost": 0.00,"Total Cost": 4366.25,"Plan Rows": 12494,"Plan Width": 4,"Actual Startup Time": 0.046,"Actual Total Time": 22.703,"Actual Rows": 7487,"Actual Loops": 4,"Filter": "(c_mktsegment = 'MACHINERY'::bpchar)","Rows Removed by Filter": 30013,"Workers": []}]}]},{"Node Type": "Index Scan","Parent Relationship": "Inner","Parallel Aware": false,"Async Capable": false,"Scan Direction": "Forward","Index Name": "idx_lineitem_orderkey","Relation Name": "lineitem","Alias": "lineitem","Startup Cost": 0.43,"Total Cost": 1.44,"Plan Rows": 9,"Plan Width": 16,"Actual Startup Time": 0.007,"Actual Total Time": 0.008,"Actual Rows": 0,"Actual Loops": 144738,"Index Cond": "(l_orderkey = orders.o_orderkey)","Rows Removed by Index Recheck": 0,"Filter": "(l_shipdate > '1995-03-11'::date)","Rows Removed by Filter": 4,"Workers": []}]}]}]}]},"Planning Time": 7.099,"Triggers": [],"Execution Time": 563.222}]
[{"Plan": {"Node Type": "Sort","Parallel Aware": false,"Async Capable": false,"Startup Cost": 178838.82,"Total Cost": 179626.36,"Plan Rows": 315017,"Plan Width": 44,"Actual Startup Time": 525.766,"Actual Total Time": 536.120,"Actual Rows": 11376,"Actual Loops": 1,"Sort Key": ["(sum((lineitem.l_extendedprice * ('1'::numeric - lineitem.l_discount)))) DESC", "orders.o_orderdate"],"Sort Method": "quicksort","Sort Space Used": 1096,"Sort Space Type": "Memory","Plans": [{"Node Type": "Aggregate","Strategy": "Hashed","Partial Mode": "Simple","Parent Relationship": "Outer","Parallel Aware": false,"Async Capable": false,"Startup Cost": 146132.07,"Total Cost": 150069.78,"Plan Rows": 315017,"Plan Width": 44,"Actual Startup Time": 503.480,"Actual Total Time": 527.904,"Actual Rows": 11376,"Actual Loops": 1,"Group Key": ["lineitem.l_orderkey", "orders.o_orderdate", "orders.o_shippriority"],"Planned Partitions": 0,"HashAgg Batches": 1,"Peak Memory Usage": 20497,"Disk Usage": 0,"Plans": [{"Node Type": "Gather","Parent Relationship": "Outer","Parallel Aware": false,"Async Capable": false,"Startup Cost": 5522.86,"Total Cost": 141406.81,"Plan Rows": 315017,"Plan Width": 24,"Actual Startup Time": 30.478,"Actual Total Time": 481.702,"Actual Rows": 29979,"Actual Loops": 1,"Workers Planned": 3,"Workers Launched": 3,"Single Copy": false,"Plans": [{"Node Type": "Nested Loop","Parent Relationship": "Outer","Parallel Aware": false,"Async Capable": false,"Join Type": "Inner","Startup Cost": 4522.86,"Total Cost": 108905.11,"Plan Rows": 101618,"Plan Width": 24,"Actual Startup Time": 23.785,"Actual Total Time": 487.291,"Actual Rows": 7495,"Actual Loops": 4,"Inner Unique": false,"Workers": [],"Plans": [{"Node Type": "Hash Join","Parent Relationship": "Outer","Parallel Aware": true,"Async Capable": false,"Join Type": "Inner","Startup Cost": 4522.43,"Total Cost": 37277.23,"Plan Rows": 46559,"Plan Width": 12,"Actual Startup Time": 23.565,"Actual Total Time": 212.835,"Actual Rows": 35944,"Actual Loops": 4,"Inner Unique": true,"Hash Cond": "(orders.o_custkey = customer.c_custkey)","Workers": [],"Plans": [{"Node Type": "Seq Scan","Parent Relationship": "Outer","Parallel Aware": true,"Async Capable": false,"Relation Name": "orders","Alias": "orders","Startup Cost": 0.00,"Total Cost": 32143.39,"Plan Rows": 232913,"Plan Width": 16,"Actual Startup Time": 0.015,"Actual Total Time": 139.379,"Actual Rows": 179945,"Actual Loops": 4,"Filter": "(o_orderdate < '1995-03-03'::date)","Rows Removed by Filter": 195055,"Workers": []},{"Node Type": "Hash","Parent Relationship": "Inner","Parallel Aware": true,"Async Capable": false,"Startup Cost": 4366.25,"Total Cost": 4366.25,"Plan Rows": 12494,"Plan Width": 4,"Actual Startup Time": 23.039,"Actual Total Time": 23.043,"Actual Rows": 7487,"Actual Loops": 4,"Hash Buckets": 32768,"Original Hash Buckets": 32768,"Hash Batches": 1,"Original Hash Batches": 1,"Peak Memory Usage": 1504,"Workers": [],"Plans": [{"Node Type": "Seq Scan","Parent Relationship": "Outer","Parallel Aware": true,"Async Capable": false,"Relation Name": "customer","Alias": "customer","Startup Cost": 0.00,"Total Cost": 4366.25,"Plan Rows": 12494,"Plan Width": 4,"Actual Startup Time": 0.039,"Actual Total Time": 19.934,"Actual Rows": 7487,"Actual Loops": 4,"Filter": "(c_mktsegment = 'MACHINERY'::bpchar)","Rows Removed by Filter": 30013,"Workers": []}]}]},{"Node Type": "Index Scan","Parent Relationship": "Inner","Parallel Aware": false,"Async Capable": false,"Scan Direction": "Forward","Index Name": "idx_lineitem_orderkey","Relation Name": "lineitem","Alias": "lineitem","Startup Cost": 0.43,"Total Cost": 1.45,"Plan Rows": 9,"Plan Width": 16,"Actual Startup Time": 0.007,"Actual Total Time": 0.007,"Actual Rows": 0,"Actual Loops": 143777,"Index Cond": "(l_orderkey = orders.o_orderkey)","Rows Removed by Index Recheck": 0,"Filter": "(l_shipdate > '1995-03-03'::date)","Rows Removed by Filter": 4,"Workers": []}]}]}]}]},"Planning Time": 5.270,"Triggers": [],"Execution Time": 550.498}]
[{"Plan": {"Node Type": "Sort","Parallel Aware": false,"Async Capable": false,"Startup Cost": 182378.26,"Total Cost": 183183.11,"Plan Rows": 321937,"Plan Width": 44,"Actual Startup Time": 522.504,"Actual Total Time": 532.190,"Actual Rows": 11370,"Actual Loops": 1,"Sort Key": ["(sum((lineitem.l_extendedprice * ('1'::numeric - lineitem.l_discount)))) DESC", "orders.o_orderdate"],"Sort Method": "quicksort","Sort Space Used": 1095,"Sort Space Type": "Memory","Plans": [{"Node Type": "Aggregate","Strategy": "Hashed","Partial Mode": "Simple","Parent Relationship": "Outer","Parallel Aware": false,"Async Capable": false,"Startup Cost": 148902.58,"Total Cost": 152926.79,"Plan Rows": 321937,"Plan Width": 44,"Actual Startup Time": 500.057,"Actual Total Time": 523.810,"Actual Rows": 11370,"Actual Loops": 1,"Group Key": ["lineitem.l_orderkey", "orders.o_orderdate", "orders.o_shippriority"],"Planned Partitions": 0,"HashAgg Batches": 1,"Peak Memory Usage": 20497,"Disk Usage": 0,"Plans": [{"Node Type": "Gather","Parent Relationship": "Outer","Parallel Aware": false,"Async Capable": false,"Startup Cost": 5526.18,"Total Cost": 144073.52,"Plan Rows": 321937,"Plan Width": 24,"Actual Startup Time": 30.568,"Actual Total Time": 477.913,"Actual Rows": 30180,"Actual Loops": 1,"Workers Planned": 3,"Workers Launched": 3,"Single Copy": false,"Plans": [{"Node Type": "Nested Loop","Parent Relationship": "Outer","Parallel Aware": false,"Async Capable": false,"Join Type": "Inner","Startup Cost": 4526.18,"Total Cost": 110879.82,"Plan Rows": 103851,"Plan Width": 24,"Actual Startup Time": 23.146,"Actual Total Time": 483.326,"Actual Rows": 7545,"Actual Loops": 4,"Inner Unique": false,"Workers": [],"Plans": [{"Node Type": "Hash Join","Parent Relationship": "Outer","Parallel Aware": true,"Async Capable": false,"Join Type": "Inner","Startup Cost": 4525.75,"Total Cost": 37287.05,"Plan Rows": 48058,"Plan Width": 12,"Actual Startup Time": 22.905,"Actual Total Time": 206.744,"Actual Rows": 36248,"Actual Loops": 4,"Inner Unique": true,"Hash Cond": "(orders.o_custkey = customer.c_custkey)","Workers": [],"Plans": [{"Node Type": "Seq Scan","Parent Relationship": "Outer","Parallel Aware": true,"Async Capable": false,"Relation Name": "orders","Alias": "orders","Startup Cost": 0.00,"Total Cost": 32143.39,"Plan Rows": 235386,"Plan Width": 16,"Actual Startup Time": 0.011,"Actual Total Time": 138.075,"Actual Rows": 181666,"Actual Loops": 4,"Filter": "(o_orderdate < '1995-03-14'::date)","Rows Removed by Filter": 193334,"Workers": []},{"Node Type": "Hash","Parent Relationship": "Inner","Parallel Aware": true,"Async Capable": false,"Startup Cost": 4366.25,"Total Cost": 4366.25,"Plan Rows": 12760,"Plan Width": 4,"Actual Startup Time": 22.494,"Actual Total Time": 22.498,"Actual Rows": 7492,"Actual Loops": 4,"Hash Buckets": 32768,"Original Hash Buckets": 32768,"Hash Batches": 1,"Original Hash Batches": 1,"Peak Memory Usage": 1472,"Workers": [],"Plans": [{"Node Type": "Seq Scan","Parent Relationship": "Outer","Parallel Aware": true,"Async Capable": false,"Relation Name": "customer","Alias": "customer","Startup Cost": 0.00,"Total Cost": 4366.25,"Plan Rows": 12760,"Plan Width": 4,"Actual Startup Time": 0.034,"Actual Total Time": 19.455,"Actual Rows": 7492,"Actual Loops": 4,"Filter": "(c_mktsegment = 'FURNITURE'::bpchar)","Rows Removed by Filter": 30008,"Workers": []}]}]},{"Node Type": "Index Scan","Parent Relationship": "Inner","Parallel Aware": false,"Async Capable": false,"Scan Direction": "Forward","Index Name": "idx_lineitem_orderkey","Relation Name": "lineitem","Alias": "lineitem","Startup Cost": 0.43,"Total Cost": 1.44,"Plan Rows": 9,"Plan Width": 16,"Actual Startup Time": 0.007,"Actual Total Time": 0.007,"Actual Rows": 0,"Actual Loops": 144992,"Index Cond": "(l_orderkey = orders.o_orderkey)","Rows Removed by Index Recheck": 0,"Filter": "(l_shipdate > '1995-03-14'::date)","Rows Removed by Filter": 4,"Workers": []}]}]}]}]},"Planning Time": 5.353,"Triggers": [],"Execution Time": 547.104}]
[{"Plan": {"Node Type": "Sort","Parallel Aware": false,"Async Capable": false,"Startup Cost": 181919.32,"Total Cost": 182723.60,"Plan Rows": 321712,"Plan Width": 44,"Actual Startup Time": 516.835,"Actual Total Time": 527.350,"Actual Rows": 11439,"Actual Loops": 1,"Sort Key": ["(sum((lineitem.l_extendedprice * ('1'::numeric - lineitem.l_discount)))) DESC", "orders.o_orderdate"],"Sort Method": "quicksort","Sort Space Used": 1099,"Sort Space Type": "Memory","Plans": [{"Node Type": "Aggregate","Strategy": "Hashed","Partial Mode": "Simple","Parent Relationship": "Outer","Parallel Aware": false,"Async Capable": false,"Startup Cost": 148468.66,"Total Cost": 152490.06,"Plan Rows": 321712,"Plan Width": 44,"Actual Startup Time": 494.496,"Actual Total Time": 519.274,"Actual Rows": 11439,"Actual Loops": 1,"Group Key": ["lineitem.l_orderkey", "orders.o_orderdate", "orders.o_shippriority"],"Planned Partitions": 0,"HashAgg Batches": 1,"Peak Memory Usage": 20497,"Disk Usage": 0,"Plans": [{"Node Type": "Gather","Parent Relationship": "Outer","Parallel Aware": false,"Async Capable": false,"Startup Cost": 5526.18,"Total Cost": 143642.98,"Plan Rows": 321712,"Plan Width": 24,"Actual Startup Time": 29.198,"Actual Total Time": 473.413,"Actual Rows": 30354,"Actual Loops": 1,"Workers Planned": 3,"Workers Launched": 3,"Single Copy": false,"Plans": [{"Node Type": "Nested Loop","Parent Relationship": "Outer","Parallel Aware": false,"Async Capable": false,"Join Type": "Inner","Startup Cost": 4526.18,"Total Cost": 110471.78,"Plan Rows": 103778,"Plan Width": 24,"Actual Startup Time": 22.004,"Actual Total Time": 477.836,"Actual Rows": 7588,"Actual Loops": 4,"Inner Unique": false,"Workers": [],"Plans": [{"Node Type": "Hash Join","Parent Relationship": "Outer","Parallel Aware": true,"Async Capable": false,"Join Type": "Inner","Startup Cost": 4525.75,"Total Cost": 37281.06,"Plan Rows": 47592,"Plan Width": 12,"Actual Startup Time": 21.787,"Actual Total Time": 203.988,"Actual Rows": 35948,"Actual Loops": 4,"Inner Unique": true,"Hash Cond": "(orders.o_custkey = customer.c_custkey)","Workers": [],"Plans": [{"Node Type": "Seq Scan","Parent Relationship": "Outer","Parallel Aware": true,"Async Capable": false,"Relation Name": "orders","Alias": "orders","Startup Cost": 0.00,"Total Cost": 32143.39,"Plan Rows": 233104,"Plan Width": 16,"Actual Startup Time": 0.011,"Actual Total Time": 136.706,"Actual Rows": 180099,"Actual Loops": 4,"Filter": "(o_orderdate < '1995-03-04'::date)","Rows Removed by Filter": 194901,"Workers": []},{"Node Type": "Hash","Parent Relationship": "Inner","Parallel Aware": true,"Async Capable": false,"Startup Cost": 4366.25,"Total Cost": 4366.25,"Plan Rows": 12760,"Plan Width": 4,"Actual Startup Time": 21.339,"Actual Total Time": 21.344,"Actual Rows": 7492,"Actual Loops": 4,"Hash Buckets": 32768,"Original Hash Buckets": 32768,"Hash Batches": 1,"Original Hash Batches": 1,"Peak Memory Usage": 1504,"Workers": [],"Plans": [{"Node Type": "Seq Scan","Parent Relationship": "Outer","Parallel Aware": true,"Async Capable": false,"Relation Name": "customer","Alias": "customer","Startup Cost": 0.00,"Total Cost": 4366.25,"Plan Rows": 12760,"Plan Width": 4,"Actual Startup Time": 0.044,"Actual Total Time": 18.380,"Actual Rows": 7492,"Actual Loops": 4,"Filter": "(c_mktsegment = 'FURNITURE'::bpchar)","Rows Removed by Filter": 30008,"Workers": []}]}]},{"Node Type": "Index Scan","Parent Relationship": "Inner","Parallel Aware": false,"Async Capable": false,"Scan Direction": "Forward","Index Name": "idx_lineitem_orderkey","Relation Name": "lineitem","Alias": "lineitem","Startup Cost": 0.43,"Total Cost": 1.45,"Plan Rows": 9,"Plan Width": 16,"Actual Startup Time": 0.007,"Actual Total Time": 0.007,"Actual Rows": 0,"Actual Loops": 143792,"Index Cond": "(l_orderkey = orders.o_orderkey)","Rows Removed by Index Recheck": 0,"Filter": "(l_shipdate > '1995-03-04'::date)","Rows Removed by Filter": 4,"Workers": []}]}]}]}]},"Planning Time": 5.877,"Triggers": [],"Execution Time": 541.979}]
[{"Plan": {"Node Type": "Sort","Parallel Aware": false,"Async Capable": false,"Startup Cost": 179804.69,"Total Cost": 180592.94,"Plan Rows": 315303,"Plan Width": 44,"Actual Startup Time": 542.776,"Actual Total Time": 553.211,"Actual Rows": 11336,"Actual Loops": 1,"Sort Key": ["(sum((lineitem.l_extendedprice * ('1'::numeric - lineitem.l_discount)))) DESC", "orders.o_orderdate"],"Sort Method": "quicksort","Sort Space Used": 1093,"Sort Space Type": "Memory","Plans": [{"Node Type": "Aggregate","Strategy": "Hashed","Partial Mode": "Simple","Parent Relationship": "Outer","Parallel Aware": false,"Async Capable": false,"Startup Cost": 147066.18,"Total Cost": 151007.47,"Plan Rows": 315303,"Plan Width": 44,"Actual Startup Time": 520.823,"Actual Total Time": 545.103,"Actual Rows": 11336,"Actual Loops": 1,"Group Key": ["lineitem.l_orderkey", "orders.o_orderdate", "orders.o_shippriority"],"Planned Partitions": 0,"HashAgg Batches": 1,"Peak Memory Usage": 20497,"Disk Usage": 0,"Plans": [{"Node Type": "Gather","Parent Relationship": "Outer","Parallel Aware": false,"Async Capable": false,"Startup Cost": 5522.96,"Total Cost": 142336.63,"Plan Rows": 315303,"Plan Width": 24,"Actual Startup Time": 32.578,"Actual Total Time": 497.024,"Actual Rows": 30040,"Actual Loops": 1,"Workers Planned": 3,"Workers Launched": 3,"Single Copy": false,"Plans": [{"Node Type": "Nested Loop","Parent Relationship": "Outer","Parallel Aware": false,"Async Capable": false,"Join Type": "Inner","Startup Cost": 4522.96,"Total Cost": 109806.33,"Plan Rows": 101711,"Plan Width": 24,"Actual Startup Time": 25.344,"Actual Total Time": 503.386,"Actual Rows": 7510,"Actual Loops": 4,"Inner Unique": false,"Workers": [],"Plans": [{"Node Type": "Hash Join","Parent Relationship": "Outer","Parallel Aware": true,"Async Capable": false,"Join Type": "Inner","Startup Cost": 4522.52,"Total Cost": 37290.10,"Plan Rows": 47564,"Plan Width": 12,"Actual Startup Time": 25.202,"Actual Total Time": 221.429,"Actual Rows": 36624,"Actual Loops": 4,"Inner Unique": true,"Hash Cond": "(orders.o_custkey = customer.c_custkey)","Workers": [],"Plans": [{"Node Type": "Seq Scan","Parent Relationship": "Outer","Parallel Aware": true,"Async Capable": false,"Relation Name": "orders","Alias": "orders","Startup Cost": 0.00,"Total Cost": 32143.39,"Plan Rows": 237778,"Plan Width": 16,"Actual Startup Time": 0.020,"Actual Total Time": 143.854,"Actual Rows": 183522,"Actual Loops": 4,"Filter": "(o_orderdate < '1995-03-26'::date)","Rows Removed by Filter": 191478,"Workers": []},{"Node Type": "Hash","Parent Relationship": "Inner","Parallel Aware": true,"Async Capable": false,"Startup Cost": 4366.25,"Total Cost": 4366.25,"Plan Rows": 12502,"Plan Width": 4,"Actual Startup Time": 24.745,"Actual Total Time": 24.748,"Actual Rows": 7547,"Actual Loops": 4,"Hash Buckets": 32768,"Original Hash Buckets": 32768,"Hash Batches": 1,"Original Hash Batches": 1,"Peak Memory Usage": 1472,"Workers": [],"Plans": [{"Node Type": "Seq Scan","Parent Relationship": "Outer","Parallel Aware": true,"Async Capable": false,"Relation Name": "customer","Alias": "customer","Startup Cost": 0.00,"Total Cost": 4366.25,"Plan Rows": 12502,"Plan Width": 4,"Actual Startup Time": 0.038,"Actual Total Time": 21.032,"Actual Rows": 7547,"Actual Loops": 4,"Filter": "(c_mktsegment = 'HOUSEHOLD'::bpchar)","Rows Removed by Filter": 29953,"Workers": []}]}]},{"Node Type": "Index Scan","Parent Relationship": "Inner","Parallel Aware": false,"Async Capable": false,"Scan Direction": "Forward","Index Name": "idx_lineitem_orderkey","Relation Name": "lineitem","Alias": "lineitem","Startup Cost": 0.43,"Total Cost": 1.43,"Plan Rows": 9,"Plan Width": 16,"Actual Startup Time": 0.007,"Actual Total Time": 0.007,"Actual Rows": 0,"Actual Loops": 146495,"Index Cond": "(l_orderkey = orders.o_orderkey)","Rows Removed by Index Recheck": 0,"Filter": "(l_shipdate > '1995-03-26'::date)","Rows Removed by Filter": 4,"Workers": []}]}]}]}]},"Planning Time": 6.245,"Triggers": [],"Execution Time": 565.304}]
[{"Plan": {"Node Type": "Sort","Parallel Aware": false,"Async Capable": false,"Startup Cost": 179411.19,"Total Cost": 180199.74,"Plan Rows": 315419,"Plan Width": 44,"Actual Startup Time": 541.464,"Actual Total Time": 551.944,"Actual Rows": 11430,"Actual Loops": 1,"Sort Key": ["(sum((lineitem.l_extendedprice * ('1'::numeric - lineitem.l_discount)))) DESC", "orders.o_orderdate"],"Sort Method": "quicksort","Sort Space Used": 1099,"Sort Space Type": "Memory","Plans": [{"Node Type": "Aggregate","Strategy": "Hashed","Partial Mode": "Simple","Parent Relationship": "Outer","Parallel Aware": false,"Async Capable": false,"Startup Cost": 146659.80,"Total Cost": 150602.54,"Plan Rows": 315419,"Plan Width": 44,"Actual Startup Time": 518.682,"Actual Total Time": 543.570,"Actual Rows": 11430,"Actual Loops": 1,"Group Key": ["lineitem.l_orderkey", "orders.o_orderdate", "orders.o_shippriority"],"Planned Partitions": 0,"HashAgg Batches": 1,"Peak Memory Usage": 20497,"Disk Usage": 0,"Plans": [{"Node Type": "Gather","Parent Relationship": "Outer","Parallel Aware": false,"Async Capable": false,"Startup Cost": 5522.96,"Total Cost": 141928.51,"Plan Rows": 315419,"Plan Width": 24,"Actual Startup Time": 33.895,"Actual Total Time": 497.065,"Actual Rows": 30311,"Actual Loops": 1,"Workers Planned": 3,"Workers Launched": 3,"Single Copy": false,"Plans": [{"Node Type": "Nested Loop","Parent Relationship": "Outer","Parallel Aware": false,"Async Capable": false,"Join Type": "Inner","Startup Cost": 4522.96,"Total Cost": 109386.61,"Plan Rows": 101748,"Plan Width": 24,"Actual Startup Time": 26.351,"Actual Total Time": 501.490,"Actual Rows": 7578,"Actual Loops": 4,"Inner Unique": false,"Workers": [],"Plans": [{"Node Type": "Hash Join","Parent Relationship": "Outer","Parallel Aware": true,"Async Capable": false,"Join Type": "Inner","Startup Cost": 4522.52,"Total Cost": 37283.82,"Plan Rows": 47085,"Plan Width": 12,"Actual Startup Time": 26.235,"Actual Total Time": 219.533,"Actual Rows": 36258,"Actual Loops": 4,"Inner Unique": true,"Hash Cond": "(orders.o_custkey = customer.c_custkey)","Workers": [],"Plans": [{"Node Type": "Seq Scan","Parent Relationship": "Outer","Parallel Aware": true,"Async Capable": false,"Relation Name": "orders","Alias": "orders","Startup Cost": 0.00,"Total Cost": 32143.39,"Plan Rows": 235386,"Plan Width": 16,"Actual Startup Time": 0.012,"Actual Total Time": 143.378,"Actual Rows": 181666,"Actual Loops": 4,"Filter": "(o_orderdate < '1995-03-14'::date)","Rows Removed by Filter": 193334,"Workers": []},{"Node Type": "Hash","Parent Relationship": "Inner","Parallel Aware": true,"Async Capable": false,"Startup Cost": 4366.25,"Total Cost": 4366.25,"Plan Rows": 12502,"Plan Width": 4,"Actual Startup Time": 25.698,"Actual Total Time": 25.705,"Actual Rows": 7547,"Actual Loops": 4,"Hash Buckets": 32768,"Original Hash Buckets": 32768,"Hash Batches": 1,"Original Hash Batches": 1,"Peak Memory Usage": 1536,"Workers": [],"Plans": [{"Node Type": "Seq Scan","Parent Relationship": "Outer","Parallel Aware": true,"Async Capable": false,"Relation Name": "customer","Alias": "customer","Startup Cost": 0.00,"Total Cost": 4366.25,"Plan Rows": 12502,"Plan Width": 4,"Actual Startup Time": 0.034,"Actual Total Time": 22.333,"Actual Rows": 7547,"Actual Loops": 4,"Filter": "(c_mktsegment = 'HOUSEHOLD'::bpchar)","Rows Removed by Filter": 29953,"Workers": []}]}]},{"Node Type": "Index Scan","Parent Relationship": "Inner","Parallel Aware": false,"Async Capable": false,"Scan Direction": "Forward","Index Name": "idx_lineitem_orderkey","Relation Name": "lineitem","Alias": "lineitem","Startup Cost": 0.43,"Total Cost": 1.44,"Plan Rows": 9,"Plan Width": 16,"Actual Startup Time": 0.007,"Actual Total Time": 0.008,"Actual Rows": 0,"Actual Loops": 145034,"Index Cond": "(l_orderkey = orders.o_orderkey)","Rows Removed by Index Recheck": 0,"Filter": "(l_shipdate > '1995-03-14'::date)","Rows Removed by Filter": 4,"Workers": []}]}]}]}]},"Planning Time": 5.804,"Triggers": [],"Execution Time": 566.171}]
[{"Plan": {"Node Type": "Sort","Parallel Aware": false,"Async Capable": false,"Startup Cost": 178811.55,"Total Cost": 179599.16,"Plan Rows": 315043,"Plan Width": 44,"Actual Startup Time": 546.101,"Actual Total Time": 555.337,"Actual Rows": 11382,"Actual Loops": 1,"Sort Key": ["(sum((lineitem.l_extendedprice * ('1'::numeric - lineitem.l_discount)))) DESC", "orders.o_orderdate"],"Sort Method": "quicksort","Sort Space Used": 1096,"Sort Space Type": "Memory","Plans": [{"Node Type": "Aggregate","Strategy": "Hashed","Partial Mode": "Simple","Parent Relationship": "Outer","Parallel Aware": false,"Async Capable": false,"Startup Cost": 146101.91,"Total Cost": 150039.95,"Plan Rows": 315043,"Plan Width": 44,"Actual Startup Time": 523.414,"Actual Total Time": 545.674,"Actual Rows": 11382,"Actual Loops": 1,"Group Key": ["lineitem.l_orderkey", "orders.o_orderdate", "orders.o_shippriority"],"Planned Partitions": 0,"HashAgg Batches": 1,"Peak Memory Usage": 20497,"Disk Usage": 0,"Plans": [{"Node Type": "Gather","Parent Relationship": "Outer","Parallel Aware": false,"Async Capable": false,"Startup Cost": 5522.86,"Total Cost": 141376.27,"Plan Rows": 315043,"Plan Width": 24,"Actual Startup Time": 33.349,"Actual Total Time": 497.227,"Actual Rows": 30009,"Actual Loops": 1,"Workers Planned": 3,"Workers Launched": 3,"Single Copy": false,"Plans": [{"Node Type": "Nested Loop","Parent Relationship": "Outer","Parallel Aware": false,"Async Capable": false,"Join Type": "Inner","Startup Cost": 4522.86,"Total Cost": 108871.97,"Plan Rows": 101627,"Plan Width": 24,"Actual Startup Time": 26.455,"Actual Total Time": 505.881,"Actual Rows": 7502,"Actual Loops": 4,"Inner Unique": false,"Workers": [],"Plans": [{"Node Type": "Hash Join","Parent Relationship": "Outer","Parallel Aware": true,"Async Capable": false,"Join Type": "Inner","Startup Cost": 4522.43,"Total Cost": 37276.73,"Plan Rows": 46521,"Plan Width": 12,"Actual Startup Time": 26.073,"Actual Total Time": 222.660,"Actual Rows": 35912,"Actual Loops": 4,"Inner Unique": true,"Hash Cond": "(orders.o_custkey = customer.c_custkey)","Workers": [],"Plans": [{"Node Type": "Seq Scan","Parent Relationship": "Outer","Parallel Aware": true,"Async Capable": false,"Relation Name": "orders","Alias": "orders","Startup Cost": 0.00,"Total Cost": 32143.39,"Plan Rows": 232722,"Plan Width": 16,"Actual Startup Time": 0.023,"Actual Total Time": 144.466,"Actual Rows": 179789,"Actual Loops": 4,"Filter": "(o_orderdate < '1995-03-02'::date)","Rows Removed by Filter": 195211,"Workers": []},{"Node Type": "Hash","Parent Relationship": "Inner","Parallel Aware": true,"Async Capable": false,"Startup Cost": 4366.25,"Total Cost": 4366.25,"Plan Rows": 12494,"Plan Width": 4,"Actual Startup Time": 25.545,"Actual Total Time": 25.549,"Actual Rows": 7487,"Actual Loops": 4,"Hash Buckets": 32768,"Original Hash Buckets": 32768,"Hash Batches": 1,"Original Hash Batches": 1,"Peak Memory Usage": 1504,"Workers": [],"Plans": [{"Node Type": "Seq Scan","Parent Relationship": "Outer","Parallel Aware": true,"Async Capable": false,"Relation Name": "customer","Alias": "customer","Startup Cost": 0.00,"Total Cost": 4366.25,"Plan Rows": 12494,"Plan Width": 4,"Actual Startup Time": 0.032,"Actual Total Time": 21.472,"Actual Rows": 7487,"Actual Loops": 4,"Filter": "(c_mktsegment = 'MACHINERY'::bpchar)","Rows Removed by Filter": 30013,"Workers": []}]}]},{"Node Type": "Index Scan","Parent Relationship": "Inner","Parallel Aware": false,"Async Capable": false,"Scan Direction": "Forward","Index Name": "idx_lineitem_orderkey","Relation Name": "lineitem","Alias": "lineitem","Startup Cost": 0.43,"Total Cost": 1.45,"Plan Rows": 9,"Plan Width": 16,"Actual Startup Time": 0.007,"Actual Total Time": 0.008,"Actual Rows": 0,"Actual Loops": 143649,"Index Cond": "(l_orderkey = orders.o_orderkey)","Rows Removed by Index Recheck": 0,"Filter": "(l_shipdate > '1995-03-02'::date)","Rows Removed by Filter": 4,"Workers": []}]}]}]}]},"Planning Time": 5.541,"Triggers": [],"Execution Time": 567.764}]
[{"Plan": {"Node Type": "Sort","Parallel Aware": false,"Async Capable": false,"Startup Cost": 179671.46,"Total Cost": 180459.20,"Plan Rows": 315094,"Plan Width": 44,"Actual Startup Time": 538.967,"Actual Total Time": 547.458,"Actual Rows": 11229,"Actual Loops": 1,"Sort Key": ["(sum((lineitem.l_extendedprice * ('1'::numeric - lineitem.l_discount)))) DESC", "orders.o_orderdate"],"Sort Method": "quicksort","Sort Space Used": 1086,"Sort Space Type": "Memory","Plans": [{"Node Type": "Aggregate","Strategy": "Hashed","Partial Mode": "Simple","Parent Relationship": "Outer","Parallel Aware": false,"Async Capable": false,"Startup Cost": 146956.16,"Total Cost": 150894.84,"Plan Rows": 315094,"Plan Width": 44,"Actual Startup Time": 516.888,"Actual Total Time": 541.823,"Actual Rows": 11229,"Actual Loops": 1,"Group Key": ["lineitem.l_orderkey", "orders.o_orderdate", "orders.o_shippriority"],"Planned Partitions": 0,"HashAgg Batches": 1,"Peak Memory Usage": 20497,"Disk Usage": 0,"Plans": [{"Node Type": "Gather","Parent Relationship": "Outer","Parallel Aware": false,"Async Capable": false,"Startup Cost": 5522.86,"Total Cost": 142229.75,"Plan Rows": 315094,"Plan Width": 24,"Actual Startup Time": 32.109,"Actual Total Time": 496.690,"Actual Rows": 29649,"Actual Loops": 1,"Workers Planned": 3,"Workers Launched": 3,"Single Copy": false,"Plans": [{"Node Type": "Nested Loop","Parent Relationship": "Outer","Parallel Aware": false,"Async Capable": false,"Join Type": "Inner","Startup Cost": 4522.86,"Total Cost": 109720.35,"Plan Rows": 101643,"Plan Width": 24,"Actual Startup Time": 24.966,"Actual Total Time": 500.149,"Actual Rows": 7412,"Actual Loops": 4,"Inner Unique": false,"Workers": [],"Plans": [{"Node Type": "Hash Join","Parent Relationship": "Outer","Parallel Aware": true,"Async Capable": false,"Join Type": "Inner","Startup Cost": 4522.43,"Total Cost": 37289.46,"Plan Rows": 47490,"Plan Width": 12,"Actual Startup Time": 24.649,"Actual Total Time": 214.572,"Actual Rows": 36612,"Actual Loops": 4,"Inner Unique": true,"Hash Cond": "(orders.o_custkey = customer.c_custkey)","Workers": [],"Plans": [{"Node Type": "Seq Scan","Parent Relationship": "Outer","Parallel Aware": true,"Async Capable": false,"Relation Name": "orders","Alias": "orders","Startup Cost": 0.00,"Total Cost": 32143.39,"Plan Rows": 237570,"Plan Width": 16,"Actual Startup Time": 0.014,"Actual Total Time": 143.665,"Actual Rows": 183364,"Actual Loops": 4,"Filter": "(o_orderdate < '1995-03-25'::date)","Rows Removed by Filter": 191636,"Workers": []},{"Node Type": "Hash","Parent Relationship": "Inner","Parallel Aware": true,"Async Capable": false,"Startup Cost": 4366.25,"Total Cost": 4366.25,"Plan Rows": 12494,"Plan Width": 4,"Actual Startup Time": 24.245,"Actual Total Time": 24.248,"Actual Rows": 7487,"Actual Loops": 4,"Hash Buckets": 32768,"Original Hash Buckets": 32768,"Hash Batches": 1,"Original Hash Batches": 1,"Peak Memory Usage": 1504,"Workers": [],"Plans": [{"Node Type": "Seq Scan","Parent Relationship": "Outer","Parallel Aware": true,"Async Capable": false,"Relation Name": "customer","Alias": "customer","Startup Cost": 0.00,"Total Cost": 4366.25,"Plan Rows": 12494,"Plan Width": 4,"Actual Startup Time": 0.027,"Actual Total Time": 20.852,"Actual Rows": 7487,"Actual Loops": 4,"Filter": "(c_mktsegment = 'MACHINERY'::bpchar)","Rows Removed by Filter": 30013,"Workers": []}]}]},{"Node Type": "Index Scan","Parent Relationship": "Inner","Parallel Aware": false,"Async Capable": false,"Scan Direction": "Forward","Index Name": "idx_lineitem_orderkey","Relation Name": "lineitem","Alias": "lineitem","Startup Cost": 0.43,"Total Cost": 1.44,"Plan Rows": 9,"Plan Width": 16,"Actual Startup Time": 0.007,"Actual Total Time": 0.008,"Actual Rows": 0,"Actual Loops": 146446,"Index Cond": "(l_orderkey = orders.o_orderkey)","Rows Removed by Index Recheck": 0,"Filter": "(l_shipdate > '1995-03-25'::date)","Rows Removed by Filter": 4,"Workers": []}]}]}]}]},"Planning Time": 5.887,"Triggers": [],"Execution Time": 562.393}]
[{"Plan": {"Node Type": "Sort","Parallel Aware": false,"Async Capable": false,"Startup Cost": 177327.07,"Total Cost": 178105.41,"Plan Rows": 311338,"Plan Width": 44,"Actual Startup Time": 539.276,"Actual Total Time": 546.204,"Actual Rows": 11489,"Actual Loops": 1,"Sort Key": ["(sum((lineitem.l_extendedprice * ('1'::numeric - lineitem.l_discount)))) DESC", "orders.o_orderdate"],"Sort Method": "quicksort","Sort Space Used": 1103,"Sort Space Type": "Memory","Plans": [{"Node Type": "Aggregate","Strategy": "Hashed","Partial Mode": "Simple","Parent Relationship": "Outer","Parallel Aware": false,"Async Capable": false,"Startup Cost": 145028.68,"Total Cost": 148920.40,"Plan Rows": 311338,"Plan Width": 44,"Actual Startup Time": 516.638,"Actual Total Time": 540.338,"Actual Rows": 11489,"Actual Loops": 1,"Group Key": ["lineitem.l_orderkey", "orders.o_orderdate", "orders.o_shippriority"],"Planned Partitions": 0,"HashAgg Batches": 1,"Peak Memory Usage": 20497,"Disk Usage": 0,"Plans": [{"Node Type": "Gather","Parent Relationship": "Outer","Parallel Aware": false,"Async Capable": false,"Startup Cost": 5521.08,"Total Cost": 140358.61,"Plan Rows": 311338,"Plan Width": 24,"Actual Startup Time": 30.660,"Actual Total Time": 493.539,"Actual Rows": 30376,"Actual Loops": 1,"Workers Planned": 3,"Workers Launched": 3,"Single Copy": false,"Plans": [{"Node Type": "Nested Loop","Parent Relationship": "Outer","Parallel Aware": false,"Async Capable": false,"Join Type": "Inner","Startup Cost": 4521.08,"Total Cost": 108224.81,"Plan Rows": 100432,"Plan Width": 24,"Actual Startup Time": 23.422,"Actual Total Time": 499.876,"Actual Rows": 7594,"Actual Loops": 4,"Inner Unique": false,"Workers": [],"Plans": [{"Node Type": "Hash Join","Parent Relationship": "Outer","Parallel Aware": true,"Async Capable": false,"Join Type": "Inner","Startup Cost": 4520.65,"Total Cost": 37277.46,"Plan Rows": 46183,"Plan Width": 12,"Actual Startup Time": 23.006,"Actual Total Time": 216.203,"Actual Rows": 35918,"Actual Loops": 4,"Inner Unique": true,"Hash Cond": "(orders.o_custkey = customer.c_custkey)","Workers": [],"Plans": [{"Node Type": "Seq Scan","Parent Relationship": "Outer","Parallel Aware": true,"Async Capable": false,"Relation Name": "orders","Alias": "orders","Startup Cost": 0.00,"Total Cost": 32143.39,"Plan Rows": 233677,"Plan Width": 16,"Actual Startup Time": 0.008,"Actual Total Time": 142.132,"Actual Rows": 180569,"Actual Loops": 4,"Filter": "(o_orderdate < '1995-03-07'::date)","Rows Removed by Filter": 194431,"Workers": []},{"Node Type": "Hash","Parent Relationship": "Inner","Parallel Aware": true,"Async Capable": false,"Startup Cost": 4366.25,"Total Cost": 4366.25,"Plan Rows": 12352,"Plan Width": 4,"Actual Startup Time": 22.572,"Actual Total Time": 22.577,"Actual Rows": 7438,"Actual Loops": 4,"Hash Buckets": 32768,"Original Hash Buckets": 32768,"Hash Batches": 1,"Original Hash Batches": 1,"Peak Memory Usage": 1472,"Workers": [],"Plans": [{"Node Type": "Seq Scan","Parent Relationship": "Outer","Parallel Aware": true,"Async Capable": false,"Relation Name": "customer","Alias": "customer","Startup Cost": 0.00,"Total Cost": 4366.25,"Plan Rows": 12352,"Plan Width": 4,"Actual Startup Time": 0.047,"Actual Total Time": 19.255,"Actual Rows": 7438,"Actual Loops": 4,"Filter": "(c_mktsegment = 'AUTOMOBILE'::bpchar)","Rows Removed by Filter": 30062,"Workers": []}]}]},{"Node Type": "Index Scan","Parent Relationship": "Inner","Parallel Aware": false,"Async Capable": false,"Scan Direction": "Forward","Index Name": "idx_lineitem_orderkey","Relation Name": "lineitem","Alias": "lineitem","Startup Cost": 0.43,"Total Cost": 1.45,"Plan Rows": 9,"Plan Width": 16,"Actual Startup Time": 0.008,"Actual Total Time": 0.008,"Actual Rows": 0,"Actual Loops": 143672,"Index Cond": "(l_orderkey = orders.o_orderkey)","Rows Removed by Index Recheck": 0,"Filter": "(l_shipdate > '1995-03-07'::date)","Rows Removed by Filter": 4,"Workers": []}]}]}]}]},"Planning Time": 5.578,"Triggers": [],"Execution Time": 561.958}]
[{"Plan": {"Node Type": "Sort","Parallel Aware": false,"Async Capable": false,"Startup Cost": 182705.91,"Total Cost": 183510.46,"Plan Rows": 321821,"Plan Width": 44,"Actual Startup Time": 538.252,"Actual Total Time": 548.699,"Actual Rows": 11455,"Actual Loops": 1,"Sort Key": ["(sum((lineitem.l_extendedprice * ('1'::numeric - lineitem.l_discount)))) DESC", "orders.o_orderdate"],"Sort Method": "quicksort","Sort Space Used": 1100,"Sort Space Type": "Memory","Plans": [{"Node Type": "Aggregate","Strategy": "Hashed","Partial Mode": "Simple","Parent Relationship": "Outer","Parallel Aware": false,"Async Capable": false,"Startup Cost": 149243.12,"Total Cost": 153265.89,"Plan Rows": 321821,"Plan Width": 44,"Actual Startup Time": 515.793,"Actual Total Time": 539.031,"Actual Rows": 11455,"Actual Loops": 1,"Group Key": ["lineitem.l_orderkey", "orders.o_orderdate", "orders.o_shippriority"],"Planned Partitions": 0,"HashAgg Batches": 1,"Peak Memory Usage": 20497,"Disk Usage": 0,"Plans": [{"Node Type": "Gather","Parent Relationship": "Outer","Parallel Aware": false,"Async Capable": false,"Startup Cost": 5526.18,"Total Cost": 144415.81,"Plan Rows": 321821,"Plan Width": 24,"Actual Startup Time": 32.971,"Actual Total Time": 490.041,"Actual Rows": 30385,"Actual Loops": 1,"Workers Planned": 3,"Workers Launched": 3,"Single Copy": false,"Plans": [{"Node Type": "Nested Loop","Parent Relationship": "Outer","Parallel Aware": false,"Async Capable": false,"Join Type": "Inner","Startup Cost": 4526.18,"Total Cost": 111233.71,"Plan Rows": 103813,"Plan Width": 24,"Actual Startup Time": 26.134,"Actual Total Time": 498.478,"Actual Rows": 7596,"Actual Loops": 4,"Inner Unique": false,"Workers": [],"Plans": [{"Node Type": "Hash Join","Parent Relationship": "Outer","Parallel Aware": true,"Async Capable": false,"Join Type": "Inner","Startup Cost": 4525.75,"Total Cost": 37292.24,"Plan Rows": 48462,"Plan Width": 12,"Actual Startup Time": 25.945,"Actual Total Time": 218.063,"Actual Rows": 36569,"Actual Loops": 4,"Inner Unique": true,"Hash Cond": "(orders.o_custkey = customer.c_custkey)","Workers": [],"Plans": [{"Node Type": "Seq Scan","Parent Relationship": "Outer","Parallel Aware": true,"Async Capable": false,"Relation Name": "orders","Alias": "orders","Startup Cost": 0.00,"Total Cost": 32143.39,"Plan Rows": 237363,"Plan Width": 16,"Actual Startup Time": 0.013,"Actual Total Time": 140.098,"Actual Rows": 183220,"Actual Loops": 4,"Filter": "(o_orderdate < '1995-03-24'::date)","Rows Removed by Filter": 191780,"Workers": []},{"Node Type": "Hash","Parent Relationship": "Inner","Parallel Aware": true,"Async Capable": false,"Startup Cost": 4366.25,"Total Cost": 4366.25,"Plan Rows": 12760,"Plan Width": 4,"Actual Startup Time": 25.517,"Actual Total Time": 25.522,"Actual Rows": 7492,"Actual Loops": 4,"Hash Buckets": 32768,"Original Hash Buckets": 32768,"Hash Batches": 1,"Original Hash Batches": 1,"Peak Memory Usage": 1472,"Workers": [],"Plans": [{"Node Type": "Seq Scan","Parent Relationship": "Outer","Parallel Aware": true,"Async Capable": false,"Relation Name": "customer","Alias": "customer","Startup Cost": 0.00,"Total Cost": 4366.25,"Plan Rows": 12760,"Plan Width": 4,"Actual Startup Time": 0.042,"Actual Total Time": 21.606,"Actual Rows": 7492,"Actual Loops": 4,"Filter": "(c_mktsegment = 'FURNITURE'::bpchar)","Rows Removed by Filter": 30008,"Workers": []}]}]},{"Node Type": "Index Scan","Parent Relationship": "Inner","Parallel Aware": false,"Async Capable": false,"Scan Direction": "Forward","Index Name": "idx_lineitem_orderkey","Relation Name": "lineitem","Alias": "lineitem","Startup Cost": 0.43,"Total Cost": 1.44,"Plan Rows": 9,"Plan Width": 16,"Actual Startup Time": 0.007,"Actual Total Time": 0.007,"Actual Rows": 0,"Actual Loops": 146275,"Index Cond": "(l_orderkey = orders.o_orderkey)","Rows Removed by Index Recheck": 0,"Filter": "(l_shipdate > '1995-03-24'::date)","Rows Removed by Filter": 4,"Workers": []}]}]}]}]},"Planning Time": 6.196,"Triggers": [],"Execution Time": 561.386}]
[{"Plan": {"Node Type": "Sort","Parallel Aware": false,"Async Capable": false,"Startup Cost": 179108.73,"Total Cost": 179895.55,"Plan Rows": 314731,"Plan Width": 44,"Actual Startup Time": 513.466,"Actual Total Time": 524.920,"Actual Rows": 11292,"Actual Loops": 1,"Sort Key": ["(sum((lineitem.l_extendedprice * ('1'::numeric - lineitem.l_discount)))) DESC", "orders.o_orderdate"],"Sort Method": "quicksort","Sort Space Used": 1090,"Sort Space Type": "Memory","Plans": [{"Node Type": "Aggregate","Strategy": "Hashed","Partial Mode": "Simple","Parent Relationship": "Outer","Parallel Aware": false,"Async Capable": false,"Startup Cost": 146433.73,"Total Cost": 150367.87,"Plan Rows": 314731,"Plan Width": 44,"Actual Startup Time": 492.099,"Actual Total Time": 517.111,"Actual Rows": 11292,"Actual Loops": 1,"Group Key": ["lineitem.l_orderkey", "orders.o_orderdate", "orders.o_shippriority"],"Planned Partitions": 0,"HashAgg Batches": 1,"Peak Memory Usage": 20497,"Disk Usage": 0,"Plans": [{"Node Type": "Gather","Parent Relationship": "Outer","Parallel Aware": false,"Async Capable": false,"Startup Cost": 5522.86,"Total Cost": 141712.77,"Plan Rows": 314731,"Plan Width": 24,"Actual Startup Time": 29.959,"Actual Total Time": 472.293,"Actual Rows": 29873,"Actual Loops": 1,"Workers Planned": 3,"Workers Launched": 3,"Single Copy": false,"Plans": [{"Node Type": "Nested Loop","Parent Relationship": "Outer","Parallel Aware": false,"Async Capable": false,"Join Type": "Inner","Startup Cost": 4522.86,"Total Cost": 109239.67,"Plan Rows": 101526,"Plan Width": 24,"Actual Startup Time": 22.817,"Actual Total Time": 475.775,"Actual Rows": 7468,"Actual Loops": 4,"Inner Unique": false,"Workers": [],"Plans": [{"Node Type": "Hash Join","Parent Relationship": "Outer","Parallel Aware": true,"Async Capable": false,"Join Type": "Inner","Startup Cost": 4522.43,"Total Cost": 37282.25,"Plan Rows": 46941,"Plan Width": 12,"Actual Startup Time": 22.613,"Actual Total Time": 202.549,"Actual Rows": 36242,"Actual Loops": 4,"Inner Unique": true,"Hash Cond": "(orders.o_custkey = customer.c_custkey)","Workers": [],"Plans": [{"Node Type": "Seq Scan","Parent Relationship": "Outer","Parallel Aware": true,"Async Capable": false,"Relation Name": "orders","Alias": "orders","Startup Cost": 0.00,"Total Cost": 32143.39,"Plan Rows": 234824,"Plan Width": 16,"Actual Startup Time": 0.009,"Actual Total Time": 135.476,"Actual Rows": 181502,"Actual Loops": 4,"Filter": "(o_orderdate < '1995-03-13'::date)","Rows Removed by Filter": 193498,"Workers": []},{"Node Type": "Hash","Parent Relationship": "Inner","Parallel Aware": true,"Async Capable": false,"Startup Cost": 4366.25,"Total Cost": 4366.25,"Plan Rows": 12494,"Plan Width": 4,"Actual Startup Time": 22.148,"Actual Total Time": 22.153,"Actual Rows": 7487,"Actual Loops": 4,"Hash Buckets": 32768,"Original Hash Buckets": 32768,"Hash Batches": 1,"Original Hash Batches": 1,"Peak Memory Usage": 1504,"Workers": [],"Plans": [{"Node Type": "Seq Scan","Parent Relationship": "Outer","Parallel Aware": true,"Async Capable": false,"Relation Name": "customer","Alias": "customer","Startup Cost": 0.00,"Total Cost": 4366.25,"Plan Rows": 12494,"Plan Width": 4,"Actual Startup Time": 0.040,"Actual Total Time": 19.138,"Actual Rows": 7487,"Actual Loops": 4,"Filter": "(c_mktsegment = 'MACHINERY'::bpchar)","Rows Removed by Filter": 30013,"Workers": []}]}]},{"Node Type": "Index Scan","Parent Relationship": "Inner","Parallel Aware": false,"Async Capable": false,"Scan Direction": "Forward","Index Name": "idx_lineitem_orderkey","Relation Name": "lineitem","Alias": "lineitem","Startup Cost": 0.43,"Total Cost": 1.44,"Plan Rows": 9,"Plan Width": 16,"Actual Startup Time": 0.007,"Actual Total Time": 0.007,"Actual Rows": 0,"Actual Loops": 144969,"Index Cond": "(l_orderkey = orders.o_orderkey)","Rows Removed by Index Recheck": 0,"Filter": "(l_shipdate > '1995-03-13'::date)","Rows Removed by Filter": 4,"Workers": []}]}]}]}]},"Planning Time": 6.556,"Triggers": [],"Execution Time": 538.880}]
[{"Plan": {"Node Type": "Sort","Parallel Aware": false,"Async Capable": false,"Startup Cost": 178933.85,"Total Cost": 179721.92,"Plan Rows": 315226,"Plan Width": 44,"Actual Startup Time": 520.961,"Actual Total Time": 531.060,"Actual Rows": 11445,"Actual Loops": 1,"Sort Key": ["(sum((lineitem.l_extendedprice * ('1'::numeric - lineitem.l_discount)))) DESC", "orders.o_orderdate"],"Sort Method": "quicksort","Sort Space Used": 1100,"Sort Space Type": "Memory","Plans": [{"Node Type": "Aggregate","Strategy": "Hashed","Partial Mode": "Simple","Parent Relationship": "Outer","Parallel Aware": false,"Async Capable": false,"Startup Cost": 146203.90,"Total Cost": 150144.22,"Plan Rows": 315226,"Plan Width": 44,"Actual Startup Time": 497.642,"Actual Total Time": 522.613,"Actual Rows": 11445,"Actual Loops": 1,"Group Key": ["lineitem.l_orderkey", "orders.o_orderdate", "orders.o_shippriority"],"Planned Partitions": 0,"HashAgg Batches": 1,"Peak Memory Usage": 20497,"Disk Usage": 0,"Plans": [{"Node Type": "Gather","Parent Relationship": "Outer","Parallel Aware": false,"Async Capable": false,"Startup Cost": 5522.96,"Total Cost": 141475.51,"Plan Rows": 315226,"Plan Width": 24,"Actual Startup Time": 30.647,"Actual Total Time": 475.525,"Actual Rows": 30319,"Actual Loops": 1,"Workers Planned": 3,"Workers Launched": 3,"Single Copy": false,"Plans": [{"Node Type": "Nested Loop","Parent Relationship": "Outer","Parallel Aware": false,"Async Capable": false,"Join Type": "Inner","Startup Cost": 4522.96,"Total Cost": 108952.91,"Plan Rows": 101686,"Plan Width": 24,"Actual Startup Time": 23.588,"Actual Total Time": 480.720,"Actual Rows": 7580,"Actual Loops": 4,"Inner Unique": false,"Workers": [],"Plans": [{"Node Type": "Hash Join","Parent Relationship": "Outer","Parallel Aware": true,"Async Capable": false,"Join Type": "Inner","Startup Cost": 4522.52,"Total Cost": 37277.33,"Plan Rows": 46590,"Plan Width": 12,"Actual Startup Time": 23.426,"Actual Total Time": 207.439,"Actual Rows": 35912,"Actual Loops": 4,"Inner Unique": true,"Hash Cond": "(orders.o_custkey = customer.c_custkey)","Workers": [],"Plans": [{"Node Type": "Seq Scan","Parent Relationship": "Outer","Parallel Aware": true,"Async Capable": false,"Relation Name": "orders","Alias": "orders","Startup Cost": 0.00,"Total Cost": 32143.39,"Plan Rows": 232913,"Plan Width": 16,"Actual Startup Time": 0.016,"Actual Total Time": 138.508,"Actual Rows": 179945,"Actual Loops": 4,"Filter": "(o_orderdate < '1995-03-03'::date)","Rows Removed by Filter": 195055,"Workers": []},{"Node Type": "Hash","Parent Relationship": "Inner","Parallel Aware": true,"Async Capable": false,"Startup Cost": 4366.25,"Total Cost": 4366.25,"Plan Rows": 12502,"Plan Width": 4,"Actual Startup Time": 22.992,"Actual Total Time": 22.998,"Actual Rows": 7547,"Actual Loops": 4,"Hash Buckets": 32768,"Original Hash Buckets": 32768,"Hash Batches": 1,"Original Hash Batches": 1,"Peak Memory Usage": 1504,"Workers": [],"Plans": [{"Node Type": "Seq Scan","Parent Relationship": "Outer","Parallel Aware": true,"Async Capable": false,"Relation Name": "customer","Alias": "customer","Startup Cost": 0.00,"Total Cost": 4366.25,"Plan Rows": 12502,"Plan Width": 4,"Actual Startup Time": 0.025,"Actual Total Time": 19.929,"Actual Rows": 7547,"Actual Loops": 4,"Filter": "(c_mktsegment = 'HOUSEHOLD'::bpchar)","Rows Removed by Filter": 29953,"Workers": []}]}]},{"Node Type": "Index Scan","Parent Relationship": "Inner","Parallel Aware": false,"Async Capable": false,"Scan Direction": "Forward","Index Name": "idx_lineitem_orderkey","Relation Name": "lineitem","Alias": "lineitem","Startup Cost": 0.43,"Total Cost": 1.45,"Plan Rows": 9,"Plan Width": 16,"Actual Startup Time": 0.007,"Actual Total Time": 0.007,"Actual Rows": 0,"Actual Loops": 143649,"Index Cond": "(l_orderkey = orders.o_orderkey)","Rows Removed by Index Recheck": 0,"Filter": "(l_shipdate > '1995-03-03'::date)","Rows Removed by Filter": 4,"Workers": []}]}]}]}]},"Planning Time": 6.905,"Triggers": [],"Execution Time": 544.356}]
[{"Plan": {"Node Type": "Sort","Parallel Aware": false,"Async Capable": false,"Startup Cost": 178865.64,"Total Cost": 179653.11,"Plan Rows": 314989,"Plan Width": 44,"Actual Startup Time": 523.684,"Actual Total Time": 530.658,"Actual Rows": 11380,"Actual Loops": 1,"Sort Key": ["(sum((lineitem.l_extendedprice * ('1'::numeric - lineitem.l_discount)))) DESC", "orders.o_orderdate"],"Sort Method": "quicksort","Sort Space Used": 1096,"Sort Space Type": "Memory","Plans": [{"Node Type": "Aggregate","Strategy": "Hashed","Partial Mode": "Simple","Parent Relationship": "Outer","Parallel Aware": false,"Async Capable": false,"Startup Cost": 146162.00,"Total Cost": 150099.36,"Plan Rows": 314989,"Plan Width": 44,"Actual Startup Time": 498.088,"Actual Total Time": 522.219,"Actual Rows": 11380,"Actual Loops": 1,"Group Key": ["lineitem.l_orderkey", "orders.o_orderdate", "orders.o_shippriority"],"Planned Partitions": 0,"HashAgg Batches": 1,"Peak Memory Usage": 20497,"Disk Usage": 0,"Plans": [{"Node Type": "Gather","Parent Relationship": "Outer","Parallel Aware": false,"Async Capable": false,"Startup Cost": 5522.86,"Total Cost": 141437.16,"Plan Rows": 314989,"Plan Width": 24,"Actual Startup Time": 30.876,"Actual Total Time": 469.870,"Actual Rows": 30012,"Actual Loops": 1,"Workers Planned": 3,"Workers Launched": 3,"Single Copy": false,"Plans": [{"Node Type": "Nested Loop","Parent Relationship": "Outer","Parallel Aware": false,"Async Capable": false,"Join Type": "Inner","Startup Cost": 4522.86,"Total Cost": 108938.26,"Plan Rows": 101609,"Plan Width": 24,"Actual Startup Time": 23.908,"Actual Total Time": 480.620,"Actual Rows": 7503,"Actual Loops": 4,"Inner Unique": false,"Workers": [],"Plans": [{"Node Type": "Hash Join","Parent Relationship": "Outer","Parallel Aware": true,"Async Capable": false,"Join Type": "Inner","Startup Cost": 4522.43,"Total Cost": 37277.73,"Plan Rows": 46597,"Plan Width": 12,"Actual Startup Time": 23.615,"Actual Total Time": 204.563,"Actual Rows": 35978,"Actual Loops": 4,"Inner Unique": true,"Hash Cond": "(orders.o_custkey = customer.c_custkey)","Workers": [],"Plans": [{"Node Type": "Seq Scan","Parent Relationship": "Outer","Parallel Aware": true,"Async Capable": false,"Relation Name": "orders","Alias": "orders","Startup Cost": 0.00,"Total Cost": 32143.39,"Plan Rows": 233104,"Plan Width": 16,"Actual Startup Time": 0.018,"Actual Total Time": 136.114,"Actual Rows": 180099,"Actual Loops": 4,"Filter": "(o_orderdate < '1995-03-04'::date)","Rows Removed by Filter": 194901,"Workers": []},{"Node Type": "Hash","Parent Relationship": "Inner","Parallel Aware": true,"Async Capable": false,"Startup Cost": 4366.25,"Total Cost": 4366.25,"Plan Rows": 12494,"Plan Width": 4,"Actual Startup Time": 23.137,"Actual Total Time": 23.140,"Actual Rows": 7487,"Actual Loops": 4,"Hash Buckets": 32768,"Original Hash Buckets": 32768,"Hash Batches": 1,"Original Hash Batches": 1,"Peak Memory Usage": 1440,"Workers": [],"Plans": [{"Node Type": "Seq Scan","Parent Relationship": "Outer","Parallel Aware": true,"Async Capable": false,"Relation Name": "customer","Alias": "customer","Startup Cost": 0.00,"Total Cost": 4366.25,"Plan Rows": 12494,"Plan Width": 4,"Actual Startup Time": 0.043,"Actual Total Time": 20.047,"Actual Rows": 7487,"Actual Loops": 4,"Filter": "(c_mktsegment = 'MACHINERY'::bpchar)","Rows Removed by Filter": 30013,"Workers": []}]}]},{"Node Type": "Index Scan","Parent Relationship": "Inner","Parallel Aware": false,"Async Capable": false,"Scan Direction": "Forward","Index Name": "idx_lineitem_orderkey","Relation Name": "lineitem","Alias": "lineitem","Startup Cost": 0.43,"Total Cost": 1.45,"Plan Rows": 9,"Plan Width": 16,"Actual Startup Time": 0.007,"Actual Total Time": 0.007,"Actual Rows": 0,"Actual Loops": 143910,"Index Cond": "(l_orderkey = orders.o_orderkey)","Rows Removed by Index Recheck": 0,"Filter": "(l_shipdate > '1995-03-04'::date)","Rows Removed by Filter": 4,"Workers": []}]}]}]}]},"Planning Time": 5.240,"Triggers": [],"Execution Time": 545.533}]
[{"Plan": {"Node Type": "Sort","Parallel Aware": false,"Async Capable": false,"Startup Cost": 177484.87,"Total Cost": 178262.77,"Plan Rows": 311162,"Plan Width": 44,"Actual Startup Time": 532.406,"Actual Total Time": 542.569,"Actual Rows": 11479,"Actual Loops": 1,"Sort Key": ["(sum((lineitem.l_extendedprice * ('1'::numeric - lineitem.l_discount)))) DESC", "orders.o_orderdate"],"Sort Method": "quicksort","Sort Space Used": 1102,"Sort Space Type": "Memory","Plans": [{"Node Type": "Aggregate","Strategy": "Hashed","Partial Mode": "Simple","Parent Relationship": "Outer","Parallel Aware": false,"Async Capable": false,"Startup Cost": 145206.00,"Total Cost": 149095.53,"Plan Rows": 311162,"Plan Width": 44,"Actual Startup Time": 509.558,"Actual Total Time": 534.014,"Actual Rows": 11479,"Actual Loops": 1,"Group Key": ["lineitem.l_orderkey", "orders.o_orderdate", "orders.o_shippriority"],"Planned Partitions": 0,"HashAgg Batches": 1,"Peak Memory Usage": 20497,"Disk Usage": 0,"Plans": [{"Node Type": "Gather","Parent Relationship": "Outer","Parallel Aware": false,"Async Capable": false,"Startup Cost": 5521.08,"Total Cost": 140538.57,"Plan Rows": 311162,"Plan Width": 24,"Actual Startup Time": 32.746,"Actual Total Time": 484.685,"Actual Rows": 30266,"Actual Loops": 1,"Workers Planned": 3,"Workers Launched": 3,"Single Copy": false,"Plans": [{"Node Type": "Nested Loop","Parent Relationship": "Outer","Parallel Aware": false,"Async Capable": false,"Join Type": "Inner","Startup Cost": 4521.08,"Total Cost": 108422.37,"Plan Rows": 100375,"Plan Width": 24,"Actual Startup Time": 26.107,"Actual Total Time": 492.345,"Actual Rows": 7566,"Actual Loops": 4,"Inner Unique": false,"Workers": [],"Plans": [{"Node Type": "Hash Join","Parent Relationship": "Outer","Parallel Aware": true,"Async Capable": false,"Join Type": "Inner","Startup Cost": 4520.65,"Total Cost": 37280.47,"Plan Rows": 46409,"Plan Width": 12,"Actual Startup Time": 25.672,"Actual Total Time": 217.409,"Actual Rows": 36100,"Actual Loops": 4,"Inner Unique": true,"Hash Cond": "(orders.o_custkey = customer.c_custkey)","Workers": [],"Plans": [{"Node Type": "Seq Scan","Parent Relationship": "Outer","Parallel Aware": true,"Async Capable": false,"Relation Name": "orders","Alias": "orders","Startup Cost": 0.00,"Total Cost": 32143.39,"Plan Rows": 234824,"Plan Width": 16,"Actual Startup Time": 0.015,"Actual Total Time": 140.744,"Actual Rows": 181502,"Actual Loops": 4,"Filter": "(o_orderdate < '1995-03-13'::date)","Rows Removed by Filter": 193498,"Workers": []},{"Node Type": "Hash","Parent Relationship": "Inner","Parallel Aware": true,"Async Capable": false,"Startup Cost": 4366.25,"Total Cost": 4366.25,"Plan Rows": 12352,"Plan Width": 4,"Actual Startup Time": 25.240,"Actual Total Time": 25.243,"Actual Rows": 7438,"Actual Loops": 4,"Hash Buckets": 32768,"Original Hash Buckets": 32768,"Hash Batches": 1,"Original Hash Batches": 1,"Peak Memory Usage": 1472,"Workers": [],"Plans": [{"Node Type": "Seq Scan","Parent Relationship": "Outer","Parallel Aware": true,"Async Capable": false,"Relation Name": "customer","Alias": "customer","Startup Cost": 0.00,"Total Cost": 4366.25,"Plan Rows": 12352,"Plan Width": 4,"Actual Startup Time": 0.038,"Actual Total Time": 21.534,"Actual Rows": 7438,"Actual Loops": 4,"Filter": "(c_mktsegment = 'AUTOMOBILE'::bpchar)","Rows Removed by Filter": 30062,"Workers": []}]}]},{"Node Type": "Index Scan","Parent Relationship": "Inner","Parallel Aware": false,"Async Capable": false,"Scan Direction": "Forward","Index Name": "idx_lineitem_orderkey","Relation Name": "lineitem","Alias": "lineitem","Startup Cost": 0.43,"Total Cost": 1.44,"Plan Rows": 9,"Plan Width": 16,"Actual Startup Time": 0.007,"Actual Total Time": 0.007,"Actual Rows": 0,"Actual Loops": 144399,"Index Cond": "(l_orderkey = orders.o_orderkey)","Rows Removed by Index Recheck": 0,"Filter": "(l_shipdate > '1995-03-13'::date)","Rows Removed by Filter": 4,"Workers": []}]}]}]}]},"Planning Time": 5.789,"Triggers": [],"Execution Time": 554.787}]
[{"Plan": {"Node Type": "Sort","Parallel Aware": false,"Async Capable": false,"Startup Cost": 182889.23,"Total Cost": 183693.75,"Plan Rows": 321811,"Plan Width": 44,"Actual Startup Time": 544.709,"Actual Total Time": 554.593,"Actual Rows": 11449,"Actual Loops": 1,"Sort Key": ["(sum((lineitem.l_extendedprice * ('1'::numeric - lineitem.l_discount)))) DESC", "orders.o_orderdate"],"Sort Method": "quicksort","Sort Space Used": 1100,"Sort Space Type": "Memory","Plans": [{"Node Type": "Aggregate","Strategy": "Hashed","Partial Mode": "Simple","Parent Relationship": "Outer","Parallel Aware": false,"Async Capable": false,"Startup Cost": 149427.55,"Total Cost": 153450.19,"Plan Rows": 321811,"Plan Width": 44,"Actual Startup Time": 521.822,"Actual Total Time": 545.592,"Actual Rows": 11449,"Actual Loops": 1,"Group Key": ["lineitem.l_orderkey", "orders.o_orderdate", "orders.o_shippriority"],"Planned Partitions": 0,"HashAgg Batches": 1,"Peak Memory Usage": 20497,"Disk Usage": 0,"Plans": [{"Node Type": "Gather","Parent Relationship": "Outer","Parallel Aware": false,"Async Capable": false,"Startup Cost": 5526.18,"Total Cost": 144600.39,"Plan Rows": 321811,"Plan Width": 24,"Actual Startup Time": 32.981,"Actual Total Time": 496.497,"Actual Rows": 30488,"Actual Loops": 1,"Workers Planned": 3,"Workers Launched": 3,"Single Copy": false,"Plans": [{"Node Type": "Nested Loop","Parent Relationship": "Outer","Parallel Aware": false,"Async Capable": false,"Join Type": "Inner","Startup Cost": 4526.18,"Total Cost": 111419.29,"Plan Rows": 103810,"Plan Width": 24,"Actual Startup Time": 26.294,"Actual Total Time": 504.532,"Actual Rows": 7622,"Actual Loops": 4,"Inner Unique": false,"Workers": [],"Plans": [{"Node Type": "Hash Join","Parent Relationship": "Outer","Parallel Aware": true,"Async Capable": false,"Join Type": "Inner","Startup Cost": 4525.75,"Total Cost": 37294.96,"Plan Rows": 48674,"Plan Width": 12,"Actual Startup Time": 26.074,"Actual Total Time": 219.890,"Actual Rows": 36728,"Actual Loops": 4,"Inner Unique": true,"Hash Cond": "(orders.o_custkey = customer.c_custkey)","Workers": [],"Plans": [{"Node Type": "Seq Scan","Parent Relationship": "Outer","Parallel Aware": true,"Async Capable": false,"Relation Name": "orders","Alias": "orders","Startup Cost": 0.00,"Total Cost": 32143.39,"Plan Rows": 238401,"Plan Width": 16,"Actual Startup Time": 0.011,"Actual Total Time": 141.927,"Actual Rows": 183996,"Actual Loops": 4,"Filter": "(o_orderdate < '1995-03-29'::date)","Rows Removed by Filter": 191004,"Workers": []},{"Node Type": "Hash","Parent Relationship": "Inner","Parallel Aware": true,"Async Capable": false,"Startup Cost": 4366.25,"Total Cost": 4366.25,"Plan Rows": 12760,"Plan Width": 4,"Actual Startup Time": 25.566,"Actual Total Time": 25.571,"Actual Rows": 7492,"Actual Loops": 4,"Hash Buckets": 32768,"Original Hash Buckets": 32768,"Hash Batches": 1,"Original Hash Batches": 1,"Peak Memory Usage": 1504,"Workers": [],"Plans": [{"Node Type": "Seq Scan","Parent Relationship": "Outer","Parallel Aware": true,"Async Capable": false,"Relation Name": "customer","Alias": "customer","Startup Cost": 0.00,"Total Cost": 4366.25,"Plan Rows": 12760,"Plan Width": 4,"Actual Startup Time": 0.047,"Actual Total Time": 21.598,"Actual Rows": 7492,"Actual Loops": 4,"Filter": "(c_mktsegment = 'FURNITURE'::bpchar)","Rows Removed by Filter": 30008,"Workers": []}]}]},{"Node Type": "Index Scan","Parent Relationship": "Inner","Parallel Aware": false,"Async Capable": false,"Scan Direction": "Forward","Index Name": "idx_lineitem_orderkey","Relation Name": "lineitem","Alias": "lineitem","Startup Cost": 0.43,"Total Cost": 1.43,"Plan Rows": 9,"Plan Width": 16,"Actual Startup Time": 0.007,"Actual Total Time": 0.007,"Actual Rows": 0,"Actual Loops": 146913,"Index Cond": "(l_orderkey = orders.o_orderkey)","Rows Removed by Index Recheck": 0,"Filter": "(l_shipdate > '1995-03-29'::date)","Rows Removed by Filter": 4,"Workers": []}]}]}]}]},"Planning Time": 5.666,"Triggers": [],"Execution Time": 567.121}]
[{"Plan": {"Node Type": "Sort","Parallel Aware": false,"Async Capable": false,"Startup Cost": 178231.19,"Total Cost": 179012.64,"Plan Rows": 312580,"Plan Width": 44,"Actual Startup Time": 523.096,"Actual Total Time": 534.491,"Actual Rows": 11643,"Actual Loops": 1,"Sort Key": ["(sum((lineitem.l_extendedprice * ('1'::numeric - lineitem.l_discount)))) DESC", "orders.o_orderdate"],"Sort Method": "quicksort","Sort Space Used": 1112,"Sort Space Type": "Memory","Plans": [{"Node Type": "Aggregate","Strategy": "Hashed","Partial Mode": "Simple","Parent Relationship": "Outer","Parallel Aware": false,"Async Capable": false,"Startup Cost": 145794.97,"Total Cost": 149702.22,"Plan Rows": 312580,"Plan Width": 44,"Actual Startup Time": 501.267,"Actual Total Time": 526.429,"Actual Rows": 11643,"Actual Loops": 1,"Group Key": ["lineitem.l_orderkey", "orders.o_orderdate", "orders.o_shippriority"],"Planned Partitions": 0,"HashAgg Batches": 1,"Peak Memory Usage": 20497,"Disk Usage": 0,"Plans": [{"Node Type": "Gather","Parent Relationship": "Outer","Parallel Aware": false,"Async Capable": false,"Startup Cost": 5521.58,"Total Cost": 141106.27,"Plan Rows": 312580,"Plan Width": 24,"Actual Startup Time": 30.384,"Actual Total Time": 480.812,"Actual Rows": 30664,"Actual Loops": 1,"Workers Planned": 3,"Workers Launched": 3,"Single Copy": false,"Plans": [{"Node Type": "Nested Loop","Parent Relationship": "Outer","Parallel Aware": false,"Async Capable": false,"Join Type": "Inner","Startup Cost": 4521.58,"Total Cost": 108848.27,"Plan Rows": 100832,"Plan Width": 24,"Actual Startup Time": 23.751,"Actual Total Time": 484.893,"Actual Rows": 7666,"Actual Loops": 4,"Inner Unique": false,"Workers": [],"Plans": [{"Node Type": "Hash Join","Parent Relationship": "Outer","Parallel Aware": true,"Async Capable": false,"Join Type": "Inner","Startup Cost": 4521.15,"Total Cost": 37283.95,"Plan Rows": 46783,"Plan Width": 12,"Actual Startup Time": 23.592,"Actual Total Time": 207.079,"Actual Rows": 36852,"Actual Loops": 4,"Inner Unique": true,"Hash Cond": "(orders.o_custkey = customer.c_custkey)","Workers": [],"Plans": [{"Node Type": "Seq Scan","Parent Relationship": "Outer","Parallel Aware": true,"Async Capable": false,"Relation Name": "orders","Alias": "orders","Startup Cost": 0.00,"Total Cost": 32143.39,"Plan Rows": 235959,"Plan Width": 16,"Actual Startup Time": 0.010,"Actual Total Time": 137.754,"Actual Rows": 182140,"Actual Loops": 4,"Filter": "(o_orderdate < '1995-03-17'::date)","Rows Removed by Filter": 192860,"Workers": []},{"Node Type": "Hash","Parent Relationship": "Inner","Parallel Aware": true,"Async Capable": false,"Startup Cost": 4366.25,"Total Cost": 4366.25,"Plan Rows": 12392,"Plan Width": 4,"Actual Startup Time": 23.158,"Actual Total Time": 23.162,"Actual Rows": 7536,"Actual Loops": 4,"Hash Buckets": 32768,"Original Hash Buckets": 32768,"Hash Batches": 1,"Original Hash Batches": 1,"Peak Memory Usage": 1504,"Workers": [],"Plans": [{"Node Type": "Seq Scan","Parent Relationship": "Outer","Parallel Aware": true,"Async Capable": false,"Relation Name": "customer","Alias": "customer","Startup Cost": 0.00,"Total Cost": 4366.25,"Plan Rows": 12392,"Plan Width": 4,"Actual Startup Time": 0.034,"Actual Total Time": 20.072,"Actual Rows": 7536,"Actual Loops": 4,"Filter": "(c_mktsegment = 'BUILDING'::bpchar)","Rows Removed by Filter": 29964,"Workers": []}]}]},{"Node Type": "Index Scan","Parent Relationship": "Inner","Parallel Aware": false,"Async Capable": false,"Scan Direction": "Forward","Index Name": "idx_lineitem_orderkey","Relation Name": "lineitem","Alias": "lineitem","Startup Cost": 0.43,"Total Cost": 1.44,"Plan Rows": 9,"Plan Width": 16,"Actual Startup Time": 0.007,"Actual Total Time": 0.007,"Actual Rows": 0,"Actual Loops": 147406,"Index Cond": "(l_orderkey = orders.o_orderkey)","Rows Removed by Index Recheck": 0,"Filter": "(l_shipdate > '1995-03-17'::date)","Rows Removed by Filter": 4,"Workers": []}]}]}]}]},"Planning Time": 6.754,"Triggers": [],"Execution Time": 547.533}]
[{"Plan": {"Node Type": "Sort","Parallel Aware": false,"Async Capable": false,"Startup Cost": 178975.13,"Total Cost": 179762.33,"Plan Rows": 314880,"Plan Width": 44,"Actual Startup Time": 530.188,"Actual Total Time": 539.412,"Actual Rows": 11349,"Actual Loops": 1,"Sort Key": ["(sum((lineitem.l_extendedprice * ('1'::numeric - lineitem.l_discount)))) DESC", "orders.o_orderdate"],"Sort Method": "quicksort","Sort Space Used": 1094,"Sort Space Type": "Memory","Plans": [{"Node Type": "Aggregate","Strategy": "Hashed","Partial Mode": "Simple","Parent Relationship": "Outer","Parallel Aware": false,"Async Capable": false,"Startup Cost": 146283.59,"Total Cost": 150219.59,"Plan Rows": 314880,"Plan Width": 44,"Actual Startup Time": 506.786,"Actual Total Time": 531.177,"Actual Rows": 11349,"Actual Loops": 1,"Group Key": ["lineitem.l_orderkey", "orders.o_orderdate", "orders.o_shippriority"],"Planned Partitions": 0,"HashAgg Batches": 1,"Peak Memory Usage": 20497,"Disk Usage": 0,"Plans": [{"Node Type": "Gather","Parent Relationship": "Outer","Parallel Aware": false,"Async Capable": false,"Startup Cost": 5522.86,"Total Cost": 141560.39,"Plan Rows": 314880,"Plan Width": 24,"Actual Startup Time": 30.891,"Actual Total Time": 484.078,"Actual Rows": 29925,"Actual Loops": 1,"Workers Planned": 3,"Workers Launched": 3,"Single Copy": false,"Plans": [{"Node Type": "Nested Loop","Parent Relationship": "Outer","Parallel Aware": false,"Async Capable": false,"Join Type": "Inner","Startup Cost": 4522.86,"Total Cost": 109072.39,"Plan Rows": 101574,"Plan Width": 24,"Actual Startup Time": 23.951,"Actual Total Time": 490.258,"Actual Rows": 7481,"Actual Loops": 4,"Inner Unique": false,"Workers": [],"Plans": [{"Node Type": "Hash Join","Parent Relationship": "Outer","Parallel Aware": true,"Async Capable": false,"Join Type": "Inner","Startup Cost": 4522.43,"Total Cost": 37279.74,"Plan Rows": 46750,"Plan Width": 12,"Actual Startup Time": 23.714,"Actual Total Time": 214.829,"Actual Rows": 36095,"Actual Loops": 4,"Inner Unique": true,"Hash Cond": "(orders.o_custkey = customer.c_custkey)","Workers": [],"Plans": [{"Node Type": "Seq Scan","Parent Relationship": "Outer","Parallel Aware": true,"Async Capable": false,"Relation Name": "orders","Alias": "orders","Startup Cost": 0.00,"Total Cost": 32143.39,"Plan Rows": 233868,"Plan Width": 16,"Actual Startup Time": 0.010,"Actual Total Time": 140.185,"Actual Rows": 180728,"Actual Loops": 4,"Filter": "(o_orderdate < '1995-03-08'::date)","Rows Removed by Filter": 194272,"Workers": []},{"Node Type": "Hash","Parent Relationship": "Inner","Parallel Aware": true,"Async Capable": false,"Startup Cost": 4366.25,"Total Cost": 4366.25,"Plan Rows": 12494,"Plan Width": 4,"Actual Startup Time": 23.223,"Actual Total Time": 23.228,"Actual Rows": 7487,"Actual Loops": 4,"Hash Buckets": 32768,"Original Hash Buckets": 32768,"Hash Batches": 1,"Original Hash Batches": 1,"Peak Memory Usage": 1472,"Workers": [],"Plans": [{"Node Type": "Seq Scan","Parent Relationship": "Outer","Parallel Aware": true,"Async Capable": false,"Relation Name": "customer","Alias": "customer","Startup Cost": 0.00,"Total Cost": 4366.25,"Plan Rows": 12494,"Plan Width": 4,"Actual Startup Time": 0.030,"Actual Total Time": 20.015,"Actual Rows": 7487,"Actual Loops": 4,"Filter": "(c_mktsegment = 'MACHINERY'::bpchar)","Rows Removed by Filter": 30013,"Workers": []}]}]},{"Node Type": "Index Scan","Parent Relationship": "Inner","Parallel Aware": false,"Async Capable": false,"Scan Direction": "Forward","Index Name": "idx_lineitem_orderkey","Relation Name": "lineitem","Alias": "lineitem","Startup Cost": 0.43,"Total Cost": 1.45,"Plan Rows": 9,"Plan Width": 16,"Actual Startup Time": 0.007,"Actual Total Time": 0.007,"Actual Rows": 0,"Actual Loops": 144381,"Index Cond": "(l_orderkey = orders.o_orderkey)","Rows Removed by Index Recheck": 0,"Filter": "(l_shipdate > '1995-03-08'::date)","Rows Removed by Filter": 4,"Workers": []}]}]}]}]},"Planning Time": 5.454,"Triggers": [],"Execution Time": 552.283}]
[{"Plan": {"Node Type": "Sort","Parallel Aware": false,"Async Capable": false,"Startup Cost": 177163.45,"Total Cost": 177942.18,"Plan Rows": 311495,"Plan Width": 44,"Actual Startup Time": 531.057,"Actual Total Time": 540.409,"Actual Rows": 11415,"Actual Loops": 1,"Sort Key": ["(sum((lineitem.l_extendedprice * ('1'::numeric - lineitem.l_discount)))) DESC", "orders.o_orderdate"],"Sort Method": "quicksort","Sort Space Used": 1098,"Sort Space Type": "Memory","Plans": [{"Node Type": "Aggregate","Strategy": "Hashed","Partial Mode": "Simple","Parent Relationship": "Outer","Parallel Aware": false,"Async Capable": false,"Startup Cost": 144847.63,"Total Cost": 148741.32,"Plan Rows": 311495,"Plan Width": 44,"Actual Startup Time": 507.967,"Actual Total Time": 530.639,"Actual Rows": 11415,"Actual Loops": 1,"Group Key": ["lineitem.l_orderkey", "orders.o_orderdate", "orders.o_shippriority"],"Planned Partitions": 0,"HashAgg Batches": 1,"Peak Memory Usage": 20497,"Disk Usage": 0,"Plans": [{"Node Type": "Gather","Parent Relationship": "Outer","Parallel Aware": false,"Async Capable": false,"Startup Cost": 5521.08,"Total Cost": 140175.21,"Plan Rows": 311495,"Plan Width": 24,"Actual Startup Time": 32.601,"Actual Total Time": 481.770,"Actual Rows": 30210,"Actual Loops": 1,"Workers Planned": 3,"Workers Launched": 3,"Single Copy": false,"Plans": [{"Node Type": "Nested Loop","Parent Relationship": "Outer","Parallel Aware": false,"Async Capable": false,"Join Type": "Inner","Startup Cost": 4521.08,"Total Cost": 108025.71,"Plan Rows": 100482,"Plan Width": 24,"Actual Startup Time": 25.412,"Actual Total Time": 490.296,"Actual Rows": 7552,"Actual Loops": 4,"Inner Unique": false,"Workers": [],"Plans": [{"Node Type": "Hash Join","Parent Relationship": "Outer","Parallel Aware": true,"Async Capable": false,"Join Type": "Inner","Startup Cost": 4520.65,"Total Cost": 37274.45,"Plan Rows": 45956,"Plan Width": 12,"Actual Startup Time": 24.983,"Actual Total Time": 213.640,"Actual Rows": 35721,"Actual Loops": 4,"Inner Unique": true,"Hash Cond": "(orders.o_custkey = customer.c_custkey)","Workers": [],"Plans": [{"Node Type": "Seq Scan","Parent Relationship": "Outer","Parallel Aware": true,"Async Capable": false,"Relation Name": "orders","Alias": "orders","Startup Cost": 0.00,"Total Cost": 32143.39,"Plan Rows": 232531,"Plan Width": 16,"Actual Startup Time": 0.008,"Actual Total Time": 138.729,"Actual Rows": 179631,"Actual Loops": 4,"Filter": "(o_orderdate < '1995-03-01'::date)","Rows Removed by Filter": 195369,"Workers": []},{"Node Type": "Hash","Parent Relationship": "Inner","Parallel Aware": true,"Async Capable": false,"Startup Cost": 4366.25,"Total Cost": 4366.25,"Plan Rows": 12352,"Plan Width": 4,"Actual Startup Time": 24.482,"Actual Total Time": 24.486,"Actual Rows": 7438,"Actual Loops": 4,"Hash Buckets": 32768,"Original Hash Buckets": 32768,"Hash Batches": 1,"Original Hash Batches": 1,"Peak Memory Usage": 1504,"Workers": [],"Plans": [{"Node Type": "Seq Scan","Parent Relationship": "Outer","Parallel Aware": true,"Async Capable": false,"Relation Name": "customer","Alias": "customer","Startup Cost": 0.00,"Total Cost": 4366.25,"Plan Rows": 12352,"Plan Width": 4,"Actual Startup Time": 0.040,"Actual Total Time": 20.697,"Actual Rows": 7438,"Actual Loops": 4,"Filter": "(c_mktsegment = 'AUTOMOBILE'::bpchar)","Rows Removed by Filter": 30062,"Workers": []}]}]},{"Node Type": "Index Scan","Parent Relationship": "Inner","Parallel Aware": false,"Async Capable": false,"Scan Direction": "Forward","Index Name": "idx_lineitem_orderkey","Relation Name": "lineitem","Alias": "lineitem","Startup Cost": 0.43,"Total Cost": 1.45,"Plan Rows": 9,"Plan Width": 16,"Actual Startup Time": 0.007,"Actual Total Time": 0.007,"Actual Rows": 0,"Actual Loops": 142883,"Index Cond": "(l_orderkey = orders.o_orderkey)","Rows Removed by Index Recheck": 0,"Filter": "(l_shipdate > '1995-03-01'::date)","Rows Removed by Filter": 4,"Workers": []}]}]}]}]},"Planning Time": 5.553,"Triggers": [],"Execution Time": 552.988}]
[{"Plan": {"Node Type": "Sort","Parallel Aware": false,"Async Capable": false,"Startup Cost": 177833.10,"Total Cost": 178611.95,"Plan Rows": 311540,"Plan Width": 44,"Actual Startup Time": 533.548,"Actual Total Time": 542.995,"Actual Rows": 11519,"Actual Loops": 1,"Sort Key": ["(sum((lineitem.l_extendedprice * ('1'::numeric - lineitem.l_discount)))) DESC", "orders.o_orderdate"],"Sort Method": "quicksort","Sort Space Used": 1104,"Sort Space Type": "Memory","Plans": [{"Node Type": "Aggregate","Strategy": "Hashed","Partial Mode": "Simple","Parent Relationship": "Outer","Parallel Aware": false,"Async Capable": false,"Startup Cost": 145512.29,"Total Cost": 149406.54,"Plan Rows": 311540,"Plan Width": 44,"Actual Startup Time": 509.902,"Actual Total Time": 534.782,"Actual Rows": 11519,"Actual Loops": 1,"Group Key": ["lineitem.l_orderkey", "orders.o_orderdate", "orders.o_shippriority"],"Planned Partitions": 0,"HashAgg Batches": 1,"Peak Memory Usage": 20497,"Disk Usage": 0,"Plans": [{"Node Type": "Gather","Parent Relationship": "Outer","Parallel Aware": false,"Async Capable": false,"Startup Cost": 5521.08,"Total Cost": 140839.19,"Plan Rows": 311540,"Plan Width": 24,"Actual Startup Time": 32.989,"Actual Total Time": 484.347,"Actual Rows": 30353,"Actual Loops": 1,"Workers Planned": 3,"Workers Launched": 3,"Single Copy": false,"Plans": [{"Node Type": "Nested Loop","Parent Relationship": "Outer","Parallel Aware": false,"Async Capable": false,"Join Type": "Inner","Startup Cost": 4521.08,"Total Cost": 108685.19,"Plan Rows": 100497,"Plan Width": 24,"Actual Startup Time": 26.483,"Actual Total Time": 492.637,"Actual Rows": 7588,"Actual Loops": 4,"Inner Unique": false,"Workers": [],"Plans": [{"Node Type": "Hash Join","Parent Relationship": "Outer","Parallel Aware": true,"Async Capable": false,"Join Type": "Inner","Startup Cost": 4520.65,"Total Cost": 37284.45,"Plan Rows": 46709,"Plan Width": 12,"Actual Startup Time": 25.998,"Actual Total Time": 217.669,"Actual Rows": 36288,"Actual Loops": 4,"Inner Unique": true,"Hash Cond": "(orders.o_custkey = customer.c_custkey)","Workers": [],"Plans": [{"Node Type": "Seq Scan","Parent Relationship": "Outer","Parallel Aware": true,"Async Capable": false,"Relation Name": "orders","Alias": "orders","Startup Cost": 0.00,"Total Cost": 32143.39,"Plan Rows": 236341,"Plan Width": 16,"Actual Startup Time": 0.014,"Actual Total Time": 140.339,"Actual Rows": 182456,"Actual Loops": 4,"Filter": "(o_orderdate < '1995-03-19'::date)","Rows Removed by Filter": 192544,"Workers": []},{"Node Type": "Hash","Parent Relationship": "Inner","Parallel Aware": true,"Async Capable": false,"Startup Cost": 4366.25,"Total Cost": 4366.25,"Plan Rows": 12352,"Plan Width": 4,"Actual Startup Time": 25.517,"Actual Total Time": 25.522,"Actual Rows": 7438,"Actual Loops": 4,"Hash Buckets": 32768,"Original Hash Buckets": 32768,"Hash Batches": 1,"Original Hash Batches": 1,"Peak Memory Usage": 1504,"Workers": [],"Plans": [{"Node Type": "Seq Scan","Parent Relationship": "Outer","Parallel Aware": true,"Async Capable": false,"Relation Name": "customer","Alias": "customer","Startup Cost": 0.00,"Total Cost": 4366.25,"Plan Rows": 12352,"Plan Width": 4,"Actual Startup Time": 0.034,"Actual Total Time": 21.816,"Actual Rows": 7438,"Actual Loops": 4,"Filter": "(c_mktsegment = 'AUTOMOBILE'::bpchar)","Rows Removed by Filter": 30062,"Workers": []}]}]},{"Node Type": "Index Scan","Parent Relationship": "Inner","Parallel Aware": false,"Async Capable": false,"Scan Direction": "Forward","Index Name": "idx_lineitem_orderkey","Relation Name": "lineitem","Alias": "lineitem","Startup Cost": 0.43,"Total Cost": 1.44,"Plan Rows": 9,"Plan Width": 16,"Actual Startup Time": 0.007,"Actual Total Time": 0.007,"Actual Rows": 0,"Actual Loops": 145150,"Index Cond": "(l_orderkey = orders.o_orderkey)","Rows Removed by Index Recheck": 0,"Filter": "(l_shipdate > '1995-03-19'::date)","Rows Removed by Filter": 4,"Workers": []}]}]}]}]},"Planning Time": 5.975,"Triggers": [],"Execution Time": 555.192}]
[{"Plan": {"Node Type": "Sort","Parallel Aware": false,"Async Capable": false,"Startup Cost": 177698.45,"Total Cost": 178479.49,"Plan Rows": 312416,"Plan Width": 44,"Actual Startup Time": 534.676,"Actual Total Time": 543.773,"Actual Rows": 11612,"Actual Loops": 1,"Sort Key": ["(sum((lineitem.l_extendedprice * ('1'::numeric - lineitem.l_discount)))) DESC", "orders.o_orderdate"],"Sort Method": "quicksort","Sort Space Used": 1110,"Sort Space Type": "Memory","Plans": [{"Node Type": "Aggregate","Strategy": "Hashed","Partial Mode": "Simple","Parent Relationship": "Outer","Parallel Aware": false,"Async Capable": false,"Startup Cost": 145280.43,"Total Cost": 149185.63,"Plan Rows": 312416,"Plan Width": 44,"Actual Startup Time": 511.356,"Actual Total Time": 535.507,"Actual Rows": 11612,"Actual Loops": 1,"Group Key": ["lineitem.l_orderkey", "orders.o_orderdate", "orders.o_shippriority"],"Planned Partitions": 0,"HashAgg Batches": 1,"Peak Memory Usage": 20497,"Disk Usage": 0,"Plans": [{"Node Type": "Gather","Parent Relationship": "Outer","Parallel Aware": false,"Async Capable": false,"Startup Cost": 5521.58,"Total Cost": 140594.19,"Plan Rows": 312416,"Plan Width": 24,"Actual Startup Time": 33.151,"Actual Total Time": 485.801,"Actual Rows": 30511,"Actual Loops": 1,"Workers Planned": 3,"Workers Launched": 3,"Single Copy": false,"Plans": [{"Node Type": "Nested Loop","Parent Relationship": "Outer","Parallel Aware": false,"Async Capable": false,"Join Type": "Inner","Startup Cost": 4521.58,"Total Cost": 108352.59,"Plan Rows": 100779,"Plan Width": 24,"Actual Startup Time": 26.258,"Actual Total Time": 494.108,"Actual Rows": 7628,"Actual Loops": 4,"Inner Unique": false,"Workers": [],"Plans": [{"Node Type": "Hash Join","Parent Relationship": "Outer","Parallel Aware": true,"Async Capable": false,"Join Type": "Inner","Startup Cost": 4521.15,"Total Cost": 37276.46,"Plan Rows": 46217,"Plan Width": 12,"Actual Startup Time": 26.035,"Actual Total Time": 217.659,"Actual Rows": 36420,"Actual Loops": 4,"Inner Unique": true,"Hash Cond": "(orders.o_custkey = customer.c_custkey)","Workers": [],"Plans": [{"Node Type": "Seq Scan","Parent Relationship": "Outer","Parallel Aware": true,"Async Capable": false,"Relation Name": "orders","Alias": "orders","Startup Cost": 0.00,"Total Cost": 32143.39,"Plan Rows": 233104,"Plan Width": 16,"Actual Startup Time": 0.017,"Actual Total Time": 138.636,"Actual Rows": 180099,"Actual Loops": 4,"Filter": "(o_orderdate < '1995-03-04'::date)","Rows Removed by Filter": 194901,"Workers": []},{"Node Type": "Hash","Parent Relationship": "Inner","Parallel Aware": true,"Async Capable": false,"Startup Cost": 4366.25,"Total Cost": 4366.25,"Plan Rows": 12392,"Plan Width": 4,"Actual Startup Time": 25.592,"Actual Total Time": 25.595,"Actual Rows": 7536,"Actual Loops": 4,"Hash Buckets": 32768,"Original Hash Buckets": 32768,"Hash Batches": 1,"Original Hash Batches": 1,"Peak Memory Usage": 1504,"Workers": [],"Plans": [{"Node Type": "Seq Scan","Parent Relationship": "Outer","Parallel Aware": true,"Async Capable": false,"Relation Name": "customer","Alias": "customer","Startup Cost": 0.00,"Total Cost": 4366.25,"Plan Rows": 12392,"Plan Width": 4,"Actual Startup Time": 0.038,"Actual Total Time": 21.892,"Actual Rows": 7536,"Actual Loops": 4,"Filter": "(c_mktsegment = 'BUILDING'::bpchar)","Rows Removed by Filter": 29964,"Workers": []}]}]},{"Node Type": "Index Scan","Parent Relationship": "Inner","Parallel Aware": false,"Async Capable": false,"Scan Direction": "Forward","Index Name": "idx_lineitem_orderkey","Relation Name": "lineitem","Alias": "lineitem","Startup Cost": 0.43,"Total Cost": 1.45,"Plan Rows": 9,"Plan Width": 16,"Actual Startup Time": 0.007,"Actual Total Time": 0.007,"Actual Rows": 0,"Actual Loops": 145678,"Index Cond": "(l_orderkey = orders.o_orderkey)","Rows Removed by Index Recheck": 0,"Filter": "(l_shipdate > '1995-03-04'::date)","Rows Removed by Filter": 4,"Workers": []}]}]}]}]},"Planning Time": 5.942,"Triggers": [],"Execution Time": 556.342}]
[{"Plan": {"Node Type": "Sort","Parallel Aware": false,"Async Capable": false,"Startup Cost": 178838.82,"Total Cost": 179626.36,"Plan Rows": 315017,"Plan Width": 44,"Actual Startup Time": 525.766,"Actual Total Time": 536.120,"Actual Rows": 11376,"Actual Loops": 1,"Sort Key": ["(sum((lineitem.l_extendedprice * ('1'::numeric - lineitem.l_discount)))) DESC", "orders.o_orderdate"],"Sort Method": "quicksort","Sort Space Used": 1096,"Sort Space Type": "Memory","Plans": [{"Node Type": "Aggregate","Strategy": "Hashed","Partial Mode": "Simple","Parent Relationship": "Outer","Parallel Aware": false,"Async Capable": false,"Startup Cost": 146132.07,"Total Cost": 150069.78,"Plan Rows": 315017,"Plan Width": 44,"Actual Startup Time": 503.480,"Actual Total Time": 527.904,"Actual Rows": 11376,"Actual Loops": 1,"Group Key": ["lineitem.l_orderkey", "orders.o_orderdate", "orders.o_shippriority"],"Planned Partitions": 0,"HashAgg Batches": 1,"Peak Memory Usage": 20497,"Disk Usage": 0,"Plans": [{"Node Type": "Gather","Parent Relationship": "Outer","Parallel Aware": false,"Async Capable": false,"Startup Cost": 5522.86,"Total Cost": 141406.81,"Plan Rows": 315017,"Plan Width": 24,"Actual Startup Time": 30.478,"Actual Total Time": 481.702,"Actual Rows": 29979,"Actual Loops": 1,"Workers Planned": 3,"Workers Launched": 3,"Single Copy": false,"Plans": [{"Node Type": "Nested Loop","Parent Relationship": "Outer","Parallel Aware": false,"Async Capable": false,"Join Type": "Inner","Startup Cost": 4522.86,"Total Cost": 108905.11,"Plan Rows": 101618,"Plan Width": 24,"Actual Startup Time": 23.785,"Actual Total Time": 487.291,"Actual Rows": 7495,"Actual Loops": 4,"Inner Unique": false,"Workers": [],"Plans": [{"Node Type": "Hash Join","Parent Relationship": "Outer","Parallel Aware": true,"Async Capable": false,"Join Type": "Inner","Startup Cost": 4522.43,"Total Cost": 37277.23,"Plan Rows": 46559,"Plan Width": 12,"Actual Startup Time": 23.565,"Actual Total Time": 212.835,"Actual Rows": 35944,"Actual Loops": 4,"Inner Unique": true,"Hash Cond": "(orders.o_custkey = customer.c_custkey)","Workers": [],"Plans": [{"Node Type": "Seq Scan","Parent Relationship": "Outer","Parallel Aware": true,"Async Capable": false,"Relation Name": "orders","Alias": "orders","Startup Cost": 0.00,"Total Cost": 32143.39,"Plan Rows": 232913,"Plan Width": 16,"Actual Startup Time": 0.015,"Actual Total Time": 139.379,"Actual Rows": 179945,"Actual Loops": 4,"Filter": "(o_orderdate < '1995-03-03'::date)","Rows Removed by Filter": 195055,"Workers": []},{"Node Type": "Hash","Parent Relationship": "Inner","Parallel Aware": true,"Async Capable": false,"Startup Cost": 4366.25,"Total Cost": 4366.25,"Plan Rows": 12494,"Plan Width": 4,"Actual Startup Time": 23.039,"Actual Total Time": 23.043,"Actual Rows": 7487,"Actual Loops": 4,"Hash Buckets": 32768,"Original Hash Buckets": 32768,"Hash Batches": 1,"Original Hash Batches": 1,"Peak Memory Usage": 1504,"Workers": [],"Plans": [{"Node Type": "Seq Scan","Parent Relationship": "Outer","Parallel Aware": true,"Async Capable": false,"Relation Name": "customer","Alias": "customer","Startup Cost": 0.00,"Total Cost": 4366.25,"Plan Rows": 12494,"Plan Width": 4,"Actual Startup Time": 0.039,"Actual Total Time": 19.934,"Actual Rows": 7487,"Actual Loops": 4,"Filter": "(c_mktsegment = 'MACHINERY'::bpchar)","Rows Removed by Filter": 30013,"Workers": []}]}]},{"Node Type": "Index Scan","Parent Relationship": "Inner","Parallel Aware": false,"Async Capable": false,"Scan Direction": "Forward","Index Name": "idx_lineitem_orderkey","Relation Name": "lineitem","Alias": "lineitem","Startup Cost": 0.43,"Total Cost": 1.45,"Plan Rows": 9,"Plan Width": 16,"Actual Startup Time": 0.007,"Actual Total Time": 0.007,"Actual Rows": 0,"Actual Loops": 143777,"Index Cond": "(l_orderkey = orders.o_orderkey)","Rows Removed by Index Recheck": 0,"Filter": "(l_shipdate > '1995-03-03'::date)","Rows Removed by Filter": 4,"Workers": []}]}]}]}]},"Planning Time": 5.270,"Triggers": [],"Execution Time": 550.498}]
[{"Plan": {"Node Type": "Sort","Parallel Aware": false,"Async Capable": false,"Startup Cost": 179374.31,"Total Cost": 180162.24,"Plan Rows": 315173,"Plan Width": 44,"Actual Startup Time": 535.397,"Actual Total Time": 546.721,"Actual Rows": 11271,"Actual Loops": 1,"Sort Key": ["(sum((lineitem.l_extendedprice * ('1'::numeric - lineitem.l_discount)))) DESC", "orders.o_orderdate"],"Sort Method": "quicksort","Sort Space Used": 1089,"Sort Space Type": "Memory","Plans": [{"Node Type": "Aggregate","Strategy": "Hashed","Partial Mode": "Simple","Parent Relationship": "Outer","Parallel Aware": false,"Async Capable": false,"Startup Cost": 146650.23,"Total Cost": 150589.90,"Plan Rows": 315173,"Plan Width": 44,"Actual Startup Time": 513.885,"Actual Total Time": 538.329,"Actual Rows": 11271,"Actual Loops": 1,"Group Key": ["lineitem.l_orderkey", "orders.o_orderdate", "orders.o_shippriority"],"Planned Partitions": 0,"HashAgg Batches": 1,"Peak Memory Usage": 20497,"Disk Usage": 0,"Plans": [{"Node Type": "Gather","Parent Relationship": "Outer","Parallel Aware": false,"Async Capable": false,"Startup Cost": 5522.86,"Total Cost": 141922.64,"Plan Rows": 315173,"Plan Width": 24,"Actual Startup Time": 32.931,"Actual Total Time": 491.728,"Actual Rows": 29829,"Actual Loops": 1,"Workers Planned": 3,"Workers Launched": 3,"Single Copy": false,"Plans": [{"Node Type": "Nested Loop","Parent Relationship": "Outer","Parallel Aware": false,"Async Capable": false,"Join Type": "Inner","Startup Cost": 4522.86,"Total Cost": 109405.34,"Plan Rows": 101669,"Plan Width": 24,"Actual Startup Time": 25.974,"Actual Total Time": 496.683,"Actual Rows": 7457,"Actual Loops": 4,"Inner Unique": false,"Workers": [],"Plans": [{"Node Type": "Hash Join","Parent Relationship": "Outer","Parallel Aware": true,"Async Capable": false,"Join Type": "Inner","Startup Cost": 4522.43,"Total Cost": 37284.73,"Plan Rows": 47130,"Plan Width": 12,"Actual Startup Time": 25.659,"Actual Total Time": 218.069,"Actual Rows": 36335,"Actual Loops": 4,"Inner Unique": true,"Hash Cond": "(orders.o_custkey = customer.c_custkey)","Workers": [],"Plans": [{"Node Type": "Seq Scan","Parent Relationship": "Outer","Parallel Aware": true,"Async Capable": false,"Relation Name": "orders","Alias": "orders","Startup Cost": 0.00,"Total Cost": 32143.39,"Plan Rows": 235768,"Plan Width": 16,"Actual Startup Time": 0.010,"Actual Total Time": 141.428,"Actual Rows": 181977,"Actual Loops": 4,"Filter": "(o_orderdate < '1995-03-16'::date)","Rows Removed by Filter": 193023,"Workers": []},{"Node Type": "Hash","Parent Relationship": "Inner","Parallel Aware": true,"Async Capable": false,"Startup Cost": 4366.25,"Total Cost": 4366.25,"Plan Rows": 12494,"Plan Width": 4,"Actual Startup Time": 25.261,"Actual Total Time": 25.267,"Actual Rows": 7487,"Actual Loops": 4,"Hash Buckets": 32768,"Original Hash Buckets": 32768,"Hash Batches": 1,"Original Hash Batches": 1,"Peak Memory Usage": 1504,"Workers": [],"Plans": [{"Node Type": "Seq Scan","Parent Relationship": "Outer","Parallel Aware": true,"Async Capable": false,"Relation Name": "customer","Alias": "customer","Startup Cost": 0.00,"Total Cost": 4366.25,"Plan Rows": 12494,"Plan Width": 4,"Actual Startup Time": 0.028,"Actual Total Time": 21.358,"Actual Rows": 7487,"Actual Loops": 4,"Filter": "(c_mktsegment = 'MACHINERY'::bpchar)","Rows Removed by Filter": 30013,"Workers": []}]}]},{"Node Type": "Index Scan","Parent Relationship": "Inner","Parallel Aware": false,"Async Capable": false,"Scan Direction": "Forward","Index Name": "idx_lineitem_orderkey","Relation Name": "lineitem","Alias": "lineitem","Startup Cost": 0.43,"Total Cost": 1.44,"Plan Rows": 9,"Plan Width": 16,"Actual Startup Time": 0.007,"Actual Total Time": 0.007,"Actual Rows": 0,"Actual Loops": 145340,"Index Cond": "(l_orderkey = orders.o_orderkey)","Rows Removed by Index Recheck": 0,"Filter": "(l_shipdate > '1995-03-16'::date)","Rows Removed by Filter": 4,"Workers": []}]}]}]}]},"Planning Time": 6.773,"Triggers": [],"Execution Time": 558.880}]
[{"Plan": {"Node Type": "Sort","Parallel Aware": false,"Async Capable": false,"Startup Cost": 177484.87,"Total Cost": 178262.77,"Plan Rows": 311162,"Plan Width": 44,"Actual Startup Time": 532.406,"Actual Total Time": 542.569,"Actual Rows": 11479,"Actual Loops": 1,"Sort Key": ["(sum((lineitem.l_extendedprice * ('1'::numeric - lineitem.l_discount)))) DESC", "orders.o_orderdate"],"Sort Method": "quicksort","Sort Space Used": 1102,"Sort Space Type": "Memory","Plans": [{"Node Type": "Aggregate","Strategy": "Hashed","Partial Mode": "Simple","Parent Relationship": "Outer","Parallel Aware": false,"Async Capable": false,"Startup Cost": 145206.00,"Total Cost": 149095.53,"Plan Rows": 311162,"Plan Width": 44,"Actual Startup Time": 509.558,"Actual Total Time": 534.014,"Actual Rows": 11479,"Actual Loops": 1,"Group Key": ["lineitem.l_orderkey", "orders.o_orderdate", "orders.o_shippriority"],"Planned Partitions": 0,"HashAgg Batches": 1,"Peak Memory Usage": 20497,"Disk Usage": 0,"Plans": [{"Node Type": "Gather","Parent Relationship": "Outer","Parallel Aware": false,"Async Capable": false,"Startup Cost": 5521.08,"Total Cost": 140538.57,"Plan Rows": 311162,"Plan Width": 24,"Actual Startup Time": 32.746,"Actual Total Time": 484.685,"Actual Rows": 30266,"Actual Loops": 1,"Workers Planned": 3,"Workers Launched": 3,"Single Copy": false,"Plans": [{"Node Type": "Nested Loop","Parent Relationship": "Outer","Parallel Aware": false,"Async Capable": false,"Join Type": "Inner","Startup Cost": 4521.08,"Total Cost": 108422.37,"Plan Rows": 100375,"Plan Width": 24,"Actual Startup Time": 26.107,"Actual Total Time": 492.345,"Actual Rows": 7566,"Actual Loops": 4,"Inner Unique": false,"Workers": [],"Plans": [{"Node Type": "Hash Join","Parent Relationship": "Outer","Parallel Aware": true,"Async Capable": false,"Join Type": "Inner","Startup Cost": 4520.65,"Total Cost": 37280.47,"Plan Rows": 46409,"Plan Width": 12,"Actual Startup Time": 25.672,"Actual Total Time": 217.409,"Actual Rows": 36100,"Actual Loops": 4,"Inner Unique": true,"Hash Cond": "(orders.o_custkey = customer.c_custkey)","Workers": [],"Plans": [{"Node Type": "Seq Scan","Parent Relationship": "Outer","Parallel Aware": true,"Async Capable": false,"Relation Name": "orders","Alias": "orders","Startup Cost": 0.00,"Total Cost": 32143.39,"Plan Rows": 234824,"Plan Width": 16,"Actual Startup Time": 0.015,"Actual Total Time": 140.744,"Actual Rows": 181502,"Actual Loops": 4,"Filter": "(o_orderdate < '1995-03-13'::date)","Rows Removed by Filter": 193498,"Workers": []},{"Node Type": "Hash","Parent Relationship": "Inner","Parallel Aware": true,"Async Capable": false,"Startup Cost": 4366.25,"Total Cost": 4366.25,"Plan Rows": 12352,"Plan Width": 4,"Actual Startup Time": 25.240,"Actual Total Time": 25.243,"Actual Rows": 7438,"Actual Loops": 4,"Hash Buckets": 32768,"Original Hash Buckets": 32768,"Hash Batches": 1,"Original Hash Batches": 1,"Peak Memory Usage": 1472,"Workers": [],"Plans": [{"Node Type": "Seq Scan","Parent Relationship": "Outer","Parallel Aware": true,"Async Capable": false,"Relation Name": "customer","Alias": "customer","Startup Cost": 0.00,"Total Cost": 4366.25,"Plan Rows": 12352,"Plan Width": 4,"Actual Startup Time": 0.038,"Actual Total Time": 21.534,"Actual Rows": 7438,"Actual Loops": 4,"Filter": "(c_mktsegment = 'AUTOMOBILE'::bpchar)","Rows Removed by Filter": 30062,"Workers": []}]}]},{"Node Type": "Index Scan","Parent Relationship": "Inner","Parallel Aware": false,"Async Capable": false,"Scan Direction": "Forward","Index Name": "idx_lineitem_orderkey","Relation Name": "lineitem","Alias": "lineitem","Startup Cost": 0.43,"Total Cost": 1.44,"Plan Rows": 9,"Plan Width": 16,"Actual Startup Time": 0.007,"Actual Total Time": 0.007,"Actual Rows": 0,"Actual Loops": 144399,"Index Cond": "(l_orderkey = orders.o_orderkey)","Rows Removed by Index Recheck": 0,"Filter": "(l_shipdate > '1995-03-13'::date)","Rows Removed by Filter": 4,"Workers": []}]}]}]}]},"Planning Time": 5.789,"Triggers": [],"Execution Time": 554.787}]
[{"Plan": {"Node Type": "Sort","Parallel Aware": false,"Async Capable": false,"Startup Cost": 178639.55,"Total Cost": 179420.83,"Plan Rows": 312512,"Plan Width": 44,"Actual Startup Time": 543.487,"Actual Total Time": 554.435,"Actual Rows": 11556,"Actual Loops": 1,"Sort Key": ["(sum((lineitem.l_extendedprice * ('1'::numeric - lineitem.l_discount)))) DESC", "orders.o_orderdate"],"Sort Method": "quicksort","Sort Space Used": 1107,"Sort Space Type": "Memory","Plans": [{"Node Type": "Aggregate","Strategy": "Hashed","Partial Mode": "Simple","Parent Relationship": "Outer","Parallel Aware": false,"Async Capable": false,"Startup Cost": 146210.88,"Total Cost": 150117.28,"Plan Rows": 312512,"Plan Width": 44,"Actual Startup Time": 520.909,"Actual Total Time": 545.786,"Actual Rows": 11556,"Actual Loops": 1,"Group Key": ["lineitem.l_orderkey", "orders.o_orderdate", "orders.o_shippriority"],"Planned Partitions": 0,"HashAgg Batches": 1,"Peak Memory Usage": 20497,"Disk Usage": 0,"Plans": [{"Node Type": "Gather","Parent Relationship": "Outer","Parallel Aware": false,"Async Capable": false,"Startup Cost": 5521.58,"Total Cost": 141523.20,"Plan Rows": 312512,"Plan Width": 24,"Actual Startup Time": 34.527,"Actual Total Time": 497.266,"Actual Rows": 30210,"Actual Loops": 1,"Workers Planned": 3,"Workers Launched": 3,"Single Copy": false,"Plans": [{"Node Type": "Nested Loop","Parent Relationship": "Outer","Parallel Aware": false,"Async Capable": false,"Join Type": "Inner","Startup Cost": 4521.58,"Total Cost": 109272.00,"Plan Rows": 100810,"Plan Width": 24,"Actual Startup Time": 27.013,"Actual Total Time": 503.251,"Actual Rows": 7552,"Actual Loops": 4,"Inner Unique": false,"Workers": [],"Plans": [{"Node Type": "Hash Join","Parent Relationship": "Outer","Parallel Aware": true,"Async Capable": false,"Join Type": "Inner","Startup Cost": 4521.15,"Total Cost": 37290.36,"Plan Rows": 47267,"Plan Width": 12,"Actual Startup Time": 26.866,"Actual Total Time": 219.720,"Actual Rows": 37216,"Actual Loops": 4,"Inner Unique": true,"Hash Cond": "(orders.o_custkey = customer.c_custkey)","Workers": [],"Plans": [{"Node Type": "Seq Scan","Parent Relationship": "Outer","Parallel Aware": true,"Async Capable": false,"Relation Name": "orders","Alias": "orders","Startup Cost": 0.00,"Total Cost": 32143.39,"Plan Rows": 238401,"Plan Width": 16,"Actual Startup Time": 0.009,"Actual Total Time": 140.860,"Actual Rows": 183996,"Actual Loops": 4,"Filter": "(o_orderdate < '1995-03-29'::date)","Rows Removed by Filter": 191004,"Workers": []},{"Node Type": "Hash","Parent Relationship": "Inner","Parallel Aware": true,"Async Capable": false,"Startup Cost": 4366.25,"Total Cost": 4366.25,"Plan Rows": 12392,"Plan Width": 4,"Actual Startup Time": 26.374,"Actual Total Time": 26.380,"Actual Rows": 7536,"Actual Loops": 4,"Hash Buckets": 32768,"Original Hash Buckets": 32768,"Hash Batches": 1,"Original Hash Batches": 1,"Peak Memory Usage": 1472,"Workers": [],"Plans": [{"Node Type": "Seq Scan","Parent Relationship": "Outer","Parallel Aware": true,"Async Capable": false,"Relation Name": "customer","Alias": "customer","Startup Cost": 0.00,"Total Cost": 4366.25,"Plan Rows": 12392,"Plan Width": 4,"Actual Startup Time": 0.036,"Actual Total Time": 22.512,"Actual Rows": 7536,"Actual Loops": 4,"Filter": "(c_mktsegment = 'BUILDING'::bpchar)","Rows Removed by Filter": 29964,"Workers": []}]}]},{"Node Type": "Index Scan","Parent Relationship": "Inner","Parallel Aware": false,"Async Capable": false,"Scan Direction": "Forward","Index Name": "idx_lineitem_orderkey","Relation Name": "lineitem","Alias": "lineitem","Startup Cost": 0.43,"Total Cost": 1.43,"Plan Rows": 9,"Plan Width": 16,"Actual Startup Time": 0.007,"Actual Total Time": 0.007,"Actual Rows": 0,"Actual Loops": 148866,"Index Cond": "(l_orderkey = orders.o_orderkey)","Rows Removed by Index Recheck": 0,"Filter": "(l_shipdate > '1995-03-29'::date)","Rows Removed by Filter": 4,"Workers": []}]}]}]}]},"Planning Time": 5.109,"Triggers": [],"Execution Time": 567.294}]
[{"Plan": {"Node Type": "Sort","Parallel Aware": false,"Async Capable": false,"Startup Cost": 179440.48,"Total Cost": 180228.98,"Plan Rows": 315402,"Plan Width": 44,"Actual Startup Time": 536.459,"Actual Total Time": 547.123,"Actual Rows": 11431,"Actual Loops": 1,"Sort Key": ["(sum((lineitem.l_extendedprice * ('1'::numeric - lineitem.l_discount)))) DESC", "orders.o_orderdate"],"Sort Method": "quicksort","Sort Space Used": 1099,"Sort Space Type": "Memory","Plans": [{"Node Type": "Aggregate","Strategy": "Hashed","Partial Mode": "Simple","Parent Relationship": "Outer","Parallel Aware": false,"Async Capable": false,"Startup Cost": 146690.97,"Total Cost": 150633.50,"Plan Rows": 315402,"Plan Width": 44,"Actual Startup Time": 514.238,"Actual Total Time": 538.642,"Actual Rows": 11431,"Actual Loops": 1,"Group Key": ["lineitem.l_orderkey", "orders.o_orderdate", "orders.o_shippriority"],"Planned Partitions": 0,"HashAgg Batches": 1,"Peak Memory Usage": 20497,"Disk Usage": 0,"Plans": [{"Node Type": "Gather","Parent Relationship": "Outer","Parallel Aware": false,"Async Capable": false,"Startup Cost": 5522.96,"Total Cost": 141959.94,"Plan Rows": 315402,"Plan Width": 24,"Actual Startup Time": 33.400,"Actual Total Time": 489.917,"Actual Rows": 30312,"Actual Loops": 1,"Workers Planned": 3,"Workers Launched": 3,"Single Copy": false,"Plans": [{"Node Type": "Nested Loop","Parent Relationship": "Outer","Parallel Aware": false,"Async Capable": false,"Join Type": "Inner","Startup Cost": 4522.96,"Total Cost": 109419.74,"Plan Rows": 101743,"Plan Width": 24,"Actual Startup Time": 26.755,"Actual Total Time": 497.095,"Actual Rows": 7578,"Actual Loops": 4,"Inner Unique": false,"Workers": [],"Plans": [{"Node Type": "Hash Join","Parent Relationship": "Outer","Parallel Aware": true,"Async Capable": false,"Join Type": "Inner","Startup Cost": 4522.52,"Total Cost": 37284.32,"Plan Rows": 47123,"Plan Width": 12,"Actual Startup Time": 26.609,"Actual Total Time": 219.801,"Actual Rows": 36289,"Actual Loops": 4,"Inner Unique": true,"Hash Cond": "(orders.o_custkey = customer.c_custkey)","Workers": [],"Plans": [{"Node Type": "Seq Scan","Parent Relationship": "Outer","Parallel Aware": true,"Async Capable": false,"Relation Name": "orders","Alias": "orders","Startup Cost": 0.00,"Total Cost": 32143.39,"Plan Rows": 235577,"Plan Width": 16,"Actual Startup Time": 0.015,"Actual Total Time": 140.506,"Actual Rows": 181826,"Actual Loops": 4,"Filter": "(o_orderdate < '1995-03-15'::date)","Rows Removed by Filter": 193174,"Workers": []},{"Node Type": "Hash","Parent Relationship": "Inner","Parallel Aware": true,"Async Capable": false,"Startup Cost": 4366.25,"Total Cost": 4366.25,"Plan Rows": 12502,"Plan Width": 4,"Actual Startup Time": 26.124,"Actual Total Time": 26.129,"Actual Rows": 7547,"Actual Loops": 4,"Hash Buckets": 32768,"Original Hash Buckets": 32768,"Hash Batches": 1,"Original Hash Batches": 1,"Peak Memory Usage": 1504,"Workers": [],"Plans": [{"Node Type": "Seq Scan","Parent Relationship": "Outer","Parallel Aware": true,"Async Capable": false,"Relation Name": "customer","Alias": "customer","Startup Cost": 0.00,"Total Cost": 4366.25,"Plan Rows": 12502,"Plan Width": 4,"Actual Startup Time": 0.033,"Actual Total Time": 22.453,"Actual Rows": 7547,"Actual Loops": 4,"Filter": "(c_mktsegment = 'HOUSEHOLD'::bpchar)","Rows Removed by Filter": 29953,"Workers": []}]}]},{"Node Type": "Index Scan","Parent Relationship": "Inner","Parallel Aware": false,"Async Capable": false,"Scan Direction": "Forward","Index Name": "idx_lineitem_orderkey","Relation Name": "lineitem","Alias": "lineitem","Startup Cost": 0.43,"Total Cost": 1.44,"Plan Rows": 9,"Plan Width": 16,"Actual Startup Time": 0.007,"Actual Total Time": 0.007,"Actual Rows": 0,"Actual Loops": 145157,"Index Cond": "(l_orderkey = orders.o_orderkey)","Rows Removed by Index Recheck": 0,"Filter": "(l_shipdate > '1995-03-15'::date)","Rows Removed by Filter": 4,"Workers": []}]}]}]}]},"Planning Time": 7.062,"Triggers": [],"Execution Time": 559.413}]
[{"Plan": {"Node Type": "Sort","Parallel Aware": false,"Async Capable": false,"Startup Cost": 182112.80,"Total Cost": 182916.58,"Plan Rows": 321511,"Plan Width": 44,"Actual Startup Time": 516.727,"Actual Total Time": 527.232,"Actual Rows": 11382,"Actual Loops": 1,"Sort Key": ["(sum((lineitem.l_extendedprice * ('1'::numeric - lineitem.l_discount)))) DESC", "orders.o_orderdate"],"Sort Method": "quicksort","Sort Space Used": 1096,"Sort Space Type": "Memory","Plans": [{"Node Type": "Aggregate","Strategy": "Hashed","Partial Mode": "Simple","Parent Relationship": "Outer","Parallel Aware": false,"Async Capable": false,"Startup Cost": 148684.48,"Total Cost": 152703.37,"Plan Rows": 321511,"Plan Width": 44,"Actual Startup Time": 494.602,"Actual Total Time": 520.266,"Actual Rows": 11382,"Actual Loops": 1,"Group Key": ["lineitem.l_orderkey", "orders.o_orderdate", "orders.o_shippriority"],"Planned Partitions": 0,"HashAgg Batches": 1,"Peak Memory Usage": 20497,"Disk Usage": 0,"Plans": [{"Node Type": "Gather","Parent Relationship": "Outer","Parallel Aware": false,"Async Capable": false,"Startup Cost": 5526.18,"Total Cost": 143861.82,"Plan Rows": 321511,"Plan Width": 24,"Actual Startup Time": 27.053,"Actual Total Time": 474.387,"Actual Rows": 30152,"Actual Loops": 1,"Workers Planned": 3,"Workers Launched": 3,"Single Copy": false,"Plans": [{"Node Type": "Nested Loop","Parent Relationship": "Outer","Parallel Aware": false,"Async Capable": false,"Join Type": "Inner","Startup Cost": 4526.18,"Total Cost": 110710.72,"Plan Rows": 103713,"Plan Width": 24,"Actual Startup Time": 20.702,"Actual Total Time": 478.805,"Actual Rows": 7538,"Actual Loops": 4,"Inner Unique": false,"Workers": [],"Plans": [{"Node Type": "Hash Join","Parent Relationship": "Outer","Parallel Aware": true,"Async Capable": false,"Join Type": "Inner","Startup Cost": 4525.75,"Total Cost": 37284.57,"Plan Rows": 47865,"Plan Width": 12,"Actual Startup Time": 20.504,"Actual Total Time": 203.939,"Actual Rows": 36156,"Actual Loops": 4,"Inner Unique": true,"Hash Cond": "(orders.o_custkey = customer.c_custkey)","Workers": [],"Plans": [{"Node Type": "Seq Scan","Parent Relationship": "Outer","Parallel Aware": true,"Async Capable": false,"Relation Name": "orders","Alias": "orders","Startup Cost": 0.00,"Total Cost": 32143.39,"Plan Rows": 234441,"Plan Width": 16,"Actual Startup Time": 0.011,"Actual Total Time": 138.791,"Actual Rows": 181190,"Actual Loops": 4,"Filter": "(o_orderdate < '1995-03-11'::date)","Rows Removed by Filter": 193810,"Workers": []},{"Node Type": "Hash","Parent Relationship": "Inner","Parallel Aware": true,"Async Capable": false,"Startup Cost": 4366.25,"Total Cost": 4366.25,"Plan Rows": 12760,"Plan Width": 4,"Actual Startup Time": 20.135,"Actual Total Time": 20.141,"Actual Rows": 7492,"Actual Loops": 4,"Hash Buckets": 32768,"Original Hash Buckets": 32768,"Hash Batches": 1,"Original Hash Batches": 1,"Peak Memory Usage": 1504,"Workers": [],"Plans": [{"Node Type": "Seq Scan","Parent Relationship": "Outer","Parallel Aware": true,"Async Capable": false,"Relation Name": "customer","Alias": "customer","Startup Cost": 0.00,"Total Cost": 4366.25,"Plan Rows": 12760,"Plan Width": 4,"Actual Startup Time": 0.035,"Actual Total Time": 17.145,"Actual Rows": 7492,"Actual Loops": 4,"Filter": "(c_mktsegment = 'FURNITURE'::bpchar)","Rows Removed by Filter": 30008,"Workers": []}]}]},{"Node Type": "Index Scan","Parent Relationship": "Inner","Parallel Aware": false,"Async Capable": false,"Scan Direction": "Forward","Index Name": "idx_lineitem_orderkey","Relation Name": "lineitem","Alias": "lineitem","Startup Cost": 0.43,"Total Cost": 1.44,"Plan Rows": 9,"Plan Width": 16,"Actual Startup Time": 0.007,"Actual Total Time": 0.007,"Actual Rows": 0,"Actual Loops": 144626,"Index Cond": "(l_orderkey = orders.o_orderkey)","Rows Removed by Index Recheck": 0,"Filter": "(l_shipdate > '1995-03-11'::date)","Rows Removed by Filter": 4,"Workers": []}]}]}]}]},"Planning Time": 7.049,"Triggers": [],"Execution Time": 540.388}]
[{"Plan": {"Node Type": "Sort","Parallel Aware": false,"Async Capable": false,"Startup Cost": 182851.65,"Total Cost": 183656.18,"Plan Rows": 321813,"Plan Width": 44,"Actual Startup Time": 521.005,"Actual Total Time": 532.461,"Actual Rows": 11451,"Actual Loops": 1,"Sort Key": ["(sum((lineitem.l_extendedprice * ('1'::numeric - lineitem.l_discount)))) DESC", "orders.o_orderdate"],"Sort Method": "quicksort","Sort Space Used": 1100,"Sort Space Type": "Memory","Plans": [{"Node Type": "Aggregate","Strategy": "Hashed","Partial Mode": "Simple","Parent Relationship": "Outer","Parallel Aware": false,"Async Capable": false,"Startup Cost": 149389.75,"Total Cost": 153412.41,"Plan Rows": 321813,"Plan Width": 44,"Actual Startup Time": 497.938,"Actual Total Time": 524.848,"Actual Rows": 11451,"Actual Loops": 1,"Group Key": ["lineitem.l_orderkey", "orders.o_orderdate", "orders.o_shippriority"],"Planned Partitions": 0,"HashAgg Batches": 1,"Peak Memory Usage": 20497,"Disk Usage": 0,"Plans": [{"Node Type": "Gather","Parent Relationship": "Outer","Parallel Aware": false,"Async Capable": false,"Startup Cost": 5526.18,"Total Cost": 144562.56,"Plan Rows": 321813,"Plan Width": 24,"Actual Startup Time": 29.001,"Actual Total Time": 478.504,"Actual Rows": 30426,"Actual Loops": 1,"Workers Planned": 3,"Workers Launched": 3,"Single Copy": false,"Plans": [{"Node Type": "Nested Loop","Parent Relationship": "Outer","Parallel Aware": false,"Async Capable": false,"Join Type": "Inner","Startup Cost": 4526.18,"Total Cost": 111381.26,"Plan Rows": 103811,"Plan Width": 24,"Actual Startup Time": 22.158,"Actual Total Time": 481.498,"Actual Rows": 7606,"Actual Loops": 4,"Inner Unique": false,"Workers": [],"Plans": [{"Node Type": "Hash Join","Parent Relationship": "Outer","Parallel Aware": true,"Async Capable": false,"Join Type": "Inner","Startup Cost": 4525.75,"Total Cost": 37294.42,"Plan Rows": 48631,"Plan Width": 12,"Actual Startup Time": 21.953,"Actual Total Time": 205.225,"Actual Rows": 36694,"Actual Loops": 4,"Inner Unique": true,"Hash Cond": "(orders.o_custkey = customer.c_custkey)","Workers": [],"Plans": [{"Node Type": "Seq Scan","Parent Relationship": "Outer","Parallel Aware": true,"Async Capable": false,"Relation Name": "orders","Alias": "orders","Startup Cost": 0.00,"Total Cost": 32143.39,"Plan Rows": 238193,"Plan Width": 16,"Actual Startup Time": 0.013,"Actual Total Time": 136.405,"Actual Rows": 183845,"Actual Loops": 4,"Filter": "(o_orderdate < '1995-03-28'::date)","Rows Removed by Filter": 191155,"Workers": []},{"Node Type": "Hash","Parent Relationship": "Inner","Parallel Aware": true,"Async Capable": false,"Startup Cost": 4366.25,"Total Cost": 4366.25,"Plan Rows": 12760,"Plan Width": 4,"Actual Startup Time": 21.498,"Actual Total Time": 21.502,"Actual Rows": 7492,"Actual Loops": 4,"Hash Buckets": 32768,"Original Hash Buckets": 32768,"Hash Batches": 1,"Original Hash Batches": 1,"Peak Memory Usage": 1504,"Workers": [],"Plans": [{"Node Type": "Seq Scan","Parent Relationship": "Outer","Parallel Aware": true,"Async Capable": false,"Relation Name": "customer","Alias": "customer","Startup Cost": 0.00,"Total Cost": 4366.25,"Plan Rows": 12760,"Plan Width": 4,"Actual Startup Time": 0.035,"Actual Total Time": 18.553,"Actual Rows": 7492,"Actual Loops": 4,"Filter": "(c_mktsegment = 'FURNITURE'::bpchar)","Rows Removed by Filter": 30008,"Workers": []}]}]},{"Node Type": "Index Scan","Parent Relationship": "Inner","Parallel Aware": false,"Async Capable": false,"Scan Direction": "Forward","Index Name": "idx_lineitem_orderkey","Relation Name": "lineitem","Alias": "lineitem","Startup Cost": 0.43,"Total Cost": 1.43,"Plan Rows": 9,"Plan Width": 16,"Actual Startup Time": 0.007,"Actual Total Time": 0.007,"Actual Rows": 0,"Actual Loops": 146777,"Index Cond": "(l_orderkey = orders.o_orderkey)","Rows Removed by Index Recheck": 0,"Filter": "(l_shipdate > '1995-03-28'::date)","Rows Removed by Filter": 4,"Workers": []}]}]}]}]},"Planning Time": 5.739,"Triggers": [],"Execution Time": 546.429}]
[{"Plan": {"Node Type": "Sort","Parallel Aware": false,"Async Capable": false,"Startup Cost": 179585.29,"Total Cost": 180373.54,"Plan Rows": 315303,"Plan Width": 44,"Actual Startup Time": 537.954,"Actual Total Time": 547.923,"Actual Rows": 11413,"Actual Loops": 1,"Sort Key": ["(sum((lineitem.l_extendedprice * ('1'::numeric - lineitem.l_discount)))) DESC", "orders.o_orderdate"],"Sort Method": "quicksort","Sort Space Used": 1098,"Sort Space Type": "Memory","Plans": [{"Node Type": "Aggregate","Strategy": "Hashed","Partial Mode": "Simple","Parent Relationship": "Outer","Parallel Aware": false,"Async Capable": false,"Startup Cost": 146846.78,"Total Cost": 150788.07,"Plan Rows": 315303,"Plan Width": 44,"Actual Startup Time": 515.276,"Actual Total Time": 539.475,"Actual Rows": 11413,"Actual Loops": 1,"Group Key": ["lineitem.l_orderkey", "orders.o_orderdate", "orders.o_shippriority"],"Planned Partitions": 0,"HashAgg Batches": 1,"Peak Memory Usage": 20497,"Disk Usage": 0,"Plans": [{"Node Type": "Gather","Parent Relationship": "Outer","Parallel Aware": false,"Async Capable": false,"Startup Cost": 5522.96,"Total Cost": 142117.23,"Plan Rows": 315303,"Plan Width": 24,"Actual Startup Time": 33.791,"Actual Total Time": 490.443,"Actual Rows": 30284,"Actual Loops": 1,"Workers Planned": 3,"Workers Launched": 3,"Single Copy": false,"Plans": [{"Node Type": "Nested Loop","Parent Relationship": "Outer","Parallel Aware": false,"Async Capable": false,"Join Type": "Inner","Startup Cost": 4522.96,"Total Cost": 109586.93,"Plan Rows": 101711,"Plan Width": 24,"Actual Startup Time": 27.000,"Actual Total Time": 498.148,"Actual Rows": 7571,"Actual Loops": 4,"Inner Unique": false,"Workers": [],"Plans": [{"Node Type": "Hash Join","Parent Relationship": "Outer","Parallel Aware": true,"Async Capable": false,"Join Type": "Inner","Startup Cost": 4522.52,"Total Cost": 37286.83,"Plan Rows": 47314,"Plan Width": 12,"Actual Startup Time": 26.881,"Actual Total Time": 219.572,"Actual Rows": 36447,"Actual Loops": 4,"Inner Unique": true,"Hash Cond": "(orders.o_custkey = customer.c_custkey)","Workers": [],"Plans": [{"Node Type": "Seq Scan","Parent Relationship": "Outer","Parallel Aware": true,"Async Capable": false,"Relation Name": "orders","Alias": "orders","Startup Cost": 0.00,"Total Cost": 32143.39,"Plan Rows": 236532,"Plan Width": 16,"Actual Startup Time": 0.007,"Actual Total Time": 140.816,"Actual Rows": 182617,"Actual Loops": 4,"Filter": "(o_orderdate < '1995-03-20'::date)","Rows Removed by Filter": 192383,"Workers": []},{"Node Type": "Hash","Parent Relationship": "Inner","Parallel Aware": true,"Async Capable": false,"Startup Cost": 4366.25,"Total Cost": 4366.25,"Plan Rows": 12502,"Plan Width": 4,"Actual Startup Time": 26.425,"Actual Total Time": 26.429,"Actual Rows": 7547,"Actual Loops": 4,"Hash Buckets": 32768,"Original Hash Buckets": 32768,"Hash Batches": 1,"Original Hash Batches": 1,"Peak Memory Usage": 1536,"Workers": [],"Plans": [{"Node Type": "Seq Scan","Parent Relationship": "Outer","Parallel Aware": true,"Async Capable": false,"Relation Name": "customer","Alias": "customer","Startup Cost": 0.00,"Total Cost": 4366.25,"Plan Rows": 12502,"Plan Width": 4,"Actual Startup Time": 0.032,"Actual Total Time": 22.594,"Actual Rows": 7547,"Actual Loops": 4,"Filter": "(c_mktsegment = 'HOUSEHOLD'::bpchar)","Rows Removed by Filter": 29953,"Workers": []}]}]},{"Node Type": "Index Scan","Parent Relationship": "Inner","Parallel Aware": false,"Async Capable": false,"Scan Direction": "Forward","Index Name": "idx_lineitem_orderkey","Relation Name": "lineitem","Alias": "lineitem","Startup Cost": 0.43,"Total Cost": 1.44,"Plan Rows": 9,"Plan Width": 16,"Actual Startup Time": 0.007,"Actual Total Time": 0.007,"Actual Rows": 0,"Actual Loops": 145787,"Index Cond": "(l_orderkey = orders.o_orderkey)","Rows Removed by Index Recheck": 0,"Filter": "(l_shipdate > '1995-03-20'::date)","Rows Removed by Filter": 4,"Workers": []}]}]}]}]},"Planning Time": 5.702,"Triggers": [],"Execution Time": 560.186}]
[{"Plan": {"Node Type": "Sort","Parallel Aware": false,"Async Capable": false,"Startup Cost": 178425.31,"Total Cost": 179206.61,"Plan Rows": 312521,"Plan Width": 44,"Actual Startup Time": 540.344,"Actual Total Time": 551.563,"Actual Rows": 11671,"Actual Loops": 1,"Sort Key": ["(sum((lineitem.l_extendedprice * ('1'::numeric - lineitem.l_discount)))) DESC", "orders.o_orderdate"],"Sort Method": "quicksort","Sort Space Used": 1114,"Sort Space Type": "Memory","Plans": [{"Node Type": "Aggregate","Strategy": "Hashed","Partial Mode": "Simple","Parent Relationship": "Outer","Parallel Aware": false,"Async Capable": false,"Startup Cost": 145995.64,"Total Cost": 149902.15,"Plan Rows": 312521,"Plan Width": 44,"Actual Startup Time": 518.167,"Actual Total Time": 543.011,"Actual Rows": 11671,"Actual Loops": 1,"Group Key": ["lineitem.l_orderkey", "orders.o_orderdate", "orders.o_shippriority"],"Planned Partitions": 0,"HashAgg Batches": 1,"Peak Memory Usage": 20497,"Disk Usage": 0,"Plans": [{"Node Type": "Gather","Parent Relationship": "Outer","Parallel Aware": false,"Async Capable": false,"Startup Cost": 5521.58,"Total Cost": 141307.82,"Plan Rows": 312521,"Plan Width": 24,"Actual Startup Time": 33.738,"Actual Total Time": 494.094,"Actual Rows": 30516,"Actual Loops": 1,"Workers Planned": 3,"Workers Launched": 3,"Single Copy": false,"Plans": [{"Node Type": "Nested Loop","Parent Relationship": "Outer","Parallel Aware": false,"Async Capable": false,"Join Type": "Inner","Startup Cost": 4521.58,"Total Cost": 109055.72,"Plan Rows": 100813,"Plan Width": 24,"Actual Startup Time": 27.044,"Actual Total Time": 500.944,"Actual Rows": 7629,"Actual Loops": 4,"Inner Unique": false,"Workers": [],"Plans": [{"Node Type": "Hash Join","Parent Relationship": "Outer","Parallel Aware": true,"Async Capable": false,"Join Type": "Inner","Startup Cost": 4521.15,"Total Cost": 37287.09,"Plan Rows": 47020,"Plan Width": 12,"Actual Startup Time": 26.918,"Actual Total Time": 218.749,"Actual Rows": 37039,"Actual Loops": 4,"Inner Unique": true,"Hash Cond": "(orders.o_custkey = customer.c_custkey)","Workers": [],"Plans": [{"Node Type": "Seq Scan","Parent Relationship": "Outer","Parallel Aware": true,"Async Capable": false,"Relation Name": "orders","Alias": "orders","Startup Cost": 0.00,"Total Cost": 32143.39,"Plan Rows": 237155,"Plan Width": 16,"Actual Startup Time": 0.011,"Actual Total Time": 140.451,"Actual Rows": 183072,"Actual Loops": 4,"Filter": "(o_orderdate < '1995-03-23'::date)","Rows Removed by Filter": 191928,"Workers": []},{"Node Type": "Hash","Parent Relationship": "Inner","Parallel Aware": true,"Async Capable": false,"Startup Cost": 4366.25,"Total Cost": 4366.25,"Plan Rows": 12392,"Plan Width": 4,"Actual Startup Time": 26.441,"Actual Total Time": 26.447,"Actual Rows": 7536,"Actual Loops": 4,"Hash Buckets": 32768,"Original Hash Buckets": 32768,"Hash Batches": 1,"Original Hash Batches": 1,"Peak Memory Usage": 1504,"Workers": [],"Plans": [{"Node Type": "Seq Scan","Parent Relationship": "Outer","Parallel Aware": true,"Async Capable": false,"Relation Name": "customer","Alias": "customer","Startup Cost": 0.00,"Total Cost": 4366.25,"Plan Rows": 12392,"Plan Width": 4,"Actual Startup Time": 0.038,"Actual Total Time": 22.563,"Actual Rows": 7536,"Actual Loops": 4,"Filter": "(c_mktsegment = 'BUILDING'::bpchar)","Rows Removed by Filter": 29964,"Workers": []}]}]},{"Node Type": "Index Scan","Parent Relationship": "Inner","Parallel Aware": false,"Async Capable": false,"Scan Direction": "Forward","Index Name": "idx_lineitem_orderkey","Relation Name": "lineitem","Alias": "lineitem","Startup Cost": 0.43,"Total Cost": 1.44,"Plan Rows": 9,"Plan Width": 16,"Actual Startup Time": 0.007,"Actual Total Time": 0.007,"Actual Rows": 0,"Actual Loops": 148155,"Index Cond": "(l_orderkey = orders.o_orderkey)","Rows Removed by Index Recheck": 0,"Filter": "(l_shipdate > '1995-03-23'::date)","Rows Removed by Filter": 4,"Workers": []}]}]}]}]},"Planning Time": 6.394,"Triggers": [],"Execution Time": 563.775}]
[{"Plan": {"Node Type": "Sort","Parallel Aware": false,"Async Capable": false,"Startup Cost": 181947.35,"Total Cost": 182751.56,"Plan Rows": 321685,"Plan Width": 44,"Actual Startup Time": 532.244,"Actual Total Time": 542.375,"Actual Rows": 11442,"Actual Loops": 1,"Sort Key": ["(sum((lineitem.l_extendedprice * ('1'::numeric - lineitem.l_discount)))) DESC", "orders.o_orderdate"],"Sort Method": "quicksort","Sort Space Used": 1100,"Sort Space Type": "Memory","Plans": [{"Node Type": "Aggregate","Strategy": "Hashed","Partial Mode": "Simple","Parent Relationship": "Outer","Parallel Aware": false,"Async Capable": false,"Startup Cost": 148499.69,"Total Cost": 152520.75,"Plan Rows": 321685,"Plan Width": 44,"Actual Startup Time": 510.447,"Actual Total Time": 533.656,"Actual Rows": 11442,"Actual Loops": 1,"Group Key": ["lineitem.l_orderkey", "orders.o_orderdate", "orders.o_shippriority"],"Planned Partitions": 0,"HashAgg Batches": 1,"Peak Memory Usage": 20497,"Disk Usage": 0,"Plans": [{"Node Type": "Gather","Parent Relationship": "Outer","Parallel Aware": false,"Async Capable": false,"Startup Cost": 5526.18,"Total Cost": 143674.41,"Plan Rows": 321685,"Plan Width": 24,"Actual Startup Time": 33.303,"Actual Total Time": 485.617,"Actual Rows": 30350,"Actual Loops": 1,"Workers Planned": 3,"Workers Launched": 3,"Single Copy": false,"Plans": [{"Node Type": "Nested Loop","Parent Relationship": "Outer","Parallel Aware": false,"Async Capable": false,"Join Type": "Inner","Startup Cost": 4526.18,"Total Cost": 110505.91,"Plan Rows": 103769,"Plan Width": 24,"Actual Startup Time": 26.510,"Actual Total Time": 493.425,"Actual Rows": 7588,"Actual Loops": 4,"Inner Unique": false,"Workers": [],"Plans": [{"Node Type": "Hash Join","Parent Relationship": "Outer","Parallel Aware": true,"Async Capable": false,"Join Type": "Inner","Startup Cost": 4525.75,"Total Cost": 37281.56,"Plan Rows": 47631,"Plan Width": 12,"Actual Startup Time": 26.232,"Actual Total Time": 218.028,"Actual Rows": 35980,"Actual Loops": 4,"Inner Unique": true,"Hash Cond": "(orders.o_custkey = customer.c_custkey)","Workers": [],"Plans": [{"Node Type": "Seq Scan","Parent Relationship": "Outer","Parallel Aware": true,"Async Capable": false,"Relation Name": "orders","Alias": "orders","Startup Cost": 0.00,"Total Cost": 32143.39,"Plan Rows": 233295,"Plan Width": 16,"Actual Startup Time": 0.007,"Actual Total Time": 140.293,"Actual Rows": 180256,"Actual Loops": 4,"Filter": "(o_orderdate < '1995-03-05'::date)","Rows Removed by Filter": 194744,"Workers": []},{"Node Type": "Hash","Parent Relationship": "Inner","Parallel Aware": true,"Async Capable": false,"Startup Cost": 4366.25,"Total Cost": 4366.25,"Plan Rows": 12760,"Plan Width": 4,"Actual Startup Time": 25.770,"Actual Total Time": 25.773,"Actual Rows": 7492,"Actual Loops": 4,"Hash Buckets": 32768,"Original Hash Buckets": 32768,"Hash Batches": 1,"Original Hash Batches": 1,"Peak Memory Usage": 1472,"Workers": [],"Plans": [{"Node Type": "Seq Scan","Parent Relationship": "Outer","Parallel Aware": true,"Async Capable": false,"Relation Name": "customer","Alias": "customer","Startup Cost": 0.00,"Total Cost": 4366.25,"Plan Rows": 12760,"Plan Width": 4,"Actual Startup Time": 0.041,"Actual Total Time": 22.006,"Actual Rows": 7492,"Actual Loops": 4,"Filter": "(c_mktsegment = 'FURNITURE'::bpchar)","Rows Removed by Filter": 30008,"Workers": []}]}]},{"Node Type": "Index Scan","Parent Relationship": "Inner","Parallel Aware": false,"Async Capable": false,"Scan Direction": "Forward","Index Name": "idx_lineitem_orderkey","Relation Name": "lineitem","Alias": "lineitem","Startup Cost": 0.43,"Total Cost": 1.45,"Plan Rows": 9,"Plan Width": 16,"Actual Startup Time": 0.007,"Actual Total Time": 0.007,"Actual Rows": 0,"Actual Loops": 143919,"Index Cond": "(l_orderkey = orders.o_orderkey)","Rows Removed by Index Recheck": 0,"Filter": "(l_shipdate > '1995-03-05'::date)","Rows Removed by Filter": 4,"Workers": []}]}]}]}]},"Planning Time": 5.918,"Triggers": [],"Execution Time": 554.934}]
[{"Plan": {"Node Type": "Sort","Parallel Aware": false,"Async Capable": false,"Startup Cost": 177859.55,"Total Cost": 178640.17,"Plan Rows": 312250,"Plan Width": 44,"Actual Startup Time": 542.170,"Actual Total Time": 552.079,"Actual Rows": 11613,"Actual Loops": 1,"Sort Key": ["(sum((lineitem.l_extendedprice * ('1'::numeric - lineitem.l_discount)))) DESC", "orders.o_orderdate"],"Sort Method": "quicksort","Sort Space Used": 1110,"Sort Space Type": "Memory","Plans": [{"Node Type": "Aggregate","Strategy": "Hashed","Partial Mode": "Simple","Parent Relationship": "Outer","Parallel Aware": false,"Async Capable": false,"Startup Cost": 145459.95,"Total Cost": 149363.08,"Plan Rows": 312250,"Plan Width": 44,"Actual Startup Time": 519.070,"Actual Total Time": 543.782,"Actual Rows": 11613,"Actual Loops": 1,"Group Key": ["lineitem.l_orderkey", "orders.o_orderdate", "orders.o_shippriority"],"Planned Partitions": 0,"HashAgg Batches": 1,"Peak Memory Usage": 20497,"Disk Usage": 0,"Plans": [{"Node Type": "Gather","Parent Relationship": "Outer","Parallel Aware": false,"Async Capable": false,"Startup Cost": 5521.58,"Total Cost": 140776.20,"Plan Rows": 312250,"Plan Width": 24,"Actual Startup Time": 32.015,"Actual Total Time": 496.814,"Actual Rows": 30486,"Actual Loops": 1,"Workers Planned": 3,"Workers Launched": 3,"Single Copy": false,"Plans": [{"Node Type": "Nested Loop","Parent Relationship": "Outer","Parallel Aware": false,"Async Capable": false,"Join Type": "Inner","Startup Cost": 4521.58,"Total Cost": 108551.20,"Plan Rows": 100726,"Plan Width": 24,"Actual Startup Time": 25.089,"Actual Total Time": 502.063,"Actual Rows": 7622,"Actual Loops": 4,"Inner Unique": false,"Workers": [],"Plans": [{"Node Type": "Hash Join","Parent Relationship": "Outer","Parallel Aware": true,"Async Capable": false,"Join Type": "Inner","Startup Cost": 4521.15,"Total Cost": 37279.47,"Plan Rows": 46444,"Plan Width": 12,"Actual Startup Time": 24.896,"Actual Total Time": 218.772,"Actual Rows": 36612,"Actual Loops": 4,"Inner Unique": true,"Hash Cond": "(orders.o_custkey = customer.c_custkey)","Workers": [],"Plans": [{"Node Type": "Seq Scan","Parent Relationship": "Outer","Parallel Aware": true,"Async Capable": false,"Relation Name": "orders","Alias": "orders","Startup Cost": 0.00,"Total Cost": 32143.39,"Plan Rows": 234250,"Plan Width": 16,"Actual Startup Time": 0.014,"Actual Total Time": 143.510,"Actual Rows": 181030,"Actual Loops": 4,"Filter": "(o_orderdate < '1995-03-10'::date)","Rows Removed by Filter": 193970,"Workers": []},{"Node Type": "Hash","Parent Relationship": "Inner","Parallel Aware": true,"Async Capable": false,"Startup Cost": 4366.25,"Total Cost": 4366.25,"Plan Rows": 12392,"Plan Width": 4,"Actual Startup Time": 24.497,"Actual Total Time": 24.502,"Actual Rows": 7536,"Actual Loops": 4,"Hash Buckets": 32768,"Original Hash Buckets": 32768,"Hash Batches": 1,"Original Hash Batches": 1,"Peak Memory Usage": 1504,"Workers": [],"Plans": [{"Node Type": "Seq Scan","Parent Relationship": "Outer","Parallel Aware": true,"Async Capable": false,"Relation Name": "customer","Alias": "customer","Startup Cost": 0.00,"Total Cost": 4366.25,"Plan Rows": 12392,"Plan Width": 4,"Actual Startup Time": 0.029,"Actual Total Time": 21.062,"Actual Rows": 7536,"Actual Loops": 4,"Filter": "(c_mktsegment = 'BUILDING'::bpchar)","Rows Removed by Filter": 29964,"Workers": []}]}]},{"Node Type": "Index Scan","Parent Relationship": "Inner","Parallel Aware": false,"Async Capable": false,"Scan Direction": "Forward","Index Name": "idx_lineitem_orderkey","Relation Name": "lineitem","Alias": "lineitem","Startup Cost": 0.43,"Total Cost": 1.44,"Plan Rows": 9,"Plan Width": 16,"Actual Startup Time": 0.007,"Actual Total Time": 0.007,"Actual Rows": 0,"Actual Loops": 146447,"Index Cond": "(l_orderkey = orders.o_orderkey)","Rows Removed by Index Recheck": 0,"Filter": "(l_shipdate > '1995-03-10'::date)","Rows Removed by Filter": 4,"Workers": []}]}]}]}]},"Planning Time": 6.411,"Triggers": [],"Execution Time": 565.055}]
[{"Plan": {"Node Type": "Sort","Parallel Aware": false,"Async Capable": false,"Startup Cost": 177433.30,"Total Cost": 178211.36,"Plan Rows": 311223,"Plan Width": 44,"Actual Startup Time": 513.174,"Actual Total Time": 524.708,"Actual Rows": 11511,"Actual Loops": 1,"Sort Key": ["(sum((lineitem.l_extendedprice * ('1'::numeric - lineitem.l_discount)))) DESC", "orders.o_orderdate"],"Sort Method": "quicksort","Sort Space Used": 1104,"Sort Space Type": "Memory","Plans": [{"Node Type": "Aggregate","Strategy": "Hashed","Partial Mode": "Simple","Parent Relationship": "Outer","Parallel Aware": false,"Async Capable": false,"Startup Cost": 145147.67,"Total Cost": 149037.96,"Plan Rows": 311223,"Plan Width": 44,"Actual Startup Time": 491.994,"Actual Total Time": 517.235,"Actual Rows": 11511,"Actual Loops": 1,"Group Key": ["lineitem.l_orderkey", "orders.o_orderdate", "orders.o_shippriority"],"Planned Partitions": 0,"HashAgg Batches": 1,"Peak Memory Usage": 20497,"Disk Usage": 0,"Plans": [{"Node Type": "Gather","Parent Relationship": "Outer","Parallel Aware": false,"Async Capable": false,"Startup Cost": 5521.08,"Total Cost": 140479.33,"Plan Rows": 311223,"Plan Width": 24,"Actual Startup Time": 30.568,"Actual Total Time": 472.340,"Actual Rows": 30355,"Actual Loops": 1,"Workers Planned": 3,"Workers Launched": 3,"Single Copy": false,"Plans": [{"Node Type": "Nested Loop","Parent Relationship": "Outer","Parallel Aware": false,"Async Capable": false,"Join Type": "Inner","Startup Cost": 4521.08,"Total Cost": 108357.03,"Plan Rows": 100395,"Plan Width": 24,"Actual Startup Time": 23.443,"Actual Total Time": 475.280,"Actual Rows": 7589,"Actual Loops": 4,"Inner Unique": false,"Workers": [],"Plans": [{"Node Type": "Hash Join","Parent Relationship": "Outer","Parallel Aware": true,"Async Capable": false,"Join Type": "Inner","Startup Cost": 4520.65,"Total Cost": 37279.47,"Plan Rows": 46334,"Plan Width": 12,"Actual Startup Time": 23.053,"Actual Total Time": 203.084,"Actual Rows": 36043,"Actual Loops": 4,"Inner Unique": true,"Hash Cond": "(orders.o_custkey = customer.c_custkey)","Workers": [],"Plans": [{"Node Type": "Seq Scan","Parent Relationship": "Outer","Parallel Aware": true,"Async Capable": false,"Relation Name": "orders","Alias": "orders","Startup Cost": 0.00,"Total Cost": 32143.39,"Plan Rows": 234441,"Plan Width": 16,"Actual Startup Time": 0.015,"Actual Total Time": 134.723,"Actual Rows": 181190,"Actual Loops": 4,"Filter": "(o_orderdate < '1995-03-11'::date)","Rows Removed by Filter": 193810,"Workers": []},{"Node Type": "Hash","Parent Relationship": "Inner","Parallel Aware": true,"Async Capable": false,"Startup Cost": 4366.25,"Total Cost": 4366.25,"Plan Rows": 12352,"Plan Width": 4,"Actual Startup Time": 22.578,"Actual Total Time": 22.582,"Actual Rows": 7438,"Actual Loops": 4,"Hash Buckets": 32768,"Original Hash Buckets": 32768,"Hash Batches": 1,"Original Hash Batches": 1,"Peak Memory Usage": 1472,"Workers": [],"Plans": [{"Node Type": "Seq Scan","Parent Relationship": "Outer","Parallel Aware": true,"Async Capable": false,"Relation Name": "customer","Alias": "customer","Startup Cost": 0.00,"Total Cost": 4366.25,"Plan Rows": 12352,"Plan Width": 4,"Actual Startup Time": 0.032,"Actual Total Time": 19.502,"Actual Rows": 7438,"Actual Loops": 4,"Filter": "(c_mktsegment = 'AUTOMOBILE'::bpchar)","Rows Removed by Filter": 30062,"Workers": []}]}]},{"Node Type": "Index Scan","Parent Relationship": "Inner","Parallel Aware": false,"Async Capable": false,"Scan Direction": "Forward","Index Name": "idx_lineitem_orderkey","Relation Name": "lineitem","Alias": "lineitem","Startup Cost": 0.43,"Total Cost": 1.44,"Plan Rows": 9,"Plan Width": 16,"Actual Startup Time": 0.007,"Actual Total Time": 0.007,"Actual Rows": 0,"Actual Loops": 144171,"Index Cond": "(l_orderkey = orders.o_orderkey)","Rows Removed by Index Recheck": 0,"Filter": "(l_shipdate > '1995-03-11'::date)","Rows Removed by Filter": 4,"Workers": []}]}]}]}]},"Planning Time": 6.821,"Triggers": [],"Execution Time": 538.280}]
[{"Plan": {"Node Type": "Sort","Parallel Aware": false,"Async Capable": false,"Startup Cost": 178201.68,"Total Cost": 178983.17,"Plan Rows": 312597,"Plan Width": 44,"Actual Startup Time": 537.820,"Actual Total Time": 547.279,"Actual Rows": 11627,"Actual Loops": 1,"Sort Key": ["(sum((lineitem.l_extendedprice * ('1'::numeric - lineitem.l_discount)))) DESC", "orders.o_orderdate"],"Sort Method": "quicksort","Sort Space Used": 1111,"Sort Space Type": "Memory","Plans": [{"Node Type": "Aggregate","Strategy": "Hashed","Partial Mode": "Simple","Parent Relationship": "Outer","Parallel Aware": false,"Async Capable": false,"Startup Cost": 145763.57,"Total Cost": 149671.03,"Plan Rows": 312597,"Plan Width": 44,"Actual Startup Time": 515.020,"Actual Total Time": 538.910,"Actual Rows": 11627,"Actual Loops": 1,"Group Key": ["lineitem.l_orderkey", "orders.o_orderdate", "orders.o_shippriority"],"Planned Partitions": 0,"HashAgg Batches": 1,"Peak Memory Usage": 20497,"Disk Usage": 0,"Plans": [{"Node Type": "Gather","Parent Relationship": "Outer","Parallel Aware": false,"Async Capable": false,"Startup Cost": 5521.58,"Total Cost": 141074.62,"Plan Rows": 312597,"Plan Width": 24,"Actual Startup Time": 34.230,"Actual Total Time": 489.302,"Actual Rows": 30592,"Actual Loops": 1,"Workers Planned": 3,"Workers Launched": 3,"Single Copy": false,"Plans": [{"Node Type": "Nested Loop","Parent Relationship": "Outer","Parallel Aware": false,"Async Capable": false,"Join Type": "Inner","Startup Cost": 4521.58,"Total Cost": 108814.92,"Plan Rows": 100838,"Plan Width": 24,"Actual Startup Time": 26.932,"Actual Total Time": 497.434,"Actual Rows": 7648,"Actual Loops": 4,"Inner Unique": false,"Workers": [],"Plans": [{"Node Type": "Hash Join","Parent Relationship": "Outer","Parallel Aware": true,"Async Capable": false,"Join Type": "Inner","Startup Cost": 4521.15,"Total Cost": 37283.45,"Plan Rows": 46745,"Plan Width": 12,"Actual Startup Time": 26.725,"Actual Total Time": 219.196,"Actual Rows": 36816,"Actual Loops": 4,"Inner Unique": true,"Hash Cond": "(orders.o_custkey = customer.c_custkey)","Workers": [],"Plans": [{"Node Type": "Seq Scan","Parent Relationship": "Outer","Parallel Aware": true,"Async Capable": false,"Relation Name": "orders","Alias": "orders","Startup Cost": 0.00,"Total Cost": 32143.39,"Plan Rows": 235768,"Plan Width": 16,"Actual Startup Time": 0.012,"Actual Total Time": 140.693,"Actual Rows": 181977,"Actual Loops": 4,"Filter": "(o_orderdate < '1995-03-16'::date)","Rows Removed by Filter": 193023,"Workers": []},{"Node Type": "Hash","Parent Relationship": "Inner","Parallel Aware": true,"Async Capable": false,"Startup Cost": 4366.25,"Total Cost": 4366.25,"Plan Rows": 12392,"Plan Width": 4,"Actual Startup Time": 26.269,"Actual Total Time": 26.274,"Actual Rows": 7536,"Actual Loops": 4,"Hash Buckets": 32768,"Original Hash Buckets": 32768,"Hash Batches": 1,"Original Hash Batches": 1,"Peak Memory Usage": 1536,"Workers": [],"Plans": [{"Node Type": "Seq Scan","Parent Relationship": "Outer","Parallel Aware": true,"Async Capable": false,"Relation Name": "customer","Alias": "customer","Startup Cost": 0.00,"Total Cost": 4366.25,"Plan Rows": 12392,"Plan Width": 4,"Actual Startup Time": 0.038,"Actual Total Time": 22.551,"Actual Rows": 7536,"Actual Loops": 4,"Filter": "(c_mktsegment = 'BUILDING'::bpchar)","Rows Removed by Filter": 29964,"Workers": []}]}]},{"Node Type": "Index Scan","Parent Relationship": "Inner","Parallel Aware": false,"Async Capable": false,"Scan Direction": "Forward","Index Name": "idx_lineitem_orderkey","Relation Name": "lineitem","Alias": "lineitem","Startup Cost": 0.43,"Total Cost": 1.44,"Plan Rows": 9,"Plan Width": 16,"Actual Startup Time": 0.007,"Actual Total Time": 0.007,"Actual Rows": 0,"Actual Loops": 147264,"Index Cond": "(l_orderkey = orders.o_orderkey)","Rows Removed by Index Recheck": 0,"Filter": "(l_shipdate > '1995-03-16'::date)","Rows Removed by Filter": 4,"Workers": []}]}]}]}]},"Planning Time": 5.855,"Triggers": [],"Execution Time": 560.175}]
[{"Plan": {"Node Type": "Sort","Parallel Aware": false,"Async Capable": false,"Startup Cost": 178879.12,"Total Cost": 179667.32,"Plan Rows": 315277,"Plan Width": 44,"Actual Startup Time": 533.946,"Actual Total Time": 543.696,"Actual Rows": 11470,"Actual Loops": 1,"Sort Key": ["(sum((lineitem.l_extendedprice * ('1'::numeric - lineitem.l_discount)))) DESC", "orders.o_orderdate"],"Sort Method": "quicksort","Sort Space Used": 1101,"Sort Space Type": "Memory","Plans": [{"Node Type": "Aggregate","Strategy": "Hashed","Partial Mode": "Simple","Parent Relationship": "Outer","Parallel Aware": false,"Async Capable": false,"Startup Cost": 146143.50,"Total Cost": 150084.46,"Plan Rows": 315277,"Plan Width": 44,"Actual Startup Time": 511.083,"Actual Total Time": 535.492,"Actual Rows": 11470,"Actual Loops": 1,"Group Key": ["lineitem.l_orderkey", "orders.o_orderdate", "orders.o_shippriority"],"Planned Partitions": 0,"HashAgg Batches": 1,"Peak Memory Usage": 20497,"Disk Usage": 0,"Plans": [{"Node Type": "Gather","Parent Relationship": "Outer","Parallel Aware": false,"Async Capable": false,"Startup Cost": 5522.96,"Total Cost": 141414.35,"Plan Rows": 315277,"Plan Width": 24,"Actual Startup Time": 33.802,"Actual Total Time": 486.334,"Actual Rows": 30458,"Actual Loops": 1,"Workers Planned": 3,"Workers Launched": 3,"Single Copy": false,"Plans": [{"Node Type": "Nested Loop","Parent Relationship": "Outer","Parallel Aware": false,"Async Capable": false,"Join Type": "Inner","Startup Cost": 4522.96,"Total Cost": 108886.65,"Plan Rows": 101702,"Plan Width": 24,"Actual Startup Time": 26.939,"Actual Total Time": 494.112,"Actual Rows": 7614,"Actual Loops": 4,"Inner Unique": false,"Workers": [],"Plans": [{"Node Type": "Hash Join","Parent Relationship": "Outer","Parallel Aware": true,"Async Capable": false,"Join Type": "Inner","Startup Cost": 4522.52,"Total Cost": 37276.33,"Plan Rows": 46514,"Plan Width": 12,"Actual Startup Time": 26.756,"Actual Total Time": 220.873,"Actual Rows": 35854,"Actual Loops": 4,"Inner Unique": true,"Hash Cond": "(orders.o_custkey = customer.c_custkey)","Workers": [],"Plans": [{"Node Type": "Seq Scan","Parent Relationship": "Outer","Parallel Aware": true,"Async Capable": false,"Relation Name": "orders","Alias": "orders","Startup Cost": 0.00,"Total Cost": 32143.39,"Plan Rows": 232531,"Plan Width": 16,"Actual Startup Time": 0.011,"Actual Total Time": 141.270,"Actual Rows": 179631,"Actual Loops": 4,"Filter": "(o_orderdate < '1995-03-01'::date)","Rows Removed by Filter": 195369,"Workers": []},{"Node Type": "Hash","Parent Relationship": "Inner","Parallel Aware": true,"Async Capable": false,"Startup Cost": 4366.25,"Total Cost": 4366.25,"Plan Rows": 12502,"Plan Width": 4,"Actual Startup Time": 26.335,"Actual Total Time": 26.339,"Actual Rows": 7547,"Actual Loops": 4,"Hash Buckets": 32768,"Original Hash Buckets": 32768,"Hash Batches": 1,"Original Hash Batches": 1,"Peak Memory Usage": 1504,"Workers": [],"Plans": [{"Node Type": "Seq Scan","Parent Relationship": "Outer","Parallel Aware": true,"Async Capable": false,"Relation Name": "customer","Alias": "customer","Startup Cost": 0.00,"Total Cost": 4366.25,"Plan Rows": 12502,"Plan Width": 4,"Actual Startup Time": 0.033,"Actual Total Time": 22.477,"Actual Rows": 7547,"Actual Loops": 4,"Filter": "(c_mktsegment = 'HOUSEHOLD'::bpchar)","Rows Removed by Filter": 29953,"Workers": []}]}]},{"Node Type": "Index Scan","Parent Relationship": "Inner","Parallel Aware": false,"Async Capable": false,"Scan Direction": "Forward","Index Name": "idx_lineitem_orderkey","Relation Name": "lineitem","Alias": "lineitem","Startup Cost": 0.43,"Total Cost": 1.45,"Plan Rows": 9,"Plan Width": 16,"Actual Startup Time": 0.007,"Actual Total Time": 0.007,"Actual Rows": 0,"Actual Loops": 143418,"Index Cond": "(l_orderkey = orders.o_orderkey)","Rows Removed by Index Recheck": 0,"Filter": "(l_shipdate > '1995-03-01'::date)","Rows Removed by Filter": 4,"Workers": []}]}]}]}]},"Planning Time": 6.688,"Triggers": [],"Execution Time": 555.905}]
[{"Plan": {"Node Type": "Sort","Parallel Aware": false,"Async Capable": false,"Startup Cost": 179695.67,"Total Cost": 180483.93,"Plan Rows": 315306,"Plan Width": 44,"Actual Startup Time": 536.805,"Actual Total Time": 547.842,"Actual Rows": 11356,"Actual Loops": 1,"Sort Key": ["(sum((lineitem.l_extendedprice * ('1'::numeric - lineitem.l_discount)))) DESC", "orders.o_orderdate"],"Sort Method": "quicksort","Sort Space Used": 1094,"Sort Space Type": "Memory","Plans": [{"Node Type": "Aggregate","Strategy": "Hashed","Partial Mode": "Simple","Parent Relationship": "Outer","Parallel Aware": false,"Async Capable": false,"Startup Cost": 146956.82,"Total Cost": 150898.15,"Plan Rows": 315306,"Plan Width": 44,"Actual Startup Time": 514.945,"Actual Total Time": 539.902,"Actual Rows": 11356,"Actual Loops": 1,"Group Key": ["lineitem.l_orderkey", "orders.o_orderdate", "orders.o_shippriority"],"Planned Partitions": 0,"HashAgg Batches": 1,"Peak Memory Usage": 20497,"Disk Usage": 0,"Plans": [{"Node Type": "Gather","Parent Relationship": "Outer","Parallel Aware": false,"Async Capable": false,"Startup Cost": 5522.96,"Total Cost": 142227.23,"Plan Rows": 315306,"Plan Width": 24,"Actual Startup Time": 34.382,"Actual Total Time": 491.931,"Actual Rows": 30119,"Actual Loops": 1,"Workers Planned": 3,"Workers Launched": 3,"Single Copy": false,"Plans": [{"Node Type": "Nested Loop","Parent Relationship": "Outer","Parallel Aware": false,"Async Capable": false,"Join Type": "Inner","Startup Cost": 4522.96,"Total Cost": 109696.63,"Plan Rows": 101712,"Plan Width": 24,"Actual Startup Time": 27.355,"Actual Total Time": 497.401,"Actual Rows": 7530,"Actual Loops": 4,"Inner Unique": false,"Workers": [],"Plans": [{"Node Type": "Hash Join","Parent Relationship": "Outer","Parallel Aware": true,"Async Capable": false,"Join Type": "Inner","Startup Cost": 4522.52,"Total Cost": 37288.47,"Plan Rows": 47439,"Plan Width": 12,"Actual Startup Time": 27.235,"Actual Total Time": 219.074,"Actual Rows": 36534,"Actual Loops": 4,"Inner Unique": true,"Hash Cond": "(orders.o_custkey = customer.c_custkey)","Workers": [],"Plans": [{"Node Type": "Seq Scan","Parent Relationship": "Outer","Parallel Aware": true,"Async Capable": false,"Relation Name": "orders","Alias": "orders","Startup Cost": 0.00,"Total Cost": 32143.39,"Plan Rows": 237155,"Plan Width": 16,"Actual Startup Time": 0.012,"Actual Total Time": 139.631,"Actual Rows": 183072,"Actual Loops": 4,"Filter": "(o_orderdate < '1995-03-23'::date)","Rows Removed by Filter": 191928,"Workers": []},{"Node Type": "Hash","Parent Relationship": "Inner","Parallel Aware": true,"Async Capable": false,"Startup Cost": 4366.25,"Total Cost": 4366.25,"Plan Rows": 12502,"Plan Width": 4,"Actual Startup Time": 26.782,"Actual Total Time": 26.787,"Actual Rows": 7547,"Actual Loops": 4,"Hash Buckets": 32768,"Original Hash Buckets": 32768,"Hash Batches": 1,"Original Hash Batches": 1,"Peak Memory Usage": 1504,"Workers": [],"Plans": [{"Node Type": "Seq Scan","Parent Relationship": "Outer","Parallel Aware": true,"Async Capable": false,"Relation Name": "customer","Alias": "customer","Startup Cost": 0.00,"Total Cost": 4366.25,"Plan Rows": 12502,"Plan Width": 4,"Actual Startup Time": 0.035,"Actual Total Time": 22.966,"Actual Rows": 7547,"Actual Loops": 4,"Filter": "(c_mktsegment = 'HOUSEHOLD'::bpchar)","Rows Removed by Filter": 29953,"Workers": []}]}]},{"Node Type": "Index Scan","Parent Relationship": "Inner","Parallel Aware": false,"Async Capable": false,"Scan Direction": "Forward","Index Name": "idx_lineitem_orderkey","Relation Name": "lineitem","Alias": "lineitem","Startup Cost": 0.43,"Total Cost": 1.44,"Plan Rows": 9,"Plan Width": 16,"Actual Startup Time": 0.007,"Actual Total Time": 0.007,"Actual Rows": 0,"Actual Loops": 146135,"Index Cond": "(l_orderkey = orders.o_orderkey)","Rows Removed by Index Recheck": 0,"Filter": "(l_shipdate > '1995-03-23'::date)","Rows Removed by Filter": 4,"Workers": []}]}]}]}]},"Planning Time": 5.731,"Triggers": [],"Execution Time": 560.571}]
[{"Plan": {"Node Type": "Sort","Parallel Aware": false,"Async Capable": false,"Startup Cost": 177406.42,"Total Cost": 178184.55,"Plan Rows": 311252,"Plan Width": 44,"Actual Startup Time": 537.136,"Actual Total Time": 543.104,"Actual Rows": 11506,"Actual Loops": 1,"Sort Key": ["(sum((lineitem.l_extendedprice * ('1'::numeric - lineitem.l_discount)))) DESC", "orders.o_orderdate"],"Sort Method": "quicksort","Sort Space Used": 1104,"Sort Space Type": "Memory","Plans": [{"Node Type": "Aggregate","Strategy": "Hashed","Partial Mode": "Simple","Parent Relationship": "Outer","Parallel Aware": false,"Async Capable": false,"Startup Cost": 145117.57,"Total Cost": 149008.22,"Plan Rows": 311252,"Plan Width": 44,"Actual Startup Time": 509.899,"Actual Total Time": 534.326,"Actual Rows": 11506,"Actual Loops": 1,"Group Key": ["lineitem.l_orderkey", "orders.o_orderdate", "orders.o_shippriority"],"Planned Partitions": 0,"HashAgg Batches": 1,"Peak Memory Usage": 20497,"Disk Usage": 0,"Plans": [{"Node Type": "Gather","Parent Relationship": "Outer","Parallel Aware": false,"Async Capable": false,"Startup Cost": 5521.08,"Total Cost": 140448.79,"Plan Rows": 311252,"Plan Width": 24,"Actual Startup Time": 29.926,"Actual Total Time": 479.414,"Actual Rows": 30350,"Actual Loops": 1,"Workers Planned": 3,"Workers Launched": 3,"Single Copy": false,"Plans": [{"Node Type": "Nested Loop","Parent Relationship": "Outer","Parallel Aware": false,"Async Capable": false,"Join Type": "Inner","Startup Cost": 4521.08,"Total Cost": 108323.59,"Plan Rows": 100404,"Plan Width": 24,"Actual Startup Time": 23.437,"Actual Total Time": 492.442,"Actual Rows": 7588,"Actual Loops": 4,"Inner Unique": false,"Workers": [],"Plans": [{"Node Type": "Hash Join","Parent Relationship": "Outer","Parallel Aware": true,"Async Capable": false,"Join Type": "Inner","Startup Cost": 4520.65,"Total Cost": 37278.97,"Plan Rows": 46296,"Plan Width": 12,"Actual Startup Time": 23.041,"Actual Total Time": 210.470,"Actual Rows": 36014,"Actual Loops": 4,"Inner Unique": true,"Hash Cond": "(orders.o_custkey = customer.c_custkey)","Workers": [],"Plans": [{"Node Type": "Seq Scan","Parent Relationship": "Outer","Parallel Aware": true,"Async Capable": false,"Relation Name": "orders","Alias": "orders","Startup Cost": 0.00,"Total Cost": 32143.39,"Plan Rows": 234250,"Plan Width": 16,"Actual Startup Time": 0.011,"Actual Total Time": 141.656,"Actual Rows": 181030,"Actual Loops": 4,"Filter": "(o_orderdate < '1995-03-10'::date)","Rows Removed by Filter": 193970,"Workers": []},{"Node Type": "Hash","Parent Relationship": "Inner","Parallel Aware": true,"Async Capable": false,"Startup Cost": 4366.25,"Total Cost": 4366.25,"Plan Rows": 12352,"Plan Width": 4,"Actual Startup Time": 22.598,"Actual Total Time": 22.604,"Actual Rows": 7438,"Actual Loops": 4,"Hash Buckets": 32768,"Original Hash Buckets": 32768,"Hash Batches": 1,"Original Hash Batches": 1,"Peak Memory Usage": 1472,"Workers": [],"Plans": [{"Node Type": "Seq Scan","Parent Relationship": "Outer","Parallel Aware": true,"Async Capable": false,"Relation Name": "customer","Alias": "customer","Startup Cost": 0.00,"Total Cost": 4366.25,"Plan Rows": 12352,"Plan Width": 4,"Actual Startup Time": 0.050,"Actual Total Time": 19.535,"Actual Rows": 7438,"Actual Loops": 4,"Filter": "(c_mktsegment = 'AUTOMOBILE'::bpchar)","Rows Removed by Filter": 30062,"Workers": []}]}]},{"Node Type": "Index Scan","Parent Relationship": "Inner","Parallel Aware": false,"Async Capable": false,"Scan Direction": "Forward","Index Name": "idx_lineitem_orderkey","Relation Name": "lineitem","Alias": "lineitem","Startup Cost": 0.43,"Total Cost": 1.44,"Plan Rows": 9,"Plan Width": 16,"Actual Startup Time": 0.007,"Actual Total Time": 0.008,"Actual Rows": 0,"Actual Loops": 144054,"Index Cond": "(l_orderkey = orders.o_orderkey)","Rows Removed by Index Recheck": 0,"Filter": "(l_shipdate > '1995-03-10'::date)","Rows Removed by Filter": 4,"Workers": []}]}]}]}]},"Planning Time": 6.457,"Triggers": [],"Execution Time": 558.281}]
[{"Plan": {"Node Type": "Sort","Parallel Aware": false,"Async Capable": false,"Startup Cost": 182705.91,"Total Cost": 183510.46,"Plan Rows": 321821,"Plan Width": 44,"Actual Startup Time": 538.252,"Actual Total Time": 548.699,"Actual Rows": 11455,"Actual Loops": 1,"Sort Key": ["(sum((lineitem.l_extendedprice * ('1'::numeric - lineitem.l_discount)))) DESC", "orders.o_orderdate"],"Sort Method": "quicksort","Sort Space Used": 1100,"Sort Space Type": "Memory","Plans": [{"Node Type": "Aggregate","Strategy": "Hashed","Partial Mode": "Simple","Parent Relationship": "Outer","Parallel Aware": false,"Async Capable": false,"Startup Cost": 149243.12,"Total Cost": 153265.89,"Plan Rows": 321821,"Plan Width": 44,"Actual Startup Time": 515.793,"Actual Total Time": 539.031,"Actual Rows": 11455,"Actual Loops": 1,"Group Key": ["lineitem.l_orderkey", "orders.o_orderdate", "orders.o_shippriority"],"Planned Partitions": 0,"HashAgg Batches": 1,"Peak Memory Usage": 20497,"Disk Usage": 0,"Plans": [{"Node Type": "Gather","Parent Relationship": "Outer","Parallel Aware": false,"Async Capable": false,"Startup Cost": 5526.18,"Total Cost": 144415.81,"Plan Rows": 321821,"Plan Width": 24,"Actual Startup Time": 32.971,"Actual Total Time": 490.041,"Actual Rows": 30385,"Actual Loops": 1,"Workers Planned": 3,"Workers Launched": 3,"Single Copy": false,"Plans": [{"Node Type": "Nested Loop","Parent Relationship": "Outer","Parallel Aware": false,"Async Capable": false,"Join Type": "Inner","Startup Cost": 4526.18,"Total Cost": 111233.71,"Plan Rows": 103813,"Plan Width": 24,"Actual Startup Time": 26.134,"Actual Total Time": 498.478,"Actual Rows": 7596,"Actual Loops": 4,"Inner Unique": false,"Workers": [],"Plans": [{"Node Type": "Hash Join","Parent Relationship": "Outer","Parallel Aware": true,"Async Capable": false,"Join Type": "Inner","Startup Cost": 4525.75,"Total Cost": 37292.24,"Plan Rows": 48462,"Plan Width": 12,"Actual Startup Time": 25.945,"Actual Total Time": 218.063,"Actual Rows": 36569,"Actual Loops": 4,"Inner Unique": true,"Hash Cond": "(orders.o_custkey = customer.c_custkey)","Workers": [],"Plans": [{"Node Type": "Seq Scan","Parent Relationship": "Outer","Parallel Aware": true,"Async Capable": false,"Relation Name": "orders","Alias": "orders","Startup Cost": 0.00,"Total Cost": 32143.39,"Plan Rows": 237363,"Plan Width": 16,"Actual Startup Time": 0.013,"Actual Total Time": 140.098,"Actual Rows": 183220,"Actual Loops": 4,"Filter": "(o_orderdate < '1995-03-24'::date)","Rows Removed by Filter": 191780,"Workers": []},{"Node Type": "Hash","Parent Relationship": "Inner","Parallel Aware": true,"Async Capable": false,"Startup Cost": 4366.25,"Total Cost": 4366.25,"Plan Rows": 12760,"Plan Width": 4,"Actual Startup Time": 25.517,"Actual Total Time": 25.522,"Actual Rows": 7492,"Actual Loops": 4,"Hash Buckets": 32768,"Original Hash Buckets": 32768,"Hash Batches": 1,"Original Hash Batches": 1,"Peak Memory Usage": 1472,"Workers": [],"Plans": [{"Node Type": "Seq Scan","Parent Relationship": "Outer","Parallel Aware": true,"Async Capable": false,"Relation Name": "customer","Alias": "customer","Startup Cost": 0.00,"Total Cost": 4366.25,"Plan Rows": 12760,"Plan Width": 4,"Actual Startup Time": 0.042,"Actual Total Time": 21.606,"Actual Rows": 7492,"Actual Loops": 4,"Filter": "(c_mktsegment = 'FURNITURE'::bpchar)","Rows Removed by Filter": 30008,"Workers": []}]}]},{"Node Type": "Index Scan","Parent Relationship": "Inner","Parallel Aware": false,"Async Capable": false,"Scan Direction": "Forward","Index Name": "idx_lineitem_orderkey","Relation Name": "lineitem","Alias": "lineitem","Startup Cost": 0.43,"Total Cost": 1.44,"Plan Rows": 9,"Plan Width": 16,"Actual Startup Time": 0.007,"Actual Total Time": 0.007,"Actual Rows": 0,"Actual Loops": 146275,"Index Cond": "(l_orderkey = orders.o_orderkey)","Rows Removed by Index Recheck": 0,"Filter": "(l_shipdate > '1995-03-24'::date)","Rows Removed by Filter": 4,"Workers": []}]}]}]}]},"Planning Time": 6.196,"Triggers": [],"Execution Time": 561.386}]
[{"Plan": {"Node Type": "Sort","Parallel Aware": false,"Async Capable": false,"Startup Cost": 182705.91,"Total Cost": 183510.46,"Plan Rows": 321821,"Plan Width": 44,"Actual Startup Time": 538.252,"Actual Total Time": 548.699,"Actual Rows": 11455,"Actual Loops": 1,"Sort Key": ["(sum((lineitem.l_extendedprice * ('1'::numeric - lineitem.l_discount)))) DESC", "orders.o_orderdate"],"Sort Method": "quicksort","Sort Space Used": 1100,"Sort Space Type": "Memory","Plans": [{"Node Type": "Aggregate","Strategy": "Hashed","Partial Mode": "Simple","Parent Relationship": "Outer","Parallel Aware": false,"Async Capable": false,"Startup Cost": 149243.12,"Total Cost": 153265.89,"Plan Rows": 321821,"Plan Width": 44,"Actual Startup Time": 515.793,"Actual Total Time": 539.031,"Actual Rows": 11455,"Actual Loops": 1,"Group Key": ["lineitem.l_orderkey", "orders.o_orderdate", "orders.o_shippriority"],"Planned Partitions": 0,"HashAgg Batches": 1,"Peak Memory Usage": 20497,"Disk Usage": 0,"Plans": [{"Node Type": "Gather","Parent Relationship": "Outer","Parallel Aware": false,"Async Capable": false,"Startup Cost": 5526.18,"Total Cost": 144415.81,"Plan Rows": 321821,"Plan Width": 24,"Actual Startup Time": 32.971,"Actual Total Time": 490.041,"Actual Rows": 30385,"Actual Loops": 1,"Workers Planned": 3,"Workers Launched": 3,"Single Copy": false,"Plans": [{"Node Type": "Nested Loop","Parent Relationship": "Outer","Parallel Aware": false,"Async Capable": false,"Join Type": "Inner","Startup Cost": 4526.18,"Total Cost": 111233.71,"Plan Rows": 103813,"Plan Width": 24,"Actual Startup Time": 26.134,"Actual Total Time": 498.478,"Actual Rows": 7596,"Actual Loops": 4,"Inner Unique": false,"Workers": [],"Plans": [{"Node Type": "Hash Join","Parent Relationship": "Outer","Parallel Aware": true,"Async Capable": false,"Join Type": "Inner","Startup Cost": 4525.75,"Total Cost": 37292.24,"Plan Rows": 48462,"Plan Width": 12,"Actual Startup Time": 25.945,"Actual Total Time": 218.063,"Actual Rows": 36569,"Actual Loops": 4,"Inner Unique": true,"Hash Cond": "(orders.o_custkey = customer.c_custkey)","Workers": [],"Plans": [{"Node Type": "Seq Scan","Parent Relationship": "Outer","Parallel Aware": true,"Async Capable": false,"Relation Name": "orders","Alias": "orders","Startup Cost": 0.00,"Total Cost": 32143.39,"Plan Rows": 237363,"Plan Width": 16,"Actual Startup Time": 0.013,"Actual Total Time": 140.098,"Actual Rows": 183220,"Actual Loops": 4,"Filter": "(o_orderdate < '1995-03-24'::date)","Rows Removed by Filter": 191780,"Workers": []},{"Node Type": "Hash","Parent Relationship": "Inner","Parallel Aware": true,"Async Capable": false,"Startup Cost": 4366.25,"Total Cost": 4366.25,"Plan Rows": 12760,"Plan Width": 4,"Actual Startup Time": 25.517,"Actual Total Time": 25.522,"Actual Rows": 7492,"Actual Loops": 4,"Hash Buckets": 32768,"Original Hash Buckets": 32768,"Hash Batches": 1,"Original Hash Batches": 1,"Peak Memory Usage": 1472,"Workers": [],"Plans": [{"Node Type": "Seq Scan","Parent Relationship": "Outer","Parallel Aware": true,"Async Capable": false,"Relation Name": "customer","Alias": "customer","Startup Cost": 0.00,"Total Cost": 4366.25,"Plan Rows": 12760,"Plan Width": 4,"Actual Startup Time": 0.042,"Actual Total Time": 21.606,"Actual Rows": 7492,"Actual Loops": 4,"Filter": "(c_mktsegment = 'FURNITURE'::bpchar)","Rows Removed by Filter": 30008,"Workers": []}]}]},{"Node Type": "Index Scan","Parent Relationship": "Inner","Parallel Aware": false,"Async Capable": false,"Scan Direction": "Forward","Index Name": "idx_lineitem_orderkey","Relation Name": "lineitem","Alias": "lineitem","Startup Cost": 0.43,"Total Cost": 1.44,"Plan Rows": 9,"Plan Width": 16,"Actual Startup Time": 0.007,"Actual Total Time": 0.007,"Actual Rows": 0,"Actual Loops": 146275,"Index Cond": "(l_orderkey = orders.o_orderkey)","Rows Removed by Index Recheck": 0,"Filter": "(l_shipdate > '1995-03-24'::date)","Rows Removed by Filter": 4,"Workers": []}]}]}]}]},"Planning Time": 6.196,"Triggers": [],"Execution Time": 561.386}]
[{"Plan": {"Node Type": "Sort","Parallel Aware": false,"Async Capable": false,"Startup Cost": 177244.60,"Total Cost": 178023.14,"Plan Rows": 311417,"Plan Width": 44,"Actual Startup Time": 513.309,"Actual Total Time": 523.046,"Actual Rows": 11422,"Actual Loops": 1,"Sort Key": ["(sum((lineitem.l_extendedprice * ('1'::numeric - lineitem.l_discount)))) DESC", "orders.o_orderdate"],"Sort Method": "quicksort","Sort Space Used": 1098,"Sort Space Type": "Memory","Plans": [{"Node Type": "Aggregate","Strategy": "Hashed","Partial Mode": "Simple","Parent Relationship": "Outer","Parallel Aware": false,"Async Capable": false,"Startup Cost": 144937.44,"Total Cost": 148830.15,"Plan Rows": 311417,"Plan Width": 44,"Actual Startup Time": 490.992,"Actual Total Time": 514.974,"Actual Rows": 11422,"Actual Loops": 1,"Group Key": ["lineitem.l_orderkey", "orders.o_orderdate", "orders.o_shippriority"],"Planned Partitions": 0,"HashAgg Batches": 1,"Peak Memory Usage": 20497,"Disk Usage": 0,"Plans": [{"Node Type": "Gather","Parent Relationship": "Outer","Parallel Aware": false,"Async Capable": false,"Startup Cost": 5521.08,"Total Cost": 140266.19,"Plan Rows": 311417,"Plan Width": 24,"Actual Startup Time": 29.840,"Actual Total Time": 469.495,"Actual Rows": 30241,"Actual Loops": 1,"Workers Planned": 3,"Workers Launched": 3,"Single Copy": false,"Plans": [{"Node Type": "Nested Loop","Parent Relationship": "Outer","Parallel Aware": false,"Async Capable": false,"Join Type": "Inner","Startup Cost": 4521.08,"Total Cost": 108124.49,"Plan Rows": 100457,"Plan Width": 24,"Actual Startup Time": 23.026,"Actual Total Time": 474.520,"Actual Rows": 7560,"Actual Loops": 4,"Inner Unique": false,"Workers": [],"Plans": [{"Node Type": "Hash Join","Parent Relationship": "Outer","Parallel Aware": true,"Async Capable": false,"Join Type": "Inner","Startup Cost": 4520.65,"Total Cost": 37275.96,"Plan Rows": 46069,"Plan Width": 12,"Actual Startup Time": 22.598,"Actual Total Time": 203.221,"Actual Rows": 35816,"Actual Loops": 4,"Inner Unique": true,"Hash Cond": "(orders.o_custkey = customer.c_custkey)","Workers": [],"Plans": [{"Node Type": "Seq Scan","Parent Relationship": "Outer","Parallel Aware": true,"Async Capable": false,"Relation Name": "orders","Alias": "orders","Startup Cost": 0.00,"Total Cost": 32143.39,"Plan Rows": 233104,"Plan Width": 16,"Actual Startup Time": 0.011,"Actual Total Time": 135.926,"Actual Rows": 180099,"Actual Loops": 4,"Filter": "(o_orderdate < '1995-03-04'::date)","Rows Removed by Filter": 194901,"Workers": []},{"Node Type": "Hash","Parent Relationship": "Inner","Parallel Aware": true,"Async Capable": false,"Startup Cost": 4366.25,"Total Cost": 4366.25,"Plan Rows": 12352,"Plan Width": 4,"Actual Startup Time": 22.132,"Actual Total Time": 22.136,"Actual Rows": 7438,"Actual Loops": 4,"Hash Buckets": 32768,"Original Hash Buckets": 32768,"Hash Batches": 1,"Original Hash Batches": 1,"Peak Memory Usage": 1472,"Workers": [],"Plans": [{"Node Type": "Seq Scan","Parent Relationship": "Outer","Parallel Aware": true,"Async Capable": false,"Relation Name": "customer","Alias": "customer","Startup Cost": 0.00,"Total Cost": 4366.25,"Plan Rows": 12352,"Plan Width": 4,"Actual Startup Time": 0.028,"Actual Total Time": 19.170,"Actual Rows": 7438,"Actual Loops": 4,"Filter": "(c_mktsegment = 'AUTOMOBILE'::bpchar)","Rows Removed by Filter": 30062,"Workers": []}]}]},{"Node Type": "Index Scan","Parent Relationship": "Inner","Parallel Aware": false,"Async Capable": false,"Scan Direction": "Forward","Index Name": "idx_lineitem_orderkey","Relation Name": "lineitem","Alias": "lineitem","Startup Cost": 0.43,"Total Cost": 1.45,"Plan Rows": 9,"Plan Width": 16,"Actual Startup Time": 0.007,"Actual Total Time": 0.007,"Actual Rows": 0,"Actual Loops": 143266,"Index Cond": "(l_orderkey = orders.o_orderkey)","Rows Removed by Index Recheck": 0,"Filter": "(l_shipdate > '1995-03-04'::date)","Rows Removed by Filter": 4,"Workers": []}]}]}]}]},"Planning Time": 5.319,"Triggers": [],"Execution Time": 536.682}]
[{"Plan": {"Node Type": "Sort","Parallel Aware": false,"Async Capable": false,"Startup Cost": 179947.68,"Total Cost": 180735.91,"Plan Rows": 315293,"Plan Width": 44,"Actual Startup Time": 553.263,"Actual Total Time": 564.800,"Actual Rows": 11365,"Actual Loops": 1,"Sort Key": ["(sum((lineitem.l_extendedprice * ('1'::numeric - lineitem.l_discount)))) DESC", "orders.o_orderdate"],"Sort Method": "quicksort","Sort Space Used": 1095,"Sort Space Type": "Memory","Plans": [{"Node Type": "Aggregate","Strategy": "Hashed","Partial Mode": "Simple","Parent Relationship": "Outer","Parallel Aware": false,"Async Capable": false,"Startup Cost": 147210.28,"Total Cost": 151151.44,"Plan Rows": 315293,"Plan Width": 44,"Actual Startup Time": 530.818,"Actual Total Time": 556.690,"Actual Rows": 11365,"Actual Loops": 1,"Group Key": ["lineitem.l_orderkey", "orders.o_orderdate", "orders.o_shippriority"],"Planned Partitions": 0,"HashAgg Batches": 1,"Peak Memory Usage": 20497,"Disk Usage": 0,"Plans": [{"Node Type": "Gather","Parent Relationship": "Outer","Parallel Aware": false,"Async Capable": false,"Startup Cost": 5522.96,"Total Cost": 142480.88,"Plan Rows": 315293,"Plan Width": 24,"Actual Startup Time": 33.826,"Actual Total Time": 507.167,"Actual Rows": 30101,"Actual Loops": 1,"Workers Planned": 3,"Workers Launched": 3,"Single Copy": false,"Plans": [{"Node Type": "Nested Loop","Parent Relationship": "Outer","Parallel Aware": false,"Async Capable": false,"Join Type": "Inner","Startup Cost": 4522.96,"Total Cost": 109951.58,"Plan Rows": 101707,"Plan Width": 24,"Actual Startup Time": 26.836,"Actual Total Time": 513.105,"Actual Rows": 7525,"Actual Loops": 4,"Inner Unique": false,"Workers": [],"Plans": [{"Node Type": "Hash Join","Parent Relationship": "Outer","Parallel Aware": true,"Async Capable": false,"Join Type": "Inner","Startup Cost": 4522.52,"Total Cost": 37292.28,"Plan Rows": 47730,"Plan Width": 12,"Actual Startup Time": 26.698,"Actual Total Time": 226.247,"Actual Rows": 36752,"Actual Loops": 4,"Inner Unique": true,"Hash Cond": "(orders.o_custkey = customer.c_custkey)","Workers": [],"Plans": [{"Node Type": "Seq Scan","Parent Relationship": "Outer","Parallel Aware": true,"Async Capable": false,"Relation Name": "orders","Alias": "orders","Startup Cost": 0.00,"Total Cost": 32143.39,"Plan Rows": 238609,"Plan Width": 16,"Actual Startup Time": 0.015,"Actual Total Time": 145.218,"Actual Rows": 184142,"Actual Loops": 4,"Filter": "(o_orderdate < '1995-03-30'::date)","Rows Removed by Filter": 190858,"Workers": []},{"Node Type": "Hash","Parent Relationship": "Inner","Parallel Aware": true,"Async Capable": false,"Startup Cost": 4366.25,"Total Cost": 4366.25,"Plan Rows": 12502,"Plan Width": 4,"Actual Startup Time": 26.215,"Actual Total Time": 26.221,"Actual Rows": 7547,"Actual Loops": 4,"Hash Buckets": 32768,"Original Hash Buckets": 32768,"Hash Batches": 1,"Original Hash Batches": 1,"Peak Memory Usage": 1504,"Workers": [],"Plans": [{"Node Type": "Seq Scan","Parent Relationship": "Outer","Parallel Aware": true,"Async Capable": false,"Relation Name": "customer","Alias": "customer","Startup Cost": 0.00,"Total Cost": 4366.25,"Plan Rows": 12502,"Plan Width": 4,"Actual Startup Time": 0.040,"Actual Total Time": 22.262,"Actual Rows": 7547,"Actual Loops": 4,"Filter": "(c_mktsegment = 'HOUSEHOLD'::bpchar)","Rows Removed by Filter": 29953,"Workers": []}]}]},{"Node Type": "Index Scan","Parent Relationship": "Inner","Parallel Aware": false,"Async Capable": false,"Scan Direction": "Forward","Index Name": "idx_lineitem_orderkey","Relation Name": "lineitem","Alias": "lineitem","Startup Cost": 0.43,"Total Cost": 1.43,"Plan Rows": 9,"Plan Width": 16,"Actual Startup Time": 0.007,"Actual Total Time": 0.008,"Actual Rows": 0,"Actual Loops": 147007,"Index Cond": "(l_orderkey = orders.o_orderkey)","Rows Removed by Index Recheck": 0,"Filter": "(l_shipdate > '1995-03-30'::date)","Rows Removed by Filter": 4,"Workers": []}]}]}]}]},"Planning Time": 5.286,"Triggers": [],"Execution Time": 577.568}]
[{"Plan": {"Node Type": "Sort","Parallel Aware": false,"Async Capable": false,"Startup Cost": 179671.46,"Total Cost": 180459.20,"Plan Rows": 315094,"Plan Width": 44,"Actual Startup Time": 538.967,"Actual Total Time": 547.458,"Actual Rows": 11229,"Actual Loops": 1,"Sort Key": ["(sum((lineitem.l_extendedprice * ('1'::numeric - lineitem.l_discount)))) DESC", "orders.o_orderdate"],"Sort Method": "quicksort","Sort Space Used": 1086,"Sort Space Type": "Memory","Plans": [{"Node Type": "Aggregate","Strategy": "Hashed","Partial Mode": "Simple","Parent Relationship": "Outer","Parallel Aware": false,"Async Capable": false,"Startup Cost": 146956.16,"Total Cost": 150894.84,"Plan Rows": 315094,"Plan Width": 44,"Actual Startup Time": 516.888,"Actual Total Time": 541.823,"Actual Rows": 11229,"Actual Loops": 1,"Group Key": ["lineitem.l_orderkey", "orders.o_orderdate", "orders.o_shippriority"],"Planned Partitions": 0,"HashAgg Batches": 1,"Peak Memory Usage": 20497,"Disk Usage": 0,"Plans": [{"Node Type": "Gather","Parent Relationship": "Outer","Parallel Aware": false,"Async Capable": false,"Startup Cost": 5522.86,"Total Cost": 142229.75,"Plan Rows": 315094,"Plan Width": 24,"Actual Startup Time": 32.109,"Actual Total Time": 496.690,"Actual Rows": 29649,"Actual Loops": 1,"Workers Planned": 3,"Workers Launched": 3,"Single Copy": false,"Plans": [{"Node Type": "Nested Loop","Parent Relationship": "Outer","Parallel Aware": false,"Async Capable": false,"Join Type": "Inner","Startup Cost": 4522.86,"Total Cost": 109720.35,"Plan Rows": 101643,"Plan Width": 24,"Actual Startup Time": 24.966,"Actual Total Time": 500.149,"Actual Rows": 7412,"Actual Loops": 4,"Inner Unique": false,"Workers": [],"Plans": [{"Node Type": "Hash Join","Parent Relationship": "Outer","Parallel Aware": true,"Async Capable": false,"Join Type": "Inner","Startup Cost": 4522.43,"Total Cost": 37289.46,"Plan Rows": 47490,"Plan Width": 12,"Actual Startup Time": 24.649,"Actual Total Time": 214.572,"Actual Rows": 36612,"Actual Loops": 4,"Inner Unique": true,"Hash Cond": "(orders.o_custkey = customer.c_custkey)","Workers": [],"Plans": [{"Node Type": "Seq Scan","Parent Relationship": "Outer","Parallel Aware": true,"Async Capable": false,"Relation Name": "orders","Alias": "orders","Startup Cost": 0.00,"Total Cost": 32143.39,"Plan Rows": 237570,"Plan Width": 16,"Actual Startup Time": 0.014,"Actual Total Time": 143.665,"Actual Rows": 183364,"Actual Loops": 4,"Filter": "(o_orderdate < '1995-03-25'::date)","Rows Removed by Filter": 191636,"Workers": []},{"Node Type": "Hash","Parent Relationship": "Inner","Parallel Aware": true,"Async Capable": false,"Startup Cost": 4366.25,"Total Cost": 4366.25,"Plan Rows": 12494,"Plan Width": 4,"Actual Startup Time": 24.245,"Actual Total Time": 24.248,"Actual Rows": 7487,"Actual Loops": 4,"Hash Buckets": 32768,"Original Hash Buckets": 32768,"Hash Batches": 1,"Original Hash Batches": 1,"Peak Memory Usage": 1504,"Workers": [],"Plans": [{"Node Type": "Seq Scan","Parent Relationship": "Outer","Parallel Aware": true,"Async Capable": false,"Relation Name": "customer","Alias": "customer","Startup Cost": 0.00,"Total Cost": 4366.25,"Plan Rows": 12494,"Plan Width": 4,"Actual Startup Time": 0.027,"Actual Total Time": 20.852,"Actual Rows": 7487,"Actual Loops": 4,"Filter": "(c_mktsegment = 'MACHINERY'::bpchar)","Rows Removed by Filter": 30013,"Workers": []}]}]},{"Node Type": "Index Scan","Parent Relationship": "Inner","Parallel Aware": false,"Async Capable": false,"Scan Direction": "Forward","Index Name": "idx_lineitem_orderkey","Relation Name": "lineitem","Alias": "lineitem","Startup Cost": 0.43,"Total Cost": 1.44,"Plan Rows": 9,"Plan Width": 16,"Actual Startup Time": 0.007,"Actual Total Time": 0.008,"Actual Rows": 0,"Actual Loops": 146446,"Index Cond": "(l_orderkey = orders.o_orderkey)","Rows Removed by Index Recheck": 0,"Filter": "(l_shipdate > '1995-03-25'::date)","Rows Removed by Filter": 4,"Workers": []}]}]}]}]},"Planning Time": 5.887,"Triggers": [],"Execution Time": 562.393}]
[{"Plan": {"Node Type": "Sort","Parallel Aware": false,"Async Capable": false,"Startup Cost": 179671.46,"Total Cost": 180459.20,"Plan Rows": 315094,"Plan Width": 44,"Actual Startup Time": 538.967,"Actual Total Time": 547.458,"Actual Rows": 11229,"Actual Loops": 1,"Sort Key": ["(sum((lineitem.l_extendedprice * ('1'::numeric - lineitem.l_discount)))) DESC", "orders.o_orderdate"],"Sort Method": "quicksort","Sort Space Used": 1086,"Sort Space Type": "Memory","Plans": [{"Node Type": "Aggregate","Strategy": "Hashed","Partial Mode": "Simple","Parent Relationship": "Outer","Parallel Aware": false,"Async Capable": false,"Startup Cost": 146956.16,"Total Cost": 150894.84,"Plan Rows": 315094,"Plan Width": 44,"Actual Startup Time": 516.888,"Actual Total Time": 541.823,"Actual Rows": 11229,"Actual Loops": 1,"Group Key": ["lineitem.l_orderkey", "orders.o_orderdate", "orders.o_shippriority"],"Planned Partitions": 0,"HashAgg Batches": 1,"Peak Memory Usage": 20497,"Disk Usage": 0,"Plans": [{"Node Type": "Gather","Parent Relationship": "Outer","Parallel Aware": false,"Async Capable": false,"Startup Cost": 5522.86,"Total Cost": 142229.75,"Plan Rows": 315094,"Plan Width": 24,"Actual Startup Time": 32.109,"Actual Total Time": 496.690,"Actual Rows": 29649,"Actual Loops": 1,"Workers Planned": 3,"Workers Launched": 3,"Single Copy": false,"Plans": [{"Node Type": "Nested Loop","Parent Relationship": "Outer","Parallel Aware": false,"Async Capable": false,"Join Type": "Inner","Startup Cost": 4522.86,"Total Cost": 109720.35,"Plan Rows": 101643,"Plan Width": 24,"Actual Startup Time": 24.966,"Actual Total Time": 500.149,"Actual Rows": 7412,"Actual Loops": 4,"Inner Unique": false,"Workers": [],"Plans": [{"Node Type": "Hash Join","Parent Relationship": "Outer","Parallel Aware": true,"Async Capable": false,"Join Type": "Inner","Startup Cost": 4522.43,"Total Cost": 37289.46,"Plan Rows": 47490,"Plan Width": 12,"Actual Startup Time": 24.649,"Actual Total Time": 214.572,"Actual Rows": 36612,"Actual Loops": 4,"Inner Unique": true,"Hash Cond": "(orders.o_custkey = customer.c_custkey)","Workers": [],"Plans": [{"Node Type": "Seq Scan","Parent Relationship": "Outer","Parallel Aware": true,"Async Capable": false,"Relation Name": "orders","Alias": "orders","Startup Cost": 0.00,"Total Cost": 32143.39,"Plan Rows": 237570,"Plan Width": 16,"Actual Startup Time": 0.014,"Actual Total Time": 143.665,"Actual Rows": 183364,"Actual Loops": 4,"Filter": "(o_orderdate < '1995-03-25'::date)","Rows Removed by Filter": 191636,"Workers": []},{"Node Type": "Hash","Parent Relationship": "Inner","Parallel Aware": true,"Async Capable": false,"Startup Cost": 4366.25,"Total Cost": 4366.25,"Plan Rows": 12494,"Plan Width": 4,"Actual Startup Time": 24.245,"Actual Total Time": 24.248,"Actual Rows": 7487,"Actual Loops": 4,"Hash Buckets": 32768,"Original Hash Buckets": 32768,"Hash Batches": 1,"Original Hash Batches": 1,"Peak Memory Usage": 1504,"Workers": [],"Plans": [{"Node Type": "Seq Scan","Parent Relationship": "Outer","Parallel Aware": true,"Async Capable": false,"Relation Name": "customer","Alias": "customer","Startup Cost": 0.00,"Total Cost": 4366.25,"Plan Rows": 12494,"Plan Width": 4,"Actual Startup Time": 0.027,"Actual Total Time": 20.852,"Actual Rows": 7487,"Actual Loops": 4,"Filter": "(c_mktsegment = 'MACHINERY'::bpchar)","Rows Removed by Filter": 30013,"Workers": []}]}]},{"Node Type": "Index Scan","Parent Relationship": "Inner","Parallel Aware": false,"Async Capable": false,"Scan Direction": "Forward","Index Name": "idx_lineitem_orderkey","Relation Name": "lineitem","Alias": "lineitem","Startup Cost": 0.43,"Total Cost": 1.44,"Plan Rows": 9,"Plan Width": 16,"Actual Startup Time": 0.007,"Actual Total Time": 0.008,"Actual Rows": 0,"Actual Loops": 146446,"Index Cond": "(l_orderkey = orders.o_orderkey)","Rows Removed by Index Recheck": 0,"Filter": "(l_shipdate > '1995-03-25'::date)","Rows Removed by Filter": 4,"Workers": []}]}]}]}]},"Planning Time": 5.887,"Triggers": [],"Execution Time": 562.393}]
[{"Plan": {"Node Type": "Sort","Parallel Aware": false,"Async Capable": false,"Startup Cost": 177886.13,"Total Cost": 178666.68,"Plan Rows": 312220,"Plan Width": 44,"Actual Startup Time": 554.511,"Actual Total Time": 560.793,"Actual Rows": 11613,"Actual Loops": 1,"Sort Key": ["(sum((lineitem.l_extendedprice * ('1'::numeric - lineitem.l_discount)))) DESC", "orders.o_orderdate"],"Sort Method": "quicksort","Sort Space Used": 1110,"Sort Space Type": "Memory","Plans": [{"Node Type": "Aggregate","Strategy": "Hashed","Partial Mode": "Simple","Parent Relationship": "Outer","Parallel Aware": false,"Async Capable": false,"Startup Cost": 145489.86,"Total Cost": 149392.61,"Plan Rows": 312220,"Plan Width": 44,"Actual Startup Time": 531.274,"Actual Total Time": 554.443,"Actual Rows": 11613,"Actual Loops": 1,"Group Key": ["lineitem.l_orderkey", "orders.o_orderdate", "orders.o_shippriority"],"Planned Partitions": 0,"HashAgg Batches": 1,"Peak Memory Usage": 20497,"Disk Usage": 0,"Plans": [{"Node Type": "Gather","Parent Relationship": "Outer","Parallel Aware": false,"Async Capable": false,"Startup Cost": 5521.58,"Total Cost": 140806.56,"Plan Rows": 312220,"Plan Width": 24,"Actual Startup Time": 33.271,"Actual Total Time": 507.351,"Actual Rows": 30511,"Actual Loops": 1,"Workers Planned": 3,"Workers Launched": 3,"Single Copy": false,"Plans": [{"Node Type": "Nested Loop","Parent Relationship": "Outer","Parallel Aware": false,"Async Capable": false,"Join Type": "Inner","Startup Cost": 4521.58,"Total Cost": 108584.56,"Plan Rows": 100716,"Plan Width": 24,"Actual Startup Time": 25.774,"Actual Total Time": 514.061,"Actual Rows": 7628,"Actual Loops": 4,"Inner Unique": false,"Workers": [],"Plans": [{"Node Type": "Hash Join","Parent Relationship": "Outer","Parallel Aware": true,"Async Capable": false,"Join Type": "Inner","Startup Cost": 4521.15,"Total Cost": 37279.97,"Plan Rows": 46482,"Plan Width": 12,"Actual Startup Time": 25.558,"Actual Total Time": 224.378,"Actual Rows": 36646,"Actual Loops": 4,"Inner Unique": true,"Hash Cond": "(orders.o_custkey = customer.c_custkey)","Workers": [],"Plans": [{"Node Type": "Seq Scan","Parent Relationship": "Outer","Parallel Aware": true,"Async Capable": false,"Relation Name": "orders","Alias": "orders","Startup Cost": 0.00,"Total Cost": 32143.39,"Plan Rows": 234441,"Plan Width": 16,"Actual Startup Time": 0.013,"Actual Total Time": 149.022,"Actual Rows": 181190,"Actual Loops": 4,"Filter": "(o_orderdate < '1995-03-11'::date)","Rows Removed by Filter": 193810,"Workers": []},{"Node Type": "Hash","Parent Relationship": "Inner","Parallel Aware": true,"Async Capable": false,"Startup Cost": 4366.25,"Total Cost": 4366.25,"Plan Rows": 12392,"Plan Width": 4,"Actual Startup Time": 25.044,"Actual Total Time": 25.048,"Actual Rows": 7536,"Actual Loops": 4,"Hash Buckets": 32768,"Original Hash Buckets": 32768,"Hash Batches": 1,"Original Hash Batches": 1,"Peak Memory Usage": 1504,"Workers": [],"Plans": [{"Node Type": "Seq Scan","Parent Relationship": "Outer","Parallel Aware": true,"Async Capable": false,"Relation Name": "customer","Alias": "customer","Startup Cost": 0.00,"Total Cost": 4366.25,"Plan Rows": 12392,"Plan Width": 4,"Actual Startup Time": 0.039,"Actual Total Time": 21.679,"Actual Rows": 7536,"Actual Loops": 4,"Filter": "(c_mktsegment = 'BUILDING'::bpchar)","Rows Removed by Filter": 29964,"Workers": []}]}]},{"Node Type": "Index Scan","Parent Relationship": "Inner","Parallel Aware": false,"Async Capable": false,"Scan Direction": "Forward","Index Name": "idx_lineitem_orderkey","Relation Name": "lineitem","Alias": "lineitem","Startup Cost": 0.43,"Total Cost": 1.44,"Plan Rows": 9,"Plan Width": 16,"Actual Startup Time": 0.008,"Actual Total Time": 0.008,"Actual Rows": 0,"Actual Loops": 146583,"Index Cond": "(l_orderkey = orders.o_orderkey)","Rows Removed by Index Recheck": 0,"Filter": "(l_shipdate > '1995-03-11'::date)","Rows Removed by Filter": 4,"Workers": []}]}]}]}]},"Planning Time": 5.568,"Triggers": [],"Execution Time": 574.242}]
[{"Plan": {"Node Type": "Sort","Parallel Aware": false,"Async Capable": false,"Startup Cost": 179780.09,"Total Cost": 180567.81,"Plan Rows": 315089,"Plan Width": 44,"Actual Startup Time": 548.603,"Actual Total Time": 563.596,"Actual Rows": 11270,"Actual Loops": 1,"Sort Key": ["(sum((lineitem.l_extendedprice * ('1'::numeric - lineitem.l_discount)))) DESC", "orders.o_orderdate"],"Sort Method": "quicksort","Sort Space Used": 1089,"Sort Space Type": "Memory","Plans": [{"Node Type": "Aggregate","Strategy": "Hashed","Partial Mode": "Simple","Parent Relationship": "Outer","Parallel Aware": false,"Async Capable": false,"Startup Cost": 147065.34,"Total Cost": 151003.95,"Plan Rows": 315089,"Plan Width": 44,"Actual Startup Time": 520.637,"Actual Total Time": 554.089,"Actual Rows": 11270,"Actual Loops": 1,"Group Key": ["lineitem.l_orderkey", "orders.o_orderdate", "orders.o_shippriority"],"Planned Partitions": 0,"HashAgg Batches": 1,"Peak Memory Usage": 20497,"Disk Usage": 0,"Plans": [{"Node Type": "Gather","Parent Relationship": "Outer","Parallel Aware": false,"Async Capable": false,"Startup Cost": 5522.86,"Total Cost": 142339.01,"Plan Rows": 315089,"Plan Width": 24,"Actual Startup Time": 33.470,"Actual Total Time": 497.888,"Actual Rows": 29828,"Actual Loops": 1,"Workers Planned": 3,"Workers Launched": 3,"Single Copy": false,"Plans": [{"Node Type": "Nested Loop","Parent Relationship": "Outer","Parallel Aware": false,"Async Capable": false,"Join Type": "Inner","Startup Cost": 4522.86,"Total Cost": 109830.11,"Plan Rows": 101642,"Plan Width": 24,"Actual Startup Time": 26.246,"Actual Total Time": 502.185,"Actual Rows": 7457,"Actual Loops": 4,"Inner Unique": false,"Workers": [],"Plans": [{"Node Type": "Hash Join","Parent Relationship": "Outer","Parallel Aware": true,"Async Capable": false,"Join Type": "Inner","Startup Cost": 4522.43,"Total Cost": 37291.09,"Plan Rows": 47615,"Plan Width": 12,"Actual Startup Time": 25.895,"Actual Total Time": 219.307,"Actual Rows": 36710,"Actual Loops": 4,"Inner Unique": true,"Hash Cond": "(orders.o_custkey = customer.c_custkey)","Workers": [],"Plans": [{"Node Type": "Seq Scan","Parent Relationship": "Outer","Parallel Aware": true,"Async Capable": false,"Relation Name": "orders","Alias": "orders","Startup Cost": 0.00,"Total Cost": 32143.39,"Plan Rows": 238193,"Plan Width": 16,"Actual Startup Time": 0.016,"Actual Total Time": 140.614,"Actual Rows": 183845,"Actual Loops": 4,"Filter": "(o_orderdate < '1995-03-28'::date)","Rows Removed by Filter": 191155,"Workers": []},{"Node Type": "Hash","Parent Relationship": "Inner","Parallel Aware": true,"Async Capable": false,"Startup Cost": 4366.25,"Total Cost": 4366.25,"Plan Rows": 12494,"Plan Width": 4,"Actual Startup Time": 25.410,"Actual Total Time": 25.416,"Actual Rows": 7487,"Actual Loops": 4,"Hash Buckets": 32768,"Original Hash Buckets": 32768,"Hash Batches": 1,"Original Hash Batches": 1,"Peak Memory Usage": 1472,"Workers": [],"Plans": [{"Node Type": "Seq Scan","Parent Relationship": "Outer","Parallel Aware": true,"Async Capable": false,"Relation Name": "customer","Alias": "customer","Startup Cost": 0.00,"Total Cost": 4366.25,"Plan Rows": 12494,"Plan Width": 4,"Actual Startup Time": 0.039,"Actual Total Time": 21.632,"Actual Rows": 7487,"Actual Loops": 4,"Filter": "(c_mktsegment = 'MACHINERY'::bpchar)","Rows Removed by Filter": 30013,"Workers": []}]}]},{"Node Type": "Index Scan","Parent Relationship": "Inner","Parallel Aware": false,"Async Capable": false,"Scan Direction": "Forward","Index Name": "idx_lineitem_orderkey","Relation Name": "lineitem","Alias": "lineitem","Startup Cost": 0.43,"Total Cost": 1.43,"Plan Rows": 9,"Plan Width": 16,"Actual Startup Time": 0.007,"Actual Total Time": 0.007,"Actual Rows": 0,"Actual Loops": 146838,"Index Cond": "(l_orderkey = orders.o_orderkey)","Rows Removed by Index Recheck": 0,"Filter": "(l_shipdate > '1995-03-28'::date)","Rows Removed by Filter": 4,"Workers": []}]}]}]}]},"Planning Time": 6.528,"Triggers": [],"Execution Time": 577.809}]
[{"Plan": {"Node Type": "Sort","Parallel Aware": false,"Async Capable": false,"Startup Cost": 178948.08,"Total Cost": 179735.35,"Plan Rows": 314907,"Plan Width": 44,"Actual Startup Time": 512.314,"Actual Total Time": 524.339,"Actual Rows": 11354,"Actual Loops": 1,"Sort Key": ["(sum((lineitem.l_extendedprice * ('1'::numeric - lineitem.l_discount)))) DESC", "orders.o_orderdate"],"Sort Method": "quicksort","Sort Space Used": 1094,"Sort Space Type": "Memory","Plans": [{"Node Type": "Aggregate","Strategy": "Hashed","Partial Mode": "Simple","Parent Relationship": "Outer","Parallel Aware": false,"Async Capable": false,"Startup Cost": 146253.55,"Total Cost": 150189.88,"Plan Rows": 314907,"Plan Width": 44,"Actual Startup Time": 490.864,"Actual Total Time": 516.787,"Actual Rows": 11354,"Actual Loops": 1,"Group Key": ["lineitem.l_orderkey", "orders.o_orderdate", "orders.o_shippriority"],"Planned Partitions": 0,"HashAgg Batches": 1,"Peak Memory Usage": 20497,"Disk Usage": 0,"Plans": [{"Node Type": "Gather","Parent Relationship": "Outer","Parallel Aware": false,"Async Capable": false,"Startup Cost": 5522.86,"Total Cost": 141529.94,"Plan Rows": 314907,"Plan Width": 24,"Actual Startup Time": 30.433,"Actual Total Time": 472.606,"Actual Rows": 29934,"Actual Loops": 1,"Workers Planned": 3,"Workers Launched": 3,"Single Copy": false,"Plans": [{"Node Type": "Nested Loop","Parent Relationship": "Outer","Parallel Aware": false,"Async Capable": false,"Join Type": "Inner","Startup Cost": 4522.86,"Total Cost": 109039.24,"Plan Rows": 101583,"Plan Width": 24,"Actual Startup Time": 23.062,"Actual Total Time": 474.378,"Actual Rows": 7484,"Actual Loops": 4,"Inner Unique": false,"Workers": [],"Plans": [{"Node Type": "Hash Join","Parent Relationship": "Outer","Parallel Aware": true,"Async Capable": false,"Join Type": "Inner","Startup Cost": 4522.43,"Total Cost": 37279.24,"Plan Rows": 46712,"Plan Width": 12,"Actual Startup Time": 22.835,"Actual Total Time": 202.992,"Actual Rows": 36066,"Actual Loops": 4,"Inner Unique": true,"Hash Cond": "(orders.o_custkey = customer.c_custkey)","Workers": [],"Plans": [{"Node Type": "Seq Scan","Parent Relationship": "Outer","Parallel Aware": true,"Async Capable": false,"Relation Name": "orders","Alias": "orders","Startup Cost": 0.00,"Total Cost": 32143.39,"Plan Rows": 233677,"Plan Width": 16,"Actual Startup Time": 0.010,"Actual Total Time": 134.790,"Actual Rows": 180569,"Actual Loops": 4,"Filter": "(o_orderdate < '1995-03-07'::date)","Rows Removed by Filter": 194431,"Workers": []},{"Node Type": "Hash","Parent Relationship": "Inner","Parallel Aware": true,"Async Capable": false,"Startup Cost": 4366.25,"Total Cost": 4366.25,"Plan Rows": 12494,"Plan Width": 4,"Actual Startup Time": 22.392,"Actual Total Time": 22.397,"Actual Rows": 7487,"Actual Loops": 4,"Hash Buckets": 32768,"Original Hash Buckets": 32768,"Hash Batches": 1,"Original Hash Batches": 1,"Peak Memory Usage": 1472,"Workers": [],"Plans": [{"Node Type": "Seq Scan","Parent Relationship": "Outer","Parallel Aware": true,"Async Capable": false,"Relation Name": "customer","Alias": "customer","Startup Cost": 0.00,"Total Cost": 4366.25,"Plan Rows": 12494,"Plan Width": 4,"Actual Startup Time": 0.045,"Actual Total Time": 19.384,"Actual Rows": 7487,"Actual Loops": 4,"Filter": "(c_mktsegment = 'MACHINERY'::bpchar)","Rows Removed by Filter": 30013,"Workers": []}]}]},{"Node Type": "Index Scan","Parent Relationship": "Inner","Parallel Aware": false,"Async Capable": false,"Scan Direction": "Forward","Index Name": "idx_lineitem_orderkey","Relation Name": "lineitem","Alias": "lineitem","Startup Cost": 0.43,"Total Cost": 1.45,"Plan Rows": 9,"Plan Width": 16,"Actual Startup Time": 0.007,"Actual Total Time": 0.007,"Actual Rows": 0,"Actual Loops": 144264,"Index Cond": "(l_orderkey = orders.o_orderkey)","Rows Removed by Index Recheck": 0,"Filter": "(l_shipdate > '1995-03-07'::date)","Rows Removed by Filter": 4,"Workers": []}]}]}]}]},"Planning Time": 6.225,"Triggers": [],"Execution Time": 538.917}]
[{"Plan": {"Node Type": "Sort","Parallel Aware": false,"Async Capable": false,"Startup Cost": 179071.84,"Total Cost": 179859.56,"Plan Rows": 315090,"Plan Width": 44,"Actual Startup Time": 540.870,"Actual Total Time": 551.478,"Actual Rows": 11417,"Actual Loops": 1,"Sort Key": ["(sum((lineitem.l_extendedprice * ('1'::numeric - lineitem.l_discount)))) DESC", "orders.o_orderdate"],"Sort Method": "quicksort","Sort Space Used": 1098,"Sort Space Type": "Memory","Plans": [{"Node Type": "Aggregate","Strategy": "Hashed","Partial Mode": "Simple","Parent Relationship": "Outer","Parallel Aware": false,"Async Capable": false,"Startup Cost": 146356.98,"Total Cost": 150295.61,"Plan Rows": 315090,"Plan Width": 44,"Actual Startup Time": 519.120,"Actual Total Time": 542.435,"Actual Rows": 11417,"Actual Loops": 1,"Group Key": ["lineitem.l_orderkey", "orders.o_orderdate", "orders.o_shippriority"],"Planned Partitions": 0,"HashAgg Batches": 1,"Peak Memory Usage": 20497,"Disk Usage": 0,"Plans": [{"Node Type": "Gather","Parent Relationship": "Outer","Parallel Aware": false,"Async Capable": false,"Startup Cost": 5522.96,"Total Cost": 141630.63,"Plan Rows": 315090,"Plan Width": 24,"Actual Startup Time": 32.697,"Actual Total Time": 493.968,"Actual Rows": 30308,"Actual Loops": 1,"Workers Planned": 3,"Workers Launched": 3,"Single Copy": false,"Plans": [{"Node Type": "Nested Loop","Parent Relationship": "Outer","Parallel Aware": false,"Async Capable": false,"Join Type": "Inner","Startup Cost": 4522.96,"Total Cost": 109121.63,"Plan Rows": 101642,"Plan Width": 24,"Actual Startup Time": 25.698,"Actual Total Time": 501.618,"Actual Rows": 7577,"Actual Loops": 4,"Inner Unique": false,"Workers": [],"Plans": [{"Node Type": "Hash Join","Parent Relationship": "Outer","Parallel Aware": true,"Async Capable": false,"Join Type": "Inner","Startup Cost": 4522.52,"Total Cost": 37279.84,"Plan Rows": 46782,"Plan Width": 12,"Actual Startup Time": 25.569,"Actual Total Time": 219.875,"Actual Rows": 36063,"Actual Loops": 4,"Inner Unique": true,"Hash Cond": "(orders.o_custkey = customer.c_custkey)","Workers": [],"Plans": [{"Node Type": "Seq Scan","Parent Relationship": "Outer","Parallel Aware": true,"Async Capable": false,"Relation Name": "orders","Alias": "orders","Startup Cost": 0.00,"Total Cost": 32143.39,"Plan Rows": 233868,"Plan Width": 16,"Actual Startup Time": 0.013,"Actual Total Time": 142.359,"Actual Rows": 180728,"Actual Loops": 4,"Filter": "(o_orderdate < '1995-03-08'::date)","Rows Removed by Filter": 194272,"Workers": []},{"Node Type": "Hash","Parent Relationship": "Inner","Parallel Aware": true,"Async Capable": false,"Startup Cost": 4366.25,"Total Cost": 4366.25,"Plan Rows": 12502,"Plan Width": 4,"Actual Startup Time": 25.061,"Actual Total Time": 25.066,"Actual Rows": 7547,"Actual Loops": 4,"Hash Buckets": 32768,"Original Hash Buckets": 32768,"Hash Batches": 1,"Original Hash Batches": 1,"Peak Memory Usage": 1472,"Workers": [],"Plans": [{"Node Type": "Seq Scan","Parent Relationship": "Outer","Parallel Aware": true,"Async Capable": false,"Relation Name": "customer","Alias": "customer","Startup Cost": 0.00,"Total Cost": 4366.25,"Plan Rows": 12502,"Plan Width": 4,"Actual Startup Time": 0.053,"Actual Total Time": 21.158,"Actual Rows": 7547,"Actual Loops": 4,"Filter": "(c_mktsegment = 'HOUSEHOLD'::bpchar)","Rows Removed by Filter": 29953,"Workers": []}]}]},{"Node Type": "Index Scan","Parent Relationship": "Inner","Parallel Aware": false,"Async Capable": false,"Scan Direction": "Forward","Index Name": "idx_lineitem_orderkey","Relation Name": "lineitem","Alias": "lineitem","Startup Cost": 0.43,"Total Cost": 1.45,"Plan Rows": 9,"Plan Width": 16,"Actual Startup Time": 0.007,"Actual Total Time": 0.008,"Actual Rows": 0,"Actual Loops": 144252,"Index Cond": "(l_orderkey = orders.o_orderkey)","Rows Removed by Index Recheck": 0,"Filter": "(l_shipdate > '1995-03-08'::date)","Rows Removed by Filter": 4,"Workers": []}]}]}]}]},"Planning Time": 5.823,"Triggers": [],"Execution Time": 563.886}]
[{"Plan": {"Node Type": "Sort","Parallel Aware": false,"Async Capable": false,"Startup Cost": 182030.53,"Total Cost": 182834.53,"Plan Rows": 321600,"Plan Width": 44,"Actual Startup Time": 529.958,"Actual Total Time": 540.090,"Actual Rows": 11408,"Actual Loops": 1,"Sort Key": ["(sum((lineitem.l_extendedprice * ('1'::numeric - lineitem.l_discount)))) DESC", "orders.o_orderdate"],"Sort Method": "quicksort","Sort Space Used": 1098,"Sort Space Type": "Memory","Plans": [{"Node Type": "Aggregate","Strategy": "Hashed","Partial Mode": "Simple","Parent Relationship": "Outer","Parallel Aware": false,"Async Capable": false,"Startup Cost": 148592.31,"Total Cost": 152612.31,"Plan Rows": 321600,"Plan Width": 44,"Actual Startup Time": 507.268,"Actual Total Time": 531.793,"Actual Rows": 11408,"Actual Loops": 1,"Group Key": ["lineitem.l_orderkey", "orders.o_orderdate", "orders.o_shippriority"],"Planned Partitions": 0,"HashAgg Batches": 1,"Peak Memory Usage": 20497,"Disk Usage": 0,"Plans": [{"Node Type": "Gather","Parent Relationship": "Outer","Parallel Aware": false,"Async Capable": false,"Startup Cost": 5526.18,"Total Cost": 143768.31,"Plan Rows": 321600,"Plan Width": 24,"Actual Startup Time": 34.758,"Actual Total Time": 485.992,"Actual Rows": 30237,"Actual Loops": 1,"Workers Planned": 3,"Workers Launched": 3,"Single Copy": false,"Plans": [{"Node Type": "Nested Loop","Parent Relationship": "Outer","Parallel Aware": false,"Async Capable": false,"Join Type": "Inner","Startup Cost": 4526.18,"Total Cost": 110608.31,"Plan Rows": 103742,"Plan Width": 24,"Actual Startup Time": 27.442,"Actual Total Time": 490.403,"Actual Rows": 7559,"Actual Loops": 4,"Inner Unique": false,"Workers": [],"Plans": [{"Node Type": "Hash Join","Parent Relationship": "Outer","Parallel Aware": true,"Async Capable": false,"Join Type": "Inner","Startup Cost": 4525.75,"Total Cost": 37283.06,"Plan Rows": 47748,"Plan Width": 12,"Actual Startup Time": 27.223,"Actual Total Time": 214.876,"Actual Rows": 36072,"Actual Loops": 4,"Inner Unique": true,"Hash Cond": "(orders.o_custkey = customer.c_custkey)","Workers": [],"Plans": [{"Node Type": "Seq Scan","Parent Relationship": "Outer","Parallel Aware": true,"Async Capable": false,"Relation Name": "orders","Alias": "orders","Startup Cost": 0.00,"Total Cost": 32143.39,"Plan Rows": 233868,"Plan Width": 16,"Actual Startup Time": 0.017,"Actual Total Time": 137.257,"Actual Rows": 180728,"Actual Loops": 4,"Filter": "(o_orderdate < '1995-03-08'::date)","Rows Removed by Filter": 194272,"Workers": []},{"Node Type": "Hash","Parent Relationship": "Inner","Parallel Aware": true,"Async Capable": false,"Startup Cost": 4366.25,"Total Cost": 4366.25,"Plan Rows": 12760,"Plan Width": 4,"Actual Startup Time": 26.708,"Actual Total Time": 26.713,"Actual Rows": 7492,"Actual Loops": 4,"Hash Buckets": 32768,"Original Hash Buckets": 32768,"Hash Batches": 1,"Original Hash Batches": 1,"Peak Memory Usage": 1504,"Workers": [],"Plans": [{"Node Type": "Seq Scan","Parent Relationship": "Outer","Parallel Aware": true,"Async Capable": false,"Relation Name": "customer","Alias": "customer","Startup Cost": 0.00,"Total Cost": 4366.25,"Plan Rows": 12760,"Plan Width": 4,"Actual Startup Time": 0.037,"Actual Total Time": 23.307,"Actual Rows": 7492,"Actual Loops": 4,"Filter": "(c_mktsegment = 'FURNITURE'::bpchar)","Rows Removed by Filter": 30008,"Workers": []}]}]},{"Node Type": "Index Scan","Parent Relationship": "Inner","Parallel Aware": false,"Async Capable": false,"Scan Direction": "Forward","Index Name": "idx_lineitem_orderkey","Relation Name": "lineitem","Alias": "lineitem","Startup Cost": 0.43,"Total Cost": 1.45,"Plan Rows": 9,"Plan Width": 16,"Actual Startup Time": 0.007,"Actual Total Time": 0.007,"Actual Rows": 0,"Actual Loops": 144287,"Index Cond": "(l_orderkey = orders.o_orderkey)","Rows Removed by Index Recheck": 0,"Filter": "(l_shipdate > '1995-03-08'::date)","Rows Removed by Filter": 4,"Workers": []}]}]}]}]},"Planning Time": 6.191,"Triggers": [],"Execution Time": 553.696}]
[{"Plan": {"Node Type": "Sort","Parallel Aware": false,"Async Capable": false,"Startup Cost": 179599.25,"Total Cost": 180386.99,"Plan Rows": 315096,"Plan Width": 44,"Actual Startup Time": 538.646,"Actual Total Time": 549.020,"Actual Rows": 11253,"Actual Loops": 1,"Sort Key": ["(sum((lineitem.l_extendedprice * ('1'::numeric - lineitem.l_discount)))) DESC", "orders.o_orderdate"],"Sort Method": "quicksort","Sort Space Used": 1088,"Sort Space Type": "Memory","Plans": [{"Node Type": "Aggregate","Strategy": "Hashed","Partial Mode": "Simple","Parent Relationship": "Outer","Parallel Aware": false,"Async Capable": false,"Startup Cost": 146883.73,"Total Cost": 150822.43,"Plan Rows": 315096,"Plan Width": 44,"Actual Startup Time": 516.278,"Actual Total Time": 540.921,"Actual Rows": 11253,"Actual Loops": 1,"Group Key": ["lineitem.l_orderkey", "orders.o_orderdate", "orders.o_shippriority"],"Planned Partitions": 0,"HashAgg Batches": 1,"Peak Memory Usage": 20497,"Disk Usage": 0,"Plans": [{"Node Type": "Gather","Parent Relationship": "Outer","Parallel Aware": false,"Async Capable": false,"Startup Cost": 5522.86,"Total Cost": 142157.29,"Plan Rows": 315096,"Plan Width": 24,"Actual Startup Time": 32.823,"Actual Total Time": 495.702,"Actual Rows": 29687,"Actual Loops": 1,"Workers Planned": 3,"Workers Launched": 3,"Single Copy": false,"Plans": [{"Node Type": "Nested Loop","Parent Relationship": "Outer","Parallel Aware": false,"Async Capable": false,"Join Type": "Inner","Startup Cost": 4522.86,"Total Cost": 109647.69,"Plan Rows": 101644,"Plan Width": 24,"Actual Startup Time": 25.311,"Actual Total Time": 499.168,"Actual Rows": 7422,"Actual Loops": 4,"Inner Unique": false,"Workers": [],"Plans": [{"Node Type": "Hash Join","Parent Relationship": "Outer","Parallel Aware": true,"Async Capable": false,"Join Type": "Inner","Startup Cost": 4522.43,"Total Cost": 37288.37,"Plan Rows": 47407,"Plan Width": 12,"Actual Startup Time": 25.018,"Actual Total Time": 216.856,"Actual Rows": 36551,"Actual Loops": 4,"Inner Unique": true,"Hash Cond": "(orders.o_custkey = customer.c_custkey)","Workers": [],"Plans": [{"Node Type": "Seq Scan","Parent Relationship": "Outer","Parallel Aware": true,"Async Capable": false,"Relation Name": "orders","Alias": "orders","Startup Cost": 0.00,"Total Cost": 32143.39,"Plan Rows": 237155,"Plan Width": 16,"Actual Startup Time": 0.014,"Actual Total Time": 141.903,"Actual Rows": 183072,"Actual Loops": 4,"Filter": "(o_orderdate < '1995-03-23'::date)","Rows Removed by Filter": 191928,"Workers": []},{"Node Type": "Hash","Parent Relationship": "Inner","Parallel Aware": true,"Async Capable": false,"Startup Cost": 4366.25,"Total Cost": 4366.25,"Plan Rows": 12494,"Plan Width": 4,"Actual Startup Time": 24.461,"Actual Total Time": 24.467,"Actual Rows": 7487,"Actual Loops": 4,"Hash Buckets": 32768,"Original Hash Buckets": 32768,"Hash Batches": 1,"Original Hash Batches": 1,"Peak Memory Usage": 1504,"Workers": [],"Plans": [{"Node Type": "Seq Scan","Parent Relationship": "Outer","Parallel Aware": true,"Async Capable": false,"Relation Name": "customer","Alias": "customer","Startup Cost": 0.00,"Total Cost": 4366.25,"Plan Rows": 12494,"Plan Width": 4,"Actual Startup Time": 0.041,"Actual Total Time": 21.320,"Actual Rows": 7487,"Actual Loops": 4,"Filter": "(c_mktsegment = 'MACHINERY'::bpchar)","Rows Removed by Filter": 30013,"Workers": []}]}]},{"Node Type": "Index Scan","Parent Relationship": "Inner","Parallel Aware": false,"Async Capable": false,"Scan Direction": "Forward","Index Name": "idx_lineitem_orderkey","Relation Name": "lineitem","Alias": "lineitem","Startup Cost": 0.43,"Total Cost": 1.44,"Plan Rows": 9,"Plan Width": 16,"Actual Startup Time": 0.007,"Actual Total Time": 0.007,"Actual Rows": 0,"Actual Loops": 146204,"Index Cond": "(l_orderkey = orders.o_orderkey)","Rows Removed by Index Recheck": 0,"Filter": "(l_shipdate > '1995-03-23'::date)","Rows Removed by Filter": 4,"Workers": []}]}]}]}]},"Planning Time": 6.063,"Triggers": [],"Execution Time": 562.620}]
[{"Plan": {"Node Type": "Sort","Parallel Aware": false,"Async Capable": false,"Startup Cost": 179432.01,"Total Cost": 180219.85,"Plan Rows": 315135,"Plan Width": 44,"Actual Startup Time": 520.292,"Actual Total Time": 530.310,"Actual Rows": 11238,"Actual Loops": 1,"Sort Key": ["(sum((lineitem.l_extendedprice * ('1'::numeric - lineitem.l_discount)))) DESC", "orders.o_orderdate"],"Sort Method": "quicksort","Sort Space Used": 1087,"Sort Space Type": "Memory","Plans": [{"Node Type": "Aggregate","Strategy": "Hashed","Partial Mode": "Simple","Parent Relationship": "Outer","Parallel Aware": false,"Async Capable": false,"Startup Cost": 146712.16,"Total Cost": 150651.35,"Plan Rows": 315135,"Plan Width": 44,"Actual Startup Time": 497.945,"Actual Total Time": 522.248,"Actual Rows": 11238,"Actual Loops": 1,"Group Key": ["lineitem.l_orderkey", "orders.o_orderdate", "orders.o_shippriority"],"Planned Partitions": 0,"HashAgg Batches": 1,"Peak Memory Usage": 20497,"Disk Usage": 0,"Plans": [{"Node Type": "Gather","Parent Relationship": "Outer","Parallel Aware": false,"Async Capable": false,"Startup Cost": 5522.86,"Total Cost": 141985.14,"Plan Rows": 315135,"Plan Width": 24,"Actual Startup Time": 29.974,"Actual Total Time": 476.751,"Actual Rows": 29659,"Actual Loops": 1,"Workers Planned": 3,"Workers Launched": 3,"Single Copy": false,"Plans": [{"Node Type": "Nested Loop","Parent Relationship": "Outer","Parallel Aware": false,"Async Capable": false,"Join Type": "Inner","Startup Cost": 4522.86,"Total Cost": 109471.64,"Plan Rows": 101656,"Plan Width": 24,"Actual Startup Time": 23.064,"Actual Total Time": 481.550,"Actual Rows": 7415,"Actual Loops": 4,"Inner Unique": false,"Workers": [],"Plans": [{"Node Type": "Hash Join","Parent Relationship": "Outer","Parallel Aware": true,"Async Capable": false,"Join Type": "Inner","Startup Cost": 4522.43,"Total Cost": 37285.73,"Plan Rows": 47206,"Plan Width": 12,"Actual Startup Time": 22.798,"Actual Total Time": 205.756,"Actual Rows": 36393,"Actual Loops": 4,"Inner Unique": true,"Hash Cond": "(orders.o_custkey = customer.c_custkey)","Workers": [],"Plans": [{"Node Type": "Seq Scan","Parent Relationship": "Outer","Parallel Aware": true,"Async Capable": false,"Relation Name": "orders","Alias": "orders","Startup Cost": 0.00,"Total Cost": 32143.39,"Plan Rows": 236150,"Plan Width": 16,"Actual Startup Time": 0.010,"Actual Total Time": 137.920,"Actual Rows": 182297,"Actual Loops": 4,"Filter": "(o_orderdate < '1995-03-18'::date)","Rows Removed by Filter": 192703,"Workers": []},{"Node Type": "Hash","Parent Relationship": "Inner","Parallel Aware": true,"Async Capable": false,"Startup Cost": 4366.25,"Total Cost": 4366.25,"Plan Rows": 12494,"Plan Width": 4,"Actual Startup Time": 22.295,"Actual Total Time": 22.298,"Actual Rows": 7487,"Actual Loops": 4,"Hash Buckets": 32768,"Original Hash Buckets": 32768,"Hash Batches": 1,"Original Hash Batches": 1,"Peak Memory Usage": 1472,"Workers": [],"Plans": [{"Node Type": "Seq Scan","Parent Relationship": "Outer","Parallel Aware": true,"Async Capable": false,"Relation Name": "customer","Alias": "customer","Startup Cost": 0.00,"Total Cost": 4366.25,"Plan Rows": 12494,"Plan Width": 4,"Actual Startup Time": 0.039,"Actual Total Time": 19.249,"Actual Rows": 7487,"Actual Loops": 4,"Filter": "(c_mktsegment = 'MACHINERY'::bpchar)","Rows Removed by Filter": 30013,"Workers": []}]}]},{"Node Type": "Index Scan","Parent Relationship": "Inner","Parallel Aware": false,"Async Capable": false,"Scan Direction": "Forward","Index Name": "idx_lineitem_orderkey","Relation Name": "lineitem","Alias": "lineitem","Startup Cost": 0.43,"Total Cost": 1.44,"Plan Rows": 9,"Plan Width": 16,"Actual Startup Time": 0.007,"Actual Total Time": 0.007,"Actual Rows": 0,"Actual Loops": 145571,"Index Cond": "(l_orderkey = orders.o_orderkey)","Rows Removed by Index Recheck": 0,"Filter": "(l_shipdate > '1995-03-18'::date)","Rows Removed by Filter": 4,"Workers": []}]}]}]}]},"Planning Time": 4.960,"Triggers": [],"Execution Time": 543.679}]
[{"Plan": {"Node Type": "Sort","Parallel Aware": false,"Async Capable": false,"Startup Cost": 179804.69,"Total Cost": 180592.94,"Plan Rows": 315303,"Plan Width": 44,"Actual Startup Time": 542.776,"Actual Total Time": 553.211,"Actual Rows": 11336,"Actual Loops": 1,"Sort Key": ["(sum((lineitem.l_extendedprice * ('1'::numeric - lineitem.l_discount)))) DESC", "orders.o_orderdate"],"Sort Method": "quicksort","Sort Space Used": 1093,"Sort Space Type": "Memory","Plans": [{"Node Type": "Aggregate","Strategy": "Hashed","Partial Mode": "Simple","Parent Relationship": "Outer","Parallel Aware": false,"Async Capable": false,"Startup Cost": 147066.18,"Total Cost": 151007.47,"Plan Rows": 315303,"Plan Width": 44,"Actual Startup Time": 520.823,"Actual Total Time": 545.103,"Actual Rows": 11336,"Actual Loops": 1,"Group Key": ["lineitem.l_orderkey", "orders.o_orderdate", "orders.o_shippriority"],"Planned Partitions": 0,"HashAgg Batches": 1,"Peak Memory Usage": 20497,"Disk Usage": 0,"Plans": [{"Node Type": "Gather","Parent Relationship": "Outer","Parallel Aware": false,"Async Capable": false,"Startup Cost": 5522.96,"Total Cost": 142336.63,"Plan Rows": 315303,"Plan Width": 24,"Actual Startup Time": 32.578,"Actual Total Time": 497.024,"Actual Rows": 30040,"Actual Loops": 1,"Workers Planned": 3,"Workers Launched": 3,"Single Copy": false,"Plans": [{"Node Type": "Nested Loop","Parent Relationship": "Outer","Parallel Aware": false,"Async Capable": false,"Join Type": "Inner","Startup Cost": 4522.96,"Total Cost": 109806.33,"Plan Rows": 101711,"Plan Width": 24,"Actual Startup Time": 25.344,"Actual Total Time": 503.386,"Actual Rows": 7510,"Actual Loops": 4,"Inner Unique": false,"Workers": [],"Plans": [{"Node Type": "Hash Join","Parent Relationship": "Outer","Parallel Aware": true,"Async Capable": false,"Join Type": "Inner","Startup Cost": 4522.52,"Total Cost": 37290.10,"Plan Rows": 47564,"Plan Width": 12,"Actual Startup Time": 25.202,"Actual Total Time": 221.429,"Actual Rows": 36624,"Actual Loops": 4,"Inner Unique": true,"Hash Cond": "(orders.o_custkey = customer.c_custkey)","Workers": [],"Plans": [{"Node Type": "Seq Scan","Parent Relationship": "Outer","Parallel Aware": true,"Async Capable": false,"Relation Name": "orders","Alias": "orders","Startup Cost": 0.00,"Total Cost": 32143.39,"Plan Rows": 237778,"Plan Width": 16,"Actual Startup Time": 0.020,"Actual Total Time": 143.854,"Actual Rows": 183522,"Actual Loops": 4,"Filter": "(o_orderdate < '1995-03-26'::date)","Rows Removed by Filter": 191478,"Workers": []},{"Node Type": "Hash","Parent Relationship": "Inner","Parallel Aware": true,"Async Capable": false,"Startup Cost": 4366.25,"Total Cost": 4366.25,"Plan Rows": 12502,"Plan Width": 4,"Actual Startup Time": 24.745,"Actual Total Time": 24.748,"Actual Rows": 7547,"Actual Loops": 4,"Hash Buckets": 32768,"Original Hash Buckets": 32768,"Hash Batches": 1,"Original Hash Batches": 1,"Peak Memory Usage": 1472,"Workers": [],"Plans": [{"Node Type": "Seq Scan","Parent Relationship": "Outer","Parallel Aware": true,"Async Capable": false,"Relation Name": "customer","Alias": "customer","Startup Cost": 0.00,"Total Cost": 4366.25,"Plan Rows": 12502,"Plan Width": 4,"Actual Startup Time": 0.038,"Actual Total Time": 21.032,"Actual Rows": 7547,"Actual Loops": 4,"Filter": "(c_mktsegment = 'HOUSEHOLD'::bpchar)","Rows Removed by Filter": 29953,"Workers": []}]}]},{"Node Type": "Index Scan","Parent Relationship": "Inner","Parallel Aware": false,"Async Capable": false,"Scan Direction": "Forward","Index Name": "idx_lineitem_orderkey","Relation Name": "lineitem","Alias": "lineitem","Startup Cost": 0.43,"Total Cost": 1.43,"Plan Rows": 9,"Plan Width": 16,"Actual Startup Time": 0.007,"Actual Total Time": 0.007,"Actual Rows": 0,"Actual Loops": 146495,"Index Cond": "(l_orderkey = orders.o_orderkey)","Rows Removed by Index Recheck": 0,"Filter": "(l_shipdate > '1995-03-26'::date)","Rows Removed by Filter": 4,"Workers": []}]}]}]}]},"Planning Time": 6.245,"Triggers": [],"Execution Time": 565.304}]
[{"Plan": {"Node Type": "Sort","Parallel Aware": false,"Async Capable": false,"Startup Cost": 178077.30,"Total Cost": 178856.10,"Plan Rows": 311520,"Plan Width": 44,"Actual Startup Time": 512.171,"Actual Total Time": 523.067,"Actual Rows": 11428,"Actual Loops": 1,"Sort Key": ["(sum((lineitem.l_extendedprice * ('1'::numeric - lineitem.l_discount)))) DESC", "orders.o_orderdate"],"Sort Method": "quicksort","Sort Space Used": 1099,"Sort Space Type": "Memory","Plans": [{"Node Type": "Aggregate","Strategy": "Hashed","Partial Mode": "Simple","Parent Relationship": "Outer","Parallel Aware": false,"Async Capable": false,"Startup Cost": 145758.71,"Total Cost": 149652.71,"Plan Rows": 311520,"Plan Width": 44,"Actual Startup Time": 490.587,"Actual Total Time": 515.800,"Actual Rows": 11428,"Actual Loops": 1,"Group Key": ["lineitem.l_orderkey", "orders.o_orderdate", "orders.o_shippriority"],"Planned Partitions": 0,"HashAgg Batches": 1,"Peak Memory Usage": 20497,"Disk Usage": 0,"Plans": [{"Node Type": "Gather","Parent Relationship": "Outer","Parallel Aware": false,"Async Capable": false,"Startup Cost": 5521.08,"Total Cost": 141085.91,"Plan Rows": 311520,"Plan Width": 24,"Actual Startup Time": 30.173,"Actual Total Time": 470.743,"Actual Rows": 30113,"Actual Loops": 1,"Workers Planned": 3,"Workers Launched": 3,"Single Copy": false,"Plans": [{"Node Type": "Nested Loop","Parent Relationship": "Outer","Parallel Aware": false,"Async Capable": false,"Join Type": "Inner","Startup Cost": 4521.08,"Total Cost": 108933.91,"Plan Rows": 100490,"Plan Width": 24,"Actual Startup Time": 23.239,"Actual Total Time": 474.011,"Actual Rows": 7528,"Actual Loops": 4,"Inner Unique": false,"Workers": [],"Plans": [{"Node Type": "Hash Join","Parent Relationship": "Outer","Parallel Aware": true,"Async Capable": false,"Join Type": "Inner","Startup Cost": 4520.65,"Total Cost": 37288.23,"Plan Rows": 46993,"Plan Width": 12,"Actual Startup Time": 22.851,"Actual Total Time": 201.835,"Actual Rows": 36503,"Actual Loops": 4,"Inner Unique": true,"Hash Cond": "(orders.o_custkey = customer.c_custkey)","Workers": [],"Plans": [{"Node Type": "Seq Scan","Parent Relationship": "Outer","Parallel Aware": true,"Async Capable": false,"Relation Name": "orders","Alias": "orders","Startup Cost": 0.00,"Total Cost": 32143.39,"Plan Rows": 237778,"Plan Width": 16,"Actual Startup Time": 0.013,"Actual Total Time": 134.292,"Actual Rows": 183522,"Actual Loops": 4,"Filter": "(o_orderdate < '1995-03-26'::date)","Rows Removed by Filter": 191478,"Workers": []},{"Node Type": "Hash","Parent Relationship": "Inner","Parallel Aware": true,"Async Capable": false,"Startup Cost": 4366.25,"Total Cost": 4366.25,"Plan Rows": 12352,"Plan Width": 4,"Actual Startup Time": 22.385,"Actual Total Time": 22.390,"Actual Rows": 7438,"Actual Loops": 4,"Hash Buckets": 32768,"Original Hash Buckets": 32768,"Hash Batches": 1,"Original Hash Batches": 1,"Peak Memory Usage": 1504,"Workers": [],"Plans": [{"Node Type": "Seq Scan","Parent Relationship": "Outer","Parallel Aware": true,"Async Capable": false,"Relation Name": "customer","Alias": "customer","Startup Cost": 0.00,"Total Cost": 4366.25,"Plan Rows": 12352,"Plan Width": 4,"Actual Startup Time": 0.043,"Actual Total Time": 19.306,"Actual Rows": 7438,"Actual Loops": 4,"Filter": "(c_mktsegment = 'AUTOMOBILE'::bpchar)","Rows Removed by Filter": 30062,"Workers": []}]}]},{"Node Type": "Index Scan","Parent Relationship": "Inner","Parallel Aware": false,"Async Capable": false,"Scan Direction": "Forward","Index Name": "idx_lineitem_orderkey","Relation Name": "lineitem","Alias": "lineitem","Startup Cost": 0.43,"Total Cost": 1.43,"Plan Rows": 9,"Plan Width": 16,"Actual Startup Time": 0.007,"Actual Total Time": 0.007,"Actual Rows": 0,"Actual Loops": 146011,"Index Cond": "(l_orderkey = orders.o_orderkey)","Rows Removed by Index Recheck": 0,"Filter": "(l_shipdate > '1995-03-26'::date)","Rows Removed by Filter": 4,"Workers": []}]}]}]}]},"Planning Time": 5.115,"Triggers": [],"Execution Time": 537.255}]
[{"Plan": {"Node Type": "Sort","Parallel Aware": false,"Async Capable": false,"Startup Cost": 177718.28,"Total Cost": 178497.32,"Plan Rows": 311617,"Plan Width": 44,"Actual Startup Time": 523.286,"Actual Total Time": 529.360,"Actual Rows": 11529,"Actual Loops": 1,"Sort Key": ["(sum((lineitem.l_extendedprice * ('1'::numeric - lineitem.l_discount)))) DESC", "orders.o_orderdate"],"Sort Method": "quicksort","Sort Space Used": 1105,"Sort Space Type": "Memory","Plans": [{"Node Type": "Aggregate","Strategy": "Hashed","Partial Mode": "Simple","Parent Relationship": "Outer","Parallel Aware": false,"Async Capable": false,"Startup Cost": 145388.93,"Total Cost": 149284.14,"Plan Rows": 311617,"Plan Width": 44,"Actual Startup Time": 496.438,"Actual Total Time": 520.988,"Actual Rows": 11529,"Actual Loops": 1,"Group Key": ["lineitem.l_orderkey", "orders.o_orderdate", "orders.o_shippriority"],"Planned Partitions": 0,"HashAgg Batches": 1,"Peak Memory Usage": 20497,"Disk Usage": 0,"Plans": [{"Node Type": "Gather","Parent Relationship": "Outer","Parallel Aware": false,"Async Capable": false,"Startup Cost": 5521.08,"Total Cost": 140714.67,"Plan Rows": 311617,"Plan Width": 24,"Actual Startup Time": 30.230,"Actual Total Time": 466.097,"Actual Rows": 30379,"Actual Loops": 1,"Workers Planned": 3,"Workers Launched": 3,"Single Copy": false,"Plans": [{"Node Type": "Nested Loop","Parent Relationship": "Outer","Parallel Aware": false,"Async Capable": false,"Join Type": "Inner","Startup Cost": 4521.08,"Total Cost": 108552.97,"Plan Rows": 100522,"Plan Width": 24,"Actual Startup Time": 23.397,"Actual Total Time": 478.689,"Actual Rows": 7595,"Actual Loops": 4,"Inner Unique": false,"Workers": [],"Plans": [{"Node Type": "Hash Join","Parent Relationship": "Outer","Parallel Aware": true,"Async Capable": false,"Join Type": "Inner","Startup Cost": 4520.65,"Total Cost": 37282.45,"Plan Rows": 46558,"Plan Width": 12,"Actual Startup Time": 22.962,"Actual Total Time": 204.094,"Actual Rows": 36168,"Actual Loops": 4,"Inner Unique": true,"Hash Cond": "(orders.o_custkey = customer.c_custkey)","Workers": [],"Plans": [{"Node Type": "Seq Scan","Parent Relationship": "Outer","Parallel Aware": true,"Async Capable": false,"Relation Name": "orders","Alias": "orders","Startup Cost": 0.00,"Total Cost": 32143.39,"Plan Rows": 235577,"Plan Width": 16,"Actual Startup Time": 0.013,"Actual Total Time": 135.621,"Actual Rows": 181826,"Actual Loops": 4,"Filter": "(o_orderdate < '1995-03-15'::date)","Rows Removed by Filter": 193174,"Workers": []},{"Node Type": "Hash","Parent Relationship": "Inner","Parallel Aware": true,"Async Capable": false,"Startup Cost": 4366.25,"Total Cost": 4366.25,"Plan Rows": 12352,"Plan Width": 4,"Actual Startup Time": 22.532,"Actual Total Time": 22.539,"Actual Rows": 7438,"Actual Loops": 4,"Hash Buckets": 32768,"Original Hash Buckets": 32768,"Hash Batches": 1,"Original Hash Batches": 1,"Peak Memory Usage": 1504,"Workers": [],"Plans": [{"Node Type": "Seq Scan","Parent Relationship": "Outer","Parallel Aware": true,"Async Capable": false,"Relation Name": "customer","Alias": "customer","Startup Cost": 0.00,"Total Cost": 4366.25,"Plan Rows": 12352,"Plan Width": 4,"Actual Startup Time": 0.042,"Actual Total Time": 19.535,"Actual Rows": 7438,"Actual Loops": 4,"Filter": "(c_mktsegment = 'AUTOMOBILE'::bpchar)","Rows Removed by Filter": 30062,"Workers": []}]}]},{"Node Type": "Index Scan","Parent Relationship": "Inner","Parallel Aware": false,"Async Capable": false,"Scan Direction": "Forward","Index Name": "idx_lineitem_orderkey","Relation Name": "lineitem","Alias": "lineitem","Startup Cost": 0.43,"Total Cost": 1.44,"Plan Rows": 9,"Plan Width": 16,"Actual Startup Time": 0.007,"Actual Total Time": 0.007,"Actual Rows": 0,"Actual Loops": 144672,"Index Cond": "(l_orderkey = orders.o_orderkey)","Rows Removed by Index Recheck": 0,"Filter": "(l_shipdate > '1995-03-15'::date)","Rows Removed by Filter": 4,"Workers": []}]}]}]}]},"Planning Time": 5.799,"Triggers": [],"Execution Time": 543.797}]
[{"Plan": {"Node Type": "Sort","Parallel Aware": false,"Async Capable": false,"Startup Cost": 182556.38,"Total Cost": 183360.93,"Plan Rows": 321819,"Plan Width": 44,"Actual Startup Time": 517.367,"Actual Total Time": 529.439,"Actual Rows": 11439,"Actual Loops": 1,"Sort Key": ["(sum((lineitem.l_extendedprice * ('1'::numeric - lineitem.l_discount)))) DESC", "orders.o_orderdate"],"Sort Method": "quicksort","Sort Space Used": 1099,"Sort Space Type": "Memory","Plans": [{"Node Type": "Aggregate","Strategy": "Hashed","Partial Mode": "Simple","Parent Relationship": "Outer","Parallel Aware": false,"Async Capable": false,"Startup Cost": 149093.82,"Total Cost": 153116.55,"Plan Rows": 321819,"Plan Width": 44,"Actual Startup Time": 495.463,"Actual Total Time": 522.278,"Actual Rows": 11439,"Actual Loops": 1,"Group Key": ["lineitem.l_orderkey", "orders.o_orderdate", "orders.o_shippriority"],"Planned Partitions": 0,"HashAgg Batches": 1,"Peak Memory Usage": 20497,"Disk Usage": 0,"Plans": [{"Node Type": "Gather","Parent Relationship": "Outer","Parallel Aware": false,"Async Capable": false,"Startup Cost": 5526.18,"Total Cost": 144266.53,"Plan Rows": 321819,"Plan Width": 24,"Actual Startup Time": 29.772,"Actual Total Time": 476.664,"Actual Rows": 30285,"Actual Loops": 1,"Workers Planned": 3,"Workers Launched": 3,"Single Copy": false,"Plans": [{"Node Type": "Nested Loop","Parent Relationship": "Outer","Parallel Aware": false,"Async Capable": false,"Join Type": "Inner","Startup Cost": 4526.18,"Total Cost": 111084.63,"Plan Rows": 103813,"Plan Width": 24,"Actual Startup Time": 23.053,"Actual Total Time": 479.398,"Actual Rows": 7571,"Actual Loops": 4,"Inner Unique": false,"Workers": [],"Plans": [{"Node Type": "Hash Join","Parent Relationship": "Outer","Parallel Aware": true,"Async Capable": false,"Join Type": "Inner","Startup Cost": 4525.75,"Total Cost": 37290.06,"Plan Rows": 48292,"Plan Width": 12,"Actual Startup Time": 22.849,"Actual Total Time": 204.689,"Actual Rows": 36445,"Actual Loops": 4,"Inner Unique": true,"Hash Cond": "(orders.o_custkey = customer.c_custkey)","Workers": [],"Plans": [{"Node Type": "Seq Scan","Parent Relationship": "Outer","Parallel Aware": true,"Async Capable": false,"Relation Name": "orders","Alias": "orders","Startup Cost": 0.00,"Total Cost": 32143.39,"Plan Rows": 236532,"Plan Width": 16,"Actual Startup Time": 0.013,"Actual Total Time": 137.382,"Actual Rows": 182617,"Actual Loops": 4,"Filter": "(o_orderdate < '1995-03-20'::date)","Rows Removed by Filter": 192383,"Workers": []},{"Node Type": "Hash","Parent Relationship": "Inner","Parallel Aware": true,"Async Capable": false,"Startup Cost": 4366.25,"Total Cost": 4366.25,"Plan Rows": 12760,"Plan Width": 4,"Actual Startup Time": 22.380,"Actual Total Time": 22.385,"Actual Rows": 7492,"Actual Loops": 4,"Hash Buckets": 32768,"Original Hash Buckets": 32768,"Hash Batches": 1,"Original Hash Batches": 1,"Peak Memory Usage": 1504,"Workers": [],"Plans": [{"Node Type": "Seq Scan","Parent Relationship": "Outer","Parallel Aware": true,"Async Capable": false,"Relation Name": "customer","Alias": "customer","Startup Cost": 0.00,"Total Cost": 4366.25,"Plan Rows": 12760,"Plan Width": 4,"Actual Startup Time": 0.027,"Actual Total Time": 19.359,"Actual Rows": 7492,"Actual Loops": 4,"Filter": "(c_mktsegment = 'FURNITURE'::bpchar)","Rows Removed by Filter": 30008,"Workers": []}]}]},{"Node Type": "Index Scan","Parent Relationship": "Inner","Parallel Aware": false,"Async Capable": false,"Scan Direction": "Forward","Index Name": "idx_lineitem_orderkey","Relation Name": "lineitem","Alias": "lineitem","Startup Cost": 0.43,"Total Cost": 1.44,"Plan Rows": 9,"Plan Width": 16,"Actual Startup Time": 0.007,"Actual Total Time": 0.007,"Actual Rows": 0,"Actual Loops": 145780,"Index Cond": "(l_orderkey = orders.o_orderkey)","Rows Removed by Index Recheck": 0,"Filter": "(l_shipdate > '1995-03-20'::date)","Rows Removed by Filter": 4,"Workers": []}]}]}]}]},"Planning Time": 6.662,"Triggers": [],"Execution Time": 543.603}]
[{"Plan": {"Node Type": "Sort","Parallel Aware": false,"Async Capable": false,"Startup Cost": 177775.26,"Total Cost": 178554.21,"Plan Rows": 311580,"Plan Width": 44,"Actual Startup Time": 515.805,"Actual Total Time": 526.611,"Actual Rows": 11506,"Actual Loops": 1,"Sort Key": ["(sum((lineitem.l_extendedprice * ('1'::numeric - lineitem.l_discount)))) DESC", "orders.o_orderdate"],"Sort Method": "quicksort","Sort Space Used": 1104,"Sort Space Type": "Memory","Plans": [{"Node Type": "Aggregate","Strategy": "Hashed","Partial Mode": "Simple","Parent Relationship": "Outer","Parallel Aware": false,"Async Capable": false,"Startup Cost": 145450.02,"Total Cost": 149344.77,"Plan Rows": 311580,"Plan Width": 44,"Actual Startup Time": 494.170,"Actual Total Time": 518.468,"Actual Rows": 11506,"Actual Loops": 1,"Group Key": ["lineitem.l_orderkey", "orders.o_orderdate", "orders.o_shippriority"],"Planned Partitions": 0,"HashAgg Batches": 1,"Peak Memory Usage": 20497,"Disk Usage": 0,"Plans": [{"Node Type": "Gather","Parent Relationship": "Outer","Parallel Aware": false,"Async Capable": false,"Startup Cost": 5521.08,"Total Cost": 140776.32,"Plan Rows": 311580,"Plan Width": 24,"Actual Startup Time": 28.948,"Actual Total Time": 472.897,"Actual Rows": 30379,"Actual Loops": 1,"Workers Planned": 3,"Workers Launched": 3,"Single Copy": false,"Plans": [{"Node Type": "Nested Loop","Parent Relationship": "Outer","Parallel Aware": false,"Async Capable": false,"Join Type": "Inner","Startup Cost": 4521.08,"Total Cost": 108618.32,"Plan Rows": 100510,"Plan Width": 24,"Actual Startup Time": 21.953,"Actual Total Time": 477.536,"Actual Rows": 7595,"Actual Loops": 4,"Inner Unique": false,"Workers": [],"Plans": [{"Node Type": "Hash Join","Parent Relationship": "Outer","Parallel Aware": true,"Async Capable": false,"Join Type": "Inner","Startup Cost": 4520.65,"Total Cost": 37283.45,"Plan Rows": 46633,"Plan Width": 12,"Actual Startup Time": 21.543,"Actual Total Time": 203.760,"Actual Rows": 36227,"Actual Loops": 4,"Inner Unique": true,"Hash Cond": "(orders.o_custkey = customer.c_custkey)","Workers": [],"Plans": [{"Node Type": "Seq Scan","Parent Relationship": "Outer","Parallel Aware": true,"Async Capable": false,"Relation Name": "orders","Alias": "orders","Startup Cost": 0.00,"Total Cost": 32143.39,"Plan Rows": 235959,"Plan Width": 16,"Actual Startup Time": 0.009,"Actual Total Time": 137.803,"Actual Rows": 182140,"Actual Loops": 4,"Filter": "(o_orderdate < '1995-03-17'::date)","Rows Removed by Filter": 192860,"Workers": []},{"Node Type": "Hash","Parent Relationship": "Inner","Parallel Aware": true,"Async Capable": false,"Startup Cost": 4366.25,"Total Cost": 4366.25,"Plan Rows": 12352,"Plan Width": 4,"Actual Startup Time": 21.083,"Actual Total Time": 21.088,"Actual Rows": 7438,"Actual Loops": 4,"Hash Buckets": 32768,"Original Hash Buckets": 32768,"Hash Batches": 1,"Original Hash Batches": 1,"Peak Memory Usage": 1504,"Workers": [],"Plans": [{"Node Type": "Seq Scan","Parent Relationship": "Outer","Parallel Aware": true,"Async Capable": false,"Relation Name": "customer","Alias": "customer","Startup Cost": 0.00,"Total Cost": 4366.25,"Plan Rows": 12352,"Plan Width": 4,"Actual Startup Time": 0.033,"Actual Total Time": 18.130,"Actual Rows": 7438,"Actual Loops": 4,"Filter": "(c_mktsegment = 'AUTOMOBILE'::bpchar)","Rows Removed by Filter": 30062,"Workers": []}]}]},{"Node Type": "Index Scan","Parent Relationship": "Inner","Parallel Aware": false,"Async Capable": false,"Scan Direction": "Forward","Index Name": "idx_lineitem_orderkey","Relation Name": "lineitem","Alias": "lineitem","Startup Cost": 0.43,"Total Cost": 1.44,"Plan Rows": 9,"Plan Width": 16,"Actual Startup Time": 0.007,"Actual Total Time": 0.007,"Actual Rows": 0,"Actual Loops": 144909,"Index Cond": "(l_orderkey = orders.o_orderkey)","Rows Removed by Index Recheck": 0,"Filter": "(l_shipdate > '1995-03-17'::date)","Rows Removed by Filter": 4,"Workers": []}]}]}]}]},"Planning Time": 6.017,"Triggers": [],"Execution Time": 540.160}]
[{"Plan": {"Node Type": "Sort","Parallel Aware": false,"Async Capable": false,"Startup Cost": 182167.05,"Total Cost": 182970.67,"Plan Rows": 321449,"Plan Width": 44,"Actual Startup Time": 517.393,"Actual Total Time": 527.138,"Actual Rows": 11388,"Actual Loops": 1,"Sort Key": ["(sum((lineitem.l_extendedprice * ('1'::numeric - lineitem.l_discount)))) DESC", "orders.o_orderdate"],"Sort Method": "quicksort","Sort Space Used": 1096,"Sort Space Type": "Memory","Plans": [{"Node Type": "Aggregate","Strategy": "Hashed","Partial Mode": "Simple","Parent Relationship": "Outer","Parallel Aware": false,"Async Capable": false,"Startup Cost": 148745.63,"Total Cost": 152763.74,"Plan Rows": 321449,"Plan Width": 44,"Actual Startup Time": 494.806,"Actual Total Time": 519.080,"Actual Rows": 11388,"Actual Loops": 1,"Group Key": ["lineitem.l_orderkey", "orders.o_orderdate", "orders.o_shippriority"],"Planned Partitions": 0,"HashAgg Batches": 1,"Peak Memory Usage": 20497,"Disk Usage": 0,"Plans": [{"Node Type": "Gather","Parent Relationship": "Outer","Parallel Aware": false,"Async Capable": false,"Startup Cost": 5526.18,"Total Cost": 143923.89,"Plan Rows": 321449,"Plan Width": 24,"Actual Startup Time": 30.504,"Actual Total Time": 473.121,"Actual Rows": 30204,"Actual Loops": 1,"Workers Planned": 3,"Workers Launched": 3,"Single Copy": false,"Plans": [{"Node Type": "Nested Loop","Parent Relationship": "Outer","Parallel Aware": false,"Async Capable": false,"Join Type": "Inner","Startup Cost": 4526.18,"Total Cost": 110778.99,"Plan Rows": 103693,"Plan Width": 24,"Actual Startup Time": 23.479,"Actual Total Time": 478.535,"Actual Rows": 7551,"Actual Loops": 4,"Inner Unique": false,"Workers": [],"Plans": [{"Node Type": "Hash Join","Parent Relationship": "Outer","Parallel Aware": true,"Async Capable": false,"Join Type": "Inner","Startup Cost": 4525.75,"Total Cost": 37285.57,"Plan Rows": 47943,"Plan Width": 12,"Actual Startup Time": 23.239,"Actual Total Time": 205.309,"Actual Rows": 36219,"Actual Loops": 4,"Inner Unique": true,"Hash Cond": "(orders.o_custkey = customer.c_custkey)","Workers": [],"Plans": [{"Node Type": "Seq Scan","Parent Relationship": "Outer","Parallel Aware": true,"Async Capable": false,"Relation Name": "orders","Alias": "orders","Startup Cost": 0.00,"Total Cost": 32143.39,"Plan Rows": 234824,"Plan Width": 16,"Actual Startup Time": 0.013,"Actual Total Time": 137.219,"Actual Rows": 181502,"Actual Loops": 4,"Filter": "(o_orderdate < '1995-03-13'::date)","Rows Removed by Filter": 193498,"Workers": []},{"Node Type": "Hash","Parent Relationship": "Inner","Parallel Aware": true,"Async Capable": false,"Startup Cost": 4366.25,"Total Cost": 4366.25,"Plan Rows": 12760,"Plan Width": 4,"Actual Startup Time": 22.773,"Actual Total Time": 22.777,"Actual Rows": 7492,"Actual Loops": 4,"Hash Buckets": 32768,"Original Hash Buckets": 32768,"Hash Batches": 1,"Original Hash Batches": 1,"Peak Memory Usage": 1472,"Workers": [],"Plans": [{"Node Type": "Seq Scan","Parent Relationship": "Outer","Parallel Aware": true,"Async Capable": false,"Relation Name": "customer","Alias": "customer","Startup Cost": 0.00,"Total Cost": 4366.25,"Plan Rows": 12760,"Plan Width": 4,"Actual Startup Time": 0.044,"Actual Total Time": 19.713,"Actual Rows": 7492,"Actual Loops": 4,"Filter": "(c_mktsegment = 'FURNITURE'::bpchar)","Rows Removed by Filter": 30008,"Workers": []}]}]},{"Node Type": "Index Scan","Parent Relationship": "Inner","Parallel Aware": false,"Async Capable": false,"Scan Direction": "Forward","Index Name": "idx_lineitem_orderkey","Relation Name": "lineitem","Alias": "lineitem","Startup Cost": 0.43,"Total Cost": 1.44,"Plan Rows": 9,"Plan Width": 16,"Actual Startup Time": 0.007,"Actual Total Time": 0.007,"Actual Rows": 0,"Actual Loops": 144876,"Index Cond": "(l_orderkey = orders.o_orderkey)","Rows Removed by Index Recheck": 0,"Filter": "(l_shipdate > '1995-03-13'::date)","Rows Removed by Filter": 4,"Workers": []}]}]}]}]},"Planning Time": 6.917,"Triggers": [],"Execution Time": 540.617}]
[{"Plan": {"Node Type": "Sort","Parallel Aware": false,"Async Capable": false,"Startup Cost": 177671.19,"Total Cost": 178452.30,"Plan Rows": 312443,"Plan Width": 44,"Actual Startup Time": 548.175,"Actual Total Time": 558.958,"Actual Rows": 11612,"Actual Loops": 1,"Sort Key": ["(sum((lineitem.l_extendedprice * ('1'::numeric - lineitem.l_discount)))) DESC", "orders.o_orderdate"],"Sort Method": "quicksort","Sort Space Used": 1110,"Sort Space Type": "Memory","Plans": [{"Node Type": "Aggregate","Strategy": "Hashed","Partial Mode": "Simple","Parent Relationship": "Outer","Parallel Aware": false,"Async Capable": false,"Startup Cost": 145250.18,"Total Cost": 149155.72,"Plan Rows": 312443,"Plan Width": 44,"Actual Startup Time": 526.283,"Actual Total Time": 549.747,"Actual Rows": 11612,"Actual Loops": 1,"Group Key": ["lineitem.l_orderkey", "orders.o_orderdate", "orders.o_shippriority"],"Planned Partitions": 0,"HashAgg Batches": 1,"Peak Memory Usage": 20497,"Disk Usage": 0,"Plans": [{"Node Type": "Gather","Parent Relationship": "Outer","Parallel Aware": false,"Async Capable": false,"Startup Cost": 5521.58,"Total Cost": 140563.54,"Plan Rows": 312443,"Plan Width": 24,"Actual Startup Time": 32.236,"Actual Total Time": 501.559,"Actual Rows": 30574,"Actual Loops": 1,"Workers Planned": 3,"Workers Launched": 3,"Single Copy": false,"Plans": [{"Node Type": "Nested Loop","Parent Relationship": "Outer","Parallel Aware": false,"Async Capable": false,"Join Type": "Inner","Startup Cost": 4521.58,"Total Cost": 108319.24,"Plan Rows": 100788,"Plan Width": 24,"Actual Startup Time": 25.290,"Actual Total Time": 508.932,"Actual Rows": 7644,"Actual Loops": 4,"Inner Unique": false,"Workers": [],"Plans": [{"Node Type": "Hash Join","Parent Relationship": "Outer","Parallel Aware": true,"Async Capable": false,"Join Type": "Inner","Startup Cost": 4521.15,"Total Cost": 37275.96,"Plan Rows": 46179,"Plan Width": 12,"Actual Startup Time": 25.092,"Actual Total Time": 222.279,"Actual Rows": 36389,"Actual Loops": 4,"Inner Unique": true,"Hash Cond": "(orders.o_custkey = customer.c_custkey)","Workers": [],"Plans": [{"Node Type": "Seq Scan","Parent Relationship": "Outer","Parallel Aware": true,"Async Capable": false,"Relation Name": "orders","Alias": "orders","Startup Cost": 0.00,"Total Cost": 32143.39,"Plan Rows": 232913,"Plan Width": 16,"Actual Startup Time": 0.012,"Actual Total Time": 145.170,"Actual Rows": 179945,"Actual Loops": 4,"Filter": "(o_orderdate < '1995-03-03'::date)","Rows Removed by Filter": 195055,"Workers": []},{"Node Type": "Hash","Parent Relationship": "Inner","Parallel Aware": true,"Async Capable": false,"Startup Cost": 4366.25,"Total Cost": 4366.25,"Plan Rows": 12392,"Plan Width": 4,"Actual Startup Time": 24.613,"Actual Total Time": 24.618,"Actual Rows": 7536,"Actual Loops": 4,"Hash Buckets": 32768,"Original Hash Buckets": 32768,"Hash Batches": 1,"Original Hash Batches": 1,"Peak Memory Usage": 1504,"Workers": [],"Plans": [{"Node Type": "Seq Scan","Parent Relationship": "Outer","Parallel Aware": true,"Async Capable": false,"Relation Name": "customer","Alias": "customer","Startup Cost": 0.00,"Total Cost": 4366.25,"Plan Rows": 12392,"Plan Width": 4,"Actual Startup Time": 0.035,"Actual Total Time": 20.691,"Actual Rows": 7536,"Actual Loops": 4,"Filter": "(c_mktsegment = 'BUILDING'::bpchar)","Rows Removed by Filter": 29964,"Workers": []}]}]},{"Node Type": "Index Scan","Parent Relationship": "Inner","Parallel Aware": false,"Async Capable": false,"Scan Direction": "Forward","Index Name": "idx_lineitem_orderkey","Relation Name": "lineitem","Alias": "lineitem","Startup Cost": 0.43,"Total Cost": 1.45,"Plan Rows": 9,"Plan Width": 16,"Actual Startup Time": 0.007,"Actual Total Time": 0.008,"Actual Rows": 0,"Actual Loops": 145555,"Index Cond": "(l_orderkey = orders.o_orderkey)","Rows Removed by Index Recheck": 0,"Filter": "(l_shipdate > '1995-03-03'::date)","Rows Removed by Filter": 4,"Workers": []}]}]}]}]},"Planning Time": 6.305,"Triggers": [],"Execution Time": 571.224}]
[{"Plan": {"Node Type": "Sort","Parallel Aware": false,"Async Capable": false,"Startup Cost": 177458.43,"Total Cost": 178236.42,"Plan Rows": 311193,"Plan Width": 44,"Actual Startup Time": 543.689,"Actual Total Time": 553.737,"Actual Rows": 11491,"Actual Loops": 1,"Sort Key": ["(sum((lineitem.l_extendedprice * ('1'::numeric - lineitem.l_discount)))) DESC", "orders.o_orderdate"],"Sort Method": "quicksort","Sort Space Used": 1103,"Sort Space Type": "Memory","Plans": [{"Node Type": "Aggregate","Strategy": "Hashed","Partial Mode": "Simple","Parent Relationship": "Outer","Parallel Aware": false,"Async Capable": false,"Startup Cost": 145176.13,"Total Cost": 149066.04,"Plan Rows": 311193,"Plan Width": 44,"Actual Startup Time": 521.072,"Actual Total Time": 544.413,"Actual Rows": 11491,"Actual Loops": 1,"Group Key": ["lineitem.l_orderkey", "orders.o_orderdate", "orders.o_shippriority"],"Planned Partitions": 0,"HashAgg Batches": 1,"Peak Memory Usage": 20497,"Disk Usage": 0,"Plans": [{"Node Type": "Gather","Parent Relationship": "Outer","Parallel Aware": false,"Async Capable": false,"Startup Cost": 5521.08,"Total Cost": 140508.23,"Plan Rows": 311193,"Plan Width": 24,"Actual Startup Time": 33.979,"Actual Total Time": 494.000,"Actual Rows": 30312,"Actual Loops": 1,"Workers Planned": 3,"Workers Launched": 3,"Single Copy": false,"Plans": [{"Node Type": "Nested Loop","Parent Relationship": "Outer","Parallel Aware": false,"Async Capable": false,"Join Type": "Inner","Startup Cost": 4521.08,"Total Cost": 108388.93,"Plan Rows": 100385,"Plan Width": 24,"Actual Startup Time": 26.371,"Actual Total Time": 503.046,"Actual Rows": 7578,"Actual Loops": 4,"Inner Unique": false,"Workers": [],"Plans": [{"Node Type": "Hash Join","Parent Relationship": "Outer","Parallel Aware": true,"Async Capable": false,"Join Type": "Inner","Startup Cost": 4520.65,"Total Cost": 37279.97,"Plan Rows": 46371,"Plan Width": 12,"Actual Startup Time": 25.835,"Actual Total Time": 220.432,"Actual Rows": 36072,"Actual Loops": 4,"Inner Unique": true,"Hash Cond": "(orders.o_custkey = customer.c_custkey)","Workers": [],"Plans": [{"Node Type": "Seq Scan","Parent Relationship": "Outer","Parallel Aware": true,"Async Capable": false,"Relation Name": "orders","Alias": "orders","Startup Cost": 0.00,"Total Cost": 32143.39,"Plan Rows": 234633,"Plan Width": 16,"Actual Startup Time": 0.012,"Actual Total Time": 142.320,"Actual Rows": 181340,"Actual Loops": 4,"Filter": "(o_orderdate < '1995-03-12'::date)","Rows Removed by Filter": 193660,"Workers": []},{"Node Type": "Hash","Parent Relationship": "Inner","Parallel Aware": true,"Async Capable": false,"Startup Cost": 4366.25,"Total Cost": 4366.25,"Plan Rows": 12352,"Plan Width": 4,"Actual Startup Time": 25.336,"Actual Total Time": 25.341,"Actual Rows": 7438,"Actual Loops": 4,"Hash Buckets": 32768,"Original Hash Buckets": 32768,"Hash Batches": 1,"Original Hash Batches": 1,"Peak Memory Usage": 1472,"Workers": [],"Plans": [{"Node Type": "Seq Scan","Parent Relationship": "Outer","Parallel Aware": true,"Async Capable": false,"Relation Name": "customer","Alias": "customer","Startup Cost": 0.00,"Total Cost": 4366.25,"Plan Rows": 12352,"Plan Width": 4,"Actual Startup Time": 0.040,"Actual Total Time": 21.531,"Actual Rows": 7438,"Actual Loops": 4,"Filter": "(c_mktsegment = 'AUTOMOBILE'::bpchar)","Rows Removed by Filter": 30062,"Workers": []}]}]},{"Node Type": "Index Scan","Parent Relationship": "Inner","Parallel Aware": false,"Async Capable": false,"Scan Direction": "Forward","Index Name": "idx_lineitem_orderkey","Relation Name": "lineitem","Alias": "lineitem","Startup Cost": 0.43,"Total Cost": 1.44,"Plan Rows": 9,"Plan Width": 16,"Actual Startup Time": 0.007,"Actual Total Time": 0.008,"Actual Rows": 0,"Actual Loops": 144290,"Index Cond": "(l_orderkey = orders.o_orderkey)","Rows Removed by Index Recheck": 0,"Filter": "(l_shipdate > '1995-03-12'::date)","Rows Removed by Filter": 4,"Workers": []}]}]}]}]},"Planning Time": 5.359,"Triggers": [],"Execution Time": 565.988}]
[{"Plan": {"Node Type": "Sort","Parallel Aware": false,"Async Capable": false,"Startup Cost": 179001.49,"Total Cost": 179788.62,"Plan Rows": 314850,"Plan Width": 44,"Actual Startup Time": 536.321,"Actual Total Time": 545.689,"Actual Rows": 11327,"Actual Loops": 1,"Sort Key": ["(sum((lineitem.l_extendedprice * ('1'::numeric - lineitem.l_discount)))) DESC", "orders.o_orderdate"],"Sort Method": "quicksort","Sort Space Used": 1092,"Sort Space Type": "Memory","Plans": [{"Node Type": "Aggregate","Strategy": "Hashed","Partial Mode": "Simple","Parent Relationship": "Outer","Parallel Aware": false,"Async Capable": false,"Startup Cost": 146313.29,"Total Cost": 150248.91,"Plan Rows": 314850,"Plan Width": 44,"Actual Startup Time": 513.360,"Actual Total Time": 535.259,"Actual Rows": 11327,"Actual Loops": 1,"Group Key": ["lineitem.l_orderkey", "orders.o_orderdate", "orders.o_shippriority"],"Planned Partitions": 0,"HashAgg Batches": 1,"Peak Memory Usage": 20497,"Disk Usage": 0,"Plans": [{"Node Type": "Gather","Parent Relationship": "Outer","Parallel Aware": false,"Async Capable": false,"Startup Cost": 5522.86,"Total Cost": 141590.54,"Plan Rows": 314850,"Plan Width": 24,"Actual Startup Time": 32.840,"Actual Total Time": 486.571,"Actual Rows": 29887,"Actual Loops": 1,"Workers Planned": 3,"Workers Launched": 3,"Single Copy": false,"Plans": [{"Node Type": "Nested Loop","Parent Relationship": "Outer","Parallel Aware": false,"Async Capable": false,"Join Type": "Inner","Startup Cost": 4522.86,"Total Cost": 109105.54,"Plan Rows": 101565,"Plan Width": 24,"Actual Startup Time": 26.163,"Actual Total Time": 496.236,"Actual Rows": 7472,"Actual Loops": 4,"Inner Unique": false,"Workers": [],"Plans": [{"Node Type": "Hash Join","Parent Relationship": "Outer","Parallel Aware": true,"Async Capable": false,"Join Type": "Inner","Startup Cost": 4522.43,"Total Cost": 37280.24,"Plan Rows": 46788,"Plan Width": 12,"Actual Startup Time": 25.928,"Actual Total Time": 217.489,"Actual Rows": 36124,"Actual Loops": 4,"Inner Unique": true,"Hash Cond": "(orders.o_custkey = customer.c_custkey)","Workers": [],"Plans": [{"Node Type": "Seq Scan","Parent Relationship": "Outer","Parallel Aware": true,"Async Capable": false,"Relation Name": "orders","Alias": "orders","Startup Cost": 0.00,"Total Cost": 32143.39,"Plan Rows": 234059,"Plan Width": 16,"Actual Startup Time": 0.010,"Actual Total Time": 140.316,"Actual Rows": 180877,"Actual Loops": 4,"Filter": "(o_orderdate < '1995-03-09'::date)","Rows Removed by Filter": 194123,"Workers": []},{"Node Type": "Hash","Parent Relationship": "Inner","Parallel Aware": true,"Async Capable": false,"Startup Cost": 4366.25,"Total Cost": 4366.25,"Plan Rows": 12494,"Plan Width": 4,"Actual Startup Time": 25.517,"Actual Total Time": 25.520,"Actual Rows": 7487,"Actual Loops": 4,"Hash Buckets": 32768,"Original Hash Buckets": 32768,"Hash Batches": 1,"Original Hash Batches": 1,"Peak Memory Usage": 1504,"Workers": [],"Plans": [{"Node Type": "Seq Scan","Parent Relationship": "Outer","Parallel Aware": true,"Async Capable": false,"Relation Name": "customer","Alias": "customer","Startup Cost": 0.00,"Total Cost": 4366.25,"Plan Rows": 12494,"Plan Width": 4,"Actual Startup Time": 0.038,"Actual Total Time": 21.683,"Actual Rows": 7487,"Actual Loops": 4,"Filter": "(c_mktsegment = 'MACHINERY'::bpchar)","Rows Removed by Filter": 30013,"Workers": []}]}]},{"Node Type": "Index Scan","Parent Relationship": "Inner","Parallel Aware": false,"Async Capable": false,"Scan Direction": "Forward","Index Name": "idx_lineitem_orderkey","Relation Name": "lineitem","Alias": "lineitem","Startup Cost": 0.43,"Total Cost": 1.45,"Plan Rows": 9,"Plan Width": 16,"Actual Startup Time": 0.007,"Actual Total Time": 0.007,"Actual Rows": 0,"Actual Loops": 144494,"Index Cond": "(l_orderkey = orders.o_orderkey)","Rows Removed by Index Recheck": 0,"Filter": "(l_shipdate > '1995-03-09'::date)","Rows Removed by Filter": 4,"Workers": []}]}]}]}]},"Planning Time": 6.335,"Triggers": [],"Execution Time": 557.944}]
[{"Plan": {"Node Type": "Sort","Parallel Aware": false,"Async Capable": false,"Startup Cost": 182058.10,"Total Cost": 182862.03,"Plan Rows": 321571,"Plan Width": 44,"Actual Startup Time": 546.390,"Actual Total Time": 556.446,"Actual Rows": 11390,"Actual Loops": 1,"Sort Key": ["(sum((lineitem.l_extendedprice * ('1'::numeric - lineitem.l_discount)))) DESC", "orders.o_orderdate"],"Sort Method": "quicksort","Sort Space Used": 1096,"Sort Space Type": "Memory","Plans": [{"Node Type": "Aggregate","Strategy": "Hashed","Partial Mode": "Simple","Parent Relationship": "Outer","Parallel Aware": false,"Async Capable": false,"Startup Cost": 148623.11,"Total Cost": 152642.75,"Plan Rows": 321571,"Plan Width": 44,"Actual Startup Time": 523.631,"Actual Total Time": 548.110,"Actual Rows": 11390,"Actual Loops": 1,"Group Key": ["lineitem.l_orderkey", "orders.o_orderdate", "orders.o_shippriority"],"Planned Partitions": 0,"HashAgg Batches": 1,"Peak Memory Usage": 20497,"Disk Usage": 0,"Plans": [{"Node Type": "Gather","Parent Relationship": "Outer","Parallel Aware": false,"Async Capable": false,"Startup Cost": 5526.18,"Total Cost": 143799.55,"Plan Rows": 321571,"Plan Width": 24,"Actual Startup Time": 35.987,"Actual Total Time": 502.272,"Actual Rows": 30211,"Actual Loops": 1,"Workers Planned": 3,"Workers Launched": 3,"Single Copy": false,"Plans": [{"Node Type": "Nested Loop","Parent Relationship": "Outer","Parallel Aware": false,"Async Capable": false,"Join Type": "Inner","Startup Cost": 4526.18,"Total Cost": 110642.45,"Plan Rows": 103733,"Plan Width": 24,"Actual Startup Time": 28.041,"Actual Total Time": 506.431,"Actual Rows": 7553,"Actual Loops": 4,"Inner Unique": false,"Workers": [],"Plans": [{"Node Type": "Hash Join","Parent Relationship": "Outer","Parallel Aware": true,"Async Capable": false,"Join Type": "Inner","Startup Cost": 4525.75,"Total Cost": 37283.56,"Plan Rows": 47787,"Plan Width": 12,"Actual Startup Time": 27.784,"Actual Total Time": 223.298,"Actual Rows": 36098,"Actual Loops": 4,"Inner Unique": true,"Hash Cond": "(orders.o_custkey = customer.c_custkey)","Workers": [],"Plans": [{"Node Type": "Seq Scan","Parent Relationship": "Outer","Parallel Aware": true,"Async Capable": false,"Relation Name": "orders","Alias": "orders","Startup Cost": 0.00,"Total Cost": 32143.39,"Plan Rows": 234059,"Plan Width": 16,"Actual Startup Time": 0.012,"Actual Total Time": 145.412,"Actual Rows": 180877,"Actual Loops": 4,"Filter": "(o_orderdate < '1995-03-09'::date)","Rows Removed by Filter": 194123,"Workers": []},{"Node Type": "Hash","Parent Relationship": "Inner","Parallel Aware": true,"Async Capable": false,"Startup Cost": 4366.25,"Total Cost": 4366.25,"Plan Rows": 12760,"Plan Width": 4,"Actual Startup Time": 27.272,"Actual Total Time": 27.279,"Actual Rows": 7492,"Actual Loops": 4,"Hash Buckets": 32768,"Original Hash Buckets": 32768,"Hash Batches": 1,"Original Hash Batches": 1,"Peak Memory Usage": 1504,"Workers": [],"Plans": [{"Node Type": "Seq Scan","Parent Relationship": "Outer","Parallel Aware": true,"Async Capable": false,"Relation Name": "customer","Alias": "customer","Startup Cost": 0.00,"Total Cost": 4366.25,"Plan Rows": 12760,"Plan Width": 4,"Actual Startup Time": 0.042,"Actual Total Time": 23.852,"Actual Rows": 7492,"Actual Loops": 4,"Filter": "(c_mktsegment = 'FURNITURE'::bpchar)","Rows Removed by Filter": 30008,"Workers": []}]}]},{"Node Type": "Index Scan","Parent Relationship": "Inner","Parallel Aware": false,"Async Capable": false,"Scan Direction": "Forward","Index Name": "idx_lineitem_orderkey","Relation Name": "lineitem","Alias": "lineitem","Startup Cost": 0.43,"Total Cost": 1.45,"Plan Rows": 9,"Plan Width": 16,"Actual Startup Time": 0.007,"Actual Total Time": 0.008,"Actual Rows": 0,"Actual Loops": 144393,"Index Cond": "(l_orderkey = orders.o_orderkey)","Rows Removed by Index Recheck": 0,"Filter": "(l_shipdate > '1995-03-09'::date)","Rows Removed by Filter": 4,"Workers": []}]}]}]}]},"Planning Time": 6.548,"Triggers": [],"Execution Time": 570.548}]
[{"Plan": {"Node Type": "Sort","Parallel Aware": false,"Async Capable": false,"Startup Cost": 177939.06,"Total Cost": 178719.46,"Plan Rows": 312159,"Plan Width": 44,"Actual Startup Time": 539.274,"Actual Total Time": 548.369,"Actual Rows": 11627,"Actual Loops": 1,"Sort Key": ["(sum((lineitem.l_extendedprice * ('1'::numeric - lineitem.l_discount)))) DESC", "orders.o_orderdate"],"Sort Method": "quicksort","Sort Space Used": 1111,"Sort Space Type": "Memory","Plans": [{"Node Type": "Aggregate","Strategy": "Hashed","Partial Mode": "Simple","Parent Relationship": "Outer","Parallel Aware": false,"Async Capable": false,"Startup Cost": 145549.56,"Total Cost": 149451.55,"Plan Rows": 312159,"Plan Width": 44,"Actual Startup Time": 515.941,"Actual Total Time": 538.197,"Actual Rows": 11627,"Actual Loops": 1,"Group Key": ["lineitem.l_orderkey", "orders.o_orderdate", "orders.o_shippriority"],"Planned Partitions": 0,"HashAgg Batches": 1,"Peak Memory Usage": 20497,"Disk Usage": 0,"Plans": [{"Node Type": "Gather","Parent Relationship": "Outer","Parallel Aware": false,"Async Capable": false,"Startup Cost": 5521.58,"Total Cost": 140867.18,"Plan Rows": 312159,"Plan Width": 24,"Actual Startup Time": 32.728,"Actual Total Time": 488.729,"Actual Rows": 30547,"Actual Loops": 1,"Workers Planned": 3,"Workers Launched": 3,"Single Copy": false,"Plans": [{"Node Type": "Nested Loop","Parent Relationship": "Outer","Parallel Aware": false,"Async Capable": false,"Join Type": "Inner","Startup Cost": 4521.58,"Total Cost": 108651.28,"Plan Rows": 100696,"Plan Width": 24,"Actual Startup Time": 25.819,"Actual Total Time": 498.101,"Actual Rows": 7637,"Actual Loops": 4,"Inner Unique": false,"Workers": [],"Plans": [{"Node Type": "Hash Join","Parent Relationship": "Outer","Parallel Aware": true,"Async Capable": false,"Join Type": "Inner","Startup Cost": 4521.15,"Total Cost": 37280.97,"Plan Rows": 46558,"Plan Width": 12,"Actual Startup Time": 25.489,"Actual Total Time": 217.079,"Actual Rows": 36716,"Actual Loops": 4,"Inner Unique": true,"Hash Cond": "(orders.o_custkey = customer.c_custkey)","Workers": [],"Plans": [{"Node Type": "Seq Scan","Parent Relationship": "Outer","Parallel Aware": true,"Async Capable": false,"Relation Name": "orders","Alias": "orders","Startup Cost": 0.00,"Total Cost": 32143.39,"Plan Rows": 234824,"Plan Width": 16,"Actual Startup Time": 0.017,"Actual Total Time": 140.185,"Actual Rows": 181502,"Actual Loops": 4,"Filter": "(o_orderdate < '1995-03-13'::date)","Rows Removed by Filter": 193498,"Workers": []},{"Node Type": "Hash","Parent Relationship": "Inner","Parallel Aware": true,"Async Capable": false,"Startup Cost": 4366.25,"Total Cost": 4366.25,"Plan Rows": 12392,"Plan Width": 4,"Actual Startup Time": 24.952,"Actual Total Time": 24.958,"Actual Rows": 7536,"Actual Loops": 4,"Hash Buckets": 32768,"Original Hash Buckets": 32768,"Hash Batches": 1,"Original Hash Batches": 1,"Peak Memory Usage": 1472,"Workers": [],"Plans": [{"Node Type": "Seq Scan","Parent Relationship": "Outer","Parallel Aware": true,"Async Capable": false,"Relation Name": "customer","Alias": "customer","Startup Cost": 0.00,"Total Cost": 4366.25,"Plan Rows": 12392,"Plan Width": 4,"Actual Startup Time": 0.045,"Actual Total Time": 21.161,"Actual Rows": 7536,"Actual Loops": 4,"Filter": "(c_mktsegment = 'BUILDING'::bpchar)","Rows Removed by Filter": 29964,"Workers": []}]}]},{"Node Type": "Index Scan","Parent Relationship": "Inner","Parallel Aware": false,"Async Capable": false,"Scan Direction": "Forward","Index Name": "idx_lineitem_orderkey","Relation Name": "lineitem","Alias": "lineitem","Startup Cost": 0.43,"Total Cost": 1.44,"Plan Rows": 9,"Plan Width": 16,"Actual Startup Time": 0.007,"Actual Total Time": 0.007,"Actual Rows": 0,"Actual Loops": 146862,"Index Cond": "(l_orderkey = orders.o_orderkey)","Rows Removed by Index Recheck": 0,"Filter": "(l_shipdate > '1995-03-13'::date)","Rows Removed by Filter": 4,"Workers": []}]}]}]}]},"Planning Time": 6.489,"Triggers": [],"Execution Time": 560.967}]
[{"Plan": {"Node Type": "Sort","Parallel Aware": false,"Async Capable": false,"Startup Cost": 178975.13,"Total Cost": 179762.33,"Plan Rows": 314880,"Plan Width": 44,"Actual Startup Time": 530.188,"Actual Total Time": 539.412,"Actual Rows": 11349,"Actual Loops": 1,"Sort Key": ["(sum((lineitem.l_extendedprice * ('1'::numeric - lineitem.l_discount)))) DESC", "orders.o_orderdate"],"Sort Method": "quicksort","Sort Space Used": 1094,"Sort Space Type": "Memory","Plans": [{"Node Type": "Aggregate","Strategy": "Hashed","Partial Mode": "Simple","Parent Relationship": "Outer","Parallel Aware": false,"Async Capable": false,"Startup Cost": 146283.59,"Total Cost": 150219.59,"Plan Rows": 314880,"Plan Width": 44,"Actual Startup Time": 506.786,"Actual Total Time": 531.177,"Actual Rows": 11349,"Actual Loops": 1,"Group Key": ["lineitem.l_orderkey", "orders.o_orderdate", "orders.o_shippriority"],"Planned Partitions": 0,"HashAgg Batches": 1,"Peak Memory Usage": 20497,"Disk Usage": 0,"Plans": [{"Node Type": "Gather","Parent Relationship": "Outer","Parallel Aware": false,"Async Capable": false,"Startup Cost": 5522.86,"Total Cost": 141560.39,"Plan Rows": 314880,"Plan Width": 24,"Actual Startup Time": 30.891,"Actual Total Time": 484.078,"Actual Rows": 29925,"Actual Loops": 1,"Workers Planned": 3,"Workers Launched": 3,"Single Copy": false,"Plans": [{"Node Type": "Nested Loop","Parent Relationship": "Outer","Parallel Aware": false,"Async Capable": false,"Join Type": "Inner","Startup Cost": 4522.86,"Total Cost": 109072.39,"Plan Rows": 101574,"Plan Width": 24,"Actual Startup Time": 23.951,"Actual Total Time": 490.258,"Actual Rows": 7481,"Actual Loops": 4,"Inner Unique": false,"Workers": [],"Plans": [{"Node Type": "Hash Join","Parent Relationship": "Outer","Parallel Aware": true,"Async Capable": false,"Join Type": "Inner","Startup Cost": 4522.43,"Total Cost": 37279.74,"Plan Rows": 46750,"Plan Width": 12,"Actual Startup Time": 23.714,"Actual Total Time": 214.829,"Actual Rows": 36095,"Actual Loops": 4,"Inner Unique": true,"Hash Cond": "(orders.o_custkey = customer.c_custkey)","Workers": [],"Plans": [{"Node Type": "Seq Scan","Parent Relationship": "Outer","Parallel Aware": true,"Async Capable": false,"Relation Name": "orders","Alias": "orders","Startup Cost": 0.00,"Total Cost": 32143.39,"Plan Rows": 233868,"Plan Width": 16,"Actual Startup Time": 0.010,"Actual Total Time": 140.185,"Actual Rows": 180728,"Actual Loops": 4,"Filter": "(o_orderdate < '1995-03-08'::date)","Rows Removed by Filter": 194272,"Workers": []},{"Node Type": "Hash","Parent Relationship": "Inner","Parallel Aware": true,"Async Capable": false,"Startup Cost": 4366.25,"Total Cost": 4366.25,"Plan Rows": 12494,"Plan Width": 4,"Actual Startup Time": 23.223,"Actual Total Time": 23.228,"Actual Rows": 7487,"Actual Loops": 4,"Hash Buckets": 32768,"Original Hash Buckets": 32768,"Hash Batches": 1,"Original Hash Batches": 1,"Peak Memory Usage": 1472,"Workers": [],"Plans": [{"Node Type": "Seq Scan","Parent Relationship": "Outer","Parallel Aware": true,"Async Capable": false,"Relation Name": "customer","Alias": "customer","Startup Cost": 0.00,"Total Cost": 4366.25,"Plan Rows": 12494,"Plan Width": 4,"Actual Startup Time": 0.030,"Actual Total Time": 20.015,"Actual Rows": 7487,"Actual Loops": 4,"Filter": "(c_mktsegment = 'MACHINERY'::bpchar)","Rows Removed by Filter": 30013,"Workers": []}]}]},{"Node Type": "Index Scan","Parent Relationship": "Inner","Parallel Aware": false,"Async Capable": false,"Scan Direction": "Forward","Index Name": "idx_lineitem_orderkey","Relation Name": "lineitem","Alias": "lineitem","Startup Cost": 0.43,"Total Cost": 1.45,"Plan Rows": 9,"Plan Width": 16,"Actual Startup Time": 0.007,"Actual Total Time": 0.007,"Actual Rows": 0,"Actual Loops": 144381,"Index Cond": "(l_orderkey = orders.o_orderkey)","Rows Removed by Index Recheck": 0,"Filter": "(l_shipdate > '1995-03-08'::date)","Rows Removed by Filter": 4,"Workers": []}]}]}]}]},"Planning Time": 5.454,"Triggers": [],"Execution Time": 552.283}]
[{"Plan": {"Node Type": "Sort","Parallel Aware": false,"Async Capable": false,"Startup Cost": 182815.82,"Total Cost": 183620.36,"Plan Rows": 321816,"Plan Width": 44,"Actual Startup Time": 518.754,"Actual Total Time": 529.617,"Actual Rows": 11477,"Actual Loops": 1,"Sort Key": ["(sum((lineitem.l_extendedprice * ('1'::numeric - lineitem.l_discount)))) DESC", "orders.o_orderdate"],"Sort Method": "quicksort","Sort Space Used": 1102,"Sort Space Type": "Memory","Plans": [{"Node Type": "Aggregate","Strategy": "Hashed","Partial Mode": "Simple","Parent Relationship": "Outer","Parallel Aware": false,"Async Capable": false,"Startup Cost": 149353.59,"Total Cost": 153376.29,"Plan Rows": 321816,"Plan Width": 44,"Actual Startup Time": 497.378,"Actual Total Time": 522.728,"Actual Rows": 11477,"Actual Loops": 1,"Group Key": ["lineitem.l_orderkey", "orders.o_orderdate", "orders.o_shippriority"],"Planned Partitions": 0,"HashAgg Batches": 1,"Peak Memory Usage": 20497,"Disk Usage": 0,"Plans": [{"Node Type": "Gather","Parent Relationship": "Outer","Parallel Aware": false,"Async Capable": false,"Startup Cost": 5526.18,"Total Cost": 144526.35,"Plan Rows": 321816,"Plan Width": 24,"Actual Startup Time": 28.773,"Actual Total Time": 477.352,"Actual Rows": 30517,"Actual Loops": 1,"Workers Planned": 3,"Workers Launched": 3,"Single Copy": false,"Plans": [{"Node Type": "Nested Loop","Parent Relationship": "Outer","Parallel Aware": false,"Async Capable": false,"Join Type": "Inner","Startup Cost": 4526.18,"Total Cost": 111344.75,"Plan Rows": 103812,"Plan Width": 24,"Actual Startup Time": 21.655,"Actual Total Time": 480.544,"Actual Rows": 7629,"Actual Loops": 4,"Inner Unique": false,"Workers": [],"Plans": [{"Node Type": "Hash Join","Parent Relationship": "Outer","Parallel Aware": true,"Async Capable": false,"Join Type": "Inner","Startup Cost": 4525.75,"Total Cost": 37293.87,"Plan Rows": 48589,"Plan Width": 12,"Actual Startup Time": 21.466,"Actual Total Time": 204.725,"Actual Rows": 36667,"Actual Loops": 4,"Inner Unique": true,"Hash Cond": "(orders.o_custkey = customer.c_custkey)","Workers": [],"Plans": [{"Node Type": "Seq Scan","Parent Relationship": "Outer","Parallel Aware": true,"Async Capable": false,"Relation Name": "orders","Alias": "orders","Startup Cost": 0.00,"Total Cost": 32143.39,"Plan Rows": 237986,"Plan Width": 16,"Actual Startup Time": 0.009,"Actual Total Time": 137.627,"Actual Rows": 183693,"Actual Loops": 4,"Filter": "(o_orderdate < '1995-03-27'::date)","Rows Removed by Filter": 191307,"Workers": []},{"Node Type": "Hash","Parent Relationship": "Inner","Parallel Aware": true,"Async Capable": false,"Startup Cost": 4366.25,"Total Cost": 4366.25,"Plan Rows": 12760,"Plan Width": 4,"Actual Startup Time": 21.030,"Actual Total Time": 21.033,"Actual Rows": 7492,"Actual Loops": 4,"Hash Buckets": 32768,"Original Hash Buckets": 32768,"Hash Batches": 1,"Original Hash Batches": 1,"Peak Memory Usage": 1504,"Workers": [],"Plans": [{"Node Type": "Seq Scan","Parent Relationship": "Outer","Parallel Aware": true,"Async Capable": false,"Relation Name": "customer","Alias": "customer","Startup Cost": 0.00,"Total Cost": 4366.25,"Plan Rows": 12760,"Plan Width": 4,"Actual Startup Time": 0.042,"Actual Total Time": 18.047,"Actual Rows": 7492,"Actual Loops": 4,"Filter": "(c_mktsegment = 'FURNITURE'::bpchar)","Rows Removed by Filter": 30008,"Workers": []}]}]},{"Node Type": "Index Scan","Parent Relationship": "Inner","Parallel Aware": false,"Async Capable": false,"Scan Direction": "Forward","Index Name": "idx_lineitem_orderkey","Relation Name": "lineitem","Alias": "lineitem","Startup Cost": 0.43,"Total Cost": 1.43,"Plan Rows": 9,"Plan Width": 16,"Actual Startup Time": 0.007,"Actual Total Time": 0.007,"Actual Rows": 0,"Actual Loops": 146667,"Index Cond": "(l_orderkey = orders.o_orderkey)","Rows Removed by Index Recheck": 0,"Filter": "(l_shipdate > '1995-03-27'::date)","Rows Removed by Filter": 4,"Workers": []}]}]}]}]},"Planning Time": 5.704,"Triggers": [],"Execution Time": 543.125}]
[{"Plan": {"Node Type": "Sort","Parallel Aware": false,"Async Capable": false,"Startup Cost": 182667.65,"Total Cost": 183472.20,"Plan Rows": 321820,"Plan Width": 44,"Actual Startup Time": 543.744,"Actual Total Time": 552.991,"Actual Rows": 11462,"Actual Loops": 1,"Sort Key": ["(sum((lineitem.l_extendedprice * ('1'::numeric - lineitem.l_discount)))) DESC", "orders.o_orderdate"],"Sort Method": "quicksort","Sort Space Used": 1101,"Sort Space Type": "Memory","Plans": [{"Node Type": "Aggregate","Strategy": "Hashed","Partial Mode": "Simple","Parent Relationship": "Outer","Parallel Aware": false,"Async Capable": false,"Startup Cost": 149204.98,"Total Cost": 153227.73,"Plan Rows": 321820,"Plan Width": 44,"Actual Startup Time": 521.129,"Actual Total Time": 544.581,"Actual Rows": 11462,"Actual Loops": 1,"Group Key": ["lineitem.l_orderkey", "orders.o_orderdate", "orders.o_shippriority"],"Planned Partitions": 0,"HashAgg Batches": 1,"Peak Memory Usage": 20497,"Disk Usage": 0,"Plans": [{"Node Type": "Gather","Parent Relationship": "Outer","Parallel Aware": false,"Async Capable": false,"Startup Cost": 5526.18,"Total Cost": 144377.68,"Plan Rows": 321820,"Plan Width": 24,"Actual Startup Time": 32.860,"Actual Total Time": 495.078,"Actual Rows": 30397,"Actual Loops": 1,"Workers Planned": 3,"Workers Launched": 3,"Single Copy": false,"Plans": [{"Node Type": "Nested Loop","Parent Relationship": "Outer","Parallel Aware": false,"Async Capable": false,"Join Type": "Inner","Startup Cost": 4526.18,"Total Cost": 111195.68,"Plan Rows": 103813,"Plan Width": 24,"Actual Startup Time": 25.980,"Actual Total Time": 503.540,"Actual Rows": 7599,"Actual Loops": 4,"Inner Unique": false,"Workers": [],"Plans": [{"Node Type": "Hash Join","Parent Relationship": "Outer","Parallel Aware": true,"Async Capable": false,"Join Type": "Inner","Startup Cost": 4525.75,"Total Cost": 37291.69,"Plan Rows": 48419,"Plan Width": 12,"Actual Startup Time": 25.732,"Actual Total Time": 221.977,"Actual Rows": 36540,"Actual Loops": 4,"Inner Unique": true,"Hash Cond": "(orders.o_custkey = customer.c_custkey)","Workers": [],"Plans": [{"Node Type": "Seq Scan","Parent Relationship": "Outer","Parallel Aware": true,"Async Capable": false,"Relation Name": "orders","Alias": "orders","Startup Cost": 0.00,"Total Cost": 32143.39,"Plan Rows": 237155,"Plan Width": 16,"Actual Startup Time": 0.009,"Actual Total Time": 144.265,"Actual Rows": 183072,"Actual Loops": 4,"Filter": "(o_orderdate < '1995-03-23'::date)","Rows Removed by Filter": 191928,"Workers": []},{"Node Type": "Hash","Parent Relationship": "Inner","Parallel Aware": true,"Async Capable": false,"Startup Cost": 4366.25,"Total Cost": 4366.25,"Plan Rows": 12760,"Plan Width": 4,"Actual Startup Time": 25.309,"Actual Total Time": 25.314,"Actual Rows": 7492,"Actual Loops": 4,"Hash Buckets": 32768,"Original Hash Buckets": 32768,"Hash Batches": 1,"Original Hash Batches": 1,"Peak Memory Usage": 1504,"Workers": [],"Plans": [{"Node Type": "Seq Scan","Parent Relationship": "Outer","Parallel Aware": true,"Async Capable": false,"Relation Name": "customer","Alias": "customer","Startup Cost": 0.00,"Total Cost": 4366.25,"Plan Rows": 12760,"Plan Width": 4,"Actual Startup Time": 0.040,"Actual Total Time": 21.463,"Actual Rows": 7492,"Actual Loops": 4,"Filter": "(c_mktsegment = 'FURNITURE'::bpchar)","Rows Removed by Filter": 30008,"Workers": []}]}]},{"Node Type": "Index Scan","Parent Relationship": "Inner","Parallel Aware": false,"Async Capable": false,"Scan Direction": "Forward","Index Name": "idx_lineitem_orderkey","Relation Name": "lineitem","Alias": "lineitem","Startup Cost": 0.43,"Total Cost": 1.44,"Plan Rows": 9,"Plan Width": 16,"Actual Startup Time": 0.007,"Actual Total Time": 0.007,"Actual Rows": 0,"Actual Loops": 146161,"Index Cond": "(l_orderkey = orders.o_orderkey)","Rows Removed by Index Recheck": 0,"Filter": "(l_shipdate > '1995-03-23'::date)","Rows Removed by Filter": 4,"Workers": []}]}]}]}]},"Planning Time": 5.414,"Triggers": [],"Execution Time": 565.758}]
[{"Plan": {"Node Type": "Sort","Parallel Aware": false,"Async Capable": false,"Startup Cost": 178425.31,"Total Cost": 179206.61,"Plan Rows": 312521,"Plan Width": 44,"Actual Startup Time": 540.344,"Actual Total Time": 551.563,"Actual Rows": 11671,"Actual Loops": 1,"Sort Key": ["(sum((lineitem.l_extendedprice * ('1'::numeric - lineitem.l_discount)))) DESC", "orders.o_orderdate"],"Sort Method": "quicksort","Sort Space Used": 1114,"Sort Space Type": "Memory","Plans": [{"Node Type": "Aggregate","Strategy": "Hashed","Partial Mode": "Simple","Parent Relationship": "Outer","Parallel Aware": false,"Async Capable": false,"Startup Cost": 145995.64,"Total Cost": 149902.15,"Plan Rows": 312521,"Plan Width": 44,"Actual Startup Time": 518.167,"Actual Total Time": 543.011,"Actual Rows": 11671,"Actual Loops": 1,"Group Key": ["lineitem.l_orderkey", "orders.o_orderdate", "orders.o_shippriority"],"Planned Partitions": 0,"HashAgg Batches": 1,"Peak Memory Usage": 20497,"Disk Usage": 0,"Plans": [{"Node Type": "Gather","Parent Relationship": "Outer","Parallel Aware": false,"Async Capable": false,"Startup Cost": 5521.58,"Total Cost": 141307.82,"Plan Rows": 312521,"Plan Width": 24,"Actual Startup Time": 33.738,"Actual Total Time": 494.094,"Actual Rows": 30516,"Actual Loops": 1,"Workers Planned": 3,"Workers Launched": 3,"Single Copy": false,"Plans": [{"Node Type": "Nested Loop","Parent Relationship": "Outer","Parallel Aware": false,"Async Capable": false,"Join Type": "Inner","Startup Cost": 4521.58,"Total Cost": 109055.72,"Plan Rows": 100813,"Plan Width": 24,"Actual Startup Time": 27.044,"Actual Total Time": 500.944,"Actual Rows": 7629,"Actual Loops": 4,"Inner Unique": false,"Workers": [],"Plans": [{"Node Type": "Hash Join","Parent Relationship": "Outer","Parallel Aware": true,"Async Capable": false,"Join Type": "Inner","Startup Cost": 4521.15,"Total Cost": 37287.09,"Plan Rows": 47020,"Plan Width": 12,"Actual Startup Time": 26.918,"Actual Total Time": 218.749,"Actual Rows": 37039,"Actual Loops": 4,"Inner Unique": true,"Hash Cond": "(orders.o_custkey = customer.c_custkey)","Workers": [],"Plans": [{"Node Type": "Seq Scan","Parent Relationship": "Outer","Parallel Aware": true,"Async Capable": false,"Relation Name": "orders","Alias": "orders","Startup Cost": 0.00,"Total Cost": 32143.39,"Plan Rows": 237155,"Plan Width": 16,"Actual Startup Time": 0.011,"Actual Total Time": 140.451,"Actual Rows": 183072,"Actual Loops": 4,"Filter": "(o_orderdate < '1995-03-23'::date)","Rows Removed by Filter": 191928,"Workers": []},{"Node Type": "Hash","Parent Relationship": "Inner","Parallel Aware": true,"Async Capable": false,"Startup Cost": 4366.25,"Total Cost": 4366.25,"Plan Rows": 12392,"Plan Width": 4,"Actual Startup Time": 26.441,"Actual Total Time": 26.447,"Actual Rows": 7536,"Actual Loops": 4,"Hash Buckets": 32768,"Original Hash Buckets": 32768,"Hash Batches": 1,"Original Hash Batches": 1,"Peak Memory Usage": 1504,"Workers": [],"Plans": [{"Node Type": "Seq Scan","Parent Relationship": "Outer","Parallel Aware": true,"Async Capable": false,"Relation Name": "customer","Alias": "customer","Startup Cost": 0.00,"Total Cost": 4366.25,"Plan Rows": 12392,"Plan Width": 4,"Actual Startup Time": 0.038,"Actual Total Time": 22.563,"Actual Rows": 7536,"Actual Loops": 4,"Filter": "(c_mktsegment = 'BUILDING'::bpchar)","Rows Removed by Filter": 29964,"Workers": []}]}]},{"Node Type": "Index Scan","Parent Relationship": "Inner","Parallel Aware": false,"Async Capable": false,"Scan Direction": "Forward","Index Name": "idx_lineitem_orderkey","Relation Name": "lineitem","Alias": "lineitem","Startup Cost": 0.43,"Total Cost": 1.44,"Plan Rows": 9,"Plan Width": 16,"Actual Startup Time": 0.007,"Actual Total Time": 0.007,"Actual Rows": 0,"Actual Loops": 148155,"Index Cond": "(l_orderkey = orders.o_orderkey)","Rows Removed by Index Recheck": 0,"Filter": "(l_shipdate > '1995-03-23'::date)","Rows Removed by Filter": 4,"Workers": []}]}]}]}]},"Planning Time": 6.394,"Triggers": [],"Execution Time": 563.775}]
[{"Plan": {"Node Type": "Sort","Parallel Aware": false,"Async Capable": false,"Startup Cost": 179205.35,"Total Cost": 179992.70,"Plan Rows": 314941,"Plan Width": 44,"Actual Startup Time": 547.898,"Actual Total Time": 556.901,"Actual Rows": 11433,"Actual Loops": 1,"Sort Key": ["(sum((lineitem.l_extendedprice * ('1'::numeric - lineitem.l_discount)))) DESC", "orders.o_orderdate"],"Sort Method": "quicksort","Sort Space Used": 1099,"Sort Space Type": "Memory","Plans": [{"Node Type": "Aggregate","Strategy": "Hashed","Partial Mode": "Simple","Parent Relationship": "Outer","Parallel Aware": false,"Async Capable": false,"Startup Cost": 146507.04,"Total Cost": 150443.80,"Plan Rows": 314941,"Plan Width": 44,"Actual Startup Time": 525.001,"Actual Total Time": 548.382,"Actual Rows": 11433,"Actual Loops": 1,"Group Key": ["lineitem.l_orderkey", "orders.o_orderdate", "orders.o_shippriority"],"Planned Partitions": 0,"HashAgg Batches": 1,"Peak Memory Usage": 20497,"Disk Usage": 0,"Plans": [{"Node Type": "Gather","Parent Relationship": "Outer","Parallel Aware": false,"Async Capable": false,"Startup Cost": 5522.96,"Total Cost": 141782.92,"Plan Rows": 314941,"Plan Width": 24,"Actual Startup Time": 34.673,"Actual Total Time": 501.679,"Actual Rows": 30296,"Actual Loops": 1,"Workers Planned": 3,"Workers Launched": 3,"Single Copy": false,"Plans": [{"Node Type": "Nested Loop","Parent Relationship": "Outer","Parallel Aware": false,"Async Capable": false,"Join Type": "Inner","Startup Cost": 4522.96,"Total Cost": 109288.82,"Plan Rows": 101594,"Plan Width": 24,"Actual Startup Time": 27.127,"Actual Total Time": 507.623,"Actual Rows": 7574,"Actual Loops": 4,"Inner Unique": false,"Workers": [],"Plans": [{"Node Type": "Hash Join","Parent Relationship": "Outer","Parallel Aware": true,"Async Capable": false,"Join Type": "Inner","Startup Cost": 4522.52,"Total Cost": 37282.35,"Plan Rows": 46973,"Plan Width": 12,"Actual Startup Time": 26.994,"Actual Total Time": 224.261,"Actual Rows": 36225,"Actual Loops": 4,"Inner Unique": true,"Hash Cond": "(orders.o_custkey = customer.c_custkey)","Workers": [],"Plans": [{"Node Type": "Seq Scan","Parent Relationship": "Outer","Parallel Aware": true,"Async Capable": false,"Relation Name": "orders","Alias": "orders","Startup Cost": 0.00,"Total Cost": 32143.39,"Plan Rows": 234824,"Plan Width": 16,"Actual Startup Time": 0.014,"Actual Total Time": 146.442,"Actual Rows": 181502,"Actual Loops": 4,"Filter": "(o_orderdate < '1995-03-13'::date)","Rows Removed by Filter": 193498,"Workers": []},{"Node Type": "Hash","Parent Relationship": "Inner","Parallel Aware": true,"Async Capable": false,"Startup Cost": 4366.25,"Total Cost": 4366.25,"Plan Rows": 12502,"Plan Width": 4,"Actual Startup Time": 26.476,"Actual Total Time": 26.480,"Actual Rows": 7547,"Actual Loops": 4,"Hash Buckets": 32768,"Original Hash Buckets": 32768,"Hash Batches": 1,"Original Hash Batches": 1,"Peak Memory Usage": 1504,"Workers": [],"Plans": [{"Node Type": "Seq Scan","Parent Relationship": "Outer","Parallel Aware": true,"Async Capable": false,"Relation Name": "customer","Alias": "customer","Startup Cost": 0.00,"Total Cost": 4366.25,"Plan Rows": 12502,"Plan Width": 4,"Actual Startup Time": 0.049,"Actual Total Time": 23.106,"Actual Rows": 7547,"Actual Loops": 4,"Filter": "(c_mktsegment = 'HOUSEHOLD'::bpchar)","Rows Removed by Filter": 29953,"Workers": []}]}]},{"Node Type": "Index Scan","Parent Relationship": "Inner","Parallel Aware": false,"Async Capable": false,"Scan Direction": "Forward","Index Name": "idx_lineitem_orderkey","Relation Name": "lineitem","Alias": "lineitem","Startup Cost": 0.43,"Total Cost": 1.44,"Plan Rows": 9,"Plan Width": 16,"Actual Startup Time": 0.007,"Actual Total Time": 0.008,"Actual Rows": 0,"Actual Loops": 144901,"Index Cond": "(l_orderkey = orders.o_orderkey)","Rows Removed by Index Recheck": 0,"Filter": "(l_shipdate > '1995-03-13'::date)","Rows Removed by Filter": 4,"Workers": []}]}]}]}]},"Planning Time": 5.607,"Triggers": [],"Execution Time": 570.738}]
[{"Plan": {"Node Type": "Sort","Parallel Aware": false,"Async Capable": false,"Startup Cost": 177689.13,"Total Cost": 178468.22,"Plan Rows": 311636,"Plan Width": 44,"Actual Startup Time": 547.740,"Actual Total Time": 554.827,"Actual Rows": 11507,"Actual Loops": 1,"Sort Key": ["(sum((lineitem.l_extendedprice * ('1'::numeric - lineitem.l_discount)))) DESC", "orders.o_orderdate"],"Sort Method": "quicksort","Sort Space Used": 1104,"Sort Space Type": "Memory","Plans": [{"Node Type": "Aggregate","Strategy": "Hashed","Partial Mode": "Simple","Parent Relationship": "Outer","Parallel Aware": false,"Async Capable": false,"Startup Cost": 145357.67,"Total Cost": 149253.12,"Plan Rows": 311636,"Plan Width": 44,"Actual Startup Time": 521.896,"Actual Total Time": 545.740,"Actual Rows": 11507,"Actual Loops": 1,"Group Key": ["lineitem.l_orderkey", "orders.o_orderdate", "orders.o_shippriority"],"Planned Partitions": 0,"HashAgg Batches": 1,"Peak Memory Usage": 20497,"Disk Usage": 0,"Plans": [{"Node Type": "Gather","Parent Relationship": "Outer","Parallel Aware": false,"Async Capable": false,"Startup Cost": 5521.08,"Total Cost": 140683.13,"Plan Rows": 311636,"Plan Width": 24,"Actual Startup Time": 33.293,"Actual Total Time": 494.163,"Actual Rows": 30382,"Actual Loops": 1,"Workers Planned": 3,"Workers Launched": 3,"Single Copy": false,"Plans": [{"Node Type": "Nested Loop","Parent Relationship": "Outer","Parallel Aware": false,"Async Capable": false,"Join Type": "Inner","Startup Cost": 4521.08,"Total Cost": 108519.53,"Plan Rows": 100528,"Plan Width": 24,"Actual Startup Time": 26.353,"Actual Total Time": 504.572,"Actual Rows": 7596,"Actual Loops": 4,"Inner Unique": false,"Workers": [],"Plans": [{"Node Type": "Hash Join","Parent Relationship": "Outer","Parallel Aware": true,"Async Capable": false,"Join Type": "Inner","Startup Cost": 4520.65,"Total Cost": 37281.95,"Plan Rows": 46520,"Plan Width": 12,"Actual Startup Time": 25.888,"Actual Total Time": 221.724,"Actual Rows": 36136,"Actual Loops": 4,"Inner Unique": true,"Hash Cond": "(orders.o_custkey = customer.c_custkey)","Workers": [],"Plans": [{"Node Type": "Seq Scan","Parent Relationship": "Outer","Parallel Aware": true,"Async Capable": false,"Relation Name": "orders","Alias": "orders","Startup Cost": 0.00,"Total Cost": 32143.39,"Plan Rows": 235386,"Plan Width": 16,"Actual Startup Time": 0.014,"Actual Total Time": 145.999,"Actual Rows": 181666,"Actual Loops": 4,"Filter": "(o_orderdate < '1995-03-14'::date)","Rows Removed by Filter": 193334,"Workers": []},{"Node Type": "Hash","Parent Relationship": "Inner","Parallel Aware": true,"Async Capable": false,"Startup Cost": 4366.25,"Total Cost": 4366.25,"Plan Rows": 12352,"Plan Width": 4,"Actual Startup Time": 25.346,"Actual Total Time": 25.352,"Actual Rows": 7438,"Actual Loops": 4,"Hash Buckets": 32768,"Original Hash Buckets": 32768,"Hash Batches": 1,"Original Hash Batches": 1,"Peak Memory Usage": 1472,"Workers": [],"Plans": [{"Node Type": "Seq Scan","Parent Relationship": "Outer","Parallel Aware": true,"Async Capable": false,"Relation Name": "customer","Alias": "customer","Startup Cost": 0.00,"Total Cost": 4366.25,"Plan Rows": 12352,"Plan Width": 4,"Actual Startup Time": 0.033,"Actual Total Time": 22.006,"Actual Rows": 7438,"Actual Loops": 4,"Filter": "(c_mktsegment = 'AUTOMOBILE'::bpchar)","Rows Removed by Filter": 30062,"Workers": []}]}]},{"Node Type": "Index Scan","Parent Relationship": "Inner","Parallel Aware": false,"Async Capable": false,"Scan Direction": "Forward","Index Name": "idx_lineitem_orderkey","Relation Name": "lineitem","Alias": "lineitem","Startup Cost": 0.43,"Total Cost": 1.44,"Plan Rows": 9,"Plan Width": 16,"Actual Startup Time": 0.007,"Actual Total Time": 0.008,"Actual Rows": 0,"Actual Loops": 144544,"Index Cond": "(l_orderkey = orders.o_orderkey)","Rows Removed by Index Recheck": 0,"Filter": "(l_shipdate > '1995-03-14'::date)","Rows Removed by Filter": 4,"Workers": []}]}]}]}]},"Planning Time": 6.253,"Triggers": [],"Execution Time": 568.924}]
[{"Plan": {"Node Type": "Sort","Parallel Aware": false,"Async Capable": false,"Startup Cost": 179743.22,"Total Cost": 180530.95,"Plan Rows": 315090,"Plan Width": 44,"Actual Startup Time": 532.189,"Actual Total Time": 542.549,"Actual Rows": 11261,"Actual Loops": 1,"Sort Key": ["(sum((lineitem.l_extendedprice * ('1'::numeric - lineitem.l_discount)))) DESC", "orders.o_orderdate"],"Sort Method": "quicksort","Sort Space Used": 1088,"Sort Space Type": "Memory","Plans": [{"Node Type": "Aggregate","Strategy": "Hashed","Partial Mode": "Simple","Parent Relationship": "Outer","Parallel Aware": false,"Async Capable": false,"Startup Cost": 147028.37,"Total Cost": 150966.99,"Plan Rows": 315090,"Plan Width": 44,"Actual Startup Time": 509.724,"Actual Total Time": 534.588,"Actual Rows": 11261,"Actual Loops": 1,"Group Key": ["lineitem.l_orderkey", "orders.o_orderdate", "orders.o_shippriority"],"Planned Partitions": 0,"HashAgg Batches": 1,"Peak Memory Usage": 20497,"Disk Usage": 0,"Plans": [{"Node Type": "Gather","Parent Relationship": "Outer","Parallel Aware": false,"Async Capable": false,"Startup Cost": 5522.86,"Total Cost": 142302.02,"Plan Rows": 315090,"Plan Width": 24,"Actual Startup Time": 30.817,"Actual Total Time": 488.937,"Actual Rows": 29798,"Actual Loops": 1,"Workers Planned": 3,"Workers Launched": 3,"Single Copy": false,"Plans": [{"Node Type": "Nested Loop","Parent Relationship": "Outer","Parallel Aware": false,"Async Capable": false,"Join Type": "Inner","Startup Cost": 4522.86,"Total Cost": 109793.02,"Plan Rows": 101642,"Plan Width": 24,"Actual Startup Time": 23.583,"Actual Total Time": 493.251,"Actual Rows": 7450,"Actual Loops": 4,"Inner Unique": false,"Workers": [],"Plans": [{"Node Type": "Hash Join","Parent Relationship": "Outer","Parallel Aware": true,"Async Capable": false,"Join Type": "Inner","Startup Cost": 4522.43,"Total Cost": 37290.55,"Plan Rows": 47573,"Plan Width": 12,"Actual Startup Time": 23.225,"Actual Total Time": 214.604,"Actual Rows": 36679,"Actual Loops": 4,"Inner Unique": true,"Hash Cond": "(orders.o_custkey = customer.c_custkey)","Workers": [],"Plans": [{"Node Type": "Seq Scan","Parent Relationship": "Outer","Parallel Aware": true,"Async Capable": false,"Relation Name": "orders","Alias": "orders","Startup Cost": 0.00,"Total Cost": 32143.39,"Plan Rows": 237986,"Plan Width": 16,"Actual Startup Time": 0.014,"Actual Total Time": 140.482,"Actual Rows": 183693,"Actual Loops": 4,"Filter": "(o_orderdate < '1995-03-27'::date)","Rows Removed by Filter": 191307,"Workers": []},{"Node Type": "Hash","Parent Relationship": "Inner","Parallel Aware": true,"Async Capable": false,"Startup Cost": 4366.25,"Total Cost": 4366.25,"Plan Rows": 12494,"Plan Width": 4,"Actual Startup Time": 22.775,"Actual Total Time": 22.780,"Actual Rows": 7487,"Actual Loops": 4,"Hash Buckets": 32768,"Original Hash Buckets": 32768,"Hash Batches": 1,"Original Hash Batches": 1,"Peak Memory Usage": 1472,"Workers": [],"Plans": [{"Node Type": "Seq Scan","Parent Relationship": "Outer","Parallel Aware": true,"Async Capable": false,"Relation Name": "customer","Alias": "customer","Startup Cost": 0.00,"Total Cost": 4366.25,"Plan Rows": 12494,"Plan Width": 4,"Actual Startup Time": 0.029,"Actual Total Time": 19.637,"Actual Rows": 7487,"Actual Loops": 4,"Filter": "(c_mktsegment = 'MACHINERY'::bpchar)","Rows Removed by Filter": 30013,"Workers": []}]}]},{"Node Type": "Index Scan","Parent Relationship": "Inner","Parallel Aware": false,"Async Capable": false,"Scan Direction": "Forward","Index Name": "idx_lineitem_orderkey","Relation Name": "lineitem","Alias": "lineitem","Startup Cost": 0.43,"Total Cost": 1.43,"Plan Rows": 9,"Plan Width": 16,"Actual Startup Time": 0.007,"Actual Total Time": 0.007,"Actual Rows": 0,"Actual Loops": 146715,"Index Cond": "(l_orderkey = orders.o_orderkey)","Rows Removed by Index Recheck": 0,"Filter": "(l_shipdate > '1995-03-27'::date)","Rows Removed by Filter": 4,"Workers": []}]}]}]}]},"Planning Time": 6.025,"Triggers": [],"Execution Time": 555.958}]
[{"Plan": {"Node Type": "Sort","Parallel Aware": false,"Async Capable": false,"Startup Cost": 177689.13,"Total Cost": 178468.22,"Plan Rows": 311636,"Plan Width": 44,"Actual Startup Time": 547.740,"Actual Total Time": 554.827,"Actual Rows": 11507,"Actual Loops": 1,"Sort Key": ["(sum((lineitem.l_extendedprice * ('1'::numeric - lineitem.l_discount)))) DESC", "orders.o_orderdate"],"Sort Method": "quicksort","Sort Space Used": 1104,"Sort Space Type": "Memory","Plans": [{"Node Type": "Aggregate","Strategy": "Hashed","Partial Mode": "Simple","Parent Relationship": "Outer","Parallel Aware": false,"Async Capable": false,"Startup Cost": 145357.67,"Total Cost": 149253.12,"Plan Rows": 311636,"Plan Width": 44,"Actual Startup Time": 521.896,"Actual Total Time": 545.740,"Actual Rows": 11507,"Actual Loops": 1,"Group Key": ["lineitem.l_orderkey", "orders.o_orderdate", "orders.o_shippriority"],"Planned Partitions": 0,"HashAgg Batches": 1,"Peak Memory Usage": 20497,"Disk Usage": 0,"Plans": [{"Node Type": "Gather","Parent Relationship": "Outer","Parallel Aware": false,"Async Capable": false,"Startup Cost": 5521.08,"Total Cost": 140683.13,"Plan Rows": 311636,"Plan Width": 24,"Actual Startup Time": 33.293,"Actual Total Time": 494.163,"Actual Rows": 30382,"Actual Loops": 1,"Workers Planned": 3,"Workers Launched": 3,"Single Copy": false,"Plans": [{"Node Type": "Nested Loop","Parent Relationship": "Outer","Parallel Aware": false,"Async Capable": false,"Join Type": "Inner","Startup Cost": 4521.08,"Total Cost": 108519.53,"Plan Rows": 100528,"Plan Width": 24,"Actual Startup Time": 26.353,"Actual Total Time": 504.572,"Actual Rows": 7596,"Actual Loops": 4,"Inner Unique": false,"Workers": [],"Plans": [{"Node Type": "Hash Join","Parent Relationship": "Outer","Parallel Aware": true,"Async Capable": false,"Join Type": "Inner","Startup Cost": 4520.65,"Total Cost": 37281.95,"Plan Rows": 46520,"Plan Width": 12,"Actual Startup Time": 25.888,"Actual Total Time": 221.724,"Actual Rows": 36136,"Actual Loops": 4,"Inner Unique": true,"Hash Cond": "(orders.o_custkey = customer.c_custkey)","Workers": [],"Plans": [{"Node Type": "Seq Scan","Parent Relationship": "Outer","Parallel Aware": true,"Async Capable": false,"Relation Name": "orders","Alias": "orders","Startup Cost": 0.00,"Total Cost": 32143.39,"Plan Rows": 235386,"Plan Width": 16,"Actual Startup Time": 0.014,"Actual Total Time": 145.999,"Actual Rows": 181666,"Actual Loops": 4,"Filter": "(o_orderdate < '1995-03-14'::date)","Rows Removed by Filter": 193334,"Workers": []},{"Node Type": "Hash","Parent Relationship": "Inner","Parallel Aware": true,"Async Capable": false,"Startup Cost": 4366.25,"Total Cost": 4366.25,"Plan Rows": 12352,"Plan Width": 4,"Actual Startup Time": 25.346,"Actual Total Time": 25.352,"Actual Rows": 7438,"Actual Loops": 4,"Hash Buckets": 32768,"Original Hash Buckets": 32768,"Hash Batches": 1,"Original Hash Batches": 1,"Peak Memory Usage": 1472,"Workers": [],"Plans": [{"Node Type": "Seq Scan","Parent Relationship": "Outer","Parallel Aware": true,"Async Capable": false,"Relation Name": "customer","Alias": "customer","Startup Cost": 0.00,"Total Cost": 4366.25,"Plan Rows": 12352,"Plan Width": 4,"Actual Startup Time": 0.033,"Actual Total Time": 22.006,"Actual Rows": 7438,"Actual Loops": 4,"Filter": "(c_mktsegment = 'AUTOMOBILE'::bpchar)","Rows Removed by Filter": 30062,"Workers": []}]}]},{"Node Type": "Index Scan","Parent Relationship": "Inner","Parallel Aware": false,"Async Capable": false,"Scan Direction": "Forward","Index Name": "idx_lineitem_orderkey","Relation Name": "lineitem","Alias": "lineitem","Startup Cost": 0.43,"Total Cost": 1.44,"Plan Rows": 9,"Plan Width": 16,"Actual Startup Time": 0.007,"Actual Total Time": 0.008,"Actual Rows": 0,"Actual Loops": 144544,"Index Cond": "(l_orderkey = orders.o_orderkey)","Rows Removed by Index Recheck": 0,"Filter": "(l_shipdate > '1995-03-14'::date)","Rows Removed by Filter": 4,"Workers": []}]}]}]}]},"Planning Time": 6.253,"Triggers": [],"Execution Time": 568.924}]
[{"Plan": {"Node Type": "Sort","Parallel Aware": false,"Async Capable": false,"Startup Cost": 179469.09,"Total Cost": 180257.54,"Plan Rows": 315382,"Plan Width": 44,"Actual Startup Time": 545.628,"Actual Total Time": 553.006,"Actual Rows": 11409,"Actual Loops": 1,"Sort Key": ["(sum((lineitem.l_extendedprice * ('1'::numeric - lineitem.l_discount)))) DESC", "orders.o_orderdate"],"Sort Method": "quicksort","Sort Space Used": 1098,"Sort Space Type": "Memory","Plans": [{"Node Type": "Aggregate","Strategy": "Hashed","Partial Mode": "Simple","Parent Relationship": "Outer","Parallel Aware": false,"Async Capable": false,"Startup Cost": 146721.81,"Total Cost": 150664.08,"Plan Rows": 315382,"Plan Width": 44,"Actual Startup Time": 522.723,"Actual Total Time": 547.084,"Actual Rows": 11409,"Actual Loops": 1,"Group Key": ["lineitem.l_orderkey", "orders.o_orderdate", "orders.o_shippriority"],"Planned Partitions": 0,"HashAgg Batches": 1,"Peak Memory Usage": 20497,"Disk Usage": 0,"Plans": [{"Node Type": "Gather","Parent Relationship": "Outer","Parallel Aware": false,"Async Capable": false,"Startup Cost": 5522.96,"Total Cost": 141991.08,"Plan Rows": 315382,"Plan Width": 24,"Actual Startup Time": 34.160,"Actual Total Time": 500.723,"Actual Rows": 30251,"Actual Loops": 1,"Workers Planned": 3,"Workers Launched": 3,"Single Copy": false,"Plans": [{"Node Type": "Nested Loop","Parent Relationship": "Outer","Parallel Aware": false,"Async Capable": false,"Join Type": "Inner","Startup Cost": 4522.96,"Total Cost": 109452.88,"Plan Rows": 101736,"Plan Width": 24,"Actual Startup Time": 26.648,"Actual Total Time": 505.346,"Actual Rows": 7563,"Actual Loops": 4,"Inner Unique": false,"Workers": [],"Plans": [{"Node Type": "Hash Join","Parent Relationship": "Outer","Parallel Aware": true,"Async Capable": false,"Join Type": "Inner","Startup Cost": 4522.52,"Total Cost": 37284.83,"Plan Rows": 47161,"Plan Width": 12,"Actual Startup Time": 26.508,"Actual Total Time": 221.951,"Actual Rows": 36317,"Actual Loops": 4,"Inner Unique": true,"Hash Cond": "(orders.o_custkey = customer.c_custkey)","Workers": [],"Plans": [{"Node Type": "Seq Scan","Parent Relationship": "Outer","Parallel Aware": true,"Async Capable": false,"Relation Name": "orders","Alias": "orders","Startup Cost": 0.00,"Total Cost": 32143.39,"Plan Rows": 235768,"Plan Width": 16,"Actual Startup Time": 0.011,"Actual Total Time": 144.993,"Actual Rows": 181977,"Actual Loops": 4,"Filter": "(o_orderdate < '1995-03-16'::date)","Rows Removed by Filter": 193023,"Workers": []},{"Node Type": "Hash","Parent Relationship": "Inner","Parallel Aware": true,"Async Capable": false,"Startup Cost": 4366.25,"Total Cost": 4366.25,"Plan Rows": 12502,"Plan Width": 4,"Actual Startup Time": 25.955,"Actual Total Time": 25.961,"Actual Rows": 7547,"Actual Loops": 4,"Hash Buckets": 32768,"Original Hash Buckets": 32768,"Hash Batches": 1,"Original Hash Batches": 1,"Peak Memory Usage": 1504,"Workers": [],"Plans": [{"Node Type": "Seq Scan","Parent Relationship": "Outer","Parallel Aware": true,"Async Capable": false,"Relation Name": "customer","Alias": "customer","Startup Cost": 0.00,"Total Cost": 4366.25,"Plan Rows": 12502,"Plan Width": 4,"Actual Startup Time": 0.036,"Actual Total Time": 22.659,"Actual Rows": 7547,"Actual Loops": 4,"Filter": "(c_mktsegment = 'HOUSEHOLD'::bpchar)","Rows Removed by Filter": 29953,"Workers": []}]}]},{"Node Type": "Index Scan","Parent Relationship": "Inner","Parallel Aware": false,"Async Capable": false,"Scan Direction": "Forward","Index Name": "idx_lineitem_orderkey","Relation Name": "lineitem","Alias": "lineitem","Startup Cost": 0.43,"Total Cost": 1.44,"Plan Rows": 9,"Plan Width": 16,"Actual Startup Time": 0.007,"Actual Total Time": 0.008,"Actual Rows": 0,"Actual Loops": 145269,"Index Cond": "(l_orderkey = orders.o_orderkey)","Rows Removed by Index Recheck": 0,"Filter": "(l_shipdate > '1995-03-16'::date)","Rows Removed by Filter": 4,"Workers": []}]}]}]}]},"Planning Time": 5.284,"Triggers": [],"Execution Time": 567.872}]
[{"Plan": {"Node Type": "Sort","Parallel Aware": false,"Async Capable": false,"Startup Cost": 179851.17,"Total Cost": 180638.87,"Plan Rows": 315082,"Plan Width": 44,"Actual Startup Time": 546.335,"Actual Total Time": 556.445,"Actual Rows": 11289,"Actual Loops": 1,"Sort Key": ["(sum((lineitem.l_extendedprice * ('1'::numeric - lineitem.l_discount)))) DESC", "orders.o_orderdate"],"Sort Method": "quicksort","Sort Space Used": 1090,"Sort Space Type": "Memory","Plans": [{"Node Type": "Aggregate","Strategy": "Hashed","Partial Mode": "Simple","Parent Relationship": "Outer","Parallel Aware": false,"Async Capable": false,"Startup Cost": 147137.20,"Total Cost": 151075.73,"Plan Rows": 315082,"Plan Width": 44,"Actual Startup Time": 523.070,"Actual Total Time": 548.344,"Actual Rows": 11289,"Actual Loops": 1,"Group Key": ["lineitem.l_orderkey", "orders.o_orderdate", "orders.o_shippriority"],"Planned Partitions": 0,"HashAgg Batches": 1,"Peak Memory Usage": 20497,"Disk Usage": 0,"Plans": [{"Node Type": "Gather","Parent Relationship": "Outer","Parallel Aware": false,"Async Capable": false,"Startup Cost": 5522.86,"Total Cost": 142410.97,"Plan Rows": 315082,"Plan Width": 24,"Actual Startup Time": 33.060,"Actual Total Time": 499.358,"Actual Rows": 29911,"Actual Loops": 1,"Workers Planned": 3,"Workers Launched": 3,"Single Copy": false,"Plans": [{"Node Type": "Nested Loop","Parent Relationship": "Outer","Parallel Aware": false,"Async Capable": false,"Join Type": "Inner","Startup Cost": 4522.86,"Total Cost": 109902.77,"Plan Rows": 101639,"Plan Width": 24,"Actual Startup Time": 25.799,"Actual Total Time": 505.268,"Actual Rows": 7478,"Actual Loops": 4,"Inner Unique": false,"Workers": [],"Plans": [{"Node Type": "Hash Join","Parent Relationship": "Outer","Parallel Aware": true,"Async Capable": false,"Join Type": "Inner","Startup Cost": 4522.43,"Total Cost": 37292.18,"Plan Rows": 47698,"Plan Width": 12,"Actual Startup Time": 25.416,"Actual Total Time": 219.516,"Actual Rows": 36776,"Actual Loops": 4,"Inner Unique": true,"Hash Cond": "(orders.o_custkey = customer.c_custkey)","Workers": [],"Plans": [{"Node Type": "Seq Scan","Parent Relationship": "Outer","Parallel Aware": true,"Async Capable": false,"Relation Name": "orders","Alias": "orders","Startup Cost": 0.00,"Total Cost": 32143.39,"Plan Rows": 238609,"Plan Width": 16,"Actual Startup Time": 0.008,"Actual Total Time": 143.145,"Actual Rows": 184142,"Actual Loops": 4,"Filter": "(o_orderdate < '1995-03-30'::date)","Rows Removed by Filter": 190858,"Workers": []},{"Node Type": "Hash","Parent Relationship": "Inner","Parallel Aware": true,"Async Capable": false,"Startup Cost": 4366.25,"Total Cost": 4366.25,"Plan Rows": 12494,"Plan Width": 4,"Actual Startup Time": 24.916,"Actual Total Time": 24.922,"Actual Rows": 7487,"Actual Loops": 4,"Hash Buckets": 32768,"Original Hash Buckets": 32768,"Hash Batches": 1,"Original Hash Batches": 1,"Peak Memory Usage": 1472,"Workers": [],"Plans": [{"Node Type": "Seq Scan","Parent Relationship": "Outer","Parallel Aware": true,"Async Capable": false,"Relation Name": "customer","Alias": "customer","Startup Cost": 0.00,"Total Cost": 4366.25,"Plan Rows": 12494,"Plan Width": 4,"Actual Startup Time": 0.037,"Actual Total Time": 21.079,"Actual Rows": 7487,"Actual Loops": 4,"Filter": "(c_mktsegment = 'MACHINERY'::bpchar)","Rows Removed by Filter": 30013,"Workers": []}]}]},{"Node Type": "Index Scan","Parent Relationship": "Inner","Parallel Aware": false,"Async Capable": false,"Scan Direction": "Forward","Index Name": "idx_lineitem_orderkey","Relation Name": "lineitem","Alias": "lineitem","Startup Cost": 0.43,"Total Cost": 1.43,"Plan Rows": 9,"Plan Width": 16,"Actual Startup Time": 0.007,"Actual Total Time": 0.008,"Actual Rows": 0,"Actual Loops": 147105,"Index Cond": "(l_orderkey = orders.o_orderkey)","Rows Removed by Index Recheck": 0,"Filter": "(l_shipdate > '1995-03-30'::date)","Rows Removed by Filter": 4,"Workers": []}]}]}]}]},"Planning Time": 6.634,"Triggers": [],"Execution Time": 568.444}]
[{"Plan": {"Node Type": "Sort","Parallel Aware": false,"Async Capable": false,"Startup Cost": 178674.45,"Total Cost": 179455.72,"Plan Rows": 312508,"Plan Width": 44,"Actual Startup Time": 545.968,"Actual Total Time": 556.304,"Actual Rows": 11551,"Actual Loops": 1,"Sort Key": ["(sum((lineitem.l_extendedprice * ('1'::numeric - lineitem.l_discount)))) DESC", "orders.o_orderdate"],"Sort Method": "quicksort","Sort Space Used": 1106,"Sort Space Type": "Memory","Plans": [{"Node Type": "Aggregate","Strategy": "Hashed","Partial Mode": "Simple","Parent Relationship": "Outer","Parallel Aware": false,"Async Capable": false,"Startup Cost": 146246.22,"Total Cost": 150152.57,"Plan Rows": 312508,"Plan Width": 44,"Actual Startup Time": 523.282,"Actual Total Time": 547.917,"Actual Rows": 11551,"Actual Loops": 1,"Group Key": ["lineitem.l_orderkey", "orders.o_orderdate", "orders.o_shippriority"],"Planned Partitions": 0,"HashAgg Batches": 1,"Peak Memory Usage": 20497,"Disk Usage": 0,"Plans": [{"Node Type": "Gather","Parent Relationship": "Outer","Parallel Aware": false,"Async Capable": false,"Startup Cost": 5521.58,"Total Cost": 141558.60,"Plan Rows": 312508,"Plan Width": 24,"Actual Startup Time": 33.872,"Actual Total Time": 501.295,"Actual Rows": 30087,"Actual Loops": 1,"Workers Planned": 3,"Workers Launched": 3,"Single Copy": false,"Plans": [{"Node Type": "Nested Loop","Parent Relationship": "Outer","Parallel Aware": false,"Async Capable": false,"Join Type": "Inner","Startup Cost": 4521.58,"Total Cost": 109307.80,"Plan Rows": 100809,"Plan Width": 24,"Actual Startup Time": 26.236,"Actual Total Time": 506.311,"Actual Rows": 7522,"Actual Loops": 4,"Inner Unique": false,"Workers": [],"Plans": [{"Node Type": "Hash Join","Parent Relationship": "Outer","Parallel Aware": true,"Async Capable": false,"Join Type": "Inner","Startup Cost": 4521.15,"Total Cost": 37290.91,"Plan Rows": 47308,"Plan Width": 12,"Actual Startup Time": 26.083,"Actual Total Time": 220.609,"Actual Rows": 37243,"Actual Loops": 4,"Inner Unique": true,"Hash Cond": "(orders.o_custkey = customer.c_custkey)","Workers": [],"Plans": [{"Node Type": "Seq Scan","Parent Relationship": "Outer","Parallel Aware": true,"Async Capable": false,"Relation Name": "orders","Alias": "orders","Startup Cost": 0.00,"Total Cost": 32143.39,"Plan Rows": 238609,"Plan Width": 16,"Actual Startup Time": 0.015,"Actual Total Time": 143.861,"Actual Rows": 184142,"Actual Loops": 4,"Filter": "(o_orderdate < '1995-03-30'::date)","Rows Removed by Filter": 190858,"Workers": []},{"Node Type": "Hash","Parent Relationship": "Inner","Parallel Aware": true,"Async Capable": false,"Startup Cost": 4366.25,"Total Cost": 4366.25,"Plan Rows": 12392,"Plan Width": 4,"Actual Startup Time": 25.641,"Actual Total Time": 25.646,"Actual Rows": 7536,"Actual Loops": 4,"Hash Buckets": 32768,"Original Hash Buckets": 32768,"Hash Batches": 1,"Original Hash Batches": 1,"Peak Memory Usage": 1504,"Workers": [],"Plans": [{"Node Type": "Seq Scan","Parent Relationship": "Outer","Parallel Aware": true,"Async Capable": false,"Relation Name": "customer","Alias": "customer","Startup Cost": 0.00,"Total Cost": 4366.25,"Plan Rows": 12392,"Plan Width": 4,"Actual Startup Time": 0.054,"Actual Total Time": 22.345,"Actual Rows": 7536,"Actual Loops": 4,"Filter": "(c_mktsegment = 'BUILDING'::bpchar)","Rows Removed by Filter": 29964,"Workers": []}]}]},{"Node Type": "Index Scan","Parent Relationship": "Inner","Parallel Aware": false,"Async Capable": false,"Scan Direction": "Forward","Index Name": "idx_lineitem_orderkey","Relation Name": "lineitem","Alias": "lineitem","Startup Cost": 0.43,"Total Cost": 1.43,"Plan Rows": 9,"Plan Width": 16,"Actual Startup Time": 0.007,"Actual Total Time": 0.007,"Actual Rows": 0,"Actual Loops": 148972,"Index Cond": "(l_orderkey = orders.o_orderkey)","Rows Removed by Index Recheck": 0,"Filter": "(l_shipdate > '1995-03-30'::date)","Rows Removed by Filter": 4,"Workers": []}]}]}]}]},"Planning Time": 6.838,"Triggers": [],"Execution Time": 569.204}]
[{"Plan": {"Node Type": "Sort","Parallel Aware": false,"Async Capable": false,"Startup Cost": 179098.41,"Total Cost": 179886.07,"Plan Rows": 315061,"Plan Width": 44,"Actual Startup Time": 536.555,"Actual Total Time": 546.513,"Actual Rows": 11424,"Actual Loops": 1,"Sort Key": ["(sum((lineitem.l_extendedprice * ('1'::numeric - lineitem.l_discount)))) DESC", "orders.o_orderdate"],"Sort Method": "quicksort","Sort Space Used": 1099,"Sort Space Type": "Memory","Plans": [{"Node Type": "Aggregate","Strategy": "Hashed","Partial Mode": "Simple","Parent Relationship": "Outer","Parallel Aware": false,"Async Capable": false,"Startup Cost": 146386.78,"Total Cost": 150325.04,"Plan Rows": 315061,"Plan Width": 44,"Actual Startup Time": 513.819,"Actual Total Time": 538.122,"Actual Rows": 11424,"Actual Loops": 1,"Group Key": ["lineitem.l_orderkey", "orders.o_orderdate", "orders.o_shippriority"],"Planned Partitions": 0,"HashAgg Batches": 1,"Peak Memory Usage": 20497,"Disk Usage": 0,"Plans": [{"Node Type": "Gather","Parent Relationship": "Outer","Parallel Aware": false,"Async Capable": false,"Startup Cost": 5522.96,"Total Cost": 141660.86,"Plan Rows": 315061,"Plan Width": 24,"Actual Startup Time": 32.582,"Actual Total Time": 491.857,"Actual Rows": 30303,"Actual Loops": 1,"Workers Planned": 3,"Workers Launched": 3,"Single Copy": false,"Plans": [{"Node Type": "Nested Loop","Parent Relationship": "Outer","Parallel Aware": false,"Async Capable": false,"Join Type": "Inner","Startup Cost": 4522.96,"Total Cost": 109154.76,"Plan Rows": 101633,"Plan Width": 24,"Actual Startup Time": 25.583,"Actual Total Time": 497.242,"Actual Rows": 7576,"Actual Loops": 4,"Inner Unique": false,"Workers": [],"Plans": [{"Node Type": "Hash Join","Parent Relationship": "Outer","Parallel Aware": true,"Async Capable": false,"Join Type": "Inner","Startup Cost": 4522.52,"Total Cost": 37280.34,"Plan Rows": 46820,"Plan Width": 12,"Actual Startup Time": 25.451,"Actual Total Time": 217.313,"Actual Rows": 36096,"Actual Loops": 4,"Inner Unique": true,"Hash Cond": "(orders.o_custkey = customer.c_custkey)","Workers": [],"Plans": [{"Node Type": "Seq Scan","Parent Relationship": "Outer","Parallel Aware": true,"Async Capable": false,"Relation Name": "orders","Alias": "orders","Startup Cost": 0.00,"Total Cost": 32143.39,"Plan Rows": 234059,"Plan Width": 16,"Actual Startup Time": 0.023,"Actual Total Time": 141.963,"Actual Rows": 180877,"Actual Loops": 4,"Filter": "(o_orderdate < '1995-03-09'::date)","Rows Removed by Filter": 194123,"Workers": []},{"Node Type": "Hash","Parent Relationship": "Inner","Parallel Aware": true,"Async Capable": false,"Startup Cost": 4366.25,"Total Cost": 4366.25,"Plan Rows": 12502,"Plan Width": 4,"Actual Startup Time": 25.023,"Actual Total Time": 25.029,"Actual Rows": 7547,"Actual Loops": 4,"Hash Buckets": 32768,"Original Hash Buckets": 32768,"Hash Batches": 1,"Original Hash Batches": 1,"Peak Memory Usage": 1504,"Workers": [],"Plans": [{"Node Type": "Seq Scan","Parent Relationship": "Outer","Parallel Aware": true,"Async Capable": false,"Relation Name": "customer","Alias": "customer","Startup Cost": 0.00,"Total Cost": 4366.25,"Plan Rows": 12502,"Plan Width": 4,"Actual Startup Time": 0.028,"Actual Total Time": 21.849,"Actual Rows": 7547,"Actual Loops": 4,"Filter": "(c_mktsegment = 'HOUSEHOLD'::bpchar)","Rows Removed by Filter": 29953,"Workers": []}]}]},{"Node Type": "Index Scan","Parent Relationship": "Inner","Parallel Aware": false,"Async Capable": false,"Scan Direction": "Forward","Index Name": "idx_lineitem_orderkey","Relation Name": "lineitem","Alias": "lineitem","Startup Cost": 0.43,"Total Cost": 1.45,"Plan Rows": 9,"Plan Width": 16,"Actual Startup Time": 0.007,"Actual Total Time": 0.008,"Actual Rows": 0,"Actual Loops": 144386,"Index Cond": "(l_orderkey = orders.o_orderkey)","Rows Removed by Index Recheck": 0,"Filter": "(l_shipdate > '1995-03-09'::date)","Rows Removed by Filter": 4,"Workers": []}]}]}]}]},"Planning Time": 6.924,"Triggers": [],"Execution Time": 560.310}]
[{"Plan": {"Node Type": "Sort","Parallel Aware": false,"Async Capable": false,"Startup Cost": 177804.18,"Total Cost": 178583.08,"Plan Rows": 311560,"Plan Width": 44,"Actual Startup Time": 516.329,"Actual Total Time": 527.903,"Actual Rows": 11524,"Actual Loops": 1,"Sort Key": ["(sum((lineitem.l_extendedprice * ('1'::numeric - lineitem.l_discount)))) DESC", "orders.o_orderdate"],"Sort Method": "quicksort","Sort Space Used": 1105,"Sort Space Type": "Memory","Plans": [{"Node Type": "Aggregate","Strategy": "Hashed","Partial Mode": "Simple","Parent Relationship": "Outer","Parallel Aware": false,"Async Capable": false,"Startup Cost": 145481.16,"Total Cost": 149375.66,"Plan Rows": 311560,"Plan Width": 44,"Actual Startup Time": 495.295,"Actual Total Time": 519.893,"Actual Rows": 11524,"Actual Loops": 1,"Group Key": ["lineitem.l_orderkey", "orders.o_orderdate", "orders.o_shippriority"],"Planned Partitions": 0,"HashAgg Batches": 1,"Peak Memory Usage": 20497,"Disk Usage": 0,"Plans": [{"Node Type": "Gather","Parent Relationship": "Outer","Parallel Aware": false,"Async Capable": false,"Startup Cost": 5521.08,"Total Cost": 140807.76,"Plan Rows": 311560,"Plan Width": 24,"Actual Startup Time": 28.922,"Actual Total Time": 475.157,"Actual Rows": 30367,"Actual Loops": 1,"Workers Planned": 3,"Workers Launched": 3,"Single Copy": false,"Plans": [{"Node Type": "Nested Loop","Parent Relationship": "Outer","Parallel Aware": false,"Async Capable": false,"Join Type": "Inner","Startup Cost": 4521.08,"Total Cost": 108651.76,"Plan Rows": 100503,"Plan Width": 24,"Actual Startup Time": 22.141,"Actual Total Time": 478.826,"Actual Rows": 7592,"Actual Loops": 4,"Inner Unique": false,"Workers": [],"Plans": [{"Node Type": "Hash Join","Parent Relationship": "Outer","Parallel Aware": true,"Async Capable": false,"Join Type": "Inner","Startup Cost": 4520.65,"Total Cost": 37283.95,"Plan Rows": 46671,"Plan Width": 12,"Actual Startup Time": 21.725,"Actual Total Time": 204.014,"Actual Rows": 36257,"Actual Loops": 4,"Inner Unique": true,"Hash Cond": "(orders.o_custkey = customer.c_custkey)","Workers": [],"Plans": [{"Node Type": "Seq Scan","Parent Relationship": "Outer","Parallel Aware": true,"Async Capable": false,"Relation Name": "orders","Alias": "orders","Startup Cost": 0.00,"Total Cost": 32143.39,"Plan Rows": 236150,"Plan Width": 16,"Actual Startup Time": 0.009,"Actual Total Time": 137.037,"Actual Rows": 182297,"Actual Loops": 4,"Filter": "(o_orderdate < '1995-03-18'::date)","Rows Removed by Filter": 192703,"Workers": []},{"Node Type": "Hash","Parent Relationship": "Inner","Parallel Aware": true,"Async Capable": false,"Startup Cost": 4366.25,"Total Cost": 4366.25,"Plan Rows": 12352,"Plan Width": 4,"Actual Startup Time": 21.289,"Actual Total Time": 21.295,"Actual Rows": 7438,"Actual Loops": 4,"Hash Buckets": 32768,"Original Hash Buckets": 32768,"Hash Batches": 1,"Original Hash Batches": 1,"Peak Memory Usage": 1504,"Workers": [],"Plans": [{"Node Type": "Seq Scan","Parent Relationship": "Outer","Parallel Aware": true,"Async Capable": false,"Relation Name": "customer","Alias": "customer","Startup Cost": 0.00,"Total Cost": 4366.25,"Plan Rows": 12352,"Plan Width": 4,"Actual Startup Time": 0.025,"Actual Total Time": 18.334,"Actual Rows": 7438,"Actual Loops": 4,"Filter": "(c_mktsegment = 'AUTOMOBILE'::bpchar)","Rows Removed by Filter": 30062,"Workers": []}]}]},{"Node Type": "Index Scan","Parent Relationship": "Inner","Parallel Aware": false,"Async Capable": false,"Scan Direction": "Forward","Index Name": "idx_lineitem_orderkey","Relation Name": "lineitem","Alias": "lineitem","Startup Cost": 0.43,"Total Cost": 1.44,"Plan Rows": 9,"Plan Width": 16,"Actual Startup Time": 0.007,"Actual Total Time": 0.007,"Actual Rows": 0,"Actual Loops": 145028,"Index Cond": "(l_orderkey = orders.o_orderkey)","Rows Removed by Index Recheck": 0,"Filter": "(l_shipdate > '1995-03-18'::date)","Rows Removed by Filter": 4,"Workers": []}]}]}]}]},"Planning Time": 6.494,"Triggers": [],"Execution Time": 541.701}]
[{"Plan": {"Node Type": "Sort","Parallel Aware": false,"Async Capable": false,"Startup Cost": 182497.38,"Total Cost": 183302.03,"Plan Rows": 321860,"Plan Width": 44,"Actual Startup Time": 554.141,"Actual Total Time": 561.476,"Actual Rows": 11425,"Actual Loops": 1,"Sort Key": ["(sum((lineitem.l_extendedprice * ('1'::numeric - lineitem.l_discount)))) DESC", "orders.o_orderdate"],"Sort Method": "quicksort","Sort Space Used": 1099,"Sort Space Type": "Memory","Plans": [{"Node Type": "Aggregate","Strategy": "Hashed","Partial Mode": "Simple","Parent Relationship": "Outer","Parallel Aware": false,"Async Capable": false,"Startup Cost": 149030.26,"Total Cost": 153053.51,"Plan Rows": 321860,"Plan Width": 44,"Actual Startup Time": 531.569,"Actual Total Time": 555.749,"Actual Rows": 11425,"Actual Loops": 1,"Group Key": ["lineitem.l_orderkey", "orders.o_orderdate", "orders.o_shippriority"],"Planned Partitions": 0,"HashAgg Batches": 1,"Peak Memory Usage": 20497,"Disk Usage": 0,"Plans": [{"Node Type": "Gather","Parent Relationship": "Outer","Parallel Aware": false,"Async Capable": false,"Startup Cost": 5526.18,"Total Cost": 144202.36,"Plan Rows": 321860,"Plan Width": 24,"Actual Startup Time": 35.818,"Actual Total Time": 509.458,"Actual Rows": 30276,"Actual Loops": 1,"Workers Planned": 3,"Workers Launched": 3,"Single Copy": false,"Plans": [{"Node Type": "Nested Loop","Parent Relationship": "Outer","Parallel Aware": false,"Async Capable": false,"Join Type": "Inner","Startup Cost": 4526.18,"Total Cost": 111016.36,"Plan Rows": 103826,"Plan Width": 24,"Actual Startup Time": 28.353,"Actual Total Time": 513.990,"Actual Rows": 7569,"Actual Loops": 4,"Inner Unique": false,"Workers": [],"Plans": [{"Node Type": "Hash Join","Parent Relationship": "Outer","Parallel Aware": true,"Async Capable": false,"Join Type": "Inner","Startup Cost": 4525.75,"Total Cost": 37289.05,"Plan Rows": 48214,"Plan Width": 12,"Actual Startup Time": 28.122,"Actual Total Time": 225.881,"Actual Rows": 36380,"Actual Loops": 4,"Inner Unique": true,"Hash Cond": "(orders.o_custkey = customer.c_custkey)","Workers": [],"Plans": [{"Node Type": "Seq Scan","Parent Relationship": "Outer","Parallel Aware": true,"Async Capable": false,"Relation Name": "orders","Alias": "orders","Startup Cost": 0.00,"Total Cost": 32143.39,"Plan Rows": 236150,"Plan Width": 16,"Actual Startup Time": 0.013,"Actual Total Time": 148.020,"Actual Rows": 182297,"Actual Loops": 4,"Filter": "(o_orderdate < '1995-03-18'::date)","Rows Removed by Filter": 192703,"Workers": []},{"Node Type": "Hash","Parent Relationship": "Inner","Parallel Aware": true,"Async Capable": false,"Startup Cost": 4366.25,"Total Cost": 4366.25,"Plan Rows": 12760,"Plan Width": 4,"Actual Startup Time": 27.604,"Actual Total Time": 27.609,"Actual Rows": 7492,"Actual Loops": 4,"Hash Buckets": 32768,"Original Hash Buckets": 32768,"Hash Batches": 1,"Original Hash Batches": 1,"Peak Memory Usage": 1504,"Workers": [],"Plans": [{"Node Type": "Seq Scan","Parent Relationship": "Outer","Parallel Aware": true,"Async Capable": false,"Relation Name": "customer","Alias": "customer","Startup Cost": 0.00,"Total Cost": 4366.25,"Plan Rows": 12760,"Plan Width": 4,"Actual Startup Time": 0.053,"Actual Total Time": 24.061,"Actual Rows": 7492,"Actual Loops": 4,"Filter": "(c_mktsegment = 'FURNITURE'::bpchar)","Rows Removed by Filter": 30008,"Workers": []}]}]},{"Node Type": "Index Scan","Parent Relationship": "Inner","Parallel Aware": false,"Async Capable": false,"Scan Direction": "Forward","Index Name": "idx_lineitem_orderkey","Relation Name": "lineitem","Alias": "lineitem","Startup Cost": 0.43,"Total Cost": 1.44,"Plan Rows": 9,"Plan Width": 16,"Actual Startup Time": 0.008,"Actual Total Time": 0.008,"Actual Rows": 0,"Actual Loops": 145519,"Index Cond": "(l_orderkey = orders.o_orderkey)","Rows Removed by Index Recheck": 0,"Filter": "(l_shipdate > '1995-03-18'::date)","Rows Removed by Filter": 4,"Workers": []}]}]}]}]},"Planning Time": 4.963,"Triggers": [],"Execution Time": 575.422}]
[{"Plan": {"Node Type": "Sort","Parallel Aware": false,"Async Capable": false,"Startup Cost": 179886.06,"Total Cost": 180673.76,"Plan Rows": 315079,"Plan Width": 44,"Actual Startup Time": 531.697,"Actual Total Time": 540.119,"Actual Rows": 11272,"Actual Loops": 1,"Sort Key": ["(sum((lineitem.l_extendedprice * ('1'::numeric - lineitem.l_discount)))) DESC", "orders.o_orderdate"],"Sort Method": "quicksort","Sort Space Used": 1089,"Sort Space Type": "Memory","Plans": [{"Node Type": "Aggregate","Strategy": "Hashed","Partial Mode": "Simple","Parent Relationship": "Outer","Parallel Aware": false,"Async Capable": false,"Startup Cost": 147172.42,"Total Cost": 151110.91,"Plan Rows": 315079,"Plan Width": 44,"Actual Startup Time": 509.142,"Actual Total Time": 534.346,"Actual Rows": 11272,"Actual Loops": 1,"Group Key": ["lineitem.l_orderkey", "orders.o_orderdate", "orders.o_shippriority"],"Planned Partitions": 0,"HashAgg Batches": 1,"Peak Memory Usage": 20497,"Disk Usage": 0,"Plans": [{"Node Type": "Gather","Parent Relationship": "Outer","Parallel Aware": false,"Async Capable": false,"Startup Cost": 5522.86,"Total Cost": 142446.24,"Plan Rows": 315079,"Plan Width": 24,"Actual Startup Time": 31.197,"Actual Total Time": 488.366,"Actual Rows": 29866,"Actual Loops": 1,"Workers Planned": 3,"Workers Launched": 3,"Single Copy": false,"Plans": [{"Node Type": "Nested Loop","Parent Relationship": "Outer","Parallel Aware": false,"Async Capable": false,"Join Type": "Inner","Startup Cost": 4522.86,"Total Cost": 109938.34,"Plan Rows": 101638,"Plan Width": 24,"Actual Startup Time": 24.413,"Actual Total Time": 492.775,"Actual Rows": 7466,"Actual Loops": 4,"Inner Unique": false,"Workers": [],"Plans": [{"Node Type": "Hash Join","Parent Relationship": "Outer","Parallel Aware": true,"Async Capable": false,"Join Type": "Inner","Startup Cost": 4522.43,"Total Cost": 37292.73,"Plan Rows": 47739,"Plan Width": 12,"Actual Startup Time": 24.105,"Actual Total Time": 210.579,"Actual Rows": 36803,"Actual Loops": 4,"Inner Unique": true,"Hash Cond": "(orders.o_custkey = customer.c_custkey)","Workers": [],"Plans": [{"Node Type": "Seq Scan","Parent Relationship": "Outer","Parallel Aware": true,"Async Capable": false,"Relation Name": "orders","Alias": "orders","Startup Cost": 0.00,"Total Cost": 32143.39,"Plan Rows": 238816,"Plan Width": 16,"Actual Startup Time": 0.011,"Actual Total Time": 140.832,"Actual Rows": 184291,"Actual Loops": 4,"Filter": "(o_orderdate < '1995-03-31'::date)","Rows Removed by Filter": 190709,"Workers": []},{"Node Type": "Hash","Parent Relationship": "Inner","Parallel Aware": true,"Async Capable": false,"Startup Cost": 4366.25,"Total Cost": 4366.25,"Plan Rows": 12494,"Plan Width": 4,"Actual Startup Time": 23.642,"Actual Total Time": 23.646,"Actual Rows": 7487,"Actual Loops": 4,"Hash Buckets": 32768,"Original Hash Buckets": 32768,"Hash Batches": 1,"Original Hash Batches": 1,"Peak Memory Usage": 1504,"Workers": [],"Plans": [{"Node Type": "Seq Scan","Parent Relationship": "Outer","Parallel Aware": true,"Async Capable": false,"Relation Name": "customer","Alias": "customer","Startup Cost": 0.00,"Total Cost": 4366.25,"Plan Rows": 12494,"Plan Width": 4,"Actual Startup Time": 0.040,"Actual Total Time": 20.509,"Actual Rows": 7487,"Actual Loops": 4,"Filter": "(c_mktsegment = 'MACHINERY'::bpchar)","Rows Removed by Filter": 30013,"Workers": []}]}]},{"Node Type": "Index Scan","Parent Relationship": "Inner","Parallel Aware": false,"Async Capable": false,"Scan Direction": "Forward","Index Name": "idx_lineitem_orderkey","Relation Name": "lineitem","Alias": "lineitem","Startup Cost": 0.43,"Total Cost": 1.43,"Plan Rows": 9,"Plan Width": 16,"Actual Startup Time": 0.007,"Actual Total Time": 0.007,"Actual Rows": 0,"Actual Loops": 147213,"Index Cond": "(l_orderkey = orders.o_orderkey)","Rows Removed by Index Recheck": 0,"Filter": "(l_shipdate > '1995-03-31'::date)","Rows Removed by Filter": 4,"Workers": []}]}]}]}]},"Planning Time": 5.596,"Triggers": [],"Execution Time": 554.219}]
[{"Plan": {"Node Type": "Sort","Parallel Aware": false,"Async Capable": false,"Startup Cost": 178005.77,"Total Cost": 178784.57,"Plan Rows": 311521,"Plan Width": 44,"Actual Startup Time": 537.846,"Actual Total Time": 547.821,"Actual Rows": 11437,"Actual Loops": 1,"Sort Key": ["(sum((lineitem.l_extendedprice * ('1'::numeric - lineitem.l_discount)))) DESC", "orders.o_orderdate"],"Sort Method": "quicksort","Sort Space Used": 1099,"Sort Space Type": "Memory","Plans": [{"Node Type": "Aggregate","Strategy": "Hashed","Partial Mode": "Simple","Parent Relationship": "Outer","Parallel Aware": false,"Async Capable": false,"Startup Cost": 145687.07,"Total Cost": 149581.08,"Plan Rows": 311521,"Plan Width": 44,"Actual Startup Time": 515.858,"Actual Total Time": 539.208,"Actual Rows": 11437,"Actual Loops": 1,"Group Key": ["lineitem.l_orderkey", "orders.o_orderdate", "orders.o_shippriority"],"Planned Partitions": 0,"HashAgg Batches": 1,"Peak Memory Usage": 20497,"Disk Usage": 0,"Plans": [{"Node Type": "Gather","Parent Relationship": "Outer","Parallel Aware": false,"Async Capable": false,"Startup Cost": 5521.08,"Total Cost": 141014.25,"Plan Rows": 311521,"Plan Width": 24,"Actual Startup Time": 32.689,"Actual Total Time": 491.481,"Actual Rows": 30124,"Actual Loops": 1,"Workers Planned": 3,"Workers Launched": 3,"Single Copy": false,"Plans": [{"Node Type": "Nested Loop","Parent Relationship": "Outer","Parallel Aware": false,"Async Capable": false,"Join Type": "Inner","Startup Cost": 4521.08,"Total Cost": 108862.15,"Plan Rows": 100491,"Plan Width": 24,"Actual Startup Time": 25.859,"Actual Total Time": 498.328,"Actual Rows": 7531,"Actual Loops": 4,"Inner Unique": false,"Workers": [],"Plans": [{"Node Type": "Hash Join","Parent Relationship": "Outer","Parallel Aware": true,"Async Capable": false,"Join Type": "Inner","Startup Cost": 4520.65,"Total Cost": 37287.14,"Plan Rows": 46911,"Plan Width": 12,"Actual Startup Time": 25.365,"Actual Total Time": 218.390,"Actual Rows": 36440,"Actual Loops": 4,"Inner Unique": true,"Hash Cond": "(orders.o_custkey = customer.c_custkey)","Workers": [],"Plans": [{"Node Type": "Seq Scan","Parent Relationship": "Outer","Parallel Aware": true,"Async Capable": false,"Relation Name": "orders","Alias": "orders","Startup Cost": 0.00,"Total Cost": 32143.39,"Plan Rows": 237363,"Plan Width": 16,"Actual Startup Time": 0.014,"Actual Total Time": 142.702,"Actual Rows": 183220,"Actual Loops": 4,"Filter": "(o_orderdate < '1995-03-24'::date)","Rows Removed by Filter": 191780,"Workers": []},{"Node Type": "Hash","Parent Relationship": "Inner","Parallel Aware": true,"Async Capable": false,"Startup Cost": 4366.25,"Total Cost": 4366.25,"Plan Rows": 12352,"Plan Width": 4,"Actual Startup Time": 24.884,"Actual Total Time": 24.891,"Actual Rows": 7438,"Actual Loops": 4,"Hash Buckets": 32768,"Original Hash Buckets": 32768,"Hash Batches": 1,"Original Hash Batches": 1,"Peak Memory Usage": 1504,"Workers": [],"Plans": [{"Node Type": "Seq Scan","Parent Relationship": "Outer","Parallel Aware": true,"Async Capable": false,"Relation Name": "customer","Alias": "customer","Startup Cost": 0.00,"Total Cost": 4366.25,"Plan Rows": 12352,"Plan Width": 4,"Actual Startup Time": 0.048,"Actual Total Time": 21.105,"Actual Rows": 7438,"Actual Loops": 4,"Filter": "(c_mktsegment = 'AUTOMOBILE'::bpchar)","Rows Removed by Filter": 30062,"Workers": []}]}]},{"Node Type": "Index Scan","Parent Relationship": "Inner","Parallel Aware": false,"Async Capable": false,"Scan Direction": "Forward","Index Name": "idx_lineitem_orderkey","Relation Name": "lineitem","Alias": "lineitem","Startup Cost": 0.43,"Total Cost": 1.44,"Plan Rows": 9,"Plan Width": 16,"Actual Startup Time": 0.007,"Actual Total Time": 0.007,"Actual Rows": 0,"Actual Loops": 145762,"Index Cond": "(l_orderkey = orders.o_orderkey)","Rows Removed by Index Recheck": 0,"Filter": "(l_shipdate > '1995-03-24'::date)","Rows Removed by Filter": 4,"Workers": []}]}]}]}]},"Planning Time": 5.306,"Triggers": [],"Execution Time": 560.362}]
[{"Plan": {"Node Type": "Sort","Parallel Aware": false,"Async Capable": false,"Startup Cost": 179151.34,"Total Cost": 179938.84,"Plan Rows": 315002,"Plan Width": 44,"Actual Startup Time": 538.937,"Actual Total Time": 547.721,"Actual Rows": 11436,"Actual Loops": 1,"Sort Key": ["(sum((lineitem.l_extendedprice * ('1'::numeric - lineitem.l_discount)))) DESC", "orders.o_orderdate"],"Sort Method": "quicksort","Sort Space Used": 1099,"Sort Space Type": "Memory","Plans": [{"Node Type": "Aggregate","Strategy": "Hashed","Partial Mode": "Simple","Parent Relationship": "Outer","Parallel Aware": false,"Async Capable": false,"Startup Cost": 146446.25,"Total Cost": 150383.78,"Plan Rows": 315002,"Plan Width": 44,"Actual Startup Time": 516.073,"Actual Total Time": 541.642,"Actual Rows": 11436,"Actual Loops": 1,"Group Key": ["lineitem.l_orderkey", "orders.o_orderdate", "orders.o_shippriority"],"Planned Partitions": 0,"HashAgg Batches": 1,"Peak Memory Usage": 20497,"Disk Usage": 0,"Plans": [{"Node Type": "Gather","Parent Relationship": "Outer","Parallel Aware": false,"Async Capable": false,"Startup Cost": 5522.96,"Total Cost": 141721.22,"Plan Rows": 315002,"Plan Width": 24,"Actual Startup Time": 34.035,"Actual Total Time": 495.350,"Actual Rows": 30271,"Actual Loops": 1,"Workers Planned": 3,"Workers Launched": 3,"Single Copy": false,"Plans": [{"Node Type": "Nested Loop","Parent Relationship": "Outer","Parallel Aware": false,"Async Capable": false,"Join Type": "Inner","Startup Cost": 4522.96,"Total Cost": 109221.02,"Plan Rows": 101614,"Plan Width": 24,"Actual Startup Time": 26.464,"Actual Total Time": 499.009,"Actual Rows": 7568,"Actual Loops": 4,"Inner Unique": false,"Workers": [],"Plans": [{"Node Type": "Hash Join","Parent Relationship": "Outer","Parallel Aware": true,"Async Capable": false,"Join Type": "Inner","Startup Cost": 4522.52,"Total Cost": 37281.34,"Plan Rows": 46896,"Plan Width": 12,"Actual Startup Time": 26.327,"Actual Total Time": 216.705,"Actual Rows": 36160,"Actual Loops": 4,"Inner Unique": true,"Hash Cond": "(orders.o_custkey = customer.c_custkey)","Workers": [],"Plans": [{"Node Type": "Seq Scan","Parent Relationship": "Outer","Parallel Aware": true,"Async Capable": false,"Relation Name": "orders","Alias": "orders","Startup Cost": 0.00,"Total Cost": 32143.39,"Plan Rows": 234441,"Plan Width": 16,"Actual Startup Time": 0.011,"Actual Total Time": 144.627,"Actual Rows": 181190,"Actual Loops": 4,"Filter": "(o_orderdate < '1995-03-11'::date)","Rows Removed by Filter": 193810,"Workers": []},{"Node Type": "Hash","Parent Relationship": "Inner","Parallel Aware": true,"Async Capable": false,"Startup Cost": 4366.25,"Total Cost": 4366.25,"Plan Rows": 12502,"Plan Width": 4,"Actual Startup Time": 25.829,"Actual Total Time": 25.832,"Actual Rows": 7547,"Actual Loops": 4,"Hash Buckets": 32768,"Original Hash Buckets": 32768,"Hash Batches": 1,"Original Hash Batches": 1,"Peak Memory Usage": 1472,"Workers": [],"Plans": [{"Node Type": "Seq Scan","Parent Relationship": "Outer","Parallel Aware": true,"Async Capable": false,"Relation Name": "customer","Alias": "customer","Startup Cost": 0.00,"Total Cost": 4366.25,"Plan Rows": 12502,"Plan Width": 4,"Actual Startup Time": 0.055,"Actual Total Time": 22.522,"Actual Rows": 7547,"Actual Loops": 4,"Filter": "(c_mktsegment = 'HOUSEHOLD'::bpchar)","Rows Removed by Filter": 29953,"Workers": []}]}]},{"Node Type": "Index Scan","Parent Relationship": "Inner","Parallel Aware": false,"Async Capable": false,"Scan Direction": "Forward","Index Name": "idx_lineitem_orderkey","Relation Name": "lineitem","Alias": "lineitem","Startup Cost": 0.43,"Total Cost": 1.44,"Plan Rows": 9,"Plan Width": 16,"Actual Startup Time": 0.007,"Actual Total Time": 0.008,"Actual Rows": 0,"Actual Loops": 144641,"Index Cond": "(l_orderkey = orders.o_orderkey)","Rows Removed by Index Recheck": 0,"Filter": "(l_shipdate > '1995-03-11'::date)","Rows Removed by Filter": 4,"Workers": []}]}]}]}]},"Planning Time": 5.918,"Triggers": [],"Execution Time": 561.850}]
[{"Plan": {"Node Type": "Sort","Parallel Aware": false,"Async Capable": false,"Startup Cost": 182030.53,"Total Cost": 182834.53,"Plan Rows": 321600,"Plan Width": 44,"Actual Startup Time": 529.958,"Actual Total Time": 540.090,"Actual Rows": 11408,"Actual Loops": 1,"Sort Key": ["(sum((lineitem.l_extendedprice * ('1'::numeric - lineitem.l_discount)))) DESC", "orders.o_orderdate"],"Sort Method": "quicksort","Sort Space Used": 1098,"Sort Space Type": "Memory","Plans": [{"Node Type": "Aggregate","Strategy": "Hashed","Partial Mode": "Simple","Parent Relationship": "Outer","Parallel Aware": false,"Async Capable": false,"Startup Cost": 148592.31,"Total Cost": 152612.31,"Plan Rows": 321600,"Plan Width": 44,"Actual Startup Time": 507.268,"Actual Total Time": 531.793,"Actual Rows": 11408,"Actual Loops": 1,"Group Key": ["lineitem.l_orderkey", "orders.o_orderdate", "orders.o_shippriority"],"Planned Partitions": 0,"HashAgg Batches": 1,"Peak Memory Usage": 20497,"Disk Usage": 0,"Plans": [{"Node Type": "Gather","Parent Relationship": "Outer","Parallel Aware": false,"Async Capable": false,"Startup Cost": 5526.18,"Total Cost": 143768.31,"Plan Rows": 321600,"Plan Width": 24,"Actual Startup Time": 34.758,"Actual Total Time": 485.992,"Actual Rows": 30237,"Actual Loops": 1,"Workers Planned": 3,"Workers Launched": 3,"Single Copy": false,"Plans": [{"Node Type": "Nested Loop","Parent Relationship": "Outer","Parallel Aware": false,"Async Capable": false,"Join Type": "Inner","Startup Cost": 4526.18,"Total Cost": 110608.31,"Plan Rows": 103742,"Plan Width": 24,"Actual Startup Time": 27.442,"Actual Total Time": 490.403,"Actual Rows": 7559,"Actual Loops": 4,"Inner Unique": false,"Workers": [],"Plans": [{"Node Type": "Hash Join","Parent Relationship": "Outer","Parallel Aware": true,"Async Capable": false,"Join Type": "Inner","Startup Cost": 4525.75,"Total Cost": 37283.06,"Plan Rows": 47748,"Plan Width": 12,"Actual Startup Time": 27.223,"Actual Total Time": 214.876,"Actual Rows": 36072,"Actual Loops": 4,"Inner Unique": true,"Hash Cond": "(orders.o_custkey = customer.c_custkey)","Workers": [],"Plans": [{"Node Type": "Seq Scan","Parent Relationship": "Outer","Parallel Aware": true,"Async Capable": false,"Relation Name": "orders","Alias": "orders","Startup Cost": 0.00,"Total Cost": 32143.39,"Plan Rows": 233868,"Plan Width": 16,"Actual Startup Time": 0.017,"Actual Total Time": 137.257,"Actual Rows": 180728,"Actual Loops": 4,"Filter": "(o_orderdate < '1995-03-08'::date)","Rows Removed by Filter": 194272,"Workers": []},{"Node Type": "Hash","Parent Relationship": "Inner","Parallel Aware": true,"Async Capable": false,"Startup Cost": 4366.25,"Total Cost": 4366.25,"Plan Rows": 12760,"Plan Width": 4,"Actual Startup Time": 26.708,"Actual Total Time": 26.713,"Actual Rows": 7492,"Actual Loops": 4,"Hash Buckets": 32768,"Original Hash Buckets": 32768,"Hash Batches": 1,"Original Hash Batches": 1,"Peak Memory Usage": 1504,"Workers": [],"Plans": [{"Node Type": "Seq Scan","Parent Relationship": "Outer","Parallel Aware": true,"Async Capable": false,"Relation Name": "customer","Alias": "customer","Startup Cost": 0.00,"Total Cost": 4366.25,"Plan Rows": 12760,"Plan Width": 4,"Actual Startup Time": 0.037,"Actual Total Time": 23.307,"Actual Rows": 7492,"Actual Loops": 4,"Filter": "(c_mktsegment = 'FURNITURE'::bpchar)","Rows Removed by Filter": 30008,"Workers": []}]}]},{"Node Type": "Index Scan","Parent Relationship": "Inner","Parallel Aware": false,"Async Capable": false,"Scan Direction": "Forward","Index Name": "idx_lineitem_orderkey","Relation Name": "lineitem","Alias": "lineitem","Startup Cost": 0.43,"Total Cost": 1.45,"Plan Rows": 9,"Plan Width": 16,"Actual Startup Time": 0.007,"Actual Total Time": 0.007,"Actual Rows": 0,"Actual Loops": 144287,"Index Cond": "(l_orderkey = orders.o_orderkey)","Rows Removed by Index Recheck": 0,"Filter": "(l_shipdate > '1995-03-08'::date)","Rows Removed by Filter": 4,"Workers": []}]}]}]}]},"Planning Time": 6.191,"Triggers": [],"Execution Time": 553.696}]
[{"Plan": {"Node Type": "Sort","Parallel Aware": false,"Async Capable": false,"Startup Cost": 177859.55,"Total Cost": 178640.17,"Plan Rows": 312250,"Plan Width": 44,"Actual Startup Time": 542.170,"Actual Total Time": 552.079,"Actual Rows": 11613,"Actual Loops": 1,"Sort Key": ["(sum((lineitem.l_extendedprice * ('1'::numeric - lineitem.l_discount)))) DESC", "orders.o_orderdate"],"Sort Method": "quicksort","Sort Space Used": 1110,"Sort Space Type": "Memory","Plans": [{"Node Type": "Aggregate","Strategy": "Hashed","Partial Mode": "Simple","Parent Relationship": "Outer","Parallel Aware": false,"Async Capable": false,"Startup Cost": 145459.95,"Total Cost": 149363.08,"Plan Rows": 312250,"Plan Width": 44,"Actual Startup Time": 519.070,"Actual Total Time": 543.782,"Actual Rows": 11613,"Actual Loops": 1,"Group Key": ["lineitem.l_orderkey", "orders.o_orderdate", "orders.o_shippriority"],"Planned Partitions": 0,"HashAgg Batches": 1,"Peak Memory Usage": 20497,"Disk Usage": 0,"Plans": [{"Node Type": "Gather","Parent Relationship": "Outer","Parallel Aware": false,"Async Capable": false,"Startup Cost": 5521.58,"Total Cost": 140776.20,"Plan Rows": 312250,"Plan Width": 24,"Actual Startup Time": 32.015,"Actual Total Time": 496.814,"Actual Rows": 30486,"Actual Loops": 1,"Workers Planned": 3,"Workers Launched": 3,"Single Copy": false,"Plans": [{"Node Type": "Nested Loop","Parent Relationship": "Outer","Parallel Aware": false,"Async Capable": false,"Join Type": "Inner","Startup Cost": 4521.58,"Total Cost": 108551.20,"Plan Rows": 100726,"Plan Width": 24,"Actual Startup Time": 25.089,"Actual Total Time": 502.063,"Actual Rows": 7622,"Actual Loops": 4,"Inner Unique": false,"Workers": [],"Plans": [{"Node Type": "Hash Join","Parent Relationship": "Outer","Parallel Aware": true,"Async Capable": false,"Join Type": "Inner","Startup Cost": 4521.15,"Total Cost": 37279.47,"Plan Rows": 46444,"Plan Width": 12,"Actual Startup Time": 24.896,"Actual Total Time": 218.772,"Actual Rows": 36612,"Actual Loops": 4,"Inner Unique": true,"Hash Cond": "(orders.o_custkey = customer.c_custkey)","Workers": [],"Plans": [{"Node Type": "Seq Scan","Parent Relationship": "Outer","Parallel Aware": true,"Async Capable": false,"Relation Name": "orders","Alias": "orders","Startup Cost": 0.00,"Total Cost": 32143.39,"Plan Rows": 234250,"Plan Width": 16,"Actual Startup Time": 0.014,"Actual Total Time": 143.510,"Actual Rows": 181030,"Actual Loops": 4,"Filter": "(o_orderdate < '1995-03-10'::date)","Rows Removed by Filter": 193970,"Workers": []},{"Node Type": "Hash","Parent Relationship": "Inner","Parallel Aware": true,"Async Capable": false,"Startup Cost": 4366.25,"Total Cost": 4366.25,"Plan Rows": 12392,"Plan Width": 4,"Actual Startup Time": 24.497,"Actual Total Time": 24.502,"Actual Rows": 7536,"Actual Loops": 4,"Hash Buckets": 32768,"Original Hash Buckets": 32768,"Hash Batches": 1,"Original Hash Batches": 1,"Peak Memory Usage": 1504,"Workers": [],"Plans": [{"Node Type": "Seq Scan","Parent Relationship": "Outer","Parallel Aware": true,"Async Capable": false,"Relation Name": "customer","Alias": "customer","Startup Cost": 0.00,"Total Cost": 4366.25,"Plan Rows": 12392,"Plan Width": 4,"Actual Startup Time": 0.029,"Actual Total Time": 21.062,"Actual Rows": 7536,"Actual Loops": 4,"Filter": "(c_mktsegment = 'BUILDING'::bpchar)","Rows Removed by Filter": 29964,"Workers": []}]}]},{"Node Type": "Index Scan","Parent Relationship": "Inner","Parallel Aware": false,"Async Capable": false,"Scan Direction": "Forward","Index Name": "idx_lineitem_orderkey","Relation Name": "lineitem","Alias": "lineitem","Startup Cost": 0.43,"Total Cost": 1.44,"Plan Rows": 9,"Plan Width": 16,"Actual Startup Time": 0.007,"Actual Total Time": 0.007,"Actual Rows": 0,"Actual Loops": 146447,"Index Cond": "(l_orderkey = orders.o_orderkey)","Rows Removed by Index Recheck": 0,"Filter": "(l_shipdate > '1995-03-10'::date)","Rows Removed by Filter": 4,"Workers": []}]}]}]}]},"Planning Time": 6.411,"Triggers": [],"Execution Time": 565.055}]
[{"Plan": {"Node Type": "Sort","Parallel Aware": false,"Async Capable": false,"Startup Cost": 181947.35,"Total Cost": 182751.56,"Plan Rows": 321685,"Plan Width": 44,"Actual Startup Time": 532.244,"Actual Total Time": 542.375,"Actual Rows": 11442,"Actual Loops": 1,"Sort Key": ["(sum((lineitem.l_extendedprice * ('1'::numeric - lineitem.l_discount)))) DESC", "orders.o_orderdate"],"Sort Method": "quicksort","Sort Space Used": 1100,"Sort Space Type": "Memory","Plans": [{"Node Type": "Aggregate","Strategy": "Hashed","Partial Mode": "Simple","Parent Relationship": "Outer","Parallel Aware": false,"Async Capable": false,"Startup Cost": 148499.69,"Total Cost": 152520.75,"Plan Rows": 321685,"Plan Width": 44,"Actual Startup Time": 510.447,"Actual Total Time": 533.656,"Actual Rows": 11442,"Actual Loops": 1,"Group Key": ["lineitem.l_orderkey", "orders.o_orderdate", "orders.o_shippriority"],"Planned Partitions": 0,"HashAgg Batches": 1,"Peak Memory Usage": 20497,"Disk Usage": 0,"Plans": [{"Node Type": "Gather","Parent Relationship": "Outer","Parallel Aware": false,"Async Capable": false,"Startup Cost": 5526.18,"Total Cost": 143674.41,"Plan Rows": 321685,"Plan Width": 24,"Actual Startup Time": 33.303,"Actual Total Time": 485.617,"Actual Rows": 30350,"Actual Loops": 1,"Workers Planned": 3,"Workers Launched": 3,"Single Copy": false,"Plans": [{"Node Type": "Nested Loop","Parent Relationship": "Outer","Parallel Aware": false,"Async Capable": false,"Join Type": "Inner","Startup Cost": 4526.18,"Total Cost": 110505.91,"Plan Rows": 103769,"Plan Width": 24,"Actual Startup Time": 26.510,"Actual Total Time": 493.425,"Actual Rows": 7588,"Actual Loops": 4,"Inner Unique": false,"Workers": [],"Plans": [{"Node Type": "Hash Join","Parent Relationship": "Outer","Parallel Aware": true,"Async Capable": false,"Join Type": "Inner","Startup Cost": 4525.75,"Total Cost": 37281.56,"Plan Rows": 47631,"Plan Width": 12,"Actual Startup Time": 26.232,"Actual Total Time": 218.028,"Actual Rows": 35980,"Actual Loops": 4,"Inner Unique": true,"Hash Cond": "(orders.o_custkey = customer.c_custkey)","Workers": [],"Plans": [{"Node Type": "Seq Scan","Parent Relationship": "Outer","Parallel Aware": true,"Async Capable": false,"Relation Name": "orders","Alias": "orders","Startup Cost": 0.00,"Total Cost": 32143.39,"Plan Rows": 233295,"Plan Width": 16,"Actual Startup Time": 0.007,"Actual Total Time": 140.293,"Actual Rows": 180256,"Actual Loops": 4,"Filter": "(o_orderdate < '1995-03-05'::date)","Rows Removed by Filter": 194744,"Workers": []},{"Node Type": "Hash","Parent Relationship": "Inner","Parallel Aware": true,"Async Capable": false,"Startup Cost": 4366.25,"Total Cost": 4366.25,"Plan Rows": 12760,"Plan Width": 4,"Actual Startup Time": 25.770,"Actual Total Time": 25.773,"Actual Rows": 7492,"Actual Loops": 4,"Hash Buckets": 32768,"Original Hash Buckets": 32768,"Hash Batches": 1,"Original Hash Batches": 1,"Peak Memory Usage": 1472,"Workers": [],"Plans": [{"Node Type": "Seq Scan","Parent Relationship": "Outer","Parallel Aware": true,"Async Capable": false,"Relation Name": "customer","Alias": "customer","Startup Cost": 0.00,"Total Cost": 4366.25,"Plan Rows": 12760,"Plan Width": 4,"Actual Startup Time": 0.041,"Actual Total Time": 22.006,"Actual Rows": 7492,"Actual Loops": 4,"Filter": "(c_mktsegment = 'FURNITURE'::bpchar)","Rows Removed by Filter": 30008,"Workers": []}]}]},{"Node Type": "Index Scan","Parent Relationship": "Inner","Parallel Aware": false,"Async Capable": false,"Scan Direction": "Forward","Index Name": "idx_lineitem_orderkey","Relation Name": "lineitem","Alias": "lineitem","Startup Cost": 0.43,"Total Cost": 1.45,"Plan Rows": 9,"Plan Width": 16,"Actual Startup Time": 0.007,"Actual Total Time": 0.007,"Actual Rows": 0,"Actual Loops": 143919,"Index Cond": "(l_orderkey = orders.o_orderkey)","Rows Removed by Index Recheck": 0,"Filter": "(l_shipdate > '1995-03-05'::date)","Rows Removed by Filter": 4,"Workers": []}]}]}]}]},"Planning Time": 5.918,"Triggers": [],"Execution Time": 554.934}]
[{"Plan": {"Node Type": "Sort","Parallel Aware": false,"Async Capable": false,"Startup Cost": 177886.13,"Total Cost": 178666.68,"Plan Rows": 312220,"Plan Width": 44,"Actual Startup Time": 554.511,"Actual Total Time": 560.793,"Actual Rows": 11613,"Actual Loops": 1,"Sort Key": ["(sum((lineitem.l_extendedprice * ('1'::numeric - lineitem.l_discount)))) DESC", "orders.o_orderdate"],"Sort Method": "quicksort","Sort Space Used": 1110,"Sort Space Type": "Memory","Plans": [{"Node Type": "Aggregate","Strategy": "Hashed","Partial Mode": "Simple","Parent Relationship": "Outer","Parallel Aware": false,"Async Capable": false,"Startup Cost": 145489.86,"Total Cost": 149392.61,"Plan Rows": 312220,"Plan Width": 44,"Actual Startup Time": 531.274,"Actual Total Time": 554.443,"Actual Rows": 11613,"Actual Loops": 1,"Group Key": ["lineitem.l_orderkey", "orders.o_orderdate", "orders.o_shippriority"],"Planned Partitions": 0,"HashAgg Batches": 1,"Peak Memory Usage": 20497,"Disk Usage": 0,"Plans": [{"Node Type": "Gather","Parent Relationship": "Outer","Parallel Aware": false,"Async Capable": false,"Startup Cost": 5521.58,"Total Cost": 140806.56,"Plan Rows": 312220,"Plan Width": 24,"Actual Startup Time": 33.271,"Actual Total Time": 507.351,"Actual Rows": 30511,"Actual Loops": 1,"Workers Planned": 3,"Workers Launched": 3,"Single Copy": false,"Plans": [{"Node Type": "Nested Loop","Parent Relationship": "Outer","Parallel Aware": false,"Async Capable": false,"Join Type": "Inner","Startup Cost": 4521.58,"Total Cost": 108584.56,"Plan Rows": 100716,"Plan Width": 24,"Actual Startup Time": 25.774,"Actual Total Time": 514.061,"Actual Rows": 7628,"Actual Loops": 4,"Inner Unique": false,"Workers": [],"Plans": [{"Node Type": "Hash Join","Parent Relationship": "Outer","Parallel Aware": true,"Async Capable": false,"Join Type": "Inner","Startup Cost": 4521.15,"Total Cost": 37279.97,"Plan Rows": 46482,"Plan Width": 12,"Actual Startup Time": 25.558,"Actual Total Time": 224.378,"Actual Rows": 36646,"Actual Loops": 4,"Inner Unique": true,"Hash Cond": "(orders.o_custkey = customer.c_custkey)","Workers": [],"Plans": [{"Node Type": "Seq Scan","Parent Relationship": "Outer","Parallel Aware": true,"Async Capable": false,"Relation Name": "orders","Alias": "orders","Startup Cost": 0.00,"Total Cost": 32143.39,"Plan Rows": 234441,"Plan Width": 16,"Actual Startup Time": 0.013,"Actual Total Time": 149.022,"Actual Rows": 181190,"Actual Loops": 4,"Filter": "(o_orderdate < '1995-03-11'::date)","Rows Removed by Filter": 193810,"Workers": []},{"Node Type": "Hash","Parent Relationship": "Inner","Parallel Aware": true,"Async Capable": false,"Startup Cost": 4366.25,"Total Cost": 4366.25,"Plan Rows": 12392,"Plan Width": 4,"Actual Startup Time": 25.044,"Actual Total Time": 25.048,"Actual Rows": 7536,"Actual Loops": 4,"Hash Buckets": 32768,"Original Hash Buckets": 32768,"Hash Batches": 1,"Original Hash Batches": 1,"Peak Memory Usage": 1504,"Workers": [],"Plans": [{"Node Type": "Seq Scan","Parent Relationship": "Outer","Parallel Aware": true,"Async Capable": false,"Relation Name": "customer","Alias": "customer","Startup Cost": 0.00,"Total Cost": 4366.25,"Plan Rows": 12392,"Plan Width": 4,"Actual Startup Time": 0.039,"Actual Total Time": 21.679,"Actual Rows": 7536,"Actual Loops": 4,"Filter": "(c_mktsegment = 'BUILDING'::bpchar)","Rows Removed by Filter": 29964,"Workers": []}]}]},{"Node Type": "Index Scan","Parent Relationship": "Inner","Parallel Aware": false,"Async Capable": false,"Scan Direction": "Forward","Index Name": "idx_lineitem_orderkey","Relation Name": "lineitem","Alias": "lineitem","Startup Cost": 0.43,"Total Cost": 1.44,"Plan Rows": 9,"Plan Width": 16,"Actual Startup Time": 0.008,"Actual Total Time": 0.008,"Actual Rows": 0,"Actual Loops": 146583,"Index Cond": "(l_orderkey = orders.o_orderkey)","Rows Removed by Index Recheck": 0,"Filter": "(l_shipdate > '1995-03-11'::date)","Rows Removed by Filter": 4,"Workers": []}]}]}]}]},"Planning Time": 5.568,"Triggers": [],"Execution Time": 574.242}]
[{"Plan": {"Node Type": "Sort","Parallel Aware": false,"Async Capable": false,"Startup Cost": 181947.35,"Total Cost": 182751.56,"Plan Rows": 321685,"Plan Width": 44,"Actual Startup Time": 532.244,"Actual Total Time": 542.375,"Actual Rows": 11442,"Actual Loops": 1,"Sort Key": ["(sum((lineitem.l_extendedprice * ('1'::numeric - lineitem.l_discount)))) DESC", "orders.o_orderdate"],"Sort Method": "quicksort","Sort Space Used": 1100,"Sort Space Type": "Memory","Plans": [{"Node Type": "Aggregate","Strategy": "Hashed","Partial Mode": "Simple","Parent Relationship": "Outer","Parallel Aware": false,"Async Capable": false,"Startup Cost": 148499.69,"Total Cost": 152520.75,"Plan Rows": 321685,"Plan Width": 44,"Actual Startup Time": 510.447,"Actual Total Time": 533.656,"Actual Rows": 11442,"Actual Loops": 1,"Group Key": ["lineitem.l_orderkey", "orders.o_orderdate", "orders.o_shippriority"],"Planned Partitions": 0,"HashAgg Batches": 1,"Peak Memory Usage": 20497,"Disk Usage": 0,"Plans": [{"Node Type": "Gather","Parent Relationship": "Outer","Parallel Aware": false,"Async Capable": false,"Startup Cost": 5526.18,"Total Cost": 143674.41,"Plan Rows": 321685,"Plan Width": 24,"Actual Startup Time": 33.303,"Actual Total Time": 485.617,"Actual Rows": 30350,"Actual Loops": 1,"Workers Planned": 3,"Workers Launched": 3,"Single Copy": false,"Plans": [{"Node Type": "Nested Loop","Parent Relationship": "Outer","Parallel Aware": false,"Async Capable": false,"Join Type": "Inner","Startup Cost": 4526.18,"Total Cost": 110505.91,"Plan Rows": 103769,"Plan Width": 24,"Actual Startup Time": 26.510,"Actual Total Time": 493.425,"Actual Rows": 7588,"Actual Loops": 4,"Inner Unique": false,"Workers": [],"Plans": [{"Node Type": "Hash Join","Parent Relationship": "Outer","Parallel Aware": true,"Async Capable": false,"Join Type": "Inner","Startup Cost": 4525.75,"Total Cost": 37281.56,"Plan Rows": 47631,"Plan Width": 12,"Actual Startup Time": 26.232,"Actual Total Time": 218.028,"Actual Rows": 35980,"Actual Loops": 4,"Inner Unique": true,"Hash Cond": "(orders.o_custkey = customer.c_custkey)","Workers": [],"Plans": [{"Node Type": "Seq Scan","Parent Relationship": "Outer","Parallel Aware": true,"Async Capable": false,"Relation Name": "orders","Alias": "orders","Startup Cost": 0.00,"Total Cost": 32143.39,"Plan Rows": 233295,"Plan Width": 16,"Actual Startup Time": 0.007,"Actual Total Time": 140.293,"Actual Rows": 180256,"Actual Loops": 4,"Filter": "(o_orderdate < '1995-03-05'::date)","Rows Removed by Filter": 194744,"Workers": []},{"Node Type": "Hash","Parent Relationship": "Inner","Parallel Aware": true,"Async Capable": false,"Startup Cost": 4366.25,"Total Cost": 4366.25,"Plan Rows": 12760,"Plan Width": 4,"Actual Startup Time": 25.770,"Actual Total Time": 25.773,"Actual Rows": 7492,"Actual Loops": 4,"Hash Buckets": 32768,"Original Hash Buckets": 32768,"Hash Batches": 1,"Original Hash Batches": 1,"Peak Memory Usage": 1472,"Workers": [],"Plans": [{"Node Type": "Seq Scan","Parent Relationship": "Outer","Parallel Aware": true,"Async Capable": false,"Relation Name": "customer","Alias": "customer","Startup Cost": 0.00,"Total Cost": 4366.25,"Plan Rows": 12760,"Plan Width": 4,"Actual Startup Time": 0.041,"Actual Total Time": 22.006,"Actual Rows": 7492,"Actual Loops": 4,"Filter": "(c_mktsegment = 'FURNITURE'::bpchar)","Rows Removed by Filter": 30008,"Workers": []}]}]},{"Node Type": "Index Scan","Parent Relationship": "Inner","Parallel Aware": false,"Async Capable": false,"Scan Direction": "Forward","Index Name": "idx_lineitem_orderkey","Relation Name": "lineitem","Alias": "lineitem","Startup Cost": 0.43,"Total Cost": 1.45,"Plan Rows": 9,"Plan Width": 16,"Actual Startup Time": 0.007,"Actual Total Time": 0.007,"Actual Rows": 0,"Actual Loops": 143919,"Index Cond": "(l_orderkey = orders.o_orderkey)","Rows Removed by Index Recheck": 0,"Filter": "(l_shipdate > '1995-03-05'::date)","Rows Removed by Filter": 4,"Workers": []}]}]}]}]},"Planning Time": 5.918,"Triggers": [],"Execution Time": 554.934}]
[{"Plan": {"Node Type": "Sort","Parallel Aware": false,"Async Capable": false,"Startup Cost": 182556.38,"Total Cost": 183360.93,"Plan Rows": 321819,"Plan Width": 44,"Actual Startup Time": 517.367,"Actual Total Time": 529.439,"Actual Rows": 11439,"Actual Loops": 1,"Sort Key": ["(sum((lineitem.l_extendedprice * ('1'::numeric - lineitem.l_discount)))) DESC", "orders.o_orderdate"],"Sort Method": "quicksort","Sort Space Used": 1099,"Sort Space Type": "Memory","Plans": [{"Node Type": "Aggregate","Strategy": "Hashed","Partial Mode": "Simple","Parent Relationship": "Outer","Parallel Aware": false,"Async Capable": false,"Startup Cost": 149093.82,"Total Cost": 153116.55,"Plan Rows": 321819,"Plan Width": 44,"Actual Startup Time": 495.463,"Actual Total Time": 522.278,"Actual Rows": 11439,"Actual Loops": 1,"Group Key": ["lineitem.l_orderkey", "orders.o_orderdate", "orders.o_shippriority"],"Planned Partitions": 0,"HashAgg Batches": 1,"Peak Memory Usage": 20497,"Disk Usage": 0,"Plans": [{"Node Type": "Gather","Parent Relationship": "Outer","Parallel Aware": false,"Async Capable": false,"Startup Cost": 5526.18,"Total Cost": 144266.53,"Plan Rows": 321819,"Plan Width": 24,"Actual Startup Time": 29.772,"Actual Total Time": 476.664,"Actual Rows": 30285,"Actual Loops": 1,"Workers Planned": 3,"Workers Launched": 3,"Single Copy": false,"Plans": [{"Node Type": "Nested Loop","Parent Relationship": "Outer","Parallel Aware": false,"Async Capable": false,"Join Type": "Inner","Startup Cost": 4526.18,"Total Cost": 111084.63,"Plan Rows": 103813,"Plan Width": 24,"Actual Startup Time": 23.053,"Actual Total Time": 479.398,"Actual Rows": 7571,"Actual Loops": 4,"Inner Unique": false,"Workers": [],"Plans": [{"Node Type": "Hash Join","Parent Relationship": "Outer","Parallel Aware": true,"Async Capable": false,"Join Type": "Inner","Startup Cost": 4525.75,"Total Cost": 37290.06,"Plan Rows": 48292,"Plan Width": 12,"Actual Startup Time": 22.849,"Actual Total Time": 204.689,"Actual Rows": 36445,"Actual Loops": 4,"Inner Unique": true,"Hash Cond": "(orders.o_custkey = customer.c_custkey)","Workers": [],"Plans": [{"Node Type": "Seq Scan","Parent Relationship": "Outer","Parallel Aware": true,"Async Capable": false,"Relation Name": "orders","Alias": "orders","Startup Cost": 0.00,"Total Cost": 32143.39,"Plan Rows": 236532,"Plan Width": 16,"Actual Startup Time": 0.013,"Actual Total Time": 137.382,"Actual Rows": 182617,"Actual Loops": 4,"Filter": "(o_orderdate < '1995-03-20'::date)","Rows Removed by Filter": 192383,"Workers": []},{"Node Type": "Hash","Parent Relationship": "Inner","Parallel Aware": true,"Async Capable": false,"Startup Cost": 4366.25,"Total Cost": 4366.25,"Plan Rows": 12760,"Plan Width": 4,"Actual Startup Time": 22.380,"Actual Total Time": 22.385,"Actual Rows": 7492,"Actual Loops": 4,"Hash Buckets": 32768,"Original Hash Buckets": 32768,"Hash Batches": 1,"Original Hash Batches": 1,"Peak Memory Usage": 1504,"Workers": [],"Plans": [{"Node Type": "Seq Scan","Parent Relationship": "Outer","Parallel Aware": true,"Async Capable": false,"Relation Name": "customer","Alias": "customer","Startup Cost": 0.00,"Total Cost": 4366.25,"Plan Rows": 12760,"Plan Width": 4,"Actual Startup Time": 0.027,"Actual Total Time": 19.359,"Actual Rows": 7492,"Actual Loops": 4,"Filter": "(c_mktsegment = 'FURNITURE'::bpchar)","Rows Removed by Filter": 30008,"Workers": []}]}]},{"Node Type": "Index Scan","Parent Relationship": "Inner","Parallel Aware": false,"Async Capable": false,"Scan Direction": "Forward","Index Name": "idx_lineitem_orderkey","Relation Name": "lineitem","Alias": "lineitem","Startup Cost": 0.43,"Total Cost": 1.44,"Plan Rows": 9,"Plan Width": 16,"Actual Startup Time": 0.007,"Actual Total Time": 0.007,"Actual Rows": 0,"Actual Loops": 145780,"Index Cond": "(l_orderkey = orders.o_orderkey)","Rows Removed by Index Recheck": 0,"Filter": "(l_shipdate > '1995-03-20'::date)","Rows Removed by Filter": 4,"Workers": []}]}]}]}]},"Planning Time": 6.662,"Triggers": [],"Execution Time": 543.603}]
[{"Plan": {"Node Type": "Sort","Parallel Aware": false,"Async Capable": false,"Startup Cost": 179947.68,"Total Cost": 180735.91,"Plan Rows": 315293,"Plan Width": 44,"Actual Startup Time": 553.263,"Actual Total Time": 564.800,"Actual Rows": 11365,"Actual Loops": 1,"Sort Key": ["(sum((lineitem.l_extendedprice * ('1'::numeric - lineitem.l_discount)))) DESC", "orders.o_orderdate"],"Sort Method": "quicksort","Sort Space Used": 1095,"Sort Space Type": "Memory","Plans": [{"Node Type": "Aggregate","Strategy": "Hashed","Partial Mode": "Simple","Parent Relationship": "Outer","Parallel Aware": false,"Async Capable": false,"Startup Cost": 147210.28,"Total Cost": 151151.44,"Plan Rows": 315293,"Plan Width": 44,"Actual Startup Time": 530.818,"Actual Total Time": 556.690,"Actual Rows": 11365,"Actual Loops": 1,"Group Key": ["lineitem.l_orderkey", "orders.o_orderdate", "orders.o_shippriority"],"Planned Partitions": 0,"HashAgg Batches": 1,"Peak Memory Usage": 20497,"Disk Usage": 0,"Plans": [{"Node Type": "Gather","Parent Relationship": "Outer","Parallel Aware": false,"Async Capable": false,"Startup Cost": 5522.96,"Total Cost": 142480.88,"Plan Rows": 315293,"Plan Width": 24,"Actual Startup Time": 33.826,"Actual Total Time": 507.167,"Actual Rows": 30101,"Actual Loops": 1,"Workers Planned": 3,"Workers Launched": 3,"Single Copy": false,"Plans": [{"Node Type": "Nested Loop","Parent Relationship": "Outer","Parallel Aware": false,"Async Capable": false,"Join Type": "Inner","Startup Cost": 4522.96,"Total Cost": 109951.58,"Plan Rows": 101707,"Plan Width": 24,"Actual Startup Time": 26.836,"Actual Total Time": 513.105,"Actual Rows": 7525,"Actual Loops": 4,"Inner Unique": false,"Workers": [],"Plans": [{"Node Type": "Hash Join","Parent Relationship": "Outer","Parallel Aware": true,"Async Capable": false,"Join Type": "Inner","Startup Cost": 4522.52,"Total Cost": 37292.28,"Plan Rows": 47730,"Plan Width": 12,"Actual Startup Time": 26.698,"Actual Total Time": 226.247,"Actual Rows": 36752,"Actual Loops": 4,"Inner Unique": true,"Hash Cond": "(orders.o_custkey = customer.c_custkey)","Workers": [],"Plans": [{"Node Type": "Seq Scan","Parent Relationship": "Outer","Parallel Aware": true,"Async Capable": false,"Relation Name": "orders","Alias": "orders","Startup Cost": 0.00,"Total Cost": 32143.39,"Plan Rows": 238609,"Plan Width": 16,"Actual Startup Time": 0.015,"Actual Total Time": 145.218,"Actual Rows": 184142,"Actual Loops": 4,"Filter": "(o_orderdate < '1995-03-30'::date)","Rows Removed by Filter": 190858,"Workers": []},{"Node Type": "Hash","Parent Relationship": "Inner","Parallel Aware": true,"Async Capable": false,"Startup Cost": 4366.25,"Total Cost": 4366.25,"Plan Rows": 12502,"Plan Width": 4,"Actual Startup Time": 26.215,"Actual Total Time": 26.221,"Actual Rows": 7547,"Actual Loops": 4,"Hash Buckets": 32768,"Original Hash Buckets": 32768,"Hash Batches": 1,"Original Hash Batches": 1,"Peak Memory Usage": 1504,"Workers": [],"Plans": [{"Node Type": "Seq Scan","Parent Relationship": "Outer","Parallel Aware": true,"Async Capable": false,"Relation Name": "customer","Alias": "customer","Startup Cost": 0.00,"Total Cost": 4366.25,"Plan Rows": 12502,"Plan Width": 4,"Actual Startup Time": 0.040,"Actual Total Time": 22.262,"Actual Rows": 7547,"Actual Loops": 4,"Filter": "(c_mktsegment = 'HOUSEHOLD'::bpchar)","Rows Removed by Filter": 29953,"Workers": []}]}]},{"Node Type": "Index Scan","Parent Relationship": "Inner","Parallel Aware": false,"Async Capable": false,"Scan Direction": "Forward","Index Name": "idx_lineitem_orderkey","Relation Name": "lineitem","Alias": "lineitem","Startup Cost": 0.43,"Total Cost": 1.43,"Plan Rows": 9,"Plan Width": 16,"Actual Startup Time": 0.007,"Actual Total Time": 0.008,"Actual Rows": 0,"Actual Loops": 147007,"Index Cond": "(l_orderkey = orders.o_orderkey)","Rows Removed by Index Recheck": 0,"Filter": "(l_shipdate > '1995-03-30'::date)","Rows Removed by Filter": 4,"Workers": []}]}]}]}]},"Planning Time": 5.286,"Triggers": [],"Execution Time": 577.568}]
[{"Plan": {"Node Type": "Sort","Parallel Aware": false,"Async Capable": false,"Startup Cost": 177327.07,"Total Cost": 178105.41,"Plan Rows": 311338,"Plan Width": 44,"Actual Startup Time": 539.276,"Actual Total Time": 546.204,"Actual Rows": 11489,"Actual Loops": 1,"Sort Key": ["(sum((lineitem.l_extendedprice * ('1'::numeric - lineitem.l_discount)))) DESC", "orders.o_orderdate"],"Sort Method": "quicksort","Sort Space Used": 1103,"Sort Space Type": "Memory","Plans": [{"Node Type": "Aggregate","Strategy": "Hashed","Partial Mode": "Simple","Parent Relationship": "Outer","Parallel Aware": false,"Async Capable": false,"Startup Cost": 145028.68,"Total Cost": 148920.40,"Plan Rows": 311338,"Plan Width": 44,"Actual Startup Time": 516.638,"Actual Total Time": 540.338,"Actual Rows": 11489,"Actual Loops": 1,"Group Key": ["lineitem.l_orderkey", "orders.o_orderdate", "orders.o_shippriority"],"Planned Partitions": 0,"HashAgg Batches": 1,"Peak Memory Usage": 20497,"Disk Usage": 0,"Plans": [{"Node Type": "Gather","Parent Relationship": "Outer","Parallel Aware": false,"Async Capable": false,"Startup Cost": 5521.08,"Total Cost": 140358.61,"Plan Rows": 311338,"Plan Width": 24,"Actual Startup Time": 30.660,"Actual Total Time": 493.539,"Actual Rows": 30376,"Actual Loops": 1,"Workers Planned": 3,"Workers Launched": 3,"Single Copy": false,"Plans": [{"Node Type": "Nested Loop","Parent Relationship": "Outer","Parallel Aware": false,"Async Capable": false,"Join Type": "Inner","Startup Cost": 4521.08,"Total Cost": 108224.81,"Plan Rows": 100432,"Plan Width": 24,"Actual Startup Time": 23.422,"Actual Total Time": 499.876,"Actual Rows": 7594,"Actual Loops": 4,"Inner Unique": false,"Workers": [],"Plans": [{"Node Type": "Hash Join","Parent Relationship": "Outer","Parallel Aware": true,"Async Capable": false,"Join Type": "Inner","Startup Cost": 4520.65,"Total Cost": 37277.46,"Plan Rows": 46183,"Plan Width": 12,"Actual Startup Time": 23.006,"Actual Total Time": 216.203,"Actual Rows": 35918,"Actual Loops": 4,"Inner Unique": true,"Hash Cond": "(orders.o_custkey = customer.c_custkey)","Workers": [],"Plans": [{"Node Type": "Seq Scan","Parent Relationship": "Outer","Parallel Aware": true,"Async Capable": false,"Relation Name": "orders","Alias": "orders","Startup Cost": 0.00,"Total Cost": 32143.39,"Plan Rows": 233677,"Plan Width": 16,"Actual Startup Time": 0.008,"Actual Total Time": 142.132,"Actual Rows": 180569,"Actual Loops": 4,"Filter": "(o_orderdate < '1995-03-07'::date)","Rows Removed by Filter": 194431,"Workers": []},{"Node Type": "Hash","Parent Relationship": "Inner","Parallel Aware": true,"Async Capable": false,"Startup Cost": 4366.25,"Total Cost": 4366.25,"Plan Rows": 12352,"Plan Width": 4,"Actual Startup Time": 22.572,"Actual Total Time": 22.577,"Actual Rows": 7438,"Actual Loops": 4,"Hash Buckets": 32768,"Original Hash Buckets": 32768,"Hash Batches": 1,"Original Hash Batches": 1,"Peak Memory Usage": 1472,"Workers": [],"Plans": [{"Node Type": "Seq Scan","Parent Relationship": "Outer","Parallel Aware": true,"Async Capable": false,"Relation Name": "customer","Alias": "customer","Startup Cost": 0.00,"Total Cost": 4366.25,"Plan Rows": 12352,"Plan Width": 4,"Actual Startup Time": 0.047,"Actual Total Time": 19.255,"Actual Rows": 7438,"Actual Loops": 4,"Filter": "(c_mktsegment = 'AUTOMOBILE'::bpchar)","Rows Removed by Filter": 30062,"Workers": []}]}]},{"Node Type": "Index Scan","Parent Relationship": "Inner","Parallel Aware": false,"Async Capable": false,"Scan Direction": "Forward","Index Name": "idx_lineitem_orderkey","Relation Name": "lineitem","Alias": "lineitem","Startup Cost": 0.43,"Total Cost": 1.45,"Plan Rows": 9,"Plan Width": 16,"Actual Startup Time": 0.008,"Actual Total Time": 0.008,"Actual Rows": 0,"Actual Loops": 143672,"Index Cond": "(l_orderkey = orders.o_orderkey)","Rows Removed by Index Recheck": 0,"Filter": "(l_shipdate > '1995-03-07'::date)","Rows Removed by Filter": 4,"Workers": []}]}]}]}]},"Planning Time": 5.578,"Triggers": [],"Execution Time": 561.958}]
[{"Plan": {"Node Type": "Sort","Parallel Aware": false,"Async Capable": false,"Startup Cost": 179001.49,"Total Cost": 179788.62,"Plan Rows": 314850,"Plan Width": 44,"Actual Startup Time": 536.321,"Actual Total Time": 545.689,"Actual Rows": 11327,"Actual Loops": 1,"Sort Key": ["(sum((lineitem.l_extendedprice * ('1'::numeric - lineitem.l_discount)))) DESC", "orders.o_orderdate"],"Sort Method": "quicksort","Sort Space Used": 1092,"Sort Space Type": "Memory","Plans": [{"Node Type": "Aggregate","Strategy": "Hashed","Partial Mode": "Simple","Parent Relationship": "Outer","Parallel Aware": false,"Async Capable": false,"Startup Cost": 146313.29,"Total Cost": 150248.91,"Plan Rows": 314850,"Plan Width": 44,"Actual Startup Time": 513.360,"Actual Total Time": 535.259,"Actual Rows": 11327,"Actual Loops": 1,"Group Key": ["lineitem.l_orderkey", "orders.o_orderdate", "orders.o_shippriority"],"Planned Partitions": 0,"HashAgg Batches": 1,"Peak Memory Usage": 20497,"Disk Usage": 0,"Plans": [{"Node Type": "Gather","Parent Relationship": "Outer","Parallel Aware": false,"Async Capable": false,"Startup Cost": 5522.86,"Total Cost": 141590.54,"Plan Rows": 314850,"Plan Width": 24,"Actual Startup Time": 32.840,"Actual Total Time": 486.571,"Actual Rows": 29887,"Actual Loops": 1,"Workers Planned": 3,"Workers Launched": 3,"Single Copy": false,"Plans": [{"Node Type": "Nested Loop","Parent Relationship": "Outer","Parallel Aware": false,"Async Capable": false,"Join Type": "Inner","Startup Cost": 4522.86,"Total Cost": 109105.54,"Plan Rows": 101565,"Plan Width": 24,"Actual Startup Time": 26.163,"Actual Total Time": 496.236,"Actual Rows": 7472,"Actual Loops": 4,"Inner Unique": false,"Workers": [],"Plans": [{"Node Type": "Hash Join","Parent Relationship": "Outer","Parallel Aware": true,"Async Capable": false,"Join Type": "Inner","Startup Cost": 4522.43,"Total Cost": 37280.24,"Plan Rows": 46788,"Plan Width": 12,"Actual Startup Time": 25.928,"Actual Total Time": 217.489,"Actual Rows": 36124,"Actual Loops": 4,"Inner Unique": true,"Hash Cond": "(orders.o_custkey = customer.c_custkey)","Workers": [],"Plans": [{"Node Type": "Seq Scan","Parent Relationship": "Outer","Parallel Aware": true,"Async Capable": false,"Relation Name": "orders","Alias": "orders","Startup Cost": 0.00,"Total Cost": 32143.39,"Plan Rows": 234059,"Plan Width": 16,"Actual Startup Time": 0.010,"Actual Total Time": 140.316,"Actual Rows": 180877,"Actual Loops": 4,"Filter": "(o_orderdate < '1995-03-09'::date)","Rows Removed by Filter": 194123,"Workers": []},{"Node Type": "Hash","Parent Relationship": "Inner","Parallel Aware": true,"Async Capable": false,"Startup Cost": 4366.25,"Total Cost": 4366.25,"Plan Rows": 12494,"Plan Width": 4,"Actual Startup Time": 25.517,"Actual Total Time": 25.520,"Actual Rows": 7487,"Actual Loops": 4,"Hash Buckets": 32768,"Original Hash Buckets": 32768,"Hash Batches": 1,"Original Hash Batches": 1,"Peak Memory Usage": 1504,"Workers": [],"Plans": [{"Node Type": "Seq Scan","Parent Relationship": "Outer","Parallel Aware": true,"Async Capable": false,"Relation Name": "customer","Alias": "customer","Startup Cost": 0.00,"Total Cost": 4366.25,"Plan Rows": 12494,"Plan Width": 4,"Actual Startup Time": 0.038,"Actual Total Time": 21.683,"Actual Rows": 7487,"Actual Loops": 4,"Filter": "(c_mktsegment = 'MACHINERY'::bpchar)","Rows Removed by Filter": 30013,"Workers": []}]}]},{"Node Type": "Index Scan","Parent Relationship": "Inner","Parallel Aware": false,"Async Capable": false,"Scan Direction": "Forward","Index Name": "idx_lineitem_orderkey","Relation Name": "lineitem","Alias": "lineitem","Startup Cost": 0.43,"Total Cost": 1.45,"Plan Rows": 9,"Plan Width": 16,"Actual Startup Time": 0.007,"Actual Total Time": 0.007,"Actual Rows": 0,"Actual Loops": 144494,"Index Cond": "(l_orderkey = orders.o_orderkey)","Rows Removed by Index Recheck": 0,"Filter": "(l_shipdate > '1995-03-09'::date)","Rows Removed by Filter": 4,"Workers": []}]}]}]}]},"Planning Time": 6.335,"Triggers": [],"Execution Time": 557.944}]
[{"Plan": {"Node Type": "Sort","Parallel Aware": false,"Async Capable": false,"Startup Cost": 182815.82,"Total Cost": 183620.36,"Plan Rows": 321816,"Plan Width": 44,"Actual Startup Time": 518.754,"Actual Total Time": 529.617,"Actual Rows": 11477,"Actual Loops": 1,"Sort Key": ["(sum((lineitem.l_extendedprice * ('1'::numeric - lineitem.l_discount)))) DESC", "orders.o_orderdate"],"Sort Method": "quicksort","Sort Space Used": 1102,"Sort Space Type": "Memory","Plans": [{"Node Type": "Aggregate","Strategy": "Hashed","Partial Mode": "Simple","Parent Relationship": "Outer","Parallel Aware": false,"Async Capable": false,"Startup Cost": 149353.59,"Total Cost": 153376.29,"Plan Rows": 321816,"Plan Width": 44,"Actual Startup Time": 497.378,"Actual Total Time": 522.728,"Actual Rows": 11477,"Actual Loops": 1,"Group Key": ["lineitem.l_orderkey", "orders.o_orderdate", "orders.o_shippriority"],"Planned Partitions": 0,"HashAgg Batches": 1,"Peak Memory Usage": 20497,"Disk Usage": 0,"Plans": [{"Node Type": "Gather","Parent Relationship": "Outer","Parallel Aware": false,"Async Capable": false,"Startup Cost": 5526.18,"Total Cost": 144526.35,"Plan Rows": 321816,"Plan Width": 24,"Actual Startup Time": 28.773,"Actual Total Time": 477.352,"Actual Rows": 30517,"Actual Loops": 1,"Workers Planned": 3,"Workers Launched": 3,"Single Copy": false,"Plans": [{"Node Type": "Nested Loop","Parent Relationship": "Outer","Parallel Aware": false,"Async Capable": false,"Join Type": "Inner","Startup Cost": 4526.18,"Total Cost": 111344.75,"Plan Rows": 103812,"Plan Width": 24,"Actual Startup Time": 21.655,"Actual Total Time": 480.544,"Actual Rows": 7629,"Actual Loops": 4,"Inner Unique": false,"Workers": [],"Plans": [{"Node Type": "Hash Join","Parent Relationship": "Outer","Parallel Aware": true,"Async Capable": false,"Join Type": "Inner","Startup Cost": 4525.75,"Total Cost": 37293.87,"Plan Rows": 48589,"Plan Width": 12,"Actual Startup Time": 21.466,"Actual Total Time": 204.725,"Actual Rows": 36667,"Actual Loops": 4,"Inner Unique": true,"Hash Cond": "(orders.o_custkey = customer.c_custkey)","Workers": [],"Plans": [{"Node Type": "Seq Scan","Parent Relationship": "Outer","Parallel Aware": true,"Async Capable": false,"Relation Name": "orders","Alias": "orders","Startup Cost": 0.00,"Total Cost": 32143.39,"Plan Rows": 237986,"Plan Width": 16,"Actual Startup Time": 0.009,"Actual Total Time": 137.627,"Actual Rows": 183693,"Actual Loops": 4,"Filter": "(o_orderdate < '1995-03-27'::date)","Rows Removed by Filter": 191307,"Workers": []},{"Node Type": "Hash","Parent Relationship": "Inner","Parallel Aware": true,"Async Capable": false,"Startup Cost": 4366.25,"Total Cost": 4366.25,"Plan Rows": 12760,"Plan Width": 4,"Actual Startup Time": 21.030,"Actual Total Time": 21.033,"Actual Rows": 7492,"Actual Loops": 4,"Hash Buckets": 32768,"Original Hash Buckets": 32768,"Hash Batches": 1,"Original Hash Batches": 1,"Peak Memory Usage": 1504,"Workers": [],"Plans": [{"Node Type": "Seq Scan","Parent Relationship": "Outer","Parallel Aware": true,"Async Capable": false,"Relation Name": "customer","Alias": "customer","Startup Cost": 0.00,"Total Cost": 4366.25,"Plan Rows": 12760,"Plan Width": 4,"Actual Startup Time": 0.042,"Actual Total Time": 18.047,"Actual Rows": 7492,"Actual Loops": 4,"Filter": "(c_mktsegment = 'FURNITURE'::bpchar)","Rows Removed by Filter": 30008,"Workers": []}]}]},{"Node Type": "Index Scan","Parent Relationship": "Inner","Parallel Aware": false,"Async Capable": false,"Scan Direction": "Forward","Index Name": "idx_lineitem_orderkey","Relation Name": "lineitem","Alias": "lineitem","Startup Cost": 0.43,"Total Cost": 1.43,"Plan Rows": 9,"Plan Width": 16,"Actual Startup Time": 0.007,"Actual Total Time": 0.007,"Actual Rows": 0,"Actual Loops": 146667,"Index Cond": "(l_orderkey = orders.o_orderkey)","Rows Removed by Index Recheck": 0,"Filter": "(l_shipdate > '1995-03-27'::date)","Rows Removed by Filter": 4,"Workers": []}]}]}]}]},"Planning Time": 5.704,"Triggers": [],"Execution Time": 543.125}]
[{"Plan": {"Node Type": "Sort","Parallel Aware": false,"Async Capable": false,"Startup Cost": 178147.93,"Total Cost": 178926.72,"Plan Rows": 311515,"Plan Width": 44,"Actual Startup Time": 547.471,"Actual Total Time": 558.586,"Actual Rows": 11419,"Actual Loops": 1,"Sort Key": ["(sum((lineitem.l_extendedprice * ('1'::numeric - lineitem.l_discount)))) DESC", "orders.o_orderdate"],"Sort Method": "quicksort","Sort Space Used": 1098,"Sort Space Type": "Memory","Plans": [{"Node Type": "Aggregate","Strategy": "Hashed","Partial Mode": "Simple","Parent Relationship": "Outer","Parallel Aware": false,"Async Capable": false,"Startup Cost": 145829.89,"Total Cost": 149723.83,"Plan Rows": 311515,"Plan Width": 44,"Actual Startup Time": 525.182,"Actual Total Time": 550.417,"Actual Rows": 11419,"Actual Loops": 1,"Group Key": ["lineitem.l_orderkey", "orders.o_orderdate", "orders.o_shippriority"],"Planned Partitions": 0,"HashAgg Batches": 1,"Peak Memory Usage": 20497,"Disk Usage": 0,"Plans": [{"Node Type": "Gather","Parent Relationship": "Outer","Parallel Aware": false,"Async Capable": false,"Startup Cost": 5521.08,"Total Cost": 141157.17,"Plan Rows": 311515,"Plan Width": 24,"Actual Startup Time": 33.539,"Actual Total Time": 500.745,"Actual Rows": 29983,"Actual Loops": 1,"Workers Planned": 3,"Workers Launched": 3,"Single Copy": false,"Plans": [{"Node Type": "Nested Loop","Parent Relationship": "Outer","Parallel Aware": false,"Async Capable": false,"Join Type": "Inner","Startup Cost": 4521.08,"Total Cost": 109005.67,"Plan Rows": 100489,"Plan Width": 24,"Actual Startup Time": 25.892,"Actual Total Time": 507.365,"Actual Rows": 7496,"Actual Loops": 4,"Inner Unique": false,"Workers": [],"Plans": [{"Node Type": "Hash Join","Parent Relationship": "Outer","Parallel Aware": true,"Async Capable": false,"Join Type": "Inner","Startup Cost": 4520.65,"Total Cost": 37289.32,"Plan Rows": 47075,"Plan Width": 12,"Actual Startup Time": 25.419,"Actual Total Time": 223.371,"Actual Rows": 36558,"Actual Loops": 4,"Inner Unique": true,"Hash Cond": "(orders.o_custkey = customer.c_custkey)","Workers": [],"Plans": [{"Node Type": "Seq Scan","Parent Relationship": "Outer","Parallel Aware": true,"Async Capable": false,"Relation Name": "orders","Alias": "orders","Startup Cost": 0.00,"Total Cost": 32143.39,"Plan Rows": 238193,"Plan Width": 16,"Actual Startup Time": 0.016,"Actual Total Time": 144.970,"Actual Rows": 183845,"Actual Loops": 4,"Filter": "(o_orderdate < '1995-03-28'::date)","Rows Removed by Filter": 191155,"Workers": []},{"Node Type": "Hash","Parent Relationship": "Inner","Parallel Aware": true,"Async Capable": false,"Startup Cost": 4366.25,"Total Cost": 4366.25,"Plan Rows": 12352,"Plan Width": 4,"Actual Startup Time": 25.001,"Actual Total Time": 25.006,"Actual Rows": 7438,"Actual Loops": 4,"Hash Buckets": 32768,"Original Hash Buckets": 32768,"Hash Batches": 1,"Original Hash Batches": 1,"Peak Memory Usage": 1472,"Workers": [],"Plans": [{"Node Type": "Seq Scan","Parent Relationship": "Outer","Parallel Aware": true,"Async Capable": false,"Relation Name": "customer","Alias": "customer","Startup Cost": 0.00,"Total Cost": 4366.25,"Plan Rows": 12352,"Plan Width": 4,"Actual Startup Time": 0.029,"Actual Total Time": 21.088,"Actual Rows": 7438,"Actual Loops": 4,"Filter": "(c_mktsegment = 'AUTOMOBILE'::bpchar)","Rows Removed by Filter": 30062,"Workers": []}]}]},{"Node Type": "Index Scan","Parent Relationship": "Inner","Parallel Aware": false,"Async Capable": false,"Scan Direction": "Forward","Index Name": "idx_lineitem_orderkey","Relation Name": "lineitem","Alias": "lineitem","Startup Cost": 0.43,"Total Cost": 1.43,"Plan Rows": 9,"Plan Width": 16,"Actual Startup Time": 0.007,"Actual Total Time": 0.008,"Actual Rows": 0,"Actual Loops": 146233,"Index Cond": "(l_orderkey = orders.o_orderkey)","Rows Removed by Index Recheck": 0,"Filter": "(l_shipdate > '1995-03-28'::date)","Rows Removed by Filter": 4,"Workers": []}]}]}]}]},"Planning Time": 7.014,"Triggers": [],"Execution Time": 571.434}]
[{"Plan": {"Node Type": "Sort","Parallel Aware": false,"Async Capable": false,"Startup Cost": 177912.48,"Total Cost": 178692.95,"Plan Rows": 312189,"Plan Width": 44,"Actual Startup Time": 523.933,"Actual Total Time": 533.295,"Actual Rows": 11626,"Actual Loops": 1,"Sort Key": ["(sum((lineitem.l_extendedprice * ('1'::numeric - lineitem.l_discount)))) DESC", "orders.o_orderdate"],"Sort Method": "quicksort","Sort Space Used": 1111,"Sort Space Type": "Memory","Plans": [{"Node Type": "Aggregate","Strategy": "Hashed","Partial Mode": "Simple","Parent Relationship": "Outer","Parallel Aware": false,"Async Capable": false,"Startup Cost": 145519.66,"Total Cost": 149422.02,"Plan Rows": 312189,"Plan Width": 44,"Actual Startup Time": 501.113,"Actual Total Time": 524.898,"Actual Rows": 11626,"Actual Loops": 1,"Group Key": ["lineitem.l_orderkey", "orders.o_orderdate", "orders.o_shippriority"],"Planned Partitions": 0,"HashAgg Batches": 1,"Peak Memory Usage": 20497,"Disk Usage": 0,"Plans": [{"Node Type": "Gather","Parent Relationship": "Outer","Parallel Aware": false,"Async Capable": false,"Startup Cost": 5521.58,"Total Cost": 140836.82,"Plan Rows": 312189,"Plan Width": 24,"Actual Startup Time": 30.575,"Actual Total Time": 478.058,"Actual Rows": 30538,"Actual Loops": 1,"Workers Planned": 3,"Workers Launched": 3,"Single Copy": false,"Plans": [{"Node Type": "Nested Loop","Parent Relationship": "Outer","Parallel Aware": false,"Async Capable": false,"Join Type": "Inner","Startup Cost": 4521.58,"Total Cost": 108617.92,"Plan Rows": 100706,"Plan Width": 24,"Actual Startup Time": 23.422,"Actual Total Time": 484.264,"Actual Rows": 7634,"Actual Loops": 4,"Inner Unique": false,"Workers": [],"Plans": [{"Node Type": "Hash Join","Parent Relationship": "Outer","Parallel Aware": true,"Async Capable": false,"Join Type": "Inner","Startup Cost": 4521.15,"Total Cost": 37280.47,"Plan Rows": 46520,"Plan Width": 12,"Actual Startup Time": 23.231,"Actual Total Time": 205.367,"Actual Rows": 36680,"Actual Loops": 4,"Inner Unique": true,"Hash Cond": "(orders.o_custkey = customer.c_custkey)","Workers": [],"Plans": [{"Node Type": "Seq Scan","Parent Relationship": "Outer","Parallel Aware": true,"Async Capable": false,"Relation Name": "orders","Alias": "orders","Startup Cost": 0.00,"Total Cost": 32143.39,"Plan Rows": 234633,"Plan Width": 16,"Actual Startup Time": 0.015,"Actual Total Time": 136.839,"Actual Rows": 181340,"Actual Loops": 4,"Filter": "(o_orderdate < '1995-03-12'::date)","Rows Removed by Filter": 193660,"Workers": []},{"Node Type": "Hash","Parent Relationship": "Inner","Parallel Aware": true,"Async Capable": false,"Startup Cost": 4366.25,"Total Cost": 4366.25,"Plan Rows": 12392,"Plan Width": 4,"Actual Startup Time": 22.825,"Actual Total Time": 22.830,"Actual Rows": 7536,"Actual Loops": 4,"Hash Buckets": 32768,"Original Hash Buckets": 32768,"Hash Batches": 1,"Original Hash Batches": 1,"Peak Memory Usage": 1504,"Workers": [],"Plans": [{"Node Type": "Seq Scan","Parent Relationship": "Outer","Parallel Aware": true,"Async Capable": false,"Relation Name": "customer","Alias": "customer","Startup Cost": 0.00,"Total Cost": 4366.25,"Plan Rows": 12392,"Plan Width": 4,"Actual Startup Time": 0.033,"Actual Total Time": 19.724,"Actual Rows": 7536,"Actual Loops": 4,"Filter": "(c_mktsegment = 'BUILDING'::bpchar)","Rows Removed by Filter": 29964,"Workers": []}]}]},{"Node Type": "Index Scan","Parent Relationship": "Inner","Parallel Aware": false,"Async Capable": false,"Scan Direction": "Forward","Index Name": "idx_lineitem_orderkey","Relation Name": "lineitem","Alias": "lineitem","Startup Cost": 0.43,"Total Cost": 1.44,"Plan Rows": 9,"Plan Width": 16,"Actual Startup Time": 0.007,"Actual Total Time": 0.007,"Actual Rows": 0,"Actual Loops": 146719,"Index Cond": "(l_orderkey = orders.o_orderkey)","Rows Removed by Index Recheck": 0,"Filter": "(l_shipdate > '1995-03-12'::date)","Rows Removed by Filter": 4,"Workers": []}]}]}]}]},"Planning Time": 5.407,"Triggers": [],"Execution Time": 547.651}]
[{"Plan": {"Node Type": "Sort","Parallel Aware": false,"Async Capable": false,"Startup Cost": 178865.64,"Total Cost": 179653.11,"Plan Rows": 314989,"Plan Width": 44,"Actual Startup Time": 523.684,"Actual Total Time": 530.658,"Actual Rows": 11380,"Actual Loops": 1,"Sort Key": ["(sum((lineitem.l_extendedprice * ('1'::numeric - lineitem.l_discount)))) DESC", "orders.o_orderdate"],"Sort Method": "quicksort","Sort Space Used": 1096,"Sort Space Type": "Memory","Plans": [{"Node Type": "Aggregate","Strategy": "Hashed","Partial Mode": "Simple","Parent Relationship": "Outer","Parallel Aware": false,"Async Capable": false,"Startup Cost": 146162.00,"Total Cost": 150099.36,"Plan Rows": 314989,"Plan Width": 44,"Actual Startup Time": 498.088,"Actual Total Time": 522.219,"Actual Rows": 11380,"Actual Loops": 1,"Group Key": ["lineitem.l_orderkey", "orders.o_orderdate", "orders.o_shippriority"],"Planned Partitions": 0,"HashAgg Batches": 1,"Peak Memory Usage": 20497,"Disk Usage": 0,"Plans": [{"Node Type": "Gather","Parent Relationship": "Outer","Parallel Aware": false,"Async Capable": false,"Startup Cost": 5522.86,"Total Cost": 141437.16,"Plan Rows": 314989,"Plan Width": 24,"Actual Startup Time": 30.876,"Actual Total Time": 469.870,"Actual Rows": 30012,"Actual Loops": 1,"Workers Planned": 3,"Workers Launched": 3,"Single Copy": false,"Plans": [{"Node Type": "Nested Loop","Parent Relationship": "Outer","Parallel Aware": false,"Async Capable": false,"Join Type": "Inner","Startup Cost": 4522.86,"Total Cost": 108938.26,"Plan Rows": 101609,"Plan Width": 24,"Actual Startup Time": 23.908,"Actual Total Time": 480.620,"Actual Rows": 7503,"Actual Loops": 4,"Inner Unique": false,"Workers": [],"Plans": [{"Node Type": "Hash Join","Parent Relationship": "Outer","Parallel Aware": true,"Async Capable": false,"Join Type": "Inner","Startup Cost": 4522.43,"Total Cost": 37277.73,"Plan Rows": 46597,"Plan Width": 12,"Actual Startup Time": 23.615,"Actual Total Time": 204.563,"Actual Rows": 35978,"Actual Loops": 4,"Inner Unique": true,"Hash Cond": "(orders.o_custkey = customer.c_custkey)","Workers": [],"Plans": [{"Node Type": "Seq Scan","Parent Relationship": "Outer","Parallel Aware": true,"Async Capable": false,"Relation Name": "orders","Alias": "orders","Startup Cost": 0.00,"Total Cost": 32143.39,"Plan Rows": 233104,"Plan Width": 16,"Actual Startup Time": 0.018,"Actual Total Time": 136.114,"Actual Rows": 180099,"Actual Loops": 4,"Filter": "(o_orderdate < '1995-03-04'::date)","Rows Removed by Filter": 194901,"Workers": []},{"Node Type": "Hash","Parent Relationship": "Inner","Parallel Aware": true,"Async Capable": false,"Startup Cost": 4366.25,"Total Cost": 4366.25,"Plan Rows": 12494,"Plan Width": 4,"Actual Startup Time": 23.137,"Actual Total Time": 23.140,"Actual Rows": 7487,"Actual Loops": 4,"Hash Buckets": 32768,"Original Hash Buckets": 32768,"Hash Batches": 1,"Original Hash Batches": 1,"Peak Memory Usage": 1440,"Workers": [],"Plans": [{"Node Type": "Seq Scan","Parent Relationship": "Outer","Parallel Aware": true,"Async Capable": false,"Relation Name": "customer","Alias": "customer","Startup Cost": 0.00,"Total Cost": 4366.25,"Plan Rows": 12494,"Plan Width": 4,"Actual Startup Time": 0.043,"Actual Total Time": 20.047,"Actual Rows": 7487,"Actual Loops": 4,"Filter": "(c_mktsegment = 'MACHINERY'::bpchar)","Rows Removed by Filter": 30013,"Workers": []}]}]},{"Node Type": "Index Scan","Parent Relationship": "Inner","Parallel Aware": false,"Async Capable": false,"Scan Direction": "Forward","Index Name": "idx_lineitem_orderkey","Relation Name": "lineitem","Alias": "lineitem","Startup Cost": 0.43,"Total Cost": 1.45,"Plan Rows": 9,"Plan Width": 16,"Actual Startup Time": 0.007,"Actual Total Time": 0.007,"Actual Rows": 0,"Actual Loops": 143910,"Index Cond": "(l_orderkey = orders.o_orderkey)","Rows Removed by Index Recheck": 0,"Filter": "(l_shipdate > '1995-03-04'::date)","Rows Removed by Filter": 4,"Workers": []}]}]}]}]},"Planning Time": 5.240,"Triggers": [],"Execution Time": 545.533}]
[{"Plan": {"Node Type": "Sort","Parallel Aware": false,"Async Capable": false,"Startup Cost": 182058.10,"Total Cost": 182862.03,"Plan Rows": 321571,"Plan Width": 44,"Actual Startup Time": 546.390,"Actual Total Time": 556.446,"Actual Rows": 11390,"Actual Loops": 1,"Sort Key": ["(sum((lineitem.l_extendedprice * ('1'::numeric - lineitem.l_discount)))) DESC", "orders.o_orderdate"],"Sort Method": "quicksort","Sort Space Used": 1096,"Sort Space Type": "Memory","Plans": [{"Node Type": "Aggregate","Strategy": "Hashed","Partial Mode": "Simple","Parent Relationship": "Outer","Parallel Aware": false,"Async Capable": false,"Startup Cost": 148623.11,"Total Cost": 152642.75,"Plan Rows": 321571,"Plan Width": 44,"Actual Startup Time": 523.631,"Actual Total Time": 548.110,"Actual Rows": 11390,"Actual Loops": 1,"Group Key": ["lineitem.l_orderkey", "orders.o_orderdate", "orders.o_shippriority"],"Planned Partitions": 0,"HashAgg Batches": 1,"Peak Memory Usage": 20497,"Disk Usage": 0,"Plans": [{"Node Type": "Gather","Parent Relationship": "Outer","Parallel Aware": false,"Async Capable": false,"Startup Cost": 5526.18,"Total Cost": 143799.55,"Plan Rows": 321571,"Plan Width": 24,"Actual Startup Time": 35.987,"Actual Total Time": 502.272,"Actual Rows": 30211,"Actual Loops": 1,"Workers Planned": 3,"Workers Launched": 3,"Single Copy": false,"Plans": [{"Node Type": "Nested Loop","Parent Relationship": "Outer","Parallel Aware": false,"Async Capable": false,"Join Type": "Inner","Startup Cost": 4526.18,"Total Cost": 110642.45,"Plan Rows": 103733,"Plan Width": 24,"Actual Startup Time": 28.041,"Actual Total Time": 506.431,"Actual Rows": 7553,"Actual Loops": 4,"Inner Unique": false,"Workers": [],"Plans": [{"Node Type": "Hash Join","Parent Relationship": "Outer","Parallel Aware": true,"Async Capable": false,"Join Type": "Inner","Startup Cost": 4525.75,"Total Cost": 37283.56,"Plan Rows": 47787,"Plan Width": 12,"Actual Startup Time": 27.784,"Actual Total Time": 223.298,"Actual Rows": 36098,"Actual Loops": 4,"Inner Unique": true,"Hash Cond": "(orders.o_custkey = customer.c_custkey)","Workers": [],"Plans": [{"Node Type": "Seq Scan","Parent Relationship": "Outer","Parallel Aware": true,"Async Capable": false,"Relation Name": "orders","Alias": "orders","Startup Cost": 0.00,"Total Cost": 32143.39,"Plan Rows": 234059,"Plan Width": 16,"Actual Startup Time": 0.012,"Actual Total Time": 145.412,"Actual Rows": 180877,"Actual Loops": 4,"Filter": "(o_orderdate < '1995-03-09'::date)","Rows Removed by Filter": 194123,"Workers": []},{"Node Type": "Hash","Parent Relationship": "Inner","Parallel Aware": true,"Async Capable": false,"Startup Cost": 4366.25,"Total Cost": 4366.25,"Plan Rows": 12760,"Plan Width": 4,"Actual Startup Time": 27.272,"Actual Total Time": 27.279,"Actual Rows": 7492,"Actual Loops": 4,"Hash Buckets": 32768,"Original Hash Buckets": 32768,"Hash Batches": 1,"Original Hash Batches": 1,"Peak Memory Usage": 1504,"Workers": [],"Plans": [{"Node Type": "Seq Scan","Parent Relationship": "Outer","Parallel Aware": true,"Async Capable": false,"Relation Name": "customer","Alias": "customer","Startup Cost": 0.00,"Total Cost": 4366.25,"Plan Rows": 12760,"Plan Width": 4,"Actual Startup Time": 0.042,"Actual Total Time": 23.852,"Actual Rows": 7492,"Actual Loops": 4,"Filter": "(c_mktsegment = 'FURNITURE'::bpchar)","Rows Removed by Filter": 30008,"Workers": []}]}]},{"Node Type": "Index Scan","Parent Relationship": "Inner","Parallel Aware": false,"Async Capable": false,"Scan Direction": "Forward","Index Name": "idx_lineitem_orderkey","Relation Name": "lineitem","Alias": "lineitem","Startup Cost": 0.43,"Total Cost": 1.45,"Plan Rows": 9,"Plan Width": 16,"Actual Startup Time": 0.007,"Actual Total Time": 0.008,"Actual Rows": 0,"Actual Loops": 144393,"Index Cond": "(l_orderkey = orders.o_orderkey)","Rows Removed by Index Recheck": 0,"Filter": "(l_shipdate > '1995-03-09'::date)","Rows Removed by Filter": 4,"Workers": []}]}]}]}]},"Planning Time": 6.548,"Triggers": [],"Execution Time": 570.548}]
[{"Plan": {"Node Type": "Sort","Parallel Aware": false,"Async Capable": false,"Startup Cost": 177833.10,"Total Cost": 178611.95,"Plan Rows": 311540,"Plan Width": 44,"Actual Startup Time": 533.548,"Actual Total Time": 542.995,"Actual Rows": 11519,"Actual Loops": 1,"Sort Key": ["(sum((lineitem.l_extendedprice * ('1'::numeric - lineitem.l_discount)))) DESC", "orders.o_orderdate"],"Sort Method": "quicksort","Sort Space Used": 1104,"Sort Space Type": "Memory","Plans": [{"Node Type": "Aggregate","Strategy": "Hashed","Partial Mode": "Simple","Parent Relationship": "Outer","Parallel Aware": false,"Async Capable": false,"Startup Cost": 145512.29,"Total Cost": 149406.54,"Plan Rows": 311540,"Plan Width": 44,"Actual Startup Time": 509.902,"Actual Total Time": 534.782,"Actual Rows": 11519,"Actual Loops": 1,"Group Key": ["lineitem.l_orderkey", "orders.o_orderdate", "orders.o_shippriority"],"Planned Partitions": 0,"HashAgg Batches": 1,"Peak Memory Usage": 20497,"Disk Usage": 0,"Plans": [{"Node Type": "Gather","Parent Relationship": "Outer","Parallel Aware": false,"Async Capable": false,"Startup Cost": 5521.08,"Total Cost": 140839.19,"Plan Rows": 311540,"Plan Width": 24,"Actual Startup Time": 32.989,"Actual Total Time": 484.347,"Actual Rows": 30353,"Actual Loops": 1,"Workers Planned": 3,"Workers Launched": 3,"Single Copy": false,"Plans": [{"Node Type": "Nested Loop","Parent Relationship": "Outer","Parallel Aware": false,"Async Capable": false,"Join Type": "Inner","Startup Cost": 4521.08,"Total Cost": 108685.19,"Plan Rows": 100497,"Plan Width": 24,"Actual Startup Time": 26.483,"Actual Total Time": 492.637,"Actual Rows": 7588,"Actual Loops": 4,"Inner Unique": false,"Workers": [],"Plans": [{"Node Type": "Hash Join","Parent Relationship": "Outer","Parallel Aware": true,"Async Capable": false,"Join Type": "Inner","Startup Cost": 4520.65,"Total Cost": 37284.45,"Plan Rows": 46709,"Plan Width": 12,"Actual Startup Time": 25.998,"Actual Total Time": 217.669,"Actual Rows": 36288,"Actual Loops": 4,"Inner Unique": true,"Hash Cond": "(orders.o_custkey = customer.c_custkey)","Workers": [],"Plans": [{"Node Type": "Seq Scan","Parent Relationship": "Outer","Parallel Aware": true,"Async Capable": false,"Relation Name": "orders","Alias": "orders","Startup Cost": 0.00,"Total Cost": 32143.39,"Plan Rows": 236341,"Plan Width": 16,"Actual Startup Time": 0.014,"Actual Total Time": 140.339,"Actual Rows": 182456,"Actual Loops": 4,"Filter": "(o_orderdate < '1995-03-19'::date)","Rows Removed by Filter": 192544,"Workers": []},{"Node Type": "Hash","Parent Relationship": "Inner","Parallel Aware": true,"Async Capable": false,"Startup Cost": 4366.25,"Total Cost": 4366.25,"Plan Rows": 12352,"Plan Width": 4,"Actual Startup Time": 25.517,"Actual Total Time": 25.522,"Actual Rows": 7438,"Actual Loops": 4,"Hash Buckets": 32768,"Original Hash Buckets": 32768,"Hash Batches": 1,"Original Hash Batches": 1,"Peak Memory Usage": 1504,"Workers": [],"Plans": [{"Node Type": "Seq Scan","Parent Relationship": "Outer","Parallel Aware": true,"Async Capable": false,"Relation Name": "customer","Alias": "customer","Startup Cost": 0.00,"Total Cost": 4366.25,"Plan Rows": 12352,"Plan Width": 4,"Actual Startup Time": 0.034,"Actual Total Time": 21.816,"Actual Rows": 7438,"Actual Loops": 4,"Filter": "(c_mktsegment = 'AUTOMOBILE'::bpchar)","Rows Removed by Filter": 30062,"Workers": []}]}]},{"Node Type": "Index Scan","Parent Relationship": "Inner","Parallel Aware": false,"Async Capable": false,"Scan Direction": "Forward","Index Name": "idx_lineitem_orderkey","Relation Name": "lineitem","Alias": "lineitem","Startup Cost": 0.43,"Total Cost": 1.44,"Plan Rows": 9,"Plan Width": 16,"Actual Startup Time": 0.007,"Actual Total Time": 0.007,"Actual Rows": 0,"Actual Loops": 145150,"Index Cond": "(l_orderkey = orders.o_orderkey)","Rows Removed by Index Recheck": 0,"Filter": "(l_shipdate > '1995-03-19'::date)","Rows Removed by Filter": 4,"Workers": []}]}]}]}]},"Planning Time": 5.975,"Triggers": [],"Execution Time": 555.192}]
[{"Plan": {"Node Type": "Sort","Parallel Aware": false,"Async Capable": false,"Startup Cost": 182058.10,"Total Cost": 182862.03,"Plan Rows": 321571,"Plan Width": 44,"Actual Startup Time": 546.390,"Actual Total Time": 556.446,"Actual Rows": 11390,"Actual Loops": 1,"Sort Key": ["(sum((lineitem.l_extendedprice * ('1'::numeric - lineitem.l_discount)))) DESC", "orders.o_orderdate"],"Sort Method": "quicksort","Sort Space Used": 1096,"Sort Space Type": "Memory","Plans": [{"Node Type": "Aggregate","Strategy": "Hashed","Partial Mode": "Simple","Parent Relationship": "Outer","Parallel Aware": false,"Async Capable": false,"Startup Cost": 148623.11,"Total Cost": 152642.75,"Plan Rows": 321571,"Plan Width": 44,"Actual Startup Time": 523.631,"Actual Total Time": 548.110,"Actual Rows": 11390,"Actual Loops": 1,"Group Key": ["lineitem.l_orderkey", "orders.o_orderdate", "orders.o_shippriority"],"Planned Partitions": 0,"HashAgg Batches": 1,"Peak Memory Usage": 20497,"Disk Usage": 0,"Plans": [{"Node Type": "Gather","Parent Relationship": "Outer","Parallel Aware": false,"Async Capable": false,"Startup Cost": 5526.18,"Total Cost": 143799.55,"Plan Rows": 321571,"Plan Width": 24,"Actual Startup Time": 35.987,"Actual Total Time": 502.272,"Actual Rows": 30211,"Actual Loops": 1,"Workers Planned": 3,"Workers Launched": 3,"Single Copy": false,"Plans": [{"Node Type": "Nested Loop","Parent Relationship": "Outer","Parallel Aware": false,"Async Capable": false,"Join Type": "Inner","Startup Cost": 4526.18,"Total Cost": 110642.45,"Plan Rows": 103733,"Plan Width": 24,"Actual Startup Time": 28.041,"Actual Total Time": 506.431,"Actual Rows": 7553,"Actual Loops": 4,"Inner Unique": false,"Workers": [],"Plans": [{"Node Type": "Hash Join","Parent Relationship": "Outer","Parallel Aware": true,"Async Capable": false,"Join Type": "Inner","Startup Cost": 4525.75,"Total Cost": 37283.56,"Plan Rows": 47787,"Plan Width": 12,"Actual Startup Time": 27.784,"Actual Total Time": 223.298,"Actual Rows": 36098,"Actual Loops": 4,"Inner Unique": true,"Hash Cond": "(orders.o_custkey = customer.c_custkey)","Workers": [],"Plans": [{"Node Type": "Seq Scan","Parent Relationship": "Outer","Parallel Aware": true,"Async Capable": false,"Relation Name": "orders","Alias": "orders","Startup Cost": 0.00,"Total Cost": 32143.39,"Plan Rows": 234059,"Plan Width": 16,"Actual Startup Time": 0.012,"Actual Total Time": 145.412,"Actual Rows": 180877,"Actual Loops": 4,"Filter": "(o_orderdate < '1995-03-09'::date)","Rows Removed by Filter": 194123,"Workers": []},{"Node Type": "Hash","Parent Relationship": "Inner","Parallel Aware": true,"Async Capable": false,"Startup Cost": 4366.25,"Total Cost": 4366.25,"Plan Rows": 12760,"Plan Width": 4,"Actual Startup Time": 27.272,"Actual Total Time": 27.279,"Actual Rows": 7492,"Actual Loops": 4,"Hash Buckets": 32768,"Original Hash Buckets": 32768,"Hash Batches": 1,"Original Hash Batches": 1,"Peak Memory Usage": 1504,"Workers": [],"Plans": [{"Node Type": "Seq Scan","Parent Relationship": "Outer","Parallel Aware": true,"Async Capable": false,"Relation Name": "customer","Alias": "customer","Startup Cost": 0.00,"Total Cost": 4366.25,"Plan Rows": 12760,"Plan Width": 4,"Actual Startup Time": 0.042,"Actual Total Time": 23.852,"Actual Rows": 7492,"Actual Loops": 4,"Filter": "(c_mktsegment = 'FURNITURE'::bpchar)","Rows Removed by Filter": 30008,"Workers": []}]}]},{"Node Type": "Index Scan","Parent Relationship": "Inner","Parallel Aware": false,"Async Capable": false,"Scan Direction": "Forward","Index Name": "idx_lineitem_orderkey","Relation Name": "lineitem","Alias": "lineitem","Startup Cost": 0.43,"Total Cost": 1.45,"Plan Rows": 9,"Plan Width": 16,"Actual Startup Time": 0.007,"Actual Total Time": 0.008,"Actual Rows": 0,"Actual Loops": 144393,"Index Cond": "(l_orderkey = orders.o_orderkey)","Rows Removed by Index Recheck": 0,"Filter": "(l_shipdate > '1995-03-09'::date)","Rows Removed by Filter": 4,"Workers": []}]}]}]}]},"Planning Time": 6.548,"Triggers": [],"Execution Time": 570.548}]
[{"Plan": {"Node Type": "Sort","Parallel Aware": false,"Async Capable": false,"Startup Cost": 178253.54,"Total Cost": 179032.30,"Plan Rows": 311506,"Plan Width": 44,"Actual Startup Time": 542.990,"Actual Total Time": 552.619,"Actual Rows": 11412,"Actual Loops": 1,"Sort Key": ["(sum((lineitem.l_extendedprice * ('1'::numeric - lineitem.l_discount)))) DESC", "orders.o_orderdate"],"Sort Method": "quicksort","Sort Space Used": 1098,"Sort Space Type": "Memory","Plans": [{"Node Type": "Aggregate","Strategy": "Hashed","Partial Mode": "Simple","Parent Relationship": "Outer","Parallel Aware": false,"Async Capable": false,"Startup Cost": 145936.50,"Total Cost": 149830.33,"Plan Rows": 311506,"Plan Width": 44,"Actual Startup Time": 520.259,"Actual Total Time": 542.586,"Actual Rows": 11412,"Actual Loops": 1,"Group Key": ["lineitem.l_orderkey", "orders.o_orderdate", "orders.o_shippriority"],"Planned Partitions": 0,"HashAgg Batches": 1,"Peak Memory Usage": 20497,"Disk Usage": 0,"Plans": [{"Node Type": "Gather","Parent Relationship": "Outer","Parallel Aware": false,"Async Capable": false,"Startup Cost": 5521.08,"Total Cost": 141263.91,"Plan Rows": 311506,"Plan Width": 24,"Actual Startup Time": 34.718,"Actual Total Time": 493.864,"Actual Rows": 29909,"Actual Loops": 1,"Workers Planned": 3,"Workers Launched": 3,"Single Copy": false,"Plans": [{"Node Type": "Nested Loop","Parent Relationship": "Outer","Parallel Aware": false,"Async Capable": false,"Join Type": "Inner","Startup Cost": 4521.08,"Total Cost": 109113.31,"Plan Rows": 100486,"Plan Width": 24,"Actual Startup Time": 26.864,"Actual Total Time": 502.216,"Actual Rows": 7477,"Actual Loops": 4,"Inner Unique": false,"Workers": [],"Plans": [{"Node Type": "Hash Join","Parent Relationship": "Outer","Parallel Aware": true,"Async Capable": false,"Join Type": "Inner","Startup Cost": 4520.65,"Total Cost": 37290.95,"Plan Rows": 47198,"Plan Width": 12,"Actual Startup Time": 26.201,"Actual Total Time": 219.838,"Actual Rows": 36644,"Actual Loops": 4,"Inner Unique": true,"Hash Cond": "(orders.o_custkey = customer.c_custkey)","Workers": [],"Plans": [{"Node Type": "Seq Scan","Parent Relationship": "Outer","Parallel Aware": true,"Async Capable": false,"Relation Name": "orders","Alias": "orders","Startup Cost": 0.00,"Total Cost": 32143.39,"Plan Rows": 238816,"Plan Width": 16,"Actual Startup Time": 0.013,"Actual Total Time": 141.852,"Actual Rows": 184291,"Actual Loops": 4,"Filter": "(o_orderdate < '1995-03-31'::date)","Rows Removed by Filter": 190709,"Workers": []},{"Node Type": "Hash","Parent Relationship": "Inner","Parallel Aware": true,"Async Capable": false,"Startup Cost": 4366.25,"Total Cost": 4366.25,"Plan Rows": 12352,"Plan Width": 4,"Actual Startup Time": 25.646,"Actual Total Time": 25.652,"Actual Rows": 7438,"Actual Loops": 4,"Hash Buckets": 32768,"Original Hash Buckets": 32768,"Hash Batches": 1,"Original Hash Batches": 1,"Peak Memory Usage": 1472,"Workers": [],"Plans": [{"Node Type": "Seq Scan","Parent Relationship": "Outer","Parallel Aware": true,"Async Capable": false,"Relation Name": "customer","Alias": "customer","Startup Cost": 0.00,"Total Cost": 4366.25,"Plan Rows": 12352,"Plan Width": 4,"Actual Startup Time": 0.044,"Actual Total Time": 21.670,"Actual Rows": 7438,"Actual Loops": 4,"Filter": "(c_mktsegment = 'AUTOMOBILE'::bpchar)","Rows Removed by Filter": 30062,"Workers": []}]}]},{"Node Type": "Index Scan","Parent Relationship": "Inner","Parallel Aware": false,"Async Capable": false,"Scan Direction": "Forward","Index Name": "idx_lineitem_orderkey","Relation Name": "lineitem","Alias": "lineitem","Startup Cost": 0.43,"Total Cost": 1.43,"Plan Rows": 9,"Plan Width": 16,"Actual Startup Time": 0.007,"Actual Total Time": 0.007,"Actual Rows": 0,"Actual Loops": 146577,"Index Cond": "(l_orderkey = orders.o_orderkey)","Rows Removed by Index Recheck": 0,"Filter": "(l_shipdate > '1995-03-31'::date)","Rows Removed by Filter": 4,"Workers": []}]}]}]}]},"Planning Time": 5.431,"Triggers": [],"Execution Time": 565.719}]
[{"Plan": {"Node Type": "Sort","Parallel Aware": false,"Async Capable": false,"Startup Cost": 178286.89,"Total Cost": 179068.23,"Plan Rows": 312538,"Plan Width": 44,"Actual Startup Time": 548.414,"Actual Total Time": 557.750,"Actual Rows": 11693,"Actual Loops": 1,"Sort Key": ["(sum((lineitem.l_extendedprice * ('1'::numeric - lineitem.l_discount)))) DESC", "orders.o_orderdate"],"Sort Method": "quicksort","Sort Space Used": 1115,"Sort Space Type": "Memory","Plans": [{"Node Type": "Aggregate","Strategy": "Hashed","Partial Mode": "Simple","Parent Relationship": "Outer","Parallel Aware": false,"Async Capable": false,"Startup Cost": 145855.33,"Total Cost": 149762.05,"Plan Rows": 312538,"Plan Width": 44,"Actual Startup Time": 524.991,"Actual Total Time": 548.961,"Actual Rows": 11693,"Actual Loops": 1,"Group Key": ["lineitem.l_orderkey", "orders.o_orderdate", "orders.o_shippriority"],"Planned Partitions": 0,"HashAgg Batches": 1,"Peak Memory Usage": 20497,"Disk Usage": 0,"Plans": [{"Node Type": "Gather","Parent Relationship": "Outer","Parallel Aware": false,"Async Capable": false,"Startup Cost": 5521.58,"Total Cost": 141167.26,"Plan Rows": 312538,"Plan Width": 24,"Actual Startup Time": 34.145,"Actual Total Time": 498.586,"Actual Rows": 30656,"Actual Loops": 1,"Workers Planned": 3,"Workers Launched": 3,"Single Copy": false,"Plans": [{"Node Type": "Nested Loop","Parent Relationship": "Outer","Parallel Aware": false,"Async Capable": false,"Join Type": "Inner","Startup Cost": 4521.58,"Total Cost": 108913.46,"Plan Rows": 100819,"Plan Width": 24,"Actual Startup Time": 27.351,"Actual Total Time": 507.546,"Actual Rows": 7664,"Actual Loops": 4,"Inner Unique": false,"Workers": [],"Plans": [{"Node Type": "Hash Join","Parent Relationship": "Outer","Parallel Aware": true,"Async Capable": false,"Join Type": "Inner","Startup Cost": 4521.15,"Total Cost": 37284.95,"Plan Rows": 46858,"Plan Width": 12,"Actual Startup Time": 27.116,"Actual Total Time": 224.177,"Actual Rows": 36918,"Actual Loops": 4,"Inner Unique": true,"Hash Cond": "(orders.o_custkey = customer.c_custkey)","Workers": [],"Plans": [{"Node Type": "Seq Scan","Parent Relationship": "Outer","Parallel Aware": true,"Async Capable": false,"Relation Name": "orders","Alias": "orders","Startup Cost": 0.00,"Total Cost": 32143.39,"Plan Rows": 236341,"Plan Width": 16,"Actual Startup Time": 0.020,"Actual Total Time": 144.187,"Actual Rows": 182456,"Actual Loops": 4,"Filter": "(o_orderdate < '1995-03-19'::date)","Rows Removed by Filter": 192544,"Workers": []},{"Node Type": "Hash","Parent Relationship": "Inner","Parallel Aware": true,"Async Capable": false,"Startup Cost": 4366.25,"Total Cost": 4366.25,"Plan Rows": 12392,"Plan Width": 4,"Actual Startup Time": 26.653,"Actual Total Time": 26.657,"Actual Rows": 7536,"Actual Loops": 4,"Hash Buckets": 32768,"Original Hash Buckets": 32768,"Hash Batches": 1,"Original Hash Batches": 1,"Peak Memory Usage": 1504,"Workers": [],"Plans": [{"Node Type": "Seq Scan","Parent Relationship": "Outer","Parallel Aware": true,"Async Capable": false,"Relation Name": "customer","Alias": "customer","Startup Cost": 0.00,"Total Cost": 4366.25,"Plan Rows": 12392,"Plan Width": 4,"Actual Startup Time": 0.038,"Actual Total Time": 22.774,"Actual Rows": 7536,"Actual Loops": 4,"Filter": "(c_mktsegment = 'BUILDING'::bpchar)","Rows Removed by Filter": 29964,"Workers": []}]}]},{"Node Type": "Index Scan","Parent Relationship": "Inner","Parallel Aware": false,"Async Capable": false,"Scan Direction": "Forward","Index Name": "idx_lineitem_orderkey","Relation Name": "lineitem","Alias": "lineitem","Startup Cost": 0.43,"Total Cost": 1.44,"Plan Rows": 9,"Plan Width": 16,"Actual Startup Time": 0.007,"Actual Total Time": 0.007,"Actual Rows": 0,"Actual Loops": 147672,"Index Cond": "(l_orderkey = orders.o_orderkey)","Rows Removed by Index Recheck": 0,"Filter": "(l_shipdate > '1995-03-19'::date)","Rows Removed by Filter": 4,"Workers": []}]}]}]}]},"Planning Time": 5.587,"Triggers": [],"Execution Time": 570.036}]
[{"Plan": {"Node Type": "Sort","Parallel Aware": false,"Async Capable": false,"Startup Cost": 178218.79,"Total Cost": 178997.56,"Plan Rows": 311511,"Plan Width": 44,"Actual Startup Time": 516.028,"Actual Total Time": 526.582,"Actual Rows": 11396,"Actual Loops": 1,"Sort Key": ["(sum((lineitem.l_extendedprice * ('1'::numeric - lineitem.l_discount)))) DESC", "orders.o_orderdate"],"Sort Method": "quicksort","Sort Space Used": 1097,"Sort Space Type": "Memory","Plans": [{"Node Type": "Aggregate","Strategy": "Hashed","Partial Mode": "Simple","Parent Relationship": "Outer","Parallel Aware": false,"Async Capable": false,"Startup Cost": 145901.20,"Total Cost": 149795.08,"Plan Rows": 311511,"Plan Width": 44,"Actual Startup Time": 493.908,"Actual Total Time": 518.234,"Actual Rows": 11396,"Actual Loops": 1,"Group Key": ["lineitem.l_orderkey", "orders.o_orderdate", "orders.o_shippriority"],"Planned Partitions": 0,"HashAgg Batches": 1,"Peak Memory Usage": 20497,"Disk Usage": 0,"Plans": [{"Node Type": "Gather","Parent Relationship": "Outer","Parallel Aware": false,"Async Capable": false,"Startup Cost": 5521.08,"Total Cost": 141228.53,"Plan Rows": 311511,"Plan Width": 24,"Actual Startup Time": 30.838,"Actual Total Time": 472.933,"Actual Rows": 29860,"Actual Loops": 1,"Workers Planned": 3,"Workers Launched": 3,"Single Copy": false,"Plans": [{"Node Type": "Nested Loop","Parent Relationship": "Outer","Parallel Aware": false,"Async Capable": false,"Join Type": "Inner","Startup Cost": 4521.08,"Total Cost": 109077.43,"Plan Rows": 100487,"Plan Width": 24,"Actual Startup Time": 23.953,"Actual Total Time": 477.760,"Actual Rows": 7465,"Actual Loops": 4,"Inner Unique": false,"Workers": [],"Plans": [{"Node Type": "Hash Join","Parent Relationship": "Outer","Parallel Aware": true,"Async Capable": false,"Join Type": "Inner","Startup Cost": 4520.65,"Total Cost": 37290.41,"Plan Rows": 47157,"Plan Width": 12,"Actual Startup Time": 23.470,"Actual Total Time": 204.156,"Actual Rows": 36612,"Actual Loops": 4,"Inner Unique": true,"Hash Cond": "(orders.o_custkey = customer.c_custkey)","Workers": [],"Plans": [{"Node Type": "Seq Scan","Parent Relationship": "Outer","Parallel Aware": true,"Async Capable": false,"Relation Name": "orders","Alias": "orders","Startup Cost": 0.00,"Total Cost": 32143.39,"Plan Rows": 238609,"Plan Width": 16,"Actual Startup Time": 0.012,"Actual Total Time": 135.524,"Actual Rows": 184142,"Actual Loops": 4,"Filter": "(o_orderdate < '1995-03-30'::date)","Rows Removed by Filter": 190858,"Workers": []},{"Node Type": "Hash","Parent Relationship": "Inner","Parallel Aware": true,"Async Capable": false,"Startup Cost": 4366.25,"Total Cost": 4366.25,"Plan Rows": 12352,"Plan Width": 4,"Actual Startup Time": 23.021,"Actual Total Time": 23.027,"Actual Rows": 7438,"Actual Loops": 4,"Hash Buckets": 32768,"Original Hash Buckets": 32768,"Hash Batches": 1,"Original Hash Batches": 1,"Peak Memory Usage": 1504,"Workers": [],"Plans": [{"Node Type": "Seq Scan","Parent Relationship": "Outer","Parallel Aware": true,"Async Capable": false,"Relation Name": "customer","Alias": "customer","Startup Cost": 0.00,"Total Cost": 4366.25,"Plan Rows": 12352,"Plan Width": 4,"Actual Startup Time": 0.035,"Actual Total Time": 19.970,"Actual Rows": 7438,"Actual Loops": 4,"Filter": "(c_mktsegment = 'AUTOMOBILE'::bpchar)","Rows Removed by Filter": 30062,"Workers": []}]}]},{"Node Type": "Index Scan","Parent Relationship": "Inner","Parallel Aware": false,"Async Capable": false,"Scan Direction": "Forward","Index Name": "idx_lineitem_orderkey","Relation Name": "lineitem","Alias": "lineitem","Startup Cost": 0.43,"Total Cost": 1.43,"Plan Rows": 9,"Plan Width": 16,"Actual Startup Time": 0.007,"Actual Total Time": 0.007,"Actual Rows": 0,"Actual Loops": 146450,"Index Cond": "(l_orderkey = orders.o_orderkey)","Rows Removed by Index Recheck": 0,"Filter": "(l_shipdate > '1995-03-30'::date)","Rows Removed by Filter": 4,"Workers": []}]}]}]}]},"Planning Time": 6.748,"Triggers": [],"Execution Time": 540.727}]
[{"Plan": {"Node Type": "Sort","Parallel Aware": false,"Async Capable": false,"Startup Cost": 177934.23,"Total Cost": 178713.03,"Plan Rows": 311522,"Plan Width": 44,"Actual Startup Time": 537.588,"Actual Total Time": 546.774,"Actual Rows": 11478,"Actual Loops": 1,"Sort Key": ["(sum((lineitem.l_extendedprice * ('1'::numeric - lineitem.l_discount)))) DESC", "orders.o_orderdate"],"Sort Method": "quicksort","Sort Space Used": 1102,"Sort Space Type": "Memory","Plans": [{"Node Type": "Aggregate","Strategy": "Hashed","Partial Mode": "Simple","Parent Relationship": "Outer","Parallel Aware": false,"Async Capable": false,"Startup Cost": 145615.42,"Total Cost": 149509.44,"Plan Rows": 311522,"Plan Width": 44,"Actual Startup Time": 514.515,"Actual Total Time": 537.243,"Actual Rows": 11478,"Actual Loops": 1,"Group Key": ["lineitem.l_orderkey", "orders.o_orderdate", "orders.o_shippriority"],"Planned Partitions": 0,"HashAgg Batches": 1,"Peak Memory Usage": 20497,"Disk Usage": 0,"Plans": [{"Node Type": "Gather","Parent Relationship": "Outer","Parallel Aware": false,"Async Capable": false,"Startup Cost": 5521.08,"Total Cost": 140942.59,"Plan Rows": 311522,"Plan Width": 24,"Actual Startup Time": 33.037,"Actual Total Time": 488.277,"Actual Rows": 30225,"Actual Loops": 1,"Workers Planned": 3,"Workers Launched": 3,"Single Copy": false,"Plans": [{"Node Type": "Nested Loop","Parent Relationship": "Outer","Parallel Aware": false,"Async Capable": false,"Join Type": "Inner","Startup Cost": 4521.08,"Total Cost": 108790.39,"Plan Rows": 100491,"Plan Width": 24,"Actual Startup Time": 25.490,"Actual Total Time": 497.093,"Actual Rows": 7556,"Actual Loops": 4,"Inner Unique": false,"Workers": [],"Plans": [{"Node Type": "Hash Join","Parent Relationship": "Outer","Parallel Aware": true,"Async Capable": false,"Join Type": "Inner","Startup Cost": 4520.65,"Total Cost": 37286.05,"Plan Rows": 46829,"Plan Width": 12,"Actual Startup Time": 25.029,"Actual Total Time": 217.091,"Actual Rows": 36378,"Actual Loops": 4,"Inner Unique": true,"Hash Cond": "(orders.o_custkey = customer.c_custkey)","Workers": [],"Plans": [{"Node Type": "Seq Scan","Parent Relationship": "Outer","Parallel Aware": true,"Async Capable": false,"Relation Name": "orders","Alias": "orders","Startup Cost": 0.00,"Total Cost": 32143.39,"Plan Rows": 236947,"Plan Width": 16,"Actual Startup Time": 0.009,"Actual Total Time": 140.715,"Actual Rows": 182920,"Actual Loops": 4,"Filter": "(o_orderdate < '1995-03-22'::date)","Rows Removed by Filter": 192080,"Workers": []},{"Node Type": "Hash","Parent Relationship": "Inner","Parallel Aware": true,"Async Capable": false,"Startup Cost": 4366.25,"Total Cost": 4366.25,"Plan Rows": 12352,"Plan Width": 4,"Actual Startup Time": 24.546,"Actual Total Time": 24.550,"Actual Rows": 7438,"Actual Loops": 4,"Hash Buckets": 32768,"Original Hash Buckets": 32768,"Hash Batches": 1,"Original Hash Batches": 1,"Peak Memory Usage": 1504,"Workers": [],"Plans": [{"Node Type": "Seq Scan","Parent Relationship": "Outer","Parallel Aware": true,"Async Capable": false,"Relation Name": "customer","Alias": "customer","Startup Cost": 0.00,"Total Cost": 4366.25,"Plan Rows": 12352,"Plan Width": 4,"Actual Startup Time": 0.042,"Actual Total Time": 20.669,"Actual Rows": 7438,"Actual Loops": 4,"Filter": "(c_mktsegment = 'AUTOMOBILE'::bpchar)","Rows Removed by Filter": 30062,"Workers": []}]}]},{"Node Type": "Index Scan","Parent Relationship": "Inner","Parallel Aware": false,"Async Capable": false,"Scan Direction": "Forward","Index Name": "idx_lineitem_orderkey","Relation Name": "lineitem","Alias": "lineitem","Startup Cost": 0.43,"Total Cost": 1.44,"Plan Rows": 9,"Plan Width": 16,"Actual Startup Time": 0.007,"Actual Total Time": 0.007,"Actual Rows": 0,"Actual Loops": 145510,"Index Cond": "(l_orderkey = orders.o_orderkey)","Rows Removed by Index Recheck": 0,"Filter": "(l_shipdate > '1995-03-22'::date)","Rows Removed by Filter": 4,"Workers": []}]}]}]}]},"Planning Time": 5.351,"Triggers": [],"Execution Time": 559.551}]
[{"Plan": {"Node Type": "Sort","Parallel Aware": false,"Async Capable": false,"Startup Cost": 177718.28,"Total Cost": 178497.32,"Plan Rows": 311617,"Plan Width": 44,"Actual Startup Time": 523.286,"Actual Total Time": 529.360,"Actual Rows": 11529,"Actual Loops": 1,"Sort Key": ["(sum((lineitem.l_extendedprice * ('1'::numeric - lineitem.l_discount)))) DESC", "orders.o_orderdate"],"Sort Method": "quicksort","Sort Space Used": 1105,"Sort Space Type": "Memory","Plans": [{"Node Type": "Aggregate","Strategy": "Hashed","Partial Mode": "Simple","Parent Relationship": "Outer","Parallel Aware": false,"Async Capable": false,"Startup Cost": 145388.93,"Total Cost": 149284.14,"Plan Rows": 311617,"Plan Width": 44,"Actual Startup Time": 496.438,"Actual Total Time": 520.988,"Actual Rows": 11529,"Actual Loops": 1,"Group Key": ["lineitem.l_orderkey", "orders.o_orderdate", "orders.o_shippriority"],"Planned Partitions": 0,"HashAgg Batches": 1,"Peak Memory Usage": 20497,"Disk Usage": 0,"Plans": [{"Node Type": "Gather","Parent Relationship": "Outer","Parallel Aware": false,"Async Capable": false,"Startup Cost": 5521.08,"Total Cost": 140714.67,"Plan Rows": 311617,"Plan Width": 24,"Actual Startup Time": 30.230,"Actual Total Time": 466.097,"Actual Rows": 30379,"Actual Loops": 1,"Workers Planned": 3,"Workers Launched": 3,"Single Copy": false,"Plans": [{"Node Type": "Nested Loop","Parent Relationship": "Outer","Parallel Aware": false,"Async Capable": false,"Join Type": "Inner","Startup Cost": 4521.08,"Total Cost": 108552.97,"Plan Rows": 100522,"Plan Width": 24,"Actual Startup Time": 23.397,"Actual Total Time": 478.689,"Actual Rows": 7595,"Actual Loops": 4,"Inner Unique": false,"Workers": [],"Plans": [{"Node Type": "Hash Join","Parent Relationship": "Outer","Parallel Aware": true,"Async Capable": false,"Join Type": "Inner","Startup Cost": 4520.65,"Total Cost": 37282.45,"Plan Rows": 46558,"Plan Width": 12,"Actual Startup Time": 22.962,"Actual Total Time": 204.094,"Actual Rows": 36168,"Actual Loops": 4,"Inner Unique": true,"Hash Cond": "(orders.o_custkey = customer.c_custkey)","Workers": [],"Plans": [{"Node Type": "Seq Scan","Parent Relationship": "Outer","Parallel Aware": true,"Async Capable": false,"Relation Name": "orders","Alias": "orders","Startup Cost": 0.00,"Total Cost": 32143.39,"Plan Rows": 235577,"Plan Width": 16,"Actual Startup Time": 0.013,"Actual Total Time": 135.621,"Actual Rows": 181826,"Actual Loops": 4,"Filter": "(o_orderdate < '1995-03-15'::date)","Rows Removed by Filter": 193174,"Workers": []},{"Node Type": "Hash","Parent Relationship": "Inner","Parallel Aware": true,"Async Capable": false,"Startup Cost": 4366.25,"Total Cost": 4366.25,"Plan Rows": 12352,"Plan Width": 4,"Actual Startup Time": 22.532,"Actual Total Time": 22.539,"Actual Rows": 7438,"Actual Loops": 4,"Hash Buckets": 32768,"Original Hash Buckets": 32768,"Hash Batches": 1,"Original Hash Batches": 1,"Peak Memory Usage": 1504,"Workers": [],"Plans": [{"Node Type": "Seq Scan","Parent Relationship": "Outer","Parallel Aware": true,"Async Capable": false,"Relation Name": "customer","Alias": "customer","Startup Cost": 0.00,"Total Cost": 4366.25,"Plan Rows": 12352,"Plan Width": 4,"Actual Startup Time": 0.042,"Actual Total Time": 19.535,"Actual Rows": 7438,"Actual Loops": 4,"Filter": "(c_mktsegment = 'AUTOMOBILE'::bpchar)","Rows Removed by Filter": 30062,"Workers": []}]}]},{"Node Type": "Index Scan","Parent Relationship": "Inner","Parallel Aware": false,"Async Capable": false,"Scan Direction": "Forward","Index Name": "idx_lineitem_orderkey","Relation Name": "lineitem","Alias": "lineitem","Startup Cost": 0.43,"Total Cost": 1.44,"Plan Rows": 9,"Plan Width": 16,"Actual Startup Time": 0.007,"Actual Total Time": 0.007,"Actual Rows": 0,"Actual Loops": 144672,"Index Cond": "(l_orderkey = orders.o_orderkey)","Rows Removed by Index Recheck": 0,"Filter": "(l_shipdate > '1995-03-15'::date)","Rows Removed by Filter": 4,"Workers": []}]}]}]}]},"Planning Time": 5.799,"Triggers": [],"Execution Time": 543.797}]
[{"Plan": {"Node Type": "Sort","Parallel Aware": false,"Async Capable": false,"Startup Cost": 179851.17,"Total Cost": 180638.87,"Plan Rows": 315082,"Plan Width": 44,"Actual Startup Time": 546.335,"Actual Total Time": 556.445,"Actual Rows": 11289,"Actual Loops": 1,"Sort Key": ["(sum((lineitem.l_extendedprice * ('1'::numeric - lineitem.l_discount)))) DESC", "orders.o_orderdate"],"Sort Method": "quicksort","Sort Space Used": 1090,"Sort Space Type": "Memory","Plans": [{"Node Type": "Aggregate","Strategy": "Hashed","Partial Mode": "Simple","Parent Relationship": "Outer","Parallel Aware": false,"Async Capable": false,"Startup Cost": 147137.20,"Total Cost": 151075.73,"Plan Rows": 315082,"Plan Width": 44,"Actual Startup Time": 523.070,"Actual Total Time": 548.344,"Actual Rows": 11289,"Actual Loops": 1,"Group Key": ["lineitem.l_orderkey", "orders.o_orderdate", "orders.o_shippriority"],"Planned Partitions": 0,"HashAgg Batches": 1,"Peak Memory Usage": 20497,"Disk Usage": 0,"Plans": [{"Node Type": "Gather","Parent Relationship": "Outer","Parallel Aware": false,"Async Capable": false,"Startup Cost": 5522.86,"Total Cost": 142410.97,"Plan Rows": 315082,"Plan Width": 24,"Actual Startup Time": 33.060,"Actual Total Time": 499.358,"Actual Rows": 29911,"Actual Loops": 1,"Workers Planned": 3,"Workers Launched": 3,"Single Copy": false,"Plans": [{"Node Type": "Nested Loop","Parent Relationship": "Outer","Parallel Aware": false,"Async Capable": false,"Join Type": "Inner","Startup Cost": 4522.86,"Total Cost": 109902.77,"Plan Rows": 101639,"Plan Width": 24,"Actual Startup Time": 25.799,"Actual Total Time": 505.268,"Actual Rows": 7478,"Actual Loops": 4,"Inner Unique": false,"Workers": [],"Plans": [{"Node Type": "Hash Join","Parent Relationship": "Outer","Parallel Aware": true,"Async Capable": false,"Join Type": "Inner","Startup Cost": 4522.43,"Total Cost": 37292.18,"Plan Rows": 47698,"Plan Width": 12,"Actual Startup Time": 25.416,"Actual Total Time": 219.516,"Actual Rows": 36776,"Actual Loops": 4,"Inner Unique": true,"Hash Cond": "(orders.o_custkey = customer.c_custkey)","Workers": [],"Plans": [{"Node Type": "Seq Scan","Parent Relationship": "Outer","Parallel Aware": true,"Async Capable": false,"Relation Name": "orders","Alias": "orders","Startup Cost": 0.00,"Total Cost": 32143.39,"Plan Rows": 238609,"Plan Width": 16,"Actual Startup Time": 0.008,"Actual Total Time": 143.145,"Actual Rows": 184142,"Actual Loops": 4,"Filter": "(o_orderdate < '1995-03-30'::date)","Rows Removed by Filter": 190858,"Workers": []},{"Node Type": "Hash","Parent Relationship": "Inner","Parallel Aware": true,"Async Capable": false,"Startup Cost": 4366.25,"Total Cost": 4366.25,"Plan Rows": 12494,"Plan Width": 4,"Actual Startup Time": 24.916,"Actual Total Time": 24.922,"Actual Rows": 7487,"Actual Loops": 4,"Hash Buckets": 32768,"Original Hash Buckets": 32768,"Hash Batches": 1,"Original Hash Batches": 1,"Peak Memory Usage": 1472,"Workers": [],"Plans": [{"Node Type": "Seq Scan","Parent Relationship": "Outer","Parallel Aware": true,"Async Capable": false,"Relation Name": "customer","Alias": "customer","Startup Cost": 0.00,"Total Cost": 4366.25,"Plan Rows": 12494,"Plan Width": 4,"Actual Startup Time": 0.037,"Actual Total Time": 21.079,"Actual Rows": 7487,"Actual Loops": 4,"Filter": "(c_mktsegment = 'MACHINERY'::bpchar)","Rows Removed by Filter": 30013,"Workers": []}]}]},{"Node Type": "Index Scan","Parent Relationship": "Inner","Parallel Aware": false,"Async Capable": false,"Scan Direction": "Forward","Index Name": "idx_lineitem_orderkey","Relation Name": "lineitem","Alias": "lineitem","Startup Cost": 0.43,"Total Cost": 1.43,"Plan Rows": 9,"Plan Width": 16,"Actual Startup Time": 0.007,"Actual Total Time": 0.008,"Actual Rows": 0,"Actual Loops": 147105,"Index Cond": "(l_orderkey = orders.o_orderkey)","Rows Removed by Index Recheck": 0,"Filter": "(l_shipdate > '1995-03-30'::date)","Rows Removed by Filter": 4,"Workers": []}]}]}]}]},"Planning Time": 6.634,"Triggers": [],"Execution Time": 568.444}]
[{"Plan": {"Node Type": "Sort","Parallel Aware": false,"Async Capable": false,"Startup Cost": 179016.70,"Total Cost": 179804.56,"Plan Rows": 315146,"Plan Width": 44,"Actual Startup Time": 537.094,"Actual Total Time": 547.880,"Actual Rows": 11418,"Actual Loops": 1,"Sort Key": ["(sum((lineitem.l_extendedprice * ('1'::numeric - lineitem.l_discount)))) DESC", "orders.o_orderdate"],"Sort Method": "quicksort","Sort Space Used": 1098,"Sort Space Type": "Memory","Plans": [{"Node Type": "Aggregate","Strategy": "Hashed","Partial Mode": "Simple","Parent Relationship": "Outer","Parallel Aware": false,"Async Capable": false,"Startup Cost": 146295.62,"Total Cost": 150234.95,"Plan Rows": 315146,"Plan Width": 44,"Actual Startup Time": 514.632,"Actual Total Time": 539.121,"Actual Rows": 11418,"Actual Loops": 1,"Group Key": ["lineitem.l_orderkey", "orders.o_orderdate", "orders.o_shippriority"],"Planned Partitions": 0,"HashAgg Batches": 1,"Peak Memory Usage": 20497,"Disk Usage": 0,"Plans": [{"Node Type": "Gather","Parent Relationship": "Outer","Parallel Aware": false,"Async Capable": false,"Startup Cost": 5522.96,"Total Cost": 141568.43,"Plan Rows": 315146,"Plan Width": 24,"Actual Startup Time": 33.624,"Actual Total Time": 490.265,"Actual Rows": 30238,"Actual Loops": 1,"Workers Planned": 3,"Workers Launched": 3,"Single Copy": false,"Plans": [{"Node Type": "Nested Loop","Parent Relationship": "Outer","Parallel Aware": false,"Async Capable": false,"Join Type": "Inner","Startup Cost": 4522.96,"Total Cost": 109053.83,"Plan Rows": 101660,"Plan Width": 24,"Actual Startup Time": 26.604,"Actual Total Time": 497.185,"Actual Rows": 7560,"Actual Loops": 4,"Inner Unique": false,"Workers": [],"Plans": [{"Node Type": "Hash Join","Parent Relationship": "Outer","Parallel Aware": true,"Async Capable": false,"Join Type": "Inner","Startup Cost": 4522.52,"Total Cost": 37278.84,"Plan Rows": 46705,"Plan Width": 12,"Actual Startup Time": 26.480,"Actual Total Time": 219.665,"Actual Rows": 35998,"Actual Loops": 4,"Inner Unique": true,"Hash Cond": "(orders.o_custkey = customer.c_custkey)","Workers": [],"Plans": [{"Node Type": "Seq Scan","Parent Relationship": "Outer","Parallel Aware": true,"Async Capable": false,"Relation Name": "orders","Alias": "orders","Startup Cost": 0.00,"Total Cost": 32143.39,"Plan Rows": 233486,"Plan Width": 16,"Actual Startup Time": 0.013,"Actual Total Time": 141.016,"Actual Rows": 180414,"Actual Loops": 4,"Filter": "(o_orderdate < '1995-03-06'::date)","Rows Removed by Filter": 194586,"Workers": []},{"Node Type": "Hash","Parent Relationship": "Inner","Parallel Aware": true,"Async Capable": false,"Startup Cost": 4366.25,"Total Cost": 4366.25,"Plan Rows": 12502,"Plan Width": 4,"Actual Startup Time": 25.976,"Actual Total Time": 25.981,"Actual Rows": 7547,"Actual Loops": 4,"Hash Buckets": 32768,"Original Hash Buckets": 32768,"Hash Batches": 1,"Original Hash Batches": 1,"Peak Memory Usage": 1504,"Workers": [],"Plans": [{"Node Type": "Seq Scan","Parent Relationship": "Outer","Parallel Aware": true,"Async Capable": false,"Relation Name": "customer","Alias": "customer","Startup Cost": 0.00,"Total Cost": 4366.25,"Plan Rows": 12502,"Plan Width": 4,"Actual Startup Time": 0.055,"Actual Total Time": 22.063,"Actual Rows": 7547,"Actual Loops": 4,"Filter": "(c_mktsegment = 'HOUSEHOLD'::bpchar)","Rows Removed by Filter": 29953,"Workers": []}]}]},{"Node Type": "Index Scan","Parent Relationship": "Inner","Parallel Aware": false,"Async Capable": false,"Scan Direction": "Forward","Index Name": "idx_lineitem_orderkey","Relation Name": "lineitem","Alias": "lineitem","Startup Cost": 0.43,"Total Cost": 1.45,"Plan Rows": 9,"Plan Width": 16,"Actual Startup Time": 0.007,"Actual Total Time": 0.007,"Actual Rows": 0,"Actual Loops": 143994,"Index Cond": "(l_orderkey = orders.o_orderkey)","Rows Removed by Index Recheck": 0,"Filter": "(l_shipdate > '1995-03-06'::date)","Rows Removed by Filter": 4,"Workers": []}]}]}]}]},"Planning Time": 6.123,"Triggers": [],"Execution Time": 560.026}]
[{"Plan": {"Node Type": "Sort","Parallel Aware": false,"Async Capable": false,"Startup Cost": 182924.83,"Total Cost": 183729.35,"Plan Rows": 321807,"Plan Width": 44,"Actual Startup Time": 514.771,"Actual Total Time": 525.262,"Actual Rows": 11450,"Actual Loops": 1,"Sort Key": ["(sum((lineitem.l_extendedprice * ('1'::numeric - lineitem.l_discount)))) DESC", "orders.o_orderdate"],"Sort Method": "quicksort","Sort Space Used": 1100,"Sort Space Type": "Memory","Plans": [{"Node Type": "Aggregate","Strategy": "Hashed","Partial Mode": "Simple","Parent Relationship": "Outer","Parallel Aware": false,"Async Capable": false,"Startup Cost": 149463.60,"Total Cost": 153486.19,"Plan Rows": 321807,"Plan Width": 44,"Actual Startup Time": 491.950,"Actual Total Time": 516.728,"Actual Rows": 11450,"Actual Loops": 1,"Group Key": ["lineitem.l_orderkey", "orders.o_orderdate", "orders.o_shippriority"],"Planned Partitions": 0,"HashAgg Batches": 1,"Peak Memory Usage": 20497,"Disk Usage": 0,"Plans": [{"Node Type": "Gather","Parent Relationship": "Outer","Parallel Aware": false,"Async Capable": false,"Startup Cost": 5526.18,"Total Cost": 144636.49,"Plan Rows": 321807,"Plan Width": 24,"Actual Startup Time": 29.549,"Actual Total Time": 470.093,"Actual Rows": 30475,"Actual Loops": 1,"Workers Planned": 3,"Workers Launched": 3,"Single Copy": false,"Plans": [{"Node Type": "Nested Loop","Parent Relationship": "Outer","Parallel Aware": false,"Async Capable": false,"Join Type": "Inner","Startup Cost": 4526.18,"Total Cost": 111455.79,"Plan Rows": 103809,"Plan Width": 24,"Actual Startup Time": 22.741,"Actual Total Time": 475.356,"Actual Rows": 7619,"Actual Loops": 4,"Inner Unique": false,"Workers": [],"Plans": [{"Node Type": "Hash Join","Parent Relationship": "Outer","Parallel Aware": true,"Async Capable": false,"Join Type": "Inner","Startup Cost": 4525.75,"Total Cost": 37295.51,"Plan Rows": 48716,"Plan Width": 12,"Actual Startup Time": 22.529,"Actual Total Time": 203.769,"Actual Rows": 36758,"Actual Loops": 4,"Inner Unique": true,"Hash Cond": "(orders.o_custkey = customer.c_custkey)","Workers": [],"Plans": [{"Node Type": "Seq Scan","Parent Relationship": "Outer","Parallel Aware": true,"Async Capable": false,"Relation Name": "orders","Alias": "orders","Startup Cost": 0.00,"Total Cost": 32143.39,"Plan Rows": 238609,"Plan Width": 16,"Actual Startup Time": 0.011,"Actual Total Time": 134.727,"Actual Rows": 184142,"Actual Loops": 4,"Filter": "(o_orderdate < '1995-03-30'::date)","Rows Removed by Filter": 190858,"Workers": []},{"Node Type": "Hash","Parent Relationship": "Inner","Parallel Aware": true,"Async Capable": false,"Startup Cost": 4366.25,"Total Cost": 4366.25,"Plan Rows": 12760,"Plan Width": 4,"Actual Startup Time": 22.063,"Actual Total Time": 22.069,"Actual Rows": 7492,"Actual Loops": 4,"Hash Buckets": 32768,"Original Hash Buckets": 32768,"Hash Batches": 1,"Original Hash Batches": 1,"Peak Memory Usage": 1504,"Workers": [],"Plans": [{"Node Type": "Seq Scan","Parent Relationship": "Outer","Parallel Aware": true,"Async Capable": false,"Relation Name": "customer","Alias": "customer","Startup Cost": 0.00,"Total Cost": 4366.25,"Plan Rows": 12760,"Plan Width": 4,"Actual Startup Time": 0.033,"Actual Total Time": 19.019,"Actual Rows": 7492,"Actual Loops": 4,"Filter": "(c_mktsegment = 'FURNITURE'::bpchar)","Rows Removed by Filter": 30008,"Workers": []}]}]},{"Node Type": "Index Scan","Parent Relationship": "Inner","Parallel Aware": false,"Async Capable": false,"Scan Direction": "Forward","Index Name": "idx_lineitem_orderkey","Relation Name": "lineitem","Alias": "lineitem","Startup Cost": 0.43,"Total Cost": 1.43,"Plan Rows": 9,"Plan Width": 16,"Actual Startup Time": 0.007,"Actual Total Time": 0.007,"Actual Rows": 0,"Actual Loops": 147034,"Index Cond": "(l_orderkey = orders.o_orderkey)","Rows Removed by Index Recheck": 0,"Filter": "(l_shipdate > '1995-03-30'::date)","Rows Removed by Filter": 4,"Workers": []}]}]}]}]},"Planning Time": 4.736,"Triggers": [],"Execution Time": 538.193}]
[{"Plan": {"Node Type": "Sort","Parallel Aware": false,"Async Capable": false,"Startup Cost": 177299.51,"Total Cost": 178077.92,"Plan Rows": 311364,"Plan Width": 44,"Actual Startup Time": 534.934,"Actual Total Time": 543.464,"Actual Rows": 11453,"Actual Loops": 1,"Sort Key": ["(sum((lineitem.l_extendedprice * ('1'::numeric - lineitem.l_discount)))) DESC", "orders.o_orderdate"],"Sort Method": "quicksort","Sort Space Used": 1100,"Sort Space Type": "Memory","Plans": [{"Node Type": "Aggregate","Strategy": "Hashed","Partial Mode": "Simple","Parent Relationship": "Outer","Parallel Aware": false,"Async Capable": false,"Startup Cost": 144998.23,"Total Cost": 148890.28,"Plan Rows": 311364,"Plan Width": 44,"Actual Startup Time": 511.254,"Actual Total Time": 534.782,"Actual Rows": 11453,"Actual Loops": 1,"Group Key": ["lineitem.l_orderkey", "orders.o_orderdate", "orders.o_shippriority"],"Planned Partitions": 0,"HashAgg Batches": 1,"Peak Memory Usage": 20497,"Disk Usage": 0,"Plans": [{"Node Type": "Gather","Parent Relationship": "Outer","Parallel Aware": false,"Async Capable": false,"Startup Cost": 5521.08,"Total Cost": 140327.77,"Plan Rows": 311364,"Plan Width": 24,"Actual Startup Time": 32.512,"Actual Total Time": 487.416,"Actual Rows": 30263,"Actual Loops": 1,"Workers Planned": 3,"Workers Launched": 3,"Single Copy": false,"Plans": [{"Node Type": "Nested Loop","Parent Relationship": "Outer","Parallel Aware": false,"Async Capable": false,"Join Type": "Inner","Startup Cost": 4521.08,"Total Cost": 108191.37,"Plan Rows": 100440,"Plan Width": 24,"Actual Startup Time": 25.798,"Actual Total Time": 494.528,"Actual Rows": 7566,"Actual Loops": 4,"Inner Unique": false,"Workers": [],"Plans": [{"Node Type": "Hash Join","Parent Relationship": "Outer","Parallel Aware": true,"Async Capable": false,"Join Type": "Inner","Startup Cost": 4520.65,"Total Cost": 37276.96,"Plan Rows": 46145,"Plan Width": 12,"Actual Startup Time": 25.389,"Actual Total Time": 216.079,"Actual Rows": 35882,"Actual Loops": 4,"Inner Unique": true,"Hash Cond": "(orders.o_custkey = customer.c_custkey)","Workers": [],"Plans": [{"Node Type": "Seq Scan","Parent Relationship": "Outer","Parallel Aware": true,"Async Capable": false,"Relation Name": "orders","Alias": "orders","Startup Cost": 0.00,"Total Cost": 32143.39,"Plan Rows": 233486,"Plan Width": 16,"Actual Startup Time": 0.012,"Actual Total Time": 140.973,"Actual Rows": 180414,"Actual Loops": 4,"Filter": "(o_orderdate < '1995-03-06'::date)","Rows Removed by Filter": 194586,"Workers": []},{"Node Type": "Hash","Parent Relationship": "Inner","Parallel Aware": true,"Async Capable": false,"Startup Cost": 4366.25,"Total Cost": 4366.25,"Plan Rows": 12352,"Plan Width": 4,"Actual Startup Time": 24.995,"Actual Total Time": 25.001,"Actual Rows": 7438,"Actual Loops": 4,"Hash Buckets": 32768,"Original Hash Buckets": 32768,"Hash Batches": 1,"Original Hash Batches": 1,"Peak Memory Usage": 1504,"Workers": [],"Plans": [{"Node Type": "Seq Scan","Parent Relationship": "Outer","Parallel Aware": true,"Async Capable": false,"Relation Name": "customer","Alias": "customer","Startup Cost": 0.00,"Total Cost": 4366.25,"Plan Rows": 12352,"Plan Width": 4,"Actual Startup Time": 0.041,"Actual Total Time": 21.665,"Actual Rows": 7438,"Actual Loops": 4,"Filter": "(c_mktsegment = 'AUTOMOBILE'::bpchar)","Rows Removed by Filter": 30062,"Workers": []}]}]},{"Node Type": "Index Scan","Parent Relationship": "Inner","Parallel Aware": false,"Async Capable": false,"Scan Direction": "Forward","Index Name": "idx_lineitem_orderkey","Relation Name": "lineitem","Alias": "lineitem","Startup Cost": 0.43,"Total Cost": 1.45,"Plan Rows": 9,"Plan Width": 16,"Actual Startup Time": 0.007,"Actual Total Time": 0.008,"Actual Rows": 0,"Actual Loops": 143530,"Index Cond": "(l_orderkey = orders.o_orderkey)","Rows Removed by Index Recheck": 0,"Filter": "(l_shipdate > '1995-03-06'::date)","Rows Removed by Filter": 4,"Workers": []}]}]}]}]},"Planning Time": 6.625,"Triggers": [],"Execution Time": 557.120}]
[{"Plan": {"Node Type": "Sort","Parallel Aware": false,"Async Capable": false,"Startup Cost": 178460.87,"Total Cost": 179242.17,"Plan Rows": 312520,"Plan Width": 44,"Actual Startup Time": 548.781,"Actual Total Time": 558.267,"Actual Rows": 11663,"Actual Loops": 1,"Sort Key": ["(sum((lineitem.l_extendedprice * ('1'::numeric - lineitem.l_discount)))) DESC", "orders.o_orderdate"],"Sort Method": "quicksort","Sort Space Used": 1113,"Sort Space Type": "Memory","Plans": [{"Node Type": "Aggregate","Strategy": "Hashed","Partial Mode": "Simple","Parent Relationship": "Outer","Parallel Aware": false,"Async Capable": false,"Startup Cost": 146031.32,"Total Cost": 149937.82,"Plan Rows": 312520,"Plan Width": 44,"Actual Startup Time": 525.637,"Actual Total Time": 549.511,"Actual Rows": 11663,"Actual Loops": 1,"Group Key": ["lineitem.l_orderkey", "orders.o_orderdate", "orders.o_shippriority"],"Planned Partitions": 0,"HashAgg Batches": 1,"Peak Memory Usage": 20497,"Disk Usage": 0,"Plans": [{"Node Type": "Gather","Parent Relationship": "Outer","Parallel Aware": false,"Async Capable": false,"Startup Cost": 5521.58,"Total Cost": 141343.52,"Plan Rows": 312520,"Plan Width": 24,"Actual Startup Time": 32.530,"Actual Total Time": 502.083,"Actual Rows": 30536,"Actual Loops": 1,"Workers Planned": 3,"Workers Launched": 3,"Single Copy": false,"Plans": [{"Node Type": "Nested Loop","Parent Relationship": "Outer","Parallel Aware": false,"Async Capable": false,"Join Type": "Inner","Startup Cost": 4521.58,"Total Cost": 109091.52,"Plan Rows": 100813,"Plan Width": 24,"Actual Startup Time": 25.415,"Actual Total Time": 508.733,"Actual Rows": 7634,"Actual Loops": 4,"Inner Unique": false,"Workers": [],"Plans": [{"Node Type": "Hash Join","Parent Relationship": "Outer","Parallel Aware": true,"Async Capable": false,"Join Type": "Inner","Startup Cost": 4521.15,"Total Cost": 37287.64,"Plan Rows": 47061,"Plan Width": 12,"Actual Startup Time": 25.268,"Actual Total Time": 221.085,"Actual Rows": 37069,"Actual Loops": 4,"Inner Unique": true,"Hash Cond": "(orders.o_custkey = customer.c_custkey)","Workers": [],"Plans": [{"Node Type": "Seq Scan","Parent Relationship": "Outer","Parallel Aware": true,"Async Capable": false,"Relation Name": "orders","Alias": "orders","Startup Cost": 0.00,"Total Cost": 32143.39,"Plan Rows": 237363,"Plan Width": 16,"Actual Startup Time": 0.020,"Actual Total Time": 144.354,"Actual Rows": 183220,"Actual Loops": 4,"Filter": "(o_orderdate < '1995-03-24'::date)","Rows Removed by Filter": 191780,"Workers": []},{"Node Type": "Hash","Parent Relationship": "Inner","Parallel Aware": true,"Async Capable": false,"Startup Cost": 4366.25,"Total Cost": 4366.25,"Plan Rows": 12392,"Plan Width": 4,"Actual Startup Time": 24.766,"Actual Total Time": 24.772,"Actual Rows": 7536,"Actual Loops": 4,"Hash Buckets": 32768,"Original Hash Buckets": 32768,"Hash Batches": 1,"Original Hash Batches": 1,"Peak Memory Usage": 1504,"Workers": [],"Plans": [{"Node Type": "Seq Scan","Parent Relationship": "Outer","Parallel Aware": true,"Async Capable": false,"Relation Name": "customer","Alias": "customer","Startup Cost": 0.00,"Total Cost": 4366.25,"Plan Rows": 12392,"Plan Width": 4,"Actual Startup Time": 0.040,"Actual Total Time": 21.248,"Actual Rows": 7536,"Actual Loops": 4,"Filter": "(c_mktsegment = 'BUILDING'::bpchar)","Rows Removed by Filter": 29964,"Workers": []}]}]},{"Node Type": "Index Scan","Parent Relationship": "Inner","Parallel Aware": false,"Async Capable": false,"Scan Direction": "Forward","Index Name": "idx_lineitem_orderkey","Relation Name": "lineitem","Alias": "lineitem","Startup Cost": 0.43,"Total Cost": 1.44,"Plan Rows": 9,"Plan Width": 16,"Actual Startup Time": 0.007,"Actual Total Time": 0.008,"Actual Rows": 0,"Actual Loops": 148275,"Index Cond": "(l_orderkey = orders.o_orderkey)","Rows Removed by Index Recheck": 0,"Filter": "(l_shipdate > '1995-03-24'::date)","Rows Removed by Filter": 4,"Workers": []}]}]}]}]},"Planning Time": 5.284,"Triggers": [],"Execution Time": 572.726}]
[{"Plan": {"Node Type": "Sort","Parallel Aware": false,"Async Capable": false,"Startup Cost": 182741.96,"Total Cost": 183546.51,"Plan Rows": 321819,"Plan Width": 44,"Actual Startup Time": 547.341,"Actual Total Time": 556.587,"Actual Rows": 11452,"Actual Loops": 1,"Sort Key": ["(sum((lineitem.l_extendedprice * ('1'::numeric - lineitem.l_discount)))) DESC", "orders.o_orderdate"],"Sort Method": "quicksort","Sort Space Used": 1100,"Sort Space Type": "Memory","Plans": [{"Node Type": "Aggregate","Strategy": "Hashed","Partial Mode": "Simple","Parent Relationship": "Outer","Parallel Aware": false,"Async Capable": false,"Startup Cost": 149279.40,"Total Cost": 153302.13,"Plan Rows": 321819,"Plan Width": 44,"Actual Startup Time": 524.451,"Actual Total Time": 548.450,"Actual Rows": 11452,"Actual Loops": 1,"Group Key": ["lineitem.l_orderkey", "orders.o_orderdate", "orders.o_shippriority"],"Planned Partitions": 0,"HashAgg Batches": 1,"Peak Memory Usage": 20497,"Disk Usage": 0,"Plans": [{"Node Type": "Gather","Parent Relationship": "Outer","Parallel Aware": false,"Async Capable": false,"Startup Cost": 5526.18,"Total Cost": 144452.11,"Plan Rows": 321819,"Plan Width": 24,"Actual Startup Time": 33.906,"Actual Total Time": 500.858,"Actual Rows": 30407,"Actual Loops": 1,"Workers Planned": 3,"Workers Launched": 3,"Single Copy": false,"Plans": [{"Node Type": "Nested Loop","Parent Relationship": "Outer","Parallel Aware": false,"Async Capable": false,"Join Type": "Inner","Startup Cost": 4526.18,"Total Cost": 111270.21,"Plan Rows": 103813,"Plan Width": 24,"Actual Startup Time": 26.867,"Actual Total Time": 507.277,"Actual Rows": 7602,"Actual Loops": 4,"Inner Unique": false,"Workers": [],"Plans": [{"Node Type": "Hash Join","Parent Relationship": "Outer","Parallel Aware": true,"Async Capable": false,"Join Type": "Inner","Startup Cost": 4525.75,"Total Cost": 37292.78,"Plan Rows": 48504,"Plan Width": 12,"Actual Startup Time": 26.648,"Actual Total Time": 219.043,"Actual Rows": 36598,"Actual Loops": 4,"Inner Unique": true,"Hash Cond": "(orders.o_custkey = customer.c_custkey)","Workers": [],"Plans": [{"Node Type": "Seq Scan","Parent Relationship": "Outer","Parallel Aware": true,"Async Capable": false,"Relation Name": "orders","Alias": "orders","Startup Cost": 0.00,"Total Cost": 32143.39,"Plan Rows": 237570,"Plan Width": 16,"Actual Startup Time": 0.011,"Actual Total Time": 145.795,"Actual Rows": 183364,"Actual Loops": 4,"Filter": "(o_orderdate < '1995-03-25'::date)","Rows Removed by Filter": 191636,"Workers": []},{"Node Type": "Hash","Parent Relationship": "Inner","Parallel Aware": true,"Async Capable": false,"Startup Cost": 4366.25,"Total Cost": 4366.25,"Plan Rows": 12760,"Plan Width": 4,"Actual Startup Time": 26.187,"Actual Total Time": 26.192,"Actual Rows": 7492,"Actual Loops": 4,"Hash Buckets": 32768,"Original Hash Buckets": 32768,"Hash Batches": 1,"Original Hash Batches": 1,"Peak Memory Usage": 1472,"Workers": [],"Plans": [{"Node Type": "Seq Scan","Parent Relationship": "Outer","Parallel Aware": true,"Async Capable": false,"Relation Name": "customer","Alias": "customer","Startup Cost": 0.00,"Total Cost": 4366.25,"Plan Rows": 12760,"Plan Width": 4,"Actual Startup Time": 0.028,"Actual Total Time": 22.996,"Actual Rows": 7492,"Actual Loops": 4,"Filter": "(c_mktsegment = 'FURNITURE'::bpchar)","Rows Removed by Filter": 30008,"Workers": []}]}]},{"Node Type": "Index Scan","Parent Relationship": "Inner","Parallel Aware": false,"Async Capable": false,"Scan Direction": "Forward","Index Name": "idx_lineitem_orderkey","Relation Name": "lineitem","Alias": "lineitem","Startup Cost": 0.43,"Total Cost": 1.44,"Plan Rows": 9,"Plan Width": 16,"Actual Startup Time": 0.007,"Actual Total Time": 0.008,"Actual Rows": 0,"Actual Loops": 146391,"Index Cond": "(l_orderkey = orders.o_orderkey)","Rows Removed by Index Recheck": 0,"Filter": "(l_shipdate > '1995-03-25'::date)","Rows Removed by Filter": 4,"Workers": []}]}]}]}]},"Planning Time": 6.705,"Triggers": [],"Execution Time": 569.249}]
[{"Plan": {"Node Type": "Sort","Parallel Aware": false,"Async Capable": false,"Startup Cost": 182667.65,"Total Cost": 183472.20,"Plan Rows": 321820,"Plan Width": 44,"Actual Startup Time": 543.744,"Actual Total Time": 552.991,"Actual Rows": 11462,"Actual Loops": 1,"Sort Key": ["(sum((lineitem.l_extendedprice * ('1'::numeric - lineitem.l_discount)))) DESC", "orders.o_orderdate"],"Sort Method": "quicksort","Sort Space Used": 1101,"Sort Space Type": "Memory","Plans": [{"Node Type": "Aggregate","Strategy": "Hashed","Partial Mode": "Simple","Parent Relationship": "Outer","Parallel Aware": false,"Async Capable": false,"Startup Cost": 149204.98,"Total Cost": 153227.73,"Plan Rows": 321820,"Plan Width": 44,"Actual Startup Time": 521.129,"Actual Total Time": 544.581,"Actual Rows": 11462,"Actual Loops": 1,"Group Key": ["lineitem.l_orderkey", "orders.o_orderdate", "orders.o_shippriority"],"Planned Partitions": 0,"HashAgg Batches": 1,"Peak Memory Usage": 20497,"Disk Usage": 0,"Plans": [{"Node Type": "Gather","Parent Relationship": "Outer","Parallel Aware": false,"Async Capable": false,"Startup Cost": 5526.18,"Total Cost": 144377.68,"Plan Rows": 321820,"Plan Width": 24,"Actual Startup Time": 32.860,"Actual Total Time": 495.078,"Actual Rows": 30397,"Actual Loops": 1,"Workers Planned": 3,"Workers Launched": 3,"Single Copy": false,"Plans": [{"Node Type": "Nested Loop","Parent Relationship": "Outer","Parallel Aware": false,"Async Capable": false,"Join Type": "Inner","Startup Cost": 4526.18,"Total Cost": 111195.68,"Plan Rows": 103813,"Plan Width": 24,"Actual Startup Time": 25.980,"Actual Total Time": 503.540,"Actual Rows": 7599,"Actual Loops": 4,"Inner Unique": false,"Workers": [],"Plans": [{"Node Type": "Hash Join","Parent Relationship": "Outer","Parallel Aware": true,"Async Capable": false,"Join Type": "Inner","Startup Cost": 4525.75,"Total Cost": 37291.69,"Plan Rows": 48419,"Plan Width": 12,"Actual Startup Time": 25.732,"Actual Total Time": 221.977,"Actual Rows": 36540,"Actual Loops": 4,"Inner Unique": true,"Hash Cond": "(orders.o_custkey = customer.c_custkey)","Workers": [],"Plans": [{"Node Type": "Seq Scan","Parent Relationship": "Outer","Parallel Aware": true,"Async Capable": false,"Relation Name": "orders","Alias": "orders","Startup Cost": 0.00,"Total Cost": 32143.39,"Plan Rows": 237155,"Plan Width": 16,"Actual Startup Time": 0.009,"Actual Total Time": 144.265,"Actual Rows": 183072,"Actual Loops": 4,"Filter": "(o_orderdate < '1995-03-23'::date)","Rows Removed by Filter": 191928,"Workers": []},{"Node Type": "Hash","Parent Relationship": "Inner","Parallel Aware": true,"Async Capable": false,"Startup Cost": 4366.25,"Total Cost": 4366.25,"Plan Rows": 12760,"Plan Width": 4,"Actual Startup Time": 25.309,"Actual Total Time": 25.314,"Actual Rows": 7492,"Actual Loops": 4,"Hash Buckets": 32768,"Original Hash Buckets": 32768,"Hash Batches": 1,"Original Hash Batches": 1,"Peak Memory Usage": 1504,"Workers": [],"Plans": [{"Node Type": "Seq Scan","Parent Relationship": "Outer","Parallel Aware": true,"Async Capable": false,"Relation Name": "customer","Alias": "customer","Startup Cost": 0.00,"Total Cost": 4366.25,"Plan Rows": 12760,"Plan Width": 4,"Actual Startup Time": 0.040,"Actual Total Time": 21.463,"Actual Rows": 7492,"Actual Loops": 4,"Filter": "(c_mktsegment = 'FURNITURE'::bpchar)","Rows Removed by Filter": 30008,"Workers": []}]}]},{"Node Type": "Index Scan","Parent Relationship": "Inner","Parallel Aware": false,"Async Capable": false,"Scan Direction": "Forward","Index Name": "idx_lineitem_orderkey","Relation Name": "lineitem","Alias": "lineitem","Startup Cost": 0.43,"Total Cost": 1.44,"Plan Rows": 9,"Plan Width": 16,"Actual Startup Time": 0.007,"Actual Total Time": 0.007,"Actual Rows": 0,"Actual Loops": 146161,"Index Cond": "(l_orderkey = orders.o_orderkey)","Rows Removed by Index Recheck": 0,"Filter": "(l_shipdate > '1995-03-23'::date)","Rows Removed by Filter": 4,"Workers": []}]}]}]}]},"Planning Time": 5.414,"Triggers": [],"Execution Time": 565.758}]
[{"Plan": {"Node Type": "Sort","Parallel Aware": false,"Async Capable": false,"Startup Cost": 178460.87,"Total Cost": 179242.17,"Plan Rows": 312520,"Plan Width": 44,"Actual Startup Time": 548.781,"Actual Total Time": 558.267,"Actual Rows": 11663,"Actual Loops": 1,"Sort Key": ["(sum((lineitem.l_extendedprice * ('1'::numeric - lineitem.l_discount)))) DESC", "orders.o_orderdate"],"Sort Method": "quicksort","Sort Space Used": 1113,"Sort Space Type": "Memory","Plans": [{"Node Type": "Aggregate","Strategy": "Hashed","Partial Mode": "Simple","Parent Relationship": "Outer","Parallel Aware": false,"Async Capable": false,"Startup Cost": 146031.32,"Total Cost": 149937.82,"Plan Rows": 312520,"Plan Width": 44,"Actual Startup Time": 525.637,"Actual Total Time": 549.511,"Actual Rows": 11663,"Actual Loops": 1,"Group Key": ["lineitem.l_orderkey", "orders.o_orderdate", "orders.o_shippriority"],"Planned Partitions": 0,"HashAgg Batches": 1,"Peak Memory Usage": 20497,"Disk Usage": 0,"Plans": [{"Node Type": "Gather","Parent Relationship": "Outer","Parallel Aware": false,"Async Capable": false,"Startup Cost": 5521.58,"Total Cost": 141343.52,"Plan Rows": 312520,"Plan Width": 24,"Actual Startup Time": 32.530,"Actual Total Time": 502.083,"Actual Rows": 30536,"Actual Loops": 1,"Workers Planned": 3,"Workers Launched": 3,"Single Copy": false,"Plans": [{"Node Type": "Nested Loop","Parent Relationship": "Outer","Parallel Aware": false,"Async Capable": false,"Join Type": "Inner","Startup Cost": 4521.58,"Total Cost": 109091.52,"Plan Rows": 100813,"Plan Width": 24,"Actual Startup Time": 25.415,"Actual Total Time": 508.733,"Actual Rows": 7634,"Actual Loops": 4,"Inner Unique": false,"Workers": [],"Plans": [{"Node Type": "Hash Join","Parent Relationship": "Outer","Parallel Aware": true,"Async Capable": false,"Join Type": "Inner","Startup Cost": 4521.15,"Total Cost": 37287.64,"Plan Rows": 47061,"Plan Width": 12,"Actual Startup Time": 25.268,"Actual Total Time": 221.085,"Actual Rows": 37069,"Actual Loops": 4,"Inner Unique": true,"Hash Cond": "(orders.o_custkey = customer.c_custkey)","Workers": [],"Plans": [{"Node Type": "Seq Scan","Parent Relationship": "Outer","Parallel Aware": true,"Async Capable": false,"Relation Name": "orders","Alias": "orders","Startup Cost": 0.00,"Total Cost": 32143.39,"Plan Rows": 237363,"Plan Width": 16,"Actual Startup Time": 0.020,"Actual Total Time": 144.354,"Actual Rows": 183220,"Actual Loops": 4,"Filter": "(o_orderdate < '1995-03-24'::date)","Rows Removed by Filter": 191780,"Workers": []},{"Node Type": "Hash","Parent Relationship": "Inner","Parallel Aware": true,"Async Capable": false,"Startup Cost": 4366.25,"Total Cost": 4366.25,"Plan Rows": 12392,"Plan Width": 4,"Actual Startup Time": 24.766,"Actual Total Time": 24.772,"Actual Rows": 7536,"Actual Loops": 4,"Hash Buckets": 32768,"Original Hash Buckets": 32768,"Hash Batches": 1,"Original Hash Batches": 1,"Peak Memory Usage": 1504,"Workers": [],"Plans": [{"Node Type": "Seq Scan","Parent Relationship": "Outer","Parallel Aware": true,"Async Capable": false,"Relation Name": "customer","Alias": "customer","Startup Cost": 0.00,"Total Cost": 4366.25,"Plan Rows": 12392,"Plan Width": 4,"Actual Startup Time": 0.040,"Actual Total Time": 21.248,"Actual Rows": 7536,"Actual Loops": 4,"Filter": "(c_mktsegment = 'BUILDING'::bpchar)","Rows Removed by Filter": 29964,"Workers": []}]}]},{"Node Type": "Index Scan","Parent Relationship": "Inner","Parallel Aware": false,"Async Capable": false,"Scan Direction": "Forward","Index Name": "idx_lineitem_orderkey","Relation Name": "lineitem","Alias": "lineitem","Startup Cost": 0.43,"Total Cost": 1.44,"Plan Rows": 9,"Plan Width": 16,"Actual Startup Time": 0.007,"Actual Total Time": 0.008,"Actual Rows": 0,"Actual Loops": 148275,"Index Cond": "(l_orderkey = orders.o_orderkey)","Rows Removed by Index Recheck": 0,"Filter": "(l_shipdate > '1995-03-24'::date)","Rows Removed by Filter": 4,"Workers": []}]}]}]}]},"Planning Time": 5.284,"Triggers": [],"Execution Time": 572.726}]
[{"Plan": {"Node Type": "Sort","Parallel Aware": false,"Async Capable": false,"Startup Cost": 179499.68,"Total Cost": 180288.09,"Plan Rows": 315364,"Plan Width": 44,"Actual Startup Time": 543.202,"Actual Total Time": 553.432,"Actual Rows": 11404,"Actual Loops": 1,"Sort Key": ["(sum((lineitem.l_extendedprice * ('1'::numeric - lineitem.l_discount)))) DESC", "orders.o_orderdate"],"Sort Method": "quicksort","Sort Space Used": 1097,"Sort Space Type": "Memory","Plans": [{"Node Type": "Aggregate","Strategy": "Hashed","Partial Mode": "Simple","Parent Relationship": "Outer","Parallel Aware": false,"Async Capable": false,"Startup Cost": 146754.40,"Total Cost": 150696.45,"Plan Rows": 315364,"Plan Width": 44,"Actual Startup Time": 521.482,"Actual Total Time": 544.009,"Actual Rows": 11404,"Actual Loops": 1,"Group Key": ["lineitem.l_orderkey", "orders.o_orderdate", "orders.o_shippriority"],"Planned Partitions": 0,"HashAgg Batches": 1,"Peak Memory Usage": 20497,"Disk Usage": 0,"Plans": [{"Node Type": "Gather","Parent Relationship": "Outer","Parallel Aware": false,"Async Capable": false,"Startup Cost": 5522.96,"Total Cost": 142023.94,"Plan Rows": 315364,"Plan Width": 24,"Actual Startup Time": 33.324,"Actual Total Time": 496.583,"Actual Rows": 30279,"Actual Loops": 1,"Workers Planned": 3,"Workers Launched": 3,"Single Copy": false,"Plans": [{"Node Type": "Nested Loop","Parent Relationship": "Outer","Parallel Aware": false,"Async Capable": false,"Join Type": "Inner","Startup Cost": 4522.96,"Total Cost": 109487.54,"Plan Rows": 101730,"Plan Width": 24,"Actual Startup Time": 26.247,"Actual Total Time": 503.868,"Actual Rows": 7570,"Actual Loops": 4,"Inner Unique": false,"Workers": [],"Plans": [{"Node Type": "Hash Join","Parent Relationship": "Outer","Parallel Aware": true,"Async Capable": false,"Join Type": "Inner","Startup Cost": 4522.52,"Total Cost": 37285.33,"Plan Rows": 47200,"Plan Width": 12,"Actual Startup Time": 26.131,"Actual Total Time": 219.913,"Actual Rows": 36349,"Actual Loops": 4,"Inner Unique": true,"Hash Cond": "(orders.o_custkey = customer.c_custkey)","Workers": [],"Plans": [{"Node Type": "Seq Scan","Parent Relationship": "Outer","Parallel Aware": true,"Async Capable": false,"Relation Name": "orders","Alias": "orders","Startup Cost": 0.00,"Total Cost": 32143.39,"Plan Rows": 235959,"Plan Width": 16,"Actual Startup Time": 0.010,"Actual Total Time": 142.094,"Actual Rows": 182140,"Actual Loops": 4,"Filter": "(o_orderdate < '1995-03-17'::date)","Rows Removed by Filter": 192860,"Workers": []},{"Node Type": "Hash","Parent Relationship": "Inner","Parallel Aware": true,"Async Capable": false,"Startup Cost": 4366.25,"Total Cost": 4366.25,"Plan Rows": 12502,"Plan Width": 4,"Actual Startup Time": 25.650,"Actual Total Time": 25.656,"Actual Rows": 7547,"Actual Loops": 4,"Hash Buckets": 32768,"Original Hash Buckets": 32768,"Hash Batches": 1,"Original Hash Batches": 1,"Peak Memory Usage": 1472,"Workers": [],"Plans": [{"Node Type": "Seq Scan","Parent Relationship": "Outer","Parallel Aware": true,"Async Capable": false,"Relation Name": "customer","Alias": "customer","Startup Cost": 0.00,"Total Cost": 4366.25,"Plan Rows": 12502,"Plan Width": 4,"Actual Startup Time": 0.048,"Actual Total Time": 21.737,"Actual Rows": 7547,"Actual Loops": 4,"Filter": "(c_mktsegment = 'HOUSEHOLD'::bpchar)","Rows Removed by Filter": 29953,"Workers": []}]}]},{"Node Type": "Index Scan","Parent Relationship": "Inner","Parallel Aware": false,"Async Capable": false,"Scan Direction": "Forward","Index Name": "idx_lineitem_orderkey","Relation Name": "lineitem","Alias": "lineitem","Startup Cost": 0.43,"Total Cost": 1.44,"Plan Rows": 9,"Plan Width": 16,"Actual Startup Time": 0.007,"Actual Total Time": 0.008,"Actual Rows": 0,"Actual Loops": 145395,"Index Cond": "(l_orderkey = orders.o_orderkey)","Rows Removed by Index Recheck": 0,"Filter": "(l_shipdate > '1995-03-17'::date)","Rows Removed by Filter": 4,"Workers": []}]}]}]}]},"Planning Time": 5.416,"Triggers": [],"Execution Time": 566.004}]
[{"Plan": {"Node Type": "Sort","Parallel Aware": false,"Async Capable": false,"Startup Cost": 177859.55,"Total Cost": 178640.17,"Plan Rows": 312250,"Plan Width": 44,"Actual Startup Time": 542.170,"Actual Total Time": 552.079,"Actual Rows": 11613,"Actual Loops": 1,"Sort Key": ["(sum((lineitem.l_extendedprice * ('1'::numeric - lineitem.l_discount)))) DESC", "orders.o_orderdate"],"Sort Method": "quicksort","Sort Space Used": 1110,"Sort Space Type": "Memory","Plans": [{"Node Type": "Aggregate","Strategy": "Hashed","Partial Mode": "Simple","Parent Relationship": "Outer","Parallel Aware": false,"Async Capable": false,"Startup Cost": 145459.95,"Total Cost": 149363.08,"Plan Rows": 312250,"Plan Width": 44,"Actual Startup Time": 519.070,"Actual Total Time": 543.782,"Actual Rows": 11613,"Actual Loops": 1,"Group Key": ["lineitem.l_orderkey", "orders.o_orderdate", "orders.o_shippriority"],"Planned Partitions": 0,"HashAgg Batches": 1,"Peak Memory Usage": 20497,"Disk Usage": 0,"Plans": [{"Node Type": "Gather","Parent Relationship": "Outer","Parallel Aware": false,"Async Capable": false,"Startup Cost": 5521.58,"Total Cost": 140776.20,"Plan Rows": 312250,"Plan Width": 24,"Actual Startup Time": 32.015,"Actual Total Time": 496.814,"Actual Rows": 30486,"Actual Loops": 1,"Workers Planned": 3,"Workers Launched": 3,"Single Copy": false,"Plans": [{"Node Type": "Nested Loop","Parent Relationship": "Outer","Parallel Aware": false,"Async Capable": false,"Join Type": "Inner","Startup Cost": 4521.58,"Total Cost": 108551.20,"Plan Rows": 100726,"Plan Width": 24,"Actual Startup Time": 25.089,"Actual Total Time": 502.063,"Actual Rows": 7622,"Actual Loops": 4,"Inner Unique": false,"Workers": [],"Plans": [{"Node Type": "Hash Join","Parent Relationship": "Outer","Parallel Aware": true,"Async Capable": false,"Join Type": "Inner","Startup Cost": 4521.15,"Total Cost": 37279.47,"Plan Rows": 46444,"Plan Width": 12,"Actual Startup Time": 24.896,"Actual Total Time": 218.772,"Actual Rows": 36612,"Actual Loops": 4,"Inner Unique": true,"Hash Cond": "(orders.o_custkey = customer.c_custkey)","Workers": [],"Plans": [{"Node Type": "Seq Scan","Parent Relationship": "Outer","Parallel Aware": true,"Async Capable": false,"Relation Name": "orders","Alias": "orders","Startup Cost": 0.00,"Total Cost": 32143.39,"Plan Rows": 234250,"Plan Width": 16,"Actual Startup Time": 0.014,"Actual Total Time": 143.510,"Actual Rows": 181030,"Actual Loops": 4,"Filter": "(o_orderdate < '1995-03-10'::date)","Rows Removed by Filter": 193970,"Workers": []},{"Node Type": "Hash","Parent Relationship": "Inner","Parallel Aware": true,"Async Capable": false,"Startup Cost": 4366.25,"Total Cost": 4366.25,"Plan Rows": 12392,"Plan Width": 4,"Actual Startup Time": 24.497,"Actual Total Time": 24.502,"Actual Rows": 7536,"Actual Loops": 4,"Hash Buckets": 32768,"Original Hash Buckets": 32768,"Hash Batches": 1,"Original Hash Batches": 1,"Peak Memory Usage": 1504,"Workers": [],"Plans": [{"Node Type": "Seq Scan","Parent Relationship": "Outer","Parallel Aware": true,"Async Capable": false,"Relation Name": "customer","Alias": "customer","Startup Cost": 0.00,"Total Cost": 4366.25,"Plan Rows": 12392,"Plan Width": 4,"Actual Startup Time": 0.029,"Actual Total Time": 21.062,"Actual Rows": 7536,"Actual Loops": 4,"Filter": "(c_mktsegment = 'BUILDING'::bpchar)","Rows Removed by Filter": 29964,"Workers": []}]}]},{"Node Type": "Index Scan","Parent Relationship": "Inner","Parallel Aware": false,"Async Capable": false,"Scan Direction": "Forward","Index Name": "idx_lineitem_orderkey","Relation Name": "lineitem","Alias": "lineitem","Startup Cost": 0.43,"Total Cost": 1.44,"Plan Rows": 9,"Plan Width": 16,"Actual Startup Time": 0.007,"Actual Total Time": 0.007,"Actual Rows": 0,"Actual Loops": 146447,"Index Cond": "(l_orderkey = orders.o_orderkey)","Rows Removed by Index Recheck": 0,"Filter": "(l_shipdate > '1995-03-10'::date)","Rows Removed by Filter": 4,"Workers": []}]}]}]}]},"Planning Time": 6.411,"Triggers": [],"Execution Time": 565.055}]
[{"Plan": {"Node Type": "Sort","Parallel Aware": false,"Async Capable": false,"Startup Cost": 179886.06,"Total Cost": 180673.76,"Plan Rows": 315079,"Plan Width": 44,"Actual Startup Time": 531.697,"Actual Total Time": 540.119,"Actual Rows": 11272,"Actual Loops": 1,"Sort Key": ["(sum((lineitem.l_extendedprice * ('1'::numeric - lineitem.l_discount)))) DESC", "orders.o_orderdate"],"Sort Method": "quicksort","Sort Space Used": 1089,"Sort Space Type": "Memory","Plans": [{"Node Type": "Aggregate","Strategy": "Hashed","Partial Mode": "Simple","Parent Relationship": "Outer","Parallel Aware": false,"Async Capable": false,"Startup Cost": 147172.42,"Total Cost": 151110.91,"Plan Rows": 315079,"Plan Width": 44,"Actual Startup Time": 509.142,"Actual Total Time": 534.346,"Actual Rows": 11272,"Actual Loops": 1,"Group Key": ["lineitem.l_orderkey", "orders.o_orderdate", "orders.o_shippriority"],"Planned Partitions": 0,"HashAgg Batches": 1,"Peak Memory Usage": 20497,"Disk Usage": 0,"Plans": [{"Node Type": "Gather","Parent Relationship": "Outer","Parallel Aware": false,"Async Capable": false,"Startup Cost": 5522.86,"Total Cost": 142446.24,"Plan Rows": 315079,"Plan Width": 24,"Actual Startup Time": 31.197,"Actual Total Time": 488.366,"Actual Rows": 29866,"Actual Loops": 1,"Workers Planned": 3,"Workers Launched": 3,"Single Copy": false,"Plans": [{"Node Type": "Nested Loop","Parent Relationship": "Outer","Parallel Aware": false,"Async Capable": false,"Join Type": "Inner","Startup Cost": 4522.86,"Total Cost": 109938.34,"Plan Rows": 101638,"Plan Width": 24,"Actual Startup Time": 24.413,"Actual Total Time": 492.775,"Actual Rows": 7466,"Actual Loops": 4,"Inner Unique": false,"Workers": [],"Plans": [{"Node Type": "Hash Join","Parent Relationship": "Outer","Parallel Aware": true,"Async Capable": false,"Join Type": "Inner","Startup Cost": 4522.43,"Total Cost": 37292.73,"Plan Rows": 47739,"Plan Width": 12,"Actual Startup Time": 24.105,"Actual Total Time": 210.579,"Actual Rows": 36803,"Actual Loops": 4,"Inner Unique": true,"Hash Cond": "(orders.o_custkey = customer.c_custkey)","Workers": [],"Plans": [{"Node Type": "Seq Scan","Parent Relationship": "Outer","Parallel Aware": true,"Async Capable": false,"Relation Name": "orders","Alias": "orders","Startup Cost": 0.00,"Total Cost": 32143.39,"Plan Rows": 238816,"Plan Width": 16,"Actual Startup Time": 0.011,"Actual Total Time": 140.832,"Actual Rows": 184291,"Actual Loops": 4,"Filter": "(o_orderdate < '1995-03-31'::date)","Rows Removed by Filter": 190709,"Workers": []},{"Node Type": "Hash","Parent Relationship": "Inner","Parallel Aware": true,"Async Capable": false,"Startup Cost": 4366.25,"Total Cost": 4366.25,"Plan Rows": 12494,"Plan Width": 4,"Actual Startup Time": 23.642,"Actual Total Time": 23.646,"Actual Rows": 7487,"Actual Loops": 4,"Hash Buckets": 32768,"Original Hash Buckets": 32768,"Hash Batches": 1,"Original Hash Batches": 1,"Peak Memory Usage": 1504,"Workers": [],"Plans": [{"Node Type": "Seq Scan","Parent Relationship": "Outer","Parallel Aware": true,"Async Capable": false,"Relation Name": "customer","Alias": "customer","Startup Cost": 0.00,"Total Cost": 4366.25,"Plan Rows": 12494,"Plan Width": 4,"Actual Startup Time": 0.040,"Actual Total Time": 20.509,"Actual Rows": 7487,"Actual Loops": 4,"Filter": "(c_mktsegment = 'MACHINERY'::bpchar)","Rows Removed by Filter": 30013,"Workers": []}]}]},{"Node Type": "Index Scan","Parent Relationship": "Inner","Parallel Aware": false,"Async Capable": false,"Scan Direction": "Forward","Index Name": "idx_lineitem_orderkey","Relation Name": "lineitem","Alias": "lineitem","Startup Cost": 0.43,"Total Cost": 1.43,"Plan Rows": 9,"Plan Width": 16,"Actual Startup Time": 0.007,"Actual Total Time": 0.007,"Actual Rows": 0,"Actual Loops": 147213,"Index Cond": "(l_orderkey = orders.o_orderkey)","Rows Removed by Index Recheck": 0,"Filter": "(l_shipdate > '1995-03-31'::date)","Rows Removed by Filter": 4,"Workers": []}]}]}]}]},"Planning Time": 5.596,"Triggers": [],"Execution Time": 554.219}]
[{"Plan": {"Node Type": "Sort","Parallel Aware": false,"Async Capable": false,"Startup Cost": 177272.17,"Total Cost": 178050.64,"Plan Rows": 311391,"Plan Width": 44,"Actual Startup Time": 556.690,"Actual Total Time": 564.301,"Actual Rows": 11429,"Actual Loops": 1,"Sort Key": ["(sum((lineitem.l_extendedprice * ('1'::numeric - lineitem.l_discount)))) DESC", "orders.o_orderdate"],"Sort Method": "quicksort","Sort Space Used": 1099,"Sort Space Type": "Memory","Plans": [{"Node Type": "Aggregate","Strategy": "Hashed","Partial Mode": "Simple","Parent Relationship": "Outer","Parallel Aware": false,"Async Capable": false,"Startup Cost": 144967.89,"Total Cost": 148860.28,"Plan Rows": 311391,"Plan Width": 44,"Actual Startup Time": 533.603,"Actual Total Time": 558.375,"Actual Rows": 11429,"Actual Loops": 1,"Group Key": ["lineitem.l_orderkey", "orders.o_orderdate", "orders.o_shippriority"],"Planned Partitions": 0,"HashAgg Batches": 1,"Peak Memory Usage": 20497,"Disk Usage": 0,"Plans": [{"Node Type": "Gather","Parent Relationship": "Outer","Parallel Aware": false,"Async Capable": false,"Startup Cost": 5521.08,"Total Cost": 140297.03,"Plan Rows": 311391,"Plan Width": 24,"Actual Startup Time": 34.698,"Actual Total Time": 510.019,"Actual Rows": 30262,"Actual Loops": 1,"Workers Planned": 3,"Workers Launched": 3,"Single Copy": false,"Plans": [{"Node Type": "Nested Loop","Parent Relationship": "Outer","Parallel Aware": false,"Async Capable": false,"Join Type": "Inner","Startup Cost": 4521.08,"Total Cost": 108157.93,"Plan Rows": 100449,"Plan Width": 24,"Actual Startup Time": 27.002,"Actual Total Time": 516.195,"Actual Rows": 7566,"Actual Loops": 4,"Inner Unique": false,"Workers": [],"Plans": [{"Node Type": "Hash Join","Parent Relationship": "Outer","Parallel Aware": true,"Async Capable": false,"Join Type": "Inner","Startup Cost": 4520.65,"Total Cost": 37276.46,"Plan Rows": 46107,"Plan Width": 12,"Actual Startup Time": 26.521,"Actual Total Time": 228.102,"Actual Rows": 35849,"Actual Loops": 4,"Inner Unique": true,"Hash Cond": "(orders.o_custkey = customer.c_custkey)","Workers": [],"Plans": [{"Node Type": "Seq Scan","Parent Relationship": "Outer","Parallel Aware": true,"Async Capable": false,"Relation Name": "orders","Alias": "orders","Startup Cost": 0.00,"Total Cost": 32143.39,"Plan Rows": 233295,"Plan Width": 16,"Actual Startup Time": 0.014,"Actual Total Time": 150.873,"Actual Rows": 180256,"Actual Loops": 4,"Filter": "(o_orderdate < '1995-03-05'::date)","Rows Removed by Filter": 194744,"Workers": []},{"Node Type": "Hash","Parent Relationship": "Inner","Parallel Aware": true,"Async Capable": false,"Startup Cost": 4366.25,"Total Cost": 4366.25,"Plan Rows": 12352,"Plan Width": 4,"Actual Startup Time": 25.990,"Actual Total Time": 25.995,"Actual Rows": 7438,"Actual Loops": 4,"Hash Buckets": 32768,"Original Hash Buckets": 32768,"Hash Batches": 1,"Original Hash Batches": 1,"Peak Memory Usage": 1472,"Workers": [],"Plans": [{"Node Type": "Seq Scan","Parent Relationship": "Outer","Parallel Aware": true,"Async Capable": false,"Relation Name": "customer","Alias": "customer","Startup Cost": 0.00,"Total Cost": 4366.25,"Plan Rows": 12352,"Plan Width": 4,"Actual Startup Time": 0.030,"Actual Total Time": 22.595,"Actual Rows": 7438,"Actual Loops": 4,"Filter": "(c_mktsegment = 'AUTOMOBILE'::bpchar)","Rows Removed by Filter": 30062,"Workers": []}]}]},{"Node Type": "Index Scan","Parent Relationship": "Inner","Parallel Aware": false,"Async Capable": false,"Scan Direction": "Forward","Index Name": "idx_lineitem_orderkey","Relation Name": "lineitem","Alias": "lineitem","Startup Cost": 0.43,"Total Cost": 1.45,"Plan Rows": 9,"Plan Width": 16,"Actual Startup Time": 0.008,"Actual Total Time": 0.008,"Actual Rows": 0,"Actual Loops": 143397,"Index Cond": "(l_orderkey = orders.o_orderkey)","Rows Removed by Index Recheck": 0,"Filter": "(l_shipdate > '1995-03-05'::date)","Rows Removed by Filter": 4,"Workers": []}]}]}]}]},"Planning Time": 5.352,"Triggers": [],"Execution Time": 579.447}]
[{"Plan": {"Node Type": "Sort","Parallel Aware": false,"Async Capable": false,"Startup Cost": 177616.00,"Total Cost": 178397.24,"Plan Rows": 312494,"Plan Width": 44,"Actual Startup Time": 519.004,"Actual Total Time": 529.144,"Actual Rows": 11584,"Actual Loops": 1,"Sort Key": ["(sum((lineitem.l_extendedprice * ('1'::numeric - lineitem.l_discount)))) DESC", "orders.o_orderdate"],"Sort Method": "quicksort","Sort Space Used": 1109,"Sort Space Type": "Memory","Plans": [{"Node Type": "Aggregate","Strategy": "Hashed","Partial Mode": "Simple","Parent Relationship": "Outer","Parallel Aware": false,"Async Capable": false,"Startup Cost": 145189.33,"Total Cost": 149095.50,"Plan Rows": 312494,"Plan Width": 44,"Actual Startup Time": 496.437,"Actual Total Time": 520.561,"Actual Rows": 11584,"Actual Loops": 1,"Group Key": ["lineitem.l_orderkey", "orders.o_orderdate", "orders.o_shippriority"],"Planned Partitions": 0,"HashAgg Batches": 1,"Peak Memory Usage": 20497,"Disk Usage": 0,"Plans": [{"Node Type": "Gather","Parent Relationship": "Outer","Parallel Aware": false,"Async Capable": false,"Startup Cost": 5521.58,"Total Cost": 140501.92,"Plan Rows": 312494,"Plan Width": 24,"Actual Startup Time": 32.163,"Actual Total Time": 474.614,"Actual Rows": 30569,"Actual Loops": 1,"Workers Planned": 3,"Workers Launched": 3,"Single Copy": false,"Plans": [{"Node Type": "Nested Loop","Parent Relationship": "Outer","Parallel Aware": false,"Async Capable": false,"Join Type": "Inner","Startup Cost": 4521.58,"Total Cost": 108252.52,"Plan Rows": 100805,"Plan Width": 24,"Actual Startup Time": 25.024,"Actual Total Time": 479.782,"Actual Rows": 7642,"Actual Loops": 4,"Inner Unique": false,"Workers": [],"Plans": [{"Node Type": "Hash Join","Parent Relationship": "Outer","Parallel Aware": true,"Async Capable": false,"Join Type": "Inner","Startup Cost": 4521.15,"Total Cost": 37274.95,"Plan Rows": 46103,"Plan Width": 12,"Actual Startup Time": 24.835,"Actual Total Time": 204.196,"Actual Rows": 36327,"Actual Loops": 4,"Inner Unique": true,"Hash Cond": "(orders.o_custkey = customer.c_custkey)","Workers": [],"Plans": [{"Node Type": "Seq Scan","Parent Relationship": "Outer","Parallel Aware": true,"Async Capable": false,"Relation Name": "orders","Alias": "orders","Startup Cost": 0.00,"Total Cost": 32143.39,"Plan Rows": 232531,"Plan Width": 16,"Actual Startup Time": 0.011,"Actual Total Time": 134.185,"Actual Rows": 179631,"Actual Loops": 4,"Filter": "(o_orderdate < '1995-03-01'::date)","Rows Removed by Filter": 195369,"Workers": []},{"Node Type": "Hash","Parent Relationship": "Inner","Parallel Aware": true,"Async Capable": false,"Startup Cost": 4366.25,"Total Cost": 4366.25,"Plan Rows": 12392,"Plan Width": 4,"Actual Startup Time": 24.365,"Actual Total Time": 24.371,"Actual Rows": 7536,"Actual Loops": 4,"Hash Buckets": 32768,"Original Hash Buckets": 32768,"Hash Batches": 1,"Original Hash Batches": 1,"Peak Memory Usage": 1504,"Workers": [],"Plans": [{"Node Type": "Seq Scan","Parent Relationship": "Outer","Parallel Aware": true,"Async Capable": false,"Relation Name": "customer","Alias": "customer","Startup Cost": 0.00,"Total Cost": 4366.25,"Plan Rows": 12392,"Plan Width": 4,"Actual Startup Time": 0.038,"Actual Total Time": 21.081,"Actual Rows": 7536,"Actual Loops": 4,"Filter": "(c_mktsegment = 'BUILDING'::bpchar)","Rows Removed by Filter": 29964,"Workers": []}]}]},{"Node Type": "Index Scan","Parent Relationship": "Inner","Parallel Aware": false,"Async Capable": false,"Scan Direction": "Forward","Index Name": "idx_lineitem_orderkey","Relation Name": "lineitem","Alias": "lineitem","Startup Cost": 0.43,"Total Cost": 1.45,"Plan Rows": 9,"Plan Width": 16,"Actual Startup Time": 0.007,"Actual Total Time": 0.007,"Actual Rows": 0,"Actual Loops": 145308,"Index Cond": "(l_orderkey = orders.o_orderkey)","Rows Removed by Index Recheck": 0,"Filter": "(l_shipdate > '1995-03-01'::date)","Rows Removed by Filter": 4,"Workers": []}]}]}]}]},"Planning Time": 5.947,"Triggers": [],"Execution Time": 544.830}]
[{"Plan": {"Node Type": "Sort","Parallel Aware": false,"Async Capable": false,"Startup Cost": 177833.10,"Total Cost": 178611.95,"Plan Rows": 311540,"Plan Width": 44,"Actual Startup Time": 533.548,"Actual Total Time": 542.995,"Actual Rows": 11519,"Actual Loops": 1,"Sort Key": ["(sum((lineitem.l_extendedprice * ('1'::numeric - lineitem.l_discount)))) DESC", "orders.o_orderdate"],"Sort Method": "quicksort","Sort Space Used": 1104,"Sort Space Type": "Memory","Plans": [{"Node Type": "Aggregate","Strategy": "Hashed","Partial Mode": "Simple","Parent Relationship": "Outer","Parallel Aware": false,"Async Capable": false,"Startup Cost": 145512.29,"Total Cost": 149406.54,"Plan Rows": 311540,"Plan Width": 44,"Actual Startup Time": 509.902,"Actual Total Time": 534.782,"Actual Rows": 11519,"Actual Loops": 1,"Group Key": ["lineitem.l_orderkey", "orders.o_orderdate", "orders.o_shippriority"],"Planned Partitions": 0,"HashAgg Batches": 1,"Peak Memory Usage": 20497,"Disk Usage": 0,"Plans": [{"Node Type": "Gather","Parent Relationship": "Outer","Parallel Aware": false,"Async Capable": false,"Startup Cost": 5521.08,"Total Cost": 140839.19,"Plan Rows": 311540,"Plan Width": 24,"Actual Startup Time": 32.989,"Actual Total Time": 484.347,"Actual Rows": 30353,"Actual Loops": 1,"Workers Planned": 3,"Workers Launched": 3,"Single Copy": false,"Plans": [{"Node Type": "Nested Loop","Parent Relationship": "Outer","Parallel Aware": false,"Async Capable": false,"Join Type": "Inner","Startup Cost": 4521.08,"Total Cost": 108685.19,"Plan Rows": 100497,"Plan Width": 24,"Actual Startup Time": 26.483,"Actual Total Time": 492.637,"Actual Rows": 7588,"Actual Loops": 4,"Inner Unique": false,"Workers": [],"Plans": [{"Node Type": "Hash Join","Parent Relationship": "Outer","Parallel Aware": true,"Async Capable": false,"Join Type": "Inner","Startup Cost": 4520.65,"Total Cost": 37284.45,"Plan Rows": 46709,"Plan Width": 12,"Actual Startup Time": 25.998,"Actual Total Time": 217.669,"Actual Rows": 36288,"Actual Loops": 4,"Inner Unique": true,"Hash Cond": "(orders.o_custkey = customer.c_custkey)","Workers": [],"Plans": [{"Node Type": "Seq Scan","Parent Relationship": "Outer","Parallel Aware": true,"Async Capable": false,"Relation Name": "orders","Alias": "orders","Startup Cost": 0.00,"Total Cost": 32143.39,"Plan Rows": 236341,"Plan Width": 16,"Actual Startup Time": 0.014,"Actual Total Time": 140.339,"Actual Rows": 182456,"Actual Loops": 4,"Filter": "(o_orderdate < '1995-03-19'::date)","Rows Removed by Filter": 192544,"Workers": []},{"Node Type": "Hash","Parent Relationship": "Inner","Parallel Aware": true,"Async Capable": false,"Startup Cost": 4366.25,"Total Cost": 4366.25,"Plan Rows": 12352,"Plan Width": 4,"Actual Startup Time": 25.517,"Actual Total Time": 25.522,"Actual Rows": 7438,"Actual Loops": 4,"Hash Buckets": 32768,"Original Hash Buckets": 32768,"Hash Batches": 1,"Original Hash Batches": 1,"Peak Memory Usage": 1504,"Workers": [],"Plans": [{"Node Type": "Seq Scan","Parent Relationship": "Outer","Parallel Aware": true,"Async Capable": false,"Relation Name": "customer","Alias": "customer","Startup Cost": 0.00,"Total Cost": 4366.25,"Plan Rows": 12352,"Plan Width": 4,"Actual Startup Time": 0.034,"Actual Total Time": 21.816,"Actual Rows": 7438,"Actual Loops": 4,"Filter": "(c_mktsegment = 'AUTOMOBILE'::bpchar)","Rows Removed by Filter": 30062,"Workers": []}]}]},{"Node Type": "Index Scan","Parent Relationship": "Inner","Parallel Aware": false,"Async Capable": false,"Scan Direction": "Forward","Index Name": "idx_lineitem_orderkey","Relation Name": "lineitem","Alias": "lineitem","Startup Cost": 0.43,"Total Cost": 1.44,"Plan Rows": 9,"Plan Width": 16,"Actual Startup Time": 0.007,"Actual Total Time": 0.007,"Actual Rows": 0,"Actual Loops": 145150,"Index Cond": "(l_orderkey = orders.o_orderkey)","Rows Removed by Index Recheck": 0,"Filter": "(l_shipdate > '1995-03-19'::date)","Rows Removed by Filter": 4,"Workers": []}]}]}]}]},"Planning Time": 5.975,"Triggers": [],"Execution Time": 555.192}]
